<?xml version="1.0" encoding="UTF-8" ?>
<testsuite errors="0" failures="0" name="com.topcoder.service.digitalrun.contest.UnitTests" tests="172" time="8.531">
  <properties>
    <property name="component.version.major" value="1"></property>
    <property name="file.encoding.pkg" value="sun.io"></property>
    <property name="java.home" value="C:\Program Files\Java\jdk1.5.0_14\jre"></property>
    <property name="dist_javadocs" value="build/dist/dr_contest_manager-1.0.0/docs/javadocs"></property>
    <property name="debug" value="off"></property>
    <property name="build_distdir" value="build/dist"></property>
    <property name="distfilename" value="dr_contest_manager"></property>
    <property name="cglib.jar" value="E:\jboss-4.2.2.GA/server/default/lib/cglib.jar"></property>
    <property name="component.version.micro" value="0"></property>
    <property name="component.dist.jar" value="build/dist/dr_contest_manager-1.0.0.jar"></property>
    <property name="java.endorsed.dirs" value="C:\Program Files\Java\jdk1.5.0_14\jre\lib\endorsed"></property>
    <property name="object_factory.jar" value="D:/TopCoder/lib/tcs/object_factory/2.1.0/object_factory.jar"></property>
    <property name="jboss_config_name" value="default"></property>
    <property name="sun.os.patch.level" value="Service Pack 2"></property>
    <property name="design_dist.jar" value="dr_contest_manager_1.0.0_design_dist.jar"></property>
    <property name="javadocsdir" value="docs/javadocs"></property>
    <property name="java.vendor.url" value="http://java.sun.com/"></property>
    <property name="java.version" value="1.5.0_14"></property>
    <property name="java.vendor.url.bug" value="http://java.sun.com/cgi-bin/bugreport.cgi"></property>
    <property name="cobertura.datafile" value="log/cobertura.ser"></property>
    <property name="user.name" value="liuliquan"></property>
    <property name="packagedir" value="com/topcoder/service/digitalrun/contest"></property>
    <property name="sun.io.unicode.encoding" value="UnicodeLittle"></property>
    <property name="component_version" value="1.0.0"></property>
    <property name="sun.jnu.encoding" value="GBK"></property>
    <property name="java.runtime.name" value="Java(TM) 2 Runtime Environment, Standard Edition"></property>
    <property name="target_libdir" value="D:/TopCoder/lib/tcs"></property>
    <property name="reports" value="log/reports"></property>
    <property name="component.jar" value="build/dist/lib/tcs/dr_contest_manager/1.0.0/dr_contest_manager.jar"></property>
    <property name="java.specification.name" value="Java Platform API Specification"></property>
    <property name="javamain" value="src/java/main"></property>
    <property name="user.timezone" value=""></property>
    <property name="component.version.build" value="1"></property>
    <property name="path.separator" value=";"></property>
    <property name="srcdir" value="src"></property>
    <property name="file.encoding" value="Cp1252"></property>
    <property name="commons-collections.jar" value="E:\jboss-4.2.2.GA/server/default/lib/commons-collections.jar"></property>
    <property name="ant.file" value="D:\TopCoder\dr_contest_manager_1.0.0_dev_dist\build.xml"></property>
    <property name="javasrc" value="src/java"></property>
    <property name="search_builder.jar" value="D:/TopCoder/lib/tcs/search_builder/1.3.2/search_builder.jar"></property>
    <property name="instrumented.dir" value="build/instrumented"></property>
    <property name="component.target" value="1.x"></property>
    <property name="component.tests.jar" value="build/dist/lib/tcs/dr_contest_manager_tests.jar"></property>
    <property name="java.io.tmpdir" value="C:\DOCUME~1\LIULIQ~1\LOCALS~1\Temp\"></property>
    <property name="user.language" value="en"></property>
    <property name="manifest_file_path" value="build/dist/dr_contest_manager-1.0.0/META-INF/"></property>
    <property name="line.separator" value="
"></property>
    <property name="component.name" value="DR Contest Manager"></property>
    <property name="verbose" value="no"></property>
    <property name="manifest_file" value="build/dist/dr_contest_manager-1.0.0/META-INF//MANIFEST.MF"></property>
    <property name="ant.file.TopCoder Java Generic Build" value="D:\TopCoder\dr_contest_manager_1.0.0_dev_dist\build.xml"></property>
    <property name="java.vm.info" value="mixed mode"></property>
    <property name="component_path" value="dr_contest_manager/1.0.0"></property>
    <property name="sun.desktop" value="windows"></property>
    <property name="java.vm.specification.name" value="Java Virtual Machine Specification"></property>
    <property name="jboss-ejb3x.jar" value="E:\jboss-4.2.2.GA/client/jboss-ejb3x.jar"></property>
    <property name="dist_coverage" value="build/dist/dr_contest_manager-1.0.0/docs/coverage"></property>
    <property name="cobertura.datafile.remote" value="E:\jboss-4.2.2.GA/bin/cobertura.ser"></property>
    <property name="builddir" value="build"></property>
    <property name="class_associations.jar" value="D:/TopCoder/lib/tcs/class_associations/1.0/class_associations.jar"></property>
    <property name="cobertura.dir" value="D:/TopCoder/lib/third_party/cobertura/1.8"></property>
    <property name="id_generator.jar" value="D:/TopCoder/lib/tcs/id_generator/3.0/id_generator.jar"></property>
    <property name="configuration_manager.jar" value="D:/TopCoder/lib/tcs/configuration_manager/2.1.5/configuration_manager.jar"></property>
    <property name="javac.encoding" value="UTF-8"></property>
    <property name="java.awt.printerjob" value="sun.awt.windows.WPrinterJob"></property>
    <property name="dist_lib" value="build/dist/lib/tcs"></property>
    <property name="jdbc.informix.jar" value="D:/TopCoder/lib/third_party/jdbc/informix/ifxjdbc.jar"></property>
    <property name="ejb3-persistence.jar" value="E:\jboss-4.2.2.GA/client/ejb3-persistence.jar"></property>
    <property name="junit.jar" value="D:/TopCoder/lib/third_party/junit/3.8.2/junit.jar"></property>
    <property name="configdir" value="conf"></property>
    <property name="ant.file.Override Macrodef Standard Behaviour Import" value="D:\TopCoder\dr_contest_manager_1.0.0_dev_dist\build-override.xml"></property>
    <property name="build_tcsdistdir" value="build/dist/dr_contest_manager-1.0.0"></property>
    <property name="ant.version" value="Apache Ant version 1.6.5 compiled on June 2 2005"></property>
    <property name="dist_docs" value="build/dist/dr_contest_manager-1.0.0/docs"></property>
    <property name="test_reflib" value="test_reflib"></property>
    <property name="testlogdir" value="log"></property>
    <property name="configuration_api.jar" value="D:/TopCoder/lib/tcs/configuration_api/1.0.0/configuration_api.jar"></property>
    <property name="os.name" value="Windows XP"></property>
    <property name="java.specification.vendor" value="Sun Microsystems Inc."></property>
    <property name="xercesImpl.jar" value="E:\jboss-4.2.2.GA/lib/endorsed/xercesImpl.jar"></property>
    <property name="java.vm.name" value="Java HotSpot(TM) Client VM"></property>
    <property name="java.library.path" value="C:\Program Files\Java\jdk1.5.0_14\jre\bin;.;C:\WINDOWS\system32;C:\WINDOWS;C:\oraclexe\app\oracle\product\10.2.0\server\bin;D:\apache-ant-1.6.5-bin\bin;C:\Program Files\Java\jdk1.5.0_14\bin;C:\Program Files\ThinkPad\Utilities;C:\WINDOWS\system32;C:\WINDOWS;C:\WINDOWS\System32\Wbem;C:\Program Files\Intel\Wireless\Bin\;C:\Program Files\ATI Technologies\ATI.ACE\;C:\Program Files\ThinkPad\ConnectUtilities;C:\Program Files\Common Files\Lenovo;C:\Program Files\Lenovo\Client Security Solution;C:\Program Files\Subversion\bin;D:\jwsdp-2.0\jwsdp-shared\bin;C:\Program Files\StormII\Codec;C:\Program Files\StormII"></property>
    <property name="docpackage.jar" value="dr_contest_manager_docs.jar"></property>
    <property name="ant.java.version" value="1.5"></property>
    <property name="basedir" value="D:\TopCoder\dr_contest_manager_1.0.0_dev_dist"></property>
    <property name="java.class.version" value="49.0"></property>
    <property name="antlr.jar" value="E:\jboss-4.2.2.GA/client/antlr.jar"></property>
    <property name="ant.home" value="D:\apache-ant-1.6.5-bin\bin\.."></property>
    <property name="hibernate3.jar" value="E:\jboss-4.2.2.GA/server/default/lib/hibernate3.jar"></property>
    <property name="net.sourceforge.cobertura.datafile" value="D:\TopCoder\dr_contest_manager_1.0.0_dev_dist\log\cobertura_local.ser"></property>
    <property name="object_factory_configuration_api_plugin.jar" value="D:/TopCoder/lib/tcs/object_factory_configuration_api_plugin/1.0.0/object_factory_configuration_api_plugin.jar"></property>
    <property name="jbossall-client.jar" value="E:\jboss-4.2.2.GA/client/jbossall-client.jar"></property>
    <property name="log4j.jar" value="E:\jboss-4.2.2.GA/server/default/lib/log4j.jar"></property>
    <property name="sun.boot.library.path" value="C:\Program Files\Java\jdk1.5.0_14\jre\bin"></property>
    <property name="ext_libdir" value="D:/TopCoder/lib/third_party"></property>
    <property name="jboss-jaxrpc.jar" value="E:\jboss-4.2.2.GA/client/jboss-jaxrpc.jar"></property>
    <property name="hibernate-annotations.jar" value="E:\jboss-4.2.2.GA/server/default/lib/hibernate-annotations.jar"></property>
    <property name="sun.management.compiler" value="HotSpot Client Compiler"></property>
    <property name="java.awt.graphicsenv" value="sun.awt.Win32GraphicsEnvironment"></property>
    <property name="user.variant" value=""></property>
    <property name="object_formatter.jar" value="D:/TopCoder/lib/tcs/object_formatter/1.0.0/object_formatter.jar"></property>
    <property name="cobertura.datafile.local" value="log/cobertura_local.ser"></property>
    <property name="build_targetclassdir" value="build/targetclasses"></property>
    <property name="docsdir" value="docs"></property>
    <property name="hibernate-entitymanager.jar" value="E:\jboss-4.2.2.GA/server/default/lib/hibernate-entitymanager.jar"></property>
    <property name="dev_dist.jar" value="dr_contest_manager_1.0.0_dev_dist.jar"></property>
    <property name="ant.project.name" value="TopCoder Java Generic Build"></property>
    <property name="component.version.minor" value="0"></property>
    <property name="java.vm.specification.version" value="1.0"></property>
    <property name="component.bootclasspath" value="${java_1_x_bootclasspath}"></property>
    <property name="awt.toolkit" value="sun.awt.windows.WToolkit"></property>
    <property name="sun.cpu.isalist" value="pentium_pro+mmx pentium_pro pentium+mmx pentium i486 i386 i86"></property>
    <property name="build_javadocsdir" value="build/docs/javadocs"></property>
    <property name="java.ext.dirs" value="C:\Program Files\Java\jdk1.5.0_14\jre\lib\ext"></property>
    <property name="os.version" value="5.1"></property>
    <property name="user.home" value="C:\Documents and Settings\liuliquan"></property>
    <property name="javadoc.jar" value="javadocs.jar"></property>
    <property name="libdir" value="../tcs/lib"></property>
    <property name="build_classdir" value="build/classes"></property>
    <property name="java.vm.vendor" value="Sun Microsystems Inc."></property>
    <property name="component.distfilename" value="dr_contest_manager"></property>
    <property name="component.package" value="com.topcoder.service.digitalrun.contest"></property>
    <property name="build_testclassdir" value="build/testClasses"></property>
    <property name="package" value="com.topcoder.service.digitalrun.contest"></property>
    <property name="typesafe_enum.jar" value="D:/TopCoder/lib/tcs/typesafe_enum/1.1.0/typesafe_enum.jar"></property>
    <property name="base_exception.jar" value="D:/TopCoder/lib/tcs/base_exception/2.0.0/base_exception.jar"></property>
    <property name="user.dir" value="D:\TopCoder\dr_contest_manager_1.0.0_dev_dist"></property>
    <property name="component.packagedir" value="com/topcoder/service/digitalrun/contest"></property>
    <property name="configuration_persistence.jar" value="D:/TopCoder/lib/tcs/configuration_persistence/1.0.1/configuration_persistence.jar"></property>
    <property name="data_validation.jar" value="D:/TopCoder/lib/tcs/data_validation/1.1.1/data_validation.jar"></property>
    <property name="sun.cpu.endian" value="little"></property>
    <property name="ant.file.Dependency Import" value="D:\TopCoder\dr_contest_manager_1.0.0_dev_dist\build-dependencies.xml"></property>
    <property name="dist_docpackage" value="build/doc_package"></property>
    <property name="java.vm.version" value="1.5.0_14-b03"></property>
    <property name="java.class.path" value="D:\TopCoder\dr_contest_manager_1.0.0_dev_dist\build\instrumented;D:\TopCoder\dr_contest_manager_1.0.0_dev_dist\build\testClasses;D:\TopCoder\lib\third_party\junit\3.8.2\junit.jar;D:\TopCoder\lib\third_party\easymock\2.3\easymock.jar;D:\TopCoder\lib\third_party\jdbc\informix\ifxjdbc.jar;D:\TopCoder\dr_contest_manager_1.0.0_dev_dist\test_files\SaveCoberturaData.jar;E:\jboss-4.2.2.GA\lib\endorsed\xercesImpl.jar;E:\jboss-4.2.2.GA\client\antlr.jar;E:\jboss-4.2.2.GA\client\jboss-jaxrpc.jar;E:\jboss-4.2.2.GA\server\default\lib\log4j.jar;E:\jboss-4.2.2.GA\server\default\lib\cglib.jar;E:\jboss-4.2.2.GA\server\default\lib\dom4j.jar;E:\jboss-4.2.2.GA\server\default\lib\commons-collections.jar;E:\jboss-4.2.2.GA\server\default\lib\hibernate3.jar;E:\jboss-4.2.2.GA\server\default\lib\hibernate-annotations.jar;E:\jboss-4.2.2.GA\server\default\lib\hibernate-entitymanager.jar;D:\TopCoder\dr_contest_manager_1.0.0_dev_dist\test_files\digital_run_entities.jar;D:\TopCoder\lib\tcs\base_exception\2.0.0\base_exception.jar;D:\TopCoder\lib\tcs\logging_wrapper\2.0.0\logging_wrapper.jar;D:\TopCoder\lib\tcs\object_formatter\1.0.0\object_formatter.jar;D:\TopCoder\lib\tcs\auditor\2.0.2\auditor.jar;D:\TopCoder\lib\tcs\search_builder\1.3.2\search_builder.jar;D:\TopCoder\lib\tcs\configuration_api\1.0.0\configuration_api.jar;D:\TopCoder\lib\tcs\configuration_persistence\1.0.1\configuration_persistence.jar;D:\TopCoder\lib\tcs\object_factory\2.1.0\object_factory.jar;D:\TopCoder\lib\tcs\object_factory_config_manager_plugin\1.0.0\object_factory_config_manager_plugin.jar;D:\TopCoder\lib\tcs\object_factory_configuration_api_plugin\1.0.0\object_factory_configuration_api_plugin.jar;D:\TopCoder\lib\tcs\typesafe_enum\1.1.0\typesafe_enum.jar;D:\TopCoder\lib\tcs\data_validation\1.1.1\data_validation.jar;D:\TopCoder\lib\tcs\class_associations\1.0\class_associations.jar;D:\TopCoder\lib\tcs\configuration_manager\2.1.5\configuration_manager.jar;D:\TopCoder\lib\tcs\id_generator\3.0\id_generator.jar;D:\TopCoder\lib\tcs\db_connection_factory\1.1\db_connection_factory.jar;E:\jboss-4.2.2.GA\client\jboss-ejb3x.jar;E:\jboss-4.2.2.GA\client\ejb3-persistence.jar;E:\jboss-4.2.2.GA\client\jbossall-client.jar;D:\TopCoder\dr_contest_manager_1.0.0_dev_dist\build\classes;D:\TopCoder\dr_contest_manager_1.0.0_dev_dist\conf;D:\TopCoder\dr_contest_manager_1.0.0_dev_dist\test_files;D:\TopCoder\lib\third_party\cobertura\1.8\cobertura.jar;D:\TopCoder\lib\third_party\cobertura\1.8\lib\asm-2.2.1.jar;D:\TopCoder\lib\third_party\cobertura\1.8\lib\jakarta-oro-2.0.8.jar;D:\TopCoder\lib\third_party\cobertura\1.8\lib\log4j-1.2.14.jar;D:\apache-ant-1.6.5-bin\lib\junit.jar;D:\apache-ant-1.6.5-bin\lib\ant-launcher.jar;D:\apache-ant-1.6.5-bin\lib\ant.jar;D:\apache-ant-1.6.5-bin\lib\ant-junit.jar"></property>
    <property name="dev_submission.jar" value="dr_contest_manager_1.0.0_dev_submission.jar"></property>
    <property name="ant.library.dir" value="D:\apache-ant-1.6.5-bin\lib"></property>
    <property name="os.arch" value="x86"></property>
    <property name="sun.java.launcher" value="SUN_STANDARD"></property>
    <property name="object_factory_config_manager_plugin.jar" value="D:/TopCoder/lib/tcs/object_factory_config_manager_plugin/1.0.0/object_factory_config_manager_plugin.jar"></property>
    <property name="easymock.jar" value="D:/TopCoder/lib/third_party/easymock/2.3/easymock.jar"></property>
    <property name="java.vm.specification.vendor" value="Sun Microsystems Inc."></property>
    <property name="file.separator" value="\"></property>
    <property name="java.runtime.version" value="1.5.0_14-b03"></property>
    <property name="sun.boot.class.path" value="C:\Program Files\Java\jdk1.5.0_14\jre\lib\rt.jar;C:\Program Files\Java\jdk1.5.0_14\jre\lib\i18n.jar;C:\Program Files\Java\jdk1.5.0_14\jre\lib\sunrsasign.jar;C:\Program Files\Java\jdk1.5.0_14\jre\lib\jsse.jar;C:\Program Files\Java\jdk1.5.0_14\jre\lib\jce.jar;C:\Program Files\Java\jdk1.5.0_14\jre\lib\charsets.jar;C:\Program Files\Java\jdk1.5.0_14\jre\classes"></property>
    <property name="build_docsdir" value="build/docs"></property>
    <property name="dom4j.jar" value="E:\jboss-4.2.2.GA/server/default/lib/dom4j.jar"></property>
    <property name="javadoc.locale" value="en_US"></property>
    <property name="design_submission.jar" value="dr_contest_manager_1.0.0_design_submission.jar"></property>
    <property name="user.country" value="US"></property>
    <property name="tcs_libdir" value="D:/TopCoder/lib/tcs"></property>
    <property name="component" value="DR Contest Manager"></property>
    <property name="logging_wrapper.jar" value="D:/TopCoder/lib/tcs/logging_wrapper/2.0.0/logging_wrapper.jar"></property>
    <property name="java.vendor" value="Sun Microsystems Inc."></property>
    <property name="auditor.jar" value="D:/TopCoder/lib/tcs/auditor/2.0.2/auditor.jar"></property>
    <property name="jboss_home" value="E:\jboss-4.2.2.GA"></property>
    <property name="db_connection_factory.jar" value="D:/TopCoder/lib/tcs/db_connection_factory/1.1/db_connection_factory.jar"></property>
    <property name="java.specification.version" value="1.5"></property>
    <property name="testfiles" value="test_files"></property>
    <property name="sun.arch.data.model" value="32"></property>
    <property name="javatests" value="src/java/tests"></property>
  </properties>
  <testcase classname="com.topcoder.service.digitalrun.contest.HelperUnitTests" name="testGetChild_NullConfigurationObject" time="0.031"></testcase>
  <testcase classname="com.topcoder.service.digitalrun.contest.HelperUnitTests" name="testGetChild_NullChildName" time="0.0"></testcase>
  <testcase classname="com.topcoder.service.digitalrun.contest.HelperUnitTests" name="testGetChild_EmptyChildName" time="0.0"></testcase>
  <testcase classname="com.topcoder.service.digitalrun.contest.HelperUnitTests" name="testGetChild_ChildNotExist" time="0.0"></testcase>
  <testcase classname="com.topcoder.service.digitalrun.contest.HelperUnitTests" name="testGetChild_Acc" time="0.0"></testcase>
  <testcase classname="com.topcoder.service.digitalrun.contest.HelperUnitTests" name="testGetConfigString_NullConfigurationObject" time="0.0"></testcase>
  <testcase classname="com.topcoder.service.digitalrun.contest.HelperUnitTests" name="testGetConfigString_NullPropertyName" time="0.0"></testcase>
  <testcase classname="com.topcoder.service.digitalrun.contest.HelperUnitTests" name="testGetConfigString_EmptyPropertyName" time="0.0"></testcase>
  <testcase classname="com.topcoder.service.digitalrun.contest.HelperUnitTests" name="testGetConfigString_ValueNotTypeOfString" time="0.0"></testcase>
  <testcase classname="com.topcoder.service.digitalrun.contest.HelperUnitTests" name="testGetConfigString_EmptyValue" time="0.0"></testcase>
  <testcase classname="com.topcoder.service.digitalrun.contest.HelperUnitTests" name="testGetConfigString_RequiredPropertyNotExist" time="0.0"></testcase>
  <testcase classname="com.topcoder.service.digitalrun.contest.HelperUnitTests" name="testGetConfigString_MultipleValues" time="0.0"></testcase>
  <testcase classname="com.topcoder.service.digitalrun.contest.HelperUnitTests" name="testGetConfigString_Acc_1" time="0.0"></testcase>
  <testcase classname="com.topcoder.service.digitalrun.contest.HelperUnitTests" name="testGetConfigString_Acc_2" time="0.0"></testcase>
  <testcase classname="com.topcoder.service.digitalrun.contest.HelperUnitTests" name="testLookupENC_NotString" time="0.015"></testcase>
  <testcase classname="com.topcoder.service.digitalrun.contest.HelperUnitTests" name="testLookupENC_EmptyValue" time="0.0"></testcase>
  <testcase classname="com.topcoder.service.digitalrun.contest.HelperUnitTests" name="testGetEntityManager_NotEntityManager" time="0.0"></testcase>
  <testcase classname="com.topcoder.service.digitalrun.contest.HelperUnitTests" name="testGetEntityManager_NullObjectBound" time="0.0"></testcase>
  <testcase classname="com.topcoder.service.digitalrun.contest.HelperUnitTests" name="testLogEnter_NullLogger" time="0.0"></testcase>
  <testcase classname="com.topcoder.service.digitalrun.contest.HelperUnitTests" name="testLogExit_NullLogger" time="0.0"></testcase>
  <testcase classname="com.topcoder.service.digitalrun.contest.HelperUnitTests" name="testLogException_NullLogger" time="0.0"></testcase>
  <testcase classname="com.topcoder.service.digitalrun.contest.ContestManagerConfigurationExceptionUnitTests" name="testInheritance" time="0.0"></testcase>
  <testcase classname="com.topcoder.service.digitalrun.contest.ContestManagerConfigurationExceptionUnitTests" name="testCtor1" time="0.0"></testcase>
  <testcase classname="com.topcoder.service.digitalrun.contest.ContestManagerConfigurationExceptionUnitTests" name="testCtor2" time="0.0"></testcase>
  <testcase classname="com.topcoder.service.digitalrun.contest.ContestManagerConfigurationExceptionUnitTests" name="testCtor3" time="0.0"></testcase>
  <testcase classname="com.topcoder.service.digitalrun.contest.ContestManagerConfigurationExceptionUnitTests" name="testCtor4" time="0.0"></testcase>
  <testcase classname="com.topcoder.service.digitalrun.contest.DigitalRunContestManagerExceptionUnitTests" name="testInheritance" time="0.0"></testcase>
  <testcase classname="com.topcoder.service.digitalrun.contest.DigitalRunContestManagerExceptionUnitTests" name="testCtor1" time="0.0"></testcase>
  <testcase classname="com.topcoder.service.digitalrun.contest.DigitalRunContestManagerExceptionUnitTests" name="testCtor2" time="0.0"></testcase>
  <testcase classname="com.topcoder.service.digitalrun.contest.DigitalRunContestManagerExceptionUnitTests" name="testCtor3" time="0.0"></testcase>
  <testcase classname="com.topcoder.service.digitalrun.contest.DigitalRunContestManagerExceptionUnitTests" name="testCtor4" time="0.0"></testcase>
  <testcase classname="com.topcoder.service.digitalrun.contest.PersistenceExceptionUnitTests" name="testInheritance" time="0.0"></testcase>
  <testcase classname="com.topcoder.service.digitalrun.contest.PersistenceExceptionUnitTests" name="testCtor1" time="0.0"></testcase>
  <testcase classname="com.topcoder.service.digitalrun.contest.PersistenceExceptionUnitTests" name="testCtor2" time="0.0"></testcase>
  <testcase classname="com.topcoder.service.digitalrun.contest.PersistenceExceptionUnitTests" name="testCtor3" time="0.0"></testcase>
  <testcase classname="com.topcoder.service.digitalrun.contest.PersistenceExceptionUnitTests" name="testCtor4" time="0.0"></testcase>
  <testcase classname="com.topcoder.service.digitalrun.contest.EntityExistsExceptionUnitTests" name="testInheritance" time="0.0"></testcase>
  <testcase classname="com.topcoder.service.digitalrun.contest.EntityExistsExceptionUnitTests" name="testCtor1" time="0.0"></testcase>
  <testcase classname="com.topcoder.service.digitalrun.contest.EntityExistsExceptionUnitTests" name="testCtor2" time="0.0"></testcase>
  <testcase classname="com.topcoder.service.digitalrun.contest.EntityExistsExceptionUnitTests" name="testCtor3" time="0.0"></testcase>
  <testcase classname="com.topcoder.service.digitalrun.contest.EntityExistsExceptionUnitTests" name="testCtor4" time="0.0"></testcase>
  <testcase classname="com.topcoder.service.digitalrun.contest.EntityNotFoundExceptionUnitTests" name="testInheritance" time="0.0"></testcase>
  <testcase classname="com.topcoder.service.digitalrun.contest.EntityNotFoundExceptionUnitTests" name="testCtor1" time="0.0"></testcase>
  <testcase classname="com.topcoder.service.digitalrun.contest.EntityNotFoundExceptionUnitTests" name="testCtor2" time="0.0"></testcase>
  <testcase classname="com.topcoder.service.digitalrun.contest.EntityNotFoundExceptionUnitTests" name="testCtor3" time="0.0"></testcase>
  <testcase classname="com.topcoder.service.digitalrun.contest.EntityNotFoundExceptionUnitTests" name="testCtor4" time="0.0"></testcase>
  <testcase classname="com.topcoder.service.digitalrun.contest.audit.interceptors.BaseAuditContestInterceptorUnitTests" name="testConstructor" time="0.0"></testcase>
  <testcase classname="com.topcoder.service.digitalrun.contest.audit.interceptors.BaseAuditContestInterceptorUnitTests" name="testInitialize_Acc" time="0.156"></testcase>
  <testcase classname="com.topcoder.service.digitalrun.contest.audit.interceptors.BaseAuditContestInterceptorUnitTests" name="testInitialize_NoSuchFile" time="0.0"></testcase>
  <testcase classname="com.topcoder.service.digitalrun.contest.audit.interceptors.BaseAuditContestInterceptorUnitTests" name="testInitialize_NoSuchNamespace" time="0.047"></testcase>
  <testcase classname="com.topcoder.service.digitalrun.contest.audit.interceptors.BaseAuditContestInterceptorUnitTests" name="testGetEntityManager" time="0.0"></testcase>
  <testcase classname="com.topcoder.service.digitalrun.contest.persistence.BaseHibernateDAOUnitTests" name="testConstructor" time="0.0"></testcase>
  <testcase classname="com.topcoder.service.digitalrun.contest.persistence.BaseHibernateDAOUnitTests" name="testGetEntityManager" time="0.0"></testcase>
  <testcase classname="com.topcoder.service.digitalrun.contest.persistence.BaseHibernateDAOUnitTests" name="testSetAndGetSessionContext" time="0.0"></testcase>
  <testcase classname="com.topcoder.service.digitalrun.contest.persistence.BaseHibernateDAOUnitTests" name="testSetAndGetLogger" time="0.0"></testcase>
  <testcase classname="com.topcoder.service.digitalrun.contest.persistence.BaseHibernateDAOUnitTests" name="testSetAndGetUnitName" time="0.0"></testcase>
  <testcase classname="com.topcoder.service.digitalrun.contest.persistence.BaseHibernateDAOUnitTests" name="testSetSessionContext" time="0.0"></testcase>
  <testcase classname="com.topcoder.service.digitalrun.contest.persistence.BaseHibernateDAOUnitTests" name="testSetLogger" time="0.0"></testcase>
  <testcase classname="com.topcoder.service.digitalrun.contest.persistence.BaseHibernateDAOUnitTests" name="testSetUnitName_1" time="0.0"></testcase>
  <testcase classname="com.topcoder.service.digitalrun.contest.persistence.BaseHibernateDAOUnitTests" name="testSetUnitName_2" time="0.0"></testcase>
  <testcase classname="com.topcoder.service.digitalrun.contest.persistence.BaseHibernateDAOUnitTests" name="testCheckNullWithLogging" time="0.0"></testcase>
  <testcase classname="com.topcoder.service.digitalrun.contest.persistence.BaseHibernateDAOUnitTests" name="testQueryEntities" time="0.016"></testcase>
  <testcase classname="com.topcoder.service.digitalrun.contest.persistence.BaseHibernateDAOUnitTests" name="testFindEntity" time="0.0"></testcase>
  <testcase classname="com.topcoder.service.digitalrun.contest.persistence.HibernateContestTrackDAOUnitTests" name="testConstructor_Acc" time="0.125"></testcase>
  <testcase classname="com.topcoder.service.digitalrun.contest.persistence.HibernateContestTrackDAOUnitTests" name="testConstructor_NullNamespace" time="0.0"></testcase>
  <testcase classname="com.topcoder.service.digitalrun.contest.persistence.HibernateContestTrackDAOUnitTests" name="testConstructor_EmptyNamespace" time="0.0"></testcase>
  <testcase classname="com.topcoder.service.digitalrun.contest.persistence.HibernateContestTrackDAOUnitTests" name="testConstructor_NullBundleName" time="0.0"></testcase>
  <testcase classname="com.topcoder.service.digitalrun.contest.persistence.HibernateContestTrackDAOUnitTests" name="testConstructor_EmptyBundleName" time="0.0"></testcase>
  <testcase classname="com.topcoder.service.digitalrun.contest.persistence.HibernateContestTrackDAOUnitTests" name="testConstructor_NoSuchBundleNamespace" time="0.0"></testcase>
  <testcase classname="com.topcoder.service.digitalrun.contest.persistence.HibernateContestTrackDAOUnitTests" name="testConstructor_NoSuchBundleName" time="0.0"></testcase>
  <testcase classname="com.topcoder.service.digitalrun.contest.persistence.HibernateContestTrackDAOUnitTests" name="testCreateTrackContest_NullEntity" time="0.0"></testcase>
  <testcase classname="com.topcoder.service.digitalrun.contest.persistence.HibernateContestTrackDAOUnitTests" name="testUpdateTrackContest_NullEntity" time="0.0"></testcase>
  <testcase classname="com.topcoder.service.digitalrun.contest.persistence.HibernateContestTrackDAOUnitTests" name="testSearchTrackContests_NullFilter" time="0.0"></testcase>
  <testcase classname="com.topcoder.service.digitalrun.contest.persistence.HibernateContestTrackDAOUnitTests" name="testSearchTrackContests" time="0.015"></testcase>
  <testcase classname="com.topcoder.service.digitalrun.contest.persistence.HibernateContestTrackDAOUnitTests" name="testSearchTrackContests_SearchException" time="0.0"></testcase>
  <testcase classname="com.topcoder.service.digitalrun.contest.persistence.HibernateTrackContestTypeDAOUnitTests" name="testConstructor_Acc" time="0.0"></testcase>
  <testcase classname="com.topcoder.service.digitalrun.contest.persistence.HibernateTrackContestTypeDAOUnitTests" name="testCreateTrackContestType_NullEntity" time="0.0"></testcase>
  <testcase classname="com.topcoder.service.digitalrun.contest.persistence.HibernateTrackContestTypeDAOUnitTests" name="testUpdateTrackContestType_NullEntity" time="0.0"></testcase>
  <testcase classname="com.topcoder.service.digitalrun.contest.persistence.HibernateTrackContestResultCalculatorDAOUnitTests" name="testConstructor_Acc" time="0.0"></testcase>
  <testcase classname="com.topcoder.service.digitalrun.contest.persistence.HibernateTrackContestResultCalculatorDAOUnitTests" name="testCreateTrackContestResultCalculator_NullEntity" time="0.0"></testcase>
  <testcase classname="com.topcoder.service.digitalrun.contest.persistence.HibernateTrackContestResultCalculatorDAOUnitTests" name="testUpdateTrackContestResultCalculator_NullEntity" time="0.0"></testcase>
  <testcase classname="com.topcoder.service.digitalrun.contest.ContestFilterFactoryUnitTests" name="testCreateContestIdEqualsFilter_Acc" time="0.0"></testcase>
  <testcase classname="com.topcoder.service.digitalrun.contest.ContestFilterFactoryUnitTests" name="testCreateContestIdEqualsFilter_NegativeId" time="0.0"></testcase>
  <testcase classname="com.topcoder.service.digitalrun.contest.ContestFilterFactoryUnitTests" name="testCreateContestIdsInFilter_NullArray" time="0.0"></testcase>
  <testcase classname="com.topcoder.service.digitalrun.contest.ContestFilterFactoryUnitTests" name="testCreateContestIdsInFilter_EmptyArray" time="0.0"></testcase>
  <testcase classname="com.topcoder.service.digitalrun.contest.ContestFilterFactoryUnitTests" name="testCreateContestIdsInFilter_ArrayContainsNegative" time="0.0"></testcase>
  <testcase classname="com.topcoder.service.digitalrun.contest.ContestFilterFactoryUnitTests" name="testCreateContestIdsInFilter_Acc" time="0.0"></testcase>
  <testcase classname="com.topcoder.service.digitalrun.contest.ContestFilterFactoryUnitTests" name="testCreateContestTypeIdEqualsFilter_Acc" time="0.0"></testcase>
  <testcase classname="com.topcoder.service.digitalrun.contest.ContestFilterFactoryUnitTests" name="testCreateContestTypeIdEqualsFilter_NegativeId" time="0.0"></testcase>
  <testcase classname="com.topcoder.service.digitalrun.contest.ContestFilterFactoryUnitTests" name="testCreateContestTypeIdsInFilter_NullArray" time="0.0"></testcase>
  <testcase classname="com.topcoder.service.digitalrun.contest.ContestFilterFactoryUnitTests" name="testCreateContestTypeIdsInFilter_EmptyArray" time="0.0"></testcase>
  <testcase classname="com.topcoder.service.digitalrun.contest.ContestFilterFactoryUnitTests" name="testCreateContestTypeIdsInFilter_ArrayContainsNegative" time="0.016"></testcase>
  <testcase classname="com.topcoder.service.digitalrun.contest.ContestFilterFactoryUnitTests" name="testCreateContestTypeIdsInFilter_Acc" time="0.0"></testcase>
  <testcase classname="com.topcoder.service.digitalrun.contest.ContestFilterFactoryUnitTests" name="testCreateTrackIdEqualsFilter_Acc" time="0.0"></testcase>
  <testcase classname="com.topcoder.service.digitalrun.contest.ContestFilterFactoryUnitTests" name="testCreateTrackIdEqualsFilter_NegativeId" time="0.0"></testcase>
  <testcase classname="com.topcoder.service.digitalrun.contest.ContestFilterFactoryUnitTests" name="testCreateTrackIdsInFilter_NullArray" time="0.0"></testcase>
  <testcase classname="com.topcoder.service.digitalrun.contest.ContestFilterFactoryUnitTests" name="testCreateTrackIdsInFilter_EmptyArray" time="0.0"></testcase>
  <testcase classname="com.topcoder.service.digitalrun.contest.ContestFilterFactoryUnitTests" name="testCreateTrackIdsInFilter_ArrayContainsNegative" time="0.0"></testcase>
  <testcase classname="com.topcoder.service.digitalrun.contest.ContestFilterFactoryUnitTests" name="testCreateTrackIdsInFilter_Acc" time="0.0"></testcase>
  <testcase classname="com.topcoder.service.digitalrun.contest.ContestFilterFactoryUnitTests" name="testCreateAndFilter_1_Acc" time="0.0"></testcase>
  <testcase classname="com.topcoder.service.digitalrun.contest.ContestFilterFactoryUnitTests" name="testCreateAndFilter_1_NullArray" time="0.0"></testcase>
  <testcase classname="com.topcoder.service.digitalrun.contest.ContestFilterFactoryUnitTests" name="testCreateAndFilter_1_ArrayContainsNull" time="0.0"></testcase>
  <testcase classname="com.topcoder.service.digitalrun.contest.ContestFilterFactoryUnitTests" name="testCreateAndFilter_2_Acc" time="0.0"></testcase>
  <testcase classname="com.topcoder.service.digitalrun.contest.ContestFilterFactoryUnitTests" name="testCreateAndFilter_2_FirstNull" time="0.0"></testcase>
  <testcase classname="com.topcoder.service.digitalrun.contest.ContestFilterFactoryUnitTests" name="testCreateAndFilter_2_SecondNull" time="0.0"></testcase>
  <testcase classname="com.topcoder.service.digitalrun.contest.ContestFilterFactoryUnitTests" name="testCreateOrFilter_1_Acc" time="0.0"></testcase>
  <testcase classname="com.topcoder.service.digitalrun.contest.ContestFilterFactoryUnitTests" name="testCreateOrFilter_1_NullArray" time="0.0"></testcase>
  <testcase classname="com.topcoder.service.digitalrun.contest.ContestFilterFactoryUnitTests" name="testCreateOrFilter_1_ArrayContainsNull" time="0.0"></testcase>
  <testcase classname="com.topcoder.service.digitalrun.contest.ContestFilterFactoryUnitTests" name="testCreateOrFilter_2_Acc" time="0.0"></testcase>
  <testcase classname="com.topcoder.service.digitalrun.contest.ContestFilterFactoryUnitTests" name="testCreateOrFilter_2_FirstNull" time="0.0"></testcase>
  <testcase classname="com.topcoder.service.digitalrun.contest.ContestFilterFactoryUnitTests" name="testCreateOrFilter_2_SecondNull" time="0.0"></testcase>
  <testcase classname="com.topcoder.service.digitalrun.contest.ContestFilterFactoryUnitTests" name="testCreateNotFilter_NullFilter" time="0.0"></testcase>
  <testcase classname="com.topcoder.service.digitalrun.contest.ContestFilterFactoryUnitTests" name="testCreateNotFilter_Acc" time="0.0"></testcase>
  <testcase classname="com.topcoder.service.digitalrun.contest.ContestFilterFactoryUnitTests" name="testCreateContestDescriptionEqualsFilter_Acc" time="0.0"></testcase>
  <testcase classname="com.topcoder.service.digitalrun.contest.ContestFilterFactoryUnitTests" name="testCreateContestDescriptionEqualsFilter_NullString" time="0.0"></testcase>
  <testcase classname="com.topcoder.service.digitalrun.contest.ContestFilterFactoryUnitTests" name="testCreateContestDescriptionEqualsFilter_EmptyString" time="0.0"></testcase>
  <testcase classname="com.topcoder.service.digitalrun.contest.ContestFilterFactoryUnitTests" name="testCreateContestDescriptionLikeFilter_Acc" time="0.0"></testcase>
  <testcase classname="com.topcoder.service.digitalrun.contest.ContestFilterFactoryUnitTests" name="testCreateContestDescriptionLikeFilter_NullString" time="0.0"></testcase>
  <testcase classname="com.topcoder.service.digitalrun.contest.ContestFilterFactoryUnitTests" name="testCreateContestDescriptionLikeFilter_EmptyString" time="0.0"></testcase>
  <testcase classname="com.topcoder.service.digitalrun.contest.ContestFilterFactoryUnitTests" name="testCreateContestDescriptionInFilter_NullArray" time="0.0"></testcase>
  <testcase classname="com.topcoder.service.digitalrun.contest.ContestFilterFactoryUnitTests" name="testCreateContestDescriptionInFilter_EmptyArray" time="0.0"></testcase>
  <testcase classname="com.topcoder.service.digitalrun.contest.ContestFilterFactoryUnitTests" name="testCreateContestDescriptionInFilter_ArrayContainsNull" time="0.0"></testcase>
  <testcase classname="com.topcoder.service.digitalrun.contest.ContestFilterFactoryUnitTests" name="testCreateContestDescriptionInFilter_ArrayContainsEmpty" time="0.0"></testcase>
  <testcase classname="com.topcoder.service.digitalrun.contest.ContestFilterFactoryUnitTests" name="testCreateContestDescriptionInFilter_Acc" time="0.0"></testcase>
  <testcase classname="com.topcoder.service.digitalrun.contest.DigitalRunContestManagerBeanUnitTests" name="testConstructor" time="0.078"></testcase>
  <testcase classname="com.topcoder.service.digitalrun.contest.DigitalRunContestManagerBeanUnitTests" name="testInitialize_Acc" time="0.094"></testcase>
  <testcase classname="com.topcoder.service.digitalrun.contest.DigitalRunContestManagerBeanUnitTests" name="testInitialize_NoSuchFile" time="0.062"></testcase>
  <testcase classname="com.topcoder.service.digitalrun.contest.DigitalRunContestManagerBeanUnitTests" name="testInitialize_NoSuchNamespace" time="0.079"></testcase>
  <testcase classname="com.topcoder.service.digitalrun.contest.DigitalRunContestManagerBeanUnitTests" name="testSearchTrackContests" time="0.062"></testcase>
  <testcase classname="com.topcoder.service.digitalrun.contest.DigitalRunContestManagerBeanUnitTests" name="testInitialize_ClassCastException" time="0.109"></testcase>
  <testcase classname="com.topcoder.service.digitalrun.contest.DigitalRunContestManagerBeanUnitTests" name="testInitialize_ExceptionWhileInjection" time="0.079"></testcase>
  <testcase classname="com.topcoder.service.digitalrun.contest.DigitalRunContestManagerBeanUnitTests" name="testCreateTrackContest" time="0.031"></testcase>
  <testcase classname="com.topcoder.service.digitalrun.contest.DigitalRunContestManagerBeanUnitTests" name="testUpdateTrackContest" time="0.062"></testcase>
  <testcase classname="com.topcoder.service.digitalrun.contest.DigitalRunContestManagerBeanUnitTests" name="testGetTrackContest" time="0.032"></testcase>
  <testcase classname="com.topcoder.service.digitalrun.contest.DigitalRunContestManagerBeanUnitTests" name="testRemoveTrackContest" time="0.046"></testcase>
  <testcase classname="com.topcoder.service.digitalrun.contest.DigitalRunContestManagerBeanUnitTests" name="testGetAllTrackContestResultCalculators" time="0.032"></testcase>
  <testcase classname="com.topcoder.service.digitalrun.contest.DigitalRunContestManagerBeanUnitTests" name="testCreateTrackContestResultCalculator" time="0.047"></testcase>
  <testcase classname="com.topcoder.service.digitalrun.contest.DigitalRunContestManagerBeanUnitTests" name="testUpdateTrackContestResultCalculator" time="0.062"></testcase>
  <testcase classname="com.topcoder.service.digitalrun.contest.DigitalRunContestManagerBeanUnitTests" name="testGetTrackContestResultCalculator" time="0.031"></testcase>
  <testcase classname="com.topcoder.service.digitalrun.contest.DigitalRunContestManagerBeanUnitTests" name="testRemoveTrackContestResultCalculator" time="0.032"></testcase>
  <testcase classname="com.topcoder.service.digitalrun.contest.DigitalRunContestManagerBeanUnitTests" name="testGetAllTrackContestTypes" time="0.046"></testcase>
  <testcase classname="com.topcoder.service.digitalrun.contest.DigitalRunContestManagerBeanUnitTests" name="testCreateTrackContestType" time="0.032"></testcase>
  <testcase classname="com.topcoder.service.digitalrun.contest.DigitalRunContestManagerBeanUnitTests" name="testUpdateTrackContestType" time="0.047"></testcase>
  <testcase classname="com.topcoder.service.digitalrun.contest.DigitalRunContestManagerBeanUnitTests" name="testGetTrackContestType" time="0.031"></testcase>
  <testcase classname="com.topcoder.service.digitalrun.contest.DigitalRunContestManagerBeanUnitTests" name="testRemoveTrackContestType" time="0.047"></testcase>
  <testcase classname="com.topcoder.service.digitalrun.contest.DigitalRunContestManagerBeanTestAcc" name="testTrackContest_Acc" time="3.515"></testcase>
  <testcase classname="com.topcoder.service.digitalrun.contest.DigitalRunContestManagerBeanTestAcc" name="testTrackContestType_Acc" time="0.172"></testcase>
  <testcase classname="com.topcoder.service.digitalrun.contest.DigitalRunContestManagerBeanTestAcc" name="testTrackContestResultCalculator_Acc" time="0.172"></testcase>
  <testcase classname="com.topcoder.service.digitalrun.contest.DigitalRunContestManagerBeanTestExp" name="testCreateTrackContest_EntityExistsException" time="0.109"></testcase>
  <testcase classname="com.topcoder.service.digitalrun.contest.DigitalRunContestManagerBeanTestExp" name="testCreateTrackContest_PersistenceException" time="0.032"></testcase>
  <testcase classname="com.topcoder.service.digitalrun.contest.DigitalRunContestManagerBeanTestExp" name="testCreateTrackContest_IllegalArgumentException" time="0.031"></testcase>
  <testcase classname="com.topcoder.service.digitalrun.contest.DigitalRunContestManagerBeanTestExp" name="testUpdateTrackContest_EntityNotFoundException" time="0.047"></testcase>
  <testcase classname="com.topcoder.service.digitalrun.contest.DigitalRunContestManagerBeanTestExp" name="testUpdateTrackContest_PersistenceException" time="0.219"></testcase>
  <testcase classname="com.topcoder.service.digitalrun.contest.DigitalRunContestManagerBeanTestExp" name="testUpdateTrackContest_IllegalArgumentException" time="0.031"></testcase>
  <testcase classname="com.topcoder.service.digitalrun.contest.DigitalRunContestManagerBeanTestExp" name="testSearchTrackContests_IllegalArgumentException" time="0.015"></testcase>
  <testcase classname="com.topcoder.service.digitalrun.contest.DigitalRunContestManagerBeanTestExp" name="testRemoveTrackContest_EntityNotFoundException" time="0.157"></testcase>
  <testcase classname="com.topcoder.service.digitalrun.contest.DigitalRunContestManagerBeanTestExp" name="testCreateTrackContestType_IllegalArgumentException" time="0.125"></testcase>
  <testcase classname="com.topcoder.service.digitalrun.contest.DigitalRunContestManagerBeanTestExp" name="testCreateTrackContestType_EntityExistsException" time="0.172"></testcase>
  <testcase classname="com.topcoder.service.digitalrun.contest.DigitalRunContestManagerBeanTestExp" name="testCreateTrackContestType_PersistenceException" time="0.015"></testcase>
  <testcase classname="com.topcoder.service.digitalrun.contest.DigitalRunContestManagerBeanTestExp" name="testUpdateTrackContestType_IllegalArgumentException" time="0.0"></testcase>
  <testcase classname="com.topcoder.service.digitalrun.contest.DigitalRunContestManagerBeanTestExp" name="testUpdateTrackContestType_EntityNotFoundException" time="0.016"></testcase>
  <testcase classname="com.topcoder.service.digitalrun.contest.DigitalRunContestManagerBeanTestExp" name="testUpdateTrackContestType_PersistenceException" time="0.172"></testcase>
  <testcase classname="com.topcoder.service.digitalrun.contest.DigitalRunContestManagerBeanTestExp" name="testRemoveTrackContestType_EntityNotFoundException" time="0.0"></testcase>
  <testcase classname="com.topcoder.service.digitalrun.contest.DigitalRunContestManagerBeanTestExp" name="testCreateTrackContestResultCalculator_IllegalArgumentException" time="0.015"></testcase>
  <testcase classname="com.topcoder.service.digitalrun.contest.DigitalRunContestManagerBeanTestExp" name="testCreateTrackContestResultCalculator_EntityExistsException" time="0.157"></testcase>
  <testcase classname="com.topcoder.service.digitalrun.contest.DigitalRunContestManagerBeanTestExp" name="testCreateTrackContestResultCalculator_PersistenceException" time="0.015"></testcase>
  <testcase classname="com.topcoder.service.digitalrun.contest.DigitalRunContestManagerBeanTestExp" name="testUpdateTrackContestResultCalculator_IllegalArgumentException" time="0.016"></testcase>
  <testcase classname="com.topcoder.service.digitalrun.contest.DigitalRunContestManagerBeanTestExp" name="testUpdateTrackContestResultCalculator_EntityNotFoundException" time="0.015"></testcase>
  <testcase classname="com.topcoder.service.digitalrun.contest.DigitalRunContestManagerBeanTestExp" name="testUpdateTrackContestResultCalculator_PersistenceException" time="0.157"></testcase>
  <testcase classname="com.topcoder.service.digitalrun.contest.DigitalRunContestManagerBeanTestExp" name="testRemoveTrackContestResultCalculator_EntityNotFoundException" time="0.015"></testcase>
  <testcase classname="com.topcoder.service.digitalrun.contest.Demo" name="testDemo" time="0.25"></testcase>
  <testcase classname="com.topcoder.service.digitalrun.contest.SaveTest" name="testSave" time="1.125"></testcase>
  <system-out><![CDATA[com.topcoder.service.digitalrun.contest.MockTrackContestDAO.setLogger(com.topcoder.util.log.Log)
java.lang.NoSuchMethodException: com.topcoder.service.digitalrun.contest.MockTrackContestDAO.setLogger(com.topcoder.util.log.Log)
	at java.lang.Class.getMethod(Class.java:1581)
	at com.topcoder.service.digitalrun.contest.DigitalRunContestManagerBean.inject(DigitalRunContestManagerBean.java:490)
	at com.topcoder.service.digitalrun.contest.DigitalRunContestManagerBean.initialize(DigitalRunContestManagerBean.java:452)
	at com.topcoder.service.digitalrun.contest.DigitalRunContestManagerBeanUnitTests.setUp(DigitalRunContestManagerBeanUnitTests.java:51)
	at junit.framework.TestCase.runBare(TestCase.java:125)
	at junit.framework.TestResult$1.protect(TestResult.java:106)
	at junit.framework.TestResult.runProtected(TestResult.java:124)
	at junit.framework.TestResult.run(TestResult.java:109)
	at junit.framework.TestCase.run(TestCase.java:118)
	at junit.framework.TestSuite.runTest(TestSuite.java:208)
	at junit.framework.TestSuite.run(TestSuite.java:203)
	at junit.framework.TestSuite.runTest(TestSuite.java:208)
	at junit.framework.TestSuite.run(TestSuite.java:203)
	at org.apache.tools.ant.taskdefs.optional.junit.JUnitTestRunner.run(JUnitTestRunner.java:297)
	at org.apache.tools.ant.taskdefs.optional.junit.JUnitTestRunner.launch(JUnitTestRunner.java:672)
	at org.apache.tools.ant.taskdefs.optional.junit.JUnitTestRunner.main(JUnitTestRunner.java:567)
com.topcoder.service.digitalrun.contest.MockTrackContestTypeDAO.setLogger(com.topcoder.util.log.Log)
java.lang.NoSuchMethodException: com.topcoder.service.digitalrun.contest.MockTrackContestTypeDAO.setLogger(com.topcoder.util.log.Log)
	at java.lang.Class.getMethod(Class.java:1581)
	at com.topcoder.service.digitalrun.contest.DigitalRunContestManagerBean.inject(DigitalRunContestManagerBean.java:490)
	at com.topcoder.service.digitalrun.contest.DigitalRunContestManagerBean.initialize(DigitalRunContestManagerBean.java:453)
	at com.topcoder.service.digitalrun.contest.DigitalRunContestManagerBeanUnitTests.setUp(DigitalRunContestManagerBeanUnitTests.java:51)
	at junit.framework.TestCase.runBare(TestCase.java:125)
	at junit.framework.TestResult$1.protect(TestResult.java:106)
	at junit.framework.TestResult.runProtected(TestResult.java:124)
	at junit.framework.TestResult.run(TestResult.java:109)
	at junit.framework.TestCase.run(TestCase.java:118)
	at junit.framework.TestSuite.runTest(TestSuite.java:208)
	at junit.framework.TestSuite.run(TestSuite.java:203)
	at junit.framework.TestSuite.runTest(TestSuite.java:208)
	at junit.framework.TestSuite.run(TestSuite.java:203)
	at org.apache.tools.ant.taskdefs.optional.junit.JUnitTestRunner.run(JUnitTestRunner.java:297)
	at org.apache.tools.ant.taskdefs.optional.junit.JUnitTestRunner.launch(JUnitTestRunner.java:672)
	at org.apache.tools.ant.taskdefs.optional.junit.JUnitTestRunner.main(JUnitTestRunner.java:567)
com.topcoder.service.digitalrun.contest.MockResultCalculatorDAO.setLogger(com.topcoder.util.log.Log)
java.lang.NoSuchMethodException: com.topcoder.service.digitalrun.contest.MockResultCalculatorDAO.setLogger(com.topcoder.util.log.Log)
	at java.lang.Class.getMethod(Class.java:1581)
	at com.topcoder.service.digitalrun.contest.DigitalRunContestManagerBean.inject(DigitalRunContestManagerBean.java:490)
	at com.topcoder.service.digitalrun.contest.DigitalRunContestManagerBean.initialize(DigitalRunContestManagerBean.java:454)
	at com.topcoder.service.digitalrun.contest.DigitalRunContestManagerBeanUnitTests.setUp(DigitalRunContestManagerBeanUnitTests.java:51)
	at junit.framework.TestCase.runBare(TestCase.java:125)
	at junit.framework.TestResult$1.protect(TestResult.java:106)
	at junit.framework.TestResult.runProtected(TestResult.java:124)
	at junit.framework.TestResult.run(TestResult.java:109)
	at junit.framework.TestCase.run(TestCase.java:118)
	at junit.framework.TestSuite.runTest(TestSuite.java:208)
	at junit.framework.TestSuite.run(TestSuite.java:203)
	at junit.framework.TestSuite.runTest(TestSuite.java:208)
	at junit.framework.TestSuite.run(TestSuite.java:203)
	at org.apache.tools.ant.taskdefs.optional.junit.JUnitTestRunner.run(JUnitTestRunner.java:297)
	at org.apache.tools.ant.taskdefs.optional.junit.JUnitTestRunner.launch(JUnitTestRunner.java:672)
	at org.apache.tools.ant.taskdefs.optional.junit.JUnitTestRunner.main(JUnitTestRunner.java:567)
com.topcoder.service.digitalrun.contest.MockTrackContestDAO.setUnitName(java.lang.String)
java.lang.NoSuchMethodException: com.topcoder.service.digitalrun.contest.MockTrackContestDAO.setUnitName(java.lang.String)
	at java.lang.Class.getMethod(Class.java:1581)
	at com.topcoder.service.digitalrun.contest.DigitalRunContestManagerBean.inject(DigitalRunContestManagerBean.java:490)
	at com.topcoder.service.digitalrun.contest.DigitalRunContestManagerBean.initialize(DigitalRunContestManagerBean.java:457)
	at com.topcoder.service.digitalrun.contest.DigitalRunContestManagerBeanUnitTests.setUp(DigitalRunContestManagerBeanUnitTests.java:51)
	at junit.framework.TestCase.runBare(TestCase.java:125)
	at junit.framework.TestResult$1.protect(TestResult.java:106)
	at junit.framework.TestResult.runProtected(TestResult.java:124)
	at junit.framework.TestResult.run(TestResult.java:109)
	at junit.framework.TestCase.run(TestCase.java:118)
	at junit.framework.TestSuite.runTest(TestSuite.java:208)
	at junit.framework.TestSuite.run(TestSuite.java:203)
	at junit.framework.TestSuite.runTest(TestSuite.java:208)
	at junit.framework.TestSuite.run(TestSuite.java:203)
	at org.apache.tools.ant.taskdefs.optional.junit.JUnitTestRunner.run(JUnitTestRunner.java:297)
	at org.apache.tools.ant.taskdefs.optional.junit.JUnitTestRunner.launch(JUnitTestRunner.java:672)
	at org.apache.tools.ant.taskdefs.optional.junit.JUnitTestRunner.main(JUnitTestRunner.java:567)
com.topcoder.service.digitalrun.contest.MockTrackContestTypeDAO.setUnitName(java.lang.String)
java.lang.NoSuchMethodException: com.topcoder.service.digitalrun.contest.MockTrackContestTypeDAO.setUnitName(java.lang.String)
	at java.lang.Class.getMethod(Class.java:1581)
	at com.topcoder.service.digitalrun.contest.DigitalRunContestManagerBean.inject(DigitalRunContestManagerBean.java:490)
	at com.topcoder.service.digitalrun.contest.DigitalRunContestManagerBean.initialize(DigitalRunContestManagerBean.java:458)
	at com.topcoder.service.digitalrun.contest.DigitalRunContestManagerBeanUnitTests.setUp(DigitalRunContestManagerBeanUnitTests.java:51)
	at junit.framework.TestCase.runBare(TestCase.java:125)
	at junit.framework.TestResult$1.protect(TestResult.java:106)
	at junit.framework.TestResult.runProtected(TestResult.java:124)
	at junit.framework.TestResult.run(TestResult.java:109)
	at junit.framework.TestCase.run(TestCase.java:118)
	at junit.framework.TestSuite.runTest(TestSuite.java:208)
	at junit.framework.TestSuite.run(TestSuite.java:203)
	at junit.framework.TestSuite.runTest(TestSuite.java:208)
	at junit.framework.TestSuite.run(TestSuite.java:203)
	at org.apache.tools.ant.taskdefs.optional.junit.JUnitTestRunner.run(JUnitTestRunner.java:297)
	at org.apache.tools.ant.taskdefs.optional.junit.JUnitTestRunner.launch(JUnitTestRunner.java:672)
	at org.apache.tools.ant.taskdefs.optional.junit.JUnitTestRunner.main(JUnitTestRunner.java:567)
com.topcoder.service.digitalrun.contest.MockResultCalculatorDAO.setUnitName(java.lang.String)
java.lang.NoSuchMethodException: com.topcoder.service.digitalrun.contest.MockResultCalculatorDAO.setUnitName(java.lang.String)
	at java.lang.Class.getMethod(Class.java:1581)
	at com.topcoder.service.digitalrun.contest.DigitalRunContestManagerBean.inject(DigitalRunContestManagerBean.java:490)
	at com.topcoder.service.digitalrun.contest.DigitalRunContestManagerBean.initialize(DigitalRunContestManagerBean.java:459)
	at com.topcoder.service.digitalrun.contest.DigitalRunContestManagerBeanUnitTests.setUp(DigitalRunContestManagerBeanUnitTests.java:51)
	at junit.framework.TestCase.runBare(TestCase.java:125)
	at junit.framework.TestResult$1.protect(TestResult.java:106)
	at junit.framework.TestResult.runProtected(TestResult.java:124)
	at junit.framework.TestResult.run(TestResult.java:109)
	at junit.framework.TestCase.run(TestCase.java:118)
	at junit.framework.TestSuite.runTest(TestSuite.java:208)
	at junit.framework.TestSuite.run(TestSuite.java:203)
	at junit.framework.TestSuite.runTest(TestSuite.java:208)
	at junit.framework.TestSuite.run(TestSuite.java:203)
	at org.apache.tools.ant.taskdefs.optional.junit.JUnitTestRunner.run(JUnitTestRunner.java:297)
	at org.apache.tools.ant.taskdefs.optional.junit.JUnitTestRunner.launch(JUnitTestRunner.java:672)
	at org.apache.tools.ant.taskdefs.optional.junit.JUnitTestRunner.main(JUnitTestRunner.java:567)
com.topcoder.service.digitalrun.contest.MockTrackContestDAO.setSessionContext(javax.ejb.SessionContext)
java.lang.NoSuchMethodException: com.topcoder.service.digitalrun.contest.MockTrackContestDAO.setSessionContext(javax.ejb.SessionContext)
	at java.lang.Class.getMethod(Class.java:1581)
	at com.topcoder.service.digitalrun.contest.DigitalRunContestManagerBean.inject(DigitalRunContestManagerBean.java:490)
	at com.topcoder.service.digitalrun.contest.DigitalRunContestManagerBean.initialize(DigitalRunContestManagerBean.java:461)
	at com.topcoder.service.digitalrun.contest.DigitalRunContestManagerBeanUnitTests.setUp(DigitalRunContestManagerBeanUnitTests.java:51)
	at junit.framework.TestCase.runBare(TestCase.java:125)
	at junit.framework.TestResult$1.protect(TestResult.java:106)
	at junit.framework.TestResult.runProtected(TestResult.java:124)
	at junit.framework.TestResult.run(TestResult.java:109)
	at junit.framework.TestCase.run(TestCase.java:118)
	at junit.framework.TestSuite.runTest(TestSuite.java:208)
	at junit.framework.TestSuite.run(TestSuite.java:203)
	at junit.framework.TestSuite.runTest(TestSuite.java:208)
	at junit.framework.TestSuite.run(TestSuite.java:203)
	at org.apache.tools.ant.taskdefs.optional.junit.JUnitTestRunner.run(JUnitTestRunner.java:297)
	at org.apache.tools.ant.taskdefs.optional.junit.JUnitTestRunner.launch(JUnitTestRunner.java:672)
	at org.apache.tools.ant.taskdefs.optional.junit.JUnitTestRunner.main(JUnitTestRunner.java:567)
com.topcoder.service.digitalrun.contest.MockTrackContestTypeDAO.setSessionContext(javax.ejb.SessionContext)
java.lang.NoSuchMethodException: com.topcoder.service.digitalrun.contest.MockTrackContestTypeDAO.setSessionContext(javax.ejb.SessionContext)
	at java.lang.Class.getMethod(Class.java:1581)
	at com.topcoder.service.digitalrun.contest.DigitalRunContestManagerBean.inject(DigitalRunContestManagerBean.java:490)
	at com.topcoder.service.digitalrun.contest.DigitalRunContestManagerBean.initialize(DigitalRunContestManagerBean.java:462)
	at com.topcoder.service.digitalrun.contest.DigitalRunContestManagerBeanUnitTests.setUp(DigitalRunContestManagerBeanUnitTests.java:51)
	at junit.framework.TestCase.runBare(TestCase.java:125)
	at junit.framework.TestResult$1.protect(TestResult.java:106)
	at junit.framework.TestResult.runProtected(TestResult.java:124)
	at junit.framework.TestResult.run(TestResult.java:109)
	at junit.framework.TestCase.run(TestCase.java:118)
	at junit.framework.TestSuite.runTest(TestSuite.java:208)
	at junit.framework.TestSuite.run(TestSuite.java:203)
	at junit.framework.TestSuite.runTest(TestSuite.java:208)
	at junit.framework.TestSuite.run(TestSuite.java:203)
	at org.apache.tools.ant.taskdefs.optional.junit.JUnitTestRunner.run(JUnitTestRunner.java:297)
	at org.apache.tools.ant.taskdefs.optional.junit.JUnitTestRunner.launch(JUnitTestRunner.java:672)
	at org.apache.tools.ant.taskdefs.optional.junit.JUnitTestRunner.main(JUnitTestRunner.java:567)
com.topcoder.service.digitalrun.contest.MockResultCalculatorDAO.setSessionContext(javax.ejb.SessionContext)
java.lang.NoSuchMethodException: com.topcoder.service.digitalrun.contest.MockResultCalculatorDAO.setSessionContext(javax.ejb.SessionContext)
	at java.lang.Class.getMethod(Class.java:1581)
	at com.topcoder.service.digitalrun.contest.DigitalRunContestManagerBean.inject(DigitalRunContestManagerBean.java:490)
	at com.topcoder.service.digitalrun.contest.DigitalRunContestManagerBean.initialize(DigitalRunContestManagerBean.java:463)
	at com.topcoder.service.digitalrun.contest.DigitalRunContestManagerBeanUnitTests.setUp(DigitalRunContestManagerBeanUnitTests.java:51)
	at junit.framework.TestCase.runBare(TestCase.java:125)
	at junit.framework.TestResult$1.protect(TestResult.java:106)
	at junit.framework.TestResult.runProtected(TestResult.java:124)
	at junit.framework.TestResult.run(TestResult.java:109)
	at junit.framework.TestCase.run(TestCase.java:118)
	at junit.framework.TestSuite.runTest(TestSuite.java:208)
	at junit.framework.TestSuite.run(TestSuite.java:203)
	at junit.framework.TestSuite.runTest(TestSuite.java:208)
	at junit.framework.TestSuite.run(TestSuite.java:203)
	at org.apache.tools.ant.taskdefs.optional.junit.JUnitTestRunner.run(JUnitTestRunner.java:297)
	at org.apache.tools.ant.taskdefs.optional.junit.JUnitTestRunner.launch(JUnitTestRunner.java:672)
	at org.apache.tools.ant.taskdefs.optional.junit.JUnitTestRunner.main(JUnitTestRunner.java:567)
com.topcoder.service.digitalrun.contest.MockTrackContestDAO.setLogger(com.topcoder.util.log.Log)
java.lang.NoSuchMethodException: com.topcoder.service.digitalrun.contest.MockTrackContestDAO.setLogger(com.topcoder.util.log.Log)
	at java.lang.Class.getMethod(Class.java:1581)
	at com.topcoder.service.digitalrun.contest.DigitalRunContestManagerBean.inject(DigitalRunContestManagerBean.java:490)
	at com.topcoder.service.digitalrun.contest.DigitalRunContestManagerBean.initialize(DigitalRunContestManagerBean.java:452)
	at com.topcoder.service.digitalrun.contest.DigitalRunContestManagerBeanUnitTests.setUp(DigitalRunContestManagerBeanUnitTests.java:51)
	at junit.framework.TestCase.runBare(TestCase.java:125)
	at junit.framework.TestResult$1.protect(TestResult.java:106)
	at junit.framework.TestResult.runProtected(TestResult.java:124)
	at junit.framework.TestResult.run(TestResult.java:109)
	at junit.framework.TestCase.run(TestCase.java:118)
	at junit.framework.TestSuite.runTest(TestSuite.java:208)
	at junit.framework.TestSuite.run(TestSuite.java:203)
	at junit.framework.TestSuite.runTest(TestSuite.java:208)
	at junit.framework.TestSuite.run(TestSuite.java:203)
	at org.apache.tools.ant.taskdefs.optional.junit.JUnitTestRunner.run(JUnitTestRunner.java:297)
	at org.apache.tools.ant.taskdefs.optional.junit.JUnitTestRunner.launch(JUnitTestRunner.java:672)
	at org.apache.tools.ant.taskdefs.optional.junit.JUnitTestRunner.main(JUnitTestRunner.java:567)
com.topcoder.service.digitalrun.contest.MockTrackContestTypeDAO.setLogger(com.topcoder.util.log.Log)
java.lang.NoSuchMethodException: com.topcoder.service.digitalrun.contest.MockTrackContestTypeDAO.setLogger(com.topcoder.util.log.Log)
	at java.lang.Class.getMethod(Class.java:1581)
	at com.topcoder.service.digitalrun.contest.DigitalRunContestManagerBean.inject(DigitalRunContestManagerBean.java:490)
	at com.topcoder.service.digitalrun.contest.DigitalRunContestManagerBean.initialize(DigitalRunContestManagerBean.java:453)
	at com.topcoder.service.digitalrun.contest.DigitalRunContestManagerBeanUnitTests.setUp(DigitalRunContestManagerBeanUnitTests.java:51)
	at junit.framework.TestCase.runBare(TestCase.java:125)
	at junit.framework.TestResult$1.protect(TestResult.java:106)
	at junit.framework.TestResult.runProtected(TestResult.java:124)
	at junit.framework.TestResult.run(TestResult.java:109)
	at junit.framework.TestCase.run(TestCase.java:118)
	at junit.framework.TestSuite.runTest(TestSuite.java:208)
	at junit.framework.TestSuite.run(TestSuite.java:203)
	at junit.framework.TestSuite.runTest(TestSuite.java:208)
	at junit.framework.TestSuite.run(TestSuite.java:203)
	at org.apache.tools.ant.taskdefs.optional.junit.JUnitTestRunner.run(JUnitTestRunner.java:297)
	at org.apache.tools.ant.taskdefs.optional.junit.JUnitTestRunner.launch(JUnitTestRunner.java:672)
	at org.apache.tools.ant.taskdefs.optional.junit.JUnitTestRunner.main(JUnitTestRunner.java:567)
com.topcoder.service.digitalrun.contest.MockResultCalculatorDAO.setLogger(com.topcoder.util.log.Log)
java.lang.NoSuchMethodException: com.topcoder.service.digitalrun.contest.MockResultCalculatorDAO.setLogger(com.topcoder.util.log.Log)
	at java.lang.Class.getMethod(Class.java:1581)
	at com.topcoder.service.digitalrun.contest.DigitalRunContestManagerBean.inject(DigitalRunContestManagerBean.java:490)
	at com.topcoder.service.digitalrun.contest.DigitalRunContestManagerBean.initialize(DigitalRunContestManagerBean.java:454)
	at com.topcoder.service.digitalrun.contest.DigitalRunContestManagerBeanUnitTests.setUp(DigitalRunContestManagerBeanUnitTests.java:51)
	at junit.framework.TestCase.runBare(TestCase.java:125)
	at junit.framework.TestResult$1.protect(TestResult.java:106)
	at junit.framework.TestResult.runProtected(TestResult.java:124)
	at junit.framework.TestResult.run(TestResult.java:109)
	at junit.framework.TestCase.run(TestCase.java:118)
	at junit.framework.TestSuite.runTest(TestSuite.java:208)
	at junit.framework.TestSuite.run(TestSuite.java:203)
	at junit.framework.TestSuite.runTest(TestSuite.java:208)
	at junit.framework.TestSuite.run(TestSuite.java:203)
	at org.apache.tools.ant.taskdefs.optional.junit.JUnitTestRunner.run(JUnitTestRunner.java:297)
	at org.apache.tools.ant.taskdefs.optional.junit.JUnitTestRunner.launch(JUnitTestRunner.java:672)
	at org.apache.tools.ant.taskdefs.optional.junit.JUnitTestRunner.main(JUnitTestRunner.java:567)
com.topcoder.service.digitalrun.contest.MockTrackContestDAO.setUnitName(java.lang.String)
java.lang.NoSuchMethodException: com.topcoder.service.digitalrun.contest.MockTrackContestDAO.setUnitName(java.lang.String)
	at java.lang.Class.getMethod(Class.java:1581)
	at com.topcoder.service.digitalrun.contest.DigitalRunContestManagerBean.inject(DigitalRunContestManagerBean.java:490)
	at com.topcoder.service.digitalrun.contest.DigitalRunContestManagerBean.initialize(DigitalRunContestManagerBean.java:457)
	at com.topcoder.service.digitalrun.contest.DigitalRunContestManagerBeanUnitTests.setUp(DigitalRunContestManagerBeanUnitTests.java:51)
	at junit.framework.TestCase.runBare(TestCase.java:125)
	at junit.framework.TestResult$1.protect(TestResult.java:106)
	at junit.framework.TestResult.runProtected(TestResult.java:124)
	at junit.framework.TestResult.run(TestResult.java:109)
	at junit.framework.TestCase.run(TestCase.java:118)
	at junit.framework.TestSuite.runTest(TestSuite.java:208)
	at junit.framework.TestSuite.run(TestSuite.java:203)
	at junit.framework.TestSuite.runTest(TestSuite.java:208)
	at junit.framework.TestSuite.run(TestSuite.java:203)
	at org.apache.tools.ant.taskdefs.optional.junit.JUnitTestRunner.run(JUnitTestRunner.java:297)
	at org.apache.tools.ant.taskdefs.optional.junit.JUnitTestRunner.launch(JUnitTestRunner.java:672)
	at org.apache.tools.ant.taskdefs.optional.junit.JUnitTestRunner.main(JUnitTestRunner.java:567)
com.topcoder.service.digitalrun.contest.MockTrackContestTypeDAO.setUnitName(java.lang.String)
java.lang.NoSuchMethodException: com.topcoder.service.digitalrun.contest.MockTrackContestTypeDAO.setUnitName(java.lang.String)
	at java.lang.Class.getMethod(Class.java:1581)
	at com.topcoder.service.digitalrun.contest.DigitalRunContestManagerBean.inject(DigitalRunContestManagerBean.java:490)
	at com.topcoder.service.digitalrun.contest.DigitalRunContestManagerBean.initialize(DigitalRunContestManagerBean.java:458)
	at com.topcoder.service.digitalrun.contest.DigitalRunContestManagerBeanUnitTests.setUp(DigitalRunContestManagerBeanUnitTests.java:51)
	at junit.framework.TestCase.runBare(TestCase.java:125)
	at junit.framework.TestResult$1.protect(TestResult.java:106)
	at junit.framework.TestResult.runProtected(TestResult.java:124)
	at junit.framework.TestResult.run(TestResult.java:109)
	at junit.framework.TestCase.run(TestCase.java:118)
	at junit.framework.TestSuite.runTest(TestSuite.java:208)
	at junit.framework.TestSuite.run(TestSuite.java:203)
	at junit.framework.TestSuite.runTest(TestSuite.java:208)
	at junit.framework.TestSuite.run(TestSuite.java:203)
	at org.apache.tools.ant.taskdefs.optional.junit.JUnitTestRunner.run(JUnitTestRunner.java:297)
	at org.apache.tools.ant.taskdefs.optional.junit.JUnitTestRunner.launch(JUnitTestRunner.java:672)
	at org.apache.tools.ant.taskdefs.optional.junit.JUnitTestRunner.main(JUnitTestRunner.java:567)
com.topcoder.service.digitalrun.contest.MockResultCalculatorDAO.setUnitName(java.lang.String)
java.lang.NoSuchMethodException: com.topcoder.service.digitalrun.contest.MockResultCalculatorDAO.setUnitName(java.lang.String)
	at java.lang.Class.getMethod(Class.java:1581)
	at com.topcoder.service.digitalrun.contest.DigitalRunContestManagerBean.inject(DigitalRunContestManagerBean.java:490)
	at com.topcoder.service.digitalrun.contest.DigitalRunContestManagerBean.initialize(DigitalRunContestManagerBean.java:459)
	at com.topcoder.service.digitalrun.contest.DigitalRunContestManagerBeanUnitTests.setUp(DigitalRunContestManagerBeanUnitTests.java:51)
	at junit.framework.TestCase.runBare(TestCase.java:125)
	at junit.framework.TestResult$1.protect(TestResult.java:106)
	at junit.framework.TestResult.runProtected(TestResult.java:124)
	at junit.framework.TestResult.run(TestResult.java:109)
	at junit.framework.TestCase.run(TestCase.java:118)
	at junit.framework.TestSuite.runTest(TestSuite.java:208)
	at junit.framework.TestSuite.run(TestSuite.java:203)
	at junit.framework.TestSuite.runTest(TestSuite.java:208)
	at junit.framework.TestSuite.run(TestSuite.java:203)
	at org.apache.tools.ant.taskdefs.optional.junit.JUnitTestRunner.run(JUnitTestRunner.java:297)
	at org.apache.tools.ant.taskdefs.optional.junit.JUnitTestRunner.launch(JUnitTestRunner.java:672)
	at org.apache.tools.ant.taskdefs.optional.junit.JUnitTestRunner.main(JUnitTestRunner.java:567)
com.topcoder.service.digitalrun.contest.MockTrackContestDAO.setSessionContext(javax.ejb.SessionContext)
java.lang.NoSuchMethodException: com.topcoder.service.digitalrun.contest.MockTrackContestDAO.setSessionContext(javax.ejb.SessionContext)
	at java.lang.Class.getMethod(Class.java:1581)
	at com.topcoder.service.digitalrun.contest.DigitalRunContestManagerBean.inject(DigitalRunContestManagerBean.java:490)
	at com.topcoder.service.digitalrun.contest.DigitalRunContestManagerBean.initialize(DigitalRunContestManagerBean.java:461)
	at com.topcoder.service.digitalrun.contest.DigitalRunContestManagerBeanUnitTests.setUp(DigitalRunContestManagerBeanUnitTests.java:51)
	at junit.framework.TestCase.runBare(TestCase.java:125)
	at junit.framework.TestResult$1.protect(TestResult.java:106)
	at junit.framework.TestResult.runProtected(TestResult.java:124)
	at junit.framework.TestResult.run(TestResult.java:109)
	at junit.framework.TestCase.run(TestCase.java:118)
	at junit.framework.TestSuite.runTest(TestSuite.java:208)
	at junit.framework.TestSuite.run(TestSuite.java:203)
	at junit.framework.TestSuite.runTest(TestSuite.java:208)
	at junit.framework.TestSuite.run(TestSuite.java:203)
	at org.apache.tools.ant.taskdefs.optional.junit.JUnitTestRunner.run(JUnitTestRunner.java:297)
	at org.apache.tools.ant.taskdefs.optional.junit.JUnitTestRunner.launch(JUnitTestRunner.java:672)
	at org.apache.tools.ant.taskdefs.optional.junit.JUnitTestRunner.main(JUnitTestRunner.java:567)
com.topcoder.service.digitalrun.contest.MockTrackContestTypeDAO.setSessionContext(javax.ejb.SessionContext)
java.lang.NoSuchMethodException: com.topcoder.service.digitalrun.contest.MockTrackContestTypeDAO.setSessionContext(javax.ejb.SessionContext)
	at java.lang.Class.getMethod(Class.java:1581)
	at com.topcoder.service.digitalrun.contest.DigitalRunContestManagerBean.inject(DigitalRunContestManagerBean.java:490)
	at com.topcoder.service.digitalrun.contest.DigitalRunContestManagerBean.initialize(DigitalRunContestManagerBean.java:462)
	at com.topcoder.service.digitalrun.contest.DigitalRunContestManagerBeanUnitTests.setUp(DigitalRunContestManagerBeanUnitTests.java:51)
	at junit.framework.TestCase.runBare(TestCase.java:125)
	at junit.framework.TestResult$1.protect(TestResult.java:106)
	at junit.framework.TestResult.runProtected(TestResult.java:124)
	at junit.framework.TestResult.run(TestResult.java:109)
	at junit.framework.TestCase.run(TestCase.java:118)
	at junit.framework.TestSuite.runTest(TestSuite.java:208)
	at junit.framework.TestSuite.run(TestSuite.java:203)
	at junit.framework.TestSuite.runTest(TestSuite.java:208)
	at junit.framework.TestSuite.run(TestSuite.java:203)
	at org.apache.tools.ant.taskdefs.optional.junit.JUnitTestRunner.run(JUnitTestRunner.java:297)
	at org.apache.tools.ant.taskdefs.optional.junit.JUnitTestRunner.launch(JUnitTestRunner.java:672)
	at org.apache.tools.ant.taskdefs.optional.junit.JUnitTestRunner.main(JUnitTestRunner.java:567)
com.topcoder.service.digitalrun.contest.MockResultCalculatorDAO.setSessionContext(javax.ejb.SessionContext)
java.lang.NoSuchMethodException: com.topcoder.service.digitalrun.contest.MockResultCalculatorDAO.setSessionContext(javax.ejb.SessionContext)
	at java.lang.Class.getMethod(Class.java:1581)
	at com.topcoder.service.digitalrun.contest.DigitalRunContestManagerBean.inject(DigitalRunContestManagerBean.java:490)
	at com.topcoder.service.digitalrun.contest.DigitalRunContestManagerBean.initialize(DigitalRunContestManagerBean.java:463)
	at com.topcoder.service.digitalrun.contest.DigitalRunContestManagerBeanUnitTests.setUp(DigitalRunContestManagerBeanUnitTests.java:51)
	at junit.framework.TestCase.runBare(TestCase.java:125)
	at junit.framework.TestResult$1.protect(TestResult.java:106)
	at junit.framework.TestResult.runProtected(TestResult.java:124)
	at junit.framework.TestResult.run(TestResult.java:109)
	at junit.framework.TestCase.run(TestCase.java:118)
	at junit.framework.TestSuite.runTest(TestSuite.java:208)
	at junit.framework.TestSuite.run(TestSuite.java:203)
	at junit.framework.TestSuite.runTest(TestSuite.java:208)
	at junit.framework.TestSuite.run(TestSuite.java:203)
	at org.apache.tools.ant.taskdefs.optional.junit.JUnitTestRunner.run(JUnitTestRunner.java:297)
	at org.apache.tools.ant.taskdefs.optional.junit.JUnitTestRunner.launch(JUnitTestRunner.java:672)
	at org.apache.tools.ant.taskdefs.optional.junit.JUnitTestRunner.main(JUnitTestRunner.java:567)
com.topcoder.service.digitalrun.contest.MockTrackContestDAO.setLogger(com.topcoder.util.log.Log)
java.lang.NoSuchMethodException: com.topcoder.service.digitalrun.contest.MockTrackContestDAO.setLogger(com.topcoder.util.log.Log)
	at java.lang.Class.getMethod(Class.java:1581)
	at com.topcoder.service.digitalrun.contest.DigitalRunContestManagerBean.inject(DigitalRunContestManagerBean.java:490)
	at com.topcoder.service.digitalrun.contest.DigitalRunContestManagerBean.initialize(DigitalRunContestManagerBean.java:452)
	at com.topcoder.service.digitalrun.contest.DigitalRunContestManagerBeanUnitTests.setUp(DigitalRunContestManagerBeanUnitTests.java:51)
	at junit.framework.TestCase.runBare(TestCase.java:125)
	at junit.framework.TestResult$1.protect(TestResult.java:106)
	at junit.framework.TestResult.runProtected(TestResult.java:124)
	at junit.framework.TestResult.run(TestResult.java:109)
	at junit.framework.TestCase.run(TestCase.java:118)
	at junit.framework.TestSuite.runTest(TestSuite.java:208)
	at junit.framework.TestSuite.run(TestSuite.java:203)
	at junit.framework.TestSuite.runTest(TestSuite.java:208)
	at junit.framework.TestSuite.run(TestSuite.java:203)
	at org.apache.tools.ant.taskdefs.optional.junit.JUnitTestRunner.run(JUnitTestRunner.java:297)
	at org.apache.tools.ant.taskdefs.optional.junit.JUnitTestRunner.launch(JUnitTestRunner.java:672)
	at org.apache.tools.ant.taskdefs.optional.junit.JUnitTestRunner.main(JUnitTestRunner.java:567)
com.topcoder.service.digitalrun.contest.MockTrackContestTypeDAO.setLogger(com.topcoder.util.log.Log)
java.lang.NoSuchMethodException: com.topcoder.service.digitalrun.contest.MockTrackContestTypeDAO.setLogger(com.topcoder.util.log.Log)
	at java.lang.Class.getMethod(Class.java:1581)
	at com.topcoder.service.digitalrun.contest.DigitalRunContestManagerBean.inject(DigitalRunContestManagerBean.java:490)
	at com.topcoder.service.digitalrun.contest.DigitalRunContestManagerBean.initialize(DigitalRunContestManagerBean.java:453)
	at com.topcoder.service.digitalrun.contest.DigitalRunContestManagerBeanUnitTests.setUp(DigitalRunContestManagerBeanUnitTests.java:51)
	at junit.framework.TestCase.runBare(TestCase.java:125)
	at junit.framework.TestResult$1.protect(TestResult.java:106)
	at junit.framework.TestResult.runProtected(TestResult.java:124)
	at junit.framework.TestResult.run(TestResult.java:109)
	at junit.framework.TestCase.run(TestCase.java:118)
	at junit.framework.TestSuite.runTest(TestSuite.java:208)
	at junit.framework.TestSuite.run(TestSuite.java:203)
	at junit.framework.TestSuite.runTest(TestSuite.java:208)
	at junit.framework.TestSuite.run(TestSuite.java:203)
	at org.apache.tools.ant.taskdefs.optional.junit.JUnitTestRunner.run(JUnitTestRunner.java:297)
	at org.apache.tools.ant.taskdefs.optional.junit.JUnitTestRunner.launch(JUnitTestRunner.java:672)
	at org.apache.tools.ant.taskdefs.optional.junit.JUnitTestRunner.main(JUnitTestRunner.java:567)
com.topcoder.service.digitalrun.contest.MockResultCalculatorDAO.setLogger(com.topcoder.util.log.Log)
java.lang.NoSuchMethodException: com.topcoder.service.digitalrun.contest.MockResultCalculatorDAO.setLogger(com.topcoder.util.log.Log)
	at java.lang.Class.getMethod(Class.java:1581)
	at com.topcoder.service.digitalrun.contest.DigitalRunContestManagerBean.inject(DigitalRunContestManagerBean.java:490)
	at com.topcoder.service.digitalrun.contest.DigitalRunContestManagerBean.initialize(DigitalRunContestManagerBean.java:454)
	at com.topcoder.service.digitalrun.contest.DigitalRunContestManagerBeanUnitTests.setUp(DigitalRunContestManagerBeanUnitTests.java:51)
	at junit.framework.TestCase.runBare(TestCase.java:125)
	at junit.framework.TestResult$1.protect(TestResult.java:106)
	at junit.framework.TestResult.runProtected(TestResult.java:124)
	at junit.framework.TestResult.run(TestResult.java:109)
	at junit.framework.TestCase.run(TestCase.java:118)
	at junit.framework.TestSuite.runTest(TestSuite.java:208)
	at junit.framework.TestSuite.run(TestSuite.java:203)
	at junit.framework.TestSuite.runTest(TestSuite.java:208)
	at junit.framework.TestSuite.run(TestSuite.java:203)
	at org.apache.tools.ant.taskdefs.optional.junit.JUnitTestRunner.run(JUnitTestRunner.java:297)
	at org.apache.tools.ant.taskdefs.optional.junit.JUnitTestRunner.launch(JUnitTestRunner.java:672)
	at org.apache.tools.ant.taskdefs.optional.junit.JUnitTestRunner.main(JUnitTestRunner.java:567)
com.topcoder.service.digitalrun.contest.MockTrackContestDAO.setUnitName(java.lang.String)
java.lang.NoSuchMethodException: com.topcoder.service.digitalrun.contest.MockTrackContestDAO.setUnitName(java.lang.String)
	at java.lang.Class.getMethod(Class.java:1581)
	at com.topcoder.service.digitalrun.contest.DigitalRunContestManagerBean.inject(DigitalRunContestManagerBean.java:490)
	at com.topcoder.service.digitalrun.contest.DigitalRunContestManagerBean.initialize(DigitalRunContestManagerBean.java:457)
	at com.topcoder.service.digitalrun.contest.DigitalRunContestManagerBeanUnitTests.setUp(DigitalRunContestManagerBeanUnitTests.java:51)
	at junit.framework.TestCase.runBare(TestCase.java:125)
	at junit.framework.TestResult$1.protect(TestResult.java:106)
	at junit.framework.TestResult.runProtected(TestResult.java:124)
	at junit.framework.TestResult.run(TestResult.java:109)
	at junit.framework.TestCase.run(TestCase.java:118)
	at junit.framework.TestSuite.runTest(TestSuite.java:208)
	at junit.framework.TestSuite.run(TestSuite.java:203)
	at junit.framework.TestSuite.runTest(TestSuite.java:208)
	at junit.framework.TestSuite.run(TestSuite.java:203)
	at org.apache.tools.ant.taskdefs.optional.junit.JUnitTestRunner.run(JUnitTestRunner.java:297)
	at org.apache.tools.ant.taskdefs.optional.junit.JUnitTestRunner.launch(JUnitTestRunner.java:672)
	at org.apache.tools.ant.taskdefs.optional.junit.JUnitTestRunner.main(JUnitTestRunner.java:567)
com.topcoder.service.digitalrun.contest.MockTrackContestTypeDAO.setUnitName(java.lang.String)
java.lang.NoSuchMethodException: com.topcoder.service.digitalrun.contest.MockTrackContestTypeDAO.setUnitName(java.lang.String)
	at java.lang.Class.getMethod(Class.java:1581)
	at com.topcoder.service.digitalrun.contest.DigitalRunContestManagerBean.inject(DigitalRunContestManagerBean.java:490)
	at com.topcoder.service.digitalrun.contest.DigitalRunContestManagerBean.initialize(DigitalRunContestManagerBean.java:458)
	at com.topcoder.service.digitalrun.contest.DigitalRunContestManagerBeanUnitTests.setUp(DigitalRunContestManagerBeanUnitTests.java:51)
	at junit.framework.TestCase.runBare(TestCase.java:125)
	at junit.framework.TestResult$1.protect(TestResult.java:106)
	at junit.framework.TestResult.runProtected(TestResult.java:124)
	at junit.framework.TestResult.run(TestResult.java:109)
	at junit.framework.TestCase.run(TestCase.java:118)
	at junit.framework.TestSuite.runTest(TestSuite.java:208)
	at junit.framework.TestSuite.run(TestSuite.java:203)
	at junit.framework.TestSuite.runTest(TestSuite.java:208)
	at junit.framework.TestSuite.run(TestSuite.java:203)
	at org.apache.tools.ant.taskdefs.optional.junit.JUnitTestRunner.run(JUnitTestRunner.java:297)
	at org.apache.tools.ant.taskdefs.optional.junit.JUnitTestRunner.launch(JUnitTestRunner.java:672)
	at org.apache.tools.ant.taskdefs.optional.junit.JUnitTestRunner.main(JUnitTestRunner.java:567)
com.topcoder.service.digitalrun.contest.MockResultCalculatorDAO.setUnitName(java.lang.String)
java.lang.NoSuchMethodException: com.topcoder.service.digitalrun.contest.MockResultCalculatorDAO.setUnitName(java.lang.String)
	at java.lang.Class.getMethod(Class.java:1581)
	at com.topcoder.service.digitalrun.contest.DigitalRunContestManagerBean.inject(DigitalRunContestManagerBean.java:490)
	at com.topcoder.service.digitalrun.contest.DigitalRunContestManagerBean.initialize(DigitalRunContestManagerBean.java:459)
	at com.topcoder.service.digitalrun.contest.DigitalRunContestManagerBeanUnitTests.setUp(DigitalRunContestManagerBeanUnitTests.java:51)
	at junit.framework.TestCase.runBare(TestCase.java:125)
	at junit.framework.TestResult$1.protect(TestResult.java:106)
	at junit.framework.TestResult.runProtected(TestResult.java:124)
	at junit.framework.TestResult.run(TestResult.java:109)
	at junit.framework.TestCase.run(TestCase.java:118)
	at junit.framework.TestSuite.runTest(TestSuite.java:208)
	at junit.framework.TestSuite.run(TestSuite.java:203)
	at junit.framework.TestSuite.runTest(TestSuite.java:208)
	at junit.framework.TestSuite.run(TestSuite.java:203)
	at org.apache.tools.ant.taskdefs.optional.junit.JUnitTestRunner.run(JUnitTestRunner.java:297)
	at org.apache.tools.ant.taskdefs.optional.junit.JUnitTestRunner.launch(JUnitTestRunner.java:672)
	at org.apache.tools.ant.taskdefs.optional.junit.JUnitTestRunner.main(JUnitTestRunner.java:567)
com.topcoder.service.digitalrun.contest.MockTrackContestDAO.setSessionContext(javax.ejb.SessionContext)
java.lang.NoSuchMethodException: com.topcoder.service.digitalrun.contest.MockTrackContestDAO.setSessionContext(javax.ejb.SessionContext)
	at java.lang.Class.getMethod(Class.java:1581)
	at com.topcoder.service.digitalrun.contest.DigitalRunContestManagerBean.inject(DigitalRunContestManagerBean.java:490)
	at com.topcoder.service.digitalrun.contest.DigitalRunContestManagerBean.initialize(DigitalRunContestManagerBean.java:461)
	at com.topcoder.service.digitalrun.contest.DigitalRunContestManagerBeanUnitTests.setUp(DigitalRunContestManagerBeanUnitTests.java:51)
	at junit.framework.TestCase.runBare(TestCase.java:125)
	at junit.framework.TestResult$1.protect(TestResult.java:106)
	at junit.framework.TestResult.runProtected(TestResult.java:124)
	at junit.framework.TestResult.run(TestResult.java:109)
	at junit.framework.TestCase.run(TestCase.java:118)
	at junit.framework.TestSuite.runTest(TestSuite.java:208)
	at junit.framework.TestSuite.run(TestSuite.java:203)
	at junit.framework.TestSuite.runTest(TestSuite.java:208)
	at junit.framework.TestSuite.run(TestSuite.java:203)
	at org.apache.tools.ant.taskdefs.optional.junit.JUnitTestRunner.run(JUnitTestRunner.java:297)
	at org.apache.tools.ant.taskdefs.optional.junit.JUnitTestRunner.launch(JUnitTestRunner.java:672)
	at org.apache.tools.ant.taskdefs.optional.junit.JUnitTestRunner.main(JUnitTestRunner.java:567)
com.topcoder.service.digitalrun.contest.MockTrackContestTypeDAO.setSessionContext(javax.ejb.SessionContext)
java.lang.NoSuchMethodException: com.topcoder.service.digitalrun.contest.MockTrackContestTypeDAO.setSessionContext(javax.ejb.SessionContext)
	at java.lang.Class.getMethod(Class.java:1581)
	at com.topcoder.service.digitalrun.contest.DigitalRunContestManagerBean.inject(DigitalRunContestManagerBean.java:490)
	at com.topcoder.service.digitalrun.contest.DigitalRunContestManagerBean.initialize(DigitalRunContestManagerBean.java:462)
	at com.topcoder.service.digitalrun.contest.DigitalRunContestManagerBeanUnitTests.setUp(DigitalRunContestManagerBeanUnitTests.java:51)
	at junit.framework.TestCase.runBare(TestCase.java:125)
	at junit.framework.TestResult$1.protect(TestResult.java:106)
	at junit.framework.TestResult.runProtected(TestResult.java:124)
	at junit.framework.TestResult.run(TestResult.java:109)
	at junit.framework.TestCase.run(TestCase.java:118)
	at junit.framework.TestSuite.runTest(TestSuite.java:208)
	at junit.framework.TestSuite.run(TestSuite.java:203)
	at junit.framework.TestSuite.runTest(TestSuite.java:208)
	at junit.framework.TestSuite.run(TestSuite.java:203)
	at org.apache.tools.ant.taskdefs.optional.junit.JUnitTestRunner.run(JUnitTestRunner.java:297)
	at org.apache.tools.ant.taskdefs.optional.junit.JUnitTestRunner.launch(JUnitTestRunner.java:672)
	at org.apache.tools.ant.taskdefs.optional.junit.JUnitTestRunner.main(JUnitTestRunner.java:567)
com.topcoder.service.digitalrun.contest.MockResultCalculatorDAO.setSessionContext(javax.ejb.SessionContext)
java.lang.NoSuchMethodException: com.topcoder.service.digitalrun.contest.MockResultCalculatorDAO.setSessionContext(javax.ejb.SessionContext)
	at java.lang.Class.getMethod(Class.java:1581)
	at com.topcoder.service.digitalrun.contest.DigitalRunContestManagerBean.inject(DigitalRunContestManagerBean.java:490)
	at com.topcoder.service.digitalrun.contest.DigitalRunContestManagerBean.initialize(DigitalRunContestManagerBean.java:463)
	at com.topcoder.service.digitalrun.contest.DigitalRunContestManagerBeanUnitTests.setUp(DigitalRunContestManagerBeanUnitTests.java:51)
	at junit.framework.TestCase.runBare(TestCase.java:125)
	at junit.framework.TestResult$1.protect(TestResult.java:106)
	at junit.framework.TestResult.runProtected(TestResult.java:124)
	at junit.framework.TestResult.run(TestResult.java:109)
	at junit.framework.TestCase.run(TestCase.java:118)
	at junit.framework.TestSuite.runTest(TestSuite.java:208)
	at junit.framework.TestSuite.run(TestSuite.java:203)
	at junit.framework.TestSuite.runTest(TestSuite.java:208)
	at junit.framework.TestSuite.run(TestSuite.java:203)
	at org.apache.tools.ant.taskdefs.optional.junit.JUnitTestRunner.run(JUnitTestRunner.java:297)
	at org.apache.tools.ant.taskdefs.optional.junit.JUnitTestRunner.launch(JUnitTestRunner.java:672)
	at org.apache.tools.ant.taskdefs.optional.junit.JUnitTestRunner.main(JUnitTestRunner.java:567)
com.topcoder.service.digitalrun.contest.MockTrackContestDAO.setLogger(com.topcoder.util.log.Log)
java.lang.NoSuchMethodException: com.topcoder.service.digitalrun.contest.MockTrackContestDAO.setLogger(com.topcoder.util.log.Log)
	at java.lang.Class.getMethod(Class.java:1581)
	at com.topcoder.service.digitalrun.contest.DigitalRunContestManagerBean.inject(DigitalRunContestManagerBean.java:490)
	at com.topcoder.service.digitalrun.contest.DigitalRunContestManagerBean.initialize(DigitalRunContestManagerBean.java:452)
	at com.topcoder.service.digitalrun.contest.DigitalRunContestManagerBeanUnitTests.setUp(DigitalRunContestManagerBeanUnitTests.java:51)
	at junit.framework.TestCase.runBare(TestCase.java:125)
	at junit.framework.TestResult$1.protect(TestResult.java:106)
	at junit.framework.TestResult.runProtected(TestResult.java:124)
	at junit.framework.TestResult.run(TestResult.java:109)
	at junit.framework.TestCase.run(TestCase.java:118)
	at junit.framework.TestSuite.runTest(TestSuite.java:208)
	at junit.framework.TestSuite.run(TestSuite.java:203)
	at junit.framework.TestSuite.runTest(TestSuite.java:208)
	at junit.framework.TestSuite.run(TestSuite.java:203)
	at org.apache.tools.ant.taskdefs.optional.junit.JUnitTestRunner.run(JUnitTestRunner.java:297)
	at org.apache.tools.ant.taskdefs.optional.junit.JUnitTestRunner.launch(JUnitTestRunner.java:672)
	at org.apache.tools.ant.taskdefs.optional.junit.JUnitTestRunner.main(JUnitTestRunner.java:567)
com.topcoder.service.digitalrun.contest.MockTrackContestTypeDAO.setLogger(com.topcoder.util.log.Log)
java.lang.NoSuchMethodException: com.topcoder.service.digitalrun.contest.MockTrackContestTypeDAO.setLogger(com.topcoder.util.log.Log)
	at java.lang.Class.getMethod(Class.java:1581)
	at com.topcoder.service.digitalrun.contest.DigitalRunContestManagerBean.inject(DigitalRunContestManagerBean.java:490)
	at com.topcoder.service.digitalrun.contest.DigitalRunContestManagerBean.initialize(DigitalRunContestManagerBean.java:453)
	at com.topcoder.service.digitalrun.contest.DigitalRunContestManagerBeanUnitTests.setUp(DigitalRunContestManagerBeanUnitTests.java:51)
	at junit.framework.TestCase.runBare(TestCase.java:125)
	at junit.framework.TestResult$1.protect(TestResult.java:106)
	at junit.framework.TestResult.runProtected(TestResult.java:124)
	at junit.framework.TestResult.run(TestResult.java:109)
	at junit.framework.TestCase.run(TestCase.java:118)
	at junit.framework.TestSuite.runTest(TestSuite.java:208)
	at junit.framework.TestSuite.run(TestSuite.java:203)
	at junit.framework.TestSuite.runTest(TestSuite.java:208)
	at junit.framework.TestSuite.run(TestSuite.java:203)
	at org.apache.tools.ant.taskdefs.optional.junit.JUnitTestRunner.run(JUnitTestRunner.java:297)
	at org.apache.tools.ant.taskdefs.optional.junit.JUnitTestRunner.launch(JUnitTestRunner.java:672)
	at org.apache.tools.ant.taskdefs.optional.junit.JUnitTestRunner.main(JUnitTestRunner.java:567)
com.topcoder.service.digitalrun.contest.MockResultCalculatorDAO.setLogger(com.topcoder.util.log.Log)
java.lang.NoSuchMethodException: com.topcoder.service.digitalrun.contest.MockResultCalculatorDAO.setLogger(com.topcoder.util.log.Log)
	at java.lang.Class.getMethod(Class.java:1581)
	at com.topcoder.service.digitalrun.contest.DigitalRunContestManagerBean.inject(DigitalRunContestManagerBean.java:490)
	at com.topcoder.service.digitalrun.contest.DigitalRunContestManagerBean.initialize(DigitalRunContestManagerBean.java:454)
	at com.topcoder.service.digitalrun.contest.DigitalRunContestManagerBeanUnitTests.setUp(DigitalRunContestManagerBeanUnitTests.java:51)
	at junit.framework.TestCase.runBare(TestCase.java:125)
	at junit.framework.TestResult$1.protect(TestResult.java:106)
	at junit.framework.TestResult.runProtected(TestResult.java:124)
	at junit.framework.TestResult.run(TestResult.java:109)
	at junit.framework.TestCase.run(TestCase.java:118)
	at junit.framework.TestSuite.runTest(TestSuite.java:208)
	at junit.framework.TestSuite.run(TestSuite.java:203)
	at junit.framework.TestSuite.runTest(TestSuite.java:208)
	at junit.framework.TestSuite.run(TestSuite.java:203)
	at org.apache.tools.ant.taskdefs.optional.junit.JUnitTestRunner.run(JUnitTestRunner.java:297)
	at org.apache.tools.ant.taskdefs.optional.junit.JUnitTestRunner.launch(JUnitTestRunner.java:672)
	at org.apache.tools.ant.taskdefs.optional.junit.JUnitTestRunner.main(JUnitTestRunner.java:567)
com.topcoder.service.digitalrun.contest.MockTrackContestDAO.setUnitName(java.lang.String)
java.lang.NoSuchMethodException: com.topcoder.service.digitalrun.contest.MockTrackContestDAO.setUnitName(java.lang.String)
	at java.lang.Class.getMethod(Class.java:1581)
	at com.topcoder.service.digitalrun.contest.DigitalRunContestManagerBean.inject(DigitalRunContestManagerBean.java:490)
	at com.topcoder.service.digitalrun.contest.DigitalRunContestManagerBean.initialize(DigitalRunContestManagerBean.java:457)
	at com.topcoder.service.digitalrun.contest.DigitalRunContestManagerBeanUnitTests.setUp(DigitalRunContestManagerBeanUnitTests.java:51)
	at junit.framework.TestCase.runBare(TestCase.java:125)
	at junit.framework.TestResult$1.protect(TestResult.java:106)
	at junit.framework.TestResult.runProtected(TestResult.java:124)
	at junit.framework.TestResult.run(TestResult.java:109)
	at junit.framework.TestCase.run(TestCase.java:118)
	at junit.framework.TestSuite.runTest(TestSuite.java:208)
	at junit.framework.TestSuite.run(TestSuite.java:203)
	at junit.framework.TestSuite.runTest(TestSuite.java:208)
	at junit.framework.TestSuite.run(TestSuite.java:203)
	at org.apache.tools.ant.taskdefs.optional.junit.JUnitTestRunner.run(JUnitTestRunner.java:297)
	at org.apache.tools.ant.taskdefs.optional.junit.JUnitTestRunner.launch(JUnitTestRunner.java:672)
	at org.apache.tools.ant.taskdefs.optional.junit.JUnitTestRunner.main(JUnitTestRunner.java:567)
com.topcoder.service.digitalrun.contest.MockTrackContestTypeDAO.setUnitName(java.lang.String)
java.lang.NoSuchMethodException: com.topcoder.service.digitalrun.contest.MockTrackContestTypeDAO.setUnitName(java.lang.String)
	at java.lang.Class.getMethod(Class.java:1581)
	at com.topcoder.service.digitalrun.contest.DigitalRunContestManagerBean.inject(DigitalRunContestManagerBean.java:490)
	at com.topcoder.service.digitalrun.contest.DigitalRunContestManagerBean.initialize(DigitalRunContestManagerBean.java:458)
	at com.topcoder.service.digitalrun.contest.DigitalRunContestManagerBeanUnitTests.setUp(DigitalRunContestManagerBeanUnitTests.java:51)
	at junit.framework.TestCase.runBare(TestCase.java:125)
	at junit.framework.TestResult$1.protect(TestResult.java:106)
	at junit.framework.TestResult.runProtected(TestResult.java:124)
	at junit.framework.TestResult.run(TestResult.java:109)
	at junit.framework.TestCase.run(TestCase.java:118)
	at junit.framework.TestSuite.runTest(TestSuite.java:208)
	at junit.framework.TestSuite.run(TestSuite.java:203)
	at junit.framework.TestSuite.runTest(TestSuite.java:208)
	at junit.framework.TestSuite.run(TestSuite.java:203)
	at org.apache.tools.ant.taskdefs.optional.junit.JUnitTestRunner.run(JUnitTestRunner.java:297)
	at org.apache.tools.ant.taskdefs.optional.junit.JUnitTestRunner.launch(JUnitTestRunner.java:672)
	at org.apache.tools.ant.taskdefs.optional.junit.JUnitTestRunner.main(JUnitTestRunner.java:567)
com.topcoder.service.digitalrun.contest.MockResultCalculatorDAO.setUnitName(java.lang.String)
java.lang.NoSuchMethodException: com.topcoder.service.digitalrun.contest.MockResultCalculatorDAO.setUnitName(java.lang.String)
	at java.lang.Class.getMethod(Class.java:1581)
	at com.topcoder.service.digitalrun.contest.DigitalRunContestManagerBean.inject(DigitalRunContestManagerBean.java:490)
	at com.topcoder.service.digitalrun.contest.DigitalRunContestManagerBean.initialize(DigitalRunContestManagerBean.java:459)
	at com.topcoder.service.digitalrun.contest.DigitalRunContestManagerBeanUnitTests.setUp(DigitalRunContestManagerBeanUnitTests.java:51)
	at junit.framework.TestCase.runBare(TestCase.java:125)
	at junit.framework.TestResult$1.protect(TestResult.java:106)
	at junit.framework.TestResult.runProtected(TestResult.java:124)
	at junit.framework.TestResult.run(TestResult.java:109)
	at junit.framework.TestCase.run(TestCase.java:118)
	at junit.framework.TestSuite.runTest(TestSuite.java:208)
	at junit.framework.TestSuite.run(TestSuite.java:203)
	at junit.framework.TestSuite.runTest(TestSuite.java:208)
	at junit.framework.TestSuite.run(TestSuite.java:203)
	at org.apache.tools.ant.taskdefs.optional.junit.JUnitTestRunner.run(JUnitTestRunner.java:297)
	at org.apache.tools.ant.taskdefs.optional.junit.JUnitTestRunner.launch(JUnitTestRunner.java:672)
	at org.apache.tools.ant.taskdefs.optional.junit.JUnitTestRunner.main(JUnitTestRunner.java:567)
com.topcoder.service.digitalrun.contest.MockTrackContestDAO.setSessionContext(javax.ejb.SessionContext)
java.lang.NoSuchMethodException: com.topcoder.service.digitalrun.contest.MockTrackContestDAO.setSessionContext(javax.ejb.SessionContext)
	at java.lang.Class.getMethod(Class.java:1581)
	at com.topcoder.service.digitalrun.contest.DigitalRunContestManagerBean.inject(DigitalRunContestManagerBean.java:490)
	at com.topcoder.service.digitalrun.contest.DigitalRunContestManagerBean.initialize(DigitalRunContestManagerBean.java:461)
	at com.topcoder.service.digitalrun.contest.DigitalRunContestManagerBeanUnitTests.setUp(DigitalRunContestManagerBeanUnitTests.java:51)
	at junit.framework.TestCase.runBare(TestCase.java:125)
	at junit.framework.TestResult$1.protect(TestResult.java:106)
	at junit.framework.TestResult.runProtected(TestResult.java:124)
	at junit.framework.TestResult.run(TestResult.java:109)
	at junit.framework.TestCase.run(TestCase.java:118)
	at junit.framework.TestSuite.runTest(TestSuite.java:208)
	at junit.framework.TestSuite.run(TestSuite.java:203)
	at junit.framework.TestSuite.runTest(TestSuite.java:208)
	at junit.framework.TestSuite.run(TestSuite.java:203)
	at org.apache.tools.ant.taskdefs.optional.junit.JUnitTestRunner.run(JUnitTestRunner.java:297)
	at org.apache.tools.ant.taskdefs.optional.junit.JUnitTestRunner.launch(JUnitTestRunner.java:672)
	at org.apache.tools.ant.taskdefs.optional.junit.JUnitTestRunner.main(JUnitTestRunner.java:567)
com.topcoder.service.digitalrun.contest.MockTrackContestTypeDAO.setSessionContext(javax.ejb.SessionContext)
java.lang.NoSuchMethodException: com.topcoder.service.digitalrun.contest.MockTrackContestTypeDAO.setSessionContext(javax.ejb.SessionContext)
	at java.lang.Class.getMethod(Class.java:1581)
	at com.topcoder.service.digitalrun.contest.DigitalRunContestManagerBean.inject(DigitalRunContestManagerBean.java:490)
	at com.topcoder.service.digitalrun.contest.DigitalRunContestManagerBean.initialize(DigitalRunContestManagerBean.java:462)
	at com.topcoder.service.digitalrun.contest.DigitalRunContestManagerBeanUnitTests.setUp(DigitalRunContestManagerBeanUnitTests.java:51)
	at junit.framework.TestCase.runBare(TestCase.java:125)
	at junit.framework.TestResult$1.protect(TestResult.java:106)
	at junit.framework.TestResult.runProtected(TestResult.java:124)
	at junit.framework.TestResult.run(TestResult.java:109)
	at junit.framework.TestCase.run(TestCase.java:118)
	at junit.framework.TestSuite.runTest(TestSuite.java:208)
	at junit.framework.TestSuite.run(TestSuite.java:203)
	at junit.framework.TestSuite.runTest(TestSuite.java:208)
	at junit.framework.TestSuite.run(TestSuite.java:203)
	at org.apache.tools.ant.taskdefs.optional.junit.JUnitTestRunner.run(JUnitTestRunner.java:297)
	at org.apache.tools.ant.taskdefs.optional.junit.JUnitTestRunner.launch(JUnitTestRunner.java:672)
	at org.apache.tools.ant.taskdefs.optional.junit.JUnitTestRunner.main(JUnitTestRunner.java:567)
com.topcoder.service.digitalrun.contest.MockResultCalculatorDAO.setSessionContext(javax.ejb.SessionContext)
java.lang.NoSuchMethodException: com.topcoder.service.digitalrun.contest.MockResultCalculatorDAO.setSessionContext(javax.ejb.SessionContext)
	at java.lang.Class.getMethod(Class.java:1581)
	at com.topcoder.service.digitalrun.contest.DigitalRunContestManagerBean.inject(DigitalRunContestManagerBean.java:490)
	at com.topcoder.service.digitalrun.contest.DigitalRunContestManagerBean.initialize(DigitalRunContestManagerBean.java:463)
	at com.topcoder.service.digitalrun.contest.DigitalRunContestManagerBeanUnitTests.setUp(DigitalRunContestManagerBeanUnitTests.java:51)
	at junit.framework.TestCase.runBare(TestCase.java:125)
	at junit.framework.TestResult$1.protect(TestResult.java:106)
	at junit.framework.TestResult.runProtected(TestResult.java:124)
	at junit.framework.TestResult.run(TestResult.java:109)
	at junit.framework.TestCase.run(TestCase.java:118)
	at junit.framework.TestSuite.runTest(TestSuite.java:208)
	at junit.framework.TestSuite.run(TestSuite.java:203)
	at junit.framework.TestSuite.runTest(TestSuite.java:208)
	at junit.framework.TestSuite.run(TestSuite.java:203)
	at org.apache.tools.ant.taskdefs.optional.junit.JUnitTestRunner.run(JUnitTestRunner.java:297)
	at org.apache.tools.ant.taskdefs.optional.junit.JUnitTestRunner.launch(JUnitTestRunner.java:672)
	at org.apache.tools.ant.taskdefs.optional.junit.JUnitTestRunner.main(JUnitTestRunner.java:567)
com.topcoder.service.digitalrun.contest.MockTrackContestDAO.setLogger(com.topcoder.util.log.Log)
java.lang.NoSuchMethodException: com.topcoder.service.digitalrun.contest.MockTrackContestDAO.setLogger(com.topcoder.util.log.Log)
	at java.lang.Class.getMethod(Class.java:1581)
	at com.topcoder.service.digitalrun.contest.DigitalRunContestManagerBean.inject(DigitalRunContestManagerBean.java:490)
	at com.topcoder.service.digitalrun.contest.DigitalRunContestManagerBean.initialize(DigitalRunContestManagerBean.java:452)
	at com.topcoder.service.digitalrun.contest.DigitalRunContestManagerBeanUnitTests.setUp(DigitalRunContestManagerBeanUnitTests.java:51)
	at junit.framework.TestCase.runBare(TestCase.java:125)
	at junit.framework.TestResult$1.protect(TestResult.java:106)
	at junit.framework.TestResult.runProtected(TestResult.java:124)
	at junit.framework.TestResult.run(TestResult.java:109)
	at junit.framework.TestCase.run(TestCase.java:118)
	at junit.framework.TestSuite.runTest(TestSuite.java:208)
	at junit.framework.TestSuite.run(TestSuite.java:203)
	at junit.framework.TestSuite.runTest(TestSuite.java:208)
	at junit.framework.TestSuite.run(TestSuite.java:203)
	at org.apache.tools.ant.taskdefs.optional.junit.JUnitTestRunner.run(JUnitTestRunner.java:297)
	at org.apache.tools.ant.taskdefs.optional.junit.JUnitTestRunner.launch(JUnitTestRunner.java:672)
	at org.apache.tools.ant.taskdefs.optional.junit.JUnitTestRunner.main(JUnitTestRunner.java:567)
com.topcoder.service.digitalrun.contest.MockTrackContestTypeDAO.setLogger(com.topcoder.util.log.Log)
java.lang.NoSuchMethodException: com.topcoder.service.digitalrun.contest.MockTrackContestTypeDAO.setLogger(com.topcoder.util.log.Log)
	at java.lang.Class.getMethod(Class.java:1581)
	at com.topcoder.service.digitalrun.contest.DigitalRunContestManagerBean.inject(DigitalRunContestManagerBean.java:490)
	at com.topcoder.service.digitalrun.contest.DigitalRunContestManagerBean.initialize(DigitalRunContestManagerBean.java:453)
	at com.topcoder.service.digitalrun.contest.DigitalRunContestManagerBeanUnitTests.setUp(DigitalRunContestManagerBeanUnitTests.java:51)
	at junit.framework.TestCase.runBare(TestCase.java:125)
	at junit.framework.TestResult$1.protect(TestResult.java:106)
	at junit.framework.TestResult.runProtected(TestResult.java:124)
	at junit.framework.TestResult.run(TestResult.java:109)
	at junit.framework.TestCase.run(TestCase.java:118)
	at junit.framework.TestSuite.runTest(TestSuite.java:208)
	at junit.framework.TestSuite.run(TestSuite.java:203)
	at junit.framework.TestSuite.runTest(TestSuite.java:208)
	at junit.framework.TestSuite.run(TestSuite.java:203)
	at org.apache.tools.ant.taskdefs.optional.junit.JUnitTestRunner.run(JUnitTestRunner.java:297)
	at org.apache.tools.ant.taskdefs.optional.junit.JUnitTestRunner.launch(JUnitTestRunner.java:672)
	at org.apache.tools.ant.taskdefs.optional.junit.JUnitTestRunner.main(JUnitTestRunner.java:567)
com.topcoder.service.digitalrun.contest.MockResultCalculatorDAO.setLogger(com.topcoder.util.log.Log)
java.lang.NoSuchMethodException: com.topcoder.service.digitalrun.contest.MockResultCalculatorDAO.setLogger(com.topcoder.util.log.Log)
	at java.lang.Class.getMethod(Class.java:1581)
	at com.topcoder.service.digitalrun.contest.DigitalRunContestManagerBean.inject(DigitalRunContestManagerBean.java:490)
	at com.topcoder.service.digitalrun.contest.DigitalRunContestManagerBean.initialize(DigitalRunContestManagerBean.java:454)
	at com.topcoder.service.digitalrun.contest.DigitalRunContestManagerBeanUnitTests.setUp(DigitalRunContestManagerBeanUnitTests.java:51)
	at junit.framework.TestCase.runBare(TestCase.java:125)
	at junit.framework.TestResult$1.protect(TestResult.java:106)
	at junit.framework.TestResult.runProtected(TestResult.java:124)
	at junit.framework.TestResult.run(TestResult.java:109)
	at junit.framework.TestCase.run(TestCase.java:118)
	at junit.framework.TestSuite.runTest(TestSuite.java:208)
	at junit.framework.TestSuite.run(TestSuite.java:203)
	at junit.framework.TestSuite.runTest(TestSuite.java:208)
	at junit.framework.TestSuite.run(TestSuite.java:203)
	at org.apache.tools.ant.taskdefs.optional.junit.JUnitTestRunner.run(JUnitTestRunner.java:297)
	at org.apache.tools.ant.taskdefs.optional.junit.JUnitTestRunner.launch(JUnitTestRunner.java:672)
	at org.apache.tools.ant.taskdefs.optional.junit.JUnitTestRunner.main(JUnitTestRunner.java:567)
com.topcoder.service.digitalrun.contest.MockTrackContestDAO.setUnitName(java.lang.String)
java.lang.NoSuchMethodException: com.topcoder.service.digitalrun.contest.MockTrackContestDAO.setUnitName(java.lang.String)
	at java.lang.Class.getMethod(Class.java:1581)
	at com.topcoder.service.digitalrun.contest.DigitalRunContestManagerBean.inject(DigitalRunContestManagerBean.java:490)
	at com.topcoder.service.digitalrun.contest.DigitalRunContestManagerBean.initialize(DigitalRunContestManagerBean.java:457)
	at com.topcoder.service.digitalrun.contest.DigitalRunContestManagerBeanUnitTests.setUp(DigitalRunContestManagerBeanUnitTests.java:51)
	at junit.framework.TestCase.runBare(TestCase.java:125)
	at junit.framework.TestResult$1.protect(TestResult.java:106)
	at junit.framework.TestResult.runProtected(TestResult.java:124)
	at junit.framework.TestResult.run(TestResult.java:109)
	at junit.framework.TestCase.run(TestCase.java:118)
	at junit.framework.TestSuite.runTest(TestSuite.java:208)
	at junit.framework.TestSuite.run(TestSuite.java:203)
	at junit.framework.TestSuite.runTest(TestSuite.java:208)
	at junit.framework.TestSuite.run(TestSuite.java:203)
	at org.apache.tools.ant.taskdefs.optional.junit.JUnitTestRunner.run(JUnitTestRunner.java:297)
	at org.apache.tools.ant.taskdefs.optional.junit.JUnitTestRunner.launch(JUnitTestRunner.java:672)
	at org.apache.tools.ant.taskdefs.optional.junit.JUnitTestRunner.main(JUnitTestRunner.java:567)
com.topcoder.service.digitalrun.contest.MockTrackContestTypeDAO.setUnitName(java.lang.String)
java.lang.NoSuchMethodException: com.topcoder.service.digitalrun.contest.MockTrackContestTypeDAO.setUnitName(java.lang.String)
	at java.lang.Class.getMethod(Class.java:1581)
	at com.topcoder.service.digitalrun.contest.DigitalRunContestManagerBean.inject(DigitalRunContestManagerBean.java:490)
	at com.topcoder.service.digitalrun.contest.DigitalRunContestManagerBean.initialize(DigitalRunContestManagerBean.java:458)
	at com.topcoder.service.digitalrun.contest.DigitalRunContestManagerBeanUnitTests.setUp(DigitalRunContestManagerBeanUnitTests.java:51)
	at junit.framework.TestCase.runBare(TestCase.java:125)
	at junit.framework.TestResult$1.protect(TestResult.java:106)
	at junit.framework.TestResult.runProtected(TestResult.java:124)
	at junit.framework.TestResult.run(TestResult.java:109)
	at junit.framework.TestCase.run(TestCase.java:118)
	at junit.framework.TestSuite.runTest(TestSuite.java:208)
	at junit.framework.TestSuite.run(TestSuite.java:203)
	at junit.framework.TestSuite.runTest(TestSuite.java:208)
	at junit.framework.TestSuite.run(TestSuite.java:203)
	at org.apache.tools.ant.taskdefs.optional.junit.JUnitTestRunner.run(JUnitTestRunner.java:297)
	at org.apache.tools.ant.taskdefs.optional.junit.JUnitTestRunner.launch(JUnitTestRunner.java:672)
	at org.apache.tools.ant.taskdefs.optional.junit.JUnitTestRunner.main(JUnitTestRunner.java:567)
com.topcoder.service.digitalrun.contest.MockResultCalculatorDAO.setUnitName(java.lang.String)
java.lang.NoSuchMethodException: com.topcoder.service.digitalrun.contest.MockResultCalculatorDAO.setUnitName(java.lang.String)
	at java.lang.Class.getMethod(Class.java:1581)
	at com.topcoder.service.digitalrun.contest.DigitalRunContestManagerBean.inject(DigitalRunContestManagerBean.java:490)
	at com.topcoder.service.digitalrun.contest.DigitalRunContestManagerBean.initialize(DigitalRunContestManagerBean.java:459)
	at com.topcoder.service.digitalrun.contest.DigitalRunContestManagerBeanUnitTests.setUp(DigitalRunContestManagerBeanUnitTests.java:51)
	at junit.framework.TestCase.runBare(TestCase.java:125)
	at junit.framework.TestResult$1.protect(TestResult.java:106)
	at junit.framework.TestResult.runProtected(TestResult.java:124)
	at junit.framework.TestResult.run(TestResult.java:109)
	at junit.framework.TestCase.run(TestCase.java:118)
	at junit.framework.TestSuite.runTest(TestSuite.java:208)
	at junit.framework.TestSuite.run(TestSuite.java:203)
	at junit.framework.TestSuite.runTest(TestSuite.java:208)
	at junit.framework.TestSuite.run(TestSuite.java:203)
	at org.apache.tools.ant.taskdefs.optional.junit.JUnitTestRunner.run(JUnitTestRunner.java:297)
	at org.apache.tools.ant.taskdefs.optional.junit.JUnitTestRunner.launch(JUnitTestRunner.java:672)
	at org.apache.tools.ant.taskdefs.optional.junit.JUnitTestRunner.main(JUnitTestRunner.java:567)
com.topcoder.service.digitalrun.contest.MockTrackContestDAO.setSessionContext(javax.ejb.SessionContext)
java.lang.NoSuchMethodException: com.topcoder.service.digitalrun.contest.MockTrackContestDAO.setSessionContext(javax.ejb.SessionContext)
	at java.lang.Class.getMethod(Class.java:1581)
	at com.topcoder.service.digitalrun.contest.DigitalRunContestManagerBean.inject(DigitalRunContestManagerBean.java:490)
	at com.topcoder.service.digitalrun.contest.DigitalRunContestManagerBean.initialize(DigitalRunContestManagerBean.java:461)
	at com.topcoder.service.digitalrun.contest.DigitalRunContestManagerBeanUnitTests.setUp(DigitalRunContestManagerBeanUnitTests.java:51)
	at junit.framework.TestCase.runBare(TestCase.java:125)
	at junit.framework.TestResult$1.protect(TestResult.java:106)
	at junit.framework.TestResult.runProtected(TestResult.java:124)
	at junit.framework.TestResult.run(TestResult.java:109)
	at junit.framework.TestCase.run(TestCase.java:118)
	at junit.framework.TestSuite.runTest(TestSuite.java:208)
	at junit.framework.TestSuite.run(TestSuite.java:203)
	at junit.framework.TestSuite.runTest(TestSuite.java:208)
	at junit.framework.TestSuite.run(TestSuite.java:203)
	at org.apache.tools.ant.taskdefs.optional.junit.JUnitTestRunner.run(JUnitTestRunner.java:297)
	at org.apache.tools.ant.taskdefs.optional.junit.JUnitTestRunner.launch(JUnitTestRunner.java:672)
	at org.apache.tools.ant.taskdefs.optional.junit.JUnitTestRunner.main(JUnitTestRunner.java:567)
com.topcoder.service.digitalrun.contest.MockTrackContestTypeDAO.setSessionContext(javax.ejb.SessionContext)
java.lang.NoSuchMethodException: com.topcoder.service.digitalrun.contest.MockTrackContestTypeDAO.setSessionContext(javax.ejb.SessionContext)
	at java.lang.Class.getMethod(Class.java:1581)
	at com.topcoder.service.digitalrun.contest.DigitalRunContestManagerBean.inject(DigitalRunContestManagerBean.java:490)
	at com.topcoder.service.digitalrun.contest.DigitalRunContestManagerBean.initialize(DigitalRunContestManagerBean.java:462)
	at com.topcoder.service.digitalrun.contest.DigitalRunContestManagerBeanUnitTests.setUp(DigitalRunContestManagerBeanUnitTests.java:51)
	at junit.framework.TestCase.runBare(TestCase.java:125)
	at junit.framework.TestResult$1.protect(TestResult.java:106)
	at junit.framework.TestResult.runProtected(TestResult.java:124)
	at junit.framework.TestResult.run(TestResult.java:109)
	at junit.framework.TestCase.run(TestCase.java:118)
	at junit.framework.TestSuite.runTest(TestSuite.java:208)
	at junit.framework.TestSuite.run(TestSuite.java:203)
	at junit.framework.TestSuite.runTest(TestSuite.java:208)
	at junit.framework.TestSuite.run(TestSuite.java:203)
	at org.apache.tools.ant.taskdefs.optional.junit.JUnitTestRunner.run(JUnitTestRunner.java:297)
	at org.apache.tools.ant.taskdefs.optional.junit.JUnitTestRunner.launch(JUnitTestRunner.java:672)
	at org.apache.tools.ant.taskdefs.optional.junit.JUnitTestRunner.main(JUnitTestRunner.java:567)
com.topcoder.service.digitalrun.contest.MockResultCalculatorDAO.setSessionContext(javax.ejb.SessionContext)
java.lang.NoSuchMethodException: com.topcoder.service.digitalrun.contest.MockResultCalculatorDAO.setSessionContext(javax.ejb.SessionContext)
	at java.lang.Class.getMethod(Class.java:1581)
	at com.topcoder.service.digitalrun.contest.DigitalRunContestManagerBean.inject(DigitalRunContestManagerBean.java:490)
	at com.topcoder.service.digitalrun.contest.DigitalRunContestManagerBean.initialize(DigitalRunContestManagerBean.java:463)
	at com.topcoder.service.digitalrun.contest.DigitalRunContestManagerBeanUnitTests.setUp(DigitalRunContestManagerBeanUnitTests.java:51)
	at junit.framework.TestCase.runBare(TestCase.java:125)
	at junit.framework.TestResult$1.protect(TestResult.java:106)
	at junit.framework.TestResult.runProtected(TestResult.java:124)
	at junit.framework.TestResult.run(TestResult.java:109)
	at junit.framework.TestCase.run(TestCase.java:118)
	at junit.framework.TestSuite.runTest(TestSuite.java:208)
	at junit.framework.TestSuite.run(TestSuite.java:203)
	at junit.framework.TestSuite.runTest(TestSuite.java:208)
	at junit.framework.TestSuite.run(TestSuite.java:203)
	at org.apache.tools.ant.taskdefs.optional.junit.JUnitTestRunner.run(JUnitTestRunner.java:297)
	at org.apache.tools.ant.taskdefs.optional.junit.JUnitTestRunner.launch(JUnitTestRunner.java:672)
	at org.apache.tools.ant.taskdefs.optional.junit.JUnitTestRunner.main(JUnitTestRunner.java:567)
Enter into method [DigitalRunContestManagerBean#searchTrackContests(Filter)]
mock exception
com.topcoder.service.digitalrun.contest.PersistenceException: mock exception
	at com.topcoder.service.digitalrun.contest.MockTrackContestDAO.searchTrackContests(MockTrackContestDAO.java:97)
	at com.topcoder.service.digitalrun.contest.DigitalRunContestManagerBean.searchTrackContests(DigitalRunContestManagerBean.java:663)
	at com.topcoder.service.digitalrun.contest.DigitalRunContestManagerBeanUnitTests.testSearchTrackContests(DigitalRunContestManagerBeanUnitTests.java:229)
	at sun.reflect.NativeMethodAccessorImpl.invoke0(Native Method)
	at sun.reflect.NativeMethodAccessorImpl.invoke(NativeMethodAccessorImpl.java:39)
	at sun.reflect.DelegatingMethodAccessorImpl.invoke(DelegatingMethodAccessorImpl.java:25)
	at java.lang.reflect.Method.invoke(Method.java:585)
	at junit.framework.TestCase.runTest(TestCase.java:154)
	at junit.framework.TestCase.runBare(TestCase.java:127)
	at junit.framework.TestResult$1.protect(TestResult.java:106)
	at junit.framework.TestResult.runProtected(TestResult.java:124)
	at junit.framework.TestResult.run(TestResult.java:109)
	at junit.framework.TestCase.run(TestCase.java:118)
	at junit.framework.TestSuite.runTest(TestSuite.java:208)
	at junit.framework.TestSuite.run(TestSuite.java:203)
	at junit.framework.TestSuite.runTest(TestSuite.java:208)
	at junit.framework.TestSuite.run(TestSuite.java:203)
	at org.apache.tools.ant.taskdefs.optional.junit.JUnitTestRunner.run(JUnitTestRunner.java:297)
	at org.apache.tools.ant.taskdefs.optional.junit.JUnitTestRunner.launch(JUnitTestRunner.java:672)
	at org.apache.tools.ant.taskdefs.optional.junit.JUnitTestRunner.main(JUnitTestRunner.java:567)
Exit from method [DigitalRunContestManagerBean#searchTrackContests(Filter)]
com.topcoder.service.digitalrun.contest.MockTrackContestDAO.setLogger(com.topcoder.util.log.Log)
java.lang.NoSuchMethodException: com.topcoder.service.digitalrun.contest.MockTrackContestDAO.setLogger(com.topcoder.util.log.Log)
	at java.lang.Class.getMethod(Class.java:1581)
	at com.topcoder.service.digitalrun.contest.DigitalRunContestManagerBean.inject(DigitalRunContestManagerBean.java:490)
	at com.topcoder.service.digitalrun.contest.DigitalRunContestManagerBean.initialize(DigitalRunContestManagerBean.java:452)
	at com.topcoder.service.digitalrun.contest.DigitalRunContestManagerBeanUnitTests.setUp(DigitalRunContestManagerBeanUnitTests.java:51)
	at junit.framework.TestCase.runBare(TestCase.java:125)
	at junit.framework.TestResult$1.protect(TestResult.java:106)
	at junit.framework.TestResult.runProtected(TestResult.java:124)
	at junit.framework.TestResult.run(TestResult.java:109)
	at junit.framework.TestCase.run(TestCase.java:118)
	at junit.framework.TestSuite.runTest(TestSuite.java:208)
	at junit.framework.TestSuite.run(TestSuite.java:203)
	at junit.framework.TestSuite.runTest(TestSuite.java:208)
	at junit.framework.TestSuite.run(TestSuite.java:203)
	at org.apache.tools.ant.taskdefs.optional.junit.JUnitTestRunner.run(JUnitTestRunner.java:297)
	at org.apache.tools.ant.taskdefs.optional.junit.JUnitTestRunner.launch(JUnitTestRunner.java:672)
	at org.apache.tools.ant.taskdefs.optional.junit.JUnitTestRunner.main(JUnitTestRunner.java:567)
com.topcoder.service.digitalrun.contest.MockTrackContestTypeDAO.setLogger(com.topcoder.util.log.Log)
java.lang.NoSuchMethodException: com.topcoder.service.digitalrun.contest.MockTrackContestTypeDAO.setLogger(com.topcoder.util.log.Log)
	at java.lang.Class.getMethod(Class.java:1581)
	at com.topcoder.service.digitalrun.contest.DigitalRunContestManagerBean.inject(DigitalRunContestManagerBean.java:490)
	at com.topcoder.service.digitalrun.contest.DigitalRunContestManagerBean.initialize(DigitalRunContestManagerBean.java:453)
	at com.topcoder.service.digitalrun.contest.DigitalRunContestManagerBeanUnitTests.setUp(DigitalRunContestManagerBeanUnitTests.java:51)
	at junit.framework.TestCase.runBare(TestCase.java:125)
	at junit.framework.TestResult$1.protect(TestResult.java:106)
	at junit.framework.TestResult.runProtected(TestResult.java:124)
	at junit.framework.TestResult.run(TestResult.java:109)
	at junit.framework.TestCase.run(TestCase.java:118)
	at junit.framework.TestSuite.runTest(TestSuite.java:208)
	at junit.framework.TestSuite.run(TestSuite.java:203)
	at junit.framework.TestSuite.runTest(TestSuite.java:208)
	at junit.framework.TestSuite.run(TestSuite.java:203)
	at org.apache.tools.ant.taskdefs.optional.junit.JUnitTestRunner.run(JUnitTestRunner.java:297)
	at org.apache.tools.ant.taskdefs.optional.junit.JUnitTestRunner.launch(JUnitTestRunner.java:672)
	at org.apache.tools.ant.taskdefs.optional.junit.JUnitTestRunner.main(JUnitTestRunner.java:567)
com.topcoder.service.digitalrun.contest.MockResultCalculatorDAO.setLogger(com.topcoder.util.log.Log)
java.lang.NoSuchMethodException: com.topcoder.service.digitalrun.contest.MockResultCalculatorDAO.setLogger(com.topcoder.util.log.Log)
	at java.lang.Class.getMethod(Class.java:1581)
	at com.topcoder.service.digitalrun.contest.DigitalRunContestManagerBean.inject(DigitalRunContestManagerBean.java:490)
	at com.topcoder.service.digitalrun.contest.DigitalRunContestManagerBean.initialize(DigitalRunContestManagerBean.java:454)
	at com.topcoder.service.digitalrun.contest.DigitalRunContestManagerBeanUnitTests.setUp(DigitalRunContestManagerBeanUnitTests.java:51)
	at junit.framework.TestCase.runBare(TestCase.java:125)
	at junit.framework.TestResult$1.protect(TestResult.java:106)
	at junit.framework.TestResult.runProtected(TestResult.java:124)
	at junit.framework.TestResult.run(TestResult.java:109)
	at junit.framework.TestCase.run(TestCase.java:118)
	at junit.framework.TestSuite.runTest(TestSuite.java:208)
	at junit.framework.TestSuite.run(TestSuite.java:203)
	at junit.framework.TestSuite.runTest(TestSuite.java:208)
	at junit.framework.TestSuite.run(TestSuite.java:203)
	at org.apache.tools.ant.taskdefs.optional.junit.JUnitTestRunner.run(JUnitTestRunner.java:297)
	at org.apache.tools.ant.taskdefs.optional.junit.JUnitTestRunner.launch(JUnitTestRunner.java:672)
	at org.apache.tools.ant.taskdefs.optional.junit.JUnitTestRunner.main(JUnitTestRunner.java:567)
com.topcoder.service.digitalrun.contest.MockTrackContestDAO.setUnitName(java.lang.String)
java.lang.NoSuchMethodException: com.topcoder.service.digitalrun.contest.MockTrackContestDAO.setUnitName(java.lang.String)
	at java.lang.Class.getMethod(Class.java:1581)
	at com.topcoder.service.digitalrun.contest.DigitalRunContestManagerBean.inject(DigitalRunContestManagerBean.java:490)
	at com.topcoder.service.digitalrun.contest.DigitalRunContestManagerBean.initialize(DigitalRunContestManagerBean.java:457)
	at com.topcoder.service.digitalrun.contest.DigitalRunContestManagerBeanUnitTests.setUp(DigitalRunContestManagerBeanUnitTests.java:51)
	at junit.framework.TestCase.runBare(TestCase.java:125)
	at junit.framework.TestResult$1.protect(TestResult.java:106)
	at junit.framework.TestResult.runProtected(TestResult.java:124)
	at junit.framework.TestResult.run(TestResult.java:109)
	at junit.framework.TestCase.run(TestCase.java:118)
	at junit.framework.TestSuite.runTest(TestSuite.java:208)
	at junit.framework.TestSuite.run(TestSuite.java:203)
	at junit.framework.TestSuite.runTest(TestSuite.java:208)
	at junit.framework.TestSuite.run(TestSuite.java:203)
	at org.apache.tools.ant.taskdefs.optional.junit.JUnitTestRunner.run(JUnitTestRunner.java:297)
	at org.apache.tools.ant.taskdefs.optional.junit.JUnitTestRunner.launch(JUnitTestRunner.java:672)
	at org.apache.tools.ant.taskdefs.optional.junit.JUnitTestRunner.main(JUnitTestRunner.java:567)
com.topcoder.service.digitalrun.contest.MockTrackContestTypeDAO.setUnitName(java.lang.String)
java.lang.NoSuchMethodException: com.topcoder.service.digitalrun.contest.MockTrackContestTypeDAO.setUnitName(java.lang.String)
	at java.lang.Class.getMethod(Class.java:1581)
	at com.topcoder.service.digitalrun.contest.DigitalRunContestManagerBean.inject(DigitalRunContestManagerBean.java:490)
	at com.topcoder.service.digitalrun.contest.DigitalRunContestManagerBean.initialize(DigitalRunContestManagerBean.java:458)
	at com.topcoder.service.digitalrun.contest.DigitalRunContestManagerBeanUnitTests.setUp(DigitalRunContestManagerBeanUnitTests.java:51)
	at junit.framework.TestCase.runBare(TestCase.java:125)
	at junit.framework.TestResult$1.protect(TestResult.java:106)
	at junit.framework.TestResult.runProtected(TestResult.java:124)
	at junit.framework.TestResult.run(TestResult.java:109)
	at junit.framework.TestCase.run(TestCase.java:118)
	at junit.framework.TestSuite.runTest(TestSuite.java:208)
	at junit.framework.TestSuite.run(TestSuite.java:203)
	at junit.framework.TestSuite.runTest(TestSuite.java:208)
	at junit.framework.TestSuite.run(TestSuite.java:203)
	at org.apache.tools.ant.taskdefs.optional.junit.JUnitTestRunner.run(JUnitTestRunner.java:297)
	at org.apache.tools.ant.taskdefs.optional.junit.JUnitTestRunner.launch(JUnitTestRunner.java:672)
	at org.apache.tools.ant.taskdefs.optional.junit.JUnitTestRunner.main(JUnitTestRunner.java:567)
com.topcoder.service.digitalrun.contest.MockResultCalculatorDAO.setUnitName(java.lang.String)
java.lang.NoSuchMethodException: com.topcoder.service.digitalrun.contest.MockResultCalculatorDAO.setUnitName(java.lang.String)
	at java.lang.Class.getMethod(Class.java:1581)
	at com.topcoder.service.digitalrun.contest.DigitalRunContestManagerBean.inject(DigitalRunContestManagerBean.java:490)
	at com.topcoder.service.digitalrun.contest.DigitalRunContestManagerBean.initialize(DigitalRunContestManagerBean.java:459)
	at com.topcoder.service.digitalrun.contest.DigitalRunContestManagerBeanUnitTests.setUp(DigitalRunContestManagerBeanUnitTests.java:51)
	at junit.framework.TestCase.runBare(TestCase.java:125)
	at junit.framework.TestResult$1.protect(TestResult.java:106)
	at junit.framework.TestResult.runProtected(TestResult.java:124)
	at junit.framework.TestResult.run(TestResult.java:109)
	at junit.framework.TestCase.run(TestCase.java:118)
	at junit.framework.TestSuite.runTest(TestSuite.java:208)
	at junit.framework.TestSuite.run(TestSuite.java:203)
	at junit.framework.TestSuite.runTest(TestSuite.java:208)
	at junit.framework.TestSuite.run(TestSuite.java:203)
	at org.apache.tools.ant.taskdefs.optional.junit.JUnitTestRunner.run(JUnitTestRunner.java:297)
	at org.apache.tools.ant.taskdefs.optional.junit.JUnitTestRunner.launch(JUnitTestRunner.java:672)
	at org.apache.tools.ant.taskdefs.optional.junit.JUnitTestRunner.main(JUnitTestRunner.java:567)
com.topcoder.service.digitalrun.contest.MockTrackContestDAO.setSessionContext(javax.ejb.SessionContext)
java.lang.NoSuchMethodException: com.topcoder.service.digitalrun.contest.MockTrackContestDAO.setSessionContext(javax.ejb.SessionContext)
	at java.lang.Class.getMethod(Class.java:1581)
	at com.topcoder.service.digitalrun.contest.DigitalRunContestManagerBean.inject(DigitalRunContestManagerBean.java:490)
	at com.topcoder.service.digitalrun.contest.DigitalRunContestManagerBean.initialize(DigitalRunContestManagerBean.java:461)
	at com.topcoder.service.digitalrun.contest.DigitalRunContestManagerBeanUnitTests.setUp(DigitalRunContestManagerBeanUnitTests.java:51)
	at junit.framework.TestCase.runBare(TestCase.java:125)
	at junit.framework.TestResult$1.protect(TestResult.java:106)
	at junit.framework.TestResult.runProtected(TestResult.java:124)
	at junit.framework.TestResult.run(TestResult.java:109)
	at junit.framework.TestCase.run(TestCase.java:118)
	at junit.framework.TestSuite.runTest(TestSuite.java:208)
	at junit.framework.TestSuite.run(TestSuite.java:203)
	at junit.framework.TestSuite.runTest(TestSuite.java:208)
	at junit.framework.TestSuite.run(TestSuite.java:203)
	at org.apache.tools.ant.taskdefs.optional.junit.JUnitTestRunner.run(JUnitTestRunner.java:297)
	at org.apache.tools.ant.taskdefs.optional.junit.JUnitTestRunner.launch(JUnitTestRunner.java:672)
	at org.apache.tools.ant.taskdefs.optional.junit.JUnitTestRunner.main(JUnitTestRunner.java:567)
com.topcoder.service.digitalrun.contest.MockTrackContestTypeDAO.setSessionContext(javax.ejb.SessionContext)
java.lang.NoSuchMethodException: com.topcoder.service.digitalrun.contest.MockTrackContestTypeDAO.setSessionContext(javax.ejb.SessionContext)
	at java.lang.Class.getMethod(Class.java:1581)
	at com.topcoder.service.digitalrun.contest.DigitalRunContestManagerBean.inject(DigitalRunContestManagerBean.java:490)
	at com.topcoder.service.digitalrun.contest.DigitalRunContestManagerBean.initialize(DigitalRunContestManagerBean.java:462)
	at com.topcoder.service.digitalrun.contest.DigitalRunContestManagerBeanUnitTests.setUp(DigitalRunContestManagerBeanUnitTests.java:51)
	at junit.framework.TestCase.runBare(TestCase.java:125)
	at junit.framework.TestResult$1.protect(TestResult.java:106)
	at junit.framework.TestResult.runProtected(TestResult.java:124)
	at junit.framework.TestResult.run(TestResult.java:109)
	at junit.framework.TestCase.run(TestCase.java:118)
	at junit.framework.TestSuite.runTest(TestSuite.java:208)
	at junit.framework.TestSuite.run(TestSuite.java:203)
	at junit.framework.TestSuite.runTest(TestSuite.java:208)
	at junit.framework.TestSuite.run(TestSuite.java:203)
	at org.apache.tools.ant.taskdefs.optional.junit.JUnitTestRunner.run(JUnitTestRunner.java:297)
	at org.apache.tools.ant.taskdefs.optional.junit.JUnitTestRunner.launch(JUnitTestRunner.java:672)
	at org.apache.tools.ant.taskdefs.optional.junit.JUnitTestRunner.main(JUnitTestRunner.java:567)
com.topcoder.service.digitalrun.contest.MockResultCalculatorDAO.setSessionContext(javax.ejb.SessionContext)
java.lang.NoSuchMethodException: com.topcoder.service.digitalrun.contest.MockResultCalculatorDAO.setSessionContext(javax.ejb.SessionContext)
	at java.lang.Class.getMethod(Class.java:1581)
	at com.topcoder.service.digitalrun.contest.DigitalRunContestManagerBean.inject(DigitalRunContestManagerBean.java:490)
	at com.topcoder.service.digitalrun.contest.DigitalRunContestManagerBean.initialize(DigitalRunContestManagerBean.java:463)
	at com.topcoder.service.digitalrun.contest.DigitalRunContestManagerBeanUnitTests.setUp(DigitalRunContestManagerBeanUnitTests.java:51)
	at junit.framework.TestCase.runBare(TestCase.java:125)
	at junit.framework.TestResult$1.protect(TestResult.java:106)
	at junit.framework.TestResult.runProtected(TestResult.java:124)
	at junit.framework.TestResult.run(TestResult.java:109)
	at junit.framework.TestCase.run(TestCase.java:118)
	at junit.framework.TestSuite.runTest(TestSuite.java:208)
	at junit.framework.TestSuite.run(TestSuite.java:203)
	at junit.framework.TestSuite.runTest(TestSuite.java:208)
	at junit.framework.TestSuite.run(TestSuite.java:203)
	at org.apache.tools.ant.taskdefs.optional.junit.JUnitTestRunner.run(JUnitTestRunner.java:297)
	at org.apache.tools.ant.taskdefs.optional.junit.JUnitTestRunner.launch(JUnitTestRunner.java:672)
	at org.apache.tools.ant.taskdefs.optional.junit.JUnitTestRunner.main(JUnitTestRunner.java:567)
com.topcoder.service.digitalrun.contest.MockTrackContestDAO.setLogger(com.topcoder.util.log.Log)
java.lang.NoSuchMethodException: com.topcoder.service.digitalrun.contest.MockTrackContestDAO.setLogger(com.topcoder.util.log.Log)
	at java.lang.Class.getMethod(Class.java:1581)
	at com.topcoder.service.digitalrun.contest.DigitalRunContestManagerBean.inject(DigitalRunContestManagerBean.java:490)
	at com.topcoder.service.digitalrun.contest.DigitalRunContestManagerBean.initialize(DigitalRunContestManagerBean.java:452)
	at com.topcoder.service.digitalrun.contest.DigitalRunContestManagerBeanUnitTests.setUp(DigitalRunContestManagerBeanUnitTests.java:51)
	at junit.framework.TestCase.runBare(TestCase.java:125)
	at junit.framework.TestResult$1.protect(TestResult.java:106)
	at junit.framework.TestResult.runProtected(TestResult.java:124)
	at junit.framework.TestResult.run(TestResult.java:109)
	at junit.framework.TestCase.run(TestCase.java:118)
	at junit.framework.TestSuite.runTest(TestSuite.java:208)
	at junit.framework.TestSuite.run(TestSuite.java:203)
	at junit.framework.TestSuite.runTest(TestSuite.java:208)
	at junit.framework.TestSuite.run(TestSuite.java:203)
	at org.apache.tools.ant.taskdefs.optional.junit.JUnitTestRunner.run(JUnitTestRunner.java:297)
	at org.apache.tools.ant.taskdefs.optional.junit.JUnitTestRunner.launch(JUnitTestRunner.java:672)
	at org.apache.tools.ant.taskdefs.optional.junit.JUnitTestRunner.main(JUnitTestRunner.java:567)
com.topcoder.service.digitalrun.contest.MockTrackContestTypeDAO.setLogger(com.topcoder.util.log.Log)
java.lang.NoSuchMethodException: com.topcoder.service.digitalrun.contest.MockTrackContestTypeDAO.setLogger(com.topcoder.util.log.Log)
	at java.lang.Class.getMethod(Class.java:1581)
	at com.topcoder.service.digitalrun.contest.DigitalRunContestManagerBean.inject(DigitalRunContestManagerBean.java:490)
	at com.topcoder.service.digitalrun.contest.DigitalRunContestManagerBean.initialize(DigitalRunContestManagerBean.java:453)
	at com.topcoder.service.digitalrun.contest.DigitalRunContestManagerBeanUnitTests.setUp(DigitalRunContestManagerBeanUnitTests.java:51)
	at junit.framework.TestCase.runBare(TestCase.java:125)
	at junit.framework.TestResult$1.protect(TestResult.java:106)
	at junit.framework.TestResult.runProtected(TestResult.java:124)
	at junit.framework.TestResult.run(TestResult.java:109)
	at junit.framework.TestCase.run(TestCase.java:118)
	at junit.framework.TestSuite.runTest(TestSuite.java:208)
	at junit.framework.TestSuite.run(TestSuite.java:203)
	at junit.framework.TestSuite.runTest(TestSuite.java:208)
	at junit.framework.TestSuite.run(TestSuite.java:203)
	at org.apache.tools.ant.taskdefs.optional.junit.JUnitTestRunner.run(JUnitTestRunner.java:297)
	at org.apache.tools.ant.taskdefs.optional.junit.JUnitTestRunner.launch(JUnitTestRunner.java:672)
	at org.apache.tools.ant.taskdefs.optional.junit.JUnitTestRunner.main(JUnitTestRunner.java:567)
com.topcoder.service.digitalrun.contest.MockResultCalculatorDAO.setLogger(com.topcoder.util.log.Log)
java.lang.NoSuchMethodException: com.topcoder.service.digitalrun.contest.MockResultCalculatorDAO.setLogger(com.topcoder.util.log.Log)
	at java.lang.Class.getMethod(Class.java:1581)
	at com.topcoder.service.digitalrun.contest.DigitalRunContestManagerBean.inject(DigitalRunContestManagerBean.java:490)
	at com.topcoder.service.digitalrun.contest.DigitalRunContestManagerBean.initialize(DigitalRunContestManagerBean.java:454)
	at com.topcoder.service.digitalrun.contest.DigitalRunContestManagerBeanUnitTests.setUp(DigitalRunContestManagerBeanUnitTests.java:51)
	at junit.framework.TestCase.runBare(TestCase.java:125)
	at junit.framework.TestResult$1.protect(TestResult.java:106)
	at junit.framework.TestResult.runProtected(TestResult.java:124)
	at junit.framework.TestResult.run(TestResult.java:109)
	at junit.framework.TestCase.run(TestCase.java:118)
	at junit.framework.TestSuite.runTest(TestSuite.java:208)
	at junit.framework.TestSuite.run(TestSuite.java:203)
	at junit.framework.TestSuite.runTest(TestSuite.java:208)
	at junit.framework.TestSuite.run(TestSuite.java:203)
	at org.apache.tools.ant.taskdefs.optional.junit.JUnitTestRunner.run(JUnitTestRunner.java:297)
	at org.apache.tools.ant.taskdefs.optional.junit.JUnitTestRunner.launch(JUnitTestRunner.java:672)
	at org.apache.tools.ant.taskdefs.optional.junit.JUnitTestRunner.main(JUnitTestRunner.java:567)
com.topcoder.service.digitalrun.contest.MockTrackContestDAO.setUnitName(java.lang.String)
java.lang.NoSuchMethodException: com.topcoder.service.digitalrun.contest.MockTrackContestDAO.setUnitName(java.lang.String)
	at java.lang.Class.getMethod(Class.java:1581)
	at com.topcoder.service.digitalrun.contest.DigitalRunContestManagerBean.inject(DigitalRunContestManagerBean.java:490)
	at com.topcoder.service.digitalrun.contest.DigitalRunContestManagerBean.initialize(DigitalRunContestManagerBean.java:457)
	at com.topcoder.service.digitalrun.contest.DigitalRunContestManagerBeanUnitTests.setUp(DigitalRunContestManagerBeanUnitTests.java:51)
	at junit.framework.TestCase.runBare(TestCase.java:125)
	at junit.framework.TestResult$1.protect(TestResult.java:106)
	at junit.framework.TestResult.runProtected(TestResult.java:124)
	at junit.framework.TestResult.run(TestResult.java:109)
	at junit.framework.TestCase.run(TestCase.java:118)
	at junit.framework.TestSuite.runTest(TestSuite.java:208)
	at junit.framework.TestSuite.run(TestSuite.java:203)
	at junit.framework.TestSuite.runTest(TestSuite.java:208)
	at junit.framework.TestSuite.run(TestSuite.java:203)
	at org.apache.tools.ant.taskdefs.optional.junit.JUnitTestRunner.run(JUnitTestRunner.java:297)
	at org.apache.tools.ant.taskdefs.optional.junit.JUnitTestRunner.launch(JUnitTestRunner.java:672)
	at org.apache.tools.ant.taskdefs.optional.junit.JUnitTestRunner.main(JUnitTestRunner.java:567)
com.topcoder.service.digitalrun.contest.MockTrackContestTypeDAO.setUnitName(java.lang.String)
java.lang.NoSuchMethodException: com.topcoder.service.digitalrun.contest.MockTrackContestTypeDAO.setUnitName(java.lang.String)
	at java.lang.Class.getMethod(Class.java:1581)
	at com.topcoder.service.digitalrun.contest.DigitalRunContestManagerBean.inject(DigitalRunContestManagerBean.java:490)
	at com.topcoder.service.digitalrun.contest.DigitalRunContestManagerBean.initialize(DigitalRunContestManagerBean.java:458)
	at com.topcoder.service.digitalrun.contest.DigitalRunContestManagerBeanUnitTests.setUp(DigitalRunContestManagerBeanUnitTests.java:51)
	at junit.framework.TestCase.runBare(TestCase.java:125)
	at junit.framework.TestResult$1.protect(TestResult.java:106)
	at junit.framework.TestResult.runProtected(TestResult.java:124)
	at junit.framework.TestResult.run(TestResult.java:109)
	at junit.framework.TestCase.run(TestCase.java:118)
	at junit.framework.TestSuite.runTest(TestSuite.java:208)
	at junit.framework.TestSuite.run(TestSuite.java:203)
	at junit.framework.TestSuite.runTest(TestSuite.java:208)
	at junit.framework.TestSuite.run(TestSuite.java:203)
	at org.apache.tools.ant.taskdefs.optional.junit.JUnitTestRunner.run(JUnitTestRunner.java:297)
	at org.apache.tools.ant.taskdefs.optional.junit.JUnitTestRunner.launch(JUnitTestRunner.java:672)
	at org.apache.tools.ant.taskdefs.optional.junit.JUnitTestRunner.main(JUnitTestRunner.java:567)
com.topcoder.service.digitalrun.contest.MockResultCalculatorDAO.setUnitName(java.lang.String)
java.lang.NoSuchMethodException: com.topcoder.service.digitalrun.contest.MockResultCalculatorDAO.setUnitName(java.lang.String)
	at java.lang.Class.getMethod(Class.java:1581)
	at com.topcoder.service.digitalrun.contest.DigitalRunContestManagerBean.inject(DigitalRunContestManagerBean.java:490)
	at com.topcoder.service.digitalrun.contest.DigitalRunContestManagerBean.initialize(DigitalRunContestManagerBean.java:459)
	at com.topcoder.service.digitalrun.contest.DigitalRunContestManagerBeanUnitTests.setUp(DigitalRunContestManagerBeanUnitTests.java:51)
	at junit.framework.TestCase.runBare(TestCase.java:125)
	at junit.framework.TestResult$1.protect(TestResult.java:106)
	at junit.framework.TestResult.runProtected(TestResult.java:124)
	at junit.framework.TestResult.run(TestResult.java:109)
	at junit.framework.TestCase.run(TestCase.java:118)
	at junit.framework.TestSuite.runTest(TestSuite.java:208)
	at junit.framework.TestSuite.run(TestSuite.java:203)
	at junit.framework.TestSuite.runTest(TestSuite.java:208)
	at junit.framework.TestSuite.run(TestSuite.java:203)
	at org.apache.tools.ant.taskdefs.optional.junit.JUnitTestRunner.run(JUnitTestRunner.java:297)
	at org.apache.tools.ant.taskdefs.optional.junit.JUnitTestRunner.launch(JUnitTestRunner.java:672)
	at org.apache.tools.ant.taskdefs.optional.junit.JUnitTestRunner.main(JUnitTestRunner.java:567)
com.topcoder.service.digitalrun.contest.MockTrackContestDAO.setSessionContext(javax.ejb.SessionContext)
java.lang.NoSuchMethodException: com.topcoder.service.digitalrun.contest.MockTrackContestDAO.setSessionContext(javax.ejb.SessionContext)
	at java.lang.Class.getMethod(Class.java:1581)
	at com.topcoder.service.digitalrun.contest.DigitalRunContestManagerBean.inject(DigitalRunContestManagerBean.java:490)
	at com.topcoder.service.digitalrun.contest.DigitalRunContestManagerBean.initialize(DigitalRunContestManagerBean.java:461)
	at com.topcoder.service.digitalrun.contest.DigitalRunContestManagerBeanUnitTests.setUp(DigitalRunContestManagerBeanUnitTests.java:51)
	at junit.framework.TestCase.runBare(TestCase.java:125)
	at junit.framework.TestResult$1.protect(TestResult.java:106)
	at junit.framework.TestResult.runProtected(TestResult.java:124)
	at junit.framework.TestResult.run(TestResult.java:109)
	at junit.framework.TestCase.run(TestCase.java:118)
	at junit.framework.TestSuite.runTest(TestSuite.java:208)
	at junit.framework.TestSuite.run(TestSuite.java:203)
	at junit.framework.TestSuite.runTest(TestSuite.java:208)
	at junit.framework.TestSuite.run(TestSuite.java:203)
	at org.apache.tools.ant.taskdefs.optional.junit.JUnitTestRunner.run(JUnitTestRunner.java:297)
	at org.apache.tools.ant.taskdefs.optional.junit.JUnitTestRunner.launch(JUnitTestRunner.java:672)
	at org.apache.tools.ant.taskdefs.optional.junit.JUnitTestRunner.main(JUnitTestRunner.java:567)
com.topcoder.service.digitalrun.contest.MockTrackContestTypeDAO.setSessionContext(javax.ejb.SessionContext)
java.lang.NoSuchMethodException: com.topcoder.service.digitalrun.contest.MockTrackContestTypeDAO.setSessionContext(javax.ejb.SessionContext)
	at java.lang.Class.getMethod(Class.java:1581)
	at com.topcoder.service.digitalrun.contest.DigitalRunContestManagerBean.inject(DigitalRunContestManagerBean.java:490)
	at com.topcoder.service.digitalrun.contest.DigitalRunContestManagerBean.initialize(DigitalRunContestManagerBean.java:462)
	at com.topcoder.service.digitalrun.contest.DigitalRunContestManagerBeanUnitTests.setUp(DigitalRunContestManagerBeanUnitTests.java:51)
	at junit.framework.TestCase.runBare(TestCase.java:125)
	at junit.framework.TestResult$1.protect(TestResult.java:106)
	at junit.framework.TestResult.runProtected(TestResult.java:124)
	at junit.framework.TestResult.run(TestResult.java:109)
	at junit.framework.TestCase.run(TestCase.java:118)
	at junit.framework.TestSuite.runTest(TestSuite.java:208)
	at junit.framework.TestSuite.run(TestSuite.java:203)
	at junit.framework.TestSuite.runTest(TestSuite.java:208)
	at junit.framework.TestSuite.run(TestSuite.java:203)
	at org.apache.tools.ant.taskdefs.optional.junit.JUnitTestRunner.run(JUnitTestRunner.java:297)
	at org.apache.tools.ant.taskdefs.optional.junit.JUnitTestRunner.launch(JUnitTestRunner.java:672)
	at org.apache.tools.ant.taskdefs.optional.junit.JUnitTestRunner.main(JUnitTestRunner.java:567)
com.topcoder.service.digitalrun.contest.MockResultCalculatorDAO.setSessionContext(javax.ejb.SessionContext)
java.lang.NoSuchMethodException: com.topcoder.service.digitalrun.contest.MockResultCalculatorDAO.setSessionContext(javax.ejb.SessionContext)
	at java.lang.Class.getMethod(Class.java:1581)
	at com.topcoder.service.digitalrun.contest.DigitalRunContestManagerBean.inject(DigitalRunContestManagerBean.java:490)
	at com.topcoder.service.digitalrun.contest.DigitalRunContestManagerBean.initialize(DigitalRunContestManagerBean.java:463)
	at com.topcoder.service.digitalrun.contest.DigitalRunContestManagerBeanUnitTests.setUp(DigitalRunContestManagerBeanUnitTests.java:51)
	at junit.framework.TestCase.runBare(TestCase.java:125)
	at junit.framework.TestResult$1.protect(TestResult.java:106)
	at junit.framework.TestResult.runProtected(TestResult.java:124)
	at junit.framework.TestResult.run(TestResult.java:109)
	at junit.framework.TestCase.run(TestCase.java:118)
	at junit.framework.TestSuite.runTest(TestSuite.java:208)
	at junit.framework.TestSuite.run(TestSuite.java:203)
	at junit.framework.TestSuite.runTest(TestSuite.java:208)
	at junit.framework.TestSuite.run(TestSuite.java:203)
	at org.apache.tools.ant.taskdefs.optional.junit.JUnitTestRunner.run(JUnitTestRunner.java:297)
	at org.apache.tools.ant.taskdefs.optional.junit.JUnitTestRunner.launch(JUnitTestRunner.java:672)
	at org.apache.tools.ant.taskdefs.optional.junit.JUnitTestRunner.main(JUnitTestRunner.java:567)
com.topcoder.service.digitalrun.contest.ErrorTrackContestDAO.setLogger(com.topcoder.util.log.Log)
java.lang.NoSuchMethodException: com.topcoder.service.digitalrun.contest.ErrorTrackContestDAO.setLogger(com.topcoder.util.log.Log)
	at java.lang.Class.getMethod(Class.java:1581)
	at com.topcoder.service.digitalrun.contest.DigitalRunContestManagerBean.inject(DigitalRunContestManagerBean.java:490)
	at com.topcoder.service.digitalrun.contest.DigitalRunContestManagerBean.initialize(DigitalRunContestManagerBean.java:452)
	at com.topcoder.service.digitalrun.contest.DigitalRunContestManagerBeanUnitTests.testInitialize_ExceptionWhileInjection(DigitalRunContestManagerBeanUnitTests.java:211)
	at sun.reflect.NativeMethodAccessorImpl.invoke0(Native Method)
	at sun.reflect.NativeMethodAccessorImpl.invoke(NativeMethodAccessorImpl.java:39)
	at sun.reflect.DelegatingMethodAccessorImpl.invoke(DelegatingMethodAccessorImpl.java:25)
	at java.lang.reflect.Method.invoke(Method.java:585)
	at junit.framework.TestCase.runTest(TestCase.java:154)
	at junit.framework.TestCase.runBare(TestCase.java:127)
	at junit.framework.TestResult$1.protect(TestResult.java:106)
	at junit.framework.TestResult.runProtected(TestResult.java:124)
	at junit.framework.TestResult.run(TestResult.java:109)
	at junit.framework.TestCase.run(TestCase.java:118)
	at junit.framework.TestSuite.runTest(TestSuite.java:208)
	at junit.framework.TestSuite.run(TestSuite.java:203)
	at junit.framework.TestSuite.runTest(TestSuite.java:208)
	at junit.framework.TestSuite.run(TestSuite.java:203)
	at org.apache.tools.ant.taskdefs.optional.junit.JUnitTestRunner.run(JUnitTestRunner.java:297)
	at org.apache.tools.ant.taskdefs.optional.junit.JUnitTestRunner.launch(JUnitTestRunner.java:672)
	at org.apache.tools.ant.taskdefs.optional.junit.JUnitTestRunner.main(JUnitTestRunner.java:567)
com.topcoder.service.digitalrun.contest.MockTrackContestTypeDAO.setLogger(com.topcoder.util.log.Log)
java.lang.NoSuchMethodException: com.topcoder.service.digitalrun.contest.MockTrackContestTypeDAO.setLogger(com.topcoder.util.log.Log)
	at java.lang.Class.getMethod(Class.java:1581)
	at com.topcoder.service.digitalrun.contest.DigitalRunContestManagerBean.inject(DigitalRunContestManagerBean.java:490)
	at com.topcoder.service.digitalrun.contest.DigitalRunContestManagerBean.initialize(DigitalRunContestManagerBean.java:453)
	at com.topcoder.service.digitalrun.contest.DigitalRunContestManagerBeanUnitTests.testInitialize_ExceptionWhileInjection(DigitalRunContestManagerBeanUnitTests.java:211)
	at sun.reflect.NativeMethodAccessorImpl.invoke0(Native Method)
	at sun.reflect.NativeMethodAccessorImpl.invoke(NativeMethodAccessorImpl.java:39)
	at sun.reflect.DelegatingMethodAccessorImpl.invoke(DelegatingMethodAccessorImpl.java:25)
	at java.lang.reflect.Method.invoke(Method.java:585)
	at junit.framework.TestCase.runTest(TestCase.java:154)
	at junit.framework.TestCase.runBare(TestCase.java:127)
	at junit.framework.TestResult$1.protect(TestResult.java:106)
	at junit.framework.TestResult.runProtected(TestResult.java:124)
	at junit.framework.TestResult.run(TestResult.java:109)
	at junit.framework.TestCase.run(TestCase.java:118)
	at junit.framework.TestSuite.runTest(TestSuite.java:208)
	at junit.framework.TestSuite.run(TestSuite.java:203)
	at junit.framework.TestSuite.runTest(TestSuite.java:208)
	at junit.framework.TestSuite.run(TestSuite.java:203)
	at org.apache.tools.ant.taskdefs.optional.junit.JUnitTestRunner.run(JUnitTestRunner.java:297)
	at org.apache.tools.ant.taskdefs.optional.junit.JUnitTestRunner.launch(JUnitTestRunner.java:672)
	at org.apache.tools.ant.taskdefs.optional.junit.JUnitTestRunner.main(JUnitTestRunner.java:567)
com.topcoder.service.digitalrun.contest.MockResultCalculatorDAO.setLogger(com.topcoder.util.log.Log)
java.lang.NoSuchMethodException: com.topcoder.service.digitalrun.contest.MockResultCalculatorDAO.setLogger(com.topcoder.util.log.Log)
	at java.lang.Class.getMethod(Class.java:1581)
	at com.topcoder.service.digitalrun.contest.DigitalRunContestManagerBean.inject(DigitalRunContestManagerBean.java:490)
	at com.topcoder.service.digitalrun.contest.DigitalRunContestManagerBean.initialize(DigitalRunContestManagerBean.java:454)
	at com.topcoder.service.digitalrun.contest.DigitalRunContestManagerBeanUnitTests.testInitialize_ExceptionWhileInjection(DigitalRunContestManagerBeanUnitTests.java:211)
	at sun.reflect.NativeMethodAccessorImpl.invoke0(Native Method)
	at sun.reflect.NativeMethodAccessorImpl.invoke(NativeMethodAccessorImpl.java:39)
	at sun.reflect.DelegatingMethodAccessorImpl.invoke(DelegatingMethodAccessorImpl.java:25)
	at java.lang.reflect.Method.invoke(Method.java:585)
	at junit.framework.TestCase.runTest(TestCase.java:154)
	at junit.framework.TestCase.runBare(TestCase.java:127)
	at junit.framework.TestResult$1.protect(TestResult.java:106)
	at junit.framework.TestResult.runProtected(TestResult.java:124)
	at junit.framework.TestResult.run(TestResult.java:109)
	at junit.framework.TestCase.run(TestCase.java:118)
	at junit.framework.TestSuite.runTest(TestSuite.java:208)
	at junit.framework.TestSuite.run(TestSuite.java:203)
	at junit.framework.TestSuite.runTest(TestSuite.java:208)
	at junit.framework.TestSuite.run(TestSuite.java:203)
	at org.apache.tools.ant.taskdefs.optional.junit.JUnitTestRunner.run(JUnitTestRunner.java:297)
	at org.apache.tools.ant.taskdefs.optional.junit.JUnitTestRunner.launch(JUnitTestRunner.java:672)
	at org.apache.tools.ant.taskdefs.optional.junit.JUnitTestRunner.main(JUnitTestRunner.java:567)
null
java.lang.reflect.InvocationTargetException
	at sun.reflect.NativeMethodAccessorImpl.invoke0(Native Method)
	at sun.reflect.NativeMethodAccessorImpl.invoke(NativeMethodAccessorImpl.java:39)
	at sun.reflect.DelegatingMethodAccessorImpl.invoke(DelegatingMethodAccessorImpl.java:25)
	at java.lang.reflect.Method.invoke(Method.java:585)
	at com.topcoder.service.digitalrun.contest.DigitalRunContestManagerBean.inject(DigitalRunContestManagerBean.java:491)
	at com.topcoder.service.digitalrun.contest.DigitalRunContestManagerBean.initialize(DigitalRunContestManagerBean.java:457)
	at com.topcoder.service.digitalrun.contest.DigitalRunContestManagerBeanUnitTests.testInitialize_ExceptionWhileInjection(DigitalRunContestManagerBeanUnitTests.java:211)
	at sun.reflect.NativeMethodAccessorImpl.invoke0(Native Method)
	at sun.reflect.NativeMethodAccessorImpl.invoke(NativeMethodAccessorImpl.java:39)
	at sun.reflect.DelegatingMethodAccessorImpl.invoke(DelegatingMethodAccessorImpl.java:25)
	at java.lang.reflect.Method.invoke(Method.java:585)
	at junit.framework.TestCase.runTest(TestCase.java:154)
	at junit.framework.TestCase.runBare(TestCase.java:127)
	at junit.framework.TestResult$1.protect(TestResult.java:106)
	at junit.framework.TestResult.runProtected(TestResult.java:124)
	at junit.framework.TestResult.run(TestResult.java:109)
	at junit.framework.TestCase.run(TestCase.java:118)
	at junit.framework.TestSuite.runTest(TestSuite.java:208)
	at junit.framework.TestSuite.run(TestSuite.java:203)
	at junit.framework.TestSuite.runTest(TestSuite.java:208)
	at junit.framework.TestSuite.run(TestSuite.java:203)
	at org.apache.tools.ant.taskdefs.optional.junit.JUnitTestRunner.run(JUnitTestRunner.java:297)
	at org.apache.tools.ant.taskdefs.optional.junit.JUnitTestRunner.launch(JUnitTestRunner.java:672)
	at org.apache.tools.ant.taskdefs.optional.junit.JUnitTestRunner.main(JUnitTestRunner.java:567)
Caused by: java.lang.RuntimeException: mock exception
	at com.topcoder.service.digitalrun.contest.ErrorTrackContestDAO.setUnitName(ErrorTrackContestDAO.java:27)
	... 24 more
com.topcoder.service.digitalrun.contest.MockTrackContestDAO.setLogger(com.topcoder.util.log.Log)
java.lang.NoSuchMethodException: com.topcoder.service.digitalrun.contest.MockTrackContestDAO.setLogger(com.topcoder.util.log.Log)
	at java.lang.Class.getMethod(Class.java:1581)
	at com.topcoder.service.digitalrun.contest.DigitalRunContestManagerBean.inject(DigitalRunContestManagerBean.java:490)
	at com.topcoder.service.digitalrun.contest.DigitalRunContestManagerBean.initialize(DigitalRunContestManagerBean.java:452)
	at com.topcoder.service.digitalrun.contest.DigitalRunContestManagerBeanUnitTests.setUp(DigitalRunContestManagerBeanUnitTests.java:51)
	at junit.framework.TestCase.runBare(TestCase.java:125)
	at junit.framework.TestResult$1.protect(TestResult.java:106)
	at junit.framework.TestResult.runProtected(TestResult.java:124)
	at junit.framework.TestResult.run(TestResult.java:109)
	at junit.framework.TestCase.run(TestCase.java:118)
	at junit.framework.TestSuite.runTest(TestSuite.java:208)
	at junit.framework.TestSuite.run(TestSuite.java:203)
	at junit.framework.TestSuite.runTest(TestSuite.java:208)
	at junit.framework.TestSuite.run(TestSuite.java:203)
	at org.apache.tools.ant.taskdefs.optional.junit.JUnitTestRunner.run(JUnitTestRunner.java:297)
	at org.apache.tools.ant.taskdefs.optional.junit.JUnitTestRunner.launch(JUnitTestRunner.java:672)
	at org.apache.tools.ant.taskdefs.optional.junit.JUnitTestRunner.main(JUnitTestRunner.java:567)
com.topcoder.service.digitalrun.contest.MockTrackContestTypeDAO.setLogger(com.topcoder.util.log.Log)
java.lang.NoSuchMethodException: com.topcoder.service.digitalrun.contest.MockTrackContestTypeDAO.setLogger(com.topcoder.util.log.Log)
	at java.lang.Class.getMethod(Class.java:1581)
	at com.topcoder.service.digitalrun.contest.DigitalRunContestManagerBean.inject(DigitalRunContestManagerBean.java:490)
	at com.topcoder.service.digitalrun.contest.DigitalRunContestManagerBean.initialize(DigitalRunContestManagerBean.java:453)
	at com.topcoder.service.digitalrun.contest.DigitalRunContestManagerBeanUnitTests.setUp(DigitalRunContestManagerBeanUnitTests.java:51)
	at junit.framework.TestCase.runBare(TestCase.java:125)
	at junit.framework.TestResult$1.protect(TestResult.java:106)
	at junit.framework.TestResult.runProtected(TestResult.java:124)
	at junit.framework.TestResult.run(TestResult.java:109)
	at junit.framework.TestCase.run(TestCase.java:118)
	at junit.framework.TestSuite.runTest(TestSuite.java:208)
	at junit.framework.TestSuite.run(TestSuite.java:203)
	at junit.framework.TestSuite.runTest(TestSuite.java:208)
	at junit.framework.TestSuite.run(TestSuite.java:203)
	at org.apache.tools.ant.taskdefs.optional.junit.JUnitTestRunner.run(JUnitTestRunner.java:297)
	at org.apache.tools.ant.taskdefs.optional.junit.JUnitTestRunner.launch(JUnitTestRunner.java:672)
	at org.apache.tools.ant.taskdefs.optional.junit.JUnitTestRunner.main(JUnitTestRunner.java:567)
com.topcoder.service.digitalrun.contest.MockResultCalculatorDAO.setLogger(com.topcoder.util.log.Log)
java.lang.NoSuchMethodException: com.topcoder.service.digitalrun.contest.MockResultCalculatorDAO.setLogger(com.topcoder.util.log.Log)
	at java.lang.Class.getMethod(Class.java:1581)
	at com.topcoder.service.digitalrun.contest.DigitalRunContestManagerBean.inject(DigitalRunContestManagerBean.java:490)
	at com.topcoder.service.digitalrun.contest.DigitalRunContestManagerBean.initialize(DigitalRunContestManagerBean.java:454)
	at com.topcoder.service.digitalrun.contest.DigitalRunContestManagerBeanUnitTests.setUp(DigitalRunContestManagerBeanUnitTests.java:51)
	at junit.framework.TestCase.runBare(TestCase.java:125)
	at junit.framework.TestResult$1.protect(TestResult.java:106)
	at junit.framework.TestResult.runProtected(TestResult.java:124)
	at junit.framework.TestResult.run(TestResult.java:109)
	at junit.framework.TestCase.run(TestCase.java:118)
	at junit.framework.TestSuite.runTest(TestSuite.java:208)
	at junit.framework.TestSuite.run(TestSuite.java:203)
	at junit.framework.TestSuite.runTest(TestSuite.java:208)
	at junit.framework.TestSuite.run(TestSuite.java:203)
	at org.apache.tools.ant.taskdefs.optional.junit.JUnitTestRunner.run(JUnitTestRunner.java:297)
	at org.apache.tools.ant.taskdefs.optional.junit.JUnitTestRunner.launch(JUnitTestRunner.java:672)
	at org.apache.tools.ant.taskdefs.optional.junit.JUnitTestRunner.main(JUnitTestRunner.java:567)
com.topcoder.service.digitalrun.contest.MockTrackContestDAO.setUnitName(java.lang.String)
java.lang.NoSuchMethodException: com.topcoder.service.digitalrun.contest.MockTrackContestDAO.setUnitName(java.lang.String)
	at java.lang.Class.getMethod(Class.java:1581)
	at com.topcoder.service.digitalrun.contest.DigitalRunContestManagerBean.inject(DigitalRunContestManagerBean.java:490)
	at com.topcoder.service.digitalrun.contest.DigitalRunContestManagerBean.initialize(DigitalRunContestManagerBean.java:457)
	at com.topcoder.service.digitalrun.contest.DigitalRunContestManagerBeanUnitTests.setUp(DigitalRunContestManagerBeanUnitTests.java:51)
	at junit.framework.TestCase.runBare(TestCase.java:125)
	at junit.framework.TestResult$1.protect(TestResult.java:106)
	at junit.framework.TestResult.runProtected(TestResult.java:124)
	at junit.framework.TestResult.run(TestResult.java:109)
	at junit.framework.TestCase.run(TestCase.java:118)
	at junit.framework.TestSuite.runTest(TestSuite.java:208)
	at junit.framework.TestSuite.run(TestSuite.java:203)
	at junit.framework.TestSuite.runTest(TestSuite.java:208)
	at junit.framework.TestSuite.run(TestSuite.java:203)
	at org.apache.tools.ant.taskdefs.optional.junit.JUnitTestRunner.run(JUnitTestRunner.java:297)
	at org.apache.tools.ant.taskdefs.optional.junit.JUnitTestRunner.launch(JUnitTestRunner.java:672)
	at org.apache.tools.ant.taskdefs.optional.junit.JUnitTestRunner.main(JUnitTestRunner.java:567)
com.topcoder.service.digitalrun.contest.MockTrackContestTypeDAO.setUnitName(java.lang.String)
java.lang.NoSuchMethodException: com.topcoder.service.digitalrun.contest.MockTrackContestTypeDAO.setUnitName(java.lang.String)
	at java.lang.Class.getMethod(Class.java:1581)
	at com.topcoder.service.digitalrun.contest.DigitalRunContestManagerBean.inject(DigitalRunContestManagerBean.java:490)
	at com.topcoder.service.digitalrun.contest.DigitalRunContestManagerBean.initialize(DigitalRunContestManagerBean.java:458)
	at com.topcoder.service.digitalrun.contest.DigitalRunContestManagerBeanUnitTests.setUp(DigitalRunContestManagerBeanUnitTests.java:51)
	at junit.framework.TestCase.runBare(TestCase.java:125)
	at junit.framework.TestResult$1.protect(TestResult.java:106)
	at junit.framework.TestResult.runProtected(TestResult.java:124)
	at junit.framework.TestResult.run(TestResult.java:109)
	at junit.framework.TestCase.run(TestCase.java:118)
	at junit.framework.TestSuite.runTest(TestSuite.java:208)
	at junit.framework.TestSuite.run(TestSuite.java:203)
	at junit.framework.TestSuite.runTest(TestSuite.java:208)
	at junit.framework.TestSuite.run(TestSuite.java:203)
	at org.apache.tools.ant.taskdefs.optional.junit.JUnitTestRunner.run(JUnitTestRunner.java:297)
	at org.apache.tools.ant.taskdefs.optional.junit.JUnitTestRunner.launch(JUnitTestRunner.java:672)
	at org.apache.tools.ant.taskdefs.optional.junit.JUnitTestRunner.main(JUnitTestRunner.java:567)
com.topcoder.service.digitalrun.contest.MockResultCalculatorDAO.setUnitName(java.lang.String)
java.lang.NoSuchMethodException: com.topcoder.service.digitalrun.contest.MockResultCalculatorDAO.setUnitName(java.lang.String)
	at java.lang.Class.getMethod(Class.java:1581)
	at com.topcoder.service.digitalrun.contest.DigitalRunContestManagerBean.inject(DigitalRunContestManagerBean.java:490)
	at com.topcoder.service.digitalrun.contest.DigitalRunContestManagerBean.initialize(DigitalRunContestManagerBean.java:459)
	at com.topcoder.service.digitalrun.contest.DigitalRunContestManagerBeanUnitTests.setUp(DigitalRunContestManagerBeanUnitTests.java:51)
	at junit.framework.TestCase.runBare(TestCase.java:125)
	at junit.framework.TestResult$1.protect(TestResult.java:106)
	at junit.framework.TestResult.runProtected(TestResult.java:124)
	at junit.framework.TestResult.run(TestResult.java:109)
	at junit.framework.TestCase.run(TestCase.java:118)
	at junit.framework.TestSuite.runTest(TestSuite.java:208)
	at junit.framework.TestSuite.run(TestSuite.java:203)
	at junit.framework.TestSuite.runTest(TestSuite.java:208)
	at junit.framework.TestSuite.run(TestSuite.java:203)
	at org.apache.tools.ant.taskdefs.optional.junit.JUnitTestRunner.run(JUnitTestRunner.java:297)
	at org.apache.tools.ant.taskdefs.optional.junit.JUnitTestRunner.launch(JUnitTestRunner.java:672)
	at org.apache.tools.ant.taskdefs.optional.junit.JUnitTestRunner.main(JUnitTestRunner.java:567)
com.topcoder.service.digitalrun.contest.MockTrackContestDAO.setSessionContext(javax.ejb.SessionContext)
java.lang.NoSuchMethodException: com.topcoder.service.digitalrun.contest.MockTrackContestDAO.setSessionContext(javax.ejb.SessionContext)
	at java.lang.Class.getMethod(Class.java:1581)
	at com.topcoder.service.digitalrun.contest.DigitalRunContestManagerBean.inject(DigitalRunContestManagerBean.java:490)
	at com.topcoder.service.digitalrun.contest.DigitalRunContestManagerBean.initialize(DigitalRunContestManagerBean.java:461)
	at com.topcoder.service.digitalrun.contest.DigitalRunContestManagerBeanUnitTests.setUp(DigitalRunContestManagerBeanUnitTests.java:51)
	at junit.framework.TestCase.runBare(TestCase.java:125)
	at junit.framework.TestResult$1.protect(TestResult.java:106)
	at junit.framework.TestResult.runProtected(TestResult.java:124)
	at junit.framework.TestResult.run(TestResult.java:109)
	at junit.framework.TestCase.run(TestCase.java:118)
	at junit.framework.TestSuite.runTest(TestSuite.java:208)
	at junit.framework.TestSuite.run(TestSuite.java:203)
	at junit.framework.TestSuite.runTest(TestSuite.java:208)
	at junit.framework.TestSuite.run(TestSuite.java:203)
	at org.apache.tools.ant.taskdefs.optional.junit.JUnitTestRunner.run(JUnitTestRunner.java:297)
	at org.apache.tools.ant.taskdefs.optional.junit.JUnitTestRunner.launch(JUnitTestRunner.java:672)
	at org.apache.tools.ant.taskdefs.optional.junit.JUnitTestRunner.main(JUnitTestRunner.java:567)
com.topcoder.service.digitalrun.contest.MockTrackContestTypeDAO.setSessionContext(javax.ejb.SessionContext)
java.lang.NoSuchMethodException: com.topcoder.service.digitalrun.contest.MockTrackContestTypeDAO.setSessionContext(javax.ejb.SessionContext)
	at java.lang.Class.getMethod(Class.java:1581)
	at com.topcoder.service.digitalrun.contest.DigitalRunContestManagerBean.inject(DigitalRunContestManagerBean.java:490)
	at com.topcoder.service.digitalrun.contest.DigitalRunContestManagerBean.initialize(DigitalRunContestManagerBean.java:462)
	at com.topcoder.service.digitalrun.contest.DigitalRunContestManagerBeanUnitTests.setUp(DigitalRunContestManagerBeanUnitTests.java:51)
	at junit.framework.TestCase.runBare(TestCase.java:125)
	at junit.framework.TestResult$1.protect(TestResult.java:106)
	at junit.framework.TestResult.runProtected(TestResult.java:124)
	at junit.framework.TestResult.run(TestResult.java:109)
	at junit.framework.TestCase.run(TestCase.java:118)
	at junit.framework.TestSuite.runTest(TestSuite.java:208)
	at junit.framework.TestSuite.run(TestSuite.java:203)
	at junit.framework.TestSuite.runTest(TestSuite.java:208)
	at junit.framework.TestSuite.run(TestSuite.java:203)
	at org.apache.tools.ant.taskdefs.optional.junit.JUnitTestRunner.run(JUnitTestRunner.java:297)
	at org.apache.tools.ant.taskdefs.optional.junit.JUnitTestRunner.launch(JUnitTestRunner.java:672)
	at org.apache.tools.ant.taskdefs.optional.junit.JUnitTestRunner.main(JUnitTestRunner.java:567)
com.topcoder.service.digitalrun.contest.MockResultCalculatorDAO.setSessionContext(javax.ejb.SessionContext)
java.lang.NoSuchMethodException: com.topcoder.service.digitalrun.contest.MockResultCalculatorDAO.setSessionContext(javax.ejb.SessionContext)
	at java.lang.Class.getMethod(Class.java:1581)
	at com.topcoder.service.digitalrun.contest.DigitalRunContestManagerBean.inject(DigitalRunContestManagerBean.java:490)
	at com.topcoder.service.digitalrun.contest.DigitalRunContestManagerBean.initialize(DigitalRunContestManagerBean.java:463)
	at com.topcoder.service.digitalrun.contest.DigitalRunContestManagerBeanUnitTests.setUp(DigitalRunContestManagerBeanUnitTests.java:51)
	at junit.framework.TestCase.runBare(TestCase.java:125)
	at junit.framework.TestResult$1.protect(TestResult.java:106)
	at junit.framework.TestResult.runProtected(TestResult.java:124)
	at junit.framework.TestResult.run(TestResult.java:109)
	at junit.framework.TestCase.run(TestCase.java:118)
	at junit.framework.TestSuite.runTest(TestSuite.java:208)
	at junit.framework.TestSuite.run(TestSuite.java:203)
	at junit.framework.TestSuite.runTest(TestSuite.java:208)
	at junit.framework.TestSuite.run(TestSuite.java:203)
	at org.apache.tools.ant.taskdefs.optional.junit.JUnitTestRunner.run(JUnitTestRunner.java:297)
	at org.apache.tools.ant.taskdefs.optional.junit.JUnitTestRunner.launch(JUnitTestRunner.java:672)
	at org.apache.tools.ant.taskdefs.optional.junit.JUnitTestRunner.main(JUnitTestRunner.java:567)
Enter into method [DigitalRunContestManagerBean#createTrackContest(TrackContest)]
mock exception
com.topcoder.service.digitalrun.contest.PersistenceException: mock exception
	at com.topcoder.service.digitalrun.contest.MockTrackContestDAO.createTrackContest(MockTrackContestDAO.java:37)
	at com.topcoder.service.digitalrun.contest.DigitalRunContestManagerBean.createTrackContest(DigitalRunContestManagerBean.java:532)
	at com.topcoder.service.digitalrun.contest.DigitalRunContestManagerBeanUnitTests.testCreateTrackContest(DigitalRunContestManagerBeanUnitTests.java:247)
	at sun.reflect.NativeMethodAccessorImpl.invoke0(Native Method)
	at sun.reflect.NativeMethodAccessorImpl.invoke(NativeMethodAccessorImpl.java:39)
	at sun.reflect.DelegatingMethodAccessorImpl.invoke(DelegatingMethodAccessorImpl.java:25)
	at java.lang.reflect.Method.invoke(Method.java:585)
	at junit.framework.TestCase.runTest(TestCase.java:154)
	at junit.framework.TestCase.runBare(TestCase.java:127)
	at junit.framework.TestResult$1.protect(TestResult.java:106)
	at junit.framework.TestResult.runProtected(TestResult.java:124)
	at junit.framework.TestResult.run(TestResult.java:109)
	at junit.framework.TestCase.run(TestCase.java:118)
	at junit.framework.TestSuite.runTest(TestSuite.java:208)
	at junit.framework.TestSuite.run(TestSuite.java:203)
	at junit.framework.TestSuite.runTest(TestSuite.java:208)
	at junit.framework.TestSuite.run(TestSuite.java:203)
	at org.apache.tools.ant.taskdefs.optional.junit.JUnitTestRunner.run(JUnitTestRunner.java:297)
	at org.apache.tools.ant.taskdefs.optional.junit.JUnitTestRunner.launch(JUnitTestRunner.java:672)
	at org.apache.tools.ant.taskdefs.optional.junit.JUnitTestRunner.main(JUnitTestRunner.java:567)
Exit from method [DigitalRunContestManagerBean#createTrackContest(TrackContest)]
com.topcoder.service.digitalrun.contest.MockTrackContestDAO.setLogger(com.topcoder.util.log.Log)
java.lang.NoSuchMethodException: com.topcoder.service.digitalrun.contest.MockTrackContestDAO.setLogger(com.topcoder.util.log.Log)
	at java.lang.Class.getMethod(Class.java:1581)
	at com.topcoder.service.digitalrun.contest.DigitalRunContestManagerBean.inject(DigitalRunContestManagerBean.java:490)
	at com.topcoder.service.digitalrun.contest.DigitalRunContestManagerBean.initialize(DigitalRunContestManagerBean.java:452)
	at com.topcoder.service.digitalrun.contest.DigitalRunContestManagerBeanUnitTests.setUp(DigitalRunContestManagerBeanUnitTests.java:51)
	at junit.framework.TestCase.runBare(TestCase.java:125)
	at junit.framework.TestResult$1.protect(TestResult.java:106)
	at junit.framework.TestResult.runProtected(TestResult.java:124)
	at junit.framework.TestResult.run(TestResult.java:109)
	at junit.framework.TestCase.run(TestCase.java:118)
	at junit.framework.TestSuite.runTest(TestSuite.java:208)
	at junit.framework.TestSuite.run(TestSuite.java:203)
	at junit.framework.TestSuite.runTest(TestSuite.java:208)
	at junit.framework.TestSuite.run(TestSuite.java:203)
	at org.apache.tools.ant.taskdefs.optional.junit.JUnitTestRunner.run(JUnitTestRunner.java:297)
	at org.apache.tools.ant.taskdefs.optional.junit.JUnitTestRunner.launch(JUnitTestRunner.java:672)
	at org.apache.tools.ant.taskdefs.optional.junit.JUnitTestRunner.main(JUnitTestRunner.java:567)
com.topcoder.service.digitalrun.contest.MockTrackContestTypeDAO.setLogger(com.topcoder.util.log.Log)
java.lang.NoSuchMethodException: com.topcoder.service.digitalrun.contest.MockTrackContestTypeDAO.setLogger(com.topcoder.util.log.Log)
	at java.lang.Class.getMethod(Class.java:1581)
	at com.topcoder.service.digitalrun.contest.DigitalRunContestManagerBean.inject(DigitalRunContestManagerBean.java:490)
	at com.topcoder.service.digitalrun.contest.DigitalRunContestManagerBean.initialize(DigitalRunContestManagerBean.java:453)
	at com.topcoder.service.digitalrun.contest.DigitalRunContestManagerBeanUnitTests.setUp(DigitalRunContestManagerBeanUnitTests.java:51)
	at junit.framework.TestCase.runBare(TestCase.java:125)
	at junit.framework.TestResult$1.protect(TestResult.java:106)
	at junit.framework.TestResult.runProtected(TestResult.java:124)
	at junit.framework.TestResult.run(TestResult.java:109)
	at junit.framework.TestCase.run(TestCase.java:118)
	at junit.framework.TestSuite.runTest(TestSuite.java:208)
	at junit.framework.TestSuite.run(TestSuite.java:203)
	at junit.framework.TestSuite.runTest(TestSuite.java:208)
	at junit.framework.TestSuite.run(TestSuite.java:203)
	at org.apache.tools.ant.taskdefs.optional.junit.JUnitTestRunner.run(JUnitTestRunner.java:297)
	at org.apache.tools.ant.taskdefs.optional.junit.JUnitTestRunner.launch(JUnitTestRunner.java:672)
	at org.apache.tools.ant.taskdefs.optional.junit.JUnitTestRunner.main(JUnitTestRunner.java:567)
com.topcoder.service.digitalrun.contest.MockResultCalculatorDAO.setLogger(com.topcoder.util.log.Log)
java.lang.NoSuchMethodException: com.topcoder.service.digitalrun.contest.MockResultCalculatorDAO.setLogger(com.topcoder.util.log.Log)
	at java.lang.Class.getMethod(Class.java:1581)
	at com.topcoder.service.digitalrun.contest.DigitalRunContestManagerBean.inject(DigitalRunContestManagerBean.java:490)
	at com.topcoder.service.digitalrun.contest.DigitalRunContestManagerBean.initialize(DigitalRunContestManagerBean.java:454)
	at com.topcoder.service.digitalrun.contest.DigitalRunContestManagerBeanUnitTests.setUp(DigitalRunContestManagerBeanUnitTests.java:51)
	at junit.framework.TestCase.runBare(TestCase.java:125)
	at junit.framework.TestResult$1.protect(TestResult.java:106)
	at junit.framework.TestResult.runProtected(TestResult.java:124)
	at junit.framework.TestResult.run(TestResult.java:109)
	at junit.framework.TestCase.run(TestCase.java:118)
	at junit.framework.TestSuite.runTest(TestSuite.java:208)
	at junit.framework.TestSuite.run(TestSuite.java:203)
	at junit.framework.TestSuite.runTest(TestSuite.java:208)
	at junit.framework.TestSuite.run(TestSuite.java:203)
	at org.apache.tools.ant.taskdefs.optional.junit.JUnitTestRunner.run(JUnitTestRunner.java:297)
	at org.apache.tools.ant.taskdefs.optional.junit.JUnitTestRunner.launch(JUnitTestRunner.java:672)
	at org.apache.tools.ant.taskdefs.optional.junit.JUnitTestRunner.main(JUnitTestRunner.java:567)
com.topcoder.service.digitalrun.contest.MockTrackContestDAO.setUnitName(java.lang.String)
java.lang.NoSuchMethodException: com.topcoder.service.digitalrun.contest.MockTrackContestDAO.setUnitName(java.lang.String)
	at java.lang.Class.getMethod(Class.java:1581)
	at com.topcoder.service.digitalrun.contest.DigitalRunContestManagerBean.inject(DigitalRunContestManagerBean.java:490)
	at com.topcoder.service.digitalrun.contest.DigitalRunContestManagerBean.initialize(DigitalRunContestManagerBean.java:457)
	at com.topcoder.service.digitalrun.contest.DigitalRunContestManagerBeanUnitTests.setUp(DigitalRunContestManagerBeanUnitTests.java:51)
	at junit.framework.TestCase.runBare(TestCase.java:125)
	at junit.framework.TestResult$1.protect(TestResult.java:106)
	at junit.framework.TestResult.runProtected(TestResult.java:124)
	at junit.framework.TestResult.run(TestResult.java:109)
	at junit.framework.TestCase.run(TestCase.java:118)
	at junit.framework.TestSuite.runTest(TestSuite.java:208)
	at junit.framework.TestSuite.run(TestSuite.java:203)
	at junit.framework.TestSuite.runTest(TestSuite.java:208)
	at junit.framework.TestSuite.run(TestSuite.java:203)
	at org.apache.tools.ant.taskdefs.optional.junit.JUnitTestRunner.run(JUnitTestRunner.java:297)
	at org.apache.tools.ant.taskdefs.optional.junit.JUnitTestRunner.launch(JUnitTestRunner.java:672)
	at org.apache.tools.ant.taskdefs.optional.junit.JUnitTestRunner.main(JUnitTestRunner.java:567)
com.topcoder.service.digitalrun.contest.MockTrackContestTypeDAO.setUnitName(java.lang.String)
java.lang.NoSuchMethodException: com.topcoder.service.digitalrun.contest.MockTrackContestTypeDAO.setUnitName(java.lang.String)
	at java.lang.Class.getMethod(Class.java:1581)
	at com.topcoder.service.digitalrun.contest.DigitalRunContestManagerBean.inject(DigitalRunContestManagerBean.java:490)
	at com.topcoder.service.digitalrun.contest.DigitalRunContestManagerBean.initialize(DigitalRunContestManagerBean.java:458)
	at com.topcoder.service.digitalrun.contest.DigitalRunContestManagerBeanUnitTests.setUp(DigitalRunContestManagerBeanUnitTests.java:51)
	at junit.framework.TestCase.runBare(TestCase.java:125)
	at junit.framework.TestResult$1.protect(TestResult.java:106)
	at junit.framework.TestResult.runProtected(TestResult.java:124)
	at junit.framework.TestResult.run(TestResult.java:109)
	at junit.framework.TestCase.run(TestCase.java:118)
	at junit.framework.TestSuite.runTest(TestSuite.java:208)
	at junit.framework.TestSuite.run(TestSuite.java:203)
	at junit.framework.TestSuite.runTest(TestSuite.java:208)
	at junit.framework.TestSuite.run(TestSuite.java:203)
	at org.apache.tools.ant.taskdefs.optional.junit.JUnitTestRunner.run(JUnitTestRunner.java:297)
	at org.apache.tools.ant.taskdefs.optional.junit.JUnitTestRunner.launch(JUnitTestRunner.java:672)
	at org.apache.tools.ant.taskdefs.optional.junit.JUnitTestRunner.main(JUnitTestRunner.java:567)
com.topcoder.service.digitalrun.contest.MockResultCalculatorDAO.setUnitName(java.lang.String)
java.lang.NoSuchMethodException: com.topcoder.service.digitalrun.contest.MockResultCalculatorDAO.setUnitName(java.lang.String)
	at java.lang.Class.getMethod(Class.java:1581)
	at com.topcoder.service.digitalrun.contest.DigitalRunContestManagerBean.inject(DigitalRunContestManagerBean.java:490)
	at com.topcoder.service.digitalrun.contest.DigitalRunContestManagerBean.initialize(DigitalRunContestManagerBean.java:459)
	at com.topcoder.service.digitalrun.contest.DigitalRunContestManagerBeanUnitTests.setUp(DigitalRunContestManagerBeanUnitTests.java:51)
	at junit.framework.TestCase.runBare(TestCase.java:125)
	at junit.framework.TestResult$1.protect(TestResult.java:106)
	at junit.framework.TestResult.runProtected(TestResult.java:124)
	at junit.framework.TestResult.run(TestResult.java:109)
	at junit.framework.TestCase.run(TestCase.java:118)
	at junit.framework.TestSuite.runTest(TestSuite.java:208)
	at junit.framework.TestSuite.run(TestSuite.java:203)
	at junit.framework.TestSuite.runTest(TestSuite.java:208)
	at junit.framework.TestSuite.run(TestSuite.java:203)
	at org.apache.tools.ant.taskdefs.optional.junit.JUnitTestRunner.run(JUnitTestRunner.java:297)
	at org.apache.tools.ant.taskdefs.optional.junit.JUnitTestRunner.launch(JUnitTestRunner.java:672)
	at org.apache.tools.ant.taskdefs.optional.junit.JUnitTestRunner.main(JUnitTestRunner.java:567)
com.topcoder.service.digitalrun.contest.MockTrackContestDAO.setSessionContext(javax.ejb.SessionContext)
java.lang.NoSuchMethodException: com.topcoder.service.digitalrun.contest.MockTrackContestDAO.setSessionContext(javax.ejb.SessionContext)
	at java.lang.Class.getMethod(Class.java:1581)
	at com.topcoder.service.digitalrun.contest.DigitalRunContestManagerBean.inject(DigitalRunContestManagerBean.java:490)
	at com.topcoder.service.digitalrun.contest.DigitalRunContestManagerBean.initialize(DigitalRunContestManagerBean.java:461)
	at com.topcoder.service.digitalrun.contest.DigitalRunContestManagerBeanUnitTests.setUp(DigitalRunContestManagerBeanUnitTests.java:51)
	at junit.framework.TestCase.runBare(TestCase.java:125)
	at junit.framework.TestResult$1.protect(TestResult.java:106)
	at junit.framework.TestResult.runProtected(TestResult.java:124)
	at junit.framework.TestResult.run(TestResult.java:109)
	at junit.framework.TestCase.run(TestCase.java:118)
	at junit.framework.TestSuite.runTest(TestSuite.java:208)
	at junit.framework.TestSuite.run(TestSuite.java:203)
	at junit.framework.TestSuite.runTest(TestSuite.java:208)
	at junit.framework.TestSuite.run(TestSuite.java:203)
	at org.apache.tools.ant.taskdefs.optional.junit.JUnitTestRunner.run(JUnitTestRunner.java:297)
	at org.apache.tools.ant.taskdefs.optional.junit.JUnitTestRunner.launch(JUnitTestRunner.java:672)
	at org.apache.tools.ant.taskdefs.optional.junit.JUnitTestRunner.main(JUnitTestRunner.java:567)
com.topcoder.service.digitalrun.contest.MockTrackContestTypeDAO.setSessionContext(javax.ejb.SessionContext)
java.lang.NoSuchMethodException: com.topcoder.service.digitalrun.contest.MockTrackContestTypeDAO.setSessionContext(javax.ejb.SessionContext)
	at java.lang.Class.getMethod(Class.java:1581)
	at com.topcoder.service.digitalrun.contest.DigitalRunContestManagerBean.inject(DigitalRunContestManagerBean.java:490)
	at com.topcoder.service.digitalrun.contest.DigitalRunContestManagerBean.initialize(DigitalRunContestManagerBean.java:462)
	at com.topcoder.service.digitalrun.contest.DigitalRunContestManagerBeanUnitTests.setUp(DigitalRunContestManagerBeanUnitTests.java:51)
	at junit.framework.TestCase.runBare(TestCase.java:125)
	at junit.framework.TestResult$1.protect(TestResult.java:106)
	at junit.framework.TestResult.runProtected(TestResult.java:124)
	at junit.framework.TestResult.run(TestResult.java:109)
	at junit.framework.TestCase.run(TestCase.java:118)
	at junit.framework.TestSuite.runTest(TestSuite.java:208)
	at junit.framework.TestSuite.run(TestSuite.java:203)
	at junit.framework.TestSuite.runTest(TestSuite.java:208)
	at junit.framework.TestSuite.run(TestSuite.java:203)
	at org.apache.tools.ant.taskdefs.optional.junit.JUnitTestRunner.run(JUnitTestRunner.java:297)
	at org.apache.tools.ant.taskdefs.optional.junit.JUnitTestRunner.launch(JUnitTestRunner.java:672)
	at org.apache.tools.ant.taskdefs.optional.junit.JUnitTestRunner.main(JUnitTestRunner.java:567)
com.topcoder.service.digitalrun.contest.MockResultCalculatorDAO.setSessionContext(javax.ejb.SessionContext)
java.lang.NoSuchMethodException: com.topcoder.service.digitalrun.contest.MockResultCalculatorDAO.setSessionContext(javax.ejb.SessionContext)
	at java.lang.Class.getMethod(Class.java:1581)
	at com.topcoder.service.digitalrun.contest.DigitalRunContestManagerBean.inject(DigitalRunContestManagerBean.java:490)
	at com.topcoder.service.digitalrun.contest.DigitalRunContestManagerBean.initialize(DigitalRunContestManagerBean.java:463)
	at com.topcoder.service.digitalrun.contest.DigitalRunContestManagerBeanUnitTests.setUp(DigitalRunContestManagerBeanUnitTests.java:51)
	at junit.framework.TestCase.runBare(TestCase.java:125)
	at junit.framework.TestResult$1.protect(TestResult.java:106)
	at junit.framework.TestResult.runProtected(TestResult.java:124)
	at junit.framework.TestResult.run(TestResult.java:109)
	at junit.framework.TestCase.run(TestCase.java:118)
	at junit.framework.TestSuite.runTest(TestSuite.java:208)
	at junit.framework.TestSuite.run(TestSuite.java:203)
	at junit.framework.TestSuite.runTest(TestSuite.java:208)
	at junit.framework.TestSuite.run(TestSuite.java:203)
	at org.apache.tools.ant.taskdefs.optional.junit.JUnitTestRunner.run(JUnitTestRunner.java:297)
	at org.apache.tools.ant.taskdefs.optional.junit.JUnitTestRunner.launch(JUnitTestRunner.java:672)
	at org.apache.tools.ant.taskdefs.optional.junit.JUnitTestRunner.main(JUnitTestRunner.java:567)
Enter into method [DigitalRunContestManagerBean#updateTrackContest(TrackContest)]
mock exception
com.topcoder.service.digitalrun.contest.PersistenceException: mock exception
	at com.topcoder.service.digitalrun.contest.MockTrackContestDAO.updateTrackContest(MockTrackContestDAO.java:82)
	at com.topcoder.service.digitalrun.contest.DigitalRunContestManagerBean.updateTrackContest(DigitalRunContestManagerBean.java:569)
	at com.topcoder.service.digitalrun.contest.DigitalRunContestManagerBeanUnitTests.testUpdateTrackContest(DigitalRunContestManagerBeanUnitTests.java:265)
	at sun.reflect.NativeMethodAccessorImpl.invoke0(Native Method)
	at sun.reflect.NativeMethodAccessorImpl.invoke(NativeMethodAccessorImpl.java:39)
	at sun.reflect.DelegatingMethodAccessorImpl.invoke(DelegatingMethodAccessorImpl.java:25)
	at java.lang.reflect.Method.invoke(Method.java:585)
	at junit.framework.TestCase.runTest(TestCase.java:154)
	at junit.framework.TestCase.runBare(TestCase.java:127)
	at junit.framework.TestResult$1.protect(TestResult.java:106)
	at junit.framework.TestResult.runProtected(TestResult.java:124)
	at junit.framework.TestResult.run(TestResult.java:109)
	at junit.framework.TestCase.run(TestCase.java:118)
	at junit.framework.TestSuite.runTest(TestSuite.java:208)
	at junit.framework.TestSuite.run(TestSuite.java:203)
	at junit.framework.TestSuite.runTest(TestSuite.java:208)
	at junit.framework.TestSuite.run(TestSuite.java:203)
	at org.apache.tools.ant.taskdefs.optional.junit.JUnitTestRunner.run(JUnitTestRunner.java:297)
	at org.apache.tools.ant.taskdefs.optional.junit.JUnitTestRunner.launch(JUnitTestRunner.java:672)
	at org.apache.tools.ant.taskdefs.optional.junit.JUnitTestRunner.main(JUnitTestRunner.java:567)
Exit from method [DigitalRunContestManagerBean#updateTrackContest(TrackContest)]
com.topcoder.service.digitalrun.contest.MockTrackContestDAO.setLogger(com.topcoder.util.log.Log)
java.lang.NoSuchMethodException: com.topcoder.service.digitalrun.contest.MockTrackContestDAO.setLogger(com.topcoder.util.log.Log)
	at java.lang.Class.getMethod(Class.java:1581)
	at com.topcoder.service.digitalrun.contest.DigitalRunContestManagerBean.inject(DigitalRunContestManagerBean.java:490)
	at com.topcoder.service.digitalrun.contest.DigitalRunContestManagerBean.initialize(DigitalRunContestManagerBean.java:452)
	at com.topcoder.service.digitalrun.contest.DigitalRunContestManagerBeanUnitTests.setUp(DigitalRunContestManagerBeanUnitTests.java:51)
	at junit.framework.TestCase.runBare(TestCase.java:125)
	at junit.framework.TestResult$1.protect(TestResult.java:106)
	at junit.framework.TestResult.runProtected(TestResult.java:124)
	at junit.framework.TestResult.run(TestResult.java:109)
	at junit.framework.TestCase.run(TestCase.java:118)
	at junit.framework.TestSuite.runTest(TestSuite.java:208)
	at junit.framework.TestSuite.run(TestSuite.java:203)
	at junit.framework.TestSuite.runTest(TestSuite.java:208)
	at junit.framework.TestSuite.run(TestSuite.java:203)
	at org.apache.tools.ant.taskdefs.optional.junit.JUnitTestRunner.run(JUnitTestRunner.java:297)
	at org.apache.tools.ant.taskdefs.optional.junit.JUnitTestRunner.launch(JUnitTestRunner.java:672)
	at org.apache.tools.ant.taskdefs.optional.junit.JUnitTestRunner.main(JUnitTestRunner.java:567)
com.topcoder.service.digitalrun.contest.MockTrackContestTypeDAO.setLogger(com.topcoder.util.log.Log)
java.lang.NoSuchMethodException: com.topcoder.service.digitalrun.contest.MockTrackContestTypeDAO.setLogger(com.topcoder.util.log.Log)
	at java.lang.Class.getMethod(Class.java:1581)
	at com.topcoder.service.digitalrun.contest.DigitalRunContestManagerBean.inject(DigitalRunContestManagerBean.java:490)
	at com.topcoder.service.digitalrun.contest.DigitalRunContestManagerBean.initialize(DigitalRunContestManagerBean.java:453)
	at com.topcoder.service.digitalrun.contest.DigitalRunContestManagerBeanUnitTests.setUp(DigitalRunContestManagerBeanUnitTests.java:51)
	at junit.framework.TestCase.runBare(TestCase.java:125)
	at junit.framework.TestResult$1.protect(TestResult.java:106)
	at junit.framework.TestResult.runProtected(TestResult.java:124)
	at junit.framework.TestResult.run(TestResult.java:109)
	at junit.framework.TestCase.run(TestCase.java:118)
	at junit.framework.TestSuite.runTest(TestSuite.java:208)
	at junit.framework.TestSuite.run(TestSuite.java:203)
	at junit.framework.TestSuite.runTest(TestSuite.java:208)
	at junit.framework.TestSuite.run(TestSuite.java:203)
	at org.apache.tools.ant.taskdefs.optional.junit.JUnitTestRunner.run(JUnitTestRunner.java:297)
	at org.apache.tools.ant.taskdefs.optional.junit.JUnitTestRunner.launch(JUnitTestRunner.java:672)
	at org.apache.tools.ant.taskdefs.optional.junit.JUnitTestRunner.main(JUnitTestRunner.java:567)
com.topcoder.service.digitalrun.contest.MockResultCalculatorDAO.setLogger(com.topcoder.util.log.Log)
java.lang.NoSuchMethodException: com.topcoder.service.digitalrun.contest.MockResultCalculatorDAO.setLogger(com.topcoder.util.log.Log)
	at java.lang.Class.getMethod(Class.java:1581)
	at com.topcoder.service.digitalrun.contest.DigitalRunContestManagerBean.inject(DigitalRunContestManagerBean.java:490)
	at com.topcoder.service.digitalrun.contest.DigitalRunContestManagerBean.initialize(DigitalRunContestManagerBean.java:454)
	at com.topcoder.service.digitalrun.contest.DigitalRunContestManagerBeanUnitTests.setUp(DigitalRunContestManagerBeanUnitTests.java:51)
	at junit.framework.TestCase.runBare(TestCase.java:125)
	at junit.framework.TestResult$1.protect(TestResult.java:106)
	at junit.framework.TestResult.runProtected(TestResult.java:124)
	at junit.framework.TestResult.run(TestResult.java:109)
	at junit.framework.TestCase.run(TestCase.java:118)
	at junit.framework.TestSuite.runTest(TestSuite.java:208)
	at junit.framework.TestSuite.run(TestSuite.java:203)
	at junit.framework.TestSuite.runTest(TestSuite.java:208)
	at junit.framework.TestSuite.run(TestSuite.java:203)
	at org.apache.tools.ant.taskdefs.optional.junit.JUnitTestRunner.run(JUnitTestRunner.java:297)
	at org.apache.tools.ant.taskdefs.optional.junit.JUnitTestRunner.launch(JUnitTestRunner.java:672)
	at org.apache.tools.ant.taskdefs.optional.junit.JUnitTestRunner.main(JUnitTestRunner.java:567)
com.topcoder.service.digitalrun.contest.MockTrackContestDAO.setUnitName(java.lang.String)
java.lang.NoSuchMethodException: com.topcoder.service.digitalrun.contest.MockTrackContestDAO.setUnitName(java.lang.String)
	at java.lang.Class.getMethod(Class.java:1581)
	at com.topcoder.service.digitalrun.contest.DigitalRunContestManagerBean.inject(DigitalRunContestManagerBean.java:490)
	at com.topcoder.service.digitalrun.contest.DigitalRunContestManagerBean.initialize(DigitalRunContestManagerBean.java:457)
	at com.topcoder.service.digitalrun.contest.DigitalRunContestManagerBeanUnitTests.setUp(DigitalRunContestManagerBeanUnitTests.java:51)
	at junit.framework.TestCase.runBare(TestCase.java:125)
	at junit.framework.TestResult$1.protect(TestResult.java:106)
	at junit.framework.TestResult.runProtected(TestResult.java:124)
	at junit.framework.TestResult.run(TestResult.java:109)
	at junit.framework.TestCase.run(TestCase.java:118)
	at junit.framework.TestSuite.runTest(TestSuite.java:208)
	at junit.framework.TestSuite.run(TestSuite.java:203)
	at junit.framework.TestSuite.runTest(TestSuite.java:208)
	at junit.framework.TestSuite.run(TestSuite.java:203)
	at org.apache.tools.ant.taskdefs.optional.junit.JUnitTestRunner.run(JUnitTestRunner.java:297)
	at org.apache.tools.ant.taskdefs.optional.junit.JUnitTestRunner.launch(JUnitTestRunner.java:672)
	at org.apache.tools.ant.taskdefs.optional.junit.JUnitTestRunner.main(JUnitTestRunner.java:567)
com.topcoder.service.digitalrun.contest.MockTrackContestTypeDAO.setUnitName(java.lang.String)
java.lang.NoSuchMethodException: com.topcoder.service.digitalrun.contest.MockTrackContestTypeDAO.setUnitName(java.lang.String)
	at java.lang.Class.getMethod(Class.java:1581)
	at com.topcoder.service.digitalrun.contest.DigitalRunContestManagerBean.inject(DigitalRunContestManagerBean.java:490)
	at com.topcoder.service.digitalrun.contest.DigitalRunContestManagerBean.initialize(DigitalRunContestManagerBean.java:458)
	at com.topcoder.service.digitalrun.contest.DigitalRunContestManagerBeanUnitTests.setUp(DigitalRunContestManagerBeanUnitTests.java:51)
	at junit.framework.TestCase.runBare(TestCase.java:125)
	at junit.framework.TestResult$1.protect(TestResult.java:106)
	at junit.framework.TestResult.runProtected(TestResult.java:124)
	at junit.framework.TestResult.run(TestResult.java:109)
	at junit.framework.TestCase.run(TestCase.java:118)
	at junit.framework.TestSuite.runTest(TestSuite.java:208)
	at junit.framework.TestSuite.run(TestSuite.java:203)
	at junit.framework.TestSuite.runTest(TestSuite.java:208)
	at junit.framework.TestSuite.run(TestSuite.java:203)
	at org.apache.tools.ant.taskdefs.optional.junit.JUnitTestRunner.run(JUnitTestRunner.java:297)
	at org.apache.tools.ant.taskdefs.optional.junit.JUnitTestRunner.launch(JUnitTestRunner.java:672)
	at org.apache.tools.ant.taskdefs.optional.junit.JUnitTestRunner.main(JUnitTestRunner.java:567)
com.topcoder.service.digitalrun.contest.MockResultCalculatorDAO.setUnitName(java.lang.String)
java.lang.NoSuchMethodException: com.topcoder.service.digitalrun.contest.MockResultCalculatorDAO.setUnitName(java.lang.String)
	at java.lang.Class.getMethod(Class.java:1581)
	at com.topcoder.service.digitalrun.contest.DigitalRunContestManagerBean.inject(DigitalRunContestManagerBean.java:490)
	at com.topcoder.service.digitalrun.contest.DigitalRunContestManagerBean.initialize(DigitalRunContestManagerBean.java:459)
	at com.topcoder.service.digitalrun.contest.DigitalRunContestManagerBeanUnitTests.setUp(DigitalRunContestManagerBeanUnitTests.java:51)
	at junit.framework.TestCase.runBare(TestCase.java:125)
	at junit.framework.TestResult$1.protect(TestResult.java:106)
	at junit.framework.TestResult.runProtected(TestResult.java:124)
	at junit.framework.TestResult.run(TestResult.java:109)
	at junit.framework.TestCase.run(TestCase.java:118)
	at junit.framework.TestSuite.runTest(TestSuite.java:208)
	at junit.framework.TestSuite.run(TestSuite.java:203)
	at junit.framework.TestSuite.runTest(TestSuite.java:208)
	at junit.framework.TestSuite.run(TestSuite.java:203)
	at org.apache.tools.ant.taskdefs.optional.junit.JUnitTestRunner.run(JUnitTestRunner.java:297)
	at org.apache.tools.ant.taskdefs.optional.junit.JUnitTestRunner.launch(JUnitTestRunner.java:672)
	at org.apache.tools.ant.taskdefs.optional.junit.JUnitTestRunner.main(JUnitTestRunner.java:567)
com.topcoder.service.digitalrun.contest.MockTrackContestDAO.setSessionContext(javax.ejb.SessionContext)
java.lang.NoSuchMethodException: com.topcoder.service.digitalrun.contest.MockTrackContestDAO.setSessionContext(javax.ejb.SessionContext)
	at java.lang.Class.getMethod(Class.java:1581)
	at com.topcoder.service.digitalrun.contest.DigitalRunContestManagerBean.inject(DigitalRunContestManagerBean.java:490)
	at com.topcoder.service.digitalrun.contest.DigitalRunContestManagerBean.initialize(DigitalRunContestManagerBean.java:461)
	at com.topcoder.service.digitalrun.contest.DigitalRunContestManagerBeanUnitTests.setUp(DigitalRunContestManagerBeanUnitTests.java:51)
	at junit.framework.TestCase.runBare(TestCase.java:125)
	at junit.framework.TestResult$1.protect(TestResult.java:106)
	at junit.framework.TestResult.runProtected(TestResult.java:124)
	at junit.framework.TestResult.run(TestResult.java:109)
	at junit.framework.TestCase.run(TestCase.java:118)
	at junit.framework.TestSuite.runTest(TestSuite.java:208)
	at junit.framework.TestSuite.run(TestSuite.java:203)
	at junit.framework.TestSuite.runTest(TestSuite.java:208)
	at junit.framework.TestSuite.run(TestSuite.java:203)
	at org.apache.tools.ant.taskdefs.optional.junit.JUnitTestRunner.run(JUnitTestRunner.java:297)
	at org.apache.tools.ant.taskdefs.optional.junit.JUnitTestRunner.launch(JUnitTestRunner.java:672)
	at org.apache.tools.ant.taskdefs.optional.junit.JUnitTestRunner.main(JUnitTestRunner.java:567)
com.topcoder.service.digitalrun.contest.MockTrackContestTypeDAO.setSessionContext(javax.ejb.SessionContext)
java.lang.NoSuchMethodException: com.topcoder.service.digitalrun.contest.MockTrackContestTypeDAO.setSessionContext(javax.ejb.SessionContext)
	at java.lang.Class.getMethod(Class.java:1581)
	at com.topcoder.service.digitalrun.contest.DigitalRunContestManagerBean.inject(DigitalRunContestManagerBean.java:490)
	at com.topcoder.service.digitalrun.contest.DigitalRunContestManagerBean.initialize(DigitalRunContestManagerBean.java:462)
	at com.topcoder.service.digitalrun.contest.DigitalRunContestManagerBeanUnitTests.setUp(DigitalRunContestManagerBeanUnitTests.java:51)
	at junit.framework.TestCase.runBare(TestCase.java:125)
	at junit.framework.TestResult$1.protect(TestResult.java:106)
	at junit.framework.TestResult.runProtected(TestResult.java:124)
	at junit.framework.TestResult.run(TestResult.java:109)
	at junit.framework.TestCase.run(TestCase.java:118)
	at junit.framework.TestSuite.runTest(TestSuite.java:208)
	at junit.framework.TestSuite.run(TestSuite.java:203)
	at junit.framework.TestSuite.runTest(TestSuite.java:208)
	at junit.framework.TestSuite.run(TestSuite.java:203)
	at org.apache.tools.ant.taskdefs.optional.junit.JUnitTestRunner.run(JUnitTestRunner.java:297)
	at org.apache.tools.ant.taskdefs.optional.junit.JUnitTestRunner.launch(JUnitTestRunner.java:672)
	at org.apache.tools.ant.taskdefs.optional.junit.JUnitTestRunner.main(JUnitTestRunner.java:567)
com.topcoder.service.digitalrun.contest.MockResultCalculatorDAO.setSessionContext(javax.ejb.SessionContext)
java.lang.NoSuchMethodException: com.topcoder.service.digitalrun.contest.MockResultCalculatorDAO.setSessionContext(javax.ejb.SessionContext)
	at java.lang.Class.getMethod(Class.java:1581)
	at com.topcoder.service.digitalrun.contest.DigitalRunContestManagerBean.inject(DigitalRunContestManagerBean.java:490)
	at com.topcoder.service.digitalrun.contest.DigitalRunContestManagerBean.initialize(DigitalRunContestManagerBean.java:463)
	at com.topcoder.service.digitalrun.contest.DigitalRunContestManagerBeanUnitTests.setUp(DigitalRunContestManagerBeanUnitTests.java:51)
	at junit.framework.TestCase.runBare(TestCase.java:125)
	at junit.framework.TestResult$1.protect(TestResult.java:106)
	at junit.framework.TestResult.runProtected(TestResult.java:124)
	at junit.framework.TestResult.run(TestResult.java:109)
	at junit.framework.TestCase.run(TestCase.java:118)
	at junit.framework.TestSuite.runTest(TestSuite.java:208)
	at junit.framework.TestSuite.run(TestSuite.java:203)
	at junit.framework.TestSuite.runTest(TestSuite.java:208)
	at junit.framework.TestSuite.run(TestSuite.java:203)
	at org.apache.tools.ant.taskdefs.optional.junit.JUnitTestRunner.run(JUnitTestRunner.java:297)
	at org.apache.tools.ant.taskdefs.optional.junit.JUnitTestRunner.launch(JUnitTestRunner.java:672)
	at org.apache.tools.ant.taskdefs.optional.junit.JUnitTestRunner.main(JUnitTestRunner.java:567)
Enter into method [DigitalRunContestManagerBean#getTrackContest(long)]
mock exception
com.topcoder.service.digitalrun.contest.PersistenceException: mock exception
	at com.topcoder.service.digitalrun.contest.MockTrackContestDAO.getTrackContest(MockTrackContestDAO.java:52)
	at com.topcoder.service.digitalrun.contest.DigitalRunContestManagerBean.getTrackContest(DigitalRunContestManagerBean.java:633)
	at com.topcoder.service.digitalrun.contest.DigitalRunContestManagerBeanUnitTests.testGetTrackContest(DigitalRunContestManagerBeanUnitTests.java:283)
	at sun.reflect.NativeMethodAccessorImpl.invoke0(Native Method)
	at sun.reflect.NativeMethodAccessorImpl.invoke(NativeMethodAccessorImpl.java:39)
	at sun.reflect.DelegatingMethodAccessorImpl.invoke(DelegatingMethodAccessorImpl.java:25)
	at java.lang.reflect.Method.invoke(Method.java:585)
	at junit.framework.TestCase.runTest(TestCase.java:154)
	at junit.framework.TestCase.runBare(TestCase.java:127)
	at junit.framework.TestResult$1.protect(TestResult.java:106)
	at junit.framework.TestResult.runProtected(TestResult.java:124)
	at junit.framework.TestResult.run(TestResult.java:109)
	at junit.framework.TestCase.run(TestCase.java:118)
	at junit.framework.TestSuite.runTest(TestSuite.java:208)
	at junit.framework.TestSuite.run(TestSuite.java:203)
	at junit.framework.TestSuite.runTest(TestSuite.java:208)
	at junit.framework.TestSuite.run(TestSuite.java:203)
	at org.apache.tools.ant.taskdefs.optional.junit.JUnitTestRunner.run(JUnitTestRunner.java:297)
	at org.apache.tools.ant.taskdefs.optional.junit.JUnitTestRunner.launch(JUnitTestRunner.java:672)
	at org.apache.tools.ant.taskdefs.optional.junit.JUnitTestRunner.main(JUnitTestRunner.java:567)
Exit from method [DigitalRunContestManagerBean#getTrackContest(long)]
com.topcoder.service.digitalrun.contest.MockTrackContestDAO.setLogger(com.topcoder.util.log.Log)
java.lang.NoSuchMethodException: com.topcoder.service.digitalrun.contest.MockTrackContestDAO.setLogger(com.topcoder.util.log.Log)
	at java.lang.Class.getMethod(Class.java:1581)
	at com.topcoder.service.digitalrun.contest.DigitalRunContestManagerBean.inject(DigitalRunContestManagerBean.java:490)
	at com.topcoder.service.digitalrun.contest.DigitalRunContestManagerBean.initialize(DigitalRunContestManagerBean.java:452)
	at com.topcoder.service.digitalrun.contest.DigitalRunContestManagerBeanUnitTests.setUp(DigitalRunContestManagerBeanUnitTests.java:51)
	at junit.framework.TestCase.runBare(TestCase.java:125)
	at junit.framework.TestResult$1.protect(TestResult.java:106)
	at junit.framework.TestResult.runProtected(TestResult.java:124)
	at junit.framework.TestResult.run(TestResult.java:109)
	at junit.framework.TestCase.run(TestCase.java:118)
	at junit.framework.TestSuite.runTest(TestSuite.java:208)
	at junit.framework.TestSuite.run(TestSuite.java:203)
	at junit.framework.TestSuite.runTest(TestSuite.java:208)
	at junit.framework.TestSuite.run(TestSuite.java:203)
	at org.apache.tools.ant.taskdefs.optional.junit.JUnitTestRunner.run(JUnitTestRunner.java:297)
	at org.apache.tools.ant.taskdefs.optional.junit.JUnitTestRunner.launch(JUnitTestRunner.java:672)
	at org.apache.tools.ant.taskdefs.optional.junit.JUnitTestRunner.main(JUnitTestRunner.java:567)
com.topcoder.service.digitalrun.contest.MockTrackContestTypeDAO.setLogger(com.topcoder.util.log.Log)
java.lang.NoSuchMethodException: com.topcoder.service.digitalrun.contest.MockTrackContestTypeDAO.setLogger(com.topcoder.util.log.Log)
	at java.lang.Class.getMethod(Class.java:1581)
	at com.topcoder.service.digitalrun.contest.DigitalRunContestManagerBean.inject(DigitalRunContestManagerBean.java:490)
	at com.topcoder.service.digitalrun.contest.DigitalRunContestManagerBean.initialize(DigitalRunContestManagerBean.java:453)
	at com.topcoder.service.digitalrun.contest.DigitalRunContestManagerBeanUnitTests.setUp(DigitalRunContestManagerBeanUnitTests.java:51)
	at junit.framework.TestCase.runBare(TestCase.java:125)
	at junit.framework.TestResult$1.protect(TestResult.java:106)
	at junit.framework.TestResult.runProtected(TestResult.java:124)
	at junit.framework.TestResult.run(TestResult.java:109)
	at junit.framework.TestCase.run(TestCase.java:118)
	at junit.framework.TestSuite.runTest(TestSuite.java:208)
	at junit.framework.TestSuite.run(TestSuite.java:203)
	at junit.framework.TestSuite.runTest(TestSuite.java:208)
	at junit.framework.TestSuite.run(TestSuite.java:203)
	at org.apache.tools.ant.taskdefs.optional.junit.JUnitTestRunner.run(JUnitTestRunner.java:297)
	at org.apache.tools.ant.taskdefs.optional.junit.JUnitTestRunner.launch(JUnitTestRunner.java:672)
	at org.apache.tools.ant.taskdefs.optional.junit.JUnitTestRunner.main(JUnitTestRunner.java:567)
com.topcoder.service.digitalrun.contest.MockResultCalculatorDAO.setLogger(com.topcoder.util.log.Log)
java.lang.NoSuchMethodException: com.topcoder.service.digitalrun.contest.MockResultCalculatorDAO.setLogger(com.topcoder.util.log.Log)
	at java.lang.Class.getMethod(Class.java:1581)
	at com.topcoder.service.digitalrun.contest.DigitalRunContestManagerBean.inject(DigitalRunContestManagerBean.java:490)
	at com.topcoder.service.digitalrun.contest.DigitalRunContestManagerBean.initialize(DigitalRunContestManagerBean.java:454)
	at com.topcoder.service.digitalrun.contest.DigitalRunContestManagerBeanUnitTests.setUp(DigitalRunContestManagerBeanUnitTests.java:51)
	at junit.framework.TestCase.runBare(TestCase.java:125)
	at junit.framework.TestResult$1.protect(TestResult.java:106)
	at junit.framework.TestResult.runProtected(TestResult.java:124)
	at junit.framework.TestResult.run(TestResult.java:109)
	at junit.framework.TestCase.run(TestCase.java:118)
	at junit.framework.TestSuite.runTest(TestSuite.java:208)
	at junit.framework.TestSuite.run(TestSuite.java:203)
	at junit.framework.TestSuite.runTest(TestSuite.java:208)
	at junit.framework.TestSuite.run(TestSuite.java:203)
	at org.apache.tools.ant.taskdefs.optional.junit.JUnitTestRunner.run(JUnitTestRunner.java:297)
	at org.apache.tools.ant.taskdefs.optional.junit.JUnitTestRunner.launch(JUnitTestRunner.java:672)
	at org.apache.tools.ant.taskdefs.optional.junit.JUnitTestRunner.main(JUnitTestRunner.java:567)
com.topcoder.service.digitalrun.contest.MockTrackContestDAO.setUnitName(java.lang.String)
java.lang.NoSuchMethodException: com.topcoder.service.digitalrun.contest.MockTrackContestDAO.setUnitName(java.lang.String)
	at java.lang.Class.getMethod(Class.java:1581)
	at com.topcoder.service.digitalrun.contest.DigitalRunContestManagerBean.inject(DigitalRunContestManagerBean.java:490)
	at com.topcoder.service.digitalrun.contest.DigitalRunContestManagerBean.initialize(DigitalRunContestManagerBean.java:457)
	at com.topcoder.service.digitalrun.contest.DigitalRunContestManagerBeanUnitTests.setUp(DigitalRunContestManagerBeanUnitTests.java:51)
	at junit.framework.TestCase.runBare(TestCase.java:125)
	at junit.framework.TestResult$1.protect(TestResult.java:106)
	at junit.framework.TestResult.runProtected(TestResult.java:124)
	at junit.framework.TestResult.run(TestResult.java:109)
	at junit.framework.TestCase.run(TestCase.java:118)
	at junit.framework.TestSuite.runTest(TestSuite.java:208)
	at junit.framework.TestSuite.run(TestSuite.java:203)
	at junit.framework.TestSuite.runTest(TestSuite.java:208)
	at junit.framework.TestSuite.run(TestSuite.java:203)
	at org.apache.tools.ant.taskdefs.optional.junit.JUnitTestRunner.run(JUnitTestRunner.java:297)
	at org.apache.tools.ant.taskdefs.optional.junit.JUnitTestRunner.launch(JUnitTestRunner.java:672)
	at org.apache.tools.ant.taskdefs.optional.junit.JUnitTestRunner.main(JUnitTestRunner.java:567)
com.topcoder.service.digitalrun.contest.MockTrackContestTypeDAO.setUnitName(java.lang.String)
java.lang.NoSuchMethodException: com.topcoder.service.digitalrun.contest.MockTrackContestTypeDAO.setUnitName(java.lang.String)
	at java.lang.Class.getMethod(Class.java:1581)
	at com.topcoder.service.digitalrun.contest.DigitalRunContestManagerBean.inject(DigitalRunContestManagerBean.java:490)
	at com.topcoder.service.digitalrun.contest.DigitalRunContestManagerBean.initialize(DigitalRunContestManagerBean.java:458)
	at com.topcoder.service.digitalrun.contest.DigitalRunContestManagerBeanUnitTests.setUp(DigitalRunContestManagerBeanUnitTests.java:51)
	at junit.framework.TestCase.runBare(TestCase.java:125)
	at junit.framework.TestResult$1.protect(TestResult.java:106)
	at junit.framework.TestResult.runProtected(TestResult.java:124)
	at junit.framework.TestResult.run(TestResult.java:109)
	at junit.framework.TestCase.run(TestCase.java:118)
	at junit.framework.TestSuite.runTest(TestSuite.java:208)
	at junit.framework.TestSuite.run(TestSuite.java:203)
	at junit.framework.TestSuite.runTest(TestSuite.java:208)
	at junit.framework.TestSuite.run(TestSuite.java:203)
	at org.apache.tools.ant.taskdefs.optional.junit.JUnitTestRunner.run(JUnitTestRunner.java:297)
	at org.apache.tools.ant.taskdefs.optional.junit.JUnitTestRunner.launch(JUnitTestRunner.java:672)
	at org.apache.tools.ant.taskdefs.optional.junit.JUnitTestRunner.main(JUnitTestRunner.java:567)
com.topcoder.service.digitalrun.contest.MockResultCalculatorDAO.setUnitName(java.lang.String)
java.lang.NoSuchMethodException: com.topcoder.service.digitalrun.contest.MockResultCalculatorDAO.setUnitName(java.lang.String)
	at java.lang.Class.getMethod(Class.java:1581)
	at com.topcoder.service.digitalrun.contest.DigitalRunContestManagerBean.inject(DigitalRunContestManagerBean.java:490)
	at com.topcoder.service.digitalrun.contest.DigitalRunContestManagerBean.initialize(DigitalRunContestManagerBean.java:459)
	at com.topcoder.service.digitalrun.contest.DigitalRunContestManagerBeanUnitTests.setUp(DigitalRunContestManagerBeanUnitTests.java:51)
	at junit.framework.TestCase.runBare(TestCase.java:125)
	at junit.framework.TestResult$1.protect(TestResult.java:106)
	at junit.framework.TestResult.runProtected(TestResult.java:124)
	at junit.framework.TestResult.run(TestResult.java:109)
	at junit.framework.TestCase.run(TestCase.java:118)
	at junit.framework.TestSuite.runTest(TestSuite.java:208)
	at junit.framework.TestSuite.run(TestSuite.java:203)
	at junit.framework.TestSuite.runTest(TestSuite.java:208)
	at junit.framework.TestSuite.run(TestSuite.java:203)
	at org.apache.tools.ant.taskdefs.optional.junit.JUnitTestRunner.run(JUnitTestRunner.java:297)
	at org.apache.tools.ant.taskdefs.optional.junit.JUnitTestRunner.launch(JUnitTestRunner.java:672)
	at org.apache.tools.ant.taskdefs.optional.junit.JUnitTestRunner.main(JUnitTestRunner.java:567)
com.topcoder.service.digitalrun.contest.MockTrackContestDAO.setSessionContext(javax.ejb.SessionContext)
java.lang.NoSuchMethodException: com.topcoder.service.digitalrun.contest.MockTrackContestDAO.setSessionContext(javax.ejb.SessionContext)
	at java.lang.Class.getMethod(Class.java:1581)
	at com.topcoder.service.digitalrun.contest.DigitalRunContestManagerBean.inject(DigitalRunContestManagerBean.java:490)
	at com.topcoder.service.digitalrun.contest.DigitalRunContestManagerBean.initialize(DigitalRunContestManagerBean.java:461)
	at com.topcoder.service.digitalrun.contest.DigitalRunContestManagerBeanUnitTests.setUp(DigitalRunContestManagerBeanUnitTests.java:51)
	at junit.framework.TestCase.runBare(TestCase.java:125)
	at junit.framework.TestResult$1.protect(TestResult.java:106)
	at junit.framework.TestResult.runProtected(TestResult.java:124)
	at junit.framework.TestResult.run(TestResult.java:109)
	at junit.framework.TestCase.run(TestCase.java:118)
	at junit.framework.TestSuite.runTest(TestSuite.java:208)
	at junit.framework.TestSuite.run(TestSuite.java:203)
	at junit.framework.TestSuite.runTest(TestSuite.java:208)
	at junit.framework.TestSuite.run(TestSuite.java:203)
	at org.apache.tools.ant.taskdefs.optional.junit.JUnitTestRunner.run(JUnitTestRunner.java:297)
	at org.apache.tools.ant.taskdefs.optional.junit.JUnitTestRunner.launch(JUnitTestRunner.java:672)
	at org.apache.tools.ant.taskdefs.optional.junit.JUnitTestRunner.main(JUnitTestRunner.java:567)
com.topcoder.service.digitalrun.contest.MockTrackContestTypeDAO.setSessionContext(javax.ejb.SessionContext)
java.lang.NoSuchMethodException: com.topcoder.service.digitalrun.contest.MockTrackContestTypeDAO.setSessionContext(javax.ejb.SessionContext)
	at java.lang.Class.getMethod(Class.java:1581)
	at com.topcoder.service.digitalrun.contest.DigitalRunContestManagerBean.inject(DigitalRunContestManagerBean.java:490)
	at com.topcoder.service.digitalrun.contest.DigitalRunContestManagerBean.initialize(DigitalRunContestManagerBean.java:462)
	at com.topcoder.service.digitalrun.contest.DigitalRunContestManagerBeanUnitTests.setUp(DigitalRunContestManagerBeanUnitTests.java:51)
	at junit.framework.TestCase.runBare(TestCase.java:125)
	at junit.framework.TestResult$1.protect(TestResult.java:106)
	at junit.framework.TestResult.runProtected(TestResult.java:124)
	at junit.framework.TestResult.run(TestResult.java:109)
	at junit.framework.TestCase.run(TestCase.java:118)
	at junit.framework.TestSuite.runTest(TestSuite.java:208)
	at junit.framework.TestSuite.run(TestSuite.java:203)
	at junit.framework.TestSuite.runTest(TestSuite.java:208)
	at junit.framework.TestSuite.run(TestSuite.java:203)
	at org.apache.tools.ant.taskdefs.optional.junit.JUnitTestRunner.run(JUnitTestRunner.java:297)
	at org.apache.tools.ant.taskdefs.optional.junit.JUnitTestRunner.launch(JUnitTestRunner.java:672)
	at org.apache.tools.ant.taskdefs.optional.junit.JUnitTestRunner.main(JUnitTestRunner.java:567)
com.topcoder.service.digitalrun.contest.MockResultCalculatorDAO.setSessionContext(javax.ejb.SessionContext)
java.lang.NoSuchMethodException: com.topcoder.service.digitalrun.contest.MockResultCalculatorDAO.setSessionContext(javax.ejb.SessionContext)
	at java.lang.Class.getMethod(Class.java:1581)
	at com.topcoder.service.digitalrun.contest.DigitalRunContestManagerBean.inject(DigitalRunContestManagerBean.java:490)
	at com.topcoder.service.digitalrun.contest.DigitalRunContestManagerBean.initialize(DigitalRunContestManagerBean.java:463)
	at com.topcoder.service.digitalrun.contest.DigitalRunContestManagerBeanUnitTests.setUp(DigitalRunContestManagerBeanUnitTests.java:51)
	at junit.framework.TestCase.runBare(TestCase.java:125)
	at junit.framework.TestResult$1.protect(TestResult.java:106)
	at junit.framework.TestResult.runProtected(TestResult.java:124)
	at junit.framework.TestResult.run(TestResult.java:109)
	at junit.framework.TestCase.run(TestCase.java:118)
	at junit.framework.TestSuite.runTest(TestSuite.java:208)
	at junit.framework.TestSuite.run(TestSuite.java:203)
	at junit.framework.TestSuite.runTest(TestSuite.java:208)
	at junit.framework.TestSuite.run(TestSuite.java:203)
	at org.apache.tools.ant.taskdefs.optional.junit.JUnitTestRunner.run(JUnitTestRunner.java:297)
	at org.apache.tools.ant.taskdefs.optional.junit.JUnitTestRunner.launch(JUnitTestRunner.java:672)
	at org.apache.tools.ant.taskdefs.optional.junit.JUnitTestRunner.main(JUnitTestRunner.java:567)
Enter into method [DigitalRunContestManagerBean#removeTrackContest(long)]
mock exception
com.topcoder.service.digitalrun.contest.PersistenceException: mock exception
	at com.topcoder.service.digitalrun.contest.MockTrackContestDAO.removeTrackContest(MockTrackContestDAO.java:67)
	at com.topcoder.service.digitalrun.contest.DigitalRunContestManagerBean.removeTrackContest(DigitalRunContestManagerBean.java:606)
	at com.topcoder.service.digitalrun.contest.DigitalRunContestManagerBeanUnitTests.testRemoveTrackContest(DigitalRunContestManagerBeanUnitTests.java:301)
	at sun.reflect.NativeMethodAccessorImpl.invoke0(Native Method)
	at sun.reflect.NativeMethodAccessorImpl.invoke(NativeMethodAccessorImpl.java:39)
	at sun.reflect.DelegatingMethodAccessorImpl.invoke(DelegatingMethodAccessorImpl.java:25)
	at java.lang.reflect.Method.invoke(Method.java:585)
	at junit.framework.TestCase.runTest(TestCase.java:154)
	at junit.framework.TestCase.runBare(TestCase.java:127)
	at junit.framework.TestResult$1.protect(TestResult.java:106)
	at junit.framework.TestResult.runProtected(TestResult.java:124)
	at junit.framework.TestResult.run(TestResult.java:109)
	at junit.framework.TestCase.run(TestCase.java:118)
	at junit.framework.TestSuite.runTest(TestSuite.java:208)
	at junit.framework.TestSuite.run(TestSuite.java:203)
	at junit.framework.TestSuite.runTest(TestSuite.java:208)
	at junit.framework.TestSuite.run(TestSuite.java:203)
	at org.apache.tools.ant.taskdefs.optional.junit.JUnitTestRunner.run(JUnitTestRunner.java:297)
	at org.apache.tools.ant.taskdefs.optional.junit.JUnitTestRunner.launch(JUnitTestRunner.java:672)
	at org.apache.tools.ant.taskdefs.optional.junit.JUnitTestRunner.main(JUnitTestRunner.java:567)
Exit from method [DigitalRunContestManagerBean#removeTrackContest(long)]
com.topcoder.service.digitalrun.contest.MockTrackContestDAO.setLogger(com.topcoder.util.log.Log)
java.lang.NoSuchMethodException: com.topcoder.service.digitalrun.contest.MockTrackContestDAO.setLogger(com.topcoder.util.log.Log)
	at java.lang.Class.getMethod(Class.java:1581)
	at com.topcoder.service.digitalrun.contest.DigitalRunContestManagerBean.inject(DigitalRunContestManagerBean.java:490)
	at com.topcoder.service.digitalrun.contest.DigitalRunContestManagerBean.initialize(DigitalRunContestManagerBean.java:452)
	at com.topcoder.service.digitalrun.contest.DigitalRunContestManagerBeanUnitTests.setUp(DigitalRunContestManagerBeanUnitTests.java:51)
	at junit.framework.TestCase.runBare(TestCase.java:125)
	at junit.framework.TestResult$1.protect(TestResult.java:106)
	at junit.framework.TestResult.runProtected(TestResult.java:124)
	at junit.framework.TestResult.run(TestResult.java:109)
	at junit.framework.TestCase.run(TestCase.java:118)
	at junit.framework.TestSuite.runTest(TestSuite.java:208)
	at junit.framework.TestSuite.run(TestSuite.java:203)
	at junit.framework.TestSuite.runTest(TestSuite.java:208)
	at junit.framework.TestSuite.run(TestSuite.java:203)
	at org.apache.tools.ant.taskdefs.optional.junit.JUnitTestRunner.run(JUnitTestRunner.java:297)
	at org.apache.tools.ant.taskdefs.optional.junit.JUnitTestRunner.launch(JUnitTestRunner.java:672)
	at org.apache.tools.ant.taskdefs.optional.junit.JUnitTestRunner.main(JUnitTestRunner.java:567)
com.topcoder.service.digitalrun.contest.MockTrackContestTypeDAO.setLogger(com.topcoder.util.log.Log)
java.lang.NoSuchMethodException: com.topcoder.service.digitalrun.contest.MockTrackContestTypeDAO.setLogger(com.topcoder.util.log.Log)
	at java.lang.Class.getMethod(Class.java:1581)
	at com.topcoder.service.digitalrun.contest.DigitalRunContestManagerBean.inject(DigitalRunContestManagerBean.java:490)
	at com.topcoder.service.digitalrun.contest.DigitalRunContestManagerBean.initialize(DigitalRunContestManagerBean.java:453)
	at com.topcoder.service.digitalrun.contest.DigitalRunContestManagerBeanUnitTests.setUp(DigitalRunContestManagerBeanUnitTests.java:51)
	at junit.framework.TestCase.runBare(TestCase.java:125)
	at junit.framework.TestResult$1.protect(TestResult.java:106)
	at junit.framework.TestResult.runProtected(TestResult.java:124)
	at junit.framework.TestResult.run(TestResult.java:109)
	at junit.framework.TestCase.run(TestCase.java:118)
	at junit.framework.TestSuite.runTest(TestSuite.java:208)
	at junit.framework.TestSuite.run(TestSuite.java:203)
	at junit.framework.TestSuite.runTest(TestSuite.java:208)
	at junit.framework.TestSuite.run(TestSuite.java:203)
	at org.apache.tools.ant.taskdefs.optional.junit.JUnitTestRunner.run(JUnitTestRunner.java:297)
	at org.apache.tools.ant.taskdefs.optional.junit.JUnitTestRunner.launch(JUnitTestRunner.java:672)
	at org.apache.tools.ant.taskdefs.optional.junit.JUnitTestRunner.main(JUnitTestRunner.java:567)
com.topcoder.service.digitalrun.contest.MockResultCalculatorDAO.setLogger(com.topcoder.util.log.Log)
java.lang.NoSuchMethodException: com.topcoder.service.digitalrun.contest.MockResultCalculatorDAO.setLogger(com.topcoder.util.log.Log)
	at java.lang.Class.getMethod(Class.java:1581)
	at com.topcoder.service.digitalrun.contest.DigitalRunContestManagerBean.inject(DigitalRunContestManagerBean.java:490)
	at com.topcoder.service.digitalrun.contest.DigitalRunContestManagerBean.initialize(DigitalRunContestManagerBean.java:454)
	at com.topcoder.service.digitalrun.contest.DigitalRunContestManagerBeanUnitTests.setUp(DigitalRunContestManagerBeanUnitTests.java:51)
	at junit.framework.TestCase.runBare(TestCase.java:125)
	at junit.framework.TestResult$1.protect(TestResult.java:106)
	at junit.framework.TestResult.runProtected(TestResult.java:124)
	at junit.framework.TestResult.run(TestResult.java:109)
	at junit.framework.TestCase.run(TestCase.java:118)
	at junit.framework.TestSuite.runTest(TestSuite.java:208)
	at junit.framework.TestSuite.run(TestSuite.java:203)
	at junit.framework.TestSuite.runTest(TestSuite.java:208)
	at junit.framework.TestSuite.run(TestSuite.java:203)
	at org.apache.tools.ant.taskdefs.optional.junit.JUnitTestRunner.run(JUnitTestRunner.java:297)
	at org.apache.tools.ant.taskdefs.optional.junit.JUnitTestRunner.launch(JUnitTestRunner.java:672)
	at org.apache.tools.ant.taskdefs.optional.junit.JUnitTestRunner.main(JUnitTestRunner.java:567)
com.topcoder.service.digitalrun.contest.MockTrackContestDAO.setUnitName(java.lang.String)
java.lang.NoSuchMethodException: com.topcoder.service.digitalrun.contest.MockTrackContestDAO.setUnitName(java.lang.String)
	at java.lang.Class.getMethod(Class.java:1581)
	at com.topcoder.service.digitalrun.contest.DigitalRunContestManagerBean.inject(DigitalRunContestManagerBean.java:490)
	at com.topcoder.service.digitalrun.contest.DigitalRunContestManagerBean.initialize(DigitalRunContestManagerBean.java:457)
	at com.topcoder.service.digitalrun.contest.DigitalRunContestManagerBeanUnitTests.setUp(DigitalRunContestManagerBeanUnitTests.java:51)
	at junit.framework.TestCase.runBare(TestCase.java:125)
	at junit.framework.TestResult$1.protect(TestResult.java:106)
	at junit.framework.TestResult.runProtected(TestResult.java:124)
	at junit.framework.TestResult.run(TestResult.java:109)
	at junit.framework.TestCase.run(TestCase.java:118)
	at junit.framework.TestSuite.runTest(TestSuite.java:208)
	at junit.framework.TestSuite.run(TestSuite.java:203)
	at junit.framework.TestSuite.runTest(TestSuite.java:208)
	at junit.framework.TestSuite.run(TestSuite.java:203)
	at org.apache.tools.ant.taskdefs.optional.junit.JUnitTestRunner.run(JUnitTestRunner.java:297)
	at org.apache.tools.ant.taskdefs.optional.junit.JUnitTestRunner.launch(JUnitTestRunner.java:672)
	at org.apache.tools.ant.taskdefs.optional.junit.JUnitTestRunner.main(JUnitTestRunner.java:567)
com.topcoder.service.digitalrun.contest.MockTrackContestTypeDAO.setUnitName(java.lang.String)
java.lang.NoSuchMethodException: com.topcoder.service.digitalrun.contest.MockTrackContestTypeDAO.setUnitName(java.lang.String)
	at java.lang.Class.getMethod(Class.java:1581)
	at com.topcoder.service.digitalrun.contest.DigitalRunContestManagerBean.inject(DigitalRunContestManagerBean.java:490)
	at com.topcoder.service.digitalrun.contest.DigitalRunContestManagerBean.initialize(DigitalRunContestManagerBean.java:458)
	at com.topcoder.service.digitalrun.contest.DigitalRunContestManagerBeanUnitTests.setUp(DigitalRunContestManagerBeanUnitTests.java:51)
	at junit.framework.TestCase.runBare(TestCase.java:125)
	at junit.framework.TestResult$1.protect(TestResult.java:106)
	at junit.framework.TestResult.runProtected(TestResult.java:124)
	at junit.framework.TestResult.run(TestResult.java:109)
	at junit.framework.TestCase.run(TestCase.java:118)
	at junit.framework.TestSuite.runTest(TestSuite.java:208)
	at junit.framework.TestSuite.run(TestSuite.java:203)
	at junit.framework.TestSuite.runTest(TestSuite.java:208)
	at junit.framework.TestSuite.run(TestSuite.java:203)
	at org.apache.tools.ant.taskdefs.optional.junit.JUnitTestRunner.run(JUnitTestRunner.java:297)
	at org.apache.tools.ant.taskdefs.optional.junit.JUnitTestRunner.launch(JUnitTestRunner.java:672)
	at org.apache.tools.ant.taskdefs.optional.junit.JUnitTestRunner.main(JUnitTestRunner.java:567)
com.topcoder.service.digitalrun.contest.MockResultCalculatorDAO.setUnitName(java.lang.String)
java.lang.NoSuchMethodException: com.topcoder.service.digitalrun.contest.MockResultCalculatorDAO.setUnitName(java.lang.String)
	at java.lang.Class.getMethod(Class.java:1581)
	at com.topcoder.service.digitalrun.contest.DigitalRunContestManagerBean.inject(DigitalRunContestManagerBean.java:490)
	at com.topcoder.service.digitalrun.contest.DigitalRunContestManagerBean.initialize(DigitalRunContestManagerBean.java:459)
	at com.topcoder.service.digitalrun.contest.DigitalRunContestManagerBeanUnitTests.setUp(DigitalRunContestManagerBeanUnitTests.java:51)
	at junit.framework.TestCase.runBare(TestCase.java:125)
	at junit.framework.TestResult$1.protect(TestResult.java:106)
	at junit.framework.TestResult.runProtected(TestResult.java:124)
	at junit.framework.TestResult.run(TestResult.java:109)
	at junit.framework.TestCase.run(TestCase.java:118)
	at junit.framework.TestSuite.runTest(TestSuite.java:208)
	at junit.framework.TestSuite.run(TestSuite.java:203)
	at junit.framework.TestSuite.runTest(TestSuite.java:208)
	at junit.framework.TestSuite.run(TestSuite.java:203)
	at org.apache.tools.ant.taskdefs.optional.junit.JUnitTestRunner.run(JUnitTestRunner.java:297)
	at org.apache.tools.ant.taskdefs.optional.junit.JUnitTestRunner.launch(JUnitTestRunner.java:672)
	at org.apache.tools.ant.taskdefs.optional.junit.JUnitTestRunner.main(JUnitTestRunner.java:567)
com.topcoder.service.digitalrun.contest.MockTrackContestDAO.setSessionContext(javax.ejb.SessionContext)
java.lang.NoSuchMethodException: com.topcoder.service.digitalrun.contest.MockTrackContestDAO.setSessionContext(javax.ejb.SessionContext)
	at java.lang.Class.getMethod(Class.java:1581)
	at com.topcoder.service.digitalrun.contest.DigitalRunContestManagerBean.inject(DigitalRunContestManagerBean.java:490)
	at com.topcoder.service.digitalrun.contest.DigitalRunContestManagerBean.initialize(DigitalRunContestManagerBean.java:461)
	at com.topcoder.service.digitalrun.contest.DigitalRunContestManagerBeanUnitTests.setUp(DigitalRunContestManagerBeanUnitTests.java:51)
	at junit.framework.TestCase.runBare(TestCase.java:125)
	at junit.framework.TestResult$1.protect(TestResult.java:106)
	at junit.framework.TestResult.runProtected(TestResult.java:124)
	at junit.framework.TestResult.run(TestResult.java:109)
	at junit.framework.TestCase.run(TestCase.java:118)
	at junit.framework.TestSuite.runTest(TestSuite.java:208)
	at junit.framework.TestSuite.run(TestSuite.java:203)
	at junit.framework.TestSuite.runTest(TestSuite.java:208)
	at junit.framework.TestSuite.run(TestSuite.java:203)
	at org.apache.tools.ant.taskdefs.optional.junit.JUnitTestRunner.run(JUnitTestRunner.java:297)
	at org.apache.tools.ant.taskdefs.optional.junit.JUnitTestRunner.launch(JUnitTestRunner.java:672)
	at org.apache.tools.ant.taskdefs.optional.junit.JUnitTestRunner.main(JUnitTestRunner.java:567)
com.topcoder.service.digitalrun.contest.MockTrackContestTypeDAO.setSessionContext(javax.ejb.SessionContext)
java.lang.NoSuchMethodException: com.topcoder.service.digitalrun.contest.MockTrackContestTypeDAO.setSessionContext(javax.ejb.SessionContext)
	at java.lang.Class.getMethod(Class.java:1581)
	at com.topcoder.service.digitalrun.contest.DigitalRunContestManagerBean.inject(DigitalRunContestManagerBean.java:490)
	at com.topcoder.service.digitalrun.contest.DigitalRunContestManagerBean.initialize(DigitalRunContestManagerBean.java:462)
	at com.topcoder.service.digitalrun.contest.DigitalRunContestManagerBeanUnitTests.setUp(DigitalRunContestManagerBeanUnitTests.java:51)
	at junit.framework.TestCase.runBare(TestCase.java:125)
	at junit.framework.TestResult$1.protect(TestResult.java:106)
	at junit.framework.TestResult.runProtected(TestResult.java:124)
	at junit.framework.TestResult.run(TestResult.java:109)
	at junit.framework.TestCase.run(TestCase.java:118)
	at junit.framework.TestSuite.runTest(TestSuite.java:208)
	at junit.framework.TestSuite.run(TestSuite.java:203)
	at junit.framework.TestSuite.runTest(TestSuite.java:208)
	at junit.framework.TestSuite.run(TestSuite.java:203)
	at org.apache.tools.ant.taskdefs.optional.junit.JUnitTestRunner.run(JUnitTestRunner.java:297)
	at org.apache.tools.ant.taskdefs.optional.junit.JUnitTestRunner.launch(JUnitTestRunner.java:672)
	at org.apache.tools.ant.taskdefs.optional.junit.JUnitTestRunner.main(JUnitTestRunner.java:567)
com.topcoder.service.digitalrun.contest.MockResultCalculatorDAO.setSessionContext(javax.ejb.SessionContext)
java.lang.NoSuchMethodException: com.topcoder.service.digitalrun.contest.MockResultCalculatorDAO.setSessionContext(javax.ejb.SessionContext)
	at java.lang.Class.getMethod(Class.java:1581)
	at com.topcoder.service.digitalrun.contest.DigitalRunContestManagerBean.inject(DigitalRunContestManagerBean.java:490)
	at com.topcoder.service.digitalrun.contest.DigitalRunContestManagerBean.initialize(DigitalRunContestManagerBean.java:463)
	at com.topcoder.service.digitalrun.contest.DigitalRunContestManagerBeanUnitTests.setUp(DigitalRunContestManagerBeanUnitTests.java:51)
	at junit.framework.TestCase.runBare(TestCase.java:125)
	at junit.framework.TestResult$1.protect(TestResult.java:106)
	at junit.framework.TestResult.runProtected(TestResult.java:124)
	at junit.framework.TestResult.run(TestResult.java:109)
	at junit.framework.TestCase.run(TestCase.java:118)
	at junit.framework.TestSuite.runTest(TestSuite.java:208)
	at junit.framework.TestSuite.run(TestSuite.java:203)
	at junit.framework.TestSuite.runTest(TestSuite.java:208)
	at junit.framework.TestSuite.run(TestSuite.java:203)
	at org.apache.tools.ant.taskdefs.optional.junit.JUnitTestRunner.run(JUnitTestRunner.java:297)
	at org.apache.tools.ant.taskdefs.optional.junit.JUnitTestRunner.launch(JUnitTestRunner.java:672)
	at org.apache.tools.ant.taskdefs.optional.junit.JUnitTestRunner.main(JUnitTestRunner.java:567)
Enter into method [DigitalRunContestManagerBean#getAllTrackContestResultCalculators()]
mock exception
com.topcoder.service.digitalrun.contest.PersistenceException: mock exception
	at com.topcoder.service.digitalrun.contest.MockResultCalculatorDAO.getAllTrackContestResultCalculators(MockResultCalculatorDAO.java:33)
	at com.topcoder.service.digitalrun.contest.DigitalRunContestManagerBean.getAllTrackContestResultCalculators(DigitalRunContestManagerBean.java:1005)
	at com.topcoder.service.digitalrun.contest.DigitalRunContestManagerBeanUnitTests.testGetAllTrackContestResultCalculators(DigitalRunContestManagerBeanUnitTests.java:319)
	at sun.reflect.NativeMethodAccessorImpl.invoke0(Native Method)
	at sun.reflect.NativeMethodAccessorImpl.invoke(NativeMethodAccessorImpl.java:39)
	at sun.reflect.DelegatingMethodAccessorImpl.invoke(DelegatingMethodAccessorImpl.java:25)
	at java.lang.reflect.Method.invoke(Method.java:585)
	at junit.framework.TestCase.runTest(TestCase.java:154)
	at junit.framework.TestCase.runBare(TestCase.java:127)
	at junit.framework.TestResult$1.protect(TestResult.java:106)
	at junit.framework.TestResult.runProtected(TestResult.java:124)
	at junit.framework.TestResult.run(TestResult.java:109)
	at junit.framework.TestCase.run(TestCase.java:118)
	at junit.framework.TestSuite.runTest(TestSuite.java:208)
	at junit.framework.TestSuite.run(TestSuite.java:203)
	at junit.framework.TestSuite.runTest(TestSuite.java:208)
	at junit.framework.TestSuite.run(TestSuite.java:203)
	at org.apache.tools.ant.taskdefs.optional.junit.JUnitTestRunner.run(JUnitTestRunner.java:297)
	at org.apache.tools.ant.taskdefs.optional.junit.JUnitTestRunner.launch(JUnitTestRunner.java:672)
	at org.apache.tools.ant.taskdefs.optional.junit.JUnitTestRunner.main(JUnitTestRunner.java:567)
Exit from method [DigitalRunContestManagerBean#getAllTrackContestResultCalculators()]
com.topcoder.service.digitalrun.contest.MockTrackContestDAO.setLogger(com.topcoder.util.log.Log)
java.lang.NoSuchMethodException: com.topcoder.service.digitalrun.contest.MockTrackContestDAO.setLogger(com.topcoder.util.log.Log)
	at java.lang.Class.getMethod(Class.java:1581)
	at com.topcoder.service.digitalrun.contest.DigitalRunContestManagerBean.inject(DigitalRunContestManagerBean.java:490)
	at com.topcoder.service.digitalrun.contest.DigitalRunContestManagerBean.initialize(DigitalRunContestManagerBean.java:452)
	at com.topcoder.service.digitalrun.contest.DigitalRunContestManagerBeanUnitTests.setUp(DigitalRunContestManagerBeanUnitTests.java:51)
	at junit.framework.TestCase.runBare(TestCase.java:125)
	at junit.framework.TestResult$1.protect(TestResult.java:106)
	at junit.framework.TestResult.runProtected(TestResult.java:124)
	at junit.framework.TestResult.run(TestResult.java:109)
	at junit.framework.TestCase.run(TestCase.java:118)
	at junit.framework.TestSuite.runTest(TestSuite.java:208)
	at junit.framework.TestSuite.run(TestSuite.java:203)
	at junit.framework.TestSuite.runTest(TestSuite.java:208)
	at junit.framework.TestSuite.run(TestSuite.java:203)
	at org.apache.tools.ant.taskdefs.optional.junit.JUnitTestRunner.run(JUnitTestRunner.java:297)
	at org.apache.tools.ant.taskdefs.optional.junit.JUnitTestRunner.launch(JUnitTestRunner.java:672)
	at org.apache.tools.ant.taskdefs.optional.junit.JUnitTestRunner.main(JUnitTestRunner.java:567)
com.topcoder.service.digitalrun.contest.MockTrackContestTypeDAO.setLogger(com.topcoder.util.log.Log)
java.lang.NoSuchMethodException: com.topcoder.service.digitalrun.contest.MockTrackContestTypeDAO.setLogger(com.topcoder.util.log.Log)
	at java.lang.Class.getMethod(Class.java:1581)
	at com.topcoder.service.digitalrun.contest.DigitalRunContestManagerBean.inject(DigitalRunContestManagerBean.java:490)
	at com.topcoder.service.digitalrun.contest.DigitalRunContestManagerBean.initialize(DigitalRunContestManagerBean.java:453)
	at com.topcoder.service.digitalrun.contest.DigitalRunContestManagerBeanUnitTests.setUp(DigitalRunContestManagerBeanUnitTests.java:51)
	at junit.framework.TestCase.runBare(TestCase.java:125)
	at junit.framework.TestResult$1.protect(TestResult.java:106)
	at junit.framework.TestResult.runProtected(TestResult.java:124)
	at junit.framework.TestResult.run(TestResult.java:109)
	at junit.framework.TestCase.run(TestCase.java:118)
	at junit.framework.TestSuite.runTest(TestSuite.java:208)
	at junit.framework.TestSuite.run(TestSuite.java:203)
	at junit.framework.TestSuite.runTest(TestSuite.java:208)
	at junit.framework.TestSuite.run(TestSuite.java:203)
	at org.apache.tools.ant.taskdefs.optional.junit.JUnitTestRunner.run(JUnitTestRunner.java:297)
	at org.apache.tools.ant.taskdefs.optional.junit.JUnitTestRunner.launch(JUnitTestRunner.java:672)
	at org.apache.tools.ant.taskdefs.optional.junit.JUnitTestRunner.main(JUnitTestRunner.java:567)
com.topcoder.service.digitalrun.contest.MockResultCalculatorDAO.setLogger(com.topcoder.util.log.Log)
java.lang.NoSuchMethodException: com.topcoder.service.digitalrun.contest.MockResultCalculatorDAO.setLogger(com.topcoder.util.log.Log)
	at java.lang.Class.getMethod(Class.java:1581)
	at com.topcoder.service.digitalrun.contest.DigitalRunContestManagerBean.inject(DigitalRunContestManagerBean.java:490)
	at com.topcoder.service.digitalrun.contest.DigitalRunContestManagerBean.initialize(DigitalRunContestManagerBean.java:454)
	at com.topcoder.service.digitalrun.contest.DigitalRunContestManagerBeanUnitTests.setUp(DigitalRunContestManagerBeanUnitTests.java:51)
	at junit.framework.TestCase.runBare(TestCase.java:125)
	at junit.framework.TestResult$1.protect(TestResult.java:106)
	at junit.framework.TestResult.runProtected(TestResult.java:124)
	at junit.framework.TestResult.run(TestResult.java:109)
	at junit.framework.TestCase.run(TestCase.java:118)
	at junit.framework.TestSuite.runTest(TestSuite.java:208)
	at junit.framework.TestSuite.run(TestSuite.java:203)
	at junit.framework.TestSuite.runTest(TestSuite.java:208)
	at junit.framework.TestSuite.run(TestSuite.java:203)
	at org.apache.tools.ant.taskdefs.optional.junit.JUnitTestRunner.run(JUnitTestRunner.java:297)
	at org.apache.tools.ant.taskdefs.optional.junit.JUnitTestRunner.launch(JUnitTestRunner.java:672)
	at org.apache.tools.ant.taskdefs.optional.junit.JUnitTestRunner.main(JUnitTestRunner.java:567)
com.topcoder.service.digitalrun.contest.MockTrackContestDAO.setUnitName(java.lang.String)
java.lang.NoSuchMethodException: com.topcoder.service.digitalrun.contest.MockTrackContestDAO.setUnitName(java.lang.String)
	at java.lang.Class.getMethod(Class.java:1581)
	at com.topcoder.service.digitalrun.contest.DigitalRunContestManagerBean.inject(DigitalRunContestManagerBean.java:490)
	at com.topcoder.service.digitalrun.contest.DigitalRunContestManagerBean.initialize(DigitalRunContestManagerBean.java:457)
	at com.topcoder.service.digitalrun.contest.DigitalRunContestManagerBeanUnitTests.setUp(DigitalRunContestManagerBeanUnitTests.java:51)
	at junit.framework.TestCase.runBare(TestCase.java:125)
	at junit.framework.TestResult$1.protect(TestResult.java:106)
	at junit.framework.TestResult.runProtected(TestResult.java:124)
	at junit.framework.TestResult.run(TestResult.java:109)
	at junit.framework.TestCase.run(TestCase.java:118)
	at junit.framework.TestSuite.runTest(TestSuite.java:208)
	at junit.framework.TestSuite.run(TestSuite.java:203)
	at junit.framework.TestSuite.runTest(TestSuite.java:208)
	at junit.framework.TestSuite.run(TestSuite.java:203)
	at org.apache.tools.ant.taskdefs.optional.junit.JUnitTestRunner.run(JUnitTestRunner.java:297)
	at org.apache.tools.ant.taskdefs.optional.junit.JUnitTestRunner.launch(JUnitTestRunner.java:672)
	at org.apache.tools.ant.taskdefs.optional.junit.JUnitTestRunner.main(JUnitTestRunner.java:567)
com.topcoder.service.digitalrun.contest.MockTrackContestTypeDAO.setUnitName(java.lang.String)
java.lang.NoSuchMethodException: com.topcoder.service.digitalrun.contest.MockTrackContestTypeDAO.setUnitName(java.lang.String)
	at java.lang.Class.getMethod(Class.java:1581)
	at com.topcoder.service.digitalrun.contest.DigitalRunContestManagerBean.inject(DigitalRunContestManagerBean.java:490)
	at com.topcoder.service.digitalrun.contest.DigitalRunContestManagerBean.initialize(DigitalRunContestManagerBean.java:458)
	at com.topcoder.service.digitalrun.contest.DigitalRunContestManagerBeanUnitTests.setUp(DigitalRunContestManagerBeanUnitTests.java:51)
	at junit.framework.TestCase.runBare(TestCase.java:125)
	at junit.framework.TestResult$1.protect(TestResult.java:106)
	at junit.framework.TestResult.runProtected(TestResult.java:124)
	at junit.framework.TestResult.run(TestResult.java:109)
	at junit.framework.TestCase.run(TestCase.java:118)
	at junit.framework.TestSuite.runTest(TestSuite.java:208)
	at junit.framework.TestSuite.run(TestSuite.java:203)
	at junit.framework.TestSuite.runTest(TestSuite.java:208)
	at junit.framework.TestSuite.run(TestSuite.java:203)
	at org.apache.tools.ant.taskdefs.optional.junit.JUnitTestRunner.run(JUnitTestRunner.java:297)
	at org.apache.tools.ant.taskdefs.optional.junit.JUnitTestRunner.launch(JUnitTestRunner.java:672)
	at org.apache.tools.ant.taskdefs.optional.junit.JUnitTestRunner.main(JUnitTestRunner.java:567)
com.topcoder.service.digitalrun.contest.MockResultCalculatorDAO.setUnitName(java.lang.String)
java.lang.NoSuchMethodException: com.topcoder.service.digitalrun.contest.MockResultCalculatorDAO.setUnitName(java.lang.String)
	at java.lang.Class.getMethod(Class.java:1581)
	at com.topcoder.service.digitalrun.contest.DigitalRunContestManagerBean.inject(DigitalRunContestManagerBean.java:490)
	at com.topcoder.service.digitalrun.contest.DigitalRunContestManagerBean.initialize(DigitalRunContestManagerBean.java:459)
	at com.topcoder.service.digitalrun.contest.DigitalRunContestManagerBeanUnitTests.setUp(DigitalRunContestManagerBeanUnitTests.java:51)
	at junit.framework.TestCase.runBare(TestCase.java:125)
	at junit.framework.TestResult$1.protect(TestResult.java:106)
	at junit.framework.TestResult.runProtected(TestResult.java:124)
	at junit.framework.TestResult.run(TestResult.java:109)
	at junit.framework.TestCase.run(TestCase.java:118)
	at junit.framework.TestSuite.runTest(TestSuite.java:208)
	at junit.framework.TestSuite.run(TestSuite.java:203)
	at junit.framework.TestSuite.runTest(TestSuite.java:208)
	at junit.framework.TestSuite.run(TestSuite.java:203)
	at org.apache.tools.ant.taskdefs.optional.junit.JUnitTestRunner.run(JUnitTestRunner.java:297)
	at org.apache.tools.ant.taskdefs.optional.junit.JUnitTestRunner.launch(JUnitTestRunner.java:672)
	at org.apache.tools.ant.taskdefs.optional.junit.JUnitTestRunner.main(JUnitTestRunner.java:567)
com.topcoder.service.digitalrun.contest.MockTrackContestDAO.setSessionContext(javax.ejb.SessionContext)
java.lang.NoSuchMethodException: com.topcoder.service.digitalrun.contest.MockTrackContestDAO.setSessionContext(javax.ejb.SessionContext)
	at java.lang.Class.getMethod(Class.java:1581)
	at com.topcoder.service.digitalrun.contest.DigitalRunContestManagerBean.inject(DigitalRunContestManagerBean.java:490)
	at com.topcoder.service.digitalrun.contest.DigitalRunContestManagerBean.initialize(DigitalRunContestManagerBean.java:461)
	at com.topcoder.service.digitalrun.contest.DigitalRunContestManagerBeanUnitTests.setUp(DigitalRunContestManagerBeanUnitTests.java:51)
	at junit.framework.TestCase.runBare(TestCase.java:125)
	at junit.framework.TestResult$1.protect(TestResult.java:106)
	at junit.framework.TestResult.runProtected(TestResult.java:124)
	at junit.framework.TestResult.run(TestResult.java:109)
	at junit.framework.TestCase.run(TestCase.java:118)
	at junit.framework.TestSuite.runTest(TestSuite.java:208)
	at junit.framework.TestSuite.run(TestSuite.java:203)
	at junit.framework.TestSuite.runTest(TestSuite.java:208)
	at junit.framework.TestSuite.run(TestSuite.java:203)
	at org.apache.tools.ant.taskdefs.optional.junit.JUnitTestRunner.run(JUnitTestRunner.java:297)
	at org.apache.tools.ant.taskdefs.optional.junit.JUnitTestRunner.launch(JUnitTestRunner.java:672)
	at org.apache.tools.ant.taskdefs.optional.junit.JUnitTestRunner.main(JUnitTestRunner.java:567)
com.topcoder.service.digitalrun.contest.MockTrackContestTypeDAO.setSessionContext(javax.ejb.SessionContext)
java.lang.NoSuchMethodException: com.topcoder.service.digitalrun.contest.MockTrackContestTypeDAO.setSessionContext(javax.ejb.SessionContext)
	at java.lang.Class.getMethod(Class.java:1581)
	at com.topcoder.service.digitalrun.contest.DigitalRunContestManagerBean.inject(DigitalRunContestManagerBean.java:490)
	at com.topcoder.service.digitalrun.contest.DigitalRunContestManagerBean.initialize(DigitalRunContestManagerBean.java:462)
	at com.topcoder.service.digitalrun.contest.DigitalRunContestManagerBeanUnitTests.setUp(DigitalRunContestManagerBeanUnitTests.java:51)
	at junit.framework.TestCase.runBare(TestCase.java:125)
	at junit.framework.TestResult$1.protect(TestResult.java:106)
	at junit.framework.TestResult.runProtected(TestResult.java:124)
	at junit.framework.TestResult.run(TestResult.java:109)
	at junit.framework.TestCase.run(TestCase.java:118)
	at junit.framework.TestSuite.runTest(TestSuite.java:208)
	at junit.framework.TestSuite.run(TestSuite.java:203)
	at junit.framework.TestSuite.runTest(TestSuite.java:208)
	at junit.framework.TestSuite.run(TestSuite.java:203)
	at org.apache.tools.ant.taskdefs.optional.junit.JUnitTestRunner.run(JUnitTestRunner.java:297)
	at org.apache.tools.ant.taskdefs.optional.junit.JUnitTestRunner.launch(JUnitTestRunner.java:672)
	at org.apache.tools.ant.taskdefs.optional.junit.JUnitTestRunner.main(JUnitTestRunner.java:567)
com.topcoder.service.digitalrun.contest.MockResultCalculatorDAO.setSessionContext(javax.ejb.SessionContext)
java.lang.NoSuchMethodException: com.topcoder.service.digitalrun.contest.MockResultCalculatorDAO.setSessionContext(javax.ejb.SessionContext)
	at java.lang.Class.getMethod(Class.java:1581)
	at com.topcoder.service.digitalrun.contest.DigitalRunContestManagerBean.inject(DigitalRunContestManagerBean.java:490)
	at com.topcoder.service.digitalrun.contest.DigitalRunContestManagerBean.initialize(DigitalRunContestManagerBean.java:463)
	at com.topcoder.service.digitalrun.contest.DigitalRunContestManagerBeanUnitTests.setUp(DigitalRunContestManagerBeanUnitTests.java:51)
	at junit.framework.TestCase.runBare(TestCase.java:125)
	at junit.framework.TestResult$1.protect(TestResult.java:106)
	at junit.framework.TestResult.runProtected(TestResult.java:124)
	at junit.framework.TestResult.run(TestResult.java:109)
	at junit.framework.TestCase.run(TestCase.java:118)
	at junit.framework.TestSuite.runTest(TestSuite.java:208)
	at junit.framework.TestSuite.run(TestSuite.java:203)
	at junit.framework.TestSuite.runTest(TestSuite.java:208)
	at junit.framework.TestSuite.run(TestSuite.java:203)
	at org.apache.tools.ant.taskdefs.optional.junit.JUnitTestRunner.run(JUnitTestRunner.java:297)
	at org.apache.tools.ant.taskdefs.optional.junit.JUnitTestRunner.launch(JUnitTestRunner.java:672)
	at org.apache.tools.ant.taskdefs.optional.junit.JUnitTestRunner.main(JUnitTestRunner.java:567)
Enter into method [DigitalRunContestManagerBean#createTrackContestResultCalculator(TrackContestResultCalculator)]
mock exception
com.topcoder.service.digitalrun.contest.PersistenceException: mock exception
	at com.topcoder.service.digitalrun.contest.MockResultCalculatorDAO.createTrackContestResultCalculator(MockResultCalculatorDAO.java:50)
	at com.topcoder.service.digitalrun.contest.DigitalRunContestManagerBean.createTrackContestResultCalculator(DigitalRunContestManagerBean.java:870)
	at com.topcoder.service.digitalrun.contest.DigitalRunContestManagerBeanUnitTests.testCreateTrackContestResultCalculator(DigitalRunContestManagerBeanUnitTests.java:337)
	at sun.reflect.NativeMethodAccessorImpl.invoke0(Native Method)
	at sun.reflect.NativeMethodAccessorImpl.invoke(NativeMethodAccessorImpl.java:39)
	at sun.reflect.DelegatingMethodAccessorImpl.invoke(DelegatingMethodAccessorImpl.java:25)
	at java.lang.reflect.Method.invoke(Method.java:585)
	at junit.framework.TestCase.runTest(TestCase.java:154)
	at junit.framework.TestCase.runBare(TestCase.java:127)
	at junit.framework.TestResult$1.protect(TestResult.java:106)
	at junit.framework.TestResult.runProtected(TestResult.java:124)
	at junit.framework.TestResult.run(TestResult.java:109)
	at junit.framework.TestCase.run(TestCase.java:118)
	at junit.framework.TestSuite.runTest(TestSuite.java:208)
	at junit.framework.TestSuite.run(TestSuite.java:203)
	at junit.framework.TestSuite.runTest(TestSuite.java:208)
	at junit.framework.TestSuite.run(TestSuite.java:203)
	at org.apache.tools.ant.taskdefs.optional.junit.JUnitTestRunner.run(JUnitTestRunner.java:297)
	at org.apache.tools.ant.taskdefs.optional.junit.JUnitTestRunner.launch(JUnitTestRunner.java:672)
	at org.apache.tools.ant.taskdefs.optional.junit.JUnitTestRunner.main(JUnitTestRunner.java:567)
Exit from method [DigitalRunContestManagerBean#createTrackContestResultCalculator(TrackContestResultCalculator)]
com.topcoder.service.digitalrun.contest.MockTrackContestDAO.setLogger(com.topcoder.util.log.Log)
java.lang.NoSuchMethodException: com.topcoder.service.digitalrun.contest.MockTrackContestDAO.setLogger(com.topcoder.util.log.Log)
	at java.lang.Class.getMethod(Class.java:1581)
	at com.topcoder.service.digitalrun.contest.DigitalRunContestManagerBean.inject(DigitalRunContestManagerBean.java:490)
	at com.topcoder.service.digitalrun.contest.DigitalRunContestManagerBean.initialize(DigitalRunContestManagerBean.java:452)
	at com.topcoder.service.digitalrun.contest.DigitalRunContestManagerBeanUnitTests.setUp(DigitalRunContestManagerBeanUnitTests.java:51)
	at junit.framework.TestCase.runBare(TestCase.java:125)
	at junit.framework.TestResult$1.protect(TestResult.java:106)
	at junit.framework.TestResult.runProtected(TestResult.java:124)
	at junit.framework.TestResult.run(TestResult.java:109)
	at junit.framework.TestCase.run(TestCase.java:118)
	at junit.framework.TestSuite.runTest(TestSuite.java:208)
	at junit.framework.TestSuite.run(TestSuite.java:203)
	at junit.framework.TestSuite.runTest(TestSuite.java:208)
	at junit.framework.TestSuite.run(TestSuite.java:203)
	at org.apache.tools.ant.taskdefs.optional.junit.JUnitTestRunner.run(JUnitTestRunner.java:297)
	at org.apache.tools.ant.taskdefs.optional.junit.JUnitTestRunner.launch(JUnitTestRunner.java:672)
	at org.apache.tools.ant.taskdefs.optional.junit.JUnitTestRunner.main(JUnitTestRunner.java:567)
com.topcoder.service.digitalrun.contest.MockTrackContestTypeDAO.setLogger(com.topcoder.util.log.Log)
java.lang.NoSuchMethodException: com.topcoder.service.digitalrun.contest.MockTrackContestTypeDAO.setLogger(com.topcoder.util.log.Log)
	at java.lang.Class.getMethod(Class.java:1581)
	at com.topcoder.service.digitalrun.contest.DigitalRunContestManagerBean.inject(DigitalRunContestManagerBean.java:490)
	at com.topcoder.service.digitalrun.contest.DigitalRunContestManagerBean.initialize(DigitalRunContestManagerBean.java:453)
	at com.topcoder.service.digitalrun.contest.DigitalRunContestManagerBeanUnitTests.setUp(DigitalRunContestManagerBeanUnitTests.java:51)
	at junit.framework.TestCase.runBare(TestCase.java:125)
	at junit.framework.TestResult$1.protect(TestResult.java:106)
	at junit.framework.TestResult.runProtected(TestResult.java:124)
	at junit.framework.TestResult.run(TestResult.java:109)
	at junit.framework.TestCase.run(TestCase.java:118)
	at junit.framework.TestSuite.runTest(TestSuite.java:208)
	at junit.framework.TestSuite.run(TestSuite.java:203)
	at junit.framework.TestSuite.runTest(TestSuite.java:208)
	at junit.framework.TestSuite.run(TestSuite.java:203)
	at org.apache.tools.ant.taskdefs.optional.junit.JUnitTestRunner.run(JUnitTestRunner.java:297)
	at org.apache.tools.ant.taskdefs.optional.junit.JUnitTestRunner.launch(JUnitTestRunner.java:672)
	at org.apache.tools.ant.taskdefs.optional.junit.JUnitTestRunner.main(JUnitTestRunner.java:567)
com.topcoder.service.digitalrun.contest.MockResultCalculatorDAO.setLogger(com.topcoder.util.log.Log)
java.lang.NoSuchMethodException: com.topcoder.service.digitalrun.contest.MockResultCalculatorDAO.setLogger(com.topcoder.util.log.Log)
	at java.lang.Class.getMethod(Class.java:1581)
	at com.topcoder.service.digitalrun.contest.DigitalRunContestManagerBean.inject(DigitalRunContestManagerBean.java:490)
	at com.topcoder.service.digitalrun.contest.DigitalRunContestManagerBean.initialize(DigitalRunContestManagerBean.java:454)
	at com.topcoder.service.digitalrun.contest.DigitalRunContestManagerBeanUnitTests.setUp(DigitalRunContestManagerBeanUnitTests.java:51)
	at junit.framework.TestCase.runBare(TestCase.java:125)
	at junit.framework.TestResult$1.protect(TestResult.java:106)
	at junit.framework.TestResult.runProtected(TestResult.java:124)
	at junit.framework.TestResult.run(TestResult.java:109)
	at junit.framework.TestCase.run(TestCase.java:118)
	at junit.framework.TestSuite.runTest(TestSuite.java:208)
	at junit.framework.TestSuite.run(TestSuite.java:203)
	at junit.framework.TestSuite.runTest(TestSuite.java:208)
	at junit.framework.TestSuite.run(TestSuite.java:203)
	at org.apache.tools.ant.taskdefs.optional.junit.JUnitTestRunner.run(JUnitTestRunner.java:297)
	at org.apache.tools.ant.taskdefs.optional.junit.JUnitTestRunner.launch(JUnitTestRunner.java:672)
	at org.apache.tools.ant.taskdefs.optional.junit.JUnitTestRunner.main(JUnitTestRunner.java:567)
com.topcoder.service.digitalrun.contest.MockTrackContestDAO.setUnitName(java.lang.String)
java.lang.NoSuchMethodException: com.topcoder.service.digitalrun.contest.MockTrackContestDAO.setUnitName(java.lang.String)
	at java.lang.Class.getMethod(Class.java:1581)
	at com.topcoder.service.digitalrun.contest.DigitalRunContestManagerBean.inject(DigitalRunContestManagerBean.java:490)
	at com.topcoder.service.digitalrun.contest.DigitalRunContestManagerBean.initialize(DigitalRunContestManagerBean.java:457)
	at com.topcoder.service.digitalrun.contest.DigitalRunContestManagerBeanUnitTests.setUp(DigitalRunContestManagerBeanUnitTests.java:51)
	at junit.framework.TestCase.runBare(TestCase.java:125)
	at junit.framework.TestResult$1.protect(TestResult.java:106)
	at junit.framework.TestResult.runProtected(TestResult.java:124)
	at junit.framework.TestResult.run(TestResult.java:109)
	at junit.framework.TestCase.run(TestCase.java:118)
	at junit.framework.TestSuite.runTest(TestSuite.java:208)
	at junit.framework.TestSuite.run(TestSuite.java:203)
	at junit.framework.TestSuite.runTest(TestSuite.java:208)
	at junit.framework.TestSuite.run(TestSuite.java:203)
	at org.apache.tools.ant.taskdefs.optional.junit.JUnitTestRunner.run(JUnitTestRunner.java:297)
	at org.apache.tools.ant.taskdefs.optional.junit.JUnitTestRunner.launch(JUnitTestRunner.java:672)
	at org.apache.tools.ant.taskdefs.optional.junit.JUnitTestRunner.main(JUnitTestRunner.java:567)
com.topcoder.service.digitalrun.contest.MockTrackContestTypeDAO.setUnitName(java.lang.String)
java.lang.NoSuchMethodException: com.topcoder.service.digitalrun.contest.MockTrackContestTypeDAO.setUnitName(java.lang.String)
	at java.lang.Class.getMethod(Class.java:1581)
	at com.topcoder.service.digitalrun.contest.DigitalRunContestManagerBean.inject(DigitalRunContestManagerBean.java:490)
	at com.topcoder.service.digitalrun.contest.DigitalRunContestManagerBean.initialize(DigitalRunContestManagerBean.java:458)
	at com.topcoder.service.digitalrun.contest.DigitalRunContestManagerBeanUnitTests.setUp(DigitalRunContestManagerBeanUnitTests.java:51)
	at junit.framework.TestCase.runBare(TestCase.java:125)
	at junit.framework.TestResult$1.protect(TestResult.java:106)
	at junit.framework.TestResult.runProtected(TestResult.java:124)
	at junit.framework.TestResult.run(TestResult.java:109)
	at junit.framework.TestCase.run(TestCase.java:118)
	at junit.framework.TestSuite.runTest(TestSuite.java:208)
	at junit.framework.TestSuite.run(TestSuite.java:203)
	at junit.framework.TestSuite.runTest(TestSuite.java:208)
	at junit.framework.TestSuite.run(TestSuite.java:203)
	at org.apache.tools.ant.taskdefs.optional.junit.JUnitTestRunner.run(JUnitTestRunner.java:297)
	at org.apache.tools.ant.taskdefs.optional.junit.JUnitTestRunner.launch(JUnitTestRunner.java:672)
	at org.apache.tools.ant.taskdefs.optional.junit.JUnitTestRunner.main(JUnitTestRunner.java:567)
com.topcoder.service.digitalrun.contest.MockResultCalculatorDAO.setUnitName(java.lang.String)
java.lang.NoSuchMethodException: com.topcoder.service.digitalrun.contest.MockResultCalculatorDAO.setUnitName(java.lang.String)
	at java.lang.Class.getMethod(Class.java:1581)
	at com.topcoder.service.digitalrun.contest.DigitalRunContestManagerBean.inject(DigitalRunContestManagerBean.java:490)
	at com.topcoder.service.digitalrun.contest.DigitalRunContestManagerBean.initialize(DigitalRunContestManagerBean.java:459)
	at com.topcoder.service.digitalrun.contest.DigitalRunContestManagerBeanUnitTests.setUp(DigitalRunContestManagerBeanUnitTests.java:51)
	at junit.framework.TestCase.runBare(TestCase.java:125)
	at junit.framework.TestResult$1.protect(TestResult.java:106)
	at junit.framework.TestResult.runProtected(TestResult.java:124)
	at junit.framework.TestResult.run(TestResult.java:109)
	at junit.framework.TestCase.run(TestCase.java:118)
	at junit.framework.TestSuite.runTest(TestSuite.java:208)
	at junit.framework.TestSuite.run(TestSuite.java:203)
	at junit.framework.TestSuite.runTest(TestSuite.java:208)
	at junit.framework.TestSuite.run(TestSuite.java:203)
	at org.apache.tools.ant.taskdefs.optional.junit.JUnitTestRunner.run(JUnitTestRunner.java:297)
	at org.apache.tools.ant.taskdefs.optional.junit.JUnitTestRunner.launch(JUnitTestRunner.java:672)
	at org.apache.tools.ant.taskdefs.optional.junit.JUnitTestRunner.main(JUnitTestRunner.java:567)
com.topcoder.service.digitalrun.contest.MockTrackContestDAO.setSessionContext(javax.ejb.SessionContext)
java.lang.NoSuchMethodException: com.topcoder.service.digitalrun.contest.MockTrackContestDAO.setSessionContext(javax.ejb.SessionContext)
	at java.lang.Class.getMethod(Class.java:1581)
	at com.topcoder.service.digitalrun.contest.DigitalRunContestManagerBean.inject(DigitalRunContestManagerBean.java:490)
	at com.topcoder.service.digitalrun.contest.DigitalRunContestManagerBean.initialize(DigitalRunContestManagerBean.java:461)
	at com.topcoder.service.digitalrun.contest.DigitalRunContestManagerBeanUnitTests.setUp(DigitalRunContestManagerBeanUnitTests.java:51)
	at junit.framework.TestCase.runBare(TestCase.java:125)
	at junit.framework.TestResult$1.protect(TestResult.java:106)
	at junit.framework.TestResult.runProtected(TestResult.java:124)
	at junit.framework.TestResult.run(TestResult.java:109)
	at junit.framework.TestCase.run(TestCase.java:118)
	at junit.framework.TestSuite.runTest(TestSuite.java:208)
	at junit.framework.TestSuite.run(TestSuite.java:203)
	at junit.framework.TestSuite.runTest(TestSuite.java:208)
	at junit.framework.TestSuite.run(TestSuite.java:203)
	at org.apache.tools.ant.taskdefs.optional.junit.JUnitTestRunner.run(JUnitTestRunner.java:297)
	at org.apache.tools.ant.taskdefs.optional.junit.JUnitTestRunner.launch(JUnitTestRunner.java:672)
	at org.apache.tools.ant.taskdefs.optional.junit.JUnitTestRunner.main(JUnitTestRunner.java:567)
com.topcoder.service.digitalrun.contest.MockTrackContestTypeDAO.setSessionContext(javax.ejb.SessionContext)
java.lang.NoSuchMethodException: com.topcoder.service.digitalrun.contest.MockTrackContestTypeDAO.setSessionContext(javax.ejb.SessionContext)
	at java.lang.Class.getMethod(Class.java:1581)
	at com.topcoder.service.digitalrun.contest.DigitalRunContestManagerBean.inject(DigitalRunContestManagerBean.java:490)
	at com.topcoder.service.digitalrun.contest.DigitalRunContestManagerBean.initialize(DigitalRunContestManagerBean.java:462)
	at com.topcoder.service.digitalrun.contest.DigitalRunContestManagerBeanUnitTests.setUp(DigitalRunContestManagerBeanUnitTests.java:51)
	at junit.framework.TestCase.runBare(TestCase.java:125)
	at junit.framework.TestResult$1.protect(TestResult.java:106)
	at junit.framework.TestResult.runProtected(TestResult.java:124)
	at junit.framework.TestResult.run(TestResult.java:109)
	at junit.framework.TestCase.run(TestCase.java:118)
	at junit.framework.TestSuite.runTest(TestSuite.java:208)
	at junit.framework.TestSuite.run(TestSuite.java:203)
	at junit.framework.TestSuite.runTest(TestSuite.java:208)
	at junit.framework.TestSuite.run(TestSuite.java:203)
	at org.apache.tools.ant.taskdefs.optional.junit.JUnitTestRunner.run(JUnitTestRunner.java:297)
	at org.apache.tools.ant.taskdefs.optional.junit.JUnitTestRunner.launch(JUnitTestRunner.java:672)
	at org.apache.tools.ant.taskdefs.optional.junit.JUnitTestRunner.main(JUnitTestRunner.java:567)
com.topcoder.service.digitalrun.contest.MockResultCalculatorDAO.setSessionContext(javax.ejb.SessionContext)
java.lang.NoSuchMethodException: com.topcoder.service.digitalrun.contest.MockResultCalculatorDAO.setSessionContext(javax.ejb.SessionContext)
	at java.lang.Class.getMethod(Class.java:1581)
	at com.topcoder.service.digitalrun.contest.DigitalRunContestManagerBean.inject(DigitalRunContestManagerBean.java:490)
	at com.topcoder.service.digitalrun.contest.DigitalRunContestManagerBean.initialize(DigitalRunContestManagerBean.java:463)
	at com.topcoder.service.digitalrun.contest.DigitalRunContestManagerBeanUnitTests.setUp(DigitalRunContestManagerBeanUnitTests.java:51)
	at junit.framework.TestCase.runBare(TestCase.java:125)
	at junit.framework.TestResult$1.protect(TestResult.java:106)
	at junit.framework.TestResult.runProtected(TestResult.java:124)
	at junit.framework.TestResult.run(TestResult.java:109)
	at junit.framework.TestCase.run(TestCase.java:118)
	at junit.framework.TestSuite.runTest(TestSuite.java:208)
	at junit.framework.TestSuite.run(TestSuite.java:203)
	at junit.framework.TestSuite.runTest(TestSuite.java:208)
	at junit.framework.TestSuite.run(TestSuite.java:203)
	at org.apache.tools.ant.taskdefs.optional.junit.JUnitTestRunner.run(JUnitTestRunner.java:297)
	at org.apache.tools.ant.taskdefs.optional.junit.JUnitTestRunner.launch(JUnitTestRunner.java:672)
	at org.apache.tools.ant.taskdefs.optional.junit.JUnitTestRunner.main(JUnitTestRunner.java:567)
Enter into method [DigitalRunContestManagerBean#updateTrackContestResultCalculator(TrackContestResultCalculator)]
mock exception
com.topcoder.service.digitalrun.contest.PersistenceException: mock exception
	at com.topcoder.service.digitalrun.contest.MockResultCalculatorDAO.updateTrackContestResultCalculator(MockResultCalculatorDAO.java:95)
	at com.topcoder.service.digitalrun.contest.DigitalRunContestManagerBean.updateTrackContestResultCalculator(DigitalRunContestManagerBean.java:909)
	at com.topcoder.service.digitalrun.contest.DigitalRunContestManagerBeanUnitTests.testUpdateTrackContestResultCalculator(DigitalRunContestManagerBeanUnitTests.java:355)
	at sun.reflect.NativeMethodAccessorImpl.invoke0(Native Method)
	at sun.reflect.NativeMethodAccessorImpl.invoke(NativeMethodAccessorImpl.java:39)
	at sun.reflect.DelegatingMethodAccessorImpl.invoke(DelegatingMethodAccessorImpl.java:25)
	at java.lang.reflect.Method.invoke(Method.java:585)
	at junit.framework.TestCase.runTest(TestCase.java:154)
	at junit.framework.TestCase.runBare(TestCase.java:127)
	at junit.framework.TestResult$1.protect(TestResult.java:106)
	at junit.framework.TestResult.runProtected(TestResult.java:124)
	at junit.framework.TestResult.run(TestResult.java:109)
	at junit.framework.TestCase.run(TestCase.java:118)
	at junit.framework.TestSuite.runTest(TestSuite.java:208)
	at junit.framework.TestSuite.run(TestSuite.java:203)
	at junit.framework.TestSuite.runTest(TestSuite.java:208)
	at junit.framework.TestSuite.run(TestSuite.java:203)
	at org.apache.tools.ant.taskdefs.optional.junit.JUnitTestRunner.run(JUnitTestRunner.java:297)
	at org.apache.tools.ant.taskdefs.optional.junit.JUnitTestRunner.launch(JUnitTestRunner.java:672)
	at org.apache.tools.ant.taskdefs.optional.junit.JUnitTestRunner.main(JUnitTestRunner.java:567)
Exit from method [DigitalRunContestManagerBean#updateTrackContestResultCalculator(TrackContestResultCalculator)]
com.topcoder.service.digitalrun.contest.MockTrackContestDAO.setLogger(com.topcoder.util.log.Log)
java.lang.NoSuchMethodException: com.topcoder.service.digitalrun.contest.MockTrackContestDAO.setLogger(com.topcoder.util.log.Log)
	at java.lang.Class.getMethod(Class.java:1581)
	at com.topcoder.service.digitalrun.contest.DigitalRunContestManagerBean.inject(DigitalRunContestManagerBean.java:490)
	at com.topcoder.service.digitalrun.contest.DigitalRunContestManagerBean.initialize(DigitalRunContestManagerBean.java:452)
	at com.topcoder.service.digitalrun.contest.DigitalRunContestManagerBeanUnitTests.setUp(DigitalRunContestManagerBeanUnitTests.java:51)
	at junit.framework.TestCase.runBare(TestCase.java:125)
	at junit.framework.TestResult$1.protect(TestResult.java:106)
	at junit.framework.TestResult.runProtected(TestResult.java:124)
	at junit.framework.TestResult.run(TestResult.java:109)
	at junit.framework.TestCase.run(TestCase.java:118)
	at junit.framework.TestSuite.runTest(TestSuite.java:208)
	at junit.framework.TestSuite.run(TestSuite.java:203)
	at junit.framework.TestSuite.runTest(TestSuite.java:208)
	at junit.framework.TestSuite.run(TestSuite.java:203)
	at org.apache.tools.ant.taskdefs.optional.junit.JUnitTestRunner.run(JUnitTestRunner.java:297)
	at org.apache.tools.ant.taskdefs.optional.junit.JUnitTestRunner.launch(JUnitTestRunner.java:672)
	at org.apache.tools.ant.taskdefs.optional.junit.JUnitTestRunner.main(JUnitTestRunner.java:567)
com.topcoder.service.digitalrun.contest.MockTrackContestTypeDAO.setLogger(com.topcoder.util.log.Log)
java.lang.NoSuchMethodException: com.topcoder.service.digitalrun.contest.MockTrackContestTypeDAO.setLogger(com.topcoder.util.log.Log)
	at java.lang.Class.getMethod(Class.java:1581)
	at com.topcoder.service.digitalrun.contest.DigitalRunContestManagerBean.inject(DigitalRunContestManagerBean.java:490)
	at com.topcoder.service.digitalrun.contest.DigitalRunContestManagerBean.initialize(DigitalRunContestManagerBean.java:453)
	at com.topcoder.service.digitalrun.contest.DigitalRunContestManagerBeanUnitTests.setUp(DigitalRunContestManagerBeanUnitTests.java:51)
	at junit.framework.TestCase.runBare(TestCase.java:125)
	at junit.framework.TestResult$1.protect(TestResult.java:106)
	at junit.framework.TestResult.runProtected(TestResult.java:124)
	at junit.framework.TestResult.run(TestResult.java:109)
	at junit.framework.TestCase.run(TestCase.java:118)
	at junit.framework.TestSuite.runTest(TestSuite.java:208)
	at junit.framework.TestSuite.run(TestSuite.java:203)
	at junit.framework.TestSuite.runTest(TestSuite.java:208)
	at junit.framework.TestSuite.run(TestSuite.java:203)
	at org.apache.tools.ant.taskdefs.optional.junit.JUnitTestRunner.run(JUnitTestRunner.java:297)
	at org.apache.tools.ant.taskdefs.optional.junit.JUnitTestRunner.launch(JUnitTestRunner.java:672)
	at org.apache.tools.ant.taskdefs.optional.junit.JUnitTestRunner.main(JUnitTestRunner.java:567)
com.topcoder.service.digitalrun.contest.MockResultCalculatorDAO.setLogger(com.topcoder.util.log.Log)
java.lang.NoSuchMethodException: com.topcoder.service.digitalrun.contest.MockResultCalculatorDAO.setLogger(com.topcoder.util.log.Log)
	at java.lang.Class.getMethod(Class.java:1581)
	at com.topcoder.service.digitalrun.contest.DigitalRunContestManagerBean.inject(DigitalRunContestManagerBean.java:490)
	at com.topcoder.service.digitalrun.contest.DigitalRunContestManagerBean.initialize(DigitalRunContestManagerBean.java:454)
	at com.topcoder.service.digitalrun.contest.DigitalRunContestManagerBeanUnitTests.setUp(DigitalRunContestManagerBeanUnitTests.java:51)
	at junit.framework.TestCase.runBare(TestCase.java:125)
	at junit.framework.TestResult$1.protect(TestResult.java:106)
	at junit.framework.TestResult.runProtected(TestResult.java:124)
	at junit.framework.TestResult.run(TestResult.java:109)
	at junit.framework.TestCase.run(TestCase.java:118)
	at junit.framework.TestSuite.runTest(TestSuite.java:208)
	at junit.framework.TestSuite.run(TestSuite.java:203)
	at junit.framework.TestSuite.runTest(TestSuite.java:208)
	at junit.framework.TestSuite.run(TestSuite.java:203)
	at org.apache.tools.ant.taskdefs.optional.junit.JUnitTestRunner.run(JUnitTestRunner.java:297)
	at org.apache.tools.ant.taskdefs.optional.junit.JUnitTestRunner.launch(JUnitTestRunner.java:672)
	at org.apache.tools.ant.taskdefs.optional.junit.JUnitTestRunner.main(JUnitTestRunner.java:567)
com.topcoder.service.digitalrun.contest.MockTrackContestDAO.setUnitName(java.lang.String)
java.lang.NoSuchMethodException: com.topcoder.service.digitalrun.contest.MockTrackContestDAO.setUnitName(java.lang.String)
	at java.lang.Class.getMethod(Class.java:1581)
	at com.topcoder.service.digitalrun.contest.DigitalRunContestManagerBean.inject(DigitalRunContestManagerBean.java:490)
	at com.topcoder.service.digitalrun.contest.DigitalRunContestManagerBean.initialize(DigitalRunContestManagerBean.java:457)
	at com.topcoder.service.digitalrun.contest.DigitalRunContestManagerBeanUnitTests.setUp(DigitalRunContestManagerBeanUnitTests.java:51)
	at junit.framework.TestCase.runBare(TestCase.java:125)
	at junit.framework.TestResult$1.protect(TestResult.java:106)
	at junit.framework.TestResult.runProtected(TestResult.java:124)
	at junit.framework.TestResult.run(TestResult.java:109)
	at junit.framework.TestCase.run(TestCase.java:118)
	at junit.framework.TestSuite.runTest(TestSuite.java:208)
	at junit.framework.TestSuite.run(TestSuite.java:203)
	at junit.framework.TestSuite.runTest(TestSuite.java:208)
	at junit.framework.TestSuite.run(TestSuite.java:203)
	at org.apache.tools.ant.taskdefs.optional.junit.JUnitTestRunner.run(JUnitTestRunner.java:297)
	at org.apache.tools.ant.taskdefs.optional.junit.JUnitTestRunner.launch(JUnitTestRunner.java:672)
	at org.apache.tools.ant.taskdefs.optional.junit.JUnitTestRunner.main(JUnitTestRunner.java:567)
com.topcoder.service.digitalrun.contest.MockTrackContestTypeDAO.setUnitName(java.lang.String)
java.lang.NoSuchMethodException: com.topcoder.service.digitalrun.contest.MockTrackContestTypeDAO.setUnitName(java.lang.String)
	at java.lang.Class.getMethod(Class.java:1581)
	at com.topcoder.service.digitalrun.contest.DigitalRunContestManagerBean.inject(DigitalRunContestManagerBean.java:490)
	at com.topcoder.service.digitalrun.contest.DigitalRunContestManagerBean.initialize(DigitalRunContestManagerBean.java:458)
	at com.topcoder.service.digitalrun.contest.DigitalRunContestManagerBeanUnitTests.setUp(DigitalRunContestManagerBeanUnitTests.java:51)
	at junit.framework.TestCase.runBare(TestCase.java:125)
	at junit.framework.TestResult$1.protect(TestResult.java:106)
	at junit.framework.TestResult.runProtected(TestResult.java:124)
	at junit.framework.TestResult.run(TestResult.java:109)
	at junit.framework.TestCase.run(TestCase.java:118)
	at junit.framework.TestSuite.runTest(TestSuite.java:208)
	at junit.framework.TestSuite.run(TestSuite.java:203)
	at junit.framework.TestSuite.runTest(TestSuite.java:208)
	at junit.framework.TestSuite.run(TestSuite.java:203)
	at org.apache.tools.ant.taskdefs.optional.junit.JUnitTestRunner.run(JUnitTestRunner.java:297)
	at org.apache.tools.ant.taskdefs.optional.junit.JUnitTestRunner.launch(JUnitTestRunner.java:672)
	at org.apache.tools.ant.taskdefs.optional.junit.JUnitTestRunner.main(JUnitTestRunner.java:567)
com.topcoder.service.digitalrun.contest.MockResultCalculatorDAO.setUnitName(java.lang.String)
java.lang.NoSuchMethodException: com.topcoder.service.digitalrun.contest.MockResultCalculatorDAO.setUnitName(java.lang.String)
	at java.lang.Class.getMethod(Class.java:1581)
	at com.topcoder.service.digitalrun.contest.DigitalRunContestManagerBean.inject(DigitalRunContestManagerBean.java:490)
	at com.topcoder.service.digitalrun.contest.DigitalRunContestManagerBean.initialize(DigitalRunContestManagerBean.java:459)
	at com.topcoder.service.digitalrun.contest.DigitalRunContestManagerBeanUnitTests.setUp(DigitalRunContestManagerBeanUnitTests.java:51)
	at junit.framework.TestCase.runBare(TestCase.java:125)
	at junit.framework.TestResult$1.protect(TestResult.java:106)
	at junit.framework.TestResult.runProtected(TestResult.java:124)
	at junit.framework.TestResult.run(TestResult.java:109)
	at junit.framework.TestCase.run(TestCase.java:118)
	at junit.framework.TestSuite.runTest(TestSuite.java:208)
	at junit.framework.TestSuite.run(TestSuite.java:203)
	at junit.framework.TestSuite.runTest(TestSuite.java:208)
	at junit.framework.TestSuite.run(TestSuite.java:203)
	at org.apache.tools.ant.taskdefs.optional.junit.JUnitTestRunner.run(JUnitTestRunner.java:297)
	at org.apache.tools.ant.taskdefs.optional.junit.JUnitTestRunner.launch(JUnitTestRunner.java:672)
	at org.apache.tools.ant.taskdefs.optional.junit.JUnitTestRunner.main(JUnitTestRunner.java:567)
com.topcoder.service.digitalrun.contest.MockTrackContestDAO.setSessionContext(javax.ejb.SessionContext)
java.lang.NoSuchMethodException: com.topcoder.service.digitalrun.contest.MockTrackContestDAO.setSessionContext(javax.ejb.SessionContext)
	at java.lang.Class.getMethod(Class.java:1581)
	at com.topcoder.service.digitalrun.contest.DigitalRunContestManagerBean.inject(DigitalRunContestManagerBean.java:490)
	at com.topcoder.service.digitalrun.contest.DigitalRunContestManagerBean.initialize(DigitalRunContestManagerBean.java:461)
	at com.topcoder.service.digitalrun.contest.DigitalRunContestManagerBeanUnitTests.setUp(DigitalRunContestManagerBeanUnitTests.java:51)
	at junit.framework.TestCase.runBare(TestCase.java:125)
	at junit.framework.TestResult$1.protect(TestResult.java:106)
	at junit.framework.TestResult.runProtected(TestResult.java:124)
	at junit.framework.TestResult.run(TestResult.java:109)
	at junit.framework.TestCase.run(TestCase.java:118)
	at junit.framework.TestSuite.runTest(TestSuite.java:208)
	at junit.framework.TestSuite.run(TestSuite.java:203)
	at junit.framework.TestSuite.runTest(TestSuite.java:208)
	at junit.framework.TestSuite.run(TestSuite.java:203)
	at org.apache.tools.ant.taskdefs.optional.junit.JUnitTestRunner.run(JUnitTestRunner.java:297)
	at org.apache.tools.ant.taskdefs.optional.junit.JUnitTestRunner.launch(JUnitTestRunner.java:672)
	at org.apache.tools.ant.taskdefs.optional.junit.JUnitTestRunner.main(JUnitTestRunner.java:567)
com.topcoder.service.digitalrun.contest.MockTrackContestTypeDAO.setSessionContext(javax.ejb.SessionContext)
java.lang.NoSuchMethodException: com.topcoder.service.digitalrun.contest.MockTrackContestTypeDAO.setSessionContext(javax.ejb.SessionContext)
	at java.lang.Class.getMethod(Class.java:1581)
	at com.topcoder.service.digitalrun.contest.DigitalRunContestManagerBean.inject(DigitalRunContestManagerBean.java:490)
	at com.topcoder.service.digitalrun.contest.DigitalRunContestManagerBean.initialize(DigitalRunContestManagerBean.java:462)
	at com.topcoder.service.digitalrun.contest.DigitalRunContestManagerBeanUnitTests.setUp(DigitalRunContestManagerBeanUnitTests.java:51)
	at junit.framework.TestCase.runBare(TestCase.java:125)
	at junit.framework.TestResult$1.protect(TestResult.java:106)
	at junit.framework.TestResult.runProtected(TestResult.java:124)
	at junit.framework.TestResult.run(TestResult.java:109)
	at junit.framework.TestCase.run(TestCase.java:118)
	at junit.framework.TestSuite.runTest(TestSuite.java:208)
	at junit.framework.TestSuite.run(TestSuite.java:203)
	at junit.framework.TestSuite.runTest(TestSuite.java:208)
	at junit.framework.TestSuite.run(TestSuite.java:203)
	at org.apache.tools.ant.taskdefs.optional.junit.JUnitTestRunner.run(JUnitTestRunner.java:297)
	at org.apache.tools.ant.taskdefs.optional.junit.JUnitTestRunner.launch(JUnitTestRunner.java:672)
	at org.apache.tools.ant.taskdefs.optional.junit.JUnitTestRunner.main(JUnitTestRunner.java:567)
com.topcoder.service.digitalrun.contest.MockResultCalculatorDAO.setSessionContext(javax.ejb.SessionContext)
java.lang.NoSuchMethodException: com.topcoder.service.digitalrun.contest.MockResultCalculatorDAO.setSessionContext(javax.ejb.SessionContext)
	at java.lang.Class.getMethod(Class.java:1581)
	at com.topcoder.service.digitalrun.contest.DigitalRunContestManagerBean.inject(DigitalRunContestManagerBean.java:490)
	at com.topcoder.service.digitalrun.contest.DigitalRunContestManagerBean.initialize(DigitalRunContestManagerBean.java:463)
	at com.topcoder.service.digitalrun.contest.DigitalRunContestManagerBeanUnitTests.setUp(DigitalRunContestManagerBeanUnitTests.java:51)
	at junit.framework.TestCase.runBare(TestCase.java:125)
	at junit.framework.TestResult$1.protect(TestResult.java:106)
	at junit.framework.TestResult.runProtected(TestResult.java:124)
	at junit.framework.TestResult.run(TestResult.java:109)
	at junit.framework.TestCase.run(TestCase.java:118)
	at junit.framework.TestSuite.runTest(TestSuite.java:208)
	at junit.framework.TestSuite.run(TestSuite.java:203)
	at junit.framework.TestSuite.runTest(TestSuite.java:208)
	at junit.framework.TestSuite.run(TestSuite.java:203)
	at org.apache.tools.ant.taskdefs.optional.junit.JUnitTestRunner.run(JUnitTestRunner.java:297)
	at org.apache.tools.ant.taskdefs.optional.junit.JUnitTestRunner.launch(JUnitTestRunner.java:672)
	at org.apache.tools.ant.taskdefs.optional.junit.JUnitTestRunner.main(JUnitTestRunner.java:567)
Enter into method [DigitalRunContestManagerBean#getTrackContestResultCalculator(long)]
mock exception
com.topcoder.service.digitalrun.contest.PersistenceException: mock exception
	at com.topcoder.service.digitalrun.contest.MockResultCalculatorDAO.getTrackContestResultCalculator(MockResultCalculatorDAO.java:65)
	at com.topcoder.service.digitalrun.contest.DigitalRunContestManagerBean.getTrackContestResultCalculator(DigitalRunContestManagerBean.java:977)
	at com.topcoder.service.digitalrun.contest.DigitalRunContestManagerBeanUnitTests.testGetTrackContestResultCalculator(DigitalRunContestManagerBeanUnitTests.java:373)
	at sun.reflect.NativeMethodAccessorImpl.invoke0(Native Method)
	at sun.reflect.NativeMethodAccessorImpl.invoke(NativeMethodAccessorImpl.java:39)
	at sun.reflect.DelegatingMethodAccessorImpl.invoke(DelegatingMethodAccessorImpl.java:25)
	at java.lang.reflect.Method.invoke(Method.java:585)
	at junit.framework.TestCase.runTest(TestCase.java:154)
	at junit.framework.TestCase.runBare(TestCase.java:127)
	at junit.framework.TestResult$1.protect(TestResult.java:106)
	at junit.framework.TestResult.runProtected(TestResult.java:124)
	at junit.framework.TestResult.run(TestResult.java:109)
	at junit.framework.TestCase.run(TestCase.java:118)
	at junit.framework.TestSuite.runTest(TestSuite.java:208)
	at junit.framework.TestSuite.run(TestSuite.java:203)
	at junit.framework.TestSuite.runTest(TestSuite.java:208)
	at junit.framework.TestSuite.run(TestSuite.java:203)
	at org.apache.tools.ant.taskdefs.optional.junit.JUnitTestRunner.run(JUnitTestRunner.java:297)
	at org.apache.tools.ant.taskdefs.optional.junit.JUnitTestRunner.launch(JUnitTestRunner.java:672)
	at org.apache.tools.ant.taskdefs.optional.junit.JUnitTestRunner.main(JUnitTestRunner.java:567)
Exit from method [DigitalRunContestManagerBean#getTrackContestResultCalculator(long)]
com.topcoder.service.digitalrun.contest.MockTrackContestDAO.setLogger(com.topcoder.util.log.Log)
java.lang.NoSuchMethodException: com.topcoder.service.digitalrun.contest.MockTrackContestDAO.setLogger(com.topcoder.util.log.Log)
	at java.lang.Class.getMethod(Class.java:1581)
	at com.topcoder.service.digitalrun.contest.DigitalRunContestManagerBean.inject(DigitalRunContestManagerBean.java:490)
	at com.topcoder.service.digitalrun.contest.DigitalRunContestManagerBean.initialize(DigitalRunContestManagerBean.java:452)
	at com.topcoder.service.digitalrun.contest.DigitalRunContestManagerBeanUnitTests.setUp(DigitalRunContestManagerBeanUnitTests.java:51)
	at junit.framework.TestCase.runBare(TestCase.java:125)
	at junit.framework.TestResult$1.protect(TestResult.java:106)
	at junit.framework.TestResult.runProtected(TestResult.java:124)
	at junit.framework.TestResult.run(TestResult.java:109)
	at junit.framework.TestCase.run(TestCase.java:118)
	at junit.framework.TestSuite.runTest(TestSuite.java:208)
	at junit.framework.TestSuite.run(TestSuite.java:203)
	at junit.framework.TestSuite.runTest(TestSuite.java:208)
	at junit.framework.TestSuite.run(TestSuite.java:203)
	at org.apache.tools.ant.taskdefs.optional.junit.JUnitTestRunner.run(JUnitTestRunner.java:297)
	at org.apache.tools.ant.taskdefs.optional.junit.JUnitTestRunner.launch(JUnitTestRunner.java:672)
	at org.apache.tools.ant.taskdefs.optional.junit.JUnitTestRunner.main(JUnitTestRunner.java:567)
com.topcoder.service.digitalrun.contest.MockTrackContestTypeDAO.setLogger(com.topcoder.util.log.Log)
java.lang.NoSuchMethodException: com.topcoder.service.digitalrun.contest.MockTrackContestTypeDAO.setLogger(com.topcoder.util.log.Log)
	at java.lang.Class.getMethod(Class.java:1581)
	at com.topcoder.service.digitalrun.contest.DigitalRunContestManagerBean.inject(DigitalRunContestManagerBean.java:490)
	at com.topcoder.service.digitalrun.contest.DigitalRunContestManagerBean.initialize(DigitalRunContestManagerBean.java:453)
	at com.topcoder.service.digitalrun.contest.DigitalRunContestManagerBeanUnitTests.setUp(DigitalRunContestManagerBeanUnitTests.java:51)
	at junit.framework.TestCase.runBare(TestCase.java:125)
	at junit.framework.TestResult$1.protect(TestResult.java:106)
	at junit.framework.TestResult.runProtected(TestResult.java:124)
	at junit.framework.TestResult.run(TestResult.java:109)
	at junit.framework.TestCase.run(TestCase.java:118)
	at junit.framework.TestSuite.runTest(TestSuite.java:208)
	at junit.framework.TestSuite.run(TestSuite.java:203)
	at junit.framework.TestSuite.runTest(TestSuite.java:208)
	at junit.framework.TestSuite.run(TestSuite.java:203)
	at org.apache.tools.ant.taskdefs.optional.junit.JUnitTestRunner.run(JUnitTestRunner.java:297)
	at org.apache.tools.ant.taskdefs.optional.junit.JUnitTestRunner.launch(JUnitTestRunner.java:672)
	at org.apache.tools.ant.taskdefs.optional.junit.JUnitTestRunner.main(JUnitTestRunner.java:567)
com.topcoder.service.digitalrun.contest.MockResultCalculatorDAO.setLogger(com.topcoder.util.log.Log)
java.lang.NoSuchMethodException: com.topcoder.service.digitalrun.contest.MockResultCalculatorDAO.setLogger(com.topcoder.util.log.Log)
	at java.lang.Class.getMethod(Class.java:1581)
	at com.topcoder.service.digitalrun.contest.DigitalRunContestManagerBean.inject(DigitalRunContestManagerBean.java:490)
	at com.topcoder.service.digitalrun.contest.DigitalRunContestManagerBean.initialize(DigitalRunContestManagerBean.java:454)
	at com.topcoder.service.digitalrun.contest.DigitalRunContestManagerBeanUnitTests.setUp(DigitalRunContestManagerBeanUnitTests.java:51)
	at junit.framework.TestCase.runBare(TestCase.java:125)
	at junit.framework.TestResult$1.protect(TestResult.java:106)
	at junit.framework.TestResult.runProtected(TestResult.java:124)
	at junit.framework.TestResult.run(TestResult.java:109)
	at junit.framework.TestCase.run(TestCase.java:118)
	at junit.framework.TestSuite.runTest(TestSuite.java:208)
	at junit.framework.TestSuite.run(TestSuite.java:203)
	at junit.framework.TestSuite.runTest(TestSuite.java:208)
	at junit.framework.TestSuite.run(TestSuite.java:203)
	at org.apache.tools.ant.taskdefs.optional.junit.JUnitTestRunner.run(JUnitTestRunner.java:297)
	at org.apache.tools.ant.taskdefs.optional.junit.JUnitTestRunner.launch(JUnitTestRunner.java:672)
	at org.apache.tools.ant.taskdefs.optional.junit.JUnitTestRunner.main(JUnitTestRunner.java:567)
com.topcoder.service.digitalrun.contest.MockTrackContestDAO.setUnitName(java.lang.String)
java.lang.NoSuchMethodException: com.topcoder.service.digitalrun.contest.MockTrackContestDAO.setUnitName(java.lang.String)
	at java.lang.Class.getMethod(Class.java:1581)
	at com.topcoder.service.digitalrun.contest.DigitalRunContestManagerBean.inject(DigitalRunContestManagerBean.java:490)
	at com.topcoder.service.digitalrun.contest.DigitalRunContestManagerBean.initialize(DigitalRunContestManagerBean.java:457)
	at com.topcoder.service.digitalrun.contest.DigitalRunContestManagerBeanUnitTests.setUp(DigitalRunContestManagerBeanUnitTests.java:51)
	at junit.framework.TestCase.runBare(TestCase.java:125)
	at junit.framework.TestResult$1.protect(TestResult.java:106)
	at junit.framework.TestResult.runProtected(TestResult.java:124)
	at junit.framework.TestResult.run(TestResult.java:109)
	at junit.framework.TestCase.run(TestCase.java:118)
	at junit.framework.TestSuite.runTest(TestSuite.java:208)
	at junit.framework.TestSuite.run(TestSuite.java:203)
	at junit.framework.TestSuite.runTest(TestSuite.java:208)
	at junit.framework.TestSuite.run(TestSuite.java:203)
	at org.apache.tools.ant.taskdefs.optional.junit.JUnitTestRunner.run(JUnitTestRunner.java:297)
	at org.apache.tools.ant.taskdefs.optional.junit.JUnitTestRunner.launch(JUnitTestRunner.java:672)
	at org.apache.tools.ant.taskdefs.optional.junit.JUnitTestRunner.main(JUnitTestRunner.java:567)
com.topcoder.service.digitalrun.contest.MockTrackContestTypeDAO.setUnitName(java.lang.String)
java.lang.NoSuchMethodException: com.topcoder.service.digitalrun.contest.MockTrackContestTypeDAO.setUnitName(java.lang.String)
	at java.lang.Class.getMethod(Class.java:1581)
	at com.topcoder.service.digitalrun.contest.DigitalRunContestManagerBean.inject(DigitalRunContestManagerBean.java:490)
	at com.topcoder.service.digitalrun.contest.DigitalRunContestManagerBean.initialize(DigitalRunContestManagerBean.java:458)
	at com.topcoder.service.digitalrun.contest.DigitalRunContestManagerBeanUnitTests.setUp(DigitalRunContestManagerBeanUnitTests.java:51)
	at junit.framework.TestCase.runBare(TestCase.java:125)
	at junit.framework.TestResult$1.protect(TestResult.java:106)
	at junit.framework.TestResult.runProtected(TestResult.java:124)
	at junit.framework.TestResult.run(TestResult.java:109)
	at junit.framework.TestCase.run(TestCase.java:118)
	at junit.framework.TestSuite.runTest(TestSuite.java:208)
	at junit.framework.TestSuite.run(TestSuite.java:203)
	at junit.framework.TestSuite.runTest(TestSuite.java:208)
	at junit.framework.TestSuite.run(TestSuite.java:203)
	at org.apache.tools.ant.taskdefs.optional.junit.JUnitTestRunner.run(JUnitTestRunner.java:297)
	at org.apache.tools.ant.taskdefs.optional.junit.JUnitTestRunner.launch(JUnitTestRunner.java:672)
	at org.apache.tools.ant.taskdefs.optional.junit.JUnitTestRunner.main(JUnitTestRunner.java:567)
com.topcoder.service.digitalrun.contest.MockResultCalculatorDAO.setUnitName(java.lang.String)
java.lang.NoSuchMethodException: com.topcoder.service.digitalrun.contest.MockResultCalculatorDAO.setUnitName(java.lang.String)
	at java.lang.Class.getMethod(Class.java:1581)
	at com.topcoder.service.digitalrun.contest.DigitalRunContestManagerBean.inject(DigitalRunContestManagerBean.java:490)
	at com.topcoder.service.digitalrun.contest.DigitalRunContestManagerBean.initialize(DigitalRunContestManagerBean.java:459)
	at com.topcoder.service.digitalrun.contest.DigitalRunContestManagerBeanUnitTests.setUp(DigitalRunContestManagerBeanUnitTests.java:51)
	at junit.framework.TestCase.runBare(TestCase.java:125)
	at junit.framework.TestResult$1.protect(TestResult.java:106)
	at junit.framework.TestResult.runProtected(TestResult.java:124)
	at junit.framework.TestResult.run(TestResult.java:109)
	at junit.framework.TestCase.run(TestCase.java:118)
	at junit.framework.TestSuite.runTest(TestSuite.java:208)
	at junit.framework.TestSuite.run(TestSuite.java:203)
	at junit.framework.TestSuite.runTest(TestSuite.java:208)
	at junit.framework.TestSuite.run(TestSuite.java:203)
	at org.apache.tools.ant.taskdefs.optional.junit.JUnitTestRunner.run(JUnitTestRunner.java:297)
	at org.apache.tools.ant.taskdefs.optional.junit.JUnitTestRunner.launch(JUnitTestRunner.java:672)
	at org.apache.tools.ant.taskdefs.optional.junit.JUnitTestRunner.main(JUnitTestRunner.java:567)
com.topcoder.service.digitalrun.contest.MockTrackContestDAO.setSessionContext(javax.ejb.SessionContext)
java.lang.NoSuchMethodException: com.topcoder.service.digitalrun.contest.MockTrackContestDAO.setSessionContext(javax.ejb.SessionContext)
	at java.lang.Class.getMethod(Class.java:1581)
	at com.topcoder.service.digitalrun.contest.DigitalRunContestManagerBean.inject(DigitalRunContestManagerBean.java:490)
	at com.topcoder.service.digitalrun.contest.DigitalRunContestManagerBean.initialize(DigitalRunContestManagerBean.java:461)
	at com.topcoder.service.digitalrun.contest.DigitalRunContestManagerBeanUnitTests.setUp(DigitalRunContestManagerBeanUnitTests.java:51)
	at junit.framework.TestCase.runBare(TestCase.java:125)
	at junit.framework.TestResult$1.protect(TestResult.java:106)
	at junit.framework.TestResult.runProtected(TestResult.java:124)
	at junit.framework.TestResult.run(TestResult.java:109)
	at junit.framework.TestCase.run(TestCase.java:118)
	at junit.framework.TestSuite.runTest(TestSuite.java:208)
	at junit.framework.TestSuite.run(TestSuite.java:203)
	at junit.framework.TestSuite.runTest(TestSuite.java:208)
	at junit.framework.TestSuite.run(TestSuite.java:203)
	at org.apache.tools.ant.taskdefs.optional.junit.JUnitTestRunner.run(JUnitTestRunner.java:297)
	at org.apache.tools.ant.taskdefs.optional.junit.JUnitTestRunner.launch(JUnitTestRunner.java:672)
	at org.apache.tools.ant.taskdefs.optional.junit.JUnitTestRunner.main(JUnitTestRunner.java:567)
com.topcoder.service.digitalrun.contest.MockTrackContestTypeDAO.setSessionContext(javax.ejb.SessionContext)
java.lang.NoSuchMethodException: com.topcoder.service.digitalrun.contest.MockTrackContestTypeDAO.setSessionContext(javax.ejb.SessionContext)
	at java.lang.Class.getMethod(Class.java:1581)
	at com.topcoder.service.digitalrun.contest.DigitalRunContestManagerBean.inject(DigitalRunContestManagerBean.java:490)
	at com.topcoder.service.digitalrun.contest.DigitalRunContestManagerBean.initialize(DigitalRunContestManagerBean.java:462)
	at com.topcoder.service.digitalrun.contest.DigitalRunContestManagerBeanUnitTests.setUp(DigitalRunContestManagerBeanUnitTests.java:51)
	at junit.framework.TestCase.runBare(TestCase.java:125)
	at junit.framework.TestResult$1.protect(TestResult.java:106)
	at junit.framework.TestResult.runProtected(TestResult.java:124)
	at junit.framework.TestResult.run(TestResult.java:109)
	at junit.framework.TestCase.run(TestCase.java:118)
	at junit.framework.TestSuite.runTest(TestSuite.java:208)
	at junit.framework.TestSuite.run(TestSuite.java:203)
	at junit.framework.TestSuite.runTest(TestSuite.java:208)
	at junit.framework.TestSuite.run(TestSuite.java:203)
	at org.apache.tools.ant.taskdefs.optional.junit.JUnitTestRunner.run(JUnitTestRunner.java:297)
	at org.apache.tools.ant.taskdefs.optional.junit.JUnitTestRunner.launch(JUnitTestRunner.java:672)
	at org.apache.tools.ant.taskdefs.optional.junit.JUnitTestRunner.main(JUnitTestRunner.java:567)
com.topcoder.service.digitalrun.contest.MockResultCalculatorDAO.setSessionContext(javax.ejb.SessionContext)
java.lang.NoSuchMethodException: com.topcoder.service.digitalrun.contest.MockResultCalculatorDAO.setSessionContext(javax.ejb.SessionContext)
	at java.lang.Class.getMethod(Class.java:1581)
	at com.topcoder.service.digitalrun.contest.DigitalRunContestManagerBean.inject(DigitalRunContestManagerBean.java:490)
	at com.topcoder.service.digitalrun.contest.DigitalRunContestManagerBean.initialize(DigitalRunContestManagerBean.java:463)
	at com.topcoder.service.digitalrun.contest.DigitalRunContestManagerBeanUnitTests.setUp(DigitalRunContestManagerBeanUnitTests.java:51)
	at junit.framework.TestCase.runBare(TestCase.java:125)
	at junit.framework.TestResult$1.protect(TestResult.java:106)
	at junit.framework.TestResult.runProtected(TestResult.java:124)
	at junit.framework.TestResult.run(TestResult.java:109)
	at junit.framework.TestCase.run(TestCase.java:118)
	at junit.framework.TestSuite.runTest(TestSuite.java:208)
	at junit.framework.TestSuite.run(TestSuite.java:203)
	at junit.framework.TestSuite.runTest(TestSuite.java:208)
	at junit.framework.TestSuite.run(TestSuite.java:203)
	at org.apache.tools.ant.taskdefs.optional.junit.JUnitTestRunner.run(JUnitTestRunner.java:297)
	at org.apache.tools.ant.taskdefs.optional.junit.JUnitTestRunner.launch(JUnitTestRunner.java:672)
	at org.apache.tools.ant.taskdefs.optional.junit.JUnitTestRunner.main(JUnitTestRunner.java:567)
Enter into method [DigitalRunContestManagerBean#removeTrackContestResultCalculator(long)]
mock exception
com.topcoder.service.digitalrun.contest.PersistenceException: mock exception
	at com.topcoder.service.digitalrun.contest.MockResultCalculatorDAO.removeTrackContestResultCalculator(MockResultCalculatorDAO.java:80)
	at com.topcoder.service.digitalrun.contest.DigitalRunContestManagerBean.removeTrackContestResultCalculator(DigitalRunContestManagerBean.java:948)
	at com.topcoder.service.digitalrun.contest.DigitalRunContestManagerBeanUnitTests.testRemoveTrackContestResultCalculator(DigitalRunContestManagerBeanUnitTests.java:391)
	at sun.reflect.NativeMethodAccessorImpl.invoke0(Native Method)
	at sun.reflect.NativeMethodAccessorImpl.invoke(NativeMethodAccessorImpl.java:39)
	at sun.reflect.DelegatingMethodAccessorImpl.invoke(DelegatingMethodAccessorImpl.java:25)
	at java.lang.reflect.Method.invoke(Method.java:585)
	at junit.framework.TestCase.runTest(TestCase.java:154)
	at junit.framework.TestCase.runBare(TestCase.java:127)
	at junit.framework.TestResult$1.protect(TestResult.java:106)
	at junit.framework.TestResult.runProtected(TestResult.java:124)
	at junit.framework.TestResult.run(TestResult.java:109)
	at junit.framework.TestCase.run(TestCase.java:118)
	at junit.framework.TestSuite.runTest(TestSuite.java:208)
	at junit.framework.TestSuite.run(TestSuite.java:203)
	at junit.framework.TestSuite.runTest(TestSuite.java:208)
	at junit.framework.TestSuite.run(TestSuite.java:203)
	at org.apache.tools.ant.taskdefs.optional.junit.JUnitTestRunner.run(JUnitTestRunner.java:297)
	at org.apache.tools.ant.taskdefs.optional.junit.JUnitTestRunner.launch(JUnitTestRunner.java:672)
	at org.apache.tools.ant.taskdefs.optional.junit.JUnitTestRunner.main(JUnitTestRunner.java:567)
Exit from method [DigitalRunContestManagerBean#removeTrackContestResultCalculator(long)]
com.topcoder.service.digitalrun.contest.MockTrackContestDAO.setLogger(com.topcoder.util.log.Log)
java.lang.NoSuchMethodException: com.topcoder.service.digitalrun.contest.MockTrackContestDAO.setLogger(com.topcoder.util.log.Log)
	at java.lang.Class.getMethod(Class.java:1581)
	at com.topcoder.service.digitalrun.contest.DigitalRunContestManagerBean.inject(DigitalRunContestManagerBean.java:490)
	at com.topcoder.service.digitalrun.contest.DigitalRunContestManagerBean.initialize(DigitalRunContestManagerBean.java:452)
	at com.topcoder.service.digitalrun.contest.DigitalRunContestManagerBeanUnitTests.setUp(DigitalRunContestManagerBeanUnitTests.java:51)
	at junit.framework.TestCase.runBare(TestCase.java:125)
	at junit.framework.TestResult$1.protect(TestResult.java:106)
	at junit.framework.TestResult.runProtected(TestResult.java:124)
	at junit.framework.TestResult.run(TestResult.java:109)
	at junit.framework.TestCase.run(TestCase.java:118)
	at junit.framework.TestSuite.runTest(TestSuite.java:208)
	at junit.framework.TestSuite.run(TestSuite.java:203)
	at junit.framework.TestSuite.runTest(TestSuite.java:208)
	at junit.framework.TestSuite.run(TestSuite.java:203)
	at org.apache.tools.ant.taskdefs.optional.junit.JUnitTestRunner.run(JUnitTestRunner.java:297)
	at org.apache.tools.ant.taskdefs.optional.junit.JUnitTestRunner.launch(JUnitTestRunner.java:672)
	at org.apache.tools.ant.taskdefs.optional.junit.JUnitTestRunner.main(JUnitTestRunner.java:567)
com.topcoder.service.digitalrun.contest.MockTrackContestTypeDAO.setLogger(com.topcoder.util.log.Log)
java.lang.NoSuchMethodException: com.topcoder.service.digitalrun.contest.MockTrackContestTypeDAO.setLogger(com.topcoder.util.log.Log)
	at java.lang.Class.getMethod(Class.java:1581)
	at com.topcoder.service.digitalrun.contest.DigitalRunContestManagerBean.inject(DigitalRunContestManagerBean.java:490)
	at com.topcoder.service.digitalrun.contest.DigitalRunContestManagerBean.initialize(DigitalRunContestManagerBean.java:453)
	at com.topcoder.service.digitalrun.contest.DigitalRunContestManagerBeanUnitTests.setUp(DigitalRunContestManagerBeanUnitTests.java:51)
	at junit.framework.TestCase.runBare(TestCase.java:125)
	at junit.framework.TestResult$1.protect(TestResult.java:106)
	at junit.framework.TestResult.runProtected(TestResult.java:124)
	at junit.framework.TestResult.run(TestResult.java:109)
	at junit.framework.TestCase.run(TestCase.java:118)
	at junit.framework.TestSuite.runTest(TestSuite.java:208)
	at junit.framework.TestSuite.run(TestSuite.java:203)
	at junit.framework.TestSuite.runTest(TestSuite.java:208)
	at junit.framework.TestSuite.run(TestSuite.java:203)
	at org.apache.tools.ant.taskdefs.optional.junit.JUnitTestRunner.run(JUnitTestRunner.java:297)
	at org.apache.tools.ant.taskdefs.optional.junit.JUnitTestRunner.launch(JUnitTestRunner.java:672)
	at org.apache.tools.ant.taskdefs.optional.junit.JUnitTestRunner.main(JUnitTestRunner.java:567)
com.topcoder.service.digitalrun.contest.MockResultCalculatorDAO.setLogger(com.topcoder.util.log.Log)
java.lang.NoSuchMethodException: com.topcoder.service.digitalrun.contest.MockResultCalculatorDAO.setLogger(com.topcoder.util.log.Log)
	at java.lang.Class.getMethod(Class.java:1581)
	at com.topcoder.service.digitalrun.contest.DigitalRunContestManagerBean.inject(DigitalRunContestManagerBean.java:490)
	at com.topcoder.service.digitalrun.contest.DigitalRunContestManagerBean.initialize(DigitalRunContestManagerBean.java:454)
	at com.topcoder.service.digitalrun.contest.DigitalRunContestManagerBeanUnitTests.setUp(DigitalRunContestManagerBeanUnitTests.java:51)
	at junit.framework.TestCase.runBare(TestCase.java:125)
	at junit.framework.TestResult$1.protect(TestResult.java:106)
	at junit.framework.TestResult.runProtected(TestResult.java:124)
	at junit.framework.TestResult.run(TestResult.java:109)
	at junit.framework.TestCase.run(TestCase.java:118)
	at junit.framework.TestSuite.runTest(TestSuite.java:208)
	at junit.framework.TestSuite.run(TestSuite.java:203)
	at junit.framework.TestSuite.runTest(TestSuite.java:208)
	at junit.framework.TestSuite.run(TestSuite.java:203)
	at org.apache.tools.ant.taskdefs.optional.junit.JUnitTestRunner.run(JUnitTestRunner.java:297)
	at org.apache.tools.ant.taskdefs.optional.junit.JUnitTestRunner.launch(JUnitTestRunner.java:672)
	at org.apache.tools.ant.taskdefs.optional.junit.JUnitTestRunner.main(JUnitTestRunner.java:567)
com.topcoder.service.digitalrun.contest.MockTrackContestDAO.setUnitName(java.lang.String)
java.lang.NoSuchMethodException: com.topcoder.service.digitalrun.contest.MockTrackContestDAO.setUnitName(java.lang.String)
	at java.lang.Class.getMethod(Class.java:1581)
	at com.topcoder.service.digitalrun.contest.DigitalRunContestManagerBean.inject(DigitalRunContestManagerBean.java:490)
	at com.topcoder.service.digitalrun.contest.DigitalRunContestManagerBean.initialize(DigitalRunContestManagerBean.java:457)
	at com.topcoder.service.digitalrun.contest.DigitalRunContestManagerBeanUnitTests.setUp(DigitalRunContestManagerBeanUnitTests.java:51)
	at junit.framework.TestCase.runBare(TestCase.java:125)
	at junit.framework.TestResult$1.protect(TestResult.java:106)
	at junit.framework.TestResult.runProtected(TestResult.java:124)
	at junit.framework.TestResult.run(TestResult.java:109)
	at junit.framework.TestCase.run(TestCase.java:118)
	at junit.framework.TestSuite.runTest(TestSuite.java:208)
	at junit.framework.TestSuite.run(TestSuite.java:203)
	at junit.framework.TestSuite.runTest(TestSuite.java:208)
	at junit.framework.TestSuite.run(TestSuite.java:203)
	at org.apache.tools.ant.taskdefs.optional.junit.JUnitTestRunner.run(JUnitTestRunner.java:297)
	at org.apache.tools.ant.taskdefs.optional.junit.JUnitTestRunner.launch(JUnitTestRunner.java:672)
	at org.apache.tools.ant.taskdefs.optional.junit.JUnitTestRunner.main(JUnitTestRunner.java:567)
com.topcoder.service.digitalrun.contest.MockTrackContestTypeDAO.setUnitName(java.lang.String)
java.lang.NoSuchMethodException: com.topcoder.service.digitalrun.contest.MockTrackContestTypeDAO.setUnitName(java.lang.String)
	at java.lang.Class.getMethod(Class.java:1581)
	at com.topcoder.service.digitalrun.contest.DigitalRunContestManagerBean.inject(DigitalRunContestManagerBean.java:490)
	at com.topcoder.service.digitalrun.contest.DigitalRunContestManagerBean.initialize(DigitalRunContestManagerBean.java:458)
	at com.topcoder.service.digitalrun.contest.DigitalRunContestManagerBeanUnitTests.setUp(DigitalRunContestManagerBeanUnitTests.java:51)
	at junit.framework.TestCase.runBare(TestCase.java:125)
	at junit.framework.TestResult$1.protect(TestResult.java:106)
	at junit.framework.TestResult.runProtected(TestResult.java:124)
	at junit.framework.TestResult.run(TestResult.java:109)
	at junit.framework.TestCase.run(TestCase.java:118)
	at junit.framework.TestSuite.runTest(TestSuite.java:208)
	at junit.framework.TestSuite.run(TestSuite.java:203)
	at junit.framework.TestSuite.runTest(TestSuite.java:208)
	at junit.framework.TestSuite.run(TestSuite.java:203)
	at org.apache.tools.ant.taskdefs.optional.junit.JUnitTestRunner.run(JUnitTestRunner.java:297)
	at org.apache.tools.ant.taskdefs.optional.junit.JUnitTestRunner.launch(JUnitTestRunner.java:672)
	at org.apache.tools.ant.taskdefs.optional.junit.JUnitTestRunner.main(JUnitTestRunner.java:567)
com.topcoder.service.digitalrun.contest.MockResultCalculatorDAO.setUnitName(java.lang.String)
java.lang.NoSuchMethodException: com.topcoder.service.digitalrun.contest.MockResultCalculatorDAO.setUnitName(java.lang.String)
	at java.lang.Class.getMethod(Class.java:1581)
	at com.topcoder.service.digitalrun.contest.DigitalRunContestManagerBean.inject(DigitalRunContestManagerBean.java:490)
	at com.topcoder.service.digitalrun.contest.DigitalRunContestManagerBean.initialize(DigitalRunContestManagerBean.java:459)
	at com.topcoder.service.digitalrun.contest.DigitalRunContestManagerBeanUnitTests.setUp(DigitalRunContestManagerBeanUnitTests.java:51)
	at junit.framework.TestCase.runBare(TestCase.java:125)
	at junit.framework.TestResult$1.protect(TestResult.java:106)
	at junit.framework.TestResult.runProtected(TestResult.java:124)
	at junit.framework.TestResult.run(TestResult.java:109)
	at junit.framework.TestCase.run(TestCase.java:118)
	at junit.framework.TestSuite.runTest(TestSuite.java:208)
	at junit.framework.TestSuite.run(TestSuite.java:203)
	at junit.framework.TestSuite.runTest(TestSuite.java:208)
	at junit.framework.TestSuite.run(TestSuite.java:203)
	at org.apache.tools.ant.taskdefs.optional.junit.JUnitTestRunner.run(JUnitTestRunner.java:297)
	at org.apache.tools.ant.taskdefs.optional.junit.JUnitTestRunner.launch(JUnitTestRunner.java:672)
	at org.apache.tools.ant.taskdefs.optional.junit.JUnitTestRunner.main(JUnitTestRunner.java:567)
com.topcoder.service.digitalrun.contest.MockTrackContestDAO.setSessionContext(javax.ejb.SessionContext)
java.lang.NoSuchMethodException: com.topcoder.service.digitalrun.contest.MockTrackContestDAO.setSessionContext(javax.ejb.SessionContext)
	at java.lang.Class.getMethod(Class.java:1581)
	at com.topcoder.service.digitalrun.contest.DigitalRunContestManagerBean.inject(DigitalRunContestManagerBean.java:490)
	at com.topcoder.service.digitalrun.contest.DigitalRunContestManagerBean.initialize(DigitalRunContestManagerBean.java:461)
	at com.topcoder.service.digitalrun.contest.DigitalRunContestManagerBeanUnitTests.setUp(DigitalRunContestManagerBeanUnitTests.java:51)
	at junit.framework.TestCase.runBare(TestCase.java:125)
	at junit.framework.TestResult$1.protect(TestResult.java:106)
	at junit.framework.TestResult.runProtected(TestResult.java:124)
	at junit.framework.TestResult.run(TestResult.java:109)
	at junit.framework.TestCase.run(TestCase.java:118)
	at junit.framework.TestSuite.runTest(TestSuite.java:208)
	at junit.framework.TestSuite.run(TestSuite.java:203)
	at junit.framework.TestSuite.runTest(TestSuite.java:208)
	at junit.framework.TestSuite.run(TestSuite.java:203)
	at org.apache.tools.ant.taskdefs.optional.junit.JUnitTestRunner.run(JUnitTestRunner.java:297)
	at org.apache.tools.ant.taskdefs.optional.junit.JUnitTestRunner.launch(JUnitTestRunner.java:672)
	at org.apache.tools.ant.taskdefs.optional.junit.JUnitTestRunner.main(JUnitTestRunner.java:567)
com.topcoder.service.digitalrun.contest.MockTrackContestTypeDAO.setSessionContext(javax.ejb.SessionContext)
java.lang.NoSuchMethodException: com.topcoder.service.digitalrun.contest.MockTrackContestTypeDAO.setSessionContext(javax.ejb.SessionContext)
	at java.lang.Class.getMethod(Class.java:1581)
	at com.topcoder.service.digitalrun.contest.DigitalRunContestManagerBean.inject(DigitalRunContestManagerBean.java:490)
	at com.topcoder.service.digitalrun.contest.DigitalRunContestManagerBean.initialize(DigitalRunContestManagerBean.java:462)
	at com.topcoder.service.digitalrun.contest.DigitalRunContestManagerBeanUnitTests.setUp(DigitalRunContestManagerBeanUnitTests.java:51)
	at junit.framework.TestCase.runBare(TestCase.java:125)
	at junit.framework.TestResult$1.protect(TestResult.java:106)
	at junit.framework.TestResult.runProtected(TestResult.java:124)
	at junit.framework.TestResult.run(TestResult.java:109)
	at junit.framework.TestCase.run(TestCase.java:118)
	at junit.framework.TestSuite.runTest(TestSuite.java:208)
	at junit.framework.TestSuite.run(TestSuite.java:203)
	at junit.framework.TestSuite.runTest(TestSuite.java:208)
	at junit.framework.TestSuite.run(TestSuite.java:203)
	at org.apache.tools.ant.taskdefs.optional.junit.JUnitTestRunner.run(JUnitTestRunner.java:297)
	at org.apache.tools.ant.taskdefs.optional.junit.JUnitTestRunner.launch(JUnitTestRunner.java:672)
	at org.apache.tools.ant.taskdefs.optional.junit.JUnitTestRunner.main(JUnitTestRunner.java:567)
com.topcoder.service.digitalrun.contest.MockResultCalculatorDAO.setSessionContext(javax.ejb.SessionContext)
java.lang.NoSuchMethodException: com.topcoder.service.digitalrun.contest.MockResultCalculatorDAO.setSessionContext(javax.ejb.SessionContext)
	at java.lang.Class.getMethod(Class.java:1581)
	at com.topcoder.service.digitalrun.contest.DigitalRunContestManagerBean.inject(DigitalRunContestManagerBean.java:490)
	at com.topcoder.service.digitalrun.contest.DigitalRunContestManagerBean.initialize(DigitalRunContestManagerBean.java:463)
	at com.topcoder.service.digitalrun.contest.DigitalRunContestManagerBeanUnitTests.setUp(DigitalRunContestManagerBeanUnitTests.java:51)
	at junit.framework.TestCase.runBare(TestCase.java:125)
	at junit.framework.TestResult$1.protect(TestResult.java:106)
	at junit.framework.TestResult.runProtected(TestResult.java:124)
	at junit.framework.TestResult.run(TestResult.java:109)
	at junit.framework.TestCase.run(TestCase.java:118)
	at junit.framework.TestSuite.runTest(TestSuite.java:208)
	at junit.framework.TestSuite.run(TestSuite.java:203)
	at junit.framework.TestSuite.runTest(TestSuite.java:208)
	at junit.framework.TestSuite.run(TestSuite.java:203)
	at org.apache.tools.ant.taskdefs.optional.junit.JUnitTestRunner.run(JUnitTestRunner.java:297)
	at org.apache.tools.ant.taskdefs.optional.junit.JUnitTestRunner.launch(JUnitTestRunner.java:672)
	at org.apache.tools.ant.taskdefs.optional.junit.JUnitTestRunner.main(JUnitTestRunner.java:567)
Enter into method [DigitalRunContestManagerBean#getAllTrackContestTypes()]
mock exception
com.topcoder.service.digitalrun.contest.PersistenceException: mock exception
	at com.topcoder.service.digitalrun.contest.MockTrackContestTypeDAO.getAllTrackContestTypes(MockTrackContestTypeDAO.java:33)
	at com.topcoder.service.digitalrun.contest.DigitalRunContestManagerBean.getAllTrackContestTypes(DigitalRunContestManagerBean.java:830)
	at com.topcoder.service.digitalrun.contest.DigitalRunContestManagerBeanUnitTests.testGetAllTrackContestTypes(DigitalRunContestManagerBeanUnitTests.java:409)
	at sun.reflect.NativeMethodAccessorImpl.invoke0(Native Method)
	at sun.reflect.NativeMethodAccessorImpl.invoke(NativeMethodAccessorImpl.java:39)
	at sun.reflect.DelegatingMethodAccessorImpl.invoke(DelegatingMethodAccessorImpl.java:25)
	at java.lang.reflect.Method.invoke(Method.java:585)
	at junit.framework.TestCase.runTest(TestCase.java:154)
	at junit.framework.TestCase.runBare(TestCase.java:127)
	at junit.framework.TestResult$1.protect(TestResult.java:106)
	at junit.framework.TestResult.runProtected(TestResult.java:124)
	at junit.framework.TestResult.run(TestResult.java:109)
	at junit.framework.TestCase.run(TestCase.java:118)
	at junit.framework.TestSuite.runTest(TestSuite.java:208)
	at junit.framework.TestSuite.run(TestSuite.java:203)
	at junit.framework.TestSuite.runTest(TestSuite.java:208)
	at junit.framework.TestSuite.run(TestSuite.java:203)
	at org.apache.tools.ant.taskdefs.optional.junit.JUnitTestRunner.run(JUnitTestRunner.java:297)
	at org.apache.tools.ant.taskdefs.optional.junit.JUnitTestRunner.launch(JUnitTestRunner.java:672)
	at org.apache.tools.ant.taskdefs.optional.junit.JUnitTestRunner.main(JUnitTestRunner.java:567)
Exit from method [DigitalRunContestManagerBean#getAllTrackContestTypes()]
com.topcoder.service.digitalrun.contest.MockTrackContestDAO.setLogger(com.topcoder.util.log.Log)
java.lang.NoSuchMethodException: com.topcoder.service.digitalrun.contest.MockTrackContestDAO.setLogger(com.topcoder.util.log.Log)
	at java.lang.Class.getMethod(Class.java:1581)
	at com.topcoder.service.digitalrun.contest.DigitalRunContestManagerBean.inject(DigitalRunContestManagerBean.java:490)
	at com.topcoder.service.digitalrun.contest.DigitalRunContestManagerBean.initialize(DigitalRunContestManagerBean.java:452)
	at com.topcoder.service.digitalrun.contest.DigitalRunContestManagerBeanUnitTests.setUp(DigitalRunContestManagerBeanUnitTests.java:51)
	at junit.framework.TestCase.runBare(TestCase.java:125)
	at junit.framework.TestResult$1.protect(TestResult.java:106)
	at junit.framework.TestResult.runProtected(TestResult.java:124)
	at junit.framework.TestResult.run(TestResult.java:109)
	at junit.framework.TestCase.run(TestCase.java:118)
	at junit.framework.TestSuite.runTest(TestSuite.java:208)
	at junit.framework.TestSuite.run(TestSuite.java:203)
	at junit.framework.TestSuite.runTest(TestSuite.java:208)
	at junit.framework.TestSuite.run(TestSuite.java:203)
	at org.apache.tools.ant.taskdefs.optional.junit.JUnitTestRunner.run(JUnitTestRunner.java:297)
	at org.apache.tools.ant.taskdefs.optional.junit.JUnitTestRunner.launch(JUnitTestRunner.java:672)
	at org.apache.tools.ant.taskdefs.optional.junit.JUnitTestRunner.main(JUnitTestRunner.java:567)
com.topcoder.service.digitalrun.contest.MockTrackContestTypeDAO.setLogger(com.topcoder.util.log.Log)
java.lang.NoSuchMethodException: com.topcoder.service.digitalrun.contest.MockTrackContestTypeDAO.setLogger(com.topcoder.util.log.Log)
	at java.lang.Class.getMethod(Class.java:1581)
	at com.topcoder.service.digitalrun.contest.DigitalRunContestManagerBean.inject(DigitalRunContestManagerBean.java:490)
	at com.topcoder.service.digitalrun.contest.DigitalRunContestManagerBean.initialize(DigitalRunContestManagerBean.java:453)
	at com.topcoder.service.digitalrun.contest.DigitalRunContestManagerBeanUnitTests.setUp(DigitalRunContestManagerBeanUnitTests.java:51)
	at junit.framework.TestCase.runBare(TestCase.java:125)
	at junit.framework.TestResult$1.protect(TestResult.java:106)
	at junit.framework.TestResult.runProtected(TestResult.java:124)
	at junit.framework.TestResult.run(TestResult.java:109)
	at junit.framework.TestCase.run(TestCase.java:118)
	at junit.framework.TestSuite.runTest(TestSuite.java:208)
	at junit.framework.TestSuite.run(TestSuite.java:203)
	at junit.framework.TestSuite.runTest(TestSuite.java:208)
	at junit.framework.TestSuite.run(TestSuite.java:203)
	at org.apache.tools.ant.taskdefs.optional.junit.JUnitTestRunner.run(JUnitTestRunner.java:297)
	at org.apache.tools.ant.taskdefs.optional.junit.JUnitTestRunner.launch(JUnitTestRunner.java:672)
	at org.apache.tools.ant.taskdefs.optional.junit.JUnitTestRunner.main(JUnitTestRunner.java:567)
com.topcoder.service.digitalrun.contest.MockResultCalculatorDAO.setLogger(com.topcoder.util.log.Log)
java.lang.NoSuchMethodException: com.topcoder.service.digitalrun.contest.MockResultCalculatorDAO.setLogger(com.topcoder.util.log.Log)
	at java.lang.Class.getMethod(Class.java:1581)
	at com.topcoder.service.digitalrun.contest.DigitalRunContestManagerBean.inject(DigitalRunContestManagerBean.java:490)
	at com.topcoder.service.digitalrun.contest.DigitalRunContestManagerBean.initialize(DigitalRunContestManagerBean.java:454)
	at com.topcoder.service.digitalrun.contest.DigitalRunContestManagerBeanUnitTests.setUp(DigitalRunContestManagerBeanUnitTests.java:51)
	at junit.framework.TestCase.runBare(TestCase.java:125)
	at junit.framework.TestResult$1.protect(TestResult.java:106)
	at junit.framework.TestResult.runProtected(TestResult.java:124)
	at junit.framework.TestResult.run(TestResult.java:109)
	at junit.framework.TestCase.run(TestCase.java:118)
	at junit.framework.TestSuite.runTest(TestSuite.java:208)
	at junit.framework.TestSuite.run(TestSuite.java:203)
	at junit.framework.TestSuite.runTest(TestSuite.java:208)
	at junit.framework.TestSuite.run(TestSuite.java:203)
	at org.apache.tools.ant.taskdefs.optional.junit.JUnitTestRunner.run(JUnitTestRunner.java:297)
	at org.apache.tools.ant.taskdefs.optional.junit.JUnitTestRunner.launch(JUnitTestRunner.java:672)
	at org.apache.tools.ant.taskdefs.optional.junit.JUnitTestRunner.main(JUnitTestRunner.java:567)
com.topcoder.service.digitalrun.contest.MockTrackContestDAO.setUnitName(java.lang.String)
java.lang.NoSuchMethodException: com.topcoder.service.digitalrun.contest.MockTrackContestDAO.setUnitName(java.lang.String)
	at java.lang.Class.getMethod(Class.java:1581)
	at com.topcoder.service.digitalrun.contest.DigitalRunContestManagerBean.inject(DigitalRunContestManagerBean.java:490)
	at com.topcoder.service.digitalrun.contest.DigitalRunContestManagerBean.initialize(DigitalRunContestManagerBean.java:457)
	at com.topcoder.service.digitalrun.contest.DigitalRunContestManagerBeanUnitTests.setUp(DigitalRunContestManagerBeanUnitTests.java:51)
	at junit.framework.TestCase.runBare(TestCase.java:125)
	at junit.framework.TestResult$1.protect(TestResult.java:106)
	at junit.framework.TestResult.runProtected(TestResult.java:124)
	at junit.framework.TestResult.run(TestResult.java:109)
	at junit.framework.TestCase.run(TestCase.java:118)
	at junit.framework.TestSuite.runTest(TestSuite.java:208)
	at junit.framework.TestSuite.run(TestSuite.java:203)
	at junit.framework.TestSuite.runTest(TestSuite.java:208)
	at junit.framework.TestSuite.run(TestSuite.java:203)
	at org.apache.tools.ant.taskdefs.optional.junit.JUnitTestRunner.run(JUnitTestRunner.java:297)
	at org.apache.tools.ant.taskdefs.optional.junit.JUnitTestRunner.launch(JUnitTestRunner.java:672)
	at org.apache.tools.ant.taskdefs.optional.junit.JUnitTestRunner.main(JUnitTestRunner.java:567)
com.topcoder.service.digitalrun.contest.MockTrackContestTypeDAO.setUnitName(java.lang.String)
java.lang.NoSuchMethodException: com.topcoder.service.digitalrun.contest.MockTrackContestTypeDAO.setUnitName(java.lang.String)
	at java.lang.Class.getMethod(Class.java:1581)
	at com.topcoder.service.digitalrun.contest.DigitalRunContestManagerBean.inject(DigitalRunContestManagerBean.java:490)
	at com.topcoder.service.digitalrun.contest.DigitalRunContestManagerBean.initialize(DigitalRunContestManagerBean.java:458)
	at com.topcoder.service.digitalrun.contest.DigitalRunContestManagerBeanUnitTests.setUp(DigitalRunContestManagerBeanUnitTests.java:51)
	at junit.framework.TestCase.runBare(TestCase.java:125)
	at junit.framework.TestResult$1.protect(TestResult.java:106)
	at junit.framework.TestResult.runProtected(TestResult.java:124)
	at junit.framework.TestResult.run(TestResult.java:109)
	at junit.framework.TestCase.run(TestCase.java:118)
	at junit.framework.TestSuite.runTest(TestSuite.java:208)
	at junit.framework.TestSuite.run(TestSuite.java:203)
	at junit.framework.TestSuite.runTest(TestSuite.java:208)
	at junit.framework.TestSuite.run(TestSuite.java:203)
	at org.apache.tools.ant.taskdefs.optional.junit.JUnitTestRunner.run(JUnitTestRunner.java:297)
	at org.apache.tools.ant.taskdefs.optional.junit.JUnitTestRunner.launch(JUnitTestRunner.java:672)
	at org.apache.tools.ant.taskdefs.optional.junit.JUnitTestRunner.main(JUnitTestRunner.java:567)
com.topcoder.service.digitalrun.contest.MockResultCalculatorDAO.setUnitName(java.lang.String)
java.lang.NoSuchMethodException: com.topcoder.service.digitalrun.contest.MockResultCalculatorDAO.setUnitName(java.lang.String)
	at java.lang.Class.getMethod(Class.java:1581)
	at com.topcoder.service.digitalrun.contest.DigitalRunContestManagerBean.inject(DigitalRunContestManagerBean.java:490)
	at com.topcoder.service.digitalrun.contest.DigitalRunContestManagerBean.initialize(DigitalRunContestManagerBean.java:459)
	at com.topcoder.service.digitalrun.contest.DigitalRunContestManagerBeanUnitTests.setUp(DigitalRunContestManagerBeanUnitTests.java:51)
	at junit.framework.TestCase.runBare(TestCase.java:125)
	at junit.framework.TestResult$1.protect(TestResult.java:106)
	at junit.framework.TestResult.runProtected(TestResult.java:124)
	at junit.framework.TestResult.run(TestResult.java:109)
	at junit.framework.TestCase.run(TestCase.java:118)
	at junit.framework.TestSuite.runTest(TestSuite.java:208)
	at junit.framework.TestSuite.run(TestSuite.java:203)
	at junit.framework.TestSuite.runTest(TestSuite.java:208)
	at junit.framework.TestSuite.run(TestSuite.java:203)
	at org.apache.tools.ant.taskdefs.optional.junit.JUnitTestRunner.run(JUnitTestRunner.java:297)
	at org.apache.tools.ant.taskdefs.optional.junit.JUnitTestRunner.launch(JUnitTestRunner.java:672)
	at org.apache.tools.ant.taskdefs.optional.junit.JUnitTestRunner.main(JUnitTestRunner.java:567)
com.topcoder.service.digitalrun.contest.MockTrackContestDAO.setSessionContext(javax.ejb.SessionContext)
java.lang.NoSuchMethodException: com.topcoder.service.digitalrun.contest.MockTrackContestDAO.setSessionContext(javax.ejb.SessionContext)
	at java.lang.Class.getMethod(Class.java:1581)
	at com.topcoder.service.digitalrun.contest.DigitalRunContestManagerBean.inject(DigitalRunContestManagerBean.java:490)
	at com.topcoder.service.digitalrun.contest.DigitalRunContestManagerBean.initialize(DigitalRunContestManagerBean.java:461)
	at com.topcoder.service.digitalrun.contest.DigitalRunContestManagerBeanUnitTests.setUp(DigitalRunContestManagerBeanUnitTests.java:51)
	at junit.framework.TestCase.runBare(TestCase.java:125)
	at junit.framework.TestResult$1.protect(TestResult.java:106)
	at junit.framework.TestResult.runProtected(TestResult.java:124)
	at junit.framework.TestResult.run(TestResult.java:109)
	at junit.framework.TestCase.run(TestCase.java:118)
	at junit.framework.TestSuite.runTest(TestSuite.java:208)
	at junit.framework.TestSuite.run(TestSuite.java:203)
	at junit.framework.TestSuite.runTest(TestSuite.java:208)
	at junit.framework.TestSuite.run(TestSuite.java:203)
	at org.apache.tools.ant.taskdefs.optional.junit.JUnitTestRunner.run(JUnitTestRunner.java:297)
	at org.apache.tools.ant.taskdefs.optional.junit.JUnitTestRunner.launch(JUnitTestRunner.java:672)
	at org.apache.tools.ant.taskdefs.optional.junit.JUnitTestRunner.main(JUnitTestRunner.java:567)
com.topcoder.service.digitalrun.contest.MockTrackContestTypeDAO.setSessionContext(javax.ejb.SessionContext)
java.lang.NoSuchMethodException: com.topcoder.service.digitalrun.contest.MockTrackContestTypeDAO.setSessionContext(javax.ejb.SessionContext)
	at java.lang.Class.getMethod(Class.java:1581)
	at com.topcoder.service.digitalrun.contest.DigitalRunContestManagerBean.inject(DigitalRunContestManagerBean.java:490)
	at com.topcoder.service.digitalrun.contest.DigitalRunContestManagerBean.initialize(DigitalRunContestManagerBean.java:462)
	at com.topcoder.service.digitalrun.contest.DigitalRunContestManagerBeanUnitTests.setUp(DigitalRunContestManagerBeanUnitTests.java:51)
	at junit.framework.TestCase.runBare(TestCase.java:125)
	at junit.framework.TestResult$1.protect(TestResult.java:106)
	at junit.framework.TestResult.runProtected(TestResult.java:124)
	at junit.framework.TestResult.run(TestResult.java:109)
	at junit.framework.TestCase.run(TestCase.java:118)
	at junit.framework.TestSuite.runTest(TestSuite.java:208)
	at junit.framework.TestSuite.run(TestSuite.java:203)
	at junit.framework.TestSuite.runTest(TestSuite.java:208)
	at junit.framework.TestSuite.run(TestSuite.java:203)
	at org.apache.tools.ant.taskdefs.optional.junit.JUnitTestRunner.run(JUnitTestRunner.java:297)
	at org.apache.tools.ant.taskdefs.optional.junit.JUnitTestRunner.launch(JUnitTestRunner.java:672)
	at org.apache.tools.ant.taskdefs.optional.junit.JUnitTestRunner.main(JUnitTestRunner.java:567)
com.topcoder.service.digitalrun.contest.MockResultCalculatorDAO.setSessionContext(javax.ejb.SessionContext)
java.lang.NoSuchMethodException: com.topcoder.service.digitalrun.contest.MockResultCalculatorDAO.setSessionContext(javax.ejb.SessionContext)
	at java.lang.Class.getMethod(Class.java:1581)
	at com.topcoder.service.digitalrun.contest.DigitalRunContestManagerBean.inject(DigitalRunContestManagerBean.java:490)
	at com.topcoder.service.digitalrun.contest.DigitalRunContestManagerBean.initialize(DigitalRunContestManagerBean.java:463)
	at com.topcoder.service.digitalrun.contest.DigitalRunContestManagerBeanUnitTests.setUp(DigitalRunContestManagerBeanUnitTests.java:51)
	at junit.framework.TestCase.runBare(TestCase.java:125)
	at junit.framework.TestResult$1.protect(TestResult.java:106)
	at junit.framework.TestResult.runProtected(TestResult.java:124)
	at junit.framework.TestResult.run(TestResult.java:109)
	at junit.framework.TestCase.run(TestCase.java:118)
	at junit.framework.TestSuite.runTest(TestSuite.java:208)
	at junit.framework.TestSuite.run(TestSuite.java:203)
	at junit.framework.TestSuite.runTest(TestSuite.java:208)
	at junit.framework.TestSuite.run(TestSuite.java:203)
	at org.apache.tools.ant.taskdefs.optional.junit.JUnitTestRunner.run(JUnitTestRunner.java:297)
	at org.apache.tools.ant.taskdefs.optional.junit.JUnitTestRunner.launch(JUnitTestRunner.java:672)
	at org.apache.tools.ant.taskdefs.optional.junit.JUnitTestRunner.main(JUnitTestRunner.java:567)
Enter into method [DigitalRunContestManagerBean#createTrackContestType(TrackContestType)]
mock exception
com.topcoder.service.digitalrun.contest.PersistenceException: mock exception
	at com.topcoder.service.digitalrun.contest.MockTrackContestTypeDAO.createTrackContestType(MockTrackContestTypeDAO.java:49)
	at com.topcoder.service.digitalrun.contest.DigitalRunContestManagerBean.createTrackContestType(DigitalRunContestManagerBean.java:703)
	at com.topcoder.service.digitalrun.contest.DigitalRunContestManagerBeanUnitTests.testCreateTrackContestType(DigitalRunContestManagerBeanUnitTests.java:427)
	at sun.reflect.NativeMethodAccessorImpl.invoke0(Native Method)
	at sun.reflect.NativeMethodAccessorImpl.invoke(NativeMethodAccessorImpl.java:39)
	at sun.reflect.DelegatingMethodAccessorImpl.invoke(DelegatingMethodAccessorImpl.java:25)
	at java.lang.reflect.Method.invoke(Method.java:585)
	at junit.framework.TestCase.runTest(TestCase.java:154)
	at junit.framework.TestCase.runBare(TestCase.java:127)
	at junit.framework.TestResult$1.protect(TestResult.java:106)
	at junit.framework.TestResult.runProtected(TestResult.java:124)
	at junit.framework.TestResult.run(TestResult.java:109)
	at junit.framework.TestCase.run(TestCase.java:118)
	at junit.framework.TestSuite.runTest(TestSuite.java:208)
	at junit.framework.TestSuite.run(TestSuite.java:203)
	at junit.framework.TestSuite.runTest(TestSuite.java:208)
	at junit.framework.TestSuite.run(TestSuite.java:203)
	at org.apache.tools.ant.taskdefs.optional.junit.JUnitTestRunner.run(JUnitTestRunner.java:297)
	at org.apache.tools.ant.taskdefs.optional.junit.JUnitTestRunner.launch(JUnitTestRunner.java:672)
	at org.apache.tools.ant.taskdefs.optional.junit.JUnitTestRunner.main(JUnitTestRunner.java:567)
Exit from method [DigitalRunContestManagerBean#createTrackContestType(TrackContestType)]
com.topcoder.service.digitalrun.contest.MockTrackContestDAO.setLogger(com.topcoder.util.log.Log)
java.lang.NoSuchMethodException: com.topcoder.service.digitalrun.contest.MockTrackContestDAO.setLogger(com.topcoder.util.log.Log)
	at java.lang.Class.getMethod(Class.java:1581)
	at com.topcoder.service.digitalrun.contest.DigitalRunContestManagerBean.inject(DigitalRunContestManagerBean.java:490)
	at com.topcoder.service.digitalrun.contest.DigitalRunContestManagerBean.initialize(DigitalRunContestManagerBean.java:452)
	at com.topcoder.service.digitalrun.contest.DigitalRunContestManagerBeanUnitTests.setUp(DigitalRunContestManagerBeanUnitTests.java:51)
	at junit.framework.TestCase.runBare(TestCase.java:125)
	at junit.framework.TestResult$1.protect(TestResult.java:106)
	at junit.framework.TestResult.runProtected(TestResult.java:124)
	at junit.framework.TestResult.run(TestResult.java:109)
	at junit.framework.TestCase.run(TestCase.java:118)
	at junit.framework.TestSuite.runTest(TestSuite.java:208)
	at junit.framework.TestSuite.run(TestSuite.java:203)
	at junit.framework.TestSuite.runTest(TestSuite.java:208)
	at junit.framework.TestSuite.run(TestSuite.java:203)
	at org.apache.tools.ant.taskdefs.optional.junit.JUnitTestRunner.run(JUnitTestRunner.java:297)
	at org.apache.tools.ant.taskdefs.optional.junit.JUnitTestRunner.launch(JUnitTestRunner.java:672)
	at org.apache.tools.ant.taskdefs.optional.junit.JUnitTestRunner.main(JUnitTestRunner.java:567)
com.topcoder.service.digitalrun.contest.MockTrackContestTypeDAO.setLogger(com.topcoder.util.log.Log)
java.lang.NoSuchMethodException: com.topcoder.service.digitalrun.contest.MockTrackContestTypeDAO.setLogger(com.topcoder.util.log.Log)
	at java.lang.Class.getMethod(Class.java:1581)
	at com.topcoder.service.digitalrun.contest.DigitalRunContestManagerBean.inject(DigitalRunContestManagerBean.java:490)
	at com.topcoder.service.digitalrun.contest.DigitalRunContestManagerBean.initialize(DigitalRunContestManagerBean.java:453)
	at com.topcoder.service.digitalrun.contest.DigitalRunContestManagerBeanUnitTests.setUp(DigitalRunContestManagerBeanUnitTests.java:51)
	at junit.framework.TestCase.runBare(TestCase.java:125)
	at junit.framework.TestResult$1.protect(TestResult.java:106)
	at junit.framework.TestResult.runProtected(TestResult.java:124)
	at junit.framework.TestResult.run(TestResult.java:109)
	at junit.framework.TestCase.run(TestCase.java:118)
	at junit.framework.TestSuite.runTest(TestSuite.java:208)
	at junit.framework.TestSuite.run(TestSuite.java:203)
	at junit.framework.TestSuite.runTest(TestSuite.java:208)
	at junit.framework.TestSuite.run(TestSuite.java:203)
	at org.apache.tools.ant.taskdefs.optional.junit.JUnitTestRunner.run(JUnitTestRunner.java:297)
	at org.apache.tools.ant.taskdefs.optional.junit.JUnitTestRunner.launch(JUnitTestRunner.java:672)
	at org.apache.tools.ant.taskdefs.optional.junit.JUnitTestRunner.main(JUnitTestRunner.java:567)
com.topcoder.service.digitalrun.contest.MockResultCalculatorDAO.setLogger(com.topcoder.util.log.Log)
java.lang.NoSuchMethodException: com.topcoder.service.digitalrun.contest.MockResultCalculatorDAO.setLogger(com.topcoder.util.log.Log)
	at java.lang.Class.getMethod(Class.java:1581)
	at com.topcoder.service.digitalrun.contest.DigitalRunContestManagerBean.inject(DigitalRunContestManagerBean.java:490)
	at com.topcoder.service.digitalrun.contest.DigitalRunContestManagerBean.initialize(DigitalRunContestManagerBean.java:454)
	at com.topcoder.service.digitalrun.contest.DigitalRunContestManagerBeanUnitTests.setUp(DigitalRunContestManagerBeanUnitTests.java:51)
	at junit.framework.TestCase.runBare(TestCase.java:125)
	at junit.framework.TestResult$1.protect(TestResult.java:106)
	at junit.framework.TestResult.runProtected(TestResult.java:124)
	at junit.framework.TestResult.run(TestResult.java:109)
	at junit.framework.TestCase.run(TestCase.java:118)
	at junit.framework.TestSuite.runTest(TestSuite.java:208)
	at junit.framework.TestSuite.run(TestSuite.java:203)
	at junit.framework.TestSuite.runTest(TestSuite.java:208)
	at junit.framework.TestSuite.run(TestSuite.java:203)
	at org.apache.tools.ant.taskdefs.optional.junit.JUnitTestRunner.run(JUnitTestRunner.java:297)
	at org.apache.tools.ant.taskdefs.optional.junit.JUnitTestRunner.launch(JUnitTestRunner.java:672)
	at org.apache.tools.ant.taskdefs.optional.junit.JUnitTestRunner.main(JUnitTestRunner.java:567)
com.topcoder.service.digitalrun.contest.MockTrackContestDAO.setUnitName(java.lang.String)
java.lang.NoSuchMethodException: com.topcoder.service.digitalrun.contest.MockTrackContestDAO.setUnitName(java.lang.String)
	at java.lang.Class.getMethod(Class.java:1581)
	at com.topcoder.service.digitalrun.contest.DigitalRunContestManagerBean.inject(DigitalRunContestManagerBean.java:490)
	at com.topcoder.service.digitalrun.contest.DigitalRunContestManagerBean.initialize(DigitalRunContestManagerBean.java:457)
	at com.topcoder.service.digitalrun.contest.DigitalRunContestManagerBeanUnitTests.setUp(DigitalRunContestManagerBeanUnitTests.java:51)
	at junit.framework.TestCase.runBare(TestCase.java:125)
	at junit.framework.TestResult$1.protect(TestResult.java:106)
	at junit.framework.TestResult.runProtected(TestResult.java:124)
	at junit.framework.TestResult.run(TestResult.java:109)
	at junit.framework.TestCase.run(TestCase.java:118)
	at junit.framework.TestSuite.runTest(TestSuite.java:208)
	at junit.framework.TestSuite.run(TestSuite.java:203)
	at junit.framework.TestSuite.runTest(TestSuite.java:208)
	at junit.framework.TestSuite.run(TestSuite.java:203)
	at org.apache.tools.ant.taskdefs.optional.junit.JUnitTestRunner.run(JUnitTestRunner.java:297)
	at org.apache.tools.ant.taskdefs.optional.junit.JUnitTestRunner.launch(JUnitTestRunner.java:672)
	at org.apache.tools.ant.taskdefs.optional.junit.JUnitTestRunner.main(JUnitTestRunner.java:567)
com.topcoder.service.digitalrun.contest.MockTrackContestTypeDAO.setUnitName(java.lang.String)
java.lang.NoSuchMethodException: com.topcoder.service.digitalrun.contest.MockTrackContestTypeDAO.setUnitName(java.lang.String)
	at java.lang.Class.getMethod(Class.java:1581)
	at com.topcoder.service.digitalrun.contest.DigitalRunContestManagerBean.inject(DigitalRunContestManagerBean.java:490)
	at com.topcoder.service.digitalrun.contest.DigitalRunContestManagerBean.initialize(DigitalRunContestManagerBean.java:458)
	at com.topcoder.service.digitalrun.contest.DigitalRunContestManagerBeanUnitTests.setUp(DigitalRunContestManagerBeanUnitTests.java:51)
	at junit.framework.TestCase.runBare(TestCase.java:125)
	at junit.framework.TestResult$1.protect(TestResult.java:106)
	at junit.framework.TestResult.runProtected(TestResult.java:124)
	at junit.framework.TestResult.run(TestResult.java:109)
	at junit.framework.TestCase.run(TestCase.java:118)
	at junit.framework.TestSuite.runTest(TestSuite.java:208)
	at junit.framework.TestSuite.run(TestSuite.java:203)
	at junit.framework.TestSuite.runTest(TestSuite.java:208)
	at junit.framework.TestSuite.run(TestSuite.java:203)
	at org.apache.tools.ant.taskdefs.optional.junit.JUnitTestRunner.run(JUnitTestRunner.java:297)
	at org.apache.tools.ant.taskdefs.optional.junit.JUnitTestRunner.launch(JUnitTestRunner.java:672)
	at org.apache.tools.ant.taskdefs.optional.junit.JUnitTestRunner.main(JUnitTestRunner.java:567)
com.topcoder.service.digitalrun.contest.MockResultCalculatorDAO.setUnitName(java.lang.String)
java.lang.NoSuchMethodException: com.topcoder.service.digitalrun.contest.MockResultCalculatorDAO.setUnitName(java.lang.String)
	at java.lang.Class.getMethod(Class.java:1581)
	at com.topcoder.service.digitalrun.contest.DigitalRunContestManagerBean.inject(DigitalRunContestManagerBean.java:490)
	at com.topcoder.service.digitalrun.contest.DigitalRunContestManagerBean.initialize(DigitalRunContestManagerBean.java:459)
	at com.topcoder.service.digitalrun.contest.DigitalRunContestManagerBeanUnitTests.setUp(DigitalRunContestManagerBeanUnitTests.java:51)
	at junit.framework.TestCase.runBare(TestCase.java:125)
	at junit.framework.TestResult$1.protect(TestResult.java:106)
	at junit.framework.TestResult.runProtected(TestResult.java:124)
	at junit.framework.TestResult.run(TestResult.java:109)
	at junit.framework.TestCase.run(TestCase.java:118)
	at junit.framework.TestSuite.runTest(TestSuite.java:208)
	at junit.framework.TestSuite.run(TestSuite.java:203)
	at junit.framework.TestSuite.runTest(TestSuite.java:208)
	at junit.framework.TestSuite.run(TestSuite.java:203)
	at org.apache.tools.ant.taskdefs.optional.junit.JUnitTestRunner.run(JUnitTestRunner.java:297)
	at org.apache.tools.ant.taskdefs.optional.junit.JUnitTestRunner.launch(JUnitTestRunner.java:672)
	at org.apache.tools.ant.taskdefs.optional.junit.JUnitTestRunner.main(JUnitTestRunner.java:567)
com.topcoder.service.digitalrun.contest.MockTrackContestDAO.setSessionContext(javax.ejb.SessionContext)
java.lang.NoSuchMethodException: com.topcoder.service.digitalrun.contest.MockTrackContestDAO.setSessionContext(javax.ejb.SessionContext)
	at java.lang.Class.getMethod(Class.java:1581)
	at com.topcoder.service.digitalrun.contest.DigitalRunContestManagerBean.inject(DigitalRunContestManagerBean.java:490)
	at com.topcoder.service.digitalrun.contest.DigitalRunContestManagerBean.initialize(DigitalRunContestManagerBean.java:461)
	at com.topcoder.service.digitalrun.contest.DigitalRunContestManagerBeanUnitTests.setUp(DigitalRunContestManagerBeanUnitTests.java:51)
	at junit.framework.TestCase.runBare(TestCase.java:125)
	at junit.framework.TestResult$1.protect(TestResult.java:106)
	at junit.framework.TestResult.runProtected(TestResult.java:124)
	at junit.framework.TestResult.run(TestResult.java:109)
	at junit.framework.TestCase.run(TestCase.java:118)
	at junit.framework.TestSuite.runTest(TestSuite.java:208)
	at junit.framework.TestSuite.run(TestSuite.java:203)
	at junit.framework.TestSuite.runTest(TestSuite.java:208)
	at junit.framework.TestSuite.run(TestSuite.java:203)
	at org.apache.tools.ant.taskdefs.optional.junit.JUnitTestRunner.run(JUnitTestRunner.java:297)
	at org.apache.tools.ant.taskdefs.optional.junit.JUnitTestRunner.launch(JUnitTestRunner.java:672)
	at org.apache.tools.ant.taskdefs.optional.junit.JUnitTestRunner.main(JUnitTestRunner.java:567)
com.topcoder.service.digitalrun.contest.MockTrackContestTypeDAO.setSessionContext(javax.ejb.SessionContext)
java.lang.NoSuchMethodException: com.topcoder.service.digitalrun.contest.MockTrackContestTypeDAO.setSessionContext(javax.ejb.SessionContext)
	at java.lang.Class.getMethod(Class.java:1581)
	at com.topcoder.service.digitalrun.contest.DigitalRunContestManagerBean.inject(DigitalRunContestManagerBean.java:490)
	at com.topcoder.service.digitalrun.contest.DigitalRunContestManagerBean.initialize(DigitalRunContestManagerBean.java:462)
	at com.topcoder.service.digitalrun.contest.DigitalRunContestManagerBeanUnitTests.setUp(DigitalRunContestManagerBeanUnitTests.java:51)
	at junit.framework.TestCase.runBare(TestCase.java:125)
	at junit.framework.TestResult$1.protect(TestResult.java:106)
	at junit.framework.TestResult.runProtected(TestResult.java:124)
	at junit.framework.TestResult.run(TestResult.java:109)
	at junit.framework.TestCase.run(TestCase.java:118)
	at junit.framework.TestSuite.runTest(TestSuite.java:208)
	at junit.framework.TestSuite.run(TestSuite.java:203)
	at junit.framework.TestSuite.runTest(TestSuite.java:208)
	at junit.framework.TestSuite.run(TestSuite.java:203)
	at org.apache.tools.ant.taskdefs.optional.junit.JUnitTestRunner.run(JUnitTestRunner.java:297)
	at org.apache.tools.ant.taskdefs.optional.junit.JUnitTestRunner.launch(JUnitTestRunner.java:672)
	at org.apache.tools.ant.taskdefs.optional.junit.JUnitTestRunner.main(JUnitTestRunner.java:567)
com.topcoder.service.digitalrun.contest.MockResultCalculatorDAO.setSessionContext(javax.ejb.SessionContext)
java.lang.NoSuchMethodException: com.topcoder.service.digitalrun.contest.MockResultCalculatorDAO.setSessionContext(javax.ejb.SessionContext)
	at java.lang.Class.getMethod(Class.java:1581)
	at com.topcoder.service.digitalrun.contest.DigitalRunContestManagerBean.inject(DigitalRunContestManagerBean.java:490)
	at com.topcoder.service.digitalrun.contest.DigitalRunContestManagerBean.initialize(DigitalRunContestManagerBean.java:463)
	at com.topcoder.service.digitalrun.contest.DigitalRunContestManagerBeanUnitTests.setUp(DigitalRunContestManagerBeanUnitTests.java:51)
	at junit.framework.TestCase.runBare(TestCase.java:125)
	at junit.framework.TestResult$1.protect(TestResult.java:106)
	at junit.framework.TestResult.runProtected(TestResult.java:124)
	at junit.framework.TestResult.run(TestResult.java:109)
	at junit.framework.TestCase.run(TestCase.java:118)
	at junit.framework.TestSuite.runTest(TestSuite.java:208)
	at junit.framework.TestSuite.run(TestSuite.java:203)
	at junit.framework.TestSuite.runTest(TestSuite.java:208)
	at junit.framework.TestSuite.run(TestSuite.java:203)
	at org.apache.tools.ant.taskdefs.optional.junit.JUnitTestRunner.run(JUnitTestRunner.java:297)
	at org.apache.tools.ant.taskdefs.optional.junit.JUnitTestRunner.launch(JUnitTestRunner.java:672)
	at org.apache.tools.ant.taskdefs.optional.junit.JUnitTestRunner.main(JUnitTestRunner.java:567)
Enter into method [DigitalRunContestManagerBean#updateTrackContestType(TrackContestType)]
mock exception
com.topcoder.service.digitalrun.contest.PersistenceException: mock exception
	at com.topcoder.service.digitalrun.contest.MockTrackContestTypeDAO.updateTrackContestType(MockTrackContestTypeDAO.java:94)
	at com.topcoder.service.digitalrun.contest.DigitalRunContestManagerBean.updateTrackContestType(DigitalRunContestManagerBean.java:740)
	at com.topcoder.service.digitalrun.contest.DigitalRunContestManagerBeanUnitTests.testUpdateTrackContestType(DigitalRunContestManagerBeanUnitTests.java:445)
	at sun.reflect.NativeMethodAccessorImpl.invoke0(Native Method)
	at sun.reflect.NativeMethodAccessorImpl.invoke(NativeMethodAccessorImpl.java:39)
	at sun.reflect.DelegatingMethodAccessorImpl.invoke(DelegatingMethodAccessorImpl.java:25)
	at java.lang.reflect.Method.invoke(Method.java:585)
	at junit.framework.TestCase.runTest(TestCase.java:154)
	at junit.framework.TestCase.runBare(TestCase.java:127)
	at junit.framework.TestResult$1.protect(TestResult.java:106)
	at junit.framework.TestResult.runProtected(TestResult.java:124)
	at junit.framework.TestResult.run(TestResult.java:109)
	at junit.framework.TestCase.run(TestCase.java:118)
	at junit.framework.TestSuite.runTest(TestSuite.java:208)
	at junit.framework.TestSuite.run(TestSuite.java:203)
	at junit.framework.TestSuite.runTest(TestSuite.java:208)
	at junit.framework.TestSuite.run(TestSuite.java:203)
	at org.apache.tools.ant.taskdefs.optional.junit.JUnitTestRunner.run(JUnitTestRunner.java:297)
	at org.apache.tools.ant.taskdefs.optional.junit.JUnitTestRunner.launch(JUnitTestRunner.java:672)
	at org.apache.tools.ant.taskdefs.optional.junit.JUnitTestRunner.main(JUnitTestRunner.java:567)
Exit from method [DigitalRunContestManagerBean#updateTrackContestType(TrackContestType)]
com.topcoder.service.digitalrun.contest.MockTrackContestDAO.setLogger(com.topcoder.util.log.Log)
java.lang.NoSuchMethodException: com.topcoder.service.digitalrun.contest.MockTrackContestDAO.setLogger(com.topcoder.util.log.Log)
	at java.lang.Class.getMethod(Class.java:1581)
	at com.topcoder.service.digitalrun.contest.DigitalRunContestManagerBean.inject(DigitalRunContestManagerBean.java:490)
	at com.topcoder.service.digitalrun.contest.DigitalRunContestManagerBean.initialize(DigitalRunContestManagerBean.java:452)
	at com.topcoder.service.digitalrun.contest.DigitalRunContestManagerBeanUnitTests.setUp(DigitalRunContestManagerBeanUnitTests.java:51)
	at junit.framework.TestCase.runBare(TestCase.java:125)
	at junit.framework.TestResult$1.protect(TestResult.java:106)
	at junit.framework.TestResult.runProtected(TestResult.java:124)
	at junit.framework.TestResult.run(TestResult.java:109)
	at junit.framework.TestCase.run(TestCase.java:118)
	at junit.framework.TestSuite.runTest(TestSuite.java:208)
	at junit.framework.TestSuite.run(TestSuite.java:203)
	at junit.framework.TestSuite.runTest(TestSuite.java:208)
	at junit.framework.TestSuite.run(TestSuite.java:203)
	at org.apache.tools.ant.taskdefs.optional.junit.JUnitTestRunner.run(JUnitTestRunner.java:297)
	at org.apache.tools.ant.taskdefs.optional.junit.JUnitTestRunner.launch(JUnitTestRunner.java:672)
	at org.apache.tools.ant.taskdefs.optional.junit.JUnitTestRunner.main(JUnitTestRunner.java:567)
com.topcoder.service.digitalrun.contest.MockTrackContestTypeDAO.setLogger(com.topcoder.util.log.Log)
java.lang.NoSuchMethodException: com.topcoder.service.digitalrun.contest.MockTrackContestTypeDAO.setLogger(com.topcoder.util.log.Log)
	at java.lang.Class.getMethod(Class.java:1581)
	at com.topcoder.service.digitalrun.contest.DigitalRunContestManagerBean.inject(DigitalRunContestManagerBean.java:490)
	at com.topcoder.service.digitalrun.contest.DigitalRunContestManagerBean.initialize(DigitalRunContestManagerBean.java:453)
	at com.topcoder.service.digitalrun.contest.DigitalRunContestManagerBeanUnitTests.setUp(DigitalRunContestManagerBeanUnitTests.java:51)
	at junit.framework.TestCase.runBare(TestCase.java:125)
	at junit.framework.TestResult$1.protect(TestResult.java:106)
	at junit.framework.TestResult.runProtected(TestResult.java:124)
	at junit.framework.TestResult.run(TestResult.java:109)
	at junit.framework.TestCase.run(TestCase.java:118)
	at junit.framework.TestSuite.runTest(TestSuite.java:208)
	at junit.framework.TestSuite.run(TestSuite.java:203)
	at junit.framework.TestSuite.runTest(TestSuite.java:208)
	at junit.framework.TestSuite.run(TestSuite.java:203)
	at org.apache.tools.ant.taskdefs.optional.junit.JUnitTestRunner.run(JUnitTestRunner.java:297)
	at org.apache.tools.ant.taskdefs.optional.junit.JUnitTestRunner.launch(JUnitTestRunner.java:672)
	at org.apache.tools.ant.taskdefs.optional.junit.JUnitTestRunner.main(JUnitTestRunner.java:567)
com.topcoder.service.digitalrun.contest.MockResultCalculatorDAO.setLogger(com.topcoder.util.log.Log)
java.lang.NoSuchMethodException: com.topcoder.service.digitalrun.contest.MockResultCalculatorDAO.setLogger(com.topcoder.util.log.Log)
	at java.lang.Class.getMethod(Class.java:1581)
	at com.topcoder.service.digitalrun.contest.DigitalRunContestManagerBean.inject(DigitalRunContestManagerBean.java:490)
	at com.topcoder.service.digitalrun.contest.DigitalRunContestManagerBean.initialize(DigitalRunContestManagerBean.java:454)
	at com.topcoder.service.digitalrun.contest.DigitalRunContestManagerBeanUnitTests.setUp(DigitalRunContestManagerBeanUnitTests.java:51)
	at junit.framework.TestCase.runBare(TestCase.java:125)
	at junit.framework.TestResult$1.protect(TestResult.java:106)
	at junit.framework.TestResult.runProtected(TestResult.java:124)
	at junit.framework.TestResult.run(TestResult.java:109)
	at junit.framework.TestCase.run(TestCase.java:118)
	at junit.framework.TestSuite.runTest(TestSuite.java:208)
	at junit.framework.TestSuite.run(TestSuite.java:203)
	at junit.framework.TestSuite.runTest(TestSuite.java:208)
	at junit.framework.TestSuite.run(TestSuite.java:203)
	at org.apache.tools.ant.taskdefs.optional.junit.JUnitTestRunner.run(JUnitTestRunner.java:297)
	at org.apache.tools.ant.taskdefs.optional.junit.JUnitTestRunner.launch(JUnitTestRunner.java:672)
	at org.apache.tools.ant.taskdefs.optional.junit.JUnitTestRunner.main(JUnitTestRunner.java:567)
com.topcoder.service.digitalrun.contest.MockTrackContestDAO.setUnitName(java.lang.String)
java.lang.NoSuchMethodException: com.topcoder.service.digitalrun.contest.MockTrackContestDAO.setUnitName(java.lang.String)
	at java.lang.Class.getMethod(Class.java:1581)
	at com.topcoder.service.digitalrun.contest.DigitalRunContestManagerBean.inject(DigitalRunContestManagerBean.java:490)
	at com.topcoder.service.digitalrun.contest.DigitalRunContestManagerBean.initialize(DigitalRunContestManagerBean.java:457)
	at com.topcoder.service.digitalrun.contest.DigitalRunContestManagerBeanUnitTests.setUp(DigitalRunContestManagerBeanUnitTests.java:51)
	at junit.framework.TestCase.runBare(TestCase.java:125)
	at junit.framework.TestResult$1.protect(TestResult.java:106)
	at junit.framework.TestResult.runProtected(TestResult.java:124)
	at junit.framework.TestResult.run(TestResult.java:109)
	at junit.framework.TestCase.run(TestCase.java:118)
	at junit.framework.TestSuite.runTest(TestSuite.java:208)
	at junit.framework.TestSuite.run(TestSuite.java:203)
	at junit.framework.TestSuite.runTest(TestSuite.java:208)
	at junit.framework.TestSuite.run(TestSuite.java:203)
	at org.apache.tools.ant.taskdefs.optional.junit.JUnitTestRunner.run(JUnitTestRunner.java:297)
	at org.apache.tools.ant.taskdefs.optional.junit.JUnitTestRunner.launch(JUnitTestRunner.java:672)
	at org.apache.tools.ant.taskdefs.optional.junit.JUnitTestRunner.main(JUnitTestRunner.java:567)
com.topcoder.service.digitalrun.contest.MockTrackContestTypeDAO.setUnitName(java.lang.String)
java.lang.NoSuchMethodException: com.topcoder.service.digitalrun.contest.MockTrackContestTypeDAO.setUnitName(java.lang.String)
	at java.lang.Class.getMethod(Class.java:1581)
	at com.topcoder.service.digitalrun.contest.DigitalRunContestManagerBean.inject(DigitalRunContestManagerBean.java:490)
	at com.topcoder.service.digitalrun.contest.DigitalRunContestManagerBean.initialize(DigitalRunContestManagerBean.java:458)
	at com.topcoder.service.digitalrun.contest.DigitalRunContestManagerBeanUnitTests.setUp(DigitalRunContestManagerBeanUnitTests.java:51)
	at junit.framework.TestCase.runBare(TestCase.java:125)
	at junit.framework.TestResult$1.protect(TestResult.java:106)
	at junit.framework.TestResult.runProtected(TestResult.java:124)
	at junit.framework.TestResult.run(TestResult.java:109)
	at junit.framework.TestCase.run(TestCase.java:118)
	at junit.framework.TestSuite.runTest(TestSuite.java:208)
	at junit.framework.TestSuite.run(TestSuite.java:203)
	at junit.framework.TestSuite.runTest(TestSuite.java:208)
	at junit.framework.TestSuite.run(TestSuite.java:203)
	at org.apache.tools.ant.taskdefs.optional.junit.JUnitTestRunner.run(JUnitTestRunner.java:297)
	at org.apache.tools.ant.taskdefs.optional.junit.JUnitTestRunner.launch(JUnitTestRunner.java:672)
	at org.apache.tools.ant.taskdefs.optional.junit.JUnitTestRunner.main(JUnitTestRunner.java:567)
com.topcoder.service.digitalrun.contest.MockResultCalculatorDAO.setUnitName(java.lang.String)
java.lang.NoSuchMethodException: com.topcoder.service.digitalrun.contest.MockResultCalculatorDAO.setUnitName(java.lang.String)
	at java.lang.Class.getMethod(Class.java:1581)
	at com.topcoder.service.digitalrun.contest.DigitalRunContestManagerBean.inject(DigitalRunContestManagerBean.java:490)
	at com.topcoder.service.digitalrun.contest.DigitalRunContestManagerBean.initialize(DigitalRunContestManagerBean.java:459)
	at com.topcoder.service.digitalrun.contest.DigitalRunContestManagerBeanUnitTests.setUp(DigitalRunContestManagerBeanUnitTests.java:51)
	at junit.framework.TestCase.runBare(TestCase.java:125)
	at junit.framework.TestResult$1.protect(TestResult.java:106)
	at junit.framework.TestResult.runProtected(TestResult.java:124)
	at junit.framework.TestResult.run(TestResult.java:109)
	at junit.framework.TestCase.run(TestCase.java:118)
	at junit.framework.TestSuite.runTest(TestSuite.java:208)
	at junit.framework.TestSuite.run(TestSuite.java:203)
	at junit.framework.TestSuite.runTest(TestSuite.java:208)
	at junit.framework.TestSuite.run(TestSuite.java:203)
	at org.apache.tools.ant.taskdefs.optional.junit.JUnitTestRunner.run(JUnitTestRunner.java:297)
	at org.apache.tools.ant.taskdefs.optional.junit.JUnitTestRunner.launch(JUnitTestRunner.java:672)
	at org.apache.tools.ant.taskdefs.optional.junit.JUnitTestRunner.main(JUnitTestRunner.java:567)
com.topcoder.service.digitalrun.contest.MockTrackContestDAO.setSessionContext(javax.ejb.SessionContext)
java.lang.NoSuchMethodException: com.topcoder.service.digitalrun.contest.MockTrackContestDAO.setSessionContext(javax.ejb.SessionContext)
	at java.lang.Class.getMethod(Class.java:1581)
	at com.topcoder.service.digitalrun.contest.DigitalRunContestManagerBean.inject(DigitalRunContestManagerBean.java:490)
	at com.topcoder.service.digitalrun.contest.DigitalRunContestManagerBean.initialize(DigitalRunContestManagerBean.java:461)
	at com.topcoder.service.digitalrun.contest.DigitalRunContestManagerBeanUnitTests.setUp(DigitalRunContestManagerBeanUnitTests.java:51)
	at junit.framework.TestCase.runBare(TestCase.java:125)
	at junit.framework.TestResult$1.protect(TestResult.java:106)
	at junit.framework.TestResult.runProtected(TestResult.java:124)
	at junit.framework.TestResult.run(TestResult.java:109)
	at junit.framework.TestCase.run(TestCase.java:118)
	at junit.framework.TestSuite.runTest(TestSuite.java:208)
	at junit.framework.TestSuite.run(TestSuite.java:203)
	at junit.framework.TestSuite.runTest(TestSuite.java:208)
	at junit.framework.TestSuite.run(TestSuite.java:203)
	at org.apache.tools.ant.taskdefs.optional.junit.JUnitTestRunner.run(JUnitTestRunner.java:297)
	at org.apache.tools.ant.taskdefs.optional.junit.JUnitTestRunner.launch(JUnitTestRunner.java:672)
	at org.apache.tools.ant.taskdefs.optional.junit.JUnitTestRunner.main(JUnitTestRunner.java:567)
com.topcoder.service.digitalrun.contest.MockTrackContestTypeDAO.setSessionContext(javax.ejb.SessionContext)
java.lang.NoSuchMethodException: com.topcoder.service.digitalrun.contest.MockTrackContestTypeDAO.setSessionContext(javax.ejb.SessionContext)
	at java.lang.Class.getMethod(Class.java:1581)
	at com.topcoder.service.digitalrun.contest.DigitalRunContestManagerBean.inject(DigitalRunContestManagerBean.java:490)
	at com.topcoder.service.digitalrun.contest.DigitalRunContestManagerBean.initialize(DigitalRunContestManagerBean.java:462)
	at com.topcoder.service.digitalrun.contest.DigitalRunContestManagerBeanUnitTests.setUp(DigitalRunContestManagerBeanUnitTests.java:51)
	at junit.framework.TestCase.runBare(TestCase.java:125)
	at junit.framework.TestResult$1.protect(TestResult.java:106)
	at junit.framework.TestResult.runProtected(TestResult.java:124)
	at junit.framework.TestResult.run(TestResult.java:109)
	at junit.framework.TestCase.run(TestCase.java:118)
	at junit.framework.TestSuite.runTest(TestSuite.java:208)
	at junit.framework.TestSuite.run(TestSuite.java:203)
	at junit.framework.TestSuite.runTest(TestSuite.java:208)
	at junit.framework.TestSuite.run(TestSuite.java:203)
	at org.apache.tools.ant.taskdefs.optional.junit.JUnitTestRunner.run(JUnitTestRunner.java:297)
	at org.apache.tools.ant.taskdefs.optional.junit.JUnitTestRunner.launch(JUnitTestRunner.java:672)
	at org.apache.tools.ant.taskdefs.optional.junit.JUnitTestRunner.main(JUnitTestRunner.java:567)
com.topcoder.service.digitalrun.contest.MockResultCalculatorDAO.setSessionContext(javax.ejb.SessionContext)
java.lang.NoSuchMethodException: com.topcoder.service.digitalrun.contest.MockResultCalculatorDAO.setSessionContext(javax.ejb.SessionContext)
	at java.lang.Class.getMethod(Class.java:1581)
	at com.topcoder.service.digitalrun.contest.DigitalRunContestManagerBean.inject(DigitalRunContestManagerBean.java:490)
	at com.topcoder.service.digitalrun.contest.DigitalRunContestManagerBean.initialize(DigitalRunContestManagerBean.java:463)
	at com.topcoder.service.digitalrun.contest.DigitalRunContestManagerBeanUnitTests.setUp(DigitalRunContestManagerBeanUnitTests.java:51)
	at junit.framework.TestCase.runBare(TestCase.java:125)
	at junit.framework.TestResult$1.protect(TestResult.java:106)
	at junit.framework.TestResult.runProtected(TestResult.java:124)
	at junit.framework.TestResult.run(TestResult.java:109)
	at junit.framework.TestCase.run(TestCase.java:118)
	at junit.framework.TestSuite.runTest(TestSuite.java:208)
	at junit.framework.TestSuite.run(TestSuite.java:203)
	at junit.framework.TestSuite.runTest(TestSuite.java:208)
	at junit.framework.TestSuite.run(TestSuite.java:203)
	at org.apache.tools.ant.taskdefs.optional.junit.JUnitTestRunner.run(JUnitTestRunner.java:297)
	at org.apache.tools.ant.taskdefs.optional.junit.JUnitTestRunner.launch(JUnitTestRunner.java:672)
	at org.apache.tools.ant.taskdefs.optional.junit.JUnitTestRunner.main(JUnitTestRunner.java:567)
Enter into method [DigitalRunContestManagerBean#getTrackContestType(long)]
mock exception
com.topcoder.service.digitalrun.contest.PersistenceException: mock exception
	at com.topcoder.service.digitalrun.contest.MockTrackContestTypeDAO.getTrackContestType(MockTrackContestTypeDAO.java:64)
	at com.topcoder.service.digitalrun.contest.DigitalRunContestManagerBean.getTrackContestType(DigitalRunContestManagerBean.java:804)
	at com.topcoder.service.digitalrun.contest.DigitalRunContestManagerBeanUnitTests.testGetTrackContestType(DigitalRunContestManagerBeanUnitTests.java:463)
	at sun.reflect.NativeMethodAccessorImpl.invoke0(Native Method)
	at sun.reflect.NativeMethodAccessorImpl.invoke(NativeMethodAccessorImpl.java:39)
	at sun.reflect.DelegatingMethodAccessorImpl.invoke(DelegatingMethodAccessorImpl.java:25)
	at java.lang.reflect.Method.invoke(Method.java:585)
	at junit.framework.TestCase.runTest(TestCase.java:154)
	at junit.framework.TestCase.runBare(TestCase.java:127)
	at junit.framework.TestResult$1.protect(TestResult.java:106)
	at junit.framework.TestResult.runProtected(TestResult.java:124)
	at junit.framework.TestResult.run(TestResult.java:109)
	at junit.framework.TestCase.run(TestCase.java:118)
	at junit.framework.TestSuite.runTest(TestSuite.java:208)
	at junit.framework.TestSuite.run(TestSuite.java:203)
	at junit.framework.TestSuite.runTest(TestSuite.java:208)
	at junit.framework.TestSuite.run(TestSuite.java:203)
	at org.apache.tools.ant.taskdefs.optional.junit.JUnitTestRunner.run(JUnitTestRunner.java:297)
	at org.apache.tools.ant.taskdefs.optional.junit.JUnitTestRunner.launch(JUnitTestRunner.java:672)
	at org.apache.tools.ant.taskdefs.optional.junit.JUnitTestRunner.main(JUnitTestRunner.java:567)
Exit from method [DigitalRunContestManagerBean#getTrackContestType(long)]
com.topcoder.service.digitalrun.contest.MockTrackContestDAO.setLogger(com.topcoder.util.log.Log)
java.lang.NoSuchMethodException: com.topcoder.service.digitalrun.contest.MockTrackContestDAO.setLogger(com.topcoder.util.log.Log)
	at java.lang.Class.getMethod(Class.java:1581)
	at com.topcoder.service.digitalrun.contest.DigitalRunContestManagerBean.inject(DigitalRunContestManagerBean.java:490)
	at com.topcoder.service.digitalrun.contest.DigitalRunContestManagerBean.initialize(DigitalRunContestManagerBean.java:452)
	at com.topcoder.service.digitalrun.contest.DigitalRunContestManagerBeanUnitTests.setUp(DigitalRunContestManagerBeanUnitTests.java:51)
	at junit.framework.TestCase.runBare(TestCase.java:125)
	at junit.framework.TestResult$1.protect(TestResult.java:106)
	at junit.framework.TestResult.runProtected(TestResult.java:124)
	at junit.framework.TestResult.run(TestResult.java:109)
	at junit.framework.TestCase.run(TestCase.java:118)
	at junit.framework.TestSuite.runTest(TestSuite.java:208)
	at junit.framework.TestSuite.run(TestSuite.java:203)
	at junit.framework.TestSuite.runTest(TestSuite.java:208)
	at junit.framework.TestSuite.run(TestSuite.java:203)
	at org.apache.tools.ant.taskdefs.optional.junit.JUnitTestRunner.run(JUnitTestRunner.java:297)
	at org.apache.tools.ant.taskdefs.optional.junit.JUnitTestRunner.launch(JUnitTestRunner.java:672)
	at org.apache.tools.ant.taskdefs.optional.junit.JUnitTestRunner.main(JUnitTestRunner.java:567)
com.topcoder.service.digitalrun.contest.MockTrackContestTypeDAO.setLogger(com.topcoder.util.log.Log)
java.lang.NoSuchMethodException: com.topcoder.service.digitalrun.contest.MockTrackContestTypeDAO.setLogger(com.topcoder.util.log.Log)
	at java.lang.Class.getMethod(Class.java:1581)
	at com.topcoder.service.digitalrun.contest.DigitalRunContestManagerBean.inject(DigitalRunContestManagerBean.java:490)
	at com.topcoder.service.digitalrun.contest.DigitalRunContestManagerBean.initialize(DigitalRunContestManagerBean.java:453)
	at com.topcoder.service.digitalrun.contest.DigitalRunContestManagerBeanUnitTests.setUp(DigitalRunContestManagerBeanUnitTests.java:51)
	at junit.framework.TestCase.runBare(TestCase.java:125)
	at junit.framework.TestResult$1.protect(TestResult.java:106)
	at junit.framework.TestResult.runProtected(TestResult.java:124)
	at junit.framework.TestResult.run(TestResult.java:109)
	at junit.framework.TestCase.run(TestCase.java:118)
	at junit.framework.TestSuite.runTest(TestSuite.java:208)
	at junit.framework.TestSuite.run(TestSuite.java:203)
	at junit.framework.TestSuite.runTest(TestSuite.java:208)
	at junit.framework.TestSuite.run(TestSuite.java:203)
	at org.apache.tools.ant.taskdefs.optional.junit.JUnitTestRunner.run(JUnitTestRunner.java:297)
	at org.apache.tools.ant.taskdefs.optional.junit.JUnitTestRunner.launch(JUnitTestRunner.java:672)
	at org.apache.tools.ant.taskdefs.optional.junit.JUnitTestRunner.main(JUnitTestRunner.java:567)
com.topcoder.service.digitalrun.contest.MockResultCalculatorDAO.setLogger(com.topcoder.util.log.Log)
java.lang.NoSuchMethodException: com.topcoder.service.digitalrun.contest.MockResultCalculatorDAO.setLogger(com.topcoder.util.log.Log)
	at java.lang.Class.getMethod(Class.java:1581)
	at com.topcoder.service.digitalrun.contest.DigitalRunContestManagerBean.inject(DigitalRunContestManagerBean.java:490)
	at com.topcoder.service.digitalrun.contest.DigitalRunContestManagerBean.initialize(DigitalRunContestManagerBean.java:454)
	at com.topcoder.service.digitalrun.contest.DigitalRunContestManagerBeanUnitTests.setUp(DigitalRunContestManagerBeanUnitTests.java:51)
	at junit.framework.TestCase.runBare(TestCase.java:125)
	at junit.framework.TestResult$1.protect(TestResult.java:106)
	at junit.framework.TestResult.runProtected(TestResult.java:124)
	at junit.framework.TestResult.run(TestResult.java:109)
	at junit.framework.TestCase.run(TestCase.java:118)
	at junit.framework.TestSuite.runTest(TestSuite.java:208)
	at junit.framework.TestSuite.run(TestSuite.java:203)
	at junit.framework.TestSuite.runTest(TestSuite.java:208)
	at junit.framework.TestSuite.run(TestSuite.java:203)
	at org.apache.tools.ant.taskdefs.optional.junit.JUnitTestRunner.run(JUnitTestRunner.java:297)
	at org.apache.tools.ant.taskdefs.optional.junit.JUnitTestRunner.launch(JUnitTestRunner.java:672)
	at org.apache.tools.ant.taskdefs.optional.junit.JUnitTestRunner.main(JUnitTestRunner.java:567)
com.topcoder.service.digitalrun.contest.MockTrackContestDAO.setUnitName(java.lang.String)
java.lang.NoSuchMethodException: com.topcoder.service.digitalrun.contest.MockTrackContestDAO.setUnitName(java.lang.String)
	at java.lang.Class.getMethod(Class.java:1581)
	at com.topcoder.service.digitalrun.contest.DigitalRunContestManagerBean.inject(DigitalRunContestManagerBean.java:490)
	at com.topcoder.service.digitalrun.contest.DigitalRunContestManagerBean.initialize(DigitalRunContestManagerBean.java:457)
	at com.topcoder.service.digitalrun.contest.DigitalRunContestManagerBeanUnitTests.setUp(DigitalRunContestManagerBeanUnitTests.java:51)
	at junit.framework.TestCase.runBare(TestCase.java:125)
	at junit.framework.TestResult$1.protect(TestResult.java:106)
	at junit.framework.TestResult.runProtected(TestResult.java:124)
	at junit.framework.TestResult.run(TestResult.java:109)
	at junit.framework.TestCase.run(TestCase.java:118)
	at junit.framework.TestSuite.runTest(TestSuite.java:208)
	at junit.framework.TestSuite.run(TestSuite.java:203)
	at junit.framework.TestSuite.runTest(TestSuite.java:208)
	at junit.framework.TestSuite.run(TestSuite.java:203)
	at org.apache.tools.ant.taskdefs.optional.junit.JUnitTestRunner.run(JUnitTestRunner.java:297)
	at org.apache.tools.ant.taskdefs.optional.junit.JUnitTestRunner.launch(JUnitTestRunner.java:672)
	at org.apache.tools.ant.taskdefs.optional.junit.JUnitTestRunner.main(JUnitTestRunner.java:567)
com.topcoder.service.digitalrun.contest.MockTrackContestTypeDAO.setUnitName(java.lang.String)
java.lang.NoSuchMethodException: com.topcoder.service.digitalrun.contest.MockTrackContestTypeDAO.setUnitName(java.lang.String)
	at java.lang.Class.getMethod(Class.java:1581)
	at com.topcoder.service.digitalrun.contest.DigitalRunContestManagerBean.inject(DigitalRunContestManagerBean.java:490)
	at com.topcoder.service.digitalrun.contest.DigitalRunContestManagerBean.initialize(DigitalRunContestManagerBean.java:458)
	at com.topcoder.service.digitalrun.contest.DigitalRunContestManagerBeanUnitTests.setUp(DigitalRunContestManagerBeanUnitTests.java:51)
	at junit.framework.TestCase.runBare(TestCase.java:125)
	at junit.framework.TestResult$1.protect(TestResult.java:106)
	at junit.framework.TestResult.runProtected(TestResult.java:124)
	at junit.framework.TestResult.run(TestResult.java:109)
	at junit.framework.TestCase.run(TestCase.java:118)
	at junit.framework.TestSuite.runTest(TestSuite.java:208)
	at junit.framework.TestSuite.run(TestSuite.java:203)
	at junit.framework.TestSuite.runTest(TestSuite.java:208)
	at junit.framework.TestSuite.run(TestSuite.java:203)
	at org.apache.tools.ant.taskdefs.optional.junit.JUnitTestRunner.run(JUnitTestRunner.java:297)
	at org.apache.tools.ant.taskdefs.optional.junit.JUnitTestRunner.launch(JUnitTestRunner.java:672)
	at org.apache.tools.ant.taskdefs.optional.junit.JUnitTestRunner.main(JUnitTestRunner.java:567)
com.topcoder.service.digitalrun.contest.MockResultCalculatorDAO.setUnitName(java.lang.String)
java.lang.NoSuchMethodException: com.topcoder.service.digitalrun.contest.MockResultCalculatorDAO.setUnitName(java.lang.String)
	at java.lang.Class.getMethod(Class.java:1581)
	at com.topcoder.service.digitalrun.contest.DigitalRunContestManagerBean.inject(DigitalRunContestManagerBean.java:490)
	at com.topcoder.service.digitalrun.contest.DigitalRunContestManagerBean.initialize(DigitalRunContestManagerBean.java:459)
	at com.topcoder.service.digitalrun.contest.DigitalRunContestManagerBeanUnitTests.setUp(DigitalRunContestManagerBeanUnitTests.java:51)
	at junit.framework.TestCase.runBare(TestCase.java:125)
	at junit.framework.TestResult$1.protect(TestResult.java:106)
	at junit.framework.TestResult.runProtected(TestResult.java:124)
	at junit.framework.TestResult.run(TestResult.java:109)
	at junit.framework.TestCase.run(TestCase.java:118)
	at junit.framework.TestSuite.runTest(TestSuite.java:208)
	at junit.framework.TestSuite.run(TestSuite.java:203)
	at junit.framework.TestSuite.runTest(TestSuite.java:208)
	at junit.framework.TestSuite.run(TestSuite.java:203)
	at org.apache.tools.ant.taskdefs.optional.junit.JUnitTestRunner.run(JUnitTestRunner.java:297)
	at org.apache.tools.ant.taskdefs.optional.junit.JUnitTestRunner.launch(JUnitTestRunner.java:672)
	at org.apache.tools.ant.taskdefs.optional.junit.JUnitTestRunner.main(JUnitTestRunner.java:567)
com.topcoder.service.digitalrun.contest.MockTrackContestDAO.setSessionContext(javax.ejb.SessionContext)
java.lang.NoSuchMethodException: com.topcoder.service.digitalrun.contest.MockTrackContestDAO.setSessionContext(javax.ejb.SessionContext)
	at java.lang.Class.getMethod(Class.java:1581)
	at com.topcoder.service.digitalrun.contest.DigitalRunContestManagerBean.inject(DigitalRunContestManagerBean.java:490)
	at com.topcoder.service.digitalrun.contest.DigitalRunContestManagerBean.initialize(DigitalRunContestManagerBean.java:461)
	at com.topcoder.service.digitalrun.contest.DigitalRunContestManagerBeanUnitTests.setUp(DigitalRunContestManagerBeanUnitTests.java:51)
	at junit.framework.TestCase.runBare(TestCase.java:125)
	at junit.framework.TestResult$1.protect(TestResult.java:106)
	at junit.framework.TestResult.runProtected(TestResult.java:124)
	at junit.framework.TestResult.run(TestResult.java:109)
	at junit.framework.TestCase.run(TestCase.java:118)
	at junit.framework.TestSuite.runTest(TestSuite.java:208)
	at junit.framework.TestSuite.run(TestSuite.java:203)
	at junit.framework.TestSuite.runTest(TestSuite.java:208)
	at junit.framework.TestSuite.run(TestSuite.java:203)
	at org.apache.tools.ant.taskdefs.optional.junit.JUnitTestRunner.run(JUnitTestRunner.java:297)
	at org.apache.tools.ant.taskdefs.optional.junit.JUnitTestRunner.launch(JUnitTestRunner.java:672)
	at org.apache.tools.ant.taskdefs.optional.junit.JUnitTestRunner.main(JUnitTestRunner.java:567)
com.topcoder.service.digitalrun.contest.MockTrackContestTypeDAO.setSessionContext(javax.ejb.SessionContext)
java.lang.NoSuchMethodException: com.topcoder.service.digitalrun.contest.MockTrackContestTypeDAO.setSessionContext(javax.ejb.SessionContext)
	at java.lang.Class.getMethod(Class.java:1581)
	at com.topcoder.service.digitalrun.contest.DigitalRunContestManagerBean.inject(DigitalRunContestManagerBean.java:490)
	at com.topcoder.service.digitalrun.contest.DigitalRunContestManagerBean.initialize(DigitalRunContestManagerBean.java:462)
	at com.topcoder.service.digitalrun.contest.DigitalRunContestManagerBeanUnitTests.setUp(DigitalRunContestManagerBeanUnitTests.java:51)
	at junit.framework.TestCase.runBare(TestCase.java:125)
	at junit.framework.TestResult$1.protect(TestResult.java:106)
	at junit.framework.TestResult.runProtected(TestResult.java:124)
	at junit.framework.TestResult.run(TestResult.java:109)
	at junit.framework.TestCase.run(TestCase.java:118)
	at junit.framework.TestSuite.runTest(TestSuite.java:208)
	at junit.framework.TestSuite.run(TestSuite.java:203)
	at junit.framework.TestSuite.runTest(TestSuite.java:208)
	at junit.framework.TestSuite.run(TestSuite.java:203)
	at org.apache.tools.ant.taskdefs.optional.junit.JUnitTestRunner.run(JUnitTestRunner.java:297)
	at org.apache.tools.ant.taskdefs.optional.junit.JUnitTestRunner.launch(JUnitTestRunner.java:672)
	at org.apache.tools.ant.taskdefs.optional.junit.JUnitTestRunner.main(JUnitTestRunner.java:567)
com.topcoder.service.digitalrun.contest.MockResultCalculatorDAO.setSessionContext(javax.ejb.SessionContext)
java.lang.NoSuchMethodException: com.topcoder.service.digitalrun.contest.MockResultCalculatorDAO.setSessionContext(javax.ejb.SessionContext)
	at java.lang.Class.getMethod(Class.java:1581)
	at com.topcoder.service.digitalrun.contest.DigitalRunContestManagerBean.inject(DigitalRunContestManagerBean.java:490)
	at com.topcoder.service.digitalrun.contest.DigitalRunContestManagerBean.initialize(DigitalRunContestManagerBean.java:463)
	at com.topcoder.service.digitalrun.contest.DigitalRunContestManagerBeanUnitTests.setUp(DigitalRunContestManagerBeanUnitTests.java:51)
	at junit.framework.TestCase.runBare(TestCase.java:125)
	at junit.framework.TestResult$1.protect(TestResult.java:106)
	at junit.framework.TestResult.runProtected(TestResult.java:124)
	at junit.framework.TestResult.run(TestResult.java:109)
	at junit.framework.TestCase.run(TestCase.java:118)
	at junit.framework.TestSuite.runTest(TestSuite.java:208)
	at junit.framework.TestSuite.run(TestSuite.java:203)
	at junit.framework.TestSuite.runTest(TestSuite.java:208)
	at junit.framework.TestSuite.run(TestSuite.java:203)
	at org.apache.tools.ant.taskdefs.optional.junit.JUnitTestRunner.run(JUnitTestRunner.java:297)
	at org.apache.tools.ant.taskdefs.optional.junit.JUnitTestRunner.launch(JUnitTestRunner.java:672)
	at org.apache.tools.ant.taskdefs.optional.junit.JUnitTestRunner.main(JUnitTestRunner.java:567)
Enter into method [DigitalRunContestManagerBean#removeTrackContestType(long)]
mock exception
com.topcoder.service.digitalrun.contest.PersistenceException: mock exception
	at com.topcoder.service.digitalrun.contest.MockTrackContestTypeDAO.removeTrackContestType(MockTrackContestTypeDAO.java:79)
	at com.topcoder.service.digitalrun.contest.DigitalRunContestManagerBean.removeTrackContestType(DigitalRunContestManagerBean.java:777)
	at com.topcoder.service.digitalrun.contest.DigitalRunContestManagerBeanUnitTests.testRemoveTrackContestType(DigitalRunContestManagerBeanUnitTests.java:481)
	at sun.reflect.NativeMethodAccessorImpl.invoke0(Native Method)
	at sun.reflect.NativeMethodAccessorImpl.invoke(NativeMethodAccessorImpl.java:39)
	at sun.reflect.DelegatingMethodAccessorImpl.invoke(DelegatingMethodAccessorImpl.java:25)
	at java.lang.reflect.Method.invoke(Method.java:585)
	at junit.framework.TestCase.runTest(TestCase.java:154)
	at junit.framework.TestCase.runBare(TestCase.java:127)
	at junit.framework.TestResult$1.protect(TestResult.java:106)
	at junit.framework.TestResult.runProtected(TestResult.java:124)
	at junit.framework.TestResult.run(TestResult.java:109)
	at junit.framework.TestCase.run(TestCase.java:118)
	at junit.framework.TestSuite.runTest(TestSuite.java:208)
	at junit.framework.TestSuite.run(TestSuite.java:203)
	at junit.framework.TestSuite.runTest(TestSuite.java:208)
	at junit.framework.TestSuite.run(TestSuite.java:203)
	at org.apache.tools.ant.taskdefs.optional.junit.JUnitTestRunner.run(JUnitTestRunner.java:297)
	at org.apache.tools.ant.taskdefs.optional.junit.JUnitTestRunner.launch(JUnitTestRunner.java:672)
	at org.apache.tools.ant.taskdefs.optional.junit.JUnitTestRunner.main(JUnitTestRunner.java:567)
Exit from method [DigitalRunContestManagerBean#removeTrackContestType(long)]
Hibernate: /* insert com.topcoder.service.digitalrun.entity.PointsCalculator */ insert into points_calculator_lu (class_name, points_calculator_desc, points_calculator_id) values (?, ?, ?)
Hibernate: /* insert com.topcoder.service.digitalrun.entity.TrackStatus */ insert into track_status_lu (track_status_desc, track_status_id) values (?, ?)
Hibernate: /* insert com.topcoder.service.digitalrun.entity.TrackType */ insert into track_type_lu (track_type_desc, track_type_id) values (?, ?)
Hibernate: /* insert com.topcoder.service.digitalrun.entity.Track */ insert into track (track_type_id, track_status_id, points_calculator_id, track_start_date, track_end_date, track_desc, track_id) values (?, ?, ?, ?, ?, ?, ?)
Hibernate: /* insert com.topcoder.service.digitalrun.entity.TrackContestResultCalculator */ insert into track_contest_result_calculator_lu (class_name, track_contest_result_calculator_desc, track_contest_result_calculator_id) values (?, ?, ?)
Hibernate: /* insert com.topcoder.service.digitalrun.entity.TrackContestType */ insert into track_contest_type_lu (track_contest_type_desc, track_contest_type_id) values (?, ?)
Hibernate: /* delete com.topcoder.service.digitalrun.entity.TrackContestResultCalculator */ delete from track_contest_result_calculator_lu where track_contest_result_calculator_id=?
Hibernate: /* delete com.topcoder.service.digitalrun.entity.TrackContestType */ delete from track_contest_type_lu where track_contest_type_id=?
Hibernate: /* delete com.topcoder.service.digitalrun.entity.Track */ delete from track where track_id=?
Hibernate: /* delete com.topcoder.service.digitalrun.entity.PointsCalculator */ delete from points_calculator_lu where points_calculator_id=?
Hibernate: /* delete com.topcoder.service.digitalrun.entity.TrackStatus */ delete from track_status_lu where track_status_id=?
Hibernate: /* delete com.topcoder.service.digitalrun.entity.TrackType */ delete from track_type_lu where track_type_id=?
Hibernate: /* insert com.topcoder.service.digitalrun.entity.PointsCalculator */ insert into points_calculator_lu (class_name, points_calculator_desc, points_calculator_id) values (?, ?, ?)
Hibernate: /* insert com.topcoder.service.digitalrun.entity.TrackStatus */ insert into track_status_lu (track_status_desc, track_status_id) values (?, ?)
Hibernate: /* insert com.topcoder.service.digitalrun.entity.TrackType */ insert into track_type_lu (track_type_desc, track_type_id) values (?, ?)
Hibernate: /* insert com.topcoder.service.digitalrun.entity.Track */ insert into track (track_type_id, track_status_id, points_calculator_id, track_start_date, track_end_date, track_desc, track_id) values (?, ?, ?, ?, ?, ?, ?)
Hibernate: /* insert com.topcoder.service.digitalrun.entity.TrackContestResultCalculator */ insert into track_contest_result_calculator_lu (class_name, track_contest_result_calculator_desc, track_contest_result_calculator_id) values (?, ?, ?)
Hibernate: /* insert com.topcoder.service.digitalrun.entity.TrackContestType */ insert into track_contest_type_lu (track_contest_type_desc, track_contest_type_id) values (?, ?)
Hibernate: /* delete com.topcoder.service.digitalrun.entity.TrackContestResultCalculator */ delete from track_contest_result_calculator_lu where track_contest_result_calculator_id=?
Hibernate: /* delete com.topcoder.service.digitalrun.entity.TrackContestType */ delete from track_contest_type_lu where track_contest_type_id=?
Hibernate: /* delete com.topcoder.service.digitalrun.entity.Track */ delete from track where track_id=?
Hibernate: /* delete com.topcoder.service.digitalrun.entity.PointsCalculator */ delete from points_calculator_lu where points_calculator_id=?
Hibernate: /* delete com.topcoder.service.digitalrun.entity.TrackStatus */ delete from track_status_lu where track_status_id=?
Hibernate: /* delete com.topcoder.service.digitalrun.entity.TrackType */ delete from track_type_lu where track_type_id=?
Hibernate: /* insert com.topcoder.service.digitalrun.entity.PointsCalculator */ insert into points_calculator_lu (class_name, points_calculator_desc, points_calculator_id) values (?, ?, ?)
Hibernate: /* insert com.topcoder.service.digitalrun.entity.TrackStatus */ insert into track_status_lu (track_status_desc, track_status_id) values (?, ?)
Hibernate: /* insert com.topcoder.service.digitalrun.entity.TrackType */ insert into track_type_lu (track_type_desc, track_type_id) values (?, ?)
Hibernate: /* insert com.topcoder.service.digitalrun.entity.Track */ insert into track (track_type_id, track_status_id, points_calculator_id, track_start_date, track_end_date, track_desc, track_id) values (?, ?, ?, ?, ?, ?, ?)
Hibernate: /* insert com.topcoder.service.digitalrun.entity.TrackContestResultCalculator */ insert into track_contest_result_calculator_lu (class_name, track_contest_result_calculator_desc, track_contest_result_calculator_id) values (?, ?, ?)
Hibernate: /* insert com.topcoder.service.digitalrun.entity.TrackContestType */ insert into track_contest_type_lu (track_contest_type_desc, track_contest_type_id) values (?, ?)
Hibernate: /* delete com.topcoder.service.digitalrun.entity.TrackContestResultCalculator */ delete from track_contest_result_calculator_lu where track_contest_result_calculator_id=?
Hibernate: /* delete com.topcoder.service.digitalrun.entity.TrackContestType */ delete from track_contest_type_lu where track_contest_type_id=?
Hibernate: /* delete com.topcoder.service.digitalrun.entity.Track */ delete from track where track_id=?
Hibernate: /* delete com.topcoder.service.digitalrun.entity.PointsCalculator */ delete from points_calculator_lu where points_calculator_id=?
Hibernate: /* delete com.topcoder.service.digitalrun.entity.TrackStatus */ delete from track_status_lu where track_status_id=?
Hibernate: /* delete com.topcoder.service.digitalrun.entity.TrackType */ delete from track_type_lu where track_type_id=?
Hibernate: /* insert com.topcoder.service.digitalrun.entity.PointsCalculator */ insert into points_calculator_lu (class_name, points_calculator_desc, points_calculator_id) values (?, ?, ?)
Hibernate: /* insert com.topcoder.service.digitalrun.entity.TrackStatus */ insert into track_status_lu (track_status_desc, track_status_id) values (?, ?)
Hibernate: /* insert com.topcoder.service.digitalrun.entity.TrackType */ insert into track_type_lu (track_type_desc, track_type_id) values (?, ?)
Hibernate: /* insert com.topcoder.service.digitalrun.entity.Track */ insert into track (track_type_id, track_status_id, points_calculator_id, track_start_date, track_end_date, track_desc, track_id) values (?, ?, ?, ?, ?, ?, ?)
Hibernate: /* delete com.topcoder.service.digitalrun.entity.Track */ delete from track where track_id=?
Hibernate: /* delete com.topcoder.service.digitalrun.entity.PointsCalculator */ delete from points_calculator_lu where points_calculator_id=?
Hibernate: /* delete com.topcoder.service.digitalrun.entity.TrackStatus */ delete from track_status_lu where track_status_id=?
Hibernate: /* delete com.topcoder.service.digitalrun.entity.TrackType */ delete from track_type_lu where track_type_id=?
]]></system-out>
  <system-err><![CDATA[]]></system-err>
</testsuite>
