<?xml version="1.0" encoding="UTF-8" ?>
<testsuite errors="34" failures="0" hostname="LENOVO-PC" name="com.topcoder.service.digitalrun.contest.AllTests" tests="247" time="411.188" timestamp="2008-07-12T06:27:18">
  <properties>
    <property name="component.version.major" value="1" />
    <property name="file.encoding.pkg" value="sun.io" />
    <property name="java.home" value="C:\Program Files\Java\jdk1.5.0_13\jre" />
    <property name="dist_javadocs" value="build/dist/dr_contest_manager-1.0.0/docs/javadocs" />
    <property name="debug" value="off" />
    <property name="build_distdir" value="build/dist" />
    <property name="distfilename" value="dr_contest_manager" />
    <property name="cglib.jar" value="F:\jboss-4.2.2.GA/server/default/lib/cglib.jar" />
    <property name="component.version.micro" value="0" />
    <property name="component.dist.jar" value="build/dist/dr_contest_manager-1.0.0.jar" />
    <property name="java.endorsed.dirs" value="C:\Program Files\Java\jdk1.5.0_13\jre\lib\endorsed" />
    <property name="object_factory.jar" value="e:/tcs/lib/tcs/object_factory/2.1/object_factory.jar" />
    <property name="jboss_config_name" value="default" />
    <property name="sun.os.patch.level" value="Service Pack 2" />
    <property name="design_dist.jar" value="dr_contest_manager_1.0.0_design_dist.jar" />
    <property name="javadocsdir" value="docs/javadocs" />
    <property name="java.vendor.url" value="http://java.sun.com/" />
    <property name="java.version" value="1.5.0_13" />
    <property name="java.vendor.url.bug" value="http://java.sun.com/cgi-bin/bugreport.cgi" />
    <property name="cobertura.datafile" value="log/cobertura.ser" />
    <property name="user.name" value="user" />
    <property name="packagedir" value="com/topcoder/service/digitalrun/contest" />
    <property name="sun.io.unicode.encoding" value="UnicodeLittle" />
    <property name="component_version" value="1.0.0" />
    <property name="sun.jnu.encoding" value="GB18030" />
    <property name="java.runtime.name" value="Java(TM) 2 Runtime Environment, Standard Edition" />
    <property name="target_libdir" value="e:/tcs/lib/tcs" />
    <property name="reports" value="log/reports" />
    <property name="component.jar" value="build/dist/lib/tcs/dr_contest_manager/1.0.0/dr_contest_manager.jar" />
    <property name="java.specification.name" value="Java Platform API Specification" />
    <property name="javamain" value="src/java/main" />
    <property name="user.timezone" value="" />
    <property name="component.version.build" value="1" />
    <property name="path.separator" value=";" />
    <property name="srcdir" value="src" />
    <property name="file.encoding" value="GB18030" />
    <property name="commons-collections.jar" value="F:\jboss-4.2.2.GA/server/default/lib/commons-collections.jar" />
    <property name="ant.file" value="E:\review\20080702\submission-51481-dr_contest_manager_1.0.0_dev_submission\build.xml" />
    <property name="javasrc" value="src/java" />
    <property name="search_builder.jar" value="e:/tcs/lib/tcs/search_builder/1.3.2/search_builder.jar" />
    <property name="instrumented.dir" value="build/instrumented" />
    <property name="component.target" value="1.5" />
    <property name="component.tests.jar" value="build/dist/lib/tcs/dr_contest_manager_tests.jar" />
    <property name="component.ejb.jar" value="build/dist/application/ejb/dr_contest_manager.jar" />
    <property name="java.io.tmpdir" value="C:\DOCUME~1\user\LOCALS~1\Temp\" />
    <property name="user.language" value="zh" />
    <property name="manifest_file_path" value="build/dist/dr_contest_manager-1.0.0/META-INF/" />
    <property name="tcs_checkstyle_config" value="e:/tcs/lib/tcs_checkstyle_config" />
    <property name="line.separator" value="
" />
    <property name="component.name" value="DR Contest Manager" />
    <property name="jboss_libdir" value="F:\jboss-4.2.2.GA/server/default/lib" />
    <property name="verbose" value="no" />
    <property name="manifest_file" value="build/dist/dr_contest_manager-1.0.0/META-INF//MANIFEST.MF" />
    <property name="ant.file.TopCoder Java Generic Build" value="E:\review\20080702\submission-51481-dr_contest_manager_1.0.0_dev_submission\build.xml" />
    <property name="java.vm.info" value="mixed mode, sharing" />
    <property name="component_path" value="dr_contest_manager/1.0.0" />
    <property name="sun.desktop" value="windows" />
    <property name="java.vm.specification.name" value="Java Virtual Machine Specification" />
    <property name="jboss-ejb3x.jar" value="F:\jboss-4.2.2.GA/client/jboss-ejb3x.jar" />
    <property name="dist_coverage" value="build/dist/dr_contest_manager-1.0.0/docs/coverage" />
    <property name="cobertura.datafile.remote" value="F:\jboss-4.2.2.GA/bin/cobertura.ser" />
    <property name="builddir" value="build" />
    <property name="class_associations.jar" value="e:/tcs/lib/tcs/class_associations/1.0/class_associations.jar" />
    <property name="cobertura.dir" value="e:/tcs/lib/cobertura/1.8" />
    <property name="id_generator.jar" value="e:/tcs/lib/tcs/id_generator/3.0/id_generator.jar" />
    <property name="configuration_manager.jar" value="e:/tcs/lib/tcs/configuration_manager/2.1.5/configuration_manager.jar" />
    <property name="javac.encoding" value="UTF-8" />
    <property name="java.awt.printerjob" value="sun.awt.windows.WPrinterJob" />
    <property name="dist_lib" value="build/dist/lib/tcs" />
    <property name="jdbc.informix.jar" value="e:/tcs/lib/jdbc/ifxjdbc.jar" />
    <property name="ejb3-persistence.jar" value="F:\jboss-4.2.2.GA/client/ejb3-persistence.jar" />
    <property name="junit.jar" value="e:/tcs/lib/junit/3.8.2/junit.jar" />
    <property name="configdir" value="conf" />
    <property name="ant.file.Override Macrodef Standard Behaviour Import" value="E:\review\20080702\submission-51481-dr_contest_manager_1.0.0_dev_submission\build-override.xml" />
    <property name="build_tcsdistdir" value="build/dist/dr_contest_manager-1.0.0" />
    <property name="ant.version" value="Apache Ant version 1.7.0 compiled on December 13 2006" />
    <property name="dist_docs" value="build/dist/dr_contest_manager-1.0.0/docs" />
    <property name="test_reflib" value="test_reflib" />
    <property name="testlogdir" value="log" />
    <property name="configuration_api.jar" value="e:/tcs/lib/tcs/configuration_api/1.0/configuration_api.jar" />
    <property name="os.name" value="Windows XP" />
    <property name="java.specification.vendor" value="Sun Microsystems Inc." />
    <property name="xercesImpl.jar" value="F:\jboss-4.2.2.GA/lib/endorsed/xercesImpl.jar" />
    <property name="java.vm.name" value="Java HotSpot(TM) Client VM" />
    <property name="java.library.path" value="C:\Program Files\Java\jdk1.5.0_13\jre\bin;.;C:\WINDOWS\system32;C:\WINDOWS;C:\oraclexe\app\oracle\product\10.2.0\server\bin;C:\Program Files\ThinkPad\Utilities;C:\WINDOWS\system32;C:\WINDOWS;C:\WINDOWS\System32\Wbem;C:\Program Files\Intel\Wireless\Bin\;C:\Program Files\IDM Computer Solutions\UltraEdit-32;E:\tcs\lib\ant\1.7.0\bin;C:\Program Files\Java\jdk1.5.0_13\bin;F:\nettools\nant-0.85\bin;C:\Program Files\Microsoft SQL Server\90\Tools\binn\;F:\javatools\glassfish\bin;C:\Program Files\MySQL\MySQL Server 5.0\bin" />
    <property name="docpackage.jar" value="dr_contest_manager_docs.jar" />
    <property name="ant.java.version" value="1.5" />
    <property name="basedir" value="E:\review\20080702\submission-51481-dr_contest_manager_1.0.0_dev_submission" />
    <property name="java.class.version" value="49.0" />
    <property name="antlr.jar" value="F:\jboss-4.2.2.GA/client/antlr.jar" />
    <property name="ant.home" value="E:\tcs\lib\ant\1.7.0\bin\.." />
    <property name="hibernate3.jar" value="F:\jboss-4.2.2.GA/server/default/lib/hibernate3.jar" />
    <property name="object_factory_configuration_api_plugin.jar" value="e:/tcs/lib/tcs/object_factory_configuration_api_plugin/1.0/object_factory_configuration_api_plugin.jar" />
    <property name="jbossall-client.jar" value="F:\jboss-4.2.2.GA/client/jbossall-client.jar" />
    <property name="log4j.jar" value="F:\jboss-4.2.2.GA/server/default/lib/log4j.jar" />
    <property name="sun.boot.library.path" value="C:\Program Files\Java\jdk1.5.0_13\jre\bin" />
    <property name="ext_libdir" value="e:/tcs/lib" />
    <property name="jboss-jaxrpc.jar" value="F:\jboss-4.2.2.GA/client/jboss-jaxrpc.jar" />
    <property name="hibernate-annotations.jar" value="F:\jboss-4.2.2.GA/server/default/lib/hibernate-annotations.jar" />
    <property name="sun.management.compiler" value="HotSpot Client Compiler" />
    <property name="deploy-dir" value="F:\jboss-4.2.2.GA/server/default/deploy" />
    <property name="java.awt.graphicsenv" value="sun.awt.Win32GraphicsEnvironment" />
    <property name="user.variant" value="" />
    <property name="object_formatter.jar" value="e:/tcs/lib/tcs/object_formatter/1.0/object_formatter.jar" />
    <property name="cobertura.datafile.local" value="log/cobertura_local.ser" />
    <property name="build_targetclassdir" value="build/targetclasses" />
    <property name="docsdir" value="docs" />
    <property name="hibernate-entitymanager.jar" value="F:\jboss-4.2.2.GA/server/default/lib/hibernate-entitymanager.jar" />
    <property name="dev_dist.jar" value="dr_contest_manager_1.0.0_dev_dist.jar" />
    <property name="ant.project.name" value="TopCoder Java Generic Build" />
    <property name="component.version.minor" value="0" />
    <property name="java.vm.specification.version" value="1.0" />
    <property name="component.bootclasspath" value="${java_1_x_bootclasspath}" />
    <property name="component.ejb.dir" value="build/dist/application/ejb" />
    <property name="awt.toolkit" value="sun.awt.windows.WToolkit" />
    <property name="sun.cpu.isalist" value="pentium_pro+mmx pentium_pro pentium+mmx pentium i486 i386 i86" />
    <property name="build_javadocsdir" value="build/docs/javadocs" />
    <property name="java.ext.dirs" value="C:\Program Files\Java\jdk1.5.0_13\jre\lib\ext" />
    <property name="os.version" value="5.1" />
    <property name="user.home" value="C:\Documents and Settings\user" />
    <property name="javadoc.jar" value="javadocs.jar" />
    <property name="libdir" value="../tcs/lib" />
    <property name="build_classdir" value="build/classes" />
    <property name="component.ear" value="build/dist/application/ear/dr_contest_manager.ear" />
    <property name="java.vm.vendor" value="Sun Microsystems Inc." />
    <property name="component.conf.dir" value="build/dist/conf" />
    <property name="component.distfilename" value="dr_contest_manager" />
    <property name="component.package" value="com.topcoder.service.digitalrun.contest" />
    <property name="build_testclassdir" value="build/testClasses" />
    <property name="package" value="com.topcoder.service.digitalrun.contest" />
    <property name="typesafe_enum.jar" value="e:/tcs/lib/tcs/typesafe_enum/1.1/typesafe_enum.jar" />
    <property name="base_exception.jar" value="e:/tcs/lib/tcs/base_exception/2.0/base_exception.jar" />
    <property name="user.dir" value="E:\review\20080702\submission-51481-dr_contest_manager_1.0.0_dev_submission" />
    <property name="component.packagedir" value="com/topcoder/service/digitalrun/contest" />
    <property name="configuration_persistence.jar" value="e:/tcs/lib/tcs/configuration_persistence/1.0.1/configuration_persistence.jar" />
    <property name="data_validation.jar" value="e:/tcs/lib/tcs/data_validation/1.1/data_validation.jar" />
    <property name="sun.cpu.endian" value="little" />
    <property name="ant.file.Dependency Import" value="E:\review\20080702\submission-51481-dr_contest_manager_1.0.0_dev_submission\build-dependencies.xml" />
    <property name="dist_docpackage" value="build/doc_package" />
    <property name="java.vm.version" value="1.5.0_13-b05" />
    <property name="java.class.path" value="E:\review\20080702\submission-51481-dr_contest_manager_1.0.0_dev_submission\build\testClasses;e:\tcs\lib\junit\3.8.2\junit.jar;e:\tcs\lib\easymock\2.3\easymock.jar;e:\tcs\lib\jdbc\ifxjdbc.jar;E:\review\20080702\submission-51481-dr_contest_manager_1.0.0_dev_submission\test_files\SaveCoberturaData.jar;F:\jboss-4.2.2.GA\lib\endorsed\xercesImpl.jar;F:\jboss-4.2.2.GA\client\antlr.jar;F:\jboss-4.2.2.GA\client\jboss-jaxrpc.jar;F:\jboss-4.2.2.GA\server\default\lib\log4j.jar;F:\jboss-4.2.2.GA\server\default\lib\cglib.jar;F:\jboss-4.2.2.GA\server\default\lib\dom4j.jar;F:\jboss-4.2.2.GA\server\default\lib\commons-collections.jar;F:\jboss-4.2.2.GA\server\default\lib\hibernate3.jar;F:\jboss-4.2.2.GA\server\default\lib\hibernate-annotations.jar;F:\jboss-4.2.2.GA\server\default\lib\hibernate-entitymanager.jar;E:\review\20080702\submission-51481-dr_contest_manager_1.0.0_dev_submission\test_files\digital_run_entities.jar;e:\tcs\lib\tcs\base_exception\2.0\base_exception.jar;e:\tcs\lib\tcs\logging_wrapper\2.0\logging_wrapper.jar;e:\tcs\lib\tcs\object_formatter\1.0\object_formatter.jar;e:\tcs\lib\tcs\auditor\2.0.2\auditor.jar;e:\tcs\lib\tcs\search_builder\1.3.2\search_builder.jar;e:\tcs\lib\tcs\configuration_api\1.0\configuration_api.jar;e:\tcs\lib\tcs\configuration_persistence\1.0.1\configuration_persistence.jar;e:\tcs\lib\tcs\object_factory\2.1\object_factory.jar;e:\tcs\lib\tcs\object_factory_config_manager_plugin\1.0\object_factory_config_manager_plugin.jar;e:\tcs\lib\tcs\object_factory_configuration_api_plugin\1.0\object_factory_configuration_api_plugin.jar;e:\tcs\lib\tcs\typesafe_enum\1.1\typesafe_enum.jar;e:\tcs\lib\tcs\data_validation\1.1\data_validation.jar;e:\tcs\lib\tcs\class_associations\1.0\class_associations.jar;e:\tcs\lib\tcs\configuration_manager\2.1.5\configuration_manager.jar;e:\tcs\lib\tcs\id_generator\3.0\id_generator.jar;e:\tcs\lib\tcs\db_connection_factory\1.1\db_connection_factory.jar;F:\jboss-4.2.2.GA\client\jboss-ejb3x.jar;F:\jboss-4.2.2.GA\client\ejb3-persistence.jar;F:\jboss-4.2.2.GA\client\jbossall-client.jar;E:\review\20080702\submission-51481-dr_contest_manager_1.0.0_dev_submission\build\classes;E:\review\20080702\submission-51481-dr_contest_manager_1.0.0_dev_submission\conf;E:\review\20080702\submission-51481-dr_contest_manager_1.0.0_dev_submission\test_files;E:\tcs\lib\ant\1.7.0\lib\ant-launcher.jar;E:\tcs\lib\ant\1.7.0\lib\ant.jar;E:\tcs\lib\ant\1.7.0\lib\ant-junit.jar" />
    <property name="dev_submission.jar" value="dr_contest_manager_1.0.0_dev_submission.jar" />
    <property name="ant.library.dir" value="E:\tcs\lib\ant\1.7.0\lib" />
    <property name="os.arch" value="x86" />
    <property name="checkstyle.dir" value="e:/tcs/lib/checkstyle/4.3" />
    <property name="package.dir" value="build/package" />
    <property name="sun.java.launcher" value="SUN_STANDARD" />
    <property name="object_factory_config_manager_plugin.jar" value="e:/tcs/lib/tcs/object_factory_config_manager_plugin/1.0/object_factory_config_manager_plugin.jar" />
    <property name="component.ear.dir" value="build/dist/application/ear" />
    <property name="easymock.jar" value="e:/tcs/lib/easymock/2.3/easymock.jar" />
    <property name="ant.core.lib" value="E:\tcs\lib\ant\1.7.0\lib\ant.jar" />
    <property name="java.vm.specification.vendor" value="Sun Microsystems Inc." />
    <property name="file.separator" value="\" />
    <property name="java.runtime.version" value="1.5.0_13-b05" />
    <property name="sun.boot.class.path" value="C:\Program Files\Java\jdk1.5.0_13\jre\lib\rt.jar;C:\Program Files\Java\jdk1.5.0_13\jre\lib\i18n.jar;C:\Program Files\Java\jdk1.5.0_13\jre\lib\sunrsasign.jar;C:\Program Files\Java\jdk1.5.0_13\jre\lib\jsse.jar;C:\Program Files\Java\jdk1.5.0_13\jre\lib\jce.jar;C:\Program Files\Java\jdk1.5.0_13\jre\lib\charsets.jar;C:\Program Files\Java\jdk1.5.0_13\jre\classes" />
    <property name="build_docsdir" value="build/docs" />
    <property name="dom4j.jar" value="F:\jboss-4.2.2.GA/server/default/lib/dom4j.jar" />
    <property name="javadoc.locale" value="en_US" />
    <property name="design_submission.jar" value="dr_contest_manager_1.0.0_design_submission.jar" />
    <property name="user.country" value="CN" />
    <property name="tcs_libdir" value="e:/tcs/lib/tcs" />
    <property name="component" value="DR Contest Manager" />
    <property name="logging_wrapper.jar" value="e:/tcs/lib/tcs/logging_wrapper/2.0/logging_wrapper.jar" />
    <property name="java.vendor" value="Sun Microsystems Inc." />
    <property name="auditor.jar" value="e:/tcs/lib/tcs/auditor/2.0.2/auditor.jar" />
    <property name="jboss_home" value="F:\jboss-4.2.2.GA" />
    <property name="db_connection_factory.jar" value="e:/tcs/lib/tcs/db_connection_factory/1.1/db_connection_factory.jar" />
    <property name="java.specification.version" value="1.5" />
    <property name="testfiles" value="test_files" />
    <property name="sun.arch.data.model" value="32" />
    <property name="javatests" value="src/java/tests" />
  </properties>
  <testcase classname="com.topcoder.service.digitalrun.contest.HelperUnitTests" name="testGetChild_NullConfigurationObject" time="0.0" />
  <testcase classname="com.topcoder.service.digitalrun.contest.HelperUnitTests" name="testGetChild_NullChildName" time="0.016" />
  <testcase classname="com.topcoder.service.digitalrun.contest.HelperUnitTests" name="testGetChild_EmptyChildName" time="0.0" />
  <testcase classname="com.topcoder.service.digitalrun.contest.HelperUnitTests" name="testGetChild_ChildNotExist" time="0.0" />
  <testcase classname="com.topcoder.service.digitalrun.contest.HelperUnitTests" name="testGetChild_Acc" time="0.0" />
  <testcase classname="com.topcoder.service.digitalrun.contest.HelperUnitTests" name="testGetConfigString_NullConfigurationObject" time="0.0" />
  <testcase classname="com.topcoder.service.digitalrun.contest.HelperUnitTests" name="testGetConfigString_NullPropertyName" time="0.0" />
  <testcase classname="com.topcoder.service.digitalrun.contest.HelperUnitTests" name="testGetConfigString_EmptyPropertyName" time="0.0" />
  <testcase classname="com.topcoder.service.digitalrun.contest.HelperUnitTests" name="testGetConfigString_ValueNotTypeOfString" time="0.0" />
  <testcase classname="com.topcoder.service.digitalrun.contest.HelperUnitTests" name="testGetConfigString_EmptyValue" time="0.0" />
  <testcase classname="com.topcoder.service.digitalrun.contest.HelperUnitTests" name="testGetConfigString_RequiredPropertyNotExist" time="0.0" />
  <testcase classname="com.topcoder.service.digitalrun.contest.HelperUnitTests" name="testGetConfigString_MultipleValues" time="0.0" />
  <testcase classname="com.topcoder.service.digitalrun.contest.HelperUnitTests" name="testGetConfigString_Acc_1" time="0.0" />
  <testcase classname="com.topcoder.service.digitalrun.contest.HelperUnitTests" name="testGetConfigString_Acc_2" time="0.0" />
  <testcase classname="com.topcoder.service.digitalrun.contest.HelperUnitTests" name="testLookupENC_NotString" time="0.0" />
  <testcase classname="com.topcoder.service.digitalrun.contest.HelperUnitTests" name="testLookupENC_EmptyValue" time="0.0" />
  <testcase classname="com.topcoder.service.digitalrun.contest.HelperUnitTests" name="testGetEntityManager_NotEntityManager" time="0.0" />
  <testcase classname="com.topcoder.service.digitalrun.contest.HelperUnitTests" name="testGetEntityManager_NullObjectBound" time="0.0" />
  <testcase classname="com.topcoder.service.digitalrun.contest.HelperUnitTests" name="testLogEnter_NullLogger" time="0.016" />
  <testcase classname="com.topcoder.service.digitalrun.contest.HelperUnitTests" name="testLogExit_NullLogger" time="0.0" />
  <testcase classname="com.topcoder.service.digitalrun.contest.HelperUnitTests" name="testLogException_NullLogger" time="0.0" />
  <testcase classname="com.topcoder.service.digitalrun.contest.ContestManagerConfigurationExceptionUnitTests" name="testInheritance" time="0.0" />
  <testcase classname="com.topcoder.service.digitalrun.contest.ContestManagerConfigurationExceptionUnitTests" name="testCtor1" time="0.0" />
  <testcase classname="com.topcoder.service.digitalrun.contest.ContestManagerConfigurationExceptionUnitTests" name="testCtor2" time="0.0" />
  <testcase classname="com.topcoder.service.digitalrun.contest.ContestManagerConfigurationExceptionUnitTests" name="testCtor3" time="0.0" />
  <testcase classname="com.topcoder.service.digitalrun.contest.ContestManagerConfigurationExceptionUnitTests" name="testCtor4" time="0.0" />
  <testcase classname="com.topcoder.service.digitalrun.contest.DigitalRunContestManagerExceptionUnitTests" name="testInheritance" time="0.0" />
  <testcase classname="com.topcoder.service.digitalrun.contest.DigitalRunContestManagerExceptionUnitTests" name="testCtor1" time="0.0" />
  <testcase classname="com.topcoder.service.digitalrun.contest.DigitalRunContestManagerExceptionUnitTests" name="testCtor2" time="0.0" />
  <testcase classname="com.topcoder.service.digitalrun.contest.DigitalRunContestManagerExceptionUnitTests" name="testCtor3" time="0.0" />
  <testcase classname="com.topcoder.service.digitalrun.contest.DigitalRunContestManagerExceptionUnitTests" name="testCtor4" time="0.0" />
  <testcase classname="com.topcoder.service.digitalrun.contest.PersistenceExceptionUnitTests" name="testInheritance" time="0.0" />
  <testcase classname="com.topcoder.service.digitalrun.contest.PersistenceExceptionUnitTests" name="testCtor1" time="0.0" />
  <testcase classname="com.topcoder.service.digitalrun.contest.PersistenceExceptionUnitTests" name="testCtor2" time="0.0" />
  <testcase classname="com.topcoder.service.digitalrun.contest.PersistenceExceptionUnitTests" name="testCtor3" time="0.0" />
  <testcase classname="com.topcoder.service.digitalrun.contest.PersistenceExceptionUnitTests" name="testCtor4" time="0.0" />
  <testcase classname="com.topcoder.service.digitalrun.contest.EntityExistsExceptionUnitTests" name="testInheritance" time="0.0" />
  <testcase classname="com.topcoder.service.digitalrun.contest.EntityExistsExceptionUnitTests" name="testCtor1" time="0.0" />
  <testcase classname="com.topcoder.service.digitalrun.contest.EntityExistsExceptionUnitTests" name="testCtor2" time="0.0" />
  <testcase classname="com.topcoder.service.digitalrun.contest.EntityExistsExceptionUnitTests" name="testCtor3" time="0.0" />
  <testcase classname="com.topcoder.service.digitalrun.contest.EntityExistsExceptionUnitTests" name="testCtor4" time="0.0" />
  <testcase classname="com.topcoder.service.digitalrun.contest.EntityNotFoundExceptionUnitTests" name="testInheritance" time="0.0" />
  <testcase classname="com.topcoder.service.digitalrun.contest.EntityNotFoundExceptionUnitTests" name="testCtor1" time="0.0" />
  <testcase classname="com.topcoder.service.digitalrun.contest.EntityNotFoundExceptionUnitTests" name="testCtor2" time="0.0" />
  <testcase classname="com.topcoder.service.digitalrun.contest.EntityNotFoundExceptionUnitTests" name="testCtor3" time="0.0" />
  <testcase classname="com.topcoder.service.digitalrun.contest.EntityNotFoundExceptionUnitTests" name="testCtor4" time="0.0" />
  <testcase classname="com.topcoder.service.digitalrun.contest.audit.interceptors.BaseAuditContestInterceptorUnitTests" name="testConstructor" time="0.0" />
  <testcase classname="com.topcoder.service.digitalrun.contest.audit.interceptors.BaseAuditContestInterceptorUnitTests" name="testInitialize_Acc" time="0.203" />
  <testcase classname="com.topcoder.service.digitalrun.contest.audit.interceptors.BaseAuditContestInterceptorUnitTests" name="testInitialize_NoSuchFile" time="0.0" />
  <testcase classname="com.topcoder.service.digitalrun.contest.audit.interceptors.BaseAuditContestInterceptorUnitTests" name="testInitialize_NoSuchNamespace" time="0.062" />
  <testcase classname="com.topcoder.service.digitalrun.contest.audit.interceptors.BaseAuditContestInterceptorUnitTests" name="testGetEntityManager" time="0.0" />
  <testcase classname="com.topcoder.service.digitalrun.contest.persistence.BaseHibernateDAOUnitTests" name="testConstructor" time="0.0" />
  <testcase classname="com.topcoder.service.digitalrun.contest.persistence.BaseHibernateDAOUnitTests" name="testGetEntityManager" time="0.0" />
  <testcase classname="com.topcoder.service.digitalrun.contest.persistence.BaseHibernateDAOUnitTests" name="testSetAndGetSessionContext" time="0.0" />
  <testcase classname="com.topcoder.service.digitalrun.contest.persistence.BaseHibernateDAOUnitTests" name="testSetAndGetLogger" time="0.0" />
  <testcase classname="com.topcoder.service.digitalrun.contest.persistence.BaseHibernateDAOUnitTests" name="testSetAndGetUnitName" time="0.0" />
  <testcase classname="com.topcoder.service.digitalrun.contest.persistence.BaseHibernateDAOUnitTests" name="testSetSessionContext" time="0.0" />
  <testcase classname="com.topcoder.service.digitalrun.contest.persistence.BaseHibernateDAOUnitTests" name="testSetLogger" time="0.0" />
  <testcase classname="com.topcoder.service.digitalrun.contest.persistence.BaseHibernateDAOUnitTests" name="testSetUnitName_1" time="0.0" />
  <testcase classname="com.topcoder.service.digitalrun.contest.persistence.BaseHibernateDAOUnitTests" name="testSetUnitName_2" time="0.0" />
  <testcase classname="com.topcoder.service.digitalrun.contest.persistence.BaseHibernateDAOUnitTests" name="testCheckNullWithLogging" time="0.0" />
  <testcase classname="com.topcoder.service.digitalrun.contest.persistence.BaseHibernateDAOUnitTests" name="testQueryEntities" time="0.016" />
  <testcase classname="com.topcoder.service.digitalrun.contest.persistence.BaseHibernateDAOUnitTests" name="testFindEntity" time="0.0" />
  <testcase classname="com.topcoder.service.digitalrun.contest.persistence.HibernateContestTrackDAOUnitTests" name="testConstructor_Acc" time="0.141" />
  <testcase classname="com.topcoder.service.digitalrun.contest.persistence.HibernateContestTrackDAOUnitTests" name="testConstructor_NullNamespace" time="0.0" />
  <testcase classname="com.topcoder.service.digitalrun.contest.persistence.HibernateContestTrackDAOUnitTests" name="testConstructor_EmptyNamespace" time="0.0" />
  <testcase classname="com.topcoder.service.digitalrun.contest.persistence.HibernateContestTrackDAOUnitTests" name="testConstructor_NullBundleName" time="0.0" />
  <testcase classname="com.topcoder.service.digitalrun.contest.persistence.HibernateContestTrackDAOUnitTests" name="testConstructor_EmptyBundleName" time="0.0" />
  <testcase classname="com.topcoder.service.digitalrun.contest.persistence.HibernateContestTrackDAOUnitTests" name="testConstructor_NoSuchBundleNamespace" time="0.0" />
  <testcase classname="com.topcoder.service.digitalrun.contest.persistence.HibernateContestTrackDAOUnitTests" name="testConstructor_NoSuchBundleName" time="0.0" />
  <testcase classname="com.topcoder.service.digitalrun.contest.persistence.HibernateContestTrackDAOUnitTests" name="testCreateTrackContest_NullEntity" time="0.0" />
  <testcase classname="com.topcoder.service.digitalrun.contest.persistence.HibernateContestTrackDAOUnitTests" name="testUpdateTrackContest_NullEntity" time="0.0" />
  <testcase classname="com.topcoder.service.digitalrun.contest.persistence.HibernateContestTrackDAOUnitTests" name="testSearchTrackContests_NullFilter" time="0.015" />
  <testcase classname="com.topcoder.service.digitalrun.contest.persistence.HibernateContestTrackDAOUnitTests" name="testSearchTrackContests" time="0.0" />
  <testcase classname="com.topcoder.service.digitalrun.contest.persistence.HibernateContestTrackDAOUnitTests" name="testSearchTrackContests_SearchException" time="0.0" />
  <testcase classname="com.topcoder.service.digitalrun.contest.persistence.HibernateTrackContestTypeDAOUnitTests" name="testConstructor_Acc" time="0.0" />
  <testcase classname="com.topcoder.service.digitalrun.contest.persistence.HibernateTrackContestTypeDAOUnitTests" name="testCreateTrackContestType_NullEntity" time="0.0" />
  <testcase classname="com.topcoder.service.digitalrun.contest.persistence.HibernateTrackContestTypeDAOUnitTests" name="testUpdateTrackContestType_NullEntity" time="0.0" />
  <testcase classname="com.topcoder.service.digitalrun.contest.persistence.HibernateTrackContestResultCalculatorDAOUnitTests" name="testConstructor_Acc" time="0.0" />
  <testcase classname="com.topcoder.service.digitalrun.contest.persistence.HibernateTrackContestResultCalculatorDAOUnitTests" name="testCreateTrackContestResultCalculator_NullEntity" time="0.0" />
  <testcase classname="com.topcoder.service.digitalrun.contest.persistence.HibernateTrackContestResultCalculatorDAOUnitTests" name="testUpdateTrackContestResultCalculator_NullEntity" time="0.0" />
  <testcase classname="com.topcoder.service.digitalrun.contest.ContestFilterFactoryUnitTests" name="testCreateContestIdEqualsFilter_Acc" time="0.0" />
  <testcase classname="com.topcoder.service.digitalrun.contest.ContestFilterFactoryUnitTests" name="testCreateContestIdEqualsFilter_NegativeId" time="0.0" />
  <testcase classname="com.topcoder.service.digitalrun.contest.ContestFilterFactoryUnitTests" name="testCreateContestIdsInFilter_NullArray" time="0.0" />
  <testcase classname="com.topcoder.service.digitalrun.contest.ContestFilterFactoryUnitTests" name="testCreateContestIdsInFilter_EmptyArray" time="0.0" />
  <testcase classname="com.topcoder.service.digitalrun.contest.ContestFilterFactoryUnitTests" name="testCreateContestIdsInFilter_ArrayContainsNegative" time="0.0" />
  <testcase classname="com.topcoder.service.digitalrun.contest.ContestFilterFactoryUnitTests" name="testCreateContestIdsInFilter_Acc" time="0.0" />
  <testcase classname="com.topcoder.service.digitalrun.contest.ContestFilterFactoryUnitTests" name="testCreateContestTypeIdEqualsFilter_Acc" time="0.0" />
  <testcase classname="com.topcoder.service.digitalrun.contest.ContestFilterFactoryUnitTests" name="testCreateContestTypeIdEqualsFilter_NegativeId" time="0.0" />
  <testcase classname="com.topcoder.service.digitalrun.contest.ContestFilterFactoryUnitTests" name="testCreateContestTypeIdsInFilter_NullArray" time="0.0" />
  <testcase classname="com.topcoder.service.digitalrun.contest.ContestFilterFactoryUnitTests" name="testCreateContestTypeIdsInFilter_EmptyArray" time="0.0" />
  <testcase classname="com.topcoder.service.digitalrun.contest.ContestFilterFactoryUnitTests" name="testCreateContestTypeIdsInFilter_ArrayContainsNegative" time="0.0" />
  <testcase classname="com.topcoder.service.digitalrun.contest.ContestFilterFactoryUnitTests" name="testCreateContestTypeIdsInFilter_Acc" time="0.0" />
  <testcase classname="com.topcoder.service.digitalrun.contest.ContestFilterFactoryUnitTests" name="testCreateTrackIdEqualsFilter_Acc" time="0.0" />
  <testcase classname="com.topcoder.service.digitalrun.contest.ContestFilterFactoryUnitTests" name="testCreateTrackIdEqualsFilter_NegativeId" time="0.0" />
  <testcase classname="com.topcoder.service.digitalrun.contest.ContestFilterFactoryUnitTests" name="testCreateTrackIdsInFilter_NullArray" time="0.0" />
  <testcase classname="com.topcoder.service.digitalrun.contest.ContestFilterFactoryUnitTests" name="testCreateTrackIdsInFilter_EmptyArray" time="0.0" />
  <testcase classname="com.topcoder.service.digitalrun.contest.ContestFilterFactoryUnitTests" name="testCreateTrackIdsInFilter_ArrayContainsNegative" time="0.0" />
  <testcase classname="com.topcoder.service.digitalrun.contest.ContestFilterFactoryUnitTests" name="testCreateTrackIdsInFilter_Acc" time="0.0" />
  <testcase classname="com.topcoder.service.digitalrun.contest.ContestFilterFactoryUnitTests" name="testCreateAndFilter_1_Acc" time="0.0" />
  <testcase classname="com.topcoder.service.digitalrun.contest.ContestFilterFactoryUnitTests" name="testCreateAndFilter_1_NullArray" time="0.0" />
  <testcase classname="com.topcoder.service.digitalrun.contest.ContestFilterFactoryUnitTests" name="testCreateAndFilter_1_ArrayContainsNull" time="0.0" />
  <testcase classname="com.topcoder.service.digitalrun.contest.ContestFilterFactoryUnitTests" name="testCreateAndFilter_2_Acc" time="0.0" />
  <testcase classname="com.topcoder.service.digitalrun.contest.ContestFilterFactoryUnitTests" name="testCreateAndFilter_2_FirstNull" time="0.0" />
  <testcase classname="com.topcoder.service.digitalrun.contest.ContestFilterFactoryUnitTests" name="testCreateAndFilter_2_SecondNull" time="0.0" />
  <testcase classname="com.topcoder.service.digitalrun.contest.ContestFilterFactoryUnitTests" name="testCreateOrFilter_1_Acc" time="0.0" />
  <testcase classname="com.topcoder.service.digitalrun.contest.ContestFilterFactoryUnitTests" name="testCreateOrFilter_1_NullArray" time="0.0" />
  <testcase classname="com.topcoder.service.digitalrun.contest.ContestFilterFactoryUnitTests" name="testCreateOrFilter_1_ArrayContainsNull" time="0.0" />
  <testcase classname="com.topcoder.service.digitalrun.contest.ContestFilterFactoryUnitTests" name="testCreateOrFilter_2_Acc" time="0.0" />
  <testcase classname="com.topcoder.service.digitalrun.contest.ContestFilterFactoryUnitTests" name="testCreateOrFilter_2_FirstNull" time="0.0" />
  <testcase classname="com.topcoder.service.digitalrun.contest.ContestFilterFactoryUnitTests" name="testCreateOrFilter_2_SecondNull" time="0.0" />
  <testcase classname="com.topcoder.service.digitalrun.contest.ContestFilterFactoryUnitTests" name="testCreateNotFilter_NullFilter" time="0.0" />
  <testcase classname="com.topcoder.service.digitalrun.contest.ContestFilterFactoryUnitTests" name="testCreateNotFilter_Acc" time="0.0" />
  <testcase classname="com.topcoder.service.digitalrun.contest.ContestFilterFactoryUnitTests" name="testCreateContestDescriptionEqualsFilter_Acc" time="0.0" />
  <testcase classname="com.topcoder.service.digitalrun.contest.ContestFilterFactoryUnitTests" name="testCreateContestDescriptionEqualsFilter_NullString" time="0.0" />
  <testcase classname="com.topcoder.service.digitalrun.contest.ContestFilterFactoryUnitTests" name="testCreateContestDescriptionEqualsFilter_EmptyString" time="0.0" />
  <testcase classname="com.topcoder.service.digitalrun.contest.ContestFilterFactoryUnitTests" name="testCreateContestDescriptionLikeFilter_Acc" time="0.0" />
  <testcase classname="com.topcoder.service.digitalrun.contest.ContestFilterFactoryUnitTests" name="testCreateContestDescriptionLikeFilter_NullString" time="0.0" />
  <testcase classname="com.topcoder.service.digitalrun.contest.ContestFilterFactoryUnitTests" name="testCreateContestDescriptionLikeFilter_EmptyString" time="0.0" />
  <testcase classname="com.topcoder.service.digitalrun.contest.ContestFilterFactoryUnitTests" name="testCreateContestDescriptionInFilter_NullArray" time="0.0" />
  <testcase classname="com.topcoder.service.digitalrun.contest.ContestFilterFactoryUnitTests" name="testCreateContestDescriptionInFilter_EmptyArray" time="0.0" />
  <testcase classname="com.topcoder.service.digitalrun.contest.ContestFilterFactoryUnitTests" name="testCreateContestDescriptionInFilter_ArrayContainsNull" time="0.0" />
  <testcase classname="com.topcoder.service.digitalrun.contest.ContestFilterFactoryUnitTests" name="testCreateContestDescriptionInFilter_ArrayContainsEmpty" time="0.0" />
  <testcase classname="com.topcoder.service.digitalrun.contest.ContestFilterFactoryUnitTests" name="testCreateContestDescriptionInFilter_Acc" time="0.0" />
  <testcase classname="com.topcoder.service.digitalrun.contest.DigitalRunContestManagerBeanUnitTests" name="testConstructor" time="0.063" />
  <testcase classname="com.topcoder.service.digitalrun.contest.DigitalRunContestManagerBeanUnitTests" name="testInitialize_Acc" time="0.375" />
  <testcase classname="com.topcoder.service.digitalrun.contest.DigitalRunContestManagerBeanUnitTests" name="testInitialize_NoSuchFile" time="0.078" />
  <testcase classname="com.topcoder.service.digitalrun.contest.DigitalRunContestManagerBeanUnitTests" name="testInitialize_NoSuchNamespace" time="0.11" />
  <testcase classname="com.topcoder.service.digitalrun.contest.DigitalRunContestManagerBeanUnitTests" name="testSearchTrackContests" time="0.047" />
  <testcase classname="com.topcoder.service.digitalrun.contest.DigitalRunContestManagerBeanUnitTests" name="testInitialize_ClassCastException" time="0.218" />
  <testcase classname="com.topcoder.service.digitalrun.contest.DigitalRunContestManagerBeanUnitTests" name="testInitialize_ExceptionWhileInjection" time="0.157" />
  <testcase classname="com.topcoder.service.digitalrun.contest.DigitalRunContestManagerBeanUnitTests" name="testCreateTrackContest" time="0.031" />
  <testcase classname="com.topcoder.service.digitalrun.contest.DigitalRunContestManagerBeanUnitTests" name="testUpdateTrackContest" time="0.062" />
  <testcase classname="com.topcoder.service.digitalrun.contest.DigitalRunContestManagerBeanUnitTests" name="testGetTrackContest" time="0.032" />
  <testcase classname="com.topcoder.service.digitalrun.contest.DigitalRunContestManagerBeanUnitTests" name="testRemoveTrackContest" time="0.047" />
  <testcase classname="com.topcoder.service.digitalrun.contest.DigitalRunContestManagerBeanUnitTests" name="testGetAllTrackContestResultCalculators" time="0.046" />
  <testcase classname="com.topcoder.service.digitalrun.contest.DigitalRunContestManagerBeanUnitTests" name="testCreateTrackContestResultCalculator" time="0.063" />
  <testcase classname="com.topcoder.service.digitalrun.contest.DigitalRunContestManagerBeanUnitTests" name="testUpdateTrackContestResultCalculator" time="0.031" />
  <testcase classname="com.topcoder.service.digitalrun.contest.DigitalRunContestManagerBeanUnitTests" name="testGetTrackContestResultCalculator" time="0.047" />
  <testcase classname="com.topcoder.service.digitalrun.contest.DigitalRunContestManagerBeanUnitTests" name="testRemoveTrackContestResultCalculator" time="0.031" />
  <testcase classname="com.topcoder.service.digitalrun.contest.DigitalRunContestManagerBeanUnitTests" name="testGetAllTrackContestTypes" time="0.047" />
  <testcase classname="com.topcoder.service.digitalrun.contest.DigitalRunContestManagerBeanUnitTests" name="testCreateTrackContestType" time="0.031" />
  <testcase classname="com.topcoder.service.digitalrun.contest.DigitalRunContestManagerBeanUnitTests" name="testUpdateTrackContestType" time="0.047" />
  <testcase classname="com.topcoder.service.digitalrun.contest.DigitalRunContestManagerBeanUnitTests" name="testGetTrackContestType" time="0.032" />
  <testcase classname="com.topcoder.service.digitalrun.contest.DigitalRunContestManagerBeanUnitTests" name="testRemoveTrackContestType" time="0.031" />
  <testcase classname="com.topcoder.service.digitalrun.contest.DigitalRunContestManagerBeanTestAcc" name="testTrackContest_Acc" time="44.047">
    <error message="org.hibernate.exception.JDBCConnectionException: Cannot open connection" type="javax.persistence.PersistenceException">javax.persistence.PersistenceException: org.hibernate.exception.JDBCConnectionException: Cannot open connection
	at org.hibernate.ejb.AbstractEntityManagerImpl.throwPersistenceException(AbstractEntityManagerImpl.java:629)
	at org.hibernate.ejb.TransactionImpl.begin(TransactionImpl.java:41)
	at com.topcoder.service.digitalrun.contest.BaseTestCase.persist(BaseTestCase.java:184)
	at com.topcoder.service.digitalrun.contest.DigitalRunContestManagerBeanTestAcc.testTrackContest_Acc(DigitalRunContestManagerBeanTestAcc.java:38)
Caused by: org.hibernate.exception.JDBCConnectionException: Cannot open connection
	at org.hibernate.exception.SQLStateConverter.convert(SQLStateConverter.java:74)
	at org.hibernate.exception.JDBCExceptionHelper.convert(JDBCExceptionHelper.java:43)
	at org.hibernate.exception.JDBCExceptionHelper.convert(JDBCExceptionHelper.java:29)
	at org.hibernate.jdbc.ConnectionManager.openConnection(ConnectionManager.java:426)
	at org.hibernate.jdbc.ConnectionManager.getConnection(ConnectionManager.java:144)
	at org.hibernate.jdbc.JDBCContext.connection(JDBCContext.java:119)
	at org.hibernate.transaction.JDBCTransaction.begin(JDBCTransaction.java:57)
	at org.hibernate.impl.SessionImpl.beginTransaction(SessionImpl.java:1326)
	at org.hibernate.ejb.TransactionImpl.begin(TransactionImpl.java:38)
Caused by: java.sql.SQLException: com.informix.asf.IfxASFException: Attempt to connect to database server (topcoder) failed.
	at com.informix.jdbc.IfxSqliConnect.&lt;init&gt;(IfxSqliConnect.java:1026)
	at java.lang.reflect.Constructor.newInstance(Constructor.java:494)
	at com.informix.jdbc.IfxDriver.connect(IfxDriver.java:254)
	at java.sql.DriverManager.getConnection(DriverManager.java:525)
	at java.sql.DriverManager.getConnection(DriverManager.java:140)
	at org.hibernate.connection.DriverManagerConnectionProvider.getConnection(DriverManagerConnectionProvider.java:110)
	at org.hibernate.jdbc.ConnectionManager.openConnection(ConnectionManager.java:423)
</error>
  </testcase>
  <testcase classname="com.topcoder.service.digitalrun.contest.DigitalRunContestManagerBeanTestAcc" name="testTrackContestType_Acc" time="22.828">
    <error message="Persistence error occurs while creating track contest type." type="com.topcoder.service.digitalrun.contest.DigitalRunContestManagerException">com.topcoder.service.digitalrun.contest.DigitalRunContestManagerException: Persistence error occurs while creating track contest type.
	at com.topcoder.service.digitalrun.contest.DigitalRunContestManagerBean.createTrackContestType(DigitalRunContestManagerBean.java:710)
	at org.jboss.aop.joinpoint.MethodInvocation.invokeNext(MethodInvocation.java:112)
	at org.jboss.ejb3.interceptor.InvocationContextImpl.proceed(InvocationContextImpl.java:166)
	at org.jboss.ejb3.interceptor.EJB3InterceptorsInterceptor.invoke(EJB3InterceptorsInterceptor.java:63)
	at org.jboss.aop.joinpoint.MethodInvocation.invokeNext(MethodInvocation.java:101)
	at org.jboss.ejb3.entity.TransactionScopedEntityManagerInterceptor.invoke(TransactionScopedEntityManagerInterceptor.java:54)
	at org.jboss.aop.joinpoint.MethodInvocation.invokeNext(MethodInvocation.java:101)
	at org.jboss.ejb3.AllowedOperationsInterceptor.invoke(AllowedOperationsInterceptor.java:47)
	at org.jboss.aop.joinpoint.MethodInvocation.invokeNext(MethodInvocation.java:101)
	at org.jboss.aspects.tx.TxPolicy.invokeInOurTx(TxPolicy.java:79)
	at org.jboss.aspects.tx.TxInterceptor$Required.invoke(TxInterceptor.java:191)
	at org.jboss.aop.joinpoint.MethodInvocation.invokeNext(MethodInvocation.java:101)
	at org.jboss.aspects.tx.TxPropagationInterceptor.invoke(TxPropagationInterceptor.java:95)
	at org.jboss.aop.joinpoint.MethodInvocation.invokeNext(MethodInvocation.java:101)
	at org.jboss.ejb3.stateless.StatelessInstanceInterceptor.invoke(StatelessInstanceInterceptor.java:62)
	at org.jboss.aop.joinpoint.MethodInvocation.invokeNext(MethodInvocation.java:101)
	at org.jboss.aspects.security.AuthenticationInterceptor.invoke(AuthenticationInterceptor.java:77)
	at org.jboss.ejb3.security.Ejb3AuthenticationInterceptor.invoke(Ejb3AuthenticationInterceptor.java:110)
	at org.jboss.aop.joinpoint.MethodInvocation.invokeNext(MethodInvocation.java:101)
	at org.jboss.ejb3.ENCPropagationInterceptor.invoke(ENCPropagationInterceptor.java:46)
	at org.jboss.aop.joinpoint.MethodInvocation.invokeNext(MethodInvocation.java:101)
	at org.jboss.ejb3.asynchronous.AsynchronousInterceptor.invoke(AsynchronousInterceptor.java:106)
	at org.jboss.aop.joinpoint.MethodInvocation.invokeNext(MethodInvocation.java:101)
	at org.jboss.ejb3.stateless.StatelessContainer.dynamicInvoke(StatelessContainer.java:304)
	at org.jboss.aop.Dispatcher.invoke(Dispatcher.java:106)
	at org.jboss.aspects.remoting.AOPRemotingInvocationHandler.invoke(AOPRemotingInvocationHandler.java:82)
	at org.jboss.remoting.ServerInvoker.invoke(ServerInvoker.java:769)
	at org.jboss.remoting.transport.socket.ServerThread.processInvocation(ServerThread.java:573)
	at org.jboss.remoting.transport.socket.ServerThread.dorun(ServerThread.java:373)
	at org.jboss.remoting.transport.socket.ServerThread.run(ServerThread.java:166)
Caused by: com.topcoder.service.digitalrun.contest.PersistenceException: org.hibernate.exception.GenericJDBCException: Cannot open connection
	at com.topcoder.service.digitalrun.contest.persistence.BaseHibernateDAO.findEntity(BaseHibernateDAO.java:358)
	at com.topcoder.service.digitalrun.contest.persistence.BaseHibernateDAO.errorIfEntityExists(BaseHibernateDAO.java:250)
	at com.topcoder.service.digitalrun.contest.persistence.HibernateTrackContestTypeDAO.createTrackContestType(HibernateTrackContestTypeDAO.java:96)
	at com.topcoder.service.digitalrun.contest.DigitalRunContestManagerBean.createTrackContestType(DigitalRunContestManagerBean.java:708)
	at org.jboss.aop.joinpoint.MethodInvocation.invokeNext(MethodInvocation.java:112)
	at org.jboss.ejb3.interceptor.InvocationContextImpl.proceed(InvocationContextImpl.java:166)
	at org.jboss.ejb3.interceptor.EJB3InterceptorsInterceptor.invoke(EJB3InterceptorsInterceptor.java:63)
	at org.jboss.aop.joinpoint.MethodInvocation.invokeNext(MethodInvocation.java:101)
	at org.jboss.ejb3.entity.TransactionScopedEntityManagerInterceptor.invoke(TransactionScopedEntityManagerInterceptor.java:54)
	at org.jboss.aop.joinpoint.MethodInvocation.invokeNext(MethodInvocation.java:101)
	at org.jboss.ejb3.AllowedOperationsInterceptor.invoke(AllowedOperationsInterceptor.java:47)
	at org.jboss.aop.joinpoint.MethodInvocation.invokeNext(MethodInvocation.java:101)
	at org.jboss.aspects.tx.TxPolicy.invokeInOurTx(TxPolicy.java:79)
	at org.jboss.aspects.tx.TxInterceptor$Required.invoke(TxInterceptor.java:191)
	at org.jboss.aop.joinpoint.MethodInvocation.invokeNext(MethodInvocation.java:101)
	at org.jboss.aspects.tx.TxPropagationInterceptor.invoke(TxPropagationInterceptor.java:95)
	at org.jboss.aop.joinpoint.MethodInvocation.invokeNext(MethodInvocation.java:101)
	at org.jboss.ejb3.stateless.StatelessInstanceInterceptor.invoke(StatelessInstanceInterceptor.java:62)
	at org.jboss.aop.joinpoint.MethodInvocation.invokeNext(MethodInvocation.java:101)
	at org.jboss.aspects.security.AuthenticationInterceptor.invoke(AuthenticationInterceptor.java:77)
	at org.jboss.ejb3.security.Ejb3AuthenticationInterceptor.invoke(Ejb3AuthenticationInterceptor.java:110)
	at org.jboss.aop.joinpoint.MethodInvocation.invokeNext(MethodInvocation.java:101)
	at org.jboss.ejb3.ENCPropagationInterceptor.invoke(ENCPropagationInterceptor.java:46)
	at org.jboss.aop.joinpoint.MethodInvocation.invokeNext(MethodInvocation.java:101)
	at org.jboss.ejb3.asynchronous.AsynchronousInterceptor.invoke(AsynchronousInterceptor.java:106)
	at org.jboss.aop.joinpoint.MethodInvocation.invokeNext(MethodInvocation.java:101)
	at org.jboss.ejb3.stateless.StatelessContainer.dynamicInvoke(StatelessContainer.java:304)
	at org.jboss.aop.Dispatcher.invoke(Dispatcher.java:106)
	at org.jboss.aspects.remoting.AOPRemotingInvocationHandler.invoke(AOPRemotingInvocationHandler.java:82)
	at org.jboss.remoting.ServerInvoker.invoke(ServerInvoker.java:769)
	at org.jboss.remoting.transport.socket.ServerThread.processInvocation(ServerThread.java:573)
	at org.jboss.remoting.transport.socket.ServerThread.dorun(ServerThread.java:373)
	at org.jboss.remoting.transport.socket.ServerThread.run(ServerThread.java:166)
	at org.jboss.remoting.MicroRemoteClientInvoker.invoke(MicroRemoteClientInvoker.java:163)
	at org.jboss.remoting.Client.invoke(Client.java:1634)
	at org.jboss.remoting.Client.invoke(Client.java:548)
	at org.jboss.aspects.remoting.InvokeRemoteInterceptor.invoke(InvokeRemoteInterceptor.java:62)
	at org.jboss.aop.joinpoint.MethodInvocation.invokeNext(MethodInvocation.java:101)
	at org.jboss.aspects.tx.ClientTxPropagationInterceptor.invoke(ClientTxPropagationInterceptor.java:67)
	at org.jboss.aop.joinpoint.MethodInvocation.invokeNext(MethodInvocation.java:101)
	at org.jboss.aspects.security.SecurityClientInterceptor.invoke(SecurityClientInterceptor.java:53)
	at org.jboss.aop.joinpoint.MethodInvocation.invokeNext(MethodInvocation.java:101)
	at org.jboss.ejb3.remoting.IsLocalInterceptor.invoke(IsLocalInterceptor.java:74)
	at org.jboss.aop.joinpoint.MethodInvocation.invokeNext(MethodInvocation.java:101)
	at org.jboss.ejb3.stateless.StatelessRemoteProxy.invoke(StatelessRemoteProxy.java:107)
	at $Proxy7.createTrackContestType(Unknown Source)
	at com.topcoder.service.digitalrun.contest.DigitalRunContestManagerBeanTestAcc.testTrackContestType_Acc(DigitalRunContestManagerBeanTestAcc.java:98)
	at org.jboss.aspects.remoting.InvokeRemoteInterceptor.invoke(InvokeRemoteInterceptor.java:74)
	at org.jboss.aop.joinpoint.MethodInvocation.invokeNext(MethodInvocation.java:101)
	at org.jboss.aspects.tx.ClientTxPropagationInterceptor.invoke(ClientTxPropagationInterceptor.java:67)
	at org.jboss.aop.joinpoint.MethodInvocation.invokeNext(MethodInvocation.java:101)
	at org.jboss.aspects.security.SecurityClientInterceptor.invoke(SecurityClientInterceptor.java:53)
	at org.jboss.aop.joinpoint.MethodInvocation.invokeNext(MethodInvocation.java:101)
	at org.jboss.ejb3.remoting.IsLocalInterceptor.invoke(IsLocalInterceptor.java:74)
	at org.jboss.aop.joinpoint.MethodInvocation.invokeNext(MethodInvocation.java:101)
	at org.jboss.ejb3.stateless.StatelessRemoteProxy.invoke(StatelessRemoteProxy.java:107)
	at $Proxy7.createTrackContestType(Unknown Source)
	at com.topcoder.service.digitalrun.contest.DigitalRunContestManagerBeanTestAcc.testTrackContestType_Acc(DigitalRunContestManagerBeanTestAcc.java:98)
Caused by: javax.persistence.PersistenceException: org.hibernate.exception.GenericJDBCException: Cannot open connection
	at org.hibernate.ejb.AbstractEntityManagerImpl.throwPersistenceException(AbstractEntityManagerImpl.java:629)
	at org.hibernate.ejb.AbstractEntityManagerImpl.find(AbstractEntityManagerImpl.java:194)
	at org.jboss.ejb3.entity.TransactionScopedEntityManager.find(TransactionScopedEntityManager.java:171)
	at com.topcoder.service.digitalrun.contest.persistence.BaseHibernateDAO.findEntity(BaseHibernateDAO.java:355)
	at com.topcoder.service.digitalrun.contest.persistence.BaseHibernateDAO.errorIfEntityExists(BaseHibernateDAO.java:250)
	at com.topcoder.service.digitalrun.contest.persistence.HibernateTrackContestTypeDAO.createTrackContestType(HibernateTrackContestTypeDAO.java:96)
	at com.topcoder.service.digitalrun.contest.DigitalRunContestManagerBean.createTrackContestType(DigitalRunContestManagerBean.java:708)
	at org.jboss.aop.joinpoint.MethodInvocation.invokeNext(MethodInvocation.java:112)
	at org.jboss.ejb3.interceptor.InvocationContextImpl.proceed(InvocationContextImpl.java:166)
	at org.jboss.ejb3.interceptor.EJB3InterceptorsInterceptor.invoke(EJB3InterceptorsInterceptor.java:63)
	at org.jboss.aop.joinpoint.MethodInvocation.invokeNext(MethodInvocation.java:101)
	at org.jboss.ejb3.entity.TransactionScopedEntityManagerInterceptor.invoke(TransactionScopedEntityManagerInterceptor.java:54)
	at org.jboss.aop.joinpoint.MethodInvocation.invokeNext(MethodInvocation.java:101)
	at org.jboss.ejb3.AllowedOperationsInterceptor.invoke(AllowedOperationsInterceptor.java:47)
	at org.jboss.aop.joinpoint.MethodInvocation.invokeNext(MethodInvocation.java:101)
	at org.jboss.aspects.tx.TxPolicy.invokeInOurTx(TxPolicy.java:79)
	at org.jboss.aspects.tx.TxInterceptor$Required.invoke(TxInterceptor.java:191)
	at org.jboss.aop.joinpoint.MethodInvocation.invokeNext(MethodInvocation.java:101)
	at org.jboss.aspects.tx.TxPropagationInterceptor.invoke(TxPropagationInterceptor.java:95)
	at org.jboss.aop.joinpoint.MethodInvocation.invokeNext(MethodInvocation.java:101)
	at org.jboss.ejb3.stateless.StatelessInstanceInterceptor.invoke(StatelessInstanceInterceptor.java:62)
	at org.jboss.aop.joinpoint.MethodInvocation.invokeNext(MethodInvocation.java:101)
	at org.jboss.aspects.security.AuthenticationInterceptor.invoke(AuthenticationInterceptor.java:77)
	at org.jboss.ejb3.security.Ejb3AuthenticationInterceptor.invoke(Ejb3AuthenticationInterceptor.java:110)
	at org.jboss.aop.joinpoint.MethodInvocation.invokeNext(MethodInvocation.java:101)
	at org.jboss.ejb3.ENCPropagationInterceptor.invoke(ENCPropagationInterceptor.java:46)
	at org.jboss.aop.joinpoint.MethodInvocation.invokeNext(MethodInvocation.java:101)
	at org.jboss.ejb3.asynchronous.AsynchronousInterceptor.invoke(AsynchronousInterceptor.java:106)
	at org.jboss.aop.joinpoint.MethodInvocation.invokeNext(MethodInvocation.java:101)
	at org.jboss.ejb3.stateless.StatelessContainer.dynamicInvoke(StatelessContainer.java:304)
	at org.jboss.aop.Dispatcher.invoke(Dispatcher.java:106)
	at org.jboss.aspects.remoting.AOPRemotingInvocationHandler.invoke(AOPRemotingInvocationHandler.java:82)
	at org.jboss.remoting.ServerInvoker.invoke(ServerInvoker.java:769)
	at org.jboss.remoting.transport.socket.ServerThread.processInvocation(ServerThread.java:573)
	at org.jboss.remoting.transport.socket.ServerThread.dorun(ServerThread.java:373)
	at org.jboss.remoting.transport.socket.ServerThread.run(ServerThread.java:166)
Caused by: org.hibernate.exception.GenericJDBCException: Cannot open connection
	at org.hibernate.exception.SQLStateConverter.handledNonSpecificException(SQLStateConverter.java:103)
	at org.hibernate.exception.SQLStateConverter.convert(SQLStateConverter.java:91)
	at org.hibernate.exception.JDBCExceptionHelper.convert(JDBCExceptionHelper.java:43)
	at org.hibernate.exception.JDBCExceptionHelper.convert(JDBCExceptionHelper.java:29)
	at org.hibernate.jdbc.ConnectionManager.openConnection(ConnectionManager.java:426)
	at org.hibernate.jdbc.ConnectionManager.getConnection(ConnectionManager.java:144)
	at org.hibernate.jdbc.AbstractBatcher.prepareQueryStatement(AbstractBatcher.java:139)
	at org.hibernate.loader.Loader.prepareQueryStatement(Loader.java:1547)
	at org.hibernate.loader.Loader.doQuery(Loader.java:673)
	at org.hibernate.loader.Loader.doQueryAndInitializeNonLazyCollections(Loader.java:236)
	at org.hibernate.loader.Loader.loadEntity(Loader.java:1860)
	at org.hibernate.loader.entity.AbstractEntityLoader.load(AbstractEntityLoader.java:48)
	at org.hibernate.loader.entity.AbstractEntityLoader.load(AbstractEntityLoader.java:42)
	at org.hibernate.persister.entity.AbstractEntityPersister.load(AbstractEntityPersister.java:3044)
	at org.hibernate.event.def.DefaultLoadEventListener.loadFromDatasource(DefaultLoadEventListener.java:395)
	at org.hibernate.event.def.DefaultLoadEventListener.doLoad(DefaultLoadEventListener.java:375)
	at org.hibernate.event.def.DefaultLoadEventListener.load(DefaultLoadEventListener.java:139)
	at org.hibernate.event.def.DefaultLoadEventListener.proxyOrLoad(DefaultLoadEventListener.java:195)
	at org.hibernate.event.def.DefaultLoadEventListener.onLoad(DefaultLoadEventListener.java:103)
	at org.hibernate.impl.SessionImpl.fireLoad(SessionImpl.java:878)
	at org.hibernate.impl.SessionImpl.get(SessionImpl.java:815)
	at org.hibernate.impl.SessionImpl.get(SessionImpl.java:808)
	at org.hibernate.ejb.AbstractEntityManagerImpl.find(AbstractEntityManagerImpl.java:174)
Caused by: org.jboss.util.NestedSQLException: Could not create connection; - nested throwable: (java.sql.SQLException: com.informix.asf.IfxASFException: Attempt to connect to database server (topcoder) failed.); - nested throwable: (org.jboss.resource.JBossResourceException: Could not create connection; - nested throwable: (java.sql.SQLException: com.informix.asf.IfxASFException: Attempt to connect to database server (topcoder) failed.))
	at org.jboss.resource.adapter.jdbc.WrapperDataSource.getConnection(WrapperDataSource.java:94)
	at org.hibernate.ejb.connection.InjectedDataSourceConnectionProvider.getConnection(InjectedDataSourceConnectionProvider.java:47)
	at org.hibernate.jdbc.ConnectionManager.openConnection(ConnectionManager.java:423)
Caused by: org.jboss.resource.JBossResourceException: Could not create connection; - nested throwable: (java.sql.SQLException: com.informix.asf.IfxASFException: Attempt to connect to database server (topcoder) failed.)
	at org.jboss.resource.adapter.jdbc.local.LocalManagedConnectionFactory.createManagedConnection(LocalManagedConnectionFactory.java:179)
	at org.jboss.resource.connectionmanager.InternalManagedConnectionPool.createConnectionEventListener(InternalManagedConnectionPool.java:577)
	at org.jboss.resource.connectionmanager.InternalManagedConnectionPool.getConnection(InternalManagedConnectionPool.java:262)
	at org.jboss.resource.connectionmanager.JBossManagedConnectionPool$BasePool.getConnection(JBossManagedConnectionPool.java:538)
	at org.jboss.resource.connectionmanager.BaseConnectionManager2.getManagedConnection(BaseConnectionManager2.java:341)
	at org.jboss.resource.connectionmanager.TxConnectionManager.getManagedConnection(TxConnectionManager.java:315)
	at org.jboss.resource.connectionmanager.BaseConnectionManager2.allocateConnection(BaseConnectionManager2.java:396)
	at org.jboss.resource.connectionmanager.BaseConnectionManager2$ConnectionManagerProxy.allocateConnection(BaseConnectionManager2.java:842)
	at org.jboss.resource.adapter.jdbc.WrapperDataSource.getConnection(WrapperDataSource.java:88)
Caused by: java.sql.SQLException: com.informix.asf.IfxASFException: Attempt to connect to database server (topcoder) failed.
	at com.informix.jdbc.IfxSqliConnect.&lt;init&gt;(IfxSqliConnect.java:1026)
	at java.lang.reflect.Constructor.newInstance(Constructor.java:494)
	at com.informix.jdbc.IfxDriver.connect(IfxDriver.java:254)
	at org.jboss.resource.adapter.jdbc.local.LocalManagedConnectionFactory.createManagedConnection(LocalManagedConnectionFactory.java:171)
</error>
  </testcase>
  <testcase classname="com.topcoder.service.digitalrun.contest.DigitalRunContestManagerBeanTestAcc" name="testTrackContestResultCalculator_Acc" time="21.187">
    <error message="Persistence error occurs while creating track contest result calculator." type="com.topcoder.service.digitalrun.contest.DigitalRunContestManagerException">com.topcoder.service.digitalrun.contest.DigitalRunContestManagerException: Persistence error occurs while creating track contest result calculator.
	at com.topcoder.service.digitalrun.contest.DigitalRunContestManagerBean.createTrackContestResultCalculator(DigitalRunContestManagerBean.java:877)
	at org.jboss.aop.joinpoint.MethodInvocation.invokeNext(MethodInvocation.java:112)
	at org.jboss.ejb3.interceptor.InvocationContextImpl.proceed(InvocationContextImpl.java:166)
	at org.jboss.ejb3.interceptor.EJB3InterceptorsInterceptor.invoke(EJB3InterceptorsInterceptor.java:63)
	at org.jboss.aop.joinpoint.MethodInvocation.invokeNext(MethodInvocation.java:101)
	at org.jboss.ejb3.entity.TransactionScopedEntityManagerInterceptor.invoke(TransactionScopedEntityManagerInterceptor.java:54)
	at org.jboss.aop.joinpoint.MethodInvocation.invokeNext(MethodInvocation.java:101)
	at org.jboss.ejb3.AllowedOperationsInterceptor.invoke(AllowedOperationsInterceptor.java:47)
	at org.jboss.aop.joinpoint.MethodInvocation.invokeNext(MethodInvocation.java:101)
	at org.jboss.aspects.tx.TxPolicy.invokeInOurTx(TxPolicy.java:79)
	at org.jboss.aspects.tx.TxInterceptor$Required.invoke(TxInterceptor.java:191)
	at org.jboss.aop.joinpoint.MethodInvocation.invokeNext(MethodInvocation.java:101)
	at org.jboss.aspects.tx.TxPropagationInterceptor.invoke(TxPropagationInterceptor.java:95)
	at org.jboss.aop.joinpoint.MethodInvocation.invokeNext(MethodInvocation.java:101)
	at org.jboss.ejb3.stateless.StatelessInstanceInterceptor.invoke(StatelessInstanceInterceptor.java:62)
	at org.jboss.aop.joinpoint.MethodInvocation.invokeNext(MethodInvocation.java:101)
	at org.jboss.aspects.security.AuthenticationInterceptor.invoke(AuthenticationInterceptor.java:77)
	at org.jboss.ejb3.security.Ejb3AuthenticationInterceptor.invoke(Ejb3AuthenticationInterceptor.java:110)
	at org.jboss.aop.joinpoint.MethodInvocation.invokeNext(MethodInvocation.java:101)
	at org.jboss.ejb3.ENCPropagationInterceptor.invoke(ENCPropagationInterceptor.java:46)
	at org.jboss.aop.joinpoint.MethodInvocation.invokeNext(MethodInvocation.java:101)
	at org.jboss.ejb3.asynchronous.AsynchronousInterceptor.invoke(AsynchronousInterceptor.java:106)
	at org.jboss.aop.joinpoint.MethodInvocation.invokeNext(MethodInvocation.java:101)
	at org.jboss.ejb3.stateless.StatelessContainer.dynamicInvoke(StatelessContainer.java:304)
	at org.jboss.aop.Dispatcher.invoke(Dispatcher.java:106)
	at org.jboss.aspects.remoting.AOPRemotingInvocationHandler.invoke(AOPRemotingInvocationHandler.java:82)
	at org.jboss.remoting.ServerInvoker.invoke(ServerInvoker.java:769)
	at org.jboss.remoting.transport.socket.ServerThread.processInvocation(ServerThread.java:573)
	at org.jboss.remoting.transport.socket.ServerThread.dorun(ServerThread.java:373)
	at org.jboss.remoting.transport.socket.ServerThread.run(ServerThread.java:166)
Caused by: com.topcoder.service.digitalrun.contest.PersistenceException: org.hibernate.exception.GenericJDBCException: Cannot open connection
	at com.topcoder.service.digitalrun.contest.persistence.BaseHibernateDAO.findEntity(BaseHibernateDAO.java:358)
	at com.topcoder.service.digitalrun.contest.persistence.BaseHibernateDAO.errorIfEntityExists(BaseHibernateDAO.java:250)
	at com.topcoder.service.digitalrun.contest.persistence.HibernateTrackContestResultCalculatorDAO.createTrackContestResultCalculator(HibernateTrackContestResultCalculatorDAO.java:98)
	at com.topcoder.service.digitalrun.contest.DigitalRunContestManagerBean.createTrackContestResultCalculator(DigitalRunContestManagerBean.java:875)
	at org.jboss.aop.joinpoint.MethodInvocation.invokeNext(MethodInvocation.java:112)
	at org.jboss.ejb3.interceptor.InvocationContextImpl.proceed(InvocationContextImpl.java:166)
	at org.jboss.ejb3.interceptor.EJB3InterceptorsInterceptor.invoke(EJB3InterceptorsInterceptor.java:63)
	at org.jboss.aop.joinpoint.MethodInvocation.invokeNext(MethodInvocation.java:101)
	at org.jboss.ejb3.entity.TransactionScopedEntityManagerInterceptor.invoke(TransactionScopedEntityManagerInterceptor.java:54)
	at org.jboss.aop.joinpoint.MethodInvocation.invokeNext(MethodInvocation.java:101)
	at org.jboss.ejb3.AllowedOperationsInterceptor.invoke(AllowedOperationsInterceptor.java:47)
	at org.jboss.aop.joinpoint.MethodInvocation.invokeNext(MethodInvocation.java:101)
	at org.jboss.aspects.tx.TxPolicy.invokeInOurTx(TxPolicy.java:79)
	at org.jboss.aspects.tx.TxInterceptor$Required.invoke(TxInterceptor.java:191)
	at org.jboss.aop.joinpoint.MethodInvocation.invokeNext(MethodInvocation.java:101)
	at org.jboss.aspects.tx.TxPropagationInterceptor.invoke(TxPropagationInterceptor.java:95)
	at org.jboss.aop.joinpoint.MethodInvocation.invokeNext(MethodInvocation.java:101)
	at org.jboss.ejb3.stateless.StatelessInstanceInterceptor.invoke(StatelessInstanceInterceptor.java:62)
	at org.jboss.aop.joinpoint.MethodInvocation.invokeNext(MethodInvocation.java:101)
	at org.jboss.aspects.security.AuthenticationInterceptor.invoke(AuthenticationInterceptor.java:77)
	at org.jboss.ejb3.security.Ejb3AuthenticationInterceptor.invoke(Ejb3AuthenticationInterceptor.java:110)
	at org.jboss.aop.joinpoint.MethodInvocation.invokeNext(MethodInvocation.java:101)
	at org.jboss.ejb3.ENCPropagationInterceptor.invoke(ENCPropagationInterceptor.java:46)
	at org.jboss.aop.joinpoint.MethodInvocation.invokeNext(MethodInvocation.java:101)
	at org.jboss.ejb3.asynchronous.AsynchronousInterceptor.invoke(AsynchronousInterceptor.java:106)
	at org.jboss.aop.joinpoint.MethodInvocation.invokeNext(MethodInvocation.java:101)
	at org.jboss.ejb3.stateless.StatelessContainer.dynamicInvoke(StatelessContainer.java:304)
	at org.jboss.aop.Dispatcher.invoke(Dispatcher.java:106)
	at org.jboss.aspects.remoting.AOPRemotingInvocationHandler.invoke(AOPRemotingInvocationHandler.java:82)
	at org.jboss.remoting.ServerInvoker.invoke(ServerInvoker.java:769)
	at org.jboss.remoting.transport.socket.ServerThread.processInvocation(ServerThread.java:573)
	at org.jboss.remoting.transport.socket.ServerThread.dorun(ServerThread.java:373)
	at org.jboss.remoting.transport.socket.ServerThread.run(ServerThread.java:166)
	at org.jboss.remoting.MicroRemoteClientInvoker.invoke(MicroRemoteClientInvoker.java:163)
	at org.jboss.remoting.Client.invoke(Client.java:1634)
	at org.jboss.remoting.Client.invoke(Client.java:548)
	at org.jboss.aspects.remoting.InvokeRemoteInterceptor.invoke(InvokeRemoteInterceptor.java:62)
	at org.jboss.aop.joinpoint.MethodInvocation.invokeNext(MethodInvocation.java:101)
	at org.jboss.aspects.tx.ClientTxPropagationInterceptor.invoke(ClientTxPropagationInterceptor.java:67)
	at org.jboss.aop.joinpoint.MethodInvocation.invokeNext(MethodInvocation.java:101)
	at org.jboss.aspects.security.SecurityClientInterceptor.invoke(SecurityClientInterceptor.java:53)
	at org.jboss.aop.joinpoint.MethodInvocation.invokeNext(MethodInvocation.java:101)
	at org.jboss.ejb3.remoting.IsLocalInterceptor.invoke(IsLocalInterceptor.java:74)
	at org.jboss.aop.joinpoint.MethodInvocation.invokeNext(MethodInvocation.java:101)
	at org.jboss.ejb3.stateless.StatelessRemoteProxy.invoke(StatelessRemoteProxy.java:107)
	at $Proxy7.createTrackContestResultCalculator(Unknown Source)
	at com.topcoder.service.digitalrun.contest.DigitalRunContestManagerBeanTestAcc.testTrackContestResultCalculator_Acc(DigitalRunContestManagerBeanTestAcc.java:143)
	at org.jboss.aspects.remoting.InvokeRemoteInterceptor.invoke(InvokeRemoteInterceptor.java:74)
	at org.jboss.aop.joinpoint.MethodInvocation.invokeNext(MethodInvocation.java:101)
	at org.jboss.aspects.tx.ClientTxPropagationInterceptor.invoke(ClientTxPropagationInterceptor.java:67)
	at org.jboss.aop.joinpoint.MethodInvocation.invokeNext(MethodInvocation.java:101)
	at org.jboss.aspects.security.SecurityClientInterceptor.invoke(SecurityClientInterceptor.java:53)
	at org.jboss.aop.joinpoint.MethodInvocation.invokeNext(MethodInvocation.java:101)
	at org.jboss.ejb3.remoting.IsLocalInterceptor.invoke(IsLocalInterceptor.java:74)
	at org.jboss.aop.joinpoint.MethodInvocation.invokeNext(MethodInvocation.java:101)
	at org.jboss.ejb3.stateless.StatelessRemoteProxy.invoke(StatelessRemoteProxy.java:107)
	at $Proxy7.createTrackContestResultCalculator(Unknown Source)
	at com.topcoder.service.digitalrun.contest.DigitalRunContestManagerBeanTestAcc.testTrackContestResultCalculator_Acc(DigitalRunContestManagerBeanTestAcc.java:143)
Caused by: javax.persistence.PersistenceException: org.hibernate.exception.GenericJDBCException: Cannot open connection
	at org.hibernate.ejb.AbstractEntityManagerImpl.throwPersistenceException(AbstractEntityManagerImpl.java:629)
	at org.hibernate.ejb.AbstractEntityManagerImpl.find(AbstractEntityManagerImpl.java:194)
	at org.jboss.ejb3.entity.TransactionScopedEntityManager.find(TransactionScopedEntityManager.java:171)
	at com.topcoder.service.digitalrun.contest.persistence.BaseHibernateDAO.findEntity(BaseHibernateDAO.java:355)
	at com.topcoder.service.digitalrun.contest.persistence.BaseHibernateDAO.errorIfEntityExists(BaseHibernateDAO.java:250)
	at com.topcoder.service.digitalrun.contest.persistence.HibernateTrackContestResultCalculatorDAO.createTrackContestResultCalculator(HibernateTrackContestResultCalculatorDAO.java:98)
	at com.topcoder.service.digitalrun.contest.DigitalRunContestManagerBean.createTrackContestResultCalculator(DigitalRunContestManagerBean.java:875)
	at org.jboss.aop.joinpoint.MethodInvocation.invokeNext(MethodInvocation.java:112)
	at org.jboss.ejb3.interceptor.InvocationContextImpl.proceed(InvocationContextImpl.java:166)
	at org.jboss.ejb3.interceptor.EJB3InterceptorsInterceptor.invoke(EJB3InterceptorsInterceptor.java:63)
	at org.jboss.aop.joinpoint.MethodInvocation.invokeNext(MethodInvocation.java:101)
	at org.jboss.ejb3.entity.TransactionScopedEntityManagerInterceptor.invoke(TransactionScopedEntityManagerInterceptor.java:54)
	at org.jboss.aop.joinpoint.MethodInvocation.invokeNext(MethodInvocation.java:101)
	at org.jboss.ejb3.AllowedOperationsInterceptor.invoke(AllowedOperationsInterceptor.java:47)
	at org.jboss.aop.joinpoint.MethodInvocation.invokeNext(MethodInvocation.java:101)
	at org.jboss.aspects.tx.TxPolicy.invokeInOurTx(TxPolicy.java:79)
	at org.jboss.aspects.tx.TxInterceptor$Required.invoke(TxInterceptor.java:191)
	at org.jboss.aop.joinpoint.MethodInvocation.invokeNext(MethodInvocation.java:101)
	at org.jboss.aspects.tx.TxPropagationInterceptor.invoke(TxPropagationInterceptor.java:95)
	at org.jboss.aop.joinpoint.MethodInvocation.invokeNext(MethodInvocation.java:101)
	at org.jboss.ejb3.stateless.StatelessInstanceInterceptor.invoke(StatelessInstanceInterceptor.java:62)
	at org.jboss.aop.joinpoint.MethodInvocation.invokeNext(MethodInvocation.java:101)
	at org.jboss.aspects.security.AuthenticationInterceptor.invoke(AuthenticationInterceptor.java:77)
	at org.jboss.ejb3.security.Ejb3AuthenticationInterceptor.invoke(Ejb3AuthenticationInterceptor.java:110)
	at org.jboss.aop.joinpoint.MethodInvocation.invokeNext(MethodInvocation.java:101)
	at org.jboss.ejb3.ENCPropagationInterceptor.invoke(ENCPropagationInterceptor.java:46)
	at org.jboss.aop.joinpoint.MethodInvocation.invokeNext(MethodInvocation.java:101)
	at org.jboss.ejb3.asynchronous.AsynchronousInterceptor.invoke(AsynchronousInterceptor.java:106)
	at org.jboss.aop.joinpoint.MethodInvocation.invokeNext(MethodInvocation.java:101)
	at org.jboss.ejb3.stateless.StatelessContainer.dynamicInvoke(StatelessContainer.java:304)
	at org.jboss.aop.Dispatcher.invoke(Dispatcher.java:106)
	at org.jboss.aspects.remoting.AOPRemotingInvocationHandler.invoke(AOPRemotingInvocationHandler.java:82)
	at org.jboss.remoting.ServerInvoker.invoke(ServerInvoker.java:769)
	at org.jboss.remoting.transport.socket.ServerThread.processInvocation(ServerThread.java:573)
	at org.jboss.remoting.transport.socket.ServerThread.dorun(ServerThread.java:373)
	at org.jboss.remoting.transport.socket.ServerThread.run(ServerThread.java:166)
Caused by: org.hibernate.exception.GenericJDBCException: Cannot open connection
	at org.hibernate.exception.SQLStateConverter.handledNonSpecificException(SQLStateConverter.java:103)
	at org.hibernate.exception.SQLStateConverter.convert(SQLStateConverter.java:91)
	at org.hibernate.exception.JDBCExceptionHelper.convert(JDBCExceptionHelper.java:43)
	at org.hibernate.exception.JDBCExceptionHelper.convert(JDBCExceptionHelper.java:29)
	at org.hibernate.jdbc.ConnectionManager.openConnection(ConnectionManager.java:426)
	at org.hibernate.jdbc.ConnectionManager.getConnection(ConnectionManager.java:144)
	at org.hibernate.jdbc.AbstractBatcher.prepareQueryStatement(AbstractBatcher.java:139)
	at org.hibernate.loader.Loader.prepareQueryStatement(Loader.java:1547)
	at org.hibernate.loader.Loader.doQuery(Loader.java:673)
	at org.hibernate.loader.Loader.doQueryAndInitializeNonLazyCollections(Loader.java:236)
	at org.hibernate.loader.Loader.loadEntity(Loader.java:1860)
	at org.hibernate.loader.entity.AbstractEntityLoader.load(AbstractEntityLoader.java:48)
	at org.hibernate.loader.entity.AbstractEntityLoader.load(AbstractEntityLoader.java:42)
	at org.hibernate.persister.entity.AbstractEntityPersister.load(AbstractEntityPersister.java:3044)
	at org.hibernate.event.def.DefaultLoadEventListener.loadFromDatasource(DefaultLoadEventListener.java:395)
	at org.hibernate.event.def.DefaultLoadEventListener.doLoad(DefaultLoadEventListener.java:375)
	at org.hibernate.event.def.DefaultLoadEventListener.load(DefaultLoadEventListener.java:139)
	at org.hibernate.event.def.DefaultLoadEventListener.proxyOrLoad(DefaultLoadEventListener.java:195)
	at org.hibernate.event.def.DefaultLoadEventListener.onLoad(DefaultLoadEventListener.java:103)
	at org.hibernate.impl.SessionImpl.fireLoad(SessionImpl.java:878)
	at org.hibernate.impl.SessionImpl.get(SessionImpl.java:815)
	at org.hibernate.impl.SessionImpl.get(SessionImpl.java:808)
	at org.hibernate.ejb.AbstractEntityManagerImpl.find(AbstractEntityManagerImpl.java:174)
Caused by: org.jboss.util.NestedSQLException: Could not create connection; - nested throwable: (java.sql.SQLException: com.informix.asf.IfxASFException: Attempt to connect to database server (topcoder) failed.); - nested throwable: (org.jboss.resource.JBossResourceException: Could not create connection; - nested throwable: (java.sql.SQLException: com.informix.asf.IfxASFException: Attempt to connect to database server (topcoder) failed.))
	at org.jboss.resource.adapter.jdbc.WrapperDataSource.getConnection(WrapperDataSource.java:94)
	at org.hibernate.ejb.connection.InjectedDataSourceConnectionProvider.getConnection(InjectedDataSourceConnectionProvider.java:47)
	at org.hibernate.jdbc.ConnectionManager.openConnection(ConnectionManager.java:423)
Caused by: org.jboss.resource.JBossResourceException: Could not create connection; - nested throwable: (java.sql.SQLException: com.informix.asf.IfxASFException: Attempt to connect to database server (topcoder) failed.)
	at org.jboss.resource.adapter.jdbc.local.LocalManagedConnectionFactory.createManagedConnection(LocalManagedConnectionFactory.java:179)
	at org.jboss.resource.connectionmanager.InternalManagedConnectionPool.createConnectionEventListener(InternalManagedConnectionPool.java:577)
	at org.jboss.resource.connectionmanager.InternalManagedConnectionPool.getConnection(InternalManagedConnectionPool.java:262)
	at org.jboss.resource.connectionmanager.JBossManagedConnectionPool$BasePool.getConnection(JBossManagedConnectionPool.java:538)
	at org.jboss.resource.connectionmanager.BaseConnectionManager2.getManagedConnection(BaseConnectionManager2.java:341)
	at org.jboss.resource.connectionmanager.TxConnectionManager.getManagedConnection(TxConnectionManager.java:315)
	at org.jboss.resource.connectionmanager.BaseConnectionManager2.allocateConnection(BaseConnectionManager2.java:396)
	at org.jboss.resource.connectionmanager.BaseConnectionManager2$ConnectionManagerProxy.allocateConnection(BaseConnectionManager2.java:842)
	at org.jboss.resource.adapter.jdbc.WrapperDataSource.getConnection(WrapperDataSource.java:88)
Caused by: java.sql.SQLException: com.informix.asf.IfxASFException: Attempt to connect to database server (topcoder) failed.
	at com.informix.jdbc.IfxSqliConnect.&lt;init&gt;(IfxSqliConnect.java:1026)
	at java.lang.reflect.Constructor.newInstance(Constructor.java:494)
	at com.informix.jdbc.IfxDriver.connect(IfxDriver.java:254)
	at org.jboss.resource.adapter.jdbc.local.LocalManagedConnectionFactory.createManagedConnection(LocalManagedConnectionFactory.java:171)
</error>
  </testcase>
  <testcase classname="com.topcoder.service.digitalrun.contest.DigitalRunContestManagerBeanTestExp" name="testCreateTrackContest_EntityExistsException" time="20.969">
    <error message="org.hibernate.exception.JDBCConnectionException: Cannot open connection" type="javax.persistence.PersistenceException">javax.persistence.PersistenceException: org.hibernate.exception.JDBCConnectionException: Cannot open connection
	at org.hibernate.ejb.AbstractEntityManagerImpl.throwPersistenceException(AbstractEntityManagerImpl.java:629)
	at org.hibernate.ejb.TransactionImpl.begin(TransactionImpl.java:41)
	at com.topcoder.service.digitalrun.contest.BaseTestCase.persist(BaseTestCase.java:184)
	at com.topcoder.service.digitalrun.contest.DigitalRunContestManagerBeanTestExp.testCreateTrackContest_EntityExistsException(DigitalRunContestManagerBeanTestExp.java:40)
Caused by: org.hibernate.exception.JDBCConnectionException: Cannot open connection
	at org.hibernate.exception.SQLStateConverter.convert(SQLStateConverter.java:74)
	at org.hibernate.exception.JDBCExceptionHelper.convert(JDBCExceptionHelper.java:43)
	at org.hibernate.exception.JDBCExceptionHelper.convert(JDBCExceptionHelper.java:29)
	at org.hibernate.jdbc.ConnectionManager.openConnection(ConnectionManager.java:426)
	at org.hibernate.jdbc.ConnectionManager.getConnection(ConnectionManager.java:144)
	at org.hibernate.jdbc.JDBCContext.connection(JDBCContext.java:119)
	at org.hibernate.transaction.JDBCTransaction.begin(JDBCTransaction.java:57)
	at org.hibernate.impl.SessionImpl.beginTransaction(SessionImpl.java:1326)
	at org.hibernate.ejb.TransactionImpl.begin(TransactionImpl.java:38)
Caused by: java.sql.SQLException: com.informix.asf.IfxASFException: Attempt to connect to database server (topcoder) failed.
	at com.informix.jdbc.IfxSqliConnect.&lt;init&gt;(IfxSqliConnect.java:1026)
	at java.lang.reflect.Constructor.newInstance(Constructor.java:494)
	at com.informix.jdbc.IfxDriver.connect(IfxDriver.java:254)
	at java.sql.DriverManager.getConnection(DriverManager.java:525)
	at java.sql.DriverManager.getConnection(DriverManager.java:140)
	at org.hibernate.connection.DriverManagerConnectionProvider.getConnection(DriverManagerConnectionProvider.java:110)
	at org.hibernate.jdbc.ConnectionManager.openConnection(ConnectionManager.java:423)
</error>
  </testcase>
  <testcase classname="com.topcoder.service.digitalrun.contest.DigitalRunContestManagerBeanTestExp" name="testCreateTrackContest_PersistenceException" time="21.078" />
  <testcase classname="com.topcoder.service.digitalrun.contest.DigitalRunContestManagerBeanTestExp" name="testCreateTrackContest_IllegalArgumentException" time="0.031" />
  <testcase classname="com.topcoder.service.digitalrun.contest.DigitalRunContestManagerBeanTestExp" name="testUpdateTrackContest_EntityNotFoundException" time="20.969">
    <error message="javax.persistence.PersistenceException: org.hibernate.exception.GenericJDBCException: Cannot open connection" type="javax.ejb.EJBException">javax.ejb.EJBException: javax.persistence.PersistenceException: org.hibernate.exception.GenericJDBCException: Cannot open connection
	at org.jboss.ejb3.tx.Ejb3TxPolicy.handleExceptionInOurTx(Ejb3TxPolicy.java:63)
	at org.jboss.aspects.tx.TxPolicy.invokeInOurTx(TxPolicy.java:83)
	at org.jboss.aspects.tx.TxInterceptor$Required.invoke(TxInterceptor.java:191)
	at org.jboss.aop.joinpoint.MethodInvocation.invokeNext(MethodInvocation.java:101)
	at org.jboss.aspects.tx.TxPropagationInterceptor.invoke(TxPropagationInterceptor.java:95)
	at org.jboss.aop.joinpoint.MethodInvocation.invokeNext(MethodInvocation.java:101)
	at org.jboss.ejb3.stateless.StatelessInstanceInterceptor.invoke(StatelessInstanceInterceptor.java:62)
	at org.jboss.aop.joinpoint.MethodInvocation.invokeNext(MethodInvocation.java:101)
	at org.jboss.aspects.security.AuthenticationInterceptor.invoke(AuthenticationInterceptor.java:77)
	at org.jboss.ejb3.security.Ejb3AuthenticationInterceptor.invoke(Ejb3AuthenticationInterceptor.java:110)
	at org.jboss.aop.joinpoint.MethodInvocation.invokeNext(MethodInvocation.java:101)
	at org.jboss.ejb3.ENCPropagationInterceptor.invoke(ENCPropagationInterceptor.java:46)
	at org.jboss.aop.joinpoint.MethodInvocation.invokeNext(MethodInvocation.java:101)
	at org.jboss.ejb3.asynchronous.AsynchronousInterceptor.invoke(AsynchronousInterceptor.java:106)
	at org.jboss.aop.joinpoint.MethodInvocation.invokeNext(MethodInvocation.java:101)
	at org.jboss.ejb3.stateless.StatelessContainer.dynamicInvoke(StatelessContainer.java:304)
	at org.jboss.aop.Dispatcher.invoke(Dispatcher.java:106)
	at org.jboss.aspects.remoting.AOPRemotingInvocationHandler.invoke(AOPRemotingInvocationHandler.java:82)
	at org.jboss.remoting.ServerInvoker.invoke(ServerInvoker.java:769)
	at org.jboss.remoting.transport.socket.ServerThread.processInvocation(ServerThread.java:573)
	at org.jboss.remoting.transport.socket.ServerThread.dorun(ServerThread.java:373)
	at org.jboss.remoting.transport.socket.ServerThread.run(ServerThread.java:166)
Caused by: javax.persistence.PersistenceException: org.hibernate.exception.GenericJDBCException: Cannot open connection
	at org.hibernate.ejb.AbstractEntityManagerImpl.throwPersistenceException(AbstractEntityManagerImpl.java:629)
	at org.hibernate.ejb.AbstractEntityManagerImpl.find(AbstractEntityManagerImpl.java:194)
	at org.jboss.ejb3.entity.TransactionScopedEntityManager.find(TransactionScopedEntityManager.java:171)
	at com.topcoder.service.digitalrun.contest.audit.interceptors.AuditUpdateContestInterceptor.audit(AuditUpdateContestInterceptor.java:57)
	at org.jboss.ejb3.interceptor.InvocationContextImpl.proceed(InvocationContextImpl.java:118)
	at org.jboss.ejb3.interceptor.EJB3InterceptorsInterceptor.invoke(EJB3InterceptorsInterceptor.java:63)
	at org.jboss.aop.joinpoint.MethodInvocation.invokeNext(MethodInvocation.java:101)
	at org.jboss.ejb3.entity.TransactionScopedEntityManagerInterceptor.invoke(TransactionScopedEntityManagerInterceptor.java:54)
	at org.jboss.aop.joinpoint.MethodInvocation.invokeNext(MethodInvocation.java:101)
	at org.jboss.ejb3.AllowedOperationsInterceptor.invoke(AllowedOperationsInterceptor.java:47)
	at org.jboss.aop.joinpoint.MethodInvocation.invokeNext(MethodInvocation.java:101)
	at org.jboss.aspects.tx.TxPolicy.invokeInOurTx(TxPolicy.java:79)
	at org.jboss.aspects.tx.TxInterceptor$Required.invoke(TxInterceptor.java:191)
	at org.jboss.aop.joinpoint.MethodInvocation.invokeNext(MethodInvocation.java:101)
	at org.jboss.aspects.tx.TxPropagationInterceptor.invoke(TxPropagationInterceptor.java:95)
	at org.jboss.aop.joinpoint.MethodInvocation.invokeNext(MethodInvocation.java:101)
	at org.jboss.ejb3.stateless.StatelessInstanceInterceptor.invoke(StatelessInstanceInterceptor.java:62)
	at org.jboss.aop.joinpoint.MethodInvocation.invokeNext(MethodInvocation.java:101)
	at org.jboss.aspects.security.AuthenticationInterceptor.invoke(AuthenticationInterceptor.java:77)
	at org.jboss.ejb3.security.Ejb3AuthenticationInterceptor.invoke(Ejb3AuthenticationInterceptor.java:110)
	at org.jboss.aop.joinpoint.MethodInvocation.invokeNext(MethodInvocation.java:101)
	at org.jboss.ejb3.ENCPropagationInterceptor.invoke(ENCPropagationInterceptor.java:46)
	at org.jboss.aop.joinpoint.MethodInvocation.invokeNext(MethodInvocation.java:101)
	at org.jboss.ejb3.asynchronous.AsynchronousInterceptor.invoke(AsynchronousInterceptor.java:106)
	at org.jboss.aop.joinpoint.MethodInvocation.invokeNext(MethodInvocation.java:101)
	at org.jboss.ejb3.stateless.StatelessContainer.dynamicInvoke(StatelessContainer.java:304)
	at org.jboss.aop.Dispatcher.invoke(Dispatcher.java:106)
	at org.jboss.aspects.remoting.AOPRemotingInvocationHandler.invoke(AOPRemotingInvocationHandler.java:82)
	at org.jboss.remoting.ServerInvoker.invoke(ServerInvoker.java:769)
	at org.jboss.remoting.transport.socket.ServerThread.processInvocation(ServerThread.java:573)
	at org.jboss.remoting.transport.socket.ServerThread.dorun(ServerThread.java:373)
	at org.jboss.remoting.transport.socket.ServerThread.run(ServerThread.java:166)
	at org.jboss.remoting.MicroRemoteClientInvoker.invoke(MicroRemoteClientInvoker.java:163)
	at org.jboss.remoting.Client.invoke(Client.java:1634)
	at org.jboss.remoting.Client.invoke(Client.java:548)
	at org.jboss.aspects.remoting.InvokeRemoteInterceptor.invoke(InvokeRemoteInterceptor.java:62)
	at org.jboss.aop.joinpoint.MethodInvocation.invokeNext(MethodInvocation.java:101)
	at org.jboss.aspects.tx.ClientTxPropagationInterceptor.invoke(ClientTxPropagationInterceptor.java:67)
	at org.jboss.aop.joinpoint.MethodInvocation.invokeNext(MethodInvocation.java:101)
	at org.jboss.aspects.security.SecurityClientInterceptor.invoke(SecurityClientInterceptor.java:53)
	at org.jboss.aop.joinpoint.MethodInvocation.invokeNext(MethodInvocation.java:101)
	at org.jboss.ejb3.remoting.IsLocalInterceptor.invoke(IsLocalInterceptor.java:74)
	at org.jboss.aop.joinpoint.MethodInvocation.invokeNext(MethodInvocation.java:101)
	at org.jboss.ejb3.stateless.StatelessRemoteProxy.invoke(StatelessRemoteProxy.java:107)
	at $Proxy7.updateTrackContest(Unknown Source)
	at com.topcoder.service.digitalrun.contest.DigitalRunContestManagerBeanTestExp.testUpdateTrackContest_EntityNotFoundException(DigitalRunContestManagerBeanTestExp.java:119)
	at org.jboss.aspects.remoting.InvokeRemoteInterceptor.invoke(InvokeRemoteInterceptor.java:74)
	at org.jboss.aop.joinpoint.MethodInvocation.invokeNext(MethodInvocation.java:101)
	at org.jboss.aspects.tx.ClientTxPropagationInterceptor.invoke(ClientTxPropagationInterceptor.java:67)
	at org.jboss.aop.joinpoint.MethodInvocation.invokeNext(MethodInvocation.java:101)
	at org.jboss.aspects.security.SecurityClientInterceptor.invoke(SecurityClientInterceptor.java:53)
	at org.jboss.aop.joinpoint.MethodInvocation.invokeNext(MethodInvocation.java:101)
	at org.jboss.ejb3.remoting.IsLocalInterceptor.invoke(IsLocalInterceptor.java:74)
	at org.jboss.aop.joinpoint.MethodInvocation.invokeNext(MethodInvocation.java:101)
	at org.jboss.ejb3.stateless.StatelessRemoteProxy.invoke(StatelessRemoteProxy.java:107)
	at $Proxy7.updateTrackContest(Unknown Source)
	at com.topcoder.service.digitalrun.contest.DigitalRunContestManagerBeanTestExp.testUpdateTrackContest_EntityNotFoundException(DigitalRunContestManagerBeanTestExp.java:119)
Caused by: org.hibernate.exception.GenericJDBCException: Cannot open connection
	at org.hibernate.exception.SQLStateConverter.handledNonSpecificException(SQLStateConverter.java:103)
	at org.hibernate.exception.SQLStateConverter.convert(SQLStateConverter.java:91)
	at org.hibernate.exception.JDBCExceptionHelper.convert(JDBCExceptionHelper.java:43)
	at org.hibernate.exception.JDBCExceptionHelper.convert(JDBCExceptionHelper.java:29)
	at org.hibernate.jdbc.ConnectionManager.openConnection(ConnectionManager.java:426)
	at org.hibernate.jdbc.ConnectionManager.getConnection(ConnectionManager.java:144)
	at org.hibernate.jdbc.AbstractBatcher.prepareQueryStatement(AbstractBatcher.java:139)
	at org.hibernate.loader.Loader.prepareQueryStatement(Loader.java:1547)
	at org.hibernate.loader.Loader.doQuery(Loader.java:673)
	at org.hibernate.loader.Loader.doQueryAndInitializeNonLazyCollections(Loader.java:236)
	at org.hibernate.loader.Loader.loadEntity(Loader.java:1860)
	at org.hibernate.loader.entity.AbstractEntityLoader.load(AbstractEntityLoader.java:48)
	at org.hibernate.loader.entity.AbstractEntityLoader.load(AbstractEntityLoader.java:42)
	at org.hibernate.persister.entity.AbstractEntityPersister.load(AbstractEntityPersister.java:3044)
	at org.hibernate.event.def.DefaultLoadEventListener.loadFromDatasource(DefaultLoadEventListener.java:395)
	at org.hibernate.event.def.DefaultLoadEventListener.doLoad(DefaultLoadEventListener.java:375)
	at org.hibernate.event.def.DefaultLoadEventListener.load(DefaultLoadEventListener.java:139)
	at org.hibernate.event.def.DefaultLoadEventListener.proxyOrLoad(DefaultLoadEventListener.java:195)
	at org.hibernate.event.def.DefaultLoadEventListener.onLoad(DefaultLoadEventListener.java:103)
	at org.hibernate.impl.SessionImpl.fireLoad(SessionImpl.java:878)
	at org.hibernate.impl.SessionImpl.get(SessionImpl.java:815)
	at org.hibernate.impl.SessionImpl.get(SessionImpl.java:808)
	at org.hibernate.ejb.AbstractEntityManagerImpl.find(AbstractEntityManagerImpl.java:174)
	at org.jboss.ejb3.entity.TransactionScopedEntityManager.find(TransactionScopedEntityManager.java:171)
	at com.topcoder.service.digitalrun.contest.audit.interceptors.AuditUpdateContestInterceptor.audit(AuditUpdateContestInterceptor.java:57)
	at org.jboss.ejb3.interceptor.InvocationContextImpl.proceed(InvocationContextImpl.java:118)
	at org.jboss.ejb3.interceptor.EJB3InterceptorsInterceptor.invoke(EJB3InterceptorsInterceptor.java:63)
	at org.jboss.aop.joinpoint.MethodInvocation.invokeNext(MethodInvocation.java:101)
	at org.jboss.ejb3.entity.TransactionScopedEntityManagerInterceptor.invoke(TransactionScopedEntityManagerInterceptor.java:54)
	at org.jboss.aop.joinpoint.MethodInvocation.invokeNext(MethodInvocation.java:101)
	at org.jboss.ejb3.AllowedOperationsInterceptor.invoke(AllowedOperationsInterceptor.java:47)
	at org.jboss.aop.joinpoint.MethodInvocation.invokeNext(MethodInvocation.java:101)
	at org.jboss.aspects.tx.TxPolicy.invokeInOurTx(TxPolicy.java:79)
	at org.jboss.aspects.tx.TxInterceptor$Required.invoke(TxInterceptor.java:191)
	at org.jboss.aop.joinpoint.MethodInvocation.invokeNext(MethodInvocation.java:101)
	at org.jboss.aspects.tx.TxPropagationInterceptor.invoke(TxPropagationInterceptor.java:95)
	at org.jboss.aop.joinpoint.MethodInvocation.invokeNext(MethodInvocation.java:101)
	at org.jboss.ejb3.stateless.StatelessInstanceInterceptor.invoke(StatelessInstanceInterceptor.java:62)
	at org.jboss.aop.joinpoint.MethodInvocation.invokeNext(MethodInvocation.java:101)
	at org.jboss.aspects.security.AuthenticationInterceptor.invoke(AuthenticationInterceptor.java:77)
	at org.jboss.ejb3.security.Ejb3AuthenticationInterceptor.invoke(Ejb3AuthenticationInterceptor.java:110)
	at org.jboss.aop.joinpoint.MethodInvocation.invokeNext(MethodInvocation.java:101)
	at org.jboss.ejb3.ENCPropagationInterceptor.invoke(ENCPropagationInterceptor.java:46)
	at org.jboss.aop.joinpoint.MethodInvocation.invokeNext(MethodInvocation.java:101)
	at org.jboss.ejb3.asynchronous.AsynchronousInterceptor.invoke(AsynchronousInterceptor.java:106)
	at org.jboss.aop.joinpoint.MethodInvocation.invokeNext(MethodInvocation.java:101)
	at org.jboss.ejb3.stateless.StatelessContainer.dynamicInvoke(StatelessContainer.java:304)
	at org.jboss.aop.Dispatcher.invoke(Dispatcher.java:106)
	at org.jboss.aspects.remoting.AOPRemotingInvocationHandler.invoke(AOPRemotingInvocationHandler.java:82)
	at org.jboss.remoting.ServerInvoker.invoke(ServerInvoker.java:769)
	at org.jboss.remoting.transport.socket.ServerThread.processInvocation(ServerThread.java:573)
	at org.jboss.remoting.transport.socket.ServerThread.dorun(ServerThread.java:373)
	at org.jboss.remoting.transport.socket.ServerThread.run(ServerThread.java:166)
Caused by: org.jboss.util.NestedSQLException: Could not create connection; - nested throwable: (java.sql.SQLException: com.informix.asf.IfxASFException: Attempt to connect to database server (topcoder) failed.); - nested throwable: (org.jboss.resource.JBossResourceException: Could not create connection; - nested throwable: (java.sql.SQLException: com.informix.asf.IfxASFException: Attempt to connect to database server (topcoder) failed.))
	at org.jboss.resource.adapter.jdbc.WrapperDataSource.getConnection(WrapperDataSource.java:94)
	at org.hibernate.ejb.connection.InjectedDataSourceConnectionProvider.getConnection(InjectedDataSourceConnectionProvider.java:47)
	at org.hibernate.jdbc.ConnectionManager.openConnection(ConnectionManager.java:423)
Caused by: org.jboss.resource.JBossResourceException: Could not create connection; - nested throwable: (java.sql.SQLException: com.informix.asf.IfxASFException: Attempt to connect to database server (topcoder) failed.)
	at org.jboss.resource.adapter.jdbc.local.LocalManagedConnectionFactory.createManagedConnection(LocalManagedConnectionFactory.java:179)
	at org.jboss.resource.connectionmanager.InternalManagedConnectionPool.createConnectionEventListener(InternalManagedConnectionPool.java:577)
	at org.jboss.resource.connectionmanager.InternalManagedConnectionPool.getConnection(InternalManagedConnectionPool.java:262)
	at org.jboss.resource.connectionmanager.JBossManagedConnectionPool$BasePool.getConnection(JBossManagedConnectionPool.java:538)
	at org.jboss.resource.connectionmanager.BaseConnectionManager2.getManagedConnection(BaseConnectionManager2.java:341)
	at org.jboss.resource.connectionmanager.TxConnectionManager.getManagedConnection(TxConnectionManager.java:315)
	at org.jboss.resource.connectionmanager.BaseConnectionManager2.allocateConnection(BaseConnectionManager2.java:396)
	at org.jboss.resource.connectionmanager.BaseConnectionManager2$ConnectionManagerProxy.allocateConnection(BaseConnectionManager2.java:842)
	at org.jboss.resource.adapter.jdbc.WrapperDataSource.getConnection(WrapperDataSource.java:88)
Caused by: java.sql.SQLException: com.informix.asf.IfxASFException: Attempt to connect to database server (topcoder) failed.
	at com.informix.jdbc.IfxSqliConnect.&lt;init&gt;(IfxSqliConnect.java:1026)
	at java.lang.reflect.Constructor.newInstance(Constructor.java:494)
	at com.informix.jdbc.IfxDriver.connect(IfxDriver.java:254)
	at org.jboss.resource.adapter.jdbc.local.LocalManagedConnectionFactory.createManagedConnection(LocalManagedConnectionFactory.java:171)
</error>
  </testcase>
  <testcase classname="com.topcoder.service.digitalrun.contest.DigitalRunContestManagerBeanTestExp" name="testUpdateTrackContest_PersistenceException" time="21.0">
    <error message="org.hibernate.exception.JDBCConnectionException: Cannot open connection" type="javax.persistence.PersistenceException">javax.persistence.PersistenceException: org.hibernate.exception.JDBCConnectionException: Cannot open connection
	at org.hibernate.ejb.AbstractEntityManagerImpl.throwPersistenceException(AbstractEntityManagerImpl.java:629)
	at org.hibernate.ejb.TransactionImpl.begin(TransactionImpl.java:41)
	at com.topcoder.service.digitalrun.contest.BaseTestCase.persist(BaseTestCase.java:184)
	at com.topcoder.service.digitalrun.contest.DigitalRunContestManagerBeanTestExp.testUpdateTrackContest_PersistenceException(DigitalRunContestManagerBeanTestExp.java:141)
Caused by: org.hibernate.exception.JDBCConnectionException: Cannot open connection
	at org.hibernate.exception.SQLStateConverter.convert(SQLStateConverter.java:74)
	at org.hibernate.exception.JDBCExceptionHelper.convert(JDBCExceptionHelper.java:43)
	at org.hibernate.exception.JDBCExceptionHelper.convert(JDBCExceptionHelper.java:29)
	at org.hibernate.jdbc.ConnectionManager.openConnection(ConnectionManager.java:426)
	at org.hibernate.jdbc.ConnectionManager.getConnection(ConnectionManager.java:144)
	at org.hibernate.jdbc.JDBCContext.connection(JDBCContext.java:119)
	at org.hibernate.transaction.JDBCTransaction.begin(JDBCTransaction.java:57)
	at org.hibernate.impl.SessionImpl.beginTransaction(SessionImpl.java:1326)
	at org.hibernate.ejb.TransactionImpl.begin(TransactionImpl.java:38)
Caused by: java.sql.SQLException: com.informix.asf.IfxASFException: Attempt to connect to database server (topcoder) failed.
	at com.informix.jdbc.IfxSqliConnect.&lt;init&gt;(IfxSqliConnect.java:1026)
	at java.lang.reflect.Constructor.newInstance(Constructor.java:494)
	at com.informix.jdbc.IfxDriver.connect(IfxDriver.java:254)
	at java.sql.DriverManager.getConnection(DriverManager.java:525)
	at java.sql.DriverManager.getConnection(DriverManager.java:140)
	at org.hibernate.connection.DriverManagerConnectionProvider.getConnection(DriverManagerConnectionProvider.java:110)
	at org.hibernate.jdbc.ConnectionManager.openConnection(ConnectionManager.java:423)
</error>
  </testcase>
  <testcase classname="com.topcoder.service.digitalrun.contest.DigitalRunContestManagerBeanTestExp" name="testUpdateTrackContest_IllegalArgumentException" time="0.031" />
  <testcase classname="com.topcoder.service.digitalrun.contest.DigitalRunContestManagerBeanTestExp" name="testSearchTrackContests_IllegalArgumentException" time="0.156" />
  <testcase classname="com.topcoder.service.digitalrun.contest.DigitalRunContestManagerBeanTestExp" name="testRemoveTrackContest_EntityNotFoundException" time="21.188">
    <error message="Persistence error occurs while removing track contest." type="com.topcoder.service.digitalrun.contest.DigitalRunContestManagerException">com.topcoder.service.digitalrun.contest.DigitalRunContestManagerException: Persistence error occurs while removing track contest.
	at com.topcoder.service.digitalrun.contest.DigitalRunContestManagerBean.removeTrackContest(DigitalRunContestManagerBean.java:613)
	at org.jboss.aop.joinpoint.MethodInvocation.invokeNext(MethodInvocation.java:112)
	at org.jboss.ejb3.interceptor.InvocationContextImpl.proceed(InvocationContextImpl.java:166)
	at com.topcoder.service.digitalrun.contest.audit.interceptors.AuditRemoveContestInterceptor.audit(AuditRemoveContestInterceptor.java:50)
	at org.jboss.ejb3.interceptor.InvocationContextImpl.proceed(InvocationContextImpl.java:118)
	at org.jboss.ejb3.interceptor.EJB3InterceptorsInterceptor.invoke(EJB3InterceptorsInterceptor.java:63)
	at org.jboss.aop.joinpoint.MethodInvocation.invokeNext(MethodInvocation.java:101)
	at org.jboss.ejb3.entity.TransactionScopedEntityManagerInterceptor.invoke(TransactionScopedEntityManagerInterceptor.java:54)
	at org.jboss.aop.joinpoint.MethodInvocation.invokeNext(MethodInvocation.java:101)
	at org.jboss.ejb3.AllowedOperationsInterceptor.invoke(AllowedOperationsInterceptor.java:47)
	at org.jboss.aop.joinpoint.MethodInvocation.invokeNext(MethodInvocation.java:101)
	at org.jboss.aspects.tx.TxPolicy.invokeInOurTx(TxPolicy.java:79)
	at org.jboss.aspects.tx.TxInterceptor$Required.invoke(TxInterceptor.java:191)
	at org.jboss.aop.joinpoint.MethodInvocation.invokeNext(MethodInvocation.java:101)
	at org.jboss.aspects.tx.TxPropagationInterceptor.invoke(TxPropagationInterceptor.java:95)
	at org.jboss.aop.joinpoint.MethodInvocation.invokeNext(MethodInvocation.java:101)
	at org.jboss.ejb3.stateless.StatelessInstanceInterceptor.invoke(StatelessInstanceInterceptor.java:62)
	at org.jboss.aop.joinpoint.MethodInvocation.invokeNext(MethodInvocation.java:101)
	at org.jboss.aspects.security.AuthenticationInterceptor.invoke(AuthenticationInterceptor.java:77)
	at org.jboss.ejb3.security.Ejb3AuthenticationInterceptor.invoke(Ejb3AuthenticationInterceptor.java:110)
	at org.jboss.aop.joinpoint.MethodInvocation.invokeNext(MethodInvocation.java:101)
	at org.jboss.ejb3.ENCPropagationInterceptor.invoke(ENCPropagationInterceptor.java:46)
	at org.jboss.aop.joinpoint.MethodInvocation.invokeNext(MethodInvocation.java:101)
	at org.jboss.ejb3.asynchronous.AsynchronousInterceptor.invoke(AsynchronousInterceptor.java:106)
	at org.jboss.aop.joinpoint.MethodInvocation.invokeNext(MethodInvocation.java:101)
	at org.jboss.ejb3.stateless.StatelessContainer.dynamicInvoke(StatelessContainer.java:304)
	at org.jboss.aop.Dispatcher.invoke(Dispatcher.java:106)
	at org.jboss.aspects.remoting.AOPRemotingInvocationHandler.invoke(AOPRemotingInvocationHandler.java:82)
	at org.jboss.remoting.ServerInvoker.invoke(ServerInvoker.java:769)
	at org.jboss.remoting.transport.socket.ServerThread.processInvocation(ServerThread.java:573)
	at org.jboss.remoting.transport.socket.ServerThread.dorun(ServerThread.java:373)
	at org.jboss.remoting.transport.socket.ServerThread.run(ServerThread.java:166)
Caused by: com.topcoder.service.digitalrun.contest.PersistenceException: org.hibernate.exception.GenericJDBCException: Cannot open connection
	at com.topcoder.service.digitalrun.contest.persistence.BaseHibernateDAO.findEntity(BaseHibernateDAO.java:358)
	at com.topcoder.service.digitalrun.contest.persistence.BaseHibernateDAO.errorIfEntityNotExists(BaseHibernateDAO.java:318)
	at com.topcoder.service.digitalrun.contest.persistence.HibernateContestTrackDAO.removeTrackContest(HibernateContestTrackDAO.java:209)
	at com.topcoder.service.digitalrun.contest.DigitalRunContestManagerBean.removeTrackContest(DigitalRunContestManagerBean.java:611)
	at org.jboss.aop.joinpoint.MethodInvocation.invokeNext(MethodInvocation.java:112)
	at org.jboss.ejb3.interceptor.InvocationContextImpl.proceed(InvocationContextImpl.java:166)
	at com.topcoder.service.digitalrun.contest.audit.interceptors.AuditRemoveContestInterceptor.audit(AuditRemoveContestInterceptor.java:50)
	at org.jboss.ejb3.interceptor.InvocationContextImpl.proceed(InvocationContextImpl.java:118)
	at org.jboss.ejb3.interceptor.EJB3InterceptorsInterceptor.invoke(EJB3InterceptorsInterceptor.java:63)
	at org.jboss.aop.joinpoint.MethodInvocation.invokeNext(MethodInvocation.java:101)
	at org.jboss.ejb3.entity.TransactionScopedEntityManagerInterceptor.invoke(TransactionScopedEntityManagerInterceptor.java:54)
	at org.jboss.aop.joinpoint.MethodInvocation.invokeNext(MethodInvocation.java:101)
	at org.jboss.ejb3.AllowedOperationsInterceptor.invoke(AllowedOperationsInterceptor.java:47)
	at org.jboss.aop.joinpoint.MethodInvocation.invokeNext(MethodInvocation.java:101)
	at org.jboss.aspects.tx.TxPolicy.invokeInOurTx(TxPolicy.java:79)
	at org.jboss.aspects.tx.TxInterceptor$Required.invoke(TxInterceptor.java:191)
	at org.jboss.aop.joinpoint.MethodInvocation.invokeNext(MethodInvocation.java:101)
	at org.jboss.aspects.tx.TxPropagationInterceptor.invoke(TxPropagationInterceptor.java:95)
	at org.jboss.aop.joinpoint.MethodInvocation.invokeNext(MethodInvocation.java:101)
	at org.jboss.ejb3.stateless.StatelessInstanceInterceptor.invoke(StatelessInstanceInterceptor.java:62)
	at org.jboss.aop.joinpoint.MethodInvocation.invokeNext(MethodInvocation.java:101)
	at org.jboss.aspects.security.AuthenticationInterceptor.invoke(AuthenticationInterceptor.java:77)
	at org.jboss.ejb3.security.Ejb3AuthenticationInterceptor.invoke(Ejb3AuthenticationInterceptor.java:110)
	at org.jboss.aop.joinpoint.MethodInvocation.invokeNext(MethodInvocation.java:101)
	at org.jboss.ejb3.ENCPropagationInterceptor.invoke(ENCPropagationInterceptor.java:46)
	at org.jboss.aop.joinpoint.MethodInvocation.invokeNext(MethodInvocation.java:101)
	at org.jboss.ejb3.asynchronous.AsynchronousInterceptor.invoke(AsynchronousInterceptor.java:106)
	at org.jboss.aop.joinpoint.MethodInvocation.invokeNext(MethodInvocation.java:101)
	at org.jboss.ejb3.stateless.StatelessContainer.dynamicInvoke(StatelessContainer.java:304)
	at org.jboss.aop.Dispatcher.invoke(Dispatcher.java:106)
	at org.jboss.aspects.remoting.AOPRemotingInvocationHandler.invoke(AOPRemotingInvocationHandler.java:82)
	at org.jboss.remoting.ServerInvoker.invoke(ServerInvoker.java:769)
	at org.jboss.remoting.transport.socket.ServerThread.processInvocation(ServerThread.java:573)
	at org.jboss.remoting.transport.socket.ServerThread.dorun(ServerThread.java:373)
	at org.jboss.remoting.transport.socket.ServerThread.run(ServerThread.java:166)
	at org.jboss.remoting.MicroRemoteClientInvoker.invoke(MicroRemoteClientInvoker.java:163)
	at org.jboss.remoting.Client.invoke(Client.java:1634)
	at org.jboss.remoting.Client.invoke(Client.java:548)
	at org.jboss.aspects.remoting.InvokeRemoteInterceptor.invoke(InvokeRemoteInterceptor.java:62)
	at org.jboss.aop.joinpoint.MethodInvocation.invokeNext(MethodInvocation.java:101)
	at org.jboss.aspects.tx.ClientTxPropagationInterceptor.invoke(ClientTxPropagationInterceptor.java:67)
	at org.jboss.aop.joinpoint.MethodInvocation.invokeNext(MethodInvocation.java:101)
	at org.jboss.aspects.security.SecurityClientInterceptor.invoke(SecurityClientInterceptor.java:53)
	at org.jboss.aop.joinpoint.MethodInvocation.invokeNext(MethodInvocation.java:101)
	at org.jboss.ejb3.remoting.IsLocalInterceptor.invoke(IsLocalInterceptor.java:74)
	at org.jboss.aop.joinpoint.MethodInvocation.invokeNext(MethodInvocation.java:101)
	at org.jboss.ejb3.stateless.StatelessRemoteProxy.invoke(StatelessRemoteProxy.java:107)
	at $Proxy7.removeTrackContest(Unknown Source)
	at com.topcoder.service.digitalrun.contest.DigitalRunContestManagerBeanTestExp.testRemoveTrackContest_EntityNotFoundException(DigitalRunContestManagerBeanTestExp.java:222)
	at org.jboss.aspects.remoting.InvokeRemoteInterceptor.invoke(InvokeRemoteInterceptor.java:74)
	at org.jboss.aop.joinpoint.MethodInvocation.invokeNext(MethodInvocation.java:101)
	at org.jboss.aspects.tx.ClientTxPropagationInterceptor.invoke(ClientTxPropagationInterceptor.java:67)
	at org.jboss.aop.joinpoint.MethodInvocation.invokeNext(MethodInvocation.java:101)
	at org.jboss.aspects.security.SecurityClientInterceptor.invoke(SecurityClientInterceptor.java:53)
	at org.jboss.aop.joinpoint.MethodInvocation.invokeNext(MethodInvocation.java:101)
	at org.jboss.ejb3.remoting.IsLocalInterceptor.invoke(IsLocalInterceptor.java:74)
	at org.jboss.aop.joinpoint.MethodInvocation.invokeNext(MethodInvocation.java:101)
	at org.jboss.ejb3.stateless.StatelessRemoteProxy.invoke(StatelessRemoteProxy.java:107)
	at $Proxy7.removeTrackContest(Unknown Source)
	at com.topcoder.service.digitalrun.contest.DigitalRunContestManagerBeanTestExp.testRemoveTrackContest_EntityNotFoundException(DigitalRunContestManagerBeanTestExp.java:222)
Caused by: javax.persistence.PersistenceException: org.hibernate.exception.GenericJDBCException: Cannot open connection
	at org.hibernate.ejb.AbstractEntityManagerImpl.throwPersistenceException(AbstractEntityManagerImpl.java:629)
	at org.hibernate.ejb.AbstractEntityManagerImpl.find(AbstractEntityManagerImpl.java:194)
	at org.jboss.ejb3.entity.TransactionScopedEntityManager.find(TransactionScopedEntityManager.java:171)
	at com.topcoder.service.digitalrun.contest.persistence.BaseHibernateDAO.findEntity(BaseHibernateDAO.java:355)
	at com.topcoder.service.digitalrun.contest.persistence.BaseHibernateDAO.errorIfEntityNotExists(BaseHibernateDAO.java:318)
	at com.topcoder.service.digitalrun.contest.persistence.HibernateContestTrackDAO.removeTrackContest(HibernateContestTrackDAO.java:209)
	at com.topcoder.service.digitalrun.contest.DigitalRunContestManagerBean.removeTrackContest(DigitalRunContestManagerBean.java:611)
	at org.jboss.aop.joinpoint.MethodInvocation.invokeNext(MethodInvocation.java:112)
	at org.jboss.ejb3.interceptor.InvocationContextImpl.proceed(InvocationContextImpl.java:166)
	at com.topcoder.service.digitalrun.contest.audit.interceptors.AuditRemoveContestInterceptor.audit(AuditRemoveContestInterceptor.java:50)
	at org.jboss.ejb3.interceptor.InvocationContextImpl.proceed(InvocationContextImpl.java:118)
	at org.jboss.ejb3.interceptor.EJB3InterceptorsInterceptor.invoke(EJB3InterceptorsInterceptor.java:63)
	at org.jboss.aop.joinpoint.MethodInvocation.invokeNext(MethodInvocation.java:101)
	at org.jboss.ejb3.entity.TransactionScopedEntityManagerInterceptor.invoke(TransactionScopedEntityManagerInterceptor.java:54)
	at org.jboss.aop.joinpoint.MethodInvocation.invokeNext(MethodInvocation.java:101)
	at org.jboss.ejb3.AllowedOperationsInterceptor.invoke(AllowedOperationsInterceptor.java:47)
	at org.jboss.aop.joinpoint.MethodInvocation.invokeNext(MethodInvocation.java:101)
	at org.jboss.aspects.tx.TxPolicy.invokeInOurTx(TxPolicy.java:79)
	at org.jboss.aspects.tx.TxInterceptor$Required.invoke(TxInterceptor.java:191)
	at org.jboss.aop.joinpoint.MethodInvocation.invokeNext(MethodInvocation.java:101)
	at org.jboss.aspects.tx.TxPropagationInterceptor.invoke(TxPropagationInterceptor.java:95)
	at org.jboss.aop.joinpoint.MethodInvocation.invokeNext(MethodInvocation.java:101)
	at org.jboss.ejb3.stateless.StatelessInstanceInterceptor.invoke(StatelessInstanceInterceptor.java:62)
	at org.jboss.aop.joinpoint.MethodInvocation.invokeNext(MethodInvocation.java:101)
	at org.jboss.aspects.security.AuthenticationInterceptor.invoke(AuthenticationInterceptor.java:77)
	at org.jboss.ejb3.security.Ejb3AuthenticationInterceptor.invoke(Ejb3AuthenticationInterceptor.java:110)
	at org.jboss.aop.joinpoint.MethodInvocation.invokeNext(MethodInvocation.java:101)
	at org.jboss.ejb3.ENCPropagationInterceptor.invoke(ENCPropagationInterceptor.java:46)
	at org.jboss.aop.joinpoint.MethodInvocation.invokeNext(MethodInvocation.java:101)
	at org.jboss.ejb3.asynchronous.AsynchronousInterceptor.invoke(AsynchronousInterceptor.java:106)
	at org.jboss.aop.joinpoint.MethodInvocation.invokeNext(MethodInvocation.java:101)
	at org.jboss.ejb3.stateless.StatelessContainer.dynamicInvoke(StatelessContainer.java:304)
	at org.jboss.aop.Dispatcher.invoke(Dispatcher.java:106)
	at org.jboss.aspects.remoting.AOPRemotingInvocationHandler.invoke(AOPRemotingInvocationHandler.java:82)
	at org.jboss.remoting.ServerInvoker.invoke(ServerInvoker.java:769)
	at org.jboss.remoting.transport.socket.ServerThread.processInvocation(ServerThread.java:573)
	at org.jboss.remoting.transport.socket.ServerThread.dorun(ServerThread.java:373)
	at org.jboss.remoting.transport.socket.ServerThread.run(ServerThread.java:166)
Caused by: org.hibernate.exception.GenericJDBCException: Cannot open connection
	at org.hibernate.exception.SQLStateConverter.handledNonSpecificException(SQLStateConverter.java:103)
	at org.hibernate.exception.SQLStateConverter.convert(SQLStateConverter.java:91)
	at org.hibernate.exception.JDBCExceptionHelper.convert(JDBCExceptionHelper.java:43)
	at org.hibernate.exception.JDBCExceptionHelper.convert(JDBCExceptionHelper.java:29)
	at org.hibernate.jdbc.ConnectionManager.openConnection(ConnectionManager.java:426)
	at org.hibernate.jdbc.ConnectionManager.getConnection(ConnectionManager.java:144)
	at org.hibernate.jdbc.AbstractBatcher.prepareQueryStatement(AbstractBatcher.java:139)
	at org.hibernate.loader.Loader.prepareQueryStatement(Loader.java:1547)
	at org.hibernate.loader.Loader.doQuery(Loader.java:673)
	at org.hibernate.loader.Loader.doQueryAndInitializeNonLazyCollections(Loader.java:236)
	at org.hibernate.loader.Loader.loadEntity(Loader.java:1860)
	at org.hibernate.loader.entity.AbstractEntityLoader.load(AbstractEntityLoader.java:48)
	at org.hibernate.loader.entity.AbstractEntityLoader.load(AbstractEntityLoader.java:42)
	at org.hibernate.persister.entity.AbstractEntityPersister.load(AbstractEntityPersister.java:3044)
	at org.hibernate.event.def.DefaultLoadEventListener.loadFromDatasource(DefaultLoadEventListener.java:395)
	at org.hibernate.event.def.DefaultLoadEventListener.doLoad(DefaultLoadEventListener.java:375)
	at org.hibernate.event.def.DefaultLoadEventListener.load(DefaultLoadEventListener.java:139)
	at org.hibernate.event.def.DefaultLoadEventListener.proxyOrLoad(DefaultLoadEventListener.java:195)
	at org.hibernate.event.def.DefaultLoadEventListener.onLoad(DefaultLoadEventListener.java:103)
	at org.hibernate.impl.SessionImpl.fireLoad(SessionImpl.java:878)
	at org.hibernate.impl.SessionImpl.get(SessionImpl.java:815)
	at org.hibernate.impl.SessionImpl.get(SessionImpl.java:808)
	at org.hibernate.ejb.AbstractEntityManagerImpl.find(AbstractEntityManagerImpl.java:174)
Caused by: org.jboss.util.NestedSQLException: Could not create connection; - nested throwable: (java.sql.SQLException: com.informix.asf.IfxASFException: Attempt to connect to database server (topcoder) failed.); - nested throwable: (org.jboss.resource.JBossResourceException: Could not create connection; - nested throwable: (java.sql.SQLException: com.informix.asf.IfxASFException: Attempt to connect to database server (topcoder) failed.))
	at org.jboss.resource.adapter.jdbc.WrapperDataSource.getConnection(WrapperDataSource.java:94)
	at org.hibernate.ejb.connection.InjectedDataSourceConnectionProvider.getConnection(InjectedDataSourceConnectionProvider.java:47)
	at org.hibernate.jdbc.ConnectionManager.openConnection(ConnectionManager.java:423)
Caused by: org.jboss.resource.JBossResourceException: Could not create connection; - nested throwable: (java.sql.SQLException: com.informix.asf.IfxASFException: Attempt to connect to database server (topcoder) failed.)
	at org.jboss.resource.adapter.jdbc.local.LocalManagedConnectionFactory.createManagedConnection(LocalManagedConnectionFactory.java:179)
	at org.jboss.resource.connectionmanager.InternalManagedConnectionPool.createConnectionEventListener(InternalManagedConnectionPool.java:577)
	at org.jboss.resource.connectionmanager.InternalManagedConnectionPool.getConnection(InternalManagedConnectionPool.java:262)
	at org.jboss.resource.connectionmanager.JBossManagedConnectionPool$BasePool.getConnection(JBossManagedConnectionPool.java:538)
	at org.jboss.resource.connectionmanager.BaseConnectionManager2.getManagedConnection(BaseConnectionManager2.java:341)
	at org.jboss.resource.connectionmanager.TxConnectionManager.getManagedConnection(TxConnectionManager.java:315)
	at org.jboss.resource.connectionmanager.BaseConnectionManager2.allocateConnection(BaseConnectionManager2.java:396)
	at org.jboss.resource.connectionmanager.BaseConnectionManager2$ConnectionManagerProxy.allocateConnection(BaseConnectionManager2.java:842)
	at org.jboss.resource.adapter.jdbc.WrapperDataSource.getConnection(WrapperDataSource.java:88)
Caused by: java.sql.SQLException: com.informix.asf.IfxASFException: Attempt to connect to database server (topcoder) failed.
	at com.informix.jdbc.IfxSqliConnect.&lt;init&gt;(IfxSqliConnect.java:1026)
	at java.lang.reflect.Constructor.newInstance(Constructor.java:494)
	at com.informix.jdbc.IfxDriver.connect(IfxDriver.java:254)
	at org.jboss.resource.adapter.jdbc.local.LocalManagedConnectionFactory.createManagedConnection(LocalManagedConnectionFactory.java:171)
</error>
  </testcase>
  <testcase classname="com.topcoder.service.digitalrun.contest.DigitalRunContestManagerBeanTestExp" name="testCreateTrackContestType_IllegalArgumentException" time="0.172" />
  <testcase classname="com.topcoder.service.digitalrun.contest.DigitalRunContestManagerBeanTestExp" name="testCreateTrackContestType_EntityExistsException" time="21.031">
    <error message="Persistence error occurs while creating track contest type." type="com.topcoder.service.digitalrun.contest.DigitalRunContestManagerException">com.topcoder.service.digitalrun.contest.DigitalRunContestManagerException: Persistence error occurs while creating track contest type.
	at com.topcoder.service.digitalrun.contest.DigitalRunContestManagerBean.createTrackContestType(DigitalRunContestManagerBean.java:710)
	at org.jboss.aop.joinpoint.MethodInvocation.invokeNext(MethodInvocation.java:112)
	at org.jboss.ejb3.interceptor.InvocationContextImpl.proceed(InvocationContextImpl.java:166)
	at org.jboss.ejb3.interceptor.EJB3InterceptorsInterceptor.invoke(EJB3InterceptorsInterceptor.java:63)
	at org.jboss.aop.joinpoint.MethodInvocation.invokeNext(MethodInvocation.java:101)
	at org.jboss.ejb3.entity.TransactionScopedEntityManagerInterceptor.invoke(TransactionScopedEntityManagerInterceptor.java:54)
	at org.jboss.aop.joinpoint.MethodInvocation.invokeNext(MethodInvocation.java:101)
	at org.jboss.ejb3.AllowedOperationsInterceptor.invoke(AllowedOperationsInterceptor.java:47)
	at org.jboss.aop.joinpoint.MethodInvocation.invokeNext(MethodInvocation.java:101)
	at org.jboss.aspects.tx.TxPolicy.invokeInOurTx(TxPolicy.java:79)
	at org.jboss.aspects.tx.TxInterceptor$Required.invoke(TxInterceptor.java:191)
	at org.jboss.aop.joinpoint.MethodInvocation.invokeNext(MethodInvocation.java:101)
	at org.jboss.aspects.tx.TxPropagationInterceptor.invoke(TxPropagationInterceptor.java:95)
	at org.jboss.aop.joinpoint.MethodInvocation.invokeNext(MethodInvocation.java:101)
	at org.jboss.ejb3.stateless.StatelessInstanceInterceptor.invoke(StatelessInstanceInterceptor.java:62)
	at org.jboss.aop.joinpoint.MethodInvocation.invokeNext(MethodInvocation.java:101)
	at org.jboss.aspects.security.AuthenticationInterceptor.invoke(AuthenticationInterceptor.java:77)
	at org.jboss.ejb3.security.Ejb3AuthenticationInterceptor.invoke(Ejb3AuthenticationInterceptor.java:110)
	at org.jboss.aop.joinpoint.MethodInvocation.invokeNext(MethodInvocation.java:101)
	at org.jboss.ejb3.ENCPropagationInterceptor.invoke(ENCPropagationInterceptor.java:46)
	at org.jboss.aop.joinpoint.MethodInvocation.invokeNext(MethodInvocation.java:101)
	at org.jboss.ejb3.asynchronous.AsynchronousInterceptor.invoke(AsynchronousInterceptor.java:106)
	at org.jboss.aop.joinpoint.MethodInvocation.invokeNext(MethodInvocation.java:101)
	at org.jboss.ejb3.stateless.StatelessContainer.dynamicInvoke(StatelessContainer.java:304)
	at org.jboss.aop.Dispatcher.invoke(Dispatcher.java:106)
	at org.jboss.aspects.remoting.AOPRemotingInvocationHandler.invoke(AOPRemotingInvocationHandler.java:82)
	at org.jboss.remoting.ServerInvoker.invoke(ServerInvoker.java:769)
	at org.jboss.remoting.transport.socket.ServerThread.processInvocation(ServerThread.java:573)
	at org.jboss.remoting.transport.socket.ServerThread.dorun(ServerThread.java:373)
	at org.jboss.remoting.transport.socket.ServerThread.run(ServerThread.java:166)
Caused by: com.topcoder.service.digitalrun.contest.PersistenceException: org.hibernate.exception.GenericJDBCException: Cannot open connection
	at com.topcoder.service.digitalrun.contest.persistence.BaseHibernateDAO.findEntity(BaseHibernateDAO.java:358)
	at com.topcoder.service.digitalrun.contest.persistence.BaseHibernateDAO.errorIfEntityExists(BaseHibernateDAO.java:250)
	at com.topcoder.service.digitalrun.contest.persistence.HibernateTrackContestTypeDAO.createTrackContestType(HibernateTrackContestTypeDAO.java:96)
	at com.topcoder.service.digitalrun.contest.DigitalRunContestManagerBean.createTrackContestType(DigitalRunContestManagerBean.java:708)
	at org.jboss.aop.joinpoint.MethodInvocation.invokeNext(MethodInvocation.java:112)
	at org.jboss.ejb3.interceptor.InvocationContextImpl.proceed(InvocationContextImpl.java:166)
	at org.jboss.ejb3.interceptor.EJB3InterceptorsInterceptor.invoke(EJB3InterceptorsInterceptor.java:63)
	at org.jboss.aop.joinpoint.MethodInvocation.invokeNext(MethodInvocation.java:101)
	at org.jboss.ejb3.entity.TransactionScopedEntityManagerInterceptor.invoke(TransactionScopedEntityManagerInterceptor.java:54)
	at org.jboss.aop.joinpoint.MethodInvocation.invokeNext(MethodInvocation.java:101)
	at org.jboss.ejb3.AllowedOperationsInterceptor.invoke(AllowedOperationsInterceptor.java:47)
	at org.jboss.aop.joinpoint.MethodInvocation.invokeNext(MethodInvocation.java:101)
	at org.jboss.aspects.tx.TxPolicy.invokeInOurTx(TxPolicy.java:79)
	at org.jboss.aspects.tx.TxInterceptor$Required.invoke(TxInterceptor.java:191)
	at org.jboss.aop.joinpoint.MethodInvocation.invokeNext(MethodInvocation.java:101)
	at org.jboss.aspects.tx.TxPropagationInterceptor.invoke(TxPropagationInterceptor.java:95)
	at org.jboss.aop.joinpoint.MethodInvocation.invokeNext(MethodInvocation.java:101)
	at org.jboss.ejb3.stateless.StatelessInstanceInterceptor.invoke(StatelessInstanceInterceptor.java:62)
	at org.jboss.aop.joinpoint.MethodInvocation.invokeNext(MethodInvocation.java:101)
	at org.jboss.aspects.security.AuthenticationInterceptor.invoke(AuthenticationInterceptor.java:77)
	at org.jboss.ejb3.security.Ejb3AuthenticationInterceptor.invoke(Ejb3AuthenticationInterceptor.java:110)
	at org.jboss.aop.joinpoint.MethodInvocation.invokeNext(MethodInvocation.java:101)
	at org.jboss.ejb3.ENCPropagationInterceptor.invoke(ENCPropagationInterceptor.java:46)
	at org.jboss.aop.joinpoint.MethodInvocation.invokeNext(MethodInvocation.java:101)
	at org.jboss.ejb3.asynchronous.AsynchronousInterceptor.invoke(AsynchronousInterceptor.java:106)
	at org.jboss.aop.joinpoint.MethodInvocation.invokeNext(MethodInvocation.java:101)
	at org.jboss.ejb3.stateless.StatelessContainer.dynamicInvoke(StatelessContainer.java:304)
	at org.jboss.aop.Dispatcher.invoke(Dispatcher.java:106)
	at org.jboss.aspects.remoting.AOPRemotingInvocationHandler.invoke(AOPRemotingInvocationHandler.java:82)
	at org.jboss.remoting.ServerInvoker.invoke(ServerInvoker.java:769)
	at org.jboss.remoting.transport.socket.ServerThread.processInvocation(ServerThread.java:573)
	at org.jboss.remoting.transport.socket.ServerThread.dorun(ServerThread.java:373)
	at org.jboss.remoting.transport.socket.ServerThread.run(ServerThread.java:166)
	at org.jboss.remoting.MicroRemoteClientInvoker.invoke(MicroRemoteClientInvoker.java:163)
	at org.jboss.remoting.Client.invoke(Client.java:1634)
	at org.jboss.remoting.Client.invoke(Client.java:548)
	at org.jboss.aspects.remoting.InvokeRemoteInterceptor.invoke(InvokeRemoteInterceptor.java:62)
	at org.jboss.aop.joinpoint.MethodInvocation.invokeNext(MethodInvocation.java:101)
	at org.jboss.aspects.tx.ClientTxPropagationInterceptor.invoke(ClientTxPropagationInterceptor.java:67)
	at org.jboss.aop.joinpoint.MethodInvocation.invokeNext(MethodInvocation.java:101)
	at org.jboss.aspects.security.SecurityClientInterceptor.invoke(SecurityClientInterceptor.java:53)
	at org.jboss.aop.joinpoint.MethodInvocation.invokeNext(MethodInvocation.java:101)
	at org.jboss.ejb3.remoting.IsLocalInterceptor.invoke(IsLocalInterceptor.java:74)
	at org.jboss.aop.joinpoint.MethodInvocation.invokeNext(MethodInvocation.java:101)
	at org.jboss.ejb3.stateless.StatelessRemoteProxy.invoke(StatelessRemoteProxy.java:107)
	at $Proxy7.createTrackContestType(Unknown Source)
	at com.topcoder.service.digitalrun.contest.DigitalRunContestManagerBeanTestExp.testCreateTrackContestType_EntityExistsException(DigitalRunContestManagerBeanTestExp.java:256)
	at org.jboss.aspects.remoting.InvokeRemoteInterceptor.invoke(InvokeRemoteInterceptor.java:74)
	at org.jboss.aop.joinpoint.MethodInvocation.invokeNext(MethodInvocation.java:101)
	at org.jboss.aspects.tx.ClientTxPropagationInterceptor.invoke(ClientTxPropagationInterceptor.java:67)
	at org.jboss.aop.joinpoint.MethodInvocation.invokeNext(MethodInvocation.java:101)
	at org.jboss.aspects.security.SecurityClientInterceptor.invoke(SecurityClientInterceptor.java:53)
	at org.jboss.aop.joinpoint.MethodInvocation.invokeNext(MethodInvocation.java:101)
	at org.jboss.ejb3.remoting.IsLocalInterceptor.invoke(IsLocalInterceptor.java:74)
	at org.jboss.aop.joinpoint.MethodInvocation.invokeNext(MethodInvocation.java:101)
	at org.jboss.ejb3.stateless.StatelessRemoteProxy.invoke(StatelessRemoteProxy.java:107)
	at $Proxy7.createTrackContestType(Unknown Source)
	at com.topcoder.service.digitalrun.contest.DigitalRunContestManagerBeanTestExp.testCreateTrackContestType_EntityExistsException(DigitalRunContestManagerBeanTestExp.java:256)
Caused by: javax.persistence.PersistenceException: org.hibernate.exception.GenericJDBCException: Cannot open connection
	at org.hibernate.ejb.AbstractEntityManagerImpl.throwPersistenceException(AbstractEntityManagerImpl.java:629)
	at org.hibernate.ejb.AbstractEntityManagerImpl.find(AbstractEntityManagerImpl.java:194)
	at org.jboss.ejb3.entity.TransactionScopedEntityManager.find(TransactionScopedEntityManager.java:171)
	at com.topcoder.service.digitalrun.contest.persistence.BaseHibernateDAO.findEntity(BaseHibernateDAO.java:355)
	at com.topcoder.service.digitalrun.contest.persistence.BaseHibernateDAO.errorIfEntityExists(BaseHibernateDAO.java:250)
	at com.topcoder.service.digitalrun.contest.persistence.HibernateTrackContestTypeDAO.createTrackContestType(HibernateTrackContestTypeDAO.java:96)
	at com.topcoder.service.digitalrun.contest.DigitalRunContestManagerBean.createTrackContestType(DigitalRunContestManagerBean.java:708)
	at org.jboss.aop.joinpoint.MethodInvocation.invokeNext(MethodInvocation.java:112)
	at org.jboss.ejb3.interceptor.InvocationContextImpl.proceed(InvocationContextImpl.java:166)
	at org.jboss.ejb3.interceptor.EJB3InterceptorsInterceptor.invoke(EJB3InterceptorsInterceptor.java:63)
	at org.jboss.aop.joinpoint.MethodInvocation.invokeNext(MethodInvocation.java:101)
	at org.jboss.ejb3.entity.TransactionScopedEntityManagerInterceptor.invoke(TransactionScopedEntityManagerInterceptor.java:54)
	at org.jboss.aop.joinpoint.MethodInvocation.invokeNext(MethodInvocation.java:101)
	at org.jboss.ejb3.AllowedOperationsInterceptor.invoke(AllowedOperationsInterceptor.java:47)
	at org.jboss.aop.joinpoint.MethodInvocation.invokeNext(MethodInvocation.java:101)
	at org.jboss.aspects.tx.TxPolicy.invokeInOurTx(TxPolicy.java:79)
	at org.jboss.aspects.tx.TxInterceptor$Required.invoke(TxInterceptor.java:191)
	at org.jboss.aop.joinpoint.MethodInvocation.invokeNext(MethodInvocation.java:101)
	at org.jboss.aspects.tx.TxPropagationInterceptor.invoke(TxPropagationInterceptor.java:95)
	at org.jboss.aop.joinpoint.MethodInvocation.invokeNext(MethodInvocation.java:101)
	at org.jboss.ejb3.stateless.StatelessInstanceInterceptor.invoke(StatelessInstanceInterceptor.java:62)
	at org.jboss.aop.joinpoint.MethodInvocation.invokeNext(MethodInvocation.java:101)
	at org.jboss.aspects.security.AuthenticationInterceptor.invoke(AuthenticationInterceptor.java:77)
	at org.jboss.ejb3.security.Ejb3AuthenticationInterceptor.invoke(Ejb3AuthenticationInterceptor.java:110)
	at org.jboss.aop.joinpoint.MethodInvocation.invokeNext(MethodInvocation.java:101)
	at org.jboss.ejb3.ENCPropagationInterceptor.invoke(ENCPropagationInterceptor.java:46)
	at org.jboss.aop.joinpoint.MethodInvocation.invokeNext(MethodInvocation.java:101)
	at org.jboss.ejb3.asynchronous.AsynchronousInterceptor.invoke(AsynchronousInterceptor.java:106)
	at org.jboss.aop.joinpoint.MethodInvocation.invokeNext(MethodInvocation.java:101)
	at org.jboss.ejb3.stateless.StatelessContainer.dynamicInvoke(StatelessContainer.java:304)
	at org.jboss.aop.Dispatcher.invoke(Dispatcher.java:106)
	at org.jboss.aspects.remoting.AOPRemotingInvocationHandler.invoke(AOPRemotingInvocationHandler.java:82)
	at org.jboss.remoting.ServerInvoker.invoke(ServerInvoker.java:769)
	at org.jboss.remoting.transport.socket.ServerThread.processInvocation(ServerThread.java:573)
	at org.jboss.remoting.transport.socket.ServerThread.dorun(ServerThread.java:373)
	at org.jboss.remoting.transport.socket.ServerThread.run(ServerThread.java:166)
Caused by: org.hibernate.exception.GenericJDBCException: Cannot open connection
	at org.hibernate.exception.SQLStateConverter.handledNonSpecificException(SQLStateConverter.java:103)
	at org.hibernate.exception.SQLStateConverter.convert(SQLStateConverter.java:91)
	at org.hibernate.exception.JDBCExceptionHelper.convert(JDBCExceptionHelper.java:43)
	at org.hibernate.exception.JDBCExceptionHelper.convert(JDBCExceptionHelper.java:29)
	at org.hibernate.jdbc.ConnectionManager.openConnection(ConnectionManager.java:426)
	at org.hibernate.jdbc.ConnectionManager.getConnection(ConnectionManager.java:144)
	at org.hibernate.jdbc.AbstractBatcher.prepareQueryStatement(AbstractBatcher.java:139)
	at org.hibernate.loader.Loader.prepareQueryStatement(Loader.java:1547)
	at org.hibernate.loader.Loader.doQuery(Loader.java:673)
	at org.hibernate.loader.Loader.doQueryAndInitializeNonLazyCollections(Loader.java:236)
	at org.hibernate.loader.Loader.loadEntity(Loader.java:1860)
	at org.hibernate.loader.entity.AbstractEntityLoader.load(AbstractEntityLoader.java:48)
	at org.hibernate.loader.entity.AbstractEntityLoader.load(AbstractEntityLoader.java:42)
	at org.hibernate.persister.entity.AbstractEntityPersister.load(AbstractEntityPersister.java:3044)
	at org.hibernate.event.def.DefaultLoadEventListener.loadFromDatasource(DefaultLoadEventListener.java:395)
	at org.hibernate.event.def.DefaultLoadEventListener.doLoad(DefaultLoadEventListener.java:375)
	at org.hibernate.event.def.DefaultLoadEventListener.load(DefaultLoadEventListener.java:139)
	at org.hibernate.event.def.DefaultLoadEventListener.proxyOrLoad(DefaultLoadEventListener.java:195)
	at org.hibernate.event.def.DefaultLoadEventListener.onLoad(DefaultLoadEventListener.java:103)
	at org.hibernate.impl.SessionImpl.fireLoad(SessionImpl.java:878)
	at org.hibernate.impl.SessionImpl.get(SessionImpl.java:815)
	at org.hibernate.impl.SessionImpl.get(SessionImpl.java:808)
	at org.hibernate.ejb.AbstractEntityManagerImpl.find(AbstractEntityManagerImpl.java:174)
Caused by: org.jboss.util.NestedSQLException: Could not create connection; - nested throwable: (java.sql.SQLException: com.informix.asf.IfxASFException: Attempt to connect to database server (topcoder) failed.); - nested throwable: (org.jboss.resource.JBossResourceException: Could not create connection; - nested throwable: (java.sql.SQLException: com.informix.asf.IfxASFException: Attempt to connect to database server (topcoder) failed.))
	at org.jboss.resource.adapter.jdbc.WrapperDataSource.getConnection(WrapperDataSource.java:94)
	at org.hibernate.ejb.connection.InjectedDataSourceConnectionProvider.getConnection(InjectedDataSourceConnectionProvider.java:47)
	at org.hibernate.jdbc.ConnectionManager.openConnection(ConnectionManager.java:423)
Caused by: org.jboss.resource.JBossResourceException: Could not create connection; - nested throwable: (java.sql.SQLException: com.informix.asf.IfxASFException: Attempt to connect to database server (topcoder) failed.)
	at org.jboss.resource.adapter.jdbc.local.LocalManagedConnectionFactory.createManagedConnection(LocalManagedConnectionFactory.java:179)
	at org.jboss.resource.connectionmanager.InternalManagedConnectionPool.createConnectionEventListener(InternalManagedConnectionPool.java:577)
	at org.jboss.resource.connectionmanager.InternalManagedConnectionPool.getConnection(InternalManagedConnectionPool.java:262)
	at org.jboss.resource.connectionmanager.JBossManagedConnectionPool$BasePool.getConnection(JBossManagedConnectionPool.java:538)
	at org.jboss.resource.connectionmanager.BaseConnectionManager2.getManagedConnection(BaseConnectionManager2.java:341)
	at org.jboss.resource.connectionmanager.TxConnectionManager.getManagedConnection(TxConnectionManager.java:315)
	at org.jboss.resource.connectionmanager.BaseConnectionManager2.allocateConnection(BaseConnectionManager2.java:396)
	at org.jboss.resource.connectionmanager.BaseConnectionManager2$ConnectionManagerProxy.allocateConnection(BaseConnectionManager2.java:842)
	at org.jboss.resource.adapter.jdbc.WrapperDataSource.getConnection(WrapperDataSource.java:88)
Caused by: java.sql.SQLException: com.informix.asf.IfxASFException: Attempt to connect to database server (topcoder) failed.
	at com.informix.jdbc.IfxSqliConnect.&lt;init&gt;(IfxSqliConnect.java:1026)
	at java.lang.reflect.Constructor.newInstance(Constructor.java:494)
	at com.informix.jdbc.IfxDriver.connect(IfxDriver.java:254)
	at org.jboss.resource.adapter.jdbc.local.LocalManagedConnectionFactory.createManagedConnection(LocalManagedConnectionFactory.java:171)
</error>
  </testcase>
  <testcase classname="com.topcoder.service.digitalrun.contest.DigitalRunContestManagerBeanTestExp" name="testCreateTrackContestType_PersistenceException" time="21.031" />
  <testcase classname="com.topcoder.service.digitalrun.contest.DigitalRunContestManagerBeanTestExp" name="testUpdateTrackContestType_IllegalArgumentException" time="0.125" />
  <testcase classname="com.topcoder.service.digitalrun.contest.DigitalRunContestManagerBeanTestExp" name="testUpdateTrackContestType_EntityNotFoundException" time="21.109">
    <error message="Persistence error occurs while updating track contest type." type="com.topcoder.service.digitalrun.contest.DigitalRunContestManagerException">com.topcoder.service.digitalrun.contest.DigitalRunContestManagerException: Persistence error occurs while updating track contest type.
	at com.topcoder.service.digitalrun.contest.DigitalRunContestManagerBean.updateTrackContestType(DigitalRunContestManagerBean.java:747)
	at org.jboss.aop.joinpoint.MethodInvocation.invokeNext(MethodInvocation.java:112)
	at org.jboss.ejb3.interceptor.InvocationContextImpl.proceed(InvocationContextImpl.java:166)
	at org.jboss.ejb3.interceptor.EJB3InterceptorsInterceptor.invoke(EJB3InterceptorsInterceptor.java:63)
	at org.jboss.aop.joinpoint.MethodInvocation.invokeNext(MethodInvocation.java:101)
	at org.jboss.ejb3.entity.TransactionScopedEntityManagerInterceptor.invoke(TransactionScopedEntityManagerInterceptor.java:54)
	at org.jboss.aop.joinpoint.MethodInvocation.invokeNext(MethodInvocation.java:101)
	at org.jboss.ejb3.AllowedOperationsInterceptor.invoke(AllowedOperationsInterceptor.java:47)
	at org.jboss.aop.joinpoint.MethodInvocation.invokeNext(MethodInvocation.java:101)
	at org.jboss.aspects.tx.TxPolicy.invokeInOurTx(TxPolicy.java:79)
	at org.jboss.aspects.tx.TxInterceptor$Required.invoke(TxInterceptor.java:191)
	at org.jboss.aop.joinpoint.MethodInvocation.invokeNext(MethodInvocation.java:101)
	at org.jboss.aspects.tx.TxPropagationInterceptor.invoke(TxPropagationInterceptor.java:95)
	at org.jboss.aop.joinpoint.MethodInvocation.invokeNext(MethodInvocation.java:101)
	at org.jboss.ejb3.stateless.StatelessInstanceInterceptor.invoke(StatelessInstanceInterceptor.java:62)
	at org.jboss.aop.joinpoint.MethodInvocation.invokeNext(MethodInvocation.java:101)
	at org.jboss.aspects.security.AuthenticationInterceptor.invoke(AuthenticationInterceptor.java:77)
	at org.jboss.ejb3.security.Ejb3AuthenticationInterceptor.invoke(Ejb3AuthenticationInterceptor.java:110)
	at org.jboss.aop.joinpoint.MethodInvocation.invokeNext(MethodInvocation.java:101)
	at org.jboss.ejb3.ENCPropagationInterceptor.invoke(ENCPropagationInterceptor.java:46)
	at org.jboss.aop.joinpoint.MethodInvocation.invokeNext(MethodInvocation.java:101)
	at org.jboss.ejb3.asynchronous.AsynchronousInterceptor.invoke(AsynchronousInterceptor.java:106)
	at org.jboss.aop.joinpoint.MethodInvocation.invokeNext(MethodInvocation.java:101)
	at org.jboss.ejb3.stateless.StatelessContainer.dynamicInvoke(StatelessContainer.java:304)
	at org.jboss.aop.Dispatcher.invoke(Dispatcher.java:106)
	at org.jboss.aspects.remoting.AOPRemotingInvocationHandler.invoke(AOPRemotingInvocationHandler.java:82)
	at org.jboss.remoting.ServerInvoker.invoke(ServerInvoker.java:769)
	at org.jboss.remoting.transport.socket.ServerThread.processInvocation(ServerThread.java:573)
	at org.jboss.remoting.transport.socket.ServerThread.dorun(ServerThread.java:373)
	at org.jboss.remoting.transport.socket.ServerThread.run(ServerThread.java:166)
Caused by: com.topcoder.service.digitalrun.contest.PersistenceException: org.hibernate.exception.GenericJDBCException: Cannot open connection
	at com.topcoder.service.digitalrun.contest.persistence.BaseHibernateDAO.findEntity(BaseHibernateDAO.java:358)
	at com.topcoder.service.digitalrun.contest.persistence.BaseHibernateDAO.errorIfEntityNotExists(BaseHibernateDAO.java:318)
	at com.topcoder.service.digitalrun.contest.persistence.BaseHibernateDAO.errorIfEntityNotExists(BaseHibernateDAO.java:288)
	at com.topcoder.service.digitalrun.contest.persistence.HibernateTrackContestTypeDAO.updateTrackContestType(HibernateTrackContestTypeDAO.java:133)
	at com.topcoder.service.digitalrun.contest.DigitalRunContestManagerBean.updateTrackContestType(DigitalRunContestManagerBean.java:745)
	at org.jboss.aop.joinpoint.MethodInvocation.invokeNext(MethodInvocation.java:112)
	at org.jboss.ejb3.interceptor.InvocationContextImpl.proceed(InvocationContextImpl.java:166)
	at org.jboss.ejb3.interceptor.EJB3InterceptorsInterceptor.invoke(EJB3InterceptorsInterceptor.java:63)
	at org.jboss.aop.joinpoint.MethodInvocation.invokeNext(MethodInvocation.java:101)
	at org.jboss.ejb3.entity.TransactionScopedEntityManagerInterceptor.invoke(TransactionScopedEntityManagerInterceptor.java:54)
	at org.jboss.aop.joinpoint.MethodInvocation.invokeNext(MethodInvocation.java:101)
	at org.jboss.ejb3.AllowedOperationsInterceptor.invoke(AllowedOperationsInterceptor.java:47)
	at org.jboss.aop.joinpoint.MethodInvocation.invokeNext(MethodInvocation.java:101)
	at org.jboss.aspects.tx.TxPolicy.invokeInOurTx(TxPolicy.java:79)
	at org.jboss.aspects.tx.TxInterceptor$Required.invoke(TxInterceptor.java:191)
	at org.jboss.aop.joinpoint.MethodInvocation.invokeNext(MethodInvocation.java:101)
	at org.jboss.aspects.tx.TxPropagationInterceptor.invoke(TxPropagationInterceptor.java:95)
	at org.jboss.aop.joinpoint.MethodInvocation.invokeNext(MethodInvocation.java:101)
	at org.jboss.ejb3.stateless.StatelessInstanceInterceptor.invoke(StatelessInstanceInterceptor.java:62)
	at org.jboss.aop.joinpoint.MethodInvocation.invokeNext(MethodInvocation.java:101)
	at org.jboss.aspects.security.AuthenticationInterceptor.invoke(AuthenticationInterceptor.java:77)
	at org.jboss.ejb3.security.Ejb3AuthenticationInterceptor.invoke(Ejb3AuthenticationInterceptor.java:110)
	at org.jboss.aop.joinpoint.MethodInvocation.invokeNext(MethodInvocation.java:101)
	at org.jboss.ejb3.ENCPropagationInterceptor.invoke(ENCPropagationInterceptor.java:46)
	at org.jboss.aop.joinpoint.MethodInvocation.invokeNext(MethodInvocation.java:101)
	at org.jboss.ejb3.asynchronous.AsynchronousInterceptor.invoke(AsynchronousInterceptor.java:106)
	at org.jboss.aop.joinpoint.MethodInvocation.invokeNext(MethodInvocation.java:101)
	at org.jboss.ejb3.stateless.StatelessContainer.dynamicInvoke(StatelessContainer.java:304)
	at org.jboss.aop.Dispatcher.invoke(Dispatcher.java:106)
	at org.jboss.aspects.remoting.AOPRemotingInvocationHandler.invoke(AOPRemotingInvocationHandler.java:82)
	at org.jboss.remoting.ServerInvoker.invoke(ServerInvoker.java:769)
	at org.jboss.remoting.transport.socket.ServerThread.processInvocation(ServerThread.java:573)
	at org.jboss.remoting.transport.socket.ServerThread.dorun(ServerThread.java:373)
	at org.jboss.remoting.transport.socket.ServerThread.run(ServerThread.java:166)
	at org.jboss.remoting.MicroRemoteClientInvoker.invoke(MicroRemoteClientInvoker.java:163)
	at org.jboss.remoting.Client.invoke(Client.java:1634)
	at org.jboss.remoting.Client.invoke(Client.java:548)
	at org.jboss.aspects.remoting.InvokeRemoteInterceptor.invoke(InvokeRemoteInterceptor.java:62)
	at org.jboss.aop.joinpoint.MethodInvocation.invokeNext(MethodInvocation.java:101)
	at org.jboss.aspects.tx.ClientTxPropagationInterceptor.invoke(ClientTxPropagationInterceptor.java:67)
	at org.jboss.aop.joinpoint.MethodInvocation.invokeNext(MethodInvocation.java:101)
	at org.jboss.aspects.security.SecurityClientInterceptor.invoke(SecurityClientInterceptor.java:53)
	at org.jboss.aop.joinpoint.MethodInvocation.invokeNext(MethodInvocation.java:101)
	at org.jboss.ejb3.remoting.IsLocalInterceptor.invoke(IsLocalInterceptor.java:74)
	at org.jboss.aop.joinpoint.MethodInvocation.invokeNext(MethodInvocation.java:101)
	at org.jboss.ejb3.stateless.StatelessRemoteProxy.invoke(StatelessRemoteProxy.java:107)
	at $Proxy7.updateTrackContestType(Unknown Source)
	at com.topcoder.service.digitalrun.contest.DigitalRunContestManagerBeanTestExp.testUpdateTrackContestType_EntityNotFoundException(DigitalRunContestManagerBeanTestExp.java:312)
	at org.jboss.aspects.remoting.InvokeRemoteInterceptor.invoke(InvokeRemoteInterceptor.java:74)
	at org.jboss.aop.joinpoint.MethodInvocation.invokeNext(MethodInvocation.java:101)
	at org.jboss.aspects.tx.ClientTxPropagationInterceptor.invoke(ClientTxPropagationInterceptor.java:67)
	at org.jboss.aop.joinpoint.MethodInvocation.invokeNext(MethodInvocation.java:101)
	at org.jboss.aspects.security.SecurityClientInterceptor.invoke(SecurityClientInterceptor.java:53)
	at org.jboss.aop.joinpoint.MethodInvocation.invokeNext(MethodInvocation.java:101)
	at org.jboss.ejb3.remoting.IsLocalInterceptor.invoke(IsLocalInterceptor.java:74)
	at org.jboss.aop.joinpoint.MethodInvocation.invokeNext(MethodInvocation.java:101)
	at org.jboss.ejb3.stateless.StatelessRemoteProxy.invoke(StatelessRemoteProxy.java:107)
	at $Proxy7.updateTrackContestType(Unknown Source)
	at com.topcoder.service.digitalrun.contest.DigitalRunContestManagerBeanTestExp.testUpdateTrackContestType_EntityNotFoundException(DigitalRunContestManagerBeanTestExp.java:312)
Caused by: javax.persistence.PersistenceException: org.hibernate.exception.GenericJDBCException: Cannot open connection
	at org.hibernate.ejb.AbstractEntityManagerImpl.throwPersistenceException(AbstractEntityManagerImpl.java:629)
	at org.hibernate.ejb.AbstractEntityManagerImpl.find(AbstractEntityManagerImpl.java:194)
	at org.jboss.ejb3.entity.TransactionScopedEntityManager.find(TransactionScopedEntityManager.java:171)
	at com.topcoder.service.digitalrun.contest.persistence.BaseHibernateDAO.findEntity(BaseHibernateDAO.java:355)
	at com.topcoder.service.digitalrun.contest.persistence.BaseHibernateDAO.errorIfEntityNotExists(BaseHibernateDAO.java:318)
	at com.topcoder.service.digitalrun.contest.persistence.BaseHibernateDAO.errorIfEntityNotExists(BaseHibernateDAO.java:288)
	at com.topcoder.service.digitalrun.contest.persistence.HibernateTrackContestTypeDAO.updateTrackContestType(HibernateTrackContestTypeDAO.java:133)
	at com.topcoder.service.digitalrun.contest.DigitalRunContestManagerBean.updateTrackContestType(DigitalRunContestManagerBean.java:745)
	at org.jboss.aop.joinpoint.MethodInvocation.invokeNext(MethodInvocation.java:112)
	at org.jboss.ejb3.interceptor.InvocationContextImpl.proceed(InvocationContextImpl.java:166)
	at org.jboss.ejb3.interceptor.EJB3InterceptorsInterceptor.invoke(EJB3InterceptorsInterceptor.java:63)
	at org.jboss.aop.joinpoint.MethodInvocation.invokeNext(MethodInvocation.java:101)
	at org.jboss.ejb3.entity.TransactionScopedEntityManagerInterceptor.invoke(TransactionScopedEntityManagerInterceptor.java:54)
	at org.jboss.aop.joinpoint.MethodInvocation.invokeNext(MethodInvocation.java:101)
	at org.jboss.ejb3.AllowedOperationsInterceptor.invoke(AllowedOperationsInterceptor.java:47)
	at org.jboss.aop.joinpoint.MethodInvocation.invokeNext(MethodInvocation.java:101)
	at org.jboss.aspects.tx.TxPolicy.invokeInOurTx(TxPolicy.java:79)
	at org.jboss.aspects.tx.TxInterceptor$Required.invoke(TxInterceptor.java:191)
	at org.jboss.aop.joinpoint.MethodInvocation.invokeNext(MethodInvocation.java:101)
	at org.jboss.aspects.tx.TxPropagationInterceptor.invoke(TxPropagationInterceptor.java:95)
	at org.jboss.aop.joinpoint.MethodInvocation.invokeNext(MethodInvocation.java:101)
	at org.jboss.ejb3.stateless.StatelessInstanceInterceptor.invoke(StatelessInstanceInterceptor.java:62)
	at org.jboss.aop.joinpoint.MethodInvocation.invokeNext(MethodInvocation.java:101)
	at org.jboss.aspects.security.AuthenticationInterceptor.invoke(AuthenticationInterceptor.java:77)
	at org.jboss.ejb3.security.Ejb3AuthenticationInterceptor.invoke(Ejb3AuthenticationInterceptor.java:110)
	at org.jboss.aop.joinpoint.MethodInvocation.invokeNext(MethodInvocation.java:101)
	at org.jboss.ejb3.ENCPropagationInterceptor.invoke(ENCPropagationInterceptor.java:46)
	at org.jboss.aop.joinpoint.MethodInvocation.invokeNext(MethodInvocation.java:101)
	at org.jboss.ejb3.asynchronous.AsynchronousInterceptor.invoke(AsynchronousInterceptor.java:106)
	at org.jboss.aop.joinpoint.MethodInvocation.invokeNext(MethodInvocation.java:101)
	at org.jboss.ejb3.stateless.StatelessContainer.dynamicInvoke(StatelessContainer.java:304)
	at org.jboss.aop.Dispatcher.invoke(Dispatcher.java:106)
	at org.jboss.aspects.remoting.AOPRemotingInvocationHandler.invoke(AOPRemotingInvocationHandler.java:82)
	at org.jboss.remoting.ServerInvoker.invoke(ServerInvoker.java:769)
	at org.jboss.remoting.transport.socket.ServerThread.processInvocation(ServerThread.java:573)
	at org.jboss.remoting.transport.socket.ServerThread.dorun(ServerThread.java:373)
	at org.jboss.remoting.transport.socket.ServerThread.run(ServerThread.java:166)
Caused by: org.hibernate.exception.GenericJDBCException: Cannot open connection
	at org.hibernate.exception.SQLStateConverter.handledNonSpecificException(SQLStateConverter.java:103)
	at org.hibernate.exception.SQLStateConverter.convert(SQLStateConverter.java:91)
	at org.hibernate.exception.JDBCExceptionHelper.convert(JDBCExceptionHelper.java:43)
	at org.hibernate.exception.JDBCExceptionHelper.convert(JDBCExceptionHelper.java:29)
	at org.hibernate.jdbc.ConnectionManager.openConnection(ConnectionManager.java:426)
	at org.hibernate.jdbc.ConnectionManager.getConnection(ConnectionManager.java:144)
	at org.hibernate.jdbc.AbstractBatcher.prepareQueryStatement(AbstractBatcher.java:139)
	at org.hibernate.loader.Loader.prepareQueryStatement(Loader.java:1547)
	at org.hibernate.loader.Loader.doQuery(Loader.java:673)
	at org.hibernate.loader.Loader.doQueryAndInitializeNonLazyCollections(Loader.java:236)
	at org.hibernate.loader.Loader.loadEntity(Loader.java:1860)
	at org.hibernate.loader.entity.AbstractEntityLoader.load(AbstractEntityLoader.java:48)
	at org.hibernate.loader.entity.AbstractEntityLoader.load(AbstractEntityLoader.java:42)
	at org.hibernate.persister.entity.AbstractEntityPersister.load(AbstractEntityPersister.java:3044)
	at org.hibernate.event.def.DefaultLoadEventListener.loadFromDatasource(DefaultLoadEventListener.java:395)
	at org.hibernate.event.def.DefaultLoadEventListener.doLoad(DefaultLoadEventListener.java:375)
	at org.hibernate.event.def.DefaultLoadEventListener.load(DefaultLoadEventListener.java:139)
	at org.hibernate.event.def.DefaultLoadEventListener.proxyOrLoad(DefaultLoadEventListener.java:195)
	at org.hibernate.event.def.DefaultLoadEventListener.onLoad(DefaultLoadEventListener.java:103)
	at org.hibernate.impl.SessionImpl.fireLoad(SessionImpl.java:878)
	at org.hibernate.impl.SessionImpl.get(SessionImpl.java:815)
	at org.hibernate.impl.SessionImpl.get(SessionImpl.java:808)
	at org.hibernate.ejb.AbstractEntityManagerImpl.find(AbstractEntityManagerImpl.java:174)
Caused by: org.jboss.util.NestedSQLException: Could not create connection; - nested throwable: (java.sql.SQLException: com.informix.asf.IfxASFException: Attempt to connect to database server (topcoder) failed.); - nested throwable: (org.jboss.resource.JBossResourceException: Could not create connection; - nested throwable: (java.sql.SQLException: com.informix.asf.IfxASFException: Attempt to connect to database server (topcoder) failed.))
	at org.jboss.resource.adapter.jdbc.WrapperDataSource.getConnection(WrapperDataSource.java:94)
	at org.hibernate.ejb.connection.InjectedDataSourceConnectionProvider.getConnection(InjectedDataSourceConnectionProvider.java:47)
	at org.hibernate.jdbc.ConnectionManager.openConnection(ConnectionManager.java:423)
Caused by: org.jboss.resource.JBossResourceException: Could not create connection; - nested throwable: (java.sql.SQLException: com.informix.asf.IfxASFException: Attempt to connect to database server (topcoder) failed.)
	at org.jboss.resource.adapter.jdbc.local.LocalManagedConnectionFactory.createManagedConnection(LocalManagedConnectionFactory.java:179)
	at org.jboss.resource.connectionmanager.InternalManagedConnectionPool.createConnectionEventListener(InternalManagedConnectionPool.java:577)
	at org.jboss.resource.connectionmanager.InternalManagedConnectionPool.getConnection(InternalManagedConnectionPool.java:262)
	at org.jboss.resource.connectionmanager.JBossManagedConnectionPool$BasePool.getConnection(JBossManagedConnectionPool.java:538)
	at org.jboss.resource.connectionmanager.BaseConnectionManager2.getManagedConnection(BaseConnectionManager2.java:341)
	at org.jboss.resource.connectionmanager.TxConnectionManager.getManagedConnection(TxConnectionManager.java:315)
	at org.jboss.resource.connectionmanager.BaseConnectionManager2.allocateConnection(BaseConnectionManager2.java:396)
	at org.jboss.resource.connectionmanager.BaseConnectionManager2$ConnectionManagerProxy.allocateConnection(BaseConnectionManager2.java:842)
	at org.jboss.resource.adapter.jdbc.WrapperDataSource.getConnection(WrapperDataSource.java:88)
Caused by: java.sql.SQLException: com.informix.asf.IfxASFException: Attempt to connect to database server (topcoder) failed.
	at com.informix.jdbc.IfxSqliConnect.&lt;init&gt;(IfxSqliConnect.java:1026)
	at java.lang.reflect.Constructor.newInstance(Constructor.java:494)
	at com.informix.jdbc.IfxDriver.connect(IfxDriver.java:254)
	at org.jboss.resource.adapter.jdbc.local.LocalManagedConnectionFactory.createManagedConnection(LocalManagedConnectionFactory.java:171)
</error>
  </testcase>
  <testcase classname="com.topcoder.service.digitalrun.contest.DigitalRunContestManagerBeanTestExp" name="testUpdateTrackContestType_PersistenceException" time="21.0">
    <error message="Persistence error occurs while creating track contest type." type="com.topcoder.service.digitalrun.contest.DigitalRunContestManagerException">com.topcoder.service.digitalrun.contest.DigitalRunContestManagerException: Persistence error occurs while creating track contest type.
	at com.topcoder.service.digitalrun.contest.DigitalRunContestManagerBean.createTrackContestType(DigitalRunContestManagerBean.java:710)
	at org.jboss.aop.joinpoint.MethodInvocation.invokeNext(MethodInvocation.java:112)
	at org.jboss.ejb3.interceptor.InvocationContextImpl.proceed(InvocationContextImpl.java:166)
	at org.jboss.ejb3.interceptor.EJB3InterceptorsInterceptor.invoke(EJB3InterceptorsInterceptor.java:63)
	at org.jboss.aop.joinpoint.MethodInvocation.invokeNext(MethodInvocation.java:101)
	at org.jboss.ejb3.entity.TransactionScopedEntityManagerInterceptor.invoke(TransactionScopedEntityManagerInterceptor.java:54)
	at org.jboss.aop.joinpoint.MethodInvocation.invokeNext(MethodInvocation.java:101)
	at org.jboss.ejb3.AllowedOperationsInterceptor.invoke(AllowedOperationsInterceptor.java:47)
	at org.jboss.aop.joinpoint.MethodInvocation.invokeNext(MethodInvocation.java:101)
	at org.jboss.aspects.tx.TxPolicy.invokeInOurTx(TxPolicy.java:79)
	at org.jboss.aspects.tx.TxInterceptor$Required.invoke(TxInterceptor.java:191)
	at org.jboss.aop.joinpoint.MethodInvocation.invokeNext(MethodInvocation.java:101)
	at org.jboss.aspects.tx.TxPropagationInterceptor.invoke(TxPropagationInterceptor.java:95)
	at org.jboss.aop.joinpoint.MethodInvocation.invokeNext(MethodInvocation.java:101)
	at org.jboss.ejb3.stateless.StatelessInstanceInterceptor.invoke(StatelessInstanceInterceptor.java:62)
	at org.jboss.aop.joinpoint.MethodInvocation.invokeNext(MethodInvocation.java:101)
	at org.jboss.aspects.security.AuthenticationInterceptor.invoke(AuthenticationInterceptor.java:77)
	at org.jboss.ejb3.security.Ejb3AuthenticationInterceptor.invoke(Ejb3AuthenticationInterceptor.java:110)
	at org.jboss.aop.joinpoint.MethodInvocation.invokeNext(MethodInvocation.java:101)
	at org.jboss.ejb3.ENCPropagationInterceptor.invoke(ENCPropagationInterceptor.java:46)
	at org.jboss.aop.joinpoint.MethodInvocation.invokeNext(MethodInvocation.java:101)
	at org.jboss.ejb3.asynchronous.AsynchronousInterceptor.invoke(AsynchronousInterceptor.java:106)
	at org.jboss.aop.joinpoint.MethodInvocation.invokeNext(MethodInvocation.java:101)
	at org.jboss.ejb3.stateless.StatelessContainer.dynamicInvoke(StatelessContainer.java:304)
	at org.jboss.aop.Dispatcher.invoke(Dispatcher.java:106)
	at org.jboss.aspects.remoting.AOPRemotingInvocationHandler.invoke(AOPRemotingInvocationHandler.java:82)
	at org.jboss.remoting.ServerInvoker.invoke(ServerInvoker.java:769)
	at org.jboss.remoting.transport.socket.ServerThread.processInvocation(ServerThread.java:573)
	at org.jboss.remoting.transport.socket.ServerThread.dorun(ServerThread.java:373)
	at org.jboss.remoting.transport.socket.ServerThread.run(ServerThread.java:166)
Caused by: com.topcoder.service.digitalrun.contest.PersistenceException: org.hibernate.exception.GenericJDBCException: Cannot open connection
	at com.topcoder.service.digitalrun.contest.persistence.BaseHibernateDAO.findEntity(BaseHibernateDAO.java:358)
	at com.topcoder.service.digitalrun.contest.persistence.BaseHibernateDAO.errorIfEntityExists(BaseHibernateDAO.java:250)
	at com.topcoder.service.digitalrun.contest.persistence.HibernateTrackContestTypeDAO.createTrackContestType(HibernateTrackContestTypeDAO.java:96)
	at com.topcoder.service.digitalrun.contest.DigitalRunContestManagerBean.createTrackContestType(DigitalRunContestManagerBean.java:708)
	at org.jboss.aop.joinpoint.MethodInvocation.invokeNext(MethodInvocation.java:112)
	at org.jboss.ejb3.interceptor.InvocationContextImpl.proceed(InvocationContextImpl.java:166)
	at org.jboss.ejb3.interceptor.EJB3InterceptorsInterceptor.invoke(EJB3InterceptorsInterceptor.java:63)
	at org.jboss.aop.joinpoint.MethodInvocation.invokeNext(MethodInvocation.java:101)
	at org.jboss.ejb3.entity.TransactionScopedEntityManagerInterceptor.invoke(TransactionScopedEntityManagerInterceptor.java:54)
	at org.jboss.aop.joinpoint.MethodInvocation.invokeNext(MethodInvocation.java:101)
	at org.jboss.ejb3.AllowedOperationsInterceptor.invoke(AllowedOperationsInterceptor.java:47)
	at org.jboss.aop.joinpoint.MethodInvocation.invokeNext(MethodInvocation.java:101)
	at org.jboss.aspects.tx.TxPolicy.invokeInOurTx(TxPolicy.java:79)
	at org.jboss.aspects.tx.TxInterceptor$Required.invoke(TxInterceptor.java:191)
	at org.jboss.aop.joinpoint.MethodInvocation.invokeNext(MethodInvocation.java:101)
	at org.jboss.aspects.tx.TxPropagationInterceptor.invoke(TxPropagationInterceptor.java:95)
	at org.jboss.aop.joinpoint.MethodInvocation.invokeNext(MethodInvocation.java:101)
	at org.jboss.ejb3.stateless.StatelessInstanceInterceptor.invoke(StatelessInstanceInterceptor.java:62)
	at org.jboss.aop.joinpoint.MethodInvocation.invokeNext(MethodInvocation.java:101)
	at org.jboss.aspects.security.AuthenticationInterceptor.invoke(AuthenticationInterceptor.java:77)
	at org.jboss.ejb3.security.Ejb3AuthenticationInterceptor.invoke(Ejb3AuthenticationInterceptor.java:110)
	at org.jboss.aop.joinpoint.MethodInvocation.invokeNext(MethodInvocation.java:101)
	at org.jboss.ejb3.ENCPropagationInterceptor.invoke(ENCPropagationInterceptor.java:46)
	at org.jboss.aop.joinpoint.MethodInvocation.invokeNext(MethodInvocation.java:101)
	at org.jboss.ejb3.asynchronous.AsynchronousInterceptor.invoke(AsynchronousInterceptor.java:106)
	at org.jboss.aop.joinpoint.MethodInvocation.invokeNext(MethodInvocation.java:101)
	at org.jboss.ejb3.stateless.StatelessContainer.dynamicInvoke(StatelessContainer.java:304)
	at org.jboss.aop.Dispatcher.invoke(Dispatcher.java:106)
	at org.jboss.aspects.remoting.AOPRemotingInvocationHandler.invoke(AOPRemotingInvocationHandler.java:82)
	at org.jboss.remoting.ServerInvoker.invoke(ServerInvoker.java:769)
	at org.jboss.remoting.transport.socket.ServerThread.processInvocation(ServerThread.java:573)
	at org.jboss.remoting.transport.socket.ServerThread.dorun(ServerThread.java:373)
	at org.jboss.remoting.transport.socket.ServerThread.run(ServerThread.java:166)
	at org.jboss.remoting.MicroRemoteClientInvoker.invoke(MicroRemoteClientInvoker.java:163)
	at org.jboss.remoting.Client.invoke(Client.java:1634)
	at org.jboss.remoting.Client.invoke(Client.java:548)
	at org.jboss.aspects.remoting.InvokeRemoteInterceptor.invoke(InvokeRemoteInterceptor.java:62)
	at org.jboss.aop.joinpoint.MethodInvocation.invokeNext(MethodInvocation.java:101)
	at org.jboss.aspects.tx.ClientTxPropagationInterceptor.invoke(ClientTxPropagationInterceptor.java:67)
	at org.jboss.aop.joinpoint.MethodInvocation.invokeNext(MethodInvocation.java:101)
	at org.jboss.aspects.security.SecurityClientInterceptor.invoke(SecurityClientInterceptor.java:53)
	at org.jboss.aop.joinpoint.MethodInvocation.invokeNext(MethodInvocation.java:101)
	at org.jboss.ejb3.remoting.IsLocalInterceptor.invoke(IsLocalInterceptor.java:74)
	at org.jboss.aop.joinpoint.MethodInvocation.invokeNext(MethodInvocation.java:101)
	at org.jboss.ejb3.stateless.StatelessRemoteProxy.invoke(StatelessRemoteProxy.java:107)
	at $Proxy7.createTrackContestType(Unknown Source)
	at com.topcoder.service.digitalrun.contest.DigitalRunContestManagerBeanTestExp.testUpdateTrackContestType_PersistenceException(DigitalRunContestManagerBeanTestExp.java:330)
	at org.jboss.aspects.remoting.InvokeRemoteInterceptor.invoke(InvokeRemoteInterceptor.java:74)
	at org.jboss.aop.joinpoint.MethodInvocation.invokeNext(MethodInvocation.java:101)
	at org.jboss.aspects.tx.ClientTxPropagationInterceptor.invoke(ClientTxPropagationInterceptor.java:67)
	at org.jboss.aop.joinpoint.MethodInvocation.invokeNext(MethodInvocation.java:101)
	at org.jboss.aspects.security.SecurityClientInterceptor.invoke(SecurityClientInterceptor.java:53)
	at org.jboss.aop.joinpoint.MethodInvocation.invokeNext(MethodInvocation.java:101)
	at org.jboss.ejb3.remoting.IsLocalInterceptor.invoke(IsLocalInterceptor.java:74)
	at org.jboss.aop.joinpoint.MethodInvocation.invokeNext(MethodInvocation.java:101)
	at org.jboss.ejb3.stateless.StatelessRemoteProxy.invoke(StatelessRemoteProxy.java:107)
	at $Proxy7.createTrackContestType(Unknown Source)
	at com.topcoder.service.digitalrun.contest.DigitalRunContestManagerBeanTestExp.testUpdateTrackContestType_PersistenceException(DigitalRunContestManagerBeanTestExp.java:330)
Caused by: javax.persistence.PersistenceException: org.hibernate.exception.GenericJDBCException: Cannot open connection
	at org.hibernate.ejb.AbstractEntityManagerImpl.throwPersistenceException(AbstractEntityManagerImpl.java:629)
	at org.hibernate.ejb.AbstractEntityManagerImpl.find(AbstractEntityManagerImpl.java:194)
	at org.jboss.ejb3.entity.TransactionScopedEntityManager.find(TransactionScopedEntityManager.java:171)
	at com.topcoder.service.digitalrun.contest.persistence.BaseHibernateDAO.findEntity(BaseHibernateDAO.java:355)
	at com.topcoder.service.digitalrun.contest.persistence.BaseHibernateDAO.errorIfEntityExists(BaseHibernateDAO.java:250)
	at com.topcoder.service.digitalrun.contest.persistence.HibernateTrackContestTypeDAO.createTrackContestType(HibernateTrackContestTypeDAO.java:96)
	at com.topcoder.service.digitalrun.contest.DigitalRunContestManagerBean.createTrackContestType(DigitalRunContestManagerBean.java:708)
	at org.jboss.aop.joinpoint.MethodInvocation.invokeNext(MethodInvocation.java:112)
	at org.jboss.ejb3.interceptor.InvocationContextImpl.proceed(InvocationContextImpl.java:166)
	at org.jboss.ejb3.interceptor.EJB3InterceptorsInterceptor.invoke(EJB3InterceptorsInterceptor.java:63)
	at org.jboss.aop.joinpoint.MethodInvocation.invokeNext(MethodInvocation.java:101)
	at org.jboss.ejb3.entity.TransactionScopedEntityManagerInterceptor.invoke(TransactionScopedEntityManagerInterceptor.java:54)
	at org.jboss.aop.joinpoint.MethodInvocation.invokeNext(MethodInvocation.java:101)
	at org.jboss.ejb3.AllowedOperationsInterceptor.invoke(AllowedOperationsInterceptor.java:47)
	at org.jboss.aop.joinpoint.MethodInvocation.invokeNext(MethodInvocation.java:101)
	at org.jboss.aspects.tx.TxPolicy.invokeInOurTx(TxPolicy.java:79)
	at org.jboss.aspects.tx.TxInterceptor$Required.invoke(TxInterceptor.java:191)
	at org.jboss.aop.joinpoint.MethodInvocation.invokeNext(MethodInvocation.java:101)
	at org.jboss.aspects.tx.TxPropagationInterceptor.invoke(TxPropagationInterceptor.java:95)
	at org.jboss.aop.joinpoint.MethodInvocation.invokeNext(MethodInvocation.java:101)
	at org.jboss.ejb3.stateless.StatelessInstanceInterceptor.invoke(StatelessInstanceInterceptor.java:62)
	at org.jboss.aop.joinpoint.MethodInvocation.invokeNext(MethodInvocation.java:101)
	at org.jboss.aspects.security.AuthenticationInterceptor.invoke(AuthenticationInterceptor.java:77)
	at org.jboss.ejb3.security.Ejb3AuthenticationInterceptor.invoke(Ejb3AuthenticationInterceptor.java:110)
	at org.jboss.aop.joinpoint.MethodInvocation.invokeNext(MethodInvocation.java:101)
	at org.jboss.ejb3.ENCPropagationInterceptor.invoke(ENCPropagationInterceptor.java:46)
	at org.jboss.aop.joinpoint.MethodInvocation.invokeNext(MethodInvocation.java:101)
	at org.jboss.ejb3.asynchronous.AsynchronousInterceptor.invoke(AsynchronousInterceptor.java:106)
	at org.jboss.aop.joinpoint.MethodInvocation.invokeNext(MethodInvocation.java:101)
	at org.jboss.ejb3.stateless.StatelessContainer.dynamicInvoke(StatelessContainer.java:304)
	at org.jboss.aop.Dispatcher.invoke(Dispatcher.java:106)
	at org.jboss.aspects.remoting.AOPRemotingInvocationHandler.invoke(AOPRemotingInvocationHandler.java:82)
	at org.jboss.remoting.ServerInvoker.invoke(ServerInvoker.java:769)
	at org.jboss.remoting.transport.socket.ServerThread.processInvocation(ServerThread.java:573)
	at org.jboss.remoting.transport.socket.ServerThread.dorun(ServerThread.java:373)
	at org.jboss.remoting.transport.socket.ServerThread.run(ServerThread.java:166)
Caused by: org.hibernate.exception.GenericJDBCException: Cannot open connection
	at org.hibernate.exception.SQLStateConverter.handledNonSpecificException(SQLStateConverter.java:103)
	at org.hibernate.exception.SQLStateConverter.convert(SQLStateConverter.java:91)
	at org.hibernate.exception.JDBCExceptionHelper.convert(JDBCExceptionHelper.java:43)
	at org.hibernate.exception.JDBCExceptionHelper.convert(JDBCExceptionHelper.java:29)
	at org.hibernate.jdbc.ConnectionManager.openConnection(ConnectionManager.java:426)
	at org.hibernate.jdbc.ConnectionManager.getConnection(ConnectionManager.java:144)
	at org.hibernate.jdbc.AbstractBatcher.prepareQueryStatement(AbstractBatcher.java:139)
	at org.hibernate.loader.Loader.prepareQueryStatement(Loader.java:1547)
	at org.hibernate.loader.Loader.doQuery(Loader.java:673)
	at org.hibernate.loader.Loader.doQueryAndInitializeNonLazyCollections(Loader.java:236)
	at org.hibernate.loader.Loader.loadEntity(Loader.java:1860)
	at org.hibernate.loader.entity.AbstractEntityLoader.load(AbstractEntityLoader.java:48)
	at org.hibernate.loader.entity.AbstractEntityLoader.load(AbstractEntityLoader.java:42)
	at org.hibernate.persister.entity.AbstractEntityPersister.load(AbstractEntityPersister.java:3044)
	at org.hibernate.event.def.DefaultLoadEventListener.loadFromDatasource(DefaultLoadEventListener.java:395)
	at org.hibernate.event.def.DefaultLoadEventListener.doLoad(DefaultLoadEventListener.java:375)
	at org.hibernate.event.def.DefaultLoadEventListener.load(DefaultLoadEventListener.java:139)
	at org.hibernate.event.def.DefaultLoadEventListener.proxyOrLoad(DefaultLoadEventListener.java:195)
	at org.hibernate.event.def.DefaultLoadEventListener.onLoad(DefaultLoadEventListener.java:103)
	at org.hibernate.impl.SessionImpl.fireLoad(SessionImpl.java:878)
	at org.hibernate.impl.SessionImpl.get(SessionImpl.java:815)
	at org.hibernate.impl.SessionImpl.get(SessionImpl.java:808)
	at org.hibernate.ejb.AbstractEntityManagerImpl.find(AbstractEntityManagerImpl.java:174)
Caused by: org.jboss.util.NestedSQLException: Could not create connection; - nested throwable: (java.sql.SQLException: com.informix.asf.IfxASFException: Attempt to connect to database server (topcoder) failed.); - nested throwable: (org.jboss.resource.JBossResourceException: Could not create connection; - nested throwable: (java.sql.SQLException: com.informix.asf.IfxASFException: Attempt to connect to database server (topcoder) failed.))
	at org.jboss.resource.adapter.jdbc.WrapperDataSource.getConnection(WrapperDataSource.java:94)
	at org.hibernate.ejb.connection.InjectedDataSourceConnectionProvider.getConnection(InjectedDataSourceConnectionProvider.java:47)
	at org.hibernate.jdbc.ConnectionManager.openConnection(ConnectionManager.java:423)
Caused by: org.jboss.resource.JBossResourceException: Could not create connection; - nested throwable: (java.sql.SQLException: com.informix.asf.IfxASFException: Attempt to connect to database server (topcoder) failed.)
	at org.jboss.resource.adapter.jdbc.local.LocalManagedConnectionFactory.createManagedConnection(LocalManagedConnectionFactory.java:179)
	at org.jboss.resource.connectionmanager.InternalManagedConnectionPool.createConnectionEventListener(InternalManagedConnectionPool.java:577)
	at org.jboss.resource.connectionmanager.InternalManagedConnectionPool.getConnection(InternalManagedConnectionPool.java:262)
	at org.jboss.resource.connectionmanager.JBossManagedConnectionPool$BasePool.getConnection(JBossManagedConnectionPool.java:538)
	at org.jboss.resource.connectionmanager.BaseConnectionManager2.getManagedConnection(BaseConnectionManager2.java:341)
	at org.jboss.resource.connectionmanager.TxConnectionManager.getManagedConnection(TxConnectionManager.java:315)
	at org.jboss.resource.connectionmanager.BaseConnectionManager2.allocateConnection(BaseConnectionManager2.java:396)
	at org.jboss.resource.connectionmanager.BaseConnectionManager2$ConnectionManagerProxy.allocateConnection(BaseConnectionManager2.java:842)
	at org.jboss.resource.adapter.jdbc.WrapperDataSource.getConnection(WrapperDataSource.java:88)
Caused by: java.sql.SQLException: com.informix.asf.IfxASFException: Attempt to connect to database server (topcoder) failed.
	at com.informix.jdbc.IfxSqliConnect.&lt;init&gt;(IfxSqliConnect.java:1026)
	at java.lang.reflect.Constructor.newInstance(Constructor.java:494)
	at com.informix.jdbc.IfxDriver.connect(IfxDriver.java:254)
	at org.jboss.resource.adapter.jdbc.local.LocalManagedConnectionFactory.createManagedConnection(LocalManagedConnectionFactory.java:171)
</error>
  </testcase>
  <testcase classname="com.topcoder.service.digitalrun.contest.DigitalRunContestManagerBeanTestExp" name="testRemoveTrackContestType_EntityNotFoundException" time="21.219">
    <error message="Persistence error occurs while removing track contest type." type="com.topcoder.service.digitalrun.contest.DigitalRunContestManagerException">com.topcoder.service.digitalrun.contest.DigitalRunContestManagerException: Persistence error occurs while removing track contest type.
	at com.topcoder.service.digitalrun.contest.DigitalRunContestManagerBean.removeTrackContestType(DigitalRunContestManagerBean.java:784)
	at org.jboss.aop.joinpoint.MethodInvocation.invokeNext(MethodInvocation.java:112)
	at org.jboss.ejb3.interceptor.InvocationContextImpl.proceed(InvocationContextImpl.java:166)
	at org.jboss.ejb3.interceptor.EJB3InterceptorsInterceptor.invoke(EJB3InterceptorsInterceptor.java:63)
	at org.jboss.aop.joinpoint.MethodInvocation.invokeNext(MethodInvocation.java:101)
	at org.jboss.ejb3.entity.TransactionScopedEntityManagerInterceptor.invoke(TransactionScopedEntityManagerInterceptor.java:54)
	at org.jboss.aop.joinpoint.MethodInvocation.invokeNext(MethodInvocation.java:101)
	at org.jboss.ejb3.AllowedOperationsInterceptor.invoke(AllowedOperationsInterceptor.java:47)
	at org.jboss.aop.joinpoint.MethodInvocation.invokeNext(MethodInvocation.java:101)
	at org.jboss.aspects.tx.TxPolicy.invokeInOurTx(TxPolicy.java:79)
	at org.jboss.aspects.tx.TxInterceptor$Required.invoke(TxInterceptor.java:191)
	at org.jboss.aop.joinpoint.MethodInvocation.invokeNext(MethodInvocation.java:101)
	at org.jboss.aspects.tx.TxPropagationInterceptor.invoke(TxPropagationInterceptor.java:95)
	at org.jboss.aop.joinpoint.MethodInvocation.invokeNext(MethodInvocation.java:101)
	at org.jboss.ejb3.stateless.StatelessInstanceInterceptor.invoke(StatelessInstanceInterceptor.java:62)
	at org.jboss.aop.joinpoint.MethodInvocation.invokeNext(MethodInvocation.java:101)
	at org.jboss.aspects.security.AuthenticationInterceptor.invoke(AuthenticationInterceptor.java:77)
	at org.jboss.ejb3.security.Ejb3AuthenticationInterceptor.invoke(Ejb3AuthenticationInterceptor.java:110)
	at org.jboss.aop.joinpoint.MethodInvocation.invokeNext(MethodInvocation.java:101)
	at org.jboss.ejb3.ENCPropagationInterceptor.invoke(ENCPropagationInterceptor.java:46)
	at org.jboss.aop.joinpoint.MethodInvocation.invokeNext(MethodInvocation.java:101)
	at org.jboss.ejb3.asynchronous.AsynchronousInterceptor.invoke(AsynchronousInterceptor.java:106)
	at org.jboss.aop.joinpoint.MethodInvocation.invokeNext(MethodInvocation.java:101)
	at org.jboss.ejb3.stateless.StatelessContainer.dynamicInvoke(StatelessContainer.java:304)
	at org.jboss.aop.Dispatcher.invoke(Dispatcher.java:106)
	at org.jboss.aspects.remoting.AOPRemotingInvocationHandler.invoke(AOPRemotingInvocationHandler.java:82)
	at org.jboss.remoting.ServerInvoker.invoke(ServerInvoker.java:769)
	at org.jboss.remoting.transport.socket.ServerThread.processInvocation(ServerThread.java:573)
	at org.jboss.remoting.transport.socket.ServerThread.dorun(ServerThread.java:373)
	at org.jboss.remoting.transport.socket.ServerThread.run(ServerThread.java:166)
Caused by: com.topcoder.service.digitalrun.contest.PersistenceException: org.hibernate.exception.GenericJDBCException: Cannot open connection
	at com.topcoder.service.digitalrun.contest.persistence.BaseHibernateDAO.findEntity(BaseHibernateDAO.java:358)
	at com.topcoder.service.digitalrun.contest.persistence.BaseHibernateDAO.errorIfEntityNotExists(BaseHibernateDAO.java:318)
	at com.topcoder.service.digitalrun.contest.persistence.HibernateTrackContestTypeDAO.removeTrackContestType(HibernateTrackContestTypeDAO.java:168)
	at com.topcoder.service.digitalrun.contest.DigitalRunContestManagerBean.removeTrackContestType(DigitalRunContestManagerBean.java:782)
	at org.jboss.aop.joinpoint.MethodInvocation.invokeNext(MethodInvocation.java:112)
	at org.jboss.ejb3.interceptor.InvocationContextImpl.proceed(InvocationContextImpl.java:166)
	at org.jboss.ejb3.interceptor.EJB3InterceptorsInterceptor.invoke(EJB3InterceptorsInterceptor.java:63)
	at org.jboss.aop.joinpoint.MethodInvocation.invokeNext(MethodInvocation.java:101)
	at org.jboss.ejb3.entity.TransactionScopedEntityManagerInterceptor.invoke(TransactionScopedEntityManagerInterceptor.java:54)
	at org.jboss.aop.joinpoint.MethodInvocation.invokeNext(MethodInvocation.java:101)
	at org.jboss.ejb3.AllowedOperationsInterceptor.invoke(AllowedOperationsInterceptor.java:47)
	at org.jboss.aop.joinpoint.MethodInvocation.invokeNext(MethodInvocation.java:101)
	at org.jboss.aspects.tx.TxPolicy.invokeInOurTx(TxPolicy.java:79)
	at org.jboss.aspects.tx.TxInterceptor$Required.invoke(TxInterceptor.java:191)
	at org.jboss.aop.joinpoint.MethodInvocation.invokeNext(MethodInvocation.java:101)
	at org.jboss.aspects.tx.TxPropagationInterceptor.invoke(TxPropagationInterceptor.java:95)
	at org.jboss.aop.joinpoint.MethodInvocation.invokeNext(MethodInvocation.java:101)
	at org.jboss.ejb3.stateless.StatelessInstanceInterceptor.invoke(StatelessInstanceInterceptor.java:62)
	at org.jboss.aop.joinpoint.MethodInvocation.invokeNext(MethodInvocation.java:101)
	at org.jboss.aspects.security.AuthenticationInterceptor.invoke(AuthenticationInterceptor.java:77)
	at org.jboss.ejb3.security.Ejb3AuthenticationInterceptor.invoke(Ejb3AuthenticationInterceptor.java:110)
	at org.jboss.aop.joinpoint.MethodInvocation.invokeNext(MethodInvocation.java:101)
	at org.jboss.ejb3.ENCPropagationInterceptor.invoke(ENCPropagationInterceptor.java:46)
	at org.jboss.aop.joinpoint.MethodInvocation.invokeNext(MethodInvocation.java:101)
	at org.jboss.ejb3.asynchronous.AsynchronousInterceptor.invoke(AsynchronousInterceptor.java:106)
	at org.jboss.aop.joinpoint.MethodInvocation.invokeNext(MethodInvocation.java:101)
	at org.jboss.ejb3.stateless.StatelessContainer.dynamicInvoke(StatelessContainer.java:304)
	at org.jboss.aop.Dispatcher.invoke(Dispatcher.java:106)
	at org.jboss.aspects.remoting.AOPRemotingInvocationHandler.invoke(AOPRemotingInvocationHandler.java:82)
	at org.jboss.remoting.ServerInvoker.invoke(ServerInvoker.java:769)
	at org.jboss.remoting.transport.socket.ServerThread.processInvocation(ServerThread.java:573)
	at org.jboss.remoting.transport.socket.ServerThread.dorun(ServerThread.java:373)
	at org.jboss.remoting.transport.socket.ServerThread.run(ServerThread.java:166)
	at org.jboss.remoting.MicroRemoteClientInvoker.invoke(MicroRemoteClientInvoker.java:163)
	at org.jboss.remoting.Client.invoke(Client.java:1634)
	at org.jboss.remoting.Client.invoke(Client.java:548)
	at org.jboss.aspects.remoting.InvokeRemoteInterceptor.invoke(InvokeRemoteInterceptor.java:62)
	at org.jboss.aop.joinpoint.MethodInvocation.invokeNext(MethodInvocation.java:101)
	at org.jboss.aspects.tx.ClientTxPropagationInterceptor.invoke(ClientTxPropagationInterceptor.java:67)
	at org.jboss.aop.joinpoint.MethodInvocation.invokeNext(MethodInvocation.java:101)
	at org.jboss.aspects.security.SecurityClientInterceptor.invoke(SecurityClientInterceptor.java:53)
	at org.jboss.aop.joinpoint.MethodInvocation.invokeNext(MethodInvocation.java:101)
	at org.jboss.ejb3.remoting.IsLocalInterceptor.invoke(IsLocalInterceptor.java:74)
	at org.jboss.aop.joinpoint.MethodInvocation.invokeNext(MethodInvocation.java:101)
	at org.jboss.ejb3.stateless.StatelessRemoteProxy.invoke(StatelessRemoteProxy.java:107)
	at $Proxy7.removeTrackContestType(Unknown Source)
	at com.topcoder.service.digitalrun.contest.DigitalRunContestManagerBeanTestExp.testRemoveTrackContestType_EntityNotFoundException(DigitalRunContestManagerBeanTestExp.java:355)
	at org.jboss.aspects.remoting.InvokeRemoteInterceptor.invoke(InvokeRemoteInterceptor.java:74)
	at org.jboss.aop.joinpoint.MethodInvocation.invokeNext(MethodInvocation.java:101)
	at org.jboss.aspects.tx.ClientTxPropagationInterceptor.invoke(ClientTxPropagationInterceptor.java:67)
	at org.jboss.aop.joinpoint.MethodInvocation.invokeNext(MethodInvocation.java:101)
	at org.jboss.aspects.security.SecurityClientInterceptor.invoke(SecurityClientInterceptor.java:53)
	at org.jboss.aop.joinpoint.MethodInvocation.invokeNext(MethodInvocation.java:101)
	at org.jboss.ejb3.remoting.IsLocalInterceptor.invoke(IsLocalInterceptor.java:74)
	at org.jboss.aop.joinpoint.MethodInvocation.invokeNext(MethodInvocation.java:101)
	at org.jboss.ejb3.stateless.StatelessRemoteProxy.invoke(StatelessRemoteProxy.java:107)
	at $Proxy7.removeTrackContestType(Unknown Source)
	at com.topcoder.service.digitalrun.contest.DigitalRunContestManagerBeanTestExp.testRemoveTrackContestType_EntityNotFoundException(DigitalRunContestManagerBeanTestExp.java:355)
Caused by: javax.persistence.PersistenceException: org.hibernate.exception.GenericJDBCException: Cannot open connection
	at org.hibernate.ejb.AbstractEntityManagerImpl.throwPersistenceException(AbstractEntityManagerImpl.java:629)
	at org.hibernate.ejb.AbstractEntityManagerImpl.find(AbstractEntityManagerImpl.java:194)
	at org.jboss.ejb3.entity.TransactionScopedEntityManager.find(TransactionScopedEntityManager.java:171)
	at com.topcoder.service.digitalrun.contest.persistence.BaseHibernateDAO.findEntity(BaseHibernateDAO.java:355)
	at com.topcoder.service.digitalrun.contest.persistence.BaseHibernateDAO.errorIfEntityNotExists(BaseHibernateDAO.java:318)
	at com.topcoder.service.digitalrun.contest.persistence.HibernateTrackContestTypeDAO.removeTrackContestType(HibernateTrackContestTypeDAO.java:168)
	at com.topcoder.service.digitalrun.contest.DigitalRunContestManagerBean.removeTrackContestType(DigitalRunContestManagerBean.java:782)
	at org.jboss.aop.joinpoint.MethodInvocation.invokeNext(MethodInvocation.java:112)
	at org.jboss.ejb3.interceptor.InvocationContextImpl.proceed(InvocationContextImpl.java:166)
	at org.jboss.ejb3.interceptor.EJB3InterceptorsInterceptor.invoke(EJB3InterceptorsInterceptor.java:63)
	at org.jboss.aop.joinpoint.MethodInvocation.invokeNext(MethodInvocation.java:101)
	at org.jboss.ejb3.entity.TransactionScopedEntityManagerInterceptor.invoke(TransactionScopedEntityManagerInterceptor.java:54)
	at org.jboss.aop.joinpoint.MethodInvocation.invokeNext(MethodInvocation.java:101)
	at org.jboss.ejb3.AllowedOperationsInterceptor.invoke(AllowedOperationsInterceptor.java:47)
	at org.jboss.aop.joinpoint.MethodInvocation.invokeNext(MethodInvocation.java:101)
	at org.jboss.aspects.tx.TxPolicy.invokeInOurTx(TxPolicy.java:79)
	at org.jboss.aspects.tx.TxInterceptor$Required.invoke(TxInterceptor.java:191)
	at org.jboss.aop.joinpoint.MethodInvocation.invokeNext(MethodInvocation.java:101)
	at org.jboss.aspects.tx.TxPropagationInterceptor.invoke(TxPropagationInterceptor.java:95)
	at org.jboss.aop.joinpoint.MethodInvocation.invokeNext(MethodInvocation.java:101)
	at org.jboss.ejb3.stateless.StatelessInstanceInterceptor.invoke(StatelessInstanceInterceptor.java:62)
	at org.jboss.aop.joinpoint.MethodInvocation.invokeNext(MethodInvocation.java:101)
	at org.jboss.aspects.security.AuthenticationInterceptor.invoke(AuthenticationInterceptor.java:77)
	at org.jboss.ejb3.security.Ejb3AuthenticationInterceptor.invoke(Ejb3AuthenticationInterceptor.java:110)
	at org.jboss.aop.joinpoint.MethodInvocation.invokeNext(MethodInvocation.java:101)
	at org.jboss.ejb3.ENCPropagationInterceptor.invoke(ENCPropagationInterceptor.java:46)
	at org.jboss.aop.joinpoint.MethodInvocation.invokeNext(MethodInvocation.java:101)
	at org.jboss.ejb3.asynchronous.AsynchronousInterceptor.invoke(AsynchronousInterceptor.java:106)
	at org.jboss.aop.joinpoint.MethodInvocation.invokeNext(MethodInvocation.java:101)
	at org.jboss.ejb3.stateless.StatelessContainer.dynamicInvoke(StatelessContainer.java:304)
	at org.jboss.aop.Dispatcher.invoke(Dispatcher.java:106)
	at org.jboss.aspects.remoting.AOPRemotingInvocationHandler.invoke(AOPRemotingInvocationHandler.java:82)
	at org.jboss.remoting.ServerInvoker.invoke(ServerInvoker.java:769)
	at org.jboss.remoting.transport.socket.ServerThread.processInvocation(ServerThread.java:573)
	at org.jboss.remoting.transport.socket.ServerThread.dorun(ServerThread.java:373)
	at org.jboss.remoting.transport.socket.ServerThread.run(ServerThread.java:166)
Caused by: org.hibernate.exception.GenericJDBCException: Cannot open connection
	at org.hibernate.exception.SQLStateConverter.handledNonSpecificException(SQLStateConverter.java:103)
	at org.hibernate.exception.SQLStateConverter.convert(SQLStateConverter.java:91)
	at org.hibernate.exception.JDBCExceptionHelper.convert(JDBCExceptionHelper.java:43)
	at org.hibernate.exception.JDBCExceptionHelper.convert(JDBCExceptionHelper.java:29)
	at org.hibernate.jdbc.ConnectionManager.openConnection(ConnectionManager.java:426)
	at org.hibernate.jdbc.ConnectionManager.getConnection(ConnectionManager.java:144)
	at org.hibernate.jdbc.AbstractBatcher.prepareQueryStatement(AbstractBatcher.java:139)
	at org.hibernate.loader.Loader.prepareQueryStatement(Loader.java:1547)
	at org.hibernate.loader.Loader.doQuery(Loader.java:673)
	at org.hibernate.loader.Loader.doQueryAndInitializeNonLazyCollections(Loader.java:236)
	at org.hibernate.loader.Loader.loadEntity(Loader.java:1860)
	at org.hibernate.loader.entity.AbstractEntityLoader.load(AbstractEntityLoader.java:48)
	at org.hibernate.loader.entity.AbstractEntityLoader.load(AbstractEntityLoader.java:42)
	at org.hibernate.persister.entity.AbstractEntityPersister.load(AbstractEntityPersister.java:3044)
	at org.hibernate.event.def.DefaultLoadEventListener.loadFromDatasource(DefaultLoadEventListener.java:395)
	at org.hibernate.event.def.DefaultLoadEventListener.doLoad(DefaultLoadEventListener.java:375)
	at org.hibernate.event.def.DefaultLoadEventListener.load(DefaultLoadEventListener.java:139)
	at org.hibernate.event.def.DefaultLoadEventListener.proxyOrLoad(DefaultLoadEventListener.java:195)
	at org.hibernate.event.def.DefaultLoadEventListener.onLoad(DefaultLoadEventListener.java:103)
	at org.hibernate.impl.SessionImpl.fireLoad(SessionImpl.java:878)
	at org.hibernate.impl.SessionImpl.get(SessionImpl.java:815)
	at org.hibernate.impl.SessionImpl.get(SessionImpl.java:808)
	at org.hibernate.ejb.AbstractEntityManagerImpl.find(AbstractEntityManagerImpl.java:174)
Caused by: org.jboss.util.NestedSQLException: Could not create connection; - nested throwable: (java.sql.SQLException: com.informix.asf.IfxASFException: Attempt to connect to database server (topcoder) failed.); - nested throwable: (org.jboss.resource.JBossResourceException: Could not create connection; - nested throwable: (java.sql.SQLException: com.informix.asf.IfxASFException: Attempt to connect to database server (topcoder) failed.))
	at org.jboss.resource.adapter.jdbc.WrapperDataSource.getConnection(WrapperDataSource.java:94)
	at org.hibernate.ejb.connection.InjectedDataSourceConnectionProvider.getConnection(InjectedDataSourceConnectionProvider.java:47)
	at org.hibernate.jdbc.ConnectionManager.openConnection(ConnectionManager.java:423)
Caused by: org.jboss.resource.JBossResourceException: Could not create connection; - nested throwable: (java.sql.SQLException: com.informix.asf.IfxASFException: Attempt to connect to database server (topcoder) failed.)
	at org.jboss.resource.adapter.jdbc.local.LocalManagedConnectionFactory.createManagedConnection(LocalManagedConnectionFactory.java:179)
	at org.jboss.resource.connectionmanager.InternalManagedConnectionPool.createConnectionEventListener(InternalManagedConnectionPool.java:577)
	at org.jboss.resource.connectionmanager.InternalManagedConnectionPool.getConnection(InternalManagedConnectionPool.java:262)
	at org.jboss.resource.connectionmanager.JBossManagedConnectionPool$BasePool.getConnection(JBossManagedConnectionPool.java:538)
	at org.jboss.resource.connectionmanager.BaseConnectionManager2.getManagedConnection(BaseConnectionManager2.java:341)
	at org.jboss.resource.connectionmanager.TxConnectionManager.getManagedConnection(TxConnectionManager.java:315)
	at org.jboss.resource.connectionmanager.BaseConnectionManager2.allocateConnection(BaseConnectionManager2.java:396)
	at org.jboss.resource.connectionmanager.BaseConnectionManager2$ConnectionManagerProxy.allocateConnection(BaseConnectionManager2.java:842)
	at org.jboss.resource.adapter.jdbc.WrapperDataSource.getConnection(WrapperDataSource.java:88)
Caused by: java.sql.SQLException: com.informix.asf.IfxASFException: Attempt to connect to database server (topcoder) failed.
	at com.informix.jdbc.IfxSqliConnect.&lt;init&gt;(IfxSqliConnect.java:1026)
	at java.lang.reflect.Constructor.newInstance(Constructor.java:494)
	at com.informix.jdbc.IfxDriver.connect(IfxDriver.java:254)
	at org.jboss.resource.adapter.jdbc.local.LocalManagedConnectionFactory.createManagedConnection(LocalManagedConnectionFactory.java:171)
</error>
  </testcase>
  <testcase classname="com.topcoder.service.digitalrun.contest.DigitalRunContestManagerBeanTestExp" name="testCreateTrackContestResultCalculator_IllegalArgumentException" time="0.015" />
  <testcase classname="com.topcoder.service.digitalrun.contest.DigitalRunContestManagerBeanTestExp" name="testCreateTrackContestResultCalculator_EntityExistsException" time="21.0">
    <error message="Persistence error occurs while creating track contest result calculator." type="com.topcoder.service.digitalrun.contest.DigitalRunContestManagerException">com.topcoder.service.digitalrun.contest.DigitalRunContestManagerException: Persistence error occurs while creating track contest result calculator.
	at com.topcoder.service.digitalrun.contest.DigitalRunContestManagerBean.createTrackContestResultCalculator(DigitalRunContestManagerBean.java:877)
	at org.jboss.aop.joinpoint.MethodInvocation.invokeNext(MethodInvocation.java:112)
	at org.jboss.ejb3.interceptor.InvocationContextImpl.proceed(InvocationContextImpl.java:166)
	at org.jboss.ejb3.interceptor.EJB3InterceptorsInterceptor.invoke(EJB3InterceptorsInterceptor.java:63)
	at org.jboss.aop.joinpoint.MethodInvocation.invokeNext(MethodInvocation.java:101)
	at org.jboss.ejb3.entity.TransactionScopedEntityManagerInterceptor.invoke(TransactionScopedEntityManagerInterceptor.java:54)
	at org.jboss.aop.joinpoint.MethodInvocation.invokeNext(MethodInvocation.java:101)
	at org.jboss.ejb3.AllowedOperationsInterceptor.invoke(AllowedOperationsInterceptor.java:47)
	at org.jboss.aop.joinpoint.MethodInvocation.invokeNext(MethodInvocation.java:101)
	at org.jboss.aspects.tx.TxPolicy.invokeInOurTx(TxPolicy.java:79)
	at org.jboss.aspects.tx.TxInterceptor$Required.invoke(TxInterceptor.java:191)
	at org.jboss.aop.joinpoint.MethodInvocation.invokeNext(MethodInvocation.java:101)
	at org.jboss.aspects.tx.TxPropagationInterceptor.invoke(TxPropagationInterceptor.java:95)
	at org.jboss.aop.joinpoint.MethodInvocation.invokeNext(MethodInvocation.java:101)
	at org.jboss.ejb3.stateless.StatelessInstanceInterceptor.invoke(StatelessInstanceInterceptor.java:62)
	at org.jboss.aop.joinpoint.MethodInvocation.invokeNext(MethodInvocation.java:101)
	at org.jboss.aspects.security.AuthenticationInterceptor.invoke(AuthenticationInterceptor.java:77)
	at org.jboss.ejb3.security.Ejb3AuthenticationInterceptor.invoke(Ejb3AuthenticationInterceptor.java:110)
	at org.jboss.aop.joinpoint.MethodInvocation.invokeNext(MethodInvocation.java:101)
	at org.jboss.ejb3.ENCPropagationInterceptor.invoke(ENCPropagationInterceptor.java:46)
	at org.jboss.aop.joinpoint.MethodInvocation.invokeNext(MethodInvocation.java:101)
	at org.jboss.ejb3.asynchronous.AsynchronousInterceptor.invoke(AsynchronousInterceptor.java:106)
	at org.jboss.aop.joinpoint.MethodInvocation.invokeNext(MethodInvocation.java:101)
	at org.jboss.ejb3.stateless.StatelessContainer.dynamicInvoke(StatelessContainer.java:304)
	at org.jboss.aop.Dispatcher.invoke(Dispatcher.java:106)
	at org.jboss.aspects.remoting.AOPRemotingInvocationHandler.invoke(AOPRemotingInvocationHandler.java:82)
	at org.jboss.remoting.ServerInvoker.invoke(ServerInvoker.java:769)
	at org.jboss.remoting.transport.socket.ServerThread.processInvocation(ServerThread.java:573)
	at org.jboss.remoting.transport.socket.ServerThread.dorun(ServerThread.java:373)
	at org.jboss.remoting.transport.socket.ServerThread.run(ServerThread.java:166)
Caused by: com.topcoder.service.digitalrun.contest.PersistenceException: org.hibernate.exception.GenericJDBCException: Cannot open connection
	at com.topcoder.service.digitalrun.contest.persistence.BaseHibernateDAO.findEntity(BaseHibernateDAO.java:358)
	at com.topcoder.service.digitalrun.contest.persistence.BaseHibernateDAO.errorIfEntityExists(BaseHibernateDAO.java:250)
	at com.topcoder.service.digitalrun.contest.persistence.HibernateTrackContestResultCalculatorDAO.createTrackContestResultCalculator(HibernateTrackContestResultCalculatorDAO.java:98)
	at com.topcoder.service.digitalrun.contest.DigitalRunContestManagerBean.createTrackContestResultCalculator(DigitalRunContestManagerBean.java:875)
	at org.jboss.aop.joinpoint.MethodInvocation.invokeNext(MethodInvocation.java:112)
	at org.jboss.ejb3.interceptor.InvocationContextImpl.proceed(InvocationContextImpl.java:166)
	at org.jboss.ejb3.interceptor.EJB3InterceptorsInterceptor.invoke(EJB3InterceptorsInterceptor.java:63)
	at org.jboss.aop.joinpoint.MethodInvocation.invokeNext(MethodInvocation.java:101)
	at org.jboss.ejb3.entity.TransactionScopedEntityManagerInterceptor.invoke(TransactionScopedEntityManagerInterceptor.java:54)
	at org.jboss.aop.joinpoint.MethodInvocation.invokeNext(MethodInvocation.java:101)
	at org.jboss.ejb3.AllowedOperationsInterceptor.invoke(AllowedOperationsInterceptor.java:47)
	at org.jboss.aop.joinpoint.MethodInvocation.invokeNext(MethodInvocation.java:101)
	at org.jboss.aspects.tx.TxPolicy.invokeInOurTx(TxPolicy.java:79)
	at org.jboss.aspects.tx.TxInterceptor$Required.invoke(TxInterceptor.java:191)
	at org.jboss.aop.joinpoint.MethodInvocation.invokeNext(MethodInvocation.java:101)
	at org.jboss.aspects.tx.TxPropagationInterceptor.invoke(TxPropagationInterceptor.java:95)
	at org.jboss.aop.joinpoint.MethodInvocation.invokeNext(MethodInvocation.java:101)
	at org.jboss.ejb3.stateless.StatelessInstanceInterceptor.invoke(StatelessInstanceInterceptor.java:62)
	at org.jboss.aop.joinpoint.MethodInvocation.invokeNext(MethodInvocation.java:101)
	at org.jboss.aspects.security.AuthenticationInterceptor.invoke(AuthenticationInterceptor.java:77)
	at org.jboss.ejb3.security.Ejb3AuthenticationInterceptor.invoke(Ejb3AuthenticationInterceptor.java:110)
	at org.jboss.aop.joinpoint.MethodInvocation.invokeNext(MethodInvocation.java:101)
	at org.jboss.ejb3.ENCPropagationInterceptor.invoke(ENCPropagationInterceptor.java:46)
	at org.jboss.aop.joinpoint.MethodInvocation.invokeNext(MethodInvocation.java:101)
	at org.jboss.ejb3.asynchronous.AsynchronousInterceptor.invoke(AsynchronousInterceptor.java:106)
	at org.jboss.aop.joinpoint.MethodInvocation.invokeNext(MethodInvocation.java:101)
	at org.jboss.ejb3.stateless.StatelessContainer.dynamicInvoke(StatelessContainer.java:304)
	at org.jboss.aop.Dispatcher.invoke(Dispatcher.java:106)
	at org.jboss.aspects.remoting.AOPRemotingInvocationHandler.invoke(AOPRemotingInvocationHandler.java:82)
	at org.jboss.remoting.ServerInvoker.invoke(ServerInvoker.java:769)
	at org.jboss.remoting.transport.socket.ServerThread.processInvocation(ServerThread.java:573)
	at org.jboss.remoting.transport.socket.ServerThread.dorun(ServerThread.java:373)
	at org.jboss.remoting.transport.socket.ServerThread.run(ServerThread.java:166)
	at org.jboss.remoting.MicroRemoteClientInvoker.invoke(MicroRemoteClientInvoker.java:163)
	at org.jboss.remoting.Client.invoke(Client.java:1634)
	at org.jboss.remoting.Client.invoke(Client.java:548)
	at org.jboss.aspects.remoting.InvokeRemoteInterceptor.invoke(InvokeRemoteInterceptor.java:62)
	at org.jboss.aop.joinpoint.MethodInvocation.invokeNext(MethodInvocation.java:101)
	at org.jboss.aspects.tx.ClientTxPropagationInterceptor.invoke(ClientTxPropagationInterceptor.java:67)
	at org.jboss.aop.joinpoint.MethodInvocation.invokeNext(MethodInvocation.java:101)
	at org.jboss.aspects.security.SecurityClientInterceptor.invoke(SecurityClientInterceptor.java:53)
	at org.jboss.aop.joinpoint.MethodInvocation.invokeNext(MethodInvocation.java:101)
	at org.jboss.ejb3.remoting.IsLocalInterceptor.invoke(IsLocalInterceptor.java:74)
	at org.jboss.aop.joinpoint.MethodInvocation.invokeNext(MethodInvocation.java:101)
	at org.jboss.ejb3.stateless.StatelessRemoteProxy.invoke(StatelessRemoteProxy.java:107)
	at $Proxy7.createTrackContestResultCalculator(Unknown Source)
	at com.topcoder.service.digitalrun.contest.DigitalRunContestManagerBeanTestExp.testCreateTrackContestResultCalculator_EntityExistsException(DigitalRunContestManagerBeanTestExp.java:390)
	at org.jboss.aspects.remoting.InvokeRemoteInterceptor.invoke(InvokeRemoteInterceptor.java:74)
	at org.jboss.aop.joinpoint.MethodInvocation.invokeNext(MethodInvocation.java:101)
	at org.jboss.aspects.tx.ClientTxPropagationInterceptor.invoke(ClientTxPropagationInterceptor.java:67)
	at org.jboss.aop.joinpoint.MethodInvocation.invokeNext(MethodInvocation.java:101)
	at org.jboss.aspects.security.SecurityClientInterceptor.invoke(SecurityClientInterceptor.java:53)
	at org.jboss.aop.joinpoint.MethodInvocation.invokeNext(MethodInvocation.java:101)
	at org.jboss.ejb3.remoting.IsLocalInterceptor.invoke(IsLocalInterceptor.java:74)
	at org.jboss.aop.joinpoint.MethodInvocation.invokeNext(MethodInvocation.java:101)
	at org.jboss.ejb3.stateless.StatelessRemoteProxy.invoke(StatelessRemoteProxy.java:107)
	at $Proxy7.createTrackContestResultCalculator(Unknown Source)
	at com.topcoder.service.digitalrun.contest.DigitalRunContestManagerBeanTestExp.testCreateTrackContestResultCalculator_EntityExistsException(DigitalRunContestManagerBeanTestExp.java:390)
Caused by: javax.persistence.PersistenceException: org.hibernate.exception.GenericJDBCException: Cannot open connection
	at org.hibernate.ejb.AbstractEntityManagerImpl.throwPersistenceException(AbstractEntityManagerImpl.java:629)
	at org.hibernate.ejb.AbstractEntityManagerImpl.find(AbstractEntityManagerImpl.java:194)
	at org.jboss.ejb3.entity.TransactionScopedEntityManager.find(TransactionScopedEntityManager.java:171)
	at com.topcoder.service.digitalrun.contest.persistence.BaseHibernateDAO.findEntity(BaseHibernateDAO.java:355)
	at com.topcoder.service.digitalrun.contest.persistence.BaseHibernateDAO.errorIfEntityExists(BaseHibernateDAO.java:250)
	at com.topcoder.service.digitalrun.contest.persistence.HibernateTrackContestResultCalculatorDAO.createTrackContestResultCalculator(HibernateTrackContestResultCalculatorDAO.java:98)
	at com.topcoder.service.digitalrun.contest.DigitalRunContestManagerBean.createTrackContestResultCalculator(DigitalRunContestManagerBean.java:875)
	at org.jboss.aop.joinpoint.MethodInvocation.invokeNext(MethodInvocation.java:112)
	at org.jboss.ejb3.interceptor.InvocationContextImpl.proceed(InvocationContextImpl.java:166)
	at org.jboss.ejb3.interceptor.EJB3InterceptorsInterceptor.invoke(EJB3InterceptorsInterceptor.java:63)
	at org.jboss.aop.joinpoint.MethodInvocation.invokeNext(MethodInvocation.java:101)
	at org.jboss.ejb3.entity.TransactionScopedEntityManagerInterceptor.invoke(TransactionScopedEntityManagerInterceptor.java:54)
	at org.jboss.aop.joinpoint.MethodInvocation.invokeNext(MethodInvocation.java:101)
	at org.jboss.ejb3.AllowedOperationsInterceptor.invoke(AllowedOperationsInterceptor.java:47)
	at org.jboss.aop.joinpoint.MethodInvocation.invokeNext(MethodInvocation.java:101)
	at org.jboss.aspects.tx.TxPolicy.invokeInOurTx(TxPolicy.java:79)
	at org.jboss.aspects.tx.TxInterceptor$Required.invoke(TxInterceptor.java:191)
	at org.jboss.aop.joinpoint.MethodInvocation.invokeNext(MethodInvocation.java:101)
	at org.jboss.aspects.tx.TxPropagationInterceptor.invoke(TxPropagationInterceptor.java:95)
	at org.jboss.aop.joinpoint.MethodInvocation.invokeNext(MethodInvocation.java:101)
	at org.jboss.ejb3.stateless.StatelessInstanceInterceptor.invoke(StatelessInstanceInterceptor.java:62)
	at org.jboss.aop.joinpoint.MethodInvocation.invokeNext(MethodInvocation.java:101)
	at org.jboss.aspects.security.AuthenticationInterceptor.invoke(AuthenticationInterceptor.java:77)
	at org.jboss.ejb3.security.Ejb3AuthenticationInterceptor.invoke(Ejb3AuthenticationInterceptor.java:110)
	at org.jboss.aop.joinpoint.MethodInvocation.invokeNext(MethodInvocation.java:101)
	at org.jboss.ejb3.ENCPropagationInterceptor.invoke(ENCPropagationInterceptor.java:46)
	at org.jboss.aop.joinpoint.MethodInvocation.invokeNext(MethodInvocation.java:101)
	at org.jboss.ejb3.asynchronous.AsynchronousInterceptor.invoke(AsynchronousInterceptor.java:106)
	at org.jboss.aop.joinpoint.MethodInvocation.invokeNext(MethodInvocation.java:101)
	at org.jboss.ejb3.stateless.StatelessContainer.dynamicInvoke(StatelessContainer.java:304)
	at org.jboss.aop.Dispatcher.invoke(Dispatcher.java:106)
	at org.jboss.aspects.remoting.AOPRemotingInvocationHandler.invoke(AOPRemotingInvocationHandler.java:82)
	at org.jboss.remoting.ServerInvoker.invoke(ServerInvoker.java:769)
	at org.jboss.remoting.transport.socket.ServerThread.processInvocation(ServerThread.java:573)
	at org.jboss.remoting.transport.socket.ServerThread.dorun(ServerThread.java:373)
	at org.jboss.remoting.transport.socket.ServerThread.run(ServerThread.java:166)
Caused by: org.hibernate.exception.GenericJDBCException: Cannot open connection
	at org.hibernate.exception.SQLStateConverter.handledNonSpecificException(SQLStateConverter.java:103)
	at org.hibernate.exception.SQLStateConverter.convert(SQLStateConverter.java:91)
	at org.hibernate.exception.JDBCExceptionHelper.convert(JDBCExceptionHelper.java:43)
	at org.hibernate.exception.JDBCExceptionHelper.convert(JDBCExceptionHelper.java:29)
	at org.hibernate.jdbc.ConnectionManager.openConnection(ConnectionManager.java:426)
	at org.hibernate.jdbc.ConnectionManager.getConnection(ConnectionManager.java:144)
	at org.hibernate.jdbc.AbstractBatcher.prepareQueryStatement(AbstractBatcher.java:139)
	at org.hibernate.loader.Loader.prepareQueryStatement(Loader.java:1547)
	at org.hibernate.loader.Loader.doQuery(Loader.java:673)
	at org.hibernate.loader.Loader.doQueryAndInitializeNonLazyCollections(Loader.java:236)
	at org.hibernate.loader.Loader.loadEntity(Loader.java:1860)
	at org.hibernate.loader.entity.AbstractEntityLoader.load(AbstractEntityLoader.java:48)
	at org.hibernate.loader.entity.AbstractEntityLoader.load(AbstractEntityLoader.java:42)
	at org.hibernate.persister.entity.AbstractEntityPersister.load(AbstractEntityPersister.java:3044)
	at org.hibernate.event.def.DefaultLoadEventListener.loadFromDatasource(DefaultLoadEventListener.java:395)
	at org.hibernate.event.def.DefaultLoadEventListener.doLoad(DefaultLoadEventListener.java:375)
	at org.hibernate.event.def.DefaultLoadEventListener.load(DefaultLoadEventListener.java:139)
	at org.hibernate.event.def.DefaultLoadEventListener.proxyOrLoad(DefaultLoadEventListener.java:195)
	at org.hibernate.event.def.DefaultLoadEventListener.onLoad(DefaultLoadEventListener.java:103)
	at org.hibernate.impl.SessionImpl.fireLoad(SessionImpl.java:878)
	at org.hibernate.impl.SessionImpl.get(SessionImpl.java:815)
	at org.hibernate.impl.SessionImpl.get(SessionImpl.java:808)
	at org.hibernate.ejb.AbstractEntityManagerImpl.find(AbstractEntityManagerImpl.java:174)
Caused by: org.jboss.util.NestedSQLException: Could not create connection; - nested throwable: (java.sql.SQLException: com.informix.asf.IfxASFException: Attempt to connect to database server (topcoder) failed.); - nested throwable: (org.jboss.resource.JBossResourceException: Could not create connection; - nested throwable: (java.sql.SQLException: com.informix.asf.IfxASFException: Attempt to connect to database server (topcoder) failed.))
	at org.jboss.resource.adapter.jdbc.WrapperDataSource.getConnection(WrapperDataSource.java:94)
	at org.hibernate.ejb.connection.InjectedDataSourceConnectionProvider.getConnection(InjectedDataSourceConnectionProvider.java:47)
	at org.hibernate.jdbc.ConnectionManager.openConnection(ConnectionManager.java:423)
Caused by: org.jboss.resource.JBossResourceException: Could not create connection; - nested throwable: (java.sql.SQLException: com.informix.asf.IfxASFException: Attempt to connect to database server (topcoder) failed.)
	at org.jboss.resource.adapter.jdbc.local.LocalManagedConnectionFactory.createManagedConnection(LocalManagedConnectionFactory.java:179)
	at org.jboss.resource.connectionmanager.InternalManagedConnectionPool.createConnectionEventListener(InternalManagedConnectionPool.java:577)
	at org.jboss.resource.connectionmanager.InternalManagedConnectionPool.getConnection(InternalManagedConnectionPool.java:262)
	at org.jboss.resource.connectionmanager.JBossManagedConnectionPool$BasePool.getConnection(JBossManagedConnectionPool.java:538)
	at org.jboss.resource.connectionmanager.BaseConnectionManager2.getManagedConnection(BaseConnectionManager2.java:341)
	at org.jboss.resource.connectionmanager.TxConnectionManager.getManagedConnection(TxConnectionManager.java:315)
	at org.jboss.resource.connectionmanager.BaseConnectionManager2.allocateConnection(BaseConnectionManager2.java:396)
	at org.jboss.resource.connectionmanager.BaseConnectionManager2$ConnectionManagerProxy.allocateConnection(BaseConnectionManager2.java:842)
	at org.jboss.resource.adapter.jdbc.WrapperDataSource.getConnection(WrapperDataSource.java:88)
Caused by: java.sql.SQLException: com.informix.asf.IfxASFException: Attempt to connect to database server (topcoder) failed.
	at com.informix.jdbc.IfxSqliConnect.&lt;init&gt;(IfxSqliConnect.java:1026)
	at java.lang.reflect.Constructor.newInstance(Constructor.java:494)
	at com.informix.jdbc.IfxDriver.connect(IfxDriver.java:254)
	at org.jboss.resource.adapter.jdbc.local.LocalManagedConnectionFactory.createManagedConnection(LocalManagedConnectionFactory.java:171)
</error>
  </testcase>
  <testcase classname="com.topcoder.service.digitalrun.contest.DigitalRunContestManagerBeanTestExp" name="testCreateTrackContestResultCalculator_PersistenceException" time="21.0" />
  <testcase classname="com.topcoder.service.digitalrun.contest.DigitalRunContestManagerBeanTestExp" name="testUpdateTrackContestResultCalculator_IllegalArgumentException" time="0.187" />
  <testcase classname="com.topcoder.service.digitalrun.contest.DigitalRunContestManagerBeanTestExp" name="testUpdateTrackContestResultCalculator_EntityNotFoundException" time="21.063">
    <error message="Persistence error occurs while updating track contest result calculator." type="com.topcoder.service.digitalrun.contest.DigitalRunContestManagerException">com.topcoder.service.digitalrun.contest.DigitalRunContestManagerException: Persistence error occurs while updating track contest result calculator.
	at com.topcoder.service.digitalrun.contest.DigitalRunContestManagerBean.updateTrackContestResultCalculator(DigitalRunContestManagerBean.java:916)
	at org.jboss.aop.joinpoint.MethodInvocation.invokeNext(MethodInvocation.java:112)
	at org.jboss.ejb3.interceptor.InvocationContextImpl.proceed(InvocationContextImpl.java:166)
	at org.jboss.ejb3.interceptor.EJB3InterceptorsInterceptor.invoke(EJB3InterceptorsInterceptor.java:63)
	at org.jboss.aop.joinpoint.MethodInvocation.invokeNext(MethodInvocation.java:101)
	at org.jboss.ejb3.entity.TransactionScopedEntityManagerInterceptor.invoke(TransactionScopedEntityManagerInterceptor.java:54)
	at org.jboss.aop.joinpoint.MethodInvocation.invokeNext(MethodInvocation.java:101)
	at org.jboss.ejb3.AllowedOperationsInterceptor.invoke(AllowedOperationsInterceptor.java:47)
	at org.jboss.aop.joinpoint.MethodInvocation.invokeNext(MethodInvocation.java:101)
	at org.jboss.aspects.tx.TxPolicy.invokeInOurTx(TxPolicy.java:79)
	at org.jboss.aspects.tx.TxInterceptor$Required.invoke(TxInterceptor.java:191)
	at org.jboss.aop.joinpoint.MethodInvocation.invokeNext(MethodInvocation.java:101)
	at org.jboss.aspects.tx.TxPropagationInterceptor.invoke(TxPropagationInterceptor.java:95)
	at org.jboss.aop.joinpoint.MethodInvocation.invokeNext(MethodInvocation.java:101)
	at org.jboss.ejb3.stateless.StatelessInstanceInterceptor.invoke(StatelessInstanceInterceptor.java:62)
	at org.jboss.aop.joinpoint.MethodInvocation.invokeNext(MethodInvocation.java:101)
	at org.jboss.aspects.security.AuthenticationInterceptor.invoke(AuthenticationInterceptor.java:77)
	at org.jboss.ejb3.security.Ejb3AuthenticationInterceptor.invoke(Ejb3AuthenticationInterceptor.java:110)
	at org.jboss.aop.joinpoint.MethodInvocation.invokeNext(MethodInvocation.java:101)
	at org.jboss.ejb3.ENCPropagationInterceptor.invoke(ENCPropagationInterceptor.java:46)
	at org.jboss.aop.joinpoint.MethodInvocation.invokeNext(MethodInvocation.java:101)
	at org.jboss.ejb3.asynchronous.AsynchronousInterceptor.invoke(AsynchronousInterceptor.java:106)
	at org.jboss.aop.joinpoint.MethodInvocation.invokeNext(MethodInvocation.java:101)
	at org.jboss.ejb3.stateless.StatelessContainer.dynamicInvoke(StatelessContainer.java:304)
	at org.jboss.aop.Dispatcher.invoke(Dispatcher.java:106)
	at org.jboss.aspects.remoting.AOPRemotingInvocationHandler.invoke(AOPRemotingInvocationHandler.java:82)
	at org.jboss.remoting.ServerInvoker.invoke(ServerInvoker.java:769)
	at org.jboss.remoting.transport.socket.ServerThread.processInvocation(ServerThread.java:573)
	at org.jboss.remoting.transport.socket.ServerThread.dorun(ServerThread.java:373)
	at org.jboss.remoting.transport.socket.ServerThread.run(ServerThread.java:166)
Caused by: com.topcoder.service.digitalrun.contest.PersistenceException: org.hibernate.exception.GenericJDBCException: Cannot open connection
	at com.topcoder.service.digitalrun.contest.persistence.BaseHibernateDAO.findEntity(BaseHibernateDAO.java:358)
	at com.topcoder.service.digitalrun.contest.persistence.BaseHibernateDAO.errorIfEntityNotExists(BaseHibernateDAO.java:318)
	at com.topcoder.service.digitalrun.contest.persistence.BaseHibernateDAO.errorIfEntityNotExists(BaseHibernateDAO.java:288)
	at com.topcoder.service.digitalrun.contest.persistence.HibernateTrackContestResultCalculatorDAO.updateTrackContestResultCalculator(HibernateTrackContestResultCalculatorDAO.java:136)
	at com.topcoder.service.digitalrun.contest.DigitalRunContestManagerBean.updateTrackContestResultCalculator(DigitalRunContestManagerBean.java:914)
	at org.jboss.aop.joinpoint.MethodInvocation.invokeNext(MethodInvocation.java:112)
	at org.jboss.ejb3.interceptor.InvocationContextImpl.proceed(InvocationContextImpl.java:166)
	at org.jboss.ejb3.interceptor.EJB3InterceptorsInterceptor.invoke(EJB3InterceptorsInterceptor.java:63)
	at org.jboss.aop.joinpoint.MethodInvocation.invokeNext(MethodInvocation.java:101)
	at org.jboss.ejb3.entity.TransactionScopedEntityManagerInterceptor.invoke(TransactionScopedEntityManagerInterceptor.java:54)
	at org.jboss.aop.joinpoint.MethodInvocation.invokeNext(MethodInvocation.java:101)
	at org.jboss.ejb3.AllowedOperationsInterceptor.invoke(AllowedOperationsInterceptor.java:47)
	at org.jboss.aop.joinpoint.MethodInvocation.invokeNext(MethodInvocation.java:101)
	at org.jboss.aspects.tx.TxPolicy.invokeInOurTx(TxPolicy.java:79)
	at org.jboss.aspects.tx.TxInterceptor$Required.invoke(TxInterceptor.java:191)
	at org.jboss.aop.joinpoint.MethodInvocation.invokeNext(MethodInvocation.java:101)
	at org.jboss.aspects.tx.TxPropagationInterceptor.invoke(TxPropagationInterceptor.java:95)
	at org.jboss.aop.joinpoint.MethodInvocation.invokeNext(MethodInvocation.java:101)
	at org.jboss.ejb3.stateless.StatelessInstanceInterceptor.invoke(StatelessInstanceInterceptor.java:62)
	at org.jboss.aop.joinpoint.MethodInvocation.invokeNext(MethodInvocation.java:101)
	at org.jboss.aspects.security.AuthenticationInterceptor.invoke(AuthenticationInterceptor.java:77)
	at org.jboss.ejb3.security.Ejb3AuthenticationInterceptor.invoke(Ejb3AuthenticationInterceptor.java:110)
	at org.jboss.aop.joinpoint.MethodInvocation.invokeNext(MethodInvocation.java:101)
	at org.jboss.ejb3.ENCPropagationInterceptor.invoke(ENCPropagationInterceptor.java:46)
	at org.jboss.aop.joinpoint.MethodInvocation.invokeNext(MethodInvocation.java:101)
	at org.jboss.ejb3.asynchronous.AsynchronousInterceptor.invoke(AsynchronousInterceptor.java:106)
	at org.jboss.aop.joinpoint.MethodInvocation.invokeNext(MethodInvocation.java:101)
	at org.jboss.ejb3.stateless.StatelessContainer.dynamicInvoke(StatelessContainer.java:304)
	at org.jboss.aop.Dispatcher.invoke(Dispatcher.java:106)
	at org.jboss.aspects.remoting.AOPRemotingInvocationHandler.invoke(AOPRemotingInvocationHandler.java:82)
	at org.jboss.remoting.ServerInvoker.invoke(ServerInvoker.java:769)
	at org.jboss.remoting.transport.socket.ServerThread.processInvocation(ServerThread.java:573)
	at org.jboss.remoting.transport.socket.ServerThread.dorun(ServerThread.java:373)
	at org.jboss.remoting.transport.socket.ServerThread.run(ServerThread.java:166)
	at org.jboss.remoting.MicroRemoteClientInvoker.invoke(MicroRemoteClientInvoker.java:163)
	at org.jboss.remoting.Client.invoke(Client.java:1634)
	at org.jboss.remoting.Client.invoke(Client.java:548)
	at org.jboss.aspects.remoting.InvokeRemoteInterceptor.invoke(InvokeRemoteInterceptor.java:62)
	at org.jboss.aop.joinpoint.MethodInvocation.invokeNext(MethodInvocation.java:101)
	at org.jboss.aspects.tx.ClientTxPropagationInterceptor.invoke(ClientTxPropagationInterceptor.java:67)
	at org.jboss.aop.joinpoint.MethodInvocation.invokeNext(MethodInvocation.java:101)
	at org.jboss.aspects.security.SecurityClientInterceptor.invoke(SecurityClientInterceptor.java:53)
	at org.jboss.aop.joinpoint.MethodInvocation.invokeNext(MethodInvocation.java:101)
	at org.jboss.ejb3.remoting.IsLocalInterceptor.invoke(IsLocalInterceptor.java:74)
	at org.jboss.aop.joinpoint.MethodInvocation.invokeNext(MethodInvocation.java:101)
	at org.jboss.ejb3.stateless.StatelessRemoteProxy.invoke(StatelessRemoteProxy.java:107)
	at $Proxy7.updateTrackContestResultCalculator(Unknown Source)
	at com.topcoder.service.digitalrun.contest.DigitalRunContestManagerBeanTestExp.testUpdateTrackContestResultCalculator_EntityNotFoundException(DigitalRunContestManagerBeanTestExp.java:447)
	at org.jboss.aspects.remoting.InvokeRemoteInterceptor.invoke(InvokeRemoteInterceptor.java:74)
	at org.jboss.aop.joinpoint.MethodInvocation.invokeNext(MethodInvocation.java:101)
	at org.jboss.aspects.tx.ClientTxPropagationInterceptor.invoke(ClientTxPropagationInterceptor.java:67)
	at org.jboss.aop.joinpoint.MethodInvocation.invokeNext(MethodInvocation.java:101)
	at org.jboss.aspects.security.SecurityClientInterceptor.invoke(SecurityClientInterceptor.java:53)
	at org.jboss.aop.joinpoint.MethodInvocation.invokeNext(MethodInvocation.java:101)
	at org.jboss.ejb3.remoting.IsLocalInterceptor.invoke(IsLocalInterceptor.java:74)
	at org.jboss.aop.joinpoint.MethodInvocation.invokeNext(MethodInvocation.java:101)
	at org.jboss.ejb3.stateless.StatelessRemoteProxy.invoke(StatelessRemoteProxy.java:107)
	at $Proxy7.updateTrackContestResultCalculator(Unknown Source)
	at com.topcoder.service.digitalrun.contest.DigitalRunContestManagerBeanTestExp.testUpdateTrackContestResultCalculator_EntityNotFoundException(DigitalRunContestManagerBeanTestExp.java:447)
Caused by: javax.persistence.PersistenceException: org.hibernate.exception.GenericJDBCException: Cannot open connection
	at org.hibernate.ejb.AbstractEntityManagerImpl.throwPersistenceException(AbstractEntityManagerImpl.java:629)
	at org.hibernate.ejb.AbstractEntityManagerImpl.find(AbstractEntityManagerImpl.java:194)
	at org.jboss.ejb3.entity.TransactionScopedEntityManager.find(TransactionScopedEntityManager.java:171)
	at com.topcoder.service.digitalrun.contest.persistence.BaseHibernateDAO.findEntity(BaseHibernateDAO.java:355)
	at com.topcoder.service.digitalrun.contest.persistence.BaseHibernateDAO.errorIfEntityNotExists(BaseHibernateDAO.java:318)
	at com.topcoder.service.digitalrun.contest.persistence.BaseHibernateDAO.errorIfEntityNotExists(BaseHibernateDAO.java:288)
	at com.topcoder.service.digitalrun.contest.persistence.HibernateTrackContestResultCalculatorDAO.updateTrackContestResultCalculator(HibernateTrackContestResultCalculatorDAO.java:136)
	at com.topcoder.service.digitalrun.contest.DigitalRunContestManagerBean.updateTrackContestResultCalculator(DigitalRunContestManagerBean.java:914)
	at org.jboss.aop.joinpoint.MethodInvocation.invokeNext(MethodInvocation.java:112)
	at org.jboss.ejb3.interceptor.InvocationContextImpl.proceed(InvocationContextImpl.java:166)
	at org.jboss.ejb3.interceptor.EJB3InterceptorsInterceptor.invoke(EJB3InterceptorsInterceptor.java:63)
	at org.jboss.aop.joinpoint.MethodInvocation.invokeNext(MethodInvocation.java:101)
	at org.jboss.ejb3.entity.TransactionScopedEntityManagerInterceptor.invoke(TransactionScopedEntityManagerInterceptor.java:54)
	at org.jboss.aop.joinpoint.MethodInvocation.invokeNext(MethodInvocation.java:101)
	at org.jboss.ejb3.AllowedOperationsInterceptor.invoke(AllowedOperationsInterceptor.java:47)
	at org.jboss.aop.joinpoint.MethodInvocation.invokeNext(MethodInvocation.java:101)
	at org.jboss.aspects.tx.TxPolicy.invokeInOurTx(TxPolicy.java:79)
	at org.jboss.aspects.tx.TxInterceptor$Required.invoke(TxInterceptor.java:191)
	at org.jboss.aop.joinpoint.MethodInvocation.invokeNext(MethodInvocation.java:101)
	at org.jboss.aspects.tx.TxPropagationInterceptor.invoke(TxPropagationInterceptor.java:95)
	at org.jboss.aop.joinpoint.MethodInvocation.invokeNext(MethodInvocation.java:101)
	at org.jboss.ejb3.stateless.StatelessInstanceInterceptor.invoke(StatelessInstanceInterceptor.java:62)
	at org.jboss.aop.joinpoint.MethodInvocation.invokeNext(MethodInvocation.java:101)
	at org.jboss.aspects.security.AuthenticationInterceptor.invoke(AuthenticationInterceptor.java:77)
	at org.jboss.ejb3.security.Ejb3AuthenticationInterceptor.invoke(Ejb3AuthenticationInterceptor.java:110)
	at org.jboss.aop.joinpoint.MethodInvocation.invokeNext(MethodInvocation.java:101)
	at org.jboss.ejb3.ENCPropagationInterceptor.invoke(ENCPropagationInterceptor.java:46)
	at org.jboss.aop.joinpoint.MethodInvocation.invokeNext(MethodInvocation.java:101)
	at org.jboss.ejb3.asynchronous.AsynchronousInterceptor.invoke(AsynchronousInterceptor.java:106)
	at org.jboss.aop.joinpoint.MethodInvocation.invokeNext(MethodInvocation.java:101)
	at org.jboss.ejb3.stateless.StatelessContainer.dynamicInvoke(StatelessContainer.java:304)
	at org.jboss.aop.Dispatcher.invoke(Dispatcher.java:106)
	at org.jboss.aspects.remoting.AOPRemotingInvocationHandler.invoke(AOPRemotingInvocationHandler.java:82)
	at org.jboss.remoting.ServerInvoker.invoke(ServerInvoker.java:769)
	at org.jboss.remoting.transport.socket.ServerThread.processInvocation(ServerThread.java:573)
	at org.jboss.remoting.transport.socket.ServerThread.dorun(ServerThread.java:373)
	at org.jboss.remoting.transport.socket.ServerThread.run(ServerThread.java:166)
Caused by: org.hibernate.exception.GenericJDBCException: Cannot open connection
	at org.hibernate.exception.SQLStateConverter.handledNonSpecificException(SQLStateConverter.java:103)
	at org.hibernate.exception.SQLStateConverter.convert(SQLStateConverter.java:91)
	at org.hibernate.exception.JDBCExceptionHelper.convert(JDBCExceptionHelper.java:43)
	at org.hibernate.exception.JDBCExceptionHelper.convert(JDBCExceptionHelper.java:29)
	at org.hibernate.jdbc.ConnectionManager.openConnection(ConnectionManager.java:426)
	at org.hibernate.jdbc.ConnectionManager.getConnection(ConnectionManager.java:144)
	at org.hibernate.jdbc.AbstractBatcher.prepareQueryStatement(AbstractBatcher.java:139)
	at org.hibernate.loader.Loader.prepareQueryStatement(Loader.java:1547)
	at org.hibernate.loader.Loader.doQuery(Loader.java:673)
	at org.hibernate.loader.Loader.doQueryAndInitializeNonLazyCollections(Loader.java:236)
	at org.hibernate.loader.Loader.loadEntity(Loader.java:1860)
	at org.hibernate.loader.entity.AbstractEntityLoader.load(AbstractEntityLoader.java:48)
	at org.hibernate.loader.entity.AbstractEntityLoader.load(AbstractEntityLoader.java:42)
	at org.hibernate.persister.entity.AbstractEntityPersister.load(AbstractEntityPersister.java:3044)
	at org.hibernate.event.def.DefaultLoadEventListener.loadFromDatasource(DefaultLoadEventListener.java:395)
	at org.hibernate.event.def.DefaultLoadEventListener.doLoad(DefaultLoadEventListener.java:375)
	at org.hibernate.event.def.DefaultLoadEventListener.load(DefaultLoadEventListener.java:139)
	at org.hibernate.event.def.DefaultLoadEventListener.proxyOrLoad(DefaultLoadEventListener.java:195)
	at org.hibernate.event.def.DefaultLoadEventListener.onLoad(DefaultLoadEventListener.java:103)
	at org.hibernate.impl.SessionImpl.fireLoad(SessionImpl.java:878)
	at org.hibernate.impl.SessionImpl.get(SessionImpl.java:815)
	at org.hibernate.impl.SessionImpl.get(SessionImpl.java:808)
	at org.hibernate.ejb.AbstractEntityManagerImpl.find(AbstractEntityManagerImpl.java:174)
Caused by: org.jboss.util.NestedSQLException: Could not create connection; - nested throwable: (java.sql.SQLException: com.informix.asf.IfxASFException: Attempt to connect to database server (topcoder) failed.); - nested throwable: (org.jboss.resource.JBossResourceException: Could not create connection; - nested throwable: (java.sql.SQLException: com.informix.asf.IfxASFException: Attempt to connect to database server (topcoder) failed.))
	at org.jboss.resource.adapter.jdbc.WrapperDataSource.getConnection(WrapperDataSource.java:94)
	at org.hibernate.ejb.connection.InjectedDataSourceConnectionProvider.getConnection(InjectedDataSourceConnectionProvider.java:47)
	at org.hibernate.jdbc.ConnectionManager.openConnection(ConnectionManager.java:423)
Caused by: org.jboss.resource.JBossResourceException: Could not create connection; - nested throwable: (java.sql.SQLException: com.informix.asf.IfxASFException: Attempt to connect to database server (topcoder) failed.)
	at org.jboss.resource.adapter.jdbc.local.LocalManagedConnectionFactory.createManagedConnection(LocalManagedConnectionFactory.java:179)
	at org.jboss.resource.connectionmanager.InternalManagedConnectionPool.createConnectionEventListener(InternalManagedConnectionPool.java:577)
	at org.jboss.resource.connectionmanager.InternalManagedConnectionPool.getConnection(InternalManagedConnectionPool.java:262)
	at org.jboss.resource.connectionmanager.JBossManagedConnectionPool$BasePool.getConnection(JBossManagedConnectionPool.java:538)
	at org.jboss.resource.connectionmanager.BaseConnectionManager2.getManagedConnection(BaseConnectionManager2.java:341)
	at org.jboss.resource.connectionmanager.TxConnectionManager.getManagedConnection(TxConnectionManager.java:315)
	at org.jboss.resource.connectionmanager.BaseConnectionManager2.allocateConnection(BaseConnectionManager2.java:396)
	at org.jboss.resource.connectionmanager.BaseConnectionManager2$ConnectionManagerProxy.allocateConnection(BaseConnectionManager2.java:842)
	at org.jboss.resource.adapter.jdbc.WrapperDataSource.getConnection(WrapperDataSource.java:88)
Caused by: java.sql.SQLException: com.informix.asf.IfxASFException: Attempt to connect to database server (topcoder) failed.
	at com.informix.jdbc.IfxSqliConnect.&lt;init&gt;(IfxSqliConnect.java:1026)
	at java.lang.reflect.Constructor.newInstance(Constructor.java:494)
	at com.informix.jdbc.IfxDriver.connect(IfxDriver.java:254)
	at org.jboss.resource.adapter.jdbc.local.LocalManagedConnectionFactory.createManagedConnection(LocalManagedConnectionFactory.java:171)
</error>
  </testcase>
  <testcase classname="com.topcoder.service.digitalrun.contest.DigitalRunContestManagerBeanTestExp" name="testUpdateTrackContestResultCalculator_PersistenceException" time="20.89">
    <error message="Persistence error occurs while creating track contest result calculator." type="com.topcoder.service.digitalrun.contest.DigitalRunContestManagerException">com.topcoder.service.digitalrun.contest.DigitalRunContestManagerException: Persistence error occurs while creating track contest result calculator.
	at com.topcoder.service.digitalrun.contest.DigitalRunContestManagerBean.createTrackContestResultCalculator(DigitalRunContestManagerBean.java:877)
	at org.jboss.aop.joinpoint.MethodInvocation.invokeNext(MethodInvocation.java:112)
	at org.jboss.ejb3.interceptor.InvocationContextImpl.proceed(InvocationContextImpl.java:166)
	at org.jboss.ejb3.interceptor.EJB3InterceptorsInterceptor.invoke(EJB3InterceptorsInterceptor.java:63)
	at org.jboss.aop.joinpoint.MethodInvocation.invokeNext(MethodInvocation.java:101)
	at org.jboss.ejb3.entity.TransactionScopedEntityManagerInterceptor.invoke(TransactionScopedEntityManagerInterceptor.java:54)
	at org.jboss.aop.joinpoint.MethodInvocation.invokeNext(MethodInvocation.java:101)
	at org.jboss.ejb3.AllowedOperationsInterceptor.invoke(AllowedOperationsInterceptor.java:47)
	at org.jboss.aop.joinpoint.MethodInvocation.invokeNext(MethodInvocation.java:101)
	at org.jboss.aspects.tx.TxPolicy.invokeInOurTx(TxPolicy.java:79)
	at org.jboss.aspects.tx.TxInterceptor$Required.invoke(TxInterceptor.java:191)
	at org.jboss.aop.joinpoint.MethodInvocation.invokeNext(MethodInvocation.java:101)
	at org.jboss.aspects.tx.TxPropagationInterceptor.invoke(TxPropagationInterceptor.java:95)
	at org.jboss.aop.joinpoint.MethodInvocation.invokeNext(MethodInvocation.java:101)
	at org.jboss.ejb3.stateless.StatelessInstanceInterceptor.invoke(StatelessInstanceInterceptor.java:62)
	at org.jboss.aop.joinpoint.MethodInvocation.invokeNext(MethodInvocation.java:101)
	at org.jboss.aspects.security.AuthenticationInterceptor.invoke(AuthenticationInterceptor.java:77)
	at org.jboss.ejb3.security.Ejb3AuthenticationInterceptor.invoke(Ejb3AuthenticationInterceptor.java:110)
	at org.jboss.aop.joinpoint.MethodInvocation.invokeNext(MethodInvocation.java:101)
	at org.jboss.ejb3.ENCPropagationInterceptor.invoke(ENCPropagationInterceptor.java:46)
	at org.jboss.aop.joinpoint.MethodInvocation.invokeNext(MethodInvocation.java:101)
	at org.jboss.ejb3.asynchronous.AsynchronousInterceptor.invoke(AsynchronousInterceptor.java:106)
	at org.jboss.aop.joinpoint.MethodInvocation.invokeNext(MethodInvocation.java:101)
	at org.jboss.ejb3.stateless.StatelessContainer.dynamicInvoke(StatelessContainer.java:304)
	at org.jboss.aop.Dispatcher.invoke(Dispatcher.java:106)
	at org.jboss.aspects.remoting.AOPRemotingInvocationHandler.invoke(AOPRemotingInvocationHandler.java:82)
	at org.jboss.remoting.ServerInvoker.invoke(ServerInvoker.java:769)
	at org.jboss.remoting.transport.socket.ServerThread.processInvocation(ServerThread.java:573)
	at org.jboss.remoting.transport.socket.ServerThread.dorun(ServerThread.java:373)
	at org.jboss.remoting.transport.socket.ServerThread.run(ServerThread.java:166)
Caused by: com.topcoder.service.digitalrun.contest.PersistenceException: org.hibernate.exception.GenericJDBCException: Cannot open connection
	at com.topcoder.service.digitalrun.contest.persistence.BaseHibernateDAO.findEntity(BaseHibernateDAO.java:358)
	at com.topcoder.service.digitalrun.contest.persistence.BaseHibernateDAO.errorIfEntityExists(BaseHibernateDAO.java:250)
	at com.topcoder.service.digitalrun.contest.persistence.HibernateTrackContestResultCalculatorDAO.createTrackContestResultCalculator(HibernateTrackContestResultCalculatorDAO.java:98)
	at com.topcoder.service.digitalrun.contest.DigitalRunContestManagerBean.createTrackContestResultCalculator(DigitalRunContestManagerBean.java:875)
	at org.jboss.aop.joinpoint.MethodInvocation.invokeNext(MethodInvocation.java:112)
	at org.jboss.ejb3.interceptor.InvocationContextImpl.proceed(InvocationContextImpl.java:166)
	at org.jboss.ejb3.interceptor.EJB3InterceptorsInterceptor.invoke(EJB3InterceptorsInterceptor.java:63)
	at org.jboss.aop.joinpoint.MethodInvocation.invokeNext(MethodInvocation.java:101)
	at org.jboss.ejb3.entity.TransactionScopedEntityManagerInterceptor.invoke(TransactionScopedEntityManagerInterceptor.java:54)
	at org.jboss.aop.joinpoint.MethodInvocation.invokeNext(MethodInvocation.java:101)
	at org.jboss.ejb3.AllowedOperationsInterceptor.invoke(AllowedOperationsInterceptor.java:47)
	at org.jboss.aop.joinpoint.MethodInvocation.invokeNext(MethodInvocation.java:101)
	at org.jboss.aspects.tx.TxPolicy.invokeInOurTx(TxPolicy.java:79)
	at org.jboss.aspects.tx.TxInterceptor$Required.invoke(TxInterceptor.java:191)
	at org.jboss.aop.joinpoint.MethodInvocation.invokeNext(MethodInvocation.java:101)
	at org.jboss.aspects.tx.TxPropagationInterceptor.invoke(TxPropagationInterceptor.java:95)
	at org.jboss.aop.joinpoint.MethodInvocation.invokeNext(MethodInvocation.java:101)
	at org.jboss.ejb3.stateless.StatelessInstanceInterceptor.invoke(StatelessInstanceInterceptor.java:62)
	at org.jboss.aop.joinpoint.MethodInvocation.invokeNext(MethodInvocation.java:101)
	at org.jboss.aspects.security.AuthenticationInterceptor.invoke(AuthenticationInterceptor.java:77)
	at org.jboss.ejb3.security.Ejb3AuthenticationInterceptor.invoke(Ejb3AuthenticationInterceptor.java:110)
	at org.jboss.aop.joinpoint.MethodInvocation.invokeNext(MethodInvocation.java:101)
	at org.jboss.ejb3.ENCPropagationInterceptor.invoke(ENCPropagationInterceptor.java:46)
	at org.jboss.aop.joinpoint.MethodInvocation.invokeNext(MethodInvocation.java:101)
	at org.jboss.ejb3.asynchronous.AsynchronousInterceptor.invoke(AsynchronousInterceptor.java:106)
	at org.jboss.aop.joinpoint.MethodInvocation.invokeNext(MethodInvocation.java:101)
	at org.jboss.ejb3.stateless.StatelessContainer.dynamicInvoke(StatelessContainer.java:304)
	at org.jboss.aop.Dispatcher.invoke(Dispatcher.java:106)
	at org.jboss.aspects.remoting.AOPRemotingInvocationHandler.invoke(AOPRemotingInvocationHandler.java:82)
	at org.jboss.remoting.ServerInvoker.invoke(ServerInvoker.java:769)
	at org.jboss.remoting.transport.socket.ServerThread.processInvocation(ServerThread.java:573)
	at org.jboss.remoting.transport.socket.ServerThread.dorun(ServerThread.java:373)
	at org.jboss.remoting.transport.socket.ServerThread.run(ServerThread.java:166)
	at org.jboss.remoting.MicroRemoteClientInvoker.invoke(MicroRemoteClientInvoker.java:163)
	at org.jboss.remoting.Client.invoke(Client.java:1634)
	at org.jboss.remoting.Client.invoke(Client.java:548)
	at org.jboss.aspects.remoting.InvokeRemoteInterceptor.invoke(InvokeRemoteInterceptor.java:62)
	at org.jboss.aop.joinpoint.MethodInvocation.invokeNext(MethodInvocation.java:101)
	at org.jboss.aspects.tx.ClientTxPropagationInterceptor.invoke(ClientTxPropagationInterceptor.java:67)
	at org.jboss.aop.joinpoint.MethodInvocation.invokeNext(MethodInvocation.java:101)
	at org.jboss.aspects.security.SecurityClientInterceptor.invoke(SecurityClientInterceptor.java:53)
	at org.jboss.aop.joinpoint.MethodInvocation.invokeNext(MethodInvocation.java:101)
	at org.jboss.ejb3.remoting.IsLocalInterceptor.invoke(IsLocalInterceptor.java:74)
	at org.jboss.aop.joinpoint.MethodInvocation.invokeNext(MethodInvocation.java:101)
	at org.jboss.ejb3.stateless.StatelessRemoteProxy.invoke(StatelessRemoteProxy.java:107)
	at $Proxy7.createTrackContestResultCalculator(Unknown Source)
	at com.topcoder.service.digitalrun.contest.DigitalRunContestManagerBeanTestExp.testUpdateTrackContestResultCalculator_PersistenceException(DigitalRunContestManagerBeanTestExp.java:466)
	at org.jboss.aspects.remoting.InvokeRemoteInterceptor.invoke(InvokeRemoteInterceptor.java:74)
	at org.jboss.aop.joinpoint.MethodInvocation.invokeNext(MethodInvocation.java:101)
	at org.jboss.aspects.tx.ClientTxPropagationInterceptor.invoke(ClientTxPropagationInterceptor.java:67)
	at org.jboss.aop.joinpoint.MethodInvocation.invokeNext(MethodInvocation.java:101)
	at org.jboss.aspects.security.SecurityClientInterceptor.invoke(SecurityClientInterceptor.java:53)
	at org.jboss.aop.joinpoint.MethodInvocation.invokeNext(MethodInvocation.java:101)
	at org.jboss.ejb3.remoting.IsLocalInterceptor.invoke(IsLocalInterceptor.java:74)
	at org.jboss.aop.joinpoint.MethodInvocation.invokeNext(MethodInvocation.java:101)
	at org.jboss.ejb3.stateless.StatelessRemoteProxy.invoke(StatelessRemoteProxy.java:107)
	at $Proxy7.createTrackContestResultCalculator(Unknown Source)
	at com.topcoder.service.digitalrun.contest.DigitalRunContestManagerBeanTestExp.testUpdateTrackContestResultCalculator_PersistenceException(DigitalRunContestManagerBeanTestExp.java:466)
Caused by: javax.persistence.PersistenceException: org.hibernate.exception.GenericJDBCException: Cannot open connection
	at org.hibernate.ejb.AbstractEntityManagerImpl.throwPersistenceException(AbstractEntityManagerImpl.java:629)
	at org.hibernate.ejb.AbstractEntityManagerImpl.find(AbstractEntityManagerImpl.java:194)
	at org.jboss.ejb3.entity.TransactionScopedEntityManager.find(TransactionScopedEntityManager.java:171)
	at com.topcoder.service.digitalrun.contest.persistence.BaseHibernateDAO.findEntity(BaseHibernateDAO.java:355)
	at com.topcoder.service.digitalrun.contest.persistence.BaseHibernateDAO.errorIfEntityExists(BaseHibernateDAO.java:250)
	at com.topcoder.service.digitalrun.contest.persistence.HibernateTrackContestResultCalculatorDAO.createTrackContestResultCalculator(HibernateTrackContestResultCalculatorDAO.java:98)
	at com.topcoder.service.digitalrun.contest.DigitalRunContestManagerBean.createTrackContestResultCalculator(DigitalRunContestManagerBean.java:875)
	at org.jboss.aop.joinpoint.MethodInvocation.invokeNext(MethodInvocation.java:112)
	at org.jboss.ejb3.interceptor.InvocationContextImpl.proceed(InvocationContextImpl.java:166)
	at org.jboss.ejb3.interceptor.EJB3InterceptorsInterceptor.invoke(EJB3InterceptorsInterceptor.java:63)
	at org.jboss.aop.joinpoint.MethodInvocation.invokeNext(MethodInvocation.java:101)
	at org.jboss.ejb3.entity.TransactionScopedEntityManagerInterceptor.invoke(TransactionScopedEntityManagerInterceptor.java:54)
	at org.jboss.aop.joinpoint.MethodInvocation.invokeNext(MethodInvocation.java:101)
	at org.jboss.ejb3.AllowedOperationsInterceptor.invoke(AllowedOperationsInterceptor.java:47)
	at org.jboss.aop.joinpoint.MethodInvocation.invokeNext(MethodInvocation.java:101)
	at org.jboss.aspects.tx.TxPolicy.invokeInOurTx(TxPolicy.java:79)
	at org.jboss.aspects.tx.TxInterceptor$Required.invoke(TxInterceptor.java:191)
	at org.jboss.aop.joinpoint.MethodInvocation.invokeNext(MethodInvocation.java:101)
	at org.jboss.aspects.tx.TxPropagationInterceptor.invoke(TxPropagationInterceptor.java:95)
	at org.jboss.aop.joinpoint.MethodInvocation.invokeNext(MethodInvocation.java:101)
	at org.jboss.ejb3.stateless.StatelessInstanceInterceptor.invoke(StatelessInstanceInterceptor.java:62)
	at org.jboss.aop.joinpoint.MethodInvocation.invokeNext(MethodInvocation.java:101)
	at org.jboss.aspects.security.AuthenticationInterceptor.invoke(AuthenticationInterceptor.java:77)
	at org.jboss.ejb3.security.Ejb3AuthenticationInterceptor.invoke(Ejb3AuthenticationInterceptor.java:110)
	at org.jboss.aop.joinpoint.MethodInvocation.invokeNext(MethodInvocation.java:101)
	at org.jboss.ejb3.ENCPropagationInterceptor.invoke(ENCPropagationInterceptor.java:46)
	at org.jboss.aop.joinpoint.MethodInvocation.invokeNext(MethodInvocation.java:101)
	at org.jboss.ejb3.asynchronous.AsynchronousInterceptor.invoke(AsynchronousInterceptor.java:106)
	at org.jboss.aop.joinpoint.MethodInvocation.invokeNext(MethodInvocation.java:101)
	at org.jboss.ejb3.stateless.StatelessContainer.dynamicInvoke(StatelessContainer.java:304)
	at org.jboss.aop.Dispatcher.invoke(Dispatcher.java:106)
	at org.jboss.aspects.remoting.AOPRemotingInvocationHandler.invoke(AOPRemotingInvocationHandler.java:82)
	at org.jboss.remoting.ServerInvoker.invoke(ServerInvoker.java:769)
	at org.jboss.remoting.transport.socket.ServerThread.processInvocation(ServerThread.java:573)
	at org.jboss.remoting.transport.socket.ServerThread.dorun(ServerThread.java:373)
	at org.jboss.remoting.transport.socket.ServerThread.run(ServerThread.java:166)
Caused by: org.hibernate.exception.GenericJDBCException: Cannot open connection
	at org.hibernate.exception.SQLStateConverter.handledNonSpecificException(SQLStateConverter.java:103)
	at org.hibernate.exception.SQLStateConverter.convert(SQLStateConverter.java:91)
	at org.hibernate.exception.JDBCExceptionHelper.convert(JDBCExceptionHelper.java:43)
	at org.hibernate.exception.JDBCExceptionHelper.convert(JDBCExceptionHelper.java:29)
	at org.hibernate.jdbc.ConnectionManager.openConnection(ConnectionManager.java:426)
	at org.hibernate.jdbc.ConnectionManager.getConnection(ConnectionManager.java:144)
	at org.hibernate.jdbc.AbstractBatcher.prepareQueryStatement(AbstractBatcher.java:139)
	at org.hibernate.loader.Loader.prepareQueryStatement(Loader.java:1547)
	at org.hibernate.loader.Loader.doQuery(Loader.java:673)
	at org.hibernate.loader.Loader.doQueryAndInitializeNonLazyCollections(Loader.java:236)
	at org.hibernate.loader.Loader.loadEntity(Loader.java:1860)
	at org.hibernate.loader.entity.AbstractEntityLoader.load(AbstractEntityLoader.java:48)
	at org.hibernate.loader.entity.AbstractEntityLoader.load(AbstractEntityLoader.java:42)
	at org.hibernate.persister.entity.AbstractEntityPersister.load(AbstractEntityPersister.java:3044)
	at org.hibernate.event.def.DefaultLoadEventListener.loadFromDatasource(DefaultLoadEventListener.java:395)
	at org.hibernate.event.def.DefaultLoadEventListener.doLoad(DefaultLoadEventListener.java:375)
	at org.hibernate.event.def.DefaultLoadEventListener.load(DefaultLoadEventListener.java:139)
	at org.hibernate.event.def.DefaultLoadEventListener.proxyOrLoad(DefaultLoadEventListener.java:195)
	at org.hibernate.event.def.DefaultLoadEventListener.onLoad(DefaultLoadEventListener.java:103)
	at org.hibernate.impl.SessionImpl.fireLoad(SessionImpl.java:878)
	at org.hibernate.impl.SessionImpl.get(SessionImpl.java:815)
	at org.hibernate.impl.SessionImpl.get(SessionImpl.java:808)
	at org.hibernate.ejb.AbstractEntityManagerImpl.find(AbstractEntityManagerImpl.java:174)
Caused by: org.jboss.util.NestedSQLException: Could not create connection; - nested throwable: (java.sql.SQLException: com.informix.asf.IfxASFException: Attempt to connect to database server (topcoder) failed.); - nested throwable: (org.jboss.resource.JBossResourceException: Could not create connection; - nested throwable: (java.sql.SQLException: com.informix.asf.IfxASFException: Attempt to connect to database server (topcoder) failed.))
	at org.jboss.resource.adapter.jdbc.WrapperDataSource.getConnection(WrapperDataSource.java:94)
	at org.hibernate.ejb.connection.InjectedDataSourceConnectionProvider.getConnection(InjectedDataSourceConnectionProvider.java:47)
	at org.hibernate.jdbc.ConnectionManager.openConnection(ConnectionManager.java:423)
Caused by: org.jboss.resource.JBossResourceException: Could not create connection; - nested throwable: (java.sql.SQLException: com.informix.asf.IfxASFException: Attempt to connect to database server (topcoder) failed.)
	at org.jboss.resource.adapter.jdbc.local.LocalManagedConnectionFactory.createManagedConnection(LocalManagedConnectionFactory.java:179)
	at org.jboss.resource.connectionmanager.InternalManagedConnectionPool.createConnectionEventListener(InternalManagedConnectionPool.java:577)
	at org.jboss.resource.connectionmanager.InternalManagedConnectionPool.getConnection(InternalManagedConnectionPool.java:262)
	at org.jboss.resource.connectionmanager.JBossManagedConnectionPool$BasePool.getConnection(JBossManagedConnectionPool.java:538)
	at org.jboss.resource.connectionmanager.BaseConnectionManager2.getManagedConnection(BaseConnectionManager2.java:341)
	at org.jboss.resource.connectionmanager.TxConnectionManager.getManagedConnection(TxConnectionManager.java:315)
	at org.jboss.resource.connectionmanager.BaseConnectionManager2.allocateConnection(BaseConnectionManager2.java:396)
	at org.jboss.resource.connectionmanager.BaseConnectionManager2$ConnectionManagerProxy.allocateConnection(BaseConnectionManager2.java:842)
	at org.jboss.resource.adapter.jdbc.WrapperDataSource.getConnection(WrapperDataSource.java:88)
Caused by: java.sql.SQLException: com.informix.asf.IfxASFException: Attempt to connect to database server (topcoder) failed.
	at com.informix.jdbc.IfxSqliConnect.&lt;init&gt;(IfxSqliConnect.java:1026)
	at java.lang.reflect.Constructor.newInstance(Constructor.java:494)
	at com.informix.jdbc.IfxDriver.connect(IfxDriver.java:254)
	at org.jboss.resource.adapter.jdbc.local.LocalManagedConnectionFactory.createManagedConnection(LocalManagedConnectionFactory.java:171)
</error>
  </testcase>
  <testcase classname="com.topcoder.service.digitalrun.contest.DigitalRunContestManagerBeanTestExp" name="testRemoveTrackContestResultCalculator_EntityNotFoundException" time="13.75">
    <error message="Persistence error occurs while removing track contest result calculator." type="com.topcoder.service.digitalrun.contest.DigitalRunContestManagerException">com.topcoder.service.digitalrun.contest.DigitalRunContestManagerException: Persistence error occurs while removing track contest result calculator.
	at com.topcoder.service.digitalrun.contest.DigitalRunContestManagerBean.removeTrackContestResultCalculator(DigitalRunContestManagerBean.java:955)
	at org.jboss.aop.joinpoint.MethodInvocation.invokeNext(MethodInvocation.java:112)
	at org.jboss.ejb3.interceptor.InvocationContextImpl.proceed(InvocationContextImpl.java:166)
	at org.jboss.ejb3.interceptor.EJB3InterceptorsInterceptor.invoke(EJB3InterceptorsInterceptor.java:63)
	at org.jboss.aop.joinpoint.MethodInvocation.invokeNext(MethodInvocation.java:101)
	at org.jboss.ejb3.entity.TransactionScopedEntityManagerInterceptor.invoke(TransactionScopedEntityManagerInterceptor.java:54)
	at org.jboss.aop.joinpoint.MethodInvocation.invokeNext(MethodInvocation.java:101)
	at org.jboss.ejb3.AllowedOperationsInterceptor.invoke(AllowedOperationsInterceptor.java:47)
	at org.jboss.aop.joinpoint.MethodInvocation.invokeNext(MethodInvocation.java:101)
	at org.jboss.aspects.tx.TxPolicy.invokeInOurTx(TxPolicy.java:79)
	at org.jboss.aspects.tx.TxInterceptor$Required.invoke(TxInterceptor.java:191)
	at org.jboss.aop.joinpoint.MethodInvocation.invokeNext(MethodInvocation.java:101)
	at org.jboss.aspects.tx.TxPropagationInterceptor.invoke(TxPropagationInterceptor.java:95)
	at org.jboss.aop.joinpoint.MethodInvocation.invokeNext(MethodInvocation.java:101)
	at org.jboss.ejb3.stateless.StatelessInstanceInterceptor.invoke(StatelessInstanceInterceptor.java:62)
	at org.jboss.aop.joinpoint.MethodInvocation.invokeNext(MethodInvocation.java:101)
	at org.jboss.aspects.security.AuthenticationInterceptor.invoke(AuthenticationInterceptor.java:77)
	at org.jboss.ejb3.security.Ejb3AuthenticationInterceptor.invoke(Ejb3AuthenticationInterceptor.java:110)
	at org.jboss.aop.joinpoint.MethodInvocation.invokeNext(MethodInvocation.java:101)
	at org.jboss.ejb3.ENCPropagationInterceptor.invoke(ENCPropagationInterceptor.java:46)
	at org.jboss.aop.joinpoint.MethodInvocation.invokeNext(MethodInvocation.java:101)
	at org.jboss.ejb3.asynchronous.AsynchronousInterceptor.invoke(AsynchronousInterceptor.java:106)
	at org.jboss.aop.joinpoint.MethodInvocation.invokeNext(MethodInvocation.java:101)
	at org.jboss.ejb3.stateless.StatelessContainer.dynamicInvoke(StatelessContainer.java:304)
	at org.jboss.aop.Dispatcher.invoke(Dispatcher.java:106)
	at org.jboss.aspects.remoting.AOPRemotingInvocationHandler.invoke(AOPRemotingInvocationHandler.java:82)
	at org.jboss.remoting.ServerInvoker.invoke(ServerInvoker.java:769)
	at org.jboss.remoting.transport.socket.ServerThread.processInvocation(ServerThread.java:573)
	at org.jboss.remoting.transport.socket.ServerThread.dorun(ServerThread.java:373)
	at org.jboss.remoting.transport.socket.ServerThread.run(ServerThread.java:166)
Caused by: com.topcoder.service.digitalrun.contest.PersistenceException: org.hibernate.exception.GenericJDBCException: Cannot open connection
	at com.topcoder.service.digitalrun.contest.persistence.BaseHibernateDAO.findEntity(BaseHibernateDAO.java:358)
	at com.topcoder.service.digitalrun.contest.persistence.BaseHibernateDAO.errorIfEntityNotExists(BaseHibernateDAO.java:318)
	at com.topcoder.service.digitalrun.contest.persistence.HibernateTrackContestResultCalculatorDAO.removeTrackContestResultCalculator(HibernateTrackContestResultCalculatorDAO.java:172)
	at com.topcoder.service.digitalrun.contest.DigitalRunContestManagerBean.removeTrackContestResultCalculator(DigitalRunContestManagerBean.java:953)
	at org.jboss.aop.joinpoint.MethodInvocation.invokeNext(MethodInvocation.java:112)
	at org.jboss.ejb3.interceptor.InvocationContextImpl.proceed(InvocationContextImpl.java:166)
	at org.jboss.ejb3.interceptor.EJB3InterceptorsInterceptor.invoke(EJB3InterceptorsInterceptor.java:63)
	at org.jboss.aop.joinpoint.MethodInvocation.invokeNext(MethodInvocation.java:101)
	at org.jboss.ejb3.entity.TransactionScopedEntityManagerInterceptor.invoke(TransactionScopedEntityManagerInterceptor.java:54)
	at org.jboss.aop.joinpoint.MethodInvocation.invokeNext(MethodInvocation.java:101)
	at org.jboss.ejb3.AllowedOperationsInterceptor.invoke(AllowedOperationsInterceptor.java:47)
	at org.jboss.aop.joinpoint.MethodInvocation.invokeNext(MethodInvocation.java:101)
	at org.jboss.aspects.tx.TxPolicy.invokeInOurTx(TxPolicy.java:79)
	at org.jboss.aspects.tx.TxInterceptor$Required.invoke(TxInterceptor.java:191)
	at org.jboss.aop.joinpoint.MethodInvocation.invokeNext(MethodInvocation.java:101)
	at org.jboss.aspects.tx.TxPropagationInterceptor.invoke(TxPropagationInterceptor.java:95)
	at org.jboss.aop.joinpoint.MethodInvocation.invokeNext(MethodInvocation.java:101)
	at org.jboss.ejb3.stateless.StatelessInstanceInterceptor.invoke(StatelessInstanceInterceptor.java:62)
	at org.jboss.aop.joinpoint.MethodInvocation.invokeNext(MethodInvocation.java:101)
	at org.jboss.aspects.security.AuthenticationInterceptor.invoke(AuthenticationInterceptor.java:77)
	at org.jboss.ejb3.security.Ejb3AuthenticationInterceptor.invoke(Ejb3AuthenticationInterceptor.java:110)
	at org.jboss.aop.joinpoint.MethodInvocation.invokeNext(MethodInvocation.java:101)
	at org.jboss.ejb3.ENCPropagationInterceptor.invoke(ENCPropagationInterceptor.java:46)
	at org.jboss.aop.joinpoint.MethodInvocation.invokeNext(MethodInvocation.java:101)
	at org.jboss.ejb3.asynchronous.AsynchronousInterceptor.invoke(AsynchronousInterceptor.java:106)
	at org.jboss.aop.joinpoint.MethodInvocation.invokeNext(MethodInvocation.java:101)
	at org.jboss.ejb3.stateless.StatelessContainer.dynamicInvoke(StatelessContainer.java:304)
	at org.jboss.aop.Dispatcher.invoke(Dispatcher.java:106)
	at org.jboss.aspects.remoting.AOPRemotingInvocationHandler.invoke(AOPRemotingInvocationHandler.java:82)
	at org.jboss.remoting.ServerInvoker.invoke(ServerInvoker.java:769)
	at org.jboss.remoting.transport.socket.ServerThread.processInvocation(ServerThread.java:573)
	at org.jboss.remoting.transport.socket.ServerThread.dorun(ServerThread.java:373)
	at org.jboss.remoting.transport.socket.ServerThread.run(ServerThread.java:166)
	at org.jboss.remoting.MicroRemoteClientInvoker.invoke(MicroRemoteClientInvoker.java:163)
	at org.jboss.remoting.Client.invoke(Client.java:1634)
	at org.jboss.remoting.Client.invoke(Client.java:548)
	at org.jboss.aspects.remoting.InvokeRemoteInterceptor.invoke(InvokeRemoteInterceptor.java:62)
	at org.jboss.aop.joinpoint.MethodInvocation.invokeNext(MethodInvocation.java:101)
	at org.jboss.aspects.tx.ClientTxPropagationInterceptor.invoke(ClientTxPropagationInterceptor.java:67)
	at org.jboss.aop.joinpoint.MethodInvocation.invokeNext(MethodInvocation.java:101)
	at org.jboss.aspects.security.SecurityClientInterceptor.invoke(SecurityClientInterceptor.java:53)
	at org.jboss.aop.joinpoint.MethodInvocation.invokeNext(MethodInvocation.java:101)
	at org.jboss.ejb3.remoting.IsLocalInterceptor.invoke(IsLocalInterceptor.java:74)
	at org.jboss.aop.joinpoint.MethodInvocation.invokeNext(MethodInvocation.java:101)
	at org.jboss.ejb3.stateless.StatelessRemoteProxy.invoke(StatelessRemoteProxy.java:107)
	at $Proxy7.removeTrackContestResultCalculator(Unknown Source)
	at com.topcoder.service.digitalrun.contest.DigitalRunContestManagerBeanTestExp.testRemoveTrackContestResultCalculator_EntityNotFoundException(DigitalRunContestManagerBeanTestExp.java:491)
	at org.jboss.aspects.remoting.InvokeRemoteInterceptor.invoke(InvokeRemoteInterceptor.java:74)
	at org.jboss.aop.joinpoint.MethodInvocation.invokeNext(MethodInvocation.java:101)
	at org.jboss.aspects.tx.ClientTxPropagationInterceptor.invoke(ClientTxPropagationInterceptor.java:67)
	at org.jboss.aop.joinpoint.MethodInvocation.invokeNext(MethodInvocation.java:101)
	at org.jboss.aspects.security.SecurityClientInterceptor.invoke(SecurityClientInterceptor.java:53)
	at org.jboss.aop.joinpoint.MethodInvocation.invokeNext(MethodInvocation.java:101)
	at org.jboss.ejb3.remoting.IsLocalInterceptor.invoke(IsLocalInterceptor.java:74)
	at org.jboss.aop.joinpoint.MethodInvocation.invokeNext(MethodInvocation.java:101)
	at org.jboss.ejb3.stateless.StatelessRemoteProxy.invoke(StatelessRemoteProxy.java:107)
	at $Proxy7.removeTrackContestResultCalculator(Unknown Source)
	at com.topcoder.service.digitalrun.contest.DigitalRunContestManagerBeanTestExp.testRemoveTrackContestResultCalculator_EntityNotFoundException(DigitalRunContestManagerBeanTestExp.java:491)
Caused by: javax.persistence.PersistenceException: org.hibernate.exception.GenericJDBCException: Cannot open connection
	at org.hibernate.ejb.AbstractEntityManagerImpl.throwPersistenceException(AbstractEntityManagerImpl.java:629)
	at org.hibernate.ejb.AbstractEntityManagerImpl.find(AbstractEntityManagerImpl.java:194)
	at org.jboss.ejb3.entity.TransactionScopedEntityManager.find(TransactionScopedEntityManager.java:171)
	at com.topcoder.service.digitalrun.contest.persistence.BaseHibernateDAO.findEntity(BaseHibernateDAO.java:355)
	at com.topcoder.service.digitalrun.contest.persistence.BaseHibernateDAO.errorIfEntityNotExists(BaseHibernateDAO.java:318)
	at com.topcoder.service.digitalrun.contest.persistence.HibernateTrackContestResultCalculatorDAO.removeTrackContestResultCalculator(HibernateTrackContestResultCalculatorDAO.java:172)
	at com.topcoder.service.digitalrun.contest.DigitalRunContestManagerBean.removeTrackContestResultCalculator(DigitalRunContestManagerBean.java:953)
	at org.jboss.aop.joinpoint.MethodInvocation.invokeNext(MethodInvocation.java:112)
	at org.jboss.ejb3.interceptor.InvocationContextImpl.proceed(InvocationContextImpl.java:166)
	at org.jboss.ejb3.interceptor.EJB3InterceptorsInterceptor.invoke(EJB3InterceptorsInterceptor.java:63)
	at org.jboss.aop.joinpoint.MethodInvocation.invokeNext(MethodInvocation.java:101)
	at org.jboss.ejb3.entity.TransactionScopedEntityManagerInterceptor.invoke(TransactionScopedEntityManagerInterceptor.java:54)
	at org.jboss.aop.joinpoint.MethodInvocation.invokeNext(MethodInvocation.java:101)
	at org.jboss.ejb3.AllowedOperationsInterceptor.invoke(AllowedOperationsInterceptor.java:47)
	at org.jboss.aop.joinpoint.MethodInvocation.invokeNext(MethodInvocation.java:101)
	at org.jboss.aspects.tx.TxPolicy.invokeInOurTx(TxPolicy.java:79)
	at org.jboss.aspects.tx.TxInterceptor$Required.invoke(TxInterceptor.java:191)
	at org.jboss.aop.joinpoint.MethodInvocation.invokeNext(MethodInvocation.java:101)
	at org.jboss.aspects.tx.TxPropagationInterceptor.invoke(TxPropagationInterceptor.java:95)
	at org.jboss.aop.joinpoint.MethodInvocation.invokeNext(MethodInvocation.java:101)
	at org.jboss.ejb3.stateless.StatelessInstanceInterceptor.invoke(StatelessInstanceInterceptor.java:62)
	at org.jboss.aop.joinpoint.MethodInvocation.invokeNext(MethodInvocation.java:101)
	at org.jboss.aspects.security.AuthenticationInterceptor.invoke(AuthenticationInterceptor.java:77)
	at org.jboss.ejb3.security.Ejb3AuthenticationInterceptor.invoke(Ejb3AuthenticationInterceptor.java:110)
	at org.jboss.aop.joinpoint.MethodInvocation.invokeNext(MethodInvocation.java:101)
	at org.jboss.ejb3.ENCPropagationInterceptor.invoke(ENCPropagationInterceptor.java:46)
	at org.jboss.aop.joinpoint.MethodInvocation.invokeNext(MethodInvocation.java:101)
	at org.jboss.ejb3.asynchronous.AsynchronousInterceptor.invoke(AsynchronousInterceptor.java:106)
	at org.jboss.aop.joinpoint.MethodInvocation.invokeNext(MethodInvocation.java:101)
	at org.jboss.ejb3.stateless.StatelessContainer.dynamicInvoke(StatelessContainer.java:304)
	at org.jboss.aop.Dispatcher.invoke(Dispatcher.java:106)
	at org.jboss.aspects.remoting.AOPRemotingInvocationHandler.invoke(AOPRemotingInvocationHandler.java:82)
	at org.jboss.remoting.ServerInvoker.invoke(ServerInvoker.java:769)
	at org.jboss.remoting.transport.socket.ServerThread.processInvocation(ServerThread.java:573)
	at org.jboss.remoting.transport.socket.ServerThread.dorun(ServerThread.java:373)
	at org.jboss.remoting.transport.socket.ServerThread.run(ServerThread.java:166)
Caused by: org.hibernate.exception.GenericJDBCException: Cannot open connection
	at org.hibernate.exception.SQLStateConverter.handledNonSpecificException(SQLStateConverter.java:103)
	at org.hibernate.exception.SQLStateConverter.convert(SQLStateConverter.java:91)
	at org.hibernate.exception.JDBCExceptionHelper.convert(JDBCExceptionHelper.java:43)
	at org.hibernate.exception.JDBCExceptionHelper.convert(JDBCExceptionHelper.java:29)
	at org.hibernate.jdbc.ConnectionManager.openConnection(ConnectionManager.java:426)
	at org.hibernate.jdbc.ConnectionManager.getConnection(ConnectionManager.java:144)
	at org.hibernate.jdbc.AbstractBatcher.prepareQueryStatement(AbstractBatcher.java:139)
	at org.hibernate.loader.Loader.prepareQueryStatement(Loader.java:1547)
	at org.hibernate.loader.Loader.doQuery(Loader.java:673)
	at org.hibernate.loader.Loader.doQueryAndInitializeNonLazyCollections(Loader.java:236)
	at org.hibernate.loader.Loader.loadEntity(Loader.java:1860)
	at org.hibernate.loader.entity.AbstractEntityLoader.load(AbstractEntityLoader.java:48)
	at org.hibernate.loader.entity.AbstractEntityLoader.load(AbstractEntityLoader.java:42)
	at org.hibernate.persister.entity.AbstractEntityPersister.load(AbstractEntityPersister.java:3044)
	at org.hibernate.event.def.DefaultLoadEventListener.loadFromDatasource(DefaultLoadEventListener.java:395)
	at org.hibernate.event.def.DefaultLoadEventListener.doLoad(DefaultLoadEventListener.java:375)
	at org.hibernate.event.def.DefaultLoadEventListener.load(DefaultLoadEventListener.java:139)
	at org.hibernate.event.def.DefaultLoadEventListener.proxyOrLoad(DefaultLoadEventListener.java:195)
	at org.hibernate.event.def.DefaultLoadEventListener.onLoad(DefaultLoadEventListener.java:103)
	at org.hibernate.impl.SessionImpl.fireLoad(SessionImpl.java:878)
	at org.hibernate.impl.SessionImpl.get(SessionImpl.java:815)
	at org.hibernate.impl.SessionImpl.get(SessionImpl.java:808)
	at org.hibernate.ejb.AbstractEntityManagerImpl.find(AbstractEntityManagerImpl.java:174)
Caused by: org.jboss.util.NestedSQLException: Could not create connection; - nested throwable: (java.sql.SQLException: com.informix.asf.IfxASFException: Attempt to connect to database server (topcoder) failed.); - nested throwable: (org.jboss.resource.JBossResourceException: Could not create connection; - nested throwable: (java.sql.SQLException: com.informix.asf.IfxASFException: Attempt to connect to database server (topcoder) failed.))
	at org.jboss.resource.adapter.jdbc.WrapperDataSource.getConnection(WrapperDataSource.java:94)
	at org.hibernate.ejb.connection.InjectedDataSourceConnectionProvider.getConnection(InjectedDataSourceConnectionProvider.java:47)
	at org.hibernate.jdbc.ConnectionManager.openConnection(ConnectionManager.java:423)
Caused by: org.jboss.resource.JBossResourceException: Could not create connection; - nested throwable: (java.sql.SQLException: com.informix.asf.IfxASFException: Attempt to connect to database server (topcoder) failed.)
	at org.jboss.resource.adapter.jdbc.local.LocalManagedConnectionFactory.createManagedConnection(LocalManagedConnectionFactory.java:179)
	at org.jboss.resource.connectionmanager.InternalManagedConnectionPool.createConnectionEventListener(InternalManagedConnectionPool.java:577)
	at org.jboss.resource.connectionmanager.InternalManagedConnectionPool.getConnection(InternalManagedConnectionPool.java:262)
	at org.jboss.resource.connectionmanager.JBossManagedConnectionPool$BasePool.getConnection(JBossManagedConnectionPool.java:538)
	at org.jboss.resource.connectionmanager.BaseConnectionManager2.getManagedConnection(BaseConnectionManager2.java:341)
	at org.jboss.resource.connectionmanager.TxConnectionManager.getManagedConnection(TxConnectionManager.java:315)
	at org.jboss.resource.connectionmanager.BaseConnectionManager2.allocateConnection(BaseConnectionManager2.java:396)
	at org.jboss.resource.connectionmanager.BaseConnectionManager2$ConnectionManagerProxy.allocateConnection(BaseConnectionManager2.java:842)
	at org.jboss.resource.adapter.jdbc.WrapperDataSource.getConnection(WrapperDataSource.java:88)
Caused by: java.sql.SQLException: com.informix.asf.IfxASFException: Attempt to connect to database server (topcoder) failed.
	at com.informix.jdbc.IfxSqliConnect.&lt;init&gt;(IfxSqliConnect.java:1026)
	at java.lang.reflect.Constructor.newInstance(Constructor.java:494)
	at com.informix.jdbc.IfxDriver.connect(IfxDriver.java:254)
	at org.jboss.resource.adapter.jdbc.local.LocalManagedConnectionFactory.createManagedConnection(LocalManagedConnectionFactory.java:171)
</error>
  </testcase>
  <testcase classname="com.topcoder.service.digitalrun.contest.Demo" name="testDemo" time="7.532">
    <error message="org.hibernate.exception.JDBCConnectionException: Cannot open connection" type="javax.persistence.PersistenceException">javax.persistence.PersistenceException: org.hibernate.exception.JDBCConnectionException: Cannot open connection
	at org.hibernate.ejb.AbstractEntityManagerImpl.throwPersistenceException(AbstractEntityManagerImpl.java:629)
	at org.hibernate.ejb.TransactionImpl.begin(TransactionImpl.java:41)
	at com.topcoder.service.digitalrun.contest.BaseTestCase.persist(BaseTestCase.java:184)
	at com.topcoder.service.digitalrun.contest.Demo.setUp(Demo.java:72)
Caused by: org.hibernate.exception.JDBCConnectionException: Cannot open connection
	at org.hibernate.exception.SQLStateConverter.convert(SQLStateConverter.java:74)
	at org.hibernate.exception.JDBCExceptionHelper.convert(JDBCExceptionHelper.java:43)
	at org.hibernate.exception.JDBCExceptionHelper.convert(JDBCExceptionHelper.java:29)
	at org.hibernate.jdbc.ConnectionManager.openConnection(ConnectionManager.java:426)
	at org.hibernate.jdbc.ConnectionManager.getConnection(ConnectionManager.java:144)
	at org.hibernate.jdbc.JDBCContext.connection(JDBCContext.java:119)
	at org.hibernate.transaction.JDBCTransaction.begin(JDBCTransaction.java:57)
	at org.hibernate.impl.SessionImpl.beginTransaction(SessionImpl.java:1326)
	at org.hibernate.ejb.TransactionImpl.begin(TransactionImpl.java:38)
Caused by: java.sql.SQLException: com.informix.asf.IfxASFException: Attempt to connect to database server (topcoder) failed.
	at com.informix.jdbc.IfxSqliConnect.&lt;init&gt;(IfxSqliConnect.java:1026)
	at java.lang.reflect.Constructor.newInstance(Constructor.java:494)
	at com.informix.jdbc.IfxDriver.connect(IfxDriver.java:254)
	at java.sql.DriverManager.getConnection(DriverManager.java:525)
	at java.sql.DriverManager.getConnection(DriverManager.java:140)
	at org.hibernate.connection.DriverManagerConnectionProvider.getConnection(DriverManagerConnectionProvider.java:110)
	at org.hibernate.jdbc.ConnectionManager.openConnection(ConnectionManager.java:423)
</error>
  </testcase>
  <testcase classname="com.topcoder.service.digitalrun.contest.SaveTest" name="testSave" time="1.078" />
  <testcase classname="com.topcoder.service.digitalrun.contest.accuracytests.DigitalRunContestManagerBeanAccuracyTests" name="testTrackContest" time="0.359">
    <error message="org.hibernate.exception.JDBCConnectionException: Cannot open connection" type="javax.persistence.PersistenceException">javax.persistence.PersistenceException: org.hibernate.exception.JDBCConnectionException: Cannot open connection
	at org.hibernate.ejb.AbstractEntityManagerImpl.throwPersistenceException(AbstractEntityManagerImpl.java:629)
	at org.hibernate.ejb.TransactionImpl.begin(TransactionImpl.java:41)
	at com.topcoder.service.digitalrun.contest.accuracytests.DigitalRunContestManagerBeanAccuracyTests.persist(DigitalRunContestManagerBeanAccuracyTests.java:226)
	at com.topcoder.service.digitalrun.contest.accuracytests.DigitalRunContestManagerBeanAccuracyTests.testTrackContest(DigitalRunContestManagerBeanAccuracyTests.java:72)
Caused by: org.hibernate.exception.JDBCConnectionException: Cannot open connection
	at org.hibernate.exception.SQLStateConverter.convert(SQLStateConverter.java:74)
	at org.hibernate.exception.JDBCExceptionHelper.convert(JDBCExceptionHelper.java:43)
	at org.hibernate.exception.JDBCExceptionHelper.convert(JDBCExceptionHelper.java:29)
	at org.hibernate.jdbc.ConnectionManager.openConnection(ConnectionManager.java:426)
	at org.hibernate.jdbc.ConnectionManager.getConnection(ConnectionManager.java:144)
	at org.hibernate.jdbc.JDBCContext.connection(JDBCContext.java:119)
	at org.hibernate.transaction.JDBCTransaction.begin(JDBCTransaction.java:57)
	at org.hibernate.impl.SessionImpl.beginTransaction(SessionImpl.java:1326)
	at org.hibernate.ejb.TransactionImpl.begin(TransactionImpl.java:38)
Caused by: java.sql.SQLException: com.informix.asf.IfxASFException: Attempt to connect to database server (topcoder) failed.
	at com.informix.jdbc.IfxSqliConnect.&lt;init&gt;(IfxSqliConnect.java:1026)
	at java.lang.reflect.Constructor.newInstance(Constructor.java:494)
	at com.informix.jdbc.IfxDriver.connect(IfxDriver.java:254)
	at java.sql.DriverManager.getConnection(DriverManager.java:525)
	at java.sql.DriverManager.getConnection(DriverManager.java:140)
	at org.hibernate.connection.DriverManagerConnectionProvider.getConnection(DriverManagerConnectionProvider.java:110)
	at org.hibernate.jdbc.ConnectionManager.openConnection(ConnectionManager.java:423)
</error>
  </testcase>
  <testcase classname="com.topcoder.service.digitalrun.contest.accuracytests.DigitalRunContestManagerBeanAccuracyTests" name="testTrackContestType" time="0.063">
    <error message="Persistence error occurs while creating track contest type." type="com.topcoder.service.digitalrun.contest.DigitalRunContestManagerException">com.topcoder.service.digitalrun.contest.DigitalRunContestManagerException: Persistence error occurs while creating track contest type.
	at com.topcoder.service.digitalrun.contest.DigitalRunContestManagerBean.createTrackContestType(DigitalRunContestManagerBean.java:710)
	at org.jboss.aop.joinpoint.MethodInvocation.invokeNext(MethodInvocation.java:112)
	at org.jboss.ejb3.interceptor.InvocationContextImpl.proceed(InvocationContextImpl.java:166)
	at org.jboss.ejb3.interceptor.EJB3InterceptorsInterceptor.invoke(EJB3InterceptorsInterceptor.java:63)
	at org.jboss.aop.joinpoint.MethodInvocation.invokeNext(MethodInvocation.java:101)
	at org.jboss.ejb3.entity.TransactionScopedEntityManagerInterceptor.invoke(TransactionScopedEntityManagerInterceptor.java:54)
	at org.jboss.aop.joinpoint.MethodInvocation.invokeNext(MethodInvocation.java:101)
	at org.jboss.ejb3.AllowedOperationsInterceptor.invoke(AllowedOperationsInterceptor.java:47)
	at org.jboss.aop.joinpoint.MethodInvocation.invokeNext(MethodInvocation.java:101)
	at org.jboss.aspects.tx.TxPolicy.invokeInOurTx(TxPolicy.java:79)
	at org.jboss.aspects.tx.TxInterceptor$Required.invoke(TxInterceptor.java:191)
	at org.jboss.aop.joinpoint.MethodInvocation.invokeNext(MethodInvocation.java:101)
	at org.jboss.aspects.tx.TxPropagationInterceptor.invoke(TxPropagationInterceptor.java:95)
	at org.jboss.aop.joinpoint.MethodInvocation.invokeNext(MethodInvocation.java:101)
	at org.jboss.ejb3.stateless.StatelessInstanceInterceptor.invoke(StatelessInstanceInterceptor.java:62)
	at org.jboss.aop.joinpoint.MethodInvocation.invokeNext(MethodInvocation.java:101)
	at org.jboss.aspects.security.AuthenticationInterceptor.invoke(AuthenticationInterceptor.java:77)
	at org.jboss.ejb3.security.Ejb3AuthenticationInterceptor.invoke(Ejb3AuthenticationInterceptor.java:110)
	at org.jboss.aop.joinpoint.MethodInvocation.invokeNext(MethodInvocation.java:101)
	at org.jboss.ejb3.ENCPropagationInterceptor.invoke(ENCPropagationInterceptor.java:46)
	at org.jboss.aop.joinpoint.MethodInvocation.invokeNext(MethodInvocation.java:101)
	at org.jboss.ejb3.asynchronous.AsynchronousInterceptor.invoke(AsynchronousInterceptor.java:106)
	at org.jboss.aop.joinpoint.MethodInvocation.invokeNext(MethodInvocation.java:101)
	at org.jboss.ejb3.stateless.StatelessContainer.dynamicInvoke(StatelessContainer.java:304)
	at org.jboss.aop.Dispatcher.invoke(Dispatcher.java:106)
	at org.jboss.aspects.remoting.AOPRemotingInvocationHandler.invoke(AOPRemotingInvocationHandler.java:82)
	at org.jboss.remoting.ServerInvoker.invoke(ServerInvoker.java:769)
	at org.jboss.remoting.transport.socket.ServerThread.processInvocation(ServerThread.java:573)
	at org.jboss.remoting.transport.socket.ServerThread.dorun(ServerThread.java:373)
	at org.jboss.remoting.transport.socket.ServerThread.run(ServerThread.java:166)
Caused by: com.topcoder.service.digitalrun.contest.PersistenceException: org.hibernate.exception.GenericJDBCException: Cannot open connection
	at com.topcoder.service.digitalrun.contest.persistence.BaseHibernateDAO.findEntity(BaseHibernateDAO.java:358)
	at com.topcoder.service.digitalrun.contest.persistence.BaseHibernateDAO.errorIfEntityExists(BaseHibernateDAO.java:250)
	at com.topcoder.service.digitalrun.contest.persistence.HibernateTrackContestTypeDAO.createTrackContestType(HibernateTrackContestTypeDAO.java:96)
	at com.topcoder.service.digitalrun.contest.DigitalRunContestManagerBean.createTrackContestType(DigitalRunContestManagerBean.java:708)
	at org.jboss.aop.joinpoint.MethodInvocation.invokeNext(MethodInvocation.java:112)
	at org.jboss.ejb3.interceptor.InvocationContextImpl.proceed(InvocationContextImpl.java:166)
	at org.jboss.ejb3.interceptor.EJB3InterceptorsInterceptor.invoke(EJB3InterceptorsInterceptor.java:63)
	at org.jboss.aop.joinpoint.MethodInvocation.invokeNext(MethodInvocation.java:101)
	at org.jboss.ejb3.entity.TransactionScopedEntityManagerInterceptor.invoke(TransactionScopedEntityManagerInterceptor.java:54)
	at org.jboss.aop.joinpoint.MethodInvocation.invokeNext(MethodInvocation.java:101)
	at org.jboss.ejb3.AllowedOperationsInterceptor.invoke(AllowedOperationsInterceptor.java:47)
	at org.jboss.aop.joinpoint.MethodInvocation.invokeNext(MethodInvocation.java:101)
	at org.jboss.aspects.tx.TxPolicy.invokeInOurTx(TxPolicy.java:79)
	at org.jboss.aspects.tx.TxInterceptor$Required.invoke(TxInterceptor.java:191)
	at org.jboss.aop.joinpoint.MethodInvocation.invokeNext(MethodInvocation.java:101)
	at org.jboss.aspects.tx.TxPropagationInterceptor.invoke(TxPropagationInterceptor.java:95)
	at org.jboss.aop.joinpoint.MethodInvocation.invokeNext(MethodInvocation.java:101)
	at org.jboss.ejb3.stateless.StatelessInstanceInterceptor.invoke(StatelessInstanceInterceptor.java:62)
	at org.jboss.aop.joinpoint.MethodInvocation.invokeNext(MethodInvocation.java:101)
	at org.jboss.aspects.security.AuthenticationInterceptor.invoke(AuthenticationInterceptor.java:77)
	at org.jboss.ejb3.security.Ejb3AuthenticationInterceptor.invoke(Ejb3AuthenticationInterceptor.java:110)
	at org.jboss.aop.joinpoint.MethodInvocation.invokeNext(MethodInvocation.java:101)
	at org.jboss.ejb3.ENCPropagationInterceptor.invoke(ENCPropagationInterceptor.java:46)
	at org.jboss.aop.joinpoint.MethodInvocation.invokeNext(MethodInvocation.java:101)
	at org.jboss.ejb3.asynchronous.AsynchronousInterceptor.invoke(AsynchronousInterceptor.java:106)
	at org.jboss.aop.joinpoint.MethodInvocation.invokeNext(MethodInvocation.java:101)
	at org.jboss.ejb3.stateless.StatelessContainer.dynamicInvoke(StatelessContainer.java:304)
	at org.jboss.aop.Dispatcher.invoke(Dispatcher.java:106)
	at org.jboss.aspects.remoting.AOPRemotingInvocationHandler.invoke(AOPRemotingInvocationHandler.java:82)
	at org.jboss.remoting.ServerInvoker.invoke(ServerInvoker.java:769)
	at org.jboss.remoting.transport.socket.ServerThread.processInvocation(ServerThread.java:573)
	at org.jboss.remoting.transport.socket.ServerThread.dorun(ServerThread.java:373)
	at org.jboss.remoting.transport.socket.ServerThread.run(ServerThread.java:166)
	at org.jboss.remoting.MicroRemoteClientInvoker.invoke(MicroRemoteClientInvoker.java:163)
	at org.jboss.remoting.Client.invoke(Client.java:1634)
	at org.jboss.remoting.Client.invoke(Client.java:548)
	at org.jboss.aspects.remoting.InvokeRemoteInterceptor.invoke(InvokeRemoteInterceptor.java:62)
	at org.jboss.aop.joinpoint.MethodInvocation.invokeNext(MethodInvocation.java:101)
	at org.jboss.aspects.tx.ClientTxPropagationInterceptor.invoke(ClientTxPropagationInterceptor.java:67)
	at org.jboss.aop.joinpoint.MethodInvocation.invokeNext(MethodInvocation.java:101)
	at org.jboss.aspects.security.SecurityClientInterceptor.invoke(SecurityClientInterceptor.java:53)
	at org.jboss.aop.joinpoint.MethodInvocation.invokeNext(MethodInvocation.java:101)
	at org.jboss.ejb3.remoting.IsLocalInterceptor.invoke(IsLocalInterceptor.java:74)
	at org.jboss.aop.joinpoint.MethodInvocation.invokeNext(MethodInvocation.java:101)
	at org.jboss.ejb3.stateless.StatelessRemoteProxy.invoke(StatelessRemoteProxy.java:107)
	at $Proxy7.createTrackContestType(Unknown Source)
	at com.topcoder.service.digitalrun.contest.accuracytests.DigitalRunContestManagerBeanAccuracyTests.testTrackContestType(DigitalRunContestManagerBeanAccuracyTests.java:127)
	at org.jboss.aspects.remoting.InvokeRemoteInterceptor.invoke(InvokeRemoteInterceptor.java:74)
	at org.jboss.aop.joinpoint.MethodInvocation.invokeNext(MethodInvocation.java:101)
	at org.jboss.aspects.tx.ClientTxPropagationInterceptor.invoke(ClientTxPropagationInterceptor.java:67)
	at org.jboss.aop.joinpoint.MethodInvocation.invokeNext(MethodInvocation.java:101)
	at org.jboss.aspects.security.SecurityClientInterceptor.invoke(SecurityClientInterceptor.java:53)
	at org.jboss.aop.joinpoint.MethodInvocation.invokeNext(MethodInvocation.java:101)
	at org.jboss.ejb3.remoting.IsLocalInterceptor.invoke(IsLocalInterceptor.java:74)
	at org.jboss.aop.joinpoint.MethodInvocation.invokeNext(MethodInvocation.java:101)
	at org.jboss.ejb3.stateless.StatelessRemoteProxy.invoke(StatelessRemoteProxy.java:107)
	at $Proxy7.createTrackContestType(Unknown Source)
	at com.topcoder.service.digitalrun.contest.accuracytests.DigitalRunContestManagerBeanAccuracyTests.testTrackContestType(DigitalRunContestManagerBeanAccuracyTests.java:127)
Caused by: javax.persistence.PersistenceException: org.hibernate.exception.GenericJDBCException: Cannot open connection
	at org.hibernate.ejb.AbstractEntityManagerImpl.throwPersistenceException(AbstractEntityManagerImpl.java:629)
	at org.hibernate.ejb.AbstractEntityManagerImpl.find(AbstractEntityManagerImpl.java:194)
	at org.jboss.ejb3.entity.TransactionScopedEntityManager.find(TransactionScopedEntityManager.java:171)
	at com.topcoder.service.digitalrun.contest.persistence.BaseHibernateDAO.findEntity(BaseHibernateDAO.java:355)
	at com.topcoder.service.digitalrun.contest.persistence.BaseHibernateDAO.errorIfEntityExists(BaseHibernateDAO.java:250)
	at com.topcoder.service.digitalrun.contest.persistence.HibernateTrackContestTypeDAO.createTrackContestType(HibernateTrackContestTypeDAO.java:96)
	at com.topcoder.service.digitalrun.contest.DigitalRunContestManagerBean.createTrackContestType(DigitalRunContestManagerBean.java:708)
	at org.jboss.aop.joinpoint.MethodInvocation.invokeNext(MethodInvocation.java:112)
	at org.jboss.ejb3.interceptor.InvocationContextImpl.proceed(InvocationContextImpl.java:166)
	at org.jboss.ejb3.interceptor.EJB3InterceptorsInterceptor.invoke(EJB3InterceptorsInterceptor.java:63)
	at org.jboss.aop.joinpoint.MethodInvocation.invokeNext(MethodInvocation.java:101)
	at org.jboss.ejb3.entity.TransactionScopedEntityManagerInterceptor.invoke(TransactionScopedEntityManagerInterceptor.java:54)
	at org.jboss.aop.joinpoint.MethodInvocation.invokeNext(MethodInvocation.java:101)
	at org.jboss.ejb3.AllowedOperationsInterceptor.invoke(AllowedOperationsInterceptor.java:47)
	at org.jboss.aop.joinpoint.MethodInvocation.invokeNext(MethodInvocation.java:101)
	at org.jboss.aspects.tx.TxPolicy.invokeInOurTx(TxPolicy.java:79)
	at org.jboss.aspects.tx.TxInterceptor$Required.invoke(TxInterceptor.java:191)
	at org.jboss.aop.joinpoint.MethodInvocation.invokeNext(MethodInvocation.java:101)
	at org.jboss.aspects.tx.TxPropagationInterceptor.invoke(TxPropagationInterceptor.java:95)
	at org.jboss.aop.joinpoint.MethodInvocation.invokeNext(MethodInvocation.java:101)
	at org.jboss.ejb3.stateless.StatelessInstanceInterceptor.invoke(StatelessInstanceInterceptor.java:62)
	at org.jboss.aop.joinpoint.MethodInvocation.invokeNext(MethodInvocation.java:101)
	at org.jboss.aspects.security.AuthenticationInterceptor.invoke(AuthenticationInterceptor.java:77)
	at org.jboss.ejb3.security.Ejb3AuthenticationInterceptor.invoke(Ejb3AuthenticationInterceptor.java:110)
	at org.jboss.aop.joinpoint.MethodInvocation.invokeNext(MethodInvocation.java:101)
	at org.jboss.ejb3.ENCPropagationInterceptor.invoke(ENCPropagationInterceptor.java:46)
	at org.jboss.aop.joinpoint.MethodInvocation.invokeNext(MethodInvocation.java:101)
	at org.jboss.ejb3.asynchronous.AsynchronousInterceptor.invoke(AsynchronousInterceptor.java:106)
	at org.jboss.aop.joinpoint.MethodInvocation.invokeNext(MethodInvocation.java:101)
	at org.jboss.ejb3.stateless.StatelessContainer.dynamicInvoke(StatelessContainer.java:304)
	at org.jboss.aop.Dispatcher.invoke(Dispatcher.java:106)
	at org.jboss.aspects.remoting.AOPRemotingInvocationHandler.invoke(AOPRemotingInvocationHandler.java:82)
	at org.jboss.remoting.ServerInvoker.invoke(ServerInvoker.java:769)
	at org.jboss.remoting.transport.socket.ServerThread.processInvocation(ServerThread.java:573)
	at org.jboss.remoting.transport.socket.ServerThread.dorun(ServerThread.java:373)
	at org.jboss.remoting.transport.socket.ServerThread.run(ServerThread.java:166)
Caused by: org.hibernate.exception.GenericJDBCException: Cannot open connection
	at org.hibernate.exception.SQLStateConverter.handledNonSpecificException(SQLStateConverter.java:103)
	at org.hibernate.exception.SQLStateConverter.convert(SQLStateConverter.java:91)
	at org.hibernate.exception.JDBCExceptionHelper.convert(JDBCExceptionHelper.java:43)
	at org.hibernate.exception.JDBCExceptionHelper.convert(JDBCExceptionHelper.java:29)
	at org.hibernate.jdbc.ConnectionManager.openConnection(ConnectionManager.java:426)
	at org.hibernate.jdbc.ConnectionManager.getConnection(ConnectionManager.java:144)
	at org.hibernate.jdbc.AbstractBatcher.prepareQueryStatement(AbstractBatcher.java:139)
	at org.hibernate.loader.Loader.prepareQueryStatement(Loader.java:1547)
	at org.hibernate.loader.Loader.doQuery(Loader.java:673)
	at org.hibernate.loader.Loader.doQueryAndInitializeNonLazyCollections(Loader.java:236)
	at org.hibernate.loader.Loader.loadEntity(Loader.java:1860)
	at org.hibernate.loader.entity.AbstractEntityLoader.load(AbstractEntityLoader.java:48)
	at org.hibernate.loader.entity.AbstractEntityLoader.load(AbstractEntityLoader.java:42)
	at org.hibernate.persister.entity.AbstractEntityPersister.load(AbstractEntityPersister.java:3044)
	at org.hibernate.event.def.DefaultLoadEventListener.loadFromDatasource(DefaultLoadEventListener.java:395)
	at org.hibernate.event.def.DefaultLoadEventListener.doLoad(DefaultLoadEventListener.java:375)
	at org.hibernate.event.def.DefaultLoadEventListener.load(DefaultLoadEventListener.java:139)
	at org.hibernate.event.def.DefaultLoadEventListener.proxyOrLoad(DefaultLoadEventListener.java:195)
	at org.hibernate.event.def.DefaultLoadEventListener.onLoad(DefaultLoadEventListener.java:103)
	at org.hibernate.impl.SessionImpl.fireLoad(SessionImpl.java:878)
	at org.hibernate.impl.SessionImpl.get(SessionImpl.java:815)
	at org.hibernate.impl.SessionImpl.get(SessionImpl.java:808)
	at org.hibernate.ejb.AbstractEntityManagerImpl.find(AbstractEntityManagerImpl.java:174)
Caused by: org.jboss.util.NestedSQLException: Could not create connection; - nested throwable: (java.sql.SQLException: com.informix.asf.IfxASFException: Attempt to connect to database server (topcoder) failed.); - nested throwable: (org.jboss.resource.JBossResourceException: Could not create connection; - nested throwable: (java.sql.SQLException: com.informix.asf.IfxASFException: Attempt to connect to database server (topcoder) failed.))
	at org.jboss.resource.adapter.jdbc.WrapperDataSource.getConnection(WrapperDataSource.java:94)
	at org.hibernate.ejb.connection.InjectedDataSourceConnectionProvider.getConnection(InjectedDataSourceConnectionProvider.java:47)
	at org.hibernate.jdbc.ConnectionManager.openConnection(ConnectionManager.java:423)
Caused by: org.jboss.resource.JBossResourceException: Could not create connection; - nested throwable: (java.sql.SQLException: com.informix.asf.IfxASFException: Attempt to connect to database server (topcoder) failed.)
	at org.jboss.resource.adapter.jdbc.local.LocalManagedConnectionFactory.createManagedConnection(LocalManagedConnectionFactory.java:179)
	at org.jboss.resource.connectionmanager.InternalManagedConnectionPool.createConnectionEventListener(InternalManagedConnectionPool.java:577)
	at org.jboss.resource.connectionmanager.InternalManagedConnectionPool.getConnection(InternalManagedConnectionPool.java:262)
	at org.jboss.resource.connectionmanager.JBossManagedConnectionPool$BasePool.getConnection(JBossManagedConnectionPool.java:538)
	at org.jboss.resource.connectionmanager.BaseConnectionManager2.getManagedConnection(BaseConnectionManager2.java:341)
	at org.jboss.resource.connectionmanager.TxConnectionManager.getManagedConnection(TxConnectionManager.java:315)
	at org.jboss.resource.connectionmanager.BaseConnectionManager2.allocateConnection(BaseConnectionManager2.java:396)
	at org.jboss.resource.connectionmanager.BaseConnectionManager2$ConnectionManagerProxy.allocateConnection(BaseConnectionManager2.java:842)
	at org.jboss.resource.adapter.jdbc.WrapperDataSource.getConnection(WrapperDataSource.java:88)
Caused by: java.sql.SQLException: com.informix.asf.IfxASFException: Attempt to connect to database server (topcoder) failed.
	at com.informix.jdbc.IfxSqliConnect.&lt;init&gt;(IfxSqliConnect.java:1026)
	at java.lang.reflect.Constructor.newInstance(Constructor.java:494)
	at com.informix.jdbc.IfxDriver.connect(IfxDriver.java:254)
	at org.jboss.resource.adapter.jdbc.local.LocalManagedConnectionFactory.createManagedConnection(LocalManagedConnectionFactory.java:171)
</error>
  </testcase>
  <testcase classname="com.topcoder.service.digitalrun.contest.accuracytests.DigitalRunContestManagerBeanAccuracyTests" name="testTrackContestResultCalculator" time="0.047">
    <error message="Persistence error occurs while creating track contest result calculator." type="com.topcoder.service.digitalrun.contest.DigitalRunContestManagerException">com.topcoder.service.digitalrun.contest.DigitalRunContestManagerException: Persistence error occurs while creating track contest result calculator.
	at com.topcoder.service.digitalrun.contest.DigitalRunContestManagerBean.createTrackContestResultCalculator(DigitalRunContestManagerBean.java:877)
	at org.jboss.aop.joinpoint.MethodInvocation.invokeNext(MethodInvocation.java:112)
	at org.jboss.ejb3.interceptor.InvocationContextImpl.proceed(InvocationContextImpl.java:166)
	at org.jboss.ejb3.interceptor.EJB3InterceptorsInterceptor.invoke(EJB3InterceptorsInterceptor.java:63)
	at org.jboss.aop.joinpoint.MethodInvocation.invokeNext(MethodInvocation.java:101)
	at org.jboss.ejb3.entity.TransactionScopedEntityManagerInterceptor.invoke(TransactionScopedEntityManagerInterceptor.java:54)
	at org.jboss.aop.joinpoint.MethodInvocation.invokeNext(MethodInvocation.java:101)
	at org.jboss.ejb3.AllowedOperationsInterceptor.invoke(AllowedOperationsInterceptor.java:47)
	at org.jboss.aop.joinpoint.MethodInvocation.invokeNext(MethodInvocation.java:101)
	at org.jboss.aspects.tx.TxPolicy.invokeInOurTx(TxPolicy.java:79)
	at org.jboss.aspects.tx.TxInterceptor$Required.invoke(TxInterceptor.java:191)
	at org.jboss.aop.joinpoint.MethodInvocation.invokeNext(MethodInvocation.java:101)
	at org.jboss.aspects.tx.TxPropagationInterceptor.invoke(TxPropagationInterceptor.java:95)
	at org.jboss.aop.joinpoint.MethodInvocation.invokeNext(MethodInvocation.java:101)
	at org.jboss.ejb3.stateless.StatelessInstanceInterceptor.invoke(StatelessInstanceInterceptor.java:62)
	at org.jboss.aop.joinpoint.MethodInvocation.invokeNext(MethodInvocation.java:101)
	at org.jboss.aspects.security.AuthenticationInterceptor.invoke(AuthenticationInterceptor.java:77)
	at org.jboss.ejb3.security.Ejb3AuthenticationInterceptor.invoke(Ejb3AuthenticationInterceptor.java:110)
	at org.jboss.aop.joinpoint.MethodInvocation.invokeNext(MethodInvocation.java:101)
	at org.jboss.ejb3.ENCPropagationInterceptor.invoke(ENCPropagationInterceptor.java:46)
	at org.jboss.aop.joinpoint.MethodInvocation.invokeNext(MethodInvocation.java:101)
	at org.jboss.ejb3.asynchronous.AsynchronousInterceptor.invoke(AsynchronousInterceptor.java:106)
	at org.jboss.aop.joinpoint.MethodInvocation.invokeNext(MethodInvocation.java:101)
	at org.jboss.ejb3.stateless.StatelessContainer.dynamicInvoke(StatelessContainer.java:304)
	at org.jboss.aop.Dispatcher.invoke(Dispatcher.java:106)
	at org.jboss.aspects.remoting.AOPRemotingInvocationHandler.invoke(AOPRemotingInvocationHandler.java:82)
	at org.jboss.remoting.ServerInvoker.invoke(ServerInvoker.java:769)
	at org.jboss.remoting.transport.socket.ServerThread.processInvocation(ServerThread.java:573)
	at org.jboss.remoting.transport.socket.ServerThread.dorun(ServerThread.java:373)
	at org.jboss.remoting.transport.socket.ServerThread.run(ServerThread.java:166)
Caused by: com.topcoder.service.digitalrun.contest.PersistenceException: org.hibernate.exception.GenericJDBCException: Cannot open connection
	at com.topcoder.service.digitalrun.contest.persistence.BaseHibernateDAO.findEntity(BaseHibernateDAO.java:358)
	at com.topcoder.service.digitalrun.contest.persistence.BaseHibernateDAO.errorIfEntityExists(BaseHibernateDAO.java:250)
	at com.topcoder.service.digitalrun.contest.persistence.HibernateTrackContestResultCalculatorDAO.createTrackContestResultCalculator(HibernateTrackContestResultCalculatorDAO.java:98)
	at com.topcoder.service.digitalrun.contest.DigitalRunContestManagerBean.createTrackContestResultCalculator(DigitalRunContestManagerBean.java:875)
	at org.jboss.aop.joinpoint.MethodInvocation.invokeNext(MethodInvocation.java:112)
	at org.jboss.ejb3.interceptor.InvocationContextImpl.proceed(InvocationContextImpl.java:166)
	at org.jboss.ejb3.interceptor.EJB3InterceptorsInterceptor.invoke(EJB3InterceptorsInterceptor.java:63)
	at org.jboss.aop.joinpoint.MethodInvocation.invokeNext(MethodInvocation.java:101)
	at org.jboss.ejb3.entity.TransactionScopedEntityManagerInterceptor.invoke(TransactionScopedEntityManagerInterceptor.java:54)
	at org.jboss.aop.joinpoint.MethodInvocation.invokeNext(MethodInvocation.java:101)
	at org.jboss.ejb3.AllowedOperationsInterceptor.invoke(AllowedOperationsInterceptor.java:47)
	at org.jboss.aop.joinpoint.MethodInvocation.invokeNext(MethodInvocation.java:101)
	at org.jboss.aspects.tx.TxPolicy.invokeInOurTx(TxPolicy.java:79)
	at org.jboss.aspects.tx.TxInterceptor$Required.invoke(TxInterceptor.java:191)
	at org.jboss.aop.joinpoint.MethodInvocation.invokeNext(MethodInvocation.java:101)
	at org.jboss.aspects.tx.TxPropagationInterceptor.invoke(TxPropagationInterceptor.java:95)
	at org.jboss.aop.joinpoint.MethodInvocation.invokeNext(MethodInvocation.java:101)
	at org.jboss.ejb3.stateless.StatelessInstanceInterceptor.invoke(StatelessInstanceInterceptor.java:62)
	at org.jboss.aop.joinpoint.MethodInvocation.invokeNext(MethodInvocation.java:101)
	at org.jboss.aspects.security.AuthenticationInterceptor.invoke(AuthenticationInterceptor.java:77)
	at org.jboss.ejb3.security.Ejb3AuthenticationInterceptor.invoke(Ejb3AuthenticationInterceptor.java:110)
	at org.jboss.aop.joinpoint.MethodInvocation.invokeNext(MethodInvocation.java:101)
	at org.jboss.ejb3.ENCPropagationInterceptor.invoke(ENCPropagationInterceptor.java:46)
	at org.jboss.aop.joinpoint.MethodInvocation.invokeNext(MethodInvocation.java:101)
	at org.jboss.ejb3.asynchronous.AsynchronousInterceptor.invoke(AsynchronousInterceptor.java:106)
	at org.jboss.aop.joinpoint.MethodInvocation.invokeNext(MethodInvocation.java:101)
	at org.jboss.ejb3.stateless.StatelessContainer.dynamicInvoke(StatelessContainer.java:304)
	at org.jboss.aop.Dispatcher.invoke(Dispatcher.java:106)
	at org.jboss.aspects.remoting.AOPRemotingInvocationHandler.invoke(AOPRemotingInvocationHandler.java:82)
	at org.jboss.remoting.ServerInvoker.invoke(ServerInvoker.java:769)
	at org.jboss.remoting.transport.socket.ServerThread.processInvocation(ServerThread.java:573)
	at org.jboss.remoting.transport.socket.ServerThread.dorun(ServerThread.java:373)
	at org.jboss.remoting.transport.socket.ServerThread.run(ServerThread.java:166)
	at org.jboss.remoting.MicroRemoteClientInvoker.invoke(MicroRemoteClientInvoker.java:163)
	at org.jboss.remoting.Client.invoke(Client.java:1634)
	at org.jboss.remoting.Client.invoke(Client.java:548)
	at org.jboss.aspects.remoting.InvokeRemoteInterceptor.invoke(InvokeRemoteInterceptor.java:62)
	at org.jboss.aop.joinpoint.MethodInvocation.invokeNext(MethodInvocation.java:101)
	at org.jboss.aspects.tx.ClientTxPropagationInterceptor.invoke(ClientTxPropagationInterceptor.java:67)
	at org.jboss.aop.joinpoint.MethodInvocation.invokeNext(MethodInvocation.java:101)
	at org.jboss.aspects.security.SecurityClientInterceptor.invoke(SecurityClientInterceptor.java:53)
	at org.jboss.aop.joinpoint.MethodInvocation.invokeNext(MethodInvocation.java:101)
	at org.jboss.ejb3.remoting.IsLocalInterceptor.invoke(IsLocalInterceptor.java:74)
	at org.jboss.aop.joinpoint.MethodInvocation.invokeNext(MethodInvocation.java:101)
	at org.jboss.ejb3.stateless.StatelessRemoteProxy.invoke(StatelessRemoteProxy.java:107)
	at $Proxy7.createTrackContestResultCalculator(Unknown Source)
	at com.topcoder.service.digitalrun.contest.accuracytests.DigitalRunContestManagerBeanAccuracyTests.testTrackContestResultCalculator(DigitalRunContestManagerBeanAccuracyTests.java:167)
	at org.jboss.aspects.remoting.InvokeRemoteInterceptor.invoke(InvokeRemoteInterceptor.java:74)
	at org.jboss.aop.joinpoint.MethodInvocation.invokeNext(MethodInvocation.java:101)
	at org.jboss.aspects.tx.ClientTxPropagationInterceptor.invoke(ClientTxPropagationInterceptor.java:67)
	at org.jboss.aop.joinpoint.MethodInvocation.invokeNext(MethodInvocation.java:101)
	at org.jboss.aspects.security.SecurityClientInterceptor.invoke(SecurityClientInterceptor.java:53)
	at org.jboss.aop.joinpoint.MethodInvocation.invokeNext(MethodInvocation.java:101)
	at org.jboss.ejb3.remoting.IsLocalInterceptor.invoke(IsLocalInterceptor.java:74)
	at org.jboss.aop.joinpoint.MethodInvocation.invokeNext(MethodInvocation.java:101)
	at org.jboss.ejb3.stateless.StatelessRemoteProxy.invoke(StatelessRemoteProxy.java:107)
	at $Proxy7.createTrackContestResultCalculator(Unknown Source)
	at com.topcoder.service.digitalrun.contest.accuracytests.DigitalRunContestManagerBeanAccuracyTests.testTrackContestResultCalculator(DigitalRunContestManagerBeanAccuracyTests.java:167)
Caused by: javax.persistence.PersistenceException: org.hibernate.exception.GenericJDBCException: Cannot open connection
	at org.hibernate.ejb.AbstractEntityManagerImpl.throwPersistenceException(AbstractEntityManagerImpl.java:629)
	at org.hibernate.ejb.AbstractEntityManagerImpl.find(AbstractEntityManagerImpl.java:194)
	at org.jboss.ejb3.entity.TransactionScopedEntityManager.find(TransactionScopedEntityManager.java:171)
	at com.topcoder.service.digitalrun.contest.persistence.BaseHibernateDAO.findEntity(BaseHibernateDAO.java:355)
	at com.topcoder.service.digitalrun.contest.persistence.BaseHibernateDAO.errorIfEntityExists(BaseHibernateDAO.java:250)
	at com.topcoder.service.digitalrun.contest.persistence.HibernateTrackContestResultCalculatorDAO.createTrackContestResultCalculator(HibernateTrackContestResultCalculatorDAO.java:98)
	at com.topcoder.service.digitalrun.contest.DigitalRunContestManagerBean.createTrackContestResultCalculator(DigitalRunContestManagerBean.java:875)
	at org.jboss.aop.joinpoint.MethodInvocation.invokeNext(MethodInvocation.java:112)
	at org.jboss.ejb3.interceptor.InvocationContextImpl.proceed(InvocationContextImpl.java:166)
	at org.jboss.ejb3.interceptor.EJB3InterceptorsInterceptor.invoke(EJB3InterceptorsInterceptor.java:63)
	at org.jboss.aop.joinpoint.MethodInvocation.invokeNext(MethodInvocation.java:101)
	at org.jboss.ejb3.entity.TransactionScopedEntityManagerInterceptor.invoke(TransactionScopedEntityManagerInterceptor.java:54)
	at org.jboss.aop.joinpoint.MethodInvocation.invokeNext(MethodInvocation.java:101)
	at org.jboss.ejb3.AllowedOperationsInterceptor.invoke(AllowedOperationsInterceptor.java:47)
	at org.jboss.aop.joinpoint.MethodInvocation.invokeNext(MethodInvocation.java:101)
	at org.jboss.aspects.tx.TxPolicy.invokeInOurTx(TxPolicy.java:79)
	at org.jboss.aspects.tx.TxInterceptor$Required.invoke(TxInterceptor.java:191)
	at org.jboss.aop.joinpoint.MethodInvocation.invokeNext(MethodInvocation.java:101)
	at org.jboss.aspects.tx.TxPropagationInterceptor.invoke(TxPropagationInterceptor.java:95)
	at org.jboss.aop.joinpoint.MethodInvocation.invokeNext(MethodInvocation.java:101)
	at org.jboss.ejb3.stateless.StatelessInstanceInterceptor.invoke(StatelessInstanceInterceptor.java:62)
	at org.jboss.aop.joinpoint.MethodInvocation.invokeNext(MethodInvocation.java:101)
	at org.jboss.aspects.security.AuthenticationInterceptor.invoke(AuthenticationInterceptor.java:77)
	at org.jboss.ejb3.security.Ejb3AuthenticationInterceptor.invoke(Ejb3AuthenticationInterceptor.java:110)
	at org.jboss.aop.joinpoint.MethodInvocation.invokeNext(MethodInvocation.java:101)
	at org.jboss.ejb3.ENCPropagationInterceptor.invoke(ENCPropagationInterceptor.java:46)
	at org.jboss.aop.joinpoint.MethodInvocation.invokeNext(MethodInvocation.java:101)
	at org.jboss.ejb3.asynchronous.AsynchronousInterceptor.invoke(AsynchronousInterceptor.java:106)
	at org.jboss.aop.joinpoint.MethodInvocation.invokeNext(MethodInvocation.java:101)
	at org.jboss.ejb3.stateless.StatelessContainer.dynamicInvoke(StatelessContainer.java:304)
	at org.jboss.aop.Dispatcher.invoke(Dispatcher.java:106)
	at org.jboss.aspects.remoting.AOPRemotingInvocationHandler.invoke(AOPRemotingInvocationHandler.java:82)
	at org.jboss.remoting.ServerInvoker.invoke(ServerInvoker.java:769)
	at org.jboss.remoting.transport.socket.ServerThread.processInvocation(ServerThread.java:573)
	at org.jboss.remoting.transport.socket.ServerThread.dorun(ServerThread.java:373)
	at org.jboss.remoting.transport.socket.ServerThread.run(ServerThread.java:166)
Caused by: org.hibernate.exception.GenericJDBCException: Cannot open connection
	at org.hibernate.exception.SQLStateConverter.handledNonSpecificException(SQLStateConverter.java:103)
	at org.hibernate.exception.SQLStateConverter.convert(SQLStateConverter.java:91)
	at org.hibernate.exception.JDBCExceptionHelper.convert(JDBCExceptionHelper.java:43)
	at org.hibernate.exception.JDBCExceptionHelper.convert(JDBCExceptionHelper.java:29)
	at org.hibernate.jdbc.ConnectionManager.openConnection(ConnectionManager.java:426)
	at org.hibernate.jdbc.ConnectionManager.getConnection(ConnectionManager.java:144)
	at org.hibernate.jdbc.AbstractBatcher.prepareQueryStatement(AbstractBatcher.java:139)
	at org.hibernate.loader.Loader.prepareQueryStatement(Loader.java:1547)
	at org.hibernate.loader.Loader.doQuery(Loader.java:673)
	at org.hibernate.loader.Loader.doQueryAndInitializeNonLazyCollections(Loader.java:236)
	at org.hibernate.loader.Loader.loadEntity(Loader.java:1860)
	at org.hibernate.loader.entity.AbstractEntityLoader.load(AbstractEntityLoader.java:48)
	at org.hibernate.loader.entity.AbstractEntityLoader.load(AbstractEntityLoader.java:42)
	at org.hibernate.persister.entity.AbstractEntityPersister.load(AbstractEntityPersister.java:3044)
	at org.hibernate.event.def.DefaultLoadEventListener.loadFromDatasource(DefaultLoadEventListener.java:395)
	at org.hibernate.event.def.DefaultLoadEventListener.doLoad(DefaultLoadEventListener.java:375)
	at org.hibernate.event.def.DefaultLoadEventListener.load(DefaultLoadEventListener.java:139)
	at org.hibernate.event.def.DefaultLoadEventListener.proxyOrLoad(DefaultLoadEventListener.java:195)
	at org.hibernate.event.def.DefaultLoadEventListener.onLoad(DefaultLoadEventListener.java:103)
	at org.hibernate.impl.SessionImpl.fireLoad(SessionImpl.java:878)
	at org.hibernate.impl.SessionImpl.get(SessionImpl.java:815)
	at org.hibernate.impl.SessionImpl.get(SessionImpl.java:808)
	at org.hibernate.ejb.AbstractEntityManagerImpl.find(AbstractEntityManagerImpl.java:174)
Caused by: org.jboss.util.NestedSQLException: Could not create connection; - nested throwable: (java.sql.SQLException: com.informix.asf.IfxASFException: Attempt to connect to database server (topcoder) failed.); - nested throwable: (org.jboss.resource.JBossResourceException: Could not create connection; - nested throwable: (java.sql.SQLException: com.informix.asf.IfxASFException: Attempt to connect to database server (topcoder) failed.))
	at org.jboss.resource.adapter.jdbc.WrapperDataSource.getConnection(WrapperDataSource.java:94)
	at org.hibernate.ejb.connection.InjectedDataSourceConnectionProvider.getConnection(InjectedDataSourceConnectionProvider.java:47)
	at org.hibernate.jdbc.ConnectionManager.openConnection(ConnectionManager.java:423)
Caused by: org.jboss.resource.JBossResourceException: Could not create connection; - nested throwable: (java.sql.SQLException: com.informix.asf.IfxASFException: Attempt to connect to database server (topcoder) failed.)
	at org.jboss.resource.adapter.jdbc.local.LocalManagedConnectionFactory.createManagedConnection(LocalManagedConnectionFactory.java:179)
	at org.jboss.resource.connectionmanager.InternalManagedConnectionPool.createConnectionEventListener(InternalManagedConnectionPool.java:577)
	at org.jboss.resource.connectionmanager.InternalManagedConnectionPool.getConnection(InternalManagedConnectionPool.java:262)
	at org.jboss.resource.connectionmanager.JBossManagedConnectionPool$BasePool.getConnection(JBossManagedConnectionPool.java:538)
	at org.jboss.resource.connectionmanager.BaseConnectionManager2.getManagedConnection(BaseConnectionManager2.java:341)
	at org.jboss.resource.connectionmanager.TxConnectionManager.getManagedConnection(TxConnectionManager.java:315)
	at org.jboss.resource.connectionmanager.BaseConnectionManager2.allocateConnection(BaseConnectionManager2.java:396)
	at org.jboss.resource.connectionmanager.BaseConnectionManager2$ConnectionManagerProxy.allocateConnection(BaseConnectionManager2.java:842)
	at org.jboss.resource.adapter.jdbc.WrapperDataSource.getConnection(WrapperDataSource.java:88)
Caused by: java.sql.SQLException: com.informix.asf.IfxASFException: Attempt to connect to database server (topcoder) failed.
	at com.informix.jdbc.IfxSqliConnect.&lt;init&gt;(IfxSqliConnect.java:1026)
	at java.lang.reflect.Constructor.newInstance(Constructor.java:494)
	at com.informix.jdbc.IfxDriver.connect(IfxDriver.java:254)
	at org.jboss.resource.adapter.jdbc.local.LocalManagedConnectionFactory.createManagedConnection(LocalManagedConnectionFactory.java:171)
</error>
  </testcase>
  <testcase classname="com.topcoder.service.digitalrun.contest.failuretests.ContestFilterFactoryFailureTest" name="testCreateContestDescriptionLikeFilter_NullString" time="0.0" />
  <testcase classname="com.topcoder.service.digitalrun.contest.failuretests.ContestFilterFactoryFailureTest" name="testCreateContestIdEqualsFilterWithNegativeId" time="0.0" />
  <testcase classname="com.topcoder.service.digitalrun.contest.failuretests.ContestFilterFactoryFailureTest" name="testCreateContestIdsInFilterWithNullArray" time="0.0" />
  <testcase classname="com.topcoder.service.digitalrun.contest.failuretests.ContestFilterFactoryFailureTest" name="testCreateContestIdsInFilterWithEmptyArray" time="0.0" />
  <testcase classname="com.topcoder.service.digitalrun.contest.failuretests.ContestFilterFactoryFailureTest" name="testCreateContestIdsInFilterWithArrayContainsNegative" time="0.0" />
  <testcase classname="com.topcoder.service.digitalrun.contest.failuretests.ContestFilterFactoryFailureTest" name="testCreateContestTypeIdEqualsFilterWithNegativeId" time="0.0" />
  <testcase classname="com.topcoder.service.digitalrun.contest.failuretests.ContestFilterFactoryFailureTest" name="testCreateContestTypeIdsInFilterWithNullArray" time="0.0" />
  <testcase classname="com.topcoder.service.digitalrun.contest.failuretests.ContestFilterFactoryFailureTest" name="testCreateContestTypeIdsInFilterWithEmptyArray" time="0.0" />
  <testcase classname="com.topcoder.service.digitalrun.contest.failuretests.ContestFilterFactoryFailureTest" name="testCreateContestTypeIdsInFilterWithArrayContainsNegative" time="0.0" />
  <testcase classname="com.topcoder.service.digitalrun.contest.failuretests.ContestFilterFactoryFailureTest" name="testCreateTrackIdEqualsFilterWithNegativeId" time="0.0" />
  <testcase classname="com.topcoder.service.digitalrun.contest.failuretests.ContestFilterFactoryFailureTest" name="testCreateTrackIdsInFilterWithNullArray" time="0.0" />
  <testcase classname="com.topcoder.service.digitalrun.contest.failuretests.ContestFilterFactoryFailureTest" name="testCreateTrackIdsInFilterWithEmptyArray" time="0.0" />
  <testcase classname="com.topcoder.service.digitalrun.contest.failuretests.ContestFilterFactoryFailureTest" name="testCreateTrackIdsInFilterWithArrayContainsNegative" time="0.0" />
  <testcase classname="com.topcoder.service.digitalrun.contest.failuretests.ContestFilterFactoryFailureTest" name="testCreateAndFilter1WithNullArray" time="0.0" />
  <testcase classname="com.topcoder.service.digitalrun.contest.failuretests.ContestFilterFactoryFailureTest" name="testCreateAndFilter1WithArrayContainsNull" time="0.0" />
  <testcase classname="com.topcoder.service.digitalrun.contest.failuretests.ContestFilterFactoryFailureTest" name="testCreateAndFilter2WithFirstNull" time="0.0" />
  <testcase classname="com.topcoder.service.digitalrun.contest.failuretests.ContestFilterFactoryFailureTest" name="testCreateAndFilter2WithSecondNull" time="0.0" />
  <testcase classname="com.topcoder.service.digitalrun.contest.failuretests.ContestFilterFactoryFailureTest" name="testCreateOrFilter1WithNullArray" time="0.0" />
  <testcase classname="com.topcoder.service.digitalrun.contest.failuretests.ContestFilterFactoryFailureTest" name="testCreateOrFilter1WithArrayContainsNull" time="0.0" />
  <testcase classname="com.topcoder.service.digitalrun.contest.failuretests.ContestFilterFactoryFailureTest" name="testCreateOrFilter2WithFirstNull" time="0.0" />
  <testcase classname="com.topcoder.service.digitalrun.contest.failuretests.ContestFilterFactoryFailureTest" name="testCreateOrFilter2WithSecondNull" time="0.0" />
  <testcase classname="com.topcoder.service.digitalrun.contest.failuretests.ContestFilterFactoryFailureTest" name="testCreateNotFilterWithNullFilter" time="0.0" />
  <testcase classname="com.topcoder.service.digitalrun.contest.failuretests.ContestFilterFactoryFailureTest" name="testCreateContestDescriptionEqualsFilterWithNullDescription" time="0.0" />
  <testcase classname="com.topcoder.service.digitalrun.contest.failuretests.ContestFilterFactoryFailureTest" name="testCreateContestDescriptionEqualsFilterWithEmptyDescription" time="0.0" />
  <testcase classname="com.topcoder.service.digitalrun.contest.failuretests.ContestFilterFactoryFailureTest" name="testCreateContestDescriptionLikeFilterWithEmptyString" time="0.0" />
  <testcase classname="com.topcoder.service.digitalrun.contest.failuretests.ContestFilterFactoryFailureTest" name="testCreateContestDescriptionInFilterWithNullArray" time="0.0" />
  <testcase classname="com.topcoder.service.digitalrun.contest.failuretests.ContestFilterFactoryFailureTest" name="testCreateContestDescriptionInFilterWithEmptyArray" time="0.0" />
  <testcase classname="com.topcoder.service.digitalrun.contest.failuretests.ContestFilterFactoryFailureTest" name="testCreateContestDescriptionInFilterWithArrayContainsNull" time="0.0" />
  <testcase classname="com.topcoder.service.digitalrun.contest.failuretests.ContestFilterFactoryFailureTest" name="testCreateContestDescriptionInFilterWithArrayContainsEmpty" time="0.0" />
  <testcase classname="com.topcoder.service.digitalrun.contest.failuretests.DigitalRunContestManagerBeanFailureTest" name="testCreateTrackContestWithEntityExistsException" time="0.313">
    <error message="org.hibernate.exception.JDBCConnectionException: Cannot open connection" type="javax.persistence.PersistenceException">javax.persistence.PersistenceException: org.hibernate.exception.JDBCConnectionException: Cannot open connection
	at org.hibernate.ejb.AbstractEntityManagerImpl.throwPersistenceException(AbstractEntityManagerImpl.java:629)
	at org.hibernate.ejb.TransactionImpl.begin(TransactionImpl.java:41)
	at com.topcoder.service.digitalrun.contest.failuretests.BaseTestCase.persist(BaseTestCase.java:194)
	at com.topcoder.service.digitalrun.contest.failuretests.DigitalRunContestManagerBeanFailureTest.testCreateTrackContestWithEntityExistsException(DigitalRunContestManagerBeanFailureTest.java:45)
Caused by: org.hibernate.exception.JDBCConnectionException: Cannot open connection
	at org.hibernate.exception.SQLStateConverter.convert(SQLStateConverter.java:74)
	at org.hibernate.exception.JDBCExceptionHelper.convert(JDBCExceptionHelper.java:43)
	at org.hibernate.exception.JDBCExceptionHelper.convert(JDBCExceptionHelper.java:29)
	at org.hibernate.jdbc.ConnectionManager.openConnection(ConnectionManager.java:426)
	at org.hibernate.jdbc.ConnectionManager.getConnection(ConnectionManager.java:144)
	at org.hibernate.jdbc.JDBCContext.connection(JDBCContext.java:119)
	at org.hibernate.transaction.JDBCTransaction.begin(JDBCTransaction.java:57)
	at org.hibernate.impl.SessionImpl.beginTransaction(SessionImpl.java:1326)
	at org.hibernate.ejb.TransactionImpl.begin(TransactionImpl.java:38)
Caused by: java.sql.SQLException: com.informix.asf.IfxASFException: Attempt to connect to database server (topcoder) failed.
	at com.informix.jdbc.IfxSqliConnect.&lt;init&gt;(IfxSqliConnect.java:1026)
	at java.lang.reflect.Constructor.newInstance(Constructor.java:494)
	at com.informix.jdbc.IfxDriver.connect(IfxDriver.java:254)
	at java.sql.DriverManager.getConnection(DriverManager.java:525)
	at java.sql.DriverManager.getConnection(DriverManager.java:140)
	at org.hibernate.connection.DriverManagerConnectionProvider.getConnection(DriverManagerConnectionProvider.java:110)
	at org.hibernate.jdbc.ConnectionManager.openConnection(ConnectionManager.java:423)
</error>
  </testcase>
  <testcase classname="com.topcoder.service.digitalrun.contest.failuretests.DigitalRunContestManagerBeanFailureTest" name="testCreateTrackContestWithPersistenceException" time="0.031" />
  <testcase classname="com.topcoder.service.digitalrun.contest.failuretests.DigitalRunContestManagerBeanFailureTest" name="testCreateTrackContestWithIllegalArgumentException" time="0.031" />
  <testcase classname="com.topcoder.service.digitalrun.contest.failuretests.DigitalRunContestManagerBeanFailureTest" name="testUpdateTrackContestWithEntityNotFoundException" time="0.016">
    <error message="javax.persistence.PersistenceException: org.hibernate.exception.GenericJDBCException: Cannot open connection" type="javax.ejb.EJBException">javax.ejb.EJBException: javax.persistence.PersistenceException: org.hibernate.exception.GenericJDBCException: Cannot open connection
	at org.jboss.ejb3.tx.Ejb3TxPolicy.handleExceptionInOurTx(Ejb3TxPolicy.java:63)
	at org.jboss.aspects.tx.TxPolicy.invokeInOurTx(TxPolicy.java:83)
	at org.jboss.aspects.tx.TxInterceptor$Required.invoke(TxInterceptor.java:191)
	at org.jboss.aop.joinpoint.MethodInvocation.invokeNext(MethodInvocation.java:101)
	at org.jboss.aspects.tx.TxPropagationInterceptor.invoke(TxPropagationInterceptor.java:95)
	at org.jboss.aop.joinpoint.MethodInvocation.invokeNext(MethodInvocation.java:101)
	at org.jboss.ejb3.stateless.StatelessInstanceInterceptor.invoke(StatelessInstanceInterceptor.java:62)
	at org.jboss.aop.joinpoint.MethodInvocation.invokeNext(MethodInvocation.java:101)
	at org.jboss.aspects.security.AuthenticationInterceptor.invoke(AuthenticationInterceptor.java:77)
	at org.jboss.ejb3.security.Ejb3AuthenticationInterceptor.invoke(Ejb3AuthenticationInterceptor.java:110)
	at org.jboss.aop.joinpoint.MethodInvocation.invokeNext(MethodInvocation.java:101)
	at org.jboss.ejb3.ENCPropagationInterceptor.invoke(ENCPropagationInterceptor.java:46)
	at org.jboss.aop.joinpoint.MethodInvocation.invokeNext(MethodInvocation.java:101)
	at org.jboss.ejb3.asynchronous.AsynchronousInterceptor.invoke(AsynchronousInterceptor.java:106)
	at org.jboss.aop.joinpoint.MethodInvocation.invokeNext(MethodInvocation.java:101)
	at org.jboss.ejb3.stateless.StatelessContainer.dynamicInvoke(StatelessContainer.java:304)
	at org.jboss.aop.Dispatcher.invoke(Dispatcher.java:106)
	at org.jboss.aspects.remoting.AOPRemotingInvocationHandler.invoke(AOPRemotingInvocationHandler.java:82)
	at org.jboss.remoting.ServerInvoker.invoke(ServerInvoker.java:769)
	at org.jboss.remoting.transport.socket.ServerThread.processInvocation(ServerThread.java:573)
	at org.jboss.remoting.transport.socket.ServerThread.dorun(ServerThread.java:373)
	at org.jboss.remoting.transport.socket.ServerThread.run(ServerThread.java:166)
Caused by: javax.persistence.PersistenceException: org.hibernate.exception.GenericJDBCException: Cannot open connection
	at org.hibernate.ejb.AbstractEntityManagerImpl.throwPersistenceException(AbstractEntityManagerImpl.java:629)
	at org.hibernate.ejb.AbstractEntityManagerImpl.find(AbstractEntityManagerImpl.java:194)
	at org.jboss.ejb3.entity.TransactionScopedEntityManager.find(TransactionScopedEntityManager.java:171)
	at com.topcoder.service.digitalrun.contest.audit.interceptors.AuditUpdateContestInterceptor.audit(AuditUpdateContestInterceptor.java:57)
	at org.jboss.ejb3.interceptor.InvocationContextImpl.proceed(InvocationContextImpl.java:118)
	at org.jboss.ejb3.interceptor.EJB3InterceptorsInterceptor.invoke(EJB3InterceptorsInterceptor.java:63)
	at org.jboss.aop.joinpoint.MethodInvocation.invokeNext(MethodInvocation.java:101)
	at org.jboss.ejb3.entity.TransactionScopedEntityManagerInterceptor.invoke(TransactionScopedEntityManagerInterceptor.java:54)
	at org.jboss.aop.joinpoint.MethodInvocation.invokeNext(MethodInvocation.java:101)
	at org.jboss.ejb3.AllowedOperationsInterceptor.invoke(AllowedOperationsInterceptor.java:47)
	at org.jboss.aop.joinpoint.MethodInvocation.invokeNext(MethodInvocation.java:101)
	at org.jboss.aspects.tx.TxPolicy.invokeInOurTx(TxPolicy.java:79)
	at org.jboss.aspects.tx.TxInterceptor$Required.invoke(TxInterceptor.java:191)
	at org.jboss.aop.joinpoint.MethodInvocation.invokeNext(MethodInvocation.java:101)
	at org.jboss.aspects.tx.TxPropagationInterceptor.invoke(TxPropagationInterceptor.java:95)
	at org.jboss.aop.joinpoint.MethodInvocation.invokeNext(MethodInvocation.java:101)
	at org.jboss.ejb3.stateless.StatelessInstanceInterceptor.invoke(StatelessInstanceInterceptor.java:62)
	at org.jboss.aop.joinpoint.MethodInvocation.invokeNext(MethodInvocation.java:101)
	at org.jboss.aspects.security.AuthenticationInterceptor.invoke(AuthenticationInterceptor.java:77)
	at org.jboss.ejb3.security.Ejb3AuthenticationInterceptor.invoke(Ejb3AuthenticationInterceptor.java:110)
	at org.jboss.aop.joinpoint.MethodInvocation.invokeNext(MethodInvocation.java:101)
	at org.jboss.ejb3.ENCPropagationInterceptor.invoke(ENCPropagationInterceptor.java:46)
	at org.jboss.aop.joinpoint.MethodInvocation.invokeNext(MethodInvocation.java:101)
	at org.jboss.ejb3.asynchronous.AsynchronousInterceptor.invoke(AsynchronousInterceptor.java:106)
	at org.jboss.aop.joinpoint.MethodInvocation.invokeNext(MethodInvocation.java:101)
	at org.jboss.ejb3.stateless.StatelessContainer.dynamicInvoke(StatelessContainer.java:304)
	at org.jboss.aop.Dispatcher.invoke(Dispatcher.java:106)
	at org.jboss.aspects.remoting.AOPRemotingInvocationHandler.invoke(AOPRemotingInvocationHandler.java:82)
	at org.jboss.remoting.ServerInvoker.invoke(ServerInvoker.java:769)
	at org.jboss.remoting.transport.socket.ServerThread.processInvocation(ServerThread.java:573)
	at org.jboss.remoting.transport.socket.ServerThread.dorun(ServerThread.java:373)
	at org.jboss.remoting.transport.socket.ServerThread.run(ServerThread.java:166)
	at org.jboss.remoting.MicroRemoteClientInvoker.invoke(MicroRemoteClientInvoker.java:163)
	at org.jboss.remoting.Client.invoke(Client.java:1634)
	at org.jboss.remoting.Client.invoke(Client.java:548)
	at org.jboss.aspects.remoting.InvokeRemoteInterceptor.invoke(InvokeRemoteInterceptor.java:62)
	at org.jboss.aop.joinpoint.MethodInvocation.invokeNext(MethodInvocation.java:101)
	at org.jboss.aspects.tx.ClientTxPropagationInterceptor.invoke(ClientTxPropagationInterceptor.java:67)
	at org.jboss.aop.joinpoint.MethodInvocation.invokeNext(MethodInvocation.java:101)
	at org.jboss.aspects.security.SecurityClientInterceptor.invoke(SecurityClientInterceptor.java:53)
	at org.jboss.aop.joinpoint.MethodInvocation.invokeNext(MethodInvocation.java:101)
	at org.jboss.ejb3.remoting.IsLocalInterceptor.invoke(IsLocalInterceptor.java:74)
	at org.jboss.aop.joinpoint.MethodInvocation.invokeNext(MethodInvocation.java:101)
	at org.jboss.ejb3.stateless.StatelessRemoteProxy.invoke(StatelessRemoteProxy.java:107)
	at $Proxy7.updateTrackContest(Unknown Source)
	at com.topcoder.service.digitalrun.contest.failuretests.DigitalRunContestManagerBeanFailureTest.testUpdateTrackContestWithEntityNotFoundException(DigitalRunContestManagerBeanFailureTest.java:126)
	at org.jboss.aspects.remoting.InvokeRemoteInterceptor.invoke(InvokeRemoteInterceptor.java:74)
	at org.jboss.aop.joinpoint.MethodInvocation.invokeNext(MethodInvocation.java:101)
	at org.jboss.aspects.tx.ClientTxPropagationInterceptor.invoke(ClientTxPropagationInterceptor.java:67)
	at org.jboss.aop.joinpoint.MethodInvocation.invokeNext(MethodInvocation.java:101)
	at org.jboss.aspects.security.SecurityClientInterceptor.invoke(SecurityClientInterceptor.java:53)
	at org.jboss.aop.joinpoint.MethodInvocation.invokeNext(MethodInvocation.java:101)
	at org.jboss.ejb3.remoting.IsLocalInterceptor.invoke(IsLocalInterceptor.java:74)
	at org.jboss.aop.joinpoint.MethodInvocation.invokeNext(MethodInvocation.java:101)
	at org.jboss.ejb3.stateless.StatelessRemoteProxy.invoke(StatelessRemoteProxy.java:107)
	at $Proxy7.updateTrackContest(Unknown Source)
	at com.topcoder.service.digitalrun.contest.failuretests.DigitalRunContestManagerBeanFailureTest.testUpdateTrackContestWithEntityNotFoundException(DigitalRunContestManagerBeanFailureTest.java:126)
Caused by: org.hibernate.exception.GenericJDBCException: Cannot open connection
	at org.hibernate.exception.SQLStateConverter.handledNonSpecificException(SQLStateConverter.java:103)
	at org.hibernate.exception.SQLStateConverter.convert(SQLStateConverter.java:91)
	at org.hibernate.exception.JDBCExceptionHelper.convert(JDBCExceptionHelper.java:43)
	at org.hibernate.exception.JDBCExceptionHelper.convert(JDBCExceptionHelper.java:29)
	at org.hibernate.jdbc.ConnectionManager.openConnection(ConnectionManager.java:426)
	at org.hibernate.jdbc.ConnectionManager.getConnection(ConnectionManager.java:144)
	at org.hibernate.jdbc.AbstractBatcher.prepareQueryStatement(AbstractBatcher.java:139)
	at org.hibernate.loader.Loader.prepareQueryStatement(Loader.java:1547)
	at org.hibernate.loader.Loader.doQuery(Loader.java:673)
	at org.hibernate.loader.Loader.doQueryAndInitializeNonLazyCollections(Loader.java:236)
	at org.hibernate.loader.Loader.loadEntity(Loader.java:1860)
	at org.hibernate.loader.entity.AbstractEntityLoader.load(AbstractEntityLoader.java:48)
	at org.hibernate.loader.entity.AbstractEntityLoader.load(AbstractEntityLoader.java:42)
	at org.hibernate.persister.entity.AbstractEntityPersister.load(AbstractEntityPersister.java:3044)
	at org.hibernate.event.def.DefaultLoadEventListener.loadFromDatasource(DefaultLoadEventListener.java:395)
	at org.hibernate.event.def.DefaultLoadEventListener.doLoad(DefaultLoadEventListener.java:375)
	at org.hibernate.event.def.DefaultLoadEventListener.load(DefaultLoadEventListener.java:139)
	at org.hibernate.event.def.DefaultLoadEventListener.proxyOrLoad(DefaultLoadEventListener.java:195)
	at org.hibernate.event.def.DefaultLoadEventListener.onLoad(DefaultLoadEventListener.java:103)
	at org.hibernate.impl.SessionImpl.fireLoad(SessionImpl.java:878)
	at org.hibernate.impl.SessionImpl.get(SessionImpl.java:815)
	at org.hibernate.impl.SessionImpl.get(SessionImpl.java:808)
	at org.hibernate.ejb.AbstractEntityManagerImpl.find(AbstractEntityManagerImpl.java:174)
	at org.jboss.ejb3.entity.TransactionScopedEntityManager.find(TransactionScopedEntityManager.java:171)
	at com.topcoder.service.digitalrun.contest.audit.interceptors.AuditUpdateContestInterceptor.audit(AuditUpdateContestInterceptor.java:57)
	at org.jboss.ejb3.interceptor.InvocationContextImpl.proceed(InvocationContextImpl.java:118)
	at org.jboss.ejb3.interceptor.EJB3InterceptorsInterceptor.invoke(EJB3InterceptorsInterceptor.java:63)
	at org.jboss.aop.joinpoint.MethodInvocation.invokeNext(MethodInvocation.java:101)
	at org.jboss.ejb3.entity.TransactionScopedEntityManagerInterceptor.invoke(TransactionScopedEntityManagerInterceptor.java:54)
	at org.jboss.aop.joinpoint.MethodInvocation.invokeNext(MethodInvocation.java:101)
	at org.jboss.ejb3.AllowedOperationsInterceptor.invoke(AllowedOperationsInterceptor.java:47)
	at org.jboss.aop.joinpoint.MethodInvocation.invokeNext(MethodInvocation.java:101)
	at org.jboss.aspects.tx.TxPolicy.invokeInOurTx(TxPolicy.java:79)
	at org.jboss.aspects.tx.TxInterceptor$Required.invoke(TxInterceptor.java:191)
	at org.jboss.aop.joinpoint.MethodInvocation.invokeNext(MethodInvocation.java:101)
	at org.jboss.aspects.tx.TxPropagationInterceptor.invoke(TxPropagationInterceptor.java:95)
	at org.jboss.aop.joinpoint.MethodInvocation.invokeNext(MethodInvocation.java:101)
	at org.jboss.ejb3.stateless.StatelessInstanceInterceptor.invoke(StatelessInstanceInterceptor.java:62)
	at org.jboss.aop.joinpoint.MethodInvocation.invokeNext(MethodInvocation.java:101)
	at org.jboss.aspects.security.AuthenticationInterceptor.invoke(AuthenticationInterceptor.java:77)
	at org.jboss.ejb3.security.Ejb3AuthenticationInterceptor.invoke(Ejb3AuthenticationInterceptor.java:110)
	at org.jboss.aop.joinpoint.MethodInvocation.invokeNext(MethodInvocation.java:101)
	at org.jboss.ejb3.ENCPropagationInterceptor.invoke(ENCPropagationInterceptor.java:46)
	at org.jboss.aop.joinpoint.MethodInvocation.invokeNext(MethodInvocation.java:101)
	at org.jboss.ejb3.asynchronous.AsynchronousInterceptor.invoke(AsynchronousInterceptor.java:106)
	at org.jboss.aop.joinpoint.MethodInvocation.invokeNext(MethodInvocation.java:101)
	at org.jboss.ejb3.stateless.StatelessContainer.dynamicInvoke(StatelessContainer.java:304)
	at org.jboss.aop.Dispatcher.invoke(Dispatcher.java:106)
	at org.jboss.aspects.remoting.AOPRemotingInvocationHandler.invoke(AOPRemotingInvocationHandler.java:82)
	at org.jboss.remoting.ServerInvoker.invoke(ServerInvoker.java:769)
	at org.jboss.remoting.transport.socket.ServerThread.processInvocation(ServerThread.java:573)
	at org.jboss.remoting.transport.socket.ServerThread.dorun(ServerThread.java:373)
	at org.jboss.remoting.transport.socket.ServerThread.run(ServerThread.java:166)
Caused by: org.jboss.util.NestedSQLException: Could not create connection; - nested throwable: (java.sql.SQLException: com.informix.asf.IfxASFException: Attempt to connect to database server (topcoder) failed.); - nested throwable: (org.jboss.resource.JBossResourceException: Could not create connection; - nested throwable: (java.sql.SQLException: com.informix.asf.IfxASFException: Attempt to connect to database server (topcoder) failed.))
	at org.jboss.resource.adapter.jdbc.WrapperDataSource.getConnection(WrapperDataSource.java:94)
	at org.hibernate.ejb.connection.InjectedDataSourceConnectionProvider.getConnection(InjectedDataSourceConnectionProvider.java:47)
	at org.hibernate.jdbc.ConnectionManager.openConnection(ConnectionManager.java:423)
Caused by: org.jboss.resource.JBossResourceException: Could not create connection; - nested throwable: (java.sql.SQLException: com.informix.asf.IfxASFException: Attempt to connect to database server (topcoder) failed.)
	at org.jboss.resource.adapter.jdbc.local.LocalManagedConnectionFactory.createManagedConnection(LocalManagedConnectionFactory.java:179)
	at org.jboss.resource.connectionmanager.InternalManagedConnectionPool.createConnectionEventListener(InternalManagedConnectionPool.java:577)
	at org.jboss.resource.connectionmanager.InternalManagedConnectionPool.getConnection(InternalManagedConnectionPool.java:262)
	at org.jboss.resource.connectionmanager.JBossManagedConnectionPool$BasePool.getConnection(JBossManagedConnectionPool.java:538)
	at org.jboss.resource.connectionmanager.BaseConnectionManager2.getManagedConnection(BaseConnectionManager2.java:341)
	at org.jboss.resource.connectionmanager.TxConnectionManager.getManagedConnection(TxConnectionManager.java:315)
	at org.jboss.resource.connectionmanager.BaseConnectionManager2.allocateConnection(BaseConnectionManager2.java:396)
	at org.jboss.resource.connectionmanager.BaseConnectionManager2$ConnectionManagerProxy.allocateConnection(BaseConnectionManager2.java:842)
	at org.jboss.resource.adapter.jdbc.WrapperDataSource.getConnection(WrapperDataSource.java:88)
Caused by: java.sql.SQLException: com.informix.asf.IfxASFException: Attempt to connect to database server (topcoder) failed.
	at com.informix.jdbc.IfxSqliConnect.&lt;init&gt;(IfxSqliConnect.java:1026)
	at java.lang.reflect.Constructor.newInstance(Constructor.java:494)
	at com.informix.jdbc.IfxDriver.connect(IfxDriver.java:254)
	at org.jboss.resource.adapter.jdbc.local.LocalManagedConnectionFactory.createManagedConnection(LocalManagedConnectionFactory.java:171)
</error>
  </testcase>
  <testcase classname="com.topcoder.service.digitalrun.contest.failuretests.DigitalRunContestManagerBeanFailureTest" name="testUpdateTrackContestWithPersistenceException" time="0.015">
    <error message="org.hibernate.exception.JDBCConnectionException: Cannot open connection" type="javax.persistence.PersistenceException">javax.persistence.PersistenceException: org.hibernate.exception.JDBCConnectionException: Cannot open connection
	at org.hibernate.ejb.AbstractEntityManagerImpl.throwPersistenceException(AbstractEntityManagerImpl.java:629)
	at org.hibernate.ejb.TransactionImpl.begin(TransactionImpl.java:41)
	at com.topcoder.service.digitalrun.contest.failuretests.BaseTestCase.persist(BaseTestCase.java:194)
	at com.topcoder.service.digitalrun.contest.failuretests.DigitalRunContestManagerBeanFailureTest.testUpdateTrackContestWithPersistenceException(DigitalRunContestManagerBeanFailureTest.java:149)
Caused by: org.hibernate.exception.JDBCConnectionException: Cannot open connection
	at org.hibernate.exception.SQLStateConverter.convert(SQLStateConverter.java:74)
	at org.hibernate.exception.JDBCExceptionHelper.convert(JDBCExceptionHelper.java:43)
	at org.hibernate.exception.JDBCExceptionHelper.convert(JDBCExceptionHelper.java:29)
	at org.hibernate.jdbc.ConnectionManager.openConnection(ConnectionManager.java:426)
	at org.hibernate.jdbc.ConnectionManager.getConnection(ConnectionManager.java:144)
	at org.hibernate.jdbc.JDBCContext.connection(JDBCContext.java:119)
	at org.hibernate.transaction.JDBCTransaction.begin(JDBCTransaction.java:57)
	at org.hibernate.impl.SessionImpl.beginTransaction(SessionImpl.java:1326)
	at org.hibernate.ejb.TransactionImpl.begin(TransactionImpl.java:38)
Caused by: java.sql.SQLException: com.informix.asf.IfxASFException: Attempt to connect to database server (topcoder) failed.
	at com.informix.jdbc.IfxSqliConnect.&lt;init&gt;(IfxSqliConnect.java:1026)
	at java.lang.reflect.Constructor.newInstance(Constructor.java:494)
	at com.informix.jdbc.IfxDriver.connect(IfxDriver.java:254)
	at java.sql.DriverManager.getConnection(DriverManager.java:525)
	at java.sql.DriverManager.getConnection(DriverManager.java:140)
	at org.hibernate.connection.DriverManagerConnectionProvider.getConnection(DriverManagerConnectionProvider.java:110)
	at org.hibernate.jdbc.ConnectionManager.openConnection(ConnectionManager.java:423)
</error>
  </testcase>
  <testcase classname="com.topcoder.service.digitalrun.contest.failuretests.DigitalRunContestManagerBeanFailureTest" name="testUpdateTrackContestWithIllegalArgumentException" time="0.016" />
  <testcase classname="com.topcoder.service.digitalrun.contest.failuretests.DigitalRunContestManagerBeanFailureTest" name="testSearchTrackContestsWithIllegalArgumentException" time="0.156" />
  <testcase classname="com.topcoder.service.digitalrun.contest.failuretests.DigitalRunContestManagerBeanFailureTest" name="testRemoveTrackContestWithEntityNotFoundException" time="0.157">
    <error message="Persistence error occurs while removing track contest." type="com.topcoder.service.digitalrun.contest.DigitalRunContestManagerException">com.topcoder.service.digitalrun.contest.DigitalRunContestManagerException: Persistence error occurs while removing track contest.
	at com.topcoder.service.digitalrun.contest.DigitalRunContestManagerBean.removeTrackContest(DigitalRunContestManagerBean.java:613)
	at org.jboss.aop.joinpoint.MethodInvocation.invokeNext(MethodInvocation.java:112)
	at org.jboss.ejb3.interceptor.InvocationContextImpl.proceed(InvocationContextImpl.java:166)
	at com.topcoder.service.digitalrun.contest.audit.interceptors.AuditRemoveContestInterceptor.audit(AuditRemoveContestInterceptor.java:50)
	at org.jboss.ejb3.interceptor.InvocationContextImpl.proceed(InvocationContextImpl.java:118)
	at org.jboss.ejb3.interceptor.EJB3InterceptorsInterceptor.invoke(EJB3InterceptorsInterceptor.java:63)
	at org.jboss.aop.joinpoint.MethodInvocation.invokeNext(MethodInvocation.java:101)
	at org.jboss.ejb3.entity.TransactionScopedEntityManagerInterceptor.invoke(TransactionScopedEntityManagerInterceptor.java:54)
	at org.jboss.aop.joinpoint.MethodInvocation.invokeNext(MethodInvocation.java:101)
	at org.jboss.ejb3.AllowedOperationsInterceptor.invoke(AllowedOperationsInterceptor.java:47)
	at org.jboss.aop.joinpoint.MethodInvocation.invokeNext(MethodInvocation.java:101)
	at org.jboss.aspects.tx.TxPolicy.invokeInOurTx(TxPolicy.java:79)
	at org.jboss.aspects.tx.TxInterceptor$Required.invoke(TxInterceptor.java:191)
	at org.jboss.aop.joinpoint.MethodInvocation.invokeNext(MethodInvocation.java:101)
	at org.jboss.aspects.tx.TxPropagationInterceptor.invoke(TxPropagationInterceptor.java:95)
	at org.jboss.aop.joinpoint.MethodInvocation.invokeNext(MethodInvocation.java:101)
	at org.jboss.ejb3.stateless.StatelessInstanceInterceptor.invoke(StatelessInstanceInterceptor.java:62)
	at org.jboss.aop.joinpoint.MethodInvocation.invokeNext(MethodInvocation.java:101)
	at org.jboss.aspects.security.AuthenticationInterceptor.invoke(AuthenticationInterceptor.java:77)
	at org.jboss.ejb3.security.Ejb3AuthenticationInterceptor.invoke(Ejb3AuthenticationInterceptor.java:110)
	at org.jboss.aop.joinpoint.MethodInvocation.invokeNext(MethodInvocation.java:101)
	at org.jboss.ejb3.ENCPropagationInterceptor.invoke(ENCPropagationInterceptor.java:46)
	at org.jboss.aop.joinpoint.MethodInvocation.invokeNext(MethodInvocation.java:101)
	at org.jboss.ejb3.asynchronous.AsynchronousInterceptor.invoke(AsynchronousInterceptor.java:106)
	at org.jboss.aop.joinpoint.MethodInvocation.invokeNext(MethodInvocation.java:101)
	at org.jboss.ejb3.stateless.StatelessContainer.dynamicInvoke(StatelessContainer.java:304)
	at org.jboss.aop.Dispatcher.invoke(Dispatcher.java:106)
	at org.jboss.aspects.remoting.AOPRemotingInvocationHandler.invoke(AOPRemotingInvocationHandler.java:82)
	at org.jboss.remoting.ServerInvoker.invoke(ServerInvoker.java:769)
	at org.jboss.remoting.transport.socket.ServerThread.processInvocation(ServerThread.java:573)
	at org.jboss.remoting.transport.socket.ServerThread.dorun(ServerThread.java:373)
	at org.jboss.remoting.transport.socket.ServerThread.run(ServerThread.java:166)
Caused by: com.topcoder.service.digitalrun.contest.PersistenceException: org.hibernate.exception.GenericJDBCException: Cannot open connection
	at com.topcoder.service.digitalrun.contest.persistence.BaseHibernateDAO.findEntity(BaseHibernateDAO.java:358)
	at com.topcoder.service.digitalrun.contest.persistence.BaseHibernateDAO.errorIfEntityNotExists(BaseHibernateDAO.java:318)
	at com.topcoder.service.digitalrun.contest.persistence.HibernateContestTrackDAO.removeTrackContest(HibernateContestTrackDAO.java:209)
	at com.topcoder.service.digitalrun.contest.DigitalRunContestManagerBean.removeTrackContest(DigitalRunContestManagerBean.java:611)
	at org.jboss.aop.joinpoint.MethodInvocation.invokeNext(MethodInvocation.java:112)
	at org.jboss.ejb3.interceptor.InvocationContextImpl.proceed(InvocationContextImpl.java:166)
	at com.topcoder.service.digitalrun.contest.audit.interceptors.AuditRemoveContestInterceptor.audit(AuditRemoveContestInterceptor.java:50)
	at org.jboss.ejb3.interceptor.InvocationContextImpl.proceed(InvocationContextImpl.java:118)
	at org.jboss.ejb3.interceptor.EJB3InterceptorsInterceptor.invoke(EJB3InterceptorsInterceptor.java:63)
	at org.jboss.aop.joinpoint.MethodInvocation.invokeNext(MethodInvocation.java:101)
	at org.jboss.ejb3.entity.TransactionScopedEntityManagerInterceptor.invoke(TransactionScopedEntityManagerInterceptor.java:54)
	at org.jboss.aop.joinpoint.MethodInvocation.invokeNext(MethodInvocation.java:101)
	at org.jboss.ejb3.AllowedOperationsInterceptor.invoke(AllowedOperationsInterceptor.java:47)
	at org.jboss.aop.joinpoint.MethodInvocation.invokeNext(MethodInvocation.java:101)
	at org.jboss.aspects.tx.TxPolicy.invokeInOurTx(TxPolicy.java:79)
	at org.jboss.aspects.tx.TxInterceptor$Required.invoke(TxInterceptor.java:191)
	at org.jboss.aop.joinpoint.MethodInvocation.invokeNext(MethodInvocation.java:101)
	at org.jboss.aspects.tx.TxPropagationInterceptor.invoke(TxPropagationInterceptor.java:95)
	at org.jboss.aop.joinpoint.MethodInvocation.invokeNext(MethodInvocation.java:101)
	at org.jboss.ejb3.stateless.StatelessInstanceInterceptor.invoke(StatelessInstanceInterceptor.java:62)
	at org.jboss.aop.joinpoint.MethodInvocation.invokeNext(MethodInvocation.java:101)
	at org.jboss.aspects.security.AuthenticationInterceptor.invoke(AuthenticationInterceptor.java:77)
	at org.jboss.ejb3.security.Ejb3AuthenticationInterceptor.invoke(Ejb3AuthenticationInterceptor.java:110)
	at org.jboss.aop.joinpoint.MethodInvocation.invokeNext(MethodInvocation.java:101)
	at org.jboss.ejb3.ENCPropagationInterceptor.invoke(ENCPropagationInterceptor.java:46)
	at org.jboss.aop.joinpoint.MethodInvocation.invokeNext(MethodInvocation.java:101)
	at org.jboss.ejb3.asynchronous.AsynchronousInterceptor.invoke(AsynchronousInterceptor.java:106)
	at org.jboss.aop.joinpoint.MethodInvocation.invokeNext(MethodInvocation.java:101)
	at org.jboss.ejb3.stateless.StatelessContainer.dynamicInvoke(StatelessContainer.java:304)
	at org.jboss.aop.Dispatcher.invoke(Dispatcher.java:106)
	at org.jboss.aspects.remoting.AOPRemotingInvocationHandler.invoke(AOPRemotingInvocationHandler.java:82)
	at org.jboss.remoting.ServerInvoker.invoke(ServerInvoker.java:769)
	at org.jboss.remoting.transport.socket.ServerThread.processInvocation(ServerThread.java:573)
	at org.jboss.remoting.transport.socket.ServerThread.dorun(ServerThread.java:373)
	at org.jboss.remoting.transport.socket.ServerThread.run(ServerThread.java:166)
	at org.jboss.remoting.MicroRemoteClientInvoker.invoke(MicroRemoteClientInvoker.java:163)
	at org.jboss.remoting.Client.invoke(Client.java:1634)
	at org.jboss.remoting.Client.invoke(Client.java:548)
	at org.jboss.aspects.remoting.InvokeRemoteInterceptor.invoke(InvokeRemoteInterceptor.java:62)
	at org.jboss.aop.joinpoint.MethodInvocation.invokeNext(MethodInvocation.java:101)
	at org.jboss.aspects.tx.ClientTxPropagationInterceptor.invoke(ClientTxPropagationInterceptor.java:67)
	at org.jboss.aop.joinpoint.MethodInvocation.invokeNext(MethodInvocation.java:101)
	at org.jboss.aspects.security.SecurityClientInterceptor.invoke(SecurityClientInterceptor.java:53)
	at org.jboss.aop.joinpoint.MethodInvocation.invokeNext(MethodInvocation.java:101)
	at org.jboss.ejb3.remoting.IsLocalInterceptor.invoke(IsLocalInterceptor.java:74)
	at org.jboss.aop.joinpoint.MethodInvocation.invokeNext(MethodInvocation.java:101)
	at org.jboss.ejb3.stateless.StatelessRemoteProxy.invoke(StatelessRemoteProxy.java:107)
	at $Proxy7.removeTrackContest(Unknown Source)
	at com.topcoder.service.digitalrun.contest.failuretests.DigitalRunContestManagerBeanFailureTest.testRemoveTrackContestWithEntityNotFoundException(DigitalRunContestManagerBeanFailureTest.java:231)
	at org.jboss.aspects.remoting.InvokeRemoteInterceptor.invoke(InvokeRemoteInterceptor.java:74)
	at org.jboss.aop.joinpoint.MethodInvocation.invokeNext(MethodInvocation.java:101)
	at org.jboss.aspects.tx.ClientTxPropagationInterceptor.invoke(ClientTxPropagationInterceptor.java:67)
	at org.jboss.aop.joinpoint.MethodInvocation.invokeNext(MethodInvocation.java:101)
	at org.jboss.aspects.security.SecurityClientInterceptor.invoke(SecurityClientInterceptor.java:53)
	at org.jboss.aop.joinpoint.MethodInvocation.invokeNext(MethodInvocation.java:101)
	at org.jboss.ejb3.remoting.IsLocalInterceptor.invoke(IsLocalInterceptor.java:74)
	at org.jboss.aop.joinpoint.MethodInvocation.invokeNext(MethodInvocation.java:101)
	at org.jboss.ejb3.stateless.StatelessRemoteProxy.invoke(StatelessRemoteProxy.java:107)
	at $Proxy7.removeTrackContest(Unknown Source)
	at com.topcoder.service.digitalrun.contest.failuretests.DigitalRunContestManagerBeanFailureTest.testRemoveTrackContestWithEntityNotFoundException(DigitalRunContestManagerBeanFailureTest.java:231)
Caused by: javax.persistence.PersistenceException: org.hibernate.exception.GenericJDBCException: Cannot open connection
	at org.hibernate.ejb.AbstractEntityManagerImpl.throwPersistenceException(AbstractEntityManagerImpl.java:629)
	at org.hibernate.ejb.AbstractEntityManagerImpl.find(AbstractEntityManagerImpl.java:194)
	at org.jboss.ejb3.entity.TransactionScopedEntityManager.find(TransactionScopedEntityManager.java:171)
	at com.topcoder.service.digitalrun.contest.persistence.BaseHibernateDAO.findEntity(BaseHibernateDAO.java:355)
	at com.topcoder.service.digitalrun.contest.persistence.BaseHibernateDAO.errorIfEntityNotExists(BaseHibernateDAO.java:318)
	at com.topcoder.service.digitalrun.contest.persistence.HibernateContestTrackDAO.removeTrackContest(HibernateContestTrackDAO.java:209)
	at com.topcoder.service.digitalrun.contest.DigitalRunContestManagerBean.removeTrackContest(DigitalRunContestManagerBean.java:611)
	at org.jboss.aop.joinpoint.MethodInvocation.invokeNext(MethodInvocation.java:112)
	at org.jboss.ejb3.interceptor.InvocationContextImpl.proceed(InvocationContextImpl.java:166)
	at com.topcoder.service.digitalrun.contest.audit.interceptors.AuditRemoveContestInterceptor.audit(AuditRemoveContestInterceptor.java:50)
	at org.jboss.ejb3.interceptor.InvocationContextImpl.proceed(InvocationContextImpl.java:118)
	at org.jboss.ejb3.interceptor.EJB3InterceptorsInterceptor.invoke(EJB3InterceptorsInterceptor.java:63)
	at org.jboss.aop.joinpoint.MethodInvocation.invokeNext(MethodInvocation.java:101)
	at org.jboss.ejb3.entity.TransactionScopedEntityManagerInterceptor.invoke(TransactionScopedEntityManagerInterceptor.java:54)
	at org.jboss.aop.joinpoint.MethodInvocation.invokeNext(MethodInvocation.java:101)
	at org.jboss.ejb3.AllowedOperationsInterceptor.invoke(AllowedOperationsInterceptor.java:47)
	at org.jboss.aop.joinpoint.MethodInvocation.invokeNext(MethodInvocation.java:101)
	at org.jboss.aspects.tx.TxPolicy.invokeInOurTx(TxPolicy.java:79)
	at org.jboss.aspects.tx.TxInterceptor$Required.invoke(TxInterceptor.java:191)
	at org.jboss.aop.joinpoint.MethodInvocation.invokeNext(MethodInvocation.java:101)
	at org.jboss.aspects.tx.TxPropagationInterceptor.invoke(TxPropagationInterceptor.java:95)
	at org.jboss.aop.joinpoint.MethodInvocation.invokeNext(MethodInvocation.java:101)
	at org.jboss.ejb3.stateless.StatelessInstanceInterceptor.invoke(StatelessInstanceInterceptor.java:62)
	at org.jboss.aop.joinpoint.MethodInvocation.invokeNext(MethodInvocation.java:101)
	at org.jboss.aspects.security.AuthenticationInterceptor.invoke(AuthenticationInterceptor.java:77)
	at org.jboss.ejb3.security.Ejb3AuthenticationInterceptor.invoke(Ejb3AuthenticationInterceptor.java:110)
	at org.jboss.aop.joinpoint.MethodInvocation.invokeNext(MethodInvocation.java:101)
	at org.jboss.ejb3.ENCPropagationInterceptor.invoke(ENCPropagationInterceptor.java:46)
	at org.jboss.aop.joinpoint.MethodInvocation.invokeNext(MethodInvocation.java:101)
	at org.jboss.ejb3.asynchronous.AsynchronousInterceptor.invoke(AsynchronousInterceptor.java:106)
	at org.jboss.aop.joinpoint.MethodInvocation.invokeNext(MethodInvocation.java:101)
	at org.jboss.ejb3.stateless.StatelessContainer.dynamicInvoke(StatelessContainer.java:304)
	at org.jboss.aop.Dispatcher.invoke(Dispatcher.java:106)
	at org.jboss.aspects.remoting.AOPRemotingInvocationHandler.invoke(AOPRemotingInvocationHandler.java:82)
	at org.jboss.remoting.ServerInvoker.invoke(ServerInvoker.java:769)
	at org.jboss.remoting.transport.socket.ServerThread.processInvocation(ServerThread.java:573)
	at org.jboss.remoting.transport.socket.ServerThread.dorun(ServerThread.java:373)
	at org.jboss.remoting.transport.socket.ServerThread.run(ServerThread.java:166)
Caused by: org.hibernate.exception.GenericJDBCException: Cannot open connection
	at org.hibernate.exception.SQLStateConverter.handledNonSpecificException(SQLStateConverter.java:103)
	at org.hibernate.exception.SQLStateConverter.convert(SQLStateConverter.java:91)
	at org.hibernate.exception.JDBCExceptionHelper.convert(JDBCExceptionHelper.java:43)
	at org.hibernate.exception.JDBCExceptionHelper.convert(JDBCExceptionHelper.java:29)
	at org.hibernate.jdbc.ConnectionManager.openConnection(ConnectionManager.java:426)
	at org.hibernate.jdbc.ConnectionManager.getConnection(ConnectionManager.java:144)
	at org.hibernate.jdbc.AbstractBatcher.prepareQueryStatement(AbstractBatcher.java:139)
	at org.hibernate.loader.Loader.prepareQueryStatement(Loader.java:1547)
	at org.hibernate.loader.Loader.doQuery(Loader.java:673)
	at org.hibernate.loader.Loader.doQueryAndInitializeNonLazyCollections(Loader.java:236)
	at org.hibernate.loader.Loader.loadEntity(Loader.java:1860)
	at org.hibernate.loader.entity.AbstractEntityLoader.load(AbstractEntityLoader.java:48)
	at org.hibernate.loader.entity.AbstractEntityLoader.load(AbstractEntityLoader.java:42)
	at org.hibernate.persister.entity.AbstractEntityPersister.load(AbstractEntityPersister.java:3044)
	at org.hibernate.event.def.DefaultLoadEventListener.loadFromDatasource(DefaultLoadEventListener.java:395)
	at org.hibernate.event.def.DefaultLoadEventListener.doLoad(DefaultLoadEventListener.java:375)
	at org.hibernate.event.def.DefaultLoadEventListener.load(DefaultLoadEventListener.java:139)
	at org.hibernate.event.def.DefaultLoadEventListener.proxyOrLoad(DefaultLoadEventListener.java:195)
	at org.hibernate.event.def.DefaultLoadEventListener.onLoad(DefaultLoadEventListener.java:103)
	at org.hibernate.impl.SessionImpl.fireLoad(SessionImpl.java:878)
	at org.hibernate.impl.SessionImpl.get(SessionImpl.java:815)
	at org.hibernate.impl.SessionImpl.get(SessionImpl.java:808)
	at org.hibernate.ejb.AbstractEntityManagerImpl.find(AbstractEntityManagerImpl.java:174)
Caused by: org.jboss.util.NestedSQLException: Could not create connection; - nested throwable: (java.sql.SQLException: com.informix.asf.IfxASFException: Attempt to connect to database server (topcoder) failed.); - nested throwable: (org.jboss.resource.JBossResourceException: Could not create connection; - nested throwable: (java.sql.SQLException: com.informix.asf.IfxASFException: Attempt to connect to database server (topcoder) failed.))
	at org.jboss.resource.adapter.jdbc.WrapperDataSource.getConnection(WrapperDataSource.java:94)
	at org.hibernate.ejb.connection.InjectedDataSourceConnectionProvider.getConnection(InjectedDataSourceConnectionProvider.java:47)
	at org.hibernate.jdbc.ConnectionManager.openConnection(ConnectionManager.java:423)
Caused by: org.jboss.resource.JBossResourceException: Could not create connection; - nested throwable: (java.sql.SQLException: com.informix.asf.IfxASFException: Attempt to connect to database server (topcoder) failed.)
	at org.jboss.resource.adapter.jdbc.local.LocalManagedConnectionFactory.createManagedConnection(LocalManagedConnectionFactory.java:179)
	at org.jboss.resource.connectionmanager.InternalManagedConnectionPool.createConnectionEventListener(InternalManagedConnectionPool.java:577)
	at org.jboss.resource.connectionmanager.InternalManagedConnectionPool.getConnection(InternalManagedConnectionPool.java:262)
	at org.jboss.resource.connectionmanager.JBossManagedConnectionPool$BasePool.getConnection(JBossManagedConnectionPool.java:538)
	at org.jboss.resource.connectionmanager.BaseConnectionManager2.getManagedConnection(BaseConnectionManager2.java:341)
	at org.jboss.resource.connectionmanager.TxConnectionManager.getManagedConnection(TxConnectionManager.java:315)
	at org.jboss.resource.connectionmanager.BaseConnectionManager2.allocateConnection(BaseConnectionManager2.java:396)
	at org.jboss.resource.connectionmanager.BaseConnectionManager2$ConnectionManagerProxy.allocateConnection(BaseConnectionManager2.java:842)
	at org.jboss.resource.adapter.jdbc.WrapperDataSource.getConnection(WrapperDataSource.java:88)
Caused by: java.sql.SQLException: com.informix.asf.IfxASFException: Attempt to connect to database server (topcoder) failed.
	at com.informix.jdbc.IfxSqliConnect.&lt;init&gt;(IfxSqliConnect.java:1026)
	at java.lang.reflect.Constructor.newInstance(Constructor.java:494)
	at com.informix.jdbc.IfxDriver.connect(IfxDriver.java:254)
	at org.jboss.resource.adapter.jdbc.local.LocalManagedConnectionFactory.createManagedConnection(LocalManagedConnectionFactory.java:171)
</error>
  </testcase>
  <testcase classname="com.topcoder.service.digitalrun.contest.failuretests.DigitalRunContestManagerBeanFailureTest" name="testCreateTrackContestTypeWithIllegalArgumentException" time="0.156" />
  <testcase classname="com.topcoder.service.digitalrun.contest.failuretests.DigitalRunContestManagerBeanFailureTest" name="testCreateTrackContestTypeWithEntityExistsException" time="0.156">
    <error message="Persistence error occurs while creating track contest type." type="com.topcoder.service.digitalrun.contest.DigitalRunContestManagerException">com.topcoder.service.digitalrun.contest.DigitalRunContestManagerException: Persistence error occurs while creating track contest type.
	at com.topcoder.service.digitalrun.contest.DigitalRunContestManagerBean.createTrackContestType(DigitalRunContestManagerBean.java:710)
	at org.jboss.aop.joinpoint.MethodInvocation.invokeNext(MethodInvocation.java:112)
	at org.jboss.ejb3.interceptor.InvocationContextImpl.proceed(InvocationContextImpl.java:166)
	at org.jboss.ejb3.interceptor.EJB3InterceptorsInterceptor.invoke(EJB3InterceptorsInterceptor.java:63)
	at org.jboss.aop.joinpoint.MethodInvocation.invokeNext(MethodInvocation.java:101)
	at org.jboss.ejb3.entity.TransactionScopedEntityManagerInterceptor.invoke(TransactionScopedEntityManagerInterceptor.java:54)
	at org.jboss.aop.joinpoint.MethodInvocation.invokeNext(MethodInvocation.java:101)
	at org.jboss.ejb3.AllowedOperationsInterceptor.invoke(AllowedOperationsInterceptor.java:47)
	at org.jboss.aop.joinpoint.MethodInvocation.invokeNext(MethodInvocation.java:101)
	at org.jboss.aspects.tx.TxPolicy.invokeInOurTx(TxPolicy.java:79)
	at org.jboss.aspects.tx.TxInterceptor$Required.invoke(TxInterceptor.java:191)
	at org.jboss.aop.joinpoint.MethodInvocation.invokeNext(MethodInvocation.java:101)
	at org.jboss.aspects.tx.TxPropagationInterceptor.invoke(TxPropagationInterceptor.java:95)
	at org.jboss.aop.joinpoint.MethodInvocation.invokeNext(MethodInvocation.java:101)
	at org.jboss.ejb3.stateless.StatelessInstanceInterceptor.invoke(StatelessInstanceInterceptor.java:62)
	at org.jboss.aop.joinpoint.MethodInvocation.invokeNext(MethodInvocation.java:101)
	at org.jboss.aspects.security.AuthenticationInterceptor.invoke(AuthenticationInterceptor.java:77)
	at org.jboss.ejb3.security.Ejb3AuthenticationInterceptor.invoke(Ejb3AuthenticationInterceptor.java:110)
	at org.jboss.aop.joinpoint.MethodInvocation.invokeNext(MethodInvocation.java:101)
	at org.jboss.ejb3.ENCPropagationInterceptor.invoke(ENCPropagationInterceptor.java:46)
	at org.jboss.aop.joinpoint.MethodInvocation.invokeNext(MethodInvocation.java:101)
	at org.jboss.ejb3.asynchronous.AsynchronousInterceptor.invoke(AsynchronousInterceptor.java:106)
	at org.jboss.aop.joinpoint.MethodInvocation.invokeNext(MethodInvocation.java:101)
	at org.jboss.ejb3.stateless.StatelessContainer.dynamicInvoke(StatelessContainer.java:304)
	at org.jboss.aop.Dispatcher.invoke(Dispatcher.java:106)
	at org.jboss.aspects.remoting.AOPRemotingInvocationHandler.invoke(AOPRemotingInvocationHandler.java:82)
	at org.jboss.remoting.ServerInvoker.invoke(ServerInvoker.java:769)
	at org.jboss.remoting.transport.socket.ServerThread.processInvocation(ServerThread.java:573)
	at org.jboss.remoting.transport.socket.ServerThread.dorun(ServerThread.java:373)
	at org.jboss.remoting.transport.socket.ServerThread.run(ServerThread.java:166)
Caused by: com.topcoder.service.digitalrun.contest.PersistenceException: org.hibernate.exception.GenericJDBCException: Cannot open connection
	at com.topcoder.service.digitalrun.contest.persistence.BaseHibernateDAO.findEntity(BaseHibernateDAO.java:358)
	at com.topcoder.service.digitalrun.contest.persistence.BaseHibernateDAO.errorIfEntityExists(BaseHibernateDAO.java:250)
	at com.topcoder.service.digitalrun.contest.persistence.HibernateTrackContestTypeDAO.createTrackContestType(HibernateTrackContestTypeDAO.java:96)
	at com.topcoder.service.digitalrun.contest.DigitalRunContestManagerBean.createTrackContestType(DigitalRunContestManagerBean.java:708)
	at org.jboss.aop.joinpoint.MethodInvocation.invokeNext(MethodInvocation.java:112)
	at org.jboss.ejb3.interceptor.InvocationContextImpl.proceed(InvocationContextImpl.java:166)
	at org.jboss.ejb3.interceptor.EJB3InterceptorsInterceptor.invoke(EJB3InterceptorsInterceptor.java:63)
	at org.jboss.aop.joinpoint.MethodInvocation.invokeNext(MethodInvocation.java:101)
	at org.jboss.ejb3.entity.TransactionScopedEntityManagerInterceptor.invoke(TransactionScopedEntityManagerInterceptor.java:54)
	at org.jboss.aop.joinpoint.MethodInvocation.invokeNext(MethodInvocation.java:101)
	at org.jboss.ejb3.AllowedOperationsInterceptor.invoke(AllowedOperationsInterceptor.java:47)
	at org.jboss.aop.joinpoint.MethodInvocation.invokeNext(MethodInvocation.java:101)
	at org.jboss.aspects.tx.TxPolicy.invokeInOurTx(TxPolicy.java:79)
	at org.jboss.aspects.tx.TxInterceptor$Required.invoke(TxInterceptor.java:191)
	at org.jboss.aop.joinpoint.MethodInvocation.invokeNext(MethodInvocation.java:101)
	at org.jboss.aspects.tx.TxPropagationInterceptor.invoke(TxPropagationInterceptor.java:95)
	at org.jboss.aop.joinpoint.MethodInvocation.invokeNext(MethodInvocation.java:101)
	at org.jboss.ejb3.stateless.StatelessInstanceInterceptor.invoke(StatelessInstanceInterceptor.java:62)
	at org.jboss.aop.joinpoint.MethodInvocation.invokeNext(MethodInvocation.java:101)
	at org.jboss.aspects.security.AuthenticationInterceptor.invoke(AuthenticationInterceptor.java:77)
	at org.jboss.ejb3.security.Ejb3AuthenticationInterceptor.invoke(Ejb3AuthenticationInterceptor.java:110)
	at org.jboss.aop.joinpoint.MethodInvocation.invokeNext(MethodInvocation.java:101)
	at org.jboss.ejb3.ENCPropagationInterceptor.invoke(ENCPropagationInterceptor.java:46)
	at org.jboss.aop.joinpoint.MethodInvocation.invokeNext(MethodInvocation.java:101)
	at org.jboss.ejb3.asynchronous.AsynchronousInterceptor.invoke(AsynchronousInterceptor.java:106)
	at org.jboss.aop.joinpoint.MethodInvocation.invokeNext(MethodInvocation.java:101)
	at org.jboss.ejb3.stateless.StatelessContainer.dynamicInvoke(StatelessContainer.java:304)
	at org.jboss.aop.Dispatcher.invoke(Dispatcher.java:106)
	at org.jboss.aspects.remoting.AOPRemotingInvocationHandler.invoke(AOPRemotingInvocationHandler.java:82)
	at org.jboss.remoting.ServerInvoker.invoke(ServerInvoker.java:769)
	at org.jboss.remoting.transport.socket.ServerThread.processInvocation(ServerThread.java:573)
	at org.jboss.remoting.transport.socket.ServerThread.dorun(ServerThread.java:373)
	at org.jboss.remoting.transport.socket.ServerThread.run(ServerThread.java:166)
	at org.jboss.remoting.MicroRemoteClientInvoker.invoke(MicroRemoteClientInvoker.java:163)
	at org.jboss.remoting.Client.invoke(Client.java:1634)
	at org.jboss.remoting.Client.invoke(Client.java:548)
	at org.jboss.aspects.remoting.InvokeRemoteInterceptor.invoke(InvokeRemoteInterceptor.java:62)
	at org.jboss.aop.joinpoint.MethodInvocation.invokeNext(MethodInvocation.java:101)
	at org.jboss.aspects.tx.ClientTxPropagationInterceptor.invoke(ClientTxPropagationInterceptor.java:67)
	at org.jboss.aop.joinpoint.MethodInvocation.invokeNext(MethodInvocation.java:101)
	at org.jboss.aspects.security.SecurityClientInterceptor.invoke(SecurityClientInterceptor.java:53)
	at org.jboss.aop.joinpoint.MethodInvocation.invokeNext(MethodInvocation.java:101)
	at org.jboss.ejb3.remoting.IsLocalInterceptor.invoke(IsLocalInterceptor.java:74)
	at org.jboss.aop.joinpoint.MethodInvocation.invokeNext(MethodInvocation.java:101)
	at org.jboss.ejb3.stateless.StatelessRemoteProxy.invoke(StatelessRemoteProxy.java:107)
	at $Proxy7.createTrackContestType(Unknown Source)
	at com.topcoder.service.digitalrun.contest.failuretests.DigitalRunContestManagerBeanFailureTest.testCreateTrackContestTypeWithEntityExistsException(DigitalRunContestManagerBeanFailureTest.java:266)
	at org.jboss.aspects.remoting.InvokeRemoteInterceptor.invoke(InvokeRemoteInterceptor.java:74)
	at org.jboss.aop.joinpoint.MethodInvocation.invokeNext(MethodInvocation.java:101)
	at org.jboss.aspects.tx.ClientTxPropagationInterceptor.invoke(ClientTxPropagationInterceptor.java:67)
	at org.jboss.aop.joinpoint.MethodInvocation.invokeNext(MethodInvocation.java:101)
	at org.jboss.aspects.security.SecurityClientInterceptor.invoke(SecurityClientInterceptor.java:53)
	at org.jboss.aop.joinpoint.MethodInvocation.invokeNext(MethodInvocation.java:101)
	at org.jboss.ejb3.remoting.IsLocalInterceptor.invoke(IsLocalInterceptor.java:74)
	at org.jboss.aop.joinpoint.MethodInvocation.invokeNext(MethodInvocation.java:101)
	at org.jboss.ejb3.stateless.StatelessRemoteProxy.invoke(StatelessRemoteProxy.java:107)
	at $Proxy7.createTrackContestType(Unknown Source)
	at com.topcoder.service.digitalrun.contest.failuretests.DigitalRunContestManagerBeanFailureTest.testCreateTrackContestTypeWithEntityExistsException(DigitalRunContestManagerBeanFailureTest.java:266)
Caused by: javax.persistence.PersistenceException: org.hibernate.exception.GenericJDBCException: Cannot open connection
	at org.hibernate.ejb.AbstractEntityManagerImpl.throwPersistenceException(AbstractEntityManagerImpl.java:629)
	at org.hibernate.ejb.AbstractEntityManagerImpl.find(AbstractEntityManagerImpl.java:194)
	at org.jboss.ejb3.entity.TransactionScopedEntityManager.find(TransactionScopedEntityManager.java:171)
	at com.topcoder.service.digitalrun.contest.persistence.BaseHibernateDAO.findEntity(BaseHibernateDAO.java:355)
	at com.topcoder.service.digitalrun.contest.persistence.BaseHibernateDAO.errorIfEntityExists(BaseHibernateDAO.java:250)
	at com.topcoder.service.digitalrun.contest.persistence.HibernateTrackContestTypeDAO.createTrackContestType(HibernateTrackContestTypeDAO.java:96)
	at com.topcoder.service.digitalrun.contest.DigitalRunContestManagerBean.createTrackContestType(DigitalRunContestManagerBean.java:708)
	at org.jboss.aop.joinpoint.MethodInvocation.invokeNext(MethodInvocation.java:112)
	at org.jboss.ejb3.interceptor.InvocationContextImpl.proceed(InvocationContextImpl.java:166)
	at org.jboss.ejb3.interceptor.EJB3InterceptorsInterceptor.invoke(EJB3InterceptorsInterceptor.java:63)
	at org.jboss.aop.joinpoint.MethodInvocation.invokeNext(MethodInvocation.java:101)
	at org.jboss.ejb3.entity.TransactionScopedEntityManagerInterceptor.invoke(TransactionScopedEntityManagerInterceptor.java:54)
	at org.jboss.aop.joinpoint.MethodInvocation.invokeNext(MethodInvocation.java:101)
	at org.jboss.ejb3.AllowedOperationsInterceptor.invoke(AllowedOperationsInterceptor.java:47)
	at org.jboss.aop.joinpoint.MethodInvocation.invokeNext(MethodInvocation.java:101)
	at org.jboss.aspects.tx.TxPolicy.invokeInOurTx(TxPolicy.java:79)
	at org.jboss.aspects.tx.TxInterceptor$Required.invoke(TxInterceptor.java:191)
	at org.jboss.aop.joinpoint.MethodInvocation.invokeNext(MethodInvocation.java:101)
	at org.jboss.aspects.tx.TxPropagationInterceptor.invoke(TxPropagationInterceptor.java:95)
	at org.jboss.aop.joinpoint.MethodInvocation.invokeNext(MethodInvocation.java:101)
	at org.jboss.ejb3.stateless.StatelessInstanceInterceptor.invoke(StatelessInstanceInterceptor.java:62)
	at org.jboss.aop.joinpoint.MethodInvocation.invokeNext(MethodInvocation.java:101)
	at org.jboss.aspects.security.AuthenticationInterceptor.invoke(AuthenticationInterceptor.java:77)
	at org.jboss.ejb3.security.Ejb3AuthenticationInterceptor.invoke(Ejb3AuthenticationInterceptor.java:110)
	at org.jboss.aop.joinpoint.MethodInvocation.invokeNext(MethodInvocation.java:101)
	at org.jboss.ejb3.ENCPropagationInterceptor.invoke(ENCPropagationInterceptor.java:46)
	at org.jboss.aop.joinpoint.MethodInvocation.invokeNext(MethodInvocation.java:101)
	at org.jboss.ejb3.asynchronous.AsynchronousInterceptor.invoke(AsynchronousInterceptor.java:106)
	at org.jboss.aop.joinpoint.MethodInvocation.invokeNext(MethodInvocation.java:101)
	at org.jboss.ejb3.stateless.StatelessContainer.dynamicInvoke(StatelessContainer.java:304)
	at org.jboss.aop.Dispatcher.invoke(Dispatcher.java:106)
	at org.jboss.aspects.remoting.AOPRemotingInvocationHandler.invoke(AOPRemotingInvocationHandler.java:82)
	at org.jboss.remoting.ServerInvoker.invoke(ServerInvoker.java:769)
	at org.jboss.remoting.transport.socket.ServerThread.processInvocation(ServerThread.java:573)
	at org.jboss.remoting.transport.socket.ServerThread.dorun(ServerThread.java:373)
	at org.jboss.remoting.transport.socket.ServerThread.run(ServerThread.java:166)
Caused by: org.hibernate.exception.GenericJDBCException: Cannot open connection
	at org.hibernate.exception.SQLStateConverter.handledNonSpecificException(SQLStateConverter.java:103)
	at org.hibernate.exception.SQLStateConverter.convert(SQLStateConverter.java:91)
	at org.hibernate.exception.JDBCExceptionHelper.convert(JDBCExceptionHelper.java:43)
	at org.hibernate.exception.JDBCExceptionHelper.convert(JDBCExceptionHelper.java:29)
	at org.hibernate.jdbc.ConnectionManager.openConnection(ConnectionManager.java:426)
	at org.hibernate.jdbc.ConnectionManager.getConnection(ConnectionManager.java:144)
	at org.hibernate.jdbc.AbstractBatcher.prepareQueryStatement(AbstractBatcher.java:139)
	at org.hibernate.loader.Loader.prepareQueryStatement(Loader.java:1547)
	at org.hibernate.loader.Loader.doQuery(Loader.java:673)
	at org.hibernate.loader.Loader.doQueryAndInitializeNonLazyCollections(Loader.java:236)
	at org.hibernate.loader.Loader.loadEntity(Loader.java:1860)
	at org.hibernate.loader.entity.AbstractEntityLoader.load(AbstractEntityLoader.java:48)
	at org.hibernate.loader.entity.AbstractEntityLoader.load(AbstractEntityLoader.java:42)
	at org.hibernate.persister.entity.AbstractEntityPersister.load(AbstractEntityPersister.java:3044)
	at org.hibernate.event.def.DefaultLoadEventListener.loadFromDatasource(DefaultLoadEventListener.java:395)
	at org.hibernate.event.def.DefaultLoadEventListener.doLoad(DefaultLoadEventListener.java:375)
	at org.hibernate.event.def.DefaultLoadEventListener.load(DefaultLoadEventListener.java:139)
	at org.hibernate.event.def.DefaultLoadEventListener.proxyOrLoad(DefaultLoadEventListener.java:195)
	at org.hibernate.event.def.DefaultLoadEventListener.onLoad(DefaultLoadEventListener.java:103)
	at org.hibernate.impl.SessionImpl.fireLoad(SessionImpl.java:878)
	at org.hibernate.impl.SessionImpl.get(SessionImpl.java:815)
	at org.hibernate.impl.SessionImpl.get(SessionImpl.java:808)
	at org.hibernate.ejb.AbstractEntityManagerImpl.find(AbstractEntityManagerImpl.java:174)
Caused by: org.jboss.util.NestedSQLException: Could not create connection; - nested throwable: (java.sql.SQLException: com.informix.asf.IfxASFException: Attempt to connect to database server (topcoder) failed.); - nested throwable: (org.jboss.resource.JBossResourceException: Could not create connection; - nested throwable: (java.sql.SQLException: com.informix.asf.IfxASFException: Attempt to connect to database server (topcoder) failed.))
	at org.jboss.resource.adapter.jdbc.WrapperDataSource.getConnection(WrapperDataSource.java:94)
	at org.hibernate.ejb.connection.InjectedDataSourceConnectionProvider.getConnection(InjectedDataSourceConnectionProvider.java:47)
	at org.hibernate.jdbc.ConnectionManager.openConnection(ConnectionManager.java:423)
Caused by: org.jboss.resource.JBossResourceException: Could not create connection; - nested throwable: (java.sql.SQLException: com.informix.asf.IfxASFException: Attempt to connect to database server (topcoder) failed.)
	at org.jboss.resource.adapter.jdbc.local.LocalManagedConnectionFactory.createManagedConnection(LocalManagedConnectionFactory.java:179)
	at org.jboss.resource.connectionmanager.InternalManagedConnectionPool.createConnectionEventListener(InternalManagedConnectionPool.java:577)
	at org.jboss.resource.connectionmanager.InternalManagedConnectionPool.getConnection(InternalManagedConnectionPool.java:262)
	at org.jboss.resource.connectionmanager.JBossManagedConnectionPool$BasePool.getConnection(JBossManagedConnectionPool.java:538)
	at org.jboss.resource.connectionmanager.BaseConnectionManager2.getManagedConnection(BaseConnectionManager2.java:341)
	at org.jboss.resource.connectionmanager.TxConnectionManager.getManagedConnection(TxConnectionManager.java:315)
	at org.jboss.resource.connectionmanager.BaseConnectionManager2.allocateConnection(BaseConnectionManager2.java:396)
	at org.jboss.resource.connectionmanager.BaseConnectionManager2$ConnectionManagerProxy.allocateConnection(BaseConnectionManager2.java:842)
	at org.jboss.resource.adapter.jdbc.WrapperDataSource.getConnection(WrapperDataSource.java:88)
Caused by: java.sql.SQLException: com.informix.asf.IfxASFException: Attempt to connect to database server (topcoder) failed.
	at com.informix.jdbc.IfxSqliConnect.&lt;init&gt;(IfxSqliConnect.java:1026)
	at java.lang.reflect.Constructor.newInstance(Constructor.java:494)
	at com.informix.jdbc.IfxDriver.connect(IfxDriver.java:254)
	at org.jboss.resource.adapter.jdbc.local.LocalManagedConnectionFactory.createManagedConnection(LocalManagedConnectionFactory.java:171)
</error>
  </testcase>
  <testcase classname="com.topcoder.service.digitalrun.contest.failuretests.DigitalRunContestManagerBeanFailureTest" name="testCreateTrackContestTypeWithPersistenceException" time="0.047" />
  <testcase classname="com.topcoder.service.digitalrun.contest.failuretests.DigitalRunContestManagerBeanFailureTest" name="testUpdateTrackContestTypeWithIllegalArgumentException" time="0.156" />
  <testcase classname="com.topcoder.service.digitalrun.contest.failuretests.DigitalRunContestManagerBeanFailureTest" name="testUpdateTrackContestTypeWithEntityNotFoundException" time="0.031">
    <error message="Persistence error occurs while updating track contest type." type="com.topcoder.service.digitalrun.contest.DigitalRunContestManagerException">com.topcoder.service.digitalrun.contest.DigitalRunContestManagerException: Persistence error occurs while updating track contest type.
	at com.topcoder.service.digitalrun.contest.DigitalRunContestManagerBean.updateTrackContestType(DigitalRunContestManagerBean.java:747)
	at org.jboss.aop.joinpoint.MethodInvocation.invokeNext(MethodInvocation.java:112)
	at org.jboss.ejb3.interceptor.InvocationContextImpl.proceed(InvocationContextImpl.java:166)
	at org.jboss.ejb3.interceptor.EJB3InterceptorsInterceptor.invoke(EJB3InterceptorsInterceptor.java:63)
	at org.jboss.aop.joinpoint.MethodInvocation.invokeNext(MethodInvocation.java:101)
	at org.jboss.ejb3.entity.TransactionScopedEntityManagerInterceptor.invoke(TransactionScopedEntityManagerInterceptor.java:54)
	at org.jboss.aop.joinpoint.MethodInvocation.invokeNext(MethodInvocation.java:101)
	at org.jboss.ejb3.AllowedOperationsInterceptor.invoke(AllowedOperationsInterceptor.java:47)
	at org.jboss.aop.joinpoint.MethodInvocation.invokeNext(MethodInvocation.java:101)
	at org.jboss.aspects.tx.TxPolicy.invokeInOurTx(TxPolicy.java:79)
	at org.jboss.aspects.tx.TxInterceptor$Required.invoke(TxInterceptor.java:191)
	at org.jboss.aop.joinpoint.MethodInvocation.invokeNext(MethodInvocation.java:101)
	at org.jboss.aspects.tx.TxPropagationInterceptor.invoke(TxPropagationInterceptor.java:95)
	at org.jboss.aop.joinpoint.MethodInvocation.invokeNext(MethodInvocation.java:101)
	at org.jboss.ejb3.stateless.StatelessInstanceInterceptor.invoke(StatelessInstanceInterceptor.java:62)
	at org.jboss.aop.joinpoint.MethodInvocation.invokeNext(MethodInvocation.java:101)
	at org.jboss.aspects.security.AuthenticationInterceptor.invoke(AuthenticationInterceptor.java:77)
	at org.jboss.ejb3.security.Ejb3AuthenticationInterceptor.invoke(Ejb3AuthenticationInterceptor.java:110)
	at org.jboss.aop.joinpoint.MethodInvocation.invokeNext(MethodInvocation.java:101)
	at org.jboss.ejb3.ENCPropagationInterceptor.invoke(ENCPropagationInterceptor.java:46)
	at org.jboss.aop.joinpoint.MethodInvocation.invokeNext(MethodInvocation.java:101)
	at org.jboss.ejb3.asynchronous.AsynchronousInterceptor.invoke(AsynchronousInterceptor.java:106)
	at org.jboss.aop.joinpoint.MethodInvocation.invokeNext(MethodInvocation.java:101)
	at org.jboss.ejb3.stateless.StatelessContainer.dynamicInvoke(StatelessContainer.java:304)
	at org.jboss.aop.Dispatcher.invoke(Dispatcher.java:106)
	at org.jboss.aspects.remoting.AOPRemotingInvocationHandler.invoke(AOPRemotingInvocationHandler.java:82)
	at org.jboss.remoting.ServerInvoker.invoke(ServerInvoker.java:769)
	at org.jboss.remoting.transport.socket.ServerThread.processInvocation(ServerThread.java:573)
	at org.jboss.remoting.transport.socket.ServerThread.dorun(ServerThread.java:373)
	at org.jboss.remoting.transport.socket.ServerThread.run(ServerThread.java:166)
Caused by: com.topcoder.service.digitalrun.contest.PersistenceException: org.hibernate.exception.GenericJDBCException: Cannot open connection
	at com.topcoder.service.digitalrun.contest.persistence.BaseHibernateDAO.findEntity(BaseHibernateDAO.java:358)
	at com.topcoder.service.digitalrun.contest.persistence.BaseHibernateDAO.errorIfEntityNotExists(BaseHibernateDAO.java:318)
	at com.topcoder.service.digitalrun.contest.persistence.BaseHibernateDAO.errorIfEntityNotExists(BaseHibernateDAO.java:288)
	at com.topcoder.service.digitalrun.contest.persistence.HibernateTrackContestTypeDAO.updateTrackContestType(HibernateTrackContestTypeDAO.java:133)
	at com.topcoder.service.digitalrun.contest.DigitalRunContestManagerBean.updateTrackContestType(DigitalRunContestManagerBean.java:745)
	at org.jboss.aop.joinpoint.MethodInvocation.invokeNext(MethodInvocation.java:112)
	at org.jboss.ejb3.interceptor.InvocationContextImpl.proceed(InvocationContextImpl.java:166)
	at org.jboss.ejb3.interceptor.EJB3InterceptorsInterceptor.invoke(EJB3InterceptorsInterceptor.java:63)
	at org.jboss.aop.joinpoint.MethodInvocation.invokeNext(MethodInvocation.java:101)
	at org.jboss.ejb3.entity.TransactionScopedEntityManagerInterceptor.invoke(TransactionScopedEntityManagerInterceptor.java:54)
	at org.jboss.aop.joinpoint.MethodInvocation.invokeNext(MethodInvocation.java:101)
	at org.jboss.ejb3.AllowedOperationsInterceptor.invoke(AllowedOperationsInterceptor.java:47)
	at org.jboss.aop.joinpoint.MethodInvocation.invokeNext(MethodInvocation.java:101)
	at org.jboss.aspects.tx.TxPolicy.invokeInOurTx(TxPolicy.java:79)
	at org.jboss.aspects.tx.TxInterceptor$Required.invoke(TxInterceptor.java:191)
	at org.jboss.aop.joinpoint.MethodInvocation.invokeNext(MethodInvocation.java:101)
	at org.jboss.aspects.tx.TxPropagationInterceptor.invoke(TxPropagationInterceptor.java:95)
	at org.jboss.aop.joinpoint.MethodInvocation.invokeNext(MethodInvocation.java:101)
	at org.jboss.ejb3.stateless.StatelessInstanceInterceptor.invoke(StatelessInstanceInterceptor.java:62)
	at org.jboss.aop.joinpoint.MethodInvocation.invokeNext(MethodInvocation.java:101)
	at org.jboss.aspects.security.AuthenticationInterceptor.invoke(AuthenticationInterceptor.java:77)
	at org.jboss.ejb3.security.Ejb3AuthenticationInterceptor.invoke(Ejb3AuthenticationInterceptor.java:110)
	at org.jboss.aop.joinpoint.MethodInvocation.invokeNext(MethodInvocation.java:101)
	at org.jboss.ejb3.ENCPropagationInterceptor.invoke(ENCPropagationInterceptor.java:46)
	at org.jboss.aop.joinpoint.MethodInvocation.invokeNext(MethodInvocation.java:101)
	at org.jboss.ejb3.asynchronous.AsynchronousInterceptor.invoke(AsynchronousInterceptor.java:106)
	at org.jboss.aop.joinpoint.MethodInvocation.invokeNext(MethodInvocation.java:101)
	at org.jboss.ejb3.stateless.StatelessContainer.dynamicInvoke(StatelessContainer.java:304)
	at org.jboss.aop.Dispatcher.invoke(Dispatcher.java:106)
	at org.jboss.aspects.remoting.AOPRemotingInvocationHandler.invoke(AOPRemotingInvocationHandler.java:82)
	at org.jboss.remoting.ServerInvoker.invoke(ServerInvoker.java:769)
	at org.jboss.remoting.transport.socket.ServerThread.processInvocation(ServerThread.java:573)
	at org.jboss.remoting.transport.socket.ServerThread.dorun(ServerThread.java:373)
	at org.jboss.remoting.transport.socket.ServerThread.run(ServerThread.java:166)
	at org.jboss.remoting.MicroRemoteClientInvoker.invoke(MicroRemoteClientInvoker.java:163)
	at org.jboss.remoting.Client.invoke(Client.java:1634)
	at org.jboss.remoting.Client.invoke(Client.java:548)
	at org.jboss.aspects.remoting.InvokeRemoteInterceptor.invoke(InvokeRemoteInterceptor.java:62)
	at org.jboss.aop.joinpoint.MethodInvocation.invokeNext(MethodInvocation.java:101)
	at org.jboss.aspects.tx.ClientTxPropagationInterceptor.invoke(ClientTxPropagationInterceptor.java:67)
	at org.jboss.aop.joinpoint.MethodInvocation.invokeNext(MethodInvocation.java:101)
	at org.jboss.aspects.security.SecurityClientInterceptor.invoke(SecurityClientInterceptor.java:53)
	at org.jboss.aop.joinpoint.MethodInvocation.invokeNext(MethodInvocation.java:101)
	at org.jboss.ejb3.remoting.IsLocalInterceptor.invoke(IsLocalInterceptor.java:74)
	at org.jboss.aop.joinpoint.MethodInvocation.invokeNext(MethodInvocation.java:101)
	at org.jboss.ejb3.stateless.StatelessRemoteProxy.invoke(StatelessRemoteProxy.java:107)
	at $Proxy7.updateTrackContestType(Unknown Source)
	at com.topcoder.service.digitalrun.contest.failuretests.DigitalRunContestManagerBeanFailureTest.testUpdateTrackContestTypeWithEntityNotFoundException(DigitalRunContestManagerBeanFailureTest.java:324)
	at org.jboss.aspects.remoting.InvokeRemoteInterceptor.invoke(InvokeRemoteInterceptor.java:74)
	at org.jboss.aop.joinpoint.MethodInvocation.invokeNext(MethodInvocation.java:101)
	at org.jboss.aspects.tx.ClientTxPropagationInterceptor.invoke(ClientTxPropagationInterceptor.java:67)
	at org.jboss.aop.joinpoint.MethodInvocation.invokeNext(MethodInvocation.java:101)
	at org.jboss.aspects.security.SecurityClientInterceptor.invoke(SecurityClientInterceptor.java:53)
	at org.jboss.aop.joinpoint.MethodInvocation.invokeNext(MethodInvocation.java:101)
	at org.jboss.ejb3.remoting.IsLocalInterceptor.invoke(IsLocalInterceptor.java:74)
	at org.jboss.aop.joinpoint.MethodInvocation.invokeNext(MethodInvocation.java:101)
	at org.jboss.ejb3.stateless.StatelessRemoteProxy.invoke(StatelessRemoteProxy.java:107)
	at $Proxy7.updateTrackContestType(Unknown Source)
	at com.topcoder.service.digitalrun.contest.failuretests.DigitalRunContestManagerBeanFailureTest.testUpdateTrackContestTypeWithEntityNotFoundException(DigitalRunContestManagerBeanFailureTest.java:324)
Caused by: javax.persistence.PersistenceException: org.hibernate.exception.GenericJDBCException: Cannot open connection
	at org.hibernate.ejb.AbstractEntityManagerImpl.throwPersistenceException(AbstractEntityManagerImpl.java:629)
	at org.hibernate.ejb.AbstractEntityManagerImpl.find(AbstractEntityManagerImpl.java:194)
	at org.jboss.ejb3.entity.TransactionScopedEntityManager.find(TransactionScopedEntityManager.java:171)
	at com.topcoder.service.digitalrun.contest.persistence.BaseHibernateDAO.findEntity(BaseHibernateDAO.java:355)
	at com.topcoder.service.digitalrun.contest.persistence.BaseHibernateDAO.errorIfEntityNotExists(BaseHibernateDAO.java:318)
	at com.topcoder.service.digitalrun.contest.persistence.BaseHibernateDAO.errorIfEntityNotExists(BaseHibernateDAO.java:288)
	at com.topcoder.service.digitalrun.contest.persistence.HibernateTrackContestTypeDAO.updateTrackContestType(HibernateTrackContestTypeDAO.java:133)
	at com.topcoder.service.digitalrun.contest.DigitalRunContestManagerBean.updateTrackContestType(DigitalRunContestManagerBean.java:745)
	at org.jboss.aop.joinpoint.MethodInvocation.invokeNext(MethodInvocation.java:112)
	at org.jboss.ejb3.interceptor.InvocationContextImpl.proceed(InvocationContextImpl.java:166)
	at org.jboss.ejb3.interceptor.EJB3InterceptorsInterceptor.invoke(EJB3InterceptorsInterceptor.java:63)
	at org.jboss.aop.joinpoint.MethodInvocation.invokeNext(MethodInvocation.java:101)
	at org.jboss.ejb3.entity.TransactionScopedEntityManagerInterceptor.invoke(TransactionScopedEntityManagerInterceptor.java:54)
	at org.jboss.aop.joinpoint.MethodInvocation.invokeNext(MethodInvocation.java:101)
	at org.jboss.ejb3.AllowedOperationsInterceptor.invoke(AllowedOperationsInterceptor.java:47)
	at org.jboss.aop.joinpoint.MethodInvocation.invokeNext(MethodInvocation.java:101)
	at org.jboss.aspects.tx.TxPolicy.invokeInOurTx(TxPolicy.java:79)
	at org.jboss.aspects.tx.TxInterceptor$Required.invoke(TxInterceptor.java:191)
	at org.jboss.aop.joinpoint.MethodInvocation.invokeNext(MethodInvocation.java:101)
	at org.jboss.aspects.tx.TxPropagationInterceptor.invoke(TxPropagationInterceptor.java:95)
	at org.jboss.aop.joinpoint.MethodInvocation.invokeNext(MethodInvocation.java:101)
	at org.jboss.ejb3.stateless.StatelessInstanceInterceptor.invoke(StatelessInstanceInterceptor.java:62)
	at org.jboss.aop.joinpoint.MethodInvocation.invokeNext(MethodInvocation.java:101)
	at org.jboss.aspects.security.AuthenticationInterceptor.invoke(AuthenticationInterceptor.java:77)
	at org.jboss.ejb3.security.Ejb3AuthenticationInterceptor.invoke(Ejb3AuthenticationInterceptor.java:110)
	at org.jboss.aop.joinpoint.MethodInvocation.invokeNext(MethodInvocation.java:101)
	at org.jboss.ejb3.ENCPropagationInterceptor.invoke(ENCPropagationInterceptor.java:46)
	at org.jboss.aop.joinpoint.MethodInvocation.invokeNext(MethodInvocation.java:101)
	at org.jboss.ejb3.asynchronous.AsynchronousInterceptor.invoke(AsynchronousInterceptor.java:106)
	at org.jboss.aop.joinpoint.MethodInvocation.invokeNext(MethodInvocation.java:101)
	at org.jboss.ejb3.stateless.StatelessContainer.dynamicInvoke(StatelessContainer.java:304)
	at org.jboss.aop.Dispatcher.invoke(Dispatcher.java:106)
	at org.jboss.aspects.remoting.AOPRemotingInvocationHandler.invoke(AOPRemotingInvocationHandler.java:82)
	at org.jboss.remoting.ServerInvoker.invoke(ServerInvoker.java:769)
	at org.jboss.remoting.transport.socket.ServerThread.processInvocation(ServerThread.java:573)
	at org.jboss.remoting.transport.socket.ServerThread.dorun(ServerThread.java:373)
	at org.jboss.remoting.transport.socket.ServerThread.run(ServerThread.java:166)
Caused by: org.hibernate.exception.GenericJDBCException: Cannot open connection
	at org.hibernate.exception.SQLStateConverter.handledNonSpecificException(SQLStateConverter.java:103)
	at org.hibernate.exception.SQLStateConverter.convert(SQLStateConverter.java:91)
	at org.hibernate.exception.JDBCExceptionHelper.convert(JDBCExceptionHelper.java:43)
	at org.hibernate.exception.JDBCExceptionHelper.convert(JDBCExceptionHelper.java:29)
	at org.hibernate.jdbc.ConnectionManager.openConnection(ConnectionManager.java:426)
	at org.hibernate.jdbc.ConnectionManager.getConnection(ConnectionManager.java:144)
	at org.hibernate.jdbc.AbstractBatcher.prepareQueryStatement(AbstractBatcher.java:139)
	at org.hibernate.loader.Loader.prepareQueryStatement(Loader.java:1547)
	at org.hibernate.loader.Loader.doQuery(Loader.java:673)
	at org.hibernate.loader.Loader.doQueryAndInitializeNonLazyCollections(Loader.java:236)
	at org.hibernate.loader.Loader.loadEntity(Loader.java:1860)
	at org.hibernate.loader.entity.AbstractEntityLoader.load(AbstractEntityLoader.java:48)
	at org.hibernate.loader.entity.AbstractEntityLoader.load(AbstractEntityLoader.java:42)
	at org.hibernate.persister.entity.AbstractEntityPersister.load(AbstractEntityPersister.java:3044)
	at org.hibernate.event.def.DefaultLoadEventListener.loadFromDatasource(DefaultLoadEventListener.java:395)
	at org.hibernate.event.def.DefaultLoadEventListener.doLoad(DefaultLoadEventListener.java:375)
	at org.hibernate.event.def.DefaultLoadEventListener.load(DefaultLoadEventListener.java:139)
	at org.hibernate.event.def.DefaultLoadEventListener.proxyOrLoad(DefaultLoadEventListener.java:195)
	at org.hibernate.event.def.DefaultLoadEventListener.onLoad(DefaultLoadEventListener.java:103)
	at org.hibernate.impl.SessionImpl.fireLoad(SessionImpl.java:878)
	at org.hibernate.impl.SessionImpl.get(SessionImpl.java:815)
	at org.hibernate.impl.SessionImpl.get(SessionImpl.java:808)
	at org.hibernate.ejb.AbstractEntityManagerImpl.find(AbstractEntityManagerImpl.java:174)
Caused by: org.jboss.util.NestedSQLException: Could not create connection; - nested throwable: (java.sql.SQLException: com.informix.asf.IfxASFException: Attempt to connect to database server (topcoder) failed.); - nested throwable: (org.jboss.resource.JBossResourceException: Could not create connection; - nested throwable: (java.sql.SQLException: com.informix.asf.IfxASFException: Attempt to connect to database server (topcoder) failed.))
	at org.jboss.resource.adapter.jdbc.WrapperDataSource.getConnection(WrapperDataSource.java:94)
	at org.hibernate.ejb.connection.InjectedDataSourceConnectionProvider.getConnection(InjectedDataSourceConnectionProvider.java:47)
	at org.hibernate.jdbc.ConnectionManager.openConnection(ConnectionManager.java:423)
Caused by: org.jboss.resource.JBossResourceException: Could not create connection; - nested throwable: (java.sql.SQLException: com.informix.asf.IfxASFException: Attempt to connect to database server (topcoder) failed.)
	at org.jboss.resource.adapter.jdbc.local.LocalManagedConnectionFactory.createManagedConnection(LocalManagedConnectionFactory.java:179)
	at org.jboss.resource.connectionmanager.InternalManagedConnectionPool.createConnectionEventListener(InternalManagedConnectionPool.java:577)
	at org.jboss.resource.connectionmanager.InternalManagedConnectionPool.getConnection(InternalManagedConnectionPool.java:262)
	at org.jboss.resource.connectionmanager.JBossManagedConnectionPool$BasePool.getConnection(JBossManagedConnectionPool.java:538)
	at org.jboss.resource.connectionmanager.BaseConnectionManager2.getManagedConnection(BaseConnectionManager2.java:341)
	at org.jboss.resource.connectionmanager.TxConnectionManager.getManagedConnection(TxConnectionManager.java:315)
	at org.jboss.resource.connectionmanager.BaseConnectionManager2.allocateConnection(BaseConnectionManager2.java:396)
	at org.jboss.resource.connectionmanager.BaseConnectionManager2$ConnectionManagerProxy.allocateConnection(BaseConnectionManager2.java:842)
	at org.jboss.resource.adapter.jdbc.WrapperDataSource.getConnection(WrapperDataSource.java:88)
Caused by: java.sql.SQLException: com.informix.asf.IfxASFException: Attempt to connect to database server (topcoder) failed.
	at com.informix.jdbc.IfxSqliConnect.&lt;init&gt;(IfxSqliConnect.java:1026)
	at java.lang.reflect.Constructor.newInstance(Constructor.java:494)
	at com.informix.jdbc.IfxDriver.connect(IfxDriver.java:254)
	at org.jboss.resource.adapter.jdbc.local.LocalManagedConnectionFactory.createManagedConnection(LocalManagedConnectionFactory.java:171)
</error>
  </testcase>
  <testcase classname="com.topcoder.service.digitalrun.contest.failuretests.DigitalRunContestManagerBeanFailureTest" name="testUpdateTrackContestTypeWithPersistenceException" time="0.047">
    <error message="Persistence error occurs while creating track contest type." type="com.topcoder.service.digitalrun.contest.DigitalRunContestManagerException">com.topcoder.service.digitalrun.contest.DigitalRunContestManagerException: Persistence error occurs while creating track contest type.
	at com.topcoder.service.digitalrun.contest.DigitalRunContestManagerBean.createTrackContestType(DigitalRunContestManagerBean.java:710)
	at org.jboss.aop.joinpoint.MethodInvocation.invokeNext(MethodInvocation.java:112)
	at org.jboss.ejb3.interceptor.InvocationContextImpl.proceed(InvocationContextImpl.java:166)
	at org.jboss.ejb3.interceptor.EJB3InterceptorsInterceptor.invoke(EJB3InterceptorsInterceptor.java:63)
	at org.jboss.aop.joinpoint.MethodInvocation.invokeNext(MethodInvocation.java:101)
	at org.jboss.ejb3.entity.TransactionScopedEntityManagerInterceptor.invoke(TransactionScopedEntityManagerInterceptor.java:54)
	at org.jboss.aop.joinpoint.MethodInvocation.invokeNext(MethodInvocation.java:101)
	at org.jboss.ejb3.AllowedOperationsInterceptor.invoke(AllowedOperationsInterceptor.java:47)
	at org.jboss.aop.joinpoint.MethodInvocation.invokeNext(MethodInvocation.java:101)
	at org.jboss.aspects.tx.TxPolicy.invokeInOurTx(TxPolicy.java:79)
	at org.jboss.aspects.tx.TxInterceptor$Required.invoke(TxInterceptor.java:191)
	at org.jboss.aop.joinpoint.MethodInvocation.invokeNext(MethodInvocation.java:101)
	at org.jboss.aspects.tx.TxPropagationInterceptor.invoke(TxPropagationInterceptor.java:95)
	at org.jboss.aop.joinpoint.MethodInvocation.invokeNext(MethodInvocation.java:101)
	at org.jboss.ejb3.stateless.StatelessInstanceInterceptor.invoke(StatelessInstanceInterceptor.java:62)
	at org.jboss.aop.joinpoint.MethodInvocation.invokeNext(MethodInvocation.java:101)
	at org.jboss.aspects.security.AuthenticationInterceptor.invoke(AuthenticationInterceptor.java:77)
	at org.jboss.ejb3.security.Ejb3AuthenticationInterceptor.invoke(Ejb3AuthenticationInterceptor.java:110)
	at org.jboss.aop.joinpoint.MethodInvocation.invokeNext(MethodInvocation.java:101)
	at org.jboss.ejb3.ENCPropagationInterceptor.invoke(ENCPropagationInterceptor.java:46)
	at org.jboss.aop.joinpoint.MethodInvocation.invokeNext(MethodInvocation.java:101)
	at org.jboss.ejb3.asynchronous.AsynchronousInterceptor.invoke(AsynchronousInterceptor.java:106)
	at org.jboss.aop.joinpoint.MethodInvocation.invokeNext(MethodInvocation.java:101)
	at org.jboss.ejb3.stateless.StatelessContainer.dynamicInvoke(StatelessContainer.java:304)
	at org.jboss.aop.Dispatcher.invoke(Dispatcher.java:106)
	at org.jboss.aspects.remoting.AOPRemotingInvocationHandler.invoke(AOPRemotingInvocationHandler.java:82)
	at org.jboss.remoting.ServerInvoker.invoke(ServerInvoker.java:769)
	at org.jboss.remoting.transport.socket.ServerThread.processInvocation(ServerThread.java:573)
	at org.jboss.remoting.transport.socket.ServerThread.dorun(ServerThread.java:373)
	at org.jboss.remoting.transport.socket.ServerThread.run(ServerThread.java:166)
Caused by: com.topcoder.service.digitalrun.contest.PersistenceException: org.hibernate.exception.GenericJDBCException: Cannot open connection
	at com.topcoder.service.digitalrun.contest.persistence.BaseHibernateDAO.findEntity(BaseHibernateDAO.java:358)
	at com.topcoder.service.digitalrun.contest.persistence.BaseHibernateDAO.errorIfEntityExists(BaseHibernateDAO.java:250)
	at com.topcoder.service.digitalrun.contest.persistence.HibernateTrackContestTypeDAO.createTrackContestType(HibernateTrackContestTypeDAO.java:96)
	at com.topcoder.service.digitalrun.contest.DigitalRunContestManagerBean.createTrackContestType(DigitalRunContestManagerBean.java:708)
	at org.jboss.aop.joinpoint.MethodInvocation.invokeNext(MethodInvocation.java:112)
	at org.jboss.ejb3.interceptor.InvocationContextImpl.proceed(InvocationContextImpl.java:166)
	at org.jboss.ejb3.interceptor.EJB3InterceptorsInterceptor.invoke(EJB3InterceptorsInterceptor.java:63)
	at org.jboss.aop.joinpoint.MethodInvocation.invokeNext(MethodInvocation.java:101)
	at org.jboss.ejb3.entity.TransactionScopedEntityManagerInterceptor.invoke(TransactionScopedEntityManagerInterceptor.java:54)
	at org.jboss.aop.joinpoint.MethodInvocation.invokeNext(MethodInvocation.java:101)
	at org.jboss.ejb3.AllowedOperationsInterceptor.invoke(AllowedOperationsInterceptor.java:47)
	at org.jboss.aop.joinpoint.MethodInvocation.invokeNext(MethodInvocation.java:101)
	at org.jboss.aspects.tx.TxPolicy.invokeInOurTx(TxPolicy.java:79)
	at org.jboss.aspects.tx.TxInterceptor$Required.invoke(TxInterceptor.java:191)
	at org.jboss.aop.joinpoint.MethodInvocation.invokeNext(MethodInvocation.java:101)
	at org.jboss.aspects.tx.TxPropagationInterceptor.invoke(TxPropagationInterceptor.java:95)
	at org.jboss.aop.joinpoint.MethodInvocation.invokeNext(MethodInvocation.java:101)
	at org.jboss.ejb3.stateless.StatelessInstanceInterceptor.invoke(StatelessInstanceInterceptor.java:62)
	at org.jboss.aop.joinpoint.MethodInvocation.invokeNext(MethodInvocation.java:101)
	at org.jboss.aspects.security.AuthenticationInterceptor.invoke(AuthenticationInterceptor.java:77)
	at org.jboss.ejb3.security.Ejb3AuthenticationInterceptor.invoke(Ejb3AuthenticationInterceptor.java:110)
	at org.jboss.aop.joinpoint.MethodInvocation.invokeNext(MethodInvocation.java:101)
	at org.jboss.ejb3.ENCPropagationInterceptor.invoke(ENCPropagationInterceptor.java:46)
	at org.jboss.aop.joinpoint.MethodInvocation.invokeNext(MethodInvocation.java:101)
	at org.jboss.ejb3.asynchronous.AsynchronousInterceptor.invoke(AsynchronousInterceptor.java:106)
	at org.jboss.aop.joinpoint.MethodInvocation.invokeNext(MethodInvocation.java:101)
	at org.jboss.ejb3.stateless.StatelessContainer.dynamicInvoke(StatelessContainer.java:304)
	at org.jboss.aop.Dispatcher.invoke(Dispatcher.java:106)
	at org.jboss.aspects.remoting.AOPRemotingInvocationHandler.invoke(AOPRemotingInvocationHandler.java:82)
	at org.jboss.remoting.ServerInvoker.invoke(ServerInvoker.java:769)
	at org.jboss.remoting.transport.socket.ServerThread.processInvocation(ServerThread.java:573)
	at org.jboss.remoting.transport.socket.ServerThread.dorun(ServerThread.java:373)
	at org.jboss.remoting.transport.socket.ServerThread.run(ServerThread.java:166)
	at org.jboss.remoting.MicroRemoteClientInvoker.invoke(MicroRemoteClientInvoker.java:163)
	at org.jboss.remoting.Client.invoke(Client.java:1634)
	at org.jboss.remoting.Client.invoke(Client.java:548)
	at org.jboss.aspects.remoting.InvokeRemoteInterceptor.invoke(InvokeRemoteInterceptor.java:62)
	at org.jboss.aop.joinpoint.MethodInvocation.invokeNext(MethodInvocation.java:101)
	at org.jboss.aspects.tx.ClientTxPropagationInterceptor.invoke(ClientTxPropagationInterceptor.java:67)
	at org.jboss.aop.joinpoint.MethodInvocation.invokeNext(MethodInvocation.java:101)
	at org.jboss.aspects.security.SecurityClientInterceptor.invoke(SecurityClientInterceptor.java:53)
	at org.jboss.aop.joinpoint.MethodInvocation.invokeNext(MethodInvocation.java:101)
	at org.jboss.ejb3.remoting.IsLocalInterceptor.invoke(IsLocalInterceptor.java:74)
	at org.jboss.aop.joinpoint.MethodInvocation.invokeNext(MethodInvocation.java:101)
	at org.jboss.ejb3.stateless.StatelessRemoteProxy.invoke(StatelessRemoteProxy.java:107)
	at $Proxy7.createTrackContestType(Unknown Source)
	at com.topcoder.service.digitalrun.contest.failuretests.DigitalRunContestManagerBeanFailureTest.testUpdateTrackContestTypeWithPersistenceException(DigitalRunContestManagerBeanFailureTest.java:343)
	at org.jboss.aspects.remoting.InvokeRemoteInterceptor.invoke(InvokeRemoteInterceptor.java:74)
	at org.jboss.aop.joinpoint.MethodInvocation.invokeNext(MethodInvocation.java:101)
	at org.jboss.aspects.tx.ClientTxPropagationInterceptor.invoke(ClientTxPropagationInterceptor.java:67)
	at org.jboss.aop.joinpoint.MethodInvocation.invokeNext(MethodInvocation.java:101)
	at org.jboss.aspects.security.SecurityClientInterceptor.invoke(SecurityClientInterceptor.java:53)
	at org.jboss.aop.joinpoint.MethodInvocation.invokeNext(MethodInvocation.java:101)
	at org.jboss.ejb3.remoting.IsLocalInterceptor.invoke(IsLocalInterceptor.java:74)
	at org.jboss.aop.joinpoint.MethodInvocation.invokeNext(MethodInvocation.java:101)
	at org.jboss.ejb3.stateless.StatelessRemoteProxy.invoke(StatelessRemoteProxy.java:107)
	at $Proxy7.createTrackContestType(Unknown Source)
	at com.topcoder.service.digitalrun.contest.failuretests.DigitalRunContestManagerBeanFailureTest.testUpdateTrackContestTypeWithPersistenceException(DigitalRunContestManagerBeanFailureTest.java:343)
Caused by: javax.persistence.PersistenceException: org.hibernate.exception.GenericJDBCException: Cannot open connection
	at org.hibernate.ejb.AbstractEntityManagerImpl.throwPersistenceException(AbstractEntityManagerImpl.java:629)
	at org.hibernate.ejb.AbstractEntityManagerImpl.find(AbstractEntityManagerImpl.java:194)
	at org.jboss.ejb3.entity.TransactionScopedEntityManager.find(TransactionScopedEntityManager.java:171)
	at com.topcoder.service.digitalrun.contest.persistence.BaseHibernateDAO.findEntity(BaseHibernateDAO.java:355)
	at com.topcoder.service.digitalrun.contest.persistence.BaseHibernateDAO.errorIfEntityExists(BaseHibernateDAO.java:250)
	at com.topcoder.service.digitalrun.contest.persistence.HibernateTrackContestTypeDAO.createTrackContestType(HibernateTrackContestTypeDAO.java:96)
	at com.topcoder.service.digitalrun.contest.DigitalRunContestManagerBean.createTrackContestType(DigitalRunContestManagerBean.java:708)
	at org.jboss.aop.joinpoint.MethodInvocation.invokeNext(MethodInvocation.java:112)
	at org.jboss.ejb3.interceptor.InvocationContextImpl.proceed(InvocationContextImpl.java:166)
	at org.jboss.ejb3.interceptor.EJB3InterceptorsInterceptor.invoke(EJB3InterceptorsInterceptor.java:63)
	at org.jboss.aop.joinpoint.MethodInvocation.invokeNext(MethodInvocation.java:101)
	at org.jboss.ejb3.entity.TransactionScopedEntityManagerInterceptor.invoke(TransactionScopedEntityManagerInterceptor.java:54)
	at org.jboss.aop.joinpoint.MethodInvocation.invokeNext(MethodInvocation.java:101)
	at org.jboss.ejb3.AllowedOperationsInterceptor.invoke(AllowedOperationsInterceptor.java:47)
	at org.jboss.aop.joinpoint.MethodInvocation.invokeNext(MethodInvocation.java:101)
	at org.jboss.aspects.tx.TxPolicy.invokeInOurTx(TxPolicy.java:79)
	at org.jboss.aspects.tx.TxInterceptor$Required.invoke(TxInterceptor.java:191)
	at org.jboss.aop.joinpoint.MethodInvocation.invokeNext(MethodInvocation.java:101)
	at org.jboss.aspects.tx.TxPropagationInterceptor.invoke(TxPropagationInterceptor.java:95)
	at org.jboss.aop.joinpoint.MethodInvocation.invokeNext(MethodInvocation.java:101)
	at org.jboss.ejb3.stateless.StatelessInstanceInterceptor.invoke(StatelessInstanceInterceptor.java:62)
	at org.jboss.aop.joinpoint.MethodInvocation.invokeNext(MethodInvocation.java:101)
	at org.jboss.aspects.security.AuthenticationInterceptor.invoke(AuthenticationInterceptor.java:77)
	at org.jboss.ejb3.security.Ejb3AuthenticationInterceptor.invoke(Ejb3AuthenticationInterceptor.java:110)
	at org.jboss.aop.joinpoint.MethodInvocation.invokeNext(MethodInvocation.java:101)
	at org.jboss.ejb3.ENCPropagationInterceptor.invoke(ENCPropagationInterceptor.java:46)
	at org.jboss.aop.joinpoint.MethodInvocation.invokeNext(MethodInvocation.java:101)
	at org.jboss.ejb3.asynchronous.AsynchronousInterceptor.invoke(AsynchronousInterceptor.java:106)
	at org.jboss.aop.joinpoint.MethodInvocation.invokeNext(MethodInvocation.java:101)
	at org.jboss.ejb3.stateless.StatelessContainer.dynamicInvoke(StatelessContainer.java:304)
	at org.jboss.aop.Dispatcher.invoke(Dispatcher.java:106)
	at org.jboss.aspects.remoting.AOPRemotingInvocationHandler.invoke(AOPRemotingInvocationHandler.java:82)
	at org.jboss.remoting.ServerInvoker.invoke(ServerInvoker.java:769)
	at org.jboss.remoting.transport.socket.ServerThread.processInvocation(ServerThread.java:573)
	at org.jboss.remoting.transport.socket.ServerThread.dorun(ServerThread.java:373)
	at org.jboss.remoting.transport.socket.ServerThread.run(ServerThread.java:166)
Caused by: org.hibernate.exception.GenericJDBCException: Cannot open connection
	at org.hibernate.exception.SQLStateConverter.handledNonSpecificException(SQLStateConverter.java:103)
	at org.hibernate.exception.SQLStateConverter.convert(SQLStateConverter.java:91)
	at org.hibernate.exception.JDBCExceptionHelper.convert(JDBCExceptionHelper.java:43)
	at org.hibernate.exception.JDBCExceptionHelper.convert(JDBCExceptionHelper.java:29)
	at org.hibernate.jdbc.ConnectionManager.openConnection(ConnectionManager.java:426)
	at org.hibernate.jdbc.ConnectionManager.getConnection(ConnectionManager.java:144)
	at org.hibernate.jdbc.AbstractBatcher.prepareQueryStatement(AbstractBatcher.java:139)
	at org.hibernate.loader.Loader.prepareQueryStatement(Loader.java:1547)
	at org.hibernate.loader.Loader.doQuery(Loader.java:673)
	at org.hibernate.loader.Loader.doQueryAndInitializeNonLazyCollections(Loader.java:236)
	at org.hibernate.loader.Loader.loadEntity(Loader.java:1860)
	at org.hibernate.loader.entity.AbstractEntityLoader.load(AbstractEntityLoader.java:48)
	at org.hibernate.loader.entity.AbstractEntityLoader.load(AbstractEntityLoader.java:42)
	at org.hibernate.persister.entity.AbstractEntityPersister.load(AbstractEntityPersister.java:3044)
	at org.hibernate.event.def.DefaultLoadEventListener.loadFromDatasource(DefaultLoadEventListener.java:395)
	at org.hibernate.event.def.DefaultLoadEventListener.doLoad(DefaultLoadEventListener.java:375)
	at org.hibernate.event.def.DefaultLoadEventListener.load(DefaultLoadEventListener.java:139)
	at org.hibernate.event.def.DefaultLoadEventListener.proxyOrLoad(DefaultLoadEventListener.java:195)
	at org.hibernate.event.def.DefaultLoadEventListener.onLoad(DefaultLoadEventListener.java:103)
	at org.hibernate.impl.SessionImpl.fireLoad(SessionImpl.java:878)
	at org.hibernate.impl.SessionImpl.get(SessionImpl.java:815)
	at org.hibernate.impl.SessionImpl.get(SessionImpl.java:808)
	at org.hibernate.ejb.AbstractEntityManagerImpl.find(AbstractEntityManagerImpl.java:174)
Caused by: org.jboss.util.NestedSQLException: Could not create connection; - nested throwable: (java.sql.SQLException: com.informix.asf.IfxASFException: Attempt to connect to database server (topcoder) failed.); - nested throwable: (org.jboss.resource.JBossResourceException: Could not create connection; - nested throwable: (java.sql.SQLException: com.informix.asf.IfxASFException: Attempt to connect to database server (topcoder) failed.))
	at org.jboss.resource.adapter.jdbc.WrapperDataSource.getConnection(WrapperDataSource.java:94)
	at org.hibernate.ejb.connection.InjectedDataSourceConnectionProvider.getConnection(InjectedDataSourceConnectionProvider.java:47)
	at org.hibernate.jdbc.ConnectionManager.openConnection(ConnectionManager.java:423)
Caused by: org.jboss.resource.JBossResourceException: Could not create connection; - nested throwable: (java.sql.SQLException: com.informix.asf.IfxASFException: Attempt to connect to database server (topcoder) failed.)
	at org.jboss.resource.adapter.jdbc.local.LocalManagedConnectionFactory.createManagedConnection(LocalManagedConnectionFactory.java:179)
	at org.jboss.resource.connectionmanager.InternalManagedConnectionPool.createConnectionEventListener(InternalManagedConnectionPool.java:577)
	at org.jboss.resource.connectionmanager.InternalManagedConnectionPool.getConnection(InternalManagedConnectionPool.java:262)
	at org.jboss.resource.connectionmanager.JBossManagedConnectionPool$BasePool.getConnection(JBossManagedConnectionPool.java:538)
	at org.jboss.resource.connectionmanager.BaseConnectionManager2.getManagedConnection(BaseConnectionManager2.java:341)
	at org.jboss.resource.connectionmanager.TxConnectionManager.getManagedConnection(TxConnectionManager.java:315)
	at org.jboss.resource.connectionmanager.BaseConnectionManager2.allocateConnection(BaseConnectionManager2.java:396)
	at org.jboss.resource.connectionmanager.BaseConnectionManager2$ConnectionManagerProxy.allocateConnection(BaseConnectionManager2.java:842)
	at org.jboss.resource.adapter.jdbc.WrapperDataSource.getConnection(WrapperDataSource.java:88)
Caused by: java.sql.SQLException: com.informix.asf.IfxASFException: Attempt to connect to database server (topcoder) failed.
	at com.informix.jdbc.IfxSqliConnect.&lt;init&gt;(IfxSqliConnect.java:1026)
	at java.lang.reflect.Constructor.newInstance(Constructor.java:494)
	at com.informix.jdbc.IfxDriver.connect(IfxDriver.java:254)
	at org.jboss.resource.adapter.jdbc.local.LocalManagedConnectionFactory.createManagedConnection(LocalManagedConnectionFactory.java:171)
</error>
  </testcase>
  <testcase classname="com.topcoder.service.digitalrun.contest.failuretests.DigitalRunContestManagerBeanFailureTest" name="testRemoveTrackContestTypeWithEntityNotFoundException" time="0.188">
    <error message="Persistence error occurs while removing track contest type." type="com.topcoder.service.digitalrun.contest.DigitalRunContestManagerException">com.topcoder.service.digitalrun.contest.DigitalRunContestManagerException: Persistence error occurs while removing track contest type.
	at com.topcoder.service.digitalrun.contest.DigitalRunContestManagerBean.removeTrackContestType(DigitalRunContestManagerBean.java:784)
	at org.jboss.aop.joinpoint.MethodInvocation.invokeNext(MethodInvocation.java:112)
	at org.jboss.ejb3.interceptor.InvocationContextImpl.proceed(InvocationContextImpl.java:166)
	at org.jboss.ejb3.interceptor.EJB3InterceptorsInterceptor.invoke(EJB3InterceptorsInterceptor.java:63)
	at org.jboss.aop.joinpoint.MethodInvocation.invokeNext(MethodInvocation.java:101)
	at org.jboss.ejb3.entity.TransactionScopedEntityManagerInterceptor.invoke(TransactionScopedEntityManagerInterceptor.java:54)
	at org.jboss.aop.joinpoint.MethodInvocation.invokeNext(MethodInvocation.java:101)
	at org.jboss.ejb3.AllowedOperationsInterceptor.invoke(AllowedOperationsInterceptor.java:47)
	at org.jboss.aop.joinpoint.MethodInvocation.invokeNext(MethodInvocation.java:101)
	at org.jboss.aspects.tx.TxPolicy.invokeInOurTx(TxPolicy.java:79)
	at org.jboss.aspects.tx.TxInterceptor$Required.invoke(TxInterceptor.java:191)
	at org.jboss.aop.joinpoint.MethodInvocation.invokeNext(MethodInvocation.java:101)
	at org.jboss.aspects.tx.TxPropagationInterceptor.invoke(TxPropagationInterceptor.java:95)
	at org.jboss.aop.joinpoint.MethodInvocation.invokeNext(MethodInvocation.java:101)
	at org.jboss.ejb3.stateless.StatelessInstanceInterceptor.invoke(StatelessInstanceInterceptor.java:62)
	at org.jboss.aop.joinpoint.MethodInvocation.invokeNext(MethodInvocation.java:101)
	at org.jboss.aspects.security.AuthenticationInterceptor.invoke(AuthenticationInterceptor.java:77)
	at org.jboss.ejb3.security.Ejb3AuthenticationInterceptor.invoke(Ejb3AuthenticationInterceptor.java:110)
	at org.jboss.aop.joinpoint.MethodInvocation.invokeNext(MethodInvocation.java:101)
	at org.jboss.ejb3.ENCPropagationInterceptor.invoke(ENCPropagationInterceptor.java:46)
	at org.jboss.aop.joinpoint.MethodInvocation.invokeNext(MethodInvocation.java:101)
	at org.jboss.ejb3.asynchronous.AsynchronousInterceptor.invoke(AsynchronousInterceptor.java:106)
	at org.jboss.aop.joinpoint.MethodInvocation.invokeNext(MethodInvocation.java:101)
	at org.jboss.ejb3.stateless.StatelessContainer.dynamicInvoke(StatelessContainer.java:304)
	at org.jboss.aop.Dispatcher.invoke(Dispatcher.java:106)
	at org.jboss.aspects.remoting.AOPRemotingInvocationHandler.invoke(AOPRemotingInvocationHandler.java:82)
	at org.jboss.remoting.ServerInvoker.invoke(ServerInvoker.java:769)
	at org.jboss.remoting.transport.socket.ServerThread.processInvocation(ServerThread.java:573)
	at org.jboss.remoting.transport.socket.ServerThread.dorun(ServerThread.java:373)
	at org.jboss.remoting.transport.socket.ServerThread.run(ServerThread.java:166)
Caused by: com.topcoder.service.digitalrun.contest.PersistenceException: org.hibernate.exception.GenericJDBCException: Cannot open connection
	at com.topcoder.service.digitalrun.contest.persistence.BaseHibernateDAO.findEntity(BaseHibernateDAO.java:358)
	at com.topcoder.service.digitalrun.contest.persistence.BaseHibernateDAO.errorIfEntityNotExists(BaseHibernateDAO.java:318)
	at com.topcoder.service.digitalrun.contest.persistence.HibernateTrackContestTypeDAO.removeTrackContestType(HibernateTrackContestTypeDAO.java:168)
	at com.topcoder.service.digitalrun.contest.DigitalRunContestManagerBean.removeTrackContestType(DigitalRunContestManagerBean.java:782)
	at org.jboss.aop.joinpoint.MethodInvocation.invokeNext(MethodInvocation.java:112)
	at org.jboss.ejb3.interceptor.InvocationContextImpl.proceed(InvocationContextImpl.java:166)
	at org.jboss.ejb3.interceptor.EJB3InterceptorsInterceptor.invoke(EJB3InterceptorsInterceptor.java:63)
	at org.jboss.aop.joinpoint.MethodInvocation.invokeNext(MethodInvocation.java:101)
	at org.jboss.ejb3.entity.TransactionScopedEntityManagerInterceptor.invoke(TransactionScopedEntityManagerInterceptor.java:54)
	at org.jboss.aop.joinpoint.MethodInvocation.invokeNext(MethodInvocation.java:101)
	at org.jboss.ejb3.AllowedOperationsInterceptor.invoke(AllowedOperationsInterceptor.java:47)
	at org.jboss.aop.joinpoint.MethodInvocation.invokeNext(MethodInvocation.java:101)
	at org.jboss.aspects.tx.TxPolicy.invokeInOurTx(TxPolicy.java:79)
	at org.jboss.aspects.tx.TxInterceptor$Required.invoke(TxInterceptor.java:191)
	at org.jboss.aop.joinpoint.MethodInvocation.invokeNext(MethodInvocation.java:101)
	at org.jboss.aspects.tx.TxPropagationInterceptor.invoke(TxPropagationInterceptor.java:95)
	at org.jboss.aop.joinpoint.MethodInvocation.invokeNext(MethodInvocation.java:101)
	at org.jboss.ejb3.stateless.StatelessInstanceInterceptor.invoke(StatelessInstanceInterceptor.java:62)
	at org.jboss.aop.joinpoint.MethodInvocation.invokeNext(MethodInvocation.java:101)
	at org.jboss.aspects.security.AuthenticationInterceptor.invoke(AuthenticationInterceptor.java:77)
	at org.jboss.ejb3.security.Ejb3AuthenticationInterceptor.invoke(Ejb3AuthenticationInterceptor.java:110)
	at org.jboss.aop.joinpoint.MethodInvocation.invokeNext(MethodInvocation.java:101)
	at org.jboss.ejb3.ENCPropagationInterceptor.invoke(ENCPropagationInterceptor.java:46)
	at org.jboss.aop.joinpoint.MethodInvocation.invokeNext(MethodInvocation.java:101)
	at org.jboss.ejb3.asynchronous.AsynchronousInterceptor.invoke(AsynchronousInterceptor.java:106)
	at org.jboss.aop.joinpoint.MethodInvocation.invokeNext(MethodInvocation.java:101)
	at org.jboss.ejb3.stateless.StatelessContainer.dynamicInvoke(StatelessContainer.java:304)
	at org.jboss.aop.Dispatcher.invoke(Dispatcher.java:106)
	at org.jboss.aspects.remoting.AOPRemotingInvocationHandler.invoke(AOPRemotingInvocationHandler.java:82)
	at org.jboss.remoting.ServerInvoker.invoke(ServerInvoker.java:769)
	at org.jboss.remoting.transport.socket.ServerThread.processInvocation(ServerThread.java:573)
	at org.jboss.remoting.transport.socket.ServerThread.dorun(ServerThread.java:373)
	at org.jboss.remoting.transport.socket.ServerThread.run(ServerThread.java:166)
	at org.jboss.remoting.MicroRemoteClientInvoker.invoke(MicroRemoteClientInvoker.java:163)
	at org.jboss.remoting.Client.invoke(Client.java:1634)
	at org.jboss.remoting.Client.invoke(Client.java:548)
	at org.jboss.aspects.remoting.InvokeRemoteInterceptor.invoke(InvokeRemoteInterceptor.java:62)
	at org.jboss.aop.joinpoint.MethodInvocation.invokeNext(MethodInvocation.java:101)
	at org.jboss.aspects.tx.ClientTxPropagationInterceptor.invoke(ClientTxPropagationInterceptor.java:67)
	at org.jboss.aop.joinpoint.MethodInvocation.invokeNext(MethodInvocation.java:101)
	at org.jboss.aspects.security.SecurityClientInterceptor.invoke(SecurityClientInterceptor.java:53)
	at org.jboss.aop.joinpoint.MethodInvocation.invokeNext(MethodInvocation.java:101)
	at org.jboss.ejb3.remoting.IsLocalInterceptor.invoke(IsLocalInterceptor.java:74)
	at org.jboss.aop.joinpoint.MethodInvocation.invokeNext(MethodInvocation.java:101)
	at org.jboss.ejb3.stateless.StatelessRemoteProxy.invoke(StatelessRemoteProxy.java:107)
	at $Proxy7.removeTrackContestType(Unknown Source)
	at com.topcoder.service.digitalrun.contest.failuretests.DigitalRunContestManagerBeanFailureTest.testRemoveTrackContestTypeWithEntityNotFoundException(DigitalRunContestManagerBeanFailureTest.java:369)
	at org.jboss.aspects.remoting.InvokeRemoteInterceptor.invoke(InvokeRemoteInterceptor.java:74)
	at org.jboss.aop.joinpoint.MethodInvocation.invokeNext(MethodInvocation.java:101)
	at org.jboss.aspects.tx.ClientTxPropagationInterceptor.invoke(ClientTxPropagationInterceptor.java:67)
	at org.jboss.aop.joinpoint.MethodInvocation.invokeNext(MethodInvocation.java:101)
	at org.jboss.aspects.security.SecurityClientInterceptor.invoke(SecurityClientInterceptor.java:53)
	at org.jboss.aop.joinpoint.MethodInvocation.invokeNext(MethodInvocation.java:101)
	at org.jboss.ejb3.remoting.IsLocalInterceptor.invoke(IsLocalInterceptor.java:74)
	at org.jboss.aop.joinpoint.MethodInvocation.invokeNext(MethodInvocation.java:101)
	at org.jboss.ejb3.stateless.StatelessRemoteProxy.invoke(StatelessRemoteProxy.java:107)
	at $Proxy7.removeTrackContestType(Unknown Source)
	at com.topcoder.service.digitalrun.contest.failuretests.DigitalRunContestManagerBeanFailureTest.testRemoveTrackContestTypeWithEntityNotFoundException(DigitalRunContestManagerBeanFailureTest.java:369)
Caused by: javax.persistence.PersistenceException: org.hibernate.exception.GenericJDBCException: Cannot open connection
	at org.hibernate.ejb.AbstractEntityManagerImpl.throwPersistenceException(AbstractEntityManagerImpl.java:629)
	at org.hibernate.ejb.AbstractEntityManagerImpl.find(AbstractEntityManagerImpl.java:194)
	at org.jboss.ejb3.entity.TransactionScopedEntityManager.find(TransactionScopedEntityManager.java:171)
	at com.topcoder.service.digitalrun.contest.persistence.BaseHibernateDAO.findEntity(BaseHibernateDAO.java:355)
	at com.topcoder.service.digitalrun.contest.persistence.BaseHibernateDAO.errorIfEntityNotExists(BaseHibernateDAO.java:318)
	at com.topcoder.service.digitalrun.contest.persistence.HibernateTrackContestTypeDAO.removeTrackContestType(HibernateTrackContestTypeDAO.java:168)
	at com.topcoder.service.digitalrun.contest.DigitalRunContestManagerBean.removeTrackContestType(DigitalRunContestManagerBean.java:782)
	at org.jboss.aop.joinpoint.MethodInvocation.invokeNext(MethodInvocation.java:112)
	at org.jboss.ejb3.interceptor.InvocationContextImpl.proceed(InvocationContextImpl.java:166)
	at org.jboss.ejb3.interceptor.EJB3InterceptorsInterceptor.invoke(EJB3InterceptorsInterceptor.java:63)
	at org.jboss.aop.joinpoint.MethodInvocation.invokeNext(MethodInvocation.java:101)
	at org.jboss.ejb3.entity.TransactionScopedEntityManagerInterceptor.invoke(TransactionScopedEntityManagerInterceptor.java:54)
	at org.jboss.aop.joinpoint.MethodInvocation.invokeNext(MethodInvocation.java:101)
	at org.jboss.ejb3.AllowedOperationsInterceptor.invoke(AllowedOperationsInterceptor.java:47)
	at org.jboss.aop.joinpoint.MethodInvocation.invokeNext(MethodInvocation.java:101)
	at org.jboss.aspects.tx.TxPolicy.invokeInOurTx(TxPolicy.java:79)
	at org.jboss.aspects.tx.TxInterceptor$Required.invoke(TxInterceptor.java:191)
	at org.jboss.aop.joinpoint.MethodInvocation.invokeNext(MethodInvocation.java:101)
	at org.jboss.aspects.tx.TxPropagationInterceptor.invoke(TxPropagationInterceptor.java:95)
	at org.jboss.aop.joinpoint.MethodInvocation.invokeNext(MethodInvocation.java:101)
	at org.jboss.ejb3.stateless.StatelessInstanceInterceptor.invoke(StatelessInstanceInterceptor.java:62)
	at org.jboss.aop.joinpoint.MethodInvocation.invokeNext(MethodInvocation.java:101)
	at org.jboss.aspects.security.AuthenticationInterceptor.invoke(AuthenticationInterceptor.java:77)
	at org.jboss.ejb3.security.Ejb3AuthenticationInterceptor.invoke(Ejb3AuthenticationInterceptor.java:110)
	at org.jboss.aop.joinpoint.MethodInvocation.invokeNext(MethodInvocation.java:101)
	at org.jboss.ejb3.ENCPropagationInterceptor.invoke(ENCPropagationInterceptor.java:46)
	at org.jboss.aop.joinpoint.MethodInvocation.invokeNext(MethodInvocation.java:101)
	at org.jboss.ejb3.asynchronous.AsynchronousInterceptor.invoke(AsynchronousInterceptor.java:106)
	at org.jboss.aop.joinpoint.MethodInvocation.invokeNext(MethodInvocation.java:101)
	at org.jboss.ejb3.stateless.StatelessContainer.dynamicInvoke(StatelessContainer.java:304)
	at org.jboss.aop.Dispatcher.invoke(Dispatcher.java:106)
	at org.jboss.aspects.remoting.AOPRemotingInvocationHandler.invoke(AOPRemotingInvocationHandler.java:82)
	at org.jboss.remoting.ServerInvoker.invoke(ServerInvoker.java:769)
	at org.jboss.remoting.transport.socket.ServerThread.processInvocation(ServerThread.java:573)
	at org.jboss.remoting.transport.socket.ServerThread.dorun(ServerThread.java:373)
	at org.jboss.remoting.transport.socket.ServerThread.run(ServerThread.java:166)
Caused by: org.hibernate.exception.GenericJDBCException: Cannot open connection
	at org.hibernate.exception.SQLStateConverter.handledNonSpecificException(SQLStateConverter.java:103)
	at org.hibernate.exception.SQLStateConverter.convert(SQLStateConverter.java:91)
	at org.hibernate.exception.JDBCExceptionHelper.convert(JDBCExceptionHelper.java:43)
	at org.hibernate.exception.JDBCExceptionHelper.convert(JDBCExceptionHelper.java:29)
	at org.hibernate.jdbc.ConnectionManager.openConnection(ConnectionManager.java:426)
	at org.hibernate.jdbc.ConnectionManager.getConnection(ConnectionManager.java:144)
	at org.hibernate.jdbc.AbstractBatcher.prepareQueryStatement(AbstractBatcher.java:139)
	at org.hibernate.loader.Loader.prepareQueryStatement(Loader.java:1547)
	at org.hibernate.loader.Loader.doQuery(Loader.java:673)
	at org.hibernate.loader.Loader.doQueryAndInitializeNonLazyCollections(Loader.java:236)
	at org.hibernate.loader.Loader.loadEntity(Loader.java:1860)
	at org.hibernate.loader.entity.AbstractEntityLoader.load(AbstractEntityLoader.java:48)
	at org.hibernate.loader.entity.AbstractEntityLoader.load(AbstractEntityLoader.java:42)
	at org.hibernate.persister.entity.AbstractEntityPersister.load(AbstractEntityPersister.java:3044)
	at org.hibernate.event.def.DefaultLoadEventListener.loadFromDatasource(DefaultLoadEventListener.java:395)
	at org.hibernate.event.def.DefaultLoadEventListener.doLoad(DefaultLoadEventListener.java:375)
	at org.hibernate.event.def.DefaultLoadEventListener.load(DefaultLoadEventListener.java:139)
	at org.hibernate.event.def.DefaultLoadEventListener.proxyOrLoad(DefaultLoadEventListener.java:195)
	at org.hibernate.event.def.DefaultLoadEventListener.onLoad(DefaultLoadEventListener.java:103)
	at org.hibernate.impl.SessionImpl.fireLoad(SessionImpl.java:878)
	at org.hibernate.impl.SessionImpl.get(SessionImpl.java:815)
	at org.hibernate.impl.SessionImpl.get(SessionImpl.java:808)
	at org.hibernate.ejb.AbstractEntityManagerImpl.find(AbstractEntityManagerImpl.java:174)
Caused by: org.jboss.util.NestedSQLException: Could not create connection; - nested throwable: (java.sql.SQLException: com.informix.asf.IfxASFException: Attempt to connect to database server (topcoder) failed.); - nested throwable: (org.jboss.resource.JBossResourceException: Could not create connection; - nested throwable: (java.sql.SQLException: com.informix.asf.IfxASFException: Attempt to connect to database server (topcoder) failed.))
	at org.jboss.resource.adapter.jdbc.WrapperDataSource.getConnection(WrapperDataSource.java:94)
	at org.hibernate.ejb.connection.InjectedDataSourceConnectionProvider.getConnection(InjectedDataSourceConnectionProvider.java:47)
	at org.hibernate.jdbc.ConnectionManager.openConnection(ConnectionManager.java:423)
Caused by: org.jboss.resource.JBossResourceException: Could not create connection; - nested throwable: (java.sql.SQLException: com.informix.asf.IfxASFException: Attempt to connect to database server (topcoder) failed.)
	at org.jboss.resource.adapter.jdbc.local.LocalManagedConnectionFactory.createManagedConnection(LocalManagedConnectionFactory.java:179)
	at org.jboss.resource.connectionmanager.InternalManagedConnectionPool.createConnectionEventListener(InternalManagedConnectionPool.java:577)
	at org.jboss.resource.connectionmanager.InternalManagedConnectionPool.getConnection(InternalManagedConnectionPool.java:262)
	at org.jboss.resource.connectionmanager.JBossManagedConnectionPool$BasePool.getConnection(JBossManagedConnectionPool.java:538)
	at org.jboss.resource.connectionmanager.BaseConnectionManager2.getManagedConnection(BaseConnectionManager2.java:341)
	at org.jboss.resource.connectionmanager.TxConnectionManager.getManagedConnection(TxConnectionManager.java:315)
	at org.jboss.resource.connectionmanager.BaseConnectionManager2.allocateConnection(BaseConnectionManager2.java:396)
	at org.jboss.resource.connectionmanager.BaseConnectionManager2$ConnectionManagerProxy.allocateConnection(BaseConnectionManager2.java:842)
	at org.jboss.resource.adapter.jdbc.WrapperDataSource.getConnection(WrapperDataSource.java:88)
Caused by: java.sql.SQLException: com.informix.asf.IfxASFException: Attempt to connect to database server (topcoder) failed.
	at com.informix.jdbc.IfxSqliConnect.&lt;init&gt;(IfxSqliConnect.java:1026)
	at java.lang.reflect.Constructor.newInstance(Constructor.java:494)
	at com.informix.jdbc.IfxDriver.connect(IfxDriver.java:254)
	at org.jboss.resource.adapter.jdbc.local.LocalManagedConnectionFactory.createManagedConnection(LocalManagedConnectionFactory.java:171)
</error>
  </testcase>
  <testcase classname="com.topcoder.service.digitalrun.contest.failuretests.DigitalRunContestManagerBeanFailureTest" name="testCreateTrackContestResultCalculatorWithIllegalArgumentException" time="0.015" />
  <testcase classname="com.topcoder.service.digitalrun.contest.failuretests.DigitalRunContestManagerBeanFailureTest" name="testCreateTrackContestResultCalculatorWithEntityExistsException" time="0.063">
    <error message="Persistence error occurs while creating track contest result calculator." type="com.topcoder.service.digitalrun.contest.DigitalRunContestManagerException">com.topcoder.service.digitalrun.contest.DigitalRunContestManagerException: Persistence error occurs while creating track contest result calculator.
	at com.topcoder.service.digitalrun.contest.DigitalRunContestManagerBean.createTrackContestResultCalculator(DigitalRunContestManagerBean.java:877)
	at org.jboss.aop.joinpoint.MethodInvocation.invokeNext(MethodInvocation.java:112)
	at org.jboss.ejb3.interceptor.InvocationContextImpl.proceed(InvocationContextImpl.java:166)
	at org.jboss.ejb3.interceptor.EJB3InterceptorsInterceptor.invoke(EJB3InterceptorsInterceptor.java:63)
	at org.jboss.aop.joinpoint.MethodInvocation.invokeNext(MethodInvocation.java:101)
	at org.jboss.ejb3.entity.TransactionScopedEntityManagerInterceptor.invoke(TransactionScopedEntityManagerInterceptor.java:54)
	at org.jboss.aop.joinpoint.MethodInvocation.invokeNext(MethodInvocation.java:101)
	at org.jboss.ejb3.AllowedOperationsInterceptor.invoke(AllowedOperationsInterceptor.java:47)
	at org.jboss.aop.joinpoint.MethodInvocation.invokeNext(MethodInvocation.java:101)
	at org.jboss.aspects.tx.TxPolicy.invokeInOurTx(TxPolicy.java:79)
	at org.jboss.aspects.tx.TxInterceptor$Required.invoke(TxInterceptor.java:191)
	at org.jboss.aop.joinpoint.MethodInvocation.invokeNext(MethodInvocation.java:101)
	at org.jboss.aspects.tx.TxPropagationInterceptor.invoke(TxPropagationInterceptor.java:95)
	at org.jboss.aop.joinpoint.MethodInvocation.invokeNext(MethodInvocation.java:101)
	at org.jboss.ejb3.stateless.StatelessInstanceInterceptor.invoke(StatelessInstanceInterceptor.java:62)
	at org.jboss.aop.joinpoint.MethodInvocation.invokeNext(MethodInvocation.java:101)
	at org.jboss.aspects.security.AuthenticationInterceptor.invoke(AuthenticationInterceptor.java:77)
	at org.jboss.ejb3.security.Ejb3AuthenticationInterceptor.invoke(Ejb3AuthenticationInterceptor.java:110)
	at org.jboss.aop.joinpoint.MethodInvocation.invokeNext(MethodInvocation.java:101)
	at org.jboss.ejb3.ENCPropagationInterceptor.invoke(ENCPropagationInterceptor.java:46)
	at org.jboss.aop.joinpoint.MethodInvocation.invokeNext(MethodInvocation.java:101)
	at org.jboss.ejb3.asynchronous.AsynchronousInterceptor.invoke(AsynchronousInterceptor.java:106)
	at org.jboss.aop.joinpoint.MethodInvocation.invokeNext(MethodInvocation.java:101)
	at org.jboss.ejb3.stateless.StatelessContainer.dynamicInvoke(StatelessContainer.java:304)
	at org.jboss.aop.Dispatcher.invoke(Dispatcher.java:106)
	at org.jboss.aspects.remoting.AOPRemotingInvocationHandler.invoke(AOPRemotingInvocationHandler.java:82)
	at org.jboss.remoting.ServerInvoker.invoke(ServerInvoker.java:769)
	at org.jboss.remoting.transport.socket.ServerThread.processInvocation(ServerThread.java:573)
	at org.jboss.remoting.transport.socket.ServerThread.dorun(ServerThread.java:373)
	at org.jboss.remoting.transport.socket.ServerThread.run(ServerThread.java:166)
Caused by: com.topcoder.service.digitalrun.contest.PersistenceException: org.hibernate.exception.GenericJDBCException: Cannot open connection
	at com.topcoder.service.digitalrun.contest.persistence.BaseHibernateDAO.findEntity(BaseHibernateDAO.java:358)
	at com.topcoder.service.digitalrun.contest.persistence.BaseHibernateDAO.errorIfEntityExists(BaseHibernateDAO.java:250)
	at com.topcoder.service.digitalrun.contest.persistence.HibernateTrackContestResultCalculatorDAO.createTrackContestResultCalculator(HibernateTrackContestResultCalculatorDAO.java:98)
	at com.topcoder.service.digitalrun.contest.DigitalRunContestManagerBean.createTrackContestResultCalculator(DigitalRunContestManagerBean.java:875)
	at org.jboss.aop.joinpoint.MethodInvocation.invokeNext(MethodInvocation.java:112)
	at org.jboss.ejb3.interceptor.InvocationContextImpl.proceed(InvocationContextImpl.java:166)
	at org.jboss.ejb3.interceptor.EJB3InterceptorsInterceptor.invoke(EJB3InterceptorsInterceptor.java:63)
	at org.jboss.aop.joinpoint.MethodInvocation.invokeNext(MethodInvocation.java:101)
	at org.jboss.ejb3.entity.TransactionScopedEntityManagerInterceptor.invoke(TransactionScopedEntityManagerInterceptor.java:54)
	at org.jboss.aop.joinpoint.MethodInvocation.invokeNext(MethodInvocation.java:101)
	at org.jboss.ejb3.AllowedOperationsInterceptor.invoke(AllowedOperationsInterceptor.java:47)
	at org.jboss.aop.joinpoint.MethodInvocation.invokeNext(MethodInvocation.java:101)
	at org.jboss.aspects.tx.TxPolicy.invokeInOurTx(TxPolicy.java:79)
	at org.jboss.aspects.tx.TxInterceptor$Required.invoke(TxInterceptor.java:191)
	at org.jboss.aop.joinpoint.MethodInvocation.invokeNext(MethodInvocation.java:101)
	at org.jboss.aspects.tx.TxPropagationInterceptor.invoke(TxPropagationInterceptor.java:95)
	at org.jboss.aop.joinpoint.MethodInvocation.invokeNext(MethodInvocation.java:101)
	at org.jboss.ejb3.stateless.StatelessInstanceInterceptor.invoke(StatelessInstanceInterceptor.java:62)
	at org.jboss.aop.joinpoint.MethodInvocation.invokeNext(MethodInvocation.java:101)
	at org.jboss.aspects.security.AuthenticationInterceptor.invoke(AuthenticationInterceptor.java:77)
	at org.jboss.ejb3.security.Ejb3AuthenticationInterceptor.invoke(Ejb3AuthenticationInterceptor.java:110)
	at org.jboss.aop.joinpoint.MethodInvocation.invokeNext(MethodInvocation.java:101)
	at org.jboss.ejb3.ENCPropagationInterceptor.invoke(ENCPropagationInterceptor.java:46)
	at org.jboss.aop.joinpoint.MethodInvocation.invokeNext(MethodInvocation.java:101)
	at org.jboss.ejb3.asynchronous.AsynchronousInterceptor.invoke(AsynchronousInterceptor.java:106)
	at org.jboss.aop.joinpoint.MethodInvocation.invokeNext(MethodInvocation.java:101)
	at org.jboss.ejb3.stateless.StatelessContainer.dynamicInvoke(StatelessContainer.java:304)
	at org.jboss.aop.Dispatcher.invoke(Dispatcher.java:106)
	at org.jboss.aspects.remoting.AOPRemotingInvocationHandler.invoke(AOPRemotingInvocationHandler.java:82)
	at org.jboss.remoting.ServerInvoker.invoke(ServerInvoker.java:769)
	at org.jboss.remoting.transport.socket.ServerThread.processInvocation(ServerThread.java:573)
	at org.jboss.remoting.transport.socket.ServerThread.dorun(ServerThread.java:373)
	at org.jboss.remoting.transport.socket.ServerThread.run(ServerThread.java:166)
	at org.jboss.remoting.MicroRemoteClientInvoker.invoke(MicroRemoteClientInvoker.java:163)
	at org.jboss.remoting.Client.invoke(Client.java:1634)
	at org.jboss.remoting.Client.invoke(Client.java:548)
	at org.jboss.aspects.remoting.InvokeRemoteInterceptor.invoke(InvokeRemoteInterceptor.java:62)
	at org.jboss.aop.joinpoint.MethodInvocation.invokeNext(MethodInvocation.java:101)
	at org.jboss.aspects.tx.ClientTxPropagationInterceptor.invoke(ClientTxPropagationInterceptor.java:67)
	at org.jboss.aop.joinpoint.MethodInvocation.invokeNext(MethodInvocation.java:101)
	at org.jboss.aspects.security.SecurityClientInterceptor.invoke(SecurityClientInterceptor.java:53)
	at org.jboss.aop.joinpoint.MethodInvocation.invokeNext(MethodInvocation.java:101)
	at org.jboss.ejb3.remoting.IsLocalInterceptor.invoke(IsLocalInterceptor.java:74)
	at org.jboss.aop.joinpoint.MethodInvocation.invokeNext(MethodInvocation.java:101)
	at org.jboss.ejb3.stateless.StatelessRemoteProxy.invoke(StatelessRemoteProxy.java:107)
	at $Proxy7.createTrackContestResultCalculator(Unknown Source)
	at com.topcoder.service.digitalrun.contest.failuretests.DigitalRunContestManagerBeanFailureTest.testCreateTrackContestResultCalculatorWithEntityExistsException(DigitalRunContestManagerBeanFailureTest.java:407)
	at org.jboss.aspects.remoting.InvokeRemoteInterceptor.invoke(InvokeRemoteInterceptor.java:74)
	at org.jboss.aop.joinpoint.MethodInvocation.invokeNext(MethodInvocation.java:101)
	at org.jboss.aspects.tx.ClientTxPropagationInterceptor.invoke(ClientTxPropagationInterceptor.java:67)
	at org.jboss.aop.joinpoint.MethodInvocation.invokeNext(MethodInvocation.java:101)
	at org.jboss.aspects.security.SecurityClientInterceptor.invoke(SecurityClientInterceptor.java:53)
	at org.jboss.aop.joinpoint.MethodInvocation.invokeNext(MethodInvocation.java:101)
	at org.jboss.ejb3.remoting.IsLocalInterceptor.invoke(IsLocalInterceptor.java:74)
	at org.jboss.aop.joinpoint.MethodInvocation.invokeNext(MethodInvocation.java:101)
	at org.jboss.ejb3.stateless.StatelessRemoteProxy.invoke(StatelessRemoteProxy.java:107)
	at $Proxy7.createTrackContestResultCalculator(Unknown Source)
	at com.topcoder.service.digitalrun.contest.failuretests.DigitalRunContestManagerBeanFailureTest.testCreateTrackContestResultCalculatorWithEntityExistsException(DigitalRunContestManagerBeanFailureTest.java:407)
Caused by: javax.persistence.PersistenceException: org.hibernate.exception.GenericJDBCException: Cannot open connection
	at org.hibernate.ejb.AbstractEntityManagerImpl.throwPersistenceException(AbstractEntityManagerImpl.java:629)
	at org.hibernate.ejb.AbstractEntityManagerImpl.find(AbstractEntityManagerImpl.java:194)
	at org.jboss.ejb3.entity.TransactionScopedEntityManager.find(TransactionScopedEntityManager.java:171)
	at com.topcoder.service.digitalrun.contest.persistence.BaseHibernateDAO.findEntity(BaseHibernateDAO.java:355)
	at com.topcoder.service.digitalrun.contest.persistence.BaseHibernateDAO.errorIfEntityExists(BaseHibernateDAO.java:250)
	at com.topcoder.service.digitalrun.contest.persistence.HibernateTrackContestResultCalculatorDAO.createTrackContestResultCalculator(HibernateTrackContestResultCalculatorDAO.java:98)
	at com.topcoder.service.digitalrun.contest.DigitalRunContestManagerBean.createTrackContestResultCalculator(DigitalRunContestManagerBean.java:875)
	at org.jboss.aop.joinpoint.MethodInvocation.invokeNext(MethodInvocation.java:112)
	at org.jboss.ejb3.interceptor.InvocationContextImpl.proceed(InvocationContextImpl.java:166)
	at org.jboss.ejb3.interceptor.EJB3InterceptorsInterceptor.invoke(EJB3InterceptorsInterceptor.java:63)
	at org.jboss.aop.joinpoint.MethodInvocation.invokeNext(MethodInvocation.java:101)
	at org.jboss.ejb3.entity.TransactionScopedEntityManagerInterceptor.invoke(TransactionScopedEntityManagerInterceptor.java:54)
	at org.jboss.aop.joinpoint.MethodInvocation.invokeNext(MethodInvocation.java:101)
	at org.jboss.ejb3.AllowedOperationsInterceptor.invoke(AllowedOperationsInterceptor.java:47)
	at org.jboss.aop.joinpoint.MethodInvocation.invokeNext(MethodInvocation.java:101)
	at org.jboss.aspects.tx.TxPolicy.invokeInOurTx(TxPolicy.java:79)
	at org.jboss.aspects.tx.TxInterceptor$Required.invoke(TxInterceptor.java:191)
	at org.jboss.aop.joinpoint.MethodInvocation.invokeNext(MethodInvocation.java:101)
	at org.jboss.aspects.tx.TxPropagationInterceptor.invoke(TxPropagationInterceptor.java:95)
	at org.jboss.aop.joinpoint.MethodInvocation.invokeNext(MethodInvocation.java:101)
	at org.jboss.ejb3.stateless.StatelessInstanceInterceptor.invoke(StatelessInstanceInterceptor.java:62)
	at org.jboss.aop.joinpoint.MethodInvocation.invokeNext(MethodInvocation.java:101)
	at org.jboss.aspects.security.AuthenticationInterceptor.invoke(AuthenticationInterceptor.java:77)
	at org.jboss.ejb3.security.Ejb3AuthenticationInterceptor.invoke(Ejb3AuthenticationInterceptor.java:110)
	at org.jboss.aop.joinpoint.MethodInvocation.invokeNext(MethodInvocation.java:101)
	at org.jboss.ejb3.ENCPropagationInterceptor.invoke(ENCPropagationInterceptor.java:46)
	at org.jboss.aop.joinpoint.MethodInvocation.invokeNext(MethodInvocation.java:101)
	at org.jboss.ejb3.asynchronous.AsynchronousInterceptor.invoke(AsynchronousInterceptor.java:106)
	at org.jboss.aop.joinpoint.MethodInvocation.invokeNext(MethodInvocation.java:101)
	at org.jboss.ejb3.stateless.StatelessContainer.dynamicInvoke(StatelessContainer.java:304)
	at org.jboss.aop.Dispatcher.invoke(Dispatcher.java:106)
	at org.jboss.aspects.remoting.AOPRemotingInvocationHandler.invoke(AOPRemotingInvocationHandler.java:82)
	at org.jboss.remoting.ServerInvoker.invoke(ServerInvoker.java:769)
	at org.jboss.remoting.transport.socket.ServerThread.processInvocation(ServerThread.java:573)
	at org.jboss.remoting.transport.socket.ServerThread.dorun(ServerThread.java:373)
	at org.jboss.remoting.transport.socket.ServerThread.run(ServerThread.java:166)
Caused by: org.hibernate.exception.GenericJDBCException: Cannot open connection
	at org.hibernate.exception.SQLStateConverter.handledNonSpecificException(SQLStateConverter.java:103)
	at org.hibernate.exception.SQLStateConverter.convert(SQLStateConverter.java:91)
	at org.hibernate.exception.JDBCExceptionHelper.convert(JDBCExceptionHelper.java:43)
	at org.hibernate.exception.JDBCExceptionHelper.convert(JDBCExceptionHelper.java:29)
	at org.hibernate.jdbc.ConnectionManager.openConnection(ConnectionManager.java:426)
	at org.hibernate.jdbc.ConnectionManager.getConnection(ConnectionManager.java:144)
	at org.hibernate.jdbc.AbstractBatcher.prepareQueryStatement(AbstractBatcher.java:139)
	at org.hibernate.loader.Loader.prepareQueryStatement(Loader.java:1547)
	at org.hibernate.loader.Loader.doQuery(Loader.java:673)
	at org.hibernate.loader.Loader.doQueryAndInitializeNonLazyCollections(Loader.java:236)
	at org.hibernate.loader.Loader.loadEntity(Loader.java:1860)
	at org.hibernate.loader.entity.AbstractEntityLoader.load(AbstractEntityLoader.java:48)
	at org.hibernate.loader.entity.AbstractEntityLoader.load(AbstractEntityLoader.java:42)
	at org.hibernate.persister.entity.AbstractEntityPersister.load(AbstractEntityPersister.java:3044)
	at org.hibernate.event.def.DefaultLoadEventListener.loadFromDatasource(DefaultLoadEventListener.java:395)
	at org.hibernate.event.def.DefaultLoadEventListener.doLoad(DefaultLoadEventListener.java:375)
	at org.hibernate.event.def.DefaultLoadEventListener.load(DefaultLoadEventListener.java:139)
	at org.hibernate.event.def.DefaultLoadEventListener.proxyOrLoad(DefaultLoadEventListener.java:195)
	at org.hibernate.event.def.DefaultLoadEventListener.onLoad(DefaultLoadEventListener.java:103)
	at org.hibernate.impl.SessionImpl.fireLoad(SessionImpl.java:878)
	at org.hibernate.impl.SessionImpl.get(SessionImpl.java:815)
	at org.hibernate.impl.SessionImpl.get(SessionImpl.java:808)
	at org.hibernate.ejb.AbstractEntityManagerImpl.find(AbstractEntityManagerImpl.java:174)
Caused by: org.jboss.util.NestedSQLException: Could not create connection; - nested throwable: (java.sql.SQLException: com.informix.asf.IfxASFException: Attempt to connect to database server (topcoder) failed.); - nested throwable: (org.jboss.resource.JBossResourceException: Could not create connection; - nested throwable: (java.sql.SQLException: com.informix.asf.IfxASFException: Attempt to connect to database server (topcoder) failed.))
	at org.jboss.resource.adapter.jdbc.WrapperDataSource.getConnection(WrapperDataSource.java:94)
	at org.hibernate.ejb.connection.InjectedDataSourceConnectionProvider.getConnection(InjectedDataSourceConnectionProvider.java:47)
	at org.hibernate.jdbc.ConnectionManager.openConnection(ConnectionManager.java:423)
Caused by: org.jboss.resource.JBossResourceException: Could not create connection; - nested throwable: (java.sql.SQLException: com.informix.asf.IfxASFException: Attempt to connect to database server (topcoder) failed.)
	at org.jboss.resource.adapter.jdbc.local.LocalManagedConnectionFactory.createManagedConnection(LocalManagedConnectionFactory.java:179)
	at org.jboss.resource.connectionmanager.InternalManagedConnectionPool.createConnectionEventListener(InternalManagedConnectionPool.java:577)
	at org.jboss.resource.connectionmanager.InternalManagedConnectionPool.getConnection(InternalManagedConnectionPool.java:262)
	at org.jboss.resource.connectionmanager.JBossManagedConnectionPool$BasePool.getConnection(JBossManagedConnectionPool.java:538)
	at org.jboss.resource.connectionmanager.BaseConnectionManager2.getManagedConnection(BaseConnectionManager2.java:341)
	at org.jboss.resource.connectionmanager.TxConnectionManager.getManagedConnection(TxConnectionManager.java:315)
	at org.jboss.resource.connectionmanager.BaseConnectionManager2.allocateConnection(BaseConnectionManager2.java:396)
	at org.jboss.resource.connectionmanager.BaseConnectionManager2$ConnectionManagerProxy.allocateConnection(BaseConnectionManager2.java:842)
	at org.jboss.resource.adapter.jdbc.WrapperDataSource.getConnection(WrapperDataSource.java:88)
Caused by: java.sql.SQLException: com.informix.asf.IfxASFException: Attempt to connect to database server (topcoder) failed.
	at com.informix.jdbc.IfxSqliConnect.&lt;init&gt;(IfxSqliConnect.java:1026)
	at java.lang.reflect.Constructor.newInstance(Constructor.java:494)
	at com.informix.jdbc.IfxDriver.connect(IfxDriver.java:254)
	at org.jboss.resource.adapter.jdbc.local.LocalManagedConnectionFactory.createManagedConnection(LocalManagedConnectionFactory.java:171)
</error>
  </testcase>
  <testcase classname="com.topcoder.service.digitalrun.contest.failuretests.DigitalRunContestManagerBeanFailureTest" name="testCreateTrackContestResultCalculatorWithPersistenceException" time="0.047" />
  <testcase classname="com.topcoder.service.digitalrun.contest.failuretests.DigitalRunContestManagerBeanFailureTest" name="testUpdateTrackContestResultCalculatorWithIllegalArgumentException" time="0.125" />
  <testcase classname="com.topcoder.service.digitalrun.contest.failuretests.DigitalRunContestManagerBeanFailureTest" name="testUpdateTrackContestResultCalculatorWithEntityNotFoundException" time="0.031">
    <error message="Persistence error occurs while updating track contest result calculator." type="com.topcoder.service.digitalrun.contest.DigitalRunContestManagerException">com.topcoder.service.digitalrun.contest.DigitalRunContestManagerException: Persistence error occurs while updating track contest result calculator.
	at com.topcoder.service.digitalrun.contest.DigitalRunContestManagerBean.updateTrackContestResultCalculator(DigitalRunContestManagerBean.java:916)
	at org.jboss.aop.joinpoint.MethodInvocation.invokeNext(MethodInvocation.java:112)
	at org.jboss.ejb3.interceptor.InvocationContextImpl.proceed(InvocationContextImpl.java:166)
	at org.jboss.ejb3.interceptor.EJB3InterceptorsInterceptor.invoke(EJB3InterceptorsInterceptor.java:63)
	at org.jboss.aop.joinpoint.MethodInvocation.invokeNext(MethodInvocation.java:101)
	at org.jboss.ejb3.entity.TransactionScopedEntityManagerInterceptor.invoke(TransactionScopedEntityManagerInterceptor.java:54)
	at org.jboss.aop.joinpoint.MethodInvocation.invokeNext(MethodInvocation.java:101)
	at org.jboss.ejb3.AllowedOperationsInterceptor.invoke(AllowedOperationsInterceptor.java:47)
	at org.jboss.aop.joinpoint.MethodInvocation.invokeNext(MethodInvocation.java:101)
	at org.jboss.aspects.tx.TxPolicy.invokeInOurTx(TxPolicy.java:79)
	at org.jboss.aspects.tx.TxInterceptor$Required.invoke(TxInterceptor.java:191)
	at org.jboss.aop.joinpoint.MethodInvocation.invokeNext(MethodInvocation.java:101)
	at org.jboss.aspects.tx.TxPropagationInterceptor.invoke(TxPropagationInterceptor.java:95)
	at org.jboss.aop.joinpoint.MethodInvocation.invokeNext(MethodInvocation.java:101)
	at org.jboss.ejb3.stateless.StatelessInstanceInterceptor.invoke(StatelessInstanceInterceptor.java:62)
	at org.jboss.aop.joinpoint.MethodInvocation.invokeNext(MethodInvocation.java:101)
	at org.jboss.aspects.security.AuthenticationInterceptor.invoke(AuthenticationInterceptor.java:77)
	at org.jboss.ejb3.security.Ejb3AuthenticationInterceptor.invoke(Ejb3AuthenticationInterceptor.java:110)
	at org.jboss.aop.joinpoint.MethodInvocation.invokeNext(MethodInvocation.java:101)
	at org.jboss.ejb3.ENCPropagationInterceptor.invoke(ENCPropagationInterceptor.java:46)
	at org.jboss.aop.joinpoint.MethodInvocation.invokeNext(MethodInvocation.java:101)
	at org.jboss.ejb3.asynchronous.AsynchronousInterceptor.invoke(AsynchronousInterceptor.java:106)
	at org.jboss.aop.joinpoint.MethodInvocation.invokeNext(MethodInvocation.java:101)
	at org.jboss.ejb3.stateless.StatelessContainer.dynamicInvoke(StatelessContainer.java:304)
	at org.jboss.aop.Dispatcher.invoke(Dispatcher.java:106)
	at org.jboss.aspects.remoting.AOPRemotingInvocationHandler.invoke(AOPRemotingInvocationHandler.java:82)
	at org.jboss.remoting.ServerInvoker.invoke(ServerInvoker.java:769)
	at org.jboss.remoting.transport.socket.ServerThread.processInvocation(ServerThread.java:573)
	at org.jboss.remoting.transport.socket.ServerThread.dorun(ServerThread.java:373)
	at org.jboss.remoting.transport.socket.ServerThread.run(ServerThread.java:166)
Caused by: com.topcoder.service.digitalrun.contest.PersistenceException: org.hibernate.exception.GenericJDBCException: Cannot open connection
	at com.topcoder.service.digitalrun.contest.persistence.BaseHibernateDAO.findEntity(BaseHibernateDAO.java:358)
	at com.topcoder.service.digitalrun.contest.persistence.BaseHibernateDAO.errorIfEntityNotExists(BaseHibernateDAO.java:318)
	at com.topcoder.service.digitalrun.contest.persistence.BaseHibernateDAO.errorIfEntityNotExists(BaseHibernateDAO.java:288)
	at com.topcoder.service.digitalrun.contest.persistence.HibernateTrackContestResultCalculatorDAO.updateTrackContestResultCalculator(HibernateTrackContestResultCalculatorDAO.java:136)
	at com.topcoder.service.digitalrun.contest.DigitalRunContestManagerBean.updateTrackContestResultCalculator(DigitalRunContestManagerBean.java:914)
	at org.jboss.aop.joinpoint.MethodInvocation.invokeNext(MethodInvocation.java:112)
	at org.jboss.ejb3.interceptor.InvocationContextImpl.proceed(InvocationContextImpl.java:166)
	at org.jboss.ejb3.interceptor.EJB3InterceptorsInterceptor.invoke(EJB3InterceptorsInterceptor.java:63)
	at org.jboss.aop.joinpoint.MethodInvocation.invokeNext(MethodInvocation.java:101)
	at org.jboss.ejb3.entity.TransactionScopedEntityManagerInterceptor.invoke(TransactionScopedEntityManagerInterceptor.java:54)
	at org.jboss.aop.joinpoint.MethodInvocation.invokeNext(MethodInvocation.java:101)
	at org.jboss.ejb3.AllowedOperationsInterceptor.invoke(AllowedOperationsInterceptor.java:47)
	at org.jboss.aop.joinpoint.MethodInvocation.invokeNext(MethodInvocation.java:101)
	at org.jboss.aspects.tx.TxPolicy.invokeInOurTx(TxPolicy.java:79)
	at org.jboss.aspects.tx.TxInterceptor$Required.invoke(TxInterceptor.java:191)
	at org.jboss.aop.joinpoint.MethodInvocation.invokeNext(MethodInvocation.java:101)
	at org.jboss.aspects.tx.TxPropagationInterceptor.invoke(TxPropagationInterceptor.java:95)
	at org.jboss.aop.joinpoint.MethodInvocation.invokeNext(MethodInvocation.java:101)
	at org.jboss.ejb3.stateless.StatelessInstanceInterceptor.invoke(StatelessInstanceInterceptor.java:62)
	at org.jboss.aop.joinpoint.MethodInvocation.invokeNext(MethodInvocation.java:101)
	at org.jboss.aspects.security.AuthenticationInterceptor.invoke(AuthenticationInterceptor.java:77)
	at org.jboss.ejb3.security.Ejb3AuthenticationInterceptor.invoke(Ejb3AuthenticationInterceptor.java:110)
	at org.jboss.aop.joinpoint.MethodInvocation.invokeNext(MethodInvocation.java:101)
	at org.jboss.ejb3.ENCPropagationInterceptor.invoke(ENCPropagationInterceptor.java:46)
	at org.jboss.aop.joinpoint.MethodInvocation.invokeNext(MethodInvocation.java:101)
	at org.jboss.ejb3.asynchronous.AsynchronousInterceptor.invoke(AsynchronousInterceptor.java:106)
	at org.jboss.aop.joinpoint.MethodInvocation.invokeNext(MethodInvocation.java:101)
	at org.jboss.ejb3.stateless.StatelessContainer.dynamicInvoke(StatelessContainer.java:304)
	at org.jboss.aop.Dispatcher.invoke(Dispatcher.java:106)
	at org.jboss.aspects.remoting.AOPRemotingInvocationHandler.invoke(AOPRemotingInvocationHandler.java:82)
	at org.jboss.remoting.ServerInvoker.invoke(ServerInvoker.java:769)
	at org.jboss.remoting.transport.socket.ServerThread.processInvocation(ServerThread.java:573)
	at org.jboss.remoting.transport.socket.ServerThread.dorun(ServerThread.java:373)
	at org.jboss.remoting.transport.socket.ServerThread.run(ServerThread.java:166)
	at org.jboss.remoting.MicroRemoteClientInvoker.invoke(MicroRemoteClientInvoker.java:163)
	at org.jboss.remoting.Client.invoke(Client.java:1634)
	at org.jboss.remoting.Client.invoke(Client.java:548)
	at org.jboss.aspects.remoting.InvokeRemoteInterceptor.invoke(InvokeRemoteInterceptor.java:62)
	at org.jboss.aop.joinpoint.MethodInvocation.invokeNext(MethodInvocation.java:101)
	at org.jboss.aspects.tx.ClientTxPropagationInterceptor.invoke(ClientTxPropagationInterceptor.java:67)
	at org.jboss.aop.joinpoint.MethodInvocation.invokeNext(MethodInvocation.java:101)
	at org.jboss.aspects.security.SecurityClientInterceptor.invoke(SecurityClientInterceptor.java:53)
	at org.jboss.aop.joinpoint.MethodInvocation.invokeNext(MethodInvocation.java:101)
	at org.jboss.ejb3.remoting.IsLocalInterceptor.invoke(IsLocalInterceptor.java:74)
	at org.jboss.aop.joinpoint.MethodInvocation.invokeNext(MethodInvocation.java:101)
	at org.jboss.ejb3.stateless.StatelessRemoteProxy.invoke(StatelessRemoteProxy.java:107)
	at $Proxy7.updateTrackContestResultCalculator(Unknown Source)
	at com.topcoder.service.digitalrun.contest.failuretests.DigitalRunContestManagerBeanFailureTest.testUpdateTrackContestResultCalculatorWithEntityNotFoundException(DigitalRunContestManagerBeanFailureTest.java:467)
	at org.jboss.aspects.remoting.InvokeRemoteInterceptor.invoke(InvokeRemoteInterceptor.java:74)
	at org.jboss.aop.joinpoint.MethodInvocation.invokeNext(MethodInvocation.java:101)
	at org.jboss.aspects.tx.ClientTxPropagationInterceptor.invoke(ClientTxPropagationInterceptor.java:67)
	at org.jboss.aop.joinpoint.MethodInvocation.invokeNext(MethodInvocation.java:101)
	at org.jboss.aspects.security.SecurityClientInterceptor.invoke(SecurityClientInterceptor.java:53)
	at org.jboss.aop.joinpoint.MethodInvocation.invokeNext(MethodInvocation.java:101)
	at org.jboss.ejb3.remoting.IsLocalInterceptor.invoke(IsLocalInterceptor.java:74)
	at org.jboss.aop.joinpoint.MethodInvocation.invokeNext(MethodInvocation.java:101)
	at org.jboss.ejb3.stateless.StatelessRemoteProxy.invoke(StatelessRemoteProxy.java:107)
	at $Proxy7.updateTrackContestResultCalculator(Unknown Source)
	at com.topcoder.service.digitalrun.contest.failuretests.DigitalRunContestManagerBeanFailureTest.testUpdateTrackContestResultCalculatorWithEntityNotFoundException(DigitalRunContestManagerBeanFailureTest.java:467)
Caused by: javax.persistence.PersistenceException: org.hibernate.exception.GenericJDBCException: Cannot open connection
	at org.hibernate.ejb.AbstractEntityManagerImpl.throwPersistenceException(AbstractEntityManagerImpl.java:629)
	at org.hibernate.ejb.AbstractEntityManagerImpl.find(AbstractEntityManagerImpl.java:194)
	at org.jboss.ejb3.entity.TransactionScopedEntityManager.find(TransactionScopedEntityManager.java:171)
	at com.topcoder.service.digitalrun.contest.persistence.BaseHibernateDAO.findEntity(BaseHibernateDAO.java:355)
	at com.topcoder.service.digitalrun.contest.persistence.BaseHibernateDAO.errorIfEntityNotExists(BaseHibernateDAO.java:318)
	at com.topcoder.service.digitalrun.contest.persistence.BaseHibernateDAO.errorIfEntityNotExists(BaseHibernateDAO.java:288)
	at com.topcoder.service.digitalrun.contest.persistence.HibernateTrackContestResultCalculatorDAO.updateTrackContestResultCalculator(HibernateTrackContestResultCalculatorDAO.java:136)
	at com.topcoder.service.digitalrun.contest.DigitalRunContestManagerBean.updateTrackContestResultCalculator(DigitalRunContestManagerBean.java:914)
	at org.jboss.aop.joinpoint.MethodInvocation.invokeNext(MethodInvocation.java:112)
	at org.jboss.ejb3.interceptor.InvocationContextImpl.proceed(InvocationContextImpl.java:166)
	at org.jboss.ejb3.interceptor.EJB3InterceptorsInterceptor.invoke(EJB3InterceptorsInterceptor.java:63)
	at org.jboss.aop.joinpoint.MethodInvocation.invokeNext(MethodInvocation.java:101)
	at org.jboss.ejb3.entity.TransactionScopedEntityManagerInterceptor.invoke(TransactionScopedEntityManagerInterceptor.java:54)
	at org.jboss.aop.joinpoint.MethodInvocation.invokeNext(MethodInvocation.java:101)
	at org.jboss.ejb3.AllowedOperationsInterceptor.invoke(AllowedOperationsInterceptor.java:47)
	at org.jboss.aop.joinpoint.MethodInvocation.invokeNext(MethodInvocation.java:101)
	at org.jboss.aspects.tx.TxPolicy.invokeInOurTx(TxPolicy.java:79)
	at org.jboss.aspects.tx.TxInterceptor$Required.invoke(TxInterceptor.java:191)
	at org.jboss.aop.joinpoint.MethodInvocation.invokeNext(MethodInvocation.java:101)
	at org.jboss.aspects.tx.TxPropagationInterceptor.invoke(TxPropagationInterceptor.java:95)
	at org.jboss.aop.joinpoint.MethodInvocation.invokeNext(MethodInvocation.java:101)
	at org.jboss.ejb3.stateless.StatelessInstanceInterceptor.invoke(StatelessInstanceInterceptor.java:62)
	at org.jboss.aop.joinpoint.MethodInvocation.invokeNext(MethodInvocation.java:101)
	at org.jboss.aspects.security.AuthenticationInterceptor.invoke(AuthenticationInterceptor.java:77)
	at org.jboss.ejb3.security.Ejb3AuthenticationInterceptor.invoke(Ejb3AuthenticationInterceptor.java:110)
	at org.jboss.aop.joinpoint.MethodInvocation.invokeNext(MethodInvocation.java:101)
	at org.jboss.ejb3.ENCPropagationInterceptor.invoke(ENCPropagationInterceptor.java:46)
	at org.jboss.aop.joinpoint.MethodInvocation.invokeNext(MethodInvocation.java:101)
	at org.jboss.ejb3.asynchronous.AsynchronousInterceptor.invoke(AsynchronousInterceptor.java:106)
	at org.jboss.aop.joinpoint.MethodInvocation.invokeNext(MethodInvocation.java:101)
	at org.jboss.ejb3.stateless.StatelessContainer.dynamicInvoke(StatelessContainer.java:304)
	at org.jboss.aop.Dispatcher.invoke(Dispatcher.java:106)
	at org.jboss.aspects.remoting.AOPRemotingInvocationHandler.invoke(AOPRemotingInvocationHandler.java:82)
	at org.jboss.remoting.ServerInvoker.invoke(ServerInvoker.java:769)
	at org.jboss.remoting.transport.socket.ServerThread.processInvocation(ServerThread.java:573)
	at org.jboss.remoting.transport.socket.ServerThread.dorun(ServerThread.java:373)
	at org.jboss.remoting.transport.socket.ServerThread.run(ServerThread.java:166)
Caused by: org.hibernate.exception.GenericJDBCException: Cannot open connection
	at org.hibernate.exception.SQLStateConverter.handledNonSpecificException(SQLStateConverter.java:103)
	at org.hibernate.exception.SQLStateConverter.convert(SQLStateConverter.java:91)
	at org.hibernate.exception.JDBCExceptionHelper.convert(JDBCExceptionHelper.java:43)
	at org.hibernate.exception.JDBCExceptionHelper.convert(JDBCExceptionHelper.java:29)
	at org.hibernate.jdbc.ConnectionManager.openConnection(ConnectionManager.java:426)
	at org.hibernate.jdbc.ConnectionManager.getConnection(ConnectionManager.java:144)
	at org.hibernate.jdbc.AbstractBatcher.prepareQueryStatement(AbstractBatcher.java:139)
	at org.hibernate.loader.Loader.prepareQueryStatement(Loader.java:1547)
	at org.hibernate.loader.Loader.doQuery(Loader.java:673)
	at org.hibernate.loader.Loader.doQueryAndInitializeNonLazyCollections(Loader.java:236)
	at org.hibernate.loader.Loader.loadEntity(Loader.java:1860)
	at org.hibernate.loader.entity.AbstractEntityLoader.load(AbstractEntityLoader.java:48)
	at org.hibernate.loader.entity.AbstractEntityLoader.load(AbstractEntityLoader.java:42)
	at org.hibernate.persister.entity.AbstractEntityPersister.load(AbstractEntityPersister.java:3044)
	at org.hibernate.event.def.DefaultLoadEventListener.loadFromDatasource(DefaultLoadEventListener.java:395)
	at org.hibernate.event.def.DefaultLoadEventListener.doLoad(DefaultLoadEventListener.java:375)
	at org.hibernate.event.def.DefaultLoadEventListener.load(DefaultLoadEventListener.java:139)
	at org.hibernate.event.def.DefaultLoadEventListener.proxyOrLoad(DefaultLoadEventListener.java:195)
	at org.hibernate.event.def.DefaultLoadEventListener.onLoad(DefaultLoadEventListener.java:103)
	at org.hibernate.impl.SessionImpl.fireLoad(SessionImpl.java:878)
	at org.hibernate.impl.SessionImpl.get(SessionImpl.java:815)
	at org.hibernate.impl.SessionImpl.get(SessionImpl.java:808)
	at org.hibernate.ejb.AbstractEntityManagerImpl.find(AbstractEntityManagerImpl.java:174)
Caused by: org.jboss.util.NestedSQLException: Could not create connection; - nested throwable: (java.sql.SQLException: com.informix.asf.IfxASFException: Attempt to connect to database server (topcoder) failed.); - nested throwable: (org.jboss.resource.JBossResourceException: Could not create connection; - nested throwable: (java.sql.SQLException: com.informix.asf.IfxASFException: Attempt to connect to database server (topcoder) failed.))
	at org.jboss.resource.adapter.jdbc.WrapperDataSource.getConnection(WrapperDataSource.java:94)
	at org.hibernate.ejb.connection.InjectedDataSourceConnectionProvider.getConnection(InjectedDataSourceConnectionProvider.java:47)
	at org.hibernate.jdbc.ConnectionManager.openConnection(ConnectionManager.java:423)
Caused by: org.jboss.resource.JBossResourceException: Could not create connection; - nested throwable: (java.sql.SQLException: com.informix.asf.IfxASFException: Attempt to connect to database server (topcoder) failed.)
	at org.jboss.resource.adapter.jdbc.local.LocalManagedConnectionFactory.createManagedConnection(LocalManagedConnectionFactory.java:179)
	at org.jboss.resource.connectionmanager.InternalManagedConnectionPool.createConnectionEventListener(InternalManagedConnectionPool.java:577)
	at org.jboss.resource.connectionmanager.InternalManagedConnectionPool.getConnection(InternalManagedConnectionPool.java:262)
	at org.jboss.resource.connectionmanager.JBossManagedConnectionPool$BasePool.getConnection(JBossManagedConnectionPool.java:538)
	at org.jboss.resource.connectionmanager.BaseConnectionManager2.getManagedConnection(BaseConnectionManager2.java:341)
	at org.jboss.resource.connectionmanager.TxConnectionManager.getManagedConnection(TxConnectionManager.java:315)
	at org.jboss.resource.connectionmanager.BaseConnectionManager2.allocateConnection(BaseConnectionManager2.java:396)
	at org.jboss.resource.connectionmanager.BaseConnectionManager2$ConnectionManagerProxy.allocateConnection(BaseConnectionManager2.java:842)
	at org.jboss.resource.adapter.jdbc.WrapperDataSource.getConnection(WrapperDataSource.java:88)
Caused by: java.sql.SQLException: com.informix.asf.IfxASFException: Attempt to connect to database server (topcoder) failed.
	at com.informix.jdbc.IfxSqliConnect.&lt;init&gt;(IfxSqliConnect.java:1026)
	at java.lang.reflect.Constructor.newInstance(Constructor.java:494)
	at com.informix.jdbc.IfxDriver.connect(IfxDriver.java:254)
	at org.jboss.resource.adapter.jdbc.local.LocalManagedConnectionFactory.createManagedConnection(LocalManagedConnectionFactory.java:171)
</error>
  </testcase>
  <testcase classname="com.topcoder.service.digitalrun.contest.failuretests.DigitalRunContestManagerBeanFailureTest" name="testUpdateTrackContestResultCalculatorWithPersistenceException" time="0.047">
    <error message="Persistence error occurs while creating track contest result calculator." type="com.topcoder.service.digitalrun.contest.DigitalRunContestManagerException">com.topcoder.service.digitalrun.contest.DigitalRunContestManagerException: Persistence error occurs while creating track contest result calculator.
	at com.topcoder.service.digitalrun.contest.DigitalRunContestManagerBean.createTrackContestResultCalculator(DigitalRunContestManagerBean.java:877)
	at org.jboss.aop.joinpoint.MethodInvocation.invokeNext(MethodInvocation.java:112)
	at org.jboss.ejb3.interceptor.InvocationContextImpl.proceed(InvocationContextImpl.java:166)
	at org.jboss.ejb3.interceptor.EJB3InterceptorsInterceptor.invoke(EJB3InterceptorsInterceptor.java:63)
	at org.jboss.aop.joinpoint.MethodInvocation.invokeNext(MethodInvocation.java:101)
	at org.jboss.ejb3.entity.TransactionScopedEntityManagerInterceptor.invoke(TransactionScopedEntityManagerInterceptor.java:54)
	at org.jboss.aop.joinpoint.MethodInvocation.invokeNext(MethodInvocation.java:101)
	at org.jboss.ejb3.AllowedOperationsInterceptor.invoke(AllowedOperationsInterceptor.java:47)
	at org.jboss.aop.joinpoint.MethodInvocation.invokeNext(MethodInvocation.java:101)
	at org.jboss.aspects.tx.TxPolicy.invokeInOurTx(TxPolicy.java:79)
	at org.jboss.aspects.tx.TxInterceptor$Required.invoke(TxInterceptor.java:191)
	at org.jboss.aop.joinpoint.MethodInvocation.invokeNext(MethodInvocation.java:101)
	at org.jboss.aspects.tx.TxPropagationInterceptor.invoke(TxPropagationInterceptor.java:95)
	at org.jboss.aop.joinpoint.MethodInvocation.invokeNext(MethodInvocation.java:101)
	at org.jboss.ejb3.stateless.StatelessInstanceInterceptor.invoke(StatelessInstanceInterceptor.java:62)
	at org.jboss.aop.joinpoint.MethodInvocation.invokeNext(MethodInvocation.java:101)
	at org.jboss.aspects.security.AuthenticationInterceptor.invoke(AuthenticationInterceptor.java:77)
	at org.jboss.ejb3.security.Ejb3AuthenticationInterceptor.invoke(Ejb3AuthenticationInterceptor.java:110)
	at org.jboss.aop.joinpoint.MethodInvocation.invokeNext(MethodInvocation.java:101)
	at org.jboss.ejb3.ENCPropagationInterceptor.invoke(ENCPropagationInterceptor.java:46)
	at org.jboss.aop.joinpoint.MethodInvocation.invokeNext(MethodInvocation.java:101)
	at org.jboss.ejb3.asynchronous.AsynchronousInterceptor.invoke(AsynchronousInterceptor.java:106)
	at org.jboss.aop.joinpoint.MethodInvocation.invokeNext(MethodInvocation.java:101)
	at org.jboss.ejb3.stateless.StatelessContainer.dynamicInvoke(StatelessContainer.java:304)
	at org.jboss.aop.Dispatcher.invoke(Dispatcher.java:106)
	at org.jboss.aspects.remoting.AOPRemotingInvocationHandler.invoke(AOPRemotingInvocationHandler.java:82)
	at org.jboss.remoting.ServerInvoker.invoke(ServerInvoker.java:769)
	at org.jboss.remoting.transport.socket.ServerThread.processInvocation(ServerThread.java:573)
	at org.jboss.remoting.transport.socket.ServerThread.dorun(ServerThread.java:373)
	at org.jboss.remoting.transport.socket.ServerThread.run(ServerThread.java:166)
Caused by: com.topcoder.service.digitalrun.contest.PersistenceException: org.hibernate.exception.GenericJDBCException: Cannot open connection
	at com.topcoder.service.digitalrun.contest.persistence.BaseHibernateDAO.findEntity(BaseHibernateDAO.java:358)
	at com.topcoder.service.digitalrun.contest.persistence.BaseHibernateDAO.errorIfEntityExists(BaseHibernateDAO.java:250)
	at com.topcoder.service.digitalrun.contest.persistence.HibernateTrackContestResultCalculatorDAO.createTrackContestResultCalculator(HibernateTrackContestResultCalculatorDAO.java:98)
	at com.topcoder.service.digitalrun.contest.DigitalRunContestManagerBean.createTrackContestResultCalculator(DigitalRunContestManagerBean.java:875)
	at org.jboss.aop.joinpoint.MethodInvocation.invokeNext(MethodInvocation.java:112)
	at org.jboss.ejb3.interceptor.InvocationContextImpl.proceed(InvocationContextImpl.java:166)
	at org.jboss.ejb3.interceptor.EJB3InterceptorsInterceptor.invoke(EJB3InterceptorsInterceptor.java:63)
	at org.jboss.aop.joinpoint.MethodInvocation.invokeNext(MethodInvocation.java:101)
	at org.jboss.ejb3.entity.TransactionScopedEntityManagerInterceptor.invoke(TransactionScopedEntityManagerInterceptor.java:54)
	at org.jboss.aop.joinpoint.MethodInvocation.invokeNext(MethodInvocation.java:101)
	at org.jboss.ejb3.AllowedOperationsInterceptor.invoke(AllowedOperationsInterceptor.java:47)
	at org.jboss.aop.joinpoint.MethodInvocation.invokeNext(MethodInvocation.java:101)
	at org.jboss.aspects.tx.TxPolicy.invokeInOurTx(TxPolicy.java:79)
	at org.jboss.aspects.tx.TxInterceptor$Required.invoke(TxInterceptor.java:191)
	at org.jboss.aop.joinpoint.MethodInvocation.invokeNext(MethodInvocation.java:101)
	at org.jboss.aspects.tx.TxPropagationInterceptor.invoke(TxPropagationInterceptor.java:95)
	at org.jboss.aop.joinpoint.MethodInvocation.invokeNext(MethodInvocation.java:101)
	at org.jboss.ejb3.stateless.StatelessInstanceInterceptor.invoke(StatelessInstanceInterceptor.java:62)
	at org.jboss.aop.joinpoint.MethodInvocation.invokeNext(MethodInvocation.java:101)
	at org.jboss.aspects.security.AuthenticationInterceptor.invoke(AuthenticationInterceptor.java:77)
	at org.jboss.ejb3.security.Ejb3AuthenticationInterceptor.invoke(Ejb3AuthenticationInterceptor.java:110)
	at org.jboss.aop.joinpoint.MethodInvocation.invokeNext(MethodInvocation.java:101)
	at org.jboss.ejb3.ENCPropagationInterceptor.invoke(ENCPropagationInterceptor.java:46)
	at org.jboss.aop.joinpoint.MethodInvocation.invokeNext(MethodInvocation.java:101)
	at org.jboss.ejb3.asynchronous.AsynchronousInterceptor.invoke(AsynchronousInterceptor.java:106)
	at org.jboss.aop.joinpoint.MethodInvocation.invokeNext(MethodInvocation.java:101)
	at org.jboss.ejb3.stateless.StatelessContainer.dynamicInvoke(StatelessContainer.java:304)
	at org.jboss.aop.Dispatcher.invoke(Dispatcher.java:106)
	at org.jboss.aspects.remoting.AOPRemotingInvocationHandler.invoke(AOPRemotingInvocationHandler.java:82)
	at org.jboss.remoting.ServerInvoker.invoke(ServerInvoker.java:769)
	at org.jboss.remoting.transport.socket.ServerThread.processInvocation(ServerThread.java:573)
	at org.jboss.remoting.transport.socket.ServerThread.dorun(ServerThread.java:373)
	at org.jboss.remoting.transport.socket.ServerThread.run(ServerThread.java:166)
	at org.jboss.remoting.MicroRemoteClientInvoker.invoke(MicroRemoteClientInvoker.java:163)
	at org.jboss.remoting.Client.invoke(Client.java:1634)
	at org.jboss.remoting.Client.invoke(Client.java:548)
	at org.jboss.aspects.remoting.InvokeRemoteInterceptor.invoke(InvokeRemoteInterceptor.java:62)
	at org.jboss.aop.joinpoint.MethodInvocation.invokeNext(MethodInvocation.java:101)
	at org.jboss.aspects.tx.ClientTxPropagationInterceptor.invoke(ClientTxPropagationInterceptor.java:67)
	at org.jboss.aop.joinpoint.MethodInvocation.invokeNext(MethodInvocation.java:101)
	at org.jboss.aspects.security.SecurityClientInterceptor.invoke(SecurityClientInterceptor.java:53)
	at org.jboss.aop.joinpoint.MethodInvocation.invokeNext(MethodInvocation.java:101)
	at org.jboss.ejb3.remoting.IsLocalInterceptor.invoke(IsLocalInterceptor.java:74)
	at org.jboss.aop.joinpoint.MethodInvocation.invokeNext(MethodInvocation.java:101)
	at org.jboss.ejb3.stateless.StatelessRemoteProxy.invoke(StatelessRemoteProxy.java:107)
	at $Proxy7.createTrackContestResultCalculator(Unknown Source)
	at com.topcoder.service.digitalrun.contest.failuretests.DigitalRunContestManagerBeanFailureTest.testUpdateTrackContestResultCalculatorWithPersistenceException(DigitalRunContestManagerBeanFailureTest.java:488)
	at org.jboss.aspects.remoting.InvokeRemoteInterceptor.invoke(InvokeRemoteInterceptor.java:74)
	at org.jboss.aop.joinpoint.MethodInvocation.invokeNext(MethodInvocation.java:101)
	at org.jboss.aspects.tx.ClientTxPropagationInterceptor.invoke(ClientTxPropagationInterceptor.java:67)
	at org.jboss.aop.joinpoint.MethodInvocation.invokeNext(MethodInvocation.java:101)
	at org.jboss.aspects.security.SecurityClientInterceptor.invoke(SecurityClientInterceptor.java:53)
	at org.jboss.aop.joinpoint.MethodInvocation.invokeNext(MethodInvocation.java:101)
	at org.jboss.ejb3.remoting.IsLocalInterceptor.invoke(IsLocalInterceptor.java:74)
	at org.jboss.aop.joinpoint.MethodInvocation.invokeNext(MethodInvocation.java:101)
	at org.jboss.ejb3.stateless.StatelessRemoteProxy.invoke(StatelessRemoteProxy.java:107)
	at $Proxy7.createTrackContestResultCalculator(Unknown Source)
	at com.topcoder.service.digitalrun.contest.failuretests.DigitalRunContestManagerBeanFailureTest.testUpdateTrackContestResultCalculatorWithPersistenceException(DigitalRunContestManagerBeanFailureTest.java:488)
Caused by: javax.persistence.PersistenceException: org.hibernate.exception.GenericJDBCException: Cannot open connection
	at org.hibernate.ejb.AbstractEntityManagerImpl.throwPersistenceException(AbstractEntityManagerImpl.java:629)
	at org.hibernate.ejb.AbstractEntityManagerImpl.find(AbstractEntityManagerImpl.java:194)
	at org.jboss.ejb3.entity.TransactionScopedEntityManager.find(TransactionScopedEntityManager.java:171)
	at com.topcoder.service.digitalrun.contest.persistence.BaseHibernateDAO.findEntity(BaseHibernateDAO.java:355)
	at com.topcoder.service.digitalrun.contest.persistence.BaseHibernateDAO.errorIfEntityExists(BaseHibernateDAO.java:250)
	at com.topcoder.service.digitalrun.contest.persistence.HibernateTrackContestResultCalculatorDAO.createTrackContestResultCalculator(HibernateTrackContestResultCalculatorDAO.java:98)
	at com.topcoder.service.digitalrun.contest.DigitalRunContestManagerBean.createTrackContestResultCalculator(DigitalRunContestManagerBean.java:875)
	at org.jboss.aop.joinpoint.MethodInvocation.invokeNext(MethodInvocation.java:112)
	at org.jboss.ejb3.interceptor.InvocationContextImpl.proceed(InvocationContextImpl.java:166)
	at org.jboss.ejb3.interceptor.EJB3InterceptorsInterceptor.invoke(EJB3InterceptorsInterceptor.java:63)
	at org.jboss.aop.joinpoint.MethodInvocation.invokeNext(MethodInvocation.java:101)
	at org.jboss.ejb3.entity.TransactionScopedEntityManagerInterceptor.invoke(TransactionScopedEntityManagerInterceptor.java:54)
	at org.jboss.aop.joinpoint.MethodInvocation.invokeNext(MethodInvocation.java:101)
	at org.jboss.ejb3.AllowedOperationsInterceptor.invoke(AllowedOperationsInterceptor.java:47)
	at org.jboss.aop.joinpoint.MethodInvocation.invokeNext(MethodInvocation.java:101)
	at org.jboss.aspects.tx.TxPolicy.invokeInOurTx(TxPolicy.java:79)
	at org.jboss.aspects.tx.TxInterceptor$Required.invoke(TxInterceptor.java:191)
	at org.jboss.aop.joinpoint.MethodInvocation.invokeNext(MethodInvocation.java:101)
	at org.jboss.aspects.tx.TxPropagationInterceptor.invoke(TxPropagationInterceptor.java:95)
	at org.jboss.aop.joinpoint.MethodInvocation.invokeNext(MethodInvocation.java:101)
	at org.jboss.ejb3.stateless.StatelessInstanceInterceptor.invoke(StatelessInstanceInterceptor.java:62)
	at org.jboss.aop.joinpoint.MethodInvocation.invokeNext(MethodInvocation.java:101)
	at org.jboss.aspects.security.AuthenticationInterceptor.invoke(AuthenticationInterceptor.java:77)
	at org.jboss.ejb3.security.Ejb3AuthenticationInterceptor.invoke(Ejb3AuthenticationInterceptor.java:110)
	at org.jboss.aop.joinpoint.MethodInvocation.invokeNext(MethodInvocation.java:101)
	at org.jboss.ejb3.ENCPropagationInterceptor.invoke(ENCPropagationInterceptor.java:46)
	at org.jboss.aop.joinpoint.MethodInvocation.invokeNext(MethodInvocation.java:101)
	at org.jboss.ejb3.asynchronous.AsynchronousInterceptor.invoke(AsynchronousInterceptor.java:106)
	at org.jboss.aop.joinpoint.MethodInvocation.invokeNext(MethodInvocation.java:101)
	at org.jboss.ejb3.stateless.StatelessContainer.dynamicInvoke(StatelessContainer.java:304)
	at org.jboss.aop.Dispatcher.invoke(Dispatcher.java:106)
	at org.jboss.aspects.remoting.AOPRemotingInvocationHandler.invoke(AOPRemotingInvocationHandler.java:82)
	at org.jboss.remoting.ServerInvoker.invoke(ServerInvoker.java:769)
	at org.jboss.remoting.transport.socket.ServerThread.processInvocation(ServerThread.java:573)
	at org.jboss.remoting.transport.socket.ServerThread.dorun(ServerThread.java:373)
	at org.jboss.remoting.transport.socket.ServerThread.run(ServerThread.java:166)
Caused by: org.hibernate.exception.GenericJDBCException: Cannot open connection
	at org.hibernate.exception.SQLStateConverter.handledNonSpecificException(SQLStateConverter.java:103)
	at org.hibernate.exception.SQLStateConverter.convert(SQLStateConverter.java:91)
	at org.hibernate.exception.JDBCExceptionHelper.convert(JDBCExceptionHelper.java:43)
	at org.hibernate.exception.JDBCExceptionHelper.convert(JDBCExceptionHelper.java:29)
	at org.hibernate.jdbc.ConnectionManager.openConnection(ConnectionManager.java:426)
	at org.hibernate.jdbc.ConnectionManager.getConnection(ConnectionManager.java:144)
	at org.hibernate.jdbc.AbstractBatcher.prepareQueryStatement(AbstractBatcher.java:139)
	at org.hibernate.loader.Loader.prepareQueryStatement(Loader.java:1547)
	at org.hibernate.loader.Loader.doQuery(Loader.java:673)
	at org.hibernate.loader.Loader.doQueryAndInitializeNonLazyCollections(Loader.java:236)
	at org.hibernate.loader.Loader.loadEntity(Loader.java:1860)
	at org.hibernate.loader.entity.AbstractEntityLoader.load(AbstractEntityLoader.java:48)
	at org.hibernate.loader.entity.AbstractEntityLoader.load(AbstractEntityLoader.java:42)
	at org.hibernate.persister.entity.AbstractEntityPersister.load(AbstractEntityPersister.java:3044)
	at org.hibernate.event.def.DefaultLoadEventListener.loadFromDatasource(DefaultLoadEventListener.java:395)
	at org.hibernate.event.def.DefaultLoadEventListener.doLoad(DefaultLoadEventListener.java:375)
	at org.hibernate.event.def.DefaultLoadEventListener.load(DefaultLoadEventListener.java:139)
	at org.hibernate.event.def.DefaultLoadEventListener.proxyOrLoad(DefaultLoadEventListener.java:195)
	at org.hibernate.event.def.DefaultLoadEventListener.onLoad(DefaultLoadEventListener.java:103)
	at org.hibernate.impl.SessionImpl.fireLoad(SessionImpl.java:878)
	at org.hibernate.impl.SessionImpl.get(SessionImpl.java:815)
	at org.hibernate.impl.SessionImpl.get(SessionImpl.java:808)
	at org.hibernate.ejb.AbstractEntityManagerImpl.find(AbstractEntityManagerImpl.java:174)
Caused by: org.jboss.util.NestedSQLException: Could not create connection; - nested throwable: (java.sql.SQLException: com.informix.asf.IfxASFException: Attempt to connect to database server (topcoder) failed.); - nested throwable: (org.jboss.resource.JBossResourceException: Could not create connection; - nested throwable: (java.sql.SQLException: com.informix.asf.IfxASFException: Attempt to connect to database server (topcoder) failed.))
	at org.jboss.resource.adapter.jdbc.WrapperDataSource.getConnection(WrapperDataSource.java:94)
	at org.hibernate.ejb.connection.InjectedDataSourceConnectionProvider.getConnection(InjectedDataSourceConnectionProvider.java:47)
	at org.hibernate.jdbc.ConnectionManager.openConnection(ConnectionManager.java:423)
Caused by: org.jboss.resource.JBossResourceException: Could not create connection; - nested throwable: (java.sql.SQLException: com.informix.asf.IfxASFException: Attempt to connect to database server (topcoder) failed.)
	at org.jboss.resource.adapter.jdbc.local.LocalManagedConnectionFactory.createManagedConnection(LocalManagedConnectionFactory.java:179)
	at org.jboss.resource.connectionmanager.InternalManagedConnectionPool.createConnectionEventListener(InternalManagedConnectionPool.java:577)
	at org.jboss.resource.connectionmanager.InternalManagedConnectionPool.getConnection(InternalManagedConnectionPool.java:262)
	at org.jboss.resource.connectionmanager.JBossManagedConnectionPool$BasePool.getConnection(JBossManagedConnectionPool.java:538)
	at org.jboss.resource.connectionmanager.BaseConnectionManager2.getManagedConnection(BaseConnectionManager2.java:341)
	at org.jboss.resource.connectionmanager.TxConnectionManager.getManagedConnection(TxConnectionManager.java:315)
	at org.jboss.resource.connectionmanager.BaseConnectionManager2.allocateConnection(BaseConnectionManager2.java:396)
	at org.jboss.resource.connectionmanager.BaseConnectionManager2$ConnectionManagerProxy.allocateConnection(BaseConnectionManager2.java:842)
	at org.jboss.resource.adapter.jdbc.WrapperDataSource.getConnection(WrapperDataSource.java:88)
Caused by: java.sql.SQLException: com.informix.asf.IfxASFException: Attempt to connect to database server (topcoder) failed.
	at com.informix.jdbc.IfxSqliConnect.&lt;init&gt;(IfxSqliConnect.java:1026)
	at java.lang.reflect.Constructor.newInstance(Constructor.java:494)
	at com.informix.jdbc.IfxDriver.connect(IfxDriver.java:254)
	at org.jboss.resource.adapter.jdbc.local.LocalManagedConnectionFactory.createManagedConnection(LocalManagedConnectionFactory.java:171)
</error>
  </testcase>
  <testcase classname="com.topcoder.service.digitalrun.contest.failuretests.DigitalRunContestManagerBeanFailureTest" name="testRemoveTrackContestResultCalculatorWithEntityNotFoundException" time="0.234">
    <error message="Persistence error occurs while removing track contest result calculator." type="com.topcoder.service.digitalrun.contest.DigitalRunContestManagerException">com.topcoder.service.digitalrun.contest.DigitalRunContestManagerException: Persistence error occurs while removing track contest result calculator.
	at com.topcoder.service.digitalrun.contest.DigitalRunContestManagerBean.removeTrackContestResultCalculator(DigitalRunContestManagerBean.java:955)
	at org.jboss.aop.joinpoint.MethodInvocation.invokeNext(MethodInvocation.java:112)
	at org.jboss.ejb3.interceptor.InvocationContextImpl.proceed(InvocationContextImpl.java:166)
	at org.jboss.ejb3.interceptor.EJB3InterceptorsInterceptor.invoke(EJB3InterceptorsInterceptor.java:63)
	at org.jboss.aop.joinpoint.MethodInvocation.invokeNext(MethodInvocation.java:101)
	at org.jboss.ejb3.entity.TransactionScopedEntityManagerInterceptor.invoke(TransactionScopedEntityManagerInterceptor.java:54)
	at org.jboss.aop.joinpoint.MethodInvocation.invokeNext(MethodInvocation.java:101)
	at org.jboss.ejb3.AllowedOperationsInterceptor.invoke(AllowedOperationsInterceptor.java:47)
	at org.jboss.aop.joinpoint.MethodInvocation.invokeNext(MethodInvocation.java:101)
	at org.jboss.aspects.tx.TxPolicy.invokeInOurTx(TxPolicy.java:79)
	at org.jboss.aspects.tx.TxInterceptor$Required.invoke(TxInterceptor.java:191)
	at org.jboss.aop.joinpoint.MethodInvocation.invokeNext(MethodInvocation.java:101)
	at org.jboss.aspects.tx.TxPropagationInterceptor.invoke(TxPropagationInterceptor.java:95)
	at org.jboss.aop.joinpoint.MethodInvocation.invokeNext(MethodInvocation.java:101)
	at org.jboss.ejb3.stateless.StatelessInstanceInterceptor.invoke(StatelessInstanceInterceptor.java:62)
	at org.jboss.aop.joinpoint.MethodInvocation.invokeNext(MethodInvocation.java:101)
	at org.jboss.aspects.security.AuthenticationInterceptor.invoke(AuthenticationInterceptor.java:77)
	at org.jboss.ejb3.security.Ejb3AuthenticationInterceptor.invoke(Ejb3AuthenticationInterceptor.java:110)
	at org.jboss.aop.joinpoint.MethodInvocation.invokeNext(MethodInvocation.java:101)
	at org.jboss.ejb3.ENCPropagationInterceptor.invoke(ENCPropagationInterceptor.java:46)
	at org.jboss.aop.joinpoint.MethodInvocation.invokeNext(MethodInvocation.java:101)
	at org.jboss.ejb3.asynchronous.AsynchronousInterceptor.invoke(AsynchronousInterceptor.java:106)
	at org.jboss.aop.joinpoint.MethodInvocation.invokeNext(MethodInvocation.java:101)
	at org.jboss.ejb3.stateless.StatelessContainer.dynamicInvoke(StatelessContainer.java:304)
	at org.jboss.aop.Dispatcher.invoke(Dispatcher.java:106)
	at org.jboss.aspects.remoting.AOPRemotingInvocationHandler.invoke(AOPRemotingInvocationHandler.java:82)
	at org.jboss.remoting.ServerInvoker.invoke(ServerInvoker.java:769)
	at org.jboss.remoting.transport.socket.ServerThread.processInvocation(ServerThread.java:573)
	at org.jboss.remoting.transport.socket.ServerThread.dorun(ServerThread.java:373)
	at org.jboss.remoting.transport.socket.ServerThread.run(ServerThread.java:166)
Caused by: com.topcoder.service.digitalrun.contest.PersistenceException: org.hibernate.exception.GenericJDBCException: Cannot open connection
	at com.topcoder.service.digitalrun.contest.persistence.BaseHibernateDAO.findEntity(BaseHibernateDAO.java:358)
	at com.topcoder.service.digitalrun.contest.persistence.BaseHibernateDAO.errorIfEntityNotExists(BaseHibernateDAO.java:318)
	at com.topcoder.service.digitalrun.contest.persistence.HibernateTrackContestResultCalculatorDAO.removeTrackContestResultCalculator(HibernateTrackContestResultCalculatorDAO.java:172)
	at com.topcoder.service.digitalrun.contest.DigitalRunContestManagerBean.removeTrackContestResultCalculator(DigitalRunContestManagerBean.java:953)
	at org.jboss.aop.joinpoint.MethodInvocation.invokeNext(MethodInvocation.java:112)
	at org.jboss.ejb3.interceptor.InvocationContextImpl.proceed(InvocationContextImpl.java:166)
	at org.jboss.ejb3.interceptor.EJB3InterceptorsInterceptor.invoke(EJB3InterceptorsInterceptor.java:63)
	at org.jboss.aop.joinpoint.MethodInvocation.invokeNext(MethodInvocation.java:101)
	at org.jboss.ejb3.entity.TransactionScopedEntityManagerInterceptor.invoke(TransactionScopedEntityManagerInterceptor.java:54)
	at org.jboss.aop.joinpoint.MethodInvocation.invokeNext(MethodInvocation.java:101)
	at org.jboss.ejb3.AllowedOperationsInterceptor.invoke(AllowedOperationsInterceptor.java:47)
	at org.jboss.aop.joinpoint.MethodInvocation.invokeNext(MethodInvocation.java:101)
	at org.jboss.aspects.tx.TxPolicy.invokeInOurTx(TxPolicy.java:79)
	at org.jboss.aspects.tx.TxInterceptor$Required.invoke(TxInterceptor.java:191)
	at org.jboss.aop.joinpoint.MethodInvocation.invokeNext(MethodInvocation.java:101)
	at org.jboss.aspects.tx.TxPropagationInterceptor.invoke(TxPropagationInterceptor.java:95)
	at org.jboss.aop.joinpoint.MethodInvocation.invokeNext(MethodInvocation.java:101)
	at org.jboss.ejb3.stateless.StatelessInstanceInterceptor.invoke(StatelessInstanceInterceptor.java:62)
	at org.jboss.aop.joinpoint.MethodInvocation.invokeNext(MethodInvocation.java:101)
	at org.jboss.aspects.security.AuthenticationInterceptor.invoke(AuthenticationInterceptor.java:77)
	at org.jboss.ejb3.security.Ejb3AuthenticationInterceptor.invoke(Ejb3AuthenticationInterceptor.java:110)
	at org.jboss.aop.joinpoint.MethodInvocation.invokeNext(MethodInvocation.java:101)
	at org.jboss.ejb3.ENCPropagationInterceptor.invoke(ENCPropagationInterceptor.java:46)
	at org.jboss.aop.joinpoint.MethodInvocation.invokeNext(MethodInvocation.java:101)
	at org.jboss.ejb3.asynchronous.AsynchronousInterceptor.invoke(AsynchronousInterceptor.java:106)
	at org.jboss.aop.joinpoint.MethodInvocation.invokeNext(MethodInvocation.java:101)
	at org.jboss.ejb3.stateless.StatelessContainer.dynamicInvoke(StatelessContainer.java:304)
	at org.jboss.aop.Dispatcher.invoke(Dispatcher.java:106)
	at org.jboss.aspects.remoting.AOPRemotingInvocationHandler.invoke(AOPRemotingInvocationHandler.java:82)
	at org.jboss.remoting.ServerInvoker.invoke(ServerInvoker.java:769)
	at org.jboss.remoting.transport.socket.ServerThread.processInvocation(ServerThread.java:573)
	at org.jboss.remoting.transport.socket.ServerThread.dorun(ServerThread.java:373)
	at org.jboss.remoting.transport.socket.ServerThread.run(ServerThread.java:166)
	at org.jboss.remoting.MicroRemoteClientInvoker.invoke(MicroRemoteClientInvoker.java:163)
	at org.jboss.remoting.Client.invoke(Client.java:1634)
	at org.jboss.remoting.Client.invoke(Client.java:548)
	at org.jboss.aspects.remoting.InvokeRemoteInterceptor.invoke(InvokeRemoteInterceptor.java:62)
	at org.jboss.aop.joinpoint.MethodInvocation.invokeNext(MethodInvocation.java:101)
	at org.jboss.aspects.tx.ClientTxPropagationInterceptor.invoke(ClientTxPropagationInterceptor.java:67)
	at org.jboss.aop.joinpoint.MethodInvocation.invokeNext(MethodInvocation.java:101)
	at org.jboss.aspects.security.SecurityClientInterceptor.invoke(SecurityClientInterceptor.java:53)
	at org.jboss.aop.joinpoint.MethodInvocation.invokeNext(MethodInvocation.java:101)
	at org.jboss.ejb3.remoting.IsLocalInterceptor.invoke(IsLocalInterceptor.java:74)
	at org.jboss.aop.joinpoint.MethodInvocation.invokeNext(MethodInvocation.java:101)
	at org.jboss.ejb3.stateless.StatelessRemoteProxy.invoke(StatelessRemoteProxy.java:107)
	at $Proxy7.removeTrackContestResultCalculator(Unknown Source)
	at com.topcoder.service.digitalrun.contest.failuretests.DigitalRunContestManagerBeanFailureTest.testRemoveTrackContestResultCalculatorWithEntityNotFoundException(DigitalRunContestManagerBeanFailureTest.java:514)
	at org.jboss.aspects.remoting.InvokeRemoteInterceptor.invoke(InvokeRemoteInterceptor.java:74)
	at org.jboss.aop.joinpoint.MethodInvocation.invokeNext(MethodInvocation.java:101)
	at org.jboss.aspects.tx.ClientTxPropagationInterceptor.invoke(ClientTxPropagationInterceptor.java:67)
	at org.jboss.aop.joinpoint.MethodInvocation.invokeNext(MethodInvocation.java:101)
	at org.jboss.aspects.security.SecurityClientInterceptor.invoke(SecurityClientInterceptor.java:53)
	at org.jboss.aop.joinpoint.MethodInvocation.invokeNext(MethodInvocation.java:101)
	at org.jboss.ejb3.remoting.IsLocalInterceptor.invoke(IsLocalInterceptor.java:74)
	at org.jboss.aop.joinpoint.MethodInvocation.invokeNext(MethodInvocation.java:101)
	at org.jboss.ejb3.stateless.StatelessRemoteProxy.invoke(StatelessRemoteProxy.java:107)
	at $Proxy7.removeTrackContestResultCalculator(Unknown Source)
	at com.topcoder.service.digitalrun.contest.failuretests.DigitalRunContestManagerBeanFailureTest.testRemoveTrackContestResultCalculatorWithEntityNotFoundException(DigitalRunContestManagerBeanFailureTest.java:514)
Caused by: javax.persistence.PersistenceException: org.hibernate.exception.GenericJDBCException: Cannot open connection
	at org.hibernate.ejb.AbstractEntityManagerImpl.throwPersistenceException(AbstractEntityManagerImpl.java:629)
	at org.hibernate.ejb.AbstractEntityManagerImpl.find(AbstractEntityManagerImpl.java:194)
	at org.jboss.ejb3.entity.TransactionScopedEntityManager.find(TransactionScopedEntityManager.java:171)
	at com.topcoder.service.digitalrun.contest.persistence.BaseHibernateDAO.findEntity(BaseHibernateDAO.java:355)
	at com.topcoder.service.digitalrun.contest.persistence.BaseHibernateDAO.errorIfEntityNotExists(BaseHibernateDAO.java:318)
	at com.topcoder.service.digitalrun.contest.persistence.HibernateTrackContestResultCalculatorDAO.removeTrackContestResultCalculator(HibernateTrackContestResultCalculatorDAO.java:172)
	at com.topcoder.service.digitalrun.contest.DigitalRunContestManagerBean.removeTrackContestResultCalculator(DigitalRunContestManagerBean.java:953)
	at org.jboss.aop.joinpoint.MethodInvocation.invokeNext(MethodInvocation.java:112)
	at org.jboss.ejb3.interceptor.InvocationContextImpl.proceed(InvocationContextImpl.java:166)
	at org.jboss.ejb3.interceptor.EJB3InterceptorsInterceptor.invoke(EJB3InterceptorsInterceptor.java:63)
	at org.jboss.aop.joinpoint.MethodInvocation.invokeNext(MethodInvocation.java:101)
	at org.jboss.ejb3.entity.TransactionScopedEntityManagerInterceptor.invoke(TransactionScopedEntityManagerInterceptor.java:54)
	at org.jboss.aop.joinpoint.MethodInvocation.invokeNext(MethodInvocation.java:101)
	at org.jboss.ejb3.AllowedOperationsInterceptor.invoke(AllowedOperationsInterceptor.java:47)
	at org.jboss.aop.joinpoint.MethodInvocation.invokeNext(MethodInvocation.java:101)
	at org.jboss.aspects.tx.TxPolicy.invokeInOurTx(TxPolicy.java:79)
	at org.jboss.aspects.tx.TxInterceptor$Required.invoke(TxInterceptor.java:191)
	at org.jboss.aop.joinpoint.MethodInvocation.invokeNext(MethodInvocation.java:101)
	at org.jboss.aspects.tx.TxPropagationInterceptor.invoke(TxPropagationInterceptor.java:95)
	at org.jboss.aop.joinpoint.MethodInvocation.invokeNext(MethodInvocation.java:101)
	at org.jboss.ejb3.stateless.StatelessInstanceInterceptor.invoke(StatelessInstanceInterceptor.java:62)
	at org.jboss.aop.joinpoint.MethodInvocation.invokeNext(MethodInvocation.java:101)
	at org.jboss.aspects.security.AuthenticationInterceptor.invoke(AuthenticationInterceptor.java:77)
	at org.jboss.ejb3.security.Ejb3AuthenticationInterceptor.invoke(Ejb3AuthenticationInterceptor.java:110)
	at org.jboss.aop.joinpoint.MethodInvocation.invokeNext(MethodInvocation.java:101)
	at org.jboss.ejb3.ENCPropagationInterceptor.invoke(ENCPropagationInterceptor.java:46)
	at org.jboss.aop.joinpoint.MethodInvocation.invokeNext(MethodInvocation.java:101)
	at org.jboss.ejb3.asynchronous.AsynchronousInterceptor.invoke(AsynchronousInterceptor.java:106)
	at org.jboss.aop.joinpoint.MethodInvocation.invokeNext(MethodInvocation.java:101)
	at org.jboss.ejb3.stateless.StatelessContainer.dynamicInvoke(StatelessContainer.java:304)
	at org.jboss.aop.Dispatcher.invoke(Dispatcher.java:106)
	at org.jboss.aspects.remoting.AOPRemotingInvocationHandler.invoke(AOPRemotingInvocationHandler.java:82)
	at org.jboss.remoting.ServerInvoker.invoke(ServerInvoker.java:769)
	at org.jboss.remoting.transport.socket.ServerThread.processInvocation(ServerThread.java:573)
	at org.jboss.remoting.transport.socket.ServerThread.dorun(ServerThread.java:373)
	at org.jboss.remoting.transport.socket.ServerThread.run(ServerThread.java:166)
Caused by: org.hibernate.exception.GenericJDBCException: Cannot open connection
	at org.hibernate.exception.SQLStateConverter.handledNonSpecificException(SQLStateConverter.java:103)
	at org.hibernate.exception.SQLStateConverter.convert(SQLStateConverter.java:91)
	at org.hibernate.exception.JDBCExceptionHelper.convert(JDBCExceptionHelper.java:43)
	at org.hibernate.exception.JDBCExceptionHelper.convert(JDBCExceptionHelper.java:29)
	at org.hibernate.jdbc.ConnectionManager.openConnection(ConnectionManager.java:426)
	at org.hibernate.jdbc.ConnectionManager.getConnection(ConnectionManager.java:144)
	at org.hibernate.jdbc.AbstractBatcher.prepareQueryStatement(AbstractBatcher.java:139)
	at org.hibernate.loader.Loader.prepareQueryStatement(Loader.java:1547)
	at org.hibernate.loader.Loader.doQuery(Loader.java:673)
	at org.hibernate.loader.Loader.doQueryAndInitializeNonLazyCollections(Loader.java:236)
	at org.hibernate.loader.Loader.loadEntity(Loader.java:1860)
	at org.hibernate.loader.entity.AbstractEntityLoader.load(AbstractEntityLoader.java:48)
	at org.hibernate.loader.entity.AbstractEntityLoader.load(AbstractEntityLoader.java:42)
	at org.hibernate.persister.entity.AbstractEntityPersister.load(AbstractEntityPersister.java:3044)
	at org.hibernate.event.def.DefaultLoadEventListener.loadFromDatasource(DefaultLoadEventListener.java:395)
	at org.hibernate.event.def.DefaultLoadEventListener.doLoad(DefaultLoadEventListener.java:375)
	at org.hibernate.event.def.DefaultLoadEventListener.load(DefaultLoadEventListener.java:139)
	at org.hibernate.event.def.DefaultLoadEventListener.proxyOrLoad(DefaultLoadEventListener.java:195)
	at org.hibernate.event.def.DefaultLoadEventListener.onLoad(DefaultLoadEventListener.java:103)
	at org.hibernate.impl.SessionImpl.fireLoad(SessionImpl.java:878)
	at org.hibernate.impl.SessionImpl.get(SessionImpl.java:815)
	at org.hibernate.impl.SessionImpl.get(SessionImpl.java:808)
	at org.hibernate.ejb.AbstractEntityManagerImpl.find(AbstractEntityManagerImpl.java:174)
Caused by: org.jboss.util.NestedSQLException: Could not create connection; - nested throwable: (java.sql.SQLException: com.informix.asf.IfxASFException: Attempt to connect to database server (topcoder) failed.); - nested throwable: (org.jboss.resource.JBossResourceException: Could not create connection; - nested throwable: (java.sql.SQLException: com.informix.asf.IfxASFException: Attempt to connect to database server (topcoder) failed.))
	at org.jboss.resource.adapter.jdbc.WrapperDataSource.getConnection(WrapperDataSource.java:94)
	at org.hibernate.ejb.connection.InjectedDataSourceConnectionProvider.getConnection(InjectedDataSourceConnectionProvider.java:47)
	at org.hibernate.jdbc.ConnectionManager.openConnection(ConnectionManager.java:423)
Caused by: org.jboss.resource.JBossResourceException: Could not create connection; - nested throwable: (java.sql.SQLException: com.informix.asf.IfxASFException: Attempt to connect to database server (topcoder) failed.)
	at org.jboss.resource.adapter.jdbc.local.LocalManagedConnectionFactory.createManagedConnection(LocalManagedConnectionFactory.java:179)
	at org.jboss.resource.connectionmanager.InternalManagedConnectionPool.createConnectionEventListener(InternalManagedConnectionPool.java:577)
	at org.jboss.resource.connectionmanager.InternalManagedConnectionPool.getConnection(InternalManagedConnectionPool.java:262)
	at org.jboss.resource.connectionmanager.JBossManagedConnectionPool$BasePool.getConnection(JBossManagedConnectionPool.java:538)
	at org.jboss.resource.connectionmanager.BaseConnectionManager2.getManagedConnection(BaseConnectionManager2.java:341)
	at org.jboss.resource.connectionmanager.TxConnectionManager.getManagedConnection(TxConnectionManager.java:315)
	at org.jboss.resource.connectionmanager.BaseConnectionManager2.allocateConnection(BaseConnectionManager2.java:396)
	at org.jboss.resource.connectionmanager.BaseConnectionManager2$ConnectionManagerProxy.allocateConnection(BaseConnectionManager2.java:842)
	at org.jboss.resource.adapter.jdbc.WrapperDataSource.getConnection(WrapperDataSource.java:88)
Caused by: java.sql.SQLException: com.informix.asf.IfxASFException: Attempt to connect to database server (topcoder) failed.
	at com.informix.jdbc.IfxSqliConnect.&lt;init&gt;(IfxSqliConnect.java:1026)
	at java.lang.reflect.Constructor.newInstance(Constructor.java:494)
	at com.informix.jdbc.IfxDriver.connect(IfxDriver.java:254)
	at org.jboss.resource.adapter.jdbc.local.LocalManagedConnectionFactory.createManagedConnection(LocalManagedConnectionFactory.java:171)
</error>
  </testcase>
  <testcase classname="com.topcoder.service.digitalrun.contest.failuretests.BaseAuditContestInterceptorFailureTests" name="testInitializeWithNoSuchFile" time="0.016" />
  <testcase classname="com.topcoder.service.digitalrun.contest.failuretests.BaseAuditContestInterceptorFailureTests" name="testInitializeWithNoSuchNamespace" time="0.031" />
  <testcase classname="com.topcoder.service.digitalrun.contest.failuretests.BaseHibernateDAOFailureTests" name="testSetUnitNameWithNullUnitName" time="0.0" />
  <testcase classname="com.topcoder.service.digitalrun.contest.failuretests.BaseHibernateDAOFailureTests" name="testSetUnitNameWithEmptyUnitName" time="0.0" />
  <testcase classname="com.topcoder.service.digitalrun.contest.failuretests.HibernateContestTrackDAOFailureTests" name="testSearchTrackContests_SearchException" time="0.0" />
  <testcase classname="com.topcoder.service.digitalrun.contest.failuretests.HibernateContestTrackDAOFailureTests" name="testCtorWithNullNamespace" time="0.0" />
  <testcase classname="com.topcoder.service.digitalrun.contest.failuretests.HibernateContestTrackDAOFailureTests" name="testCtorWithEmptyNamespace" time="0.0" />
  <testcase classname="com.topcoder.service.digitalrun.contest.failuretests.HibernateContestTrackDAOFailureTests" name="testConstructorWithNullBundleName" time="0.0" />
  <testcase classname="com.topcoder.service.digitalrun.contest.failuretests.HibernateContestTrackDAOFailureTests" name="testConstructorWithEmptyBundleName" time="0.0" />
  <testcase classname="com.topcoder.service.digitalrun.contest.failuretests.HibernateContestTrackDAOFailureTests" name="testConstructorWithNoSuchBundleNamespace" time="0.0" />
  <testcase classname="com.topcoder.service.digitalrun.contest.failuretests.HibernateContestTrackDAOFailureTests" name="testConstructorWithNoSuchBundleName" time="0.0" />
  <testcase classname="com.topcoder.service.digitalrun.contest.failuretests.HibernateContestTrackDAOFailureTests" name="testCreateTrackContestWithNullEntity" time="0.0" />
  <testcase classname="com.topcoder.service.digitalrun.contest.failuretests.HibernateContestTrackDAOFailureTests" name="testUpdateTrackContestWithNullEntity" time="0.0" />
  <testcase classname="com.topcoder.service.digitalrun.contest.failuretests.HibernateContestTrackDAOFailureTests" name="testSearchTrackContestsWithNullFilter" time="0.0" />
  <testcase classname="com.topcoder.service.digitalrun.contest.failuretests.HibernateTrackContestResultCalculatorDAOFailureTests" name="testUpdateTrackContestResultCalculator_NullEntity" time="0.0" />
  <testcase classname="com.topcoder.service.digitalrun.contest.failuretests.HibernateTrackContestResultCalculatorDAOFailureTests" name="testCreateTrackContestResultCalculatorWithNullEntity" time="0.0" />
  <testcase classname="com.topcoder.service.digitalrun.contest.failuretests.HibernateTrackContestTypeDAOFailureTests" name="testCreateTrackContestTypeWithNullEntity" time="0.0" />
  <testcase classname="com.topcoder.service.digitalrun.contest.failuretests.HibernateTrackContestTypeDAOFailureTests" name="testUpdateTrackContestTypeWithNullEntity" time="0.0" />
  <testcase classname="com.topcoder.service.digitalrun.contest.stresstests.DigitalRunContestManagerBeanStressTests" name="testTrackContest" time="0.219">
    <error message="org.hibernate.exception.JDBCConnectionException: Cannot open connection" type="javax.persistence.PersistenceException">javax.persistence.PersistenceException: org.hibernate.exception.JDBCConnectionException: Cannot open connection
	at org.hibernate.ejb.AbstractEntityManagerImpl.throwPersistenceException(AbstractEntityManagerImpl.java:629)
	at org.hibernate.ejb.TransactionImpl.begin(TransactionImpl.java:41)
	at com.topcoder.service.digitalrun.contest.stresstests.DigitalRunContestManagerBeanStressTests.persist(DigitalRunContestManagerBeanStressTests.java:126)
	at com.topcoder.service.digitalrun.contest.stresstests.DigitalRunContestManagerBeanStressTests.testTrackContest(DigitalRunContestManagerBeanStressTests.java:260)
Caused by: org.hibernate.exception.JDBCConnectionException: Cannot open connection
	at org.hibernate.exception.SQLStateConverter.convert(SQLStateConverter.java:74)
	at org.hibernate.exception.JDBCExceptionHelper.convert(JDBCExceptionHelper.java:43)
	at org.hibernate.exception.JDBCExceptionHelper.convert(JDBCExceptionHelper.java:29)
	at org.hibernate.jdbc.ConnectionManager.openConnection(ConnectionManager.java:426)
	at org.hibernate.jdbc.ConnectionManager.getConnection(ConnectionManager.java:144)
	at org.hibernate.jdbc.JDBCContext.connection(JDBCContext.java:119)
	at org.hibernate.transaction.JDBCTransaction.begin(JDBCTransaction.java:57)
	at org.hibernate.impl.SessionImpl.beginTransaction(SessionImpl.java:1326)
	at org.hibernate.ejb.TransactionImpl.begin(TransactionImpl.java:38)
Caused by: java.sql.SQLException: com.informix.asf.IfxASFException: Attempt to connect to database server (topcoder) failed.
	at com.informix.jdbc.IfxSqliConnect.&lt;init&gt;(IfxSqliConnect.java:1026)
	at java.lang.reflect.Constructor.newInstance(Constructor.java:494)
	at com.informix.jdbc.IfxDriver.connect(IfxDriver.java:254)
	at java.sql.DriverManager.getConnection(DriverManager.java:525)
	at java.sql.DriverManager.getConnection(DriverManager.java:140)
	at org.hibernate.connection.DriverManagerConnectionProvider.getConnection(DriverManagerConnectionProvider.java:110)
	at org.hibernate.jdbc.ConnectionManager.openConnection(ConnectionManager.java:423)
</error>
  </testcase>
  <testcase classname="com.topcoder.service.digitalrun.contest.stresstests.DigitalRunContestManagerBeanStressTests" name="testTrackContestType" time="0.046">
    <error message="Persistence error occurs while creating track contest type." type="com.topcoder.service.digitalrun.contest.DigitalRunContestManagerException">com.topcoder.service.digitalrun.contest.DigitalRunContestManagerException: Persistence error occurs while creating track contest type.
	at com.topcoder.service.digitalrun.contest.DigitalRunContestManagerBean.createTrackContestType(DigitalRunContestManagerBean.java:710)
	at org.jboss.aop.joinpoint.MethodInvocation.invokeNext(MethodInvocation.java:112)
	at org.jboss.ejb3.interceptor.InvocationContextImpl.proceed(InvocationContextImpl.java:166)
	at org.jboss.ejb3.interceptor.EJB3InterceptorsInterceptor.invoke(EJB3InterceptorsInterceptor.java:63)
	at org.jboss.aop.joinpoint.MethodInvocation.invokeNext(MethodInvocation.java:101)
	at org.jboss.ejb3.entity.TransactionScopedEntityManagerInterceptor.invoke(TransactionScopedEntityManagerInterceptor.java:54)
	at org.jboss.aop.joinpoint.MethodInvocation.invokeNext(MethodInvocation.java:101)
	at org.jboss.ejb3.AllowedOperationsInterceptor.invoke(AllowedOperationsInterceptor.java:47)
	at org.jboss.aop.joinpoint.MethodInvocation.invokeNext(MethodInvocation.java:101)
	at org.jboss.aspects.tx.TxPolicy.invokeInOurTx(TxPolicy.java:79)
	at org.jboss.aspects.tx.TxInterceptor$Required.invoke(TxInterceptor.java:191)
	at org.jboss.aop.joinpoint.MethodInvocation.invokeNext(MethodInvocation.java:101)
	at org.jboss.aspects.tx.TxPropagationInterceptor.invoke(TxPropagationInterceptor.java:95)
	at org.jboss.aop.joinpoint.MethodInvocation.invokeNext(MethodInvocation.java:101)
	at org.jboss.ejb3.stateless.StatelessInstanceInterceptor.invoke(StatelessInstanceInterceptor.java:62)
	at org.jboss.aop.joinpoint.MethodInvocation.invokeNext(MethodInvocation.java:101)
	at org.jboss.aspects.security.AuthenticationInterceptor.invoke(AuthenticationInterceptor.java:77)
	at org.jboss.ejb3.security.Ejb3AuthenticationInterceptor.invoke(Ejb3AuthenticationInterceptor.java:110)
	at org.jboss.aop.joinpoint.MethodInvocation.invokeNext(MethodInvocation.java:101)
	at org.jboss.ejb3.ENCPropagationInterceptor.invoke(ENCPropagationInterceptor.java:46)
	at org.jboss.aop.joinpoint.MethodInvocation.invokeNext(MethodInvocation.java:101)
	at org.jboss.ejb3.asynchronous.AsynchronousInterceptor.invoke(AsynchronousInterceptor.java:106)
	at org.jboss.aop.joinpoint.MethodInvocation.invokeNext(MethodInvocation.java:101)
	at org.jboss.ejb3.stateless.StatelessContainer.dynamicInvoke(StatelessContainer.java:304)
	at org.jboss.aop.Dispatcher.invoke(Dispatcher.java:106)
	at org.jboss.aspects.remoting.AOPRemotingInvocationHandler.invoke(AOPRemotingInvocationHandler.java:82)
	at org.jboss.remoting.ServerInvoker.invoke(ServerInvoker.java:769)
	at org.jboss.remoting.transport.socket.ServerThread.processInvocation(ServerThread.java:573)
	at org.jboss.remoting.transport.socket.ServerThread.dorun(ServerThread.java:373)
	at org.jboss.remoting.transport.socket.ServerThread.run(ServerThread.java:166)
Caused by: com.topcoder.service.digitalrun.contest.PersistenceException: org.hibernate.exception.GenericJDBCException: Cannot open connection
	at com.topcoder.service.digitalrun.contest.persistence.BaseHibernateDAO.findEntity(BaseHibernateDAO.java:358)
	at com.topcoder.service.digitalrun.contest.persistence.BaseHibernateDAO.errorIfEntityExists(BaseHibernateDAO.java:250)
	at com.topcoder.service.digitalrun.contest.persistence.HibernateTrackContestTypeDAO.createTrackContestType(HibernateTrackContestTypeDAO.java:96)
	at com.topcoder.service.digitalrun.contest.DigitalRunContestManagerBean.createTrackContestType(DigitalRunContestManagerBean.java:708)
	at org.jboss.aop.joinpoint.MethodInvocation.invokeNext(MethodInvocation.java:112)
	at org.jboss.ejb3.interceptor.InvocationContextImpl.proceed(InvocationContextImpl.java:166)
	at org.jboss.ejb3.interceptor.EJB3InterceptorsInterceptor.invoke(EJB3InterceptorsInterceptor.java:63)
	at org.jboss.aop.joinpoint.MethodInvocation.invokeNext(MethodInvocation.java:101)
	at org.jboss.ejb3.entity.TransactionScopedEntityManagerInterceptor.invoke(TransactionScopedEntityManagerInterceptor.java:54)
	at org.jboss.aop.joinpoint.MethodInvocation.invokeNext(MethodInvocation.java:101)
	at org.jboss.ejb3.AllowedOperationsInterceptor.invoke(AllowedOperationsInterceptor.java:47)
	at org.jboss.aop.joinpoint.MethodInvocation.invokeNext(MethodInvocation.java:101)
	at org.jboss.aspects.tx.TxPolicy.invokeInOurTx(TxPolicy.java:79)
	at org.jboss.aspects.tx.TxInterceptor$Required.invoke(TxInterceptor.java:191)
	at org.jboss.aop.joinpoint.MethodInvocation.invokeNext(MethodInvocation.java:101)
	at org.jboss.aspects.tx.TxPropagationInterceptor.invoke(TxPropagationInterceptor.java:95)
	at org.jboss.aop.joinpoint.MethodInvocation.invokeNext(MethodInvocation.java:101)
	at org.jboss.ejb3.stateless.StatelessInstanceInterceptor.invoke(StatelessInstanceInterceptor.java:62)
	at org.jboss.aop.joinpoint.MethodInvocation.invokeNext(MethodInvocation.java:101)
	at org.jboss.aspects.security.AuthenticationInterceptor.invoke(AuthenticationInterceptor.java:77)
	at org.jboss.ejb3.security.Ejb3AuthenticationInterceptor.invoke(Ejb3AuthenticationInterceptor.java:110)
	at org.jboss.aop.joinpoint.MethodInvocation.invokeNext(MethodInvocation.java:101)
	at org.jboss.ejb3.ENCPropagationInterceptor.invoke(ENCPropagationInterceptor.java:46)
	at org.jboss.aop.joinpoint.MethodInvocation.invokeNext(MethodInvocation.java:101)
	at org.jboss.ejb3.asynchronous.AsynchronousInterceptor.invoke(AsynchronousInterceptor.java:106)
	at org.jboss.aop.joinpoint.MethodInvocation.invokeNext(MethodInvocation.java:101)
	at org.jboss.ejb3.stateless.StatelessContainer.dynamicInvoke(StatelessContainer.java:304)
	at org.jboss.aop.Dispatcher.invoke(Dispatcher.java:106)
	at org.jboss.aspects.remoting.AOPRemotingInvocationHandler.invoke(AOPRemotingInvocationHandler.java:82)
	at org.jboss.remoting.ServerInvoker.invoke(ServerInvoker.java:769)
	at org.jboss.remoting.transport.socket.ServerThread.processInvocation(ServerThread.java:573)
	at org.jboss.remoting.transport.socket.ServerThread.dorun(ServerThread.java:373)
	at org.jboss.remoting.transport.socket.ServerThread.run(ServerThread.java:166)
	at org.jboss.remoting.MicroRemoteClientInvoker.invoke(MicroRemoteClientInvoker.java:163)
	at org.jboss.remoting.Client.invoke(Client.java:1634)
	at org.jboss.remoting.Client.invoke(Client.java:548)
	at org.jboss.aspects.remoting.InvokeRemoteInterceptor.invoke(InvokeRemoteInterceptor.java:62)
	at org.jboss.aop.joinpoint.MethodInvocation.invokeNext(MethodInvocation.java:101)
	at org.jboss.aspects.tx.ClientTxPropagationInterceptor.invoke(ClientTxPropagationInterceptor.java:67)
	at org.jboss.aop.joinpoint.MethodInvocation.invokeNext(MethodInvocation.java:101)
	at org.jboss.aspects.security.SecurityClientInterceptor.invoke(SecurityClientInterceptor.java:53)
	at org.jboss.aop.joinpoint.MethodInvocation.invokeNext(MethodInvocation.java:101)
	at org.jboss.ejb3.remoting.IsLocalInterceptor.invoke(IsLocalInterceptor.java:74)
	at org.jboss.aop.joinpoint.MethodInvocation.invokeNext(MethodInvocation.java:101)
	at org.jboss.ejb3.stateless.StatelessRemoteProxy.invoke(StatelessRemoteProxy.java:107)
	at $Proxy7.createTrackContestType(Unknown Source)
	at com.topcoder.service.digitalrun.contest.stresstests.DigitalRunContestManagerBeanStressTests.testTrackContestType(DigitalRunContestManagerBeanStressTests.java:325)
	at org.jboss.aspects.remoting.InvokeRemoteInterceptor.invoke(InvokeRemoteInterceptor.java:74)
	at org.jboss.aop.joinpoint.MethodInvocation.invokeNext(MethodInvocation.java:101)
	at org.jboss.aspects.tx.ClientTxPropagationInterceptor.invoke(ClientTxPropagationInterceptor.java:67)
	at org.jboss.aop.joinpoint.MethodInvocation.invokeNext(MethodInvocation.java:101)
	at org.jboss.aspects.security.SecurityClientInterceptor.invoke(SecurityClientInterceptor.java:53)
	at org.jboss.aop.joinpoint.MethodInvocation.invokeNext(MethodInvocation.java:101)
	at org.jboss.ejb3.remoting.IsLocalInterceptor.invoke(IsLocalInterceptor.java:74)
	at org.jboss.aop.joinpoint.MethodInvocation.invokeNext(MethodInvocation.java:101)
	at org.jboss.ejb3.stateless.StatelessRemoteProxy.invoke(StatelessRemoteProxy.java:107)
	at $Proxy7.createTrackContestType(Unknown Source)
	at com.topcoder.service.digitalrun.contest.stresstests.DigitalRunContestManagerBeanStressTests.testTrackContestType(DigitalRunContestManagerBeanStressTests.java:325)
Caused by: javax.persistence.PersistenceException: org.hibernate.exception.GenericJDBCException: Cannot open connection
	at org.hibernate.ejb.AbstractEntityManagerImpl.throwPersistenceException(AbstractEntityManagerImpl.java:629)
	at org.hibernate.ejb.AbstractEntityManagerImpl.find(AbstractEntityManagerImpl.java:194)
	at org.jboss.ejb3.entity.TransactionScopedEntityManager.find(TransactionScopedEntityManager.java:171)
	at com.topcoder.service.digitalrun.contest.persistence.BaseHibernateDAO.findEntity(BaseHibernateDAO.java:355)
	at com.topcoder.service.digitalrun.contest.persistence.BaseHibernateDAO.errorIfEntityExists(BaseHibernateDAO.java:250)
	at com.topcoder.service.digitalrun.contest.persistence.HibernateTrackContestTypeDAO.createTrackContestType(HibernateTrackContestTypeDAO.java:96)
	at com.topcoder.service.digitalrun.contest.DigitalRunContestManagerBean.createTrackContestType(DigitalRunContestManagerBean.java:708)
	at org.jboss.aop.joinpoint.MethodInvocation.invokeNext(MethodInvocation.java:112)
	at org.jboss.ejb3.interceptor.InvocationContextImpl.proceed(InvocationContextImpl.java:166)
	at org.jboss.ejb3.interceptor.EJB3InterceptorsInterceptor.invoke(EJB3InterceptorsInterceptor.java:63)
	at org.jboss.aop.joinpoint.MethodInvocation.invokeNext(MethodInvocation.java:101)
	at org.jboss.ejb3.entity.TransactionScopedEntityManagerInterceptor.invoke(TransactionScopedEntityManagerInterceptor.java:54)
	at org.jboss.aop.joinpoint.MethodInvocation.invokeNext(MethodInvocation.java:101)
	at org.jboss.ejb3.AllowedOperationsInterceptor.invoke(AllowedOperationsInterceptor.java:47)
	at org.jboss.aop.joinpoint.MethodInvocation.invokeNext(MethodInvocation.java:101)
	at org.jboss.aspects.tx.TxPolicy.invokeInOurTx(TxPolicy.java:79)
	at org.jboss.aspects.tx.TxInterceptor$Required.invoke(TxInterceptor.java:191)
	at org.jboss.aop.joinpoint.MethodInvocation.invokeNext(MethodInvocation.java:101)
	at org.jboss.aspects.tx.TxPropagationInterceptor.invoke(TxPropagationInterceptor.java:95)
	at org.jboss.aop.joinpoint.MethodInvocation.invokeNext(MethodInvocation.java:101)
	at org.jboss.ejb3.stateless.StatelessInstanceInterceptor.invoke(StatelessInstanceInterceptor.java:62)
	at org.jboss.aop.joinpoint.MethodInvocation.invokeNext(MethodInvocation.java:101)
	at org.jboss.aspects.security.AuthenticationInterceptor.invoke(AuthenticationInterceptor.java:77)
	at org.jboss.ejb3.security.Ejb3AuthenticationInterceptor.invoke(Ejb3AuthenticationInterceptor.java:110)
	at org.jboss.aop.joinpoint.MethodInvocation.invokeNext(MethodInvocation.java:101)
	at org.jboss.ejb3.ENCPropagationInterceptor.invoke(ENCPropagationInterceptor.java:46)
	at org.jboss.aop.joinpoint.MethodInvocation.invokeNext(MethodInvocation.java:101)
	at org.jboss.ejb3.asynchronous.AsynchronousInterceptor.invoke(AsynchronousInterceptor.java:106)
	at org.jboss.aop.joinpoint.MethodInvocation.invokeNext(MethodInvocation.java:101)
	at org.jboss.ejb3.stateless.StatelessContainer.dynamicInvoke(StatelessContainer.java:304)
	at org.jboss.aop.Dispatcher.invoke(Dispatcher.java:106)
	at org.jboss.aspects.remoting.AOPRemotingInvocationHandler.invoke(AOPRemotingInvocationHandler.java:82)
	at org.jboss.remoting.ServerInvoker.invoke(ServerInvoker.java:769)
	at org.jboss.remoting.transport.socket.ServerThread.processInvocation(ServerThread.java:573)
	at org.jboss.remoting.transport.socket.ServerThread.dorun(ServerThread.java:373)
	at org.jboss.remoting.transport.socket.ServerThread.run(ServerThread.java:166)
Caused by: org.hibernate.exception.GenericJDBCException: Cannot open connection
	at org.hibernate.exception.SQLStateConverter.handledNonSpecificException(SQLStateConverter.java:103)
	at org.hibernate.exception.SQLStateConverter.convert(SQLStateConverter.java:91)
	at org.hibernate.exception.JDBCExceptionHelper.convert(JDBCExceptionHelper.java:43)
	at org.hibernate.exception.JDBCExceptionHelper.convert(JDBCExceptionHelper.java:29)
	at org.hibernate.jdbc.ConnectionManager.openConnection(ConnectionManager.java:426)
	at org.hibernate.jdbc.ConnectionManager.getConnection(ConnectionManager.java:144)
	at org.hibernate.jdbc.AbstractBatcher.prepareQueryStatement(AbstractBatcher.java:139)
	at org.hibernate.loader.Loader.prepareQueryStatement(Loader.java:1547)
	at org.hibernate.loader.Loader.doQuery(Loader.java:673)
	at org.hibernate.loader.Loader.doQueryAndInitializeNonLazyCollections(Loader.java:236)
	at org.hibernate.loader.Loader.loadEntity(Loader.java:1860)
	at org.hibernate.loader.entity.AbstractEntityLoader.load(AbstractEntityLoader.java:48)
	at org.hibernate.loader.entity.AbstractEntityLoader.load(AbstractEntityLoader.java:42)
	at org.hibernate.persister.entity.AbstractEntityPersister.load(AbstractEntityPersister.java:3044)
	at org.hibernate.event.def.DefaultLoadEventListener.loadFromDatasource(DefaultLoadEventListener.java:395)
	at org.hibernate.event.def.DefaultLoadEventListener.doLoad(DefaultLoadEventListener.java:375)
	at org.hibernate.event.def.DefaultLoadEventListener.load(DefaultLoadEventListener.java:139)
	at org.hibernate.event.def.DefaultLoadEventListener.proxyOrLoad(DefaultLoadEventListener.java:195)
	at org.hibernate.event.def.DefaultLoadEventListener.onLoad(DefaultLoadEventListener.java:103)
	at org.hibernate.impl.SessionImpl.fireLoad(SessionImpl.java:878)
	at org.hibernate.impl.SessionImpl.get(SessionImpl.java:815)
	at org.hibernate.impl.SessionImpl.get(SessionImpl.java:808)
	at org.hibernate.ejb.AbstractEntityManagerImpl.find(AbstractEntityManagerImpl.java:174)
Caused by: org.jboss.util.NestedSQLException: Could not create connection; - nested throwable: (java.sql.SQLException: com.informix.asf.IfxASFException: Attempt to connect to database server (topcoder) failed.); - nested throwable: (org.jboss.resource.JBossResourceException: Could not create connection; - nested throwable: (java.sql.SQLException: com.informix.asf.IfxASFException: Attempt to connect to database server (topcoder) failed.))
	at org.jboss.resource.adapter.jdbc.WrapperDataSource.getConnection(WrapperDataSource.java:94)
	at org.hibernate.ejb.connection.InjectedDataSourceConnectionProvider.getConnection(InjectedDataSourceConnectionProvider.java:47)
	at org.hibernate.jdbc.ConnectionManager.openConnection(ConnectionManager.java:423)
Caused by: org.jboss.resource.JBossResourceException: Could not create connection; - nested throwable: (java.sql.SQLException: com.informix.asf.IfxASFException: Attempt to connect to database server (topcoder) failed.)
	at org.jboss.resource.adapter.jdbc.local.LocalManagedConnectionFactory.createManagedConnection(LocalManagedConnectionFactory.java:179)
	at org.jboss.resource.connectionmanager.InternalManagedConnectionPool.createConnectionEventListener(InternalManagedConnectionPool.java:577)
	at org.jboss.resource.connectionmanager.InternalManagedConnectionPool.getConnection(InternalManagedConnectionPool.java:262)
	at org.jboss.resource.connectionmanager.JBossManagedConnectionPool$BasePool.getConnection(JBossManagedConnectionPool.java:538)
	at org.jboss.resource.connectionmanager.BaseConnectionManager2.getManagedConnection(BaseConnectionManager2.java:341)
	at org.jboss.resource.connectionmanager.TxConnectionManager.getManagedConnection(TxConnectionManager.java:315)
	at org.jboss.resource.connectionmanager.BaseConnectionManager2.allocateConnection(BaseConnectionManager2.java:396)
	at org.jboss.resource.connectionmanager.BaseConnectionManager2$ConnectionManagerProxy.allocateConnection(BaseConnectionManager2.java:842)
	at org.jboss.resource.adapter.jdbc.WrapperDataSource.getConnection(WrapperDataSource.java:88)
Caused by: java.sql.SQLException: com.informix.asf.IfxASFException: Attempt to connect to database server (topcoder) failed.
	at com.informix.jdbc.IfxSqliConnect.&lt;init&gt;(IfxSqliConnect.java:1026)
	at java.lang.reflect.Constructor.newInstance(Constructor.java:494)
	at com.informix.jdbc.IfxDriver.connect(IfxDriver.java:254)
	at org.jboss.resource.adapter.jdbc.local.LocalManagedConnectionFactory.createManagedConnection(LocalManagedConnectionFactory.java:171)
</error>
  </testcase>
  <testcase classname="com.topcoder.service.digitalrun.contest.stresstests.DigitalRunContestManagerBeanStressTests" name="testTrackContestResultCalculator" time="0.11">
    <error message="Persistence error occurs while creating track contest result calculator." type="com.topcoder.service.digitalrun.contest.DigitalRunContestManagerException">com.topcoder.service.digitalrun.contest.DigitalRunContestManagerException: Persistence error occurs while creating track contest result calculator.
	at com.topcoder.service.digitalrun.contest.DigitalRunContestManagerBean.createTrackContestResultCalculator(DigitalRunContestManagerBean.java:877)
	at org.jboss.aop.joinpoint.MethodInvocation.invokeNext(MethodInvocation.java:112)
	at org.jboss.ejb3.interceptor.InvocationContextImpl.proceed(InvocationContextImpl.java:166)
	at org.jboss.ejb3.interceptor.EJB3InterceptorsInterceptor.invoke(EJB3InterceptorsInterceptor.java:63)
	at org.jboss.aop.joinpoint.MethodInvocation.invokeNext(MethodInvocation.java:101)
	at org.jboss.ejb3.entity.TransactionScopedEntityManagerInterceptor.invoke(TransactionScopedEntityManagerInterceptor.java:54)
	at org.jboss.aop.joinpoint.MethodInvocation.invokeNext(MethodInvocation.java:101)
	at org.jboss.ejb3.AllowedOperationsInterceptor.invoke(AllowedOperationsInterceptor.java:47)
	at org.jboss.aop.joinpoint.MethodInvocation.invokeNext(MethodInvocation.java:101)
	at org.jboss.aspects.tx.TxPolicy.invokeInOurTx(TxPolicy.java:79)
	at org.jboss.aspects.tx.TxInterceptor$Required.invoke(TxInterceptor.java:191)
	at org.jboss.aop.joinpoint.MethodInvocation.invokeNext(MethodInvocation.java:101)
	at org.jboss.aspects.tx.TxPropagationInterceptor.invoke(TxPropagationInterceptor.java:95)
	at org.jboss.aop.joinpoint.MethodInvocation.invokeNext(MethodInvocation.java:101)
	at org.jboss.ejb3.stateless.StatelessInstanceInterceptor.invoke(StatelessInstanceInterceptor.java:62)
	at org.jboss.aop.joinpoint.MethodInvocation.invokeNext(MethodInvocation.java:101)
	at org.jboss.aspects.security.AuthenticationInterceptor.invoke(AuthenticationInterceptor.java:77)
	at org.jboss.ejb3.security.Ejb3AuthenticationInterceptor.invoke(Ejb3AuthenticationInterceptor.java:110)
	at org.jboss.aop.joinpoint.MethodInvocation.invokeNext(MethodInvocation.java:101)
	at org.jboss.ejb3.ENCPropagationInterceptor.invoke(ENCPropagationInterceptor.java:46)
	at org.jboss.aop.joinpoint.MethodInvocation.invokeNext(MethodInvocation.java:101)
	at org.jboss.ejb3.asynchronous.AsynchronousInterceptor.invoke(AsynchronousInterceptor.java:106)
	at org.jboss.aop.joinpoint.MethodInvocation.invokeNext(MethodInvocation.java:101)
	at org.jboss.ejb3.stateless.StatelessContainer.dynamicInvoke(StatelessContainer.java:304)
	at org.jboss.aop.Dispatcher.invoke(Dispatcher.java:106)
	at org.jboss.aspects.remoting.AOPRemotingInvocationHandler.invoke(AOPRemotingInvocationHandler.java:82)
	at org.jboss.remoting.ServerInvoker.invoke(ServerInvoker.java:769)
	at org.jboss.remoting.transport.socket.ServerThread.processInvocation(ServerThread.java:573)
	at org.jboss.remoting.transport.socket.ServerThread.dorun(ServerThread.java:373)
	at org.jboss.remoting.transport.socket.ServerThread.run(ServerThread.java:166)
Caused by: com.topcoder.service.digitalrun.contest.PersistenceException: org.hibernate.exception.GenericJDBCException: Cannot open connection
	at com.topcoder.service.digitalrun.contest.persistence.BaseHibernateDAO.findEntity(BaseHibernateDAO.java:358)
	at com.topcoder.service.digitalrun.contest.persistence.BaseHibernateDAO.errorIfEntityExists(BaseHibernateDAO.java:250)
	at com.topcoder.service.digitalrun.contest.persistence.HibernateTrackContestResultCalculatorDAO.createTrackContestResultCalculator(HibernateTrackContestResultCalculatorDAO.java:98)
	at com.topcoder.service.digitalrun.contest.DigitalRunContestManagerBean.createTrackContestResultCalculator(DigitalRunContestManagerBean.java:875)
	at org.jboss.aop.joinpoint.MethodInvocation.invokeNext(MethodInvocation.java:112)
	at org.jboss.ejb3.interceptor.InvocationContextImpl.proceed(InvocationContextImpl.java:166)
	at org.jboss.ejb3.interceptor.EJB3InterceptorsInterceptor.invoke(EJB3InterceptorsInterceptor.java:63)
	at org.jboss.aop.joinpoint.MethodInvocation.invokeNext(MethodInvocation.java:101)
	at org.jboss.ejb3.entity.TransactionScopedEntityManagerInterceptor.invoke(TransactionScopedEntityManagerInterceptor.java:54)
	at org.jboss.aop.joinpoint.MethodInvocation.invokeNext(MethodInvocation.java:101)
	at org.jboss.ejb3.AllowedOperationsInterceptor.invoke(AllowedOperationsInterceptor.java:47)
	at org.jboss.aop.joinpoint.MethodInvocation.invokeNext(MethodInvocation.java:101)
	at org.jboss.aspects.tx.TxPolicy.invokeInOurTx(TxPolicy.java:79)
	at org.jboss.aspects.tx.TxInterceptor$Required.invoke(TxInterceptor.java:191)
	at org.jboss.aop.joinpoint.MethodInvocation.invokeNext(MethodInvocation.java:101)
	at org.jboss.aspects.tx.TxPropagationInterceptor.invoke(TxPropagationInterceptor.java:95)
	at org.jboss.aop.joinpoint.MethodInvocation.invokeNext(MethodInvocation.java:101)
	at org.jboss.ejb3.stateless.StatelessInstanceInterceptor.invoke(StatelessInstanceInterceptor.java:62)
	at org.jboss.aop.joinpoint.MethodInvocation.invokeNext(MethodInvocation.java:101)
	at org.jboss.aspects.security.AuthenticationInterceptor.invoke(AuthenticationInterceptor.java:77)
	at org.jboss.ejb3.security.Ejb3AuthenticationInterceptor.invoke(Ejb3AuthenticationInterceptor.java:110)
	at org.jboss.aop.joinpoint.MethodInvocation.invokeNext(MethodInvocation.java:101)
	at org.jboss.ejb3.ENCPropagationInterceptor.invoke(ENCPropagationInterceptor.java:46)
	at org.jboss.aop.joinpoint.MethodInvocation.invokeNext(MethodInvocation.java:101)
	at org.jboss.ejb3.asynchronous.AsynchronousInterceptor.invoke(AsynchronousInterceptor.java:106)
	at org.jboss.aop.joinpoint.MethodInvocation.invokeNext(MethodInvocation.java:101)
	at org.jboss.ejb3.stateless.StatelessContainer.dynamicInvoke(StatelessContainer.java:304)
	at org.jboss.aop.Dispatcher.invoke(Dispatcher.java:106)
	at org.jboss.aspects.remoting.AOPRemotingInvocationHandler.invoke(AOPRemotingInvocationHandler.java:82)
	at org.jboss.remoting.ServerInvoker.invoke(ServerInvoker.java:769)
	at org.jboss.remoting.transport.socket.ServerThread.processInvocation(ServerThread.java:573)
	at org.jboss.remoting.transport.socket.ServerThread.dorun(ServerThread.java:373)
	at org.jboss.remoting.transport.socket.ServerThread.run(ServerThread.java:166)
	at org.jboss.remoting.MicroRemoteClientInvoker.invoke(MicroRemoteClientInvoker.java:163)
	at org.jboss.remoting.Client.invoke(Client.java:1634)
	at org.jboss.remoting.Client.invoke(Client.java:548)
	at org.jboss.aspects.remoting.InvokeRemoteInterceptor.invoke(InvokeRemoteInterceptor.java:62)
	at org.jboss.aop.joinpoint.MethodInvocation.invokeNext(MethodInvocation.java:101)
	at org.jboss.aspects.tx.ClientTxPropagationInterceptor.invoke(ClientTxPropagationInterceptor.java:67)
	at org.jboss.aop.joinpoint.MethodInvocation.invokeNext(MethodInvocation.java:101)
	at org.jboss.aspects.security.SecurityClientInterceptor.invoke(SecurityClientInterceptor.java:53)
	at org.jboss.aop.joinpoint.MethodInvocation.invokeNext(MethodInvocation.java:101)
	at org.jboss.ejb3.remoting.IsLocalInterceptor.invoke(IsLocalInterceptor.java:74)
	at org.jboss.aop.joinpoint.MethodInvocation.invokeNext(MethodInvocation.java:101)
	at org.jboss.ejb3.stateless.StatelessRemoteProxy.invoke(StatelessRemoteProxy.java:107)
	at $Proxy7.createTrackContestResultCalculator(Unknown Source)
	at com.topcoder.service.digitalrun.contest.stresstests.DigitalRunContestManagerBeanStressTests.testTrackContestResultCalculator(DigitalRunContestManagerBeanStressTests.java:358)
	at org.jboss.aspects.remoting.InvokeRemoteInterceptor.invoke(InvokeRemoteInterceptor.java:74)
	at org.jboss.aop.joinpoint.MethodInvocation.invokeNext(MethodInvocation.java:101)
	at org.jboss.aspects.tx.ClientTxPropagationInterceptor.invoke(ClientTxPropagationInterceptor.java:67)
	at org.jboss.aop.joinpoint.MethodInvocation.invokeNext(MethodInvocation.java:101)
	at org.jboss.aspects.security.SecurityClientInterceptor.invoke(SecurityClientInterceptor.java:53)
	at org.jboss.aop.joinpoint.MethodInvocation.invokeNext(MethodInvocation.java:101)
	at org.jboss.ejb3.remoting.IsLocalInterceptor.invoke(IsLocalInterceptor.java:74)
	at org.jboss.aop.joinpoint.MethodInvocation.invokeNext(MethodInvocation.java:101)
	at org.jboss.ejb3.stateless.StatelessRemoteProxy.invoke(StatelessRemoteProxy.java:107)
	at $Proxy7.createTrackContestResultCalculator(Unknown Source)
	at com.topcoder.service.digitalrun.contest.stresstests.DigitalRunContestManagerBeanStressTests.testTrackContestResultCalculator(DigitalRunContestManagerBeanStressTests.java:358)
Caused by: javax.persistence.PersistenceException: org.hibernate.exception.GenericJDBCException: Cannot open connection
	at org.hibernate.ejb.AbstractEntityManagerImpl.throwPersistenceException(AbstractEntityManagerImpl.java:629)
	at org.hibernate.ejb.AbstractEntityManagerImpl.find(AbstractEntityManagerImpl.java:194)
	at org.jboss.ejb3.entity.TransactionScopedEntityManager.find(TransactionScopedEntityManager.java:171)
	at com.topcoder.service.digitalrun.contest.persistence.BaseHibernateDAO.findEntity(BaseHibernateDAO.java:355)
	at com.topcoder.service.digitalrun.contest.persistence.BaseHibernateDAO.errorIfEntityExists(BaseHibernateDAO.java:250)
	at com.topcoder.service.digitalrun.contest.persistence.HibernateTrackContestResultCalculatorDAO.createTrackContestResultCalculator(HibernateTrackContestResultCalculatorDAO.java:98)
	at com.topcoder.service.digitalrun.contest.DigitalRunContestManagerBean.createTrackContestResultCalculator(DigitalRunContestManagerBean.java:875)
	at org.jboss.aop.joinpoint.MethodInvocation.invokeNext(MethodInvocation.java:112)
	at org.jboss.ejb3.interceptor.InvocationContextImpl.proceed(InvocationContextImpl.java:166)
	at org.jboss.ejb3.interceptor.EJB3InterceptorsInterceptor.invoke(EJB3InterceptorsInterceptor.java:63)
	at org.jboss.aop.joinpoint.MethodInvocation.invokeNext(MethodInvocation.java:101)
	at org.jboss.ejb3.entity.TransactionScopedEntityManagerInterceptor.invoke(TransactionScopedEntityManagerInterceptor.java:54)
	at org.jboss.aop.joinpoint.MethodInvocation.invokeNext(MethodInvocation.java:101)
	at org.jboss.ejb3.AllowedOperationsInterceptor.invoke(AllowedOperationsInterceptor.java:47)
	at org.jboss.aop.joinpoint.MethodInvocation.invokeNext(MethodInvocation.java:101)
	at org.jboss.aspects.tx.TxPolicy.invokeInOurTx(TxPolicy.java:79)
	at org.jboss.aspects.tx.TxInterceptor$Required.invoke(TxInterceptor.java:191)
	at org.jboss.aop.joinpoint.MethodInvocation.invokeNext(MethodInvocation.java:101)
	at org.jboss.aspects.tx.TxPropagationInterceptor.invoke(TxPropagationInterceptor.java:95)
	at org.jboss.aop.joinpoint.MethodInvocation.invokeNext(MethodInvocation.java:101)
	at org.jboss.ejb3.stateless.StatelessInstanceInterceptor.invoke(StatelessInstanceInterceptor.java:62)
	at org.jboss.aop.joinpoint.MethodInvocation.invokeNext(MethodInvocation.java:101)
	at org.jboss.aspects.security.AuthenticationInterceptor.invoke(AuthenticationInterceptor.java:77)
	at org.jboss.ejb3.security.Ejb3AuthenticationInterceptor.invoke(Ejb3AuthenticationInterceptor.java:110)
	at org.jboss.aop.joinpoint.MethodInvocation.invokeNext(MethodInvocation.java:101)
	at org.jboss.ejb3.ENCPropagationInterceptor.invoke(ENCPropagationInterceptor.java:46)
	at org.jboss.aop.joinpoint.MethodInvocation.invokeNext(MethodInvocation.java:101)
	at org.jboss.ejb3.asynchronous.AsynchronousInterceptor.invoke(AsynchronousInterceptor.java:106)
	at org.jboss.aop.joinpoint.MethodInvocation.invokeNext(MethodInvocation.java:101)
	at org.jboss.ejb3.stateless.StatelessContainer.dynamicInvoke(StatelessContainer.java:304)
	at org.jboss.aop.Dispatcher.invoke(Dispatcher.java:106)
	at org.jboss.aspects.remoting.AOPRemotingInvocationHandler.invoke(AOPRemotingInvocationHandler.java:82)
	at org.jboss.remoting.ServerInvoker.invoke(ServerInvoker.java:769)
	at org.jboss.remoting.transport.socket.ServerThread.processInvocation(ServerThread.java:573)
	at org.jboss.remoting.transport.socket.ServerThread.dorun(ServerThread.java:373)
	at org.jboss.remoting.transport.socket.ServerThread.run(ServerThread.java:166)
Caused by: org.hibernate.exception.GenericJDBCException: Cannot open connection
	at org.hibernate.exception.SQLStateConverter.handledNonSpecificException(SQLStateConverter.java:103)
	at org.hibernate.exception.SQLStateConverter.convert(SQLStateConverter.java:91)
	at org.hibernate.exception.JDBCExceptionHelper.convert(JDBCExceptionHelper.java:43)
	at org.hibernate.exception.JDBCExceptionHelper.convert(JDBCExceptionHelper.java:29)
	at org.hibernate.jdbc.ConnectionManager.openConnection(ConnectionManager.java:426)
	at org.hibernate.jdbc.ConnectionManager.getConnection(ConnectionManager.java:144)
	at org.hibernate.jdbc.AbstractBatcher.prepareQueryStatement(AbstractBatcher.java:139)
	at org.hibernate.loader.Loader.prepareQueryStatement(Loader.java:1547)
	at org.hibernate.loader.Loader.doQuery(Loader.java:673)
	at org.hibernate.loader.Loader.doQueryAndInitializeNonLazyCollections(Loader.java:236)
	at org.hibernate.loader.Loader.loadEntity(Loader.java:1860)
	at org.hibernate.loader.entity.AbstractEntityLoader.load(AbstractEntityLoader.java:48)
	at org.hibernate.loader.entity.AbstractEntityLoader.load(AbstractEntityLoader.java:42)
	at org.hibernate.persister.entity.AbstractEntityPersister.load(AbstractEntityPersister.java:3044)
	at org.hibernate.event.def.DefaultLoadEventListener.loadFromDatasource(DefaultLoadEventListener.java:395)
	at org.hibernate.event.def.DefaultLoadEventListener.doLoad(DefaultLoadEventListener.java:375)
	at org.hibernate.event.def.DefaultLoadEventListener.load(DefaultLoadEventListener.java:139)
	at org.hibernate.event.def.DefaultLoadEventListener.proxyOrLoad(DefaultLoadEventListener.java:195)
	at org.hibernate.event.def.DefaultLoadEventListener.onLoad(DefaultLoadEventListener.java:103)
	at org.hibernate.impl.SessionImpl.fireLoad(SessionImpl.java:878)
	at org.hibernate.impl.SessionImpl.get(SessionImpl.java:815)
	at org.hibernate.impl.SessionImpl.get(SessionImpl.java:808)
	at org.hibernate.ejb.AbstractEntityManagerImpl.find(AbstractEntityManagerImpl.java:174)
Caused by: org.jboss.util.NestedSQLException: Could not create connection; - nested throwable: (java.sql.SQLException: com.informix.asf.IfxASFException: Attempt to connect to database server (topcoder) failed.); - nested throwable: (org.jboss.resource.JBossResourceException: Could not create connection; - nested throwable: (java.sql.SQLException: com.informix.asf.IfxASFException: Attempt to connect to database server (topcoder) failed.))
	at org.jboss.resource.adapter.jdbc.WrapperDataSource.getConnection(WrapperDataSource.java:94)
	at org.hibernate.ejb.connection.InjectedDataSourceConnectionProvider.getConnection(InjectedDataSourceConnectionProvider.java:47)
	at org.hibernate.jdbc.ConnectionManager.openConnection(ConnectionManager.java:423)
Caused by: org.jboss.resource.JBossResourceException: Could not create connection; - nested throwable: (java.sql.SQLException: com.informix.asf.IfxASFException: Attempt to connect to database server (topcoder) failed.)
	at org.jboss.resource.adapter.jdbc.local.LocalManagedConnectionFactory.createManagedConnection(LocalManagedConnectionFactory.java:179)
	at org.jboss.resource.connectionmanager.InternalManagedConnectionPool.createConnectionEventListener(InternalManagedConnectionPool.java:577)
	at org.jboss.resource.connectionmanager.InternalManagedConnectionPool.getConnection(InternalManagedConnectionPool.java:262)
	at org.jboss.resource.connectionmanager.JBossManagedConnectionPool$BasePool.getConnection(JBossManagedConnectionPool.java:538)
	at org.jboss.resource.connectionmanager.BaseConnectionManager2.getManagedConnection(BaseConnectionManager2.java:341)
	at org.jboss.resource.connectionmanager.TxConnectionManager.getManagedConnection(TxConnectionManager.java:315)
	at org.jboss.resource.connectionmanager.BaseConnectionManager2.allocateConnection(BaseConnectionManager2.java:396)
	at org.jboss.resource.connectionmanager.BaseConnectionManager2$ConnectionManagerProxy.allocateConnection(BaseConnectionManager2.java:842)
	at org.jboss.resource.adapter.jdbc.WrapperDataSource.getConnection(WrapperDataSource.java:88)
Caused by: java.sql.SQLException: com.informix.asf.IfxASFException: Attempt to connect to database server (topcoder) failed.
	at com.informix.jdbc.IfxSqliConnect.&lt;init&gt;(IfxSqliConnect.java:1026)
	at java.lang.reflect.Constructor.newInstance(Constructor.java:494)
	at com.informix.jdbc.IfxDriver.connect(IfxDriver.java:254)
	at org.jboss.resource.adapter.jdbc.local.LocalManagedConnectionFactory.createManagedConnection(LocalManagedConnectionFactory.java:171)
</error>
  </testcase>
  <system-out><![CDATA[com.topcoder.service.digitalrun.contest.MockTrackContestDAO.setLogger(com.topcoder.util.log.Log)
java.lang.NoSuchMethodException: com.topcoder.service.digitalrun.contest.MockTrackContestDAO.setLogger(com.topcoder.util.log.Log)
	at java.lang.Class.getMethod(Class.java:1581)
	at com.topcoder.service.digitalrun.contest.DigitalRunContestManagerBean.inject(DigitalRunContestManagerBean.java:490)
	at com.topcoder.service.digitalrun.contest.DigitalRunContestManagerBean.initialize(DigitalRunContestManagerBean.java:452)
	at com.topcoder.service.digitalrun.contest.DigitalRunContestManagerBeanUnitTests.setUp(DigitalRunContestManagerBeanUnitTests.java:51)
	at junit.framework.TestCase.runBare(TestCase.java:125)
	at junit.framework.TestResult$1.protect(TestResult.java:106)
	at junit.framework.TestResult.runProtected(TestResult.java:124)
	at junit.framework.TestResult.run(TestResult.java:109)
	at junit.framework.TestCase.run(TestCase.java:118)
	at junit.framework.TestSuite.runTest(TestSuite.java:208)
	at junit.framework.TestSuite.run(TestSuite.java:203)
	at junit.framework.TestSuite.runTest(TestSuite.java:208)
	at junit.framework.TestSuite.run(TestSuite.java:203)
	at junit.framework.TestSuite.runTest(TestSuite.java:208)
	at junit.framework.TestSuite.run(TestSuite.java:203)
	at org.apache.tools.ant.taskdefs.optional.junit.JUnitTestRunner.run(JUnitTestRunner.java:421)
	at org.apache.tools.ant.taskdefs.optional.junit.JUnitTestRunner.launch(JUnitTestRunner.java:912)
	at org.apache.tools.ant.taskdefs.optional.junit.JUnitTestRunner.main(JUnitTestRunner.java:766)
com.topcoder.service.digitalrun.contest.MockTrackContestTypeDAO.setLogger(com.topcoder.util.log.Log)
java.lang.NoSuchMethodException: com.topcoder.service.digitalrun.contest.MockTrackContestTypeDAO.setLogger(com.topcoder.util.log.Log)
	at java.lang.Class.getMethod(Class.java:1581)
	at com.topcoder.service.digitalrun.contest.DigitalRunContestManagerBean.inject(DigitalRunContestManagerBean.java:490)
	at com.topcoder.service.digitalrun.contest.DigitalRunContestManagerBean.initialize(DigitalRunContestManagerBean.java:453)
	at com.topcoder.service.digitalrun.contest.DigitalRunContestManagerBeanUnitTests.setUp(DigitalRunContestManagerBeanUnitTests.java:51)
	at junit.framework.TestCase.runBare(TestCase.java:125)
	at junit.framework.TestResult$1.protect(TestResult.java:106)
	at junit.framework.TestResult.runProtected(TestResult.java:124)
	at junit.framework.TestResult.run(TestResult.java:109)
	at junit.framework.TestCase.run(TestCase.java:118)
	at junit.framework.TestSuite.runTest(TestSuite.java:208)
	at junit.framework.TestSuite.run(TestSuite.java:203)
	at junit.framework.TestSuite.runTest(TestSuite.java:208)
	at junit.framework.TestSuite.run(TestSuite.java:203)
	at junit.framework.TestSuite.runTest(TestSuite.java:208)
	at junit.framework.TestSuite.run(TestSuite.java:203)
	at org.apache.tools.ant.taskdefs.optional.junit.JUnitTestRunner.run(JUnitTestRunner.java:421)
	at org.apache.tools.ant.taskdefs.optional.junit.JUnitTestRunner.launch(JUnitTestRunner.java:912)
	at org.apache.tools.ant.taskdefs.optional.junit.JUnitTestRunner.main(JUnitTestRunner.java:766)
com.topcoder.service.digitalrun.contest.MockResultCalculatorDAO.setLogger(com.topcoder.util.log.Log)
java.lang.NoSuchMethodException: com.topcoder.service.digitalrun.contest.MockResultCalculatorDAO.setLogger(com.topcoder.util.log.Log)
	at java.lang.Class.getMethod(Class.java:1581)
	at com.topcoder.service.digitalrun.contest.DigitalRunContestManagerBean.inject(DigitalRunContestManagerBean.java:490)
	at com.topcoder.service.digitalrun.contest.DigitalRunContestManagerBean.initialize(DigitalRunContestManagerBean.java:454)
	at com.topcoder.service.digitalrun.contest.DigitalRunContestManagerBeanUnitTests.setUp(DigitalRunContestManagerBeanUnitTests.java:51)
	at junit.framework.TestCase.runBare(TestCase.java:125)
	at junit.framework.TestResult$1.protect(TestResult.java:106)
	at junit.framework.TestResult.runProtected(TestResult.java:124)
	at junit.framework.TestResult.run(TestResult.java:109)
	at junit.framework.TestCase.run(TestCase.java:118)
	at junit.framework.TestSuite.runTest(TestSuite.java:208)
	at junit.framework.TestSuite.run(TestSuite.java:203)
	at junit.framework.TestSuite.runTest(TestSuite.java:208)
	at junit.framework.TestSuite.run(TestSuite.java:203)
	at junit.framework.TestSuite.runTest(TestSuite.java:208)
	at junit.framework.TestSuite.run(TestSuite.java:203)
	at org.apache.tools.ant.taskdefs.optional.junit.JUnitTestRunner.run(JUnitTestRunner.java:421)
	at org.apache.tools.ant.taskdefs.optional.junit.JUnitTestRunner.launch(JUnitTestRunner.java:912)
	at org.apache.tools.ant.taskdefs.optional.junit.JUnitTestRunner.main(JUnitTestRunner.java:766)
com.topcoder.service.digitalrun.contest.MockTrackContestDAO.setUnitName(java.lang.String)
java.lang.NoSuchMethodException: com.topcoder.service.digitalrun.contest.MockTrackContestDAO.setUnitName(java.lang.String)
	at java.lang.Class.getMethod(Class.java:1581)
	at com.topcoder.service.digitalrun.contest.DigitalRunContestManagerBean.inject(DigitalRunContestManagerBean.java:490)
	at com.topcoder.service.digitalrun.contest.DigitalRunContestManagerBean.initialize(DigitalRunContestManagerBean.java:457)
	at com.topcoder.service.digitalrun.contest.DigitalRunContestManagerBeanUnitTests.setUp(DigitalRunContestManagerBeanUnitTests.java:51)
	at junit.framework.TestCase.runBare(TestCase.java:125)
	at junit.framework.TestResult$1.protect(TestResult.java:106)
	at junit.framework.TestResult.runProtected(TestResult.java:124)
	at junit.framework.TestResult.run(TestResult.java:109)
	at junit.framework.TestCase.run(TestCase.java:118)
	at junit.framework.TestSuite.runTest(TestSuite.java:208)
	at junit.framework.TestSuite.run(TestSuite.java:203)
	at junit.framework.TestSuite.runTest(TestSuite.java:208)
	at junit.framework.TestSuite.run(TestSuite.java:203)
	at junit.framework.TestSuite.runTest(TestSuite.java:208)
	at junit.framework.TestSuite.run(TestSuite.java:203)
	at org.apache.tools.ant.taskdefs.optional.junit.JUnitTestRunner.run(JUnitTestRunner.java:421)
	at org.apache.tools.ant.taskdefs.optional.junit.JUnitTestRunner.launch(JUnitTestRunner.java:912)
	at org.apache.tools.ant.taskdefs.optional.junit.JUnitTestRunner.main(JUnitTestRunner.java:766)
com.topcoder.service.digitalrun.contest.MockTrackContestTypeDAO.setUnitName(java.lang.String)
java.lang.NoSuchMethodException: com.topcoder.service.digitalrun.contest.MockTrackContestTypeDAO.setUnitName(java.lang.String)
	at java.lang.Class.getMethod(Class.java:1581)
	at com.topcoder.service.digitalrun.contest.DigitalRunContestManagerBean.inject(DigitalRunContestManagerBean.java:490)
	at com.topcoder.service.digitalrun.contest.DigitalRunContestManagerBean.initialize(DigitalRunContestManagerBean.java:458)
	at com.topcoder.service.digitalrun.contest.DigitalRunContestManagerBeanUnitTests.setUp(DigitalRunContestManagerBeanUnitTests.java:51)
	at junit.framework.TestCase.runBare(TestCase.java:125)
	at junit.framework.TestResult$1.protect(TestResult.java:106)
	at junit.framework.TestResult.runProtected(TestResult.java:124)
	at junit.framework.TestResult.run(TestResult.java:109)
	at junit.framework.TestCase.run(TestCase.java:118)
	at junit.framework.TestSuite.runTest(TestSuite.java:208)
	at junit.framework.TestSuite.run(TestSuite.java:203)
	at junit.framework.TestSuite.runTest(TestSuite.java:208)
	at junit.framework.TestSuite.run(TestSuite.java:203)
	at junit.framework.TestSuite.runTest(TestSuite.java:208)
	at junit.framework.TestSuite.run(TestSuite.java:203)
	at org.apache.tools.ant.taskdefs.optional.junit.JUnitTestRunner.run(JUnitTestRunner.java:421)
	at org.apache.tools.ant.taskdefs.optional.junit.JUnitTestRunner.launch(JUnitTestRunner.java:912)
	at org.apache.tools.ant.taskdefs.optional.junit.JUnitTestRunner.main(JUnitTestRunner.java:766)
com.topcoder.service.digitalrun.contest.MockResultCalculatorDAO.setUnitName(java.lang.String)
java.lang.NoSuchMethodException: com.topcoder.service.digitalrun.contest.MockResultCalculatorDAO.setUnitName(java.lang.String)
	at java.lang.Class.getMethod(Class.java:1581)
	at com.topcoder.service.digitalrun.contest.DigitalRunContestManagerBean.inject(DigitalRunContestManagerBean.java:490)
	at com.topcoder.service.digitalrun.contest.DigitalRunContestManagerBean.initialize(DigitalRunContestManagerBean.java:459)
	at com.topcoder.service.digitalrun.contest.DigitalRunContestManagerBeanUnitTests.setUp(DigitalRunContestManagerBeanUnitTests.java:51)
	at junit.framework.TestCase.runBare(TestCase.java:125)
	at junit.framework.TestResult$1.protect(TestResult.java:106)
	at junit.framework.TestResult.runProtected(TestResult.java:124)
	at junit.framework.TestResult.run(TestResult.java:109)
	at junit.framework.TestCase.run(TestCase.java:118)
	at junit.framework.TestSuite.runTest(TestSuite.java:208)
	at junit.framework.TestSuite.run(TestSuite.java:203)
	at junit.framework.TestSuite.runTest(TestSuite.java:208)
	at junit.framework.TestSuite.run(TestSuite.java:203)
	at junit.framework.TestSuite.runTest(TestSuite.java:208)
	at junit.framework.TestSuite.run(TestSuite.java:203)
	at org.apache.tools.ant.taskdefs.optional.junit.JUnitTestRunner.run(JUnitTestRunner.java:421)
	at org.apache.tools.ant.taskdefs.optional.junit.JUnitTestRunner.launch(JUnitTestRunner.java:912)
	at org.apache.tools.ant.taskdefs.optional.junit.JUnitTestRunner.main(JUnitTestRunner.java:766)
com.topcoder.service.digitalrun.contest.MockTrackContestDAO.setSessionContext(javax.ejb.SessionContext)
java.lang.NoSuchMethodException: com.topcoder.service.digitalrun.contest.MockTrackContestDAO.setSessionContext(javax.ejb.SessionContext)
	at java.lang.Class.getMethod(Class.java:1581)
	at com.topcoder.service.digitalrun.contest.DigitalRunContestManagerBean.inject(DigitalRunContestManagerBean.java:490)
	at com.topcoder.service.digitalrun.contest.DigitalRunContestManagerBean.initialize(DigitalRunContestManagerBean.java:461)
	at com.topcoder.service.digitalrun.contest.DigitalRunContestManagerBeanUnitTests.setUp(DigitalRunContestManagerBeanUnitTests.java:51)
	at junit.framework.TestCase.runBare(TestCase.java:125)
	at junit.framework.TestResult$1.protect(TestResult.java:106)
	at junit.framework.TestResult.runProtected(TestResult.java:124)
	at junit.framework.TestResult.run(TestResult.java:109)
	at junit.framework.TestCase.run(TestCase.java:118)
	at junit.framework.TestSuite.runTest(TestSuite.java:208)
	at junit.framework.TestSuite.run(TestSuite.java:203)
	at junit.framework.TestSuite.runTest(TestSuite.java:208)
	at junit.framework.TestSuite.run(TestSuite.java:203)
	at junit.framework.TestSuite.runTest(TestSuite.java:208)
	at junit.framework.TestSuite.run(TestSuite.java:203)
	at org.apache.tools.ant.taskdefs.optional.junit.JUnitTestRunner.run(JUnitTestRunner.java:421)
	at org.apache.tools.ant.taskdefs.optional.junit.JUnitTestRunner.launch(JUnitTestRunner.java:912)
	at org.apache.tools.ant.taskdefs.optional.junit.JUnitTestRunner.main(JUnitTestRunner.java:766)
com.topcoder.service.digitalrun.contest.MockTrackContestTypeDAO.setSessionContext(javax.ejb.SessionContext)
java.lang.NoSuchMethodException: com.topcoder.service.digitalrun.contest.MockTrackContestTypeDAO.setSessionContext(javax.ejb.SessionContext)
	at java.lang.Class.getMethod(Class.java:1581)
	at com.topcoder.service.digitalrun.contest.DigitalRunContestManagerBean.inject(DigitalRunContestManagerBean.java:490)
	at com.topcoder.service.digitalrun.contest.DigitalRunContestManagerBean.initialize(DigitalRunContestManagerBean.java:462)
	at com.topcoder.service.digitalrun.contest.DigitalRunContestManagerBeanUnitTests.setUp(DigitalRunContestManagerBeanUnitTests.java:51)
	at junit.framework.TestCase.runBare(TestCase.java:125)
	at junit.framework.TestResult$1.protect(TestResult.java:106)
	at junit.framework.TestResult.runProtected(TestResult.java:124)
	at junit.framework.TestResult.run(TestResult.java:109)
	at junit.framework.TestCase.run(TestCase.java:118)
	at junit.framework.TestSuite.runTest(TestSuite.java:208)
	at junit.framework.TestSuite.run(TestSuite.java:203)
	at junit.framework.TestSuite.runTest(TestSuite.java:208)
	at junit.framework.TestSuite.run(TestSuite.java:203)
	at junit.framework.TestSuite.runTest(TestSuite.java:208)
	at junit.framework.TestSuite.run(TestSuite.java:203)
	at org.apache.tools.ant.taskdefs.optional.junit.JUnitTestRunner.run(JUnitTestRunner.java:421)
	at org.apache.tools.ant.taskdefs.optional.junit.JUnitTestRunner.launch(JUnitTestRunner.java:912)
	at org.apache.tools.ant.taskdefs.optional.junit.JUnitTestRunner.main(JUnitTestRunner.java:766)
com.topcoder.service.digitalrun.contest.MockResultCalculatorDAO.setSessionContext(javax.ejb.SessionContext)
java.lang.NoSuchMethodException: com.topcoder.service.digitalrun.contest.MockResultCalculatorDAO.setSessionContext(javax.ejb.SessionContext)
	at java.lang.Class.getMethod(Class.java:1581)
	at com.topcoder.service.digitalrun.contest.DigitalRunContestManagerBean.inject(DigitalRunContestManagerBean.java:490)
	at com.topcoder.service.digitalrun.contest.DigitalRunContestManagerBean.initialize(DigitalRunContestManagerBean.java:463)
	at com.topcoder.service.digitalrun.contest.DigitalRunContestManagerBeanUnitTests.setUp(DigitalRunContestManagerBeanUnitTests.java:51)
	at junit.framework.TestCase.runBare(TestCase.java:125)
	at junit.framework.TestResult$1.protect(TestResult.java:106)
	at junit.framework.TestResult.runProtected(TestResult.java:124)
	at junit.framework.TestResult.run(TestResult.java:109)
	at junit.framework.TestCase.run(TestCase.java:118)
	at junit.framework.TestSuite.runTest(TestSuite.java:208)
	at junit.framework.TestSuite.run(TestSuite.java:203)
	at junit.framework.TestSuite.runTest(TestSuite.java:208)
	at junit.framework.TestSuite.run(TestSuite.java:203)
	at junit.framework.TestSuite.runTest(TestSuite.java:208)
	at junit.framework.TestSuite.run(TestSuite.java:203)
	at org.apache.tools.ant.taskdefs.optional.junit.JUnitTestRunner.run(JUnitTestRunner.java:421)
	at org.apache.tools.ant.taskdefs.optional.junit.JUnitTestRunner.launch(JUnitTestRunner.java:912)
	at org.apache.tools.ant.taskdefs.optional.junit.JUnitTestRunner.main(JUnitTestRunner.java:766)
com.topcoder.service.digitalrun.contest.MockTrackContestDAO.setLogger(com.topcoder.util.log.Log)
java.lang.NoSuchMethodException: com.topcoder.service.digitalrun.contest.MockTrackContestDAO.setLogger(com.topcoder.util.log.Log)
	at java.lang.Class.getMethod(Class.java:1581)
	at com.topcoder.service.digitalrun.contest.DigitalRunContestManagerBean.inject(DigitalRunContestManagerBean.java:490)
	at com.topcoder.service.digitalrun.contest.DigitalRunContestManagerBean.initialize(DigitalRunContestManagerBean.java:452)
	at com.topcoder.service.digitalrun.contest.DigitalRunContestManagerBeanUnitTests.setUp(DigitalRunContestManagerBeanUnitTests.java:51)
	at junit.framework.TestCase.runBare(TestCase.java:125)
	at junit.framework.TestResult$1.protect(TestResult.java:106)
	at junit.framework.TestResult.runProtected(TestResult.java:124)
	at junit.framework.TestResult.run(TestResult.java:109)
	at junit.framework.TestCase.run(TestCase.java:118)
	at junit.framework.TestSuite.runTest(TestSuite.java:208)
	at junit.framework.TestSuite.run(TestSuite.java:203)
	at junit.framework.TestSuite.runTest(TestSuite.java:208)
	at junit.framework.TestSuite.run(TestSuite.java:203)
	at junit.framework.TestSuite.runTest(TestSuite.java:208)
	at junit.framework.TestSuite.run(TestSuite.java:203)
	at org.apache.tools.ant.taskdefs.optional.junit.JUnitTestRunner.run(JUnitTestRunner.java:421)
	at org.apache.tools.ant.taskdefs.optional.junit.JUnitTestRunner.launch(JUnitTestRunner.java:912)
	at org.apache.tools.ant.taskdefs.optional.junit.JUnitTestRunner.main(JUnitTestRunner.java:766)
com.topcoder.service.digitalrun.contest.MockTrackContestTypeDAO.setLogger(com.topcoder.util.log.Log)
java.lang.NoSuchMethodException: com.topcoder.service.digitalrun.contest.MockTrackContestTypeDAO.setLogger(com.topcoder.util.log.Log)
	at java.lang.Class.getMethod(Class.java:1581)
	at com.topcoder.service.digitalrun.contest.DigitalRunContestManagerBean.inject(DigitalRunContestManagerBean.java:490)
	at com.topcoder.service.digitalrun.contest.DigitalRunContestManagerBean.initialize(DigitalRunContestManagerBean.java:453)
	at com.topcoder.service.digitalrun.contest.DigitalRunContestManagerBeanUnitTests.setUp(DigitalRunContestManagerBeanUnitTests.java:51)
	at junit.framework.TestCase.runBare(TestCase.java:125)
	at junit.framework.TestResult$1.protect(TestResult.java:106)
	at junit.framework.TestResult.runProtected(TestResult.java:124)
	at junit.framework.TestResult.run(TestResult.java:109)
	at junit.framework.TestCase.run(TestCase.java:118)
	at junit.framework.TestSuite.runTest(TestSuite.java:208)
	at junit.framework.TestSuite.run(TestSuite.java:203)
	at junit.framework.TestSuite.runTest(TestSuite.java:208)
	at junit.framework.TestSuite.run(TestSuite.java:203)
	at junit.framework.TestSuite.runTest(TestSuite.java:208)
	at junit.framework.TestSuite.run(TestSuite.java:203)
	at org.apache.tools.ant.taskdefs.optional.junit.JUnitTestRunner.run(JUnitTestRunner.java:421)
	at org.apache.tools.ant.taskdefs.optional.junit.JUnitTestRunner.launch(JUnitTestRunner.java:912)
	at org.apache.tools.ant.taskdefs.optional.junit.JUnitTestRunner.main(JUnitTestRunner.java:766)
com.topcoder.service.digitalrun.contest.MockResultCalculatorDAO.setLogger(com.topcoder.util.log.Log)
java.lang.NoSuchMethodException: com.topcoder.service.digitalrun.contest.MockResultCalculatorDAO.setLogger(com.topcoder.util.log.Log)
	at java.lang.Class.getMethod(Class.java:1581)
	at com.topcoder.service.digitalrun.contest.DigitalRunContestManagerBean.inject(DigitalRunContestManagerBean.java:490)
	at com.topcoder.service.digitalrun.contest.DigitalRunContestManagerBean.initialize(DigitalRunContestManagerBean.java:454)
	at com.topcoder.service.digitalrun.contest.DigitalRunContestManagerBeanUnitTests.setUp(DigitalRunContestManagerBeanUnitTests.java:51)
	at junit.framework.TestCase.runBare(TestCase.java:125)
	at junit.framework.TestResult$1.protect(TestResult.java:106)
	at junit.framework.TestResult.runProtected(TestResult.java:124)
	at junit.framework.TestResult.run(TestResult.java:109)
	at junit.framework.TestCase.run(TestCase.java:118)
	at junit.framework.TestSuite.runTest(TestSuite.java:208)
	at junit.framework.TestSuite.run(TestSuite.java:203)
	at junit.framework.TestSuite.runTest(TestSuite.java:208)
	at junit.framework.TestSuite.run(TestSuite.java:203)
	at junit.framework.TestSuite.runTest(TestSuite.java:208)
	at junit.framework.TestSuite.run(TestSuite.java:203)
	at org.apache.tools.ant.taskdefs.optional.junit.JUnitTestRunner.run(JUnitTestRunner.java:421)
	at org.apache.tools.ant.taskdefs.optional.junit.JUnitTestRunner.launch(JUnitTestRunner.java:912)
	at org.apache.tools.ant.taskdefs.optional.junit.JUnitTestRunner.main(JUnitTestRunner.java:766)
com.topcoder.service.digitalrun.contest.MockTrackContestDAO.setUnitName(java.lang.String)
java.lang.NoSuchMethodException: com.topcoder.service.digitalrun.contest.MockTrackContestDAO.setUnitName(java.lang.String)
	at java.lang.Class.getMethod(Class.java:1581)
	at com.topcoder.service.digitalrun.contest.DigitalRunContestManagerBean.inject(DigitalRunContestManagerBean.java:490)
	at com.topcoder.service.digitalrun.contest.DigitalRunContestManagerBean.initialize(DigitalRunContestManagerBean.java:457)
	at com.topcoder.service.digitalrun.contest.DigitalRunContestManagerBeanUnitTests.setUp(DigitalRunContestManagerBeanUnitTests.java:51)
	at junit.framework.TestCase.runBare(TestCase.java:125)
	at junit.framework.TestResult$1.protect(TestResult.java:106)
	at junit.framework.TestResult.runProtected(TestResult.java:124)
	at junit.framework.TestResult.run(TestResult.java:109)
	at junit.framework.TestCase.run(TestCase.java:118)
	at junit.framework.TestSuite.runTest(TestSuite.java:208)
	at junit.framework.TestSuite.run(TestSuite.java:203)
	at junit.framework.TestSuite.runTest(TestSuite.java:208)
	at junit.framework.TestSuite.run(TestSuite.java:203)
	at junit.framework.TestSuite.runTest(TestSuite.java:208)
	at junit.framework.TestSuite.run(TestSuite.java:203)
	at org.apache.tools.ant.taskdefs.optional.junit.JUnitTestRunner.run(JUnitTestRunner.java:421)
	at org.apache.tools.ant.taskdefs.optional.junit.JUnitTestRunner.launch(JUnitTestRunner.java:912)
	at org.apache.tools.ant.taskdefs.optional.junit.JUnitTestRunner.main(JUnitTestRunner.java:766)
com.topcoder.service.digitalrun.contest.MockTrackContestTypeDAO.setUnitName(java.lang.String)
java.lang.NoSuchMethodException: com.topcoder.service.digitalrun.contest.MockTrackContestTypeDAO.setUnitName(java.lang.String)
	at java.lang.Class.getMethod(Class.java:1581)
	at com.topcoder.service.digitalrun.contest.DigitalRunContestManagerBean.inject(DigitalRunContestManagerBean.java:490)
	at com.topcoder.service.digitalrun.contest.DigitalRunContestManagerBean.initialize(DigitalRunContestManagerBean.java:458)
	at com.topcoder.service.digitalrun.contest.DigitalRunContestManagerBeanUnitTests.setUp(DigitalRunContestManagerBeanUnitTests.java:51)
	at junit.framework.TestCase.runBare(TestCase.java:125)
	at junit.framework.TestResult$1.protect(TestResult.java:106)
	at junit.framework.TestResult.runProtected(TestResult.java:124)
	at junit.framework.TestResult.run(TestResult.java:109)
	at junit.framework.TestCase.run(TestCase.java:118)
	at junit.framework.TestSuite.runTest(TestSuite.java:208)
	at junit.framework.TestSuite.run(TestSuite.java:203)
	at junit.framework.TestSuite.runTest(TestSuite.java:208)
	at junit.framework.TestSuite.run(TestSuite.java:203)
	at junit.framework.TestSuite.runTest(TestSuite.java:208)
	at junit.framework.TestSuite.run(TestSuite.java:203)
	at org.apache.tools.ant.taskdefs.optional.junit.JUnitTestRunner.run(JUnitTestRunner.java:421)
	at org.apache.tools.ant.taskdefs.optional.junit.JUnitTestRunner.launch(JUnitTestRunner.java:912)
	at org.apache.tools.ant.taskdefs.optional.junit.JUnitTestRunner.main(JUnitTestRunner.java:766)
com.topcoder.service.digitalrun.contest.MockResultCalculatorDAO.setUnitName(java.lang.String)
java.lang.NoSuchMethodException: com.topcoder.service.digitalrun.contest.MockResultCalculatorDAO.setUnitName(java.lang.String)
	at java.lang.Class.getMethod(Class.java:1581)
	at com.topcoder.service.digitalrun.contest.DigitalRunContestManagerBean.inject(DigitalRunContestManagerBean.java:490)
	at com.topcoder.service.digitalrun.contest.DigitalRunContestManagerBean.initialize(DigitalRunContestManagerBean.java:459)
	at com.topcoder.service.digitalrun.contest.DigitalRunContestManagerBeanUnitTests.setUp(DigitalRunContestManagerBeanUnitTests.java:51)
	at junit.framework.TestCase.runBare(TestCase.java:125)
	at junit.framework.TestResult$1.protect(TestResult.java:106)
	at junit.framework.TestResult.runProtected(TestResult.java:124)
	at junit.framework.TestResult.run(TestResult.java:109)
	at junit.framework.TestCase.run(TestCase.java:118)
	at junit.framework.TestSuite.runTest(TestSuite.java:208)
	at junit.framework.TestSuite.run(TestSuite.java:203)
	at junit.framework.TestSuite.runTest(TestSuite.java:208)
	at junit.framework.TestSuite.run(TestSuite.java:203)
	at junit.framework.TestSuite.runTest(TestSuite.java:208)
	at junit.framework.TestSuite.run(TestSuite.java:203)
	at org.apache.tools.ant.taskdefs.optional.junit.JUnitTestRunner.run(JUnitTestRunner.java:421)
	at org.apache.tools.ant.taskdefs.optional.junit.JUnitTestRunner.launch(JUnitTestRunner.java:912)
	at org.apache.tools.ant.taskdefs.optional.junit.JUnitTestRunner.main(JUnitTestRunner.java:766)
com.topcoder.service.digitalrun.contest.MockTrackContestDAO.setSessionContext(javax.ejb.SessionContext)
java.lang.NoSuchMethodException: com.topcoder.service.digitalrun.contest.MockTrackContestDAO.setSessionContext(javax.ejb.SessionContext)
	at java.lang.Class.getMethod(Class.java:1581)
	at com.topcoder.service.digitalrun.contest.DigitalRunContestManagerBean.inject(DigitalRunContestManagerBean.java:490)
	at com.topcoder.service.digitalrun.contest.DigitalRunContestManagerBean.initialize(DigitalRunContestManagerBean.java:461)
	at com.topcoder.service.digitalrun.contest.DigitalRunContestManagerBeanUnitTests.setUp(DigitalRunContestManagerBeanUnitTests.java:51)
	at junit.framework.TestCase.runBare(TestCase.java:125)
	at junit.framework.TestResult$1.protect(TestResult.java:106)
	at junit.framework.TestResult.runProtected(TestResult.java:124)
	at junit.framework.TestResult.run(TestResult.java:109)
	at junit.framework.TestCase.run(TestCase.java:118)
	at junit.framework.TestSuite.runTest(TestSuite.java:208)
	at junit.framework.TestSuite.run(TestSuite.java:203)
	at junit.framework.TestSuite.runTest(TestSuite.java:208)
	at junit.framework.TestSuite.run(TestSuite.java:203)
	at junit.framework.TestSuite.runTest(TestSuite.java:208)
	at junit.framework.TestSuite.run(TestSuite.java:203)
	at org.apache.tools.ant.taskdefs.optional.junit.JUnitTestRunner.run(JUnitTestRunner.java:421)
	at org.apache.tools.ant.taskdefs.optional.junit.JUnitTestRunner.launch(JUnitTestRunner.java:912)
	at org.apache.tools.ant.taskdefs.optional.junit.JUnitTestRunner.main(JUnitTestRunner.java:766)
com.topcoder.service.digitalrun.contest.MockTrackContestTypeDAO.setSessionContext(javax.ejb.SessionContext)
java.lang.NoSuchMethodException: com.topcoder.service.digitalrun.contest.MockTrackContestTypeDAO.setSessionContext(javax.ejb.SessionContext)
	at java.lang.Class.getMethod(Class.java:1581)
	at com.topcoder.service.digitalrun.contest.DigitalRunContestManagerBean.inject(DigitalRunContestManagerBean.java:490)
	at com.topcoder.service.digitalrun.contest.DigitalRunContestManagerBean.initialize(DigitalRunContestManagerBean.java:462)
	at com.topcoder.service.digitalrun.contest.DigitalRunContestManagerBeanUnitTests.setUp(DigitalRunContestManagerBeanUnitTests.java:51)
	at junit.framework.TestCase.runBare(TestCase.java:125)
	at junit.framework.TestResult$1.protect(TestResult.java:106)
	at junit.framework.TestResult.runProtected(TestResult.java:124)
	at junit.framework.TestResult.run(TestResult.java:109)
	at junit.framework.TestCase.run(TestCase.java:118)
	at junit.framework.TestSuite.runTest(TestSuite.java:208)
	at junit.framework.TestSuite.run(TestSuite.java:203)
	at junit.framework.TestSuite.runTest(TestSuite.java:208)
	at junit.framework.TestSuite.run(TestSuite.java:203)
	at junit.framework.TestSuite.runTest(TestSuite.java:208)
	at junit.framework.TestSuite.run(TestSuite.java:203)
	at org.apache.tools.ant.taskdefs.optional.junit.JUnitTestRunner.run(JUnitTestRunner.java:421)
	at org.apache.tools.ant.taskdefs.optional.junit.JUnitTestRunner.launch(JUnitTestRunner.java:912)
	at org.apache.tools.ant.taskdefs.optional.junit.JUnitTestRunner.main(JUnitTestRunner.java:766)
com.topcoder.service.digitalrun.contest.MockResultCalculatorDAO.setSessionContext(javax.ejb.SessionContext)
java.lang.NoSuchMethodException: com.topcoder.service.digitalrun.contest.MockResultCalculatorDAO.setSessionContext(javax.ejb.SessionContext)
	at java.lang.Class.getMethod(Class.java:1581)
	at com.topcoder.service.digitalrun.contest.DigitalRunContestManagerBean.inject(DigitalRunContestManagerBean.java:490)
	at com.topcoder.service.digitalrun.contest.DigitalRunContestManagerBean.initialize(DigitalRunContestManagerBean.java:463)
	at com.topcoder.service.digitalrun.contest.DigitalRunContestManagerBeanUnitTests.setUp(DigitalRunContestManagerBeanUnitTests.java:51)
	at junit.framework.TestCase.runBare(TestCase.java:125)
	at junit.framework.TestResult$1.protect(TestResult.java:106)
	at junit.framework.TestResult.runProtected(TestResult.java:124)
	at junit.framework.TestResult.run(TestResult.java:109)
	at junit.framework.TestCase.run(TestCase.java:118)
	at junit.framework.TestSuite.runTest(TestSuite.java:208)
	at junit.framework.TestSuite.run(TestSuite.java:203)
	at junit.framework.TestSuite.runTest(TestSuite.java:208)
	at junit.framework.TestSuite.run(TestSuite.java:203)
	at junit.framework.TestSuite.runTest(TestSuite.java:208)
	at junit.framework.TestSuite.run(TestSuite.java:203)
	at org.apache.tools.ant.taskdefs.optional.junit.JUnitTestRunner.run(JUnitTestRunner.java:421)
	at org.apache.tools.ant.taskdefs.optional.junit.JUnitTestRunner.launch(JUnitTestRunner.java:912)
	at org.apache.tools.ant.taskdefs.optional.junit.JUnitTestRunner.main(JUnitTestRunner.java:766)
com.topcoder.service.digitalrun.contest.MockTrackContestDAO.setLogger(com.topcoder.util.log.Log)
java.lang.NoSuchMethodException: com.topcoder.service.digitalrun.contest.MockTrackContestDAO.setLogger(com.topcoder.util.log.Log)
	at java.lang.Class.getMethod(Class.java:1581)
	at com.topcoder.service.digitalrun.contest.DigitalRunContestManagerBean.inject(DigitalRunContestManagerBean.java:490)
	at com.topcoder.service.digitalrun.contest.DigitalRunContestManagerBean.initialize(DigitalRunContestManagerBean.java:452)
	at com.topcoder.service.digitalrun.contest.DigitalRunContestManagerBeanUnitTests.setUp(DigitalRunContestManagerBeanUnitTests.java:51)
	at junit.framework.TestCase.runBare(TestCase.java:125)
	at junit.framework.TestResult$1.protect(TestResult.java:106)
	at junit.framework.TestResult.runProtected(TestResult.java:124)
	at junit.framework.TestResult.run(TestResult.java:109)
	at junit.framework.TestCase.run(TestCase.java:118)
	at junit.framework.TestSuite.runTest(TestSuite.java:208)
	at junit.framework.TestSuite.run(TestSuite.java:203)
	at junit.framework.TestSuite.runTest(TestSuite.java:208)
	at junit.framework.TestSuite.run(TestSuite.java:203)
	at junit.framework.TestSuite.runTest(TestSuite.java:208)
	at junit.framework.TestSuite.run(TestSuite.java:203)
	at org.apache.tools.ant.taskdefs.optional.junit.JUnitTestRunner.run(JUnitTestRunner.java:421)
	at org.apache.tools.ant.taskdefs.optional.junit.JUnitTestRunner.launch(JUnitTestRunner.java:912)
	at org.apache.tools.ant.taskdefs.optional.junit.JUnitTestRunner.main(JUnitTestRunner.java:766)
com.topcoder.service.digitalrun.contest.MockTrackContestTypeDAO.setLogger(com.topcoder.util.log.Log)
java.lang.NoSuchMethodException: com.topcoder.service.digitalrun.contest.MockTrackContestTypeDAO.setLogger(com.topcoder.util.log.Log)
	at java.lang.Class.getMethod(Class.java:1581)
	at com.topcoder.service.digitalrun.contest.DigitalRunContestManagerBean.inject(DigitalRunContestManagerBean.java:490)
	at com.topcoder.service.digitalrun.contest.DigitalRunContestManagerBean.initialize(DigitalRunContestManagerBean.java:453)
	at com.topcoder.service.digitalrun.contest.DigitalRunContestManagerBeanUnitTests.setUp(DigitalRunContestManagerBeanUnitTests.java:51)
	at junit.framework.TestCase.runBare(TestCase.java:125)
	at junit.framework.TestResult$1.protect(TestResult.java:106)
	at junit.framework.TestResult.runProtected(TestResult.java:124)
	at junit.framework.TestResult.run(TestResult.java:109)
	at junit.framework.TestCase.run(TestCase.java:118)
	at junit.framework.TestSuite.runTest(TestSuite.java:208)
	at junit.framework.TestSuite.run(TestSuite.java:203)
	at junit.framework.TestSuite.runTest(TestSuite.java:208)
	at junit.framework.TestSuite.run(TestSuite.java:203)
	at junit.framework.TestSuite.runTest(TestSuite.java:208)
	at junit.framework.TestSuite.run(TestSuite.java:203)
	at org.apache.tools.ant.taskdefs.optional.junit.JUnitTestRunner.run(JUnitTestRunner.java:421)
	at org.apache.tools.ant.taskdefs.optional.junit.JUnitTestRunner.launch(JUnitTestRunner.java:912)
	at org.apache.tools.ant.taskdefs.optional.junit.JUnitTestRunner.main(JUnitTestRunner.java:766)
com.topcoder.service.digitalrun.contest.MockResultCalculatorDAO.setLogger(com.topcoder.util.log.Log)
java.lang.NoSuchMethodException: com.topcoder.service.digitalrun.contest.MockResultCalculatorDAO.setLogger(com.topcoder.util.log.Log)
	at java.lang.Class.getMethod(Class.java:1581)
	at com.topcoder.service.digitalrun.contest.DigitalRunContestManagerBean.inject(DigitalRunContestManagerBean.java:490)
	at com.topcoder.service.digitalrun.contest.DigitalRunContestManagerBean.initialize(DigitalRunContestManagerBean.java:454)
	at com.topcoder.service.digitalrun.contest.DigitalRunContestManagerBeanUnitTests.setUp(DigitalRunContestManagerBeanUnitTests.java:51)
	at junit.framework.TestCase.runBare(TestCase.java:125)
	at junit.framework.TestResult$1.protect(TestResult.java:106)
	at junit.framework.TestResult.runProtected(TestResult.java:124)
	at junit.framework.TestResult.run(TestResult.java:109)
	at junit.framework.TestCase.run(TestCase.java:118)
	at junit.framework.TestSuite.runTest(TestSuite.java:208)
	at junit.framework.TestSuite.run(TestSuite.java:203)
	at junit.framework.TestSuite.runTest(TestSuite.java:208)
	at junit.framework.TestSuite.run(TestSuite.java:203)
	at junit.framework.TestSuite.runTest(TestSuite.java:208)
	at junit.framework.TestSuite.run(TestSuite.java:203)
	at org.apache.tools.ant.taskdefs.optional.junit.JUnitTestRunner.run(JUnitTestRunner.java:421)
	at org.apache.tools.ant.taskdefs.optional.junit.JUnitTestRunner.launch(JUnitTestRunner.java:912)
	at org.apache.tools.ant.taskdefs.optional.junit.JUnitTestRunner.main(JUnitTestRunner.java:766)
com.topcoder.service.digitalrun.contest.MockTrackContestDAO.setUnitName(java.lang.String)
java.lang.NoSuchMethodException: com.topcoder.service.digitalrun.contest.MockTrackContestDAO.setUnitName(java.lang.String)
	at java.lang.Class.getMethod(Class.java:1581)
	at com.topcoder.service.digitalrun.contest.DigitalRunContestManagerBean.inject(DigitalRunContestManagerBean.java:490)
	at com.topcoder.service.digitalrun.contest.DigitalRunContestManagerBean.initialize(DigitalRunContestManagerBean.java:457)
	at com.topcoder.service.digitalrun.contest.DigitalRunContestManagerBeanUnitTests.setUp(DigitalRunContestManagerBeanUnitTests.java:51)
	at junit.framework.TestCase.runBare(TestCase.java:125)
	at junit.framework.TestResult$1.protect(TestResult.java:106)
	at junit.framework.TestResult.runProtected(TestResult.java:124)
	at junit.framework.TestResult.run(TestResult.java:109)
	at junit.framework.TestCase.run(TestCase.java:118)
	at junit.framework.TestSuite.runTest(TestSuite.java:208)
	at junit.framework.TestSuite.run(TestSuite.java:203)
	at junit.framework.TestSuite.runTest(TestSuite.java:208)
	at junit.framework.TestSuite.run(TestSuite.java:203)
	at junit.framework.TestSuite.runTest(TestSuite.java:208)
	at junit.framework.TestSuite.run(TestSuite.java:203)
	at org.apache.tools.ant.taskdefs.optional.junit.JUnitTestRunner.run(JUnitTestRunner.java:421)
	at org.apache.tools.ant.taskdefs.optional.junit.JUnitTestRunner.launch(JUnitTestRunner.java:912)
	at org.apache.tools.ant.taskdefs.optional.junit.JUnitTestRunner.main(JUnitTestRunner.java:766)
com.topcoder.service.digitalrun.contest.MockTrackContestTypeDAO.setUnitName(java.lang.String)
java.lang.NoSuchMethodException: com.topcoder.service.digitalrun.contest.MockTrackContestTypeDAO.setUnitName(java.lang.String)
	at java.lang.Class.getMethod(Class.java:1581)
	at com.topcoder.service.digitalrun.contest.DigitalRunContestManagerBean.inject(DigitalRunContestManagerBean.java:490)
	at com.topcoder.service.digitalrun.contest.DigitalRunContestManagerBean.initialize(DigitalRunContestManagerBean.java:458)
	at com.topcoder.service.digitalrun.contest.DigitalRunContestManagerBeanUnitTests.setUp(DigitalRunContestManagerBeanUnitTests.java:51)
	at junit.framework.TestCase.runBare(TestCase.java:125)
	at junit.framework.TestResult$1.protect(TestResult.java:106)
	at junit.framework.TestResult.runProtected(TestResult.java:124)
	at junit.framework.TestResult.run(TestResult.java:109)
	at junit.framework.TestCase.run(TestCase.java:118)
	at junit.framework.TestSuite.runTest(TestSuite.java:208)
	at junit.framework.TestSuite.run(TestSuite.java:203)
	at junit.framework.TestSuite.runTest(TestSuite.java:208)
	at junit.framework.TestSuite.run(TestSuite.java:203)
	at junit.framework.TestSuite.runTest(TestSuite.java:208)
	at junit.framework.TestSuite.run(TestSuite.java:203)
	at org.apache.tools.ant.taskdefs.optional.junit.JUnitTestRunner.run(JUnitTestRunner.java:421)
	at org.apache.tools.ant.taskdefs.optional.junit.JUnitTestRunner.launch(JUnitTestRunner.java:912)
	at org.apache.tools.ant.taskdefs.optional.junit.JUnitTestRunner.main(JUnitTestRunner.java:766)
com.topcoder.service.digitalrun.contest.MockResultCalculatorDAO.setUnitName(java.lang.String)
java.lang.NoSuchMethodException: com.topcoder.service.digitalrun.contest.MockResultCalculatorDAO.setUnitName(java.lang.String)
	at java.lang.Class.getMethod(Class.java:1581)
	at com.topcoder.service.digitalrun.contest.DigitalRunContestManagerBean.inject(DigitalRunContestManagerBean.java:490)
	at com.topcoder.service.digitalrun.contest.DigitalRunContestManagerBean.initialize(DigitalRunContestManagerBean.java:459)
	at com.topcoder.service.digitalrun.contest.DigitalRunContestManagerBeanUnitTests.setUp(DigitalRunContestManagerBeanUnitTests.java:51)
	at junit.framework.TestCase.runBare(TestCase.java:125)
	at junit.framework.TestResult$1.protect(TestResult.java:106)
	at junit.framework.TestResult.runProtected(TestResult.java:124)
	at junit.framework.TestResult.run(TestResult.java:109)
	at junit.framework.TestCase.run(TestCase.java:118)
	at junit.framework.TestSuite.runTest(TestSuite.java:208)
	at junit.framework.TestSuite.run(TestSuite.java:203)
	at junit.framework.TestSuite.runTest(TestSuite.java:208)
	at junit.framework.TestSuite.run(TestSuite.java:203)
	at junit.framework.TestSuite.runTest(TestSuite.java:208)
	at junit.framework.TestSuite.run(TestSuite.java:203)
	at org.apache.tools.ant.taskdefs.optional.junit.JUnitTestRunner.run(JUnitTestRunner.java:421)
	at org.apache.tools.ant.taskdefs.optional.junit.JUnitTestRunner.launch(JUnitTestRunner.java:912)
	at org.apache.tools.ant.taskdefs.optional.junit.JUnitTestRunner.main(JUnitTestRunner.java:766)
com.topcoder.service.digitalrun.contest.MockTrackContestDAO.setSessionContext(javax.ejb.SessionContext)
java.lang.NoSuchMethodException: com.topcoder.service.digitalrun.contest.MockTrackContestDAO.setSessionContext(javax.ejb.SessionContext)
	at java.lang.Class.getMethod(Class.java:1581)
	at com.topcoder.service.digitalrun.contest.DigitalRunContestManagerBean.inject(DigitalRunContestManagerBean.java:490)
	at com.topcoder.service.digitalrun.contest.DigitalRunContestManagerBean.initialize(DigitalRunContestManagerBean.java:461)
	at com.topcoder.service.digitalrun.contest.DigitalRunContestManagerBeanUnitTests.setUp(DigitalRunContestManagerBeanUnitTests.java:51)
	at junit.framework.TestCase.runBare(TestCase.java:125)
	at junit.framework.TestResult$1.protect(TestResult.java:106)
	at junit.framework.TestResult.runProtected(TestResult.java:124)
	at junit.framework.TestResult.run(TestResult.java:109)
	at junit.framework.TestCase.run(TestCase.java:118)
	at junit.framework.TestSuite.runTest(TestSuite.java:208)
	at junit.framework.TestSuite.run(TestSuite.java:203)
	at junit.framework.TestSuite.runTest(TestSuite.java:208)
	at junit.framework.TestSuite.run(TestSuite.java:203)
	at junit.framework.TestSuite.runTest(TestSuite.java:208)
	at junit.framework.TestSuite.run(TestSuite.java:203)
	at org.apache.tools.ant.taskdefs.optional.junit.JUnitTestRunner.run(JUnitTestRunner.java:421)
	at org.apache.tools.ant.taskdefs.optional.junit.JUnitTestRunner.launch(JUnitTestRunner.java:912)
	at org.apache.tools.ant.taskdefs.optional.junit.JUnitTestRunner.main(JUnitTestRunner.java:766)
com.topcoder.service.digitalrun.contest.MockTrackContestTypeDAO.setSessionContext(javax.ejb.SessionContext)
java.lang.NoSuchMethodException: com.topcoder.service.digitalrun.contest.MockTrackContestTypeDAO.setSessionContext(javax.ejb.SessionContext)
	at java.lang.Class.getMethod(Class.java:1581)
	at com.topcoder.service.digitalrun.contest.DigitalRunContestManagerBean.inject(DigitalRunContestManagerBean.java:490)
	at com.topcoder.service.digitalrun.contest.DigitalRunContestManagerBean.initialize(DigitalRunContestManagerBean.java:462)
	at com.topcoder.service.digitalrun.contest.DigitalRunContestManagerBeanUnitTests.setUp(DigitalRunContestManagerBeanUnitTests.java:51)
	at junit.framework.TestCase.runBare(TestCase.java:125)
	at junit.framework.TestResult$1.protect(TestResult.java:106)
	at junit.framework.TestResult.runProtected(TestResult.java:124)
	at junit.framework.TestResult.run(TestResult.java:109)
	at junit.framework.TestCase.run(TestCase.java:118)
	at junit.framework.TestSuite.runTest(TestSuite.java:208)
	at junit.framework.TestSuite.run(TestSuite.java:203)
	at junit.framework.TestSuite.runTest(TestSuite.java:208)
	at junit.framework.TestSuite.run(TestSuite.java:203)
	at junit.framework.TestSuite.runTest(TestSuite.java:208)
	at junit.framework.TestSuite.run(TestSuite.java:203)
	at org.apache.tools.ant.taskdefs.optional.junit.JUnitTestRunner.run(JUnitTestRunner.java:421)
	at org.apache.tools.ant.taskdefs.optional.junit.JUnitTestRunner.launch(JUnitTestRunner.java:912)
	at org.apache.tools.ant.taskdefs.optional.junit.JUnitTestRunner.main(JUnitTestRunner.java:766)
com.topcoder.service.digitalrun.contest.MockResultCalculatorDAO.setSessionContext(javax.ejb.SessionContext)
java.lang.NoSuchMethodException: com.topcoder.service.digitalrun.contest.MockResultCalculatorDAO.setSessionContext(javax.ejb.SessionContext)
	at java.lang.Class.getMethod(Class.java:1581)
	at com.topcoder.service.digitalrun.contest.DigitalRunContestManagerBean.inject(DigitalRunContestManagerBean.java:490)
	at com.topcoder.service.digitalrun.contest.DigitalRunContestManagerBean.initialize(DigitalRunContestManagerBean.java:463)
	at com.topcoder.service.digitalrun.contest.DigitalRunContestManagerBeanUnitTests.setUp(DigitalRunContestManagerBeanUnitTests.java:51)
	at junit.framework.TestCase.runBare(TestCase.java:125)
	at junit.framework.TestResult$1.protect(TestResult.java:106)
	at junit.framework.TestResult.runProtected(TestResult.java:124)
	at junit.framework.TestResult.run(TestResult.java:109)
	at junit.framework.TestCase.run(TestCase.java:118)
	at junit.framework.TestSuite.runTest(TestSuite.java:208)
	at junit.framework.TestSuite.run(TestSuite.java:203)
	at junit.framework.TestSuite.runTest(TestSuite.java:208)
	at junit.framework.TestSuite.run(TestSuite.java:203)
	at junit.framework.TestSuite.runTest(TestSuite.java:208)
	at junit.framework.TestSuite.run(TestSuite.java:203)
	at org.apache.tools.ant.taskdefs.optional.junit.JUnitTestRunner.run(JUnitTestRunner.java:421)
	at org.apache.tools.ant.taskdefs.optional.junit.JUnitTestRunner.launch(JUnitTestRunner.java:912)
	at org.apache.tools.ant.taskdefs.optional.junit.JUnitTestRunner.main(JUnitTestRunner.java:766)
com.topcoder.service.digitalrun.contest.MockTrackContestDAO.setLogger(com.topcoder.util.log.Log)
java.lang.NoSuchMethodException: com.topcoder.service.digitalrun.contest.MockTrackContestDAO.setLogger(com.topcoder.util.log.Log)
	at java.lang.Class.getMethod(Class.java:1581)
	at com.topcoder.service.digitalrun.contest.DigitalRunContestManagerBean.inject(DigitalRunContestManagerBean.java:490)
	at com.topcoder.service.digitalrun.contest.DigitalRunContestManagerBean.initialize(DigitalRunContestManagerBean.java:452)
	at com.topcoder.service.digitalrun.contest.DigitalRunContestManagerBeanUnitTests.setUp(DigitalRunContestManagerBeanUnitTests.java:51)
	at junit.framework.TestCase.runBare(TestCase.java:125)
	at junit.framework.TestResult$1.protect(TestResult.java:106)
	at junit.framework.TestResult.runProtected(TestResult.java:124)
	at junit.framework.TestResult.run(TestResult.java:109)
	at junit.framework.TestCase.run(TestCase.java:118)
	at junit.framework.TestSuite.runTest(TestSuite.java:208)
	at junit.framework.TestSuite.run(TestSuite.java:203)
	at junit.framework.TestSuite.runTest(TestSuite.java:208)
	at junit.framework.TestSuite.run(TestSuite.java:203)
	at junit.framework.TestSuite.runTest(TestSuite.java:208)
	at junit.framework.TestSuite.run(TestSuite.java:203)
	at org.apache.tools.ant.taskdefs.optional.junit.JUnitTestRunner.run(JUnitTestRunner.java:421)
	at org.apache.tools.ant.taskdefs.optional.junit.JUnitTestRunner.launch(JUnitTestRunner.java:912)
	at org.apache.tools.ant.taskdefs.optional.junit.JUnitTestRunner.main(JUnitTestRunner.java:766)
com.topcoder.service.digitalrun.contest.MockTrackContestTypeDAO.setLogger(com.topcoder.util.log.Log)
java.lang.NoSuchMethodException: com.topcoder.service.digitalrun.contest.MockTrackContestTypeDAO.setLogger(com.topcoder.util.log.Log)
	at java.lang.Class.getMethod(Class.java:1581)
	at com.topcoder.service.digitalrun.contest.DigitalRunContestManagerBean.inject(DigitalRunContestManagerBean.java:490)
	at com.topcoder.service.digitalrun.contest.DigitalRunContestManagerBean.initialize(DigitalRunContestManagerBean.java:453)
	at com.topcoder.service.digitalrun.contest.DigitalRunContestManagerBeanUnitTests.setUp(DigitalRunContestManagerBeanUnitTests.java:51)
	at junit.framework.TestCase.runBare(TestCase.java:125)
	at junit.framework.TestResult$1.protect(TestResult.java:106)
	at junit.framework.TestResult.runProtected(TestResult.java:124)
	at junit.framework.TestResult.run(TestResult.java:109)
	at junit.framework.TestCase.run(TestCase.java:118)
	at junit.framework.TestSuite.runTest(TestSuite.java:208)
	at junit.framework.TestSuite.run(TestSuite.java:203)
	at junit.framework.TestSuite.runTest(TestSuite.java:208)
	at junit.framework.TestSuite.run(TestSuite.java:203)
	at junit.framework.TestSuite.runTest(TestSuite.java:208)
	at junit.framework.TestSuite.run(TestSuite.java:203)
	at org.apache.tools.ant.taskdefs.optional.junit.JUnitTestRunner.run(JUnitTestRunner.java:421)
	at org.apache.tools.ant.taskdefs.optional.junit.JUnitTestRunner.launch(JUnitTestRunner.java:912)
	at org.apache.tools.ant.taskdefs.optional.junit.JUnitTestRunner.main(JUnitTestRunner.java:766)
com.topcoder.service.digitalrun.contest.MockResultCalculatorDAO.setLogger(com.topcoder.util.log.Log)
java.lang.NoSuchMethodException: com.topcoder.service.digitalrun.contest.MockResultCalculatorDAO.setLogger(com.topcoder.util.log.Log)
	at java.lang.Class.getMethod(Class.java:1581)
	at com.topcoder.service.digitalrun.contest.DigitalRunContestManagerBean.inject(DigitalRunContestManagerBean.java:490)
	at com.topcoder.service.digitalrun.contest.DigitalRunContestManagerBean.initialize(DigitalRunContestManagerBean.java:454)
	at com.topcoder.service.digitalrun.contest.DigitalRunContestManagerBeanUnitTests.setUp(DigitalRunContestManagerBeanUnitTests.java:51)
	at junit.framework.TestCase.runBare(TestCase.java:125)
	at junit.framework.TestResult$1.protect(TestResult.java:106)
	at junit.framework.TestResult.runProtected(TestResult.java:124)
	at junit.framework.TestResult.run(TestResult.java:109)
	at junit.framework.TestCase.run(TestCase.java:118)
	at junit.framework.TestSuite.runTest(TestSuite.java:208)
	at junit.framework.TestSuite.run(TestSuite.java:203)
	at junit.framework.TestSuite.runTest(TestSuite.java:208)
	at junit.framework.TestSuite.run(TestSuite.java:203)
	at junit.framework.TestSuite.runTest(TestSuite.java:208)
	at junit.framework.TestSuite.run(TestSuite.java:203)
	at org.apache.tools.ant.taskdefs.optional.junit.JUnitTestRunner.run(JUnitTestRunner.java:421)
	at org.apache.tools.ant.taskdefs.optional.junit.JUnitTestRunner.launch(JUnitTestRunner.java:912)
	at org.apache.tools.ant.taskdefs.optional.junit.JUnitTestRunner.main(JUnitTestRunner.java:766)
com.topcoder.service.digitalrun.contest.MockTrackContestDAO.setUnitName(java.lang.String)
java.lang.NoSuchMethodException: com.topcoder.service.digitalrun.contest.MockTrackContestDAO.setUnitName(java.lang.String)
	at java.lang.Class.getMethod(Class.java:1581)
	at com.topcoder.service.digitalrun.contest.DigitalRunContestManagerBean.inject(DigitalRunContestManagerBean.java:490)
	at com.topcoder.service.digitalrun.contest.DigitalRunContestManagerBean.initialize(DigitalRunContestManagerBean.java:457)
	at com.topcoder.service.digitalrun.contest.DigitalRunContestManagerBeanUnitTests.setUp(DigitalRunContestManagerBeanUnitTests.java:51)
	at junit.framework.TestCase.runBare(TestCase.java:125)
	at junit.framework.TestResult$1.protect(TestResult.java:106)
	at junit.framework.TestResult.runProtected(TestResult.java:124)
	at junit.framework.TestResult.run(TestResult.java:109)
	at junit.framework.TestCase.run(TestCase.java:118)
	at junit.framework.TestSuite.runTest(TestSuite.java:208)
	at junit.framework.TestSuite.run(TestSuite.java:203)
	at junit.framework.TestSuite.runTest(TestSuite.java:208)
	at junit.framework.TestSuite.run(TestSuite.java:203)
	at junit.framework.TestSuite.runTest(TestSuite.java:208)
	at junit.framework.TestSuite.run(TestSuite.java:203)
	at org.apache.tools.ant.taskdefs.optional.junit.JUnitTestRunner.run(JUnitTestRunner.java:421)
	at org.apache.tools.ant.taskdefs.optional.junit.JUnitTestRunner.launch(JUnitTestRunner.java:912)
	at org.apache.tools.ant.taskdefs.optional.junit.JUnitTestRunner.main(JUnitTestRunner.java:766)
com.topcoder.service.digitalrun.contest.MockTrackContestTypeDAO.setUnitName(java.lang.String)
java.lang.NoSuchMethodException: com.topcoder.service.digitalrun.contest.MockTrackContestTypeDAO.setUnitName(java.lang.String)
	at java.lang.Class.getMethod(Class.java:1581)
	at com.topcoder.service.digitalrun.contest.DigitalRunContestManagerBean.inject(DigitalRunContestManagerBean.java:490)
	at com.topcoder.service.digitalrun.contest.DigitalRunContestManagerBean.initialize(DigitalRunContestManagerBean.java:458)
	at com.topcoder.service.digitalrun.contest.DigitalRunContestManagerBeanUnitTests.setUp(DigitalRunContestManagerBeanUnitTests.java:51)
	at junit.framework.TestCase.runBare(TestCase.java:125)
	at junit.framework.TestResult$1.protect(TestResult.java:106)
	at junit.framework.TestResult.runProtected(TestResult.java:124)
	at junit.framework.TestResult.run(TestResult.java:109)
	at junit.framework.TestCase.run(TestCase.java:118)
	at junit.framework.TestSuite.runTest(TestSuite.java:208)
	at junit.framework.TestSuite.run(TestSuite.java:203)
	at junit.framework.TestSuite.runTest(TestSuite.java:208)
	at junit.framework.TestSuite.run(TestSuite.java:203)
	at junit.framework.TestSuite.runTest(TestSuite.java:208)
	at junit.framework.TestSuite.run(TestSuite.java:203)
	at org.apache.tools.ant.taskdefs.optional.junit.JUnitTestRunner.run(JUnitTestRunner.java:421)
	at org.apache.tools.ant.taskdefs.optional.junit.JUnitTestRunner.launch(JUnitTestRunner.java:912)
	at org.apache.tools.ant.taskdefs.optional.junit.JUnitTestRunner.main(JUnitTestRunner.java:766)
com.topcoder.service.digitalrun.contest.MockResultCalculatorDAO.setUnitName(java.lang.String)
java.lang.NoSuchMethodException: com.topcoder.service.digitalrun.contest.MockResultCalculatorDAO.setUnitName(java.lang.String)
	at java.lang.Class.getMethod(Class.java:1581)
	at com.topcoder.service.digitalrun.contest.DigitalRunContestManagerBean.inject(DigitalRunContestManagerBean.java:490)
	at com.topcoder.service.digitalrun.contest.DigitalRunContestManagerBean.initialize(DigitalRunContestManagerBean.java:459)
	at com.topcoder.service.digitalrun.contest.DigitalRunContestManagerBeanUnitTests.setUp(DigitalRunContestManagerBeanUnitTests.java:51)
	at junit.framework.TestCase.runBare(TestCase.java:125)
	at junit.framework.TestResult$1.protect(TestResult.java:106)
	at junit.framework.TestResult.runProtected(TestResult.java:124)
	at junit.framework.TestResult.run(TestResult.java:109)
	at junit.framework.TestCase.run(TestCase.java:118)
	at junit.framework.TestSuite.runTest(TestSuite.java:208)
	at junit.framework.TestSuite.run(TestSuite.java:203)
	at junit.framework.TestSuite.runTest(TestSuite.java:208)
	at junit.framework.TestSuite.run(TestSuite.java:203)
	at junit.framework.TestSuite.runTest(TestSuite.java:208)
	at junit.framework.TestSuite.run(TestSuite.java:203)
	at org.apache.tools.ant.taskdefs.optional.junit.JUnitTestRunner.run(JUnitTestRunner.java:421)
	at org.apache.tools.ant.taskdefs.optional.junit.JUnitTestRunner.launch(JUnitTestRunner.java:912)
	at org.apache.tools.ant.taskdefs.optional.junit.JUnitTestRunner.main(JUnitTestRunner.java:766)
com.topcoder.service.digitalrun.contest.MockTrackContestDAO.setSessionContext(javax.ejb.SessionContext)
java.lang.NoSuchMethodException: com.topcoder.service.digitalrun.contest.MockTrackContestDAO.setSessionContext(javax.ejb.SessionContext)
	at java.lang.Class.getMethod(Class.java:1581)
	at com.topcoder.service.digitalrun.contest.DigitalRunContestManagerBean.inject(DigitalRunContestManagerBean.java:490)
	at com.topcoder.service.digitalrun.contest.DigitalRunContestManagerBean.initialize(DigitalRunContestManagerBean.java:461)
	at com.topcoder.service.digitalrun.contest.DigitalRunContestManagerBeanUnitTests.setUp(DigitalRunContestManagerBeanUnitTests.java:51)
	at junit.framework.TestCase.runBare(TestCase.java:125)
	at junit.framework.TestResult$1.protect(TestResult.java:106)
	at junit.framework.TestResult.runProtected(TestResult.java:124)
	at junit.framework.TestResult.run(TestResult.java:109)
	at junit.framework.TestCase.run(TestCase.java:118)
	at junit.framework.TestSuite.runTest(TestSuite.java:208)
	at junit.framework.TestSuite.run(TestSuite.java:203)
	at junit.framework.TestSuite.runTest(TestSuite.java:208)
	at junit.framework.TestSuite.run(TestSuite.java:203)
	at junit.framework.TestSuite.runTest(TestSuite.java:208)
	at junit.framework.TestSuite.run(TestSuite.java:203)
	at org.apache.tools.ant.taskdefs.optional.junit.JUnitTestRunner.run(JUnitTestRunner.java:421)
	at org.apache.tools.ant.taskdefs.optional.junit.JUnitTestRunner.launch(JUnitTestRunner.java:912)
	at org.apache.tools.ant.taskdefs.optional.junit.JUnitTestRunner.main(JUnitTestRunner.java:766)
com.topcoder.service.digitalrun.contest.MockTrackContestTypeDAO.setSessionContext(javax.ejb.SessionContext)
java.lang.NoSuchMethodException: com.topcoder.service.digitalrun.contest.MockTrackContestTypeDAO.setSessionContext(javax.ejb.SessionContext)
	at java.lang.Class.getMethod(Class.java:1581)
	at com.topcoder.service.digitalrun.contest.DigitalRunContestManagerBean.inject(DigitalRunContestManagerBean.java:490)
	at com.topcoder.service.digitalrun.contest.DigitalRunContestManagerBean.initialize(DigitalRunContestManagerBean.java:462)
	at com.topcoder.service.digitalrun.contest.DigitalRunContestManagerBeanUnitTests.setUp(DigitalRunContestManagerBeanUnitTests.java:51)
	at junit.framework.TestCase.runBare(TestCase.java:125)
	at junit.framework.TestResult$1.protect(TestResult.java:106)
	at junit.framework.TestResult.runProtected(TestResult.java:124)
	at junit.framework.TestResult.run(TestResult.java:109)
	at junit.framework.TestCase.run(TestCase.java:118)
	at junit.framework.TestSuite.runTest(TestSuite.java:208)
	at junit.framework.TestSuite.run(TestSuite.java:203)
	at junit.framework.TestSuite.runTest(TestSuite.java:208)
	at junit.framework.TestSuite.run(TestSuite.java:203)
	at junit.framework.TestSuite.runTest(TestSuite.java:208)
	at junit.framework.TestSuite.run(TestSuite.java:203)
	at org.apache.tools.ant.taskdefs.optional.junit.JUnitTestRunner.run(JUnitTestRunner.java:421)
	at org.apache.tools.ant.taskdefs.optional.junit.JUnitTestRunner.launch(JUnitTestRunner.java:912)
	at org.apache.tools.ant.taskdefs.optional.junit.JUnitTestRunner.main(JUnitTestRunner.java:766)
com.topcoder.service.digitalrun.contest.MockResultCalculatorDAO.setSessionContext(javax.ejb.SessionContext)
java.lang.NoSuchMethodException: com.topcoder.service.digitalrun.contest.MockResultCalculatorDAO.setSessionContext(javax.ejb.SessionContext)
	at java.lang.Class.getMethod(Class.java:1581)
	at com.topcoder.service.digitalrun.contest.DigitalRunContestManagerBean.inject(DigitalRunContestManagerBean.java:490)
	at com.topcoder.service.digitalrun.contest.DigitalRunContestManagerBean.initialize(DigitalRunContestManagerBean.java:463)
	at com.topcoder.service.digitalrun.contest.DigitalRunContestManagerBeanUnitTests.setUp(DigitalRunContestManagerBeanUnitTests.java:51)
	at junit.framework.TestCase.runBare(TestCase.java:125)
	at junit.framework.TestResult$1.protect(TestResult.java:106)
	at junit.framework.TestResult.runProtected(TestResult.java:124)
	at junit.framework.TestResult.run(TestResult.java:109)
	at junit.framework.TestCase.run(TestCase.java:118)
	at junit.framework.TestSuite.runTest(TestSuite.java:208)
	at junit.framework.TestSuite.run(TestSuite.java:203)
	at junit.framework.TestSuite.runTest(TestSuite.java:208)
	at junit.framework.TestSuite.run(TestSuite.java:203)
	at junit.framework.TestSuite.runTest(TestSuite.java:208)
	at junit.framework.TestSuite.run(TestSuite.java:203)
	at org.apache.tools.ant.taskdefs.optional.junit.JUnitTestRunner.run(JUnitTestRunner.java:421)
	at org.apache.tools.ant.taskdefs.optional.junit.JUnitTestRunner.launch(JUnitTestRunner.java:912)
	at org.apache.tools.ant.taskdefs.optional.junit.JUnitTestRunner.main(JUnitTestRunner.java:766)
com.topcoder.service.digitalrun.contest.MockTrackContestDAO.setLogger(com.topcoder.util.log.Log)
java.lang.NoSuchMethodException: com.topcoder.service.digitalrun.contest.MockTrackContestDAO.setLogger(com.topcoder.util.log.Log)
	at java.lang.Class.getMethod(Class.java:1581)
	at com.topcoder.service.digitalrun.contest.DigitalRunContestManagerBean.inject(DigitalRunContestManagerBean.java:490)
	at com.topcoder.service.digitalrun.contest.DigitalRunContestManagerBean.initialize(DigitalRunContestManagerBean.java:452)
	at com.topcoder.service.digitalrun.contest.DigitalRunContestManagerBeanUnitTests.setUp(DigitalRunContestManagerBeanUnitTests.java:51)
	at junit.framework.TestCase.runBare(TestCase.java:125)
	at junit.framework.TestResult$1.protect(TestResult.java:106)
	at junit.framework.TestResult.runProtected(TestResult.java:124)
	at junit.framework.TestResult.run(TestResult.java:109)
	at junit.framework.TestCase.run(TestCase.java:118)
	at junit.framework.TestSuite.runTest(TestSuite.java:208)
	at junit.framework.TestSuite.run(TestSuite.java:203)
	at junit.framework.TestSuite.runTest(TestSuite.java:208)
	at junit.framework.TestSuite.run(TestSuite.java:203)
	at junit.framework.TestSuite.runTest(TestSuite.java:208)
	at junit.framework.TestSuite.run(TestSuite.java:203)
	at org.apache.tools.ant.taskdefs.optional.junit.JUnitTestRunner.run(JUnitTestRunner.java:421)
	at org.apache.tools.ant.taskdefs.optional.junit.JUnitTestRunner.launch(JUnitTestRunner.java:912)
	at org.apache.tools.ant.taskdefs.optional.junit.JUnitTestRunner.main(JUnitTestRunner.java:766)
com.topcoder.service.digitalrun.contest.MockTrackContestTypeDAO.setLogger(com.topcoder.util.log.Log)
java.lang.NoSuchMethodException: com.topcoder.service.digitalrun.contest.MockTrackContestTypeDAO.setLogger(com.topcoder.util.log.Log)
	at java.lang.Class.getMethod(Class.java:1581)
	at com.topcoder.service.digitalrun.contest.DigitalRunContestManagerBean.inject(DigitalRunContestManagerBean.java:490)
	at com.topcoder.service.digitalrun.contest.DigitalRunContestManagerBean.initialize(DigitalRunContestManagerBean.java:453)
	at com.topcoder.service.digitalrun.contest.DigitalRunContestManagerBeanUnitTests.setUp(DigitalRunContestManagerBeanUnitTests.java:51)
	at junit.framework.TestCase.runBare(TestCase.java:125)
	at junit.framework.TestResult$1.protect(TestResult.java:106)
	at junit.framework.TestResult.runProtected(TestResult.java:124)
	at junit.framework.TestResult.run(TestResult.java:109)
	at junit.framework.TestCase.run(TestCase.java:118)
	at junit.framework.TestSuite.runTest(TestSuite.java:208)
	at junit.framework.TestSuite.run(TestSuite.java:203)
	at junit.framework.TestSuite.runTest(TestSuite.java:208)
	at junit.framework.TestSuite.run(TestSuite.java:203)
	at junit.framework.TestSuite.runTest(TestSuite.java:208)
	at junit.framework.TestSuite.run(TestSuite.java:203)
	at org.apache.tools.ant.taskdefs.optional.junit.JUnitTestRunner.run(JUnitTestRunner.java:421)
	at org.apache.tools.ant.taskdefs.optional.junit.JUnitTestRunner.launch(JUnitTestRunner.java:912)
	at org.apache.tools.ant.taskdefs.optional.junit.JUnitTestRunner.main(JUnitTestRunner.java:766)
com.topcoder.service.digitalrun.contest.MockResultCalculatorDAO.setLogger(com.topcoder.util.log.Log)
java.lang.NoSuchMethodException: com.topcoder.service.digitalrun.contest.MockResultCalculatorDAO.setLogger(com.topcoder.util.log.Log)
	at java.lang.Class.getMethod(Class.java:1581)
	at com.topcoder.service.digitalrun.contest.DigitalRunContestManagerBean.inject(DigitalRunContestManagerBean.java:490)
	at com.topcoder.service.digitalrun.contest.DigitalRunContestManagerBean.initialize(DigitalRunContestManagerBean.java:454)
	at com.topcoder.service.digitalrun.contest.DigitalRunContestManagerBeanUnitTests.setUp(DigitalRunContestManagerBeanUnitTests.java:51)
	at junit.framework.TestCase.runBare(TestCase.java:125)
	at junit.framework.TestResult$1.protect(TestResult.java:106)
	at junit.framework.TestResult.runProtected(TestResult.java:124)
	at junit.framework.TestResult.run(TestResult.java:109)
	at junit.framework.TestCase.run(TestCase.java:118)
	at junit.framework.TestSuite.runTest(TestSuite.java:208)
	at junit.framework.TestSuite.run(TestSuite.java:203)
	at junit.framework.TestSuite.runTest(TestSuite.java:208)
	at junit.framework.TestSuite.run(TestSuite.java:203)
	at junit.framework.TestSuite.runTest(TestSuite.java:208)
	at junit.framework.TestSuite.run(TestSuite.java:203)
	at org.apache.tools.ant.taskdefs.optional.junit.JUnitTestRunner.run(JUnitTestRunner.java:421)
	at org.apache.tools.ant.taskdefs.optional.junit.JUnitTestRunner.launch(JUnitTestRunner.java:912)
	at org.apache.tools.ant.taskdefs.optional.junit.JUnitTestRunner.main(JUnitTestRunner.java:766)
com.topcoder.service.digitalrun.contest.MockTrackContestDAO.setUnitName(java.lang.String)
java.lang.NoSuchMethodException: com.topcoder.service.digitalrun.contest.MockTrackContestDAO.setUnitName(java.lang.String)
	at java.lang.Class.getMethod(Class.java:1581)
	at com.topcoder.service.digitalrun.contest.DigitalRunContestManagerBean.inject(DigitalRunContestManagerBean.java:490)
	at com.topcoder.service.digitalrun.contest.DigitalRunContestManagerBean.initialize(DigitalRunContestManagerBean.java:457)
	at com.topcoder.service.digitalrun.contest.DigitalRunContestManagerBeanUnitTests.setUp(DigitalRunContestManagerBeanUnitTests.java:51)
	at junit.framework.TestCase.runBare(TestCase.java:125)
	at junit.framework.TestResult$1.protect(TestResult.java:106)
	at junit.framework.TestResult.runProtected(TestResult.java:124)
	at junit.framework.TestResult.run(TestResult.java:109)
	at junit.framework.TestCase.run(TestCase.java:118)
	at junit.framework.TestSuite.runTest(TestSuite.java:208)
	at junit.framework.TestSuite.run(TestSuite.java:203)
	at junit.framework.TestSuite.runTest(TestSuite.java:208)
	at junit.framework.TestSuite.run(TestSuite.java:203)
	at junit.framework.TestSuite.runTest(TestSuite.java:208)
	at junit.framework.TestSuite.run(TestSuite.java:203)
	at org.apache.tools.ant.taskdefs.optional.junit.JUnitTestRunner.run(JUnitTestRunner.java:421)
	at org.apache.tools.ant.taskdefs.optional.junit.JUnitTestRunner.launch(JUnitTestRunner.java:912)
	at org.apache.tools.ant.taskdefs.optional.junit.JUnitTestRunner.main(JUnitTestRunner.java:766)
com.topcoder.service.digitalrun.contest.MockTrackContestTypeDAO.setUnitName(java.lang.String)
java.lang.NoSuchMethodException: com.topcoder.service.digitalrun.contest.MockTrackContestTypeDAO.setUnitName(java.lang.String)
	at java.lang.Class.getMethod(Class.java:1581)
	at com.topcoder.service.digitalrun.contest.DigitalRunContestManagerBean.inject(DigitalRunContestManagerBean.java:490)
	at com.topcoder.service.digitalrun.contest.DigitalRunContestManagerBean.initialize(DigitalRunContestManagerBean.java:458)
	at com.topcoder.service.digitalrun.contest.DigitalRunContestManagerBeanUnitTests.setUp(DigitalRunContestManagerBeanUnitTests.java:51)
	at junit.framework.TestCase.runBare(TestCase.java:125)
	at junit.framework.TestResult$1.protect(TestResult.java:106)
	at junit.framework.TestResult.runProtected(TestResult.java:124)
	at junit.framework.TestResult.run(TestResult.java:109)
	at junit.framework.TestCase.run(TestCase.java:118)
	at junit.framework.TestSuite.runTest(TestSuite.java:208)
	at junit.framework.TestSuite.run(TestSuite.java:203)
	at junit.framework.TestSuite.runTest(TestSuite.java:208)
	at junit.framework.TestSuite.run(TestSuite.java:203)
	at junit.framework.TestSuite.runTest(TestSuite.java:208)
	at junit.framework.TestSuite.run(TestSuite.java:203)
	at org.apache.tools.ant.taskdefs.optional.junit.JUnitTestRunner.run(JUnitTestRunner.java:421)
	at org.apache.tools.ant.taskdefs.optional.junit.JUnitTestRunner.launch(JUnitTestRunner.java:912)
	at org.apache.tools.ant.taskdefs.optional.junit.JUnitTestRunner.main(JUnitTestRunner.java:766)
com.topcoder.service.digitalrun.contest.MockResultCalculatorDAO.setUnitName(java.lang.String)
java.lang.NoSuchMethodException: com.topcoder.service.digitalrun.contest.MockResultCalculatorDAO.setUnitName(java.lang.String)
	at java.lang.Class.getMethod(Class.java:1581)
	at com.topcoder.service.digitalrun.contest.DigitalRunContestManagerBean.inject(DigitalRunContestManagerBean.java:490)
	at com.topcoder.service.digitalrun.contest.DigitalRunContestManagerBean.initialize(DigitalRunContestManagerBean.java:459)
	at com.topcoder.service.digitalrun.contest.DigitalRunContestManagerBeanUnitTests.setUp(DigitalRunContestManagerBeanUnitTests.java:51)
	at junit.framework.TestCase.runBare(TestCase.java:125)
	at junit.framework.TestResult$1.protect(TestResult.java:106)
	at junit.framework.TestResult.runProtected(TestResult.java:124)
	at junit.framework.TestResult.run(TestResult.java:109)
	at junit.framework.TestCase.run(TestCase.java:118)
	at junit.framework.TestSuite.runTest(TestSuite.java:208)
	at junit.framework.TestSuite.run(TestSuite.java:203)
	at junit.framework.TestSuite.runTest(TestSuite.java:208)
	at junit.framework.TestSuite.run(TestSuite.java:203)
	at junit.framework.TestSuite.runTest(TestSuite.java:208)
	at junit.framework.TestSuite.run(TestSuite.java:203)
	at org.apache.tools.ant.taskdefs.optional.junit.JUnitTestRunner.run(JUnitTestRunner.java:421)
	at org.apache.tools.ant.taskdefs.optional.junit.JUnitTestRunner.launch(JUnitTestRunner.java:912)
	at org.apache.tools.ant.taskdefs.optional.junit.JUnitTestRunner.main(JUnitTestRunner.java:766)
com.topcoder.service.digitalrun.contest.MockTrackContestDAO.setSessionContext(javax.ejb.SessionContext)
java.lang.NoSuchMethodException: com.topcoder.service.digitalrun.contest.MockTrackContestDAO.setSessionContext(javax.ejb.SessionContext)
	at java.lang.Class.getMethod(Class.java:1581)
	at com.topcoder.service.digitalrun.contest.DigitalRunContestManagerBean.inject(DigitalRunContestManagerBean.java:490)
	at com.topcoder.service.digitalrun.contest.DigitalRunContestManagerBean.initialize(DigitalRunContestManagerBean.java:461)
	at com.topcoder.service.digitalrun.contest.DigitalRunContestManagerBeanUnitTests.setUp(DigitalRunContestManagerBeanUnitTests.java:51)
	at junit.framework.TestCase.runBare(TestCase.java:125)
	at junit.framework.TestResult$1.protect(TestResult.java:106)
	at junit.framework.TestResult.runProtected(TestResult.java:124)
	at junit.framework.TestResult.run(TestResult.java:109)
	at junit.framework.TestCase.run(TestCase.java:118)
	at junit.framework.TestSuite.runTest(TestSuite.java:208)
	at junit.framework.TestSuite.run(TestSuite.java:203)
	at junit.framework.TestSuite.runTest(TestSuite.java:208)
	at junit.framework.TestSuite.run(TestSuite.java:203)
	at junit.framework.TestSuite.runTest(TestSuite.java:208)
	at junit.framework.TestSuite.run(TestSuite.java:203)
	at org.apache.tools.ant.taskdefs.optional.junit.JUnitTestRunner.run(JUnitTestRunner.java:421)
	at org.apache.tools.ant.taskdefs.optional.junit.JUnitTestRunner.launch(JUnitTestRunner.java:912)
	at org.apache.tools.ant.taskdefs.optional.junit.JUnitTestRunner.main(JUnitTestRunner.java:766)
com.topcoder.service.digitalrun.contest.MockTrackContestTypeDAO.setSessionContext(javax.ejb.SessionContext)
java.lang.NoSuchMethodException: com.topcoder.service.digitalrun.contest.MockTrackContestTypeDAO.setSessionContext(javax.ejb.SessionContext)
	at java.lang.Class.getMethod(Class.java:1581)
	at com.topcoder.service.digitalrun.contest.DigitalRunContestManagerBean.inject(DigitalRunContestManagerBean.java:490)
	at com.topcoder.service.digitalrun.contest.DigitalRunContestManagerBean.initialize(DigitalRunContestManagerBean.java:462)
	at com.topcoder.service.digitalrun.contest.DigitalRunContestManagerBeanUnitTests.setUp(DigitalRunContestManagerBeanUnitTests.java:51)
	at junit.framework.TestCase.runBare(TestCase.java:125)
	at junit.framework.TestResult$1.protect(TestResult.java:106)
	at junit.framework.TestResult.runProtected(TestResult.java:124)
	at junit.framework.TestResult.run(TestResult.java:109)
	at junit.framework.TestCase.run(TestCase.java:118)
	at junit.framework.TestSuite.runTest(TestSuite.java:208)
	at junit.framework.TestSuite.run(TestSuite.java:203)
	at junit.framework.TestSuite.runTest(TestSuite.java:208)
	at junit.framework.TestSuite.run(TestSuite.java:203)
	at junit.framework.TestSuite.runTest(TestSuite.java:208)
	at junit.framework.TestSuite.run(TestSuite.java:203)
	at org.apache.tools.ant.taskdefs.optional.junit.JUnitTestRunner.run(JUnitTestRunner.java:421)
	at org.apache.tools.ant.taskdefs.optional.junit.JUnitTestRunner.launch(JUnitTestRunner.java:912)
	at org.apache.tools.ant.taskdefs.optional.junit.JUnitTestRunner.main(JUnitTestRunner.java:766)
com.topcoder.service.digitalrun.contest.MockResultCalculatorDAO.setSessionContext(javax.ejb.SessionContext)
java.lang.NoSuchMethodException: com.topcoder.service.digitalrun.contest.MockResultCalculatorDAO.setSessionContext(javax.ejb.SessionContext)
	at java.lang.Class.getMethod(Class.java:1581)
	at com.topcoder.service.digitalrun.contest.DigitalRunContestManagerBean.inject(DigitalRunContestManagerBean.java:490)
	at com.topcoder.service.digitalrun.contest.DigitalRunContestManagerBean.initialize(DigitalRunContestManagerBean.java:463)
	at com.topcoder.service.digitalrun.contest.DigitalRunContestManagerBeanUnitTests.setUp(DigitalRunContestManagerBeanUnitTests.java:51)
	at junit.framework.TestCase.runBare(TestCase.java:125)
	at junit.framework.TestResult$1.protect(TestResult.java:106)
	at junit.framework.TestResult.runProtected(TestResult.java:124)
	at junit.framework.TestResult.run(TestResult.java:109)
	at junit.framework.TestCase.run(TestCase.java:118)
	at junit.framework.TestSuite.runTest(TestSuite.java:208)
	at junit.framework.TestSuite.run(TestSuite.java:203)
	at junit.framework.TestSuite.runTest(TestSuite.java:208)
	at junit.framework.TestSuite.run(TestSuite.java:203)
	at junit.framework.TestSuite.runTest(TestSuite.java:208)
	at junit.framework.TestSuite.run(TestSuite.java:203)
	at org.apache.tools.ant.taskdefs.optional.junit.JUnitTestRunner.run(JUnitTestRunner.java:421)
	at org.apache.tools.ant.taskdefs.optional.junit.JUnitTestRunner.launch(JUnitTestRunner.java:912)
	at org.apache.tools.ant.taskdefs.optional.junit.JUnitTestRunner.main(JUnitTestRunner.java:766)
Enter into method [DigitalRunContestManagerBean#searchTrackContests(Filter)]
mock exception
com.topcoder.service.digitalrun.contest.PersistenceException: mock exception
	at com.topcoder.service.digitalrun.contest.MockTrackContestDAO.searchTrackContests(MockTrackContestDAO.java:97)
	at com.topcoder.service.digitalrun.contest.DigitalRunContestManagerBean.searchTrackContests(DigitalRunContestManagerBean.java:668)
	at com.topcoder.service.digitalrun.contest.DigitalRunContestManagerBeanUnitTests.testSearchTrackContests(DigitalRunContestManagerBeanUnitTests.java:229)
	at sun.reflect.NativeMethodAccessorImpl.invoke0(Native Method)
	at sun.reflect.NativeMethodAccessorImpl.invoke(NativeMethodAccessorImpl.java:39)
	at sun.reflect.DelegatingMethodAccessorImpl.invoke(DelegatingMethodAccessorImpl.java:25)
	at java.lang.reflect.Method.invoke(Method.java:585)
	at junit.framework.TestCase.runTest(TestCase.java:154)
	at junit.framework.TestCase.runBare(TestCase.java:127)
	at junit.framework.TestResult$1.protect(TestResult.java:106)
	at junit.framework.TestResult.runProtected(TestResult.java:124)
	at junit.framework.TestResult.run(TestResult.java:109)
	at junit.framework.TestCase.run(TestCase.java:118)
	at junit.framework.TestSuite.runTest(TestSuite.java:208)
	at junit.framework.TestSuite.run(TestSuite.java:203)
	at junit.framework.TestSuite.runTest(TestSuite.java:208)
	at junit.framework.TestSuite.run(TestSuite.java:203)
	at junit.framework.TestSuite.runTest(TestSuite.java:208)
	at junit.framework.TestSuite.run(TestSuite.java:203)
	at org.apache.tools.ant.taskdefs.optional.junit.JUnitTestRunner.run(JUnitTestRunner.java:421)
	at org.apache.tools.ant.taskdefs.optional.junit.JUnitTestRunner.launch(JUnitTestRunner.java:912)
	at org.apache.tools.ant.taskdefs.optional.junit.JUnitTestRunner.main(JUnitTestRunner.java:766)
Exit from method [DigitalRunContestManagerBean#searchTrackContests(Filter)]
com.topcoder.service.digitalrun.contest.MockTrackContestDAO.setLogger(com.topcoder.util.log.Log)
java.lang.NoSuchMethodException: com.topcoder.service.digitalrun.contest.MockTrackContestDAO.setLogger(com.topcoder.util.log.Log)
	at java.lang.Class.getMethod(Class.java:1581)
	at com.topcoder.service.digitalrun.contest.DigitalRunContestManagerBean.inject(DigitalRunContestManagerBean.java:490)
	at com.topcoder.service.digitalrun.contest.DigitalRunContestManagerBean.initialize(DigitalRunContestManagerBean.java:452)
	at com.topcoder.service.digitalrun.contest.DigitalRunContestManagerBeanUnitTests.setUp(DigitalRunContestManagerBeanUnitTests.java:51)
	at junit.framework.TestCase.runBare(TestCase.java:125)
	at junit.framework.TestResult$1.protect(TestResult.java:106)
	at junit.framework.TestResult.runProtected(TestResult.java:124)
	at junit.framework.TestResult.run(TestResult.java:109)
	at junit.framework.TestCase.run(TestCase.java:118)
	at junit.framework.TestSuite.runTest(TestSuite.java:208)
	at junit.framework.TestSuite.run(TestSuite.java:203)
	at junit.framework.TestSuite.runTest(TestSuite.java:208)
	at junit.framework.TestSuite.run(TestSuite.java:203)
	at junit.framework.TestSuite.runTest(TestSuite.java:208)
	at junit.framework.TestSuite.run(TestSuite.java:203)
	at org.apache.tools.ant.taskdefs.optional.junit.JUnitTestRunner.run(JUnitTestRunner.java:421)
	at org.apache.tools.ant.taskdefs.optional.junit.JUnitTestRunner.launch(JUnitTestRunner.java:912)
	at org.apache.tools.ant.taskdefs.optional.junit.JUnitTestRunner.main(JUnitTestRunner.java:766)
com.topcoder.service.digitalrun.contest.MockTrackContestTypeDAO.setLogger(com.topcoder.util.log.Log)
java.lang.NoSuchMethodException: com.topcoder.service.digitalrun.contest.MockTrackContestTypeDAO.setLogger(com.topcoder.util.log.Log)
	at java.lang.Class.getMethod(Class.java:1581)
	at com.topcoder.service.digitalrun.contest.DigitalRunContestManagerBean.inject(DigitalRunContestManagerBean.java:490)
	at com.topcoder.service.digitalrun.contest.DigitalRunContestManagerBean.initialize(DigitalRunContestManagerBean.java:453)
	at com.topcoder.service.digitalrun.contest.DigitalRunContestManagerBeanUnitTests.setUp(DigitalRunContestManagerBeanUnitTests.java:51)
	at junit.framework.TestCase.runBare(TestCase.java:125)
	at junit.framework.TestResult$1.protect(TestResult.java:106)
	at junit.framework.TestResult.runProtected(TestResult.java:124)
	at junit.framework.TestResult.run(TestResult.java:109)
	at junit.framework.TestCase.run(TestCase.java:118)
	at junit.framework.TestSuite.runTest(TestSuite.java:208)
	at junit.framework.TestSuite.run(TestSuite.java:203)
	at junit.framework.TestSuite.runTest(TestSuite.java:208)
	at junit.framework.TestSuite.run(TestSuite.java:203)
	at junit.framework.TestSuite.runTest(TestSuite.java:208)
	at junit.framework.TestSuite.run(TestSuite.java:203)
	at org.apache.tools.ant.taskdefs.optional.junit.JUnitTestRunner.run(JUnitTestRunner.java:421)
	at org.apache.tools.ant.taskdefs.optional.junit.JUnitTestRunner.launch(JUnitTestRunner.java:912)
	at org.apache.tools.ant.taskdefs.optional.junit.JUnitTestRunner.main(JUnitTestRunner.java:766)
com.topcoder.service.digitalrun.contest.MockResultCalculatorDAO.setLogger(com.topcoder.util.log.Log)
java.lang.NoSuchMethodException: com.topcoder.service.digitalrun.contest.MockResultCalculatorDAO.setLogger(com.topcoder.util.log.Log)
	at java.lang.Class.getMethod(Class.java:1581)
	at com.topcoder.service.digitalrun.contest.DigitalRunContestManagerBean.inject(DigitalRunContestManagerBean.java:490)
	at com.topcoder.service.digitalrun.contest.DigitalRunContestManagerBean.initialize(DigitalRunContestManagerBean.java:454)
	at com.topcoder.service.digitalrun.contest.DigitalRunContestManagerBeanUnitTests.setUp(DigitalRunContestManagerBeanUnitTests.java:51)
	at junit.framework.TestCase.runBare(TestCase.java:125)
	at junit.framework.TestResult$1.protect(TestResult.java:106)
	at junit.framework.TestResult.runProtected(TestResult.java:124)
	at junit.framework.TestResult.run(TestResult.java:109)
	at junit.framework.TestCase.run(TestCase.java:118)
	at junit.framework.TestSuite.runTest(TestSuite.java:208)
	at junit.framework.TestSuite.run(TestSuite.java:203)
	at junit.framework.TestSuite.runTest(TestSuite.java:208)
	at junit.framework.TestSuite.run(TestSuite.java:203)
	at junit.framework.TestSuite.runTest(TestSuite.java:208)
	at junit.framework.TestSuite.run(TestSuite.java:203)
	at org.apache.tools.ant.taskdefs.optional.junit.JUnitTestRunner.run(JUnitTestRunner.java:421)
	at org.apache.tools.ant.taskdefs.optional.junit.JUnitTestRunner.launch(JUnitTestRunner.java:912)
	at org.apache.tools.ant.taskdefs.optional.junit.JUnitTestRunner.main(JUnitTestRunner.java:766)
com.topcoder.service.digitalrun.contest.MockTrackContestDAO.setUnitName(java.lang.String)
java.lang.NoSuchMethodException: com.topcoder.service.digitalrun.contest.MockTrackContestDAO.setUnitName(java.lang.String)
	at java.lang.Class.getMethod(Class.java:1581)
	at com.topcoder.service.digitalrun.contest.DigitalRunContestManagerBean.inject(DigitalRunContestManagerBean.java:490)
	at com.topcoder.service.digitalrun.contest.DigitalRunContestManagerBean.initialize(DigitalRunContestManagerBean.java:457)
	at com.topcoder.service.digitalrun.contest.DigitalRunContestManagerBeanUnitTests.setUp(DigitalRunContestManagerBeanUnitTests.java:51)
	at junit.framework.TestCase.runBare(TestCase.java:125)
	at junit.framework.TestResult$1.protect(TestResult.java:106)
	at junit.framework.TestResult.runProtected(TestResult.java:124)
	at junit.framework.TestResult.run(TestResult.java:109)
	at junit.framework.TestCase.run(TestCase.java:118)
	at junit.framework.TestSuite.runTest(TestSuite.java:208)
	at junit.framework.TestSuite.run(TestSuite.java:203)
	at junit.framework.TestSuite.runTest(TestSuite.java:208)
	at junit.framework.TestSuite.run(TestSuite.java:203)
	at junit.framework.TestSuite.runTest(TestSuite.java:208)
	at junit.framework.TestSuite.run(TestSuite.java:203)
	at org.apache.tools.ant.taskdefs.optional.junit.JUnitTestRunner.run(JUnitTestRunner.java:421)
	at org.apache.tools.ant.taskdefs.optional.junit.JUnitTestRunner.launch(JUnitTestRunner.java:912)
	at org.apache.tools.ant.taskdefs.optional.junit.JUnitTestRunner.main(JUnitTestRunner.java:766)
com.topcoder.service.digitalrun.contest.MockTrackContestTypeDAO.setUnitName(java.lang.String)
java.lang.NoSuchMethodException: com.topcoder.service.digitalrun.contest.MockTrackContestTypeDAO.setUnitName(java.lang.String)
	at java.lang.Class.getMethod(Class.java:1581)
	at com.topcoder.service.digitalrun.contest.DigitalRunContestManagerBean.inject(DigitalRunContestManagerBean.java:490)
	at com.topcoder.service.digitalrun.contest.DigitalRunContestManagerBean.initialize(DigitalRunContestManagerBean.java:458)
	at com.topcoder.service.digitalrun.contest.DigitalRunContestManagerBeanUnitTests.setUp(DigitalRunContestManagerBeanUnitTests.java:51)
	at junit.framework.TestCase.runBare(TestCase.java:125)
	at junit.framework.TestResult$1.protect(TestResult.java:106)
	at junit.framework.TestResult.runProtected(TestResult.java:124)
	at junit.framework.TestResult.run(TestResult.java:109)
	at junit.framework.TestCase.run(TestCase.java:118)
	at junit.framework.TestSuite.runTest(TestSuite.java:208)
	at junit.framework.TestSuite.run(TestSuite.java:203)
	at junit.framework.TestSuite.runTest(TestSuite.java:208)
	at junit.framework.TestSuite.run(TestSuite.java:203)
	at junit.framework.TestSuite.runTest(TestSuite.java:208)
	at junit.framework.TestSuite.run(TestSuite.java:203)
	at org.apache.tools.ant.taskdefs.optional.junit.JUnitTestRunner.run(JUnitTestRunner.java:421)
	at org.apache.tools.ant.taskdefs.optional.junit.JUnitTestRunner.launch(JUnitTestRunner.java:912)
	at org.apache.tools.ant.taskdefs.optional.junit.JUnitTestRunner.main(JUnitTestRunner.java:766)
com.topcoder.service.digitalrun.contest.MockResultCalculatorDAO.setUnitName(java.lang.String)
java.lang.NoSuchMethodException: com.topcoder.service.digitalrun.contest.MockResultCalculatorDAO.setUnitName(java.lang.String)
	at java.lang.Class.getMethod(Class.java:1581)
	at com.topcoder.service.digitalrun.contest.DigitalRunContestManagerBean.inject(DigitalRunContestManagerBean.java:490)
	at com.topcoder.service.digitalrun.contest.DigitalRunContestManagerBean.initialize(DigitalRunContestManagerBean.java:459)
	at com.topcoder.service.digitalrun.contest.DigitalRunContestManagerBeanUnitTests.setUp(DigitalRunContestManagerBeanUnitTests.java:51)
	at junit.framework.TestCase.runBare(TestCase.java:125)
	at junit.framework.TestResult$1.protect(TestResult.java:106)
	at junit.framework.TestResult.runProtected(TestResult.java:124)
	at junit.framework.TestResult.run(TestResult.java:109)
	at junit.framework.TestCase.run(TestCase.java:118)
	at junit.framework.TestSuite.runTest(TestSuite.java:208)
	at junit.framework.TestSuite.run(TestSuite.java:203)
	at junit.framework.TestSuite.runTest(TestSuite.java:208)
	at junit.framework.TestSuite.run(TestSuite.java:203)
	at junit.framework.TestSuite.runTest(TestSuite.java:208)
	at junit.framework.TestSuite.run(TestSuite.java:203)
	at org.apache.tools.ant.taskdefs.optional.junit.JUnitTestRunner.run(JUnitTestRunner.java:421)
	at org.apache.tools.ant.taskdefs.optional.junit.JUnitTestRunner.launch(JUnitTestRunner.java:912)
	at org.apache.tools.ant.taskdefs.optional.junit.JUnitTestRunner.main(JUnitTestRunner.java:766)
com.topcoder.service.digitalrun.contest.MockTrackContestDAO.setSessionContext(javax.ejb.SessionContext)
java.lang.NoSuchMethodException: com.topcoder.service.digitalrun.contest.MockTrackContestDAO.setSessionContext(javax.ejb.SessionContext)
	at java.lang.Class.getMethod(Class.java:1581)
	at com.topcoder.service.digitalrun.contest.DigitalRunContestManagerBean.inject(DigitalRunContestManagerBean.java:490)
	at com.topcoder.service.digitalrun.contest.DigitalRunContestManagerBean.initialize(DigitalRunContestManagerBean.java:461)
	at com.topcoder.service.digitalrun.contest.DigitalRunContestManagerBeanUnitTests.setUp(DigitalRunContestManagerBeanUnitTests.java:51)
	at junit.framework.TestCase.runBare(TestCase.java:125)
	at junit.framework.TestResult$1.protect(TestResult.java:106)
	at junit.framework.TestResult.runProtected(TestResult.java:124)
	at junit.framework.TestResult.run(TestResult.java:109)
	at junit.framework.TestCase.run(TestCase.java:118)
	at junit.framework.TestSuite.runTest(TestSuite.java:208)
	at junit.framework.TestSuite.run(TestSuite.java:203)
	at junit.framework.TestSuite.runTest(TestSuite.java:208)
	at junit.framework.TestSuite.run(TestSuite.java:203)
	at junit.framework.TestSuite.runTest(TestSuite.java:208)
	at junit.framework.TestSuite.run(TestSuite.java:203)
	at org.apache.tools.ant.taskdefs.optional.junit.JUnitTestRunner.run(JUnitTestRunner.java:421)
	at org.apache.tools.ant.taskdefs.optional.junit.JUnitTestRunner.launch(JUnitTestRunner.java:912)
	at org.apache.tools.ant.taskdefs.optional.junit.JUnitTestRunner.main(JUnitTestRunner.java:766)
com.topcoder.service.digitalrun.contest.MockTrackContestTypeDAO.setSessionContext(javax.ejb.SessionContext)
java.lang.NoSuchMethodException: com.topcoder.service.digitalrun.contest.MockTrackContestTypeDAO.setSessionContext(javax.ejb.SessionContext)
	at java.lang.Class.getMethod(Class.java:1581)
	at com.topcoder.service.digitalrun.contest.DigitalRunContestManagerBean.inject(DigitalRunContestManagerBean.java:490)
	at com.topcoder.service.digitalrun.contest.DigitalRunContestManagerBean.initialize(DigitalRunContestManagerBean.java:462)
	at com.topcoder.service.digitalrun.contest.DigitalRunContestManagerBeanUnitTests.setUp(DigitalRunContestManagerBeanUnitTests.java:51)
	at junit.framework.TestCase.runBare(TestCase.java:125)
	at junit.framework.TestResult$1.protect(TestResult.java:106)
	at junit.framework.TestResult.runProtected(TestResult.java:124)
	at junit.framework.TestResult.run(TestResult.java:109)
	at junit.framework.TestCase.run(TestCase.java:118)
	at junit.framework.TestSuite.runTest(TestSuite.java:208)
	at junit.framework.TestSuite.run(TestSuite.java:203)
	at junit.framework.TestSuite.runTest(TestSuite.java:208)
	at junit.framework.TestSuite.run(TestSuite.java:203)
	at junit.framework.TestSuite.runTest(TestSuite.java:208)
	at junit.framework.TestSuite.run(TestSuite.java:203)
	at org.apache.tools.ant.taskdefs.optional.junit.JUnitTestRunner.run(JUnitTestRunner.java:421)
	at org.apache.tools.ant.taskdefs.optional.junit.JUnitTestRunner.launch(JUnitTestRunner.java:912)
	at org.apache.tools.ant.taskdefs.optional.junit.JUnitTestRunner.main(JUnitTestRunner.java:766)
com.topcoder.service.digitalrun.contest.MockResultCalculatorDAO.setSessionContext(javax.ejb.SessionContext)
java.lang.NoSuchMethodException: com.topcoder.service.digitalrun.contest.MockResultCalculatorDAO.setSessionContext(javax.ejb.SessionContext)
	at java.lang.Class.getMethod(Class.java:1581)
	at com.topcoder.service.digitalrun.contest.DigitalRunContestManagerBean.inject(DigitalRunContestManagerBean.java:490)
	at com.topcoder.service.digitalrun.contest.DigitalRunContestManagerBean.initialize(DigitalRunContestManagerBean.java:463)
	at com.topcoder.service.digitalrun.contest.DigitalRunContestManagerBeanUnitTests.setUp(DigitalRunContestManagerBeanUnitTests.java:51)
	at junit.framework.TestCase.runBare(TestCase.java:125)
	at junit.framework.TestResult$1.protect(TestResult.java:106)
	at junit.framework.TestResult.runProtected(TestResult.java:124)
	at junit.framework.TestResult.run(TestResult.java:109)
	at junit.framework.TestCase.run(TestCase.java:118)
	at junit.framework.TestSuite.runTest(TestSuite.java:208)
	at junit.framework.TestSuite.run(TestSuite.java:203)
	at junit.framework.TestSuite.runTest(TestSuite.java:208)
	at junit.framework.TestSuite.run(TestSuite.java:203)
	at junit.framework.TestSuite.runTest(TestSuite.java:208)
	at junit.framework.TestSuite.run(TestSuite.java:203)
	at org.apache.tools.ant.taskdefs.optional.junit.JUnitTestRunner.run(JUnitTestRunner.java:421)
	at org.apache.tools.ant.taskdefs.optional.junit.JUnitTestRunner.launch(JUnitTestRunner.java:912)
	at org.apache.tools.ant.taskdefs.optional.junit.JUnitTestRunner.main(JUnitTestRunner.java:766)
com.topcoder.service.digitalrun.contest.MockTrackContestDAO.setLogger(com.topcoder.util.log.Log)
java.lang.NoSuchMethodException: com.topcoder.service.digitalrun.contest.MockTrackContestDAO.setLogger(com.topcoder.util.log.Log)
	at java.lang.Class.getMethod(Class.java:1581)
	at com.topcoder.service.digitalrun.contest.DigitalRunContestManagerBean.inject(DigitalRunContestManagerBean.java:490)
	at com.topcoder.service.digitalrun.contest.DigitalRunContestManagerBean.initialize(DigitalRunContestManagerBean.java:452)
	at com.topcoder.service.digitalrun.contest.DigitalRunContestManagerBeanUnitTests.setUp(DigitalRunContestManagerBeanUnitTests.java:51)
	at junit.framework.TestCase.runBare(TestCase.java:125)
	at junit.framework.TestResult$1.protect(TestResult.java:106)
	at junit.framework.TestResult.runProtected(TestResult.java:124)
	at junit.framework.TestResult.run(TestResult.java:109)
	at junit.framework.TestCase.run(TestCase.java:118)
	at junit.framework.TestSuite.runTest(TestSuite.java:208)
	at junit.framework.TestSuite.run(TestSuite.java:203)
	at junit.framework.TestSuite.runTest(TestSuite.java:208)
	at junit.framework.TestSuite.run(TestSuite.java:203)
	at junit.framework.TestSuite.runTest(TestSuite.java:208)
	at junit.framework.TestSuite.run(TestSuite.java:203)
	at org.apache.tools.ant.taskdefs.optional.junit.JUnitTestRunner.run(JUnitTestRunner.java:421)
	at org.apache.tools.ant.taskdefs.optional.junit.JUnitTestRunner.launch(JUnitTestRunner.java:912)
	at org.apache.tools.ant.taskdefs.optional.junit.JUnitTestRunner.main(JUnitTestRunner.java:766)
com.topcoder.service.digitalrun.contest.MockTrackContestTypeDAO.setLogger(com.topcoder.util.log.Log)
java.lang.NoSuchMethodException: com.topcoder.service.digitalrun.contest.MockTrackContestTypeDAO.setLogger(com.topcoder.util.log.Log)
	at java.lang.Class.getMethod(Class.java:1581)
	at com.topcoder.service.digitalrun.contest.DigitalRunContestManagerBean.inject(DigitalRunContestManagerBean.java:490)
	at com.topcoder.service.digitalrun.contest.DigitalRunContestManagerBean.initialize(DigitalRunContestManagerBean.java:453)
	at com.topcoder.service.digitalrun.contest.DigitalRunContestManagerBeanUnitTests.setUp(DigitalRunContestManagerBeanUnitTests.java:51)
	at junit.framework.TestCase.runBare(TestCase.java:125)
	at junit.framework.TestResult$1.protect(TestResult.java:106)
	at junit.framework.TestResult.runProtected(TestResult.java:124)
	at junit.framework.TestResult.run(TestResult.java:109)
	at junit.framework.TestCase.run(TestCase.java:118)
	at junit.framework.TestSuite.runTest(TestSuite.java:208)
	at junit.framework.TestSuite.run(TestSuite.java:203)
	at junit.framework.TestSuite.runTest(TestSuite.java:208)
	at junit.framework.TestSuite.run(TestSuite.java:203)
	at junit.framework.TestSuite.runTest(TestSuite.java:208)
	at junit.framework.TestSuite.run(TestSuite.java:203)
	at org.apache.tools.ant.taskdefs.optional.junit.JUnitTestRunner.run(JUnitTestRunner.java:421)
	at org.apache.tools.ant.taskdefs.optional.junit.JUnitTestRunner.launch(JUnitTestRunner.java:912)
	at org.apache.tools.ant.taskdefs.optional.junit.JUnitTestRunner.main(JUnitTestRunner.java:766)
com.topcoder.service.digitalrun.contest.MockResultCalculatorDAO.setLogger(com.topcoder.util.log.Log)
java.lang.NoSuchMethodException: com.topcoder.service.digitalrun.contest.MockResultCalculatorDAO.setLogger(com.topcoder.util.log.Log)
	at java.lang.Class.getMethod(Class.java:1581)
	at com.topcoder.service.digitalrun.contest.DigitalRunContestManagerBean.inject(DigitalRunContestManagerBean.java:490)
	at com.topcoder.service.digitalrun.contest.DigitalRunContestManagerBean.initialize(DigitalRunContestManagerBean.java:454)
	at com.topcoder.service.digitalrun.contest.DigitalRunContestManagerBeanUnitTests.setUp(DigitalRunContestManagerBeanUnitTests.java:51)
	at junit.framework.TestCase.runBare(TestCase.java:125)
	at junit.framework.TestResult$1.protect(TestResult.java:106)
	at junit.framework.TestResult.runProtected(TestResult.java:124)
	at junit.framework.TestResult.run(TestResult.java:109)
	at junit.framework.TestCase.run(TestCase.java:118)
	at junit.framework.TestSuite.runTest(TestSuite.java:208)
	at junit.framework.TestSuite.run(TestSuite.java:203)
	at junit.framework.TestSuite.runTest(TestSuite.java:208)
	at junit.framework.TestSuite.run(TestSuite.java:203)
	at junit.framework.TestSuite.runTest(TestSuite.java:208)
	at junit.framework.TestSuite.run(TestSuite.java:203)
	at org.apache.tools.ant.taskdefs.optional.junit.JUnitTestRunner.run(JUnitTestRunner.java:421)
	at org.apache.tools.ant.taskdefs.optional.junit.JUnitTestRunner.launch(JUnitTestRunner.java:912)
	at org.apache.tools.ant.taskdefs.optional.junit.JUnitTestRunner.main(JUnitTestRunner.java:766)
com.topcoder.service.digitalrun.contest.MockTrackContestDAO.setUnitName(java.lang.String)
java.lang.NoSuchMethodException: com.topcoder.service.digitalrun.contest.MockTrackContestDAO.setUnitName(java.lang.String)
	at java.lang.Class.getMethod(Class.java:1581)
	at com.topcoder.service.digitalrun.contest.DigitalRunContestManagerBean.inject(DigitalRunContestManagerBean.java:490)
	at com.topcoder.service.digitalrun.contest.DigitalRunContestManagerBean.initialize(DigitalRunContestManagerBean.java:457)
	at com.topcoder.service.digitalrun.contest.DigitalRunContestManagerBeanUnitTests.setUp(DigitalRunContestManagerBeanUnitTests.java:51)
	at junit.framework.TestCase.runBare(TestCase.java:125)
	at junit.framework.TestResult$1.protect(TestResult.java:106)
	at junit.framework.TestResult.runProtected(TestResult.java:124)
	at junit.framework.TestResult.run(TestResult.java:109)
	at junit.framework.TestCase.run(TestCase.java:118)
	at junit.framework.TestSuite.runTest(TestSuite.java:208)
	at junit.framework.TestSuite.run(TestSuite.java:203)
	at junit.framework.TestSuite.runTest(TestSuite.java:208)
	at junit.framework.TestSuite.run(TestSuite.java:203)
	at junit.framework.TestSuite.runTest(TestSuite.java:208)
	at junit.framework.TestSuite.run(TestSuite.java:203)
	at org.apache.tools.ant.taskdefs.optional.junit.JUnitTestRunner.run(JUnitTestRunner.java:421)
	at org.apache.tools.ant.taskdefs.optional.junit.JUnitTestRunner.launch(JUnitTestRunner.java:912)
	at org.apache.tools.ant.taskdefs.optional.junit.JUnitTestRunner.main(JUnitTestRunner.java:766)
com.topcoder.service.digitalrun.contest.MockTrackContestTypeDAO.setUnitName(java.lang.String)
java.lang.NoSuchMethodException: com.topcoder.service.digitalrun.contest.MockTrackContestTypeDAO.setUnitName(java.lang.String)
	at java.lang.Class.getMethod(Class.java:1581)
	at com.topcoder.service.digitalrun.contest.DigitalRunContestManagerBean.inject(DigitalRunContestManagerBean.java:490)
	at com.topcoder.service.digitalrun.contest.DigitalRunContestManagerBean.initialize(DigitalRunContestManagerBean.java:458)
	at com.topcoder.service.digitalrun.contest.DigitalRunContestManagerBeanUnitTests.setUp(DigitalRunContestManagerBeanUnitTests.java:51)
	at junit.framework.TestCase.runBare(TestCase.java:125)
	at junit.framework.TestResult$1.protect(TestResult.java:106)
	at junit.framework.TestResult.runProtected(TestResult.java:124)
	at junit.framework.TestResult.run(TestResult.java:109)
	at junit.framework.TestCase.run(TestCase.java:118)
	at junit.framework.TestSuite.runTest(TestSuite.java:208)
	at junit.framework.TestSuite.run(TestSuite.java:203)
	at junit.framework.TestSuite.runTest(TestSuite.java:208)
	at junit.framework.TestSuite.run(TestSuite.java:203)
	at junit.framework.TestSuite.runTest(TestSuite.java:208)
	at junit.framework.TestSuite.run(TestSuite.java:203)
	at org.apache.tools.ant.taskdefs.optional.junit.JUnitTestRunner.run(JUnitTestRunner.java:421)
	at org.apache.tools.ant.taskdefs.optional.junit.JUnitTestRunner.launch(JUnitTestRunner.java:912)
	at org.apache.tools.ant.taskdefs.optional.junit.JUnitTestRunner.main(JUnitTestRunner.java:766)
com.topcoder.service.digitalrun.contest.MockResultCalculatorDAO.setUnitName(java.lang.String)
java.lang.NoSuchMethodException: com.topcoder.service.digitalrun.contest.MockResultCalculatorDAO.setUnitName(java.lang.String)
	at java.lang.Class.getMethod(Class.java:1581)
	at com.topcoder.service.digitalrun.contest.DigitalRunContestManagerBean.inject(DigitalRunContestManagerBean.java:490)
	at com.topcoder.service.digitalrun.contest.DigitalRunContestManagerBean.initialize(DigitalRunContestManagerBean.java:459)
	at com.topcoder.service.digitalrun.contest.DigitalRunContestManagerBeanUnitTests.setUp(DigitalRunContestManagerBeanUnitTests.java:51)
	at junit.framework.TestCase.runBare(TestCase.java:125)
	at junit.framework.TestResult$1.protect(TestResult.java:106)
	at junit.framework.TestResult.runProtected(TestResult.java:124)
	at junit.framework.TestResult.run(TestResult.java:109)
	at junit.framework.TestCase.run(TestCase.java:118)
	at junit.framework.TestSuite.runTest(TestSuite.java:208)
	at junit.framework.TestSuite.run(TestSuite.java:203)
	at junit.framework.TestSuite.runTest(TestSuite.java:208)
	at junit.framework.TestSuite.run(TestSuite.java:203)
	at junit.framework.TestSuite.runTest(TestSuite.java:208)
	at junit.framework.TestSuite.run(TestSuite.java:203)
	at org.apache.tools.ant.taskdefs.optional.junit.JUnitTestRunner.run(JUnitTestRunner.java:421)
	at org.apache.tools.ant.taskdefs.optional.junit.JUnitTestRunner.launch(JUnitTestRunner.java:912)
	at org.apache.tools.ant.taskdefs.optional.junit.JUnitTestRunner.main(JUnitTestRunner.java:766)
com.topcoder.service.digitalrun.contest.MockTrackContestDAO.setSessionContext(javax.ejb.SessionContext)
java.lang.NoSuchMethodException: com.topcoder.service.digitalrun.contest.MockTrackContestDAO.setSessionContext(javax.ejb.SessionContext)
	at java.lang.Class.getMethod(Class.java:1581)
	at com.topcoder.service.digitalrun.contest.DigitalRunContestManagerBean.inject(DigitalRunContestManagerBean.java:490)
	at com.topcoder.service.digitalrun.contest.DigitalRunContestManagerBean.initialize(DigitalRunContestManagerBean.java:461)
	at com.topcoder.service.digitalrun.contest.DigitalRunContestManagerBeanUnitTests.setUp(DigitalRunContestManagerBeanUnitTests.java:51)
	at junit.framework.TestCase.runBare(TestCase.java:125)
	at junit.framework.TestResult$1.protect(TestResult.java:106)
	at junit.framework.TestResult.runProtected(TestResult.java:124)
	at junit.framework.TestResult.run(TestResult.java:109)
	at junit.framework.TestCase.run(TestCase.java:118)
	at junit.framework.TestSuite.runTest(TestSuite.java:208)
	at junit.framework.TestSuite.run(TestSuite.java:203)
	at junit.framework.TestSuite.runTest(TestSuite.java:208)
	at junit.framework.TestSuite.run(TestSuite.java:203)
	at junit.framework.TestSuite.runTest(TestSuite.java:208)
	at junit.framework.TestSuite.run(TestSuite.java:203)
	at org.apache.tools.ant.taskdefs.optional.junit.JUnitTestRunner.run(JUnitTestRunner.java:421)
	at org.apache.tools.ant.taskdefs.optional.junit.JUnitTestRunner.launch(JUnitTestRunner.java:912)
	at org.apache.tools.ant.taskdefs.optional.junit.JUnitTestRunner.main(JUnitTestRunner.java:766)
com.topcoder.service.digitalrun.contest.MockTrackContestTypeDAO.setSessionContext(javax.ejb.SessionContext)
java.lang.NoSuchMethodException: com.topcoder.service.digitalrun.contest.MockTrackContestTypeDAO.setSessionContext(javax.ejb.SessionContext)
	at java.lang.Class.getMethod(Class.java:1581)
	at com.topcoder.service.digitalrun.contest.DigitalRunContestManagerBean.inject(DigitalRunContestManagerBean.java:490)
	at com.topcoder.service.digitalrun.contest.DigitalRunContestManagerBean.initialize(DigitalRunContestManagerBean.java:462)
	at com.topcoder.service.digitalrun.contest.DigitalRunContestManagerBeanUnitTests.setUp(DigitalRunContestManagerBeanUnitTests.java:51)
	at junit.framework.TestCase.runBare(TestCase.java:125)
	at junit.framework.TestResult$1.protect(TestResult.java:106)
	at junit.framework.TestResult.runProtected(TestResult.java:124)
	at junit.framework.TestResult.run(TestResult.java:109)
	at junit.framework.TestCase.run(TestCase.java:118)
	at junit.framework.TestSuite.runTest(TestSuite.java:208)
	at junit.framework.TestSuite.run(TestSuite.java:203)
	at junit.framework.TestSuite.runTest(TestSuite.java:208)
	at junit.framework.TestSuite.run(TestSuite.java:203)
	at junit.framework.TestSuite.runTest(TestSuite.java:208)
	at junit.framework.TestSuite.run(TestSuite.java:203)
	at org.apache.tools.ant.taskdefs.optional.junit.JUnitTestRunner.run(JUnitTestRunner.java:421)
	at org.apache.tools.ant.taskdefs.optional.junit.JUnitTestRunner.launch(JUnitTestRunner.java:912)
	at org.apache.tools.ant.taskdefs.optional.junit.JUnitTestRunner.main(JUnitTestRunner.java:766)
com.topcoder.service.digitalrun.contest.MockResultCalculatorDAO.setSessionContext(javax.ejb.SessionContext)
java.lang.NoSuchMethodException: com.topcoder.service.digitalrun.contest.MockResultCalculatorDAO.setSessionContext(javax.ejb.SessionContext)
	at java.lang.Class.getMethod(Class.java:1581)
	at com.topcoder.service.digitalrun.contest.DigitalRunContestManagerBean.inject(DigitalRunContestManagerBean.java:490)
	at com.topcoder.service.digitalrun.contest.DigitalRunContestManagerBean.initialize(DigitalRunContestManagerBean.java:463)
	at com.topcoder.service.digitalrun.contest.DigitalRunContestManagerBeanUnitTests.setUp(DigitalRunContestManagerBeanUnitTests.java:51)
	at junit.framework.TestCase.runBare(TestCase.java:125)
	at junit.framework.TestResult$1.protect(TestResult.java:106)
	at junit.framework.TestResult.runProtected(TestResult.java:124)
	at junit.framework.TestResult.run(TestResult.java:109)
	at junit.framework.TestCase.run(TestCase.java:118)
	at junit.framework.TestSuite.runTest(TestSuite.java:208)
	at junit.framework.TestSuite.run(TestSuite.java:203)
	at junit.framework.TestSuite.runTest(TestSuite.java:208)
	at junit.framework.TestSuite.run(TestSuite.java:203)
	at junit.framework.TestSuite.runTest(TestSuite.java:208)
	at junit.framework.TestSuite.run(TestSuite.java:203)
	at org.apache.tools.ant.taskdefs.optional.junit.JUnitTestRunner.run(JUnitTestRunner.java:421)
	at org.apache.tools.ant.taskdefs.optional.junit.JUnitTestRunner.launch(JUnitTestRunner.java:912)
	at org.apache.tools.ant.taskdefs.optional.junit.JUnitTestRunner.main(JUnitTestRunner.java:766)
com.topcoder.service.digitalrun.contest.ErrorTrackContestDAO.setLogger(com.topcoder.util.log.Log)
java.lang.NoSuchMethodException: com.topcoder.service.digitalrun.contest.ErrorTrackContestDAO.setLogger(com.topcoder.util.log.Log)
	at java.lang.Class.getMethod(Class.java:1581)
	at com.topcoder.service.digitalrun.contest.DigitalRunContestManagerBean.inject(DigitalRunContestManagerBean.java:490)
	at com.topcoder.service.digitalrun.contest.DigitalRunContestManagerBean.initialize(DigitalRunContestManagerBean.java:452)
	at com.topcoder.service.digitalrun.contest.DigitalRunContestManagerBeanUnitTests.testInitialize_ExceptionWhileInjection(DigitalRunContestManagerBeanUnitTests.java:211)
	at sun.reflect.NativeMethodAccessorImpl.invoke0(Native Method)
	at sun.reflect.NativeMethodAccessorImpl.invoke(NativeMethodAccessorImpl.java:39)
	at sun.reflect.DelegatingMethodAccessorImpl.invoke(DelegatingMethodAccessorImpl.java:25)
	at java.lang.reflect.Method.invoke(Method.java:585)
	at junit.framework.TestCase.runTest(TestCase.java:154)
	at junit.framework.TestCase.runBare(TestCase.java:127)
	at junit.framework.TestResult$1.protect(TestResult.java:106)
	at junit.framework.TestResult.runProtected(TestResult.java:124)
	at junit.framework.TestResult.run(TestResult.java:109)
	at junit.framework.TestCase.run(TestCase.java:118)
	at junit.framework.TestSuite.runTest(TestSuite.java:208)
	at junit.framework.TestSuite.run(TestSuite.java:203)
	at junit.framework.TestSuite.runTest(TestSuite.java:208)
	at junit.framework.TestSuite.run(TestSuite.java:203)
	at junit.framework.TestSuite.runTest(TestSuite.java:208)
	at junit.framework.TestSuite.run(TestSuite.java:203)
	at org.apache.tools.ant.taskdefs.optional.junit.JUnitTestRunner.run(JUnitTestRunner.java:421)
	at org.apache.tools.ant.taskdefs.optional.junit.JUnitTestRunner.launch(JUnitTestRunner.java:912)
	at org.apache.tools.ant.taskdefs.optional.junit.JUnitTestRunner.main(JUnitTestRunner.java:766)
com.topcoder.service.digitalrun.contest.MockTrackContestTypeDAO.setLogger(com.topcoder.util.log.Log)
java.lang.NoSuchMethodException: com.topcoder.service.digitalrun.contest.MockTrackContestTypeDAO.setLogger(com.topcoder.util.log.Log)
	at java.lang.Class.getMethod(Class.java:1581)
	at com.topcoder.service.digitalrun.contest.DigitalRunContestManagerBean.inject(DigitalRunContestManagerBean.java:490)
	at com.topcoder.service.digitalrun.contest.DigitalRunContestManagerBean.initialize(DigitalRunContestManagerBean.java:453)
	at com.topcoder.service.digitalrun.contest.DigitalRunContestManagerBeanUnitTests.testInitialize_ExceptionWhileInjection(DigitalRunContestManagerBeanUnitTests.java:211)
	at sun.reflect.NativeMethodAccessorImpl.invoke0(Native Method)
	at sun.reflect.NativeMethodAccessorImpl.invoke(NativeMethodAccessorImpl.java:39)
	at sun.reflect.DelegatingMethodAccessorImpl.invoke(DelegatingMethodAccessorImpl.java:25)
	at java.lang.reflect.Method.invoke(Method.java:585)
	at junit.framework.TestCase.runTest(TestCase.java:154)
	at junit.framework.TestCase.runBare(TestCase.java:127)
	at junit.framework.TestResult$1.protect(TestResult.java:106)
	at junit.framework.TestResult.runProtected(TestResult.java:124)
	at junit.framework.TestResult.run(TestResult.java:109)
	at junit.framework.TestCase.run(TestCase.java:118)
	at junit.framework.TestSuite.runTest(TestSuite.java:208)
	at junit.framework.TestSuite.run(TestSuite.java:203)
	at junit.framework.TestSuite.runTest(TestSuite.java:208)
	at junit.framework.TestSuite.run(TestSuite.java:203)
	at junit.framework.TestSuite.runTest(TestSuite.java:208)
	at junit.framework.TestSuite.run(TestSuite.java:203)
	at org.apache.tools.ant.taskdefs.optional.junit.JUnitTestRunner.run(JUnitTestRunner.java:421)
	at org.apache.tools.ant.taskdefs.optional.junit.JUnitTestRunner.launch(JUnitTestRunner.java:912)
	at org.apache.tools.ant.taskdefs.optional.junit.JUnitTestRunner.main(JUnitTestRunner.java:766)
com.topcoder.service.digitalrun.contest.MockResultCalculatorDAO.setLogger(com.topcoder.util.log.Log)
java.lang.NoSuchMethodException: com.topcoder.service.digitalrun.contest.MockResultCalculatorDAO.setLogger(com.topcoder.util.log.Log)
	at java.lang.Class.getMethod(Class.java:1581)
	at com.topcoder.service.digitalrun.contest.DigitalRunContestManagerBean.inject(DigitalRunContestManagerBean.java:490)
	at com.topcoder.service.digitalrun.contest.DigitalRunContestManagerBean.initialize(DigitalRunContestManagerBean.java:454)
	at com.topcoder.service.digitalrun.contest.DigitalRunContestManagerBeanUnitTests.testInitialize_ExceptionWhileInjection(DigitalRunContestManagerBeanUnitTests.java:211)
	at sun.reflect.NativeMethodAccessorImpl.invoke0(Native Method)
	at sun.reflect.NativeMethodAccessorImpl.invoke(NativeMethodAccessorImpl.java:39)
	at sun.reflect.DelegatingMethodAccessorImpl.invoke(DelegatingMethodAccessorImpl.java:25)
	at java.lang.reflect.Method.invoke(Method.java:585)
	at junit.framework.TestCase.runTest(TestCase.java:154)
	at junit.framework.TestCase.runBare(TestCase.java:127)
	at junit.framework.TestResult$1.protect(TestResult.java:106)
	at junit.framework.TestResult.runProtected(TestResult.java:124)
	at junit.framework.TestResult.run(TestResult.java:109)
	at junit.framework.TestCase.run(TestCase.java:118)
	at junit.framework.TestSuite.runTest(TestSuite.java:208)
	at junit.framework.TestSuite.run(TestSuite.java:203)
	at junit.framework.TestSuite.runTest(TestSuite.java:208)
	at junit.framework.TestSuite.run(TestSuite.java:203)
	at junit.framework.TestSuite.runTest(TestSuite.java:208)
	at junit.framework.TestSuite.run(TestSuite.java:203)
	at org.apache.tools.ant.taskdefs.optional.junit.JUnitTestRunner.run(JUnitTestRunner.java:421)
	at org.apache.tools.ant.taskdefs.optional.junit.JUnitTestRunner.launch(JUnitTestRunner.java:912)
	at org.apache.tools.ant.taskdefs.optional.junit.JUnitTestRunner.main(JUnitTestRunner.java:766)
null
java.lang.reflect.InvocationTargetException
	at sun.reflect.NativeMethodAccessorImpl.invoke0(Native Method)
	at sun.reflect.NativeMethodAccessorImpl.invoke(NativeMethodAccessorImpl.java:39)
	at sun.reflect.DelegatingMethodAccessorImpl.invoke(DelegatingMethodAccessorImpl.java:25)
	at java.lang.reflect.Method.invoke(Method.java:585)
	at com.topcoder.service.digitalrun.contest.DigitalRunContestManagerBean.inject(DigitalRunContestManagerBean.java:491)
	at com.topcoder.service.digitalrun.contest.DigitalRunContestManagerBean.initialize(DigitalRunContestManagerBean.java:457)
	at com.topcoder.service.digitalrun.contest.DigitalRunContestManagerBeanUnitTests.testInitialize_ExceptionWhileInjection(DigitalRunContestManagerBeanUnitTests.java:211)
	at sun.reflect.NativeMethodAccessorImpl.invoke0(Native Method)
	at sun.reflect.NativeMethodAccessorImpl.invoke(NativeMethodAccessorImpl.java:39)
	at sun.reflect.DelegatingMethodAccessorImpl.invoke(DelegatingMethodAccessorImpl.java:25)
	at java.lang.reflect.Method.invoke(Method.java:585)
	at junit.framework.TestCase.runTest(TestCase.java:154)
	at junit.framework.TestCase.runBare(TestCase.java:127)
	at junit.framework.TestResult$1.protect(TestResult.java:106)
	at junit.framework.TestResult.runProtected(TestResult.java:124)
	at junit.framework.TestResult.run(TestResult.java:109)
	at junit.framework.TestCase.run(TestCase.java:118)
	at junit.framework.TestSuite.runTest(TestSuite.java:208)
	at junit.framework.TestSuite.run(TestSuite.java:203)
	at junit.framework.TestSuite.runTest(TestSuite.java:208)
	at junit.framework.TestSuite.run(TestSuite.java:203)
	at junit.framework.TestSuite.runTest(TestSuite.java:208)
	at junit.framework.TestSuite.run(TestSuite.java:203)
	at org.apache.tools.ant.taskdefs.optional.junit.JUnitTestRunner.run(JUnitTestRunner.java:421)
	at org.apache.tools.ant.taskdefs.optional.junit.JUnitTestRunner.launch(JUnitTestRunner.java:912)
	at org.apache.tools.ant.taskdefs.optional.junit.JUnitTestRunner.main(JUnitTestRunner.java:766)
Caused by: java.lang.RuntimeException: mock exception
	at com.topcoder.service.digitalrun.contest.ErrorTrackContestDAO.setUnitName(ErrorTrackContestDAO.java:27)
	... 26 more
com.topcoder.service.digitalrun.contest.MockTrackContestDAO.setLogger(com.topcoder.util.log.Log)
java.lang.NoSuchMethodException: com.topcoder.service.digitalrun.contest.MockTrackContestDAO.setLogger(com.topcoder.util.log.Log)
	at java.lang.Class.getMethod(Class.java:1581)
	at com.topcoder.service.digitalrun.contest.DigitalRunContestManagerBean.inject(DigitalRunContestManagerBean.java:490)
	at com.topcoder.service.digitalrun.contest.DigitalRunContestManagerBean.initialize(DigitalRunContestManagerBean.java:452)
	at com.topcoder.service.digitalrun.contest.DigitalRunContestManagerBeanUnitTests.setUp(DigitalRunContestManagerBeanUnitTests.java:51)
	at junit.framework.TestCase.runBare(TestCase.java:125)
	at junit.framework.TestResult$1.protect(TestResult.java:106)
	at junit.framework.TestResult.runProtected(TestResult.java:124)
	at junit.framework.TestResult.run(TestResult.java:109)
	at junit.framework.TestCase.run(TestCase.java:118)
	at junit.framework.TestSuite.runTest(TestSuite.java:208)
	at junit.framework.TestSuite.run(TestSuite.java:203)
	at junit.framework.TestSuite.runTest(TestSuite.java:208)
	at junit.framework.TestSuite.run(TestSuite.java:203)
	at junit.framework.TestSuite.runTest(TestSuite.java:208)
	at junit.framework.TestSuite.run(TestSuite.java:203)
	at org.apache.tools.ant.taskdefs.optional.junit.JUnitTestRunner.run(JUnitTestRunner.java:421)
	at org.apache.tools.ant.taskdefs.optional.junit.JUnitTestRunner.launch(JUnitTestRunner.java:912)
	at org.apache.tools.ant.taskdefs.optional.junit.JUnitTestRunner.main(JUnitTestRunner.java:766)
com.topcoder.service.digitalrun.contest.MockTrackContestTypeDAO.setLogger(com.topcoder.util.log.Log)
java.lang.NoSuchMethodException: com.topcoder.service.digitalrun.contest.MockTrackContestTypeDAO.setLogger(com.topcoder.util.log.Log)
	at java.lang.Class.getMethod(Class.java:1581)
	at com.topcoder.service.digitalrun.contest.DigitalRunContestManagerBean.inject(DigitalRunContestManagerBean.java:490)
	at com.topcoder.service.digitalrun.contest.DigitalRunContestManagerBean.initialize(DigitalRunContestManagerBean.java:453)
	at com.topcoder.service.digitalrun.contest.DigitalRunContestManagerBeanUnitTests.setUp(DigitalRunContestManagerBeanUnitTests.java:51)
	at junit.framework.TestCase.runBare(TestCase.java:125)
	at junit.framework.TestResult$1.protect(TestResult.java:106)
	at junit.framework.TestResult.runProtected(TestResult.java:124)
	at junit.framework.TestResult.run(TestResult.java:109)
	at junit.framework.TestCase.run(TestCase.java:118)
	at junit.framework.TestSuite.runTest(TestSuite.java:208)
	at junit.framework.TestSuite.run(TestSuite.java:203)
	at junit.framework.TestSuite.runTest(TestSuite.java:208)
	at junit.framework.TestSuite.run(TestSuite.java:203)
	at junit.framework.TestSuite.runTest(TestSuite.java:208)
	at junit.framework.TestSuite.run(TestSuite.java:203)
	at org.apache.tools.ant.taskdefs.optional.junit.JUnitTestRunner.run(JUnitTestRunner.java:421)
	at org.apache.tools.ant.taskdefs.optional.junit.JUnitTestRunner.launch(JUnitTestRunner.java:912)
	at org.apache.tools.ant.taskdefs.optional.junit.JUnitTestRunner.main(JUnitTestRunner.java:766)
com.topcoder.service.digitalrun.contest.MockResultCalculatorDAO.setLogger(com.topcoder.util.log.Log)
java.lang.NoSuchMethodException: com.topcoder.service.digitalrun.contest.MockResultCalculatorDAO.setLogger(com.topcoder.util.log.Log)
	at java.lang.Class.getMethod(Class.java:1581)
	at com.topcoder.service.digitalrun.contest.DigitalRunContestManagerBean.inject(DigitalRunContestManagerBean.java:490)
	at com.topcoder.service.digitalrun.contest.DigitalRunContestManagerBean.initialize(DigitalRunContestManagerBean.java:454)
	at com.topcoder.service.digitalrun.contest.DigitalRunContestManagerBeanUnitTests.setUp(DigitalRunContestManagerBeanUnitTests.java:51)
	at junit.framework.TestCase.runBare(TestCase.java:125)
	at junit.framework.TestResult$1.protect(TestResult.java:106)
	at junit.framework.TestResult.runProtected(TestResult.java:124)
	at junit.framework.TestResult.run(TestResult.java:109)
	at junit.framework.TestCase.run(TestCase.java:118)
	at junit.framework.TestSuite.runTest(TestSuite.java:208)
	at junit.framework.TestSuite.run(TestSuite.java:203)
	at junit.framework.TestSuite.runTest(TestSuite.java:208)
	at junit.framework.TestSuite.run(TestSuite.java:203)
	at junit.framework.TestSuite.runTest(TestSuite.java:208)
	at junit.framework.TestSuite.run(TestSuite.java:203)
	at org.apache.tools.ant.taskdefs.optional.junit.JUnitTestRunner.run(JUnitTestRunner.java:421)
	at org.apache.tools.ant.taskdefs.optional.junit.JUnitTestRunner.launch(JUnitTestRunner.java:912)
	at org.apache.tools.ant.taskdefs.optional.junit.JUnitTestRunner.main(JUnitTestRunner.java:766)
com.topcoder.service.digitalrun.contest.MockTrackContestDAO.setUnitName(java.lang.String)
java.lang.NoSuchMethodException: com.topcoder.service.digitalrun.contest.MockTrackContestDAO.setUnitName(java.lang.String)
	at java.lang.Class.getMethod(Class.java:1581)
	at com.topcoder.service.digitalrun.contest.DigitalRunContestManagerBean.inject(DigitalRunContestManagerBean.java:490)
	at com.topcoder.service.digitalrun.contest.DigitalRunContestManagerBean.initialize(DigitalRunContestManagerBean.java:457)
	at com.topcoder.service.digitalrun.contest.DigitalRunContestManagerBeanUnitTests.setUp(DigitalRunContestManagerBeanUnitTests.java:51)
	at junit.framework.TestCase.runBare(TestCase.java:125)
	at junit.framework.TestResult$1.protect(TestResult.java:106)
	at junit.framework.TestResult.runProtected(TestResult.java:124)
	at junit.framework.TestResult.run(TestResult.java:109)
	at junit.framework.TestCase.run(TestCase.java:118)
	at junit.framework.TestSuite.runTest(TestSuite.java:208)
	at junit.framework.TestSuite.run(TestSuite.java:203)
	at junit.framework.TestSuite.runTest(TestSuite.java:208)
	at junit.framework.TestSuite.run(TestSuite.java:203)
	at junit.framework.TestSuite.runTest(TestSuite.java:208)
	at junit.framework.TestSuite.run(TestSuite.java:203)
	at org.apache.tools.ant.taskdefs.optional.junit.JUnitTestRunner.run(JUnitTestRunner.java:421)
	at org.apache.tools.ant.taskdefs.optional.junit.JUnitTestRunner.launch(JUnitTestRunner.java:912)
	at org.apache.tools.ant.taskdefs.optional.junit.JUnitTestRunner.main(JUnitTestRunner.java:766)
com.topcoder.service.digitalrun.contest.MockTrackContestTypeDAO.setUnitName(java.lang.String)
java.lang.NoSuchMethodException: com.topcoder.service.digitalrun.contest.MockTrackContestTypeDAO.setUnitName(java.lang.String)
	at java.lang.Class.getMethod(Class.java:1581)
	at com.topcoder.service.digitalrun.contest.DigitalRunContestManagerBean.inject(DigitalRunContestManagerBean.java:490)
	at com.topcoder.service.digitalrun.contest.DigitalRunContestManagerBean.initialize(DigitalRunContestManagerBean.java:458)
	at com.topcoder.service.digitalrun.contest.DigitalRunContestManagerBeanUnitTests.setUp(DigitalRunContestManagerBeanUnitTests.java:51)
	at junit.framework.TestCase.runBare(TestCase.java:125)
	at junit.framework.TestResult$1.protect(TestResult.java:106)
	at junit.framework.TestResult.runProtected(TestResult.java:124)
	at junit.framework.TestResult.run(TestResult.java:109)
	at junit.framework.TestCase.run(TestCase.java:118)
	at junit.framework.TestSuite.runTest(TestSuite.java:208)
	at junit.framework.TestSuite.run(TestSuite.java:203)
	at junit.framework.TestSuite.runTest(TestSuite.java:208)
	at junit.framework.TestSuite.run(TestSuite.java:203)
	at junit.framework.TestSuite.runTest(TestSuite.java:208)
	at junit.framework.TestSuite.run(TestSuite.java:203)
	at org.apache.tools.ant.taskdefs.optional.junit.JUnitTestRunner.run(JUnitTestRunner.java:421)
	at org.apache.tools.ant.taskdefs.optional.junit.JUnitTestRunner.launch(JUnitTestRunner.java:912)
	at org.apache.tools.ant.taskdefs.optional.junit.JUnitTestRunner.main(JUnitTestRunner.java:766)
com.topcoder.service.digitalrun.contest.MockResultCalculatorDAO.setUnitName(java.lang.String)
java.lang.NoSuchMethodException: com.topcoder.service.digitalrun.contest.MockResultCalculatorDAO.setUnitName(java.lang.String)
	at java.lang.Class.getMethod(Class.java:1581)
	at com.topcoder.service.digitalrun.contest.DigitalRunContestManagerBean.inject(DigitalRunContestManagerBean.java:490)
	at com.topcoder.service.digitalrun.contest.DigitalRunContestManagerBean.initialize(DigitalRunContestManagerBean.java:459)
	at com.topcoder.service.digitalrun.contest.DigitalRunContestManagerBeanUnitTests.setUp(DigitalRunContestManagerBeanUnitTests.java:51)
	at junit.framework.TestCase.runBare(TestCase.java:125)
	at junit.framework.TestResult$1.protect(TestResult.java:106)
	at junit.framework.TestResult.runProtected(TestResult.java:124)
	at junit.framework.TestResult.run(TestResult.java:109)
	at junit.framework.TestCase.run(TestCase.java:118)
	at junit.framework.TestSuite.runTest(TestSuite.java:208)
	at junit.framework.TestSuite.run(TestSuite.java:203)
	at junit.framework.TestSuite.runTest(TestSuite.java:208)
	at junit.framework.TestSuite.run(TestSuite.java:203)
	at junit.framework.TestSuite.runTest(TestSuite.java:208)
	at junit.framework.TestSuite.run(TestSuite.java:203)
	at org.apache.tools.ant.taskdefs.optional.junit.JUnitTestRunner.run(JUnitTestRunner.java:421)
	at org.apache.tools.ant.taskdefs.optional.junit.JUnitTestRunner.launch(JUnitTestRunner.java:912)
	at org.apache.tools.ant.taskdefs.optional.junit.JUnitTestRunner.main(JUnitTestRunner.java:766)
com.topcoder.service.digitalrun.contest.MockTrackContestDAO.setSessionContext(javax.ejb.SessionContext)
java.lang.NoSuchMethodException: com.topcoder.service.digitalrun.contest.MockTrackContestDAO.setSessionContext(javax.ejb.SessionContext)
	at java.lang.Class.getMethod(Class.java:1581)
	at com.topcoder.service.digitalrun.contest.DigitalRunContestManagerBean.inject(DigitalRunContestManagerBean.java:490)
	at com.topcoder.service.digitalrun.contest.DigitalRunContestManagerBean.initialize(DigitalRunContestManagerBean.java:461)
	at com.topcoder.service.digitalrun.contest.DigitalRunContestManagerBeanUnitTests.setUp(DigitalRunContestManagerBeanUnitTests.java:51)
	at junit.framework.TestCase.runBare(TestCase.java:125)
	at junit.framework.TestResult$1.protect(TestResult.java:106)
	at junit.framework.TestResult.runProtected(TestResult.java:124)
	at junit.framework.TestResult.run(TestResult.java:109)
	at junit.framework.TestCase.run(TestCase.java:118)
	at junit.framework.TestSuite.runTest(TestSuite.java:208)
	at junit.framework.TestSuite.run(TestSuite.java:203)
	at junit.framework.TestSuite.runTest(TestSuite.java:208)
	at junit.framework.TestSuite.run(TestSuite.java:203)
	at junit.framework.TestSuite.runTest(TestSuite.java:208)
	at junit.framework.TestSuite.run(TestSuite.java:203)
	at org.apache.tools.ant.taskdefs.optional.junit.JUnitTestRunner.run(JUnitTestRunner.java:421)
	at org.apache.tools.ant.taskdefs.optional.junit.JUnitTestRunner.launch(JUnitTestRunner.java:912)
	at org.apache.tools.ant.taskdefs.optional.junit.JUnitTestRunner.main(JUnitTestRunner.java:766)
com.topcoder.service.digitalrun.contest.MockTrackContestTypeDAO.setSessionContext(javax.ejb.SessionContext)
java.lang.NoSuchMethodException: com.topcoder.service.digitalrun.contest.MockTrackContestTypeDAO.setSessionContext(javax.ejb.SessionContext)
	at java.lang.Class.getMethod(Class.java:1581)
	at com.topcoder.service.digitalrun.contest.DigitalRunContestManagerBean.inject(DigitalRunContestManagerBean.java:490)
	at com.topcoder.service.digitalrun.contest.DigitalRunContestManagerBean.initialize(DigitalRunContestManagerBean.java:462)
	at com.topcoder.service.digitalrun.contest.DigitalRunContestManagerBeanUnitTests.setUp(DigitalRunContestManagerBeanUnitTests.java:51)
	at junit.framework.TestCase.runBare(TestCase.java:125)
	at junit.framework.TestResult$1.protect(TestResult.java:106)
	at junit.framework.TestResult.runProtected(TestResult.java:124)
	at junit.framework.TestResult.run(TestResult.java:109)
	at junit.framework.TestCase.run(TestCase.java:118)
	at junit.framework.TestSuite.runTest(TestSuite.java:208)
	at junit.framework.TestSuite.run(TestSuite.java:203)
	at junit.framework.TestSuite.runTest(TestSuite.java:208)
	at junit.framework.TestSuite.run(TestSuite.java:203)
	at junit.framework.TestSuite.runTest(TestSuite.java:208)
	at junit.framework.TestSuite.run(TestSuite.java:203)
	at org.apache.tools.ant.taskdefs.optional.junit.JUnitTestRunner.run(JUnitTestRunner.java:421)
	at org.apache.tools.ant.taskdefs.optional.junit.JUnitTestRunner.launch(JUnitTestRunner.java:912)
	at org.apache.tools.ant.taskdefs.optional.junit.JUnitTestRunner.main(JUnitTestRunner.java:766)
com.topcoder.service.digitalrun.contest.MockResultCalculatorDAO.setSessionContext(javax.ejb.SessionContext)
java.lang.NoSuchMethodException: com.topcoder.service.digitalrun.contest.MockResultCalculatorDAO.setSessionContext(javax.ejb.SessionContext)
	at java.lang.Class.getMethod(Class.java:1581)
	at com.topcoder.service.digitalrun.contest.DigitalRunContestManagerBean.inject(DigitalRunContestManagerBean.java:490)
	at com.topcoder.service.digitalrun.contest.DigitalRunContestManagerBean.initialize(DigitalRunContestManagerBean.java:463)
	at com.topcoder.service.digitalrun.contest.DigitalRunContestManagerBeanUnitTests.setUp(DigitalRunContestManagerBeanUnitTests.java:51)
	at junit.framework.TestCase.runBare(TestCase.java:125)
	at junit.framework.TestResult$1.protect(TestResult.java:106)
	at junit.framework.TestResult.runProtected(TestResult.java:124)
	at junit.framework.TestResult.run(TestResult.java:109)
	at junit.framework.TestCase.run(TestCase.java:118)
	at junit.framework.TestSuite.runTest(TestSuite.java:208)
	at junit.framework.TestSuite.run(TestSuite.java:203)
	at junit.framework.TestSuite.runTest(TestSuite.java:208)
	at junit.framework.TestSuite.run(TestSuite.java:203)
	at junit.framework.TestSuite.runTest(TestSuite.java:208)
	at junit.framework.TestSuite.run(TestSuite.java:203)
	at org.apache.tools.ant.taskdefs.optional.junit.JUnitTestRunner.run(JUnitTestRunner.java:421)
	at org.apache.tools.ant.taskdefs.optional.junit.JUnitTestRunner.launch(JUnitTestRunner.java:912)
	at org.apache.tools.ant.taskdefs.optional.junit.JUnitTestRunner.main(JUnitTestRunner.java:766)
Enter into method [DigitalRunContestManagerBean#createTrackContest(TrackContest)]
mock exception
com.topcoder.service.digitalrun.contest.PersistenceException: mock exception
	at com.topcoder.service.digitalrun.contest.MockTrackContestDAO.createTrackContest(MockTrackContestDAO.java:37)
	at com.topcoder.service.digitalrun.contest.DigitalRunContestManagerBean.createTrackContest(DigitalRunContestManagerBean.java:537)
	at com.topcoder.service.digitalrun.contest.DigitalRunContestManagerBeanUnitTests.testCreateTrackContest(DigitalRunContestManagerBeanUnitTests.java:247)
	at sun.reflect.NativeMethodAccessorImpl.invoke0(Native Method)
	at sun.reflect.NativeMethodAccessorImpl.invoke(NativeMethodAccessorImpl.java:39)
	at sun.reflect.DelegatingMethodAccessorImpl.invoke(DelegatingMethodAccessorImpl.java:25)
	at java.lang.reflect.Method.invoke(Method.java:585)
	at junit.framework.TestCase.runTest(TestCase.java:154)
	at junit.framework.TestCase.runBare(TestCase.java:127)
	at junit.framework.TestResult$1.protect(TestResult.java:106)
	at junit.framework.TestResult.runProtected(TestResult.java:124)
	at junit.framework.TestResult.run(TestResult.java:109)
	at junit.framework.TestCase.run(TestCase.java:118)
	at junit.framework.TestSuite.runTest(TestSuite.java:208)
	at junit.framework.TestSuite.run(TestSuite.java:203)
	at junit.framework.TestSuite.runTest(TestSuite.java:208)
	at junit.framework.TestSuite.run(TestSuite.java:203)
	at junit.framework.TestSuite.runTest(TestSuite.java:208)
	at junit.framework.TestSuite.run(TestSuite.java:203)
	at org.apache.tools.ant.taskdefs.optional.junit.JUnitTestRunner.run(JUnitTestRunner.java:421)
	at org.apache.tools.ant.taskdefs.optional.junit.JUnitTestRunner.launch(JUnitTestRunner.java:912)
	at org.apache.tools.ant.taskdefs.optional.junit.JUnitTestRunner.main(JUnitTestRunner.java:766)
Exit from method [DigitalRunContestManagerBean#createTrackContest(TrackContest)]
com.topcoder.service.digitalrun.contest.MockTrackContestDAO.setLogger(com.topcoder.util.log.Log)
java.lang.NoSuchMethodException: com.topcoder.service.digitalrun.contest.MockTrackContestDAO.setLogger(com.topcoder.util.log.Log)
	at java.lang.Class.getMethod(Class.java:1581)
	at com.topcoder.service.digitalrun.contest.DigitalRunContestManagerBean.inject(DigitalRunContestManagerBean.java:490)
	at com.topcoder.service.digitalrun.contest.DigitalRunContestManagerBean.initialize(DigitalRunContestManagerBean.java:452)
	at com.topcoder.service.digitalrun.contest.DigitalRunContestManagerBeanUnitTests.setUp(DigitalRunContestManagerBeanUnitTests.java:51)
	at junit.framework.TestCase.runBare(TestCase.java:125)
	at junit.framework.TestResult$1.protect(TestResult.java:106)
	at junit.framework.TestResult.runProtected(TestResult.java:124)
	at junit.framework.TestResult.run(TestResult.java:109)
	at junit.framework.TestCase.run(TestCase.java:118)
	at junit.framework.TestSuite.runTest(TestSuite.java:208)
	at junit.framework.TestSuite.run(TestSuite.java:203)
	at junit.framework.TestSuite.runTest(TestSuite.java:208)
	at junit.framework.TestSuite.run(TestSuite.java:203)
	at junit.framework.TestSuite.runTest(TestSuite.java:208)
	at junit.framework.TestSuite.run(TestSuite.java:203)
	at org.apache.tools.ant.taskdefs.optional.junit.JUnitTestRunner.run(JUnitTestRunner.java:421)
	at org.apache.tools.ant.taskdefs.optional.junit.JUnitTestRunner.launch(JUnitTestRunner.java:912)
	at org.apache.tools.ant.taskdefs.optional.junit.JUnitTestRunner.main(JUnitTestRunner.java:766)
com.topcoder.service.digitalrun.contest.MockTrackContestTypeDAO.setLogger(com.topcoder.util.log.Log)
java.lang.NoSuchMethodException: com.topcoder.service.digitalrun.contest.MockTrackContestTypeDAO.setLogger(com.topcoder.util.log.Log)
	at java.lang.Class.getMethod(Class.java:1581)
	at com.topcoder.service.digitalrun.contest.DigitalRunContestManagerBean.inject(DigitalRunContestManagerBean.java:490)
	at com.topcoder.service.digitalrun.contest.DigitalRunContestManagerBean.initialize(DigitalRunContestManagerBean.java:453)
	at com.topcoder.service.digitalrun.contest.DigitalRunContestManagerBeanUnitTests.setUp(DigitalRunContestManagerBeanUnitTests.java:51)
	at junit.framework.TestCase.runBare(TestCase.java:125)
	at junit.framework.TestResult$1.protect(TestResult.java:106)
	at junit.framework.TestResult.runProtected(TestResult.java:124)
	at junit.framework.TestResult.run(TestResult.java:109)
	at junit.framework.TestCase.run(TestCase.java:118)
	at junit.framework.TestSuite.runTest(TestSuite.java:208)
	at junit.framework.TestSuite.run(TestSuite.java:203)
	at junit.framework.TestSuite.runTest(TestSuite.java:208)
	at junit.framework.TestSuite.run(TestSuite.java:203)
	at junit.framework.TestSuite.runTest(TestSuite.java:208)
	at junit.framework.TestSuite.run(TestSuite.java:203)
	at org.apache.tools.ant.taskdefs.optional.junit.JUnitTestRunner.run(JUnitTestRunner.java:421)
	at org.apache.tools.ant.taskdefs.optional.junit.JUnitTestRunner.launch(JUnitTestRunner.java:912)
	at org.apache.tools.ant.taskdefs.optional.junit.JUnitTestRunner.main(JUnitTestRunner.java:766)
com.topcoder.service.digitalrun.contest.MockResultCalculatorDAO.setLogger(com.topcoder.util.log.Log)
java.lang.NoSuchMethodException: com.topcoder.service.digitalrun.contest.MockResultCalculatorDAO.setLogger(com.topcoder.util.log.Log)
	at java.lang.Class.getMethod(Class.java:1581)
	at com.topcoder.service.digitalrun.contest.DigitalRunContestManagerBean.inject(DigitalRunContestManagerBean.java:490)
	at com.topcoder.service.digitalrun.contest.DigitalRunContestManagerBean.initialize(DigitalRunContestManagerBean.java:454)
	at com.topcoder.service.digitalrun.contest.DigitalRunContestManagerBeanUnitTests.setUp(DigitalRunContestManagerBeanUnitTests.java:51)
	at junit.framework.TestCase.runBare(TestCase.java:125)
	at junit.framework.TestResult$1.protect(TestResult.java:106)
	at junit.framework.TestResult.runProtected(TestResult.java:124)
	at junit.framework.TestResult.run(TestResult.java:109)
	at junit.framework.TestCase.run(TestCase.java:118)
	at junit.framework.TestSuite.runTest(TestSuite.java:208)
	at junit.framework.TestSuite.run(TestSuite.java:203)
	at junit.framework.TestSuite.runTest(TestSuite.java:208)
	at junit.framework.TestSuite.run(TestSuite.java:203)
	at junit.framework.TestSuite.runTest(TestSuite.java:208)
	at junit.framework.TestSuite.run(TestSuite.java:203)
	at org.apache.tools.ant.taskdefs.optional.junit.JUnitTestRunner.run(JUnitTestRunner.java:421)
	at org.apache.tools.ant.taskdefs.optional.junit.JUnitTestRunner.launch(JUnitTestRunner.java:912)
	at org.apache.tools.ant.taskdefs.optional.junit.JUnitTestRunner.main(JUnitTestRunner.java:766)
com.topcoder.service.digitalrun.contest.MockTrackContestDAO.setUnitName(java.lang.String)
java.lang.NoSuchMethodException: com.topcoder.service.digitalrun.contest.MockTrackContestDAO.setUnitName(java.lang.String)
	at java.lang.Class.getMethod(Class.java:1581)
	at com.topcoder.service.digitalrun.contest.DigitalRunContestManagerBean.inject(DigitalRunContestManagerBean.java:490)
	at com.topcoder.service.digitalrun.contest.DigitalRunContestManagerBean.initialize(DigitalRunContestManagerBean.java:457)
	at com.topcoder.service.digitalrun.contest.DigitalRunContestManagerBeanUnitTests.setUp(DigitalRunContestManagerBeanUnitTests.java:51)
	at junit.framework.TestCase.runBare(TestCase.java:125)
	at junit.framework.TestResult$1.protect(TestResult.java:106)
	at junit.framework.TestResult.runProtected(TestResult.java:124)
	at junit.framework.TestResult.run(TestResult.java:109)
	at junit.framework.TestCase.run(TestCase.java:118)
	at junit.framework.TestSuite.runTest(TestSuite.java:208)
	at junit.framework.TestSuite.run(TestSuite.java:203)
	at junit.framework.TestSuite.runTest(TestSuite.java:208)
	at junit.framework.TestSuite.run(TestSuite.java:203)
	at junit.framework.TestSuite.runTest(TestSuite.java:208)
	at junit.framework.TestSuite.run(TestSuite.java:203)
	at org.apache.tools.ant.taskdefs.optional.junit.JUnitTestRunner.run(JUnitTestRunner.java:421)
	at org.apache.tools.ant.taskdefs.optional.junit.JUnitTestRunner.launch(JUnitTestRunner.java:912)
	at org.apache.tools.ant.taskdefs.optional.junit.JUnitTestRunner.main(JUnitTestRunner.java:766)
com.topcoder.service.digitalrun.contest.MockTrackContestTypeDAO.setUnitName(java.lang.String)
java.lang.NoSuchMethodException: com.topcoder.service.digitalrun.contest.MockTrackContestTypeDAO.setUnitName(java.lang.String)
	at java.lang.Class.getMethod(Class.java:1581)
	at com.topcoder.service.digitalrun.contest.DigitalRunContestManagerBean.inject(DigitalRunContestManagerBean.java:490)
	at com.topcoder.service.digitalrun.contest.DigitalRunContestManagerBean.initialize(DigitalRunContestManagerBean.java:458)
	at com.topcoder.service.digitalrun.contest.DigitalRunContestManagerBeanUnitTests.setUp(DigitalRunContestManagerBeanUnitTests.java:51)
	at junit.framework.TestCase.runBare(TestCase.java:125)
	at junit.framework.TestResult$1.protect(TestResult.java:106)
	at junit.framework.TestResult.runProtected(TestResult.java:124)
	at junit.framework.TestResult.run(TestResult.java:109)
	at junit.framework.TestCase.run(TestCase.java:118)
	at junit.framework.TestSuite.runTest(TestSuite.java:208)
	at junit.framework.TestSuite.run(TestSuite.java:203)
	at junit.framework.TestSuite.runTest(TestSuite.java:208)
	at junit.framework.TestSuite.run(TestSuite.java:203)
	at junit.framework.TestSuite.runTest(TestSuite.java:208)
	at junit.framework.TestSuite.run(TestSuite.java:203)
	at org.apache.tools.ant.taskdefs.optional.junit.JUnitTestRunner.run(JUnitTestRunner.java:421)
	at org.apache.tools.ant.taskdefs.optional.junit.JUnitTestRunner.launch(JUnitTestRunner.java:912)
	at org.apache.tools.ant.taskdefs.optional.junit.JUnitTestRunner.main(JUnitTestRunner.java:766)
com.topcoder.service.digitalrun.contest.MockResultCalculatorDAO.setUnitName(java.lang.String)
java.lang.NoSuchMethodException: com.topcoder.service.digitalrun.contest.MockResultCalculatorDAO.setUnitName(java.lang.String)
	at java.lang.Class.getMethod(Class.java:1581)
	at com.topcoder.service.digitalrun.contest.DigitalRunContestManagerBean.inject(DigitalRunContestManagerBean.java:490)
	at com.topcoder.service.digitalrun.contest.DigitalRunContestManagerBean.initialize(DigitalRunContestManagerBean.java:459)
	at com.topcoder.service.digitalrun.contest.DigitalRunContestManagerBeanUnitTests.setUp(DigitalRunContestManagerBeanUnitTests.java:51)
	at junit.framework.TestCase.runBare(TestCase.java:125)
	at junit.framework.TestResult$1.protect(TestResult.java:106)
	at junit.framework.TestResult.runProtected(TestResult.java:124)
	at junit.framework.TestResult.run(TestResult.java:109)
	at junit.framework.TestCase.run(TestCase.java:118)
	at junit.framework.TestSuite.runTest(TestSuite.java:208)
	at junit.framework.TestSuite.run(TestSuite.java:203)
	at junit.framework.TestSuite.runTest(TestSuite.java:208)
	at junit.framework.TestSuite.run(TestSuite.java:203)
	at junit.framework.TestSuite.runTest(TestSuite.java:208)
	at junit.framework.TestSuite.run(TestSuite.java:203)
	at org.apache.tools.ant.taskdefs.optional.junit.JUnitTestRunner.run(JUnitTestRunner.java:421)
	at org.apache.tools.ant.taskdefs.optional.junit.JUnitTestRunner.launch(JUnitTestRunner.java:912)
	at org.apache.tools.ant.taskdefs.optional.junit.JUnitTestRunner.main(JUnitTestRunner.java:766)
com.topcoder.service.digitalrun.contest.MockTrackContestDAO.setSessionContext(javax.ejb.SessionContext)
java.lang.NoSuchMethodException: com.topcoder.service.digitalrun.contest.MockTrackContestDAO.setSessionContext(javax.ejb.SessionContext)
	at java.lang.Class.getMethod(Class.java:1581)
	at com.topcoder.service.digitalrun.contest.DigitalRunContestManagerBean.inject(DigitalRunContestManagerBean.java:490)
	at com.topcoder.service.digitalrun.contest.DigitalRunContestManagerBean.initialize(DigitalRunContestManagerBean.java:461)
	at com.topcoder.service.digitalrun.contest.DigitalRunContestManagerBeanUnitTests.setUp(DigitalRunContestManagerBeanUnitTests.java:51)
	at junit.framework.TestCase.runBare(TestCase.java:125)
	at junit.framework.TestResult$1.protect(TestResult.java:106)
	at junit.framework.TestResult.runProtected(TestResult.java:124)
	at junit.framework.TestResult.run(TestResult.java:109)
	at junit.framework.TestCase.run(TestCase.java:118)
	at junit.framework.TestSuite.runTest(TestSuite.java:208)
	at junit.framework.TestSuite.run(TestSuite.java:203)
	at junit.framework.TestSuite.runTest(TestSuite.java:208)
	at junit.framework.TestSuite.run(TestSuite.java:203)
	at junit.framework.TestSuite.runTest(TestSuite.java:208)
	at junit.framework.TestSuite.run(TestSuite.java:203)
	at org.apache.tools.ant.taskdefs.optional.junit.JUnitTestRunner.run(JUnitTestRunner.java:421)
	at org.apache.tools.ant.taskdefs.optional.junit.JUnitTestRunner.launch(JUnitTestRunner.java:912)
	at org.apache.tools.ant.taskdefs.optional.junit.JUnitTestRunner.main(JUnitTestRunner.java:766)
com.topcoder.service.digitalrun.contest.MockTrackContestTypeDAO.setSessionContext(javax.ejb.SessionContext)
java.lang.NoSuchMethodException: com.topcoder.service.digitalrun.contest.MockTrackContestTypeDAO.setSessionContext(javax.ejb.SessionContext)
	at java.lang.Class.getMethod(Class.java:1581)
	at com.topcoder.service.digitalrun.contest.DigitalRunContestManagerBean.inject(DigitalRunContestManagerBean.java:490)
	at com.topcoder.service.digitalrun.contest.DigitalRunContestManagerBean.initialize(DigitalRunContestManagerBean.java:462)
	at com.topcoder.service.digitalrun.contest.DigitalRunContestManagerBeanUnitTests.setUp(DigitalRunContestManagerBeanUnitTests.java:51)
	at junit.framework.TestCase.runBare(TestCase.java:125)
	at junit.framework.TestResult$1.protect(TestResult.java:106)
	at junit.framework.TestResult.runProtected(TestResult.java:124)
	at junit.framework.TestResult.run(TestResult.java:109)
	at junit.framework.TestCase.run(TestCase.java:118)
	at junit.framework.TestSuite.runTest(TestSuite.java:208)
	at junit.framework.TestSuite.run(TestSuite.java:203)
	at junit.framework.TestSuite.runTest(TestSuite.java:208)
	at junit.framework.TestSuite.run(TestSuite.java:203)
	at junit.framework.TestSuite.runTest(TestSuite.java:208)
	at junit.framework.TestSuite.run(TestSuite.java:203)
	at org.apache.tools.ant.taskdefs.optional.junit.JUnitTestRunner.run(JUnitTestRunner.java:421)
	at org.apache.tools.ant.taskdefs.optional.junit.JUnitTestRunner.launch(JUnitTestRunner.java:912)
	at org.apache.tools.ant.taskdefs.optional.junit.JUnitTestRunner.main(JUnitTestRunner.java:766)
com.topcoder.service.digitalrun.contest.MockResultCalculatorDAO.setSessionContext(javax.ejb.SessionContext)
java.lang.NoSuchMethodException: com.topcoder.service.digitalrun.contest.MockResultCalculatorDAO.setSessionContext(javax.ejb.SessionContext)
	at java.lang.Class.getMethod(Class.java:1581)
	at com.topcoder.service.digitalrun.contest.DigitalRunContestManagerBean.inject(DigitalRunContestManagerBean.java:490)
	at com.topcoder.service.digitalrun.contest.DigitalRunContestManagerBean.initialize(DigitalRunContestManagerBean.java:463)
	at com.topcoder.service.digitalrun.contest.DigitalRunContestManagerBeanUnitTests.setUp(DigitalRunContestManagerBeanUnitTests.java:51)
	at junit.framework.TestCase.runBare(TestCase.java:125)
	at junit.framework.TestResult$1.protect(TestResult.java:106)
	at junit.framework.TestResult.runProtected(TestResult.java:124)
	at junit.framework.TestResult.run(TestResult.java:109)
	at junit.framework.TestCase.run(TestCase.java:118)
	at junit.framework.TestSuite.runTest(TestSuite.java:208)
	at junit.framework.TestSuite.run(TestSuite.java:203)
	at junit.framework.TestSuite.runTest(TestSuite.java:208)
	at junit.framework.TestSuite.run(TestSuite.java:203)
	at junit.framework.TestSuite.runTest(TestSuite.java:208)
	at junit.framework.TestSuite.run(TestSuite.java:203)
	at org.apache.tools.ant.taskdefs.optional.junit.JUnitTestRunner.run(JUnitTestRunner.java:421)
	at org.apache.tools.ant.taskdefs.optional.junit.JUnitTestRunner.launch(JUnitTestRunner.java:912)
	at org.apache.tools.ant.taskdefs.optional.junit.JUnitTestRunner.main(JUnitTestRunner.java:766)
Enter into method [DigitalRunContestManagerBean#updateTrackContest(TrackContest)]
mock exception
com.topcoder.service.digitalrun.contest.PersistenceException: mock exception
	at com.topcoder.service.digitalrun.contest.MockTrackContestDAO.updateTrackContest(MockTrackContestDAO.java:82)
	at com.topcoder.service.digitalrun.contest.DigitalRunContestManagerBean.updateTrackContest(DigitalRunContestManagerBean.java:574)
	at com.topcoder.service.digitalrun.contest.DigitalRunContestManagerBeanUnitTests.testUpdateTrackContest(DigitalRunContestManagerBeanUnitTests.java:265)
	at sun.reflect.NativeMethodAccessorImpl.invoke0(Native Method)
	at sun.reflect.NativeMethodAccessorImpl.invoke(NativeMethodAccessorImpl.java:39)
	at sun.reflect.DelegatingMethodAccessorImpl.invoke(DelegatingMethodAccessorImpl.java:25)
	at java.lang.reflect.Method.invoke(Method.java:585)
	at junit.framework.TestCase.runTest(TestCase.java:154)
	at junit.framework.TestCase.runBare(TestCase.java:127)
	at junit.framework.TestResult$1.protect(TestResult.java:106)
	at junit.framework.TestResult.runProtected(TestResult.java:124)
	at junit.framework.TestResult.run(TestResult.java:109)
	at junit.framework.TestCase.run(TestCase.java:118)
	at junit.framework.TestSuite.runTest(TestSuite.java:208)
	at junit.framework.TestSuite.run(TestSuite.java:203)
	at junit.framework.TestSuite.runTest(TestSuite.java:208)
	at junit.framework.TestSuite.run(TestSuite.java:203)
	at junit.framework.TestSuite.runTest(TestSuite.java:208)
	at junit.framework.TestSuite.run(TestSuite.java:203)
	at org.apache.tools.ant.taskdefs.optional.junit.JUnitTestRunner.run(JUnitTestRunner.java:421)
	at org.apache.tools.ant.taskdefs.optional.junit.JUnitTestRunner.launch(JUnitTestRunner.java:912)
	at org.apache.tools.ant.taskdefs.optional.junit.JUnitTestRunner.main(JUnitTestRunner.java:766)
Exit from method [DigitalRunContestManagerBean#updateTrackContest(TrackContest)]
com.topcoder.service.digitalrun.contest.MockTrackContestDAO.setLogger(com.topcoder.util.log.Log)
java.lang.NoSuchMethodException: com.topcoder.service.digitalrun.contest.MockTrackContestDAO.setLogger(com.topcoder.util.log.Log)
	at java.lang.Class.getMethod(Class.java:1581)
	at com.topcoder.service.digitalrun.contest.DigitalRunContestManagerBean.inject(DigitalRunContestManagerBean.java:490)
	at com.topcoder.service.digitalrun.contest.DigitalRunContestManagerBean.initialize(DigitalRunContestManagerBean.java:452)
	at com.topcoder.service.digitalrun.contest.DigitalRunContestManagerBeanUnitTests.setUp(DigitalRunContestManagerBeanUnitTests.java:51)
	at junit.framework.TestCase.runBare(TestCase.java:125)
	at junit.framework.TestResult$1.protect(TestResult.java:106)
	at junit.framework.TestResult.runProtected(TestResult.java:124)
	at junit.framework.TestResult.run(TestResult.java:109)
	at junit.framework.TestCase.run(TestCase.java:118)
	at junit.framework.TestSuite.runTest(TestSuite.java:208)
	at junit.framework.TestSuite.run(TestSuite.java:203)
	at junit.framework.TestSuite.runTest(TestSuite.java:208)
	at junit.framework.TestSuite.run(TestSuite.java:203)
	at junit.framework.TestSuite.runTest(TestSuite.java:208)
	at junit.framework.TestSuite.run(TestSuite.java:203)
	at org.apache.tools.ant.taskdefs.optional.junit.JUnitTestRunner.run(JUnitTestRunner.java:421)
	at org.apache.tools.ant.taskdefs.optional.junit.JUnitTestRunner.launch(JUnitTestRunner.java:912)
	at org.apache.tools.ant.taskdefs.optional.junit.JUnitTestRunner.main(JUnitTestRunner.java:766)
com.topcoder.service.digitalrun.contest.MockTrackContestTypeDAO.setLogger(com.topcoder.util.log.Log)
java.lang.NoSuchMethodException: com.topcoder.service.digitalrun.contest.MockTrackContestTypeDAO.setLogger(com.topcoder.util.log.Log)
	at java.lang.Class.getMethod(Class.java:1581)
	at com.topcoder.service.digitalrun.contest.DigitalRunContestManagerBean.inject(DigitalRunContestManagerBean.java:490)
	at com.topcoder.service.digitalrun.contest.DigitalRunContestManagerBean.initialize(DigitalRunContestManagerBean.java:453)
	at com.topcoder.service.digitalrun.contest.DigitalRunContestManagerBeanUnitTests.setUp(DigitalRunContestManagerBeanUnitTests.java:51)
	at junit.framework.TestCase.runBare(TestCase.java:125)
	at junit.framework.TestResult$1.protect(TestResult.java:106)
	at junit.framework.TestResult.runProtected(TestResult.java:124)
	at junit.framework.TestResult.run(TestResult.java:109)
	at junit.framework.TestCase.run(TestCase.java:118)
	at junit.framework.TestSuite.runTest(TestSuite.java:208)
	at junit.framework.TestSuite.run(TestSuite.java:203)
	at junit.framework.TestSuite.runTest(TestSuite.java:208)
	at junit.framework.TestSuite.run(TestSuite.java:203)
	at junit.framework.TestSuite.runTest(TestSuite.java:208)
	at junit.framework.TestSuite.run(TestSuite.java:203)
	at org.apache.tools.ant.taskdefs.optional.junit.JUnitTestRunner.run(JUnitTestRunner.java:421)
	at org.apache.tools.ant.taskdefs.optional.junit.JUnitTestRunner.launch(JUnitTestRunner.java:912)
	at org.apache.tools.ant.taskdefs.optional.junit.JUnitTestRunner.main(JUnitTestRunner.java:766)
com.topcoder.service.digitalrun.contest.MockResultCalculatorDAO.setLogger(com.topcoder.util.log.Log)
java.lang.NoSuchMethodException: com.topcoder.service.digitalrun.contest.MockResultCalculatorDAO.setLogger(com.topcoder.util.log.Log)
	at java.lang.Class.getMethod(Class.java:1581)
	at com.topcoder.service.digitalrun.contest.DigitalRunContestManagerBean.inject(DigitalRunContestManagerBean.java:490)
	at com.topcoder.service.digitalrun.contest.DigitalRunContestManagerBean.initialize(DigitalRunContestManagerBean.java:454)
	at com.topcoder.service.digitalrun.contest.DigitalRunContestManagerBeanUnitTests.setUp(DigitalRunContestManagerBeanUnitTests.java:51)
	at junit.framework.TestCase.runBare(TestCase.java:125)
	at junit.framework.TestResult$1.protect(TestResult.java:106)
	at junit.framework.TestResult.runProtected(TestResult.java:124)
	at junit.framework.TestResult.run(TestResult.java:109)
	at junit.framework.TestCase.run(TestCase.java:118)
	at junit.framework.TestSuite.runTest(TestSuite.java:208)
	at junit.framework.TestSuite.run(TestSuite.java:203)
	at junit.framework.TestSuite.runTest(TestSuite.java:208)
	at junit.framework.TestSuite.run(TestSuite.java:203)
	at junit.framework.TestSuite.runTest(TestSuite.java:208)
	at junit.framework.TestSuite.run(TestSuite.java:203)
	at org.apache.tools.ant.taskdefs.optional.junit.JUnitTestRunner.run(JUnitTestRunner.java:421)
	at org.apache.tools.ant.taskdefs.optional.junit.JUnitTestRunner.launch(JUnitTestRunner.java:912)
	at org.apache.tools.ant.taskdefs.optional.junit.JUnitTestRunner.main(JUnitTestRunner.java:766)
com.topcoder.service.digitalrun.contest.MockTrackContestDAO.setUnitName(java.lang.String)
java.lang.NoSuchMethodException: com.topcoder.service.digitalrun.contest.MockTrackContestDAO.setUnitName(java.lang.String)
	at java.lang.Class.getMethod(Class.java:1581)
	at com.topcoder.service.digitalrun.contest.DigitalRunContestManagerBean.inject(DigitalRunContestManagerBean.java:490)
	at com.topcoder.service.digitalrun.contest.DigitalRunContestManagerBean.initialize(DigitalRunContestManagerBean.java:457)
	at com.topcoder.service.digitalrun.contest.DigitalRunContestManagerBeanUnitTests.setUp(DigitalRunContestManagerBeanUnitTests.java:51)
	at junit.framework.TestCase.runBare(TestCase.java:125)
	at junit.framework.TestResult$1.protect(TestResult.java:106)
	at junit.framework.TestResult.runProtected(TestResult.java:124)
	at junit.framework.TestResult.run(TestResult.java:109)
	at junit.framework.TestCase.run(TestCase.java:118)
	at junit.framework.TestSuite.runTest(TestSuite.java:208)
	at junit.framework.TestSuite.run(TestSuite.java:203)
	at junit.framework.TestSuite.runTest(TestSuite.java:208)
	at junit.framework.TestSuite.run(TestSuite.java:203)
	at junit.framework.TestSuite.runTest(TestSuite.java:208)
	at junit.framework.TestSuite.run(TestSuite.java:203)
	at org.apache.tools.ant.taskdefs.optional.junit.JUnitTestRunner.run(JUnitTestRunner.java:421)
	at org.apache.tools.ant.taskdefs.optional.junit.JUnitTestRunner.launch(JUnitTestRunner.java:912)
	at org.apache.tools.ant.taskdefs.optional.junit.JUnitTestRunner.main(JUnitTestRunner.java:766)
com.topcoder.service.digitalrun.contest.MockTrackContestTypeDAO.setUnitName(java.lang.String)
java.lang.NoSuchMethodException: com.topcoder.service.digitalrun.contest.MockTrackContestTypeDAO.setUnitName(java.lang.String)
	at java.lang.Class.getMethod(Class.java:1581)
	at com.topcoder.service.digitalrun.contest.DigitalRunContestManagerBean.inject(DigitalRunContestManagerBean.java:490)
	at com.topcoder.service.digitalrun.contest.DigitalRunContestManagerBean.initialize(DigitalRunContestManagerBean.java:458)
	at com.topcoder.service.digitalrun.contest.DigitalRunContestManagerBeanUnitTests.setUp(DigitalRunContestManagerBeanUnitTests.java:51)
	at junit.framework.TestCase.runBare(TestCase.java:125)
	at junit.framework.TestResult$1.protect(TestResult.java:106)
	at junit.framework.TestResult.runProtected(TestResult.java:124)
	at junit.framework.TestResult.run(TestResult.java:109)
	at junit.framework.TestCase.run(TestCase.java:118)
	at junit.framework.TestSuite.runTest(TestSuite.java:208)
	at junit.framework.TestSuite.run(TestSuite.java:203)
	at junit.framework.TestSuite.runTest(TestSuite.java:208)
	at junit.framework.TestSuite.run(TestSuite.java:203)
	at junit.framework.TestSuite.runTest(TestSuite.java:208)
	at junit.framework.TestSuite.run(TestSuite.java:203)
	at org.apache.tools.ant.taskdefs.optional.junit.JUnitTestRunner.run(JUnitTestRunner.java:421)
	at org.apache.tools.ant.taskdefs.optional.junit.JUnitTestRunner.launch(JUnitTestRunner.java:912)
	at org.apache.tools.ant.taskdefs.optional.junit.JUnitTestRunner.main(JUnitTestRunner.java:766)
com.topcoder.service.digitalrun.contest.MockResultCalculatorDAO.setUnitName(java.lang.String)
java.lang.NoSuchMethodException: com.topcoder.service.digitalrun.contest.MockResultCalculatorDAO.setUnitName(java.lang.String)
	at java.lang.Class.getMethod(Class.java:1581)
	at com.topcoder.service.digitalrun.contest.DigitalRunContestManagerBean.inject(DigitalRunContestManagerBean.java:490)
	at com.topcoder.service.digitalrun.contest.DigitalRunContestManagerBean.initialize(DigitalRunContestManagerBean.java:459)
	at com.topcoder.service.digitalrun.contest.DigitalRunContestManagerBeanUnitTests.setUp(DigitalRunContestManagerBeanUnitTests.java:51)
	at junit.framework.TestCase.runBare(TestCase.java:125)
	at junit.framework.TestResult$1.protect(TestResult.java:106)
	at junit.framework.TestResult.runProtected(TestResult.java:124)
	at junit.framework.TestResult.run(TestResult.java:109)
	at junit.framework.TestCase.run(TestCase.java:118)
	at junit.framework.TestSuite.runTest(TestSuite.java:208)
	at junit.framework.TestSuite.run(TestSuite.java:203)
	at junit.framework.TestSuite.runTest(TestSuite.java:208)
	at junit.framework.TestSuite.run(TestSuite.java:203)
	at junit.framework.TestSuite.runTest(TestSuite.java:208)
	at junit.framework.TestSuite.run(TestSuite.java:203)
	at org.apache.tools.ant.taskdefs.optional.junit.JUnitTestRunner.run(JUnitTestRunner.java:421)
	at org.apache.tools.ant.taskdefs.optional.junit.JUnitTestRunner.launch(JUnitTestRunner.java:912)
	at org.apache.tools.ant.taskdefs.optional.junit.JUnitTestRunner.main(JUnitTestRunner.java:766)
com.topcoder.service.digitalrun.contest.MockTrackContestDAO.setSessionContext(javax.ejb.SessionContext)
java.lang.NoSuchMethodException: com.topcoder.service.digitalrun.contest.MockTrackContestDAO.setSessionContext(javax.ejb.SessionContext)
	at java.lang.Class.getMethod(Class.java:1581)
	at com.topcoder.service.digitalrun.contest.DigitalRunContestManagerBean.inject(DigitalRunContestManagerBean.java:490)
	at com.topcoder.service.digitalrun.contest.DigitalRunContestManagerBean.initialize(DigitalRunContestManagerBean.java:461)
	at com.topcoder.service.digitalrun.contest.DigitalRunContestManagerBeanUnitTests.setUp(DigitalRunContestManagerBeanUnitTests.java:51)
	at junit.framework.TestCase.runBare(TestCase.java:125)
	at junit.framework.TestResult$1.protect(TestResult.java:106)
	at junit.framework.TestResult.runProtected(TestResult.java:124)
	at junit.framework.TestResult.run(TestResult.java:109)
	at junit.framework.TestCase.run(TestCase.java:118)
	at junit.framework.TestSuite.runTest(TestSuite.java:208)
	at junit.framework.TestSuite.run(TestSuite.java:203)
	at junit.framework.TestSuite.runTest(TestSuite.java:208)
	at junit.framework.TestSuite.run(TestSuite.java:203)
	at junit.framework.TestSuite.runTest(TestSuite.java:208)
	at junit.framework.TestSuite.run(TestSuite.java:203)
	at org.apache.tools.ant.taskdefs.optional.junit.JUnitTestRunner.run(JUnitTestRunner.java:421)
	at org.apache.tools.ant.taskdefs.optional.junit.JUnitTestRunner.launch(JUnitTestRunner.java:912)
	at org.apache.tools.ant.taskdefs.optional.junit.JUnitTestRunner.main(JUnitTestRunner.java:766)
com.topcoder.service.digitalrun.contest.MockTrackContestTypeDAO.setSessionContext(javax.ejb.SessionContext)
java.lang.NoSuchMethodException: com.topcoder.service.digitalrun.contest.MockTrackContestTypeDAO.setSessionContext(javax.ejb.SessionContext)
	at java.lang.Class.getMethod(Class.java:1581)
	at com.topcoder.service.digitalrun.contest.DigitalRunContestManagerBean.inject(DigitalRunContestManagerBean.java:490)
	at com.topcoder.service.digitalrun.contest.DigitalRunContestManagerBean.initialize(DigitalRunContestManagerBean.java:462)
	at com.topcoder.service.digitalrun.contest.DigitalRunContestManagerBeanUnitTests.setUp(DigitalRunContestManagerBeanUnitTests.java:51)
	at junit.framework.TestCase.runBare(TestCase.java:125)
	at junit.framework.TestResult$1.protect(TestResult.java:106)
	at junit.framework.TestResult.runProtected(TestResult.java:124)
	at junit.framework.TestResult.run(TestResult.java:109)
	at junit.framework.TestCase.run(TestCase.java:118)
	at junit.framework.TestSuite.runTest(TestSuite.java:208)
	at junit.framework.TestSuite.run(TestSuite.java:203)
	at junit.framework.TestSuite.runTest(TestSuite.java:208)
	at junit.framework.TestSuite.run(TestSuite.java:203)
	at junit.framework.TestSuite.runTest(TestSuite.java:208)
	at junit.framework.TestSuite.run(TestSuite.java:203)
	at org.apache.tools.ant.taskdefs.optional.junit.JUnitTestRunner.run(JUnitTestRunner.java:421)
	at org.apache.tools.ant.taskdefs.optional.junit.JUnitTestRunner.launch(JUnitTestRunner.java:912)
	at org.apache.tools.ant.taskdefs.optional.junit.JUnitTestRunner.main(JUnitTestRunner.java:766)
com.topcoder.service.digitalrun.contest.MockResultCalculatorDAO.setSessionContext(javax.ejb.SessionContext)
java.lang.NoSuchMethodException: com.topcoder.service.digitalrun.contest.MockResultCalculatorDAO.setSessionContext(javax.ejb.SessionContext)
	at java.lang.Class.getMethod(Class.java:1581)
	at com.topcoder.service.digitalrun.contest.DigitalRunContestManagerBean.inject(DigitalRunContestManagerBean.java:490)
	at com.topcoder.service.digitalrun.contest.DigitalRunContestManagerBean.initialize(DigitalRunContestManagerBean.java:463)
	at com.topcoder.service.digitalrun.contest.DigitalRunContestManagerBeanUnitTests.setUp(DigitalRunContestManagerBeanUnitTests.java:51)
	at junit.framework.TestCase.runBare(TestCase.java:125)
	at junit.framework.TestResult$1.protect(TestResult.java:106)
	at junit.framework.TestResult.runProtected(TestResult.java:124)
	at junit.framework.TestResult.run(TestResult.java:109)
	at junit.framework.TestCase.run(TestCase.java:118)
	at junit.framework.TestSuite.runTest(TestSuite.java:208)
	at junit.framework.TestSuite.run(TestSuite.java:203)
	at junit.framework.TestSuite.runTest(TestSuite.java:208)
	at junit.framework.TestSuite.run(TestSuite.java:203)
	at junit.framework.TestSuite.runTest(TestSuite.java:208)
	at junit.framework.TestSuite.run(TestSuite.java:203)
	at org.apache.tools.ant.taskdefs.optional.junit.JUnitTestRunner.run(JUnitTestRunner.java:421)
	at org.apache.tools.ant.taskdefs.optional.junit.JUnitTestRunner.launch(JUnitTestRunner.java:912)
	at org.apache.tools.ant.taskdefs.optional.junit.JUnitTestRunner.main(JUnitTestRunner.java:766)
Enter into method [DigitalRunContestManagerBean#getTrackContest(long)]
mock exception
com.topcoder.service.digitalrun.contest.PersistenceException: mock exception
	at com.topcoder.service.digitalrun.contest.MockTrackContestDAO.getTrackContest(MockTrackContestDAO.java:52)
	at com.topcoder.service.digitalrun.contest.DigitalRunContestManagerBean.getTrackContest(DigitalRunContestManagerBean.java:638)
	at com.topcoder.service.digitalrun.contest.DigitalRunContestManagerBeanUnitTests.testGetTrackContest(DigitalRunContestManagerBeanUnitTests.java:283)
	at sun.reflect.NativeMethodAccessorImpl.invoke0(Native Method)
	at sun.reflect.NativeMethodAccessorImpl.invoke(NativeMethodAccessorImpl.java:39)
	at sun.reflect.DelegatingMethodAccessorImpl.invoke(DelegatingMethodAccessorImpl.java:25)
	at java.lang.reflect.Method.invoke(Method.java:585)
	at junit.framework.TestCase.runTest(TestCase.java:154)
	at junit.framework.TestCase.runBare(TestCase.java:127)
	at junit.framework.TestResult$1.protect(TestResult.java:106)
	at junit.framework.TestResult.runProtected(TestResult.java:124)
	at junit.framework.TestResult.run(TestResult.java:109)
	at junit.framework.TestCase.run(TestCase.java:118)
	at junit.framework.TestSuite.runTest(TestSuite.java:208)
	at junit.framework.TestSuite.run(TestSuite.java:203)
	at junit.framework.TestSuite.runTest(TestSuite.java:208)
	at junit.framework.TestSuite.run(TestSuite.java:203)
	at junit.framework.TestSuite.runTest(TestSuite.java:208)
	at junit.framework.TestSuite.run(TestSuite.java:203)
	at org.apache.tools.ant.taskdefs.optional.junit.JUnitTestRunner.run(JUnitTestRunner.java:421)
	at org.apache.tools.ant.taskdefs.optional.junit.JUnitTestRunner.launch(JUnitTestRunner.java:912)
	at org.apache.tools.ant.taskdefs.optional.junit.JUnitTestRunner.main(JUnitTestRunner.java:766)
Exit from method [DigitalRunContestManagerBean#getTrackContest(long)]
com.topcoder.service.digitalrun.contest.MockTrackContestDAO.setLogger(com.topcoder.util.log.Log)
java.lang.NoSuchMethodException: com.topcoder.service.digitalrun.contest.MockTrackContestDAO.setLogger(com.topcoder.util.log.Log)
	at java.lang.Class.getMethod(Class.java:1581)
	at com.topcoder.service.digitalrun.contest.DigitalRunContestManagerBean.inject(DigitalRunContestManagerBean.java:490)
	at com.topcoder.service.digitalrun.contest.DigitalRunContestManagerBean.initialize(DigitalRunContestManagerBean.java:452)
	at com.topcoder.service.digitalrun.contest.DigitalRunContestManagerBeanUnitTests.setUp(DigitalRunContestManagerBeanUnitTests.java:51)
	at junit.framework.TestCase.runBare(TestCase.java:125)
	at junit.framework.TestResult$1.protect(TestResult.java:106)
	at junit.framework.TestResult.runProtected(TestResult.java:124)
	at junit.framework.TestResult.run(TestResult.java:109)
	at junit.framework.TestCase.run(TestCase.java:118)
	at junit.framework.TestSuite.runTest(TestSuite.java:208)
	at junit.framework.TestSuite.run(TestSuite.java:203)
	at junit.framework.TestSuite.runTest(TestSuite.java:208)
	at junit.framework.TestSuite.run(TestSuite.java:203)
	at junit.framework.TestSuite.runTest(TestSuite.java:208)
	at junit.framework.TestSuite.run(TestSuite.java:203)
	at org.apache.tools.ant.taskdefs.optional.junit.JUnitTestRunner.run(JUnitTestRunner.java:421)
	at org.apache.tools.ant.taskdefs.optional.junit.JUnitTestRunner.launch(JUnitTestRunner.java:912)
	at org.apache.tools.ant.taskdefs.optional.junit.JUnitTestRunner.main(JUnitTestRunner.java:766)
com.topcoder.service.digitalrun.contest.MockTrackContestTypeDAO.setLogger(com.topcoder.util.log.Log)
java.lang.NoSuchMethodException: com.topcoder.service.digitalrun.contest.MockTrackContestTypeDAO.setLogger(com.topcoder.util.log.Log)
	at java.lang.Class.getMethod(Class.java:1581)
	at com.topcoder.service.digitalrun.contest.DigitalRunContestManagerBean.inject(DigitalRunContestManagerBean.java:490)
	at com.topcoder.service.digitalrun.contest.DigitalRunContestManagerBean.initialize(DigitalRunContestManagerBean.java:453)
	at com.topcoder.service.digitalrun.contest.DigitalRunContestManagerBeanUnitTests.setUp(DigitalRunContestManagerBeanUnitTests.java:51)
	at junit.framework.TestCase.runBare(TestCase.java:125)
	at junit.framework.TestResult$1.protect(TestResult.java:106)
	at junit.framework.TestResult.runProtected(TestResult.java:124)
	at junit.framework.TestResult.run(TestResult.java:109)
	at junit.framework.TestCase.run(TestCase.java:118)
	at junit.framework.TestSuite.runTest(TestSuite.java:208)
	at junit.framework.TestSuite.run(TestSuite.java:203)
	at junit.framework.TestSuite.runTest(TestSuite.java:208)
	at junit.framework.TestSuite.run(TestSuite.java:203)
	at junit.framework.TestSuite.runTest(TestSuite.java:208)
	at junit.framework.TestSuite.run(TestSuite.java:203)
	at org.apache.tools.ant.taskdefs.optional.junit.JUnitTestRunner.run(JUnitTestRunner.java:421)
	at org.apache.tools.ant.taskdefs.optional.junit.JUnitTestRunner.launch(JUnitTestRunner.java:912)
	at org.apache.tools.ant.taskdefs.optional.junit.JUnitTestRunner.main(JUnitTestRunner.java:766)
com.topcoder.service.digitalrun.contest.MockResultCalculatorDAO.setLogger(com.topcoder.util.log.Log)
java.lang.NoSuchMethodException: com.topcoder.service.digitalrun.contest.MockResultCalculatorDAO.setLogger(com.topcoder.util.log.Log)
	at java.lang.Class.getMethod(Class.java:1581)
	at com.topcoder.service.digitalrun.contest.DigitalRunContestManagerBean.inject(DigitalRunContestManagerBean.java:490)
	at com.topcoder.service.digitalrun.contest.DigitalRunContestManagerBean.initialize(DigitalRunContestManagerBean.java:454)
	at com.topcoder.service.digitalrun.contest.DigitalRunContestManagerBeanUnitTests.setUp(DigitalRunContestManagerBeanUnitTests.java:51)
	at junit.framework.TestCase.runBare(TestCase.java:125)
	at junit.framework.TestResult$1.protect(TestResult.java:106)
	at junit.framework.TestResult.runProtected(TestResult.java:124)
	at junit.framework.TestResult.run(TestResult.java:109)
	at junit.framework.TestCase.run(TestCase.java:118)
	at junit.framework.TestSuite.runTest(TestSuite.java:208)
	at junit.framework.TestSuite.run(TestSuite.java:203)
	at junit.framework.TestSuite.runTest(TestSuite.java:208)
	at junit.framework.TestSuite.run(TestSuite.java:203)
	at junit.framework.TestSuite.runTest(TestSuite.java:208)
	at junit.framework.TestSuite.run(TestSuite.java:203)
	at org.apache.tools.ant.taskdefs.optional.junit.JUnitTestRunner.run(JUnitTestRunner.java:421)
	at org.apache.tools.ant.taskdefs.optional.junit.JUnitTestRunner.launch(JUnitTestRunner.java:912)
	at org.apache.tools.ant.taskdefs.optional.junit.JUnitTestRunner.main(JUnitTestRunner.java:766)
com.topcoder.service.digitalrun.contest.MockTrackContestDAO.setUnitName(java.lang.String)
java.lang.NoSuchMethodException: com.topcoder.service.digitalrun.contest.MockTrackContestDAO.setUnitName(java.lang.String)
	at java.lang.Class.getMethod(Class.java:1581)
	at com.topcoder.service.digitalrun.contest.DigitalRunContestManagerBean.inject(DigitalRunContestManagerBean.java:490)
	at com.topcoder.service.digitalrun.contest.DigitalRunContestManagerBean.initialize(DigitalRunContestManagerBean.java:457)
	at com.topcoder.service.digitalrun.contest.DigitalRunContestManagerBeanUnitTests.setUp(DigitalRunContestManagerBeanUnitTests.java:51)
	at junit.framework.TestCase.runBare(TestCase.java:125)
	at junit.framework.TestResult$1.protect(TestResult.java:106)
	at junit.framework.TestResult.runProtected(TestResult.java:124)
	at junit.framework.TestResult.run(TestResult.java:109)
	at junit.framework.TestCase.run(TestCase.java:118)
	at junit.framework.TestSuite.runTest(TestSuite.java:208)
	at junit.framework.TestSuite.run(TestSuite.java:203)
	at junit.framework.TestSuite.runTest(TestSuite.java:208)
	at junit.framework.TestSuite.run(TestSuite.java:203)
	at junit.framework.TestSuite.runTest(TestSuite.java:208)
	at junit.framework.TestSuite.run(TestSuite.java:203)
	at org.apache.tools.ant.taskdefs.optional.junit.JUnitTestRunner.run(JUnitTestRunner.java:421)
	at org.apache.tools.ant.taskdefs.optional.junit.JUnitTestRunner.launch(JUnitTestRunner.java:912)
	at org.apache.tools.ant.taskdefs.optional.junit.JUnitTestRunner.main(JUnitTestRunner.java:766)
com.topcoder.service.digitalrun.contest.MockTrackContestTypeDAO.setUnitName(java.lang.String)
java.lang.NoSuchMethodException: com.topcoder.service.digitalrun.contest.MockTrackContestTypeDAO.setUnitName(java.lang.String)
	at java.lang.Class.getMethod(Class.java:1581)
	at com.topcoder.service.digitalrun.contest.DigitalRunContestManagerBean.inject(DigitalRunContestManagerBean.java:490)
	at com.topcoder.service.digitalrun.contest.DigitalRunContestManagerBean.initialize(DigitalRunContestManagerBean.java:458)
	at com.topcoder.service.digitalrun.contest.DigitalRunContestManagerBeanUnitTests.setUp(DigitalRunContestManagerBeanUnitTests.java:51)
	at junit.framework.TestCase.runBare(TestCase.java:125)
	at junit.framework.TestResult$1.protect(TestResult.java:106)
	at junit.framework.TestResult.runProtected(TestResult.java:124)
	at junit.framework.TestResult.run(TestResult.java:109)
	at junit.framework.TestCase.run(TestCase.java:118)
	at junit.framework.TestSuite.runTest(TestSuite.java:208)
	at junit.framework.TestSuite.run(TestSuite.java:203)
	at junit.framework.TestSuite.runTest(TestSuite.java:208)
	at junit.framework.TestSuite.run(TestSuite.java:203)
	at junit.framework.TestSuite.runTest(TestSuite.java:208)
	at junit.framework.TestSuite.run(TestSuite.java:203)
	at org.apache.tools.ant.taskdefs.optional.junit.JUnitTestRunner.run(JUnitTestRunner.java:421)
	at org.apache.tools.ant.taskdefs.optional.junit.JUnitTestRunner.launch(JUnitTestRunner.java:912)
	at org.apache.tools.ant.taskdefs.optional.junit.JUnitTestRunner.main(JUnitTestRunner.java:766)
com.topcoder.service.digitalrun.contest.MockResultCalculatorDAO.setUnitName(java.lang.String)
java.lang.NoSuchMethodException: com.topcoder.service.digitalrun.contest.MockResultCalculatorDAO.setUnitName(java.lang.String)
	at java.lang.Class.getMethod(Class.java:1581)
	at com.topcoder.service.digitalrun.contest.DigitalRunContestManagerBean.inject(DigitalRunContestManagerBean.java:490)
	at com.topcoder.service.digitalrun.contest.DigitalRunContestManagerBean.initialize(DigitalRunContestManagerBean.java:459)
	at com.topcoder.service.digitalrun.contest.DigitalRunContestManagerBeanUnitTests.setUp(DigitalRunContestManagerBeanUnitTests.java:51)
	at junit.framework.TestCase.runBare(TestCase.java:125)
	at junit.framework.TestResult$1.protect(TestResult.java:106)
	at junit.framework.TestResult.runProtected(TestResult.java:124)
	at junit.framework.TestResult.run(TestResult.java:109)
	at junit.framework.TestCase.run(TestCase.java:118)
	at junit.framework.TestSuite.runTest(TestSuite.java:208)
	at junit.framework.TestSuite.run(TestSuite.java:203)
	at junit.framework.TestSuite.runTest(TestSuite.java:208)
	at junit.framework.TestSuite.run(TestSuite.java:203)
	at junit.framework.TestSuite.runTest(TestSuite.java:208)
	at junit.framework.TestSuite.run(TestSuite.java:203)
	at org.apache.tools.ant.taskdefs.optional.junit.JUnitTestRunner.run(JUnitTestRunner.java:421)
	at org.apache.tools.ant.taskdefs.optional.junit.JUnitTestRunner.launch(JUnitTestRunner.java:912)
	at org.apache.tools.ant.taskdefs.optional.junit.JUnitTestRunner.main(JUnitTestRunner.java:766)
com.topcoder.service.digitalrun.contest.MockTrackContestDAO.setSessionContext(javax.ejb.SessionContext)
java.lang.NoSuchMethodException: com.topcoder.service.digitalrun.contest.MockTrackContestDAO.setSessionContext(javax.ejb.SessionContext)
	at java.lang.Class.getMethod(Class.java:1581)
	at com.topcoder.service.digitalrun.contest.DigitalRunContestManagerBean.inject(DigitalRunContestManagerBean.java:490)
	at com.topcoder.service.digitalrun.contest.DigitalRunContestManagerBean.initialize(DigitalRunContestManagerBean.java:461)
	at com.topcoder.service.digitalrun.contest.DigitalRunContestManagerBeanUnitTests.setUp(DigitalRunContestManagerBeanUnitTests.java:51)
	at junit.framework.TestCase.runBare(TestCase.java:125)
	at junit.framework.TestResult$1.protect(TestResult.java:106)
	at junit.framework.TestResult.runProtected(TestResult.java:124)
	at junit.framework.TestResult.run(TestResult.java:109)
	at junit.framework.TestCase.run(TestCase.java:118)
	at junit.framework.TestSuite.runTest(TestSuite.java:208)
	at junit.framework.TestSuite.run(TestSuite.java:203)
	at junit.framework.TestSuite.runTest(TestSuite.java:208)
	at junit.framework.TestSuite.run(TestSuite.java:203)
	at junit.framework.TestSuite.runTest(TestSuite.java:208)
	at junit.framework.TestSuite.run(TestSuite.java:203)
	at org.apache.tools.ant.taskdefs.optional.junit.JUnitTestRunner.run(JUnitTestRunner.java:421)
	at org.apache.tools.ant.taskdefs.optional.junit.JUnitTestRunner.launch(JUnitTestRunner.java:912)
	at org.apache.tools.ant.taskdefs.optional.junit.JUnitTestRunner.main(JUnitTestRunner.java:766)
com.topcoder.service.digitalrun.contest.MockTrackContestTypeDAO.setSessionContext(javax.ejb.SessionContext)
java.lang.NoSuchMethodException: com.topcoder.service.digitalrun.contest.MockTrackContestTypeDAO.setSessionContext(javax.ejb.SessionContext)
	at java.lang.Class.getMethod(Class.java:1581)
	at com.topcoder.service.digitalrun.contest.DigitalRunContestManagerBean.inject(DigitalRunContestManagerBean.java:490)
	at com.topcoder.service.digitalrun.contest.DigitalRunContestManagerBean.initialize(DigitalRunContestManagerBean.java:462)
	at com.topcoder.service.digitalrun.contest.DigitalRunContestManagerBeanUnitTests.setUp(DigitalRunContestManagerBeanUnitTests.java:51)
	at junit.framework.TestCase.runBare(TestCase.java:125)
	at junit.framework.TestResult$1.protect(TestResult.java:106)
	at junit.framework.TestResult.runProtected(TestResult.java:124)
	at junit.framework.TestResult.run(TestResult.java:109)
	at junit.framework.TestCase.run(TestCase.java:118)
	at junit.framework.TestSuite.runTest(TestSuite.java:208)
	at junit.framework.TestSuite.run(TestSuite.java:203)
	at junit.framework.TestSuite.runTest(TestSuite.java:208)
	at junit.framework.TestSuite.run(TestSuite.java:203)
	at junit.framework.TestSuite.runTest(TestSuite.java:208)
	at junit.framework.TestSuite.run(TestSuite.java:203)
	at org.apache.tools.ant.taskdefs.optional.junit.JUnitTestRunner.run(JUnitTestRunner.java:421)
	at org.apache.tools.ant.taskdefs.optional.junit.JUnitTestRunner.launch(JUnitTestRunner.java:912)
	at org.apache.tools.ant.taskdefs.optional.junit.JUnitTestRunner.main(JUnitTestRunner.java:766)
com.topcoder.service.digitalrun.contest.MockResultCalculatorDAO.setSessionContext(javax.ejb.SessionContext)
java.lang.NoSuchMethodException: com.topcoder.service.digitalrun.contest.MockResultCalculatorDAO.setSessionContext(javax.ejb.SessionContext)
	at java.lang.Class.getMethod(Class.java:1581)
	at com.topcoder.service.digitalrun.contest.DigitalRunContestManagerBean.inject(DigitalRunContestManagerBean.java:490)
	at com.topcoder.service.digitalrun.contest.DigitalRunContestManagerBean.initialize(DigitalRunContestManagerBean.java:463)
	at com.topcoder.service.digitalrun.contest.DigitalRunContestManagerBeanUnitTests.setUp(DigitalRunContestManagerBeanUnitTests.java:51)
	at junit.framework.TestCase.runBare(TestCase.java:125)
	at junit.framework.TestResult$1.protect(TestResult.java:106)
	at junit.framework.TestResult.runProtected(TestResult.java:124)
	at junit.framework.TestResult.run(TestResult.java:109)
	at junit.framework.TestCase.run(TestCase.java:118)
	at junit.framework.TestSuite.runTest(TestSuite.java:208)
	at junit.framework.TestSuite.run(TestSuite.java:203)
	at junit.framework.TestSuite.runTest(TestSuite.java:208)
	at junit.framework.TestSuite.run(TestSuite.java:203)
	at junit.framework.TestSuite.runTest(TestSuite.java:208)
	at junit.framework.TestSuite.run(TestSuite.java:203)
	at org.apache.tools.ant.taskdefs.optional.junit.JUnitTestRunner.run(JUnitTestRunner.java:421)
	at org.apache.tools.ant.taskdefs.optional.junit.JUnitTestRunner.launch(JUnitTestRunner.java:912)
	at org.apache.tools.ant.taskdefs.optional.junit.JUnitTestRunner.main(JUnitTestRunner.java:766)
Enter into method [DigitalRunContestManagerBean#removeTrackContest(long)]
mock exception
com.topcoder.service.digitalrun.contest.PersistenceException: mock exception
	at com.topcoder.service.digitalrun.contest.MockTrackContestDAO.removeTrackContest(MockTrackContestDAO.java:67)
	at com.topcoder.service.digitalrun.contest.DigitalRunContestManagerBean.removeTrackContest(DigitalRunContestManagerBean.java:611)
	at com.topcoder.service.digitalrun.contest.DigitalRunContestManagerBeanUnitTests.testRemoveTrackContest(DigitalRunContestManagerBeanUnitTests.java:301)
	at sun.reflect.NativeMethodAccessorImpl.invoke0(Native Method)
	at sun.reflect.NativeMethodAccessorImpl.invoke(NativeMethodAccessorImpl.java:39)
	at sun.reflect.DelegatingMethodAccessorImpl.invoke(DelegatingMethodAccessorImpl.java:25)
	at java.lang.reflect.Method.invoke(Method.java:585)
	at junit.framework.TestCase.runTest(TestCase.java:154)
	at junit.framework.TestCase.runBare(TestCase.java:127)
	at junit.framework.TestResult$1.protect(TestResult.java:106)
	at junit.framework.TestResult.runProtected(TestResult.java:124)
	at junit.framework.TestResult.run(TestResult.java:109)
	at junit.framework.TestCase.run(TestCase.java:118)
	at junit.framework.TestSuite.runTest(TestSuite.java:208)
	at junit.framework.TestSuite.run(TestSuite.java:203)
	at junit.framework.TestSuite.runTest(TestSuite.java:208)
	at junit.framework.TestSuite.run(TestSuite.java:203)
	at junit.framework.TestSuite.runTest(TestSuite.java:208)
	at junit.framework.TestSuite.run(TestSuite.java:203)
	at org.apache.tools.ant.taskdefs.optional.junit.JUnitTestRunner.run(JUnitTestRunner.java:421)
	at org.apache.tools.ant.taskdefs.optional.junit.JUnitTestRunner.launch(JUnitTestRunner.java:912)
	at org.apache.tools.ant.taskdefs.optional.junit.JUnitTestRunner.main(JUnitTestRunner.java:766)
Exit from method [DigitalRunContestManagerBean#removeTrackContest(long)]
com.topcoder.service.digitalrun.contest.MockTrackContestDAO.setLogger(com.topcoder.util.log.Log)
java.lang.NoSuchMethodException: com.topcoder.service.digitalrun.contest.MockTrackContestDAO.setLogger(com.topcoder.util.log.Log)
	at java.lang.Class.getMethod(Class.java:1581)
	at com.topcoder.service.digitalrun.contest.DigitalRunContestManagerBean.inject(DigitalRunContestManagerBean.java:490)
	at com.topcoder.service.digitalrun.contest.DigitalRunContestManagerBean.initialize(DigitalRunContestManagerBean.java:452)
	at com.topcoder.service.digitalrun.contest.DigitalRunContestManagerBeanUnitTests.setUp(DigitalRunContestManagerBeanUnitTests.java:51)
	at junit.framework.TestCase.runBare(TestCase.java:125)
	at junit.framework.TestResult$1.protect(TestResult.java:106)
	at junit.framework.TestResult.runProtected(TestResult.java:124)
	at junit.framework.TestResult.run(TestResult.java:109)
	at junit.framework.TestCase.run(TestCase.java:118)
	at junit.framework.TestSuite.runTest(TestSuite.java:208)
	at junit.framework.TestSuite.run(TestSuite.java:203)
	at junit.framework.TestSuite.runTest(TestSuite.java:208)
	at junit.framework.TestSuite.run(TestSuite.java:203)
	at junit.framework.TestSuite.runTest(TestSuite.java:208)
	at junit.framework.TestSuite.run(TestSuite.java:203)
	at org.apache.tools.ant.taskdefs.optional.junit.JUnitTestRunner.run(JUnitTestRunner.java:421)
	at org.apache.tools.ant.taskdefs.optional.junit.JUnitTestRunner.launch(JUnitTestRunner.java:912)
	at org.apache.tools.ant.taskdefs.optional.junit.JUnitTestRunner.main(JUnitTestRunner.java:766)
com.topcoder.service.digitalrun.contest.MockTrackContestTypeDAO.setLogger(com.topcoder.util.log.Log)
java.lang.NoSuchMethodException: com.topcoder.service.digitalrun.contest.MockTrackContestTypeDAO.setLogger(com.topcoder.util.log.Log)
	at java.lang.Class.getMethod(Class.java:1581)
	at com.topcoder.service.digitalrun.contest.DigitalRunContestManagerBean.inject(DigitalRunContestManagerBean.java:490)
	at com.topcoder.service.digitalrun.contest.DigitalRunContestManagerBean.initialize(DigitalRunContestManagerBean.java:453)
	at com.topcoder.service.digitalrun.contest.DigitalRunContestManagerBeanUnitTests.setUp(DigitalRunContestManagerBeanUnitTests.java:51)
	at junit.framework.TestCase.runBare(TestCase.java:125)
	at junit.framework.TestResult$1.protect(TestResult.java:106)
	at junit.framework.TestResult.runProtected(TestResult.java:124)
	at junit.framework.TestResult.run(TestResult.java:109)
	at junit.framework.TestCase.run(TestCase.java:118)
	at junit.framework.TestSuite.runTest(TestSuite.java:208)
	at junit.framework.TestSuite.run(TestSuite.java:203)
	at junit.framework.TestSuite.runTest(TestSuite.java:208)
	at junit.framework.TestSuite.run(TestSuite.java:203)
	at junit.framework.TestSuite.runTest(TestSuite.java:208)
	at junit.framework.TestSuite.run(TestSuite.java:203)
	at org.apache.tools.ant.taskdefs.optional.junit.JUnitTestRunner.run(JUnitTestRunner.java:421)
	at org.apache.tools.ant.taskdefs.optional.junit.JUnitTestRunner.launch(JUnitTestRunner.java:912)
	at org.apache.tools.ant.taskdefs.optional.junit.JUnitTestRunner.main(JUnitTestRunner.java:766)
com.topcoder.service.digitalrun.contest.MockResultCalculatorDAO.setLogger(com.topcoder.util.log.Log)
java.lang.NoSuchMethodException: com.topcoder.service.digitalrun.contest.MockResultCalculatorDAO.setLogger(com.topcoder.util.log.Log)
	at java.lang.Class.getMethod(Class.java:1581)
	at com.topcoder.service.digitalrun.contest.DigitalRunContestManagerBean.inject(DigitalRunContestManagerBean.java:490)
	at com.topcoder.service.digitalrun.contest.DigitalRunContestManagerBean.initialize(DigitalRunContestManagerBean.java:454)
	at com.topcoder.service.digitalrun.contest.DigitalRunContestManagerBeanUnitTests.setUp(DigitalRunContestManagerBeanUnitTests.java:51)
	at junit.framework.TestCase.runBare(TestCase.java:125)
	at junit.framework.TestResult$1.protect(TestResult.java:106)
	at junit.framework.TestResult.runProtected(TestResult.java:124)
	at junit.framework.TestResult.run(TestResult.java:109)
	at junit.framework.TestCase.run(TestCase.java:118)
	at junit.framework.TestSuite.runTest(TestSuite.java:208)
	at junit.framework.TestSuite.run(TestSuite.java:203)
	at junit.framework.TestSuite.runTest(TestSuite.java:208)
	at junit.framework.TestSuite.run(TestSuite.java:203)
	at junit.framework.TestSuite.runTest(TestSuite.java:208)
	at junit.framework.TestSuite.run(TestSuite.java:203)
	at org.apache.tools.ant.taskdefs.optional.junit.JUnitTestRunner.run(JUnitTestRunner.java:421)
	at org.apache.tools.ant.taskdefs.optional.junit.JUnitTestRunner.launch(JUnitTestRunner.java:912)
	at org.apache.tools.ant.taskdefs.optional.junit.JUnitTestRunner.main(JUnitTestRunner.java:766)
com.topcoder.service.digitalrun.contest.MockTrackContestDAO.setUnitName(java.lang.String)
java.lang.NoSuchMethodException: com.topcoder.service.digitalrun.contest.MockTrackContestDAO.setUnitName(java.lang.String)
	at java.lang.Class.getMethod(Class.java:1581)
	at com.topcoder.service.digitalrun.contest.DigitalRunContestManagerBean.inject(DigitalRunContestManagerBean.java:490)
	at com.topcoder.service.digitalrun.contest.DigitalRunContestManagerBean.initialize(DigitalRunContestManagerBean.java:457)
	at com.topcoder.service.digitalrun.contest.DigitalRunContestManagerBeanUnitTests.setUp(DigitalRunContestManagerBeanUnitTests.java:51)
	at junit.framework.TestCase.runBare(TestCase.java:125)
	at junit.framework.TestResult$1.protect(TestResult.java:106)
	at junit.framework.TestResult.runProtected(TestResult.java:124)
	at junit.framework.TestResult.run(TestResult.java:109)
	at junit.framework.TestCase.run(TestCase.java:118)
	at junit.framework.TestSuite.runTest(TestSuite.java:208)
	at junit.framework.TestSuite.run(TestSuite.java:203)
	at junit.framework.TestSuite.runTest(TestSuite.java:208)
	at junit.framework.TestSuite.run(TestSuite.java:203)
	at junit.framework.TestSuite.runTest(TestSuite.java:208)
	at junit.framework.TestSuite.run(TestSuite.java:203)
	at org.apache.tools.ant.taskdefs.optional.junit.JUnitTestRunner.run(JUnitTestRunner.java:421)
	at org.apache.tools.ant.taskdefs.optional.junit.JUnitTestRunner.launch(JUnitTestRunner.java:912)
	at org.apache.tools.ant.taskdefs.optional.junit.JUnitTestRunner.main(JUnitTestRunner.java:766)
com.topcoder.service.digitalrun.contest.MockTrackContestTypeDAO.setUnitName(java.lang.String)
java.lang.NoSuchMethodException: com.topcoder.service.digitalrun.contest.MockTrackContestTypeDAO.setUnitName(java.lang.String)
	at java.lang.Class.getMethod(Class.java:1581)
	at com.topcoder.service.digitalrun.contest.DigitalRunContestManagerBean.inject(DigitalRunContestManagerBean.java:490)
	at com.topcoder.service.digitalrun.contest.DigitalRunContestManagerBean.initialize(DigitalRunContestManagerBean.java:458)
	at com.topcoder.service.digitalrun.contest.DigitalRunContestManagerBeanUnitTests.setUp(DigitalRunContestManagerBeanUnitTests.java:51)
	at junit.framework.TestCase.runBare(TestCase.java:125)
	at junit.framework.TestResult$1.protect(TestResult.java:106)
	at junit.framework.TestResult.runProtected(TestResult.java:124)
	at junit.framework.TestResult.run(TestResult.java:109)
	at junit.framework.TestCase.run(TestCase.java:118)
	at junit.framework.TestSuite.runTest(TestSuite.java:208)
	at junit.framework.TestSuite.run(TestSuite.java:203)
	at junit.framework.TestSuite.runTest(TestSuite.java:208)
	at junit.framework.TestSuite.run(TestSuite.java:203)
	at junit.framework.TestSuite.runTest(TestSuite.java:208)
	at junit.framework.TestSuite.run(TestSuite.java:203)
	at org.apache.tools.ant.taskdefs.optional.junit.JUnitTestRunner.run(JUnitTestRunner.java:421)
	at org.apache.tools.ant.taskdefs.optional.junit.JUnitTestRunner.launch(JUnitTestRunner.java:912)
	at org.apache.tools.ant.taskdefs.optional.junit.JUnitTestRunner.main(JUnitTestRunner.java:766)
com.topcoder.service.digitalrun.contest.MockResultCalculatorDAO.setUnitName(java.lang.String)
java.lang.NoSuchMethodException: com.topcoder.service.digitalrun.contest.MockResultCalculatorDAO.setUnitName(java.lang.String)
	at java.lang.Class.getMethod(Class.java:1581)
	at com.topcoder.service.digitalrun.contest.DigitalRunContestManagerBean.inject(DigitalRunContestManagerBean.java:490)
	at com.topcoder.service.digitalrun.contest.DigitalRunContestManagerBean.initialize(DigitalRunContestManagerBean.java:459)
	at com.topcoder.service.digitalrun.contest.DigitalRunContestManagerBeanUnitTests.setUp(DigitalRunContestManagerBeanUnitTests.java:51)
	at junit.framework.TestCase.runBare(TestCase.java:125)
	at junit.framework.TestResult$1.protect(TestResult.java:106)
	at junit.framework.TestResult.runProtected(TestResult.java:124)
	at junit.framework.TestResult.run(TestResult.java:109)
	at junit.framework.TestCase.run(TestCase.java:118)
	at junit.framework.TestSuite.runTest(TestSuite.java:208)
	at junit.framework.TestSuite.run(TestSuite.java:203)
	at junit.framework.TestSuite.runTest(TestSuite.java:208)
	at junit.framework.TestSuite.run(TestSuite.java:203)
	at junit.framework.TestSuite.runTest(TestSuite.java:208)
	at junit.framework.TestSuite.run(TestSuite.java:203)
	at org.apache.tools.ant.taskdefs.optional.junit.JUnitTestRunner.run(JUnitTestRunner.java:421)
	at org.apache.tools.ant.taskdefs.optional.junit.JUnitTestRunner.launch(JUnitTestRunner.java:912)
	at org.apache.tools.ant.taskdefs.optional.junit.JUnitTestRunner.main(JUnitTestRunner.java:766)
com.topcoder.service.digitalrun.contest.MockTrackContestDAO.setSessionContext(javax.ejb.SessionContext)
java.lang.NoSuchMethodException: com.topcoder.service.digitalrun.contest.MockTrackContestDAO.setSessionContext(javax.ejb.SessionContext)
	at java.lang.Class.getMethod(Class.java:1581)
	at com.topcoder.service.digitalrun.contest.DigitalRunContestManagerBean.inject(DigitalRunContestManagerBean.java:490)
	at com.topcoder.service.digitalrun.contest.DigitalRunContestManagerBean.initialize(DigitalRunContestManagerBean.java:461)
	at com.topcoder.service.digitalrun.contest.DigitalRunContestManagerBeanUnitTests.setUp(DigitalRunContestManagerBeanUnitTests.java:51)
	at junit.framework.TestCase.runBare(TestCase.java:125)
	at junit.framework.TestResult$1.protect(TestResult.java:106)
	at junit.framework.TestResult.runProtected(TestResult.java:124)
	at junit.framework.TestResult.run(TestResult.java:109)
	at junit.framework.TestCase.run(TestCase.java:118)
	at junit.framework.TestSuite.runTest(TestSuite.java:208)
	at junit.framework.TestSuite.run(TestSuite.java:203)
	at junit.framework.TestSuite.runTest(TestSuite.java:208)
	at junit.framework.TestSuite.run(TestSuite.java:203)
	at junit.framework.TestSuite.runTest(TestSuite.java:208)
	at junit.framework.TestSuite.run(TestSuite.java:203)
	at org.apache.tools.ant.taskdefs.optional.junit.JUnitTestRunner.run(JUnitTestRunner.java:421)
	at org.apache.tools.ant.taskdefs.optional.junit.JUnitTestRunner.launch(JUnitTestRunner.java:912)
	at org.apache.tools.ant.taskdefs.optional.junit.JUnitTestRunner.main(JUnitTestRunner.java:766)
com.topcoder.service.digitalrun.contest.MockTrackContestTypeDAO.setSessionContext(javax.ejb.SessionContext)
java.lang.NoSuchMethodException: com.topcoder.service.digitalrun.contest.MockTrackContestTypeDAO.setSessionContext(javax.ejb.SessionContext)
	at java.lang.Class.getMethod(Class.java:1581)
	at com.topcoder.service.digitalrun.contest.DigitalRunContestManagerBean.inject(DigitalRunContestManagerBean.java:490)
	at com.topcoder.service.digitalrun.contest.DigitalRunContestManagerBean.initialize(DigitalRunContestManagerBean.java:462)
	at com.topcoder.service.digitalrun.contest.DigitalRunContestManagerBeanUnitTests.setUp(DigitalRunContestManagerBeanUnitTests.java:51)
	at junit.framework.TestCase.runBare(TestCase.java:125)
	at junit.framework.TestResult$1.protect(TestResult.java:106)
	at junit.framework.TestResult.runProtected(TestResult.java:124)
	at junit.framework.TestResult.run(TestResult.java:109)
	at junit.framework.TestCase.run(TestCase.java:118)
	at junit.framework.TestSuite.runTest(TestSuite.java:208)
	at junit.framework.TestSuite.run(TestSuite.java:203)
	at junit.framework.TestSuite.runTest(TestSuite.java:208)
	at junit.framework.TestSuite.run(TestSuite.java:203)
	at junit.framework.TestSuite.runTest(TestSuite.java:208)
	at junit.framework.TestSuite.run(TestSuite.java:203)
	at org.apache.tools.ant.taskdefs.optional.junit.JUnitTestRunner.run(JUnitTestRunner.java:421)
	at org.apache.tools.ant.taskdefs.optional.junit.JUnitTestRunner.launch(JUnitTestRunner.java:912)
	at org.apache.tools.ant.taskdefs.optional.junit.JUnitTestRunner.main(JUnitTestRunner.java:766)
com.topcoder.service.digitalrun.contest.MockResultCalculatorDAO.setSessionContext(javax.ejb.SessionContext)
java.lang.NoSuchMethodException: com.topcoder.service.digitalrun.contest.MockResultCalculatorDAO.setSessionContext(javax.ejb.SessionContext)
	at java.lang.Class.getMethod(Class.java:1581)
	at com.topcoder.service.digitalrun.contest.DigitalRunContestManagerBean.inject(DigitalRunContestManagerBean.java:490)
	at com.topcoder.service.digitalrun.contest.DigitalRunContestManagerBean.initialize(DigitalRunContestManagerBean.java:463)
	at com.topcoder.service.digitalrun.contest.DigitalRunContestManagerBeanUnitTests.setUp(DigitalRunContestManagerBeanUnitTests.java:51)
	at junit.framework.TestCase.runBare(TestCase.java:125)
	at junit.framework.TestResult$1.protect(TestResult.java:106)
	at junit.framework.TestResult.runProtected(TestResult.java:124)
	at junit.framework.TestResult.run(TestResult.java:109)
	at junit.framework.TestCase.run(TestCase.java:118)
	at junit.framework.TestSuite.runTest(TestSuite.java:208)
	at junit.framework.TestSuite.run(TestSuite.java:203)
	at junit.framework.TestSuite.runTest(TestSuite.java:208)
	at junit.framework.TestSuite.run(TestSuite.java:203)
	at junit.framework.TestSuite.runTest(TestSuite.java:208)
	at junit.framework.TestSuite.run(TestSuite.java:203)
	at org.apache.tools.ant.taskdefs.optional.junit.JUnitTestRunner.run(JUnitTestRunner.java:421)
	at org.apache.tools.ant.taskdefs.optional.junit.JUnitTestRunner.launch(JUnitTestRunner.java:912)
	at org.apache.tools.ant.taskdefs.optional.junit.JUnitTestRunner.main(JUnitTestRunner.java:766)
Enter into method [DigitalRunContestManagerBean#getAllTrackContestResultCalculators()]
mock exception
com.topcoder.service.digitalrun.contest.PersistenceException: mock exception
	at com.topcoder.service.digitalrun.contest.MockResultCalculatorDAO.getAllTrackContestResultCalculators(MockResultCalculatorDAO.java:33)
	at com.topcoder.service.digitalrun.contest.DigitalRunContestManagerBean.getAllTrackContestResultCalculators(DigitalRunContestManagerBean.java:1010)
	at com.topcoder.service.digitalrun.contest.DigitalRunContestManagerBeanUnitTests.testGetAllTrackContestResultCalculators(DigitalRunContestManagerBeanUnitTests.java:319)
	at sun.reflect.NativeMethodAccessorImpl.invoke0(Native Method)
	at sun.reflect.NativeMethodAccessorImpl.invoke(NativeMethodAccessorImpl.java:39)
	at sun.reflect.DelegatingMethodAccessorImpl.invoke(DelegatingMethodAccessorImpl.java:25)
	at java.lang.reflect.Method.invoke(Method.java:585)
	at junit.framework.TestCase.runTest(TestCase.java:154)
	at junit.framework.TestCase.runBare(TestCase.java:127)
	at junit.framework.TestResult$1.protect(TestResult.java:106)
	at junit.framework.TestResult.runProtected(TestResult.java:124)
	at junit.framework.TestResult.run(TestResult.java:109)
	at junit.framework.TestCase.run(TestCase.java:118)
	at junit.framework.TestSuite.runTest(TestSuite.java:208)
	at junit.framework.TestSuite.run(TestSuite.java:203)
	at junit.framework.TestSuite.runTest(TestSuite.java:208)
	at junit.framework.TestSuite.run(TestSuite.java:203)
	at junit.framework.TestSuite.runTest(TestSuite.java:208)
	at junit.framework.TestSuite.run(TestSuite.java:203)
	at org.apache.tools.ant.taskdefs.optional.junit.JUnitTestRunner.run(JUnitTestRunner.java:421)
	at org.apache.tools.ant.taskdefs.optional.junit.JUnitTestRunner.launch(JUnitTestRunner.java:912)
	at org.apache.tools.ant.taskdefs.optional.junit.JUnitTestRunner.main(JUnitTestRunner.java:766)
Exit from method [DigitalRunContestManagerBean#getAllTrackContestResultCalculators()]
com.topcoder.service.digitalrun.contest.MockTrackContestDAO.setLogger(com.topcoder.util.log.Log)
java.lang.NoSuchMethodException: com.topcoder.service.digitalrun.contest.MockTrackContestDAO.setLogger(com.topcoder.util.log.Log)
	at java.lang.Class.getMethod(Class.java:1581)
	at com.topcoder.service.digitalrun.contest.DigitalRunContestManagerBean.inject(DigitalRunContestManagerBean.java:490)
	at com.topcoder.service.digitalrun.contest.DigitalRunContestManagerBean.initialize(DigitalRunContestManagerBean.java:452)
	at com.topcoder.service.digitalrun.contest.DigitalRunContestManagerBeanUnitTests.setUp(DigitalRunContestManagerBeanUnitTests.java:51)
	at junit.framework.TestCase.runBare(TestCase.java:125)
	at junit.framework.TestResult$1.protect(TestResult.java:106)
	at junit.framework.TestResult.runProtected(TestResult.java:124)
	at junit.framework.TestResult.run(TestResult.java:109)
	at junit.framework.TestCase.run(TestCase.java:118)
	at junit.framework.TestSuite.runTest(TestSuite.java:208)
	at junit.framework.TestSuite.run(TestSuite.java:203)
	at junit.framework.TestSuite.runTest(TestSuite.java:208)
	at junit.framework.TestSuite.run(TestSuite.java:203)
	at junit.framework.TestSuite.runTest(TestSuite.java:208)
	at junit.framework.TestSuite.run(TestSuite.java:203)
	at org.apache.tools.ant.taskdefs.optional.junit.JUnitTestRunner.run(JUnitTestRunner.java:421)
	at org.apache.tools.ant.taskdefs.optional.junit.JUnitTestRunner.launch(JUnitTestRunner.java:912)
	at org.apache.tools.ant.taskdefs.optional.junit.JUnitTestRunner.main(JUnitTestRunner.java:766)
com.topcoder.service.digitalrun.contest.MockTrackContestTypeDAO.setLogger(com.topcoder.util.log.Log)
java.lang.NoSuchMethodException: com.topcoder.service.digitalrun.contest.MockTrackContestTypeDAO.setLogger(com.topcoder.util.log.Log)
	at java.lang.Class.getMethod(Class.java:1581)
	at com.topcoder.service.digitalrun.contest.DigitalRunContestManagerBean.inject(DigitalRunContestManagerBean.java:490)
	at com.topcoder.service.digitalrun.contest.DigitalRunContestManagerBean.initialize(DigitalRunContestManagerBean.java:453)
	at com.topcoder.service.digitalrun.contest.DigitalRunContestManagerBeanUnitTests.setUp(DigitalRunContestManagerBeanUnitTests.java:51)
	at junit.framework.TestCase.runBare(TestCase.java:125)
	at junit.framework.TestResult$1.protect(TestResult.java:106)
	at junit.framework.TestResult.runProtected(TestResult.java:124)
	at junit.framework.TestResult.run(TestResult.java:109)
	at junit.framework.TestCase.run(TestCase.java:118)
	at junit.framework.TestSuite.runTest(TestSuite.java:208)
	at junit.framework.TestSuite.run(TestSuite.java:203)
	at junit.framework.TestSuite.runTest(TestSuite.java:208)
	at junit.framework.TestSuite.run(TestSuite.java:203)
	at junit.framework.TestSuite.runTest(TestSuite.java:208)
	at junit.framework.TestSuite.run(TestSuite.java:203)
	at org.apache.tools.ant.taskdefs.optional.junit.JUnitTestRunner.run(JUnitTestRunner.java:421)
	at org.apache.tools.ant.taskdefs.optional.junit.JUnitTestRunner.launch(JUnitTestRunner.java:912)
	at org.apache.tools.ant.taskdefs.optional.junit.JUnitTestRunner.main(JUnitTestRunner.java:766)
com.topcoder.service.digitalrun.contest.MockResultCalculatorDAO.setLogger(com.topcoder.util.log.Log)
java.lang.NoSuchMethodException: com.topcoder.service.digitalrun.contest.MockResultCalculatorDAO.setLogger(com.topcoder.util.log.Log)
	at java.lang.Class.getMethod(Class.java:1581)
	at com.topcoder.service.digitalrun.contest.DigitalRunContestManagerBean.inject(DigitalRunContestManagerBean.java:490)
	at com.topcoder.service.digitalrun.contest.DigitalRunContestManagerBean.initialize(DigitalRunContestManagerBean.java:454)
	at com.topcoder.service.digitalrun.contest.DigitalRunContestManagerBeanUnitTests.setUp(DigitalRunContestManagerBeanUnitTests.java:51)
	at junit.framework.TestCase.runBare(TestCase.java:125)
	at junit.framework.TestResult$1.protect(TestResult.java:106)
	at junit.framework.TestResult.runProtected(TestResult.java:124)
	at junit.framework.TestResult.run(TestResult.java:109)
	at junit.framework.TestCase.run(TestCase.java:118)
	at junit.framework.TestSuite.runTest(TestSuite.java:208)
	at junit.framework.TestSuite.run(TestSuite.java:203)
	at junit.framework.TestSuite.runTest(TestSuite.java:208)
	at junit.framework.TestSuite.run(TestSuite.java:203)
	at junit.framework.TestSuite.runTest(TestSuite.java:208)
	at junit.framework.TestSuite.run(TestSuite.java:203)
	at org.apache.tools.ant.taskdefs.optional.junit.JUnitTestRunner.run(JUnitTestRunner.java:421)
	at org.apache.tools.ant.taskdefs.optional.junit.JUnitTestRunner.launch(JUnitTestRunner.java:912)
	at org.apache.tools.ant.taskdefs.optional.junit.JUnitTestRunner.main(JUnitTestRunner.java:766)
com.topcoder.service.digitalrun.contest.MockTrackContestDAO.setUnitName(java.lang.String)
java.lang.NoSuchMethodException: com.topcoder.service.digitalrun.contest.MockTrackContestDAO.setUnitName(java.lang.String)
	at java.lang.Class.getMethod(Class.java:1581)
	at com.topcoder.service.digitalrun.contest.DigitalRunContestManagerBean.inject(DigitalRunContestManagerBean.java:490)
	at com.topcoder.service.digitalrun.contest.DigitalRunContestManagerBean.initialize(DigitalRunContestManagerBean.java:457)
	at com.topcoder.service.digitalrun.contest.DigitalRunContestManagerBeanUnitTests.setUp(DigitalRunContestManagerBeanUnitTests.java:51)
	at junit.framework.TestCase.runBare(TestCase.java:125)
	at junit.framework.TestResult$1.protect(TestResult.java:106)
	at junit.framework.TestResult.runProtected(TestResult.java:124)
	at junit.framework.TestResult.run(TestResult.java:109)
	at junit.framework.TestCase.run(TestCase.java:118)
	at junit.framework.TestSuite.runTest(TestSuite.java:208)
	at junit.framework.TestSuite.run(TestSuite.java:203)
	at junit.framework.TestSuite.runTest(TestSuite.java:208)
	at junit.framework.TestSuite.run(TestSuite.java:203)
	at junit.framework.TestSuite.runTest(TestSuite.java:208)
	at junit.framework.TestSuite.run(TestSuite.java:203)
	at org.apache.tools.ant.taskdefs.optional.junit.JUnitTestRunner.run(JUnitTestRunner.java:421)
	at org.apache.tools.ant.taskdefs.optional.junit.JUnitTestRunner.launch(JUnitTestRunner.java:912)
	at org.apache.tools.ant.taskdefs.optional.junit.JUnitTestRunner.main(JUnitTestRunner.java:766)
com.topcoder.service.digitalrun.contest.MockTrackContestTypeDAO.setUnitName(java.lang.String)
java.lang.NoSuchMethodException: com.topcoder.service.digitalrun.contest.MockTrackContestTypeDAO.setUnitName(java.lang.String)
	at java.lang.Class.getMethod(Class.java:1581)
	at com.topcoder.service.digitalrun.contest.DigitalRunContestManagerBean.inject(DigitalRunContestManagerBean.java:490)
	at com.topcoder.service.digitalrun.contest.DigitalRunContestManagerBean.initialize(DigitalRunContestManagerBean.java:458)
	at com.topcoder.service.digitalrun.contest.DigitalRunContestManagerBeanUnitTests.setUp(DigitalRunContestManagerBeanUnitTests.java:51)
	at junit.framework.TestCase.runBare(TestCase.java:125)
	at junit.framework.TestResult$1.protect(TestResult.java:106)
	at junit.framework.TestResult.runProtected(TestResult.java:124)
	at junit.framework.TestResult.run(TestResult.java:109)
	at junit.framework.TestCase.run(TestCase.java:118)
	at junit.framework.TestSuite.runTest(TestSuite.java:208)
	at junit.framework.TestSuite.run(TestSuite.java:203)
	at junit.framework.TestSuite.runTest(TestSuite.java:208)
	at junit.framework.TestSuite.run(TestSuite.java:203)
	at junit.framework.TestSuite.runTest(TestSuite.java:208)
	at junit.framework.TestSuite.run(TestSuite.java:203)
	at org.apache.tools.ant.taskdefs.optional.junit.JUnitTestRunner.run(JUnitTestRunner.java:421)
	at org.apache.tools.ant.taskdefs.optional.junit.JUnitTestRunner.launch(JUnitTestRunner.java:912)
	at org.apache.tools.ant.taskdefs.optional.junit.JUnitTestRunner.main(JUnitTestRunner.java:766)
com.topcoder.service.digitalrun.contest.MockResultCalculatorDAO.setUnitName(java.lang.String)
java.lang.NoSuchMethodException: com.topcoder.service.digitalrun.contest.MockResultCalculatorDAO.setUnitName(java.lang.String)
	at java.lang.Class.getMethod(Class.java:1581)
	at com.topcoder.service.digitalrun.contest.DigitalRunContestManagerBean.inject(DigitalRunContestManagerBean.java:490)
	at com.topcoder.service.digitalrun.contest.DigitalRunContestManagerBean.initialize(DigitalRunContestManagerBean.java:459)
	at com.topcoder.service.digitalrun.contest.DigitalRunContestManagerBeanUnitTests.setUp(DigitalRunContestManagerBeanUnitTests.java:51)
	at junit.framework.TestCase.runBare(TestCase.java:125)
	at junit.framework.TestResult$1.protect(TestResult.java:106)
	at junit.framework.TestResult.runProtected(TestResult.java:124)
	at junit.framework.TestResult.run(TestResult.java:109)
	at junit.framework.TestCase.run(TestCase.java:118)
	at junit.framework.TestSuite.runTest(TestSuite.java:208)
	at junit.framework.TestSuite.run(TestSuite.java:203)
	at junit.framework.TestSuite.runTest(TestSuite.java:208)
	at junit.framework.TestSuite.run(TestSuite.java:203)
	at junit.framework.TestSuite.runTest(TestSuite.java:208)
	at junit.framework.TestSuite.run(TestSuite.java:203)
	at org.apache.tools.ant.taskdefs.optional.junit.JUnitTestRunner.run(JUnitTestRunner.java:421)
	at org.apache.tools.ant.taskdefs.optional.junit.JUnitTestRunner.launch(JUnitTestRunner.java:912)
	at org.apache.tools.ant.taskdefs.optional.junit.JUnitTestRunner.main(JUnitTestRunner.java:766)
com.topcoder.service.digitalrun.contest.MockTrackContestDAO.setSessionContext(javax.ejb.SessionContext)
java.lang.NoSuchMethodException: com.topcoder.service.digitalrun.contest.MockTrackContestDAO.setSessionContext(javax.ejb.SessionContext)
	at java.lang.Class.getMethod(Class.java:1581)
	at com.topcoder.service.digitalrun.contest.DigitalRunContestManagerBean.inject(DigitalRunContestManagerBean.java:490)
	at com.topcoder.service.digitalrun.contest.DigitalRunContestManagerBean.initialize(DigitalRunContestManagerBean.java:461)
	at com.topcoder.service.digitalrun.contest.DigitalRunContestManagerBeanUnitTests.setUp(DigitalRunContestManagerBeanUnitTests.java:51)
	at junit.framework.TestCase.runBare(TestCase.java:125)
	at junit.framework.TestResult$1.protect(TestResult.java:106)
	at junit.framework.TestResult.runProtected(TestResult.java:124)
	at junit.framework.TestResult.run(TestResult.java:109)
	at junit.framework.TestCase.run(TestCase.java:118)
	at junit.framework.TestSuite.runTest(TestSuite.java:208)
	at junit.framework.TestSuite.run(TestSuite.java:203)
	at junit.framework.TestSuite.runTest(TestSuite.java:208)
	at junit.framework.TestSuite.run(TestSuite.java:203)
	at junit.framework.TestSuite.runTest(TestSuite.java:208)
	at junit.framework.TestSuite.run(TestSuite.java:203)
	at org.apache.tools.ant.taskdefs.optional.junit.JUnitTestRunner.run(JUnitTestRunner.java:421)
	at org.apache.tools.ant.taskdefs.optional.junit.JUnitTestRunner.launch(JUnitTestRunner.java:912)
	at org.apache.tools.ant.taskdefs.optional.junit.JUnitTestRunner.main(JUnitTestRunner.java:766)
com.topcoder.service.digitalrun.contest.MockTrackContestTypeDAO.setSessionContext(javax.ejb.SessionContext)
java.lang.NoSuchMethodException: com.topcoder.service.digitalrun.contest.MockTrackContestTypeDAO.setSessionContext(javax.ejb.SessionContext)
	at java.lang.Class.getMethod(Class.java:1581)
	at com.topcoder.service.digitalrun.contest.DigitalRunContestManagerBean.inject(DigitalRunContestManagerBean.java:490)
	at com.topcoder.service.digitalrun.contest.DigitalRunContestManagerBean.initialize(DigitalRunContestManagerBean.java:462)
	at com.topcoder.service.digitalrun.contest.DigitalRunContestManagerBeanUnitTests.setUp(DigitalRunContestManagerBeanUnitTests.java:51)
	at junit.framework.TestCase.runBare(TestCase.java:125)
	at junit.framework.TestResult$1.protect(TestResult.java:106)
	at junit.framework.TestResult.runProtected(TestResult.java:124)
	at junit.framework.TestResult.run(TestResult.java:109)
	at junit.framework.TestCase.run(TestCase.java:118)
	at junit.framework.TestSuite.runTest(TestSuite.java:208)
	at junit.framework.TestSuite.run(TestSuite.java:203)
	at junit.framework.TestSuite.runTest(TestSuite.java:208)
	at junit.framework.TestSuite.run(TestSuite.java:203)
	at junit.framework.TestSuite.runTest(TestSuite.java:208)
	at junit.framework.TestSuite.run(TestSuite.java:203)
	at org.apache.tools.ant.taskdefs.optional.junit.JUnitTestRunner.run(JUnitTestRunner.java:421)
	at org.apache.tools.ant.taskdefs.optional.junit.JUnitTestRunner.launch(JUnitTestRunner.java:912)
	at org.apache.tools.ant.taskdefs.optional.junit.JUnitTestRunner.main(JUnitTestRunner.java:766)
com.topcoder.service.digitalrun.contest.MockResultCalculatorDAO.setSessionContext(javax.ejb.SessionContext)
java.lang.NoSuchMethodException: com.topcoder.service.digitalrun.contest.MockResultCalculatorDAO.setSessionContext(javax.ejb.SessionContext)
	at java.lang.Class.getMethod(Class.java:1581)
	at com.topcoder.service.digitalrun.contest.DigitalRunContestManagerBean.inject(DigitalRunContestManagerBean.java:490)
	at com.topcoder.service.digitalrun.contest.DigitalRunContestManagerBean.initialize(DigitalRunContestManagerBean.java:463)
	at com.topcoder.service.digitalrun.contest.DigitalRunContestManagerBeanUnitTests.setUp(DigitalRunContestManagerBeanUnitTests.java:51)
	at junit.framework.TestCase.runBare(TestCase.java:125)
	at junit.framework.TestResult$1.protect(TestResult.java:106)
	at junit.framework.TestResult.runProtected(TestResult.java:124)
	at junit.framework.TestResult.run(TestResult.java:109)
	at junit.framework.TestCase.run(TestCase.java:118)
	at junit.framework.TestSuite.runTest(TestSuite.java:208)
	at junit.framework.TestSuite.run(TestSuite.java:203)
	at junit.framework.TestSuite.runTest(TestSuite.java:208)
	at junit.framework.TestSuite.run(TestSuite.java:203)
	at junit.framework.TestSuite.runTest(TestSuite.java:208)
	at junit.framework.TestSuite.run(TestSuite.java:203)
	at org.apache.tools.ant.taskdefs.optional.junit.JUnitTestRunner.run(JUnitTestRunner.java:421)
	at org.apache.tools.ant.taskdefs.optional.junit.JUnitTestRunner.launch(JUnitTestRunner.java:912)
	at org.apache.tools.ant.taskdefs.optional.junit.JUnitTestRunner.main(JUnitTestRunner.java:766)
Enter into method [DigitalRunContestManagerBean#createTrackContestResultCalculator(TrackContestResultCalculator)]
mock exception
com.topcoder.service.digitalrun.contest.PersistenceException: mock exception
	at com.topcoder.service.digitalrun.contest.MockResultCalculatorDAO.createTrackContestResultCalculator(MockResultCalculatorDAO.java:50)
	at com.topcoder.service.digitalrun.contest.DigitalRunContestManagerBean.createTrackContestResultCalculator(DigitalRunContestManagerBean.java:875)
	at com.topcoder.service.digitalrun.contest.DigitalRunContestManagerBeanUnitTests.testCreateTrackContestResultCalculator(DigitalRunContestManagerBeanUnitTests.java:337)
	at sun.reflect.NativeMethodAccessorImpl.invoke0(Native Method)
	at sun.reflect.NativeMethodAccessorImpl.invoke(NativeMethodAccessorImpl.java:39)
	at sun.reflect.DelegatingMethodAccessorImpl.invoke(DelegatingMethodAccessorImpl.java:25)
	at java.lang.reflect.Method.invoke(Method.java:585)
	at junit.framework.TestCase.runTest(TestCase.java:154)
	at junit.framework.TestCase.runBare(TestCase.java:127)
	at junit.framework.TestResult$1.protect(TestResult.java:106)
	at junit.framework.TestResult.runProtected(TestResult.java:124)
	at junit.framework.TestResult.run(TestResult.java:109)
	at junit.framework.TestCase.run(TestCase.java:118)
	at junit.framework.TestSuite.runTest(TestSuite.java:208)
	at junit.framework.TestSuite.run(TestSuite.java:203)
	at junit.framework.TestSuite.runTest(TestSuite.java:208)
	at junit.framework.TestSuite.run(TestSuite.java:203)
	at junit.framework.TestSuite.runTest(TestSuite.java:208)
	at junit.framework.TestSuite.run(TestSuite.java:203)
	at org.apache.tools.ant.taskdefs.optional.junit.JUnitTestRunner.run(JUnitTestRunner.java:421)
	at org.apache.tools.ant.taskdefs.optional.junit.JUnitTestRunner.launch(JUnitTestRunner.java:912)
	at org.apache.tools.ant.taskdefs.optional.junit.JUnitTestRunner.main(JUnitTestRunner.java:766)
Exit from method [DigitalRunContestManagerBean#createTrackContestResultCalculator(TrackContestResultCalculator)]
com.topcoder.service.digitalrun.contest.MockTrackContestDAO.setLogger(com.topcoder.util.log.Log)
java.lang.NoSuchMethodException: com.topcoder.service.digitalrun.contest.MockTrackContestDAO.setLogger(com.topcoder.util.log.Log)
	at java.lang.Class.getMethod(Class.java:1581)
	at com.topcoder.service.digitalrun.contest.DigitalRunContestManagerBean.inject(DigitalRunContestManagerBean.java:490)
	at com.topcoder.service.digitalrun.contest.DigitalRunContestManagerBean.initialize(DigitalRunContestManagerBean.java:452)
	at com.topcoder.service.digitalrun.contest.DigitalRunContestManagerBeanUnitTests.setUp(DigitalRunContestManagerBeanUnitTests.java:51)
	at junit.framework.TestCase.runBare(TestCase.java:125)
	at junit.framework.TestResult$1.protect(TestResult.java:106)
	at junit.framework.TestResult.runProtected(TestResult.java:124)
	at junit.framework.TestResult.run(TestResult.java:109)
	at junit.framework.TestCase.run(TestCase.java:118)
	at junit.framework.TestSuite.runTest(TestSuite.java:208)
	at junit.framework.TestSuite.run(TestSuite.java:203)
	at junit.framework.TestSuite.runTest(TestSuite.java:208)
	at junit.framework.TestSuite.run(TestSuite.java:203)
	at junit.framework.TestSuite.runTest(TestSuite.java:208)
	at junit.framework.TestSuite.run(TestSuite.java:203)
	at org.apache.tools.ant.taskdefs.optional.junit.JUnitTestRunner.run(JUnitTestRunner.java:421)
	at org.apache.tools.ant.taskdefs.optional.junit.JUnitTestRunner.launch(JUnitTestRunner.java:912)
	at org.apache.tools.ant.taskdefs.optional.junit.JUnitTestRunner.main(JUnitTestRunner.java:766)
com.topcoder.service.digitalrun.contest.MockTrackContestTypeDAO.setLogger(com.topcoder.util.log.Log)
java.lang.NoSuchMethodException: com.topcoder.service.digitalrun.contest.MockTrackContestTypeDAO.setLogger(com.topcoder.util.log.Log)
	at java.lang.Class.getMethod(Class.java:1581)
	at com.topcoder.service.digitalrun.contest.DigitalRunContestManagerBean.inject(DigitalRunContestManagerBean.java:490)
	at com.topcoder.service.digitalrun.contest.DigitalRunContestManagerBean.initialize(DigitalRunContestManagerBean.java:453)
	at com.topcoder.service.digitalrun.contest.DigitalRunContestManagerBeanUnitTests.setUp(DigitalRunContestManagerBeanUnitTests.java:51)
	at junit.framework.TestCase.runBare(TestCase.java:125)
	at junit.framework.TestResult$1.protect(TestResult.java:106)
	at junit.framework.TestResult.runProtected(TestResult.java:124)
	at junit.framework.TestResult.run(TestResult.java:109)
	at junit.framework.TestCase.run(TestCase.java:118)
	at junit.framework.TestSuite.runTest(TestSuite.java:208)
	at junit.framework.TestSuite.run(TestSuite.java:203)
	at junit.framework.TestSuite.runTest(TestSuite.java:208)
	at junit.framework.TestSuite.run(TestSuite.java:203)
	at junit.framework.TestSuite.runTest(TestSuite.java:208)
	at junit.framework.TestSuite.run(TestSuite.java:203)
	at org.apache.tools.ant.taskdefs.optional.junit.JUnitTestRunner.run(JUnitTestRunner.java:421)
	at org.apache.tools.ant.taskdefs.optional.junit.JUnitTestRunner.launch(JUnitTestRunner.java:912)
	at org.apache.tools.ant.taskdefs.optional.junit.JUnitTestRunner.main(JUnitTestRunner.java:766)
com.topcoder.service.digitalrun.contest.MockResultCalculatorDAO.setLogger(com.topcoder.util.log.Log)
java.lang.NoSuchMethodException: com.topcoder.service.digitalrun.contest.MockResultCalculatorDAO.setLogger(com.topcoder.util.log.Log)
	at java.lang.Class.getMethod(Class.java:1581)
	at com.topcoder.service.digitalrun.contest.DigitalRunContestManagerBean.inject(DigitalRunContestManagerBean.java:490)
	at com.topcoder.service.digitalrun.contest.DigitalRunContestManagerBean.initialize(DigitalRunContestManagerBean.java:454)
	at com.topcoder.service.digitalrun.contest.DigitalRunContestManagerBeanUnitTests.setUp(DigitalRunContestManagerBeanUnitTests.java:51)
	at junit.framework.TestCase.runBare(TestCase.java:125)
	at junit.framework.TestResult$1.protect(TestResult.java:106)
	at junit.framework.TestResult.runProtected(TestResult.java:124)
	at junit.framework.TestResult.run(TestResult.java:109)
	at junit.framework.TestCase.run(TestCase.java:118)
	at junit.framework.TestSuite.runTest(TestSuite.java:208)
	at junit.framework.TestSuite.run(TestSuite.java:203)
	at junit.framework.TestSuite.runTest(TestSuite.java:208)
	at junit.framework.TestSuite.run(TestSuite.java:203)
	at junit.framework.TestSuite.runTest(TestSuite.java:208)
	at junit.framework.TestSuite.run(TestSuite.java:203)
	at org.apache.tools.ant.taskdefs.optional.junit.JUnitTestRunner.run(JUnitTestRunner.java:421)
	at org.apache.tools.ant.taskdefs.optional.junit.JUnitTestRunner.launch(JUnitTestRunner.java:912)
	at org.apache.tools.ant.taskdefs.optional.junit.JUnitTestRunner.main(JUnitTestRunner.java:766)
com.topcoder.service.digitalrun.contest.MockTrackContestDAO.setUnitName(java.lang.String)
java.lang.NoSuchMethodException: com.topcoder.service.digitalrun.contest.MockTrackContestDAO.setUnitName(java.lang.String)
	at java.lang.Class.getMethod(Class.java:1581)
	at com.topcoder.service.digitalrun.contest.DigitalRunContestManagerBean.inject(DigitalRunContestManagerBean.java:490)
	at com.topcoder.service.digitalrun.contest.DigitalRunContestManagerBean.initialize(DigitalRunContestManagerBean.java:457)
	at com.topcoder.service.digitalrun.contest.DigitalRunContestManagerBeanUnitTests.setUp(DigitalRunContestManagerBeanUnitTests.java:51)
	at junit.framework.TestCase.runBare(TestCase.java:125)
	at junit.framework.TestResult$1.protect(TestResult.java:106)
	at junit.framework.TestResult.runProtected(TestResult.java:124)
	at junit.framework.TestResult.run(TestResult.java:109)
	at junit.framework.TestCase.run(TestCase.java:118)
	at junit.framework.TestSuite.runTest(TestSuite.java:208)
	at junit.framework.TestSuite.run(TestSuite.java:203)
	at junit.framework.TestSuite.runTest(TestSuite.java:208)
	at junit.framework.TestSuite.run(TestSuite.java:203)
	at junit.framework.TestSuite.runTest(TestSuite.java:208)
	at junit.framework.TestSuite.run(TestSuite.java:203)
	at org.apache.tools.ant.taskdefs.optional.junit.JUnitTestRunner.run(JUnitTestRunner.java:421)
	at org.apache.tools.ant.taskdefs.optional.junit.JUnitTestRunner.launch(JUnitTestRunner.java:912)
	at org.apache.tools.ant.taskdefs.optional.junit.JUnitTestRunner.main(JUnitTestRunner.java:766)
com.topcoder.service.digitalrun.contest.MockTrackContestTypeDAO.setUnitName(java.lang.String)
java.lang.NoSuchMethodException: com.topcoder.service.digitalrun.contest.MockTrackContestTypeDAO.setUnitName(java.lang.String)
	at java.lang.Class.getMethod(Class.java:1581)
	at com.topcoder.service.digitalrun.contest.DigitalRunContestManagerBean.inject(DigitalRunContestManagerBean.java:490)
	at com.topcoder.service.digitalrun.contest.DigitalRunContestManagerBean.initialize(DigitalRunContestManagerBean.java:458)
	at com.topcoder.service.digitalrun.contest.DigitalRunContestManagerBeanUnitTests.setUp(DigitalRunContestManagerBeanUnitTests.java:51)
	at junit.framework.TestCase.runBare(TestCase.java:125)
	at junit.framework.TestResult$1.protect(TestResult.java:106)
	at junit.framework.TestResult.runProtected(TestResult.java:124)
	at junit.framework.TestResult.run(TestResult.java:109)
	at junit.framework.TestCase.run(TestCase.java:118)
	at junit.framework.TestSuite.runTest(TestSuite.java:208)
	at junit.framework.TestSuite.run(TestSuite.java:203)
	at junit.framework.TestSuite.runTest(TestSuite.java:208)
	at junit.framework.TestSuite.run(TestSuite.java:203)
	at junit.framework.TestSuite.runTest(TestSuite.java:208)
	at junit.framework.TestSuite.run(TestSuite.java:203)
	at org.apache.tools.ant.taskdefs.optional.junit.JUnitTestRunner.run(JUnitTestRunner.java:421)
	at org.apache.tools.ant.taskdefs.optional.junit.JUnitTestRunner.launch(JUnitTestRunner.java:912)
	at org.apache.tools.ant.taskdefs.optional.junit.JUnitTestRunner.main(JUnitTestRunner.java:766)
com.topcoder.service.digitalrun.contest.MockResultCalculatorDAO.setUnitName(java.lang.String)
java.lang.NoSuchMethodException: com.topcoder.service.digitalrun.contest.MockResultCalculatorDAO.setUnitName(java.lang.String)
	at java.lang.Class.getMethod(Class.java:1581)
	at com.topcoder.service.digitalrun.contest.DigitalRunContestManagerBean.inject(DigitalRunContestManagerBean.java:490)
	at com.topcoder.service.digitalrun.contest.DigitalRunContestManagerBean.initialize(DigitalRunContestManagerBean.java:459)
	at com.topcoder.service.digitalrun.contest.DigitalRunContestManagerBeanUnitTests.setUp(DigitalRunContestManagerBeanUnitTests.java:51)
	at junit.framework.TestCase.runBare(TestCase.java:125)
	at junit.framework.TestResult$1.protect(TestResult.java:106)
	at junit.framework.TestResult.runProtected(TestResult.java:124)
	at junit.framework.TestResult.run(TestResult.java:109)
	at junit.framework.TestCase.run(TestCase.java:118)
	at junit.framework.TestSuite.runTest(TestSuite.java:208)
	at junit.framework.TestSuite.run(TestSuite.java:203)
	at junit.framework.TestSuite.runTest(TestSuite.java:208)
	at junit.framework.TestSuite.run(TestSuite.java:203)
	at junit.framework.TestSuite.runTest(TestSuite.java:208)
	at junit.framework.TestSuite.run(TestSuite.java:203)
	at org.apache.tools.ant.taskdefs.optional.junit.JUnitTestRunner.run(JUnitTestRunner.java:421)
	at org.apache.tools.ant.taskdefs.optional.junit.JUnitTestRunner.launch(JUnitTestRunner.java:912)
	at org.apache.tools.ant.taskdefs.optional.junit.JUnitTestRunner.main(JUnitTestRunner.java:766)
com.topcoder.service.digitalrun.contest.MockTrackContestDAO.setSessionContext(javax.ejb.SessionContext)
java.lang.NoSuchMethodException: com.topcoder.service.digitalrun.contest.MockTrackContestDAO.setSessionContext(javax.ejb.SessionContext)
	at java.lang.Class.getMethod(Class.java:1581)
	at com.topcoder.service.digitalrun.contest.DigitalRunContestManagerBean.inject(DigitalRunContestManagerBean.java:490)
	at com.topcoder.service.digitalrun.contest.DigitalRunContestManagerBean.initialize(DigitalRunContestManagerBean.java:461)
	at com.topcoder.service.digitalrun.contest.DigitalRunContestManagerBeanUnitTests.setUp(DigitalRunContestManagerBeanUnitTests.java:51)
	at junit.framework.TestCase.runBare(TestCase.java:125)
	at junit.framework.TestResult$1.protect(TestResult.java:106)
	at junit.framework.TestResult.runProtected(TestResult.java:124)
	at junit.framework.TestResult.run(TestResult.java:109)
	at junit.framework.TestCase.run(TestCase.java:118)
	at junit.framework.TestSuite.runTest(TestSuite.java:208)
	at junit.framework.TestSuite.run(TestSuite.java:203)
	at junit.framework.TestSuite.runTest(TestSuite.java:208)
	at junit.framework.TestSuite.run(TestSuite.java:203)
	at junit.framework.TestSuite.runTest(TestSuite.java:208)
	at junit.framework.TestSuite.run(TestSuite.java:203)
	at org.apache.tools.ant.taskdefs.optional.junit.JUnitTestRunner.run(JUnitTestRunner.java:421)
	at org.apache.tools.ant.taskdefs.optional.junit.JUnitTestRunner.launch(JUnitTestRunner.java:912)
	at org.apache.tools.ant.taskdefs.optional.junit.JUnitTestRunner.main(JUnitTestRunner.java:766)
com.topcoder.service.digitalrun.contest.MockTrackContestTypeDAO.setSessionContext(javax.ejb.SessionContext)
java.lang.NoSuchMethodException: com.topcoder.service.digitalrun.contest.MockTrackContestTypeDAO.setSessionContext(javax.ejb.SessionContext)
	at java.lang.Class.getMethod(Class.java:1581)
	at com.topcoder.service.digitalrun.contest.DigitalRunContestManagerBean.inject(DigitalRunContestManagerBean.java:490)
	at com.topcoder.service.digitalrun.contest.DigitalRunContestManagerBean.initialize(DigitalRunContestManagerBean.java:462)
	at com.topcoder.service.digitalrun.contest.DigitalRunContestManagerBeanUnitTests.setUp(DigitalRunContestManagerBeanUnitTests.java:51)
	at junit.framework.TestCase.runBare(TestCase.java:125)
	at junit.framework.TestResult$1.protect(TestResult.java:106)
	at junit.framework.TestResult.runProtected(TestResult.java:124)
	at junit.framework.TestResult.run(TestResult.java:109)
	at junit.framework.TestCase.run(TestCase.java:118)
	at junit.framework.TestSuite.runTest(TestSuite.java:208)
	at junit.framework.TestSuite.run(TestSuite.java:203)
	at junit.framework.TestSuite.runTest(TestSuite.java:208)
	at junit.framework.TestSuite.run(TestSuite.java:203)
	at junit.framework.TestSuite.runTest(TestSuite.java:208)
	at junit.framework.TestSuite.run(TestSuite.java:203)
	at org.apache.tools.ant.taskdefs.optional.junit.JUnitTestRunner.run(JUnitTestRunner.java:421)
	at org.apache.tools.ant.taskdefs.optional.junit.JUnitTestRunner.launch(JUnitTestRunner.java:912)
	at org.apache.tools.ant.taskdefs.optional.junit.JUnitTestRunner.main(JUnitTestRunner.java:766)
com.topcoder.service.digitalrun.contest.MockResultCalculatorDAO.setSessionContext(javax.ejb.SessionContext)
java.lang.NoSuchMethodException: com.topcoder.service.digitalrun.contest.MockResultCalculatorDAO.setSessionContext(javax.ejb.SessionContext)
	at java.lang.Class.getMethod(Class.java:1581)
	at com.topcoder.service.digitalrun.contest.DigitalRunContestManagerBean.inject(DigitalRunContestManagerBean.java:490)
	at com.topcoder.service.digitalrun.contest.DigitalRunContestManagerBean.initialize(DigitalRunContestManagerBean.java:463)
	at com.topcoder.service.digitalrun.contest.DigitalRunContestManagerBeanUnitTests.setUp(DigitalRunContestManagerBeanUnitTests.java:51)
	at junit.framework.TestCase.runBare(TestCase.java:125)
	at junit.framework.TestResult$1.protect(TestResult.java:106)
	at junit.framework.TestResult.runProtected(TestResult.java:124)
	at junit.framework.TestResult.run(TestResult.java:109)
	at junit.framework.TestCase.run(TestCase.java:118)
	at junit.framework.TestSuite.runTest(TestSuite.java:208)
	at junit.framework.TestSuite.run(TestSuite.java:203)
	at junit.framework.TestSuite.runTest(TestSuite.java:208)
	at junit.framework.TestSuite.run(TestSuite.java:203)
	at junit.framework.TestSuite.runTest(TestSuite.java:208)
	at junit.framework.TestSuite.run(TestSuite.java:203)
	at org.apache.tools.ant.taskdefs.optional.junit.JUnitTestRunner.run(JUnitTestRunner.java:421)
	at org.apache.tools.ant.taskdefs.optional.junit.JUnitTestRunner.launch(JUnitTestRunner.java:912)
	at org.apache.tools.ant.taskdefs.optional.junit.JUnitTestRunner.main(JUnitTestRunner.java:766)
Enter into method [DigitalRunContestManagerBean#updateTrackContestResultCalculator(TrackContestResultCalculator)]
mock exception
com.topcoder.service.digitalrun.contest.PersistenceException: mock exception
	at com.topcoder.service.digitalrun.contest.MockResultCalculatorDAO.updateTrackContestResultCalculator(MockResultCalculatorDAO.java:95)
	at com.topcoder.service.digitalrun.contest.DigitalRunContestManagerBean.updateTrackContestResultCalculator(DigitalRunContestManagerBean.java:914)
	at com.topcoder.service.digitalrun.contest.DigitalRunContestManagerBeanUnitTests.testUpdateTrackContestResultCalculator(DigitalRunContestManagerBeanUnitTests.java:355)
	at sun.reflect.NativeMethodAccessorImpl.invoke0(Native Method)
	at sun.reflect.NativeMethodAccessorImpl.invoke(NativeMethodAccessorImpl.java:39)
	at sun.reflect.DelegatingMethodAccessorImpl.invoke(DelegatingMethodAccessorImpl.java:25)
	at java.lang.reflect.Method.invoke(Method.java:585)
	at junit.framework.TestCase.runTest(TestCase.java:154)
	at junit.framework.TestCase.runBare(TestCase.java:127)
	at junit.framework.TestResult$1.protect(TestResult.java:106)
	at junit.framework.TestResult.runProtected(TestResult.java:124)
	at junit.framework.TestResult.run(TestResult.java:109)
	at junit.framework.TestCase.run(TestCase.java:118)
	at junit.framework.TestSuite.runTest(TestSuite.java:208)
	at junit.framework.TestSuite.run(TestSuite.java:203)
	at junit.framework.TestSuite.runTest(TestSuite.java:208)
	at junit.framework.TestSuite.run(TestSuite.java:203)
	at junit.framework.TestSuite.runTest(TestSuite.java:208)
	at junit.framework.TestSuite.run(TestSuite.java:203)
	at org.apache.tools.ant.taskdefs.optional.junit.JUnitTestRunner.run(JUnitTestRunner.java:421)
	at org.apache.tools.ant.taskdefs.optional.junit.JUnitTestRunner.launch(JUnitTestRunner.java:912)
	at org.apache.tools.ant.taskdefs.optional.junit.JUnitTestRunner.main(JUnitTestRunner.java:766)
Exit from method [DigitalRunContestManagerBean#updateTrackContestResultCalculator(TrackContestResultCalculator)]
com.topcoder.service.digitalrun.contest.MockTrackContestDAO.setLogger(com.topcoder.util.log.Log)
java.lang.NoSuchMethodException: com.topcoder.service.digitalrun.contest.MockTrackContestDAO.setLogger(com.topcoder.util.log.Log)
	at java.lang.Class.getMethod(Class.java:1581)
	at com.topcoder.service.digitalrun.contest.DigitalRunContestManagerBean.inject(DigitalRunContestManagerBean.java:490)
	at com.topcoder.service.digitalrun.contest.DigitalRunContestManagerBean.initialize(DigitalRunContestManagerBean.java:452)
	at com.topcoder.service.digitalrun.contest.DigitalRunContestManagerBeanUnitTests.setUp(DigitalRunContestManagerBeanUnitTests.java:51)
	at junit.framework.TestCase.runBare(TestCase.java:125)
	at junit.framework.TestResult$1.protect(TestResult.java:106)
	at junit.framework.TestResult.runProtected(TestResult.java:124)
	at junit.framework.TestResult.run(TestResult.java:109)
	at junit.framework.TestCase.run(TestCase.java:118)
	at junit.framework.TestSuite.runTest(TestSuite.java:208)
	at junit.framework.TestSuite.run(TestSuite.java:203)
	at junit.framework.TestSuite.runTest(TestSuite.java:208)
	at junit.framework.TestSuite.run(TestSuite.java:203)
	at junit.framework.TestSuite.runTest(TestSuite.java:208)
	at junit.framework.TestSuite.run(TestSuite.java:203)
	at org.apache.tools.ant.taskdefs.optional.junit.JUnitTestRunner.run(JUnitTestRunner.java:421)
	at org.apache.tools.ant.taskdefs.optional.junit.JUnitTestRunner.launch(JUnitTestRunner.java:912)
	at org.apache.tools.ant.taskdefs.optional.junit.JUnitTestRunner.main(JUnitTestRunner.java:766)
com.topcoder.service.digitalrun.contest.MockTrackContestTypeDAO.setLogger(com.topcoder.util.log.Log)
java.lang.NoSuchMethodException: com.topcoder.service.digitalrun.contest.MockTrackContestTypeDAO.setLogger(com.topcoder.util.log.Log)
	at java.lang.Class.getMethod(Class.java:1581)
	at com.topcoder.service.digitalrun.contest.DigitalRunContestManagerBean.inject(DigitalRunContestManagerBean.java:490)
	at com.topcoder.service.digitalrun.contest.DigitalRunContestManagerBean.initialize(DigitalRunContestManagerBean.java:453)
	at com.topcoder.service.digitalrun.contest.DigitalRunContestManagerBeanUnitTests.setUp(DigitalRunContestManagerBeanUnitTests.java:51)
	at junit.framework.TestCase.runBare(TestCase.java:125)
	at junit.framework.TestResult$1.protect(TestResult.java:106)
	at junit.framework.TestResult.runProtected(TestResult.java:124)
	at junit.framework.TestResult.run(TestResult.java:109)
	at junit.framework.TestCase.run(TestCase.java:118)
	at junit.framework.TestSuite.runTest(TestSuite.java:208)
	at junit.framework.TestSuite.run(TestSuite.java:203)
	at junit.framework.TestSuite.runTest(TestSuite.java:208)
	at junit.framework.TestSuite.run(TestSuite.java:203)
	at junit.framework.TestSuite.runTest(TestSuite.java:208)
	at junit.framework.TestSuite.run(TestSuite.java:203)
	at org.apache.tools.ant.taskdefs.optional.junit.JUnitTestRunner.run(JUnitTestRunner.java:421)
	at org.apache.tools.ant.taskdefs.optional.junit.JUnitTestRunner.launch(JUnitTestRunner.java:912)
	at org.apache.tools.ant.taskdefs.optional.junit.JUnitTestRunner.main(JUnitTestRunner.java:766)
com.topcoder.service.digitalrun.contest.MockResultCalculatorDAO.setLogger(com.topcoder.util.log.Log)
java.lang.NoSuchMethodException: com.topcoder.service.digitalrun.contest.MockResultCalculatorDAO.setLogger(com.topcoder.util.log.Log)
	at java.lang.Class.getMethod(Class.java:1581)
	at com.topcoder.service.digitalrun.contest.DigitalRunContestManagerBean.inject(DigitalRunContestManagerBean.java:490)
	at com.topcoder.service.digitalrun.contest.DigitalRunContestManagerBean.initialize(DigitalRunContestManagerBean.java:454)
	at com.topcoder.service.digitalrun.contest.DigitalRunContestManagerBeanUnitTests.setUp(DigitalRunContestManagerBeanUnitTests.java:51)
	at junit.framework.TestCase.runBare(TestCase.java:125)
	at junit.framework.TestResult$1.protect(TestResult.java:106)
	at junit.framework.TestResult.runProtected(TestResult.java:124)
	at junit.framework.TestResult.run(TestResult.java:109)
	at junit.framework.TestCase.run(TestCase.java:118)
	at junit.framework.TestSuite.runTest(TestSuite.java:208)
	at junit.framework.TestSuite.run(TestSuite.java:203)
	at junit.framework.TestSuite.runTest(TestSuite.java:208)
	at junit.framework.TestSuite.run(TestSuite.java:203)
	at junit.framework.TestSuite.runTest(TestSuite.java:208)
	at junit.framework.TestSuite.run(TestSuite.java:203)
	at org.apache.tools.ant.taskdefs.optional.junit.JUnitTestRunner.run(JUnitTestRunner.java:421)
	at org.apache.tools.ant.taskdefs.optional.junit.JUnitTestRunner.launch(JUnitTestRunner.java:912)
	at org.apache.tools.ant.taskdefs.optional.junit.JUnitTestRunner.main(JUnitTestRunner.java:766)
com.topcoder.service.digitalrun.contest.MockTrackContestDAO.setUnitName(java.lang.String)
java.lang.NoSuchMethodException: com.topcoder.service.digitalrun.contest.MockTrackContestDAO.setUnitName(java.lang.String)
	at java.lang.Class.getMethod(Class.java:1581)
	at com.topcoder.service.digitalrun.contest.DigitalRunContestManagerBean.inject(DigitalRunContestManagerBean.java:490)
	at com.topcoder.service.digitalrun.contest.DigitalRunContestManagerBean.initialize(DigitalRunContestManagerBean.java:457)
	at com.topcoder.service.digitalrun.contest.DigitalRunContestManagerBeanUnitTests.setUp(DigitalRunContestManagerBeanUnitTests.java:51)
	at junit.framework.TestCase.runBare(TestCase.java:125)
	at junit.framework.TestResult$1.protect(TestResult.java:106)
	at junit.framework.TestResult.runProtected(TestResult.java:124)
	at junit.framework.TestResult.run(TestResult.java:109)
	at junit.framework.TestCase.run(TestCase.java:118)
	at junit.framework.TestSuite.runTest(TestSuite.java:208)
	at junit.framework.TestSuite.run(TestSuite.java:203)
	at junit.framework.TestSuite.runTest(TestSuite.java:208)
	at junit.framework.TestSuite.run(TestSuite.java:203)
	at junit.framework.TestSuite.runTest(TestSuite.java:208)
	at junit.framework.TestSuite.run(TestSuite.java:203)
	at org.apache.tools.ant.taskdefs.optional.junit.JUnitTestRunner.run(JUnitTestRunner.java:421)
	at org.apache.tools.ant.taskdefs.optional.junit.JUnitTestRunner.launch(JUnitTestRunner.java:912)
	at org.apache.tools.ant.taskdefs.optional.junit.JUnitTestRunner.main(JUnitTestRunner.java:766)
com.topcoder.service.digitalrun.contest.MockTrackContestTypeDAO.setUnitName(java.lang.String)
java.lang.NoSuchMethodException: com.topcoder.service.digitalrun.contest.MockTrackContestTypeDAO.setUnitName(java.lang.String)
	at java.lang.Class.getMethod(Class.java:1581)
	at com.topcoder.service.digitalrun.contest.DigitalRunContestManagerBean.inject(DigitalRunContestManagerBean.java:490)
	at com.topcoder.service.digitalrun.contest.DigitalRunContestManagerBean.initialize(DigitalRunContestManagerBean.java:458)
	at com.topcoder.service.digitalrun.contest.DigitalRunContestManagerBeanUnitTests.setUp(DigitalRunContestManagerBeanUnitTests.java:51)
	at junit.framework.TestCase.runBare(TestCase.java:125)
	at junit.framework.TestResult$1.protect(TestResult.java:106)
	at junit.framework.TestResult.runProtected(TestResult.java:124)
	at junit.framework.TestResult.run(TestResult.java:109)
	at junit.framework.TestCase.run(TestCase.java:118)
	at junit.framework.TestSuite.runTest(TestSuite.java:208)
	at junit.framework.TestSuite.run(TestSuite.java:203)
	at junit.framework.TestSuite.runTest(TestSuite.java:208)
	at junit.framework.TestSuite.run(TestSuite.java:203)
	at junit.framework.TestSuite.runTest(TestSuite.java:208)
	at junit.framework.TestSuite.run(TestSuite.java:203)
	at org.apache.tools.ant.taskdefs.optional.junit.JUnitTestRunner.run(JUnitTestRunner.java:421)
	at org.apache.tools.ant.taskdefs.optional.junit.JUnitTestRunner.launch(JUnitTestRunner.java:912)
	at org.apache.tools.ant.taskdefs.optional.junit.JUnitTestRunner.main(JUnitTestRunner.java:766)
com.topcoder.service.digitalrun.contest.MockResultCalculatorDAO.setUnitName(java.lang.String)
java.lang.NoSuchMethodException: com.topcoder.service.digitalrun.contest.MockResultCalculatorDAO.setUnitName(java.lang.String)
	at java.lang.Class.getMethod(Class.java:1581)
	at com.topcoder.service.digitalrun.contest.DigitalRunContestManagerBean.inject(DigitalRunContestManagerBean.java:490)
	at com.topcoder.service.digitalrun.contest.DigitalRunContestManagerBean.initialize(DigitalRunContestManagerBean.java:459)
	at com.topcoder.service.digitalrun.contest.DigitalRunContestManagerBeanUnitTests.setUp(DigitalRunContestManagerBeanUnitTests.java:51)
	at junit.framework.TestCase.runBare(TestCase.java:125)
	at junit.framework.TestResult$1.protect(TestResult.java:106)
	at junit.framework.TestResult.runProtected(TestResult.java:124)
	at junit.framework.TestResult.run(TestResult.java:109)
	at junit.framework.TestCase.run(TestCase.java:118)
	at junit.framework.TestSuite.runTest(TestSuite.java:208)
	at junit.framework.TestSuite.run(TestSuite.java:203)
	at junit.framework.TestSuite.runTest(TestSuite.java:208)
	at junit.framework.TestSuite.run(TestSuite.java:203)
	at junit.framework.TestSuite.runTest(TestSuite.java:208)
	at junit.framework.TestSuite.run(TestSuite.java:203)
	at org.apache.tools.ant.taskdefs.optional.junit.JUnitTestRunner.run(JUnitTestRunner.java:421)
	at org.apache.tools.ant.taskdefs.optional.junit.JUnitTestRunner.launch(JUnitTestRunner.java:912)
	at org.apache.tools.ant.taskdefs.optional.junit.JUnitTestRunner.main(JUnitTestRunner.java:766)
com.topcoder.service.digitalrun.contest.MockTrackContestDAO.setSessionContext(javax.ejb.SessionContext)
java.lang.NoSuchMethodException: com.topcoder.service.digitalrun.contest.MockTrackContestDAO.setSessionContext(javax.ejb.SessionContext)
	at java.lang.Class.getMethod(Class.java:1581)
	at com.topcoder.service.digitalrun.contest.DigitalRunContestManagerBean.inject(DigitalRunContestManagerBean.java:490)
	at com.topcoder.service.digitalrun.contest.DigitalRunContestManagerBean.initialize(DigitalRunContestManagerBean.java:461)
	at com.topcoder.service.digitalrun.contest.DigitalRunContestManagerBeanUnitTests.setUp(DigitalRunContestManagerBeanUnitTests.java:51)
	at junit.framework.TestCase.runBare(TestCase.java:125)
	at junit.framework.TestResult$1.protect(TestResult.java:106)
	at junit.framework.TestResult.runProtected(TestResult.java:124)
	at junit.framework.TestResult.run(TestResult.java:109)
	at junit.framework.TestCase.run(TestCase.java:118)
	at junit.framework.TestSuite.runTest(TestSuite.java:208)
	at junit.framework.TestSuite.run(TestSuite.java:203)
	at junit.framework.TestSuite.runTest(TestSuite.java:208)
	at junit.framework.TestSuite.run(TestSuite.java:203)
	at junit.framework.TestSuite.runTest(TestSuite.java:208)
	at junit.framework.TestSuite.run(TestSuite.java:203)
	at org.apache.tools.ant.taskdefs.optional.junit.JUnitTestRunner.run(JUnitTestRunner.java:421)
	at org.apache.tools.ant.taskdefs.optional.junit.JUnitTestRunner.launch(JUnitTestRunner.java:912)
	at org.apache.tools.ant.taskdefs.optional.junit.JUnitTestRunner.main(JUnitTestRunner.java:766)
com.topcoder.service.digitalrun.contest.MockTrackContestTypeDAO.setSessionContext(javax.ejb.SessionContext)
java.lang.NoSuchMethodException: com.topcoder.service.digitalrun.contest.MockTrackContestTypeDAO.setSessionContext(javax.ejb.SessionContext)
	at java.lang.Class.getMethod(Class.java:1581)
	at com.topcoder.service.digitalrun.contest.DigitalRunContestManagerBean.inject(DigitalRunContestManagerBean.java:490)
	at com.topcoder.service.digitalrun.contest.DigitalRunContestManagerBean.initialize(DigitalRunContestManagerBean.java:462)
	at com.topcoder.service.digitalrun.contest.DigitalRunContestManagerBeanUnitTests.setUp(DigitalRunContestManagerBeanUnitTests.java:51)
	at junit.framework.TestCase.runBare(TestCase.java:125)
	at junit.framework.TestResult$1.protect(TestResult.java:106)
	at junit.framework.TestResult.runProtected(TestResult.java:124)
	at junit.framework.TestResult.run(TestResult.java:109)
	at junit.framework.TestCase.run(TestCase.java:118)
	at junit.framework.TestSuite.runTest(TestSuite.java:208)
	at junit.framework.TestSuite.run(TestSuite.java:203)
	at junit.framework.TestSuite.runTest(TestSuite.java:208)
	at junit.framework.TestSuite.run(TestSuite.java:203)
	at junit.framework.TestSuite.runTest(TestSuite.java:208)
	at junit.framework.TestSuite.run(TestSuite.java:203)
	at org.apache.tools.ant.taskdefs.optional.junit.JUnitTestRunner.run(JUnitTestRunner.java:421)
	at org.apache.tools.ant.taskdefs.optional.junit.JUnitTestRunner.launch(JUnitTestRunner.java:912)
	at org.apache.tools.ant.taskdefs.optional.junit.JUnitTestRunner.main(JUnitTestRunner.java:766)
com.topcoder.service.digitalrun.contest.MockResultCalculatorDAO.setSessionContext(javax.ejb.SessionContext)
java.lang.NoSuchMethodException: com.topcoder.service.digitalrun.contest.MockResultCalculatorDAO.setSessionContext(javax.ejb.SessionContext)
	at java.lang.Class.getMethod(Class.java:1581)
	at com.topcoder.service.digitalrun.contest.DigitalRunContestManagerBean.inject(DigitalRunContestManagerBean.java:490)
	at com.topcoder.service.digitalrun.contest.DigitalRunContestManagerBean.initialize(DigitalRunContestManagerBean.java:463)
	at com.topcoder.service.digitalrun.contest.DigitalRunContestManagerBeanUnitTests.setUp(DigitalRunContestManagerBeanUnitTests.java:51)
	at junit.framework.TestCase.runBare(TestCase.java:125)
	at junit.framework.TestResult$1.protect(TestResult.java:106)
	at junit.framework.TestResult.runProtected(TestResult.java:124)
	at junit.framework.TestResult.run(TestResult.java:109)
	at junit.framework.TestCase.run(TestCase.java:118)
	at junit.framework.TestSuite.runTest(TestSuite.java:208)
	at junit.framework.TestSuite.run(TestSuite.java:203)
	at junit.framework.TestSuite.runTest(TestSuite.java:208)
	at junit.framework.TestSuite.run(TestSuite.java:203)
	at junit.framework.TestSuite.runTest(TestSuite.java:208)
	at junit.framework.TestSuite.run(TestSuite.java:203)
	at org.apache.tools.ant.taskdefs.optional.junit.JUnitTestRunner.run(JUnitTestRunner.java:421)
	at org.apache.tools.ant.taskdefs.optional.junit.JUnitTestRunner.launch(JUnitTestRunner.java:912)
	at org.apache.tools.ant.taskdefs.optional.junit.JUnitTestRunner.main(JUnitTestRunner.java:766)
Enter into method [DigitalRunContestManagerBean#getTrackContestResultCalculator(long)]
mock exception
com.topcoder.service.digitalrun.contest.PersistenceException: mock exception
	at com.topcoder.service.digitalrun.contest.MockResultCalculatorDAO.getTrackContestResultCalculator(MockResultCalculatorDAO.java:65)
	at com.topcoder.service.digitalrun.contest.DigitalRunContestManagerBean.getTrackContestResultCalculator(DigitalRunContestManagerBean.java:982)
	at com.topcoder.service.digitalrun.contest.DigitalRunContestManagerBeanUnitTests.testGetTrackContestResultCalculator(DigitalRunContestManagerBeanUnitTests.java:373)
	at sun.reflect.NativeMethodAccessorImpl.invoke0(Native Method)
	at sun.reflect.NativeMethodAccessorImpl.invoke(NativeMethodAccessorImpl.java:39)
	at sun.reflect.DelegatingMethodAccessorImpl.invoke(DelegatingMethodAccessorImpl.java:25)
	at java.lang.reflect.Method.invoke(Method.java:585)
	at junit.framework.TestCase.runTest(TestCase.java:154)
	at junit.framework.TestCase.runBare(TestCase.java:127)
	at junit.framework.TestResult$1.protect(TestResult.java:106)
	at junit.framework.TestResult.runProtected(TestResult.java:124)
	at junit.framework.TestResult.run(TestResult.java:109)
	at junit.framework.TestCase.run(TestCase.java:118)
	at junit.framework.TestSuite.runTest(TestSuite.java:208)
	at junit.framework.TestSuite.run(TestSuite.java:203)
	at junit.framework.TestSuite.runTest(TestSuite.java:208)
	at junit.framework.TestSuite.run(TestSuite.java:203)
	at junit.framework.TestSuite.runTest(TestSuite.java:208)
	at junit.framework.TestSuite.run(TestSuite.java:203)
	at org.apache.tools.ant.taskdefs.optional.junit.JUnitTestRunner.run(JUnitTestRunner.java:421)
	at org.apache.tools.ant.taskdefs.optional.junit.JUnitTestRunner.launch(JUnitTestRunner.java:912)
	at org.apache.tools.ant.taskdefs.optional.junit.JUnitTestRunner.main(JUnitTestRunner.java:766)
Exit from method [DigitalRunContestManagerBean#getTrackContestResultCalculator(long)]
com.topcoder.service.digitalrun.contest.MockTrackContestDAO.setLogger(com.topcoder.util.log.Log)
java.lang.NoSuchMethodException: com.topcoder.service.digitalrun.contest.MockTrackContestDAO.setLogger(com.topcoder.util.log.Log)
	at java.lang.Class.getMethod(Class.java:1581)
	at com.topcoder.service.digitalrun.contest.DigitalRunContestManagerBean.inject(DigitalRunContestManagerBean.java:490)
	at com.topcoder.service.digitalrun.contest.DigitalRunContestManagerBean.initialize(DigitalRunContestManagerBean.java:452)
	at com.topcoder.service.digitalrun.contest.DigitalRunContestManagerBeanUnitTests.setUp(DigitalRunContestManagerBeanUnitTests.java:51)
	at junit.framework.TestCase.runBare(TestCase.java:125)
	at junit.framework.TestResult$1.protect(TestResult.java:106)
	at junit.framework.TestResult.runProtected(TestResult.java:124)
	at junit.framework.TestResult.run(TestResult.java:109)
	at junit.framework.TestCase.run(TestCase.java:118)
	at junit.framework.TestSuite.runTest(TestSuite.java:208)
	at junit.framework.TestSuite.run(TestSuite.java:203)
	at junit.framework.TestSuite.runTest(TestSuite.java:208)
	at junit.framework.TestSuite.run(TestSuite.java:203)
	at junit.framework.TestSuite.runTest(TestSuite.java:208)
	at junit.framework.TestSuite.run(TestSuite.java:203)
	at org.apache.tools.ant.taskdefs.optional.junit.JUnitTestRunner.run(JUnitTestRunner.java:421)
	at org.apache.tools.ant.taskdefs.optional.junit.JUnitTestRunner.launch(JUnitTestRunner.java:912)
	at org.apache.tools.ant.taskdefs.optional.junit.JUnitTestRunner.main(JUnitTestRunner.java:766)
com.topcoder.service.digitalrun.contest.MockTrackContestTypeDAO.setLogger(com.topcoder.util.log.Log)
java.lang.NoSuchMethodException: com.topcoder.service.digitalrun.contest.MockTrackContestTypeDAO.setLogger(com.topcoder.util.log.Log)
	at java.lang.Class.getMethod(Class.java:1581)
	at com.topcoder.service.digitalrun.contest.DigitalRunContestManagerBean.inject(DigitalRunContestManagerBean.java:490)
	at com.topcoder.service.digitalrun.contest.DigitalRunContestManagerBean.initialize(DigitalRunContestManagerBean.java:453)
	at com.topcoder.service.digitalrun.contest.DigitalRunContestManagerBeanUnitTests.setUp(DigitalRunContestManagerBeanUnitTests.java:51)
	at junit.framework.TestCase.runBare(TestCase.java:125)
	at junit.framework.TestResult$1.protect(TestResult.java:106)
	at junit.framework.TestResult.runProtected(TestResult.java:124)
	at junit.framework.TestResult.run(TestResult.java:109)
	at junit.framework.TestCase.run(TestCase.java:118)
	at junit.framework.TestSuite.runTest(TestSuite.java:208)
	at junit.framework.TestSuite.run(TestSuite.java:203)
	at junit.framework.TestSuite.runTest(TestSuite.java:208)
	at junit.framework.TestSuite.run(TestSuite.java:203)
	at junit.framework.TestSuite.runTest(TestSuite.java:208)
	at junit.framework.TestSuite.run(TestSuite.java:203)
	at org.apache.tools.ant.taskdefs.optional.junit.JUnitTestRunner.run(JUnitTestRunner.java:421)
	at org.apache.tools.ant.taskdefs.optional.junit.JUnitTestRunner.launch(JUnitTestRunner.java:912)
	at org.apache.tools.ant.taskdefs.optional.junit.JUnitTestRunner.main(JUnitTestRunner.java:766)
com.topcoder.service.digitalrun.contest.MockResultCalculatorDAO.setLogger(com.topcoder.util.log.Log)
java.lang.NoSuchMethodException: com.topcoder.service.digitalrun.contest.MockResultCalculatorDAO.setLogger(com.topcoder.util.log.Log)
	at java.lang.Class.getMethod(Class.java:1581)
	at com.topcoder.service.digitalrun.contest.DigitalRunContestManagerBean.inject(DigitalRunContestManagerBean.java:490)
	at com.topcoder.service.digitalrun.contest.DigitalRunContestManagerBean.initialize(DigitalRunContestManagerBean.java:454)
	at com.topcoder.service.digitalrun.contest.DigitalRunContestManagerBeanUnitTests.setUp(DigitalRunContestManagerBeanUnitTests.java:51)
	at junit.framework.TestCase.runBare(TestCase.java:125)
	at junit.framework.TestResult$1.protect(TestResult.java:106)
	at junit.framework.TestResult.runProtected(TestResult.java:124)
	at junit.framework.TestResult.run(TestResult.java:109)
	at junit.framework.TestCase.run(TestCase.java:118)
	at junit.framework.TestSuite.runTest(TestSuite.java:208)
	at junit.framework.TestSuite.run(TestSuite.java:203)
	at junit.framework.TestSuite.runTest(TestSuite.java:208)
	at junit.framework.TestSuite.run(TestSuite.java:203)
	at junit.framework.TestSuite.runTest(TestSuite.java:208)
	at junit.framework.TestSuite.run(TestSuite.java:203)
	at org.apache.tools.ant.taskdefs.optional.junit.JUnitTestRunner.run(JUnitTestRunner.java:421)
	at org.apache.tools.ant.taskdefs.optional.junit.JUnitTestRunner.launch(JUnitTestRunner.java:912)
	at org.apache.tools.ant.taskdefs.optional.junit.JUnitTestRunner.main(JUnitTestRunner.java:766)
com.topcoder.service.digitalrun.contest.MockTrackContestDAO.setUnitName(java.lang.String)
java.lang.NoSuchMethodException: com.topcoder.service.digitalrun.contest.MockTrackContestDAO.setUnitName(java.lang.String)
	at java.lang.Class.getMethod(Class.java:1581)
	at com.topcoder.service.digitalrun.contest.DigitalRunContestManagerBean.inject(DigitalRunContestManagerBean.java:490)
	at com.topcoder.service.digitalrun.contest.DigitalRunContestManagerBean.initialize(DigitalRunContestManagerBean.java:457)
	at com.topcoder.service.digitalrun.contest.DigitalRunContestManagerBeanUnitTests.setUp(DigitalRunContestManagerBeanUnitTests.java:51)
	at junit.framework.TestCase.runBare(TestCase.java:125)
	at junit.framework.TestResult$1.protect(TestResult.java:106)
	at junit.framework.TestResult.runProtected(TestResult.java:124)
	at junit.framework.TestResult.run(TestResult.java:109)
	at junit.framework.TestCase.run(TestCase.java:118)
	at junit.framework.TestSuite.runTest(TestSuite.java:208)
	at junit.framework.TestSuite.run(TestSuite.java:203)
	at junit.framework.TestSuite.runTest(TestSuite.java:208)
	at junit.framework.TestSuite.run(TestSuite.java:203)
	at junit.framework.TestSuite.runTest(TestSuite.java:208)
	at junit.framework.TestSuite.run(TestSuite.java:203)
	at org.apache.tools.ant.taskdefs.optional.junit.JUnitTestRunner.run(JUnitTestRunner.java:421)
	at org.apache.tools.ant.taskdefs.optional.junit.JUnitTestRunner.launch(JUnitTestRunner.java:912)
	at org.apache.tools.ant.taskdefs.optional.junit.JUnitTestRunner.main(JUnitTestRunner.java:766)
com.topcoder.service.digitalrun.contest.MockTrackContestTypeDAO.setUnitName(java.lang.String)
java.lang.NoSuchMethodException: com.topcoder.service.digitalrun.contest.MockTrackContestTypeDAO.setUnitName(java.lang.String)
	at java.lang.Class.getMethod(Class.java:1581)
	at com.topcoder.service.digitalrun.contest.DigitalRunContestManagerBean.inject(DigitalRunContestManagerBean.java:490)
	at com.topcoder.service.digitalrun.contest.DigitalRunContestManagerBean.initialize(DigitalRunContestManagerBean.java:458)
	at com.topcoder.service.digitalrun.contest.DigitalRunContestManagerBeanUnitTests.setUp(DigitalRunContestManagerBeanUnitTests.java:51)
	at junit.framework.TestCase.runBare(TestCase.java:125)
	at junit.framework.TestResult$1.protect(TestResult.java:106)
	at junit.framework.TestResult.runProtected(TestResult.java:124)
	at junit.framework.TestResult.run(TestResult.java:109)
	at junit.framework.TestCase.run(TestCase.java:118)
	at junit.framework.TestSuite.runTest(TestSuite.java:208)
	at junit.framework.TestSuite.run(TestSuite.java:203)
	at junit.framework.TestSuite.runTest(TestSuite.java:208)
	at junit.framework.TestSuite.run(TestSuite.java:203)
	at junit.framework.TestSuite.runTest(TestSuite.java:208)
	at junit.framework.TestSuite.run(TestSuite.java:203)
	at org.apache.tools.ant.taskdefs.optional.junit.JUnitTestRunner.run(JUnitTestRunner.java:421)
	at org.apache.tools.ant.taskdefs.optional.junit.JUnitTestRunner.launch(JUnitTestRunner.java:912)
	at org.apache.tools.ant.taskdefs.optional.junit.JUnitTestRunner.main(JUnitTestRunner.java:766)
com.topcoder.service.digitalrun.contest.MockResultCalculatorDAO.setUnitName(java.lang.String)
java.lang.NoSuchMethodException: com.topcoder.service.digitalrun.contest.MockResultCalculatorDAO.setUnitName(java.lang.String)
	at java.lang.Class.getMethod(Class.java:1581)
	at com.topcoder.service.digitalrun.contest.DigitalRunContestManagerBean.inject(DigitalRunContestManagerBean.java:490)
	at com.topcoder.service.digitalrun.contest.DigitalRunContestManagerBean.initialize(DigitalRunContestManagerBean.java:459)
	at com.topcoder.service.digitalrun.contest.DigitalRunContestManagerBeanUnitTests.setUp(DigitalRunContestManagerBeanUnitTests.java:51)
	at junit.framework.TestCase.runBare(TestCase.java:125)
	at junit.framework.TestResult$1.protect(TestResult.java:106)
	at junit.framework.TestResult.runProtected(TestResult.java:124)
	at junit.framework.TestResult.run(TestResult.java:109)
	at junit.framework.TestCase.run(TestCase.java:118)
	at junit.framework.TestSuite.runTest(TestSuite.java:208)
	at junit.framework.TestSuite.run(TestSuite.java:203)
	at junit.framework.TestSuite.runTest(TestSuite.java:208)
	at junit.framework.TestSuite.run(TestSuite.java:203)
	at junit.framework.TestSuite.runTest(TestSuite.java:208)
	at junit.framework.TestSuite.run(TestSuite.java:203)
	at org.apache.tools.ant.taskdefs.optional.junit.JUnitTestRunner.run(JUnitTestRunner.java:421)
	at org.apache.tools.ant.taskdefs.optional.junit.JUnitTestRunner.launch(JUnitTestRunner.java:912)
	at org.apache.tools.ant.taskdefs.optional.junit.JUnitTestRunner.main(JUnitTestRunner.java:766)
com.topcoder.service.digitalrun.contest.MockTrackContestDAO.setSessionContext(javax.ejb.SessionContext)
java.lang.NoSuchMethodException: com.topcoder.service.digitalrun.contest.MockTrackContestDAO.setSessionContext(javax.ejb.SessionContext)
	at java.lang.Class.getMethod(Class.java:1581)
	at com.topcoder.service.digitalrun.contest.DigitalRunContestManagerBean.inject(DigitalRunContestManagerBean.java:490)
	at com.topcoder.service.digitalrun.contest.DigitalRunContestManagerBean.initialize(DigitalRunContestManagerBean.java:461)
	at com.topcoder.service.digitalrun.contest.DigitalRunContestManagerBeanUnitTests.setUp(DigitalRunContestManagerBeanUnitTests.java:51)
	at junit.framework.TestCase.runBare(TestCase.java:125)
	at junit.framework.TestResult$1.protect(TestResult.java:106)
	at junit.framework.TestResult.runProtected(TestResult.java:124)
	at junit.framework.TestResult.run(TestResult.java:109)
	at junit.framework.TestCase.run(TestCase.java:118)
	at junit.framework.TestSuite.runTest(TestSuite.java:208)
	at junit.framework.TestSuite.run(TestSuite.java:203)
	at junit.framework.TestSuite.runTest(TestSuite.java:208)
	at junit.framework.TestSuite.run(TestSuite.java:203)
	at junit.framework.TestSuite.runTest(TestSuite.java:208)
	at junit.framework.TestSuite.run(TestSuite.java:203)
	at org.apache.tools.ant.taskdefs.optional.junit.JUnitTestRunner.run(JUnitTestRunner.java:421)
	at org.apache.tools.ant.taskdefs.optional.junit.JUnitTestRunner.launch(JUnitTestRunner.java:912)
	at org.apache.tools.ant.taskdefs.optional.junit.JUnitTestRunner.main(JUnitTestRunner.java:766)
com.topcoder.service.digitalrun.contest.MockTrackContestTypeDAO.setSessionContext(javax.ejb.SessionContext)
java.lang.NoSuchMethodException: com.topcoder.service.digitalrun.contest.MockTrackContestTypeDAO.setSessionContext(javax.ejb.SessionContext)
	at java.lang.Class.getMethod(Class.java:1581)
	at com.topcoder.service.digitalrun.contest.DigitalRunContestManagerBean.inject(DigitalRunContestManagerBean.java:490)
	at com.topcoder.service.digitalrun.contest.DigitalRunContestManagerBean.initialize(DigitalRunContestManagerBean.java:462)
	at com.topcoder.service.digitalrun.contest.DigitalRunContestManagerBeanUnitTests.setUp(DigitalRunContestManagerBeanUnitTests.java:51)
	at junit.framework.TestCase.runBare(TestCase.java:125)
	at junit.framework.TestResult$1.protect(TestResult.java:106)
	at junit.framework.TestResult.runProtected(TestResult.java:124)
	at junit.framework.TestResult.run(TestResult.java:109)
	at junit.framework.TestCase.run(TestCase.java:118)
	at junit.framework.TestSuite.runTest(TestSuite.java:208)
	at junit.framework.TestSuite.run(TestSuite.java:203)
	at junit.framework.TestSuite.runTest(TestSuite.java:208)
	at junit.framework.TestSuite.run(TestSuite.java:203)
	at junit.framework.TestSuite.runTest(TestSuite.java:208)
	at junit.framework.TestSuite.run(TestSuite.java:203)
	at org.apache.tools.ant.taskdefs.optional.junit.JUnitTestRunner.run(JUnitTestRunner.java:421)
	at org.apache.tools.ant.taskdefs.optional.junit.JUnitTestRunner.launch(JUnitTestRunner.java:912)
	at org.apache.tools.ant.taskdefs.optional.junit.JUnitTestRunner.main(JUnitTestRunner.java:766)
com.topcoder.service.digitalrun.contest.MockResultCalculatorDAO.setSessionContext(javax.ejb.SessionContext)
java.lang.NoSuchMethodException: com.topcoder.service.digitalrun.contest.MockResultCalculatorDAO.setSessionContext(javax.ejb.SessionContext)
	at java.lang.Class.getMethod(Class.java:1581)
	at com.topcoder.service.digitalrun.contest.DigitalRunContestManagerBean.inject(DigitalRunContestManagerBean.java:490)
	at com.topcoder.service.digitalrun.contest.DigitalRunContestManagerBean.initialize(DigitalRunContestManagerBean.java:463)
	at com.topcoder.service.digitalrun.contest.DigitalRunContestManagerBeanUnitTests.setUp(DigitalRunContestManagerBeanUnitTests.java:51)
	at junit.framework.TestCase.runBare(TestCase.java:125)
	at junit.framework.TestResult$1.protect(TestResult.java:106)
	at junit.framework.TestResult.runProtected(TestResult.java:124)
	at junit.framework.TestResult.run(TestResult.java:109)
	at junit.framework.TestCase.run(TestCase.java:118)
	at junit.framework.TestSuite.runTest(TestSuite.java:208)
	at junit.framework.TestSuite.run(TestSuite.java:203)
	at junit.framework.TestSuite.runTest(TestSuite.java:208)
	at junit.framework.TestSuite.run(TestSuite.java:203)
	at junit.framework.TestSuite.runTest(TestSuite.java:208)
	at junit.framework.TestSuite.run(TestSuite.java:203)
	at org.apache.tools.ant.taskdefs.optional.junit.JUnitTestRunner.run(JUnitTestRunner.java:421)
	at org.apache.tools.ant.taskdefs.optional.junit.JUnitTestRunner.launch(JUnitTestRunner.java:912)
	at org.apache.tools.ant.taskdefs.optional.junit.JUnitTestRunner.main(JUnitTestRunner.java:766)
Enter into method [DigitalRunContestManagerBean#removeTrackContestResultCalculator(long)]
mock exception
com.topcoder.service.digitalrun.contest.PersistenceException: mock exception
	at com.topcoder.service.digitalrun.contest.MockResultCalculatorDAO.removeTrackContestResultCalculator(MockResultCalculatorDAO.java:80)
	at com.topcoder.service.digitalrun.contest.DigitalRunContestManagerBean.removeTrackContestResultCalculator(DigitalRunContestManagerBean.java:953)
	at com.topcoder.service.digitalrun.contest.DigitalRunContestManagerBeanUnitTests.testRemoveTrackContestResultCalculator(DigitalRunContestManagerBeanUnitTests.java:391)
	at sun.reflect.NativeMethodAccessorImpl.invoke0(Native Method)
	at sun.reflect.NativeMethodAccessorImpl.invoke(NativeMethodAccessorImpl.java:39)
	at sun.reflect.DelegatingMethodAccessorImpl.invoke(DelegatingMethodAccessorImpl.java:25)
	at java.lang.reflect.Method.invoke(Method.java:585)
	at junit.framework.TestCase.runTest(TestCase.java:154)
	at junit.framework.TestCase.runBare(TestCase.java:127)
	at junit.framework.TestResult$1.protect(TestResult.java:106)
	at junit.framework.TestResult.runProtected(TestResult.java:124)
	at junit.framework.TestResult.run(TestResult.java:109)
	at junit.framework.TestCase.run(TestCase.java:118)
	at junit.framework.TestSuite.runTest(TestSuite.java:208)
	at junit.framework.TestSuite.run(TestSuite.java:203)
	at junit.framework.TestSuite.runTest(TestSuite.java:208)
	at junit.framework.TestSuite.run(TestSuite.java:203)
	at junit.framework.TestSuite.runTest(TestSuite.java:208)
	at junit.framework.TestSuite.run(TestSuite.java:203)
	at org.apache.tools.ant.taskdefs.optional.junit.JUnitTestRunner.run(JUnitTestRunner.java:421)
	at org.apache.tools.ant.taskdefs.optional.junit.JUnitTestRunner.launch(JUnitTestRunner.java:912)
	at org.apache.tools.ant.taskdefs.optional.junit.JUnitTestRunner.main(JUnitTestRunner.java:766)
Exit from method [DigitalRunContestManagerBean#removeTrackContestResultCalculator(long)]
com.topcoder.service.digitalrun.contest.MockTrackContestDAO.setLogger(com.topcoder.util.log.Log)
java.lang.NoSuchMethodException: com.topcoder.service.digitalrun.contest.MockTrackContestDAO.setLogger(com.topcoder.util.log.Log)
	at java.lang.Class.getMethod(Class.java:1581)
	at com.topcoder.service.digitalrun.contest.DigitalRunContestManagerBean.inject(DigitalRunContestManagerBean.java:490)
	at com.topcoder.service.digitalrun.contest.DigitalRunContestManagerBean.initialize(DigitalRunContestManagerBean.java:452)
	at com.topcoder.service.digitalrun.contest.DigitalRunContestManagerBeanUnitTests.setUp(DigitalRunContestManagerBeanUnitTests.java:51)
	at junit.framework.TestCase.runBare(TestCase.java:125)
	at junit.framework.TestResult$1.protect(TestResult.java:106)
	at junit.framework.TestResult.runProtected(TestResult.java:124)
	at junit.framework.TestResult.run(TestResult.java:109)
	at junit.framework.TestCase.run(TestCase.java:118)
	at junit.framework.TestSuite.runTest(TestSuite.java:208)
	at junit.framework.TestSuite.run(TestSuite.java:203)
	at junit.framework.TestSuite.runTest(TestSuite.java:208)
	at junit.framework.TestSuite.run(TestSuite.java:203)
	at junit.framework.TestSuite.runTest(TestSuite.java:208)
	at junit.framework.TestSuite.run(TestSuite.java:203)
	at org.apache.tools.ant.taskdefs.optional.junit.JUnitTestRunner.run(JUnitTestRunner.java:421)
	at org.apache.tools.ant.taskdefs.optional.junit.JUnitTestRunner.launch(JUnitTestRunner.java:912)
	at org.apache.tools.ant.taskdefs.optional.junit.JUnitTestRunner.main(JUnitTestRunner.java:766)
com.topcoder.service.digitalrun.contest.MockTrackContestTypeDAO.setLogger(com.topcoder.util.log.Log)
java.lang.NoSuchMethodException: com.topcoder.service.digitalrun.contest.MockTrackContestTypeDAO.setLogger(com.topcoder.util.log.Log)
	at java.lang.Class.getMethod(Class.java:1581)
	at com.topcoder.service.digitalrun.contest.DigitalRunContestManagerBean.inject(DigitalRunContestManagerBean.java:490)
	at com.topcoder.service.digitalrun.contest.DigitalRunContestManagerBean.initialize(DigitalRunContestManagerBean.java:453)
	at com.topcoder.service.digitalrun.contest.DigitalRunContestManagerBeanUnitTests.setUp(DigitalRunContestManagerBeanUnitTests.java:51)
	at junit.framework.TestCase.runBare(TestCase.java:125)
	at junit.framework.TestResult$1.protect(TestResult.java:106)
	at junit.framework.TestResult.runProtected(TestResult.java:124)
	at junit.framework.TestResult.run(TestResult.java:109)
	at junit.framework.TestCase.run(TestCase.java:118)
	at junit.framework.TestSuite.runTest(TestSuite.java:208)
	at junit.framework.TestSuite.run(TestSuite.java:203)
	at junit.framework.TestSuite.runTest(TestSuite.java:208)
	at junit.framework.TestSuite.run(TestSuite.java:203)
	at junit.framework.TestSuite.runTest(TestSuite.java:208)
	at junit.framework.TestSuite.run(TestSuite.java:203)
	at org.apache.tools.ant.taskdefs.optional.junit.JUnitTestRunner.run(JUnitTestRunner.java:421)
	at org.apache.tools.ant.taskdefs.optional.junit.JUnitTestRunner.launch(JUnitTestRunner.java:912)
	at org.apache.tools.ant.taskdefs.optional.junit.JUnitTestRunner.main(JUnitTestRunner.java:766)
com.topcoder.service.digitalrun.contest.MockResultCalculatorDAO.setLogger(com.topcoder.util.log.Log)
java.lang.NoSuchMethodException: com.topcoder.service.digitalrun.contest.MockResultCalculatorDAO.setLogger(com.topcoder.util.log.Log)
	at java.lang.Class.getMethod(Class.java:1581)
	at com.topcoder.service.digitalrun.contest.DigitalRunContestManagerBean.inject(DigitalRunContestManagerBean.java:490)
	at com.topcoder.service.digitalrun.contest.DigitalRunContestManagerBean.initialize(DigitalRunContestManagerBean.java:454)
	at com.topcoder.service.digitalrun.contest.DigitalRunContestManagerBeanUnitTests.setUp(DigitalRunContestManagerBeanUnitTests.java:51)
	at junit.framework.TestCase.runBare(TestCase.java:125)
	at junit.framework.TestResult$1.protect(TestResult.java:106)
	at junit.framework.TestResult.runProtected(TestResult.java:124)
	at junit.framework.TestResult.run(TestResult.java:109)
	at junit.framework.TestCase.run(TestCase.java:118)
	at junit.framework.TestSuite.runTest(TestSuite.java:208)
	at junit.framework.TestSuite.run(TestSuite.java:203)
	at junit.framework.TestSuite.runTest(TestSuite.java:208)
	at junit.framework.TestSuite.run(TestSuite.java:203)
	at junit.framework.TestSuite.runTest(TestSuite.java:208)
	at junit.framework.TestSuite.run(TestSuite.java:203)
	at org.apache.tools.ant.taskdefs.optional.junit.JUnitTestRunner.run(JUnitTestRunner.java:421)
	at org.apache.tools.ant.taskdefs.optional.junit.JUnitTestRunner.launch(JUnitTestRunner.java:912)
	at org.apache.tools.ant.taskdefs.optional.junit.JUnitTestRunner.main(JUnitTestRunner.java:766)
com.topcoder.service.digitalrun.contest.MockTrackContestDAO.setUnitName(java.lang.String)
java.lang.NoSuchMethodException: com.topcoder.service.digitalrun.contest.MockTrackContestDAO.setUnitName(java.lang.String)
	at java.lang.Class.getMethod(Class.java:1581)
	at com.topcoder.service.digitalrun.contest.DigitalRunContestManagerBean.inject(DigitalRunContestManagerBean.java:490)
	at com.topcoder.service.digitalrun.contest.DigitalRunContestManagerBean.initialize(DigitalRunContestManagerBean.java:457)
	at com.topcoder.service.digitalrun.contest.DigitalRunContestManagerBeanUnitTests.setUp(DigitalRunContestManagerBeanUnitTests.java:51)
	at junit.framework.TestCase.runBare(TestCase.java:125)
	at junit.framework.TestResult$1.protect(TestResult.java:106)
	at junit.framework.TestResult.runProtected(TestResult.java:124)
	at junit.framework.TestResult.run(TestResult.java:109)
	at junit.framework.TestCase.run(TestCase.java:118)
	at junit.framework.TestSuite.runTest(TestSuite.java:208)
	at junit.framework.TestSuite.run(TestSuite.java:203)
	at junit.framework.TestSuite.runTest(TestSuite.java:208)
	at junit.framework.TestSuite.run(TestSuite.java:203)
	at junit.framework.TestSuite.runTest(TestSuite.java:208)
	at junit.framework.TestSuite.run(TestSuite.java:203)
	at org.apache.tools.ant.taskdefs.optional.junit.JUnitTestRunner.run(JUnitTestRunner.java:421)
	at org.apache.tools.ant.taskdefs.optional.junit.JUnitTestRunner.launch(JUnitTestRunner.java:912)
	at org.apache.tools.ant.taskdefs.optional.junit.JUnitTestRunner.main(JUnitTestRunner.java:766)
com.topcoder.service.digitalrun.contest.MockTrackContestTypeDAO.setUnitName(java.lang.String)
java.lang.NoSuchMethodException: com.topcoder.service.digitalrun.contest.MockTrackContestTypeDAO.setUnitName(java.lang.String)
	at java.lang.Class.getMethod(Class.java:1581)
	at com.topcoder.service.digitalrun.contest.DigitalRunContestManagerBean.inject(DigitalRunContestManagerBean.java:490)
	at com.topcoder.service.digitalrun.contest.DigitalRunContestManagerBean.initialize(DigitalRunContestManagerBean.java:458)
	at com.topcoder.service.digitalrun.contest.DigitalRunContestManagerBeanUnitTests.setUp(DigitalRunContestManagerBeanUnitTests.java:51)
	at junit.framework.TestCase.runBare(TestCase.java:125)
	at junit.framework.TestResult$1.protect(TestResult.java:106)
	at junit.framework.TestResult.runProtected(TestResult.java:124)
	at junit.framework.TestResult.run(TestResult.java:109)
	at junit.framework.TestCase.run(TestCase.java:118)
	at junit.framework.TestSuite.runTest(TestSuite.java:208)
	at junit.framework.TestSuite.run(TestSuite.java:203)
	at junit.framework.TestSuite.runTest(TestSuite.java:208)
	at junit.framework.TestSuite.run(TestSuite.java:203)
	at junit.framework.TestSuite.runTest(TestSuite.java:208)
	at junit.framework.TestSuite.run(TestSuite.java:203)
	at org.apache.tools.ant.taskdefs.optional.junit.JUnitTestRunner.run(JUnitTestRunner.java:421)
	at org.apache.tools.ant.taskdefs.optional.junit.JUnitTestRunner.launch(JUnitTestRunner.java:912)
	at org.apache.tools.ant.taskdefs.optional.junit.JUnitTestRunner.main(JUnitTestRunner.java:766)
com.topcoder.service.digitalrun.contest.MockResultCalculatorDAO.setUnitName(java.lang.String)
java.lang.NoSuchMethodException: com.topcoder.service.digitalrun.contest.MockResultCalculatorDAO.setUnitName(java.lang.String)
	at java.lang.Class.getMethod(Class.java:1581)
	at com.topcoder.service.digitalrun.contest.DigitalRunContestManagerBean.inject(DigitalRunContestManagerBean.java:490)
	at com.topcoder.service.digitalrun.contest.DigitalRunContestManagerBean.initialize(DigitalRunContestManagerBean.java:459)
	at com.topcoder.service.digitalrun.contest.DigitalRunContestManagerBeanUnitTests.setUp(DigitalRunContestManagerBeanUnitTests.java:51)
	at junit.framework.TestCase.runBare(TestCase.java:125)
	at junit.framework.TestResult$1.protect(TestResult.java:106)
	at junit.framework.TestResult.runProtected(TestResult.java:124)
	at junit.framework.TestResult.run(TestResult.java:109)
	at junit.framework.TestCase.run(TestCase.java:118)
	at junit.framework.TestSuite.runTest(TestSuite.java:208)
	at junit.framework.TestSuite.run(TestSuite.java:203)
	at junit.framework.TestSuite.runTest(TestSuite.java:208)
	at junit.framework.TestSuite.run(TestSuite.java:203)
	at junit.framework.TestSuite.runTest(TestSuite.java:208)
	at junit.framework.TestSuite.run(TestSuite.java:203)
	at org.apache.tools.ant.taskdefs.optional.junit.JUnitTestRunner.run(JUnitTestRunner.java:421)
	at org.apache.tools.ant.taskdefs.optional.junit.JUnitTestRunner.launch(JUnitTestRunner.java:912)
	at org.apache.tools.ant.taskdefs.optional.junit.JUnitTestRunner.main(JUnitTestRunner.java:766)
com.topcoder.service.digitalrun.contest.MockTrackContestDAO.setSessionContext(javax.ejb.SessionContext)
java.lang.NoSuchMethodException: com.topcoder.service.digitalrun.contest.MockTrackContestDAO.setSessionContext(javax.ejb.SessionContext)
	at java.lang.Class.getMethod(Class.java:1581)
	at com.topcoder.service.digitalrun.contest.DigitalRunContestManagerBean.inject(DigitalRunContestManagerBean.java:490)
	at com.topcoder.service.digitalrun.contest.DigitalRunContestManagerBean.initialize(DigitalRunContestManagerBean.java:461)
	at com.topcoder.service.digitalrun.contest.DigitalRunContestManagerBeanUnitTests.setUp(DigitalRunContestManagerBeanUnitTests.java:51)
	at junit.framework.TestCase.runBare(TestCase.java:125)
	at junit.framework.TestResult$1.protect(TestResult.java:106)
	at junit.framework.TestResult.runProtected(TestResult.java:124)
	at junit.framework.TestResult.run(TestResult.java:109)
	at junit.framework.TestCase.run(TestCase.java:118)
	at junit.framework.TestSuite.runTest(TestSuite.java:208)
	at junit.framework.TestSuite.run(TestSuite.java:203)
	at junit.framework.TestSuite.runTest(TestSuite.java:208)
	at junit.framework.TestSuite.run(TestSuite.java:203)
	at junit.framework.TestSuite.runTest(TestSuite.java:208)
	at junit.framework.TestSuite.run(TestSuite.java:203)
	at org.apache.tools.ant.taskdefs.optional.junit.JUnitTestRunner.run(JUnitTestRunner.java:421)
	at org.apache.tools.ant.taskdefs.optional.junit.JUnitTestRunner.launch(JUnitTestRunner.java:912)
	at org.apache.tools.ant.taskdefs.optional.junit.JUnitTestRunner.main(JUnitTestRunner.java:766)
com.topcoder.service.digitalrun.contest.MockTrackContestTypeDAO.setSessionContext(javax.ejb.SessionContext)
java.lang.NoSuchMethodException: com.topcoder.service.digitalrun.contest.MockTrackContestTypeDAO.setSessionContext(javax.ejb.SessionContext)
	at java.lang.Class.getMethod(Class.java:1581)
	at com.topcoder.service.digitalrun.contest.DigitalRunContestManagerBean.inject(DigitalRunContestManagerBean.java:490)
	at com.topcoder.service.digitalrun.contest.DigitalRunContestManagerBean.initialize(DigitalRunContestManagerBean.java:462)
	at com.topcoder.service.digitalrun.contest.DigitalRunContestManagerBeanUnitTests.setUp(DigitalRunContestManagerBeanUnitTests.java:51)
	at junit.framework.TestCase.runBare(TestCase.java:125)
	at junit.framework.TestResult$1.protect(TestResult.java:106)
	at junit.framework.TestResult.runProtected(TestResult.java:124)
	at junit.framework.TestResult.run(TestResult.java:109)
	at junit.framework.TestCase.run(TestCase.java:118)
	at junit.framework.TestSuite.runTest(TestSuite.java:208)
	at junit.framework.TestSuite.run(TestSuite.java:203)
	at junit.framework.TestSuite.runTest(TestSuite.java:208)
	at junit.framework.TestSuite.run(TestSuite.java:203)
	at junit.framework.TestSuite.runTest(TestSuite.java:208)
	at junit.framework.TestSuite.run(TestSuite.java:203)
	at org.apache.tools.ant.taskdefs.optional.junit.JUnitTestRunner.run(JUnitTestRunner.java:421)
	at org.apache.tools.ant.taskdefs.optional.junit.JUnitTestRunner.launch(JUnitTestRunner.java:912)
	at org.apache.tools.ant.taskdefs.optional.junit.JUnitTestRunner.main(JUnitTestRunner.java:766)
com.topcoder.service.digitalrun.contest.MockResultCalculatorDAO.setSessionContext(javax.ejb.SessionContext)
java.lang.NoSuchMethodException: com.topcoder.service.digitalrun.contest.MockResultCalculatorDAO.setSessionContext(javax.ejb.SessionContext)
	at java.lang.Class.getMethod(Class.java:1581)
	at com.topcoder.service.digitalrun.contest.DigitalRunContestManagerBean.inject(DigitalRunContestManagerBean.java:490)
	at com.topcoder.service.digitalrun.contest.DigitalRunContestManagerBean.initialize(DigitalRunContestManagerBean.java:463)
	at com.topcoder.service.digitalrun.contest.DigitalRunContestManagerBeanUnitTests.setUp(DigitalRunContestManagerBeanUnitTests.java:51)
	at junit.framework.TestCase.runBare(TestCase.java:125)
	at junit.framework.TestResult$1.protect(TestResult.java:106)
	at junit.framework.TestResult.runProtected(TestResult.java:124)
	at junit.framework.TestResult.run(TestResult.java:109)
	at junit.framework.TestCase.run(TestCase.java:118)
	at junit.framework.TestSuite.runTest(TestSuite.java:208)
	at junit.framework.TestSuite.run(TestSuite.java:203)
	at junit.framework.TestSuite.runTest(TestSuite.java:208)
	at junit.framework.TestSuite.run(TestSuite.java:203)
	at junit.framework.TestSuite.runTest(TestSuite.java:208)
	at junit.framework.TestSuite.run(TestSuite.java:203)
	at org.apache.tools.ant.taskdefs.optional.junit.JUnitTestRunner.run(JUnitTestRunner.java:421)
	at org.apache.tools.ant.taskdefs.optional.junit.JUnitTestRunner.launch(JUnitTestRunner.java:912)
	at org.apache.tools.ant.taskdefs.optional.junit.JUnitTestRunner.main(JUnitTestRunner.java:766)
Enter into method [DigitalRunContestManagerBean#getAllTrackContestTypes()]
mock exception
com.topcoder.service.digitalrun.contest.PersistenceException: mock exception
	at com.topcoder.service.digitalrun.contest.MockTrackContestTypeDAO.getAllTrackContestTypes(MockTrackContestTypeDAO.java:33)
	at com.topcoder.service.digitalrun.contest.DigitalRunContestManagerBean.getAllTrackContestTypes(DigitalRunContestManagerBean.java:835)
	at com.topcoder.service.digitalrun.contest.DigitalRunContestManagerBeanUnitTests.testGetAllTrackContestTypes(DigitalRunContestManagerBeanUnitTests.java:409)
	at sun.reflect.NativeMethodAccessorImpl.invoke0(Native Method)
	at sun.reflect.NativeMethodAccessorImpl.invoke(NativeMethodAccessorImpl.java:39)
	at sun.reflect.DelegatingMethodAccessorImpl.invoke(DelegatingMethodAccessorImpl.java:25)
	at java.lang.reflect.Method.invoke(Method.java:585)
	at junit.framework.TestCase.runTest(TestCase.java:154)
	at junit.framework.TestCase.runBare(TestCase.java:127)
	at junit.framework.TestResult$1.protect(TestResult.java:106)
	at junit.framework.TestResult.runProtected(TestResult.java:124)
	at junit.framework.TestResult.run(TestResult.java:109)
	at junit.framework.TestCase.run(TestCase.java:118)
	at junit.framework.TestSuite.runTest(TestSuite.java:208)
	at junit.framework.TestSuite.run(TestSuite.java:203)
	at junit.framework.TestSuite.runTest(TestSuite.java:208)
	at junit.framework.TestSuite.run(TestSuite.java:203)
	at junit.framework.TestSuite.runTest(TestSuite.java:208)
	at junit.framework.TestSuite.run(TestSuite.java:203)
	at org.apache.tools.ant.taskdefs.optional.junit.JUnitTestRunner.run(JUnitTestRunner.java:421)
	at org.apache.tools.ant.taskdefs.optional.junit.JUnitTestRunner.launch(JUnitTestRunner.java:912)
	at org.apache.tools.ant.taskdefs.optional.junit.JUnitTestRunner.main(JUnitTestRunner.java:766)
Exit from method [DigitalRunContestManagerBean#getAllTrackContestTypes()]
com.topcoder.service.digitalrun.contest.MockTrackContestDAO.setLogger(com.topcoder.util.log.Log)
java.lang.NoSuchMethodException: com.topcoder.service.digitalrun.contest.MockTrackContestDAO.setLogger(com.topcoder.util.log.Log)
	at java.lang.Class.getMethod(Class.java:1581)
	at com.topcoder.service.digitalrun.contest.DigitalRunContestManagerBean.inject(DigitalRunContestManagerBean.java:490)
	at com.topcoder.service.digitalrun.contest.DigitalRunContestManagerBean.initialize(DigitalRunContestManagerBean.java:452)
	at com.topcoder.service.digitalrun.contest.DigitalRunContestManagerBeanUnitTests.setUp(DigitalRunContestManagerBeanUnitTests.java:51)
	at junit.framework.TestCase.runBare(TestCase.java:125)
	at junit.framework.TestResult$1.protect(TestResult.java:106)
	at junit.framework.TestResult.runProtected(TestResult.java:124)
	at junit.framework.TestResult.run(TestResult.java:109)
	at junit.framework.TestCase.run(TestCase.java:118)
	at junit.framework.TestSuite.runTest(TestSuite.java:208)
	at junit.framework.TestSuite.run(TestSuite.java:203)
	at junit.framework.TestSuite.runTest(TestSuite.java:208)
	at junit.framework.TestSuite.run(TestSuite.java:203)
	at junit.framework.TestSuite.runTest(TestSuite.java:208)
	at junit.framework.TestSuite.run(TestSuite.java:203)
	at org.apache.tools.ant.taskdefs.optional.junit.JUnitTestRunner.run(JUnitTestRunner.java:421)
	at org.apache.tools.ant.taskdefs.optional.junit.JUnitTestRunner.launch(JUnitTestRunner.java:912)
	at org.apache.tools.ant.taskdefs.optional.junit.JUnitTestRunner.main(JUnitTestRunner.java:766)
com.topcoder.service.digitalrun.contest.MockTrackContestTypeDAO.setLogger(com.topcoder.util.log.Log)
java.lang.NoSuchMethodException: com.topcoder.service.digitalrun.contest.MockTrackContestTypeDAO.setLogger(com.topcoder.util.log.Log)
	at java.lang.Class.getMethod(Class.java:1581)
	at com.topcoder.service.digitalrun.contest.DigitalRunContestManagerBean.inject(DigitalRunContestManagerBean.java:490)
	at com.topcoder.service.digitalrun.contest.DigitalRunContestManagerBean.initialize(DigitalRunContestManagerBean.java:453)
	at com.topcoder.service.digitalrun.contest.DigitalRunContestManagerBeanUnitTests.setUp(DigitalRunContestManagerBeanUnitTests.java:51)
	at junit.framework.TestCase.runBare(TestCase.java:125)
	at junit.framework.TestResult$1.protect(TestResult.java:106)
	at junit.framework.TestResult.runProtected(TestResult.java:124)
	at junit.framework.TestResult.run(TestResult.java:109)
	at junit.framework.TestCase.run(TestCase.java:118)
	at junit.framework.TestSuite.runTest(TestSuite.java:208)
	at junit.framework.TestSuite.run(TestSuite.java:203)
	at junit.framework.TestSuite.runTest(TestSuite.java:208)
	at junit.framework.TestSuite.run(TestSuite.java:203)
	at junit.framework.TestSuite.runTest(TestSuite.java:208)
	at junit.framework.TestSuite.run(TestSuite.java:203)
	at org.apache.tools.ant.taskdefs.optional.junit.JUnitTestRunner.run(JUnitTestRunner.java:421)
	at org.apache.tools.ant.taskdefs.optional.junit.JUnitTestRunner.launch(JUnitTestRunner.java:912)
	at org.apache.tools.ant.taskdefs.optional.junit.JUnitTestRunner.main(JUnitTestRunner.java:766)
com.topcoder.service.digitalrun.contest.MockResultCalculatorDAO.setLogger(com.topcoder.util.log.Log)
java.lang.NoSuchMethodException: com.topcoder.service.digitalrun.contest.MockResultCalculatorDAO.setLogger(com.topcoder.util.log.Log)
	at java.lang.Class.getMethod(Class.java:1581)
	at com.topcoder.service.digitalrun.contest.DigitalRunContestManagerBean.inject(DigitalRunContestManagerBean.java:490)
	at com.topcoder.service.digitalrun.contest.DigitalRunContestManagerBean.initialize(DigitalRunContestManagerBean.java:454)
	at com.topcoder.service.digitalrun.contest.DigitalRunContestManagerBeanUnitTests.setUp(DigitalRunContestManagerBeanUnitTests.java:51)
	at junit.framework.TestCase.runBare(TestCase.java:125)
	at junit.framework.TestResult$1.protect(TestResult.java:106)
	at junit.framework.TestResult.runProtected(TestResult.java:124)
	at junit.framework.TestResult.run(TestResult.java:109)
	at junit.framework.TestCase.run(TestCase.java:118)
	at junit.framework.TestSuite.runTest(TestSuite.java:208)
	at junit.framework.TestSuite.run(TestSuite.java:203)
	at junit.framework.TestSuite.runTest(TestSuite.java:208)
	at junit.framework.TestSuite.run(TestSuite.java:203)
	at junit.framework.TestSuite.runTest(TestSuite.java:208)
	at junit.framework.TestSuite.run(TestSuite.java:203)
	at org.apache.tools.ant.taskdefs.optional.junit.JUnitTestRunner.run(JUnitTestRunner.java:421)
	at org.apache.tools.ant.taskdefs.optional.junit.JUnitTestRunner.launch(JUnitTestRunner.java:912)
	at org.apache.tools.ant.taskdefs.optional.junit.JUnitTestRunner.main(JUnitTestRunner.java:766)
com.topcoder.service.digitalrun.contest.MockTrackContestDAO.setUnitName(java.lang.String)
java.lang.NoSuchMethodException: com.topcoder.service.digitalrun.contest.MockTrackContestDAO.setUnitName(java.lang.String)
	at java.lang.Class.getMethod(Class.java:1581)
	at com.topcoder.service.digitalrun.contest.DigitalRunContestManagerBean.inject(DigitalRunContestManagerBean.java:490)
	at com.topcoder.service.digitalrun.contest.DigitalRunContestManagerBean.initialize(DigitalRunContestManagerBean.java:457)
	at com.topcoder.service.digitalrun.contest.DigitalRunContestManagerBeanUnitTests.setUp(DigitalRunContestManagerBeanUnitTests.java:51)
	at junit.framework.TestCase.runBare(TestCase.java:125)
	at junit.framework.TestResult$1.protect(TestResult.java:106)
	at junit.framework.TestResult.runProtected(TestResult.java:124)
	at junit.framework.TestResult.run(TestResult.java:109)
	at junit.framework.TestCase.run(TestCase.java:118)
	at junit.framework.TestSuite.runTest(TestSuite.java:208)
	at junit.framework.TestSuite.run(TestSuite.java:203)
	at junit.framework.TestSuite.runTest(TestSuite.java:208)
	at junit.framework.TestSuite.run(TestSuite.java:203)
	at junit.framework.TestSuite.runTest(TestSuite.java:208)
	at junit.framework.TestSuite.run(TestSuite.java:203)
	at org.apache.tools.ant.taskdefs.optional.junit.JUnitTestRunner.run(JUnitTestRunner.java:421)
	at org.apache.tools.ant.taskdefs.optional.junit.JUnitTestRunner.launch(JUnitTestRunner.java:912)
	at org.apache.tools.ant.taskdefs.optional.junit.JUnitTestRunner.main(JUnitTestRunner.java:766)
com.topcoder.service.digitalrun.contest.MockTrackContestTypeDAO.setUnitName(java.lang.String)
java.lang.NoSuchMethodException: com.topcoder.service.digitalrun.contest.MockTrackContestTypeDAO.setUnitName(java.lang.String)
	at java.lang.Class.getMethod(Class.java:1581)
	at com.topcoder.service.digitalrun.contest.DigitalRunContestManagerBean.inject(DigitalRunContestManagerBean.java:490)
	at com.topcoder.service.digitalrun.contest.DigitalRunContestManagerBean.initialize(DigitalRunContestManagerBean.java:458)
	at com.topcoder.service.digitalrun.contest.DigitalRunContestManagerBeanUnitTests.setUp(DigitalRunContestManagerBeanUnitTests.java:51)
	at junit.framework.TestCase.runBare(TestCase.java:125)
	at junit.framework.TestResult$1.protect(TestResult.java:106)
	at junit.framework.TestResult.runProtected(TestResult.java:124)
	at junit.framework.TestResult.run(TestResult.java:109)
	at junit.framework.TestCase.run(TestCase.java:118)
	at junit.framework.TestSuite.runTest(TestSuite.java:208)
	at junit.framework.TestSuite.run(TestSuite.java:203)
	at junit.framework.TestSuite.runTest(TestSuite.java:208)
	at junit.framework.TestSuite.run(TestSuite.java:203)
	at junit.framework.TestSuite.runTest(TestSuite.java:208)
	at junit.framework.TestSuite.run(TestSuite.java:203)
	at org.apache.tools.ant.taskdefs.optional.junit.JUnitTestRunner.run(JUnitTestRunner.java:421)
	at org.apache.tools.ant.taskdefs.optional.junit.JUnitTestRunner.launch(JUnitTestRunner.java:912)
	at org.apache.tools.ant.taskdefs.optional.junit.JUnitTestRunner.main(JUnitTestRunner.java:766)
com.topcoder.service.digitalrun.contest.MockResultCalculatorDAO.setUnitName(java.lang.String)
java.lang.NoSuchMethodException: com.topcoder.service.digitalrun.contest.MockResultCalculatorDAO.setUnitName(java.lang.String)
	at java.lang.Class.getMethod(Class.java:1581)
	at com.topcoder.service.digitalrun.contest.DigitalRunContestManagerBean.inject(DigitalRunContestManagerBean.java:490)
	at com.topcoder.service.digitalrun.contest.DigitalRunContestManagerBean.initialize(DigitalRunContestManagerBean.java:459)
	at com.topcoder.service.digitalrun.contest.DigitalRunContestManagerBeanUnitTests.setUp(DigitalRunContestManagerBeanUnitTests.java:51)
	at junit.framework.TestCase.runBare(TestCase.java:125)
	at junit.framework.TestResult$1.protect(TestResult.java:106)
	at junit.framework.TestResult.runProtected(TestResult.java:124)
	at junit.framework.TestResult.run(TestResult.java:109)
	at junit.framework.TestCase.run(TestCase.java:118)
	at junit.framework.TestSuite.runTest(TestSuite.java:208)
	at junit.framework.TestSuite.run(TestSuite.java:203)
	at junit.framework.TestSuite.runTest(TestSuite.java:208)
	at junit.framework.TestSuite.run(TestSuite.java:203)
	at junit.framework.TestSuite.runTest(TestSuite.java:208)
	at junit.framework.TestSuite.run(TestSuite.java:203)
	at org.apache.tools.ant.taskdefs.optional.junit.JUnitTestRunner.run(JUnitTestRunner.java:421)
	at org.apache.tools.ant.taskdefs.optional.junit.JUnitTestRunner.launch(JUnitTestRunner.java:912)
	at org.apache.tools.ant.taskdefs.optional.junit.JUnitTestRunner.main(JUnitTestRunner.java:766)
com.topcoder.service.digitalrun.contest.MockTrackContestDAO.setSessionContext(javax.ejb.SessionContext)
java.lang.NoSuchMethodException: com.topcoder.service.digitalrun.contest.MockTrackContestDAO.setSessionContext(javax.ejb.SessionContext)
	at java.lang.Class.getMethod(Class.java:1581)
	at com.topcoder.service.digitalrun.contest.DigitalRunContestManagerBean.inject(DigitalRunContestManagerBean.java:490)
	at com.topcoder.service.digitalrun.contest.DigitalRunContestManagerBean.initialize(DigitalRunContestManagerBean.java:461)
	at com.topcoder.service.digitalrun.contest.DigitalRunContestManagerBeanUnitTests.setUp(DigitalRunContestManagerBeanUnitTests.java:51)
	at junit.framework.TestCase.runBare(TestCase.java:125)
	at junit.framework.TestResult$1.protect(TestResult.java:106)
	at junit.framework.TestResult.runProtected(TestResult.java:124)
	at junit.framework.TestResult.run(TestResult.java:109)
	at junit.framework.TestCase.run(TestCase.java:118)
	at junit.framework.TestSuite.runTest(TestSuite.java:208)
	at junit.framework.TestSuite.run(TestSuite.java:203)
	at junit.framework.TestSuite.runTest(TestSuite.java:208)
	at junit.framework.TestSuite.run(TestSuite.java:203)
	at junit.framework.TestSuite.runTest(TestSuite.java:208)
	at junit.framework.TestSuite.run(TestSuite.java:203)
	at org.apache.tools.ant.taskdefs.optional.junit.JUnitTestRunner.run(JUnitTestRunner.java:421)
	at org.apache.tools.ant.taskdefs.optional.junit.JUnitTestRunner.launch(JUnitTestRunner.java:912)
	at org.apache.tools.ant.taskdefs.optional.junit.JUnitTestRunner.main(JUnitTestRunner.java:766)
com.topcoder.service.digitalrun.contest.MockTrackContestTypeDAO.setSessionContext(javax.ejb.SessionContext)
java.lang.NoSuchMethodException: com.topcoder.service.digitalrun.contest.MockTrackContestTypeDAO.setSessionContext(javax.ejb.SessionContext)
	at java.lang.Class.getMethod(Class.java:1581)
	at com.topcoder.service.digitalrun.contest.DigitalRunContestManagerBean.inject(DigitalRunContestManagerBean.java:490)
	at com.topcoder.service.digitalrun.contest.DigitalRunContestManagerBean.initialize(DigitalRunContestManagerBean.java:462)
	at com.topcoder.service.digitalrun.contest.DigitalRunContestManagerBeanUnitTests.setUp(DigitalRunContestManagerBeanUnitTests.java:51)
	at junit.framework.TestCase.runBare(TestCase.java:125)
	at junit.framework.TestResult$1.protect(TestResult.java:106)
	at junit.framework.TestResult.runProtected(TestResult.java:124)
	at junit.framework.TestResult.run(TestResult.java:109)
	at junit.framework.TestCase.run(TestCase.java:118)
	at junit.framework.TestSuite.runTest(TestSuite.java:208)
	at junit.framework.TestSuite.run(TestSuite.java:203)
	at junit.framework.TestSuite.runTest(TestSuite.java:208)
	at junit.framework.TestSuite.run(TestSuite.java:203)
	at junit.framework.TestSuite.runTest(TestSuite.java:208)
	at junit.framework.TestSuite.run(TestSuite.java:203)
	at org.apache.tools.ant.taskdefs.optional.junit.JUnitTestRunner.run(JUnitTestRunner.java:421)
	at org.apache.tools.ant.taskdefs.optional.junit.JUnitTestRunner.launch(JUnitTestRunner.java:912)
	at org.apache.tools.ant.taskdefs.optional.junit.JUnitTestRunner.main(JUnitTestRunner.java:766)
com.topcoder.service.digitalrun.contest.MockResultCalculatorDAO.setSessionContext(javax.ejb.SessionContext)
java.lang.NoSuchMethodException: com.topcoder.service.digitalrun.contest.MockResultCalculatorDAO.setSessionContext(javax.ejb.SessionContext)
	at java.lang.Class.getMethod(Class.java:1581)
	at com.topcoder.service.digitalrun.contest.DigitalRunContestManagerBean.inject(DigitalRunContestManagerBean.java:490)
	at com.topcoder.service.digitalrun.contest.DigitalRunContestManagerBean.initialize(DigitalRunContestManagerBean.java:463)
	at com.topcoder.service.digitalrun.contest.DigitalRunContestManagerBeanUnitTests.setUp(DigitalRunContestManagerBeanUnitTests.java:51)
	at junit.framework.TestCase.runBare(TestCase.java:125)
	at junit.framework.TestResult$1.protect(TestResult.java:106)
	at junit.framework.TestResult.runProtected(TestResult.java:124)
	at junit.framework.TestResult.run(TestResult.java:109)
	at junit.framework.TestCase.run(TestCase.java:118)
	at junit.framework.TestSuite.runTest(TestSuite.java:208)
	at junit.framework.TestSuite.run(TestSuite.java:203)
	at junit.framework.TestSuite.runTest(TestSuite.java:208)
	at junit.framework.TestSuite.run(TestSuite.java:203)
	at junit.framework.TestSuite.runTest(TestSuite.java:208)
	at junit.framework.TestSuite.run(TestSuite.java:203)
	at org.apache.tools.ant.taskdefs.optional.junit.JUnitTestRunner.run(JUnitTestRunner.java:421)
	at org.apache.tools.ant.taskdefs.optional.junit.JUnitTestRunner.launch(JUnitTestRunner.java:912)
	at org.apache.tools.ant.taskdefs.optional.junit.JUnitTestRunner.main(JUnitTestRunner.java:766)
Enter into method [DigitalRunContestManagerBean#createTrackContestType(TrackContestType)]
mock exception
com.topcoder.service.digitalrun.contest.PersistenceException: mock exception
	at com.topcoder.service.digitalrun.contest.MockTrackContestTypeDAO.createTrackContestType(MockTrackContestTypeDAO.java:49)
	at com.topcoder.service.digitalrun.contest.DigitalRunContestManagerBean.createTrackContestType(DigitalRunContestManagerBean.java:708)
	at com.topcoder.service.digitalrun.contest.DigitalRunContestManagerBeanUnitTests.testCreateTrackContestType(DigitalRunContestManagerBeanUnitTests.java:427)
	at sun.reflect.NativeMethodAccessorImpl.invoke0(Native Method)
	at sun.reflect.NativeMethodAccessorImpl.invoke(NativeMethodAccessorImpl.java:39)
	at sun.reflect.DelegatingMethodAccessorImpl.invoke(DelegatingMethodAccessorImpl.java:25)
	at java.lang.reflect.Method.invoke(Method.java:585)
	at junit.framework.TestCase.runTest(TestCase.java:154)
	at junit.framework.TestCase.runBare(TestCase.java:127)
	at junit.framework.TestResult$1.protect(TestResult.java:106)
	at junit.framework.TestResult.runProtected(TestResult.java:124)
	at junit.framework.TestResult.run(TestResult.java:109)
	at junit.framework.TestCase.run(TestCase.java:118)
	at junit.framework.TestSuite.runTest(TestSuite.java:208)
	at junit.framework.TestSuite.run(TestSuite.java:203)
	at junit.framework.TestSuite.runTest(TestSuite.java:208)
	at junit.framework.TestSuite.run(TestSuite.java:203)
	at junit.framework.TestSuite.runTest(TestSuite.java:208)
	at junit.framework.TestSuite.run(TestSuite.java:203)
	at org.apache.tools.ant.taskdefs.optional.junit.JUnitTestRunner.run(JUnitTestRunner.java:421)
	at org.apache.tools.ant.taskdefs.optional.junit.JUnitTestRunner.launch(JUnitTestRunner.java:912)
	at org.apache.tools.ant.taskdefs.optional.junit.JUnitTestRunner.main(JUnitTestRunner.java:766)
Exit from method [DigitalRunContestManagerBean#createTrackContestType(TrackContestType)]
com.topcoder.service.digitalrun.contest.MockTrackContestDAO.setLogger(com.topcoder.util.log.Log)
java.lang.NoSuchMethodException: com.topcoder.service.digitalrun.contest.MockTrackContestDAO.setLogger(com.topcoder.util.log.Log)
	at java.lang.Class.getMethod(Class.java:1581)
	at com.topcoder.service.digitalrun.contest.DigitalRunContestManagerBean.inject(DigitalRunContestManagerBean.java:490)
	at com.topcoder.service.digitalrun.contest.DigitalRunContestManagerBean.initialize(DigitalRunContestManagerBean.java:452)
	at com.topcoder.service.digitalrun.contest.DigitalRunContestManagerBeanUnitTests.setUp(DigitalRunContestManagerBeanUnitTests.java:51)
	at junit.framework.TestCase.runBare(TestCase.java:125)
	at junit.framework.TestResult$1.protect(TestResult.java:106)
	at junit.framework.TestResult.runProtected(TestResult.java:124)
	at junit.framework.TestResult.run(TestResult.java:109)
	at junit.framework.TestCase.run(TestCase.java:118)
	at junit.framework.TestSuite.runTest(TestSuite.java:208)
	at junit.framework.TestSuite.run(TestSuite.java:203)
	at junit.framework.TestSuite.runTest(TestSuite.java:208)
	at junit.framework.TestSuite.run(TestSuite.java:203)
	at junit.framework.TestSuite.runTest(TestSuite.java:208)
	at junit.framework.TestSuite.run(TestSuite.java:203)
	at org.apache.tools.ant.taskdefs.optional.junit.JUnitTestRunner.run(JUnitTestRunner.java:421)
	at org.apache.tools.ant.taskdefs.optional.junit.JUnitTestRunner.launch(JUnitTestRunner.java:912)
	at org.apache.tools.ant.taskdefs.optional.junit.JUnitTestRunner.main(JUnitTestRunner.java:766)
com.topcoder.service.digitalrun.contest.MockTrackContestTypeDAO.setLogger(com.topcoder.util.log.Log)
java.lang.NoSuchMethodException: com.topcoder.service.digitalrun.contest.MockTrackContestTypeDAO.setLogger(com.topcoder.util.log.Log)
	at java.lang.Class.getMethod(Class.java:1581)
	at com.topcoder.service.digitalrun.contest.DigitalRunContestManagerBean.inject(DigitalRunContestManagerBean.java:490)
	at com.topcoder.service.digitalrun.contest.DigitalRunContestManagerBean.initialize(DigitalRunContestManagerBean.java:453)
	at com.topcoder.service.digitalrun.contest.DigitalRunContestManagerBeanUnitTests.setUp(DigitalRunContestManagerBeanUnitTests.java:51)
	at junit.framework.TestCase.runBare(TestCase.java:125)
	at junit.framework.TestResult$1.protect(TestResult.java:106)
	at junit.framework.TestResult.runProtected(TestResult.java:124)
	at junit.framework.TestResult.run(TestResult.java:109)
	at junit.framework.TestCase.run(TestCase.java:118)
	at junit.framework.TestSuite.runTest(TestSuite.java:208)
	at junit.framework.TestSuite.run(TestSuite.java:203)
	at junit.framework.TestSuite.runTest(TestSuite.java:208)
	at junit.framework.TestSuite.run(TestSuite.java:203)
	at junit.framework.TestSuite.runTest(TestSuite.java:208)
	at junit.framework.TestSuite.run(TestSuite.java:203)
	at org.apache.tools.ant.taskdefs.optional.junit.JUnitTestRunner.run(JUnitTestRunner.java:421)
	at org.apache.tools.ant.taskdefs.optional.junit.JUnitTestRunner.launch(JUnitTestRunner.java:912)
	at org.apache.tools.ant.taskdefs.optional.junit.JUnitTestRunner.main(JUnitTestRunner.java:766)
com.topcoder.service.digitalrun.contest.MockResultCalculatorDAO.setLogger(com.topcoder.util.log.Log)
java.lang.NoSuchMethodException: com.topcoder.service.digitalrun.contest.MockResultCalculatorDAO.setLogger(com.topcoder.util.log.Log)
	at java.lang.Class.getMethod(Class.java:1581)
	at com.topcoder.service.digitalrun.contest.DigitalRunContestManagerBean.inject(DigitalRunContestManagerBean.java:490)
	at com.topcoder.service.digitalrun.contest.DigitalRunContestManagerBean.initialize(DigitalRunContestManagerBean.java:454)
	at com.topcoder.service.digitalrun.contest.DigitalRunContestManagerBeanUnitTests.setUp(DigitalRunContestManagerBeanUnitTests.java:51)
	at junit.framework.TestCase.runBare(TestCase.java:125)
	at junit.framework.TestResult$1.protect(TestResult.java:106)
	at junit.framework.TestResult.runProtected(TestResult.java:124)
	at junit.framework.TestResult.run(TestResult.java:109)
	at junit.framework.TestCase.run(TestCase.java:118)
	at junit.framework.TestSuite.runTest(TestSuite.java:208)
	at junit.framework.TestSuite.run(TestSuite.java:203)
	at junit.framework.TestSuite.runTest(TestSuite.java:208)
	at junit.framework.TestSuite.run(TestSuite.java:203)
	at junit.framework.TestSuite.runTest(TestSuite.java:208)
	at junit.framework.TestSuite.run(TestSuite.java:203)
	at org.apache.tools.ant.taskdefs.optional.junit.JUnitTestRunner.run(JUnitTestRunner.java:421)
	at org.apache.tools.ant.taskdefs.optional.junit.JUnitTestRunner.launch(JUnitTestRunner.java:912)
	at org.apache.tools.ant.taskdefs.optional.junit.JUnitTestRunner.main(JUnitTestRunner.java:766)
com.topcoder.service.digitalrun.contest.MockTrackContestDAO.setUnitName(java.lang.String)
java.lang.NoSuchMethodException: com.topcoder.service.digitalrun.contest.MockTrackContestDAO.setUnitName(java.lang.String)
	at java.lang.Class.getMethod(Class.java:1581)
	at com.topcoder.service.digitalrun.contest.DigitalRunContestManagerBean.inject(DigitalRunContestManagerBean.java:490)
	at com.topcoder.service.digitalrun.contest.DigitalRunContestManagerBean.initialize(DigitalRunContestManagerBean.java:457)
	at com.topcoder.service.digitalrun.contest.DigitalRunContestManagerBeanUnitTests.setUp(DigitalRunContestManagerBeanUnitTests.java:51)
	at junit.framework.TestCase.runBare(TestCase.java:125)
	at junit.framework.TestResult$1.protect(TestResult.java:106)
	at junit.framework.TestResult.runProtected(TestResult.java:124)
	at junit.framework.TestResult.run(TestResult.java:109)
	at junit.framework.TestCase.run(TestCase.java:118)
	at junit.framework.TestSuite.runTest(TestSuite.java:208)
	at junit.framework.TestSuite.run(TestSuite.java:203)
	at junit.framework.TestSuite.runTest(TestSuite.java:208)
	at junit.framework.TestSuite.run(TestSuite.java:203)
	at junit.framework.TestSuite.runTest(TestSuite.java:208)
	at junit.framework.TestSuite.run(TestSuite.java:203)
	at org.apache.tools.ant.taskdefs.optional.junit.JUnitTestRunner.run(JUnitTestRunner.java:421)
	at org.apache.tools.ant.taskdefs.optional.junit.JUnitTestRunner.launch(JUnitTestRunner.java:912)
	at org.apache.tools.ant.taskdefs.optional.junit.JUnitTestRunner.main(JUnitTestRunner.java:766)
com.topcoder.service.digitalrun.contest.MockTrackContestTypeDAO.setUnitName(java.lang.String)
java.lang.NoSuchMethodException: com.topcoder.service.digitalrun.contest.MockTrackContestTypeDAO.setUnitName(java.lang.String)
	at java.lang.Class.getMethod(Class.java:1581)
	at com.topcoder.service.digitalrun.contest.DigitalRunContestManagerBean.inject(DigitalRunContestManagerBean.java:490)
	at com.topcoder.service.digitalrun.contest.DigitalRunContestManagerBean.initialize(DigitalRunContestManagerBean.java:458)
	at com.topcoder.service.digitalrun.contest.DigitalRunContestManagerBeanUnitTests.setUp(DigitalRunContestManagerBeanUnitTests.java:51)
	at junit.framework.TestCase.runBare(TestCase.java:125)
	at junit.framework.TestResult$1.protect(TestResult.java:106)
	at junit.framework.TestResult.runProtected(TestResult.java:124)
	at junit.framework.TestResult.run(TestResult.java:109)
	at junit.framework.TestCase.run(TestCase.java:118)
	at junit.framework.TestSuite.runTest(TestSuite.java:208)
	at junit.framework.TestSuite.run(TestSuite.java:203)
	at junit.framework.TestSuite.runTest(TestSuite.java:208)
	at junit.framework.TestSuite.run(TestSuite.java:203)
	at junit.framework.TestSuite.runTest(TestSuite.java:208)
	at junit.framework.TestSuite.run(TestSuite.java:203)
	at org.apache.tools.ant.taskdefs.optional.junit.JUnitTestRunner.run(JUnitTestRunner.java:421)
	at org.apache.tools.ant.taskdefs.optional.junit.JUnitTestRunner.launch(JUnitTestRunner.java:912)
	at org.apache.tools.ant.taskdefs.optional.junit.JUnitTestRunner.main(JUnitTestRunner.java:766)
com.topcoder.service.digitalrun.contest.MockResultCalculatorDAO.setUnitName(java.lang.String)
java.lang.NoSuchMethodException: com.topcoder.service.digitalrun.contest.MockResultCalculatorDAO.setUnitName(java.lang.String)
	at java.lang.Class.getMethod(Class.java:1581)
	at com.topcoder.service.digitalrun.contest.DigitalRunContestManagerBean.inject(DigitalRunContestManagerBean.java:490)
	at com.topcoder.service.digitalrun.contest.DigitalRunContestManagerBean.initialize(DigitalRunContestManagerBean.java:459)
	at com.topcoder.service.digitalrun.contest.DigitalRunContestManagerBeanUnitTests.setUp(DigitalRunContestManagerBeanUnitTests.java:51)
	at junit.framework.TestCase.runBare(TestCase.java:125)
	at junit.framework.TestResult$1.protect(TestResult.java:106)
	at junit.framework.TestResult.runProtected(TestResult.java:124)
	at junit.framework.TestResult.run(TestResult.java:109)
	at junit.framework.TestCase.run(TestCase.java:118)
	at junit.framework.TestSuite.runTest(TestSuite.java:208)
	at junit.framework.TestSuite.run(TestSuite.java:203)
	at junit.framework.TestSuite.runTest(TestSuite.java:208)
	at junit.framework.TestSuite.run(TestSuite.java:203)
	at junit.framework.TestSuite.runTest(TestSuite.java:208)
	at junit.framework.TestSuite.run(TestSuite.java:203)
	at org.apache.tools.ant.taskdefs.optional.junit.JUnitTestRunner.run(JUnitTestRunner.java:421)
	at org.apache.tools.ant.taskdefs.optional.junit.JUnitTestRunner.launch(JUnitTestRunner.java:912)
	at org.apache.tools.ant.taskdefs.optional.junit.JUnitTestRunner.main(JUnitTestRunner.java:766)
com.topcoder.service.digitalrun.contest.MockTrackContestDAO.setSessionContext(javax.ejb.SessionContext)
java.lang.NoSuchMethodException: com.topcoder.service.digitalrun.contest.MockTrackContestDAO.setSessionContext(javax.ejb.SessionContext)
	at java.lang.Class.getMethod(Class.java:1581)
	at com.topcoder.service.digitalrun.contest.DigitalRunContestManagerBean.inject(DigitalRunContestManagerBean.java:490)
	at com.topcoder.service.digitalrun.contest.DigitalRunContestManagerBean.initialize(DigitalRunContestManagerBean.java:461)
	at com.topcoder.service.digitalrun.contest.DigitalRunContestManagerBeanUnitTests.setUp(DigitalRunContestManagerBeanUnitTests.java:51)
	at junit.framework.TestCase.runBare(TestCase.java:125)
	at junit.framework.TestResult$1.protect(TestResult.java:106)
	at junit.framework.TestResult.runProtected(TestResult.java:124)
	at junit.framework.TestResult.run(TestResult.java:109)
	at junit.framework.TestCase.run(TestCase.java:118)
	at junit.framework.TestSuite.runTest(TestSuite.java:208)
	at junit.framework.TestSuite.run(TestSuite.java:203)
	at junit.framework.TestSuite.runTest(TestSuite.java:208)
	at junit.framework.TestSuite.run(TestSuite.java:203)
	at junit.framework.TestSuite.runTest(TestSuite.java:208)
	at junit.framework.TestSuite.run(TestSuite.java:203)
	at org.apache.tools.ant.taskdefs.optional.junit.JUnitTestRunner.run(JUnitTestRunner.java:421)
	at org.apache.tools.ant.taskdefs.optional.junit.JUnitTestRunner.launch(JUnitTestRunner.java:912)
	at org.apache.tools.ant.taskdefs.optional.junit.JUnitTestRunner.main(JUnitTestRunner.java:766)
com.topcoder.service.digitalrun.contest.MockTrackContestTypeDAO.setSessionContext(javax.ejb.SessionContext)
java.lang.NoSuchMethodException: com.topcoder.service.digitalrun.contest.MockTrackContestTypeDAO.setSessionContext(javax.ejb.SessionContext)
	at java.lang.Class.getMethod(Class.java:1581)
	at com.topcoder.service.digitalrun.contest.DigitalRunContestManagerBean.inject(DigitalRunContestManagerBean.java:490)
	at com.topcoder.service.digitalrun.contest.DigitalRunContestManagerBean.initialize(DigitalRunContestManagerBean.java:462)
	at com.topcoder.service.digitalrun.contest.DigitalRunContestManagerBeanUnitTests.setUp(DigitalRunContestManagerBeanUnitTests.java:51)
	at junit.framework.TestCase.runBare(TestCase.java:125)
	at junit.framework.TestResult$1.protect(TestResult.java:106)
	at junit.framework.TestResult.runProtected(TestResult.java:124)
	at junit.framework.TestResult.run(TestResult.java:109)
	at junit.framework.TestCase.run(TestCase.java:118)
	at junit.framework.TestSuite.runTest(TestSuite.java:208)
	at junit.framework.TestSuite.run(TestSuite.java:203)
	at junit.framework.TestSuite.runTest(TestSuite.java:208)
	at junit.framework.TestSuite.run(TestSuite.java:203)
	at junit.framework.TestSuite.runTest(TestSuite.java:208)
	at junit.framework.TestSuite.run(TestSuite.java:203)
	at org.apache.tools.ant.taskdefs.optional.junit.JUnitTestRunner.run(JUnitTestRunner.java:421)
	at org.apache.tools.ant.taskdefs.optional.junit.JUnitTestRunner.launch(JUnitTestRunner.java:912)
	at org.apache.tools.ant.taskdefs.optional.junit.JUnitTestRunner.main(JUnitTestRunner.java:766)
com.topcoder.service.digitalrun.contest.MockResultCalculatorDAO.setSessionContext(javax.ejb.SessionContext)
java.lang.NoSuchMethodException: com.topcoder.service.digitalrun.contest.MockResultCalculatorDAO.setSessionContext(javax.ejb.SessionContext)
	at java.lang.Class.getMethod(Class.java:1581)
	at com.topcoder.service.digitalrun.contest.DigitalRunContestManagerBean.inject(DigitalRunContestManagerBean.java:490)
	at com.topcoder.service.digitalrun.contest.DigitalRunContestManagerBean.initialize(DigitalRunContestManagerBean.java:463)
	at com.topcoder.service.digitalrun.contest.DigitalRunContestManagerBeanUnitTests.setUp(DigitalRunContestManagerBeanUnitTests.java:51)
	at junit.framework.TestCase.runBare(TestCase.java:125)
	at junit.framework.TestResult$1.protect(TestResult.java:106)
	at junit.framework.TestResult.runProtected(TestResult.java:124)
	at junit.framework.TestResult.run(TestResult.java:109)
	at junit.framework.TestCase.run(TestCase.java:118)
	at junit.framework.TestSuite.runTest(TestSuite.java:208)
	at junit.framework.TestSuite.run(TestSuite.java:203)
	at junit.framework.TestSuite.runTest(TestSuite.java:208)
	at junit.framework.TestSuite.run(TestSuite.java:203)
	at junit.framework.TestSuite.runTest(TestSuite.java:208)
	at junit.framework.TestSuite.run(TestSuite.java:203)
	at org.apache.tools.ant.taskdefs.optional.junit.JUnitTestRunner.run(JUnitTestRunner.java:421)
	at org.apache.tools.ant.taskdefs.optional.junit.JUnitTestRunner.launch(JUnitTestRunner.java:912)
	at org.apache.tools.ant.taskdefs.optional.junit.JUnitTestRunner.main(JUnitTestRunner.java:766)
Enter into method [DigitalRunContestManagerBean#updateTrackContestType(TrackContestType)]
mock exception
com.topcoder.service.digitalrun.contest.PersistenceException: mock exception
	at com.topcoder.service.digitalrun.contest.MockTrackContestTypeDAO.updateTrackContestType(MockTrackContestTypeDAO.java:94)
	at com.topcoder.service.digitalrun.contest.DigitalRunContestManagerBean.updateTrackContestType(DigitalRunContestManagerBean.java:745)
	at com.topcoder.service.digitalrun.contest.DigitalRunContestManagerBeanUnitTests.testUpdateTrackContestType(DigitalRunContestManagerBeanUnitTests.java:445)
	at sun.reflect.NativeMethodAccessorImpl.invoke0(Native Method)
	at sun.reflect.NativeMethodAccessorImpl.invoke(NativeMethodAccessorImpl.java:39)
	at sun.reflect.DelegatingMethodAccessorImpl.invoke(DelegatingMethodAccessorImpl.java:25)
	at java.lang.reflect.Method.invoke(Method.java:585)
	at junit.framework.TestCase.runTest(TestCase.java:154)
	at junit.framework.TestCase.runBare(TestCase.java:127)
	at junit.framework.TestResult$1.protect(TestResult.java:106)
	at junit.framework.TestResult.runProtected(TestResult.java:124)
	at junit.framework.TestResult.run(TestResult.java:109)
	at junit.framework.TestCase.run(TestCase.java:118)
	at junit.framework.TestSuite.runTest(TestSuite.java:208)
	at junit.framework.TestSuite.run(TestSuite.java:203)
	at junit.framework.TestSuite.runTest(TestSuite.java:208)
	at junit.framework.TestSuite.run(TestSuite.java:203)
	at junit.framework.TestSuite.runTest(TestSuite.java:208)
	at junit.framework.TestSuite.run(TestSuite.java:203)
	at org.apache.tools.ant.taskdefs.optional.junit.JUnitTestRunner.run(JUnitTestRunner.java:421)
	at org.apache.tools.ant.taskdefs.optional.junit.JUnitTestRunner.launch(JUnitTestRunner.java:912)
	at org.apache.tools.ant.taskdefs.optional.junit.JUnitTestRunner.main(JUnitTestRunner.java:766)
Exit from method [DigitalRunContestManagerBean#updateTrackContestType(TrackContestType)]
com.topcoder.service.digitalrun.contest.MockTrackContestDAO.setLogger(com.topcoder.util.log.Log)
java.lang.NoSuchMethodException: com.topcoder.service.digitalrun.contest.MockTrackContestDAO.setLogger(com.topcoder.util.log.Log)
	at java.lang.Class.getMethod(Class.java:1581)
	at com.topcoder.service.digitalrun.contest.DigitalRunContestManagerBean.inject(DigitalRunContestManagerBean.java:490)
	at com.topcoder.service.digitalrun.contest.DigitalRunContestManagerBean.initialize(DigitalRunContestManagerBean.java:452)
	at com.topcoder.service.digitalrun.contest.DigitalRunContestManagerBeanUnitTests.setUp(DigitalRunContestManagerBeanUnitTests.java:51)
	at junit.framework.TestCase.runBare(TestCase.java:125)
	at junit.framework.TestResult$1.protect(TestResult.java:106)
	at junit.framework.TestResult.runProtected(TestResult.java:124)
	at junit.framework.TestResult.run(TestResult.java:109)
	at junit.framework.TestCase.run(TestCase.java:118)
	at junit.framework.TestSuite.runTest(TestSuite.java:208)
	at junit.framework.TestSuite.run(TestSuite.java:203)
	at junit.framework.TestSuite.runTest(TestSuite.java:208)
	at junit.framework.TestSuite.run(TestSuite.java:203)
	at junit.framework.TestSuite.runTest(TestSuite.java:208)
	at junit.framework.TestSuite.run(TestSuite.java:203)
	at org.apache.tools.ant.taskdefs.optional.junit.JUnitTestRunner.run(JUnitTestRunner.java:421)
	at org.apache.tools.ant.taskdefs.optional.junit.JUnitTestRunner.launch(JUnitTestRunner.java:912)
	at org.apache.tools.ant.taskdefs.optional.junit.JUnitTestRunner.main(JUnitTestRunner.java:766)
com.topcoder.service.digitalrun.contest.MockTrackContestTypeDAO.setLogger(com.topcoder.util.log.Log)
java.lang.NoSuchMethodException: com.topcoder.service.digitalrun.contest.MockTrackContestTypeDAO.setLogger(com.topcoder.util.log.Log)
	at java.lang.Class.getMethod(Class.java:1581)
	at com.topcoder.service.digitalrun.contest.DigitalRunContestManagerBean.inject(DigitalRunContestManagerBean.java:490)
	at com.topcoder.service.digitalrun.contest.DigitalRunContestManagerBean.initialize(DigitalRunContestManagerBean.java:453)
	at com.topcoder.service.digitalrun.contest.DigitalRunContestManagerBeanUnitTests.setUp(DigitalRunContestManagerBeanUnitTests.java:51)
	at junit.framework.TestCase.runBare(TestCase.java:125)
	at junit.framework.TestResult$1.protect(TestResult.java:106)
	at junit.framework.TestResult.runProtected(TestResult.java:124)
	at junit.framework.TestResult.run(TestResult.java:109)
	at junit.framework.TestCase.run(TestCase.java:118)
	at junit.framework.TestSuite.runTest(TestSuite.java:208)
	at junit.framework.TestSuite.run(TestSuite.java:203)
	at junit.framework.TestSuite.runTest(TestSuite.java:208)
	at junit.framework.TestSuite.run(TestSuite.java:203)
	at junit.framework.TestSuite.runTest(TestSuite.java:208)
	at junit.framework.TestSuite.run(TestSuite.java:203)
	at org.apache.tools.ant.taskdefs.optional.junit.JUnitTestRunner.run(JUnitTestRunner.java:421)
	at org.apache.tools.ant.taskdefs.optional.junit.JUnitTestRunner.launch(JUnitTestRunner.java:912)
	at org.apache.tools.ant.taskdefs.optional.junit.JUnitTestRunner.main(JUnitTestRunner.java:766)
com.topcoder.service.digitalrun.contest.MockResultCalculatorDAO.setLogger(com.topcoder.util.log.Log)
java.lang.NoSuchMethodException: com.topcoder.service.digitalrun.contest.MockResultCalculatorDAO.setLogger(com.topcoder.util.log.Log)
	at java.lang.Class.getMethod(Class.java:1581)
	at com.topcoder.service.digitalrun.contest.DigitalRunContestManagerBean.inject(DigitalRunContestManagerBean.java:490)
	at com.topcoder.service.digitalrun.contest.DigitalRunContestManagerBean.initialize(DigitalRunContestManagerBean.java:454)
	at com.topcoder.service.digitalrun.contest.DigitalRunContestManagerBeanUnitTests.setUp(DigitalRunContestManagerBeanUnitTests.java:51)
	at junit.framework.TestCase.runBare(TestCase.java:125)
	at junit.framework.TestResult$1.protect(TestResult.java:106)
	at junit.framework.TestResult.runProtected(TestResult.java:124)
	at junit.framework.TestResult.run(TestResult.java:109)
	at junit.framework.TestCase.run(TestCase.java:118)
	at junit.framework.TestSuite.runTest(TestSuite.java:208)
	at junit.framework.TestSuite.run(TestSuite.java:203)
	at junit.framework.TestSuite.runTest(TestSuite.java:208)
	at junit.framework.TestSuite.run(TestSuite.java:203)
	at junit.framework.TestSuite.runTest(TestSuite.java:208)
	at junit.framework.TestSuite.run(TestSuite.java:203)
	at org.apache.tools.ant.taskdefs.optional.junit.JUnitTestRunner.run(JUnitTestRunner.java:421)
	at org.apache.tools.ant.taskdefs.optional.junit.JUnitTestRunner.launch(JUnitTestRunner.java:912)
	at org.apache.tools.ant.taskdefs.optional.junit.JUnitTestRunner.main(JUnitTestRunner.java:766)
com.topcoder.service.digitalrun.contest.MockTrackContestDAO.setUnitName(java.lang.String)
java.lang.NoSuchMethodException: com.topcoder.service.digitalrun.contest.MockTrackContestDAO.setUnitName(java.lang.String)
	at java.lang.Class.getMethod(Class.java:1581)
	at com.topcoder.service.digitalrun.contest.DigitalRunContestManagerBean.inject(DigitalRunContestManagerBean.java:490)
	at com.topcoder.service.digitalrun.contest.DigitalRunContestManagerBean.initialize(DigitalRunContestManagerBean.java:457)
	at com.topcoder.service.digitalrun.contest.DigitalRunContestManagerBeanUnitTests.setUp(DigitalRunContestManagerBeanUnitTests.java:51)
	at junit.framework.TestCase.runBare(TestCase.java:125)
	at junit.framework.TestResult$1.protect(TestResult.java:106)
	at junit.framework.TestResult.runProtected(TestResult.java:124)
	at junit.framework.TestResult.run(TestResult.java:109)
	at junit.framework.TestCase.run(TestCase.java:118)
	at junit.framework.TestSuite.runTest(TestSuite.java:208)
	at junit.framework.TestSuite.run(TestSuite.java:203)
	at junit.framework.TestSuite.runTest(TestSuite.java:208)
	at junit.framework.TestSuite.run(TestSuite.java:203)
	at junit.framework.TestSuite.runTest(TestSuite.java:208)
	at junit.framework.TestSuite.run(TestSuite.java:203)
	at org.apache.tools.ant.taskdefs.optional.junit.JUnitTestRunner.run(JUnitTestRunner.java:421)
	at org.apache.tools.ant.taskdefs.optional.junit.JUnitTestRunner.launch(JUnitTestRunner.java:912)
	at org.apache.tools.ant.taskdefs.optional.junit.JUnitTestRunner.main(JUnitTestRunner.java:766)
com.topcoder.service.digitalrun.contest.MockTrackContestTypeDAO.setUnitName(java.lang.String)
java.lang.NoSuchMethodException: com.topcoder.service.digitalrun.contest.MockTrackContestTypeDAO.setUnitName(java.lang.String)
	at java.lang.Class.getMethod(Class.java:1581)
	at com.topcoder.service.digitalrun.contest.DigitalRunContestManagerBean.inject(DigitalRunContestManagerBean.java:490)
	at com.topcoder.service.digitalrun.contest.DigitalRunContestManagerBean.initialize(DigitalRunContestManagerBean.java:458)
	at com.topcoder.service.digitalrun.contest.DigitalRunContestManagerBeanUnitTests.setUp(DigitalRunContestManagerBeanUnitTests.java:51)
	at junit.framework.TestCase.runBare(TestCase.java:125)
	at junit.framework.TestResult$1.protect(TestResult.java:106)
	at junit.framework.TestResult.runProtected(TestResult.java:124)
	at junit.framework.TestResult.run(TestResult.java:109)
	at junit.framework.TestCase.run(TestCase.java:118)
	at junit.framework.TestSuite.runTest(TestSuite.java:208)
	at junit.framework.TestSuite.run(TestSuite.java:203)
	at junit.framework.TestSuite.runTest(TestSuite.java:208)
	at junit.framework.TestSuite.run(TestSuite.java:203)
	at junit.framework.TestSuite.runTest(TestSuite.java:208)
	at junit.framework.TestSuite.run(TestSuite.java:203)
	at org.apache.tools.ant.taskdefs.optional.junit.JUnitTestRunner.run(JUnitTestRunner.java:421)
	at org.apache.tools.ant.taskdefs.optional.junit.JUnitTestRunner.launch(JUnitTestRunner.java:912)
	at org.apache.tools.ant.taskdefs.optional.junit.JUnitTestRunner.main(JUnitTestRunner.java:766)
com.topcoder.service.digitalrun.contest.MockResultCalculatorDAO.setUnitName(java.lang.String)
java.lang.NoSuchMethodException: com.topcoder.service.digitalrun.contest.MockResultCalculatorDAO.setUnitName(java.lang.String)
	at java.lang.Class.getMethod(Class.java:1581)
	at com.topcoder.service.digitalrun.contest.DigitalRunContestManagerBean.inject(DigitalRunContestManagerBean.java:490)
	at com.topcoder.service.digitalrun.contest.DigitalRunContestManagerBean.initialize(DigitalRunContestManagerBean.java:459)
	at com.topcoder.service.digitalrun.contest.DigitalRunContestManagerBeanUnitTests.setUp(DigitalRunContestManagerBeanUnitTests.java:51)
	at junit.framework.TestCase.runBare(TestCase.java:125)
	at junit.framework.TestResult$1.protect(TestResult.java:106)
	at junit.framework.TestResult.runProtected(TestResult.java:124)
	at junit.framework.TestResult.run(TestResult.java:109)
	at junit.framework.TestCase.run(TestCase.java:118)
	at junit.framework.TestSuite.runTest(TestSuite.java:208)
	at junit.framework.TestSuite.run(TestSuite.java:203)
	at junit.framework.TestSuite.runTest(TestSuite.java:208)
	at junit.framework.TestSuite.run(TestSuite.java:203)
	at junit.framework.TestSuite.runTest(TestSuite.java:208)
	at junit.framework.TestSuite.run(TestSuite.java:203)
	at org.apache.tools.ant.taskdefs.optional.junit.JUnitTestRunner.run(JUnitTestRunner.java:421)
	at org.apache.tools.ant.taskdefs.optional.junit.JUnitTestRunner.launch(JUnitTestRunner.java:912)
	at org.apache.tools.ant.taskdefs.optional.junit.JUnitTestRunner.main(JUnitTestRunner.java:766)
com.topcoder.service.digitalrun.contest.MockTrackContestDAO.setSessionContext(javax.ejb.SessionContext)
java.lang.NoSuchMethodException: com.topcoder.service.digitalrun.contest.MockTrackContestDAO.setSessionContext(javax.ejb.SessionContext)
	at java.lang.Class.getMethod(Class.java:1581)
	at com.topcoder.service.digitalrun.contest.DigitalRunContestManagerBean.inject(DigitalRunContestManagerBean.java:490)
	at com.topcoder.service.digitalrun.contest.DigitalRunContestManagerBean.initialize(DigitalRunContestManagerBean.java:461)
	at com.topcoder.service.digitalrun.contest.DigitalRunContestManagerBeanUnitTests.setUp(DigitalRunContestManagerBeanUnitTests.java:51)
	at junit.framework.TestCase.runBare(TestCase.java:125)
	at junit.framework.TestResult$1.protect(TestResult.java:106)
	at junit.framework.TestResult.runProtected(TestResult.java:124)
	at junit.framework.TestResult.run(TestResult.java:109)
	at junit.framework.TestCase.run(TestCase.java:118)
	at junit.framework.TestSuite.runTest(TestSuite.java:208)
	at junit.framework.TestSuite.run(TestSuite.java:203)
	at junit.framework.TestSuite.runTest(TestSuite.java:208)
	at junit.framework.TestSuite.run(TestSuite.java:203)
	at junit.framework.TestSuite.runTest(TestSuite.java:208)
	at junit.framework.TestSuite.run(TestSuite.java:203)
	at org.apache.tools.ant.taskdefs.optional.junit.JUnitTestRunner.run(JUnitTestRunner.java:421)
	at org.apache.tools.ant.taskdefs.optional.junit.JUnitTestRunner.launch(JUnitTestRunner.java:912)
	at org.apache.tools.ant.taskdefs.optional.junit.JUnitTestRunner.main(JUnitTestRunner.java:766)
com.topcoder.service.digitalrun.contest.MockTrackContestTypeDAO.setSessionContext(javax.ejb.SessionContext)
java.lang.NoSuchMethodException: com.topcoder.service.digitalrun.contest.MockTrackContestTypeDAO.setSessionContext(javax.ejb.SessionContext)
	at java.lang.Class.getMethod(Class.java:1581)
	at com.topcoder.service.digitalrun.contest.DigitalRunContestManagerBean.inject(DigitalRunContestManagerBean.java:490)
	at com.topcoder.service.digitalrun.contest.DigitalRunContestManagerBean.initialize(DigitalRunContestManagerBean.java:462)
	at com.topcoder.service.digitalrun.contest.DigitalRunContestManagerBeanUnitTests.setUp(DigitalRunContestManagerBeanUnitTests.java:51)
	at junit.framework.TestCase.runBare(TestCase.java:125)
	at junit.framework.TestResult$1.protect(TestResult.java:106)
	at junit.framework.TestResult.runProtected(TestResult.java:124)
	at junit.framework.TestResult.run(TestResult.java:109)
	at junit.framework.TestCase.run(TestCase.java:118)
	at junit.framework.TestSuite.runTest(TestSuite.java:208)
	at junit.framework.TestSuite.run(TestSuite.java:203)
	at junit.framework.TestSuite.runTest(TestSuite.java:208)
	at junit.framework.TestSuite.run(TestSuite.java:203)
	at junit.framework.TestSuite.runTest(TestSuite.java:208)
	at junit.framework.TestSuite.run(TestSuite.java:203)
	at org.apache.tools.ant.taskdefs.optional.junit.JUnitTestRunner.run(JUnitTestRunner.java:421)
	at org.apache.tools.ant.taskdefs.optional.junit.JUnitTestRunner.launch(JUnitTestRunner.java:912)
	at org.apache.tools.ant.taskdefs.optional.junit.JUnitTestRunner.main(JUnitTestRunner.java:766)
com.topcoder.service.digitalrun.contest.MockResultCalculatorDAO.setSessionContext(javax.ejb.SessionContext)
java.lang.NoSuchMethodException: com.topcoder.service.digitalrun.contest.MockResultCalculatorDAO.setSessionContext(javax.ejb.SessionContext)
	at java.lang.Class.getMethod(Class.java:1581)
	at com.topcoder.service.digitalrun.contest.DigitalRunContestManagerBean.inject(DigitalRunContestManagerBean.java:490)
	at com.topcoder.service.digitalrun.contest.DigitalRunContestManagerBean.initialize(DigitalRunContestManagerBean.java:463)
	at com.topcoder.service.digitalrun.contest.DigitalRunContestManagerBeanUnitTests.setUp(DigitalRunContestManagerBeanUnitTests.java:51)
	at junit.framework.TestCase.runBare(TestCase.java:125)
	at junit.framework.TestResult$1.protect(TestResult.java:106)
	at junit.framework.TestResult.runProtected(TestResult.java:124)
	at junit.framework.TestResult.run(TestResult.java:109)
	at junit.framework.TestCase.run(TestCase.java:118)
	at junit.framework.TestSuite.runTest(TestSuite.java:208)
	at junit.framework.TestSuite.run(TestSuite.java:203)
	at junit.framework.TestSuite.runTest(TestSuite.java:208)
	at junit.framework.TestSuite.run(TestSuite.java:203)
	at junit.framework.TestSuite.runTest(TestSuite.java:208)
	at junit.framework.TestSuite.run(TestSuite.java:203)
	at org.apache.tools.ant.taskdefs.optional.junit.JUnitTestRunner.run(JUnitTestRunner.java:421)
	at org.apache.tools.ant.taskdefs.optional.junit.JUnitTestRunner.launch(JUnitTestRunner.java:912)
	at org.apache.tools.ant.taskdefs.optional.junit.JUnitTestRunner.main(JUnitTestRunner.java:766)
Enter into method [DigitalRunContestManagerBean#getTrackContestType(long)]
mock exception
com.topcoder.service.digitalrun.contest.PersistenceException: mock exception
	at com.topcoder.service.digitalrun.contest.MockTrackContestTypeDAO.getTrackContestType(MockTrackContestTypeDAO.java:64)
	at com.topcoder.service.digitalrun.contest.DigitalRunContestManagerBean.getTrackContestType(DigitalRunContestManagerBean.java:809)
	at com.topcoder.service.digitalrun.contest.DigitalRunContestManagerBeanUnitTests.testGetTrackContestType(DigitalRunContestManagerBeanUnitTests.java:463)
	at sun.reflect.NativeMethodAccessorImpl.invoke0(Native Method)
	at sun.reflect.NativeMethodAccessorImpl.invoke(NativeMethodAccessorImpl.java:39)
	at sun.reflect.DelegatingMethodAccessorImpl.invoke(DelegatingMethodAccessorImpl.java:25)
	at java.lang.reflect.Method.invoke(Method.java:585)
	at junit.framework.TestCase.runTest(TestCase.java:154)
	at junit.framework.TestCase.runBare(TestCase.java:127)
	at junit.framework.TestResult$1.protect(TestResult.java:106)
	at junit.framework.TestResult.runProtected(TestResult.java:124)
	at junit.framework.TestResult.run(TestResult.java:109)
	at junit.framework.TestCase.run(TestCase.java:118)
	at junit.framework.TestSuite.runTest(TestSuite.java:208)
	at junit.framework.TestSuite.run(TestSuite.java:203)
	at junit.framework.TestSuite.runTest(TestSuite.java:208)
	at junit.framework.TestSuite.run(TestSuite.java:203)
	at junit.framework.TestSuite.runTest(TestSuite.java:208)
	at junit.framework.TestSuite.run(TestSuite.java:203)
	at org.apache.tools.ant.taskdefs.optional.junit.JUnitTestRunner.run(JUnitTestRunner.java:421)
	at org.apache.tools.ant.taskdefs.optional.junit.JUnitTestRunner.launch(JUnitTestRunner.java:912)
	at org.apache.tools.ant.taskdefs.optional.junit.JUnitTestRunner.main(JUnitTestRunner.java:766)
Exit from method [DigitalRunContestManagerBean#getTrackContestType(long)]
com.topcoder.service.digitalrun.contest.MockTrackContestDAO.setLogger(com.topcoder.util.log.Log)
java.lang.NoSuchMethodException: com.topcoder.service.digitalrun.contest.MockTrackContestDAO.setLogger(com.topcoder.util.log.Log)
	at java.lang.Class.getMethod(Class.java:1581)
	at com.topcoder.service.digitalrun.contest.DigitalRunContestManagerBean.inject(DigitalRunContestManagerBean.java:490)
	at com.topcoder.service.digitalrun.contest.DigitalRunContestManagerBean.initialize(DigitalRunContestManagerBean.java:452)
	at com.topcoder.service.digitalrun.contest.DigitalRunContestManagerBeanUnitTests.setUp(DigitalRunContestManagerBeanUnitTests.java:51)
	at junit.framework.TestCase.runBare(TestCase.java:125)
	at junit.framework.TestResult$1.protect(TestResult.java:106)
	at junit.framework.TestResult.runProtected(TestResult.java:124)
	at junit.framework.TestResult.run(TestResult.java:109)
	at junit.framework.TestCase.run(TestCase.java:118)
	at junit.framework.TestSuite.runTest(TestSuite.java:208)
	at junit.framework.TestSuite.run(TestSuite.java:203)
	at junit.framework.TestSuite.runTest(TestSuite.java:208)
	at junit.framework.TestSuite.run(TestSuite.java:203)
	at junit.framework.TestSuite.runTest(TestSuite.java:208)
	at junit.framework.TestSuite.run(TestSuite.java:203)
	at org.apache.tools.ant.taskdefs.optional.junit.JUnitTestRunner.run(JUnitTestRunner.java:421)
	at org.apache.tools.ant.taskdefs.optional.junit.JUnitTestRunner.launch(JUnitTestRunner.java:912)
	at org.apache.tools.ant.taskdefs.optional.junit.JUnitTestRunner.main(JUnitTestRunner.java:766)
com.topcoder.service.digitalrun.contest.MockTrackContestTypeDAO.setLogger(com.topcoder.util.log.Log)
java.lang.NoSuchMethodException: com.topcoder.service.digitalrun.contest.MockTrackContestTypeDAO.setLogger(com.topcoder.util.log.Log)
	at java.lang.Class.getMethod(Class.java:1581)
	at com.topcoder.service.digitalrun.contest.DigitalRunContestManagerBean.inject(DigitalRunContestManagerBean.java:490)
	at com.topcoder.service.digitalrun.contest.DigitalRunContestManagerBean.initialize(DigitalRunContestManagerBean.java:453)
	at com.topcoder.service.digitalrun.contest.DigitalRunContestManagerBeanUnitTests.setUp(DigitalRunContestManagerBeanUnitTests.java:51)
	at junit.framework.TestCase.runBare(TestCase.java:125)
	at junit.framework.TestResult$1.protect(TestResult.java:106)
	at junit.framework.TestResult.runProtected(TestResult.java:124)
	at junit.framework.TestResult.run(TestResult.java:109)
	at junit.framework.TestCase.run(TestCase.java:118)
	at junit.framework.TestSuite.runTest(TestSuite.java:208)
	at junit.framework.TestSuite.run(TestSuite.java:203)
	at junit.framework.TestSuite.runTest(TestSuite.java:208)
	at junit.framework.TestSuite.run(TestSuite.java:203)
	at junit.framework.TestSuite.runTest(TestSuite.java:208)
	at junit.framework.TestSuite.run(TestSuite.java:203)
	at org.apache.tools.ant.taskdefs.optional.junit.JUnitTestRunner.run(JUnitTestRunner.java:421)
	at org.apache.tools.ant.taskdefs.optional.junit.JUnitTestRunner.launch(JUnitTestRunner.java:912)
	at org.apache.tools.ant.taskdefs.optional.junit.JUnitTestRunner.main(JUnitTestRunner.java:766)
com.topcoder.service.digitalrun.contest.MockResultCalculatorDAO.setLogger(com.topcoder.util.log.Log)
java.lang.NoSuchMethodException: com.topcoder.service.digitalrun.contest.MockResultCalculatorDAO.setLogger(com.topcoder.util.log.Log)
	at java.lang.Class.getMethod(Class.java:1581)
	at com.topcoder.service.digitalrun.contest.DigitalRunContestManagerBean.inject(DigitalRunContestManagerBean.java:490)
	at com.topcoder.service.digitalrun.contest.DigitalRunContestManagerBean.initialize(DigitalRunContestManagerBean.java:454)
	at com.topcoder.service.digitalrun.contest.DigitalRunContestManagerBeanUnitTests.setUp(DigitalRunContestManagerBeanUnitTests.java:51)
	at junit.framework.TestCase.runBare(TestCase.java:125)
	at junit.framework.TestResult$1.protect(TestResult.java:106)
	at junit.framework.TestResult.runProtected(TestResult.java:124)
	at junit.framework.TestResult.run(TestResult.java:109)
	at junit.framework.TestCase.run(TestCase.java:118)
	at junit.framework.TestSuite.runTest(TestSuite.java:208)
	at junit.framework.TestSuite.run(TestSuite.java:203)
	at junit.framework.TestSuite.runTest(TestSuite.java:208)
	at junit.framework.TestSuite.run(TestSuite.java:203)
	at junit.framework.TestSuite.runTest(TestSuite.java:208)
	at junit.framework.TestSuite.run(TestSuite.java:203)
	at org.apache.tools.ant.taskdefs.optional.junit.JUnitTestRunner.run(JUnitTestRunner.java:421)
	at org.apache.tools.ant.taskdefs.optional.junit.JUnitTestRunner.launch(JUnitTestRunner.java:912)
	at org.apache.tools.ant.taskdefs.optional.junit.JUnitTestRunner.main(JUnitTestRunner.java:766)
com.topcoder.service.digitalrun.contest.MockTrackContestDAO.setUnitName(java.lang.String)
java.lang.NoSuchMethodException: com.topcoder.service.digitalrun.contest.MockTrackContestDAO.setUnitName(java.lang.String)
	at java.lang.Class.getMethod(Class.java:1581)
	at com.topcoder.service.digitalrun.contest.DigitalRunContestManagerBean.inject(DigitalRunContestManagerBean.java:490)
	at com.topcoder.service.digitalrun.contest.DigitalRunContestManagerBean.initialize(DigitalRunContestManagerBean.java:457)
	at com.topcoder.service.digitalrun.contest.DigitalRunContestManagerBeanUnitTests.setUp(DigitalRunContestManagerBeanUnitTests.java:51)
	at junit.framework.TestCase.runBare(TestCase.java:125)
	at junit.framework.TestResult$1.protect(TestResult.java:106)
	at junit.framework.TestResult.runProtected(TestResult.java:124)
	at junit.framework.TestResult.run(TestResult.java:109)
	at junit.framework.TestCase.run(TestCase.java:118)
	at junit.framework.TestSuite.runTest(TestSuite.java:208)
	at junit.framework.TestSuite.run(TestSuite.java:203)
	at junit.framework.TestSuite.runTest(TestSuite.java:208)
	at junit.framework.TestSuite.run(TestSuite.java:203)
	at junit.framework.TestSuite.runTest(TestSuite.java:208)
	at junit.framework.TestSuite.run(TestSuite.java:203)
	at org.apache.tools.ant.taskdefs.optional.junit.JUnitTestRunner.run(JUnitTestRunner.java:421)
	at org.apache.tools.ant.taskdefs.optional.junit.JUnitTestRunner.launch(JUnitTestRunner.java:912)
	at org.apache.tools.ant.taskdefs.optional.junit.JUnitTestRunner.main(JUnitTestRunner.java:766)
com.topcoder.service.digitalrun.contest.MockTrackContestTypeDAO.setUnitName(java.lang.String)
java.lang.NoSuchMethodException: com.topcoder.service.digitalrun.contest.MockTrackContestTypeDAO.setUnitName(java.lang.String)
	at java.lang.Class.getMethod(Class.java:1581)
	at com.topcoder.service.digitalrun.contest.DigitalRunContestManagerBean.inject(DigitalRunContestManagerBean.java:490)
	at com.topcoder.service.digitalrun.contest.DigitalRunContestManagerBean.initialize(DigitalRunContestManagerBean.java:458)
	at com.topcoder.service.digitalrun.contest.DigitalRunContestManagerBeanUnitTests.setUp(DigitalRunContestManagerBeanUnitTests.java:51)
	at junit.framework.TestCase.runBare(TestCase.java:125)
	at junit.framework.TestResult$1.protect(TestResult.java:106)
	at junit.framework.TestResult.runProtected(TestResult.java:124)
	at junit.framework.TestResult.run(TestResult.java:109)
	at junit.framework.TestCase.run(TestCase.java:118)
	at junit.framework.TestSuite.runTest(TestSuite.java:208)
	at junit.framework.TestSuite.run(TestSuite.java:203)
	at junit.framework.TestSuite.runTest(TestSuite.java:208)
	at junit.framework.TestSuite.run(TestSuite.java:203)
	at junit.framework.TestSuite.runTest(TestSuite.java:208)
	at junit.framework.TestSuite.run(TestSuite.java:203)
	at org.apache.tools.ant.taskdefs.optional.junit.JUnitTestRunner.run(JUnitTestRunner.java:421)
	at org.apache.tools.ant.taskdefs.optional.junit.JUnitTestRunner.launch(JUnitTestRunner.java:912)
	at org.apache.tools.ant.taskdefs.optional.junit.JUnitTestRunner.main(JUnitTestRunner.java:766)
com.topcoder.service.digitalrun.contest.MockResultCalculatorDAO.setUnitName(java.lang.String)
java.lang.NoSuchMethodException: com.topcoder.service.digitalrun.contest.MockResultCalculatorDAO.setUnitName(java.lang.String)
	at java.lang.Class.getMethod(Class.java:1581)
	at com.topcoder.service.digitalrun.contest.DigitalRunContestManagerBean.inject(DigitalRunContestManagerBean.java:490)
	at com.topcoder.service.digitalrun.contest.DigitalRunContestManagerBean.initialize(DigitalRunContestManagerBean.java:459)
	at com.topcoder.service.digitalrun.contest.DigitalRunContestManagerBeanUnitTests.setUp(DigitalRunContestManagerBeanUnitTests.java:51)
	at junit.framework.TestCase.runBare(TestCase.java:125)
	at junit.framework.TestResult$1.protect(TestResult.java:106)
	at junit.framework.TestResult.runProtected(TestResult.java:124)
	at junit.framework.TestResult.run(TestResult.java:109)
	at junit.framework.TestCase.run(TestCase.java:118)
	at junit.framework.TestSuite.runTest(TestSuite.java:208)
	at junit.framework.TestSuite.run(TestSuite.java:203)
	at junit.framework.TestSuite.runTest(TestSuite.java:208)
	at junit.framework.TestSuite.run(TestSuite.java:203)
	at junit.framework.TestSuite.runTest(TestSuite.java:208)
	at junit.framework.TestSuite.run(TestSuite.java:203)
	at org.apache.tools.ant.taskdefs.optional.junit.JUnitTestRunner.run(JUnitTestRunner.java:421)
	at org.apache.tools.ant.taskdefs.optional.junit.JUnitTestRunner.launch(JUnitTestRunner.java:912)
	at org.apache.tools.ant.taskdefs.optional.junit.JUnitTestRunner.main(JUnitTestRunner.java:766)
com.topcoder.service.digitalrun.contest.MockTrackContestDAO.setSessionContext(javax.ejb.SessionContext)
java.lang.NoSuchMethodException: com.topcoder.service.digitalrun.contest.MockTrackContestDAO.setSessionContext(javax.ejb.SessionContext)
	at java.lang.Class.getMethod(Class.java:1581)
	at com.topcoder.service.digitalrun.contest.DigitalRunContestManagerBean.inject(DigitalRunContestManagerBean.java:490)
	at com.topcoder.service.digitalrun.contest.DigitalRunContestManagerBean.initialize(DigitalRunContestManagerBean.java:461)
	at com.topcoder.service.digitalrun.contest.DigitalRunContestManagerBeanUnitTests.setUp(DigitalRunContestManagerBeanUnitTests.java:51)
	at junit.framework.TestCase.runBare(TestCase.java:125)
	at junit.framework.TestResult$1.protect(TestResult.java:106)
	at junit.framework.TestResult.runProtected(TestResult.java:124)
	at junit.framework.TestResult.run(TestResult.java:109)
	at junit.framework.TestCase.run(TestCase.java:118)
	at junit.framework.TestSuite.runTest(TestSuite.java:208)
	at junit.framework.TestSuite.run(TestSuite.java:203)
	at junit.framework.TestSuite.runTest(TestSuite.java:208)
	at junit.framework.TestSuite.run(TestSuite.java:203)
	at junit.framework.TestSuite.runTest(TestSuite.java:208)
	at junit.framework.TestSuite.run(TestSuite.java:203)
	at org.apache.tools.ant.taskdefs.optional.junit.JUnitTestRunner.run(JUnitTestRunner.java:421)
	at org.apache.tools.ant.taskdefs.optional.junit.JUnitTestRunner.launch(JUnitTestRunner.java:912)
	at org.apache.tools.ant.taskdefs.optional.junit.JUnitTestRunner.main(JUnitTestRunner.java:766)
com.topcoder.service.digitalrun.contest.MockTrackContestTypeDAO.setSessionContext(javax.ejb.SessionContext)
java.lang.NoSuchMethodException: com.topcoder.service.digitalrun.contest.MockTrackContestTypeDAO.setSessionContext(javax.ejb.SessionContext)
	at java.lang.Class.getMethod(Class.java:1581)
	at com.topcoder.service.digitalrun.contest.DigitalRunContestManagerBean.inject(DigitalRunContestManagerBean.java:490)
	at com.topcoder.service.digitalrun.contest.DigitalRunContestManagerBean.initialize(DigitalRunContestManagerBean.java:462)
	at com.topcoder.service.digitalrun.contest.DigitalRunContestManagerBeanUnitTests.setUp(DigitalRunContestManagerBeanUnitTests.java:51)
	at junit.framework.TestCase.runBare(TestCase.java:125)
	at junit.framework.TestResult$1.protect(TestResult.java:106)
	at junit.framework.TestResult.runProtected(TestResult.java:124)
	at junit.framework.TestResult.run(TestResult.java:109)
	at junit.framework.TestCase.run(TestCase.java:118)
	at junit.framework.TestSuite.runTest(TestSuite.java:208)
	at junit.framework.TestSuite.run(TestSuite.java:203)
	at junit.framework.TestSuite.runTest(TestSuite.java:208)
	at junit.framework.TestSuite.run(TestSuite.java:203)
	at junit.framework.TestSuite.runTest(TestSuite.java:208)
	at junit.framework.TestSuite.run(TestSuite.java:203)
	at org.apache.tools.ant.taskdefs.optional.junit.JUnitTestRunner.run(JUnitTestRunner.java:421)
	at org.apache.tools.ant.taskdefs.optional.junit.JUnitTestRunner.launch(JUnitTestRunner.java:912)
	at org.apache.tools.ant.taskdefs.optional.junit.JUnitTestRunner.main(JUnitTestRunner.java:766)
com.topcoder.service.digitalrun.contest.MockResultCalculatorDAO.setSessionContext(javax.ejb.SessionContext)
java.lang.NoSuchMethodException: com.topcoder.service.digitalrun.contest.MockResultCalculatorDAO.setSessionContext(javax.ejb.SessionContext)
	at java.lang.Class.getMethod(Class.java:1581)
	at com.topcoder.service.digitalrun.contest.DigitalRunContestManagerBean.inject(DigitalRunContestManagerBean.java:490)
	at com.topcoder.service.digitalrun.contest.DigitalRunContestManagerBean.initialize(DigitalRunContestManagerBean.java:463)
	at com.topcoder.service.digitalrun.contest.DigitalRunContestManagerBeanUnitTests.setUp(DigitalRunContestManagerBeanUnitTests.java:51)
	at junit.framework.TestCase.runBare(TestCase.java:125)
	at junit.framework.TestResult$1.protect(TestResult.java:106)
	at junit.framework.TestResult.runProtected(TestResult.java:124)
	at junit.framework.TestResult.run(TestResult.java:109)
	at junit.framework.TestCase.run(TestCase.java:118)
	at junit.framework.TestSuite.runTest(TestSuite.java:208)
	at junit.framework.TestSuite.run(TestSuite.java:203)
	at junit.framework.TestSuite.runTest(TestSuite.java:208)
	at junit.framework.TestSuite.run(TestSuite.java:203)
	at junit.framework.TestSuite.runTest(TestSuite.java:208)
	at junit.framework.TestSuite.run(TestSuite.java:203)
	at org.apache.tools.ant.taskdefs.optional.junit.JUnitTestRunner.run(JUnitTestRunner.java:421)
	at org.apache.tools.ant.taskdefs.optional.junit.JUnitTestRunner.launch(JUnitTestRunner.java:912)
	at org.apache.tools.ant.taskdefs.optional.junit.JUnitTestRunner.main(JUnitTestRunner.java:766)
Enter into method [DigitalRunContestManagerBean#removeTrackContestType(long)]
mock exception
com.topcoder.service.digitalrun.contest.PersistenceException: mock exception
	at com.topcoder.service.digitalrun.contest.MockTrackContestTypeDAO.removeTrackContestType(MockTrackContestTypeDAO.java:79)
	at com.topcoder.service.digitalrun.contest.DigitalRunContestManagerBean.removeTrackContestType(DigitalRunContestManagerBean.java:782)
	at com.topcoder.service.digitalrun.contest.DigitalRunContestManagerBeanUnitTests.testRemoveTrackContestType(DigitalRunContestManagerBeanUnitTests.java:481)
	at sun.reflect.NativeMethodAccessorImpl.invoke0(Native Method)
	at sun.reflect.NativeMethodAccessorImpl.invoke(NativeMethodAccessorImpl.java:39)
	at sun.reflect.DelegatingMethodAccessorImpl.invoke(DelegatingMethodAccessorImpl.java:25)
	at java.lang.reflect.Method.invoke(Method.java:585)
	at junit.framework.TestCase.runTest(TestCase.java:154)
	at junit.framework.TestCase.runBare(TestCase.java:127)
	at junit.framework.TestResult$1.protect(TestResult.java:106)
	at junit.framework.TestResult.runProtected(TestResult.java:124)
	at junit.framework.TestResult.run(TestResult.java:109)
	at junit.framework.TestCase.run(TestCase.java:118)
	at junit.framework.TestSuite.runTest(TestSuite.java:208)
	at junit.framework.TestSuite.run(TestSuite.java:203)
	at junit.framework.TestSuite.runTest(TestSuite.java:208)
	at junit.framework.TestSuite.run(TestSuite.java:203)
	at junit.framework.TestSuite.runTest(TestSuite.java:208)
	at junit.framework.TestSuite.run(TestSuite.java:203)
	at org.apache.tools.ant.taskdefs.optional.junit.JUnitTestRunner.run(JUnitTestRunner.java:421)
	at org.apache.tools.ant.taskdefs.optional.junit.JUnitTestRunner.launch(JUnitTestRunner.java:912)
	at org.apache.tools.ant.taskdefs.optional.junit.JUnitTestRunner.main(JUnitTestRunner.java:766)
Exit from method [DigitalRunContestManagerBean#removeTrackContestType(long)]
]]></system-out>
  <system-err><![CDATA[]]></system-err>
</testsuite>
