<?xml version="1.0" encoding="UTF-8" ?>
<testsuite errors="0" failures="0" hostname="liulike" name="com.topcoder.registration.service.AllTests" tests="231" time="15.078" timestamp="2007-05-23T14:07:28">
  <properties>
    <property name="java.vendor" value="Sun Microsystems Inc." />
    <property name="package" value="com.topcoder.registration.service" />
    <property name="docpackage.jar" value="registration_service_docs.jar" />
    <property name="sun.java.launcher" value="SUN_STANDARD" />
    <property name="sun.management.compiler" value="HotSpot Client Compiler" />
    <property name="verbose" value="no" />
    <property name="command_line_utility.jar" value="D:\tc\java\basic_lib\command_line_utility.jar" />
    <property name="os.name" value="Windows XP" />
    <property name="sun.boot.class.path" value="C:\Program Files\Java\jdk1.5.0_11\jre\lib\rt.jar;C:\Program Files\Java\jdk1.5.0_11\jre\lib\i18n.jar;C:\Program Files\Java\jdk1.5.0_11\jre\lib\sunrsasign.jar;C:\Program Files\Java\jdk1.5.0_11\jre\lib\jsse.jar;C:\Program Files\Java\jdk1.5.0_11\jre\lib\jce.jar;C:\Program Files\Java\jdk1.5.0_11\jre\lib\charsets.jar;C:\Program Files\Java\jdk1.5.0_11\jre\classes" />
    <property name="docsdir" value="docs" />
    <property name="javadoc.jar" value="javadocs.jar" />
    <property name="design_submission.jar" value="Registration_Services_1.0_design_submission.jar" />
    <property name="sun.desktop" value="windows" />
    <property name="component.tests.jar" value="build/dist/lib/tcs/registration_service_tests.jar" />
    <property name="object_formatter.jar" value="D:\tc\java\basic_lib\object_formatter.jar" />
    <property name="java.vm.specification.vendor" value="Sun Microsystems Inc." />
    <property name="net.sourceforge.cobertura.datafile" value="D:\tc\java\review\work\Registration_Services\svn\log\cobertura.ser" />
    <property name="ant.home" value="D:\tc\java\software\ant\apache-ant-1.7.0-bin\apache-ant-1.7.0\bin\.." />
    <property name="java.runtime.version" value="1.5.0_11-b03" />
    <property name="logging_wrapper2.jar" value="D:\tc\java\basic_lib\logging_wrapper2.jar" />
    <property name="component_path" value="registration_service/1.0" />
    <property name="cobertura.dir" value="D:\tc\java\software\cobertura\cobertura-1.8" />
    <property name="user.name" value="Administrator" />
    <property name="project_management.jar" value="D:\tc\java\basic_lib\project_management.jar" />
    <property name="debug" value="off" />
    <property name="reports" value="reports" />
    <property name="testfiles" value="test_files" />
    <property name="dist_conf" value="build/dist/registration_service-1.0/conf" />
    <property name="component_version" value="1.0" />
    <property name="user.language" value="en" />
    <property name="cobertura.datafile" value="log/cobertura.ser" />
    <property name="sun.boot.library.path" value="C:\Program Files\Java\jdk1.5.0_11\jre\bin" />
    <property name="tcs_libdir" value="lib/tcs" />
    <property name="search_builder.jar" value="D:\tc\java\basic_lib\search_builder.jar" />
    <property name="srcdir" value="src" />
    <property name="ant.project.name" value="Registration Services" />
    <property name="java.version" value="1.5.0_11" />
    <property name="user.timezone" value="" />
    <property name="dev_dist.jar" value="Registration_Services_1.0_dev_dist.jar" />
    <property name="sun.arch.data.model" value="32" />
    <property name="build_lib" value="build/lib" />
    <property name="webdir" value="web" />
    <property name="java.endorsed.dirs" value="C:\Program Files\Java\jdk1.5.0_11\jre\lib\endorsed" />
    <property name="sun.cpu.isalist" value="pentium_pro+mmx pentium_pro pentium+mmx pentium i486 i386 i86" />
    <property name="packagedir" value="com" />
    <property name="sun.jnu.encoding" value="GBK" />
    <property name="file.encoding.pkg" value="sun.io" />
    <property name="file.separator" value="\" />
    <property name="java.specification.name" value="Java Platform API Specification" />
    <property name="build_docsdir" value="build/docs" />
    <property name="dev_submission.jar" value="Registration_Services_1.0_dev_submission.jar" />
    <property name="java.class.version" value="49.0" />
    <property name="db_connection_factory.jar" value="D:\tc\java\basic_lib\db_connection_factory.jar" />
    <property name="build_testclassdir" value="build/testClasses" />
    <property name="user.country" value="US" />
    <property name="java.home" value="C:\Program Files\Java\jdk1.5.0_11\jre" />
    <property name="java.vm.info" value="mixed mode, sharing" />
    <property name="jar_tcs_libdir" value="lib/tcs" />
    <property name="ant.file" value="D:\tc\java\review\work\Registration_Services\svn\build.xml" />
    <property name="os.version" value="5.1" />
    <property name="build_distdir" value="build/dist" />
    <property name="dist_docpackage" value="build/doc_package" />
    <property name="build_tcsdistdir" value="build/dist/registration_service-1.0" />
    <property name="path.separator" value=";" />
    <property name="java.vm.version" value="1.5.0_11-b03" />
    <property name="testlogdir" value="log" />
    <property name="user.variant" value="" />
    <property name="resource_management.jar" value="D:\tc\java\basic_lib\resource_management.jar" />
    <property name="ant.library.dir" value="D:\tc\java\software\ant\apache-ant-1.7.0-bin\apache-ant-1.7.0\lib" />
    <property name="base_exception.jar" value="D:\tc\java\basic_lib\base_exception.jar" />
    <property name="javamain" value="src/java/main" />
    <property name="checkstyledir" value="D:\tc\java\software\java_checkstyle\checkstyle-4.3\checkstyle-4.3\checkstyle-all-4.3.jar" />
    <property name="dist_javadocs" value="build/dist/registration_service-1.0/docs/javadocs" />
    <property name="dist_lib" value="build/dist/lib/tcs" />
    <property name="dist_testfiles" value="build/dist/registration_service-1.0/test_files" />
    <property name="java.awt.printerjob" value="sun.awt.windows.WPrinterJob" />
    <property name="sun.io.unicode.encoding" value="UnicodeLittle" />
    <property name="log4j-1.2.12.jar" value="D:\tc\java\basic_lib\log4j-1.2.12.jar" />
    <property name="awt.toolkit" value="sun.awt.windows.WToolkit" />
    <property name="component" value="Registration_Services" />
    <property name="document_generator.jar" value="D:\tc\java\basic_lib\document_generator.jar" />
    <property name="component.war" value="${dist_examples}/registration_service.war" />
    <property name="user.home" value="C:\Documents and Settings\Administrator" />
    <property name="ant.file.Registration Services" value="D:\tc\java\review\work\Registration_Services\svn\build.xml" />
    <property name="phase_management.jar" value="D:\tc\java\basic_lib\phase_management.jar" />
    <property name="java.specification.vendor" value="Sun Microsystems Inc." />
    <property name="object_factory.jar" value="D:\tc\java\basic_lib\object_factory.jar" />
    <property name="java.library.path" value="C:\Program Files\Java\jdk1.5.0_11\jre\bin;.;C:\WINDOWS\system32;C:\WINDOWS;C:\Program Files\Java\jre1.5.0_11\bin\client;c:\oracle\product\10.1.0\Db_1\bin;C:\Program Files\Java\jre1.5.0_11\bin\client;C:\Program Files\Java\jre1.5.0_11\bin;C:\WINDOWS\system32;C:\WINDOWS;C:\WINDOWS\System32\Wbem;D:\tc\java\software\ant\apache-ant-1.7.0-bin\apache-ant-1.7.0\bin;C:\Program Files\Java\jdk1.5.0_11\bin;C:\Program Files\Microsoft SQL Server\80\Tools\Binn\;D:\Program Files\Microsoft SQL Server\90\Tools\binn\;D:\Program Files\Microsoft SQL Server\90\DTS\Binn\;D:\Program Files\Microsoft SQL Server\90\Tools\Binn\VSShell\Common7\IDE\;D:\Program Files\Microsoft Visual Studio 8\Common7\IDE\PrivateAssemblies\;G:\topcoder\software\nant-0.85-bin\nant-0.85\bin;D:\tc\c#\software\nant-0.85-bin\nant-0.85\bin" />
    <property name="java.vendor.url" value="http://java.sun.com/" />
    <property name="build_javadocsdir" value="build/docs/javadocs" />
    <property name="configdir" value="conf" />
    <property name="java.vm.vendor" value="Sun Microsystems Inc." />
    <property name="java.runtime.name" value="Java(TM) 2 Runtime Environment, Standard Edition" />
    <property name="java.class.path" value="D:\tc\java\review\work\Registration_Services\svn\build\instrumented;D:\tc\java\review\work\Registration_Services\svn\build\testClasses;D:\tc\java\review\work\Registration_Services\svn\build\classes;D:\tc\java\basic_lib\junit.jar;D:\tc\java\review\work\Registration_Services\svn\conf;D:\tc\java\review\work\Registration_Services\svn\test_files;D:\tc\java\basic_lib\logging_wrapper2.jar;D:\tc\java\basic_lib\command_line_utility.jar;D:\tc\java\basic_lib\object_formatter.jar;D:\tc\java\basic_lib\document_generator.jar;D:\tc\java\basic_lib\workdays.jar;D:\tc\java\basic_lib\log4j-1.2.12.jar;D:\tc\java\basic_lib\db_connection_factory.jar;D:\tc\java\basic_lib\project_phases.jar;D:\tc\java\basic_lib\project_management.jar;D:\tc\java\basic_lib\configuration_manager.jar;D:\tc\java\basic_lib\phase_management.jar;D:\tc\java\basic_lib\search_builder.jar;D:\tc\java\basic_lib\resource_management.jar;D:\tc\java\basic_lib\mockrunner-jdbc.jar;D:\tc\java\basic_lib\base_exception.jar;D:\tc\java\basic_lib\object_factory.jar;D:\tc\java\basic_lib\typesafe_enum.jar;D:\tc\java\review\work\Registration_Services\Registration_Services_final_dev_submission\test_files\mocks.jar;D:\tc\java\software\cobertura\cobertura-1.8\cobertura.jar;D:\tc\java\software\cobertura\cobertura-1.8\lib\asm-2.2.1.jar;D:\tc\java\software\cobertura\cobertura-1.8\lib\jakarta-oro-2.0.8.jar;D:\tc\java\software\cobertura\cobertura-1.8\lib\log4j-1.2.9.jar;C:\Program Files\Java\jdk1.5.0_11\lib\tools.jar;C:\Program Files\Java\jdk1.5.0_11\lib\dt.jar;D:\tc\java\review\work\Registration_Services\svn;D:\tc\java\software\ant\apache-ant-1.7.0-bin\apache-ant-1.7.0\lib\ant-launcher.jar;D:\tc\java\software\ant\apache-ant-1.7.0-bin\apache-ant-1.7.0\lib\ant.jar;D:\tc\java\software\ant\apache-ant-1.7.0-bin\apache-ant-1.7.0\lib\ant-junit.jar" />
    <property name="ant.version" value="Apache Ant version 1.7.0 compiled on December 13 2006" />
    <property name="configuration_manager.jar" value="D:\tc\java\basic_lib\configuration_manager.jar" />
    <property name="project_phases.jar" value="D:\tc\java\basic_lib\project_phases.jar" />
    <property name="java.vm.specification.name" value="Java Virtual Machine Specification" />
    <property name="builddir" value="build" />
    <property name="ext_libdir" value="lib" />
    <property name="java.vm.specification.version" value="1.0" />
    <property name="junit.jar" value="D:\tc\java\basic_lib\junit.jar" />
    <property name="component.dist.jar" value="build/dist/registration_service-1.0.jar" />
    <property name="sun.cpu.endian" value="little" />
    <property name="sun.os.patch.level" value="Service Pack 2" />
    <property name="java.io.tmpdir" value="C:\DOCUME~1\ADMINI~1\LOCALS~1\Temp\" />
    <property name="java.vendor.url.bug" value="http://java.sun.com/cgi-bin/bugreport.cgi" />
    <property name="build_targetclassdir" value="build/targetclasses" />
    <property name="javatests" value="src/java/tests" />
    <property name="build_classdir" value="build/classes" />
    <property name="configmanager.jar" value="D:\tc\java\basic_lib\configmanager.jar" />
    <property name="javadocsdir" value="docs/javadocs" />
    <property name="instrumented.dir" value="build/instrumented" />
    <property name="os.arch" value="x86" />
    <property name="java.awt.graphicsenv" value="sun.awt.Win32GraphicsEnvironment" />
    <property name="mocks.jar" value="D:\tc\java\review\work\Registration_Services\Registration_Services_final_dev_submission\test_files\mocks.jar" />
    <property name="build_webdir" value="build/web" />
    <property name="java.ext.dirs" value="C:\Program Files\Java\jdk1.5.0_11\jre\lib\ext" />
    <property name="typesafe_enum.jar" value="D:\tc\java\basic_lib\typesafe_enum.jar" />
    <property name="dist_src" value="build/dist/registration_service-1.0/src" />
    <property name="user.dir" value="D:\tc\java\review\work\Registration_Services\svn" />
    <property name="design_dist.jar" value="Registration_Services_1.0_design_dist.jar" />
    <property name="workdays.jar" value="D:\tc\java\basic_lib\workdays.jar" />
    <property name="jar_ext_libdir" value="lib" />
    <property name="javasrc" value="src/java" />
    <property name="line.separator" value="
" />
    <property name="java.vm.name" value="Java HotSpot(TM) Client VM" />
    <property name="distfilename" value="registration_service" />
    <property name="java_1_3_bootclasspath" value="c:\program files\JavaSoft\JRE\1.3.1\lib\rt.jar" />
    <property name="basedir" value="D:\tc\java\review\work\Registration_Services\svn" />
    <property name="ant.java.version" value="1.5" />
    <property name="ant.core.lib" value="D:\tc\java\software\ant\apache-ant-1.7.0-bin\apache-ant-1.7.0\lib\ant.jar" />
    <property name="mockrunner-jdbc.jar" value="D:\tc\java\basic_lib\mockrunner-jdbc.jar" />
    <property name="file.encoding" value="Cp1252" />
    <property name="dist_docs" value="build/dist/registration_service-1.0/docs" />
    <property name="component.jar" value="build/dist/lib/tcs/registration_service/1.0/registration_service.jar" />
    <property name="java.specification.version" value="1.5" />
  </properties>
  <testcase classname="com.topcoder.registration.service.CustomResourcePropertiesTest" name="testExternalReferenceId" time="0.0" />
  <testcase classname="com.topcoder.registration.service.CustomResourcePropertiesTest" name="testHandleName" time="0.0" />
  <testcase classname="com.topcoder.registration.service.CustomResourcePropertiesTest" name="testEmail" time="0.0" />
  <testcase classname="com.topcoder.registration.service.CustomResourcePropertiesTest" name="testRegistrationDate" time="0.0" />
  <testcase classname="com.topcoder.registration.service.InvalidRoleExceptionTest" name="testCtorAccuracy" time="0.031" />
  <testcase classname="com.topcoder.registration.service.InvalidRoleExceptionTest" name="testGetRoleID" time="0.0" />
  <testcase classname="com.topcoder.registration.service.RegistrationServiceConfigurationExceptionTest" name="testCtorWithMsg" time="0.0" />
  <testcase classname="com.topcoder.registration.service.RegistrationServiceConfigurationExceptionTest" name="testCtorWithMsgAndCause" time="0.0" />
  <testcase classname="com.topcoder.registration.service.RegistrationServiceExceptionTest" name="testCtorWithMsg" time="0.0" />
  <testcase classname="com.topcoder.registration.service.RegistrationServiceExceptionTest" name="testCtorWithMsgAndCause" time="0.015" />
  <testcase classname="com.topcoder.registration.service.RegistrationValidationExceptionTest" name="testCtorWithMsg" time="0.0" />
  <testcase classname="com.topcoder.registration.service.RegistrationValidationExceptionTest" name="testCtorWithMsgAndCause" time="0.0" />
  <testcase classname="com.topcoder.registration.service.impl.RegistrationInfoImplTest" name="testDefaultCtorAccuracy" time="0.0" />
  <testcase classname="com.topcoder.registration.service.impl.RegistrationInfoImplTest" name="testCtorWithNegProjectId" time="0.0" />
  <testcase classname="com.topcoder.registration.service.impl.RegistrationInfoImplTest" name="testCtorWithNegUserId" time="0.0" />
  <testcase classname="com.topcoder.registration.service.impl.RegistrationInfoImplTest" name="testCtorWithNegRoleId" time="0.0" />
  <testcase classname="com.topcoder.registration.service.impl.RegistrationInfoImplTest" name="testCtorWithFullParamsAccuracy" time="0.0" />
  <testcase classname="com.topcoder.registration.service.impl.RegistrationInfoImplTest" name="testGetProjectIdAccuracy" time="0.0" />
  <testcase classname="com.topcoder.registration.service.impl.RegistrationInfoImplTest" name="testGetUserIdAccuracy" time="0.0" />
  <testcase classname="com.topcoder.registration.service.impl.RegistrationInfoImplTest" name="testGetRoleIdAccuracy" time="0.0" />
  <testcase classname="com.topcoder.registration.service.impl.RegistrationInfoImplTest" name="testSetProjectIdWithNegId" time="0.0" />
  <testcase classname="com.topcoder.registration.service.impl.RegistrationInfoImplTest" name="testSetProjectIdAccuracy" time="0.0" />
  <testcase classname="com.topcoder.registration.service.impl.RegistrationInfoImplTest" name="testSetUserIdWithNegId" time="0.0" />
  <testcase classname="com.topcoder.registration.service.impl.RegistrationInfoImplTest" name="testSetUserIdAccuracy" time="0.015" />
  <testcase classname="com.topcoder.registration.service.impl.RegistrationInfoImplTest" name="testSetRoleIdWithNegId" time="0.0" />
  <testcase classname="com.topcoder.registration.service.impl.RegistrationInfoImplTest" name="testSetRoleIdAccuracy" time="0.0" />
  <testcase classname="com.topcoder.registration.service.impl.RegistrationPositionImplTest" name="testCtorAccuracy" time="0.109" />
  <testcase classname="com.topcoder.registration.service.impl.RegistrationPositionImplTest" name="testDefaultCtorAccuracy" time="0.0" />
  <testcase classname="com.topcoder.registration.service.impl.RegistrationPositionImplTest" name="testCtorWithNullProject" time="0.0" />
  <testcase classname="com.topcoder.registration.service.impl.RegistrationPositionImplTest" name="testCtorWithNullPhase" time="0.0" />
  <testcase classname="com.topcoder.registration.service.impl.RegistrationPositionImplTest" name="testCtorWithNullRoles" time="0.0" />
  <testcase classname="com.topcoder.registration.service.impl.RegistrationPositionImplTest" name="testCtorWithRolesHasNullEle" time="0.0" />
  <testcase classname="com.topcoder.registration.service.impl.RegistrationPositionImplTest" name="testGetProjectAccuracy" time="0.0" />
  <testcase classname="com.topcoder.registration.service.impl.RegistrationPositionImplTest" name="testGetPhaseAccuracy" time="0.0" />
  <testcase classname="com.topcoder.registration.service.impl.RegistrationPositionImplTest" name="testGetAvailableRolesAccuracy" time="0.0" />
  <testcase classname="com.topcoder.registration.service.impl.RegistrationPositionImplTest" name="testSetProjectWithNullArg" time="0.0" />
  <testcase classname="com.topcoder.registration.service.impl.RegistrationPositionImplTest" name="testSetProjectAccuracy" time="0.0" />
  <testcase classname="com.topcoder.registration.service.impl.RegistrationPositionImplTest" name="testSetPhaseWithNullArg" time="0.0" />
  <testcase classname="com.topcoder.registration.service.impl.RegistrationPositionImplTest" name="testSetPhaseAccuracy" time="0.0" />
  <testcase classname="com.topcoder.registration.service.impl.RegistrationPositionImplTest" name="testSetAvailableRolesWithNullArg" time="0.016" />
  <testcase classname="com.topcoder.registration.service.impl.RegistrationPositionImplTest" name="testSetAvailableRolesWithArrayHasNullEle" time="0.0" />
  <testcase classname="com.topcoder.registration.service.impl.RegistrationPositionImplTest" name="testSetAvailableRolesAccuracy" time="0.0" />
  <testcase classname="com.topcoder.registration.service.impl.RegistrationResultImplTest" name="testCtorAccuracy" time="0.0" />
  <testcase classname="com.topcoder.registration.service.impl.RegistrationResultImplTest" name="testDefaultCtorAccuracy" time="0.0" />
  <testcase classname="com.topcoder.registration.service.impl.RegistrationResultImplTest" name="testCtorWithTrueAndErrorsExist" time="0.0" />
  <testcase classname="com.topcoder.registration.service.impl.RegistrationResultImplTest" name="testCtorWithFalseAndPreRegExist" time="0.0" />
  <testcase classname="com.topcoder.registration.service.impl.RegistrationResultImplTest" name="testIsSuccessfulAccuracy" time="0.0" />
  <testcase classname="com.topcoder.registration.service.impl.RegistrationResultImplTest" name="testSetSuccessfulWithFalse" time="0.0" />
  <testcase classname="com.topcoder.registration.service.impl.RegistrationResultImplTest" name="testSetSuccessfulWithTrue" time="0.0" />
  <testcase classname="com.topcoder.registration.service.impl.RegistrationResultImplTest" name="testGetErrorsAccuracy" time="0.0" />
  <testcase classname="com.topcoder.registration.service.impl.RegistrationResultImplTest" name="testSetErrorsWithTrueAndErrorExist" time="0.0" />
  <testcase classname="com.topcoder.registration.service.impl.RegistrationResultImplTest" name="testSetErrorsWithErrorHasNullEle" time="0.0" />
  <testcase classname="com.topcoder.registration.service.impl.RegistrationResultImplTest" name="testSetErrorsWithErrorHasEmptyEle" time="0.0" />
  <testcase classname="com.topcoder.registration.service.impl.RegistrationResultImplTest" name="testSetErrorsAccuracy" time="0.0" />
  <testcase classname="com.topcoder.registration.service.impl.RegistrationResultImplTest" name="testGetPreviouseRegistrationAccuracy1" time="0.0" />
  <testcase classname="com.topcoder.registration.service.impl.RegistrationResultImplTest" name="testSetPreviouseRegistrationFailure" time="0.0" />
  <testcase classname="com.topcoder.registration.service.impl.RegistrationServicesImplTest" name="testCtorAccuracy" time="0.25" />
  <testcase classname="com.topcoder.registration.service.impl.RegistrationServicesImplTest" name="testCtorWithNullNamespace" time="0.047" />
  <testcase classname="com.topcoder.registration.service.impl.RegistrationServicesImplTest" name="testCtorWithEmptyNamespace" time="0.109" />
  <testcase classname="com.topcoder.registration.service.impl.RegistrationServicesImplTest" name="testCtorWithActiveProjectStatusIdMissing" time="0.109" />
  <testcase classname="com.topcoder.registration.service.impl.RegistrationServicesImplTest" name="testCtorWithBanManagerKeyMissing" time="0.141" />
  <testcase classname="com.topcoder.registration.service.impl.RegistrationServicesImplTest" name="testCtorWithContactMemberServiceKeyMissing" time="0.094" />
  <testcase classname="com.topcoder.registration.service.impl.RegistrationServicesImplTest" name="testCtorWithOperatorMissing" time="0.125" />
  <testcase classname="com.topcoder.registration.service.impl.RegistrationServicesImplTest" name="testCtorWithPhaseManagerKeyMissing" time="0.047" />
  <testcase classname="com.topcoder.registration.service.impl.RegistrationServicesImplTest" name="testCtorWithProjectServicesKeyMissing" time="0.078" />
  <testcase classname="com.topcoder.registration.service.impl.RegistrationServicesImplTest" name="testCtorWithregistrationPhaseIdHasInvalidValueType" time="0.032" />
  <testcase classname="com.topcoder.registration.service.impl.RegistrationServicesImplTest" name="testCtorWithRegistrationPhaseIdMissing" time="0.125" />
  <testcase classname="com.topcoder.registration.service.impl.RegistrationServicesImplTest" name="testCtorWithRemoveMessageTemplateNameMissing" time="0.047" />
  <testcase classname="com.topcoder.registration.service.impl.RegistrationServicesImplTest" name="testCtorWithResourceManagerHavingInvalidClassType" time="0.031" />
  <testcase classname="com.topcoder.registration.service.impl.RegistrationServicesImplTest" name="testCtorWithResourceManagerKeyMissing" time="0.125" />
  <testcase classname="com.topcoder.registration.service.impl.RegistrationServicesImplTest" name="testCtorWithResourceManagerMissingInObjectFactoryConfig" time="0.031" />
  <testcase classname="com.topcoder.registration.service.impl.RegistrationServicesImplTest" name="testCtorWithspecNamespaceInvalid" time="0.063" />
  <testcase classname="com.topcoder.registration.service.impl.RegistrationServicesImplTest" name="testCtorWithSpecNamespaceMissing" time="0.031" />
  <testcase classname="com.topcoder.registration.service.impl.RegistrationServicesImplTest" name="testCtorWithTeamCaptainRoleIdMissing" time="0.047" />
  <testcase classname="com.topcoder.registration.service.impl.RegistrationServicesImplTest" name="testCtorWithTeamServicesKeyMissing" time="0.032" />
  <testcase classname="com.topcoder.registration.service.impl.RegistrationServicesImplTest" name="testCtorWithUnknownNamespace" time="0.11" />
  <testcase classname="com.topcoder.registration.service.impl.RegistrationServicesImplTest" name="testCtorWithUserRetrievalKeyMissing" time="0.031" />
  <testcase classname="com.topcoder.registration.service.impl.RegistrationServicesImplTest" name="testCtorWithValidatorKeyInvalid" time="0.063" />
  <testcase classname="com.topcoder.registration.service.impl.RegistrationServicesImplTest" name="testCtorWithValidatorKeyMissing" time="0.031" />
  <testcase classname="com.topcoder.registration.service.impl.RegistrationServicesImplTest" name="testCtorWithParamAccuracy" time="0.016" />
  <testcase classname="com.topcoder.registration.service.impl.RegistrationServicesImplTest" name="testValidateRegistrationWithNullArg" time="0.078" />
  <testcase classname="com.topcoder.registration.service.impl.RegistrationServicesImplTest" name="testValidateRegistrationWithParaHasNegUserId" time="0.016" />
  <testcase classname="com.topcoder.registration.service.impl.RegistrationServicesImplTest" name="testValidateRegistrationWithParaHasNegProjectId" time="0.031" />
  <testcase classname="com.topcoder.registration.service.impl.RegistrationServicesImplTest" name="testValidateRegistrationWithParaHasNegRoleId" time="0.016" />
  <testcase classname="com.topcoder.registration.service.impl.RegistrationServicesImplTest" name="testValidateRegistrationWithRetrievalExceptionOccurring" time="0.016" />
  <testcase classname="com.topcoder.registration.service.impl.RegistrationServicesImplTest" name="testValidateRegistrationWithValidationErrorOccurring" time="0.047" />
  <testcase classname="com.topcoder.registration.service.impl.RegistrationServicesImplTest" name="testValidateRegistrationAccuracy" time="0.031" />
  <testcase classname="com.topcoder.registration.service.impl.RegistrationServicesImplTest" name="testRegisterForProjectWithNullArg" time="0.094" />
  <testcase classname="com.topcoder.registration.service.impl.RegistrationServicesImplTest" name="testRegisterForProjectWithNegUserId" time="0.031" />
  <testcase classname="com.topcoder.registration.service.impl.RegistrationServicesImplTest" name="testRegisterForProjectWithNegProjectId" time="0.015" />
  <testcase classname="com.topcoder.registration.service.impl.RegistrationServicesImplTest" name="testRegisterForProjectWithNegRoleId" time="0.031" />
  <testcase classname="com.topcoder.registration.service.impl.RegistrationServicesImplTest" name="testRegisterForProjectWithRetrievalExceptionOccurring" time="0.016" />
  <testcase classname="com.topcoder.registration.service.impl.RegistrationServicesImplTest" name="testRegisterForProjectWithValidationErrorOccurring" time="0.031" />
  <testcase classname="com.topcoder.registration.service.impl.RegistrationServicesImplTest" name="testRegisterForProjectAccuracy" time="0.015" />
  <testcase classname="com.topcoder.registration.service.impl.RegistrationServicesImplTest" name="testGetRegistrationWithNegUserId" time="0.094" />
  <testcase classname="com.topcoder.registration.service.impl.RegistrationServicesImplTest" name="testGetRegistrationWithNegProjectId" time="0.016" />
  <testcase classname="com.topcoder.registration.service.impl.RegistrationServicesImplTest" name="testGetRegistrationWithRetrievalErrorOccuring" time="0.015" />
  <testcase classname="com.topcoder.registration.service.impl.RegistrationServicesImplTest" name="testGetRegistrationWithInvalidRegInfo" time="0.016" />
  <testcase classname="com.topcoder.registration.service.impl.RegistrationServicesImplTest" name="testGetRegistrationAccuracy" time="0.015" />
  <testcase classname="com.topcoder.registration.service.impl.RegistrationServicesImplTest" name="testFindAvailableRegistrationPositionsWithNullArg" time="0.032" />
  <testcase classname="com.topcoder.registration.service.impl.RegistrationServicesImplTest" name="testFindAvailableRegistrationPositionsAccuracy" time="0.094" />
  <testcase classname="com.topcoder.registration.service.impl.RegistrationServicesImplTest" name="testRemoveRegistrationWithNullRegInfo" time="0.078" />
  <testcase classname="com.topcoder.registration.service.impl.RegistrationServicesImplTest" name="testRemoveRegistrationWithRegInfoHasNegUserId" time="0.015" />
  <testcase classname="com.topcoder.registration.service.impl.RegistrationServicesImplTest" name="testRemoveRegistrationWithRegInfoHasNegProjectId" time="0.031" />
  <testcase classname="com.topcoder.registration.service.impl.RegistrationServicesImplTest" name="testRemoveRegistrationWithRegInfoHasNegRoleId" time="0.016" />
  <testcase classname="com.topcoder.registration.service.impl.RegistrationServicesImplTest" name="testRemoveRegistrationWithNegBanDays" time="0.031" />
  <testcase classname="com.topcoder.registration.service.impl.RegistrationServicesImplTest" name="testRemoveRegistrationWithInvalidRegInfo" time="0.015" />
  <testcase classname="com.topcoder.registration.service.impl.RegistrationServicesImplTest" name="testRemoveRegistrationWithErrorInRetrievingResource" time="0.016" />
  <testcase classname="com.topcoder.registration.service.impl.RegistrationServicesImplTest" name="testRemoveRegistrationWithInvalidTemplate" time="0.156" />
  <testcase classname="com.topcoder.registration.service.impl.RegistrationServicesImplTest" name="testRemoveRegistrationWithUnknownTemplateSource" time="0.047" />
  <testcase classname="com.topcoder.registration.service.impl.RegistrationServicesImplTest" name="testRemoveRegistrationWithInvalidRole" time="0.032" />
  <testcase classname="com.topcoder.registration.service.impl.RegistrationServicesImplTest" name="testRemoveRegistrationAccuracy1" time="0.719" />
  <testcase classname="com.topcoder.registration.service.impl.RegistrationServicesImplTest" name="testRemoveRegistrationAccuracy" time="0.156" />
  <testcase classname="com.topcoder.registration.service.impl.RegistrationServicesImplTest" name="testGetRegisteredResourcesAccuracy" time="0.032" />
  <testcase classname="com.topcoder.registration.service.impl.RegistrationServicesImplTest" name="testGetRegisteredProjectWithNegUserId" time="0.031" />
  <testcase classname="com.topcoder.registration.service.impl.RegistrationServicesImplTest" name="testGetRegisteredProjectsWithErrorOccuringInUserRetrieval" time="0.015" />
  <testcase classname="com.topcoder.registration.service.impl.RegistrationServicesImplTest" name="testGetRegisteredProjectsAccuracy" time="0.015" />
  <testcase classname="com.topcoder.registration.service.impl.RemovalResultImplTest" name="testDefaultCtorAccuracy" time="0.0" />
  <testcase classname="com.topcoder.registration.service.impl.RemovalResultImplTest" name="testGetErrorsAccuracy" time="0.0" />
  <testcase classname="com.topcoder.registration.service.impl.RemovalResultImplTest" name="testSetErrorsWithTrueAndErrorExist" time="0.0" />
  <testcase classname="com.topcoder.registration.service.impl.RemovalResultImplTest" name="testSetErrorsAccuracy" time="0.016" />
  <testcase classname="com.topcoder.registration.service.impl.RemovalResultImplTest" name="testCtorWithTrueAndErrorMsgExist" time="0.0" />
  <testcase classname="com.topcoder.registration.service.impl.RemovalResultImplTest" name="testIsSuccessfull" time="0.0" />
  <testcase classname="com.topcoder.registration.service.impl.RemovalResultImplTest" name="testSetSuccessfulTrue" time="0.0" />
  <testcase classname="com.topcoder.registration.service.impl.UtilTest" name="testCheckObjNotNullWithNullObj" time="0.0" />
  <testcase classname="com.topcoder.registration.service.impl.UtilTest" name="testCheckObjNotNullWithNonNullObj" time="0.0" />
  <testcase classname="com.topcoder.registration.service.impl.UtilTest" name="testCheckStrNotNullOrEmptyWithNullStr" time="0.0" />
  <testcase classname="com.topcoder.registration.service.impl.UtilTest" name="testCheckStrNotNullOrEmptyWithEmptyStr" time="0.0" />
  <testcase classname="com.topcoder.registration.service.impl.UtilTest" name="testCheckStrNotNullOrEmpty" time="0.0" />
  <testcase classname="com.topcoder.registration.service.impl.UtilTest" name="testCheckArrayNotNullHasNullWithNullArray" time="0.015" />
  <testcase classname="com.topcoder.registration.service.impl.UtilTest" name="testCheckArrayNotNullHasNullWithArrayHasNull" time="0.0" />
  <testcase classname="com.topcoder.registration.service.impl.UtilTest" name="testCheckIDNegativeWithNegID" time="0.0" />
  <testcase classname="com.topcoder.registration.service.DemoTest" name="testDemo" time="0.078" />
  <testcase classname="com.topcoder.registration.service.accuracytests.RegistrationInfoImplTest" name="testConstructor" time="0.0" />
  <testcase classname="com.topcoder.registration.service.accuracytests.RegistrationInfoImplTest" name="testConstructor_long_long_long" time="0.0" />
  <testcase classname="com.topcoder.registration.service.accuracytests.RegistrationInfoImplTest" name="testMethodSetUserId_long" time="0.0" />
  <testcase classname="com.topcoder.registration.service.accuracytests.RegistrationInfoImplTest" name="testMethodSetProjectId_long" time="0.0" />
  <testcase classname="com.topcoder.registration.service.accuracytests.RegistrationInfoImplTest" name="testMethodSetRoleId_long" time="0.0" />
  <testcase classname="com.topcoder.registration.service.accuracytests.RegistrationPositionImplTest" name="testConstructor" time="0.0" />
  <testcase classname="com.topcoder.registration.service.accuracytests.RegistrationPositionImplTest" name="testConstructor_Project_Phase_ResourceRoleArray" time="0.0" />
  <testcase classname="com.topcoder.registration.service.accuracytests.RegistrationPositionImplTest" name="testMethodGetPhase" time="0.0" />
  <testcase classname="com.topcoder.registration.service.accuracytests.RegistrationPositionImplTest" name="testMethodSetPhase_Phase" time="0.0" />
  <testcase classname="com.topcoder.registration.service.accuracytests.RegistrationPositionImplTest" name="testMethodGetProject" time="0.0" />
  <testcase classname="com.topcoder.registration.service.accuracytests.RegistrationPositionImplTest" name="testMethodGetAvailableRoles" time="0.0" />
  <testcase classname="com.topcoder.registration.service.accuracytests.RegistrationPositionImplTest" name="testMethodSetProject_Project" time="0.0" />
  <testcase classname="com.topcoder.registration.service.accuracytests.RegistrationPositionImplTest" name="testMethodSetAvailableRoles_ResourceRoleArray" time="0.0" />
  <testcase classname="com.topcoder.registration.service.accuracytests.RegistrationResultImplTest" name="testConstructor" time="0.0" />
  <testcase classname="com.topcoder.registration.service.accuracytests.RegistrationResultImplTest" name="testConstructor_boolean_StringArray_Resource" time="0.0" />
  <testcase classname="com.topcoder.registration.service.accuracytests.RegistrationResultImplTest" name="testMethodIsSuccessful" time="0.0" />
  <testcase classname="com.topcoder.registration.service.accuracytests.RegistrationResultImplTest" name="testMethodGetErrors" time="0.0" />
  <testcase classname="com.topcoder.registration.service.accuracytests.RegistrationResultImplTest" name="testMethodSetSuccessful_boolean" time="0.0" />
  <testcase classname="com.topcoder.registration.service.accuracytests.RegistrationResultImplTest" name="testMethodGetPreviousRegistration" time="0.0" />
  <testcase classname="com.topcoder.registration.service.accuracytests.RegistrationResultImplTest" name="testMethodSetErrors_StringArray" time="0.0" />
  <testcase classname="com.topcoder.registration.service.accuracytests.RegistrationResultImplTest" name="testMethodSetPreviousRegistration_Resource" time="0.0" />
  <testcase classname="com.topcoder.registration.service.accuracytests.RegistrationServicesImplTest" name="testConstructor" time="0.109" />
  <testcase classname="com.topcoder.registration.service.accuracytests.RegistrationServicesImplTest" name="testConstructor_String" time="0.031" />
  <testcase classname="com.topcoder.registration.service.accuracytests.RegistrationServicesImplTest" name="testMethodRegisterForProject_RegistrationInfo" time="0.031" />
  <testcase classname="com.topcoder.registration.service.accuracytests.RegistrationServicesImplTest" name="testMethodValidateRegistration_RegistrationInfo" time="0.031" />
  <testcase classname="com.topcoder.registration.service.accuracytests.RegistrationServicesImplTest" name="testMethodGetRegisteredProjects_long" time="0.093" />
  <testcase classname="com.topcoder.registration.service.accuracytests.RegistrationServicesImplTest" name="testMethodGetRegistration_long_long" time="0.015" />
  <testcase classname="com.topcoder.registration.service.accuracytests.RegistrationServicesImplTest" name="testMethodFindAvailableRegistrationPositions_ProjectCategory" time="0.031" />
  <testcase classname="com.topcoder.registration.service.accuracytests.RegistrationServicesImplTest" name="testMethodRemoveRegistration_RegistrationInfo_int" time="0.078" />
  <testcase classname="com.topcoder.registration.service.accuracytests.RegistrationServicesImplTest" name="testMethodGetRegisteredResources_long" time="0.11" />
  <testcase classname="com.topcoder.registration.service.accuracytests.RemovalResultImplTest" name="testConstructor" time="0.0" />
  <testcase classname="com.topcoder.registration.service.accuracytests.RemovalResultImplTest" name="testMethodIsSuccessful" time="0.0" />
  <testcase classname="com.topcoder.registration.service.accuracytests.RemovalResultImplTest" name="testMethodGetErrors" time="0.0" />
  <testcase classname="com.topcoder.registration.service.accuracytests.RemovalResultImplTest" name="testMethodSetSuccessful_boolean" time="0.0" />
  <testcase classname="com.topcoder.registration.service.accuracytests.RemovalResultImplTest" name="testMethodSetErrors_StringArray" time="0.016" />
  <testcase classname="com.topcoder.registration.service.accuracytests.RemovalResultImplTest" name="testConstructor_boolean_StringArray" time="0.0" />
  <testcase classname="com.topcoder.registration.service.failuretests.impl.RegistrationInfoImplFailureTest" name="testRegistrationInfoImplLongLongLong_InvalidArgument1" time="0.0" />
  <testcase classname="com.topcoder.registration.service.failuretests.impl.RegistrationInfoImplFailureTest" name="testRegistrationInfoImplLongLongLong_InvalidArgument2" time="0.0" />
  <testcase classname="com.topcoder.registration.service.failuretests.impl.RegistrationInfoImplFailureTest" name="testRegistrationInfoImplLongLongLong_InvalidArgument3" time="0.0" />
  <testcase classname="com.topcoder.registration.service.failuretests.impl.RegistrationInfoImplFailureTest" name="testSetProjectId_InvalidArgument" time="0.0" />
  <testcase classname="com.topcoder.registration.service.failuretests.impl.RegistrationInfoImplFailureTest" name="testSetUserId_InvalidArgument" time="0.0" />
  <testcase classname="com.topcoder.registration.service.failuretests.impl.RegistrationInfoImplFailureTest" name="testSetRoleId" time="0.0" />
  <testcase classname="com.topcoder.registration.service.failuretests.impl.RegistrationPositionImplFailureTest" name="testRegistrationPositionImplProjectPhaseResourceRoleArray_invalid1" time="0.0" />
  <testcase classname="com.topcoder.registration.service.failuretests.impl.RegistrationPositionImplFailureTest" name="testRegistrationPositionImplProjectPhaseResourceRoleArray_invalid2" time="0.0" />
  <testcase classname="com.topcoder.registration.service.failuretests.impl.RegistrationPositionImplFailureTest" name="testRegistrationPositionImplProjectPhaseResourceRoleArray_invalid3" time="0.0" />
  <testcase classname="com.topcoder.registration.service.failuretests.impl.RegistrationPositionImplFailureTest" name="testRegistrationPositionImplProjectPhaseResourceRoleArray_invalid4" time="0.016" />
  <testcase classname="com.topcoder.registration.service.failuretests.impl.RegistrationPositionImplFailureTest" name="testSetProject_invalid" time="0.0" />
  <testcase classname="com.topcoder.registration.service.failuretests.impl.RegistrationPositionImplFailureTest" name="testSetPhase_invalid" time="0.0" />
  <testcase classname="com.topcoder.registration.service.failuretests.impl.RegistrationPositionImplFailureTest" name="testSetAvailableRoles_invalid1" time="0.0" />
  <testcase classname="com.topcoder.registration.service.failuretests.impl.RegistrationPositionImplFailureTest" name="testSetAvailableRoles_invalid2" time="0.0" />
  <testcase classname="com.topcoder.registration.service.failuretests.impl.RegistrationResultImplFailureTest" name="testRegistrationResultImplBooleanStringArrayResource_invalid1" time="0.0" />
  <testcase classname="com.topcoder.registration.service.failuretests.impl.RegistrationResultImplFailureTest" name="testRegistrationResultImplBooleanStringArrayResource_invalid2" time="0.0" />
  <testcase classname="com.topcoder.registration.service.failuretests.impl.RegistrationResultImplFailureTest" name="testRegistrationResultImplBooleanStringArrayResource_invalid3" time="0.0" />
  <testcase classname="com.topcoder.registration.service.failuretests.impl.RegistrationResultImplFailureTest" name="testRegistrationResultImplBooleanStringArrayResource_invalid4" time="0.0" />
  <testcase classname="com.topcoder.registration.service.failuretests.impl.RegistrationResultImplFailureTest" name="testSetErrors_invalid1" time="0.0" />
  <testcase classname="com.topcoder.registration.service.failuretests.impl.RegistrationResultImplFailureTest" name="testSetErrors_invalid2" time="0.0" />
  <testcase classname="com.topcoder.registration.service.failuretests.impl.RegistrationResultImplFailureTest" name="testSetErrors_invalid3" time="0.0" />
  <testcase classname="com.topcoder.registration.service.failuretests.impl.RegistrationResultImplFailureTest" name="testSetPreviousRegistration" time="0.0" />
  <testcase classname="com.topcoder.registration.service.failuretests.impl.RegistrationServicesImplFailureTest" name="testRegistrationServicesImplString_invalid1" time="0.031" />
  <testcase classname="com.topcoder.registration.service.failuretests.impl.RegistrationServicesImplFailureTest" name="testRegistrationServicesImplString_invalid2" time="0.015" />
  <testcase classname="com.topcoder.registration.service.failuretests.impl.RegistrationServicesImplFailureTest" name="testRegistrationServicesImplString_invalid3" time="0.031" />
  <testcase classname="com.topcoder.registration.service.failuretests.impl.RegistrationServicesImplFailureTest" name="testRegistrationServicesImplString_invalid4" time="0.016" />
  <testcase classname="com.topcoder.registration.service.failuretests.impl.RegistrationServicesImplFailureTest" name="testRegistrationServicesImplString_invalid5" time="0.031" />
  <testcase classname="com.topcoder.registration.service.failuretests.impl.RegistrationServicesImplFailureTest" name="testRegistrationServicesImplString_invalid6" time="0.016" />
  <testcase classname="com.topcoder.registration.service.failuretests.impl.RegistrationServicesImplFailureTest" name="testRegistrationServicesImplString_invalid7" time="0.016" />
  <testcase classname="com.topcoder.registration.service.failuretests.impl.RegistrationServicesImplFailureTest" name="testRegistrationServicesImplString_invalid8" time="0.125" />
  <testcase classname="com.topcoder.registration.service.failuretests.impl.RegistrationServicesImplFailureTest" name="testRegistrationServicesImplString_invalid9" time="0.016" />
  <testcase classname="com.topcoder.registration.service.failuretests.impl.RegistrationServicesImplFailureTest" name="testRegistrationServicesImplString_invalid10" time="0.0" />
  <testcase classname="com.topcoder.registration.service.failuretests.impl.RegistrationServicesImplFailureTest" name="testRegistrationServicesImplString_invalid11" time="0.032" />
  <testcase classname="com.topcoder.registration.service.failuretests.impl.RegistrationServicesImplFailureTest" name="testRegistrationServicesImplString_invalid12" time="0.016" />
  <testcase classname="com.topcoder.registration.service.failuretests.impl.RegistrationServicesImplFailureTest" name="testRegistrationServicesImplString_invalid13" time="0.016" />
  <testcase classname="com.topcoder.registration.service.failuretests.impl.RegistrationServicesImplFailureTest" name="testRegistrationServicesImplString_invalid14" time="0.016" />
  <testcase classname="com.topcoder.registration.service.failuretests.impl.RegistrationServicesImplFailureTest" name="testRegisterForProject_Invalid1" time="0.015" />
  <testcase classname="com.topcoder.registration.service.failuretests.impl.RegistrationServicesImplFailureTest" name="testRegisterForProject_Invalid2" time="0.016" />
  <testcase classname="com.topcoder.registration.service.failuretests.impl.RegistrationServicesImplFailureTest" name="testRegisterForProject_Invalid3" time="0.016" />
  <testcase classname="com.topcoder.registration.service.failuretests.impl.RegistrationServicesImplFailureTest" name="testRegisterForProject_Invalid4" time="0.015" />
  <testcase classname="com.topcoder.registration.service.failuretests.impl.RegistrationServicesImplFailureTest" name="testValidateRegistration_invalid1" time="0.016" />
  <testcase classname="com.topcoder.registration.service.failuretests.impl.RegistrationServicesImplFailureTest" name="testValidateRegistration_invalid2" time="0.031" />
  <testcase classname="com.topcoder.registration.service.failuretests.impl.RegistrationServicesImplFailureTest" name="testValidateRegistration_invalid3" time="0.094" />
  <testcase classname="com.topcoder.registration.service.failuretests.impl.RegistrationServicesImplFailureTest" name="testValidateRegistration_invalid4" time="0.015" />
  <testcase classname="com.topcoder.registration.service.failuretests.impl.RegistrationServicesImplFailureTest" name="testGetRegistration_invalid1" time="0.0" />
  <testcase classname="com.topcoder.registration.service.failuretests.impl.RegistrationServicesImplFailureTest" name="testGetRegistration_invalid2" time="0.016" />
  <testcase classname="com.topcoder.registration.service.failuretests.impl.RegistrationServicesImplFailureTest" name="testFindAvailableRegistrationPositions" time="0.0" />
  <testcase classname="com.topcoder.registration.service.failuretests.impl.RegistrationServicesImplFailureTest" name="testRemoveRegistration_invalid1" time="0.016" />
  <testcase classname="com.topcoder.registration.service.failuretests.impl.RegistrationServicesImplFailureTest" name="testRemoveRegistration_invalid2" time="0.016" />
  <testcase classname="com.topcoder.registration.service.failuretests.impl.RegistrationServicesImplFailureTest" name="testRemoveRegistration_invalid3" time="0.016" />
  <testcase classname="com.topcoder.registration.service.failuretests.impl.RegistrationServicesImplFailureTest" name="testGetRegisteredResources" time="0.0" />
  <testcase classname="com.topcoder.registration.service.failuretests.impl.RegistrationServicesImplFailureTest" name="testGetRegisteredProjects" time="0.016" />
  <testcase classname="com.topcoder.registration.service.failuretests.impl.RemovalResultImplFailureTest" name="testSetErrors_invalid1" time="0.016" />
  <testcase classname="com.topcoder.registration.service.failuretests.impl.RemovalResultImplFailureTest" name="testSetErrors_invalid2" time="0.0" />
  <testcase classname="com.topcoder.registration.service.failuretests.impl.RemovalResultImplFailureTest" name="testSetErrors_invalid3" time="0.0" />
  <testcase classname="com.topcoder.registration.service.failuretests.impl.RemovalResultImplFailureTest" name="testRemovalResultImplBooleanStringArray_invalid1" time="0.0" />
  <testcase classname="com.topcoder.registration.service.failuretests.impl.RemovalResultImplFailureTest" name="testRemovalResultImplBooleanStringArray_invalid2" time="0.0" />
  <testcase classname="com.topcoder.registration.service.failuretests.impl.RemovalResultImplFailureTest" name="testRemovalResultImplBooleanStringArray_invalid3" time="0.0" />
  <testcase classname="com.topcoder.registration.service.stresstests.RegistrationServicesStressTest" name="testRegistrationServicesStressForRegistering" time="0.25" />
  <testcase classname="com.topcoder.registration.service.stresstests.RegistrationServicesStressTest" name="testRegistrationServicesStressForValidating" time="0.093" />
  <testcase classname="com.topcoder.registration.service.stresstests.RegistrationServicesStressTest" name="testRegistrationServicesStressForRemoving" time="6.36" />
  <testcase classname="com.topcoder.registration.service.stresstests.RegistrationServicesStressTest" name="testRegistrationServicesStressForGettingRegisteredResources" time="0.281" />
  <system-out><![CDATA[Enters RegistrationServicesImpl#validateRegistration method.
IllegalArgumentException occurred in RegistrationServicesImpl#validateRegistration.
Enters RegistrationServicesImpl#validateRegistration method.
IllegalArgumentException occurred in RegistrationServicesImpl#validateRegistration.
Enters RegistrationServicesImpl#validateRegistration method.
IllegalArgumentException occurred in RegistrationServicesImpl#validateRegistration.
Enters RegistrationServicesImpl#validateRegistration method.
IllegalArgumentException occurred in RegistrationServicesImpl#validateRegistration.
Enters RegistrationServicesImpl#validateRegistration method.
Starts calling UserRetrieval#retrieveUser in RegistrationServicesImpl#validateRegistration.
RegistrationServiceException occurred in RegistrationServicesImpl#validateRegistration.
Enters RegistrationServicesImpl#validateRegistration method.
Starts calling UserRetrieval#retrieveUser in RegistrationServicesImpl#validateRegistration.
Finished calling UserRetrieval#retrieveUser in RegistrationServicesImpl#validateRegistration.
Starts calling ProjectServices#getFullProjectData method.
Finished calling ProjectServices#getFullProjectData method.
Starts calling RegistrationValidator#validate method.
RegistrationValidationException occurred in RegistrationServicesImpl#validateRegistration.
Enters RegistrationServicesImpl#validateRegistration method.
Starts calling UserRetrieval#retrieveUser in RegistrationServicesImpl#validateRegistration.
Finished calling UserRetrieval#retrieveUser in RegistrationServicesImpl#validateRegistration.
Starts calling ProjectServices#getFullProjectData method.
Finished calling ProjectServices#getFullProjectData method.
Starts calling RegistrationValidator#validate method.
Finished calling RegistrationValidator#validate method.
Exits RegistrationServicesImpl#validateRegistration method.
Enters RegistrationServicesImpl#registerForProject method.
Enters RegistrationServicesImpl#validateRegistration method.
IllegalArgumentException occurred in RegistrationServicesImpl#validateRegistration.
IllegalArgumentException occurred in RegistrationServicesImpl#registerForProject.
Enters RegistrationServicesImpl#registerForProject method.
Enters RegistrationServicesImpl#validateRegistration method.
IllegalArgumentException occurred in RegistrationServicesImpl#validateRegistration.
IllegalArgumentException occurred in RegistrationServicesImpl#registerForProject.
Enters RegistrationServicesImpl#registerForProject method.
Enters RegistrationServicesImpl#validateRegistration method.
IllegalArgumentException occurred in RegistrationServicesImpl#validateRegistration.
IllegalArgumentException occurred in RegistrationServicesImpl#registerForProject.
Enters RegistrationServicesImpl#registerForProject method.
Enters RegistrationServicesImpl#validateRegistration method.
IllegalArgumentException occurred in RegistrationServicesImpl#validateRegistration.
IllegalArgumentException occurred in RegistrationServicesImpl#registerForProject.
Enters RegistrationServicesImpl#registerForProject method.
Enters RegistrationServicesImpl#validateRegistration method.
Starts calling UserRetrieval#retrieveUser in RegistrationServicesImpl#validateRegistration.
RegistrationServiceException occurred in RegistrationServicesImpl#validateRegistration.
RegistrationServiceException occurred in RegistrationServiceImpl#registerForProject.
Enters RegistrationServicesImpl#registerForProject method.
Enters RegistrationServicesImpl#validateRegistration method.
Starts calling UserRetrieval#retrieveUser in RegistrationServicesImpl#validateRegistration.
Finished calling UserRetrieval#retrieveUser in RegistrationServicesImpl#validateRegistration.
Starts calling ProjectServices#getFullProjectData method.
Finished calling ProjectServices#getFullProjectData method.
Starts calling RegistrationValidator#validate method.
RegistrationValidationException occurred in RegistrationServicesImpl#validateRegistration.
RegistrationValidationException occurred in RegistrationServicesImpl#registerForProject.
Enters RegistrationServicesImpl#registerForProject method.
Enters RegistrationServicesImpl#validateRegistration method.
Starts calling UserRetrieval#retrieveUser in RegistrationServicesImpl#validateRegistration.
Finished calling UserRetrieval#retrieveUser in RegistrationServicesImpl#validateRegistration.
Starts calling ProjectServices#getFullProjectData method.
Finished calling ProjectServices#getFullProjectData method.
Starts calling RegistrationValidator#validate method.
Finished calling RegistrationValidator#validate method.
Exits RegistrationServicesImpl#validateRegistration method.
Starts calling ResourceManager#removeResource in RegistrationServicesImpl#registerForProject.
Finished calling ResourceManager#removeResource in RegistrationServicesImpl#registerForProject.
Starts calling UserRetrieval#retrieveUser in RegistrationServicesImpl#registerForProject.
Finished calling UserRetrieval#retrieveUser in RegistrationServicesImpl#registerForProject.
Starts calling ResourceManager#updateResource in RegistrationServicesImpl#registerForProject.
Finished calling ResourceManager#updateResource in RegistrationServicesImpl#registerForProject.
Exits RegistrationServicesImpl#registerForProject method.
Enters RegistrationServicesImpl#getRegistration method.
IllegalArgumentException occurred in RegistrationServicesImpl#getRegistration.
Enters RegistrationServicesImpl#getRegistration method.
IllegalArgumentException occurred in RegistrationServicesImpl#getRegistration.
Enters RegistrationServicesImpl#getRegistration method.
Starts calling UserRetrieval#retrieveUser in RegistrationServicesImpl#getRegistration.
RegistrationServiceException occurred in RegistrationServicesImpl#getRegistration.
Enters RegistrationServicesImpl#getRegistration method.
Starts calling UserRetrieval#retrieveUser in RegistrationServicesImpl#getRegistration.
RegistrationServiceException occurred in RegistrationServicesImpl#getRegistration.
Enters RegistrationServicesImpl#getRegistration method.
Starts calling UserRetrieval#retrieveUser in RegistrationServicesImpl#getRegistration.
Finished calling UserRetrieval#retrieveUser in RegistrationServicesImpl#getRegistration.
Starts calling ProjectServices#getFullProjectData method.
Finished calling ProjectServices#getFullProjectData method.
Exists RegistrationServicesImpl#getRegistration method.
Enters RegistrationServicesImpl#findAvailableRegistrationPositions method.
IllegalArgumentException occurred in RegistrationServicesImpl#findAvailableRegistrationPositions.
Enters RegistrationServicesImpl#findAvailableRegistrationPositions method.
Starts calling ProjectServices#findFullProjects method.
Finished calling ProjectServices#findFullProjects method.
Starts calling PhaseManager#getPhases method.
Finished calling PhaseManager#getPhases method.
Exists RegistrationServicesImpl#findAvailableRegistrationPositions method.
Enters RegistrationServicesImpl#removeRegistration method.
IllegalArgumentException occurred in RegistrationServicesImpl#removeRegistration.
Enters RegistrationServicesImpl#removeRegistration method.
IllegalArgumentException occurred in RegistrationServicesImpl#removeRegistration.
Enters RegistrationServicesImpl#removeRegistration method.
IllegalArgumentException occurred in RegistrationServicesImpl#removeRegistration.
Enters RegistrationServicesImpl#removeRegistration method.
IllegalArgumentException occurred in RegistrationServicesImpl#removeRegistration.
Enters RegistrationServicesImpl#removeRegistration method.
IllegalArgumentException occurred in RegistrationServicesImpl#removeRegistration.
Enters RegistrationServicesImpl#removeRegistration method.
Starts calling UserRetrieval#retrieveUser in RegistrationServicesImpl#removeRegistration.
RegistrationServiceException occurred in RegistrationServicesImpl#removeRegistration.
Enters RegistrationServicesImpl#removeRegistration method.
Starts calling UserRetrieval#retrieveUser in RegistrationServicesImpl#removeRegistration.
RegistrationServiceException occurred in RegistrationServicesImpl#removeRegistration.
Enters RegistrationServicesImpl#removeRegistration method.
Starts calling UserRetrieval#retrieveUser in RegistrationServicesImpl#removeRegistration.
Finished calling UserRetrieval#retrieveUser in RegistrationServicesImpl#removeRegistration.
Starts calling ProjectServices#getFullProjectData in RegistrationServicesImpl#removeRegistration.
Finished calling ProjectServices#getFullProjectData in RegistrationServicesImpl#removeRegistration.
Starts calling TeamManager#findPositions method.
Finished calling TeamManager#findPositions method.
Starts calling TeamManager#getTeamFromPosition method.
Finished calling TeamManager#getTeamFromPosition method.
Starts calling ResourceManager#removeResource in RegistrationServicesImpl#removeRegistration.
Finished calling ResourceManager#removeResource in RegistrationServicesImpl#removeRegistration.
Starts calling TeamServices#removeMember in RegistrationServicesImpl#removeRegistration.
Finished calling TeamServices#removeTeam in RegistrationServicesImpl#removeRegistration.
RegistrationServiceException occurred in RegistrationServicesImpl#removeRegistration.
Enters RegistrationServicesImpl#removeRegistration method.
Starts calling UserRetrieval#retrieveUser in RegistrationServicesImpl#removeRegistration.
Finished calling UserRetrieval#retrieveUser in RegistrationServicesImpl#removeRegistration.
Starts calling ProjectServices#getFullProjectData in RegistrationServicesImpl#removeRegistration.
Finished calling ProjectServices#getFullProjectData in RegistrationServicesImpl#removeRegistration.
Starts calling TeamManager#findPositions method.
Finished calling TeamManager#findPositions method.
Starts calling TeamManager#getTeamFromPosition method.
Finished calling TeamManager#getTeamFromPosition method.
Starts calling ResourceManager#removeResource in RegistrationServicesImpl#removeRegistration.
Finished calling ResourceManager#removeResource in RegistrationServicesImpl#removeRegistration.
Starts calling TeamServices#removeMember in RegistrationServicesImpl#removeRegistration.
Finished calling TeamServices#removeTeam in RegistrationServicesImpl#removeRegistration.
RegistrationServiceException occurred in RegistrationServicesImpl#removeRegistration.
Enters RegistrationServicesImpl#removeRegistration method.
Starts calling UserRetrieval#retrieveUser in RegistrationServicesImpl#removeRegistration.
Finished calling UserRetrieval#retrieveUser in RegistrationServicesImpl#removeRegistration.
Starts calling ProjectServices#getFullProjectData in RegistrationServicesImpl#removeRegistration.
Finished calling ProjectServices#getFullProjectData in RegistrationServicesImpl#removeRegistration.
InvalidRoleException occurred in RegistrationServicesImpl#removeRegistration.
Enters RegistrationServicesImpl#removeRegistration method.
Starts calling UserRetrieval#retrieveUser in RegistrationServicesImpl#removeRegistration.
Finished calling UserRetrieval#retrieveUser in RegistrationServicesImpl#removeRegistration.
Starts calling ProjectServices#getFullProjectData in RegistrationServicesImpl#removeRegistration.
Finished calling ProjectServices#getFullProjectData in RegistrationServicesImpl#removeRegistration.
Starts calling TeamServices#removeTeam in RegistrationServicesImpl#removeRegistration.
Finished calling TeamServices#removeTeam in RegistrationServicesImpl#removeRegistration.
Starts calling ContactMemberServices#sendMessage in RegistrationServicesImpl#removeRegistration.
Finished calling ContactMemberServices#sendMessage in RegistrationServicesImpl#removeRegistration.
Starts calling BanManager#banUser in RegistrationServicesImpl#removeRegistration.
Finished calling BanManager#banUser in RegistrationServicesImpl#removeRegistration.
Exits RegistrationServicesImpl#removeRegistration method.
Enters RegistrationServicesImpl#removeRegistration method.
Starts calling UserRetrieval#retrieveUser in RegistrationServicesImpl#removeRegistration.
Finished calling UserRetrieval#retrieveUser in RegistrationServicesImpl#removeRegistration.
Starts calling ProjectServices#getFullProjectData in RegistrationServicesImpl#removeRegistration.
Finished calling ProjectServices#getFullProjectData in RegistrationServicesImpl#removeRegistration.
Starts calling TeamManager#findPositions method.
Finished calling TeamManager#findPositions method.
Starts calling TeamManager#getTeamFromPosition method.
Finished calling TeamManager#getTeamFromPosition method.
Starts calling ResourceManager#removeResource in RegistrationServicesImpl#removeRegistration.
Finished calling ResourceManager#removeResource in RegistrationServicesImpl#removeRegistration.
Starts calling TeamServices#removeMember in RegistrationServicesImpl#removeRegistration.
Finished calling TeamServices#removeTeam in RegistrationServicesImpl#removeRegistration.
Starts calling ContactMemberServices#sendMessage in RegistrationServicesImpl#removeRegistration.
Finished calling ContactMemberServices#sendMessage in RegistrationServicesImpl#removeRegistration.
Starts calling BanManager#banUser in RegistrationServicesImpl#removeRegistration.
Finished calling BanManager#banUser in RegistrationServicesImpl#removeRegistration.
Exits RegistrationServicesImpl#removeRegistration method.
Enters RegistrationServicesImpl#getRegisteredResources.
Starts calling ProjectServices#getFullProjectData method.
Finished calling ProjectServices#getFullProjectData method.
Exits RegistrationServicesImpl#getRegisteredResources.
Enters RegistrationServicesImpl#getRegisteredProjects method.
IllegalArgumentException occurred in RegistrationServicesImpl#getRegisteredProjects method.
Enters RegistrationServicesImpl#getRegisteredProjects method.
Starts calling UserRetrieval#retrieveUser in RegistrationServicesImpl#getRegisteredProjects.
RegistrationServiceException occurred in RegistrationServicesImpl#getRegisteredProjects.
Enters RegistrationServicesImpl#getRegisteredProjects method.
Starts calling UserRetrieval#retrieveUser in RegistrationServicesImpl#getRegisteredProjects.
Finished calling UserRetrieval#retrieveUser in RegistrationServicesImpl#getRegisteredProjects.
Starts calling ProjectServices#findActiveProjects in RegistrationServicesImpl#getRegisteredProjects.
Finished calling ProjectServices#findActiveProjects in RegistrationServicesImpl#getRegisteredProjects.
Exits RegistrationServicesImpl#getRegisteredProjects method.
Enters RegistrationServicesImpl#registerForProject method.
Enters RegistrationServicesImpl#validateRegistration method.
Starts calling UserRetrieval#retrieveUser in RegistrationServicesImpl#validateRegistration.
Finished calling UserRetrieval#retrieveUser in RegistrationServicesImpl#validateRegistration.
Starts calling ProjectServices#getFullProjectData method.
Finished calling ProjectServices#getFullProjectData method.
Starts calling RegistrationValidator#validate method.
Finished calling RegistrationValidator#validate method.
Exits RegistrationServicesImpl#validateRegistration method.
Starts calling ResourceManager#removeResource in RegistrationServicesImpl#registerForProject.
Finished calling ResourceManager#removeResource in RegistrationServicesImpl#registerForProject.
Starts calling UserRetrieval#retrieveUser in RegistrationServicesImpl#registerForProject.
Finished calling UserRetrieval#retrieveUser in RegistrationServicesImpl#registerForProject.
Starts calling ResourceManager#updateResource in RegistrationServicesImpl#registerForProject.
Finished calling ResourceManager#updateResource in RegistrationServicesImpl#registerForProject.
Exits RegistrationServicesImpl#registerForProject method.
Enters RegistrationServicesImpl#validateRegistration method.
Starts calling UserRetrieval#retrieveUser in RegistrationServicesImpl#validateRegistration.
Finished calling UserRetrieval#retrieveUser in RegistrationServicesImpl#validateRegistration.
Starts calling ProjectServices#getFullProjectData method.
Finished calling ProjectServices#getFullProjectData method.
Starts calling RegistrationValidator#validate method.
Finished calling RegistrationValidator#validate method.
Exits RegistrationServicesImpl#validateRegistration method.
Enters RegistrationServicesImpl#getRegistration method.
Starts calling UserRetrieval#retrieveUser in RegistrationServicesImpl#getRegistration.
Finished calling UserRetrieval#retrieveUser in RegistrationServicesImpl#getRegistration.
Starts calling ProjectServices#getFullProjectData method.
Finished calling ProjectServices#getFullProjectData method.
Exists RegistrationServicesImpl#getRegistration method.
Enters RegistrationServicesImpl#registerForProject method.
Enters RegistrationServicesImpl#validateRegistration method.
Starts calling UserRetrieval#retrieveUser in RegistrationServicesImpl#validateRegistration.
Finished calling UserRetrieval#retrieveUser in RegistrationServicesImpl#validateRegistration.
Starts calling ProjectServices#getFullProjectData method.
Finished calling ProjectServices#getFullProjectData method.
Starts calling RegistrationValidator#validate method.
Finished calling RegistrationValidator#validate method.
Exits RegistrationServicesImpl#validateRegistration method.
Starts calling ResourceManager#removeResource in RegistrationServicesImpl#registerForProject.
Finished calling ResourceManager#removeResource in RegistrationServicesImpl#registerForProject.
Starts calling UserRetrieval#retrieveUser in RegistrationServicesImpl#registerForProject.
Finished calling UserRetrieval#retrieveUser in RegistrationServicesImpl#registerForProject.
Starts calling ResourceManager#updateResource in RegistrationServicesImpl#registerForProject.
Finished calling ResourceManager#updateResource in RegistrationServicesImpl#registerForProject.
Exits RegistrationServicesImpl#registerForProject method.
Enters RegistrationServicesImpl#removeRegistration method.
Starts calling UserRetrieval#retrieveUser in RegistrationServicesImpl#removeRegistration.
Finished calling UserRetrieval#retrieveUser in RegistrationServicesImpl#removeRegistration.
Starts calling ProjectServices#getFullProjectData in RegistrationServicesImpl#removeRegistration.
Finished calling ProjectServices#getFullProjectData in RegistrationServicesImpl#removeRegistration.
Starts calling TeamManager#findPositions method.
Finished calling TeamManager#findPositions method.
Starts calling TeamManager#getTeamFromPosition method.
Finished calling TeamManager#getTeamFromPosition method.
Starts calling ResourceManager#removeResource in RegistrationServicesImpl#removeRegistration.
Finished calling ResourceManager#removeResource in RegistrationServicesImpl#removeRegistration.
Starts calling TeamServices#removeMember in RegistrationServicesImpl#removeRegistration.
Finished calling TeamServices#removeTeam in RegistrationServicesImpl#removeRegistration.
Starts calling ContactMemberServices#sendMessage in RegistrationServicesImpl#removeRegistration.
Finished calling ContactMemberServices#sendMessage in RegistrationServicesImpl#removeRegistration.
Starts calling BanManager#banUser in RegistrationServicesImpl#removeRegistration.
Finished calling BanManager#banUser in RegistrationServicesImpl#removeRegistration.
Exits RegistrationServicesImpl#removeRegistration method.
Enters RegistrationServicesImpl#findAvailableRegistrationPositions method.
Starts calling ProjectServices#findFullProjects method.
Finished calling ProjectServices#findFullProjects method.
Starts calling PhaseManager#getPhases method.
Finished calling PhaseManager#getPhases method.
Exists RegistrationServicesImpl#findAvailableRegistrationPositions method.
Enters RegistrationServicesImpl#getRegisteredProjects method.
Starts calling UserRetrieval#retrieveUser in RegistrationServicesImpl#getRegisteredProjects.
Finished calling UserRetrieval#retrieveUser in RegistrationServicesImpl#getRegisteredProjects.
Starts calling ProjectServices#findActiveProjects in RegistrationServicesImpl#getRegisteredProjects.
Finished calling ProjectServices#findActiveProjects in RegistrationServicesImpl#getRegisteredProjects.
Exits RegistrationServicesImpl#getRegisteredProjects method.
Enters RegistrationServicesImpl#getRegisteredResources.
Starts calling ProjectServices#getFullProjectData method.
Finished calling ProjectServices#getFullProjectData method.
Exits RegistrationServicesImpl#getRegisteredResources.
Enters RegistrationServicesImpl#registerForProject method.
Enters RegistrationServicesImpl#validateRegistration method.
Starts calling UserRetrieval#retrieveUser in RegistrationServicesImpl#validateRegistration.
Finished calling UserRetrieval#retrieveUser in RegistrationServicesImpl#validateRegistration.
Starts calling ProjectServices#getFullProjectData method.
Finished calling ProjectServices#getFullProjectData method.
Starts calling RegistrationValidator#validate method.
Finished calling RegistrationValidator#validate method.
Exits RegistrationServicesImpl#validateRegistration method.
Starts calling ResourceManager#removeResource in RegistrationServicesImpl#registerForProject.
Finished calling ResourceManager#removeResource in RegistrationServicesImpl#registerForProject.
Starts calling UserRetrieval#retrieveUser in RegistrationServicesImpl#registerForProject.
Finished calling UserRetrieval#retrieveUser in RegistrationServicesImpl#registerForProject.
Starts calling ResourceManager#updateResource in RegistrationServicesImpl#registerForProject.
Finished calling ResourceManager#updateResource in RegistrationServicesImpl#registerForProject.
Exits RegistrationServicesImpl#registerForProject method.
Enters RegistrationServicesImpl#validateRegistration method.
Starts calling UserRetrieval#retrieveUser in RegistrationServicesImpl#validateRegistration.
Finished calling UserRetrieval#retrieveUser in RegistrationServicesImpl#validateRegistration.
Starts calling ProjectServices#getFullProjectData method.
Finished calling ProjectServices#getFullProjectData method.
Starts calling RegistrationValidator#validate method.
Finished calling RegistrationValidator#validate method.
Exits RegistrationServicesImpl#validateRegistration method.
Enters RegistrationServicesImpl#getRegisteredProjects method.
Starts calling UserRetrieval#retrieveUser in RegistrationServicesImpl#getRegisteredProjects.
Finished calling UserRetrieval#retrieveUser in RegistrationServicesImpl#getRegisteredProjects.
Starts calling ProjectServices#findActiveProjects in RegistrationServicesImpl#getRegisteredProjects.
Finished calling ProjectServices#findActiveProjects in RegistrationServicesImpl#getRegisteredProjects.
Exits RegistrationServicesImpl#getRegisteredProjects method.
Enters RegistrationServicesImpl#getRegistration method.
Starts calling UserRetrieval#retrieveUser in RegistrationServicesImpl#getRegistration.
Finished calling UserRetrieval#retrieveUser in RegistrationServicesImpl#getRegistration.
Starts calling ProjectServices#getFullProjectData method.
Finished calling ProjectServices#getFullProjectData method.
Exists RegistrationServicesImpl#getRegistration method.
Enters RegistrationServicesImpl#findAvailableRegistrationPositions method.
Starts calling ProjectServices#findFullProjects method.
Finished calling ProjectServices#findFullProjects method.
Starts calling PhaseManager#getPhases method.
Finished calling PhaseManager#getPhases method.
Exists RegistrationServicesImpl#findAvailableRegistrationPositions method.
Enters RegistrationServicesImpl#removeRegistration method.
Starts calling UserRetrieval#retrieveUser in RegistrationServicesImpl#removeRegistration.
Finished calling UserRetrieval#retrieveUser in RegistrationServicesImpl#removeRegistration.
Starts calling ProjectServices#getFullProjectData in RegistrationServicesImpl#removeRegistration.
Finished calling ProjectServices#getFullProjectData in RegistrationServicesImpl#removeRegistration.
Starts calling TeamManager#findPositions method.
Finished calling TeamManager#findPositions method.
Starts calling TeamManager#getTeamFromPosition method.
Finished calling TeamManager#getTeamFromPosition method.
Starts calling ResourceManager#removeResource in RegistrationServicesImpl#removeRegistration.
Finished calling ResourceManager#removeResource in RegistrationServicesImpl#removeRegistration.
Starts calling TeamServices#removeMember in RegistrationServicesImpl#removeRegistration.
Finished calling TeamServices#removeTeam in RegistrationServicesImpl#removeRegistration.
Starts calling ContactMemberServices#sendMessage in RegistrationServicesImpl#removeRegistration.
Finished calling ContactMemberServices#sendMessage in RegistrationServicesImpl#removeRegistration.
Starts calling BanManager#banUser in RegistrationServicesImpl#removeRegistration.
Finished calling BanManager#banUser in RegistrationServicesImpl#removeRegistration.
Exits RegistrationServicesImpl#removeRegistration method.
Enters RegistrationServicesImpl#getRegisteredResources.
Starts calling ProjectServices#getFullProjectData method.
Finished calling ProjectServices#getFullProjectData method.
Exits RegistrationServicesImpl#getRegisteredResources.
Enters RegistrationServicesImpl#registerForProject method.
Enters RegistrationServicesImpl#validateRegistration method.
IllegalArgumentException occurred in RegistrationServicesImpl#validateRegistration.
IllegalArgumentException occurred in RegistrationServicesImpl#registerForProject.
Enters RegistrationServicesImpl#registerForProject method.
Enters RegistrationServicesImpl#validateRegistration method.
IllegalArgumentException occurred in RegistrationServicesImpl#validateRegistration.
IllegalArgumentException occurred in RegistrationServicesImpl#registerForProject.
Enters RegistrationServicesImpl#registerForProject method.
Enters RegistrationServicesImpl#validateRegistration method.
IllegalArgumentException occurred in RegistrationServicesImpl#validateRegistration.
IllegalArgumentException occurred in RegistrationServicesImpl#registerForProject.
Enters RegistrationServicesImpl#registerForProject method.
Enters RegistrationServicesImpl#validateRegistration method.
IllegalArgumentException occurred in RegistrationServicesImpl#validateRegistration.
IllegalArgumentException occurred in RegistrationServicesImpl#registerForProject.
Enters RegistrationServicesImpl#validateRegistration method.
IllegalArgumentException occurred in RegistrationServicesImpl#validateRegistration.
Enters RegistrationServicesImpl#validateRegistration method.
IllegalArgumentException occurred in RegistrationServicesImpl#validateRegistration.
Enters RegistrationServicesImpl#validateRegistration method.
IllegalArgumentException occurred in RegistrationServicesImpl#validateRegistration.
Enters RegistrationServicesImpl#validateRegistration method.
IllegalArgumentException occurred in RegistrationServicesImpl#validateRegistration.
Enters RegistrationServicesImpl#getRegistration method.
IllegalArgumentException occurred in RegistrationServicesImpl#getRegistration.
Enters RegistrationServicesImpl#getRegistration method.
IllegalArgumentException occurred in RegistrationServicesImpl#getRegistration.
Enters RegistrationServicesImpl#findAvailableRegistrationPositions method.
IllegalArgumentException occurred in RegistrationServicesImpl#findAvailableRegistrationPositions.
Enters RegistrationServicesImpl#removeRegistration method.
IllegalArgumentException occurred in RegistrationServicesImpl#removeRegistration.
Enters RegistrationServicesImpl#removeRegistration method.
IllegalArgumentException occurred in RegistrationServicesImpl#removeRegistration.
Enters RegistrationServicesImpl#removeRegistration method.
IllegalArgumentException occurred in RegistrationServicesImpl#removeRegistration.
Enters RegistrationServicesImpl#getRegisteredResources.
IllegalArgumentException occurred in RegistrationServicesImpl#getRegisteredResources.
Enters RegistrationServicesImpl#getRegisteredProjects method.
IllegalArgumentException occurred in RegistrationServicesImpl#getRegisteredProjects method.
Enters RegistrationServicesImpl#registerForProject method.
Enters RegistrationServicesImpl#validateRegistration method.
Starts calling UserRetrieval#retrieveUser in RegistrationServicesImpl#validateRegistration.
Finished calling UserRetrieval#retrieveUser in RegistrationServicesImpl#validateRegistration.
Starts calling ProjectServices#getFullProjectData method.
Finished calling ProjectServices#getFullProjectData method.
Starts calling RegistrationValidator#validate method.
Finished calling RegistrationValidator#validate method.
Exits RegistrationServicesImpl#validateRegistration method.
Starts calling ResourceManager#removeResource in RegistrationServicesImpl#registerForProject.
Finished calling ResourceManager#removeResource in RegistrationServicesImpl#registerForProject.
Starts calling UserRetrieval#retrieveUser in RegistrationServicesImpl#registerForProject.
Finished calling UserRetrieval#retrieveUser in RegistrationServicesImpl#registerForProject.
Starts calling ResourceManager#updateResource in RegistrationServicesImpl#registerForProject.
Finished calling ResourceManager#updateResource in RegistrationServicesImpl#registerForProject.
Exits RegistrationServicesImpl#registerForProject method.
Enters RegistrationServicesImpl#registerForProject method.
Enters RegistrationServicesImpl#validateRegistration method.
Starts calling UserRetrieval#retrieveUser in RegistrationServicesImpl#validateRegistration.
Finished calling UserRetrieval#retrieveUser in RegistrationServicesImpl#validateRegistration.
Starts calling ProjectServices#getFullProjectData method.
Finished calling ProjectServices#getFullProjectData method.
Starts calling RegistrationValidator#validate method.
Finished calling RegistrationValidator#validate method.
Exits RegistrationServicesImpl#validateRegistration method.
Starts calling ResourceManager#removeResource in RegistrationServicesImpl#registerForProject.
Finished calling ResourceManager#removeResource in RegistrationServicesImpl#registerForProject.
Starts calling UserRetrieval#retrieveUser in RegistrationServicesImpl#registerForProject.
Finished calling UserRetrieval#retrieveUser in RegistrationServicesImpl#registerForProject.
Starts calling ResourceManager#updateResource in RegistrationServicesImpl#registerForProject.
Finished calling ResourceManager#updateResource in RegistrationServicesImpl#registerForProject.
Exits RegistrationServicesImpl#registerForProject method.
Enters RegistrationServicesImpl#registerForProject method.
Enters RegistrationServicesImpl#validateRegistration method.
Starts calling UserRetrieval#retrieveUser in RegistrationServicesImpl#validateRegistration.
Finished calling UserRetrieval#retrieveUser in RegistrationServicesImpl#validateRegistration.
Starts calling ProjectServices#getFullProjectData method.
Finished calling ProjectServices#getFullProjectData method.
Starts calling RegistrationValidator#validate method.
Finished calling RegistrationValidator#validate method.
Exits RegistrationServicesImpl#validateRegistration method.
Starts calling ResourceManager#removeResource in RegistrationServicesImpl#registerForProject.
Finished calling ResourceManager#removeResource in RegistrationServicesImpl#registerForProject.
Starts calling UserRetrieval#retrieveUser in RegistrationServicesImpl#registerForProject.
Finished calling UserRetrieval#retrieveUser in RegistrationServicesImpl#registerForProject.
Starts calling ResourceManager#updateResource in RegistrationServicesImpl#registerForProject.
Finished calling ResourceManager#updateResource in RegistrationServicesImpl#registerForProject.
Exits RegistrationServicesImpl#registerForProject method.
Enters RegistrationServicesImpl#registerForProject method.
Enters RegistrationServicesImpl#validateRegistration method.
Starts calling UserRetrieval#retrieveUser in RegistrationServicesImpl#validateRegistration.
Finished calling UserRetrieval#retrieveUser in RegistrationServicesImpl#validateRegistration.
Starts calling ProjectServices#getFullProjectData method.
Finished calling ProjectServices#getFullProjectData method.
Starts calling RegistrationValidator#validate method.
Finished calling RegistrationValidator#validate method.
Exits RegistrationServicesImpl#validateRegistration method.
Starts calling ResourceManager#removeResource in RegistrationServicesImpl#registerForProject.
Finished calling ResourceManager#removeResource in RegistrationServicesImpl#registerForProject.
Starts calling UserRetrieval#retrieveUser in RegistrationServicesImpl#registerForProject.
Finished calling UserRetrieval#retrieveUser in RegistrationServicesImpl#registerForProject.
Starts calling ResourceManager#updateResource in RegistrationServicesImpl#registerForProject.
Finished calling ResourceManager#updateResource in RegistrationServicesImpl#registerForProject.
Exits RegistrationServicesImpl#registerForProject method.
Enters RegistrationServicesImpl#registerForProject method.
Enters RegistrationServicesImpl#validateRegistration method.
Starts calling UserRetrieval#retrieveUser in RegistrationServicesImpl#validateRegistration.
Finished calling UserRetrieval#retrieveUser in RegistrationServicesImpl#validateRegistration.
Starts calling ProjectServices#getFullProjectData method.
Finished calling ProjectServices#getFullProjectData method.
Starts calling RegistrationValidator#validate method.
Finished calling RegistrationValidator#validate method.
Exits RegistrationServicesImpl#validateRegistration method.
Starts calling ResourceManager#removeResource in RegistrationServicesImpl#registerForProject.
Finished calling ResourceManager#removeResource in RegistrationServicesImpl#registerForProject.
Starts calling UserRetrieval#retrieveUser in RegistrationServicesImpl#registerForProject.
Finished calling UserRetrieval#retrieveUser in RegistrationServicesImpl#registerForProject.
Starts calling ResourceManager#updateResource in RegistrationServicesImpl#registerForProject.
Finished calling ResourceManager#updateResource in RegistrationServicesImpl#registerForProject.
Exits RegistrationServicesImpl#registerForProject method.
Enters RegistrationServicesImpl#registerForProject method.
Enters RegistrationServicesImpl#validateRegistration method.
Starts calling UserRetrieval#retrieveUser in RegistrationServicesImpl#validateRegistration.
Finished calling UserRetrieval#retrieveUser in RegistrationServicesImpl#validateRegistration.
Starts calling ProjectServices#getFullProjectData method.
Finished calling ProjectServices#getFullProjectData method.
Starts calling RegistrationValidator#validate method.
Finished calling RegistrationValidator#validate method.
Exits RegistrationServicesImpl#validateRegistration method.
Starts calling ResourceManager#removeResource in RegistrationServicesImpl#registerForProject.
Finished calling ResourceManager#removeResource in RegistrationServicesImpl#registerForProject.
Starts calling UserRetrieval#retrieveUser in RegistrationServicesImpl#registerForProject.
Finished calling UserRetrieval#retrieveUser in RegistrationServicesImpl#registerForProject.
Starts calling ResourceManager#updateResource in RegistrationServicesImpl#registerForProject.
Finished calling ResourceManager#updateResource in RegistrationServicesImpl#registerForProject.
Exits RegistrationServicesImpl#registerForProject method.
Enters RegistrationServicesImpl#registerForProject method.
Enters RegistrationServicesImpl#validateRegistration method.
Starts calling UserRetrieval#retrieveUser in RegistrationServicesImpl#validateRegistration.
Finished calling UserRetrieval#retrieveUser in RegistrationServicesImpl#validateRegistration.
Starts calling ProjectServices#getFullProjectData method.
Finished calling ProjectServices#getFullProjectData method.
Starts calling RegistrationValidator#validate method.
Finished calling RegistrationValidator#validate method.
Exits RegistrationServicesImpl#validateRegistration method.
Starts calling ResourceManager#removeResource in RegistrationServicesImpl#registerForProject.
Finished calling ResourceManager#removeResource in RegistrationServicesImpl#registerForProject.
Starts calling UserRetrieval#retrieveUser in RegistrationServicesImpl#registerForProject.
Finished calling UserRetrieval#retrieveUser in RegistrationServicesImpl#registerForProject.
Starts calling ResourceManager#updateResource in RegistrationServicesImpl#registerForProject.
Finished calling ResourceManager#updateResource in RegistrationServicesImpl#registerForProject.
Exits RegistrationServicesImpl#registerForProject method.
Enters RegistrationServicesImpl#registerForProject method.
Enters RegistrationServicesImpl#validateRegistration method.
Starts calling UserRetrieval#retrieveUser in RegistrationServicesImpl#validateRegistration.
Finished calling UserRetrieval#retrieveUser in RegistrationServicesImpl#validateRegistration.
Starts calling ProjectServices#getFullProjectData method.
Finished calling ProjectServices#getFullProjectData method.
Starts calling RegistrationValidator#validate method.
Finished calling RegistrationValidator#validate method.
Exits RegistrationServicesImpl#validateRegistration method.
Starts calling ResourceManager#removeResource in RegistrationServicesImpl#registerForProject.
Finished calling ResourceManager#removeResource in RegistrationServicesImpl#registerForProject.
Starts calling UserRetrieval#retrieveUser in RegistrationServicesImpl#registerForProject.
Finished calling UserRetrieval#retrieveUser in RegistrationServicesImpl#registerForProject.
Starts calling ResourceManager#updateResource in RegistrationServicesImpl#registerForProject.
Finished calling ResourceManager#updateResource in RegistrationServicesImpl#registerForProject.
Exits RegistrationServicesImpl#registerForProject method.
Enters RegistrationServicesImpl#registerForProject method.
Enters RegistrationServicesImpl#validateRegistration method.
Starts calling UserRetrieval#retrieveUser in RegistrationServicesImpl#validateRegistration.
Finished calling UserRetrieval#retrieveUser in RegistrationServicesImpl#validateRegistration.
Starts calling ProjectServices#getFullProjectData method.
Finished calling ProjectServices#getFullProjectData method.
Starts calling RegistrationValidator#validate method.
Finished calling RegistrationValidator#validate method.
Exits RegistrationServicesImpl#validateRegistration method.
Starts calling ResourceManager#removeResource in RegistrationServicesImpl#registerForProject.
Finished calling ResourceManager#removeResource in RegistrationServicesImpl#registerForProject.
Starts calling UserRetrieval#retrieveUser in RegistrationServicesImpl#registerForProject.
Finished calling UserRetrieval#retrieveUser in RegistrationServicesImpl#registerForProject.
Starts calling ResourceManager#updateResource in RegistrationServicesImpl#registerForProject.
Finished calling ResourceManager#updateResource in RegistrationServicesImpl#registerForProject.
Exits RegistrationServicesImpl#registerForProject method.
Enters RegistrationServicesImpl#registerForProject method.
Enters RegistrationServicesImpl#validateRegistration method.
Starts calling UserRetrieval#retrieveUser in RegistrationServicesImpl#validateRegistration.
Finished calling UserRetrieval#retrieveUser in RegistrationServicesImpl#validateRegistration.
Starts calling ProjectServices#getFullProjectData method.
Finished calling ProjectServices#getFullProjectData method.
Starts calling RegistrationValidator#validate method.
Finished calling RegistrationValidator#validate method.
Exits RegistrationServicesImpl#validateRegistration method.
Starts calling ResourceManager#removeResource in RegistrationServicesImpl#registerForProject.
Finished calling ResourceManager#removeResource in RegistrationServicesImpl#registerForProject.
Starts calling UserRetrieval#retrieveUser in RegistrationServicesImpl#registerForProject.
Finished calling UserRetrieval#retrieveUser in RegistrationServicesImpl#registerForProject.
Starts calling ResourceManager#updateResource in RegistrationServicesImpl#registerForProject.
Finished calling ResourceManager#updateResource in RegistrationServicesImpl#registerForProject.
Exits RegistrationServicesImpl#registerForProject method.
Enters RegistrationServicesImpl#registerForProject method.
Enters RegistrationServicesImpl#validateRegistration method.
Starts calling UserRetrieval#retrieveUser in RegistrationServicesImpl#validateRegistration.
Finished calling UserRetrieval#retrieveUser in RegistrationServicesImpl#validateRegistration.
Starts calling ProjectServices#getFullProjectData method.
Finished calling ProjectServices#getFullProjectData method.
Starts calling RegistrationValidator#validate method.
Finished calling RegistrationValidator#validate method.
Exits RegistrationServicesImpl#validateRegistration method.
Starts calling ResourceManager#removeResource in RegistrationServicesImpl#registerForProject.
Finished calling ResourceManager#removeResource in RegistrationServicesImpl#registerForProject.
Starts calling UserRetrieval#retrieveUser in RegistrationServicesImpl#registerForProject.
Finished calling UserRetrieval#retrieveUser in RegistrationServicesImpl#registerForProject.
Starts calling ResourceManager#updateResource in RegistrationServicesImpl#registerForProject.
Finished calling ResourceManager#updateResource in RegistrationServicesImpl#registerForProject.
Exits RegistrationServicesImpl#registerForProject method.
Enters RegistrationServicesImpl#registerForProject method.
Enters RegistrationServicesImpl#validateRegistration method.
Starts calling UserRetrieval#retrieveUser in RegistrationServicesImpl#validateRegistration.
Finished calling UserRetrieval#retrieveUser in RegistrationServicesImpl#validateRegistration.
Starts calling ProjectServices#getFullProjectData method.
Finished calling ProjectServices#getFullProjectData method.
Starts calling RegistrationValidator#validate method.
Finished calling RegistrationValidator#validate method.
Exits RegistrationServicesImpl#validateRegistration method.
Starts calling ResourceManager#removeResource in RegistrationServicesImpl#registerForProject.
Finished calling ResourceManager#removeResource in RegistrationServicesImpl#registerForProject.
Starts calling UserRetrieval#retrieveUser in RegistrationServicesImpl#registerForProject.
Finished calling UserRetrieval#retrieveUser in RegistrationServicesImpl#registerForProject.
Starts calling ResourceManager#updateResource in RegistrationServicesImpl#registerForProject.
Finished calling ResourceManager#updateResource in RegistrationServicesImpl#registerForProject.
Exits RegistrationServicesImpl#registerForProject method.
Enters RegistrationServicesImpl#registerForProject method.
Enters RegistrationServicesImpl#validateRegistration method.
Starts calling UserRetrieval#retrieveUser in RegistrationServicesImpl#validateRegistration.
Finished calling UserRetrieval#retrieveUser in RegistrationServicesImpl#validateRegistration.
Starts calling ProjectServices#getFullProjectData method.
Finished calling ProjectServices#getFullProjectData method.
Starts calling RegistrationValidator#validate method.
Finished calling RegistrationValidator#validate method.
Exits RegistrationServicesImpl#validateRegistration method.
Starts calling ResourceManager#removeResource in RegistrationServicesImpl#registerForProject.
Finished calling ResourceManager#removeResource in RegistrationServicesImpl#registerForProject.
Starts calling UserRetrieval#retrieveUser in RegistrationServicesImpl#registerForProject.
Finished calling UserRetrieval#retrieveUser in RegistrationServicesImpl#registerForProject.
Starts calling ResourceManager#updateResource in RegistrationServicesImpl#registerForProject.
Finished calling ResourceManager#updateResource in RegistrationServicesImpl#registerForProject.
Exits RegistrationServicesImpl#registerForProject method.
Enters RegistrationServicesImpl#registerForProject method.
Enters RegistrationServicesImpl#validateRegistration method.
Starts calling UserRetrieval#retrieveUser in RegistrationServicesImpl#validateRegistration.
Finished calling UserRetrieval#retrieveUser in RegistrationServicesImpl#validateRegistration.
Starts calling ProjectServices#getFullProjectData method.
Finished calling ProjectServices#getFullProjectData method.
Starts calling RegistrationValidator#validate method.
Finished calling RegistrationValidator#validate method.
Exits RegistrationServicesImpl#validateRegistration method.
Starts calling ResourceManager#removeResource in RegistrationServicesImpl#registerForProject.
Finished calling ResourceManager#removeResource in RegistrationServicesImpl#registerForProject.
Starts calling UserRetrieval#retrieveUser in RegistrationServicesImpl#registerForProject.
Finished calling UserRetrieval#retrieveUser in RegistrationServicesImpl#registerForProject.
Starts calling ResourceManager#updateResource in RegistrationServicesImpl#registerForProject.
Finished calling ResourceManager#updateResource in RegistrationServicesImpl#registerForProject.
Exits RegistrationServicesImpl#registerForProject method.
Enters RegistrationServicesImpl#registerForProject method.
Enters RegistrationServicesImpl#validateRegistration method.
Starts calling UserRetrieval#retrieveUser in RegistrationServicesImpl#validateRegistration.
Finished calling UserRetrieval#retrieveUser in RegistrationServicesImpl#validateRegistration.
Starts calling ProjectServices#getFullProjectData method.
Finished calling ProjectServices#getFullProjectData method.
Starts calling RegistrationValidator#validate method.
Finished calling RegistrationValidator#validate method.
Exits RegistrationServicesImpl#validateRegistration method.
Starts calling ResourceManager#removeResource in RegistrationServicesImpl#registerForProject.
Finished calling ResourceManager#removeResource in RegistrationServicesImpl#registerForProject.
Starts calling UserRetrieval#retrieveUser in RegistrationServicesImpl#registerForProject.
Finished calling UserRetrieval#retrieveUser in RegistrationServicesImpl#registerForProject.
Starts calling ResourceManager#updateResource in RegistrationServicesImpl#registerForProject.
Finished calling ResourceManager#updateResource in RegistrationServicesImpl#registerForProject.
Exits RegistrationServicesImpl#registerForProject method.
Enters RegistrationServicesImpl#registerForProject method.
Enters RegistrationServicesImpl#validateRegistration method.
Starts calling UserRetrieval#retrieveUser in RegistrationServicesImpl#validateRegistration.
Finished calling UserRetrieval#retrieveUser in RegistrationServicesImpl#validateRegistration.
Starts calling ProjectServices#getFullProjectData method.
Finished calling ProjectServices#getFullProjectData method.
Starts calling RegistrationValidator#validate method.
Finished calling RegistrationValidator#validate method.
Exits RegistrationServicesImpl#validateRegistration method.
Starts calling ResourceManager#removeResource in RegistrationServicesImpl#registerForProject.
Finished calling ResourceManager#removeResource in RegistrationServicesImpl#registerForProject.
Starts calling UserRetrieval#retrieveUser in RegistrationServicesImpl#registerForProject.
Finished calling UserRetrieval#retrieveUser in RegistrationServicesImpl#registerForProject.
Starts calling ResourceManager#updateResource in RegistrationServicesImpl#registerForProject.
Finished calling ResourceManager#updateResource in RegistrationServicesImpl#registerForProject.
Exits RegistrationServicesImpl#registerForProject method.
Enters RegistrationServicesImpl#registerForProject method.
Enters RegistrationServicesImpl#validateRegistration method.
Starts calling UserRetrieval#retrieveUser in RegistrationServicesImpl#validateRegistration.
Finished calling UserRetrieval#retrieveUser in RegistrationServicesImpl#validateRegistration.
Starts calling ProjectServices#getFullProjectData method.
Finished calling ProjectServices#getFullProjectData method.
Starts calling RegistrationValidator#validate method.
Finished calling RegistrationValidator#validate method.
Exits RegistrationServicesImpl#validateRegistration method.
Starts calling ResourceManager#removeResource in RegistrationServicesImpl#registerForProject.
Finished calling ResourceManager#removeResource in RegistrationServicesImpl#registerForProject.
Starts calling UserRetrieval#retrieveUser in RegistrationServicesImpl#registerForProject.
Finished calling UserRetrieval#retrieveUser in RegistrationServicesImpl#registerForProject.
Starts calling ResourceManager#updateResource in RegistrationServicesImpl#registerForProject.
Finished calling ResourceManager#updateResource in RegistrationServicesImpl#registerForProject.
Exits RegistrationServicesImpl#registerForProject method.
Enters RegistrationServicesImpl#registerForProject method.
Enters RegistrationServicesImpl#validateRegistration method.
Starts calling UserRetrieval#retrieveUser in RegistrationServicesImpl#validateRegistration.
Finished calling UserRetrieval#retrieveUser in RegistrationServicesImpl#validateRegistration.
Starts calling ProjectServices#getFullProjectData method.
Finished calling ProjectServices#getFullProjectData method.
Starts calling RegistrationValidator#validate method.
Finished calling RegistrationValidator#validate method.
Exits RegistrationServicesImpl#validateRegistration method.
Starts calling ResourceManager#removeResource in RegistrationServicesImpl#registerForProject.
Finished calling ResourceManager#removeResource in RegistrationServicesImpl#registerForProject.
Starts calling UserRetrieval#retrieveUser in RegistrationServicesImpl#registerForProject.
Finished calling UserRetrieval#retrieveUser in RegistrationServicesImpl#registerForProject.
Starts calling ResourceManager#updateResource in RegistrationServicesImpl#registerForProject.
Finished calling ResourceManager#updateResource in RegistrationServicesImpl#registerForProject.
Exits RegistrationServicesImpl#registerForProject method.
Enters RegistrationServicesImpl#registerForProject method.
Enters RegistrationServicesImpl#validateRegistration method.
Starts calling UserRetrieval#retrieveUser in RegistrationServicesImpl#validateRegistration.
Finished calling UserRetrieval#retrieveUser in RegistrationServicesImpl#validateRegistration.
Starts calling ProjectServices#getFullProjectData method.
Finished calling ProjectServices#getFullProjectData method.
Starts calling RegistrationValidator#validate method.
Finished calling RegistrationValidator#validate method.
Exits RegistrationServicesImpl#validateRegistration method.
Starts calling ResourceManager#removeResource in RegistrationServicesImpl#registerForProject.
Finished calling ResourceManager#removeResource in RegistrationServicesImpl#registerForProject.
Starts calling UserRetrieval#retrieveUser in RegistrationServicesImpl#registerForProject.
Finished calling UserRetrieval#retrieveUser in RegistrationServicesImpl#registerForProject.
Starts calling ResourceManager#updateResource in RegistrationServicesImpl#registerForProject.
Finished calling ResourceManager#updateResource in RegistrationServicesImpl#registerForProject.
Exits RegistrationServicesImpl#registerForProject method.
Enters RegistrationServicesImpl#registerForProject method.
Enters RegistrationServicesImpl#validateRegistration method.
Starts calling UserRetrieval#retrieveUser in RegistrationServicesImpl#validateRegistration.
Finished calling UserRetrieval#retrieveUser in RegistrationServicesImpl#validateRegistration.
Starts calling ProjectServices#getFullProjectData method.
Finished calling ProjectServices#getFullProjectData method.
Starts calling RegistrationValidator#validate method.
Finished calling RegistrationValidator#validate method.
Exits RegistrationServicesImpl#validateRegistration method.
Starts calling ResourceManager#removeResource in RegistrationServicesImpl#registerForProject.
Finished calling ResourceManager#removeResource in RegistrationServicesImpl#registerForProject.
Starts calling UserRetrieval#retrieveUser in RegistrationServicesImpl#registerForProject.
Finished calling UserRetrieval#retrieveUser in RegistrationServicesImpl#registerForProject.
Starts calling ResourceManager#updateResource in RegistrationServicesImpl#registerForProject.
Finished calling ResourceManager#updateResource in RegistrationServicesImpl#registerForProject.
Exits RegistrationServicesImpl#registerForProject method.
Enters RegistrationServicesImpl#registerForProject method.
Enters RegistrationServicesImpl#validateRegistration method.
Starts calling UserRetrieval#retrieveUser in RegistrationServicesImpl#validateRegistration.
Finished calling UserRetrieval#retrieveUser in RegistrationServicesImpl#validateRegistration.
Starts calling ProjectServices#getFullProjectData method.
Finished calling ProjectServices#getFullProjectData method.
Starts calling RegistrationValidator#validate method.
Finished calling RegistrationValidator#validate method.
Exits RegistrationServicesImpl#validateRegistration method.
Starts calling ResourceManager#removeResource in RegistrationServicesImpl#registerForProject.
Finished calling ResourceManager#removeResource in RegistrationServicesImpl#registerForProject.
Starts calling UserRetrieval#retrieveUser in RegistrationServicesImpl#registerForProject.
Finished calling UserRetrieval#retrieveUser in RegistrationServicesImpl#registerForProject.
Starts calling ResourceManager#updateResource in RegistrationServicesImpl#registerForProject.
Finished calling ResourceManager#updateResource in RegistrationServicesImpl#registerForProject.
Exits RegistrationServicesImpl#registerForProject method.
Enters RegistrationServicesImpl#registerForProject method.
Enters RegistrationServicesImpl#validateRegistration method.
Starts calling UserRetrieval#retrieveUser in RegistrationServicesImpl#validateRegistration.
Finished calling UserRetrieval#retrieveUser in RegistrationServicesImpl#validateRegistration.
Starts calling ProjectServices#getFullProjectData method.
Finished calling ProjectServices#getFullProjectData method.
Starts calling RegistrationValidator#validate method.
Finished calling RegistrationValidator#validate method.
Exits RegistrationServicesImpl#validateRegistration method.
Starts calling ResourceManager#removeResource in RegistrationServicesImpl#registerForProject.
Finished calling ResourceManager#removeResource in RegistrationServicesImpl#registerForProject.
Starts calling UserRetrieval#retrieveUser in RegistrationServicesImpl#registerForProject.
Finished calling UserRetrieval#retrieveUser in RegistrationServicesImpl#registerForProject.
Starts calling ResourceManager#updateResource in RegistrationServicesImpl#registerForProject.
Finished calling ResourceManager#updateResource in RegistrationServicesImpl#registerForProject.
Exits RegistrationServicesImpl#registerForProject method.
Enters RegistrationServicesImpl#registerForProject method.
Enters RegistrationServicesImpl#validateRegistration method.
Starts calling UserRetrieval#retrieveUser in RegistrationServicesImpl#validateRegistration.
Finished calling UserRetrieval#retrieveUser in RegistrationServicesImpl#validateRegistration.
Starts calling ProjectServices#getFullProjectData method.
Finished calling ProjectServices#getFullProjectData method.
Starts calling RegistrationValidator#validate method.
Finished calling RegistrationValidator#validate method.
Exits RegistrationServicesImpl#validateRegistration method.
Starts calling ResourceManager#removeResource in RegistrationServicesImpl#registerForProject.
Finished calling ResourceManager#removeResource in RegistrationServicesImpl#registerForProject.
Starts calling UserRetrieval#retrieveUser in RegistrationServicesImpl#registerForProject.
Finished calling UserRetrieval#retrieveUser in RegistrationServicesImpl#registerForProject.
Starts calling ResourceManager#updateResource in RegistrationServicesImpl#registerForProject.
Finished calling ResourceManager#updateResource in RegistrationServicesImpl#registerForProject.
Exits RegistrationServicesImpl#registerForProject method.
Enters RegistrationServicesImpl#registerForProject method.
Enters RegistrationServicesImpl#validateRegistration method.
Starts calling UserRetrieval#retrieveUser in RegistrationServicesImpl#validateRegistration.
Finished calling UserRetrieval#retrieveUser in RegistrationServicesImpl#validateRegistration.
Starts calling ProjectServices#getFullProjectData method.
Finished calling ProjectServices#getFullProjectData method.
Starts calling RegistrationValidator#validate method.
Finished calling RegistrationValidator#validate method.
Exits RegistrationServicesImpl#validateRegistration method.
Starts calling ResourceManager#removeResource in RegistrationServicesImpl#registerForProject.
Finished calling ResourceManager#removeResource in RegistrationServicesImpl#registerForProject.
Starts calling UserRetrieval#retrieveUser in RegistrationServicesImpl#registerForProject.
Finished calling UserRetrieval#retrieveUser in RegistrationServicesImpl#registerForProject.
Starts calling ResourceManager#updateResource in RegistrationServicesImpl#registerForProject.
Finished calling ResourceManager#updateResource in RegistrationServicesImpl#registerForProject.
Exits RegistrationServicesImpl#registerForProject method.
Enters RegistrationServicesImpl#registerForProject method.
Enters RegistrationServicesImpl#validateRegistration method.
Starts calling UserRetrieval#retrieveUser in RegistrationServicesImpl#validateRegistration.
Finished calling UserRetrieval#retrieveUser in RegistrationServicesImpl#validateRegistration.
Starts calling ProjectServices#getFullProjectData method.
Finished calling ProjectServices#getFullProjectData method.
Starts calling RegistrationValidator#validate method.
Finished calling RegistrationValidator#validate method.
Exits RegistrationServicesImpl#validateRegistration method.
Starts calling ResourceManager#removeResource in RegistrationServicesImpl#registerForProject.
Finished calling ResourceManager#removeResource in RegistrationServicesImpl#registerForProject.
Starts calling UserRetrieval#retrieveUser in RegistrationServicesImpl#registerForProject.
Finished calling UserRetrieval#retrieveUser in RegistrationServicesImpl#registerForProject.
Starts calling ResourceManager#updateResource in RegistrationServicesImpl#registerForProject.
Finished calling ResourceManager#updateResource in RegistrationServicesImpl#registerForProject.
Exits RegistrationServicesImpl#registerForProject method.
Enters RegistrationServicesImpl#registerForProject method.
Enters RegistrationServicesImpl#validateRegistration method.
Starts calling UserRetrieval#retrieveUser in RegistrationServicesImpl#validateRegistration.
Finished calling UserRetrieval#retrieveUser in RegistrationServicesImpl#validateRegistration.
Starts calling ProjectServices#getFullProjectData method.
Finished calling ProjectServices#getFullProjectData method.
Starts calling RegistrationValidator#validate method.
Finished calling RegistrationValidator#validate method.
Exits RegistrationServicesImpl#validateRegistration method.
Starts calling ResourceManager#removeResource in RegistrationServicesImpl#registerForProject.
Finished calling ResourceManager#removeResource in RegistrationServicesImpl#registerForProject.
Starts calling UserRetrieval#retrieveUser in RegistrationServicesImpl#registerForProject.
Finished calling UserRetrieval#retrieveUser in RegistrationServicesImpl#registerForProject.
Starts calling ResourceManager#updateResource in RegistrationServicesImpl#registerForProject.
Finished calling ResourceManager#updateResource in RegistrationServicesImpl#registerForProject.
Exits RegistrationServicesImpl#registerForProject method.
Enters RegistrationServicesImpl#registerForProject method.
Enters RegistrationServicesImpl#validateRegistration method.
Starts calling UserRetrieval#retrieveUser in RegistrationServicesImpl#validateRegistration.
Finished calling UserRetrieval#retrieveUser in RegistrationServicesImpl#validateRegistration.
Starts calling ProjectServices#getFullProjectData method.
Finished calling ProjectServices#getFullProjectData method.
Starts calling RegistrationValidator#validate method.
Finished calling RegistrationValidator#validate method.
Exits RegistrationServicesImpl#validateRegistration method.
Starts calling ResourceManager#removeResource in RegistrationServicesImpl#registerForProject.
Finished calling ResourceManager#removeResource in RegistrationServicesImpl#registerForProject.
Starts calling UserRetrieval#retrieveUser in RegistrationServicesImpl#registerForProject.
Finished calling UserRetrieval#retrieveUser in RegistrationServicesImpl#registerForProject.
Starts calling ResourceManager#updateResource in RegistrationServicesImpl#registerForProject.
Finished calling ResourceManager#updateResource in RegistrationServicesImpl#registerForProject.
Exits RegistrationServicesImpl#registerForProject method.
Enters RegistrationServicesImpl#registerForProject method.
Enters RegistrationServicesImpl#validateRegistration method.
Starts calling UserRetrieval#retrieveUser in RegistrationServicesImpl#validateRegistration.
Finished calling UserRetrieval#retrieveUser in RegistrationServicesImpl#validateRegistration.
Starts calling ProjectServices#getFullProjectData method.
Finished calling ProjectServices#getFullProjectData method.
Starts calling RegistrationValidator#validate method.
Finished calling RegistrationValidator#validate method.
Exits RegistrationServicesImpl#validateRegistration method.
Starts calling ResourceManager#removeResource in RegistrationServicesImpl#registerForProject.
Finished calling ResourceManager#removeResource in RegistrationServicesImpl#registerForProject.
Starts calling UserRetrieval#retrieveUser in RegistrationServicesImpl#registerForProject.
Finished calling UserRetrieval#retrieveUser in RegistrationServicesImpl#registerForProject.
Starts calling ResourceManager#updateResource in RegistrationServicesImpl#registerForProject.
Finished calling ResourceManager#updateResource in RegistrationServicesImpl#registerForProject.
Exits RegistrationServicesImpl#registerForProject method.
Enters RegistrationServicesImpl#registerForProject method.
Enters RegistrationServicesImpl#validateRegistration method.
Starts calling UserRetrieval#retrieveUser in RegistrationServicesImpl#validateRegistration.
Finished calling UserRetrieval#retrieveUser in RegistrationServicesImpl#validateRegistration.
Starts calling ProjectServices#getFullProjectData method.
Finished calling ProjectServices#getFullProjectData method.
Starts calling RegistrationValidator#validate method.
Finished calling RegistrationValidator#validate method.
Exits RegistrationServicesImpl#validateRegistration method.
Starts calling ResourceManager#removeResource in RegistrationServicesImpl#registerForProject.
Finished calling ResourceManager#removeResource in RegistrationServicesImpl#registerForProject.
Starts calling UserRetrieval#retrieveUser in RegistrationServicesImpl#registerForProject.
Finished calling UserRetrieval#retrieveUser in RegistrationServicesImpl#registerForProject.
Starts calling ResourceManager#updateResource in RegistrationServicesImpl#registerForProject.
Finished calling ResourceManager#updateResource in RegistrationServicesImpl#registerForProject.
Exits RegistrationServicesImpl#registerForProject method.
Enters RegistrationServicesImpl#registerForProject method.
Enters RegistrationServicesImpl#validateRegistration method.
Starts calling UserRetrieval#retrieveUser in RegistrationServicesImpl#validateRegistration.
Finished calling UserRetrieval#retrieveUser in RegistrationServicesImpl#validateRegistration.
Starts calling ProjectServices#getFullProjectData method.
Finished calling ProjectServices#getFullProjectData method.
Starts calling RegistrationValidator#validate method.
Finished calling RegistrationValidator#validate method.
Exits RegistrationServicesImpl#validateRegistration method.
Starts calling ResourceManager#removeResource in RegistrationServicesImpl#registerForProject.
Finished calling ResourceManager#removeResource in RegistrationServicesImpl#registerForProject.
Starts calling UserRetrieval#retrieveUser in RegistrationServicesImpl#registerForProject.
Finished calling UserRetrieval#retrieveUser in RegistrationServicesImpl#registerForProject.
Starts calling ResourceManager#updateResource in RegistrationServicesImpl#registerForProject.
Finished calling ResourceManager#updateResource in RegistrationServicesImpl#registerForProject.
Exits RegistrationServicesImpl#registerForProject method.
Enters RegistrationServicesImpl#registerForProject method.
Enters RegistrationServicesImpl#validateRegistration method.
Starts calling UserRetrieval#retrieveUser in RegistrationServicesImpl#validateRegistration.
Finished calling UserRetrieval#retrieveUser in RegistrationServicesImpl#validateRegistration.
Starts calling ProjectServices#getFullProjectData method.
Finished calling ProjectServices#getFullProjectData method.
Starts calling RegistrationValidator#validate method.
Finished calling RegistrationValidator#validate method.
Exits RegistrationServicesImpl#validateRegistration method.
Starts calling ResourceManager#removeResource in RegistrationServicesImpl#registerForProject.
Finished calling ResourceManager#removeResource in RegistrationServicesImpl#registerForProject.
Starts calling UserRetrieval#retrieveUser in RegistrationServicesImpl#registerForProject.
Finished calling UserRetrieval#retrieveUser in RegistrationServicesImpl#registerForProject.
Starts calling ResourceManager#updateResource in RegistrationServicesImpl#registerForProject.
Finished calling ResourceManager#updateResource in RegistrationServicesImpl#registerForProject.
Exits RegistrationServicesImpl#registerForProject method.
Enters RegistrationServicesImpl#registerForProject method.
Enters RegistrationServicesImpl#validateRegistration method.
Starts calling UserRetrieval#retrieveUser in RegistrationServicesImpl#validateRegistration.
Finished calling UserRetrieval#retrieveUser in RegistrationServicesImpl#validateRegistration.
Starts calling ProjectServices#getFullProjectData method.
Finished calling ProjectServices#getFullProjectData method.
Starts calling RegistrationValidator#validate method.
Finished calling RegistrationValidator#validate method.
Exits RegistrationServicesImpl#validateRegistration method.
Starts calling ResourceManager#removeResource in RegistrationServicesImpl#registerForProject.
Finished calling ResourceManager#removeResource in RegistrationServicesImpl#registerForProject.
Starts calling UserRetrieval#retrieveUser in RegistrationServicesImpl#registerForProject.
Finished calling UserRetrieval#retrieveUser in RegistrationServicesImpl#registerForProject.
Starts calling ResourceManager#updateResource in RegistrationServicesImpl#registerForProject.
Finished calling ResourceManager#updateResource in RegistrationServicesImpl#registerForProject.
Exits RegistrationServicesImpl#registerForProject method.
Enters RegistrationServicesImpl#registerForProject method.
Enters RegistrationServicesImpl#validateRegistration method.
Starts calling UserRetrieval#retrieveUser in RegistrationServicesImpl#validateRegistration.
Finished calling UserRetrieval#retrieveUser in RegistrationServicesImpl#validateRegistration.
Starts calling ProjectServices#getFullProjectData method.
Finished calling ProjectServices#getFullProjectData method.
Starts calling RegistrationValidator#validate method.
Finished calling RegistrationValidator#validate method.
Exits RegistrationServicesImpl#validateRegistration method.
Starts calling ResourceManager#removeResource in RegistrationServicesImpl#registerForProject.
Finished calling ResourceManager#removeResource in RegistrationServicesImpl#registerForProject.
Starts calling UserRetrieval#retrieveUser in RegistrationServicesImpl#registerForProject.
Finished calling UserRetrieval#retrieveUser in RegistrationServicesImpl#registerForProject.
Starts calling ResourceManager#updateResource in RegistrationServicesImpl#registerForProject.
Finished calling ResourceManager#updateResource in RegistrationServicesImpl#registerForProject.
Exits RegistrationServicesImpl#registerForProject method.
Enters RegistrationServicesImpl#registerForProject method.
Enters RegistrationServicesImpl#validateRegistration method.
Starts calling UserRetrieval#retrieveUser in RegistrationServicesImpl#validateRegistration.
Finished calling UserRetrieval#retrieveUser in RegistrationServicesImpl#validateRegistration.
Starts calling ProjectServices#getFullProjectData method.
Finished calling ProjectServices#getFullProjectData method.
Starts calling RegistrationValidator#validate method.
Finished calling RegistrationValidator#validate method.
Exits RegistrationServicesImpl#validateRegistration method.
Starts calling ResourceManager#removeResource in RegistrationServicesImpl#registerForProject.
Finished calling ResourceManager#removeResource in RegistrationServicesImpl#registerForProject.
Starts calling UserRetrieval#retrieveUser in RegistrationServicesImpl#registerForProject.
Finished calling UserRetrieval#retrieveUser in RegistrationServicesImpl#registerForProject.
Starts calling ResourceManager#updateResource in RegistrationServicesImpl#registerForProject.
Finished calling ResourceManager#updateResource in RegistrationServicesImpl#registerForProject.
Exits RegistrationServicesImpl#registerForProject method.
Enters RegistrationServicesImpl#registerForProject method.
Enters RegistrationServicesImpl#validateRegistration method.
Starts calling UserRetrieval#retrieveUser in RegistrationServicesImpl#validateRegistration.
Finished calling UserRetrieval#retrieveUser in RegistrationServicesImpl#validateRegistration.
Starts calling ProjectServices#getFullProjectData method.
Finished calling ProjectServices#getFullProjectData method.
Starts calling RegistrationValidator#validate method.
Finished calling RegistrationValidator#validate method.
Exits RegistrationServicesImpl#validateRegistration method.
Starts calling ResourceManager#removeResource in RegistrationServicesImpl#registerForProject.
Finished calling ResourceManager#removeResource in RegistrationServicesImpl#registerForProject.
Starts calling UserRetrieval#retrieveUser in RegistrationServicesImpl#registerForProject.
Finished calling UserRetrieval#retrieveUser in RegistrationServicesImpl#registerForProject.
Starts calling ResourceManager#updateResource in RegistrationServicesImpl#registerForProject.
Finished calling ResourceManager#updateResource in RegistrationServicesImpl#registerForProject.
Exits RegistrationServicesImpl#registerForProject method.
Enters RegistrationServicesImpl#registerForProject method.
Enters RegistrationServicesImpl#validateRegistration method.
Starts calling UserRetrieval#retrieveUser in RegistrationServicesImpl#validateRegistration.
Finished calling UserRetrieval#retrieveUser in RegistrationServicesImpl#validateRegistration.
Starts calling ProjectServices#getFullProjectData method.
Finished calling ProjectServices#getFullProjectData method.
Starts calling RegistrationValidator#validate method.
Finished calling RegistrationValidator#validate method.
Exits RegistrationServicesImpl#validateRegistration method.
Starts calling ResourceManager#removeResource in RegistrationServicesImpl#registerForProject.
Finished calling ResourceManager#removeResource in RegistrationServicesImpl#registerForProject.
Starts calling UserRetrieval#retrieveUser in RegistrationServicesImpl#registerForProject.
Finished calling UserRetrieval#retrieveUser in RegistrationServicesImpl#registerForProject.
Starts calling ResourceManager#updateResource in RegistrationServicesImpl#registerForProject.
Finished calling ResourceManager#updateResource in RegistrationServicesImpl#registerForProject.
Exits RegistrationServicesImpl#registerForProject method.
Enters RegistrationServicesImpl#registerForProject method.
Enters RegistrationServicesImpl#validateRegistration method.
Starts calling UserRetrieval#retrieveUser in RegistrationServicesImpl#validateRegistration.
Finished calling UserRetrieval#retrieveUser in RegistrationServicesImpl#validateRegistration.
Starts calling ProjectServices#getFullProjectData method.
Finished calling ProjectServices#getFullProjectData method.
Starts calling RegistrationValidator#validate method.
Finished calling RegistrationValidator#validate method.
Exits RegistrationServicesImpl#validateRegistration method.
Starts calling ResourceManager#removeResource in RegistrationServicesImpl#registerForProject.
Finished calling ResourceManager#removeResource in RegistrationServicesImpl#registerForProject.
Starts calling UserRetrieval#retrieveUser in RegistrationServicesImpl#registerForProject.
Finished calling UserRetrieval#retrieveUser in RegistrationServicesImpl#registerForProject.
Starts calling ResourceManager#updateResource in RegistrationServicesImpl#registerForProject.
Finished calling ResourceManager#updateResource in RegistrationServicesImpl#registerForProject.
Exits RegistrationServicesImpl#registerForProject method.
Enters RegistrationServicesImpl#registerForProject method.
Enters RegistrationServicesImpl#validateRegistration method.
Starts calling UserRetrieval#retrieveUser in RegistrationServicesImpl#validateRegistration.
Finished calling UserRetrieval#retrieveUser in RegistrationServicesImpl#validateRegistration.
Starts calling ProjectServices#getFullProjectData method.
Finished calling ProjectServices#getFullProjectData method.
Starts calling RegistrationValidator#validate method.
Finished calling RegistrationValidator#validate method.
Exits RegistrationServicesImpl#validateRegistration method.
Starts calling ResourceManager#removeResource in RegistrationServicesImpl#registerForProject.
Finished calling ResourceManager#removeResource in RegistrationServicesImpl#registerForProject.
Starts calling UserRetrieval#retrieveUser in RegistrationServicesImpl#registerForProject.
Finished calling UserRetrieval#retrieveUser in RegistrationServicesImpl#registerForProject.
Starts calling ResourceManager#updateResource in RegistrationServicesImpl#registerForProject.
Finished calling ResourceManager#updateResource in RegistrationServicesImpl#registerForProject.
Exits RegistrationServicesImpl#registerForProject method.
Enters RegistrationServicesImpl#registerForProject method.
Enters RegistrationServicesImpl#validateRegistration method.
Starts calling UserRetrieval#retrieveUser in RegistrationServicesImpl#validateRegistration.
Finished calling UserRetrieval#retrieveUser in RegistrationServicesImpl#validateRegistration.
Starts calling ProjectServices#getFullProjectData method.
Finished calling ProjectServices#getFullProjectData method.
Starts calling RegistrationValidator#validate method.
Finished calling RegistrationValidator#validate method.
Exits RegistrationServicesImpl#validateRegistration method.
Starts calling ResourceManager#removeResource in RegistrationServicesImpl#registerForProject.
Finished calling ResourceManager#removeResource in RegistrationServicesImpl#registerForProject.
Starts calling UserRetrieval#retrieveUser in RegistrationServicesImpl#registerForProject.
Finished calling UserRetrieval#retrieveUser in RegistrationServicesImpl#registerForProject.
Starts calling ResourceManager#updateResource in RegistrationServicesImpl#registerForProject.
Finished calling ResourceManager#updateResource in RegistrationServicesImpl#registerForProject.
Exits RegistrationServicesImpl#registerForProject method.
Enters RegistrationServicesImpl#registerForProject method.
Enters RegistrationServicesImpl#validateRegistration method.
Starts calling UserRetrieval#retrieveUser in RegistrationServicesImpl#validateRegistration.
Finished calling UserRetrieval#retrieveUser in RegistrationServicesImpl#validateRegistration.
Starts calling ProjectServices#getFullProjectData method.
Finished calling ProjectServices#getFullProjectData method.
Starts calling RegistrationValidator#validate method.
Finished calling RegistrationValidator#validate method.
Exits RegistrationServicesImpl#validateRegistration method.
Starts calling ResourceManager#removeResource in RegistrationServicesImpl#registerForProject.
Finished calling ResourceManager#removeResource in RegistrationServicesImpl#registerForProject.
Starts calling UserRetrieval#retrieveUser in RegistrationServicesImpl#registerForProject.
Finished calling UserRetrieval#retrieveUser in RegistrationServicesImpl#registerForProject.
Starts calling ResourceManager#updateResource in RegistrationServicesImpl#registerForProject.
Finished calling ResourceManager#updateResource in RegistrationServicesImpl#registerForProject.
Exits RegistrationServicesImpl#registerForProject method.
Enters RegistrationServicesImpl#registerForProject method.
Enters RegistrationServicesImpl#validateRegistration method.
Starts calling UserRetrieval#retrieveUser in RegistrationServicesImpl#validateRegistration.
Finished calling UserRetrieval#retrieveUser in RegistrationServicesImpl#validateRegistration.
Starts calling ProjectServices#getFullProjectData method.
Finished calling ProjectServices#getFullProjectData method.
Starts calling RegistrationValidator#validate method.
Finished calling RegistrationValidator#validate method.
Exits RegistrationServicesImpl#validateRegistration method.
Starts calling ResourceManager#removeResource in RegistrationServicesImpl#registerForProject.
Finished calling ResourceManager#removeResource in RegistrationServicesImpl#registerForProject.
Starts calling UserRetrieval#retrieveUser in RegistrationServicesImpl#registerForProject.
Finished calling UserRetrieval#retrieveUser in RegistrationServicesImpl#registerForProject.
Starts calling ResourceManager#updateResource in RegistrationServicesImpl#registerForProject.
Finished calling ResourceManager#updateResource in RegistrationServicesImpl#registerForProject.
Exits RegistrationServicesImpl#registerForProject method.
Enters RegistrationServicesImpl#registerForProject method.
Enters RegistrationServicesImpl#validateRegistration method.
Starts calling UserRetrieval#retrieveUser in RegistrationServicesImpl#validateRegistration.
Finished calling UserRetrieval#retrieveUser in RegistrationServicesImpl#validateRegistration.
Starts calling ProjectServices#getFullProjectData method.
Finished calling ProjectServices#getFullProjectData method.
Starts calling RegistrationValidator#validate method.
Finished calling RegistrationValidator#validate method.
Exits RegistrationServicesImpl#validateRegistration method.
Starts calling ResourceManager#removeResource in RegistrationServicesImpl#registerForProject.
Finished calling ResourceManager#removeResource in RegistrationServicesImpl#registerForProject.
Starts calling UserRetrieval#retrieveUser in RegistrationServicesImpl#registerForProject.
Finished calling UserRetrieval#retrieveUser in RegistrationServicesImpl#registerForProject.
Starts calling ResourceManager#updateResource in RegistrationServicesImpl#registerForProject.
Finished calling ResourceManager#updateResource in RegistrationServicesImpl#registerForProject.
Exits RegistrationServicesImpl#registerForProject method.
Enters RegistrationServicesImpl#registerForProject method.
Enters RegistrationServicesImpl#validateRegistration method.
Starts calling UserRetrieval#retrieveUser in RegistrationServicesImpl#validateRegistration.
Finished calling UserRetrieval#retrieveUser in RegistrationServicesImpl#validateRegistration.
Starts calling ProjectServices#getFullProjectData method.
Finished calling ProjectServices#getFullProjectData method.
Starts calling RegistrationValidator#validate method.
Finished calling RegistrationValidator#validate method.
Exits RegistrationServicesImpl#validateRegistration method.
Starts calling ResourceManager#removeResource in RegistrationServicesImpl#registerForProject.
Finished calling ResourceManager#removeResource in RegistrationServicesImpl#registerForProject.
Starts calling UserRetrieval#retrieveUser in RegistrationServicesImpl#registerForProject.
Finished calling UserRetrieval#retrieveUser in RegistrationServicesImpl#registerForProject.
Starts calling ResourceManager#updateResource in RegistrationServicesImpl#registerForProject.
Finished calling ResourceManager#updateResource in RegistrationServicesImpl#registerForProject.
Exits RegistrationServicesImpl#registerForProject method.
Enters RegistrationServicesImpl#registerForProject method.
Enters RegistrationServicesImpl#validateRegistration method.
Starts calling UserRetrieval#retrieveUser in RegistrationServicesImpl#validateRegistration.
Finished calling UserRetrieval#retrieveUser in RegistrationServicesImpl#validateRegistration.
Starts calling ProjectServices#getFullProjectData method.
Finished calling ProjectServices#getFullProjectData method.
Starts calling RegistrationValidator#validate method.
Finished calling RegistrationValidator#validate method.
Exits RegistrationServicesImpl#validateRegistration method.
Starts calling ResourceManager#removeResource in RegistrationServicesImpl#registerForProject.
Finished calling ResourceManager#removeResource in RegistrationServicesImpl#registerForProject.
Starts calling UserRetrieval#retrieveUser in RegistrationServicesImpl#registerForProject.
Finished calling UserRetrieval#retrieveUser in RegistrationServicesImpl#registerForProject.
Starts calling ResourceManager#updateResource in RegistrationServicesImpl#registerForProject.
Finished calling ResourceManager#updateResource in RegistrationServicesImpl#registerForProject.
Exits RegistrationServicesImpl#registerForProject method.
Enters RegistrationServicesImpl#registerForProject method.
Enters RegistrationServicesImpl#validateRegistration method.
Starts calling UserRetrieval#retrieveUser in RegistrationServicesImpl#validateRegistration.
Finished calling UserRetrieval#retrieveUser in RegistrationServicesImpl#validateRegistration.
Starts calling ProjectServices#getFullProjectData method.
Finished calling ProjectServices#getFullProjectData method.
Starts calling RegistrationValidator#validate method.
Finished calling RegistrationValidator#validate method.
Exits RegistrationServicesImpl#validateRegistration method.
Starts calling ResourceManager#removeResource in RegistrationServicesImpl#registerForProject.
Finished calling ResourceManager#removeResource in RegistrationServicesImpl#registerForProject.
Starts calling UserRetrieval#retrieveUser in RegistrationServicesImpl#registerForProject.
Finished calling UserRetrieval#retrieveUser in RegistrationServicesImpl#registerForProject.
Starts calling ResourceManager#updateResource in RegistrationServicesImpl#registerForProject.
Finished calling ResourceManager#updateResource in RegistrationServicesImpl#registerForProject.
Exits RegistrationServicesImpl#registerForProject method.
Enters RegistrationServicesImpl#registerForProject method.
Enters RegistrationServicesImpl#validateRegistration method.
Starts calling UserRetrieval#retrieveUser in RegistrationServicesImpl#validateRegistration.
Finished calling UserRetrieval#retrieveUser in RegistrationServicesImpl#validateRegistration.
Starts calling ProjectServices#getFullProjectData method.
Finished calling ProjectServices#getFullProjectData method.
Starts calling RegistrationValidator#validate method.
Finished calling RegistrationValidator#validate method.
Exits RegistrationServicesImpl#validateRegistration method.
Starts calling ResourceManager#removeResource in RegistrationServicesImpl#registerForProject.
Finished calling ResourceManager#removeResource in RegistrationServicesImpl#registerForProject.
Starts calling UserRetrieval#retrieveUser in RegistrationServicesImpl#registerForProject.
Finished calling UserRetrieval#retrieveUser in RegistrationServicesImpl#registerForProject.
Starts calling ResourceManager#updateResource in RegistrationServicesImpl#registerForProject.
Finished calling ResourceManager#updateResource in RegistrationServicesImpl#registerForProject.
Exits RegistrationServicesImpl#registerForProject method.
Enters RegistrationServicesImpl#registerForProject method.
Enters RegistrationServicesImpl#validateRegistration method.
Starts calling UserRetrieval#retrieveUser in RegistrationServicesImpl#validateRegistration.
Finished calling UserRetrieval#retrieveUser in RegistrationServicesImpl#validateRegistration.
Starts calling ProjectServices#getFullProjectData method.
Finished calling ProjectServices#getFullProjectData method.
Starts calling RegistrationValidator#validate method.
Finished calling RegistrationValidator#validate method.
Exits RegistrationServicesImpl#validateRegistration method.
Starts calling ResourceManager#removeResource in RegistrationServicesImpl#registerForProject.
Finished calling ResourceManager#removeResource in RegistrationServicesImpl#registerForProject.
Starts calling UserRetrieval#retrieveUser in RegistrationServicesImpl#registerForProject.
Finished calling UserRetrieval#retrieveUser in RegistrationServicesImpl#registerForProject.
Starts calling ResourceManager#updateResource in RegistrationServicesImpl#registerForProject.
Finished calling ResourceManager#updateResource in RegistrationServicesImpl#registerForProject.
Exits RegistrationServicesImpl#registerForProject method.
Enters RegistrationServicesImpl#registerForProject method.
Enters RegistrationServicesImpl#validateRegistration method.
Starts calling UserRetrieval#retrieveUser in RegistrationServicesImpl#validateRegistration.
Finished calling UserRetrieval#retrieveUser in RegistrationServicesImpl#validateRegistration.
Starts calling ProjectServices#getFullProjectData method.
Finished calling ProjectServices#getFullProjectData method.
Starts calling RegistrationValidator#validate method.
Finished calling RegistrationValidator#validate method.
Exits RegistrationServicesImpl#validateRegistration method.
Starts calling ResourceManager#removeResource in RegistrationServicesImpl#registerForProject.
Finished calling ResourceManager#removeResource in RegistrationServicesImpl#registerForProject.
Starts calling UserRetrieval#retrieveUser in RegistrationServicesImpl#registerForProject.
Finished calling UserRetrieval#retrieveUser in RegistrationServicesImpl#registerForProject.
Starts calling ResourceManager#updateResource in RegistrationServicesImpl#registerForProject.
Finished calling ResourceManager#updateResource in RegistrationServicesImpl#registerForProject.
Exits RegistrationServicesImpl#registerForProject method.
Enters RegistrationServicesImpl#registerForProject method.
Enters RegistrationServicesImpl#validateRegistration method.
Starts calling UserRetrieval#retrieveUser in RegistrationServicesImpl#validateRegistration.
Finished calling UserRetrieval#retrieveUser in RegistrationServicesImpl#validateRegistration.
Starts calling ProjectServices#getFullProjectData method.
Finished calling ProjectServices#getFullProjectData method.
Starts calling RegistrationValidator#validate method.
Finished calling RegistrationValidator#validate method.
Exits RegistrationServicesImpl#validateRegistration method.
Starts calling ResourceManager#removeResource in RegistrationServicesImpl#registerForProject.
Finished calling ResourceManager#removeResource in RegistrationServicesImpl#registerForProject.
Starts calling UserRetrieval#retrieveUser in RegistrationServicesImpl#registerForProject.
Finished calling UserRetrieval#retrieveUser in RegistrationServicesImpl#registerForProject.
Starts calling ResourceManager#updateResource in RegistrationServicesImpl#registerForProject.
Finished calling ResourceManager#updateResource in RegistrationServicesImpl#registerForProject.
Exits RegistrationServicesImpl#registerForProject method.
Enters RegistrationServicesImpl#registerForProject method.
Enters RegistrationServicesImpl#validateRegistration method.
Starts calling UserRetrieval#retrieveUser in RegistrationServicesImpl#validateRegistration.
Finished calling UserRetrieval#retrieveUser in RegistrationServicesImpl#validateRegistration.
Starts calling ProjectServices#getFullProjectData method.
Finished calling ProjectServices#getFullProjectData method.
Starts calling RegistrationValidator#validate method.
Finished calling RegistrationValidator#validate method.
Exits RegistrationServicesImpl#validateRegistration method.
Starts calling ResourceManager#removeResource in RegistrationServicesImpl#registerForProject.
Finished calling ResourceManager#removeResource in RegistrationServicesImpl#registerForProject.
Starts calling UserRetrieval#retrieveUser in RegistrationServicesImpl#registerForProject.
Finished calling UserRetrieval#retrieveUser in RegistrationServicesImpl#registerForProject.
Starts calling ResourceManager#updateResource in RegistrationServicesImpl#registerForProject.
Finished calling ResourceManager#updateResource in RegistrationServicesImpl#registerForProject.
Exits RegistrationServicesImpl#registerForProject method.
Enters RegistrationServicesImpl#registerForProject method.
Enters RegistrationServicesImpl#validateRegistration method.
Starts calling UserRetrieval#retrieveUser in RegistrationServicesImpl#validateRegistration.
Finished calling UserRetrieval#retrieveUser in RegistrationServicesImpl#validateRegistration.
Starts calling ProjectServices#getFullProjectData method.
Finished calling ProjectServices#getFullProjectData method.
Starts calling RegistrationValidator#validate method.
Finished calling RegistrationValidator#validate method.
Exits RegistrationServicesImpl#validateRegistration method.
Starts calling ResourceManager#removeResource in RegistrationServicesImpl#registerForProject.
Finished calling ResourceManager#removeResource in RegistrationServicesImpl#registerForProject.
Starts calling UserRetrieval#retrieveUser in RegistrationServicesImpl#registerForProject.
Finished calling UserRetrieval#retrieveUser in RegistrationServicesImpl#registerForProject.
Starts calling ResourceManager#updateResource in RegistrationServicesImpl#registerForProject.
Finished calling ResourceManager#updateResource in RegistrationServicesImpl#registerForProject.
Exits RegistrationServicesImpl#registerForProject method.
Enters RegistrationServicesImpl#registerForProject method.
Enters RegistrationServicesImpl#validateRegistration method.
Starts calling UserRetrieval#retrieveUser in RegistrationServicesImpl#validateRegistration.
Finished calling UserRetrieval#retrieveUser in RegistrationServicesImpl#validateRegistration.
Starts calling ProjectServices#getFullProjectData method.
Finished calling ProjectServices#getFullProjectData method.
Starts calling RegistrationValidator#validate method.
Finished calling RegistrationValidator#validate method.
Exits RegistrationServicesImpl#validateRegistration method.
Starts calling ResourceManager#removeResource in RegistrationServicesImpl#registerForProject.
Finished calling ResourceManager#removeResource in RegistrationServicesImpl#registerForProject.
Starts calling UserRetrieval#retrieveUser in RegistrationServicesImpl#registerForProject.
Finished calling UserRetrieval#retrieveUser in RegistrationServicesImpl#registerForProject.
Starts calling ResourceManager#updateResource in RegistrationServicesImpl#registerForProject.
Finished calling ResourceManager#updateResource in RegistrationServicesImpl#registerForProject.
Exits RegistrationServicesImpl#registerForProject method.
Enters RegistrationServicesImpl#registerForProject method.
Enters RegistrationServicesImpl#validateRegistration method.
Starts calling UserRetrieval#retrieveUser in RegistrationServicesImpl#validateRegistration.
Finished calling UserRetrieval#retrieveUser in RegistrationServicesImpl#validateRegistration.
Starts calling ProjectServices#getFullProjectData method.
Finished calling ProjectServices#getFullProjectData method.
Starts calling RegistrationValidator#validate method.
Finished calling RegistrationValidator#validate method.
Exits RegistrationServicesImpl#validateRegistration method.
Starts calling ResourceManager#removeResource in RegistrationServicesImpl#registerForProject.
Finished calling ResourceManager#removeResource in RegistrationServicesImpl#registerForProject.
Starts calling UserRetrieval#retrieveUser in RegistrationServicesImpl#registerForProject.
Finished calling UserRetrieval#retrieveUser in RegistrationServicesImpl#registerForProject.
Starts calling ResourceManager#updateResource in RegistrationServicesImpl#registerForProject.
Finished calling ResourceManager#updateResource in RegistrationServicesImpl#registerForProject.
Exits RegistrationServicesImpl#registerForProject method.
Enters RegistrationServicesImpl#registerForProject method.
Enters RegistrationServicesImpl#validateRegistration method.
Starts calling UserRetrieval#retrieveUser in RegistrationServicesImpl#validateRegistration.
Finished calling UserRetrieval#retrieveUser in RegistrationServicesImpl#validateRegistration.
Starts calling ProjectServices#getFullProjectData method.
Finished calling ProjectServices#getFullProjectData method.
Starts calling RegistrationValidator#validate method.
Finished calling RegistrationValidator#validate method.
Exits RegistrationServicesImpl#validateRegistration method.
Starts calling ResourceManager#removeResource in RegistrationServicesImpl#registerForProject.
Finished calling ResourceManager#removeResource in RegistrationServicesImpl#registerForProject.
Starts calling UserRetrieval#retrieveUser in RegistrationServicesImpl#registerForProject.
Finished calling UserRetrieval#retrieveUser in RegistrationServicesImpl#registerForProject.
Starts calling ResourceManager#updateResource in RegistrationServicesImpl#registerForProject.
Finished calling ResourceManager#updateResource in RegistrationServicesImpl#registerForProject.
Exits RegistrationServicesImpl#registerForProject method.
Enters RegistrationServicesImpl#registerForProject method.
Enters RegistrationServicesImpl#validateRegistration method.
Starts calling UserRetrieval#retrieveUser in RegistrationServicesImpl#validateRegistration.
Finished calling UserRetrieval#retrieveUser in RegistrationServicesImpl#validateRegistration.
Starts calling ProjectServices#getFullProjectData method.
Finished calling ProjectServices#getFullProjectData method.
Starts calling RegistrationValidator#validate method.
Finished calling RegistrationValidator#validate method.
Exits RegistrationServicesImpl#validateRegistration method.
Starts calling ResourceManager#removeResource in RegistrationServicesImpl#registerForProject.
Finished calling ResourceManager#removeResource in RegistrationServicesImpl#registerForProject.
Starts calling UserRetrieval#retrieveUser in RegistrationServicesImpl#registerForProject.
Finished calling UserRetrieval#retrieveUser in RegistrationServicesImpl#registerForProject.
Starts calling ResourceManager#updateResource in RegistrationServicesImpl#registerForProject.
Finished calling ResourceManager#updateResource in RegistrationServicesImpl#registerForProject.
Exits RegistrationServicesImpl#registerForProject method.
Enters RegistrationServicesImpl#registerForProject method.
Enters RegistrationServicesImpl#validateRegistration method.
Starts calling UserRetrieval#retrieveUser in RegistrationServicesImpl#validateRegistration.
Finished calling UserRetrieval#retrieveUser in RegistrationServicesImpl#validateRegistration.
Starts calling ProjectServices#getFullProjectData method.
Finished calling ProjectServices#getFullProjectData method.
Starts calling RegistrationValidator#validate method.
Finished calling RegistrationValidator#validate method.
Exits RegistrationServicesImpl#validateRegistration method.
Starts calling ResourceManager#removeResource in RegistrationServicesImpl#registerForProject.
Finished calling ResourceManager#removeResource in RegistrationServicesImpl#registerForProject.
Starts calling UserRetrieval#retrieveUser in RegistrationServicesImpl#registerForProject.
Finished calling UserRetrieval#retrieveUser in RegistrationServicesImpl#registerForProject.
Starts calling ResourceManager#updateResource in RegistrationServicesImpl#registerForProject.
Finished calling ResourceManager#updateResource in RegistrationServicesImpl#registerForProject.
Exits RegistrationServicesImpl#registerForProject method.
Enters RegistrationServicesImpl#registerForProject method.
Enters RegistrationServicesImpl#validateRegistration method.
Starts calling UserRetrieval#retrieveUser in RegistrationServicesImpl#validateRegistration.
Finished calling UserRetrieval#retrieveUser in RegistrationServicesImpl#validateRegistration.
Starts calling ProjectServices#getFullProjectData method.
Finished calling ProjectServices#getFullProjectData method.
Starts calling RegistrationValidator#validate method.
Finished calling RegistrationValidator#validate method.
Exits RegistrationServicesImpl#validateRegistration method.
Starts calling ResourceManager#removeResource in RegistrationServicesImpl#registerForProject.
Finished calling ResourceManager#removeResource in RegistrationServicesImpl#registerForProject.
Starts calling UserRetrieval#retrieveUser in RegistrationServicesImpl#registerForProject.
Finished calling UserRetrieval#retrieveUser in RegistrationServicesImpl#registerForProject.
Starts calling ResourceManager#updateResource in RegistrationServicesImpl#registerForProject.
Finished calling ResourceManager#updateResource in RegistrationServicesImpl#registerForProject.
Exits RegistrationServicesImpl#registerForProject method.
Enters RegistrationServicesImpl#registerForProject method.
Enters RegistrationServicesImpl#validateRegistration method.
Starts calling UserRetrieval#retrieveUser in RegistrationServicesImpl#validateRegistration.
Finished calling UserRetrieval#retrieveUser in RegistrationServicesImpl#validateRegistration.
Starts calling ProjectServices#getFullProjectData method.
Finished calling ProjectServices#getFullProjectData method.
Starts calling RegistrationValidator#validate method.
Finished calling RegistrationValidator#validate method.
Exits RegistrationServicesImpl#validateRegistration method.
Starts calling ResourceManager#removeResource in RegistrationServicesImpl#registerForProject.
Finished calling ResourceManager#removeResource in RegistrationServicesImpl#registerForProject.
Starts calling UserRetrieval#retrieveUser in RegistrationServicesImpl#registerForProject.
Finished calling UserRetrieval#retrieveUser in RegistrationServicesImpl#registerForProject.
Starts calling ResourceManager#updateResource in RegistrationServicesImpl#registerForProject.
Finished calling ResourceManager#updateResource in RegistrationServicesImpl#registerForProject.
Exits RegistrationServicesImpl#registerForProject method.
Enters RegistrationServicesImpl#registerForProject method.
Enters RegistrationServicesImpl#validateRegistration method.
Starts calling UserRetrieval#retrieveUser in RegistrationServicesImpl#validateRegistration.
Finished calling UserRetrieval#retrieveUser in RegistrationServicesImpl#validateRegistration.
Starts calling ProjectServices#getFullProjectData method.
Finished calling ProjectServices#getFullProjectData method.
Starts calling RegistrationValidator#validate method.
Finished calling RegistrationValidator#validate method.
Exits RegistrationServicesImpl#validateRegistration method.
Starts calling ResourceManager#removeResource in RegistrationServicesImpl#registerForProject.
Finished calling ResourceManager#removeResource in RegistrationServicesImpl#registerForProject.
Starts calling UserRetrieval#retrieveUser in RegistrationServicesImpl#registerForProject.
Finished calling UserRetrieval#retrieveUser in RegistrationServicesImpl#registerForProject.
Starts calling ResourceManager#updateResource in RegistrationServicesImpl#registerForProject.
Finished calling ResourceManager#updateResource in RegistrationServicesImpl#registerForProject.
Exits RegistrationServicesImpl#registerForProject method.
Enters RegistrationServicesImpl#registerForProject method.
Enters RegistrationServicesImpl#validateRegistration method.
Starts calling UserRetrieval#retrieveUser in RegistrationServicesImpl#validateRegistration.
Finished calling UserRetrieval#retrieveUser in RegistrationServicesImpl#validateRegistration.
Starts calling ProjectServices#getFullProjectData method.
Finished calling ProjectServices#getFullProjectData method.
Starts calling RegistrationValidator#validate method.
Finished calling RegistrationValidator#validate method.
Exits RegistrationServicesImpl#validateRegistration method.
Starts calling ResourceManager#removeResource in RegistrationServicesImpl#registerForProject.
Finished calling ResourceManager#removeResource in RegistrationServicesImpl#registerForProject.
Starts calling UserRetrieval#retrieveUser in RegistrationServicesImpl#registerForProject.
Finished calling UserRetrieval#retrieveUser in RegistrationServicesImpl#registerForProject.
Starts calling ResourceManager#updateResource in RegistrationServicesImpl#registerForProject.
Finished calling ResourceManager#updateResource in RegistrationServicesImpl#registerForProject.
Exits RegistrationServicesImpl#registerForProject method.
Enters RegistrationServicesImpl#registerForProject method.
Enters RegistrationServicesImpl#validateRegistration method.
Starts calling UserRetrieval#retrieveUser in RegistrationServicesImpl#validateRegistration.
Finished calling UserRetrieval#retrieveUser in RegistrationServicesImpl#validateRegistration.
Starts calling ProjectServices#getFullProjectData method.
Finished calling ProjectServices#getFullProjectData method.
Starts calling RegistrationValidator#validate method.
Finished calling RegistrationValidator#validate method.
Exits RegistrationServicesImpl#validateRegistration method.
Starts calling ResourceManager#removeResource in RegistrationServicesImpl#registerForProject.
Finished calling ResourceManager#removeResource in RegistrationServicesImpl#registerForProject.
Starts calling UserRetrieval#retrieveUser in RegistrationServicesImpl#registerForProject.
Finished calling UserRetrieval#retrieveUser in RegistrationServicesImpl#registerForProject.
Starts calling ResourceManager#updateResource in RegistrationServicesImpl#registerForProject.
Finished calling ResourceManager#updateResource in RegistrationServicesImpl#registerForProject.
Exits RegistrationServicesImpl#registerForProject method.
Enters RegistrationServicesImpl#registerForProject method.
Enters RegistrationServicesImpl#validateRegistration method.
Starts calling UserRetrieval#retrieveUser in RegistrationServicesImpl#validateRegistration.
Finished calling UserRetrieval#retrieveUser in RegistrationServicesImpl#validateRegistration.
Starts calling ProjectServices#getFullProjectData method.
Finished calling ProjectServices#getFullProjectData method.
Starts calling RegistrationValidator#validate method.
Finished calling RegistrationValidator#validate method.
Exits RegistrationServicesImpl#validateRegistration method.
Starts calling ResourceManager#removeResource in RegistrationServicesImpl#registerForProject.
Finished calling ResourceManager#removeResource in RegistrationServicesImpl#registerForProject.
Starts calling UserRetrieval#retrieveUser in RegistrationServicesImpl#registerForProject.
Finished calling UserRetrieval#retrieveUser in RegistrationServicesImpl#registerForProject.
Starts calling ResourceManager#updateResource in RegistrationServicesImpl#registerForProject.
Finished calling ResourceManager#updateResource in RegistrationServicesImpl#registerForProject.
Exits RegistrationServicesImpl#registerForProject method.
Enters RegistrationServicesImpl#registerForProject method.
Enters RegistrationServicesImpl#validateRegistration method.
Starts calling UserRetrieval#retrieveUser in RegistrationServicesImpl#validateRegistration.
Finished calling UserRetrieval#retrieveUser in RegistrationServicesImpl#validateRegistration.
Starts calling ProjectServices#getFullProjectData method.
Finished calling ProjectServices#getFullProjectData method.
Starts calling RegistrationValidator#validate method.
Finished calling RegistrationValidator#validate method.
Exits RegistrationServicesImpl#validateRegistration method.
Starts calling ResourceManager#removeResource in RegistrationServicesImpl#registerForProject.
Finished calling ResourceManager#removeResource in RegistrationServicesImpl#registerForProject.
Starts calling UserRetrieval#retrieveUser in RegistrationServicesImpl#registerForProject.
Finished calling UserRetrieval#retrieveUser in RegistrationServicesImpl#registerForProject.
Starts calling ResourceManager#updateResource in RegistrationServicesImpl#registerForProject.
Finished calling ResourceManager#updateResource in RegistrationServicesImpl#registerForProject.
Exits RegistrationServicesImpl#registerForProject method.
Enters RegistrationServicesImpl#registerForProject method.
Enters RegistrationServicesImpl#validateRegistration method.
Starts calling UserRetrieval#retrieveUser in RegistrationServicesImpl#validateRegistration.
Finished calling UserRetrieval#retrieveUser in RegistrationServicesImpl#validateRegistration.
Starts calling ProjectServices#getFullProjectData method.
Finished calling ProjectServices#getFullProjectData method.
Starts calling RegistrationValidator#validate method.
Finished calling RegistrationValidator#validate method.
Exits RegistrationServicesImpl#validateRegistration method.
Starts calling ResourceManager#removeResource in RegistrationServicesImpl#registerForProject.
Finished calling ResourceManager#removeResource in RegistrationServicesImpl#registerForProject.
Starts calling UserRetrieval#retrieveUser in RegistrationServicesImpl#registerForProject.
Finished calling UserRetrieval#retrieveUser in RegistrationServicesImpl#registerForProject.
Starts calling ResourceManager#updateResource in RegistrationServicesImpl#registerForProject.
Finished calling ResourceManager#updateResource in RegistrationServicesImpl#registerForProject.
Exits RegistrationServicesImpl#registerForProject method.
Enters RegistrationServicesImpl#registerForProject method.
Enters RegistrationServicesImpl#validateRegistration method.
Starts calling UserRetrieval#retrieveUser in RegistrationServicesImpl#validateRegistration.
Finished calling UserRetrieval#retrieveUser in RegistrationServicesImpl#validateRegistration.
Starts calling ProjectServices#getFullProjectData method.
Finished calling ProjectServices#getFullProjectData method.
Starts calling RegistrationValidator#validate method.
Finished calling RegistrationValidator#validate method.
Exits RegistrationServicesImpl#validateRegistration method.
Starts calling ResourceManager#removeResource in RegistrationServicesImpl#registerForProject.
Finished calling ResourceManager#removeResource in RegistrationServicesImpl#registerForProject.
Starts calling UserRetrieval#retrieveUser in RegistrationServicesImpl#registerForProject.
Finished calling UserRetrieval#retrieveUser in RegistrationServicesImpl#registerForProject.
Starts calling ResourceManager#updateResource in RegistrationServicesImpl#registerForProject.
Finished calling ResourceManager#updateResource in RegistrationServicesImpl#registerForProject.
Exits RegistrationServicesImpl#registerForProject method.
Enters RegistrationServicesImpl#registerForProject method.
Enters RegistrationServicesImpl#validateRegistration method.
Starts calling UserRetrieval#retrieveUser in RegistrationServicesImpl#validateRegistration.
Finished calling UserRetrieval#retrieveUser in RegistrationServicesImpl#validateRegistration.
Starts calling ProjectServices#getFullProjectData method.
Finished calling ProjectServices#getFullProjectData method.
Starts calling RegistrationValidator#validate method.
Finished calling RegistrationValidator#validate method.
Exits RegistrationServicesImpl#validateRegistration method.
Starts calling ResourceManager#removeResource in RegistrationServicesImpl#registerForProject.
Finished calling ResourceManager#removeResource in RegistrationServicesImpl#registerForProject.
Starts calling UserRetrieval#retrieveUser in RegistrationServicesImpl#registerForProject.
Finished calling UserRetrieval#retrieveUser in RegistrationServicesImpl#registerForProject.
Starts calling ResourceManager#updateResource in RegistrationServicesImpl#registerForProject.
Finished calling ResourceManager#updateResource in RegistrationServicesImpl#registerForProject.
Exits RegistrationServicesImpl#registerForProject method.
Enters RegistrationServicesImpl#registerForProject method.
Enters RegistrationServicesImpl#validateRegistration method.
Starts calling UserRetrieval#retrieveUser in RegistrationServicesImpl#validateRegistration.
Finished calling UserRetrieval#retrieveUser in RegistrationServicesImpl#validateRegistration.
Starts calling ProjectServices#getFullProjectData method.
Finished calling ProjectServices#getFullProjectData method.
Starts calling RegistrationValidator#validate method.
Finished calling RegistrationValidator#validate method.
Exits RegistrationServicesImpl#validateRegistration method.
Starts calling ResourceManager#removeResource in RegistrationServicesImpl#registerForProject.
Finished calling ResourceManager#removeResource in RegistrationServicesImpl#registerForProject.
Starts calling UserRetrieval#retrieveUser in RegistrationServicesImpl#registerForProject.
Finished calling UserRetrieval#retrieveUser in RegistrationServicesImpl#registerForProject.
Starts calling ResourceManager#updateResource in RegistrationServicesImpl#registerForProject.
Finished calling ResourceManager#updateResource in RegistrationServicesImpl#registerForProject.
Exits RegistrationServicesImpl#registerForProject method.
Enters RegistrationServicesImpl#registerForProject method.
Enters RegistrationServicesImpl#validateRegistration method.
Starts calling UserRetrieval#retrieveUser in RegistrationServicesImpl#validateRegistration.
Finished calling UserRetrieval#retrieveUser in RegistrationServicesImpl#validateRegistration.
Starts calling ProjectServices#getFullProjectData method.
Finished calling ProjectServices#getFullProjectData method.
Starts calling RegistrationValidator#validate method.
Finished calling RegistrationValidator#validate method.
Exits RegistrationServicesImpl#validateRegistration method.
Starts calling ResourceManager#removeResource in RegistrationServicesImpl#registerForProject.
Finished calling ResourceManager#removeResource in RegistrationServicesImpl#registerForProject.
Starts calling UserRetrieval#retrieveUser in RegistrationServicesImpl#registerForProject.
Finished calling UserRetrieval#retrieveUser in RegistrationServicesImpl#registerForProject.
Starts calling ResourceManager#updateResource in RegistrationServicesImpl#registerForProject.
Finished calling ResourceManager#updateResource in RegistrationServicesImpl#registerForProject.
Exits RegistrationServicesImpl#registerForProject method.
Enters RegistrationServicesImpl#registerForProject method.
Enters RegistrationServicesImpl#validateRegistration method.
Starts calling UserRetrieval#retrieveUser in RegistrationServicesImpl#validateRegistration.
Finished calling UserRetrieval#retrieveUser in RegistrationServicesImpl#validateRegistration.
Starts calling ProjectServices#getFullProjectData method.
Finished calling ProjectServices#getFullProjectData method.
Starts calling RegistrationValidator#validate method.
Finished calling RegistrationValidator#validate method.
Exits RegistrationServicesImpl#validateRegistration method.
Starts calling ResourceManager#removeResource in RegistrationServicesImpl#registerForProject.
Finished calling ResourceManager#removeResource in RegistrationServicesImpl#registerForProject.
Starts calling UserRetrieval#retrieveUser in RegistrationServicesImpl#registerForProject.
Finished calling UserRetrieval#retrieveUser in RegistrationServicesImpl#registerForProject.
Starts calling ResourceManager#updateResource in RegistrationServicesImpl#registerForProject.
Finished calling ResourceManager#updateResource in RegistrationServicesImpl#registerForProject.
Exits RegistrationServicesImpl#registerForProject method.
Enters RegistrationServicesImpl#registerForProject method.
Enters RegistrationServicesImpl#validateRegistration method.
Starts calling UserRetrieval#retrieveUser in RegistrationServicesImpl#validateRegistration.
Finished calling UserRetrieval#retrieveUser in RegistrationServicesImpl#validateRegistration.
Starts calling ProjectServices#getFullProjectData method.
Finished calling ProjectServices#getFullProjectData method.
Starts calling RegistrationValidator#validate method.
Finished calling RegistrationValidator#validate method.
Exits RegistrationServicesImpl#validateRegistration method.
Starts calling ResourceManager#removeResource in RegistrationServicesImpl#registerForProject.
Finished calling ResourceManager#removeResource in RegistrationServicesImpl#registerForProject.
Starts calling UserRetrieval#retrieveUser in RegistrationServicesImpl#registerForProject.
Finished calling UserRetrieval#retrieveUser in RegistrationServicesImpl#registerForProject.
Starts calling ResourceManager#updateResource in RegistrationServicesImpl#registerForProject.
Finished calling ResourceManager#updateResource in RegistrationServicesImpl#registerForProject.
Exits RegistrationServicesImpl#registerForProject method.
Enters RegistrationServicesImpl#registerForProject method.
Enters RegistrationServicesImpl#validateRegistration method.
Starts calling UserRetrieval#retrieveUser in RegistrationServicesImpl#validateRegistration.
Finished calling UserRetrieval#retrieveUser in RegistrationServicesImpl#validateRegistration.
Starts calling ProjectServices#getFullProjectData method.
Finished calling ProjectServices#getFullProjectData method.
Starts calling RegistrationValidator#validate method.
Finished calling RegistrationValidator#validate method.
Exits RegistrationServicesImpl#validateRegistration method.
Starts calling ResourceManager#removeResource in RegistrationServicesImpl#registerForProject.
Finished calling ResourceManager#removeResource in RegistrationServicesImpl#registerForProject.
Starts calling UserRetrieval#retrieveUser in RegistrationServicesImpl#registerForProject.
Finished calling UserRetrieval#retrieveUser in RegistrationServicesImpl#registerForProject.
Starts calling ResourceManager#updateResource in RegistrationServicesImpl#registerForProject.
Finished calling ResourceManager#updateResource in RegistrationServicesImpl#registerForProject.
Exits RegistrationServicesImpl#registerForProject method.
Enters RegistrationServicesImpl#registerForProject method.
Enters RegistrationServicesImpl#validateRegistration method.
Starts calling UserRetrieval#retrieveUser in RegistrationServicesImpl#validateRegistration.
Finished calling UserRetrieval#retrieveUser in RegistrationServicesImpl#validateRegistration.
Starts calling ProjectServices#getFullProjectData method.
Finished calling ProjectServices#getFullProjectData method.
Starts calling RegistrationValidator#validate method.
Finished calling RegistrationValidator#validate method.
Exits RegistrationServicesImpl#validateRegistration method.
Starts calling ResourceManager#removeResource in RegistrationServicesImpl#registerForProject.
Finished calling ResourceManager#removeResource in RegistrationServicesImpl#registerForProject.
Starts calling UserRetrieval#retrieveUser in RegistrationServicesImpl#registerForProject.
Finished calling UserRetrieval#retrieveUser in RegistrationServicesImpl#registerForProject.
Starts calling ResourceManager#updateResource in RegistrationServicesImpl#registerForProject.
Finished calling ResourceManager#updateResource in RegistrationServicesImpl#registerForProject.
Exits RegistrationServicesImpl#registerForProject method.
Enters RegistrationServicesImpl#registerForProject method.
Enters RegistrationServicesImpl#validateRegistration method.
Starts calling UserRetrieval#retrieveUser in RegistrationServicesImpl#validateRegistration.
Finished calling UserRetrieval#retrieveUser in RegistrationServicesImpl#validateRegistration.
Starts calling ProjectServices#getFullProjectData method.
Finished calling ProjectServices#getFullProjectData method.
Starts calling RegistrationValidator#validate method.
Finished calling RegistrationValidator#validate method.
Exits RegistrationServicesImpl#validateRegistration method.
Starts calling ResourceManager#removeResource in RegistrationServicesImpl#registerForProject.
Finished calling ResourceManager#removeResource in RegistrationServicesImpl#registerForProject.
Starts calling UserRetrieval#retrieveUser in RegistrationServicesImpl#registerForProject.
Finished calling UserRetrieval#retrieveUser in RegistrationServicesImpl#registerForProject.
Starts calling ResourceManager#updateResource in RegistrationServicesImpl#registerForProject.
Finished calling ResourceManager#updateResource in RegistrationServicesImpl#registerForProject.
Exits RegistrationServicesImpl#registerForProject method.
Enters RegistrationServicesImpl#registerForProject method.
Enters RegistrationServicesImpl#validateRegistration method.
Starts calling UserRetrieval#retrieveUser in RegistrationServicesImpl#validateRegistration.
Finished calling UserRetrieval#retrieveUser in RegistrationServicesImpl#validateRegistration.
Starts calling ProjectServices#getFullProjectData method.
Finished calling ProjectServices#getFullProjectData method.
Starts calling RegistrationValidator#validate method.
Finished calling RegistrationValidator#validate method.
Exits RegistrationServicesImpl#validateRegistration method.
Starts calling ResourceManager#removeResource in RegistrationServicesImpl#registerForProject.
Finished calling ResourceManager#removeResource in RegistrationServicesImpl#registerForProject.
Starts calling UserRetrieval#retrieveUser in RegistrationServicesImpl#registerForProject.
Finished calling UserRetrieval#retrieveUser in RegistrationServicesImpl#registerForProject.
Starts calling ResourceManager#updateResource in RegistrationServicesImpl#registerForProject.
Finished calling ResourceManager#updateResource in RegistrationServicesImpl#registerForProject.
Exits RegistrationServicesImpl#registerForProject method.
Enters RegistrationServicesImpl#registerForProject method.
Enters RegistrationServicesImpl#validateRegistration method.
Starts calling UserRetrieval#retrieveUser in RegistrationServicesImpl#validateRegistration.
Finished calling UserRetrieval#retrieveUser in RegistrationServicesImpl#validateRegistration.
Starts calling ProjectServices#getFullProjectData method.
Finished calling ProjectServices#getFullProjectData method.
Starts calling RegistrationValidator#validate method.
Finished calling RegistrationValidator#validate method.
Exits RegistrationServicesImpl#validateRegistration method.
Starts calling ResourceManager#removeResource in RegistrationServicesImpl#registerForProject.
Finished calling ResourceManager#removeResource in RegistrationServicesImpl#registerForProject.
Starts calling UserRetrieval#retrieveUser in RegistrationServicesImpl#registerForProject.
Finished calling UserRetrieval#retrieveUser in RegistrationServicesImpl#registerForProject.
Starts calling ResourceManager#updateResource in RegistrationServicesImpl#registerForProject.
Finished calling ResourceManager#updateResource in RegistrationServicesImpl#registerForProject.
Exits RegistrationServicesImpl#registerForProject method.
Enters RegistrationServicesImpl#registerForProject method.
Enters RegistrationServicesImpl#validateRegistration method.
Starts calling UserRetrieval#retrieveUser in RegistrationServicesImpl#validateRegistration.
Finished calling UserRetrieval#retrieveUser in RegistrationServicesImpl#validateRegistration.
Starts calling ProjectServices#getFullProjectData method.
Finished calling ProjectServices#getFullProjectData method.
Starts calling RegistrationValidator#validate method.
Finished calling RegistrationValidator#validate method.
Exits RegistrationServicesImpl#validateRegistration method.
Starts calling ResourceManager#removeResource in RegistrationServicesImpl#registerForProject.
Finished calling ResourceManager#removeResource in RegistrationServicesImpl#registerForProject.
Starts calling UserRetrieval#retrieveUser in RegistrationServicesImpl#registerForProject.
Finished calling UserRetrieval#retrieveUser in RegistrationServicesImpl#registerForProject.
Starts calling ResourceManager#updateResource in RegistrationServicesImpl#registerForProject.
Finished calling ResourceManager#updateResource in RegistrationServicesImpl#registerForProject.
Exits RegistrationServicesImpl#registerForProject method.
Enters RegistrationServicesImpl#registerForProject method.
Enters RegistrationServicesImpl#validateRegistration method.
Starts calling UserRetrieval#retrieveUser in RegistrationServicesImpl#validateRegistration.
Finished calling UserRetrieval#retrieveUser in RegistrationServicesImpl#validateRegistration.
Starts calling ProjectServices#getFullProjectData method.
Finished calling ProjectServices#getFullProjectData method.
Starts calling RegistrationValidator#validate method.
Finished calling RegistrationValidator#validate method.
Exits RegistrationServicesImpl#validateRegistration method.
Starts calling ResourceManager#removeResource in RegistrationServicesImpl#registerForProject.
Finished calling ResourceManager#removeResource in RegistrationServicesImpl#registerForProject.
Starts calling UserRetrieval#retrieveUser in RegistrationServicesImpl#registerForProject.
Finished calling UserRetrieval#retrieveUser in RegistrationServicesImpl#registerForProject.
Starts calling ResourceManager#updateResource in RegistrationServicesImpl#registerForProject.
Finished calling ResourceManager#updateResource in RegistrationServicesImpl#registerForProject.
Exits RegistrationServicesImpl#registerForProject method.
Enters RegistrationServicesImpl#registerForProject method.
Enters RegistrationServicesImpl#validateRegistration method.
Starts calling UserRetrieval#retrieveUser in RegistrationServicesImpl#validateRegistration.
Finished calling UserRetrieval#retrieveUser in RegistrationServicesImpl#validateRegistration.
Starts calling ProjectServices#getFullProjectData method.
Finished calling ProjectServices#getFullProjectData method.
Starts calling RegistrationValidator#validate method.
Finished calling RegistrationValidator#validate method.
Exits RegistrationServicesImpl#validateRegistration method.
Starts calling ResourceManager#removeResource in RegistrationServicesImpl#registerForProject.
Finished calling ResourceManager#removeResource in RegistrationServicesImpl#registerForProject.
Starts calling UserRetrieval#retrieveUser in RegistrationServicesImpl#registerForProject.
Finished calling UserRetrieval#retrieveUser in RegistrationServicesImpl#registerForProject.
Starts calling ResourceManager#updateResource in RegistrationServicesImpl#registerForProject.
Finished calling ResourceManager#updateResource in RegistrationServicesImpl#registerForProject.
Exits RegistrationServicesImpl#registerForProject method.
Enters RegistrationServicesImpl#registerForProject method.
Enters RegistrationServicesImpl#validateRegistration method.
Starts calling UserRetrieval#retrieveUser in RegistrationServicesImpl#validateRegistration.
Finished calling UserRetrieval#retrieveUser in RegistrationServicesImpl#validateRegistration.
Starts calling ProjectServices#getFullProjectData method.
Finished calling ProjectServices#getFullProjectData method.
Starts calling RegistrationValidator#validate method.
Finished calling RegistrationValidator#validate method.
Exits RegistrationServicesImpl#validateRegistration method.
Starts calling ResourceManager#removeResource in RegistrationServicesImpl#registerForProject.
Finished calling ResourceManager#removeResource in RegistrationServicesImpl#registerForProject.
Starts calling UserRetrieval#retrieveUser in RegistrationServicesImpl#registerForProject.
Finished calling UserRetrieval#retrieveUser in RegistrationServicesImpl#registerForProject.
Starts calling ResourceManager#updateResource in RegistrationServicesImpl#registerForProject.
Finished calling ResourceManager#updateResource in RegistrationServicesImpl#registerForProject.
Exits RegistrationServicesImpl#registerForProject method.
Enters RegistrationServicesImpl#registerForProject method.
Enters RegistrationServicesImpl#validateRegistration method.
Starts calling UserRetrieval#retrieveUser in RegistrationServicesImpl#validateRegistration.
Finished calling UserRetrieval#retrieveUser in RegistrationServicesImpl#validateRegistration.
Starts calling ProjectServices#getFullProjectData method.
Finished calling ProjectServices#getFullProjectData method.
Starts calling RegistrationValidator#validate method.
Finished calling RegistrationValidator#validate method.
Exits RegistrationServicesImpl#validateRegistration method.
Starts calling ResourceManager#removeResource in RegistrationServicesImpl#registerForProject.
Finished calling ResourceManager#removeResource in RegistrationServicesImpl#registerForProject.
Starts calling UserRetrieval#retrieveUser in RegistrationServicesImpl#registerForProject.
Finished calling UserRetrieval#retrieveUser in RegistrationServicesImpl#registerForProject.
Starts calling ResourceManager#updateResource in RegistrationServicesImpl#registerForProject.
Finished calling ResourceManager#updateResource in RegistrationServicesImpl#registerForProject.
Exits RegistrationServicesImpl#registerForProject method.
Enters RegistrationServicesImpl#registerForProject method.
Enters RegistrationServicesImpl#validateRegistration method.
Starts calling UserRetrieval#retrieveUser in RegistrationServicesImpl#validateRegistration.
Finished calling UserRetrieval#retrieveUser in RegistrationServicesImpl#validateRegistration.
Starts calling ProjectServices#getFullProjectData method.
Finished calling ProjectServices#getFullProjectData method.
Starts calling RegistrationValidator#validate method.
Finished calling RegistrationValidator#validate method.
Exits RegistrationServicesImpl#validateRegistration method.
Starts calling ResourceManager#removeResource in RegistrationServicesImpl#registerForProject.
Finished calling ResourceManager#removeResource in RegistrationServicesImpl#registerForProject.
Starts calling UserRetrieval#retrieveUser in RegistrationServicesImpl#registerForProject.
Finished calling UserRetrieval#retrieveUser in RegistrationServicesImpl#registerForProject.
Starts calling ResourceManager#updateResource in RegistrationServicesImpl#registerForProject.
Finished calling ResourceManager#updateResource in RegistrationServicesImpl#registerForProject.
Exits RegistrationServicesImpl#registerForProject method.
Enters RegistrationServicesImpl#registerForProject method.
Enters RegistrationServicesImpl#validateRegistration method.
Starts calling UserRetrieval#retrieveUser in RegistrationServicesImpl#validateRegistration.
Finished calling UserRetrieval#retrieveUser in RegistrationServicesImpl#validateRegistration.
Starts calling ProjectServices#getFullProjectData method.
Finished calling ProjectServices#getFullProjectData method.
Starts calling RegistrationValidator#validate method.
Finished calling RegistrationValidator#validate method.
Exits RegistrationServicesImpl#validateRegistration method.
Starts calling ResourceManager#removeResource in RegistrationServicesImpl#registerForProject.
Finished calling ResourceManager#removeResource in RegistrationServicesImpl#registerForProject.
Starts calling UserRetrieval#retrieveUser in RegistrationServicesImpl#registerForProject.
Finished calling UserRetrieval#retrieveUser in RegistrationServicesImpl#registerForProject.
Starts calling ResourceManager#updateResource in RegistrationServicesImpl#registerForProject.
Finished calling ResourceManager#updateResource in RegistrationServicesImpl#registerForProject.
Exits RegistrationServicesImpl#registerForProject method.
Enters RegistrationServicesImpl#registerForProject method.
Enters RegistrationServicesImpl#validateRegistration method.
Starts calling UserRetrieval#retrieveUser in RegistrationServicesImpl#validateRegistration.
Finished calling UserRetrieval#retrieveUser in RegistrationServicesImpl#validateRegistration.
Starts calling ProjectServices#getFullProjectData method.
Finished calling ProjectServices#getFullProjectData method.
Starts calling RegistrationValidator#validate method.
Finished calling RegistrationValidator#validate method.
Exits RegistrationServicesImpl#validateRegistration method.
Starts calling ResourceManager#removeResource in RegistrationServicesImpl#registerForProject.
Finished calling ResourceManager#removeResource in RegistrationServicesImpl#registerForProject.
Starts calling UserRetrieval#retrieveUser in RegistrationServicesImpl#registerForProject.
Finished calling UserRetrieval#retrieveUser in RegistrationServicesImpl#registerForProject.
Starts calling ResourceManager#updateResource in RegistrationServicesImpl#registerForProject.
Finished calling ResourceManager#updateResource in RegistrationServicesImpl#registerForProject.
Exits RegistrationServicesImpl#registerForProject method.
Enters RegistrationServicesImpl#registerForProject method.
Enters RegistrationServicesImpl#validateRegistration method.
Starts calling UserRetrieval#retrieveUser in RegistrationServicesImpl#validateRegistration.
Finished calling UserRetrieval#retrieveUser in RegistrationServicesImpl#validateRegistration.
Starts calling ProjectServices#getFullProjectData method.
Finished calling ProjectServices#getFullProjectData method.
Starts calling RegistrationValidator#validate method.
Finished calling RegistrationValidator#validate method.
Exits RegistrationServicesImpl#validateRegistration method.
Starts calling ResourceManager#removeResource in RegistrationServicesImpl#registerForProject.
Finished calling ResourceManager#removeResource in RegistrationServicesImpl#registerForProject.
Starts calling UserRetrieval#retrieveUser in RegistrationServicesImpl#registerForProject.
Finished calling UserRetrieval#retrieveUser in RegistrationServicesImpl#registerForProject.
Starts calling ResourceManager#updateResource in RegistrationServicesImpl#registerForProject.
Finished calling ResourceManager#updateResource in RegistrationServicesImpl#registerForProject.
Exits RegistrationServicesImpl#registerForProject method.
Enters RegistrationServicesImpl#registerForProject method.
Enters RegistrationServicesImpl#validateRegistration method.
Starts calling UserRetrieval#retrieveUser in RegistrationServicesImpl#validateRegistration.
Finished calling UserRetrieval#retrieveUser in RegistrationServicesImpl#validateRegistration.
Starts calling ProjectServices#getFullProjectData method.
Finished calling ProjectServices#getFullProjectData method.
Starts calling RegistrationValidator#validate method.
Finished calling RegistrationValidator#validate method.
Exits RegistrationServicesImpl#validateRegistration method.
Starts calling ResourceManager#removeResource in RegistrationServicesImpl#registerForProject.
Finished calling ResourceManager#removeResource in RegistrationServicesImpl#registerForProject.
Starts calling UserRetrieval#retrieveUser in RegistrationServicesImpl#registerForProject.
Finished calling UserRetrieval#retrieveUser in RegistrationServicesImpl#registerForProject.
Starts calling ResourceManager#updateResource in RegistrationServicesImpl#registerForProject.
Finished calling ResourceManager#updateResource in RegistrationServicesImpl#registerForProject.
Exits RegistrationServicesImpl#registerForProject method.
Enters RegistrationServicesImpl#registerForProject method.
Enters RegistrationServicesImpl#validateRegistration method.
Starts calling UserRetrieval#retrieveUser in RegistrationServicesImpl#validateRegistration.
Finished calling UserRetrieval#retrieveUser in RegistrationServicesImpl#validateRegistration.
Starts calling ProjectServices#getFullProjectData method.
Finished calling ProjectServices#getFullProjectData method.
Starts calling RegistrationValidator#validate method.
Finished calling RegistrationValidator#validate method.
Exits RegistrationServicesImpl#validateRegistration method.
Starts calling ResourceManager#removeResource in RegistrationServicesImpl#registerForProject.
Finished calling ResourceManager#removeResource in RegistrationServicesImpl#registerForProject.
Starts calling UserRetrieval#retrieveUser in RegistrationServicesImpl#registerForProject.
Finished calling UserRetrieval#retrieveUser in RegistrationServicesImpl#registerForProject.
Starts calling ResourceManager#updateResource in RegistrationServicesImpl#registerForProject.
Finished calling ResourceManager#updateResource in RegistrationServicesImpl#registerForProject.
Exits RegistrationServicesImpl#registerForProject method.
Enters RegistrationServicesImpl#registerForProject method.
Enters RegistrationServicesImpl#validateRegistration method.
Starts calling UserRetrieval#retrieveUser in RegistrationServicesImpl#validateRegistration.
Finished calling UserRetrieval#retrieveUser in RegistrationServicesImpl#validateRegistration.
Starts calling ProjectServices#getFullProjectData method.
Finished calling ProjectServices#getFullProjectData method.
Starts calling RegistrationValidator#validate method.
Finished calling RegistrationValidator#validate method.
Exits RegistrationServicesImpl#validateRegistration method.
Starts calling ResourceManager#removeResource in RegistrationServicesImpl#registerForProject.
Finished calling ResourceManager#removeResource in RegistrationServicesImpl#registerForProject.
Starts calling UserRetrieval#retrieveUser in RegistrationServicesImpl#registerForProject.
Finished calling UserRetrieval#retrieveUser in RegistrationServicesImpl#registerForProject.
Starts calling ResourceManager#updateResource in RegistrationServicesImpl#registerForProject.
Finished calling ResourceManager#updateResource in RegistrationServicesImpl#registerForProject.
Exits RegistrationServicesImpl#registerForProject method.
Enters RegistrationServicesImpl#registerForProject method.
Enters RegistrationServicesImpl#validateRegistration method.
Starts calling UserRetrieval#retrieveUser in RegistrationServicesImpl#validateRegistration.
Finished calling UserRetrieval#retrieveUser in RegistrationServicesImpl#validateRegistration.
Starts calling ProjectServices#getFullProjectData method.
Finished calling ProjectServices#getFullProjectData method.
Starts calling RegistrationValidator#validate method.
Finished calling RegistrationValidator#validate method.
Exits RegistrationServicesImpl#validateRegistration method.
Starts calling ResourceManager#removeResource in RegistrationServicesImpl#registerForProject.
Finished calling ResourceManager#removeResource in RegistrationServicesImpl#registerForProject.
Starts calling UserRetrieval#retrieveUser in RegistrationServicesImpl#registerForProject.
Finished calling UserRetrieval#retrieveUser in RegistrationServicesImpl#registerForProject.
Starts calling ResourceManager#updateResource in RegistrationServicesImpl#registerForProject.
Finished calling ResourceManager#updateResource in RegistrationServicesImpl#registerForProject.
Exits RegistrationServicesImpl#registerForProject method.
Enters RegistrationServicesImpl#registerForProject method.
Enters RegistrationServicesImpl#validateRegistration method.
Starts calling UserRetrieval#retrieveUser in RegistrationServicesImpl#validateRegistration.
Finished calling UserRetrieval#retrieveUser in RegistrationServicesImpl#validateRegistration.
Starts calling ProjectServices#getFullProjectData method.
Finished calling ProjectServices#getFullProjectData method.
Starts calling RegistrationValidator#validate method.
Finished calling RegistrationValidator#validate method.
Exits RegistrationServicesImpl#validateRegistration method.
Starts calling ResourceManager#removeResource in RegistrationServicesImpl#registerForProject.
Finished calling ResourceManager#removeResource in RegistrationServicesImpl#registerForProject.
Starts calling UserRetrieval#retrieveUser in RegistrationServicesImpl#registerForProject.
Finished calling UserRetrieval#retrieveUser in RegistrationServicesImpl#registerForProject.
Starts calling ResourceManager#updateResource in RegistrationServicesImpl#registerForProject.
Finished calling ResourceManager#updateResource in RegistrationServicesImpl#registerForProject.
Exits RegistrationServicesImpl#registerForProject method.
Enters RegistrationServicesImpl#registerForProject method.
Enters RegistrationServicesImpl#validateRegistration method.
Starts calling UserRetrieval#retrieveUser in RegistrationServicesImpl#validateRegistration.
Finished calling UserRetrieval#retrieveUser in RegistrationServicesImpl#validateRegistration.
Starts calling ProjectServices#getFullProjectData method.
Finished calling ProjectServices#getFullProjectData method.
Starts calling RegistrationValidator#validate method.
Finished calling RegistrationValidator#validate method.
Exits RegistrationServicesImpl#validateRegistration method.
Starts calling ResourceManager#removeResource in RegistrationServicesImpl#registerForProject.
Finished calling ResourceManager#removeResource in RegistrationServicesImpl#registerForProject.
Starts calling UserRetrieval#retrieveUser in RegistrationServicesImpl#registerForProject.
Finished calling UserRetrieval#retrieveUser in RegistrationServicesImpl#registerForProject.
Starts calling ResourceManager#updateResource in RegistrationServicesImpl#registerForProject.
Finished calling ResourceManager#updateResource in RegistrationServicesImpl#registerForProject.
Exits RegistrationServicesImpl#registerForProject method.
Enters RegistrationServicesImpl#registerForProject method.
Enters RegistrationServicesImpl#validateRegistration method.
Starts calling UserRetrieval#retrieveUser in RegistrationServicesImpl#validateRegistration.
Finished calling UserRetrieval#retrieveUser in RegistrationServicesImpl#validateRegistration.
Starts calling ProjectServices#getFullProjectData method.
Finished calling ProjectServices#getFullProjectData method.
Starts calling RegistrationValidator#validate method.
Finished calling RegistrationValidator#validate method.
Exits RegistrationServicesImpl#validateRegistration method.
Starts calling ResourceManager#removeResource in RegistrationServicesImpl#registerForProject.
Finished calling ResourceManager#removeResource in RegistrationServicesImpl#registerForProject.
Starts calling UserRetrieval#retrieveUser in RegistrationServicesImpl#registerForProject.
Finished calling UserRetrieval#retrieveUser in RegistrationServicesImpl#registerForProject.
Starts calling ResourceManager#updateResource in RegistrationServicesImpl#registerForProject.
Finished calling ResourceManager#updateResource in RegistrationServicesImpl#registerForProject.
Exits RegistrationServicesImpl#registerForProject method.
Enters RegistrationServicesImpl#registerForProject method.
Enters RegistrationServicesImpl#validateRegistration method.
Starts calling UserRetrieval#retrieveUser in RegistrationServicesImpl#validateRegistration.
Finished calling UserRetrieval#retrieveUser in RegistrationServicesImpl#validateRegistration.
Starts calling ProjectServices#getFullProjectData method.
Finished calling ProjectServices#getFullProjectData method.
Starts calling RegistrationValidator#validate method.
Finished calling RegistrationValidator#validate method.
Exits RegistrationServicesImpl#validateRegistration method.
Starts calling ResourceManager#removeResource in RegistrationServicesImpl#registerForProject.
Finished calling ResourceManager#removeResource in RegistrationServicesImpl#registerForProject.
Starts calling UserRetrieval#retrieveUser in RegistrationServicesImpl#registerForProject.
Finished calling UserRetrieval#retrieveUser in RegistrationServicesImpl#registerForProject.
Starts calling ResourceManager#updateResource in RegistrationServicesImpl#registerForProject.
Finished calling ResourceManager#updateResource in RegistrationServicesImpl#registerForProject.
Exits RegistrationServicesImpl#registerForProject method.
Enters RegistrationServicesImpl#registerForProject method.
Enters RegistrationServicesImpl#validateRegistration method.
Starts calling UserRetrieval#retrieveUser in RegistrationServicesImpl#validateRegistration.
Finished calling UserRetrieval#retrieveUser in RegistrationServicesImpl#validateRegistration.
Starts calling ProjectServices#getFullProjectData method.
Finished calling ProjectServices#getFullProjectData method.
Starts calling RegistrationValidator#validate method.
Finished calling RegistrationValidator#validate method.
Exits RegistrationServicesImpl#validateRegistration method.
Starts calling ResourceManager#removeResource in RegistrationServicesImpl#registerForProject.
Finished calling ResourceManager#removeResource in RegistrationServicesImpl#registerForProject.
Starts calling UserRetrieval#retrieveUser in RegistrationServicesImpl#registerForProject.
Finished calling UserRetrieval#retrieveUser in RegistrationServicesImpl#registerForProject.
Starts calling ResourceManager#updateResource in RegistrationServicesImpl#registerForProject.
Finished calling ResourceManager#updateResource in RegistrationServicesImpl#registerForProject.
Exits RegistrationServicesImpl#registerForProject method.
Enters RegistrationServicesImpl#registerForProject method.
Enters RegistrationServicesImpl#validateRegistration method.
Starts calling UserRetrieval#retrieveUser in RegistrationServicesImpl#validateRegistration.
Finished calling UserRetrieval#retrieveUser in RegistrationServicesImpl#validateRegistration.
Starts calling ProjectServices#getFullProjectData method.
Finished calling ProjectServices#getFullProjectData method.
Starts calling RegistrationValidator#validate method.
Finished calling RegistrationValidator#validate method.
Exits RegistrationServicesImpl#validateRegistration method.
Starts calling ResourceManager#removeResource in RegistrationServicesImpl#registerForProject.
Finished calling ResourceManager#removeResource in RegistrationServicesImpl#registerForProject.
Starts calling UserRetrieval#retrieveUser in RegistrationServicesImpl#registerForProject.
Finished calling UserRetrieval#retrieveUser in RegistrationServicesImpl#registerForProject.
Starts calling ResourceManager#updateResource in RegistrationServicesImpl#registerForProject.
Finished calling ResourceManager#updateResource in RegistrationServicesImpl#registerForProject.
Exits RegistrationServicesImpl#registerForProject method.
Enters RegistrationServicesImpl#registerForProject method.
Enters RegistrationServicesImpl#validateRegistration method.
Starts calling UserRetrieval#retrieveUser in RegistrationServicesImpl#validateRegistration.
Finished calling UserRetrieval#retrieveUser in RegistrationServicesImpl#validateRegistration.
Starts calling ProjectServices#getFullProjectData method.
Finished calling ProjectServices#getFullProjectData method.
Starts calling RegistrationValidator#validate method.
Finished calling RegistrationValidator#validate method.
Exits RegistrationServicesImpl#validateRegistration method.
Starts calling ResourceManager#removeResource in RegistrationServicesImpl#registerForProject.
Finished calling ResourceManager#removeResource in RegistrationServicesImpl#registerForProject.
Starts calling UserRetrieval#retrieveUser in RegistrationServicesImpl#registerForProject.
Finished calling UserRetrieval#retrieveUser in RegistrationServicesImpl#registerForProject.
Starts calling ResourceManager#updateResource in RegistrationServicesImpl#registerForProject.
Finished calling ResourceManager#updateResource in RegistrationServicesImpl#registerForProject.
Exits RegistrationServicesImpl#registerForProject method.
Enters RegistrationServicesImpl#registerForProject method.
Enters RegistrationServicesImpl#validateRegistration method.
Starts calling UserRetrieval#retrieveUser in RegistrationServicesImpl#validateRegistration.
Finished calling UserRetrieval#retrieveUser in RegistrationServicesImpl#validateRegistration.
Starts calling ProjectServices#getFullProjectData method.
Finished calling ProjectServices#getFullProjectData method.
Starts calling RegistrationValidator#validate method.
Finished calling RegistrationValidator#validate method.
Exits RegistrationServicesImpl#validateRegistration method.
Starts calling ResourceManager#removeResource in RegistrationServicesImpl#registerForProject.
Finished calling ResourceManager#removeResource in RegistrationServicesImpl#registerForProject.
Starts calling UserRetrieval#retrieveUser in RegistrationServicesImpl#registerForProject.
Finished calling UserRetrieval#retrieveUser in RegistrationServicesImpl#registerForProject.
Starts calling ResourceManager#updateResource in RegistrationServicesImpl#registerForProject.
Finished calling ResourceManager#updateResource in RegistrationServicesImpl#registerForProject.
Exits RegistrationServicesImpl#registerForProject method.
Enters RegistrationServicesImpl#registerForProject method.
Enters RegistrationServicesImpl#validateRegistration method.
Starts calling UserRetrieval#retrieveUser in RegistrationServicesImpl#validateRegistration.
Finished calling UserRetrieval#retrieveUser in RegistrationServicesImpl#validateRegistration.
Starts calling ProjectServices#getFullProjectData method.
Finished calling ProjectServices#getFullProjectData method.
Starts calling RegistrationValidator#validate method.
Finished calling RegistrationValidator#validate method.
Exits RegistrationServicesImpl#validateRegistration method.
Starts calling ResourceManager#removeResource in RegistrationServicesImpl#registerForProject.
Finished calling ResourceManager#removeResource in RegistrationServicesImpl#registerForProject.
Starts calling UserRetrieval#retrieveUser in RegistrationServicesImpl#registerForProject.
Finished calling UserRetrieval#retrieveUser in RegistrationServicesImpl#registerForProject.
Starts calling ResourceManager#updateResource in RegistrationServicesImpl#registerForProject.
Finished calling ResourceManager#updateResource in RegistrationServicesImpl#registerForProject.
Exits RegistrationServicesImpl#registerForProject method.
Enters RegistrationServicesImpl#registerForProject method.
Enters RegistrationServicesImpl#validateRegistration method.
Starts calling UserRetrieval#retrieveUser in RegistrationServicesImpl#validateRegistration.
Finished calling UserRetrieval#retrieveUser in RegistrationServicesImpl#validateRegistration.
Starts calling ProjectServices#getFullProjectData method.
Finished calling ProjectServices#getFullProjectData method.
Starts calling RegistrationValidator#validate method.
Finished calling RegistrationValidator#validate method.
Exits RegistrationServicesImpl#validateRegistration method.
Starts calling ResourceManager#removeResource in RegistrationServicesImpl#registerForProject.
Finished calling ResourceManager#removeResource in RegistrationServicesImpl#registerForProject.
Starts calling UserRetrieval#retrieveUser in RegistrationServicesImpl#registerForProject.
Finished calling UserRetrieval#retrieveUser in RegistrationServicesImpl#registerForProject.
Starts calling ResourceManager#updateResource in RegistrationServicesImpl#registerForProject.
Finished calling ResourceManager#updateResource in RegistrationServicesImpl#registerForProject.
Exits RegistrationServicesImpl#registerForProject method.
Enters RegistrationServicesImpl#registerForProject method.
Enters RegistrationServicesImpl#validateRegistration method.
Starts calling UserRetrieval#retrieveUser in RegistrationServicesImpl#validateRegistration.
Finished calling UserRetrieval#retrieveUser in RegistrationServicesImpl#validateRegistration.
Starts calling ProjectServices#getFullProjectData method.
Finished calling ProjectServices#getFullProjectData method.
Starts calling RegistrationValidator#validate method.
Finished calling RegistrationValidator#validate method.
Exits RegistrationServicesImpl#validateRegistration method.
Starts calling ResourceManager#removeResource in RegistrationServicesImpl#registerForProject.
Finished calling ResourceManager#removeResource in RegistrationServicesImpl#registerForProject.
Starts calling UserRetrieval#retrieveUser in RegistrationServicesImpl#registerForProject.
Finished calling UserRetrieval#retrieveUser in RegistrationServicesImpl#registerForProject.
Starts calling ResourceManager#updateResource in RegistrationServicesImpl#registerForProject.
Finished calling ResourceManager#updateResource in RegistrationServicesImpl#registerForProject.
Exits RegistrationServicesImpl#registerForProject method.
Enters RegistrationServicesImpl#registerForProject method.
Enters RegistrationServicesImpl#validateRegistration method.
Starts calling UserRetrieval#retrieveUser in RegistrationServicesImpl#validateRegistration.
Finished calling UserRetrieval#retrieveUser in RegistrationServicesImpl#validateRegistration.
Starts calling ProjectServices#getFullProjectData method.
Finished calling ProjectServices#getFullProjectData method.
Starts calling RegistrationValidator#validate method.
Finished calling RegistrationValidator#validate method.
Exits RegistrationServicesImpl#validateRegistration method.
Starts calling ResourceManager#removeResource in RegistrationServicesImpl#registerForProject.
Finished calling ResourceManager#removeResource in RegistrationServicesImpl#registerForProject.
Starts calling UserRetrieval#retrieveUser in RegistrationServicesImpl#registerForProject.
Finished calling UserRetrieval#retrieveUser in RegistrationServicesImpl#registerForProject.
Starts calling ResourceManager#updateResource in RegistrationServicesImpl#registerForProject.
Finished calling ResourceManager#updateResource in RegistrationServicesImpl#registerForProject.
Exits RegistrationServicesImpl#registerForProject method.
Enters RegistrationServicesImpl#registerForProject method.
Enters RegistrationServicesImpl#validateRegistration method.
Starts calling UserRetrieval#retrieveUser in RegistrationServicesImpl#validateRegistration.
Finished calling UserRetrieval#retrieveUser in RegistrationServicesImpl#validateRegistration.
Starts calling ProjectServices#getFullProjectData method.
Finished calling ProjectServices#getFullProjectData method.
Starts calling RegistrationValidator#validate method.
Finished calling RegistrationValidator#validate method.
Exits RegistrationServicesImpl#validateRegistration method.
Starts calling ResourceManager#removeResource in RegistrationServicesImpl#registerForProject.
Finished calling ResourceManager#removeResource in RegistrationServicesImpl#registerForProject.
Starts calling UserRetrieval#retrieveUser in RegistrationServicesImpl#registerForProject.
Finished calling UserRetrieval#retrieveUser in RegistrationServicesImpl#registerForProject.
Starts calling ResourceManager#updateResource in RegistrationServicesImpl#registerForProject.
Finished calling ResourceManager#updateResource in RegistrationServicesImpl#registerForProject.
Exits RegistrationServicesImpl#registerForProject method.
Enters RegistrationServicesImpl#registerForProject method.
Enters RegistrationServicesImpl#validateRegistration method.
Starts calling UserRetrieval#retrieveUser in RegistrationServicesImpl#validateRegistration.
Finished calling UserRetrieval#retrieveUser in RegistrationServicesImpl#validateRegistration.
Starts calling ProjectServices#getFullProjectData method.
Finished calling ProjectServices#getFullProjectData method.
Starts calling RegistrationValidator#validate method.
Finished calling RegistrationValidator#validate method.
Exits RegistrationServicesImpl#validateRegistration method.
Starts calling ResourceManager#removeResource in RegistrationServicesImpl#registerForProject.
Finished calling ResourceManager#removeResource in RegistrationServicesImpl#registerForProject.
Starts calling UserRetrieval#retrieveUser in RegistrationServicesImpl#registerForProject.
Finished calling UserRetrieval#retrieveUser in RegistrationServicesImpl#registerForProject.
Starts calling ResourceManager#updateResource in RegistrationServicesImpl#registerForProject.
Finished calling ResourceManager#updateResource in RegistrationServicesImpl#registerForProject.
Exits RegistrationServicesImpl#registerForProject method.
Enters RegistrationServicesImpl#registerForProject method.
Enters RegistrationServicesImpl#validateRegistration method.
Starts calling UserRetrieval#retrieveUser in RegistrationServicesImpl#validateRegistration.
Finished calling UserRetrieval#retrieveUser in RegistrationServicesImpl#validateRegistration.
Starts calling ProjectServices#getFullProjectData method.
Finished calling ProjectServices#getFullProjectData method.
Starts calling RegistrationValidator#validate method.
Finished calling RegistrationValidator#validate method.
Exits RegistrationServicesImpl#validateRegistration method.
Starts calling ResourceManager#removeResource in RegistrationServicesImpl#registerForProject.
Finished calling ResourceManager#removeResource in RegistrationServicesImpl#registerForProject.
Starts calling UserRetrieval#retrieveUser in RegistrationServicesImpl#registerForProject.
Finished calling UserRetrieval#retrieveUser in RegistrationServicesImpl#registerForProject.
Starts calling ResourceManager#updateResource in RegistrationServicesImpl#registerForProject.
Finished calling ResourceManager#updateResource in RegistrationServicesImpl#registerForProject.
Exits RegistrationServicesImpl#registerForProject method.
Enters RegistrationServicesImpl#registerForProject method.
Enters RegistrationServicesImpl#validateRegistration method.
Starts calling UserRetrieval#retrieveUser in RegistrationServicesImpl#validateRegistration.
Finished calling UserRetrieval#retrieveUser in RegistrationServicesImpl#validateRegistration.
Starts calling ProjectServices#getFullProjectData method.
Finished calling ProjectServices#getFullProjectData method.
Starts calling RegistrationValidator#validate method.
Finished calling RegistrationValidator#validate method.
Exits RegistrationServicesImpl#validateRegistration method.
Starts calling ResourceManager#removeResource in RegistrationServicesImpl#registerForProject.
Finished calling ResourceManager#removeResource in RegistrationServicesImpl#registerForProject.
Starts calling UserRetrieval#retrieveUser in RegistrationServicesImpl#registerForProject.
Finished calling UserRetrieval#retrieveUser in RegistrationServicesImpl#registerForProject.
Starts calling ResourceManager#updateResource in RegistrationServicesImpl#registerForProject.
Finished calling ResourceManager#updateResource in RegistrationServicesImpl#registerForProject.
Exits RegistrationServicesImpl#registerForProject method.
Enters RegistrationServicesImpl#registerForProject method.
Enters RegistrationServicesImpl#validateRegistration method.
Starts calling UserRetrieval#retrieveUser in RegistrationServicesImpl#validateRegistration.
Finished calling UserRetrieval#retrieveUser in RegistrationServicesImpl#validateRegistration.
Starts calling ProjectServices#getFullProjectData method.
Finished calling ProjectServices#getFullProjectData method.
Starts calling RegistrationValidator#validate method.
Finished calling RegistrationValidator#validate method.
Exits RegistrationServicesImpl#validateRegistration method.
Starts calling ResourceManager#removeResource in RegistrationServicesImpl#registerForProject.
Finished calling ResourceManager#removeResource in RegistrationServicesImpl#registerForProject.
Starts calling UserRetrieval#retrieveUser in RegistrationServicesImpl#registerForProject.
Finished calling UserRetrieval#retrieveUser in RegistrationServicesImpl#registerForProject.
Starts calling ResourceManager#updateResource in RegistrationServicesImpl#registerForProject.
Finished calling ResourceManager#updateResource in RegistrationServicesImpl#registerForProject.
Exits RegistrationServicesImpl#registerForProject method.
Enters RegistrationServicesImpl#registerForProject method.
Enters RegistrationServicesImpl#validateRegistration method.
Starts calling UserRetrieval#retrieveUser in RegistrationServicesImpl#validateRegistration.
Finished calling UserRetrieval#retrieveUser in RegistrationServicesImpl#validateRegistration.
Starts calling ProjectServices#getFullProjectData method.
Finished calling ProjectServices#getFullProjectData method.
Starts calling RegistrationValidator#validate method.
Finished calling RegistrationValidator#validate method.
Exits RegistrationServicesImpl#validateRegistration method.
Starts calling ResourceManager#removeResource in RegistrationServicesImpl#registerForProject.
Finished calling ResourceManager#removeResource in RegistrationServicesImpl#registerForProject.
Starts calling UserRetrieval#retrieveUser in RegistrationServicesImpl#registerForProject.
Finished calling UserRetrieval#retrieveUser in RegistrationServicesImpl#registerForProject.
Starts calling ResourceManager#updateResource in RegistrationServicesImpl#registerForProject.
Finished calling ResourceManager#updateResource in RegistrationServicesImpl#registerForProject.
Exits RegistrationServicesImpl#registerForProject method.
Enters RegistrationServicesImpl#registerForProject method.
Enters RegistrationServicesImpl#validateRegistration method.
Starts calling UserRetrieval#retrieveUser in RegistrationServicesImpl#validateRegistration.
Finished calling UserRetrieval#retrieveUser in RegistrationServicesImpl#validateRegistration.
Starts calling ProjectServices#getFullProjectData method.
Finished calling ProjectServices#getFullProjectData method.
Starts calling RegistrationValidator#validate method.
Finished calling RegistrationValidator#validate method.
Exits RegistrationServicesImpl#validateRegistration method.
Starts calling ResourceManager#removeResource in RegistrationServicesImpl#registerForProject.
Finished calling ResourceManager#removeResource in RegistrationServicesImpl#registerForProject.
Starts calling UserRetrieval#retrieveUser in RegistrationServicesImpl#registerForProject.
Finished calling UserRetrieval#retrieveUser in RegistrationServicesImpl#registerForProject.
Starts calling ResourceManager#updateResource in RegistrationServicesImpl#registerForProject.
Finished calling ResourceManager#updateResource in RegistrationServicesImpl#registerForProject.
Exits RegistrationServicesImpl#registerForProject method.
Enters RegistrationServicesImpl#registerForProject method.
Enters RegistrationServicesImpl#validateRegistration method.
Starts calling UserRetrieval#retrieveUser in RegistrationServicesImpl#validateRegistration.
Finished calling UserRetrieval#retrieveUser in RegistrationServicesImpl#validateRegistration.
Starts calling ProjectServices#getFullProjectData method.
Finished calling ProjectServices#getFullProjectData method.
Starts calling RegistrationValidator#validate method.
Finished calling RegistrationValidator#validate method.
Exits RegistrationServicesImpl#validateRegistration method.
Starts calling ResourceManager#removeResource in RegistrationServicesImpl#registerForProject.
Finished calling ResourceManager#removeResource in RegistrationServicesImpl#registerForProject.
Starts calling UserRetrieval#retrieveUser in RegistrationServicesImpl#registerForProject.
Finished calling UserRetrieval#retrieveUser in RegistrationServicesImpl#registerForProject.
Starts calling ResourceManager#updateResource in RegistrationServicesImpl#registerForProject.
Finished calling ResourceManager#updateResource in RegistrationServicesImpl#registerForProject.
Exits RegistrationServicesImpl#registerForProject method.
Enters RegistrationServicesImpl#registerForProject method.
Enters RegistrationServicesImpl#validateRegistration method.
Starts calling UserRetrieval#retrieveUser in RegistrationServicesImpl#validateRegistration.
Finished calling UserRetrieval#retrieveUser in RegistrationServicesImpl#validateRegistration.
Starts calling ProjectServices#getFullProjectData method.
Finished calling ProjectServices#getFullProjectData method.
Starts calling RegistrationValidator#validate method.
Finished calling RegistrationValidator#validate method.
Exits RegistrationServicesImpl#validateRegistration method.
Starts calling ResourceManager#removeResource in RegistrationServicesImpl#registerForProject.
Finished calling ResourceManager#removeResource in RegistrationServicesImpl#registerForProject.
Starts calling UserRetrieval#retrieveUser in RegistrationServicesImpl#registerForProject.
Finished calling UserRetrieval#retrieveUser in RegistrationServicesImpl#registerForProject.
Starts calling ResourceManager#updateResource in RegistrationServicesImpl#registerForProject.
Finished calling ResourceManager#updateResource in RegistrationServicesImpl#registerForProject.
Exits RegistrationServicesImpl#registerForProject method.
Enters RegistrationServicesImpl#registerForProject method.
Enters RegistrationServicesImpl#validateRegistration method.
Starts calling UserRetrieval#retrieveUser in RegistrationServicesImpl#validateRegistration.
Finished calling UserRetrieval#retrieveUser in RegistrationServicesImpl#validateRegistration.
Starts calling ProjectServices#getFullProjectData method.
Finished calling ProjectServices#getFullProjectData method.
Starts calling RegistrationValidator#validate method.
Finished calling RegistrationValidator#validate method.
Exits RegistrationServicesImpl#validateRegistration method.
Starts calling ResourceManager#removeResource in RegistrationServicesImpl#registerForProject.
Finished calling ResourceManager#removeResource in RegistrationServicesImpl#registerForProject.
Starts calling UserRetrieval#retrieveUser in RegistrationServicesImpl#registerForProject.
Finished calling UserRetrieval#retrieveUser in RegistrationServicesImpl#registerForProject.
Starts calling ResourceManager#updateResource in RegistrationServicesImpl#registerForProject.
Finished calling ResourceManager#updateResource in RegistrationServicesImpl#registerForProject.
Exits RegistrationServicesImpl#registerForProject method.
Enters RegistrationServicesImpl#registerForProject method.
Enters RegistrationServicesImpl#validateRegistration method.
Starts calling UserRetrieval#retrieveUser in RegistrationServicesImpl#validateRegistration.
Finished calling UserRetrieval#retrieveUser in RegistrationServicesImpl#validateRegistration.
Starts calling ProjectServices#getFullProjectData method.
Finished calling ProjectServices#getFullProjectData method.
Starts calling RegistrationValidator#validate method.
Finished calling RegistrationValidator#validate method.
Exits RegistrationServicesImpl#validateRegistration method.
Starts calling ResourceManager#removeResource in RegistrationServicesImpl#registerForProject.
Finished calling ResourceManager#removeResource in RegistrationServicesImpl#registerForProject.
Starts calling UserRetrieval#retrieveUser in RegistrationServicesImpl#registerForProject.
Finished calling UserRetrieval#retrieveUser in RegistrationServicesImpl#registerForProject.
Starts calling ResourceManager#updateResource in RegistrationServicesImpl#registerForProject.
Finished calling ResourceManager#updateResource in RegistrationServicesImpl#registerForProject.
Exits RegistrationServicesImpl#registerForProject method.
Enters RegistrationServicesImpl#registerForProject method.
Enters RegistrationServicesImpl#validateRegistration method.
Starts calling UserRetrieval#retrieveUser in RegistrationServicesImpl#validateRegistration.
Finished calling UserRetrieval#retrieveUser in RegistrationServicesImpl#validateRegistration.
Starts calling ProjectServices#getFullProjectData method.
Finished calling ProjectServices#getFullProjectData method.
Starts calling RegistrationValidator#validate method.
Finished calling RegistrationValidator#validate method.
Exits RegistrationServicesImpl#validateRegistration method.
Starts calling ResourceManager#removeResource in RegistrationServicesImpl#registerForProject.
Finished calling ResourceManager#removeResource in RegistrationServicesImpl#registerForProject.
Starts calling UserRetrieval#retrieveUser in RegistrationServicesImpl#registerForProject.
Finished calling UserRetrieval#retrieveUser in RegistrationServicesImpl#registerForProject.
Starts calling ResourceManager#updateResource in RegistrationServicesImpl#registerForProject.
Finished calling ResourceManager#updateResource in RegistrationServicesImpl#registerForProject.
Exits RegistrationServicesImpl#registerForProject method.
Enters RegistrationServicesImpl#registerForProject method.
Enters RegistrationServicesImpl#validateRegistration method.
Starts calling UserRetrieval#retrieveUser in RegistrationServicesImpl#validateRegistration.
Finished calling UserRetrieval#retrieveUser in RegistrationServicesImpl#validateRegistration.
Starts calling ProjectServices#getFullProjectData method.
Finished calling ProjectServices#getFullProjectData method.
Starts calling RegistrationValidator#validate method.
Finished calling RegistrationValidator#validate method.
Exits RegistrationServicesImpl#validateRegistration method.
Starts calling ResourceManager#removeResource in RegistrationServicesImpl#registerForProject.
Finished calling ResourceManager#removeResource in RegistrationServicesImpl#registerForProject.
Starts calling UserRetrieval#retrieveUser in RegistrationServicesImpl#registerForProject.
Finished calling UserRetrieval#retrieveUser in RegistrationServicesImpl#registerForProject.
Starts calling ResourceManager#updateResource in RegistrationServicesImpl#registerForProject.
Finished calling ResourceManager#updateResource in RegistrationServicesImpl#registerForProject.
Exits RegistrationServicesImpl#registerForProject method.
Enters RegistrationServicesImpl#registerForProject method.
Enters RegistrationServicesImpl#validateRegistration method.
Starts calling UserRetrieval#retrieveUser in RegistrationServicesImpl#validateRegistration.
Finished calling UserRetrieval#retrieveUser in RegistrationServicesImpl#validateRegistration.
Starts calling ProjectServices#getFullProjectData method.
Finished calling ProjectServices#getFullProjectData method.
Starts calling RegistrationValidator#validate method.
Finished calling RegistrationValidator#validate method.
Exits RegistrationServicesImpl#validateRegistration method.
Starts calling ResourceManager#removeResource in RegistrationServicesImpl#registerForProject.
Finished calling ResourceManager#removeResource in RegistrationServicesImpl#registerForProject.
Starts calling UserRetrieval#retrieveUser in RegistrationServicesImpl#registerForProject.
Finished calling UserRetrieval#retrieveUser in RegistrationServicesImpl#registerForProject.
Starts calling ResourceManager#updateResource in RegistrationServicesImpl#registerForProject.
Finished calling ResourceManager#updateResource in RegistrationServicesImpl#registerForProject.
Exits RegistrationServicesImpl#registerForProject method.
Enters RegistrationServicesImpl#registerForProject method.
Enters RegistrationServicesImpl#validateRegistration method.
Starts calling UserRetrieval#retrieveUser in RegistrationServicesImpl#validateRegistration.
Finished calling UserRetrieval#retrieveUser in RegistrationServicesImpl#validateRegistration.
Starts calling ProjectServices#getFullProjectData method.
Finished calling ProjectServices#getFullProjectData method.
Starts calling RegistrationValidator#validate method.
Finished calling RegistrationValidator#validate method.
Exits RegistrationServicesImpl#validateRegistration method.
Starts calling ResourceManager#removeResource in RegistrationServicesImpl#registerForProject.
Finished calling ResourceManager#removeResource in RegistrationServicesImpl#registerForProject.
Starts calling UserRetrieval#retrieveUser in RegistrationServicesImpl#registerForProject.
Finished calling UserRetrieval#retrieveUser in RegistrationServicesImpl#registerForProject.
Starts calling ResourceManager#updateResource in RegistrationServicesImpl#registerForProject.
Finished calling ResourceManager#updateResource in RegistrationServicesImpl#registerForProject.
Exits RegistrationServicesImpl#registerForProject method.
Enters RegistrationServicesImpl#registerForProject method.
Enters RegistrationServicesImpl#validateRegistration method.
Starts calling UserRetrieval#retrieveUser in RegistrationServicesImpl#validateRegistration.
Finished calling UserRetrieval#retrieveUser in RegistrationServicesImpl#validateRegistration.
Starts calling ProjectServices#getFullProjectData method.
Finished calling ProjectServices#getFullProjectData method.
Starts calling RegistrationValidator#validate method.
Finished calling RegistrationValidator#validate method.
Exits RegistrationServicesImpl#validateRegistration method.
Starts calling ResourceManager#removeResource in RegistrationServicesImpl#registerForProject.
Finished calling ResourceManager#removeResource in RegistrationServicesImpl#registerForProject.
Starts calling UserRetrieval#retrieveUser in RegistrationServicesImpl#registerForProject.
Finished calling UserRetrieval#retrieveUser in RegistrationServicesImpl#registerForProject.
Starts calling ResourceManager#updateResource in RegistrationServicesImpl#registerForProject.
Finished calling ResourceManager#updateResource in RegistrationServicesImpl#registerForProject.
Exits RegistrationServicesImpl#registerForProject method.
Enters RegistrationServicesImpl#registerForProject method.
Enters RegistrationServicesImpl#validateRegistration method.
Starts calling UserRetrieval#retrieveUser in RegistrationServicesImpl#validateRegistration.
Finished calling UserRetrieval#retrieveUser in RegistrationServicesImpl#validateRegistration.
Starts calling ProjectServices#getFullProjectData method.
Finished calling ProjectServices#getFullProjectData method.
Starts calling RegistrationValidator#validate method.
Finished calling RegistrationValidator#validate method.
Exits RegistrationServicesImpl#validateRegistration method.
Starts calling ResourceManager#removeResource in RegistrationServicesImpl#registerForProject.
Finished calling ResourceManager#removeResource in RegistrationServicesImpl#registerForProject.
Starts calling UserRetrieval#retrieveUser in RegistrationServicesImpl#registerForProject.
Finished calling UserRetrieval#retrieveUser in RegistrationServicesImpl#registerForProject.
Starts calling ResourceManager#updateResource in RegistrationServicesImpl#registerForProject.
Finished calling ResourceManager#updateResource in RegistrationServicesImpl#registerForProject.
Exits RegistrationServicesImpl#registerForProject method.
Enters RegistrationServicesImpl#registerForProject method.
Enters RegistrationServicesImpl#validateRegistration method.
Starts calling UserRetrieval#retrieveUser in RegistrationServicesImpl#validateRegistration.
Finished calling UserRetrieval#retrieveUser in RegistrationServicesImpl#validateRegistration.
Starts calling ProjectServices#getFullProjectData method.
Finished calling ProjectServices#getFullProjectData method.
Starts calling RegistrationValidator#validate method.
Finished calling RegistrationValidator#validate method.
Exits RegistrationServicesImpl#validateRegistration method.
Starts calling ResourceManager#removeResource in RegistrationServicesImpl#registerForProject.
Finished calling ResourceManager#removeResource in RegistrationServicesImpl#registerForProject.
Starts calling UserRetrieval#retrieveUser in RegistrationServicesImpl#registerForProject.
Finished calling UserRetrieval#retrieveUser in RegistrationServicesImpl#registerForProject.
Starts calling ResourceManager#updateResource in RegistrationServicesImpl#registerForProject.
Finished calling ResourceManager#updateResource in RegistrationServicesImpl#registerForProject.
Exits RegistrationServicesImpl#registerForProject method.
Enters RegistrationServicesImpl#registerForProject method.
Enters RegistrationServicesImpl#validateRegistration method.
Starts calling UserRetrieval#retrieveUser in RegistrationServicesImpl#validateRegistration.
Finished calling UserRetrieval#retrieveUser in RegistrationServicesImpl#validateRegistration.
Starts calling ProjectServices#getFullProjectData method.
Finished calling ProjectServices#getFullProjectData method.
Starts calling RegistrationValidator#validate method.
Finished calling RegistrationValidator#validate method.
Exits RegistrationServicesImpl#validateRegistration method.
Starts calling ResourceManager#removeResource in RegistrationServicesImpl#registerForProject.
Finished calling ResourceManager#removeResource in RegistrationServicesImpl#registerForProject.
Starts calling UserRetrieval#retrieveUser in RegistrationServicesImpl#registerForProject.
Finished calling UserRetrieval#retrieveUser in RegistrationServicesImpl#registerForProject.
Starts calling ResourceManager#updateResource in RegistrationServicesImpl#registerForProject.
Finished calling ResourceManager#updateResource in RegistrationServicesImpl#registerForProject.
Exits RegistrationServicesImpl#registerForProject method.
Enters RegistrationServicesImpl#registerForProject method.
Enters RegistrationServicesImpl#validateRegistration method.
Starts calling UserRetrieval#retrieveUser in RegistrationServicesImpl#validateRegistration.
Finished calling UserRetrieval#retrieveUser in RegistrationServicesImpl#validateRegistration.
Starts calling ProjectServices#getFullProjectData method.
Finished calling ProjectServices#getFullProjectData method.
Starts calling RegistrationValidator#validate method.
Finished calling RegistrationValidator#validate method.
Exits RegistrationServicesImpl#validateRegistration method.
Starts calling ResourceManager#removeResource in RegistrationServicesImpl#registerForProject.
Finished calling ResourceManager#removeResource in RegistrationServicesImpl#registerForProject.
Starts calling UserRetrieval#retrieveUser in RegistrationServicesImpl#registerForProject.
Finished calling UserRetrieval#retrieveUser in RegistrationServicesImpl#registerForProject.
Starts calling ResourceManager#updateResource in RegistrationServicesImpl#registerForProject.
Finished calling ResourceManager#updateResource in RegistrationServicesImpl#registerForProject.
Exits RegistrationServicesImpl#registerForProject method.
Enters RegistrationServicesImpl#registerForProject method.
Enters RegistrationServicesImpl#validateRegistration method.
Starts calling UserRetrieval#retrieveUser in RegistrationServicesImpl#validateRegistration.
Finished calling UserRetrieval#retrieveUser in RegistrationServicesImpl#validateRegistration.
Starts calling ProjectServices#getFullProjectData method.
Finished calling ProjectServices#getFullProjectData method.
Starts calling RegistrationValidator#validate method.
Finished calling RegistrationValidator#validate method.
Exits RegistrationServicesImpl#validateRegistration method.
Starts calling ResourceManager#removeResource in RegistrationServicesImpl#registerForProject.
Finished calling ResourceManager#removeResource in RegistrationServicesImpl#registerForProject.
Starts calling UserRetrieval#retrieveUser in RegistrationServicesImpl#registerForProject.
Finished calling UserRetrieval#retrieveUser in RegistrationServicesImpl#registerForProject.
Starts calling ResourceManager#updateResource in RegistrationServicesImpl#registerForProject.
Finished calling ResourceManager#updateResource in RegistrationServicesImpl#registerForProject.
Exits RegistrationServicesImpl#registerForProject method.
Enters RegistrationServicesImpl#registerForProject method.
Enters RegistrationServicesImpl#validateRegistration method.
Starts calling UserRetrieval#retrieveUser in RegistrationServicesImpl#validateRegistration.
Finished calling UserRetrieval#retrieveUser in RegistrationServicesImpl#validateRegistration.
Starts calling ProjectServices#getFullProjectData method.
Finished calling ProjectServices#getFullProjectData method.
Starts calling RegistrationValidator#validate method.
Finished calling RegistrationValidator#validate method.
Exits RegistrationServicesImpl#validateRegistration method.
Starts calling ResourceManager#removeResource in RegistrationServicesImpl#registerForProject.
Finished calling ResourceManager#removeResource in RegistrationServicesImpl#registerForProject.
Starts calling UserRetrieval#retrieveUser in RegistrationServicesImpl#registerForProject.
Finished calling UserRetrieval#retrieveUser in RegistrationServicesImpl#registerForProject.
Starts calling ResourceManager#updateResource in RegistrationServicesImpl#registerForProject.
Finished calling ResourceManager#updateResource in RegistrationServicesImpl#registerForProject.
Exits RegistrationServicesImpl#registerForProject method.
Enters RegistrationServicesImpl#registerForProject method.
Enters RegistrationServicesImpl#validateRegistration method.
Starts calling UserRetrieval#retrieveUser in RegistrationServicesImpl#validateRegistration.
Finished calling UserRetrieval#retrieveUser in RegistrationServicesImpl#validateRegistration.
Starts calling ProjectServices#getFullProjectData method.
Finished calling ProjectServices#getFullProjectData method.
Starts calling RegistrationValidator#validate method.
Finished calling RegistrationValidator#validate method.
Exits RegistrationServicesImpl#validateRegistration method.
Starts calling ResourceManager#removeResource in RegistrationServicesImpl#registerForProject.
Finished calling ResourceManager#removeResource in RegistrationServicesImpl#registerForProject.
Starts calling UserRetrieval#retrieveUser in RegistrationServicesImpl#registerForProject.
Finished calling UserRetrieval#retrieveUser in RegistrationServicesImpl#registerForProject.
Starts calling ResourceManager#updateResource in RegistrationServicesImpl#registerForProject.
Finished calling ResourceManager#updateResource in RegistrationServicesImpl#registerForProject.
Exits RegistrationServicesImpl#registerForProject method.
Enters RegistrationServicesImpl#registerForProject method.
Enters RegistrationServicesImpl#validateRegistration method.
Starts calling UserRetrieval#retrieveUser in RegistrationServicesImpl#validateRegistration.
Finished calling UserRetrieval#retrieveUser in RegistrationServicesImpl#validateRegistration.
Starts calling ProjectServices#getFullProjectData method.
Finished calling ProjectServices#getFullProjectData method.
Starts calling RegistrationValidator#validate method.
Finished calling RegistrationValidator#validate method.
Exits RegistrationServicesImpl#validateRegistration method.
Starts calling ResourceManager#removeResource in RegistrationServicesImpl#registerForProject.
Finished calling ResourceManager#removeResource in RegistrationServicesImpl#registerForProject.
Starts calling UserRetrieval#retrieveUser in RegistrationServicesImpl#registerForProject.
Finished calling UserRetrieval#retrieveUser in RegistrationServicesImpl#registerForProject.
Starts calling ResourceManager#updateResource in RegistrationServicesImpl#registerForProject.
Finished calling ResourceManager#updateResource in RegistrationServicesImpl#registerForProject.
Exits RegistrationServicesImpl#registerForProject method.
Enters RegistrationServicesImpl#registerForProject method.
Enters RegistrationServicesImpl#validateRegistration method.
Starts calling UserRetrieval#retrieveUser in RegistrationServicesImpl#validateRegistration.
Finished calling UserRetrieval#retrieveUser in RegistrationServicesImpl#validateRegistration.
Starts calling ProjectServices#getFullProjectData method.
Finished calling ProjectServices#getFullProjectData method.
Starts calling RegistrationValidator#validate method.
Finished calling RegistrationValidator#validate method.
Exits RegistrationServicesImpl#validateRegistration method.
Starts calling ResourceManager#removeResource in RegistrationServicesImpl#registerForProject.
Finished calling ResourceManager#removeResource in RegistrationServicesImpl#registerForProject.
Starts calling UserRetrieval#retrieveUser in RegistrationServicesImpl#registerForProject.
Finished calling UserRetrieval#retrieveUser in RegistrationServicesImpl#registerForProject.
Starts calling ResourceManager#updateResource in RegistrationServicesImpl#registerForProject.
Finished calling ResourceManager#updateResource in RegistrationServicesImpl#registerForProject.
Exits RegistrationServicesImpl#registerForProject method.
Enters RegistrationServicesImpl#registerForProject method.
Enters RegistrationServicesImpl#validateRegistration method.
Starts calling UserRetrieval#retrieveUser in RegistrationServicesImpl#validateRegistration.
Finished calling UserRetrieval#retrieveUser in RegistrationServicesImpl#validateRegistration.
Starts calling ProjectServices#getFullProjectData method.
Finished calling ProjectServices#getFullProjectData method.
Starts calling RegistrationValidator#validate method.
Finished calling RegistrationValidator#validate method.
Exits RegistrationServicesImpl#validateRegistration method.
Starts calling ResourceManager#removeResource in RegistrationServicesImpl#registerForProject.
Finished calling ResourceManager#removeResource in RegistrationServicesImpl#registerForProject.
Starts calling UserRetrieval#retrieveUser in RegistrationServicesImpl#registerForProject.
Finished calling UserRetrieval#retrieveUser in RegistrationServicesImpl#registerForProject.
Starts calling ResourceManager#updateResource in RegistrationServicesImpl#registerForProject.
Finished calling ResourceManager#updateResource in RegistrationServicesImpl#registerForProject.
Exits RegistrationServicesImpl#registerForProject method.
Enters RegistrationServicesImpl#registerForProject method.
Enters RegistrationServicesImpl#validateRegistration method.
Starts calling UserRetrieval#retrieveUser in RegistrationServicesImpl#validateRegistration.
Finished calling UserRetrieval#retrieveUser in RegistrationServicesImpl#validateRegistration.
Starts calling ProjectServices#getFullProjectData method.
Finished calling ProjectServices#getFullProjectData method.
Starts calling RegistrationValidator#validate method.
Finished calling RegistrationValidator#validate method.
Exits RegistrationServicesImpl#validateRegistration method.
Starts calling ResourceManager#removeResource in RegistrationServicesImpl#registerForProject.
Finished calling ResourceManager#removeResource in RegistrationServicesImpl#registerForProject.
Starts calling UserRetrieval#retrieveUser in RegistrationServicesImpl#registerForProject.
Finished calling UserRetrieval#retrieveUser in RegistrationServicesImpl#registerForProject.
Starts calling ResourceManager#updateResource in RegistrationServicesImpl#registerForProject.
Finished calling ResourceManager#updateResource in RegistrationServicesImpl#registerForProject.
Exits RegistrationServicesImpl#registerForProject method.
Enters RegistrationServicesImpl#registerForProject method.
Enters RegistrationServicesImpl#validateRegistration method.
Starts calling UserRetrieval#retrieveUser in RegistrationServicesImpl#validateRegistration.
Finished calling UserRetrieval#retrieveUser in RegistrationServicesImpl#validateRegistration.
Starts calling ProjectServices#getFullProjectData method.
Finished calling ProjectServices#getFullProjectData method.
Starts calling RegistrationValidator#validate method.
Finished calling RegistrationValidator#validate method.
Exits RegistrationServicesImpl#validateRegistration method.
Starts calling ResourceManager#removeResource in RegistrationServicesImpl#registerForProject.
Finished calling ResourceManager#removeResource in RegistrationServicesImpl#registerForProject.
Starts calling UserRetrieval#retrieveUser in RegistrationServicesImpl#registerForProject.
Finished calling UserRetrieval#retrieveUser in RegistrationServicesImpl#registerForProject.
Starts calling ResourceManager#updateResource in RegistrationServicesImpl#registerForProject.
Finished calling ResourceManager#updateResource in RegistrationServicesImpl#registerForProject.
Exits RegistrationServicesImpl#registerForProject method.
Enters RegistrationServicesImpl#registerForProject method.
Enters RegistrationServicesImpl#validateRegistration method.
Starts calling UserRetrieval#retrieveUser in RegistrationServicesImpl#validateRegistration.
Finished calling UserRetrieval#retrieveUser in RegistrationServicesImpl#validateRegistration.
Starts calling ProjectServices#getFullProjectData method.
Finished calling ProjectServices#getFullProjectData method.
Starts calling RegistrationValidator#validate method.
Finished calling RegistrationValidator#validate method.
Exits RegistrationServicesImpl#validateRegistration method.
Starts calling ResourceManager#removeResource in RegistrationServicesImpl#registerForProject.
Finished calling ResourceManager#removeResource in RegistrationServicesImpl#registerForProject.
Starts calling UserRetrieval#retrieveUser in RegistrationServicesImpl#registerForProject.
Finished calling UserRetrieval#retrieveUser in RegistrationServicesImpl#registerForProject.
Starts calling ResourceManager#updateResource in RegistrationServicesImpl#registerForProject.
Finished calling ResourceManager#updateResource in RegistrationServicesImpl#registerForProject.
Exits RegistrationServicesImpl#registerForProject method.
Enters RegistrationServicesImpl#registerForProject method.
Enters RegistrationServicesImpl#validateRegistration method.
Starts calling UserRetrieval#retrieveUser in RegistrationServicesImpl#validateRegistration.
Finished calling UserRetrieval#retrieveUser in RegistrationServicesImpl#validateRegistration.
Starts calling ProjectServices#getFullProjectData method.
Finished calling ProjectServices#getFullProjectData method.
Starts calling RegistrationValidator#validate method.
Finished calling RegistrationValidator#validate method.
Exits RegistrationServicesImpl#validateRegistration method.
Starts calling ResourceManager#removeResource in RegistrationServicesImpl#registerForProject.
Finished calling ResourceManager#removeResource in RegistrationServicesImpl#registerForProject.
Starts calling UserRetrieval#retrieveUser in RegistrationServicesImpl#registerForProject.
Finished calling UserRetrieval#retrieveUser in RegistrationServicesImpl#registerForProject.
Starts calling ResourceManager#updateResource in RegistrationServicesImpl#registerForProject.
Finished calling ResourceManager#updateResource in RegistrationServicesImpl#registerForProject.
Exits RegistrationServicesImpl#registerForProject method.
Enters RegistrationServicesImpl#registerForProject method.
Enters RegistrationServicesImpl#validateRegistration method.
Starts calling UserRetrieval#retrieveUser in RegistrationServicesImpl#validateRegistration.
Finished calling UserRetrieval#retrieveUser in RegistrationServicesImpl#validateRegistration.
Starts calling ProjectServices#getFullProjectData method.
Finished calling ProjectServices#getFullProjectData method.
Starts calling RegistrationValidator#validate method.
Finished calling RegistrationValidator#validate method.
Exits RegistrationServicesImpl#validateRegistration method.
Starts calling ResourceManager#removeResource in RegistrationServicesImpl#registerForProject.
Finished calling ResourceManager#removeResource in RegistrationServicesImpl#registerForProject.
Starts calling UserRetrieval#retrieveUser in RegistrationServicesImpl#registerForProject.
Finished calling UserRetrieval#retrieveUser in RegistrationServicesImpl#registerForProject.
Starts calling ResourceManager#updateResource in RegistrationServicesImpl#registerForProject.
Finished calling ResourceManager#updateResource in RegistrationServicesImpl#registerForProject.
Exits RegistrationServicesImpl#registerForProject method.
Enters RegistrationServicesImpl#registerForProject method.
Enters RegistrationServicesImpl#validateRegistration method.
Starts calling UserRetrieval#retrieveUser in RegistrationServicesImpl#validateRegistration.
Finished calling UserRetrieval#retrieveUser in RegistrationServicesImpl#validateRegistration.
Starts calling ProjectServices#getFullProjectData method.
Finished calling ProjectServices#getFullProjectData method.
Starts calling RegistrationValidator#validate method.
Finished calling RegistrationValidator#validate method.
Exits RegistrationServicesImpl#validateRegistration method.
Starts calling ResourceManager#removeResource in RegistrationServicesImpl#registerForProject.
Finished calling ResourceManager#removeResource in RegistrationServicesImpl#registerForProject.
Starts calling UserRetrieval#retrieveUser in RegistrationServicesImpl#registerForProject.
Finished calling UserRetrieval#retrieveUser in RegistrationServicesImpl#registerForProject.
Starts calling ResourceManager#updateResource in RegistrationServicesImpl#registerForProject.
Finished calling ResourceManager#updateResource in RegistrationServicesImpl#registerForProject.
Exits RegistrationServicesImpl#registerForProject method.
Enters RegistrationServicesImpl#registerForProject method.
Enters RegistrationServicesImpl#validateRegistration method.
Starts calling UserRetrieval#retrieveUser in RegistrationServicesImpl#validateRegistration.
Finished calling UserRetrieval#retrieveUser in RegistrationServicesImpl#validateRegistration.
Starts calling ProjectServices#getFullProjectData method.
Finished calling ProjectServices#getFullProjectData method.
Starts calling RegistrationValidator#validate method.
Finished calling RegistrationValidator#validate method.
Exits RegistrationServicesImpl#validateRegistration method.
Starts calling ResourceManager#removeResource in RegistrationServicesImpl#registerForProject.
Finished calling ResourceManager#removeResource in RegistrationServicesImpl#registerForProject.
Starts calling UserRetrieval#retrieveUser in RegistrationServicesImpl#registerForProject.
Finished calling UserRetrieval#retrieveUser in RegistrationServicesImpl#registerForProject.
Starts calling ResourceManager#updateResource in RegistrationServicesImpl#registerForProject.
Finished calling ResourceManager#updateResource in RegistrationServicesImpl#registerForProject.
Exits RegistrationServicesImpl#registerForProject method.
Enters RegistrationServicesImpl#registerForProject method.
Enters RegistrationServicesImpl#validateRegistration method.
Starts calling UserRetrieval#retrieveUser in RegistrationServicesImpl#validateRegistration.
Finished calling UserRetrieval#retrieveUser in RegistrationServicesImpl#validateRegistration.
Starts calling ProjectServices#getFullProjectData method.
Finished calling ProjectServices#getFullProjectData method.
Starts calling RegistrationValidator#validate method.
Finished calling RegistrationValidator#validate method.
Exits RegistrationServicesImpl#validateRegistration method.
Starts calling ResourceManager#removeResource in RegistrationServicesImpl#registerForProject.
Finished calling ResourceManager#removeResource in RegistrationServicesImpl#registerForProject.
Starts calling UserRetrieval#retrieveUser in RegistrationServicesImpl#registerForProject.
Finished calling UserRetrieval#retrieveUser in RegistrationServicesImpl#registerForProject.
Starts calling ResourceManager#updateResource in RegistrationServicesImpl#registerForProject.
Finished calling ResourceManager#updateResource in RegistrationServicesImpl#registerForProject.
Exits RegistrationServicesImpl#registerForProject method.
Enters RegistrationServicesImpl#registerForProject method.
Enters RegistrationServicesImpl#validateRegistration method.
Starts calling UserRetrieval#retrieveUser in RegistrationServicesImpl#validateRegistration.
Finished calling UserRetrieval#retrieveUser in RegistrationServicesImpl#validateRegistration.
Starts calling ProjectServices#getFullProjectData method.
Finished calling ProjectServices#getFullProjectData method.
Starts calling RegistrationValidator#validate method.
Finished calling RegistrationValidator#validate method.
Exits RegistrationServicesImpl#validateRegistration method.
Starts calling ResourceManager#removeResource in RegistrationServicesImpl#registerForProject.
Finished calling ResourceManager#removeResource in RegistrationServicesImpl#registerForProject.
Starts calling UserRetrieval#retrieveUser in RegistrationServicesImpl#registerForProject.
Finished calling UserRetrieval#retrieveUser in RegistrationServicesImpl#registerForProject.
Starts calling ResourceManager#updateResource in RegistrationServicesImpl#registerForProject.
Finished calling ResourceManager#updateResource in RegistrationServicesImpl#registerForProject.
Exits RegistrationServicesImpl#registerForProject method.
Enters RegistrationServicesImpl#registerForProject method.
Enters RegistrationServicesImpl#validateRegistration method.
Starts calling UserRetrieval#retrieveUser in RegistrationServicesImpl#validateRegistration.
Finished calling UserRetrieval#retrieveUser in RegistrationServicesImpl#validateRegistration.
Starts calling ProjectServices#getFullProjectData method.
Finished calling ProjectServices#getFullProjectData method.
Starts calling RegistrationValidator#validate method.
Finished calling RegistrationValidator#validate method.
Exits RegistrationServicesImpl#validateRegistration method.
Starts calling ResourceManager#removeResource in RegistrationServicesImpl#registerForProject.
Finished calling ResourceManager#removeResource in RegistrationServicesImpl#registerForProject.
Starts calling UserRetrieval#retrieveUser in RegistrationServicesImpl#registerForProject.
Finished calling UserRetrieval#retrieveUser in RegistrationServicesImpl#registerForProject.
Starts calling ResourceManager#updateResource in RegistrationServicesImpl#registerForProject.
Finished calling ResourceManager#updateResource in RegistrationServicesImpl#registerForProject.
Exits RegistrationServicesImpl#registerForProject method.
Enters RegistrationServicesImpl#registerForProject method.
Enters RegistrationServicesImpl#validateRegistration method.
Starts calling UserRetrieval#retrieveUser in RegistrationServicesImpl#validateRegistration.
Finished calling UserRetrieval#retrieveUser in RegistrationServicesImpl#validateRegistration.
Starts calling ProjectServices#getFullProjectData method.
Finished calling ProjectServices#getFullProjectData method.
Starts calling RegistrationValidator#validate method.
Finished calling RegistrationValidator#validate method.
Exits RegistrationServicesImpl#validateRegistration method.
Starts calling ResourceManager#removeResource in RegistrationServicesImpl#registerForProject.
Finished calling ResourceManager#removeResource in RegistrationServicesImpl#registerForProject.
Starts calling UserRetrieval#retrieveUser in RegistrationServicesImpl#registerForProject.
Finished calling UserRetrieval#retrieveUser in RegistrationServicesImpl#registerForProject.
Starts calling ResourceManager#updateResource in RegistrationServicesImpl#registerForProject.
Finished calling ResourceManager#updateResource in RegistrationServicesImpl#registerForProject.
Exits RegistrationServicesImpl#registerForProject method.
Enters RegistrationServicesImpl#registerForProject method.
Enters RegistrationServicesImpl#validateRegistration method.
Starts calling UserRetrieval#retrieveUser in RegistrationServicesImpl#validateRegistration.
Finished calling UserRetrieval#retrieveUser in RegistrationServicesImpl#validateRegistration.
Starts calling ProjectServices#getFullProjectData method.
Finished calling ProjectServices#getFullProjectData method.
Starts calling RegistrationValidator#validate method.
Finished calling RegistrationValidator#validate method.
Exits RegistrationServicesImpl#validateRegistration method.
Starts calling ResourceManager#removeResource in RegistrationServicesImpl#registerForProject.
Finished calling ResourceManager#removeResource in RegistrationServicesImpl#registerForProject.
Starts calling UserRetrieval#retrieveUser in RegistrationServicesImpl#registerForProject.
Finished calling UserRetrieval#retrieveUser in RegistrationServicesImpl#registerForProject.
Starts calling ResourceManager#updateResource in RegistrationServicesImpl#registerForProject.
Finished calling ResourceManager#updateResource in RegistrationServicesImpl#registerForProject.
Exits RegistrationServicesImpl#registerForProject method.
Enters RegistrationServicesImpl#registerForProject method.
Enters RegistrationServicesImpl#validateRegistration method.
Starts calling UserRetrieval#retrieveUser in RegistrationServicesImpl#validateRegistration.
Finished calling UserRetrieval#retrieveUser in RegistrationServicesImpl#validateRegistration.
Starts calling ProjectServices#getFullProjectData method.
Finished calling ProjectServices#getFullProjectData method.
Starts calling RegistrationValidator#validate method.
Finished calling RegistrationValidator#validate method.
Exits RegistrationServicesImpl#validateRegistration method.
Starts calling ResourceManager#removeResource in RegistrationServicesImpl#registerForProject.
Finished calling ResourceManager#removeResource in RegistrationServicesImpl#registerForProject.
Starts calling UserRetrieval#retrieveUser in RegistrationServicesImpl#registerForProject.
Finished calling UserRetrieval#retrieveUser in RegistrationServicesImpl#registerForProject.
Starts calling ResourceManager#updateResource in RegistrationServicesImpl#registerForProject.
Finished calling ResourceManager#updateResource in RegistrationServicesImpl#registerForProject.
Exits RegistrationServicesImpl#registerForProject method.
Enters RegistrationServicesImpl#registerForProject method.
Enters RegistrationServicesImpl#validateRegistration method.
Starts calling UserRetrieval#retrieveUser in RegistrationServicesImpl#validateRegistration.
Finished calling UserRetrieval#retrieveUser in RegistrationServicesImpl#validateRegistration.
Starts calling ProjectServices#getFullProjectData method.
Finished calling ProjectServices#getFullProjectData method.
Starts calling RegistrationValidator#validate method.
Finished calling RegistrationValidator#validate method.
Exits RegistrationServicesImpl#validateRegistration method.
Starts calling ResourceManager#removeResource in RegistrationServicesImpl#registerForProject.
Finished calling ResourceManager#removeResource in RegistrationServicesImpl#registerForProject.
Starts calling UserRetrieval#retrieveUser in RegistrationServicesImpl#registerForProject.
Finished calling UserRetrieval#retrieveUser in RegistrationServicesImpl#registerForProject.
Starts calling ResourceManager#updateResource in RegistrationServicesImpl#registerForProject.
Finished calling ResourceManager#updateResource in RegistrationServicesImpl#registerForProject.
Exits RegistrationServicesImpl#registerForProject method.
Enters RegistrationServicesImpl#registerForProject method.
Enters RegistrationServicesImpl#validateRegistration method.
Starts calling UserRetrieval#retrieveUser in RegistrationServicesImpl#validateRegistration.
Finished calling UserRetrieval#retrieveUser in RegistrationServicesImpl#validateRegistration.
Starts calling ProjectServices#getFullProjectData method.
Finished calling ProjectServices#getFullProjectData method.
Starts calling RegistrationValidator#validate method.
Finished calling RegistrationValidator#validate method.
Exits RegistrationServicesImpl#validateRegistration method.
Starts calling ResourceManager#removeResource in RegistrationServicesImpl#registerForProject.
Finished calling ResourceManager#removeResource in RegistrationServicesImpl#registerForProject.
Starts calling UserRetrieval#retrieveUser in RegistrationServicesImpl#registerForProject.
Finished calling UserRetrieval#retrieveUser in RegistrationServicesImpl#registerForProject.
Starts calling ResourceManager#updateResource in RegistrationServicesImpl#registerForProject.
Finished calling ResourceManager#updateResource in RegistrationServicesImpl#registerForProject.
Exits RegistrationServicesImpl#registerForProject method.
Enters RegistrationServicesImpl#registerForProject method.
Enters RegistrationServicesImpl#validateRegistration method.
Starts calling UserRetrieval#retrieveUser in RegistrationServicesImpl#validateRegistration.
Finished calling UserRetrieval#retrieveUser in RegistrationServicesImpl#validateRegistration.
Starts calling ProjectServices#getFullProjectData method.
Finished calling ProjectServices#getFullProjectData method.
Starts calling RegistrationValidator#validate method.
Finished calling RegistrationValidator#validate method.
Exits RegistrationServicesImpl#validateRegistration method.
Starts calling ResourceManager#removeResource in RegistrationServicesImpl#registerForProject.
Finished calling ResourceManager#removeResource in RegistrationServicesImpl#registerForProject.
Starts calling UserRetrieval#retrieveUser in RegistrationServicesImpl#registerForProject.
Finished calling UserRetrieval#retrieveUser in RegistrationServicesImpl#registerForProject.
Starts calling ResourceManager#updateResource in RegistrationServicesImpl#registerForProject.
Finished calling ResourceManager#updateResource in RegistrationServicesImpl#registerForProject.
Exits RegistrationServicesImpl#registerForProject method.
Enters RegistrationServicesImpl#registerForProject method.
Enters RegistrationServicesImpl#validateRegistration method.
Starts calling UserRetrieval#retrieveUser in RegistrationServicesImpl#validateRegistration.
Finished calling UserRetrieval#retrieveUser in RegistrationServicesImpl#validateRegistration.
Starts calling ProjectServices#getFullProjectData method.
Finished calling ProjectServices#getFullProjectData method.
Starts calling RegistrationValidator#validate method.
Finished calling RegistrationValidator#validate method.
Exits RegistrationServicesImpl#validateRegistration method.
Starts calling ResourceManager#removeResource in RegistrationServicesImpl#registerForProject.
Finished calling ResourceManager#removeResource in RegistrationServicesImpl#registerForProject.
Starts calling UserRetrieval#retrieveUser in RegistrationServicesImpl#registerForProject.
Finished calling UserRetrieval#retrieveUser in RegistrationServicesImpl#registerForProject.
Starts calling ResourceManager#updateResource in RegistrationServicesImpl#registerForProject.
Finished calling ResourceManager#updateResource in RegistrationServicesImpl#registerForProject.
Exits RegistrationServicesImpl#registerForProject method.
Enters RegistrationServicesImpl#registerForProject method.
Enters RegistrationServicesImpl#validateRegistration method.
Starts calling UserRetrieval#retrieveUser in RegistrationServicesImpl#validateRegistration.
Finished calling UserRetrieval#retrieveUser in RegistrationServicesImpl#validateRegistration.
Starts calling ProjectServices#getFullProjectData method.
Finished calling ProjectServices#getFullProjectData method.
Starts calling RegistrationValidator#validate method.
Finished calling RegistrationValidator#validate method.
Exits RegistrationServicesImpl#validateRegistration method.
Starts calling ResourceManager#removeResource in RegistrationServicesImpl#registerForProject.
Finished calling ResourceManager#removeResource in RegistrationServicesImpl#registerForProject.
Starts calling UserRetrieval#retrieveUser in RegistrationServicesImpl#registerForProject.
Finished calling UserRetrieval#retrieveUser in RegistrationServicesImpl#registerForProject.
Starts calling ResourceManager#updateResource in RegistrationServicesImpl#registerForProject.
Finished calling ResourceManager#updateResource in RegistrationServicesImpl#registerForProject.
Exits RegistrationServicesImpl#registerForProject method.
Enters RegistrationServicesImpl#registerForProject method.
Enters RegistrationServicesImpl#validateRegistration method.
Starts calling UserRetrieval#retrieveUser in RegistrationServicesImpl#validateRegistration.
Finished calling UserRetrieval#retrieveUser in RegistrationServicesImpl#validateRegistration.
Starts calling ProjectServices#getFullProjectData method.
Finished calling ProjectServices#getFullProjectData method.
Starts calling RegistrationValidator#validate method.
Finished calling RegistrationValidator#validate method.
Exits RegistrationServicesImpl#validateRegistration method.
Starts calling ResourceManager#removeResource in RegistrationServicesImpl#registerForProject.
Finished calling ResourceManager#removeResource in RegistrationServicesImpl#registerForProject.
Starts calling UserRetrieval#retrieveUser in RegistrationServicesImpl#registerForProject.
Finished calling UserRetrieval#retrieveUser in RegistrationServicesImpl#registerForProject.
Starts calling ResourceManager#updateResource in RegistrationServicesImpl#registerForProject.
Finished calling ResourceManager#updateResource in RegistrationServicesImpl#registerForProject.
Exits RegistrationServicesImpl#registerForProject method.
Enters RegistrationServicesImpl#registerForProject method.
Enters RegistrationServicesImpl#validateRegistration method.
Starts calling UserRetrieval#retrieveUser in RegistrationServicesImpl#validateRegistration.
Finished calling UserRetrieval#retrieveUser in RegistrationServicesImpl#validateRegistration.
Starts calling ProjectServices#getFullProjectData method.
Finished calling ProjectServices#getFullProjectData method.
Starts calling RegistrationValidator#validate method.
Finished calling RegistrationValidator#validate method.
Exits RegistrationServicesImpl#validateRegistration method.
Starts calling ResourceManager#removeResource in RegistrationServicesImpl#registerForProject.
Finished calling ResourceManager#removeResource in RegistrationServicesImpl#registerForProject.
Starts calling UserRetrieval#retrieveUser in RegistrationServicesImpl#registerForProject.
Finished calling UserRetrieval#retrieveUser in RegistrationServicesImpl#registerForProject.
Starts calling ResourceManager#updateResource in RegistrationServicesImpl#registerForProject.
Finished calling ResourceManager#updateResource in RegistrationServicesImpl#registerForProject.
Exits RegistrationServicesImpl#registerForProject method.
Enters RegistrationServicesImpl#registerForProject method.
Enters RegistrationServicesImpl#validateRegistration method.
Starts calling UserRetrieval#retrieveUser in RegistrationServicesImpl#validateRegistration.
Finished calling UserRetrieval#retrieveUser in RegistrationServicesImpl#validateRegistration.
Starts calling ProjectServices#getFullProjectData method.
Finished calling ProjectServices#getFullProjectData method.
Starts calling RegistrationValidator#validate method.
Finished calling RegistrationValidator#validate method.
Exits RegistrationServicesImpl#validateRegistration method.
Starts calling ResourceManager#removeResource in RegistrationServicesImpl#registerForProject.
Finished calling ResourceManager#removeResource in RegistrationServicesImpl#registerForProject.
Starts calling UserRetrieval#retrieveUser in RegistrationServicesImpl#registerForProject.
Finished calling UserRetrieval#retrieveUser in RegistrationServicesImpl#registerForProject.
Starts calling ResourceManager#updateResource in RegistrationServicesImpl#registerForProject.
Finished calling ResourceManager#updateResource in RegistrationServicesImpl#registerForProject.
Exits RegistrationServicesImpl#registerForProject method.
Enters RegistrationServicesImpl#registerForProject method.
Enters RegistrationServicesImpl#validateRegistration method.
Starts calling UserRetrieval#retrieveUser in RegistrationServicesImpl#validateRegistration.
Finished calling UserRetrieval#retrieveUser in RegistrationServicesImpl#validateRegistration.
Starts calling ProjectServices#getFullProjectData method.
Finished calling ProjectServices#getFullProjectData method.
Starts calling RegistrationValidator#validate method.
Finished calling RegistrationValidator#validate method.
Exits RegistrationServicesImpl#validateRegistration method.
Starts calling ResourceManager#removeResource in RegistrationServicesImpl#registerForProject.
Finished calling ResourceManager#removeResource in RegistrationServicesImpl#registerForProject.
Starts calling UserRetrieval#retrieveUser in RegistrationServicesImpl#registerForProject.
Finished calling UserRetrieval#retrieveUser in RegistrationServicesImpl#registerForProject.
Starts calling ResourceManager#updateResource in RegistrationServicesImpl#registerForProject.
Finished calling ResourceManager#updateResource in RegistrationServicesImpl#registerForProject.
Exits RegistrationServicesImpl#registerForProject method.
Enters RegistrationServicesImpl#registerForProject method.
Enters RegistrationServicesImpl#validateRegistration method.
Starts calling UserRetrieval#retrieveUser in RegistrationServicesImpl#validateRegistration.
Finished calling UserRetrieval#retrieveUser in RegistrationServicesImpl#validateRegistration.
Starts calling ProjectServices#getFullProjectData method.
Finished calling ProjectServices#getFullProjectData method.
Starts calling RegistrationValidator#validate method.
Finished calling RegistrationValidator#validate method.
Exits RegistrationServicesImpl#validateRegistration method.
Starts calling ResourceManager#removeResource in RegistrationServicesImpl#registerForProject.
Finished calling ResourceManager#removeResource in RegistrationServicesImpl#registerForProject.
Starts calling UserRetrieval#retrieveUser in RegistrationServicesImpl#registerForProject.
Finished calling UserRetrieval#retrieveUser in RegistrationServicesImpl#registerForProject.
Starts calling ResourceManager#updateResource in RegistrationServicesImpl#registerForProject.
Finished calling ResourceManager#updateResource in RegistrationServicesImpl#registerForProject.
Exits RegistrationServicesImpl#registerForProject method.
Enters RegistrationServicesImpl#registerForProject method.
Enters RegistrationServicesImpl#validateRegistration method.
Starts calling UserRetrieval#retrieveUser in RegistrationServicesImpl#validateRegistration.
Finished calling UserRetrieval#retrieveUser in RegistrationServicesImpl#validateRegistration.
Starts calling ProjectServices#getFullProjectData method.
Finished calling ProjectServices#getFullProjectData method.
Starts calling RegistrationValidator#validate method.
Finished calling RegistrationValidator#validate method.
Exits RegistrationServicesImpl#validateRegistration method.
Starts calling ResourceManager#removeResource in RegistrationServicesImpl#registerForProject.
Finished calling ResourceManager#removeResource in RegistrationServicesImpl#registerForProject.
Starts calling UserRetrieval#retrieveUser in RegistrationServicesImpl#registerForProject.
Finished calling UserRetrieval#retrieveUser in RegistrationServicesImpl#registerForProject.
Starts calling ResourceManager#updateResource in RegistrationServicesImpl#registerForProject.
Finished calling ResourceManager#updateResource in RegistrationServicesImpl#registerForProject.
Exits RegistrationServicesImpl#registerForProject method.
Enters RegistrationServicesImpl#registerForProject method.
Enters RegistrationServicesImpl#validateRegistration method.
Starts calling UserRetrieval#retrieveUser in RegistrationServicesImpl#validateRegistration.
Finished calling UserRetrieval#retrieveUser in RegistrationServicesImpl#validateRegistration.
Starts calling ProjectServices#getFullProjectData method.
Finished calling ProjectServices#getFullProjectData method.
Starts calling RegistrationValidator#validate method.
Finished calling RegistrationValidator#validate method.
Exits RegistrationServicesImpl#validateRegistration method.
Starts calling ResourceManager#removeResource in RegistrationServicesImpl#registerForProject.
Finished calling ResourceManager#removeResource in RegistrationServicesImpl#registerForProject.
Starts calling UserRetrieval#retrieveUser in RegistrationServicesImpl#registerForProject.
Finished calling UserRetrieval#retrieveUser in RegistrationServicesImpl#registerForProject.
Starts calling ResourceManager#updateResource in RegistrationServicesImpl#registerForProject.
Finished calling ResourceManager#updateResource in RegistrationServicesImpl#registerForProject.
Exits RegistrationServicesImpl#registerForProject method.
Enters RegistrationServicesImpl#registerForProject method.
Enters RegistrationServicesImpl#validateRegistration method.
Starts calling UserRetrieval#retrieveUser in RegistrationServicesImpl#validateRegistration.
Finished calling UserRetrieval#retrieveUser in RegistrationServicesImpl#validateRegistration.
Starts calling ProjectServices#getFullProjectData method.
Finished calling ProjectServices#getFullProjectData method.
Starts calling RegistrationValidator#validate method.
Finished calling RegistrationValidator#validate method.
Exits RegistrationServicesImpl#validateRegistration method.
Starts calling ResourceManager#removeResource in RegistrationServicesImpl#registerForProject.
Finished calling ResourceManager#removeResource in RegistrationServicesImpl#registerForProject.
Starts calling UserRetrieval#retrieveUser in RegistrationServicesImpl#registerForProject.
Finished calling UserRetrieval#retrieveUser in RegistrationServicesImpl#registerForProject.
Starts calling ResourceManager#updateResource in RegistrationServicesImpl#registerForProject.
Finished calling ResourceManager#updateResource in RegistrationServicesImpl#registerForProject.
Exits RegistrationServicesImpl#registerForProject method.
Enters RegistrationServicesImpl#registerForProject method.
Enters RegistrationServicesImpl#validateRegistration method.
Starts calling UserRetrieval#retrieveUser in RegistrationServicesImpl#validateRegistration.
Finished calling UserRetrieval#retrieveUser in RegistrationServicesImpl#validateRegistration.
Starts calling ProjectServices#getFullProjectData method.
Finished calling ProjectServices#getFullProjectData method.
Starts calling RegistrationValidator#validate method.
Finished calling RegistrationValidator#validate method.
Exits RegistrationServicesImpl#validateRegistration method.
Starts calling ResourceManager#removeResource in RegistrationServicesImpl#registerForProject.
Finished calling ResourceManager#removeResource in RegistrationServicesImpl#registerForProject.
Starts calling UserRetrieval#retrieveUser in RegistrationServicesImpl#registerForProject.
Finished calling UserRetrieval#retrieveUser in RegistrationServicesImpl#registerForProject.
Starts calling ResourceManager#updateResource in RegistrationServicesImpl#registerForProject.
Finished calling ResourceManager#updateResource in RegistrationServicesImpl#registerForProject.
Exits RegistrationServicesImpl#registerForProject method.
Enters RegistrationServicesImpl#registerForProject method.
Enters RegistrationServicesImpl#validateRegistration method.
Starts calling UserRetrieval#retrieveUser in RegistrationServicesImpl#validateRegistration.
Finished calling UserRetrieval#retrieveUser in RegistrationServicesImpl#validateRegistration.
Starts calling ProjectServices#getFullProjectData method.
Finished calling ProjectServices#getFullProjectData method.
Starts calling RegistrationValidator#validate method.
Finished calling RegistrationValidator#validate method.
Exits RegistrationServicesImpl#validateRegistration method.
Starts calling ResourceManager#removeResource in RegistrationServicesImpl#registerForProject.
Finished calling ResourceManager#removeResource in RegistrationServicesImpl#registerForProject.
Starts calling UserRetrieval#retrieveUser in RegistrationServicesImpl#registerForProject.
Finished calling UserRetrieval#retrieveUser in RegistrationServicesImpl#registerForProject.
Starts calling ResourceManager#updateResource in RegistrationServicesImpl#registerForProject.
Finished calling ResourceManager#updateResource in RegistrationServicesImpl#registerForProject.
Exits RegistrationServicesImpl#registerForProject method.
Enters RegistrationServicesImpl#registerForProject method.
Enters RegistrationServicesImpl#validateRegistration method.
Starts calling UserRetrieval#retrieveUser in RegistrationServicesImpl#validateRegistration.
Finished calling UserRetrieval#retrieveUser in RegistrationServicesImpl#validateRegistration.
Starts calling ProjectServices#getFullProjectData method.
Finished calling ProjectServices#getFullProjectData method.
Starts calling RegistrationValidator#validate method.
Finished calling RegistrationValidator#validate method.
Exits RegistrationServicesImpl#validateRegistration method.
Starts calling ResourceManager#removeResource in RegistrationServicesImpl#registerForProject.
Finished calling ResourceManager#removeResource in RegistrationServicesImpl#registerForProject.
Starts calling UserRetrieval#retrieveUser in RegistrationServicesImpl#registerForProject.
Finished calling UserRetrieval#retrieveUser in RegistrationServicesImpl#registerForProject.
Starts calling ResourceManager#updateResource in RegistrationServicesImpl#registerForProject.
Finished calling ResourceManager#updateResource in RegistrationServicesImpl#registerForProject.
Exits RegistrationServicesImpl#registerForProject method.
Enters RegistrationServicesImpl#registerForProject method.
Enters RegistrationServicesImpl#validateRegistration method.
Starts calling UserRetrieval#retrieveUser in RegistrationServicesImpl#validateRegistration.
Finished calling UserRetrieval#retrieveUser in RegistrationServicesImpl#validateRegistration.
Starts calling ProjectServices#getFullProjectData method.
Finished calling ProjectServices#getFullProjectData method.
Starts calling RegistrationValidator#validate method.
Finished calling RegistrationValidator#validate method.
Exits RegistrationServicesImpl#validateRegistration method.
Starts calling ResourceManager#removeResource in RegistrationServicesImpl#registerForProject.
Finished calling ResourceManager#removeResource in RegistrationServicesImpl#registerForProject.
Starts calling UserRetrieval#retrieveUser in RegistrationServicesImpl#registerForProject.
Finished calling UserRetrieval#retrieveUser in RegistrationServicesImpl#registerForProject.
Starts calling ResourceManager#updateResource in RegistrationServicesImpl#registerForProject.
Finished calling ResourceManager#updateResource in RegistrationServicesImpl#registerForProject.
Exits RegistrationServicesImpl#registerForProject method.
Enters RegistrationServicesImpl#registerForProject method.
Enters RegistrationServicesImpl#validateRegistration method.
Starts calling UserRetrieval#retrieveUser in RegistrationServicesImpl#validateRegistration.
Finished calling UserRetrieval#retrieveUser in RegistrationServicesImpl#validateRegistration.
Starts calling ProjectServices#getFullProjectData method.
Finished calling ProjectServices#getFullProjectData method.
Starts calling RegistrationValidator#validate method.
Finished calling RegistrationValidator#validate method.
Exits RegistrationServicesImpl#validateRegistration method.
Starts calling ResourceManager#removeResource in RegistrationServicesImpl#registerForProject.
Finished calling ResourceManager#removeResource in RegistrationServicesImpl#registerForProject.
Starts calling UserRetrieval#retrieveUser in RegistrationServicesImpl#registerForProject.
Finished calling UserRetrieval#retrieveUser in RegistrationServicesImpl#registerForProject.
Starts calling ResourceManager#updateResource in RegistrationServicesImpl#registerForProject.
Finished calling ResourceManager#updateResource in RegistrationServicesImpl#registerForProject.
Exits RegistrationServicesImpl#registerForProject method.
Enters RegistrationServicesImpl#registerForProject method.
Enters RegistrationServicesImpl#validateRegistration method.
Starts calling UserRetrieval#retrieveUser in RegistrationServicesImpl#validateRegistration.
Finished calling UserRetrieval#retrieveUser in RegistrationServicesImpl#validateRegistration.
Starts calling ProjectServices#getFullProjectData method.
Finished calling ProjectServices#getFullProjectData method.
Starts calling RegistrationValidator#validate method.
Finished calling RegistrationValidator#validate method.
Exits RegistrationServicesImpl#validateRegistration method.
Starts calling ResourceManager#removeResource in RegistrationServicesImpl#registerForProject.
Finished calling ResourceManager#removeResource in RegistrationServicesImpl#registerForProject.
Starts calling UserRetrieval#retrieveUser in RegistrationServicesImpl#registerForProject.
Finished calling UserRetrieval#retrieveUser in RegistrationServicesImpl#registerForProject.
Starts calling ResourceManager#updateResource in RegistrationServicesImpl#registerForProject.
Finished calling ResourceManager#updateResource in RegistrationServicesImpl#registerForProject.
Exits RegistrationServicesImpl#registerForProject method.
Enters RegistrationServicesImpl#registerForProject method.
Enters RegistrationServicesImpl#validateRegistration method.
Starts calling UserRetrieval#retrieveUser in RegistrationServicesImpl#validateRegistration.
Finished calling UserRetrieval#retrieveUser in RegistrationServicesImpl#validateRegistration.
Starts calling ProjectServices#getFullProjectData method.
Finished calling ProjectServices#getFullProjectData method.
Starts calling RegistrationValidator#validate method.
Finished calling RegistrationValidator#validate method.
Exits RegistrationServicesImpl#validateRegistration method.
Starts calling ResourceManager#removeResource in RegistrationServicesImpl#registerForProject.
Finished calling ResourceManager#removeResource in RegistrationServicesImpl#registerForProject.
Starts calling UserRetrieval#retrieveUser in RegistrationServicesImpl#registerForProject.
Finished calling UserRetrieval#retrieveUser in RegistrationServicesImpl#registerForProject.
Starts calling ResourceManager#updateResource in RegistrationServicesImpl#registerForProject.
Finished calling ResourceManager#updateResource in RegistrationServicesImpl#registerForProject.
Exits RegistrationServicesImpl#registerForProject method.
Enters RegistrationServicesImpl#registerForProject method.
Enters RegistrationServicesImpl#validateRegistration method.
Starts calling UserRetrieval#retrieveUser in RegistrationServicesImpl#validateRegistration.
Finished calling UserRetrieval#retrieveUser in RegistrationServicesImpl#validateRegistration.
Starts calling ProjectServices#getFullProjectData method.
Finished calling ProjectServices#getFullProjectData method.
Starts calling RegistrationValidator#validate method.
Finished calling RegistrationValidator#validate method.
Exits RegistrationServicesImpl#validateRegistration method.
Starts calling ResourceManager#removeResource in RegistrationServicesImpl#registerForProject.
Finished calling ResourceManager#removeResource in RegistrationServicesImpl#registerForProject.
Starts calling UserRetrieval#retrieveUser in RegistrationServicesImpl#registerForProject.
Finished calling UserRetrieval#retrieveUser in RegistrationServicesImpl#registerForProject.
Starts calling ResourceManager#updateResource in RegistrationServicesImpl#registerForProject.
Finished calling ResourceManager#updateResource in RegistrationServicesImpl#registerForProject.
Exits RegistrationServicesImpl#registerForProject method.
Enters RegistrationServicesImpl#registerForProject method.
Enters RegistrationServicesImpl#validateRegistration method.
Starts calling UserRetrieval#retrieveUser in RegistrationServicesImpl#validateRegistration.
Finished calling UserRetrieval#retrieveUser in RegistrationServicesImpl#validateRegistration.
Starts calling ProjectServices#getFullProjectData method.
Finished calling ProjectServices#getFullProjectData method.
Starts calling RegistrationValidator#validate method.
Finished calling RegistrationValidator#validate method.
Exits RegistrationServicesImpl#validateRegistration method.
Starts calling ResourceManager#removeResource in RegistrationServicesImpl#registerForProject.
Finished calling ResourceManager#removeResource in RegistrationServicesImpl#registerForProject.
Starts calling UserRetrieval#retrieveUser in RegistrationServicesImpl#registerForProject.
Finished calling UserRetrieval#retrieveUser in RegistrationServicesImpl#registerForProject.
Starts calling ResourceManager#updateResource in RegistrationServicesImpl#registerForProject.
Finished calling ResourceManager#updateResource in RegistrationServicesImpl#registerForProject.
Exits RegistrationServicesImpl#registerForProject method.
Enters RegistrationServicesImpl#registerForProject method.
Enters RegistrationServicesImpl#validateRegistration method.
Starts calling UserRetrieval#retrieveUser in RegistrationServicesImpl#validateRegistration.
Finished calling UserRetrieval#retrieveUser in RegistrationServicesImpl#validateRegistration.
Starts calling ProjectServices#getFullProjectData method.
Finished calling ProjectServices#getFullProjectData method.
Starts calling RegistrationValidator#validate method.
Finished calling RegistrationValidator#validate method.
Exits RegistrationServicesImpl#validateRegistration method.
Starts calling ResourceManager#removeResource in RegistrationServicesImpl#registerForProject.
Finished calling ResourceManager#removeResource in RegistrationServicesImpl#registerForProject.
Starts calling UserRetrieval#retrieveUser in RegistrationServicesImpl#registerForProject.
Finished calling UserRetrieval#retrieveUser in RegistrationServicesImpl#registerForProject.
Starts calling ResourceManager#updateResource in RegistrationServicesImpl#registerForProject.
Finished calling ResourceManager#updateResource in RegistrationServicesImpl#registerForProject.
Exits RegistrationServicesImpl#registerForProject method.
Enters RegistrationServicesImpl#registerForProject method.
Enters RegistrationServicesImpl#validateRegistration method.
Starts calling UserRetrieval#retrieveUser in RegistrationServicesImpl#validateRegistration.
Finished calling UserRetrieval#retrieveUser in RegistrationServicesImpl#validateRegistration.
Starts calling ProjectServices#getFullProjectData method.
Finished calling ProjectServices#getFullProjectData method.
Starts calling RegistrationValidator#validate method.
Finished calling RegistrationValidator#validate method.
Exits RegistrationServicesImpl#validateRegistration method.
Starts calling ResourceManager#removeResource in RegistrationServicesImpl#registerForProject.
Finished calling ResourceManager#removeResource in RegistrationServicesImpl#registerForProject.
Starts calling UserRetrieval#retrieveUser in RegistrationServicesImpl#registerForProject.
Finished calling UserRetrieval#retrieveUser in RegistrationServicesImpl#registerForProject.
Starts calling ResourceManager#updateResource in RegistrationServicesImpl#registerForProject.
Finished calling ResourceManager#updateResource in RegistrationServicesImpl#registerForProject.
Exits RegistrationServicesImpl#registerForProject method.
Enters RegistrationServicesImpl#registerForProject method.
Enters RegistrationServicesImpl#validateRegistration method.
Starts calling UserRetrieval#retrieveUser in RegistrationServicesImpl#validateRegistration.
Finished calling UserRetrieval#retrieveUser in RegistrationServicesImpl#validateRegistration.
Starts calling ProjectServices#getFullProjectData method.
Finished calling ProjectServices#getFullProjectData method.
Starts calling RegistrationValidator#validate method.
Finished calling RegistrationValidator#validate method.
Exits RegistrationServicesImpl#validateRegistration method.
Starts calling ResourceManager#removeResource in RegistrationServicesImpl#registerForProject.
Finished calling ResourceManager#removeResource in RegistrationServicesImpl#registerForProject.
Starts calling UserRetrieval#retrieveUser in RegistrationServicesImpl#registerForProject.
Finished calling UserRetrieval#retrieveUser in RegistrationServicesImpl#registerForProject.
Starts calling ResourceManager#updateResource in RegistrationServicesImpl#registerForProject.
Finished calling ResourceManager#updateResource in RegistrationServicesImpl#registerForProject.
Exits RegistrationServicesImpl#registerForProject method.
Enters RegistrationServicesImpl#registerForProject method.
Enters RegistrationServicesImpl#validateRegistration method.
Starts calling UserRetrieval#retrieveUser in RegistrationServicesImpl#validateRegistration.
Finished calling UserRetrieval#retrieveUser in RegistrationServicesImpl#validateRegistration.
Starts calling ProjectServices#getFullProjectData method.
Finished calling ProjectServices#getFullProjectData method.
Starts calling RegistrationValidator#validate method.
Finished calling RegistrationValidator#validate method.
Exits RegistrationServicesImpl#validateRegistration method.
Starts calling ResourceManager#removeResource in RegistrationServicesImpl#registerForProject.
Finished calling ResourceManager#removeResource in RegistrationServicesImpl#registerForProject.
Starts calling UserRetrieval#retrieveUser in RegistrationServicesImpl#registerForProject.
Finished calling UserRetrieval#retrieveUser in RegistrationServicesImpl#registerForProject.
Starts calling ResourceManager#updateResource in RegistrationServicesImpl#registerForProject.
Finished calling ResourceManager#updateResource in RegistrationServicesImpl#registerForProject.
Exits RegistrationServicesImpl#registerForProject method.
Enters RegistrationServicesImpl#registerForProject method.
Enters RegistrationServicesImpl#validateRegistration method.
Starts calling UserRetrieval#retrieveUser in RegistrationServicesImpl#validateRegistration.
Finished calling UserRetrieval#retrieveUser in RegistrationServicesImpl#validateRegistration.
Starts calling ProjectServices#getFullProjectData method.
Finished calling ProjectServices#getFullProjectData method.
Starts calling RegistrationValidator#validate method.
Finished calling RegistrationValidator#validate method.
Exits RegistrationServicesImpl#validateRegistration method.
Starts calling ResourceManager#removeResource in RegistrationServicesImpl#registerForProject.
Finished calling ResourceManager#removeResource in RegistrationServicesImpl#registerForProject.
Starts calling UserRetrieval#retrieveUser in RegistrationServicesImpl#registerForProject.
Finished calling UserRetrieval#retrieveUser in RegistrationServicesImpl#registerForProject.
Starts calling ResourceManager#updateResource in RegistrationServicesImpl#registerForProject.
Finished calling ResourceManager#updateResource in RegistrationServicesImpl#registerForProject.
Exits RegistrationServicesImpl#registerForProject method.
Enters RegistrationServicesImpl#registerForProject method.
Enters RegistrationServicesImpl#validateRegistration method.
Starts calling UserRetrieval#retrieveUser in RegistrationServicesImpl#validateRegistration.
Finished calling UserRetrieval#retrieveUser in RegistrationServicesImpl#validateRegistration.
Starts calling ProjectServices#getFullProjectData method.
Finished calling ProjectServices#getFullProjectData method.
Starts calling RegistrationValidator#validate method.
Finished calling RegistrationValidator#validate method.
Exits RegistrationServicesImpl#validateRegistration method.
Starts calling ResourceManager#removeResource in RegistrationServicesImpl#registerForProject.
Finished calling ResourceManager#removeResource in RegistrationServicesImpl#registerForProject.
Starts calling UserRetrieval#retrieveUser in RegistrationServicesImpl#registerForProject.
Finished calling UserRetrieval#retrieveUser in RegistrationServicesImpl#registerForProject.
Starts calling ResourceManager#updateResource in RegistrationServicesImpl#registerForProject.
Finished calling ResourceManager#updateResource in RegistrationServicesImpl#registerForProject.
Exits RegistrationServicesImpl#registerForProject method.
Enters RegistrationServicesImpl#registerForProject method.
Enters RegistrationServicesImpl#validateRegistration method.
Starts calling UserRetrieval#retrieveUser in RegistrationServicesImpl#validateRegistration.
Finished calling UserRetrieval#retrieveUser in RegistrationServicesImpl#validateRegistration.
Starts calling ProjectServices#getFullProjectData method.
Finished calling ProjectServices#getFullProjectData method.
Starts calling RegistrationValidator#validate method.
Finished calling RegistrationValidator#validate method.
Exits RegistrationServicesImpl#validateRegistration method.
Starts calling ResourceManager#removeResource in RegistrationServicesImpl#registerForProject.
Finished calling ResourceManager#removeResource in RegistrationServicesImpl#registerForProject.
Starts calling UserRetrieval#retrieveUser in RegistrationServicesImpl#registerForProject.
Finished calling UserRetrieval#retrieveUser in RegistrationServicesImpl#registerForProject.
Starts calling ResourceManager#updateResource in RegistrationServicesImpl#registerForProject.
Finished calling ResourceManager#updateResource in RegistrationServicesImpl#registerForProject.
Exits RegistrationServicesImpl#registerForProject method.
Enters RegistrationServicesImpl#registerForProject method.
Enters RegistrationServicesImpl#validateRegistration method.
Starts calling UserRetrieval#retrieveUser in RegistrationServicesImpl#validateRegistration.
Finished calling UserRetrieval#retrieveUser in RegistrationServicesImpl#validateRegistration.
Starts calling ProjectServices#getFullProjectData method.
Finished calling ProjectServices#getFullProjectData method.
Starts calling RegistrationValidator#validate method.
Finished calling RegistrationValidator#validate method.
Exits RegistrationServicesImpl#validateRegistration method.
Starts calling ResourceManager#removeResource in RegistrationServicesImpl#registerForProject.
Finished calling ResourceManager#removeResource in RegistrationServicesImpl#registerForProject.
Starts calling UserRetrieval#retrieveUser in RegistrationServicesImpl#registerForProject.
Finished calling UserRetrieval#retrieveUser in RegistrationServicesImpl#registerForProject.
Starts calling ResourceManager#updateResource in RegistrationServicesImpl#registerForProject.
Finished calling ResourceManager#updateResource in RegistrationServicesImpl#registerForProject.
Exits RegistrationServicesImpl#registerForProject method.
Enters RegistrationServicesImpl#registerForProject method.
Enters RegistrationServicesImpl#validateRegistration method.
Starts calling UserRetrieval#retrieveUser in RegistrationServicesImpl#validateRegistration.
Finished calling UserRetrieval#retrieveUser in RegistrationServicesImpl#validateRegistration.
Starts calling ProjectServices#getFullProjectData method.
Finished calling ProjectServices#getFullProjectData method.
Starts calling RegistrationValidator#validate method.
Finished calling RegistrationValidator#validate method.
Exits RegistrationServicesImpl#validateRegistration method.
Starts calling ResourceManager#removeResource in RegistrationServicesImpl#registerForProject.
Finished calling ResourceManager#removeResource in RegistrationServicesImpl#registerForProject.
Starts calling UserRetrieval#retrieveUser in RegistrationServicesImpl#registerForProject.
Finished calling UserRetrieval#retrieveUser in RegistrationServicesImpl#registerForProject.
Starts calling ResourceManager#updateResource in RegistrationServicesImpl#registerForProject.
Finished calling ResourceManager#updateResource in RegistrationServicesImpl#registerForProject.
Exits RegistrationServicesImpl#registerForProject method.
Enters RegistrationServicesImpl#registerForProject method.
Enters RegistrationServicesImpl#validateRegistration method.
Starts calling UserRetrieval#retrieveUser in RegistrationServicesImpl#validateRegistration.
Finished calling UserRetrieval#retrieveUser in RegistrationServicesImpl#validateRegistration.
Starts calling ProjectServices#getFullProjectData method.
Finished calling ProjectServices#getFullProjectData method.
Starts calling RegistrationValidator#validate method.
Finished calling RegistrationValidator#validate method.
Exits RegistrationServicesImpl#validateRegistration method.
Starts calling ResourceManager#removeResource in RegistrationServicesImpl#registerForProject.
Finished calling ResourceManager#removeResource in RegistrationServicesImpl#registerForProject.
Starts calling UserRetrieval#retrieveUser in RegistrationServicesImpl#registerForProject.
Finished calling UserRetrieval#retrieveUser in RegistrationServicesImpl#registerForProject.
Starts calling ResourceManager#updateResource in RegistrationServicesImpl#registerForProject.
Finished calling ResourceManager#updateResource in RegistrationServicesImpl#registerForProject.
Exits RegistrationServicesImpl#registerForProject method.
Enters RegistrationServicesImpl#registerForProject method.
Enters RegistrationServicesImpl#validateRegistration method.
Starts calling UserRetrieval#retrieveUser in RegistrationServicesImpl#validateRegistration.
Finished calling UserRetrieval#retrieveUser in RegistrationServicesImpl#validateRegistration.
Starts calling ProjectServices#getFullProjectData method.
Finished calling ProjectServices#getFullProjectData method.
Starts calling RegistrationValidator#validate method.
Finished calling RegistrationValidator#validate method.
Exits RegistrationServicesImpl#validateRegistration method.
Starts calling ResourceManager#removeResource in RegistrationServicesImpl#registerForProject.
Finished calling ResourceManager#removeResource in RegistrationServicesImpl#registerForProject.
Starts calling UserRetrieval#retrieveUser in RegistrationServicesImpl#registerForProject.
Finished calling UserRetrieval#retrieveUser in RegistrationServicesImpl#registerForProject.
Starts calling ResourceManager#updateResource in RegistrationServicesImpl#registerForProject.
Finished calling ResourceManager#updateResource in RegistrationServicesImpl#registerForProject.
Exits RegistrationServicesImpl#registerForProject method.
Enters RegistrationServicesImpl#registerForProject method.
Enters RegistrationServicesImpl#validateRegistration method.
Starts calling UserRetrieval#retrieveUser in RegistrationServicesImpl#validateRegistration.
Finished calling UserRetrieval#retrieveUser in RegistrationServicesImpl#validateRegistration.
Starts calling ProjectServices#getFullProjectData method.
Finished calling ProjectServices#getFullProjectData method.
Starts calling RegistrationValidator#validate method.
Finished calling RegistrationValidator#validate method.
Exits RegistrationServicesImpl#validateRegistration method.
Starts calling ResourceManager#removeResource in RegistrationServicesImpl#registerForProject.
Finished calling ResourceManager#removeResource in RegistrationServicesImpl#registerForProject.
Starts calling UserRetrieval#retrieveUser in RegistrationServicesImpl#registerForProject.
Finished calling UserRetrieval#retrieveUser in RegistrationServicesImpl#registerForProject.
Starts calling ResourceManager#updateResource in RegistrationServicesImpl#registerForProject.
Finished calling ResourceManager#updateResource in RegistrationServicesImpl#registerForProject.
Exits RegistrationServicesImpl#registerForProject method.
Enters RegistrationServicesImpl#registerForProject method.
Enters RegistrationServicesImpl#validateRegistration method.
Starts calling UserRetrieval#retrieveUser in RegistrationServicesImpl#validateRegistration.
Finished calling UserRetrieval#retrieveUser in RegistrationServicesImpl#validateRegistration.
Starts calling ProjectServices#getFullProjectData method.
Finished calling ProjectServices#getFullProjectData method.
Starts calling RegistrationValidator#validate method.
Finished calling RegistrationValidator#validate method.
Exits RegistrationServicesImpl#validateRegistration method.
Starts calling ResourceManager#removeResource in RegistrationServicesImpl#registerForProject.
Finished calling ResourceManager#removeResource in RegistrationServicesImpl#registerForProject.
Starts calling UserRetrieval#retrieveUser in RegistrationServicesImpl#registerForProject.
Finished calling UserRetrieval#retrieveUser in RegistrationServicesImpl#registerForProject.
Starts calling ResourceManager#updateResource in RegistrationServicesImpl#registerForProject.
Finished calling ResourceManager#updateResource in RegistrationServicesImpl#registerForProject.
Exits RegistrationServicesImpl#registerForProject method.
Enters RegistrationServicesImpl#registerForProject method.
Enters RegistrationServicesImpl#validateRegistration method.
Starts calling UserRetrieval#retrieveUser in RegistrationServicesImpl#validateRegistration.
Finished calling UserRetrieval#retrieveUser in RegistrationServicesImpl#validateRegistration.
Starts calling ProjectServices#getFullProjectData method.
Finished calling ProjectServices#getFullProjectData method.
Starts calling RegistrationValidator#validate method.
Finished calling RegistrationValidator#validate method.
Exits RegistrationServicesImpl#validateRegistration method.
Starts calling ResourceManager#removeResource in RegistrationServicesImpl#registerForProject.
Finished calling ResourceManager#removeResource in RegistrationServicesImpl#registerForProject.
Starts calling UserRetrieval#retrieveUser in RegistrationServicesImpl#registerForProject.
Finished calling UserRetrieval#retrieveUser in RegistrationServicesImpl#registerForProject.
Starts calling ResourceManager#updateResource in RegistrationServicesImpl#registerForProject.
Finished calling ResourceManager#updateResource in RegistrationServicesImpl#registerForProject.
Exits RegistrationServicesImpl#registerForProject method.
Enters RegistrationServicesImpl#registerForProject method.
Enters RegistrationServicesImpl#validateRegistration method.
Starts calling UserRetrieval#retrieveUser in RegistrationServicesImpl#validateRegistration.
Finished calling UserRetrieval#retrieveUser in RegistrationServicesImpl#validateRegistration.
Starts calling ProjectServices#getFullProjectData method.
Finished calling ProjectServices#getFullProjectData method.
Starts calling RegistrationValidator#validate method.
Finished calling RegistrationValidator#validate method.
Exits RegistrationServicesImpl#validateRegistration method.
Starts calling ResourceManager#removeResource in RegistrationServicesImpl#registerForProject.
Finished calling ResourceManager#removeResource in RegistrationServicesImpl#registerForProject.
Starts calling UserRetrieval#retrieveUser in RegistrationServicesImpl#registerForProject.
Finished calling UserRetrieval#retrieveUser in RegistrationServicesImpl#registerForProject.
Starts calling ResourceManager#updateResource in RegistrationServicesImpl#registerForProject.
Finished calling ResourceManager#updateResource in RegistrationServicesImpl#registerForProject.
Exits RegistrationServicesImpl#registerForProject method.
Enters RegistrationServicesImpl#registerForProject method.
Enters RegistrationServicesImpl#validateRegistration method.
Starts calling UserRetrieval#retrieveUser in RegistrationServicesImpl#validateRegistration.
Finished calling UserRetrieval#retrieveUser in RegistrationServicesImpl#validateRegistration.
Starts calling ProjectServices#getFullProjectData method.
Finished calling ProjectServices#getFullProjectData method.
Starts calling RegistrationValidator#validate method.
Finished calling RegistrationValidator#validate method.
Exits RegistrationServicesImpl#validateRegistration method.
Starts calling ResourceManager#removeResource in RegistrationServicesImpl#registerForProject.
Finished calling ResourceManager#removeResource in RegistrationServicesImpl#registerForProject.
Starts calling UserRetrieval#retrieveUser in RegistrationServicesImpl#registerForProject.
Finished calling UserRetrieval#retrieveUser in RegistrationServicesImpl#registerForProject.
Starts calling ResourceManager#updateResource in RegistrationServicesImpl#registerForProject.
Finished calling ResourceManager#updateResource in RegistrationServicesImpl#registerForProject.
Exits RegistrationServicesImpl#registerForProject method.
Enters RegistrationServicesImpl#registerForProject method.
Enters RegistrationServicesImpl#validateRegistration method.
Starts calling UserRetrieval#retrieveUser in RegistrationServicesImpl#validateRegistration.
Finished calling UserRetrieval#retrieveUser in RegistrationServicesImpl#validateRegistration.
Starts calling ProjectServices#getFullProjectData method.
Finished calling ProjectServices#getFullProjectData method.
Starts calling RegistrationValidator#validate method.
Finished calling RegistrationValidator#validate method.
Exits RegistrationServicesImpl#validateRegistration method.
Starts calling ResourceManager#removeResource in RegistrationServicesImpl#registerForProject.
Finished calling ResourceManager#removeResource in RegistrationServicesImpl#registerForProject.
Starts calling UserRetrieval#retrieveUser in RegistrationServicesImpl#registerForProject.
Finished calling UserRetrieval#retrieveUser in RegistrationServicesImpl#registerForProject.
Starts calling ResourceManager#updateResource in RegistrationServicesImpl#registerForProject.
Finished calling ResourceManager#updateResource in RegistrationServicesImpl#registerForProject.
Exits RegistrationServicesImpl#registerForProject method.
Enters RegistrationServicesImpl#registerForProject method.
Enters RegistrationServicesImpl#validateRegistration method.
Starts calling UserRetrieval#retrieveUser in RegistrationServicesImpl#validateRegistration.
Finished calling UserRetrieval#retrieveUser in RegistrationServicesImpl#validateRegistration.
Starts calling ProjectServices#getFullProjectData method.
Finished calling ProjectServices#getFullProjectData method.
Starts calling RegistrationValidator#validate method.
Finished calling RegistrationValidator#validate method.
Exits RegistrationServicesImpl#validateRegistration method.
Starts calling ResourceManager#removeResource in RegistrationServicesImpl#registerForProject.
Finished calling ResourceManager#removeResource in RegistrationServicesImpl#registerForProject.
Starts calling UserRetrieval#retrieveUser in RegistrationServicesImpl#registerForProject.
Finished calling UserRetrieval#retrieveUser in RegistrationServicesImpl#registerForProject.
Starts calling ResourceManager#updateResource in RegistrationServicesImpl#registerForProject.
Finished calling ResourceManager#updateResource in RegistrationServicesImpl#registerForProject.
Exits RegistrationServicesImpl#registerForProject method.
Enters RegistrationServicesImpl#registerForProject method.
Enters RegistrationServicesImpl#validateRegistration method.
Starts calling UserRetrieval#retrieveUser in RegistrationServicesImpl#validateRegistration.
Finished calling UserRetrieval#retrieveUser in RegistrationServicesImpl#validateRegistration.
Starts calling ProjectServices#getFullProjectData method.
Finished calling ProjectServices#getFullProjectData method.
Starts calling RegistrationValidator#validate method.
Finished calling RegistrationValidator#validate method.
Exits RegistrationServicesImpl#validateRegistration method.
Starts calling ResourceManager#removeResource in RegistrationServicesImpl#registerForProject.
Finished calling ResourceManager#removeResource in RegistrationServicesImpl#registerForProject.
Starts calling UserRetrieval#retrieveUser in RegistrationServicesImpl#registerForProject.
Finished calling UserRetrieval#retrieveUser in RegistrationServicesImpl#registerForProject.
Starts calling ResourceManager#updateResource in RegistrationServicesImpl#registerForProject.
Finished calling ResourceManager#updateResource in RegistrationServicesImpl#registerForProject.
Exits RegistrationServicesImpl#registerForProject method.
Enters RegistrationServicesImpl#registerForProject method.
Enters RegistrationServicesImpl#validateRegistration method.
Starts calling UserRetrieval#retrieveUser in RegistrationServicesImpl#validateRegistration.
Finished calling UserRetrieval#retrieveUser in RegistrationServicesImpl#validateRegistration.
Starts calling ProjectServices#getFullProjectData method.
Finished calling ProjectServices#getFullProjectData method.
Starts calling RegistrationValidator#validate method.
Finished calling RegistrationValidator#validate method.
Exits RegistrationServicesImpl#validateRegistration method.
Starts calling ResourceManager#removeResource in RegistrationServicesImpl#registerForProject.
Finished calling ResourceManager#removeResource in RegistrationServicesImpl#registerForProject.
Starts calling UserRetrieval#retrieveUser in RegistrationServicesImpl#registerForProject.
Finished calling UserRetrieval#retrieveUser in RegistrationServicesImpl#registerForProject.
Starts calling ResourceManager#updateResource in RegistrationServicesImpl#registerForProject.
Finished calling ResourceManager#updateResource in RegistrationServicesImpl#registerForProject.
Exits RegistrationServicesImpl#registerForProject method.
Enters RegistrationServicesImpl#registerForProject method.
Enters RegistrationServicesImpl#validateRegistration method.
Starts calling UserRetrieval#retrieveUser in RegistrationServicesImpl#validateRegistration.
Finished calling UserRetrieval#retrieveUser in RegistrationServicesImpl#validateRegistration.
Starts calling ProjectServices#getFullProjectData method.
Finished calling ProjectServices#getFullProjectData method.
Starts calling RegistrationValidator#validate method.
Finished calling RegistrationValidator#validate method.
Exits RegistrationServicesImpl#validateRegistration method.
Starts calling ResourceManager#removeResource in RegistrationServicesImpl#registerForProject.
Finished calling ResourceManager#removeResource in RegistrationServicesImpl#registerForProject.
Starts calling UserRetrieval#retrieveUser in RegistrationServicesImpl#registerForProject.
Finished calling UserRetrieval#retrieveUser in RegistrationServicesImpl#registerForProject.
Starts calling ResourceManager#updateResource in RegistrationServicesImpl#registerForProject.
Finished calling ResourceManager#updateResource in RegistrationServicesImpl#registerForProject.
Exits RegistrationServicesImpl#registerForProject method.
Enters RegistrationServicesImpl#registerForProject method.
Enters RegistrationServicesImpl#validateRegistration method.
Starts calling UserRetrieval#retrieveUser in RegistrationServicesImpl#validateRegistration.
Finished calling UserRetrieval#retrieveUser in RegistrationServicesImpl#validateRegistration.
Starts calling ProjectServices#getFullProjectData method.
Finished calling ProjectServices#getFullProjectData method.
Starts calling RegistrationValidator#validate method.
Finished calling RegistrationValidator#validate method.
Exits RegistrationServicesImpl#validateRegistration method.
Starts calling ResourceManager#removeResource in RegistrationServicesImpl#registerForProject.
Finished calling ResourceManager#removeResource in RegistrationServicesImpl#registerForProject.
Starts calling UserRetrieval#retrieveUser in RegistrationServicesImpl#registerForProject.
Finished calling UserRetrieval#retrieveUser in RegistrationServicesImpl#registerForProject.
Starts calling ResourceManager#updateResource in RegistrationServicesImpl#registerForProject.
Finished calling ResourceManager#updateResource in RegistrationServicesImpl#registerForProject.
Exits RegistrationServicesImpl#registerForProject method.
Enters RegistrationServicesImpl#registerForProject method.
Enters RegistrationServicesImpl#validateRegistration method.
Starts calling UserRetrieval#retrieveUser in RegistrationServicesImpl#validateRegistration.
Finished calling UserRetrieval#retrieveUser in RegistrationServicesImpl#validateRegistration.
Starts calling ProjectServices#getFullProjectData method.
Finished calling ProjectServices#getFullProjectData method.
Starts calling RegistrationValidator#validate method.
Finished calling RegistrationValidator#validate method.
Exits RegistrationServicesImpl#validateRegistration method.
Starts calling ResourceManager#removeResource in RegistrationServicesImpl#registerForProject.
Finished calling ResourceManager#removeResource in RegistrationServicesImpl#registerForProject.
Starts calling UserRetrieval#retrieveUser in RegistrationServicesImpl#registerForProject.
Finished calling UserRetrieval#retrieveUser in RegistrationServicesImpl#registerForProject.
Starts calling ResourceManager#updateResource in RegistrationServicesImpl#registerForProject.
Finished calling ResourceManager#updateResource in RegistrationServicesImpl#registerForProject.
Exits RegistrationServicesImpl#registerForProject method.
Enters RegistrationServicesImpl#registerForProject method.
Enters RegistrationServicesImpl#validateRegistration method.
Starts calling UserRetrieval#retrieveUser in RegistrationServicesImpl#validateRegistration.
Finished calling UserRetrieval#retrieveUser in RegistrationServicesImpl#validateRegistration.
Starts calling ProjectServices#getFullProjectData method.
Finished calling ProjectServices#getFullProjectData method.
Starts calling RegistrationValidator#validate method.
Finished calling RegistrationValidator#validate method.
Exits RegistrationServicesImpl#validateRegistration method.
Starts calling ResourceManager#removeResource in RegistrationServicesImpl#registerForProject.
Finished calling ResourceManager#removeResource in RegistrationServicesImpl#registerForProject.
Starts calling UserRetrieval#retrieveUser in RegistrationServicesImpl#registerForProject.
Finished calling UserRetrieval#retrieveUser in RegistrationServicesImpl#registerForProject.
Starts calling ResourceManager#updateResource in RegistrationServicesImpl#registerForProject.
Finished calling ResourceManager#updateResource in RegistrationServicesImpl#registerForProject.
Exits RegistrationServicesImpl#registerForProject method.
Enters RegistrationServicesImpl#registerForProject method.
Enters RegistrationServicesImpl#validateRegistration method.
Starts calling UserRetrieval#retrieveUser in RegistrationServicesImpl#validateRegistration.
Finished calling UserRetrieval#retrieveUser in RegistrationServicesImpl#validateRegistration.
Starts calling ProjectServices#getFullProjectData method.
Finished calling ProjectServices#getFullProjectData method.
Starts calling RegistrationValidator#validate method.
Finished calling RegistrationValidator#validate method.
Exits RegistrationServicesImpl#validateRegistration method.
Starts calling ResourceManager#removeResource in RegistrationServicesImpl#registerForProject.
Finished calling ResourceManager#removeResource in RegistrationServicesImpl#registerForProject.
Starts calling UserRetrieval#retrieveUser in RegistrationServicesImpl#registerForProject.
Finished calling UserRetrieval#retrieveUser in RegistrationServicesImpl#registerForProject.
Starts calling ResourceManager#updateResource in RegistrationServicesImpl#registerForProject.
Finished calling ResourceManager#updateResource in RegistrationServicesImpl#registerForProject.
Exits RegistrationServicesImpl#registerForProject method.
Enters RegistrationServicesImpl#registerForProject method.
Enters RegistrationServicesImpl#validateRegistration method.
Starts calling UserRetrieval#retrieveUser in RegistrationServicesImpl#validateRegistration.
Finished calling UserRetrieval#retrieveUser in RegistrationServicesImpl#validateRegistration.
Starts calling ProjectServices#getFullProjectData method.
Finished calling ProjectServices#getFullProjectData method.
Starts calling RegistrationValidator#validate method.
Finished calling RegistrationValidator#validate method.
Exits RegistrationServicesImpl#validateRegistration method.
Starts calling ResourceManager#removeResource in RegistrationServicesImpl#registerForProject.
Finished calling ResourceManager#removeResource in RegistrationServicesImpl#registerForProject.
Starts calling UserRetrieval#retrieveUser in RegistrationServicesImpl#registerForProject.
Finished calling UserRetrieval#retrieveUser in RegistrationServicesImpl#registerForProject.
Starts calling ResourceManager#updateResource in RegistrationServicesImpl#registerForProject.
Finished calling ResourceManager#updateResource in RegistrationServicesImpl#registerForProject.
Exits RegistrationServicesImpl#registerForProject method.
Enters RegistrationServicesImpl#registerForProject method.
Enters RegistrationServicesImpl#validateRegistration method.
Starts calling UserRetrieval#retrieveUser in RegistrationServicesImpl#validateRegistration.
Finished calling UserRetrieval#retrieveUser in RegistrationServicesImpl#validateRegistration.
Starts calling ProjectServices#getFullProjectData method.
Finished calling ProjectServices#getFullProjectData method.
Starts calling RegistrationValidator#validate method.
Finished calling RegistrationValidator#validate method.
Exits RegistrationServicesImpl#validateRegistration method.
Starts calling ResourceManager#removeResource in RegistrationServicesImpl#registerForProject.
Finished calling ResourceManager#removeResource in RegistrationServicesImpl#registerForProject.
Starts calling UserRetrieval#retrieveUser in RegistrationServicesImpl#registerForProject.
Finished calling UserRetrieval#retrieveUser in RegistrationServicesImpl#registerForProject.
Starts calling ResourceManager#updateResource in RegistrationServicesImpl#registerForProject.
Finished calling ResourceManager#updateResource in RegistrationServicesImpl#registerForProject.
Exits RegistrationServicesImpl#registerForProject method.
Enters RegistrationServicesImpl#registerForProject method.
Enters RegistrationServicesImpl#validateRegistration method.
Starts calling UserRetrieval#retrieveUser in RegistrationServicesImpl#validateRegistration.
Finished calling UserRetrieval#retrieveUser in RegistrationServicesImpl#validateRegistration.
Starts calling ProjectServices#getFullProjectData method.
Finished calling ProjectServices#getFullProjectData method.
Starts calling RegistrationValidator#validate method.
Finished calling RegistrationValidator#validate method.
Exits RegistrationServicesImpl#validateRegistration method.
Starts calling ResourceManager#removeResource in RegistrationServicesImpl#registerForProject.
Finished calling ResourceManager#removeResource in RegistrationServicesImpl#registerForProject.
Starts calling UserRetrieval#retrieveUser in RegistrationServicesImpl#registerForProject.
Finished calling UserRetrieval#retrieveUser in RegistrationServicesImpl#registerForProject.
Starts calling ResourceManager#updateResource in RegistrationServicesImpl#registerForProject.
Finished calling ResourceManager#updateResource in RegistrationServicesImpl#registerForProject.
Exits RegistrationServicesImpl#registerForProject method.
Enters RegistrationServicesImpl#registerForProject method.
Enters RegistrationServicesImpl#validateRegistration method.
Starts calling UserRetrieval#retrieveUser in RegistrationServicesImpl#validateRegistration.
Finished calling UserRetrieval#retrieveUser in RegistrationServicesImpl#validateRegistration.
Starts calling ProjectServices#getFullProjectData method.
Finished calling ProjectServices#getFullProjectData method.
Starts calling RegistrationValidator#validate method.
Finished calling RegistrationValidator#validate method.
Exits RegistrationServicesImpl#validateRegistration method.
Starts calling ResourceManager#removeResource in RegistrationServicesImpl#registerForProject.
Finished calling ResourceManager#removeResource in RegistrationServicesImpl#registerForProject.
Starts calling UserRetrieval#retrieveUser in RegistrationServicesImpl#registerForProject.
Finished calling UserRetrieval#retrieveUser in RegistrationServicesImpl#registerForProject.
Starts calling ResourceManager#updateResource in RegistrationServicesImpl#registerForProject.
Finished calling ResourceManager#updateResource in RegistrationServicesImpl#registerForProject.
Exits RegistrationServicesImpl#registerForProject method.
Enters RegistrationServicesImpl#registerForProject method.
Enters RegistrationServicesImpl#validateRegistration method.
Starts calling UserRetrieval#retrieveUser in RegistrationServicesImpl#validateRegistration.
Finished calling UserRetrieval#retrieveUser in RegistrationServicesImpl#validateRegistration.
Starts calling ProjectServices#getFullProjectData method.
Finished calling ProjectServices#getFullProjectData method.
Starts calling RegistrationValidator#validate method.
Finished calling RegistrationValidator#validate method.
Exits RegistrationServicesImpl#validateRegistration method.
Starts calling ResourceManager#removeResource in RegistrationServicesImpl#registerForProject.
Finished calling ResourceManager#removeResource in RegistrationServicesImpl#registerForProject.
Starts calling UserRetrieval#retrieveUser in RegistrationServicesImpl#registerForProject.
Finished calling UserRetrieval#retrieveUser in RegistrationServicesImpl#registerForProject.
Starts calling ResourceManager#updateResource in RegistrationServicesImpl#registerForProject.
Finished calling ResourceManager#updateResource in RegistrationServicesImpl#registerForProject.
Exits RegistrationServicesImpl#registerForProject method.
Enters RegistrationServicesImpl#registerForProject method.
Enters RegistrationServicesImpl#validateRegistration method.
Starts calling UserRetrieval#retrieveUser in RegistrationServicesImpl#validateRegistration.
Finished calling UserRetrieval#retrieveUser in RegistrationServicesImpl#validateRegistration.
Starts calling ProjectServices#getFullProjectData method.
Finished calling ProjectServices#getFullProjectData method.
Starts calling RegistrationValidator#validate method.
Finished calling RegistrationValidator#validate method.
Exits RegistrationServicesImpl#validateRegistration method.
Starts calling ResourceManager#removeResource in RegistrationServicesImpl#registerForProject.
Finished calling ResourceManager#removeResource in RegistrationServicesImpl#registerForProject.
Starts calling UserRetrieval#retrieveUser in RegistrationServicesImpl#registerForProject.
Finished calling UserRetrieval#retrieveUser in RegistrationServicesImpl#registerForProject.
Starts calling ResourceManager#updateResource in RegistrationServicesImpl#registerForProject.
Finished calling ResourceManager#updateResource in RegistrationServicesImpl#registerForProject.
Exits RegistrationServicesImpl#registerForProject method.
Enters RegistrationServicesImpl#registerForProject method.
Enters RegistrationServicesImpl#validateRegistration method.
Starts calling UserRetrieval#retrieveUser in RegistrationServicesImpl#validateRegistration.
Finished calling UserRetrieval#retrieveUser in RegistrationServicesImpl#validateRegistration.
Starts calling ProjectServices#getFullProjectData method.
Finished calling ProjectServices#getFullProjectData method.
Starts calling RegistrationValidator#validate method.
Finished calling RegistrationValidator#validate method.
Exits RegistrationServicesImpl#validateRegistration method.
Starts calling ResourceManager#removeResource in RegistrationServicesImpl#registerForProject.
Finished calling ResourceManager#removeResource in RegistrationServicesImpl#registerForProject.
Starts calling UserRetrieval#retrieveUser in RegistrationServicesImpl#registerForProject.
Finished calling UserRetrieval#retrieveUser in RegistrationServicesImpl#registerForProject.
Starts calling ResourceManager#updateResource in RegistrationServicesImpl#registerForProject.
Finished calling ResourceManager#updateResource in RegistrationServicesImpl#registerForProject.
Exits RegistrationServicesImpl#registerForProject method.
Enters RegistrationServicesImpl#registerForProject method.
Enters RegistrationServicesImpl#validateRegistration method.
Starts calling UserRetrieval#retrieveUser in RegistrationServicesImpl#validateRegistration.
Finished calling UserRetrieval#retrieveUser in RegistrationServicesImpl#validateRegistration.
Starts calling ProjectServices#getFullProjectData method.
Finished calling ProjectServices#getFullProjectData method.
Starts calling RegistrationValidator#validate method.
Finished calling RegistrationValidator#validate method.
Exits RegistrationServicesImpl#validateRegistration method.
Starts calling ResourceManager#removeResource in RegistrationServicesImpl#registerForProject.
Finished calling ResourceManager#removeResource in RegistrationServicesImpl#registerForProject.
Starts calling UserRetrieval#retrieveUser in RegistrationServicesImpl#registerForProject.
Finished calling UserRetrieval#retrieveUser in RegistrationServicesImpl#registerForProject.
Starts calling ResourceManager#updateResource in RegistrationServicesImpl#registerForProject.
Finished calling ResourceManager#updateResource in RegistrationServicesImpl#registerForProject.
Exits RegistrationServicesImpl#registerForProject method.
Enters RegistrationServicesImpl#registerForProject method.
Enters RegistrationServicesImpl#validateRegistration method.
Starts calling UserRetrieval#retrieveUser in RegistrationServicesImpl#validateRegistration.
Finished calling UserRetrieval#retrieveUser in RegistrationServicesImpl#validateRegistration.
Starts calling ProjectServices#getFullProjectData method.
Finished calling ProjectServices#getFullProjectData method.
Starts calling RegistrationValidator#validate method.
Finished calling RegistrationValidator#validate method.
Exits RegistrationServicesImpl#validateRegistration method.
Starts calling ResourceManager#removeResource in RegistrationServicesImpl#registerForProject.
Finished calling ResourceManager#removeResource in RegistrationServicesImpl#registerForProject.
Starts calling UserRetrieval#retrieveUser in RegistrationServicesImpl#registerForProject.
Finished calling UserRetrieval#retrieveUser in RegistrationServicesImpl#registerForProject.
Starts calling ResourceManager#updateResource in RegistrationServicesImpl#registerForProject.
Finished calling ResourceManager#updateResource in RegistrationServicesImpl#registerForProject.
Exits RegistrationServicesImpl#registerForProject method.
Enters RegistrationServicesImpl#registerForProject method.
Enters RegistrationServicesImpl#validateRegistration method.
Starts calling UserRetrieval#retrieveUser in RegistrationServicesImpl#validateRegistration.
Finished calling UserRetrieval#retrieveUser in RegistrationServicesImpl#validateRegistration.
Starts calling ProjectServices#getFullProjectData method.
Finished calling ProjectServices#getFullProjectData method.
Starts calling RegistrationValidator#validate method.
Finished calling RegistrationValidator#validate method.
Exits RegistrationServicesImpl#validateRegistration method.
Starts calling ResourceManager#removeResource in RegistrationServicesImpl#registerForProject.
Finished calling ResourceManager#removeResource in RegistrationServicesImpl#registerForProject.
Starts calling UserRetrieval#retrieveUser in RegistrationServicesImpl#registerForProject.
Finished calling UserRetrieval#retrieveUser in RegistrationServicesImpl#registerForProject.
Starts calling ResourceManager#updateResource in RegistrationServicesImpl#registerForProject.
Finished calling ResourceManager#updateResource in RegistrationServicesImpl#registerForProject.
Exits RegistrationServicesImpl#registerForProject method.
Enters RegistrationServicesImpl#registerForProject method.
Enters RegistrationServicesImpl#validateRegistration method.
Starts calling UserRetrieval#retrieveUser in RegistrationServicesImpl#validateRegistration.
Finished calling UserRetrieval#retrieveUser in RegistrationServicesImpl#validateRegistration.
Starts calling ProjectServices#getFullProjectData method.
Finished calling ProjectServices#getFullProjectData method.
Starts calling RegistrationValidator#validate method.
Finished calling RegistrationValidator#validate method.
Exits RegistrationServicesImpl#validateRegistration method.
Starts calling ResourceManager#removeResource in RegistrationServicesImpl#registerForProject.
Finished calling ResourceManager#removeResource in RegistrationServicesImpl#registerForProject.
Starts calling UserRetrieval#retrieveUser in RegistrationServicesImpl#registerForProject.
Finished calling UserRetrieval#retrieveUser in RegistrationServicesImpl#registerForProject.
Starts calling ResourceManager#updateResource in RegistrationServicesImpl#registerForProject.
Finished calling ResourceManager#updateResource in RegistrationServicesImpl#registerForProject.
Exits RegistrationServicesImpl#registerForProject method.
Enters RegistrationServicesImpl#registerForProject method.
Enters RegistrationServicesImpl#validateRegistration method.
Starts calling UserRetrieval#retrieveUser in RegistrationServicesImpl#validateRegistration.
Finished calling UserRetrieval#retrieveUser in RegistrationServicesImpl#validateRegistration.
Starts calling ProjectServices#getFullProjectData method.
Finished calling ProjectServices#getFullProjectData method.
Starts calling RegistrationValidator#validate method.
Finished calling RegistrationValidator#validate method.
Exits RegistrationServicesImpl#validateRegistration method.
Starts calling ResourceManager#removeResource in RegistrationServicesImpl#registerForProject.
Finished calling ResourceManager#removeResource in RegistrationServicesImpl#registerForProject.
Starts calling UserRetrieval#retrieveUser in RegistrationServicesImpl#registerForProject.
Finished calling UserRetrieval#retrieveUser in RegistrationServicesImpl#registerForProject.
Starts calling ResourceManager#updateResource in RegistrationServicesImpl#registerForProject.
Finished calling ResourceManager#updateResource in RegistrationServicesImpl#registerForProject.
Exits RegistrationServicesImpl#registerForProject method.
Enters RegistrationServicesImpl#registerForProject method.
Enters RegistrationServicesImpl#validateRegistration method.
Starts calling UserRetrieval#retrieveUser in RegistrationServicesImpl#validateRegistration.
Finished calling UserRetrieval#retrieveUser in RegistrationServicesImpl#validateRegistration.
Starts calling ProjectServices#getFullProjectData method.
Finished calling ProjectServices#getFullProjectData method.
Starts calling RegistrationValidator#validate method.
Finished calling RegistrationValidator#validate method.
Exits RegistrationServicesImpl#validateRegistration method.
Starts calling ResourceManager#removeResource in RegistrationServicesImpl#registerForProject.
Finished calling ResourceManager#removeResource in RegistrationServicesImpl#registerForProject.
Starts calling UserRetrieval#retrieveUser in RegistrationServicesImpl#registerForProject.
Finished calling UserRetrieval#retrieveUser in RegistrationServicesImpl#registerForProject.
Starts calling ResourceManager#updateResource in RegistrationServicesImpl#registerForProject.
Finished calling ResourceManager#updateResource in RegistrationServicesImpl#registerForProject.
Exits RegistrationServicesImpl#registerForProject method.
Enters RegistrationServicesImpl#registerForProject method.
Enters RegistrationServicesImpl#validateRegistration method.
Starts calling UserRetrieval#retrieveUser in RegistrationServicesImpl#validateRegistration.
Finished calling UserRetrieval#retrieveUser in RegistrationServicesImpl#validateRegistration.
Starts calling ProjectServices#getFullProjectData method.
Finished calling ProjectServices#getFullProjectData method.
Starts calling RegistrationValidator#validate method.
Finished calling RegistrationValidator#validate method.
Exits RegistrationServicesImpl#validateRegistration method.
Starts calling ResourceManager#removeResource in RegistrationServicesImpl#registerForProject.
Finished calling ResourceManager#removeResource in RegistrationServicesImpl#registerForProject.
Starts calling UserRetrieval#retrieveUser in RegistrationServicesImpl#registerForProject.
Finished calling UserRetrieval#retrieveUser in RegistrationServicesImpl#registerForProject.
Starts calling ResourceManager#updateResource in RegistrationServicesImpl#registerForProject.
Finished calling ResourceManager#updateResource in RegistrationServicesImpl#registerForProject.
Exits RegistrationServicesImpl#registerForProject method.
The stress test for registering for project costs: 234 milliseconds.
Enters RegistrationServicesImpl#validateRegistration method.
Starts calling UserRetrieval#retrieveUser in RegistrationServicesImpl#validateRegistration.
Finished calling UserRetrieval#retrieveUser in RegistrationServicesImpl#validateRegistration.
Starts calling ProjectServices#getFullProjectData method.
Finished calling ProjectServices#getFullProjectData method.
Starts calling RegistrationValidator#validate method.
Finished calling RegistrationValidator#validate method.
Exits RegistrationServicesImpl#validateRegistration method.
Enters RegistrationServicesImpl#validateRegistration method.
Starts calling UserRetrieval#retrieveUser in RegistrationServicesImpl#validateRegistration.
Finished calling UserRetrieval#retrieveUser in RegistrationServicesImpl#validateRegistration.
Starts calling ProjectServices#getFullProjectData method.
Finished calling ProjectServices#getFullProjectData method.
Starts calling RegistrationValidator#validate method.
Finished calling RegistrationValidator#validate method.
Exits RegistrationServicesImpl#validateRegistration method.
Enters RegistrationServicesImpl#validateRegistration method.
Starts calling UserRetrieval#retrieveUser in RegistrationServicesImpl#validateRegistration.
Finished calling UserRetrieval#retrieveUser in RegistrationServicesImpl#validateRegistration.
Starts calling ProjectServices#getFullProjectData method.
Finished calling ProjectServices#getFullProjectData method.
Starts calling RegistrationValidator#validate method.
Finished calling RegistrationValidator#validate method.
Exits RegistrationServicesImpl#validateRegistration method.
Enters RegistrationServicesImpl#validateRegistration method.
Starts calling UserRetrieval#retrieveUser in RegistrationServicesImpl#validateRegistration.
Finished calling UserRetrieval#retrieveUser in RegistrationServicesImpl#validateRegistration.
Starts calling ProjectServices#getFullProjectData method.
Finished calling ProjectServices#getFullProjectData method.
Starts calling RegistrationValidator#validate method.
Finished calling RegistrationValidator#validate method.
Exits RegistrationServicesImpl#validateRegistration method.
Enters RegistrationServicesImpl#validateRegistration method.
Starts calling UserRetrieval#retrieveUser in RegistrationServicesImpl#validateRegistration.
Finished calling UserRetrieval#retrieveUser in RegistrationServicesImpl#validateRegistration.
Starts calling ProjectServices#getFullProjectData method.
Finished calling ProjectServices#getFullProjectData method.
Starts calling RegistrationValidator#validate method.
Finished calling RegistrationValidator#validate method.
Exits RegistrationServicesImpl#validateRegistration method.
Enters RegistrationServicesImpl#validateRegistration method.
Starts calling UserRetrieval#retrieveUser in RegistrationServicesImpl#validateRegistration.
Finished calling UserRetrieval#retrieveUser in RegistrationServicesImpl#validateRegistration.
Starts calling ProjectServices#getFullProjectData method.
Finished calling ProjectServices#getFullProjectData method.
Starts calling RegistrationValidator#validate method.
Finished calling RegistrationValidator#validate method.
Exits RegistrationServicesImpl#validateRegistration method.
Enters RegistrationServicesImpl#validateRegistration method.
Starts calling UserRetrieval#retrieveUser in RegistrationServicesImpl#validateRegistration.
Finished calling UserRetrieval#retrieveUser in RegistrationServicesImpl#validateRegistration.
Starts calling ProjectServices#getFullProjectData method.
Finished calling ProjectServices#getFullProjectData method.
Starts calling RegistrationValidator#validate method.
Finished calling RegistrationValidator#validate method.
Exits RegistrationServicesImpl#validateRegistration method.
Enters RegistrationServicesImpl#validateRegistration method.
Starts calling UserRetrieval#retrieveUser in RegistrationServicesImpl#validateRegistration.
Finished calling UserRetrieval#retrieveUser in RegistrationServicesImpl#validateRegistration.
Starts calling ProjectServices#getFullProjectData method.
Finished calling ProjectServices#getFullProjectData method.
Starts calling RegistrationValidator#validate method.
Finished calling RegistrationValidator#validate method.
Exits RegistrationServicesImpl#validateRegistration method.
Enters RegistrationServicesImpl#validateRegistration method.
Starts calling UserRetrieval#retrieveUser in RegistrationServicesImpl#validateRegistration.
Finished calling UserRetrieval#retrieveUser in RegistrationServicesImpl#validateRegistration.
Starts calling ProjectServices#getFullProjectData method.
Finished calling ProjectServices#getFullProjectData method.
Starts calling RegistrationValidator#validate method.
Finished calling RegistrationValidator#validate method.
Exits RegistrationServicesImpl#validateRegistration method.
Enters RegistrationServicesImpl#validateRegistration method.
Starts calling UserRetrieval#retrieveUser in RegistrationServicesImpl#validateRegistration.
Finished calling UserRetrieval#retrieveUser in RegistrationServicesImpl#validateRegistration.
Starts calling ProjectServices#getFullProjectData method.
Finished calling ProjectServices#getFullProjectData method.
Starts calling RegistrationValidator#validate method.
Finished calling RegistrationValidator#validate method.
Exits RegistrationServicesImpl#validateRegistration method.
Enters RegistrationServicesImpl#validateRegistration method.
Starts calling UserRetrieval#retrieveUser in RegistrationServicesImpl#validateRegistration.
Finished calling UserRetrieval#retrieveUser in RegistrationServicesImpl#validateRegistration.
Starts calling ProjectServices#getFullProjectData method.
Finished calling ProjectServices#getFullProjectData method.
Starts calling RegistrationValidator#validate method.
Finished calling RegistrationValidator#validate method.
Exits RegistrationServicesImpl#validateRegistration method.
Enters RegistrationServicesImpl#validateRegistration method.
Starts calling UserRetrieval#retrieveUser in RegistrationServicesImpl#validateRegistration.
Finished calling UserRetrieval#retrieveUser in RegistrationServicesImpl#validateRegistration.
Starts calling ProjectServices#getFullProjectData method.
Finished calling ProjectServices#getFullProjectData method.
Starts calling RegistrationValidator#validate method.
Finished calling RegistrationValidator#validate method.
Exits RegistrationServicesImpl#validateRegistration method.
Enters RegistrationServicesImpl#validateRegistration method.
Starts calling UserRetrieval#retrieveUser in RegistrationServicesImpl#validateRegistration.
Finished calling UserRetrieval#retrieveUser in RegistrationServicesImpl#validateRegistration.
Starts calling ProjectServices#getFullProjectData method.
Finished calling ProjectServices#getFullProjectData method.
Starts calling RegistrationValidator#validate method.
Finished calling RegistrationValidator#validate method.
Exits RegistrationServicesImpl#validateRegistration method.
Enters RegistrationServicesImpl#validateRegistration method.
Starts calling UserRetrieval#retrieveUser in RegistrationServicesImpl#validateRegistration.
Finished calling UserRetrieval#retrieveUser in RegistrationServicesImpl#validateRegistration.
Starts calling ProjectServices#getFullProjectData method.
Finished calling ProjectServices#getFullProjectData method.
Starts calling RegistrationValidator#validate method.
Finished calling RegistrationValidator#validate method.
Exits RegistrationServicesImpl#validateRegistration method.
Enters RegistrationServicesImpl#validateRegistration method.
Starts calling UserRetrieval#retrieveUser in RegistrationServicesImpl#validateRegistration.
Finished calling UserRetrieval#retrieveUser in RegistrationServicesImpl#validateRegistration.
Starts calling ProjectServices#getFullProjectData method.
Finished calling ProjectServices#getFullProjectData method.
Starts calling RegistrationValidator#validate method.
Finished calling RegistrationValidator#validate method.
Exits RegistrationServicesImpl#validateRegistration method.
Enters RegistrationServicesImpl#validateRegistration method.
Starts calling UserRetrieval#retrieveUser in RegistrationServicesImpl#validateRegistration.
Finished calling UserRetrieval#retrieveUser in RegistrationServicesImpl#validateRegistration.
Starts calling ProjectServices#getFullProjectData method.
Finished calling ProjectServices#getFullProjectData method.
Starts calling RegistrationValidator#validate method.
Finished calling RegistrationValidator#validate method.
Exits RegistrationServicesImpl#validateRegistration method.
Enters RegistrationServicesImpl#validateRegistration method.
Starts calling UserRetrieval#retrieveUser in RegistrationServicesImpl#validateRegistration.
Finished calling UserRetrieval#retrieveUser in RegistrationServicesImpl#validateRegistration.
Starts calling ProjectServices#getFullProjectData method.
Finished calling ProjectServices#getFullProjectData method.
Starts calling RegistrationValidator#validate method.
Finished calling RegistrationValidator#validate method.
Exits RegistrationServicesImpl#validateRegistration method.
Enters RegistrationServicesImpl#validateRegistration method.
Starts calling UserRetrieval#retrieveUser in RegistrationServicesImpl#validateRegistration.
Finished calling UserRetrieval#retrieveUser in RegistrationServicesImpl#validateRegistration.
Starts calling ProjectServices#getFullProjectData method.
Finished calling ProjectServices#getFullProjectData method.
Starts calling RegistrationValidator#validate method.
Finished calling RegistrationValidator#validate method.
Exits RegistrationServicesImpl#validateRegistration method.
Enters RegistrationServicesImpl#validateRegistration method.
Starts calling UserRetrieval#retrieveUser in RegistrationServicesImpl#validateRegistration.
Finished calling UserRetrieval#retrieveUser in RegistrationServicesImpl#validateRegistration.
Starts calling ProjectServices#getFullProjectData method.
Finished calling ProjectServices#getFullProjectData method.
Starts calling RegistrationValidator#validate method.
Finished calling RegistrationValidator#validate method.
Exits RegistrationServicesImpl#validateRegistration method.
Enters RegistrationServicesImpl#validateRegistration method.
Starts calling UserRetrieval#retrieveUser in RegistrationServicesImpl#validateRegistration.
Finished calling UserRetrieval#retrieveUser in RegistrationServicesImpl#validateRegistration.
Starts calling ProjectServices#getFullProjectData method.
Finished calling ProjectServices#getFullProjectData method.
Starts calling RegistrationValidator#validate method.
Finished calling RegistrationValidator#validate method.
Exits RegistrationServicesImpl#validateRegistration method.
Enters RegistrationServicesImpl#validateRegistration method.
Starts calling UserRetrieval#retrieveUser in RegistrationServicesImpl#validateRegistration.
Finished calling UserRetrieval#retrieveUser in RegistrationServicesImpl#validateRegistration.
Starts calling ProjectServices#getFullProjectData method.
Finished calling ProjectServices#getFullProjectData method.
Starts calling RegistrationValidator#validate method.
Finished calling RegistrationValidator#validate method.
Exits RegistrationServicesImpl#validateRegistration method.
Enters RegistrationServicesImpl#validateRegistration method.
Starts calling UserRetrieval#retrieveUser in RegistrationServicesImpl#validateRegistration.
Finished calling UserRetrieval#retrieveUser in RegistrationServicesImpl#validateRegistration.
Starts calling ProjectServices#getFullProjectData method.
Finished calling ProjectServices#getFullProjectData method.
Starts calling RegistrationValidator#validate method.
Finished calling RegistrationValidator#validate method.
Exits RegistrationServicesImpl#validateRegistration method.
Enters RegistrationServicesImpl#validateRegistration method.
Starts calling UserRetrieval#retrieveUser in RegistrationServicesImpl#validateRegistration.
Finished calling UserRetrieval#retrieveUser in RegistrationServicesImpl#validateRegistration.
Starts calling ProjectServices#getFullProjectData method.
Finished calling ProjectServices#getFullProjectData method.
Starts calling RegistrationValidator#validate method.
Finished calling RegistrationValidator#validate method.
Exits RegistrationServicesImpl#validateRegistration method.
Enters RegistrationServicesImpl#validateRegistration method.
Starts calling UserRetrieval#retrieveUser in RegistrationServicesImpl#validateRegistration.
Finished calling UserRetrieval#retrieveUser in RegistrationServicesImpl#validateRegistration.
Starts calling ProjectServices#getFullProjectData method.
Finished calling ProjectServices#getFullProjectData method.
Starts calling RegistrationValidator#validate method.
Finished calling RegistrationValidator#validate method.
Exits RegistrationServicesImpl#validateRegistration method.
Enters RegistrationServicesImpl#validateRegistration method.
Starts calling UserRetrieval#retrieveUser in RegistrationServicesImpl#validateRegistration.
Finished calling UserRetrieval#retrieveUser in RegistrationServicesImpl#validateRegistration.
Starts calling ProjectServices#getFullProjectData method.
Finished calling ProjectServices#getFullProjectData method.
Starts calling RegistrationValidator#validate method.
Finished calling RegistrationValidator#validate method.
Exits RegistrationServicesImpl#validateRegistration method.
Enters RegistrationServicesImpl#validateRegistration method.
Starts calling UserRetrieval#retrieveUser in RegistrationServicesImpl#validateRegistration.
Finished calling UserRetrieval#retrieveUser in RegistrationServicesImpl#validateRegistration.
Starts calling ProjectServices#getFullProjectData method.
Finished calling ProjectServices#getFullProjectData method.
Starts calling RegistrationValidator#validate method.
Finished calling RegistrationValidator#validate method.
Exits RegistrationServicesImpl#validateRegistration method.
Enters RegistrationServicesImpl#validateRegistration method.
Starts calling UserRetrieval#retrieveUser in RegistrationServicesImpl#validateRegistration.
Finished calling UserRetrieval#retrieveUser in RegistrationServicesImpl#validateRegistration.
Starts calling ProjectServices#getFullProjectData method.
Finished calling ProjectServices#getFullProjectData method.
Starts calling RegistrationValidator#validate method.
Finished calling RegistrationValidator#validate method.
Exits RegistrationServicesImpl#validateRegistration method.
Enters RegistrationServicesImpl#validateRegistration method.
Starts calling UserRetrieval#retrieveUser in RegistrationServicesImpl#validateRegistration.
Finished calling UserRetrieval#retrieveUser in RegistrationServicesImpl#validateRegistration.
Starts calling ProjectServices#getFullProjectData method.
Finished calling ProjectServices#getFullProjectData method.
Starts calling RegistrationValidator#validate method.
Finished calling RegistrationValidator#validate method.
Exits RegistrationServicesImpl#validateRegistration method.
Enters RegistrationServicesImpl#validateRegistration method.
Starts calling UserRetrieval#retrieveUser in RegistrationServicesImpl#validateRegistration.
Finished calling UserRetrieval#retrieveUser in RegistrationServicesImpl#validateRegistration.
Starts calling ProjectServices#getFullProjectData method.
Finished calling ProjectServices#getFullProjectData method.
Starts calling RegistrationValidator#validate method.
Finished calling RegistrationValidator#validate method.
Exits RegistrationServicesImpl#validateRegistration method.
Enters RegistrationServicesImpl#validateRegistration method.
Starts calling UserRetrieval#retrieveUser in RegistrationServicesImpl#validateRegistration.
Finished calling UserRetrieval#retrieveUser in RegistrationServicesImpl#validateRegistration.
Starts calling ProjectServices#getFullProjectData method.
Finished calling ProjectServices#getFullProjectData method.
Starts calling RegistrationValidator#validate method.
Finished calling RegistrationValidator#validate method.
Exits RegistrationServicesImpl#validateRegistration method.
Enters RegistrationServicesImpl#validateRegistration method.
Starts calling UserRetrieval#retrieveUser in RegistrationServicesImpl#validateRegistration.
Finished calling UserRetrieval#retrieveUser in RegistrationServicesImpl#validateRegistration.
Starts calling ProjectServices#getFullProjectData method.
Finished calling ProjectServices#getFullProjectData method.
Starts calling RegistrationValidator#validate method.
Finished calling RegistrationValidator#validate method.
Exits RegistrationServicesImpl#validateRegistration method.
Enters RegistrationServicesImpl#validateRegistration method.
Starts calling UserRetrieval#retrieveUser in RegistrationServicesImpl#validateRegistration.
Finished calling UserRetrieval#retrieveUser in RegistrationServicesImpl#validateRegistration.
Starts calling ProjectServices#getFullProjectData method.
Finished calling ProjectServices#getFullProjectData method.
Starts calling RegistrationValidator#validate method.
Finished calling RegistrationValidator#validate method.
Exits RegistrationServicesImpl#validateRegistration method.
Enters RegistrationServicesImpl#validateRegistration method.
Starts calling UserRetrieval#retrieveUser in RegistrationServicesImpl#validateRegistration.
Finished calling UserRetrieval#retrieveUser in RegistrationServicesImpl#validateRegistration.
Starts calling ProjectServices#getFullProjectData method.
Finished calling ProjectServices#getFullProjectData method.
Starts calling RegistrationValidator#validate method.
Finished calling RegistrationValidator#validate method.
Exits RegistrationServicesImpl#validateRegistration method.
Enters RegistrationServicesImpl#validateRegistration method.
Starts calling UserRetrieval#retrieveUser in RegistrationServicesImpl#validateRegistration.
Finished calling UserRetrieval#retrieveUser in RegistrationServicesImpl#validateRegistration.
Starts calling ProjectServices#getFullProjectData method.
Finished calling ProjectServices#getFullProjectData method.
Starts calling RegistrationValidator#validate method.
Finished calling RegistrationValidator#validate method.
Exits RegistrationServicesImpl#validateRegistration method.
Enters RegistrationServicesImpl#validateRegistration method.
Starts calling UserRetrieval#retrieveUser in RegistrationServicesImpl#validateRegistration.
Finished calling UserRetrieval#retrieveUser in RegistrationServicesImpl#validateRegistration.
Starts calling ProjectServices#getFullProjectData method.
Finished calling ProjectServices#getFullProjectData method.
Starts calling RegistrationValidator#validate method.
Finished calling RegistrationValidator#validate method.
Exits RegistrationServicesImpl#validateRegistration method.
Enters RegistrationServicesImpl#validateRegistration method.
Starts calling UserRetrieval#retrieveUser in RegistrationServicesImpl#validateRegistration.
Finished calling UserRetrieval#retrieveUser in RegistrationServicesImpl#validateRegistration.
Starts calling ProjectServices#getFullProjectData method.
Finished calling ProjectServices#getFullProjectData method.
Starts calling RegistrationValidator#validate method.
Finished calling RegistrationValidator#validate method.
Exits RegistrationServicesImpl#validateRegistration method.
Enters RegistrationServicesImpl#validateRegistration method.
Starts calling UserRetrieval#retrieveUser in RegistrationServicesImpl#validateRegistration.
Finished calling UserRetrieval#retrieveUser in RegistrationServicesImpl#validateRegistration.
Starts calling ProjectServices#getFullProjectData method.
Finished calling ProjectServices#getFullProjectData method.
Starts calling RegistrationValidator#validate method.
Finished calling RegistrationValidator#validate method.
Exits RegistrationServicesImpl#validateRegistration method.
Enters RegistrationServicesImpl#validateRegistration method.
Starts calling UserRetrieval#retrieveUser in RegistrationServicesImpl#validateRegistration.
Finished calling UserRetrieval#retrieveUser in RegistrationServicesImpl#validateRegistration.
Starts calling ProjectServices#getFullProjectData method.
Finished calling ProjectServices#getFullProjectData method.
Starts calling RegistrationValidator#validate method.
Finished calling RegistrationValidator#validate method.
Exits RegistrationServicesImpl#validateRegistration method.
Enters RegistrationServicesImpl#validateRegistration method.
Starts calling UserRetrieval#retrieveUser in RegistrationServicesImpl#validateRegistration.
Finished calling UserRetrieval#retrieveUser in RegistrationServicesImpl#validateRegistration.
Starts calling ProjectServices#getFullProjectData method.
Finished calling ProjectServices#getFullProjectData method.
Starts calling RegistrationValidator#validate method.
Finished calling RegistrationValidator#validate method.
Exits RegistrationServicesImpl#validateRegistration method.
Enters RegistrationServicesImpl#validateRegistration method.
Starts calling UserRetrieval#retrieveUser in RegistrationServicesImpl#validateRegistration.
Finished calling UserRetrieval#retrieveUser in RegistrationServicesImpl#validateRegistration.
Starts calling ProjectServices#getFullProjectData method.
Finished calling ProjectServices#getFullProjectData method.
Starts calling RegistrationValidator#validate method.
Finished calling RegistrationValidator#validate method.
Exits RegistrationServicesImpl#validateRegistration method.
Enters RegistrationServicesImpl#validateRegistration method.
Starts calling UserRetrieval#retrieveUser in RegistrationServicesImpl#validateRegistration.
Finished calling UserRetrieval#retrieveUser in RegistrationServicesImpl#validateRegistration.
Starts calling ProjectServices#getFullProjectData method.
Finished calling ProjectServices#getFullProjectData method.
Starts calling RegistrationValidator#validate method.
Finished calling RegistrationValidator#validate method.
Exits RegistrationServicesImpl#validateRegistration method.
Enters RegistrationServicesImpl#validateRegistration method.
Starts calling UserRetrieval#retrieveUser in RegistrationServicesImpl#validateRegistration.
Finished calling UserRetrieval#retrieveUser in RegistrationServicesImpl#validateRegistration.
Starts calling ProjectServices#getFullProjectData method.
Finished calling ProjectServices#getFullProjectData method.
Starts calling RegistrationValidator#validate method.
Finished calling RegistrationValidator#validate method.
Exits RegistrationServicesImpl#validateRegistration method.
Enters RegistrationServicesImpl#validateRegistration method.
Starts calling UserRetrieval#retrieveUser in RegistrationServicesImpl#validateRegistration.
Finished calling UserRetrieval#retrieveUser in RegistrationServicesImpl#validateRegistration.
Starts calling ProjectServices#getFullProjectData method.
Finished calling ProjectServices#getFullProjectData method.
Starts calling RegistrationValidator#validate method.
Finished calling RegistrationValidator#validate method.
Exits RegistrationServicesImpl#validateRegistration method.
Enters RegistrationServicesImpl#validateRegistration method.
Starts calling UserRetrieval#retrieveUser in RegistrationServicesImpl#validateRegistration.
Finished calling UserRetrieval#retrieveUser in RegistrationServicesImpl#validateRegistration.
Starts calling ProjectServices#getFullProjectData method.
Finished calling ProjectServices#getFullProjectData method.
Starts calling RegistrationValidator#validate method.
Finished calling RegistrationValidator#validate method.
Exits RegistrationServicesImpl#validateRegistration method.
Enters RegistrationServicesImpl#validateRegistration method.
Starts calling UserRetrieval#retrieveUser in RegistrationServicesImpl#validateRegistration.
Finished calling UserRetrieval#retrieveUser in RegistrationServicesImpl#validateRegistration.
Starts calling ProjectServices#getFullProjectData method.
Finished calling ProjectServices#getFullProjectData method.
Starts calling RegistrationValidator#validate method.
Finished calling RegistrationValidator#validate method.
Exits RegistrationServicesImpl#validateRegistration method.
Enters RegistrationServicesImpl#validateRegistration method.
Starts calling UserRetrieval#retrieveUser in RegistrationServicesImpl#validateRegistration.
Finished calling UserRetrieval#retrieveUser in RegistrationServicesImpl#validateRegistration.
Starts calling ProjectServices#getFullProjectData method.
Finished calling ProjectServices#getFullProjectData method.
Starts calling RegistrationValidator#validate method.
Finished calling RegistrationValidator#validate method.
Exits RegistrationServicesImpl#validateRegistration method.
Enters RegistrationServicesImpl#validateRegistration method.
Starts calling UserRetrieval#retrieveUser in RegistrationServicesImpl#validateRegistration.
Finished calling UserRetrieval#retrieveUser in RegistrationServicesImpl#validateRegistration.
Starts calling ProjectServices#getFullProjectData method.
Finished calling ProjectServices#getFullProjectData method.
Starts calling RegistrationValidator#validate method.
Finished calling RegistrationValidator#validate method.
Exits RegistrationServicesImpl#validateRegistration method.
Enters RegistrationServicesImpl#validateRegistration method.
Starts calling UserRetrieval#retrieveUser in RegistrationServicesImpl#validateRegistration.
Finished calling UserRetrieval#retrieveUser in RegistrationServicesImpl#validateRegistration.
Starts calling ProjectServices#getFullProjectData method.
Finished calling ProjectServices#getFullProjectData method.
Starts calling RegistrationValidator#validate method.
Finished calling RegistrationValidator#validate method.
Exits RegistrationServicesImpl#validateRegistration method.
Enters RegistrationServicesImpl#validateRegistration method.
Starts calling UserRetrieval#retrieveUser in RegistrationServicesImpl#validateRegistration.
Finished calling UserRetrieval#retrieveUser in RegistrationServicesImpl#validateRegistration.
Starts calling ProjectServices#getFullProjectData method.
Finished calling ProjectServices#getFullProjectData method.
Starts calling RegistrationValidator#validate method.
Finished calling RegistrationValidator#validate method.
Exits RegistrationServicesImpl#validateRegistration method.
Enters RegistrationServicesImpl#validateRegistration method.
Starts calling UserRetrieval#retrieveUser in RegistrationServicesImpl#validateRegistration.
Finished calling UserRetrieval#retrieveUser in RegistrationServicesImpl#validateRegistration.
Starts calling ProjectServices#getFullProjectData method.
Finished calling ProjectServices#getFullProjectData method.
Starts calling RegistrationValidator#validate method.
Finished calling RegistrationValidator#validate method.
Exits RegistrationServicesImpl#validateRegistration method.
Enters RegistrationServicesImpl#validateRegistration method.
Starts calling UserRetrieval#retrieveUser in RegistrationServicesImpl#validateRegistration.
Finished calling UserRetrieval#retrieveUser in RegistrationServicesImpl#validateRegistration.
Starts calling ProjectServices#getFullProjectData method.
Finished calling ProjectServices#getFullProjectData method.
Starts calling RegistrationValidator#validate method.
Finished calling RegistrationValidator#validate method.
Exits RegistrationServicesImpl#validateRegistration method.
Enters RegistrationServicesImpl#validateRegistration method.
Starts calling UserRetrieval#retrieveUser in RegistrationServicesImpl#validateRegistration.
Finished calling UserRetrieval#retrieveUser in RegistrationServicesImpl#validateRegistration.
Starts calling ProjectServices#getFullProjectData method.
Finished calling ProjectServices#getFullProjectData method.
Starts calling RegistrationValidator#validate method.
Finished calling RegistrationValidator#validate method.
Exits RegistrationServicesImpl#validateRegistration method.
Enters RegistrationServicesImpl#validateRegistration method.
Starts calling UserRetrieval#retrieveUser in RegistrationServicesImpl#validateRegistration.
Finished calling UserRetrieval#retrieveUser in RegistrationServicesImpl#validateRegistration.
Starts calling ProjectServices#getFullProjectData method.
Finished calling ProjectServices#getFullProjectData method.
Starts calling RegistrationValidator#validate method.
Finished calling RegistrationValidator#validate method.
Exits RegistrationServicesImpl#validateRegistration method.
Enters RegistrationServicesImpl#validateRegistration method.
Starts calling UserRetrieval#retrieveUser in RegistrationServicesImpl#validateRegistration.
Finished calling UserRetrieval#retrieveUser in RegistrationServicesImpl#validateRegistration.
Starts calling ProjectServices#getFullProjectData method.
Finished calling ProjectServices#getFullProjectData method.
Starts calling RegistrationValidator#validate method.
Finished calling RegistrationValidator#validate method.
Exits RegistrationServicesImpl#validateRegistration method.
Enters RegistrationServicesImpl#validateRegistration method.
Starts calling UserRetrieval#retrieveUser in RegistrationServicesImpl#validateRegistration.
Finished calling UserRetrieval#retrieveUser in RegistrationServicesImpl#validateRegistration.
Starts calling ProjectServices#getFullProjectData method.
Finished calling ProjectServices#getFullProjectData method.
Starts calling RegistrationValidator#validate method.
Finished calling RegistrationValidator#validate method.
Exits RegistrationServicesImpl#validateRegistration method.
Enters RegistrationServicesImpl#validateRegistration method.
Starts calling UserRetrieval#retrieveUser in RegistrationServicesImpl#validateRegistration.
Finished calling UserRetrieval#retrieveUser in RegistrationServicesImpl#validateRegistration.
Starts calling ProjectServices#getFullProjectData method.
Finished calling ProjectServices#getFullProjectData method.
Starts calling RegistrationValidator#validate method.
Finished calling RegistrationValidator#validate method.
Exits RegistrationServicesImpl#validateRegistration method.
Enters RegistrationServicesImpl#validateRegistration method.
Starts calling UserRetrieval#retrieveUser in RegistrationServicesImpl#validateRegistration.
Finished calling UserRetrieval#retrieveUser in RegistrationServicesImpl#validateRegistration.
Starts calling ProjectServices#getFullProjectData method.
Finished calling ProjectServices#getFullProjectData method.
Starts calling RegistrationValidator#validate method.
Finished calling RegistrationValidator#validate method.
Exits RegistrationServicesImpl#validateRegistration method.
Enters RegistrationServicesImpl#validateRegistration method.
Starts calling UserRetrieval#retrieveUser in RegistrationServicesImpl#validateRegistration.
Finished calling UserRetrieval#retrieveUser in RegistrationServicesImpl#validateRegistration.
Starts calling ProjectServices#getFullProjectData method.
Finished calling ProjectServices#getFullProjectData method.
Starts calling RegistrationValidator#validate method.
Finished calling RegistrationValidator#validate method.
Exits RegistrationServicesImpl#validateRegistration method.
Enters RegistrationServicesImpl#validateRegistration method.
Starts calling UserRetrieval#retrieveUser in RegistrationServicesImpl#validateRegistration.
Finished calling UserRetrieval#retrieveUser in RegistrationServicesImpl#validateRegistration.
Starts calling ProjectServices#getFullProjectData method.
Finished calling ProjectServices#getFullProjectData method.
Starts calling RegistrationValidator#validate method.
Finished calling RegistrationValidator#validate method.
Exits RegistrationServicesImpl#validateRegistration method.
Enters RegistrationServicesImpl#validateRegistration method.
Starts calling UserRetrieval#retrieveUser in RegistrationServicesImpl#validateRegistration.
Finished calling UserRetrieval#retrieveUser in RegistrationServicesImpl#validateRegistration.
Starts calling ProjectServices#getFullProjectData method.
Finished calling ProjectServices#getFullProjectData method.
Starts calling RegistrationValidator#validate method.
Finished calling RegistrationValidator#validate method.
Exits RegistrationServicesImpl#validateRegistration method.
Enters RegistrationServicesImpl#validateRegistration method.
Starts calling UserRetrieval#retrieveUser in RegistrationServicesImpl#validateRegistration.
Finished calling UserRetrieval#retrieveUser in RegistrationServicesImpl#validateRegistration.
Starts calling ProjectServices#getFullProjectData method.
Finished calling ProjectServices#getFullProjectData method.
Starts calling RegistrationValidator#validate method.
Finished calling RegistrationValidator#validate method.
Exits RegistrationServicesImpl#validateRegistration method.
Enters RegistrationServicesImpl#validateRegistration method.
Starts calling UserRetrieval#retrieveUser in RegistrationServicesImpl#validateRegistration.
Finished calling UserRetrieval#retrieveUser in RegistrationServicesImpl#validateRegistration.
Starts calling ProjectServices#getFullProjectData method.
Finished calling ProjectServices#getFullProjectData method.
Starts calling RegistrationValidator#validate method.
Finished calling RegistrationValidator#validate method.
Exits RegistrationServicesImpl#validateRegistration method.
Enters RegistrationServicesImpl#validateRegistration method.
Starts calling UserRetrieval#retrieveUser in RegistrationServicesImpl#validateRegistration.
Finished calling UserRetrieval#retrieveUser in RegistrationServicesImpl#validateRegistration.
Starts calling ProjectServices#getFullProjectData method.
Finished calling ProjectServices#getFullProjectData method.
Starts calling RegistrationValidator#validate method.
Finished calling RegistrationValidator#validate method.
Exits RegistrationServicesImpl#validateRegistration method.
Enters RegistrationServicesImpl#validateRegistration method.
Starts calling UserRetrieval#retrieveUser in RegistrationServicesImpl#validateRegistration.
Finished calling UserRetrieval#retrieveUser in RegistrationServicesImpl#validateRegistration.
Starts calling ProjectServices#getFullProjectData method.
Finished calling ProjectServices#getFullProjectData method.
Starts calling RegistrationValidator#validate method.
Finished calling RegistrationValidator#validate method.
Exits RegistrationServicesImpl#validateRegistration method.
Enters RegistrationServicesImpl#validateRegistration method.
Starts calling UserRetrieval#retrieveUser in RegistrationServicesImpl#validateRegistration.
Finished calling UserRetrieval#retrieveUser in RegistrationServicesImpl#validateRegistration.
Starts calling ProjectServices#getFullProjectData method.
Finished calling ProjectServices#getFullProjectData method.
Starts calling RegistrationValidator#validate method.
Finished calling RegistrationValidator#validate method.
Exits RegistrationServicesImpl#validateRegistration method.
Enters RegistrationServicesImpl#validateRegistration method.
Starts calling UserRetrieval#retrieveUser in RegistrationServicesImpl#validateRegistration.
Finished calling UserRetrieval#retrieveUser in RegistrationServicesImpl#validateRegistration.
Starts calling ProjectServices#getFullProjectData method.
Finished calling ProjectServices#getFullProjectData method.
Starts calling RegistrationValidator#validate method.
Finished calling RegistrationValidator#validate method.
Exits RegistrationServicesImpl#validateRegistration method.
Enters RegistrationServicesImpl#validateRegistration method.
Starts calling UserRetrieval#retrieveUser in RegistrationServicesImpl#validateRegistration.
Finished calling UserRetrieval#retrieveUser in RegistrationServicesImpl#validateRegistration.
Starts calling ProjectServices#getFullProjectData method.
Finished calling ProjectServices#getFullProjectData method.
Starts calling RegistrationValidator#validate method.
Finished calling RegistrationValidator#validate method.
Exits RegistrationServicesImpl#validateRegistration method.
Enters RegistrationServicesImpl#validateRegistration method.
Starts calling UserRetrieval#retrieveUser in RegistrationServicesImpl#validateRegistration.
Finished calling UserRetrieval#retrieveUser in RegistrationServicesImpl#validateRegistration.
Starts calling ProjectServices#getFullProjectData method.
Finished calling ProjectServices#getFullProjectData method.
Starts calling RegistrationValidator#validate method.
Finished calling RegistrationValidator#validate method.
Exits RegistrationServicesImpl#validateRegistration method.
Enters RegistrationServicesImpl#validateRegistration method.
Starts calling UserRetrieval#retrieveUser in RegistrationServicesImpl#validateRegistration.
Finished calling UserRetrieval#retrieveUser in RegistrationServicesImpl#validateRegistration.
Starts calling ProjectServices#getFullProjectData method.
Finished calling ProjectServices#getFullProjectData method.
Starts calling RegistrationValidator#validate method.
Finished calling RegistrationValidator#validate method.
Exits RegistrationServicesImpl#validateRegistration method.
Enters RegistrationServicesImpl#validateRegistration method.
Starts calling UserRetrieval#retrieveUser in RegistrationServicesImpl#validateRegistration.
Finished calling UserRetrieval#retrieveUser in RegistrationServicesImpl#validateRegistration.
Starts calling ProjectServices#getFullProjectData method.
Finished calling ProjectServices#getFullProjectData method.
Starts calling RegistrationValidator#validate method.
Finished calling RegistrationValidator#validate method.
Exits RegistrationServicesImpl#validateRegistration method.
Enters RegistrationServicesImpl#validateRegistration method.
Starts calling UserRetrieval#retrieveUser in RegistrationServicesImpl#validateRegistration.
Finished calling UserRetrieval#retrieveUser in RegistrationServicesImpl#validateRegistration.
Starts calling ProjectServices#getFullProjectData method.
Finished calling ProjectServices#getFullProjectData method.
Starts calling RegistrationValidator#validate method.
Finished calling RegistrationValidator#validate method.
Exits RegistrationServicesImpl#validateRegistration method.
Enters RegistrationServicesImpl#validateRegistration method.
Starts calling UserRetrieval#retrieveUser in RegistrationServicesImpl#validateRegistration.
Finished calling UserRetrieval#retrieveUser in RegistrationServicesImpl#validateRegistration.
Starts calling ProjectServices#getFullProjectData method.
Finished calling ProjectServices#getFullProjectData method.
Starts calling RegistrationValidator#validate method.
Finished calling RegistrationValidator#validate method.
Exits RegistrationServicesImpl#validateRegistration method.
Enters RegistrationServicesImpl#validateRegistration method.
Starts calling UserRetrieval#retrieveUser in RegistrationServicesImpl#validateRegistration.
Finished calling UserRetrieval#retrieveUser in RegistrationServicesImpl#validateRegistration.
Starts calling ProjectServices#getFullProjectData method.
Finished calling ProjectServices#getFullProjectData method.
Starts calling RegistrationValidator#validate method.
Finished calling RegistrationValidator#validate method.
Exits RegistrationServicesImpl#validateRegistration method.
Enters RegistrationServicesImpl#validateRegistration method.
Starts calling UserRetrieval#retrieveUser in RegistrationServicesImpl#validateRegistration.
Finished calling UserRetrieval#retrieveUser in RegistrationServicesImpl#validateRegistration.
Starts calling ProjectServices#getFullProjectData method.
Finished calling ProjectServices#getFullProjectData method.
Starts calling RegistrationValidator#validate method.
Finished calling RegistrationValidator#validate method.
Exits RegistrationServicesImpl#validateRegistration method.
Enters RegistrationServicesImpl#validateRegistration method.
Starts calling UserRetrieval#retrieveUser in RegistrationServicesImpl#validateRegistration.
Finished calling UserRetrieval#retrieveUser in RegistrationServicesImpl#validateRegistration.
Starts calling ProjectServices#getFullProjectData method.
Finished calling ProjectServices#getFullProjectData method.
Starts calling RegistrationValidator#validate method.
Finished calling RegistrationValidator#validate method.
Exits RegistrationServicesImpl#validateRegistration method.
Enters RegistrationServicesImpl#validateRegistration method.
Starts calling UserRetrieval#retrieveUser in RegistrationServicesImpl#validateRegistration.
Finished calling UserRetrieval#retrieveUser in RegistrationServicesImpl#validateRegistration.
Starts calling ProjectServices#getFullProjectData method.
Finished calling ProjectServices#getFullProjectData method.
Starts calling RegistrationValidator#validate method.
Finished calling RegistrationValidator#validate method.
Exits RegistrationServicesImpl#validateRegistration method.
Enters RegistrationServicesImpl#validateRegistration method.
Starts calling UserRetrieval#retrieveUser in RegistrationServicesImpl#validateRegistration.
Finished calling UserRetrieval#retrieveUser in RegistrationServicesImpl#validateRegistration.
Starts calling ProjectServices#getFullProjectData method.
Finished calling ProjectServices#getFullProjectData method.
Starts calling RegistrationValidator#validate method.
Finished calling RegistrationValidator#validate method.
Exits RegistrationServicesImpl#validateRegistration method.
Enters RegistrationServicesImpl#validateRegistration method.
Starts calling UserRetrieval#retrieveUser in RegistrationServicesImpl#validateRegistration.
Finished calling UserRetrieval#retrieveUser in RegistrationServicesImpl#validateRegistration.
Starts calling ProjectServices#getFullProjectData method.
Finished calling ProjectServices#getFullProjectData method.
Starts calling RegistrationValidator#validate method.
Finished calling RegistrationValidator#validate method.
Exits RegistrationServicesImpl#validateRegistration method.
Enters RegistrationServicesImpl#validateRegistration method.
Starts calling UserRetrieval#retrieveUser in RegistrationServicesImpl#validateRegistration.
Finished calling UserRetrieval#retrieveUser in RegistrationServicesImpl#validateRegistration.
Starts calling ProjectServices#getFullProjectData method.
Finished calling ProjectServices#getFullProjectData method.
Starts calling RegistrationValidator#validate method.
Finished calling RegistrationValidator#validate method.
Exits RegistrationServicesImpl#validateRegistration method.
Enters RegistrationServicesImpl#validateRegistration method.
Starts calling UserRetrieval#retrieveUser in RegistrationServicesImpl#validateRegistration.
Finished calling UserRetrieval#retrieveUser in RegistrationServicesImpl#validateRegistration.
Starts calling ProjectServices#getFullProjectData method.
Finished calling ProjectServices#getFullProjectData method.
Starts calling RegistrationValidator#validate method.
Finished calling RegistrationValidator#validate method.
Exits RegistrationServicesImpl#validateRegistration method.
Enters RegistrationServicesImpl#validateRegistration method.
Starts calling UserRetrieval#retrieveUser in RegistrationServicesImpl#validateRegistration.
Finished calling UserRetrieval#retrieveUser in RegistrationServicesImpl#validateRegistration.
Starts calling ProjectServices#getFullProjectData method.
Finished calling ProjectServices#getFullProjectData method.
Starts calling RegistrationValidator#validate method.
Finished calling RegistrationValidator#validate method.
Exits RegistrationServicesImpl#validateRegistration method.
Enters RegistrationServicesImpl#validateRegistration method.
Starts calling UserRetrieval#retrieveUser in RegistrationServicesImpl#validateRegistration.
Finished calling UserRetrieval#retrieveUser in RegistrationServicesImpl#validateRegistration.
Starts calling ProjectServices#getFullProjectData method.
Finished calling ProjectServices#getFullProjectData method.
Starts calling RegistrationValidator#validate method.
Finished calling RegistrationValidator#validate method.
Exits RegistrationServicesImpl#validateRegistration method.
Enters RegistrationServicesImpl#validateRegistration method.
Starts calling UserRetrieval#retrieveUser in RegistrationServicesImpl#validateRegistration.
Finished calling UserRetrieval#retrieveUser in RegistrationServicesImpl#validateRegistration.
Starts calling ProjectServices#getFullProjectData method.
Finished calling ProjectServices#getFullProjectData method.
Starts calling RegistrationValidator#validate method.
Finished calling RegistrationValidator#validate method.
Exits RegistrationServicesImpl#validateRegistration method.
Enters RegistrationServicesImpl#validateRegistration method.
Starts calling UserRetrieval#retrieveUser in RegistrationServicesImpl#validateRegistration.
Finished calling UserRetrieval#retrieveUser in RegistrationServicesImpl#validateRegistration.
Starts calling ProjectServices#getFullProjectData method.
Finished calling ProjectServices#getFullProjectData method.
Starts calling RegistrationValidator#validate method.
Finished calling RegistrationValidator#validate method.
Exits RegistrationServicesImpl#validateRegistration method.
Enters RegistrationServicesImpl#validateRegistration method.
Starts calling UserRetrieval#retrieveUser in RegistrationServicesImpl#validateRegistration.
Finished calling UserRetrieval#retrieveUser in RegistrationServicesImpl#validateRegistration.
Starts calling ProjectServices#getFullProjectData method.
Finished calling ProjectServices#getFullProjectData method.
Starts calling RegistrationValidator#validate method.
Finished calling RegistrationValidator#validate method.
Exits RegistrationServicesImpl#validateRegistration method.
Enters RegistrationServicesImpl#validateRegistration method.
Starts calling UserRetrieval#retrieveUser in RegistrationServicesImpl#validateRegistration.
Finished calling UserRetrieval#retrieveUser in RegistrationServicesImpl#validateRegistration.
Starts calling ProjectServices#getFullProjectData method.
Finished calling ProjectServices#getFullProjectData method.
Starts calling RegistrationValidator#validate method.
Finished calling RegistrationValidator#validate method.
Exits RegistrationServicesImpl#validateRegistration method.
Enters RegistrationServicesImpl#validateRegistration method.
Starts calling UserRetrieval#retrieveUser in RegistrationServicesImpl#validateRegistration.
Finished calling UserRetrieval#retrieveUser in RegistrationServicesImpl#validateRegistration.
Starts calling ProjectServices#getFullProjectData method.
Finished calling ProjectServices#getFullProjectData method.
Starts calling RegistrationValidator#validate method.
Finished calling RegistrationValidator#validate method.
Exits RegistrationServicesImpl#validateRegistration method.
Enters RegistrationServicesImpl#validateRegistration method.
Starts calling UserRetrieval#retrieveUser in RegistrationServicesImpl#validateRegistration.
Finished calling UserRetrieval#retrieveUser in RegistrationServicesImpl#validateRegistration.
Starts calling ProjectServices#getFullProjectData method.
Finished calling ProjectServices#getFullProjectData method.
Starts calling RegistrationValidator#validate method.
Finished calling RegistrationValidator#validate method.
Exits RegistrationServicesImpl#validateRegistration method.
Enters RegistrationServicesImpl#validateRegistration method.
Starts calling UserRetrieval#retrieveUser in RegistrationServicesImpl#validateRegistration.
Finished calling UserRetrieval#retrieveUser in RegistrationServicesImpl#validateRegistration.
Starts calling ProjectServices#getFullProjectData method.
Finished calling ProjectServices#getFullProjectData method.
Starts calling RegistrationValidator#validate method.
Finished calling RegistrationValidator#validate method.
Exits RegistrationServicesImpl#validateRegistration method.
Enters RegistrationServicesImpl#validateRegistration method.
Starts calling UserRetrieval#retrieveUser in RegistrationServicesImpl#validateRegistration.
Finished calling UserRetrieval#retrieveUser in RegistrationServicesImpl#validateRegistration.
Starts calling ProjectServices#getFullProjectData method.
Finished calling ProjectServices#getFullProjectData method.
Starts calling RegistrationValidator#validate method.
Finished calling RegistrationValidator#validate method.
Exits RegistrationServicesImpl#validateRegistration method.
Enters RegistrationServicesImpl#validateRegistration method.
Starts calling UserRetrieval#retrieveUser in RegistrationServicesImpl#validateRegistration.
Finished calling UserRetrieval#retrieveUser in RegistrationServicesImpl#validateRegistration.
Starts calling ProjectServices#getFullProjectData method.
Finished calling ProjectServices#getFullProjectData method.
Starts calling RegistrationValidator#validate method.
Finished calling RegistrationValidator#validate method.
Exits RegistrationServicesImpl#validateRegistration method.
Enters RegistrationServicesImpl#validateRegistration method.
Starts calling UserRetrieval#retrieveUser in RegistrationServicesImpl#validateRegistration.
Finished calling UserRetrieval#retrieveUser in RegistrationServicesImpl#validateRegistration.
Starts calling ProjectServices#getFullProjectData method.
Finished calling ProjectServices#getFullProjectData method.
Starts calling RegistrationValidator#validate method.
Finished calling RegistrationValidator#validate method.
Exits RegistrationServicesImpl#validateRegistration method.
Enters RegistrationServicesImpl#validateRegistration method.
Starts calling UserRetrieval#retrieveUser in RegistrationServicesImpl#validateRegistration.
Finished calling UserRetrieval#retrieveUser in RegistrationServicesImpl#validateRegistration.
Starts calling ProjectServices#getFullProjectData method.
Finished calling ProjectServices#getFullProjectData method.
Starts calling RegistrationValidator#validate method.
Finished calling RegistrationValidator#validate method.
Exits RegistrationServicesImpl#validateRegistration method.
Enters RegistrationServicesImpl#validateRegistration method.
Starts calling UserRetrieval#retrieveUser in RegistrationServicesImpl#validateRegistration.
Finished calling UserRetrieval#retrieveUser in RegistrationServicesImpl#validateRegistration.
Starts calling ProjectServices#getFullProjectData method.
Finished calling ProjectServices#getFullProjectData method.
Starts calling RegistrationValidator#validate method.
Finished calling RegistrationValidator#validate method.
Exits RegistrationServicesImpl#validateRegistration method.
Enters RegistrationServicesImpl#validateRegistration method.
Starts calling UserRetrieval#retrieveUser in RegistrationServicesImpl#validateRegistration.
Finished calling UserRetrieval#retrieveUser in RegistrationServicesImpl#validateRegistration.
Starts calling ProjectServices#getFullProjectData method.
Finished calling ProjectServices#getFullProjectData method.
Starts calling RegistrationValidator#validate method.
Finished calling RegistrationValidator#validate method.
Exits RegistrationServicesImpl#validateRegistration method.
Enters RegistrationServicesImpl#validateRegistration method.
Starts calling UserRetrieval#retrieveUser in RegistrationServicesImpl#validateRegistration.
Finished calling UserRetrieval#retrieveUser in RegistrationServicesImpl#validateRegistration.
Starts calling ProjectServices#getFullProjectData method.
Finished calling ProjectServices#getFullProjectData method.
Starts calling RegistrationValidator#validate method.
Finished calling RegistrationValidator#validate method.
Exits RegistrationServicesImpl#validateRegistration method.
Enters RegistrationServicesImpl#validateRegistration method.
Starts calling UserRetrieval#retrieveUser in RegistrationServicesImpl#validateRegistration.
Finished calling UserRetrieval#retrieveUser in RegistrationServicesImpl#validateRegistration.
Starts calling ProjectServices#getFullProjectData method.
Finished calling ProjectServices#getFullProjectData method.
Starts calling RegistrationValidator#validate method.
Finished calling RegistrationValidator#validate method.
Exits RegistrationServicesImpl#validateRegistration method.
Enters RegistrationServicesImpl#validateRegistration method.
Starts calling UserRetrieval#retrieveUser in RegistrationServicesImpl#validateRegistration.
Finished calling UserRetrieval#retrieveUser in RegistrationServicesImpl#validateRegistration.
Starts calling ProjectServices#getFullProjectData method.
Finished calling ProjectServices#getFullProjectData method.
Starts calling RegistrationValidator#validate method.
Finished calling RegistrationValidator#validate method.
Exits RegistrationServicesImpl#validateRegistration method.
Enters RegistrationServicesImpl#validateRegistration method.
Starts calling UserRetrieval#retrieveUser in RegistrationServicesImpl#validateRegistration.
Finished calling UserRetrieval#retrieveUser in RegistrationServicesImpl#validateRegistration.
Starts calling ProjectServices#getFullProjectData method.
Finished calling ProjectServices#getFullProjectData method.
Starts calling RegistrationValidator#validate method.
Finished calling RegistrationValidator#validate method.
Exits RegistrationServicesImpl#validateRegistration method.
Enters RegistrationServicesImpl#validateRegistration method.
Starts calling UserRetrieval#retrieveUser in RegistrationServicesImpl#validateRegistration.
Finished calling UserRetrieval#retrieveUser in RegistrationServicesImpl#validateRegistration.
Starts calling ProjectServices#getFullProjectData method.
Finished calling ProjectServices#getFullProjectData method.
Starts calling RegistrationValidator#validate method.
Finished calling RegistrationValidator#validate method.
Exits RegistrationServicesImpl#validateRegistration method.
Enters RegistrationServicesImpl#validateRegistration method.
Starts calling UserRetrieval#retrieveUser in RegistrationServicesImpl#validateRegistration.
Finished calling UserRetrieval#retrieveUser in RegistrationServicesImpl#validateRegistration.
Starts calling ProjectServices#getFullProjectData method.
Finished calling ProjectServices#getFullProjectData method.
Starts calling RegistrationValidator#validate method.
Finished calling RegistrationValidator#validate method.
Exits RegistrationServicesImpl#validateRegistration method.
Enters RegistrationServicesImpl#validateRegistration method.
Starts calling UserRetrieval#retrieveUser in RegistrationServicesImpl#validateRegistration.
Finished calling UserRetrieval#retrieveUser in RegistrationServicesImpl#validateRegistration.
Starts calling ProjectServices#getFullProjectData method.
Finished calling ProjectServices#getFullProjectData method.
Starts calling RegistrationValidator#validate method.
Finished calling RegistrationValidator#validate method.
Exits RegistrationServicesImpl#validateRegistration method.
Enters RegistrationServicesImpl#validateRegistration method.
Starts calling UserRetrieval#retrieveUser in RegistrationServicesImpl#validateRegistration.
Finished calling UserRetrieval#retrieveUser in RegistrationServicesImpl#validateRegistration.
Starts calling ProjectServices#getFullProjectData method.
Finished calling ProjectServices#getFullProjectData method.
Starts calling RegistrationValidator#validate method.
Finished calling RegistrationValidator#validate method.
Exits RegistrationServicesImpl#validateRegistration method.
Enters RegistrationServicesImpl#validateRegistration method.
Starts calling UserRetrieval#retrieveUser in RegistrationServicesImpl#validateRegistration.
Finished calling UserRetrieval#retrieveUser in RegistrationServicesImpl#validateRegistration.
Starts calling ProjectServices#getFullProjectData method.
Finished calling ProjectServices#getFullProjectData method.
Starts calling RegistrationValidator#validate method.
Finished calling RegistrationValidator#validate method.
Exits RegistrationServicesImpl#validateRegistration method.
Enters RegistrationServicesImpl#validateRegistration method.
Starts calling UserRetrieval#retrieveUser in RegistrationServicesImpl#validateRegistration.
Finished calling UserRetrieval#retrieveUser in RegistrationServicesImpl#validateRegistration.
Starts calling ProjectServices#getFullProjectData method.
Finished calling ProjectServices#getFullProjectData method.
Starts calling RegistrationValidator#validate method.
Finished calling RegistrationValidator#validate method.
Exits RegistrationServicesImpl#validateRegistration method.
Enters RegistrationServicesImpl#validateRegistration method.
Starts calling UserRetrieval#retrieveUser in RegistrationServicesImpl#validateRegistration.
Finished calling UserRetrieval#retrieveUser in RegistrationServicesImpl#validateRegistration.
Starts calling ProjectServices#getFullProjectData method.
Finished calling ProjectServices#getFullProjectData method.
Starts calling RegistrationValidator#validate method.
Finished calling RegistrationValidator#validate method.
Exits RegistrationServicesImpl#validateRegistration method.
Enters RegistrationServicesImpl#validateRegistration method.
Starts calling UserRetrieval#retrieveUser in RegistrationServicesImpl#validateRegistration.
Finished calling UserRetrieval#retrieveUser in RegistrationServicesImpl#validateRegistration.
Starts calling ProjectServices#getFullProjectData method.
Finished calling ProjectServices#getFullProjectData method.
Starts calling RegistrationValidator#validate method.
Finished calling RegistrationValidator#validate method.
Exits RegistrationServicesImpl#validateRegistration method.
Enters RegistrationServicesImpl#validateRegistration method.
Starts calling UserRetrieval#retrieveUser in RegistrationServicesImpl#validateRegistration.
Finished calling UserRetrieval#retrieveUser in RegistrationServicesImpl#validateRegistration.
Starts calling ProjectServices#getFullProjectData method.
Finished calling ProjectServices#getFullProjectData method.
Starts calling RegistrationValidator#validate method.
Finished calling RegistrationValidator#validate method.
Exits RegistrationServicesImpl#validateRegistration method.
Enters RegistrationServicesImpl#validateRegistration method.
Starts calling UserRetrieval#retrieveUser in RegistrationServicesImpl#validateRegistration.
Finished calling UserRetrieval#retrieveUser in RegistrationServicesImpl#validateRegistration.
Starts calling ProjectServices#getFullProjectData method.
Finished calling ProjectServices#getFullProjectData method.
Starts calling RegistrationValidator#validate method.
Finished calling RegistrationValidator#validate method.
Exits RegistrationServicesImpl#validateRegistration method.
Enters RegistrationServicesImpl#validateRegistration method.
Starts calling UserRetrieval#retrieveUser in RegistrationServicesImpl#validateRegistration.
Finished calling UserRetrieval#retrieveUser in RegistrationServicesImpl#validateRegistration.
Starts calling ProjectServices#getFullProjectData method.
Finished calling ProjectServices#getFullProjectData method.
Starts calling RegistrationValidator#validate method.
Finished calling RegistrationValidator#validate method.
Exits RegistrationServicesImpl#validateRegistration method.
Enters RegistrationServicesImpl#validateRegistration method.
Starts calling UserRetrieval#retrieveUser in RegistrationServicesImpl#validateRegistration.
Finished calling UserRetrieval#retrieveUser in RegistrationServicesImpl#validateRegistration.
Starts calling ProjectServices#getFullProjectData method.
Finished calling ProjectServices#getFullProjectData method.
Starts calling RegistrationValidator#validate method.
Finished calling RegistrationValidator#validate method.
Exits RegistrationServicesImpl#validateRegistration method.
Enters RegistrationServicesImpl#validateRegistration method.
Starts calling UserRetrieval#retrieveUser in RegistrationServicesImpl#validateRegistration.
Finished calling UserRetrieval#retrieveUser in RegistrationServicesImpl#validateRegistration.
Starts calling ProjectServices#getFullProjectData method.
Finished calling ProjectServices#getFullProjectData method.
Starts calling RegistrationValidator#validate method.
Finished calling RegistrationValidator#validate method.
Exits RegistrationServicesImpl#validateRegistration method.
Enters RegistrationServicesImpl#validateRegistration method.
Starts calling UserRetrieval#retrieveUser in RegistrationServicesImpl#validateRegistration.
Finished calling UserRetrieval#retrieveUser in RegistrationServicesImpl#validateRegistration.
Starts calling ProjectServices#getFullProjectData method.
Finished calling ProjectServices#getFullProjectData method.
Starts calling RegistrationValidator#validate method.
Finished calling RegistrationValidator#validate method.
Exits RegistrationServicesImpl#validateRegistration method.
Enters RegistrationServicesImpl#validateRegistration method.
Starts calling UserRetrieval#retrieveUser in RegistrationServicesImpl#validateRegistration.
Finished calling UserRetrieval#retrieveUser in RegistrationServicesImpl#validateRegistration.
Starts calling ProjectServices#getFullProjectData method.
Finished calling ProjectServices#getFullProjectData method.
Starts calling RegistrationValidator#validate method.
Finished calling RegistrationValidator#validate method.
Exits RegistrationServicesImpl#validateRegistration method.
Enters RegistrationServicesImpl#validateRegistration method.
Starts calling UserRetrieval#retrieveUser in RegistrationServicesImpl#validateRegistration.
Finished calling UserRetrieval#retrieveUser in RegistrationServicesImpl#validateRegistration.
Starts calling ProjectServices#getFullProjectData method.
Finished calling ProjectServices#getFullProjectData method.
Starts calling RegistrationValidator#validate method.
Finished calling RegistrationValidator#validate method.
Exits RegistrationServicesImpl#validateRegistration method.
Enters RegistrationServicesImpl#validateRegistration method.
Starts calling UserRetrieval#retrieveUser in RegistrationServicesImpl#validateRegistration.
Finished calling UserRetrieval#retrieveUser in RegistrationServicesImpl#validateRegistration.
Starts calling ProjectServices#getFullProjectData method.
Finished calling ProjectServices#getFullProjectData method.
Starts calling RegistrationValidator#validate method.
Finished calling RegistrationValidator#validate method.
Exits RegistrationServicesImpl#validateRegistration method.
Enters RegistrationServicesImpl#validateRegistration method.
Starts calling UserRetrieval#retrieveUser in RegistrationServicesImpl#validateRegistration.
Finished calling UserRetrieval#retrieveUser in RegistrationServicesImpl#validateRegistration.
Starts calling ProjectServices#getFullProjectData method.
Finished calling ProjectServices#getFullProjectData method.
Starts calling RegistrationValidator#validate method.
Finished calling RegistrationValidator#validate method.
Exits RegistrationServicesImpl#validateRegistration method.
Enters RegistrationServicesImpl#validateRegistration method.
Starts calling UserRetrieval#retrieveUser in RegistrationServicesImpl#validateRegistration.
Finished calling UserRetrieval#retrieveUser in RegistrationServicesImpl#validateRegistration.
Starts calling ProjectServices#getFullProjectData method.
Finished calling ProjectServices#getFullProjectData method.
Starts calling RegistrationValidator#validate method.
Finished calling RegistrationValidator#validate method.
Exits RegistrationServicesImpl#validateRegistration method.
Enters RegistrationServicesImpl#validateRegistration method.
Starts calling UserRetrieval#retrieveUser in RegistrationServicesImpl#validateRegistration.
Finished calling UserRetrieval#retrieveUser in RegistrationServicesImpl#validateRegistration.
Starts calling ProjectServices#getFullProjectData method.
Finished calling ProjectServices#getFullProjectData method.
Starts calling RegistrationValidator#validate method.
Finished calling RegistrationValidator#validate method.
Exits RegistrationServicesImpl#validateRegistration method.
Enters RegistrationServicesImpl#validateRegistration method.
Starts calling UserRetrieval#retrieveUser in RegistrationServicesImpl#validateRegistration.
Finished calling UserRetrieval#retrieveUser in RegistrationServicesImpl#validateRegistration.
Starts calling ProjectServices#getFullProjectData method.
Finished calling ProjectServices#getFullProjectData method.
Starts calling RegistrationValidator#validate method.
Finished calling RegistrationValidator#validate method.
Exits RegistrationServicesImpl#validateRegistration method.
Enters RegistrationServicesImpl#validateRegistration method.
Starts calling UserRetrieval#retrieveUser in RegistrationServicesImpl#validateRegistration.
Finished calling UserRetrieval#retrieveUser in RegistrationServicesImpl#validateRegistration.
Starts calling ProjectServices#getFullProjectData method.
Finished calling ProjectServices#getFullProjectData method.
Starts calling RegistrationValidator#validate method.
Finished calling RegistrationValidator#validate method.
Exits RegistrationServicesImpl#validateRegistration method.
Enters RegistrationServicesImpl#validateRegistration method.
Starts calling UserRetrieval#retrieveUser in RegistrationServicesImpl#validateRegistration.
Finished calling UserRetrieval#retrieveUser in RegistrationServicesImpl#validateRegistration.
Starts calling ProjectServices#getFullProjectData method.
Finished calling ProjectServices#getFullProjectData method.
Starts calling RegistrationValidator#validate method.
Finished calling RegistrationValidator#validate method.
Exits RegistrationServicesImpl#validateRegistration method.
Enters RegistrationServicesImpl#validateRegistration method.
Starts calling UserRetrieval#retrieveUser in RegistrationServicesImpl#validateRegistration.
Finished calling UserRetrieval#retrieveUser in RegistrationServicesImpl#validateRegistration.
Starts calling ProjectServices#getFullProjectData method.
Finished calling ProjectServices#getFullProjectData method.
Starts calling RegistrationValidator#validate method.
Finished calling RegistrationValidator#validate method.
Exits RegistrationServicesImpl#validateRegistration method.
Enters RegistrationServicesImpl#validateRegistration method.
Starts calling UserRetrieval#retrieveUser in RegistrationServicesImpl#validateRegistration.
Finished calling UserRetrieval#retrieveUser in RegistrationServicesImpl#validateRegistration.
Starts calling ProjectServices#getFullProjectData method.
Finished calling ProjectServices#getFullProjectData method.
Starts calling RegistrationValidator#validate method.
Finished calling RegistrationValidator#validate method.
Exits RegistrationServicesImpl#validateRegistration method.
Enters RegistrationServicesImpl#validateRegistration method.
Starts calling UserRetrieval#retrieveUser in RegistrationServicesImpl#validateRegistration.
Finished calling UserRetrieval#retrieveUser in RegistrationServicesImpl#validateRegistration.
Starts calling ProjectServices#getFullProjectData method.
Finished calling ProjectServices#getFullProjectData method.
Starts calling RegistrationValidator#validate method.
Finished calling RegistrationValidator#validate method.
Exits RegistrationServicesImpl#validateRegistration method.
Enters RegistrationServicesImpl#validateRegistration method.
Starts calling UserRetrieval#retrieveUser in RegistrationServicesImpl#validateRegistration.
Finished calling UserRetrieval#retrieveUser in RegistrationServicesImpl#validateRegistration.
Starts calling ProjectServices#getFullProjectData method.
Finished calling ProjectServices#getFullProjectData method.
Starts calling RegistrationValidator#validate method.
Finished calling RegistrationValidator#validate method.
Exits RegistrationServicesImpl#validateRegistration method.
Enters RegistrationServicesImpl#validateRegistration method.
Starts calling UserRetrieval#retrieveUser in RegistrationServicesImpl#validateRegistration.
Finished calling UserRetrieval#retrieveUser in RegistrationServicesImpl#validateRegistration.
Starts calling ProjectServices#getFullProjectData method.
Finished calling ProjectServices#getFullProjectData method.
Starts calling RegistrationValidator#validate method.
Finished calling RegistrationValidator#validate method.
Exits RegistrationServicesImpl#validateRegistration method.
Enters RegistrationServicesImpl#validateRegistration method.
Starts calling UserRetrieval#retrieveUser in RegistrationServicesImpl#validateRegistration.
Finished calling UserRetrieval#retrieveUser in RegistrationServicesImpl#validateRegistration.
Starts calling ProjectServices#getFullProjectData method.
Finished calling ProjectServices#getFullProjectData method.
Starts calling RegistrationValidator#validate method.
Finished calling RegistrationValidator#validate method.
Exits RegistrationServicesImpl#validateRegistration method.
Enters RegistrationServicesImpl#validateRegistration method.
Starts calling UserRetrieval#retrieveUser in RegistrationServicesImpl#validateRegistration.
Finished calling UserRetrieval#retrieveUser in RegistrationServicesImpl#validateRegistration.
Starts calling ProjectServices#getFullProjectData method.
Finished calling ProjectServices#getFullProjectData method.
Starts calling RegistrationValidator#validate method.
Finished calling RegistrationValidator#validate method.
Exits RegistrationServicesImpl#validateRegistration method.
Enters RegistrationServicesImpl#validateRegistration method.
Starts calling UserRetrieval#retrieveUser in RegistrationServicesImpl#validateRegistration.
Finished calling UserRetrieval#retrieveUser in RegistrationServicesImpl#validateRegistration.
Starts calling ProjectServices#getFullProjectData method.
Finished calling ProjectServices#getFullProjectData method.
Starts calling RegistrationValidator#validate method.
Finished calling RegistrationValidator#validate method.
Exits RegistrationServicesImpl#validateRegistration method.
Enters RegistrationServicesImpl#validateRegistration method.
Starts calling UserRetrieval#retrieveUser in RegistrationServicesImpl#validateRegistration.
Finished calling UserRetrieval#retrieveUser in RegistrationServicesImpl#validateRegistration.
Starts calling ProjectServices#getFullProjectData method.
Finished calling ProjectServices#getFullProjectData method.
Starts calling RegistrationValidator#validate method.
Finished calling RegistrationValidator#validate method.
Exits RegistrationServicesImpl#validateRegistration method.
Enters RegistrationServicesImpl#validateRegistration method.
Starts calling UserRetrieval#retrieveUser in RegistrationServicesImpl#validateRegistration.
Finished calling UserRetrieval#retrieveUser in RegistrationServicesImpl#validateRegistration.
Starts calling ProjectServices#getFullProjectData method.
Finished calling ProjectServices#getFullProjectData method.
Starts calling RegistrationValidator#validate method.
Finished calling RegistrationValidator#validate method.
Exits RegistrationServicesImpl#validateRegistration method.
Enters RegistrationServicesImpl#validateRegistration method.
Starts calling UserRetrieval#retrieveUser in RegistrationServicesImpl#validateRegistration.
Finished calling UserRetrieval#retrieveUser in RegistrationServicesImpl#validateRegistration.
Starts calling ProjectServices#getFullProjectData method.
Finished calling ProjectServices#getFullProjectData method.
Starts calling RegistrationValidator#validate method.
Finished calling RegistrationValidator#validate method.
Exits RegistrationServicesImpl#validateRegistration method.
Enters RegistrationServicesImpl#validateRegistration method.
Starts calling UserRetrieval#retrieveUser in RegistrationServicesImpl#validateRegistration.
Finished calling UserRetrieval#retrieveUser in RegistrationServicesImpl#validateRegistration.
Starts calling ProjectServices#getFullProjectData method.
Finished calling ProjectServices#getFullProjectData method.
Starts calling RegistrationValidator#validate method.
Finished calling RegistrationValidator#validate method.
Exits RegistrationServicesImpl#validateRegistration method.
Enters RegistrationServicesImpl#validateRegistration method.
Starts calling UserRetrieval#retrieveUser in RegistrationServicesImpl#validateRegistration.
Finished calling UserRetrieval#retrieveUser in RegistrationServicesImpl#validateRegistration.
Starts calling ProjectServices#getFullProjectData method.
Finished calling ProjectServices#getFullProjectData method.
Starts calling RegistrationValidator#validate method.
Finished calling RegistrationValidator#validate method.
Exits RegistrationServicesImpl#validateRegistration method.
Enters RegistrationServicesImpl#validateRegistration method.
Starts calling UserRetrieval#retrieveUser in RegistrationServicesImpl#validateRegistration.
Finished calling UserRetrieval#retrieveUser in RegistrationServicesImpl#validateRegistration.
Starts calling ProjectServices#getFullProjectData method.
Finished calling ProjectServices#getFullProjectData method.
Starts calling RegistrationValidator#validate method.
Finished calling RegistrationValidator#validate method.
Exits RegistrationServicesImpl#validateRegistration method.
Enters RegistrationServicesImpl#validateRegistration method.
Starts calling UserRetrieval#retrieveUser in RegistrationServicesImpl#validateRegistration.
Finished calling UserRetrieval#retrieveUser in RegistrationServicesImpl#validateRegistration.
Starts calling ProjectServices#getFullProjectData method.
Finished calling ProjectServices#getFullProjectData method.
Starts calling RegistrationValidator#validate method.
Finished calling RegistrationValidator#validate method.
Exits RegistrationServicesImpl#validateRegistration method.
Enters RegistrationServicesImpl#validateRegistration method.
Starts calling UserRetrieval#retrieveUser in RegistrationServicesImpl#validateRegistration.
Finished calling UserRetrieval#retrieveUser in RegistrationServicesImpl#validateRegistration.
Starts calling ProjectServices#getFullProjectData method.
Finished calling ProjectServices#getFullProjectData method.
Starts calling RegistrationValidator#validate method.
Finished calling RegistrationValidator#validate method.
Exits RegistrationServicesImpl#validateRegistration method.
Enters RegistrationServicesImpl#validateRegistration method.
Starts calling UserRetrieval#retrieveUser in RegistrationServicesImpl#validateRegistration.
Finished calling UserRetrieval#retrieveUser in RegistrationServicesImpl#validateRegistration.
Starts calling ProjectServices#getFullProjectData method.
Finished calling ProjectServices#getFullProjectData method.
Starts calling RegistrationValidator#validate method.
Finished calling RegistrationValidator#validate method.
Exits RegistrationServicesImpl#validateRegistration method.
Enters RegistrationServicesImpl#validateRegistration method.
Starts calling UserRetrieval#retrieveUser in RegistrationServicesImpl#validateRegistration.
Finished calling UserRetrieval#retrieveUser in RegistrationServicesImpl#validateRegistration.
Starts calling ProjectServices#getFullProjectData method.
Finished calling ProjectServices#getFullProjectData method.
Starts calling RegistrationValidator#validate method.
Finished calling RegistrationValidator#validate method.
Exits RegistrationServicesImpl#validateRegistration method.
Enters RegistrationServicesImpl#validateRegistration method.
Starts calling UserRetrieval#retrieveUser in RegistrationServicesImpl#validateRegistration.
Finished calling UserRetrieval#retrieveUser in RegistrationServicesImpl#validateRegistration.
Starts calling ProjectServices#getFullProjectData method.
Finished calling ProjectServices#getFullProjectData method.
Starts calling RegistrationValidator#validate method.
Finished calling RegistrationValidator#validate method.
Exits RegistrationServicesImpl#validateRegistration method.
Enters RegistrationServicesImpl#validateRegistration method.
Starts calling UserRetrieval#retrieveUser in RegistrationServicesImpl#validateRegistration.
Finished calling UserRetrieval#retrieveUser in RegistrationServicesImpl#validateRegistration.
Starts calling ProjectServices#getFullProjectData method.
Finished calling ProjectServices#getFullProjectData method.
Starts calling RegistrationValidator#validate method.
Finished calling RegistrationValidator#validate method.
Exits RegistrationServicesImpl#validateRegistration method.
Enters RegistrationServicesImpl#validateRegistration method.
Starts calling UserRetrieval#retrieveUser in RegistrationServicesImpl#validateRegistration.
Finished calling UserRetrieval#retrieveUser in RegistrationServicesImpl#validateRegistration.
Starts calling ProjectServices#getFullProjectData method.
Finished calling ProjectServices#getFullProjectData method.
Starts calling RegistrationValidator#validate method.
Finished calling RegistrationValidator#validate method.
Exits RegistrationServicesImpl#validateRegistration method.
Enters RegistrationServicesImpl#validateRegistration method.
Starts calling UserRetrieval#retrieveUser in RegistrationServicesImpl#validateRegistration.
Finished calling UserRetrieval#retrieveUser in RegistrationServicesImpl#validateRegistration.
Starts calling ProjectServices#getFullProjectData method.
Finished calling ProjectServices#getFullProjectData method.
Starts calling RegistrationValidator#validate method.
Finished calling RegistrationValidator#validate method.
Exits RegistrationServicesImpl#validateRegistration method.
Enters RegistrationServicesImpl#validateRegistration method.
Starts calling UserRetrieval#retrieveUser in RegistrationServicesImpl#validateRegistration.
Finished calling UserRetrieval#retrieveUser in RegistrationServicesImpl#validateRegistration.
Starts calling ProjectServices#getFullProjectData method.
Finished calling ProjectServices#getFullProjectData method.
Starts calling RegistrationValidator#validate method.
Finished calling RegistrationValidator#validate method.
Exits RegistrationServicesImpl#validateRegistration method.
Enters RegistrationServicesImpl#validateRegistration method.
Starts calling UserRetrieval#retrieveUser in RegistrationServicesImpl#validateRegistration.
Finished calling UserRetrieval#retrieveUser in RegistrationServicesImpl#validateRegistration.
Starts calling ProjectServices#getFullProjectData method.
Finished calling ProjectServices#getFullProjectData method.
Starts calling RegistrationValidator#validate method.
Finished calling RegistrationValidator#validate method.
Exits RegistrationServicesImpl#validateRegistration method.
Enters RegistrationServicesImpl#validateRegistration method.
Starts calling UserRetrieval#retrieveUser in RegistrationServicesImpl#validateRegistration.
Finished calling UserRetrieval#retrieveUser in RegistrationServicesImpl#validateRegistration.
Starts calling ProjectServices#getFullProjectData method.
Finished calling ProjectServices#getFullProjectData method.
Starts calling RegistrationValidator#validate method.
Finished calling RegistrationValidator#validate method.
Exits RegistrationServicesImpl#validateRegistration method.
Enters RegistrationServicesImpl#validateRegistration method.
Starts calling UserRetrieval#retrieveUser in RegistrationServicesImpl#validateRegistration.
Finished calling UserRetrieval#retrieveUser in RegistrationServicesImpl#validateRegistration.
Starts calling ProjectServices#getFullProjectData method.
Finished calling ProjectServices#getFullProjectData method.
Starts calling RegistrationValidator#validate method.
Finished calling RegistrationValidator#validate method.
Exits RegistrationServicesImpl#validateRegistration method.
Enters RegistrationServicesImpl#validateRegistration method.
Starts calling UserRetrieval#retrieveUser in RegistrationServicesImpl#validateRegistration.
Finished calling UserRetrieval#retrieveUser in RegistrationServicesImpl#validateRegistration.
Starts calling ProjectServices#getFullProjectData method.
Finished calling ProjectServices#getFullProjectData method.
Starts calling RegistrationValidator#validate method.
Finished calling RegistrationValidator#validate method.
Exits RegistrationServicesImpl#validateRegistration method.
Enters RegistrationServicesImpl#validateRegistration method.
Starts calling UserRetrieval#retrieveUser in RegistrationServicesImpl#validateRegistration.
Finished calling UserRetrieval#retrieveUser in RegistrationServicesImpl#validateRegistration.
Starts calling ProjectServices#getFullProjectData method.
Finished calling ProjectServices#getFullProjectData method.
Starts calling RegistrationValidator#validate method.
Finished calling RegistrationValidator#validate method.
Exits RegistrationServicesImpl#validateRegistration method.
Enters RegistrationServicesImpl#validateRegistration method.
Starts calling UserRetrieval#retrieveUser in RegistrationServicesImpl#validateRegistration.
Finished calling UserRetrieval#retrieveUser in RegistrationServicesImpl#validateRegistration.
Starts calling ProjectServices#getFullProjectData method.
Finished calling ProjectServices#getFullProjectData method.
Starts calling RegistrationValidator#validate method.
Finished calling RegistrationValidator#validate method.
Exits RegistrationServicesImpl#validateRegistration method.
Enters RegistrationServicesImpl#validateRegistration method.
Starts calling UserRetrieval#retrieveUser in RegistrationServicesImpl#validateRegistration.
Finished calling UserRetrieval#retrieveUser in RegistrationServicesImpl#validateRegistration.
Starts calling ProjectServices#getFullProjectData method.
Finished calling ProjectServices#getFullProjectData method.
Starts calling RegistrationValidator#validate method.
Finished calling RegistrationValidator#validate method.
Exits RegistrationServicesImpl#validateRegistration method.
Enters RegistrationServicesImpl#validateRegistration method.
Starts calling UserRetrieval#retrieveUser in RegistrationServicesImpl#validateRegistration.
Finished calling UserRetrieval#retrieveUser in RegistrationServicesImpl#validateRegistration.
Starts calling ProjectServices#getFullProjectData method.
Finished calling ProjectServices#getFullProjectData method.
Starts calling RegistrationValidator#validate method.
Finished calling RegistrationValidator#validate method.
Exits RegistrationServicesImpl#validateRegistration method.
Enters RegistrationServicesImpl#validateRegistration method.
Starts calling UserRetrieval#retrieveUser in RegistrationServicesImpl#validateRegistration.
Finished calling UserRetrieval#retrieveUser in RegistrationServicesImpl#validateRegistration.
Starts calling ProjectServices#getFullProjectData method.
Finished calling ProjectServices#getFullProjectData method.
Starts calling RegistrationValidator#validate method.
Finished calling RegistrationValidator#validate method.
Exits RegistrationServicesImpl#validateRegistration method.
Enters RegistrationServicesImpl#validateRegistration method.
Starts calling UserRetrieval#retrieveUser in RegistrationServicesImpl#validateRegistration.
Finished calling UserRetrieval#retrieveUser in RegistrationServicesImpl#validateRegistration.
Starts calling ProjectServices#getFullProjectData method.
Finished calling ProjectServices#getFullProjectData method.
Starts calling RegistrationValidator#validate method.
Finished calling RegistrationValidator#validate method.
Exits RegistrationServicesImpl#validateRegistration method.
Enters RegistrationServicesImpl#validateRegistration method.
Starts calling UserRetrieval#retrieveUser in RegistrationServicesImpl#validateRegistration.
Finished calling UserRetrieval#retrieveUser in RegistrationServicesImpl#validateRegistration.
Starts calling ProjectServices#getFullProjectData method.
Finished calling ProjectServices#getFullProjectData method.
Starts calling RegistrationValidator#validate method.
Finished calling RegistrationValidator#validate method.
Exits RegistrationServicesImpl#validateRegistration method.
Enters RegistrationServicesImpl#validateRegistration method.
Starts calling UserRetrieval#retrieveUser in RegistrationServicesImpl#validateRegistration.
Finished calling UserRetrieval#retrieveUser in RegistrationServicesImpl#validateRegistration.
Starts calling ProjectServices#getFullProjectData method.
Finished calling ProjectServices#getFullProjectData method.
Starts calling RegistrationValidator#validate method.
Finished calling RegistrationValidator#validate method.
Exits RegistrationServicesImpl#validateRegistration method.
Enters RegistrationServicesImpl#validateRegistration method.
Starts calling UserRetrieval#retrieveUser in RegistrationServicesImpl#validateRegistration.
Finished calling UserRetrieval#retrieveUser in RegistrationServicesImpl#validateRegistration.
Starts calling ProjectServices#getFullProjectData method.
Finished calling ProjectServices#getFullProjectData method.
Starts calling RegistrationValidator#validate method.
Finished calling RegistrationValidator#validate method.
Exits RegistrationServicesImpl#validateRegistration method.
Enters RegistrationServicesImpl#validateRegistration method.
Starts calling UserRetrieval#retrieveUser in RegistrationServicesImpl#validateRegistration.
Finished calling UserRetrieval#retrieveUser in RegistrationServicesImpl#validateRegistration.
Starts calling ProjectServices#getFullProjectData method.
Finished calling ProjectServices#getFullProjectData method.
Starts calling RegistrationValidator#validate method.
Finished calling RegistrationValidator#validate method.
Exits RegistrationServicesImpl#validateRegistration method.
Enters RegistrationServicesImpl#validateRegistration method.
Starts calling UserRetrieval#retrieveUser in RegistrationServicesImpl#validateRegistration.
Finished calling UserRetrieval#retrieveUser in RegistrationServicesImpl#validateRegistration.
Starts calling ProjectServices#getFullProjectData method.
Finished calling ProjectServices#getFullProjectData method.
Starts calling RegistrationValidator#validate method.
Finished calling RegistrationValidator#validate method.
Exits RegistrationServicesImpl#validateRegistration method.
Enters RegistrationServicesImpl#validateRegistration method.
Starts calling UserRetrieval#retrieveUser in RegistrationServicesImpl#validateRegistration.
Finished calling UserRetrieval#retrieveUser in RegistrationServicesImpl#validateRegistration.
Starts calling ProjectServices#getFullProjectData method.
Finished calling ProjectServices#getFullProjectData method.
Starts calling RegistrationValidator#validate method.
Finished calling RegistrationValidator#validate method.
Exits RegistrationServicesImpl#validateRegistration method.
Enters RegistrationServicesImpl#validateRegistration method.
Starts calling UserRetrieval#retrieveUser in RegistrationServicesImpl#validateRegistration.
Finished calling UserRetrieval#retrieveUser in RegistrationServicesImpl#validateRegistration.
Starts calling ProjectServices#getFullProjectData method.
Finished calling ProjectServices#getFullProjectData method.
Starts calling RegistrationValidator#validate method.
Finished calling RegistrationValidator#validate method.
Exits RegistrationServicesImpl#validateRegistration method.
Enters RegistrationServicesImpl#validateRegistration method.
Starts calling UserRetrieval#retrieveUser in RegistrationServicesImpl#validateRegistration.
Finished calling UserRetrieval#retrieveUser in RegistrationServicesImpl#validateRegistration.
Starts calling ProjectServices#getFullProjectData method.
Finished calling ProjectServices#getFullProjectData method.
Starts calling RegistrationValidator#validate method.
Finished calling RegistrationValidator#validate method.
Exits RegistrationServicesImpl#validateRegistration method.
Enters RegistrationServicesImpl#validateRegistration method.
Starts calling UserRetrieval#retrieveUser in RegistrationServicesImpl#validateRegistration.
Finished calling UserRetrieval#retrieveUser in RegistrationServicesImpl#validateRegistration.
Starts calling ProjectServices#getFullProjectData method.
Finished calling ProjectServices#getFullProjectData method.
Starts calling RegistrationValidator#validate method.
Finished calling RegistrationValidator#validate method.
Exits RegistrationServicesImpl#validateRegistration method.
Enters RegistrationServicesImpl#validateRegistration method.
Starts calling UserRetrieval#retrieveUser in RegistrationServicesImpl#validateRegistration.
Finished calling UserRetrieval#retrieveUser in RegistrationServicesImpl#validateRegistration.
Starts calling ProjectServices#getFullProjectData method.
Finished calling ProjectServices#getFullProjectData method.
Starts calling RegistrationValidator#validate method.
Finished calling RegistrationValidator#validate method.
Exits RegistrationServicesImpl#validateRegistration method.
Enters RegistrationServicesImpl#validateRegistration method.
Starts calling UserRetrieval#retrieveUser in RegistrationServicesImpl#validateRegistration.
Finished calling UserRetrieval#retrieveUser in RegistrationServicesImpl#validateRegistration.
Starts calling ProjectServices#getFullProjectData method.
Finished calling ProjectServices#getFullProjectData method.
Starts calling RegistrationValidator#validate method.
Finished calling RegistrationValidator#validate method.
Exits RegistrationServicesImpl#validateRegistration method.
Enters RegistrationServicesImpl#validateRegistration method.
Starts calling UserRetrieval#retrieveUser in RegistrationServicesImpl#validateRegistration.
Finished calling UserRetrieval#retrieveUser in RegistrationServicesImpl#validateRegistration.
Starts calling ProjectServices#getFullProjectData method.
Finished calling ProjectServices#getFullProjectData method.
Starts calling RegistrationValidator#validate method.
Finished calling RegistrationValidator#validate method.
Exits RegistrationServicesImpl#validateRegistration method.
Enters RegistrationServicesImpl#validateRegistration method.
Starts calling UserRetrieval#retrieveUser in RegistrationServicesImpl#validateRegistration.
Finished calling UserRetrieval#retrieveUser in RegistrationServicesImpl#validateRegistration.
Starts calling ProjectServices#getFullProjectData method.
Finished calling ProjectServices#getFullProjectData method.
Starts calling RegistrationValidator#validate method.
Finished calling RegistrationValidator#validate method.
Exits RegistrationServicesImpl#validateRegistration method.
Enters RegistrationServicesImpl#validateRegistration method.
Starts calling UserRetrieval#retrieveUser in RegistrationServicesImpl#validateRegistration.
Finished calling UserRetrieval#retrieveUser in RegistrationServicesImpl#validateRegistration.
Starts calling ProjectServices#getFullProjectData method.
Finished calling ProjectServices#getFullProjectData method.
Starts calling RegistrationValidator#validate method.
Finished calling RegistrationValidator#validate method.
Exits RegistrationServicesImpl#validateRegistration method.
Enters RegistrationServicesImpl#validateRegistration method.
Starts calling UserRetrieval#retrieveUser in RegistrationServicesImpl#validateRegistration.
Finished calling UserRetrieval#retrieveUser in RegistrationServicesImpl#validateRegistration.
Starts calling ProjectServices#getFullProjectData method.
Finished calling ProjectServices#getFullProjectData method.
Starts calling RegistrationValidator#validate method.
Finished calling RegistrationValidator#validate method.
Exits RegistrationServicesImpl#validateRegistration method.
Enters RegistrationServicesImpl#validateRegistration method.
Starts calling UserRetrieval#retrieveUser in RegistrationServicesImpl#validateRegistration.
Finished calling UserRetrieval#retrieveUser in RegistrationServicesImpl#validateRegistration.
Starts calling ProjectServices#getFullProjectData method.
Finished calling ProjectServices#getFullProjectData method.
Starts calling RegistrationValidator#validate method.
Finished calling RegistrationValidator#validate method.
Exits RegistrationServicesImpl#validateRegistration method.
Enters RegistrationServicesImpl#validateRegistration method.
Starts calling UserRetrieval#retrieveUser in RegistrationServicesImpl#validateRegistration.
Finished calling UserRetrieval#retrieveUser in RegistrationServicesImpl#validateRegistration.
Starts calling ProjectServices#getFullProjectData method.
Finished calling ProjectServices#getFullProjectData method.
Starts calling RegistrationValidator#validate method.
Finished calling RegistrationValidator#validate method.
Exits RegistrationServicesImpl#validateRegistration method.
Enters RegistrationServicesImpl#validateRegistration method.
Starts calling UserRetrieval#retrieveUser in RegistrationServicesImpl#validateRegistration.
Finished calling UserRetrieval#retrieveUser in RegistrationServicesImpl#validateRegistration.
Starts calling ProjectServices#getFullProjectData method.
Finished calling ProjectServices#getFullProjectData method.
Starts calling RegistrationValidator#validate method.
Finished calling RegistrationValidator#validate method.
Exits RegistrationServicesImpl#validateRegistration method.
Enters RegistrationServicesImpl#validateRegistration method.
Starts calling UserRetrieval#retrieveUser in RegistrationServicesImpl#validateRegistration.
Finished calling UserRetrieval#retrieveUser in RegistrationServicesImpl#validateRegistration.
Starts calling ProjectServices#getFullProjectData method.
Finished calling ProjectServices#getFullProjectData method.
Starts calling RegistrationValidator#validate method.
Finished calling RegistrationValidator#validate method.
Exits RegistrationServicesImpl#validateRegistration method.
Enters RegistrationServicesImpl#validateRegistration method.
Starts calling UserRetrieval#retrieveUser in RegistrationServicesImpl#validateRegistration.
Finished calling UserRetrieval#retrieveUser in RegistrationServicesImpl#validateRegistration.
Starts calling ProjectServices#getFullProjectData method.
Finished calling ProjectServices#getFullProjectData method.
Starts calling RegistrationValidator#validate method.
Finished calling RegistrationValidator#validate method.
Exits RegistrationServicesImpl#validateRegistration method.
Enters RegistrationServicesImpl#validateRegistration method.
Starts calling UserRetrieval#retrieveUser in RegistrationServicesImpl#validateRegistration.
Finished calling UserRetrieval#retrieveUser in RegistrationServicesImpl#validateRegistration.
Starts calling ProjectServices#getFullProjectData method.
Finished calling ProjectServices#getFullProjectData method.
Starts calling RegistrationValidator#validate method.
Finished calling RegistrationValidator#validate method.
Exits RegistrationServicesImpl#validateRegistration method.
Enters RegistrationServicesImpl#validateRegistration method.
Starts calling UserRetrieval#retrieveUser in RegistrationServicesImpl#validateRegistration.
Finished calling UserRetrieval#retrieveUser in RegistrationServicesImpl#validateRegistration.
Starts calling ProjectServices#getFullProjectData method.
Finished calling ProjectServices#getFullProjectData method.
Starts calling RegistrationValidator#validate method.
Finished calling RegistrationValidator#validate method.
Exits RegistrationServicesImpl#validateRegistration method.
Enters RegistrationServicesImpl#validateRegistration method.
Starts calling UserRetrieval#retrieveUser in RegistrationServicesImpl#validateRegistration.
Finished calling UserRetrieval#retrieveUser in RegistrationServicesImpl#validateRegistration.
Starts calling ProjectServices#getFullProjectData method.
Finished calling ProjectServices#getFullProjectData method.
Starts calling RegistrationValidator#validate method.
Finished calling RegistrationValidator#validate method.
Exits RegistrationServicesImpl#validateRegistration method.
Enters RegistrationServicesImpl#validateRegistration method.
Starts calling UserRetrieval#retrieveUser in RegistrationServicesImpl#validateRegistration.
Finished calling UserRetrieval#retrieveUser in RegistrationServicesImpl#validateRegistration.
Starts calling ProjectServices#getFullProjectData method.
Finished calling ProjectServices#getFullProjectData method.
Starts calling RegistrationValidator#validate method.
Finished calling RegistrationValidator#validate method.
Exits RegistrationServicesImpl#validateRegistration method.
Enters RegistrationServicesImpl#validateRegistration method.
Starts calling UserRetrieval#retrieveUser in RegistrationServicesImpl#validateRegistration.
Finished calling UserRetrieval#retrieveUser in RegistrationServicesImpl#validateRegistration.
Starts calling ProjectServices#getFullProjectData method.
Finished calling ProjectServices#getFullProjectData method.
Starts calling RegistrationValidator#validate method.
Finished calling RegistrationValidator#validate method.
Exits RegistrationServicesImpl#validateRegistration method.
Enters RegistrationServicesImpl#validateRegistration method.
Starts calling UserRetrieval#retrieveUser in RegistrationServicesImpl#validateRegistration.
Finished calling UserRetrieval#retrieveUser in RegistrationServicesImpl#validateRegistration.
Starts calling ProjectServices#getFullProjectData method.
Finished calling ProjectServices#getFullProjectData method.
Starts calling RegistrationValidator#validate method.
Finished calling RegistrationValidator#validate method.
Exits RegistrationServicesImpl#validateRegistration method.
Enters RegistrationServicesImpl#validateRegistration method.
Starts calling UserRetrieval#retrieveUser in RegistrationServicesImpl#validateRegistration.
Finished calling UserRetrieval#retrieveUser in RegistrationServicesImpl#validateRegistration.
Starts calling ProjectServices#getFullProjectData method.
Finished calling ProjectServices#getFullProjectData method.
Starts calling RegistrationValidator#validate method.
Finished calling RegistrationValidator#validate method.
Exits RegistrationServicesImpl#validateRegistration method.
Enters RegistrationServicesImpl#validateRegistration method.
Starts calling UserRetrieval#retrieveUser in RegistrationServicesImpl#validateRegistration.
Finished calling UserRetrieval#retrieveUser in RegistrationServicesImpl#validateRegistration.
Starts calling ProjectServices#getFullProjectData method.
Finished calling ProjectServices#getFullProjectData method.
Starts calling RegistrationValidator#validate method.
Finished calling RegistrationValidator#validate method.
Exits RegistrationServicesImpl#validateRegistration method.
Enters RegistrationServicesImpl#validateRegistration method.
Starts calling UserRetrieval#retrieveUser in RegistrationServicesImpl#validateRegistration.
Finished calling UserRetrieval#retrieveUser in RegistrationServicesImpl#validateRegistration.
Starts calling ProjectServices#getFullProjectData method.
Finished calling ProjectServices#getFullProjectData method.
Starts calling RegistrationValidator#validate method.
Finished calling RegistrationValidator#validate method.
Exits RegistrationServicesImpl#validateRegistration method.
Enters RegistrationServicesImpl#validateRegistration method.
Starts calling UserRetrieval#retrieveUser in RegistrationServicesImpl#validateRegistration.
Finished calling UserRetrieval#retrieveUser in RegistrationServicesImpl#validateRegistration.
Starts calling ProjectServices#getFullProjectData method.
Finished calling ProjectServices#getFullProjectData method.
Starts calling RegistrationValidator#validate method.
Finished calling RegistrationValidator#validate method.
Exits RegistrationServicesImpl#validateRegistration method.
Enters RegistrationServicesImpl#validateRegistration method.
Starts calling UserRetrieval#retrieveUser in RegistrationServicesImpl#validateRegistration.
Finished calling UserRetrieval#retrieveUser in RegistrationServicesImpl#validateRegistration.
Starts calling ProjectServices#getFullProjectData method.
Finished calling ProjectServices#getFullProjectData method.
Starts calling RegistrationValidator#validate method.
Finished calling RegistrationValidator#validate method.
Exits RegistrationServicesImpl#validateRegistration method.
Enters RegistrationServicesImpl#validateRegistration method.
Starts calling UserRetrieval#retrieveUser in RegistrationServicesImpl#validateRegistration.
Finished calling UserRetrieval#retrieveUser in RegistrationServicesImpl#validateRegistration.
Starts calling ProjectServices#getFullProjectData method.
Finished calling ProjectServices#getFullProjectData method.
Starts calling RegistrationValidator#validate method.
Finished calling RegistrationValidator#validate method.
Exits RegistrationServicesImpl#validateRegistration method.
Enters RegistrationServicesImpl#validateRegistration method.
Starts calling UserRetrieval#retrieveUser in RegistrationServicesImpl#validateRegistration.
Finished calling UserRetrieval#retrieveUser in RegistrationServicesImpl#validateRegistration.
Starts calling ProjectServices#getFullProjectData method.
Finished calling ProjectServices#getFullProjectData method.
Starts calling RegistrationValidator#validate method.
Finished calling RegistrationValidator#validate method.
Exits RegistrationServicesImpl#validateRegistration method.
Enters RegistrationServicesImpl#validateRegistration method.
Starts calling UserRetrieval#retrieveUser in RegistrationServicesImpl#validateRegistration.
Finished calling UserRetrieval#retrieveUser in RegistrationServicesImpl#validateRegistration.
Starts calling ProjectServices#getFullProjectData method.
Finished calling ProjectServices#getFullProjectData method.
Starts calling RegistrationValidator#validate method.
Finished calling RegistrationValidator#validate method.
Exits RegistrationServicesImpl#validateRegistration method.
Enters RegistrationServicesImpl#validateRegistration method.
Starts calling UserRetrieval#retrieveUser in RegistrationServicesImpl#validateRegistration.
Finished calling UserRetrieval#retrieveUser in RegistrationServicesImpl#validateRegistration.
Starts calling ProjectServices#getFullProjectData method.
Finished calling ProjectServices#getFullProjectData method.
Starts calling RegistrationValidator#validate method.
Finished calling RegistrationValidator#validate method.
Exits RegistrationServicesImpl#validateRegistration method.
Enters RegistrationServicesImpl#validateRegistration method.
Starts calling UserRetrieval#retrieveUser in RegistrationServicesImpl#validateRegistration.
Finished calling UserRetrieval#retrieveUser in RegistrationServicesImpl#validateRegistration.
Starts calling ProjectServices#getFullProjectData method.
Finished calling ProjectServices#getFullProjectData method.
Starts calling RegistrationValidator#validate method.
Finished calling RegistrationValidator#validate method.
Exits RegistrationServicesImpl#validateRegistration method.
Enters RegistrationServicesImpl#validateRegistration method.
Starts calling UserRetrieval#retrieveUser in RegistrationServicesImpl#validateRegistration.
Finished calling UserRetrieval#retrieveUser in RegistrationServicesImpl#validateRegistration.
Starts calling ProjectServices#getFullProjectData method.
Finished calling ProjectServices#getFullProjectData method.
Starts calling RegistrationValidator#validate method.
Finished calling RegistrationValidator#validate method.
Exits RegistrationServicesImpl#validateRegistration method.
Enters RegistrationServicesImpl#validateRegistration method.
Starts calling UserRetrieval#retrieveUser in RegistrationServicesImpl#validateRegistration.
Finished calling UserRetrieval#retrieveUser in RegistrationServicesImpl#validateRegistration.
Starts calling ProjectServices#getFullProjectData method.
Finished calling ProjectServices#getFullProjectData method.
Starts calling RegistrationValidator#validate method.
Finished calling RegistrationValidator#validate method.
Exits RegistrationServicesImpl#validateRegistration method.
Enters RegistrationServicesImpl#validateRegistration method.
Starts calling UserRetrieval#retrieveUser in RegistrationServicesImpl#validateRegistration.
Finished calling UserRetrieval#retrieveUser in RegistrationServicesImpl#validateRegistration.
Starts calling ProjectServices#getFullProjectData method.
Finished calling ProjectServices#getFullProjectData method.
Starts calling RegistrationValidator#validate method.
Finished calling RegistrationValidator#validate method.
Exits RegistrationServicesImpl#validateRegistration method.
Enters RegistrationServicesImpl#validateRegistration method.
Starts calling UserRetrieval#retrieveUser in RegistrationServicesImpl#validateRegistration.
Finished calling UserRetrieval#retrieveUser in RegistrationServicesImpl#validateRegistration.
Starts calling ProjectServices#getFullProjectData method.
Finished calling ProjectServices#getFullProjectData method.
Starts calling RegistrationValidator#validate method.
Finished calling RegistrationValidator#validate method.
Exits RegistrationServicesImpl#validateRegistration method.
Enters RegistrationServicesImpl#validateRegistration method.
Starts calling UserRetrieval#retrieveUser in RegistrationServicesImpl#validateRegistration.
Finished calling UserRetrieval#retrieveUser in RegistrationServicesImpl#validateRegistration.
Starts calling ProjectServices#getFullProjectData method.
Finished calling ProjectServices#getFullProjectData method.
Starts calling RegistrationValidator#validate method.
Finished calling RegistrationValidator#validate method.
Exits RegistrationServicesImpl#validateRegistration method.
Enters RegistrationServicesImpl#validateRegistration method.
Starts calling UserRetrieval#retrieveUser in RegistrationServicesImpl#validateRegistration.
Finished calling UserRetrieval#retrieveUser in RegistrationServicesImpl#validateRegistration.
Starts calling ProjectServices#getFullProjectData method.
Finished calling ProjectServices#getFullProjectData method.
Starts calling RegistrationValidator#validate method.
Finished calling RegistrationValidator#validate method.
Exits RegistrationServicesImpl#validateRegistration method.
Enters RegistrationServicesImpl#validateRegistration method.
Starts calling UserRetrieval#retrieveUser in RegistrationServicesImpl#validateRegistration.
Finished calling UserRetrieval#retrieveUser in RegistrationServicesImpl#validateRegistration.
Starts calling ProjectServices#getFullProjectData method.
Finished calling ProjectServices#getFullProjectData method.
Starts calling RegistrationValidator#validate method.
Finished calling RegistrationValidator#validate method.
Exits RegistrationServicesImpl#validateRegistration method.
Enters RegistrationServicesImpl#validateRegistration method.
Starts calling UserRetrieval#retrieveUser in RegistrationServicesImpl#validateRegistration.
Finished calling UserRetrieval#retrieveUser in RegistrationServicesImpl#validateRegistration.
Starts calling ProjectServices#getFullProjectData method.
Finished calling ProjectServices#getFullProjectData method.
Starts calling RegistrationValidator#validate method.
Finished calling RegistrationValidator#validate method.
Exits RegistrationServicesImpl#validateRegistration method.
Enters RegistrationServicesImpl#validateRegistration method.
Starts calling UserRetrieval#retrieveUser in RegistrationServicesImpl#validateRegistration.
Finished calling UserRetrieval#retrieveUser in RegistrationServicesImpl#validateRegistration.
Starts calling ProjectServices#getFullProjectData method.
Finished calling ProjectServices#getFullProjectData method.
Starts calling RegistrationValidator#validate method.
Finished calling RegistrationValidator#validate method.
Exits RegistrationServicesImpl#validateRegistration method.
The stress test for validating registration costs: 93 milliseconds.
Enters RegistrationServicesImpl#getRegistration method.
Starts calling UserRetrieval#retrieveUser in RegistrationServicesImpl#getRegistration.
Finished calling UserRetrieval#retrieveUser in RegistrationServicesImpl#getRegistration.
Starts calling ProjectServices#getFullProjectData method.
Finished calling ProjectServices#getFullProjectData method.
Exists RegistrationServicesImpl#getRegistration method.
Enters RegistrationServicesImpl#registerForProject method.
Enters RegistrationServicesImpl#validateRegistration method.
Starts calling UserRetrieval#retrieveUser in RegistrationServicesImpl#validateRegistration.
Finished calling UserRetrieval#retrieveUser in RegistrationServicesImpl#validateRegistration.
Starts calling ProjectServices#getFullProjectData method.
Finished calling ProjectServices#getFullProjectData method.
Starts calling RegistrationValidator#validate method.
Finished calling RegistrationValidator#validate method.
Exits RegistrationServicesImpl#validateRegistration method.
Starts calling ResourceManager#removeResource in RegistrationServicesImpl#registerForProject.
Finished calling ResourceManager#removeResource in RegistrationServicesImpl#registerForProject.
Starts calling UserRetrieval#retrieveUser in RegistrationServicesImpl#registerForProject.
Finished calling UserRetrieval#retrieveUser in RegistrationServicesImpl#registerForProject.
Starts calling ResourceManager#updateResource in RegistrationServicesImpl#registerForProject.
Finished calling ResourceManager#updateResource in RegistrationServicesImpl#registerForProject.
Exits RegistrationServicesImpl#registerForProject method.
Enters RegistrationServicesImpl#removeRegistration method.
Starts calling UserRetrieval#retrieveUser in RegistrationServicesImpl#removeRegistration.
Finished calling UserRetrieval#retrieveUser in RegistrationServicesImpl#removeRegistration.
Starts calling ProjectServices#getFullProjectData in RegistrationServicesImpl#removeRegistration.
Finished calling ProjectServices#getFullProjectData in RegistrationServicesImpl#removeRegistration.
Starts calling TeamManager#findPositions method.
Finished calling TeamManager#findPositions method.
Starts calling TeamManager#getTeamFromPosition method.
Finished calling TeamManager#getTeamFromPosition method.
Starts calling ResourceManager#removeResource in RegistrationServicesImpl#removeRegistration.
Finished calling ResourceManager#removeResource in RegistrationServicesImpl#removeRegistration.
Starts calling TeamServices#removeMember in RegistrationServicesImpl#removeRegistration.
Finished calling TeamServices#removeTeam in RegistrationServicesImpl#removeRegistration.
Starts calling ContactMemberServices#sendMessage in RegistrationServicesImpl#removeRegistration.
Finished calling ContactMemberServices#sendMessage in RegistrationServicesImpl#removeRegistration.
Starts calling BanManager#banUser in RegistrationServicesImpl#removeRegistration.
Finished calling BanManager#banUser in RegistrationServicesImpl#removeRegistration.
Exits RegistrationServicesImpl#removeRegistration method.
Enters RegistrationServicesImpl#getRegistration method.
Starts calling UserRetrieval#retrieveUser in RegistrationServicesImpl#getRegistration.
Finished calling UserRetrieval#retrieveUser in RegistrationServicesImpl#getRegistration.
Starts calling ProjectServices#getFullProjectData method.
Finished calling ProjectServices#getFullProjectData method.
Exists RegistrationServicesImpl#getRegistration method.
Enters RegistrationServicesImpl#registerForProject method.
Enters RegistrationServicesImpl#validateRegistration method.
Starts calling UserRetrieval#retrieveUser in RegistrationServicesImpl#validateRegistration.
Finished calling UserRetrieval#retrieveUser in RegistrationServicesImpl#validateRegistration.
Starts calling ProjectServices#getFullProjectData method.
Finished calling ProjectServices#getFullProjectData method.
Starts calling RegistrationValidator#validate method.
Finished calling RegistrationValidator#validate method.
Exits RegistrationServicesImpl#validateRegistration method.
Starts calling ResourceManager#removeResource in RegistrationServicesImpl#registerForProject.
Finished calling ResourceManager#removeResource in RegistrationServicesImpl#registerForProject.
Starts calling UserRetrieval#retrieveUser in RegistrationServicesImpl#registerForProject.
Finished calling UserRetrieval#retrieveUser in RegistrationServicesImpl#registerForProject.
Starts calling ResourceManager#updateResource in RegistrationServicesImpl#registerForProject.
Finished calling ResourceManager#updateResource in RegistrationServicesImpl#registerForProject.
Exits RegistrationServicesImpl#registerForProject method.
Enters RegistrationServicesImpl#removeRegistration method.
Starts calling UserRetrieval#retrieveUser in RegistrationServicesImpl#removeRegistration.
Finished calling UserRetrieval#retrieveUser in RegistrationServicesImpl#removeRegistration.
Starts calling ProjectServices#getFullProjectData in RegistrationServicesImpl#removeRegistration.
Finished calling ProjectServices#getFullProjectData in RegistrationServicesImpl#removeRegistration.
Starts calling TeamManager#findPositions method.
Finished calling TeamManager#findPositions method.
Starts calling TeamManager#getTeamFromPosition method.
Finished calling TeamManager#getTeamFromPosition method.
Starts calling ResourceManager#removeResource in RegistrationServicesImpl#removeRegistration.
Finished calling ResourceManager#removeResource in RegistrationServicesImpl#removeRegistration.
Starts calling TeamServices#removeMember in RegistrationServicesImpl#removeRegistration.
Finished calling TeamServices#removeTeam in RegistrationServicesImpl#removeRegistration.
Starts calling ContactMemberServices#sendMessage in RegistrationServicesImpl#removeRegistration.
Finished calling ContactMemberServices#sendMessage in RegistrationServicesImpl#removeRegistration.
Starts calling BanManager#banUser in RegistrationServicesImpl#removeRegistration.
Finished calling BanManager#banUser in RegistrationServicesImpl#removeRegistration.
Exits RegistrationServicesImpl#removeRegistration method.
Enters RegistrationServicesImpl#getRegistration method.
Starts calling UserRetrieval#retrieveUser in RegistrationServicesImpl#getRegistration.
Finished calling UserRetrieval#retrieveUser in RegistrationServicesImpl#getRegistration.
Starts calling ProjectServices#getFullProjectData method.
Finished calling ProjectServices#getFullProjectData method.
Exists RegistrationServicesImpl#getRegistration method.
Enters RegistrationServicesImpl#registerForProject method.
Enters RegistrationServicesImpl#validateRegistration method.
Starts calling UserRetrieval#retrieveUser in RegistrationServicesImpl#validateRegistration.
Finished calling UserRetrieval#retrieveUser in RegistrationServicesImpl#validateRegistration.
Starts calling ProjectServices#getFullProjectData method.
Finished calling ProjectServices#getFullProjectData method.
Starts calling RegistrationValidator#validate method.
Finished calling RegistrationValidator#validate method.
Exits RegistrationServicesImpl#validateRegistration method.
Starts calling ResourceManager#removeResource in RegistrationServicesImpl#registerForProject.
Finished calling ResourceManager#removeResource in RegistrationServicesImpl#registerForProject.
Starts calling UserRetrieval#retrieveUser in RegistrationServicesImpl#registerForProject.
Finished calling UserRetrieval#retrieveUser in RegistrationServicesImpl#registerForProject.
Starts calling ResourceManager#updateResource in RegistrationServicesImpl#registerForProject.
Finished calling ResourceManager#updateResource in RegistrationServicesImpl#registerForProject.
Exits RegistrationServicesImpl#registerForProject method.
Enters RegistrationServicesImpl#removeRegistration method.
Starts calling UserRetrieval#retrieveUser in RegistrationServicesImpl#removeRegistration.
Finished calling UserRetrieval#retrieveUser in RegistrationServicesImpl#removeRegistration.
Starts calling ProjectServices#getFullProjectData in RegistrationServicesImpl#removeRegistration.
Finished calling ProjectServices#getFullProjectData in RegistrationServicesImpl#removeRegistration.
Starts calling TeamManager#findPositions method.
Finished calling TeamManager#findPositions method.
Starts calling TeamManager#getTeamFromPosition method.
Finished calling TeamManager#getTeamFromPosition method.
Starts calling ResourceManager#removeResource in RegistrationServicesImpl#removeRegistration.
Finished calling ResourceManager#removeResource in RegistrationServicesImpl#removeRegistration.
Starts calling TeamServices#removeMember in RegistrationServicesImpl#removeRegistration.
Finished calling TeamServices#removeTeam in RegistrationServicesImpl#removeRegistration.
Starts calling ContactMemberServices#sendMessage in RegistrationServicesImpl#removeRegistration.
Finished calling ContactMemberServices#sendMessage in RegistrationServicesImpl#removeRegistration.
Starts calling BanManager#banUser in RegistrationServicesImpl#removeRegistration.
Finished calling BanManager#banUser in RegistrationServicesImpl#removeRegistration.
Exits RegistrationServicesImpl#removeRegistration method.
Enters RegistrationServicesImpl#getRegistration method.
Starts calling UserRetrieval#retrieveUser in RegistrationServicesImpl#getRegistration.
Finished calling UserRetrieval#retrieveUser in RegistrationServicesImpl#getRegistration.
Starts calling ProjectServices#getFullProjectData method.
Finished calling ProjectServices#getFullProjectData method.
Exists RegistrationServicesImpl#getRegistration method.
Enters RegistrationServicesImpl#registerForProject method.
Enters RegistrationServicesImpl#validateRegistration method.
Starts calling UserRetrieval#retrieveUser in RegistrationServicesImpl#validateRegistration.
Finished calling UserRetrieval#retrieveUser in RegistrationServicesImpl#validateRegistration.
Starts calling ProjectServices#getFullProjectData method.
Finished calling ProjectServices#getFullProjectData method.
Starts calling RegistrationValidator#validate method.
Finished calling RegistrationValidator#validate method.
Exits RegistrationServicesImpl#validateRegistration method.
Starts calling ResourceManager#removeResource in RegistrationServicesImpl#registerForProject.
Finished calling ResourceManager#removeResource in RegistrationServicesImpl#registerForProject.
Starts calling UserRetrieval#retrieveUser in RegistrationServicesImpl#registerForProject.
Finished calling UserRetrieval#retrieveUser in RegistrationServicesImpl#registerForProject.
Starts calling ResourceManager#updateResource in RegistrationServicesImpl#registerForProject.
Finished calling ResourceManager#updateResource in RegistrationServicesImpl#registerForProject.
Exits RegistrationServicesImpl#registerForProject method.
Enters RegistrationServicesImpl#removeRegistration method.
Starts calling UserRetrieval#retrieveUser in RegistrationServicesImpl#removeRegistration.
Finished calling UserRetrieval#retrieveUser in RegistrationServicesImpl#removeRegistration.
Starts calling ProjectServices#getFullProjectData in RegistrationServicesImpl#removeRegistration.
Finished calling ProjectServices#getFullProjectData in RegistrationServicesImpl#removeRegistration.
Starts calling TeamManager#findPositions method.
Finished calling TeamManager#findPositions method.
Starts calling TeamManager#getTeamFromPosition method.
Finished calling TeamManager#getTeamFromPosition method.
Starts calling ResourceManager#removeResource in RegistrationServicesImpl#removeRegistration.
Finished calling ResourceManager#removeResource in RegistrationServicesImpl#removeRegistration.
Starts calling TeamServices#removeMember in RegistrationServicesImpl#removeRegistration.
Finished calling TeamServices#removeTeam in RegistrationServicesImpl#removeRegistration.
Starts calling ContactMemberServices#sendMessage in RegistrationServicesImpl#removeRegistration.
Finished calling ContactMemberServices#sendMessage in RegistrationServicesImpl#removeRegistration.
Starts calling BanManager#banUser in RegistrationServicesImpl#removeRegistration.
Finished calling BanManager#banUser in RegistrationServicesImpl#removeRegistration.
Exits RegistrationServicesImpl#removeRegistration method.
Enters RegistrationServicesImpl#getRegistration method.
Starts calling UserRetrieval#retrieveUser in RegistrationServicesImpl#getRegistration.
Finished calling UserRetrieval#retrieveUser in RegistrationServicesImpl#getRegistration.
Starts calling ProjectServices#getFullProjectData method.
Finished calling ProjectServices#getFullProjectData method.
Exists RegistrationServicesImpl#getRegistration method.
Enters RegistrationServicesImpl#registerForProject method.
Enters RegistrationServicesImpl#validateRegistration method.
Starts calling UserRetrieval#retrieveUser in RegistrationServicesImpl#validateRegistration.
Finished calling UserRetrieval#retrieveUser in RegistrationServicesImpl#validateRegistration.
Starts calling ProjectServices#getFullProjectData method.
Finished calling ProjectServices#getFullProjectData method.
Starts calling RegistrationValidator#validate method.
Finished calling RegistrationValidator#validate method.
Exits RegistrationServicesImpl#validateRegistration method.
Starts calling ResourceManager#removeResource in RegistrationServicesImpl#registerForProject.
Finished calling ResourceManager#removeResource in RegistrationServicesImpl#registerForProject.
Starts calling UserRetrieval#retrieveUser in RegistrationServicesImpl#registerForProject.
Finished calling UserRetrieval#retrieveUser in RegistrationServicesImpl#registerForProject.
Starts calling ResourceManager#updateResource in RegistrationServicesImpl#registerForProject.
Finished calling ResourceManager#updateResource in RegistrationServicesImpl#registerForProject.
Exits RegistrationServicesImpl#registerForProject method.
Enters RegistrationServicesImpl#removeRegistration method.
Starts calling UserRetrieval#retrieveUser in RegistrationServicesImpl#removeRegistration.
Finished calling UserRetrieval#retrieveUser in RegistrationServicesImpl#removeRegistration.
Starts calling ProjectServices#getFullProjectData in RegistrationServicesImpl#removeRegistration.
Finished calling ProjectServices#getFullProjectData in RegistrationServicesImpl#removeRegistration.
Starts calling TeamManager#findPositions method.
Finished calling TeamManager#findPositions method.
Starts calling TeamManager#getTeamFromPosition method.
Finished calling TeamManager#getTeamFromPosition method.
Starts calling ResourceManager#removeResource in RegistrationServicesImpl#removeRegistration.
Finished calling ResourceManager#removeResource in RegistrationServicesImpl#removeRegistration.
Starts calling TeamServices#removeMember in RegistrationServicesImpl#removeRegistration.
Finished calling TeamServices#removeTeam in RegistrationServicesImpl#removeRegistration.
Starts calling ContactMemberServices#sendMessage in RegistrationServicesImpl#removeRegistration.
Finished calling ContactMemberServices#sendMessage in RegistrationServicesImpl#removeRegistration.
Starts calling BanManager#banUser in RegistrationServicesImpl#removeRegistration.
Finished calling BanManager#banUser in RegistrationServicesImpl#removeRegistration.
Exits RegistrationServicesImpl#removeRegistration method.
Enters RegistrationServicesImpl#getRegistration method.
Starts calling UserRetrieval#retrieveUser in RegistrationServicesImpl#getRegistration.
Finished calling UserRetrieval#retrieveUser in RegistrationServicesImpl#getRegistration.
Starts calling ProjectServices#getFullProjectData method.
Finished calling ProjectServices#getFullProjectData method.
Exists RegistrationServicesImpl#getRegistration method.
Enters RegistrationServicesImpl#registerForProject method.
Enters RegistrationServicesImpl#validateRegistration method.
Starts calling UserRetrieval#retrieveUser in RegistrationServicesImpl#validateRegistration.
Finished calling UserRetrieval#retrieveUser in RegistrationServicesImpl#validateRegistration.
Starts calling ProjectServices#getFullProjectData method.
Finished calling ProjectServices#getFullProjectData method.
Starts calling RegistrationValidator#validate method.
Finished calling RegistrationValidator#validate method.
Exits RegistrationServicesImpl#validateRegistration method.
Starts calling ResourceManager#removeResource in RegistrationServicesImpl#registerForProject.
Finished calling ResourceManager#removeResource in RegistrationServicesImpl#registerForProject.
Starts calling UserRetrieval#retrieveUser in RegistrationServicesImpl#registerForProject.
Finished calling UserRetrieval#retrieveUser in RegistrationServicesImpl#registerForProject.
Starts calling ResourceManager#updateResource in RegistrationServicesImpl#registerForProject.
Finished calling ResourceManager#updateResource in RegistrationServicesImpl#registerForProject.
Exits RegistrationServicesImpl#registerForProject method.
Enters RegistrationServicesImpl#removeRegistration method.
Starts calling UserRetrieval#retrieveUser in RegistrationServicesImpl#removeRegistration.
Finished calling UserRetrieval#retrieveUser in RegistrationServicesImpl#removeRegistration.
Starts calling ProjectServices#getFullProjectData in RegistrationServicesImpl#removeRegistration.
Finished calling ProjectServices#getFullProjectData in RegistrationServicesImpl#removeRegistration.
Starts calling TeamManager#findPositions method.
Finished calling TeamManager#findPositions method.
Starts calling TeamManager#getTeamFromPosition method.
Finished calling TeamManager#getTeamFromPosition method.
Starts calling ResourceManager#removeResource in RegistrationServicesImpl#removeRegistration.
Finished calling ResourceManager#removeResource in RegistrationServicesImpl#removeRegistration.
Starts calling TeamServices#removeMember in RegistrationServicesImpl#removeRegistration.
Finished calling TeamServices#removeTeam in RegistrationServicesImpl#removeRegistration.
Starts calling ContactMemberServices#sendMessage in RegistrationServicesImpl#removeRegistration.
Finished calling ContactMemberServices#sendMessage in RegistrationServicesImpl#removeRegistration.
Starts calling BanManager#banUser in RegistrationServicesImpl#removeRegistration.
Finished calling BanManager#banUser in RegistrationServicesImpl#removeRegistration.
Exits RegistrationServicesImpl#removeRegistration method.
Enters RegistrationServicesImpl#getRegistration method.
Starts calling UserRetrieval#retrieveUser in RegistrationServicesImpl#getRegistration.
Finished calling UserRetrieval#retrieveUser in RegistrationServicesImpl#getRegistration.
Starts calling ProjectServices#getFullProjectData method.
Finished calling ProjectServices#getFullProjectData method.
Exists RegistrationServicesImpl#getRegistration method.
Enters RegistrationServicesImpl#registerForProject method.
Enters RegistrationServicesImpl#validateRegistration method.
Starts calling UserRetrieval#retrieveUser in RegistrationServicesImpl#validateRegistration.
Finished calling UserRetrieval#retrieveUser in RegistrationServicesImpl#validateRegistration.
Starts calling ProjectServices#getFullProjectData method.
Finished calling ProjectServices#getFullProjectData method.
Starts calling RegistrationValidator#validate method.
Finished calling RegistrationValidator#validate method.
Exits RegistrationServicesImpl#validateRegistration method.
Starts calling ResourceManager#removeResource in RegistrationServicesImpl#registerForProject.
Finished calling ResourceManager#removeResource in RegistrationServicesImpl#registerForProject.
Starts calling UserRetrieval#retrieveUser in RegistrationServicesImpl#registerForProject.
Finished calling UserRetrieval#retrieveUser in RegistrationServicesImpl#registerForProject.
Starts calling ResourceManager#updateResource in RegistrationServicesImpl#registerForProject.
Finished calling ResourceManager#updateResource in RegistrationServicesImpl#registerForProject.
Exits RegistrationServicesImpl#registerForProject method.
Enters RegistrationServicesImpl#removeRegistration method.
Starts calling UserRetrieval#retrieveUser in RegistrationServicesImpl#removeRegistration.
Finished calling UserRetrieval#retrieveUser in RegistrationServicesImpl#removeRegistration.
Starts calling ProjectServices#getFullProjectData in RegistrationServicesImpl#removeRegistration.
Finished calling ProjectServices#getFullProjectData in RegistrationServicesImpl#removeRegistration.
Starts calling TeamManager#findPositions method.
Finished calling TeamManager#findPositions method.
Starts calling TeamManager#getTeamFromPosition method.
Finished calling TeamManager#getTeamFromPosition method.
Starts calling ResourceManager#removeResource in RegistrationServicesImpl#removeRegistration.
Finished calling ResourceManager#removeResource in RegistrationServicesImpl#removeRegistration.
Starts calling TeamServices#removeMember in RegistrationServicesImpl#removeRegistration.
Finished calling TeamServices#removeTeam in RegistrationServicesImpl#removeRegistration.
Starts calling ContactMemberServices#sendMessage in RegistrationServicesImpl#removeRegistration.
Finished calling ContactMemberServices#sendMessage in RegistrationServicesImpl#removeRegistration.
Starts calling BanManager#banUser in RegistrationServicesImpl#removeRegistration.
Finished calling BanManager#banUser in RegistrationServicesImpl#removeRegistration.
Exits RegistrationServicesImpl#removeRegistration method.
Enters RegistrationServicesImpl#getRegistration method.
Starts calling UserRetrieval#retrieveUser in RegistrationServicesImpl#getRegistration.
Finished calling UserRetrieval#retrieveUser in RegistrationServicesImpl#getRegistration.
Starts calling ProjectServices#getFullProjectData method.
Finished calling ProjectServices#getFullProjectData method.
Exists RegistrationServicesImpl#getRegistration method.
Enters RegistrationServicesImpl#registerForProject method.
Enters RegistrationServicesImpl#validateRegistration method.
Starts calling UserRetrieval#retrieveUser in RegistrationServicesImpl#validateRegistration.
Finished calling UserRetrieval#retrieveUser in RegistrationServicesImpl#validateRegistration.
Starts calling ProjectServices#getFullProjectData method.
Finished calling ProjectServices#getFullProjectData method.
Starts calling RegistrationValidator#validate method.
Finished calling RegistrationValidator#validate method.
Exits RegistrationServicesImpl#validateRegistration method.
Starts calling ResourceManager#removeResource in RegistrationServicesImpl#registerForProject.
Finished calling ResourceManager#removeResource in RegistrationServicesImpl#registerForProject.
Starts calling UserRetrieval#retrieveUser in RegistrationServicesImpl#registerForProject.
Finished calling UserRetrieval#retrieveUser in RegistrationServicesImpl#registerForProject.
Starts calling ResourceManager#updateResource in RegistrationServicesImpl#registerForProject.
Finished calling ResourceManager#updateResource in RegistrationServicesImpl#registerForProject.
Exits RegistrationServicesImpl#registerForProject method.
Enters RegistrationServicesImpl#removeRegistration method.
Starts calling UserRetrieval#retrieveUser in RegistrationServicesImpl#removeRegistration.
Finished calling UserRetrieval#retrieveUser in RegistrationServicesImpl#removeRegistration.
Starts calling ProjectServices#getFullProjectData in RegistrationServicesImpl#removeRegistration.
Finished calling ProjectServices#getFullProjectData in RegistrationServicesImpl#removeRegistration.
Starts calling TeamManager#findPositions method.
Finished calling TeamManager#findPositions method.
Starts calling TeamManager#getTeamFromPosition method.
Finished calling TeamManager#getTeamFromPosition method.
Starts calling ResourceManager#removeResource in RegistrationServicesImpl#removeRegistration.
Finished calling ResourceManager#removeResource in RegistrationServicesImpl#removeRegistration.
Starts calling TeamServices#removeMember in RegistrationServicesImpl#removeRegistration.
Finished calling TeamServices#removeTeam in RegistrationServicesImpl#removeRegistration.
Starts calling ContactMemberServices#sendMessage in RegistrationServicesImpl#removeRegistration.
Finished calling ContactMemberServices#sendMessage in RegistrationServicesImpl#removeRegistration.
Starts calling BanManager#banUser in RegistrationServicesImpl#removeRegistration.
Finished calling BanManager#banUser in RegistrationServicesImpl#removeRegistration.
Exits RegistrationServicesImpl#removeRegistration method.
Enters RegistrationServicesImpl#getRegistration method.
Starts calling UserRetrieval#retrieveUser in RegistrationServicesImpl#getRegistration.
Finished calling UserRetrieval#retrieveUser in RegistrationServicesImpl#getRegistration.
Starts calling ProjectServices#getFullProjectData method.
Finished calling ProjectServices#getFullProjectData method.
Exists RegistrationServicesImpl#getRegistration method.
Enters RegistrationServicesImpl#registerForProject method.
Enters RegistrationServicesImpl#validateRegistration method.
Starts calling UserRetrieval#retrieveUser in RegistrationServicesImpl#validateRegistration.
Finished calling UserRetrieval#retrieveUser in RegistrationServicesImpl#validateRegistration.
Starts calling ProjectServices#getFullProjectData method.
Finished calling ProjectServices#getFullProjectData method.
Starts calling RegistrationValidator#validate method.
Finished calling RegistrationValidator#validate method.
Exits RegistrationServicesImpl#validateRegistration method.
Starts calling ResourceManager#removeResource in RegistrationServicesImpl#registerForProject.
Finished calling ResourceManager#removeResource in RegistrationServicesImpl#registerForProject.
Starts calling UserRetrieval#retrieveUser in RegistrationServicesImpl#registerForProject.
Finished calling UserRetrieval#retrieveUser in RegistrationServicesImpl#registerForProject.
Starts calling ResourceManager#updateResource in RegistrationServicesImpl#registerForProject.
Finished calling ResourceManager#updateResource in RegistrationServicesImpl#registerForProject.
Exits RegistrationServicesImpl#registerForProject method.
Enters RegistrationServicesImpl#removeRegistration method.
Starts calling UserRetrieval#retrieveUser in RegistrationServicesImpl#removeRegistration.
Finished calling UserRetrieval#retrieveUser in RegistrationServicesImpl#removeRegistration.
Starts calling ProjectServices#getFullProjectData in RegistrationServicesImpl#removeRegistration.
Finished calling ProjectServices#getFullProjectData in RegistrationServicesImpl#removeRegistration.
Starts calling TeamManager#findPositions method.
Finished calling TeamManager#findPositions method.
Starts calling TeamManager#getTeamFromPosition method.
Finished calling TeamManager#getTeamFromPosition method.
Starts calling ResourceManager#removeResource in RegistrationServicesImpl#removeRegistration.
Finished calling ResourceManager#removeResource in RegistrationServicesImpl#removeRegistration.
Starts calling TeamServices#removeMember in RegistrationServicesImpl#removeRegistration.
Finished calling TeamServices#removeTeam in RegistrationServicesImpl#removeRegistration.
Starts calling ContactMemberServices#sendMessage in RegistrationServicesImpl#removeRegistration.
Finished calling ContactMemberServices#sendMessage in RegistrationServicesImpl#removeRegistration.
Starts calling BanManager#banUser in RegistrationServicesImpl#removeRegistration.
Finished calling BanManager#banUser in RegistrationServicesImpl#removeRegistration.
Exits RegistrationServicesImpl#removeRegistration method.
Enters RegistrationServicesImpl#getRegistration method.
Starts calling UserRetrieval#retrieveUser in RegistrationServicesImpl#getRegistration.
Finished calling UserRetrieval#retrieveUser in RegistrationServicesImpl#getRegistration.
Starts calling ProjectServices#getFullProjectData method.
Finished calling ProjectServices#getFullProjectData method.
Exists RegistrationServicesImpl#getRegistration method.
Enters RegistrationServicesImpl#registerForProject method.
Enters RegistrationServicesImpl#validateRegistration method.
Starts calling UserRetrieval#retrieveUser in RegistrationServicesImpl#validateRegistration.
Finished calling UserRetrieval#retrieveUser in RegistrationServicesImpl#validateRegistration.
Starts calling ProjectServices#getFullProjectData method.
Finished calling ProjectServices#getFullProjectData method.
Starts calling RegistrationValidator#validate method.
Finished calling RegistrationValidator#validate method.
Exits RegistrationServicesImpl#validateRegistration method.
Starts calling ResourceManager#removeResource in RegistrationServicesImpl#registerForProject.
Finished calling ResourceManager#removeResource in RegistrationServicesImpl#registerForProject.
Starts calling UserRetrieval#retrieveUser in RegistrationServicesImpl#registerForProject.
Finished calling UserRetrieval#retrieveUser in RegistrationServicesImpl#registerForProject.
Starts calling ResourceManager#updateResource in RegistrationServicesImpl#registerForProject.
Finished calling ResourceManager#updateResource in RegistrationServicesImpl#registerForProject.
Exits RegistrationServicesImpl#registerForProject method.
Enters RegistrationServicesImpl#removeRegistration method.
Starts calling UserRetrieval#retrieveUser in RegistrationServicesImpl#removeRegistration.
Finished calling UserRetrieval#retrieveUser in RegistrationServicesImpl#removeRegistration.
Starts calling ProjectServices#getFullProjectData in RegistrationServicesImpl#removeRegistration.
Finished calling ProjectServices#getFullProjectData in RegistrationServicesImpl#removeRegistration.
Starts calling TeamManager#findPositions method.
Finished calling TeamManager#findPositions method.
Starts calling TeamManager#getTeamFromPosition method.
Finished calling TeamManager#getTeamFromPosition method.
Starts calling ResourceManager#removeResource in RegistrationServicesImpl#removeRegistration.
Finished calling ResourceManager#removeResource in RegistrationServicesImpl#removeRegistration.
Starts calling TeamServices#removeMember in RegistrationServicesImpl#removeRegistration.
Finished calling TeamServices#removeTeam in RegistrationServicesImpl#removeRegistration.
Starts calling ContactMemberServices#sendMessage in RegistrationServicesImpl#removeRegistration.
Finished calling ContactMemberServices#sendMessage in RegistrationServicesImpl#removeRegistration.
Starts calling BanManager#banUser in RegistrationServicesImpl#removeRegistration.
Finished calling BanManager#banUser in RegistrationServicesImpl#removeRegistration.
Exits RegistrationServicesImpl#removeRegistration method.
Enters RegistrationServicesImpl#getRegistration method.
Starts calling UserRetrieval#retrieveUser in RegistrationServicesImpl#getRegistration.
Finished calling UserRetrieval#retrieveUser in RegistrationServicesImpl#getRegistration.
Starts calling ProjectServices#getFullProjectData method.
Finished calling ProjectServices#getFullProjectData method.
Exists RegistrationServicesImpl#getRegistration method.
Enters RegistrationServicesImpl#registerForProject method.
Enters RegistrationServicesImpl#validateRegistration method.
Starts calling UserRetrieval#retrieveUser in RegistrationServicesImpl#validateRegistration.
Finished calling UserRetrieval#retrieveUser in RegistrationServicesImpl#validateRegistration.
Starts calling ProjectServices#getFullProjectData method.
Finished calling ProjectServices#getFullProjectData method.
Starts calling RegistrationValidator#validate method.
Finished calling RegistrationValidator#validate method.
Exits RegistrationServicesImpl#validateRegistration method.
Starts calling ResourceManager#removeResource in RegistrationServicesImpl#registerForProject.
Finished calling ResourceManager#removeResource in RegistrationServicesImpl#registerForProject.
Starts calling UserRetrieval#retrieveUser in RegistrationServicesImpl#registerForProject.
Finished calling UserRetrieval#retrieveUser in RegistrationServicesImpl#registerForProject.
Starts calling ResourceManager#updateResource in RegistrationServicesImpl#registerForProject.
Finished calling ResourceManager#updateResource in RegistrationServicesImpl#registerForProject.
Exits RegistrationServicesImpl#registerForProject method.
Enters RegistrationServicesImpl#removeRegistration method.
Starts calling UserRetrieval#retrieveUser in RegistrationServicesImpl#removeRegistration.
Finished calling UserRetrieval#retrieveUser in RegistrationServicesImpl#removeRegistration.
Starts calling ProjectServices#getFullProjectData in RegistrationServicesImpl#removeRegistration.
Finished calling ProjectServices#getFullProjectData in RegistrationServicesImpl#removeRegistration.
Starts calling TeamManager#findPositions method.
Finished calling TeamManager#findPositions method.
Starts calling TeamManager#getTeamFromPosition method.
Finished calling TeamManager#getTeamFromPosition method.
Starts calling ResourceManager#removeResource in RegistrationServicesImpl#removeRegistration.
Finished calling ResourceManager#removeResource in RegistrationServicesImpl#removeRegistration.
Starts calling TeamServices#removeMember in RegistrationServicesImpl#removeRegistration.
Finished calling TeamServices#removeTeam in RegistrationServicesImpl#removeRegistration.
Starts calling ContactMemberServices#sendMessage in RegistrationServicesImpl#removeRegistration.
Finished calling ContactMemberServices#sendMessage in RegistrationServicesImpl#removeRegistration.
Starts calling BanManager#banUser in RegistrationServicesImpl#removeRegistration.
Finished calling BanManager#banUser in RegistrationServicesImpl#removeRegistration.
Exits RegistrationServicesImpl#removeRegistration method.
Enters RegistrationServicesImpl#getRegistration method.
Starts calling UserRetrieval#retrieveUser in RegistrationServicesImpl#getRegistration.
Finished calling UserRetrieval#retrieveUser in RegistrationServicesImpl#getRegistration.
Starts calling ProjectServices#getFullProjectData method.
Finished calling ProjectServices#getFullProjectData method.
Exists RegistrationServicesImpl#getRegistration method.
Enters RegistrationServicesImpl#registerForProject method.
Enters RegistrationServicesImpl#validateRegistration method.
Starts calling UserRetrieval#retrieveUser in RegistrationServicesImpl#validateRegistration.
Finished calling UserRetrieval#retrieveUser in RegistrationServicesImpl#validateRegistration.
Starts calling ProjectServices#getFullProjectData method.
Finished calling ProjectServices#getFullProjectData method.
Starts calling RegistrationValidator#validate method.
Finished calling RegistrationValidator#validate method.
Exits RegistrationServicesImpl#validateRegistration method.
Starts calling ResourceManager#removeResource in RegistrationServicesImpl#registerForProject.
Finished calling ResourceManager#removeResource in RegistrationServicesImpl#registerForProject.
Starts calling UserRetrieval#retrieveUser in RegistrationServicesImpl#registerForProject.
Finished calling UserRetrieval#retrieveUser in RegistrationServicesImpl#registerForProject.
Starts calling ResourceManager#updateResource in RegistrationServicesImpl#registerForProject.
Finished calling ResourceManager#updateResource in RegistrationServicesImpl#registerForProject.
Exits RegistrationServicesImpl#registerForProject method.
Enters RegistrationServicesImpl#removeRegistration method.
Starts calling UserRetrieval#retrieveUser in RegistrationServicesImpl#removeRegistration.
Finished calling UserRetrieval#retrieveUser in RegistrationServicesImpl#removeRegistration.
Starts calling ProjectServices#getFullProjectData in RegistrationServicesImpl#removeRegistration.
Finished calling ProjectServices#getFullProjectData in RegistrationServicesImpl#removeRegistration.
Starts calling TeamManager#findPositions method.
Finished calling TeamManager#findPositions method.
Starts calling TeamManager#getTeamFromPosition method.
Finished calling TeamManager#getTeamFromPosition method.
Starts calling ResourceManager#removeResource in RegistrationServicesImpl#removeRegistration.
Finished calling ResourceManager#removeResource in RegistrationServicesImpl#removeRegistration.
Starts calling TeamServices#removeMember in RegistrationServicesImpl#removeRegistration.
Finished calling TeamServices#removeTeam in RegistrationServicesImpl#removeRegistration.
Starts calling ContactMemberServices#sendMessage in RegistrationServicesImpl#removeRegistration.
Finished calling ContactMemberServices#sendMessage in RegistrationServicesImpl#removeRegistration.
Starts calling BanManager#banUser in RegistrationServicesImpl#removeRegistration.
Finished calling BanManager#banUser in RegistrationServicesImpl#removeRegistration.
Exits RegistrationServicesImpl#removeRegistration method.
Enters RegistrationServicesImpl#getRegistration method.
Starts calling UserRetrieval#retrieveUser in RegistrationServicesImpl#getRegistration.
Finished calling UserRetrieval#retrieveUser in RegistrationServicesImpl#getRegistration.
Starts calling ProjectServices#getFullProjectData method.
Finished calling ProjectServices#getFullProjectData method.
Exists RegistrationServicesImpl#getRegistration method.
Enters RegistrationServicesImpl#registerForProject method.
Enters RegistrationServicesImpl#validateRegistration method.
Starts calling UserRetrieval#retrieveUser in RegistrationServicesImpl#validateRegistration.
Finished calling UserRetrieval#retrieveUser in RegistrationServicesImpl#validateRegistration.
Starts calling ProjectServices#getFullProjectData method.
Finished calling ProjectServices#getFullProjectData method.
Starts calling RegistrationValidator#validate method.
Finished calling RegistrationValidator#validate method.
Exits RegistrationServicesImpl#validateRegistration method.
Starts calling ResourceManager#removeResource in RegistrationServicesImpl#registerForProject.
Finished calling ResourceManager#removeResource in RegistrationServicesImpl#registerForProject.
Starts calling UserRetrieval#retrieveUser in RegistrationServicesImpl#registerForProject.
Finished calling UserRetrieval#retrieveUser in RegistrationServicesImpl#registerForProject.
Starts calling ResourceManager#updateResource in RegistrationServicesImpl#registerForProject.
Finished calling ResourceManager#updateResource in RegistrationServicesImpl#registerForProject.
Exits RegistrationServicesImpl#registerForProject method.
Enters RegistrationServicesImpl#removeRegistration method.
Starts calling UserRetrieval#retrieveUser in RegistrationServicesImpl#removeRegistration.
Finished calling UserRetrieval#retrieveUser in RegistrationServicesImpl#removeRegistration.
Starts calling ProjectServices#getFullProjectData in RegistrationServicesImpl#removeRegistration.
Finished calling ProjectServices#getFullProjectData in RegistrationServicesImpl#removeRegistration.
Starts calling TeamManager#findPositions method.
Finished calling TeamManager#findPositions method.
Starts calling TeamManager#getTeamFromPosition method.
Finished calling TeamManager#getTeamFromPosition method.
Starts calling ResourceManager#removeResource in RegistrationServicesImpl#removeRegistration.
Finished calling ResourceManager#removeResource in RegistrationServicesImpl#removeRegistration.
Starts calling TeamServices#removeMember in RegistrationServicesImpl#removeRegistration.
Finished calling TeamServices#removeTeam in RegistrationServicesImpl#removeRegistration.
Starts calling ContactMemberServices#sendMessage in RegistrationServicesImpl#removeRegistration.
Finished calling ContactMemberServices#sendMessage in RegistrationServicesImpl#removeRegistration.
Starts calling BanManager#banUser in RegistrationServicesImpl#removeRegistration.
Finished calling BanManager#banUser in RegistrationServicesImpl#removeRegistration.
Exits RegistrationServicesImpl#removeRegistration method.
Enters RegistrationServicesImpl#getRegistration method.
Starts calling UserRetrieval#retrieveUser in RegistrationServicesImpl#getRegistration.
Finished calling UserRetrieval#retrieveUser in RegistrationServicesImpl#getRegistration.
Starts calling ProjectServices#getFullProjectData method.
Finished calling ProjectServices#getFullProjectData method.
Exists RegistrationServicesImpl#getRegistration method.
Enters RegistrationServicesImpl#registerForProject method.
Enters RegistrationServicesImpl#validateRegistration method.
Starts calling UserRetrieval#retrieveUser in RegistrationServicesImpl#validateRegistration.
Finished calling UserRetrieval#retrieveUser in RegistrationServicesImpl#validateRegistration.
Starts calling ProjectServices#getFullProjectData method.
Finished calling ProjectServices#getFullProjectData method.
Starts calling RegistrationValidator#validate method.
Finished calling RegistrationValidator#validate method.
Exits RegistrationServicesImpl#validateRegistration method.
Starts calling ResourceManager#removeResource in RegistrationServicesImpl#registerForProject.
Finished calling ResourceManager#removeResource in RegistrationServicesImpl#registerForProject.
Starts calling UserRetrieval#retrieveUser in RegistrationServicesImpl#registerForProject.
Finished calling UserRetrieval#retrieveUser in RegistrationServicesImpl#registerForProject.
Starts calling ResourceManager#updateResource in RegistrationServicesImpl#registerForProject.
Finished calling ResourceManager#updateResource in RegistrationServicesImpl#registerForProject.
Exits RegistrationServicesImpl#registerForProject method.
Enters RegistrationServicesImpl#removeRegistration method.
Starts calling UserRetrieval#retrieveUser in RegistrationServicesImpl#removeRegistration.
Finished calling UserRetrieval#retrieveUser in RegistrationServicesImpl#removeRegistration.
Starts calling ProjectServices#getFullProjectData in RegistrationServicesImpl#removeRegistration.
Finished calling ProjectServices#getFullProjectData in RegistrationServicesImpl#removeRegistration.
Starts calling TeamManager#findPositions method.
Finished calling TeamManager#findPositions method.
Starts calling TeamManager#getTeamFromPosition method.
Finished calling TeamManager#getTeamFromPosition method.
Starts calling ResourceManager#removeResource in RegistrationServicesImpl#removeRegistration.
Finished calling ResourceManager#removeResource in RegistrationServicesImpl#removeRegistration.
Starts calling TeamServices#removeMember in RegistrationServicesImpl#removeRegistration.
Finished calling TeamServices#removeTeam in RegistrationServicesImpl#removeRegistration.
Starts calling ContactMemberServices#sendMessage in RegistrationServicesImpl#removeRegistration.
Finished calling ContactMemberServices#sendMessage in RegistrationServicesImpl#removeRegistration.
Starts calling BanManager#banUser in RegistrationServicesImpl#removeRegistration.
Finished calling BanManager#banUser in RegistrationServicesImpl#removeRegistration.
Exits RegistrationServicesImpl#removeRegistration method.
Enters RegistrationServicesImpl#getRegistration method.
Starts calling UserRetrieval#retrieveUser in RegistrationServicesImpl#getRegistration.
Finished calling UserRetrieval#retrieveUser in RegistrationServicesImpl#getRegistration.
Starts calling ProjectServices#getFullProjectData method.
Finished calling ProjectServices#getFullProjectData method.
Exists RegistrationServicesImpl#getRegistration method.
Enters RegistrationServicesImpl#registerForProject method.
Enters RegistrationServicesImpl#validateRegistration method.
Starts calling UserRetrieval#retrieveUser in RegistrationServicesImpl#validateRegistration.
Finished calling UserRetrieval#retrieveUser in RegistrationServicesImpl#validateRegistration.
Starts calling ProjectServices#getFullProjectData method.
Finished calling ProjectServices#getFullProjectData method.
Starts calling RegistrationValidator#validate method.
Finished calling RegistrationValidator#validate method.
Exits RegistrationServicesImpl#validateRegistration method.
Starts calling ResourceManager#removeResource in RegistrationServicesImpl#registerForProject.
Finished calling ResourceManager#removeResource in RegistrationServicesImpl#registerForProject.
Starts calling UserRetrieval#retrieveUser in RegistrationServicesImpl#registerForProject.
Finished calling UserRetrieval#retrieveUser in RegistrationServicesImpl#registerForProject.
Starts calling ResourceManager#updateResource in RegistrationServicesImpl#registerForProject.
Finished calling ResourceManager#updateResource in RegistrationServicesImpl#registerForProject.
Exits RegistrationServicesImpl#registerForProject method.
Enters RegistrationServicesImpl#removeRegistration method.
Starts calling UserRetrieval#retrieveUser in RegistrationServicesImpl#removeRegistration.
Finished calling UserRetrieval#retrieveUser in RegistrationServicesImpl#removeRegistration.
Starts calling ProjectServices#getFullProjectData in RegistrationServicesImpl#removeRegistration.
Finished calling ProjectServices#getFullProjectData in RegistrationServicesImpl#removeRegistration.
Starts calling TeamManager#findPositions method.
Finished calling TeamManager#findPositions method.
Starts calling TeamManager#getTeamFromPosition method.
Finished calling TeamManager#getTeamFromPosition method.
Starts calling ResourceManager#removeResource in RegistrationServicesImpl#removeRegistration.
Finished calling ResourceManager#removeResource in RegistrationServicesImpl#removeRegistration.
Starts calling TeamServices#removeMember in RegistrationServicesImpl#removeRegistration.
Finished calling TeamServices#removeTeam in RegistrationServicesImpl#removeRegistration.
Starts calling ContactMemberServices#sendMessage in RegistrationServicesImpl#removeRegistration.
Finished calling ContactMemberServices#sendMessage in RegistrationServicesImpl#removeRegistration.
Starts calling BanManager#banUser in RegistrationServicesImpl#removeRegistration.
Finished calling BanManager#banUser in RegistrationServicesImpl#removeRegistration.
Exits RegistrationServicesImpl#removeRegistration method.
Enters RegistrationServicesImpl#getRegistration method.
Starts calling UserRetrieval#retrieveUser in RegistrationServicesImpl#getRegistration.
Finished calling UserRetrieval#retrieveUser in RegistrationServicesImpl#getRegistration.
Starts calling ProjectServices#getFullProjectData method.
Finished calling ProjectServices#getFullProjectData method.
Exists RegistrationServicesImpl#getRegistration method.
Enters RegistrationServicesImpl#registerForProject method.
Enters RegistrationServicesImpl#validateRegistration method.
Starts calling UserRetrieval#retrieveUser in RegistrationServicesImpl#validateRegistration.
Finished calling UserRetrieval#retrieveUser in RegistrationServicesImpl#validateRegistration.
Starts calling ProjectServices#getFullProjectData method.
Finished calling ProjectServices#getFullProjectData method.
Starts calling RegistrationValidator#validate method.
Finished calling RegistrationValidator#validate method.
Exits RegistrationServicesImpl#validateRegistration method.
Starts calling ResourceManager#removeResource in RegistrationServicesImpl#registerForProject.
Finished calling ResourceManager#removeResource in RegistrationServicesImpl#registerForProject.
Starts calling UserRetrieval#retrieveUser in RegistrationServicesImpl#registerForProject.
Finished calling UserRetrieval#retrieveUser in RegistrationServicesImpl#registerForProject.
Starts calling ResourceManager#updateResource in RegistrationServicesImpl#registerForProject.
Finished calling ResourceManager#updateResource in RegistrationServicesImpl#registerForProject.
Exits RegistrationServicesImpl#registerForProject method.
Enters RegistrationServicesImpl#removeRegistration method.
Starts calling UserRetrieval#retrieveUser in RegistrationServicesImpl#removeRegistration.
Finished calling UserRetrieval#retrieveUser in RegistrationServicesImpl#removeRegistration.
Starts calling ProjectServices#getFullProjectData in RegistrationServicesImpl#removeRegistration.
Finished calling ProjectServices#getFullProjectData in RegistrationServicesImpl#removeRegistration.
Starts calling TeamManager#findPositions method.
Finished calling TeamManager#findPositions method.
Starts calling TeamManager#getTeamFromPosition method.
Finished calling TeamManager#getTeamFromPosition method.
Starts calling ResourceManager#removeResource in RegistrationServicesImpl#removeRegistration.
Finished calling ResourceManager#removeResource in RegistrationServicesImpl#removeRegistration.
Starts calling TeamServices#removeMember in RegistrationServicesImpl#removeRegistration.
Finished calling TeamServices#removeTeam in RegistrationServicesImpl#removeRegistration.
Starts calling ContactMemberServices#sendMessage in RegistrationServicesImpl#removeRegistration.
Finished calling ContactMemberServices#sendMessage in RegistrationServicesImpl#removeRegistration.
Starts calling BanManager#banUser in RegistrationServicesImpl#removeRegistration.
Finished calling BanManager#banUser in RegistrationServicesImpl#removeRegistration.
Exits RegistrationServicesImpl#removeRegistration method.
Enters RegistrationServicesImpl#getRegistration method.
Starts calling UserRetrieval#retrieveUser in RegistrationServicesImpl#getRegistration.
Finished calling UserRetrieval#retrieveUser in RegistrationServicesImpl#getRegistration.
Starts calling ProjectServices#getFullProjectData method.
Finished calling ProjectServices#getFullProjectData method.
Exists RegistrationServicesImpl#getRegistration method.
Enters RegistrationServicesImpl#registerForProject method.
Enters RegistrationServicesImpl#validateRegistration method.
Starts calling UserRetrieval#retrieveUser in RegistrationServicesImpl#validateRegistration.
Finished calling UserRetrieval#retrieveUser in RegistrationServicesImpl#validateRegistration.
Starts calling ProjectServices#getFullProjectData method.
Finished calling ProjectServices#getFullProjectData method.
Starts calling RegistrationValidator#validate method.
Finished calling RegistrationValidator#validate method.
Exits RegistrationServicesImpl#validateRegistration method.
Starts calling ResourceManager#removeResource in RegistrationServicesImpl#registerForProject.
Finished calling ResourceManager#removeResource in RegistrationServicesImpl#registerForProject.
Starts calling UserRetrieval#retrieveUser in RegistrationServicesImpl#registerForProject.
Finished calling UserRetrieval#retrieveUser in RegistrationServicesImpl#registerForProject.
Starts calling ResourceManager#updateResource in RegistrationServicesImpl#registerForProject.
Finished calling ResourceManager#updateResource in RegistrationServicesImpl#registerForProject.
Exits RegistrationServicesImpl#registerForProject method.
Enters RegistrationServicesImpl#removeRegistration method.
Starts calling UserRetrieval#retrieveUser in RegistrationServicesImpl#removeRegistration.
Finished calling UserRetrieval#retrieveUser in RegistrationServicesImpl#removeRegistration.
Starts calling ProjectServices#getFullProjectData in RegistrationServicesImpl#removeRegistration.
Finished calling ProjectServices#getFullProjectData in RegistrationServicesImpl#removeRegistration.
Starts calling TeamManager#findPositions method.
Finished calling TeamManager#findPositions method.
Starts calling TeamManager#getTeamFromPosition method.
Finished calling TeamManager#getTeamFromPosition method.
Starts calling ResourceManager#removeResource in RegistrationServicesImpl#removeRegistration.
Finished calling ResourceManager#removeResource in RegistrationServicesImpl#removeRegistration.
Starts calling TeamServices#removeMember in RegistrationServicesImpl#removeRegistration.
Finished calling TeamServices#removeTeam in RegistrationServicesImpl#removeRegistration.
Starts calling ContactMemberServices#sendMessage in RegistrationServicesImpl#removeRegistration.
Finished calling ContactMemberServices#sendMessage in RegistrationServicesImpl#removeRegistration.
Starts calling BanManager#banUser in RegistrationServicesImpl#removeRegistration.
Finished calling BanManager#banUser in RegistrationServicesImpl#removeRegistration.
Exits RegistrationServicesImpl#removeRegistration method.
Enters RegistrationServicesImpl#getRegistration method.
Starts calling UserRetrieval#retrieveUser in RegistrationServicesImpl#getRegistration.
Finished calling UserRetrieval#retrieveUser in RegistrationServicesImpl#getRegistration.
Starts calling ProjectServices#getFullProjectData method.
Finished calling ProjectServices#getFullProjectData method.
Exists RegistrationServicesImpl#getRegistration method.
Enters RegistrationServicesImpl#registerForProject method.
Enters RegistrationServicesImpl#validateRegistration method.
Starts calling UserRetrieval#retrieveUser in RegistrationServicesImpl#validateRegistration.
Finished calling UserRetrieval#retrieveUser in RegistrationServicesImpl#validateRegistration.
Starts calling ProjectServices#getFullProjectData method.
Finished calling ProjectServices#getFullProjectData method.
Starts calling RegistrationValidator#validate method.
Finished calling RegistrationValidator#validate method.
Exits RegistrationServicesImpl#validateRegistration method.
Starts calling ResourceManager#removeResource in RegistrationServicesImpl#registerForProject.
Finished calling ResourceManager#removeResource in RegistrationServicesImpl#registerForProject.
Starts calling UserRetrieval#retrieveUser in RegistrationServicesImpl#registerForProject.
Finished calling UserRetrieval#retrieveUser in RegistrationServicesImpl#registerForProject.
Starts calling ResourceManager#updateResource in RegistrationServicesImpl#registerForProject.
Finished calling ResourceManager#updateResource in RegistrationServicesImpl#registerForProject.
Exits RegistrationServicesImpl#registerForProject method.
Enters RegistrationServicesImpl#removeRegistration method.
Starts calling UserRetrieval#retrieveUser in RegistrationServicesImpl#removeRegistration.
Finished calling UserRetrieval#retrieveUser in RegistrationServicesImpl#removeRegistration.
Starts calling ProjectServices#getFullProjectData in RegistrationServicesImpl#removeRegistration.
Finished calling ProjectServices#getFullProjectData in RegistrationServicesImpl#removeRegistration.
Starts calling TeamManager#findPositions method.
Finished calling TeamManager#findPositions method.
Starts calling TeamManager#getTeamFromPosition method.
Finished calling TeamManager#getTeamFromPosition method.
Starts calling ResourceManager#removeResource in RegistrationServicesImpl#removeRegistration.
Finished calling ResourceManager#removeResource in RegistrationServicesImpl#removeRegistration.
Starts calling TeamServices#removeMember in RegistrationServicesImpl#removeRegistration.
Finished calling TeamServices#removeTeam in RegistrationServicesImpl#removeRegistration.
Starts calling ContactMemberServices#sendMessage in RegistrationServicesImpl#removeRegistration.
Finished calling ContactMemberServices#sendMessage in RegistrationServicesImpl#removeRegistration.
Starts calling BanManager#banUser in RegistrationServicesImpl#removeRegistration.
Finished calling BanManager#banUser in RegistrationServicesImpl#removeRegistration.
Exits RegistrationServicesImpl#removeRegistration method.
Enters RegistrationServicesImpl#getRegistration method.
Starts calling UserRetrieval#retrieveUser in RegistrationServicesImpl#getRegistration.
Finished calling UserRetrieval#retrieveUser in RegistrationServicesImpl#getRegistration.
Starts calling ProjectServices#getFullProjectData method.
Finished calling ProjectServices#getFullProjectData method.
Exists RegistrationServicesImpl#getRegistration method.
Enters RegistrationServicesImpl#registerForProject method.
Enters RegistrationServicesImpl#validateRegistration method.
Starts calling UserRetrieval#retrieveUser in RegistrationServicesImpl#validateRegistration.
Finished calling UserRetrieval#retrieveUser in RegistrationServicesImpl#validateRegistration.
Starts calling ProjectServices#getFullProjectData method.
Finished calling ProjectServices#getFullProjectData method.
Starts calling RegistrationValidator#validate method.
Finished calling RegistrationValidator#validate method.
Exits RegistrationServicesImpl#validateRegistration method.
Starts calling ResourceManager#removeResource in RegistrationServicesImpl#registerForProject.
Finished calling ResourceManager#removeResource in RegistrationServicesImpl#registerForProject.
Starts calling UserRetrieval#retrieveUser in RegistrationServicesImpl#registerForProject.
Finished calling UserRetrieval#retrieveUser in RegistrationServicesImpl#registerForProject.
Starts calling ResourceManager#updateResource in RegistrationServicesImpl#registerForProject.
Finished calling ResourceManager#updateResource in RegistrationServicesImpl#registerForProject.
Exits RegistrationServicesImpl#registerForProject method.
Enters RegistrationServicesImpl#removeRegistration method.
Starts calling UserRetrieval#retrieveUser in RegistrationServicesImpl#removeRegistration.
Finished calling UserRetrieval#retrieveUser in RegistrationServicesImpl#removeRegistration.
Starts calling ProjectServices#getFullProjectData in RegistrationServicesImpl#removeRegistration.
Finished calling ProjectServices#getFullProjectData in RegistrationServicesImpl#removeRegistration.
Starts calling TeamManager#findPositions method.
Finished calling TeamManager#findPositions method.
Starts calling TeamManager#getTeamFromPosition method.
Finished calling TeamManager#getTeamFromPosition method.
Starts calling ResourceManager#removeResource in RegistrationServicesImpl#removeRegistration.
Finished calling ResourceManager#removeResource in RegistrationServicesImpl#removeRegistration.
Starts calling TeamServices#removeMember in RegistrationServicesImpl#removeRegistration.
Finished calling TeamServices#removeTeam in RegistrationServicesImpl#removeRegistration.
Starts calling ContactMemberServices#sendMessage in RegistrationServicesImpl#removeRegistration.
Finished calling ContactMemberServices#sendMessage in RegistrationServicesImpl#removeRegistration.
Starts calling BanManager#banUser in RegistrationServicesImpl#removeRegistration.
Finished calling BanManager#banUser in RegistrationServicesImpl#removeRegistration.
Exits RegistrationServicesImpl#removeRegistration method.
Enters RegistrationServicesImpl#getRegistration method.
Starts calling UserRetrieval#retrieveUser in RegistrationServicesImpl#getRegistration.
Finished calling UserRetrieval#retrieveUser in RegistrationServicesImpl#getRegistration.
Starts calling ProjectServices#getFullProjectData method.
Finished calling ProjectServices#getFullProjectData method.
Exists RegistrationServicesImpl#getRegistration method.
Enters RegistrationServicesImpl#registerForProject method.
Enters RegistrationServicesImpl#validateRegistration method.
Starts calling UserRetrieval#retrieveUser in RegistrationServicesImpl#validateRegistration.
Finished calling UserRetrieval#retrieveUser in RegistrationServicesImpl#validateRegistration.
Starts calling ProjectServices#getFullProjectData method.
Finished calling ProjectServices#getFullProjectData method.
Starts calling RegistrationValidator#validate method.
Finished calling RegistrationValidator#validate method.
Exits RegistrationServicesImpl#validateRegistration method.
Starts calling ResourceManager#removeResource in RegistrationServicesImpl#registerForProject.
Finished calling ResourceManager#removeResource in RegistrationServicesImpl#registerForProject.
Starts calling UserRetrieval#retrieveUser in RegistrationServicesImpl#registerForProject.
Finished calling UserRetrieval#retrieveUser in RegistrationServicesImpl#registerForProject.
Starts calling ResourceManager#updateResource in RegistrationServicesImpl#registerForProject.
Finished calling ResourceManager#updateResource in RegistrationServicesImpl#registerForProject.
Exits RegistrationServicesImpl#registerForProject method.
Enters RegistrationServicesImpl#removeRegistration method.
Starts calling UserRetrieval#retrieveUser in RegistrationServicesImpl#removeRegistration.
Finished calling UserRetrieval#retrieveUser in RegistrationServicesImpl#removeRegistration.
Starts calling ProjectServices#getFullProjectData in RegistrationServicesImpl#removeRegistration.
Finished calling ProjectServices#getFullProjectData in RegistrationServicesImpl#removeRegistration.
Starts calling TeamManager#findPositions method.
Finished calling TeamManager#findPositions method.
Starts calling TeamManager#getTeamFromPosition method.
Finished calling TeamManager#getTeamFromPosition method.
Starts calling ResourceManager#removeResource in RegistrationServicesImpl#removeRegistration.
Finished calling ResourceManager#removeResource in RegistrationServicesImpl#removeRegistration.
Starts calling TeamServices#removeMember in RegistrationServicesImpl#removeRegistration.
Finished calling TeamServices#removeTeam in RegistrationServicesImpl#removeRegistration.
Starts calling ContactMemberServices#sendMessage in RegistrationServicesImpl#removeRegistration.
Finished calling ContactMemberServices#sendMessage in RegistrationServicesImpl#removeRegistration.
Starts calling BanManager#banUser in RegistrationServicesImpl#removeRegistration.
Finished calling BanManager#banUser in RegistrationServicesImpl#removeRegistration.
Exits RegistrationServicesImpl#removeRegistration method.
Enters RegistrationServicesImpl#getRegistration method.
Starts calling UserRetrieval#retrieveUser in RegistrationServicesImpl#getRegistration.
Finished calling UserRetrieval#retrieveUser in RegistrationServicesImpl#getRegistration.
Starts calling ProjectServices#getFullProjectData method.
Finished calling ProjectServices#getFullProjectData method.
Exists RegistrationServicesImpl#getRegistration method.
Enters RegistrationServicesImpl#registerForProject method.
Enters RegistrationServicesImpl#validateRegistration method.
Starts calling UserRetrieval#retrieveUser in RegistrationServicesImpl#validateRegistration.
Finished calling UserRetrieval#retrieveUser in RegistrationServicesImpl#validateRegistration.
Starts calling ProjectServices#getFullProjectData method.
Finished calling ProjectServices#getFullProjectData method.
Starts calling RegistrationValidator#validate method.
Finished calling RegistrationValidator#validate method.
Exits RegistrationServicesImpl#validateRegistration method.
Starts calling ResourceManager#removeResource in RegistrationServicesImpl#registerForProject.
Finished calling ResourceManager#removeResource in RegistrationServicesImpl#registerForProject.
Starts calling UserRetrieval#retrieveUser in RegistrationServicesImpl#registerForProject.
Finished calling UserRetrieval#retrieveUser in RegistrationServicesImpl#registerForProject.
Starts calling ResourceManager#updateResource in RegistrationServicesImpl#registerForProject.
Finished calling ResourceManager#updateResource in RegistrationServicesImpl#registerForProject.
Exits RegistrationServicesImpl#registerForProject method.
Enters RegistrationServicesImpl#removeRegistration method.
Starts calling UserRetrieval#retrieveUser in RegistrationServicesImpl#removeRegistration.
Finished calling UserRetrieval#retrieveUser in RegistrationServicesImpl#removeRegistration.
Starts calling ProjectServices#getFullProjectData in RegistrationServicesImpl#removeRegistration.
Finished calling ProjectServices#getFullProjectData in RegistrationServicesImpl#removeRegistration.
Starts calling TeamManager#findPositions method.
Finished calling TeamManager#findPositions method.
Starts calling TeamManager#getTeamFromPosition method.
Finished calling TeamManager#getTeamFromPosition method.
Starts calling ResourceManager#removeResource in RegistrationServicesImpl#removeRegistration.
Finished calling ResourceManager#removeResource in RegistrationServicesImpl#removeRegistration.
Starts calling TeamServices#removeMember in RegistrationServicesImpl#removeRegistration.
Finished calling TeamServices#removeTeam in RegistrationServicesImpl#removeRegistration.
Starts calling ContactMemberServices#sendMessage in RegistrationServicesImpl#removeRegistration.
Finished calling ContactMemberServices#sendMessage in RegistrationServicesImpl#removeRegistration.
Starts calling BanManager#banUser in RegistrationServicesImpl#removeRegistration.
Finished calling BanManager#banUser in RegistrationServicesImpl#removeRegistration.
Exits RegistrationServicesImpl#removeRegistration method.
Enters RegistrationServicesImpl#getRegistration method.
Starts calling UserRetrieval#retrieveUser in RegistrationServicesImpl#getRegistration.
Finished calling UserRetrieval#retrieveUser in RegistrationServicesImpl#getRegistration.
Starts calling ProjectServices#getFullProjectData method.
Finished calling ProjectServices#getFullProjectData method.
Exists RegistrationServicesImpl#getRegistration method.
Enters RegistrationServicesImpl#registerForProject method.
Enters RegistrationServicesImpl#validateRegistration method.
Starts calling UserRetrieval#retrieveUser in RegistrationServicesImpl#validateRegistration.
Finished calling UserRetrieval#retrieveUser in RegistrationServicesImpl#validateRegistration.
Starts calling ProjectServices#getFullProjectData method.
Finished calling ProjectServices#getFullProjectData method.
Starts calling RegistrationValidator#validate method.
Finished calling RegistrationValidator#validate method.
Exits RegistrationServicesImpl#validateRegistration method.
Starts calling ResourceManager#removeResource in RegistrationServicesImpl#registerForProject.
Finished calling ResourceManager#removeResource in RegistrationServicesImpl#registerForProject.
Starts calling UserRetrieval#retrieveUser in RegistrationServicesImpl#registerForProject.
Finished calling UserRetrieval#retrieveUser in RegistrationServicesImpl#registerForProject.
Starts calling ResourceManager#updateResource in RegistrationServicesImpl#registerForProject.
Finished calling ResourceManager#updateResource in RegistrationServicesImpl#registerForProject.
Exits RegistrationServicesImpl#registerForProject method.
Enters RegistrationServicesImpl#removeRegistration method.
Starts calling UserRetrieval#retrieveUser in RegistrationServicesImpl#removeRegistration.
Finished calling UserRetrieval#retrieveUser in RegistrationServicesImpl#removeRegistration.
Starts calling ProjectServices#getFullProjectData in RegistrationServicesImpl#removeRegistration.
Finished calling ProjectServices#getFullProjectData in RegistrationServicesImpl#removeRegistration.
Starts calling TeamManager#findPositions method.
Finished calling TeamManager#findPositions method.
Starts calling TeamManager#getTeamFromPosition method.
Finished calling TeamManager#getTeamFromPosition method.
Starts calling ResourceManager#removeResource in RegistrationServicesImpl#removeRegistration.
Finished calling ResourceManager#removeResource in RegistrationServicesImpl#removeRegistration.
Starts calling TeamServices#removeMember in RegistrationServicesImpl#removeRegistration.
Finished calling TeamServices#removeTeam in RegistrationServicesImpl#removeRegistration.
Starts calling ContactMemberServices#sendMessage in RegistrationServicesImpl#removeRegistration.
Finished calling ContactMemberServices#sendMessage in RegistrationServicesImpl#removeRegistration.
Starts calling BanManager#banUser in RegistrationServicesImpl#removeRegistration.
Finished calling BanManager#banUser in RegistrationServicesImpl#removeRegistration.
Exits RegistrationServicesImpl#removeRegistration method.
Enters RegistrationServicesImpl#getRegistration method.
Starts calling UserRetrieval#retrieveUser in RegistrationServicesImpl#getRegistration.
Finished calling UserRetrieval#retrieveUser in RegistrationServicesImpl#getRegistration.
Starts calling ProjectServices#getFullProjectData method.
Finished calling ProjectServices#getFullProjectData method.
Exists RegistrationServicesImpl#getRegistration method.
Enters RegistrationServicesImpl#registerForProject method.
Enters RegistrationServicesImpl#validateRegistration method.
Starts calling UserRetrieval#retrieveUser in RegistrationServicesImpl#validateRegistration.
Finished calling UserRetrieval#retrieveUser in RegistrationServicesImpl#validateRegistration.
Starts calling ProjectServices#getFullProjectData method.
Finished calling ProjectServices#getFullProjectData method.
Starts calling RegistrationValidator#validate method.
Finished calling RegistrationValidator#validate method.
Exits RegistrationServicesImpl#validateRegistration method.
Starts calling ResourceManager#removeResource in RegistrationServicesImpl#registerForProject.
Finished calling ResourceManager#removeResource in RegistrationServicesImpl#registerForProject.
Starts calling UserRetrieval#retrieveUser in RegistrationServicesImpl#registerForProject.
Finished calling UserRetrieval#retrieveUser in RegistrationServicesImpl#registerForProject.
Starts calling ResourceManager#updateResource in RegistrationServicesImpl#registerForProject.
Finished calling ResourceManager#updateResource in RegistrationServicesImpl#registerForProject.
Exits RegistrationServicesImpl#registerForProject method.
Enters RegistrationServicesImpl#removeRegistration method.
Starts calling UserRetrieval#retrieveUser in RegistrationServicesImpl#removeRegistration.
Finished calling UserRetrieval#retrieveUser in RegistrationServicesImpl#removeRegistration.
Starts calling ProjectServices#getFullProjectData in RegistrationServicesImpl#removeRegistration.
Finished calling ProjectServices#getFullProjectData in RegistrationServicesImpl#removeRegistration.
Starts calling TeamManager#findPositions method.
Finished calling TeamManager#findPositions method.
Starts calling TeamManager#getTeamFromPosition method.
Finished calling TeamManager#getTeamFromPosition method.
Starts calling ResourceManager#removeResource in RegistrationServicesImpl#removeRegistration.
Finished calling ResourceManager#removeResource in RegistrationServicesImpl#removeRegistration.
Starts calling TeamServices#removeMember in RegistrationServicesImpl#removeRegistration.
Finished calling TeamServices#removeTeam in RegistrationServicesImpl#removeRegistration.
Starts calling ContactMemberServices#sendMessage in RegistrationServicesImpl#removeRegistration.
Finished calling ContactMemberServices#sendMessage in RegistrationServicesImpl#removeRegistration.
Starts calling BanManager#banUser in RegistrationServicesImpl#removeRegistration.
Finished calling BanManager#banUser in RegistrationServicesImpl#removeRegistration.
Exits RegistrationServicesImpl#removeRegistration method.
Enters RegistrationServicesImpl#getRegistration method.
Starts calling UserRetrieval#retrieveUser in RegistrationServicesImpl#getRegistration.
Finished calling UserRetrieval#retrieveUser in RegistrationServicesImpl#getRegistration.
Starts calling ProjectServices#getFullProjectData method.
Finished calling ProjectServices#getFullProjectData method.
Exists RegistrationServicesImpl#getRegistration method.
Enters RegistrationServicesImpl#registerForProject method.
Enters RegistrationServicesImpl#validateRegistration method.
Starts calling UserRetrieval#retrieveUser in RegistrationServicesImpl#validateRegistration.
Finished calling UserRetrieval#retrieveUser in RegistrationServicesImpl#validateRegistration.
Starts calling ProjectServices#getFullProjectData method.
Finished calling ProjectServices#getFullProjectData method.
Starts calling RegistrationValidator#validate method.
Finished calling RegistrationValidator#validate method.
Exits RegistrationServicesImpl#validateRegistration method.
Starts calling ResourceManager#removeResource in RegistrationServicesImpl#registerForProject.
Finished calling ResourceManager#removeResource in RegistrationServicesImpl#registerForProject.
Starts calling UserRetrieval#retrieveUser in RegistrationServicesImpl#registerForProject.
Finished calling UserRetrieval#retrieveUser in RegistrationServicesImpl#registerForProject.
Starts calling ResourceManager#updateResource in RegistrationServicesImpl#registerForProject.
Finished calling ResourceManager#updateResource in RegistrationServicesImpl#registerForProject.
Exits RegistrationServicesImpl#registerForProject method.
Enters RegistrationServicesImpl#removeRegistration method.
Starts calling UserRetrieval#retrieveUser in RegistrationServicesImpl#removeRegistration.
Finished calling UserRetrieval#retrieveUser in RegistrationServicesImpl#removeRegistration.
Starts calling ProjectServices#getFullProjectData in RegistrationServicesImpl#removeRegistration.
Finished calling ProjectServices#getFullProjectData in RegistrationServicesImpl#removeRegistration.
Starts calling TeamManager#findPositions method.
Finished calling TeamManager#findPositions method.
Starts calling TeamManager#getTeamFromPosition method.
Finished calling TeamManager#getTeamFromPosition method.
Starts calling ResourceManager#removeResource in RegistrationServicesImpl#removeRegistration.
Finished calling ResourceManager#removeResource in RegistrationServicesImpl#removeRegistration.
Starts calling TeamServices#removeMember in RegistrationServicesImpl#removeRegistration.
Finished calling TeamServices#removeTeam in RegistrationServicesImpl#removeRegistration.
Starts calling ContactMemberServices#sendMessage in RegistrationServicesImpl#removeRegistration.
Finished calling ContactMemberServices#sendMessage in RegistrationServicesImpl#removeRegistration.
Starts calling BanManager#banUser in RegistrationServicesImpl#removeRegistration.
Finished calling BanManager#banUser in RegistrationServicesImpl#removeRegistration.
Exits RegistrationServicesImpl#removeRegistration method.
Enters RegistrationServicesImpl#getRegistration method.
Starts calling UserRetrieval#retrieveUser in RegistrationServicesImpl#getRegistration.
Finished calling UserRetrieval#retrieveUser in RegistrationServicesImpl#getRegistration.
Starts calling ProjectServices#getFullProjectData method.
Finished calling ProjectServices#getFullProjectData method.
Exists RegistrationServicesImpl#getRegistration method.
Enters RegistrationServicesImpl#registerForProject method.
Enters RegistrationServicesImpl#validateRegistration method.
Starts calling UserRetrieval#retrieveUser in RegistrationServicesImpl#validateRegistration.
Finished calling UserRetrieval#retrieveUser in RegistrationServicesImpl#validateRegistration.
Starts calling ProjectServices#getFullProjectData method.
Finished calling ProjectServices#getFullProjectData method.
Starts calling RegistrationValidator#validate method.
Finished calling RegistrationValidator#validate method.
Exits RegistrationServicesImpl#validateRegistration method.
Starts calling ResourceManager#removeResource in RegistrationServicesImpl#registerForProject.
Finished calling ResourceManager#removeResource in RegistrationServicesImpl#registerForProject.
Starts calling UserRetrieval#retrieveUser in RegistrationServicesImpl#registerForProject.
Finished calling UserRetrieval#retrieveUser in RegistrationServicesImpl#registerForProject.
Starts calling ResourceManager#updateResource in RegistrationServicesImpl#registerForProject.
Finished calling ResourceManager#updateResource in RegistrationServicesImpl#registerForProject.
Exits RegistrationServicesImpl#registerForProject method.
Enters RegistrationServicesImpl#removeRegistration method.
Starts calling UserRetrieval#retrieveUser in RegistrationServicesImpl#removeRegistration.
Finished calling UserRetrieval#retrieveUser in RegistrationServicesImpl#removeRegistration.
Starts calling ProjectServices#getFullProjectData in RegistrationServicesImpl#removeRegistration.
Finished calling ProjectServices#getFullProjectData in RegistrationServicesImpl#removeRegistration.
Starts calling TeamManager#findPositions method.
Finished calling TeamManager#findPositions method.
Starts calling TeamManager#getTeamFromPosition method.
Finished calling TeamManager#getTeamFromPosition method.
Starts calling ResourceManager#removeResource in RegistrationServicesImpl#removeRegistration.
Finished calling ResourceManager#removeResource in RegistrationServicesImpl#removeRegistration.
Starts calling TeamServices#removeMember in RegistrationServicesImpl#removeRegistration.
Finished calling TeamServices#removeTeam in RegistrationServicesImpl#removeRegistration.
Starts calling ContactMemberServices#sendMessage in RegistrationServicesImpl#removeRegistration.
Finished calling ContactMemberServices#sendMessage in RegistrationServicesImpl#removeRegistration.
Starts calling BanManager#banUser in RegistrationServicesImpl#removeRegistration.
Finished calling BanManager#banUser in RegistrationServicesImpl#removeRegistration.
Exits RegistrationServicesImpl#removeRegistration method.
Enters RegistrationServicesImpl#getRegistration method.
Starts calling UserRetrieval#retrieveUser in RegistrationServicesImpl#getRegistration.
Finished calling UserRetrieval#retrieveUser in RegistrationServicesImpl#getRegistration.
Starts calling ProjectServices#getFullProjectData method.
Finished calling ProjectServices#getFullProjectData method.
Exists RegistrationServicesImpl#getRegistration method.
Enters RegistrationServicesImpl#registerForProject method.
Enters RegistrationServicesImpl#validateRegistration method.
Starts calling UserRetrieval#retrieveUser in RegistrationServicesImpl#validateRegistration.
Finished calling UserRetrieval#retrieveUser in RegistrationServicesImpl#validateRegistration.
Starts calling ProjectServices#getFullProjectData method.
Finished calling ProjectServices#getFullProjectData method.
Starts calling RegistrationValidator#validate method.
Finished calling RegistrationValidator#validate method.
Exits RegistrationServicesImpl#validateRegistration method.
Starts calling ResourceManager#removeResource in RegistrationServicesImpl#registerForProject.
Finished calling ResourceManager#removeResource in RegistrationServicesImpl#registerForProject.
Starts calling UserRetrieval#retrieveUser in RegistrationServicesImpl#registerForProject.
Finished calling UserRetrieval#retrieveUser in RegistrationServicesImpl#registerForProject.
Starts calling ResourceManager#updateResource in RegistrationServicesImpl#registerForProject.
Finished calling ResourceManager#updateResource in RegistrationServicesImpl#registerForProject.
Exits RegistrationServicesImpl#registerForProject method.
Enters RegistrationServicesImpl#removeRegistration method.
Starts calling UserRetrieval#retrieveUser in RegistrationServicesImpl#removeRegistration.
Finished calling UserRetrieval#retrieveUser in RegistrationServicesImpl#removeRegistration.
Starts calling ProjectServices#getFullProjectData in RegistrationServicesImpl#removeRegistration.
Finished calling ProjectServices#getFullProjectData in RegistrationServicesImpl#removeRegistration.
Starts calling TeamManager#findPositions method.
Finished calling TeamManager#findPositions method.
Starts calling TeamManager#getTeamFromPosition method.
Finished calling TeamManager#getTeamFromPosition method.
Starts calling ResourceManager#removeResource in RegistrationServicesImpl#removeRegistration.
Finished calling ResourceManager#removeResource in RegistrationServicesImpl#removeRegistration.
Starts calling TeamServices#removeMember in RegistrationServicesImpl#removeRegistration.
Finished calling TeamServices#removeTeam in RegistrationServicesImpl#removeRegistration.
Starts calling ContactMemberServices#sendMessage in RegistrationServicesImpl#removeRegistration.
Finished calling ContactMemberServices#sendMessage in RegistrationServicesImpl#removeRegistration.
Starts calling BanManager#banUser in RegistrationServicesImpl#removeRegistration.
Finished calling BanManager#banUser in RegistrationServicesImpl#removeRegistration.
Exits RegistrationServicesImpl#removeRegistration method.
Enters RegistrationServicesImpl#getRegistration method.
Starts calling UserRetrieval#retrieveUser in RegistrationServicesImpl#getRegistration.
Finished calling UserRetrieval#retrieveUser in RegistrationServicesImpl#getRegistration.
Starts calling ProjectServices#getFullProjectData method.
Finished calling ProjectServices#getFullProjectData method.
Exists RegistrationServicesImpl#getRegistration method.
Enters RegistrationServicesImpl#registerForProject method.
Enters RegistrationServicesImpl#validateRegistration method.
Starts calling UserRetrieval#retrieveUser in RegistrationServicesImpl#validateRegistration.
Finished calling UserRetrieval#retrieveUser in RegistrationServicesImpl#validateRegistration.
Starts calling ProjectServices#getFullProjectData method.
Finished calling ProjectServices#getFullProjectData method.
Starts calling RegistrationValidator#validate method.
Finished calling RegistrationValidator#validate method.
Exits RegistrationServicesImpl#validateRegistration method.
Starts calling ResourceManager#removeResource in RegistrationServicesImpl#registerForProject.
Finished calling ResourceManager#removeResource in RegistrationServicesImpl#registerForProject.
Starts calling UserRetrieval#retrieveUser in RegistrationServicesImpl#registerForProject.
Finished calling UserRetrieval#retrieveUser in RegistrationServicesImpl#registerForProject.
Starts calling ResourceManager#updateResource in RegistrationServicesImpl#registerForProject.
Finished calling ResourceManager#updateResource in RegistrationServicesImpl#registerForProject.
Exits RegistrationServicesImpl#registerForProject method.
Enters RegistrationServicesImpl#removeRegistration method.
Starts calling UserRetrieval#retrieveUser in RegistrationServicesImpl#removeRegistration.
Finished calling UserRetrieval#retrieveUser in RegistrationServicesImpl#removeRegistration.
Starts calling ProjectServices#getFullProjectData in RegistrationServicesImpl#removeRegistration.
Finished calling ProjectServices#getFullProjectData in RegistrationServicesImpl#removeRegistration.
Starts calling TeamManager#findPositions method.
Finished calling TeamManager#findPositions method.
Starts calling TeamManager#getTeamFromPosition method.
Finished calling TeamManager#getTeamFromPosition method.
Starts calling ResourceManager#removeResource in RegistrationServicesImpl#removeRegistration.
Finished calling ResourceManager#removeResource in RegistrationServicesImpl#removeRegistration.
Starts calling TeamServices#removeMember in RegistrationServicesImpl#removeRegistration.
Finished calling TeamServices#removeTeam in RegistrationServicesImpl#removeRegistration.
Starts calling ContactMemberServices#sendMessage in RegistrationServicesImpl#removeRegistration.
Finished calling ContactMemberServices#sendMessage in RegistrationServicesImpl#removeRegistration.
Starts calling BanManager#banUser in RegistrationServicesImpl#removeRegistration.
Finished calling BanManager#banUser in RegistrationServicesImpl#removeRegistration.
Exits RegistrationServicesImpl#removeRegistration method.
Enters RegistrationServicesImpl#getRegistration method.
Starts calling UserRetrieval#retrieveUser in RegistrationServicesImpl#getRegistration.
Finished calling UserRetrieval#retrieveUser in RegistrationServicesImpl#getRegistration.
Starts calling ProjectServices#getFullProjectData method.
Finished calling ProjectServices#getFullProjectData method.
Exists RegistrationServicesImpl#getRegistration method.
Enters RegistrationServicesImpl#registerForProject method.
Enters RegistrationServicesImpl#validateRegistration method.
Starts calling UserRetrieval#retrieveUser in RegistrationServicesImpl#validateRegistration.
Finished calling UserRetrieval#retrieveUser in RegistrationServicesImpl#validateRegistration.
Starts calling ProjectServices#getFullProjectData method.
Finished calling ProjectServices#getFullProjectData method.
Starts calling RegistrationValidator#validate method.
Finished calling RegistrationValidator#validate method.
Exits RegistrationServicesImpl#validateRegistration method.
Starts calling ResourceManager#removeResource in RegistrationServicesImpl#registerForProject.
Finished calling ResourceManager#removeResource in RegistrationServicesImpl#registerForProject.
Starts calling UserRetrieval#retrieveUser in RegistrationServicesImpl#registerForProject.
Finished calling UserRetrieval#retrieveUser in RegistrationServicesImpl#registerForProject.
Starts calling ResourceManager#updateResource in RegistrationServicesImpl#registerForProject.
Finished calling ResourceManager#updateResource in RegistrationServicesImpl#registerForProject.
Exits RegistrationServicesImpl#registerForProject method.
Enters RegistrationServicesImpl#removeRegistration method.
Starts calling UserRetrieval#retrieveUser in RegistrationServicesImpl#removeRegistration.
Finished calling UserRetrieval#retrieveUser in RegistrationServicesImpl#removeRegistration.
Starts calling ProjectServices#getFullProjectData in RegistrationServicesImpl#removeRegistration.
Finished calling ProjectServices#getFullProjectData in RegistrationServicesImpl#removeRegistration.
Starts calling TeamManager#findPositions method.
Finished calling TeamManager#findPositions method.
Starts calling TeamManager#getTeamFromPosition method.
Finished calling TeamManager#getTeamFromPosition method.
Starts calling ResourceManager#removeResource in RegistrationServicesImpl#removeRegistration.
Finished calling ResourceManager#removeResource in RegistrationServicesImpl#removeRegistration.
Starts calling TeamServices#removeMember in RegistrationServicesImpl#removeRegistration.
Finished calling TeamServices#removeTeam in RegistrationServicesImpl#removeRegistration.
Starts calling ContactMemberServices#sendMessage in RegistrationServicesImpl#removeRegistration.
Finished calling ContactMemberServices#sendMessage in RegistrationServicesImpl#removeRegistration.
Starts calling BanManager#banUser in RegistrationServicesImpl#removeRegistration.
Finished calling BanManager#banUser in RegistrationServicesImpl#removeRegistration.
Exits RegistrationServicesImpl#removeRegistration method.
Enters RegistrationServicesImpl#getRegistration method.
Starts calling UserRetrieval#retrieveUser in RegistrationServicesImpl#getRegistration.
Finished calling UserRetrieval#retrieveUser in RegistrationServicesImpl#getRegistration.
Starts calling ProjectServices#getFullProjectData method.
Finished calling ProjectServices#getFullProjectData method.
Exists RegistrationServicesImpl#getRegistration method.
Enters RegistrationServicesImpl#registerForProject method.
Enters RegistrationServicesImpl#validateRegistration method.
Starts calling UserRetrieval#retrieveUser in RegistrationServicesImpl#validateRegistration.
Finished calling UserRetrieval#retrieveUser in RegistrationServicesImpl#validateRegistration.
Starts calling ProjectServices#getFullProjectData method.
Finished calling ProjectServices#getFullProjectData method.
Starts calling RegistrationValidator#validate method.
Finished calling RegistrationValidator#validate method.
Exits RegistrationServicesImpl#validateRegistration method.
Starts calling ResourceManager#removeResource in RegistrationServicesImpl#registerForProject.
Finished calling ResourceManager#removeResource in RegistrationServicesImpl#registerForProject.
Starts calling UserRetrieval#retrieveUser in RegistrationServicesImpl#registerForProject.
Finished calling UserRetrieval#retrieveUser in RegistrationServicesImpl#registerForProject.
Starts calling ResourceManager#updateResource in RegistrationServicesImpl#registerForProject.
Finished calling ResourceManager#updateResource in RegistrationServicesImpl#registerForProject.
Exits RegistrationServicesImpl#registerForProject method.
Enters RegistrationServicesImpl#removeRegistration method.
Starts calling UserRetrieval#retrieveUser in RegistrationServicesImpl#removeRegistration.
Finished calling UserRetrieval#retrieveUser in RegistrationServicesImpl#removeRegistration.
Starts calling ProjectServices#getFullProjectData in RegistrationServicesImpl#removeRegistration.
Finished calling ProjectServices#getFullProjectData in RegistrationServicesImpl#removeRegistration.
Starts calling TeamManager#findPositions method.
Finished calling TeamManager#findPositions method.
Starts calling TeamManager#getTeamFromPosition method.
Finished calling TeamManager#getTeamFromPosition method.
Starts calling ResourceManager#removeResource in RegistrationServicesImpl#removeRegistration.
Finished calling ResourceManager#removeResource in RegistrationServicesImpl#removeRegistration.
Starts calling TeamServices#removeMember in RegistrationServicesImpl#removeRegistration.
Finished calling TeamServices#removeTeam in RegistrationServicesImpl#removeRegistration.
Starts calling ContactMemberServices#sendMessage in RegistrationServicesImpl#removeRegistration.
Finished calling ContactMemberServices#sendMessage in RegistrationServicesImpl#removeRegistration.
Starts calling BanManager#banUser in RegistrationServicesImpl#removeRegistration.
Finished calling BanManager#banUser in RegistrationServicesImpl#removeRegistration.
Exits RegistrationServicesImpl#removeRegistration method.
Enters RegistrationServicesImpl#getRegistration method.
Starts calling UserRetrieval#retrieveUser in RegistrationServicesImpl#getRegistration.
Finished calling UserRetrieval#retrieveUser in RegistrationServicesImpl#getRegistration.
Starts calling ProjectServices#getFullProjectData method.
Finished calling ProjectServices#getFullProjectData method.
Exists RegistrationServicesImpl#getRegistration method.
Enters RegistrationServicesImpl#registerForProject method.
Enters RegistrationServicesImpl#validateRegistration method.
Starts calling UserRetrieval#retrieveUser in RegistrationServicesImpl#validateRegistration.
Finished calling UserRetrieval#retrieveUser in RegistrationServicesImpl#validateRegistration.
Starts calling ProjectServices#getFullProjectData method.
Finished calling ProjectServices#getFullProjectData method.
Starts calling RegistrationValidator#validate method.
Finished calling RegistrationValidator#validate method.
Exits RegistrationServicesImpl#validateRegistration method.
Starts calling ResourceManager#removeResource in RegistrationServicesImpl#registerForProject.
Finished calling ResourceManager#removeResource in RegistrationServicesImpl#registerForProject.
Starts calling UserRetrieval#retrieveUser in RegistrationServicesImpl#registerForProject.
Finished calling UserRetrieval#retrieveUser in RegistrationServicesImpl#registerForProject.
Starts calling ResourceManager#updateResource in RegistrationServicesImpl#registerForProject.
Finished calling ResourceManager#updateResource in RegistrationServicesImpl#registerForProject.
Exits RegistrationServicesImpl#registerForProject method.
Enters RegistrationServicesImpl#removeRegistration method.
Starts calling UserRetrieval#retrieveUser in RegistrationServicesImpl#removeRegistration.
Finished calling UserRetrieval#retrieveUser in RegistrationServicesImpl#removeRegistration.
Starts calling ProjectServices#getFullProjectData in RegistrationServicesImpl#removeRegistration.
Finished calling ProjectServices#getFullProjectData in RegistrationServicesImpl#removeRegistration.
Starts calling TeamManager#findPositions method.
Finished calling TeamManager#findPositions method.
Starts calling TeamManager#getTeamFromPosition method.
Finished calling TeamManager#getTeamFromPosition method.
Starts calling ResourceManager#removeResource in RegistrationServicesImpl#removeRegistration.
Finished calling ResourceManager#removeResource in RegistrationServicesImpl#removeRegistration.
Starts calling TeamServices#removeMember in RegistrationServicesImpl#removeRegistration.
Finished calling TeamServices#removeTeam in RegistrationServicesImpl#removeRegistration.
Starts calling ContactMemberServices#sendMessage in RegistrationServicesImpl#removeRegistration.
Finished calling ContactMemberServices#sendMessage in RegistrationServicesImpl#removeRegistration.
Starts calling BanManager#banUser in RegistrationServicesImpl#removeRegistration.
Finished calling BanManager#banUser in RegistrationServicesImpl#removeRegistration.
Exits RegistrationServicesImpl#removeRegistration method.
Enters RegistrationServicesImpl#getRegistration method.
Starts calling UserRetrieval#retrieveUser in RegistrationServicesImpl#getRegistration.
Finished calling UserRetrieval#retrieveUser in RegistrationServicesImpl#getRegistration.
Starts calling ProjectServices#getFullProjectData method.
Finished calling ProjectServices#getFullProjectData method.
Exists RegistrationServicesImpl#getRegistration method.
Enters RegistrationServicesImpl#registerForProject method.
Enters RegistrationServicesImpl#validateRegistration method.
Starts calling UserRetrieval#retrieveUser in RegistrationServicesImpl#validateRegistration.
Finished calling UserRetrieval#retrieveUser in RegistrationServicesImpl#validateRegistration.
Starts calling ProjectServices#getFullProjectData method.
Finished calling ProjectServices#getFullProjectData method.
Starts calling RegistrationValidator#validate method.
Finished calling RegistrationValidator#validate method.
Exits RegistrationServicesImpl#validateRegistration method.
Starts calling ResourceManager#removeResource in RegistrationServicesImpl#registerForProject.
Finished calling ResourceManager#removeResource in RegistrationServicesImpl#registerForProject.
Starts calling UserRetrieval#retrieveUser in RegistrationServicesImpl#registerForProject.
Finished calling UserRetrieval#retrieveUser in RegistrationServicesImpl#registerForProject.
Starts calling ResourceManager#updateResource in RegistrationServicesImpl#registerForProject.
Finished calling ResourceManager#updateResource in RegistrationServicesImpl#registerForProject.
Exits RegistrationServicesImpl#registerForProject method.
Enters RegistrationServicesImpl#removeRegistration method.
Starts calling UserRetrieval#retrieveUser in RegistrationServicesImpl#removeRegistration.
Finished calling UserRetrieval#retrieveUser in RegistrationServicesImpl#removeRegistration.
Starts calling ProjectServices#getFullProjectData in RegistrationServicesImpl#removeRegistration.
Finished calling ProjectServices#getFullProjectData in RegistrationServicesImpl#removeRegistration.
Starts calling TeamManager#findPositions method.
Finished calling TeamManager#findPositions method.
Starts calling TeamManager#getTeamFromPosition method.
Finished calling TeamManager#getTeamFromPosition method.
Starts calling ResourceManager#removeResource in RegistrationServicesImpl#removeRegistration.
Finished calling ResourceManager#removeResource in RegistrationServicesImpl#removeRegistration.
Starts calling TeamServices#removeMember in RegistrationServicesImpl#removeRegistration.
Finished calling TeamServices#removeTeam in RegistrationServicesImpl#removeRegistration.
Starts calling ContactMemberServices#sendMessage in RegistrationServicesImpl#removeRegistration.
Finished calling ContactMemberServices#sendMessage in RegistrationServicesImpl#removeRegistration.
Starts calling BanManager#banUser in RegistrationServicesImpl#removeRegistration.
Finished calling BanManager#banUser in RegistrationServicesImpl#removeRegistration.
Exits RegistrationServicesImpl#removeRegistration method.
Enters RegistrationServicesImpl#getRegistration method.
Starts calling UserRetrieval#retrieveUser in RegistrationServicesImpl#getRegistration.
Finished calling UserRetrieval#retrieveUser in RegistrationServicesImpl#getRegistration.
Starts calling ProjectServices#getFullProjectData method.
Finished calling ProjectServices#getFullProjectData method.
Exists RegistrationServicesImpl#getRegistration method.
Enters RegistrationServicesImpl#registerForProject method.
Enters RegistrationServicesImpl#validateRegistration method.
Starts calling UserRetrieval#retrieveUser in RegistrationServicesImpl#validateRegistration.
Finished calling UserRetrieval#retrieveUser in RegistrationServicesImpl#validateRegistration.
Starts calling ProjectServices#getFullProjectData method.
Finished calling ProjectServices#getFullProjectData method.
Starts calling RegistrationValidator#validate method.
Finished calling RegistrationValidator#validate method.
Exits RegistrationServicesImpl#validateRegistration method.
Starts calling ResourceManager#removeResource in RegistrationServicesImpl#registerForProject.
Finished calling ResourceManager#removeResource in RegistrationServicesImpl#registerForProject.
Starts calling UserRetrieval#retrieveUser in RegistrationServicesImpl#registerForProject.
Finished calling UserRetrieval#retrieveUser in RegistrationServicesImpl#registerForProject.
Starts calling ResourceManager#updateResource in RegistrationServicesImpl#registerForProject.
Finished calling ResourceManager#updateResource in RegistrationServicesImpl#registerForProject.
Exits RegistrationServicesImpl#registerForProject method.
Enters RegistrationServicesImpl#removeRegistration method.
Starts calling UserRetrieval#retrieveUser in RegistrationServicesImpl#removeRegistration.
Finished calling UserRetrieval#retrieveUser in RegistrationServicesImpl#removeRegistration.
Starts calling ProjectServices#getFullProjectData in RegistrationServicesImpl#removeRegistration.
Finished calling ProjectServices#getFullProjectData in RegistrationServicesImpl#removeRegistration.
Starts calling TeamManager#findPositions method.
Finished calling TeamManager#findPositions method.
Starts calling TeamManager#getTeamFromPosition method.
Finished calling TeamManager#getTeamFromPosition method.
Starts calling ResourceManager#removeResource in RegistrationServicesImpl#removeRegistration.
Finished calling ResourceManager#removeResource in RegistrationServicesImpl#removeRegistration.
Starts calling TeamServices#removeMember in RegistrationServicesImpl#removeRegistration.
Finished calling TeamServices#removeTeam in RegistrationServicesImpl#removeRegistration.
Starts calling ContactMemberServices#sendMessage in RegistrationServicesImpl#removeRegistration.
Finished calling ContactMemberServices#sendMessage in RegistrationServicesImpl#removeRegistration.
Starts calling BanManager#banUser in RegistrationServicesImpl#removeRegistration.
Finished calling BanManager#banUser in RegistrationServicesImpl#removeRegistration.
Exits RegistrationServicesImpl#removeRegistration method.
Enters RegistrationServicesImpl#getRegistration method.
Starts calling UserRetrieval#retrieveUser in RegistrationServicesImpl#getRegistration.
Finished calling UserRetrieval#retrieveUser in RegistrationServicesImpl#getRegistration.
Starts calling ProjectServices#getFullProjectData method.
Finished calling ProjectServices#getFullProjectData method.
Exists RegistrationServicesImpl#getRegistration method.
Enters RegistrationServicesImpl#registerForProject method.
Enters RegistrationServicesImpl#validateRegistration method.
Starts calling UserRetrieval#retrieveUser in RegistrationServicesImpl#validateRegistration.
Finished calling UserRetrieval#retrieveUser in RegistrationServicesImpl#validateRegistration.
Starts calling ProjectServices#getFullProjectData method.
Finished calling ProjectServices#getFullProjectData method.
Starts calling RegistrationValidator#validate method.
Finished calling RegistrationValidator#validate method.
Exits RegistrationServicesImpl#validateRegistration method.
Starts calling ResourceManager#removeResource in RegistrationServicesImpl#registerForProject.
Finished calling ResourceManager#removeResource in RegistrationServicesImpl#registerForProject.
Starts calling UserRetrieval#retrieveUser in RegistrationServicesImpl#registerForProject.
Finished calling UserRetrieval#retrieveUser in RegistrationServicesImpl#registerForProject.
Starts calling ResourceManager#updateResource in RegistrationServicesImpl#registerForProject.
Finished calling ResourceManager#updateResource in RegistrationServicesImpl#registerForProject.
Exits RegistrationServicesImpl#registerForProject method.
Enters RegistrationServicesImpl#removeRegistration method.
Starts calling UserRetrieval#retrieveUser in RegistrationServicesImpl#removeRegistration.
Finished calling UserRetrieval#retrieveUser in RegistrationServicesImpl#removeRegistration.
Starts calling ProjectServices#getFullProjectData in RegistrationServicesImpl#removeRegistration.
Finished calling ProjectServices#getFullProjectData in RegistrationServicesImpl#removeRegistration.
Starts calling TeamManager#findPositions method.
Finished calling TeamManager#findPositions method.
Starts calling TeamManager#getTeamFromPosition method.
Finished calling TeamManager#getTeamFromPosition method.
Starts calling ResourceManager#removeResource in RegistrationServicesImpl#removeRegistration.
Finished calling ResourceManager#removeResource in RegistrationServicesImpl#removeRegistration.
Starts calling TeamServices#removeMember in RegistrationServicesImpl#removeRegistration.
Finished calling TeamServices#removeTeam in RegistrationServicesImpl#removeRegistration.
Starts calling ContactMemberServices#sendMessage in RegistrationServicesImpl#removeRegistration.
Finished calling ContactMemberServices#sendMessage in RegistrationServicesImpl#removeRegistration.
Starts calling BanManager#banUser in RegistrationServicesImpl#removeRegistration.
Finished calling BanManager#banUser in RegistrationServicesImpl#removeRegistration.
Exits RegistrationServicesImpl#removeRegistration method.
Enters RegistrationServicesImpl#getRegistration method.
Starts calling UserRetrieval#retrieveUser in RegistrationServicesImpl#getRegistration.
Finished calling UserRetrieval#retrieveUser in RegistrationServicesImpl#getRegistration.
Starts calling ProjectServices#getFullProjectData method.
Finished calling ProjectServices#getFullProjectData method.
Exists RegistrationServicesImpl#getRegistration method.
Enters RegistrationServicesImpl#registerForProject method.
Enters RegistrationServicesImpl#validateRegistration method.
Starts calling UserRetrieval#retrieveUser in RegistrationServicesImpl#validateRegistration.
Finished calling UserRetrieval#retrieveUser in RegistrationServicesImpl#validateRegistration.
Starts calling ProjectServices#getFullProjectData method.
Finished calling ProjectServices#getFullProjectData method.
Starts calling RegistrationValidator#validate method.
Finished calling RegistrationValidator#validate method.
Exits RegistrationServicesImpl#validateRegistration method.
Starts calling ResourceManager#removeResource in RegistrationServicesImpl#registerForProject.
Finished calling ResourceManager#removeResource in RegistrationServicesImpl#registerForProject.
Starts calling UserRetrieval#retrieveUser in RegistrationServicesImpl#registerForProject.
Finished calling UserRetrieval#retrieveUser in RegistrationServicesImpl#registerForProject.
Starts calling ResourceManager#updateResource in RegistrationServicesImpl#registerForProject.
Finished calling ResourceManager#updateResource in RegistrationServicesImpl#registerForProject.
Exits RegistrationServicesImpl#registerForProject method.
Enters RegistrationServicesImpl#removeRegistration method.
Starts calling UserRetrieval#retrieveUser in RegistrationServicesImpl#removeRegistration.
Finished calling UserRetrieval#retrieveUser in RegistrationServicesImpl#removeRegistration.
Starts calling ProjectServices#getFullProjectData in RegistrationServicesImpl#removeRegistration.
Finished calling ProjectServices#getFullProjectData in RegistrationServicesImpl#removeRegistration.
Starts calling TeamManager#findPositions method.
Finished calling TeamManager#findPositions method.
Starts calling TeamManager#getTeamFromPosition method.
Finished calling TeamManager#getTeamFromPosition method.
Starts calling ResourceManager#removeResource in RegistrationServicesImpl#removeRegistration.
Finished calling ResourceManager#removeResource in RegistrationServicesImpl#removeRegistration.
Starts calling TeamServices#removeMember in RegistrationServicesImpl#removeRegistration.
Finished calling TeamServices#removeTeam in RegistrationServicesImpl#removeRegistration.
Starts calling ContactMemberServices#sendMessage in RegistrationServicesImpl#removeRegistration.
Finished calling ContactMemberServices#sendMessage in RegistrationServicesImpl#removeRegistration.
Starts calling BanManager#banUser in RegistrationServicesImpl#removeRegistration.
Finished calling BanManager#banUser in RegistrationServicesImpl#removeRegistration.
Exits RegistrationServicesImpl#removeRegistration method.
Enters RegistrationServicesImpl#getRegistration method.
Starts calling UserRetrieval#retrieveUser in RegistrationServicesImpl#getRegistration.
Finished calling UserRetrieval#retrieveUser in RegistrationServicesImpl#getRegistration.
Starts calling ProjectServices#getFullProjectData method.
Finished calling ProjectServices#getFullProjectData method.
Exists RegistrationServicesImpl#getRegistration method.
Enters RegistrationServicesImpl#registerForProject method.
Enters RegistrationServicesImpl#validateRegistration method.
Starts calling UserRetrieval#retrieveUser in RegistrationServicesImpl#validateRegistration.
Finished calling UserRetrieval#retrieveUser in RegistrationServicesImpl#validateRegistration.
Starts calling ProjectServices#getFullProjectData method.
Finished calling ProjectServices#getFullProjectData method.
Starts calling RegistrationValidator#validate method.
Finished calling RegistrationValidator#validate method.
Exits RegistrationServicesImpl#validateRegistration method.
Starts calling ResourceManager#removeResource in RegistrationServicesImpl#registerForProject.
Finished calling ResourceManager#removeResource in RegistrationServicesImpl#registerForProject.
Starts calling UserRetrieval#retrieveUser in RegistrationServicesImpl#registerForProject.
Finished calling UserRetrieval#retrieveUser in RegistrationServicesImpl#registerForProject.
Starts calling ResourceManager#updateResource in RegistrationServicesImpl#registerForProject.
Finished calling ResourceManager#updateResource in RegistrationServicesImpl#registerForProject.
Exits RegistrationServicesImpl#registerForProject method.
Enters RegistrationServicesImpl#removeRegistration method.
Starts calling UserRetrieval#retrieveUser in RegistrationServicesImpl#removeRegistration.
Finished calling UserRetrieval#retrieveUser in RegistrationServicesImpl#removeRegistration.
Starts calling ProjectServices#getFullProjectData in RegistrationServicesImpl#removeRegistration.
Finished calling ProjectServices#getFullProjectData in RegistrationServicesImpl#removeRegistration.
Starts calling TeamManager#findPositions method.
Finished calling TeamManager#findPositions method.
Starts calling TeamManager#getTeamFromPosition method.
Finished calling TeamManager#getTeamFromPosition method.
Starts calling ResourceManager#removeResource in RegistrationServicesImpl#removeRegistration.
Finished calling ResourceManager#removeResource in RegistrationServicesImpl#removeRegistration.
Starts calling TeamServices#removeMember in RegistrationServicesImpl#removeRegistration.
Finished calling TeamServices#removeTeam in RegistrationServicesImpl#removeRegistration.
Starts calling ContactMemberServices#sendMessage in RegistrationServicesImpl#removeRegistration.
Finished calling ContactMemberServices#sendMessage in RegistrationServicesImpl#removeRegistration.
Starts calling BanManager#banUser in RegistrationServicesImpl#removeRegistration.
Finished calling BanManager#banUser in RegistrationServicesImpl#removeRegistration.
Exits RegistrationServicesImpl#removeRegistration method.
Enters RegistrationServicesImpl#getRegistration method.
Starts calling UserRetrieval#retrieveUser in RegistrationServicesImpl#getRegistration.
Finished calling UserRetrieval#retrieveUser in RegistrationServicesImpl#getRegistration.
Starts calling ProjectServices#getFullProjectData method.
Finished calling ProjectServices#getFullProjectData method.
Exists RegistrationServicesImpl#getRegistration method.
Enters RegistrationServicesImpl#registerForProject method.
Enters RegistrationServicesImpl#validateRegistration method.
Starts calling UserRetrieval#retrieveUser in RegistrationServicesImpl#validateRegistration.
Finished calling UserRetrieval#retrieveUser in RegistrationServicesImpl#validateRegistration.
Starts calling ProjectServices#getFullProjectData method.
Finished calling ProjectServices#getFullProjectData method.
Starts calling RegistrationValidator#validate method.
Finished calling RegistrationValidator#validate method.
Exits RegistrationServicesImpl#validateRegistration method.
Starts calling ResourceManager#removeResource in RegistrationServicesImpl#registerForProject.
Finished calling ResourceManager#removeResource in RegistrationServicesImpl#registerForProject.
Starts calling UserRetrieval#retrieveUser in RegistrationServicesImpl#registerForProject.
Finished calling UserRetrieval#retrieveUser in RegistrationServicesImpl#registerForProject.
Starts calling ResourceManager#updateResource in RegistrationServicesImpl#registerForProject.
Finished calling ResourceManager#updateResource in RegistrationServicesImpl#registerForProject.
Exits RegistrationServicesImpl#registerForProject method.
Enters RegistrationServicesImpl#removeRegistration method.
Starts calling UserRetrieval#retrieveUser in RegistrationServicesImpl#removeRegistration.
Finished calling UserRetrieval#retrieveUser in RegistrationServicesImpl#removeRegistration.
Starts calling ProjectServices#getFullProjectData in RegistrationServicesImpl#removeRegistration.
Finished calling ProjectServices#getFullProjectData in RegistrationServicesImpl#removeRegistration.
Starts calling TeamManager#findPositions method.
Finished calling TeamManager#findPositions method.
Starts calling TeamManager#getTeamFromPosition method.
Finished calling TeamManager#getTeamFromPosition method.
Starts calling ResourceManager#removeResource in RegistrationServicesImpl#removeRegistration.
Finished calling ResourceManager#removeResource in RegistrationServicesImpl#removeRegistration.
Starts calling TeamServices#removeMember in RegistrationServicesImpl#removeRegistration.
Finished calling TeamServices#removeTeam in RegistrationServicesImpl#removeRegistration.
Starts calling ContactMemberServices#sendMessage in RegistrationServicesImpl#removeRegistration.
Finished calling ContactMemberServices#sendMessage in RegistrationServicesImpl#removeRegistration.
Starts calling BanManager#banUser in RegistrationServicesImpl#removeRegistration.
Finished calling BanManager#banUser in RegistrationServicesImpl#removeRegistration.
Exits RegistrationServicesImpl#removeRegistration method.
Enters RegistrationServicesImpl#getRegistration method.
Starts calling UserRetrieval#retrieveUser in RegistrationServicesImpl#getRegistration.
Finished calling UserRetrieval#retrieveUser in RegistrationServicesImpl#getRegistration.
Starts calling ProjectServices#getFullProjectData method.
Finished calling ProjectServices#getFullProjectData method.
Exists RegistrationServicesImpl#getRegistration method.
Enters RegistrationServicesImpl#registerForProject method.
Enters RegistrationServicesImpl#validateRegistration method.
Starts calling UserRetrieval#retrieveUser in RegistrationServicesImpl#validateRegistration.
Finished calling UserRetrieval#retrieveUser in RegistrationServicesImpl#validateRegistration.
Starts calling ProjectServices#getFullProjectData method.
Finished calling ProjectServices#getFullProjectData method.
Starts calling RegistrationValidator#validate method.
Finished calling RegistrationValidator#validate method.
Exits RegistrationServicesImpl#validateRegistration method.
Starts calling ResourceManager#removeResource in RegistrationServicesImpl#registerForProject.
Finished calling ResourceManager#removeResource in RegistrationServicesImpl#registerForProject.
Starts calling UserRetrieval#retrieveUser in RegistrationServicesImpl#registerForProject.
Finished calling UserRetrieval#retrieveUser in RegistrationServicesImpl#registerForProject.
Starts calling ResourceManager#updateResource in RegistrationServicesImpl#registerForProject.
Finished calling ResourceManager#updateResource in RegistrationServicesImpl#registerForProject.
Exits RegistrationServicesImpl#registerForProject method.
Enters RegistrationServicesImpl#removeRegistration method.
Starts calling UserRetrieval#retrieveUser in RegistrationServicesImpl#removeRegistration.
Finished calling UserRetrieval#retrieveUser in RegistrationServicesImpl#removeRegistration.
Starts calling ProjectServices#getFullProjectData in RegistrationServicesImpl#removeRegistration.
Finished calling ProjectServices#getFullProjectData in RegistrationServicesImpl#removeRegistration.
Starts calling TeamManager#findPositions method.
Finished calling TeamManager#findPositions method.
Starts calling TeamManager#getTeamFromPosition method.
Finished calling TeamManager#getTeamFromPosition method.
Starts calling ResourceManager#removeResource in RegistrationServicesImpl#removeRegistration.
Finished calling ResourceManager#removeResource in RegistrationServicesImpl#removeRegistration.
Starts calling TeamServices#removeMember in RegistrationServicesImpl#removeRegistration.
Finished calling TeamServices#removeTeam in RegistrationServicesImpl#removeRegistration.
Starts calling ContactMemberServices#sendMessage in RegistrationServicesImpl#removeRegistration.
Finished calling ContactMemberServices#sendMessage in RegistrationServicesImpl#removeRegistration.
Starts calling BanManager#banUser in RegistrationServicesImpl#removeRegistration.
Finished calling BanManager#banUser in RegistrationServicesImpl#removeRegistration.
Exits RegistrationServicesImpl#removeRegistration method.
Enters RegistrationServicesImpl#getRegistration method.
Starts calling UserRetrieval#retrieveUser in RegistrationServicesImpl#getRegistration.
Finished calling UserRetrieval#retrieveUser in RegistrationServicesImpl#getRegistration.
Starts calling ProjectServices#getFullProjectData method.
Finished calling ProjectServices#getFullProjectData method.
Exists RegistrationServicesImpl#getRegistration method.
Enters RegistrationServicesImpl#registerForProject method.
Enters RegistrationServicesImpl#validateRegistration method.
Starts calling UserRetrieval#retrieveUser in RegistrationServicesImpl#validateRegistration.
Finished calling UserRetrieval#retrieveUser in RegistrationServicesImpl#validateRegistration.
Starts calling ProjectServices#getFullProjectData method.
Finished calling ProjectServices#getFullProjectData method.
Starts calling RegistrationValidator#validate method.
Finished calling RegistrationValidator#validate method.
Exits RegistrationServicesImpl#validateRegistration method.
Starts calling ResourceManager#removeResource in RegistrationServicesImpl#registerForProject.
Finished calling ResourceManager#removeResource in RegistrationServicesImpl#registerForProject.
Starts calling UserRetrieval#retrieveUser in RegistrationServicesImpl#registerForProject.
Finished calling UserRetrieval#retrieveUser in RegistrationServicesImpl#registerForProject.
Starts calling ResourceManager#updateResource in RegistrationServicesImpl#registerForProject.
Finished calling ResourceManager#updateResource in RegistrationServicesImpl#registerForProject.
Exits RegistrationServicesImpl#registerForProject method.
Enters RegistrationServicesImpl#removeRegistration method.
Starts calling UserRetrieval#retrieveUser in RegistrationServicesImpl#removeRegistration.
Finished calling UserRetrieval#retrieveUser in RegistrationServicesImpl#removeRegistration.
Starts calling ProjectServices#getFullProjectData in RegistrationServicesImpl#removeRegistration.
Finished calling ProjectServices#getFullProjectData in RegistrationServicesImpl#removeRegistration.
Starts calling TeamManager#findPositions method.
Finished calling TeamManager#findPositions method.
Starts calling TeamManager#getTeamFromPosition method.
Finished calling TeamManager#getTeamFromPosition method.
Starts calling ResourceManager#removeResource in RegistrationServicesImpl#removeRegistration.
Finished calling ResourceManager#removeResource in RegistrationServicesImpl#removeRegistration.
Starts calling TeamServices#removeMember in RegistrationServicesImpl#removeRegistration.
Finished calling TeamServices#removeTeam in RegistrationServicesImpl#removeRegistration.
Starts calling ContactMemberServices#sendMessage in RegistrationServicesImpl#removeRegistration.
Finished calling ContactMemberServices#sendMessage in RegistrationServicesImpl#removeRegistration.
Starts calling BanManager#banUser in RegistrationServicesImpl#removeRegistration.
Finished calling BanManager#banUser in RegistrationServicesImpl#removeRegistration.
Exits RegistrationServicesImpl#removeRegistration method.
Enters RegistrationServicesImpl#getRegistration method.
Starts calling UserRetrieval#retrieveUser in RegistrationServicesImpl#getRegistration.
Finished calling UserRetrieval#retrieveUser in RegistrationServicesImpl#getRegistration.
Starts calling ProjectServices#getFullProjectData method.
Finished calling ProjectServices#getFullProjectData method.
Exists RegistrationServicesImpl#getRegistration method.
Enters RegistrationServicesImpl#registerForProject method.
Enters RegistrationServicesImpl#validateRegistration method.
Starts calling UserRetrieval#retrieveUser in RegistrationServicesImpl#validateRegistration.
Finished calling UserRetrieval#retrieveUser in RegistrationServicesImpl#validateRegistration.
Starts calling ProjectServices#getFullProjectData method.
Finished calling ProjectServices#getFullProjectData method.
Starts calling RegistrationValidator#validate method.
Finished calling RegistrationValidator#validate method.
Exits RegistrationServicesImpl#validateRegistration method.
Starts calling ResourceManager#removeResource in RegistrationServicesImpl#registerForProject.
Finished calling ResourceManager#removeResource in RegistrationServicesImpl#registerForProject.
Starts calling UserRetrieval#retrieveUser in RegistrationServicesImpl#registerForProject.
Finished calling UserRetrieval#retrieveUser in RegistrationServicesImpl#registerForProject.
Starts calling ResourceManager#updateResource in RegistrationServicesImpl#registerForProject.
Finished calling ResourceManager#updateResource in RegistrationServicesImpl#registerForProject.
Exits RegistrationServicesImpl#registerForProject method.
Enters RegistrationServicesImpl#removeRegistration method.
Starts calling UserRetrieval#retrieveUser in RegistrationServicesImpl#removeRegistration.
Finished calling UserRetrieval#retrieveUser in RegistrationServicesImpl#removeRegistration.
Starts calling ProjectServices#getFullProjectData in RegistrationServicesImpl#removeRegistration.
Finished calling ProjectServices#getFullProjectData in RegistrationServicesImpl#removeRegistration.
Starts calling TeamManager#findPositions method.
Finished calling TeamManager#findPositions method.
Starts calling TeamManager#getTeamFromPosition method.
Finished calling TeamManager#getTeamFromPosition method.
Starts calling ResourceManager#removeResource in RegistrationServicesImpl#removeRegistration.
Finished calling ResourceManager#removeResource in RegistrationServicesImpl#removeRegistration.
Starts calling TeamServices#removeMember in RegistrationServicesImpl#removeRegistration.
Finished calling TeamServices#removeTeam in RegistrationServicesImpl#removeRegistration.
Starts calling ContactMemberServices#sendMessage in RegistrationServicesImpl#removeRegistration.
Finished calling ContactMemberServices#sendMessage in RegistrationServicesImpl#removeRegistration.
Starts calling BanManager#banUser in RegistrationServicesImpl#removeRegistration.
Finished calling BanManager#banUser in RegistrationServicesImpl#removeRegistration.
Exits RegistrationServicesImpl#removeRegistration method.
Enters RegistrationServicesImpl#getRegistration method.
Starts calling UserRetrieval#retrieveUser in RegistrationServicesImpl#getRegistration.
Finished calling UserRetrieval#retrieveUser in RegistrationServicesImpl#getRegistration.
Starts calling ProjectServices#getFullProjectData method.
Finished calling ProjectServices#getFullProjectData method.
Exists RegistrationServicesImpl#getRegistration method.
Enters RegistrationServicesImpl#registerForProject method.
Enters RegistrationServicesImpl#validateRegistration method.
Starts calling UserRetrieval#retrieveUser in RegistrationServicesImpl#validateRegistration.
Finished calling UserRetrieval#retrieveUser in RegistrationServicesImpl#validateRegistration.
Starts calling ProjectServices#getFullProjectData method.
Finished calling ProjectServices#getFullProjectData method.
Starts calling RegistrationValidator#validate method.
Finished calling RegistrationValidator#validate method.
Exits RegistrationServicesImpl#validateRegistration method.
Starts calling ResourceManager#removeResource in RegistrationServicesImpl#registerForProject.
Finished calling ResourceManager#removeResource in RegistrationServicesImpl#registerForProject.
Starts calling UserRetrieval#retrieveUser in RegistrationServicesImpl#registerForProject.
Finished calling UserRetrieval#retrieveUser in RegistrationServicesImpl#registerForProject.
Starts calling ResourceManager#updateResource in RegistrationServicesImpl#registerForProject.
Finished calling ResourceManager#updateResource in RegistrationServicesImpl#registerForProject.
Exits RegistrationServicesImpl#registerForProject method.
Enters RegistrationServicesImpl#removeRegistration method.
Starts calling UserRetrieval#retrieveUser in RegistrationServicesImpl#removeRegistration.
Finished calling UserRetrieval#retrieveUser in RegistrationServicesImpl#removeRegistration.
Starts calling ProjectServices#getFullProjectData in RegistrationServicesImpl#removeRegistration.
Finished calling ProjectServices#getFullProjectData in RegistrationServicesImpl#removeRegistration.
Starts calling TeamManager#findPositions method.
Finished calling TeamManager#findPositions method.
Starts calling TeamManager#getTeamFromPosition method.
Finished calling TeamManager#getTeamFromPosition method.
Starts calling ResourceManager#removeResource in RegistrationServicesImpl#removeRegistration.
Finished calling ResourceManager#removeResource in RegistrationServicesImpl#removeRegistration.
Starts calling TeamServices#removeMember in RegistrationServicesImpl#removeRegistration.
Finished calling TeamServices#removeTeam in RegistrationServicesImpl#removeRegistration.
Starts calling ContactMemberServices#sendMessage in RegistrationServicesImpl#removeRegistration.
Finished calling ContactMemberServices#sendMessage in RegistrationServicesImpl#removeRegistration.
Starts calling BanManager#banUser in RegistrationServicesImpl#removeRegistration.
Finished calling BanManager#banUser in RegistrationServicesImpl#removeRegistration.
Exits RegistrationServicesImpl#removeRegistration method.
Enters RegistrationServicesImpl#getRegistration method.
Starts calling UserRetrieval#retrieveUser in RegistrationServicesImpl#getRegistration.
Finished calling UserRetrieval#retrieveUser in RegistrationServicesImpl#getRegistration.
Starts calling ProjectServices#getFullProjectData method.
Finished calling ProjectServices#getFullProjectData method.
Exists RegistrationServicesImpl#getRegistration method.
Enters RegistrationServicesImpl#registerForProject method.
Enters RegistrationServicesImpl#validateRegistration method.
Starts calling UserRetrieval#retrieveUser in RegistrationServicesImpl#validateRegistration.
Finished calling UserRetrieval#retrieveUser in RegistrationServicesImpl#validateRegistration.
Starts calling ProjectServices#getFullProjectData method.
Finished calling ProjectServices#getFullProjectData method.
Starts calling RegistrationValidator#validate method.
Finished calling RegistrationValidator#validate method.
Exits RegistrationServicesImpl#validateRegistration method.
Starts calling ResourceManager#removeResource in RegistrationServicesImpl#registerForProject.
Finished calling ResourceManager#removeResource in RegistrationServicesImpl#registerForProject.
Starts calling UserRetrieval#retrieveUser in RegistrationServicesImpl#registerForProject.
Finished calling UserRetrieval#retrieveUser in RegistrationServicesImpl#registerForProject.
Starts calling ResourceManager#updateResource in RegistrationServicesImpl#registerForProject.
Finished calling ResourceManager#updateResource in RegistrationServicesImpl#registerForProject.
Exits RegistrationServicesImpl#registerForProject method.
Enters RegistrationServicesImpl#removeRegistration method.
Starts calling UserRetrieval#retrieveUser in RegistrationServicesImpl#removeRegistration.
Finished calling UserRetrieval#retrieveUser in RegistrationServicesImpl#removeRegistration.
Starts calling ProjectServices#getFullProjectData in RegistrationServicesImpl#removeRegistration.
Finished calling ProjectServices#getFullProjectData in RegistrationServicesImpl#removeRegistration.
Starts calling TeamManager#findPositions method.
Finished calling TeamManager#findPositions method.
Starts calling TeamManager#getTeamFromPosition method.
Finished calling TeamManager#getTeamFromPosition method.
Starts calling ResourceManager#removeResource in RegistrationServicesImpl#removeRegistration.
Finished calling ResourceManager#removeResource in RegistrationServicesImpl#removeRegistration.
Starts calling TeamServices#removeMember in RegistrationServicesImpl#removeRegistration.
Finished calling TeamServices#removeTeam in RegistrationServicesImpl#removeRegistration.
Starts calling ContactMemberServices#sendMessage in RegistrationServicesImpl#removeRegistration.
Finished calling ContactMemberServices#sendMessage in RegistrationServicesImpl#removeRegistration.
Starts calling BanManager#banUser in RegistrationServicesImpl#removeRegistration.
Finished calling BanManager#banUser in RegistrationServicesImpl#removeRegistration.
Exits RegistrationServicesImpl#removeRegistration method.
Enters RegistrationServicesImpl#getRegistration method.
Starts calling UserRetrieval#retrieveUser in RegistrationServicesImpl#getRegistration.
Finished calling UserRetrieval#retrieveUser in RegistrationServicesImpl#getRegistration.
Starts calling ProjectServices#getFullProjectData method.
Finished calling ProjectServices#getFullProjectData method.
Exists RegistrationServicesImpl#getRegistration method.
Enters RegistrationServicesImpl#registerForProject method.
Enters RegistrationServicesImpl#validateRegistration method.
Starts calling UserRetrieval#retrieveUser in RegistrationServicesImpl#validateRegistration.
Finished calling UserRetrieval#retrieveUser in RegistrationServicesImpl#validateRegistration.
Starts calling ProjectServices#getFullProjectData method.
Finished calling ProjectServices#getFullProjectData method.
Starts calling RegistrationValidator#validate method.
Finished calling RegistrationValidator#validate method.
Exits RegistrationServicesImpl#validateRegistration method.
Starts calling ResourceManager#removeResource in RegistrationServicesImpl#registerForProject.
Finished calling ResourceManager#removeResource in RegistrationServicesImpl#registerForProject.
Starts calling UserRetrieval#retrieveUser in RegistrationServicesImpl#registerForProject.
Finished calling UserRetrieval#retrieveUser in RegistrationServicesImpl#registerForProject.
Starts calling ResourceManager#updateResource in RegistrationServicesImpl#registerForProject.
Finished calling ResourceManager#updateResource in RegistrationServicesImpl#registerForProject.
Exits RegistrationServicesImpl#registerForProject method.
Enters RegistrationServicesImpl#removeRegistration method.
Starts calling UserRetrieval#retrieveUser in RegistrationServicesImpl#removeRegistration.
Finished calling UserRetrieval#retrieveUser in RegistrationServicesImpl#removeRegistration.
Starts calling ProjectServices#getFullProjectData in RegistrationServicesImpl#removeRegistration.
Finished calling ProjectServices#getFullProjectData in RegistrationServicesImpl#removeRegistration.
Starts calling TeamManager#findPositions method.
Finished calling TeamManager#findPositions method.
Starts calling TeamManager#getTeamFromPosition method.
Finished calling TeamManager#getTeamFromPosition method.
Starts calling ResourceManager#removeResource in RegistrationServicesImpl#removeRegistration.
Finished calling ResourceManager#removeResource in RegistrationServicesImpl#removeRegistration.
Starts calling TeamServices#removeMember in RegistrationServicesImpl#removeRegistration.
Finished calling TeamServices#removeTeam in RegistrationServicesImpl#removeRegistration.
Starts calling ContactMemberServices#sendMessage in RegistrationServicesImpl#removeRegistration.
Finished calling ContactMemberServices#sendMessage in RegistrationServicesImpl#removeRegistration.
Starts calling BanManager#banUser in RegistrationServicesImpl#removeRegistration.
Finished calling BanManager#banUser in RegistrationServicesImpl#removeRegistration.
Exits RegistrationServicesImpl#removeRegistration method.
Enters RegistrationServicesImpl#getRegistration method.
Starts calling UserRetrieval#retrieveUser in RegistrationServicesImpl#getRegistration.
Finished calling UserRetrieval#retrieveUser in RegistrationServicesImpl#getRegistration.
Starts calling ProjectServices#getFullProjectData method.
Finished calling ProjectServices#getFullProjectData method.
Exists RegistrationServicesImpl#getRegistration method.
Enters RegistrationServicesImpl#registerForProject method.
Enters RegistrationServicesImpl#validateRegistration method.
Starts calling UserRetrieval#retrieveUser in RegistrationServicesImpl#validateRegistration.
Finished calling UserRetrieval#retrieveUser in RegistrationServicesImpl#validateRegistration.
Starts calling ProjectServices#getFullProjectData method.
Finished calling ProjectServices#getFullProjectData method.
Starts calling RegistrationValidator#validate method.
Finished calling RegistrationValidator#validate method.
Exits RegistrationServicesImpl#validateRegistration method.
Starts calling ResourceManager#removeResource in RegistrationServicesImpl#registerForProject.
Finished calling ResourceManager#removeResource in RegistrationServicesImpl#registerForProject.
Starts calling UserRetrieval#retrieveUser in RegistrationServicesImpl#registerForProject.
Finished calling UserRetrieval#retrieveUser in RegistrationServicesImpl#registerForProject.
Starts calling ResourceManager#updateResource in RegistrationServicesImpl#registerForProject.
Finished calling ResourceManager#updateResource in RegistrationServicesImpl#registerForProject.
Exits RegistrationServicesImpl#registerForProject method.
Enters RegistrationServicesImpl#removeRegistration method.
Starts calling UserRetrieval#retrieveUser in RegistrationServicesImpl#removeRegistration.
Finished calling UserRetrieval#retrieveUser in RegistrationServicesImpl#removeRegistration.
Starts calling ProjectServices#getFullProjectData in RegistrationServicesImpl#removeRegistration.
Finished calling ProjectServices#getFullProjectData in RegistrationServicesImpl#removeRegistration.
Starts calling TeamManager#findPositions method.
Finished calling TeamManager#findPositions method.
Starts calling TeamManager#getTeamFromPosition method.
Finished calling TeamManager#getTeamFromPosition method.
Starts calling ResourceManager#removeResource in RegistrationServicesImpl#removeRegistration.
Finished calling ResourceManager#removeResource in RegistrationServicesImpl#removeRegistration.
Starts calling TeamServices#removeMember in RegistrationServicesImpl#removeRegistration.
Finished calling TeamServices#removeTeam in RegistrationServicesImpl#removeRegistration.
Starts calling ContactMemberServices#sendMessage in RegistrationServicesImpl#removeRegistration.
Finished calling ContactMemberServices#sendMessage in RegistrationServicesImpl#removeRegistration.
Starts calling BanManager#banUser in RegistrationServicesImpl#removeRegistration.
Finished calling BanManager#banUser in RegistrationServicesImpl#removeRegistration.
Exits RegistrationServicesImpl#removeRegistration method.
Enters RegistrationServicesImpl#getRegistration method.
Starts calling UserRetrieval#retrieveUser in RegistrationServicesImpl#getRegistration.
Finished calling UserRetrieval#retrieveUser in RegistrationServicesImpl#getRegistration.
Starts calling ProjectServices#getFullProjectData method.
Finished calling ProjectServices#getFullProjectData method.
Exists RegistrationServicesImpl#getRegistration method.
Enters RegistrationServicesImpl#registerForProject method.
Enters RegistrationServicesImpl#validateRegistration method.
Starts calling UserRetrieval#retrieveUser in RegistrationServicesImpl#validateRegistration.
Finished calling UserRetrieval#retrieveUser in RegistrationServicesImpl#validateRegistration.
Starts calling ProjectServices#getFullProjectData method.
Finished calling ProjectServices#getFullProjectData method.
Starts calling RegistrationValidator#validate method.
Finished calling RegistrationValidator#validate method.
Exits RegistrationServicesImpl#validateRegistration method.
Starts calling ResourceManager#removeResource in RegistrationServicesImpl#registerForProject.
Finished calling ResourceManager#removeResource in RegistrationServicesImpl#registerForProject.
Starts calling UserRetrieval#retrieveUser in RegistrationServicesImpl#registerForProject.
Finished calling UserRetrieval#retrieveUser in RegistrationServicesImpl#registerForProject.
Starts calling ResourceManager#updateResource in RegistrationServicesImpl#registerForProject.
Finished calling ResourceManager#updateResource in RegistrationServicesImpl#registerForProject.
Exits RegistrationServicesImpl#registerForProject method.
Enters RegistrationServicesImpl#removeRegistration method.
Starts calling UserRetrieval#retrieveUser in RegistrationServicesImpl#removeRegistration.
Finished calling UserRetrieval#retrieveUser in RegistrationServicesImpl#removeRegistration.
Starts calling ProjectServices#getFullProjectData in RegistrationServicesImpl#removeRegistration.
Finished calling ProjectServices#getFullProjectData in RegistrationServicesImpl#removeRegistration.
Starts calling TeamManager#findPositions method.
Finished calling TeamManager#findPositions method.
Starts calling TeamManager#getTeamFromPosition method.
Finished calling TeamManager#getTeamFromPosition method.
Starts calling ResourceManager#removeResource in RegistrationServicesImpl#removeRegistration.
Finished calling ResourceManager#removeResource in RegistrationServicesImpl#removeRegistration.
Starts calling TeamServices#removeMember in RegistrationServicesImpl#removeRegistration.
Finished calling TeamServices#removeTeam in RegistrationServicesImpl#removeRegistration.
Starts calling ContactMemberServices#sendMessage in RegistrationServicesImpl#removeRegistration.
Finished calling ContactMemberServices#sendMessage in RegistrationServicesImpl#removeRegistration.
Starts calling BanManager#banUser in RegistrationServicesImpl#removeRegistration.
Finished calling BanManager#banUser in RegistrationServicesImpl#removeRegistration.
Exits RegistrationServicesImpl#removeRegistration method.
Enters RegistrationServicesImpl#getRegistration method.
Starts calling UserRetrieval#retrieveUser in RegistrationServicesImpl#getRegistration.
Finished calling UserRetrieval#retrieveUser in RegistrationServicesImpl#getRegistration.
Starts calling ProjectServices#getFullProjectData method.
Finished calling ProjectServices#getFullProjectData method.
Exists RegistrationServicesImpl#getRegistration method.
Enters RegistrationServicesImpl#registerForProject method.
Enters RegistrationServicesImpl#validateRegistration method.
Starts calling UserRetrieval#retrieveUser in RegistrationServicesImpl#validateRegistration.
Finished calling UserRetrieval#retrieveUser in RegistrationServicesImpl#validateRegistration.
Starts calling ProjectServices#getFullProjectData method.
Finished calling ProjectServices#getFullProjectData method.
Starts calling RegistrationValidator#validate method.
Finished calling RegistrationValidator#validate method.
Exits RegistrationServicesImpl#validateRegistration method.
Starts calling ResourceManager#removeResource in RegistrationServicesImpl#registerForProject.
Finished calling ResourceManager#removeResource in RegistrationServicesImpl#registerForProject.
Starts calling UserRetrieval#retrieveUser in RegistrationServicesImpl#registerForProject.
Finished calling UserRetrieval#retrieveUser in RegistrationServicesImpl#registerForProject.
Starts calling ResourceManager#updateResource in RegistrationServicesImpl#registerForProject.
Finished calling ResourceManager#updateResource in RegistrationServicesImpl#registerForProject.
Exits RegistrationServicesImpl#registerForProject method.
Enters RegistrationServicesImpl#removeRegistration method.
Starts calling UserRetrieval#retrieveUser in RegistrationServicesImpl#removeRegistration.
Finished calling UserRetrieval#retrieveUser in RegistrationServicesImpl#removeRegistration.
Starts calling ProjectServices#getFullProjectData in RegistrationServicesImpl#removeRegistration.
Finished calling ProjectServices#getFullProjectData in RegistrationServicesImpl#removeRegistration.
Starts calling TeamManager#findPositions method.
Finished calling TeamManager#findPositions method.
Starts calling TeamManager#getTeamFromPosition method.
Finished calling TeamManager#getTeamFromPosition method.
Starts calling ResourceManager#removeResource in RegistrationServicesImpl#removeRegistration.
Finished calling ResourceManager#removeResource in RegistrationServicesImpl#removeRegistration.
Starts calling TeamServices#removeMember in RegistrationServicesImpl#removeRegistration.
Finished calling TeamServices#removeTeam in RegistrationServicesImpl#removeRegistration.
Starts calling ContactMemberServices#sendMessage in RegistrationServicesImpl#removeRegistration.
Finished calling ContactMemberServices#sendMessage in RegistrationServicesImpl#removeRegistration.
Starts calling BanManager#banUser in RegistrationServicesImpl#removeRegistration.
Finished calling BanManager#banUser in RegistrationServicesImpl#removeRegistration.
Exits RegistrationServicesImpl#removeRegistration method.
Enters RegistrationServicesImpl#getRegistration method.
Starts calling UserRetrieval#retrieveUser in RegistrationServicesImpl#getRegistration.
Finished calling UserRetrieval#retrieveUser in RegistrationServicesImpl#getRegistration.
Starts calling ProjectServices#getFullProjectData method.
Finished calling ProjectServices#getFullProjectData method.
Exists RegistrationServicesImpl#getRegistration method.
Enters RegistrationServicesImpl#registerForProject method.
Enters RegistrationServicesImpl#validateRegistration method.
Starts calling UserRetrieval#retrieveUser in RegistrationServicesImpl#validateRegistration.
Finished calling UserRetrieval#retrieveUser in RegistrationServicesImpl#validateRegistration.
Starts calling ProjectServices#getFullProjectData method.
Finished calling ProjectServices#getFullProjectData method.
Starts calling RegistrationValidator#validate method.
Finished calling RegistrationValidator#validate method.
Exits RegistrationServicesImpl#validateRegistration method.
Starts calling ResourceManager#removeResource in RegistrationServicesImpl#registerForProject.
Finished calling ResourceManager#removeResource in RegistrationServicesImpl#registerForProject.
Starts calling UserRetrieval#retrieveUser in RegistrationServicesImpl#registerForProject.
Finished calling UserRetrieval#retrieveUser in RegistrationServicesImpl#registerForProject.
Starts calling ResourceManager#updateResource in RegistrationServicesImpl#registerForProject.
Finished calling ResourceManager#updateResource in RegistrationServicesImpl#registerForProject.
Exits RegistrationServicesImpl#registerForProject method.
Enters RegistrationServicesImpl#removeRegistration method.
Starts calling UserRetrieval#retrieveUser in RegistrationServicesImpl#removeRegistration.
Finished calling UserRetrieval#retrieveUser in RegistrationServicesImpl#removeRegistration.
Starts calling ProjectServices#getFullProjectData in RegistrationServicesImpl#removeRegistration.
Finished calling ProjectServices#getFullProjectData in RegistrationServicesImpl#removeRegistration.
Starts calling TeamManager#findPositions method.
Finished calling TeamManager#findPositions method.
Starts calling TeamManager#getTeamFromPosition method.
Finished calling TeamManager#getTeamFromPosition method.
Starts calling ResourceManager#removeResource in RegistrationServicesImpl#removeRegistration.
Finished calling ResourceManager#removeResource in RegistrationServicesImpl#removeRegistration.
Starts calling TeamServices#removeMember in RegistrationServicesImpl#removeRegistration.
Finished calling TeamServices#removeTeam in RegistrationServicesImpl#removeRegistration.
Starts calling ContactMemberServices#sendMessage in RegistrationServicesImpl#removeRegistration.
Finished calling ContactMemberServices#sendMessage in RegistrationServicesImpl#removeRegistration.
Starts calling BanManager#banUser in RegistrationServicesImpl#removeRegistration.
Finished calling BanManager#banUser in RegistrationServicesImpl#removeRegistration.
Exits RegistrationServicesImpl#removeRegistration method.
Enters RegistrationServicesImpl#getRegistration method.
Starts calling UserRetrieval#retrieveUser in RegistrationServicesImpl#getRegistration.
Finished calling UserRetrieval#retrieveUser in RegistrationServicesImpl#getRegistration.
Starts calling ProjectServices#getFullProjectData method.
Finished calling ProjectServices#getFullProjectData method.
Exists RegistrationServicesImpl#getRegistration method.
Enters RegistrationServicesImpl#registerForProject method.
Enters RegistrationServicesImpl#validateRegistration method.
Starts calling UserRetrieval#retrieveUser in RegistrationServicesImpl#validateRegistration.
Finished calling UserRetrieval#retrieveUser in RegistrationServicesImpl#validateRegistration.
Starts calling ProjectServices#getFullProjectData method.
Finished calling ProjectServices#getFullProjectData method.
Starts calling RegistrationValidator#validate method.
Finished calling RegistrationValidator#validate method.
Exits RegistrationServicesImpl#validateRegistration method.
Starts calling ResourceManager#removeResource in RegistrationServicesImpl#registerForProject.
Finished calling ResourceManager#removeResource in RegistrationServicesImpl#registerForProject.
Starts calling UserRetrieval#retrieveUser in RegistrationServicesImpl#registerForProject.
Finished calling UserRetrieval#retrieveUser in RegistrationServicesImpl#registerForProject.
Starts calling ResourceManager#updateResource in RegistrationServicesImpl#registerForProject.
Finished calling ResourceManager#updateResource in RegistrationServicesImpl#registerForProject.
Exits RegistrationServicesImpl#registerForProject method.
Enters RegistrationServicesImpl#removeRegistration method.
Starts calling UserRetrieval#retrieveUser in RegistrationServicesImpl#removeRegistration.
Finished calling UserRetrieval#retrieveUser in RegistrationServicesImpl#removeRegistration.
Starts calling ProjectServices#getFullProjectData in RegistrationServicesImpl#removeRegistration.
Finished calling ProjectServices#getFullProjectData in RegistrationServicesImpl#removeRegistration.
Starts calling TeamManager#findPositions method.
Finished calling TeamManager#findPositions method.
Starts calling TeamManager#getTeamFromPosition method.
Finished calling TeamManager#getTeamFromPosition method.
Starts calling ResourceManager#removeResource in RegistrationServicesImpl#removeRegistration.
Finished calling ResourceManager#removeResource in RegistrationServicesImpl#removeRegistration.
Starts calling TeamServices#removeMember in RegistrationServicesImpl#removeRegistration.
Finished calling TeamServices#removeTeam in RegistrationServicesImpl#removeRegistration.
Starts calling ContactMemberServices#sendMessage in RegistrationServicesImpl#removeRegistration.
Finished calling ContactMemberServices#sendMessage in RegistrationServicesImpl#removeRegistration.
Starts calling BanManager#banUser in RegistrationServicesImpl#removeRegistration.
Finished calling BanManager#banUser in RegistrationServicesImpl#removeRegistration.
Exits RegistrationServicesImpl#removeRegistration method.
Enters RegistrationServicesImpl#getRegistration method.
Starts calling UserRetrieval#retrieveUser in RegistrationServicesImpl#getRegistration.
Finished calling UserRetrieval#retrieveUser in RegistrationServicesImpl#getRegistration.
Starts calling ProjectServices#getFullProjectData method.
Finished calling ProjectServices#getFullProjectData method.
Exists RegistrationServicesImpl#getRegistration method.
Enters RegistrationServicesImpl#registerForProject method.
Enters RegistrationServicesImpl#validateRegistration method.
Starts calling UserRetrieval#retrieveUser in RegistrationServicesImpl#validateRegistration.
Finished calling UserRetrieval#retrieveUser in RegistrationServicesImpl#validateRegistration.
Starts calling ProjectServices#getFullProjectData method.
Finished calling ProjectServices#getFullProjectData method.
Starts calling RegistrationValidator#validate method.
Finished calling RegistrationValidator#validate method.
Exits RegistrationServicesImpl#validateRegistration method.
Starts calling ResourceManager#removeResource in RegistrationServicesImpl#registerForProject.
Finished calling ResourceManager#removeResource in RegistrationServicesImpl#registerForProject.
Starts calling UserRetrieval#retrieveUser in RegistrationServicesImpl#registerForProject.
Finished calling UserRetrieval#retrieveUser in RegistrationServicesImpl#registerForProject.
Starts calling ResourceManager#updateResource in RegistrationServicesImpl#registerForProject.
Finished calling ResourceManager#updateResource in RegistrationServicesImpl#registerForProject.
Exits RegistrationServicesImpl#registerForProject method.
Enters RegistrationServicesImpl#removeRegistration method.
Starts calling UserRetrieval#retrieveUser in RegistrationServicesImpl#removeRegistration.
Finished calling UserRetrieval#retrieveUser in RegistrationServicesImpl#removeRegistration.
Starts calling ProjectServices#getFullProjectData in RegistrationServicesImpl#removeRegistration.
Finished calling ProjectServices#getFullProjectData in RegistrationServicesImpl#removeRegistration.
Starts calling TeamManager#findPositions method.
Finished calling TeamManager#findPositions method.
Starts calling TeamManager#getTeamFromPosition method.
Finished calling TeamManager#getTeamFromPosition method.
Starts calling ResourceManager#removeResource in RegistrationServicesImpl#removeRegistration.
Finished calling ResourceManager#removeResource in RegistrationServicesImpl#removeRegistration.
Starts calling TeamServices#removeMember in RegistrationServicesImpl#removeRegistration.
Finished calling TeamServices#removeTeam in RegistrationServicesImpl#removeRegistration.
Starts calling ContactMemberServices#sendMessage in RegistrationServicesImpl#removeRegistration.
Finished calling ContactMemberServices#sendMessage in RegistrationServicesImpl#removeRegistration.
Starts calling BanManager#banUser in RegistrationServicesImpl#removeRegistration.
Finished calling BanManager#banUser in RegistrationServicesImpl#removeRegistration.
Exits RegistrationServicesImpl#removeRegistration method.
Enters RegistrationServicesImpl#getRegistration method.
Starts calling UserRetrieval#retrieveUser in RegistrationServicesImpl#getRegistration.
Finished calling UserRetrieval#retrieveUser in RegistrationServicesImpl#getRegistration.
Starts calling ProjectServices#getFullProjectData method.
Finished calling ProjectServices#getFullProjectData method.
Exists RegistrationServicesImpl#getRegistration method.
Enters RegistrationServicesImpl#registerForProject method.
Enters RegistrationServicesImpl#validateRegistration method.
Starts calling UserRetrieval#retrieveUser in RegistrationServicesImpl#validateRegistration.
Finished calling UserRetrieval#retrieveUser in RegistrationServicesImpl#validateRegistration.
Starts calling ProjectServices#getFullProjectData method.
Finished calling ProjectServices#getFullProjectData method.
Starts calling RegistrationValidator#validate method.
Finished calling RegistrationValidator#validate method.
Exits RegistrationServicesImpl#validateRegistration method.
Starts calling ResourceManager#removeResource in RegistrationServicesImpl#registerForProject.
Finished calling ResourceManager#removeResource in RegistrationServicesImpl#registerForProject.
Starts calling UserRetrieval#retrieveUser in RegistrationServicesImpl#registerForProject.
Finished calling UserRetrieval#retrieveUser in RegistrationServicesImpl#registerForProject.
Starts calling ResourceManager#updateResource in RegistrationServicesImpl#registerForProject.
Finished calling ResourceManager#updateResource in RegistrationServicesImpl#registerForProject.
Exits RegistrationServicesImpl#registerForProject method.
Enters RegistrationServicesImpl#removeRegistration method.
Starts calling UserRetrieval#retrieveUser in RegistrationServicesImpl#removeRegistration.
Finished calling UserRetrieval#retrieveUser in RegistrationServicesImpl#removeRegistration.
Starts calling ProjectServices#getFullProjectData in RegistrationServicesImpl#removeRegistration.
Finished calling ProjectServices#getFullProjectData in RegistrationServicesImpl#removeRegistration.
Starts calling TeamManager#findPositions method.
Finished calling TeamManager#findPositions method.
Starts calling TeamManager#getTeamFromPosition method.
Finished calling TeamManager#getTeamFromPosition method.
Starts calling ResourceManager#removeResource in RegistrationServicesImpl#removeRegistration.
Finished calling ResourceManager#removeResource in RegistrationServicesImpl#removeRegistration.
Starts calling TeamServices#removeMember in RegistrationServicesImpl#removeRegistration.
Finished calling TeamServices#removeTeam in RegistrationServicesImpl#removeRegistration.
Starts calling ContactMemberServices#sendMessage in RegistrationServicesImpl#removeRegistration.
Finished calling ContactMemberServices#sendMessage in RegistrationServicesImpl#removeRegistration.
Starts calling BanManager#banUser in RegistrationServicesImpl#removeRegistration.
Finished calling BanManager#banUser in RegistrationServicesImpl#removeRegistration.
Exits RegistrationServicesImpl#removeRegistration method.
Enters RegistrationServicesImpl#getRegistration method.
Starts calling UserRetrieval#retrieveUser in RegistrationServicesImpl#getRegistration.
Finished calling UserRetrieval#retrieveUser in RegistrationServicesImpl#getRegistration.
Starts calling ProjectServices#getFullProjectData method.
Finished calling ProjectServices#getFullProjectData method.
Exists RegistrationServicesImpl#getRegistration method.
Enters RegistrationServicesImpl#registerForProject method.
Enters RegistrationServicesImpl#validateRegistration method.
Starts calling UserRetrieval#retrieveUser in RegistrationServicesImpl#validateRegistration.
Finished calling UserRetrieval#retrieveUser in RegistrationServicesImpl#validateRegistration.
Starts calling ProjectServices#getFullProjectData method.
Finished calling ProjectServices#getFullProjectData method.
Starts calling RegistrationValidator#validate method.
Finished calling RegistrationValidator#validate method.
Exits RegistrationServicesImpl#validateRegistration method.
Starts calling ResourceManager#removeResource in RegistrationServicesImpl#registerForProject.
Finished calling ResourceManager#removeResource in RegistrationServicesImpl#registerForProject.
Starts calling UserRetrieval#retrieveUser in RegistrationServicesImpl#registerForProject.
Finished calling UserRetrieval#retrieveUser in RegistrationServicesImpl#registerForProject.
Starts calling ResourceManager#updateResource in RegistrationServicesImpl#registerForProject.
Finished calling ResourceManager#updateResource in RegistrationServicesImpl#registerForProject.
Exits RegistrationServicesImpl#registerForProject method.
Enters RegistrationServicesImpl#removeRegistration method.
Starts calling UserRetrieval#retrieveUser in RegistrationServicesImpl#removeRegistration.
Finished calling UserRetrieval#retrieveUser in RegistrationServicesImpl#removeRegistration.
Starts calling ProjectServices#getFullProjectData in RegistrationServicesImpl#removeRegistration.
Finished calling ProjectServices#getFullProjectData in RegistrationServicesImpl#removeRegistration.
Starts calling TeamManager#findPositions method.
Finished calling TeamManager#findPositions method.
Starts calling TeamManager#getTeamFromPosition method.
Finished calling TeamManager#getTeamFromPosition method.
Starts calling ResourceManager#removeResource in RegistrationServicesImpl#removeRegistration.
Finished calling ResourceManager#removeResource in RegistrationServicesImpl#removeRegistration.
Starts calling TeamServices#removeMember in RegistrationServicesImpl#removeRegistration.
Finished calling TeamServices#removeTeam in RegistrationServicesImpl#removeRegistration.
Starts calling ContactMemberServices#sendMessage in RegistrationServicesImpl#removeRegistration.
Finished calling ContactMemberServices#sendMessage in RegistrationServicesImpl#removeRegistration.
Starts calling BanManager#banUser in RegistrationServicesImpl#removeRegistration.
Finished calling BanManager#banUser in RegistrationServicesImpl#removeRegistration.
Exits RegistrationServicesImpl#removeRegistration method.
Enters RegistrationServicesImpl#getRegistration method.
Starts calling UserRetrieval#retrieveUser in RegistrationServicesImpl#getRegistration.
Finished calling UserRetrieval#retrieveUser in RegistrationServicesImpl#getRegistration.
Starts calling ProjectServices#getFullProjectData method.
Finished calling ProjectServices#getFullProjectData method.
Exists RegistrationServicesImpl#getRegistration method.
Enters RegistrationServicesImpl#registerForProject method.
Enters RegistrationServicesImpl#validateRegistration method.
Starts calling UserRetrieval#retrieveUser in RegistrationServicesImpl#validateRegistration.
Finished calling UserRetrieval#retrieveUser in RegistrationServicesImpl#validateRegistration.
Starts calling ProjectServices#getFullProjectData method.
Finished calling ProjectServices#getFullProjectData method.
Starts calling RegistrationValidator#validate method.
Finished calling RegistrationValidator#validate method.
Exits RegistrationServicesImpl#validateRegistration method.
Starts calling ResourceManager#removeResource in RegistrationServicesImpl#registerForProject.
Finished calling ResourceManager#removeResource in RegistrationServicesImpl#registerForProject.
Starts calling UserRetrieval#retrieveUser in RegistrationServicesImpl#registerForProject.
Finished calling UserRetrieval#retrieveUser in RegistrationServicesImpl#registerForProject.
Starts calling ResourceManager#updateResource in RegistrationServicesImpl#registerForProject.
Finished calling ResourceManager#updateResource in RegistrationServicesImpl#registerForProject.
Exits RegistrationServicesImpl#registerForProject method.
Enters RegistrationServicesImpl#removeRegistration method.
Starts calling UserRetrieval#retrieveUser in RegistrationServicesImpl#removeRegistration.
Finished calling UserRetrieval#retrieveUser in RegistrationServicesImpl#removeRegistration.
Starts calling ProjectServices#getFullProjectData in RegistrationServicesImpl#removeRegistration.
Finished calling ProjectServices#getFullProjectData in RegistrationServicesImpl#removeRegistration.
Starts calling TeamManager#findPositions method.
Finished calling TeamManager#findPositions method.
Starts calling TeamManager#getTeamFromPosition method.
Finished calling TeamManager#getTeamFromPosition method.
Starts calling ResourceManager#removeResource in RegistrationServicesImpl#removeRegistration.
Finished calling ResourceManager#removeResource in RegistrationServicesImpl#removeRegistration.
Starts calling TeamServices#removeMember in RegistrationServicesImpl#removeRegistration.
Finished calling TeamServices#removeTeam in RegistrationServicesImpl#removeRegistration.
Starts calling ContactMemberServices#sendMessage in RegistrationServicesImpl#removeRegistration.
Finished calling ContactMemberServices#sendMessage in RegistrationServicesImpl#removeRegistration.
Starts calling BanManager#banUser in RegistrationServicesImpl#removeRegistration.
Finished calling BanManager#banUser in RegistrationServicesImpl#removeRegistration.
Exits RegistrationServicesImpl#removeRegistration method.
Enters RegistrationServicesImpl#getRegistration method.
Starts calling UserRetrieval#retrieveUser in RegistrationServicesImpl#getRegistration.
Finished calling UserRetrieval#retrieveUser in RegistrationServicesImpl#getRegistration.
Starts calling ProjectServices#getFullProjectData method.
Finished calling ProjectServices#getFullProjectData method.
Exists RegistrationServicesImpl#getRegistration method.
Enters RegistrationServicesImpl#registerForProject method.
Enters RegistrationServicesImpl#validateRegistration method.
Starts calling UserRetrieval#retrieveUser in RegistrationServicesImpl#validateRegistration.
Finished calling UserRetrieval#retrieveUser in RegistrationServicesImpl#validateRegistration.
Starts calling ProjectServices#getFullProjectData method.
Finished calling ProjectServices#getFullProjectData method.
Starts calling RegistrationValidator#validate method.
Finished calling RegistrationValidator#validate method.
Exits RegistrationServicesImpl#validateRegistration method.
Starts calling ResourceManager#removeResource in RegistrationServicesImpl#registerForProject.
Finished calling ResourceManager#removeResource in RegistrationServicesImpl#registerForProject.
Starts calling UserRetrieval#retrieveUser in RegistrationServicesImpl#registerForProject.
Finished calling UserRetrieval#retrieveUser in RegistrationServicesImpl#registerForProject.
Starts calling ResourceManager#updateResource in RegistrationServicesImpl#registerForProject.
Finished calling ResourceManager#updateResource in RegistrationServicesImpl#registerForProject.
Exits RegistrationServicesImpl#registerForProject method.
Enters RegistrationServicesImpl#removeRegistration method.
Starts calling UserRetrieval#retrieveUser in RegistrationServicesImpl#removeRegistration.
Finished calling UserRetrieval#retrieveUser in RegistrationServicesImpl#removeRegistration.
Starts calling ProjectServices#getFullProjectData in RegistrationServicesImpl#removeRegistration.
Finished calling ProjectServices#getFullProjectData in RegistrationServicesImpl#removeRegistration.
Starts calling TeamManager#findPositions method.
Finished calling TeamManager#findPositions method.
Starts calling TeamManager#getTeamFromPosition method.
Finished calling TeamManager#getTeamFromPosition method.
Starts calling ResourceManager#removeResource in RegistrationServicesImpl#removeRegistration.
Finished calling ResourceManager#removeResource in RegistrationServicesImpl#removeRegistration.
Starts calling TeamServices#removeMember in RegistrationServicesImpl#removeRegistration.
Finished calling TeamServices#removeTeam in RegistrationServicesImpl#removeRegistration.
Starts calling ContactMemberServices#sendMessage in RegistrationServicesImpl#removeRegistration.
Finished calling ContactMemberServices#sendMessage in RegistrationServicesImpl#removeRegistration.
Starts calling BanManager#banUser in RegistrationServicesImpl#removeRegistration.
Finished calling BanManager#banUser in RegistrationServicesImpl#removeRegistration.
Exits RegistrationServicesImpl#removeRegistration method.
Enters RegistrationServicesImpl#getRegistration method.
Starts calling UserRetrieval#retrieveUser in RegistrationServicesImpl#getRegistration.
Finished calling UserRetrieval#retrieveUser in RegistrationServicesImpl#getRegistration.
Starts calling ProjectServices#getFullProjectData method.
Finished calling ProjectServices#getFullProjectData method.
Exists RegistrationServicesImpl#getRegistration method.
Enters RegistrationServicesImpl#registerForProject method.
Enters RegistrationServicesImpl#validateRegistration method.
Starts calling UserRetrieval#retrieveUser in RegistrationServicesImpl#validateRegistration.
Finished calling UserRetrieval#retrieveUser in RegistrationServicesImpl#validateRegistration.
Starts calling ProjectServices#getFullProjectData method.
Finished calling ProjectServices#getFullProjectData method.
Starts calling RegistrationValidator#validate method.
Finished calling RegistrationValidator#validate method.
Exits RegistrationServicesImpl#validateRegistration method.
Starts calling ResourceManager#removeResource in RegistrationServicesImpl#registerForProject.
Finished calling ResourceManager#removeResource in RegistrationServicesImpl#registerForProject.
Starts calling UserRetrieval#retrieveUser in RegistrationServicesImpl#registerForProject.
Finished calling UserRetrieval#retrieveUser in RegistrationServicesImpl#registerForProject.
Starts calling ResourceManager#updateResource in RegistrationServicesImpl#registerForProject.
Finished calling ResourceManager#updateResource in RegistrationServicesImpl#registerForProject.
Exits RegistrationServicesImpl#registerForProject method.
Enters RegistrationServicesImpl#removeRegistration method.
Starts calling UserRetrieval#retrieveUser in RegistrationServicesImpl#removeRegistration.
Finished calling UserRetrieval#retrieveUser in RegistrationServicesImpl#removeRegistration.
Starts calling ProjectServices#getFullProjectData in RegistrationServicesImpl#removeRegistration.
Finished calling ProjectServices#getFullProjectData in RegistrationServicesImpl#removeRegistration.
Starts calling TeamManager#findPositions method.
Finished calling TeamManager#findPositions method.
Starts calling TeamManager#getTeamFromPosition method.
Finished calling TeamManager#getTeamFromPosition method.
Starts calling ResourceManager#removeResource in RegistrationServicesImpl#removeRegistration.
Finished calling ResourceManager#removeResource in RegistrationServicesImpl#removeRegistration.
Starts calling TeamServices#removeMember in RegistrationServicesImpl#removeRegistration.
Finished calling TeamServices#removeTeam in RegistrationServicesImpl#removeRegistration.
Starts calling ContactMemberServices#sendMessage in RegistrationServicesImpl#removeRegistration.
Finished calling ContactMemberServices#sendMessage in RegistrationServicesImpl#removeRegistration.
Starts calling BanManager#banUser in RegistrationServicesImpl#removeRegistration.
Finished calling BanManager#banUser in RegistrationServicesImpl#removeRegistration.
Exits RegistrationServicesImpl#removeRegistration method.
Enters RegistrationServicesImpl#getRegistration method.
Starts calling UserRetrieval#retrieveUser in RegistrationServicesImpl#getRegistration.
Finished calling UserRetrieval#retrieveUser in RegistrationServicesImpl#getRegistration.
Starts calling ProjectServices#getFullProjectData method.
Finished calling ProjectServices#getFullProjectData method.
Exists RegistrationServicesImpl#getRegistration method.
Enters RegistrationServicesImpl#registerForProject method.
Enters RegistrationServicesImpl#validateRegistration method.
Starts calling UserRetrieval#retrieveUser in RegistrationServicesImpl#validateRegistration.
Finished calling UserRetrieval#retrieveUser in RegistrationServicesImpl#validateRegistration.
Starts calling ProjectServices#getFullProjectData method.
Finished calling ProjectServices#getFullProjectData method.
Starts calling RegistrationValidator#validate method.
Finished calling RegistrationValidator#validate method.
Exits RegistrationServicesImpl#validateRegistration method.
Starts calling ResourceManager#removeResource in RegistrationServicesImpl#registerForProject.
Finished calling ResourceManager#removeResource in RegistrationServicesImpl#registerForProject.
Starts calling UserRetrieval#retrieveUser in RegistrationServicesImpl#registerForProject.
Finished calling UserRetrieval#retrieveUser in RegistrationServicesImpl#registerForProject.
Starts calling ResourceManager#updateResource in RegistrationServicesImpl#registerForProject.
Finished calling ResourceManager#updateResource in RegistrationServicesImpl#registerForProject.
Exits RegistrationServicesImpl#registerForProject method.
Enters RegistrationServicesImpl#removeRegistration method.
Starts calling UserRetrieval#retrieveUser in RegistrationServicesImpl#removeRegistration.
Finished calling UserRetrieval#retrieveUser in RegistrationServicesImpl#removeRegistration.
Starts calling ProjectServices#getFullProjectData in RegistrationServicesImpl#removeRegistration.
Finished calling ProjectServices#getFullProjectData in RegistrationServicesImpl#removeRegistration.
Starts calling TeamManager#findPositions method.
Finished calling TeamManager#findPositions method.
Starts calling TeamManager#getTeamFromPosition method.
Finished calling TeamManager#getTeamFromPosition method.
Starts calling ResourceManager#removeResource in RegistrationServicesImpl#removeRegistration.
Finished calling ResourceManager#removeResource in RegistrationServicesImpl#removeRegistration.
Starts calling TeamServices#removeMember in RegistrationServicesImpl#removeRegistration.
Finished calling TeamServices#removeTeam in RegistrationServicesImpl#removeRegistration.
Starts calling ContactMemberServices#sendMessage in RegistrationServicesImpl#removeRegistration.
Finished calling ContactMemberServices#sendMessage in RegistrationServicesImpl#removeRegistration.
Starts calling BanManager#banUser in RegistrationServicesImpl#removeRegistration.
Finished calling BanManager#banUser in RegistrationServicesImpl#removeRegistration.
Exits RegistrationServicesImpl#removeRegistration method.
Enters RegistrationServicesImpl#getRegistration method.
Starts calling UserRetrieval#retrieveUser in RegistrationServicesImpl#getRegistration.
Finished calling UserRetrieval#retrieveUser in RegistrationServicesImpl#getRegistration.
Starts calling ProjectServices#getFullProjectData method.
Finished calling ProjectServices#getFullProjectData method.
Exists RegistrationServicesImpl#getRegistration method.
Enters RegistrationServicesImpl#registerForProject method.
Enters RegistrationServicesImpl#validateRegistration method.
Starts calling UserRetrieval#retrieveUser in RegistrationServicesImpl#validateRegistration.
Finished calling UserRetrieval#retrieveUser in RegistrationServicesImpl#validateRegistration.
Starts calling ProjectServices#getFullProjectData method.
Finished calling ProjectServices#getFullProjectData method.
Starts calling RegistrationValidator#validate method.
Finished calling RegistrationValidator#validate method.
Exits RegistrationServicesImpl#validateRegistration method.
Starts calling ResourceManager#removeResource in RegistrationServicesImpl#registerForProject.
Finished calling ResourceManager#removeResource in RegistrationServicesImpl#registerForProject.
Starts calling UserRetrieval#retrieveUser in RegistrationServicesImpl#registerForProject.
Finished calling UserRetrieval#retrieveUser in RegistrationServicesImpl#registerForProject.
Starts calling ResourceManager#updateResource in RegistrationServicesImpl#registerForProject.
Finished calling ResourceManager#updateResource in RegistrationServicesImpl#registerForProject.
Exits RegistrationServicesImpl#registerForProject method.
Enters RegistrationServicesImpl#removeRegistration method.
Starts calling UserRetrieval#retrieveUser in RegistrationServicesImpl#removeRegistration.
Finished calling UserRetrieval#retrieveUser in RegistrationServicesImpl#removeRegistration.
Starts calling ProjectServices#getFullProjectData in RegistrationServicesImpl#removeRegistration.
Finished calling ProjectServices#getFullProjectData in RegistrationServicesImpl#removeRegistration.
Starts calling TeamManager#findPositions method.
Finished calling TeamManager#findPositions method.
Starts calling TeamManager#getTeamFromPosition method.
Finished calling TeamManager#getTeamFromPosition method.
Starts calling ResourceManager#removeResource in RegistrationServicesImpl#removeRegistration.
Finished calling ResourceManager#removeResource in RegistrationServicesImpl#removeRegistration.
Starts calling TeamServices#removeMember in RegistrationServicesImpl#removeRegistration.
Finished calling TeamServices#removeTeam in RegistrationServicesImpl#removeRegistration.
Starts calling ContactMemberServices#sendMessage in RegistrationServicesImpl#removeRegistration.
Finished calling ContactMemberServices#sendMessage in RegistrationServicesImpl#removeRegistration.
Starts calling BanManager#banUser in RegistrationServicesImpl#removeRegistration.
Finished calling BanManager#banUser in RegistrationServicesImpl#removeRegistration.
Exits RegistrationServicesImpl#removeRegistration method.
Enters RegistrationServicesImpl#getRegistration method.
Starts calling UserRetrieval#retrieveUser in RegistrationServicesImpl#getRegistration.
Finished calling UserRetrieval#retrieveUser in RegistrationServicesImpl#getRegistration.
Starts calling ProjectServices#getFullProjectData method.
Finished calling ProjectServices#getFullProjectData method.
Exists RegistrationServicesImpl#getRegistration method.
Enters RegistrationServicesImpl#registerForProject method.
Enters RegistrationServicesImpl#validateRegistration method.
Starts calling UserRetrieval#retrieveUser in RegistrationServicesImpl#validateRegistration.
Finished calling UserRetrieval#retrieveUser in RegistrationServicesImpl#validateRegistration.
Starts calling ProjectServices#getFullProjectData method.
Finished calling ProjectServices#getFullProjectData method.
Starts calling RegistrationValidator#validate method.
Finished calling RegistrationValidator#validate method.
Exits RegistrationServicesImpl#validateRegistration method.
Starts calling ResourceManager#removeResource in RegistrationServicesImpl#registerForProject.
Finished calling ResourceManager#removeResource in RegistrationServicesImpl#registerForProject.
Starts calling UserRetrieval#retrieveUser in RegistrationServicesImpl#registerForProject.
Finished calling UserRetrieval#retrieveUser in RegistrationServicesImpl#registerForProject.
Starts calling ResourceManager#updateResource in RegistrationServicesImpl#registerForProject.
Finished calling ResourceManager#updateResource in RegistrationServicesImpl#registerForProject.
Exits RegistrationServicesImpl#registerForProject method.
Enters RegistrationServicesImpl#removeRegistration method.
Starts calling UserRetrieval#retrieveUser in RegistrationServicesImpl#removeRegistration.
Finished calling UserRetrieval#retrieveUser in RegistrationServicesImpl#removeRegistration.
Starts calling ProjectServices#getFullProjectData in RegistrationServicesImpl#removeRegistration.
Finished calling ProjectServices#getFullProjectData in RegistrationServicesImpl#removeRegistration.
Starts calling TeamManager#findPositions method.
Finished calling TeamManager#findPositions method.
Starts calling TeamManager#getTeamFromPosition method.
Finished calling TeamManager#getTeamFromPosition method.
Starts calling ResourceManager#removeResource in RegistrationServicesImpl#removeRegistration.
Finished calling ResourceManager#removeResource in RegistrationServicesImpl#removeRegistration.
Starts calling TeamServices#removeMember in RegistrationServicesImpl#removeRegistration.
Finished calling TeamServices#removeTeam in RegistrationServicesImpl#removeRegistration.
Starts calling ContactMemberServices#sendMessage in RegistrationServicesImpl#removeRegistration.
Finished calling ContactMemberServices#sendMessage in RegistrationServicesImpl#removeRegistration.
Starts calling BanManager#banUser in RegistrationServicesImpl#removeRegistration.
Finished calling BanManager#banUser in RegistrationServicesImpl#removeRegistration.
Exits RegistrationServicesImpl#removeRegistration method.
Enters RegistrationServicesImpl#getRegistration method.
Starts calling UserRetrieval#retrieveUser in RegistrationServicesImpl#getRegistration.
Finished calling UserRetrieval#retrieveUser in RegistrationServicesImpl#getRegistration.
Starts calling ProjectServices#getFullProjectData method.
Finished calling ProjectServices#getFullProjectData method.
Exists RegistrationServicesImpl#getRegistration method.
Enters RegistrationServicesImpl#registerForProject method.
Enters RegistrationServicesImpl#validateRegistration method.
Starts calling UserRetrieval#retrieveUser in RegistrationServicesImpl#validateRegistration.
Finished calling UserRetrieval#retrieveUser in RegistrationServicesImpl#validateRegistration.
Starts calling ProjectServices#getFullProjectData method.
Finished calling ProjectServices#getFullProjectData method.
Starts calling RegistrationValidator#validate method.
Finished calling RegistrationValidator#validate method.
Exits RegistrationServicesImpl#validateRegistration method.
Starts calling ResourceManager#removeResource in RegistrationServicesImpl#registerForProject.
Finished calling ResourceManager#removeResource in RegistrationServicesImpl#registerForProject.
Starts calling UserRetrieval#retrieveUser in RegistrationServicesImpl#registerForProject.
Finished calling UserRetrieval#retrieveUser in RegistrationServicesImpl#registerForProject.
Starts calling ResourceManager#updateResource in RegistrationServicesImpl#registerForProject.
Finished calling ResourceManager#updateResource in RegistrationServicesImpl#registerForProject.
Exits RegistrationServicesImpl#registerForProject method.
Enters RegistrationServicesImpl#removeRegistration method.
Starts calling UserRetrieval#retrieveUser in RegistrationServicesImpl#removeRegistration.
Finished calling UserRetrieval#retrieveUser in RegistrationServicesImpl#removeRegistration.
Starts calling ProjectServices#getFullProjectData in RegistrationServicesImpl#removeRegistration.
Finished calling ProjectServices#getFullProjectData in RegistrationServicesImpl#removeRegistration.
Starts calling TeamManager#findPositions method.
Finished calling TeamManager#findPositions method.
Starts calling TeamManager#getTeamFromPosition method.
Finished calling TeamManager#getTeamFromPosition method.
Starts calling ResourceManager#removeResource in RegistrationServicesImpl#removeRegistration.
Finished calling ResourceManager#removeResource in RegistrationServicesImpl#removeRegistration.
Starts calling TeamServices#removeMember in RegistrationServicesImpl#removeRegistration.
Finished calling TeamServices#removeTeam in RegistrationServicesImpl#removeRegistration.
Starts calling ContactMemberServices#sendMessage in RegistrationServicesImpl#removeRegistration.
Finished calling ContactMemberServices#sendMessage in RegistrationServicesImpl#removeRegistration.
Starts calling BanManager#banUser in RegistrationServicesImpl#removeRegistration.
Finished calling BanManager#banUser in RegistrationServicesImpl#removeRegistration.
Exits RegistrationServicesImpl#removeRegistration method.
Enters RegistrationServicesImpl#getRegistration method.
Starts calling UserRetrieval#retrieveUser in RegistrationServicesImpl#getRegistration.
Finished calling UserRetrieval#retrieveUser in RegistrationServicesImpl#getRegistration.
Starts calling ProjectServices#getFullProjectData method.
Finished calling ProjectServices#getFullProjectData method.
Exists RegistrationServicesImpl#getRegistration method.
Enters RegistrationServicesImpl#registerForProject method.
Enters RegistrationServicesImpl#validateRegistration method.
Starts calling UserRetrieval#retrieveUser in RegistrationServicesImpl#validateRegistration.
Finished calling UserRetrieval#retrieveUser in RegistrationServicesImpl#validateRegistration.
Starts calling ProjectServices#getFullProjectData method.
Finished calling ProjectServices#getFullProjectData method.
Starts calling RegistrationValidator#validate method.
Finished calling RegistrationValidator#validate method.
Exits RegistrationServicesImpl#validateRegistration method.
Starts calling ResourceManager#removeResource in RegistrationServicesImpl#registerForProject.
Finished calling ResourceManager#removeResource in RegistrationServicesImpl#registerForProject.
Starts calling UserRetrieval#retrieveUser in RegistrationServicesImpl#registerForProject.
Finished calling UserRetrieval#retrieveUser in RegistrationServicesImpl#registerForProject.
Starts calling ResourceManager#updateResource in RegistrationServicesImpl#registerForProject.
Finished calling ResourceManager#updateResource in RegistrationServicesImpl#registerForProject.
Exits RegistrationServicesImpl#registerForProject method.
Enters RegistrationServicesImpl#removeRegistration method.
Starts calling UserRetrieval#retrieveUser in RegistrationServicesImpl#removeRegistration.
Finished calling UserRetrieval#retrieveUser in RegistrationServicesImpl#removeRegistration.
Starts calling ProjectServices#getFullProjectData in RegistrationServicesImpl#removeRegistration.
Finished calling ProjectServices#getFullProjectData in RegistrationServicesImpl#removeRegistration.
Starts calling TeamManager#findPositions method.
Finished calling TeamManager#findPositions method.
Starts calling TeamManager#getTeamFromPosition method.
Finished calling TeamManager#getTeamFromPosition method.
Starts calling ResourceManager#removeResource in RegistrationServicesImpl#removeRegistration.
Finished calling ResourceManager#removeResource in RegistrationServicesImpl#removeRegistration.
Starts calling TeamServices#removeMember in RegistrationServicesImpl#removeRegistration.
Finished calling TeamServices#removeTeam in RegistrationServicesImpl#removeRegistration.
Starts calling ContactMemberServices#sendMessage in RegistrationServicesImpl#removeRegistration.
Finished calling ContactMemberServices#sendMessage in RegistrationServicesImpl#removeRegistration.
Starts calling BanManager#banUser in RegistrationServicesImpl#removeRegistration.
Finished calling BanManager#banUser in RegistrationServicesImpl#removeRegistration.
Exits RegistrationServicesImpl#removeRegistration method.
Enters RegistrationServicesImpl#getRegistration method.
Starts calling UserRetrieval#retrieveUser in RegistrationServicesImpl#getRegistration.
Finished calling UserRetrieval#retrieveUser in RegistrationServicesImpl#getRegistration.
Starts calling ProjectServices#getFullProjectData method.
Finished calling ProjectServices#getFullProjectData method.
Exists RegistrationServicesImpl#getRegistration method.
Enters RegistrationServicesImpl#registerForProject method.
Enters RegistrationServicesImpl#validateRegistration method.
Starts calling UserRetrieval#retrieveUser in RegistrationServicesImpl#validateRegistration.
Finished calling UserRetrieval#retrieveUser in RegistrationServicesImpl#validateRegistration.
Starts calling ProjectServices#getFullProjectData method.
Finished calling ProjectServices#getFullProjectData method.
Starts calling RegistrationValidator#validate method.
Finished calling RegistrationValidator#validate method.
Exits RegistrationServicesImpl#validateRegistration method.
Starts calling ResourceManager#removeResource in RegistrationServicesImpl#registerForProject.
Finished calling ResourceManager#removeResource in RegistrationServicesImpl#registerForProject.
Starts calling UserRetrieval#retrieveUser in RegistrationServicesImpl#registerForProject.
Finished calling UserRetrieval#retrieveUser in RegistrationServicesImpl#registerForProject.
Starts calling ResourceManager#updateResource in RegistrationServicesImpl#registerForProject.
Finished calling ResourceManager#updateResource in RegistrationServicesImpl#registerForProject.
Exits RegistrationServicesImpl#registerForProject method.
Enters RegistrationServicesImpl#removeRegistration method.
Starts calling UserRetrieval#retrieveUser in RegistrationServicesImpl#removeRegistration.
Finished calling UserRetrieval#retrieveUser in RegistrationServicesImpl#removeRegistration.
Starts calling ProjectServices#getFullProjectData in RegistrationServicesImpl#removeRegistration.
Finished calling ProjectServices#getFullProjectData in RegistrationServicesImpl#removeRegistration.
Starts calling TeamManager#findPositions method.
Finished calling TeamManager#findPositions method.
Starts calling TeamManager#getTeamFromPosition method.
Finished calling TeamManager#getTeamFromPosition method.
Starts calling ResourceManager#removeResource in RegistrationServicesImpl#removeRegistration.
Finished calling ResourceManager#removeResource in RegistrationServicesImpl#removeRegistration.
Starts calling TeamServices#removeMember in RegistrationServicesImpl#removeRegistration.
Finished calling TeamServices#removeTeam in RegistrationServicesImpl#removeRegistration.
Starts calling ContactMemberServices#sendMessage in RegistrationServicesImpl#removeRegistration.
Finished calling ContactMemberServices#sendMessage in RegistrationServicesImpl#removeRegistration.
Starts calling BanManager#banUser in RegistrationServicesImpl#removeRegistration.
Finished calling BanManager#banUser in RegistrationServicesImpl#removeRegistration.
Exits RegistrationServicesImpl#removeRegistration method.
Enters RegistrationServicesImpl#getRegistration method.
Starts calling UserRetrieval#retrieveUser in RegistrationServicesImpl#getRegistration.
Finished calling UserRetrieval#retrieveUser in RegistrationServicesImpl#getRegistration.
Starts calling ProjectServices#getFullProjectData method.
Finished calling ProjectServices#getFullProjectData method.
Exists RegistrationServicesImpl#getRegistration method.
Enters RegistrationServicesImpl#registerForProject method.
Enters RegistrationServicesImpl#validateRegistration method.
Starts calling UserRetrieval#retrieveUser in RegistrationServicesImpl#validateRegistration.
Finished calling UserRetrieval#retrieveUser in RegistrationServicesImpl#validateRegistration.
Starts calling ProjectServices#getFullProjectData method.
Finished calling ProjectServices#getFullProjectData method.
Starts calling RegistrationValidator#validate method.
Finished calling RegistrationValidator#validate method.
Exits RegistrationServicesImpl#validateRegistration method.
Starts calling ResourceManager#removeResource in RegistrationServicesImpl#registerForProject.
Finished calling ResourceManager#removeResource in RegistrationServicesImpl#registerForProject.
Starts calling UserRetrieval#retrieveUser in RegistrationServicesImpl#registerForProject.
Finished calling UserRetrieval#retrieveUser in RegistrationServicesImpl#registerForProject.
Starts calling ResourceManager#updateResource in RegistrationServicesImpl#registerForProject.
Finished calling ResourceManager#updateResource in RegistrationServicesImpl#registerForProject.
Exits RegistrationServicesImpl#registerForProject method.
Enters RegistrationServicesImpl#removeRegistration method.
Starts calling UserRetrieval#retrieveUser in RegistrationServicesImpl#removeRegistration.
Finished calling UserRetrieval#retrieveUser in RegistrationServicesImpl#removeRegistration.
Starts calling ProjectServices#getFullProjectData in RegistrationServicesImpl#removeRegistration.
Finished calling ProjectServices#getFullProjectData in RegistrationServicesImpl#removeRegistration.
Starts calling TeamManager#findPositions method.
Finished calling TeamManager#findPositions method.
Starts calling TeamManager#getTeamFromPosition method.
Finished calling TeamManager#getTeamFromPosition method.
Starts calling ResourceManager#removeResource in RegistrationServicesImpl#removeRegistration.
Finished calling ResourceManager#removeResource in RegistrationServicesImpl#removeRegistration.
Starts calling TeamServices#removeMember in RegistrationServicesImpl#removeRegistration.
Finished calling TeamServices#removeTeam in RegistrationServicesImpl#removeRegistration.
Starts calling ContactMemberServices#sendMessage in RegistrationServicesImpl#removeRegistration.
Finished calling ContactMemberServices#sendMessage in RegistrationServicesImpl#removeRegistration.
Starts calling BanManager#banUser in RegistrationServicesImpl#removeRegistration.
Finished calling BanManager#banUser in RegistrationServicesImpl#removeRegistration.
Exits RegistrationServicesImpl#removeRegistration method.
Enters RegistrationServicesImpl#getRegistration method.
Starts calling UserRetrieval#retrieveUser in RegistrationServicesImpl#getRegistration.
Finished calling UserRetrieval#retrieveUser in RegistrationServicesImpl#getRegistration.
Starts calling ProjectServices#getFullProjectData method.
Finished calling ProjectServices#getFullProjectData method.
Exists RegistrationServicesImpl#getRegistration method.
Enters RegistrationServicesImpl#registerForProject method.
Enters RegistrationServicesImpl#validateRegistration method.
Starts calling UserRetrieval#retrieveUser in RegistrationServicesImpl#validateRegistration.
Finished calling UserRetrieval#retrieveUser in RegistrationServicesImpl#validateRegistration.
Starts calling ProjectServices#getFullProjectData method.
Finished calling ProjectServices#getFullProjectData method.
Starts calling RegistrationValidator#validate method.
Finished calling RegistrationValidator#validate method.
Exits RegistrationServicesImpl#validateRegistration method.
Starts calling ResourceManager#removeResource in RegistrationServicesImpl#registerForProject.
Finished calling ResourceManager#removeResource in RegistrationServicesImpl#registerForProject.
Starts calling UserRetrieval#retrieveUser in RegistrationServicesImpl#registerForProject.
Finished calling UserRetrieval#retrieveUser in RegistrationServicesImpl#registerForProject.
Starts calling ResourceManager#updateResource in RegistrationServicesImpl#registerForProject.
Finished calling ResourceManager#updateResource in RegistrationServicesImpl#registerForProject.
Exits RegistrationServicesImpl#registerForProject method.
Enters RegistrationServicesImpl#removeRegistration method.
Starts calling UserRetrieval#retrieveUser in RegistrationServicesImpl#removeRegistration.
Finished calling UserRetrieval#retrieveUser in RegistrationServicesImpl#removeRegistration.
Starts calling ProjectServices#getFullProjectData in RegistrationServicesImpl#removeRegistration.
Finished calling ProjectServices#getFullProjectData in RegistrationServicesImpl#removeRegistration.
Starts calling TeamManager#findPositions method.
Finished calling TeamManager#findPositions method.
Starts calling TeamManager#getTeamFromPosition method.
Finished calling TeamManager#getTeamFromPosition method.
Starts calling ResourceManager#removeResource in RegistrationServicesImpl#removeRegistration.
Finished calling ResourceManager#removeResource in RegistrationServicesImpl#removeRegistration.
Starts calling TeamServices#removeMember in RegistrationServicesImpl#removeRegistration.
Finished calling TeamServices#removeTeam in RegistrationServicesImpl#removeRegistration.
Starts calling ContactMemberServices#sendMessage in RegistrationServicesImpl#removeRegistration.
Finished calling ContactMemberServices#sendMessage in RegistrationServicesImpl#removeRegistration.
Starts calling BanManager#banUser in RegistrationServicesImpl#removeRegistration.
Finished calling BanManager#banUser in RegistrationServicesImpl#removeRegistration.
Exits RegistrationServicesImpl#removeRegistration method.
Enters RegistrationServicesImpl#getRegistration method.
Starts calling UserRetrieval#retrieveUser in RegistrationServicesImpl#getRegistration.
Finished calling UserRetrieval#retrieveUser in RegistrationServicesImpl#getRegistration.
Starts calling ProjectServices#getFullProjectData method.
Finished calling ProjectServices#getFullProjectData method.
Exists RegistrationServicesImpl#getRegistration method.
Enters RegistrationServicesImpl#registerForProject method.
Enters RegistrationServicesImpl#validateRegistration method.
Starts calling UserRetrieval#retrieveUser in RegistrationServicesImpl#validateRegistration.
Finished calling UserRetrieval#retrieveUser in RegistrationServicesImpl#validateRegistration.
Starts calling ProjectServices#getFullProjectData method.
Finished calling ProjectServices#getFullProjectData method.
Starts calling RegistrationValidator#validate method.
Finished calling RegistrationValidator#validate method.
Exits RegistrationServicesImpl#validateRegistration method.
Starts calling ResourceManager#removeResource in RegistrationServicesImpl#registerForProject.
Finished calling ResourceManager#removeResource in RegistrationServicesImpl#registerForProject.
Starts calling UserRetrieval#retrieveUser in RegistrationServicesImpl#registerForProject.
Finished calling UserRetrieval#retrieveUser in RegistrationServicesImpl#registerForProject.
Starts calling ResourceManager#updateResource in RegistrationServicesImpl#registerForProject.
Finished calling ResourceManager#updateResource in RegistrationServicesImpl#registerForProject.
Exits RegistrationServicesImpl#registerForProject method.
Enters RegistrationServicesImpl#removeRegistration method.
Starts calling UserRetrieval#retrieveUser in RegistrationServicesImpl#removeRegistration.
Finished calling UserRetrieval#retrieveUser in RegistrationServicesImpl#removeRegistration.
Starts calling ProjectServices#getFullProjectData in RegistrationServicesImpl#removeRegistration.
Finished calling ProjectServices#getFullProjectData in RegistrationServicesImpl#removeRegistration.
Starts calling TeamManager#findPositions method.
Finished calling TeamManager#findPositions method.
Starts calling TeamManager#getTeamFromPosition method.
Finished calling TeamManager#getTeamFromPosition method.
Starts calling ResourceManager#removeResource in RegistrationServicesImpl#removeRegistration.
Finished calling ResourceManager#removeResource in RegistrationServicesImpl#removeRegistration.
Starts calling TeamServices#removeMember in RegistrationServicesImpl#removeRegistration.
Finished calling TeamServices#removeTeam in RegistrationServicesImpl#removeRegistration.
Starts calling ContactMemberServices#sendMessage in RegistrationServicesImpl#removeRegistration.
Finished calling ContactMemberServices#sendMessage in RegistrationServicesImpl#removeRegistration.
Starts calling BanManager#banUser in RegistrationServicesImpl#removeRegistration.
Finished calling BanManager#banUser in RegistrationServicesImpl#removeRegistration.
Exits RegistrationServicesImpl#removeRegistration method.
Enters RegistrationServicesImpl#getRegistration method.
Starts calling UserRetrieval#retrieveUser in RegistrationServicesImpl#getRegistration.
Finished calling UserRetrieval#retrieveUser in RegistrationServicesImpl#getRegistration.
Starts calling ProjectServices#getFullProjectData method.
Finished calling ProjectServices#getFullProjectData method.
Exists RegistrationServicesImpl#getRegistration method.
Enters RegistrationServicesImpl#registerForProject method.
Enters RegistrationServicesImpl#validateRegistration method.
Starts calling UserRetrieval#retrieveUser in RegistrationServicesImpl#validateRegistration.
Finished calling UserRetrieval#retrieveUser in RegistrationServicesImpl#validateRegistration.
Starts calling ProjectServices#getFullProjectData method.
Finished calling ProjectServices#getFullProjectData method.
Starts calling RegistrationValidator#validate method.
Finished calling RegistrationValidator#validate method.
Exits RegistrationServicesImpl#validateRegistration method.
Starts calling ResourceManager#removeResource in RegistrationServicesImpl#registerForProject.
Finished calling ResourceManager#removeResource in RegistrationServicesImpl#registerForProject.
Starts calling UserRetrieval#retrieveUser in RegistrationServicesImpl#registerForProject.
Finished calling UserRetrieval#retrieveUser in RegistrationServicesImpl#registerForProject.
Starts calling ResourceManager#updateResource in RegistrationServicesImpl#registerForProject.
Finished calling ResourceManager#updateResource in RegistrationServicesImpl#registerForProject.
Exits RegistrationServicesImpl#registerForProject method.
Enters RegistrationServicesImpl#removeRegistration method.
Starts calling UserRetrieval#retrieveUser in RegistrationServicesImpl#removeRegistration.
Finished calling UserRetrieval#retrieveUser in RegistrationServicesImpl#removeRegistration.
Starts calling ProjectServices#getFullProjectData in RegistrationServicesImpl#removeRegistration.
Finished calling ProjectServices#getFullProjectData in RegistrationServicesImpl#removeRegistration.
Starts calling TeamManager#findPositions method.
Finished calling TeamManager#findPositions method.
Starts calling TeamManager#getTeamFromPosition method.
Finished calling TeamManager#getTeamFromPosition method.
Starts calling ResourceManager#removeResource in RegistrationServicesImpl#removeRegistration.
Finished calling ResourceManager#removeResource in RegistrationServicesImpl#removeRegistration.
Starts calling TeamServices#removeMember in RegistrationServicesImpl#removeRegistration.
Finished calling TeamServices#removeTeam in RegistrationServicesImpl#removeRegistration.
Starts calling ContactMemberServices#sendMessage in RegistrationServicesImpl#removeRegistration.
Finished calling ContactMemberServices#sendMessage in RegistrationServicesImpl#removeRegistration.
Starts calling BanManager#banUser in RegistrationServicesImpl#removeRegistration.
Finished calling BanManager#banUser in RegistrationServicesImpl#removeRegistration.
Exits RegistrationServicesImpl#removeRegistration method.
Enters RegistrationServicesImpl#getRegistration method.
Starts calling UserRetrieval#retrieveUser in RegistrationServicesImpl#getRegistration.
Finished calling UserRetrieval#retrieveUser in RegistrationServicesImpl#getRegistration.
Starts calling ProjectServices#getFullProjectData method.
Finished calling ProjectServices#getFullProjectData method.
Exists RegistrationServicesImpl#getRegistration method.
Enters RegistrationServicesImpl#registerForProject method.
Enters RegistrationServicesImpl#validateRegistration method.
Starts calling UserRetrieval#retrieveUser in RegistrationServicesImpl#validateRegistration.
Finished calling UserRetrieval#retrieveUser in RegistrationServicesImpl#validateRegistration.
Starts calling ProjectServices#getFullProjectData method.
Finished calling ProjectServices#getFullProjectData method.
Starts calling RegistrationValidator#validate method.
Finished calling RegistrationValidator#validate method.
Exits RegistrationServicesImpl#validateRegistration method.
Starts calling ResourceManager#removeResource in RegistrationServicesImpl#registerForProject.
Finished calling ResourceManager#removeResource in RegistrationServicesImpl#registerForProject.
Starts calling UserRetrieval#retrieveUser in RegistrationServicesImpl#registerForProject.
Finished calling UserRetrieval#retrieveUser in RegistrationServicesImpl#registerForProject.
Starts calling ResourceManager#updateResource in RegistrationServicesImpl#registerForProject.
Finished calling ResourceManager#updateResource in RegistrationServicesImpl#registerForProject.
Exits RegistrationServicesImpl#registerForProject method.
Enters RegistrationServicesImpl#removeRegistration method.
Starts calling UserRetrieval#retrieveUser in RegistrationServicesImpl#removeRegistration.
Finished calling UserRetrieval#retrieveUser in RegistrationServicesImpl#removeRegistration.
Starts calling ProjectServices#getFullProjectData in RegistrationServicesImpl#removeRegistration.
Finished calling ProjectServices#getFullProjectData in RegistrationServicesImpl#removeRegistration.
Starts calling TeamManager#findPositions method.
Finished calling TeamManager#findPositions method.
Starts calling TeamManager#getTeamFromPosition method.
Finished calling TeamManager#getTeamFromPosition method.
Starts calling ResourceManager#removeResource in RegistrationServicesImpl#removeRegistration.
Finished calling ResourceManager#removeResource in RegistrationServicesImpl#removeRegistration.
Starts calling TeamServices#removeMember in RegistrationServicesImpl#removeRegistration.
Finished calling TeamServices#removeTeam in RegistrationServicesImpl#removeRegistration.
Starts calling ContactMemberServices#sendMessage in RegistrationServicesImpl#removeRegistration.
Finished calling ContactMemberServices#sendMessage in RegistrationServicesImpl#removeRegistration.
Starts calling BanManager#banUser in RegistrationServicesImpl#removeRegistration.
Finished calling BanManager#banUser in RegistrationServicesImpl#removeRegistration.
Exits RegistrationServicesImpl#removeRegistration method.
Enters RegistrationServicesImpl#getRegistration method.
Starts calling UserRetrieval#retrieveUser in RegistrationServicesImpl#getRegistration.
Finished calling UserRetrieval#retrieveUser in RegistrationServicesImpl#getRegistration.
Starts calling ProjectServices#getFullProjectData method.
Finished calling ProjectServices#getFullProjectData method.
Exists RegistrationServicesImpl#getRegistration method.
Enters RegistrationServicesImpl#registerForProject method.
Enters RegistrationServicesImpl#validateRegistration method.
Starts calling UserRetrieval#retrieveUser in RegistrationServicesImpl#validateRegistration.
Finished calling UserRetrieval#retrieveUser in RegistrationServicesImpl#validateRegistration.
Starts calling ProjectServices#getFullProjectData method.
Finished calling ProjectServices#getFullProjectData method.
Starts calling RegistrationValidator#validate method.
Finished calling RegistrationValidator#validate method.
Exits RegistrationServicesImpl#validateRegistration method.
Starts calling ResourceManager#removeResource in RegistrationServicesImpl#registerForProject.
Finished calling ResourceManager#removeResource in RegistrationServicesImpl#registerForProject.
Starts calling UserRetrieval#retrieveUser in RegistrationServicesImpl#registerForProject.
Finished calling UserRetrieval#retrieveUser in RegistrationServicesImpl#registerForProject.
Starts calling ResourceManager#updateResource in RegistrationServicesImpl#registerForProject.
Finished calling ResourceManager#updateResource in RegistrationServicesImpl#registerForProject.
Exits RegistrationServicesImpl#registerForProject method.
Enters RegistrationServicesImpl#removeRegistration method.
Starts calling UserRetrieval#retrieveUser in RegistrationServicesImpl#removeRegistration.
Finished calling UserRetrieval#retrieveUser in RegistrationServicesImpl#removeRegistration.
Starts calling ProjectServices#getFullProjectData in RegistrationServicesImpl#removeRegistration.
Finished calling ProjectServices#getFullProjectData in RegistrationServicesImpl#removeRegistration.
Starts calling TeamManager#findPositions method.
Finished calling TeamManager#findPositions method.
Starts calling TeamManager#getTeamFromPosition method.
Finished calling TeamManager#getTeamFromPosition method.
Starts calling ResourceManager#removeResource in RegistrationServicesImpl#removeRegistration.
Finished calling ResourceManager#removeResource in RegistrationServicesImpl#removeRegistration.
Starts calling TeamServices#removeMember in RegistrationServicesImpl#removeRegistration.
Finished calling TeamServices#removeTeam in RegistrationServicesImpl#removeRegistration.
Starts calling ContactMemberServices#sendMessage in RegistrationServicesImpl#removeRegistration.
Finished calling ContactMemberServices#sendMessage in RegistrationServicesImpl#removeRegistration.
Starts calling BanManager#banUser in RegistrationServicesImpl#removeRegistration.
Finished calling BanManager#banUser in RegistrationServicesImpl#removeRegistration.
Exits RegistrationServicesImpl#removeRegistration method.
Enters RegistrationServicesImpl#getRegistration method.
Starts calling UserRetrieval#retrieveUser in RegistrationServicesImpl#getRegistration.
Finished calling UserRetrieval#retrieveUser in RegistrationServicesImpl#getRegistration.
Starts calling ProjectServices#getFullProjectData method.
Finished calling ProjectServices#getFullProjectData method.
Exists RegistrationServicesImpl#getRegistration method.
Enters RegistrationServicesImpl#registerForProject method.
Enters RegistrationServicesImpl#validateRegistration method.
Starts calling UserRetrieval#retrieveUser in RegistrationServicesImpl#validateRegistration.
Finished calling UserRetrieval#retrieveUser in RegistrationServicesImpl#validateRegistration.
Starts calling ProjectServices#getFullProjectData method.
Finished calling ProjectServices#getFullProjectData method.
Starts calling RegistrationValidator#validate method.
Finished calling RegistrationValidator#validate method.
Exits RegistrationServicesImpl#validateRegistration method.
Starts calling ResourceManager#removeResource in RegistrationServicesImpl#registerForProject.
Finished calling ResourceManager#removeResource in RegistrationServicesImpl#registerForProject.
Starts calling UserRetrieval#retrieveUser in RegistrationServicesImpl#registerForProject.
Finished calling UserRetrieval#retrieveUser in RegistrationServicesImpl#registerForProject.
Starts calling ResourceManager#updateResource in RegistrationServicesImpl#registerForProject.
Finished calling ResourceManager#updateResource in RegistrationServicesImpl#registerForProject.
Exits RegistrationServicesImpl#registerForProject method.
Enters RegistrationServicesImpl#removeRegistration method.
Starts calling UserRetrieval#retrieveUser in RegistrationServicesImpl#removeRegistration.
Finished calling UserRetrieval#retrieveUser in RegistrationServicesImpl#removeRegistration.
Starts calling ProjectServices#getFullProjectData in RegistrationServicesImpl#removeRegistration.
Finished calling ProjectServices#getFullProjectData in RegistrationServicesImpl#removeRegistration.
Starts calling TeamManager#findPositions method.
Finished calling TeamManager#findPositions method.
Starts calling TeamManager#getTeamFromPosition method.
Finished calling TeamManager#getTeamFromPosition method.
Starts calling ResourceManager#removeResource in RegistrationServicesImpl#removeRegistration.
Finished calling ResourceManager#removeResource in RegistrationServicesImpl#removeRegistration.
Starts calling TeamServices#removeMember in RegistrationServicesImpl#removeRegistration.
Finished calling TeamServices#removeTeam in RegistrationServicesImpl#removeRegistration.
Starts calling ContactMemberServices#sendMessage in RegistrationServicesImpl#removeRegistration.
Finished calling ContactMemberServices#sendMessage in RegistrationServicesImpl#removeRegistration.
Starts calling BanManager#banUser in RegistrationServicesImpl#removeRegistration.
Finished calling BanManager#banUser in RegistrationServicesImpl#removeRegistration.
Exits RegistrationServicesImpl#removeRegistration method.
Enters RegistrationServicesImpl#getRegistration method.
Starts calling UserRetrieval#retrieveUser in RegistrationServicesImpl#getRegistration.
Finished calling UserRetrieval#retrieveUser in RegistrationServicesImpl#getRegistration.
Starts calling ProjectServices#getFullProjectData method.
Finished calling ProjectServices#getFullProjectData method.
Exists RegistrationServicesImpl#getRegistration method.
Enters RegistrationServicesImpl#registerForProject method.
Enters RegistrationServicesImpl#validateRegistration method.
Starts calling UserRetrieval#retrieveUser in RegistrationServicesImpl#validateRegistration.
Finished calling UserRetrieval#retrieveUser in RegistrationServicesImpl#validateRegistration.
Starts calling ProjectServices#getFullProjectData method.
Finished calling ProjectServices#getFullProjectData method.
Starts calling RegistrationValidator#validate method.
Finished calling RegistrationValidator#validate method.
Exits RegistrationServicesImpl#validateRegistration method.
Starts calling ResourceManager#removeResource in RegistrationServicesImpl#registerForProject.
Finished calling ResourceManager#removeResource in RegistrationServicesImpl#registerForProject.
Starts calling UserRetrieval#retrieveUser in RegistrationServicesImpl#registerForProject.
Finished calling UserRetrieval#retrieveUser in RegistrationServicesImpl#registerForProject.
Starts calling ResourceManager#updateResource in RegistrationServicesImpl#registerForProject.
Finished calling ResourceManager#updateResource in RegistrationServicesImpl#registerForProject.
Exits RegistrationServicesImpl#registerForProject method.
Enters RegistrationServicesImpl#removeRegistration method.
Starts calling UserRetrieval#retrieveUser in RegistrationServicesImpl#removeRegistration.
Finished calling UserRetrieval#retrieveUser in RegistrationServicesImpl#removeRegistration.
Starts calling ProjectServices#getFullProjectData in RegistrationServicesImpl#removeRegistration.
Finished calling ProjectServices#getFullProjectData in RegistrationServicesImpl#removeRegistration.
Starts calling TeamManager#findPositions method.
Finished calling TeamManager#findPositions method.
Starts calling TeamManager#getTeamFromPosition method.
Finished calling TeamManager#getTeamFromPosition method.
Starts calling ResourceManager#removeResource in RegistrationServicesImpl#removeRegistration.
Finished calling ResourceManager#removeResource in RegistrationServicesImpl#removeRegistration.
Starts calling TeamServices#removeMember in RegistrationServicesImpl#removeRegistration.
Finished calling TeamServices#removeTeam in RegistrationServicesImpl#removeRegistration.
Starts calling ContactMemberServices#sendMessage in RegistrationServicesImpl#removeRegistration.
Finished calling ContactMemberServices#sendMessage in RegistrationServicesImpl#removeRegistration.
Starts calling BanManager#banUser in RegistrationServicesImpl#removeRegistration.
Finished calling BanManager#banUser in RegistrationServicesImpl#removeRegistration.
Exits RegistrationServicesImpl#removeRegistration method.
Enters RegistrationServicesImpl#getRegistration method.
Starts calling UserRetrieval#retrieveUser in RegistrationServicesImpl#getRegistration.
Finished calling UserRetrieval#retrieveUser in RegistrationServicesImpl#getRegistration.
Starts calling ProjectServices#getFullProjectData method.
Finished calling ProjectServices#getFullProjectData method.
Exists RegistrationServicesImpl#getRegistration method.
Enters RegistrationServicesImpl#registerForProject method.
Enters RegistrationServicesImpl#validateRegistration method.
Starts calling UserRetrieval#retrieveUser in RegistrationServicesImpl#validateRegistration.
Finished calling UserRetrieval#retrieveUser in RegistrationServicesImpl#validateRegistration.
Starts calling ProjectServices#getFullProjectData method.
Finished calling ProjectServices#getFullProjectData method.
Starts calling RegistrationValidator#validate method.
Finished calling RegistrationValidator#validate method.
Exits RegistrationServicesImpl#validateRegistration method.
Starts calling ResourceManager#removeResource in RegistrationServicesImpl#registerForProject.
Finished calling ResourceManager#removeResource in RegistrationServicesImpl#registerForProject.
Starts calling UserRetrieval#retrieveUser in RegistrationServicesImpl#registerForProject.
Finished calling UserRetrieval#retrieveUser in RegistrationServicesImpl#registerForProject.
Starts calling ResourceManager#updateResource in RegistrationServicesImpl#registerForProject.
Finished calling ResourceManager#updateResource in RegistrationServicesImpl#registerForProject.
Exits RegistrationServicesImpl#registerForProject method.
Enters RegistrationServicesImpl#removeRegistration method.
Starts calling UserRetrieval#retrieveUser in RegistrationServicesImpl#removeRegistration.
Finished calling UserRetrieval#retrieveUser in RegistrationServicesImpl#removeRegistration.
Starts calling ProjectServices#getFullProjectData in RegistrationServicesImpl#removeRegistration.
Finished calling ProjectServices#getFullProjectData in RegistrationServicesImpl#removeRegistration.
Starts calling TeamManager#findPositions method.
Finished calling TeamManager#findPositions method.
Starts calling TeamManager#getTeamFromPosition method.
Finished calling TeamManager#getTeamFromPosition method.
Starts calling ResourceManager#removeResource in RegistrationServicesImpl#removeRegistration.
Finished calling ResourceManager#removeResource in RegistrationServicesImpl#removeRegistration.
Starts calling TeamServices#removeMember in RegistrationServicesImpl#removeRegistration.
Finished calling TeamServices#removeTeam in RegistrationServicesImpl#removeRegistration.
Starts calling ContactMemberServices#sendMessage in RegistrationServicesImpl#removeRegistration.
Finished calling ContactMemberServices#sendMessage in RegistrationServicesImpl#removeRegistration.
Starts calling BanManager#banUser in RegistrationServicesImpl#removeRegistration.
Finished calling BanManager#banUser in RegistrationServicesImpl#removeRegistration.
Exits RegistrationServicesImpl#removeRegistration method.
Enters RegistrationServicesImpl#getRegistration method.
Starts calling UserRetrieval#retrieveUser in RegistrationServicesImpl#getRegistration.
Finished calling UserRetrieval#retrieveUser in RegistrationServicesImpl#getRegistration.
Starts calling ProjectServices#getFullProjectData method.
Finished calling ProjectServices#getFullProjectData method.
Exists RegistrationServicesImpl#getRegistration method.
Enters RegistrationServicesImpl#registerForProject method.
Enters RegistrationServicesImpl#validateRegistration method.
Starts calling UserRetrieval#retrieveUser in RegistrationServicesImpl#validateRegistration.
Finished calling UserRetrieval#retrieveUser in RegistrationServicesImpl#validateRegistration.
Starts calling ProjectServices#getFullProjectData method.
Finished calling ProjectServices#getFullProjectData method.
Starts calling RegistrationValidator#validate method.
Finished calling RegistrationValidator#validate method.
Exits RegistrationServicesImpl#validateRegistration method.
Starts calling ResourceManager#removeResource in RegistrationServicesImpl#registerForProject.
Finished calling ResourceManager#removeResource in RegistrationServicesImpl#registerForProject.
Starts calling UserRetrieval#retrieveUser in RegistrationServicesImpl#registerForProject.
Finished calling UserRetrieval#retrieveUser in RegistrationServicesImpl#registerForProject.
Starts calling ResourceManager#updateResource in RegistrationServicesImpl#registerForProject.
Finished calling ResourceManager#updateResource in RegistrationServicesImpl#registerForProject.
Exits RegistrationServicesImpl#registerForProject method.
Enters RegistrationServicesImpl#removeRegistration method.
Starts calling UserRetrieval#retrieveUser in RegistrationServicesImpl#removeRegistration.
Finished calling UserRetrieval#retrieveUser in RegistrationServicesImpl#removeRegistration.
Starts calling ProjectServices#getFullProjectData in RegistrationServicesImpl#removeRegistration.
Finished calling ProjectServices#getFullProjectData in RegistrationServicesImpl#removeRegistration.
Starts calling TeamManager#findPositions method.
Finished calling TeamManager#findPositions method.
Starts calling TeamManager#getTeamFromPosition method.
Finished calling TeamManager#getTeamFromPosition method.
Starts calling ResourceManager#removeResource in RegistrationServicesImpl#removeRegistration.
Finished calling ResourceManager#removeResource in RegistrationServicesImpl#removeRegistration.
Starts calling TeamServices#removeMember in RegistrationServicesImpl#removeRegistration.
Finished calling TeamServices#removeTeam in RegistrationServicesImpl#removeRegistration.
Starts calling ContactMemberServices#sendMessage in RegistrationServicesImpl#removeRegistration.
Finished calling ContactMemberServices#sendMessage in RegistrationServicesImpl#removeRegistration.
Starts calling BanManager#banUser in RegistrationServicesImpl#removeRegistration.
Finished calling BanManager#banUser in RegistrationServicesImpl#removeRegistration.
Exits RegistrationServicesImpl#removeRegistration method.
Enters RegistrationServicesImpl#getRegistration method.
Starts calling UserRetrieval#retrieveUser in RegistrationServicesImpl#getRegistration.
Finished calling UserRetrieval#retrieveUser in RegistrationServicesImpl#getRegistration.
Starts calling ProjectServices#getFullProjectData method.
Finished calling ProjectServices#getFullProjectData method.
Exists RegistrationServicesImpl#getRegistration method.
Enters RegistrationServicesImpl#registerForProject method.
Enters RegistrationServicesImpl#validateRegistration method.
Starts calling UserRetrieval#retrieveUser in RegistrationServicesImpl#validateRegistration.
Finished calling UserRetrieval#retrieveUser in RegistrationServicesImpl#validateRegistration.
Starts calling ProjectServices#getFullProjectData method.
Finished calling ProjectServices#getFullProjectData method.
Starts calling RegistrationValidator#validate method.
Finished calling RegistrationValidator#validate method.
Exits RegistrationServicesImpl#validateRegistration method.
Starts calling ResourceManager#removeResource in RegistrationServicesImpl#registerForProject.
Finished calling ResourceManager#removeResource in RegistrationServicesImpl#registerForProject.
Starts calling UserRetrieval#retrieveUser in RegistrationServicesImpl#registerForProject.
Finished calling UserRetrieval#retrieveUser in RegistrationServicesImpl#registerForProject.
Starts calling ResourceManager#updateResource in RegistrationServicesImpl#registerForProject.
Finished calling ResourceManager#updateResource in RegistrationServicesImpl#registerForProject.
Exits RegistrationServicesImpl#registerForProject method.
Enters RegistrationServicesImpl#removeRegistration method.
Starts calling UserRetrieval#retrieveUser in RegistrationServicesImpl#removeRegistration.
Finished calling UserRetrieval#retrieveUser in RegistrationServicesImpl#removeRegistration.
Starts calling ProjectServices#getFullProjectData in RegistrationServicesImpl#removeRegistration.
Finished calling ProjectServices#getFullProjectData in RegistrationServicesImpl#removeRegistration.
Starts calling TeamManager#findPositions method.
Finished calling TeamManager#findPositions method.
Starts calling TeamManager#getTeamFromPosition method.
Finished calling TeamManager#getTeamFromPosition method.
Starts calling ResourceManager#removeResource in RegistrationServicesImpl#removeRegistration.
Finished calling ResourceManager#removeResource in RegistrationServicesImpl#removeRegistration.
Starts calling TeamServices#removeMember in RegistrationServicesImpl#removeRegistration.
Finished calling TeamServices#removeTeam in RegistrationServicesImpl#removeRegistration.
Starts calling ContactMemberServices#sendMessage in RegistrationServicesImpl#removeRegistration.
Finished calling ContactMemberServices#sendMessage in RegistrationServicesImpl#removeRegistration.
Starts calling BanManager#banUser in RegistrationServicesImpl#removeRegistration.
Finished calling BanManager#banUser in RegistrationServicesImpl#removeRegistration.
Exits RegistrationServicesImpl#removeRegistration method.
Enters RegistrationServicesImpl#getRegistration method.
Starts calling UserRetrieval#retrieveUser in RegistrationServicesImpl#getRegistration.
Finished calling UserRetrieval#retrieveUser in RegistrationServicesImpl#getRegistration.
Starts calling ProjectServices#getFullProjectData method.
Finished calling ProjectServices#getFullProjectData method.
Exists RegistrationServicesImpl#getRegistration method.
Enters RegistrationServicesImpl#registerForProject method.
Enters RegistrationServicesImpl#validateRegistration method.
Starts calling UserRetrieval#retrieveUser in RegistrationServicesImpl#validateRegistration.
Finished calling UserRetrieval#retrieveUser in RegistrationServicesImpl#validateRegistration.
Starts calling ProjectServices#getFullProjectData method.
Finished calling ProjectServices#getFullProjectData method.
Starts calling RegistrationValidator#validate method.
Finished calling RegistrationValidator#validate method.
Exits RegistrationServicesImpl#validateRegistration method.
Starts calling ResourceManager#removeResource in RegistrationServicesImpl#registerForProject.
Finished calling ResourceManager#removeResource in RegistrationServicesImpl#registerForProject.
Starts calling UserRetrieval#retrieveUser in RegistrationServicesImpl#registerForProject.
Finished calling UserRetrieval#retrieveUser in RegistrationServicesImpl#registerForProject.
Starts calling ResourceManager#updateResource in RegistrationServicesImpl#registerForProject.
Finished calling ResourceManager#updateResource in RegistrationServicesImpl#registerForProject.
Exits RegistrationServicesImpl#registerForProject method.
Enters RegistrationServicesImpl#removeRegistration method.
Starts calling UserRetrieval#retrieveUser in RegistrationServicesImpl#removeRegistration.
Finished calling UserRetrieval#retrieveUser in RegistrationServicesImpl#removeRegistration.
Starts calling ProjectServices#getFullProjectData in RegistrationServicesImpl#removeRegistration.
Finished calling ProjectServices#getFullProjectData in RegistrationServicesImpl#removeRegistration.
Starts calling TeamManager#findPositions method.
Finished calling TeamManager#findPositions method.
Starts calling TeamManager#getTeamFromPosition method.
Finished calling TeamManager#getTeamFromPosition method.
Starts calling ResourceManager#removeResource in RegistrationServicesImpl#removeRegistration.
Finished calling ResourceManager#removeResource in RegistrationServicesImpl#removeRegistration.
Starts calling TeamServices#removeMember in RegistrationServicesImpl#removeRegistration.
Finished calling TeamServices#removeTeam in RegistrationServicesImpl#removeRegistration.
Starts calling ContactMemberServices#sendMessage in RegistrationServicesImpl#removeRegistration.
Finished calling ContactMemberServices#sendMessage in RegistrationServicesImpl#removeRegistration.
Starts calling BanManager#banUser in RegistrationServicesImpl#removeRegistration.
Finished calling BanManager#banUser in RegistrationServicesImpl#removeRegistration.
Exits RegistrationServicesImpl#removeRegistration method.
Enters RegistrationServicesImpl#getRegistration method.
Starts calling UserRetrieval#retrieveUser in RegistrationServicesImpl#getRegistration.
Finished calling UserRetrieval#retrieveUser in RegistrationServicesImpl#getRegistration.
Starts calling ProjectServices#getFullProjectData method.
Finished calling ProjectServices#getFullProjectData method.
Exists RegistrationServicesImpl#getRegistration method.
Enters RegistrationServicesImpl#registerForProject method.
Enters RegistrationServicesImpl#validateRegistration method.
Starts calling UserRetrieval#retrieveUser in RegistrationServicesImpl#validateRegistration.
Finished calling UserRetrieval#retrieveUser in RegistrationServicesImpl#validateRegistration.
Starts calling ProjectServices#getFullProjectData method.
Finished calling ProjectServices#getFullProjectData method.
Starts calling RegistrationValidator#validate method.
Finished calling RegistrationValidator#validate method.
Exits RegistrationServicesImpl#validateRegistration method.
Starts calling ResourceManager#removeResource in RegistrationServicesImpl#registerForProject.
Finished calling ResourceManager#removeResource in RegistrationServicesImpl#registerForProject.
Starts calling UserRetrieval#retrieveUser in RegistrationServicesImpl#registerForProject.
Finished calling UserRetrieval#retrieveUser in RegistrationServicesImpl#registerForProject.
Starts calling ResourceManager#updateResource in RegistrationServicesImpl#registerForProject.
Finished calling ResourceManager#updateResource in RegistrationServicesImpl#registerForProject.
Exits RegistrationServicesImpl#registerForProject method.
Enters RegistrationServicesImpl#removeRegistration method.
Starts calling UserRetrieval#retrieveUser in RegistrationServicesImpl#removeRegistration.
Finished calling UserRetrieval#retrieveUser in RegistrationServicesImpl#removeRegistration.
Starts calling ProjectServices#getFullProjectData in RegistrationServicesImpl#removeRegistration.
Finished calling ProjectServices#getFullProjectData in RegistrationServicesImpl#removeRegistration.
Starts calling TeamManager#findPositions method.
Finished calling TeamManager#findPositions method.
Starts calling TeamManager#getTeamFromPosition method.
Finished calling TeamManager#getTeamFromPosition method.
Starts calling ResourceManager#removeResource in RegistrationServicesImpl#removeRegistration.
Finished calling ResourceManager#removeResource in RegistrationServicesImpl#removeRegistration.
Starts calling TeamServices#removeMember in RegistrationServicesImpl#removeRegistration.
Finished calling TeamServices#removeTeam in RegistrationServicesImpl#removeRegistration.
Starts calling ContactMemberServices#sendMessage in RegistrationServicesImpl#removeRegistration.
Finished calling ContactMemberServices#sendMessage in RegistrationServicesImpl#removeRegistration.
Starts calling BanManager#banUser in RegistrationServicesImpl#removeRegistration.
Finished calling BanManager#banUser in RegistrationServicesImpl#removeRegistration.
Exits RegistrationServicesImpl#removeRegistration method.
Enters RegistrationServicesImpl#getRegistration method.
Starts calling UserRetrieval#retrieveUser in RegistrationServicesImpl#getRegistration.
Finished calling UserRetrieval#retrieveUser in RegistrationServicesImpl#getRegistration.
Starts calling ProjectServices#getFullProjectData method.
Finished calling ProjectServices#getFullProjectData method.
Exists RegistrationServicesImpl#getRegistration method.
Enters RegistrationServicesImpl#registerForProject method.
Enters RegistrationServicesImpl#validateRegistration method.
Starts calling UserRetrieval#retrieveUser in RegistrationServicesImpl#validateRegistration.
Finished calling UserRetrieval#retrieveUser in RegistrationServicesImpl#validateRegistration.
Starts calling ProjectServices#getFullProjectData method.
Finished calling ProjectServices#getFullProjectData method.
Starts calling RegistrationValidator#validate method.
Finished calling RegistrationValidator#validate method.
Exits RegistrationServicesImpl#validateRegistration method.
Starts calling ResourceManager#removeResource in RegistrationServicesImpl#registerForProject.
Finished calling ResourceManager#removeResource in RegistrationServicesImpl#registerForProject.
Starts calling UserRetrieval#retrieveUser in RegistrationServicesImpl#registerForProject.
Finished calling UserRetrieval#retrieveUser in RegistrationServicesImpl#registerForProject.
Starts calling ResourceManager#updateResource in RegistrationServicesImpl#registerForProject.
Finished calling ResourceManager#updateResource in RegistrationServicesImpl#registerForProject.
Exits RegistrationServicesImpl#registerForProject method.
Enters RegistrationServicesImpl#removeRegistration method.
Starts calling UserRetrieval#retrieveUser in RegistrationServicesImpl#removeRegistration.
Finished calling UserRetrieval#retrieveUser in RegistrationServicesImpl#removeRegistration.
Starts calling ProjectServices#getFullProjectData in RegistrationServicesImpl#removeRegistration.
Finished calling ProjectServices#getFullProjectData in RegistrationServicesImpl#removeRegistration.
Starts calling TeamManager#findPositions method.
Finished calling TeamManager#findPositions method.
Starts calling TeamManager#getTeamFromPosition method.
Finished calling TeamManager#getTeamFromPosition method.
Starts calling ResourceManager#removeResource in RegistrationServicesImpl#removeRegistration.
Finished calling ResourceManager#removeResource in RegistrationServicesImpl#removeRegistration.
Starts calling TeamServices#removeMember in RegistrationServicesImpl#removeRegistration.
Finished calling TeamServices#removeTeam in RegistrationServicesImpl#removeRegistration.
Starts calling ContactMemberServices#sendMessage in RegistrationServicesImpl#removeRegistration.
Finished calling ContactMemberServices#sendMessage in RegistrationServicesImpl#removeRegistration.
Starts calling BanManager#banUser in RegistrationServicesImpl#removeRegistration.
Finished calling BanManager#banUser in RegistrationServicesImpl#removeRegistration.
Exits RegistrationServicesImpl#removeRegistration method.
Enters RegistrationServicesImpl#getRegistration method.
Starts calling UserRetrieval#retrieveUser in RegistrationServicesImpl#getRegistration.
Finished calling UserRetrieval#retrieveUser in RegistrationServicesImpl#getRegistration.
Starts calling ProjectServices#getFullProjectData method.
Finished calling ProjectServices#getFullProjectData method.
Exists RegistrationServicesImpl#getRegistration method.
Enters RegistrationServicesImpl#registerForProject method.
Enters RegistrationServicesImpl#validateRegistration method.
Starts calling UserRetrieval#retrieveUser in RegistrationServicesImpl#validateRegistration.
Finished calling UserRetrieval#retrieveUser in RegistrationServicesImpl#validateRegistration.
Starts calling ProjectServices#getFullProjectData method.
Finished calling ProjectServices#getFullProjectData method.
Starts calling RegistrationValidator#validate method.
Finished calling RegistrationValidator#validate method.
Exits RegistrationServicesImpl#validateRegistration method.
Starts calling ResourceManager#removeResource in RegistrationServicesImpl#registerForProject.
Finished calling ResourceManager#removeResource in RegistrationServicesImpl#registerForProject.
Starts calling UserRetrieval#retrieveUser in RegistrationServicesImpl#registerForProject.
Finished calling UserRetrieval#retrieveUser in RegistrationServicesImpl#registerForProject.
Starts calling ResourceManager#updateResource in RegistrationServicesImpl#registerForProject.
Finished calling ResourceManager#updateResource in RegistrationServicesImpl#registerForProject.
Exits RegistrationServicesImpl#registerForProject method.
Enters RegistrationServicesImpl#removeRegistration method.
Starts calling UserRetrieval#retrieveUser in RegistrationServicesImpl#removeRegistration.
Finished calling UserRetrieval#retrieveUser in RegistrationServicesImpl#removeRegistration.
Starts calling ProjectServices#getFullProjectData in RegistrationServicesImpl#removeRegistration.
Finished calling ProjectServices#getFullProjectData in RegistrationServicesImpl#removeRegistration.
Starts calling TeamManager#findPositions method.
Finished calling TeamManager#findPositions method.
Starts calling TeamManager#getTeamFromPosition method.
Finished calling TeamManager#getTeamFromPosition method.
Starts calling ResourceManager#removeResource in RegistrationServicesImpl#removeRegistration.
Finished calling ResourceManager#removeResource in RegistrationServicesImpl#removeRegistration.
Starts calling TeamServices#removeMember in RegistrationServicesImpl#removeRegistration.
Finished calling TeamServices#removeTeam in RegistrationServicesImpl#removeRegistration.
Starts calling ContactMemberServices#sendMessage in RegistrationServicesImpl#removeRegistration.
Finished calling ContactMemberServices#sendMessage in RegistrationServicesImpl#removeRegistration.
Starts calling BanManager#banUser in RegistrationServicesImpl#removeRegistration.
Finished calling BanManager#banUser in RegistrationServicesImpl#removeRegistration.
Exits RegistrationServicesImpl#removeRegistration method.
Enters RegistrationServicesImpl#getRegistration method.
Starts calling UserRetrieval#retrieveUser in RegistrationServicesImpl#getRegistration.
Finished calling UserRetrieval#retrieveUser in RegistrationServicesImpl#getRegistration.
Starts calling ProjectServices#getFullProjectData method.
Finished calling ProjectServices#getFullProjectData method.
Exists RegistrationServicesImpl#getRegistration method.
Enters RegistrationServicesImpl#registerForProject method.
Enters RegistrationServicesImpl#validateRegistration method.
Starts calling UserRetrieval#retrieveUser in RegistrationServicesImpl#validateRegistration.
Finished calling UserRetrieval#retrieveUser in RegistrationServicesImpl#validateRegistration.
Starts calling ProjectServices#getFullProjectData method.
Finished calling ProjectServices#getFullProjectData method.
Starts calling RegistrationValidator#validate method.
Finished calling RegistrationValidator#validate method.
Exits RegistrationServicesImpl#validateRegistration method.
Starts calling ResourceManager#removeResource in RegistrationServicesImpl#registerForProject.
Finished calling ResourceManager#removeResource in RegistrationServicesImpl#registerForProject.
Starts calling UserRetrieval#retrieveUser in RegistrationServicesImpl#registerForProject.
Finished calling UserRetrieval#retrieveUser in RegistrationServicesImpl#registerForProject.
Starts calling ResourceManager#updateResource in RegistrationServicesImpl#registerForProject.
Finished calling ResourceManager#updateResource in RegistrationServicesImpl#registerForProject.
Exits RegistrationServicesImpl#registerForProject method.
Enters RegistrationServicesImpl#removeRegistration method.
Starts calling UserRetrieval#retrieveUser in RegistrationServicesImpl#removeRegistration.
Finished calling UserRetrieval#retrieveUser in RegistrationServicesImpl#removeRegistration.
Starts calling ProjectServices#getFullProjectData in RegistrationServicesImpl#removeRegistration.
Finished calling ProjectServices#getFullProjectData in RegistrationServicesImpl#removeRegistration.
Starts calling TeamManager#findPositions method.
Finished calling TeamManager#findPositions method.
Starts calling TeamManager#getTeamFromPosition method.
Finished calling TeamManager#getTeamFromPosition method.
Starts calling ResourceManager#removeResource in RegistrationServicesImpl#removeRegistration.
Finished calling ResourceManager#removeResource in RegistrationServicesImpl#removeRegistration.
Starts calling TeamServices#removeMember in RegistrationServicesImpl#removeRegistration.
Finished calling TeamServices#removeTeam in RegistrationServicesImpl#removeRegistration.
Starts calling ContactMemberServices#sendMessage in RegistrationServicesImpl#removeRegistration.
Finished calling ContactMemberServices#sendMessage in RegistrationServicesImpl#removeRegistration.
Starts calling BanManager#banUser in RegistrationServicesImpl#removeRegistration.
Finished calling BanManager#banUser in RegistrationServicesImpl#removeRegistration.
Exits RegistrationServicesImpl#removeRegistration method.
Enters RegistrationServicesImpl#getRegistration method.
Starts calling UserRetrieval#retrieveUser in RegistrationServicesImpl#getRegistration.
Finished calling UserRetrieval#retrieveUser in RegistrationServicesImpl#getRegistration.
Starts calling ProjectServices#getFullProjectData method.
Finished calling ProjectServices#getFullProjectData method.
Exists RegistrationServicesImpl#getRegistration method.
Enters RegistrationServicesImpl#registerForProject method.
Enters RegistrationServicesImpl#validateRegistration method.
Starts calling UserRetrieval#retrieveUser in RegistrationServicesImpl#validateRegistration.
Finished calling UserRetrieval#retrieveUser in RegistrationServicesImpl#validateRegistration.
Starts calling ProjectServices#getFullProjectData method.
Finished calling ProjectServices#getFullProjectData method.
Starts calling RegistrationValidator#validate method.
Finished calling RegistrationValidator#validate method.
Exits RegistrationServicesImpl#validateRegistration method.
Starts calling ResourceManager#removeResource in RegistrationServicesImpl#registerForProject.
Finished calling ResourceManager#removeResource in RegistrationServicesImpl#registerForProject.
Starts calling UserRetrieval#retrieveUser in RegistrationServicesImpl#registerForProject.
Finished calling UserRetrieval#retrieveUser in RegistrationServicesImpl#registerForProject.
Starts calling ResourceManager#updateResource in RegistrationServicesImpl#registerForProject.
Finished calling ResourceManager#updateResource in RegistrationServicesImpl#registerForProject.
Exits RegistrationServicesImpl#registerForProject method.
Enters RegistrationServicesImpl#removeRegistration method.
Starts calling UserRetrieval#retrieveUser in RegistrationServicesImpl#removeRegistration.
Finished calling UserRetrieval#retrieveUser in RegistrationServicesImpl#removeRegistration.
Starts calling ProjectServices#getFullProjectData in RegistrationServicesImpl#removeRegistration.
Finished calling ProjectServices#getFullProjectData in RegistrationServicesImpl#removeRegistration.
Starts calling TeamManager#findPositions method.
Finished calling TeamManager#findPositions method.
Starts calling TeamManager#getTeamFromPosition method.
Finished calling TeamManager#getTeamFromPosition method.
Starts calling ResourceManager#removeResource in RegistrationServicesImpl#removeRegistration.
Finished calling ResourceManager#removeResource in RegistrationServicesImpl#removeRegistration.
Starts calling TeamServices#removeMember in RegistrationServicesImpl#removeRegistration.
Finished calling TeamServices#removeTeam in RegistrationServicesImpl#removeRegistration.
Starts calling ContactMemberServices#sendMessage in RegistrationServicesImpl#removeRegistration.
Finished calling ContactMemberServices#sendMessage in RegistrationServicesImpl#removeRegistration.
Starts calling BanManager#banUser in RegistrationServicesImpl#removeRegistration.
Finished calling BanManager#banUser in RegistrationServicesImpl#removeRegistration.
Exits RegistrationServicesImpl#removeRegistration method.
Enters RegistrationServicesImpl#getRegistration method.
Starts calling UserRetrieval#retrieveUser in RegistrationServicesImpl#getRegistration.
Finished calling UserRetrieval#retrieveUser in RegistrationServicesImpl#getRegistration.
Starts calling ProjectServices#getFullProjectData method.
Finished calling ProjectServices#getFullProjectData method.
Exists RegistrationServicesImpl#getRegistration method.
Enters RegistrationServicesImpl#registerForProject method.
Enters RegistrationServicesImpl#validateRegistration method.
Starts calling UserRetrieval#retrieveUser in RegistrationServicesImpl#validateRegistration.
Finished calling UserRetrieval#retrieveUser in RegistrationServicesImpl#validateRegistration.
Starts calling ProjectServices#getFullProjectData method.
Finished calling ProjectServices#getFullProjectData method.
Starts calling RegistrationValidator#validate method.
Finished calling RegistrationValidator#validate method.
Exits RegistrationServicesImpl#validateRegistration method.
Starts calling ResourceManager#removeResource in RegistrationServicesImpl#registerForProject.
Finished calling ResourceManager#removeResource in RegistrationServicesImpl#registerForProject.
Starts calling UserRetrieval#retrieveUser in RegistrationServicesImpl#registerForProject.
Finished calling UserRetrieval#retrieveUser in RegistrationServicesImpl#registerForProject.
Starts calling ResourceManager#updateResource in RegistrationServicesImpl#registerForProject.
Finished calling ResourceManager#updateResource in RegistrationServicesImpl#registerForProject.
Exits RegistrationServicesImpl#registerForProject method.
Enters RegistrationServicesImpl#removeRegistration method.
Starts calling UserRetrieval#retrieveUser in RegistrationServicesImpl#removeRegistration.
Finished calling UserRetrieval#retrieveUser in RegistrationServicesImpl#removeRegistration.
Starts calling ProjectServices#getFullProjectData in RegistrationServicesImpl#removeRegistration.
Finished calling ProjectServices#getFullProjectData in RegistrationServicesImpl#removeRegistration.
Starts calling TeamManager#findPositions method.
Finished calling TeamManager#findPositions method.
Starts calling TeamManager#getTeamFromPosition method.
Finished calling TeamManager#getTeamFromPosition method.
Starts calling ResourceManager#removeResource in RegistrationServicesImpl#removeRegistration.
Finished calling ResourceManager#removeResource in RegistrationServicesImpl#removeRegistration.
Starts calling TeamServices#removeMember in RegistrationServicesImpl#removeRegistration.
Finished calling TeamServices#removeTeam in RegistrationServicesImpl#removeRegistration.
Starts calling ContactMemberServices#sendMessage in RegistrationServicesImpl#removeRegistration.
Finished calling ContactMemberServices#sendMessage in RegistrationServicesImpl#removeRegistration.
Starts calling BanManager#banUser in RegistrationServicesImpl#removeRegistration.
Finished calling BanManager#banUser in RegistrationServicesImpl#removeRegistration.
Exits RegistrationServicesImpl#removeRegistration method.
Enters RegistrationServicesImpl#getRegistration method.
Starts calling UserRetrieval#retrieveUser in RegistrationServicesImpl#getRegistration.
Finished calling UserRetrieval#retrieveUser in RegistrationServicesImpl#getRegistration.
Starts calling ProjectServices#getFullProjectData method.
Finished calling ProjectServices#getFullProjectData method.
Exists RegistrationServicesImpl#getRegistration method.
Enters RegistrationServicesImpl#registerForProject method.
Enters RegistrationServicesImpl#validateRegistration method.
Starts calling UserRetrieval#retrieveUser in RegistrationServicesImpl#validateRegistration.
Finished calling UserRetrieval#retrieveUser in RegistrationServicesImpl#validateRegistration.
Starts calling ProjectServices#getFullProjectData method.
Finished calling ProjectServices#getFullProjectData method.
Starts calling RegistrationValidator#validate method.
Finished calling RegistrationValidator#validate method.
Exits RegistrationServicesImpl#validateRegistration method.
Starts calling ResourceManager#removeResource in RegistrationServicesImpl#registerForProject.
Finished calling ResourceManager#removeResource in RegistrationServicesImpl#registerForProject.
Starts calling UserRetrieval#retrieveUser in RegistrationServicesImpl#registerForProject.
Finished calling UserRetrieval#retrieveUser in RegistrationServicesImpl#registerForProject.
Starts calling ResourceManager#updateResource in RegistrationServicesImpl#registerForProject.
Finished calling ResourceManager#updateResource in RegistrationServicesImpl#registerForProject.
Exits RegistrationServicesImpl#registerForProject method.
Enters RegistrationServicesImpl#removeRegistration method.
Starts calling UserRetrieval#retrieveUser in RegistrationServicesImpl#removeRegistration.
Finished calling UserRetrieval#retrieveUser in RegistrationServicesImpl#removeRegistration.
Starts calling ProjectServices#getFullProjectData in RegistrationServicesImpl#removeRegistration.
Finished calling ProjectServices#getFullProjectData in RegistrationServicesImpl#removeRegistration.
Starts calling TeamManager#findPositions method.
Finished calling TeamManager#findPositions method.
Starts calling TeamManager#getTeamFromPosition method.
Finished calling TeamManager#getTeamFromPosition method.
Starts calling ResourceManager#removeResource in RegistrationServicesImpl#removeRegistration.
Finished calling ResourceManager#removeResource in RegistrationServicesImpl#removeRegistration.
Starts calling TeamServices#removeMember in RegistrationServicesImpl#removeRegistration.
Finished calling TeamServices#removeTeam in RegistrationServicesImpl#removeRegistration.
Starts calling ContactMemberServices#sendMessage in RegistrationServicesImpl#removeRegistration.
Finished calling ContactMemberServices#sendMessage in RegistrationServicesImpl#removeRegistration.
Starts calling BanManager#banUser in RegistrationServicesImpl#removeRegistration.
Finished calling BanManager#banUser in RegistrationServicesImpl#removeRegistration.
Exits RegistrationServicesImpl#removeRegistration method.
Enters RegistrationServicesImpl#getRegistration method.
Starts calling UserRetrieval#retrieveUser in RegistrationServicesImpl#getRegistration.
Finished calling UserRetrieval#retrieveUser in RegistrationServicesImpl#getRegistration.
Starts calling ProjectServices#getFullProjectData method.
Finished calling ProjectServices#getFullProjectData method.
Exists RegistrationServicesImpl#getRegistration method.
Enters RegistrationServicesImpl#registerForProject method.
Enters RegistrationServicesImpl#validateRegistration method.
Starts calling UserRetrieval#retrieveUser in RegistrationServicesImpl#validateRegistration.
Finished calling UserRetrieval#retrieveUser in RegistrationServicesImpl#validateRegistration.
Starts calling ProjectServices#getFullProjectData method.
Finished calling ProjectServices#getFullProjectData method.
Starts calling RegistrationValidator#validate method.
Finished calling RegistrationValidator#validate method.
Exits RegistrationServicesImpl#validateRegistration method.
Starts calling ResourceManager#removeResource in RegistrationServicesImpl#registerForProject.
Finished calling ResourceManager#removeResource in RegistrationServicesImpl#registerForProject.
Starts calling UserRetrieval#retrieveUser in RegistrationServicesImpl#registerForProject.
Finished calling UserRetrieval#retrieveUser in RegistrationServicesImpl#registerForProject.
Starts calling ResourceManager#updateResource in RegistrationServicesImpl#registerForProject.
Finished calling ResourceManager#updateResource in RegistrationServicesImpl#registerForProject.
Exits RegistrationServicesImpl#registerForProject method.
Enters RegistrationServicesImpl#removeRegistration method.
Starts calling UserRetrieval#retrieveUser in RegistrationServicesImpl#removeRegistration.
Finished calling UserRetrieval#retrieveUser in RegistrationServicesImpl#removeRegistration.
Starts calling ProjectServices#getFullProjectData in RegistrationServicesImpl#removeRegistration.
Finished calling ProjectServices#getFullProjectData in RegistrationServicesImpl#removeRegistration.
Starts calling TeamManager#findPositions method.
Finished calling TeamManager#findPositions method.
Starts calling TeamManager#getTeamFromPosition method.
Finished calling TeamManager#getTeamFromPosition method.
Starts calling ResourceManager#removeResource in RegistrationServicesImpl#removeRegistration.
Finished calling ResourceManager#removeResource in RegistrationServicesImpl#removeRegistration.
Starts calling TeamServices#removeMember in RegistrationServicesImpl#removeRegistration.
Finished calling TeamServices#removeTeam in RegistrationServicesImpl#removeRegistration.
Starts calling ContactMemberServices#sendMessage in RegistrationServicesImpl#removeRegistration.
Finished calling ContactMemberServices#sendMessage in RegistrationServicesImpl#removeRegistration.
Starts calling BanManager#banUser in RegistrationServicesImpl#removeRegistration.
Finished calling BanManager#banUser in RegistrationServicesImpl#removeRegistration.
Exits RegistrationServicesImpl#removeRegistration method.
Enters RegistrationServicesImpl#getRegistration method.
Starts calling UserRetrieval#retrieveUser in RegistrationServicesImpl#getRegistration.
Finished calling UserRetrieval#retrieveUser in RegistrationServicesImpl#getRegistration.
Starts calling ProjectServices#getFullProjectData method.
Finished calling ProjectServices#getFullProjectData method.
Exists RegistrationServicesImpl#getRegistration method.
Enters RegistrationServicesImpl#registerForProject method.
Enters RegistrationServicesImpl#validateRegistration method.
Starts calling UserRetrieval#retrieveUser in RegistrationServicesImpl#validateRegistration.
Finished calling UserRetrieval#retrieveUser in RegistrationServicesImpl#validateRegistration.
Starts calling ProjectServices#getFullProjectData method.
Finished calling ProjectServices#getFullProjectData method.
Starts calling RegistrationValidator#validate method.
Finished calling RegistrationValidator#validate method.
Exits RegistrationServicesImpl#validateRegistration method.
Starts calling ResourceManager#removeResource in RegistrationServicesImpl#registerForProject.
Finished calling ResourceManager#removeResource in RegistrationServicesImpl#registerForProject.
Starts calling UserRetrieval#retrieveUser in RegistrationServicesImpl#registerForProject.
Finished calling UserRetrieval#retrieveUser in RegistrationServicesImpl#registerForProject.
Starts calling ResourceManager#updateResource in RegistrationServicesImpl#registerForProject.
Finished calling ResourceManager#updateResource in RegistrationServicesImpl#registerForProject.
Exits RegistrationServicesImpl#registerForProject method.
Enters RegistrationServicesImpl#removeRegistration method.
Starts calling UserRetrieval#retrieveUser in RegistrationServicesImpl#removeRegistration.
Finished calling UserRetrieval#retrieveUser in RegistrationServicesImpl#removeRegistration.
Starts calling ProjectServices#getFullProjectData in RegistrationServicesImpl#removeRegistration.
Finished calling ProjectServices#getFullProjectData in RegistrationServicesImpl#removeRegistration.
Starts calling TeamManager#findPositions method.
Finished calling TeamManager#findPositions method.
Starts calling TeamManager#getTeamFromPosition method.
Finished calling TeamManager#getTeamFromPosition method.
Starts calling ResourceManager#removeResource in RegistrationServicesImpl#removeRegistration.
Finished calling ResourceManager#removeResource in RegistrationServicesImpl#removeRegistration.
Starts calling TeamServices#removeMember in RegistrationServicesImpl#removeRegistration.
Finished calling TeamServices#removeTeam in RegistrationServicesImpl#removeRegistration.
Starts calling ContactMemberServices#sendMessage in RegistrationServicesImpl#removeRegistration.
Finished calling ContactMemberServices#sendMessage in RegistrationServicesImpl#removeRegistration.
Starts calling BanManager#banUser in RegistrationServicesImpl#removeRegistration.
Finished calling BanManager#banUser in RegistrationServicesImpl#removeRegistration.
Exits RegistrationServicesImpl#removeRegistration method.
Enters RegistrationServicesImpl#getRegistration method.
Starts calling UserRetrieval#retrieveUser in RegistrationServicesImpl#getRegistration.
Finished calling UserRetrieval#retrieveUser in RegistrationServicesImpl#getRegistration.
Starts calling ProjectServices#getFullProjectData method.
Finished calling ProjectServices#getFullProjectData method.
Exists RegistrationServicesImpl#getRegistration method.
Enters RegistrationServicesImpl#registerForProject method.
Enters RegistrationServicesImpl#validateRegistration method.
Starts calling UserRetrieval#retrieveUser in RegistrationServicesImpl#validateRegistration.
Finished calling UserRetrieval#retrieveUser in RegistrationServicesImpl#validateRegistration.
Starts calling ProjectServices#getFullProjectData method.
Finished calling ProjectServices#getFullProjectData method.
Starts calling RegistrationValidator#validate method.
Finished calling RegistrationValidator#validate method.
Exits RegistrationServicesImpl#validateRegistration method.
Starts calling ResourceManager#removeResource in RegistrationServicesImpl#registerForProject.
Finished calling ResourceManager#removeResource in RegistrationServicesImpl#registerForProject.
Starts calling UserRetrieval#retrieveUser in RegistrationServicesImpl#registerForProject.
Finished calling UserRetrieval#retrieveUser in RegistrationServicesImpl#registerForProject.
Starts calling ResourceManager#updateResource in RegistrationServicesImpl#registerForProject.
Finished calling ResourceManager#updateResource in RegistrationServicesImpl#registerForProject.
Exits RegistrationServicesImpl#registerForProject method.
Enters RegistrationServicesImpl#removeRegistration method.
Starts calling UserRetrieval#retrieveUser in RegistrationServicesImpl#removeRegistration.
Finished calling UserRetrieval#retrieveUser in RegistrationServicesImpl#removeRegistration.
Starts calling ProjectServices#getFullProjectData in RegistrationServicesImpl#removeRegistration.
Finished calling ProjectServices#getFullProjectData in RegistrationServicesImpl#removeRegistration.
Starts calling TeamManager#findPositions method.
Finished calling TeamManager#findPositions method.
Starts calling TeamManager#getTeamFromPosition method.
Finished calling TeamManager#getTeamFromPosition method.
Starts calling ResourceManager#removeResource in RegistrationServicesImpl#removeRegistration.
Finished calling ResourceManager#removeResource in RegistrationServicesImpl#removeRegistration.
Starts calling TeamServices#removeMember in RegistrationServicesImpl#removeRegistration.
Finished calling TeamServices#removeTeam in RegistrationServicesImpl#removeRegistration.
Starts calling ContactMemberServices#sendMessage in RegistrationServicesImpl#removeRegistration.
Finished calling ContactMemberServices#sendMessage in RegistrationServicesImpl#removeRegistration.
Starts calling BanManager#banUser in RegistrationServicesImpl#removeRegistration.
Finished calling BanManager#banUser in RegistrationServicesImpl#removeRegistration.
Exits RegistrationServicesImpl#removeRegistration method.
Enters RegistrationServicesImpl#getRegistration method.
Starts calling UserRetrieval#retrieveUser in RegistrationServicesImpl#getRegistration.
Finished calling UserRetrieval#retrieveUser in RegistrationServicesImpl#getRegistration.
Starts calling ProjectServices#getFullProjectData method.
Finished calling ProjectServices#getFullProjectData method.
Exists RegistrationServicesImpl#getRegistration method.
Enters RegistrationServicesImpl#registerForProject method.
Enters RegistrationServicesImpl#validateRegistration method.
Starts calling UserRetrieval#retrieveUser in RegistrationServicesImpl#validateRegistration.
Finished calling UserRetrieval#retrieveUser in RegistrationServicesImpl#validateRegistration.
Starts calling ProjectServices#getFullProjectData method.
Finished calling ProjectServices#getFullProjectData method.
Starts calling RegistrationValidator#validate method.
Finished calling RegistrationValidator#validate method.
Exits RegistrationServicesImpl#validateRegistration method.
Starts calling ResourceManager#removeResource in RegistrationServicesImpl#registerForProject.
Finished calling ResourceManager#removeResource in RegistrationServicesImpl#registerForProject.
Starts calling UserRetrieval#retrieveUser in RegistrationServicesImpl#registerForProject.
Finished calling UserRetrieval#retrieveUser in RegistrationServicesImpl#registerForProject.
Starts calling ResourceManager#updateResource in RegistrationServicesImpl#registerForProject.
Finished calling ResourceManager#updateResource in RegistrationServicesImpl#registerForProject.
Exits RegistrationServicesImpl#registerForProject method.
Enters RegistrationServicesImpl#removeRegistration method.
Starts calling UserRetrieval#retrieveUser in RegistrationServicesImpl#removeRegistration.
Finished calling UserRetrieval#retrieveUser in RegistrationServicesImpl#removeRegistration.
Starts calling ProjectServices#getFullProjectData in RegistrationServicesImpl#removeRegistration.
Finished calling ProjectServices#getFullProjectData in RegistrationServicesImpl#removeRegistration.
Starts calling TeamManager#findPositions method.
Finished calling TeamManager#findPositions method.
Starts calling TeamManager#getTeamFromPosition method.
Finished calling TeamManager#getTeamFromPosition method.
Starts calling ResourceManager#removeResource in RegistrationServicesImpl#removeRegistration.
Finished calling ResourceManager#removeResource in RegistrationServicesImpl#removeRegistration.
Starts calling TeamServices#removeMember in RegistrationServicesImpl#removeRegistration.
Finished calling TeamServices#removeTeam in RegistrationServicesImpl#removeRegistration.
Starts calling ContactMemberServices#sendMessage in RegistrationServicesImpl#removeRegistration.
Finished calling ContactMemberServices#sendMessage in RegistrationServicesImpl#removeRegistration.
Starts calling BanManager#banUser in RegistrationServicesImpl#removeRegistration.
Finished calling BanManager#banUser in RegistrationServicesImpl#removeRegistration.
Exits RegistrationServicesImpl#removeRegistration method.
Enters RegistrationServicesImpl#getRegistration method.
Starts calling UserRetrieval#retrieveUser in RegistrationServicesImpl#getRegistration.
Finished calling UserRetrieval#retrieveUser in RegistrationServicesImpl#getRegistration.
Starts calling ProjectServices#getFullProjectData method.
Finished calling ProjectServices#getFullProjectData method.
Exists RegistrationServicesImpl#getRegistration method.
Enters RegistrationServicesImpl#registerForProject method.
Enters RegistrationServicesImpl#validateRegistration method.
Starts calling UserRetrieval#retrieveUser in RegistrationServicesImpl#validateRegistration.
Finished calling UserRetrieval#retrieveUser in RegistrationServicesImpl#validateRegistration.
Starts calling ProjectServices#getFullProjectData method.
Finished calling ProjectServices#getFullProjectData method.
Starts calling RegistrationValidator#validate method.
Finished calling RegistrationValidator#validate method.
Exits RegistrationServicesImpl#validateRegistration method.
Starts calling ResourceManager#removeResource in RegistrationServicesImpl#registerForProject.
Finished calling ResourceManager#removeResource in RegistrationServicesImpl#registerForProject.
Starts calling UserRetrieval#retrieveUser in RegistrationServicesImpl#registerForProject.
Finished calling UserRetrieval#retrieveUser in RegistrationServicesImpl#registerForProject.
Starts calling ResourceManager#updateResource in RegistrationServicesImpl#registerForProject.
Finished calling ResourceManager#updateResource in RegistrationServicesImpl#registerForProject.
Exits RegistrationServicesImpl#registerForProject method.
Enters RegistrationServicesImpl#removeRegistration method.
Starts calling UserRetrieval#retrieveUser in RegistrationServicesImpl#removeRegistration.
Finished calling UserRetrieval#retrieveUser in RegistrationServicesImpl#removeRegistration.
Starts calling ProjectServices#getFullProjectData in RegistrationServicesImpl#removeRegistration.
Finished calling ProjectServices#getFullProjectData in RegistrationServicesImpl#removeRegistration.
Starts calling TeamManager#findPositions method.
Finished calling TeamManager#findPositions method.
Starts calling TeamManager#getTeamFromPosition method.
Finished calling TeamManager#getTeamFromPosition method.
Starts calling ResourceManager#removeResource in RegistrationServicesImpl#removeRegistration.
Finished calling ResourceManager#removeResource in RegistrationServicesImpl#removeRegistration.
Starts calling TeamServices#removeMember in RegistrationServicesImpl#removeRegistration.
Finished calling TeamServices#removeTeam in RegistrationServicesImpl#removeRegistration.
Starts calling ContactMemberServices#sendMessage in RegistrationServicesImpl#removeRegistration.
Finished calling ContactMemberServices#sendMessage in RegistrationServicesImpl#removeRegistration.
Starts calling BanManager#banUser in RegistrationServicesImpl#removeRegistration.
Finished calling BanManager#banUser in RegistrationServicesImpl#removeRegistration.
Exits RegistrationServicesImpl#removeRegistration method.
Enters RegistrationServicesImpl#getRegistration method.
Starts calling UserRetrieval#retrieveUser in RegistrationServicesImpl#getRegistration.
Finished calling UserRetrieval#retrieveUser in RegistrationServicesImpl#getRegistration.
Starts calling ProjectServices#getFullProjectData method.
Finished calling ProjectServices#getFullProjectData method.
Exists RegistrationServicesImpl#getRegistration method.
Enters RegistrationServicesImpl#registerForProject method.
Enters RegistrationServicesImpl#validateRegistration method.
Starts calling UserRetrieval#retrieveUser in RegistrationServicesImpl#validateRegistration.
Finished calling UserRetrieval#retrieveUser in RegistrationServicesImpl#validateRegistration.
Starts calling ProjectServices#getFullProjectData method.
Finished calling ProjectServices#getFullProjectData method.
Starts calling RegistrationValidator#validate method.
Finished calling RegistrationValidator#validate method.
Exits RegistrationServicesImpl#validateRegistration method.
Starts calling ResourceManager#removeResource in RegistrationServicesImpl#registerForProject.
Finished calling ResourceManager#removeResource in RegistrationServicesImpl#registerForProject.
Starts calling UserRetrieval#retrieveUser in RegistrationServicesImpl#registerForProject.
Finished calling UserRetrieval#retrieveUser in RegistrationServicesImpl#registerForProject.
Starts calling ResourceManager#updateResource in RegistrationServicesImpl#registerForProject.
Finished calling ResourceManager#updateResource in RegistrationServicesImpl#registerForProject.
Exits RegistrationServicesImpl#registerForProject method.
Enters RegistrationServicesImpl#removeRegistration method.
Starts calling UserRetrieval#retrieveUser in RegistrationServicesImpl#removeRegistration.
Finished calling UserRetrieval#retrieveUser in RegistrationServicesImpl#removeRegistration.
Starts calling ProjectServices#getFullProjectData in RegistrationServicesImpl#removeRegistration.
Finished calling ProjectServices#getFullProjectData in RegistrationServicesImpl#removeRegistration.
Starts calling TeamManager#findPositions method.
Finished calling TeamManager#findPositions method.
Starts calling TeamManager#getTeamFromPosition method.
Finished calling TeamManager#getTeamFromPosition method.
Starts calling ResourceManager#removeResource in RegistrationServicesImpl#removeRegistration.
Finished calling ResourceManager#removeResource in RegistrationServicesImpl#removeRegistration.
Starts calling TeamServices#removeMember in RegistrationServicesImpl#removeRegistration.
Finished calling TeamServices#removeTeam in RegistrationServicesImpl#removeRegistration.
Starts calling ContactMemberServices#sendMessage in RegistrationServicesImpl#removeRegistration.
Finished calling ContactMemberServices#sendMessage in RegistrationServicesImpl#removeRegistration.
Starts calling BanManager#banUser in RegistrationServicesImpl#removeRegistration.
Finished calling BanManager#banUser in RegistrationServicesImpl#removeRegistration.
Exits RegistrationServicesImpl#removeRegistration method.
Enters RegistrationServicesImpl#getRegistration method.
Starts calling UserRetrieval#retrieveUser in RegistrationServicesImpl#getRegistration.
Finished calling UserRetrieval#retrieveUser in RegistrationServicesImpl#getRegistration.
Starts calling ProjectServices#getFullProjectData method.
Finished calling ProjectServices#getFullProjectData method.
Exists RegistrationServicesImpl#getRegistration method.
Enters RegistrationServicesImpl#registerForProject method.
Enters RegistrationServicesImpl#validateRegistration method.
Starts calling UserRetrieval#retrieveUser in RegistrationServicesImpl#validateRegistration.
Finished calling UserRetrieval#retrieveUser in RegistrationServicesImpl#validateRegistration.
Starts calling ProjectServices#getFullProjectData method.
Finished calling ProjectServices#getFullProjectData method.
Starts calling RegistrationValidator#validate method.
Finished calling RegistrationValidator#validate method.
Exits RegistrationServicesImpl#validateRegistration method.
Starts calling ResourceManager#removeResource in RegistrationServicesImpl#registerForProject.
Finished calling ResourceManager#removeResource in RegistrationServicesImpl#registerForProject.
Starts calling UserRetrieval#retrieveUser in RegistrationServicesImpl#registerForProject.
Finished calling UserRetrieval#retrieveUser in RegistrationServicesImpl#registerForProject.
Starts calling ResourceManager#updateResource in RegistrationServicesImpl#registerForProject.
Finished calling ResourceManager#updateResource in RegistrationServicesImpl#registerForProject.
Exits RegistrationServicesImpl#registerForProject method.
Enters RegistrationServicesImpl#removeRegistration method.
Starts calling UserRetrieval#retrieveUser in RegistrationServicesImpl#removeRegistration.
Finished calling UserRetrieval#retrieveUser in RegistrationServicesImpl#removeRegistration.
Starts calling ProjectServices#getFullProjectData in RegistrationServicesImpl#removeRegistration.
Finished calling ProjectServices#getFullProjectData in RegistrationServicesImpl#removeRegistration.
Starts calling TeamManager#findPositions method.
Finished calling TeamManager#findPositions method.
Starts calling TeamManager#getTeamFromPosition method.
Finished calling TeamManager#getTeamFromPosition method.
Starts calling ResourceManager#removeResource in RegistrationServicesImpl#removeRegistration.
Finished calling ResourceManager#removeResource in RegistrationServicesImpl#removeRegistration.
Starts calling TeamServices#removeMember in RegistrationServicesImpl#removeRegistration.
Finished calling TeamServices#removeTeam in RegistrationServicesImpl#removeRegistration.
Starts calling ContactMemberServices#sendMessage in RegistrationServicesImpl#removeRegistration.
Finished calling ContactMemberServices#sendMessage in RegistrationServicesImpl#removeRegistration.
Starts calling BanManager#banUser in RegistrationServicesImpl#removeRegistration.
Finished calling BanManager#banUser in RegistrationServicesImpl#removeRegistration.
Exits RegistrationServicesImpl#removeRegistration method.
Enters RegistrationServicesImpl#getRegistration method.
Starts calling UserRetrieval#retrieveUser in RegistrationServicesImpl#getRegistration.
Finished calling UserRetrieval#retrieveUser in RegistrationServicesImpl#getRegistration.
Starts calling ProjectServices#getFullProjectData method.
Finished calling ProjectServices#getFullProjectData method.
Exists RegistrationServicesImpl#getRegistration method.
Enters RegistrationServicesImpl#registerForProject method.
Enters RegistrationServicesImpl#validateRegistration method.
Starts calling UserRetrieval#retrieveUser in RegistrationServicesImpl#validateRegistration.
Finished calling UserRetrieval#retrieveUser in RegistrationServicesImpl#validateRegistration.
Starts calling ProjectServices#getFullProjectData method.
Finished calling ProjectServices#getFullProjectData method.
Starts calling RegistrationValidator#validate method.
Finished calling RegistrationValidator#validate method.
Exits RegistrationServicesImpl#validateRegistration method.
Starts calling ResourceManager#removeResource in RegistrationServicesImpl#registerForProject.
Finished calling ResourceManager#removeResource in RegistrationServicesImpl#registerForProject.
Starts calling UserRetrieval#retrieveUser in RegistrationServicesImpl#registerForProject.
Finished calling UserRetrieval#retrieveUser in RegistrationServicesImpl#registerForProject.
Starts calling ResourceManager#updateResource in RegistrationServicesImpl#registerForProject.
Finished calling ResourceManager#updateResource in RegistrationServicesImpl#registerForProject.
Exits RegistrationServicesImpl#registerForProject method.
Enters RegistrationServicesImpl#removeRegistration method.
Starts calling UserRetrieval#retrieveUser in RegistrationServicesImpl#removeRegistration.
Finished calling UserRetrieval#retrieveUser in RegistrationServicesImpl#removeRegistration.
Starts calling ProjectServices#getFullProjectData in RegistrationServicesImpl#removeRegistration.
Finished calling ProjectServices#getFullProjectData in RegistrationServicesImpl#removeRegistration.
Starts calling TeamManager#findPositions method.
Finished calling TeamManager#findPositions method.
Starts calling TeamManager#getTeamFromPosition method.
Finished calling TeamManager#getTeamFromPosition method.
Starts calling ResourceManager#removeResource in RegistrationServicesImpl#removeRegistration.
Finished calling ResourceManager#removeResource in RegistrationServicesImpl#removeRegistration.
Starts calling TeamServices#removeMember in RegistrationServicesImpl#removeRegistration.
Finished calling TeamServices#removeTeam in RegistrationServicesImpl#removeRegistration.
Starts calling ContactMemberServices#sendMessage in RegistrationServicesImpl#removeRegistration.
Finished calling ContactMemberServices#sendMessage in RegistrationServicesImpl#removeRegistration.
Starts calling BanManager#banUser in RegistrationServicesImpl#removeRegistration.
Finished calling BanManager#banUser in RegistrationServicesImpl#removeRegistration.
Exits RegistrationServicesImpl#removeRegistration method.
Enters RegistrationServicesImpl#getRegistration method.
Starts calling UserRetrieval#retrieveUser in RegistrationServicesImpl#getRegistration.
Finished calling UserRetrieval#retrieveUser in RegistrationServicesImpl#getRegistration.
Starts calling ProjectServices#getFullProjectData method.
Finished calling ProjectServices#getFullProjectData method.
Exists RegistrationServicesImpl#getRegistration method.
Enters RegistrationServicesImpl#registerForProject method.
Enters RegistrationServicesImpl#validateRegistration method.
Starts calling UserRetrieval#retrieveUser in RegistrationServicesImpl#validateRegistration.
Finished calling UserRetrieval#retrieveUser in RegistrationServicesImpl#validateRegistration.
Starts calling ProjectServices#getFullProjectData method.
Finished calling ProjectServices#getFullProjectData method.
Starts calling RegistrationValidator#validate method.
Finished calling RegistrationValidator#validate method.
Exits RegistrationServicesImpl#validateRegistration method.
Starts calling ResourceManager#removeResource in RegistrationServicesImpl#registerForProject.
Finished calling ResourceManager#removeResource in RegistrationServicesImpl#registerForProject.
Starts calling UserRetrieval#retrieveUser in RegistrationServicesImpl#registerForProject.
Finished calling UserRetrieval#retrieveUser in RegistrationServicesImpl#registerForProject.
Starts calling ResourceManager#updateResource in RegistrationServicesImpl#registerForProject.
Finished calling ResourceManager#updateResource in RegistrationServicesImpl#registerForProject.
Exits RegistrationServicesImpl#registerForProject method.
Enters RegistrationServicesImpl#removeRegistration method.
Starts calling UserRetrieval#retrieveUser in RegistrationServicesImpl#removeRegistration.
Finished calling UserRetrieval#retrieveUser in RegistrationServicesImpl#removeRegistration.
Starts calling ProjectServices#getFullProjectData in RegistrationServicesImpl#removeRegistration.
Finished calling ProjectServices#getFullProjectData in RegistrationServicesImpl#removeRegistration.
Starts calling TeamManager#findPositions method.
Finished calling TeamManager#findPositions method.
Starts calling TeamManager#getTeamFromPosition method.
Finished calling TeamManager#getTeamFromPosition method.
Starts calling ResourceManager#removeResource in RegistrationServicesImpl#removeRegistration.
Finished calling ResourceManager#removeResource in RegistrationServicesImpl#removeRegistration.
Starts calling TeamServices#removeMember in RegistrationServicesImpl#removeRegistration.
Finished calling TeamServices#removeTeam in RegistrationServicesImpl#removeRegistration.
Starts calling ContactMemberServices#sendMessage in RegistrationServicesImpl#removeRegistration.
Finished calling ContactMemberServices#sendMessage in RegistrationServicesImpl#removeRegistration.
Starts calling BanManager#banUser in RegistrationServicesImpl#removeRegistration.
Finished calling BanManager#banUser in RegistrationServicesImpl#removeRegistration.
Exits RegistrationServicesImpl#removeRegistration method.
Enters RegistrationServicesImpl#getRegistration method.
Starts calling UserRetrieval#retrieveUser in RegistrationServicesImpl#getRegistration.
Finished calling UserRetrieval#retrieveUser in RegistrationServicesImpl#getRegistration.
Starts calling ProjectServices#getFullProjectData method.
Finished calling ProjectServices#getFullProjectData method.
Exists RegistrationServicesImpl#getRegistration method.
Enters RegistrationServicesImpl#registerForProject method.
Enters RegistrationServicesImpl#validateRegistration method.
Starts calling UserRetrieval#retrieveUser in RegistrationServicesImpl#validateRegistration.
Finished calling UserRetrieval#retrieveUser in RegistrationServicesImpl#validateRegistration.
Starts calling ProjectServices#getFullProjectData method.
Finished calling ProjectServices#getFullProjectData method.
Starts calling RegistrationValidator#validate method.
Finished calling RegistrationValidator#validate method.
Exits RegistrationServicesImpl#validateRegistration method.
Starts calling ResourceManager#removeResource in RegistrationServicesImpl#registerForProject.
Finished calling ResourceManager#removeResource in RegistrationServicesImpl#registerForProject.
Starts calling UserRetrieval#retrieveUser in RegistrationServicesImpl#registerForProject.
Finished calling UserRetrieval#retrieveUser in RegistrationServicesImpl#registerForProject.
Starts calling ResourceManager#updateResource in RegistrationServicesImpl#registerForProject.
Finished calling ResourceManager#updateResource in RegistrationServicesImpl#registerForProject.
Exits RegistrationServicesImpl#registerForProject method.
Enters RegistrationServicesImpl#removeRegistration method.
Starts calling UserRetrieval#retrieveUser in RegistrationServicesImpl#removeRegistration.
Finished calling UserRetrieval#retrieveUser in RegistrationServicesImpl#removeRegistration.
Starts calling ProjectServices#getFullProjectData in RegistrationServicesImpl#removeRegistration.
Finished calling ProjectServices#getFullProjectData in RegistrationServicesImpl#removeRegistration.
Starts calling TeamManager#findPositions method.
Finished calling TeamManager#findPositions method.
Starts calling TeamManager#getTeamFromPosition method.
Finished calling TeamManager#getTeamFromPosition method.
Starts calling ResourceManager#removeResource in RegistrationServicesImpl#removeRegistration.
Finished calling ResourceManager#removeResource in RegistrationServicesImpl#removeRegistration.
Starts calling TeamServices#removeMember in RegistrationServicesImpl#removeRegistration.
Finished calling TeamServices#removeTeam in RegistrationServicesImpl#removeRegistration.
Starts calling ContactMemberServices#sendMessage in RegistrationServicesImpl#removeRegistration.
Finished calling ContactMemberServices#sendMessage in RegistrationServicesImpl#removeRegistration.
Starts calling BanManager#banUser in RegistrationServicesImpl#removeRegistration.
Finished calling BanManager#banUser in RegistrationServicesImpl#removeRegistration.
Exits RegistrationServicesImpl#removeRegistration method.
Enters RegistrationServicesImpl#getRegistration method.
Starts calling UserRetrieval#retrieveUser in RegistrationServicesImpl#getRegistration.
Finished calling UserRetrieval#retrieveUser in RegistrationServicesImpl#getRegistration.
Starts calling ProjectServices#getFullProjectData method.
Finished calling ProjectServices#getFullProjectData method.
Exists RegistrationServicesImpl#getRegistration method.
Enters RegistrationServicesImpl#registerForProject method.
Enters RegistrationServicesImpl#validateRegistration method.
Starts calling UserRetrieval#retrieveUser in RegistrationServicesImpl#validateRegistration.
Finished calling UserRetrieval#retrieveUser in RegistrationServicesImpl#validateRegistration.
Starts calling ProjectServices#getFullProjectData method.
Finished calling ProjectServices#getFullProjectData method.
Starts calling RegistrationValidator#validate method.
Finished calling RegistrationValidator#validate method.
Exits RegistrationServicesImpl#validateRegistration method.
Starts calling ResourceManager#removeResource in RegistrationServicesImpl#registerForProject.
Finished calling ResourceManager#removeResource in RegistrationServicesImpl#registerForProject.
Starts calling UserRetrieval#retrieveUser in RegistrationServicesImpl#registerForProject.
Finished calling UserRetrieval#retrieveUser in RegistrationServicesImpl#registerForProject.
Starts calling ResourceManager#updateResource in RegistrationServicesImpl#registerForProject.
Finished calling ResourceManager#updateResource in RegistrationServicesImpl#registerForProject.
Exits RegistrationServicesImpl#registerForProject method.
Enters RegistrationServicesImpl#removeRegistration method.
Starts calling UserRetrieval#retrieveUser in RegistrationServicesImpl#removeRegistration.
Finished calling UserRetrieval#retrieveUser in RegistrationServicesImpl#removeRegistration.
Starts calling ProjectServices#getFullProjectData in RegistrationServicesImpl#removeRegistration.
Finished calling ProjectServices#getFullProjectData in RegistrationServicesImpl#removeRegistration.
Starts calling TeamManager#findPositions method.
Finished calling TeamManager#findPositions method.
Starts calling TeamManager#getTeamFromPosition method.
Finished calling TeamManager#getTeamFromPosition method.
Starts calling ResourceManager#removeResource in RegistrationServicesImpl#removeRegistration.
Finished calling ResourceManager#removeResource in RegistrationServicesImpl#removeRegistration.
Starts calling TeamServices#removeMember in RegistrationServicesImpl#removeRegistration.
Finished calling TeamServices#removeTeam in RegistrationServicesImpl#removeRegistration.
Starts calling ContactMemberServices#sendMessage in RegistrationServicesImpl#removeRegistration.
Finished calling ContactMemberServices#sendMessage in RegistrationServicesImpl#removeRegistration.
Starts calling BanManager#banUser in RegistrationServicesImpl#removeRegistration.
Finished calling BanManager#banUser in RegistrationServicesImpl#removeRegistration.
Exits RegistrationServicesImpl#removeRegistration method.
Enters RegistrationServicesImpl#getRegistration method.
Starts calling UserRetrieval#retrieveUser in RegistrationServicesImpl#getRegistration.
Finished calling UserRetrieval#retrieveUser in RegistrationServicesImpl#getRegistration.
Starts calling ProjectServices#getFullProjectData method.
Finished calling ProjectServices#getFullProjectData method.
Exists RegistrationServicesImpl#getRegistration method.
Enters RegistrationServicesImpl#registerForProject method.
Enters RegistrationServicesImpl#validateRegistration method.
Starts calling UserRetrieval#retrieveUser in RegistrationServicesImpl#validateRegistration.
Finished calling UserRetrieval#retrieveUser in RegistrationServicesImpl#validateRegistration.
Starts calling ProjectServices#getFullProjectData method.
Finished calling ProjectServices#getFullProjectData method.
Starts calling RegistrationValidator#validate method.
Finished calling RegistrationValidator#validate method.
Exits RegistrationServicesImpl#validateRegistration method.
Starts calling ResourceManager#removeResource in RegistrationServicesImpl#registerForProject.
Finished calling ResourceManager#removeResource in RegistrationServicesImpl#registerForProject.
Starts calling UserRetrieval#retrieveUser in RegistrationServicesImpl#registerForProject.
Finished calling UserRetrieval#retrieveUser in RegistrationServicesImpl#registerForProject.
Starts calling ResourceManager#updateResource in RegistrationServicesImpl#registerForProject.
Finished calling ResourceManager#updateResource in RegistrationServicesImpl#registerForProject.
Exits RegistrationServicesImpl#registerForProject method.
Enters RegistrationServicesImpl#removeRegistration method.
Starts calling UserRetrieval#retrieveUser in RegistrationServicesImpl#removeRegistration.
Finished calling UserRetrieval#retrieveUser in RegistrationServicesImpl#removeRegistration.
Starts calling ProjectServices#getFullProjectData in RegistrationServicesImpl#removeRegistration.
Finished calling ProjectServices#getFullProjectData in RegistrationServicesImpl#removeRegistration.
Starts calling TeamManager#findPositions method.
Finished calling TeamManager#findPositions method.
Starts calling TeamManager#getTeamFromPosition method.
Finished calling TeamManager#getTeamFromPosition method.
Starts calling ResourceManager#removeResource in RegistrationServicesImpl#removeRegistration.
Finished calling ResourceManager#removeResource in RegistrationServicesImpl#removeRegistration.
Starts calling TeamServices#removeMember in RegistrationServicesImpl#removeRegistration.
Finished calling TeamServices#removeTeam in RegistrationServicesImpl#removeRegistration.
Starts calling ContactMemberServices#sendMessage in RegistrationServicesImpl#removeRegistration.
Finished calling ContactMemberServices#sendMessage in RegistrationServicesImpl#removeRegistration.
Starts calling BanManager#banUser in RegistrationServicesImpl#removeRegistration.
Finished calling BanManager#banUser in RegistrationServicesImpl#removeRegistration.
Exits RegistrationServicesImpl#removeRegistration method.
Enters RegistrationServicesImpl#getRegistration method.
Starts calling UserRetrieval#retrieveUser in RegistrationServicesImpl#getRegistration.
Finished calling UserRetrieval#retrieveUser in RegistrationServicesImpl#getRegistration.
Starts calling ProjectServices#getFullProjectData method.
Finished calling ProjectServices#getFullProjectData method.
Exists RegistrationServicesImpl#getRegistration method.
Enters RegistrationServicesImpl#registerForProject method.
Enters RegistrationServicesImpl#validateRegistration method.
Starts calling UserRetrieval#retrieveUser in RegistrationServicesImpl#validateRegistration.
Finished calling UserRetrieval#retrieveUser in RegistrationServicesImpl#validateRegistration.
Starts calling ProjectServices#getFullProjectData method.
Finished calling ProjectServices#getFullProjectData method.
Starts calling RegistrationValidator#validate method.
Finished calling RegistrationValidator#validate method.
Exits RegistrationServicesImpl#validateRegistration method.
Starts calling ResourceManager#removeResource in RegistrationServicesImpl#registerForProject.
Finished calling ResourceManager#removeResource in RegistrationServicesImpl#registerForProject.
Starts calling UserRetrieval#retrieveUser in RegistrationServicesImpl#registerForProject.
Finished calling UserRetrieval#retrieveUser in RegistrationServicesImpl#registerForProject.
Starts calling ResourceManager#updateResource in RegistrationServicesImpl#registerForProject.
Finished calling ResourceManager#updateResource in RegistrationServicesImpl#registerForProject.
Exits RegistrationServicesImpl#registerForProject method.
Enters RegistrationServicesImpl#removeRegistration method.
Starts calling UserRetrieval#retrieveUser in RegistrationServicesImpl#removeRegistration.
Finished calling UserRetrieval#retrieveUser in RegistrationServicesImpl#removeRegistration.
Starts calling ProjectServices#getFullProjectData in RegistrationServicesImpl#removeRegistration.
Finished calling ProjectServices#getFullProjectData in RegistrationServicesImpl#removeRegistration.
Starts calling TeamManager#findPositions method.
Finished calling TeamManager#findPositions method.
Starts calling TeamManager#getTeamFromPosition method.
Finished calling TeamManager#getTeamFromPosition method.
Starts calling ResourceManager#removeResource in RegistrationServicesImpl#removeRegistration.
Finished calling ResourceManager#removeResource in RegistrationServicesImpl#removeRegistration.
Starts calling TeamServices#removeMember in RegistrationServicesImpl#removeRegistration.
Finished calling TeamServices#removeTeam in RegistrationServicesImpl#removeRegistration.
Starts calling ContactMemberServices#sendMessage in RegistrationServicesImpl#removeRegistration.
Finished calling ContactMemberServices#sendMessage in RegistrationServicesImpl#removeRegistration.
Starts calling BanManager#banUser in RegistrationServicesImpl#removeRegistration.
Finished calling BanManager#banUser in RegistrationServicesImpl#removeRegistration.
Exits RegistrationServicesImpl#removeRegistration method.
Enters RegistrationServicesImpl#getRegistration method.
Starts calling UserRetrieval#retrieveUser in RegistrationServicesImpl#getRegistration.
Finished calling UserRetrieval#retrieveUser in RegistrationServicesImpl#getRegistration.
Starts calling ProjectServices#getFullProjectData method.
Finished calling ProjectServices#getFullProjectData method.
Exists RegistrationServicesImpl#getRegistration method.
Enters RegistrationServicesImpl#registerForProject method.
Enters RegistrationServicesImpl#validateRegistration method.
Starts calling UserRetrieval#retrieveUser in RegistrationServicesImpl#validateRegistration.
Finished calling UserRetrieval#retrieveUser in RegistrationServicesImpl#validateRegistration.
Starts calling ProjectServices#getFullProjectData method.
Finished calling ProjectServices#getFullProjectData method.
Starts calling RegistrationValidator#validate method.
Finished calling RegistrationValidator#validate method.
Exits RegistrationServicesImpl#validateRegistration method.
Starts calling ResourceManager#removeResource in RegistrationServicesImpl#registerForProject.
Finished calling ResourceManager#removeResource in RegistrationServicesImpl#registerForProject.
Starts calling UserRetrieval#retrieveUser in RegistrationServicesImpl#registerForProject.
Finished calling UserRetrieval#retrieveUser in RegistrationServicesImpl#registerForProject.
Starts calling ResourceManager#updateResource in RegistrationServicesImpl#registerForProject.
Finished calling ResourceManager#updateResource in RegistrationServicesImpl#registerForProject.
Exits RegistrationServicesImpl#registerForProject method.
Enters RegistrationServicesImpl#removeRegistration method.
Starts calling UserRetrieval#retrieveUser in RegistrationServicesImpl#removeRegistration.
Finished calling UserRetrieval#retrieveUser in RegistrationServicesImpl#removeRegistration.
Starts calling ProjectServices#getFullProjectData in RegistrationServicesImpl#removeRegistration.
Finished calling ProjectServices#getFullProjectData in RegistrationServicesImpl#removeRegistration.
Starts calling TeamManager#findPositions method.
Finished calling TeamManager#findPositions method.
Starts calling TeamManager#getTeamFromPosition method.
Finished calling TeamManager#getTeamFromPosition method.
Starts calling ResourceManager#removeResource in RegistrationServicesImpl#removeRegistration.
Finished calling ResourceManager#removeResource in RegistrationServicesImpl#removeRegistration.
Starts calling TeamServices#removeMember in RegistrationServicesImpl#removeRegistration.
Finished calling TeamServices#removeTeam in RegistrationServicesImpl#removeRegistration.
Starts calling ContactMemberServices#sendMessage in RegistrationServicesImpl#removeRegistration.
Finished calling ContactMemberServices#sendMessage in RegistrationServicesImpl#removeRegistration.
Starts calling BanManager#banUser in RegistrationServicesImpl#removeRegistration.
Finished calling BanManager#banUser in RegistrationServicesImpl#removeRegistration.
Exits RegistrationServicesImpl#removeRegistration method.
Enters RegistrationServicesImpl#getRegistration method.
Starts calling UserRetrieval#retrieveUser in RegistrationServicesImpl#getRegistration.
Finished calling UserRetrieval#retrieveUser in RegistrationServicesImpl#getRegistration.
Starts calling ProjectServices#getFullProjectData method.
Finished calling ProjectServices#getFullProjectData method.
Exists RegistrationServicesImpl#getRegistration method.
Enters RegistrationServicesImpl#registerForProject method.
Enters RegistrationServicesImpl#validateRegistration method.
Starts calling UserRetrieval#retrieveUser in RegistrationServicesImpl#validateRegistration.
Finished calling UserRetrieval#retrieveUser in RegistrationServicesImpl#validateRegistration.
Starts calling ProjectServices#getFullProjectData method.
Finished calling ProjectServices#getFullProjectData method.
Starts calling RegistrationValidator#validate method.
Finished calling RegistrationValidator#validate method.
Exits RegistrationServicesImpl#validateRegistration method.
Starts calling ResourceManager#removeResource in RegistrationServicesImpl#registerForProject.
Finished calling ResourceManager#removeResource in RegistrationServicesImpl#registerForProject.
Starts calling UserRetrieval#retrieveUser in RegistrationServicesImpl#registerForProject.
Finished calling UserRetrieval#retrieveUser in RegistrationServicesImpl#registerForProject.
Starts calling ResourceManager#updateResource in RegistrationServicesImpl#registerForProject.
Finished calling ResourceManager#updateResource in RegistrationServicesImpl#registerForProject.
Exits RegistrationServicesImpl#registerForProject method.
Enters RegistrationServicesImpl#removeRegistration method.
Starts calling UserRetrieval#retrieveUser in RegistrationServicesImpl#removeRegistration.
Finished calling UserRetrieval#retrieveUser in RegistrationServicesImpl#removeRegistration.
Starts calling ProjectServices#getFullProjectData in RegistrationServicesImpl#removeRegistration.
Finished calling ProjectServices#getFullProjectData in RegistrationServicesImpl#removeRegistration.
Starts calling TeamManager#findPositions method.
Finished calling TeamManager#findPositions method.
Starts calling TeamManager#getTeamFromPosition method.
Finished calling TeamManager#getTeamFromPosition method.
Starts calling ResourceManager#removeResource in RegistrationServicesImpl#removeRegistration.
Finished calling ResourceManager#removeResource in RegistrationServicesImpl#removeRegistration.
Starts calling TeamServices#removeMember in RegistrationServicesImpl#removeRegistration.
Finished calling TeamServices#removeTeam in RegistrationServicesImpl#removeRegistration.
Starts calling ContactMemberServices#sendMessage in RegistrationServicesImpl#removeRegistration.
Finished calling ContactMemberServices#sendMessage in RegistrationServicesImpl#removeRegistration.
Starts calling BanManager#banUser in RegistrationServicesImpl#removeRegistration.
Finished calling BanManager#banUser in RegistrationServicesImpl#removeRegistration.
Exits RegistrationServicesImpl#removeRegistration method.
Enters RegistrationServicesImpl#getRegistration method.
Starts calling UserRetrieval#retrieveUser in RegistrationServicesImpl#getRegistration.
Finished calling UserRetrieval#retrieveUser in RegistrationServicesImpl#getRegistration.
Starts calling ProjectServices#getFullProjectData method.
Finished calling ProjectServices#getFullProjectData method.
Exists RegistrationServicesImpl#getRegistration method.
Enters RegistrationServicesImpl#registerForProject method.
Enters RegistrationServicesImpl#validateRegistration method.
Starts calling UserRetrieval#retrieveUser in RegistrationServicesImpl#validateRegistration.
Finished calling UserRetrieval#retrieveUser in RegistrationServicesImpl#validateRegistration.
Starts calling ProjectServices#getFullProjectData method.
Finished calling ProjectServices#getFullProjectData method.
Starts calling RegistrationValidator#validate method.
Finished calling RegistrationValidator#validate method.
Exits RegistrationServicesImpl#validateRegistration method.
Starts calling ResourceManager#removeResource in RegistrationServicesImpl#registerForProject.
Finished calling ResourceManager#removeResource in RegistrationServicesImpl#registerForProject.
Starts calling UserRetrieval#retrieveUser in RegistrationServicesImpl#registerForProject.
Finished calling UserRetrieval#retrieveUser in RegistrationServicesImpl#registerForProject.
Starts calling ResourceManager#updateResource in RegistrationServicesImpl#registerForProject.
Finished calling ResourceManager#updateResource in RegistrationServicesImpl#registerForProject.
Exits RegistrationServicesImpl#registerForProject method.
Enters RegistrationServicesImpl#removeRegistration method.
Starts calling UserRetrieval#retrieveUser in RegistrationServicesImpl#removeRegistration.
Finished calling UserRetrieval#retrieveUser in RegistrationServicesImpl#removeRegistration.
Starts calling ProjectServices#getFullProjectData in RegistrationServicesImpl#removeRegistration.
Finished calling ProjectServices#getFullProjectData in RegistrationServicesImpl#removeRegistration.
Starts calling TeamManager#findPositions method.
Finished calling TeamManager#findPositions method.
Starts calling TeamManager#getTeamFromPosition method.
Finished calling TeamManager#getTeamFromPosition method.
Starts calling ResourceManager#removeResource in RegistrationServicesImpl#removeRegistration.
Finished calling ResourceManager#removeResource in RegistrationServicesImpl#removeRegistration.
Starts calling TeamServices#removeMember in RegistrationServicesImpl#removeRegistration.
Finished calling TeamServices#removeTeam in RegistrationServicesImpl#removeRegistration.
Starts calling ContactMemberServices#sendMessage in RegistrationServicesImpl#removeRegistration.
Finished calling ContactMemberServices#sendMessage in RegistrationServicesImpl#removeRegistration.
Starts calling BanManager#banUser in RegistrationServicesImpl#removeRegistration.
Finished calling BanManager#banUser in RegistrationServicesImpl#removeRegistration.
Exits RegistrationServicesImpl#removeRegistration method.
Enters RegistrationServicesImpl#getRegistration method.
Starts calling UserRetrieval#retrieveUser in RegistrationServicesImpl#getRegistration.
Finished calling UserRetrieval#retrieveUser in RegistrationServicesImpl#getRegistration.
Starts calling ProjectServices#getFullProjectData method.
Finished calling ProjectServices#getFullProjectData method.
Exists RegistrationServicesImpl#getRegistration method.
Enters RegistrationServicesImpl#registerForProject method.
Enters RegistrationServicesImpl#validateRegistration method.
Starts calling UserRetrieval#retrieveUser in RegistrationServicesImpl#validateRegistration.
Finished calling UserRetrieval#retrieveUser in RegistrationServicesImpl#validateRegistration.
Starts calling ProjectServices#getFullProjectData method.
Finished calling ProjectServices#getFullProjectData method.
Starts calling RegistrationValidator#validate method.
Finished calling RegistrationValidator#validate method.
Exits RegistrationServicesImpl#validateRegistration method.
Starts calling ResourceManager#removeResource in RegistrationServicesImpl#registerForProject.
Finished calling ResourceManager#removeResource in RegistrationServicesImpl#registerForProject.
Starts calling UserRetrieval#retrieveUser in RegistrationServicesImpl#registerForProject.
Finished calling UserRetrieval#retrieveUser in RegistrationServicesImpl#registerForProject.
Starts calling ResourceManager#updateResource in RegistrationServicesImpl#registerForProject.
Finished calling ResourceManager#updateResource in RegistrationServicesImpl#registerForProject.
Exits RegistrationServicesImpl#registerForProject method.
Enters RegistrationServicesImpl#removeRegistration method.
Starts calling UserRetrieval#retrieveUser in RegistrationServicesImpl#removeRegistration.
Finished calling UserRetrieval#retrieveUser in RegistrationServicesImpl#removeRegistration.
Starts calling ProjectServices#getFullProjectData in RegistrationServicesImpl#removeRegistration.
Finished calling ProjectServices#getFullProjectData in RegistrationServicesImpl#removeRegistration.
Starts calling TeamManager#findPositions method.
Finished calling TeamManager#findPositions method.
Starts calling TeamManager#getTeamFromPosition method.
Finished calling TeamManager#getTeamFromPosition method.
Starts calling ResourceManager#removeResource in RegistrationServicesImpl#removeRegistration.
Finished calling ResourceManager#removeResource in RegistrationServicesImpl#removeRegistration.
Starts calling TeamServices#removeMember in RegistrationServicesImpl#removeRegistration.
Finished calling TeamServices#removeTeam in RegistrationServicesImpl#removeRegistration.
Starts calling ContactMemberServices#sendMessage in RegistrationServicesImpl#removeRegistration.
Finished calling ContactMemberServices#sendMessage in RegistrationServicesImpl#removeRegistration.
Starts calling BanManager#banUser in RegistrationServicesImpl#removeRegistration.
Finished calling BanManager#banUser in RegistrationServicesImpl#removeRegistration.
Exits RegistrationServicesImpl#removeRegistration method.
Enters RegistrationServicesImpl#getRegistration method.
Starts calling UserRetrieval#retrieveUser in RegistrationServicesImpl#getRegistration.
Finished calling UserRetrieval#retrieveUser in RegistrationServicesImpl#getRegistration.
Starts calling ProjectServices#getFullProjectData method.
Finished calling ProjectServices#getFullProjectData method.
Exists RegistrationServicesImpl#getRegistration method.
Enters RegistrationServicesImpl#registerForProject method.
Enters RegistrationServicesImpl#validateRegistration method.
Starts calling UserRetrieval#retrieveUser in RegistrationServicesImpl#validateRegistration.
Finished calling UserRetrieval#retrieveUser in RegistrationServicesImpl#validateRegistration.
Starts calling ProjectServices#getFullProjectData method.
Finished calling ProjectServices#getFullProjectData method.
Starts calling RegistrationValidator#validate method.
Finished calling RegistrationValidator#validate method.
Exits RegistrationServicesImpl#validateRegistration method.
Starts calling ResourceManager#removeResource in RegistrationServicesImpl#registerForProject.
Finished calling ResourceManager#removeResource in RegistrationServicesImpl#registerForProject.
Starts calling UserRetrieval#retrieveUser in RegistrationServicesImpl#registerForProject.
Finished calling UserRetrieval#retrieveUser in RegistrationServicesImpl#registerForProject.
Starts calling ResourceManager#updateResource in RegistrationServicesImpl#registerForProject.
Finished calling ResourceManager#updateResource in RegistrationServicesImpl#registerForProject.
Exits RegistrationServicesImpl#registerForProject method.
Enters RegistrationServicesImpl#removeRegistration method.
Starts calling UserRetrieval#retrieveUser in RegistrationServicesImpl#removeRegistration.
Finished calling UserRetrieval#retrieveUser in RegistrationServicesImpl#removeRegistration.
Starts calling ProjectServices#getFullProjectData in RegistrationServicesImpl#removeRegistration.
Finished calling ProjectServices#getFullProjectData in RegistrationServicesImpl#removeRegistration.
Starts calling TeamManager#findPositions method.
Finished calling TeamManager#findPositions method.
Starts calling TeamManager#getTeamFromPosition method.
Finished calling TeamManager#getTeamFromPosition method.
Starts calling ResourceManager#removeResource in RegistrationServicesImpl#removeRegistration.
Finished calling ResourceManager#removeResource in RegistrationServicesImpl#removeRegistration.
Starts calling TeamServices#removeMember in RegistrationServicesImpl#removeRegistration.
Finished calling TeamServices#removeTeam in RegistrationServicesImpl#removeRegistration.
Starts calling ContactMemberServices#sendMessage in RegistrationServicesImpl#removeRegistration.
Finished calling ContactMemberServices#sendMessage in RegistrationServicesImpl#removeRegistration.
Starts calling BanManager#banUser in RegistrationServicesImpl#removeRegistration.
Finished calling BanManager#banUser in RegistrationServicesImpl#removeRegistration.
Exits RegistrationServicesImpl#removeRegistration method.
Enters RegistrationServicesImpl#getRegistration method.
Starts calling UserRetrieval#retrieveUser in RegistrationServicesImpl#getRegistration.
Finished calling UserRetrieval#retrieveUser in RegistrationServicesImpl#getRegistration.
Starts calling ProjectServices#getFullProjectData method.
Finished calling ProjectServices#getFullProjectData method.
Exists RegistrationServicesImpl#getRegistration method.
Enters RegistrationServicesImpl#registerForProject method.
Enters RegistrationServicesImpl#validateRegistration method.
Starts calling UserRetrieval#retrieveUser in RegistrationServicesImpl#validateRegistration.
Finished calling UserRetrieval#retrieveUser in RegistrationServicesImpl#validateRegistration.
Starts calling ProjectServices#getFullProjectData method.
Finished calling ProjectServices#getFullProjectData method.
Starts calling RegistrationValidator#validate method.
Finished calling RegistrationValidator#validate method.
Exits RegistrationServicesImpl#validateRegistration method.
Starts calling ResourceManager#removeResource in RegistrationServicesImpl#registerForProject.
Finished calling ResourceManager#removeResource in RegistrationServicesImpl#registerForProject.
Starts calling UserRetrieval#retrieveUser in RegistrationServicesImpl#registerForProject.
Finished calling UserRetrieval#retrieveUser in RegistrationServicesImpl#registerForProject.
Starts calling ResourceManager#updateResource in RegistrationServicesImpl#registerForProject.
Finished calling ResourceManager#updateResource in RegistrationServicesImpl#registerForProject.
Exits RegistrationServicesImpl#registerForProject method.
Enters RegistrationServicesImpl#removeRegistration method.
Starts calling UserRetrieval#retrieveUser in RegistrationServicesImpl#removeRegistration.
Finished calling UserRetrieval#retrieveUser in RegistrationServicesImpl#removeRegistration.
Starts calling ProjectServices#getFullProjectData in RegistrationServicesImpl#removeRegistration.
Finished calling ProjectServices#getFullProjectData in RegistrationServicesImpl#removeRegistration.
Starts calling TeamManager#findPositions method.
Finished calling TeamManager#findPositions method.
Starts calling TeamManager#getTeamFromPosition method.
Finished calling TeamManager#getTeamFromPosition method.
Starts calling ResourceManager#removeResource in RegistrationServicesImpl#removeRegistration.
Finished calling ResourceManager#removeResource in RegistrationServicesImpl#removeRegistration.
Starts calling TeamServices#removeMember in RegistrationServicesImpl#removeRegistration.
Finished calling TeamServices#removeTeam in RegistrationServicesImpl#removeRegistration.
Starts calling ContactMemberServices#sendMessage in RegistrationServicesImpl#removeRegistration.
Finished calling ContactMemberServices#sendMessage in RegistrationServicesImpl#removeRegistration.
Starts calling BanManager#banUser in RegistrationServicesImpl#removeRegistration.
Finished calling BanManager#banUser in RegistrationServicesImpl#removeRegistration.
Exits RegistrationServicesImpl#removeRegistration method.
Enters RegistrationServicesImpl#getRegistration method.
Starts calling UserRetrieval#retrieveUser in RegistrationServicesImpl#getRegistration.
Finished calling UserRetrieval#retrieveUser in RegistrationServicesImpl#getRegistration.
Starts calling ProjectServices#getFullProjectData method.
Finished calling ProjectServices#getFullProjectData method.
Exists RegistrationServicesImpl#getRegistration method.
Enters RegistrationServicesImpl#registerForProject method.
Enters RegistrationServicesImpl#validateRegistration method.
Starts calling UserRetrieval#retrieveUser in RegistrationServicesImpl#validateRegistration.
Finished calling UserRetrieval#retrieveUser in RegistrationServicesImpl#validateRegistration.
Starts calling ProjectServices#getFullProjectData method.
Finished calling ProjectServices#getFullProjectData method.
Starts calling RegistrationValidator#validate method.
Finished calling RegistrationValidator#validate method.
Exits RegistrationServicesImpl#validateRegistration method.
Starts calling ResourceManager#removeResource in RegistrationServicesImpl#registerForProject.
Finished calling ResourceManager#removeResource in RegistrationServicesImpl#registerForProject.
Starts calling UserRetrieval#retrieveUser in RegistrationServicesImpl#registerForProject.
Finished calling UserRetrieval#retrieveUser in RegistrationServicesImpl#registerForProject.
Starts calling ResourceManager#updateResource in RegistrationServicesImpl#registerForProject.
Finished calling ResourceManager#updateResource in RegistrationServicesImpl#registerForProject.
Exits RegistrationServicesImpl#registerForProject method.
Enters RegistrationServicesImpl#removeRegistration method.
Starts calling UserRetrieval#retrieveUser in RegistrationServicesImpl#removeRegistration.
Finished calling UserRetrieval#retrieveUser in RegistrationServicesImpl#removeRegistration.
Starts calling ProjectServices#getFullProjectData in RegistrationServicesImpl#removeRegistration.
Finished calling ProjectServices#getFullProjectData in RegistrationServicesImpl#removeRegistration.
Starts calling TeamManager#findPositions method.
Finished calling TeamManager#findPositions method.
Starts calling TeamManager#getTeamFromPosition method.
Finished calling TeamManager#getTeamFromPosition method.
Starts calling ResourceManager#removeResource in RegistrationServicesImpl#removeRegistration.
Finished calling ResourceManager#removeResource in RegistrationServicesImpl#removeRegistration.
Starts calling TeamServices#removeMember in RegistrationServicesImpl#removeRegistration.
Finished calling TeamServices#removeTeam in RegistrationServicesImpl#removeRegistration.
Starts calling ContactMemberServices#sendMessage in RegistrationServicesImpl#removeRegistration.
Finished calling ContactMemberServices#sendMessage in RegistrationServicesImpl#removeRegistration.
Starts calling BanManager#banUser in RegistrationServicesImpl#removeRegistration.
Finished calling BanManager#banUser in RegistrationServicesImpl#removeRegistration.
Exits RegistrationServicesImpl#removeRegistration method.
Enters RegistrationServicesImpl#getRegistration method.
Starts calling UserRetrieval#retrieveUser in RegistrationServicesImpl#getRegistration.
Finished calling UserRetrieval#retrieveUser in RegistrationServicesImpl#getRegistration.
Starts calling ProjectServices#getFullProjectData method.
Finished calling ProjectServices#getFullProjectData method.
Exists RegistrationServicesImpl#getRegistration method.
Enters RegistrationServicesImpl#registerForProject method.
Enters RegistrationServicesImpl#validateRegistration method.
Starts calling UserRetrieval#retrieveUser in RegistrationServicesImpl#validateRegistration.
Finished calling UserRetrieval#retrieveUser in RegistrationServicesImpl#validateRegistration.
Starts calling ProjectServices#getFullProjectData method.
Finished calling ProjectServices#getFullProjectData method.
Starts calling RegistrationValidator#validate method.
Finished calling RegistrationValidator#validate method.
Exits RegistrationServicesImpl#validateRegistration method.
Starts calling ResourceManager#removeResource in RegistrationServicesImpl#registerForProject.
Finished calling ResourceManager#removeResource in RegistrationServicesImpl#registerForProject.
Starts calling UserRetrieval#retrieveUser in RegistrationServicesImpl#registerForProject.
Finished calling UserRetrieval#retrieveUser in RegistrationServicesImpl#registerForProject.
Starts calling ResourceManager#updateResource in RegistrationServicesImpl#registerForProject.
Finished calling ResourceManager#updateResource in RegistrationServicesImpl#registerForProject.
Exits RegistrationServicesImpl#registerForProject method.
Enters RegistrationServicesImpl#removeRegistration method.
Starts calling UserRetrieval#retrieveUser in RegistrationServicesImpl#removeRegistration.
Finished calling UserRetrieval#retrieveUser in RegistrationServicesImpl#removeRegistration.
Starts calling ProjectServices#getFullProjectData in RegistrationServicesImpl#removeRegistration.
Finished calling ProjectServices#getFullProjectData in RegistrationServicesImpl#removeRegistration.
Starts calling TeamManager#findPositions method.
Finished calling TeamManager#findPositions method.
Starts calling TeamManager#getTeamFromPosition method.
Finished calling TeamManager#getTeamFromPosition method.
Starts calling ResourceManager#removeResource in RegistrationServicesImpl#removeRegistration.
Finished calling ResourceManager#removeResource in RegistrationServicesImpl#removeRegistration.
Starts calling TeamServices#removeMember in RegistrationServicesImpl#removeRegistration.
Finished calling TeamServices#removeTeam in RegistrationServicesImpl#removeRegistration.
Starts calling ContactMemberServices#sendMessage in RegistrationServicesImpl#removeRegistration.
Finished calling ContactMemberServices#sendMessage in RegistrationServicesImpl#removeRegistration.
Starts calling BanManager#banUser in RegistrationServicesImpl#removeRegistration.
Finished calling BanManager#banUser in RegistrationServicesImpl#removeRegistration.
Exits RegistrationServicesImpl#removeRegistration method.
Enters RegistrationServicesImpl#getRegistration method.
Starts calling UserRetrieval#retrieveUser in RegistrationServicesImpl#getRegistration.
Finished calling UserRetrieval#retrieveUser in RegistrationServicesImpl#getRegistration.
Starts calling ProjectServices#getFullProjectData method.
Finished calling ProjectServices#getFullProjectData method.
Exists RegistrationServicesImpl#getRegistration method.
Enters RegistrationServicesImpl#registerForProject method.
Enters RegistrationServicesImpl#validateRegistration method.
Starts calling UserRetrieval#retrieveUser in RegistrationServicesImpl#validateRegistration.
Finished calling UserRetrieval#retrieveUser in RegistrationServicesImpl#validateRegistration.
Starts calling ProjectServices#getFullProjectData method.
Finished calling ProjectServices#getFullProjectData method.
Starts calling RegistrationValidator#validate method.
Finished calling RegistrationValidator#validate method.
Exits RegistrationServicesImpl#validateRegistration method.
Starts calling ResourceManager#removeResource in RegistrationServicesImpl#registerForProject.
Finished calling ResourceManager#removeResource in RegistrationServicesImpl#registerForProject.
Starts calling UserRetrieval#retrieveUser in RegistrationServicesImpl#registerForProject.
Finished calling UserRetrieval#retrieveUser in RegistrationServicesImpl#registerForProject.
Starts calling ResourceManager#updateResource in RegistrationServicesImpl#registerForProject.
Finished calling ResourceManager#updateResource in RegistrationServicesImpl#registerForProject.
Exits RegistrationServicesImpl#registerForProject method.
Enters RegistrationServicesImpl#removeRegistration method.
Starts calling UserRetrieval#retrieveUser in RegistrationServicesImpl#removeRegistration.
Finished calling UserRetrieval#retrieveUser in RegistrationServicesImpl#removeRegistration.
Starts calling ProjectServices#getFullProjectData in RegistrationServicesImpl#removeRegistration.
Finished calling ProjectServices#getFullProjectData in RegistrationServicesImpl#removeRegistration.
Starts calling TeamManager#findPositions method.
Finished calling TeamManager#findPositions method.
Starts calling TeamManager#getTeamFromPosition method.
Finished calling TeamManager#getTeamFromPosition method.
Starts calling ResourceManager#removeResource in RegistrationServicesImpl#removeRegistration.
Finished calling ResourceManager#removeResource in RegistrationServicesImpl#removeRegistration.
Starts calling TeamServices#removeMember in RegistrationServicesImpl#removeRegistration.
Finished calling TeamServices#removeTeam in RegistrationServicesImpl#removeRegistration.
Starts calling ContactMemberServices#sendMessage in RegistrationServicesImpl#removeRegistration.
Finished calling ContactMemberServices#sendMessage in RegistrationServicesImpl#removeRegistration.
Starts calling BanManager#banUser in RegistrationServicesImpl#removeRegistration.
Finished calling BanManager#banUser in RegistrationServicesImpl#removeRegistration.
Exits RegistrationServicesImpl#removeRegistration method.
Enters RegistrationServicesImpl#getRegistration method.
Starts calling UserRetrieval#retrieveUser in RegistrationServicesImpl#getRegistration.
Finished calling UserRetrieval#retrieveUser in RegistrationServicesImpl#getRegistration.
Starts calling ProjectServices#getFullProjectData method.
Finished calling ProjectServices#getFullProjectData method.
Exists RegistrationServicesImpl#getRegistration method.
Enters RegistrationServicesImpl#registerForProject method.
Enters RegistrationServicesImpl#validateRegistration method.
Starts calling UserRetrieval#retrieveUser in RegistrationServicesImpl#validateRegistration.
Finished calling UserRetrieval#retrieveUser in RegistrationServicesImpl#validateRegistration.
Starts calling ProjectServices#getFullProjectData method.
Finished calling ProjectServices#getFullProjectData method.
Starts calling RegistrationValidator#validate method.
Finished calling RegistrationValidator#validate method.
Exits RegistrationServicesImpl#validateRegistration method.
Starts calling ResourceManager#removeResource in RegistrationServicesImpl#registerForProject.
Finished calling ResourceManager#removeResource in RegistrationServicesImpl#registerForProject.
Starts calling UserRetrieval#retrieveUser in RegistrationServicesImpl#registerForProject.
Finished calling UserRetrieval#retrieveUser in RegistrationServicesImpl#registerForProject.
Starts calling ResourceManager#updateResource in RegistrationServicesImpl#registerForProject.
Finished calling ResourceManager#updateResource in RegistrationServicesImpl#registerForProject.
Exits RegistrationServicesImpl#registerForProject method.
Enters RegistrationServicesImpl#removeRegistration method.
Starts calling UserRetrieval#retrieveUser in RegistrationServicesImpl#removeRegistration.
Finished calling UserRetrieval#retrieveUser in RegistrationServicesImpl#removeRegistration.
Starts calling ProjectServices#getFullProjectData in RegistrationServicesImpl#removeRegistration.
Finished calling ProjectServices#getFullProjectData in RegistrationServicesImpl#removeRegistration.
Starts calling TeamManager#findPositions method.
Finished calling TeamManager#findPositions method.
Starts calling TeamManager#getTeamFromPosition method.
Finished calling TeamManager#getTeamFromPosition method.
Starts calling ResourceManager#removeResource in RegistrationServicesImpl#removeRegistration.
Finished calling ResourceManager#removeResource in RegistrationServicesImpl#removeRegistration.
Starts calling TeamServices#removeMember in RegistrationServicesImpl#removeRegistration.
Finished calling TeamServices#removeTeam in RegistrationServicesImpl#removeRegistration.
Starts calling ContactMemberServices#sendMessage in RegistrationServicesImpl#removeRegistration.
Finished calling ContactMemberServices#sendMessage in RegistrationServicesImpl#removeRegistration.
Starts calling BanManager#banUser in RegistrationServicesImpl#removeRegistration.
Finished calling BanManager#banUser in RegistrationServicesImpl#removeRegistration.
Exits RegistrationServicesImpl#removeRegistration method.
Enters RegistrationServicesImpl#getRegistration method.
Starts calling UserRetrieval#retrieveUser in RegistrationServicesImpl#getRegistration.
Finished calling UserRetrieval#retrieveUser in RegistrationServicesImpl#getRegistration.
Starts calling ProjectServices#getFullProjectData method.
Finished calling ProjectServices#getFullProjectData method.
Exists RegistrationServicesImpl#getRegistration method.
Enters RegistrationServicesImpl#registerForProject method.
Enters RegistrationServicesImpl#validateRegistration method.
Starts calling UserRetrieval#retrieveUser in RegistrationServicesImpl#validateRegistration.
Finished calling UserRetrieval#retrieveUser in RegistrationServicesImpl#validateRegistration.
Starts calling ProjectServices#getFullProjectData method.
Finished calling ProjectServices#getFullProjectData method.
Starts calling RegistrationValidator#validate method.
Finished calling RegistrationValidator#validate method.
Exits RegistrationServicesImpl#validateRegistration method.
Starts calling ResourceManager#removeResource in RegistrationServicesImpl#registerForProject.
Finished calling ResourceManager#removeResource in RegistrationServicesImpl#registerForProject.
Starts calling UserRetrieval#retrieveUser in RegistrationServicesImpl#registerForProject.
Finished calling UserRetrieval#retrieveUser in RegistrationServicesImpl#registerForProject.
Starts calling ResourceManager#updateResource in RegistrationServicesImpl#registerForProject.
Finished calling ResourceManager#updateResource in RegistrationServicesImpl#registerForProject.
Exits RegistrationServicesImpl#registerForProject method.
Enters RegistrationServicesImpl#removeRegistration method.
Starts calling UserRetrieval#retrieveUser in RegistrationServicesImpl#removeRegistration.
Finished calling UserRetrieval#retrieveUser in RegistrationServicesImpl#removeRegistration.
Starts calling ProjectServices#getFullProjectData in RegistrationServicesImpl#removeRegistration.
Finished calling ProjectServices#getFullProjectData in RegistrationServicesImpl#removeRegistration.
Starts calling TeamManager#findPositions method.
Finished calling TeamManager#findPositions method.
Starts calling TeamManager#getTeamFromPosition method.
Finished calling TeamManager#getTeamFromPosition method.
Starts calling ResourceManager#removeResource in RegistrationServicesImpl#removeRegistration.
Finished calling ResourceManager#removeResource in RegistrationServicesImpl#removeRegistration.
Starts calling TeamServices#removeMember in RegistrationServicesImpl#removeRegistration.
Finished calling TeamServices#removeTeam in RegistrationServicesImpl#removeRegistration.
Starts calling ContactMemberServices#sendMessage in RegistrationServicesImpl#removeRegistration.
Finished calling ContactMemberServices#sendMessage in RegistrationServicesImpl#removeRegistration.
Starts calling BanManager#banUser in RegistrationServicesImpl#removeRegistration.
Finished calling BanManager#banUser in RegistrationServicesImpl#removeRegistration.
Exits RegistrationServicesImpl#removeRegistration method.
Enters RegistrationServicesImpl#getRegistration method.
Starts calling UserRetrieval#retrieveUser in RegistrationServicesImpl#getRegistration.
Finished calling UserRetrieval#retrieveUser in RegistrationServicesImpl#getRegistration.
Starts calling ProjectServices#getFullProjectData method.
Finished calling ProjectServices#getFullProjectData method.
Exists RegistrationServicesImpl#getRegistration method.
Enters RegistrationServicesImpl#registerForProject method.
Enters RegistrationServicesImpl#validateRegistration method.
Starts calling UserRetrieval#retrieveUser in RegistrationServicesImpl#validateRegistration.
Finished calling UserRetrieval#retrieveUser in RegistrationServicesImpl#validateRegistration.
Starts calling ProjectServices#getFullProjectData method.
Finished calling ProjectServices#getFullProjectData method.
Starts calling RegistrationValidator#validate method.
Finished calling RegistrationValidator#validate method.
Exits RegistrationServicesImpl#validateRegistration method.
Starts calling ResourceManager#removeResource in RegistrationServicesImpl#registerForProject.
Finished calling ResourceManager#removeResource in RegistrationServicesImpl#registerForProject.
Starts calling UserRetrieval#retrieveUser in RegistrationServicesImpl#registerForProject.
Finished calling UserRetrieval#retrieveUser in RegistrationServicesImpl#registerForProject.
Starts calling ResourceManager#updateResource in RegistrationServicesImpl#registerForProject.
Finished calling ResourceManager#updateResource in RegistrationServicesImpl#registerForProject.
Exits RegistrationServicesImpl#registerForProject method.
Enters RegistrationServicesImpl#removeRegistration method.
Starts calling UserRetrieval#retrieveUser in RegistrationServicesImpl#removeRegistration.
Finished calling UserRetrieval#retrieveUser in RegistrationServicesImpl#removeRegistration.
Starts calling ProjectServices#getFullProjectData in RegistrationServicesImpl#removeRegistration.
Finished calling ProjectServices#getFullProjectData in RegistrationServicesImpl#removeRegistration.
Starts calling TeamManager#findPositions method.
Finished calling TeamManager#findPositions method.
Starts calling TeamManager#getTeamFromPosition method.
Finished calling TeamManager#getTeamFromPosition method.
Starts calling ResourceManager#removeResource in RegistrationServicesImpl#removeRegistration.
Finished calling ResourceManager#removeResource in RegistrationServicesImpl#removeRegistration.
Starts calling TeamServices#removeMember in RegistrationServicesImpl#removeRegistration.
Finished calling TeamServices#removeTeam in RegistrationServicesImpl#removeRegistration.
Starts calling ContactMemberServices#sendMessage in RegistrationServicesImpl#removeRegistration.
Finished calling ContactMemberServices#sendMessage in RegistrationServicesImpl#removeRegistration.
Starts calling BanManager#banUser in RegistrationServicesImpl#removeRegistration.
Finished calling BanManager#banUser in RegistrationServicesImpl#removeRegistration.
Exits RegistrationServicesImpl#removeRegistration method.
Enters RegistrationServicesImpl#getRegistration method.
Starts calling UserRetrieval#retrieveUser in RegistrationServicesImpl#getRegistration.
Finished calling UserRetrieval#retrieveUser in RegistrationServicesImpl#getRegistration.
Starts calling ProjectServices#getFullProjectData method.
Finished calling ProjectServices#getFullProjectData method.
Exists RegistrationServicesImpl#getRegistration method.
Enters RegistrationServicesImpl#registerForProject method.
Enters RegistrationServicesImpl#validateRegistration method.
Starts calling UserRetrieval#retrieveUser in RegistrationServicesImpl#validateRegistration.
Finished calling UserRetrieval#retrieveUser in RegistrationServicesImpl#validateRegistration.
Starts calling ProjectServices#getFullProjectData method.
Finished calling ProjectServices#getFullProjectData method.
Starts calling RegistrationValidator#validate method.
Finished calling RegistrationValidator#validate method.
Exits RegistrationServicesImpl#validateRegistration method.
Starts calling ResourceManager#removeResource in RegistrationServicesImpl#registerForProject.
Finished calling ResourceManager#removeResource in RegistrationServicesImpl#registerForProject.
Starts calling UserRetrieval#retrieveUser in RegistrationServicesImpl#registerForProject.
Finished calling UserRetrieval#retrieveUser in RegistrationServicesImpl#registerForProject.
Starts calling ResourceManager#updateResource in RegistrationServicesImpl#registerForProject.
Finished calling ResourceManager#updateResource in RegistrationServicesImpl#registerForProject.
Exits RegistrationServicesImpl#registerForProject method.
Enters RegistrationServicesImpl#removeRegistration method.
Starts calling UserRetrieval#retrieveUser in RegistrationServicesImpl#removeRegistration.
Finished calling UserRetrieval#retrieveUser in RegistrationServicesImpl#removeRegistration.
Starts calling ProjectServices#getFullProjectData in RegistrationServicesImpl#removeRegistration.
Finished calling ProjectServices#getFullProjectData in RegistrationServicesImpl#removeRegistration.
Starts calling TeamManager#findPositions method.
Finished calling TeamManager#findPositions method.
Starts calling TeamManager#getTeamFromPosition method.
Finished calling TeamManager#getTeamFromPosition method.
Starts calling ResourceManager#removeResource in RegistrationServicesImpl#removeRegistration.
Finished calling ResourceManager#removeResource in RegistrationServicesImpl#removeRegistration.
Starts calling TeamServices#removeMember in RegistrationServicesImpl#removeRegistration.
Finished calling TeamServices#removeTeam in RegistrationServicesImpl#removeRegistration.
Starts calling ContactMemberServices#sendMessage in RegistrationServicesImpl#removeRegistration.
Finished calling ContactMemberServices#sendMessage in RegistrationServicesImpl#removeRegistration.
Starts calling BanManager#banUser in RegistrationServicesImpl#removeRegistration.
Finished calling BanManager#banUser in RegistrationServicesImpl#removeRegistration.
Exits RegistrationServicesImpl#removeRegistration method.
Enters RegistrationServicesImpl#getRegistration method.
Starts calling UserRetrieval#retrieveUser in RegistrationServicesImpl#getRegistration.
Finished calling UserRetrieval#retrieveUser in RegistrationServicesImpl#getRegistration.
Starts calling ProjectServices#getFullProjectData method.
Finished calling ProjectServices#getFullProjectData method.
Exists RegistrationServicesImpl#getRegistration method.
Enters RegistrationServicesImpl#registerForProject method.
Enters RegistrationServicesImpl#validateRegistration method.
Starts calling UserRetrieval#retrieveUser in RegistrationServicesImpl#validateRegistration.
Finished calling UserRetrieval#retrieveUser in RegistrationServicesImpl#validateRegistration.
Starts calling ProjectServices#getFullProjectData method.
Finished calling ProjectServices#getFullProjectData method.
Starts calling RegistrationValidator#validate method.
Finished calling RegistrationValidator#validate method.
Exits RegistrationServicesImpl#validateRegistration method.
Starts calling ResourceManager#removeResource in RegistrationServicesImpl#registerForProject.
Finished calling ResourceManager#removeResource in RegistrationServicesImpl#registerForProject.
Starts calling UserRetrieval#retrieveUser in RegistrationServicesImpl#registerForProject.
Finished calling UserRetrieval#retrieveUser in RegistrationServicesImpl#registerForProject.
Starts calling ResourceManager#updateResource in RegistrationServicesImpl#registerForProject.
Finished calling ResourceManager#updateResource in RegistrationServicesImpl#registerForProject.
Exits RegistrationServicesImpl#registerForProject method.
Enters RegistrationServicesImpl#removeRegistration method.
Starts calling UserRetrieval#retrieveUser in RegistrationServicesImpl#removeRegistration.
Finished calling UserRetrieval#retrieveUser in RegistrationServicesImpl#removeRegistration.
Starts calling ProjectServices#getFullProjectData in RegistrationServicesImpl#removeRegistration.
Finished calling ProjectServices#getFullProjectData in RegistrationServicesImpl#removeRegistration.
Starts calling TeamManager#findPositions method.
Finished calling TeamManager#findPositions method.
Starts calling TeamManager#getTeamFromPosition method.
Finished calling TeamManager#getTeamFromPosition method.
Starts calling ResourceManager#removeResource in RegistrationServicesImpl#removeRegistration.
Finished calling ResourceManager#removeResource in RegistrationServicesImpl#removeRegistration.
Starts calling TeamServices#removeMember in RegistrationServicesImpl#removeRegistration.
Finished calling TeamServices#removeTeam in RegistrationServicesImpl#removeRegistration.
Starts calling ContactMemberServices#sendMessage in RegistrationServicesImpl#removeRegistration.
Finished calling ContactMemberServices#sendMessage in RegistrationServicesImpl#removeRegistration.
Starts calling BanManager#banUser in RegistrationServicesImpl#removeRegistration.
Finished calling BanManager#banUser in RegistrationServicesImpl#removeRegistration.
Exits RegistrationServicesImpl#removeRegistration method.
Enters RegistrationServicesImpl#getRegistration method.
Starts calling UserRetrieval#retrieveUser in RegistrationServicesImpl#getRegistration.
Finished calling UserRetrieval#retrieveUser in RegistrationServicesImpl#getRegistration.
Starts calling ProjectServices#getFullProjectData method.
Finished calling ProjectServices#getFullProjectData method.
Exists RegistrationServicesImpl#getRegistration method.
Enters RegistrationServicesImpl#registerForProject method.
Enters RegistrationServicesImpl#validateRegistration method.
Starts calling UserRetrieval#retrieveUser in RegistrationServicesImpl#validateRegistration.
Finished calling UserRetrieval#retrieveUser in RegistrationServicesImpl#validateRegistration.
Starts calling ProjectServices#getFullProjectData method.
Finished calling ProjectServices#getFullProjectData method.
Starts calling RegistrationValidator#validate method.
Finished calling RegistrationValidator#validate method.
Exits RegistrationServicesImpl#validateRegistration method.
Starts calling ResourceManager#removeResource in RegistrationServicesImpl#registerForProject.
Finished calling ResourceManager#removeResource in RegistrationServicesImpl#registerForProject.
Starts calling UserRetrieval#retrieveUser in RegistrationServicesImpl#registerForProject.
Finished calling UserRetrieval#retrieveUser in RegistrationServicesImpl#registerForProject.
Starts calling ResourceManager#updateResource in RegistrationServicesImpl#registerForProject.
Finished calling ResourceManager#updateResource in RegistrationServicesImpl#registerForProject.
Exits RegistrationServicesImpl#registerForProject method.
Enters RegistrationServicesImpl#removeRegistration method.
Starts calling UserRetrieval#retrieveUser in RegistrationServicesImpl#removeRegistration.
Finished calling UserRetrieval#retrieveUser in RegistrationServicesImpl#removeRegistration.
Starts calling ProjectServices#getFullProjectData in RegistrationServicesImpl#removeRegistration.
Finished calling ProjectServices#getFullProjectData in RegistrationServicesImpl#removeRegistration.
Starts calling TeamManager#findPositions method.
Finished calling TeamManager#findPositions method.
Starts calling TeamManager#getTeamFromPosition method.
Finished calling TeamManager#getTeamFromPosition method.
Starts calling ResourceManager#removeResource in RegistrationServicesImpl#removeRegistration.
Finished calling ResourceManager#removeResource in RegistrationServicesImpl#removeRegistration.
Starts calling TeamServices#removeMember in RegistrationServicesImpl#removeRegistration.
Finished calling TeamServices#removeTeam in RegistrationServicesImpl#removeRegistration.
Starts calling ContactMemberServices#sendMessage in RegistrationServicesImpl#removeRegistration.
Finished calling ContactMemberServices#sendMessage in RegistrationServicesImpl#removeRegistration.
Starts calling BanManager#banUser in RegistrationServicesImpl#removeRegistration.
Finished calling BanManager#banUser in RegistrationServicesImpl#removeRegistration.
Exits RegistrationServicesImpl#removeRegistration method.
Enters RegistrationServicesImpl#getRegistration method.
Starts calling UserRetrieval#retrieveUser in RegistrationServicesImpl#getRegistration.
Finished calling UserRetrieval#retrieveUser in RegistrationServicesImpl#getRegistration.
Starts calling ProjectServices#getFullProjectData method.
Finished calling ProjectServices#getFullProjectData method.
Exists RegistrationServicesImpl#getRegistration method.
Enters RegistrationServicesImpl#registerForProject method.
Enters RegistrationServicesImpl#validateRegistration method.
Starts calling UserRetrieval#retrieveUser in RegistrationServicesImpl#validateRegistration.
Finished calling UserRetrieval#retrieveUser in RegistrationServicesImpl#validateRegistration.
Starts calling ProjectServices#getFullProjectData method.
Finished calling ProjectServices#getFullProjectData method.
Starts calling RegistrationValidator#validate method.
Finished calling RegistrationValidator#validate method.
Exits RegistrationServicesImpl#validateRegistration method.
Starts calling ResourceManager#removeResource in RegistrationServicesImpl#registerForProject.
Finished calling ResourceManager#removeResource in RegistrationServicesImpl#registerForProject.
Starts calling UserRetrieval#retrieveUser in RegistrationServicesImpl#registerForProject.
Finished calling UserRetrieval#retrieveUser in RegistrationServicesImpl#registerForProject.
Starts calling ResourceManager#updateResource in RegistrationServicesImpl#registerForProject.
Finished calling ResourceManager#updateResource in RegistrationServicesImpl#registerForProject.
Exits RegistrationServicesImpl#registerForProject method.
Enters RegistrationServicesImpl#removeRegistration method.
Starts calling UserRetrieval#retrieveUser in RegistrationServicesImpl#removeRegistration.
Finished calling UserRetrieval#retrieveUser in RegistrationServicesImpl#removeRegistration.
Starts calling ProjectServices#getFullProjectData in RegistrationServicesImpl#removeRegistration.
Finished calling ProjectServices#getFullProjectData in RegistrationServicesImpl#removeRegistration.
Starts calling TeamManager#findPositions method.
Finished calling TeamManager#findPositions method.
Starts calling TeamManager#getTeamFromPosition method.
Finished calling TeamManager#getTeamFromPosition method.
Starts calling ResourceManager#removeResource in RegistrationServicesImpl#removeRegistration.
Finished calling ResourceManager#removeResource in RegistrationServicesImpl#removeRegistration.
Starts calling TeamServices#removeMember in RegistrationServicesImpl#removeRegistration.
Finished calling TeamServices#removeTeam in RegistrationServicesImpl#removeRegistration.
Starts calling ContactMemberServices#sendMessage in RegistrationServicesImpl#removeRegistration.
Finished calling ContactMemberServices#sendMessage in RegistrationServicesImpl#removeRegistration.
Starts calling BanManager#banUser in RegistrationServicesImpl#removeRegistration.
Finished calling BanManager#banUser in RegistrationServicesImpl#removeRegistration.
Exits RegistrationServicesImpl#removeRegistration method.
Enters RegistrationServicesImpl#getRegistration method.
Starts calling UserRetrieval#retrieveUser in RegistrationServicesImpl#getRegistration.
Finished calling UserRetrieval#retrieveUser in RegistrationServicesImpl#getRegistration.
Starts calling ProjectServices#getFullProjectData method.
Finished calling ProjectServices#getFullProjectData method.
Exists RegistrationServicesImpl#getRegistration method.
Enters RegistrationServicesImpl#registerForProject method.
Enters RegistrationServicesImpl#validateRegistration method.
Starts calling UserRetrieval#retrieveUser in RegistrationServicesImpl#validateRegistration.
Finished calling UserRetrieval#retrieveUser in RegistrationServicesImpl#validateRegistration.
Starts calling ProjectServices#getFullProjectData method.
Finished calling ProjectServices#getFullProjectData method.
Starts calling RegistrationValidator#validate method.
Finished calling RegistrationValidator#validate method.
Exits RegistrationServicesImpl#validateRegistration method.
Starts calling ResourceManager#removeResource in RegistrationServicesImpl#registerForProject.
Finished calling ResourceManager#removeResource in RegistrationServicesImpl#registerForProject.
Starts calling UserRetrieval#retrieveUser in RegistrationServicesImpl#registerForProject.
Finished calling UserRetrieval#retrieveUser in RegistrationServicesImpl#registerForProject.
Starts calling ResourceManager#updateResource in RegistrationServicesImpl#registerForProject.
Finished calling ResourceManager#updateResource in RegistrationServicesImpl#registerForProject.
Exits RegistrationServicesImpl#registerForProject method.
Enters RegistrationServicesImpl#removeRegistration method.
Starts calling UserRetrieval#retrieveUser in RegistrationServicesImpl#removeRegistration.
Finished calling UserRetrieval#retrieveUser in RegistrationServicesImpl#removeRegistration.
Starts calling ProjectServices#getFullProjectData in RegistrationServicesImpl#removeRegistration.
Finished calling ProjectServices#getFullProjectData in RegistrationServicesImpl#removeRegistration.
Starts calling TeamManager#findPositions method.
Finished calling TeamManager#findPositions method.
Starts calling TeamManager#getTeamFromPosition method.
Finished calling TeamManager#getTeamFromPosition method.
Starts calling ResourceManager#removeResource in RegistrationServicesImpl#removeRegistration.
Finished calling ResourceManager#removeResource in RegistrationServicesImpl#removeRegistration.
Starts calling TeamServices#removeMember in RegistrationServicesImpl#removeRegistration.
Finished calling TeamServices#removeTeam in RegistrationServicesImpl#removeRegistration.
Starts calling ContactMemberServices#sendMessage in RegistrationServicesImpl#removeRegistration.
Finished calling ContactMemberServices#sendMessage in RegistrationServicesImpl#removeRegistration.
Starts calling BanManager#banUser in RegistrationServicesImpl#removeRegistration.
Finished calling BanManager#banUser in RegistrationServicesImpl#removeRegistration.
Exits RegistrationServicesImpl#removeRegistration method.
Enters RegistrationServicesImpl#getRegistration method.
Starts calling UserRetrieval#retrieveUser in RegistrationServicesImpl#getRegistration.
Finished calling UserRetrieval#retrieveUser in RegistrationServicesImpl#getRegistration.
Starts calling ProjectServices#getFullProjectData method.
Finished calling ProjectServices#getFullProjectData method.
Exists RegistrationServicesImpl#getRegistration method.
Enters RegistrationServicesImpl#registerForProject method.
Enters RegistrationServicesImpl#validateRegistration method.
Starts calling UserRetrieval#retrieveUser in RegistrationServicesImpl#validateRegistration.
Finished calling UserRetrieval#retrieveUser in RegistrationServicesImpl#validateRegistration.
Starts calling ProjectServices#getFullProjectData method.
Finished calling ProjectServices#getFullProjectData method.
Starts calling RegistrationValidator#validate method.
Finished calling RegistrationValidator#validate method.
Exits RegistrationServicesImpl#validateRegistration method.
Starts calling ResourceManager#removeResource in RegistrationServicesImpl#registerForProject.
Finished calling ResourceManager#removeResource in RegistrationServicesImpl#registerForProject.
Starts calling UserRetrieval#retrieveUser in RegistrationServicesImpl#registerForProject.
Finished calling UserRetrieval#retrieveUser in RegistrationServicesImpl#registerForProject.
Starts calling ResourceManager#updateResource in RegistrationServicesImpl#registerForProject.
Finished calling ResourceManager#updateResource in RegistrationServicesImpl#registerForProject.
Exits RegistrationServicesImpl#registerForProject method.
Enters RegistrationServicesImpl#removeRegistration method.
Starts calling UserRetrieval#retrieveUser in RegistrationServicesImpl#removeRegistration.
Finished calling UserRetrieval#retrieveUser in RegistrationServicesImpl#removeRegistration.
Starts calling ProjectServices#getFullProjectData in RegistrationServicesImpl#removeRegistration.
Finished calling ProjectServices#getFullProjectData in RegistrationServicesImpl#removeRegistration.
Starts calling TeamManager#findPositions method.
Finished calling TeamManager#findPositions method.
Starts calling TeamManager#getTeamFromPosition method.
Finished calling TeamManager#getTeamFromPosition method.
Starts calling ResourceManager#removeResource in RegistrationServicesImpl#removeRegistration.
Finished calling ResourceManager#removeResource in RegistrationServicesImpl#removeRegistration.
Starts calling TeamServices#removeMember in RegistrationServicesImpl#removeRegistration.
Finished calling TeamServices#removeTeam in RegistrationServicesImpl#removeRegistration.
Starts calling ContactMemberServices#sendMessage in RegistrationServicesImpl#removeRegistration.
Finished calling ContactMemberServices#sendMessage in RegistrationServicesImpl#removeRegistration.
Starts calling BanManager#banUser in RegistrationServicesImpl#removeRegistration.
Finished calling BanManager#banUser in RegistrationServicesImpl#removeRegistration.
Exits RegistrationServicesImpl#removeRegistration method.
Enters RegistrationServicesImpl#getRegistration method.
Starts calling UserRetrieval#retrieveUser in RegistrationServicesImpl#getRegistration.
Finished calling UserRetrieval#retrieveUser in RegistrationServicesImpl#getRegistration.
Starts calling ProjectServices#getFullProjectData method.
Finished calling ProjectServices#getFullProjectData method.
Exists RegistrationServicesImpl#getRegistration method.
Enters RegistrationServicesImpl#registerForProject method.
Enters RegistrationServicesImpl#validateRegistration method.
Starts calling UserRetrieval#retrieveUser in RegistrationServicesImpl#validateRegistration.
Finished calling UserRetrieval#retrieveUser in RegistrationServicesImpl#validateRegistration.
Starts calling ProjectServices#getFullProjectData method.
Finished calling ProjectServices#getFullProjectData method.
Starts calling RegistrationValidator#validate method.
Finished calling RegistrationValidator#validate method.
Exits RegistrationServicesImpl#validateRegistration method.
Starts calling ResourceManager#removeResource in RegistrationServicesImpl#registerForProject.
Finished calling ResourceManager#removeResource in RegistrationServicesImpl#registerForProject.
Starts calling UserRetrieval#retrieveUser in RegistrationServicesImpl#registerForProject.
Finished calling UserRetrieval#retrieveUser in RegistrationServicesImpl#registerForProject.
Starts calling ResourceManager#updateResource in RegistrationServicesImpl#registerForProject.
Finished calling ResourceManager#updateResource in RegistrationServicesImpl#registerForProject.
Exits RegistrationServicesImpl#registerForProject method.
Enters RegistrationServicesImpl#removeRegistration method.
Starts calling UserRetrieval#retrieveUser in RegistrationServicesImpl#removeRegistration.
Finished calling UserRetrieval#retrieveUser in RegistrationServicesImpl#removeRegistration.
Starts calling ProjectServices#getFullProjectData in RegistrationServicesImpl#removeRegistration.
Finished calling ProjectServices#getFullProjectData in RegistrationServicesImpl#removeRegistration.
Starts calling TeamManager#findPositions method.
Finished calling TeamManager#findPositions method.
Starts calling TeamManager#getTeamFromPosition method.
Finished calling TeamManager#getTeamFromPosition method.
Starts calling ResourceManager#removeResource in RegistrationServicesImpl#removeRegistration.
Finished calling ResourceManager#removeResource in RegistrationServicesImpl#removeRegistration.
Starts calling TeamServices#removeMember in RegistrationServicesImpl#removeRegistration.
Finished calling TeamServices#removeTeam in RegistrationServicesImpl#removeRegistration.
Starts calling ContactMemberServices#sendMessage in RegistrationServicesImpl#removeRegistration.
Finished calling ContactMemberServices#sendMessage in RegistrationServicesImpl#removeRegistration.
Starts calling BanManager#banUser in RegistrationServicesImpl#removeRegistration.
Finished calling BanManager#banUser in RegistrationServicesImpl#removeRegistration.
Exits RegistrationServicesImpl#removeRegistration method.
Enters RegistrationServicesImpl#getRegistration method.
Starts calling UserRetrieval#retrieveUser in RegistrationServicesImpl#getRegistration.
Finished calling UserRetrieval#retrieveUser in RegistrationServicesImpl#getRegistration.
Starts calling ProjectServices#getFullProjectData method.
Finished calling ProjectServices#getFullProjectData method.
Exists RegistrationServicesImpl#getRegistration method.
Enters RegistrationServicesImpl#registerForProject method.
Enters RegistrationServicesImpl#validateRegistration method.
Starts calling UserRetrieval#retrieveUser in RegistrationServicesImpl#validateRegistration.
Finished calling UserRetrieval#retrieveUser in RegistrationServicesImpl#validateRegistration.
Starts calling ProjectServices#getFullProjectData method.
Finished calling ProjectServices#getFullProjectData method.
Starts calling RegistrationValidator#validate method.
Finished calling RegistrationValidator#validate method.
Exits RegistrationServicesImpl#validateRegistration method.
Starts calling ResourceManager#removeResource in RegistrationServicesImpl#registerForProject.
Finished calling ResourceManager#removeResource in RegistrationServicesImpl#registerForProject.
Starts calling UserRetrieval#retrieveUser in RegistrationServicesImpl#registerForProject.
Finished calling UserRetrieval#retrieveUser in RegistrationServicesImpl#registerForProject.
Starts calling ResourceManager#updateResource in RegistrationServicesImpl#registerForProject.
Finished calling ResourceManager#updateResource in RegistrationServicesImpl#registerForProject.
Exits RegistrationServicesImpl#registerForProject method.
Enters RegistrationServicesImpl#removeRegistration method.
Starts calling UserRetrieval#retrieveUser in RegistrationServicesImpl#removeRegistration.
Finished calling UserRetrieval#retrieveUser in RegistrationServicesImpl#removeRegistration.
Starts calling ProjectServices#getFullProjectData in RegistrationServicesImpl#removeRegistration.
Finished calling ProjectServices#getFullProjectData in RegistrationServicesImpl#removeRegistration.
Starts calling TeamManager#findPositions method.
Finished calling TeamManager#findPositions method.
Starts calling TeamManager#getTeamFromPosition method.
Finished calling TeamManager#getTeamFromPosition method.
Starts calling ResourceManager#removeResource in RegistrationServicesImpl#removeRegistration.
Finished calling ResourceManager#removeResource in RegistrationServicesImpl#removeRegistration.
Starts calling TeamServices#removeMember in RegistrationServicesImpl#removeRegistration.
Finished calling TeamServices#removeTeam in RegistrationServicesImpl#removeRegistration.
Starts calling ContactMemberServices#sendMessage in RegistrationServicesImpl#removeRegistration.
Finished calling ContactMemberServices#sendMessage in RegistrationServicesImpl#removeRegistration.
Starts calling BanManager#banUser in RegistrationServicesImpl#removeRegistration.
Finished calling BanManager#banUser in RegistrationServicesImpl#removeRegistration.
Exits RegistrationServicesImpl#removeRegistration method.
Enters RegistrationServicesImpl#getRegistration method.
Starts calling UserRetrieval#retrieveUser in RegistrationServicesImpl#getRegistration.
Finished calling UserRetrieval#retrieveUser in RegistrationServicesImpl#getRegistration.
Starts calling ProjectServices#getFullProjectData method.
Finished calling ProjectServices#getFullProjectData method.
Exists RegistrationServicesImpl#getRegistration method.
Enters RegistrationServicesImpl#registerForProject method.
Enters RegistrationServicesImpl#validateRegistration method.
Starts calling UserRetrieval#retrieveUser in RegistrationServicesImpl#validateRegistration.
Finished calling UserRetrieval#retrieveUser in RegistrationServicesImpl#validateRegistration.
Starts calling ProjectServices#getFullProjectData method.
Finished calling ProjectServices#getFullProjectData method.
Starts calling RegistrationValidator#validate method.
Finished calling RegistrationValidator#validate method.
Exits RegistrationServicesImpl#validateRegistration method.
Starts calling ResourceManager#removeResource in RegistrationServicesImpl#registerForProject.
Finished calling ResourceManager#removeResource in RegistrationServicesImpl#registerForProject.
Starts calling UserRetrieval#retrieveUser in RegistrationServicesImpl#registerForProject.
Finished calling UserRetrieval#retrieveUser in RegistrationServicesImpl#registerForProject.
Starts calling ResourceManager#updateResource in RegistrationServicesImpl#registerForProject.
Finished calling ResourceManager#updateResource in RegistrationServicesImpl#registerForProject.
Exits RegistrationServicesImpl#registerForProject method.
Enters RegistrationServicesImpl#removeRegistration method.
Starts calling UserRetrieval#retrieveUser in RegistrationServicesImpl#removeRegistration.
Finished calling UserRetrieval#retrieveUser in RegistrationServicesImpl#removeRegistration.
Starts calling ProjectServices#getFullProjectData in RegistrationServicesImpl#removeRegistration.
Finished calling ProjectServices#getFullProjectData in RegistrationServicesImpl#removeRegistration.
Starts calling TeamManager#findPositions method.
Finished calling TeamManager#findPositions method.
Starts calling TeamManager#getTeamFromPosition method.
Finished calling TeamManager#getTeamFromPosition method.
Starts calling ResourceManager#removeResource in RegistrationServicesImpl#removeRegistration.
Finished calling ResourceManager#removeResource in RegistrationServicesImpl#removeRegistration.
Starts calling TeamServices#removeMember in RegistrationServicesImpl#removeRegistration.
Finished calling TeamServices#removeTeam in RegistrationServicesImpl#removeRegistration.
Starts calling ContactMemberServices#sendMessage in RegistrationServicesImpl#removeRegistration.
Finished calling ContactMemberServices#sendMessage in RegistrationServicesImpl#removeRegistration.
Starts calling BanManager#banUser in RegistrationServicesImpl#removeRegistration.
Finished calling BanManager#banUser in RegistrationServicesImpl#removeRegistration.
Exits RegistrationServicesImpl#removeRegistration method.
Enters RegistrationServicesImpl#getRegistration method.
Starts calling UserRetrieval#retrieveUser in RegistrationServicesImpl#getRegistration.
Finished calling UserRetrieval#retrieveUser in RegistrationServicesImpl#getRegistration.
Starts calling ProjectServices#getFullProjectData method.
Finished calling ProjectServices#getFullProjectData method.
Exists RegistrationServicesImpl#getRegistration method.
Enters RegistrationServicesImpl#registerForProject method.
Enters RegistrationServicesImpl#validateRegistration method.
Starts calling UserRetrieval#retrieveUser in RegistrationServicesImpl#validateRegistration.
Finished calling UserRetrieval#retrieveUser in RegistrationServicesImpl#validateRegistration.
Starts calling ProjectServices#getFullProjectData method.
Finished calling ProjectServices#getFullProjectData method.
Starts calling RegistrationValidator#validate method.
Finished calling RegistrationValidator#validate method.
Exits RegistrationServicesImpl#validateRegistration method.
Starts calling ResourceManager#removeResource in RegistrationServicesImpl#registerForProject.
Finished calling ResourceManager#removeResource in RegistrationServicesImpl#registerForProject.
Starts calling UserRetrieval#retrieveUser in RegistrationServicesImpl#registerForProject.
Finished calling UserRetrieval#retrieveUser in RegistrationServicesImpl#registerForProject.
Starts calling ResourceManager#updateResource in RegistrationServicesImpl#registerForProject.
Finished calling ResourceManager#updateResource in RegistrationServicesImpl#registerForProject.
Exits RegistrationServicesImpl#registerForProject method.
Enters RegistrationServicesImpl#removeRegistration method.
Starts calling UserRetrieval#retrieveUser in RegistrationServicesImpl#removeRegistration.
Finished calling UserRetrieval#retrieveUser in RegistrationServicesImpl#removeRegistration.
Starts calling ProjectServices#getFullProjectData in RegistrationServicesImpl#removeRegistration.
Finished calling ProjectServices#getFullProjectData in RegistrationServicesImpl#removeRegistration.
Starts calling TeamManager#findPositions method.
Finished calling TeamManager#findPositions method.
Starts calling TeamManager#getTeamFromPosition method.
Finished calling TeamManager#getTeamFromPosition method.
Starts calling ResourceManager#removeResource in RegistrationServicesImpl#removeRegistration.
Finished calling ResourceManager#removeResource in RegistrationServicesImpl#removeRegistration.
Starts calling TeamServices#removeMember in RegistrationServicesImpl#removeRegistration.
Finished calling TeamServices#removeTeam in RegistrationServicesImpl#removeRegistration.
Starts calling ContactMemberServices#sendMessage in RegistrationServicesImpl#removeRegistration.
Finished calling ContactMemberServices#sendMessage in RegistrationServicesImpl#removeRegistration.
Starts calling BanManager#banUser in RegistrationServicesImpl#removeRegistration.
Finished calling BanManager#banUser in RegistrationServicesImpl#removeRegistration.
Exits RegistrationServicesImpl#removeRegistration method.
Enters RegistrationServicesImpl#getRegistration method.
Starts calling UserRetrieval#retrieveUser in RegistrationServicesImpl#getRegistration.
Finished calling UserRetrieval#retrieveUser in RegistrationServicesImpl#getRegistration.
Starts calling ProjectServices#getFullProjectData method.
Finished calling ProjectServices#getFullProjectData method.
Exists RegistrationServicesImpl#getRegistration method.
Enters RegistrationServicesImpl#registerForProject method.
Enters RegistrationServicesImpl#validateRegistration method.
Starts calling UserRetrieval#retrieveUser in RegistrationServicesImpl#validateRegistration.
Finished calling UserRetrieval#retrieveUser in RegistrationServicesImpl#validateRegistration.
Starts calling ProjectServices#getFullProjectData method.
Finished calling ProjectServices#getFullProjectData method.
Starts calling RegistrationValidator#validate method.
Finished calling RegistrationValidator#validate method.
Exits RegistrationServicesImpl#validateRegistration method.
Starts calling ResourceManager#removeResource in RegistrationServicesImpl#registerForProject.
Finished calling ResourceManager#removeResource in RegistrationServicesImpl#registerForProject.
Starts calling UserRetrieval#retrieveUser in RegistrationServicesImpl#registerForProject.
Finished calling UserRetrieval#retrieveUser in RegistrationServicesImpl#registerForProject.
Starts calling ResourceManager#updateResource in RegistrationServicesImpl#registerForProject.
Finished calling ResourceManager#updateResource in RegistrationServicesImpl#registerForProject.
Exits RegistrationServicesImpl#registerForProject method.
Enters RegistrationServicesImpl#removeRegistration method.
Starts calling UserRetrieval#retrieveUser in RegistrationServicesImpl#removeRegistration.
Finished calling UserRetrieval#retrieveUser in RegistrationServicesImpl#removeRegistration.
Starts calling ProjectServices#getFullProjectData in RegistrationServicesImpl#removeRegistration.
Finished calling ProjectServices#getFullProjectData in RegistrationServicesImpl#removeRegistration.
Starts calling TeamManager#findPositions method.
Finished calling TeamManager#findPositions method.
Starts calling TeamManager#getTeamFromPosition method.
Finished calling TeamManager#getTeamFromPosition method.
Starts calling ResourceManager#removeResource in RegistrationServicesImpl#removeRegistration.
Finished calling ResourceManager#removeResource in RegistrationServicesImpl#removeRegistration.
Starts calling TeamServices#removeMember in RegistrationServicesImpl#removeRegistration.
Finished calling TeamServices#removeTeam in RegistrationServicesImpl#removeRegistration.
Starts calling ContactMemberServices#sendMessage in RegistrationServicesImpl#removeRegistration.
Finished calling ContactMemberServices#sendMessage in RegistrationServicesImpl#removeRegistration.
Starts calling BanManager#banUser in RegistrationServicesImpl#removeRegistration.
Finished calling BanManager#banUser in RegistrationServicesImpl#removeRegistration.
Exits RegistrationServicesImpl#removeRegistration method.
Enters RegistrationServicesImpl#getRegistration method.
Starts calling UserRetrieval#retrieveUser in RegistrationServicesImpl#getRegistration.
Finished calling UserRetrieval#retrieveUser in RegistrationServicesImpl#getRegistration.
Starts calling ProjectServices#getFullProjectData method.
Finished calling ProjectServices#getFullProjectData method.
Exists RegistrationServicesImpl#getRegistration method.
Enters RegistrationServicesImpl#registerForProject method.
Enters RegistrationServicesImpl#validateRegistration method.
Starts calling UserRetrieval#retrieveUser in RegistrationServicesImpl#validateRegistration.
Finished calling UserRetrieval#retrieveUser in RegistrationServicesImpl#validateRegistration.
Starts calling ProjectServices#getFullProjectData method.
Finished calling ProjectServices#getFullProjectData method.
Starts calling RegistrationValidator#validate method.
Finished calling RegistrationValidator#validate method.
Exits RegistrationServicesImpl#validateRegistration method.
Starts calling ResourceManager#removeResource in RegistrationServicesImpl#registerForProject.
Finished calling ResourceManager#removeResource in RegistrationServicesImpl#registerForProject.
Starts calling UserRetrieval#retrieveUser in RegistrationServicesImpl#registerForProject.
Finished calling UserRetrieval#retrieveUser in RegistrationServicesImpl#registerForProject.
Starts calling ResourceManager#updateResource in RegistrationServicesImpl#registerForProject.
Finished calling ResourceManager#updateResource in RegistrationServicesImpl#registerForProject.
Exits RegistrationServicesImpl#registerForProject method.
Enters RegistrationServicesImpl#removeRegistration method.
Starts calling UserRetrieval#retrieveUser in RegistrationServicesImpl#removeRegistration.
Finished calling UserRetrieval#retrieveUser in RegistrationServicesImpl#removeRegistration.
Starts calling ProjectServices#getFullProjectData in RegistrationServicesImpl#removeRegistration.
Finished calling ProjectServices#getFullProjectData in RegistrationServicesImpl#removeRegistration.
Starts calling TeamManager#findPositions method.
Finished calling TeamManager#findPositions method.
Starts calling TeamManager#getTeamFromPosition method.
Finished calling TeamManager#getTeamFromPosition method.
Starts calling ResourceManager#removeResource in RegistrationServicesImpl#removeRegistration.
Finished calling ResourceManager#removeResource in RegistrationServicesImpl#removeRegistration.
Starts calling TeamServices#removeMember in RegistrationServicesImpl#removeRegistration.
Finished calling TeamServices#removeTeam in RegistrationServicesImpl#removeRegistration.
Starts calling ContactMemberServices#sendMessage in RegistrationServicesImpl#removeRegistration.
Finished calling ContactMemberServices#sendMessage in RegistrationServicesImpl#removeRegistration.
Starts calling BanManager#banUser in RegistrationServicesImpl#removeRegistration.
Finished calling BanManager#banUser in RegistrationServicesImpl#removeRegistration.
Exits RegistrationServicesImpl#removeRegistration method.
Enters RegistrationServicesImpl#getRegistration method.
Starts calling UserRetrieval#retrieveUser in RegistrationServicesImpl#getRegistration.
Finished calling UserRetrieval#retrieveUser in RegistrationServicesImpl#getRegistration.
Starts calling ProjectServices#getFullProjectData method.
Finished calling ProjectServices#getFullProjectData method.
Exists RegistrationServicesImpl#getRegistration method.
Enters RegistrationServicesImpl#registerForProject method.
Enters RegistrationServicesImpl#validateRegistration method.
Starts calling UserRetrieval#retrieveUser in RegistrationServicesImpl#validateRegistration.
Finished calling UserRetrieval#retrieveUser in RegistrationServicesImpl#validateRegistration.
Starts calling ProjectServices#getFullProjectData method.
Finished calling ProjectServices#getFullProjectData method.
Starts calling RegistrationValidator#validate method.
Finished calling RegistrationValidator#validate method.
Exits RegistrationServicesImpl#validateRegistration method.
Starts calling ResourceManager#removeResource in RegistrationServicesImpl#registerForProject.
Finished calling ResourceManager#removeResource in RegistrationServicesImpl#registerForProject.
Starts calling UserRetrieval#retrieveUser in RegistrationServicesImpl#registerForProject.
Finished calling UserRetrieval#retrieveUser in RegistrationServicesImpl#registerForProject.
Starts calling ResourceManager#updateResource in RegistrationServicesImpl#registerForProject.
Finished calling ResourceManager#updateResource in RegistrationServicesImpl#registerForProject.
Exits RegistrationServicesImpl#registerForProject method.
Enters RegistrationServicesImpl#removeRegistration method.
Starts calling UserRetrieval#retrieveUser in RegistrationServicesImpl#removeRegistration.
Finished calling UserRetrieval#retrieveUser in RegistrationServicesImpl#removeRegistration.
Starts calling ProjectServices#getFullProjectData in RegistrationServicesImpl#removeRegistration.
Finished calling ProjectServices#getFullProjectData in RegistrationServicesImpl#removeRegistration.
Starts calling TeamManager#findPositions method.
Finished calling TeamManager#findPositions method.
Starts calling TeamManager#getTeamFromPosition method.
Finished calling TeamManager#getTeamFromPosition method.
Starts calling ResourceManager#removeResource in RegistrationServicesImpl#removeRegistration.
Finished calling ResourceManager#removeResource in RegistrationServicesImpl#removeRegistration.
Starts calling TeamServices#removeMember in RegistrationServicesImpl#removeRegistration.
Finished calling TeamServices#removeTeam in RegistrationServicesImpl#removeRegistration.
Starts calling ContactMemberServices#sendMessage in RegistrationServicesImpl#removeRegistration.
Finished calling ContactMemberServices#sendMessage in RegistrationServicesImpl#removeRegistration.
Starts calling BanManager#banUser in RegistrationServicesImpl#removeRegistration.
Finished calling BanManager#banUser in RegistrationServicesImpl#removeRegistration.
Exits RegistrationServicesImpl#removeRegistration method.
Enters RegistrationServicesImpl#getRegistration method.
Starts calling UserRetrieval#retrieveUser in RegistrationServicesImpl#getRegistration.
Finished calling UserRetrieval#retrieveUser in RegistrationServicesImpl#getRegistration.
Starts calling ProjectServices#getFullProjectData method.
Finished calling ProjectServices#getFullProjectData method.
Exists RegistrationServicesImpl#getRegistration method.
Enters RegistrationServicesImpl#registerForProject method.
Enters RegistrationServicesImpl#validateRegistration method.
Starts calling UserRetrieval#retrieveUser in RegistrationServicesImpl#validateRegistration.
Finished calling UserRetrieval#retrieveUser in RegistrationServicesImpl#validateRegistration.
Starts calling ProjectServices#getFullProjectData method.
Finished calling ProjectServices#getFullProjectData method.
Starts calling RegistrationValidator#validate method.
Finished calling RegistrationValidator#validate method.
Exits RegistrationServicesImpl#validateRegistration method.
Starts calling ResourceManager#removeResource in RegistrationServicesImpl#registerForProject.
Finished calling ResourceManager#removeResource in RegistrationServicesImpl#registerForProject.
Starts calling UserRetrieval#retrieveUser in RegistrationServicesImpl#registerForProject.
Finished calling UserRetrieval#retrieveUser in RegistrationServicesImpl#registerForProject.
Starts calling ResourceManager#updateResource in RegistrationServicesImpl#registerForProject.
Finished calling ResourceManager#updateResource in RegistrationServicesImpl#registerForProject.
Exits RegistrationServicesImpl#registerForProject method.
Enters RegistrationServicesImpl#removeRegistration method.
Starts calling UserRetrieval#retrieveUser in RegistrationServicesImpl#removeRegistration.
Finished calling UserRetrieval#retrieveUser in RegistrationServicesImpl#removeRegistration.
Starts calling ProjectServices#getFullProjectData in RegistrationServicesImpl#removeRegistration.
Finished calling ProjectServices#getFullProjectData in RegistrationServicesImpl#removeRegistration.
Starts calling TeamManager#findPositions method.
Finished calling TeamManager#findPositions method.
Starts calling TeamManager#getTeamFromPosition method.
Finished calling TeamManager#getTeamFromPosition method.
Starts calling ResourceManager#removeResource in RegistrationServicesImpl#removeRegistration.
Finished calling ResourceManager#removeResource in RegistrationServicesImpl#removeRegistration.
Starts calling TeamServices#removeMember in RegistrationServicesImpl#removeRegistration.
Finished calling TeamServices#removeTeam in RegistrationServicesImpl#removeRegistration.
Starts calling ContactMemberServices#sendMessage in RegistrationServicesImpl#removeRegistration.
Finished calling ContactMemberServices#sendMessage in RegistrationServicesImpl#removeRegistration.
Starts calling BanManager#banUser in RegistrationServicesImpl#removeRegistration.
Finished calling BanManager#banUser in RegistrationServicesImpl#removeRegistration.
Exits RegistrationServicesImpl#removeRegistration method.
Enters RegistrationServicesImpl#getRegistration method.
Starts calling UserRetrieval#retrieveUser in RegistrationServicesImpl#getRegistration.
Finished calling UserRetrieval#retrieveUser in RegistrationServicesImpl#getRegistration.
Starts calling ProjectServices#getFullProjectData method.
Finished calling ProjectServices#getFullProjectData method.
Exists RegistrationServicesImpl#getRegistration method.
Enters RegistrationServicesImpl#registerForProject method.
Enters RegistrationServicesImpl#validateRegistration method.
Starts calling UserRetrieval#retrieveUser in RegistrationServicesImpl#validateRegistration.
Finished calling UserRetrieval#retrieveUser in RegistrationServicesImpl#validateRegistration.
Starts calling ProjectServices#getFullProjectData method.
Finished calling ProjectServices#getFullProjectData method.
Starts calling RegistrationValidator#validate method.
Finished calling RegistrationValidator#validate method.
Exits RegistrationServicesImpl#validateRegistration method.
Starts calling ResourceManager#removeResource in RegistrationServicesImpl#registerForProject.
Finished calling ResourceManager#removeResource in RegistrationServicesImpl#registerForProject.
Starts calling UserRetrieval#retrieveUser in RegistrationServicesImpl#registerForProject.
Finished calling UserRetrieval#retrieveUser in RegistrationServicesImpl#registerForProject.
Starts calling ResourceManager#updateResource in RegistrationServicesImpl#registerForProject.
Finished calling ResourceManager#updateResource in RegistrationServicesImpl#registerForProject.
Exits RegistrationServicesImpl#registerForProject method.
Enters RegistrationServicesImpl#removeRegistration method.
Starts calling UserRetrieval#retrieveUser in RegistrationServicesImpl#removeRegistration.
Finished calling UserRetrieval#retrieveUser in RegistrationServicesImpl#removeRegistration.
Starts calling ProjectServices#getFullProjectData in RegistrationServicesImpl#removeRegistration.
Finished calling ProjectServices#getFullProjectData in RegistrationServicesImpl#removeRegistration.
Starts calling TeamManager#findPositions method.
Finished calling TeamManager#findPositions method.
Starts calling TeamManager#getTeamFromPosition method.
Finished calling TeamManager#getTeamFromPosition method.
Starts calling ResourceManager#removeResource in RegistrationServicesImpl#removeRegistration.
Finished calling ResourceManager#removeResource in RegistrationServicesImpl#removeRegistration.
Starts calling TeamServices#removeMember in RegistrationServicesImpl#removeRegistration.
Finished calling TeamServices#removeTeam in RegistrationServicesImpl#removeRegistration.
Starts calling ContactMemberServices#sendMessage in RegistrationServicesImpl#removeRegistration.
Finished calling ContactMemberServices#sendMessage in RegistrationServicesImpl#removeRegistration.
Starts calling BanManager#banUser in RegistrationServicesImpl#removeRegistration.
Finished calling BanManager#banUser in RegistrationServicesImpl#removeRegistration.
Exits RegistrationServicesImpl#removeRegistration method.
Enters RegistrationServicesImpl#getRegistration method.
Starts calling UserRetrieval#retrieveUser in RegistrationServicesImpl#getRegistration.
Finished calling UserRetrieval#retrieveUser in RegistrationServicesImpl#getRegistration.
Starts calling ProjectServices#getFullProjectData method.
Finished calling ProjectServices#getFullProjectData method.
Exists RegistrationServicesImpl#getRegistration method.
Enters RegistrationServicesImpl#registerForProject method.
Enters RegistrationServicesImpl#validateRegistration method.
Starts calling UserRetrieval#retrieveUser in RegistrationServicesImpl#validateRegistration.
Finished calling UserRetrieval#retrieveUser in RegistrationServicesImpl#validateRegistration.
Starts calling ProjectServices#getFullProjectData method.
Finished calling ProjectServices#getFullProjectData method.
Starts calling RegistrationValidator#validate method.
Finished calling RegistrationValidator#validate method.
Exits RegistrationServicesImpl#validateRegistration method.
Starts calling ResourceManager#removeResource in RegistrationServicesImpl#registerForProject.
Finished calling ResourceManager#removeResource in RegistrationServicesImpl#registerForProject.
Starts calling UserRetrieval#retrieveUser in RegistrationServicesImpl#registerForProject.
Finished calling UserRetrieval#retrieveUser in RegistrationServicesImpl#registerForProject.
Starts calling ResourceManager#updateResource in RegistrationServicesImpl#registerForProject.
Finished calling ResourceManager#updateResource in RegistrationServicesImpl#registerForProject.
Exits RegistrationServicesImpl#registerForProject method.
Enters RegistrationServicesImpl#removeRegistration method.
Starts calling UserRetrieval#retrieveUser in RegistrationServicesImpl#removeRegistration.
Finished calling UserRetrieval#retrieveUser in RegistrationServicesImpl#removeRegistration.
Starts calling ProjectServices#getFullProjectData in RegistrationServicesImpl#removeRegistration.
Finished calling ProjectServices#getFullProjectData in RegistrationServicesImpl#removeRegistration.
Starts calling TeamManager#findPositions method.
Finished calling TeamManager#findPositions method.
Starts calling TeamManager#getTeamFromPosition method.
Finished calling TeamManager#getTeamFromPosition method.
Starts calling ResourceManager#removeResource in RegistrationServicesImpl#removeRegistration.
Finished calling ResourceManager#removeResource in RegistrationServicesImpl#removeRegistration.
Starts calling TeamServices#removeMember in RegistrationServicesImpl#removeRegistration.
Finished calling TeamServices#removeTeam in RegistrationServicesImpl#removeRegistration.
Starts calling ContactMemberServices#sendMessage in RegistrationServicesImpl#removeRegistration.
Finished calling ContactMemberServices#sendMessage in RegistrationServicesImpl#removeRegistration.
Starts calling BanManager#banUser in RegistrationServicesImpl#removeRegistration.
Finished calling BanManager#banUser in RegistrationServicesImpl#removeRegistration.
Exits RegistrationServicesImpl#removeRegistration method.
Enters RegistrationServicesImpl#getRegistration method.
Starts calling UserRetrieval#retrieveUser in RegistrationServicesImpl#getRegistration.
Finished calling UserRetrieval#retrieveUser in RegistrationServicesImpl#getRegistration.
Starts calling ProjectServices#getFullProjectData method.
Finished calling ProjectServices#getFullProjectData method.
Exists RegistrationServicesImpl#getRegistration method.
Enters RegistrationServicesImpl#registerForProject method.
Enters RegistrationServicesImpl#validateRegistration method.
Starts calling UserRetrieval#retrieveUser in RegistrationServicesImpl#validateRegistration.
Finished calling UserRetrieval#retrieveUser in RegistrationServicesImpl#validateRegistration.
Starts calling ProjectServices#getFullProjectData method.
Finished calling ProjectServices#getFullProjectData method.
Starts calling RegistrationValidator#validate method.
Finished calling RegistrationValidator#validate method.
Exits RegistrationServicesImpl#validateRegistration method.
Starts calling ResourceManager#removeResource in RegistrationServicesImpl#registerForProject.
Finished calling ResourceManager#removeResource in RegistrationServicesImpl#registerForProject.
Starts calling UserRetrieval#retrieveUser in RegistrationServicesImpl#registerForProject.
Finished calling UserRetrieval#retrieveUser in RegistrationServicesImpl#registerForProject.
Starts calling ResourceManager#updateResource in RegistrationServicesImpl#registerForProject.
Finished calling ResourceManager#updateResource in RegistrationServicesImpl#registerForProject.
Exits RegistrationServicesImpl#registerForProject method.
Enters RegistrationServicesImpl#removeRegistration method.
Starts calling UserRetrieval#retrieveUser in RegistrationServicesImpl#removeRegistration.
Finished calling UserRetrieval#retrieveUser in RegistrationServicesImpl#removeRegistration.
Starts calling ProjectServices#getFullProjectData in RegistrationServicesImpl#removeRegistration.
Finished calling ProjectServices#getFullProjectData in RegistrationServicesImpl#removeRegistration.
Starts calling TeamManager#findPositions method.
Finished calling TeamManager#findPositions method.
Starts calling TeamManager#getTeamFromPosition method.
Finished calling TeamManager#getTeamFromPosition method.
Starts calling ResourceManager#removeResource in RegistrationServicesImpl#removeRegistration.
Finished calling ResourceManager#removeResource in RegistrationServicesImpl#removeRegistration.
Starts calling TeamServices#removeMember in RegistrationServicesImpl#removeRegistration.
Finished calling TeamServices#removeTeam in RegistrationServicesImpl#removeRegistration.
Starts calling ContactMemberServices#sendMessage in RegistrationServicesImpl#removeRegistration.
Finished calling ContactMemberServices#sendMessage in RegistrationServicesImpl#removeRegistration.
Starts calling BanManager#banUser in RegistrationServicesImpl#removeRegistration.
Finished calling BanManager#banUser in RegistrationServicesImpl#removeRegistration.
Exits RegistrationServicesImpl#removeRegistration method.
Enters RegistrationServicesImpl#getRegistration method.
Starts calling UserRetrieval#retrieveUser in RegistrationServicesImpl#getRegistration.
Finished calling UserRetrieval#retrieveUser in RegistrationServicesImpl#getRegistration.
Starts calling ProjectServices#getFullProjectData method.
Finished calling ProjectServices#getFullProjectData method.
Exists RegistrationServicesImpl#getRegistration method.
Enters RegistrationServicesImpl#registerForProject method.
Enters RegistrationServicesImpl#validateRegistration method.
Starts calling UserRetrieval#retrieveUser in RegistrationServicesImpl#validateRegistration.
Finished calling UserRetrieval#retrieveUser in RegistrationServicesImpl#validateRegistration.
Starts calling ProjectServices#getFullProjectData method.
Finished calling ProjectServices#getFullProjectData method.
Starts calling RegistrationValidator#validate method.
Finished calling RegistrationValidator#validate method.
Exits RegistrationServicesImpl#validateRegistration method.
Starts calling ResourceManager#removeResource in RegistrationServicesImpl#registerForProject.
Finished calling ResourceManager#removeResource in RegistrationServicesImpl#registerForProject.
Starts calling UserRetrieval#retrieveUser in RegistrationServicesImpl#registerForProject.
Finished calling UserRetrieval#retrieveUser in RegistrationServicesImpl#registerForProject.
Starts calling ResourceManager#updateResource in RegistrationServicesImpl#registerForProject.
Finished calling ResourceManager#updateResource in RegistrationServicesImpl#registerForProject.
Exits RegistrationServicesImpl#registerForProject method.
Enters RegistrationServicesImpl#removeRegistration method.
Starts calling UserRetrieval#retrieveUser in RegistrationServicesImpl#removeRegistration.
Finished calling UserRetrieval#retrieveUser in RegistrationServicesImpl#removeRegistration.
Starts calling ProjectServices#getFullProjectData in RegistrationServicesImpl#removeRegistration.
Finished calling ProjectServices#getFullProjectData in RegistrationServicesImpl#removeRegistration.
Starts calling TeamManager#findPositions method.
Finished calling TeamManager#findPositions method.
Starts calling TeamManager#getTeamFromPosition method.
Finished calling TeamManager#getTeamFromPosition method.
Starts calling ResourceManager#removeResource in RegistrationServicesImpl#removeRegistration.
Finished calling ResourceManager#removeResource in RegistrationServicesImpl#removeRegistration.
Starts calling TeamServices#removeMember in RegistrationServicesImpl#removeRegistration.
Finished calling TeamServices#removeTeam in RegistrationServicesImpl#removeRegistration.
Starts calling ContactMemberServices#sendMessage in RegistrationServicesImpl#removeRegistration.
Finished calling ContactMemberServices#sendMessage in RegistrationServicesImpl#removeRegistration.
Starts calling BanManager#banUser in RegistrationServicesImpl#removeRegistration.
Finished calling BanManager#banUser in RegistrationServicesImpl#removeRegistration.
Exits RegistrationServicesImpl#removeRegistration method.
Enters RegistrationServicesImpl#getRegistration method.
Starts calling UserRetrieval#retrieveUser in RegistrationServicesImpl#getRegistration.
Finished calling UserRetrieval#retrieveUser in RegistrationServicesImpl#getRegistration.
Starts calling ProjectServices#getFullProjectData method.
Finished calling ProjectServices#getFullProjectData method.
Exists RegistrationServicesImpl#getRegistration method.
Enters RegistrationServicesImpl#registerForProject method.
Enters RegistrationServicesImpl#validateRegistration method.
Starts calling UserRetrieval#retrieveUser in RegistrationServicesImpl#validateRegistration.
Finished calling UserRetrieval#retrieveUser in RegistrationServicesImpl#validateRegistration.
Starts calling ProjectServices#getFullProjectData method.
Finished calling ProjectServices#getFullProjectData method.
Starts calling RegistrationValidator#validate method.
Finished calling RegistrationValidator#validate method.
Exits RegistrationServicesImpl#validateRegistration method.
Starts calling ResourceManager#removeResource in RegistrationServicesImpl#registerForProject.
Finished calling ResourceManager#removeResource in RegistrationServicesImpl#registerForProject.
Starts calling UserRetrieval#retrieveUser in RegistrationServicesImpl#registerForProject.
Finished calling UserRetrieval#retrieveUser in RegistrationServicesImpl#registerForProject.
Starts calling ResourceManager#updateResource in RegistrationServicesImpl#registerForProject.
Finished calling ResourceManager#updateResource in RegistrationServicesImpl#registerForProject.
Exits RegistrationServicesImpl#registerForProject method.
Enters RegistrationServicesImpl#removeRegistration method.
Starts calling UserRetrieval#retrieveUser in RegistrationServicesImpl#removeRegistration.
Finished calling UserRetrieval#retrieveUser in RegistrationServicesImpl#removeRegistration.
Starts calling ProjectServices#getFullProjectData in RegistrationServicesImpl#removeRegistration.
Finished calling ProjectServices#getFullProjectData in RegistrationServicesImpl#removeRegistration.
Starts calling TeamManager#findPositions method.
Finished calling TeamManager#findPositions method.
Starts calling TeamManager#getTeamFromPosition method.
Finished calling TeamManager#getTeamFromPosition method.
Starts calling ResourceManager#removeResource in RegistrationServicesImpl#removeRegistration.
Finished calling ResourceManager#removeResource in RegistrationServicesImpl#removeRegistration.
Starts calling TeamServices#removeMember in RegistrationServicesImpl#removeRegistration.
Finished calling TeamServices#removeTeam in RegistrationServicesImpl#removeRegistration.
Starts calling ContactMemberServices#sendMessage in RegistrationServicesImpl#removeRegistration.
Finished calling ContactMemberServices#sendMessage in RegistrationServicesImpl#removeRegistration.
Starts calling BanManager#banUser in RegistrationServicesImpl#removeRegistration.
Finished calling BanManager#banUser in RegistrationServicesImpl#removeRegistration.
Exits RegistrationServicesImpl#removeRegistration method.
Enters RegistrationServicesImpl#getRegistration method.
Starts calling UserRetrieval#retrieveUser in RegistrationServicesImpl#getRegistration.
Finished calling UserRetrieval#retrieveUser in RegistrationServicesImpl#getRegistration.
Starts calling ProjectServices#getFullProjectData method.
Finished calling ProjectServices#getFullProjectData method.
Exists RegistrationServicesImpl#getRegistration method.
Enters RegistrationServicesImpl#registerForProject method.
Enters RegistrationServicesImpl#validateRegistration method.
Starts calling UserRetrieval#retrieveUser in RegistrationServicesImpl#validateRegistration.
Finished calling UserRetrieval#retrieveUser in RegistrationServicesImpl#validateRegistration.
Starts calling ProjectServices#getFullProjectData method.
Finished calling ProjectServices#getFullProjectData method.
Starts calling RegistrationValidator#validate method.
Finished calling RegistrationValidator#validate method.
Exits RegistrationServicesImpl#validateRegistration method.
Starts calling ResourceManager#removeResource in RegistrationServicesImpl#registerForProject.
Finished calling ResourceManager#removeResource in RegistrationServicesImpl#registerForProject.
Starts calling UserRetrieval#retrieveUser in RegistrationServicesImpl#registerForProject.
Finished calling UserRetrieval#retrieveUser in RegistrationServicesImpl#registerForProject.
Starts calling ResourceManager#updateResource in RegistrationServicesImpl#registerForProject.
Finished calling ResourceManager#updateResource in RegistrationServicesImpl#registerForProject.
Exits RegistrationServicesImpl#registerForProject method.
Enters RegistrationServicesImpl#removeRegistration method.
Starts calling UserRetrieval#retrieveUser in RegistrationServicesImpl#removeRegistration.
Finished calling UserRetrieval#retrieveUser in RegistrationServicesImpl#removeRegistration.
Starts calling ProjectServices#getFullProjectData in RegistrationServicesImpl#removeRegistration.
Finished calling ProjectServices#getFullProjectData in RegistrationServicesImpl#removeRegistration.
Starts calling TeamManager#findPositions method.
Finished calling TeamManager#findPositions method.
Starts calling TeamManager#getTeamFromPosition method.
Finished calling TeamManager#getTeamFromPosition method.
Starts calling ResourceManager#removeResource in RegistrationServicesImpl#removeRegistration.
Finished calling ResourceManager#removeResource in RegistrationServicesImpl#removeRegistration.
Starts calling TeamServices#removeMember in RegistrationServicesImpl#removeRegistration.
Finished calling TeamServices#removeTeam in RegistrationServicesImpl#removeRegistration.
Starts calling ContactMemberServices#sendMessage in RegistrationServicesImpl#removeRegistration.
Finished calling ContactMemberServices#sendMessage in RegistrationServicesImpl#removeRegistration.
Starts calling BanManager#banUser in RegistrationServicesImpl#removeRegistration.
Finished calling BanManager#banUser in RegistrationServicesImpl#removeRegistration.
Exits RegistrationServicesImpl#removeRegistration method.
Enters RegistrationServicesImpl#getRegistration method.
Starts calling UserRetrieval#retrieveUser in RegistrationServicesImpl#getRegistration.
Finished calling UserRetrieval#retrieveUser in RegistrationServicesImpl#getRegistration.
Starts calling ProjectServices#getFullProjectData method.
Finished calling ProjectServices#getFullProjectData method.
Exists RegistrationServicesImpl#getRegistration method.
Enters RegistrationServicesImpl#registerForProject method.
Enters RegistrationServicesImpl#validateRegistration method.
Starts calling UserRetrieval#retrieveUser in RegistrationServicesImpl#validateRegistration.
Finished calling UserRetrieval#retrieveUser in RegistrationServicesImpl#validateRegistration.
Starts calling ProjectServices#getFullProjectData method.
Finished calling ProjectServices#getFullProjectData method.
Starts calling RegistrationValidator#validate method.
Finished calling RegistrationValidator#validate method.
Exits RegistrationServicesImpl#validateRegistration method.
Starts calling ResourceManager#removeResource in RegistrationServicesImpl#registerForProject.
Finished calling ResourceManager#removeResource in RegistrationServicesImpl#registerForProject.
Starts calling UserRetrieval#retrieveUser in RegistrationServicesImpl#registerForProject.
Finished calling UserRetrieval#retrieveUser in RegistrationServicesImpl#registerForProject.
Starts calling ResourceManager#updateResource in RegistrationServicesImpl#registerForProject.
Finished calling ResourceManager#updateResource in RegistrationServicesImpl#registerForProject.
Exits RegistrationServicesImpl#registerForProject method.
Enters RegistrationServicesImpl#removeRegistration method.
Starts calling UserRetrieval#retrieveUser in RegistrationServicesImpl#removeRegistration.
Finished calling UserRetrieval#retrieveUser in RegistrationServicesImpl#removeRegistration.
Starts calling ProjectServices#getFullProjectData in RegistrationServicesImpl#removeRegistration.
Finished calling ProjectServices#getFullProjectData in RegistrationServicesImpl#removeRegistration.
Starts calling TeamManager#findPositions method.
Finished calling TeamManager#findPositions method.
Starts calling TeamManager#getTeamFromPosition method.
Finished calling TeamManager#getTeamFromPosition method.
Starts calling ResourceManager#removeResource in RegistrationServicesImpl#removeRegistration.
Finished calling ResourceManager#removeResource in RegistrationServicesImpl#removeRegistration.
Starts calling TeamServices#removeMember in RegistrationServicesImpl#removeRegistration.
Finished calling TeamServices#removeTeam in RegistrationServicesImpl#removeRegistration.
Starts calling ContactMemberServices#sendMessage in RegistrationServicesImpl#removeRegistration.
Finished calling ContactMemberServices#sendMessage in RegistrationServicesImpl#removeRegistration.
Starts calling BanManager#banUser in RegistrationServicesImpl#removeRegistration.
Finished calling BanManager#banUser in RegistrationServicesImpl#removeRegistration.
Exits RegistrationServicesImpl#removeRegistration method.
Enters RegistrationServicesImpl#getRegistration method.
Starts calling UserRetrieval#retrieveUser in RegistrationServicesImpl#getRegistration.
Finished calling UserRetrieval#retrieveUser in RegistrationServicesImpl#getRegistration.
Starts calling ProjectServices#getFullProjectData method.
Finished calling ProjectServices#getFullProjectData method.
Exists RegistrationServicesImpl#getRegistration method.
Enters RegistrationServicesImpl#registerForProject method.
Enters RegistrationServicesImpl#validateRegistration method.
Starts calling UserRetrieval#retrieveUser in RegistrationServicesImpl#validateRegistration.
Finished calling UserRetrieval#retrieveUser in RegistrationServicesImpl#validateRegistration.
Starts calling ProjectServices#getFullProjectData method.
Finished calling ProjectServices#getFullProjectData method.
Starts calling RegistrationValidator#validate method.
Finished calling RegistrationValidator#validate method.
Exits RegistrationServicesImpl#validateRegistration method.
Starts calling ResourceManager#removeResource in RegistrationServicesImpl#registerForProject.
Finished calling ResourceManager#removeResource in RegistrationServicesImpl#registerForProject.
Starts calling UserRetrieval#retrieveUser in RegistrationServicesImpl#registerForProject.
Finished calling UserRetrieval#retrieveUser in RegistrationServicesImpl#registerForProject.
Starts calling ResourceManager#updateResource in RegistrationServicesImpl#registerForProject.
Finished calling ResourceManager#updateResource in RegistrationServicesImpl#registerForProject.
Exits RegistrationServicesImpl#registerForProject method.
Enters RegistrationServicesImpl#removeRegistration method.
Starts calling UserRetrieval#retrieveUser in RegistrationServicesImpl#removeRegistration.
Finished calling UserRetrieval#retrieveUser in RegistrationServicesImpl#removeRegistration.
Starts calling ProjectServices#getFullProjectData in RegistrationServicesImpl#removeRegistration.
Finished calling ProjectServices#getFullProjectData in RegistrationServicesImpl#removeRegistration.
Starts calling TeamManager#findPositions method.
Finished calling TeamManager#findPositions method.
Starts calling TeamManager#getTeamFromPosition method.
Finished calling TeamManager#getTeamFromPosition method.
Starts calling ResourceManager#removeResource in RegistrationServicesImpl#removeRegistration.
Finished calling ResourceManager#removeResource in RegistrationServicesImpl#removeRegistration.
Starts calling TeamServices#removeMember in RegistrationServicesImpl#removeRegistration.
Finished calling TeamServices#removeTeam in RegistrationServicesImpl#removeRegistration.
Starts calling ContactMemberServices#sendMessage in RegistrationServicesImpl#removeRegistration.
Finished calling ContactMemberServices#sendMessage in RegistrationServicesImpl#removeRegistration.
Starts calling BanManager#banUser in RegistrationServicesImpl#removeRegistration.
Finished calling BanManager#banUser in RegistrationServicesImpl#removeRegistration.
Exits RegistrationServicesImpl#removeRegistration method.
Enters RegistrationServicesImpl#getRegistration method.
Starts calling UserRetrieval#retrieveUser in RegistrationServicesImpl#getRegistration.
Finished calling UserRetrieval#retrieveUser in RegistrationServicesImpl#getRegistration.
Starts calling ProjectServices#getFullProjectData method.
Finished calling ProjectServices#getFullProjectData method.
Exists RegistrationServicesImpl#getRegistration method.
Enters RegistrationServicesImpl#registerForProject method.
Enters RegistrationServicesImpl#validateRegistration method.
Starts calling UserRetrieval#retrieveUser in RegistrationServicesImpl#validateRegistration.
Finished calling UserRetrieval#retrieveUser in RegistrationServicesImpl#validateRegistration.
Starts calling ProjectServices#getFullProjectData method.
Finished calling ProjectServices#getFullProjectData method.
Starts calling RegistrationValidator#validate method.
Finished calling RegistrationValidator#validate method.
Exits RegistrationServicesImpl#validateRegistration method.
Starts calling ResourceManager#removeResource in RegistrationServicesImpl#registerForProject.
Finished calling ResourceManager#removeResource in RegistrationServicesImpl#registerForProject.
Starts calling UserRetrieval#retrieveUser in RegistrationServicesImpl#registerForProject.
Finished calling UserRetrieval#retrieveUser in RegistrationServicesImpl#registerForProject.
Starts calling ResourceManager#updateResource in RegistrationServicesImpl#registerForProject.
Finished calling ResourceManager#updateResource in RegistrationServicesImpl#registerForProject.
Exits RegistrationServicesImpl#registerForProject method.
Enters RegistrationServicesImpl#removeRegistration method.
Starts calling UserRetrieval#retrieveUser in RegistrationServicesImpl#removeRegistration.
Finished calling UserRetrieval#retrieveUser in RegistrationServicesImpl#removeRegistration.
Starts calling ProjectServices#getFullProjectData in RegistrationServicesImpl#removeRegistration.
Finished calling ProjectServices#getFullProjectData in RegistrationServicesImpl#removeRegistration.
Starts calling TeamManager#findPositions method.
Finished calling TeamManager#findPositions method.
Starts calling TeamManager#getTeamFromPosition method.
Finished calling TeamManager#getTeamFromPosition method.
Starts calling ResourceManager#removeResource in RegistrationServicesImpl#removeRegistration.
Finished calling ResourceManager#removeResource in RegistrationServicesImpl#removeRegistration.
Starts calling TeamServices#removeMember in RegistrationServicesImpl#removeRegistration.
Finished calling TeamServices#removeTeam in RegistrationServicesImpl#removeRegistration.
Starts calling ContactMemberServices#sendMessage in RegistrationServicesImpl#removeRegistration.
Finished calling ContactMemberServices#sendMessage in RegistrationServicesImpl#removeRegistration.
Starts calling BanManager#banUser in RegistrationServicesImpl#removeRegistration.
Finished calling BanManager#banUser in RegistrationServicesImpl#removeRegistration.
Exits RegistrationServicesImpl#removeRegistration method.
Enters RegistrationServicesImpl#getRegistration method.
Starts calling UserRetrieval#retrieveUser in RegistrationServicesImpl#getRegistration.
Finished calling UserRetrieval#retrieveUser in RegistrationServicesImpl#getRegistration.
Starts calling ProjectServices#getFullProjectData method.
Finished calling ProjectServices#getFullProjectData method.
Exists RegistrationServicesImpl#getRegistration method.
Enters RegistrationServicesImpl#registerForProject method.
Enters RegistrationServicesImpl#validateRegistration method.
Starts calling UserRetrieval#retrieveUser in RegistrationServicesImpl#validateRegistration.
Finished calling UserRetrieval#retrieveUser in RegistrationServicesImpl#validateRegistration.
Starts calling ProjectServices#getFullProjectData method.
Finished calling ProjectServices#getFullProjectData method.
Starts calling RegistrationValidator#validate method.
Finished calling RegistrationValidator#validate method.
Exits RegistrationServicesImpl#validateRegistration method.
Starts calling ResourceManager#removeResource in RegistrationServicesImpl#registerForProject.
Finished calling ResourceManager#removeResource in RegistrationServicesImpl#registerForProject.
Starts calling UserRetrieval#retrieveUser in RegistrationServicesImpl#registerForProject.
Finished calling UserRetrieval#retrieveUser in RegistrationServicesImpl#registerForProject.
Starts calling ResourceManager#updateResource in RegistrationServicesImpl#registerForProject.
Finished calling ResourceManager#updateResource in RegistrationServicesImpl#registerForProject.
Exits RegistrationServicesImpl#registerForProject method.
Enters RegistrationServicesImpl#removeRegistration method.
Starts calling UserRetrieval#retrieveUser in RegistrationServicesImpl#removeRegistration.
Finished calling UserRetrieval#retrieveUser in RegistrationServicesImpl#removeRegistration.
Starts calling ProjectServices#getFullProjectData in RegistrationServicesImpl#removeRegistration.
Finished calling ProjectServices#getFullProjectData in RegistrationServicesImpl#removeRegistration.
Starts calling TeamManager#findPositions method.
Finished calling TeamManager#findPositions method.
Starts calling TeamManager#getTeamFromPosition method.
Finished calling TeamManager#getTeamFromPosition method.
Starts calling ResourceManager#removeResource in RegistrationServicesImpl#removeRegistration.
Finished calling ResourceManager#removeResource in RegistrationServicesImpl#removeRegistration.
Starts calling TeamServices#removeMember in RegistrationServicesImpl#removeRegistration.
Finished calling TeamServices#removeTeam in RegistrationServicesImpl#removeRegistration.
Starts calling ContactMemberServices#sendMessage in RegistrationServicesImpl#removeRegistration.
Finished calling ContactMemberServices#sendMessage in RegistrationServicesImpl#removeRegistration.
Starts calling BanManager#banUser in RegistrationServicesImpl#removeRegistration.
Finished calling BanManager#banUser in RegistrationServicesImpl#removeRegistration.
Exits RegistrationServicesImpl#removeRegistration method.
Enters RegistrationServicesImpl#getRegistration method.
Starts calling UserRetrieval#retrieveUser in RegistrationServicesImpl#getRegistration.
Finished calling UserRetrieval#retrieveUser in RegistrationServicesImpl#getRegistration.
Starts calling ProjectServices#getFullProjectData method.
Finished calling ProjectServices#getFullProjectData method.
Exists RegistrationServicesImpl#getRegistration method.
Enters RegistrationServicesImpl#registerForProject method.
Enters RegistrationServicesImpl#validateRegistration method.
Starts calling UserRetrieval#retrieveUser in RegistrationServicesImpl#validateRegistration.
Finished calling UserRetrieval#retrieveUser in RegistrationServicesImpl#validateRegistration.
Starts calling ProjectServices#getFullProjectData method.
Finished calling ProjectServices#getFullProjectData method.
Starts calling RegistrationValidator#validate method.
Finished calling RegistrationValidator#validate method.
Exits RegistrationServicesImpl#validateRegistration method.
Starts calling ResourceManager#removeResource in RegistrationServicesImpl#registerForProject.
Finished calling ResourceManager#removeResource in RegistrationServicesImpl#registerForProject.
Starts calling UserRetrieval#retrieveUser in RegistrationServicesImpl#registerForProject.
Finished calling UserRetrieval#retrieveUser in RegistrationServicesImpl#registerForProject.
Starts calling ResourceManager#updateResource in RegistrationServicesImpl#registerForProject.
Finished calling ResourceManager#updateResource in RegistrationServicesImpl#registerForProject.
Exits RegistrationServicesImpl#registerForProject method.
Enters RegistrationServicesImpl#removeRegistration method.
Starts calling UserRetrieval#retrieveUser in RegistrationServicesImpl#removeRegistration.
Finished calling UserRetrieval#retrieveUser in RegistrationServicesImpl#removeRegistration.
Starts calling ProjectServices#getFullProjectData in RegistrationServicesImpl#removeRegistration.
Finished calling ProjectServices#getFullProjectData in RegistrationServicesImpl#removeRegistration.
Starts calling TeamManager#findPositions method.
Finished calling TeamManager#findPositions method.
Starts calling TeamManager#getTeamFromPosition method.
Finished calling TeamManager#getTeamFromPosition method.
Starts calling ResourceManager#removeResource in RegistrationServicesImpl#removeRegistration.
Finished calling ResourceManager#removeResource in RegistrationServicesImpl#removeRegistration.
Starts calling TeamServices#removeMember in RegistrationServicesImpl#removeRegistration.
Finished calling TeamServices#removeTeam in RegistrationServicesImpl#removeRegistration.
Starts calling ContactMemberServices#sendMessage in RegistrationServicesImpl#removeRegistration.
Finished calling ContactMemberServices#sendMessage in RegistrationServicesImpl#removeRegistration.
Starts calling BanManager#banUser in RegistrationServicesImpl#removeRegistration.
Finished calling BanManager#banUser in RegistrationServicesImpl#removeRegistration.
Exits RegistrationServicesImpl#removeRegistration method.
Enters RegistrationServicesImpl#getRegistration method.
Starts calling UserRetrieval#retrieveUser in RegistrationServicesImpl#getRegistration.
Finished calling UserRetrieval#retrieveUser in RegistrationServicesImpl#getRegistration.
Starts calling ProjectServices#getFullProjectData method.
Finished calling ProjectServices#getFullProjectData method.
Exists RegistrationServicesImpl#getRegistration method.
Enters RegistrationServicesImpl#registerForProject method.
Enters RegistrationServicesImpl#validateRegistration method.
Starts calling UserRetrieval#retrieveUser in RegistrationServicesImpl#validateRegistration.
Finished calling UserRetrieval#retrieveUser in RegistrationServicesImpl#validateRegistration.
Starts calling ProjectServices#getFullProjectData method.
Finished calling ProjectServices#getFullProjectData method.
Starts calling RegistrationValidator#validate method.
Finished calling RegistrationValidator#validate method.
Exits RegistrationServicesImpl#validateRegistration method.
Starts calling ResourceManager#removeResource in RegistrationServicesImpl#registerForProject.
Finished calling ResourceManager#removeResource in RegistrationServicesImpl#registerForProject.
Starts calling UserRetrieval#retrieveUser in RegistrationServicesImpl#registerForProject.
Finished calling UserRetrieval#retrieveUser in RegistrationServicesImpl#registerForProject.
Starts calling ResourceManager#updateResource in RegistrationServicesImpl#registerForProject.
Finished calling ResourceManager#updateResource in RegistrationServicesImpl#registerForProject.
Exits RegistrationServicesImpl#registerForProject method.
Enters RegistrationServicesImpl#removeRegistration method.
Starts calling UserRetrieval#retrieveUser in RegistrationServicesImpl#removeRegistration.
Finished calling UserRetrieval#retrieveUser in RegistrationServicesImpl#removeRegistration.
Starts calling ProjectServices#getFullProjectData in RegistrationServicesImpl#removeRegistration.
Finished calling ProjectServices#getFullProjectData in RegistrationServicesImpl#removeRegistration.
Starts calling TeamManager#findPositions method.
Finished calling TeamManager#findPositions method.
Starts calling TeamManager#getTeamFromPosition method.
Finished calling TeamManager#getTeamFromPosition method.
Starts calling ResourceManager#removeResource in RegistrationServicesImpl#removeRegistration.
Finished calling ResourceManager#removeResource in RegistrationServicesImpl#removeRegistration.
Starts calling TeamServices#removeMember in RegistrationServicesImpl#removeRegistration.
Finished calling TeamServices#removeTeam in RegistrationServicesImpl#removeRegistration.
Starts calling ContactMemberServices#sendMessage in RegistrationServicesImpl#removeRegistration.
Finished calling ContactMemberServices#sendMessage in RegistrationServicesImpl#removeRegistration.
Starts calling BanManager#banUser in RegistrationServicesImpl#removeRegistration.
Finished calling BanManager#banUser in RegistrationServicesImpl#removeRegistration.
Exits RegistrationServicesImpl#removeRegistration method.
Enters RegistrationServicesImpl#getRegistration method.
Starts calling UserRetrieval#retrieveUser in RegistrationServicesImpl#getRegistration.
Finished calling UserRetrieval#retrieveUser in RegistrationServicesImpl#getRegistration.
Starts calling ProjectServices#getFullProjectData method.
Finished calling ProjectServices#getFullProjectData method.
Exists RegistrationServicesImpl#getRegistration method.
Enters RegistrationServicesImpl#registerForProject method.
Enters RegistrationServicesImpl#validateRegistration method.
Starts calling UserRetrieval#retrieveUser in RegistrationServicesImpl#validateRegistration.
Finished calling UserRetrieval#retrieveUser in RegistrationServicesImpl#validateRegistration.
Starts calling ProjectServices#getFullProjectData method.
Finished calling ProjectServices#getFullProjectData method.
Starts calling RegistrationValidator#validate method.
Finished calling RegistrationValidator#validate method.
Exits RegistrationServicesImpl#validateRegistration method.
Starts calling ResourceManager#removeResource in RegistrationServicesImpl#registerForProject.
Finished calling ResourceManager#removeResource in RegistrationServicesImpl#registerForProject.
Starts calling UserRetrieval#retrieveUser in RegistrationServicesImpl#registerForProject.
Finished calling UserRetrieval#retrieveUser in RegistrationServicesImpl#registerForProject.
Starts calling ResourceManager#updateResource in RegistrationServicesImpl#registerForProject.
Finished calling ResourceManager#updateResource in RegistrationServicesImpl#registerForProject.
Exits RegistrationServicesImpl#registerForProject method.
Enters RegistrationServicesImpl#removeRegistration method.
Starts calling UserRetrieval#retrieveUser in RegistrationServicesImpl#removeRegistration.
Finished calling UserRetrieval#retrieveUser in RegistrationServicesImpl#removeRegistration.
Starts calling ProjectServices#getFullProjectData in RegistrationServicesImpl#removeRegistration.
Finished calling ProjectServices#getFullProjectData in RegistrationServicesImpl#removeRegistration.
Starts calling TeamManager#findPositions method.
Finished calling TeamManager#findPositions method.
Starts calling TeamManager#getTeamFromPosition method.
Finished calling TeamManager#getTeamFromPosition method.
Starts calling ResourceManager#removeResource in RegistrationServicesImpl#removeRegistration.
Finished calling ResourceManager#removeResource in RegistrationServicesImpl#removeRegistration.
Starts calling TeamServices#removeMember in RegistrationServicesImpl#removeRegistration.
Finished calling TeamServices#removeTeam in RegistrationServicesImpl#removeRegistration.
Starts calling ContactMemberServices#sendMessage in RegistrationServicesImpl#removeRegistration.
Finished calling ContactMemberServices#sendMessage in RegistrationServicesImpl#removeRegistration.
Starts calling BanManager#banUser in RegistrationServicesImpl#removeRegistration.
Finished calling BanManager#banUser in RegistrationServicesImpl#removeRegistration.
Exits RegistrationServicesImpl#removeRegistration method.
Enters RegistrationServicesImpl#getRegistration method.
Starts calling UserRetrieval#retrieveUser in RegistrationServicesImpl#getRegistration.
Finished calling UserRetrieval#retrieveUser in RegistrationServicesImpl#getRegistration.
Starts calling ProjectServices#getFullProjectData method.
Finished calling ProjectServices#getFullProjectData method.
Exists RegistrationServicesImpl#getRegistration method.
Enters RegistrationServicesImpl#registerForProject method.
Enters RegistrationServicesImpl#validateRegistration method.
Starts calling UserRetrieval#retrieveUser in RegistrationServicesImpl#validateRegistration.
Finished calling UserRetrieval#retrieveUser in RegistrationServicesImpl#validateRegistration.
Starts calling ProjectServices#getFullProjectData method.
Finished calling ProjectServices#getFullProjectData method.
Starts calling RegistrationValidator#validate method.
Finished calling RegistrationValidator#validate method.
Exits RegistrationServicesImpl#validateRegistration method.
Starts calling ResourceManager#removeResource in RegistrationServicesImpl#registerForProject.
Finished calling ResourceManager#removeResource in RegistrationServicesImpl#registerForProject.
Starts calling UserRetrieval#retrieveUser in RegistrationServicesImpl#registerForProject.
Finished calling UserRetrieval#retrieveUser in RegistrationServicesImpl#registerForProject.
Starts calling ResourceManager#updateResource in RegistrationServicesImpl#registerForProject.
Finished calling ResourceManager#updateResource in RegistrationServicesImpl#registerForProject.
Exits RegistrationServicesImpl#registerForProject method.
Enters RegistrationServicesImpl#removeRegistration method.
Starts calling UserRetrieval#retrieveUser in RegistrationServicesImpl#removeRegistration.
Finished calling UserRetrieval#retrieveUser in RegistrationServicesImpl#removeRegistration.
Starts calling ProjectServices#getFullProjectData in RegistrationServicesImpl#removeRegistration.
Finished calling ProjectServices#getFullProjectData in RegistrationServicesImpl#removeRegistration.
Starts calling TeamManager#findPositions method.
Finished calling TeamManager#findPositions method.
Starts calling TeamManager#getTeamFromPosition method.
Finished calling TeamManager#getTeamFromPosition method.
Starts calling ResourceManager#removeResource in RegistrationServicesImpl#removeRegistration.
Finished calling ResourceManager#removeResource in RegistrationServicesImpl#removeRegistration.
Starts calling TeamServices#removeMember in RegistrationServicesImpl#removeRegistration.
Finished calling TeamServices#removeTeam in RegistrationServicesImpl#removeRegistration.
Starts calling ContactMemberServices#sendMessage in RegistrationServicesImpl#removeRegistration.
Finished calling ContactMemberServices#sendMessage in RegistrationServicesImpl#removeRegistration.
Starts calling BanManager#banUser in RegistrationServicesImpl#removeRegistration.
Finished calling BanManager#banUser in RegistrationServicesImpl#removeRegistration.
Exits RegistrationServicesImpl#removeRegistration method.
Enters RegistrationServicesImpl#getRegistration method.
Starts calling UserRetrieval#retrieveUser in RegistrationServicesImpl#getRegistration.
Finished calling UserRetrieval#retrieveUser in RegistrationServicesImpl#getRegistration.
Starts calling ProjectServices#getFullProjectData method.
Finished calling ProjectServices#getFullProjectData method.
Exists RegistrationServicesImpl#getRegistration method.
Enters RegistrationServicesImpl#registerForProject method.
Enters RegistrationServicesImpl#validateRegistration method.
Starts calling UserRetrieval#retrieveUser in RegistrationServicesImpl#validateRegistration.
Finished calling UserRetrieval#retrieveUser in RegistrationServicesImpl#validateRegistration.
Starts calling ProjectServices#getFullProjectData method.
Finished calling ProjectServices#getFullProjectData method.
Starts calling RegistrationValidator#validate method.
Finished calling RegistrationValidator#validate method.
Exits RegistrationServicesImpl#validateRegistration method.
Starts calling ResourceManager#removeResource in RegistrationServicesImpl#registerForProject.
Finished calling ResourceManager#removeResource in RegistrationServicesImpl#registerForProject.
Starts calling UserRetrieval#retrieveUser in RegistrationServicesImpl#registerForProject.
Finished calling UserRetrieval#retrieveUser in RegistrationServicesImpl#registerForProject.
Starts calling ResourceManager#updateResource in RegistrationServicesImpl#registerForProject.
Finished calling ResourceManager#updateResource in RegistrationServicesImpl#registerForProject.
Exits RegistrationServicesImpl#registerForProject method.
Enters RegistrationServicesImpl#removeRegistration method.
Starts calling UserRetrieval#retrieveUser in RegistrationServicesImpl#removeRegistration.
Finished calling UserRetrieval#retrieveUser in RegistrationServicesImpl#removeRegistration.
Starts calling ProjectServices#getFullProjectData in RegistrationServicesImpl#removeRegistration.
Finished calling ProjectServices#getFullProjectData in RegistrationServicesImpl#removeRegistration.
Starts calling TeamManager#findPositions method.
Finished calling TeamManager#findPositions method.
Starts calling TeamManager#getTeamFromPosition method.
Finished calling TeamManager#getTeamFromPosition method.
Starts calling ResourceManager#removeResource in RegistrationServicesImpl#removeRegistration.
Finished calling ResourceManager#removeResource in RegistrationServicesImpl#removeRegistration.
Starts calling TeamServices#removeMember in RegistrationServicesImpl#removeRegistration.
Finished calling TeamServices#removeTeam in RegistrationServicesImpl#removeRegistration.
Starts calling ContactMemberServices#sendMessage in RegistrationServicesImpl#removeRegistration.
Finished calling ContactMemberServices#sendMessage in RegistrationServicesImpl#removeRegistration.
Starts calling BanManager#banUser in RegistrationServicesImpl#removeRegistration.
Finished calling BanManager#banUser in RegistrationServicesImpl#removeRegistration.
Exits RegistrationServicesImpl#removeRegistration method.
Enters RegistrationServicesImpl#getRegistration method.
Starts calling UserRetrieval#retrieveUser in RegistrationServicesImpl#getRegistration.
Finished calling UserRetrieval#retrieveUser in RegistrationServicesImpl#getRegistration.
Starts calling ProjectServices#getFullProjectData method.
Finished calling ProjectServices#getFullProjectData method.
Exists RegistrationServicesImpl#getRegistration method.
Enters RegistrationServicesImpl#registerForProject method.
Enters RegistrationServicesImpl#validateRegistration method.
Starts calling UserRetrieval#retrieveUser in RegistrationServicesImpl#validateRegistration.
Finished calling UserRetrieval#retrieveUser in RegistrationServicesImpl#validateRegistration.
Starts calling ProjectServices#getFullProjectData method.
Finished calling ProjectServices#getFullProjectData method.
Starts calling RegistrationValidator#validate method.
Finished calling RegistrationValidator#validate method.
Exits RegistrationServicesImpl#validateRegistration method.
Starts calling ResourceManager#removeResource in RegistrationServicesImpl#registerForProject.
Finished calling ResourceManager#removeResource in RegistrationServicesImpl#registerForProject.
Starts calling UserRetrieval#retrieveUser in RegistrationServicesImpl#registerForProject.
Finished calling UserRetrieval#retrieveUser in RegistrationServicesImpl#registerForProject.
Starts calling ResourceManager#updateResource in RegistrationServicesImpl#registerForProject.
Finished calling ResourceManager#updateResource in RegistrationServicesImpl#registerForProject.
Exits RegistrationServicesImpl#registerForProject method.
Enters RegistrationServicesImpl#removeRegistration method.
Starts calling UserRetrieval#retrieveUser in RegistrationServicesImpl#removeRegistration.
Finished calling UserRetrieval#retrieveUser in RegistrationServicesImpl#removeRegistration.
Starts calling ProjectServices#getFullProjectData in RegistrationServicesImpl#removeRegistration.
Finished calling ProjectServices#getFullProjectData in RegistrationServicesImpl#removeRegistration.
Starts calling TeamManager#findPositions method.
Finished calling TeamManager#findPositions method.
Starts calling TeamManager#getTeamFromPosition method.
Finished calling TeamManager#getTeamFromPosition method.
Starts calling ResourceManager#removeResource in RegistrationServicesImpl#removeRegistration.
Finished calling ResourceManager#removeResource in RegistrationServicesImpl#removeRegistration.
Starts calling TeamServices#removeMember in RegistrationServicesImpl#removeRegistration.
Finished calling TeamServices#removeTeam in RegistrationServicesImpl#removeRegistration.
Starts calling ContactMemberServices#sendMessage in RegistrationServicesImpl#removeRegistration.
Finished calling ContactMemberServices#sendMessage in RegistrationServicesImpl#removeRegistration.
Starts calling BanManager#banUser in RegistrationServicesImpl#removeRegistration.
Finished calling BanManager#banUser in RegistrationServicesImpl#removeRegistration.
Exits RegistrationServicesImpl#removeRegistration method.
Enters RegistrationServicesImpl#getRegistration method.
Starts calling UserRetrieval#retrieveUser in RegistrationServicesImpl#getRegistration.
Finished calling UserRetrieval#retrieveUser in RegistrationServicesImpl#getRegistration.
Starts calling ProjectServices#getFullProjectData method.
Finished calling ProjectServices#getFullProjectData method.
Exists RegistrationServicesImpl#getRegistration method.
Enters RegistrationServicesImpl#registerForProject method.
Enters RegistrationServicesImpl#validateRegistration method.
Starts calling UserRetrieval#retrieveUser in RegistrationServicesImpl#validateRegistration.
Finished calling UserRetrieval#retrieveUser in RegistrationServicesImpl#validateRegistration.
Starts calling ProjectServices#getFullProjectData method.
Finished calling ProjectServices#getFullProjectData method.
Starts calling RegistrationValidator#validate method.
Finished calling RegistrationValidator#validate method.
Exits RegistrationServicesImpl#validateRegistration method.
Starts calling ResourceManager#removeResource in RegistrationServicesImpl#registerForProject.
Finished calling ResourceManager#removeResource in RegistrationServicesImpl#registerForProject.
Starts calling UserRetrieval#retrieveUser in RegistrationServicesImpl#registerForProject.
Finished calling UserRetrieval#retrieveUser in RegistrationServicesImpl#registerForProject.
Starts calling ResourceManager#updateResource in RegistrationServicesImpl#registerForProject.
Finished calling ResourceManager#updateResource in RegistrationServicesImpl#registerForProject.
Exits RegistrationServicesImpl#registerForProject method.
Enters RegistrationServicesImpl#removeRegistration method.
Starts calling UserRetrieval#retrieveUser in RegistrationServicesImpl#removeRegistration.
Finished calling UserRetrieval#retrieveUser in RegistrationServicesImpl#removeRegistration.
Starts calling ProjectServices#getFullProjectData in RegistrationServicesImpl#removeRegistration.
Finished calling ProjectServices#getFullProjectData in RegistrationServicesImpl#removeRegistration.
Starts calling TeamManager#findPositions method.
Finished calling TeamManager#findPositions method.
Starts calling TeamManager#getTeamFromPosition method.
Finished calling TeamManager#getTeamFromPosition method.
Starts calling ResourceManager#removeResource in RegistrationServicesImpl#removeRegistration.
Finished calling ResourceManager#removeResource in RegistrationServicesImpl#removeRegistration.
Starts calling TeamServices#removeMember in RegistrationServicesImpl#removeRegistration.
Finished calling TeamServices#removeTeam in RegistrationServicesImpl#removeRegistration.
Starts calling ContactMemberServices#sendMessage in RegistrationServicesImpl#removeRegistration.
Finished calling ContactMemberServices#sendMessage in RegistrationServicesImpl#removeRegistration.
Starts calling BanManager#banUser in RegistrationServicesImpl#removeRegistration.
Finished calling BanManager#banUser in RegistrationServicesImpl#removeRegistration.
Exits RegistrationServicesImpl#removeRegistration method.
Enters RegistrationServicesImpl#getRegistration method.
Starts calling UserRetrieval#retrieveUser in RegistrationServicesImpl#getRegistration.
Finished calling UserRetrieval#retrieveUser in RegistrationServicesImpl#getRegistration.
Starts calling ProjectServices#getFullProjectData method.
Finished calling ProjectServices#getFullProjectData method.
Exists RegistrationServicesImpl#getRegistration method.
Enters RegistrationServicesImpl#registerForProject method.
Enters RegistrationServicesImpl#validateRegistration method.
Starts calling UserRetrieval#retrieveUser in RegistrationServicesImpl#validateRegistration.
Finished calling UserRetrieval#retrieveUser in RegistrationServicesImpl#validateRegistration.
Starts calling ProjectServices#getFullProjectData method.
Finished calling ProjectServices#getFullProjectData method.
Starts calling RegistrationValidator#validate method.
Finished calling RegistrationValidator#validate method.
Exits RegistrationServicesImpl#validateRegistration method.
Starts calling ResourceManager#removeResource in RegistrationServicesImpl#registerForProject.
Finished calling ResourceManager#removeResource in RegistrationServicesImpl#registerForProject.
Starts calling UserRetrieval#retrieveUser in RegistrationServicesImpl#registerForProject.
Finished calling UserRetrieval#retrieveUser in RegistrationServicesImpl#registerForProject.
Starts calling ResourceManager#updateResource in RegistrationServicesImpl#registerForProject.
Finished calling ResourceManager#updateResource in RegistrationServicesImpl#registerForProject.
Exits RegistrationServicesImpl#registerForProject method.
Enters RegistrationServicesImpl#removeRegistration method.
Starts calling UserRetrieval#retrieveUser in RegistrationServicesImpl#removeRegistration.
Finished calling UserRetrieval#retrieveUser in RegistrationServicesImpl#removeRegistration.
Starts calling ProjectServices#getFullProjectData in RegistrationServicesImpl#removeRegistration.
Finished calling ProjectServices#getFullProjectData in RegistrationServicesImpl#removeRegistration.
Starts calling TeamManager#findPositions method.
Finished calling TeamManager#findPositions method.
Starts calling TeamManager#getTeamFromPosition method.
Finished calling TeamManager#getTeamFromPosition method.
Starts calling ResourceManager#removeResource in RegistrationServicesImpl#removeRegistration.
Finished calling ResourceManager#removeResource in RegistrationServicesImpl#removeRegistration.
Starts calling TeamServices#removeMember in RegistrationServicesImpl#removeRegistration.
Finished calling TeamServices#removeTeam in RegistrationServicesImpl#removeRegistration.
Starts calling ContactMemberServices#sendMessage in RegistrationServicesImpl#removeRegistration.
Finished calling ContactMemberServices#sendMessage in RegistrationServicesImpl#removeRegistration.
Starts calling BanManager#banUser in RegistrationServicesImpl#removeRegistration.
Finished calling BanManager#banUser in RegistrationServicesImpl#removeRegistration.
Exits RegistrationServicesImpl#removeRegistration method.
Enters RegistrationServicesImpl#getRegistration method.
Starts calling UserRetrieval#retrieveUser in RegistrationServicesImpl#getRegistration.
Finished calling UserRetrieval#retrieveUser in RegistrationServicesImpl#getRegistration.
Starts calling ProjectServices#getFullProjectData method.
Finished calling ProjectServices#getFullProjectData method.
Exists RegistrationServicesImpl#getRegistration method.
Enters RegistrationServicesImpl#registerForProject method.
Enters RegistrationServicesImpl#validateRegistration method.
Starts calling UserRetrieval#retrieveUser in RegistrationServicesImpl#validateRegistration.
Finished calling UserRetrieval#retrieveUser in RegistrationServicesImpl#validateRegistration.
Starts calling ProjectServices#getFullProjectData method.
Finished calling ProjectServices#getFullProjectData method.
Starts calling RegistrationValidator#validate method.
Finished calling RegistrationValidator#validate method.
Exits RegistrationServicesImpl#validateRegistration method.
Starts calling ResourceManager#removeResource in RegistrationServicesImpl#registerForProject.
Finished calling ResourceManager#removeResource in RegistrationServicesImpl#registerForProject.
Starts calling UserRetrieval#retrieveUser in RegistrationServicesImpl#registerForProject.
Finished calling UserRetrieval#retrieveUser in RegistrationServicesImpl#registerForProject.
Starts calling ResourceManager#updateResource in RegistrationServicesImpl#registerForProject.
Finished calling ResourceManager#updateResource in RegistrationServicesImpl#registerForProject.
Exits RegistrationServicesImpl#registerForProject method.
Enters RegistrationServicesImpl#removeRegistration method.
Starts calling UserRetrieval#retrieveUser in RegistrationServicesImpl#removeRegistration.
Finished calling UserRetrieval#retrieveUser in RegistrationServicesImpl#removeRegistration.
Starts calling ProjectServices#getFullProjectData in RegistrationServicesImpl#removeRegistration.
Finished calling ProjectServices#getFullProjectData in RegistrationServicesImpl#removeRegistration.
Starts calling TeamManager#findPositions method.
Finished calling TeamManager#findPositions method.
Starts calling TeamManager#getTeamFromPosition method.
Finished calling TeamManager#getTeamFromPosition method.
Starts calling ResourceManager#removeResource in RegistrationServicesImpl#removeRegistration.
Finished calling ResourceManager#removeResource in RegistrationServicesImpl#removeRegistration.
Starts calling TeamServices#removeMember in RegistrationServicesImpl#removeRegistration.
Finished calling TeamServices#removeTeam in RegistrationServicesImpl#removeRegistration.
Starts calling ContactMemberServices#sendMessage in RegistrationServicesImpl#removeRegistration.
Finished calling ContactMemberServices#sendMessage in RegistrationServicesImpl#removeRegistration.
Starts calling BanManager#banUser in RegistrationServicesImpl#removeRegistration.
Finished calling BanManager#banUser in RegistrationServicesImpl#removeRegistration.
Exits RegistrationServicesImpl#removeRegistration method.
Enters RegistrationServicesImpl#getRegistration method.
Starts calling UserRetrieval#retrieveUser in RegistrationServicesImpl#getRegistration.
Finished calling UserRetrieval#retrieveUser in RegistrationServicesImpl#getRegistration.
Starts calling ProjectServices#getFullProjectData method.
Finished calling ProjectServices#getFullProjectData method.
Exists RegistrationServicesImpl#getRegistration method.
Enters RegistrationServicesImpl#registerForProject method.
Enters RegistrationServicesImpl#validateRegistration method.
Starts calling UserRetrieval#retrieveUser in RegistrationServicesImpl#validateRegistration.
Finished calling UserRetrieval#retrieveUser in RegistrationServicesImpl#validateRegistration.
Starts calling ProjectServices#getFullProjectData method.
Finished calling ProjectServices#getFullProjectData method.
Starts calling RegistrationValidator#validate method.
Finished calling RegistrationValidator#validate method.
Exits RegistrationServicesImpl#validateRegistration method.
Starts calling ResourceManager#removeResource in RegistrationServicesImpl#registerForProject.
Finished calling ResourceManager#removeResource in RegistrationServicesImpl#registerForProject.
Starts calling UserRetrieval#retrieveUser in RegistrationServicesImpl#registerForProject.
Finished calling UserRetrieval#retrieveUser in RegistrationServicesImpl#registerForProject.
Starts calling ResourceManager#updateResource in RegistrationServicesImpl#registerForProject.
Finished calling ResourceManager#updateResource in RegistrationServicesImpl#registerForProject.
Exits RegistrationServicesImpl#registerForProject method.
Enters RegistrationServicesImpl#removeRegistration method.
Starts calling UserRetrieval#retrieveUser in RegistrationServicesImpl#removeRegistration.
Finished calling UserRetrieval#retrieveUser in RegistrationServicesImpl#removeRegistration.
Starts calling ProjectServices#getFullProjectData in RegistrationServicesImpl#removeRegistration.
Finished calling ProjectServices#getFullProjectData in RegistrationServicesImpl#removeRegistration.
Starts calling TeamManager#findPositions method.
Finished calling TeamManager#findPositions method.
Starts calling TeamManager#getTeamFromPosition method.
Finished calling TeamManager#getTeamFromPosition method.
Starts calling ResourceManager#removeResource in RegistrationServicesImpl#removeRegistration.
Finished calling ResourceManager#removeResource in RegistrationServicesImpl#removeRegistration.
Starts calling TeamServices#removeMember in RegistrationServicesImpl#removeRegistration.
Finished calling TeamServices#removeTeam in RegistrationServicesImpl#removeRegistration.
Starts calling ContactMemberServices#sendMessage in RegistrationServicesImpl#removeRegistration.
Finished calling ContactMemberServices#sendMessage in RegistrationServicesImpl#removeRegistration.
Starts calling BanManager#banUser in RegistrationServicesImpl#removeRegistration.
Finished calling BanManager#banUser in RegistrationServicesImpl#removeRegistration.
Exits RegistrationServicesImpl#removeRegistration method.
Enters RegistrationServicesImpl#getRegistration method.
Starts calling UserRetrieval#retrieveUser in RegistrationServicesImpl#getRegistration.
Finished calling UserRetrieval#retrieveUser in RegistrationServicesImpl#getRegistration.
Starts calling ProjectServices#getFullProjectData method.
Finished calling ProjectServices#getFullProjectData method.
Exists RegistrationServicesImpl#getRegistration method.
Enters RegistrationServicesImpl#registerForProject method.
Enters RegistrationServicesImpl#validateRegistration method.
Starts calling UserRetrieval#retrieveUser in RegistrationServicesImpl#validateRegistration.
Finished calling UserRetrieval#retrieveUser in RegistrationServicesImpl#validateRegistration.
Starts calling ProjectServices#getFullProjectData method.
Finished calling ProjectServices#getFullProjectData method.
Starts calling RegistrationValidator#validate method.
Finished calling RegistrationValidator#validate method.
Exits RegistrationServicesImpl#validateRegistration method.
Starts calling ResourceManager#removeResource in RegistrationServicesImpl#registerForProject.
Finished calling ResourceManager#removeResource in RegistrationServicesImpl#registerForProject.
Starts calling UserRetrieval#retrieveUser in RegistrationServicesImpl#registerForProject.
Finished calling UserRetrieval#retrieveUser in RegistrationServicesImpl#registerForProject.
Starts calling ResourceManager#updateResource in RegistrationServicesImpl#registerForProject.
Finished calling ResourceManager#updateResource in RegistrationServicesImpl#registerForProject.
Exits RegistrationServicesImpl#registerForProject method.
Enters RegistrationServicesImpl#removeRegistration method.
Starts calling UserRetrieval#retrieveUser in RegistrationServicesImpl#removeRegistration.
Finished calling UserRetrieval#retrieveUser in RegistrationServicesImpl#removeRegistration.
Starts calling ProjectServices#getFullProjectData in RegistrationServicesImpl#removeRegistration.
Finished calling ProjectServices#getFullProjectData in RegistrationServicesImpl#removeRegistration.
Starts calling TeamManager#findPositions method.
Finished calling TeamManager#findPositions method.
Starts calling TeamManager#getTeamFromPosition method.
Finished calling TeamManager#getTeamFromPosition method.
Starts calling ResourceManager#removeResource in RegistrationServicesImpl#removeRegistration.
Finished calling ResourceManager#removeResource in RegistrationServicesImpl#removeRegistration.
Starts calling TeamServices#removeMember in RegistrationServicesImpl#removeRegistration.
Finished calling TeamServices#removeTeam in RegistrationServicesImpl#removeRegistration.
Starts calling ContactMemberServices#sendMessage in RegistrationServicesImpl#removeRegistration.
Finished calling ContactMemberServices#sendMessage in RegistrationServicesImpl#removeRegistration.
Starts calling BanManager#banUser in RegistrationServicesImpl#removeRegistration.
Finished calling BanManager#banUser in RegistrationServicesImpl#removeRegistration.
Exits RegistrationServicesImpl#removeRegistration method.
Enters RegistrationServicesImpl#getRegistration method.
Starts calling UserRetrieval#retrieveUser in RegistrationServicesImpl#getRegistration.
Finished calling UserRetrieval#retrieveUser in RegistrationServicesImpl#getRegistration.
Starts calling ProjectServices#getFullProjectData method.
Finished calling ProjectServices#getFullProjectData method.
Exists RegistrationServicesImpl#getRegistration method.
Enters RegistrationServicesImpl#registerForProject method.
Enters RegistrationServicesImpl#validateRegistration method.
Starts calling UserRetrieval#retrieveUser in RegistrationServicesImpl#validateRegistration.
Finished calling UserRetrieval#retrieveUser in RegistrationServicesImpl#validateRegistration.
Starts calling ProjectServices#getFullProjectData method.
Finished calling ProjectServices#getFullProjectData method.
Starts calling RegistrationValidator#validate method.
Finished calling RegistrationValidator#validate method.
Exits RegistrationServicesImpl#validateRegistration method.
Starts calling ResourceManager#removeResource in RegistrationServicesImpl#registerForProject.
Finished calling ResourceManager#removeResource in RegistrationServicesImpl#registerForProject.
Starts calling UserRetrieval#retrieveUser in RegistrationServicesImpl#registerForProject.
Finished calling UserRetrieval#retrieveUser in RegistrationServicesImpl#registerForProject.
Starts calling ResourceManager#updateResource in RegistrationServicesImpl#registerForProject.
Finished calling ResourceManager#updateResource in RegistrationServicesImpl#registerForProject.
Exits RegistrationServicesImpl#registerForProject method.
Enters RegistrationServicesImpl#removeRegistration method.
Starts calling UserRetrieval#retrieveUser in RegistrationServicesImpl#removeRegistration.
Finished calling UserRetrieval#retrieveUser in RegistrationServicesImpl#removeRegistration.
Starts calling ProjectServices#getFullProjectData in RegistrationServicesImpl#removeRegistration.
Finished calling ProjectServices#getFullProjectData in RegistrationServicesImpl#removeRegistration.
Starts calling TeamManager#findPositions method.
Finished calling TeamManager#findPositions method.
Starts calling TeamManager#getTeamFromPosition method.
Finished calling TeamManager#getTeamFromPosition method.
Starts calling ResourceManager#removeResource in RegistrationServicesImpl#removeRegistration.
Finished calling ResourceManager#removeResource in RegistrationServicesImpl#removeRegistration.
Starts calling TeamServices#removeMember in RegistrationServicesImpl#removeRegistration.
Finished calling TeamServices#removeTeam in RegistrationServicesImpl#removeRegistration.
Starts calling ContactMemberServices#sendMessage in RegistrationServicesImpl#removeRegistration.
Finished calling ContactMemberServices#sendMessage in RegistrationServicesImpl#removeRegistration.
Starts calling BanManager#banUser in RegistrationServicesImpl#removeRegistration.
Finished calling BanManager#banUser in RegistrationServicesImpl#removeRegistration.
Exits RegistrationServicesImpl#removeRegistration method.
Enters RegistrationServicesImpl#getRegistration method.
Starts calling UserRetrieval#retrieveUser in RegistrationServicesImpl#getRegistration.
Finished calling UserRetrieval#retrieveUser in RegistrationServicesImpl#getRegistration.
Starts calling ProjectServices#getFullProjectData method.
Finished calling ProjectServices#getFullProjectData method.
Exists RegistrationServicesImpl#getRegistration method.
Enters RegistrationServicesImpl#registerForProject method.
Enters RegistrationServicesImpl#validateRegistration method.
Starts calling UserRetrieval#retrieveUser in RegistrationServicesImpl#validateRegistration.
Finished calling UserRetrieval#retrieveUser in RegistrationServicesImpl#validateRegistration.
Starts calling ProjectServices#getFullProjectData method.
Finished calling ProjectServices#getFullProjectData method.
Starts calling RegistrationValidator#validate method.
Finished calling RegistrationValidator#validate method.
Exits RegistrationServicesImpl#validateRegistration method.
Starts calling ResourceManager#removeResource in RegistrationServicesImpl#registerForProject.
Finished calling ResourceManager#removeResource in RegistrationServicesImpl#registerForProject.
Starts calling UserRetrieval#retrieveUser in RegistrationServicesImpl#registerForProject.
Finished calling UserRetrieval#retrieveUser in RegistrationServicesImpl#registerForProject.
Starts calling ResourceManager#updateResource in RegistrationServicesImpl#registerForProject.
Finished calling ResourceManager#updateResource in RegistrationServicesImpl#registerForProject.
Exits RegistrationServicesImpl#registerForProject method.
Enters RegistrationServicesImpl#removeRegistration method.
Starts calling UserRetrieval#retrieveUser in RegistrationServicesImpl#removeRegistration.
Finished calling UserRetrieval#retrieveUser in RegistrationServicesImpl#removeRegistration.
Starts calling ProjectServices#getFullProjectData in RegistrationServicesImpl#removeRegistration.
Finished calling ProjectServices#getFullProjectData in RegistrationServicesImpl#removeRegistration.
Starts calling TeamManager#findPositions method.
Finished calling TeamManager#findPositions method.
Starts calling TeamManager#getTeamFromPosition method.
Finished calling TeamManager#getTeamFromPosition method.
Starts calling ResourceManager#removeResource in RegistrationServicesImpl#removeRegistration.
Finished calling ResourceManager#removeResource in RegistrationServicesImpl#removeRegistration.
Starts calling TeamServices#removeMember in RegistrationServicesImpl#removeRegistration.
Finished calling TeamServices#removeTeam in RegistrationServicesImpl#removeRegistration.
Starts calling ContactMemberServices#sendMessage in RegistrationServicesImpl#removeRegistration.
Finished calling ContactMemberServices#sendMessage in RegistrationServicesImpl#removeRegistration.
Starts calling BanManager#banUser in RegistrationServicesImpl#removeRegistration.
Finished calling BanManager#banUser in RegistrationServicesImpl#removeRegistration.
Exits RegistrationServicesImpl#removeRegistration method.
Enters RegistrationServicesImpl#getRegistration method.
Starts calling UserRetrieval#retrieveUser in RegistrationServicesImpl#getRegistration.
Finished calling UserRetrieval#retrieveUser in RegistrationServicesImpl#getRegistration.
Starts calling ProjectServices#getFullProjectData method.
Finished calling ProjectServices#getFullProjectData method.
Exists RegistrationServicesImpl#getRegistration method.
Enters RegistrationServicesImpl#registerForProject method.
Enters RegistrationServicesImpl#validateRegistration method.
Starts calling UserRetrieval#retrieveUser in RegistrationServicesImpl#validateRegistration.
Finished calling UserRetrieval#retrieveUser in RegistrationServicesImpl#validateRegistration.
Starts calling ProjectServices#getFullProjectData method.
Finished calling ProjectServices#getFullProjectData method.
Starts calling RegistrationValidator#validate method.
Finished calling RegistrationValidator#validate method.
Exits RegistrationServicesImpl#validateRegistration method.
Starts calling ResourceManager#removeResource in RegistrationServicesImpl#registerForProject.
Finished calling ResourceManager#removeResource in RegistrationServicesImpl#registerForProject.
Starts calling UserRetrieval#retrieveUser in RegistrationServicesImpl#registerForProject.
Finished calling UserRetrieval#retrieveUser in RegistrationServicesImpl#registerForProject.
Starts calling ResourceManager#updateResource in RegistrationServicesImpl#registerForProject.
Finished calling ResourceManager#updateResource in RegistrationServicesImpl#registerForProject.
Exits RegistrationServicesImpl#registerForProject method.
Enters RegistrationServicesImpl#removeRegistration method.
Starts calling UserRetrieval#retrieveUser in RegistrationServicesImpl#removeRegistration.
Finished calling UserRetrieval#retrieveUser in RegistrationServicesImpl#removeRegistration.
Starts calling ProjectServices#getFullProjectData in RegistrationServicesImpl#removeRegistration.
Finished calling ProjectServices#getFullProjectData in RegistrationServicesImpl#removeRegistration.
Starts calling TeamManager#findPositions method.
Finished calling TeamManager#findPositions method.
Starts calling TeamManager#getTeamFromPosition method.
Finished calling TeamManager#getTeamFromPosition method.
Starts calling ResourceManager#removeResource in RegistrationServicesImpl#removeRegistration.
Finished calling ResourceManager#removeResource in RegistrationServicesImpl#removeRegistration.
Starts calling TeamServices#removeMember in RegistrationServicesImpl#removeRegistration.
Finished calling TeamServices#removeTeam in RegistrationServicesImpl#removeRegistration.
Starts calling ContactMemberServices#sendMessage in RegistrationServicesImpl#removeRegistration.
Finished calling ContactMemberServices#sendMessage in RegistrationServicesImpl#removeRegistration.
Starts calling BanManager#banUser in RegistrationServicesImpl#removeRegistration.
Finished calling BanManager#banUser in RegistrationServicesImpl#removeRegistration.
Exits RegistrationServicesImpl#removeRegistration method.
Enters RegistrationServicesImpl#getRegistration method.
Starts calling UserRetrieval#retrieveUser in RegistrationServicesImpl#getRegistration.
Finished calling UserRetrieval#retrieveUser in RegistrationServicesImpl#getRegistration.
Starts calling ProjectServices#getFullProjectData method.
Finished calling ProjectServices#getFullProjectData method.
Exists RegistrationServicesImpl#getRegistration method.
Enters RegistrationServicesImpl#registerForProject method.
Enters RegistrationServicesImpl#validateRegistration method.
Starts calling UserRetrieval#retrieveUser in RegistrationServicesImpl#validateRegistration.
Finished calling UserRetrieval#retrieveUser in RegistrationServicesImpl#validateRegistration.
Starts calling ProjectServices#getFullProjectData method.
Finished calling ProjectServices#getFullProjectData method.
Starts calling RegistrationValidator#validate method.
Finished calling RegistrationValidator#validate method.
Exits RegistrationServicesImpl#validateRegistration method.
Starts calling ResourceManager#removeResource in RegistrationServicesImpl#registerForProject.
Finished calling ResourceManager#removeResource in RegistrationServicesImpl#registerForProject.
Starts calling UserRetrieval#retrieveUser in RegistrationServicesImpl#registerForProject.
Finished calling UserRetrieval#retrieveUser in RegistrationServicesImpl#registerForProject.
Starts calling ResourceManager#updateResource in RegistrationServicesImpl#registerForProject.
Finished calling ResourceManager#updateResource in RegistrationServicesImpl#registerForProject.
Exits RegistrationServicesImpl#registerForProject method.
Enters RegistrationServicesImpl#removeRegistration method.
Starts calling UserRetrieval#retrieveUser in RegistrationServicesImpl#removeRegistration.
Finished calling UserRetrieval#retrieveUser in RegistrationServicesImpl#removeRegistration.
Starts calling ProjectServices#getFullProjectData in RegistrationServicesImpl#removeRegistration.
Finished calling ProjectServices#getFullProjectData in RegistrationServicesImpl#removeRegistration.
Starts calling TeamManager#findPositions method.
Finished calling TeamManager#findPositions method.
Starts calling TeamManager#getTeamFromPosition method.
Finished calling TeamManager#getTeamFromPosition method.
Starts calling ResourceManager#removeResource in RegistrationServicesImpl#removeRegistration.
Finished calling ResourceManager#removeResource in RegistrationServicesImpl#removeRegistration.
Starts calling TeamServices#removeMember in RegistrationServicesImpl#removeRegistration.
Finished calling TeamServices#removeTeam in RegistrationServicesImpl#removeRegistration.
Starts calling ContactMemberServices#sendMessage in RegistrationServicesImpl#removeRegistration.
Finished calling ContactMemberServices#sendMessage in RegistrationServicesImpl#removeRegistration.
Starts calling BanManager#banUser in RegistrationServicesImpl#removeRegistration.
Finished calling BanManager#banUser in RegistrationServicesImpl#removeRegistration.
Exits RegistrationServicesImpl#removeRegistration method.
Enters RegistrationServicesImpl#getRegistration method.
Starts calling UserRetrieval#retrieveUser in RegistrationServicesImpl#getRegistration.
Finished calling UserRetrieval#retrieveUser in RegistrationServicesImpl#getRegistration.
Starts calling ProjectServices#getFullProjectData method.
Finished calling ProjectServices#getFullProjectData method.
Exists RegistrationServicesImpl#getRegistration method.
Enters RegistrationServicesImpl#registerForProject method.
Enters RegistrationServicesImpl#validateRegistration method.
Starts calling UserRetrieval#retrieveUser in RegistrationServicesImpl#validateRegistration.
Finished calling UserRetrieval#retrieveUser in RegistrationServicesImpl#validateRegistration.
Starts calling ProjectServices#getFullProjectData method.
Finished calling ProjectServices#getFullProjectData method.
Starts calling RegistrationValidator#validate method.
Finished calling RegistrationValidator#validate method.
Exits RegistrationServicesImpl#validateRegistration method.
Starts calling ResourceManager#removeResource in RegistrationServicesImpl#registerForProject.
Finished calling ResourceManager#removeResource in RegistrationServicesImpl#registerForProject.
Starts calling UserRetrieval#retrieveUser in RegistrationServicesImpl#registerForProject.
Finished calling UserRetrieval#retrieveUser in RegistrationServicesImpl#registerForProject.
Starts calling ResourceManager#updateResource in RegistrationServicesImpl#registerForProject.
Finished calling ResourceManager#updateResource in RegistrationServicesImpl#registerForProject.
Exits RegistrationServicesImpl#registerForProject method.
Enters RegistrationServicesImpl#removeRegistration method.
Starts calling UserRetrieval#retrieveUser in RegistrationServicesImpl#removeRegistration.
Finished calling UserRetrieval#retrieveUser in RegistrationServicesImpl#removeRegistration.
Starts calling ProjectServices#getFullProjectData in RegistrationServicesImpl#removeRegistration.
Finished calling ProjectServices#getFullProjectData in RegistrationServicesImpl#removeRegistration.
Starts calling TeamManager#findPositions method.
Finished calling TeamManager#findPositions method.
Starts calling TeamManager#getTeamFromPosition method.
Finished calling TeamManager#getTeamFromPosition method.
Starts calling ResourceManager#removeResource in RegistrationServicesImpl#removeRegistration.
Finished calling ResourceManager#removeResource in RegistrationServicesImpl#removeRegistration.
Starts calling TeamServices#removeMember in RegistrationServicesImpl#removeRegistration.
Finished calling TeamServices#removeTeam in RegistrationServicesImpl#removeRegistration.
Starts calling ContactMemberServices#sendMessage in RegistrationServicesImpl#removeRegistration.
Finished calling ContactMemberServices#sendMessage in RegistrationServicesImpl#removeRegistration.
Starts calling BanManager#banUser in RegistrationServicesImpl#removeRegistration.
Finished calling BanManager#banUser in RegistrationServicesImpl#removeRegistration.
Exits RegistrationServicesImpl#removeRegistration method.
Enters RegistrationServicesImpl#getRegistration method.
Starts calling UserRetrieval#retrieveUser in RegistrationServicesImpl#getRegistration.
Finished calling UserRetrieval#retrieveUser in RegistrationServicesImpl#getRegistration.
Starts calling ProjectServices#getFullProjectData method.
Finished calling ProjectServices#getFullProjectData method.
Exists RegistrationServicesImpl#getRegistration method.
Enters RegistrationServicesImpl#registerForProject method.
Enters RegistrationServicesImpl#validateRegistration method.
Starts calling UserRetrieval#retrieveUser in RegistrationServicesImpl#validateRegistration.
Finished calling UserRetrieval#retrieveUser in RegistrationServicesImpl#validateRegistration.
Starts calling ProjectServices#getFullProjectData method.
Finished calling ProjectServices#getFullProjectData method.
Starts calling RegistrationValidator#validate method.
Finished calling RegistrationValidator#validate method.
Exits RegistrationServicesImpl#validateRegistration method.
Starts calling ResourceManager#removeResource in RegistrationServicesImpl#registerForProject.
Finished calling ResourceManager#removeResource in RegistrationServicesImpl#registerForProject.
Starts calling UserRetrieval#retrieveUser in RegistrationServicesImpl#registerForProject.
Finished calling UserRetrieval#retrieveUser in RegistrationServicesImpl#registerForProject.
Starts calling ResourceManager#updateResource in RegistrationServicesImpl#registerForProject.
Finished calling ResourceManager#updateResource in RegistrationServicesImpl#registerForProject.
Exits RegistrationServicesImpl#registerForProject method.
Enters RegistrationServicesImpl#removeRegistration method.
Starts calling UserRetrieval#retrieveUser in RegistrationServicesImpl#removeRegistration.
Finished calling UserRetrieval#retrieveUser in RegistrationServicesImpl#removeRegistration.
Starts calling ProjectServices#getFullProjectData in RegistrationServicesImpl#removeRegistration.
Finished calling ProjectServices#getFullProjectData in RegistrationServicesImpl#removeRegistration.
Starts calling TeamManager#findPositions method.
Finished calling TeamManager#findPositions method.
Starts calling TeamManager#getTeamFromPosition method.
Finished calling TeamManager#getTeamFromPosition method.
Starts calling ResourceManager#removeResource in RegistrationServicesImpl#removeRegistration.
Finished calling ResourceManager#removeResource in RegistrationServicesImpl#removeRegistration.
Starts calling TeamServices#removeMember in RegistrationServicesImpl#removeRegistration.
Finished calling TeamServices#removeTeam in RegistrationServicesImpl#removeRegistration.
Starts calling ContactMemberServices#sendMessage in RegistrationServicesImpl#removeRegistration.
Finished calling ContactMemberServices#sendMessage in RegistrationServicesImpl#removeRegistration.
Starts calling BanManager#banUser in RegistrationServicesImpl#removeRegistration.
Finished calling BanManager#banUser in RegistrationServicesImpl#removeRegistration.
Exits RegistrationServicesImpl#removeRegistration method.
Enters RegistrationServicesImpl#getRegistration method.
Starts calling UserRetrieval#retrieveUser in RegistrationServicesImpl#getRegistration.
Finished calling UserRetrieval#retrieveUser in RegistrationServicesImpl#getRegistration.
Starts calling ProjectServices#getFullProjectData method.
Finished calling ProjectServices#getFullProjectData method.
Exists RegistrationServicesImpl#getRegistration method.
Enters RegistrationServicesImpl#registerForProject method.
Enters RegistrationServicesImpl#validateRegistration method.
Starts calling UserRetrieval#retrieveUser in RegistrationServicesImpl#validateRegistration.
Finished calling UserRetrieval#retrieveUser in RegistrationServicesImpl#validateRegistration.
Starts calling ProjectServices#getFullProjectData method.
Finished calling ProjectServices#getFullProjectData method.
Starts calling RegistrationValidator#validate method.
Finished calling RegistrationValidator#validate method.
Exits RegistrationServicesImpl#validateRegistration method.
Starts calling ResourceManager#removeResource in RegistrationServicesImpl#registerForProject.
Finished calling ResourceManager#removeResource in RegistrationServicesImpl#registerForProject.
Starts calling UserRetrieval#retrieveUser in RegistrationServicesImpl#registerForProject.
Finished calling UserRetrieval#retrieveUser in RegistrationServicesImpl#registerForProject.
Starts calling ResourceManager#updateResource in RegistrationServicesImpl#registerForProject.
Finished calling ResourceManager#updateResource in RegistrationServicesImpl#registerForProject.
Exits RegistrationServicesImpl#registerForProject method.
Enters RegistrationServicesImpl#removeRegistration method.
Starts calling UserRetrieval#retrieveUser in RegistrationServicesImpl#removeRegistration.
Finished calling UserRetrieval#retrieveUser in RegistrationServicesImpl#removeRegistration.
Starts calling ProjectServices#getFullProjectData in RegistrationServicesImpl#removeRegistration.
Finished calling ProjectServices#getFullProjectData in RegistrationServicesImpl#removeRegistration.
Starts calling TeamManager#findPositions method.
Finished calling TeamManager#findPositions method.
Starts calling TeamManager#getTeamFromPosition method.
Finished calling TeamManager#getTeamFromPosition method.
Starts calling ResourceManager#removeResource in RegistrationServicesImpl#removeRegistration.
Finished calling ResourceManager#removeResource in RegistrationServicesImpl#removeRegistration.
Starts calling TeamServices#removeMember in RegistrationServicesImpl#removeRegistration.
Finished calling TeamServices#removeTeam in RegistrationServicesImpl#removeRegistration.
Starts calling ContactMemberServices#sendMessage in RegistrationServicesImpl#removeRegistration.
Finished calling ContactMemberServices#sendMessage in RegistrationServicesImpl#removeRegistration.
Starts calling BanManager#banUser in RegistrationServicesImpl#removeRegistration.
Finished calling BanManager#banUser in RegistrationServicesImpl#removeRegistration.
Exits RegistrationServicesImpl#removeRegistration method.
Enters RegistrationServicesImpl#getRegistration method.
Starts calling UserRetrieval#retrieveUser in RegistrationServicesImpl#getRegistration.
Finished calling UserRetrieval#retrieveUser in RegistrationServicesImpl#getRegistration.
Starts calling ProjectServices#getFullProjectData method.
Finished calling ProjectServices#getFullProjectData method.
Exists RegistrationServicesImpl#getRegistration method.
Enters RegistrationServicesImpl#registerForProject method.
Enters RegistrationServicesImpl#validateRegistration method.
Starts calling UserRetrieval#retrieveUser in RegistrationServicesImpl#validateRegistration.
Finished calling UserRetrieval#retrieveUser in RegistrationServicesImpl#validateRegistration.
Starts calling ProjectServices#getFullProjectData method.
Finished calling ProjectServices#getFullProjectData method.
Starts calling RegistrationValidator#validate method.
Finished calling RegistrationValidator#validate method.
Exits RegistrationServicesImpl#validateRegistration method.
Starts calling ResourceManager#removeResource in RegistrationServicesImpl#registerForProject.
Finished calling ResourceManager#removeResource in RegistrationServicesImpl#registerForProject.
Starts calling UserRetrieval#retrieveUser in RegistrationServicesImpl#registerForProject.
Finished calling UserRetrieval#retrieveUser in RegistrationServicesImpl#registerForProject.
Starts calling ResourceManager#updateResource in RegistrationServicesImpl#registerForProject.
Finished calling ResourceManager#updateResource in RegistrationServicesImpl#registerForProject.
Exits RegistrationServicesImpl#registerForProject method.
Enters RegistrationServicesImpl#removeRegistration method.
Starts calling UserRetrieval#retrieveUser in RegistrationServicesImpl#removeRegistration.
Finished calling UserRetrieval#retrieveUser in RegistrationServicesImpl#removeRegistration.
Starts calling ProjectServices#getFullProjectData in RegistrationServicesImpl#removeRegistration.
Finished calling ProjectServices#getFullProjectData in RegistrationServicesImpl#removeRegistration.
Starts calling TeamManager#findPositions method.
Finished calling TeamManager#findPositions method.
Starts calling TeamManager#getTeamFromPosition method.
Finished calling TeamManager#getTeamFromPosition method.
Starts calling ResourceManager#removeResource in RegistrationServicesImpl#removeRegistration.
Finished calling ResourceManager#removeResource in RegistrationServicesImpl#removeRegistration.
Starts calling TeamServices#removeMember in RegistrationServicesImpl#removeRegistration.
Finished calling TeamServices#removeTeam in RegistrationServicesImpl#removeRegistration.
Starts calling ContactMemberServices#sendMessage in RegistrationServicesImpl#removeRegistration.
Finished calling ContactMemberServices#sendMessage in RegistrationServicesImpl#removeRegistration.
Starts calling BanManager#banUser in RegistrationServicesImpl#removeRegistration.
Finished calling BanManager#banUser in RegistrationServicesImpl#removeRegistration.
Exits RegistrationServicesImpl#removeRegistration method.
Enters RegistrationServicesImpl#getRegistration method.
Starts calling UserRetrieval#retrieveUser in RegistrationServicesImpl#getRegistration.
Finished calling UserRetrieval#retrieveUser in RegistrationServicesImpl#getRegistration.
Starts calling ProjectServices#getFullProjectData method.
Finished calling ProjectServices#getFullProjectData method.
Exists RegistrationServicesImpl#getRegistration method.
Enters RegistrationServicesImpl#registerForProject method.
Enters RegistrationServicesImpl#validateRegistration method.
Starts calling UserRetrieval#retrieveUser in RegistrationServicesImpl#validateRegistration.
Finished calling UserRetrieval#retrieveUser in RegistrationServicesImpl#validateRegistration.
Starts calling ProjectServices#getFullProjectData method.
Finished calling ProjectServices#getFullProjectData method.
Starts calling RegistrationValidator#validate method.
Finished calling RegistrationValidator#validate method.
Exits RegistrationServicesImpl#validateRegistration method.
Starts calling ResourceManager#removeResource in RegistrationServicesImpl#registerForProject.
Finished calling ResourceManager#removeResource in RegistrationServicesImpl#registerForProject.
Starts calling UserRetrieval#retrieveUser in RegistrationServicesImpl#registerForProject.
Finished calling UserRetrieval#retrieveUser in RegistrationServicesImpl#registerForProject.
Starts calling ResourceManager#updateResource in RegistrationServicesImpl#registerForProject.
Finished calling ResourceManager#updateResource in RegistrationServicesImpl#registerForProject.
Exits RegistrationServicesImpl#registerForProject method.
Enters RegistrationServicesImpl#removeRegistration method.
Starts calling UserRetrieval#retrieveUser in RegistrationServicesImpl#removeRegistration.
Finished calling UserRetrieval#retrieveUser in RegistrationServicesImpl#removeRegistration.
Starts calling ProjectServices#getFullProjectData in RegistrationServicesImpl#removeRegistration.
Finished calling ProjectServices#getFullProjectData in RegistrationServicesImpl#removeRegistration.
Starts calling TeamManager#findPositions method.
Finished calling TeamManager#findPositions method.
Starts calling TeamManager#getTeamFromPosition method.
Finished calling TeamManager#getTeamFromPosition method.
Starts calling ResourceManager#removeResource in RegistrationServicesImpl#removeRegistration.
Finished calling ResourceManager#removeResource in RegistrationServicesImpl#removeRegistration.
Starts calling TeamServices#removeMember in RegistrationServicesImpl#removeRegistration.
Finished calling TeamServices#removeTeam in RegistrationServicesImpl#removeRegistration.
Starts calling ContactMemberServices#sendMessage in RegistrationServicesImpl#removeRegistration.
Finished calling ContactMemberServices#sendMessage in RegistrationServicesImpl#removeRegistration.
Starts calling BanManager#banUser in RegistrationServicesImpl#removeRegistration.
Finished calling BanManager#banUser in RegistrationServicesImpl#removeRegistration.
Exits RegistrationServicesImpl#removeRegistration method.
Enters RegistrationServicesImpl#getRegistration method.
Starts calling UserRetrieval#retrieveUser in RegistrationServicesImpl#getRegistration.
Finished calling UserRetrieval#retrieveUser in RegistrationServicesImpl#getRegistration.
Starts calling ProjectServices#getFullProjectData method.
Finished calling ProjectServices#getFullProjectData method.
Exists RegistrationServicesImpl#getRegistration method.
Enters RegistrationServicesImpl#registerForProject method.
Enters RegistrationServicesImpl#validateRegistration method.
Starts calling UserRetrieval#retrieveUser in RegistrationServicesImpl#validateRegistration.
Finished calling UserRetrieval#retrieveUser in RegistrationServicesImpl#validateRegistration.
Starts calling ProjectServices#getFullProjectData method.
Finished calling ProjectServices#getFullProjectData method.
Starts calling RegistrationValidator#validate method.
Finished calling RegistrationValidator#validate method.
Exits RegistrationServicesImpl#validateRegistration method.
Starts calling ResourceManager#removeResource in RegistrationServicesImpl#registerForProject.
Finished calling ResourceManager#removeResource in RegistrationServicesImpl#registerForProject.
Starts calling UserRetrieval#retrieveUser in RegistrationServicesImpl#registerForProject.
Finished calling UserRetrieval#retrieveUser in RegistrationServicesImpl#registerForProject.
Starts calling ResourceManager#updateResource in RegistrationServicesImpl#registerForProject.
Finished calling ResourceManager#updateResource in RegistrationServicesImpl#registerForProject.
Exits RegistrationServicesImpl#registerForProject method.
Enters RegistrationServicesImpl#removeRegistration method.
Starts calling UserRetrieval#retrieveUser in RegistrationServicesImpl#removeRegistration.
Finished calling UserRetrieval#retrieveUser in RegistrationServicesImpl#removeRegistration.
Starts calling ProjectServices#getFullProjectData in RegistrationServicesImpl#removeRegistration.
Finished calling ProjectServices#getFullProjectData in RegistrationServicesImpl#removeRegistration.
Starts calling TeamManager#findPositions method.
Finished calling TeamManager#findPositions method.
Starts calling TeamManager#getTeamFromPosition method.
Finished calling TeamManager#getTeamFromPosition method.
Starts calling ResourceManager#removeResource in RegistrationServicesImpl#removeRegistration.
Finished calling ResourceManager#removeResource in RegistrationServicesImpl#removeRegistration.
Starts calling TeamServices#removeMember in RegistrationServicesImpl#removeRegistration.
Finished calling TeamServices#removeTeam in RegistrationServicesImpl#removeRegistration.
Starts calling ContactMemberServices#sendMessage in RegistrationServicesImpl#removeRegistration.
Finished calling ContactMemberServices#sendMessage in RegistrationServicesImpl#removeRegistration.
Starts calling BanManager#banUser in RegistrationServicesImpl#removeRegistration.
Finished calling BanManager#banUser in RegistrationServicesImpl#removeRegistration.
Exits RegistrationServicesImpl#removeRegistration method.
Enters RegistrationServicesImpl#getRegistration method.
Starts calling UserRetrieval#retrieveUser in RegistrationServicesImpl#getRegistration.
Finished calling UserRetrieval#retrieveUser in RegistrationServicesImpl#getRegistration.
Starts calling ProjectServices#getFullProjectData method.
Finished calling ProjectServices#getFullProjectData method.
Exists RegistrationServicesImpl#getRegistration method.
Enters RegistrationServicesImpl#registerForProject method.
Enters RegistrationServicesImpl#validateRegistration method.
Starts calling UserRetrieval#retrieveUser in RegistrationServicesImpl#validateRegistration.
Finished calling UserRetrieval#retrieveUser in RegistrationServicesImpl#validateRegistration.
Starts calling ProjectServices#getFullProjectData method.
Finished calling ProjectServices#getFullProjectData method.
Starts calling RegistrationValidator#validate method.
Finished calling RegistrationValidator#validate method.
Exits RegistrationServicesImpl#validateRegistration method.
Starts calling ResourceManager#removeResource in RegistrationServicesImpl#registerForProject.
Finished calling ResourceManager#removeResource in RegistrationServicesImpl#registerForProject.
Starts calling UserRetrieval#retrieveUser in RegistrationServicesImpl#registerForProject.
Finished calling UserRetrieval#retrieveUser in RegistrationServicesImpl#registerForProject.
Starts calling ResourceManager#updateResource in RegistrationServicesImpl#registerForProject.
Finished calling ResourceManager#updateResource in RegistrationServicesImpl#registerForProject.
Exits RegistrationServicesImpl#registerForProject method.
Enters RegistrationServicesImpl#removeRegistration method.
Starts calling UserRetrieval#retrieveUser in RegistrationServicesImpl#removeRegistration.
Finished calling UserRetrieval#retrieveUser in RegistrationServicesImpl#removeRegistration.
Starts calling ProjectServices#getFullProjectData in RegistrationServicesImpl#removeRegistration.
Finished calling ProjectServices#getFullProjectData in RegistrationServicesImpl#removeRegistration.
Starts calling TeamManager#findPositions method.
Finished calling TeamManager#findPositions method.
Starts calling TeamManager#getTeamFromPosition method.
Finished calling TeamManager#getTeamFromPosition method.
Starts calling ResourceManager#removeResource in RegistrationServicesImpl#removeRegistration.
Finished calling ResourceManager#removeResource in RegistrationServicesImpl#removeRegistration.
Starts calling TeamServices#removeMember in RegistrationServicesImpl#removeRegistration.
Finished calling TeamServices#removeTeam in RegistrationServicesImpl#removeRegistration.
Starts calling ContactMemberServices#sendMessage in RegistrationServicesImpl#removeRegistration.
Finished calling ContactMemberServices#sendMessage in RegistrationServicesImpl#removeRegistration.
Starts calling BanManager#banUser in RegistrationServicesImpl#removeRegistration.
Finished calling BanManager#banUser in RegistrationServicesImpl#removeRegistration.
Exits RegistrationServicesImpl#removeRegistration method.
Enters RegistrationServicesImpl#getRegistration method.
Starts calling UserRetrieval#retrieveUser in RegistrationServicesImpl#getRegistration.
Finished calling UserRetrieval#retrieveUser in RegistrationServicesImpl#getRegistration.
Starts calling ProjectServices#getFullProjectData method.
Finished calling ProjectServices#getFullProjectData method.
Exists RegistrationServicesImpl#getRegistration method.
Enters RegistrationServicesImpl#registerForProject method.
Enters RegistrationServicesImpl#validateRegistration method.
Starts calling UserRetrieval#retrieveUser in RegistrationServicesImpl#validateRegistration.
Finished calling UserRetrieval#retrieveUser in RegistrationServicesImpl#validateRegistration.
Starts calling ProjectServices#getFullProjectData method.
Finished calling ProjectServices#getFullProjectData method.
Starts calling RegistrationValidator#validate method.
Finished calling RegistrationValidator#validate method.
Exits RegistrationServicesImpl#validateRegistration method.
Starts calling ResourceManager#removeResource in RegistrationServicesImpl#registerForProject.
Finished calling ResourceManager#removeResource in RegistrationServicesImpl#registerForProject.
Starts calling UserRetrieval#retrieveUser in RegistrationServicesImpl#registerForProject.
Finished calling UserRetrieval#retrieveUser in RegistrationServicesImpl#registerForProject.
Starts calling ResourceManager#updateResource in RegistrationServicesImpl#registerForProject.
Finished calling ResourceManager#updateResource in RegistrationServicesImpl#registerForProject.
Exits RegistrationServicesImpl#registerForProject method.
Enters RegistrationServicesImpl#removeRegistration method.
Starts calling UserRetrieval#retrieveUser in RegistrationServicesImpl#removeRegistration.
Finished calling UserRetrieval#retrieveUser in RegistrationServicesImpl#removeRegistration.
Starts calling ProjectServices#getFullProjectData in RegistrationServicesImpl#removeRegistration.
Finished calling ProjectServices#getFullProjectData in RegistrationServicesImpl#removeRegistration.
Starts calling TeamManager#findPositions method.
Finished calling TeamManager#findPositions method.
Starts calling TeamManager#getTeamFromPosition method.
Finished calling TeamManager#getTeamFromPosition method.
Starts calling ResourceManager#removeResource in RegistrationServicesImpl#removeRegistration.
Finished calling ResourceManager#removeResource in RegistrationServicesImpl#removeRegistration.
Starts calling TeamServices#removeMember in RegistrationServicesImpl#removeRegistration.
Finished calling TeamServices#removeTeam in RegistrationServicesImpl#removeRegistration.
Starts calling ContactMemberServices#sendMessage in RegistrationServicesImpl#removeRegistration.
Finished calling ContactMemberServices#sendMessage in RegistrationServicesImpl#removeRegistration.
Starts calling BanManager#banUser in RegistrationServicesImpl#removeRegistration.
Finished calling BanManager#banUser in RegistrationServicesImpl#removeRegistration.
Exits RegistrationServicesImpl#removeRegistration method.
Enters RegistrationServicesImpl#getRegistration method.
Starts calling UserRetrieval#retrieveUser in RegistrationServicesImpl#getRegistration.
Finished calling UserRetrieval#retrieveUser in RegistrationServicesImpl#getRegistration.
Starts calling ProjectServices#getFullProjectData method.
Finished calling ProjectServices#getFullProjectData method.
Exists RegistrationServicesImpl#getRegistration method.
Enters RegistrationServicesImpl#registerForProject method.
Enters RegistrationServicesImpl#validateRegistration method.
Starts calling UserRetrieval#retrieveUser in RegistrationServicesImpl#validateRegistration.
Finished calling UserRetrieval#retrieveUser in RegistrationServicesImpl#validateRegistration.
Starts calling ProjectServices#getFullProjectData method.
Finished calling ProjectServices#getFullProjectData method.
Starts calling RegistrationValidator#validate method.
Finished calling RegistrationValidator#validate method.
Exits RegistrationServicesImpl#validateRegistration method.
Starts calling ResourceManager#removeResource in RegistrationServicesImpl#registerForProject.
Finished calling ResourceManager#removeResource in RegistrationServicesImpl#registerForProject.
Starts calling UserRetrieval#retrieveUser in RegistrationServicesImpl#registerForProject.
Finished calling UserRetrieval#retrieveUser in RegistrationServicesImpl#registerForProject.
Starts calling ResourceManager#updateResource in RegistrationServicesImpl#registerForProject.
Finished calling ResourceManager#updateResource in RegistrationServicesImpl#registerForProject.
Exits RegistrationServicesImpl#registerForProject method.
Enters RegistrationServicesImpl#removeRegistration method.
Starts calling UserRetrieval#retrieveUser in RegistrationServicesImpl#removeRegistration.
Finished calling UserRetrieval#retrieveUser in RegistrationServicesImpl#removeRegistration.
Starts calling ProjectServices#getFullProjectData in RegistrationServicesImpl#removeRegistration.
Finished calling ProjectServices#getFullProjectData in RegistrationServicesImpl#removeRegistration.
Starts calling TeamManager#findPositions method.
Finished calling TeamManager#findPositions method.
Starts calling TeamManager#getTeamFromPosition method.
Finished calling TeamManager#getTeamFromPosition method.
Starts calling ResourceManager#removeResource in RegistrationServicesImpl#removeRegistration.
Finished calling ResourceManager#removeResource in RegistrationServicesImpl#removeRegistration.
Starts calling TeamServices#removeMember in RegistrationServicesImpl#removeRegistration.
Finished calling TeamServices#removeTeam in RegistrationServicesImpl#removeRegistration.
Starts calling ContactMemberServices#sendMessage in RegistrationServicesImpl#removeRegistration.
Finished calling ContactMemberServices#sendMessage in RegistrationServicesImpl#removeRegistration.
Starts calling BanManager#banUser in RegistrationServicesImpl#removeRegistration.
Finished calling BanManager#banUser in RegistrationServicesImpl#removeRegistration.
Exits RegistrationServicesImpl#removeRegistration method.
Enters RegistrationServicesImpl#getRegistration method.
Starts calling UserRetrieval#retrieveUser in RegistrationServicesImpl#getRegistration.
Finished calling UserRetrieval#retrieveUser in RegistrationServicesImpl#getRegistration.
Starts calling ProjectServices#getFullProjectData method.
Finished calling ProjectServices#getFullProjectData method.
Exists RegistrationServicesImpl#getRegistration method.
Enters RegistrationServicesImpl#registerForProject method.
Enters RegistrationServicesImpl#validateRegistration method.
Starts calling UserRetrieval#retrieveUser in RegistrationServicesImpl#validateRegistration.
Finished calling UserRetrieval#retrieveUser in RegistrationServicesImpl#validateRegistration.
Starts calling ProjectServices#getFullProjectData method.
Finished calling ProjectServices#getFullProjectData method.
Starts calling RegistrationValidator#validate method.
Finished calling RegistrationValidator#validate method.
Exits RegistrationServicesImpl#validateRegistration method.
Starts calling ResourceManager#removeResource in RegistrationServicesImpl#registerForProject.
Finished calling ResourceManager#removeResource in RegistrationServicesImpl#registerForProject.
Starts calling UserRetrieval#retrieveUser in RegistrationServicesImpl#registerForProject.
Finished calling UserRetrieval#retrieveUser in RegistrationServicesImpl#registerForProject.
Starts calling ResourceManager#updateResource in RegistrationServicesImpl#registerForProject.
Finished calling ResourceManager#updateResource in RegistrationServicesImpl#registerForProject.
Exits RegistrationServicesImpl#registerForProject method.
Enters RegistrationServicesImpl#removeRegistration method.
Starts calling UserRetrieval#retrieveUser in RegistrationServicesImpl#removeRegistration.
Finished calling UserRetrieval#retrieveUser in RegistrationServicesImpl#removeRegistration.
Starts calling ProjectServices#getFullProjectData in RegistrationServicesImpl#removeRegistration.
Finished calling ProjectServices#getFullProjectData in RegistrationServicesImpl#removeRegistration.
Starts calling TeamManager#findPositions method.
Finished calling TeamManager#findPositions method.
Starts calling TeamManager#getTeamFromPosition method.
Finished calling TeamManager#getTeamFromPosition method.
Starts calling ResourceManager#removeResource in RegistrationServicesImpl#removeRegistration.
Finished calling ResourceManager#removeResource in RegistrationServicesImpl#removeRegistration.
Starts calling TeamServices#removeMember in RegistrationServicesImpl#removeRegistration.
Finished calling TeamServices#removeTeam in RegistrationServicesImpl#removeRegistration.
Starts calling ContactMemberServices#sendMessage in RegistrationServicesImpl#removeRegistration.
Finished calling ContactMemberServices#sendMessage in RegistrationServicesImpl#removeRegistration.
Starts calling BanManager#banUser in RegistrationServicesImpl#removeRegistration.
Finished calling BanManager#banUser in RegistrationServicesImpl#removeRegistration.
Exits RegistrationServicesImpl#removeRegistration method.
Enters RegistrationServicesImpl#getRegistration method.
Starts calling UserRetrieval#retrieveUser in RegistrationServicesImpl#getRegistration.
Finished calling UserRetrieval#retrieveUser in RegistrationServicesImpl#getRegistration.
Starts calling ProjectServices#getFullProjectData method.
Finished calling ProjectServices#getFullProjectData method.
Exists RegistrationServicesImpl#getRegistration method.
Enters RegistrationServicesImpl#registerForProject method.
Enters RegistrationServicesImpl#validateRegistration method.
Starts calling UserRetrieval#retrieveUser in RegistrationServicesImpl#validateRegistration.
Finished calling UserRetrieval#retrieveUser in RegistrationServicesImpl#validateRegistration.
Starts calling ProjectServices#getFullProjectData method.
Finished calling ProjectServices#getFullProjectData method.
Starts calling RegistrationValidator#validate method.
Finished calling RegistrationValidator#validate method.
Exits RegistrationServicesImpl#validateRegistration method.
Starts calling ResourceManager#removeResource in RegistrationServicesImpl#registerForProject.
Finished calling ResourceManager#removeResource in RegistrationServicesImpl#registerForProject.
Starts calling UserRetrieval#retrieveUser in RegistrationServicesImpl#registerForProject.
Finished calling UserRetrieval#retrieveUser in RegistrationServicesImpl#registerForProject.
Starts calling ResourceManager#updateResource in RegistrationServicesImpl#registerForProject.
Finished calling ResourceManager#updateResource in RegistrationServicesImpl#registerForProject.
Exits RegistrationServicesImpl#registerForProject method.
Enters RegistrationServicesImpl#removeRegistration method.
Starts calling UserRetrieval#retrieveUser in RegistrationServicesImpl#removeRegistration.
Finished calling UserRetrieval#retrieveUser in RegistrationServicesImpl#removeRegistration.
Starts calling ProjectServices#getFullProjectData in RegistrationServicesImpl#removeRegistration.
Finished calling ProjectServices#getFullProjectData in RegistrationServicesImpl#removeRegistration.
Starts calling TeamManager#findPositions method.
Finished calling TeamManager#findPositions method.
Starts calling TeamManager#getTeamFromPosition method.
Finished calling TeamManager#getTeamFromPosition method.
Starts calling ResourceManager#removeResource in RegistrationServicesImpl#removeRegistration.
Finished calling ResourceManager#removeResource in RegistrationServicesImpl#removeRegistration.
Starts calling TeamServices#removeMember in RegistrationServicesImpl#removeRegistration.
Finished calling TeamServices#removeTeam in RegistrationServicesImpl#removeRegistration.
Starts calling ContactMemberServices#sendMessage in RegistrationServicesImpl#removeRegistration.
Finished calling ContactMemberServices#sendMessage in RegistrationServicesImpl#removeRegistration.
Starts calling BanManager#banUser in RegistrationServicesImpl#removeRegistration.
Finished calling BanManager#banUser in RegistrationServicesImpl#removeRegistration.
Exits RegistrationServicesImpl#removeRegistration method.
Enters RegistrationServicesImpl#getRegistration method.
Starts calling UserRetrieval#retrieveUser in RegistrationServicesImpl#getRegistration.
Finished calling UserRetrieval#retrieveUser in RegistrationServicesImpl#getRegistration.
Starts calling ProjectServices#getFullProjectData method.
Finished calling ProjectServices#getFullProjectData method.
Exists RegistrationServicesImpl#getRegistration method.
Enters RegistrationServicesImpl#registerForProject method.
Enters RegistrationServicesImpl#validateRegistration method.
Starts calling UserRetrieval#retrieveUser in RegistrationServicesImpl#validateRegistration.
Finished calling UserRetrieval#retrieveUser in RegistrationServicesImpl#validateRegistration.
Starts calling ProjectServices#getFullProjectData method.
Finished calling ProjectServices#getFullProjectData method.
Starts calling RegistrationValidator#validate method.
Finished calling RegistrationValidator#validate method.
Exits RegistrationServicesImpl#validateRegistration method.
Starts calling ResourceManager#removeResource in RegistrationServicesImpl#registerForProject.
Finished calling ResourceManager#removeResource in RegistrationServicesImpl#registerForProject.
Starts calling UserRetrieval#retrieveUser in RegistrationServicesImpl#registerForProject.
Finished calling UserRetrieval#retrieveUser in RegistrationServicesImpl#registerForProject.
Starts calling ResourceManager#updateResource in RegistrationServicesImpl#registerForProject.
Finished calling ResourceManager#updateResource in RegistrationServicesImpl#registerForProject.
Exits RegistrationServicesImpl#registerForProject method.
Enters RegistrationServicesImpl#removeRegistration method.
Starts calling UserRetrieval#retrieveUser in RegistrationServicesImpl#removeRegistration.
Finished calling UserRetrieval#retrieveUser in RegistrationServicesImpl#removeRegistration.
Starts calling ProjectServices#getFullProjectData in RegistrationServicesImpl#removeRegistration.
Finished calling ProjectServices#getFullProjectData in RegistrationServicesImpl#removeRegistration.
Starts calling TeamManager#findPositions method.
Finished calling TeamManager#findPositions method.
Starts calling TeamManager#getTeamFromPosition method.
Finished calling TeamManager#getTeamFromPosition method.
Starts calling ResourceManager#removeResource in RegistrationServicesImpl#removeRegistration.
Finished calling ResourceManager#removeResource in RegistrationServicesImpl#removeRegistration.
Starts calling TeamServices#removeMember in RegistrationServicesImpl#removeRegistration.
Finished calling TeamServices#removeTeam in RegistrationServicesImpl#removeRegistration.
Starts calling ContactMemberServices#sendMessage in RegistrationServicesImpl#removeRegistration.
Finished calling ContactMemberServices#sendMessage in RegistrationServicesImpl#removeRegistration.
Starts calling BanManager#banUser in RegistrationServicesImpl#removeRegistration.
Finished calling BanManager#banUser in RegistrationServicesImpl#removeRegistration.
Exits RegistrationServicesImpl#removeRegistration method.
Enters RegistrationServicesImpl#getRegistration method.
Starts calling UserRetrieval#retrieveUser in RegistrationServicesImpl#getRegistration.
Finished calling UserRetrieval#retrieveUser in RegistrationServicesImpl#getRegistration.
Starts calling ProjectServices#getFullProjectData method.
Finished calling ProjectServices#getFullProjectData method.
Exists RegistrationServicesImpl#getRegistration method.
Enters RegistrationServicesImpl#registerForProject method.
Enters RegistrationServicesImpl#validateRegistration method.
Starts calling UserRetrieval#retrieveUser in RegistrationServicesImpl#validateRegistration.
Finished calling UserRetrieval#retrieveUser in RegistrationServicesImpl#validateRegistration.
Starts calling ProjectServices#getFullProjectData method.
Finished calling ProjectServices#getFullProjectData method.
Starts calling RegistrationValidator#validate method.
Finished calling RegistrationValidator#validate method.
Exits RegistrationServicesImpl#validateRegistration method.
Starts calling ResourceManager#removeResource in RegistrationServicesImpl#registerForProject.
Finished calling ResourceManager#removeResource in RegistrationServicesImpl#registerForProject.
Starts calling UserRetrieval#retrieveUser in RegistrationServicesImpl#registerForProject.
Finished calling UserRetrieval#retrieveUser in RegistrationServicesImpl#registerForProject.
Starts calling ResourceManager#updateResource in RegistrationServicesImpl#registerForProject.
Finished calling ResourceManager#updateResource in RegistrationServicesImpl#registerForProject.
Exits RegistrationServicesImpl#registerForProject method.
Enters RegistrationServicesImpl#removeRegistration method.
Starts calling UserRetrieval#retrieveUser in RegistrationServicesImpl#removeRegistration.
Finished calling UserRetrieval#retrieveUser in RegistrationServicesImpl#removeRegistration.
Starts calling ProjectServices#getFullProjectData in RegistrationServicesImpl#removeRegistration.
Finished calling ProjectServices#getFullProjectData in RegistrationServicesImpl#removeRegistration.
Starts calling TeamManager#findPositions method.
Finished calling TeamManager#findPositions method.
Starts calling TeamManager#getTeamFromPosition method.
Finished calling TeamManager#getTeamFromPosition method.
Starts calling ResourceManager#removeResource in RegistrationServicesImpl#removeRegistration.
Finished calling ResourceManager#removeResource in RegistrationServicesImpl#removeRegistration.
Starts calling TeamServices#removeMember in RegistrationServicesImpl#removeRegistration.
Finished calling TeamServices#removeTeam in RegistrationServicesImpl#removeRegistration.
Starts calling ContactMemberServices#sendMessage in RegistrationServicesImpl#removeRegistration.
Finished calling ContactMemberServices#sendMessage in RegistrationServicesImpl#removeRegistration.
Starts calling BanManager#banUser in RegistrationServicesImpl#removeRegistration.
Finished calling BanManager#banUser in RegistrationServicesImpl#removeRegistration.
Exits RegistrationServicesImpl#removeRegistration method.
Enters RegistrationServicesImpl#getRegistration method.
Starts calling UserRetrieval#retrieveUser in RegistrationServicesImpl#getRegistration.
Finished calling UserRetrieval#retrieveUser in RegistrationServicesImpl#getRegistration.
Starts calling ProjectServices#getFullProjectData method.
Finished calling ProjectServices#getFullProjectData method.
Exists RegistrationServicesImpl#getRegistration method.
Enters RegistrationServicesImpl#registerForProject method.
Enters RegistrationServicesImpl#validateRegistration method.
Starts calling UserRetrieval#retrieveUser in RegistrationServicesImpl#validateRegistration.
Finished calling UserRetrieval#retrieveUser in RegistrationServicesImpl#validateRegistration.
Starts calling ProjectServices#getFullProjectData method.
Finished calling ProjectServices#getFullProjectData method.
Starts calling RegistrationValidator#validate method.
Finished calling RegistrationValidator#validate method.
Exits RegistrationServicesImpl#validateRegistration method.
Starts calling ResourceManager#removeResource in RegistrationServicesImpl#registerForProject.
Finished calling ResourceManager#removeResource in RegistrationServicesImpl#registerForProject.
Starts calling UserRetrieval#retrieveUser in RegistrationServicesImpl#registerForProject.
Finished calling UserRetrieval#retrieveUser in RegistrationServicesImpl#registerForProject.
Starts calling ResourceManager#updateResource in RegistrationServicesImpl#registerForProject.
Finished calling ResourceManager#updateResource in RegistrationServicesImpl#registerForProject.
Exits RegistrationServicesImpl#registerForProject method.
Enters RegistrationServicesImpl#removeRegistration method.
Starts calling UserRetrieval#retrieveUser in RegistrationServicesImpl#removeRegistration.
Finished calling UserRetrieval#retrieveUser in RegistrationServicesImpl#removeRegistration.
Starts calling ProjectServices#getFullProjectData in RegistrationServicesImpl#removeRegistration.
Finished calling ProjectServices#getFullProjectData in RegistrationServicesImpl#removeRegistration.
Starts calling TeamManager#findPositions method.
Finished calling TeamManager#findPositions method.
Starts calling TeamManager#getTeamFromPosition method.
Finished calling TeamManager#getTeamFromPosition method.
Starts calling ResourceManager#removeResource in RegistrationServicesImpl#removeRegistration.
Finished calling ResourceManager#removeResource in RegistrationServicesImpl#removeRegistration.
Starts calling TeamServices#removeMember in RegistrationServicesImpl#removeRegistration.
Finished calling TeamServices#removeTeam in RegistrationServicesImpl#removeRegistration.
Starts calling ContactMemberServices#sendMessage in RegistrationServicesImpl#removeRegistration.
Finished calling ContactMemberServices#sendMessage in RegistrationServicesImpl#removeRegistration.
Starts calling BanManager#banUser in RegistrationServicesImpl#removeRegistration.
Finished calling BanManager#banUser in RegistrationServicesImpl#removeRegistration.
Exits RegistrationServicesImpl#removeRegistration method.
Enters RegistrationServicesImpl#getRegistration method.
Starts calling UserRetrieval#retrieveUser in RegistrationServicesImpl#getRegistration.
Finished calling UserRetrieval#retrieveUser in RegistrationServicesImpl#getRegistration.
Starts calling ProjectServices#getFullProjectData method.
Finished calling ProjectServices#getFullProjectData method.
Exists RegistrationServicesImpl#getRegistration method.
Enters RegistrationServicesImpl#registerForProject method.
Enters RegistrationServicesImpl#validateRegistration method.
Starts calling UserRetrieval#retrieveUser in RegistrationServicesImpl#validateRegistration.
Finished calling UserRetrieval#retrieveUser in RegistrationServicesImpl#validateRegistration.
Starts calling ProjectServices#getFullProjectData method.
Finished calling ProjectServices#getFullProjectData method.
Starts calling RegistrationValidator#validate method.
Finished calling RegistrationValidator#validate method.
Exits RegistrationServicesImpl#validateRegistration method.
Starts calling ResourceManager#removeResource in RegistrationServicesImpl#registerForProject.
Finished calling ResourceManager#removeResource in RegistrationServicesImpl#registerForProject.
Starts calling UserRetrieval#retrieveUser in RegistrationServicesImpl#registerForProject.
Finished calling UserRetrieval#retrieveUser in RegistrationServicesImpl#registerForProject.
Starts calling ResourceManager#updateResource in RegistrationServicesImpl#registerForProject.
Finished calling ResourceManager#updateResource in RegistrationServicesImpl#registerForProject.
Exits RegistrationServicesImpl#registerForProject method.
Enters RegistrationServicesImpl#removeRegistration method.
Starts calling UserRetrieval#retrieveUser in RegistrationServicesImpl#removeRegistration.
Finished calling UserRetrieval#retrieveUser in RegistrationServicesImpl#removeRegistration.
Starts calling ProjectServices#getFullProjectData in RegistrationServicesImpl#removeRegistration.
Finished calling ProjectServices#getFullProjectData in RegistrationServicesImpl#removeRegistration.
Starts calling TeamManager#findPositions method.
Finished calling TeamManager#findPositions method.
Starts calling TeamManager#getTeamFromPosition method.
Finished calling TeamManager#getTeamFromPosition method.
Starts calling ResourceManager#removeResource in RegistrationServicesImpl#removeRegistration.
Finished calling ResourceManager#removeResource in RegistrationServicesImpl#removeRegistration.
Starts calling TeamServices#removeMember in RegistrationServicesImpl#removeRegistration.
Finished calling TeamServices#removeTeam in RegistrationServicesImpl#removeRegistration.
Starts calling ContactMemberServices#sendMessage in RegistrationServicesImpl#removeRegistration.
Finished calling ContactMemberServices#sendMessage in RegistrationServicesImpl#removeRegistration.
Starts calling BanManager#banUser in RegistrationServicesImpl#removeRegistration.
Finished calling BanManager#banUser in RegistrationServicesImpl#removeRegistration.
Exits RegistrationServicesImpl#removeRegistration method.
Enters RegistrationServicesImpl#getRegistration method.
Starts calling UserRetrieval#retrieveUser in RegistrationServicesImpl#getRegistration.
Finished calling UserRetrieval#retrieveUser in RegistrationServicesImpl#getRegistration.
Starts calling ProjectServices#getFullProjectData method.
Finished calling ProjectServices#getFullProjectData method.
Exists RegistrationServicesImpl#getRegistration method.
Enters RegistrationServicesImpl#registerForProject method.
Enters RegistrationServicesImpl#validateRegistration method.
Starts calling UserRetrieval#retrieveUser in RegistrationServicesImpl#validateRegistration.
Finished calling UserRetrieval#retrieveUser in RegistrationServicesImpl#validateRegistration.
Starts calling ProjectServices#getFullProjectData method.
Finished calling ProjectServices#getFullProjectData method.
Starts calling RegistrationValidator#validate method.
Finished calling RegistrationValidator#validate method.
Exits RegistrationServicesImpl#validateRegistration method.
Starts calling ResourceManager#removeResource in RegistrationServicesImpl#registerForProject.
Finished calling ResourceManager#removeResource in RegistrationServicesImpl#registerForProject.
Starts calling UserRetrieval#retrieveUser in RegistrationServicesImpl#registerForProject.
Finished calling UserRetrieval#retrieveUser in RegistrationServicesImpl#registerForProject.
Starts calling ResourceManager#updateResource in RegistrationServicesImpl#registerForProject.
Finished calling ResourceManager#updateResource in RegistrationServicesImpl#registerForProject.
Exits RegistrationServicesImpl#registerForProject method.
Enters RegistrationServicesImpl#removeRegistration method.
Starts calling UserRetrieval#retrieveUser in RegistrationServicesImpl#removeRegistration.
Finished calling UserRetrieval#retrieveUser in RegistrationServicesImpl#removeRegistration.
Starts calling ProjectServices#getFullProjectData in RegistrationServicesImpl#removeRegistration.
Finished calling ProjectServices#getFullProjectData in RegistrationServicesImpl#removeRegistration.
Starts calling TeamManager#findPositions method.
Finished calling TeamManager#findPositions method.
Starts calling TeamManager#getTeamFromPosition method.
Finished calling TeamManager#getTeamFromPosition method.
Starts calling ResourceManager#removeResource in RegistrationServicesImpl#removeRegistration.
Finished calling ResourceManager#removeResource in RegistrationServicesImpl#removeRegistration.
Starts calling TeamServices#removeMember in RegistrationServicesImpl#removeRegistration.
Finished calling TeamServices#removeTeam in RegistrationServicesImpl#removeRegistration.
Starts calling ContactMemberServices#sendMessage in RegistrationServicesImpl#removeRegistration.
Finished calling ContactMemberServices#sendMessage in RegistrationServicesImpl#removeRegistration.
Starts calling BanManager#banUser in RegistrationServicesImpl#removeRegistration.
Finished calling BanManager#banUser in RegistrationServicesImpl#removeRegistration.
Exits RegistrationServicesImpl#removeRegistration method.
Enters RegistrationServicesImpl#getRegistration method.
Starts calling UserRetrieval#retrieveUser in RegistrationServicesImpl#getRegistration.
Finished calling UserRetrieval#retrieveUser in RegistrationServicesImpl#getRegistration.
Starts calling ProjectServices#getFullProjectData method.
Finished calling ProjectServices#getFullProjectData method.
Exists RegistrationServicesImpl#getRegistration method.
Enters RegistrationServicesImpl#registerForProject method.
Enters RegistrationServicesImpl#validateRegistration method.
Starts calling UserRetrieval#retrieveUser in RegistrationServicesImpl#validateRegistration.
Finished calling UserRetrieval#retrieveUser in RegistrationServicesImpl#validateRegistration.
Starts calling ProjectServices#getFullProjectData method.
Finished calling ProjectServices#getFullProjectData method.
Starts calling RegistrationValidator#validate method.
Finished calling RegistrationValidator#validate method.
Exits RegistrationServicesImpl#validateRegistration method.
Starts calling ResourceManager#removeResource in RegistrationServicesImpl#registerForProject.
Finished calling ResourceManager#removeResource in RegistrationServicesImpl#registerForProject.
Starts calling UserRetrieval#retrieveUser in RegistrationServicesImpl#registerForProject.
Finished calling UserRetrieval#retrieveUser in RegistrationServicesImpl#registerForProject.
Starts calling ResourceManager#updateResource in RegistrationServicesImpl#registerForProject.
Finished calling ResourceManager#updateResource in RegistrationServicesImpl#registerForProject.
Exits RegistrationServicesImpl#registerForProject method.
Enters RegistrationServicesImpl#removeRegistration method.
Starts calling UserRetrieval#retrieveUser in RegistrationServicesImpl#removeRegistration.
Finished calling UserRetrieval#retrieveUser in RegistrationServicesImpl#removeRegistration.
Starts calling ProjectServices#getFullProjectData in RegistrationServicesImpl#removeRegistration.
Finished calling ProjectServices#getFullProjectData in RegistrationServicesImpl#removeRegistration.
Starts calling TeamManager#findPositions method.
Finished calling TeamManager#findPositions method.
Starts calling TeamManager#getTeamFromPosition method.
Finished calling TeamManager#getTeamFromPosition method.
Starts calling ResourceManager#removeResource in RegistrationServicesImpl#removeRegistration.
Finished calling ResourceManager#removeResource in RegistrationServicesImpl#removeRegistration.
Starts calling TeamServices#removeMember in RegistrationServicesImpl#removeRegistration.
Finished calling TeamServices#removeTeam in RegistrationServicesImpl#removeRegistration.
Starts calling ContactMemberServices#sendMessage in RegistrationServicesImpl#removeRegistration.
Finished calling ContactMemberServices#sendMessage in RegistrationServicesImpl#removeRegistration.
Starts calling BanManager#banUser in RegistrationServicesImpl#removeRegistration.
Finished calling BanManager#banUser in RegistrationServicesImpl#removeRegistration.
Exits RegistrationServicesImpl#removeRegistration method.
Enters RegistrationServicesImpl#getRegistration method.
Starts calling UserRetrieval#retrieveUser in RegistrationServicesImpl#getRegistration.
Finished calling UserRetrieval#retrieveUser in RegistrationServicesImpl#getRegistration.
Starts calling ProjectServices#getFullProjectData method.
Finished calling ProjectServices#getFullProjectData method.
Exists RegistrationServicesImpl#getRegistration method.
Enters RegistrationServicesImpl#registerForProject method.
Enters RegistrationServicesImpl#validateRegistration method.
Starts calling UserRetrieval#retrieveUser in RegistrationServicesImpl#validateRegistration.
Finished calling UserRetrieval#retrieveUser in RegistrationServicesImpl#validateRegistration.
Starts calling ProjectServices#getFullProjectData method.
Finished calling ProjectServices#getFullProjectData method.
Starts calling RegistrationValidator#validate method.
Finished calling RegistrationValidator#validate method.
Exits RegistrationServicesImpl#validateRegistration method.
Starts calling ResourceManager#removeResource in RegistrationServicesImpl#registerForProject.
Finished calling ResourceManager#removeResource in RegistrationServicesImpl#registerForProject.
Starts calling UserRetrieval#retrieveUser in RegistrationServicesImpl#registerForProject.
Finished calling UserRetrieval#retrieveUser in RegistrationServicesImpl#registerForProject.
Starts calling ResourceManager#updateResource in RegistrationServicesImpl#registerForProject.
Finished calling ResourceManager#updateResource in RegistrationServicesImpl#registerForProject.
Exits RegistrationServicesImpl#registerForProject method.
Enters RegistrationServicesImpl#removeRegistration method.
Starts calling UserRetrieval#retrieveUser in RegistrationServicesImpl#removeRegistration.
Finished calling UserRetrieval#retrieveUser in RegistrationServicesImpl#removeRegistration.
Starts calling ProjectServices#getFullProjectData in RegistrationServicesImpl#removeRegistration.
Finished calling ProjectServices#getFullProjectData in RegistrationServicesImpl#removeRegistration.
Starts calling TeamManager#findPositions method.
Finished calling TeamManager#findPositions method.
Starts calling TeamManager#getTeamFromPosition method.
Finished calling TeamManager#getTeamFromPosition method.
Starts calling ResourceManager#removeResource in RegistrationServicesImpl#removeRegistration.
Finished calling ResourceManager#removeResource in RegistrationServicesImpl#removeRegistration.
Starts calling TeamServices#removeMember in RegistrationServicesImpl#removeRegistration.
Finished calling TeamServices#removeTeam in RegistrationServicesImpl#removeRegistration.
Starts calling ContactMemberServices#sendMessage in RegistrationServicesImpl#removeRegistration.
Finished calling ContactMemberServices#sendMessage in RegistrationServicesImpl#removeRegistration.
Starts calling BanManager#banUser in RegistrationServicesImpl#removeRegistration.
Finished calling BanManager#banUser in RegistrationServicesImpl#removeRegistration.
Exits RegistrationServicesImpl#removeRegistration method.
Enters RegistrationServicesImpl#getRegistration method.
Starts calling UserRetrieval#retrieveUser in RegistrationServicesImpl#getRegistration.
Finished calling UserRetrieval#retrieveUser in RegistrationServicesImpl#getRegistration.
Starts calling ProjectServices#getFullProjectData method.
Finished calling ProjectServices#getFullProjectData method.
Exists RegistrationServicesImpl#getRegistration method.
Enters RegistrationServicesImpl#registerForProject method.
Enters RegistrationServicesImpl#validateRegistration method.
Starts calling UserRetrieval#retrieveUser in RegistrationServicesImpl#validateRegistration.
Finished calling UserRetrieval#retrieveUser in RegistrationServicesImpl#validateRegistration.
Starts calling ProjectServices#getFullProjectData method.
Finished calling ProjectServices#getFullProjectData method.
Starts calling RegistrationValidator#validate method.
Finished calling RegistrationValidator#validate method.
Exits RegistrationServicesImpl#validateRegistration method.
Starts calling ResourceManager#removeResource in RegistrationServicesImpl#registerForProject.
Finished calling ResourceManager#removeResource in RegistrationServicesImpl#registerForProject.
Starts calling UserRetrieval#retrieveUser in RegistrationServicesImpl#registerForProject.
Finished calling UserRetrieval#retrieveUser in RegistrationServicesImpl#registerForProject.
Starts calling ResourceManager#updateResource in RegistrationServicesImpl#registerForProject.
Finished calling ResourceManager#updateResource in RegistrationServicesImpl#registerForProject.
Exits RegistrationServicesImpl#registerForProject method.
Enters RegistrationServicesImpl#removeRegistration method.
Starts calling UserRetrieval#retrieveUser in RegistrationServicesImpl#removeRegistration.
Finished calling UserRetrieval#retrieveUser in RegistrationServicesImpl#removeRegistration.
Starts calling ProjectServices#getFullProjectData in RegistrationServicesImpl#removeRegistration.
Finished calling ProjectServices#getFullProjectData in RegistrationServicesImpl#removeRegistration.
Starts calling TeamManager#findPositions method.
Finished calling TeamManager#findPositions method.
Starts calling TeamManager#getTeamFromPosition method.
Finished calling TeamManager#getTeamFromPosition method.
Starts calling ResourceManager#removeResource in RegistrationServicesImpl#removeRegistration.
Finished calling ResourceManager#removeResource in RegistrationServicesImpl#removeRegistration.
Starts calling TeamServices#removeMember in RegistrationServicesImpl#removeRegistration.
Finished calling TeamServices#removeTeam in RegistrationServicesImpl#removeRegistration.
Starts calling ContactMemberServices#sendMessage in RegistrationServicesImpl#removeRegistration.
Finished calling ContactMemberServices#sendMessage in RegistrationServicesImpl#removeRegistration.
Starts calling BanManager#banUser in RegistrationServicesImpl#removeRegistration.
Finished calling BanManager#banUser in RegistrationServicesImpl#removeRegistration.
Exits RegistrationServicesImpl#removeRegistration method.
Enters RegistrationServicesImpl#getRegistration method.
Starts calling UserRetrieval#retrieveUser in RegistrationServicesImpl#getRegistration.
Finished calling UserRetrieval#retrieveUser in RegistrationServicesImpl#getRegistration.
Starts calling ProjectServices#getFullProjectData method.
Finished calling ProjectServices#getFullProjectData method.
Exists RegistrationServicesImpl#getRegistration method.
Enters RegistrationServicesImpl#registerForProject method.
Enters RegistrationServicesImpl#validateRegistration method.
Starts calling UserRetrieval#retrieveUser in RegistrationServicesImpl#validateRegistration.
Finished calling UserRetrieval#retrieveUser in RegistrationServicesImpl#validateRegistration.
Starts calling ProjectServices#getFullProjectData method.
Finished calling ProjectServices#getFullProjectData method.
Starts calling RegistrationValidator#validate method.
Finished calling RegistrationValidator#validate method.
Exits RegistrationServicesImpl#validateRegistration method.
Starts calling ResourceManager#removeResource in RegistrationServicesImpl#registerForProject.
Finished calling ResourceManager#removeResource in RegistrationServicesImpl#registerForProject.
Starts calling UserRetrieval#retrieveUser in RegistrationServicesImpl#registerForProject.
Finished calling UserRetrieval#retrieveUser in RegistrationServicesImpl#registerForProject.
Starts calling ResourceManager#updateResource in RegistrationServicesImpl#registerForProject.
Finished calling ResourceManager#updateResource in RegistrationServicesImpl#registerForProject.
Exits RegistrationServicesImpl#registerForProject method.
Enters RegistrationServicesImpl#removeRegistration method.
Starts calling UserRetrieval#retrieveUser in RegistrationServicesImpl#removeRegistration.
Finished calling UserRetrieval#retrieveUser in RegistrationServicesImpl#removeRegistration.
Starts calling ProjectServices#getFullProjectData in RegistrationServicesImpl#removeRegistration.
Finished calling ProjectServices#getFullProjectData in RegistrationServicesImpl#removeRegistration.
Starts calling TeamManager#findPositions method.
Finished calling TeamManager#findPositions method.
Starts calling TeamManager#getTeamFromPosition method.
Finished calling TeamManager#getTeamFromPosition method.
Starts calling ResourceManager#removeResource in RegistrationServicesImpl#removeRegistration.
Finished calling ResourceManager#removeResource in RegistrationServicesImpl#removeRegistration.
Starts calling TeamServices#removeMember in RegistrationServicesImpl#removeRegistration.
Finished calling TeamServices#removeTeam in RegistrationServicesImpl#removeRegistration.
Starts calling ContactMemberServices#sendMessage in RegistrationServicesImpl#removeRegistration.
Finished calling ContactMemberServices#sendMessage in RegistrationServicesImpl#removeRegistration.
Starts calling BanManager#banUser in RegistrationServicesImpl#removeRegistration.
Finished calling BanManager#banUser in RegistrationServicesImpl#removeRegistration.
Exits RegistrationServicesImpl#removeRegistration method.
Enters RegistrationServicesImpl#getRegistration method.
Starts calling UserRetrieval#retrieveUser in RegistrationServicesImpl#getRegistration.
Finished calling UserRetrieval#retrieveUser in RegistrationServicesImpl#getRegistration.
Starts calling ProjectServices#getFullProjectData method.
Finished calling ProjectServices#getFullProjectData method.
Exists RegistrationServicesImpl#getRegistration method.
Enters RegistrationServicesImpl#registerForProject method.
Enters RegistrationServicesImpl#validateRegistration method.
Starts calling UserRetrieval#retrieveUser in RegistrationServicesImpl#validateRegistration.
Finished calling UserRetrieval#retrieveUser in RegistrationServicesImpl#validateRegistration.
Starts calling ProjectServices#getFullProjectData method.
Finished calling ProjectServices#getFullProjectData method.
Starts calling RegistrationValidator#validate method.
Finished calling RegistrationValidator#validate method.
Exits RegistrationServicesImpl#validateRegistration method.
Starts calling ResourceManager#removeResource in RegistrationServicesImpl#registerForProject.
Finished calling ResourceManager#removeResource in RegistrationServicesImpl#registerForProject.
Starts calling UserRetrieval#retrieveUser in RegistrationServicesImpl#registerForProject.
Finished calling UserRetrieval#retrieveUser in RegistrationServicesImpl#registerForProject.
Starts calling ResourceManager#updateResource in RegistrationServicesImpl#registerForProject.
Finished calling ResourceManager#updateResource in RegistrationServicesImpl#registerForProject.
Exits RegistrationServicesImpl#registerForProject method.
Enters RegistrationServicesImpl#removeRegistration method.
Starts calling UserRetrieval#retrieveUser in RegistrationServicesImpl#removeRegistration.
Finished calling UserRetrieval#retrieveUser in RegistrationServicesImpl#removeRegistration.
Starts calling ProjectServices#getFullProjectData in RegistrationServicesImpl#removeRegistration.
Finished calling ProjectServices#getFullProjectData in RegistrationServicesImpl#removeRegistration.
Starts calling TeamManager#findPositions method.
Finished calling TeamManager#findPositions method.
Starts calling TeamManager#getTeamFromPosition method.
Finished calling TeamManager#getTeamFromPosition method.
Starts calling ResourceManager#removeResource in RegistrationServicesImpl#removeRegistration.
Finished calling ResourceManager#removeResource in RegistrationServicesImpl#removeRegistration.
Starts calling TeamServices#removeMember in RegistrationServicesImpl#removeRegistration.
Finished calling TeamServices#removeTeam in RegistrationServicesImpl#removeRegistration.
Starts calling ContactMemberServices#sendMessage in RegistrationServicesImpl#removeRegistration.
Finished calling ContactMemberServices#sendMessage in RegistrationServicesImpl#removeRegistration.
Starts calling BanManager#banUser in RegistrationServicesImpl#removeRegistration.
Finished calling BanManager#banUser in RegistrationServicesImpl#removeRegistration.
Exits RegistrationServicesImpl#removeRegistration method.
Enters RegistrationServicesImpl#getRegistration method.
Starts calling UserRetrieval#retrieveUser in RegistrationServicesImpl#getRegistration.
Finished calling UserRetrieval#retrieveUser in RegistrationServicesImpl#getRegistration.
Starts calling ProjectServices#getFullProjectData method.
Finished calling ProjectServices#getFullProjectData method.
Exists RegistrationServicesImpl#getRegistration method.
Enters RegistrationServicesImpl#registerForProject method.
Enters RegistrationServicesImpl#validateRegistration method.
Starts calling UserRetrieval#retrieveUser in RegistrationServicesImpl#validateRegistration.
Finished calling UserRetrieval#retrieveUser in RegistrationServicesImpl#validateRegistration.
Starts calling ProjectServices#getFullProjectData method.
Finished calling ProjectServices#getFullProjectData method.
Starts calling RegistrationValidator#validate method.
Finished calling RegistrationValidator#validate method.
Exits RegistrationServicesImpl#validateRegistration method.
Starts calling ResourceManager#removeResource in RegistrationServicesImpl#registerForProject.
Finished calling ResourceManager#removeResource in RegistrationServicesImpl#registerForProject.
Starts calling UserRetrieval#retrieveUser in RegistrationServicesImpl#registerForProject.
Finished calling UserRetrieval#retrieveUser in RegistrationServicesImpl#registerForProject.
Starts calling ResourceManager#updateResource in RegistrationServicesImpl#registerForProject.
Finished calling ResourceManager#updateResource in RegistrationServicesImpl#registerForProject.
Exits RegistrationServicesImpl#registerForProject method.
Enters RegistrationServicesImpl#removeRegistration method.
Starts calling UserRetrieval#retrieveUser in RegistrationServicesImpl#removeRegistration.
Finished calling UserRetrieval#retrieveUser in RegistrationServicesImpl#removeRegistration.
Starts calling ProjectServices#getFullProjectData in RegistrationServicesImpl#removeRegistration.
Finished calling ProjectServices#getFullProjectData in RegistrationServicesImpl#removeRegistration.
Starts calling TeamManager#findPositions method.
Finished calling TeamManager#findPositions method.
Starts calling TeamManager#getTeamFromPosition method.
Finished calling TeamManager#getTeamFromPosition method.
Starts calling ResourceManager#removeResource in RegistrationServicesImpl#removeRegistration.
Finished calling ResourceManager#removeResource in RegistrationServicesImpl#removeRegistration.
Starts calling TeamServices#removeMember in RegistrationServicesImpl#removeRegistration.
Finished calling TeamServices#removeTeam in RegistrationServicesImpl#removeRegistration.
Starts calling ContactMemberServices#sendMessage in RegistrationServicesImpl#removeRegistration.
Finished calling ContactMemberServices#sendMessage in RegistrationServicesImpl#removeRegistration.
Starts calling BanManager#banUser in RegistrationServicesImpl#removeRegistration.
Finished calling BanManager#banUser in RegistrationServicesImpl#removeRegistration.
Exits RegistrationServicesImpl#removeRegistration method.
Enters RegistrationServicesImpl#getRegistration method.
Starts calling UserRetrieval#retrieveUser in RegistrationServicesImpl#getRegistration.
Finished calling UserRetrieval#retrieveUser in RegistrationServicesImpl#getRegistration.
Starts calling ProjectServices#getFullProjectData method.
Finished calling ProjectServices#getFullProjectData method.
Exists RegistrationServicesImpl#getRegistration method.
Enters RegistrationServicesImpl#registerForProject method.
Enters RegistrationServicesImpl#validateRegistration method.
Starts calling UserRetrieval#retrieveUser in RegistrationServicesImpl#validateRegistration.
Finished calling UserRetrieval#retrieveUser in RegistrationServicesImpl#validateRegistration.
Starts calling ProjectServices#getFullProjectData method.
Finished calling ProjectServices#getFullProjectData method.
Starts calling RegistrationValidator#validate method.
Finished calling RegistrationValidator#validate method.
Exits RegistrationServicesImpl#validateRegistration method.
Starts calling ResourceManager#removeResource in RegistrationServicesImpl#registerForProject.
Finished calling ResourceManager#removeResource in RegistrationServicesImpl#registerForProject.
Starts calling UserRetrieval#retrieveUser in RegistrationServicesImpl#registerForProject.
Finished calling UserRetrieval#retrieveUser in RegistrationServicesImpl#registerForProject.
Starts calling ResourceManager#updateResource in RegistrationServicesImpl#registerForProject.
Finished calling ResourceManager#updateResource in RegistrationServicesImpl#registerForProject.
Exits RegistrationServicesImpl#registerForProject method.
Enters RegistrationServicesImpl#removeRegistration method.
Starts calling UserRetrieval#retrieveUser in RegistrationServicesImpl#removeRegistration.
Finished calling UserRetrieval#retrieveUser in RegistrationServicesImpl#removeRegistration.
Starts calling ProjectServices#getFullProjectData in RegistrationServicesImpl#removeRegistration.
Finished calling ProjectServices#getFullProjectData in RegistrationServicesImpl#removeRegistration.
Starts calling TeamManager#findPositions method.
Finished calling TeamManager#findPositions method.
Starts calling TeamManager#getTeamFromPosition method.
Finished calling TeamManager#getTeamFromPosition method.
Starts calling ResourceManager#removeResource in RegistrationServicesImpl#removeRegistration.
Finished calling ResourceManager#removeResource in RegistrationServicesImpl#removeRegistration.
Starts calling TeamServices#removeMember in RegistrationServicesImpl#removeRegistration.
Finished calling TeamServices#removeTeam in RegistrationServicesImpl#removeRegistration.
Starts calling ContactMemberServices#sendMessage in RegistrationServicesImpl#removeRegistration.
Finished calling ContactMemberServices#sendMessage in RegistrationServicesImpl#removeRegistration.
Starts calling BanManager#banUser in RegistrationServicesImpl#removeRegistration.
Finished calling BanManager#banUser in RegistrationServicesImpl#removeRegistration.
Exits RegistrationServicesImpl#removeRegistration method.
Enters RegistrationServicesImpl#getRegistration method.
Starts calling UserRetrieval#retrieveUser in RegistrationServicesImpl#getRegistration.
Finished calling UserRetrieval#retrieveUser in RegistrationServicesImpl#getRegistration.
Starts calling ProjectServices#getFullProjectData method.
Finished calling ProjectServices#getFullProjectData method.
Exists RegistrationServicesImpl#getRegistration method.
Enters RegistrationServicesImpl#registerForProject method.
Enters RegistrationServicesImpl#validateRegistration method.
Starts calling UserRetrieval#retrieveUser in RegistrationServicesImpl#validateRegistration.
Finished calling UserRetrieval#retrieveUser in RegistrationServicesImpl#validateRegistration.
Starts calling ProjectServices#getFullProjectData method.
Finished calling ProjectServices#getFullProjectData method.
Starts calling RegistrationValidator#validate method.
Finished calling RegistrationValidator#validate method.
Exits RegistrationServicesImpl#validateRegistration method.
Starts calling ResourceManager#removeResource in RegistrationServicesImpl#registerForProject.
Finished calling ResourceManager#removeResource in RegistrationServicesImpl#registerForProject.
Starts calling UserRetrieval#retrieveUser in RegistrationServicesImpl#registerForProject.
Finished calling UserRetrieval#retrieveUser in RegistrationServicesImpl#registerForProject.
Starts calling ResourceManager#updateResource in RegistrationServicesImpl#registerForProject.
Finished calling ResourceManager#updateResource in RegistrationServicesImpl#registerForProject.
Exits RegistrationServicesImpl#registerForProject method.
Enters RegistrationServicesImpl#removeRegistration method.
Starts calling UserRetrieval#retrieveUser in RegistrationServicesImpl#removeRegistration.
Finished calling UserRetrieval#retrieveUser in RegistrationServicesImpl#removeRegistration.
Starts calling ProjectServices#getFullProjectData in RegistrationServicesImpl#removeRegistration.
Finished calling ProjectServices#getFullProjectData in RegistrationServicesImpl#removeRegistration.
Starts calling TeamManager#findPositions method.
Finished calling TeamManager#findPositions method.
Starts calling TeamManager#getTeamFromPosition method.
Finished calling TeamManager#getTeamFromPosition method.
Starts calling ResourceManager#removeResource in RegistrationServicesImpl#removeRegistration.
Finished calling ResourceManager#removeResource in RegistrationServicesImpl#removeRegistration.
Starts calling TeamServices#removeMember in RegistrationServicesImpl#removeRegistration.
Finished calling TeamServices#removeTeam in RegistrationServicesImpl#removeRegistration.
Starts calling ContactMemberServices#sendMessage in RegistrationServicesImpl#removeRegistration.
Finished calling ContactMemberServices#sendMessage in RegistrationServicesImpl#removeRegistration.
Starts calling BanManager#banUser in RegistrationServicesImpl#removeRegistration.
Finished calling BanManager#banUser in RegistrationServicesImpl#removeRegistration.
Exits RegistrationServicesImpl#removeRegistration method.
Enters RegistrationServicesImpl#getRegistration method.
Starts calling UserRetrieval#retrieveUser in RegistrationServicesImpl#getRegistration.
Finished calling UserRetrieval#retrieveUser in RegistrationServicesImpl#getRegistration.
Starts calling ProjectServices#getFullProjectData method.
Finished calling ProjectServices#getFullProjectData method.
Exists RegistrationServicesImpl#getRegistration method.
Enters RegistrationServicesImpl#registerForProject method.
Enters RegistrationServicesImpl#validateRegistration method.
Starts calling UserRetrieval#retrieveUser in RegistrationServicesImpl#validateRegistration.
Finished calling UserRetrieval#retrieveUser in RegistrationServicesImpl#validateRegistration.
Starts calling ProjectServices#getFullProjectData method.
Finished calling ProjectServices#getFullProjectData method.
Starts calling RegistrationValidator#validate method.
Finished calling RegistrationValidator#validate method.
Exits RegistrationServicesImpl#validateRegistration method.
Starts calling ResourceManager#removeResource in RegistrationServicesImpl#registerForProject.
Finished calling ResourceManager#removeResource in RegistrationServicesImpl#registerForProject.
Starts calling UserRetrieval#retrieveUser in RegistrationServicesImpl#registerForProject.
Finished calling UserRetrieval#retrieveUser in RegistrationServicesImpl#registerForProject.
Starts calling ResourceManager#updateResource in RegistrationServicesImpl#registerForProject.
Finished calling ResourceManager#updateResource in RegistrationServicesImpl#registerForProject.
Exits RegistrationServicesImpl#registerForProject method.
Enters RegistrationServicesImpl#removeRegistration method.
Starts calling UserRetrieval#retrieveUser in RegistrationServicesImpl#removeRegistration.
Finished calling UserRetrieval#retrieveUser in RegistrationServicesImpl#removeRegistration.
Starts calling ProjectServices#getFullProjectData in RegistrationServicesImpl#removeRegistration.
Finished calling ProjectServices#getFullProjectData in RegistrationServicesImpl#removeRegistration.
Starts calling TeamManager#findPositions method.
Finished calling TeamManager#findPositions method.
Starts calling TeamManager#getTeamFromPosition method.
Finished calling TeamManager#getTeamFromPosition method.
Starts calling ResourceManager#removeResource in RegistrationServicesImpl#removeRegistration.
Finished calling ResourceManager#removeResource in RegistrationServicesImpl#removeRegistration.
Starts calling TeamServices#removeMember in RegistrationServicesImpl#removeRegistration.
Finished calling TeamServices#removeTeam in RegistrationServicesImpl#removeRegistration.
Starts calling ContactMemberServices#sendMessage in RegistrationServicesImpl#removeRegistration.
Finished calling ContactMemberServices#sendMessage in RegistrationServicesImpl#removeRegistration.
Starts calling BanManager#banUser in RegistrationServicesImpl#removeRegistration.
Finished calling BanManager#banUser in RegistrationServicesImpl#removeRegistration.
Exits RegistrationServicesImpl#removeRegistration method.
Enters RegistrationServicesImpl#getRegistration method.
Starts calling UserRetrieval#retrieveUser in RegistrationServicesImpl#getRegistration.
Finished calling UserRetrieval#retrieveUser in RegistrationServicesImpl#getRegistration.
Starts calling ProjectServices#getFullProjectData method.
Finished calling ProjectServices#getFullProjectData method.
Exists RegistrationServicesImpl#getRegistration method.
Enters RegistrationServicesImpl#registerForProject method.
Enters RegistrationServicesImpl#validateRegistration method.
Starts calling UserRetrieval#retrieveUser in RegistrationServicesImpl#validateRegistration.
Finished calling UserRetrieval#retrieveUser in RegistrationServicesImpl#validateRegistration.
Starts calling ProjectServices#getFullProjectData method.
Finished calling ProjectServices#getFullProjectData method.
Starts calling RegistrationValidator#validate method.
Finished calling RegistrationValidator#validate method.
Exits RegistrationServicesImpl#validateRegistration method.
Starts calling ResourceManager#removeResource in RegistrationServicesImpl#registerForProject.
Finished calling ResourceManager#removeResource in RegistrationServicesImpl#registerForProject.
Starts calling UserRetrieval#retrieveUser in RegistrationServicesImpl#registerForProject.
Finished calling UserRetrieval#retrieveUser in RegistrationServicesImpl#registerForProject.
Starts calling ResourceManager#updateResource in RegistrationServicesImpl#registerForProject.
Finished calling ResourceManager#updateResource in RegistrationServicesImpl#registerForProject.
Exits RegistrationServicesImpl#registerForProject method.
Enters RegistrationServicesImpl#removeRegistration method.
Starts calling UserRetrieval#retrieveUser in RegistrationServicesImpl#removeRegistration.
Finished calling UserRetrieval#retrieveUser in RegistrationServicesImpl#removeRegistration.
Starts calling ProjectServices#getFullProjectData in RegistrationServicesImpl#removeRegistration.
Finished calling ProjectServices#getFullProjectData in RegistrationServicesImpl#removeRegistration.
Starts calling TeamManager#findPositions method.
Finished calling TeamManager#findPositions method.
Starts calling TeamManager#getTeamFromPosition method.
Finished calling TeamManager#getTeamFromPosition method.
Starts calling ResourceManager#removeResource in RegistrationServicesImpl#removeRegistration.
Finished calling ResourceManager#removeResource in RegistrationServicesImpl#removeRegistration.
Starts calling TeamServices#removeMember in RegistrationServicesImpl#removeRegistration.
Finished calling TeamServices#removeTeam in RegistrationServicesImpl#removeRegistration.
Starts calling ContactMemberServices#sendMessage in RegistrationServicesImpl#removeRegistration.
Finished calling ContactMemberServices#sendMessage in RegistrationServicesImpl#removeRegistration.
Starts calling BanManager#banUser in RegistrationServicesImpl#removeRegistration.
Finished calling BanManager#banUser in RegistrationServicesImpl#removeRegistration.
Exits RegistrationServicesImpl#removeRegistration method.
Enters RegistrationServicesImpl#getRegistration method.
Starts calling UserRetrieval#retrieveUser in RegistrationServicesImpl#getRegistration.
Finished calling UserRetrieval#retrieveUser in RegistrationServicesImpl#getRegistration.
Starts calling ProjectServices#getFullProjectData method.
Finished calling ProjectServices#getFullProjectData method.
Exists RegistrationServicesImpl#getRegistration method.
Enters RegistrationServicesImpl#registerForProject method.
Enters RegistrationServicesImpl#validateRegistration method.
Starts calling UserRetrieval#retrieveUser in RegistrationServicesImpl#validateRegistration.
Finished calling UserRetrieval#retrieveUser in RegistrationServicesImpl#validateRegistration.
Starts calling ProjectServices#getFullProjectData method.
Finished calling ProjectServices#getFullProjectData method.
Starts calling RegistrationValidator#validate method.
Finished calling RegistrationValidator#validate method.
Exits RegistrationServicesImpl#validateRegistration method.
Starts calling ResourceManager#removeResource in RegistrationServicesImpl#registerForProject.
Finished calling ResourceManager#removeResource in RegistrationServicesImpl#registerForProject.
Starts calling UserRetrieval#retrieveUser in RegistrationServicesImpl#registerForProject.
Finished calling UserRetrieval#retrieveUser in RegistrationServicesImpl#registerForProject.
Starts calling ResourceManager#updateResource in RegistrationServicesImpl#registerForProject.
Finished calling ResourceManager#updateResource in RegistrationServicesImpl#registerForProject.
Exits RegistrationServicesImpl#registerForProject method.
Enters RegistrationServicesImpl#removeRegistration method.
Starts calling UserRetrieval#retrieveUser in RegistrationServicesImpl#removeRegistration.
Finished calling UserRetrieval#retrieveUser in RegistrationServicesImpl#removeRegistration.
Starts calling ProjectServices#getFullProjectData in RegistrationServicesImpl#removeRegistration.
Finished calling ProjectServices#getFullProjectData in RegistrationServicesImpl#removeRegistration.
Starts calling TeamManager#findPositions method.
Finished calling TeamManager#findPositions method.
Starts calling TeamManager#getTeamFromPosition method.
Finished calling TeamManager#getTeamFromPosition method.
Starts calling ResourceManager#removeResource in RegistrationServicesImpl#removeRegistration.
Finished calling ResourceManager#removeResource in RegistrationServicesImpl#removeRegistration.
Starts calling TeamServices#removeMember in RegistrationServicesImpl#removeRegistration.
Finished calling TeamServices#removeTeam in RegistrationServicesImpl#removeRegistration.
Starts calling ContactMemberServices#sendMessage in RegistrationServicesImpl#removeRegistration.
Finished calling ContactMemberServices#sendMessage in RegistrationServicesImpl#removeRegistration.
Starts calling BanManager#banUser in RegistrationServicesImpl#removeRegistration.
Finished calling BanManager#banUser in RegistrationServicesImpl#removeRegistration.
Exits RegistrationServicesImpl#removeRegistration method.
Enters RegistrationServicesImpl#getRegistration method.
Starts calling UserRetrieval#retrieveUser in RegistrationServicesImpl#getRegistration.
Finished calling UserRetrieval#retrieveUser in RegistrationServicesImpl#getRegistration.
Starts calling ProjectServices#getFullProjectData method.
Finished calling ProjectServices#getFullProjectData method.
Exists RegistrationServicesImpl#getRegistration method.
Enters RegistrationServicesImpl#registerForProject method.
Enters RegistrationServicesImpl#validateRegistration method.
Starts calling UserRetrieval#retrieveUser in RegistrationServicesImpl#validateRegistration.
Finished calling UserRetrieval#retrieveUser in RegistrationServicesImpl#validateRegistration.
Starts calling ProjectServices#getFullProjectData method.
Finished calling ProjectServices#getFullProjectData method.
Starts calling RegistrationValidator#validate method.
Finished calling RegistrationValidator#validate method.
Exits RegistrationServicesImpl#validateRegistration method.
Starts calling ResourceManager#removeResource in RegistrationServicesImpl#registerForProject.
Finished calling ResourceManager#removeResource in RegistrationServicesImpl#registerForProject.
Starts calling UserRetrieval#retrieveUser in RegistrationServicesImpl#registerForProject.
Finished calling UserRetrieval#retrieveUser in RegistrationServicesImpl#registerForProject.
Starts calling ResourceManager#updateResource in RegistrationServicesImpl#registerForProject.
Finished calling ResourceManager#updateResource in RegistrationServicesImpl#registerForProject.
Exits RegistrationServicesImpl#registerForProject method.
Enters RegistrationServicesImpl#removeRegistration method.
Starts calling UserRetrieval#retrieveUser in RegistrationServicesImpl#removeRegistration.
Finished calling UserRetrieval#retrieveUser in RegistrationServicesImpl#removeRegistration.
Starts calling ProjectServices#getFullProjectData in RegistrationServicesImpl#removeRegistration.
Finished calling ProjectServices#getFullProjectData in RegistrationServicesImpl#removeRegistration.
Starts calling TeamManager#findPositions method.
Finished calling TeamManager#findPositions method.
Starts calling TeamManager#getTeamFromPosition method.
Finished calling TeamManager#getTeamFromPosition method.
Starts calling ResourceManager#removeResource in RegistrationServicesImpl#removeRegistration.
Finished calling ResourceManager#removeResource in RegistrationServicesImpl#removeRegistration.
Starts calling TeamServices#removeMember in RegistrationServicesImpl#removeRegistration.
Finished calling TeamServices#removeTeam in RegistrationServicesImpl#removeRegistration.
Starts calling ContactMemberServices#sendMessage in RegistrationServicesImpl#removeRegistration.
Finished calling ContactMemberServices#sendMessage in RegistrationServicesImpl#removeRegistration.
Starts calling BanManager#banUser in RegistrationServicesImpl#removeRegistration.
Finished calling BanManager#banUser in RegistrationServicesImpl#removeRegistration.
Exits RegistrationServicesImpl#removeRegistration method.
Enters RegistrationServicesImpl#getRegistration method.
Starts calling UserRetrieval#retrieveUser in RegistrationServicesImpl#getRegistration.
Finished calling UserRetrieval#retrieveUser in RegistrationServicesImpl#getRegistration.
Starts calling ProjectServices#getFullProjectData method.
Finished calling ProjectServices#getFullProjectData method.
Exists RegistrationServicesImpl#getRegistration method.
Enters RegistrationServicesImpl#registerForProject method.
Enters RegistrationServicesImpl#validateRegistration method.
Starts calling UserRetrieval#retrieveUser in RegistrationServicesImpl#validateRegistration.
Finished calling UserRetrieval#retrieveUser in RegistrationServicesImpl#validateRegistration.
Starts calling ProjectServices#getFullProjectData method.
Finished calling ProjectServices#getFullProjectData method.
Starts calling RegistrationValidator#validate method.
Finished calling RegistrationValidator#validate method.
Exits RegistrationServicesImpl#validateRegistration method.
Starts calling ResourceManager#removeResource in RegistrationServicesImpl#registerForProject.
Finished calling ResourceManager#removeResource in RegistrationServicesImpl#registerForProject.
Starts calling UserRetrieval#retrieveUser in RegistrationServicesImpl#registerForProject.
Finished calling UserRetrieval#retrieveUser in RegistrationServicesImpl#registerForProject.
Starts calling ResourceManager#updateResource in RegistrationServicesImpl#registerForProject.
Finished calling ResourceManager#updateResource in RegistrationServicesImpl#registerForProject.
Exits RegistrationServicesImpl#registerForProject method.
Enters RegistrationServicesImpl#removeRegistration method.
Starts calling UserRetrieval#retrieveUser in RegistrationServicesImpl#removeRegistration.
Finished calling UserRetrieval#retrieveUser in RegistrationServicesImpl#removeRegistration.
Starts calling ProjectServices#getFullProjectData in RegistrationServicesImpl#removeRegistration.
Finished calling ProjectServices#getFullProjectData in RegistrationServicesImpl#removeRegistration.
Starts calling TeamManager#findPositions method.
Finished calling TeamManager#findPositions method.
Starts calling TeamManager#getTeamFromPosition method.
Finished calling TeamManager#getTeamFromPosition method.
Starts calling ResourceManager#removeResource in RegistrationServicesImpl#removeRegistration.
Finished calling ResourceManager#removeResource in RegistrationServicesImpl#removeRegistration.
Starts calling TeamServices#removeMember in RegistrationServicesImpl#removeRegistration.
Finished calling TeamServices#removeTeam in RegistrationServicesImpl#removeRegistration.
Starts calling ContactMemberServices#sendMessage in RegistrationServicesImpl#removeRegistration.
Finished calling ContactMemberServices#sendMessage in RegistrationServicesImpl#removeRegistration.
Starts calling BanManager#banUser in RegistrationServicesImpl#removeRegistration.
Finished calling BanManager#banUser in RegistrationServicesImpl#removeRegistration.
Exits RegistrationServicesImpl#removeRegistration method.
Enters RegistrationServicesImpl#getRegistration method.
Starts calling UserRetrieval#retrieveUser in RegistrationServicesImpl#getRegistration.
Finished calling UserRetrieval#retrieveUser in RegistrationServicesImpl#getRegistration.
Starts calling ProjectServices#getFullProjectData method.
Finished calling ProjectServices#getFullProjectData method.
Exists RegistrationServicesImpl#getRegistration method.
Enters RegistrationServicesImpl#registerForProject method.
Enters RegistrationServicesImpl#validateRegistration method.
Starts calling UserRetrieval#retrieveUser in RegistrationServicesImpl#validateRegistration.
Finished calling UserRetrieval#retrieveUser in RegistrationServicesImpl#validateRegistration.
Starts calling ProjectServices#getFullProjectData method.
Finished calling ProjectServices#getFullProjectData method.
Starts calling RegistrationValidator#validate method.
Finished calling RegistrationValidator#validate method.
Exits RegistrationServicesImpl#validateRegistration method.
Starts calling ResourceManager#removeResource in RegistrationServicesImpl#registerForProject.
Finished calling ResourceManager#removeResource in RegistrationServicesImpl#registerForProject.
Starts calling UserRetrieval#retrieveUser in RegistrationServicesImpl#registerForProject.
Finished calling UserRetrieval#retrieveUser in RegistrationServicesImpl#registerForProject.
Starts calling ResourceManager#updateResource in RegistrationServicesImpl#registerForProject.
Finished calling ResourceManager#updateResource in RegistrationServicesImpl#registerForProject.
Exits RegistrationServicesImpl#registerForProject method.
Enters RegistrationServicesImpl#removeRegistration method.
Starts calling UserRetrieval#retrieveUser in RegistrationServicesImpl#removeRegistration.
Finished calling UserRetrieval#retrieveUser in RegistrationServicesImpl#removeRegistration.
Starts calling ProjectServices#getFullProjectData in RegistrationServicesImpl#removeRegistration.
Finished calling ProjectServices#getFullProjectData in RegistrationServicesImpl#removeRegistration.
Starts calling TeamManager#findPositions method.
Finished calling TeamManager#findPositions method.
Starts calling TeamManager#getTeamFromPosition method.
Finished calling TeamManager#getTeamFromPosition method.
Starts calling ResourceManager#removeResource in RegistrationServicesImpl#removeRegistration.
Finished calling ResourceManager#removeResource in RegistrationServicesImpl#removeRegistration.
Starts calling TeamServices#removeMember in RegistrationServicesImpl#removeRegistration.
Finished calling TeamServices#removeTeam in RegistrationServicesImpl#removeRegistration.
Starts calling ContactMemberServices#sendMessage in RegistrationServicesImpl#removeRegistration.
Finished calling ContactMemberServices#sendMessage in RegistrationServicesImpl#removeRegistration.
Starts calling BanManager#banUser in RegistrationServicesImpl#removeRegistration.
Finished calling BanManager#banUser in RegistrationServicesImpl#removeRegistration.
Exits RegistrationServicesImpl#removeRegistration method.
Enters RegistrationServicesImpl#getRegistration method.
Starts calling UserRetrieval#retrieveUser in RegistrationServicesImpl#getRegistration.
Finished calling UserRetrieval#retrieveUser in RegistrationServicesImpl#getRegistration.
Starts calling ProjectServices#getFullProjectData method.
Finished calling ProjectServices#getFullProjectData method.
Exists RegistrationServicesImpl#getRegistration method.
Enters RegistrationServicesImpl#registerForProject method.
Enters RegistrationServicesImpl#validateRegistration method.
Starts calling UserRetrieval#retrieveUser in RegistrationServicesImpl#validateRegistration.
Finished calling UserRetrieval#retrieveUser in RegistrationServicesImpl#validateRegistration.
Starts calling ProjectServices#getFullProjectData method.
Finished calling ProjectServices#getFullProjectData method.
Starts calling RegistrationValidator#validate method.
Finished calling RegistrationValidator#validate method.
Exits RegistrationServicesImpl#validateRegistration method.
Starts calling ResourceManager#removeResource in RegistrationServicesImpl#registerForProject.
Finished calling ResourceManager#removeResource in RegistrationServicesImpl#registerForProject.
Starts calling UserRetrieval#retrieveUser in RegistrationServicesImpl#registerForProject.
Finished calling UserRetrieval#retrieveUser in RegistrationServicesImpl#registerForProject.
Starts calling ResourceManager#updateResource in RegistrationServicesImpl#registerForProject.
Finished calling ResourceManager#updateResource in RegistrationServicesImpl#registerForProject.
Exits RegistrationServicesImpl#registerForProject method.
Enters RegistrationServicesImpl#removeRegistration method.
Starts calling UserRetrieval#retrieveUser in RegistrationServicesImpl#removeRegistration.
Finished calling UserRetrieval#retrieveUser in RegistrationServicesImpl#removeRegistration.
Starts calling ProjectServices#getFullProjectData in RegistrationServicesImpl#removeRegistration.
Finished calling ProjectServices#getFullProjectData in RegistrationServicesImpl#removeRegistration.
Starts calling TeamManager#findPositions method.
Finished calling TeamManager#findPositions method.
Starts calling TeamManager#getTeamFromPosition method.
Finished calling TeamManager#getTeamFromPosition method.
Starts calling ResourceManager#removeResource in RegistrationServicesImpl#removeRegistration.
Finished calling ResourceManager#removeResource in RegistrationServicesImpl#removeRegistration.
Starts calling TeamServices#removeMember in RegistrationServicesImpl#removeRegistration.
Finished calling TeamServices#removeTeam in RegistrationServicesImpl#removeRegistration.
Starts calling ContactMemberServices#sendMessage in RegistrationServicesImpl#removeRegistration.
Finished calling ContactMemberServices#sendMessage in RegistrationServicesImpl#removeRegistration.
Starts calling BanManager#banUser in RegistrationServicesImpl#removeRegistration.
Finished calling BanManager#banUser in RegistrationServicesImpl#removeRegistration.
Exits RegistrationServicesImpl#removeRegistration method.
Enters RegistrationServicesImpl#getRegistration method.
Starts calling UserRetrieval#retrieveUser in RegistrationServicesImpl#getRegistration.
Finished calling UserRetrieval#retrieveUser in RegistrationServicesImpl#getRegistration.
Starts calling ProjectServices#getFullProjectData method.
Finished calling ProjectServices#getFullProjectData method.
Exists RegistrationServicesImpl#getRegistration method.
Enters RegistrationServicesImpl#registerForProject method.
Enters RegistrationServicesImpl#validateRegistration method.
Starts calling UserRetrieval#retrieveUser in RegistrationServicesImpl#validateRegistration.
Finished calling UserRetrieval#retrieveUser in RegistrationServicesImpl#validateRegistration.
Starts calling ProjectServices#getFullProjectData method.
Finished calling ProjectServices#getFullProjectData method.
Starts calling RegistrationValidator#validate method.
Finished calling RegistrationValidator#validate method.
Exits RegistrationServicesImpl#validateRegistration method.
Starts calling ResourceManager#removeResource in RegistrationServicesImpl#registerForProject.
Finished calling ResourceManager#removeResource in RegistrationServicesImpl#registerForProject.
Starts calling UserRetrieval#retrieveUser in RegistrationServicesImpl#registerForProject.
Finished calling UserRetrieval#retrieveUser in RegistrationServicesImpl#registerForProject.
Starts calling ResourceManager#updateResource in RegistrationServicesImpl#registerForProject.
Finished calling ResourceManager#updateResource in RegistrationServicesImpl#registerForProject.
Exits RegistrationServicesImpl#registerForProject method.
Enters RegistrationServicesImpl#removeRegistration method.
Starts calling UserRetrieval#retrieveUser in RegistrationServicesImpl#removeRegistration.
Finished calling UserRetrieval#retrieveUser in RegistrationServicesImpl#removeRegistration.
Starts calling ProjectServices#getFullProjectData in RegistrationServicesImpl#removeRegistration.
Finished calling ProjectServices#getFullProjectData in RegistrationServicesImpl#removeRegistration.
Starts calling TeamManager#findPositions method.
Finished calling TeamManager#findPositions method.
Starts calling TeamManager#getTeamFromPosition method.
Finished calling TeamManager#getTeamFromPosition method.
Starts calling ResourceManager#removeResource in RegistrationServicesImpl#removeRegistration.
Finished calling ResourceManager#removeResource in RegistrationServicesImpl#removeRegistration.
Starts calling TeamServices#removeMember in RegistrationServicesImpl#removeRegistration.
Finished calling TeamServices#removeTeam in RegistrationServicesImpl#removeRegistration.
Starts calling ContactMemberServices#sendMessage in RegistrationServicesImpl#removeRegistration.
Finished calling ContactMemberServices#sendMessage in RegistrationServicesImpl#removeRegistration.
Starts calling BanManager#banUser in RegistrationServicesImpl#removeRegistration.
Finished calling BanManager#banUser in RegistrationServicesImpl#removeRegistration.
Exits RegistrationServicesImpl#removeRegistration method.
Enters RegistrationServicesImpl#getRegistration method.
Starts calling UserRetrieval#retrieveUser in RegistrationServicesImpl#getRegistration.
Finished calling UserRetrieval#retrieveUser in RegistrationServicesImpl#getRegistration.
Starts calling ProjectServices#getFullProjectData method.
Finished calling ProjectServices#getFullProjectData method.
Exists RegistrationServicesImpl#getRegistration method.
Enters RegistrationServicesImpl#registerForProject method.
Enters RegistrationServicesImpl#validateRegistration method.
Starts calling UserRetrieval#retrieveUser in RegistrationServicesImpl#validateRegistration.
Finished calling UserRetrieval#retrieveUser in RegistrationServicesImpl#validateRegistration.
Starts calling ProjectServices#getFullProjectData method.
Finished calling ProjectServices#getFullProjectData method.
Starts calling RegistrationValidator#validate method.
Finished calling RegistrationValidator#validate method.
Exits RegistrationServicesImpl#validateRegistration method.
Starts calling ResourceManager#removeResource in RegistrationServicesImpl#registerForProject.
Finished calling ResourceManager#removeResource in RegistrationServicesImpl#registerForProject.
Starts calling UserRetrieval#retrieveUser in RegistrationServicesImpl#registerForProject.
Finished calling UserRetrieval#retrieveUser in RegistrationServicesImpl#registerForProject.
Starts calling ResourceManager#updateResource in RegistrationServicesImpl#registerForProject.
Finished calling ResourceManager#updateResource in RegistrationServicesImpl#registerForProject.
Exits RegistrationServicesImpl#registerForProject method.
Enters RegistrationServicesImpl#removeRegistration method.
Starts calling UserRetrieval#retrieveUser in RegistrationServicesImpl#removeRegistration.
Finished calling UserRetrieval#retrieveUser in RegistrationServicesImpl#removeRegistration.
Starts calling ProjectServices#getFullProjectData in RegistrationServicesImpl#removeRegistration.
Finished calling ProjectServices#getFullProjectData in RegistrationServicesImpl#removeRegistration.
Starts calling TeamManager#findPositions method.
Finished calling TeamManager#findPositions method.
Starts calling TeamManager#getTeamFromPosition method.
Finished calling TeamManager#getTeamFromPosition method.
Starts calling ResourceManager#removeResource in RegistrationServicesImpl#removeRegistration.
Finished calling ResourceManager#removeResource in RegistrationServicesImpl#removeRegistration.
Starts calling TeamServices#removeMember in RegistrationServicesImpl#removeRegistration.
Finished calling TeamServices#removeTeam in RegistrationServicesImpl#removeRegistration.
Starts calling ContactMemberServices#sendMessage in RegistrationServicesImpl#removeRegistration.
Finished calling ContactMemberServices#sendMessage in RegistrationServicesImpl#removeRegistration.
Starts calling BanManager#banUser in RegistrationServicesImpl#removeRegistration.
Finished calling BanManager#banUser in RegistrationServicesImpl#removeRegistration.
Exits RegistrationServicesImpl#removeRegistration method.
Enters RegistrationServicesImpl#getRegistration method.
Starts calling UserRetrieval#retrieveUser in RegistrationServicesImpl#getRegistration.
Finished calling UserRetrieval#retrieveUser in RegistrationServicesImpl#getRegistration.
Starts calling ProjectServices#getFullProjectData method.
Finished calling ProjectServices#getFullProjectData method.
Exists RegistrationServicesImpl#getRegistration method.
Enters RegistrationServicesImpl#registerForProject method.
Enters RegistrationServicesImpl#validateRegistration method.
Starts calling UserRetrieval#retrieveUser in RegistrationServicesImpl#validateRegistration.
Finished calling UserRetrieval#retrieveUser in RegistrationServicesImpl#validateRegistration.
Starts calling ProjectServices#getFullProjectData method.
Finished calling ProjectServices#getFullProjectData method.
Starts calling RegistrationValidator#validate method.
Finished calling RegistrationValidator#validate method.
Exits RegistrationServicesImpl#validateRegistration method.
Starts calling ResourceManager#removeResource in RegistrationServicesImpl#registerForProject.
Finished calling ResourceManager#removeResource in RegistrationServicesImpl#registerForProject.
Starts calling UserRetrieval#retrieveUser in RegistrationServicesImpl#registerForProject.
Finished calling UserRetrieval#retrieveUser in RegistrationServicesImpl#registerForProject.
Starts calling ResourceManager#updateResource in RegistrationServicesImpl#registerForProject.
Finished calling ResourceManager#updateResource in RegistrationServicesImpl#registerForProject.
Exits RegistrationServicesImpl#registerForProject method.
Enters RegistrationServicesImpl#removeRegistration method.
Starts calling UserRetrieval#retrieveUser in RegistrationServicesImpl#removeRegistration.
Finished calling UserRetrieval#retrieveUser in RegistrationServicesImpl#removeRegistration.
Starts calling ProjectServices#getFullProjectData in RegistrationServicesImpl#removeRegistration.
Finished calling ProjectServices#getFullProjectData in RegistrationServicesImpl#removeRegistration.
Starts calling TeamManager#findPositions method.
Finished calling TeamManager#findPositions method.
Starts calling TeamManager#getTeamFromPosition method.
Finished calling TeamManager#getTeamFromPosition method.
Starts calling ResourceManager#removeResource in RegistrationServicesImpl#removeRegistration.
Finished calling ResourceManager#removeResource in RegistrationServicesImpl#removeRegistration.
Starts calling TeamServices#removeMember in RegistrationServicesImpl#removeRegistration.
Finished calling TeamServices#removeTeam in RegistrationServicesImpl#removeRegistration.
Starts calling ContactMemberServices#sendMessage in RegistrationServicesImpl#removeRegistration.
Finished calling ContactMemberServices#sendMessage in RegistrationServicesImpl#removeRegistration.
Starts calling BanManager#banUser in RegistrationServicesImpl#removeRegistration.
Finished calling BanManager#banUser in RegistrationServicesImpl#removeRegistration.
Exits RegistrationServicesImpl#removeRegistration method.
Enters RegistrationServicesImpl#getRegistration method.
Starts calling UserRetrieval#retrieveUser in RegistrationServicesImpl#getRegistration.
Finished calling UserRetrieval#retrieveUser in RegistrationServicesImpl#getRegistration.
Starts calling ProjectServices#getFullProjectData method.
Finished calling ProjectServices#getFullProjectData method.
Exists RegistrationServicesImpl#getRegistration method.
Enters RegistrationServicesImpl#registerForProject method.
Enters RegistrationServicesImpl#validateRegistration method.
Starts calling UserRetrieval#retrieveUser in RegistrationServicesImpl#validateRegistration.
Finished calling UserRetrieval#retrieveUser in RegistrationServicesImpl#validateRegistration.
Starts calling ProjectServices#getFullProjectData method.
Finished calling ProjectServices#getFullProjectData method.
Starts calling RegistrationValidator#validate method.
Finished calling RegistrationValidator#validate method.
Exits RegistrationServicesImpl#validateRegistration method.
Starts calling ResourceManager#removeResource in RegistrationServicesImpl#registerForProject.
Finished calling ResourceManager#removeResource in RegistrationServicesImpl#registerForProject.
Starts calling UserRetrieval#retrieveUser in RegistrationServicesImpl#registerForProject.
Finished calling UserRetrieval#retrieveUser in RegistrationServicesImpl#registerForProject.
Starts calling ResourceManager#updateResource in RegistrationServicesImpl#registerForProject.
Finished calling ResourceManager#updateResource in RegistrationServicesImpl#registerForProject.
Exits RegistrationServicesImpl#registerForProject method.
Enters RegistrationServicesImpl#removeRegistration method.
Starts calling UserRetrieval#retrieveUser in RegistrationServicesImpl#removeRegistration.
Finished calling UserRetrieval#retrieveUser in RegistrationServicesImpl#removeRegistration.
Starts calling ProjectServices#getFullProjectData in RegistrationServicesImpl#removeRegistration.
Finished calling ProjectServices#getFullProjectData in RegistrationServicesImpl#removeRegistration.
Starts calling TeamManager#findPositions method.
Finished calling TeamManager#findPositions method.
Starts calling TeamManager#getTeamFromPosition method.
Finished calling TeamManager#getTeamFromPosition method.
Starts calling ResourceManager#removeResource in RegistrationServicesImpl#removeRegistration.
Finished calling ResourceManager#removeResource in RegistrationServicesImpl#removeRegistration.
Starts calling TeamServices#removeMember in RegistrationServicesImpl#removeRegistration.
Finished calling TeamServices#removeTeam in RegistrationServicesImpl#removeRegistration.
Starts calling ContactMemberServices#sendMessage in RegistrationServicesImpl#removeRegistration.
Finished calling ContactMemberServices#sendMessage in RegistrationServicesImpl#removeRegistration.
Starts calling BanManager#banUser in RegistrationServicesImpl#removeRegistration.
Finished calling BanManager#banUser in RegistrationServicesImpl#removeRegistration.
Exits RegistrationServicesImpl#removeRegistration method.
Enters RegistrationServicesImpl#getRegistration method.
Starts calling UserRetrieval#retrieveUser in RegistrationServicesImpl#getRegistration.
Finished calling UserRetrieval#retrieveUser in RegistrationServicesImpl#getRegistration.
Starts calling ProjectServices#getFullProjectData method.
Finished calling ProjectServices#getFullProjectData method.
Exists RegistrationServicesImpl#getRegistration method.
Enters RegistrationServicesImpl#registerForProject method.
Enters RegistrationServicesImpl#validateRegistration method.
Starts calling UserRetrieval#retrieveUser in RegistrationServicesImpl#validateRegistration.
Finished calling UserRetrieval#retrieveUser in RegistrationServicesImpl#validateRegistration.
Starts calling ProjectServices#getFullProjectData method.
Finished calling ProjectServices#getFullProjectData method.
Starts calling RegistrationValidator#validate method.
Finished calling RegistrationValidator#validate method.
Exits RegistrationServicesImpl#validateRegistration method.
Starts calling ResourceManager#removeResource in RegistrationServicesImpl#registerForProject.
Finished calling ResourceManager#removeResource in RegistrationServicesImpl#registerForProject.
Starts calling UserRetrieval#retrieveUser in RegistrationServicesImpl#registerForProject.
Finished calling UserRetrieval#retrieveUser in RegistrationServicesImpl#registerForProject.
Starts calling ResourceManager#updateResource in RegistrationServicesImpl#registerForProject.
Finished calling ResourceManager#updateResource in RegistrationServicesImpl#registerForProject.
Exits RegistrationServicesImpl#registerForProject method.
Enters RegistrationServicesImpl#removeRegistration method.
Starts calling UserRetrieval#retrieveUser in RegistrationServicesImpl#removeRegistration.
Finished calling UserRetrieval#retrieveUser in RegistrationServicesImpl#removeRegistration.
Starts calling ProjectServices#getFullProjectData in RegistrationServicesImpl#removeRegistration.
Finished calling ProjectServices#getFullProjectData in RegistrationServicesImpl#removeRegistration.
Starts calling TeamManager#findPositions method.
Finished calling TeamManager#findPositions method.
Starts calling TeamManager#getTeamFromPosition method.
Finished calling TeamManager#getTeamFromPosition method.
Starts calling ResourceManager#removeResource in RegistrationServicesImpl#removeRegistration.
Finished calling ResourceManager#removeResource in RegistrationServicesImpl#removeRegistration.
Starts calling TeamServices#removeMember in RegistrationServicesImpl#removeRegistration.
Finished calling TeamServices#removeTeam in RegistrationServicesImpl#removeRegistration.
Starts calling ContactMemberServices#sendMessage in RegistrationServicesImpl#removeRegistration.
Finished calling ContactMemberServices#sendMessage in RegistrationServicesImpl#removeRegistration.
Starts calling BanManager#banUser in RegistrationServicesImpl#removeRegistration.
Finished calling BanManager#banUser in RegistrationServicesImpl#removeRegistration.
Exits RegistrationServicesImpl#removeRegistration method.
Enters RegistrationServicesImpl#getRegistration method.
Starts calling UserRetrieval#retrieveUser in RegistrationServicesImpl#getRegistration.
Finished calling UserRetrieval#retrieveUser in RegistrationServicesImpl#getRegistration.
Starts calling ProjectServices#getFullProjectData method.
Finished calling ProjectServices#getFullProjectData method.
Exists RegistrationServicesImpl#getRegistration method.
Enters RegistrationServicesImpl#registerForProject method.
Enters RegistrationServicesImpl#validateRegistration method.
Starts calling UserRetrieval#retrieveUser in RegistrationServicesImpl#validateRegistration.
Finished calling UserRetrieval#retrieveUser in RegistrationServicesImpl#validateRegistration.
Starts calling ProjectServices#getFullProjectData method.
Finished calling ProjectServices#getFullProjectData method.
Starts calling RegistrationValidator#validate method.
Finished calling RegistrationValidator#validate method.
Exits RegistrationServicesImpl#validateRegistration method.
Starts calling ResourceManager#removeResource in RegistrationServicesImpl#registerForProject.
Finished calling ResourceManager#removeResource in RegistrationServicesImpl#registerForProject.
Starts calling UserRetrieval#retrieveUser in RegistrationServicesImpl#registerForProject.
Finished calling UserRetrieval#retrieveUser in RegistrationServicesImpl#registerForProject.
Starts calling ResourceManager#updateResource in RegistrationServicesImpl#registerForProject.
Finished calling ResourceManager#updateResource in RegistrationServicesImpl#registerForProject.
Exits RegistrationServicesImpl#registerForProject method.
Enters RegistrationServicesImpl#removeRegistration method.
Starts calling UserRetrieval#retrieveUser in RegistrationServicesImpl#removeRegistration.
Finished calling UserRetrieval#retrieveUser in RegistrationServicesImpl#removeRegistration.
Starts calling ProjectServices#getFullProjectData in RegistrationServicesImpl#removeRegistration.
Finished calling ProjectServices#getFullProjectData in RegistrationServicesImpl#removeRegistration.
Starts calling TeamManager#findPositions method.
Finished calling TeamManager#findPositions method.
Starts calling TeamManager#getTeamFromPosition method.
Finished calling TeamManager#getTeamFromPosition method.
Starts calling ResourceManager#removeResource in RegistrationServicesImpl#removeRegistration.
Finished calling ResourceManager#removeResource in RegistrationServicesImpl#removeRegistration.
Starts calling TeamServices#removeMember in RegistrationServicesImpl#removeRegistration.
Finished calling TeamServices#removeTeam in RegistrationServicesImpl#removeRegistration.
Starts calling ContactMemberServices#sendMessage in RegistrationServicesImpl#removeRegistration.
Finished calling ContactMemberServices#sendMessage in RegistrationServicesImpl#removeRegistration.
Starts calling BanManager#banUser in RegistrationServicesImpl#removeRegistration.
Finished calling BanManager#banUser in RegistrationServicesImpl#removeRegistration.
Exits RegistrationServicesImpl#removeRegistration method.
Enters RegistrationServicesImpl#getRegistration method.
Starts calling UserRetrieval#retrieveUser in RegistrationServicesImpl#getRegistration.
Finished calling UserRetrieval#retrieveUser in RegistrationServicesImpl#getRegistration.
Starts calling ProjectServices#getFullProjectData method.
Finished calling ProjectServices#getFullProjectData method.
Exists RegistrationServicesImpl#getRegistration method.
Enters RegistrationServicesImpl#registerForProject method.
Enters RegistrationServicesImpl#validateRegistration method.
Starts calling UserRetrieval#retrieveUser in RegistrationServicesImpl#validateRegistration.
Finished calling UserRetrieval#retrieveUser in RegistrationServicesImpl#validateRegistration.
Starts calling ProjectServices#getFullProjectData method.
Finished calling ProjectServices#getFullProjectData method.
Starts calling RegistrationValidator#validate method.
Finished calling RegistrationValidator#validate method.
Exits RegistrationServicesImpl#validateRegistration method.
Starts calling ResourceManager#removeResource in RegistrationServicesImpl#registerForProject.
Finished calling ResourceManager#removeResource in RegistrationServicesImpl#registerForProject.
Starts calling UserRetrieval#retrieveUser in RegistrationServicesImpl#registerForProject.
Finished calling UserRetrieval#retrieveUser in RegistrationServicesImpl#registerForProject.
Starts calling ResourceManager#updateResource in RegistrationServicesImpl#registerForProject.
Finished calling ResourceManager#updateResource in RegistrationServicesImpl#registerForProject.
Exits RegistrationServicesImpl#registerForProject method.
Enters RegistrationServicesImpl#removeRegistration method.
Starts calling UserRetrieval#retrieveUser in RegistrationServicesImpl#removeRegistration.
Finished calling UserRetrieval#retrieveUser in RegistrationServicesImpl#removeRegistration.
Starts calling ProjectServices#getFullProjectData in RegistrationServicesImpl#removeRegistration.
Finished calling ProjectServices#getFullProjectData in RegistrationServicesImpl#removeRegistration.
Starts calling TeamManager#findPositions method.
Finished calling TeamManager#findPositions method.
Starts calling TeamManager#getTeamFromPosition method.
Finished calling TeamManager#getTeamFromPosition method.
Starts calling ResourceManager#removeResource in RegistrationServicesImpl#removeRegistration.
Finished calling ResourceManager#removeResource in RegistrationServicesImpl#removeRegistration.
Starts calling TeamServices#removeMember in RegistrationServicesImpl#removeRegistration.
Finished calling TeamServices#removeTeam in RegistrationServicesImpl#removeRegistration.
Starts calling ContactMemberServices#sendMessage in RegistrationServicesImpl#removeRegistration.
Finished calling ContactMemberServices#sendMessage in RegistrationServicesImpl#removeRegistration.
Starts calling BanManager#banUser in RegistrationServicesImpl#removeRegistration.
Finished calling BanManager#banUser in RegistrationServicesImpl#removeRegistration.
Exits RegistrationServicesImpl#removeRegistration method.
Enters RegistrationServicesImpl#getRegistration method.
Starts calling UserRetrieval#retrieveUser in RegistrationServicesImpl#getRegistration.
Finished calling UserRetrieval#retrieveUser in RegistrationServicesImpl#getRegistration.
Starts calling ProjectServices#getFullProjectData method.
Finished calling ProjectServices#getFullProjectData method.
Exists RegistrationServicesImpl#getRegistration method.
Enters RegistrationServicesImpl#registerForProject method.
Enters RegistrationServicesImpl#validateRegistration method.
Starts calling UserRetrieval#retrieveUser in RegistrationServicesImpl#validateRegistration.
Finished calling UserRetrieval#retrieveUser in RegistrationServicesImpl#validateRegistration.
Starts calling ProjectServices#getFullProjectData method.
Finished calling ProjectServices#getFullProjectData method.
Starts calling RegistrationValidator#validate method.
Finished calling RegistrationValidator#validate method.
Exits RegistrationServicesImpl#validateRegistration method.
Starts calling ResourceManager#removeResource in RegistrationServicesImpl#registerForProject.
Finished calling ResourceManager#removeResource in RegistrationServicesImpl#registerForProject.
Starts calling UserRetrieval#retrieveUser in RegistrationServicesImpl#registerForProject.
Finished calling UserRetrieval#retrieveUser in RegistrationServicesImpl#registerForProject.
Starts calling ResourceManager#updateResource in RegistrationServicesImpl#registerForProject.
Finished calling ResourceManager#updateResource in RegistrationServicesImpl#registerForProject.
Exits RegistrationServicesImpl#registerForProject method.
Enters RegistrationServicesImpl#removeRegistration method.
Starts calling UserRetrieval#retrieveUser in RegistrationServicesImpl#removeRegistration.
Finished calling UserRetrieval#retrieveUser in RegistrationServicesImpl#removeRegistration.
Starts calling ProjectServices#getFullProjectData in RegistrationServicesImpl#removeRegistration.
Finished calling ProjectServices#getFullProjectData in RegistrationServicesImpl#removeRegistration.
Starts calling TeamManager#findPositions method.
Finished calling TeamManager#findPositions method.
Starts calling TeamManager#getTeamFromPosition method.
Finished calling TeamManager#getTeamFromPosition method.
Starts calling ResourceManager#removeResource in RegistrationServicesImpl#removeRegistration.
Finished calling ResourceManager#removeResource in RegistrationServicesImpl#removeRegistration.
Starts calling TeamServices#removeMember in RegistrationServicesImpl#removeRegistration.
Finished calling TeamServices#removeTeam in RegistrationServicesImpl#removeRegistration.
Starts calling ContactMemberServices#sendMessage in RegistrationServicesImpl#removeRegistration.
Finished calling ContactMemberServices#sendMessage in RegistrationServicesImpl#removeRegistration.
Starts calling BanManager#banUser in RegistrationServicesImpl#removeRegistration.
Finished calling BanManager#banUser in RegistrationServicesImpl#removeRegistration.
Exits RegistrationServicesImpl#removeRegistration method.
Enters RegistrationServicesImpl#getRegistration method.
Starts calling UserRetrieval#retrieveUser in RegistrationServicesImpl#getRegistration.
Finished calling UserRetrieval#retrieveUser in RegistrationServicesImpl#getRegistration.
Starts calling ProjectServices#getFullProjectData method.
Finished calling ProjectServices#getFullProjectData method.
Exists RegistrationServicesImpl#getRegistration method.
Enters RegistrationServicesImpl#registerForProject method.
Enters RegistrationServicesImpl#validateRegistration method.
Starts calling UserRetrieval#retrieveUser in RegistrationServicesImpl#validateRegistration.
Finished calling UserRetrieval#retrieveUser in RegistrationServicesImpl#validateRegistration.
Starts calling ProjectServices#getFullProjectData method.
Finished calling ProjectServices#getFullProjectData method.
Starts calling RegistrationValidator#validate method.
Finished calling RegistrationValidator#validate method.
Exits RegistrationServicesImpl#validateRegistration method.
Starts calling ResourceManager#removeResource in RegistrationServicesImpl#registerForProject.
Finished calling ResourceManager#removeResource in RegistrationServicesImpl#registerForProject.
Starts calling UserRetrieval#retrieveUser in RegistrationServicesImpl#registerForProject.
Finished calling UserRetrieval#retrieveUser in RegistrationServicesImpl#registerForProject.
Starts calling ResourceManager#updateResource in RegistrationServicesImpl#registerForProject.
Finished calling ResourceManager#updateResource in RegistrationServicesImpl#registerForProject.
Exits RegistrationServicesImpl#registerForProject method.
Enters RegistrationServicesImpl#removeRegistration method.
Starts calling UserRetrieval#retrieveUser in RegistrationServicesImpl#removeRegistration.
Finished calling UserRetrieval#retrieveUser in RegistrationServicesImpl#removeRegistration.
Starts calling ProjectServices#getFullProjectData in RegistrationServicesImpl#removeRegistration.
Finished calling ProjectServices#getFullProjectData in RegistrationServicesImpl#removeRegistration.
Starts calling TeamManager#findPositions method.
Finished calling TeamManager#findPositions method.
Starts calling TeamManager#getTeamFromPosition method.
Finished calling TeamManager#getTeamFromPosition method.
Starts calling ResourceManager#removeResource in RegistrationServicesImpl#removeRegistration.
Finished calling ResourceManager#removeResource in RegistrationServicesImpl#removeRegistration.
Starts calling TeamServices#removeMember in RegistrationServicesImpl#removeRegistration.
Finished calling TeamServices#removeTeam in RegistrationServicesImpl#removeRegistration.
Starts calling ContactMemberServices#sendMessage in RegistrationServicesImpl#removeRegistration.
Finished calling ContactMemberServices#sendMessage in RegistrationServicesImpl#removeRegistration.
Starts calling BanManager#banUser in RegistrationServicesImpl#removeRegistration.
Finished calling BanManager#banUser in RegistrationServicesImpl#removeRegistration.
Exits RegistrationServicesImpl#removeRegistration method.
Enters RegistrationServicesImpl#getRegistration method.
Starts calling UserRetrieval#retrieveUser in RegistrationServicesImpl#getRegistration.
Finished calling UserRetrieval#retrieveUser in RegistrationServicesImpl#getRegistration.
Starts calling ProjectServices#getFullProjectData method.
Finished calling ProjectServices#getFullProjectData method.
Exists RegistrationServicesImpl#getRegistration method.
Enters RegistrationServicesImpl#registerForProject method.
Enters RegistrationServicesImpl#validateRegistration method.
Starts calling UserRetrieval#retrieveUser in RegistrationServicesImpl#validateRegistration.
Finished calling UserRetrieval#retrieveUser in RegistrationServicesImpl#validateRegistration.
Starts calling ProjectServices#getFullProjectData method.
Finished calling ProjectServices#getFullProjectData method.
Starts calling RegistrationValidator#validate method.
Finished calling RegistrationValidator#validate method.
Exits RegistrationServicesImpl#validateRegistration method.
Starts calling ResourceManager#removeResource in RegistrationServicesImpl#registerForProject.
Finished calling ResourceManager#removeResource in RegistrationServicesImpl#registerForProject.
Starts calling UserRetrieval#retrieveUser in RegistrationServicesImpl#registerForProject.
Finished calling UserRetrieval#retrieveUser in RegistrationServicesImpl#registerForProject.
Starts calling ResourceManager#updateResource in RegistrationServicesImpl#registerForProject.
Finished calling ResourceManager#updateResource in RegistrationServicesImpl#registerForProject.
Exits RegistrationServicesImpl#registerForProject method.
Enters RegistrationServicesImpl#removeRegistration method.
Starts calling UserRetrieval#retrieveUser in RegistrationServicesImpl#removeRegistration.
Finished calling UserRetrieval#retrieveUser in RegistrationServicesImpl#removeRegistration.
Starts calling ProjectServices#getFullProjectData in RegistrationServicesImpl#removeRegistration.
Finished calling ProjectServices#getFullProjectData in RegistrationServicesImpl#removeRegistration.
Starts calling TeamManager#findPositions method.
Finished calling TeamManager#findPositions method.
Starts calling TeamManager#getTeamFromPosition method.
Finished calling TeamManager#getTeamFromPosition method.
Starts calling ResourceManager#removeResource in RegistrationServicesImpl#removeRegistration.
Finished calling ResourceManager#removeResource in RegistrationServicesImpl#removeRegistration.
Starts calling TeamServices#removeMember in RegistrationServicesImpl#removeRegistration.
Finished calling TeamServices#removeTeam in RegistrationServicesImpl#removeRegistration.
Starts calling ContactMemberServices#sendMessage in RegistrationServicesImpl#removeRegistration.
Finished calling ContactMemberServices#sendMessage in RegistrationServicesImpl#removeRegistration.
Starts calling BanManager#banUser in RegistrationServicesImpl#removeRegistration.
Finished calling BanManager#banUser in RegistrationServicesImpl#removeRegistration.
Exits RegistrationServicesImpl#removeRegistration method.
Enters RegistrationServicesImpl#getRegistration method.
Starts calling UserRetrieval#retrieveUser in RegistrationServicesImpl#getRegistration.
Finished calling UserRetrieval#retrieveUser in RegistrationServicesImpl#getRegistration.
Starts calling ProjectServices#getFullProjectData method.
Finished calling ProjectServices#getFullProjectData method.
Exists RegistrationServicesImpl#getRegistration method.
Enters RegistrationServicesImpl#registerForProject method.
Enters RegistrationServicesImpl#validateRegistration method.
Starts calling UserRetrieval#retrieveUser in RegistrationServicesImpl#validateRegistration.
Finished calling UserRetrieval#retrieveUser in RegistrationServicesImpl#validateRegistration.
Starts calling ProjectServices#getFullProjectData method.
Finished calling ProjectServices#getFullProjectData method.
Starts calling RegistrationValidator#validate method.
Finished calling RegistrationValidator#validate method.
Exits RegistrationServicesImpl#validateRegistration method.
Starts calling ResourceManager#removeResource in RegistrationServicesImpl#registerForProject.
Finished calling ResourceManager#removeResource in RegistrationServicesImpl#registerForProject.
Starts calling UserRetrieval#retrieveUser in RegistrationServicesImpl#registerForProject.
Finished calling UserRetrieval#retrieveUser in RegistrationServicesImpl#registerForProject.
Starts calling ResourceManager#updateResource in RegistrationServicesImpl#registerForProject.
Finished calling ResourceManager#updateResource in RegistrationServicesImpl#registerForProject.
Exits RegistrationServicesImpl#registerForProject method.
Enters RegistrationServicesImpl#removeRegistration method.
Starts calling UserRetrieval#retrieveUser in RegistrationServicesImpl#removeRegistration.
Finished calling UserRetrieval#retrieveUser in RegistrationServicesImpl#removeRegistration.
Starts calling ProjectServices#getFullProjectData in RegistrationServicesImpl#removeRegistration.
Finished calling ProjectServices#getFullProjectData in RegistrationServicesImpl#removeRegistration.
Starts calling TeamManager#findPositions method.
Finished calling TeamManager#findPositions method.
Starts calling TeamManager#getTeamFromPosition method.
Finished calling TeamManager#getTeamFromPosition method.
Starts calling ResourceManager#removeResource in RegistrationServicesImpl#removeRegistration.
Finished calling ResourceManager#removeResource in RegistrationServicesImpl#removeRegistration.
Starts calling TeamServices#removeMember in RegistrationServicesImpl#removeRegistration.
Finished calling TeamServices#removeTeam in RegistrationServicesImpl#removeRegistration.
Starts calling ContactMemberServices#sendMessage in RegistrationServicesImpl#removeRegistration.
Finished calling ContactMemberServices#sendMessage in RegistrationServicesImpl#removeRegistration.
Starts calling BanManager#banUser in RegistrationServicesImpl#removeRegistration.
Finished calling BanManager#banUser in RegistrationServicesImpl#removeRegistration.
Exits RegistrationServicesImpl#removeRegistration method.
Enters RegistrationServicesImpl#getRegistration method.
Starts calling UserRetrieval#retrieveUser in RegistrationServicesImpl#getRegistration.
Finished calling UserRetrieval#retrieveUser in RegistrationServicesImpl#getRegistration.
Starts calling ProjectServices#getFullProjectData method.
Finished calling ProjectServices#getFullProjectData method.
Exists RegistrationServicesImpl#getRegistration method.
Enters RegistrationServicesImpl#registerForProject method.
Enters RegistrationServicesImpl#validateRegistration method.
Starts calling UserRetrieval#retrieveUser in RegistrationServicesImpl#validateRegistration.
Finished calling UserRetrieval#retrieveUser in RegistrationServicesImpl#validateRegistration.
Starts calling ProjectServices#getFullProjectData method.
Finished calling ProjectServices#getFullProjectData method.
Starts calling RegistrationValidator#validate method.
Finished calling RegistrationValidator#validate method.
Exits RegistrationServicesImpl#validateRegistration method.
Starts calling ResourceManager#removeResource in RegistrationServicesImpl#registerForProject.
Finished calling ResourceManager#removeResource in RegistrationServicesImpl#registerForProject.
Starts calling UserRetrieval#retrieveUser in RegistrationServicesImpl#registerForProject.
Finished calling UserRetrieval#retrieveUser in RegistrationServicesImpl#registerForProject.
Starts calling ResourceManager#updateResource in RegistrationServicesImpl#registerForProject.
Finished calling ResourceManager#updateResource in RegistrationServicesImpl#registerForProject.
Exits RegistrationServicesImpl#registerForProject method.
Enters RegistrationServicesImpl#removeRegistration method.
Starts calling UserRetrieval#retrieveUser in RegistrationServicesImpl#removeRegistration.
Finished calling UserRetrieval#retrieveUser in RegistrationServicesImpl#removeRegistration.
Starts calling ProjectServices#getFullProjectData in RegistrationServicesImpl#removeRegistration.
Finished calling ProjectServices#getFullProjectData in RegistrationServicesImpl#removeRegistration.
Starts calling TeamManager#findPositions method.
Finished calling TeamManager#findPositions method.
Starts calling TeamManager#getTeamFromPosition method.
Finished calling TeamManager#getTeamFromPosition method.
Starts calling ResourceManager#removeResource in RegistrationServicesImpl#removeRegistration.
Finished calling ResourceManager#removeResource in RegistrationServicesImpl#removeRegistration.
Starts calling TeamServices#removeMember in RegistrationServicesImpl#removeRegistration.
Finished calling TeamServices#removeTeam in RegistrationServicesImpl#removeRegistration.
Starts calling ContactMemberServices#sendMessage in RegistrationServicesImpl#removeRegistration.
Finished calling ContactMemberServices#sendMessage in RegistrationServicesImpl#removeRegistration.
Starts calling BanManager#banUser in RegistrationServicesImpl#removeRegistration.
Finished calling BanManager#banUser in RegistrationServicesImpl#removeRegistration.
Exits RegistrationServicesImpl#removeRegistration method.
Enters RegistrationServicesImpl#getRegistration method.
Starts calling UserRetrieval#retrieveUser in RegistrationServicesImpl#getRegistration.
Finished calling UserRetrieval#retrieveUser in RegistrationServicesImpl#getRegistration.
Starts calling ProjectServices#getFullProjectData method.
Finished calling ProjectServices#getFullProjectData method.
Exists RegistrationServicesImpl#getRegistration method.
Enters RegistrationServicesImpl#registerForProject method.
Enters RegistrationServicesImpl#validateRegistration method.
Starts calling UserRetrieval#retrieveUser in RegistrationServicesImpl#validateRegistration.
Finished calling UserRetrieval#retrieveUser in RegistrationServicesImpl#validateRegistration.
Starts calling ProjectServices#getFullProjectData method.
Finished calling ProjectServices#getFullProjectData method.
Starts calling RegistrationValidator#validate method.
Finished calling RegistrationValidator#validate method.
Exits RegistrationServicesImpl#validateRegistration method.
Starts calling ResourceManager#removeResource in RegistrationServicesImpl#registerForProject.
Finished calling ResourceManager#removeResource in RegistrationServicesImpl#registerForProject.
Starts calling UserRetrieval#retrieveUser in RegistrationServicesImpl#registerForProject.
Finished calling UserRetrieval#retrieveUser in RegistrationServicesImpl#registerForProject.
Starts calling ResourceManager#updateResource in RegistrationServicesImpl#registerForProject.
Finished calling ResourceManager#updateResource in RegistrationServicesImpl#registerForProject.
Exits RegistrationServicesImpl#registerForProject method.
Enters RegistrationServicesImpl#removeRegistration method.
Starts calling UserRetrieval#retrieveUser in RegistrationServicesImpl#removeRegistration.
Finished calling UserRetrieval#retrieveUser in RegistrationServicesImpl#removeRegistration.
Starts calling ProjectServices#getFullProjectData in RegistrationServicesImpl#removeRegistration.
Finished calling ProjectServices#getFullProjectData in RegistrationServicesImpl#removeRegistration.
Starts calling TeamManager#findPositions method.
Finished calling TeamManager#findPositions method.
Starts calling TeamManager#getTeamFromPosition method.
Finished calling TeamManager#getTeamFromPosition method.
Starts calling ResourceManager#removeResource in RegistrationServicesImpl#removeRegistration.
Finished calling ResourceManager#removeResource in RegistrationServicesImpl#removeRegistration.
Starts calling TeamServices#removeMember in RegistrationServicesImpl#removeRegistration.
Finished calling TeamServices#removeTeam in RegistrationServicesImpl#removeRegistration.
Starts calling ContactMemberServices#sendMessage in RegistrationServicesImpl#removeRegistration.
Finished calling ContactMemberServices#sendMessage in RegistrationServicesImpl#removeRegistration.
Starts calling BanManager#banUser in RegistrationServicesImpl#removeRegistration.
Finished calling BanManager#banUser in RegistrationServicesImpl#removeRegistration.
Exits RegistrationServicesImpl#removeRegistration method.
Enters RegistrationServicesImpl#getRegistration method.
Starts calling UserRetrieval#retrieveUser in RegistrationServicesImpl#getRegistration.
Finished calling UserRetrieval#retrieveUser in RegistrationServicesImpl#getRegistration.
Starts calling ProjectServices#getFullProjectData method.
Finished calling ProjectServices#getFullProjectData method.
Exists RegistrationServicesImpl#getRegistration method.
Enters RegistrationServicesImpl#registerForProject method.
Enters RegistrationServicesImpl#validateRegistration method.
Starts calling UserRetrieval#retrieveUser in RegistrationServicesImpl#validateRegistration.
Finished calling UserRetrieval#retrieveUser in RegistrationServicesImpl#validateRegistration.
Starts calling ProjectServices#getFullProjectData method.
Finished calling ProjectServices#getFullProjectData method.
Starts calling RegistrationValidator#validate method.
Finished calling RegistrationValidator#validate method.
Exits RegistrationServicesImpl#validateRegistration method.
Starts calling ResourceManager#removeResource in RegistrationServicesImpl#registerForProject.
Finished calling ResourceManager#removeResource in RegistrationServicesImpl#registerForProject.
Starts calling UserRetrieval#retrieveUser in RegistrationServicesImpl#registerForProject.
Finished calling UserRetrieval#retrieveUser in RegistrationServicesImpl#registerForProject.
Starts calling ResourceManager#updateResource in RegistrationServicesImpl#registerForProject.
Finished calling ResourceManager#updateResource in RegistrationServicesImpl#registerForProject.
Exits RegistrationServicesImpl#registerForProject method.
Enters RegistrationServicesImpl#removeRegistration method.
Starts calling UserRetrieval#retrieveUser in RegistrationServicesImpl#removeRegistration.
Finished calling UserRetrieval#retrieveUser in RegistrationServicesImpl#removeRegistration.
Starts calling ProjectServices#getFullProjectData in RegistrationServicesImpl#removeRegistration.
Finished calling ProjectServices#getFullProjectData in RegistrationServicesImpl#removeRegistration.
Starts calling TeamManager#findPositions method.
Finished calling TeamManager#findPositions method.
Starts calling TeamManager#getTeamFromPosition method.
Finished calling TeamManager#getTeamFromPosition method.
Starts calling ResourceManager#removeResource in RegistrationServicesImpl#removeRegistration.
Finished calling ResourceManager#removeResource in RegistrationServicesImpl#removeRegistration.
Starts calling TeamServices#removeMember in RegistrationServicesImpl#removeRegistration.
Finished calling TeamServices#removeTeam in RegistrationServicesImpl#removeRegistration.
Starts calling ContactMemberServices#sendMessage in RegistrationServicesImpl#removeRegistration.
Finished calling ContactMemberServices#sendMessage in RegistrationServicesImpl#removeRegistration.
Starts calling BanManager#banUser in RegistrationServicesImpl#removeRegistration.
Finished calling BanManager#banUser in RegistrationServicesImpl#removeRegistration.
Exits RegistrationServicesImpl#removeRegistration method.
Enters RegistrationServicesImpl#getRegistration method.
Starts calling UserRetrieval#retrieveUser in RegistrationServicesImpl#getRegistration.
Finished calling UserRetrieval#retrieveUser in RegistrationServicesImpl#getRegistration.
Starts calling ProjectServices#getFullProjectData method.
Finished calling ProjectServices#getFullProjectData method.
Exists RegistrationServicesImpl#getRegistration method.
Enters RegistrationServicesImpl#registerForProject method.
Enters RegistrationServicesImpl#validateRegistration method.
Starts calling UserRetrieval#retrieveUser in RegistrationServicesImpl#validateRegistration.
Finished calling UserRetrieval#retrieveUser in RegistrationServicesImpl#validateRegistration.
Starts calling ProjectServices#getFullProjectData method.
Finished calling ProjectServices#getFullProjectData method.
Starts calling RegistrationValidator#validate method.
Finished calling RegistrationValidator#validate method.
Exits RegistrationServicesImpl#validateRegistration method.
Starts calling ResourceManager#removeResource in RegistrationServicesImpl#registerForProject.
Finished calling ResourceManager#removeResource in RegistrationServicesImpl#registerForProject.
Starts calling UserRetrieval#retrieveUser in RegistrationServicesImpl#registerForProject.
Finished calling UserRetrieval#retrieveUser in RegistrationServicesImpl#registerForProject.
Starts calling ResourceManager#updateResource in RegistrationServicesImpl#registerForProject.
Finished calling ResourceManager#updateResource in RegistrationServicesImpl#registerForProject.
Exits RegistrationServicesImpl#registerForProject method.
Enters RegistrationServicesImpl#removeRegistration method.
Starts calling UserRetrieval#retrieveUser in RegistrationServicesImpl#removeRegistration.
Finished calling UserRetrieval#retrieveUser in RegistrationServicesImpl#removeRegistration.
Starts calling ProjectServices#getFullProjectData in RegistrationServicesImpl#removeRegistration.
Finished calling ProjectServices#getFullProjectData in RegistrationServicesImpl#removeRegistration.
Starts calling TeamManager#findPositions method.
Finished calling TeamManager#findPositions method.
Starts calling TeamManager#getTeamFromPosition method.
Finished calling TeamManager#getTeamFromPosition method.
Starts calling ResourceManager#removeResource in RegistrationServicesImpl#removeRegistration.
Finished calling ResourceManager#removeResource in RegistrationServicesImpl#removeRegistration.
Starts calling TeamServices#removeMember in RegistrationServicesImpl#removeRegistration.
Finished calling TeamServices#removeTeam in RegistrationServicesImpl#removeRegistration.
Starts calling ContactMemberServices#sendMessage in RegistrationServicesImpl#removeRegistration.
Finished calling ContactMemberServices#sendMessage in RegistrationServicesImpl#removeRegistration.
Starts calling BanManager#banUser in RegistrationServicesImpl#removeRegistration.
Finished calling BanManager#banUser in RegistrationServicesImpl#removeRegistration.
Exits RegistrationServicesImpl#removeRegistration method.
Enters RegistrationServicesImpl#getRegistration method.
Starts calling UserRetrieval#retrieveUser in RegistrationServicesImpl#getRegistration.
Finished calling UserRetrieval#retrieveUser in RegistrationServicesImpl#getRegistration.
Starts calling ProjectServices#getFullProjectData method.
Finished calling ProjectServices#getFullProjectData method.
Exists RegistrationServicesImpl#getRegistration method.
Enters RegistrationServicesImpl#registerForProject method.
Enters RegistrationServicesImpl#validateRegistration method.
Starts calling UserRetrieval#retrieveUser in RegistrationServicesImpl#validateRegistration.
Finished calling UserRetrieval#retrieveUser in RegistrationServicesImpl#validateRegistration.
Starts calling ProjectServices#getFullProjectData method.
Finished calling ProjectServices#getFullProjectData method.
Starts calling RegistrationValidator#validate method.
Finished calling RegistrationValidator#validate method.
Exits RegistrationServicesImpl#validateRegistration method.
Starts calling ResourceManager#removeResource in RegistrationServicesImpl#registerForProject.
Finished calling ResourceManager#removeResource in RegistrationServicesImpl#registerForProject.
Starts calling UserRetrieval#retrieveUser in RegistrationServicesImpl#registerForProject.
Finished calling UserRetrieval#retrieveUser in RegistrationServicesImpl#registerForProject.
Starts calling ResourceManager#updateResource in RegistrationServicesImpl#registerForProject.
Finished calling ResourceManager#updateResource in RegistrationServicesImpl#registerForProject.
Exits RegistrationServicesImpl#registerForProject method.
Enters RegistrationServicesImpl#removeRegistration method.
Starts calling UserRetrieval#retrieveUser in RegistrationServicesImpl#removeRegistration.
Finished calling UserRetrieval#retrieveUser in RegistrationServicesImpl#removeRegistration.
Starts calling ProjectServices#getFullProjectData in RegistrationServicesImpl#removeRegistration.
Finished calling ProjectServices#getFullProjectData in RegistrationServicesImpl#removeRegistration.
Starts calling TeamManager#findPositions method.
Finished calling TeamManager#findPositions method.
Starts calling TeamManager#getTeamFromPosition method.
Finished calling TeamManager#getTeamFromPosition method.
Starts calling ResourceManager#removeResource in RegistrationServicesImpl#removeRegistration.
Finished calling ResourceManager#removeResource in RegistrationServicesImpl#removeRegistration.
Starts calling TeamServices#removeMember in RegistrationServicesImpl#removeRegistration.
Finished calling TeamServices#removeTeam in RegistrationServicesImpl#removeRegistration.
Starts calling ContactMemberServices#sendMessage in RegistrationServicesImpl#removeRegistration.
Finished calling ContactMemberServices#sendMessage in RegistrationServicesImpl#removeRegistration.
Starts calling BanManager#banUser in RegistrationServicesImpl#removeRegistration.
Finished calling BanManager#banUser in RegistrationServicesImpl#removeRegistration.
Exits RegistrationServicesImpl#removeRegistration method.
Enters RegistrationServicesImpl#getRegistration method.
Starts calling UserRetrieval#retrieveUser in RegistrationServicesImpl#getRegistration.
Finished calling UserRetrieval#retrieveUser in RegistrationServicesImpl#getRegistration.
Starts calling ProjectServices#getFullProjectData method.
Finished calling ProjectServices#getFullProjectData method.
Exists RegistrationServicesImpl#getRegistration method.
Enters RegistrationServicesImpl#registerForProject method.
Enters RegistrationServicesImpl#validateRegistration method.
Starts calling UserRetrieval#retrieveUser in RegistrationServicesImpl#validateRegistration.
Finished calling UserRetrieval#retrieveUser in RegistrationServicesImpl#validateRegistration.
Starts calling ProjectServices#getFullProjectData method.
Finished calling ProjectServices#getFullProjectData method.
Starts calling RegistrationValidator#validate method.
Finished calling RegistrationValidator#validate method.
Exits RegistrationServicesImpl#validateRegistration method.
Starts calling ResourceManager#removeResource in RegistrationServicesImpl#registerForProject.
Finished calling ResourceManager#removeResource in RegistrationServicesImpl#registerForProject.
Starts calling UserRetrieval#retrieveUser in RegistrationServicesImpl#registerForProject.
Finished calling UserRetrieval#retrieveUser in RegistrationServicesImpl#registerForProject.
Starts calling ResourceManager#updateResource in RegistrationServicesImpl#registerForProject.
Finished calling ResourceManager#updateResource in RegistrationServicesImpl#registerForProject.
Exits RegistrationServicesImpl#registerForProject method.
Enters RegistrationServicesImpl#removeRegistration method.
Starts calling UserRetrieval#retrieveUser in RegistrationServicesImpl#removeRegistration.
Finished calling UserRetrieval#retrieveUser in RegistrationServicesImpl#removeRegistration.
Starts calling ProjectServices#getFullProjectData in RegistrationServicesImpl#removeRegistration.
Finished calling ProjectServices#getFullProjectData in RegistrationServicesImpl#removeRegistration.
Starts calling TeamManager#findPositions method.
Finished calling TeamManager#findPositions method.
Starts calling TeamManager#getTeamFromPosition method.
Finished calling TeamManager#getTeamFromPosition method.
Starts calling ResourceManager#removeResource in RegistrationServicesImpl#removeRegistration.
Finished calling ResourceManager#removeResource in RegistrationServicesImpl#removeRegistration.
Starts calling TeamServices#removeMember in RegistrationServicesImpl#removeRegistration.
Finished calling TeamServices#removeTeam in RegistrationServicesImpl#removeRegistration.
Starts calling ContactMemberServices#sendMessage in RegistrationServicesImpl#removeRegistration.
Finished calling ContactMemberServices#sendMessage in RegistrationServicesImpl#removeRegistration.
Starts calling BanManager#banUser in RegistrationServicesImpl#removeRegistration.
Finished calling BanManager#banUser in RegistrationServicesImpl#removeRegistration.
Exits RegistrationServicesImpl#removeRegistration method.
Enters RegistrationServicesImpl#getRegistration method.
Starts calling UserRetrieval#retrieveUser in RegistrationServicesImpl#getRegistration.
Finished calling UserRetrieval#retrieveUser in RegistrationServicesImpl#getRegistration.
Starts calling ProjectServices#getFullProjectData method.
Finished calling ProjectServices#getFullProjectData method.
Exists RegistrationServicesImpl#getRegistration method.
Enters RegistrationServicesImpl#registerForProject method.
Enters RegistrationServicesImpl#validateRegistration method.
Starts calling UserRetrieval#retrieveUser in RegistrationServicesImpl#validateRegistration.
Finished calling UserRetrieval#retrieveUser in RegistrationServicesImpl#validateRegistration.
Starts calling ProjectServices#getFullProjectData method.
Finished calling ProjectServices#getFullProjectData method.
Starts calling RegistrationValidator#validate method.
Finished calling RegistrationValidator#validate method.
Exits RegistrationServicesImpl#validateRegistration method.
Starts calling ResourceManager#removeResource in RegistrationServicesImpl#registerForProject.
Finished calling ResourceManager#removeResource in RegistrationServicesImpl#registerForProject.
Starts calling UserRetrieval#retrieveUser in RegistrationServicesImpl#registerForProject.
Finished calling UserRetrieval#retrieveUser in RegistrationServicesImpl#registerForProject.
Starts calling ResourceManager#updateResource in RegistrationServicesImpl#registerForProject.
Finished calling ResourceManager#updateResource in RegistrationServicesImpl#registerForProject.
Exits RegistrationServicesImpl#registerForProject method.
Enters RegistrationServicesImpl#removeRegistration method.
Starts calling UserRetrieval#retrieveUser in RegistrationServicesImpl#removeRegistration.
Finished calling UserRetrieval#retrieveUser in RegistrationServicesImpl#removeRegistration.
Starts calling ProjectServices#getFullProjectData in RegistrationServicesImpl#removeRegistration.
Finished calling ProjectServices#getFullProjectData in RegistrationServicesImpl#removeRegistration.
Starts calling TeamManager#findPositions method.
Finished calling TeamManager#findPositions method.
Starts calling TeamManager#getTeamFromPosition method.
Finished calling TeamManager#getTeamFromPosition method.
Starts calling ResourceManager#removeResource in RegistrationServicesImpl#removeRegistration.
Finished calling ResourceManager#removeResource in RegistrationServicesImpl#removeRegistration.
Starts calling TeamServices#removeMember in RegistrationServicesImpl#removeRegistration.
Finished calling TeamServices#removeTeam in RegistrationServicesImpl#removeRegistration.
Starts calling ContactMemberServices#sendMessage in RegistrationServicesImpl#removeRegistration.
Finished calling ContactMemberServices#sendMessage in RegistrationServicesImpl#removeRegistration.
Starts calling BanManager#banUser in RegistrationServicesImpl#removeRegistration.
Finished calling BanManager#banUser in RegistrationServicesImpl#removeRegistration.
Exits RegistrationServicesImpl#removeRegistration method.
Enters RegistrationServicesImpl#getRegistration method.
Starts calling UserRetrieval#retrieveUser in RegistrationServicesImpl#getRegistration.
Finished calling UserRetrieval#retrieveUser in RegistrationServicesImpl#getRegistration.
Starts calling ProjectServices#getFullProjectData method.
Finished calling ProjectServices#getFullProjectData method.
Exists RegistrationServicesImpl#getRegistration method.
Enters RegistrationServicesImpl#registerForProject method.
Enters RegistrationServicesImpl#validateRegistration method.
Starts calling UserRetrieval#retrieveUser in RegistrationServicesImpl#validateRegistration.
Finished calling UserRetrieval#retrieveUser in RegistrationServicesImpl#validateRegistration.
Starts calling ProjectServices#getFullProjectData method.
Finished calling ProjectServices#getFullProjectData method.
Starts calling RegistrationValidator#validate method.
Finished calling RegistrationValidator#validate method.
Exits RegistrationServicesImpl#validateRegistration method.
Starts calling ResourceManager#removeResource in RegistrationServicesImpl#registerForProject.
Finished calling ResourceManager#removeResource in RegistrationServicesImpl#registerForProject.
Starts calling UserRetrieval#retrieveUser in RegistrationServicesImpl#registerForProject.
Finished calling UserRetrieval#retrieveUser in RegistrationServicesImpl#registerForProject.
Starts calling ResourceManager#updateResource in RegistrationServicesImpl#registerForProject.
Finished calling ResourceManager#updateResource in RegistrationServicesImpl#registerForProject.
Exits RegistrationServicesImpl#registerForProject method.
Enters RegistrationServicesImpl#removeRegistration method.
Starts calling UserRetrieval#retrieveUser in RegistrationServicesImpl#removeRegistration.
Finished calling UserRetrieval#retrieveUser in RegistrationServicesImpl#removeRegistration.
Starts calling ProjectServices#getFullProjectData in RegistrationServicesImpl#removeRegistration.
Finished calling ProjectServices#getFullProjectData in RegistrationServicesImpl#removeRegistration.
Starts calling TeamManager#findPositions method.
Finished calling TeamManager#findPositions method.
Starts calling TeamManager#getTeamFromPosition method.
Finished calling TeamManager#getTeamFromPosition method.
Starts calling ResourceManager#removeResource in RegistrationServicesImpl#removeRegistration.
Finished calling ResourceManager#removeResource in RegistrationServicesImpl#removeRegistration.
Starts calling TeamServices#removeMember in RegistrationServicesImpl#removeRegistration.
Finished calling TeamServices#removeTeam in RegistrationServicesImpl#removeRegistration.
Starts calling ContactMemberServices#sendMessage in RegistrationServicesImpl#removeRegistration.
Finished calling ContactMemberServices#sendMessage in RegistrationServicesImpl#removeRegistration.
Starts calling BanManager#banUser in RegistrationServicesImpl#removeRegistration.
Finished calling BanManager#banUser in RegistrationServicesImpl#removeRegistration.
Exits RegistrationServicesImpl#removeRegistration method.
Enters RegistrationServicesImpl#getRegistration method.
Starts calling UserRetrieval#retrieveUser in RegistrationServicesImpl#getRegistration.
Finished calling UserRetrieval#retrieveUser in RegistrationServicesImpl#getRegistration.
Starts calling ProjectServices#getFullProjectData method.
Finished calling ProjectServices#getFullProjectData method.
Exists RegistrationServicesImpl#getRegistration method.
Enters RegistrationServicesImpl#registerForProject method.
Enters RegistrationServicesImpl#validateRegistration method.
Starts calling UserRetrieval#retrieveUser in RegistrationServicesImpl#validateRegistration.
Finished calling UserRetrieval#retrieveUser in RegistrationServicesImpl#validateRegistration.
Starts calling ProjectServices#getFullProjectData method.
Finished calling ProjectServices#getFullProjectData method.
Starts calling RegistrationValidator#validate method.
Finished calling RegistrationValidator#validate method.
Exits RegistrationServicesImpl#validateRegistration method.
Starts calling ResourceManager#removeResource in RegistrationServicesImpl#registerForProject.
Finished calling ResourceManager#removeResource in RegistrationServicesImpl#registerForProject.
Starts calling UserRetrieval#retrieveUser in RegistrationServicesImpl#registerForProject.
Finished calling UserRetrieval#retrieveUser in RegistrationServicesImpl#registerForProject.
Starts calling ResourceManager#updateResource in RegistrationServicesImpl#registerForProject.
Finished calling ResourceManager#updateResource in RegistrationServicesImpl#registerForProject.
Exits RegistrationServicesImpl#registerForProject method.
Enters RegistrationServicesImpl#removeRegistration method.
Starts calling UserRetrieval#retrieveUser in RegistrationServicesImpl#removeRegistration.
Finished calling UserRetrieval#retrieveUser in RegistrationServicesImpl#removeRegistration.
Starts calling ProjectServices#getFullProjectData in RegistrationServicesImpl#removeRegistration.
Finished calling ProjectServices#getFullProjectData in RegistrationServicesImpl#removeRegistration.
Starts calling TeamManager#findPositions method.
Finished calling TeamManager#findPositions method.
Starts calling TeamManager#getTeamFromPosition method.
Finished calling TeamManager#getTeamFromPosition method.
Starts calling ResourceManager#removeResource in RegistrationServicesImpl#removeRegistration.
Finished calling ResourceManager#removeResource in RegistrationServicesImpl#removeRegistration.
Starts calling TeamServices#removeMember in RegistrationServicesImpl#removeRegistration.
Finished calling TeamServices#removeTeam in RegistrationServicesImpl#removeRegistration.
Starts calling ContactMemberServices#sendMessage in RegistrationServicesImpl#removeRegistration.
Finished calling ContactMemberServices#sendMessage in RegistrationServicesImpl#removeRegistration.
Starts calling BanManager#banUser in RegistrationServicesImpl#removeRegistration.
Finished calling BanManager#banUser in RegistrationServicesImpl#removeRegistration.
Exits RegistrationServicesImpl#removeRegistration method.
Enters RegistrationServicesImpl#getRegistration method.
Starts calling UserRetrieval#retrieveUser in RegistrationServicesImpl#getRegistration.
Finished calling UserRetrieval#retrieveUser in RegistrationServicesImpl#getRegistration.
Starts calling ProjectServices#getFullProjectData method.
Finished calling ProjectServices#getFullProjectData method.
Exists RegistrationServicesImpl#getRegistration method.
Enters RegistrationServicesImpl#registerForProject method.
Enters RegistrationServicesImpl#validateRegistration method.
Starts calling UserRetrieval#retrieveUser in RegistrationServicesImpl#validateRegistration.
Finished calling UserRetrieval#retrieveUser in RegistrationServicesImpl#validateRegistration.
Starts calling ProjectServices#getFullProjectData method.
Finished calling ProjectServices#getFullProjectData method.
Starts calling RegistrationValidator#validate method.
Finished calling RegistrationValidator#validate method.
Exits RegistrationServicesImpl#validateRegistration method.
Starts calling ResourceManager#removeResource in RegistrationServicesImpl#registerForProject.
Finished calling ResourceManager#removeResource in RegistrationServicesImpl#registerForProject.
Starts calling UserRetrieval#retrieveUser in RegistrationServicesImpl#registerForProject.
Finished calling UserRetrieval#retrieveUser in RegistrationServicesImpl#registerForProject.
Starts calling ResourceManager#updateResource in RegistrationServicesImpl#registerForProject.
Finished calling ResourceManager#updateResource in RegistrationServicesImpl#registerForProject.
Exits RegistrationServicesImpl#registerForProject method.
Enters RegistrationServicesImpl#removeRegistration method.
Starts calling UserRetrieval#retrieveUser in RegistrationServicesImpl#removeRegistration.
Finished calling UserRetrieval#retrieveUser in RegistrationServicesImpl#removeRegistration.
Starts calling ProjectServices#getFullProjectData in RegistrationServicesImpl#removeRegistration.
Finished calling ProjectServices#getFullProjectData in RegistrationServicesImpl#removeRegistration.
Starts calling TeamManager#findPositions method.
Finished calling TeamManager#findPositions method.
Starts calling TeamManager#getTeamFromPosition method.
Finished calling TeamManager#getTeamFromPosition method.
Starts calling ResourceManager#removeResource in RegistrationServicesImpl#removeRegistration.
Finished calling ResourceManager#removeResource in RegistrationServicesImpl#removeRegistration.
Starts calling TeamServices#removeMember in RegistrationServicesImpl#removeRegistration.
Finished calling TeamServices#removeTeam in RegistrationServicesImpl#removeRegistration.
Starts calling ContactMemberServices#sendMessage in RegistrationServicesImpl#removeRegistration.
Finished calling ContactMemberServices#sendMessage in RegistrationServicesImpl#removeRegistration.
Starts calling BanManager#banUser in RegistrationServicesImpl#removeRegistration.
Finished calling BanManager#banUser in RegistrationServicesImpl#removeRegistration.
Exits RegistrationServicesImpl#removeRegistration method.
Enters RegistrationServicesImpl#getRegistration method.
Starts calling UserRetrieval#retrieveUser in RegistrationServicesImpl#getRegistration.
Finished calling UserRetrieval#retrieveUser in RegistrationServicesImpl#getRegistration.
Starts calling ProjectServices#getFullProjectData method.
Finished calling ProjectServices#getFullProjectData method.
Exists RegistrationServicesImpl#getRegistration method.
Enters RegistrationServicesImpl#registerForProject method.
Enters RegistrationServicesImpl#validateRegistration method.
Starts calling UserRetrieval#retrieveUser in RegistrationServicesImpl#validateRegistration.
Finished calling UserRetrieval#retrieveUser in RegistrationServicesImpl#validateRegistration.
Starts calling ProjectServices#getFullProjectData method.
Finished calling ProjectServices#getFullProjectData method.
Starts calling RegistrationValidator#validate method.
Finished calling RegistrationValidator#validate method.
Exits RegistrationServicesImpl#validateRegistration method.
Starts calling ResourceManager#removeResource in RegistrationServicesImpl#registerForProject.
Finished calling ResourceManager#removeResource in RegistrationServicesImpl#registerForProject.
Starts calling UserRetrieval#retrieveUser in RegistrationServicesImpl#registerForProject.
Finished calling UserRetrieval#retrieveUser in RegistrationServicesImpl#registerForProject.
Starts calling ResourceManager#updateResource in RegistrationServicesImpl#registerForProject.
Finished calling ResourceManager#updateResource in RegistrationServicesImpl#registerForProject.
Exits RegistrationServicesImpl#registerForProject method.
Enters RegistrationServicesImpl#removeRegistration method.
Starts calling UserRetrieval#retrieveUser in RegistrationServicesImpl#removeRegistration.
Finished calling UserRetrieval#retrieveUser in RegistrationServicesImpl#removeRegistration.
Starts calling ProjectServices#getFullProjectData in RegistrationServicesImpl#removeRegistration.
Finished calling ProjectServices#getFullProjectData in RegistrationServicesImpl#removeRegistration.
Starts calling TeamManager#findPositions method.
Finished calling TeamManager#findPositions method.
Starts calling TeamManager#getTeamFromPosition method.
Finished calling TeamManager#getTeamFromPosition method.
Starts calling ResourceManager#removeResource in RegistrationServicesImpl#removeRegistration.
Finished calling ResourceManager#removeResource in RegistrationServicesImpl#removeRegistration.
Starts calling TeamServices#removeMember in RegistrationServicesImpl#removeRegistration.
Finished calling TeamServices#removeTeam in RegistrationServicesImpl#removeRegistration.
Starts calling ContactMemberServices#sendMessage in RegistrationServicesImpl#removeRegistration.
Finished calling ContactMemberServices#sendMessage in RegistrationServicesImpl#removeRegistration.
Starts calling BanManager#banUser in RegistrationServicesImpl#removeRegistration.
Finished calling BanManager#banUser in RegistrationServicesImpl#removeRegistration.
Exits RegistrationServicesImpl#removeRegistration method.
Enters RegistrationServicesImpl#getRegistration method.
Starts calling UserRetrieval#retrieveUser in RegistrationServicesImpl#getRegistration.
Finished calling UserRetrieval#retrieveUser in RegistrationServicesImpl#getRegistration.
Starts calling ProjectServices#getFullProjectData method.
Finished calling ProjectServices#getFullProjectData method.
Exists RegistrationServicesImpl#getRegistration method.
Enters RegistrationServicesImpl#registerForProject method.
Enters RegistrationServicesImpl#validateRegistration method.
Starts calling UserRetrieval#retrieveUser in RegistrationServicesImpl#validateRegistration.
Finished calling UserRetrieval#retrieveUser in RegistrationServicesImpl#validateRegistration.
Starts calling ProjectServices#getFullProjectData method.
Finished calling ProjectServices#getFullProjectData method.
Starts calling RegistrationValidator#validate method.
Finished calling RegistrationValidator#validate method.
Exits RegistrationServicesImpl#validateRegistration method.
Starts calling ResourceManager#removeResource in RegistrationServicesImpl#registerForProject.
Finished calling ResourceManager#removeResource in RegistrationServicesImpl#registerForProject.
Starts calling UserRetrieval#retrieveUser in RegistrationServicesImpl#registerForProject.
Finished calling UserRetrieval#retrieveUser in RegistrationServicesImpl#registerForProject.
Starts calling ResourceManager#updateResource in RegistrationServicesImpl#registerForProject.
Finished calling ResourceManager#updateResource in RegistrationServicesImpl#registerForProject.
Exits RegistrationServicesImpl#registerForProject method.
Enters RegistrationServicesImpl#removeRegistration method.
Starts calling UserRetrieval#retrieveUser in RegistrationServicesImpl#removeRegistration.
Finished calling UserRetrieval#retrieveUser in RegistrationServicesImpl#removeRegistration.
Starts calling ProjectServices#getFullProjectData in RegistrationServicesImpl#removeRegistration.
Finished calling ProjectServices#getFullProjectData in RegistrationServicesImpl#removeRegistration.
Starts calling TeamManager#findPositions method.
Finished calling TeamManager#findPositions method.
Starts calling TeamManager#getTeamFromPosition method.
Finished calling TeamManager#getTeamFromPosition method.
Starts calling ResourceManager#removeResource in RegistrationServicesImpl#removeRegistration.
Finished calling ResourceManager#removeResource in RegistrationServicesImpl#removeRegistration.
Starts calling TeamServices#removeMember in RegistrationServicesImpl#removeRegistration.
Finished calling TeamServices#removeTeam in RegistrationServicesImpl#removeRegistration.
Starts calling ContactMemberServices#sendMessage in RegistrationServicesImpl#removeRegistration.
Finished calling ContactMemberServices#sendMessage in RegistrationServicesImpl#removeRegistration.
Starts calling BanManager#banUser in RegistrationServicesImpl#removeRegistration.
Finished calling BanManager#banUser in RegistrationServicesImpl#removeRegistration.
Exits RegistrationServicesImpl#removeRegistration method.
Enters RegistrationServicesImpl#getRegistration method.
Starts calling UserRetrieval#retrieveUser in RegistrationServicesImpl#getRegistration.
Finished calling UserRetrieval#retrieveUser in RegistrationServicesImpl#getRegistration.
Starts calling ProjectServices#getFullProjectData method.
Finished calling ProjectServices#getFullProjectData method.
Exists RegistrationServicesImpl#getRegistration method.
Enters RegistrationServicesImpl#registerForProject method.
Enters RegistrationServicesImpl#validateRegistration method.
Starts calling UserRetrieval#retrieveUser in RegistrationServicesImpl#validateRegistration.
Finished calling UserRetrieval#retrieveUser in RegistrationServicesImpl#validateRegistration.
Starts calling ProjectServices#getFullProjectData method.
Finished calling ProjectServices#getFullProjectData method.
Starts calling RegistrationValidator#validate method.
Finished calling RegistrationValidator#validate method.
Exits RegistrationServicesImpl#validateRegistration method.
Starts calling ResourceManager#removeResource in RegistrationServicesImpl#registerForProject.
Finished calling ResourceManager#removeResource in RegistrationServicesImpl#registerForProject.
Starts calling UserRetrieval#retrieveUser in RegistrationServicesImpl#registerForProject.
Finished calling UserRetrieval#retrieveUser in RegistrationServicesImpl#registerForProject.
Starts calling ResourceManager#updateResource in RegistrationServicesImpl#registerForProject.
Finished calling ResourceManager#updateResource in RegistrationServicesImpl#registerForProject.
Exits RegistrationServicesImpl#registerForProject method.
Enters RegistrationServicesImpl#removeRegistration method.
Starts calling UserRetrieval#retrieveUser in RegistrationServicesImpl#removeRegistration.
Finished calling UserRetrieval#retrieveUser in RegistrationServicesImpl#removeRegistration.
Starts calling ProjectServices#getFullProjectData in RegistrationServicesImpl#removeRegistration.
Finished calling ProjectServices#getFullProjectData in RegistrationServicesImpl#removeRegistration.
Starts calling TeamManager#findPositions method.
Finished calling TeamManager#findPositions method.
Starts calling TeamManager#getTeamFromPosition method.
Finished calling TeamManager#getTeamFromPosition method.
Starts calling ResourceManager#removeResource in RegistrationServicesImpl#removeRegistration.
Finished calling ResourceManager#removeResource in RegistrationServicesImpl#removeRegistration.
Starts calling TeamServices#removeMember in RegistrationServicesImpl#removeRegistration.
Finished calling TeamServices#removeTeam in RegistrationServicesImpl#removeRegistration.
Starts calling ContactMemberServices#sendMessage in RegistrationServicesImpl#removeRegistration.
Finished calling ContactMemberServices#sendMessage in RegistrationServicesImpl#removeRegistration.
Starts calling BanManager#banUser in RegistrationServicesImpl#removeRegistration.
Finished calling BanManager#banUser in RegistrationServicesImpl#removeRegistration.
Exits RegistrationServicesImpl#removeRegistration method.
Enters RegistrationServicesImpl#getRegistration method.
Starts calling UserRetrieval#retrieveUser in RegistrationServicesImpl#getRegistration.
Finished calling UserRetrieval#retrieveUser in RegistrationServicesImpl#getRegistration.
Starts calling ProjectServices#getFullProjectData method.
Finished calling ProjectServices#getFullProjectData method.
Exists RegistrationServicesImpl#getRegistration method.
Enters RegistrationServicesImpl#registerForProject method.
Enters RegistrationServicesImpl#validateRegistration method.
Starts calling UserRetrieval#retrieveUser in RegistrationServicesImpl#validateRegistration.
Finished calling UserRetrieval#retrieveUser in RegistrationServicesImpl#validateRegistration.
Starts calling ProjectServices#getFullProjectData method.
Finished calling ProjectServices#getFullProjectData method.
Starts calling RegistrationValidator#validate method.
Finished calling RegistrationValidator#validate method.
Exits RegistrationServicesImpl#validateRegistration method.
Starts calling ResourceManager#removeResource in RegistrationServicesImpl#registerForProject.
Finished calling ResourceManager#removeResource in RegistrationServicesImpl#registerForProject.
Starts calling UserRetrieval#retrieveUser in RegistrationServicesImpl#registerForProject.
Finished calling UserRetrieval#retrieveUser in RegistrationServicesImpl#registerForProject.
Starts calling ResourceManager#updateResource in RegistrationServicesImpl#registerForProject.
Finished calling ResourceManager#updateResource in RegistrationServicesImpl#registerForProject.
Exits RegistrationServicesImpl#registerForProject method.
Enters RegistrationServicesImpl#removeRegistration method.
Starts calling UserRetrieval#retrieveUser in RegistrationServicesImpl#removeRegistration.
Finished calling UserRetrieval#retrieveUser in RegistrationServicesImpl#removeRegistration.
Starts calling ProjectServices#getFullProjectData in RegistrationServicesImpl#removeRegistration.
Finished calling ProjectServices#getFullProjectData in RegistrationServicesImpl#removeRegistration.
Starts calling TeamManager#findPositions method.
Finished calling TeamManager#findPositions method.
Starts calling TeamManager#getTeamFromPosition method.
Finished calling TeamManager#getTeamFromPosition method.
Starts calling ResourceManager#removeResource in RegistrationServicesImpl#removeRegistration.
Finished calling ResourceManager#removeResource in RegistrationServicesImpl#removeRegistration.
Starts calling TeamServices#removeMember in RegistrationServicesImpl#removeRegistration.
Finished calling TeamServices#removeTeam in RegistrationServicesImpl#removeRegistration.
Starts calling ContactMemberServices#sendMessage in RegistrationServicesImpl#removeRegistration.
Finished calling ContactMemberServices#sendMessage in RegistrationServicesImpl#removeRegistration.
Starts calling BanManager#banUser in RegistrationServicesImpl#removeRegistration.
Finished calling BanManager#banUser in RegistrationServicesImpl#removeRegistration.
Exits RegistrationServicesImpl#removeRegistration method.
Enters RegistrationServicesImpl#getRegistration method.
Starts calling UserRetrieval#retrieveUser in RegistrationServicesImpl#getRegistration.
Finished calling UserRetrieval#retrieveUser in RegistrationServicesImpl#getRegistration.
Starts calling ProjectServices#getFullProjectData method.
Finished calling ProjectServices#getFullProjectData method.
Exists RegistrationServicesImpl#getRegistration method.
Enters RegistrationServicesImpl#registerForProject method.
Enters RegistrationServicesImpl#validateRegistration method.
Starts calling UserRetrieval#retrieveUser in RegistrationServicesImpl#validateRegistration.
Finished calling UserRetrieval#retrieveUser in RegistrationServicesImpl#validateRegistration.
Starts calling ProjectServices#getFullProjectData method.
Finished calling ProjectServices#getFullProjectData method.
Starts calling RegistrationValidator#validate method.
Finished calling RegistrationValidator#validate method.
Exits RegistrationServicesImpl#validateRegistration method.
Starts calling ResourceManager#removeResource in RegistrationServicesImpl#registerForProject.
Finished calling ResourceManager#removeResource in RegistrationServicesImpl#registerForProject.
Starts calling UserRetrieval#retrieveUser in RegistrationServicesImpl#registerForProject.
Finished calling UserRetrieval#retrieveUser in RegistrationServicesImpl#registerForProject.
Starts calling ResourceManager#updateResource in RegistrationServicesImpl#registerForProject.
Finished calling ResourceManager#updateResource in RegistrationServicesImpl#registerForProject.
Exits RegistrationServicesImpl#registerForProject method.
Enters RegistrationServicesImpl#removeRegistration method.
Starts calling UserRetrieval#retrieveUser in RegistrationServicesImpl#removeRegistration.
Finished calling UserRetrieval#retrieveUser in RegistrationServicesImpl#removeRegistration.
Starts calling ProjectServices#getFullProjectData in RegistrationServicesImpl#removeRegistration.
Finished calling ProjectServices#getFullProjectData in RegistrationServicesImpl#removeRegistration.
Starts calling TeamManager#findPositions method.
Finished calling TeamManager#findPositions method.
Starts calling TeamManager#getTeamFromPosition method.
Finished calling TeamManager#getTeamFromPosition method.
Starts calling ResourceManager#removeResource in RegistrationServicesImpl#removeRegistration.
Finished calling ResourceManager#removeResource in RegistrationServicesImpl#removeRegistration.
Starts calling TeamServices#removeMember in RegistrationServicesImpl#removeRegistration.
Finished calling TeamServices#removeTeam in RegistrationServicesImpl#removeRegistration.
Starts calling ContactMemberServices#sendMessage in RegistrationServicesImpl#removeRegistration.
Finished calling ContactMemberServices#sendMessage in RegistrationServicesImpl#removeRegistration.
Starts calling BanManager#banUser in RegistrationServicesImpl#removeRegistration.
Finished calling BanManager#banUser in RegistrationServicesImpl#removeRegistration.
Exits RegistrationServicesImpl#removeRegistration method.
Enters RegistrationServicesImpl#getRegistration method.
Starts calling UserRetrieval#retrieveUser in RegistrationServicesImpl#getRegistration.
Finished calling UserRetrieval#retrieveUser in RegistrationServicesImpl#getRegistration.
Starts calling ProjectServices#getFullProjectData method.
Finished calling ProjectServices#getFullProjectData method.
Exists RegistrationServicesImpl#getRegistration method.
Enters RegistrationServicesImpl#registerForProject method.
Enters RegistrationServicesImpl#validateRegistration method.
Starts calling UserRetrieval#retrieveUser in RegistrationServicesImpl#validateRegistration.
Finished calling UserRetrieval#retrieveUser in RegistrationServicesImpl#validateRegistration.
Starts calling ProjectServices#getFullProjectData method.
Finished calling ProjectServices#getFullProjectData method.
Starts calling RegistrationValidator#validate method.
Finished calling RegistrationValidator#validate method.
Exits RegistrationServicesImpl#validateRegistration method.
Starts calling ResourceManager#removeResource in RegistrationServicesImpl#registerForProject.
Finished calling ResourceManager#removeResource in RegistrationServicesImpl#registerForProject.
Starts calling UserRetrieval#retrieveUser in RegistrationServicesImpl#registerForProject.
Finished calling UserRetrieval#retrieveUser in RegistrationServicesImpl#registerForProject.
Starts calling ResourceManager#updateResource in RegistrationServicesImpl#registerForProject.
Finished calling ResourceManager#updateResource in RegistrationServicesImpl#registerForProject.
Exits RegistrationServicesImpl#registerForProject method.
Enters RegistrationServicesImpl#removeRegistration method.
Starts calling UserRetrieval#retrieveUser in RegistrationServicesImpl#removeRegistration.
Finished calling UserRetrieval#retrieveUser in RegistrationServicesImpl#removeRegistration.
Starts calling ProjectServices#getFullProjectData in RegistrationServicesImpl#removeRegistration.
Finished calling ProjectServices#getFullProjectData in RegistrationServicesImpl#removeRegistration.
Starts calling TeamManager#findPositions method.
Finished calling TeamManager#findPositions method.
Starts calling TeamManager#getTeamFromPosition method.
Finished calling TeamManager#getTeamFromPosition method.
Starts calling ResourceManager#removeResource in RegistrationServicesImpl#removeRegistration.
Finished calling ResourceManager#removeResource in RegistrationServicesImpl#removeRegistration.
Starts calling TeamServices#removeMember in RegistrationServicesImpl#removeRegistration.
Finished calling TeamServices#removeTeam in RegistrationServicesImpl#removeRegistration.
Starts calling ContactMemberServices#sendMessage in RegistrationServicesImpl#removeRegistration.
Finished calling ContactMemberServices#sendMessage in RegistrationServicesImpl#removeRegistration.
Starts calling BanManager#banUser in RegistrationServicesImpl#removeRegistration.
Finished calling BanManager#banUser in RegistrationServicesImpl#removeRegistration.
Exits RegistrationServicesImpl#removeRegistration method.
The stress test for removing registration costs: 6328 milliseconds.
Enters RegistrationServicesImpl#findAvailableRegistrationPositions method.
Starts calling ProjectServices#findFullProjects method.
Finished calling ProjectServices#findFullProjects method.
Starts calling PhaseManager#getPhases method.
Finished calling PhaseManager#getPhases method.
Exists RegistrationServicesImpl#findAvailableRegistrationPositions method.
Enters RegistrationServicesImpl#getRegisteredProjects method.
Starts calling UserRetrieval#retrieveUser in RegistrationServicesImpl#getRegisteredProjects.
Finished calling UserRetrieval#retrieveUser in RegistrationServicesImpl#getRegisteredProjects.
Starts calling ProjectServices#findActiveProjects in RegistrationServicesImpl#getRegisteredProjects.
Finished calling ProjectServices#findActiveProjects in RegistrationServicesImpl#getRegisteredProjects.
Exits RegistrationServicesImpl#getRegisteredProjects method.
Enters RegistrationServicesImpl#getRegisteredResources.
Starts calling ProjectServices#getFullProjectData method.
Finished calling ProjectServices#getFullProjectData method.
Exits RegistrationServicesImpl#getRegisteredResources.
Enters RegistrationServicesImpl#findAvailableRegistrationPositions method.
Starts calling ProjectServices#findFullProjects method.
Finished calling ProjectServices#findFullProjects method.
Starts calling PhaseManager#getPhases method.
Finished calling PhaseManager#getPhases method.
Exists RegistrationServicesImpl#findAvailableRegistrationPositions method.
Enters RegistrationServicesImpl#getRegisteredProjects method.
Starts calling UserRetrieval#retrieveUser in RegistrationServicesImpl#getRegisteredProjects.
Finished calling UserRetrieval#retrieveUser in RegistrationServicesImpl#getRegisteredProjects.
Starts calling ProjectServices#findActiveProjects in RegistrationServicesImpl#getRegisteredProjects.
Finished calling ProjectServices#findActiveProjects in RegistrationServicesImpl#getRegisteredProjects.
Exits RegistrationServicesImpl#getRegisteredProjects method.
Enters RegistrationServicesImpl#getRegisteredResources.
Starts calling ProjectServices#getFullProjectData method.
Finished calling ProjectServices#getFullProjectData method.
Exits RegistrationServicesImpl#getRegisteredResources.
Enters RegistrationServicesImpl#findAvailableRegistrationPositions method.
Starts calling ProjectServices#findFullProjects method.
Finished calling ProjectServices#findFullProjects method.
Starts calling PhaseManager#getPhases method.
Finished calling PhaseManager#getPhases method.
Exists RegistrationServicesImpl#findAvailableRegistrationPositions method.
Enters RegistrationServicesImpl#getRegisteredProjects method.
Starts calling UserRetrieval#retrieveUser in RegistrationServicesImpl#getRegisteredProjects.
Finished calling UserRetrieval#retrieveUser in RegistrationServicesImpl#getRegisteredProjects.
Starts calling ProjectServices#findActiveProjects in RegistrationServicesImpl#getRegisteredProjects.
Finished calling ProjectServices#findActiveProjects in RegistrationServicesImpl#getRegisteredProjects.
Exits RegistrationServicesImpl#getRegisteredProjects method.
Enters RegistrationServicesImpl#getRegisteredResources.
Starts calling ProjectServices#getFullProjectData method.
Finished calling ProjectServices#getFullProjectData method.
Exits RegistrationServicesImpl#getRegisteredResources.
Enters RegistrationServicesImpl#findAvailableRegistrationPositions method.
Starts calling ProjectServices#findFullProjects method.
Finished calling ProjectServices#findFullProjects method.
Starts calling PhaseManager#getPhases method.
Finished calling PhaseManager#getPhases method.
Exists RegistrationServicesImpl#findAvailableRegistrationPositions method.
Enters RegistrationServicesImpl#getRegisteredProjects method.
Starts calling UserRetrieval#retrieveUser in RegistrationServicesImpl#getRegisteredProjects.
Finished calling UserRetrieval#retrieveUser in RegistrationServicesImpl#getRegisteredProjects.
Starts calling ProjectServices#findActiveProjects in RegistrationServicesImpl#getRegisteredProjects.
Finished calling ProjectServices#findActiveProjects in RegistrationServicesImpl#getRegisteredProjects.
Exits RegistrationServicesImpl#getRegisteredProjects method.
Enters RegistrationServicesImpl#getRegisteredResources.
Starts calling ProjectServices#getFullProjectData method.
Finished calling ProjectServices#getFullProjectData method.
Exits RegistrationServicesImpl#getRegisteredResources.
Enters RegistrationServicesImpl#findAvailableRegistrationPositions method.
Starts calling ProjectServices#findFullProjects method.
Finished calling ProjectServices#findFullProjects method.
Starts calling PhaseManager#getPhases method.
Finished calling PhaseManager#getPhases method.
Exists RegistrationServicesImpl#findAvailableRegistrationPositions method.
Enters RegistrationServicesImpl#getRegisteredProjects method.
Starts calling UserRetrieval#retrieveUser in RegistrationServicesImpl#getRegisteredProjects.
Finished calling UserRetrieval#retrieveUser in RegistrationServicesImpl#getRegisteredProjects.
Starts calling ProjectServices#findActiveProjects in RegistrationServicesImpl#getRegisteredProjects.
Finished calling ProjectServices#findActiveProjects in RegistrationServicesImpl#getRegisteredProjects.
Exits RegistrationServicesImpl#getRegisteredProjects method.
Enters RegistrationServicesImpl#getRegisteredResources.
Starts calling ProjectServices#getFullProjectData method.
Finished calling ProjectServices#getFullProjectData method.
Exits RegistrationServicesImpl#getRegisteredResources.
Enters RegistrationServicesImpl#findAvailableRegistrationPositions method.
Starts calling ProjectServices#findFullProjects method.
Finished calling ProjectServices#findFullProjects method.
Starts calling PhaseManager#getPhases method.
Finished calling PhaseManager#getPhases method.
Exists RegistrationServicesImpl#findAvailableRegistrationPositions method.
Enters RegistrationServicesImpl#getRegisteredProjects method.
Starts calling UserRetrieval#retrieveUser in RegistrationServicesImpl#getRegisteredProjects.
Finished calling UserRetrieval#retrieveUser in RegistrationServicesImpl#getRegisteredProjects.
Starts calling ProjectServices#findActiveProjects in RegistrationServicesImpl#getRegisteredProjects.
Finished calling ProjectServices#findActiveProjects in RegistrationServicesImpl#getRegisteredProjects.
Exits RegistrationServicesImpl#getRegisteredProjects method.
Enters RegistrationServicesImpl#getRegisteredResources.
Starts calling ProjectServices#getFullProjectData method.
Finished calling ProjectServices#getFullProjectData method.
Exits RegistrationServicesImpl#getRegisteredResources.
Enters RegistrationServicesImpl#findAvailableRegistrationPositions method.
Starts calling ProjectServices#findFullProjects method.
Finished calling ProjectServices#findFullProjects method.
Starts calling PhaseManager#getPhases method.
Finished calling PhaseManager#getPhases method.
Exists RegistrationServicesImpl#findAvailableRegistrationPositions method.
Enters RegistrationServicesImpl#getRegisteredProjects method.
Starts calling UserRetrieval#retrieveUser in RegistrationServicesImpl#getRegisteredProjects.
Finished calling UserRetrieval#retrieveUser in RegistrationServicesImpl#getRegisteredProjects.
Starts calling ProjectServices#findActiveProjects in RegistrationServicesImpl#getRegisteredProjects.
Finished calling ProjectServices#findActiveProjects in RegistrationServicesImpl#getRegisteredProjects.
Exits RegistrationServicesImpl#getRegisteredProjects method.
Enters RegistrationServicesImpl#getRegisteredResources.
Starts calling ProjectServices#getFullProjectData method.
Finished calling ProjectServices#getFullProjectData method.
Exits RegistrationServicesImpl#getRegisteredResources.
Enters RegistrationServicesImpl#findAvailableRegistrationPositions method.
Starts calling ProjectServices#findFullProjects method.
Finished calling ProjectServices#findFullProjects method.
Starts calling PhaseManager#getPhases method.
Finished calling PhaseManager#getPhases method.
Exists RegistrationServicesImpl#findAvailableRegistrationPositions method.
Enters RegistrationServicesImpl#getRegisteredProjects method.
Starts calling UserRetrieval#retrieveUser in RegistrationServicesImpl#getRegisteredProjects.
Finished calling UserRetrieval#retrieveUser in RegistrationServicesImpl#getRegisteredProjects.
Starts calling ProjectServices#findActiveProjects in RegistrationServicesImpl#getRegisteredProjects.
Finished calling ProjectServices#findActiveProjects in RegistrationServicesImpl#getRegisteredProjects.
Exits RegistrationServicesImpl#getRegisteredProjects method.
Enters RegistrationServicesImpl#getRegisteredResources.
Starts calling ProjectServices#getFullProjectData method.
Finished calling ProjectServices#getFullProjectData method.
Exits RegistrationServicesImpl#getRegisteredResources.
Enters RegistrationServicesImpl#findAvailableRegistrationPositions method.
Starts calling ProjectServices#findFullProjects method.
Finished calling ProjectServices#findFullProjects method.
Starts calling PhaseManager#getPhases method.
Finished calling PhaseManager#getPhases method.
Exists RegistrationServicesImpl#findAvailableRegistrationPositions method.
Enters RegistrationServicesImpl#getRegisteredProjects method.
Starts calling UserRetrieval#retrieveUser in RegistrationServicesImpl#getRegisteredProjects.
Finished calling UserRetrieval#retrieveUser in RegistrationServicesImpl#getRegisteredProjects.
Starts calling ProjectServices#findActiveProjects in RegistrationServicesImpl#getRegisteredProjects.
Finished calling ProjectServices#findActiveProjects in RegistrationServicesImpl#getRegisteredProjects.
Exits RegistrationServicesImpl#getRegisteredProjects method.
Enters RegistrationServicesImpl#getRegisteredResources.
Starts calling ProjectServices#getFullProjectData method.
Finished calling ProjectServices#getFullProjectData method.
Exits RegistrationServicesImpl#getRegisteredResources.
Enters RegistrationServicesImpl#findAvailableRegistrationPositions method.
Starts calling ProjectServices#findFullProjects method.
Finished calling ProjectServices#findFullProjects method.
Starts calling PhaseManager#getPhases method.
Finished calling PhaseManager#getPhases method.
Exists RegistrationServicesImpl#findAvailableRegistrationPositions method.
Enters RegistrationServicesImpl#getRegisteredProjects method.
Starts calling UserRetrieval#retrieveUser in RegistrationServicesImpl#getRegisteredProjects.
Finished calling UserRetrieval#retrieveUser in RegistrationServicesImpl#getRegisteredProjects.
Starts calling ProjectServices#findActiveProjects in RegistrationServicesImpl#getRegisteredProjects.
Finished calling ProjectServices#findActiveProjects in RegistrationServicesImpl#getRegisteredProjects.
Exits RegistrationServicesImpl#getRegisteredProjects method.
Enters RegistrationServicesImpl#getRegisteredResources.
Starts calling ProjectServices#getFullProjectData method.
Finished calling ProjectServices#getFullProjectData method.
Exits RegistrationServicesImpl#getRegisteredResources.
Enters RegistrationServicesImpl#findAvailableRegistrationPositions method.
Starts calling ProjectServices#findFullProjects method.
Finished calling ProjectServices#findFullProjects method.
Starts calling PhaseManager#getPhases method.
Finished calling PhaseManager#getPhases method.
Exists RegistrationServicesImpl#findAvailableRegistrationPositions method.
Enters RegistrationServicesImpl#getRegisteredProjects method.
Starts calling UserRetrieval#retrieveUser in RegistrationServicesImpl#getRegisteredProjects.
Finished calling UserRetrieval#retrieveUser in RegistrationServicesImpl#getRegisteredProjects.
Starts calling ProjectServices#findActiveProjects in RegistrationServicesImpl#getRegisteredProjects.
Finished calling ProjectServices#findActiveProjects in RegistrationServicesImpl#getRegisteredProjects.
Exits RegistrationServicesImpl#getRegisteredProjects method.
Enters RegistrationServicesImpl#getRegisteredResources.
Starts calling ProjectServices#getFullProjectData method.
Finished calling ProjectServices#getFullProjectData method.
Exits RegistrationServicesImpl#getRegisteredResources.
Enters RegistrationServicesImpl#findAvailableRegistrationPositions method.
Starts calling ProjectServices#findFullProjects method.
Finished calling ProjectServices#findFullProjects method.
Starts calling PhaseManager#getPhases method.
Finished calling PhaseManager#getPhases method.
Exists RegistrationServicesImpl#findAvailableRegistrationPositions method.
Enters RegistrationServicesImpl#getRegisteredProjects method.
Starts calling UserRetrieval#retrieveUser in RegistrationServicesImpl#getRegisteredProjects.
Finished calling UserRetrieval#retrieveUser in RegistrationServicesImpl#getRegisteredProjects.
Starts calling ProjectServices#findActiveProjects in RegistrationServicesImpl#getRegisteredProjects.
Finished calling ProjectServices#findActiveProjects in RegistrationServicesImpl#getRegisteredProjects.
Exits RegistrationServicesImpl#getRegisteredProjects method.
Enters RegistrationServicesImpl#getRegisteredResources.
Starts calling ProjectServices#getFullProjectData method.
Finished calling ProjectServices#getFullProjectData method.
Exits RegistrationServicesImpl#getRegisteredResources.
Enters RegistrationServicesImpl#findAvailableRegistrationPositions method.
Starts calling ProjectServices#findFullProjects method.
Finished calling ProjectServices#findFullProjects method.
Starts calling PhaseManager#getPhases method.
Finished calling PhaseManager#getPhases method.
Exists RegistrationServicesImpl#findAvailableRegistrationPositions method.
Enters RegistrationServicesImpl#getRegisteredProjects method.
Starts calling UserRetrieval#retrieveUser in RegistrationServicesImpl#getRegisteredProjects.
Finished calling UserRetrieval#retrieveUser in RegistrationServicesImpl#getRegisteredProjects.
Starts calling ProjectServices#findActiveProjects in RegistrationServicesImpl#getRegisteredProjects.
Finished calling ProjectServices#findActiveProjects in RegistrationServicesImpl#getRegisteredProjects.
Exits RegistrationServicesImpl#getRegisteredProjects method.
Enters RegistrationServicesImpl#getRegisteredResources.
Starts calling ProjectServices#getFullProjectData method.
Finished calling ProjectServices#getFullProjectData method.
Exits RegistrationServicesImpl#getRegisteredResources.
Enters RegistrationServicesImpl#findAvailableRegistrationPositions method.
Starts calling ProjectServices#findFullProjects method.
Finished calling ProjectServices#findFullProjects method.
Starts calling PhaseManager#getPhases method.
Finished calling PhaseManager#getPhases method.
Exists RegistrationServicesImpl#findAvailableRegistrationPositions method.
Enters RegistrationServicesImpl#getRegisteredProjects method.
Starts calling UserRetrieval#retrieveUser in RegistrationServicesImpl#getRegisteredProjects.
Finished calling UserRetrieval#retrieveUser in RegistrationServicesImpl#getRegisteredProjects.
Starts calling ProjectServices#findActiveProjects in RegistrationServicesImpl#getRegisteredProjects.
Finished calling ProjectServices#findActiveProjects in RegistrationServicesImpl#getRegisteredProjects.
Exits RegistrationServicesImpl#getRegisteredProjects method.
Enters RegistrationServicesImpl#getRegisteredResources.
Starts calling ProjectServices#getFullProjectData method.
Finished calling ProjectServices#getFullProjectData method.
Exits RegistrationServicesImpl#getRegisteredResources.
Enters RegistrationServicesImpl#findAvailableRegistrationPositions method.
Starts calling ProjectServices#findFullProjects method.
Finished calling ProjectServices#findFullProjects method.
Starts calling PhaseManager#getPhases method.
Finished calling PhaseManager#getPhases method.
Exists RegistrationServicesImpl#findAvailableRegistrationPositions method.
Enters RegistrationServicesImpl#getRegisteredProjects method.
Starts calling UserRetrieval#retrieveUser in RegistrationServicesImpl#getRegisteredProjects.
Finished calling UserRetrieval#retrieveUser in RegistrationServicesImpl#getRegisteredProjects.
Starts calling ProjectServices#findActiveProjects in RegistrationServicesImpl#getRegisteredProjects.
Finished calling ProjectServices#findActiveProjects in RegistrationServicesImpl#getRegisteredProjects.
Exits RegistrationServicesImpl#getRegisteredProjects method.
Enters RegistrationServicesImpl#getRegisteredResources.
Starts calling ProjectServices#getFullProjectData method.
Finished calling ProjectServices#getFullProjectData method.
Exits RegistrationServicesImpl#getRegisteredResources.
Enters RegistrationServicesImpl#findAvailableRegistrationPositions method.
Starts calling ProjectServices#findFullProjects method.
Finished calling ProjectServices#findFullProjects method.
Starts calling PhaseManager#getPhases method.
Finished calling PhaseManager#getPhases method.
Exists RegistrationServicesImpl#findAvailableRegistrationPositions method.
Enters RegistrationServicesImpl#getRegisteredProjects method.
Starts calling UserRetrieval#retrieveUser in RegistrationServicesImpl#getRegisteredProjects.
Finished calling UserRetrieval#retrieveUser in RegistrationServicesImpl#getRegisteredProjects.
Starts calling ProjectServices#findActiveProjects in RegistrationServicesImpl#getRegisteredProjects.
Finished calling ProjectServices#findActiveProjects in RegistrationServicesImpl#getRegisteredProjects.
Exits RegistrationServicesImpl#getRegisteredProjects method.
Enters RegistrationServicesImpl#getRegisteredResources.
Starts calling ProjectServices#getFullProjectData method.
Finished calling ProjectServices#getFullProjectData method.
Exits RegistrationServicesImpl#getRegisteredResources.
Enters RegistrationServicesImpl#findAvailableRegistrationPositions method.
Starts calling ProjectServices#findFullProjects method.
Finished calling ProjectServices#findFullProjects method.
Starts calling PhaseManager#getPhases method.
Finished calling PhaseManager#getPhases method.
Exists RegistrationServicesImpl#findAvailableRegistrationPositions method.
Enters RegistrationServicesImpl#getRegisteredProjects method.
Starts calling UserRetrieval#retrieveUser in RegistrationServicesImpl#getRegisteredProjects.
Finished calling UserRetrieval#retrieveUser in RegistrationServicesImpl#getRegisteredProjects.
Starts calling ProjectServices#findActiveProjects in RegistrationServicesImpl#getRegisteredProjects.
Finished calling ProjectServices#findActiveProjects in RegistrationServicesImpl#getRegisteredProjects.
Exits RegistrationServicesImpl#getRegisteredProjects method.
Enters RegistrationServicesImpl#getRegisteredResources.
Starts calling ProjectServices#getFullProjectData method.
Finished calling ProjectServices#getFullProjectData method.
Exits RegistrationServicesImpl#getRegisteredResources.
Enters RegistrationServicesImpl#findAvailableRegistrationPositions method.
Starts calling ProjectServices#findFullProjects method.
Finished calling ProjectServices#findFullProjects method.
Starts calling PhaseManager#getPhases method.
Finished calling PhaseManager#getPhases method.
Exists RegistrationServicesImpl#findAvailableRegistrationPositions method.
Enters RegistrationServicesImpl#getRegisteredProjects method.
Starts calling UserRetrieval#retrieveUser in RegistrationServicesImpl#getRegisteredProjects.
Finished calling UserRetrieval#retrieveUser in RegistrationServicesImpl#getRegisteredProjects.
Starts calling ProjectServices#findActiveProjects in RegistrationServicesImpl#getRegisteredProjects.
Finished calling ProjectServices#findActiveProjects in RegistrationServicesImpl#getRegisteredProjects.
Exits RegistrationServicesImpl#getRegisteredProjects method.
Enters RegistrationServicesImpl#getRegisteredResources.
Starts calling ProjectServices#getFullProjectData method.
Finished calling ProjectServices#getFullProjectData method.
Exits RegistrationServicesImpl#getRegisteredResources.
Enters RegistrationServicesImpl#findAvailableRegistrationPositions method.
Starts calling ProjectServices#findFullProjects method.
Finished calling ProjectServices#findFullProjects method.
Starts calling PhaseManager#getPhases method.
Finished calling PhaseManager#getPhases method.
Exists RegistrationServicesImpl#findAvailableRegistrationPositions method.
Enters RegistrationServicesImpl#getRegisteredProjects method.
Starts calling UserRetrieval#retrieveUser in RegistrationServicesImpl#getRegisteredProjects.
Finished calling UserRetrieval#retrieveUser in RegistrationServicesImpl#getRegisteredProjects.
Starts calling ProjectServices#findActiveProjects in RegistrationServicesImpl#getRegisteredProjects.
Finished calling ProjectServices#findActiveProjects in RegistrationServicesImpl#getRegisteredProjects.
Exits RegistrationServicesImpl#getRegisteredProjects method.
Enters RegistrationServicesImpl#getRegisteredResources.
Starts calling ProjectServices#getFullProjectData method.
Finished calling ProjectServices#getFullProjectData method.
Exits RegistrationServicesImpl#getRegisteredResources.
Enters RegistrationServicesImpl#findAvailableRegistrationPositions method.
Starts calling ProjectServices#findFullProjects method.
Finished calling ProjectServices#findFullProjects method.
Starts calling PhaseManager#getPhases method.
Finished calling PhaseManager#getPhases method.
Exists RegistrationServicesImpl#findAvailableRegistrationPositions method.
Enters RegistrationServicesImpl#getRegisteredProjects method.
Starts calling UserRetrieval#retrieveUser in RegistrationServicesImpl#getRegisteredProjects.
Finished calling UserRetrieval#retrieveUser in RegistrationServicesImpl#getRegisteredProjects.
Starts calling ProjectServices#findActiveProjects in RegistrationServicesImpl#getRegisteredProjects.
Finished calling ProjectServices#findActiveProjects in RegistrationServicesImpl#getRegisteredProjects.
Exits RegistrationServicesImpl#getRegisteredProjects method.
Enters RegistrationServicesImpl#getRegisteredResources.
Starts calling ProjectServices#getFullProjectData method.
Finished calling ProjectServices#getFullProjectData method.
Exits RegistrationServicesImpl#getRegisteredResources.
Enters RegistrationServicesImpl#findAvailableRegistrationPositions method.
Starts calling ProjectServices#findFullProjects method.
Finished calling ProjectServices#findFullProjects method.
Starts calling PhaseManager#getPhases method.
Finished calling PhaseManager#getPhases method.
Exists RegistrationServicesImpl#findAvailableRegistrationPositions method.
Enters RegistrationServicesImpl#getRegisteredProjects method.
Starts calling UserRetrieval#retrieveUser in RegistrationServicesImpl#getRegisteredProjects.
Finished calling UserRetrieval#retrieveUser in RegistrationServicesImpl#getRegisteredProjects.
Starts calling ProjectServices#findActiveProjects in RegistrationServicesImpl#getRegisteredProjects.
Finished calling ProjectServices#findActiveProjects in RegistrationServicesImpl#getRegisteredProjects.
Exits RegistrationServicesImpl#getRegisteredProjects method.
Enters RegistrationServicesImpl#getRegisteredResources.
Starts calling ProjectServices#getFullProjectData method.
Finished calling ProjectServices#getFullProjectData method.
Exits RegistrationServicesImpl#getRegisteredResources.
Enters RegistrationServicesImpl#findAvailableRegistrationPositions method.
Starts calling ProjectServices#findFullProjects method.
Finished calling ProjectServices#findFullProjects method.
Starts calling PhaseManager#getPhases method.
Finished calling PhaseManager#getPhases method.
Exists RegistrationServicesImpl#findAvailableRegistrationPositions method.
Enters RegistrationServicesImpl#getRegisteredProjects method.
Starts calling UserRetrieval#retrieveUser in RegistrationServicesImpl#getRegisteredProjects.
Finished calling UserRetrieval#retrieveUser in RegistrationServicesImpl#getRegisteredProjects.
Starts calling ProjectServices#findActiveProjects in RegistrationServicesImpl#getRegisteredProjects.
Finished calling ProjectServices#findActiveProjects in RegistrationServicesImpl#getRegisteredProjects.
Exits RegistrationServicesImpl#getRegisteredProjects method.
Enters RegistrationServicesImpl#getRegisteredResources.
Starts calling ProjectServices#getFullProjectData method.
Finished calling ProjectServices#getFullProjectData method.
Exits RegistrationServicesImpl#getRegisteredResources.
Enters RegistrationServicesImpl#findAvailableRegistrationPositions method.
Starts calling ProjectServices#findFullProjects method.
Finished calling ProjectServices#findFullProjects method.
Starts calling PhaseManager#getPhases method.
Finished calling PhaseManager#getPhases method.
Exists RegistrationServicesImpl#findAvailableRegistrationPositions method.
Enters RegistrationServicesImpl#getRegisteredProjects method.
Starts calling UserRetrieval#retrieveUser in RegistrationServicesImpl#getRegisteredProjects.
Finished calling UserRetrieval#retrieveUser in RegistrationServicesImpl#getRegisteredProjects.
Starts calling ProjectServices#findActiveProjects in RegistrationServicesImpl#getRegisteredProjects.
Finished calling ProjectServices#findActiveProjects in RegistrationServicesImpl#getRegisteredProjects.
Exits RegistrationServicesImpl#getRegisteredProjects method.
Enters RegistrationServicesImpl#getRegisteredResources.
Starts calling ProjectServices#getFullProjectData method.
Finished calling ProjectServices#getFullProjectData method.
Exits RegistrationServicesImpl#getRegisteredResources.
Enters RegistrationServicesImpl#findAvailableRegistrationPositions method.
Starts calling ProjectServices#findFullProjects method.
Finished calling ProjectServices#findFullProjects method.
Starts calling PhaseManager#getPhases method.
Finished calling PhaseManager#getPhases method.
Exists RegistrationServicesImpl#findAvailableRegistrationPositions method.
Enters RegistrationServicesImpl#getRegisteredProjects method.
Starts calling UserRetrieval#retrieveUser in RegistrationServicesImpl#getRegisteredProjects.
Finished calling UserRetrieval#retrieveUser in RegistrationServicesImpl#getRegisteredProjects.
Starts calling ProjectServices#findActiveProjects in RegistrationServicesImpl#getRegisteredProjects.
Finished calling ProjectServices#findActiveProjects in RegistrationServicesImpl#getRegisteredProjects.
Exits RegistrationServicesImpl#getRegisteredProjects method.
Enters RegistrationServicesImpl#getRegisteredResources.
Starts calling ProjectServices#getFullProjectData method.
Finished calling ProjectServices#getFullProjectData method.
Exits RegistrationServicesImpl#getRegisteredResources.
Enters RegistrationServicesImpl#findAvailableRegistrationPositions method.
Starts calling ProjectServices#findFullProjects method.
Finished calling ProjectServices#findFullProjects method.
Starts calling PhaseManager#getPhases method.
Finished calling PhaseManager#getPhases method.
Exists RegistrationServicesImpl#findAvailableRegistrationPositions method.
Enters RegistrationServicesImpl#getRegisteredProjects method.
Starts calling UserRetrieval#retrieveUser in RegistrationServicesImpl#getRegisteredProjects.
Finished calling UserRetrieval#retrieveUser in RegistrationServicesImpl#getRegisteredProjects.
Starts calling ProjectServices#findActiveProjects in RegistrationServicesImpl#getRegisteredProjects.
Finished calling ProjectServices#findActiveProjects in RegistrationServicesImpl#getRegisteredProjects.
Exits RegistrationServicesImpl#getRegisteredProjects method.
Enters RegistrationServicesImpl#getRegisteredResources.
Starts calling ProjectServices#getFullProjectData method.
Finished calling ProjectServices#getFullProjectData method.
Exits RegistrationServicesImpl#getRegisteredResources.
Enters RegistrationServicesImpl#findAvailableRegistrationPositions method.
Starts calling ProjectServices#findFullProjects method.
Finished calling ProjectServices#findFullProjects method.
Starts calling PhaseManager#getPhases method.
Finished calling PhaseManager#getPhases method.
Exists RegistrationServicesImpl#findAvailableRegistrationPositions method.
Enters RegistrationServicesImpl#getRegisteredProjects method.
Starts calling UserRetrieval#retrieveUser in RegistrationServicesImpl#getRegisteredProjects.
Finished calling UserRetrieval#retrieveUser in RegistrationServicesImpl#getRegisteredProjects.
Starts calling ProjectServices#findActiveProjects in RegistrationServicesImpl#getRegisteredProjects.
Finished calling ProjectServices#findActiveProjects in RegistrationServicesImpl#getRegisteredProjects.
Exits RegistrationServicesImpl#getRegisteredProjects method.
Enters RegistrationServicesImpl#getRegisteredResources.
Starts calling ProjectServices#getFullProjectData method.
Finished calling ProjectServices#getFullProjectData method.
Exits RegistrationServicesImpl#getRegisteredResources.
Enters RegistrationServicesImpl#findAvailableRegistrationPositions method.
Starts calling ProjectServices#findFullProjects method.
Finished calling ProjectServices#findFullProjects method.
Starts calling PhaseManager#getPhases method.
Finished calling PhaseManager#getPhases method.
Exists RegistrationServicesImpl#findAvailableRegistrationPositions method.
Enters RegistrationServicesImpl#getRegisteredProjects method.
Starts calling UserRetrieval#retrieveUser in RegistrationServicesImpl#getRegisteredProjects.
Finished calling UserRetrieval#retrieveUser in RegistrationServicesImpl#getRegisteredProjects.
Starts calling ProjectServices#findActiveProjects in RegistrationServicesImpl#getRegisteredProjects.
Finished calling ProjectServices#findActiveProjects in RegistrationServicesImpl#getRegisteredProjects.
Exits RegistrationServicesImpl#getRegisteredProjects method.
Enters RegistrationServicesImpl#getRegisteredResources.
Starts calling ProjectServices#getFullProjectData method.
Finished calling ProjectServices#getFullProjectData method.
Exits RegistrationServicesImpl#getRegisteredResources.
Enters RegistrationServicesImpl#findAvailableRegistrationPositions method.
Starts calling ProjectServices#findFullProjects method.
Finished calling ProjectServices#findFullProjects method.
Starts calling PhaseManager#getPhases method.
Finished calling PhaseManager#getPhases method.
Exists RegistrationServicesImpl#findAvailableRegistrationPositions method.
Enters RegistrationServicesImpl#getRegisteredProjects method.
Starts calling UserRetrieval#retrieveUser in RegistrationServicesImpl#getRegisteredProjects.
Finished calling UserRetrieval#retrieveUser in RegistrationServicesImpl#getRegisteredProjects.
Starts calling ProjectServices#findActiveProjects in RegistrationServicesImpl#getRegisteredProjects.
Finished calling ProjectServices#findActiveProjects in RegistrationServicesImpl#getRegisteredProjects.
Exits RegistrationServicesImpl#getRegisteredProjects method.
Enters RegistrationServicesImpl#getRegisteredResources.
Starts calling ProjectServices#getFullProjectData method.
Finished calling ProjectServices#getFullProjectData method.
Exits RegistrationServicesImpl#getRegisteredResources.
Enters RegistrationServicesImpl#findAvailableRegistrationPositions method.
Starts calling ProjectServices#findFullProjects method.
Finished calling ProjectServices#findFullProjects method.
Starts calling PhaseManager#getPhases method.
Finished calling PhaseManager#getPhases method.
Exists RegistrationServicesImpl#findAvailableRegistrationPositions method.
Enters RegistrationServicesImpl#getRegisteredProjects method.
Starts calling UserRetrieval#retrieveUser in RegistrationServicesImpl#getRegisteredProjects.
Finished calling UserRetrieval#retrieveUser in RegistrationServicesImpl#getRegisteredProjects.
Starts calling ProjectServices#findActiveProjects in RegistrationServicesImpl#getRegisteredProjects.
Finished calling ProjectServices#findActiveProjects in RegistrationServicesImpl#getRegisteredProjects.
Exits RegistrationServicesImpl#getRegisteredProjects method.
Enters RegistrationServicesImpl#getRegisteredResources.
Starts calling ProjectServices#getFullProjectData method.
Finished calling ProjectServices#getFullProjectData method.
Exits RegistrationServicesImpl#getRegisteredResources.
Enters RegistrationServicesImpl#findAvailableRegistrationPositions method.
Starts calling ProjectServices#findFullProjects method.
Finished calling ProjectServices#findFullProjects method.
Starts calling PhaseManager#getPhases method.
Finished calling PhaseManager#getPhases method.
Exists RegistrationServicesImpl#findAvailableRegistrationPositions method.
Enters RegistrationServicesImpl#getRegisteredProjects method.
Starts calling UserRetrieval#retrieveUser in RegistrationServicesImpl#getRegisteredProjects.
Finished calling UserRetrieval#retrieveUser in RegistrationServicesImpl#getRegisteredProjects.
Starts calling ProjectServices#findActiveProjects in RegistrationServicesImpl#getRegisteredProjects.
Finished calling ProjectServices#findActiveProjects in RegistrationServicesImpl#getRegisteredProjects.
Exits RegistrationServicesImpl#getRegisteredProjects method.
Enters RegistrationServicesImpl#getRegisteredResources.
Starts calling ProjectServices#getFullProjectData method.
Finished calling ProjectServices#getFullProjectData method.
Exits RegistrationServicesImpl#getRegisteredResources.
Enters RegistrationServicesImpl#findAvailableRegistrationPositions method.
Starts calling ProjectServices#findFullProjects method.
Finished calling ProjectServices#findFullProjects method.
Starts calling PhaseManager#getPhases method.
Finished calling PhaseManager#getPhases method.
Exists RegistrationServicesImpl#findAvailableRegistrationPositions method.
Enters RegistrationServicesImpl#getRegisteredProjects method.
Starts calling UserRetrieval#retrieveUser in RegistrationServicesImpl#getRegisteredProjects.
Finished calling UserRetrieval#retrieveUser in RegistrationServicesImpl#getRegisteredProjects.
Starts calling ProjectServices#findActiveProjects in RegistrationServicesImpl#getRegisteredProjects.
Finished calling ProjectServices#findActiveProjects in RegistrationServicesImpl#getRegisteredProjects.
Exits RegistrationServicesImpl#getRegisteredProjects method.
Enters RegistrationServicesImpl#getRegisteredResources.
Starts calling ProjectServices#getFullProjectData method.
Finished calling ProjectServices#getFullProjectData method.
Exits RegistrationServicesImpl#getRegisteredResources.
Enters RegistrationServicesImpl#findAvailableRegistrationPositions method.
Starts calling ProjectServices#findFullProjects method.
Finished calling ProjectServices#findFullProjects method.
Starts calling PhaseManager#getPhases method.
Finished calling PhaseManager#getPhases method.
Exists RegistrationServicesImpl#findAvailableRegistrationPositions method.
Enters RegistrationServicesImpl#getRegisteredProjects method.
Starts calling UserRetrieval#retrieveUser in RegistrationServicesImpl#getRegisteredProjects.
Finished calling UserRetrieval#retrieveUser in RegistrationServicesImpl#getRegisteredProjects.
Starts calling ProjectServices#findActiveProjects in RegistrationServicesImpl#getRegisteredProjects.
Finished calling ProjectServices#findActiveProjects in RegistrationServicesImpl#getRegisteredProjects.
Exits RegistrationServicesImpl#getRegisteredProjects method.
Enters RegistrationServicesImpl#getRegisteredResources.
Starts calling ProjectServices#getFullProjectData method.
Finished calling ProjectServices#getFullProjectData method.
Exits RegistrationServicesImpl#getRegisteredResources.
Enters RegistrationServicesImpl#findAvailableRegistrationPositions method.
Starts calling ProjectServices#findFullProjects method.
Finished calling ProjectServices#findFullProjects method.
Starts calling PhaseManager#getPhases method.
Finished calling PhaseManager#getPhases method.
Exists RegistrationServicesImpl#findAvailableRegistrationPositions method.
Enters RegistrationServicesImpl#getRegisteredProjects method.
Starts calling UserRetrieval#retrieveUser in RegistrationServicesImpl#getRegisteredProjects.
Finished calling UserRetrieval#retrieveUser in RegistrationServicesImpl#getRegisteredProjects.
Starts calling ProjectServices#findActiveProjects in RegistrationServicesImpl#getRegisteredProjects.
Finished calling ProjectServices#findActiveProjects in RegistrationServicesImpl#getRegisteredProjects.
Exits RegistrationServicesImpl#getRegisteredProjects method.
Enters RegistrationServicesImpl#getRegisteredResources.
Starts calling ProjectServices#getFullProjectData method.
Finished calling ProjectServices#getFullProjectData method.
Exits RegistrationServicesImpl#getRegisteredResources.
Enters RegistrationServicesImpl#findAvailableRegistrationPositions method.
Starts calling ProjectServices#findFullProjects method.
Finished calling ProjectServices#findFullProjects method.
Starts calling PhaseManager#getPhases method.
Finished calling PhaseManager#getPhases method.
Exists RegistrationServicesImpl#findAvailableRegistrationPositions method.
Enters RegistrationServicesImpl#getRegisteredProjects method.
Starts calling UserRetrieval#retrieveUser in RegistrationServicesImpl#getRegisteredProjects.
Finished calling UserRetrieval#retrieveUser in RegistrationServicesImpl#getRegisteredProjects.
Starts calling ProjectServices#findActiveProjects in RegistrationServicesImpl#getRegisteredProjects.
Finished calling ProjectServices#findActiveProjects in RegistrationServicesImpl#getRegisteredProjects.
Exits RegistrationServicesImpl#getRegisteredProjects method.
Enters RegistrationServicesImpl#getRegisteredResources.
Starts calling ProjectServices#getFullProjectData method.
Finished calling ProjectServices#getFullProjectData method.
Exits RegistrationServicesImpl#getRegisteredResources.
Enters RegistrationServicesImpl#findAvailableRegistrationPositions method.
Starts calling ProjectServices#findFullProjects method.
Finished calling ProjectServices#findFullProjects method.
Starts calling PhaseManager#getPhases method.
Finished calling PhaseManager#getPhases method.
Exists RegistrationServicesImpl#findAvailableRegistrationPositions method.
Enters RegistrationServicesImpl#getRegisteredProjects method.
Starts calling UserRetrieval#retrieveUser in RegistrationServicesImpl#getRegisteredProjects.
Finished calling UserRetrieval#retrieveUser in RegistrationServicesImpl#getRegisteredProjects.
Starts calling ProjectServices#findActiveProjects in RegistrationServicesImpl#getRegisteredProjects.
Finished calling ProjectServices#findActiveProjects in RegistrationServicesImpl#getRegisteredProjects.
Exits RegistrationServicesImpl#getRegisteredProjects method.
Enters RegistrationServicesImpl#getRegisteredResources.
Starts calling ProjectServices#getFullProjectData method.
Finished calling ProjectServices#getFullProjectData method.
Exits RegistrationServicesImpl#getRegisteredResources.
Enters RegistrationServicesImpl#findAvailableRegistrationPositions method.
Starts calling ProjectServices#findFullProjects method.
Finished calling ProjectServices#findFullProjects method.
Starts calling PhaseManager#getPhases method.
Finished calling PhaseManager#getPhases method.
Exists RegistrationServicesImpl#findAvailableRegistrationPositions method.
Enters RegistrationServicesImpl#getRegisteredProjects method.
Starts calling UserRetrieval#retrieveUser in RegistrationServicesImpl#getRegisteredProjects.
Finished calling UserRetrieval#retrieveUser in RegistrationServicesImpl#getRegisteredProjects.
Starts calling ProjectServices#findActiveProjects in RegistrationServicesImpl#getRegisteredProjects.
Finished calling ProjectServices#findActiveProjects in RegistrationServicesImpl#getRegisteredProjects.
Exits RegistrationServicesImpl#getRegisteredProjects method.
Enters RegistrationServicesImpl#getRegisteredResources.
Starts calling ProjectServices#getFullProjectData method.
Finished calling ProjectServices#getFullProjectData method.
Exits RegistrationServicesImpl#getRegisteredResources.
Enters RegistrationServicesImpl#findAvailableRegistrationPositions method.
Starts calling ProjectServices#findFullProjects method.
Finished calling ProjectServices#findFullProjects method.
Starts calling PhaseManager#getPhases method.
Finished calling PhaseManager#getPhases method.
Exists RegistrationServicesImpl#findAvailableRegistrationPositions method.
Enters RegistrationServicesImpl#getRegisteredProjects method.
Starts calling UserRetrieval#retrieveUser in RegistrationServicesImpl#getRegisteredProjects.
Finished calling UserRetrieval#retrieveUser in RegistrationServicesImpl#getRegisteredProjects.
Starts calling ProjectServices#findActiveProjects in RegistrationServicesImpl#getRegisteredProjects.
Finished calling ProjectServices#findActiveProjects in RegistrationServicesImpl#getRegisteredProjects.
Exits RegistrationServicesImpl#getRegisteredProjects method.
Enters RegistrationServicesImpl#getRegisteredResources.
Starts calling ProjectServices#getFullProjectData method.
Finished calling ProjectServices#getFullProjectData method.
Exits RegistrationServicesImpl#getRegisteredResources.
Enters RegistrationServicesImpl#findAvailableRegistrationPositions method.
Starts calling ProjectServices#findFullProjects method.
Finished calling ProjectServices#findFullProjects method.
Starts calling PhaseManager#getPhases method.
Finished calling PhaseManager#getPhases method.
Exists RegistrationServicesImpl#findAvailableRegistrationPositions method.
Enters RegistrationServicesImpl#getRegisteredProjects method.
Starts calling UserRetrieval#retrieveUser in RegistrationServicesImpl#getRegisteredProjects.
Finished calling UserRetrieval#retrieveUser in RegistrationServicesImpl#getRegisteredProjects.
Starts calling ProjectServices#findActiveProjects in RegistrationServicesImpl#getRegisteredProjects.
Finished calling ProjectServices#findActiveProjects in RegistrationServicesImpl#getRegisteredProjects.
Exits RegistrationServicesImpl#getRegisteredProjects method.
Enters RegistrationServicesImpl#getRegisteredResources.
Starts calling ProjectServices#getFullProjectData method.
Finished calling ProjectServices#getFullProjectData method.
Exits RegistrationServicesImpl#getRegisteredResources.
Enters RegistrationServicesImpl#findAvailableRegistrationPositions method.
Starts calling ProjectServices#findFullProjects method.
Finished calling ProjectServices#findFullProjects method.
Starts calling PhaseManager#getPhases method.
Finished calling PhaseManager#getPhases method.
Exists RegistrationServicesImpl#findAvailableRegistrationPositions method.
Enters RegistrationServicesImpl#getRegisteredProjects method.
Starts calling UserRetrieval#retrieveUser in RegistrationServicesImpl#getRegisteredProjects.
Finished calling UserRetrieval#retrieveUser in RegistrationServicesImpl#getRegisteredProjects.
Starts calling ProjectServices#findActiveProjects in RegistrationServicesImpl#getRegisteredProjects.
Finished calling ProjectServices#findActiveProjects in RegistrationServicesImpl#getRegisteredProjects.
Exits RegistrationServicesImpl#getRegisteredProjects method.
Enters RegistrationServicesImpl#getRegisteredResources.
Starts calling ProjectServices#getFullProjectData method.
Finished calling ProjectServices#getFullProjectData method.
Exits RegistrationServicesImpl#getRegisteredResources.
Enters RegistrationServicesImpl#findAvailableRegistrationPositions method.
Starts calling ProjectServices#findFullProjects method.
Finished calling ProjectServices#findFullProjects method.
Starts calling PhaseManager#getPhases method.
Finished calling PhaseManager#getPhases method.
Exists RegistrationServicesImpl#findAvailableRegistrationPositions method.
Enters RegistrationServicesImpl#getRegisteredProjects method.
Starts calling UserRetrieval#retrieveUser in RegistrationServicesImpl#getRegisteredProjects.
Finished calling UserRetrieval#retrieveUser in RegistrationServicesImpl#getRegisteredProjects.
Starts calling ProjectServices#findActiveProjects in RegistrationServicesImpl#getRegisteredProjects.
Finished calling ProjectServices#findActiveProjects in RegistrationServicesImpl#getRegisteredProjects.
Exits RegistrationServicesImpl#getRegisteredProjects method.
Enters RegistrationServicesImpl#getRegisteredResources.
Starts calling ProjectServices#getFullProjectData method.
Finished calling ProjectServices#getFullProjectData method.
Exits RegistrationServicesImpl#getRegisteredResources.
Enters RegistrationServicesImpl#findAvailableRegistrationPositions method.
Starts calling ProjectServices#findFullProjects method.
Finished calling ProjectServices#findFullProjects method.
Starts calling PhaseManager#getPhases method.
Finished calling PhaseManager#getPhases method.
Exists RegistrationServicesImpl#findAvailableRegistrationPositions method.
Enters RegistrationServicesImpl#getRegisteredProjects method.
Starts calling UserRetrieval#retrieveUser in RegistrationServicesImpl#getRegisteredProjects.
Finished calling UserRetrieval#retrieveUser in RegistrationServicesImpl#getRegisteredProjects.
Starts calling ProjectServices#findActiveProjects in RegistrationServicesImpl#getRegisteredProjects.
Finished calling ProjectServices#findActiveProjects in RegistrationServicesImpl#getRegisteredProjects.
Exits RegistrationServicesImpl#getRegisteredProjects method.
Enters RegistrationServicesImpl#getRegisteredResources.
Starts calling ProjectServices#getFullProjectData method.
Finished calling ProjectServices#getFullProjectData method.
Exits RegistrationServicesImpl#getRegisteredResources.
Enters RegistrationServicesImpl#findAvailableRegistrationPositions method.
Starts calling ProjectServices#findFullProjects method.
Finished calling ProjectServices#findFullProjects method.
Starts calling PhaseManager#getPhases method.
Finished calling PhaseManager#getPhases method.
Exists RegistrationServicesImpl#findAvailableRegistrationPositions method.
Enters RegistrationServicesImpl#getRegisteredProjects method.
Starts calling UserRetrieval#retrieveUser in RegistrationServicesImpl#getRegisteredProjects.
Finished calling UserRetrieval#retrieveUser in RegistrationServicesImpl#getRegisteredProjects.
Starts calling ProjectServices#findActiveProjects in RegistrationServicesImpl#getRegisteredProjects.
Finished calling ProjectServices#findActiveProjects in RegistrationServicesImpl#getRegisteredProjects.
Exits RegistrationServicesImpl#getRegisteredProjects method.
Enters RegistrationServicesImpl#getRegisteredResources.
Starts calling ProjectServices#getFullProjectData method.
Finished calling ProjectServices#getFullProjectData method.
Exits RegistrationServicesImpl#getRegisteredResources.
Enters RegistrationServicesImpl#findAvailableRegistrationPositions method.
Starts calling ProjectServices#findFullProjects method.
Finished calling ProjectServices#findFullProjects method.
Starts calling PhaseManager#getPhases method.
Finished calling PhaseManager#getPhases method.
Exists RegistrationServicesImpl#findAvailableRegistrationPositions method.
Enters RegistrationServicesImpl#getRegisteredProjects method.
Starts calling UserRetrieval#retrieveUser in RegistrationServicesImpl#getRegisteredProjects.
Finished calling UserRetrieval#retrieveUser in RegistrationServicesImpl#getRegisteredProjects.
Starts calling ProjectServices#findActiveProjects in RegistrationServicesImpl#getRegisteredProjects.
Finished calling ProjectServices#findActiveProjects in RegistrationServicesImpl#getRegisteredProjects.
Exits RegistrationServicesImpl#getRegisteredProjects method.
Enters RegistrationServicesImpl#getRegisteredResources.
Starts calling ProjectServices#getFullProjectData method.
Finished calling ProjectServices#getFullProjectData method.
Exits RegistrationServicesImpl#getRegisteredResources.
Enters RegistrationServicesImpl#findAvailableRegistrationPositions method.
Starts calling ProjectServices#findFullProjects method.
Finished calling ProjectServices#findFullProjects method.
Starts calling PhaseManager#getPhases method.
Finished calling PhaseManager#getPhases method.
Exists RegistrationServicesImpl#findAvailableRegistrationPositions method.
Enters RegistrationServicesImpl#getRegisteredProjects method.
Starts calling UserRetrieval#retrieveUser in RegistrationServicesImpl#getRegisteredProjects.
Finished calling UserRetrieval#retrieveUser in RegistrationServicesImpl#getRegisteredProjects.
Starts calling ProjectServices#findActiveProjects in RegistrationServicesImpl#getRegisteredProjects.
Finished calling ProjectServices#findActiveProjects in RegistrationServicesImpl#getRegisteredProjects.
Exits RegistrationServicesImpl#getRegisteredProjects method.
Enters RegistrationServicesImpl#getRegisteredResources.
Starts calling ProjectServices#getFullProjectData method.
Finished calling ProjectServices#getFullProjectData method.
Exits RegistrationServicesImpl#getRegisteredResources.
Enters RegistrationServicesImpl#findAvailableRegistrationPositions method.
Starts calling ProjectServices#findFullProjects method.
Finished calling ProjectServices#findFullProjects method.
Starts calling PhaseManager#getPhases method.
Finished calling PhaseManager#getPhases method.
Exists RegistrationServicesImpl#findAvailableRegistrationPositions method.
Enters RegistrationServicesImpl#getRegisteredProjects method.
Starts calling UserRetrieval#retrieveUser in RegistrationServicesImpl#getRegisteredProjects.
Finished calling UserRetrieval#retrieveUser in RegistrationServicesImpl#getRegisteredProjects.
Starts calling ProjectServices#findActiveProjects in RegistrationServicesImpl#getRegisteredProjects.
Finished calling ProjectServices#findActiveProjects in RegistrationServicesImpl#getRegisteredProjects.
Exits RegistrationServicesImpl#getRegisteredProjects method.
Enters RegistrationServicesImpl#getRegisteredResources.
Starts calling ProjectServices#getFullProjectData method.
Finished calling ProjectServices#getFullProjectData method.
Exits RegistrationServicesImpl#getRegisteredResources.
Enters RegistrationServicesImpl#findAvailableRegistrationPositions method.
Starts calling ProjectServices#findFullProjects method.
Finished calling ProjectServices#findFullProjects method.
Starts calling PhaseManager#getPhases method.
Finished calling PhaseManager#getPhases method.
Exists RegistrationServicesImpl#findAvailableRegistrationPositions method.
Enters RegistrationServicesImpl#getRegisteredProjects method.
Starts calling UserRetrieval#retrieveUser in RegistrationServicesImpl#getRegisteredProjects.
Finished calling UserRetrieval#retrieveUser in RegistrationServicesImpl#getRegisteredProjects.
Starts calling ProjectServices#findActiveProjects in RegistrationServicesImpl#getRegisteredProjects.
Finished calling ProjectServices#findActiveProjects in RegistrationServicesImpl#getRegisteredProjects.
Exits RegistrationServicesImpl#getRegisteredProjects method.
Enters RegistrationServicesImpl#getRegisteredResources.
Starts calling ProjectServices#getFullProjectData method.
Finished calling ProjectServices#getFullProjectData method.
Exits RegistrationServicesImpl#getRegisteredResources.
Enters RegistrationServicesImpl#findAvailableRegistrationPositions method.
Starts calling ProjectServices#findFullProjects method.
Finished calling ProjectServices#findFullProjects method.
Starts calling PhaseManager#getPhases method.
Finished calling PhaseManager#getPhases method.
Exists RegistrationServicesImpl#findAvailableRegistrationPositions method.
Enters RegistrationServicesImpl#getRegisteredProjects method.
Starts calling UserRetrieval#retrieveUser in RegistrationServicesImpl#getRegisteredProjects.
Finished calling UserRetrieval#retrieveUser in RegistrationServicesImpl#getRegisteredProjects.
Starts calling ProjectServices#findActiveProjects in RegistrationServicesImpl#getRegisteredProjects.
Finished calling ProjectServices#findActiveProjects in RegistrationServicesImpl#getRegisteredProjects.
Exits RegistrationServicesImpl#getRegisteredProjects method.
Enters RegistrationServicesImpl#getRegisteredResources.
Starts calling ProjectServices#getFullProjectData method.
Finished calling ProjectServices#getFullProjectData method.
Exits RegistrationServicesImpl#getRegisteredResources.
Enters RegistrationServicesImpl#findAvailableRegistrationPositions method.
Starts calling ProjectServices#findFullProjects method.
Finished calling ProjectServices#findFullProjects method.
Starts calling PhaseManager#getPhases method.
Finished calling PhaseManager#getPhases method.
Exists RegistrationServicesImpl#findAvailableRegistrationPositions method.
Enters RegistrationServicesImpl#getRegisteredProjects method.
Starts calling UserRetrieval#retrieveUser in RegistrationServicesImpl#getRegisteredProjects.
Finished calling UserRetrieval#retrieveUser in RegistrationServicesImpl#getRegisteredProjects.
Starts calling ProjectServices#findActiveProjects in RegistrationServicesImpl#getRegisteredProjects.
Finished calling ProjectServices#findActiveProjects in RegistrationServicesImpl#getRegisteredProjects.
Exits RegistrationServicesImpl#getRegisteredProjects method.
Enters RegistrationServicesImpl#getRegisteredResources.
Starts calling ProjectServices#getFullProjectData method.
Finished calling ProjectServices#getFullProjectData method.
Exits RegistrationServicesImpl#getRegisteredResources.
Enters RegistrationServicesImpl#findAvailableRegistrationPositions method.
Starts calling ProjectServices#findFullProjects method.
Finished calling ProjectServices#findFullProjects method.
Starts calling PhaseManager#getPhases method.
Finished calling PhaseManager#getPhases method.
Exists RegistrationServicesImpl#findAvailableRegistrationPositions method.
Enters RegistrationServicesImpl#getRegisteredProjects method.
Starts calling UserRetrieval#retrieveUser in RegistrationServicesImpl#getRegisteredProjects.
Finished calling UserRetrieval#retrieveUser in RegistrationServicesImpl#getRegisteredProjects.
Starts calling ProjectServices#findActiveProjects in RegistrationServicesImpl#getRegisteredProjects.
Finished calling ProjectServices#findActiveProjects in RegistrationServicesImpl#getRegisteredProjects.
Exits RegistrationServicesImpl#getRegisteredProjects method.
Enters RegistrationServicesImpl#getRegisteredResources.
Starts calling ProjectServices#getFullProjectData method.
Finished calling ProjectServices#getFullProjectData method.
Exits RegistrationServicesImpl#getRegisteredResources.
Enters RegistrationServicesImpl#findAvailableRegistrationPositions method.
Starts calling ProjectServices#findFullProjects method.
Finished calling ProjectServices#findFullProjects method.
Starts calling PhaseManager#getPhases method.
Finished calling PhaseManager#getPhases method.
Exists RegistrationServicesImpl#findAvailableRegistrationPositions method.
Enters RegistrationServicesImpl#getRegisteredProjects method.
Starts calling UserRetrieval#retrieveUser in RegistrationServicesImpl#getRegisteredProjects.
Finished calling UserRetrieval#retrieveUser in RegistrationServicesImpl#getRegisteredProjects.
Starts calling ProjectServices#findActiveProjects in RegistrationServicesImpl#getRegisteredProjects.
Finished calling ProjectServices#findActiveProjects in RegistrationServicesImpl#getRegisteredProjects.
Exits RegistrationServicesImpl#getRegisteredProjects method.
Enters RegistrationServicesImpl#getRegisteredResources.
Starts calling ProjectServices#getFullProjectData method.
Finished calling ProjectServices#getFullProjectData method.
Exits RegistrationServicesImpl#getRegisteredResources.
Enters RegistrationServicesImpl#findAvailableRegistrationPositions method.
Starts calling ProjectServices#findFullProjects method.
Finished calling ProjectServices#findFullProjects method.
Starts calling PhaseManager#getPhases method.
Finished calling PhaseManager#getPhases method.
Exists RegistrationServicesImpl#findAvailableRegistrationPositions method.
Enters RegistrationServicesImpl#getRegisteredProjects method.
Starts calling UserRetrieval#retrieveUser in RegistrationServicesImpl#getRegisteredProjects.
Finished calling UserRetrieval#retrieveUser in RegistrationServicesImpl#getRegisteredProjects.
Starts calling ProjectServices#findActiveProjects in RegistrationServicesImpl#getRegisteredProjects.
Finished calling ProjectServices#findActiveProjects in RegistrationServicesImpl#getRegisteredProjects.
Exits RegistrationServicesImpl#getRegisteredProjects method.
Enters RegistrationServicesImpl#getRegisteredResources.
Starts calling ProjectServices#getFullProjectData method.
Finished calling ProjectServices#getFullProjectData method.
Exits RegistrationServicesImpl#getRegisteredResources.
Enters RegistrationServicesImpl#findAvailableRegistrationPositions method.
Starts calling ProjectServices#findFullProjects method.
Finished calling ProjectServices#findFullProjects method.
Starts calling PhaseManager#getPhases method.
Finished calling PhaseManager#getPhases method.
Exists RegistrationServicesImpl#findAvailableRegistrationPositions method.
Enters RegistrationServicesImpl#getRegisteredProjects method.
Starts calling UserRetrieval#retrieveUser in RegistrationServicesImpl#getRegisteredProjects.
Finished calling UserRetrieval#retrieveUser in RegistrationServicesImpl#getRegisteredProjects.
Starts calling ProjectServices#findActiveProjects in RegistrationServicesImpl#getRegisteredProjects.
Finished calling ProjectServices#findActiveProjects in RegistrationServicesImpl#getRegisteredProjects.
Exits RegistrationServicesImpl#getRegisteredProjects method.
Enters RegistrationServicesImpl#getRegisteredResources.
Starts calling ProjectServices#getFullProjectData method.
Finished calling ProjectServices#getFullProjectData method.
Exits RegistrationServicesImpl#getRegisteredResources.
Enters RegistrationServicesImpl#findAvailableRegistrationPositions method.
Starts calling ProjectServices#findFullProjects method.
Finished calling ProjectServices#findFullProjects method.
Starts calling PhaseManager#getPhases method.
Finished calling PhaseManager#getPhases method.
Exists RegistrationServicesImpl#findAvailableRegistrationPositions method.
Enters RegistrationServicesImpl#getRegisteredProjects method.
Starts calling UserRetrieval#retrieveUser in RegistrationServicesImpl#getRegisteredProjects.
Finished calling UserRetrieval#retrieveUser in RegistrationServicesImpl#getRegisteredProjects.
Starts calling ProjectServices#findActiveProjects in RegistrationServicesImpl#getRegisteredProjects.
Finished calling ProjectServices#findActiveProjects in RegistrationServicesImpl#getRegisteredProjects.
Exits RegistrationServicesImpl#getRegisteredProjects method.
Enters RegistrationServicesImpl#getRegisteredResources.
Starts calling ProjectServices#getFullProjectData method.
Finished calling ProjectServices#getFullProjectData method.
Exits RegistrationServicesImpl#getRegisteredResources.
Enters RegistrationServicesImpl#findAvailableRegistrationPositions method.
Starts calling ProjectServices#findFullProjects method.
Finished calling ProjectServices#findFullProjects method.
Starts calling PhaseManager#getPhases method.
Finished calling PhaseManager#getPhases method.
Exists RegistrationServicesImpl#findAvailableRegistrationPositions method.
Enters RegistrationServicesImpl#getRegisteredProjects method.
Starts calling UserRetrieval#retrieveUser in RegistrationServicesImpl#getRegisteredProjects.
Finished calling UserRetrieval#retrieveUser in RegistrationServicesImpl#getRegisteredProjects.
Starts calling ProjectServices#findActiveProjects in RegistrationServicesImpl#getRegisteredProjects.
Finished calling ProjectServices#findActiveProjects in RegistrationServicesImpl#getRegisteredProjects.
Exits RegistrationServicesImpl#getRegisteredProjects method.
Enters RegistrationServicesImpl#getRegisteredResources.
Starts calling ProjectServices#getFullProjectData method.
Finished calling ProjectServices#getFullProjectData method.
Exits RegistrationServicesImpl#getRegisteredResources.
Enters RegistrationServicesImpl#findAvailableRegistrationPositions method.
Starts calling ProjectServices#findFullProjects method.
Finished calling ProjectServices#findFullProjects method.
Starts calling PhaseManager#getPhases method.
Finished calling PhaseManager#getPhases method.
Exists RegistrationServicesImpl#findAvailableRegistrationPositions method.
Enters RegistrationServicesImpl#getRegisteredProjects method.
Starts calling UserRetrieval#retrieveUser in RegistrationServicesImpl#getRegisteredProjects.
Finished calling UserRetrieval#retrieveUser in RegistrationServicesImpl#getRegisteredProjects.
Starts calling ProjectServices#findActiveProjects in RegistrationServicesImpl#getRegisteredProjects.
Finished calling ProjectServices#findActiveProjects in RegistrationServicesImpl#getRegisteredProjects.
Exits RegistrationServicesImpl#getRegisteredProjects method.
Enters RegistrationServicesImpl#getRegisteredResources.
Starts calling ProjectServices#getFullProjectData method.
Finished calling ProjectServices#getFullProjectData method.
Exits RegistrationServicesImpl#getRegisteredResources.
Enters RegistrationServicesImpl#findAvailableRegistrationPositions method.
Starts calling ProjectServices#findFullProjects method.
Finished calling ProjectServices#findFullProjects method.
Starts calling PhaseManager#getPhases method.
Finished calling PhaseManager#getPhases method.
Exists RegistrationServicesImpl#findAvailableRegistrationPositions method.
Enters RegistrationServicesImpl#getRegisteredProjects method.
Starts calling UserRetrieval#retrieveUser in RegistrationServicesImpl#getRegisteredProjects.
Finished calling UserRetrieval#retrieveUser in RegistrationServicesImpl#getRegisteredProjects.
Starts calling ProjectServices#findActiveProjects in RegistrationServicesImpl#getRegisteredProjects.
Finished calling ProjectServices#findActiveProjects in RegistrationServicesImpl#getRegisteredProjects.
Exits RegistrationServicesImpl#getRegisteredProjects method.
Enters RegistrationServicesImpl#getRegisteredResources.
Starts calling ProjectServices#getFullProjectData method.
Finished calling ProjectServices#getFullProjectData method.
Exits RegistrationServicesImpl#getRegisteredResources.
Enters RegistrationServicesImpl#findAvailableRegistrationPositions method.
Starts calling ProjectServices#findFullProjects method.
Finished calling ProjectServices#findFullProjects method.
Starts calling PhaseManager#getPhases method.
Finished calling PhaseManager#getPhases method.
Exists RegistrationServicesImpl#findAvailableRegistrationPositions method.
Enters RegistrationServicesImpl#getRegisteredProjects method.
Starts calling UserRetrieval#retrieveUser in RegistrationServicesImpl#getRegisteredProjects.
Finished calling UserRetrieval#retrieveUser in RegistrationServicesImpl#getRegisteredProjects.
Starts calling ProjectServices#findActiveProjects in RegistrationServicesImpl#getRegisteredProjects.
Finished calling ProjectServices#findActiveProjects in RegistrationServicesImpl#getRegisteredProjects.
Exits RegistrationServicesImpl#getRegisteredProjects method.
Enters RegistrationServicesImpl#getRegisteredResources.
Starts calling ProjectServices#getFullProjectData method.
Finished calling ProjectServices#getFullProjectData method.
Exits RegistrationServicesImpl#getRegisteredResources.
Enters RegistrationServicesImpl#findAvailableRegistrationPositions method.
Starts calling ProjectServices#findFullProjects method.
Finished calling ProjectServices#findFullProjects method.
Starts calling PhaseManager#getPhases method.
Finished calling PhaseManager#getPhases method.
Exists RegistrationServicesImpl#findAvailableRegistrationPositions method.
Enters RegistrationServicesImpl#getRegisteredProjects method.
Starts calling UserRetrieval#retrieveUser in RegistrationServicesImpl#getRegisteredProjects.
Finished calling UserRetrieval#retrieveUser in RegistrationServicesImpl#getRegisteredProjects.
Starts calling ProjectServices#findActiveProjects in RegistrationServicesImpl#getRegisteredProjects.
Finished calling ProjectServices#findActiveProjects in RegistrationServicesImpl#getRegisteredProjects.
Exits RegistrationServicesImpl#getRegisteredProjects method.
Enters RegistrationServicesImpl#getRegisteredResources.
Starts calling ProjectServices#getFullProjectData method.
Finished calling ProjectServices#getFullProjectData method.
Exits RegistrationServicesImpl#getRegisteredResources.
Enters RegistrationServicesImpl#findAvailableRegistrationPositions method.
Starts calling ProjectServices#findFullProjects method.
Finished calling ProjectServices#findFullProjects method.
Starts calling PhaseManager#getPhases method.
Finished calling PhaseManager#getPhases method.
Exists RegistrationServicesImpl#findAvailableRegistrationPositions method.
Enters RegistrationServicesImpl#getRegisteredProjects method.
Starts calling UserRetrieval#retrieveUser in RegistrationServicesImpl#getRegisteredProjects.
Finished calling UserRetrieval#retrieveUser in RegistrationServicesImpl#getRegisteredProjects.
Starts calling ProjectServices#findActiveProjects in RegistrationServicesImpl#getRegisteredProjects.
Finished calling ProjectServices#findActiveProjects in RegistrationServicesImpl#getRegisteredProjects.
Exits RegistrationServicesImpl#getRegisteredProjects method.
Enters RegistrationServicesImpl#getRegisteredResources.
Starts calling ProjectServices#getFullProjectData method.
Finished calling ProjectServices#getFullProjectData method.
Exits RegistrationServicesImpl#getRegisteredResources.
Enters RegistrationServicesImpl#findAvailableRegistrationPositions method.
Starts calling ProjectServices#findFullProjects method.
Finished calling ProjectServices#findFullProjects method.
Starts calling PhaseManager#getPhases method.
Finished calling PhaseManager#getPhases method.
Exists RegistrationServicesImpl#findAvailableRegistrationPositions method.
Enters RegistrationServicesImpl#getRegisteredProjects method.
Starts calling UserRetrieval#retrieveUser in RegistrationServicesImpl#getRegisteredProjects.
Finished calling UserRetrieval#retrieveUser in RegistrationServicesImpl#getRegisteredProjects.
Starts calling ProjectServices#findActiveProjects in RegistrationServicesImpl#getRegisteredProjects.
Finished calling ProjectServices#findActiveProjects in RegistrationServicesImpl#getRegisteredProjects.
Exits RegistrationServicesImpl#getRegisteredProjects method.
Enters RegistrationServicesImpl#getRegisteredResources.
Starts calling ProjectServices#getFullProjectData method.
Finished calling ProjectServices#getFullProjectData method.
Exits RegistrationServicesImpl#getRegisteredResources.
Enters RegistrationServicesImpl#findAvailableRegistrationPositions method.
Starts calling ProjectServices#findFullProjects method.
Finished calling ProjectServices#findFullProjects method.
Starts calling PhaseManager#getPhases method.
Finished calling PhaseManager#getPhases method.
Exists RegistrationServicesImpl#findAvailableRegistrationPositions method.
Enters RegistrationServicesImpl#getRegisteredProjects method.
Starts calling UserRetrieval#retrieveUser in RegistrationServicesImpl#getRegisteredProjects.
Finished calling UserRetrieval#retrieveUser in RegistrationServicesImpl#getRegisteredProjects.
Starts calling ProjectServices#findActiveProjects in RegistrationServicesImpl#getRegisteredProjects.
Finished calling ProjectServices#findActiveProjects in RegistrationServicesImpl#getRegisteredProjects.
Exits RegistrationServicesImpl#getRegisteredProjects method.
Enters RegistrationServicesImpl#getRegisteredResources.
Starts calling ProjectServices#getFullProjectData method.
Finished calling ProjectServices#getFullProjectData method.
Exits RegistrationServicesImpl#getRegisteredResources.
Enters RegistrationServicesImpl#findAvailableRegistrationPositions method.
Starts calling ProjectServices#findFullProjects method.
Finished calling ProjectServices#findFullProjects method.
Starts calling PhaseManager#getPhases method.
Finished calling PhaseManager#getPhases method.
Exists RegistrationServicesImpl#findAvailableRegistrationPositions method.
Enters RegistrationServicesImpl#getRegisteredProjects method.
Starts calling UserRetrieval#retrieveUser in RegistrationServicesImpl#getRegisteredProjects.
Finished calling UserRetrieval#retrieveUser in RegistrationServicesImpl#getRegisteredProjects.
Starts calling ProjectServices#findActiveProjects in RegistrationServicesImpl#getRegisteredProjects.
Finished calling ProjectServices#findActiveProjects in RegistrationServicesImpl#getRegisteredProjects.
Exits RegistrationServicesImpl#getRegisteredProjects method.
Enters RegistrationServicesImpl#getRegisteredResources.
Starts calling ProjectServices#getFullProjectData method.
Finished calling ProjectServices#getFullProjectData method.
Exits RegistrationServicesImpl#getRegisteredResources.
Enters RegistrationServicesImpl#findAvailableRegistrationPositions method.
Starts calling ProjectServices#findFullProjects method.
Finished calling ProjectServices#findFullProjects method.
Starts calling PhaseManager#getPhases method.
Finished calling PhaseManager#getPhases method.
Exists RegistrationServicesImpl#findAvailableRegistrationPositions method.
Enters RegistrationServicesImpl#getRegisteredProjects method.
Starts calling UserRetrieval#retrieveUser in RegistrationServicesImpl#getRegisteredProjects.
Finished calling UserRetrieval#retrieveUser in RegistrationServicesImpl#getRegisteredProjects.
Starts calling ProjectServices#findActiveProjects in RegistrationServicesImpl#getRegisteredProjects.
Finished calling ProjectServices#findActiveProjects in RegistrationServicesImpl#getRegisteredProjects.
Exits RegistrationServicesImpl#getRegisteredProjects method.
Enters RegistrationServicesImpl#getRegisteredResources.
Starts calling ProjectServices#getFullProjectData method.
Finished calling ProjectServices#getFullProjectData method.
Exits RegistrationServicesImpl#getRegisteredResources.
Enters RegistrationServicesImpl#findAvailableRegistrationPositions method.
Starts calling ProjectServices#findFullProjects method.
Finished calling ProjectServices#findFullProjects method.
Starts calling PhaseManager#getPhases method.
Finished calling PhaseManager#getPhases method.
Exists RegistrationServicesImpl#findAvailableRegistrationPositions method.
Enters RegistrationServicesImpl#getRegisteredProjects method.
Starts calling UserRetrieval#retrieveUser in RegistrationServicesImpl#getRegisteredProjects.
Finished calling UserRetrieval#retrieveUser in RegistrationServicesImpl#getRegisteredProjects.
Starts calling ProjectServices#findActiveProjects in RegistrationServicesImpl#getRegisteredProjects.
Finished calling ProjectServices#findActiveProjects in RegistrationServicesImpl#getRegisteredProjects.
Exits RegistrationServicesImpl#getRegisteredProjects method.
Enters RegistrationServicesImpl#getRegisteredResources.
Starts calling ProjectServices#getFullProjectData method.
Finished calling ProjectServices#getFullProjectData method.
Exits RegistrationServicesImpl#getRegisteredResources.
Enters RegistrationServicesImpl#findAvailableRegistrationPositions method.
Starts calling ProjectServices#findFullProjects method.
Finished calling ProjectServices#findFullProjects method.
Starts calling PhaseManager#getPhases method.
Finished calling PhaseManager#getPhases method.
Exists RegistrationServicesImpl#findAvailableRegistrationPositions method.
Enters RegistrationServicesImpl#getRegisteredProjects method.
Starts calling UserRetrieval#retrieveUser in RegistrationServicesImpl#getRegisteredProjects.
Finished calling UserRetrieval#retrieveUser in RegistrationServicesImpl#getRegisteredProjects.
Starts calling ProjectServices#findActiveProjects in RegistrationServicesImpl#getRegisteredProjects.
Finished calling ProjectServices#findActiveProjects in RegistrationServicesImpl#getRegisteredProjects.
Exits RegistrationServicesImpl#getRegisteredProjects method.
Enters RegistrationServicesImpl#getRegisteredResources.
Starts calling ProjectServices#getFullProjectData method.
Finished calling ProjectServices#getFullProjectData method.
Exits RegistrationServicesImpl#getRegisteredResources.
Enters RegistrationServicesImpl#findAvailableRegistrationPositions method.
Starts calling ProjectServices#findFullProjects method.
Finished calling ProjectServices#findFullProjects method.
Starts calling PhaseManager#getPhases method.
Finished calling PhaseManager#getPhases method.
Exists RegistrationServicesImpl#findAvailableRegistrationPositions method.
Enters RegistrationServicesImpl#getRegisteredProjects method.
Starts calling UserRetrieval#retrieveUser in RegistrationServicesImpl#getRegisteredProjects.
Finished calling UserRetrieval#retrieveUser in RegistrationServicesImpl#getRegisteredProjects.
Starts calling ProjectServices#findActiveProjects in RegistrationServicesImpl#getRegisteredProjects.
Finished calling ProjectServices#findActiveProjects in RegistrationServicesImpl#getRegisteredProjects.
Exits RegistrationServicesImpl#getRegisteredProjects method.
Enters RegistrationServicesImpl#getRegisteredResources.
Starts calling ProjectServices#getFullProjectData method.
Finished calling ProjectServices#getFullProjectData method.
Exits RegistrationServicesImpl#getRegisteredResources.
Enters RegistrationServicesImpl#findAvailableRegistrationPositions method.
Starts calling ProjectServices#findFullProjects method.
Finished calling ProjectServices#findFullProjects method.
Starts calling PhaseManager#getPhases method.
Finished calling PhaseManager#getPhases method.
Exists RegistrationServicesImpl#findAvailableRegistrationPositions method.
Enters RegistrationServicesImpl#getRegisteredProjects method.
Starts calling UserRetrieval#retrieveUser in RegistrationServicesImpl#getRegisteredProjects.
Finished calling UserRetrieval#retrieveUser in RegistrationServicesImpl#getRegisteredProjects.
Starts calling ProjectServices#findActiveProjects in RegistrationServicesImpl#getRegisteredProjects.
Finished calling ProjectServices#findActiveProjects in RegistrationServicesImpl#getRegisteredProjects.
Exits RegistrationServicesImpl#getRegisteredProjects method.
Enters RegistrationServicesImpl#getRegisteredResources.
Starts calling ProjectServices#getFullProjectData method.
Finished calling ProjectServices#getFullProjectData method.
Exits RegistrationServicesImpl#getRegisteredResources.
Enters RegistrationServicesImpl#findAvailableRegistrationPositions method.
Starts calling ProjectServices#findFullProjects method.
Finished calling ProjectServices#findFullProjects method.
Starts calling PhaseManager#getPhases method.
Finished calling PhaseManager#getPhases method.
Exists RegistrationServicesImpl#findAvailableRegistrationPositions method.
Enters RegistrationServicesImpl#getRegisteredProjects method.
Starts calling UserRetrieval#retrieveUser in RegistrationServicesImpl#getRegisteredProjects.
Finished calling UserRetrieval#retrieveUser in RegistrationServicesImpl#getRegisteredProjects.
Starts calling ProjectServices#findActiveProjects in RegistrationServicesImpl#getRegisteredProjects.
Finished calling ProjectServices#findActiveProjects in RegistrationServicesImpl#getRegisteredProjects.
Exits RegistrationServicesImpl#getRegisteredProjects method.
Enters RegistrationServicesImpl#getRegisteredResources.
Starts calling ProjectServices#getFullProjectData method.
Finished calling ProjectServices#getFullProjectData method.
Exits RegistrationServicesImpl#getRegisteredResources.
Enters RegistrationServicesImpl#findAvailableRegistrationPositions method.
Starts calling ProjectServices#findFullProjects method.
Finished calling ProjectServices#findFullProjects method.
Starts calling PhaseManager#getPhases method.
Finished calling PhaseManager#getPhases method.
Exists RegistrationServicesImpl#findAvailableRegistrationPositions method.
Enters RegistrationServicesImpl#getRegisteredProjects method.
Starts calling UserRetrieval#retrieveUser in RegistrationServicesImpl#getRegisteredProjects.
Finished calling UserRetrieval#retrieveUser in RegistrationServicesImpl#getRegisteredProjects.
Starts calling ProjectServices#findActiveProjects in RegistrationServicesImpl#getRegisteredProjects.
Finished calling ProjectServices#findActiveProjects in RegistrationServicesImpl#getRegisteredProjects.
Exits RegistrationServicesImpl#getRegisteredProjects method.
Enters RegistrationServicesImpl#getRegisteredResources.
Starts calling ProjectServices#getFullProjectData method.
Finished calling ProjectServices#getFullProjectData method.
Exits RegistrationServicesImpl#getRegisteredResources.
Enters RegistrationServicesImpl#findAvailableRegistrationPositions method.
Starts calling ProjectServices#findFullProjects method.
Finished calling ProjectServices#findFullProjects method.
Starts calling PhaseManager#getPhases method.
Finished calling PhaseManager#getPhases method.
Exists RegistrationServicesImpl#findAvailableRegistrationPositions method.
Enters RegistrationServicesImpl#getRegisteredProjects method.
Starts calling UserRetrieval#retrieveUser in RegistrationServicesImpl#getRegisteredProjects.
Finished calling UserRetrieval#retrieveUser in RegistrationServicesImpl#getRegisteredProjects.
Starts calling ProjectServices#findActiveProjects in RegistrationServicesImpl#getRegisteredProjects.
Finished calling ProjectServices#findActiveProjects in RegistrationServicesImpl#getRegisteredProjects.
Exits RegistrationServicesImpl#getRegisteredProjects method.
Enters RegistrationServicesImpl#getRegisteredResources.
Starts calling ProjectServices#getFullProjectData method.
Finished calling ProjectServices#getFullProjectData method.
Exits RegistrationServicesImpl#getRegisteredResources.
Enters RegistrationServicesImpl#findAvailableRegistrationPositions method.
Starts calling ProjectServices#findFullProjects method.
Finished calling ProjectServices#findFullProjects method.
Starts calling PhaseManager#getPhases method.
Finished calling PhaseManager#getPhases method.
Exists RegistrationServicesImpl#findAvailableRegistrationPositions method.
Enters RegistrationServicesImpl#getRegisteredProjects method.
Starts calling UserRetrieval#retrieveUser in RegistrationServicesImpl#getRegisteredProjects.
Finished calling UserRetrieval#retrieveUser in RegistrationServicesImpl#getRegisteredProjects.
Starts calling ProjectServices#findActiveProjects in RegistrationServicesImpl#getRegisteredProjects.
Finished calling ProjectServices#findActiveProjects in RegistrationServicesImpl#getRegisteredProjects.
Exits RegistrationServicesImpl#getRegisteredProjects method.
Enters RegistrationServicesImpl#getRegisteredResources.
Starts calling ProjectServices#getFullProjectData method.
Finished calling ProjectServices#getFullProjectData method.
Exits RegistrationServicesImpl#getRegisteredResources.
Enters RegistrationServicesImpl#findAvailableRegistrationPositions method.
Starts calling ProjectServices#findFullProjects method.
Finished calling ProjectServices#findFullProjects method.
Starts calling PhaseManager#getPhases method.
Finished calling PhaseManager#getPhases method.
Exists RegistrationServicesImpl#findAvailableRegistrationPositions method.
Enters RegistrationServicesImpl#getRegisteredProjects method.
Starts calling UserRetrieval#retrieveUser in RegistrationServicesImpl#getRegisteredProjects.
Finished calling UserRetrieval#retrieveUser in RegistrationServicesImpl#getRegisteredProjects.
Starts calling ProjectServices#findActiveProjects in RegistrationServicesImpl#getRegisteredProjects.
Finished calling ProjectServices#findActiveProjects in RegistrationServicesImpl#getRegisteredProjects.
Exits RegistrationServicesImpl#getRegisteredProjects method.
Enters RegistrationServicesImpl#getRegisteredResources.
Starts calling ProjectServices#getFullProjectData method.
Finished calling ProjectServices#getFullProjectData method.
Exits RegistrationServicesImpl#getRegisteredResources.
Enters RegistrationServicesImpl#findAvailableRegistrationPositions method.
Starts calling ProjectServices#findFullProjects method.
Finished calling ProjectServices#findFullProjects method.
Starts calling PhaseManager#getPhases method.
Finished calling PhaseManager#getPhases method.
Exists RegistrationServicesImpl#findAvailableRegistrationPositions method.
Enters RegistrationServicesImpl#getRegisteredProjects method.
Starts calling UserRetrieval#retrieveUser in RegistrationServicesImpl#getRegisteredProjects.
Finished calling UserRetrieval#retrieveUser in RegistrationServicesImpl#getRegisteredProjects.
Starts calling ProjectServices#findActiveProjects in RegistrationServicesImpl#getRegisteredProjects.
Finished calling ProjectServices#findActiveProjects in RegistrationServicesImpl#getRegisteredProjects.
Exits RegistrationServicesImpl#getRegisteredProjects method.
Enters RegistrationServicesImpl#getRegisteredResources.
Starts calling ProjectServices#getFullProjectData method.
Finished calling ProjectServices#getFullProjectData method.
Exits RegistrationServicesImpl#getRegisteredResources.
Enters RegistrationServicesImpl#findAvailableRegistrationPositions method.
Starts calling ProjectServices#findFullProjects method.
Finished calling ProjectServices#findFullProjects method.
Starts calling PhaseManager#getPhases method.
Finished calling PhaseManager#getPhases method.
Exists RegistrationServicesImpl#findAvailableRegistrationPositions method.
Enters RegistrationServicesImpl#getRegisteredProjects method.
Starts calling UserRetrieval#retrieveUser in RegistrationServicesImpl#getRegisteredProjects.
Finished calling UserRetrieval#retrieveUser in RegistrationServicesImpl#getRegisteredProjects.
Starts calling ProjectServices#findActiveProjects in RegistrationServicesImpl#getRegisteredProjects.
Finished calling ProjectServices#findActiveProjects in RegistrationServicesImpl#getRegisteredProjects.
Exits RegistrationServicesImpl#getRegisteredProjects method.
Enters RegistrationServicesImpl#getRegisteredResources.
Starts calling ProjectServices#getFullProjectData method.
Finished calling ProjectServices#getFullProjectData method.
Exits RegistrationServicesImpl#getRegisteredResources.
Enters RegistrationServicesImpl#findAvailableRegistrationPositions method.
Starts calling ProjectServices#findFullProjects method.
Finished calling ProjectServices#findFullProjects method.
Starts calling PhaseManager#getPhases method.
Finished calling PhaseManager#getPhases method.
Exists RegistrationServicesImpl#findAvailableRegistrationPositions method.
Enters RegistrationServicesImpl#getRegisteredProjects method.
Starts calling UserRetrieval#retrieveUser in RegistrationServicesImpl#getRegisteredProjects.
Finished calling UserRetrieval#retrieveUser in RegistrationServicesImpl#getRegisteredProjects.
Starts calling ProjectServices#findActiveProjects in RegistrationServicesImpl#getRegisteredProjects.
Finished calling ProjectServices#findActiveProjects in RegistrationServicesImpl#getRegisteredProjects.
Exits RegistrationServicesImpl#getRegisteredProjects method.
Enters RegistrationServicesImpl#getRegisteredResources.
Starts calling ProjectServices#getFullProjectData method.
Finished calling ProjectServices#getFullProjectData method.
Exits RegistrationServicesImpl#getRegisteredResources.
Enters RegistrationServicesImpl#findAvailableRegistrationPositions method.
Starts calling ProjectServices#findFullProjects method.
Finished calling ProjectServices#findFullProjects method.
Starts calling PhaseManager#getPhases method.
Finished calling PhaseManager#getPhases method.
Exists RegistrationServicesImpl#findAvailableRegistrationPositions method.
Enters RegistrationServicesImpl#getRegisteredProjects method.
Starts calling UserRetrieval#retrieveUser in RegistrationServicesImpl#getRegisteredProjects.
Finished calling UserRetrieval#retrieveUser in RegistrationServicesImpl#getRegisteredProjects.
Starts calling ProjectServices#findActiveProjects in RegistrationServicesImpl#getRegisteredProjects.
Finished calling ProjectServices#findActiveProjects in RegistrationServicesImpl#getRegisteredProjects.
Exits RegistrationServicesImpl#getRegisteredProjects method.
Enters RegistrationServicesImpl#getRegisteredResources.
Starts calling ProjectServices#getFullProjectData method.
Finished calling ProjectServices#getFullProjectData method.
Exits RegistrationServicesImpl#getRegisteredResources.
Enters RegistrationServicesImpl#findAvailableRegistrationPositions method.
Starts calling ProjectServices#findFullProjects method.
Finished calling ProjectServices#findFullProjects method.
Starts calling PhaseManager#getPhases method.
Finished calling PhaseManager#getPhases method.
Exists RegistrationServicesImpl#findAvailableRegistrationPositions method.
Enters RegistrationServicesImpl#getRegisteredProjects method.
Starts calling UserRetrieval#retrieveUser in RegistrationServicesImpl#getRegisteredProjects.
Finished calling UserRetrieval#retrieveUser in RegistrationServicesImpl#getRegisteredProjects.
Starts calling ProjectServices#findActiveProjects in RegistrationServicesImpl#getRegisteredProjects.
Finished calling ProjectServices#findActiveProjects in RegistrationServicesImpl#getRegisteredProjects.
Exits RegistrationServicesImpl#getRegisteredProjects method.
Enters RegistrationServicesImpl#getRegisteredResources.
Starts calling ProjectServices#getFullProjectData method.
Finished calling ProjectServices#getFullProjectData method.
Exits RegistrationServicesImpl#getRegisteredResources.
Enters RegistrationServicesImpl#findAvailableRegistrationPositions method.
Starts calling ProjectServices#findFullProjects method.
Finished calling ProjectServices#findFullProjects method.
Starts calling PhaseManager#getPhases method.
Finished calling PhaseManager#getPhases method.
Exists RegistrationServicesImpl#findAvailableRegistrationPositions method.
Enters RegistrationServicesImpl#getRegisteredProjects method.
Starts calling UserRetrieval#retrieveUser in RegistrationServicesImpl#getRegisteredProjects.
Finished calling UserRetrieval#retrieveUser in RegistrationServicesImpl#getRegisteredProjects.
Starts calling ProjectServices#findActiveProjects in RegistrationServicesImpl#getRegisteredProjects.
Finished calling ProjectServices#findActiveProjects in RegistrationServicesImpl#getRegisteredProjects.
Exits RegistrationServicesImpl#getRegisteredProjects method.
Enters RegistrationServicesImpl#getRegisteredResources.
Starts calling ProjectServices#getFullProjectData method.
Finished calling ProjectServices#getFullProjectData method.
Exits RegistrationServicesImpl#getRegisteredResources.
Enters RegistrationServicesImpl#findAvailableRegistrationPositions method.
Starts calling ProjectServices#findFullProjects method.
Finished calling ProjectServices#findFullProjects method.
Starts calling PhaseManager#getPhases method.
Finished calling PhaseManager#getPhases method.
Exists RegistrationServicesImpl#findAvailableRegistrationPositions method.
Enters RegistrationServicesImpl#getRegisteredProjects method.
Starts calling UserRetrieval#retrieveUser in RegistrationServicesImpl#getRegisteredProjects.
Finished calling UserRetrieval#retrieveUser in RegistrationServicesImpl#getRegisteredProjects.
Starts calling ProjectServices#findActiveProjects in RegistrationServicesImpl#getRegisteredProjects.
Finished calling ProjectServices#findActiveProjects in RegistrationServicesImpl#getRegisteredProjects.
Exits RegistrationServicesImpl#getRegisteredProjects method.
Enters RegistrationServicesImpl#getRegisteredResources.
Starts calling ProjectServices#getFullProjectData method.
Finished calling ProjectServices#getFullProjectData method.
Exits RegistrationServicesImpl#getRegisteredResources.
Enters RegistrationServicesImpl#findAvailableRegistrationPositions method.
Starts calling ProjectServices#findFullProjects method.
Finished calling ProjectServices#findFullProjects method.
Starts calling PhaseManager#getPhases method.
Finished calling PhaseManager#getPhases method.
Exists RegistrationServicesImpl#findAvailableRegistrationPositions method.
Enters RegistrationServicesImpl#getRegisteredProjects method.
Starts calling UserRetrieval#retrieveUser in RegistrationServicesImpl#getRegisteredProjects.
Finished calling UserRetrieval#retrieveUser in RegistrationServicesImpl#getRegisteredProjects.
Starts calling ProjectServices#findActiveProjects in RegistrationServicesImpl#getRegisteredProjects.
Finished calling ProjectServices#findActiveProjects in RegistrationServicesImpl#getRegisteredProjects.
Exits RegistrationServicesImpl#getRegisteredProjects method.
Enters RegistrationServicesImpl#getRegisteredResources.
Starts calling ProjectServices#getFullProjectData method.
Finished calling ProjectServices#getFullProjectData method.
Exits RegistrationServicesImpl#getRegisteredResources.
Enters RegistrationServicesImpl#findAvailableRegistrationPositions method.
Starts calling ProjectServices#findFullProjects method.
Finished calling ProjectServices#findFullProjects method.
Starts calling PhaseManager#getPhases method.
Finished calling PhaseManager#getPhases method.
Exists RegistrationServicesImpl#findAvailableRegistrationPositions method.
Enters RegistrationServicesImpl#getRegisteredProjects method.
Starts calling UserRetrieval#retrieveUser in RegistrationServicesImpl#getRegisteredProjects.
Finished calling UserRetrieval#retrieveUser in RegistrationServicesImpl#getRegisteredProjects.
Starts calling ProjectServices#findActiveProjects in RegistrationServicesImpl#getRegisteredProjects.
Finished calling ProjectServices#findActiveProjects in RegistrationServicesImpl#getRegisteredProjects.
Exits RegistrationServicesImpl#getRegisteredProjects method.
Enters RegistrationServicesImpl#getRegisteredResources.
Starts calling ProjectServices#getFullProjectData method.
Finished calling ProjectServices#getFullProjectData method.
Exits RegistrationServicesImpl#getRegisteredResources.
Enters RegistrationServicesImpl#findAvailableRegistrationPositions method.
Starts calling ProjectServices#findFullProjects method.
Finished calling ProjectServices#findFullProjects method.
Starts calling PhaseManager#getPhases method.
Finished calling PhaseManager#getPhases method.
Exists RegistrationServicesImpl#findAvailableRegistrationPositions method.
Enters RegistrationServicesImpl#getRegisteredProjects method.
Starts calling UserRetrieval#retrieveUser in RegistrationServicesImpl#getRegisteredProjects.
Finished calling UserRetrieval#retrieveUser in RegistrationServicesImpl#getRegisteredProjects.
Starts calling ProjectServices#findActiveProjects in RegistrationServicesImpl#getRegisteredProjects.
Finished calling ProjectServices#findActiveProjects in RegistrationServicesImpl#getRegisteredProjects.
Exits RegistrationServicesImpl#getRegisteredProjects method.
Enters RegistrationServicesImpl#getRegisteredResources.
Starts calling ProjectServices#getFullProjectData method.
Finished calling ProjectServices#getFullProjectData method.
Exits RegistrationServicesImpl#getRegisteredResources.
Enters RegistrationServicesImpl#findAvailableRegistrationPositions method.
Starts calling ProjectServices#findFullProjects method.
Finished calling ProjectServices#findFullProjects method.
Starts calling PhaseManager#getPhases method.
Finished calling PhaseManager#getPhases method.
Exists RegistrationServicesImpl#findAvailableRegistrationPositions method.
Enters RegistrationServicesImpl#getRegisteredProjects method.
Starts calling UserRetrieval#retrieveUser in RegistrationServicesImpl#getRegisteredProjects.
Finished calling UserRetrieval#retrieveUser in RegistrationServicesImpl#getRegisteredProjects.
Starts calling ProjectServices#findActiveProjects in RegistrationServicesImpl#getRegisteredProjects.
Finished calling ProjectServices#findActiveProjects in RegistrationServicesImpl#getRegisteredProjects.
Exits RegistrationServicesImpl#getRegisteredProjects method.
Enters RegistrationServicesImpl#getRegisteredResources.
Starts calling ProjectServices#getFullProjectData method.
Finished calling ProjectServices#getFullProjectData method.
Exits RegistrationServicesImpl#getRegisteredResources.
Enters RegistrationServicesImpl#findAvailableRegistrationPositions method.
Starts calling ProjectServices#findFullProjects method.
Finished calling ProjectServices#findFullProjects method.
Starts calling PhaseManager#getPhases method.
Finished calling PhaseManager#getPhases method.
Exists RegistrationServicesImpl#findAvailableRegistrationPositions method.
Enters RegistrationServicesImpl#getRegisteredProjects method.
Starts calling UserRetrieval#retrieveUser in RegistrationServicesImpl#getRegisteredProjects.
Finished calling UserRetrieval#retrieveUser in RegistrationServicesImpl#getRegisteredProjects.
Starts calling ProjectServices#findActiveProjects in RegistrationServicesImpl#getRegisteredProjects.
Finished calling ProjectServices#findActiveProjects in RegistrationServicesImpl#getRegisteredProjects.
Exits RegistrationServicesImpl#getRegisteredProjects method.
Enters RegistrationServicesImpl#getRegisteredResources.
Starts calling ProjectServices#getFullProjectData method.
Finished calling ProjectServices#getFullProjectData method.
Exits RegistrationServicesImpl#getRegisteredResources.
Enters RegistrationServicesImpl#findAvailableRegistrationPositions method.
Starts calling ProjectServices#findFullProjects method.
Finished calling ProjectServices#findFullProjects method.
Starts calling PhaseManager#getPhases method.
Finished calling PhaseManager#getPhases method.
Exists RegistrationServicesImpl#findAvailableRegistrationPositions method.
Enters RegistrationServicesImpl#getRegisteredProjects method.
Starts calling UserRetrieval#retrieveUser in RegistrationServicesImpl#getRegisteredProjects.
Finished calling UserRetrieval#retrieveUser in RegistrationServicesImpl#getRegisteredProjects.
Starts calling ProjectServices#findActiveProjects in RegistrationServicesImpl#getRegisteredProjects.
Finished calling ProjectServices#findActiveProjects in RegistrationServicesImpl#getRegisteredProjects.
Exits RegistrationServicesImpl#getRegisteredProjects method.
Enters RegistrationServicesImpl#getRegisteredResources.
Starts calling ProjectServices#getFullProjectData method.
Finished calling ProjectServices#getFullProjectData method.
Exits RegistrationServicesImpl#getRegisteredResources.
Enters RegistrationServicesImpl#findAvailableRegistrationPositions method.
Starts calling ProjectServices#findFullProjects method.
Finished calling ProjectServices#findFullProjects method.
Starts calling PhaseManager#getPhases method.
Finished calling PhaseManager#getPhases method.
Exists RegistrationServicesImpl#findAvailableRegistrationPositions method.
Enters RegistrationServicesImpl#getRegisteredProjects method.
Starts calling UserRetrieval#retrieveUser in RegistrationServicesImpl#getRegisteredProjects.
Finished calling UserRetrieval#retrieveUser in RegistrationServicesImpl#getRegisteredProjects.
Starts calling ProjectServices#findActiveProjects in RegistrationServicesImpl#getRegisteredProjects.
Finished calling ProjectServices#findActiveProjects in RegistrationServicesImpl#getRegisteredProjects.
Exits RegistrationServicesImpl#getRegisteredProjects method.
Enters RegistrationServicesImpl#getRegisteredResources.
Starts calling ProjectServices#getFullProjectData method.
Finished calling ProjectServices#getFullProjectData method.
Exits RegistrationServicesImpl#getRegisteredResources.
Enters RegistrationServicesImpl#findAvailableRegistrationPositions method.
Starts calling ProjectServices#findFullProjects method.
Finished calling ProjectServices#findFullProjects method.
Starts calling PhaseManager#getPhases method.
Finished calling PhaseManager#getPhases method.
Exists RegistrationServicesImpl#findAvailableRegistrationPositions method.
Enters RegistrationServicesImpl#getRegisteredProjects method.
Starts calling UserRetrieval#retrieveUser in RegistrationServicesImpl#getRegisteredProjects.
Finished calling UserRetrieval#retrieveUser in RegistrationServicesImpl#getRegisteredProjects.
Starts calling ProjectServices#findActiveProjects in RegistrationServicesImpl#getRegisteredProjects.
Finished calling ProjectServices#findActiveProjects in RegistrationServicesImpl#getRegisteredProjects.
Exits RegistrationServicesImpl#getRegisteredProjects method.
Enters RegistrationServicesImpl#getRegisteredResources.
Starts calling ProjectServices#getFullProjectData method.
Finished calling ProjectServices#getFullProjectData method.
Exits RegistrationServicesImpl#getRegisteredResources.
Enters RegistrationServicesImpl#findAvailableRegistrationPositions method.
Starts calling ProjectServices#findFullProjects method.
Finished calling ProjectServices#findFullProjects method.
Starts calling PhaseManager#getPhases method.
Finished calling PhaseManager#getPhases method.
Exists RegistrationServicesImpl#findAvailableRegistrationPositions method.
Enters RegistrationServicesImpl#getRegisteredProjects method.
Starts calling UserRetrieval#retrieveUser in RegistrationServicesImpl#getRegisteredProjects.
Finished calling UserRetrieval#retrieveUser in RegistrationServicesImpl#getRegisteredProjects.
Starts calling ProjectServices#findActiveProjects in RegistrationServicesImpl#getRegisteredProjects.
Finished calling ProjectServices#findActiveProjects in RegistrationServicesImpl#getRegisteredProjects.
Exits RegistrationServicesImpl#getRegisteredProjects method.
Enters RegistrationServicesImpl#getRegisteredResources.
Starts calling ProjectServices#getFullProjectData method.
Finished calling ProjectServices#getFullProjectData method.
Exits RegistrationServicesImpl#getRegisteredResources.
Enters RegistrationServicesImpl#findAvailableRegistrationPositions method.
Starts calling ProjectServices#findFullProjects method.
Finished calling ProjectServices#findFullProjects method.
Starts calling PhaseManager#getPhases method.
Finished calling PhaseManager#getPhases method.
Exists RegistrationServicesImpl#findAvailableRegistrationPositions method.
Enters RegistrationServicesImpl#getRegisteredProjects method.
Starts calling UserRetrieval#retrieveUser in RegistrationServicesImpl#getRegisteredProjects.
Finished calling UserRetrieval#retrieveUser in RegistrationServicesImpl#getRegisteredProjects.
Starts calling ProjectServices#findActiveProjects in RegistrationServicesImpl#getRegisteredProjects.
Finished calling ProjectServices#findActiveProjects in RegistrationServicesImpl#getRegisteredProjects.
Exits RegistrationServicesImpl#getRegisteredProjects method.
Enters RegistrationServicesImpl#getRegisteredResources.
Starts calling ProjectServices#getFullProjectData method.
Finished calling ProjectServices#getFullProjectData method.
Exits RegistrationServicesImpl#getRegisteredResources.
Enters RegistrationServicesImpl#findAvailableRegistrationPositions method.
Starts calling ProjectServices#findFullProjects method.
Finished calling ProjectServices#findFullProjects method.
Starts calling PhaseManager#getPhases method.
Finished calling PhaseManager#getPhases method.
Exists RegistrationServicesImpl#findAvailableRegistrationPositions method.
Enters RegistrationServicesImpl#getRegisteredProjects method.
Starts calling UserRetrieval#retrieveUser in RegistrationServicesImpl#getRegisteredProjects.
Finished calling UserRetrieval#retrieveUser in RegistrationServicesImpl#getRegisteredProjects.
Starts calling ProjectServices#findActiveProjects in RegistrationServicesImpl#getRegisteredProjects.
Finished calling ProjectServices#findActiveProjects in RegistrationServicesImpl#getRegisteredProjects.
Exits RegistrationServicesImpl#getRegisteredProjects method.
Enters RegistrationServicesImpl#getRegisteredResources.
Starts calling ProjectServices#getFullProjectData method.
Finished calling ProjectServices#getFullProjectData method.
Exits RegistrationServicesImpl#getRegisteredResources.
Enters RegistrationServicesImpl#findAvailableRegistrationPositions method.
Starts calling ProjectServices#findFullProjects method.
Finished calling ProjectServices#findFullProjects method.
Starts calling PhaseManager#getPhases method.
Finished calling PhaseManager#getPhases method.
Exists RegistrationServicesImpl#findAvailableRegistrationPositions method.
Enters RegistrationServicesImpl#getRegisteredProjects method.
Starts calling UserRetrieval#retrieveUser in RegistrationServicesImpl#getRegisteredProjects.
Finished calling UserRetrieval#retrieveUser in RegistrationServicesImpl#getRegisteredProjects.
Starts calling ProjectServices#findActiveProjects in RegistrationServicesImpl#getRegisteredProjects.
Finished calling ProjectServices#findActiveProjects in RegistrationServicesImpl#getRegisteredProjects.
Exits RegistrationServicesImpl#getRegisteredProjects method.
Enters RegistrationServicesImpl#getRegisteredResources.
Starts calling ProjectServices#getFullProjectData method.
Finished calling ProjectServices#getFullProjectData method.
Exits RegistrationServicesImpl#getRegisteredResources.
Enters RegistrationServicesImpl#findAvailableRegistrationPositions method.
Starts calling ProjectServices#findFullProjects method.
Finished calling ProjectServices#findFullProjects method.
Starts calling PhaseManager#getPhases method.
Finished calling PhaseManager#getPhases method.
Exists RegistrationServicesImpl#findAvailableRegistrationPositions method.
Enters RegistrationServicesImpl#getRegisteredProjects method.
Starts calling UserRetrieval#retrieveUser in RegistrationServicesImpl#getRegisteredProjects.
Finished calling UserRetrieval#retrieveUser in RegistrationServicesImpl#getRegisteredProjects.
Starts calling ProjectServices#findActiveProjects in RegistrationServicesImpl#getRegisteredProjects.
Finished calling ProjectServices#findActiveProjects in RegistrationServicesImpl#getRegisteredProjects.
Exits RegistrationServicesImpl#getRegisteredProjects method.
Enters RegistrationServicesImpl#getRegisteredResources.
Starts calling ProjectServices#getFullProjectData method.
Finished calling ProjectServices#getFullProjectData method.
Exits RegistrationServicesImpl#getRegisteredResources.
Enters RegistrationServicesImpl#findAvailableRegistrationPositions method.
Starts calling ProjectServices#findFullProjects method.
Finished calling ProjectServices#findFullProjects method.
Starts calling PhaseManager#getPhases method.
Finished calling PhaseManager#getPhases method.
Exists RegistrationServicesImpl#findAvailableRegistrationPositions method.
Enters RegistrationServicesImpl#getRegisteredProjects method.
Starts calling UserRetrieval#retrieveUser in RegistrationServicesImpl#getRegisteredProjects.
Finished calling UserRetrieval#retrieveUser in RegistrationServicesImpl#getRegisteredProjects.
Starts calling ProjectServices#findActiveProjects in RegistrationServicesImpl#getRegisteredProjects.
Finished calling ProjectServices#findActiveProjects in RegistrationServicesImpl#getRegisteredProjects.
Exits RegistrationServicesImpl#getRegisteredProjects method.
Enters RegistrationServicesImpl#getRegisteredResources.
Starts calling ProjectServices#getFullProjectData method.
Finished calling ProjectServices#getFullProjectData method.
Exits RegistrationServicesImpl#getRegisteredResources.
Enters RegistrationServicesImpl#findAvailableRegistrationPositions method.
Starts calling ProjectServices#findFullProjects method.
Finished calling ProjectServices#findFullProjects method.
Starts calling PhaseManager#getPhases method.
Finished calling PhaseManager#getPhases method.
Exists RegistrationServicesImpl#findAvailableRegistrationPositions method.
Enters RegistrationServicesImpl#getRegisteredProjects method.
Starts calling UserRetrieval#retrieveUser in RegistrationServicesImpl#getRegisteredProjects.
Finished calling UserRetrieval#retrieveUser in RegistrationServicesImpl#getRegisteredProjects.
Starts calling ProjectServices#findActiveProjects in RegistrationServicesImpl#getRegisteredProjects.
Finished calling ProjectServices#findActiveProjects in RegistrationServicesImpl#getRegisteredProjects.
Exits RegistrationServicesImpl#getRegisteredProjects method.
Enters RegistrationServicesImpl#getRegisteredResources.
Starts calling ProjectServices#getFullProjectData method.
Finished calling ProjectServices#getFullProjectData method.
Exits RegistrationServicesImpl#getRegisteredResources.
Enters RegistrationServicesImpl#findAvailableRegistrationPositions method.
Starts calling ProjectServices#findFullProjects method.
Finished calling ProjectServices#findFullProjects method.
Starts calling PhaseManager#getPhases method.
Finished calling PhaseManager#getPhases method.
Exists RegistrationServicesImpl#findAvailableRegistrationPositions method.
Enters RegistrationServicesImpl#getRegisteredProjects method.
Starts calling UserRetrieval#retrieveUser in RegistrationServicesImpl#getRegisteredProjects.
Finished calling UserRetrieval#retrieveUser in RegistrationServicesImpl#getRegisteredProjects.
Starts calling ProjectServices#findActiveProjects in RegistrationServicesImpl#getRegisteredProjects.
Finished calling ProjectServices#findActiveProjects in RegistrationServicesImpl#getRegisteredProjects.
Exits RegistrationServicesImpl#getRegisteredProjects method.
Enters RegistrationServicesImpl#getRegisteredResources.
Starts calling ProjectServices#getFullProjectData method.
Finished calling ProjectServices#getFullProjectData method.
Exits RegistrationServicesImpl#getRegisteredResources.
Enters RegistrationServicesImpl#findAvailableRegistrationPositions method.
Starts calling ProjectServices#findFullProjects method.
Finished calling ProjectServices#findFullProjects method.
Starts calling PhaseManager#getPhases method.
Finished calling PhaseManager#getPhases method.
Exists RegistrationServicesImpl#findAvailableRegistrationPositions method.
Enters RegistrationServicesImpl#getRegisteredProjects method.
Starts calling UserRetrieval#retrieveUser in RegistrationServicesImpl#getRegisteredProjects.
Finished calling UserRetrieval#retrieveUser in RegistrationServicesImpl#getRegisteredProjects.
Starts calling ProjectServices#findActiveProjects in RegistrationServicesImpl#getRegisteredProjects.
Finished calling ProjectServices#findActiveProjects in RegistrationServicesImpl#getRegisteredProjects.
Exits RegistrationServicesImpl#getRegisteredProjects method.
Enters RegistrationServicesImpl#getRegisteredResources.
Starts calling ProjectServices#getFullProjectData method.
Finished calling ProjectServices#getFullProjectData method.
Exits RegistrationServicesImpl#getRegisteredResources.
Enters RegistrationServicesImpl#findAvailableRegistrationPositions method.
Starts calling ProjectServices#findFullProjects method.
Finished calling ProjectServices#findFullProjects method.
Starts calling PhaseManager#getPhases method.
Finished calling PhaseManager#getPhases method.
Exists RegistrationServicesImpl#findAvailableRegistrationPositions method.
Enters RegistrationServicesImpl#getRegisteredProjects method.
Starts calling UserRetrieval#retrieveUser in RegistrationServicesImpl#getRegisteredProjects.
Finished calling UserRetrieval#retrieveUser in RegistrationServicesImpl#getRegisteredProjects.
Starts calling ProjectServices#findActiveProjects in RegistrationServicesImpl#getRegisteredProjects.
Finished calling ProjectServices#findActiveProjects in RegistrationServicesImpl#getRegisteredProjects.
Exits RegistrationServicesImpl#getRegisteredProjects method.
Enters RegistrationServicesImpl#getRegisteredResources.
Starts calling ProjectServices#getFullProjectData method.
Finished calling ProjectServices#getFullProjectData method.
Exits RegistrationServicesImpl#getRegisteredResources.
Enters RegistrationServicesImpl#findAvailableRegistrationPositions method.
Starts calling ProjectServices#findFullProjects method.
Finished calling ProjectServices#findFullProjects method.
Starts calling PhaseManager#getPhases method.
Finished calling PhaseManager#getPhases method.
Exists RegistrationServicesImpl#findAvailableRegistrationPositions method.
Enters RegistrationServicesImpl#getRegisteredProjects method.
Starts calling UserRetrieval#retrieveUser in RegistrationServicesImpl#getRegisteredProjects.
Finished calling UserRetrieval#retrieveUser in RegistrationServicesImpl#getRegisteredProjects.
Starts calling ProjectServices#findActiveProjects in RegistrationServicesImpl#getRegisteredProjects.
Finished calling ProjectServices#findActiveProjects in RegistrationServicesImpl#getRegisteredProjects.
Exits RegistrationServicesImpl#getRegisteredProjects method.
Enters RegistrationServicesImpl#getRegisteredResources.
Starts calling ProjectServices#getFullProjectData method.
Finished calling ProjectServices#getFullProjectData method.
Exits RegistrationServicesImpl#getRegisteredResources.
Enters RegistrationServicesImpl#findAvailableRegistrationPositions method.
Starts calling ProjectServices#findFullProjects method.
Finished calling ProjectServices#findFullProjects method.
Starts calling PhaseManager#getPhases method.
Finished calling PhaseManager#getPhases method.
Exists RegistrationServicesImpl#findAvailableRegistrationPositions method.
Enters RegistrationServicesImpl#getRegisteredProjects method.
Starts calling UserRetrieval#retrieveUser in RegistrationServicesImpl#getRegisteredProjects.
Finished calling UserRetrieval#retrieveUser in RegistrationServicesImpl#getRegisteredProjects.
Starts calling ProjectServices#findActiveProjects in RegistrationServicesImpl#getRegisteredProjects.
Finished calling ProjectServices#findActiveProjects in RegistrationServicesImpl#getRegisteredProjects.
Exits RegistrationServicesImpl#getRegisteredProjects method.
Enters RegistrationServicesImpl#getRegisteredResources.
Starts calling ProjectServices#getFullProjectData method.
Finished calling ProjectServices#getFullProjectData method.
Exits RegistrationServicesImpl#getRegisteredResources.
Enters RegistrationServicesImpl#findAvailableRegistrationPositions method.
Starts calling ProjectServices#findFullProjects method.
Finished calling ProjectServices#findFullProjects method.
Starts calling PhaseManager#getPhases method.
Finished calling PhaseManager#getPhases method.
Exists RegistrationServicesImpl#findAvailableRegistrationPositions method.
Enters RegistrationServicesImpl#getRegisteredProjects method.
Starts calling UserRetrieval#retrieveUser in RegistrationServicesImpl#getRegisteredProjects.
Finished calling UserRetrieval#retrieveUser in RegistrationServicesImpl#getRegisteredProjects.
Starts calling ProjectServices#findActiveProjects in RegistrationServicesImpl#getRegisteredProjects.
Finished calling ProjectServices#findActiveProjects in RegistrationServicesImpl#getRegisteredProjects.
Exits RegistrationServicesImpl#getRegisteredProjects method.
Enters RegistrationServicesImpl#getRegisteredResources.
Starts calling ProjectServices#getFullProjectData method.
Finished calling ProjectServices#getFullProjectData method.
Exits RegistrationServicesImpl#getRegisteredResources.
Enters RegistrationServicesImpl#findAvailableRegistrationPositions method.
Starts calling ProjectServices#findFullProjects method.
Finished calling ProjectServices#findFullProjects method.
Starts calling PhaseManager#getPhases method.
Finished calling PhaseManager#getPhases method.
Exists RegistrationServicesImpl#findAvailableRegistrationPositions method.
Enters RegistrationServicesImpl#getRegisteredProjects method.
Starts calling UserRetrieval#retrieveUser in RegistrationServicesImpl#getRegisteredProjects.
Finished calling UserRetrieval#retrieveUser in RegistrationServicesImpl#getRegisteredProjects.
Starts calling ProjectServices#findActiveProjects in RegistrationServicesImpl#getRegisteredProjects.
Finished calling ProjectServices#findActiveProjects in RegistrationServicesImpl#getRegisteredProjects.
Exits RegistrationServicesImpl#getRegisteredProjects method.
Enters RegistrationServicesImpl#getRegisteredResources.
Starts calling ProjectServices#getFullProjectData method.
Finished calling ProjectServices#getFullProjectData method.
Exits RegistrationServicesImpl#getRegisteredResources.
Enters RegistrationServicesImpl#findAvailableRegistrationPositions method.
Starts calling ProjectServices#findFullProjects method.
Finished calling ProjectServices#findFullProjects method.
Starts calling PhaseManager#getPhases method.
Finished calling PhaseManager#getPhases method.
Exists RegistrationServicesImpl#findAvailableRegistrationPositions method.
Enters RegistrationServicesImpl#getRegisteredProjects method.
Starts calling UserRetrieval#retrieveUser in RegistrationServicesImpl#getRegisteredProjects.
Finished calling UserRetrieval#retrieveUser in RegistrationServicesImpl#getRegisteredProjects.
Starts calling ProjectServices#findActiveProjects in RegistrationServicesImpl#getRegisteredProjects.
Finished calling ProjectServices#findActiveProjects in RegistrationServicesImpl#getRegisteredProjects.
Exits RegistrationServicesImpl#getRegisteredProjects method.
Enters RegistrationServicesImpl#getRegisteredResources.
Starts calling ProjectServices#getFullProjectData method.
Finished calling ProjectServices#getFullProjectData method.
Exits RegistrationServicesImpl#getRegisteredResources.
Enters RegistrationServicesImpl#findAvailableRegistrationPositions method.
Starts calling ProjectServices#findFullProjects method.
Finished calling ProjectServices#findFullProjects method.
Starts calling PhaseManager#getPhases method.
Finished calling PhaseManager#getPhases method.
Exists RegistrationServicesImpl#findAvailableRegistrationPositions method.
Enters RegistrationServicesImpl#getRegisteredProjects method.
Starts calling UserRetrieval#retrieveUser in RegistrationServicesImpl#getRegisteredProjects.
Finished calling UserRetrieval#retrieveUser in RegistrationServicesImpl#getRegisteredProjects.
Starts calling ProjectServices#findActiveProjects in RegistrationServicesImpl#getRegisteredProjects.
Finished calling ProjectServices#findActiveProjects in RegistrationServicesImpl#getRegisteredProjects.
Exits RegistrationServicesImpl#getRegisteredProjects method.
Enters RegistrationServicesImpl#getRegisteredResources.
Starts calling ProjectServices#getFullProjectData method.
Finished calling ProjectServices#getFullProjectData method.
Exits RegistrationServicesImpl#getRegisteredResources.
Enters RegistrationServicesImpl#findAvailableRegistrationPositions method.
Starts calling ProjectServices#findFullProjects method.
Finished calling ProjectServices#findFullProjects method.
Starts calling PhaseManager#getPhases method.
Finished calling PhaseManager#getPhases method.
Exists RegistrationServicesImpl#findAvailableRegistrationPositions method.
Enters RegistrationServicesImpl#getRegisteredProjects method.
Starts calling UserRetrieval#retrieveUser in RegistrationServicesImpl#getRegisteredProjects.
Finished calling UserRetrieval#retrieveUser in RegistrationServicesImpl#getRegisteredProjects.
Starts calling ProjectServices#findActiveProjects in RegistrationServicesImpl#getRegisteredProjects.
Finished calling ProjectServices#findActiveProjects in RegistrationServicesImpl#getRegisteredProjects.
Exits RegistrationServicesImpl#getRegisteredProjects method.
Enters RegistrationServicesImpl#getRegisteredResources.
Starts calling ProjectServices#getFullProjectData method.
Finished calling ProjectServices#getFullProjectData method.
Exits RegistrationServicesImpl#getRegisteredResources.
Enters RegistrationServicesImpl#findAvailableRegistrationPositions method.
Starts calling ProjectServices#findFullProjects method.
Finished calling ProjectServices#findFullProjects method.
Starts calling PhaseManager#getPhases method.
Finished calling PhaseManager#getPhases method.
Exists RegistrationServicesImpl#findAvailableRegistrationPositions method.
Enters RegistrationServicesImpl#getRegisteredProjects method.
Starts calling UserRetrieval#retrieveUser in RegistrationServicesImpl#getRegisteredProjects.
Finished calling UserRetrieval#retrieveUser in RegistrationServicesImpl#getRegisteredProjects.
Starts calling ProjectServices#findActiveProjects in RegistrationServicesImpl#getRegisteredProjects.
Finished calling ProjectServices#findActiveProjects in RegistrationServicesImpl#getRegisteredProjects.
Exits RegistrationServicesImpl#getRegisteredProjects method.
Enters RegistrationServicesImpl#getRegisteredResources.
Starts calling ProjectServices#getFullProjectData method.
Finished calling ProjectServices#getFullProjectData method.
Exits RegistrationServicesImpl#getRegisteredResources.
Enters RegistrationServicesImpl#findAvailableRegistrationPositions method.
Starts calling ProjectServices#findFullProjects method.
Finished calling ProjectServices#findFullProjects method.
Starts calling PhaseManager#getPhases method.
Finished calling PhaseManager#getPhases method.
Exists RegistrationServicesImpl#findAvailableRegistrationPositions method.
Enters RegistrationServicesImpl#getRegisteredProjects method.
Starts calling UserRetrieval#retrieveUser in RegistrationServicesImpl#getRegisteredProjects.
Finished calling UserRetrieval#retrieveUser in RegistrationServicesImpl#getRegisteredProjects.
Starts calling ProjectServices#findActiveProjects in RegistrationServicesImpl#getRegisteredProjects.
Finished calling ProjectServices#findActiveProjects in RegistrationServicesImpl#getRegisteredProjects.
Exits RegistrationServicesImpl#getRegisteredProjects method.
Enters RegistrationServicesImpl#getRegisteredResources.
Starts calling ProjectServices#getFullProjectData method.
Finished calling ProjectServices#getFullProjectData method.
Exits RegistrationServicesImpl#getRegisteredResources.
Enters RegistrationServicesImpl#findAvailableRegistrationPositions method.
Starts calling ProjectServices#findFullProjects method.
Finished calling ProjectServices#findFullProjects method.
Starts calling PhaseManager#getPhases method.
Finished calling PhaseManager#getPhases method.
Exists RegistrationServicesImpl#findAvailableRegistrationPositions method.
Enters RegistrationServicesImpl#getRegisteredProjects method.
Starts calling UserRetrieval#retrieveUser in RegistrationServicesImpl#getRegisteredProjects.
Finished calling UserRetrieval#retrieveUser in RegistrationServicesImpl#getRegisteredProjects.
Starts calling ProjectServices#findActiveProjects in RegistrationServicesImpl#getRegisteredProjects.
Finished calling ProjectServices#findActiveProjects in RegistrationServicesImpl#getRegisteredProjects.
Exits RegistrationServicesImpl#getRegisteredProjects method.
Enters RegistrationServicesImpl#getRegisteredResources.
Starts calling ProjectServices#getFullProjectData method.
Finished calling ProjectServices#getFullProjectData method.
Exits RegistrationServicesImpl#getRegisteredResources.
Enters RegistrationServicesImpl#findAvailableRegistrationPositions method.
Starts calling ProjectServices#findFullProjects method.
Finished calling ProjectServices#findFullProjects method.
Starts calling PhaseManager#getPhases method.
Finished calling PhaseManager#getPhases method.
Exists RegistrationServicesImpl#findAvailableRegistrationPositions method.
Enters RegistrationServicesImpl#getRegisteredProjects method.
Starts calling UserRetrieval#retrieveUser in RegistrationServicesImpl#getRegisteredProjects.
Finished calling UserRetrieval#retrieveUser in RegistrationServicesImpl#getRegisteredProjects.
Starts calling ProjectServices#findActiveProjects in RegistrationServicesImpl#getRegisteredProjects.
Finished calling ProjectServices#findActiveProjects in RegistrationServicesImpl#getRegisteredProjects.
Exits RegistrationServicesImpl#getRegisteredProjects method.
Enters RegistrationServicesImpl#getRegisteredResources.
Starts calling ProjectServices#getFullProjectData method.
Finished calling ProjectServices#getFullProjectData method.
Exits RegistrationServicesImpl#getRegisteredResources.
Enters RegistrationServicesImpl#findAvailableRegistrationPositions method.
Starts calling ProjectServices#findFullProjects method.
Finished calling ProjectServices#findFullProjects method.
Starts calling PhaseManager#getPhases method.
Finished calling PhaseManager#getPhases method.
Exists RegistrationServicesImpl#findAvailableRegistrationPositions method.
Enters RegistrationServicesImpl#getRegisteredProjects method.
Starts calling UserRetrieval#retrieveUser in RegistrationServicesImpl#getRegisteredProjects.
Finished calling UserRetrieval#retrieveUser in RegistrationServicesImpl#getRegisteredProjects.
Starts calling ProjectServices#findActiveProjects in RegistrationServicesImpl#getRegisteredProjects.
Finished calling ProjectServices#findActiveProjects in RegistrationServicesImpl#getRegisteredProjects.
Exits RegistrationServicesImpl#getRegisteredProjects method.
Enters RegistrationServicesImpl#getRegisteredResources.
Starts calling ProjectServices#getFullProjectData method.
Finished calling ProjectServices#getFullProjectData method.
Exits RegistrationServicesImpl#getRegisteredResources.
Enters RegistrationServicesImpl#findAvailableRegistrationPositions method.
Starts calling ProjectServices#findFullProjects method.
Finished calling ProjectServices#findFullProjects method.
Starts calling PhaseManager#getPhases method.
Finished calling PhaseManager#getPhases method.
Exists RegistrationServicesImpl#findAvailableRegistrationPositions method.
Enters RegistrationServicesImpl#getRegisteredProjects method.
Starts calling UserRetrieval#retrieveUser in RegistrationServicesImpl#getRegisteredProjects.
Finished calling UserRetrieval#retrieveUser in RegistrationServicesImpl#getRegisteredProjects.
Starts calling ProjectServices#findActiveProjects in RegistrationServicesImpl#getRegisteredProjects.
Finished calling ProjectServices#findActiveProjects in RegistrationServicesImpl#getRegisteredProjects.
Exits RegistrationServicesImpl#getRegisteredProjects method.
Enters RegistrationServicesImpl#getRegisteredResources.
Starts calling ProjectServices#getFullProjectData method.
Finished calling ProjectServices#getFullProjectData method.
Exits RegistrationServicesImpl#getRegisteredResources.
Enters RegistrationServicesImpl#findAvailableRegistrationPositions method.
Starts calling ProjectServices#findFullProjects method.
Finished calling ProjectServices#findFullProjects method.
Starts calling PhaseManager#getPhases method.
Finished calling PhaseManager#getPhases method.
Exists RegistrationServicesImpl#findAvailableRegistrationPositions method.
Enters RegistrationServicesImpl#getRegisteredProjects method.
Starts calling UserRetrieval#retrieveUser in RegistrationServicesImpl#getRegisteredProjects.
Finished calling UserRetrieval#retrieveUser in RegistrationServicesImpl#getRegisteredProjects.
Starts calling ProjectServices#findActiveProjects in RegistrationServicesImpl#getRegisteredProjects.
Finished calling ProjectServices#findActiveProjects in RegistrationServicesImpl#getRegisteredProjects.
Exits RegistrationServicesImpl#getRegisteredProjects method.
Enters RegistrationServicesImpl#getRegisteredResources.
Starts calling ProjectServices#getFullProjectData method.
Finished calling ProjectServices#getFullProjectData method.
Exits RegistrationServicesImpl#getRegisteredResources.
Enters RegistrationServicesImpl#findAvailableRegistrationPositions method.
Starts calling ProjectServices#findFullProjects method.
Finished calling ProjectServices#findFullProjects method.
Starts calling PhaseManager#getPhases method.
Finished calling PhaseManager#getPhases method.
Exists RegistrationServicesImpl#findAvailableRegistrationPositions method.
Enters RegistrationServicesImpl#getRegisteredProjects method.
Starts calling UserRetrieval#retrieveUser in RegistrationServicesImpl#getRegisteredProjects.
Finished calling UserRetrieval#retrieveUser in RegistrationServicesImpl#getRegisteredProjects.
Starts calling ProjectServices#findActiveProjects in RegistrationServicesImpl#getRegisteredProjects.
Finished calling ProjectServices#findActiveProjects in RegistrationServicesImpl#getRegisteredProjects.
Exits RegistrationServicesImpl#getRegisteredProjects method.
Enters RegistrationServicesImpl#getRegisteredResources.
Starts calling ProjectServices#getFullProjectData method.
Finished calling ProjectServices#getFullProjectData method.
Exits RegistrationServicesImpl#getRegisteredResources.
Enters RegistrationServicesImpl#findAvailableRegistrationPositions method.
Starts calling ProjectServices#findFullProjects method.
Finished calling ProjectServices#findFullProjects method.
Starts calling PhaseManager#getPhases method.
Finished calling PhaseManager#getPhases method.
Exists RegistrationServicesImpl#findAvailableRegistrationPositions method.
Enters RegistrationServicesImpl#getRegisteredProjects method.
Starts calling UserRetrieval#retrieveUser in RegistrationServicesImpl#getRegisteredProjects.
Finished calling UserRetrieval#retrieveUser in RegistrationServicesImpl#getRegisteredProjects.
Starts calling ProjectServices#findActiveProjects in RegistrationServicesImpl#getRegisteredProjects.
Finished calling ProjectServices#findActiveProjects in RegistrationServicesImpl#getRegisteredProjects.
Exits RegistrationServicesImpl#getRegisteredProjects method.
Enters RegistrationServicesImpl#getRegisteredResources.
Starts calling ProjectServices#getFullProjectData method.
Finished calling ProjectServices#getFullProjectData method.
Exits RegistrationServicesImpl#getRegisteredResources.
Enters RegistrationServicesImpl#findAvailableRegistrationPositions method.
Starts calling ProjectServices#findFullProjects method.
Finished calling ProjectServices#findFullProjects method.
Starts calling PhaseManager#getPhases method.
Finished calling PhaseManager#getPhases method.
Exists RegistrationServicesImpl#findAvailableRegistrationPositions method.
Enters RegistrationServicesImpl#getRegisteredProjects method.
Starts calling UserRetrieval#retrieveUser in RegistrationServicesImpl#getRegisteredProjects.
Finished calling UserRetrieval#retrieveUser in RegistrationServicesImpl#getRegisteredProjects.
Starts calling ProjectServices#findActiveProjects in RegistrationServicesImpl#getRegisteredProjects.
Finished calling ProjectServices#findActiveProjects in RegistrationServicesImpl#getRegisteredProjects.
Exits RegistrationServicesImpl#getRegisteredProjects method.
Enters RegistrationServicesImpl#getRegisteredResources.
Starts calling ProjectServices#getFullProjectData method.
Finished calling ProjectServices#getFullProjectData method.
Exits RegistrationServicesImpl#getRegisteredResources.
Enters RegistrationServicesImpl#findAvailableRegistrationPositions method.
Starts calling ProjectServices#findFullProjects method.
Finished calling ProjectServices#findFullProjects method.
Starts calling PhaseManager#getPhases method.
Finished calling PhaseManager#getPhases method.
Exists RegistrationServicesImpl#findAvailableRegistrationPositions method.
Enters RegistrationServicesImpl#getRegisteredProjects method.
Starts calling UserRetrieval#retrieveUser in RegistrationServicesImpl#getRegisteredProjects.
Finished calling UserRetrieval#retrieveUser in RegistrationServicesImpl#getRegisteredProjects.
Starts calling ProjectServices#findActiveProjects in RegistrationServicesImpl#getRegisteredProjects.
Finished calling ProjectServices#findActiveProjects in RegistrationServicesImpl#getRegisteredProjects.
Exits RegistrationServicesImpl#getRegisteredProjects method.
Enters RegistrationServicesImpl#getRegisteredResources.
Starts calling ProjectServices#getFullProjectData method.
Finished calling ProjectServices#getFullProjectData method.
Exits RegistrationServicesImpl#getRegisteredResources.
Enters RegistrationServicesImpl#findAvailableRegistrationPositions method.
Starts calling ProjectServices#findFullProjects method.
Finished calling ProjectServices#findFullProjects method.
Starts calling PhaseManager#getPhases method.
Finished calling PhaseManager#getPhases method.
Exists RegistrationServicesImpl#findAvailableRegistrationPositions method.
Enters RegistrationServicesImpl#getRegisteredProjects method.
Starts calling UserRetrieval#retrieveUser in RegistrationServicesImpl#getRegisteredProjects.
Finished calling UserRetrieval#retrieveUser in RegistrationServicesImpl#getRegisteredProjects.
Starts calling ProjectServices#findActiveProjects in RegistrationServicesImpl#getRegisteredProjects.
Finished calling ProjectServices#findActiveProjects in RegistrationServicesImpl#getRegisteredProjects.
Exits RegistrationServicesImpl#getRegisteredProjects method.
Enters RegistrationServicesImpl#getRegisteredResources.
Starts calling ProjectServices#getFullProjectData method.
Finished calling ProjectServices#getFullProjectData method.
Exits RegistrationServicesImpl#getRegisteredResources.
Enters RegistrationServicesImpl#findAvailableRegistrationPositions method.
Starts calling ProjectServices#findFullProjects method.
Finished calling ProjectServices#findFullProjects method.
Starts calling PhaseManager#getPhases method.
Finished calling PhaseManager#getPhases method.
Exists RegistrationServicesImpl#findAvailableRegistrationPositions method.
Enters RegistrationServicesImpl#getRegisteredProjects method.
Starts calling UserRetrieval#retrieveUser in RegistrationServicesImpl#getRegisteredProjects.
Finished calling UserRetrieval#retrieveUser in RegistrationServicesImpl#getRegisteredProjects.
Starts calling ProjectServices#findActiveProjects in RegistrationServicesImpl#getRegisteredProjects.
Finished calling ProjectServices#findActiveProjects in RegistrationServicesImpl#getRegisteredProjects.
Exits RegistrationServicesImpl#getRegisteredProjects method.
Enters RegistrationServicesImpl#getRegisteredResources.
Starts calling ProjectServices#getFullProjectData method.
Finished calling ProjectServices#getFullProjectData method.
Exits RegistrationServicesImpl#getRegisteredResources.
Enters RegistrationServicesImpl#findAvailableRegistrationPositions method.
Starts calling ProjectServices#findFullProjects method.
Finished calling ProjectServices#findFullProjects method.
Starts calling PhaseManager#getPhases method.
Finished calling PhaseManager#getPhases method.
Exists RegistrationServicesImpl#findAvailableRegistrationPositions method.
Enters RegistrationServicesImpl#getRegisteredProjects method.
Starts calling UserRetrieval#retrieveUser in RegistrationServicesImpl#getRegisteredProjects.
Finished calling UserRetrieval#retrieveUser in RegistrationServicesImpl#getRegisteredProjects.
Starts calling ProjectServices#findActiveProjects in RegistrationServicesImpl#getRegisteredProjects.
Finished calling ProjectServices#findActiveProjects in RegistrationServicesImpl#getRegisteredProjects.
Exits RegistrationServicesImpl#getRegisteredProjects method.
Enters RegistrationServicesImpl#getRegisteredResources.
Starts calling ProjectServices#getFullProjectData method.
Finished calling ProjectServices#getFullProjectData method.
Exits RegistrationServicesImpl#getRegisteredResources.
Enters RegistrationServicesImpl#findAvailableRegistrationPositions method.
Starts calling ProjectServices#findFullProjects method.
Finished calling ProjectServices#findFullProjects method.
Starts calling PhaseManager#getPhases method.
Finished calling PhaseManager#getPhases method.
Exists RegistrationServicesImpl#findAvailableRegistrationPositions method.
Enters RegistrationServicesImpl#getRegisteredProjects method.
Starts calling UserRetrieval#retrieveUser in RegistrationServicesImpl#getRegisteredProjects.
Finished calling UserRetrieval#retrieveUser in RegistrationServicesImpl#getRegisteredProjects.
Starts calling ProjectServices#findActiveProjects in RegistrationServicesImpl#getRegisteredProjects.
Finished calling ProjectServices#findActiveProjects in RegistrationServicesImpl#getRegisteredProjects.
Exits RegistrationServicesImpl#getRegisteredProjects method.
Enters RegistrationServicesImpl#getRegisteredResources.
Starts calling ProjectServices#getFullProjectData method.
Finished calling ProjectServices#getFullProjectData method.
Exits RegistrationServicesImpl#getRegisteredResources.
Enters RegistrationServicesImpl#findAvailableRegistrationPositions method.
Starts calling ProjectServices#findFullProjects method.
Finished calling ProjectServices#findFullProjects method.
Starts calling PhaseManager#getPhases method.
Finished calling PhaseManager#getPhases method.
Exists RegistrationServicesImpl#findAvailableRegistrationPositions method.
Enters RegistrationServicesImpl#getRegisteredProjects method.
Starts calling UserRetrieval#retrieveUser in RegistrationServicesImpl#getRegisteredProjects.
Finished calling UserRetrieval#retrieveUser in RegistrationServicesImpl#getRegisteredProjects.
Starts calling ProjectServices#findActiveProjects in RegistrationServicesImpl#getRegisteredProjects.
Finished calling ProjectServices#findActiveProjects in RegistrationServicesImpl#getRegisteredProjects.
Exits RegistrationServicesImpl#getRegisteredProjects method.
Enters RegistrationServicesImpl#getRegisteredResources.
Starts calling ProjectServices#getFullProjectData method.
Finished calling ProjectServices#getFullProjectData method.
Exits RegistrationServicesImpl#getRegisteredResources.
Enters RegistrationServicesImpl#findAvailableRegistrationPositions method.
Starts calling ProjectServices#findFullProjects method.
Finished calling ProjectServices#findFullProjects method.
Starts calling PhaseManager#getPhases method.
Finished calling PhaseManager#getPhases method.
Exists RegistrationServicesImpl#findAvailableRegistrationPositions method.
Enters RegistrationServicesImpl#getRegisteredProjects method.
Starts calling UserRetrieval#retrieveUser in RegistrationServicesImpl#getRegisteredProjects.
Finished calling UserRetrieval#retrieveUser in RegistrationServicesImpl#getRegisteredProjects.
Starts calling ProjectServices#findActiveProjects in RegistrationServicesImpl#getRegisteredProjects.
Finished calling ProjectServices#findActiveProjects in RegistrationServicesImpl#getRegisteredProjects.
Exits RegistrationServicesImpl#getRegisteredProjects method.
Enters RegistrationServicesImpl#getRegisteredResources.
Starts calling ProjectServices#getFullProjectData method.
Finished calling ProjectServices#getFullProjectData method.
Exits RegistrationServicesImpl#getRegisteredResources.
Enters RegistrationServicesImpl#findAvailableRegistrationPositions method.
Starts calling ProjectServices#findFullProjects method.
Finished calling ProjectServices#findFullProjects method.
Starts calling PhaseManager#getPhases method.
Finished calling PhaseManager#getPhases method.
Exists RegistrationServicesImpl#findAvailableRegistrationPositions method.
Enters RegistrationServicesImpl#getRegisteredProjects method.
Starts calling UserRetrieval#retrieveUser in RegistrationServicesImpl#getRegisteredProjects.
Finished calling UserRetrieval#retrieveUser in RegistrationServicesImpl#getRegisteredProjects.
Starts calling ProjectServices#findActiveProjects in RegistrationServicesImpl#getRegisteredProjects.
Finished calling ProjectServices#findActiveProjects in RegistrationServicesImpl#getRegisteredProjects.
Exits RegistrationServicesImpl#getRegisteredProjects method.
Enters RegistrationServicesImpl#getRegisteredResources.
Starts calling ProjectServices#getFullProjectData method.
Finished calling ProjectServices#getFullProjectData method.
Exits RegistrationServicesImpl#getRegisteredResources.
Enters RegistrationServicesImpl#findAvailableRegistrationPositions method.
Starts calling ProjectServices#findFullProjects method.
Finished calling ProjectServices#findFullProjects method.
Starts calling PhaseManager#getPhases method.
Finished calling PhaseManager#getPhases method.
Exists RegistrationServicesImpl#findAvailableRegistrationPositions method.
Enters RegistrationServicesImpl#getRegisteredProjects method.
Starts calling UserRetrieval#retrieveUser in RegistrationServicesImpl#getRegisteredProjects.
Finished calling UserRetrieval#retrieveUser in RegistrationServicesImpl#getRegisteredProjects.
Starts calling ProjectServices#findActiveProjects in RegistrationServicesImpl#getRegisteredProjects.
Finished calling ProjectServices#findActiveProjects in RegistrationServicesImpl#getRegisteredProjects.
Exits RegistrationServicesImpl#getRegisteredProjects method.
Enters RegistrationServicesImpl#getRegisteredResources.
Starts calling ProjectServices#getFullProjectData method.
Finished calling ProjectServices#getFullProjectData method.
Exits RegistrationServicesImpl#getRegisteredResources.
Enters RegistrationServicesImpl#findAvailableRegistrationPositions method.
Starts calling ProjectServices#findFullProjects method.
Finished calling ProjectServices#findFullProjects method.
Starts calling PhaseManager#getPhases method.
Finished calling PhaseManager#getPhases method.
Exists RegistrationServicesImpl#findAvailableRegistrationPositions method.
Enters RegistrationServicesImpl#getRegisteredProjects method.
Starts calling UserRetrieval#retrieveUser in RegistrationServicesImpl#getRegisteredProjects.
Finished calling UserRetrieval#retrieveUser in RegistrationServicesImpl#getRegisteredProjects.
Starts calling ProjectServices#findActiveProjects in RegistrationServicesImpl#getRegisteredProjects.
Finished calling ProjectServices#findActiveProjects in RegistrationServicesImpl#getRegisteredProjects.
Exits RegistrationServicesImpl#getRegisteredProjects method.
Enters RegistrationServicesImpl#getRegisteredResources.
Starts calling ProjectServices#getFullProjectData method.
Finished calling ProjectServices#getFullProjectData method.
Exits RegistrationServicesImpl#getRegisteredResources.
Enters RegistrationServicesImpl#findAvailableRegistrationPositions method.
Starts calling ProjectServices#findFullProjects method.
Finished calling ProjectServices#findFullProjects method.
Starts calling PhaseManager#getPhases method.
Finished calling PhaseManager#getPhases method.
Exists RegistrationServicesImpl#findAvailableRegistrationPositions method.
Enters RegistrationServicesImpl#getRegisteredProjects method.
Starts calling UserRetrieval#retrieveUser in RegistrationServicesImpl#getRegisteredProjects.
Finished calling UserRetrieval#retrieveUser in RegistrationServicesImpl#getRegisteredProjects.
Starts calling ProjectServices#findActiveProjects in RegistrationServicesImpl#getRegisteredProjects.
Finished calling ProjectServices#findActiveProjects in RegistrationServicesImpl#getRegisteredProjects.
Exits RegistrationServicesImpl#getRegisteredProjects method.
Enters RegistrationServicesImpl#getRegisteredResources.
Starts calling ProjectServices#getFullProjectData method.
Finished calling ProjectServices#getFullProjectData method.
Exits RegistrationServicesImpl#getRegisteredResources.
Enters RegistrationServicesImpl#findAvailableRegistrationPositions method.
Starts calling ProjectServices#findFullProjects method.
Finished calling ProjectServices#findFullProjects method.
Starts calling PhaseManager#getPhases method.
Finished calling PhaseManager#getPhases method.
Exists RegistrationServicesImpl#findAvailableRegistrationPositions method.
Enters RegistrationServicesImpl#getRegisteredProjects method.
Starts calling UserRetrieval#retrieveUser in RegistrationServicesImpl#getRegisteredProjects.
Finished calling UserRetrieval#retrieveUser in RegistrationServicesImpl#getRegisteredProjects.
Starts calling ProjectServices#findActiveProjects in RegistrationServicesImpl#getRegisteredProjects.
Finished calling ProjectServices#findActiveProjects in RegistrationServicesImpl#getRegisteredProjects.
Exits RegistrationServicesImpl#getRegisteredProjects method.
Enters RegistrationServicesImpl#getRegisteredResources.
Starts calling ProjectServices#getFullProjectData method.
Finished calling ProjectServices#getFullProjectData method.
Exits RegistrationServicesImpl#getRegisteredResources.
Enters RegistrationServicesImpl#findAvailableRegistrationPositions method.
Starts calling ProjectServices#findFullProjects method.
Finished calling ProjectServices#findFullProjects method.
Starts calling PhaseManager#getPhases method.
Finished calling PhaseManager#getPhases method.
Exists RegistrationServicesImpl#findAvailableRegistrationPositions method.
Enters RegistrationServicesImpl#getRegisteredProjects method.
Starts calling UserRetrieval#retrieveUser in RegistrationServicesImpl#getRegisteredProjects.
Finished calling UserRetrieval#retrieveUser in RegistrationServicesImpl#getRegisteredProjects.
Starts calling ProjectServices#findActiveProjects in RegistrationServicesImpl#getRegisteredProjects.
Finished calling ProjectServices#findActiveProjects in RegistrationServicesImpl#getRegisteredProjects.
Exits RegistrationServicesImpl#getRegisteredProjects method.
Enters RegistrationServicesImpl#getRegisteredResources.
Starts calling ProjectServices#getFullProjectData method.
Finished calling ProjectServices#getFullProjectData method.
Exits RegistrationServicesImpl#getRegisteredResources.
Enters RegistrationServicesImpl#findAvailableRegistrationPositions method.
Starts calling ProjectServices#findFullProjects method.
Finished calling ProjectServices#findFullProjects method.
Starts calling PhaseManager#getPhases method.
Finished calling PhaseManager#getPhases method.
Exists RegistrationServicesImpl#findAvailableRegistrationPositions method.
Enters RegistrationServicesImpl#getRegisteredProjects method.
Starts calling UserRetrieval#retrieveUser in RegistrationServicesImpl#getRegisteredProjects.
Finished calling UserRetrieval#retrieveUser in RegistrationServicesImpl#getRegisteredProjects.
Starts calling ProjectServices#findActiveProjects in RegistrationServicesImpl#getRegisteredProjects.
Finished calling ProjectServices#findActiveProjects in RegistrationServicesImpl#getRegisteredProjects.
Exits RegistrationServicesImpl#getRegisteredProjects method.
Enters RegistrationServicesImpl#getRegisteredResources.
Starts calling ProjectServices#getFullProjectData method.
Finished calling ProjectServices#getFullProjectData method.
Exits RegistrationServicesImpl#getRegisteredResources.
Enters RegistrationServicesImpl#findAvailableRegistrationPositions method.
Starts calling ProjectServices#findFullProjects method.
Finished calling ProjectServices#findFullProjects method.
Starts calling PhaseManager#getPhases method.
Finished calling PhaseManager#getPhases method.
Exists RegistrationServicesImpl#findAvailableRegistrationPositions method.
Enters RegistrationServicesImpl#getRegisteredProjects method.
Starts calling UserRetrieval#retrieveUser in RegistrationServicesImpl#getRegisteredProjects.
Finished calling UserRetrieval#retrieveUser in RegistrationServicesImpl#getRegisteredProjects.
Starts calling ProjectServices#findActiveProjects in RegistrationServicesImpl#getRegisteredProjects.
Finished calling ProjectServices#findActiveProjects in RegistrationServicesImpl#getRegisteredProjects.
Exits RegistrationServicesImpl#getRegisteredProjects method.
Enters RegistrationServicesImpl#getRegisteredResources.
Starts calling ProjectServices#getFullProjectData method.
Finished calling ProjectServices#getFullProjectData method.
Exits RegistrationServicesImpl#getRegisteredResources.
Enters RegistrationServicesImpl#findAvailableRegistrationPositions method.
Starts calling ProjectServices#findFullProjects method.
Finished calling ProjectServices#findFullProjects method.
Starts calling PhaseManager#getPhases method.
Finished calling PhaseManager#getPhases method.
Exists RegistrationServicesImpl#findAvailableRegistrationPositions method.
Enters RegistrationServicesImpl#getRegisteredProjects method.
Starts calling UserRetrieval#retrieveUser in RegistrationServicesImpl#getRegisteredProjects.
Finished calling UserRetrieval#retrieveUser in RegistrationServicesImpl#getRegisteredProjects.
Starts calling ProjectServices#findActiveProjects in RegistrationServicesImpl#getRegisteredProjects.
Finished calling ProjectServices#findActiveProjects in RegistrationServicesImpl#getRegisteredProjects.
Exits RegistrationServicesImpl#getRegisteredProjects method.
Enters RegistrationServicesImpl#getRegisteredResources.
Starts calling ProjectServices#getFullProjectData method.
Finished calling ProjectServices#getFullProjectData method.
Exits RegistrationServicesImpl#getRegisteredResources.
Enters RegistrationServicesImpl#findAvailableRegistrationPositions method.
Starts calling ProjectServices#findFullProjects method.
Finished calling ProjectServices#findFullProjects method.
Starts calling PhaseManager#getPhases method.
Finished calling PhaseManager#getPhases method.
Exists RegistrationServicesImpl#findAvailableRegistrationPositions method.
Enters RegistrationServicesImpl#getRegisteredProjects method.
Starts calling UserRetrieval#retrieveUser in RegistrationServicesImpl#getRegisteredProjects.
Finished calling UserRetrieval#retrieveUser in RegistrationServicesImpl#getRegisteredProjects.
Starts calling ProjectServices#findActiveProjects in RegistrationServicesImpl#getRegisteredProjects.
Finished calling ProjectServices#findActiveProjects in RegistrationServicesImpl#getRegisteredProjects.
Exits RegistrationServicesImpl#getRegisteredProjects method.
Enters RegistrationServicesImpl#getRegisteredResources.
Starts calling ProjectServices#getFullProjectData method.
Finished calling ProjectServices#getFullProjectData method.
Exits RegistrationServicesImpl#getRegisteredResources.
Enters RegistrationServicesImpl#findAvailableRegistrationPositions method.
Starts calling ProjectServices#findFullProjects method.
Finished calling ProjectServices#findFullProjects method.
Starts calling PhaseManager#getPhases method.
Finished calling PhaseManager#getPhases method.
Exists RegistrationServicesImpl#findAvailableRegistrationPositions method.
Enters RegistrationServicesImpl#getRegisteredProjects method.
Starts calling UserRetrieval#retrieveUser in RegistrationServicesImpl#getRegisteredProjects.
Finished calling UserRetrieval#retrieveUser in RegistrationServicesImpl#getRegisteredProjects.
Starts calling ProjectServices#findActiveProjects in RegistrationServicesImpl#getRegisteredProjects.
Finished calling ProjectServices#findActiveProjects in RegistrationServicesImpl#getRegisteredProjects.
Exits RegistrationServicesImpl#getRegisteredProjects method.
Enters RegistrationServicesImpl#getRegisteredResources.
Starts calling ProjectServices#getFullProjectData method.
Finished calling ProjectServices#getFullProjectData method.
Exits RegistrationServicesImpl#getRegisteredResources.
Enters RegistrationServicesImpl#findAvailableRegistrationPositions method.
Starts calling ProjectServices#findFullProjects method.
Finished calling ProjectServices#findFullProjects method.
Starts calling PhaseManager#getPhases method.
Finished calling PhaseManager#getPhases method.
Exists RegistrationServicesImpl#findAvailableRegistrationPositions method.
Enters RegistrationServicesImpl#getRegisteredProjects method.
Starts calling UserRetrieval#retrieveUser in RegistrationServicesImpl#getRegisteredProjects.
Finished calling UserRetrieval#retrieveUser in RegistrationServicesImpl#getRegisteredProjects.
Starts calling ProjectServices#findActiveProjects in RegistrationServicesImpl#getRegisteredProjects.
Finished calling ProjectServices#findActiveProjects in RegistrationServicesImpl#getRegisteredProjects.
Exits RegistrationServicesImpl#getRegisteredProjects method.
Enters RegistrationServicesImpl#getRegisteredResources.
Starts calling ProjectServices#getFullProjectData method.
Finished calling ProjectServices#getFullProjectData method.
Exits RegistrationServicesImpl#getRegisteredResources.
Enters RegistrationServicesImpl#findAvailableRegistrationPositions method.
Starts calling ProjectServices#findFullProjects method.
Finished calling ProjectServices#findFullProjects method.
Starts calling PhaseManager#getPhases method.
Finished calling PhaseManager#getPhases method.
Exists RegistrationServicesImpl#findAvailableRegistrationPositions method.
Enters RegistrationServicesImpl#getRegisteredProjects method.
Starts calling UserRetrieval#retrieveUser in RegistrationServicesImpl#getRegisteredProjects.
Finished calling UserRetrieval#retrieveUser in RegistrationServicesImpl#getRegisteredProjects.
Starts calling ProjectServices#findActiveProjects in RegistrationServicesImpl#getRegisteredProjects.
Finished calling ProjectServices#findActiveProjects in RegistrationServicesImpl#getRegisteredProjects.
Exits RegistrationServicesImpl#getRegisteredProjects method.
Enters RegistrationServicesImpl#getRegisteredResources.
Starts calling ProjectServices#getFullProjectData method.
Finished calling ProjectServices#getFullProjectData method.
Exits RegistrationServicesImpl#getRegisteredResources.
Enters RegistrationServicesImpl#findAvailableRegistrationPositions method.
Starts calling ProjectServices#findFullProjects method.
Finished calling ProjectServices#findFullProjects method.
Starts calling PhaseManager#getPhases method.
Finished calling PhaseManager#getPhases method.
Exists RegistrationServicesImpl#findAvailableRegistrationPositions method.
Enters RegistrationServicesImpl#getRegisteredProjects method.
Starts calling UserRetrieval#retrieveUser in RegistrationServicesImpl#getRegisteredProjects.
Finished calling UserRetrieval#retrieveUser in RegistrationServicesImpl#getRegisteredProjects.
Starts calling ProjectServices#findActiveProjects in RegistrationServicesImpl#getRegisteredProjects.
Finished calling ProjectServices#findActiveProjects in RegistrationServicesImpl#getRegisteredProjects.
Exits RegistrationServicesImpl#getRegisteredProjects method.
Enters RegistrationServicesImpl#getRegisteredResources.
Starts calling ProjectServices#getFullProjectData method.
Finished calling ProjectServices#getFullProjectData method.
Exits RegistrationServicesImpl#getRegisteredResources.
Enters RegistrationServicesImpl#findAvailableRegistrationPositions method.
Starts calling ProjectServices#findFullProjects method.
Finished calling ProjectServices#findFullProjects method.
Starts calling PhaseManager#getPhases method.
Finished calling PhaseManager#getPhases method.
Exists RegistrationServicesImpl#findAvailableRegistrationPositions method.
Enters RegistrationServicesImpl#getRegisteredProjects method.
Starts calling UserRetrieval#retrieveUser in RegistrationServicesImpl#getRegisteredProjects.
Finished calling UserRetrieval#retrieveUser in RegistrationServicesImpl#getRegisteredProjects.
Starts calling ProjectServices#findActiveProjects in RegistrationServicesImpl#getRegisteredProjects.
Finished calling ProjectServices#findActiveProjects in RegistrationServicesImpl#getRegisteredProjects.
Exits RegistrationServicesImpl#getRegisteredProjects method.
Enters RegistrationServicesImpl#getRegisteredResources.
Starts calling ProjectServices#getFullProjectData method.
Finished calling ProjectServices#getFullProjectData method.
Exits RegistrationServicesImpl#getRegisteredResources.
Enters RegistrationServicesImpl#findAvailableRegistrationPositions method.
Starts calling ProjectServices#findFullProjects method.
Finished calling ProjectServices#findFullProjects method.
Starts calling PhaseManager#getPhases method.
Finished calling PhaseManager#getPhases method.
Exists RegistrationServicesImpl#findAvailableRegistrationPositions method.
Enters RegistrationServicesImpl#getRegisteredProjects method.
Starts calling UserRetrieval#retrieveUser in RegistrationServicesImpl#getRegisteredProjects.
Finished calling UserRetrieval#retrieveUser in RegistrationServicesImpl#getRegisteredProjects.
Starts calling ProjectServices#findActiveProjects in RegistrationServicesImpl#getRegisteredProjects.
Finished calling ProjectServices#findActiveProjects in RegistrationServicesImpl#getRegisteredProjects.
Exits RegistrationServicesImpl#getRegisteredProjects method.
Enters RegistrationServicesImpl#getRegisteredResources.
Starts calling ProjectServices#getFullProjectData method.
Finished calling ProjectServices#getFullProjectData method.
Exits RegistrationServicesImpl#getRegisteredResources.
Enters RegistrationServicesImpl#findAvailableRegistrationPositions method.
Starts calling ProjectServices#findFullProjects method.
Finished calling ProjectServices#findFullProjects method.
Starts calling PhaseManager#getPhases method.
Finished calling PhaseManager#getPhases method.
Exists RegistrationServicesImpl#findAvailableRegistrationPositions method.
Enters RegistrationServicesImpl#getRegisteredProjects method.
Starts calling UserRetrieval#retrieveUser in RegistrationServicesImpl#getRegisteredProjects.
Finished calling UserRetrieval#retrieveUser in RegistrationServicesImpl#getRegisteredProjects.
Starts calling ProjectServices#findActiveProjects in RegistrationServicesImpl#getRegisteredProjects.
Finished calling ProjectServices#findActiveProjects in RegistrationServicesImpl#getRegisteredProjects.
Exits RegistrationServicesImpl#getRegisteredProjects method.
Enters RegistrationServicesImpl#getRegisteredResources.
Starts calling ProjectServices#getFullProjectData method.
Finished calling ProjectServices#getFullProjectData method.
Exits RegistrationServicesImpl#getRegisteredResources.
Enters RegistrationServicesImpl#findAvailableRegistrationPositions method.
Starts calling ProjectServices#findFullProjects method.
Finished calling ProjectServices#findFullProjects method.
Starts calling PhaseManager#getPhases method.
Finished calling PhaseManager#getPhases method.
Exists RegistrationServicesImpl#findAvailableRegistrationPositions method.
Enters RegistrationServicesImpl#getRegisteredProjects method.
Starts calling UserRetrieval#retrieveUser in RegistrationServicesImpl#getRegisteredProjects.
Finished calling UserRetrieval#retrieveUser in RegistrationServicesImpl#getRegisteredProjects.
Starts calling ProjectServices#findActiveProjects in RegistrationServicesImpl#getRegisteredProjects.
Finished calling ProjectServices#findActiveProjects in RegistrationServicesImpl#getRegisteredProjects.
Exits RegistrationServicesImpl#getRegisteredProjects method.
Enters RegistrationServicesImpl#getRegisteredResources.
Starts calling ProjectServices#getFullProjectData method.
Finished calling ProjectServices#getFullProjectData method.
Exits RegistrationServicesImpl#getRegisteredResources.
Enters RegistrationServicesImpl#findAvailableRegistrationPositions method.
Starts calling ProjectServices#findFullProjects method.
Finished calling ProjectServices#findFullProjects method.
Starts calling PhaseManager#getPhases method.
Finished calling PhaseManager#getPhases method.
Exists RegistrationServicesImpl#findAvailableRegistrationPositions method.
Enters RegistrationServicesImpl#getRegisteredProjects method.
Starts calling UserRetrieval#retrieveUser in RegistrationServicesImpl#getRegisteredProjects.
Finished calling UserRetrieval#retrieveUser in RegistrationServicesImpl#getRegisteredProjects.
Starts calling ProjectServices#findActiveProjects in RegistrationServicesImpl#getRegisteredProjects.
Finished calling ProjectServices#findActiveProjects in RegistrationServicesImpl#getRegisteredProjects.
Exits RegistrationServicesImpl#getRegisteredProjects method.
Enters RegistrationServicesImpl#getRegisteredResources.
Starts calling ProjectServices#getFullProjectData method.
Finished calling ProjectServices#getFullProjectData method.
Exits RegistrationServicesImpl#getRegisteredResources.
Enters RegistrationServicesImpl#findAvailableRegistrationPositions method.
Starts calling ProjectServices#findFullProjects method.
Finished calling ProjectServices#findFullProjects method.
Starts calling PhaseManager#getPhases method.
Finished calling PhaseManager#getPhases method.
Exists RegistrationServicesImpl#findAvailableRegistrationPositions method.
Enters RegistrationServicesImpl#getRegisteredProjects method.
Starts calling UserRetrieval#retrieveUser in RegistrationServicesImpl#getRegisteredProjects.
Finished calling UserRetrieval#retrieveUser in RegistrationServicesImpl#getRegisteredProjects.
Starts calling ProjectServices#findActiveProjects in RegistrationServicesImpl#getRegisteredProjects.
Finished calling ProjectServices#findActiveProjects in RegistrationServicesImpl#getRegisteredProjects.
Exits RegistrationServicesImpl#getRegisteredProjects method.
Enters RegistrationServicesImpl#getRegisteredResources.
Starts calling ProjectServices#getFullProjectData method.
Finished calling ProjectServices#getFullProjectData method.
Exits RegistrationServicesImpl#getRegisteredResources.
Enters RegistrationServicesImpl#findAvailableRegistrationPositions method.
Starts calling ProjectServices#findFullProjects method.
Finished calling ProjectServices#findFullProjects method.
Starts calling PhaseManager#getPhases method.
Finished calling PhaseManager#getPhases method.
Exists RegistrationServicesImpl#findAvailableRegistrationPositions method.
Enters RegistrationServicesImpl#getRegisteredProjects method.
Starts calling UserRetrieval#retrieveUser in RegistrationServicesImpl#getRegisteredProjects.
Finished calling UserRetrieval#retrieveUser in RegistrationServicesImpl#getRegisteredProjects.
Starts calling ProjectServices#findActiveProjects in RegistrationServicesImpl#getRegisteredProjects.
Finished calling ProjectServices#findActiveProjects in RegistrationServicesImpl#getRegisteredProjects.
Exits RegistrationServicesImpl#getRegisteredProjects method.
Enters RegistrationServicesImpl#getRegisteredResources.
Starts calling ProjectServices#getFullProjectData method.
Finished calling ProjectServices#getFullProjectData method.
Exits RegistrationServicesImpl#getRegisteredResources.
Enters RegistrationServicesImpl#findAvailableRegistrationPositions method.
Starts calling ProjectServices#findFullProjects method.
Finished calling ProjectServices#findFullProjects method.
Starts calling PhaseManager#getPhases method.
Finished calling PhaseManager#getPhases method.
Exists RegistrationServicesImpl#findAvailableRegistrationPositions method.
Enters RegistrationServicesImpl#getRegisteredProjects method.
Starts calling UserRetrieval#retrieveUser in RegistrationServicesImpl#getRegisteredProjects.
Finished calling UserRetrieval#retrieveUser in RegistrationServicesImpl#getRegisteredProjects.
Starts calling ProjectServices#findActiveProjects in RegistrationServicesImpl#getRegisteredProjects.
Finished calling ProjectServices#findActiveProjects in RegistrationServicesImpl#getRegisteredProjects.
Exits RegistrationServicesImpl#getRegisteredProjects method.
Enters RegistrationServicesImpl#getRegisteredResources.
Starts calling ProjectServices#getFullProjectData method.
Finished calling ProjectServices#getFullProjectData method.
Exits RegistrationServicesImpl#getRegisteredResources.
Enters RegistrationServicesImpl#findAvailableRegistrationPositions method.
Starts calling ProjectServices#findFullProjects method.
Finished calling ProjectServices#findFullProjects method.
Starts calling PhaseManager#getPhases method.
Finished calling PhaseManager#getPhases method.
Exists RegistrationServicesImpl#findAvailableRegistrationPositions method.
Enters RegistrationServicesImpl#getRegisteredProjects method.
Starts calling UserRetrieval#retrieveUser in RegistrationServicesImpl#getRegisteredProjects.
Finished calling UserRetrieval#retrieveUser in RegistrationServicesImpl#getRegisteredProjects.
Starts calling ProjectServices#findActiveProjects in RegistrationServicesImpl#getRegisteredProjects.
Finished calling ProjectServices#findActiveProjects in RegistrationServicesImpl#getRegisteredProjects.
Exits RegistrationServicesImpl#getRegisteredProjects method.
Enters RegistrationServicesImpl#getRegisteredResources.
Starts calling ProjectServices#getFullProjectData method.
Finished calling ProjectServices#getFullProjectData method.
Exits RegistrationServicesImpl#getRegisteredResources.
Enters RegistrationServicesImpl#findAvailableRegistrationPositions method.
Starts calling ProjectServices#findFullProjects method.
Finished calling ProjectServices#findFullProjects method.
Starts calling PhaseManager#getPhases method.
Finished calling PhaseManager#getPhases method.
Exists RegistrationServicesImpl#findAvailableRegistrationPositions method.
Enters RegistrationServicesImpl#getRegisteredProjects method.
Starts calling UserRetrieval#retrieveUser in RegistrationServicesImpl#getRegisteredProjects.
Finished calling UserRetrieval#retrieveUser in RegistrationServicesImpl#getRegisteredProjects.
Starts calling ProjectServices#findActiveProjects in RegistrationServicesImpl#getRegisteredProjects.
Finished calling ProjectServices#findActiveProjects in RegistrationServicesImpl#getRegisteredProjects.
Exits RegistrationServicesImpl#getRegisteredProjects method.
Enters RegistrationServicesImpl#getRegisteredResources.
Starts calling ProjectServices#getFullProjectData method.
Finished calling ProjectServices#getFullProjectData method.
Exits RegistrationServicesImpl#getRegisteredResources.
Enters RegistrationServicesImpl#findAvailableRegistrationPositions method.
Starts calling ProjectServices#findFullProjects method.
Finished calling ProjectServices#findFullProjects method.
Starts calling PhaseManager#getPhases method.
Finished calling PhaseManager#getPhases method.
Exists RegistrationServicesImpl#findAvailableRegistrationPositions method.
Enters RegistrationServicesImpl#getRegisteredProjects method.
Starts calling UserRetrieval#retrieveUser in RegistrationServicesImpl#getRegisteredProjects.
Finished calling UserRetrieval#retrieveUser in RegistrationServicesImpl#getRegisteredProjects.
Starts calling ProjectServices#findActiveProjects in RegistrationServicesImpl#getRegisteredProjects.
Finished calling ProjectServices#findActiveProjects in RegistrationServicesImpl#getRegisteredProjects.
Exits RegistrationServicesImpl#getRegisteredProjects method.
Enters RegistrationServicesImpl#getRegisteredResources.
Starts calling ProjectServices#getFullProjectData method.
Finished calling ProjectServices#getFullProjectData method.
Exits RegistrationServicesImpl#getRegisteredResources.
Enters RegistrationServicesImpl#findAvailableRegistrationPositions method.
Starts calling ProjectServices#findFullProjects method.
Finished calling ProjectServices#findFullProjects method.
Starts calling PhaseManager#getPhases method.
Finished calling PhaseManager#getPhases method.
Exists RegistrationServicesImpl#findAvailableRegistrationPositions method.
Enters RegistrationServicesImpl#getRegisteredProjects method.
Starts calling UserRetrieval#retrieveUser in RegistrationServicesImpl#getRegisteredProjects.
Finished calling UserRetrieval#retrieveUser in RegistrationServicesImpl#getRegisteredProjects.
Starts calling ProjectServices#findActiveProjects in RegistrationServicesImpl#getRegisteredProjects.
Finished calling ProjectServices#findActiveProjects in RegistrationServicesImpl#getRegisteredProjects.
Exits RegistrationServicesImpl#getRegisteredProjects method.
Enters RegistrationServicesImpl#getRegisteredResources.
Starts calling ProjectServices#getFullProjectData method.
Finished calling ProjectServices#getFullProjectData method.
Exits RegistrationServicesImpl#getRegisteredResources.
Enters RegistrationServicesImpl#findAvailableRegistrationPositions method.
Starts calling ProjectServices#findFullProjects method.
Finished calling ProjectServices#findFullProjects method.
Starts calling PhaseManager#getPhases method.
Finished calling PhaseManager#getPhases method.
Exists RegistrationServicesImpl#findAvailableRegistrationPositions method.
Enters RegistrationServicesImpl#getRegisteredProjects method.
Starts calling UserRetrieval#retrieveUser in RegistrationServicesImpl#getRegisteredProjects.
Finished calling UserRetrieval#retrieveUser in RegistrationServicesImpl#getRegisteredProjects.
Starts calling ProjectServices#findActiveProjects in RegistrationServicesImpl#getRegisteredProjects.
Finished calling ProjectServices#findActiveProjects in RegistrationServicesImpl#getRegisteredProjects.
Exits RegistrationServicesImpl#getRegisteredProjects method.
Enters RegistrationServicesImpl#getRegisteredResources.
Starts calling ProjectServices#getFullProjectData method.
Finished calling ProjectServices#getFullProjectData method.
Exits RegistrationServicesImpl#getRegisteredResources.
Enters RegistrationServicesImpl#findAvailableRegistrationPositions method.
Starts calling ProjectServices#findFullProjects method.
Finished calling ProjectServices#findFullProjects method.
Starts calling PhaseManager#getPhases method.
Finished calling PhaseManager#getPhases method.
Exists RegistrationServicesImpl#findAvailableRegistrationPositions method.
Enters RegistrationServicesImpl#getRegisteredProjects method.
Starts calling UserRetrieval#retrieveUser in RegistrationServicesImpl#getRegisteredProjects.
Finished calling UserRetrieval#retrieveUser in RegistrationServicesImpl#getRegisteredProjects.
Starts calling ProjectServices#findActiveProjects in RegistrationServicesImpl#getRegisteredProjects.
Finished calling ProjectServices#findActiveProjects in RegistrationServicesImpl#getRegisteredProjects.
Exits RegistrationServicesImpl#getRegisteredProjects method.
Enters RegistrationServicesImpl#getRegisteredResources.
Starts calling ProjectServices#getFullProjectData method.
Finished calling ProjectServices#getFullProjectData method.
Exits RegistrationServicesImpl#getRegisteredResources.
Enters RegistrationServicesImpl#findAvailableRegistrationPositions method.
Starts calling ProjectServices#findFullProjects method.
Finished calling ProjectServices#findFullProjects method.
Starts calling PhaseManager#getPhases method.
Finished calling PhaseManager#getPhases method.
Exists RegistrationServicesImpl#findAvailableRegistrationPositions method.
Enters RegistrationServicesImpl#getRegisteredProjects method.
Starts calling UserRetrieval#retrieveUser in RegistrationServicesImpl#getRegisteredProjects.
Finished calling UserRetrieval#retrieveUser in RegistrationServicesImpl#getRegisteredProjects.
Starts calling ProjectServices#findActiveProjects in RegistrationServicesImpl#getRegisteredProjects.
Finished calling ProjectServices#findActiveProjects in RegistrationServicesImpl#getRegisteredProjects.
Exits RegistrationServicesImpl#getRegisteredProjects method.
Enters RegistrationServicesImpl#getRegisteredResources.
Starts calling ProjectServices#getFullProjectData method.
Finished calling ProjectServices#getFullProjectData method.
Exits RegistrationServicesImpl#getRegisteredResources.
Enters RegistrationServicesImpl#findAvailableRegistrationPositions method.
Starts calling ProjectServices#findFullProjects method.
Finished calling ProjectServices#findFullProjects method.
Starts calling PhaseManager#getPhases method.
Finished calling PhaseManager#getPhases method.
Exists RegistrationServicesImpl#findAvailableRegistrationPositions method.
Enters RegistrationServicesImpl#getRegisteredProjects method.
Starts calling UserRetrieval#retrieveUser in RegistrationServicesImpl#getRegisteredProjects.
Finished calling UserRetrieval#retrieveUser in RegistrationServicesImpl#getRegisteredProjects.
Starts calling ProjectServices#findActiveProjects in RegistrationServicesImpl#getRegisteredProjects.
Finished calling ProjectServices#findActiveProjects in RegistrationServicesImpl#getRegisteredProjects.
Exits RegistrationServicesImpl#getRegisteredProjects method.
Enters RegistrationServicesImpl#getRegisteredResources.
Starts calling ProjectServices#getFullProjectData method.
Finished calling ProjectServices#getFullProjectData method.
Exits RegistrationServicesImpl#getRegisteredResources.
Enters RegistrationServicesImpl#findAvailableRegistrationPositions method.
Starts calling ProjectServices#findFullProjects method.
Finished calling ProjectServices#findFullProjects method.
Starts calling PhaseManager#getPhases method.
Finished calling PhaseManager#getPhases method.
Exists RegistrationServicesImpl#findAvailableRegistrationPositions method.
Enters RegistrationServicesImpl#getRegisteredProjects method.
Starts calling UserRetrieval#retrieveUser in RegistrationServicesImpl#getRegisteredProjects.
Finished calling UserRetrieval#retrieveUser in RegistrationServicesImpl#getRegisteredProjects.
Starts calling ProjectServices#findActiveProjects in RegistrationServicesImpl#getRegisteredProjects.
Finished calling ProjectServices#findActiveProjects in RegistrationServicesImpl#getRegisteredProjects.
Exits RegistrationServicesImpl#getRegisteredProjects method.
Enters RegistrationServicesImpl#getRegisteredResources.
Starts calling ProjectServices#getFullProjectData method.
Finished calling ProjectServices#getFullProjectData method.
Exits RegistrationServicesImpl#getRegisteredResources.
Enters RegistrationServicesImpl#findAvailableRegistrationPositions method.
Starts calling ProjectServices#findFullProjects method.
Finished calling ProjectServices#findFullProjects method.
Starts calling PhaseManager#getPhases method.
Finished calling PhaseManager#getPhases method.
Exists RegistrationServicesImpl#findAvailableRegistrationPositions method.
Enters RegistrationServicesImpl#getRegisteredProjects method.
Starts calling UserRetrieval#retrieveUser in RegistrationServicesImpl#getRegisteredProjects.
Finished calling UserRetrieval#retrieveUser in RegistrationServicesImpl#getRegisteredProjects.
Starts calling ProjectServices#findActiveProjects in RegistrationServicesImpl#getRegisteredProjects.
Finished calling ProjectServices#findActiveProjects in RegistrationServicesImpl#getRegisteredProjects.
Exits RegistrationServicesImpl#getRegisteredProjects method.
Enters RegistrationServicesImpl#getRegisteredResources.
Starts calling ProjectServices#getFullProjectData method.
Finished calling ProjectServices#getFullProjectData method.
Exits RegistrationServicesImpl#getRegisteredResources.
Enters RegistrationServicesImpl#findAvailableRegistrationPositions method.
Starts calling ProjectServices#findFullProjects method.
Finished calling ProjectServices#findFullProjects method.
Starts calling PhaseManager#getPhases method.
Finished calling PhaseManager#getPhases method.
Exists RegistrationServicesImpl#findAvailableRegistrationPositions method.
Enters RegistrationServicesImpl#getRegisteredProjects method.
Starts calling UserRetrieval#retrieveUser in RegistrationServicesImpl#getRegisteredProjects.
Finished calling UserRetrieval#retrieveUser in RegistrationServicesImpl#getRegisteredProjects.
Starts calling ProjectServices#findActiveProjects in RegistrationServicesImpl#getRegisteredProjects.
Finished calling ProjectServices#findActiveProjects in RegistrationServicesImpl#getRegisteredProjects.
Exits RegistrationServicesImpl#getRegisteredProjects method.
Enters RegistrationServicesImpl#getRegisteredResources.
Starts calling ProjectServices#getFullProjectData method.
Finished calling ProjectServices#getFullProjectData method.
Exits RegistrationServicesImpl#getRegisteredResources.
Enters RegistrationServicesImpl#findAvailableRegistrationPositions method.
Starts calling ProjectServices#findFullProjects method.
Finished calling ProjectServices#findFullProjects method.
Starts calling PhaseManager#getPhases method.
Finished calling PhaseManager#getPhases method.
Exists RegistrationServicesImpl#findAvailableRegistrationPositions method.
Enters RegistrationServicesImpl#getRegisteredProjects method.
Starts calling UserRetrieval#retrieveUser in RegistrationServicesImpl#getRegisteredProjects.
Finished calling UserRetrieval#retrieveUser in RegistrationServicesImpl#getRegisteredProjects.
Starts calling ProjectServices#findActiveProjects in RegistrationServicesImpl#getRegisteredProjects.
Finished calling ProjectServices#findActiveProjects in RegistrationServicesImpl#getRegisteredProjects.
Exits RegistrationServicesImpl#getRegisteredProjects method.
Enters RegistrationServicesImpl#getRegisteredResources.
Starts calling ProjectServices#getFullProjectData method.
Finished calling ProjectServices#getFullProjectData method.
Exits RegistrationServicesImpl#getRegisteredResources.
Enters RegistrationServicesImpl#findAvailableRegistrationPositions method.
Starts calling ProjectServices#findFullProjects method.
Finished calling ProjectServices#findFullProjects method.
Starts calling PhaseManager#getPhases method.
Finished calling PhaseManager#getPhases method.
Exists RegistrationServicesImpl#findAvailableRegistrationPositions method.
Enters RegistrationServicesImpl#getRegisteredProjects method.
Starts calling UserRetrieval#retrieveUser in RegistrationServicesImpl#getRegisteredProjects.
Finished calling UserRetrieval#retrieveUser in RegistrationServicesImpl#getRegisteredProjects.
Starts calling ProjectServices#findActiveProjects in RegistrationServicesImpl#getRegisteredProjects.
Finished calling ProjectServices#findActiveProjects in RegistrationServicesImpl#getRegisteredProjects.
Exits RegistrationServicesImpl#getRegisteredProjects method.
Enters RegistrationServicesImpl#getRegisteredResources.
Starts calling ProjectServices#getFullProjectData method.
Finished calling ProjectServices#getFullProjectData method.
Exits RegistrationServicesImpl#getRegisteredResources.
Enters RegistrationServicesImpl#findAvailableRegistrationPositions method.
Starts calling ProjectServices#findFullProjects method.
Finished calling ProjectServices#findFullProjects method.
Starts calling PhaseManager#getPhases method.
Finished calling PhaseManager#getPhases method.
Exists RegistrationServicesImpl#findAvailableRegistrationPositions method.
Enters RegistrationServicesImpl#getRegisteredProjects method.
Starts calling UserRetrieval#retrieveUser in RegistrationServicesImpl#getRegisteredProjects.
Finished calling UserRetrieval#retrieveUser in RegistrationServicesImpl#getRegisteredProjects.
Starts calling ProjectServices#findActiveProjects in RegistrationServicesImpl#getRegisteredProjects.
Finished calling ProjectServices#findActiveProjects in RegistrationServicesImpl#getRegisteredProjects.
Exits RegistrationServicesImpl#getRegisteredProjects method.
Enters RegistrationServicesImpl#getRegisteredResources.
Starts calling ProjectServices#getFullProjectData method.
Finished calling ProjectServices#getFullProjectData method.
Exits RegistrationServicesImpl#getRegisteredResources.
Enters RegistrationServicesImpl#findAvailableRegistrationPositions method.
Starts calling ProjectServices#findFullProjects method.
Finished calling ProjectServices#findFullProjects method.
Starts calling PhaseManager#getPhases method.
Finished calling PhaseManager#getPhases method.
Exists RegistrationServicesImpl#findAvailableRegistrationPositions method.
Enters RegistrationServicesImpl#getRegisteredProjects method.
Starts calling UserRetrieval#retrieveUser in RegistrationServicesImpl#getRegisteredProjects.
Finished calling UserRetrieval#retrieveUser in RegistrationServicesImpl#getRegisteredProjects.
Starts calling ProjectServices#findActiveProjects in RegistrationServicesImpl#getRegisteredProjects.
Finished calling ProjectServices#findActiveProjects in RegistrationServicesImpl#getRegisteredProjects.
Exits RegistrationServicesImpl#getRegisteredProjects method.
Enters RegistrationServicesImpl#getRegisteredResources.
Starts calling ProjectServices#getFullProjectData method.
Finished calling ProjectServices#getFullProjectData method.
Exits RegistrationServicesImpl#getRegisteredResources.
Enters RegistrationServicesImpl#findAvailableRegistrationPositions method.
Starts calling ProjectServices#findFullProjects method.
Finished calling ProjectServices#findFullProjects method.
Starts calling PhaseManager#getPhases method.
Finished calling PhaseManager#getPhases method.
Exists RegistrationServicesImpl#findAvailableRegistrationPositions method.
Enters RegistrationServicesImpl#getRegisteredProjects method.
Starts calling UserRetrieval#retrieveUser in RegistrationServicesImpl#getRegisteredProjects.
Finished calling UserRetrieval#retrieveUser in RegistrationServicesImpl#getRegisteredProjects.
Starts calling ProjectServices#findActiveProjects in RegistrationServicesImpl#getRegisteredProjects.
Finished calling ProjectServices#findActiveProjects in RegistrationServicesImpl#getRegisteredProjects.
Exits RegistrationServicesImpl#getRegisteredProjects method.
Enters RegistrationServicesImpl#getRegisteredResources.
Starts calling ProjectServices#getFullProjectData method.
Finished calling ProjectServices#getFullProjectData method.
Exits RegistrationServicesImpl#getRegisteredResources.
Enters RegistrationServicesImpl#findAvailableRegistrationPositions method.
Starts calling ProjectServices#findFullProjects method.
Finished calling ProjectServices#findFullProjects method.
Starts calling PhaseManager#getPhases method.
Finished calling PhaseManager#getPhases method.
Exists RegistrationServicesImpl#findAvailableRegistrationPositions method.
Enters RegistrationServicesImpl#getRegisteredProjects method.
Starts calling UserRetrieval#retrieveUser in RegistrationServicesImpl#getRegisteredProjects.
Finished calling UserRetrieval#retrieveUser in RegistrationServicesImpl#getRegisteredProjects.
Starts calling ProjectServices#findActiveProjects in RegistrationServicesImpl#getRegisteredProjects.
Finished calling ProjectServices#findActiveProjects in RegistrationServicesImpl#getRegisteredProjects.
Exits RegistrationServicesImpl#getRegisteredProjects method.
Enters RegistrationServicesImpl#getRegisteredResources.
Starts calling ProjectServices#getFullProjectData method.
Finished calling ProjectServices#getFullProjectData method.
Exits RegistrationServicesImpl#getRegisteredResources.
Enters RegistrationServicesImpl#findAvailableRegistrationPositions method.
Starts calling ProjectServices#findFullProjects method.
Finished calling ProjectServices#findFullProjects method.
Starts calling PhaseManager#getPhases method.
Finished calling PhaseManager#getPhases method.
Exists RegistrationServicesImpl#findAvailableRegistrationPositions method.
Enters RegistrationServicesImpl#getRegisteredProjects method.
Starts calling UserRetrieval#retrieveUser in RegistrationServicesImpl#getRegisteredProjects.
Finished calling UserRetrieval#retrieveUser in RegistrationServicesImpl#getRegisteredProjects.
Starts calling ProjectServices#findActiveProjects in RegistrationServicesImpl#getRegisteredProjects.
Finished calling ProjectServices#findActiveProjects in RegistrationServicesImpl#getRegisteredProjects.
Exits RegistrationServicesImpl#getRegisteredProjects method.
Enters RegistrationServicesImpl#getRegisteredResources.
Starts calling ProjectServices#getFullProjectData method.
Finished calling ProjectServices#getFullProjectData method.
Exits RegistrationServicesImpl#getRegisteredResources.
Enters RegistrationServicesImpl#findAvailableRegistrationPositions method.
Starts calling ProjectServices#findFullProjects method.
Finished calling ProjectServices#findFullProjects method.
Starts calling PhaseManager#getPhases method.
Finished calling PhaseManager#getPhases method.
Exists RegistrationServicesImpl#findAvailableRegistrationPositions method.
Enters RegistrationServicesImpl#getRegisteredProjects method.
Starts calling UserRetrieval#retrieveUser in RegistrationServicesImpl#getRegisteredProjects.
Finished calling UserRetrieval#retrieveUser in RegistrationServicesImpl#getRegisteredProjects.
Starts calling ProjectServices#findActiveProjects in RegistrationServicesImpl#getRegisteredProjects.
Finished calling ProjectServices#findActiveProjects in RegistrationServicesImpl#getRegisteredProjects.
Exits RegistrationServicesImpl#getRegisteredProjects method.
Enters RegistrationServicesImpl#getRegisteredResources.
Starts calling ProjectServices#getFullProjectData method.
Finished calling ProjectServices#getFullProjectData method.
Exits RegistrationServicesImpl#getRegisteredResources.
Enters RegistrationServicesImpl#findAvailableRegistrationPositions method.
Starts calling ProjectServices#findFullProjects method.
Finished calling ProjectServices#findFullProjects method.
Starts calling PhaseManager#getPhases method.
Finished calling PhaseManager#getPhases method.
Exists RegistrationServicesImpl#findAvailableRegistrationPositions method.
Enters RegistrationServicesImpl#getRegisteredProjects method.
Starts calling UserRetrieval#retrieveUser in RegistrationServicesImpl#getRegisteredProjects.
Finished calling UserRetrieval#retrieveUser in RegistrationServicesImpl#getRegisteredProjects.
Starts calling ProjectServices#findActiveProjects in RegistrationServicesImpl#getRegisteredProjects.
Finished calling ProjectServices#findActiveProjects in RegistrationServicesImpl#getRegisteredProjects.
Exits RegistrationServicesImpl#getRegisteredProjects method.
Enters RegistrationServicesImpl#getRegisteredResources.
Starts calling ProjectServices#getFullProjectData method.
Finished calling ProjectServices#getFullProjectData method.
Exits RegistrationServicesImpl#getRegisteredResources.
Enters RegistrationServicesImpl#findAvailableRegistrationPositions method.
Starts calling ProjectServices#findFullProjects method.
Finished calling ProjectServices#findFullProjects method.
Starts calling PhaseManager#getPhases method.
Finished calling PhaseManager#getPhases method.
Exists RegistrationServicesImpl#findAvailableRegistrationPositions method.
Enters RegistrationServicesImpl#getRegisteredProjects method.
Starts calling UserRetrieval#retrieveUser in RegistrationServicesImpl#getRegisteredProjects.
Finished calling UserRetrieval#retrieveUser in RegistrationServicesImpl#getRegisteredProjects.
Starts calling ProjectServices#findActiveProjects in RegistrationServicesImpl#getRegisteredProjects.
Finished calling ProjectServices#findActiveProjects in RegistrationServicesImpl#getRegisteredProjects.
Exits RegistrationServicesImpl#getRegisteredProjects method.
Enters RegistrationServicesImpl#getRegisteredResources.
Starts calling ProjectServices#getFullProjectData method.
Finished calling ProjectServices#getFullProjectData method.
Exits RegistrationServicesImpl#getRegisteredResources.
Enters RegistrationServicesImpl#findAvailableRegistrationPositions method.
Starts calling ProjectServices#findFullProjects method.
Finished calling ProjectServices#findFullProjects method.
Starts calling PhaseManager#getPhases method.
Finished calling PhaseManager#getPhases method.
Exists RegistrationServicesImpl#findAvailableRegistrationPositions method.
Enters RegistrationServicesImpl#getRegisteredProjects method.
Starts calling UserRetrieval#retrieveUser in RegistrationServicesImpl#getRegisteredProjects.
Finished calling UserRetrieval#retrieveUser in RegistrationServicesImpl#getRegisteredProjects.
Starts calling ProjectServices#findActiveProjects in RegistrationServicesImpl#getRegisteredProjects.
Finished calling ProjectServices#findActiveProjects in RegistrationServicesImpl#getRegisteredProjects.
Exits RegistrationServicesImpl#getRegisteredProjects method.
Enters RegistrationServicesImpl#getRegisteredResources.
Starts calling ProjectServices#getFullProjectData method.
Finished calling ProjectServices#getFullProjectData method.
Exits RegistrationServicesImpl#getRegisteredResources.
Enters RegistrationServicesImpl#findAvailableRegistrationPositions method.
Starts calling ProjectServices#findFullProjects method.
Finished calling ProjectServices#findFullProjects method.
Starts calling PhaseManager#getPhases method.
Finished calling PhaseManager#getPhases method.
Exists RegistrationServicesImpl#findAvailableRegistrationPositions method.
Enters RegistrationServicesImpl#getRegisteredProjects method.
Starts calling UserRetrieval#retrieveUser in RegistrationServicesImpl#getRegisteredProjects.
Finished calling UserRetrieval#retrieveUser in RegistrationServicesImpl#getRegisteredProjects.
Starts calling ProjectServices#findActiveProjects in RegistrationServicesImpl#getRegisteredProjects.
Finished calling ProjectServices#findActiveProjects in RegistrationServicesImpl#getRegisteredProjects.
Exits RegistrationServicesImpl#getRegisteredProjects method.
Enters RegistrationServicesImpl#getRegisteredResources.
Starts calling ProjectServices#getFullProjectData method.
Finished calling ProjectServices#getFullProjectData method.
Exits RegistrationServicesImpl#getRegisteredResources.
Enters RegistrationServicesImpl#findAvailableRegistrationPositions method.
Starts calling ProjectServices#findFullProjects method.
Finished calling ProjectServices#findFullProjects method.
Starts calling PhaseManager#getPhases method.
Finished calling PhaseManager#getPhases method.
Exists RegistrationServicesImpl#findAvailableRegistrationPositions method.
Enters RegistrationServicesImpl#getRegisteredProjects method.
Starts calling UserRetrieval#retrieveUser in RegistrationServicesImpl#getRegisteredProjects.
Finished calling UserRetrieval#retrieveUser in RegistrationServicesImpl#getRegisteredProjects.
Starts calling ProjectServices#findActiveProjects in RegistrationServicesImpl#getRegisteredProjects.
Finished calling ProjectServices#findActiveProjects in RegistrationServicesImpl#getRegisteredProjects.
Exits RegistrationServicesImpl#getRegisteredProjects method.
Enters RegistrationServicesImpl#getRegisteredResources.
Starts calling ProjectServices#getFullProjectData method.
Finished calling ProjectServices#getFullProjectData method.
Exits RegistrationServicesImpl#getRegisteredResources.
Enters RegistrationServicesImpl#findAvailableRegistrationPositions method.
Starts calling ProjectServices#findFullProjects method.
Finished calling ProjectServices#findFullProjects method.
Starts calling PhaseManager#getPhases method.
Finished calling PhaseManager#getPhases method.
Exists RegistrationServicesImpl#findAvailableRegistrationPositions method.
Enters RegistrationServicesImpl#getRegisteredProjects method.
Starts calling UserRetrieval#retrieveUser in RegistrationServicesImpl#getRegisteredProjects.
Finished calling UserRetrieval#retrieveUser in RegistrationServicesImpl#getRegisteredProjects.
Starts calling ProjectServices#findActiveProjects in RegistrationServicesImpl#getRegisteredProjects.
Finished calling ProjectServices#findActiveProjects in RegistrationServicesImpl#getRegisteredProjects.
Exits RegistrationServicesImpl#getRegisteredProjects method.
Enters RegistrationServicesImpl#getRegisteredResources.
Starts calling ProjectServices#getFullProjectData method.
Finished calling ProjectServices#getFullProjectData method.
Exits RegistrationServicesImpl#getRegisteredResources.
Enters RegistrationServicesImpl#findAvailableRegistrationPositions method.
Starts calling ProjectServices#findFullProjects method.
Finished calling ProjectServices#findFullProjects method.
Starts calling PhaseManager#getPhases method.
Finished calling PhaseManager#getPhases method.
Exists RegistrationServicesImpl#findAvailableRegistrationPositions method.
Enters RegistrationServicesImpl#getRegisteredProjects method.
Starts calling UserRetrieval#retrieveUser in RegistrationServicesImpl#getRegisteredProjects.
Finished calling UserRetrieval#retrieveUser in RegistrationServicesImpl#getRegisteredProjects.
Starts calling ProjectServices#findActiveProjects in RegistrationServicesImpl#getRegisteredProjects.
Finished calling ProjectServices#findActiveProjects in RegistrationServicesImpl#getRegisteredProjects.
Exits RegistrationServicesImpl#getRegisteredProjects method.
Enters RegistrationServicesImpl#getRegisteredResources.
Starts calling ProjectServices#getFullProjectData method.
Finished calling ProjectServices#getFullProjectData method.
Exits RegistrationServicesImpl#getRegisteredResources.
Enters RegistrationServicesImpl#findAvailableRegistrationPositions method.
Starts calling ProjectServices#findFullProjects method.
Finished calling ProjectServices#findFullProjects method.
Starts calling PhaseManager#getPhases method.
Finished calling PhaseManager#getPhases method.
Exists RegistrationServicesImpl#findAvailableRegistrationPositions method.
Enters RegistrationServicesImpl#getRegisteredProjects method.
Starts calling UserRetrieval#retrieveUser in RegistrationServicesImpl#getRegisteredProjects.
Finished calling UserRetrieval#retrieveUser in RegistrationServicesImpl#getRegisteredProjects.
Starts calling ProjectServices#findActiveProjects in RegistrationServicesImpl#getRegisteredProjects.
Finished calling ProjectServices#findActiveProjects in RegistrationServicesImpl#getRegisteredProjects.
Exits RegistrationServicesImpl#getRegisteredProjects method.
Enters RegistrationServicesImpl#getRegisteredResources.
Starts calling ProjectServices#getFullProjectData method.
Finished calling ProjectServices#getFullProjectData method.
Exits RegistrationServicesImpl#getRegisteredResources.
Enters RegistrationServicesImpl#findAvailableRegistrationPositions method.
Starts calling ProjectServices#findFullProjects method.
Finished calling ProjectServices#findFullProjects method.
Starts calling PhaseManager#getPhases method.
Finished calling PhaseManager#getPhases method.
Exists RegistrationServicesImpl#findAvailableRegistrationPositions method.
Enters RegistrationServicesImpl#getRegisteredProjects method.
Starts calling UserRetrieval#retrieveUser in RegistrationServicesImpl#getRegisteredProjects.
Finished calling UserRetrieval#retrieveUser in RegistrationServicesImpl#getRegisteredProjects.
Starts calling ProjectServices#findActiveProjects in RegistrationServicesImpl#getRegisteredProjects.
Finished calling ProjectServices#findActiveProjects in RegistrationServicesImpl#getRegisteredProjects.
Exits RegistrationServicesImpl#getRegisteredProjects method.
Enters RegistrationServicesImpl#getRegisteredResources.
Starts calling ProjectServices#getFullProjectData method.
Finished calling ProjectServices#getFullProjectData method.
Exits RegistrationServicesImpl#getRegisteredResources.
Enters RegistrationServicesImpl#findAvailableRegistrationPositions method.
Starts calling ProjectServices#findFullProjects method.
Finished calling ProjectServices#findFullProjects method.
Starts calling PhaseManager#getPhases method.
Finished calling PhaseManager#getPhases method.
Exists RegistrationServicesImpl#findAvailableRegistrationPositions method.
Enters RegistrationServicesImpl#getRegisteredProjects method.
Starts calling UserRetrieval#retrieveUser in RegistrationServicesImpl#getRegisteredProjects.
Finished calling UserRetrieval#retrieveUser in RegistrationServicesImpl#getRegisteredProjects.
Starts calling ProjectServices#findActiveProjects in RegistrationServicesImpl#getRegisteredProjects.
Finished calling ProjectServices#findActiveProjects in RegistrationServicesImpl#getRegisteredProjects.
Exits RegistrationServicesImpl#getRegisteredProjects method.
Enters RegistrationServicesImpl#getRegisteredResources.
Starts calling ProjectServices#getFullProjectData method.
Finished calling ProjectServices#getFullProjectData method.
Exits RegistrationServicesImpl#getRegisteredResources.
Enters RegistrationServicesImpl#findAvailableRegistrationPositions method.
Starts calling ProjectServices#findFullProjects method.
Finished calling ProjectServices#findFullProjects method.
Starts calling PhaseManager#getPhases method.
Finished calling PhaseManager#getPhases method.
Exists RegistrationServicesImpl#findAvailableRegistrationPositions method.
Enters RegistrationServicesImpl#getRegisteredProjects method.
Starts calling UserRetrieval#retrieveUser in RegistrationServicesImpl#getRegisteredProjects.
Finished calling UserRetrieval#retrieveUser in RegistrationServicesImpl#getRegisteredProjects.
Starts calling ProjectServices#findActiveProjects in RegistrationServicesImpl#getRegisteredProjects.
Finished calling ProjectServices#findActiveProjects in RegistrationServicesImpl#getRegisteredProjects.
Exits RegistrationServicesImpl#getRegisteredProjects method.
Enters RegistrationServicesImpl#getRegisteredResources.
Starts calling ProjectServices#getFullProjectData method.
Finished calling ProjectServices#getFullProjectData method.
Exits RegistrationServicesImpl#getRegisteredResources.
Enters RegistrationServicesImpl#findAvailableRegistrationPositions method.
Starts calling ProjectServices#findFullProjects method.
Finished calling ProjectServices#findFullProjects method.
Starts calling PhaseManager#getPhases method.
Finished calling PhaseManager#getPhases method.
Exists RegistrationServicesImpl#findAvailableRegistrationPositions method.
Enters RegistrationServicesImpl#getRegisteredProjects method.
Starts calling UserRetrieval#retrieveUser in RegistrationServicesImpl#getRegisteredProjects.
Finished calling UserRetrieval#retrieveUser in RegistrationServicesImpl#getRegisteredProjects.
Starts calling ProjectServices#findActiveProjects in RegistrationServicesImpl#getRegisteredProjects.
Finished calling ProjectServices#findActiveProjects in RegistrationServicesImpl#getRegisteredProjects.
Exits RegistrationServicesImpl#getRegisteredProjects method.
Enters RegistrationServicesImpl#getRegisteredResources.
Starts calling ProjectServices#getFullProjectData method.
Finished calling ProjectServices#getFullProjectData method.
Exits RegistrationServicesImpl#getRegisteredResources.
Enters RegistrationServicesImpl#findAvailableRegistrationPositions method.
Starts calling ProjectServices#findFullProjects method.
Finished calling ProjectServices#findFullProjects method.
Starts calling PhaseManager#getPhases method.
Finished calling PhaseManager#getPhases method.
Exists RegistrationServicesImpl#findAvailableRegistrationPositions method.
Enters RegistrationServicesImpl#getRegisteredProjects method.
Starts calling UserRetrieval#retrieveUser in RegistrationServicesImpl#getRegisteredProjects.
Finished calling UserRetrieval#retrieveUser in RegistrationServicesImpl#getRegisteredProjects.
Starts calling ProjectServices#findActiveProjects in RegistrationServicesImpl#getRegisteredProjects.
Finished calling ProjectServices#findActiveProjects in RegistrationServicesImpl#getRegisteredProjects.
Exits RegistrationServicesImpl#getRegisteredProjects method.
Enters RegistrationServicesImpl#getRegisteredResources.
Starts calling ProjectServices#getFullProjectData method.
Finished calling ProjectServices#getFullProjectData method.
Exits RegistrationServicesImpl#getRegisteredResources.
Enters RegistrationServicesImpl#findAvailableRegistrationPositions method.
Starts calling ProjectServices#findFullProjects method.
Finished calling ProjectServices#findFullProjects method.
Starts calling PhaseManager#getPhases method.
Finished calling PhaseManager#getPhases method.
Exists RegistrationServicesImpl#findAvailableRegistrationPositions method.
Enters RegistrationServicesImpl#getRegisteredProjects method.
Starts calling UserRetrieval#retrieveUser in RegistrationServicesImpl#getRegisteredProjects.
Finished calling UserRetrieval#retrieveUser in RegistrationServicesImpl#getRegisteredProjects.
Starts calling ProjectServices#findActiveProjects in RegistrationServicesImpl#getRegisteredProjects.
Finished calling ProjectServices#findActiveProjects in RegistrationServicesImpl#getRegisteredProjects.
Exits RegistrationServicesImpl#getRegisteredProjects method.
Enters RegistrationServicesImpl#getRegisteredResources.
Starts calling ProjectServices#getFullProjectData method.
Finished calling ProjectServices#getFullProjectData method.
Exits RegistrationServicesImpl#getRegisteredResources.
Enters RegistrationServicesImpl#findAvailableRegistrationPositions method.
Starts calling ProjectServices#findFullProjects method.
Finished calling ProjectServices#findFullProjects method.
Starts calling PhaseManager#getPhases method.
Finished calling PhaseManager#getPhases method.
Exists RegistrationServicesImpl#findAvailableRegistrationPositions method.
Enters RegistrationServicesImpl#getRegisteredProjects method.
Starts calling UserRetrieval#retrieveUser in RegistrationServicesImpl#getRegisteredProjects.
Finished calling UserRetrieval#retrieveUser in RegistrationServicesImpl#getRegisteredProjects.
Starts calling ProjectServices#findActiveProjects in RegistrationServicesImpl#getRegisteredProjects.
Finished calling ProjectServices#findActiveProjects in RegistrationServicesImpl#getRegisteredProjects.
Exits RegistrationServicesImpl#getRegisteredProjects method.
Enters RegistrationServicesImpl#getRegisteredResources.
Starts calling ProjectServices#getFullProjectData method.
Finished calling ProjectServices#getFullProjectData method.
Exits RegistrationServicesImpl#getRegisteredResources.
Enters RegistrationServicesImpl#findAvailableRegistrationPositions method.
Starts calling ProjectServices#findFullProjects method.
Finished calling ProjectServices#findFullProjects method.
Starts calling PhaseManager#getPhases method.
Finished calling PhaseManager#getPhases method.
Exists RegistrationServicesImpl#findAvailableRegistrationPositions method.
Enters RegistrationServicesImpl#getRegisteredProjects method.
Starts calling UserRetrieval#retrieveUser in RegistrationServicesImpl#getRegisteredProjects.
Finished calling UserRetrieval#retrieveUser in RegistrationServicesImpl#getRegisteredProjects.
Starts calling ProjectServices#findActiveProjects in RegistrationServicesImpl#getRegisteredProjects.
Finished calling ProjectServices#findActiveProjects in RegistrationServicesImpl#getRegisteredProjects.
Exits RegistrationServicesImpl#getRegisteredProjects method.
Enters RegistrationServicesImpl#getRegisteredResources.
Starts calling ProjectServices#getFullProjectData method.
Finished calling ProjectServices#getFullProjectData method.
Exits RegistrationServicesImpl#getRegisteredResources.
Enters RegistrationServicesImpl#findAvailableRegistrationPositions method.
Starts calling ProjectServices#findFullProjects method.
Finished calling ProjectServices#findFullProjects method.
Starts calling PhaseManager#getPhases method.
Finished calling PhaseManager#getPhases method.
Exists RegistrationServicesImpl#findAvailableRegistrationPositions method.
Enters RegistrationServicesImpl#getRegisteredProjects method.
Starts calling UserRetrieval#retrieveUser in RegistrationServicesImpl#getRegisteredProjects.
Finished calling UserRetrieval#retrieveUser in RegistrationServicesImpl#getRegisteredProjects.
Starts calling ProjectServices#findActiveProjects in RegistrationServicesImpl#getRegisteredProjects.
Finished calling ProjectServices#findActiveProjects in RegistrationServicesImpl#getRegisteredProjects.
Exits RegistrationServicesImpl#getRegisteredProjects method.
Enters RegistrationServicesImpl#getRegisteredResources.
Starts calling ProjectServices#getFullProjectData method.
Finished calling ProjectServices#getFullProjectData method.
Exits RegistrationServicesImpl#getRegisteredResources.
Enters RegistrationServicesImpl#findAvailableRegistrationPositions method.
Starts calling ProjectServices#findFullProjects method.
Finished calling ProjectServices#findFullProjects method.
Starts calling PhaseManager#getPhases method.
Finished calling PhaseManager#getPhases method.
Exists RegistrationServicesImpl#findAvailableRegistrationPositions method.
Enters RegistrationServicesImpl#getRegisteredProjects method.
Starts calling UserRetrieval#retrieveUser in RegistrationServicesImpl#getRegisteredProjects.
Finished calling UserRetrieval#retrieveUser in RegistrationServicesImpl#getRegisteredProjects.
Starts calling ProjectServices#findActiveProjects in RegistrationServicesImpl#getRegisteredProjects.
Finished calling ProjectServices#findActiveProjects in RegistrationServicesImpl#getRegisteredProjects.
Exits RegistrationServicesImpl#getRegisteredProjects method.
Enters RegistrationServicesImpl#getRegisteredResources.
Starts calling ProjectServices#getFullProjectData method.
Finished calling ProjectServices#getFullProjectData method.
Exits RegistrationServicesImpl#getRegisteredResources.
Enters RegistrationServicesImpl#findAvailableRegistrationPositions method.
Starts calling ProjectServices#findFullProjects method.
Finished calling ProjectServices#findFullProjects method.
Starts calling PhaseManager#getPhases method.
Finished calling PhaseManager#getPhases method.
Exists RegistrationServicesImpl#findAvailableRegistrationPositions method.
Enters RegistrationServicesImpl#getRegisteredProjects method.
Starts calling UserRetrieval#retrieveUser in RegistrationServicesImpl#getRegisteredProjects.
Finished calling UserRetrieval#retrieveUser in RegistrationServicesImpl#getRegisteredProjects.
Starts calling ProjectServices#findActiveProjects in RegistrationServicesImpl#getRegisteredProjects.
Finished calling ProjectServices#findActiveProjects in RegistrationServicesImpl#getRegisteredProjects.
Exits RegistrationServicesImpl#getRegisteredProjects method.
Enters RegistrationServicesImpl#getRegisteredResources.
Starts calling ProjectServices#getFullProjectData method.
Finished calling ProjectServices#getFullProjectData method.
Exits RegistrationServicesImpl#getRegisteredResources.
Enters RegistrationServicesImpl#findAvailableRegistrationPositions method.
Starts calling ProjectServices#findFullProjects method.
Finished calling ProjectServices#findFullProjects method.
Starts calling PhaseManager#getPhases method.
Finished calling PhaseManager#getPhases method.
Exists RegistrationServicesImpl#findAvailableRegistrationPositions method.
Enters RegistrationServicesImpl#getRegisteredProjects method.
Starts calling UserRetrieval#retrieveUser in RegistrationServicesImpl#getRegisteredProjects.
Finished calling UserRetrieval#retrieveUser in RegistrationServicesImpl#getRegisteredProjects.
Starts calling ProjectServices#findActiveProjects in RegistrationServicesImpl#getRegisteredProjects.
Finished calling ProjectServices#findActiveProjects in RegistrationServicesImpl#getRegisteredProjects.
Exits RegistrationServicesImpl#getRegisteredProjects method.
Enters RegistrationServicesImpl#getRegisteredResources.
Starts calling ProjectServices#getFullProjectData method.
Finished calling ProjectServices#getFullProjectData method.
Exits RegistrationServicesImpl#getRegisteredResources.
Enters RegistrationServicesImpl#findAvailableRegistrationPositions method.
Starts calling ProjectServices#findFullProjects method.
Finished calling ProjectServices#findFullProjects method.
Starts calling PhaseManager#getPhases method.
Finished calling PhaseManager#getPhases method.
Exists RegistrationServicesImpl#findAvailableRegistrationPositions method.
Enters RegistrationServicesImpl#getRegisteredProjects method.
Starts calling UserRetrieval#retrieveUser in RegistrationServicesImpl#getRegisteredProjects.
Finished calling UserRetrieval#retrieveUser in RegistrationServicesImpl#getRegisteredProjects.
Starts calling ProjectServices#findActiveProjects in RegistrationServicesImpl#getRegisteredProjects.
Finished calling ProjectServices#findActiveProjects in RegistrationServicesImpl#getRegisteredProjects.
Exits RegistrationServicesImpl#getRegisteredProjects method.
Enters RegistrationServicesImpl#getRegisteredResources.
Starts calling ProjectServices#getFullProjectData method.
Finished calling ProjectServices#getFullProjectData method.
Exits RegistrationServicesImpl#getRegisteredResources.
Enters RegistrationServicesImpl#findAvailableRegistrationPositions method.
Starts calling ProjectServices#findFullProjects method.
Finished calling ProjectServices#findFullProjects method.
Starts calling PhaseManager#getPhases method.
Finished calling PhaseManager#getPhases method.
Exists RegistrationServicesImpl#findAvailableRegistrationPositions method.
Enters RegistrationServicesImpl#getRegisteredProjects method.
Starts calling UserRetrieval#retrieveUser in RegistrationServicesImpl#getRegisteredProjects.
Finished calling UserRetrieval#retrieveUser in RegistrationServicesImpl#getRegisteredProjects.
Starts calling ProjectServices#findActiveProjects in RegistrationServicesImpl#getRegisteredProjects.
Finished calling ProjectServices#findActiveProjects in RegistrationServicesImpl#getRegisteredProjects.
Exits RegistrationServicesImpl#getRegisteredProjects method.
Enters RegistrationServicesImpl#getRegisteredResources.
Starts calling ProjectServices#getFullProjectData method.
Finished calling ProjectServices#getFullProjectData method.
Exits RegistrationServicesImpl#getRegisteredResources.
Enters RegistrationServicesImpl#findAvailableRegistrationPositions method.
Starts calling ProjectServices#findFullProjects method.
Finished calling ProjectServices#findFullProjects method.
Starts calling PhaseManager#getPhases method.
Finished calling PhaseManager#getPhases method.
Exists RegistrationServicesImpl#findAvailableRegistrationPositions method.
Enters RegistrationServicesImpl#getRegisteredProjects method.
Starts calling UserRetrieval#retrieveUser in RegistrationServicesImpl#getRegisteredProjects.
Finished calling UserRetrieval#retrieveUser in RegistrationServicesImpl#getRegisteredProjects.
Starts calling ProjectServices#findActiveProjects in RegistrationServicesImpl#getRegisteredProjects.
Finished calling ProjectServices#findActiveProjects in RegistrationServicesImpl#getRegisteredProjects.
Exits RegistrationServicesImpl#getRegisteredProjects method.
Enters RegistrationServicesImpl#getRegisteredResources.
Starts calling ProjectServices#getFullProjectData method.
Finished calling ProjectServices#getFullProjectData method.
Exits RegistrationServicesImpl#getRegisteredResources.
Enters RegistrationServicesImpl#findAvailableRegistrationPositions method.
Starts calling ProjectServices#findFullProjects method.
Finished calling ProjectServices#findFullProjects method.
Starts calling PhaseManager#getPhases method.
Finished calling PhaseManager#getPhases method.
Exists RegistrationServicesImpl#findAvailableRegistrationPositions method.
Enters RegistrationServicesImpl#getRegisteredProjects method.
Starts calling UserRetrieval#retrieveUser in RegistrationServicesImpl#getRegisteredProjects.
Finished calling UserRetrieval#retrieveUser in RegistrationServicesImpl#getRegisteredProjects.
Starts calling ProjectServices#findActiveProjects in RegistrationServicesImpl#getRegisteredProjects.
Finished calling ProjectServices#findActiveProjects in RegistrationServicesImpl#getRegisteredProjects.
Exits RegistrationServicesImpl#getRegisteredProjects method.
Enters RegistrationServicesImpl#getRegisteredResources.
Starts calling ProjectServices#getFullProjectData method.
Finished calling ProjectServices#getFullProjectData method.
Exits RegistrationServicesImpl#getRegisteredResources.
Enters RegistrationServicesImpl#findAvailableRegistrationPositions method.
Starts calling ProjectServices#findFullProjects method.
Finished calling ProjectServices#findFullProjects method.
Starts calling PhaseManager#getPhases method.
Finished calling PhaseManager#getPhases method.
Exists RegistrationServicesImpl#findAvailableRegistrationPositions method.
Enters RegistrationServicesImpl#getRegisteredProjects method.
Starts calling UserRetrieval#retrieveUser in RegistrationServicesImpl#getRegisteredProjects.
Finished calling UserRetrieval#retrieveUser in RegistrationServicesImpl#getRegisteredProjects.
Starts calling ProjectServices#findActiveProjects in RegistrationServicesImpl#getRegisteredProjects.
Finished calling ProjectServices#findActiveProjects in RegistrationServicesImpl#getRegisteredProjects.
Exits RegistrationServicesImpl#getRegisteredProjects method.
Enters RegistrationServicesImpl#getRegisteredResources.
Starts calling ProjectServices#getFullProjectData method.
Finished calling ProjectServices#getFullProjectData method.
Exits RegistrationServicesImpl#getRegisteredResources.
Enters RegistrationServicesImpl#findAvailableRegistrationPositions method.
Starts calling ProjectServices#findFullProjects method.
Finished calling ProjectServices#findFullProjects method.
Starts calling PhaseManager#getPhases method.
Finished calling PhaseManager#getPhases method.
Exists RegistrationServicesImpl#findAvailableRegistrationPositions method.
Enters RegistrationServicesImpl#getRegisteredProjects method.
Starts calling UserRetrieval#retrieveUser in RegistrationServicesImpl#getRegisteredProjects.
Finished calling UserRetrieval#retrieveUser in RegistrationServicesImpl#getRegisteredProjects.
Starts calling ProjectServices#findActiveProjects in RegistrationServicesImpl#getRegisteredProjects.
Finished calling ProjectServices#findActiveProjects in RegistrationServicesImpl#getRegisteredProjects.
Exits RegistrationServicesImpl#getRegisteredProjects method.
Enters RegistrationServicesImpl#getRegisteredResources.
Starts calling ProjectServices#getFullProjectData method.
Finished calling ProjectServices#getFullProjectData method.
Exits RegistrationServicesImpl#getRegisteredResources.
Enters RegistrationServicesImpl#findAvailableRegistrationPositions method.
Starts calling ProjectServices#findFullProjects method.
Finished calling ProjectServices#findFullProjects method.
Starts calling PhaseManager#getPhases method.
Finished calling PhaseManager#getPhases method.
Exists RegistrationServicesImpl#findAvailableRegistrationPositions method.
Enters RegistrationServicesImpl#getRegisteredProjects method.
Starts calling UserRetrieval#retrieveUser in RegistrationServicesImpl#getRegisteredProjects.
Finished calling UserRetrieval#retrieveUser in RegistrationServicesImpl#getRegisteredProjects.
Starts calling ProjectServices#findActiveProjects in RegistrationServicesImpl#getRegisteredProjects.
Finished calling ProjectServices#findActiveProjects in RegistrationServicesImpl#getRegisteredProjects.
Exits RegistrationServicesImpl#getRegisteredProjects method.
Enters RegistrationServicesImpl#getRegisteredResources.
Starts calling ProjectServices#getFullProjectData method.
Finished calling ProjectServices#getFullProjectData method.
Exits RegistrationServicesImpl#getRegisteredResources.
Enters RegistrationServicesImpl#findAvailableRegistrationPositions method.
Starts calling ProjectServices#findFullProjects method.
Finished calling ProjectServices#findFullProjects method.
Starts calling PhaseManager#getPhases method.
Finished calling PhaseManager#getPhases method.
Exists RegistrationServicesImpl#findAvailableRegistrationPositions method.
Enters RegistrationServicesImpl#getRegisteredProjects method.
Starts calling UserRetrieval#retrieveUser in RegistrationServicesImpl#getRegisteredProjects.
Finished calling UserRetrieval#retrieveUser in RegistrationServicesImpl#getRegisteredProjects.
Starts calling ProjectServices#findActiveProjects in RegistrationServicesImpl#getRegisteredProjects.
Finished calling ProjectServices#findActiveProjects in RegistrationServicesImpl#getRegisteredProjects.
Exits RegistrationServicesImpl#getRegisteredProjects method.
Enters RegistrationServicesImpl#getRegisteredResources.
Starts calling ProjectServices#getFullProjectData method.
Finished calling ProjectServices#getFullProjectData method.
Exits RegistrationServicesImpl#getRegisteredResources.
Enters RegistrationServicesImpl#findAvailableRegistrationPositions method.
Starts calling ProjectServices#findFullProjects method.
Finished calling ProjectServices#findFullProjects method.
Starts calling PhaseManager#getPhases method.
Finished calling PhaseManager#getPhases method.
Exists RegistrationServicesImpl#findAvailableRegistrationPositions method.
Enters RegistrationServicesImpl#getRegisteredProjects method.
Starts calling UserRetrieval#retrieveUser in RegistrationServicesImpl#getRegisteredProjects.
Finished calling UserRetrieval#retrieveUser in RegistrationServicesImpl#getRegisteredProjects.
Starts calling ProjectServices#findActiveProjects in RegistrationServicesImpl#getRegisteredProjects.
Finished calling ProjectServices#findActiveProjects in RegistrationServicesImpl#getRegisteredProjects.
Exits RegistrationServicesImpl#getRegisteredProjects method.
Enters RegistrationServicesImpl#getRegisteredResources.
Starts calling ProjectServices#getFullProjectData method.
Finished calling ProjectServices#getFullProjectData method.
Exits RegistrationServicesImpl#getRegisteredResources.
Enters RegistrationServicesImpl#findAvailableRegistrationPositions method.
Starts calling ProjectServices#findFullProjects method.
Finished calling ProjectServices#findFullProjects method.
Starts calling PhaseManager#getPhases method.
Finished calling PhaseManager#getPhases method.
Exists RegistrationServicesImpl#findAvailableRegistrationPositions method.
Enters RegistrationServicesImpl#getRegisteredProjects method.
Starts calling UserRetrieval#retrieveUser in RegistrationServicesImpl#getRegisteredProjects.
Finished calling UserRetrieval#retrieveUser in RegistrationServicesImpl#getRegisteredProjects.
Starts calling ProjectServices#findActiveProjects in RegistrationServicesImpl#getRegisteredProjects.
Finished calling ProjectServices#findActiveProjects in RegistrationServicesImpl#getRegisteredProjects.
Exits RegistrationServicesImpl#getRegisteredProjects method.
Enters RegistrationServicesImpl#getRegisteredResources.
Starts calling ProjectServices#getFullProjectData method.
Finished calling ProjectServices#getFullProjectData method.
Exits RegistrationServicesImpl#getRegisteredResources.
Enters RegistrationServicesImpl#findAvailableRegistrationPositions method.
Starts calling ProjectServices#findFullProjects method.
Finished calling ProjectServices#findFullProjects method.
Starts calling PhaseManager#getPhases method.
Finished calling PhaseManager#getPhases method.
Exists RegistrationServicesImpl#findAvailableRegistrationPositions method.
Enters RegistrationServicesImpl#getRegisteredProjects method.
Starts calling UserRetrieval#retrieveUser in RegistrationServicesImpl#getRegisteredProjects.
Finished calling UserRetrieval#retrieveUser in RegistrationServicesImpl#getRegisteredProjects.
Starts calling ProjectServices#findActiveProjects in RegistrationServicesImpl#getRegisteredProjects.
Finished calling ProjectServices#findActiveProjects in RegistrationServicesImpl#getRegisteredProjects.
Exits RegistrationServicesImpl#getRegisteredProjects method.
Enters RegistrationServicesImpl#getRegisteredResources.
Starts calling ProjectServices#getFullProjectData method.
Finished calling ProjectServices#getFullProjectData method.
Exits RegistrationServicesImpl#getRegisteredResources.
Enters RegistrationServicesImpl#findAvailableRegistrationPositions method.
Starts calling ProjectServices#findFullProjects method.
Finished calling ProjectServices#findFullProjects method.
Starts calling PhaseManager#getPhases method.
Finished calling PhaseManager#getPhases method.
Exists RegistrationServicesImpl#findAvailableRegistrationPositions method.
Enters RegistrationServicesImpl#getRegisteredProjects method.
Starts calling UserRetrieval#retrieveUser in RegistrationServicesImpl#getRegisteredProjects.
Finished calling UserRetrieval#retrieveUser in RegistrationServicesImpl#getRegisteredProjects.
Starts calling ProjectServices#findActiveProjects in RegistrationServicesImpl#getRegisteredProjects.
Finished calling ProjectServices#findActiveProjects in RegistrationServicesImpl#getRegisteredProjects.
Exits RegistrationServicesImpl#getRegisteredProjects method.
Enters RegistrationServicesImpl#getRegisteredResources.
Starts calling ProjectServices#getFullProjectData method.
Finished calling ProjectServices#getFullProjectData method.
Exits RegistrationServicesImpl#getRegisteredResources.
Enters RegistrationServicesImpl#findAvailableRegistrationPositions method.
Starts calling ProjectServices#findFullProjects method.
Finished calling ProjectServices#findFullProjects method.
Starts calling PhaseManager#getPhases method.
Finished calling PhaseManager#getPhases method.
Exists RegistrationServicesImpl#findAvailableRegistrationPositions method.
Enters RegistrationServicesImpl#getRegisteredProjects method.
Starts calling UserRetrieval#retrieveUser in RegistrationServicesImpl#getRegisteredProjects.
Finished calling UserRetrieval#retrieveUser in RegistrationServicesImpl#getRegisteredProjects.
Starts calling ProjectServices#findActiveProjects in RegistrationServicesImpl#getRegisteredProjects.
Finished calling ProjectServices#findActiveProjects in RegistrationServicesImpl#getRegisteredProjects.
Exits RegistrationServicesImpl#getRegisteredProjects method.
Enters RegistrationServicesImpl#getRegisteredResources.
Starts calling ProjectServices#getFullProjectData method.
Finished calling ProjectServices#getFullProjectData method.
Exits RegistrationServicesImpl#getRegisteredResources.
Enters RegistrationServicesImpl#findAvailableRegistrationPositions method.
Starts calling ProjectServices#findFullProjects method.
Finished calling ProjectServices#findFullProjects method.
Starts calling PhaseManager#getPhases method.
Finished calling PhaseManager#getPhases method.
Exists RegistrationServicesImpl#findAvailableRegistrationPositions method.
Enters RegistrationServicesImpl#getRegisteredProjects method.
Starts calling UserRetrieval#retrieveUser in RegistrationServicesImpl#getRegisteredProjects.
Finished calling UserRetrieval#retrieveUser in RegistrationServicesImpl#getRegisteredProjects.
Starts calling ProjectServices#findActiveProjects in RegistrationServicesImpl#getRegisteredProjects.
Finished calling ProjectServices#findActiveProjects in RegistrationServicesImpl#getRegisteredProjects.
Exits RegistrationServicesImpl#getRegisteredProjects method.
Enters RegistrationServicesImpl#getRegisteredResources.
Starts calling ProjectServices#getFullProjectData method.
Finished calling ProjectServices#getFullProjectData method.
Exits RegistrationServicesImpl#getRegisteredResources.
Enters RegistrationServicesImpl#findAvailableRegistrationPositions method.
Starts calling ProjectServices#findFullProjects method.
Finished calling ProjectServices#findFullProjects method.
Starts calling PhaseManager#getPhases method.
Finished calling PhaseManager#getPhases method.
Exists RegistrationServicesImpl#findAvailableRegistrationPositions method.
Enters RegistrationServicesImpl#getRegisteredProjects method.
Starts calling UserRetrieval#retrieveUser in RegistrationServicesImpl#getRegisteredProjects.
Finished calling UserRetrieval#retrieveUser in RegistrationServicesImpl#getRegisteredProjects.
Starts calling ProjectServices#findActiveProjects in RegistrationServicesImpl#getRegisteredProjects.
Finished calling ProjectServices#findActiveProjects in RegistrationServicesImpl#getRegisteredProjects.
Exits RegistrationServicesImpl#getRegisteredProjects method.
Enters RegistrationServicesImpl#getRegisteredResources.
Starts calling ProjectServices#getFullProjectData method.
Finished calling ProjectServices#getFullProjectData method.
Exits RegistrationServicesImpl#getRegisteredResources.
Enters RegistrationServicesImpl#findAvailableRegistrationPositions method.
Starts calling ProjectServices#findFullProjects method.
Finished calling ProjectServices#findFullProjects method.
Starts calling PhaseManager#getPhases method.
Finished calling PhaseManager#getPhases method.
Exists RegistrationServicesImpl#findAvailableRegistrationPositions method.
Enters RegistrationServicesImpl#getRegisteredProjects method.
Starts calling UserRetrieval#retrieveUser in RegistrationServicesImpl#getRegisteredProjects.
Finished calling UserRetrieval#retrieveUser in RegistrationServicesImpl#getRegisteredProjects.
Starts calling ProjectServices#findActiveProjects in RegistrationServicesImpl#getRegisteredProjects.
Finished calling ProjectServices#findActiveProjects in RegistrationServicesImpl#getRegisteredProjects.
Exits RegistrationServicesImpl#getRegisteredProjects method.
Enters RegistrationServicesImpl#getRegisteredResources.
Starts calling ProjectServices#getFullProjectData method.
Finished calling ProjectServices#getFullProjectData method.
Exits RegistrationServicesImpl#getRegisteredResources.
Enters RegistrationServicesImpl#findAvailableRegistrationPositions method.
Starts calling ProjectServices#findFullProjects method.
Finished calling ProjectServices#findFullProjects method.
Starts calling PhaseManager#getPhases method.
Finished calling PhaseManager#getPhases method.
Exists RegistrationServicesImpl#findAvailableRegistrationPositions method.
Enters RegistrationServicesImpl#getRegisteredProjects method.
Starts calling UserRetrieval#retrieveUser in RegistrationServicesImpl#getRegisteredProjects.
Finished calling UserRetrieval#retrieveUser in RegistrationServicesImpl#getRegisteredProjects.
Starts calling ProjectServices#findActiveProjects in RegistrationServicesImpl#getRegisteredProjects.
Finished calling ProjectServices#findActiveProjects in RegistrationServicesImpl#getRegisteredProjects.
Exits RegistrationServicesImpl#getRegisteredProjects method.
Enters RegistrationServicesImpl#getRegisteredResources.
Starts calling ProjectServices#getFullProjectData method.
Finished calling ProjectServices#getFullProjectData method.
Exits RegistrationServicesImpl#getRegisteredResources.
Enters RegistrationServicesImpl#findAvailableRegistrationPositions method.
Starts calling ProjectServices#findFullProjects method.
Finished calling ProjectServices#findFullProjects method.
Starts calling PhaseManager#getPhases method.
Finished calling PhaseManager#getPhases method.
Exists RegistrationServicesImpl#findAvailableRegistrationPositions method.
Enters RegistrationServicesImpl#getRegisteredProjects method.
Starts calling UserRetrieval#retrieveUser in RegistrationServicesImpl#getRegisteredProjects.
Finished calling UserRetrieval#retrieveUser in RegistrationServicesImpl#getRegisteredProjects.
Starts calling ProjectServices#findActiveProjects in RegistrationServicesImpl#getRegisteredProjects.
Finished calling ProjectServices#findActiveProjects in RegistrationServicesImpl#getRegisteredProjects.
Exits RegistrationServicesImpl#getRegisteredProjects method.
Enters RegistrationServicesImpl#getRegisteredResources.
Starts calling ProjectServices#getFullProjectData method.
Finished calling ProjectServices#getFullProjectData method.
Exits RegistrationServicesImpl#getRegisteredResources.
The stress test for getting registered resource costs: 266 milliseconds.
]]></system-out>
  <system-err><![CDATA[]]></system-err>
</testsuite>
