<?xml version="1.0" encoding="UTF-8" ?>
<testsuite errors="0" failures="0" hostname="computer" name="com.topcoder.service.prerequisite.AllTests" tests="180" time="26.094" timestamp="2008-03-19T14:10:58">
  <properties>
    <property name="object_formatter.jar.name" value="object_formatter.jar" />
    <property name="file.encoding.pkg" value="sun.io" />
    <property name="dist_testfiles" value="build/dist/prerequisite_service-1.0/test_files" />
    <property name="java.home" value="D:\soft\jdk1.5\jre" />
    <property name="configuration_persistence.version" value="1.0" />
    <property name="dist_javadocs" value="build/dist/prerequisite_service-1.0/docs/javadocs" />
    <property name="debug" value="off" />
    <property name="build_distdir" value="build/dist" />
    <property name="distfilename" value="prerequisite_service" />
    <property name="component.dist.jar" value="build/dist/prerequisite_service-1.0.jar" />
    <property name="java.endorsed.dirs" value="D:\soft\jdk1.5\jre\lib\endorsed" />
    <property name="sun.os.patch.level" value="Service Pack 2" />
    <property name="design_dist.jar" value="Prerequisite_Service_1.0_design_dist.jar" />
    <property name="javadocsdir" value="docs/javadocs" />
    <property name="java.vendor.url" value="http://java.sun.com/" />
    <property name="java.version" value="1.5.0_05" />
    <property name="configuration_manager.jar.name" value="configuration_manager.jar" />
    <property name="java.vendor.url.bug" value="http://java.sun.com/cgi-bin/bugreport.cgi" />
    <property name="dist_src" value="build/dist/prerequisite_service-1.0/src" />
    <property name="cobertura.datafile" value="log/cobertura.ser" />
    <property name="user.name" value="Administrator" />
    <property name="packagedir" value="com/topcoder/service/prerequisite" />
    <property name="sun.io.unicode.encoding" value="UnicodeLittle" />
    <property name="component_version" value="1.0" />
    <property name="sun.jnu.encoding" value="GBK" />
    <property name="java.runtime.name" value="Java(TM) 2 Runtime Environment, Standard Edition" />
    <property name="reports" value="reports" />
    <property name="build_webdir" value="build/web" />
    <property name="component.jar" value="build/dist/lib/tcs/prerequisite_service/1.0/prerequisite_service.jar" />
    <property name="user_group_manager.path" value="user_group_manager/1.0.1" />
    <property name="java.specification.name" value="Java Platform API Specification" />
    <property name="javamain" value="src/java/main" />
    <property name="build_lib" value="build/lib" />
    <property name="user.timezone" value="" />
    <property name="path.separator" value=";" />
    <property name="srcdir" value="src" />
    <property name="user_group_manager.version" value="1.0.1" />
    <property name="file.encoding" value="GBK" />
    <property name="jboss_login_module.jar" value="lib/tcs/jboss_login_module/2.0/jboss_login_module.jar" />
    <property name="typesafe_enum.version" value="1.1" />
    <property name="jboss_login_module.jar.name" value="jboss_login_module.jar" />
    <property name="configuration_manager.path" value="configuration_manager/2.1.5" />
    <property name="ant.file" value="D:\tcs\Prerequisite_Service_1.0\submissions\48385\build.xml" />
    <property name="javasrc" value="src/java" />
    <property name="instrumented.dir" value="build/instrumented" />
    <property name="configuration_persistence.jar.name" value="configuration_persistence.jar" />
    <property name="prerequisite_document_manager.version" value="1.0" />
    <property name="component.tests.jar" value="build/dist/lib/tcs/prerequisite_service_tests.jar" />
    <property name="component.ejb.jar" value="build/dist/application/ejb/prerequisite_service.jar" />
    <property name="java.io.tmpdir" value="C:\DOCUME~1\ADMINI~1\LOCALS~1\Temp\" />
    <property name="user.language" value="zh" />
    <property name="base_exception.path" value="base_exception/2.0" />
    <property name="line.separator" value="
" />
    <property name="jboss_libdir" value="D:/soft/jboss4.2.2/server/default/lib" />
    <property name="jboss_login_module.path" value="jboss_login_module/2.0" />
    <property name="verbose" value="no" />
    <property name="jar_ext_libdir" value="lib" />
    <property name="java.vm.info" value="mixed mode, sharing" />
    <property name="component_path" value="prerequisite_service/1.0" />
    <property name="sun.desktop" value="windows" />
    <property name="java.vm.specification.name" value="Java Virtual Machine Specification" />
    <property name="builddir" value="build" />
    <property name="cobertura.dir" value="D:/environment/lib/third_party/cobertura/1.8" />
    <property name="dist_conf" value="build/dist/prerequisite_service-1.0/conf" />
    <property name="configuration_manager.jar" value="lib/tcs/configuration_manager/2.1.5/configuration_manager.jar" />
    <property name="java.awt.printerjob" value="sun.awt.windows.WPrinterJob" />
    <property name="dist_lib" value="build/dist/lib/tcs" />
    <property name="base_exception.version" value="2.0" />
    <property name="jdbc.informix.jar" value="lib/ifxjdbc.jar" />
    <property name="junit.jar" value="lib/junit/3.8.2/junit.jar" />
    <property name="configdir" value="conf" />
    <property name="build_tcsdistdir" value="build/dist/prerequisite_service-1.0" />
    <property name="ant.version" value="Apache Ant version 1.7.0 compiled on December 13 2006" />
    <property name="prerequisite_document_manager.jar.name" value="prerequisite_document_manager.jar" />
    <property name="prerequisite_document_manager.jar" value="lib/tcs/prerequisite_document_manager/1.0/prerequisite_document_manager.jar" />
    <property name="dist_docs" value="build/dist/prerequisite_service-1.0/docs" />
    <property name="testlogdir" value="log" />
    <property name="configuration_api.jar" value="lib/tcs/configuration_api/1.0/configuration_api.jar" />
    <property name="prerequisite_document_manager.path" value="prerequisite_document_manager/1.0" />
    <property name="checkstyle.home" value="D:/lib/checkstyle/4.4" />
    <property name="os.name" value="Windows 2003" />
    <property name="java.specification.vendor" value="Sun Microsystems Inc." />
    <property name="java.vm.name" value="Java HotSpot(TM) Client VM" />
    <property name="java.library.path" value="D:\soft\jdk1.5\jre\bin;.;C:\WINDOWS\system32;C:\WINDOWS;D:\oracle\product\10.1.0\Db_1\bin;D:\soft\subversion\bin;D:\soft\nant85\bin;D:\soft\ant1.7.0\bin;D:\soft\jdk1.5\bin;C:\Program Files\ThinkPad\Utilities;C:\WINDOWS\system32;C:\WINDOWS;C:\WINDOWS\System32\Wbem;C:\Program Files\Intel\Wireless\Bin\;C:\Program Files\IDM Computer Solutions\UltraEdit-32;C:\Program Files\DeskAdTop;C:\Program Files\Microsoft SQL Server\80\Tools\BINN;C:\Program Files\QuickTime\QTSystem\;C:\Program Files\Microsoft SQL Server\80\Tools\Binn\;C:\Program Files\Microsoft SQL Server\90\DTS\Binn\;C:\Program Files\Microsoft SQL Server\90\Tools\binn\;C:\Program Files\Microsoft SQL Server\90\Tools\Binn\VSShell\Common7\IDE\;D:\Program Files\Microsoft Visual Studio 8\Common7\IDE\PrivateAssemblies\;C:\Program Files\IDM Computer Solutions\UltraCompare;C:\Program Files\StormII\Codec;C:\Program Files\StormII" />
    <property name="docpackage.jar" value="prerequisite_service_docs.jar" />
    <property name="user_group_manager.jar" value="lib/tcs/user_group_manager/1.0.1/user_group_manager.jar" />
    <property name="logging_wrapper.version" value="2.0" />
    <property name="ant.java.version" value="1.5" />
    <property name="basedir" value="D:\tcs\Prerequisite_Service_1.0\submissions\48385" />
    <property name="java.class.version" value="49.0" />
    <property name="configuration_api.path" value="configuration_api/1.0" />
    <property name="base_exception.jar.name" value="base_exception.jar" />
    <property name="ant.home" value="D:\soft\ant1.7.0\bin\.." />
    <property name="logging_wrapper.path" value="logging_wrapper/2.0" />
    <property name="component.war" value="${dist_examples}/prerequisite_service.war" />
    <property name="net.sourceforge.cobertura.datafile" value="D:\tcs\Prerequisite_Service_1.0\submissions\48385\log\cobertura.ser" />
    <property name="log4j.jar" value="D:/soft/jboss4.2.2/server/default/lib/log4j.jar" />
    <property name="sun.boot.library.path" value="D:\soft\jdk1.5\jre\bin" />
    <property name="ext_libdir" value="lib" />
    <property name="sun.management.compiler" value="HotSpot Client Compiler" />
    <property name="deploy-dir" value="D:/soft/jboss4.2.2/server/default/deploy" />
    <property name="java.awt.graphicsenv" value="sun.awt.Win32GraphicsEnvironment" />
    <property name="user.variant" value="" />
    <property name="jar_tcs_libdir" value="lib/tcs" />
    <property name="object_formatter.jar" value="lib/tcs/object_formatter/1.0/object_formatter.jar" />
    <property name="configuration_persistence.path" value="configuration_persistence/1.0" />
    <property name="build_targetclassdir" value="build/targetclasses" />
    <property name="docsdir" value="docs" />
    <property name="dev_dist.jar" value="Prerequisite_Service_1.0_dev_dist.jar" />
    <property name="configuration_api.jar.name" value="configuration_api.jar" />
    <property name="user_group_manager.jar.name" value="user_group_manager.jar" />
    <property name="ant.project.name" value="Prerequisite Service" />
    <property name="java.vm.specification.version" value="1.0" />
    <property name="db_connection_factory.version" value="1.1" />
    <property name="db_connection_factory.jar.name" value="db_connection_factory.jar" />
    <property name="component.ejb.dir" value="build/dist/application/ejb" />
    <property name="awt.toolkit" value="sun.awt.windows.WToolkit" />
    <property name="webdir" value="web" />
    <property name="sun.cpu.isalist" value="pentium_pro+mmx pentium_pro pentium+mmx pentium i486 i386 i86" />
    <property name="build_javadocsdir" value="build/docs/javadocs" />
    <property name="java.ext.dirs" value="D:\soft\jdk1.5\jre\lib\ext" />
    <property name="os.version" value="5.2" />
    <property name="user.home" value="C:\Documents and Settings\Administrator" />
    <property name="javadoc.jar" value="javadocs.jar" />
    <property name="build_classdir" value="build/classes" />
    <property name="component.ear" value="build/dist/application/ear/prerequisite_service.ear" />
    <property name="java.vm.vendor" value="Sun Microsystems Inc." />
    <property name="component.conf.dir" value="build/dist/conf" />
    <property name="typesafe_enum.path" value="typesafe_enum/1.1" />
    <property name="build_testclassdir" value="build/testClasses" />
    <property name="package" value="com.topcoder.service.prerequisite" />
    <property name="typesafe_enum.jar" value="lib/tcs/typesafe_enum/1.1/typesafe_enum.jar" />
    <property name="base_exception.jar" value="lib/tcs/base_exception/2.0/base_exception.jar" />
    <property name="user.dir" value="D:\tcs\Prerequisite_Service_1.0\submissions\48385" />
    <property name="configuration_persistence.jar" value="lib/tcs/configuration_persistence/1.0/configuration_persistence.jar" />
    <property name="object_formatter.version" value="1.0" />
    <property name="sun.cpu.endian" value="little" />
    <property name="dist_docpackage" value="build/doc_package" />
    <property name="java.vm.version" value="1.5.0_05-b05" />
    <property name="java.class.path" value="D:\tcs\Prerequisite_Service_1.0\submissions\48385\build\instrumented;D:\tcs\Prerequisite_Service_1.0\submissions\48385\build\testClasses;D:\tcs\Prerequisite_Service_1.0\submissions\48385\build\classes;D:\tcs\Prerequisite_Service_1.0\submissions\48385\lib\tcs\configuration_api\1.0\configuration_api.jar;D:\tcs\Prerequisite_Service_1.0\submissions\48385\lib\tcs\configuration_persistence\1.0\configuration_persistence.jar;D:\tcs\Prerequisite_Service_1.0\submissions\48385\lib\tcs\configuration_manager\2.1.5\configuration_manager.jar;D:\tcs\Prerequisite_Service_1.0\submissions\48385\lib\tcs\db_connection_factory\1.1\db_connection_factory.jar;D:\tcs\Prerequisite_Service_1.0\submissions\48385\lib\ifxjdbc.jar;D:\soft\jboss4.2.2\lib\endorsed\xercesImpl.jar;D:\soft\jboss4.2.2\server\default\deploy\jbossws.sar\jaxb-api.jar;D:\soft\jboss4.2.2\server\default\deploy\jbossws.sar\jaxb-impl.jar;D:\soft\jboss4.2.2\server\default\deploy\jbossws.sar\jboss-jaxb-intros.jar;D:\soft\jboss4.2.2\server\default\deploy\jbossws.sar\jboss-jaxrpc.jar;D:\soft\jboss4.2.2\server\default\deploy\jbossws.sar\jboss-jaxws.jar;D:\soft\jboss4.2.2\server\default\deploy\jbossws.sar\jboss-saaj.jar;D:\soft\jboss4.2.2\server\default\deploy\jbossws.sar\jbossws-core.jar;D:\soft\jboss4.2.2\server\default\deploy\jbossws.sar\jbossws-native.jar;D:\soft\jboss4.2.2\server\default\deploy\jbossws.sar\policy.jar;D:\soft\jboss4.2.2\server\default\deploy\jbossws.sar\stax-api.jar;D:\soft\jboss4.2.2\server\default\deploy\jbossws.sar\wsdl4j.jar;D:\soft\jboss4.2.2\server\default\deploy\jbossws.sar\wstx.jar;D:\soft\jboss4.2.2\server\default\deploy\jbossws.sar\xmlsec.jar;D:\tcs\Prerequisite_Service_1.0\submissions\48385\lib\junit\3.8.2\junit.jar;D:\tcs\Prerequisite_Service_1.0\submissions\48385\lib\tcs\base_exception\2.0\base_exception.jar;D:\tcs\Prerequisite_Service_1.0\submissions\48385\lib\tcs\logging_wrapper\2.0\logging_wrapper.jar;D:\tcs\Prerequisite_Service_1.0\submissions\48385\lib\tcs\object_formatter\1.0\object_formatter.jar;D:\soft\jboss4.2.2\client\jboss-ejb3x.jar;D:\soft\jboss4.2.2\client\ejb3-persistence.jar;D:\tcs\Prerequisite_Service_1.0\submissions\48385\lib\tcs\prerequisite_document_manager\1.0\prerequisite_document_manager.jar;D:\soft\jboss4.2.2\client\jbossall-client.jar;D:\soft\jboss4.2.2\client\jboss-jaxws.jar;D:\soft\jboss4.2.2\client\jaxb-api.jar;D:\tcs\Prerequisite_Service_1.0\submissions\48385\lib\tcs\jboss_login_module\2.0\jboss_login_module.jar;D:\tcs\Prerequisite_Service_1.0\submissions\48385\lib\tcs\user_group_manager\1.0.1\user_group_manager.jar;D:\soft\jboss4.2.2\server\default\lib\log4j.jar;D:\tcs\Prerequisite_Service_1.0\submissions\48385\conf;D:\tcs\Prerequisite_Service_1.0\submissions\48385\test_files;D:\environment\lib\third_party\cobertura\1.8\cobertura.jar;D:\environment\lib\third_party\cobertura\1.8\lib\asm-2.2.1.jar;D:\environment\lib\third_party\cobertura\1.8\lib\jakarta-oro-2.0.8.jar;D:\environment\lib\third_party\cobertura\1.8\lib\log4j-1.2.9.jar;D:\tcs\Prerequisite_Service_1.0\submissions\48385;D:\soft\jdk1.5\lib\dt.jar;D:\soft\jdk1.5\lib\tools.jar;D:\soft\jdk1.5\jre\lib\rt.jar;C:\Program Files\QuickTime\QTSystem\QTJava.zip;D:\soft\ant1.7.0\lib\junit.jar;D:\soft\ant1.7.0\lib\ant-launcher.jar;D:\soft\ant1.7.0\lib\ant.jar;D:\soft\ant1.7.0\lib\ant-junit.jar" />
    <property name="dev_submission.jar" value="Prerequisite_Service_1.0_dev_submission.jar" />
    <property name="jboss_login_module.version" value="2.0" />
    <property name="ant.library.dir" value="D:\soft\ant1.7.0\lib" />
    <property name="os.arch" value="x86" />
    <property name="db_connection_factory.path" value="db_connection_factory/1.1" />
    <property name="package.dir" value="build/package" />
    <property name="ant.file.Prerequisite Service" value="D:\tcs\Prerequisite_Service_1.0\submissions\48385\build.xml" />
    <property name="component.ear.dir" value="build/dist/application/ear" />
    <property name="logging_wrapper.jar.name" value="logging_wrapper.jar" />
    <property name="ant.core.lib" value="D:\soft\ant1.7.0\lib\ant.jar" />
    <property name="java.vm.specification.vendor" value="Sun Microsystems Inc." />
    <property name="object_formatter.path" value="object_formatter/1.0" />
    <property name="file.separator" value="\" />
    <property name="java.runtime.version" value="1.5.0_05-b05" />
    <property name="sun.boot.class.path" value="D:\soft\jdk1.5\jre\lib\rt.jar;D:\soft\jdk1.5\jre\lib\i18n.jar;D:\soft\jdk1.5\jre\lib\sunrsasign.jar;D:\soft\jdk1.5\jre\lib\jsse.jar;D:\soft\jdk1.5\jre\lib\jce.jar;D:\soft\jdk1.5\jre\lib\charsets.jar;D:\soft\jdk1.5\jre\classes" />
    <property name="build_docsdir" value="build/docs" />
    <property name="design_submission.jar" value="Prerequisite_Service_1.0_design_submission.jar" />
    <property name="user.country" value="CN" />
    <property name="configuration_manager.version" value="2.1.5" />
    <property name="tcs_libdir" value="lib/tcs" />
    <property name="component" value="Prerequisite_Service" />
    <property name="logging_wrapper.jar" value="lib/tcs/logging_wrapper/2.0/logging_wrapper.jar" />
    <property name="typesafe_enum.jar.name" value="typesafe_enum.jar" />
    <property name="java_1_3_bootclasspath" value="c:\program files\JavaSoft\JRE\1.3.1\lib\rt.jar" />
    <property name="java.vendor" value="Sun Microsystems Inc." />
    <property name="jboss_home" value="D:/soft/jboss4.2.2" />
    <property name="db_connection_factory.jar" value="lib/tcs/db_connection_factory/1.1/db_connection_factory.jar" />
    <property name="configuration_api.version" value="1.0" />
    <property name="java.specification.version" value="1.5" />
    <property name="testfiles" value="test_files" />
    <property name="sun.arch.data.model" value="32" />
    <property name="javatests" value="src/java/tests" />
  </properties>
  <testcase classname="com.topcoder.service.prerequisite.ejb.PrerequisiteServiceBeanUnitTests" name="testGetPrerequisiteDocument_NegatieDocumentId" time="1.141" />
  <testcase classname="com.topcoder.service.prerequisite.ejb.PrerequisiteServiceBeanUnitTests" name="testGetPrerequisiteDocument_DocumentVersionNotFound" time="0.422" />
  <testcase classname="com.topcoder.service.prerequisite.ejb.PrerequisiteServiceBeanUnitTests" name="testGetPrerequisiteDocument_accuracy1" time="0.734" />
  <testcase classname="com.topcoder.service.prerequisite.ejb.PrerequisiteServiceBeanUnitTests" name="testGetPrerequisiteDocument_accuracy2" time="0.828" />
  <testcase classname="com.topcoder.service.prerequisite.ejb.PrerequisiteServiceBeanUnitTests" name="testGetAllPrerequisiteDocuments_Unauthorized" time="0.406" />
  <testcase classname="com.topcoder.service.prerequisite.ejb.PrerequisiteServiceBeanUnitTests" name="testGetAllPrerequisiteDocuments_accuracy1" time="0.453" />
  <testcase classname="com.topcoder.service.prerequisite.ejb.PrerequisiteServiceBeanUnitTests" name="testGetAllPrerequisiteDocuments_accuracy2" time="0.844" />
  <testcase classname="com.topcoder.service.prerequisite.ejb.PrerequisiteServiceBeanUnitTests" name="testGetPrerequisiteDocuments_NegatieCompetitionId" time="0.719" />
  <testcase classname="com.topcoder.service.prerequisite.ejb.PrerequisiteServiceBeanUnitTests" name="testGetPrerequisiteDocuments_NegatieRoleId" time="0.484" />
  <testcase classname="com.topcoder.service.prerequisite.ejb.PrerequisiteServiceBeanUnitTests" name="testGetPrerequisiteDocuments_NotAuthorized" time="0.407" />
  <testcase classname="com.topcoder.service.prerequisite.ejb.PrerequisiteServiceBeanUnitTests" name="testGetPrerequisiteDocuments_RoleNotFoundException" time="0.468" />
  <testcase classname="com.topcoder.service.prerequisite.ejb.PrerequisiteServiceBeanUnitTests" name="testGetPrerequisiteDocuments_CompetitionNotFoundException1" time="0.391" />
  <testcase classname="com.topcoder.service.prerequisite.ejb.PrerequisiteServiceBeanUnitTests" name="testGetPrerequisiteDocuments_CompetitionNotFoundException2" time="0.39" />
  <testcase classname="com.topcoder.service.prerequisite.ejb.PrerequisiteServiceBeanUnitTests" name="testGetPrerequisiteDocuments_accuracy" time="0.531" />
  <testcase classname="com.topcoder.service.prerequisite.ejb.PrerequisiteServiceBeanUnitTests" name="testRecordMemberAnswer_NegatieCompetitionId" time="0.531" />
  <testcase classname="com.topcoder.service.prerequisite.ejb.PrerequisiteServiceBeanUnitTests" name="testRecordMemberAnswer_NegatieRoleId" time="0.391" />
  <testcase classname="com.topcoder.service.prerequisite.ejb.PrerequisiteServiceBeanUnitTests" name="testRecordMemberAnswer_NullTimestamp" time="0.406" />
  <testcase classname="com.topcoder.service.prerequisite.ejb.PrerequisiteServiceBeanUnitTests" name="testRecordMemberAnswer_NullPrerequisiteDocument" time="0.438" />
  <testcase classname="com.topcoder.service.prerequisite.ejb.PrerequisiteServiceBeanUnitTests" name="testRecordMemberAnswer_NotAuthorized" time="0.406" />
  <testcase classname="com.topcoder.service.prerequisite.ejb.PrerequisiteServiceBeanUnitTests" name="testRecordMemberAnswer_RoleNotFoundException" time="0.422" />
  <testcase classname="com.topcoder.service.prerequisite.ejb.PrerequisiteServiceBeanUnitTests" name="testRecordMemberAnswer_CompetitionNotFoundException" time="0.484" />
  <testcase classname="com.topcoder.service.prerequisite.ejb.PrerequisiteServiceBeanUnitTests" name="testRecordMemberAnswer_UserAlreadyAnsweredDocumentException" time="0.563" />
  <testcase classname="com.topcoder.service.prerequisite.ejb.PrerequisiteServiceBeanUnitTests" name="testRecordMemberAnswer_accuracy" time="0.5" />
  <testcase classname="com.topcoder.service.prerequisite.CompetitionNotFoundExceptionUnitTests" name="testCompetitionNotFoundException_accuracy1" time="0.0" />
  <testcase classname="com.topcoder.service.prerequisite.CompetitionNotFoundExceptionUnitTests" name="testCompetitionNotFoundException_accuracy2" time="0.0" />
  <testcase classname="com.topcoder.service.prerequisite.CompetitionNotFoundExceptionUnitTests" name="testCompetitionNotFoundException_accuracy3" time="0.0" />
  <testcase classname="com.topcoder.service.prerequisite.CompetitionNotFoundExceptionUnitTests" name="testCompetitionNotFoundException_accuracy4" time="0.0" />
  <testcase classname="com.topcoder.service.prerequisite.CompetitionNotFoundExceptionUnitTests" name="testCompetitionNotFoundException_accuracy5" time="0.0" />
  <testcase classname="com.topcoder.service.prerequisite.CompetitionNotFoundExceptionUnitTests" name="testCompetitionNotFoundException_accuracy6" time="0.0" />
  <testcase classname="com.topcoder.service.prerequisite.CompetitionNotFoundExceptionUnitTests" name="testGetCompetitionIdNotFound_accuracy" time="0.0" />
  <testcase classname="com.topcoder.service.prerequisite.CompetitionNotFoundExceptionUnitTests" name="testGetFaultInfo_accuracy" time="0.0" />
  <testcase classname="com.topcoder.service.prerequisite.PrerequisiteServiceExceptionUnitTests" name="testPrerequisiteServiceExceptionStringAccuracy" time="0.0" />
  <testcase classname="com.topcoder.service.prerequisite.PrerequisiteServiceExceptionUnitTests" name="testPrerequisiteServiceExceptionStringExceptionDataAccuracy" time="0.0" />
  <testcase classname="com.topcoder.service.prerequisite.PrerequisiteServiceExceptionUnitTests" name="testPrerequisiteServiceExceptionStringThrowableAccuracy" time="0.0" />
  <testcase classname="com.topcoder.service.prerequisite.PrerequisiteServiceExceptionUnitTests" name="testPrerequisiteServiceExceptionStringThrowableExceptionDataAccuracy" time="0.0" />
  <testcase classname="com.topcoder.service.prerequisite.DocumentNotFoundExceptionUnitTests" name="testGetFaultInfo_accuracy" time="0.0" />
  <testcase classname="com.topcoder.service.prerequisite.DocumentNotFoundExceptionUnitTests" name="testDocumentNotFoundException_accuracy1" time="0.0" />
  <testcase classname="com.topcoder.service.prerequisite.DocumentNotFoundExceptionUnitTests" name="testDocumentNotFoundException_accuracy2" time="0.0" />
  <testcase classname="com.topcoder.service.prerequisite.DocumentNotFoundExceptionUnitTests" name="testDocumentNotFoundException_accuracy3" time="0.0" />
  <testcase classname="com.topcoder.service.prerequisite.DocumentNotFoundExceptionUnitTests" name="testDocumentNotFoundException_accuracy4" time="0.0" />
  <testcase classname="com.topcoder.service.prerequisite.DocumentNotFoundExceptionUnitTests" name="testDocumentNotFoundException_accuracy5" time="0.0" />
  <testcase classname="com.topcoder.service.prerequisite.DocumentNotFoundExceptionUnitTests" name="testDocumentNotFoundException_accuracy6" time="0.0" />
  <testcase classname="com.topcoder.service.prerequisite.DocumentNotFoundExceptionUnitTests" name="testGetDocumentIdNotFound_accuracy" time="0.0" />
  <testcase classname="com.topcoder.service.prerequisite.IllegalArgumentWSExceptionUnitTests" name="testGetFaultInfo_accuracy" time="0.0" />
  <testcase classname="com.topcoder.service.prerequisite.IllegalArgumentWSExceptionUnitTests" name="testIllegalArgumentWSException_accuracy1" time="0.0" />
  <testcase classname="com.topcoder.service.prerequisite.IllegalArgumentWSExceptionUnitTests" name="testIllegalArgumentWSException_accuracy2" time="0.0" />
  <testcase classname="com.topcoder.service.prerequisite.IllegalArgumentWSExceptionUnitTests" name="testGetIllegalArgumentMessage_accuracy" time="0.0" />
  <testcase classname="com.topcoder.service.prerequisite.PersistenceExceptionUnitTests" name="testGetFaultInfo_accuracy" time="0.0" />
  <testcase classname="com.topcoder.service.prerequisite.PersistenceExceptionUnitTests" name="testPersistenceException_accuracy1" time="0.0" />
  <testcase classname="com.topcoder.service.prerequisite.PersistenceExceptionUnitTests" name="testPersistenceException_accuracy2" time="0.0" />
  <testcase classname="com.topcoder.service.prerequisite.PersistenceExceptionUnitTests" name="testPersistenceException_accuracy3" time="0.0" />
  <testcase classname="com.topcoder.service.prerequisite.PersistenceExceptionUnitTests" name="testPersistenceException_accuracy4" time="0.0" />
  <testcase classname="com.topcoder.service.prerequisite.PersistenceExceptionUnitTests" name="testPersistenceException_accuracy5" time="0.0" />
  <testcase classname="com.topcoder.service.prerequisite.PersistenceExceptionUnitTests" name="testPersistenceException_accuracy6" time="0.0" />
  <testcase classname="com.topcoder.service.prerequisite.PersistenceExceptionUnitTests" name="testGetPersistenceMessage_accuracy" time="0.0" />
  <testcase classname="com.topcoder.service.prerequisite.RoleNotFoundExceptionUnitTests" name="testGetFaultInfo_accuracy" time="0.0" />
  <testcase classname="com.topcoder.service.prerequisite.RoleNotFoundExceptionUnitTests" name="testRoleNotFoundException_accuracy1" time="0.0" />
  <testcase classname="com.topcoder.service.prerequisite.RoleNotFoundExceptionUnitTests" name="testRoleNotFoundException_accuracy2" time="0.0" />
  <testcase classname="com.topcoder.service.prerequisite.RoleNotFoundExceptionUnitTests" name="testRoleNotFoundException_accuracy3" time="0.0" />
  <testcase classname="com.topcoder.service.prerequisite.RoleNotFoundExceptionUnitTests" name="testRoleNotFoundException_accuracy4" time="0.0" />
  <testcase classname="com.topcoder.service.prerequisite.RoleNotFoundExceptionUnitTests" name="testRoleNotFoundException_accuracy5" time="0.0" />
  <testcase classname="com.topcoder.service.prerequisite.RoleNotFoundExceptionUnitTests" name="testRoleNotFoundException_accuracy6" time="0.0" />
  <testcase classname="com.topcoder.service.prerequisite.RoleNotFoundExceptionUnitTests" name="testGetRoleIdNotFound_accuracy" time="0.0" />
  <testcase classname="com.topcoder.service.prerequisite.UserAlreadyAnsweredDocumentExceptionUnitTests" name="testGetFaultInfo_accuracy" time="0.0" />
  <testcase classname="com.topcoder.service.prerequisite.UserAlreadyAnsweredDocumentExceptionUnitTests" name="testUserAlreadyAnsweredDocumentException_accuracy1" time="0.0" />
  <testcase classname="com.topcoder.service.prerequisite.UserAlreadyAnsweredDocumentExceptionUnitTests" name="testUserAlreadyAnsweredDocumentException_accuracy2" time="0.0" />
  <testcase classname="com.topcoder.service.prerequisite.UserAlreadyAnsweredDocumentExceptionUnitTests" name="testUserAlreadyAnsweredDocumentException_accuracy3" time="0.0" />
  <testcase classname="com.topcoder.service.prerequisite.UserAlreadyAnsweredDocumentExceptionUnitTests" name="testUserAlreadyAnsweredDocumentException_accuracy4" time="0.0" />
  <testcase classname="com.topcoder.service.prerequisite.UserAlreadyAnsweredDocumentExceptionUnitTests" name="testUserAlreadyAnsweredDocumentException_accuracy5" time="0.0" />
  <testcase classname="com.topcoder.service.prerequisite.UserAlreadyAnsweredDocumentExceptionUnitTests" name="testUserAlreadyAnsweredDocumentException_accuracy6" time="0.0" />
  <testcase classname="com.topcoder.service.prerequisite.UserAlreadyAnsweredDocumentExceptionUnitTests" name="testGetUserIdAlreadyAnsweredDocument_accuracy" time="0.0" />
  <testcase classname="com.topcoder.service.prerequisite.UserNotAuthorizedExceptionUnitTests" name="testGetFaultInfo_accuracy" time="0.0" />
  <testcase classname="com.topcoder.service.prerequisite.UserNotAuthorizedExceptionUnitTests" name="testUserNotAuthorizedException_accuracy1" time="0.0" />
  <testcase classname="com.topcoder.service.prerequisite.UserNotAuthorizedExceptionUnitTests" name="testUserNotAuthorizedException_accuracy2" time="0.0" />
  <testcase classname="com.topcoder.service.prerequisite.UserNotAuthorizedExceptionUnitTests" name="testGetUserIdNotAuthorized_accuracy" time="0.0" />
  <testcase classname="com.topcoder.service.prerequisite.PrerequisiteDocumentUnitTests" name="testPrerequisiteDocument_accuracy" time="0.0" />
  <testcase classname="com.topcoder.service.prerequisite.PrerequisiteDocumentUnitTests" name="testGetDocumentId_default" time="0.0" />
  <testcase classname="com.topcoder.service.prerequisite.PrerequisiteDocumentUnitTests" name="testSetDocumentId_iae" time="0.0" />
  <testcase classname="com.topcoder.service.prerequisite.PrerequisiteDocumentUnitTests" name="testSetDocumentId_accuracy" time="0.0" />
  <testcase classname="com.topcoder.service.prerequisite.PrerequisiteDocumentUnitTests" name="testGetVersion_default" time="0.0" />
  <testcase classname="com.topcoder.service.prerequisite.PrerequisiteDocumentUnitTests" name="testSetVersion_iae" time="0.0" />
  <testcase classname="com.topcoder.service.prerequisite.PrerequisiteDocumentUnitTests" name="testSetVersion_accuracy" time="0.0" />
  <testcase classname="com.topcoder.service.prerequisite.PrerequisiteDocumentUnitTests" name="testGetVersionDate_default" time="0.0" />
  <testcase classname="com.topcoder.service.prerequisite.PrerequisiteDocumentUnitTests" name="testSetVersionDate_accuracy" time="0.0" />
  <testcase classname="com.topcoder.service.prerequisite.PrerequisiteDocumentUnitTests" name="testGetName_default" time="0.0" />
  <testcase classname="com.topcoder.service.prerequisite.PrerequisiteDocumentUnitTests" name="testSetName_accuracy" time="0.0" />
  <testcase classname="com.topcoder.service.prerequisite.PrerequisiteDocumentUnitTests" name="testGetContent_default" time="0.0" />
  <testcase classname="com.topcoder.service.prerequisite.PrerequisiteDocumentUnitTests" name="testSetContent_accuracy" time="0.0" />
  <testcase classname="com.topcoder.service.prerequisite.ejb.CompetitionNotFoundFaultUnitTests" name="testCompetitionNotFoundFault_accuracy" time="0.0" />
  <testcase classname="com.topcoder.service.prerequisite.ejb.CompetitionNotFoundFaultUnitTests" name="testGetCompetitionIdNotFound_default" time="0.0" />
  <testcase classname="com.topcoder.service.prerequisite.ejb.CompetitionNotFoundFaultUnitTests" name="testSetCompetitionIdNotFound_accuracy" time="0.0" />
  <testcase classname="com.topcoder.service.prerequisite.ejb.DocumentNotFoundFaultUnitTests" name="testDocumentNotFoundFault_accuracy" time="0.0" />
  <testcase classname="com.topcoder.service.prerequisite.ejb.DocumentNotFoundFaultUnitTests" name="testGetDocumentIdNotFound_default" time="0.0" />
  <testcase classname="com.topcoder.service.prerequisite.ejb.DocumentNotFoundFaultUnitTests" name="testSetDocumentIdNotFound_accuracy" time="0.0" />
  <testcase classname="com.topcoder.service.prerequisite.ejb.IllegalArgumentWSFaultUnitTests" name="testIllegalArgumentWSFault_accuracy" time="0.0" />
  <testcase classname="com.topcoder.service.prerequisite.ejb.IllegalArgumentWSFaultUnitTests" name="testGetIllegalArgumentMessage_default" time="0.0" />
  <testcase classname="com.topcoder.service.prerequisite.ejb.IllegalArgumentWSFaultUnitTests" name="testSetIllegalArgumentMessage_accuracy" time="0.0" />
  <testcase classname="com.topcoder.service.prerequisite.ejb.PersistenceFaultUnitTests" name="testPersistenceFault_accuracy" time="0.0" />
  <testcase classname="com.topcoder.service.prerequisite.ejb.PersistenceFaultUnitTests" name="testGetPersistenceMessage_default" time="0.0" />
  <testcase classname="com.topcoder.service.prerequisite.ejb.PersistenceFaultUnitTests" name="testSetPersistenceMessage_accuracy" time="0.0" />
  <testcase classname="com.topcoder.service.prerequisite.ejb.RoleNotFoundFaultUnitTests" name="testRoleNotFoundFault_accuracy" time="0.0" />
  <testcase classname="com.topcoder.service.prerequisite.ejb.RoleNotFoundFaultUnitTests" name="testGetRoleIdNotFound_default" time="0.0" />
  <testcase classname="com.topcoder.service.prerequisite.ejb.RoleNotFoundFaultUnitTests" name="testSetRoleIdNotFound_accuracy" time="0.0" />
  <testcase classname="com.topcoder.service.prerequisite.ejb.UserAlreadyAnsweredDocumentFaultUnitTests" name="testUserAlreadyAnsweredDocumentFault_accuracy" time="0.0" />
  <testcase classname="com.topcoder.service.prerequisite.ejb.UserAlreadyAnsweredDocumentFaultUnitTests" name="testGetUserId_default" time="0.0" />
  <testcase classname="com.topcoder.service.prerequisite.ejb.UserAlreadyAnsweredDocumentFaultUnitTests" name="testSetUserId_accuracy" time="0.0" />
  <testcase classname="com.topcoder.service.prerequisite.ejb.UserNotAuthorizedFaultUnitTests" name="testUserNotAuthorizedFault_accuracy" time="0.0" />
  <testcase classname="com.topcoder.service.prerequisite.ejb.UserNotAuthorizedFaultUnitTests" name="testGetUserIdNotAuthorized_default" time="0.0" />
  <testcase classname="com.topcoder.service.prerequisite.ejb.UserNotAuthorizedFaultUnitTests" name="testSetUserIdNotAuthorized_accuracy" time="0.0" />
  <testcase classname="com.topcoder.service.prerequisite.ejb.GetAllPrerequisiteDocumentsRequestUnitTests" name="testGetAllPrerequisiteDocumentsRequest_accuracy" time="0.0" />
  <testcase classname="com.topcoder.service.prerequisite.ejb.GetAllPrerequisiteDocumentsResponseUnitTests" name="testGetPrerequisiteDocuments_accuracy" time="0.0" />
  <testcase classname="com.topcoder.service.prerequisite.ejb.GetAllPrerequisiteDocumentsResponseUnitTests" name="testGetAllPrerequisiteDocumentsResponse_accuracy" time="0.0" />
  <testcase classname="com.topcoder.service.prerequisite.ejb.GetPrerequisiteDocumentsRequestUnitTests" name="testGetPrerequisiteDocumentsRequest_accuracy" time="0.0" />
  <testcase classname="com.topcoder.service.prerequisite.ejb.GetPrerequisiteDocumentsRequestUnitTests" name="testGetCompetitionId_default" time="0.0" />
  <testcase classname="com.topcoder.service.prerequisite.ejb.GetPrerequisiteDocumentsRequestUnitTests" name="testSetCompetitionId_accuracy" time="0.0" />
  <testcase classname="com.topcoder.service.prerequisite.ejb.GetPrerequisiteDocumentsRequestUnitTests" name="testGetRoleId_default" time="0.0" />
  <testcase classname="com.topcoder.service.prerequisite.ejb.GetPrerequisiteDocumentsRequestUnitTests" name="testSetRoleId_accuracy" time="0.0" />
  <testcase classname="com.topcoder.service.prerequisite.ejb.GetPrerequisiteDocumentsResponseUnitTests" name="testGetPrerequisiteDocuments_accuracy" time="0.0" />
  <testcase classname="com.topcoder.service.prerequisite.ejb.GetPrerequisiteDocumentsResponseUnitTests" name="testGetPrerequisiteDocumentsResponse_accuracy" time="0.0" />
  <testcase classname="com.topcoder.service.prerequisite.ejb.GetPrerequisiteDocumentRequestUnitTests" name="testGetDocumentId_default" time="0.0" />
  <testcase classname="com.topcoder.service.prerequisite.ejb.GetPrerequisiteDocumentRequestUnitTests" name="testSetDocumentId_accuracy" time="0.0" />
  <testcase classname="com.topcoder.service.prerequisite.ejb.GetPrerequisiteDocumentRequestUnitTests" name="testGetVersion_default" time="0.0" />
  <testcase classname="com.topcoder.service.prerequisite.ejb.GetPrerequisiteDocumentRequestUnitTests" name="testSetVersion_accuracy" time="0.0" />
  <testcase classname="com.topcoder.service.prerequisite.ejb.GetPrerequisiteDocumentRequestUnitTests" name="testGetPrerequisiteDocumentRequest_accuracy" time="0.0" />
  <testcase classname="com.topcoder.service.prerequisite.ejb.GetPrerequisiteDocumentResponseUnitTests" name="testGetPrerequisiteDocument_default" time="0.0" />
  <testcase classname="com.topcoder.service.prerequisite.ejb.GetPrerequisiteDocumentResponseUnitTests" name="testSetPrerequisiteDocument_accuracy" time="0.0" />
  <testcase classname="com.topcoder.service.prerequisite.ejb.RecordMemberAnswerResponseUnitTests" name="testRecordMemberAnswerResponse_accuracy" time="0.0" />
  <testcase classname="com.topcoder.service.prerequisite.ejb.RecordMemberAnswerRequestUnitTests" name="testGetCompetitionId_default" time="0.0" />
  <testcase classname="com.topcoder.service.prerequisite.ejb.RecordMemberAnswerRequestUnitTests" name="testSetCompetitionId_accuracy" time="0.0" />
  <testcase classname="com.topcoder.service.prerequisite.ejb.RecordMemberAnswerRequestUnitTests" name="testGetRoleId_default" time="0.0" />
  <testcase classname="com.topcoder.service.prerequisite.ejb.RecordMemberAnswerRequestUnitTests" name="testSetRoleId_accuracy" time="0.0" />
  <testcase classname="com.topcoder.service.prerequisite.ejb.RecordMemberAnswerRequestUnitTests" name="testGetPrerequisiteDocument_default" time="0.0" />
  <testcase classname="com.topcoder.service.prerequisite.ejb.RecordMemberAnswerRequestUnitTests" name="testSetPrerequisiteDocument_accuracy" time="0.0" />
  <testcase classname="com.topcoder.service.prerequisite.ejb.RecordMemberAnswerRequestUnitTests" name="testRecordMemberAnswerRequest_accuracy" time="0.0" />
  <testcase classname="com.topcoder.service.prerequisite.ejb.RecordMemberAnswerRequestUnitTests" name="testGetTimestamp_default" time="0.0" />
  <testcase classname="com.topcoder.service.prerequisite.ejb.RecordMemberAnswerRequestUnitTests" name="testSetTimestamp_accuracy" time="0.0" />
  <testcase classname="com.topcoder.service.prerequisite.ejb.RecordMemberAnswerRequestUnitTests" name="testIsAgrees_default" time="0.0" />
  <testcase classname="com.topcoder.service.prerequisite.ejb.RecordMemberAnswerRequestUnitTests" name="testSetAgrees_accuracy" time="0.0" />
  <testcase classname="com.topcoder.service.prerequisite.ejb.PrerequisiteElementsFactoryUnitTests" name="testPrerequisiteElementsFactory_accuracy" time="0.0" />
  <testcase classname="com.topcoder.service.prerequisite.ejb.PrerequisiteElementsFactoryUnitTests" name="testCreateGetPrerequisiteDocumentsRequest_accuracy" time="0.0" />
  <testcase classname="com.topcoder.service.prerequisite.ejb.PrerequisiteElementsFactoryUnitTests" name="testCreateGetPrerequisiteDocumentsResponse_accuracy" time="0.0" />
  <testcase classname="com.topcoder.service.prerequisite.ejb.PrerequisiteElementsFactoryUnitTests" name="testCreateGetAllPrerequisiteDocumentsRequest_accuracy" time="0.0" />
  <testcase classname="com.topcoder.service.prerequisite.ejb.PrerequisiteElementsFactoryUnitTests" name="testCreateGetAllPrerequisiteDocumentsResponse_accuracy" time="0.0" />
  <testcase classname="com.topcoder.service.prerequisite.ejb.PrerequisiteElementsFactoryUnitTests" name="testCreatePrerequisiteDocument_accuracy" time="0.0" />
  <testcase classname="com.topcoder.service.prerequisite.ejb.PrerequisiteElementsFactoryUnitTests" name="testCreateRecordMemberAnswerRequest_accuracy" time="0.0" />
  <testcase classname="com.topcoder.service.prerequisite.ejb.PrerequisiteElementsFactoryUnitTests" name="testCreateDocumentNotFoundFault_accuracy" time="0.0" />
  <testcase classname="com.topcoder.service.prerequisite.ejb.PrerequisiteElementsFactoryUnitTests" name="testCreateUserAlreadyAnsweredDocumentFault_accuracy" time="0.016" />
  <testcase classname="com.topcoder.service.prerequisite.ejb.PrerequisiteElementsFactoryUnitTests" name="testCreateCompetitionNotFoundFault_accuracy" time="0.0" />
  <testcase classname="com.topcoder.service.prerequisite.ejb.PrerequisiteElementsFactoryUnitTests" name="testCreateRoleNotFoundFault_accuracy" time="0.0" />
  <testcase classname="com.topcoder.service.prerequisite.ejb.PrerequisiteElementsFactoryUnitTests" name="testCreateGetPrerequisiteDocumentRequest_accuracy" time="0.0" />
  <testcase classname="com.topcoder.service.prerequisite.ejb.PrerequisiteElementsFactoryUnitTests" name="testCreateUserNotAuthorizedFault_accuracy" time="0.0" />
  <testcase classname="com.topcoder.service.prerequisite.ejb.PrerequisiteElementsFactoryUnitTests" name="testCreateIllegalArgumentWSFault_accuracy" time="0.0" />
  <testcase classname="com.topcoder.service.prerequisite.ejb.PrerequisiteElementsFactoryUnitTests" name="testCreatePersistenceFault_accuracy" time="0.015" />
  <testcase classname="com.topcoder.service.prerequisite.ejb.PrerequisiteElementsFactoryUnitTests" name="testCreateGetPrerequisiteDocumentResponse_accuracy" time="0.0" />
  <testcase classname="com.topcoder.service.prerequisite.ejb.PrerequisiteElementsFactoryUnitTests" name="testCreateRecordMemberAnswerResponse_accuracy" time="0.0" />
  <testcase classname="com.topcoder.service.prerequisite.Demo" name="testDemo" time="2.657" />
  <testcase classname="com.topcoder.service.prerequisite.accuracytests.PrerequisiteServiceBeanAccTests" name="testGetPrerequisiteDocumentsWithCompetitionIdAndRoleId" time="0.609" />
  <testcase classname="com.topcoder.service.prerequisite.accuracytests.PrerequisiteServiceBeanAccTests" name="testGetPrerequisiteDocumentWithDocumentIdAndVersion" time="0.5" />
  <testcase classname="com.topcoder.service.prerequisite.accuracytests.PrerequisiteServiceBeanAccTests" name="testGetAllPrerequisiteDocuments" time="0.594" />
  <testcase classname="com.topcoder.service.prerequisite.accuracytests.PrerequisiteServiceBeanAccTests" name="testRecordMemberAnswer" time="0.484" />
  <testcase classname="com.topcoder.service.prerequisite.failuretests.PrerequisiteServiceBeanFailureTests" name="testRecordMemberAnswer_NullTimestamp" time="0.328" />
  <testcase classname="com.topcoder.service.prerequisite.failuretests.PrerequisiteServiceBeanFailureTests" name="testRecordMemberAnswer_NullPrerequisiteDocument" time="0.188" />
  <testcase classname="com.topcoder.service.prerequisite.failuretests.PrerequisiteServiceBeanFailureTests" name="testGetPrerequisiteDocument_NegativeDocumentId" time="0.187" />
  <testcase classname="com.topcoder.service.prerequisite.failuretests.PrerequisiteServiceBeanFailureTests" name="testGetPrerequisiteDocument_NegativeVersion" time="0.187" />
  <testcase classname="com.topcoder.service.prerequisite.failuretests.PrerequisiteServiceBeanFailureTests" name="testGetPrerequisiteDocument_DocumentNotFound" time="0.203" />
  <testcase classname="com.topcoder.service.prerequisite.failuretests.PrerequisiteServiceBeanFailureTests" name="testGetAllPrerequisiteDocuments_NotAuthorized" time="0.219" />
  <testcase classname="com.topcoder.service.prerequisite.failuretests.PrerequisiteServiceBeanFailureTests" name="testGetPrerequisiteDocuments_NegativeCompetiitionId" time="0.188" />
  <testcase classname="com.topcoder.service.prerequisite.failuretests.PrerequisiteServiceBeanFailureTests" name="testGetPrerequisiteDocuments_CompetitionNotFound" time="0.187" />
  <testcase classname="com.topcoder.service.prerequisite.failuretests.PrerequisiteServiceBeanFailureTests" name="testGetPrerequisiteDocuments_NegativeRoleId" time="0.188" />
  <testcase classname="com.topcoder.service.prerequisite.failuretests.PrerequisiteServiceBeanFailureTests" name="testGetPrerequisiteDocuments_RoleNotFound" time="0.203" />
  <testcase classname="com.topcoder.service.prerequisite.failuretests.PrerequisiteServiceBeanFailureTests" name="testRecordMemberAnswer_NegativeCompetiitionId" time="0.219" />
  <testcase classname="com.topcoder.service.prerequisite.failuretests.PrerequisiteServiceBeanFailureTests" name="testRecordMemberAnswer_CompetitionNotFound" time="0.187" />
  <testcase classname="com.topcoder.service.prerequisite.failuretests.PrerequisiteServiceBeanFailureTests" name="testRecordMemberAnswer_NegativeRoleId" time="0.203" />
  <testcase classname="com.topcoder.service.prerequisite.failuretests.PrerequisiteServiceBeanFailureTests" name="testRecordMemberAnswer_RoleNotFound" time="0.172" />
  <testcase classname="com.topcoder.service.prerequisite.failuretests.PrerequisiteServiceBeanFailureTests" name="testRecordMemberAnswer_DocumentNotFound" time="0.266" />
  <testcase classname="com.topcoder.service.prerequisite.failuretests.PrerequisiteServiceBeanFailureTests" name="testRecordMemberAnswer_AlreadyAnswered" time="0.437" />
  <testcase classname="com.topcoder.service.prerequisite.stresstests.TestPrerequisiteServiceBeanStress" name="testGetAllPrerequisiteDocuments" time="1.703" />
  <testcase classname="com.topcoder.service.prerequisite.stresstests.TestPrerequisiteServiceBeanStress" name="testRecordMemberAnswer" time="0.719" />
  <testcase classname="com.topcoder.service.prerequisite.stresstests.TestPrerequisiteServiceBeanStress" name="testGetPrerequisiteDocument" time="1.156" />
  <testcase classname="com.topcoder.service.prerequisite.stresstests.TestPrerequisiteServiceBeanStress" name="testGetPrerequisiteDocuments" time="1.094" />
  <system-out><![CDATA[insert into document (description, create_date, document_id) values ('test1', '2008-03-16 17:53:45', 1)
insert into document (description, create_date, document_id) values ('test2', '2008-03-16 17:53:45', 2)
insert into document (description, create_date, document_id) values ('test3', '2008-03-16 17:53:45', 3)
insert into document_name (document_name_id, name) values (1, 'name1')
insert into document_name (document_name_id, name) values (2, 'name2')
insert into document_name (document_name_id, name) values (3, 'name1')
Calling getAllPrerequisiteDocuments 10 times costs:0.828
insert into document (description, create_date, document_id) values ('test1', '2008-03-16 17:53:45', 1)
insert into document (description, create_date, document_id) values ('test2', '2008-03-16 17:53:45', 2)
insert into document (description, create_date, document_id) values ('test3', '2008-03-16 17:53:45', 3)
insert into document_name (document_name_id, name) values (1, 'name1')
insert into document_name (document_name_id, name) values (2, 'name2')
insert into document_name (document_name_id, name) values (3, 'name1')
Calling RecordMemberAnswer once costs:0.094 seconds.
insert into document (description, create_date, document_id) values ('test1', '2008-03-16 17:53:45', 1)
insert into document (description, create_date, document_id) values ('test2', '2008-03-16 17:53:45', 2)
insert into document (description, create_date, document_id) values ('test3', '2008-03-16 17:53:45', 3)
insert into document_name (document_name_id, name) values (1, 'name1')
insert into document_name (document_name_id, name) values (2, 'name2')
insert into document_name (document_name_id, name) values (3, 'name1')
calling getPrerequisiteDocument(long documentId, Integer version) 10 times  costs 0.562 seconds.
insert into document (description, create_date, document_id) values ('test1', '2008-03-16 17:53:45', 1)
insert into document (description, create_date, document_id) values ('test2', '2008-03-16 17:53:45', 2)
insert into document (description, create_date, document_id) values ('test3', '2008-03-16 17:53:45', 3)
insert into document_name (document_name_id, name) values (1, 'name1')
insert into document_name (document_name_id, name) values (2, 'name2')
insert into document_name (document_name_id, name) values (3, 'name1')
calling getPrerequisiteDocument(long documentId, Integer version) 10 times  costs 0.625 seconds.
]]></system-out>
  <system-err><![CDATA[]]></system-err>
</testsuite>
