<?xml version="1.0" encoding="UTF-8" ?>
<testsuite name="com.topcoder.timetracker.user.AllTests" timestamp="2007-08-22T10:14:02" hostname="nanda-desktop" tests="907" failures="0" errors="0" time="366.425">
  <properties>
    <property name="java.vendor" value="Sun Microsystems Inc." />
    <property name="package" value="com.topcoder.timetracker.user" />
    <property name="docpackage.jar" value="time_tracker_user_docs.jar" />
    <property name="eclipse.pdebuild.templates" value="/home/nanda/Desktop/eclipse/plugins/org.eclipse.pde.build_3.3.0.v20070612/templates//" />
    <property name="verbose" value="no" />
    <property name="os.name" value="Linux" />
    <property name="sun.boot.class.path" value="/usr/lib/j2sdk1.4-sun/jre/lib/rt.jar:/usr/lib/j2sdk1.4-sun/jre/lib/i18n.jar:/usr/lib/j2sdk1.4-sun/jre/lib/sunrsasign.jar:/usr/lib/j2sdk1.4-sun/jre/lib/jsse.jar:/usr/lib/j2sdk1.4-sun/jre/lib/jce.jar:/usr/lib/j2sdk1.4-sun/jre/lib/charsets.jar:/usr/lib/j2sdk1.4-sun/jre/classes" />
    <property name="docsdir" value="docs" />
    <property name="javadoc.jar" value="javadocs.jar" />
    <property name="design_submission.jar" value="Time_Tracker_User_3.2.1_design_submission.jar" />
    <property name="component.tests.jar" value="build/dist/lib/tcs/time_tracker_user_tests.jar" />
    <property name="sun.java2d.fontpath" value="" />
    <property name="java.vm.specification.vendor" value="Sun Microsystems Inc." />
    <property name="net.sourceforge.cobertura.datafile" value="/home/nanda/tc2/TimeTrackerUser/log/cobertura.ser" />
    <property name="ant.home" value="/home/nanda/Desktop/eclipse/plugins/org.apache.ant_1.7.0.v200706080842" />
    <property name="java.runtime.version" value="1.4.2_13-b06" />
    <property name="component_path" value="time_tracker_user/3.2.1" />
    <property name="cobertura.dir" value="lib/cobertura/1.8" />
    <property name="user.name" value="nanda" />
    <property name="debug" value="off" />
    <property name="reports" value="reports" />
    <property name="testfiles" value="test_files" />
    <property name="dist_conf" value="build/dist/time_tracker_user-3.2.1/conf" />
    <property name="component_version" value="3.2.1" />
    <property name="user.language" value="en" />
    <property name="cobertura.datafile" value="log/cobertura.ser" />
    <property name="sun.boot.library.path" value="/usr/lib/j2sdk1.4-sun/jre/lib/i386" />
    <property name="tcs_libdir" value="/media/sda8/tcs" />
    <property name="srcdir" value="src" />
    <property name="ant.project.name" value="Time Tracker User" />
    <property name="java.version" value="1.4.2_13" />
    <property name="user.timezone" value="" />
    <property name="dev_dist.jar" value="Time_Tracker_User_3.2.1_dev_dist.jar" />
    <property name="sun.arch.data.model" value="32" />
    <property name="build_lib" value="build/lib" />
    <property name="webdir" value="web" />
    <property name="java.endorsed.dirs" value="/usr/lib/j2sdk1.4-sun/jre/lib/endorsed" />
    <property name="sun.cpu.isalist" value="" />
    <property name="packagedir" value="com/topcoder/timetracker/user" />
    <property name="file.encoding.pkg" value="sun.io" />
    <property name="file.separator" value="/" />
    <property name="java.specification.name" value="Java Platform API Specification" />
    <property name="build_docsdir" value="build/docs" />
    <property name="dev_submission.jar" value="Time_Tracker_User_3.2.1_dev_submission.jar" />
    <property name="java.class.version" value="48.0" />
    <property name="build_testclassdir" value="build/testClasses" />
    <property name="user.country" value="US" />
    <property name="java.home" value="/usr/lib/j2sdk1.4-sun/jre" />
    <property name="java.vm.info" value="mixed mode" />
    <property name="jar_tcs_libdir" value="lib/tcs" />
    <property name="ant.file" value="/home/nanda/tc2/TimeTrackerUser/build.xml" />
    <property name="os.version" value="2.6.20-16-generic" />
    <property name="build_distdir" value="build/dist" />
    <property name="dist_docpackage" value="build/doc_package" />
    <property name="build_tcsdistdir" value="build/dist/time_tracker_user-3.2.1" />
    <property name="path.separator" value=":" />
    <property name="java.vm.version" value="1.4.2_13-b06" />
    <property name="testlogdir" value="log" />
    <property name="java.util.prefs.PreferencesFactory" value="java.util.prefs.FileSystemPreferencesFactory" />
    <property name="ant.library.dir" value="/home/nanda/Desktop/eclipse/plugins/org.apache.ant_1.7.0.v200706080842/lib" />
    <property name="javamain" value="src/java/main" />
    <property name="dist_lib" value="build/dist/lib/tcs" />
    <property name="dist_testfiles" value="build/dist/time_tracker_user-3.2.1/test_files" />
    <property name="dist_javadocs" value="build/dist/time_tracker_user-3.2.1/docs/javadocs" />
    <property name="java.awt.printerjob" value="sun.print.PSPrinterJob" />
    <property name="sun.io.unicode.encoding" value="UnicodeLittle" />
    <property name="component" value="Time_Tracker_User" />
    <property name="component.war" value="${dist_examples}/time_tracker_user.war" />
    <property name="eclipse.pdebuild.scripts" value="/home/nanda/Desktop/eclipse/plugins/org.eclipse.pde.build_3.3.0.v20070612/scripts//" />
    <property name="user.home" value="/home/nanda" />
    <property name="java.specification.vendor" value="Sun Microsystems Inc." />
    <property name="java.vendor.url" value="http://java.sun.com/" />
    <property name="java.library.path" value="/usr/lib/j2sdk1.4-sun/jre/lib/i386/client:/usr/lib/j2sdk1.4-sun/jre/lib/i386:/usr/lib/j2sdk1.4-sun/jre/../lib/i386:/usr/lib/jvm/java-1.5.0-sun-1.5.0.11/jre/lib/i386/client::/usr/lib/jvm/java-1.5.0-sun-1.5.0.11/jre/lib/i386::/usr/lib/mozilla-thunderbird:/usr/lib/mozilla-thunderbird" />
    <property name="build_javadocsdir" value="build/docs/javadocs" />
    <property name="configdir" value="conf" />
    <property name="java.vm.vendor" value="Sun Microsystems Inc." />
    <property name="java.runtime.name" value="Java(TM) 2 Runtime Environment, Standard Edition" />
    <property name="java.class.path" value="/home/nanda/tc2/TimeTrackerUser/build/instrumented:/home/nanda/tc2/TimeTrackerUser/build/testClasses:/home/nanda/tc2/TimeTrackerUser/build/classes:/media/sda8/tcs/authentication_factory/2.0/authentication_factory.jar:/media/sda8/tcs/authorization/2.1.3/authorization.jar:/media/sda8/tcs/base_exception/2.0/base_exception.jar:/media/sda8/tcs/configuration_manager/2.1.5/configuration_manager.jar:/media/sda8/tcs/configuration_api/1.0/configuration_api.jar:/media/sda8/tcs/search_builder/1.3.1/search_builder.jar:/media/sda8/tcs/typesafe_enum/1.0/typesafe_enum.jar:/media/sda8/tcs/id_generator/3.0/id_generator.jar:/media/sda8/tcs/jndi_context_utility/2.0/jndi_context_utility.jar:/media/sda8/tcs/object_factory/2.0.1/object_factory.jar:/media/sda8/tcs/db_connection_factory/1.1/db_connection_factory.jar:/media/sda8/tcs/database_abstraction/1.1/database_abstraction.jar:/media/sda8/tcs/simple_cache/2.0.1/simple_cache.jar:/media/sda8/tcs/logging_wrapper/2.0/logging_wrapper.jar:/media/sda8/tcs/data_validation/1.1.1/data_validation.jar:/media/sda8/tcs/class_associations/1.0/class_associations.jar:/media/sda8/tcs/object_formatter/1.0/object_formatter.jar:/media/sda8/tcs/memory_usage/2.0/memory_usage.jar:/home/nanda/tc2/TimeTrackerUser/test_files/mock.jar:/home/nanda/tc2/TimeTrackerUser/lib/mockejb.jar:/home/nanda/tc2/TimeTrackerUser/lib/j2ee.jar:/home/nanda/tc2/TimeTrackerUser/lib/jmock-core-1.2.0.jar:/home/nanda/tc2/TimeTrackerUser/lib/jmock-cglib-1.2.0.jar:/home/nanda/tc2/TimeTrackerUser/lib/cglib-full-2.0-RC2.jar:/home/nanda/tc2/TimeTrackerUser/lib/mysql-connector-java-5.0.7-bin.jar:/home/nanda/tc2/TimeTrackerUser/conf:/home/nanda/tc2/TimeTrackerUser/test_files:/home/nanda/tc2/TimeTrackerUser/lib/cobertura/1.8/cobertura.jar:/home/nanda/tc2/TimeTrackerUser/lib/cobertura/1.8/lib/asm-2.2.1.jar:/home/nanda/tc2/TimeTrackerUser/lib/cobertura/1.8/lib/jakarta-oro-2.0.8.jar:/home/nanda/tc2/TimeTrackerUser/lib/cobertura/1.8/lib/log4j-1.2.9.jar:/home/nanda/Desktop/eclipse33m6/plugins/org.junit_3.8.2/junit.jar:/home/nanda/Desktop/eclipse/plugins/org.apache.ant_1.7.0.v200706080842/lib/ant-launcher.jar:/home/nanda/Desktop/eclipse/plugins/org.apache.ant_1.7.0.v200706080842/lib/ant.jar:/home/nanda/Desktop/eclipse/plugins/org.apache.ant_1.7.0.v200706080842/lib/ant-junit.jar" />
    <property name="ant.version" value="Apache Ant version 1.7.0 compiled on December 13 2006" />
    <property name="ext_libdir" value="lib" />
    <property name="builddir" value="build" />
    <property name="java.vm.specification.name" value="Java Virtual Machine Specification" />
    <property name="java.vm.specification.version" value="1.0" />
    <property name="component.dist.jar" value="build/dist/time_tracker_user-3.2.1.jar" />
    <property name="sun.cpu.endian" value="little" />
    <property name="sun.os.patch.level" value="unknown" />
    <property name="eclipse.pdebuild.home" value="/home/nanda/Desktop/eclipse/plugins/org.eclipse.pde.build_3.3.0.v20070612/.//" />
    <property name="java.io.tmpdir" value="/tmp" />
    <property name="java.vendor.url.bug" value="http://java.sun.com/cgi-bin/bugreport.cgi" />
    <property name="build_targetclassdir" value="build/targetclasses" />
    <property name="javatests" value="src/java/tests" />
    <property name="build_classdir" value="build/classes" />
    <property name="javadocsdir" value="docs/javadocs" />
    <property name="java.awt.graphicsenv" value="sun.awt.X11GraphicsEnvironment" />
    <property name="os.arch" value="i386" />
    <property name="instrumented.dir" value="build/instrumented" />
    <property name="build_webdir" value="build/web" />
    <property name="java.ext.dirs" value="/usr/lib/j2sdk1.4-sun/jre/lib/ext" />
    <property name="dist_src" value="build/dist/time_tracker_user-3.2.1/src" />
    <property name="user.dir" value="/home/nanda/tc2/TimeTrackerUser" />
    <property name="design_dist.jar" value="Time_Tracker_User_3.2.1_design_dist.jar" />
    <property name="javasrc" value="src/java" />
    <property name="jar_ext_libdir" value="lib" />
    <property name="line.separator" value="
" />
    <property name="java.vm.name" value="Java HotSpot(TM) Client VM" />
    <property name="distfilename" value="time_tracker_user" />
    <property name="java_1_3_bootclasspath" value="c:\program files\JavaSoft\JRE\1.3.1\lib\rt.jar" />
    <property name="ant.file.Time Tracker User" value="/home/nanda/tc2/TimeTrackerUser/build.xml" />
    <property name="basedir" value="/home/nanda/tc2/TimeTrackerUser" />
    <property name="ant.java.version" value="1.4" />
    <property name="ant.core.lib" value="/home/nanda/Desktop/eclipse/plugins/org.apache.ant_1.7.0.v200706080842/lib/ant.jar" />
    <property name="file.encoding" value="UTF-8" />
    <property name="dist_docs" value="build/dist/time_tracker_user-3.2.1/docs" />
    <property name="component.jar" value="build/dist/lib/tcs/time_tracker_user/3.2.1/time_tracker_user.jar" />
    <property name="java.specification.version" value="1.4" />
  </properties>
  <testcase name="testCtor" classname="com.topcoder.timetracker.user.BatchOperationExceptionTests" time="0.043" />
  <testcase name="testBatchOperationExceptionInheritance" classname="com.topcoder.timetracker.user.BatchOperationExceptionTests" time="0.0010" />
  <testcase name="testGetCauses" classname="com.topcoder.timetracker.user.BatchOperationExceptionTests" time="0.0" />
  <testcase name="testConfigurationException1" classname="com.topcoder.timetracker.user.ConfigurationExceptionTests" time="0.0010" />
  <testcase name="testConfigurationException2" classname="com.topcoder.timetracker.user.ConfigurationExceptionTests" time="0.0010" />
  <testcase name="testConfigurationExceptionInheritance1" classname="com.topcoder.timetracker.user.ConfigurationExceptionTests" time="0.0" />
  <testcase name="testConfigurationExceptionInheritance2" classname="com.topcoder.timetracker.user.ConfigurationExceptionTests" time="0.0" />
  <testcase name="testDataAccessException1" classname="com.topcoder.timetracker.user.DataAccessExceptionTests" time="0.0010" />
  <testcase name="testDataAccessException2" classname="com.topcoder.timetracker.user.DataAccessExceptionTests" time="0.0030" />
  <testcase name="testDataAccessExceptionInheritance1" classname="com.topcoder.timetracker.user.DataAccessExceptionTests" time="0.0010" />
  <testcase name="testDataAccessExceptionInheritance2" classname="com.topcoder.timetracker.user.DataAccessExceptionTests" time="0.0" />
  <testcase name="testGetName" classname="com.topcoder.timetracker.user.StatusTests" time="0.0060" />
  <testcase name="testToString" classname="com.topcoder.timetracker.user.StatusTests" time="0.0010" />
  <testcase name="testGetId" classname="com.topcoder.timetracker.user.StatusTests" time="0.0" />
  <testcase name="testToString" classname="com.topcoder.timetracker.user.StringMatchTypeTests" time="0.0020" />
  <testcase name="testGetFilterPrefix" classname="com.topcoder.timetracker.user.StringMatchTypeTests" time="0.0010" />
  <testcase name="testGetId" classname="com.topcoder.timetracker.user.UnrecognizedEntityExceptionTests" time="0.0010" />
  <testcase name="testCtor1" classname="com.topcoder.timetracker.user.UnrecognizedEntityExceptionTests" time="0.0010" />
  <testcase name="testCtor2" classname="com.topcoder.timetracker.user.UnrecognizedEntityExceptionTests" time="0.0010" />
  <testcase name="testCtor" classname="com.topcoder.timetracker.user.UserAuthenticatorTests" time="2.831" />
  <testcase name="testCtor_NullNamespace" classname="com.topcoder.timetracker.user.UserAuthenticatorTests" time="0.648" />
  <testcase name="testCtor_EmptyNamespace" classname="com.topcoder.timetracker.user.UserAuthenticatorTests" time="0.613" />
  <testcase name="testCtor_UnknownNamespace" classname="com.topcoder.timetracker.user.UserAuthenticatorTests" time="0.484" />
  <testcase name="testCtor_ObjectFactoryNamespaceMissing" classname="com.topcoder.timetracker.user.UserAuthenticatorTests" time="0.513" />
  <testcase name="testCtor_ObjectFactoryNamespaceEmpty" classname="com.topcoder.timetracker.user.UserAuthenticatorTests" time="0.488" />
  <testcase name="testCtor_ObjectFactoryNamespaceInvalid" classname="com.topcoder.timetracker.user.UserAuthenticatorTests" time="0.49" />
  <testcase name="testCtor_UserDaoClassnameMissing" classname="com.topcoder.timetracker.user.UserAuthenticatorTests" time="0.53" />
  <testcase name="testCtor_UserDaoClassnameEmpty" classname="com.topcoder.timetracker.user.UserAuthenticatorTests" time="0.529" />
  <testcase name="testCtor_UserDaoClassnameInvalid" classname="com.topcoder.timetracker.user.UserAuthenticatorTests" time="0.454" />
  <testcase name="testCtor_UserDaoClassnameWrongType" classname="com.topcoder.timetracker.user.UserAuthenticatorTests" time="0.441" />
  <testcase name="testCtor_MissingNamespace" classname="com.topcoder.timetracker.user.UserAuthenticatorTests" time="0.434" />
  <testcase name="testDoAuthenticate" classname="com.topcoder.timetracker.user.UserAuthenticatorTests" time="0.721" />
  <testcase name="testDoAuthenticate_WrongPassword" classname="com.topcoder.timetracker.user.UserAuthenticatorTests" time="0.491" />
  <testcase name="testDoAuthenticate_UnknownUser" classname="com.topcoder.timetracker.user.UserAuthenticatorTests" time="0.472" />
  <testcase name="testDoAuthenticate_UserNameKeyMissing" classname="com.topcoder.timetracker.user.UserAuthenticatorTests" time="0.444" />
  <testcase name="testDoAuthenticate_UserNameNonString" classname="com.topcoder.timetracker.user.UserAuthenticatorTests" time="0.466" />
  <testcase name="testDoAuthenticate_PasswordKeyMissing" classname="com.topcoder.timetracker.user.UserAuthenticatorTests" time="0.45" />
  <testcase name="testDoAuthenticate_PasswordNonString" classname="com.topcoder.timetracker.user.UserAuthenticatorTests" time="0.448" />
  <testcase name="testGetUserManager" classname="com.topcoder.timetracker.user.UserManagerFactoryTests" time="0.75" />
  <testcase name="testGetUserManager_NamespaceNotExist" classname="com.topcoder.timetracker.user.UserManagerFactoryTests" time="0.416" />
  <testcase name="testGetUserManager_UserManagerMissing" classname="com.topcoder.timetracker.user.UserManagerFactoryTests" time="0.64" />
  <testcase name="testGetUserManager_UserManagerWrongConfig" classname="com.topcoder.timetracker.user.UserManagerFactoryTests" time="0.43" />
  <testcase name="testGetUserManager_InvalidReference" classname="com.topcoder.timetracker.user.UserManagerFactoryTests" time="0.374" />
  <testcase name="testGetUserManager_UserManagerWrongType" classname="com.topcoder.timetracker.user.UserManagerFactoryTests" time="0.519" />
  <testcase name="testGetUserStatusManager" classname="com.topcoder.timetracker.user.UserManagerFactoryTests" time="0.441" />
  <testcase name="testGetUserStatusManager_NamespaceNotExist" classname="com.topcoder.timetracker.user.UserManagerFactoryTests" time="1.358" />
  <testcase name="testGetUserStatusManager_UserStatusManagerMissing" classname="com.topcoder.timetracker.user.UserManagerFactoryTests" time="0.463" />
  <testcase name="testGetUserStatusManager_UserStatusManagerWrongConfig" classname="com.topcoder.timetracker.user.UserManagerFactoryTests" time="1.07" />
  <testcase name="testGetUserStatusManager_InvalidReference" classname="com.topcoder.timetracker.user.UserManagerFactoryTests" time="0.275" />
  <testcase name="testGetUserStatusManager_UserStatusManagerWrongType" classname="com.topcoder.timetracker.user.UserManagerFactoryTests" time="0.36" />
  <testcase name="testGetUserTypeManager" classname="com.topcoder.timetracker.user.UserManagerFactoryTests" time="0.38" />
  <testcase name="testGetUserTypeManager_NamespaceNotExist" classname="com.topcoder.timetracker.user.UserManagerFactoryTests" time="0.352" />
  <testcase name="testGetUserTypeManager_UserTypeManagerMissing" classname="com.topcoder.timetracker.user.UserManagerFactoryTests" time="0.388" />
  <testcase name="testGetUserTypeManager_UserTypeManagerWrongConfig" classname="com.topcoder.timetracker.user.UserManagerFactoryTests" time="0.363" />
  <testcase name="testGetUserTypeManager_InvalidReference" classname="com.topcoder.timetracker.user.UserManagerFactoryTests" time="0.368" />
  <testcase name="testGetUserTypeManager_UserTypeManagerWrongType" classname="com.topcoder.timetracker.user.UserManagerFactoryTests" time="0.371" />
  <testcase name="testCtor" classname="com.topcoder.timetracker.user.UserManagerImplTests" time="0.431" />
  <testcase name="testCtor_NullUserDao" classname="com.topcoder.timetracker.user.UserManagerImplTests" time="0.436" />
  <testcase name="testCtor_NullAuthPersistence" classname="com.topcoder.timetracker.user.UserManagerImplTests" time="0.446" />
  <testcase name="testCtor_NullAuthenticatorName" classname="com.topcoder.timetracker.user.UserManagerImplTests" time="0.419" />
  <testcase name="testCtor_EmptyAuthenticatorName" classname="com.topcoder.timetracker.user.UserManagerImplTests" time="0.425" />
  <testcase name="testCtor_InvalidAuthenticatorName" classname="com.topcoder.timetracker.user.UserManagerImplTests" time="0.433" />
  <testcase name="testCreateUser" classname="com.topcoder.timetracker.user.UserManagerImplTests" time="0.591" />
  <testcase name="testCreateUser_NullUser" classname="com.topcoder.timetracker.user.UserManagerImplTests" time="0.443" />
  <testcase name="testCreateUser_DataAccessException" classname="com.topcoder.timetracker.user.UserManagerImplTests" time="0.46" />
  <testcase name="testAddUsers" classname="com.topcoder.timetracker.user.UserManagerImplTests" time="0.497" />
  <testcase name="testAddUsers_NullUsers" classname="com.topcoder.timetracker.user.UserManagerImplTests" time="0.825" />
  <testcase name="testAddUsers_NullInUsers" classname="com.topcoder.timetracker.user.UserManagerImplTests" time="0.456" />
  <testcase name="testAddUsers_DataAccessException" classname="com.topcoder.timetracker.user.UserManagerImplTests" time="0.456" />
  <testcase name="testUpdateUser" classname="com.topcoder.timetracker.user.UserManagerImplTests" time="0.656" />
  <testcase name="testUpdateUser_NullUser" classname="com.topcoder.timetracker.user.UserManagerImplTests" time="0.478" />
  <testcase name="testUpdateUser_DataAccessException" classname="com.topcoder.timetracker.user.UserManagerImplTests" time="0.509" />
  <testcase name="testUpdateUser_UnrecognizedEntityException" classname="com.topcoder.timetracker.user.UserManagerImplTests" time="0.539" />
  <testcase name="testUpdateUsers" classname="com.topcoder.timetracker.user.UserManagerImplTests" time="0.619" />
  <testcase name="testUpdateUsers_NullUsers" classname="com.topcoder.timetracker.user.UserManagerImplTests" time="0.733" />
  <testcase name="testUpdateUsers_NullInUsers" classname="com.topcoder.timetracker.user.UserManagerImplTests" time="1.066" />
  <testcase name="testUpdateUsers_BatchOperationException" classname="com.topcoder.timetracker.user.UserManagerImplTests" time="0.919" />
  <testcase name="testUpdateUsers_DataAccessException" classname="com.topcoder.timetracker.user.UserManagerImplTests" time="0.613" />
  <testcase name="testRemoveUser" classname="com.topcoder.timetracker.user.UserManagerImplTests" time="1.673" />
  <testcase name="testRemoveUser_NegativeId" classname="com.topcoder.timetracker.user.UserManagerImplTests" time="0.479" />
  <testcase name="testRemoveUser_UnrecognizedEntityException" classname="com.topcoder.timetracker.user.UserManagerImplTests" time="1.898" />
  <testcase name="testRemoveUser_DataAccessException" classname="com.topcoder.timetracker.user.UserManagerImplTests" time="0.479" />
  <testcase name="testRemoveUsers" classname="com.topcoder.timetracker.user.UserManagerImplTests" time="0.791" />
  <testcase name="testRemoveUsers_NullUserIds" classname="com.topcoder.timetracker.user.UserManagerImplTests" time="0.464" />
  <testcase name="testRemoveUsers_NegativeUserIds" classname="com.topcoder.timetracker.user.UserManagerImplTests" time="0.466" />
  <testcase name="testRemoveUsers_BatchOperationException" classname="com.topcoder.timetracker.user.UserManagerImplTests" time="0.949" />
  <testcase name="testRemoveUsers_DataAccessException" classname="com.topcoder.timetracker.user.UserManagerImplTests" time="0.535" />
  <testcase name="testGetUser" classname="com.topcoder.timetracker.user.UserManagerImplTests" time="0.67" />
  <testcase name="testGetUser_UnrecognizedEntityException" classname="com.topcoder.timetracker.user.UserManagerImplTests" time="1.089" />
  <testcase name="testGetUser_DataAccessException" classname="com.topcoder.timetracker.user.UserManagerImplTests" time="1.565" />
  <testcase name="testGetUsers" classname="com.topcoder.timetracker.user.UserManagerImplTests" time="0.674" />
  <testcase name="testGetUsers_NullUserIds" classname="com.topcoder.timetracker.user.UserManagerImplTests" time="1.172" />
  <testcase name="testGetUsers_NegativeUserId" classname="com.topcoder.timetracker.user.UserManagerImplTests" time="0.518" />
  <testcase name="testGetUsers_DataAccessException" classname="com.topcoder.timetracker.user.UserManagerImplTests" time="1.867" />
  <testcase name="testSearchUsers" classname="com.topcoder.timetracker.user.UserManagerImplTests" time="1.2" />
  <testcase name="testSearchUsers_NullFilter" classname="com.topcoder.timetracker.user.UserManagerImplTests" time="0.554" />
  <testcase name="testSearchUsers_DataAccessException" classname="com.topcoder.timetracker.user.UserManagerImplTests" time="0.748" />
  <testcase name="testAddRoleToUser" classname="com.topcoder.timetracker.user.UserManagerImplTests" time="2.02" />
  <testcase name="testAddRoleToUser_NullUser" classname="com.topcoder.timetracker.user.UserManagerImplTests" time="0.997" />
  <testcase name="testAddRoleToUser_NotPersistedRole" classname="com.topcoder.timetracker.user.UserManagerImplTests" time="1.095" />
  <testcase name="testAddRoleToUser_NullRole" classname="com.topcoder.timetracker.user.UserManagerImplTests" time="0.542" />
  <testcase name="testRemoveRoleFromUser" classname="com.topcoder.timetracker.user.UserManagerImplTests" time="0.59" />
  <testcase name="testRemoveRoleFromUser_NullUser" classname="com.topcoder.timetracker.user.UserManagerImplTests" time="0.627" />
  <testcase name="testRemoveRoleFromUser_NullRole" classname="com.topcoder.timetracker.user.UserManagerImplTests" time="1.293" />
  <testcase name="testRemoveRoleFromUser_UnknownRole" classname="com.topcoder.timetracker.user.UserManagerImplTests" time="0.669" />
  <testcase name="testRemoveRoleFromUser_NotPersistedRole" classname="com.topcoder.timetracker.user.UserManagerImplTests" time="1.624" />
  <testcase name="testRetrieveRolesForUser" classname="com.topcoder.timetracker.user.UserManagerImplTests" time="0.632" />
  <testcase name="testRetrieveRolesForUser_NullUser" classname="com.topcoder.timetracker.user.UserManagerImplTests" time="3.705" />
  <testcase name="testClearRolesFromUser" classname="com.topcoder.timetracker.user.UserManagerImplTests" time="3.225" />
  <testcase name="testClearRolesFromUser_NullUser" classname="com.topcoder.timetracker.user.UserManagerImplTests" time="0.493" />
  <testcase name="testAuthenticateUser" classname="com.topcoder.timetracker.user.UserManagerImplTests" time="1.045" />
  <testcase name="testAuthenticateUser_NullUsername" classname="com.topcoder.timetracker.user.UserManagerImplTests" time="0.453" />
  <testcase name="testAuthenticateUser_EmptyUsername" classname="com.topcoder.timetracker.user.UserManagerImplTests" time="0.644" />
  <testcase name="testAuthenticateUser_NullPassword" classname="com.topcoder.timetracker.user.UserManagerImplTests" time="0.609" />
  <testcase name="testAuthenticateUser_EmptyPassword" classname="com.topcoder.timetracker.user.UserManagerImplTests" time="0.686" />
  <testcase name="testGetAllUsers" classname="com.topcoder.timetracker.user.UserManagerImplTests" time="2.878" />
  <testcase name="testGetAllUsers_DataAccessException" classname="com.topcoder.timetracker.user.UserManagerImplTests" time="0.475" />
  <testcase name="testGetUserFilterFactory" classname="com.topcoder.timetracker.user.UserManagerImplTests" time="0.645" />
  <testcase name="testCtor" classname="com.topcoder.timetracker.user.UserTests" time="0.0" />
  <testcase name="testSetPassword" classname="com.topcoder.timetracker.user.UserTests" time="0.0010" />
  <testcase name="testSetPassword_NullPassword" classname="com.topcoder.timetracker.user.UserTests" time="0.0010" />
  <testcase name="testSetPassword_EmptyPassword" classname="com.topcoder.timetracker.user.UserTests" time="0.0010" />
  <testcase name="testGetUsername" classname="com.topcoder.timetracker.user.UserTests" time="0.0010" />
  <testcase name="testSetUsername" classname="com.topcoder.timetracker.user.UserTests" time="0.0" />
  <testcase name="testSetUsername_NullUsername" classname="com.topcoder.timetracker.user.UserTests" time="0.0010" />
  <testcase name="testSetUsername_EmptyUsername" classname="com.topcoder.timetracker.user.UserTests" time="0.0020" />
  <testcase name="testGetCompanyId" classname="com.topcoder.timetracker.user.UserTests" time="0.0010" />
  <testcase name="testSetCompanyId" classname="com.topcoder.timetracker.user.UserTests" time="0.0070" />
  <testcase name="testSetCompanyId_NegativeId" classname="com.topcoder.timetracker.user.UserTests" time="0.0" />
  <testcase name="testGetContact" classname="com.topcoder.timetracker.user.UserTests" time="0.0" />
  <testcase name="testSetContact" classname="com.topcoder.timetracker.user.UserTests" time="0.0010" />
  <testcase name="testSetContact_NullContact" classname="com.topcoder.timetracker.user.UserTests" time="0.0010" />
  <testcase name="testGetAlgorithmName" classname="com.topcoder.timetracker.user.UserTests" time="0.0010" />
  <testcase name="testSetAlgorithmName" classname="com.topcoder.timetracker.user.UserTests" time="0.0040" />
  <testcase name="testSetAlgorithmName_NullAlgorithmName" classname="com.topcoder.timetracker.user.UserTests" time="0.0010" />
  <testcase name="testSetAlgorithmName_EmptyAlgorithmName" classname="com.topcoder.timetracker.user.UserTests" time="0.0" />
  <testcase name="testGetAddress" classname="com.topcoder.timetracker.user.UserTests" time="0.0" />
  <testcase name="testGetPassword" classname="com.topcoder.timetracker.user.UserTests" time="0.0" />
  <testcase name="testGetStatus" classname="com.topcoder.timetracker.user.UserTests" time="0.0" />
  <testcase name="testSetStatus" classname="com.topcoder.timetracker.user.UserTests" time="0.0" />
  <testcase name="testSetStatus_NullStatus" classname="com.topcoder.timetracker.user.UserTests" time="0.0" />
  <testcase name="testSetAddress" classname="com.topcoder.timetracker.user.UserTests" time="0.0010" />
  <testcase name="testSetAddress_NullAddress" classname="com.topcoder.timetracker.user.UserTests" time="0.0" />
  <testcase name="testGetUserStatusAccuracy" classname="com.topcoder.timetracker.user.UserTests" time="0.0040" />
  <testcase name="testSetUserStatusAccuracy" classname="com.topcoder.timetracker.user.UserTests" time="0.0010" />
  <testcase name="testGetUserTypeAccuracy" classname="com.topcoder.timetracker.user.UserTests" time="0.0010" />
  <testcase name="testSetUserTypeAccuracy" classname="com.topcoder.timetracker.user.UserTests" time="0.0" />
  <testcase name="testGetUserStatusAccuracy" classname="com.topcoder.timetracker.user.UserStatusManagerImplTest" time="0.382" />
  <testcase name="testUserStatusManagerImplAccuracy" classname="com.topcoder.timetracker.user.UserStatusManagerImplTest" time="0.793" />
  <testcase name="testUserStatusManagerImplNull" classname="com.topcoder.timetracker.user.UserStatusManagerImplTest" time="0.495" />
  <testcase name="testCreateUserStatusAccuracy" classname="com.topcoder.timetracker.user.UserStatusManagerImplTest" time="2.936" />
  <testcase name="testCreateUserStatusNull" classname="com.topcoder.timetracker.user.UserStatusManagerImplTest" time="0.282" />
  <testcase name="testCreateUserStatusNotValid1" classname="com.topcoder.timetracker.user.UserStatusManagerImplTest" time="0.423" />
  <testcase name="testCreateUserStatusNotValid2" classname="com.topcoder.timetracker.user.UserStatusManagerImplTest" time="0.299" />
  <testcase name="testCreateUserStatusNotValid3" classname="com.topcoder.timetracker.user.UserStatusManagerImplTest" time="0.701" />
  <testcase name="testCreateUserStatusIdGenError" classname="com.topcoder.timetracker.user.UserStatusManagerImplTest" time="0.326" />
  <testcase name="testUpdateUserStatusAccuracy" classname="com.topcoder.timetracker.user.UserStatusManagerImplTest" time="0.459" />
  <testcase name="testUpdateUserStatusNull" classname="com.topcoder.timetracker.user.UserStatusManagerImplTest" time="0.285" />
  <testcase name="testUpdateUserStatusNegative" classname="com.topcoder.timetracker.user.UserStatusManagerImplTest" time="0.413" />
  <testcase name="testUpdateUserStatusUnrecognized" classname="com.topcoder.timetracker.user.UserStatusManagerImplTest" time="0.3" />
  <testcase name="testRemoveUserStatusAccuracy" classname="com.topcoder.timetracker.user.UserStatusManagerImplTest" time="0.448" />
  <testcase name="testRemoveUserStatusNegative" classname="com.topcoder.timetracker.user.UserStatusManagerImplTest" time="0.282" />
  <testcase name="testRemoveUserStatusUnrecognized" classname="com.topcoder.timetracker.user.UserStatusManagerImplTest" time="0.414" />
  <testcase name="testGetUserStatusNegative" classname="com.topcoder.timetracker.user.UserStatusManagerImplTest" time="0.291" />
  <testcase name="testGetUserStatusUnrecognized" classname="com.topcoder.timetracker.user.UserStatusManagerImplTest" time="0.435" />
  <testcase name="testAddUserStatusesAccuracy" classname="com.topcoder.timetracker.user.UserStatusManagerImplTest" time="0.34" />
  <testcase name="testAddUserStatusesNull" classname="com.topcoder.timetracker.user.UserStatusManagerImplTest" time="0.392" />
  <testcase name="testAddUserStatusesEmpty" classname="com.topcoder.timetracker.user.UserStatusManagerImplTest" time="0.285" />
  <testcase name="testAddUserStatusesMissingDescription" classname="com.topcoder.timetracker.user.UserStatusManagerImplTest" time="0.415" />
  <testcase name="testAddUserStatusesMissingCompanyId" classname="com.topcoder.timetracker.user.UserStatusManagerImplTest" time="0.296" />
  <testcase name="testAddUserStatusesAlreadyAdded" classname="com.topcoder.timetracker.user.UserStatusManagerImplTest" time="0.442" />
  <testcase name="testAddUserStatusesIdGenerationTableNotPrepared" classname="com.topcoder.timetracker.user.UserStatusManagerImplTest" time="0.499" />
  <testcase name="testUpdateUserStatusesAccuracy" classname="com.topcoder.timetracker.user.UserStatusManagerImplTest" time="0.461" />
  <testcase name="testUpdateUserStatusesNull" classname="com.topcoder.timetracker.user.UserStatusManagerImplTest" time="0.279" />
  <testcase name="testUpdateUserStatusesEmpty" classname="com.topcoder.timetracker.user.UserStatusManagerImplTest" time="0.4" />
  <testcase name="testUpdateUserStatusesUnrecognized" classname="com.topcoder.timetracker.user.UserStatusManagerImplTest" time="0.303" />
  <testcase name="testRemoveUserStatusesAccuracy" classname="com.topcoder.timetracker.user.UserStatusManagerImplTest" time="0.445" />
  <testcase name="testRemoveUserStatusesNull" classname="com.topcoder.timetracker.user.UserStatusManagerImplTest" time="0.282" />
  <testcase name="testRemoveUserStatusesEmpty" classname="com.topcoder.timetracker.user.UserStatusManagerImplTest" time="0.625" />
  <testcase name="testRemoveUserStatusesNegativeId" classname="com.topcoder.timetracker.user.UserStatusManagerImplTest" time="2.125" />
  <testcase name="testRemoveUserStatusesUnrecognized" classname="com.topcoder.timetracker.user.UserStatusManagerImplTest" time="0.899" />
  <testcase name="testGetUserStatusesAccuracy" classname="com.topcoder.timetracker.user.UserStatusManagerImplTest" time="0.346" />
  <testcase name="testGetUserStatusesNull" classname="com.topcoder.timetracker.user.UserStatusManagerImplTest" time="0.413" />
  <testcase name="testGetUserStatusesEmpty" classname="com.topcoder.timetracker.user.UserStatusManagerImplTest" time="0.31" />
  <testcase name="testGetUserStatusesUnrecognizedEntity" classname="com.topcoder.timetracker.user.UserStatusManagerImplTest" time="0.528" />
  <testcase name="testSearchUserStatusesAccuracy1" classname="com.topcoder.timetracker.user.UserStatusManagerImplTest" time="0.362" />
  <testcase name="testSearchUserStatusesAccuracy2" classname="com.topcoder.timetracker.user.UserStatusManagerImplTest" time="0.461" />
  <testcase name="testSearchUserStatusesNull" classname="com.topcoder.timetracker.user.UserStatusManagerImplTest" time="0.288" />
  <testcase name="testSearchUserStatusesWrongFilter" classname="com.topcoder.timetracker.user.UserStatusManagerImplTest" time="0.398" />
  <testcase name="testGetAllUserStatusesAccuracy1" classname="com.topcoder.timetracker.user.UserStatusManagerImplTest" time="0.295" />
  <testcase name="testGetAllUserStatusesAccuracy2" classname="com.topcoder.timetracker.user.UserStatusManagerImplTest" time="0.427" />
  <testcase name="testGetUserTypeAccuracy" classname="com.topcoder.timetracker.user.UserTypeManagerImplTest" time="0.506" />
  <testcase name="testUserTypeManagerImplAccuracy" classname="com.topcoder.timetracker.user.UserTypeManagerImplTest" time="0.415" />
  <testcase name="testUserTypeManagerImplNull" classname="com.topcoder.timetracker.user.UserTypeManagerImplTest" time="0.281" />
  <testcase name="testCreateUserTypeAccuracy" classname="com.topcoder.timetracker.user.UserTypeManagerImplTest" time="0.458" />
  <testcase name="testCreateUserTypeNull" classname="com.topcoder.timetracker.user.UserTypeManagerImplTest" time="0.291" />
  <testcase name="testCreateUserTypeNotValid1" classname="com.topcoder.timetracker.user.UserTypeManagerImplTest" time="0.42" />
  <testcase name="testCreateUserTypeNotValid2" classname="com.topcoder.timetracker.user.UserTypeManagerImplTest" time="0.543" />
  <testcase name="testCreateUserTypeNotValid3" classname="com.topcoder.timetracker.user.UserTypeManagerImplTest" time="0.436" />
  <testcase name="testCreateUserTypeIdGenError" classname="com.topcoder.timetracker.user.UserTypeManagerImplTest" time="0.318" />
  <testcase name="testUpdateUserTypeAccuracy" classname="com.topcoder.timetracker.user.UserTypeManagerImplTest" time="0.449" />
  <testcase name="testUpdateUserTypeNull" classname="com.topcoder.timetracker.user.UserTypeManagerImplTest" time="0.416" />
  <testcase name="testUpdateUserTypeNegative" classname="com.topcoder.timetracker.user.UserTypeManagerImplTest" time="0.293" />
  <testcase name="testUpdateUserTypeUnrecognized" classname="com.topcoder.timetracker.user.UserTypeManagerImplTest" time="0.424" />
  <testcase name="testRemoveUserTypeAccuracy" classname="com.topcoder.timetracker.user.UserTypeManagerImplTest" time="0.324" />
  <testcase name="testRemoveUserTypeNegative" classname="com.topcoder.timetracker.user.UserTypeManagerImplTest" time="0.391" />
  <testcase name="testRemoveUserTypeUnrecognized" classname="com.topcoder.timetracker.user.UserTypeManagerImplTest" time="0.298" />
  <testcase name="testGetUserTypeNegative" classname="com.topcoder.timetracker.user.UserTypeManagerImplTest" time="0.414" />
  <testcase name="testGetUserTypeUnrecognized" classname="com.topcoder.timetracker.user.UserTypeManagerImplTest" time="0.295" />
  <testcase name="testAddUserTypesAccuracy" classname="com.topcoder.timetracker.user.UserTypeManagerImplTest" time="0.437" />
  <testcase name="testAddUserTypesNull" classname="com.topcoder.timetracker.user.UserTypeManagerImplTest" time="0.29" />
  <testcase name="testAddUserTypesEmpty" classname="com.topcoder.timetracker.user.UserTypeManagerImplTest" time="0.434" />
  <testcase name="testAddUserTypesMissingDescription" classname="com.topcoder.timetracker.user.UserTypeManagerImplTest" time="0.287" />
  <testcase name="testAddUserTypesMissingCompanyId" classname="com.topcoder.timetracker.user.UserTypeManagerImplTest" time="0.389" />
  <testcase name="testAddUserTypesAlreadyAdded" classname="com.topcoder.timetracker.user.UserTypeManagerImplTest" time="0.34" />
  <testcase name="testAddUserTypesIdGenerationTableNotPrepared" classname="com.topcoder.timetracker.user.UserTypeManagerImplTest" time="0.432" />
  <testcase name="testUpdateUserTypesAccuracy" classname="com.topcoder.timetracker.user.UserTypeManagerImplTest" time="0.493" />
  <testcase name="testUpdateUserTypesNull" classname="com.topcoder.timetracker.user.UserTypeManagerImplTest" time="0.583" />
  <testcase name="testUpdateUserTypesEmpty" classname="com.topcoder.timetracker.user.UserTypeManagerImplTest" time="0.512" />
  <testcase name="testUpdateUserTypesUnrecognized" classname="com.topcoder.timetracker.user.UserTypeManagerImplTest" time="0.287" />
  <testcase name="testRemoveUserTypesAccuracy" classname="com.topcoder.timetracker.user.UserTypeManagerImplTest" time="0.488" />
  <testcase name="testRemoveUserTypesNull" classname="com.topcoder.timetracker.user.UserTypeManagerImplTest" time="0.469" />
  <testcase name="testRemoveUserTypesEmpty" classname="com.topcoder.timetracker.user.UserTypeManagerImplTest" time="0.561" />
  <testcase name="testRemoveUserTypesNegativeId" classname="com.topcoder.timetracker.user.UserTypeManagerImplTest" time="0.324" />
  <testcase name="testRemoveUserTypesUnrecognized" classname="com.topcoder.timetracker.user.UserTypeManagerImplTest" time="3.124" />
  <testcase name="testGetUserTypesAccuracy" classname="com.topcoder.timetracker.user.UserTypeManagerImplTest" time="0.635" />
  <testcase name="testGetUserTypesNull" classname="com.topcoder.timetracker.user.UserTypeManagerImplTest" time="0.405" />
  <testcase name="testGetUserTypesEmpty" classname="com.topcoder.timetracker.user.UserTypeManagerImplTest" time="0.303" />
  <testcase name="testGetUserTypesUnrecognizedEntity" classname="com.topcoder.timetracker.user.UserTypeManagerImplTest" time="0.456" />
  <testcase name="testSearchUserTypesAccuracy1" classname="com.topcoder.timetracker.user.UserTypeManagerImplTest" time="0.401" />
  <testcase name="testSearchUserTypesAccuracy2" classname="com.topcoder.timetracker.user.UserTypeManagerImplTest" time="0.804" />
  <testcase name="testSearchUserTypesNull" classname="com.topcoder.timetracker.user.UserTypeManagerImplTest" time="3.039" />
  <testcase name="testSearchUserTypesWrongFilter" classname="com.topcoder.timetracker.user.UserTypeManagerImplTest" time="3.443" />
  <testcase name="testGetAllUserTypesAccuracy1" classname="com.topcoder.timetracker.user.UserTypeManagerImplTest" time="0.432" />
  <testcase name="testGetAllUserTypesAccuracy2" classname="com.topcoder.timetracker.user.UserTypeManagerImplTest" time="0.331" />
  <testcase name="testUserStatusAccuracy" classname="com.topcoder.timetracker.user.UserStatusTest" time="0.0" />
  <testcase name="testGetDescriptionAccuracy" classname="com.topcoder.timetracker.user.UserStatusTest" time="0.0" />
  <testcase name="testSetDescriptionAccuracy" classname="com.topcoder.timetracker.user.UserStatusTest" time="0.0010" />
  <testcase name="testSetDescriptionNull" classname="com.topcoder.timetracker.user.UserStatusTest" time="0.0" />
  <testcase name="testSetDescriptionEmptyString" classname="com.topcoder.timetracker.user.UserStatusTest" time="0.0" />
  <testcase name="testIsActiveAccuracy" classname="com.topcoder.timetracker.user.UserStatusTest" time="0.0" />
  <testcase name="testSetActiveAccuracy" classname="com.topcoder.timetracker.user.UserStatusTest" time="0.0" />
  <testcase name="testGetCompanyIdAccuracy" classname="com.topcoder.timetracker.user.UserStatusTest" time="0.0" />
  <testcase name="testSetCompanyIdAccuracy" classname="com.topcoder.timetracker.user.UserStatusTest" time="0.0010" />
  <testcase name="testSetCompanyIdNegative" classname="com.topcoder.timetracker.user.UserStatusTest" time="0.0" />
  <testcase name="testGetDescriptionAccuracy" classname="com.topcoder.timetracker.user.UserTypeTest" time="0.0010" />
  <testcase name="testSetDescriptionAccuracy" classname="com.topcoder.timetracker.user.UserTypeTest" time="0.0010" />
  <testcase name="testSetDescriptionNull" classname="com.topcoder.timetracker.user.UserTypeTest" time="0.0010" />
  <testcase name="testSetDescriptionEmptyString" classname="com.topcoder.timetracker.user.UserTypeTest" time="0.0" />
  <testcase name="testIsActiveAccuracy" classname="com.topcoder.timetracker.user.UserTypeTest" time="0.0" />
  <testcase name="testSetActiveAccuracy" classname="com.topcoder.timetracker.user.UserTypeTest" time="0.0" />
  <testcase name="testGetCompanyIdAccuracy" classname="com.topcoder.timetracker.user.UserTypeTest" time="0.0010" />
  <testcase name="testSetCompanyIdAccuracy" classname="com.topcoder.timetracker.user.UserTypeTest" time="0.0010" />
  <testcase name="testSetCompanyIdNegative" classname="com.topcoder.timetracker.user.UserTypeTest" time="0.0010" />
  <testcase name="testUserTypeAccuracy" classname="com.topcoder.timetracker.user.UserTypeTest" time="0.0" />
  <testcase name="testCtor" classname="com.topcoder.timetracker.user.db.DbUserDAOTests" time="0.671" />
  <testcase name="testCtor_NullAuthPersistence" classname="com.topcoder.timetracker.user.db.DbUserDAOTests" time="0.769" />
  <testcase name="testAddUsers_NullUsers" classname="com.topcoder.timetracker.user.db.DbUserDAOTests" time="0.505" />
  <testcase name="testUpdateUsers" classname="com.topcoder.timetracker.user.db.DbUserDAOTests" time="0.459" />
  <testcase name="testUpdateUsers_NullUsers" classname="com.topcoder.timetracker.user.db.DbUserDAOTests" time="0.483" />
  <testcase name="testRemoveUsers" classname="com.topcoder.timetracker.user.db.DbUserDAOTests" time="0.717" />
  <testcase name="testRemoveUsers_NullUserIds" classname="com.topcoder.timetracker.user.db.DbUserDAOTests" time="0.506" />
  <testcase name="testGetUsers" classname="com.topcoder.timetracker.user.db.DbUserDAOTests" time="0.548" />
  <testcase name="testGetUsers_NullUserIds" classname="com.topcoder.timetracker.user.db.DbUserDAOTests" time="0.344" />
  <testcase name="testGetUsers_NegativeUserId" classname="com.topcoder.timetracker.user.db.DbUserDAOTests" time="0.884" />
  <testcase name="testSearchUsers" classname="com.topcoder.timetracker.user.db.DbUserDAOTests" time="0.54" />
  <testcase name="testSearchUsers_NullFilter" classname="com.topcoder.timetracker.user.db.DbUserDAOTests" time="0.491" />
  <testcase name="testGetAllUsers" classname="com.topcoder.timetracker.user.db.DbUserDAOTests" time="0.344" />
  <testcase name="testGetUserFilterFactory" classname="com.topcoder.timetracker.user.db.DbUserDAOTests" time="0.485" />
  <testcase name="testCtor_NullConnFactory" classname="com.topcoder.timetracker.user.db.DbUserDAOTests" time="0.345" />
  <testcase name="testCtor_NullConnName" classname="com.topcoder.timetracker.user.db.DbUserDAOTests" time="0.495" />
  <testcase name="testCtor_EmptyConnName" classname="com.topcoder.timetracker.user.db.DbUserDAOTests" time="0.484" />
  <testcase name="testCtor_NullIdGen" classname="com.topcoder.timetracker.user.db.DbUserDAOTests" time="0.344" />
  <testcase name="testCtor_EmptyIdGen" classname="com.topcoder.timetracker.user.db.DbUserDAOTests" time="0.463" />
  <testcase name="testCtor_NullSearchsStrategyNamespace" classname="com.topcoder.timetracker.user.db.DbUserDAOTests" time="0.531" />
  <testcase name="testCtor_EmptySearchsStrategyNamespace" classname="com.topcoder.timetracker.user.db.DbUserDAOTests" time="0.35" />
  <testcase name="testCtor_NullAuditManager" classname="com.topcoder.timetracker.user.db.DbUserDAOTests" time="0.482" />
  <testcase name="testCtor_NullContactManager" classname="com.topcoder.timetracker.user.db.DbUserDAOTests" time="0.492" />
  <testcase name="testCtor_NullAddressManager" classname="com.topcoder.timetracker.user.db.DbUserDAOTests" time="0.341" />
  <testcase name="testCtor_ConfigurationException" classname="com.topcoder.timetracker.user.db.DbUserDAOTests" time="0.473" />
  <testcase name="testAddUsers1" classname="com.topcoder.timetracker.user.db.DbUserDAOTests" time="0.688" />
  <testcase name="testAddUsers2" classname="com.topcoder.timetracker.user.db.DbUserDAOTests" time="0.661" />
  <testcase name="testAddUsers3" classname="com.topcoder.timetracker.user.db.DbUserDAOTests" time="0.646" />
  <testcase name="testAddUsers_EmptyUsers" classname="com.topcoder.timetracker.user.db.DbUserDAOTests" time="0.341" />
  <testcase name="testAddUsers_UserWithNullUserName" classname="com.topcoder.timetracker.user.db.DbUserDAOTests" time="0.551" />
  <testcase name="testAddUsers_UserWithNullPassword" classname="com.topcoder.timetracker.user.db.DbUserDAOTests" time="0.343" />
  <testcase name="testAddUsers_UserWithNullStatus" classname="com.topcoder.timetracker.user.db.DbUserDAOTests" time="0.482" />
  <testcase name="testAddUsers_UserWithNullAddress" classname="com.topcoder.timetracker.user.db.DbUserDAOTests" time="0.343" />
  <testcase name="testAddUsers_UserWithNullContact" classname="com.topcoder.timetracker.user.db.DbUserDAOTests" time="0.472" />
  <testcase name="testAddUsers_UserWithNullCreationDate" classname="com.topcoder.timetracker.user.db.DbUserDAOTests" time="0.354" />
  <testcase name="testAddUsers_UserWithNullCreationUser" classname="com.topcoder.timetracker.user.db.DbUserDAOTests" time="0.485" />
  <testcase name="testAddUsers_UserWithNullModificationDate" classname="com.topcoder.timetracker.user.db.DbUserDAOTests" time="0.339" />
  <testcase name="testAddUsers_UserWithNullModificationUser" classname="com.topcoder.timetracker.user.db.DbUserDAOTests" time="0.518" />
  <testcase name="testAddUsers_NullUserInUsers" classname="com.topcoder.timetracker.user.db.DbUserDAOTests" time="0.352" />
  <testcase name="testAddUsers_InvalidConnectionName" classname="com.topcoder.timetracker.user.db.DbUserDAOTests" time="0.498" />
  <testcase name="testUpdateUsers_EmptyUsers" classname="com.topcoder.timetracker.user.db.DbUserDAOTests" time="0.357" />
  <testcase name="testUpdateUsers_UserWithNullUserName" classname="com.topcoder.timetracker.user.db.DbUserDAOTests" time="0.757" />
  <testcase name="testUpdateUsers_UserWithNullPassword" classname="com.topcoder.timetracker.user.db.DbUserDAOTests" time="0.372" />
  <testcase name="testUpdateUsers_UserWithNullStatus" classname="com.topcoder.timetracker.user.db.DbUserDAOTests" time="0.493" />
  <testcase name="testUpdateUsers_UserWithNullAddress" classname="com.topcoder.timetracker.user.db.DbUserDAOTests" time="0.372" />
  <testcase name="testUpdateUsers_UserWithNullContact" classname="com.topcoder.timetracker.user.db.DbUserDAOTests" time="0.503" />
  <testcase name="testUpdateUsers_UserWithNullCreationDate" classname="com.topcoder.timetracker.user.db.DbUserDAOTests" time="0.374" />
  <testcase name="testUpdateUsers_UserWithNullCreationUser" classname="com.topcoder.timetracker.user.db.DbUserDAOTests" time="0.93" />
  <testcase name="testUpdateUsers_UserWithNullModificationDate" classname="com.topcoder.timetracker.user.db.DbUserDAOTests" time="0.362" />
  <testcase name="testUpdateUsers_UserWithNullModificationUser" classname="com.topcoder.timetracker.user.db.DbUserDAOTests" time="0.502" />
  <testcase name="testUpdateUsers_UnrecognizedEntityException" classname="com.topcoder.timetracker.user.db.DbUserDAOTests" time="0.366" />
  <testcase name="testUpdateUsers_InvalidConnectionName" classname="com.topcoder.timetracker.user.db.DbUserDAOTests" time="0.552" />
  <testcase name="testRemoveUsers_InvalidConnectionName" classname="com.topcoder.timetracker.user.db.DbUserDAOTests" time="0.381" />
  <testcase name="testRemoveUsers_EmptyUserIds" classname="com.topcoder.timetracker.user.db.DbUserDAOTests" time="0.499" />
  <testcase name="testRemoveUsers_NegativeUserId" classname="com.topcoder.timetracker.user.db.DbUserDAOTests" time="0.39" />
  <testcase name="testRemoveUsers_UnrecognizedEntityException" classname="com.topcoder.timetracker.user.db.DbUserDAOTests" time="0.551" />
  <testcase name="testGetUsers_EmptyUserIds" classname="com.topcoder.timetracker.user.db.DbUserDAOTests" time="0.37" />
  <testcase name="testGetUsers_InvalidConnectionName" classname="com.topcoder.timetracker.user.db.DbUserDAOTests" time="0.506" />
  <testcase name="testSearchUsers_InvalidFilter" classname="com.topcoder.timetracker.user.db.DbUserDAOTests" time="0.576" />
  <testcase name="testGetAllUsers_InvalidConnectionName" classname="com.topcoder.timetracker.user.db.DbUserDAOTests" time="0.384" />
  <testcase name="testAddUserStatusesAccuracy" classname="com.topcoder.timetracker.user.db.DbUserStatusDAOTest" time="0.528" />
  <testcase name="testAddUserStatusesNull" classname="com.topcoder.timetracker.user.db.DbUserStatusDAOTest" time="0.296" />
  <testcase name="testAddUserStatusesEmpty" classname="com.topcoder.timetracker.user.db.DbUserStatusDAOTest" time="0.469" />
  <testcase name="testAddUserStatusesMissingDescription" classname="com.topcoder.timetracker.user.db.DbUserStatusDAOTest" time="0.296" />
  <testcase name="testAddUserStatusesMissingCompanyId" classname="com.topcoder.timetracker.user.db.DbUserStatusDAOTest" time="0.468" />
  <testcase name="testAddUserStatusesAlreadyAdded" classname="com.topcoder.timetracker.user.db.DbUserStatusDAOTest" time="0.338" />
  <testcase name="testAddUserStatusesIdGenerationTableNotPrepared" classname="com.topcoder.timetracker.user.db.DbUserStatusDAOTest" time="0.483" />
  <testcase name="testUpdateUserStatusesAccuracy" classname="com.topcoder.timetracker.user.db.DbUserStatusDAOTest" time="0.339" />
  <testcase name="testUpdateUserStatusesNull" classname="com.topcoder.timetracker.user.db.DbUserStatusDAOTest" time="0.476" />
  <testcase name="testUpdateUserStatusesEmpty" classname="com.topcoder.timetracker.user.db.DbUserStatusDAOTest" time="0.324" />
  <testcase name="testUpdateUserStatusesUnrecognized" classname="com.topcoder.timetracker.user.db.DbUserStatusDAOTest" time="0.45" />
  <testcase name="testRemoveUserStatusesAccuracy" classname="com.topcoder.timetracker.user.db.DbUserStatusDAOTest" time="0.37" />
  <testcase name="testRemoveUserStatusesNull" classname="com.topcoder.timetracker.user.db.DbUserStatusDAOTest" time="0.444" />
  <testcase name="testRemoveUserStatusesEmpty" classname="com.topcoder.timetracker.user.db.DbUserStatusDAOTest" time="0.295" />
  <testcase name="testRemoveUserStatusesNegativeId" classname="com.topcoder.timetracker.user.db.DbUserStatusDAOTest" time="0.467" />
  <testcase name="testRemoveUserStatusesUnrecognized" classname="com.topcoder.timetracker.user.db.DbUserStatusDAOTest" time="0.321" />
  <testcase name="testGetUserStatusesAccuracy" classname="com.topcoder.timetracker.user.db.DbUserStatusDAOTest" time="0.516" />
  <testcase name="testGetUserStatusesNull" classname="com.topcoder.timetracker.user.db.DbUserStatusDAOTest" time="0.31" />
  <testcase name="testGetUserStatusesEmpty" classname="com.topcoder.timetracker.user.db.DbUserStatusDAOTest" time="0.468" />
  <testcase name="testGetUserStatusesUnrecognizedEntity" classname="com.topcoder.timetracker.user.db.DbUserStatusDAOTest" time="0.544" />
  <testcase name="testSearchUserStatusesAccuracy1" classname="com.topcoder.timetracker.user.db.DbUserStatusDAOTest" time="0.592" />
  <testcase name="testSearchUserStatusesAccuracy2" classname="com.topcoder.timetracker.user.db.DbUserStatusDAOTest" time="0.428" />
  <testcase name="testSearchUserStatusesNull" classname="com.topcoder.timetracker.user.db.DbUserStatusDAOTest" time="0.858" />
  <testcase name="testSearchUserStatusesWrongFilter" classname="com.topcoder.timetracker.user.db.DbUserStatusDAOTest" time="0.39" />
  <testcase name="testGetAllUserStatusesAccuracy1" classname="com.topcoder.timetracker.user.db.DbUserStatusDAOTest" time="0.538" />
  <testcase name="testGetAllUserStatusesAccuracy2" classname="com.topcoder.timetracker.user.db.DbUserStatusDAOTest" time="0.585" />
  <testcase name="testDbUserStatusDAOAccuracy" classname="com.topcoder.timetracker.user.db.DbUserStatusDAOTest" time="1.113" />
  <testcase name="testDbUserStatusConnFactoryNull" classname="com.topcoder.timetracker.user.db.DbUserStatusDAOTest" time="2.284" />
  <testcase name="testDbUserStatusConnNameEmpty" classname="com.topcoder.timetracker.user.db.DbUserStatusDAOTest" time="0.458" />
  <testcase name="testDbUserStatusIdGenNull" classname="com.topcoder.timetracker.user.db.DbUserStatusDAOTest" time="0.304" />
  <testcase name="testDbUserStatusIdGenEmpty" classname="com.topcoder.timetracker.user.db.DbUserStatusDAOTest" time="0.458" />
  <testcase name="testDbUserStatusSearchBundleManagerNamespaceNull" classname="com.topcoder.timetracker.user.db.DbUserStatusDAOTest" time="0.89" />
  <testcase name="testDbUserStatusSearchBundleManagerNamespaceEmpty" classname="com.topcoder.timetracker.user.db.DbUserStatusDAOTest" time="0.453" />
  <testcase name="testDbUserStatusSearchBundleNameNull" classname="com.topcoder.timetracker.user.db.DbUserStatusDAOTest" time="0.302" />
  <testcase name="testDbUserStatusSearchBundleNameEmpty" classname="com.topcoder.timetracker.user.db.DbUserStatusDAOTest" time="0.447" />
  <testcase name="testAddUserTypesAccuracy" classname="com.topcoder.timetracker.user.db.DbUserTypeDAOTest" time="0.345" />
  <testcase name="testAddUserTypesNull" classname="com.topcoder.timetracker.user.db.DbUserTypeDAOTest" time="0.598" />
  <testcase name="testAddUserTypesEmpty" classname="com.topcoder.timetracker.user.db.DbUserTypeDAOTest" time="0.814" />
  <testcase name="testAddUserTypesMissingDescription" classname="com.topcoder.timetracker.user.db.DbUserTypeDAOTest" time="0.463" />
  <testcase name="testAddUserTypesMissingCompanyId" classname="com.topcoder.timetracker.user.db.DbUserTypeDAOTest" time="0.296" />
  <testcase name="testAddUserTypesAlreadyAdded" classname="com.topcoder.timetracker.user.db.DbUserTypeDAOTest" time="0.483" />
  <testcase name="testAddUserTypesIdGenerationTableNotPrepared" classname="com.topcoder.timetracker.user.db.DbUserTypeDAOTest" time="0.602" />
  <testcase name="testUpdateUserTypesAccuracy" classname="com.topcoder.timetracker.user.db.DbUserTypeDAOTest" time="0.532" />
  <testcase name="testUpdateUserTypesNull" classname="com.topcoder.timetracker.user.db.DbUserTypeDAOTest" time="0.408" />
  <testcase name="testUpdateUserTypesEmpty" classname="com.topcoder.timetracker.user.db.DbUserTypeDAOTest" time="2.775" />
  <testcase name="testUpdateUserTypesUnrecognized" classname="com.topcoder.timetracker.user.db.DbUserTypeDAOTest" time="0.526" />
  <testcase name="testRemoveUserTypesAccuracy" classname="com.topcoder.timetracker.user.db.DbUserTypeDAOTest" time="1.306" />
  <testcase name="testRemoveUserTypesNull" classname="com.topcoder.timetracker.user.db.DbUserTypeDAOTest" time="0.334" />
  <testcase name="testRemoveUserTypesEmpty" classname="com.topcoder.timetracker.user.db.DbUserTypeDAOTest" time="0.495" />
  <testcase name="testRemoveUserTypesNegativeId" classname="com.topcoder.timetracker.user.db.DbUserTypeDAOTest" time="0.309" />
  <testcase name="testRemoveUserTypesUnrecognized" classname="com.topcoder.timetracker.user.db.DbUserTypeDAOTest" time="0.852" />
  <testcase name="testGetUserTypesAccuracy" classname="com.topcoder.timetracker.user.db.DbUserTypeDAOTest" time="0.346" />
  <testcase name="testGetUserTypesNull" classname="com.topcoder.timetracker.user.db.DbUserTypeDAOTest" time="0.447" />
  <testcase name="testGetUserTypesEmpty" classname="com.topcoder.timetracker.user.db.DbUserTypeDAOTest" time="0.332" />
  <testcase name="testGetUserTypesUnrecognizedEntity" classname="com.topcoder.timetracker.user.db.DbUserTypeDAOTest" time="0.577" />
  <testcase name="testSearchUserTypesAccuracy1" classname="com.topcoder.timetracker.user.db.DbUserTypeDAOTest" time="0.941" />
  <testcase name="testSearchUserTypesAccuracy2" classname="com.topcoder.timetracker.user.db.DbUserTypeDAOTest" time="0.723" />
  <testcase name="testSearchUserTypesNull" classname="com.topcoder.timetracker.user.db.DbUserTypeDAOTest" time="0.591" />
  <testcase name="testSearchUserTypesWrongFilter" classname="com.topcoder.timetracker.user.db.DbUserTypeDAOTest" time="0.543" />
  <testcase name="testGetAllUserTypesAccuracy1" classname="com.topcoder.timetracker.user.db.DbUserTypeDAOTest" time="3.521" />
  <testcase name="testGetAllUserTypesAccuracy2" classname="com.topcoder.timetracker.user.db.DbUserTypeDAOTest" time="0.553" />
  <testcase name="testDbUserTypeDAOAccuracy" classname="com.topcoder.timetracker.user.db.DbUserTypeDAOTest" time="0.325" />
  <testcase name="testDbUserTypeConnFactoryNull" classname="com.topcoder.timetracker.user.db.DbUserTypeDAOTest" time="0.634" />
  <testcase name="testDbUserTypeConnNameEmpty" classname="com.topcoder.timetracker.user.db.DbUserTypeDAOTest" time="0.296" />
  <testcase name="testDbUserTypeIdGenNull" classname="com.topcoder.timetracker.user.db.DbUserTypeDAOTest" time="0.457" />
  <testcase name="testDbUserTypeIdGenEmpty" classname="com.topcoder.timetracker.user.db.DbUserTypeDAOTest" time="0.317" />
  <testcase name="testDbUserTypeSearchBundleManagerNamespaceNull" classname="com.topcoder.timetracker.user.db.DbUserTypeDAOTest" time="0.444" />
  <testcase name="testDbUserTypeSearchBundleManagerNamespaceEmpty" classname="com.topcoder.timetracker.user.db.DbUserTypeDAOTest" time="0.33" />
  <testcase name="testDbUserTypeSearchBundleNameNull" classname="com.topcoder.timetracker.user.db.DbUserTypeDAOTest" time="0.959" />
  <testcase name="testDbUserTypeSearchBundleNameEmpty" classname="com.topcoder.timetracker.user.db.DbUserTypeDAOTest" time="1.745" />
  <testcase name="testGetConnectionAccuracy1" classname="com.topcoder.timetracker.user.db.DbUtilTest" time="0.412" />
  <testcase name="testGetConnectionAccuracy2" classname="com.topcoder.timetracker.user.db.DbUtilTest" time="0.175" />
  <testcase name="testGetConnectionAccuracy3" classname="com.topcoder.timetracker.user.db.DbUtilTest" time="0.747" />
  <testcase name="testGetConnectionFactoryNull" classname="com.topcoder.timetracker.user.db.DbUtilTest" time="0.156" />
  <testcase name="testGetConnectionFactoryNoConnectionName" classname="com.topcoder.timetracker.user.db.DbUtilTest" time="0.163" />
  <testcase name="testCloseConnectionAccuracy" classname="com.topcoder.timetracker.user.db.DbUtilTest" time="0.311" />
  <testcase name="testCloseConnectionNull" classname="com.topcoder.timetracker.user.db.DbUtilTest" time="0.161" />
  <testcase name="testCloseConnectionAlreadyClosed" classname="com.topcoder.timetracker.user.db.DbUtilTest" time="0.189" />
  <testcase name="testExecuteUpdateAccuracy" classname="com.topcoder.timetracker.user.db.DbUtilTest" time="0.328" />
  <testcase name="testExecuteUpdateUnrecognized" classname="com.topcoder.timetracker.user.db.DbUtilTest" time="0.191" />
  <testcase name="testExecuteUpdateWrongQuery" classname="com.topcoder.timetracker.user.db.DbUtilTest" time="0.176" />
  <testcase name="testFillPreparedStatementAccuracy1" classname="com.topcoder.timetracker.user.db.DbUtilTest" time="0.3" />
  <testcase name="testFillPreparedStatementAccuracy2" classname="com.topcoder.timetracker.user.db.DbUtilTest" time="0.18" />
  <testcase name="testFillPreparedStatementTooMany" classname="com.topcoder.timetracker.user.db.DbUtilTest" time="0.326" />
  <testcase name="testCloseStatementAccuracy" classname="com.topcoder.timetracker.user.db.DbUtilTest" time="0.163" />
  <testcase name="testCloseStatementNull" classname="com.topcoder.timetracker.user.db.DbUtilTest" time="0.159" />
  <testcase name="testCloseStatementAlreadyClosed" classname="com.topcoder.timetracker.user.db.DbUtilTest" time="0.337" />
  <testcase name="testCloseStatementConnectionAlreadyClosed" classname="com.topcoder.timetracker.user.db.DbUtilTest" time="0.177" />
  <testcase name="testCloseResultSetAccuracy" classname="com.topcoder.timetracker.user.db.DbUtilTest" time="0.162" />
  <testcase name="testCloseResultSetNull" classname="com.topcoder.timetracker.user.db.DbUtilTest" time="0.291" />
  <testcase name="testCloseResultSetAlreadyClosed" classname="com.topcoder.timetracker.user.db.DbUtilTest" time="0.347" />
  <testcase name="testFinishBatchOperationAccuracy1" classname="com.topcoder.timetracker.user.db.DbUtilTest" time="0.18" />
  <testcase name="testFinishBatchOperationAccuracy2" classname="com.topcoder.timetracker.user.db.DbUtilTest" time="0.301" />
  <testcase name="testFinishBatchOperationError" classname="com.topcoder.timetracker.user.db.DbUtilTest" time="0.17" />
  <testcase name="testPrepareTimeTrackerBeanParamsAccuracy" classname="com.topcoder.timetracker.user.db.DbUtilTest" time="0.157" />
  <testcase name="testPrepareTimeTrackerBeanParamsParamsNull" classname="com.topcoder.timetracker.user.db.DbUtilTest" time="0.287" />
  <testcase name="testPrepareTimeTrackerBeanParamsBeanNull" classname="com.topcoder.timetracker.user.db.DbUtilTest" time="0.153" />
  <testcase name="testPrepareSearchBundleAccuracy" classname="com.topcoder.timetracker.user.db.DbUtilTest" time="0.344" />
  <testcase name="testPrepareSearchBundleNullNamespace" classname="com.topcoder.timetracker.user.db.DbUtilTest" time="0.154" />
  <testcase name="testPrepareSearchBundleEmptyNamespace" classname="com.topcoder.timetracker.user.db.DbUtilTest" time="0.154" />
  <testcase name="testPrepareSearchBundleNullName" classname="com.topcoder.timetracker.user.db.DbUtilTest" time="0.293" />
  <testcase name="testPrepareSearchBundleEmptyName" classname="com.topcoder.timetracker.user.db.DbUtilTest" time="0.153" />
  <testcase name="testPrepareSearchBundleNoConfig" classname="com.topcoder.timetracker.user.db.DbUtilTest" time="0.158" />
  <testcase name="testCreateIDGeneratorAccuracy" classname="com.topcoder.timetracker.user.db.DbUtilTest" time="0.431" />
  <testcase name="testCreateIDGeneratorNull" classname="com.topcoder.timetracker.user.db.DbUtilTest" time="0.154" />
  <testcase name="testCreateIDGeneratorNotKnown" classname="com.topcoder.timetracker.user.db.DbUtilTest" time="0.325" />
  <testcase name="testCheckTimeTrackerBeanAccuracy" classname="com.topcoder.timetracker.user.db.DbUtilTest" time="0.155" />
  <testcase name="testCheckTimeTrackerBeanCreationDateNull" classname="com.topcoder.timetracker.user.db.DbUtilTest" time="0.335" />
  <testcase name="testCheckTimeTrackerBeanCreationUserNull" classname="com.topcoder.timetracker.user.db.DbUtilTest" time="0.153" />
  <testcase name="testCheckTimeTrackerBeanModificationDateNull" classname="com.topcoder.timetracker.user.db.DbUtilTest" time="0.157" />
  <testcase name="testCheckTimeTrackerBeanModificationUserNull" classname="com.topcoder.timetracker.user.db.DbUtilTest" time="0.293" />
  <testcase name="testCtor" classname="com.topcoder.timetracker.user.filterfactory.MappedBaseFilterFactoryTests" time="0.0010" />
  <testcase name="testCtor_NullColumnNames" classname="com.topcoder.timetracker.user.filterfactory.MappedBaseFilterFactoryTests" time="0.0010" />
  <testcase name="testCtor_NullKey" classname="com.topcoder.timetracker.user.filterfactory.MappedBaseFilterFactoryTests" time="0.0010" />
  <testcase name="testCtor_EmptyKey" classname="com.topcoder.timetracker.user.filterfactory.MappedBaseFilterFactoryTests" time="0.0010" />
  <testcase name="testCtor_KeyNotString" classname="com.topcoder.timetracker.user.filterfactory.MappedBaseFilterFactoryTests" time="0.0010" />
  <testcase name="testCtor_MissingKey" classname="com.topcoder.timetracker.user.filterfactory.MappedBaseFilterFactoryTests" time="0.0" />
  <testcase name="testCtor_NullValue" classname="com.topcoder.timetracker.user.filterfactory.MappedBaseFilterFactoryTests" time="0.0010" />
  <testcase name="testCtor_EmptyValue" classname="com.topcoder.timetracker.user.filterfactory.MappedBaseFilterFactoryTests" time="0.0010" />
  <testcase name="testCtor_ValueNotString" classname="com.topcoder.timetracker.user.filterfactory.MappedBaseFilterFactoryTests" time="0.0" />
  <testcase name="testCreateCreationDateFilter" classname="com.topcoder.timetracker.user.filterfactory.MappedBaseFilterFactoryTests" time="0.0010" />
  <testcase name="testCreateCreationDateFilter_NullRangeStart" classname="com.topcoder.timetracker.user.filterfactory.MappedBaseFilterFactoryTests" time="0.0010" />
  <testcase name="testCreateCreationDateFilter_NullRangeEnd" classname="com.topcoder.timetracker.user.filterfactory.MappedBaseFilterFactoryTests" time="0.0020" />
  <testcase name="testCreateCreationDateFilter_NullBothArguments" classname="com.topcoder.timetracker.user.filterfactory.MappedBaseFilterFactoryTests" time="0.0010" />
  <testcase name="testCreateCreationDateFilter_InvalidArguments" classname="com.topcoder.timetracker.user.filterfactory.MappedBaseFilterFactoryTests" time="0.0010" />
  <testcase name="testCreateModificationDateFilter" classname="com.topcoder.timetracker.user.filterfactory.MappedBaseFilterFactoryTests" time="0.0020" />
  <testcase name="testCreateModificationDateFilter_NullRangeStart" classname="com.topcoder.timetracker.user.filterfactory.MappedBaseFilterFactoryTests" time="0.0010" />
  <testcase name="testCreateModificationDateFilter_NullRangeEnd" classname="com.topcoder.timetracker.user.filterfactory.MappedBaseFilterFactoryTests" time="0.0" />
  <testcase name="testCreateModificationDateFilter_NullBothArguments" classname="com.topcoder.timetracker.user.filterfactory.MappedBaseFilterFactoryTests" time="0.0" />
  <testcase name="testCreateModificationDateFilter_InvalidArguments" classname="com.topcoder.timetracker.user.filterfactory.MappedBaseFilterFactoryTests" time="0.0010" />
  <testcase name="testCreateCreationUserFilter" classname="com.topcoder.timetracker.user.filterfactory.MappedBaseFilterFactoryTests" time="0.0010" />
  <testcase name="testCreateCreationUserFilter_NullMatchType" classname="com.topcoder.timetracker.user.filterfactory.MappedBaseFilterFactoryTests" time="0.0020" />
  <testcase name="testCreateCreationUserFilter_NullUsername" classname="com.topcoder.timetracker.user.filterfactory.MappedBaseFilterFactoryTests" time="0.0" />
  <testcase name="testCreateCreationUserFilter_EmptyUsername" classname="com.topcoder.timetracker.user.filterfactory.MappedBaseFilterFactoryTests" time="0.0" />
  <testcase name="testCreateModificationUserFilter" classname="com.topcoder.timetracker.user.filterfactory.MappedBaseFilterFactoryTests" time="0.0010" />
  <testcase name="testCreateModificationUserFilter_NullMatchType" classname="com.topcoder.timetracker.user.filterfactory.MappedBaseFilterFactoryTests" time="0.0010" />
  <testcase name="testCreateModificationUserFilter_NullUsername" classname="com.topcoder.timetracker.user.filterfactory.MappedBaseFilterFactoryTests" time="0.0" />
  <testcase name="testCreateModificationUserFilter_EmptyUsername" classname="com.topcoder.timetracker.user.filterfactory.MappedBaseFilterFactoryTests" time="0.0010" />
  <testcase name="testGetColumnNames" classname="com.topcoder.timetracker.user.filterfactory.MappedBaseFilterFactoryTests" time="0.0010" />
  <testcase name="testCheckNull_NotNullObject" classname="com.topcoder.timetracker.user.filterfactory.UtilTests" time="0.0010" />
  <testcase name="testCheckNull_NullObject" classname="com.topcoder.timetracker.user.filterfactory.UtilTests" time="0.0010" />
  <testcase name="testCheckString_NotNullNotEmptyString" classname="com.topcoder.timetracker.user.filterfactory.UtilTests" time="0.0" />
  <testcase name="testCheckString_NullString" classname="com.topcoder.timetracker.user.filterfactory.UtilTests" time="0.0" />
  <testcase name="testCheckString_EmptyString" classname="com.topcoder.timetracker.user.filterfactory.UtilTests" time="0.0" />
  <testcase name="testCheckMapForKeys" classname="com.topcoder.timetracker.user.filterfactory.UtilTests" time="0.0" />
  <testcase name="testCheckMapForKeys_NotContainKey" classname="com.topcoder.timetracker.user.filterfactory.UtilTests" time="0.0" />
  <testcase name="testCreateFilter" classname="com.topcoder.timetracker.user.filterfactory.UtilTests" time="0.0" />
  <testcase name="testCreateFilter_NullMatchType" classname="com.topcoder.timetracker.user.filterfactory.UtilTests" time="0.0010" />
  <testcase name="testCreateLocalObjectNull" classname="com.topcoder.timetracker.user.filterfactory.UtilTests" time="0.0040" />
  <testcase name="testUpdateDatesAccuracy" classname="com.topcoder.timetracker.user.filterfactory.UtilTests" time="0.0" />
  <testcase name="testUpdateDatesNull" classname="com.topcoder.timetracker.user.filterfactory.UtilTests" time="0.0010" />
  <testcase name="testUpdateDatesContainsNull" classname="com.topcoder.timetracker.user.filterfactory.UtilTests" time="0.0010" />
  <testcase name="testCreateDateFilterAccuracy" classname="com.topcoder.timetracker.user.filterfactory.UtilTests" time="0.0010" />
  <testcase name="testCreateBooleanFilterAccuracy" classname="com.topcoder.timetracker.user.filterfactory.UtilTests" time="0.0010" />
  <testcase name="testCreateLongFilterAccuracy" classname="com.topcoder.timetracker.user.filterfactory.UtilTests" time="0.0" />
  <testcase name="testCreateLongFilterNegative" classname="com.topcoder.timetracker.user.filterfactory.UtilTests" time="0.0" />
  <testcase name="testCreateStringFilterAccuracy" classname="com.topcoder.timetracker.user.filterfactory.UtilTests" time="0.0" />
  <testcase name="testCreateStringFilterNull" classname="com.topcoder.timetracker.user.filterfactory.UtilTests" time="0.0" />
  <testcase name="testCreateStringFilterEmpty" classname="com.topcoder.timetracker.user.filterfactory.UtilTests" time="0.0" />
  <testcase name="testConvertBatchExceptionToSingleExceptionAccuracy1" classname="com.topcoder.timetracker.user.filterfactory.UtilTests" time="0.0" />
  <testcase name="testConvertBatchExceptionToSingleExceptionAccuracy2" classname="com.topcoder.timetracker.user.filterfactory.UtilTests" time="0.0" />
  <testcase name="testConvertBatchExceptionToSingleExceptionNull" classname="com.topcoder.timetracker.user.filterfactory.UtilTests" time="0.0" />
  <testcase name="testCtor" classname="com.topcoder.timetracker.user.filterfactory.MappedUserFilterFactoryTests" time="0.012" />
  <testcase name="testCtor_NullColumnNames" classname="com.topcoder.timetracker.user.filterfactory.MappedUserFilterFactoryTests" time="0.012" />
  <testcase name="testCtor_NullKey" classname="com.topcoder.timetracker.user.filterfactory.MappedUserFilterFactoryTests" time="0.0030" />
  <testcase name="testCtor_EmptyKey" classname="com.topcoder.timetracker.user.filterfactory.MappedUserFilterFactoryTests" time="0.012" />
  <testcase name="testCtor_KeyNotString" classname="com.topcoder.timetracker.user.filterfactory.MappedUserFilterFactoryTests" time="0.01" />
  <testcase name="testCtor_MissingKey" classname="com.topcoder.timetracker.user.filterfactory.MappedUserFilterFactoryTests" time="0.012" />
  <testcase name="testCtor_NullValue" classname="com.topcoder.timetracker.user.filterfactory.MappedUserFilterFactoryTests" time="0.012" />
  <testcase name="testCtor_EmptyValue" classname="com.topcoder.timetracker.user.filterfactory.MappedUserFilterFactoryTests" time="0.014" />
  <testcase name="testCtor_ValueNotString" classname="com.topcoder.timetracker.user.filterfactory.MappedUserFilterFactoryTests" time="0.013" />
  <testcase name="testCreateUsernameFilter" classname="com.topcoder.timetracker.user.filterfactory.MappedUserFilterFactoryTests" time="0.01" />
  <testcase name="testCreateUsernameFilter_NullMatchType" classname="com.topcoder.timetracker.user.filterfactory.MappedUserFilterFactoryTests" time="0.0020" />
  <testcase name="testCreateUsernameFilter_NullUsername" classname="com.topcoder.timetracker.user.filterfactory.MappedUserFilterFactoryTests" time="0.01" />
  <testcase name="testCreateUsernameFilter_EmptyUsername" classname="com.topcoder.timetracker.user.filterfactory.MappedUserFilterFactoryTests" time="0.012" />
  <testcase name="testCreatePasswordFilter" classname="com.topcoder.timetracker.user.filterfactory.MappedUserFilterFactoryTests" time="0.0020" />
  <testcase name="testCreatePasswordFilter_NullMatchType" classname="com.topcoder.timetracker.user.filterfactory.MappedUserFilterFactoryTests" time="0.01" />
  <testcase name="testCreatePasswordFilter_NullPassword" classname="com.topcoder.timetracker.user.filterfactory.MappedUserFilterFactoryTests" time="0.0030" />
  <testcase name="testCreatePasswordFilter_EmptyPassword" classname="com.topcoder.timetracker.user.filterfactory.MappedUserFilterFactoryTests" time="0.011" />
  <testcase name="testCreateLastNameFilter" classname="com.topcoder.timetracker.user.filterfactory.MappedUserFilterFactoryTests" time="0.01" />
  <testcase name="testCreateLastNameFilter_NullMatchType" classname="com.topcoder.timetracker.user.filterfactory.MappedUserFilterFactoryTests" time="0.0020" />
  <testcase name="testCreateLastNameFilter_NullLastName" classname="com.topcoder.timetracker.user.filterfactory.MappedUserFilterFactoryTests" time="0.011" />
  <testcase name="testCreateLastNameFilter_EmptyLastName" classname="com.topcoder.timetracker.user.filterfactory.MappedUserFilterFactoryTests" time="0.0030" />
  <testcase name="testCreateFirstNameFilter" classname="com.topcoder.timetracker.user.filterfactory.MappedUserFilterFactoryTests" time="0.01" />
  <testcase name="testCreateFirstNameFilter_NullMatchType" classname="com.topcoder.timetracker.user.filterfactory.MappedUserFilterFactoryTests" time="0.01" />
  <testcase name="testCreateFirstNameFilter_NullFirstName" classname="com.topcoder.timetracker.user.filterfactory.MappedUserFilterFactoryTests" time="0.0020" />
  <testcase name="testCreateFirstNameFilter_EmptyFirstName" classname="com.topcoder.timetracker.user.filterfactory.MappedUserFilterFactoryTests" time="0.011" />
  <testcase name="testCreatePhoneNumberFilter" classname="com.topcoder.timetracker.user.filterfactory.MappedUserFilterFactoryTests" time="0.0030" />
  <testcase name="testCreatePhoneNumberFilter_NullMatchType" classname="com.topcoder.timetracker.user.filterfactory.MappedUserFilterFactoryTests" time="0.01" />
  <testcase name="testCreatePhoneNumberFilter_NullPhoneNumber" classname="com.topcoder.timetracker.user.filterfactory.MappedUserFilterFactoryTests" time="0.011" />
  <testcase name="testCreatePhoneNumberFilter_EmptyPhoneNumber" classname="com.topcoder.timetracker.user.filterfactory.MappedUserFilterFactoryTests" time="0.0020" />
  <testcase name="testCreateEmailFilter" classname="com.topcoder.timetracker.user.filterfactory.MappedUserFilterFactoryTests" time="0.01" />
  <testcase name="testCreateEmailFilter_NullMatchType" classname="com.topcoder.timetracker.user.filterfactory.MappedUserFilterFactoryTests" time="0.0030" />
  <testcase name="testCreateEmailFilter_NullEmail" classname="com.topcoder.timetracker.user.filterfactory.MappedUserFilterFactoryTests" time="0.011" />
  <testcase name="testCreateEmailFilter_EmptyEmail" classname="com.topcoder.timetracker.user.filterfactory.MappedUserFilterFactoryTests" time="0.0020" />
  <testcase name="testCreateAddressFilter" classname="com.topcoder.timetracker.user.filterfactory.MappedUserFilterFactoryTests" time="0.011" />
  <testcase name="testCreateAddressFilter_NullMatchType" classname="com.topcoder.timetracker.user.filterfactory.MappedUserFilterFactoryTests" time="0.01" />
  <testcase name="testCreateAddressFilter_NullAddress" classname="com.topcoder.timetracker.user.filterfactory.MappedUserFilterFactoryTests" time="0.0020" />
  <testcase name="testCreateAddressFilter_EmptyAddress" classname="com.topcoder.timetracker.user.filterfactory.MappedUserFilterFactoryTests" time="0.01" />
  <testcase name="testCreateCityFilter" classname="com.topcoder.timetracker.user.filterfactory.MappedUserFilterFactoryTests" time="0.0030" />
  <testcase name="testCreateCityFilter_NullMatchType" classname="com.topcoder.timetracker.user.filterfactory.MappedUserFilterFactoryTests" time="0.012" />
  <testcase name="testCreateCityFilter_NullCity" classname="com.topcoder.timetracker.user.filterfactory.MappedUserFilterFactoryTests" time="0.017" />
  <testcase name="testCreateCityFilter_EmptyCity" classname="com.topcoder.timetracker.user.filterfactory.MappedUserFilterFactoryTests" time="0.0020" />
  <testcase name="testCreateStateFilter" classname="com.topcoder.timetracker.user.filterfactory.MappedUserFilterFactoryTests" time="0.011" />
  <testcase name="testCreateStateFilter_NullState" classname="com.topcoder.timetracker.user.filterfactory.MappedUserFilterFactoryTests" time="0.0030" />
  <testcase name="testCreateZipCodeFilter" classname="com.topcoder.timetracker.user.filterfactory.MappedUserFilterFactoryTests" time="0.01" />
  <testcase name="testCreateZipCodeFilter_NullMatchType" classname="com.topcoder.timetracker.user.filterfactory.MappedUserFilterFactoryTests" time="0.011" />
  <testcase name="testCreateZipCodeFilter_NullZipCode" classname="com.topcoder.timetracker.user.filterfactory.MappedUserFilterFactoryTests" time="0.0020" />
  <testcase name="testCreateZipCodeFilter_EmptyZipCode" classname="com.topcoder.timetracker.user.filterfactory.MappedUserFilterFactoryTests" time="0.011" />
  <testcase name="testCreateCompanyIdFilter" classname="com.topcoder.timetracker.user.filterfactory.MappedUserFilterFactoryTests" time="0.0030" />
  <testcase name="testCreateCompanyIdFilter_NegativeId" classname="com.topcoder.timetracker.user.filterfactory.MappedUserFilterFactoryTests" time="0.01" />
  <testcase name="testCreateStatusFilter" classname="com.topcoder.timetracker.user.filterfactory.MappedUserFilterFactoryTests" time="0.011" />
  <testcase name="testCreateStatusFilter_NullStatus" classname="com.topcoder.timetracker.user.filterfactory.MappedUserFilterFactoryTests" time="0.0020" />
  <testcase name="testCreateUserStatusIdFilter" classname="com.topcoder.timetracker.user.filterfactory.MappedUserFilterFactoryTests" time="0.011" />
  <testcase name="testCreateUserStatusIdFilter_NegativeUserStatusId" classname="com.topcoder.timetracker.user.filterfactory.MappedUserFilterFactoryTests" time="0.0020" />
  <testcase name="testCreateUserStatusNameFilter" classname="com.topcoder.timetracker.user.filterfactory.MappedUserFilterFactoryTests" time="0.011" />
  <testcase name="testCreateUserStatusNameFilter_NullUserStatusName" classname="com.topcoder.timetracker.user.filterfactory.MappedUserFilterFactoryTests" time="0.012" />
  <testcase name="testCreateUserStatusNameFilter_EmptyUserStatusName" classname="com.topcoder.timetracker.user.filterfactory.MappedUserFilterFactoryTests" time="0.0020" />
  <testcase name="testCreateUserTypeIdFilter" classname="com.topcoder.timetracker.user.filterfactory.MappedUserFilterFactoryTests" time="0.011" />
  <testcase name="testCreateUserTypeIdFilter_NegativeUserTypeId" classname="com.topcoder.timetracker.user.filterfactory.MappedUserFilterFactoryTests" time="0.0020" />
  <testcase name="testCreateUserTypeNameFilter" classname="com.topcoder.timetracker.user.filterfactory.MappedUserFilterFactoryTests" time="0.01" />
  <testcase name="testCreateUserTypeNameFilter_NullUserTypeName" classname="com.topcoder.timetracker.user.filterfactory.MappedUserFilterFactoryTests" time="0.012" />
  <testcase name="testCreateUserTypeNameFilter_EmptyUserTypeName" classname="com.topcoder.timetracker.user.filterfactory.MappedUserFilterFactoryTests" time="0.0020" />
  <testcase name="testCreateCompanyIdFilterAccuracy" classname="com.topcoder.timetracker.user.filterfactory.UserStatusFilterFactoryTest" time="0.0" />
  <testcase name="testCreateCompanyIdFilterNegative" classname="com.topcoder.timetracker.user.filterfactory.UserStatusFilterFactoryTest" time="0.0" />
  <testcase name="testCreateDescriptionFilterAccuracy" classname="com.topcoder.timetracker.user.filterfactory.UserStatusFilterFactoryTest" time="0.0" />
  <testcase name="testCreateDescriptionFilterNull" classname="com.topcoder.timetracker.user.filterfactory.UserStatusFilterFactoryTest" time="0.0" />
  <testcase name="testCreateDescriptionFilterEmpty" classname="com.topcoder.timetracker.user.filterfactory.UserStatusFilterFactoryTest" time="0.0" />
  <testcase name="testCreateActiveFilterAccuracy" classname="com.topcoder.timetracker.user.filterfactory.UserStatusFilterFactoryTest" time="0.0" />
  <testcase name="testCreateCreationDateFilterAccuracy1" classname="com.topcoder.timetracker.user.filterfactory.UserStatusFilterFactoryTest" time="0.0010" />
  <testcase name="testCreateCreationDateFilterAccuracy2" classname="com.topcoder.timetracker.user.filterfactory.UserStatusFilterFactoryTest" time="0.0010" />
  <testcase name="testCreateCreationDateFilterAccuracy3" classname="com.topcoder.timetracker.user.filterfactory.UserStatusFilterFactoryTest" time="0.0" />
  <testcase name="testCreateCreationDateFilterBothNull" classname="com.topcoder.timetracker.user.filterfactory.UserStatusFilterFactoryTest" time="0.0" />
  <testcase name="testCreateModificationDateFilterAccuracy1" classname="com.topcoder.timetracker.user.filterfactory.UserStatusFilterFactoryTest" time="0.0" />
  <testcase name="testCreateModificationDateFilterAccuracy2" classname="com.topcoder.timetracker.user.filterfactory.UserStatusFilterFactoryTest" time="0.0" />
  <testcase name="testCreateModificationDateFilterAccuracy3" classname="com.topcoder.timetracker.user.filterfactory.UserStatusFilterFactoryTest" time="0.0" />
  <testcase name="testCreateModificationDateFilterBothNull" classname="com.topcoder.timetracker.user.filterfactory.UserStatusFilterFactoryTest" time="0.0010" />
  <testcase name="testCreateCreationUserFilterAccuracy" classname="com.topcoder.timetracker.user.filterfactory.UserStatusFilterFactoryTest" time="0.0010" />
  <testcase name="testCreateCreationUserFilterNull" classname="com.topcoder.timetracker.user.filterfactory.UserStatusFilterFactoryTest" time="0.0" />
  <testcase name="testCreateCreationUserFilterEmpty" classname="com.topcoder.timetracker.user.filterfactory.UserStatusFilterFactoryTest" time="0.0" />
  <testcase name="testCreateModificationUserFilterAccuracy" classname="com.topcoder.timetracker.user.filterfactory.UserStatusFilterFactoryTest" time="0.0" />
  <testcase name="testCreateModificationUserFilterNull" classname="com.topcoder.timetracker.user.filterfactory.UserStatusFilterFactoryTest" time="0.0" />
  <testcase name="testCreateModificationUserFilterEmpty" classname="com.topcoder.timetracker.user.filterfactory.UserStatusFilterFactoryTest" time="0.0" />
  <testcase name="testCreateCompanyIdFilterAccuracy" classname="com.topcoder.timetracker.user.filterfactory.UserTypeFilterFactoryTest" time="0.0010" />
  <testcase name="testCreateCompanyIdFilterNegative" classname="com.topcoder.timetracker.user.filterfactory.UserTypeFilterFactoryTest" time="0.0010" />
  <testcase name="testCreateDescriptionFilterAccuracy" classname="com.topcoder.timetracker.user.filterfactory.UserTypeFilterFactoryTest" time="0.0010" />
  <testcase name="testCreateDescriptionFilterNull" classname="com.topcoder.timetracker.user.filterfactory.UserTypeFilterFactoryTest" time="0.0" />
  <testcase name="testCreateDescriptionFilterEmpty" classname="com.topcoder.timetracker.user.filterfactory.UserTypeFilterFactoryTest" time="0.0010" />
  <testcase name="testCreateActiveFilterAccuracy" classname="com.topcoder.timetracker.user.filterfactory.UserTypeFilterFactoryTest" time="0.0" />
  <testcase name="testCreateCreationDateFilterAccuracy1" classname="com.topcoder.timetracker.user.filterfactory.UserTypeFilterFactoryTest" time="0.0" />
  <testcase name="testCreateCreationDateFilterAccuracy2" classname="com.topcoder.timetracker.user.filterfactory.UserTypeFilterFactoryTest" time="0.0010" />
  <testcase name="testCreateCreationDateFilterAccuracy3" classname="com.topcoder.timetracker.user.filterfactory.UserTypeFilterFactoryTest" time="0.0010" />
  <testcase name="testCreateCreationDateFilterBothNull" classname="com.topcoder.timetracker.user.filterfactory.UserTypeFilterFactoryTest" time="0.0010" />
  <testcase name="testCreateModificationDateFilterAccuracy1" classname="com.topcoder.timetracker.user.filterfactory.UserTypeFilterFactoryTest" time="0.0010" />
  <testcase name="testCreateModificationDateFilterAccuracy2" classname="com.topcoder.timetracker.user.filterfactory.UserTypeFilterFactoryTest" time="0.0010" />
  <testcase name="testCreateModificationDateFilterAccuracy3" classname="com.topcoder.timetracker.user.filterfactory.UserTypeFilterFactoryTest" time="0.0020" />
  <testcase name="testCreateModificationDateFilterBothNull" classname="com.topcoder.timetracker.user.filterfactory.UserTypeFilterFactoryTest" time="0.0" />
  <testcase name="testCreateCreationUserFilterAccuracy" classname="com.topcoder.timetracker.user.filterfactory.UserTypeFilterFactoryTest" time="0.0010" />
  <testcase name="testCreateCreationUserFilterNull" classname="com.topcoder.timetracker.user.filterfactory.UserTypeFilterFactoryTest" time="0.0010" />
  <testcase name="testCreateCreationUserFilterEmpty" classname="com.topcoder.timetracker.user.filterfactory.UserTypeFilterFactoryTest" time="0.0020" />
  <testcase name="testCreateModificationUserFilterAccuracy" classname="com.topcoder.timetracker.user.filterfactory.UserTypeFilterFactoryTest" time="0.0010" />
  <testcase name="testCreateModificationUserFilterNull" classname="com.topcoder.timetracker.user.filterfactory.UserTypeFilterFactoryTest" time="0.0010" />
  <testcase name="testCreateModificationUserFilterEmpty" classname="com.topcoder.timetracker.user.filterfactory.UserTypeFilterFactoryTest" time="0.0010" />
  <testcase name="testCtor" classname="com.topcoder.timetracker.user.j2ee.UserManagerSessionBeanTests" time="1.08" />
  <testcase name="testCreateUser" classname="com.topcoder.timetracker.user.j2ee.UserManagerSessionBeanTests" time="0.71" />
  <testcase name="testCreateUser_NullUser" classname="com.topcoder.timetracker.user.j2ee.UserManagerSessionBeanTests" time="0.509" />
  <testcase name="testCreateUser_DataAccessException" classname="com.topcoder.timetracker.user.j2ee.UserManagerSessionBeanTests" time="0.302" />
  <testcase name="testAddUsers" classname="com.topcoder.timetracker.user.j2ee.UserManagerSessionBeanTests" time="0.728" />
  <testcase name="testAddUsers_NullUsers" classname="com.topcoder.timetracker.user.j2ee.UserManagerSessionBeanTests" time="0.318" />
  <testcase name="testAddUsers_NullInUsers" classname="com.topcoder.timetracker.user.j2ee.UserManagerSessionBeanTests" time="0.464" />
  <testcase name="testAddUsers_DataAccessException" classname="com.topcoder.timetracker.user.j2ee.UserManagerSessionBeanTests" time="0.311" />
  <testcase name="testUpdateUser" classname="com.topcoder.timetracker.user.j2ee.UserManagerSessionBeanTests" time="0.722" />
  <testcase name="testUpdateUser_NullUser" classname="com.topcoder.timetracker.user.j2ee.UserManagerSessionBeanTests" time="0.504" />
  <testcase name="testUpdateUser_DataAccessException" classname="com.topcoder.timetracker.user.j2ee.UserManagerSessionBeanTests" time="0.336" />
  <testcase name="testUpdateUsers" classname="com.topcoder.timetracker.user.j2ee.UserManagerSessionBeanTests" time="0.742" />
  <testcase name="testUpdateUsers_NullUsers" classname="com.topcoder.timetracker.user.j2ee.UserManagerSessionBeanTests" time="0.296" />
  <testcase name="testUpdateUsers_NullInUsers" classname="com.topcoder.timetracker.user.j2ee.UserManagerSessionBeanTests" time="0.503" />
  <testcase name="testUpdateUsers_BatchOperationException" classname="com.topcoder.timetracker.user.j2ee.UserManagerSessionBeanTests" time="0.319" />
  <testcase name="testRemoveUser" classname="com.topcoder.timetracker.user.j2ee.UserManagerSessionBeanTests" time="0.609" />
  <testcase name="testRemoveUser_NegativeId" classname="com.topcoder.timetracker.user.j2ee.UserManagerSessionBeanTests" time="0.306" />
  <testcase name="testRemoveUser_UnrecognizedEntityException" classname="com.topcoder.timetracker.user.j2ee.UserManagerSessionBeanTests" time="0.511" />
  <testcase name="testRemoveUser_DataAccessException" classname="com.topcoder.timetracker.user.j2ee.UserManagerSessionBeanTests" time="0.296" />
  <testcase name="testRemoveUsers" classname="com.topcoder.timetracker.user.j2ee.UserManagerSessionBeanTests" time="1.089" />
  <testcase name="testRemoveUsers_NullUserIds" classname="com.topcoder.timetracker.user.j2ee.UserManagerSessionBeanTests" time="0.304" />
  <testcase name="testRemoveUsers_NegativeUserIds" classname="com.topcoder.timetracker.user.j2ee.UserManagerSessionBeanTests" time="0.482" />
  <testcase name="testRemoveUsers_BatchOperationException" classname="com.topcoder.timetracker.user.j2ee.UserManagerSessionBeanTests" time="0.371" />
  <testcase name="testRemoveUsers_DataAccessException" classname="com.topcoder.timetracker.user.j2ee.UserManagerSessionBeanTests" time="0.492" />
  <testcase name="testGetUser" classname="com.topcoder.timetracker.user.j2ee.UserManagerSessionBeanTests" time="0.449" />
  <testcase name="testGetUser_UnrecognizedEntityException" classname="com.topcoder.timetracker.user.j2ee.UserManagerSessionBeanTests" time="0.523" />
  <testcase name="testGetUser_DataAccessException" classname="com.topcoder.timetracker.user.j2ee.UserManagerSessionBeanTests" time="0.328" />
  <testcase name="testGetUsers" classname="com.topcoder.timetracker.user.j2ee.UserManagerSessionBeanTests" time="0.652" />
  <testcase name="testGetUsers_NullUserIds" classname="com.topcoder.timetracker.user.j2ee.UserManagerSessionBeanTests" time="0.317" />
  <testcase name="testGetUsers_NegativeUserId" classname="com.topcoder.timetracker.user.j2ee.UserManagerSessionBeanTests" time="0.485" />
  <testcase name="testGetUsers_DataAccessException" classname="com.topcoder.timetracker.user.j2ee.UserManagerSessionBeanTests" time="0.316" />
  <testcase name="testSearchUsers" classname="com.topcoder.timetracker.user.j2ee.UserManagerSessionBeanTests" time="0.68" />
  <testcase name="testSearchUsers_NullFilter" classname="com.topcoder.timetracker.user.j2ee.UserManagerSessionBeanTests" time="0.329" />
  <testcase name="testAddRoleToUser" classname="com.topcoder.timetracker.user.j2ee.UserManagerSessionBeanTests" time="0.534" />
  <testcase name="testAddRoleToUser_NullUser" classname="com.topcoder.timetracker.user.j2ee.UserManagerSessionBeanTests" time="0.342" />
  <testcase name="testAddRoleToUser_NotPersistedRole" classname="com.topcoder.timetracker.user.j2ee.UserManagerSessionBeanTests" time="0.531" />
  <testcase name="testAddRoleToUser_NullRole" classname="com.topcoder.timetracker.user.j2ee.UserManagerSessionBeanTests" time="0.344" />
  <testcase name="testRemoveRoleFromUser" classname="com.topcoder.timetracker.user.j2ee.UserManagerSessionBeanTests" time="0.543" />
  <testcase name="testRemoveRoleFromUser_NullUser" classname="com.topcoder.timetracker.user.j2ee.UserManagerSessionBeanTests" time="0.333" />
  <testcase name="testRemoveRoleFromUser_NullRole" classname="com.topcoder.timetracker.user.j2ee.UserManagerSessionBeanTests" time="0.513" />
  <testcase name="testRemoveRoleFromUser_UnknownRole" classname="com.topcoder.timetracker.user.j2ee.UserManagerSessionBeanTests" time="0.348" />
  <testcase name="testRemoveRoleFromUser_NotPersistedRole" classname="com.topcoder.timetracker.user.j2ee.UserManagerSessionBeanTests" time="0.524" />
  <testcase name="testRetrieveRolesForUser" classname="com.topcoder.timetracker.user.j2ee.UserManagerSessionBeanTests" time="0.351" />
  <testcase name="testRetrieveRolesForUser_NullUser" classname="com.topcoder.timetracker.user.j2ee.UserManagerSessionBeanTests" time="0.516" />
  <testcase name="testClearRolesFromUser" classname="com.topcoder.timetracker.user.j2ee.UserManagerSessionBeanTests" time="0.345" />
  <testcase name="testClearRolesFromUser_NullUser" classname="com.topcoder.timetracker.user.j2ee.UserManagerSessionBeanTests" time="0.509" />
  <testcase name="testAuthenticateUser" classname="com.topcoder.timetracker.user.j2ee.UserManagerSessionBeanTests" time="0.389" />
  <testcase name="testAuthenticateUser_NullUsername" classname="com.topcoder.timetracker.user.j2ee.UserManagerSessionBeanTests" time="0.524" />
  <testcase name="testAuthenticateUser_EmptyUsername" classname="com.topcoder.timetracker.user.j2ee.UserManagerSessionBeanTests" time="0.33" />
  <testcase name="testAuthenticateUser_NullPassword" classname="com.topcoder.timetracker.user.j2ee.UserManagerSessionBeanTests" time="0.526" />
  <testcase name="testAuthenticateUser_EmptyPassword" classname="com.topcoder.timetracker.user.j2ee.UserManagerSessionBeanTests" time="0.31" />
  <testcase name="testGetAllUsers" classname="com.topcoder.timetracker.user.j2ee.UserManagerSessionBeanTests" time="0.535" />
  <testcase name="testGetAllUsers_DataAccessException" classname="com.topcoder.timetracker.user.j2ee.UserManagerSessionBeanTests" time="0.368" />
  <testcase name="testGetUserFilterFactory" classname="com.topcoder.timetracker.user.j2ee.UserManagerSessionBeanTests" time="0.702" />
  <testcase name="testSearchUsers_InvalidFilter" classname="com.topcoder.timetracker.user.j2ee.UserManagerSessionBeanTests" time="0.339" />
  <testcase name="testUpdateUser_UnknownUser" classname="com.topcoder.timetracker.user.j2ee.UserManagerSessionBeanTests" time="0.525" />
  <testcase name="testGetUsers_BatchOperationException" classname="com.topcoder.timetracker.user.j2ee.UserManagerSessionBeanTests" time="0.349" />
  <testcase name="testAddRoleToUser_UnrecognizedEntityException" classname="com.topcoder.timetracker.user.j2ee.UserManagerSessionBeanTests" time="0.511" />
  <testcase name="testAddRoleToUser_DataAccessException" classname="com.topcoder.timetracker.user.j2ee.UserManagerSessionBeanTests" time="0.375" />
  <testcase name="testRemoveRoleFromUser_NotPersistedUser" classname="com.topcoder.timetracker.user.j2ee.UserManagerSessionBeanTests" time="0.674" />
  <testcase name="testRetrieveRolesForUser_NotPersistedUser" classname="com.topcoder.timetracker.user.j2ee.UserManagerSessionBeanTests" time="0.354" />
  <testcase name="testRetrieveRolesForUser_DataAccessException" classname="com.topcoder.timetracker.user.j2ee.UserManagerSessionBeanTests" time="0.529" />
  <testcase name="testClearRolesFromUser_NotPersistedUser" classname="com.topcoder.timetracker.user.j2ee.UserManagerSessionBeanTests" time="0.467" />
  <testcase name="testClearRolesFromUser_DataAccessException" classname="com.topcoder.timetracker.user.j2ee.UserManagerSessionBeanTests" time="0.527" />
  <testcase name="testAuthenticateUser_DataAccessException" classname="com.topcoder.timetracker.user.j2ee.UserManagerSessionBeanTests" time="0.329" />
  <testcase name="testGetUserFilterFactory_DataAccessException" classname="com.topcoder.timetracker.user.j2ee.UserManagerSessionBeanTests" time="0.515" />
  <testcase name="testEjbCreate" classname="com.topcoder.timetracker.user.j2ee.UserManagerSessionBeanTests" time="0.329" />
  <testcase name="testEjbActivate" classname="com.topcoder.timetracker.user.j2ee.UserManagerSessionBeanTests" time="0.504" />
  <testcase name="testEjbPassivate" classname="com.topcoder.timetracker.user.j2ee.UserManagerSessionBeanTests" time="0.334" />
  <testcase name="testEjbRemove" classname="com.topcoder.timetracker.user.j2ee.UserManagerSessionBeanTests" time="0.525" />
  <testcase name="testSetSessionContext" classname="com.topcoder.timetracker.user.j2ee.UserManagerSessionBeanTests" time="0.336" />
  <testcase name="testGetSessionContext" classname="com.topcoder.timetracker.user.j2ee.UserManagerSessionBeanTests" time="0.538" />
  <testcase name="testCtor" classname="com.topcoder.timetracker.user.j2ee.UserManagerDelegateTests" time="0.336" />
  <testcase name="testCtor_NullNamespace" classname="com.topcoder.timetracker.user.j2ee.UserManagerDelegateTests" time="0.546" />
  <testcase name="testCtor_EmptyNamespace" classname="com.topcoder.timetracker.user.j2ee.UserManagerDelegateTests" time="0.339" />
  <testcase name="testCreateUser" classname="com.topcoder.timetracker.user.j2ee.UserManagerDelegateTests" time="0.833" />
  <testcase name="testCreateUser_NullUser" classname="com.topcoder.timetracker.user.j2ee.UserManagerDelegateTests" time="0.33" />
  <testcase name="testCreateUser_DataAccessException" classname="com.topcoder.timetracker.user.j2ee.UserManagerDelegateTests" time="0.525" />
  <testcase name="testAddUsers" classname="com.topcoder.timetracker.user.j2ee.UserManagerDelegateTests" time="0.807" />
  <testcase name="testAddUsers_NullUsers" classname="com.topcoder.timetracker.user.j2ee.UserManagerDelegateTests" time="0.336" />
  <testcase name="testAddUsers_NullInUsers" classname="com.topcoder.timetracker.user.j2ee.UserManagerDelegateTests" time="0.554" />
  <testcase name="testAddUsers_DataAccessException" classname="com.topcoder.timetracker.user.j2ee.UserManagerDelegateTests" time="0.344" />
  <testcase name="testUpdateUser" classname="com.topcoder.timetracker.user.j2ee.UserManagerDelegateTests" time="0.81" />
  <testcase name="testUpdateUser_NullUser" classname="com.topcoder.timetracker.user.j2ee.UserManagerDelegateTests" time="0.697" />
  <testcase name="testUpdateUser_DataAccessException" classname="com.topcoder.timetracker.user.j2ee.UserManagerDelegateTests" time="0.579" />
  <testcase name="testUpdateUsers" classname="com.topcoder.timetracker.user.j2ee.UserManagerDelegateTests" time="0.588" />
  <testcase name="testUpdateUsers_NullUsers" classname="com.topcoder.timetracker.user.j2ee.UserManagerDelegateTests" time="0.55" />
  <testcase name="testUpdateUsers_NullInUsers" classname="com.topcoder.timetracker.user.j2ee.UserManagerDelegateTests" time="0.333" />
  <testcase name="testUpdateUsers_BatchOperationException" classname="com.topcoder.timetracker.user.j2ee.UserManagerDelegateTests" time="0.547" />
  <testcase name="testRemoveUser" classname="com.topcoder.timetracker.user.j2ee.UserManagerDelegateTests" time="0.424" />
  <testcase name="testRemoveUser_NegativeId" classname="com.topcoder.timetracker.user.j2ee.UserManagerDelegateTests" time="0.565" />
  <testcase name="testRemoveUser_UnrecognizedEntityException" classname="com.topcoder.timetracker.user.j2ee.UserManagerDelegateTests" time="0.369" />
  <testcase name="testRemoveUser_DataAccessException" classname="com.topcoder.timetracker.user.j2ee.UserManagerDelegateTests" time="0.335" />
  <testcase name="testRemoveUsers" classname="com.topcoder.timetracker.user.j2ee.UserManagerDelegateTests" time="0.924" />
  <testcase name="testRemoveUsers_NullUserIds" classname="com.topcoder.timetracker.user.j2ee.UserManagerDelegateTests" time="0.356" />
  <testcase name="testRemoveUsers_NegativeUserIds" classname="com.topcoder.timetracker.user.j2ee.UserManagerDelegateTests" time="0.527" />
  <testcase name="testRemoveUsers_BatchOperationException" classname="com.topcoder.timetracker.user.j2ee.UserManagerDelegateTests" time="0.422" />
  <testcase name="testRemoveUsers_DataAccessException" classname="com.topcoder.timetracker.user.j2ee.UserManagerDelegateTests" time="0.54" />
  <testcase name="testGetUser" classname="com.topcoder.timetracker.user.j2ee.UserManagerDelegateTests" time="0.51" />
  <testcase name="testGetUser_UnrecognizedEntityException" classname="com.topcoder.timetracker.user.j2ee.UserManagerDelegateTests" time="0.586" />
  <testcase name="testGetUser_DataAccessException" classname="com.topcoder.timetracker.user.j2ee.UserManagerDelegateTests" time="0.356" />
  <testcase name="testGetUsers" classname="com.topcoder.timetracker.user.j2ee.UserManagerDelegateTests" time="0.724" />
  <testcase name="testGetUsers_NullUserIds" classname="com.topcoder.timetracker.user.j2ee.UserManagerDelegateTests" time="0.354" />
  <testcase name="testGetUsers_NegativeUserId" classname="com.topcoder.timetracker.user.j2ee.UserManagerDelegateTests" time="0.543" />
  <testcase name="testGetUsers_DataAccessException" classname="com.topcoder.timetracker.user.j2ee.UserManagerDelegateTests" time="0.345" />
  <testcase name="testSearchUsers" classname="com.topcoder.timetracker.user.j2ee.UserManagerDelegateTests" time="0.759" />
  <testcase name="testSearchUsers_NullFilter" classname="com.topcoder.timetracker.user.j2ee.UserManagerDelegateTests" time="0.338" />
  <testcase name="testAddRoleToUser" classname="com.topcoder.timetracker.user.j2ee.UserManagerDelegateTests" time="0.615" />
  <testcase name="testAddRoleToUser_NullUser" classname="com.topcoder.timetracker.user.j2ee.UserManagerDelegateTests" time="0.372" />
  <testcase name="testAddRoleToUser_NotPersistedRole" classname="com.topcoder.timetracker.user.j2ee.UserManagerDelegateTests" time="0.582" />
  <testcase name="testAddRoleToUser_NullRole" classname="com.topcoder.timetracker.user.j2ee.UserManagerDelegateTests" time="0.506" />
  <testcase name="testRemoveRoleFromUser" classname="com.topcoder.timetracker.user.j2ee.UserManagerDelegateTests" time="1.039" />
  <testcase name="testRemoveRoleFromUser_NullUser" classname="com.topcoder.timetracker.user.j2ee.UserManagerDelegateTests" time="0.646" />
  <testcase name="testRemoveRoleFromUser_NullRole" classname="com.topcoder.timetracker.user.j2ee.UserManagerDelegateTests" time="0.667" />
  <testcase name="testRemoveRoleFromUser_UnknownRole" classname="com.topcoder.timetracker.user.j2ee.UserManagerDelegateTests" time="0.412" />
  <testcase name="testRemoveRoleFromUser_NotPersistedRole" classname="com.topcoder.timetracker.user.j2ee.UserManagerDelegateTests" time="0.616" />
  <testcase name="testRetrieveRolesForUser" classname="com.topcoder.timetracker.user.j2ee.UserManagerDelegateTests" time="0.372" />
  <testcase name="testRetrieveRolesForUser_NullUser" classname="com.topcoder.timetracker.user.j2ee.UserManagerDelegateTests" time="0.365" />
  <testcase name="testClearRolesFromUser" classname="com.topcoder.timetracker.user.j2ee.UserManagerDelegateTests" time="0.585" />
  <testcase name="testClearRolesFromUser_NullUser" classname="com.topcoder.timetracker.user.j2ee.UserManagerDelegateTests" time="0.364" />
  <testcase name="testAuthenticateUser" classname="com.topcoder.timetracker.user.j2ee.UserManagerDelegateTests" time="0.674" />
  <testcase name="testAuthenticateUser_NullUsername" classname="com.topcoder.timetracker.user.j2ee.UserManagerDelegateTests" time="0.368" />
  <testcase name="testAuthenticateUser_EmptyUsername" classname="com.topcoder.timetracker.user.j2ee.UserManagerDelegateTests" time="0.581" />
  <testcase name="testAuthenticateUser_NullPassword" classname="com.topcoder.timetracker.user.j2ee.UserManagerDelegateTests" time="0.35" />
  <testcase name="testAuthenticateUser_EmptyPassword" classname="com.topcoder.timetracker.user.j2ee.UserManagerDelegateTests" time="0.342" />
  <testcase name="testGetAllUsers" classname="com.topcoder.timetracker.user.j2ee.UserManagerDelegateTests" time="0.588" />
  <testcase name="testGetAllUsers_DataAccessException" classname="com.topcoder.timetracker.user.j2ee.UserManagerDelegateTests" time="0.375" />
  <testcase name="testGetUserFilterFactory" classname="com.topcoder.timetracker.user.j2ee.UserManagerDelegateTests" time="0.77" />
  <testcase name="testCtor_ConfigurationException" classname="com.topcoder.timetracker.user.j2ee.UserManagerDelegateTests" time="0.343" />
  <testcase name="testSearchUsers_InvalidFilter" classname="com.topcoder.timetracker.user.j2ee.UserManagerDelegateTests" time="0.633" />
  <testcase name="testUpdateUser_UnknownUser" classname="com.topcoder.timetracker.user.j2ee.UserManagerDelegateTests" time="0.371" />
  <testcase name="testGetUsers_BatchOperationException" classname="com.topcoder.timetracker.user.j2ee.UserManagerDelegateTests" time="0.609" />
  <testcase name="testAddRoleToUser_UnrecognizedEntityException" classname="com.topcoder.timetracker.user.j2ee.UserManagerDelegateTests" time="0.375" />
  <testcase name="testAddRoleToUser_DataAccessException" classname="com.topcoder.timetracker.user.j2ee.UserManagerDelegateTests" time="0.642" />
  <testcase name="testRemoveRoleFromUser_NotPersistedUser" classname="com.topcoder.timetracker.user.j2ee.UserManagerDelegateTests" time="0.567" />
  <testcase name="testRetrieveRolesForUser_NotPersistedUser" classname="com.topcoder.timetracker.user.j2ee.UserManagerDelegateTests" time="0.614" />
  <testcase name="testRetrieveRolesForUser_DataAccessException" classname="com.topcoder.timetracker.user.j2ee.UserManagerDelegateTests" time="0.379" />
  <testcase name="testClearRolesFromUser_NotPersistedUser" classname="com.topcoder.timetracker.user.j2ee.UserManagerDelegateTests" time="1.039" />
  <testcase name="testClearRolesFromUser_DataAccessException" classname="com.topcoder.timetracker.user.j2ee.UserManagerDelegateTests" time="0.416" />
  <testcase name="testAuthenticateUser_DataAccessException" classname="com.topcoder.timetracker.user.j2ee.UserManagerDelegateTests" time="0.599" />
  <testcase name="testGetUserFilterFactory_DataAccessException" classname="com.topcoder.timetracker.user.j2ee.UserManagerDelegateTests" time="0.376" />
  <testcase name="testGetUserStatusAccuracy" classname="com.topcoder.timetracker.user.j2ee.UserStatusManagerSessionBeanTest" time="0.694" />
  <testcase name="testCreateUserStatusAccuracy" classname="com.topcoder.timetracker.user.j2ee.UserStatusManagerSessionBeanTest" time="0.404" />
  <testcase name="testCreateUserStatusNull" classname="com.topcoder.timetracker.user.j2ee.UserStatusManagerSessionBeanTest" time="0.351" />
  <testcase name="testCreateUserStatusNotValid1" classname="com.topcoder.timetracker.user.j2ee.UserStatusManagerSessionBeanTest" time="0.567" />
  <testcase name="testCreateUserStatusNotValid2" classname="com.topcoder.timetracker.user.j2ee.UserStatusManagerSessionBeanTest" time="0.334" />
  <testcase name="testCreateUserStatusNotValid3" classname="com.topcoder.timetracker.user.j2ee.UserStatusManagerSessionBeanTest" time="0.602" />
  <testcase name="testCreateUserStatusIdGenError" classname="com.topcoder.timetracker.user.j2ee.UserStatusManagerSessionBeanTest" time="0.418" />
  <testcase name="testUpdateUserStatusAccuracy" classname="com.topcoder.timetracker.user.j2ee.UserStatusManagerSessionBeanTest" time="0.648" />
  <testcase name="testUpdateUserStatusNull" classname="com.topcoder.timetracker.user.j2ee.UserStatusManagerSessionBeanTest" time="0.349" />
  <testcase name="testUpdateUserStatusNegative" classname="com.topcoder.timetracker.user.j2ee.UserStatusManagerSessionBeanTest" time="0.605" />
  <testcase name="testUpdateUserStatusUnrecognized" classname="com.topcoder.timetracker.user.j2ee.UserStatusManagerSessionBeanTest" time="0.37" />
  <testcase name="testRemoveUserStatusAccuracy" classname="com.topcoder.timetracker.user.j2ee.UserStatusManagerSessionBeanTest" time="0.387" />
  <testcase name="testRemoveUserStatusNegative" classname="com.topcoder.timetracker.user.j2ee.UserStatusManagerSessionBeanTest" time="0.553" />
  <testcase name="testRemoveUserStatusUnrecognized" classname="com.topcoder.timetracker.user.j2ee.UserStatusManagerSessionBeanTest" time="0.354" />
  <testcase name="testGetUserStatusNegative" classname="com.topcoder.timetracker.user.j2ee.UserStatusManagerSessionBeanTest" time="0.352" />
  <testcase name="testGetUserStatusUnrecognized" classname="com.topcoder.timetracker.user.j2ee.UserStatusManagerSessionBeanTest" time="0.578" />
  <testcase name="testAddUserStatusesAccuracy" classname="com.topcoder.timetracker.user.j2ee.UserStatusManagerSessionBeanTest" time="0.388" />
  <testcase name="testAddUserStatusesNull" classname="com.topcoder.timetracker.user.j2ee.UserStatusManagerSessionBeanTest" time="0.416" />
  <testcase name="testAddUserStatusesEmpty" classname="com.topcoder.timetracker.user.j2ee.UserStatusManagerSessionBeanTest" time="0.557" />
  <testcase name="testAddUserStatusesMissingDescription" classname="com.topcoder.timetracker.user.j2ee.UserStatusManagerSessionBeanTest" time="0.378" />
  <testcase name="testAddUserStatusesMissingCompanyId" classname="com.topcoder.timetracker.user.j2ee.UserStatusManagerSessionBeanTest" time="0.329" />
  <testcase name="testAddUserStatusesAlreadyAdded" classname="com.topcoder.timetracker.user.j2ee.UserStatusManagerSessionBeanTest" time="0.593" />
  <testcase name="testAddUserStatusesIdGenerationTableNotPrepared" classname="com.topcoder.timetracker.user.j2ee.UserStatusManagerSessionBeanTest" time="0.373" />
  <testcase name="testUpdateUserStatusesAccuracy" classname="com.topcoder.timetracker.user.j2ee.UserStatusManagerSessionBeanTest" time="0.661" />
  <testcase name="testUpdateUserStatusesNull" classname="com.topcoder.timetracker.user.j2ee.UserStatusManagerSessionBeanTest" time="0.327" />
  <testcase name="testUpdateUserStatusesEmpty" classname="com.topcoder.timetracker.user.j2ee.UserStatusManagerSessionBeanTest" time="0.357" />
  <testcase name="testUpdateUserStatusesUnrecognized" classname="com.topcoder.timetracker.user.j2ee.UserStatusManagerSessionBeanTest" time="0.568" />
  <testcase name="testRemoveUserStatusesAccuracy" classname="com.topcoder.timetracker.user.j2ee.UserStatusManagerSessionBeanTest" time="0.395" />
  <testcase name="testRemoveUserStatusesNull" classname="com.topcoder.timetracker.user.j2ee.UserStatusManagerSessionBeanTest" time="0.467" />
  <testcase name="testRemoveUserStatusesEmpty" classname="com.topcoder.timetracker.user.j2ee.UserStatusManagerSessionBeanTest" time="0.563" />
  <testcase name="testRemoveUserStatusesNegativeId" classname="com.topcoder.timetracker.user.j2ee.UserStatusManagerSessionBeanTest" time="0.366" />
  <testcase name="testRemoveUserStatusesUnrecognized" classname="com.topcoder.timetracker.user.j2ee.UserStatusManagerSessionBeanTest" time="0.33" />
  <testcase name="testGetUserStatusesAccuracy" classname="com.topcoder.timetracker.user.j2ee.UserStatusManagerSessionBeanTest" time="0.58" />
  <testcase name="testGetUserStatusesNull" classname="com.topcoder.timetracker.user.j2ee.UserStatusManagerSessionBeanTest" time="0.348" />
  <testcase name="testGetUserStatusesEmpty" classname="com.topcoder.timetracker.user.j2ee.UserStatusManagerSessionBeanTest" time="0.336" />
  <testcase name="testGetUserStatusesUnrecognizedEntity" classname="com.topcoder.timetracker.user.j2ee.UserStatusManagerSessionBeanTest" time="0.558" />
  <testcase name="testSearchUserStatusesAccuracy1" classname="com.topcoder.timetracker.user.j2ee.UserStatusManagerSessionBeanTest" time="0.357" />
  <testcase name="testSearchUserStatusesAccuracy2" classname="com.topcoder.timetracker.user.j2ee.UserStatusManagerSessionBeanTest" time="0.379" />
  <testcase name="testSearchUserStatusesNull" classname="com.topcoder.timetracker.user.j2ee.UserStatusManagerSessionBeanTest" time="0.572" />
  <testcase name="testSearchUserStatusesWrongFilter" classname="com.topcoder.timetracker.user.j2ee.UserStatusManagerSessionBeanTest" time="0.353" />
  <testcase name="testGetAllUserStatusesAccuracy1" classname="com.topcoder.timetracker.user.j2ee.UserStatusManagerSessionBeanTest" time="0.339" />
  <testcase name="testGetAllUserStatusesAccuracy2" classname="com.topcoder.timetracker.user.j2ee.UserStatusManagerSessionBeanTest" time="0.623" />
  <testcase name="testUserStatusManagerSessionBeanAccuracy" classname="com.topcoder.timetracker.user.j2ee.UserStatusManagerSessionBeanTest" time="0.361" />
  <testcase name="testCreateUserStatusConfigError" classname="com.topcoder.timetracker.user.j2ee.UserStatusManagerSessionBeanTest" time="0.799" />
  <testcase name="testEjbCreateAccuracy" classname="com.topcoder.timetracker.user.j2ee.UserStatusManagerSessionBeanTest" time="0.535" />
  <testcase name="testEjbActivateAccuracy" classname="com.topcoder.timetracker.user.j2ee.UserStatusManagerSessionBeanTest" time="0.342" />
  <testcase name="testEjbPassivateAccuracy" classname="com.topcoder.timetracker.user.j2ee.UserStatusManagerSessionBeanTest" time="0.331" />
  <testcase name="testEjbRemoveAccuracy" classname="com.topcoder.timetracker.user.j2ee.UserStatusManagerSessionBeanTest" time="0.564" />
  <testcase name="testSetSessionContextAccuracy" classname="com.topcoder.timetracker.user.j2ee.UserStatusManagerSessionBeanTest" time="0.326" />
  <testcase name="testGetSessionContextAccuracy" classname="com.topcoder.timetracker.user.j2ee.UserStatusManagerSessionBeanTest" time="0.346" />
  <testcase name="testGetUserTypeAccuracy" classname="com.topcoder.timetracker.user.j2ee.UserTypeManagerSessionBeanTest" time="0.661" />
  <testcase name="testCreateUserTypeAccuracy" classname="com.topcoder.timetracker.user.j2ee.UserTypeManagerSessionBeanTest" time="0.392" />
  <testcase name="testCreateUserTypeNull" classname="com.topcoder.timetracker.user.j2ee.UserTypeManagerSessionBeanTest" time="0.591" />
  <testcase name="testCreateUserTypeNotValid1" classname="com.topcoder.timetracker.user.j2ee.UserTypeManagerSessionBeanTest" time="0.402" />
  <testcase name="testCreateUserTypeNotValid2" classname="com.topcoder.timetracker.user.j2ee.UserTypeManagerSessionBeanTest" time="0.323" />
  <testcase name="testCreateUserTypeNotValid3" classname="com.topcoder.timetracker.user.j2ee.UserTypeManagerSessionBeanTest" time="0.583" />
  <testcase name="testCreateUserTypeIdGenError" classname="com.topcoder.timetracker.user.j2ee.UserTypeManagerSessionBeanTest" time="0.383" />
  <testcase name="testUpdateUserTypeAccuracy" classname="com.topcoder.timetracker.user.j2ee.UserTypeManagerSessionBeanTest" time="0.393" />
  <testcase name="testUpdateUserTypeNull" classname="com.topcoder.timetracker.user.j2ee.UserTypeManagerSessionBeanTest" time="0.539" />
  <testcase name="testUpdateUserTypeNegative" classname="com.topcoder.timetracker.user.j2ee.UserTypeManagerSessionBeanTest" time="0.363" />
  <testcase name="testUpdateUserTypeUnrecognized" classname="com.topcoder.timetracker.user.j2ee.UserTypeManagerSessionBeanTest" time="0.59" />
  <testcase name="testRemoveUserTypeAccuracy" classname="com.topcoder.timetracker.user.j2ee.UserTypeManagerSessionBeanTest" time="0.395" />
  <testcase name="testRemoveUserTypeNegative" classname="com.topcoder.timetracker.user.j2ee.UserTypeManagerSessionBeanTest" time="0.349" />
  <testcase name="testRemoveUserTypeUnrecognized" classname="com.topcoder.timetracker.user.j2ee.UserTypeManagerSessionBeanTest" time="0.552" />
  <testcase name="testGetUserTypeNegative" classname="com.topcoder.timetracker.user.j2ee.UserTypeManagerSessionBeanTest" time="0.373" />
  <testcase name="testGetUserTypeUnrecognized" classname="com.topcoder.timetracker.user.j2ee.UserTypeManagerSessionBeanTest" time="0.587" />
  <testcase name="testAddUserTypesAccuracy" classname="com.topcoder.timetracker.user.j2ee.UserTypeManagerSessionBeanTest" time="0.378" />
  <testcase name="testAddUserTypesNull" classname="com.topcoder.timetracker.user.j2ee.UserTypeManagerSessionBeanTest" time="0.327" />
  <testcase name="testAddUserTypesEmpty" classname="com.topcoder.timetracker.user.j2ee.UserTypeManagerSessionBeanTest" time="0.589" />
  <testcase name="testAddUserTypesMissingDescription" classname="com.topcoder.timetracker.user.j2ee.UserTypeManagerSessionBeanTest" time="0.349" />
  <testcase name="testAddUserTypesMissingCompanyId" classname="com.topcoder.timetracker.user.j2ee.UserTypeManagerSessionBeanTest" time="0.328" />
  <testcase name="testAddUserTypesAlreadyAdded" classname="com.topcoder.timetracker.user.j2ee.UserTypeManagerSessionBeanTest" time="0.602" />
  <testcase name="testAddUserTypesIdGenerationTableNotPrepared" classname="com.topcoder.timetracker.user.j2ee.UserTypeManagerSessionBeanTest" time="0.408" />
  <testcase name="testUpdateUserTypesAccuracy" classname="com.topcoder.timetracker.user.j2ee.UserTypeManagerSessionBeanTest" time="0.628" />
  <testcase name="testUpdateUserTypesNull" classname="com.topcoder.timetracker.user.j2ee.UserTypeManagerSessionBeanTest" time="0.331" />
  <testcase name="testUpdateUserTypesEmpty" classname="com.topcoder.timetracker.user.j2ee.UserTypeManagerSessionBeanTest" time="0.369" />
  <testcase name="testUpdateUserTypesUnrecognized" classname="com.topcoder.timetracker.user.j2ee.UserTypeManagerSessionBeanTest" time="0.565" />
  <testcase name="testRemoveUserTypesAccuracy" classname="com.topcoder.timetracker.user.j2ee.UserTypeManagerSessionBeanTest" time="0.389" />
  <testcase name="testRemoveUserTypesNull" classname="com.topcoder.timetracker.user.j2ee.UserTypeManagerSessionBeanTest" time="0.349" />
  <testcase name="testRemoveUserTypesEmpty" classname="com.topcoder.timetracker.user.j2ee.UserTypeManagerSessionBeanTest" time="0.546" />
  <testcase name="testRemoveUserTypesNegativeId" classname="com.topcoder.timetracker.user.j2ee.UserTypeManagerSessionBeanTest" time="0.351" />
  <testcase name="testRemoveUserTypesUnrecognized" classname="com.topcoder.timetracker.user.j2ee.UserTypeManagerSessionBeanTest" time="0.59" />
  <testcase name="testGetUserTypesAccuracy" classname="com.topcoder.timetracker.user.j2ee.UserTypeManagerSessionBeanTest" time="0.387" />
  <testcase name="testGetUserTypesNull" classname="com.topcoder.timetracker.user.j2ee.UserTypeManagerSessionBeanTest" time="0.346" />
  <testcase name="testGetUserTypesEmpty" classname="com.topcoder.timetracker.user.j2ee.UserTypeManagerSessionBeanTest" time="0.565" />
  <testcase name="testGetUserTypesUnrecognizedEntity" classname="com.topcoder.timetracker.user.j2ee.UserTypeManagerSessionBeanTest" time="0.358" />
  <testcase name="testSearchUserTypesAccuracy1" classname="com.topcoder.timetracker.user.j2ee.UserTypeManagerSessionBeanTest" time="0.338" />
  <testcase name="testSearchUserTypesAccuracy2" classname="com.topcoder.timetracker.user.j2ee.UserTypeManagerSessionBeanTest" time="0.637" />
  <testcase name="testSearchUserTypesNull" classname="com.topcoder.timetracker.user.j2ee.UserTypeManagerSessionBeanTest" time="0.328" />
  <testcase name="testSearchUserTypesWrongFilter" classname="com.topcoder.timetracker.user.j2ee.UserTypeManagerSessionBeanTest" time="0.354" />
  <testcase name="testGetAllUserTypesAccuracy1" classname="com.topcoder.timetracker.user.j2ee.UserTypeManagerSessionBeanTest" time="0.574" />
  <testcase name="testGetAllUserTypesAccuracy2" classname="com.topcoder.timetracker.user.j2ee.UserTypeManagerSessionBeanTest" time="0.392" />
  <testcase name="testEjbCreateAccuracy" classname="com.topcoder.timetracker.user.j2ee.UserTypeManagerSessionBeanTest" time="0.329" />
  <testcase name="testEjbActivateAccuracy" classname="com.topcoder.timetracker.user.j2ee.UserTypeManagerSessionBeanTest" time="0.565" />
  <testcase name="testEjbPassivateAccuracy" classname="com.topcoder.timetracker.user.j2ee.UserTypeManagerSessionBeanTest" time="0.329" />
  <testcase name="testEjbRemoveAccuracy" classname="com.topcoder.timetracker.user.j2ee.UserTypeManagerSessionBeanTest" time="0.589" />
  <testcase name="testSetSessionContextAccuracy" classname="com.topcoder.timetracker.user.j2ee.UserTypeManagerSessionBeanTest" time="0.343" />
  <testcase name="testGetSessionContextAccuracy" classname="com.topcoder.timetracker.user.j2ee.UserTypeManagerSessionBeanTest" time="0.334" />
  <testcase name="testUserTypeManagerSessionBeanAccuracy" classname="com.topcoder.timetracker.user.j2ee.UserTypeManagerSessionBeanTest" time="0.558" />
  <testcase name="testCreateUserTypeConfigError" classname="com.topcoder.timetracker.user.j2ee.UserTypeManagerSessionBeanTest" time="0.346" />
  <testcase name="testGetUserStatusAccuracy" classname="com.topcoder.timetracker.user.j2ee.UserStatusManagerDelegateTest" time="0.421" />
  <testcase name="testCreateUserStatusAccuracy" classname="com.topcoder.timetracker.user.j2ee.UserStatusManagerDelegateTest" time="0.613" />
  <testcase name="testCreateUserStatusNull" classname="com.topcoder.timetracker.user.j2ee.UserStatusManagerDelegateTest" time="0.342" />
  <testcase name="testCreateUserStatusNotValid1" classname="com.topcoder.timetracker.user.j2ee.UserStatusManagerDelegateTest" time="0.588" />
  <testcase name="testCreateUserStatusNotValid2" classname="com.topcoder.timetracker.user.j2ee.UserStatusManagerDelegateTest" time="0.33" />
  <testcase name="testCreateUserStatusNotValid3" classname="com.topcoder.timetracker.user.j2ee.UserStatusManagerDelegateTest" time="0.361" />
  <testcase name="testCreateUserStatusIdGenError" classname="com.topcoder.timetracker.user.j2ee.UserStatusManagerDelegateTest" time="0.595" />
  <testcase name="testUpdateUserStatusAccuracy" classname="com.topcoder.timetracker.user.j2ee.UserStatusManagerDelegateTest" time="0.42" />
  <testcase name="testUpdateUserStatusNull" classname="com.topcoder.timetracker.user.j2ee.UserStatusManagerDelegateTest" time="0.571" />
  <testcase name="testUpdateUserStatusNegative" classname="com.topcoder.timetracker.user.j2ee.UserStatusManagerDelegateTest" time="0.364" />
  <testcase name="testUpdateUserStatusUnrecognized" classname="com.topcoder.timetracker.user.j2ee.UserStatusManagerDelegateTest" time="0.375" />
  <testcase name="testRemoveUserStatusAccuracy" classname="com.topcoder.timetracker.user.j2ee.UserStatusManagerDelegateTest" time="0.603" />
  <testcase name="testRemoveUserStatusNegative" classname="com.topcoder.timetracker.user.j2ee.UserStatusManagerDelegateTest" time="0.345" />
  <testcase name="testRemoveUserStatusUnrecognized" classname="com.topcoder.timetracker.user.j2ee.UserStatusManagerDelegateTest" time="0.587" />
  <testcase name="testGetUserStatusNegative" classname="com.topcoder.timetracker.user.j2ee.UserStatusManagerDelegateTest" time="0.346" />
  <testcase name="testGetUserStatusUnrecognized" classname="com.topcoder.timetracker.user.j2ee.UserStatusManagerDelegateTest" time="0.368" />
  <testcase name="testAddUserStatusesAccuracy" classname="com.topcoder.timetracker.user.j2ee.UserStatusManagerDelegateTest" time="0.593" />
  <testcase name="testAddUserStatusesNull" classname="com.topcoder.timetracker.user.j2ee.UserStatusManagerDelegateTest" time="0.352" />
  <testcase name="testAddUserStatusesEmpty" classname="com.topcoder.timetracker.user.j2ee.UserStatusManagerDelegateTest" time="0.563" />
  <testcase name="testAddUserStatusesMissingDescription" classname="com.topcoder.timetracker.user.j2ee.UserStatusManagerDelegateTest" time="0.349" />
  <testcase name="testAddUserStatusesMissingCompanyId" classname="com.topcoder.timetracker.user.j2ee.UserStatusManagerDelegateTest" time="0.327" />
  <testcase name="testAddUserStatusesAlreadyAdded" classname="com.topcoder.timetracker.user.j2ee.UserStatusManagerDelegateTest" time="0.671" />
  <testcase name="testAddUserStatusesIdGenerationTableNotPrepared" classname="com.topcoder.timetracker.user.j2ee.UserStatusManagerDelegateTest" time="0.378" />
  <testcase name="testUpdateUserStatusesAccuracy" classname="com.topcoder.timetracker.user.j2ee.UserStatusManagerDelegateTest" time="0.625" />
  <testcase name="testUpdateUserStatusesNull" classname="com.topcoder.timetracker.user.j2ee.UserStatusManagerDelegateTest" time="0.342" />
  <testcase name="testUpdateUserStatusesEmpty" classname="com.topcoder.timetracker.user.j2ee.UserStatusManagerDelegateTest" time="0.338" />
  <testcase name="testUpdateUserStatusesUnrecognized" classname="com.topcoder.timetracker.user.j2ee.UserStatusManagerDelegateTest" time="0.573" />
  <testcase name="testRemoveUserStatusesAccuracy" classname="com.topcoder.timetracker.user.j2ee.UserStatusManagerDelegateTest" time="0.39" />
  <testcase name="testRemoveUserStatusesNull" classname="com.topcoder.timetracker.user.j2ee.UserStatusManagerDelegateTest" time="0.592" />
  <testcase name="testRemoveUserStatusesEmpty" classname="com.topcoder.timetracker.user.j2ee.UserStatusManagerDelegateTest" time="0.349" />
  <testcase name="testRemoveUserStatusesNegativeId" classname="com.topcoder.timetracker.user.j2ee.UserStatusManagerDelegateTest" time="0.329" />
  <testcase name="testRemoveUserStatusesUnrecognized" classname="com.topcoder.timetracker.user.j2ee.UserStatusManagerDelegateTest" time="1.064" />
  <testcase name="testGetUserStatusesAccuracy" classname="com.topcoder.timetracker.user.j2ee.UserStatusManagerDelegateTest" time="0.384" />
  <testcase name="testGetUserStatusesNull" classname="com.topcoder.timetracker.user.j2ee.UserStatusManagerDelegateTest" time="0.579" />
  <testcase name="testGetUserStatusesEmpty" classname="com.topcoder.timetracker.user.j2ee.UserStatusManagerDelegateTest" time="0.332" />
  <testcase name="testGetUserStatusesUnrecognizedEntity" classname="com.topcoder.timetracker.user.j2ee.UserStatusManagerDelegateTest" time="0.371" />
  <testcase name="testSearchUserStatusesAccuracy1" classname="com.topcoder.timetracker.user.j2ee.UserStatusManagerDelegateTest" time="0.573" />
  <testcase name="testSearchUserStatusesAccuracy2" classname="com.topcoder.timetracker.user.j2ee.UserStatusManagerDelegateTest" time="0.382" />
  <testcase name="testSearchUserStatusesNull" classname="com.topcoder.timetracker.user.j2ee.UserStatusManagerDelegateTest" time="0.587" />
  <testcase name="testSearchUserStatusesWrongFilter" classname="com.topcoder.timetracker.user.j2ee.UserStatusManagerDelegateTest" time="0.329" />
  <testcase name="testGetAllUserStatusesAccuracy1" classname="com.topcoder.timetracker.user.j2ee.UserStatusManagerDelegateTest" time="0.356" />
  <testcase name="testGetAllUserStatusesAccuracy2" classname="com.topcoder.timetracker.user.j2ee.UserStatusManagerDelegateTest" time="0.594" />
  <testcase name="testGetUserTypeAccuracy" classname="com.topcoder.timetracker.user.j2ee.UserTypeManagerDelegateTest" time="0.443" />
  <testcase name="testCreateUserTypeAccuracy" classname="com.topcoder.timetracker.user.j2ee.UserTypeManagerDelegateTest" time="0.609" />
  <testcase name="testCreateUserTypeNull" classname="com.topcoder.timetracker.user.j2ee.UserTypeManagerDelegateTest" time="0.347" />
  <testcase name="testCreateUserTypeNotValid1" classname="com.topcoder.timetracker.user.j2ee.UserTypeManagerDelegateTest" time="0.584" />
  <testcase name="testCreateUserTypeNotValid2" classname="com.topcoder.timetracker.user.j2ee.UserTypeManagerDelegateTest" time="0.322" />
  <testcase name="testCreateUserTypeNotValid3" classname="com.topcoder.timetracker.user.j2ee.UserTypeManagerDelegateTest" time="0.36" />
  <testcase name="testCreateUserTypeIdGenError" classname="com.topcoder.timetracker.user.j2ee.UserTypeManagerDelegateTest" time="0.583" />
  <testcase name="testUpdateUserTypeAccuracy" classname="com.topcoder.timetracker.user.j2ee.UserTypeManagerDelegateTest" time="0.394" />
  <testcase name="testUpdateUserTypeNull" classname="com.topcoder.timetracker.user.j2ee.UserTypeManagerDelegateTest" time="0.346" />
  <testcase name="testUpdateUserTypeNegative" classname="com.topcoder.timetracker.user.j2ee.UserTypeManagerDelegateTest" time="0.559" />
  <testcase name="testUpdateUserTypeUnrecognized" classname="com.topcoder.timetracker.user.j2ee.UserTypeManagerDelegateTest" time="0.352" />
  <testcase name="testRemoveUserTypeAccuracy" classname="com.topcoder.timetracker.user.j2ee.UserTypeManagerDelegateTest" time="0.638" />
  <testcase name="testRemoveUserTypeNegative" classname="com.topcoder.timetracker.user.j2ee.UserTypeManagerDelegateTest" time="0.317" />
  <testcase name="testRemoveUserTypeUnrecognized" classname="com.topcoder.timetracker.user.j2ee.UserTypeManagerDelegateTest" time="0.349" />
  <testcase name="testGetUserTypeNegative" classname="com.topcoder.timetracker.user.j2ee.UserTypeManagerDelegateTest" time="0.556" />
  <testcase name="testGetUserTypeUnrecognized" classname="com.topcoder.timetracker.user.j2ee.UserTypeManagerDelegateTest" time="0.361" />
  <testcase name="testAddUserTypesAccuracy" classname="com.topcoder.timetracker.user.j2ee.UserTypeManagerDelegateTest" time="0.61" />
  <testcase name="testAddUserTypesNull" classname="com.topcoder.timetracker.user.j2ee.UserTypeManagerDelegateTest" time="0.325" />
  <testcase name="testAddUserTypesEmpty" classname="com.topcoder.timetracker.user.j2ee.UserTypeManagerDelegateTest" time="0.342" />
  <testcase name="testAddUserTypesMissingDescription" classname="com.topcoder.timetracker.user.j2ee.UserTypeManagerDelegateTest" time="0.577" />
  <testcase name="testAddUserTypesMissingCompanyId" classname="com.topcoder.timetracker.user.j2ee.UserTypeManagerDelegateTest" time="0.318" />
  <testcase name="testAddUserTypesAlreadyAdded" classname="com.topcoder.timetracker.user.j2ee.UserTypeManagerDelegateTest" time="0.373" />
  <testcase name="testAddUserTypesIdGenerationTableNotPrepared" classname="com.topcoder.timetracker.user.j2ee.UserTypeManagerDelegateTest" time="0.588" />
  <testcase name="testUpdateUserTypesAccuracy" classname="com.topcoder.timetracker.user.j2ee.UserTypeManagerDelegateTest" time="0.406" />
  <testcase name="testUpdateUserTypesNull" classname="com.topcoder.timetracker.user.j2ee.UserTypeManagerDelegateTest" time="0.552" />
  <testcase name="testUpdateUserTypesEmpty" classname="com.topcoder.timetracker.user.j2ee.UserTypeManagerDelegateTest" time="0.341" />
  <testcase name="testUpdateUserTypesUnrecognized" classname="com.topcoder.timetracker.user.j2ee.UserTypeManagerDelegateTest" time="0.364" />
  <testcase name="testRemoveUserTypesAccuracy" classname="com.topcoder.timetracker.user.j2ee.UserTypeManagerDelegateTest" time="0.596" />
  <testcase name="testRemoveUserTypesNull" classname="com.topcoder.timetracker.user.j2ee.UserTypeManagerDelegateTest" time="0.347" />
  <testcase name="testRemoveUserTypesEmpty" classname="com.topcoder.timetracker.user.j2ee.UserTypeManagerDelegateTest" time="0.326" />
  <testcase name="testRemoveUserTypesNegativeId" classname="com.topcoder.timetracker.user.j2ee.UserTypeManagerDelegateTest" time="0.565" />
  <testcase name="testRemoveUserTypesUnrecognized" classname="com.topcoder.timetracker.user.j2ee.UserTypeManagerDelegateTest" time="0.36" />
  <testcase name="testGetUserTypesAccuracy" classname="com.topcoder.timetracker.user.j2ee.UserTypeManagerDelegateTest" time="0.378" />
  <testcase name="testGetUserTypesNull" classname="com.topcoder.timetracker.user.j2ee.UserTypeManagerDelegateTest" time="0.546" />
  <testcase name="testGetUserTypesEmpty" classname="com.topcoder.timetracker.user.j2ee.UserTypeManagerDelegateTest" time="0.34" />
  <testcase name="testGetUserTypesUnrecognizedEntity" classname="com.topcoder.timetracker.user.j2ee.UserTypeManagerDelegateTest" time="0.376" />
  <testcase name="testSearchUserTypesAccuracy1" classname="com.topcoder.timetracker.user.j2ee.UserTypeManagerDelegateTest" time="0.579" />
  <testcase name="testSearchUserTypesAccuracy2" classname="com.topcoder.timetracker.user.j2ee.UserTypeManagerDelegateTest" time="0.377" />
  <testcase name="testSearchUserTypesNull" classname="com.topcoder.timetracker.user.j2ee.UserTypeManagerDelegateTest" time="0.562" />
  <testcase name="testSearchUserTypesWrongFilter" classname="com.topcoder.timetracker.user.j2ee.UserTypeManagerDelegateTest" time="0.352" />
  <testcase name="testGetAllUserTypesAccuracy1" classname="com.topcoder.timetracker.user.j2ee.UserTypeManagerDelegateTest" time="0.35" />
  <testcase name="testGetAllUserTypesAccuracy2" classname="com.topcoder.timetracker.user.j2ee.UserTypeManagerDelegateTest" time="0.603" />
  <testcase name="testDemo1" classname="com.topcoder.timetracker.user.DemoTests" time="0.695" />
  <testcase name="testDemo2" classname="com.topcoder.timetracker.user.DemoTests" time="1.016" />
  <testcase name="testDemo3" classname="com.topcoder.timetracker.user.DemoTests" time="0.816" />
  <testcase name="testDemo4" classname="com.topcoder.timetracker.user.DemoTests" time="0.844" />
  <system-out><![CDATA[ADDPRINCIPAL: PRINCIPAL: 100-topcoder

ADDPRINCIPAL: PRINCIPAL: 100-topcoder

ADDPRINCIPAL: PRINCIPAL: 100-topcoder

DELPRINCIPAL: PRINCIPAL: 100

ADDPRINCIPAL: PRINCIPAL: 100-helloWorld

ADDPRINCIPAL: PRINCIPAL: 100-topcoder

DELPRINCIPAL: PRINCIPAL: 100

ADDPRINCIPAL: PRINCIPAL: 100-helloWorld

DELPRINCIPAL: PRINCIPAL: 1

ADDPRINCIPAL: PRINCIPAL: 100-topcoder

DELPRINCIPAL: PRINCIPAL: 1

DELPRINCIPAL: PRINCIPAL: 100

DELPRINCIPAL: PRINCIPAL: 1

addRole: SecurityRoleId: 100

addRoleForPrincipal: principalId: 1 roleId: 100

addRole: SecurityRoleId: 100

removeRoleForPrincipal: principalId: 1 roleId: 4

addRole: SecurityRoleId: 100

AUTHEXCEPTION:  METHOD: removeRoleForPrincipal(Principal, SecurityRole)

removeRoleForPrincipal: principalId: 1 roleId: 4

ADDPRINCIPAL: PRINCIPAL: 100-topcoder

DELPRINCIPAL: PRINCIPAL: 100

ADDPRINCIPAL: PRINCIPAL: 100-helloWorld

ADDPRINCIPAL: PRINCIPAL: 100-topcoder

DELPRINCIPAL: PRINCIPAL: 1

DELPRINCIPAL: PRINCIPAL: 100

ADDPRINCIPAL: PRINCIPAL: 100-topcoder

ADDPRINCIPAL: PRINCIPAL: 100-topcoder

ADDPRINCIPAL: PRINCIPAL: 100-topcoder

DELPRINCIPAL: PRINCIPAL: 1

ADDPRINCIPAL: PRINCIPAL: 100-topcoder

ADDPRINCIPAL: PRINCIPAL: 100-topcoder

ADDPRINCIPAL: PRINCIPAL: 100-topcoder

DELPRINCIPAL: PRINCIPAL: 100

ADDPRINCIPAL: PRINCIPAL: 100-helloWorld

ADDPRINCIPAL: PRINCIPAL: 100-topcoder

DELPRINCIPAL: PRINCIPAL: 100

ADDPRINCIPAL: PRINCIPAL: 100-helloWorld

DELPRINCIPAL: PRINCIPAL: 1

ADDPRINCIPAL: PRINCIPAL: 100-topcoder

DELPRINCIPAL: PRINCIPAL: 1

DELPRINCIPAL: PRINCIPAL: 100

DELPRINCIPAL: PRINCIPAL: 1

addRole: SecurityRoleId: 100

addRoleForPrincipal: principalId: 1 roleId: 100

addRole: SecurityRoleId: 100

removeRoleForPrincipal: principalId: 1 roleId: 4

addRole: SecurityRoleId: 100

AUTHEXCEPTION:  METHOD: removeRoleForPrincipal(Principal, SecurityRole)

removeRoleForPrincipal: principalId: 1 roleId: 4

addRole: SecurityRoleId: 100

ADDPRINCIPAL: PRINCIPAL: 100-topcoder

ADDPRINCIPAL: PRINCIPAL: 100-topcoder

ADDPRINCIPAL: PRINCIPAL: 100-topcoder

DELPRINCIPAL: PRINCIPAL: 100

ADDPRINCIPAL: PRINCIPAL: 100-helloWorld

ADDPRINCIPAL: PRINCIPAL: 100-topcoder

DELPRINCIPAL: PRINCIPAL: 100

ADDPRINCIPAL: PRINCIPAL: 100-helloWorld

DELPRINCIPAL: PRINCIPAL: 1

ADDPRINCIPAL: PRINCIPAL: 100-topcoder

DELPRINCIPAL: PRINCIPAL: 1

DELPRINCIPAL: PRINCIPAL: 100

DELPRINCIPAL: PRINCIPAL: 1

addRole: SecurityRoleId: 100

addRoleForPrincipal: principalId: 1 roleId: 100

addRole: SecurityRoleId: 100

removeRoleForPrincipal: principalId: 1 roleId: 4

addRole: SecurityRoleId: 100

AUTHEXCEPTION:  METHOD: removeRoleForPrincipal(Principal, SecurityRole)

removeRoleForPrincipal: principalId: 1 roleId: 4

addRole: SecurityRoleId: 100

ADDPRINCIPAL: PRINCIPAL: 100-TCSDESIGNER

DELPRINCIPAL: PRINCIPAL: 1

addRoleForPrincipal: principalId: 100 roleId: 2

removeRoleForPrincipal: principalId: 100 roleId: 2

ADDPRINCIPAL: PRINCIPAL: 100-TCSDESIGNER

DELPRINCIPAL: PRINCIPAL: 1

addRoleForPrincipal: principalId: 100 roleId: 2

removeRoleForPrincipal: principalId: 100 roleId: 2

]]></system-out>
  <system-err><![CDATA[]]></system-err>
</testsuite>
