<?xml version="1.0" encoding="UTF-8" ?>
<testsuite name="com.topcoder.timetracker.user.AllTests" tests="598" failures="0" errors="0" time="597.141">
  <properties>
    <property name="db_connection_factory.path" value="db_connection_factory/1.0"></property>
    <property name="uml_model_-_core_relationships.jar" value="D:/lib/tcs/uml_model_-_core_relationships/1.0/uml_model_-_core_relationships.jar"></property>
    <property name="javadoc.jar" value="javadocs.jar"></property>
    <property name="cactus.home.tomcat4x" value="D:/Software/Servers/AppServers/jakarta-tomcat-4.1.31"></property>
    <property name="authorization.version" value="2.1.1"></property>
    <property name="packagedir" value="com/topcoder/timetracker/user"></property>
    <property name="ant.library.dir" value="D:\Software\Java\apache-ant-1.6.5\lib"></property>
    <property name="search_builder.version" value="1.3.1"></property>
    <property name="configuration_manager.version" value="2.1.5"></property>
    <property name="user.dir" value="F:\Download\Time_Tracker_User_3.2_dev_dist\Final"></property>
    <property name="java.vm.version" value="1.4.2_09-b05"></property>
    <property name="servlet1.3.jar" value="D:/lib/servlet.jar"></property>
    <property name="math_expression_evaluator.path" value="math_expression_evaluator/1.0"></property>
    <property name="search_builder.jar" value="D:/lib/tcs/search_builder/1.3.1/search_builder.jar"></property>
    <property name="uml_model_-_state_machines.path" value="uml_model_-_state_machines/1.0"></property>
    <property name="uml_model_-_core_relationships.path" value="uml_model_-_core_relationships/1.0"></property>
    <property name="jar_ext_libdir" value="lib"></property>
    <property name="typesafe_enum.jar.name" value="typesafe_enum.jar"></property>
    <property name="jdbc.sqlserver.jar" value="D:/lib/jdbc/sqljdbc.jar"></property>
    <property name="data_validation.path" value="data_validation/1.0"></property>
    <property name="sun.os.patch.level" value="Service Pack 2"></property>
    <property name="distfilename" value="time_tracker_user"></property>
    <property name="java.vm.specification.name" value="Java Virtual Machine Specification"></property>
    <property name="cobertura.datafile" value="log/cobertura.ser"></property>
    <property name="uml_model_-_state_machines.jar.name" value="uml_model_-_state_machines.jar"></property>
    <property name="commons.httpclient.jar" value="D:/lib/apache/commons/commons-httpclient-3.0.1.jar"></property>
    <property name="diagram_interchange.version" value="1.0"></property>
    <property name="object_factory.path" value="object_factory/2.0.1"></property>
    <property name="ext_libdir" value="D:/lib"></property>
    <property name="JNDI_Utility.version" value="1.0"></property>
    <property name="search_builder.path" value="search_builder/1.3.1"></property>
    <property name="os.name" value="Windows XP"></property>
    <property name="build_distdir" value="build/dist"></property>
    <property name="jdbc.informix.jar" value="D:/lib/jdbc/ifxjdbc.jar"></property>
    <property name="authorization.path" value="authorization/2.1.1"></property>
    <property name="logging_wrapper.jar" value="D:/lib/tcs/logging_wrapper/1.2/logging_wrapper.jar"></property>
    <property name="component.jar" value="build/dist/lib/tcs/time_tracker_user/3.2/time_tracker_user.jar"></property>
    <property name="java.vendor.url.bug" value="http://java.sun.com/cgi-bin/bugreport.cgi"></property>
    <property name="uml_model_-_core.jar" value="D:/lib/tcs/uml_model_-_core/1.0/uml_model_-_core.jar"></property>
    <property name="srcdir" value="src"></property>
    <property name="os.arch" value="x86"></property>
    <property name="logging_wrapper.version" value="1.2"></property>
    <property name="user.name" value="Zhang Guiqiang"></property>
    <property name="docsdir" value="docs"></property>
    <property name="uml_model_-_core_relationships.jar.name" value="uml_model_-_core_relationships.jar"></property>
    <property name="commons.beanutils.jar" value="${lib.apache.common.dir}/commons-beanutils-1.7.0.jar"></property>
    <property name="configuration_manager.path" value="configuration_manager/2.1.5"></property>
    <property name="time_tracker_common.jar" value="D:/lib/tcs/time_tracker_common/3.1/time_tracker_common.jar"></property>
    <property name="string_pattern_match.version" value="1.0"></property>
    <property name="jar_tcs_libdir" value="lib/tcs"></property>
    <property name="uml_model_-_common_behavior.jar" value="D:/lib/tcs/uml_model_-_common_behavior/1.0/uml_model_-_common_behavior.jar"></property>
    <property name="xercesImpl.jar" value="D:/lib/xerces/2.7.1/xercesImpl.jar"></property>
    <property name="search_builder.jar.name" value="search_builder.jar"></property>
    <property name="id_generator.version" value="3.0"></property>
    <property name="JNDI_Utility.jar" value="D:/lib/tcs/JNDI_Utility/1.0/JNDI_Utility.jar"></property>
    <property name="user.country" value="CN"></property>
    <property name="javadocsdir" value="docs/javadocs"></property>
    <property name="time_tracker_contact.path" value="time_tracker_contact/3.2"></property>
    <property name="reports" value="reports"></property>
    <property name="cobertura.dir" value="D:/lib/cobertura-1.8"></property>
    <property name="time_tracker_common.path" value="time_tracker_common/3.1"></property>
    <property name="dist_conf" value="build/dist/time_tracker_user-3.2/conf"></property>
    <property name="uml_model_-_core_relationships.version" value="1.0"></property>
    <property name="tcs_libdir" value="D:/lib/tcs"></property>
    <property name="data_validation.jar" value="D:/lib/tcs/data_validation/1.0/data_validation.jar"></property>
    <property name="uml_model_-_core.jar.name" value="uml_model_-_core.jar"></property>
    <property name="dist_javadocs" value="build/dist/time_tracker_user-3.2/docs/javadocs"></property>
    <property name="build_docsdir" value="build/docs"></property>
    <property name="build_javadocsdir" value="build/docs/javadocs"></property>
    <property name="jdbc.oracle.jar" value="D:/lib/jdbc/ojdbc14.jar"></property>
    <property name="java.endorsed.dirs" value="D:\Software\Java\j2sdk1.4.2\jre\lib\endorsed"></property>
    <property name="string_pattern_match.path" value="string_pattern_match/1.0"></property>
    <property name="commons.io.jar" value="D:/lib/apache/commons/commons-io-1.0.jar"></property>
    <property name="generic_event_manager.path" value="generic_event_manager/1.0"></property>
    <property name="chat_user_profile.jar.name" value="chat_user_profile.jar"></property>
    <property name="jbossall-client.jar" value="D:/lib/jbossall-client.jar"></property>
    <property name="component.dist.jar" value="build/dist/time_tracker_user-3.2.jar"></property>
    <property name="java.vm.specification.version" value="1.0"></property>
    <property name="commons.cli.jar" value="D:/lib/apache/commons/commons-cli-1.0.jar"></property>
    <property name="lib.apache.commons.dir" value="D:/lib/apache/commons"></property>
    <property name="logging_wrapper.path" value="logging_wrapper/1.2"></property>
    <property name="status_tracker.jar" value="D:/lib/tcs/status_tracker/1.0/status_tracker.jar"></property>
    <property name="java.vendor" value="Sun Microsystems Inc."></property>
    <property name="file.separator" value="\"></property>
    <property name="user.variant" value=""></property>
    <property name="mail.jar" value="D:/lib/mail.jar"></property>
    <property name="ant.home" value="D:\Software\Java\apache-ant-1.6.5"></property>
    <property name="builddir" value="build"></property>
    <property name="dev_dist.jar" value="Time_Tracker_User_3.2_dev_dist.jar"></property>
    <property name="simple_cache.path" value="simple_cache/1.1"></property>
    <property name="jboss_home" value="D:/Software/Servers/AppServers/jboss-4.0.5.GA"></property>
    <property name="zoom_panel.path" value="zoom_panel/1.0"></property>
    <property name="javasrc" value="src/java"></property>
    <property name="ant.java.version" value="1.4"></property>
    <property name="java.library.path" value="D:\Software\Java\j2sdk1.4.2\jre\bin;.;C:\WINDOWS\system32;C:\WINDOWS;D:\Software\Servers\Databases\oraclexe\app\oracle\product\10.2.0\server\bin;C:\Program Files\PC Connectivity Solution\;D:\Software\Ruby\bin;D:\Software\Tools\mksscripts\src;D:\Software\Tools\MKS\IntegrityClient\bin;D:\Software\Perl\bin\;C:\Program Files\ThinkPad\Utilities;C:\WINDOWS\system32;C:\WINDOWS;C:\WINDOWS\System32\Wbem;C:\Program Files\Intel\Wireless\Bin\;C:\Program Files\ATI Technologies\ATI Control Panel;D:\Software\Java\j2sdk1.4.2\bin;D:\Software\Java\apache-ant-1.6.5\bin;C:\Program Files\Microsoft SQL Server\90\Tools\binn\;C:\Program Files\ThinkPad\ConnectUtilities;C:\tbs\bin;D:\Software\Tools\nant-0.85\bin;C:\WINDOWS\Microsoft.NET\Framework\v1.1.4322;D:\Software\Servers\Databases\MySQL5\bin;D:\Software\Tools\cygwin\bin;D:\Software\Tools\4NT302;D:\Software\groovy\bin;C:\Program Files\QuickTime\QTSystem\"></property>
    <property name="uml_model_-_core_extension_mechanisms.jar" value="D:/lib/tcs/uml_model_-_core_extension_mechanisms/1.0/uml_model_-_core_extension_mechanisms.jar"></property>
    <property name="activation.jar" value="D:/lib/activation.jar"></property>
    <property name="time_tracker_audit.version" value="3.2"></property>
    <property name="base_exception.jar.name" value="base_exception.jar"></property>
    <property name="db_connection_factory.jar.name" value="db_connection_factory.jar"></property>
    <property name="sun.arch.data.model" value="32"></property>
    <property name="basedir" value="F:\Download\Time_Tracker_User_3.2_dev_dist\Final"></property>
    <property name="webdir" value="web"></property>
    <property name="ant.file.Common properties and tasks" value="D:\TopCoder\config\commons.xml"></property>
    <property name="base_exception.version" value="1.0"></property>
    <property name="diagram_elements.path" value="diagram_elements/1.0"></property>
    <property name="path.separator" value=";"></property>
    <property name="uml_model_-_core_classifiers.path" value="uml_model_-_core_classifiers/1.0"></property>
    <property name="sun.io.unicode.encoding" value="UnicodeLittle"></property>
    <property name="generic_event_manager.jar" value="D:/lib/tcs/generic_event_manager/1.0/generic_event_manager.jar"></property>
    <property name="simple_cache.version" value="1.1"></property>
    <property name="user.language" value="zh"></property>
    <property name="junit.jar" value="D:/lib/junit.jar"></property>
    <property name="object_factory.jar" value="D:/lib/tcs/object_factory/2.0.1/object_factory.jar"></property>
    <property name="docpackage.jar" value="time_tracker_user_docs.jar"></property>
    <property name="chat_user_profile.version" value="2.0"></property>
    <property name="database_abstraction.jar.name" value="database_abstraction.jar"></property>
    <property name="uml_model_-_common_behavior.jar.name" value="uml_model_-_common_behavior.jar"></property>
    <property name="authentication_factory.version" value="2.0"></property>
    <property name="authorization.jar" value="D:/lib/tcs/authorization/2.1.1/authorization.jar"></property>
    <property name="chat_user_profile.jar" value="D:/lib/tcs/chat_user_profile/2.0/chat_user_profile.jar"></property>
    <property name="package" value="com.topcoder.timetracker.user"></property>
    <property name="java.class.version" value="48.0"></property>
    <property name="uml_model_-_core_extension_mechanisms.version" value="1.0"></property>
    <property name="xml-apis.jar" value="D:/lib/xerces/2.7.1/xml-apis.jar"></property>
    <property name="javamain" value="src/java/main"></property>
    <property name="database_abstraction.version" value="1.1"></property>
    <property name="file.encoding.pkg" value="sun.io"></property>
    <property name="sun.cpu.endian" value="little"></property>
    <property name="uml_model_-_activity_graphs.jar" value="D:/lib/tcs/uml_model_-_activity_graphs/1.0/uml_model_-_activity_graphs.jar"></property>
    <property name="time_tracker_contact.jar" value="D:/lib/tcs/time_tracker_contact/3.2/time_tracker_contact.jar"></property>
    <property name="generic_event_manager.version" value="1.0"></property>
    <property name="zoom_panel.jar.name" value="zoom_panel.jar"></property>
    <property name="java.home" value="D:\Software\Java\j2sdk1.4.2\jre"></property>
    <property name="build_classdir" value="build/classes"></property>
    <property name="diagram_interchange.jar" value="D:/lib/tcs/diagram_interchange/1.0/diagram_interchange.jar"></property>
    <property name="data_validation.version" value="1.0"></property>
    <property name="component_version" value="3.2"></property>
    <property name="build_testclassdir" value="build/testClasses"></property>
    <property name="junitejb.jar" value="D:/lib/junitejb.jar"></property>
    <property name="diagram_edges.path" value="diagram_edges/1.0"></property>
    <property name="uml_model_-_core_classifiers.jar" value="D:/lib/tcs/uml_model_-_core_classifiers/1.0/uml_model_-_core_classifiers.jar"></property>
    <property name="mockejb.jar" value="D:/lib/mockejb.jar"></property>
    <property name="commons.collections.jar" value="D:/lib/apache/commons/commons-collections-3.1.jar"></property>
    <property name="dist_src" value="build/dist/time_tracker_user-3.2/src"></property>
    <property name="log4j.jar" value="D:/lib/log4j-1.2.13.jar"></property>
    <property name="string_pattern_match.jar.name" value="string_pattern_match.jar"></property>
    <property name="build_tcsdistdir" value="build/dist/time_tracker_user-3.2"></property>
    <property name="db_connection_factory.version" value="1.0"></property>
    <property name="instrumented.dir" value="build/instrumented"></property>
    <property name="time_tracker_contact.jar.name" value="time_tracker_contact.jar"></property>
    <property name="math_expression_evaluator.jar" value="D:/lib/tcs/math_expression_evaluator/1.0/math_expression_evaluator.jar"></property>
    <property name="debug" value="off"></property>
    <property name="uml_model_-_data_types.path" value="uml_model_-_data_types/1.0"></property>
    <property name="diagram_interchange.jar.name" value="diagram_interchange.jar"></property>
    <property name="jdbc.mysql.jar" value="D:/lib/jdbc/mysql-connector-java-3.1.12-bin.jar"></property>
    <property name="object_factory.jar.name" value="object_factory.jar"></property>
    <property name="ant.file" value="F:\Download\Time_Tracker_User_3.2_dev_dist\Final\build.xml"></property>
    <property name="typesafe_enum.version" value="1.0"></property>
    <property name="commons.logging.jar" value="D:/lib/apache/commons/commons-logging-1.0.4.jar"></property>
    <property name="time_tracker_common.version" value="3.1"></property>
    <property name="uml_model_-_core_extension_mechanisms.path" value="uml_model_-_core_extension_mechanisms/1.0"></property>
    <property name="diagram_edges.version" value="1.0"></property>
    <property name="time_tracker_contact.version" value="3.2"></property>
    <property name="jdbc.postgres.jar" value="D:/lib/jdbc/postgresql-8.1-404.jdbc3.jar"></property>
    <property name="status_tracker.path" value="status_tracker/1.0"></property>
    <property name="java_1_3_bootclasspath" value="D:/TopCoder/JavaSoft/JRE/1.3.1_18/lib/rt.jar"></property>
    <property name="commons.codec.jar" value="D:/lib/apache/commons/commons-codec-1.3.jar"></property>
    <property name="java.vm.specification.vendor" value="Sun Microsystems Inc."></property>
    <property name="java.vm.name" value="Java HotSpot(TM) Client VM"></property>
    <property name="design_submission.jar" value="Time_Tracker_User_3.2_design_submission.jar"></property>
    <property name="java.io.tmpdir" value="C:\DOCUME~1\ZHANGG~1\LOCALS~1\Temp\"></property>
    <property name="java.vendor.url" value="http://java.sun.com/"></property>
    <property name="status_tracker.version" value="1.0"></property>
    <property name="typesafe_enum.jar" value="D:/lib/tcs/typesafe_enum/1.0/typesafe_enum.jar"></property>
    <property name="uml_model_-_core_classifiers.version" value="1.0"></property>
    <property name="java.util.prefs.PreferencesFactory" value="java.util.prefs.WindowsPreferencesFactory"></property>
    <property name="component.tests.jar" value="build/dist/lib/tcs/time_tracker_user_tests.jar"></property>
    <property name="sun.boot.library.path" value="D:\Software\Java\j2sdk1.4.2\jre\bin"></property>
    <property name="configuration_manager.jar" value="D:/lib/tcs/configuration_manager/2.1.5/configuration_manager.jar"></property>
    <property name="dist_lib" value="build/dist/lib/tcs"></property>
    <property name="zoom_panel.version" value="1.0"></property>
    <property name="chat_user_profile.path" value="chat_user_profile/2.0"></property>
    <property name="diagram_interchange.path" value="diagram_interchange/1.0"></property>
    <property name="logging_wrapper.jar.name" value="logging_wrapper.jar"></property>
    <property name="xerces1.4.4.jar" value="D:/lib/xerces/1.4.4/xerces.jar"></property>
    <property name="id_generator.path" value="id_generator/3.0"></property>
    <property name="java.runtime.name" value="Java(TM) 2 Runtime Environment, Standard Edition"></property>
    <property name="ant.project.name" value="Time Tracker User"></property>
    <property name="commons.digester.jar" value="D:/lib/apache/commons/commons-digester-1.8.jar"></property>
    <property name="testlogdir" value="log"></property>
    <property name="dist_testfiles" value="build/dist/time_tracker_user-3.2/test_files"></property>
    <property name="sun.cpu.isalist" value="pentium i486 i386"></property>
    <property name="lib.cactus.dir" value="D:/lib/cactus"></property>
    <property name="db_connection_factory.jar" value="D:/lib/tcs/db_connection_factory/1.0/db_connection_factory.jar"></property>
    <property name="zoom_panel.jar" value="D:/lib/tcs/zoom_panel/1.0/zoom_panel.jar"></property>
    <property name="user.home" value="C:\Documents and Settings\Zhang Guiqiang"></property>
    <property name="class_associations.path" value="class_associations/1.0"></property>
    <property name="java.specification.name" value="Java Platform API Specification"></property>
    <property name="database_abstraction.jar" value="D:/lib/tcs/database_abstraction/1.1/database_abstraction.jar"></property>
    <property name="configdir" value="conf"></property>
    <property name="uml_model_-_activity_graphs.jar.name" value="uml_model_-_activity_graphs.jar"></property>
    <property name="java.specification.vendor" value="Sun Microsystems Inc."></property>
    <property name="java.version" value="1.4.2_09"></property>
    <property name="build_targetclassdir" value="build/targetclasses"></property>
    <property name="diagram_elements.jar.name" value="diagram_elements.jar"></property>
    <property name="ant.file.Time Tracker User" value="F:\Download\Time_Tracker_User_3.2_dev_dist\Final\build.xml"></property>
    <property name="string_pattern_match.jar" value="D:/lib/tcs/string_pattern_match/1.0/string_pattern_match.jar"></property>
    <property name="dist_docpackage" value="build/doc_package"></property>
    <property name="base_exception.jar" value="D:/lib/tcs/base_exception/1.0/base_exception.jar"></property>
    <property name="mockrunner.jar" value="D:/lib/mock/mockrunner-0.3.7/lib/mockrunner.jar"></property>
    <property name="jdbc.jtds.jar" value="D:/lib/jdbc/jtds-1.2.jar"></property>
    <property name="email_engine.version" value="3.0"></property>
    <property name="simple_cache.jar.name" value="simple_cache.jar"></property>
    <property name="id_generator.jar.name" value="id_generator.jar"></property>
    <property name="configuration_manager.jar.name" value="configuration_manager.jar"></property>
    <property name="line.separator" value="
"></property>
    <property name="java.specification.version" value="1.4"></property>
    <property name="java.vm.info" value="mixed mode"></property>
    <property name="authorization.jar.name" value="authorization.jar"></property>
    <property name="build_lib" value="build/lib"></property>
    <property name="jdbc.hsqldb.jar" value="D:/lib/jdbc/hsqldb.jar"></property>
    <property name="uml_model_-_state_machines.version" value="1.0"></property>
    <property name="sun.boot.class.path" value="D:\Software\Java\j2sdk1.4.2\jre\lib\rt.jar;D:\Software\Java\j2sdk1.4.2\jre\lib\i18n.jar;D:\Software\Java\j2sdk1.4.2\jre\lib\sunrsasign.jar;D:\Software\Java\j2sdk1.4.2\jre\lib\jsse.jar;D:\Software\Java\j2sdk1.4.2\jre\lib\jce.jar;D:\Software\Java\j2sdk1.4.2\jre\lib\charsets.jar;D:\Software\Java\j2sdk1.4.2\jre\classes"></property>
    <property name="generic_event_manager.jar.name" value="generic_event_manager.jar"></property>
    <property name="verbose" value="no"></property>
    <property name="base_exception.path" value="base_exception/1.0"></property>
    <property name="dist_docs" value="build/dist/time_tracker_user-3.2/docs"></property>
    <property name="uml_model_-_data_types.version" value="1.0"></property>
    <property name="time_tracker_audit.jar" value="D:/lib/tcs/time_tracker_audit/3.2/time_tracker_audit.jar"></property>
    <property name="data_validation.jar.name" value="data_validation.jar"></property>
    <property name="javatests" value="src/java/tests"></property>
    <property name="authentication_factory.jar.name" value="authentication_factory.jar"></property>
    <property name="dev_submission.jar" value="Time_Tracker_User_3.2_dev_submission.jar"></property>
    <property name="java.awt.printerjob" value="sun.awt.windows.WPrinterJob"></property>
    <property name="typesafe_enum.path" value="typesafe_enum/1.0"></property>
    <property name="simple_cache.jar" value="D:/lib/tcs/simple_cache/1.1/simple_cache.jar"></property>
    <property name="uml_model_-_activity_graphs.version" value="1.0"></property>
    <property name="diagram_elements.version" value="1.0"></property>
    <property name="uml_model_-_state_machines.jar" value="D:/lib/tcs/uml_model_-_state_machines/1.0/uml_model_-_state_machines.jar"></property>
    <property name="java.runtime.version" value="1.4.2_09-b05"></property>
    <property name="lib.jdbc.dir" value="D:/lib/jdbc"></property>
    <property name="uml_model_-_data_types.jar.name" value="uml_model_-_data_types.jar"></property>
    <property name="component.war" value="${dist_examples}/time_tracker_user.war"></property>
    <property name="class_associations.jar" value="D:/lib/tcs/class_associations/1.0/class_associations.jar"></property>
    <property name="user.timezone" value=""></property>
    <property name="class_associations.version" value="1.0"></property>
    <property name="component_path" value="time_tracker_user/3.2"></property>
    <property name="j2ee.jar" value="D:/lib/jboss-j2ee.jar"></property>
    <property name="uml_model_-_common_behavior.path" value="uml_model_-_common_behavior/1.0"></property>
    <property name="database_abstraction.path" value="database_abstraction/1.1"></property>
    <property name="authentication_factory.jar" value="D:/lib/tcs/authentication_factory/2.0/authentication_factory.jar"></property>
    <property name="java.ext.dirs" value="D:\Software\Java\j2sdk1.4.2\jre\lib\ext"></property>
    <property name="class_associations.jar.name" value="class_associations.jar"></property>
    <property name="jta.jar" value="D:/lib/jta.jar"></property>
    <property name="object_factory.version" value="2.0.1"></property>
    <property name="java.class.path" value="F:\Download\Time_Tracker_User_3.2_dev_dist\Final\build\testClasses;F:\Download\Time_Tracker_User_3.2_dev_dist\Final\build\classes;F:\Download\Time_Tracker_User_3.2_dev_dist\Final\test_files\depends.jar;F:\Download\Time_Tracker_User_3.2_dev_dist\Final\test_files\ifxjdbc.jar;F:\Download\Time_Tracker_User_3.2_dev_dist\Final\test_files\cglib-full-2.0-RC2.jar;F:\Download\Time_Tracker_User_3.2_dev_dist\Final\test_files\commons-logging.jar;F:\Download\Time_Tracker_User_3.2_dev_dist\Final\test_files\jakarta-oro-2.0.8.jar;F:\Download\Time_Tracker_User_3.2_dev_dist\Final\test_files\mockejb.jar;F:\Download\Time_Tracker_User_3.2_dev_dist\Final\test_files\j2ee.jar;D:\lib\tcs\id_generator\3.0\id_generator.jar;D:\lib\tcs\logging_wrapper\1.2\logging_wrapper.jar;D:\lib\tcs\configuration_manager\2.1.5\configuration_manager.jar;D:\lib\tcs\base_exception\1.0\base_exception.jar;D:\lib\tcs\typesafe_enum\1.0\typesafe_enum.jar;D:\lib\tcs\db_connection_factory\1.0\db_connection_factory.jar;D:\lib\tcs\object_factory\2.0.1\object_factory.jar;D:\lib\tcs\class_associations\1.0\class_associations.jar;D:\lib\tcs\search_builder\1.3.1\search_builder.jar;D:\lib\tcs\database_abstraction\1.1\database_abstraction.jar;D:\lib\tcs\simple_cache\1.1\simple_cache.jar;D:\lib\tcs\authorization\2.1.1\authorization.jar;D:\lib\tcs\authentication_factory\2.0\authentication_factory.jar;D:\lib\tcs\JNDI_Utility\1.0\JNDI_Utility.jar;D:\lib\mock\jmock\jmock-1.1.0.jar;F:\Download\Time_Tracker_User_3.2_dev_dist\Final\conf;F:\Download\Time_Tracker_User_3.2_dev_dist\Final\test_files;F:\Download\Time_Tracker_User_3.2_dev_dist\Final;C:\Program Files\QuickTime\QTSystem\QTJava.zip;D:\Software\Java\apache-ant-1.6.5\lib\junit.jar;D:\Software\Java\apache-ant-1.6.5\lib\ant-launcher.jar;D:\Software\Java\apache-ant-1.6.5\lib\ant.jar;D:\Software\Java\apache-ant-1.6.5\lib\ant-junit.jar"></property>
    <property name="uml_model_-_common_behavior.version" value="1.0"></property>
    <property name="status_tracker.jar.name" value="status_tracker.jar"></property>
    <property name="component" value="Time_Tracker_User"></property>
    <property name="cactus.jar" value="D:/lib/cactus/cactus-1.7.2.jar"></property>
    <property name="os.version" value="5.1"></property>
    <property name="email_engine.jar" value="D:/lib/tcs/email_engine/3.0/email_engine.jar"></property>
    <property name="design_dist.jar" value="Time_Tracker_User_3.2_design_dist.jar"></property>
    <property name="uml_model_-_core_classifiers.jar.name" value="uml_model_-_core_classifiers.jar"></property>
    <property name="time_tracker_audit.jar.name" value="time_tracker_audit.jar"></property>
    <property name="diagram_edges.jar.name" value="diagram_edges.jar"></property>
    <property name="uml_model_-_core.version" value="1.0"></property>
    <property name="cactus.port" value="9090"></property>
    <property name="math_expression_evaluator.jar.name" value="math_expression_evaluator.jar"></property>
    <property name="java.awt.graphicsenv" value="sun.awt.Win32GraphicsEnvironment"></property>
    <property name="java.vm.vendor" value="Sun Microsystems Inc."></property>
    <property name="uml_model_-_core_extension_mechanisms.jar.name" value="uml_model_-_core_extension_mechanisms.jar"></property>
    <property name="time_tracker_audit.path" value="time_tracker_audit/3.2"></property>
    <property name="math_expression_evaluator.version" value="1.0"></property>
    <property name="diagram_edges.jar" value="D:/lib/tcs/diagram_edges/1.0/diagram_edges.jar"></property>
    <property name="hibernate3.jar" value="D:/lib/hibernate3.jar"></property>
    <property name="uml_model_-_core.path" value="uml_model_-_core/1.0"></property>
    <property name="build_webdir" value="build/web"></property>
    <property name="uml_model_-_activity_graphs.path" value="uml_model_-_activity_graphs/1.0"></property>
    <property name="testfiles" value="test_files"></property>
    <property name="dom4j.jar" value="D:/lib/dom4j-1.6.1.jar"></property>
    <property name="sun.java2d.fontpath" value=""></property>
    <property name="cactus.home.tomcat5x" value="D:/Software/Servers/AppServers/jakarta-tomcat-5.0.28"></property>
    <property name="servlet1.4.jar" value="D:/lib/servlet-api.jar"></property>
    <property name="id_generator.jar" value="D:/lib/tcs/id_generator/3.0/id_generator.jar"></property>
    <property name="$log4j.jar" value="D:/lib/log4j-1.2.13.jar"></property>
    <property name="JNDI_Utility.jar.name" value="JNDI_Utility.jar"></property>
    <property name="ant.version" value="Apache Ant version 1.6.5 compiled on June 2 2005"></property>
    <property name="email_engine.path" value="email_engine/3.0"></property>
    <property name="time_tracker_common.jar.name" value="time_tracker_common.jar"></property>
    <property name="authentication_factory.path" value="authentication_factory/2.0"></property>
    <property name="file.encoding" value="GBK"></property>
    <property name="JNDI_Utility.path" value="JNDI_Utility/1.0"></property>
    <property name="awt.toolkit" value="sun.awt.windows.WToolkit"></property>
    <property name="diagram_elements.jar" value="D:/lib/tcs/diagram_elements/1.0/diagram_elements.jar"></property>
    <property name="jsp1.4.jar" value="D:/lib/jsp-api.jar"></property>
    <property name="email_engine.jar.name" value="email_engine.jar"></property>
    <property name="uml_model_-_data_types.jar" value="D:/lib/tcs/uml_model_-_data_types/1.0/uml_model_-_data_types.jar"></property>
  </properties>
  <testcase name="testAddUsers_with_10User" classname="com.topcoder.timetracker.user.stresstests.TestDbUserDAOStress" time="11.047"></testcase>
  <testcase name="testAddUsers_with_20User" classname="com.topcoder.timetracker.user.stresstests.TestDbUserDAOStress" time="18.984"></testcase>
  <testcase name="testUpdateUsers" classname="com.topcoder.timetracker.user.stresstests.TestDbUserDAOStress" time="17.891"></testcase>
  <testcase name="testRemoveUsers" classname="com.topcoder.timetracker.user.stresstests.TestDbUserDAOStress" time="54.687"></testcase>
  <testcase name="testGetUsers" classname="com.topcoder.timetracker.user.stresstests.TestDbUserDAOStress" time="17.563"></testcase>
  <testcase name="testSearchUsers" classname="com.topcoder.timetracker.user.stresstests.TestDbUserDAOStress" time="15.796"></testcase>
  <testcase name="testGetAllUsers" classname="com.topcoder.timetracker.user.stresstests.TestDbUserDAOStress" time="18.704"></testcase>
  <testcase name="testCtor" classname="com.topcoder.timetracker.user.UserTests" time="0.0"></testcase>
  <testcase name="testSetPassword" classname="com.topcoder.timetracker.user.UserTests" time="0.0"></testcase>
  <testcase name="testSetPassword_NullPassword" classname="com.topcoder.timetracker.user.UserTests" time="0.0"></testcase>
  <testcase name="testSetPassword_EmptyPassword" classname="com.topcoder.timetracker.user.UserTests" time="0.0"></testcase>
  <testcase name="testGetUsername" classname="com.topcoder.timetracker.user.UserTests" time="0.0"></testcase>
  <testcase name="testSetUsername" classname="com.topcoder.timetracker.user.UserTests" time="0.0"></testcase>
  <testcase name="testSetUsername_NullUsername" classname="com.topcoder.timetracker.user.UserTests" time="0.0"></testcase>
  <testcase name="testSetUsername_EmptyUsername" classname="com.topcoder.timetracker.user.UserTests" time="0.0"></testcase>
  <testcase name="testGetCompanyId" classname="com.topcoder.timetracker.user.UserTests" time="0.0"></testcase>
  <testcase name="testSetCompanyId" classname="com.topcoder.timetracker.user.UserTests" time="0.0"></testcase>
  <testcase name="testSetCompanyId_NegativeId" classname="com.topcoder.timetracker.user.UserTests" time="0.0"></testcase>
  <testcase name="testGetContact" classname="com.topcoder.timetracker.user.UserTests" time="0.0"></testcase>
  <testcase name="testSetContact" classname="com.topcoder.timetracker.user.UserTests" time="0.0"></testcase>
  <testcase name="testSetContact_NullContact" classname="com.topcoder.timetracker.user.UserTests" time="0.0"></testcase>
  <testcase name="testGetAlgorithmName" classname="com.topcoder.timetracker.user.UserTests" time="0.0"></testcase>
  <testcase name="testSetAlgorithmName" classname="com.topcoder.timetracker.user.UserTests" time="0.0"></testcase>
  <testcase name="testSetAlgorithmName_NullAlgorithmName" classname="com.topcoder.timetracker.user.UserTests" time="0.0"></testcase>
  <testcase name="testSetAlgorithmName_EmptyAlgorithmName" classname="com.topcoder.timetracker.user.UserTests" time="0.0"></testcase>
  <testcase name="testGetAddress" classname="com.topcoder.timetracker.user.UserTests" time="0.0"></testcase>
  <testcase name="testGetPassword" classname="com.topcoder.timetracker.user.UserTests" time="0.0"></testcase>
  <testcase name="testGetStatus" classname="com.topcoder.timetracker.user.UserTests" time="0.0"></testcase>
  <testcase name="testSetStatus" classname="com.topcoder.timetracker.user.UserTests" time="0.0"></testcase>
  <testcase name="testSetStatus_NullStatus" classname="com.topcoder.timetracker.user.UserTests" time="0.0"></testcase>
  <testcase name="testSetAddress" classname="com.topcoder.timetracker.user.UserTests" time="0.0"></testcase>
  <testcase name="testSetAddress_NullAddress" classname="com.topcoder.timetracker.user.UserTests" time="0.0"></testcase>
  <testcase name="testUpdateUsers" classname="com.topcoder.timetracker.user.UserManagerImplTests" time="4.609"></testcase>
  <testcase name="testRemoveUsers" classname="com.topcoder.timetracker.user.UserManagerImplTests" time="4.641"></testcase>
  <testcase name="testGetUsers" classname="com.topcoder.timetracker.user.UserManagerImplTests" time="1.171"></testcase>
  <testcase name="testSearchUsers" classname="com.topcoder.timetracker.user.UserManagerImplTests" time="1.516"></testcase>
  <testcase name="testGetAllUsers" classname="com.topcoder.timetracker.user.UserManagerImplTests" time="1.047"></testcase>
  <testcase name="testCtor" classname="com.topcoder.timetracker.user.UserManagerImplTests" time="0.984"></testcase>
  <testcase name="testCtor_NullUserDao" classname="com.topcoder.timetracker.user.UserManagerImplTests" time="0.86"></testcase>
  <testcase name="testCtor_NullAuthPersistence" classname="com.topcoder.timetracker.user.UserManagerImplTests" time="0.984"></testcase>
  <testcase name="testCtor_NullAuthenticatorName" classname="com.topcoder.timetracker.user.UserManagerImplTests" time="0.953"></testcase>
  <testcase name="testCtor_EmptyAuthenticatorName" classname="com.topcoder.timetracker.user.UserManagerImplTests" time="0.985"></testcase>
  <testcase name="testCtor_InvalidAuthenticatorName" classname="com.topcoder.timetracker.user.UserManagerImplTests" time="0.968"></testcase>
  <testcase name="testCreateUser" classname="com.topcoder.timetracker.user.UserManagerImplTests" time="2.391"></testcase>
  <testcase name="testCreateUser_NullUser" classname="com.topcoder.timetracker.user.UserManagerImplTests" time="0.984"></testcase>
  <testcase name="testCreateUser_DataAccessException" classname="com.topcoder.timetracker.user.UserManagerImplTests" time="1.0"></testcase>
  <testcase name="testAddUsers" classname="com.topcoder.timetracker.user.UserManagerImplTests" time="2.235"></testcase>
  <testcase name="testAddUsers_NullUsers" classname="com.topcoder.timetracker.user.UserManagerImplTests" time="0.984"></testcase>
  <testcase name="testAddUsers_NullInUsers" classname="com.topcoder.timetracker.user.UserManagerImplTests" time="1.172"></testcase>
  <testcase name="testAddUsers_DataAccessException" classname="com.topcoder.timetracker.user.UserManagerImplTests" time="1.25"></testcase>
  <testcase name="testUpdateUser" classname="com.topcoder.timetracker.user.UserManagerImplTests" time="3.344"></testcase>
  <testcase name="testUpdateUser_NullUser" classname="com.topcoder.timetracker.user.UserManagerImplTests" time="0.875"></testcase>
  <testcase name="testUpdateUser_DataAccessException" classname="com.topcoder.timetracker.user.UserManagerImplTests" time="0.859"></testcase>
  <testcase name="testUpdateUser_UnrecognizedEntityException" classname="com.topcoder.timetracker.user.UserManagerImplTests" time="1.359"></testcase>
  <testcase name="testUpdateUsers_NullUsers" classname="com.topcoder.timetracker.user.UserManagerImplTests" time="0.844"></testcase>
  <testcase name="testUpdateUsers_NullInUsers" classname="com.topcoder.timetracker.user.UserManagerImplTests" time="0.922"></testcase>
  <testcase name="testUpdateUsers_BatchOperationException" classname="com.topcoder.timetracker.user.UserManagerImplTests" time="1.078"></testcase>
  <testcase name="testUpdateUsers_DataAccessException" classname="com.topcoder.timetracker.user.UserManagerImplTests" time="0.891"></testcase>
  <testcase name="testRemoveUser" classname="com.topcoder.timetracker.user.UserManagerImplTests" time="2.578"></testcase>
  <testcase name="testRemoveUser_NegativeId" classname="com.topcoder.timetracker.user.UserManagerImplTests" time="0.906"></testcase>
  <testcase name="testRemoveUser_UnrecognizedEntityException" classname="com.topcoder.timetracker.user.UserManagerImplTests" time="1.297"></testcase>
  <testcase name="testRemoveUser_DataAccessException" classname="com.topcoder.timetracker.user.UserManagerImplTests" time="1.063"></testcase>
  <testcase name="testRemoveUsers_NullUserIds" classname="com.topcoder.timetracker.user.UserManagerImplTests" time="0.937"></testcase>
  <testcase name="testRemoveUsers_NegativeUserIds" classname="com.topcoder.timetracker.user.UserManagerImplTests" time="0.953"></testcase>
  <testcase name="testRemoveUsers_BatchOperationException" classname="com.topcoder.timetracker.user.UserManagerImplTests" time="2.297"></testcase>
  <testcase name="testRemoveUsers_DataAccessException" classname="com.topcoder.timetracker.user.UserManagerImplTests" time="0.906"></testcase>
  <testcase name="testGetUser" classname="com.topcoder.timetracker.user.UserManagerImplTests" time="1.188"></testcase>
  <testcase name="testGetUser_UnrecognizedEntityException" classname="com.topcoder.timetracker.user.UserManagerImplTests" time="1.172"></testcase>
  <testcase name="testGetUser_DataAccessException" classname="com.topcoder.timetracker.user.UserManagerImplTests" time="0.922"></testcase>
  <testcase name="testGetUsers_NullUserIds" classname="com.topcoder.timetracker.user.UserManagerImplTests" time="0.921"></testcase>
  <testcase name="testGetUsers_NegativeUserId" classname="com.topcoder.timetracker.user.UserManagerImplTests" time="0.922"></testcase>
  <testcase name="testGetUsers_DataAccessException" classname="com.topcoder.timetracker.user.UserManagerImplTests" time="0.891"></testcase>
  <testcase name="testSearchUsers_NullFilter" classname="com.topcoder.timetracker.user.UserManagerImplTests" time="1.484"></testcase>
  <testcase name="testSearchUsers_DataAccessException" classname="com.topcoder.timetracker.user.UserManagerImplTests" time="1.141"></testcase>
  <testcase name="testAddRoleToUser" classname="com.topcoder.timetracker.user.UserManagerImplTests" time="2.609"></testcase>
  <testcase name="testAddRoleToUser_NullUser" classname="com.topcoder.timetracker.user.UserManagerImplTests" time="1.328"></testcase>
  <testcase name="testAddRoleToUser_NotPersistedRole" classname="com.topcoder.timetracker.user.UserManagerImplTests" time="1.938"></testcase>
  <testcase name="testAddRoleToUser_NullRole" classname="com.topcoder.timetracker.user.UserManagerImplTests" time="1.266"></testcase>
  <testcase name="testRemoveRoleFromUser" classname="com.topcoder.timetracker.user.UserManagerImplTests" time="3.453"></testcase>
  <testcase name="testRemoveRoleFromUser_NullUser" classname="com.topcoder.timetracker.user.UserManagerImplTests" time="1.781"></testcase>
  <testcase name="testRemoveRoleFromUser_NullRole" classname="com.topcoder.timetracker.user.UserManagerImplTests" time="1.219"></testcase>
  <testcase name="testRemoveRoleFromUser_UnknownRole" classname="com.topcoder.timetracker.user.UserManagerImplTests" time="1.906"></testcase>
  <testcase name="testRemoveRoleFromUser_NotPersistedRole" classname="com.topcoder.timetracker.user.UserManagerImplTests" time="1.687"></testcase>
  <testcase name="testRetrieveRolesForUser" classname="com.topcoder.timetracker.user.UserManagerImplTests" time="1.625"></testcase>
  <testcase name="testRetrieveRolesForUser_NullUser" classname="com.topcoder.timetracker.user.UserManagerImplTests" time="0.829"></testcase>
  <testcase name="testClearRolesFromUser" classname="com.topcoder.timetracker.user.UserManagerImplTests" time="2.671"></testcase>
  <testcase name="testClearRolesFromUser_NullUser" classname="com.topcoder.timetracker.user.UserManagerImplTests" time="1.079"></testcase>
  <testcase name="testAuthenticateUser" classname="com.topcoder.timetracker.user.UserManagerImplTests" time="2.328"></testcase>
  <testcase name="testAuthenticateUser_NullUsername" classname="com.topcoder.timetracker.user.UserManagerImplTests" time="0.89"></testcase>
  <testcase name="testAuthenticateUser_EmptyUsername" classname="com.topcoder.timetracker.user.UserManagerImplTests" time="0.953"></testcase>
  <testcase name="testAuthenticateUser_NullPassword" classname="com.topcoder.timetracker.user.UserManagerImplTests" time="1.016"></testcase>
  <testcase name="testAuthenticateUser_EmptyPassword" classname="com.topcoder.timetracker.user.UserManagerImplTests" time="0.984"></testcase>
  <testcase name="testGetAllUsers_DataAccessException" classname="com.topcoder.timetracker.user.UserManagerImplTests" time="0.922"></testcase>
  <testcase name="testGetUserFilterFactory" classname="com.topcoder.timetracker.user.UserManagerImplTests" time="0.922"></testcase>
  <testcase name="testGetName" classname="com.topcoder.timetracker.user.StatusTests" time="0.0"></testcase>
  <testcase name="testToString" classname="com.topcoder.timetracker.user.StatusTests" time="0.0"></testcase>
  <testcase name="testGetId" classname="com.topcoder.timetracker.user.StatusTests" time="0.0"></testcase>
  <testcase name="testConfigurationException1" classname="com.topcoder.timetracker.user.ConfigurationExceptionTests" time="0.0"></testcase>
  <testcase name="testConfigurationException2" classname="com.topcoder.timetracker.user.ConfigurationExceptionTests" time="0.0"></testcase>
  <testcase name="testConfigurationExceptionInheritance1" classname="com.topcoder.timetracker.user.ConfigurationExceptionTests" time="0.0"></testcase>
  <testcase name="testConfigurationExceptionInheritance2" classname="com.topcoder.timetracker.user.ConfigurationExceptionTests" time="0.0"></testcase>
  <testcase name="testCtor" classname="com.topcoder.timetracker.user.UserAuthenticatorTests" time="0.969"></testcase>
  <testcase name="testCtor_NullNamespace" classname="com.topcoder.timetracker.user.UserAuthenticatorTests" time="0.969"></testcase>
  <testcase name="testCtor_EmptyNamespace" classname="com.topcoder.timetracker.user.UserAuthenticatorTests" time="0.906"></testcase>
  <testcase name="testCtor_UnknownNamespace" classname="com.topcoder.timetracker.user.UserAuthenticatorTests" time="0.953"></testcase>
  <testcase name="testCtor_ObjectFactoryNamespaceMissing" classname="com.topcoder.timetracker.user.UserAuthenticatorTests" time="0.906"></testcase>
  <testcase name="testCtor_ObjectFactoryNamespaceEmpty" classname="com.topcoder.timetracker.user.UserAuthenticatorTests" time="0.985"></testcase>
  <testcase name="testCtor_ObjectFactoryNamespaceInvalid" classname="com.topcoder.timetracker.user.UserAuthenticatorTests" time="1.031"></testcase>
  <testcase name="testCtor_UserDaoClassnameMissing" classname="com.topcoder.timetracker.user.UserAuthenticatorTests" time="0.969"></testcase>
  <testcase name="testCtor_UserDaoClassnameEmpty" classname="com.topcoder.timetracker.user.UserAuthenticatorTests" time="0.968"></testcase>
  <testcase name="testCtor_UserDaoClassnameInvalid" classname="com.topcoder.timetracker.user.UserAuthenticatorTests" time="1.063"></testcase>
  <testcase name="testCtor_UserDaoClassnameWrongType" classname="com.topcoder.timetracker.user.UserAuthenticatorTests" time="1.125"></testcase>
  <testcase name="testCtor_MissingNamespace" classname="com.topcoder.timetracker.user.UserAuthenticatorTests" time="1.0"></testcase>
  <testcase name="testDoAuthenticate" classname="com.topcoder.timetracker.user.UserAuthenticatorTests" time="1.422"></testcase>
  <testcase name="testDoAuthenticate_WrongPassword" classname="com.topcoder.timetracker.user.UserAuthenticatorTests" time="1.469"></testcase>
  <testcase name="testDoAuthenticate_UnknownUser" classname="com.topcoder.timetracker.user.UserAuthenticatorTests" time="1.125"></testcase>
  <testcase name="testDoAuthenticate_UserNameKeyMissing" classname="com.topcoder.timetracker.user.UserAuthenticatorTests" time="1.14"></testcase>
  <testcase name="testDoAuthenticate_UserNameNonString" classname="com.topcoder.timetracker.user.UserAuthenticatorTests" time="1.0"></testcase>
  <testcase name="testDoAuthenticate_PasswordKeyMissing" classname="com.topcoder.timetracker.user.UserAuthenticatorTests" time="0.953"></testcase>
  <testcase name="testDoAuthenticate_PasswordNonString" classname="com.topcoder.timetracker.user.UserAuthenticatorTests" time="0.985"></testcase>
  <testcase name="testCtor" classname="com.topcoder.timetracker.user.BatchOperationExceptionTests" time="0.0"></testcase>
  <testcase name="testBatchOperationExceptionInheritance" classname="com.topcoder.timetracker.user.BatchOperationExceptionTests" time="0.0"></testcase>
  <testcase name="testGetCauses" classname="com.topcoder.timetracker.user.BatchOperationExceptionTests" time="0.0"></testcase>
  <testcase name="testGetUserManager" classname="com.topcoder.timetracker.user.UserManagerFactoryTests" time="1.14"></testcase>
  <testcase name="testGetUserManager_NamespaceNotExist" classname="com.topcoder.timetracker.user.UserManagerFactoryTests" time="0.703"></testcase>
  <testcase name="testGetUserManager_UserManagerMissing" classname="com.topcoder.timetracker.user.UserManagerFactoryTests" time="0.672"></testcase>
  <testcase name="testGetUserManager_UserManagerWrongConfig" classname="com.topcoder.timetracker.user.UserManagerFactoryTests" time="0.688"></testcase>
  <testcase name="testGetUserManager_InvalidReference" classname="com.topcoder.timetracker.user.UserManagerFactoryTests" time="0.625"></testcase>
  <testcase name="testGetUserManager_UserManagerWrongType" classname="com.topcoder.timetracker.user.UserManagerFactoryTests" time="0.672"></testcase>
  <testcase name="testGetId" classname="com.topcoder.timetracker.user.UnrecognizedEntityExceptionTests" time="0.0"></testcase>
  <testcase name="testCtor1" classname="com.topcoder.timetracker.user.UnrecognizedEntityExceptionTests" time="0.0"></testcase>
  <testcase name="testCtor2" classname="com.topcoder.timetracker.user.UnrecognizedEntityExceptionTests" time="0.0"></testcase>
  <testcase name="testDataAccessException1" classname="com.topcoder.timetracker.user.DataAccessExceptionTests" time="0.0"></testcase>
  <testcase name="testDataAccessException2" classname="com.topcoder.timetracker.user.DataAccessExceptionTests" time="0.0"></testcase>
  <testcase name="testDataAccessExceptionInheritance1" classname="com.topcoder.timetracker.user.DataAccessExceptionTests" time="0.0"></testcase>
  <testcase name="testDataAccessExceptionInheritance2" classname="com.topcoder.timetracker.user.DataAccessExceptionTests" time="0.0"></testcase>
  <testcase name="testToString" classname="com.topcoder.timetracker.user.StringMatchTypeTests" time="0.0"></testcase>
  <testcase name="testGetFilterPrefix" classname="com.topcoder.timetracker.user.StringMatchTypeTests" time="0.0"></testcase>
  <testcase name="testUpdateUsers" classname="com.topcoder.timetracker.user.db.DbUserDAOTests" time="3.859"></testcase>
  <testcase name="testRemoveUsers" classname="com.topcoder.timetracker.user.db.DbUserDAOTests" time="4.75"></testcase>
  <testcase name="testGetUsers" classname="com.topcoder.timetracker.user.db.DbUserDAOTests" time="1.25"></testcase>
  <testcase name="testSearchUsers" classname="com.topcoder.timetracker.user.db.DbUserDAOTests" time="1.438"></testcase>
  <testcase name="testGetAllUsers" classname="com.topcoder.timetracker.user.db.DbUserDAOTests" time="1.234"></testcase>
  <testcase name="testCtor" classname="com.topcoder.timetracker.user.db.DbUserDAOTests" time="0.969"></testcase>
  <testcase name="testCtor_NullAuthPersistence" classname="com.topcoder.timetracker.user.db.DbUserDAOTests" time="0.953"></testcase>
  <testcase name="testAddUsers" classname="com.topcoder.timetracker.user.db.DbUserDAOTests" time="2.328"></testcase>
  <testcase name="testAddUsers_NullUsers" classname="com.topcoder.timetracker.user.db.DbUserDAOTests" time="0.875"></testcase>
  <testcase name="testUpdateUsers_NullUsers" classname="com.topcoder.timetracker.user.db.DbUserDAOTests" time="0.937"></testcase>
  <testcase name="testRemoveUsers_NullUserIds" classname="com.topcoder.timetracker.user.db.DbUserDAOTests" time="2.204"></testcase>
  <testcase name="testGetUsers_NullUserIds" classname="com.topcoder.timetracker.user.db.DbUserDAOTests" time="1.64"></testcase>
  <testcase name="testGetUsers_NegativeUserId" classname="com.topcoder.timetracker.user.db.DbUserDAOTests" time="1.235"></testcase>
  <testcase name="testSearchUsers_NullFilter" classname="com.topcoder.timetracker.user.db.DbUserDAOTests" time="1.109"></testcase>
  <testcase name="testGetUserFilterFactory" classname="com.topcoder.timetracker.user.db.DbUserDAOTests" time="0.891"></testcase>
  <testcase name="testCtor_NullConnFactory" classname="com.topcoder.timetracker.user.db.DbUserDAOTests" time="0.921"></testcase>
  <testcase name="testCtor_NullConnName" classname="com.topcoder.timetracker.user.db.DbUserDAOTests" time="1.141"></testcase>
  <testcase name="testCtor_EmptyConnName" classname="com.topcoder.timetracker.user.db.DbUserDAOTests" time="1.125"></testcase>
  <testcase name="testCtor_NullIdGen" classname="com.topcoder.timetracker.user.db.DbUserDAOTests" time="0.922"></testcase>
  <testcase name="testCtor_EmptyIdGen" classname="com.topcoder.timetracker.user.db.DbUserDAOTests" time="0.953"></testcase>
  <testcase name="testCtor_NullSearchsStrategyNamespace" classname="com.topcoder.timetracker.user.db.DbUserDAOTests" time="0.906"></testcase>
  <testcase name="testCtor_EmptySearchsStrategyNamespace" classname="com.topcoder.timetracker.user.db.DbUserDAOTests" time="1.0"></testcase>
  <testcase name="testCtor_NullAuditManager" classname="com.topcoder.timetracker.user.db.DbUserDAOTests" time="0.969"></testcase>
  <testcase name="testCtor_NullContactManager" classname="com.topcoder.timetracker.user.db.DbUserDAOTests" time="0.906"></testcase>
  <testcase name="testCtor_NullAddressManager" classname="com.topcoder.timetracker.user.db.DbUserDAOTests" time="0.844"></testcase>
  <testcase name="testCtor_ConfigurationException" classname="com.topcoder.timetracker.user.db.DbUserDAOTests" time="0.922"></testcase>
  <testcase name="testAddUsers_EmptyUsers" classname="com.topcoder.timetracker.user.db.DbUserDAOTests" time="0.953"></testcase>
  <testcase name="testAddUsers_UserWithNullUserName" classname="com.topcoder.timetracker.user.db.DbUserDAOTests" time="0.922"></testcase>
  <testcase name="testAddUsers_UserWithNullPassword" classname="com.topcoder.timetracker.user.db.DbUserDAOTests" time="0.953"></testcase>
  <testcase name="testAddUsers_UserWithNullStatus" classname="com.topcoder.timetracker.user.db.DbUserDAOTests" time="0.953"></testcase>
  <testcase name="testAddUsers_UserWithNullAddress" classname="com.topcoder.timetracker.user.db.DbUserDAOTests" time="0.86"></testcase>
  <testcase name="testAddUsers_UserWithNullContact" classname="com.topcoder.timetracker.user.db.DbUserDAOTests" time="0.968"></testcase>
  <testcase name="testAddUsers_UserWithNullCreationDate" classname="com.topcoder.timetracker.user.db.DbUserDAOTests" time="0.922"></testcase>
  <testcase name="testAddUsers_UserWithNullCreationUser" classname="com.topcoder.timetracker.user.db.DbUserDAOTests" time="1.078"></testcase>
  <testcase name="testAddUsers_UserWithNullModificationDate" classname="com.topcoder.timetracker.user.db.DbUserDAOTests" time="0.875"></testcase>
  <testcase name="testAddUsers_UserWithNullModificationUser" classname="com.topcoder.timetracker.user.db.DbUserDAOTests" time="0.969"></testcase>
  <testcase name="testAddUsers_NullUserInUsers" classname="com.topcoder.timetracker.user.db.DbUserDAOTests" time="0.875"></testcase>
  <testcase name="testAddUsers_InvalidConnectionName" classname="com.topcoder.timetracker.user.db.DbUserDAOTests" time="0.953"></testcase>
  <testcase name="testUpdateUsers_EmptyUsers" classname="com.topcoder.timetracker.user.db.DbUserDAOTests" time="1.125"></testcase>
  <testcase name="testUpdateUsers_UserWithNullUserName" classname="com.topcoder.timetracker.user.db.DbUserDAOTests" time="1.156"></testcase>
  <testcase name="testUpdateUsers_UserWithNullPassword" classname="com.topcoder.timetracker.user.db.DbUserDAOTests" time="0.907"></testcase>
  <testcase name="testUpdateUsers_UserWithNullStatus" classname="com.topcoder.timetracker.user.db.DbUserDAOTests" time="0.984"></testcase>
  <testcase name="testUpdateUsers_UserWithNullAddress" classname="com.topcoder.timetracker.user.db.DbUserDAOTests" time="0.828"></testcase>
  <testcase name="testUpdateUsers_UserWithNullContact" classname="com.topcoder.timetracker.user.db.DbUserDAOTests" time="0.906"></testcase>
  <testcase name="testUpdateUsers_UserWithNullCreationDate" classname="com.topcoder.timetracker.user.db.DbUserDAOTests" time="1.11"></testcase>
  <testcase name="testUpdateUsers_UserWithNullCreationUser" classname="com.topcoder.timetracker.user.db.DbUserDAOTests" time="0.922"></testcase>
  <testcase name="testUpdateUsers_UserWithNullModificationDate" classname="com.topcoder.timetracker.user.db.DbUserDAOTests" time="1.015"></testcase>
  <testcase name="testUpdateUsers_UserWithNullModificationUser" classname="com.topcoder.timetracker.user.db.DbUserDAOTests" time="0.922"></testcase>
  <testcase name="testUpdateUsers_UnrecognizedEntityException" classname="com.topcoder.timetracker.user.db.DbUserDAOTests" time="1.188"></testcase>
  <testcase name="testUpdateUsers_InvalidConnectionName" classname="com.topcoder.timetracker.user.db.DbUserDAOTests" time="1.281"></testcase>
  <testcase name="testRemoveUsers_InvalidConnectionName" classname="com.topcoder.timetracker.user.db.DbUserDAOTests" time="1.125"></testcase>
  <testcase name="testRemoveUsers_EmptyUserIds" classname="com.topcoder.timetracker.user.db.DbUserDAOTests" time="1.156"></testcase>
  <testcase name="testRemoveUsers_NegativeUserId" classname="com.topcoder.timetracker.user.db.DbUserDAOTests" time="0.938"></testcase>
  <testcase name="testRemoveUsers_UnrecognizedEntityException" classname="com.topcoder.timetracker.user.db.DbUserDAOTests" time="2.437"></testcase>
  <testcase name="testGetUsers_EmptyUserIds" classname="com.topcoder.timetracker.user.db.DbUserDAOTests" time="1.016"></testcase>
  <testcase name="testGetUsers_InvalidConnectionName" classname="com.topcoder.timetracker.user.db.DbUserDAOTests" time="1.703"></testcase>
  <testcase name="testSearchUsers_InvalidFilter" classname="com.topcoder.timetracker.user.db.DbUserDAOTests" time="1.172"></testcase>
  <testcase name="testGetAllUsers_InvalidConnectionName" classname="com.topcoder.timetracker.user.db.DbUserDAOTests" time="1.062"></testcase>
  <testcase name="testCtor" classname="com.topcoder.timetracker.user.filterfactory.MappedBaseFilterFactoryTests" time="0.0"></testcase>
  <testcase name="testCtor_NullColumnNames" classname="com.topcoder.timetracker.user.filterfactory.MappedBaseFilterFactoryTests" time="0.0"></testcase>
  <testcase name="testCtor_NullKey" classname="com.topcoder.timetracker.user.filterfactory.MappedBaseFilterFactoryTests" time="0.0"></testcase>
  <testcase name="testCtor_EmptyKey" classname="com.topcoder.timetracker.user.filterfactory.MappedBaseFilterFactoryTests" time="0.0"></testcase>
  <testcase name="testCtor_KeyNotString" classname="com.topcoder.timetracker.user.filterfactory.MappedBaseFilterFactoryTests" time="0.0"></testcase>
  <testcase name="testCtor_MissingKey" classname="com.topcoder.timetracker.user.filterfactory.MappedBaseFilterFactoryTests" time="0.0"></testcase>
  <testcase name="testCtor_NullValue" classname="com.topcoder.timetracker.user.filterfactory.MappedBaseFilterFactoryTests" time="0.0"></testcase>
  <testcase name="testCtor_EmptyValue" classname="com.topcoder.timetracker.user.filterfactory.MappedBaseFilterFactoryTests" time="0.0"></testcase>
  <testcase name="testCtor_ValueNotString" classname="com.topcoder.timetracker.user.filterfactory.MappedBaseFilterFactoryTests" time="0.0"></testcase>
  <testcase name="testCreateCreationDateFilter" classname="com.topcoder.timetracker.user.filterfactory.MappedBaseFilterFactoryTests" time="0.0"></testcase>
  <testcase name="testCreateCreationDateFilter_NullRangeStart" classname="com.topcoder.timetracker.user.filterfactory.MappedBaseFilterFactoryTests" time="0.0"></testcase>
  <testcase name="testCreateCreationDateFilter_NullRangeEnd" classname="com.topcoder.timetracker.user.filterfactory.MappedBaseFilterFactoryTests" time="0.0"></testcase>
  <testcase name="testCreateCreationDateFilter_NullBothArguments" classname="com.topcoder.timetracker.user.filterfactory.MappedBaseFilterFactoryTests" time="0.0"></testcase>
  <testcase name="testCreateCreationDateFilter_InvalidArguments" classname="com.topcoder.timetracker.user.filterfactory.MappedBaseFilterFactoryTests" time="0.0"></testcase>
  <testcase name="testCreateModificationDateFilter" classname="com.topcoder.timetracker.user.filterfactory.MappedBaseFilterFactoryTests" time="0.0"></testcase>
  <testcase name="testCreateModificationDateFilter_NullRangeStart" classname="com.topcoder.timetracker.user.filterfactory.MappedBaseFilterFactoryTests" time="0.0"></testcase>
  <testcase name="testCreateModificationDateFilter_NullRangeEnd" classname="com.topcoder.timetracker.user.filterfactory.MappedBaseFilterFactoryTests" time="0.0"></testcase>
  <testcase name="testCreateModificationDateFilter_NullBothArguments" classname="com.topcoder.timetracker.user.filterfactory.MappedBaseFilterFactoryTests" time="0.0"></testcase>
  <testcase name="testCreateModificationDateFilter_InvalidArguments" classname="com.topcoder.timetracker.user.filterfactory.MappedBaseFilterFactoryTests" time="0.0"></testcase>
  <testcase name="testCreateCreationUserFilter" classname="com.topcoder.timetracker.user.filterfactory.MappedBaseFilterFactoryTests" time="0.0"></testcase>
  <testcase name="testCreateCreationUserFilter_NullMatchType" classname="com.topcoder.timetracker.user.filterfactory.MappedBaseFilterFactoryTests" time="0.0"></testcase>
  <testcase name="testCreateCreationUserFilter_NullUsername" classname="com.topcoder.timetracker.user.filterfactory.MappedBaseFilterFactoryTests" time="0.0"></testcase>
  <testcase name="testCreateCreationUserFilter_EmptyUsername" classname="com.topcoder.timetracker.user.filterfactory.MappedBaseFilterFactoryTests" time="0.0"></testcase>
  <testcase name="testCreateModificationUserFilter" classname="com.topcoder.timetracker.user.filterfactory.MappedBaseFilterFactoryTests" time="0.0"></testcase>
  <testcase name="testCreateModificationUserFilter_NullMatchType" classname="com.topcoder.timetracker.user.filterfactory.MappedBaseFilterFactoryTests" time="0.0"></testcase>
  <testcase name="testCreateModificationUserFilter_NullUsername" classname="com.topcoder.timetracker.user.filterfactory.MappedBaseFilterFactoryTests" time="0.0"></testcase>
  <testcase name="testCreateModificationUserFilter_EmptyUsername" classname="com.topcoder.timetracker.user.filterfactory.MappedBaseFilterFactoryTests" time="0.0"></testcase>
  <testcase name="testGetColumnNames" classname="com.topcoder.timetracker.user.filterfactory.MappedBaseFilterFactoryTests" time="0.0"></testcase>
  <testcase name="testCheckNull_NotNullObject" classname="com.topcoder.timetracker.user.filterfactory.UtilTests" time="0.0"></testcase>
  <testcase name="testCheckNull_NullObject" classname="com.topcoder.timetracker.user.filterfactory.UtilTests" time="0.0"></testcase>
  <testcase name="testCheckString_NotNullNotEmptyString" classname="com.topcoder.timetracker.user.filterfactory.UtilTests" time="0.0"></testcase>
  <testcase name="testCheckString_NullString" classname="com.topcoder.timetracker.user.filterfactory.UtilTests" time="0.0"></testcase>
  <testcase name="testCheckString_EmptyString" classname="com.topcoder.timetracker.user.filterfactory.UtilTests" time="0.0"></testcase>
  <testcase name="testCheckMapForKeys" classname="com.topcoder.timetracker.user.filterfactory.UtilTests" time="0.0"></testcase>
  <testcase name="testCheckMapForKeys_NotContainKey" classname="com.topcoder.timetracker.user.filterfactory.UtilTests" time="0.0"></testcase>
  <testcase name="testCreateFilter" classname="com.topcoder.timetracker.user.filterfactory.UtilTests" time="0.0"></testcase>
  <testcase name="testCreateFilter_NullMatchType" classname="com.topcoder.timetracker.user.filterfactory.UtilTests" time="0.0"></testcase>
  <testcase name="testCtor" classname="com.topcoder.timetracker.user.filterfactory.MappedUserFilterFactoryTests" time="0.016"></testcase>
  <testcase name="testCtor_NullColumnNames" classname="com.topcoder.timetracker.user.filterfactory.MappedUserFilterFactoryTests" time="0.0"></testcase>
  <testcase name="testCtor_NullKey" classname="com.topcoder.timetracker.user.filterfactory.MappedUserFilterFactoryTests" time="0.016"></testcase>
  <testcase name="testCtor_EmptyKey" classname="com.topcoder.timetracker.user.filterfactory.MappedUserFilterFactoryTests" time="0.0"></testcase>
  <testcase name="testCtor_KeyNotString" classname="com.topcoder.timetracker.user.filterfactory.MappedUserFilterFactoryTests" time="0.0"></testcase>
  <testcase name="testCtor_MissingKey" classname="com.topcoder.timetracker.user.filterfactory.MappedUserFilterFactoryTests" time="0.0"></testcase>
  <testcase name="testCtor_NullValue" classname="com.topcoder.timetracker.user.filterfactory.MappedUserFilterFactoryTests" time="0.015"></testcase>
  <testcase name="testCtor_EmptyValue" classname="com.topcoder.timetracker.user.filterfactory.MappedUserFilterFactoryTests" time="0.0"></testcase>
  <testcase name="testCtor_ValueNotString" classname="com.topcoder.timetracker.user.filterfactory.MappedUserFilterFactoryTests" time="0.016"></testcase>
  <testcase name="testCreateUsernameFilter" classname="com.topcoder.timetracker.user.filterfactory.MappedUserFilterFactoryTests" time="0.0"></testcase>
  <testcase name="testCreateUsernameFilter_NullMatchType" classname="com.topcoder.timetracker.user.filterfactory.MappedUserFilterFactoryTests" time="0.0"></testcase>
  <testcase name="testCreateUsernameFilter_NullUsername" classname="com.topcoder.timetracker.user.filterfactory.MappedUserFilterFactoryTests" time="0.0"></testcase>
  <testcase name="testCreateUsernameFilter_EmptyUsername" classname="com.topcoder.timetracker.user.filterfactory.MappedUserFilterFactoryTests" time="0.0"></testcase>
  <testcase name="testCreatePasswordFilter" classname="com.topcoder.timetracker.user.filterfactory.MappedUserFilterFactoryTests" time="0.015"></testcase>
  <testcase name="testCreatePasswordFilter_NullMatchType" classname="com.topcoder.timetracker.user.filterfactory.MappedUserFilterFactoryTests" time="0.0"></testcase>
  <testcase name="testCreatePasswordFilter_NullPassword" classname="com.topcoder.timetracker.user.filterfactory.MappedUserFilterFactoryTests" time="0.0"></testcase>
  <testcase name="testCreatePasswordFilter_EmptyPassword" classname="com.topcoder.timetracker.user.filterfactory.MappedUserFilterFactoryTests" time="0.0"></testcase>
  <testcase name="testCreateLastNameFilter" classname="com.topcoder.timetracker.user.filterfactory.MappedUserFilterFactoryTests" time="0.016"></testcase>
  <testcase name="testCreateLastNameFilter_NullMatchType" classname="com.topcoder.timetracker.user.filterfactory.MappedUserFilterFactoryTests" time="0.0"></testcase>
  <testcase name="testCreateLastNameFilter_NullLastName" classname="com.topcoder.timetracker.user.filterfactory.MappedUserFilterFactoryTests" time="0.0"></testcase>
  <testcase name="testCreateLastNameFilter_EmptyLastName" classname="com.topcoder.timetracker.user.filterfactory.MappedUserFilterFactoryTests" time="0.0"></testcase>
  <testcase name="testCreateFirstNameFilter" classname="com.topcoder.timetracker.user.filterfactory.MappedUserFilterFactoryTests" time="0.0"></testcase>
  <testcase name="testCreateFirstNameFilter_NullMatchType" classname="com.topcoder.timetracker.user.filterfactory.MappedUserFilterFactoryTests" time="0.016"></testcase>
  <testcase name="testCreateFirstNameFilter_NullFirstName" classname="com.topcoder.timetracker.user.filterfactory.MappedUserFilterFactoryTests" time="0.0"></testcase>
  <testcase name="testCreateFirstNameFilter_EmptyFirstName" classname="com.topcoder.timetracker.user.filterfactory.MappedUserFilterFactoryTests" time="0.0"></testcase>
  <testcase name="testCreatePhoneNumberFilter" classname="com.topcoder.timetracker.user.filterfactory.MappedUserFilterFactoryTests" time="0.0"></testcase>
  <testcase name="testCreatePhoneNumberFilter_NullMatchType" classname="com.topcoder.timetracker.user.filterfactory.MappedUserFilterFactoryTests" time="0.015"></testcase>
  <testcase name="testCreatePhoneNumberFilter_NullPhoneNumber" classname="com.topcoder.timetracker.user.filterfactory.MappedUserFilterFactoryTests" time="0.0"></testcase>
  <testcase name="testCreatePhoneNumberFilter_EmptyPhoneNumber" classname="com.topcoder.timetracker.user.filterfactory.MappedUserFilterFactoryTests" time="0.0"></testcase>
  <testcase name="testCreateEmailFilter" classname="com.topcoder.timetracker.user.filterfactory.MappedUserFilterFactoryTests" time="0.0"></testcase>
  <testcase name="testCreateEmailFilter_NullMatchType" classname="com.topcoder.timetracker.user.filterfactory.MappedUserFilterFactoryTests" time="0.0"></testcase>
  <testcase name="testCreateEmailFilter_NullEmail" classname="com.topcoder.timetracker.user.filterfactory.MappedUserFilterFactoryTests" time="0.016"></testcase>
  <testcase name="testCreateEmailFilter_EmptyEmail" classname="com.topcoder.timetracker.user.filterfactory.MappedUserFilterFactoryTests" time="0.0"></testcase>
  <testcase name="testCreateAddressFilter" classname="com.topcoder.timetracker.user.filterfactory.MappedUserFilterFactoryTests" time="0.0"></testcase>
  <testcase name="testCreateAddressFilter_NullMatchType" classname="com.topcoder.timetracker.user.filterfactory.MappedUserFilterFactoryTests" time="0.0"></testcase>
  <testcase name="testCreateAddressFilter_NullAddress" classname="com.topcoder.timetracker.user.filterfactory.MappedUserFilterFactoryTests" time="0.0"></testcase>
  <testcase name="testCreateAddressFilter_EmptyAddress" classname="com.topcoder.timetracker.user.filterfactory.MappedUserFilterFactoryTests" time="0.016"></testcase>
  <testcase name="testCreateCityFilter" classname="com.topcoder.timetracker.user.filterfactory.MappedUserFilterFactoryTests" time="0.0"></testcase>
  <testcase name="testCreateCityFilter_NullMatchType" classname="com.topcoder.timetracker.user.filterfactory.MappedUserFilterFactoryTests" time="0.0"></testcase>
  <testcase name="testCreateCityFilter_NullCity" classname="com.topcoder.timetracker.user.filterfactory.MappedUserFilterFactoryTests" time="0.0"></testcase>
  <testcase name="testCreateCityFilter_EmptyCity" classname="com.topcoder.timetracker.user.filterfactory.MappedUserFilterFactoryTests" time="0.015"></testcase>
  <testcase name="testCreateStateFilter" classname="com.topcoder.timetracker.user.filterfactory.MappedUserFilterFactoryTests" time="0.0"></testcase>
  <testcase name="testCreateStateFilter_NullState" classname="com.topcoder.timetracker.user.filterfactory.MappedUserFilterFactoryTests" time="0.0"></testcase>
  <testcase name="testCreateZipCodeFilter" classname="com.topcoder.timetracker.user.filterfactory.MappedUserFilterFactoryTests" time="0.0"></testcase>
  <testcase name="testCreateZipCodeFilter_NullMatchType" classname="com.topcoder.timetracker.user.filterfactory.MappedUserFilterFactoryTests" time="0.016"></testcase>
  <testcase name="testCreateZipCodeFilter_NullZipCode" classname="com.topcoder.timetracker.user.filterfactory.MappedUserFilterFactoryTests" time="0.0"></testcase>
  <testcase name="testCreateZipCodeFilter_EmptyZipCode" classname="com.topcoder.timetracker.user.filterfactory.MappedUserFilterFactoryTests" time="0.0"></testcase>
  <testcase name="testCreateCompanyIdFilter" classname="com.topcoder.timetracker.user.filterfactory.MappedUserFilterFactoryTests" time="0.0"></testcase>
  <testcase name="testCreateCompanyIdFilter_NegativeId" classname="com.topcoder.timetracker.user.filterfactory.MappedUserFilterFactoryTests" time="0.015"></testcase>
  <testcase name="testCreateStatusFilter" classname="com.topcoder.timetracker.user.filterfactory.MappedUserFilterFactoryTests" time="0.0"></testcase>
  <testcase name="testCreateStatusFilter_NullStatus" classname="com.topcoder.timetracker.user.filterfactory.MappedUserFilterFactoryTests" time="0.0"></testcase>
  <testcase name="testUpdateUsers" classname="com.topcoder.timetracker.user.j2ee.UserManagerSessionBeanTests" time="4.313"></testcase>
  <testcase name="testRemoveUsers" classname="com.topcoder.timetracker.user.j2ee.UserManagerSessionBeanTests" time="4.672"></testcase>
  <testcase name="testGetUsers" classname="com.topcoder.timetracker.user.j2ee.UserManagerSessionBeanTests" time="1.203"></testcase>
  <testcase name="testSearchUsers" classname="com.topcoder.timetracker.user.j2ee.UserManagerSessionBeanTests" time="1.359"></testcase>
  <testcase name="testGetAllUsers" classname="com.topcoder.timetracker.user.j2ee.UserManagerSessionBeanTests" time="1.266"></testcase>
  <testcase name="testCtor" classname="com.topcoder.timetracker.user.j2ee.UserManagerSessionBeanTests" time="0.984"></testcase>
  <testcase name="testCreateUser" classname="com.topcoder.timetracker.user.j2ee.UserManagerSessionBeanTests" time="2.407"></testcase>
  <testcase name="testCreateUser_NullUser" classname="com.topcoder.timetracker.user.j2ee.UserManagerSessionBeanTests" time="1.0"></testcase>
  <testcase name="testCreateUser_DataAccessException" classname="com.topcoder.timetracker.user.j2ee.UserManagerSessionBeanTests" time="0.968"></testcase>
  <testcase name="testAddUsers" classname="com.topcoder.timetracker.user.j2ee.UserManagerSessionBeanTests" time="2.797"></testcase>
  <testcase name="testAddUsers_NullUsers" classname="com.topcoder.timetracker.user.j2ee.UserManagerSessionBeanTests" time="0.86"></testcase>
  <testcase name="testAddUsers_NullInUsers" classname="com.topcoder.timetracker.user.j2ee.UserManagerSessionBeanTests" time="1.187"></testcase>
  <testcase name="testAddUsers_DataAccessException" classname="com.topcoder.timetracker.user.j2ee.UserManagerSessionBeanTests" time="0.906"></testcase>
  <testcase name="testUpdateUser" classname="com.topcoder.timetracker.user.j2ee.UserManagerSessionBeanTests" time="3.766"></testcase>
  <testcase name="testUpdateUser_NullUser" classname="com.topcoder.timetracker.user.j2ee.UserManagerSessionBeanTests" time="1.016"></testcase>
  <testcase name="testUpdateUser_DataAccessException" classname="com.topcoder.timetracker.user.j2ee.UserManagerSessionBeanTests" time="1.187"></testcase>
  <testcase name="testUpdateUsers_NullUsers" classname="com.topcoder.timetracker.user.j2ee.UserManagerSessionBeanTests" time="1.563"></testcase>
  <testcase name="testUpdateUsers_NullInUsers" classname="com.topcoder.timetracker.user.j2ee.UserManagerSessionBeanTests" time="1.0"></testcase>
  <testcase name="testUpdateUsers_BatchOperationException" classname="com.topcoder.timetracker.user.j2ee.UserManagerSessionBeanTests" time="1.562"></testcase>
  <testcase name="testRemoveUser" classname="com.topcoder.timetracker.user.j2ee.UserManagerSessionBeanTests" time="2.375"></testcase>
  <testcase name="testRemoveUser_NegativeId" classname="com.topcoder.timetracker.user.j2ee.UserManagerSessionBeanTests" time="0.969"></testcase>
  <testcase name="testRemoveUser_UnrecognizedEntityException" classname="com.topcoder.timetracker.user.j2ee.UserManagerSessionBeanTests" time="1.219"></testcase>
  <testcase name="testRemoveUser_DataAccessException" classname="com.topcoder.timetracker.user.j2ee.UserManagerSessionBeanTests" time="0.968"></testcase>
  <testcase name="testRemoveUsers_NullUserIds" classname="com.topcoder.timetracker.user.j2ee.UserManagerSessionBeanTests" time="1.328"></testcase>
  <testcase name="testRemoveUsers_NegativeUserIds" classname="com.topcoder.timetracker.user.j2ee.UserManagerSessionBeanTests" time="0.938"></testcase>
  <testcase name="testRemoveUsers_BatchOperationException" classname="com.topcoder.timetracker.user.j2ee.UserManagerSessionBeanTests" time="2.156"></testcase>
  <testcase name="testRemoveUsers_DataAccessException" classname="com.topcoder.timetracker.user.j2ee.UserManagerSessionBeanTests" time="0.985"></testcase>
  <testcase name="testGetUser" classname="com.topcoder.timetracker.user.j2ee.UserManagerSessionBeanTests" time="1.656"></testcase>
  <testcase name="testGetUser_UnrecognizedEntityException" classname="com.topcoder.timetracker.user.j2ee.UserManagerSessionBeanTests" time="1.234"></testcase>
  <testcase name="testGetUser_DataAccessException" classname="com.topcoder.timetracker.user.j2ee.UserManagerSessionBeanTests" time="0.891"></testcase>
  <testcase name="testGetUsers_NullUserIds" classname="com.topcoder.timetracker.user.j2ee.UserManagerSessionBeanTests" time="1.406"></testcase>
  <testcase name="testGetUsers_NegativeUserId" classname="com.topcoder.timetracker.user.j2ee.UserManagerSessionBeanTests" time="0.922"></testcase>
  <testcase name="testGetUsers_DataAccessException" classname="com.topcoder.timetracker.user.j2ee.UserManagerSessionBeanTests" time="0.984"></testcase>
  <testcase name="testSearchUsers_NullFilter" classname="com.topcoder.timetracker.user.j2ee.UserManagerSessionBeanTests" time="1.422"></testcase>
  <testcase name="testAddRoleToUser" classname="com.topcoder.timetracker.user.j2ee.UserManagerSessionBeanTests" time="2.719"></testcase>
  <testcase name="testAddRoleToUser_NullUser" classname="com.topcoder.timetracker.user.j2ee.UserManagerSessionBeanTests" time="1.75"></testcase>
  <testcase name="testAddRoleToUser_NotPersistedRole" classname="com.topcoder.timetracker.user.j2ee.UserManagerSessionBeanTests" time="1.687"></testcase>
  <testcase name="testAddRoleToUser_NullRole" classname="com.topcoder.timetracker.user.j2ee.UserManagerSessionBeanTests" time="1.438"></testcase>
  <testcase name="testRemoveRoleFromUser" classname="com.topcoder.timetracker.user.j2ee.UserManagerSessionBeanTests" time="2.578"></testcase>
  <testcase name="testRemoveRoleFromUser_NullUser" classname="com.topcoder.timetracker.user.j2ee.UserManagerSessionBeanTests" time="1.609"></testcase>
  <testcase name="testRemoveRoleFromUser_NullRole" classname="com.topcoder.timetracker.user.j2ee.UserManagerSessionBeanTests" time="1.266"></testcase>
  <testcase name="testRemoveRoleFromUser_UnknownRole" classname="com.topcoder.timetracker.user.j2ee.UserManagerSessionBeanTests" time="1.891"></testcase>
  <testcase name="testRemoveRoleFromUser_NotPersistedRole" classname="com.topcoder.timetracker.user.j2ee.UserManagerSessionBeanTests" time="1.687"></testcase>
  <testcase name="testRetrieveRolesForUser" classname="com.topcoder.timetracker.user.j2ee.UserManagerSessionBeanTests" time="1.516"></testcase>
  <testcase name="testRetrieveRolesForUser_NullUser" classname="com.topcoder.timetracker.user.j2ee.UserManagerSessionBeanTests" time="0.937"></testcase>
  <testcase name="testClearRolesFromUser" classname="com.topcoder.timetracker.user.j2ee.UserManagerSessionBeanTests" time="2.532"></testcase>
  <testcase name="testClearRolesFromUser_NullUser" classname="com.topcoder.timetracker.user.j2ee.UserManagerSessionBeanTests" time="1.0"></testcase>
  <testcase name="testAuthenticateUser" classname="com.topcoder.timetracker.user.j2ee.UserManagerSessionBeanTests" time="2.109"></testcase>
  <testcase name="testAuthenticateUser_NullUsername" classname="com.topcoder.timetracker.user.j2ee.UserManagerSessionBeanTests" time="0.922"></testcase>
  <testcase name="testAuthenticateUser_EmptyUsername" classname="com.topcoder.timetracker.user.j2ee.UserManagerSessionBeanTests" time="0.875"></testcase>
  <testcase name="testAuthenticateUser_NullPassword" classname="com.topcoder.timetracker.user.j2ee.UserManagerSessionBeanTests" time="1.0"></testcase>
  <testcase name="testAuthenticateUser_EmptyPassword" classname="com.topcoder.timetracker.user.j2ee.UserManagerSessionBeanTests" time="0.875"></testcase>
  <testcase name="testGetAllUsers_DataAccessException" classname="com.topcoder.timetracker.user.j2ee.UserManagerSessionBeanTests" time="0.953"></testcase>
  <testcase name="testGetUserFilterFactory" classname="com.topcoder.timetracker.user.j2ee.UserManagerSessionBeanTests" time="1.5"></testcase>
  <testcase name="testCtor_NullNamespace" classname="com.topcoder.timetracker.user.j2ee.UserManagerSessionBeanTests" time="0.844"></testcase>
  <testcase name="testCtor_EmptyNamespace" classname="com.topcoder.timetracker.user.j2ee.UserManagerSessionBeanTests" time="0.984"></testcase>
  <testcase name="testCtor_ConfigurationException" classname="com.topcoder.timetracker.user.j2ee.UserManagerSessionBeanTests" time="0.922"></testcase>
  <testcase name="testSearchUsers_InvalidFilter" classname="com.topcoder.timetracker.user.j2ee.UserManagerSessionBeanTests" time="1.234"></testcase>
  <testcase name="testUpdateUser_UnknownUser" classname="com.topcoder.timetracker.user.j2ee.UserManagerSessionBeanTests" time="1.141"></testcase>
  <testcase name="testGetUsers_BatchOperationException" classname="com.topcoder.timetracker.user.j2ee.UserManagerSessionBeanTests" time="1.125"></testcase>
  <testcase name="testAddRoleToUser_UnrecognizedEntityException" classname="com.topcoder.timetracker.user.j2ee.UserManagerSessionBeanTests" time="1.078"></testcase>
  <testcase name="testAddRoleToUser_DataAccessException" classname="com.topcoder.timetracker.user.j2ee.UserManagerSessionBeanTests" time="1.516"></testcase>
  <testcase name="testRemoveRoleFromUser_NotPersistedUser" classname="com.topcoder.timetracker.user.j2ee.UserManagerSessionBeanTests" time="2.078"></testcase>
  <testcase name="testRetrieveRolesForUser_NotPersistedUser" classname="com.topcoder.timetracker.user.j2ee.UserManagerSessionBeanTests" time="1.25"></testcase>
  <testcase name="testRetrieveRolesForUser_DataAccessException" classname="com.topcoder.timetracker.user.j2ee.UserManagerSessionBeanTests" time="1.125"></testcase>
  <testcase name="testClearRolesFromUser_NotPersistedUser" classname="com.topcoder.timetracker.user.j2ee.UserManagerSessionBeanTests" time="1.672"></testcase>
  <testcase name="testClearRolesFromUser_DataAccessException" classname="com.topcoder.timetracker.user.j2ee.UserManagerSessionBeanTests" time="1.343"></testcase>
  <testcase name="testAuthenticateUser_DataAccessException" classname="com.topcoder.timetracker.user.j2ee.UserManagerSessionBeanTests" time="0.938"></testcase>
  <testcase name="testGetUserFilterFactory_DataAccessException" classname="com.topcoder.timetracker.user.j2ee.UserManagerSessionBeanTests" time="0.891"></testcase>
  <testcase name="testEjbCreate" classname="com.topcoder.timetracker.user.j2ee.UserManagerSessionBeanTests" time="0.921"></testcase>
  <testcase name="testEjbActivate" classname="com.topcoder.timetracker.user.j2ee.UserManagerSessionBeanTests" time="0.829"></testcase>
  <testcase name="testEjbPassivate" classname="com.topcoder.timetracker.user.j2ee.UserManagerSessionBeanTests" time="1.0"></testcase>
  <testcase name="testEjbRemove" classname="com.topcoder.timetracker.user.j2ee.UserManagerSessionBeanTests" time="0.796"></testcase>
  <testcase name="testSetSessionContext" classname="com.topcoder.timetracker.user.j2ee.UserManagerSessionBeanTests" time="0.922"></testcase>
  <testcase name="testGetSessionContext" classname="com.topcoder.timetracker.user.j2ee.UserManagerSessionBeanTests" time="0.844"></testcase>
  <testcase name="testDemo1" classname="com.topcoder.timetracker.user.DemoTests" time="6.234"></testcase>
  <testcase name="testDemo2" classname="com.topcoder.timetracker.user.DemoTests" time="7.047"></testcase>
  <testcase name="testDoAuthenticate" classname="com.topcoder.timetracker.user.accuracytests.UserAuthenticatorAccuracyTests" time="1.297"></testcase>
  <testcase name="testCtor1" classname="com.topcoder.timetracker.user.accuracytests.UserAuthenticatorAccuracyTests" time="0.969"></testcase>
  <testcase name="testUpdateUsers" classname="com.topcoder.timetracker.user.accuracytests.UserManagerImplAccuracyTests" time="3.109"></testcase>
  <testcase name="testRemoveUsers" classname="com.topcoder.timetracker.user.accuracytests.UserManagerImplAccuracyTests" time="3.563"></testcase>
  <testcase name="testGetUsers" classname="com.topcoder.timetracker.user.accuracytests.UserManagerImplAccuracyTests" time="1.031"></testcase>
  <testcase name="testSearchUsers" classname="com.topcoder.timetracker.user.accuracytests.UserManagerImplAccuracyTests" time="1.438"></testcase>
  <testcase name="testGetAllUsers" classname="com.topcoder.timetracker.user.accuracytests.UserManagerImplAccuracyTests" time="1.093"></testcase>
  <testcase name="testCreateUser" classname="com.topcoder.timetracker.user.accuracytests.UserManagerImplAccuracyTests" time="2.469"></testcase>
  <testcase name="testAddUsers" classname="com.topcoder.timetracker.user.accuracytests.UserManagerImplAccuracyTests" time="2.063"></testcase>
  <testcase name="testUpdateUser" classname="com.topcoder.timetracker.user.accuracytests.UserManagerImplAccuracyTests" time="4.062"></testcase>
  <testcase name="testRemoveUser" classname="com.topcoder.timetracker.user.accuracytests.UserManagerImplAccuracyTests" time="3.141"></testcase>
  <testcase name="testGetUser" classname="com.topcoder.timetracker.user.accuracytests.UserManagerImplAccuracyTests" time="2.484"></testcase>
  <testcase name="testAddRoleToUser" classname="com.topcoder.timetracker.user.accuracytests.UserManagerImplAccuracyTests" time="2.594"></testcase>
  <testcase name="testRemoveRoleFromUser" classname="com.topcoder.timetracker.user.accuracytests.UserManagerImplAccuracyTests" time="2.609"></testcase>
  <testcase name="testRetrieveRolesForUser" classname="com.topcoder.timetracker.user.accuracytests.UserManagerImplAccuracyTests" time="2.281"></testcase>
  <testcase name="testClearRolesFromUser" classname="com.topcoder.timetracker.user.accuracytests.UserManagerImplAccuracyTests" time="2.625"></testcase>
  <testcase name="testAuthenticateUser" classname="com.topcoder.timetracker.user.accuracytests.UserManagerImplAccuracyTests" time="1.422"></testcase>
  <testcase name="testGetUserFilterFactory" classname="com.topcoder.timetracker.user.accuracytests.UserManagerImplAccuracyTests" time="1.172"></testcase>
  <testcase name="testCtor1" classname="com.topcoder.timetracker.user.accuracytests.UserManagerImplAccuracyTests" time="0.985"></testcase>
  <testcase name="testGetId" classname="com.topcoder.timetracker.user.UnrecognizedEntityExceptionTests" time="0.0"></testcase>
  <testcase name="testCtor1" classname="com.topcoder.timetracker.user.UnrecognizedEntityExceptionTests" time="0.0"></testcase>
  <testcase name="testCtor2" classname="com.topcoder.timetracker.user.UnrecognizedEntityExceptionTests" time="0.0"></testcase>
  <testcase name="testConfigurationException1" classname="com.topcoder.timetracker.user.accuracytests.ConfigurationExceptionAccuracyTests" time="0.0"></testcase>
  <testcase name="testConfigurationException2" classname="com.topcoder.timetracker.user.accuracytests.ConfigurationExceptionAccuracyTests" time="0.0"></testcase>
  <testcase name="testCtor" classname="com.topcoder.timetracker.user.BatchOperationExceptionTests" time="0.0"></testcase>
  <testcase name="testBatchOperationExceptionInheritance" classname="com.topcoder.timetracker.user.BatchOperationExceptionTests" time="0.0"></testcase>
  <testcase name="testGetCauses" classname="com.topcoder.timetracker.user.BatchOperationExceptionTests" time="0.0"></testcase>
  <testcase name="testSetPassword" classname="com.topcoder.timetracker.user.accuracytests.UserAccuracyTests" time="0.0"></testcase>
  <testcase name="testGetUsername" classname="com.topcoder.timetracker.user.accuracytests.UserAccuracyTests" time="0.0"></testcase>
  <testcase name="testSetUsername" classname="com.topcoder.timetracker.user.accuracytests.UserAccuracyTests" time="0.0"></testcase>
  <testcase name="testGetCompanyId" classname="com.topcoder.timetracker.user.accuracytests.UserAccuracyTests" time="0.0"></testcase>
  <testcase name="testSetCompanyId" classname="com.topcoder.timetracker.user.accuracytests.UserAccuracyTests" time="0.0"></testcase>
  <testcase name="testGetContact" classname="com.topcoder.timetracker.user.accuracytests.UserAccuracyTests" time="0.0"></testcase>
  <testcase name="testSetContact" classname="com.topcoder.timetracker.user.accuracytests.UserAccuracyTests" time="0.0"></testcase>
  <testcase name="testGetAlgorithmName" classname="com.topcoder.timetracker.user.accuracytests.UserAccuracyTests" time="0.0"></testcase>
  <testcase name="testSetAlgorithmName" classname="com.topcoder.timetracker.user.accuracytests.UserAccuracyTests" time="0.0"></testcase>
  <testcase name="testGetAddress" classname="com.topcoder.timetracker.user.accuracytests.UserAccuracyTests" time="0.0"></testcase>
  <testcase name="testGetPassword" classname="com.topcoder.timetracker.user.accuracytests.UserAccuracyTests" time="0.0"></testcase>
  <testcase name="testGetStatus" classname="com.topcoder.timetracker.user.accuracytests.UserAccuracyTests" time="0.0"></testcase>
  <testcase name="testSetStatus" classname="com.topcoder.timetracker.user.accuracytests.UserAccuracyTests" time="0.0"></testcase>
  <testcase name="testSetAddress" classname="com.topcoder.timetracker.user.accuracytests.UserAccuracyTests" time="0.0"></testcase>
  <testcase name="testCtor1" classname="com.topcoder.timetracker.user.accuracytests.UserAccuracyTests" time="0.0"></testcase>
  <testcase name="testGetUserManager" classname="com.topcoder.timetracker.user.accuracytests.UserManagerFactoryAccuracyTests" time="1.015"></testcase>
  <testcase name="testGetName" classname="com.topcoder.timetracker.user.accuracytests.StatusAccuracyTests" time="0.0"></testcase>
  <testcase name="testToString" classname="com.topcoder.timetracker.user.accuracytests.StatusAccuracyTests" time="0.0"></testcase>
  <testcase name="testGetId" classname="com.topcoder.timetracker.user.accuracytests.StatusAccuracyTests" time="0.0"></testcase>
  <testcase name="testDataAccessException1" classname="com.topcoder.timetracker.user.accuracytests.DataAccessExceptionAccuracyTests" time="0.0"></testcase>
  <testcase name="testDataAccessException2" classname="com.topcoder.timetracker.user.accuracytests.DataAccessExceptionAccuracyTests" time="0.0"></testcase>
  <testcase name="testToString" classname="com.topcoder.timetracker.user.accuracytests.StringMatchTypeAccuracyTests" time="0.0"></testcase>
  <testcase name="testGetFilterPrefix" classname="com.topcoder.timetracker.user.accuracytests.StringMatchTypeAccuracyTests" time="0.016"></testcase>
  <testcase name="testUpdateUsers" classname="com.topcoder.timetracker.user.accuracytests.DbUserDAOAccuracyTests" time="3.344"></testcase>
  <testcase name="testRemoveUsers" classname="com.topcoder.timetracker.user.accuracytests.DbUserDAOAccuracyTests" time="3.515"></testcase>
  <testcase name="testGetUsers" classname="com.topcoder.timetracker.user.accuracytests.DbUserDAOAccuracyTests" time="1.141"></testcase>
  <testcase name="testSearchUsers" classname="com.topcoder.timetracker.user.accuracytests.DbUserDAOAccuracyTests" time="1.594"></testcase>
  <testcase name="testGetAllUsers" classname="com.topcoder.timetracker.user.accuracytests.DbUserDAOAccuracyTests" time="1.156"></testcase>
  <testcase name="testAddUsers" classname="com.topcoder.timetracker.user.accuracytests.DbUserDAOAccuracyTests" time="2.187"></testcase>
  <testcase name="testGetUserFilterFactory" classname="com.topcoder.timetracker.user.accuracytests.DbUserDAOAccuracyTests" time="0.938"></testcase>
  <testcase name="testCtor1" classname="com.topcoder.timetracker.user.accuracytests.DbUserDAOAccuracyTests" time="1.125"></testcase>
  <testcase name="testCtor1" classname="com.topcoder.timetracker.user.accuracytests.MappedUserFilterFactoryAccuracyTests" time="0.0"></testcase>
  <testcase name="testCreateUsernameFilter" classname="com.topcoder.timetracker.user.accuracytests.MappedUserFilterFactoryAccuracyTests" time="0.016"></testcase>
  <testcase name="testCreatePasswordFilter" classname="com.topcoder.timetracker.user.accuracytests.MappedUserFilterFactoryAccuracyTests" time="0.0"></testcase>
  <testcase name="testCreateLastNameFilter" classname="com.topcoder.timetracker.user.accuracytests.MappedUserFilterFactoryAccuracyTests" time="0.0"></testcase>
  <testcase name="testCreateFirstNameFilter" classname="com.topcoder.timetracker.user.accuracytests.MappedUserFilterFactoryAccuracyTests" time="0.016"></testcase>
  <testcase name="testCreatePhoneNumberFilter" classname="com.topcoder.timetracker.user.accuracytests.MappedUserFilterFactoryAccuracyTests" time="0.0"></testcase>
  <testcase name="testCreateEmailFilter" classname="com.topcoder.timetracker.user.accuracytests.MappedUserFilterFactoryAccuracyTests" time="0.0"></testcase>
  <testcase name="testCreateAddressFilter" classname="com.topcoder.timetracker.user.accuracytests.MappedUserFilterFactoryAccuracyTests" time="0.015"></testcase>
  <testcase name="testCreateCityFilter" classname="com.topcoder.timetracker.user.accuracytests.MappedUserFilterFactoryAccuracyTests" time="0.0"></testcase>
  <testcase name="testCreateStateFilter" classname="com.topcoder.timetracker.user.accuracytests.MappedUserFilterFactoryAccuracyTests" time="0.0"></testcase>
  <testcase name="testCreateZipCodeFilter" classname="com.topcoder.timetracker.user.accuracytests.MappedUserFilterFactoryAccuracyTests" time="0.016"></testcase>
  <testcase name="testCreateCompanyIdFilter" classname="com.topcoder.timetracker.user.accuracytests.MappedUserFilterFactoryAccuracyTests" time="0.0"></testcase>
  <testcase name="testCreateStatusFilter" classname="com.topcoder.timetracker.user.accuracytests.MappedUserFilterFactoryAccuracyTests" time="0.0"></testcase>
  <testcase name="testCtor1" classname="com.topcoder.timetracker.user.accuracytests.MappedBaseFilterFactoryAccuracyTests" time="0.0"></testcase>
  <testcase name="testCreateCreationDateFilter" classname="com.topcoder.timetracker.user.accuracytests.MappedBaseFilterFactoryAccuracyTests" time="0.0"></testcase>
  <testcase name="testCreateModificationDateFilter" classname="com.topcoder.timetracker.user.accuracytests.MappedBaseFilterFactoryAccuracyTests" time="0.0"></testcase>
  <testcase name="testCreateCreationUserFilter" classname="com.topcoder.timetracker.user.accuracytests.MappedBaseFilterFactoryAccuracyTests" time="0.0"></testcase>
  <testcase name="testCreateModificationUserFilter" classname="com.topcoder.timetracker.user.accuracytests.MappedBaseFilterFactoryAccuracyTests" time="0.0"></testcase>
  <testcase name="testUpdateUsers" classname="com.topcoder.timetracker.user.accuracytests.UserManagerSessionBeanAccuracyTests" time="3.766"></testcase>
  <testcase name="testRemoveUsers" classname="com.topcoder.timetracker.user.accuracytests.UserManagerSessionBeanAccuracyTests" time="3.421"></testcase>
  <testcase name="testGetUsers" classname="com.topcoder.timetracker.user.accuracytests.UserManagerSessionBeanAccuracyTests" time="1.11"></testcase>
  <testcase name="testSearchUsers" classname="com.topcoder.timetracker.user.accuracytests.UserManagerSessionBeanAccuracyTests" time="1.406"></testcase>
  <testcase name="testGetAllUsers" classname="com.topcoder.timetracker.user.accuracytests.UserManagerSessionBeanAccuracyTests" time="1.109"></testcase>
  <testcase name="testCreateUser" classname="com.topcoder.timetracker.user.accuracytests.UserManagerSessionBeanAccuracyTests" time="2.141"></testcase>
  <testcase name="testAddUsers" classname="com.topcoder.timetracker.user.accuracytests.UserManagerSessionBeanAccuracyTests" time="2.109"></testcase>
  <testcase name="testUpdateUser" classname="com.topcoder.timetracker.user.accuracytests.UserManagerSessionBeanAccuracyTests" time="3.86"></testcase>
  <testcase name="testRemoveUser" classname="com.topcoder.timetracker.user.accuracytests.UserManagerSessionBeanAccuracyTests" time="2.312"></testcase>
  <testcase name="testGetUser" classname="com.topcoder.timetracker.user.accuracytests.UserManagerSessionBeanAccuracyTests" time="2.485"></testcase>
  <testcase name="testAddRoleToUser" classname="com.topcoder.timetracker.user.accuracytests.UserManagerSessionBeanAccuracyTests" time="2.25"></testcase>
  <testcase name="testRemoveRoleFromUser" classname="com.topcoder.timetracker.user.accuracytests.UserManagerSessionBeanAccuracyTests" time="2.843"></testcase>
  <testcase name="testRetrieveRolesForUser" classname="com.topcoder.timetracker.user.accuracytests.UserManagerSessionBeanAccuracyTests" time="2.329"></testcase>
  <testcase name="testClearRolesFromUser" classname="com.topcoder.timetracker.user.accuracytests.UserManagerSessionBeanAccuracyTests" time="2.906"></testcase>
  <testcase name="testAuthenticateUser" classname="com.topcoder.timetracker.user.accuracytests.UserManagerSessionBeanAccuracyTests" time="1.406"></testcase>
  <testcase name="testGetUserFilterFactory" classname="com.topcoder.timetracker.user.accuracytests.UserManagerSessionBeanAccuracyTests" time="1.063"></testcase>
  <testcase name="testCtor1" classname="com.topcoder.timetracker.user.accuracytests.UserManagerSessionBeanAccuracyTests" time="1.0"></testcase>
  <testcase name="testSetPassword_NullPassword" classname="com.topcoder.timetracker.user.failuretests.UserFailureTests" time="0.0"></testcase>
  <testcase name="testSetPassword_EmptyPassword" classname="com.topcoder.timetracker.user.failuretests.UserFailureTests" time="0.0"></testcase>
  <testcase name="testSetUsername_NullUsername" classname="com.topcoder.timetracker.user.failuretests.UserFailureTests" time="0.0"></testcase>
  <testcase name="testSetUsername_EmptyUsername" classname="com.topcoder.timetracker.user.failuretests.UserFailureTests" time="0.0"></testcase>
  <testcase name="testSetCompanyId_NegativeId" classname="com.topcoder.timetracker.user.failuretests.UserFailureTests" time="0.0"></testcase>
  <testcase name="testSetContact_NullContact" classname="com.topcoder.timetracker.user.failuretests.UserFailureTests" time="0.0"></testcase>
  <testcase name="testSetAlgorithmName_EmptyAlgorithmName" classname="com.topcoder.timetracker.user.failuretests.UserFailureTests" time="0.0"></testcase>
  <testcase name="testSetStatus_NullStatus" classname="com.topcoder.timetracker.user.failuretests.UserFailureTests" time="0.0"></testcase>
  <testcase name="testSetAddress_NullAddress" classname="com.topcoder.timetracker.user.failuretests.UserFailureTests" time="0.0"></testcase>
  <testcase name="testSetPassword_TrimmedEmptyPassword" classname="com.topcoder.timetracker.user.failuretests.UserFailureTests" time="0.0"></testcase>
  <testcase name="testSetUsername_TrimmedEmptyUsername" classname="com.topcoder.timetracker.user.failuretests.UserFailureTests" time="0.0"></testcase>
  <testcase name="testSetCompanyId_ZeroId" classname="com.topcoder.timetracker.user.failuretests.UserFailureTests" time="0.0"></testcase>
  <testcase name="testSetAlgorithmName_TrimmedEmptyAlgorithmName" classname="com.topcoder.timetracker.user.failuretests.UserFailureTests" time="0.0"></testcase>
  <testcase name="testUserAuthenticator_NullNamespace" classname="com.topcoder.timetracker.user.failuretests.UserAuthenticatorFailureTests" time="0.015"></testcase>
  <testcase name="testUserAuthenticator_EmptyNamespace" classname="com.topcoder.timetracker.user.failuretests.UserAuthenticatorFailureTests" time="0.016"></testcase>
  <testcase name="testUserAuthenticator_TrimmedEmptyNamespace" classname="com.topcoder.timetracker.user.failuretests.UserAuthenticatorFailureTests" time="0.0"></testcase>
  <testcase name="testUserAuthenticator_UnknownNamespace" classname="com.topcoder.timetracker.user.failuretests.UserAuthenticatorFailureTests" time="0.015"></testcase>
  <testcase name="testUserAuthenticator_MissingObjectFactoryNamespace" classname="com.topcoder.timetracker.user.failuretests.UserAuthenticatorFailureTests" time="0.016"></testcase>
  <testcase name="testUserAuthenticator_EmptyObjectFactoryNamespace" classname="com.topcoder.timetracker.user.failuretests.UserAuthenticatorFailureTests" time="0.031"></testcase>
  <testcase name="testUserAuthenticator_InvalidObjectFactoryNamespace" classname="com.topcoder.timetracker.user.failuretests.UserAuthenticatorFailureTests" time="0.016"></testcase>
  <testcase name="testUserAuthenticator_MissingUserDAO" classname="com.topcoder.timetracker.user.failuretests.UserAuthenticatorFailureTests" time="0.016"></testcase>
  <testcase name="testUserAuthenticator_MissingClassName" classname="com.topcoder.timetracker.user.failuretests.UserAuthenticatorFailureTests" time="0.015"></testcase>
  <testcase name="testUserAuthenticator_EmptyClassName" classname="com.topcoder.timetracker.user.failuretests.UserAuthenticatorFailureTests" time="0.016"></testcase>
  <testcase name="testUserAuthenticator_InvalidClasName" classname="com.topcoder.timetracker.user.failuretests.UserAuthenticatorFailureTests" time="0.015"></testcase>
  <testcase name="testGetUserManager_UnknownNamespace" classname="com.topcoder.timetracker.user.failuretests.UserManagerFactoryFailureTests" time="0.0"></testcase>
  <testcase name="testGetUserManager1" classname="com.topcoder.timetracker.user.failuretests.UserManagerFactoryFailureTests" time="0.0"></testcase>
  <testcase name="testGetUserManager2" classname="com.topcoder.timetracker.user.failuretests.UserManagerFactoryFailureTests" time="0.016"></testcase>
  <testcase name="testSearchUsers" classname="com.topcoder.timetracker.user.failuretests.UserManagerImplFailureTests" time="0.578"></testcase>
  <testcase name="testCreateUser_NullUser" classname="com.topcoder.timetracker.user.failuretests.UserManagerImplFailureTests" time="0.391"></testcase>
  <testcase name="testCreateUser_DataAccessException" classname="com.topcoder.timetracker.user.failuretests.UserManagerImplFailureTests" time="0.406"></testcase>
  <testcase name="testUpdateUser_NullUser" classname="com.topcoder.timetracker.user.failuretests.UserManagerImplFailureTests" time="0.469"></testcase>
  <testcase name="testUpdateUser_DataAccessException" classname="com.topcoder.timetracker.user.failuretests.UserManagerImplFailureTests" time="0.375"></testcase>
  <testcase name="testRemoveUser_DataAccessException" classname="com.topcoder.timetracker.user.failuretests.UserManagerImplFailureTests" time="0.406"></testcase>
  <testcase name="testGetUser_DataAccessException" classname="com.topcoder.timetracker.user.failuretests.UserManagerImplFailureTests" time="0.516"></testcase>
  <testcase name="testAddRoleToUser_NullUser" classname="com.topcoder.timetracker.user.failuretests.UserManagerImplFailureTests" time="0.437"></testcase>
  <testcase name="testAddRoleToUser_NullRole" classname="com.topcoder.timetracker.user.failuretests.UserManagerImplFailureTests" time="0.406"></testcase>
  <testcase name="testRemoveRoleFromUser_NullUser" classname="com.topcoder.timetracker.user.failuretests.UserManagerImplFailureTests" time="0.485"></testcase>
  <testcase name="testRemoveRoleFromUser_NullRole" classname="com.topcoder.timetracker.user.failuretests.UserManagerImplFailureTests" time="0.406"></testcase>
  <testcase name="testRetrieveRolesForUser_NullUser" classname="com.topcoder.timetracker.user.failuretests.UserManagerImplFailureTests" time="0.391"></testcase>
  <testcase name="testClearRolesFromUser_NullUser" classname="com.topcoder.timetracker.user.failuretests.UserManagerImplFailureTests" time="0.406"></testcase>
  <testcase name="testAuthenticateUser_NullPassword" classname="com.topcoder.timetracker.user.failuretests.UserManagerImplFailureTests" time="0.406"></testcase>
  <testcase name="testAuthenticateUser_EmptyPassword" classname="com.topcoder.timetracker.user.failuretests.UserManagerImplFailureTests" time="0.406"></testcase>
  <testcase name="testUserManagerImpl_NullUserDAO" classname="com.topcoder.timetracker.user.failuretests.UserManagerImplFailureTests" time="0.469"></testcase>
  <testcase name="testUserManagerImpl_NullAuthorizationPersistence" classname="com.topcoder.timetracker.user.failuretests.UserManagerImplFailureTests" time="0.375"></testcase>
  <testcase name="test_userManagerImpl_NullAuthenticatorName" classname="com.topcoder.timetracker.user.failuretests.UserManagerImplFailureTests" time="0.375"></testcase>
  <testcase name="test_userManagerImpl_EmptyAuthenticatorName" classname="com.topcoder.timetracker.user.failuretests.UserManagerImplFailureTests" time="0.485"></testcase>
  <testcase name="test_userManagerImpl_TrimmedEmptyAuthenticatorName" classname="com.topcoder.timetracker.user.failuretests.UserManagerImplFailureTests" time="0.468"></testcase>
  <testcase name="testUserManagerImpl_ConfigurationException" classname="com.topcoder.timetracker.user.failuretests.UserManagerImplFailureTests" time="0.438"></testcase>
  <testcase name="testAuthenticateUser_NullUserName" classname="com.topcoder.timetracker.user.failuretests.UserManagerImplFailureTests" time="0.547"></testcase>
  <testcase name="testAuthenticateUser_EmptyUserName" classname="com.topcoder.timetracker.user.failuretests.UserManagerImplFailureTests" time="0.593"></testcase>
  <testcase name="testAuthenticateUser_TrimmedUserName" classname="com.topcoder.timetracker.user.failuretests.UserManagerImplFailureTests" time="0.422"></testcase>
  <testcase name="testAuthenticateUser_TrimmedPassword" classname="com.topcoder.timetracker.user.failuretests.UserManagerImplFailureTests" time="0.469"></testcase>
  <testcase name="testMappedBaseFilterFactory_NullMap" classname="com.topcoder.timetracker.user.failuretests.MappedBaseFilterFactoryFailureTests" time="0.0"></testcase>
  <testcase name="testMappedBaseFilterFactory_MapContainsNullKey" classname="com.topcoder.timetracker.user.failuretests.MappedBaseFilterFactoryFailureTests" time="0.0"></testcase>
  <testcase name="testMappedBaseFilterFactory_MapContainsEmptyKey" classname="com.topcoder.timetracker.user.failuretests.MappedBaseFilterFactoryFailureTests" time="0.0"></testcase>
  <testcase name="testMappedBaseFilterFactory_MapContainsTrimmedEmptyKey" classname="com.topcoder.timetracker.user.failuretests.MappedBaseFilterFactoryFailureTests" time="0.0"></testcase>
  <testcase name="testMappedBaseFilterFactory_MapContainsNullValue" classname="com.topcoder.timetracker.user.failuretests.MappedBaseFilterFactoryFailureTests" time="0.0"></testcase>
  <testcase name="testMappedBaseFilterFactory_MapContainsEmptyValue" classname="com.topcoder.timetracker.user.failuretests.MappedBaseFilterFactoryFailureTests" time="0.0"></testcase>
  <testcase name="testMappedBaseFilterFactory_MapContainsTrimmedEmptyValue" classname="com.topcoder.timetracker.user.failuretests.MappedBaseFilterFactoryFailureTests" time="0.0"></testcase>
  <testcase name="testMappedBaseFilterFactory_MissingRequiredAttribute" classname="com.topcoder.timetracker.user.failuretests.MappedBaseFilterFactoryFailureTests" time="0.0"></testcase>
  <testcase name="testCreateCreationDateFilter_BothNull" classname="com.topcoder.timetracker.user.failuretests.MappedBaseFilterFactoryFailureTests" time="0.0"></testcase>
  <testcase name="testCreateCreationDateFilter_EndDateBeforeStartDate" classname="com.topcoder.timetracker.user.failuretests.MappedBaseFilterFactoryFailureTests" time="0.0"></testcase>
  <testcase name="testCreateModificationDateFilter_BothNull" classname="com.topcoder.timetracker.user.failuretests.MappedBaseFilterFactoryFailureTests" time="0.016"></testcase>
  <testcase name="testCreateModificationDateFilter_EndDateBeforeStartDate" classname="com.topcoder.timetracker.user.failuretests.MappedBaseFilterFactoryFailureTests" time="0.0"></testcase>
  <testcase name="testCreateCreationUserFilter_NullStringMatchType" classname="com.topcoder.timetracker.user.failuretests.MappedBaseFilterFactoryFailureTests" time="0.0"></testcase>
  <testcase name="testCreateCreationUserFilter_NullUserName" classname="com.topcoder.timetracker.user.failuretests.MappedBaseFilterFactoryFailureTests" time="0.0"></testcase>
  <testcase name="testCreateCreationUserFilter_EmptyUserName" classname="com.topcoder.timetracker.user.failuretests.MappedBaseFilterFactoryFailureTests" time="0.0"></testcase>
  <testcase name="testCreateCreationUserFilter_TrimmedEmptyUserName" classname="com.topcoder.timetracker.user.failuretests.MappedBaseFilterFactoryFailureTests" time="0.0"></testcase>
  <testcase name="testCreateModificationUserFilter_NullUserName" classname="com.topcoder.timetracker.user.failuretests.MappedBaseFilterFactoryFailureTests" time="0.0"></testcase>
  <testcase name="testCreateModificationUserFilter_EmptyUserName" classname="com.topcoder.timetracker.user.failuretests.MappedBaseFilterFactoryFailureTests" time="0.0"></testcase>
  <testcase name="testCreateModificationUserFilter_TrimmedEmptyUserName" classname="com.topcoder.timetracker.user.failuretests.MappedBaseFilterFactoryFailureTests" time="0.0"></testcase>
  <testcase name="testCreatePasswordFilter_NullPassword" classname="com.topcoder.timetracker.user.failuretests.MappedUserFilterFactoryFailureTests" time="0.015"></testcase>
  <testcase name="testCreatePasswordFilter_EmptyPassword" classname="com.topcoder.timetracker.user.failuretests.MappedUserFilterFactoryFailureTests" time="0.0"></testcase>
  <testcase name="testCreateLastNameFilter_NullLastName" classname="com.topcoder.timetracker.user.failuretests.MappedUserFilterFactoryFailureTests" time="0.0"></testcase>
  <testcase name="testCreateLastNameFilter_EmptyLastName" classname="com.topcoder.timetracker.user.failuretests.MappedUserFilterFactoryFailureTests" time="0.016"></testcase>
  <testcase name="testCreateFirstNameFilter_NullFirstName" classname="com.topcoder.timetracker.user.failuretests.MappedUserFilterFactoryFailureTests" time="0.0"></testcase>
  <testcase name="testCreateFirstNameFilter_EmptyFirstName" classname="com.topcoder.timetracker.user.failuretests.MappedUserFilterFactoryFailureTests" time="0.0"></testcase>
  <testcase name="testCreatePhoneNumberFilter_NullPhoneNumber" classname="com.topcoder.timetracker.user.failuretests.MappedUserFilterFactoryFailureTests" time="0.016"></testcase>
  <testcase name="testCreatePhoneNumberFilter_EmptyPhoneNumber" classname="com.topcoder.timetracker.user.failuretests.MappedUserFilterFactoryFailureTests" time="0.0"></testcase>
  <testcase name="testCreateEmailFilter_NullEmail" classname="com.topcoder.timetracker.user.failuretests.MappedUserFilterFactoryFailureTests" time="0.015"></testcase>
  <testcase name="testCreateEmailFilter_EmptyEmail" classname="com.topcoder.timetracker.user.failuretests.MappedUserFilterFactoryFailureTests" time="0.0"></testcase>
  <testcase name="testCreateAddressFilter_NullAddress" classname="com.topcoder.timetracker.user.failuretests.MappedUserFilterFactoryFailureTests" time="0.0"></testcase>
  <testcase name="testCreateAddressFilter_EmptyAddress" classname="com.topcoder.timetracker.user.failuretests.MappedUserFilterFactoryFailureTests" time="0.016"></testcase>
  <testcase name="testCreateCityFilter_NullCity" classname="com.topcoder.timetracker.user.failuretests.MappedUserFilterFactoryFailureTests" time="0.0"></testcase>
  <testcase name="testCreateCityFilter_EmptyCity" classname="com.topcoder.timetracker.user.failuretests.MappedUserFilterFactoryFailureTests" time="0.0"></testcase>
  <testcase name="testCreateStateFilter_NullState" classname="com.topcoder.timetracker.user.failuretests.MappedUserFilterFactoryFailureTests" time="0.015"></testcase>
  <testcase name="testCreateZipCodeFilter_NullZipCode" classname="com.topcoder.timetracker.user.failuretests.MappedUserFilterFactoryFailureTests" time="0.0"></testcase>
  <testcase name="testCreateZipCodeFilter_EmptyZipCode" classname="com.topcoder.timetracker.user.failuretests.MappedUserFilterFactoryFailureTests" time="0.0"></testcase>
  <testcase name="testCreateCompanyIdFilter_NegativeId" classname="com.topcoder.timetracker.user.failuretests.MappedUserFilterFactoryFailureTests" time="0.016"></testcase>
  <testcase name="testCreateStatusFilter_NullStatus" classname="com.topcoder.timetracker.user.failuretests.MappedUserFilterFactoryFailureTests" time="0.0"></testcase>
  <testcase name="testMappedUserFilterFactory_NullMap" classname="com.topcoder.timetracker.user.failuretests.MappedUserFilterFactoryFailureTests" time="0.016"></testcase>
  <testcase name="testMappedUserFilterFactory_MapContainsNullKey" classname="com.topcoder.timetracker.user.failuretests.MappedUserFilterFactoryFailureTests" time="0.0"></testcase>
  <testcase name="testMappedUserFilterFactory_MapContainsEmptyKey" classname="com.topcoder.timetracker.user.failuretests.MappedUserFilterFactoryFailureTests" time="0.015"></testcase>
  <testcase name="testMappedUserFilterFactory_MapContainsTrimmedEmptyKey" classname="com.topcoder.timetracker.user.failuretests.MappedUserFilterFactoryFailureTests" time="0.0"></testcase>
  <testcase name="testMappedUserFilterFactory_MapContainsNullValue" classname="com.topcoder.timetracker.user.failuretests.MappedUserFilterFactoryFailureTests" time="0.016"></testcase>
  <testcase name="testMappedUserFilterFactory_MapContainsEmptyValue" classname="com.topcoder.timetracker.user.failuretests.MappedUserFilterFactoryFailureTests" time="0.0"></testcase>
  <testcase name="testMappedUserFilterFactory_MapContainsTrimmedEmptyValue" classname="com.topcoder.timetracker.user.failuretests.MappedUserFilterFactoryFailureTests" time="0.016"></testcase>
  <testcase name="testMappedUserFilterFactory_MissingRequiredAttribute" classname="com.topcoder.timetracker.user.failuretests.MappedUserFilterFactoryFailureTests" time="0.0"></testcase>
  <testcase name="testCreateUsernameFilter_NullUserName" classname="com.topcoder.timetracker.user.failuretests.MappedUserFilterFactoryFailureTests" time="0.015"></testcase>
  <testcase name="testCreateUsernameFilter_EmptyUserName" classname="com.topcoder.timetracker.user.failuretests.MappedUserFilterFactoryFailureTests" time="0.0"></testcase>
  <testcase name="testCreateUsernameFilter_TrimmedEmptyUserName" classname="com.topcoder.timetracker.user.failuretests.MappedUserFilterFactoryFailureTests" time="0.0"></testcase>
  <testcase name="testCreatePasswordFilter_TrimmedEmptyPassword" classname="com.topcoder.timetracker.user.failuretests.MappedUserFilterFactoryFailureTests" time="0.016"></testcase>
  <testcase name="testCreateLastNameFilter_TrimmedEmptyLastName" classname="com.topcoder.timetracker.user.failuretests.MappedUserFilterFactoryFailureTests" time="0.0"></testcase>
  <testcase name="testCreateFirstNameFilter_TrimmedEmptyFirstName" classname="com.topcoder.timetracker.user.failuretests.MappedUserFilterFactoryFailureTests" time="0.015"></testcase>
  <testcase name="testCreatePhoneNumberFilter_TrimmedEmptyPhoneNumber" classname="com.topcoder.timetracker.user.failuretests.MappedUserFilterFactoryFailureTests" time="0.0"></testcase>
  <testcase name="testCreateEmailFilter_TrimmedEmptyEmail" classname="com.topcoder.timetracker.user.failuretests.MappedUserFilterFactoryFailureTests" time="0.0"></testcase>
  <testcase name="testCreateAddressFilter_TrimmedEmptyAddress" classname="com.topcoder.timetracker.user.failuretests.MappedUserFilterFactoryFailureTests" time="0.016"></testcase>
  <testcase name="testCreateCityFilter_TrimmedEmptyCity" classname="com.topcoder.timetracker.user.failuretests.MappedUserFilterFactoryFailureTests" time="0.0"></testcase>
  <testcase name="testCreateZipCodeFilter_TrimmedEmptyZipCode" classname="com.topcoder.timetracker.user.failuretests.MappedUserFilterFactoryFailureTests" time="0.0"></testcase>
  <testcase name="testCreateCompanyIdFilter_ZeroId" classname="com.topcoder.timetracker.user.failuretests.MappedUserFilterFactoryFailureTests" time="0.016"></testcase>
  <testcase name="testAddUsers_NullUsers" classname="com.topcoder.timetracker.user.failuretests.DbUserDAOFailureTests" time="0.984"></testcase>
  <testcase name="testUpdateUsers_NullUsers" classname="com.topcoder.timetracker.user.failuretests.DbUserDAOFailureTests" time="1.047"></testcase>
  <testcase name="testRemoveUsers_NullUserIds" classname="com.topcoder.timetracker.user.failuretests.DbUserDAOFailureTests" time="0.922"></testcase>
  <testcase name="testGetUsers_NullUserIds" classname="com.topcoder.timetracker.user.failuretests.DbUserDAOFailureTests" time="1.297"></testcase>
  <testcase name="testGetUsers_NegativeUserId" classname="com.topcoder.timetracker.user.failuretests.DbUserDAOFailureTests" time="0.953"></testcase>
  <testcase name="testSearchUsers_NullFilter" classname="com.topcoder.timetracker.user.failuretests.DbUserDAOFailureTests" time="1.062"></testcase>
  <testcase name="testRemoveUsers_NegativeUserId" classname="com.topcoder.timetracker.user.failuretests.DbUserDAOFailureTests" time="0.891"></testcase>
  <testcase name="testDbUserDAO_NullConnectionFactory" classname="com.topcoder.timetracker.user.failuretests.DbUserDAOFailureTests" time="1.0"></testcase>
  <testcase name="testDbUserDAO_EmptyConnectionName" classname="com.topcoder.timetracker.user.failuretests.DbUserDAOFailureTests" time="1.031"></testcase>
  <testcase name="testDbUserDAO_TrimmedEmptyConnectionName" classname="com.topcoder.timetracker.user.failuretests.DbUserDAOFailureTests" time="0.86"></testcase>
  <testcase name="testDbUserDAO_NullIDGen" classname="com.topcoder.timetracker.user.failuretests.DbUserDAOFailureTests" time="1.125"></testcase>
  <testcase name="testDbUserDAO_EmptyIDGen" classname="com.topcoder.timetracker.user.failuretests.DbUserDAOFailureTests" time="0.921"></testcase>
  <testcase name="testDbUserDAO_TrimmedEmptyIDGen" classname="com.topcoder.timetracker.user.failuretests.DbUserDAOFailureTests" time="1.016"></testcase>
  <testcase name="testDbUserDAO_NotFoundIDGen" classname="com.topcoder.timetracker.user.failuretests.DbUserDAOFailureTests" time="1.172"></testcase>
  <testcase name="testDbUserDAO_NullSearchsStrategyNamespace" classname="com.topcoder.timetracker.user.failuretests.DbUserDAOFailureTests" time="1.109"></testcase>
  <testcase name="testDbUserDAO_EmptySearchsStrategyNamespace" classname="com.topcoder.timetracker.user.failuretests.DbUserDAOFailureTests" time="1.578"></testcase>
  <testcase name="testDbUserDAO_TrimmedEmptySearchsStrategyNamespace" classname="com.topcoder.timetracker.user.failuretests.DbUserDAOFailureTests" time="0.969"></testcase>
  <testcase name="testDbUserDAO_NotFoundSearchsStrategyNamespace" classname="com.topcoder.timetracker.user.failuretests.DbUserDAOFailureTests" time="1.172"></testcase>
  <testcase name="testDbUserDAO_NullAuditManager" classname="com.topcoder.timetracker.user.failuretests.DbUserDAOFailureTests" time="1.125"></testcase>
  <testcase name="testDbUserDAO_NullContactManager" classname="com.topcoder.timetracker.user.failuretests.DbUserDAOFailureTests" time="1.094"></testcase>
  <testcase name="testDbUserDAO_NullAuthPersitence" classname="com.topcoder.timetracker.user.failuretests.DbUserDAOFailureTests" time="1.234"></testcase>
  <testcase name="testDbUserDAO_NullAddressManager" classname="com.topcoder.timetracker.user.failuretests.DbUserDAOFailureTests" time="1.188"></testcase>
  <testcase name="testAddUsers_UsersContainsNull" classname="com.topcoder.timetracker.user.failuretests.DbUserDAOFailureTests" time="1.25"></testcase>
  <testcase name="testAddUsers_UsersContainsInvalidUser" classname="com.topcoder.timetracker.user.failuretests.DbUserDAOFailureTests" time="1.109"></testcase>
  <testcase name="testUpdateUsers_UsersContainsNull" classname="com.topcoder.timetracker.user.failuretests.DbUserDAOFailureTests" time="1.094"></testcase>
  <testcase name="testUpdateUsers_UsersContainsInvalidUser" classname="com.topcoder.timetracker.user.failuretests.DbUserDAOFailureTests" time="1.047"></testcase>
  <testcase name="testRemoveUsers_ZeroUserId" classname="com.topcoder.timetracker.user.failuretests.DbUserDAOFailureTests" time="1.093"></testcase>
  <testcase name="testGetUsers_ZeroUserId" classname="com.topcoder.timetracker.user.failuretests.DbUserDAOFailureTests" time="1.25"></testcase>
  <testcase name="testUserManagerDelegate_NullNamespace" classname="com.topcoder.timetracker.user.failuretests.UserManagerDelegateFailureTests" time="0.094"></testcase>
  <testcase name="testUserManagerDelegate_EmptyNamespace" classname="com.topcoder.timetracker.user.failuretests.UserManagerDelegateFailureTests" time="0.016"></testcase>
  <testcase name="testUserManagerDelegate_TrimmedEmptyNamespace" classname="com.topcoder.timetracker.user.failuretests.UserManagerDelegateFailureTests" time="0.015"></testcase>
  <testcase name="testUserManagerDelegate_InvalidConfig1" classname="com.topcoder.timetracker.user.failuretests.UserManagerDelegateFailureTests" time="0.0"></testcase>
  <testcase name="testUserManagerDelegate_InvalidConfig2" classname="com.topcoder.timetracker.user.failuretests.UserManagerDelegateFailureTests" time="0.016"></testcase>
  <testcase name="testUserManagerDelegate_InvalidConfig3" classname="com.topcoder.timetracker.user.failuretests.UserManagerDelegateFailureTests" time="0.016"></testcase>
  <system-out><![CDATA[ADDPRINCIPAL: PRINCIPAL: 100-topcoder

ADDPRINCIPAL: PRINCIPAL: 101-topcoder

ADDPRINCIPAL: PRINCIPAL: 102-topcoder

ADDPRINCIPAL: PRINCIPAL: 103-topcoder

ADDPRINCIPAL: PRINCIPAL: 104-topcoder

ADDPRINCIPAL: PRINCIPAL: 105-topcoder

ADDPRINCIPAL: PRINCIPAL: 106-topcoder

ADDPRINCIPAL: PRINCIPAL: 107-topcoder

ADDPRINCIPAL: PRINCIPAL: 108-topcoder

ADDPRINCIPAL: PRINCIPAL: 109-topcoder

Add 10 user cost 8.938 seconds.
ADDPRINCIPAL: PRINCIPAL: 110-topcoder

ADDPRINCIPAL: PRINCIPAL: 111-topcoder

ADDPRINCIPAL: PRINCIPAL: 112-topcoder

ADDPRINCIPAL: PRINCIPAL: 113-topcoder

ADDPRINCIPAL: PRINCIPAL: 114-topcoder

ADDPRINCIPAL: PRINCIPAL: 115-topcoder

ADDPRINCIPAL: PRINCIPAL: 116-topcoder

ADDPRINCIPAL: PRINCIPAL: 117-topcoder

ADDPRINCIPAL: PRINCIPAL: 118-topcoder

ADDPRINCIPAL: PRINCIPAL: 119-topcoder

ADDPRINCIPAL: PRINCIPAL: 120-topcoder

ADDPRINCIPAL: PRINCIPAL: 121-topcoder

ADDPRINCIPAL: PRINCIPAL: 122-topcoder

ADDPRINCIPAL: PRINCIPAL: 123-topcoder

ADDPRINCIPAL: PRINCIPAL: 124-topcoder

ADDPRINCIPAL: PRINCIPAL: 125-topcoder

ADDPRINCIPAL: PRINCIPAL: 126-topcoder

ADDPRINCIPAL: PRINCIPAL: 127-topcoder

ADDPRINCIPAL: PRINCIPAL: 128-topcoder

ADDPRINCIPAL: PRINCIPAL: 129-topcoder

Add 20 user cost 18.438 seconds.
ADDPRINCIPAL: PRINCIPAL: 130-topcoder

ADDPRINCIPAL: PRINCIPAL: 131-topcoder

ADDPRINCIPAL: PRINCIPAL: 132-topcoder

ADDPRINCIPAL: PRINCIPAL: 133-topcoder

ADDPRINCIPAL: PRINCIPAL: 134-topcoder

ADDPRINCIPAL: PRINCIPAL: 135-topcoder

ADDPRINCIPAL: PRINCIPAL: 136-topcoder

ADDPRINCIPAL: PRINCIPAL: 137-topcoder

ADDPRINCIPAL: PRINCIPAL: 138-topcoder

ADDPRINCIPAL: PRINCIPAL: 139-topcoder

ADDPRINCIPAL: PRINCIPAL: 140-topcoder

ADDPRINCIPAL: PRINCIPAL: 141-topcoder

ADDPRINCIPAL: PRINCIPAL: 142-topcoder

ADDPRINCIPAL: PRINCIPAL: 143-topcoder

ADDPRINCIPAL: PRINCIPAL: 144-topcoder

ADDPRINCIPAL: PRINCIPAL: 145-topcoder

ADDPRINCIPAL: PRINCIPAL: 146-topcoder

ADDPRINCIPAL: PRINCIPAL: 147-topcoder

ADDPRINCIPAL: PRINCIPAL: 148-topcoder

ADDPRINCIPAL: PRINCIPAL: 149-topcoder

Update 20 user cost 0.359 seconds.
ADDPRINCIPAL: PRINCIPAL: 150-topcoder

ADDPRINCIPAL: PRINCIPAL: 151-topcoder

ADDPRINCIPAL: PRINCIPAL: 152-topcoder

ADDPRINCIPAL: PRINCIPAL: 153-topcoder

ADDPRINCIPAL: PRINCIPAL: 154-topcoder

ADDPRINCIPAL: PRINCIPAL: 155-topcoder

ADDPRINCIPAL: PRINCIPAL: 156-topcoder

ADDPRINCIPAL: PRINCIPAL: 157-topcoder

ADDPRINCIPAL: PRINCIPAL: 158-topcoder

ADDPRINCIPAL: PRINCIPAL: 159-topcoder

ADDPRINCIPAL: PRINCIPAL: 160-topcoder

ADDPRINCIPAL: PRINCIPAL: 161-topcoder

ADDPRINCIPAL: PRINCIPAL: 162-topcoder

ADDPRINCIPAL: PRINCIPAL: 163-topcoder

ADDPRINCIPAL: PRINCIPAL: 164-topcoder

ADDPRINCIPAL: PRINCIPAL: 165-topcoder

ADDPRINCIPAL: PRINCIPAL: 166-topcoder

ADDPRINCIPAL: PRINCIPAL: 167-topcoder

ADDPRINCIPAL: PRINCIPAL: 168-topcoder

ADDPRINCIPAL: PRINCIPAL: 169-topcoder

DELPRINCIPAL: PRINCIPAL: 107

DELPRINCIPAL: PRINCIPAL: 158

DELPRINCIPAL: PRINCIPAL: 143

DELPRINCIPAL: PRINCIPAL: 123

DELPRINCIPAL: PRINCIPAL: 112

DELPRINCIPAL: PRINCIPAL: 113

DELPRINCIPAL: PRINCIPAL: 159

DELPRINCIPAL: PRINCIPAL: 144

DELPRINCIPAL: PRINCIPAL: 118

DELPRINCIPAL: PRINCIPAL: 129

DELPRINCIPAL: PRINCIPAL: 124

DELPRINCIPAL: PRINCIPAL: 169

DELPRINCIPAL: PRINCIPAL: 160

DELPRINCIPAL: PRINCIPAL: 117

DELPRINCIPAL: PRINCIPAL: 106

DELPRINCIPAL: PRINCIPAL: 157

DELPRINCIPAL: PRINCIPAL: 142

DELPRINCIPAL: PRINCIPAL: 122

DELPRINCIPAL: PRINCIPAL: 100

DELPRINCIPAL: PRINCIPAL: 131

DELPRINCIPAL: PRINCIPAL: 146

DELPRINCIPAL: PRINCIPAL: 119

DELPRINCIPAL: PRINCIPAL: 162

DELPRINCIPAL: PRINCIPAL: 145

DELPRINCIPAL: PRINCIPAL: 130

DELPRINCIPAL: PRINCIPAL: 155

DELPRINCIPAL: PRINCIPAL: 103

DELPRINCIPAL: PRINCIPAL: 140

DELPRINCIPAL: PRINCIPAL: 166

DELPRINCIPAL: PRINCIPAL: 156

DELPRINCIPAL: PRINCIPAL: 141

DELPRINCIPAL: PRINCIPAL: 165

DELPRINCIPAL: PRINCIPAL: 102

DELPRINCIPAL: PRINCIPAL: 121

DELPRINCIPAL: PRINCIPAL: 120

DELPRINCIPAL: PRINCIPAL: 101

DELPRINCIPAL: PRINCIPAL: 163

DELPRINCIPAL: PRINCIPAL: 126

DELPRINCIPAL: PRINCIPAL: 136

DELPRINCIPAL: PRINCIPAL: 168

DELPRINCIPAL: PRINCIPAL: 151

DELPRINCIPAL: PRINCIPAL: 104

DELPRINCIPAL: PRINCIPAL: 150

DELPRINCIPAL: PRINCIPAL: 135

DELPRINCIPAL: PRINCIPAL: 161

DELPRINCIPAL: PRINCIPAL: 149

DELPRINCIPAL: PRINCIPAL: 105

DELPRINCIPAL: PRINCIPAL: 134

DELPRINCIPAL: PRINCIPAL: 137

DELPRINCIPAL: PRINCIPAL: 116

DELPRINCIPAL: PRINCIPAL: 132

DELPRINCIPAL: PRINCIPAL: 147

DELPRINCIPAL: PRINCIPAL: 152

DELPRINCIPAL: PRINCIPAL: 125

DELPRINCIPAL: PRINCIPAL: 115

DELPRINCIPAL: PRINCIPAL: 111

DELPRINCIPAL: PRINCIPAL: 114

DELPRINCIPAL: PRINCIPAL: 139

DELPRINCIPAL: PRINCIPAL: 154

DELPRINCIPAL: PRINCIPAL: 127

DELPRINCIPAL: PRINCIPAL: 167

DELPRINCIPAL: PRINCIPAL: 108

DELPRINCIPAL: PRINCIPAL: 148

DELPRINCIPAL: PRINCIPAL: 128

DELPRINCIPAL: PRINCIPAL: 109

DELPRINCIPAL: PRINCIPAL: 133

DELPRINCIPAL: PRINCIPAL: 164

DELPRINCIPAL: PRINCIPAL: 110

DELPRINCIPAL: PRINCIPAL: 153

DELPRINCIPAL: PRINCIPAL: 138

Remove 20 user cost 36.781 seconds.
ADDPRINCIPAL: PRINCIPAL: 170-topcoder

ADDPRINCIPAL: PRINCIPAL: 171-topcoder

ADDPRINCIPAL: PRINCIPAL: 172-topcoder

ADDPRINCIPAL: PRINCIPAL: 173-topcoder

ADDPRINCIPAL: PRINCIPAL: 174-topcoder

ADDPRINCIPAL: PRINCIPAL: 175-topcoder

ADDPRINCIPAL: PRINCIPAL: 176-topcoder

ADDPRINCIPAL: PRINCIPAL: 177-topcoder

ADDPRINCIPAL: PRINCIPAL: 178-topcoder

ADDPRINCIPAL: PRINCIPAL: 179-topcoder

ADDPRINCIPAL: PRINCIPAL: 180-topcoder

ADDPRINCIPAL: PRINCIPAL: 181-topcoder

ADDPRINCIPAL: PRINCIPAL: 182-topcoder

ADDPRINCIPAL: PRINCIPAL: 183-topcoder

ADDPRINCIPAL: PRINCIPAL: 184-topcoder

ADDPRINCIPAL: PRINCIPAL: 185-topcoder

ADDPRINCIPAL: PRINCIPAL: 186-topcoder

ADDPRINCIPAL: PRINCIPAL: 187-topcoder

ADDPRINCIPAL: PRINCIPAL: 188-topcoder

ADDPRINCIPAL: PRINCIPAL: 189-topcoder

Get users with 20 id cost 0.328 seconds.
ADDPRINCIPAL: PRINCIPAL: 190-topcoder

ADDPRINCIPAL: PRINCIPAL: 191-topcoder

ADDPRINCIPAL: PRINCIPAL: 192-topcoder

ADDPRINCIPAL: PRINCIPAL: 193-topcoder

ADDPRINCIPAL: PRINCIPAL: 194-topcoder

ADDPRINCIPAL: PRINCIPAL: 195-topcoder

ADDPRINCIPAL: PRINCIPAL: 196-topcoder

ADDPRINCIPAL: PRINCIPAL: 197-topcoder

ADDPRINCIPAL: PRINCIPAL: 198-topcoder

ADDPRINCIPAL: PRINCIPAL: 199-topcoder

Call 20 searchUser with UserNameFilter cost 4.953 seconds.
ADDPRINCIPAL: PRINCIPAL: 200-topcoder

ADDPRINCIPAL: PRINCIPAL: 201-topcoder

ADDPRINCIPAL: PRINCIPAL: 202-topcoder

ADDPRINCIPAL: PRINCIPAL: 203-topcoder

ADDPRINCIPAL: PRINCIPAL: 204-topcoder

ADDPRINCIPAL: PRINCIPAL: 205-topcoder

ADDPRINCIPAL: PRINCIPAL: 206-topcoder

ADDPRINCIPAL: PRINCIPAL: 207-topcoder

ADDPRINCIPAL: PRINCIPAL: 208-topcoder

ADDPRINCIPAL: PRINCIPAL: 209-topcoder

ADDPRINCIPAL: PRINCIPAL: 210-topcoder

ADDPRINCIPAL: PRINCIPAL: 211-topcoder

ADDPRINCIPAL: PRINCIPAL: 212-topcoder

ADDPRINCIPAL: PRINCIPAL: 213-topcoder

ADDPRINCIPAL: PRINCIPAL: 214-topcoder

ADDPRINCIPAL: PRINCIPAL: 215-topcoder

ADDPRINCIPAL: PRINCIPAL: 216-topcoder

ADDPRINCIPAL: PRINCIPAL: 217-topcoder

ADDPRINCIPAL: PRINCIPAL: 218-topcoder

ADDPRINCIPAL: PRINCIPAL: 219-topcoder

Gall GetAllUser cost 0.25 seconds.
ADDPRINCIPAL: PRINCIPAL: 100-topcoder

DELPRINCIPAL: PRINCIPAL: 100

ADDPRINCIPAL: PRINCIPAL: 100-helloWorld

ADDPRINCIPAL: PRINCIPAL: 101-topcoder

DELPRINCIPAL: PRINCIPAL: 1

DELPRINCIPAL: PRINCIPAL: 101

ADDPRINCIPAL: PRINCIPAL: 102-topcoder

ADDPRINCIPAL: PRINCIPAL: 103-topcoder

ADDPRINCIPAL: PRINCIPAL: 104-topcoder

DELPRINCIPAL: PRINCIPAL: 104

ADDPRINCIPAL: PRINCIPAL: 104-helloWorld

DELPRINCIPAL: PRINCIPAL: 1

DELPRINCIPAL: PRINCIPAL: 1

addRole: SecurityRoleId: 100

addRoleForPrincipal: principalId: 1 roleId: 100

addRole: SecurityRoleId: 101

removeRoleForPrincipal: principalId: 1 roleId: 4

addRole: SecurityRoleId: 102

AUTHEXCEPTION:  METHOD: removeRoleForPrincipal(Principal, SecurityRole)

removeRoleForPrincipal: principalId: 1 roleId: 4

ADDPRINCIPAL: PRINCIPAL: 105-topcoder

DELPRINCIPAL: PRINCIPAL: 105

ADDPRINCIPAL: PRINCIPAL: 105-helloWorld

ADDPRINCIPAL: PRINCIPAL: 106-topcoder

DELPRINCIPAL: PRINCIPAL: 1

DELPRINCIPAL: PRINCIPAL: 106

ADDPRINCIPAL: PRINCIPAL: 107-topcoder

DELPRINCIPAL: PRINCIPAL: 1

ADDPRINCIPAL: PRINCIPAL: 108-topcoder

DELPRINCIPAL: PRINCIPAL: 108

ADDPRINCIPAL: PRINCIPAL: 108-helloWorld

ADDPRINCIPAL: PRINCIPAL: 109-topcoder

DELPRINCIPAL: PRINCIPAL: 1

DELPRINCIPAL: PRINCIPAL: 109

ADDPRINCIPAL: PRINCIPAL: 110-topcoder

ADDPRINCIPAL: PRINCIPAL: 111-topcoder

ADDPRINCIPAL: PRINCIPAL: 112-topcoder

DELPRINCIPAL: PRINCIPAL: 112

ADDPRINCIPAL: PRINCIPAL: 112-helloWorld

DELPRINCIPAL: PRINCIPAL: 1

DELPRINCIPAL: PRINCIPAL: 1

addRole: SecurityRoleId: 103

addRoleForPrincipal: principalId: 1 roleId: 103

addRole: SecurityRoleId: 104

removeRoleForPrincipal: principalId: 1 roleId: 4

addRole: SecurityRoleId: 105

AUTHEXCEPTION:  METHOD: removeRoleForPrincipal(Principal, SecurityRole)

removeRoleForPrincipal: principalId: 1 roleId: 4

addRole: SecurityRoleId: 106

ADDPRINCIPAL: PRINCIPAL: 113-TCSDESIGNER

DELPRINCIPAL: PRINCIPAL: 1

addRoleForPrincipal: principalId: 113 roleId: 2

removeRoleForPrincipal: principalId: 113 roleId: 2

ADDPRINCIPAL: PRINCIPAL: 114-TCSDESIGNER

DELPRINCIPAL: PRINCIPAL: 1

addRoleForPrincipal: principalId: 114 roleId: 2

removeRoleForPrincipal: principalId: 114 roleId: 2

ADDPRINCIPAL: PRINCIPAL: 115-topcoder

DELPRINCIPAL: PRINCIPAL: 115

ADDPRINCIPAL: PRINCIPAL: 115-new

ADDPRINCIPAL: PRINCIPAL: 116-topcoder

DELPRINCIPAL: PRINCIPAL: 116

ADDPRINCIPAL: PRINCIPAL: 117-topcoder

ADDPRINCIPAL: PRINCIPAL: 118-topcoder

ADDPRINCIPAL: PRINCIPAL: 119-topcoder

DELPRINCIPAL: PRINCIPAL: 119

ADDPRINCIPAL: PRINCIPAL: 119-new

DELPRINCIPAL: PRINCIPAL: 1

ADDPRINCIPAL: PRINCIPAL: 100-topcoder

addRole: SecurityRoleId: 107

addRoleForPrincipal: principalId: 1 roleId: 107

removeRoleForPrincipal: principalId: 1 roleId: 4

addRole: SecurityRoleId: 108

addRoleForPrincipal: principalId: 1 roleId: 108

removeRoleForPrincipal: principalId: 1 roleId: 4

ADDPRINCIPAL: PRINCIPAL: 101-topcoder

DELPRINCIPAL: PRINCIPAL: 101

ADDPRINCIPAL: PRINCIPAL: 101-new

ADDPRINCIPAL: PRINCIPAL: 102-topcoder

DELPRINCIPAL: PRINCIPAL: 102

ADDPRINCIPAL: PRINCIPAL: 103-topcoder

ADDPRINCIPAL: PRINCIPAL: 104-topcoder

DELPRINCIPAL: PRINCIPAL: 104

ADDPRINCIPAL: PRINCIPAL: 104-new

ADDPRINCIPAL: PRINCIPAL: 105-topcoder

DELPRINCIPAL: PRINCIPAL: 105

ADDPRINCIPAL: PRINCIPAL: 106-topcoder

ADDPRINCIPAL: PRINCIPAL: 107-topcoder

ADDPRINCIPAL: PRINCIPAL: 108-topcoder

DELPRINCIPAL: PRINCIPAL: 108

ADDPRINCIPAL: PRINCIPAL: 108-new

DELPRINCIPAL: PRINCIPAL: 1

ADDPRINCIPAL: PRINCIPAL: 109-topcoder

addRole: SecurityRoleId: 109

addRoleForPrincipal: principalId: 1 roleId: 109

removeRoleForPrincipal: principalId: 1 roleId: 4

addRole: SecurityRoleId: 110

addRoleForPrincipal: principalId: 1 roleId: 110

removeRoleForPrincipal: principalId: 1 roleId: 4

]]></system-out>
  <system-err><![CDATA[java.sql.SQLException: Column (no_column) not found in any table in the query (or SLV is undefined).
	at com.informix.jdbc.IfxSqli.addException(IfxSqli.java:3082)
	at com.informix.jdbc.IfxSqli.receiveError(IfxSqli.java:3396)
	at com.informix.jdbc.IfxSqli.dispatchMsg(IfxSqli.java:2259)
	at com.informix.jdbc.IfxSqli.receiveMessage(IfxSqli.java:2179)
	at com.informix.jdbc.IfxSqli.executePrepare(IfxSqli.java:1082)
	at com.informix.jdbc.IfxResultSet.executePrepare(IfxResultSet.java:182)
	at com.informix.jdbc.IfxPreparedStatement.setupExecutePrepare(IfxPreparedStatement.java:197)
	at com.informix.jdbc.IfxPreparedStatement.<init>(IfxPreparedStatement.java:175)
	at com.informix.jdbc.IfxSqliConnect.prepareStatement(IfxSqliConnect.java:1907)
	at com.topcoder.search.builder.database.DatabaseSearchStrategy.search(DatabaseSearchStrategy.java:314)
	at com.topcoder.timetracker.user.db.DbUserDAO.searchUsers(DbUserDAO.java:1383)
	at com.topcoder.timetracker.user.db.DbUserDAOTests.testSearchUsers_InvalidFilter(DbUserDAOTests.java:1320)
	at sun.reflect.NativeMethodAccessorImpl.invoke0(Native Method)
	at sun.reflect.NativeMethodAccessorImpl.invoke(NativeMethodAccessorImpl.java:39)
	at sun.reflect.DelegatingMethodAccessorImpl.invoke(DelegatingMethodAccessorImpl.java:25)
	at java.lang.reflect.Method.invoke(Method.java:324)
	at junit.framework.TestCase.runTest(TestCase.java:154)
	at junit.framework.TestCase.runBare(TestCase.java:127)
	at junit.framework.TestResult$1.protect(TestResult.java:106)
	at junit.framework.TestResult.runProtected(TestResult.java:124)
	at junit.framework.TestResult.run(TestResult.java:109)
	at junit.framework.TestCase.run(TestCase.java:118)
	at junit.framework.TestSuite.runTest(TestSuite.java:208)
	at junit.framework.TestSuite.run(TestSuite.java:203)
	at junit.framework.TestSuite.runTest(TestSuite.java:208)
	at junit.framework.TestSuite.run(TestSuite.java:203)
	at junit.framework.TestSuite.runTest(TestSuite.java:208)
	at junit.framework.TestSuite.run(TestSuite.java:203)
	at org.apache.tools.ant.taskdefs.optional.junit.JUnitTestRunner.run(JUnitTestRunner.java:297)
	at org.apache.tools.ant.taskdefs.optional.junit.JUnitTestRunner.launch(JUnitTestRunner.java:672)
	at org.apache.tools.ant.taskdefs.optional.junit.JUnitTestRunner.main(JUnitTestRunner.java:567)
java.sql.SQLException: Column (no_column) not found in any table in the query (or SLV is undefined).
	at com.informix.jdbc.IfxSqli.addException(IfxSqli.java:3082)
	at com.informix.jdbc.IfxSqli.receiveError(IfxSqli.java:3396)
	at com.informix.jdbc.IfxSqli.dispatchMsg(IfxSqli.java:2259)
	at com.informix.jdbc.IfxSqli.receiveMessage(IfxSqli.java:2179)
	at com.informix.jdbc.IfxSqli.executePrepare(IfxSqli.java:1082)
	at com.informix.jdbc.IfxResultSet.executePrepare(IfxResultSet.java:182)
	at com.informix.jdbc.IfxPreparedStatement.setupExecutePrepare(IfxPreparedStatement.java:197)
	at com.informix.jdbc.IfxPreparedStatement.<init>(IfxPreparedStatement.java:175)
	at com.informix.jdbc.IfxSqliConnect.prepareStatement(IfxSqliConnect.java:1907)
	at com.topcoder.search.builder.database.DatabaseSearchStrategy.search(DatabaseSearchStrategy.java:314)
	at com.topcoder.timetracker.user.db.DbUserDAO.searchUsers(DbUserDAO.java:1383)
	at com.topcoder.timetracker.user.UserManagerImpl.searchUsers(UserManagerImpl.java:287)
	at com.topcoder.timetracker.user.j2ee.UserManagerSessionBean.searchUsers(UserManagerSessionBean.java:235)
	at com.topcoder.timetracker.user.j2ee.UserManagerSessionBean$$FastClassByCGLIB$$1482f47b.invoke(<generated>)
	at net.sf.cglib.reflect.FastMethod.invoke(FastMethod.java:87)
	at org.mockejb.interceptor.InterceptorInvoker$CglibMethodInvoker.intercept(InterceptorInvoker.java:95)
	at org.mockejb.interceptor.InvocationContext.proceed(InvocationContext.java:177)
	at org.mockejb.interceptor.InterceptorInvoker.invoke(InterceptorInvoker.java:53)
	at org.mockejb.MockEjbObject.invoke(MockEjbObject.java:147)
	at $Proxy1.searchUsers(Unknown Source)
	at com.topcoder.timetracker.user.j2ee.UserManagerDelegate.searchUsers(UserManagerDelegate.java:217)
	at com.topcoder.timetracker.user.j2ee.UserManagerSessionBeanTests.testSearchUsers_InvalidFilter(UserManagerSessionBeanTests.java:974)
	at sun.reflect.NativeMethodAccessorImpl.invoke0(Native Method)
	at sun.reflect.NativeMethodAccessorImpl.invoke(NativeMethodAccessorImpl.java:39)
	at sun.reflect.DelegatingMethodAccessorImpl.invoke(DelegatingMethodAccessorImpl.java:25)
	at java.lang.reflect.Method.invoke(Method.java:324)
	at junit.framework.TestCase.runTest(TestCase.java:154)
	at junit.framework.TestCase.runBare(TestCase.java:127)
	at junit.framework.TestResult$1.protect(TestResult.java:106)
	at junit.framework.TestResult.runProtected(TestResult.java:124)
	at junit.framework.TestResult.run(TestResult.java:109)
	at junit.framework.TestCase.run(TestCase.java:118)
	at junit.framework.TestSuite.runTest(TestSuite.java:208)
	at junit.framework.TestSuite.run(TestSuite.java:203)
	at junit.framework.TestSuite.runTest(TestSuite.java:208)
	at junit.framework.TestSuite.run(TestSuite.java:203)
	at junit.framework.TestSuite.runTest(TestSuite.java:208)
	at junit.framework.TestSuite.run(TestSuite.java:203)
	at org.apache.tools.ant.taskdefs.optional.junit.JUnitTestRunner.run(JUnitTestRunner.java:297)
	at org.apache.tools.ant.taskdefs.optional.junit.JUnitTestRunner.launch(JUnitTestRunner.java:672)
	at org.apache.tools.ant.taskdefs.optional.junit.JUnitTestRunner.main(JUnitTestRunner.java:567)
]]></system-err>
</testsuite>
