<action name="KeySubmission" type="default" url-pattern="/gl/action/test" priority="10">
	<handler type="TestHandler">
		<game_id_param_key>Game_id</game_id_param_key>
		<submission_param_key>submissions</submission_param_key>
		<max_failure_count>10</max_failure_count>
		<inactive_game_result>inactive_game_result</inactive_game_result>
		<failure_count_not_met_result>count_not_met_result</failure_count_not_met_result>
		<failure_count_exceeded_result>count_exceeded_result</failure_count_exceeded_result>
	</handler>
	
	<result name="success" type="forward">
		<forward-url>/hello.html</forward-url>
	</result>
</action>