<?xml version="1.0" encoding="UTF-8" ?>
<testsuite errors="0" failures="0" hostname="computer" name="com.topcoder.clients.webservices.AllTests" tests="423" time="145.266" timestamp="2008-09-25T18:26:19">
  <properties>
    <property name="java.vendor" value="Sun Microsystems Inc." />
    <property name="package" value="com.topcoder.clients.webservices" />
    <property name="docpackage.jar" value="client_project_management_services_docs.jar" />
    <property name="sun.management.compiler" value="HotSpot Client Compiler" />
    <property name="manifest_file_path" value="build/dist/client_project_management_services-1.0.0/META-INF/" />
    <property name="verbose" value="no" />
    <property name="os.name" value="Windows 2003" />
    <property name="sun.boot.class.path" value="D:\soft\jdk1.5\jre\lib\rt.jar;D:\soft\jdk1.5\jre\lib\i18n.jar;D:\soft\jdk1.5\jre\lib\sunrsasign.jar;D:\soft\jdk1.5\jre\lib\jsse.jar;D:\soft\jdk1.5\jre\lib\jce.jar;D:\soft\jdk1.5\jre\lib\charsets.jar;D:\soft\jdk1.5\jre\classes" />
    <property name="docsdir" value="docs" />
    <property name="ear.package" value="services" />
    <property name="javadoc.jar" value="javadocs.jar" />
    <property name="design_submission.jar" value="client_project_management_services_1.0.0_design_submission.jar" />
    <property name="sun.desktop" value="windows" />
    <property name="component.tests.jar" value="build/dist/lib/tcs/client_project_management_services_tests.jar" />
    <property name="java.vm.specification.vendor" value="Sun Microsystems Inc." />
    <property name="ant.home" value="D:\soft\ant1.7.0\bin\.." />
    <property name="java.runtime.version" value="1.5.0_05-b05" />
    <property name="component_path" value="client_project_management_services/1.0.0" />
    <property name="cobertura.dir" value="D:/environment/lib/third_party/cobertura/1.8" />
    <property name="component.version.micro" value="0" />
    <property name="user.name" value="Administrator" />
    <property name="manifest_file" value="build/dist/client_project_management_services-1.0.0/META-INF//MANIFEST.MF" />
    <property name="debug" value="off" />
    <property name="reports" value="log/reports" />
    <property name="testfiles" value="test_files" />
    <property name="component.version.major" value="1" />
    <property name="component_version" value="1.0.0" />
    <property name="dist_coverage" value="build/dist/client_project_management_services-1.0.0/docs/coverage" />
    <property name="component.packagedir" value="com/topcoder/clients/webservices" />
    <property name="user.language" value="zh" />
    <property name="cobertura.datafile" value="log/cobertura.ser" />
    <property name="javadoc.locale" value="en_US" />
    <property name="sun.boot.library.path" value="D:\soft\jdk1.5\jre\bin" />
    <property name="jboss_home" value="d:/soft/jboss-4.2.3.GA" />
    <property name="tcs_libdir" value="D:/environment/lib/tcs" />
    <property name="srcdir" value="src" />
    <property name="jboss.server" value="d:/soft/jboss-4.2.3.GA/server/default" />
    <property name="ant.project.name" value="client_project_management_services" />
    <property name="component.bootclasspath" value="${java_1_x_bootclasspath}" />
    <property name="component.version.minor" value="0" />
    <property name="java.version" value="1.5.0_05" />
    <property name="user.timezone" value="" />
    <property name="dev_dist.jar" value="client_project_management_services_1.0.0_dev_dist.jar" />
    <property name="sun.arch.data.model" value="32" />
    <property name="java.endorsed.dirs" value="D:\soft\jdk1.5\jre\lib\endorsed" />
    <property name="lib_driver" value="lib/lib_driver" />
    <property name="sun.cpu.isalist" value="pentium_pro+mmx pentium_pro pentium+mmx pentium i486 i386 i86" />
    <property name="packagedir" value="com/topcoder/clients/webservices" />
    <property name="sun.jnu.encoding" value="GBK" />
    <property name="file.encoding.pkg" value="sun.io" />
    <property name="file.separator" value="\" />
    <property name="bean.config" value="test_files/bean-config" />
    <property name="java.specification.name" value="Java Platform API Specification" />
    <property name="build_docsdir" value="build/docs" />
    <property name="dev_submission.jar" value="client_project_management_services_1.0.0_dev_submission.jar" />
    <property name="java.class.version" value="49.0" />
    <property name="build_testclassdir" value="build/testClasses" />
    <property name="user.country" value="CN" />
    <property name="java.home" value="D:\soft\jdk1.5\jre" />
    <property name="component.distfilename" value="client_project_management_services" />
    <property name="component.version.build" value="1" />
    <property name="java.vm.info" value="mixed mode, sharing" />
    <property name="ant.file" value="D:\tcs\client_project_management_services_1.0.0\finalfix3\build.xml" />
    <property name="os.version" value="5.2" />
    <property name="build_distdir" value="build/dist" />
    <property name="dist_docpackage" value="build/doc_package" />
    <property name="build_tcsdistdir" value="build/dist/client_project_management_services-1.0.0" />
    <property name="path.separator" value=";" />
    <property name="java.vm.version" value="1.5.0_05-b05" />
    <property name="testlogdir" value="log" />
    <property name="build.ear" value="build/ear" />
    <property name="user.variant" value="" />
    <property name="ant.library.dir" value="D:\soft\ant1.7.0\lib" />
    <property name="component.name" value="Client Project Management Services" />
    <property name="javamain" value="src/java/main" />
    <property name="dist_lib" value="build/dist/lib/tcs" />
    <property name="dist_javadocs" value="build/dist/client_project_management_services-1.0.0/docs/javadocs" />
    <property name="java.awt.printerjob" value="sun.awt.windows.WPrinterJob" />
    <property name="sun.io.unicode.encoding" value="UnicodeLittle" />
    <property name="component" value="Client Project Management Services" />
    <property name="awt.toolkit" value="sun.awt.windows.WToolkit" />
    <property name="user.home" value="C:\Documents and Settings\Administrator" />
    <property name="java.specification.vendor" value="Sun Microsystems Inc." />
    <property name="jboss_dir" value="d:/jboss4.2.2" />
    <property name="java.vendor.url" value="http://java.sun.com/" />
    <property name="jboss.home" value="d:/soft/jboss4.2.2" />
    <property name="java.library.path" value="D:\soft\jdk1.5\jre\bin;.;C:\WINDOWS\system32;C:\WINDOWS;D:\TC\assembly\Events\source\submission\lib\third_party\oracle_ldap_ssl\njssl10.dll;D:\soft\jdk1.5\bin;D:\oracle\product\10.2.0\db_1\bin;D:\soft\subversion\bin;D:\soft\nant86\bin;D:\soft\ant1.7.0\bin;C:\Program Files\ThinkPad\Utilities;C:\WINDOWS\system32;C:\WINDOWS;C:\WINDOWS\System32\Wbem;C:\Program Files\Intel\Wireless\Bin\;C:\Program Files\IDM Computer Solutions\UltraEdit-32;C:\Program Files\DeskAdTop;C:\Program Files\Microsoft SQL Server\80\Tools\BINN;C:\Program Files\Microsoft SQL Server\80\Tools\Binn\;C:\Program Files\Microsoft SQL Server\90\DTS\Binn\;C:\Program Files\Microsoft SQL Server\90\Tools\binn\;C:\Program Files\Microsoft SQL Server\90\Tools\Binn\VSShell\Common7\IDE\;D:\Program Files\Microsoft Visual Studio 8\Common7\IDE\PrivateAssemblies\;C:\Program Files\QuickTime\QTSystem\;C:\PROGRA~1\Yahoo!\Widgets;C:\PROGRA~1\Yahoo!\Widgets\Microsoft.VC80.CRT\;C:\Program Files\TortoiseSVN\bin;C:\Program Files\IDM Computer Solutions\UltraCompare;C:\Program Files\StormII\Codec;C:\Program Files\StormII" />
    <property name="build_javadocsdir" value="build/docs/javadocs" />
    <property name="configdir" value="conf" />
    <property name="java.vm.vendor" value="Sun Microsystems Inc." />
    <property name="build.j2ee" value="build/j2ee" />
    <property name="java.runtime.name" value="Java(TM) 2 Runtime Environment, Standard Edition" />
    <property name="ant.version" value="Apache Ant version 1.7.0 compiled on December 13 2006" />
    <property name="java.class.path" value="D:\tcs\client_project_management_services_1.0.0\finalfix3\build\testClasses;D:\environment\lib\third_party\junit\3.8.2\junit.jar;D:\tcs\client_project_management_services_1.0.0\finalfix3\lib\lib_driver\ifxjdbc.jar;D:\tcs\client_project_management_services_1.0.0\finalfix3\lib\lib_driver\jnpserver.jar;D:\tcs\client_project_management_services_1.0.0\finalfix3\lib\lib_driver\log4j.jar;D:\tcs\client_project_management_services_1.0.0\finalfix3\lib\lib_mockup\mock_functional_entitlement.jar;D:\tcs\client_project_management_services_1.0.0\finalfix3\lib\lib_mockup\mock_mockup_jboss_login.jar;D:\tcs\client_project_management_services_1.0.0\finalfix3\lib\lib_mockup\mock_roles.jar;D:\tcs\client_project_management_services_1.0.0\finalfix3\lib\lib_mockup\mock_security_facade.jar;D:\tcs\client_project_management_services_1.0.0\finalfix3\lib\lib_mockup\mockup_client_manager.jar;D:\tcs\client_project_management_services_1.0.0\finalfix3\lib\lib_mockup\mockup_client_model.jar;D:\tcs\client_project_management_services_1.0.0\finalfix3\lib\lib_mockup\user_group_manager.jar;D:\tcs\client_project_management_services_1.0.0\finalfix3\lib\lib_tcs\auditor_201.jar;D:\tcs\client_project_management_services_1.0.0\finalfix3\lib\lib_tcs\authentication_manager-103.jar;D:\tcs\client_project_management_services_1.0.0\finalfix3\lib\lib_tcs\base_exception_20.jar;D:\tcs\client_project_management_services_1.0.0\finalfix3\lib\lib_tcs\class_associations_10.jar;D:\tcs\client_project_management_services_1.0.0\finalfix3\lib\lib_tcs\configuration_api_10.jar;D:\tcs\client_project_management_services_1.0.0\finalfix3\lib\lib_tcs\configuration_manager_215.jar;D:\tcs\client_project_management_services_1.0.0\finalfix3\lib\lib_tcs\configuration_persistence_10.jar;D:\tcs\client_project_management_services_1.0.0\finalfix3\lib\lib_tcs\data_entitlement_101.jar;D:\tcs\client_project_management_services_1.0.0\finalfix3\lib\lib_tcs\data_validation_111.jar;D:\tcs\client_project_management_services_1.0.0\finalfix3\lib\lib_tcs\db_connection_factory_11.jar;D:\tcs\client_project_management_services_1.0.0\finalfix3\lib\lib_tcs\entitlement_102.jar;D:\tcs\client_project_management_services_1.0.0\finalfix3\lib\lib_tcs\id_generator_30.jar;D:\tcs\client_project_management_services_1.0.0\finalfix3\lib\lib_tcs\jboss_login_module_20.jar;D:\tcs\client_project_management_services_1.0.0\finalfix3\lib\lib_tcs\logging_wrapper_20.jar;D:\tcs\client_project_management_services_1.0.0\finalfix3\lib\lib_tcs\object_factory_201.jar;D:\tcs\client_project_management_services_1.0.0\finalfix3\lib\lib_tcs\object_factory_configuration_api_plugin_10.jar;D:\tcs\client_project_management_services_1.0.0\finalfix3\lib\lib_tcs\object_formatter_10.jar;D:\tcs\client_project_management_services_1.0.0\finalfix3\lib\lib_tcs\search_builder_14.jar;D:\tcs\client_project_management_services_1.0.0\finalfix3\lib\lib_tcs\security_facade.jar;D:\tcs\client_project_management_services_1.0.0\finalfix3\lib\lib_tcs\typesafe_enum_11.jar;d:\soft\jboss-4.2.3.GA\server\default\lib\activation.jar;d:\soft\jboss-4.2.3.GA\server\default\lib\antlr.jar;d:\soft\jboss-4.2.3.GA\server\default\lib\autonumber-plugin.jar;d:\soft\jboss-4.2.3.GA\server\default\lib\bcel.jar;d:\soft\jboss-4.2.3.GA\server\default\lib\bindingservice-plugin.jar;d:\soft\jboss-4.2.3.GA\server\default\lib\bsf.jar;d:\soft\jboss-4.2.3.GA\server\default\lib\bsh-deployer.jar;d:\soft\jboss-4.2.3.GA\server\default\lib\bsh.jar;d:\soft\jboss-4.2.3.GA\server\default\lib\cglib.jar;d:\soft\jboss-4.2.3.GA\server\default\lib\commons-codec.jar;d:\soft\jboss-4.2.3.GA\server\default\lib\commons-collections.jar;d:\soft\jboss-4.2.3.GA\server\default\lib\commons-httpclient.jar;d:\soft\jboss-4.2.3.GA\server\default\lib\commons-logging.jar;d:\soft\jboss-4.2.3.GA\server\default\lib\dom4j.jar;d:\soft\jboss-4.2.3.GA\server\default\lib\ejb3-persistence.jar;d:\soft\jboss-4.2.3.GA\server\default\lib\el-api.jar;d:\soft\jboss-4.2.3.GA\server\default\lib\hibernate-annotations.jar;d:\soft\jboss-4.2.3.GA\server\default\lib\hibernate-entitymanager.jar;d:\soft\jboss-4.2.3.GA\server\default\lib\hibernate3.jar;d:\soft\jboss-4.2.3.GA\server\default\lib\hsqldb-plugin.jar;d:\soft\jboss-4.2.3.GA\server\default\lib\hsqldb.jar;d:\soft\jboss-4.2.3.GA\server\default\lib\ifxjdbc.jar;d:\soft\jboss-4.2.3.GA\server\default\lib\ifxjdbcx.jar;d:\soft\jboss-4.2.3.GA\server\default\lib\ifxlang.jar;d:\soft\jboss-4.2.3.GA\server\default\lib\ifxlsupp.jar;d:\soft\jboss-4.2.3.GA\server\default\lib\ifxsqlj.jar;d:\soft\jboss-4.2.3.GA\server\default\lib\ifxtools.jar;d:\soft\jboss-4.2.3.GA\server\default\lib\javassist.jar;d:\soft\jboss-4.2.3.GA\server\default\lib\jaxen.jar;d:\soft\jboss-4.2.3.GA\server\default\lib\jboss-common-jdbc-wrapper.jar;d:\soft\jboss-4.2.3.GA\server\default\lib\jboss-ejb3x.jar;d:\soft\jboss-4.2.3.GA\server\default\lib\jboss-hibernate.jar;d:\soft\jboss-4.2.3.GA\server\default\lib\jboss-iiop.jar;d:\soft\jboss-4.2.3.GA\server\default\lib\jboss-j2ee.jar;d:\soft\jboss-4.2.3.GA\server\default\lib\jboss-jaxrpc.jar;d:\soft\jboss-4.2.3.GA\server\default\lib\jboss-jaxws-ext.jar;d:\soft\jboss-4.2.3.GA\server\default\lib\jboss-jaxws.jar;d:\soft\jboss-4.2.3.GA\server\default\lib\jboss-jca.jar;d:\soft\jboss-4.2.3.GA\server\default\lib\jboss-jsr77.jar;d:\soft\jboss-4.2.3.GA\server\default\lib\jboss-jsr88.jar;d:\soft\jboss-4.2.3.GA\server\default\lib\jboss-management.jar;d:\soft\jboss-4.2.3.GA\server\default\lib\jboss-monitoring.jar;d:\soft\jboss-4.2.3.GA\server\default\lib\jboss-remoting-int.jar;d:\soft\jboss-4.2.3.GA\server\default\lib\jboss-remoting.jar;d:\soft\jboss-4.2.3.GA\server\default\lib\jboss-saaj.jar;d:\soft\jboss-4.2.3.GA\server\default\lib\jboss-serialization.jar;d:\soft\jboss-4.2.3.GA\server\default\lib\jboss-srp.jar;d:\soft\jboss-4.2.3.GA\server\default\lib\jboss-transaction.jar;d:\soft\jboss-4.2.3.GA\server\default\lib\jboss-vfs.jar;d:\soft\jboss-4.2.3.GA\server\default\lib\jboss.jar;d:\soft\jboss-4.2.3.GA\server\default\lib\jbossjta-integration.jar;d:\soft\jboss-4.2.3.GA\server\default\lib\jbossjta.jar;d:\soft\jboss-4.2.3.GA\server\default\lib\jbossmq.jar;d:\soft\jboss-4.2.3.GA\server\default\lib\jbosssx.jar;d:\soft\jboss-4.2.3.GA\server\default\lib\jbossts-common.jar;d:\soft\jboss-4.2.3.GA\server\default\lib\jbossws-common.jar;d:\soft\jboss-4.2.3.GA\server\default\lib\jbossws-framework.jar;d:\soft\jboss-4.2.3.GA\server\default\lib\jbossws-jboss42.jar;d:\soft\jboss-4.2.3.GA\server\default\lib\jbossws-spi.jar;d:\soft\jboss-4.2.3.GA\server\default\lib\jmx-adaptor-plugin.jar;d:\soft\jboss-4.2.3.GA\server\default\lib\jnpserver.jar;d:\soft\jboss-4.2.3.GA\server\default\lib\joesnmp.jar;d:\soft\jboss-4.2.3.GA\server\default\lib\jsp-api.jar;d:\soft\jboss-4.2.3.GA\server\default\lib\log4j-snmp-appender.jar;d:\soft\jboss-4.2.3.GA\server\default\lib\log4j.jar;d:\soft\jboss-4.2.3.GA\server\default\lib\mail-plugin.jar;d:\soft\jboss-4.2.3.GA\server\default\lib\mail.jar;d:\soft\jboss-4.2.3.GA\server\default\lib\mock_JBossLoginModuleDemoConfigMBean.jar;d:\soft\jboss-4.2.3.GA\server\default\lib\properties-plugin.jar;d:\soft\jboss-4.2.3.GA\server\default\lib\quartz.jar;d:\soft\jboss-4.2.3.GA\server\default\lib\scheduler-plugin-example.jar;d:\soft\jboss-4.2.3.GA\server\default\lib\scheduler-plugin.jar;d:\soft\jboss-4.2.3.GA\server\default\lib\servlet-api.jar;d:\soft\jboss-4.2.3.GA\server\default\lib\xmlentitymgr.jar;d:\soft\jboss-4.2.3.GA\lib\commons-codec.jar;d:\soft\jboss-4.2.3.GA\lib\commons-httpclient.jar;d:\soft\jboss-4.2.3.GA\lib\commons-logging.jar;d:\soft\jboss-4.2.3.GA\lib\concurrent.jar;d:\soft\jboss-4.2.3.GA\lib\getopt.jar;d:\soft\jboss-4.2.3.GA\lib\jaxb-api.jar;d:\soft\jboss-4.2.3.GA\lib\jaxb-impl.jar;d:\soft\jboss-4.2.3.GA\lib\jboss-common.jar;d:\soft\jboss-4.2.3.GA\lib\jboss-jmx.jar;d:\soft\jboss-4.2.3.GA\lib\jboss-system.jar;d:\soft\jboss-4.2.3.GA\lib\jboss-xml-binding.jar;d:\soft\jboss-4.2.3.GA\lib\log4j-boot.jar;d:\soft\jboss-4.2.3.GA\lib\endorsed\serializer.jar;d:\soft\jboss-4.2.3.GA\lib\endorsed\xalan.jar;d:\soft\jboss-4.2.3.GA\lib\endorsed\xercesImpl.jar;d:\soft\jboss-4.2.3.GA\client\FastInfoset.jar;d:\soft\jboss-4.2.3.GA\client\activation.jar;d:\soft\jboss-4.2.3.GA\client\antlr.jar;d:\soft\jboss-4.2.3.GA\client\avalon-framework.jar;d:\soft\jboss-4.2.3.GA\client\commons-codec.jar;d:\soft\jboss-4.2.3.GA\client\commons-httpclient.jar;d:\soft\jboss-4.2.3.GA\client\commons-logging.jar;d:\soft\jboss-4.2.3.GA\client\concurrent.jar;d:\soft\jboss-4.2.3.GA\client\ejb3-persistence.jar;d:\soft\jboss-4.2.3.GA\client\getopt.jar;d:\soft\jboss-4.2.3.GA\client\hibernate-annotations.jar;d:\soft\jboss-4.2.3.GA\client\hibernate-client.jar;d:\soft\jboss-4.2.3.GA\client\jacorb.jar;d:\soft\jboss-4.2.3.GA\client\javassist.jar;d:\soft\jboss-4.2.3.GA\client\jaxb-api.jar;d:\soft\jboss-4.2.3.GA\client\jaxb-impl.jar;d:\soft\jboss-4.2.3.GA\client\jaxb-xjc.jar;d:\soft\jboss-4.2.3.GA\client\jaxws-rt.jar;d:\soft\jboss-4.2.3.GA\client\jaxws-tools.jar;d:\soft\jboss-4.2.3.GA\client\jboss-annotations-ejb3.jar;d:\soft\jboss-4.2.3.GA\client\jboss-aop-jdk50-client.jar;d:\soft\jboss-4.2.3.GA\client\jboss-aspect-jdk50-client.jar;d:\soft\jboss-4.2.3.GA\client\jboss-client.jar;d:\soft\jboss-4.2.3.GA\client\jboss-common-client.jar;d:\soft\jboss-4.2.3.GA\client\jboss-deployment.jar;d:\soft\jboss-4.2.3.GA\client\jboss-ejb3-client.jar;d:\soft\jboss-4.2.3.GA\client\jboss-ejb3x.jar;d:\soft\jboss-4.2.3.GA\client\jboss-iiop-client.jar;d:\soft\jboss-4.2.3.GA\client\jboss-j2ee.jar;d:\soft\jboss-4.2.3.GA\client\jboss-jaxrpc.jar;d:\soft\jboss-4.2.3.GA\client\jboss-jaxws-ext.jar;d:\soft\jboss-4.2.3.GA\client\jboss-jaxws.jar;d:\soft\jboss-4.2.3.GA\client\jboss-jsr77-client.jar;d:\soft\jboss-4.2.3.GA\client\jboss-remoting.jar;d:\soft\jboss-4.2.3.GA\client\jboss-saaj.jar;d:\soft\jboss-4.2.3.GA\client\jboss-serialization.jar;d:\soft\jboss-4.2.3.GA\client\jboss-srp-client.jar;d:\soft\jboss-4.2.3.GA\client\jboss-system-client.jar;d:\soft\jboss-4.2.3.GA\client\jboss-transaction-client.jar;d:\soft\jboss-4.2.3.GA\client\jboss-xml-binding.jar;d:\soft\jboss-4.2.3.GA\client\jbossall-client.jar;d:\soft\jboss-4.2.3.GA\client\jbosscx-client.jar;d:\soft\jboss-4.2.3.GA\client\jbossha-client.jar;d:\soft\jboss-4.2.3.GA\client\jbossjmx-ant.jar;d:\soft\jboss-4.2.3.GA\client\jbossmq-client.jar;d:\soft\jboss-4.2.3.GA\client\jbosssx-client.jar;d:\soft\jboss-4.2.3.GA\client\jbossws-client.jar;d:\soft\jboss-4.2.3.GA\client\jbossws-common.jar;d:\soft\jboss-4.2.3.GA\client\jbossws-framework.jar;d:\soft\jboss-4.2.3.GA\client\jbossws-jboss42.jar;d:\soft\jboss-4.2.3.GA\client\jbossws-spi.jar;d:\soft\jboss-4.2.3.GA\client\jettison.jar;d:\soft\jboss-4.2.3.GA\client\jmx-client.jar;d:\soft\jboss-4.2.3.GA\client\jmx-invoker-adaptor-client.jar;d:\soft\jboss-4.2.3.GA\client\jnp-client.jar;d:\soft\jboss-4.2.3.GA\client\log4j.jar;d:\soft\jboss-4.2.3.GA\client\logkit.jar;d:\soft\jboss-4.2.3.GA\client\mail.jar;d:\soft\jboss-4.2.3.GA\client\policy.jar;d:\soft\jboss-4.2.3.GA\client\scout.jar;d:\soft\jboss-4.2.3.GA\client\servlet-api.jar;d:\soft\jboss-4.2.3.GA\client\stax-api.jar;d:\soft\jboss-4.2.3.GA\client\stax-ex.jar;d:\soft\jboss-4.2.3.GA\client\streambuffer.jar;d:\soft\jboss-4.2.3.GA\client\trove.jar;d:\soft\jboss-4.2.3.GA\client\wsdl4j.jar;d:\soft\jboss-4.2.3.GA\client\wstx.jar;d:\soft\jboss-4.2.3.GA\client\xmlsec.jar;D:\tcs\client_project_management_services_1.0.0\finalfix3\build\classes;D:\tcs\client_project_management_services_1.0.0\finalfix3\conf;D:\tcs\client_project_management_services_1.0.0\finalfix3\test_files;D:\tcs\client_project_management_services_1.0.0\finalfix3;D:\soft\jdk1.5\lib\dt.jar;D:\soft\jdk1.5\lib\tools.jar;D:\soft\jdk1.5\jre\lib\rt.jar;D:\soft\ant1.7.0\lib\junit.jar;D:\soft\ant1.7.0\lib\ant-launcher.jar;D:\soft\ant1.7.0\lib\ant.jar;D:\soft\ant1.7.0\lib\ant-junit.jar" />
    <property name="ant.file.Override Macrodef Standard Behaviour Import" value="D:\tcs\client_project_management_services_1.0.0\finalfix3\build-override.xml" />
    <property name="java.vm.specification.name" value="Java Virtual Machine Specification" />
    <property name="ext_libdir" value="D:/environment/lib/third_party" />
    <property name="builddir" value="build" />
    <property name="java.vm.specification.version" value="1.0" />
    <property name="junit.jar" value="D:/environment/lib/third_party/junit/3.8.2/junit.jar" />
    <property name="component.dist.jar" value="build/dist/client_project_management_services-1.0.0.jar" />
    <property name="sun.os.patch.level" value="Service Pack 2" />
    <property name="sun.cpu.endian" value="little" />
    <property name="java.io.tmpdir" value="C:\DOCUME~1\ADMINI~1\LOCALS~1\Temp\" />
    <property name="component.target" value="1.x" />
    <property name="java.vendor.url.bug" value="http://java.sun.com/cgi-bin/bugreport.cgi" />
    <property name="lib_tcs" value="lib/lib_tcs" />
    <property name="build_targetclassdir" value="build/targetclasses" />
    <property name="javac.encoding" value="UTF-8" />
    <property name="build_classdir" value="build/classes" />
    <property name="javatests" value="src/java/tests" />
    <property name="javadocsdir" value="docs/javadocs" />
    <property name="jboss.server.config" value="default" />
    <property name="instrumented.dir" value="build/instrumented" />
    <property name="os.arch" value="x86" />
    <property name="lib_mockup" value="lib/lib_mockup" />
    <property name="java.awt.graphicsenv" value="sun.awt.Win32GraphicsEnvironment" />
    <property name="test_reflib" value="test_reflib" />
    <property name="java.ext.dirs" value="D:\soft\jdk1.5\jre\lib\ext" />
    <property name="user.dir" value="D:\tcs\client_project_management_services_1.0.0\finalfix3" />
    <property name="design_dist.jar" value="client_project_management_services_1.0.0_design_dist.jar" />
    <property name="libdir" value="../tcs/lib" />
    <property name="javasrc" value="src/java" />
    <property name="line.separator" value="
" />
    <property name="java.vm.name" value="Java HotSpot(TM) Client VM" />
    <property name="distfilename" value="client_project_management_services" />
    <property name="basedir" value="D:\tcs\client_project_management_services_1.0.0\finalfix3" />
    <property name="ant.java.version" value="1.5" />
    <property name="jboss.deployment" value="d:/soft/jboss-4.2.3.GA/server/default/deploy" />
    <property name="ant.core.lib" value="D:\soft\ant1.7.0\lib\ant.jar" />
    <property name="file.encoding" value="GBK" />
    <property name="ant.file.client_project_management_services" value="D:\tcs\client_project_management_services_1.0.0\finalfix3\build.xml" />
    <property name="dist_docs" value="build/dist/client_project_management_services-1.0.0/docs" />
    <property name="component.jar" value="build/dist/lib/tcs/client_project_management_services/1.0.0/client_project_management_services.jar" />
    <property name="java.specification.version" value="1.5" />
    <property name="target_libdir" value="D:/environment/lib/tcs" />
    <property name="component.package" value="com.topcoder.clients.webservices" />
    <property name="ant.file.Dependency Import" value="D:\tcs\client_project_management_services_1.0.0\finalfix3\build-dependencies.xml" />
  </properties>
  <testcase classname="com.topcoder.clients.webservices.Demo" name="testDemoCompanyService_WithRemoteBean" time="3.797" />
  <testcase classname="com.topcoder.clients.webservices.Demo" name="testDemoCompanyService_WithWebservices" time="2.406" />
  <testcase classname="com.topcoder.clients.webservices.Demo" name="testDemoClientService_WithRemoteBean" time="0.422" />
  <testcase classname="com.topcoder.clients.webservices.Demo" name="testDemoClientService_WithWebservice" time="0.875" />
  <testcase classname="com.topcoder.clients.webservices.Demo" name="testDemoProjectService_WithRemoteBean" time="0.469" />
  <testcase classname="com.topcoder.clients.webservices.Demo" name="testDemoProjectService_WithWebservice" time="1.14" />
  <testcase classname="com.topcoder.clients.webservices.ClientProjectManagementServicesExceptionTest" name="testClientProjectManagementServicesExceptionString" time="0.016" />
  <testcase classname="com.topcoder.clients.webservices.ClientProjectManagementServicesExceptionTest" name="testClientProjectManagementServicesExceptionStringThrowable" time="0.0" />
  <testcase classname="com.topcoder.clients.webservices.ClientServiceExceptionTest" name="testClientServiceExceptionString" time="0.0" />
  <testcase classname="com.topcoder.clients.webservices.ClientServiceExceptionTest" name="testClientServiceExceptionStringThrowable" time="0.0" />
  <testcase classname="com.topcoder.clients.webservices.CompanyServiceExceptionTest" name="testCompanyServiceExceptionString" time="0.0" />
  <testcase classname="com.topcoder.clients.webservices.CompanyServiceExceptionTest" name="testCompanyServiceExceptionStringThrowable" time="0.0" />
  <testcase classname="com.topcoder.clients.webservices.ProjectServiceExceptionTest" name="testProjectServiceExceptionString" time="0.0" />
  <testcase classname="com.topcoder.clients.webservices.ProjectServiceExceptionTest" name="testProjectServiceExceptionStringThrowable" time="0.0" />
  <testcase classname="com.topcoder.clients.webservices.beans.ClientServiceBeanTest" name="testClientServiceBean" time="0.781" />
  <testcase classname="com.topcoder.clients.webservices.beans.ClientServiceBeanTest" name="testInitialize" time="0.172" />
  <testcase classname="com.topcoder.clients.webservices.beans.ClientServiceBeanTest" name="testInitialize_WithInvalidConfiguration" time="0.172" />
  <testcase classname="com.topcoder.clients.webservices.beans.ClientServiceBeanTest" name="testCreateClient" time="0.578" />
  <testcase classname="com.topcoder.clients.webservices.beans.ClientServiceBeanTest" name="testCreateClient_WithNullClient" time="0.188" />
  <testcase classname="com.topcoder.clients.webservices.beans.ClientServiceBeanTest" name="testCreateClient_WithNullManager" time="0.172" />
  <testcase classname="com.topcoder.clients.webservices.beans.ClientServiceBeanTest" name="testCreateClient_WithFailService" time="0.188" />
  <testcase classname="com.topcoder.clients.webservices.beans.ClientServiceBeanTest" name="testCreateClient_WithFailAuthentication" time="0.172" />
  <testcase classname="com.topcoder.clients.webservices.beans.ClientServiceBeanTest" name="testUpdateClient" time="0.578" />
  <testcase classname="com.topcoder.clients.webservices.beans.ClientServiceBeanTest" name="testUpdateClient_WithNullClient" time="0.219" />
  <testcase classname="com.topcoder.clients.webservices.beans.ClientServiceBeanTest" name="testUpdateClient_WithNullManager" time="0.234" />
  <testcase classname="com.topcoder.clients.webservices.beans.ClientServiceBeanTest" name="testUpdateClient_WithFailService" time="0.25" />
  <testcase classname="com.topcoder.clients.webservices.beans.ClientServiceBeanTest" name="testUpdateClient_WithFailAuthentication" time="0.25" />
  <testcase classname="com.topcoder.clients.webservices.beans.ClientServiceBeanTest" name="testDeleteClient" time="0.25" />
  <testcase classname="com.topcoder.clients.webservices.beans.ClientServiceBeanTest" name="testDeleteClient_WithNullClient" time="0.25" />
  <testcase classname="com.topcoder.clients.webservices.beans.ClientServiceBeanTest" name="testDeleteClient_WithNullManager" time="0.25" />
  <testcase classname="com.topcoder.clients.webservices.beans.ClientServiceBeanTest" name="testDeleteClient_WithFailService" time="0.266" />
  <testcase classname="com.topcoder.clients.webservices.beans.ClientServiceBeanTest" name="testDeleteClient_WithFailAuthorization" time="0.453" />
  <testcase classname="com.topcoder.clients.webservices.beans.ClientServiceBeanTest" name="testSetClientCodeName" time="0.313" />
  <testcase classname="com.topcoder.clients.webservices.beans.ClientServiceBeanTest" name="testSetClientCodeName_withNullClient" time="0.218" />
  <testcase classname="com.topcoder.clients.webservices.beans.ClientServiceBeanTest" name="testSetClientCodeName_withNullCodeName" time="0.25" />
  <testcase classname="com.topcoder.clients.webservices.beans.ClientServiceBeanTest" name="testSetClientCodeName_withEmptyCodeName" time="0.266" />
  <testcase classname="com.topcoder.clients.webservices.beans.ClientServiceBeanTest" name="testSetClientCodeName_withNullManager" time="0.234" />
  <testcase classname="com.topcoder.clients.webservices.beans.ClientServiceBeanTest" name="testSetClientCodeName_withNFailService" time="0.25" />
  <testcase classname="com.topcoder.clients.webservices.beans.ClientServiceBeanTest" name="testSetClientCodeName_withFailAuthorization" time="0.235" />
  <testcase classname="com.topcoder.clients.webservices.beans.ClientServiceBeanTest" name="testSetClientStatus" time="0.25" />
  <testcase classname="com.topcoder.clients.webservices.beans.ClientServiceBeanTest" name="testSetClientStatus_WithNullClient" time="0.234" />
  <testcase classname="com.topcoder.clients.webservices.beans.ClientServiceBeanTest" name="testSetClientStatus_WithNullStatus" time="0.437" />
  <testcase classname="com.topcoder.clients.webservices.beans.ClientServiceBeanTest" name="testSetClientStatus_WithNullManager" time="0.234" />
  <testcase classname="com.topcoder.clients.webservices.beans.ClientServiceBeanTest" name="testSetClientStatus_WithFailService" time="0.25" />
  <testcase classname="com.topcoder.clients.webservices.beans.ClientServiceBeanTest" name="testSetClientStatus_WithFailAuthorization" time="0.219" />
  <testcase classname="com.topcoder.clients.webservices.beans.ClientServiceBeanTest" name="testSetVerboseLogging" time="0.156" />
  <testcase classname="com.topcoder.clients.webservices.beans.ClientServiceBeanTest" name="testSetLog" time="0.157" />
  <testcase classname="com.topcoder.clients.webservices.beans.CompanyServiceBeanTest" name="testInitialize" time="0.421" />
  <testcase classname="com.topcoder.clients.webservices.beans.CompanyServiceBeanTest" name="testInitialize_WithInvalidConfiguration" time="0.172" />
  <testcase classname="com.topcoder.clients.webservices.beans.CompanyServiceBeanTest" name="testSetVerboseLogging" time="0.141" />
  <testcase classname="com.topcoder.clients.webservices.beans.CompanyServiceBeanTest" name="testSetLog" time="0.141" />
  <testcase classname="com.topcoder.clients.webservices.beans.CompanyServiceBeanTest" name="testCompanyServiceBean" time="0.156" />
  <testcase classname="com.topcoder.clients.webservices.beans.CompanyServiceBeanTest" name="testCreateCompany" time="0.438" />
  <testcase classname="com.topcoder.clients.webservices.beans.CompanyServiceBeanTest" name="testCreateCompany_WithNullCompany" time="0.156" />
  <testcase classname="com.topcoder.clients.webservices.beans.CompanyServiceBeanTest" name="testCreateCompany_WithNullManager" time="0.172" />
  <testcase classname="com.topcoder.clients.webservices.beans.CompanyServiceBeanTest" name="testCreateCompany_WithFailService" time="0.156" />
  <testcase classname="com.topcoder.clients.webservices.beans.CompanyServiceBeanTest" name="testUpdateCompany" time="0.14" />
  <testcase classname="com.topcoder.clients.webservices.beans.CompanyServiceBeanTest" name="testUpdateCompany_WithNullCompany" time="0.141" />
  <testcase classname="com.topcoder.clients.webservices.beans.CompanyServiceBeanTest" name="testUpdateCompany_WithNullManager" time="0.157" />
  <testcase classname="com.topcoder.clients.webservices.beans.CompanyServiceBeanTest" name="testUpdateCompany_WithFailService" time="0.171" />
  <testcase classname="com.topcoder.clients.webservices.beans.CompanyServiceBeanTest" name="testDeleteCompany" time="0.157" />
  <testcase classname="com.topcoder.clients.webservices.beans.CompanyServiceBeanTest" name="testDeleteCompany_WithNullCompany" time="0.172" />
  <testcase classname="com.topcoder.clients.webservices.beans.CompanyServiceBeanTest" name="testDeleteCompany_WithNullManager" time="0.141" />
  <testcase classname="com.topcoder.clients.webservices.beans.CompanyServiceBeanTest" name="testDeleteCompany_WithFailService" time="0.141" />
  <testcase classname="com.topcoder.clients.webservices.beans.ProjectServiceBeanTest" name="testInitialize" time="0.5" />
  <testcase classname="com.topcoder.clients.webservices.beans.ProjectServiceBeanTest" name="testInitialize_WithInvalidConfiguration" time="0.156" />
  <testcase classname="com.topcoder.clients.webservices.beans.ProjectServiceBeanTest" name="testSetVerboseLogging" time="0.172" />
  <testcase classname="com.topcoder.clients.webservices.beans.ProjectServiceBeanTest" name="testSetLog" time="0.172" />
  <testcase classname="com.topcoder.clients.webservices.beans.ProjectServiceBeanTest" name="testProjectServiceBean" time="0.172" />
  <testcase classname="com.topcoder.clients.webservices.beans.ProjectServiceBeanTest" name="testCreateProject" time="0.531" />
  <testcase classname="com.topcoder.clients.webservices.beans.ProjectServiceBeanTest" name="testCreateProject_WithNullProject" time="0.172" />
  <testcase classname="com.topcoder.clients.webservices.beans.ProjectServiceBeanTest" name="testCreateProject_WithNullClient" time="0.172" />
  <testcase classname="com.topcoder.clients.webservices.beans.ProjectServiceBeanTest" name="testCreateProject_WithNullManager" time="0.172" />
  <testcase classname="com.topcoder.clients.webservices.beans.ProjectServiceBeanTest" name="testCreateProject_WithFailAuthorization" time="0.156" />
  <testcase classname="com.topcoder.clients.webservices.beans.ProjectServiceBeanTest" name="testCreateProject_WithFailService" time="0.172" />
  <testcase classname="com.topcoder.clients.webservices.beans.ProjectServiceBeanTest" name="testUpdateProject" time="0.359" />
  <testcase classname="com.topcoder.clients.webservices.beans.ProjectServiceBeanTest" name="testUpdateProject_WithNullProject" time="0.297" />
  <testcase classname="com.topcoder.clients.webservices.beans.ProjectServiceBeanTest" name="testUpdateProject_WithNullManager" time="0.297" />
  <testcase classname="com.topcoder.clients.webservices.beans.ProjectServiceBeanTest" name="testUpdateProject_WithFailAuthorization" time="0.281" />
  <testcase classname="com.topcoder.clients.webservices.beans.ProjectServiceBeanTest" name="testUpdateProject_WithFailService" time="0.266" />
  <testcase classname="com.topcoder.clients.webservices.beans.ProjectServiceBeanTest" name="testDeleteProject" time="0.281" />
  <testcase classname="com.topcoder.clients.webservices.beans.ProjectServiceBeanTest" name="testDeleteProject_WithNullProject" time="0.281" />
  <testcase classname="com.topcoder.clients.webservices.beans.ProjectServiceBeanTest" name="testDeleteProject_WithNullManager" time="0.297" />
  <testcase classname="com.topcoder.clients.webservices.beans.ProjectServiceBeanTest" name="testDeleteProject_WithFailAuthorization" time="0.484" />
  <testcase classname="com.topcoder.clients.webservices.beans.ProjectServiceBeanTest" name="testDeleteProject_WithFailService" time="0.297" />
  <testcase classname="com.topcoder.clients.webservices.beans.ProjectServiceBeanTest" name="testSetProjectStatus" time="0.313" />
  <testcase classname="com.topcoder.clients.webservices.beans.ProjectServiceBeanTest" name="testSetProjectStatus_WithNullProject" time="0.328" />
  <testcase classname="com.topcoder.clients.webservices.beans.ProjectServiceBeanTest" name="testSetProjectStatus_WithNullStatus" time="0.266" />
  <testcase classname="com.topcoder.clients.webservices.beans.ProjectServiceBeanTest" name="testSetProjectStatus_WithNullManager" time="0.281" />
  <testcase classname="com.topcoder.clients.webservices.beans.ProjectServiceBeanTest" name="testSetProjectStatus_WithFailAuthorization" time="0.297" />
  <testcase classname="com.topcoder.clients.webservices.beans.ProjectServiceBeanTest" name="testSetProjectStatus_WithFailServices" time="0.312" />
  <testcase classname="com.topcoder.clients.webservices.beans.AuthorizationFailedExceptionTest" name="testAuthorizationFailedExceptionString" time="0.0" />
  <testcase classname="com.topcoder.clients.webservices.beans.AuthorizationFailedExceptionTest" name="testAuthorizationFailedExceptionStringThrowable" time="0.0" />
  <testcase classname="com.topcoder.clients.webservices.beans.ClientServiceBeanConfigurationExceptionTest" name="testClientServiceBeanConfigurationExceptionString" time="0.0" />
  <testcase classname="com.topcoder.clients.webservices.beans.ClientServiceBeanConfigurationExceptionTest" name="testClientServiceBeanConfigurationExceptionStringThrowable" time="0.0" />
  <testcase classname="com.topcoder.clients.webservices.beans.CompanyServiceBeanConfigurationExceptionTest" name="testCompanyServiceBeanConfigurationExceptionString" time="0.0" />
  <testcase classname="com.topcoder.clients.webservices.beans.CompanyServiceBeanConfigurationExceptionTest" name="testCompanyServiceBeanConfigurationExceptionStringThrowable" time="0.0" />
  <testcase classname="com.topcoder.clients.webservices.beans.ProjectServiceBeanConfigurationExceptionTest" name="testProjectServiceBeanConfigurationExceptionString" time="0.0" />
  <testcase classname="com.topcoder.clients.webservices.beans.ProjectServiceBeanConfigurationExceptionTest" name="testProjectServiceBeanConfigurationExceptionStringThrowable" time="0.0" />
  <testcase classname="com.topcoder.clients.webservices.beans.ServiceBeanConfigurationExceptionTest" name="testServiceBeanConfigurationExceptionString" time="0.0" />
  <testcase classname="com.topcoder.clients.webservices.beans.ServiceBeanConfigurationExceptionTest" name="testServiceBeanConfigurationExceptionStringThrowable" time="0.0" />
  <testcase classname="com.topcoder.clients.webservices.usermapping.EntityNotFoundExceptionTest" name="testEntityNotFoundExceptionString" time="0.047" />
  <testcase classname="com.topcoder.clients.webservices.usermapping.EntityNotFoundExceptionTest" name="testEntityNotFoundExceptionStringThrowable" time="0.0" />
  <testcase classname="com.topcoder.clients.webservices.usermapping.UserMappingRetrievalExceptionTest" name="testUserMappingRetrievalExceptionString" time="0.0" />
  <testcase classname="com.topcoder.clients.webservices.usermapping.UserMappingRetrievalExceptionTest" name="testUserMappingRetrievalExceptionStringThrowable" time="0.0" />
  <testcase classname="com.topcoder.clients.webservices.usermapping.UserNotFoundExceptionTest" name="testUserNotFoundExceptionString" time="0.0" />
  <testcase classname="com.topcoder.clients.webservices.usermapping.UserNotFoundExceptionTest" name="testUserNotFoundExceptionStringThrowable" time="0.0" />
  <testcase classname="com.topcoder.clients.webservices.usermapping.impl.UserClientMappingTest" name="testUserClientMapping" time="0.0" />
  <testcase classname="com.topcoder.clients.webservices.usermapping.impl.UserClientMappingTest" name="testSetClientId" time="0.0" />
  <testcase classname="com.topcoder.clients.webservices.usermapping.impl.UserClientMappingTest" name="testSetUserId" time="0.0" />
  <testcase classname="com.topcoder.clients.webservices.usermapping.impl.UserProjectMappingTest" name="testSetUserId" time="0.0" />
  <testcase classname="com.topcoder.clients.webservices.usermapping.impl.UserProjectMappingTest" name="testUserProjectMapping" time="0.0" />
  <testcase classname="com.topcoder.clients.webservices.usermapping.impl.UserProjectMappingTest" name="testSetProjectId" time="0.0" />
  <testcase classname="com.topcoder.clients.webservices.usermapping.impl.JPAUserMappingRetrieverTest" name="testJPAUserMappingRetriever" time="0.14" />
  <testcase classname="com.topcoder.clients.webservices.usermapping.impl.JPAUserMappingRetrieverTest" name="testJPAUserMappingRetrieverEntityManager" time="0.109" />
  <testcase classname="com.topcoder.clients.webservices.usermapping.impl.JPAUserMappingRetrieverTest" name="testSetEntityManager" time="0.125" />
  <testcase classname="com.topcoder.clients.webservices.usermapping.impl.JPAUserMappingRetrieverTest" name="testGetValidUsersForClient" time="0.219" />
  <testcase classname="com.topcoder.clients.webservices.usermapping.impl.JPAUserMappingRetrieverTest" name="testGetValidUsersForClient_WithNullClient" time="0.141" />
  <testcase classname="com.topcoder.clients.webservices.usermapping.impl.JPAUserMappingRetrieverTest" name="testGetValidUsersForClient_WithNullEM" time="0.125" />
  <testcase classname="com.topcoder.clients.webservices.usermapping.impl.JPAUserMappingRetrieverTest" name="testGetValidUsersForClient_WithClosedEM" time="0.281" />
  <testcase classname="com.topcoder.clients.webservices.usermapping.impl.JPAUserMappingRetrieverTest" name="testGetValidUsersForProject" time="0.313" />
  <testcase classname="com.topcoder.clients.webservices.usermapping.impl.JPAUserMappingRetrieverTest" name="testGetValidUsersForProject_WithNullProject" time="0.14" />
  <testcase classname="com.topcoder.clients.webservices.usermapping.impl.JPAUserMappingRetrieverTest" name="testGetValidUsersForProject_WithNullEM" time="0.157" />
  <testcase classname="com.topcoder.clients.webservices.usermapping.impl.JPAUserMappingRetrieverTest" name="testGetValidUsersForProject_WithClosedEM" time="0.39" />
  <testcase classname="com.topcoder.clients.webservices.usermapping.impl.JPAUserMappingRetrieverTest" name="testGetClientsForUserId" time="0.312" />
  <testcase classname="com.topcoder.clients.webservices.usermapping.impl.JPAUserMappingRetrieverTest" name="testGetClientsForUserId_WithNolUserId" time="0.141" />
  <testcase classname="com.topcoder.clients.webservices.usermapping.impl.JPAUserMappingRetrieverTest" name="testGetClientsForUserId_WithNullEM" time="0.141" />
  <testcase classname="com.topcoder.clients.webservices.usermapping.impl.JPAUserMappingRetrieverTest" name="testGetClientsForUserId_WithClosedEM" time="0.265" />
  <testcase classname="com.topcoder.clients.webservices.usermapping.impl.JPAUserMappingRetrieverTest" name="testGetProjectsForUserId" time="0.406" />
  <testcase classname="com.topcoder.clients.webservices.usermapping.impl.JPAUserMappingRetrieverTest" name="testGetProjectsForUserId_WithNegativeUserId" time="0.125" />
  <testcase classname="com.topcoder.clients.webservices.usermapping.impl.JPAUserMappingRetrieverTest" name="testGetProjectsForUserId_WithNullEM" time="0.141" />
  <testcase classname="com.topcoder.clients.webservices.usermapping.impl.JPAUserMappingRetrieverTest" name="testGetProjectsForUserId_WithClosedEM" time="0.25" />
  <testcase classname="com.topcoder.clients.webservices.usermapping.impl.JPAUserMappingRetrieverTest" name="testGetProjectsForUserId_WithFailInOperation" time="0.25" />
  <testcase classname="com.topcoder.clients.webservices.webserviceclients.ClientUtilsTest" name="testCreateURL" time="0.0" />
  <testcase classname="com.topcoder.clients.webservices.webserviceclients.ClientUtilsTest" name="testCreateURL_WithNotDefinedClazz" time="0.0" />
  <testcase classname="com.topcoder.clients.webservices.webserviceclients.ClientUtilsTest" name="testCreateURL_WithNullURLLocation" time="0.0" />
  <testcase classname="com.topcoder.clients.webservices.webserviceclients.ClientUtilsTest" name="testCreateURL_WithEmptyURLLocation" time="0.0" />
  <testcase classname="com.topcoder.clients.webservices.webserviceclients.ClientUtilsTest" name="testCheckNull" time="0.0" />
  <testcase classname="com.topcoder.clients.webservices.webserviceclients.ClientUtilsTest" name="testCheckNull_WithNullObject" time="0.0" />
  <testcase classname="com.topcoder.clients.webservices.webserviceclients.ClientServiceClientTest" name="testClientServiceClientString" time="0.079" />
  <testcase classname="com.topcoder.clients.webservices.webserviceclients.ClientServiceClientTest" name="testClientServiceClientString_WithNullParam" time="0.219" />
  <testcase classname="com.topcoder.clients.webservices.webserviceclients.ClientServiceClientTest" name="testClientServiceClientString_WithEmptyParam" time="0.078" />
  <testcase classname="com.topcoder.clients.webservices.webserviceclients.ClientServiceClientTest" name="testClientServiceClientString_WithInvalidFormatParam" time="0.078" />
  <testcase classname="com.topcoder.clients.webservices.webserviceclients.ClientServiceClientTest" name="testClientServiceClientURL" time="0.188" />
  <testcase classname="com.topcoder.clients.webservices.webserviceclients.ClientServiceClientTest" name="testClientServiceClientURL_WithNullParam" time="0.219" />
  <testcase classname="com.topcoder.clients.webservices.webserviceclients.ClientServiceClientTest" name="testClientServiceClientURLQName" time="0.141" />
  <testcase classname="com.topcoder.clients.webservices.webserviceclients.ClientServiceClientTest" name="testClientServiceClientURLQName_WithNullURL" time="0.062" />
  <testcase classname="com.topcoder.clients.webservices.webserviceclients.ClientServiceClientTest" name="testClientServiceClientURLQName_WithNullQName" time="0.079" />
  <testcase classname="com.topcoder.clients.webservices.webserviceclients.ClientServiceClientTest" name="testGetClientServicePort" time="0.282" />
  <testcase classname="com.topcoder.clients.webservices.webserviceclients.CompanyServiceClientTest" name="testCompanyServiceClientString" time="0.062" />
  <testcase classname="com.topcoder.clients.webservices.webserviceclients.CompanyServiceClientTest" name="testCompanyServiceClientString_WithNullParam" time="0.063" />
  <testcase classname="com.topcoder.clients.webservices.webserviceclients.CompanyServiceClientTest" name="testCompanyServiceClientString_WithEmptyParam" time="0.047" />
  <testcase classname="com.topcoder.clients.webservices.webserviceclients.CompanyServiceClientTest" name="testCompanyServiceClientString_WithMallFormedParam" time="0.063" />
  <testcase classname="com.topcoder.clients.webservices.webserviceclients.CompanyServiceClientTest" name="testCompanyServiceClientURL" time="0.109" />
  <testcase classname="com.topcoder.clients.webservices.webserviceclients.CompanyServiceClientTest" name="testCompanyServiceClientURL_WithNullURL" time="0.203" />
  <testcase classname="com.topcoder.clients.webservices.webserviceclients.CompanyServiceClientTest" name="testCompanyServiceClientURLQName" time="0.109" />
  <testcase classname="com.topcoder.clients.webservices.webserviceclients.CompanyServiceClientTest" name="testCompanyServiceClientURLQName_WithNullURL" time="0.062" />
  <testcase classname="com.topcoder.clients.webservices.webserviceclients.CompanyServiceClientTest" name="testCompanyServiceClientURLQName_WithNullQName" time="0.047" />
  <testcase classname="com.topcoder.clients.webservices.webserviceclients.CompanyServiceClientTest" name="testGetCompanyServicePort" time="0.125" />
  <testcase classname="com.topcoder.clients.webservices.webserviceclients.ProjectServiceClientTest" name="testProjectServiceClientString" time="0.187" />
  <testcase classname="com.topcoder.clients.webservices.webserviceclients.ProjectServiceClientTest" name="testProjectServiceClientString_WithNullWsdlLoc" time="0.062" />
  <testcase classname="com.topcoder.clients.webservices.webserviceclients.ProjectServiceClientTest" name="testProjectServiceClientString_WithEmptyWsdlLoc" time="0.063" />
  <testcase classname="com.topcoder.clients.webservices.webserviceclients.ProjectServiceClientTest" name="testProjectServiceClientString_WithMallFormedWsdlLoc" time="0.063" />
  <testcase classname="com.topcoder.clients.webservices.webserviceclients.ProjectServiceClientTest" name="testProjectServiceClientURL" time="0.141" />
  <testcase classname="com.topcoder.clients.webservices.webserviceclients.ProjectServiceClientTest" name="testProjectServiceClientURL_WithNullUrl" time="0.187" />
  <testcase classname="com.topcoder.clients.webservices.webserviceclients.ProjectServiceClientTest" name="testProjectServiceClientURLQName" time="0.125" />
  <testcase classname="com.topcoder.clients.webservices.webserviceclients.ProjectServiceClientTest" name="testProjectServiceClientURLQName_WithNullURL" time="0.062" />
  <testcase classname="com.topcoder.clients.webservices.webserviceclients.ProjectServiceClientTest" name="testProjectServiceClientURLQName_WithNullQName" time="0.078" />
  <testcase classname="com.topcoder.clients.webservices.webserviceclients.ProjectServiceClientTest" name="testGetProjectServicePort" time="0.297" />
  <testcase classname="com.topcoder.clients.webservices.webserviceclients.ClientServiceClientCreationExceptionTest" name="testClientServiceClientCreationExceptionString" time="0.0" />
  <testcase classname="com.topcoder.clients.webservices.webserviceclients.ClientServiceClientCreationExceptionTest" name="testClientServiceClientCreationExceptionStringThrowable" time="0.0" />
  <testcase classname="com.topcoder.clients.webservices.webserviceclients.CompanyServiceClientCreationExceptionTest" name="testCompanyServiceClientCreationExceptionString" time="0.0" />
  <testcase classname="com.topcoder.clients.webservices.webserviceclients.CompanyServiceClientCreationExceptionTest" name="testCompanyServiceClientCreationExceptionStringThrowable" time="0.0" />
  <testcase classname="com.topcoder.clients.webservices.webserviceclients.ProjectServiceClientCreationExceptionTest" name="testProjectServiceClientCreationExceptionString" time="0.0" />
  <testcase classname="com.topcoder.clients.webservices.webserviceclients.ProjectServiceClientCreationExceptionTest" name="testProjectServiceClientCreationExceptionStringThrowable" time="0.0" />
  <testcase classname="com.topcoder.clients.webservices.webserviceclients.ServiceClientCreationExceptionTest" name="testServiceClientCreationExceptionString" time="0.0" />
  <testcase classname="com.topcoder.clients.webservices.webserviceclients.ServiceClientCreationExceptionTest" name="testServiceClientCreationExceptionStringThrowable" time="0.0" />
  <testcase classname="com.topcoder.clients.webservices.accuracytests.AccuracyTestClientProjectManagementServicesException" name="testClientProjectManagementServicesExceptionAccuracy1" time="0.0" />
  <testcase classname="com.topcoder.clients.webservices.accuracytests.AccuracyTestClientProjectManagementServicesException" name="testClientProjectManagementServicesExceptionAccuracy2" time="0.0" />
  <testcase classname="com.topcoder.clients.webservices.accuracytests.AccuracyTestProjectServiceException" name="testProjectServiceExceptionAccuracy1" time="0.0" />
  <testcase classname="com.topcoder.clients.webservices.accuracytests.AccuracyTestProjectServiceException" name="testProjectServiceExceptionAccuracy2" time="0.0" />
  <testcase classname="com.topcoder.clients.webservices.accuracytests.AccuracyTestCompanyServiceException" name="testCompanyServiceExceptionAccuracy1" time="0.0" />
  <testcase classname="com.topcoder.clients.webservices.accuracytests.AccuracyTestCompanyServiceException" name="testCompanyServiceExceptionAccuracy2" time="0.0" />
  <testcase classname="com.topcoder.clients.webservices.accuracytests.AccuracyTestClientServiceException" name="testClientServiceExceptionAccuracy1" time="0.0" />
  <testcase classname="com.topcoder.clients.webservices.accuracytests.AccuracyTestClientServiceException" name="testClientServiceExceptionAccuracy2" time="0.0" />
  <testcase classname="com.topcoder.clients.webservices.accuracytests.AccuracyTestServiceClientCreationException" name="testServiceClientCreationExceptionAccuracy1" time="0.0" />
  <testcase classname="com.topcoder.clients.webservices.accuracytests.AccuracyTestServiceClientCreationException" name="testServiceClientCreationExceptionAccuracy2" time="0.0" />
  <testcase classname="com.topcoder.clients.webservices.accuracytests.AccuracyTestClientServiceClientCreationException" name="testClientServiceClientCreationExceptionAccuracy1" time="0.0" />
  <testcase classname="com.topcoder.clients.webservices.accuracytests.AccuracyTestClientServiceClientCreationException" name="testClientServiceClientCreationExceptionAccuracy2" time="0.0" />
  <testcase classname="com.topcoder.clients.webservices.accuracytests.AccuracyTestCompanyServiceClientCreationException" name="testCompanyServiceClientCreationExceptionAccuracy1" time="0.0" />
  <testcase classname="com.topcoder.clients.webservices.accuracytests.AccuracyTestCompanyServiceClientCreationException" name="testCompanyServiceClientCreationExceptionAccuracy2" time="0.0" />
  <testcase classname="com.topcoder.clients.webservices.accuracytests.AccuracyTestProjectServiceClientCreationException" name="testProjectServiceClientCreationExceptionAccuracy1" time="0.0" />
  <testcase classname="com.topcoder.clients.webservices.accuracytests.AccuracyTestProjectServiceClientCreationException" name="testProjectServiceClientCreationExceptionAccuracy2" time="0.0" />
  <testcase classname="com.topcoder.clients.webservices.accuracytests.AccuracyTestUserMappingRetrievalException" name="testUserMappingRetrievalExceptionAccuracy1" time="0.0" />
  <testcase classname="com.topcoder.clients.webservices.accuracytests.AccuracyTestUserMappingRetrievalException" name="testUserMappingRetrievalExceptionAccuracy2" time="0.0" />
  <testcase classname="com.topcoder.clients.webservices.accuracytests.AccuracyTestEntityNotFoundException" name="testEntityNotFoundExceptionAccuracy1" time="0.0" />
  <testcase classname="com.topcoder.clients.webservices.accuracytests.AccuracyTestEntityNotFoundException" name="testEntityNotFoundExceptionAccuracy2" time="0.0" />
  <testcase classname="com.topcoder.clients.webservices.accuracytests.AccuracyTestUserNotFoundException" name="testUserNotFoundExceptionAccuracy1" time="0.0" />
  <testcase classname="com.topcoder.clients.webservices.accuracytests.AccuracyTestUserNotFoundException" name="testUserNotFoundExceptionAccuracy2" time="0.0" />
  <testcase classname="com.topcoder.clients.webservices.accuracytests.AccuracyTestAuthorizationFailedException" name="testAuthorizationFailedExceptionAccuracy1" time="0.0" />
  <testcase classname="com.topcoder.clients.webservices.accuracytests.AccuracyTestAuthorizationFailedException" name="testAuthorizationFailedExceptionAccuracy2" time="0.0" />
  <testcase classname="com.topcoder.clients.webservices.accuracytests.AccuracyTestServiceBeanConfigurationException" name="testServiceBeanConfigurationExceptionAccuracy1" time="0.0" />
  <testcase classname="com.topcoder.clients.webservices.accuracytests.AccuracyTestServiceBeanConfigurationException" name="testServiceBeanConfigurationExceptionAccuracy2" time="0.0" />
  <testcase classname="com.topcoder.clients.webservices.accuracytests.AccuracyTestCompanyServiceBeanConfigurationException" name="testCompanyServiceBeanConfigurationExceptionAccuracy1" time="0.0" />
  <testcase classname="com.topcoder.clients.webservices.accuracytests.AccuracyTestCompanyServiceBeanConfigurationException" name="testCompanyServiceBeanConfigurationExceptionAccuracy2" time="0.0" />
  <testcase classname="com.topcoder.clients.webservices.accuracytests.AccuracyTestClientServiceBeanConfigurationException" name="testClientServiceBeanConfigurationExceptionAccuracy1" time="0.0" />
  <testcase classname="com.topcoder.clients.webservices.accuracytests.AccuracyTestClientServiceBeanConfigurationException" name="testClientServiceBeanConfigurationExceptionAccuracy2" time="0.0" />
  <testcase classname="com.topcoder.clients.webservices.accuracytests.AccuracyTestProjectServiceBeanConfigurationException" name="testProjectServiceBeanConfigurationExceptionAccuracy1" time="0.0" />
  <testcase classname="com.topcoder.clients.webservices.accuracytests.AccuracyTestProjectServiceBeanConfigurationException" name="testProjectServiceBeanConfigurationExceptionAccuracy2" time="0.0" />
  <testcase classname="com.topcoder.clients.webservices.accuracytests.AccuracyTestUserClientMapping" name="testUserClientMappingAccuracy" time="0.0" />
  <testcase classname="com.topcoder.clients.webservices.accuracytests.AccuracyTestUserClientMapping" name="testGetClientIdAccuracy" time="0.0" />
  <testcase classname="com.topcoder.clients.webservices.accuracytests.AccuracyTestUserClientMapping" name="testSetClientIdAccuracy" time="0.0" />
  <testcase classname="com.topcoder.clients.webservices.accuracytests.AccuracyTestUserClientMapping" name="testGetUserIdAccuracy" time="0.0" />
  <testcase classname="com.topcoder.clients.webservices.accuracytests.AccuracyTestUserClientMapping" name="testSetUserIdAccuracy" time="0.0" />
  <testcase classname="com.topcoder.clients.webservices.accuracytests.AccuracyTestUserProjectMapping" name="testGetUserIdAccuracy" time="0.0" />
  <testcase classname="com.topcoder.clients.webservices.accuracytests.AccuracyTestUserProjectMapping" name="testSetUserIdAccuracy" time="0.0" />
  <testcase classname="com.topcoder.clients.webservices.accuracytests.AccuracyTestUserProjectMapping" name="testUserProjectMappingAccuracy" time="0.0" />
  <testcase classname="com.topcoder.clients.webservices.accuracytests.AccuracyTestUserProjectMapping" name="testGetProjectIdAccuracy" time="0.0" />
  <testcase classname="com.topcoder.clients.webservices.accuracytests.AccuracyTestUserProjectMapping" name="testSetProjectIdAccuracy" time="0.0" />
  <testcase classname="com.topcoder.clients.webservices.accuracytests.AccuracyTestClientServiceClient" name="testClientServiceClientAccuracy1" time="0.094" />
  <testcase classname="com.topcoder.clients.webservices.accuracytests.AccuracyTestClientServiceClient" name="testClientServiceClientAccuracy2" time="0.141" />
  <testcase classname="com.topcoder.clients.webservices.accuracytests.AccuracyTestClientServiceClient" name="testClientServiceClientAccuracy3" time="0.062" />
  <testcase classname="com.topcoder.clients.webservices.accuracytests.AccuracyTestClientServiceClient" name="testGetClientServicePortAccuracy" time="0.141" />
  <testcase classname="com.topcoder.clients.webservices.accuracytests.AccuracyTestCompanyServiceClient" name="testGetClientServicePortAccuracy" time="0.265" />
  <testcase classname="com.topcoder.clients.webservices.accuracytests.AccuracyTestCompanyServiceClient" name="testCompanyServiceClientAccuracy1" time="0.062" />
  <testcase classname="com.topcoder.clients.webservices.accuracytests.AccuracyTestCompanyServiceClient" name="testCompanyServiceClientAccuracy2" time="0.063" />
  <testcase classname="com.topcoder.clients.webservices.accuracytests.AccuracyTestCompanyServiceClient" name="testCompanyServiceClientAccuracy3" time="0.047" />
  <testcase classname="com.topcoder.clients.webservices.accuracytests.AccuracyTestProjectServiceClient" name="testGetClientServicePortAccuracy" time="0.141" />
  <testcase classname="com.topcoder.clients.webservices.accuracytests.AccuracyTestProjectServiceClient" name="testProjectServiceClientAccuracy1" time="0.063" />
  <testcase classname="com.topcoder.clients.webservices.accuracytests.AccuracyTestProjectServiceClient" name="testProjectServiceClientAccuracy2" time="0.062" />
  <testcase classname="com.topcoder.clients.webservices.accuracytests.AccuracyTestProjectServiceClient" name="testProjectServiceClientAccuracy3" time="0.203" />
  <testcase classname="com.topcoder.clients.webservices.beans.AccuracyTestClientServiceBean" name="testClientServiceBeanAccuracy" time="0.172" />
  <testcase classname="com.topcoder.clients.webservices.beans.AccuracyTestClientServiceBean" name="testCreateClientAccuracy" time="0.047" />
  <testcase classname="com.topcoder.clients.webservices.beans.AccuracyTestClientServiceBean" name="testUpdateClientAccuracy" time="0.032" />
  <testcase classname="com.topcoder.clients.webservices.beans.AccuracyTestClientServiceBean" name="testDeleteClientAccuracy" time="0.047" />
  <testcase classname="com.topcoder.clients.webservices.beans.AccuracyTestClientServiceBean" name="testSetClientCodeNameAccuracy" time="0.031" />
  <testcase classname="com.topcoder.clients.webservices.beans.AccuracyTestClientServiceBean" name="testSetClientStatusAccuracy" time="0.031" />
  <testcase classname="com.topcoder.clients.webservices.beans.AccuracyTestClientServiceBean" name="testIsVerboseLoggingAccuracy" time="0.047" />
  <testcase classname="com.topcoder.clients.webservices.beans.AccuracyTestClientServiceBean" name="testSetVerboseLoggingAccuracy" time="0.032" />
  <testcase classname="com.topcoder.clients.webservices.beans.AccuracyTestClientServiceBean" name="testGetLogAccuracy" time="0.046" />
  <testcase classname="com.topcoder.clients.webservices.beans.AccuracyTestClientServiceBean" name="testSetLogAccuracy" time="0.047" />
  <testcase classname="com.topcoder.clients.webservices.beans.AccuracyTestCompanyServiceBean" name="testIsVerboseLoggingAccuracy" time="0.016" />
  <testcase classname="com.topcoder.clients.webservices.beans.AccuracyTestCompanyServiceBean" name="testSetVerboseLoggingAccuracy" time="0.031" />
  <testcase classname="com.topcoder.clients.webservices.beans.AccuracyTestCompanyServiceBean" name="testGetLogAccuracy" time="0.016" />
  <testcase classname="com.topcoder.clients.webservices.beans.AccuracyTestCompanyServiceBean" name="testSetLogAccuracy" time="0.015" />
  <testcase classname="com.topcoder.clients.webservices.beans.AccuracyTestCompanyServiceBean" name="testCompanyServiceBeanAccuracy" time="0.032" />
  <testcase classname="com.topcoder.clients.webservices.beans.AccuracyTestCompanyServiceBean" name="testCreateCompanyAccuracy" time="0.016" />
  <testcase classname="com.topcoder.clients.webservices.beans.AccuracyTestCompanyServiceBean" name="testUpdateCompanyAccuracy" time="0.016" />
  <testcase classname="com.topcoder.clients.webservices.beans.AccuracyTestCompanyServiceBean" name="testDeleteCompanyAccuracy" time="0.016" />
  <testcase classname="com.topcoder.clients.webservices.beans.AccuracyTestProjectServiceBean" name="testIsVerboseLoggingAccuracy" time="0.047" />
  <testcase classname="com.topcoder.clients.webservices.beans.AccuracyTestProjectServiceBean" name="testSetVerboseLoggingAccuracy" time="0.031" />
  <testcase classname="com.topcoder.clients.webservices.beans.AccuracyTestProjectServiceBean" name="testGetLogAccuracy" time="0.031" />
  <testcase classname="com.topcoder.clients.webservices.beans.AccuracyTestProjectServiceBean" name="testSetLogAccuracy" time="0.031" />
  <testcase classname="com.topcoder.clients.webservices.beans.AccuracyTestProjectServiceBean" name="testProjectServiceBeanAccuracy" time="0.047" />
  <testcase classname="com.topcoder.clients.webservices.beans.AccuracyTestProjectServiceBean" name="testCreateProjectAccuracy" time="0.047" />
  <testcase classname="com.topcoder.clients.webservices.beans.AccuracyTestProjectServiceBean" name="testUpdateProjectAccuracy" time="0.047" />
  <testcase classname="com.topcoder.clients.webservices.beans.AccuracyTestProjectServiceBean" name="testDeleteProjectAccuracy" time="0.047" />
  <testcase classname="com.topcoder.clients.webservices.beans.AccuracyTestProjectServiceBean" name="testSetProjectStatusAccuracy" time="0.031" />
  <testcase classname="com.topcoder.clients.webservices.failuretests.ClientServiceBeanFailureTest" name="testInitialize_InvalidConfig1" time="0.688" />
  <testcase classname="com.topcoder.clients.webservices.failuretests.ClientServiceBeanFailureTest" name="testInitialize_InvalidConfig2" time="0.625" />
  <testcase classname="com.topcoder.clients.webservices.failuretests.ClientServiceBeanFailureTest" name="testInitialize_InvalidConfig3" time="0.64" />
  <testcase classname="com.topcoder.clients.webservices.failuretests.ClientServiceBeanFailureTest" name="testInitialize_InvalidConfig4" time="0.782" />
  <testcase classname="com.topcoder.clients.webservices.failuretests.ClientServiceBeanFailureTest" name="testInitialize_InvalidConfig5" time="0.625" />
  <testcase classname="com.topcoder.clients.webservices.failuretests.ClientServiceBeanFailureTest" name="testInitialize_InvalidConfig6" time="1.078" />
  <testcase classname="com.topcoder.clients.webservices.failuretests.ClientServiceBeanFailureTest" name="testInitialize_InvalidConfig7" time="0.953" />
  <testcase classname="com.topcoder.clients.webservices.failuretests.ClientServiceBeanFailureTest" name="testInitialize_InvalidConfig8" time="1.094" />
  <testcase classname="com.topcoder.clients.webservices.failuretests.ClientServiceBeanFailureTest" name="testInitialize_InvalidConfig9" time="0.954" />
  <testcase classname="com.topcoder.clients.webservices.failuretests.ClientServiceBeanFailureTest" name="testInitialize_InvalidConfig10" time="1.125" />
  <testcase classname="com.topcoder.clients.webservices.failuretests.ClientServiceBeanFailureTest" name="testInitialize_InvalidConfig11" time="0.985" />
  <testcase classname="com.topcoder.clients.webservices.failuretests.ClientServiceBeanFailureTest" name="testInitialize_InvalidConfig12" time="1.078" />
  <testcase classname="com.topcoder.clients.webservices.failuretests.ClientServiceBeanFailureTest" name="testInitialize_InvalidConfig13" time="0.938" />
  <testcase classname="com.topcoder.clients.webservices.failuretests.ClientServiceBeanFailureTest" name="testInitialize_InvalidConfig14" time="1.063" />
  <testcase classname="com.topcoder.clients.webservices.failuretests.ClientServiceBeanFailureTest" name="testInitialize_InvalidConfig15" time="0.906" />
  <testcase classname="com.topcoder.clients.webservices.failuretests.ClientServiceBeanFailureTest" name="testInitialize_InvalidConfig16" time="1.344" />
  <testcase classname="com.topcoder.clients.webservices.failuretests.ClientServiceBeanFailureTest" name="testInitialize_InvalidConfig17" time="1.25" />
  <testcase classname="com.topcoder.clients.webservices.failuretests.ClientServiceBeanFailureTest" name="testInitialize_InvalidConfig18" time="1.343" />
  <testcase classname="com.topcoder.clients.webservices.failuretests.ClientServiceBeanFailureTest" name="testInitialize_InvalidConfig19" time="1.359" />
  <testcase classname="com.topcoder.clients.webservices.failuretests.ClientServiceBeanFailureTest" name="testInitialize_InvalidConfig20" time="1.25" />
  <testcase classname="com.topcoder.clients.webservices.failuretests.ClientServiceBeanFailureTest" name="testCreateClient_InvalidArguments1" time="0.609" />
  <testcase classname="com.topcoder.clients.webservices.failuretests.ClientServiceBeanFailureTest" name="testCreateClient_InvalidStates1" time="0.766" />
  <testcase classname="com.topcoder.clients.webservices.failuretests.ClientServiceBeanFailureTest" name="testCreateClient_InvalidStates2" time="0.625" />
  <testcase classname="com.topcoder.clients.webservices.failuretests.ClientServiceBeanFailureTest" name="testCreateClient_InvalidAuthorizations1" time="0.609" />
  <testcase classname="com.topcoder.clients.webservices.failuretests.ClientServiceBeanFailureTest" name="testCreateClient_Errors1" time="0.75" />
  <testcase classname="com.topcoder.clients.webservices.failuretests.ClientServiceBeanFailureTest" name="testCreateClient_Errors2" time="0.594" />
  <testcase classname="com.topcoder.clients.webservices.failuretests.ClientServiceBeanFailureTest" name="testUpdateClient_InvalidArguments1" time="0.609" />
  <testcase classname="com.topcoder.clients.webservices.failuretests.ClientServiceBeanFailureTest" name="testUpdateClient_InvalidStates1" time="0.594" />
  <testcase classname="com.topcoder.clients.webservices.failuretests.ClientServiceBeanFailureTest" name="testUpdateClient_InvalidStates2" time="0.734" />
  <testcase classname="com.topcoder.clients.webservices.failuretests.ClientServiceBeanFailureTest" name="testUpdateClient_InvalidAuthorizations1" time="0.593" />
  <testcase classname="com.topcoder.clients.webservices.failuretests.ClientServiceBeanFailureTest" name="testUpdateClient_InvalidAuthorizations2" time="0.609" />
  <testcase classname="com.topcoder.clients.webservices.failuretests.ClientServiceBeanFailureTest" name="testUpdateClient_InvalidAuthorizations3" time="0.61" />
  <testcase classname="com.topcoder.clients.webservices.failuretests.ClientServiceBeanFailureTest" name="testUpdateClient_Errors1" time="0.765" />
  <testcase classname="com.topcoder.clients.webservices.failuretests.ClientServiceBeanFailureTest" name="testUpdateClient_Errors2" time="0.61" />
  <testcase classname="com.topcoder.clients.webservices.failuretests.ClientServiceBeanFailureTest" name="testDeleteClient_InvalidArguments1" time="0.609" />
  <testcase classname="com.topcoder.clients.webservices.failuretests.ClientServiceBeanFailureTest" name="testDeleteClient_InvalidStates1" time="0.625" />
  <testcase classname="com.topcoder.clients.webservices.failuretests.ClientServiceBeanFailureTest" name="testDeleteClient_InvalidStates2" time="0.75" />
  <testcase classname="com.topcoder.clients.webservices.failuretests.ClientServiceBeanFailureTest" name="testDeleteClient_InvalidAuthorizations1" time="0.625" />
  <testcase classname="com.topcoder.clients.webservices.failuretests.ClientServiceBeanFailureTest" name="testDeleteClient_InvalidAuthorizations2" time="0.609" />
  <testcase classname="com.topcoder.clients.webservices.failuretests.ClientServiceBeanFailureTest" name="testDeleteClient_InvalidAuthorizations3" time="0.735" />
  <testcase classname="com.topcoder.clients.webservices.failuretests.ClientServiceBeanFailureTest" name="testDeleteClient_Errors1" time="0.594" />
  <testcase classname="com.topcoder.clients.webservices.failuretests.ClientServiceBeanFailureTest" name="testDeleteClient_Errors2" time="0.593" />
  <testcase classname="com.topcoder.clients.webservices.failuretests.ClientServiceBeanFailureTest" name="testSetClientCodeName_InvalidArguments1" time="0.765" />
  <testcase classname="com.topcoder.clients.webservices.failuretests.ClientServiceBeanFailureTest" name="testSetClientCodeName_InvalidArguments2" time="0.641" />
  <testcase classname="com.topcoder.clients.webservices.failuretests.ClientServiceBeanFailureTest" name="testSetClientCodeName_InvalidArguments3" time="0.625" />
  <testcase classname="com.topcoder.clients.webservices.failuretests.ClientServiceBeanFailureTest" name="testSetClientCodeName_InvalidStates1" time="0.75" />
  <testcase classname="com.topcoder.clients.webservices.failuretests.ClientServiceBeanFailureTest" name="testSetClientCodeName_InvalidStates2" time="0.641" />
  <testcase classname="com.topcoder.clients.webservices.failuretests.ClientServiceBeanFailureTest" name="testSetClientCodeName_InvalidAuthorizations1" time="0.625" />
  <testcase classname="com.topcoder.clients.webservices.failuretests.ClientServiceBeanFailureTest" name="testSetClientCodeName_InvalidAuthorizations2" time="0.797" />
  <testcase classname="com.topcoder.clients.webservices.failuretests.ClientServiceBeanFailureTest" name="testSetClientCodeName_InvalidAuthorizations3" time="0.609" />
  <testcase classname="com.topcoder.clients.webservices.failuretests.ClientServiceBeanFailureTest" name="testSetClientCodeName_Errors1" time="0.625" />
  <testcase classname="com.topcoder.clients.webservices.failuretests.ClientServiceBeanFailureTest" name="testSetClientCodeName_Errors2" time="0.64" />
  <testcase classname="com.topcoder.clients.webservices.failuretests.ClientServiceBeanFailureTest" name="testSetClientStatus_InvalidArguments1" time="0.766" />
  <testcase classname="com.topcoder.clients.webservices.failuretests.ClientServiceBeanFailureTest" name="testSetClientStatus_InvalidArguments2" time="0.609" />
  <testcase classname="com.topcoder.clients.webservices.failuretests.ClientServiceBeanFailureTest" name="testSetClientStatus_InvalidStates1" time="0.609" />
  <testcase classname="com.topcoder.clients.webservices.failuretests.ClientServiceBeanFailureTest" name="testSetClientStatus_InvalidStates2" time="0.75" />
  <testcase classname="com.topcoder.clients.webservices.failuretests.ClientServiceBeanFailureTest" name="testSetClientStatus_InvalidAuthorizations1" time="0.672" />
  <testcase classname="com.topcoder.clients.webservices.failuretests.ClientServiceBeanFailureTest" name="testSetClientStatus_InvalidAuthorizations2" time="0.641" />
  <testcase classname="com.topcoder.clients.webservices.failuretests.ClientServiceBeanFailureTest" name="testSetClientStatus_InvalidAuthorizations3" time="0.625" />
  <testcase classname="com.topcoder.clients.webservices.failuretests.ClientServiceBeanFailureTest" name="testSetClientStatus_Errors1" time="0.781" />
  <testcase classname="com.topcoder.clients.webservices.failuretests.ClientServiceBeanFailureTest" name="testSetClientStatus_Errors2" time="0.625" />
  <testcase classname="com.topcoder.clients.webservices.failuretests.CompanyServiceBeanFailureTest" name="testInitialize_InvalidConfig1" time="0.328" />
  <testcase classname="com.topcoder.clients.webservices.failuretests.CompanyServiceBeanFailureTest" name="testInitialize_InvalidConfig2" time="0.313" />
  <testcase classname="com.topcoder.clients.webservices.failuretests.CompanyServiceBeanFailureTest" name="testInitialize_InvalidConfig3" time="0.297" />
  <testcase classname="com.topcoder.clients.webservices.failuretests.CompanyServiceBeanFailureTest" name="testInitialize_InvalidConfig4" time="0.312" />
  <testcase classname="com.topcoder.clients.webservices.failuretests.CompanyServiceBeanFailureTest" name="testInitialize_InvalidConfig5" time="0.422" />
  <testcase classname="com.topcoder.clients.webservices.failuretests.CompanyServiceBeanFailureTest" name="testInitialize_InvalidConfig6" time="0.594" />
  <testcase classname="com.topcoder.clients.webservices.failuretests.CompanyServiceBeanFailureTest" name="testInitialize_InvalidConfig7" time="0.609" />
  <testcase classname="com.topcoder.clients.webservices.failuretests.CompanyServiceBeanFailureTest" name="testInitialize_InvalidConfig8" time="0.609" />
  <testcase classname="com.topcoder.clients.webservices.failuretests.CompanyServiceBeanFailureTest" name="testInitialize_InvalidConfig9" time="0.734" />
  <testcase classname="com.topcoder.clients.webservices.failuretests.CompanyServiceBeanFailureTest" name="testInitialize_InvalidConfig10" time="0.625" />
  <testcase classname="com.topcoder.clients.webservices.failuretests.CompanyServiceBeanFailureTest" name="testCreateCompany_InvalidArguments1" time="0.297" />
  <testcase classname="com.topcoder.clients.webservices.failuretests.CompanyServiceBeanFailureTest" name="testCreateCompany_InvalidStates1" time="0.297" />
  <testcase classname="com.topcoder.clients.webservices.failuretests.CompanyServiceBeanFailureTest" name="testCreateCompany_Errors1" time="0.437" />
  <testcase classname="com.topcoder.clients.webservices.failuretests.CompanyServiceBeanFailureTest" name="testCreateCompany_Errors2" time="0.312" />
  <testcase classname="com.topcoder.clients.webservices.failuretests.CompanyServiceBeanFailureTest" name="testUpdateCompany_InvalidArguments1" time="0.313" />
  <testcase classname="com.topcoder.clients.webservices.failuretests.CompanyServiceBeanFailureTest" name="testUpdateCompany_InvalidStates1" time="0.328" />
  <testcase classname="com.topcoder.clients.webservices.failuretests.CompanyServiceBeanFailureTest" name="testUpdateCompany_Errors1" time="0.313" />
  <testcase classname="com.topcoder.clients.webservices.failuretests.CompanyServiceBeanFailureTest" name="testUpdateCompany_Errors2" time="0.297" />
  <testcase classname="com.topcoder.clients.webservices.failuretests.CompanyServiceBeanFailureTest" name="testDeleteCompany_InvalidArguments1" time="0.313" />
  <testcase classname="com.topcoder.clients.webservices.failuretests.CompanyServiceBeanFailureTest" name="testDeleteCompany_InvalidStates1" time="0.312" />
  <testcase classname="com.topcoder.clients.webservices.failuretests.CompanyServiceBeanFailureTest" name="testDeleteCompany_Errors1" time="0.313" />
  <testcase classname="com.topcoder.clients.webservices.failuretests.CompanyServiceBeanFailureTest" name="testDeleteCompany_Errors2" time="0.469" />
  <testcase classname="com.topcoder.clients.webservices.failuretests.ProjectServiceBeanFailureTest" name="testInitialize_InvalidConfig1" time="0.61" />
  <testcase classname="com.topcoder.clients.webservices.failuretests.ProjectServiceBeanFailureTest" name="testInitialize_InvalidConfig2" time="0.609" />
  <testcase classname="com.topcoder.clients.webservices.failuretests.ProjectServiceBeanFailureTest" name="testInitialize_InvalidConfig3" time="0.75" />
  <testcase classname="com.topcoder.clients.webservices.failuretests.ProjectServiceBeanFailureTest" name="testInitialize_InvalidConfig4" time="0.609" />
  <testcase classname="com.topcoder.clients.webservices.failuretests.ProjectServiceBeanFailureTest" name="testInitialize_InvalidConfig5" time="0.61" />
  <testcase classname="com.topcoder.clients.webservices.failuretests.ProjectServiceBeanFailureTest" name="testInitialize_InvalidConfig6" time="1.047" />
  <testcase classname="com.topcoder.clients.webservices.failuretests.ProjectServiceBeanFailureTest" name="testInitialize_InvalidConfig7" time="0.937" />
  <testcase classname="com.topcoder.clients.webservices.failuretests.ProjectServiceBeanFailureTest" name="testInitialize_InvalidConfig8" time="1.109" />
  <testcase classname="com.topcoder.clients.webservices.failuretests.ProjectServiceBeanFailureTest" name="testInitialize_InvalidConfig9" time="0.984" />
  <testcase classname="com.topcoder.clients.webservices.failuretests.ProjectServiceBeanFailureTest" name="testInitialize_InvalidConfig10" time="0.954" />
  <testcase classname="com.topcoder.clients.webservices.failuretests.ProjectServiceBeanFailureTest" name="testInitialize_InvalidConfig11" time="1.062" />
  <testcase classname="com.topcoder.clients.webservices.failuretests.ProjectServiceBeanFailureTest" name="testInitialize_InvalidConfig12" time="0.953" />
  <testcase classname="com.topcoder.clients.webservices.failuretests.ProjectServiceBeanFailureTest" name="testInitialize_InvalidConfig13" time="1.093" />
  <testcase classname="com.topcoder.clients.webservices.failuretests.ProjectServiceBeanFailureTest" name="testInitialize_InvalidConfig14" time="0.922" />
  <testcase classname="com.topcoder.clients.webservices.failuretests.ProjectServiceBeanFailureTest" name="testInitialize_InvalidConfig15" time="1.078" />
  <testcase classname="com.topcoder.clients.webservices.failuretests.ProjectServiceBeanFailureTest" name="testInitialize_InvalidConfig16" time="1.266" />
  <testcase classname="com.topcoder.clients.webservices.failuretests.ProjectServiceBeanFailureTest" name="testInitialize_InvalidConfig17" time="1.5" />
  <testcase classname="com.topcoder.clients.webservices.failuretests.ProjectServiceBeanFailureTest" name="testInitialize_InvalidConfig18" time="1.39" />
  <testcase classname="com.topcoder.clients.webservices.failuretests.ProjectServiceBeanFailureTest" name="testInitialize_InvalidConfig19" time="1.329" />
  <testcase classname="com.topcoder.clients.webservices.failuretests.ProjectServiceBeanFailureTest" name="testInitialize_InvalidConfig20" time="1.406" />
  <testcase classname="com.topcoder.clients.webservices.failuretests.ProjectServiceBeanFailureTest" name="testCreateProject_InvalidArguments1" time="0.781" />
  <testcase classname="com.topcoder.clients.webservices.failuretests.ProjectServiceBeanFailureTest" name="testCreateProject_InvalidArguments2" time="0.656" />
  <testcase classname="com.topcoder.clients.webservices.failuretests.ProjectServiceBeanFailureTest" name="testCreateProject_InvalidStates1" time="0.875" />
  <testcase classname="com.topcoder.clients.webservices.failuretests.ProjectServiceBeanFailureTest" name="testCreateProject_InvalidStates2" time="0.625" />
  <testcase classname="com.topcoder.clients.webservices.failuretests.ProjectServiceBeanFailureTest" name="testCreateProject_InvalidAuthorizations1" time="0.61" />
  <testcase classname="com.topcoder.clients.webservices.failuretests.ProjectServiceBeanFailureTest" name="testCreateProject_Errors1" time="0.765" />
  <testcase classname="com.topcoder.clients.webservices.failuretests.ProjectServiceBeanFailureTest" name="testCreateProject_Errors2" time="0.61" />
  <testcase classname="com.topcoder.clients.webservices.failuretests.ProjectServiceBeanFailureTest" name="testUpdateProject_InvalidArguments1" time="0.61" />
  <testcase classname="com.topcoder.clients.webservices.failuretests.ProjectServiceBeanFailureTest" name="testUpdateProject_InvalidStates1" time="0.64" />
  <testcase classname="com.topcoder.clients.webservices.failuretests.ProjectServiceBeanFailureTest" name="testUpdateProject_InvalidStates2" time="0.75" />
  <testcase classname="com.topcoder.clients.webservices.failuretests.ProjectServiceBeanFailureTest" name="testUpdateProject_InvalidAuthorizations1" time="0.609" />
  <testcase classname="com.topcoder.clients.webservices.failuretests.ProjectServiceBeanFailureTest" name="testUpdateProject_InvalidAuthorizations2" time="0.625" />
  <testcase classname="com.topcoder.clients.webservices.failuretests.ProjectServiceBeanFailureTest" name="testUpdateProject_InvalidAuthorizations3" time="0.813" />
  <testcase classname="com.topcoder.clients.webservices.failuretests.ProjectServiceBeanFailureTest" name="testUpdateProject_Errors1" time="0.672" />
  <testcase classname="com.topcoder.clients.webservices.failuretests.ProjectServiceBeanFailureTest" name="testUpdateProject_Errors2" time="0.609" />
  <testcase classname="com.topcoder.clients.webservices.failuretests.ProjectServiceBeanFailureTest" name="testDeleteProject_InvalidArguments1" time="0.828" />
  <testcase classname="com.topcoder.clients.webservices.failuretests.ProjectServiceBeanFailureTest" name="testDeleteProject_InvalidStates1" time="0.594" />
  <testcase classname="com.topcoder.clients.webservices.failuretests.ProjectServiceBeanFailureTest" name="testDeleteProject_InvalidStates2" time="0.609" />
  <testcase classname="com.topcoder.clients.webservices.failuretests.ProjectServiceBeanFailureTest" name="testDeleteProject_InvalidAuthorizations1" time="0.766" />
  <testcase classname="com.topcoder.clients.webservices.failuretests.ProjectServiceBeanFailureTest" name="testDeleteProject_InvalidAuthorizations2" time="0.609" />
  <testcase classname="com.topcoder.clients.webservices.failuretests.ProjectServiceBeanFailureTest" name="testDeleteProject_InvalidAuthorizations3" time="0.641" />
  <testcase classname="com.topcoder.clients.webservices.failuretests.ProjectServiceBeanFailureTest" name="testDeleteProject_Errors1" time="0.812" />
  <testcase classname="com.topcoder.clients.webservices.failuretests.ProjectServiceBeanFailureTest" name="testDeleteProject_Errors2" time="0.61" />
  <testcase classname="com.topcoder.clients.webservices.failuretests.ProjectServiceBeanFailureTest" name="testSetProjectStatus_InvalidArguments1" time="0.625" />
  <testcase classname="com.topcoder.clients.webservices.failuretests.ProjectServiceBeanFailureTest" name="testSetProjectStatus_InvalidArguments2" time="0.609" />
  <testcase classname="com.topcoder.clients.webservices.failuretests.ProjectServiceBeanFailureTest" name="testSetProjectStatus_InvalidStates1" time="0.812" />
  <testcase classname="com.topcoder.clients.webservices.failuretests.ProjectServiceBeanFailureTest" name="testSetProjectStatus_InvalidStates2" time="0.61" />
  <testcase classname="com.topcoder.clients.webservices.failuretests.ProjectServiceBeanFailureTest" name="testSetProjectStatus_InvalidAuthorizations1" time="0.735" />
  <testcase classname="com.topcoder.clients.webservices.failuretests.ProjectServiceBeanFailureTest" name="testSetProjectStatus_InvalidAuthorizations2" time="0.656" />
  <testcase classname="com.topcoder.clients.webservices.failuretests.ProjectServiceBeanFailureTest" name="testSetProjectStatus_InvalidAuthorizations3" time="0.812" />
  <testcase classname="com.topcoder.clients.webservices.failuretests.ProjectServiceBeanFailureTest" name="testSetProjectStatus_Errors1" time="0.704" />
  <testcase classname="com.topcoder.clients.webservices.failuretests.ProjectServiceBeanFailureTest" name="testSetProjectStatus_Errors2" time="0.61" />
  <testcase classname="com.topcoder.clients.webservices.failuretests.ClientServiceClientFailureTest" name="testClientServiceClient_InvalidArguments1" time="0.0" />
  <testcase classname="com.topcoder.clients.webservices.failuretests.ClientServiceClientFailureTest" name="testClientServiceClient_InvalidArguments2" time="0.0" />
  <testcase classname="com.topcoder.clients.webservices.failuretests.ClientServiceClientFailureTest" name="testClientServiceClient_InvalidArguments3" time="0.0" />
  <testcase classname="com.topcoder.clients.webservices.failuretests.ClientServiceClientFailureTest" name="testClientServiceClient_InvalidArguments4" time="0.0" />
  <testcase classname="com.topcoder.clients.webservices.failuretests.ClientServiceClientFailureTest" name="testClientServiceClient_InvalidArguments5" time="0.0" />
  <testcase classname="com.topcoder.clients.webservices.failuretests.ClientServiceClientFailureTest" name="testClientServiceClient_InvalidArguments6" time="0.0" />
  <testcase classname="com.topcoder.clients.webservices.failuretests.CompanyServiceClientFailureTest" name="testCompanyServiceClient_InvalidArguments1" time="0.0" />
  <testcase classname="com.topcoder.clients.webservices.failuretests.CompanyServiceClientFailureTest" name="testCompanyServiceClient_InvalidArguments2" time="0.0" />
  <testcase classname="com.topcoder.clients.webservices.failuretests.CompanyServiceClientFailureTest" name="testCompanyServiceClient_InvalidArguments3" time="0.0" />
  <testcase classname="com.topcoder.clients.webservices.failuretests.CompanyServiceClientFailureTest" name="testCompanyServiceClient_InvalidArguments4" time="0.0" />
  <testcase classname="com.topcoder.clients.webservices.failuretests.CompanyServiceClientFailureTest" name="testCompanyServiceClient_InvalidArguments5" time="0.0" />
  <testcase classname="com.topcoder.clients.webservices.failuretests.CompanyServiceClientFailureTest" name="testCompanyServiceClient_InvalidArguments6" time="0.0" />
  <testcase classname="com.topcoder.clients.webservices.failuretests.ProjectServiceClientFailureTest" name="testProjectServiceClient_InvalidArguments1" time="0.0" />
  <testcase classname="com.topcoder.clients.webservices.failuretests.ProjectServiceClientFailureTest" name="testProjectServiceClient_InvalidArguments2" time="0.0" />
  <testcase classname="com.topcoder.clients.webservices.failuretests.ProjectServiceClientFailureTest" name="testProjectServiceClient_InvalidArguments3" time="0.0" />
  <testcase classname="com.topcoder.clients.webservices.failuretests.ProjectServiceClientFailureTest" name="testProjectServiceClient_InvalidArguments4" time="0.0" />
  <testcase classname="com.topcoder.clients.webservices.failuretests.ProjectServiceClientFailureTest" name="testProjectServiceClient_InvalidArguments5" time="0.0" />
  <testcase classname="com.topcoder.clients.webservices.failuretests.ProjectServiceClientFailureTest" name="testProjectServiceClient_InvalidArguments6" time="0.0" />
  <testcase classname="com.topcoder.clients.webservices.failuretests.JPAUserMappingRetrieverFailureTest" name="testGetValidUsersForClient_InvalidArguments1" time="0.031" />
  <testcase classname="com.topcoder.clients.webservices.failuretests.JPAUserMappingRetrieverFailureTest" name="testGetValidUsersForClient_InvalidStates1" time="0.0" />
  <testcase classname="com.topcoder.clients.webservices.failuretests.JPAUserMappingRetrieverFailureTest" name="testGetValidUsersForProject_InvalidArguments1" time="0.0" />
  <testcase classname="com.topcoder.clients.webservices.failuretests.JPAUserMappingRetrieverFailureTest" name="testGetValidUsersForProject_InvalidStates1" time="0.0" />
  <testcase classname="com.topcoder.clients.webservices.failuretests.JPAUserMappingRetrieverFailureTest" name="testGetClientsForUserId_InvalidArguments1" time="0.0" />
  <testcase classname="com.topcoder.clients.webservices.failuretests.JPAUserMappingRetrieverFailureTest" name="testGetClientsForUserId_InvalidStates1" time="0.0" />
  <testcase classname="com.topcoder.clients.webservices.failuretests.JPAUserMappingRetrieverFailureTest" name="testGetProjectsForUserId_InvalidArguments1" time="0.0" />
  <testcase classname="com.topcoder.clients.webservices.failuretests.JPAUserMappingRetrieverFailureTest" name="testGetProjectsForUserId_InvalidStates1" time="0.0" />
  <testcase classname="com.topcoder.clients.webservices.stresstests.UserClientMappingTest" name="testSetClientId" time="0.0" />
  <testcase classname="com.topcoder.clients.webservices.stresstests.UserClientMappingTest" name="testSetUserId" time="0.016" />
  <testcase classname="com.topcoder.clients.webservices.stresstests.UserProjectMappingTest" name="testSetClientId" time="0.0" />
  <testcase classname="com.topcoder.clients.webservices.stresstests.UserProjectMappingTest" name="testSetUserId" time="0.0" />
  <system-out><![CDATA[--------- setup database for testing ----------
Execute: CREATE TABLE informix.id_sequences ( 
    name            	VARCHAR(255) NOT NULL,
    next_block_start	INT8 NOT NULL,
    block_size      	INTEGER NOT NULL,
    exhausted       	INTEGER DEFAULT 0 NOT NULL,
    PRIMARY KEY(name)
)
Execute: CREATE TABLE company (
id serial NOT NULL,
name VARCHAR(64),
passcode VARCHAR(64),
creation_date DATETIME YEAR TO FRACTION default CURRENT YEAR TO FRACTION,
creation_user VARCHAR(64),
modification_user VARCHAR(64),
modification_date DATETIME YEAR TO FRACTION default CURRENT YEAR TO FRACTION,
is_deleted SMALLINT,
PRIMARY KEY(id)
)
Execute: CREATE TABLE project_status (
id serial NOT NULL,
description VARCHAR(255),
name VARCHAR(64),
creation_date DATETIME YEAR TO FRACTION default CURRENT YEAR TO FRACTION,
creation_user VARCHAR(64),
modification_date DATETIME YEAR TO FRACTION default CURRENT YEAR TO FRACTION,
modification_user VARCHAR(64),
is_deleted SMALLINT,
PRIMARY KEY(id)
)
Execute: CREATE TABLE client_status (
id serial NOT NULL,
description VARCHAR(255),
name VARCHAR(64),
creation_date DATETIME YEAR TO FRACTION default CURRENT YEAR TO FRACTION,
creation_user VARCHAR(64),
modification_date DATETIME YEAR TO FRACTION default CURRENT YEAR TO FRACTION,
modification_user VARCHAR(64),
is_deleted SMALLINT,
PRIMARY KEY(id)
)
Execute: CREATE TABLE client (
id serial NOT NULL,
client_status_id INT NOT NULL,
name VARCHAR(64),
company_id INT,
payment_term_id INT,
salestax DECIMAL(7,3),
start_date DATETIME YEAR TO FRACTION default CURRENT YEAR TO FRACTION,
end_date DATETIME YEAR TO FRACTION default CURRENT YEAR TO FRACTION,
creation_date DATETIME YEAR TO FRACTION default CURRENT YEAR TO FRACTION,
creation_user VARCHAR(64),
modification_date DATETIME YEAR TO FRACTION default CURRENT YEAR TO FRACTION,
modification_user VARCHAR(64),
code_name VARCHAR(64),
is_deleted SMALLINT,
PRIMARY KEY(id)
)
Execute: CREATE TABLE project (
id serial NOT NULL,
project_status_id INT NOT NULL,
client_id INT NOT NULL,
company_id INT,
name VARCHAR(64),
active SMALLINT,
sales_tax DECIMAL(8,3),
po_box_number VARCHAR(20),
payment_terms_id INT,
description VARCHAR(255),
start_date DATETIME YEAR TO FRACTION default CURRENT YEAR TO FRACTION,
end_date DATETIME YEAR TO FRACTION default CURRENT YEAR TO FRACTION,
creation_date DATETIME YEAR TO FRACTION default CURRENT YEAR TO FRACTION,
creation_user VARCHAR(64),
modification_date DATETIME YEAR TO FRACTION default CURRENT YEAR TO FRACTION,
modification_user VARCHAR(64),
is_deleted SMALLINT,
parent_project_id INT,
PRIMARY KEY(id)
)
Execute: CREATE TABLE client_user_xref (
id serial NOT NULL,
client_id INTEGER NOT NULL,
user_id INT8 NOT NULL,
name VARCHAR(64),
start_date DATETIME YEAR TO FRACTION default CURRENT YEAR TO FRACTION,
end_date DATETIME YEAR TO FRACTION default CURRENT YEAR TO FRACTION,
creation_date DATETIME YEAR TO FRACTION default CURRENT YEAR TO FRACTION,
creation_user VARCHAR(64),
modification_date DATETIME YEAR TO FRACTION default CURRENT YEAR TO FRACTION,
modification_user VARCHAR(64),
is_deleted SMALLINT,
PRIMARY KEY(id)
)
Execute: CREATE TABLE project_user_xref (
id serial NOT NULL,
project_id INTEGER NOT NULL,
user_id INT8 NOT NULL,
name VARCHAR(64),
start_date DATETIME YEAR TO FRACTION default CURRENT YEAR TO FRACTION,
end_date DATETIME YEAR TO FRACTION default CURRENT YEAR TO FRACTION,
creation_date DATETIME YEAR TO FRACTION default CURRENT YEAR TO FRACTION,
creation_user VARCHAR(64),
modification_date DATETIME YEAR TO FRACTION default CURRENT YEAR TO FRACTION,
modification_user VARCHAR(64),
is_deleted SMALLINT,
PRIMARY KEY(id)
)
Execute: alter table client add constraint FOREIGN KEY(company_id)
    REFERENCES company(id)
constraint client_project_FKIndex1
Execute: alter table client add constraint FOREIGN KEY(client_status_id)
    REFERENCES client_status(id)
constraint client_project_FKIndex2
Execute: alter table project add constraint FOREIGN KEY(company_id)
    REFERENCES company(id)
constraint client_project_FKIndex3
Execute: alter table project add constraint FOREIGN KEY(client_id)
    REFERENCES client(id)
constraint client_project_FKIndex4
Execute: alter table project add constraint FOREIGN KEY(project_status_id)
    REFERENCES project_status(id)
constraint client_project_FKIndex5
Execute: alter table client_user_xref add constraint FOREIGN KEY(client_id)
    REFERENCES client(id)
constraint client_user_xref_FKIndex7
Execute: alter table project_user_xref add constraint FOREIGN KEY(project_id)
    REFERENCES project(id)
constraint project_user_xref_FKIndex8
Execute: INSERT INTO informix.id_sequences(name, next_block_start, block_size, exhausted) 
    VALUES('com.topcoder.clients.manager.dao.DAOClientManager', 1, 10, 0)
Execute: INSERT INTO informix.id_sequences(name, next_block_start, block_size, exhausted) 
    VALUES('com.topcoder.clients.manager.dao.DAOCompanyManager', 1, 10, 0)
Execute: INSERT INTO informix.id_sequences(name, next_block_start, block_size, exhausted) 
    VALUES('com.topcoder.clients.manager.dao.DAOProjectManager', 1, 10, 0)
--------- accomplish setup database for testing --------
----clientManagerFileLocal.properties
{clientManagerNamespace=com.topcoder.configuration.defaults.DefaultConfigurationObject@2efae4, com.topcoder.clients.manager.dao.DAOClientManager=com.topcoder.configuration.defaults.DefaultConfigurationObject@59aa86}
IDGenerator: com.topcoder.clients.manager.dao.DAOClientManager
----clientManagerFileLocal.properties
{clientManagerNamespace=com.topcoder.configuration.defaults.DefaultConfigurationObject@d77ed3, com.topcoder.clients.manager.dao.DAOClientManager=com.topcoder.configuration.defaults.DefaultConfigurationObject@1c78571}
IDGenerator: com.topcoder.clients.manager.dao.DAOClientManager
----clientManagerFileLocal.properties
{clientManagerNamespace=com.topcoder.configuration.defaults.DefaultConfigurationObject@c235e1, com.topcoder.clients.manager.dao.DAOClientManager=com.topcoder.configuration.defaults.DefaultConfigurationObject@5f7e8f}
IDGenerator: com.topcoder.clients.manager.dao.DAOClientManager
----clientManagerFileLocal.properties
{clientManagerNamespace=com.topcoder.configuration.defaults.DefaultConfigurationObject@3ec403, com.topcoder.clients.manager.dao.DAOClientManager=com.topcoder.configuration.defaults.DefaultConfigurationObject@b6dfa8}
IDGenerator: com.topcoder.clients.manager.dao.DAOClientManager
Entering[Fri Sep 26 02:26:30 CST 2008]: com.topcoder.clients.webservices.beans.ClientServiceBean#createClient(Client client)
--->Parameter[0]: com.topcoder.clients.model.Client[id=0,name=name,codeName=codename,salesTax=1.1,isDeleted=false,company=com.topcoder.clients.model.Company[null],clientStatus=com.topcoder.clients.model.ClientStatus[null]]
[Entering method <com.topcoder.clients.manager.dao.DAOClientManager.createClient(Client client)>; Parameters:{ ParamName<client>; ParamValue: <[ id=0 name=name codeName=codename salesTax=1.1 isDeleted=false company=null clientStatus=null]>  }  at 2008-09-26 02:26:30.546 ]
[Exiting method <com.topcoder.clients.manager.dao.DAOClientManager.createClient(Client client)>; Return value:<[ id=1 name=name codeName=codename salesTax=1.1 isDeleted=false company=null clientStatus=null]>]  at 2008-09-26 02:26:30.937
Exiting: com.topcoder.clients.webservices.beans.ClientServiceBean#createClient(Client client),Time-execution=406 ms,Return-value=com.topcoder.clients.model.Client[id=1,name=name,codeName=codename,salesTax=1.1,isDeleted=false,company=com.topcoder.clients.model.Company[null],clientStatus=com.topcoder.clients.model.ClientStatus[null]]
----clientManagerFileLocal.properties
{clientManagerNamespace=com.topcoder.configuration.defaults.DefaultConfigurationObject@1f12248, com.topcoder.clients.manager.dao.DAOClientManager=com.topcoder.configuration.defaults.DefaultConfigurationObject@1c7d1}
IDGenerator: com.topcoder.clients.manager.dao.DAOClientManager
Entering: com.topcoder.clients.webservices.beans.ClientServiceBean#createClient(Client client)
Passing entity cannot be null.
java.lang.IllegalArgumentException: Passing entity cannot be null.
	at com.topcoder.util.errorhandling.ExceptionUtils.checkNull(ExceptionUtils.java:173)
	at com.topcoder.clients.webservices.beans.BeanUtils.validateCaller(BeanUtils.java:226)
	at com.topcoder.clients.webservices.beans.ClientServiceBean.createClient(ClientServiceBean.java:364)
	at com.topcoder.clients.webservices.beans.ClientServiceBeanTest.testCreateClient_WithNullClient(ClientServiceBeanTest.java:171)
	at sun.reflect.NativeMethodAccessorImpl.invoke0(Native Method)
	at sun.reflect.NativeMethodAccessorImpl.invoke(NativeMethodAccessorImpl.java:39)
	at sun.reflect.DelegatingMethodAccessorImpl.invoke(DelegatingMethodAccessorImpl.java:25)
	at java.lang.reflect.Method.invoke(Method.java:585)
	at junit.framework.TestCase.runTest(TestCase.java:164)
	at junit.framework.TestCase.runBare(TestCase.java:130)
	at junit.framework.TestResult$1.protect(TestResult.java:106)
	at junit.framework.TestResult.runProtected(TestResult.java:124)
	at junit.framework.TestResult.run(TestResult.java:109)
	at junit.framework.TestCase.run(TestCase.java:120)
	at junit.framework.TestSuite.runTest(TestSuite.java:230)
	at junit.framework.TestSuite.run(TestSuite.java:225)
	at junit.framework.TestSuite.runTest(TestSuite.java:230)
	at junit.framework.TestSuite.run(TestSuite.java:225)
	at junit.framework.TestSuite.runTest(TestSuite.java:230)
	at junit.framework.TestSuite.run(TestSuite.java:225)
	at org.apache.tools.ant.taskdefs.optional.junit.JUnitTestRunner.run(JUnitTestRunner.java:421)
	at org.apache.tools.ant.taskdefs.optional.junit.JUnitTestRunner.launch(JUnitTestRunner.java:912)
	at org.apache.tools.ant.taskdefs.optional.junit.JUnitTestRunner.main(JUnitTestRunner.java:766)
Exiting: com.topcoder.clients.webservices.beans.ClientServiceBean#createClient(Client client)
----clientManagerFileLocal.properties
{clientManagerNamespace=com.topcoder.configuration.defaults.DefaultConfigurationObject@523fa1, com.topcoder.clients.manager.dao.DAOClientManager=com.topcoder.configuration.defaults.DefaultConfigurationObject@1cf850b}
IDGenerator: com.topcoder.clients.manager.dao.DAOClientManager
Entering: com.topcoder.clients.webservices.beans.ClientServiceBean#createClient(Client client)
Property 'com.topcoder.clients.manager.ClientManager' has null state. Check your configuration again !!!
java.lang.IllegalStateException: Property 'com.topcoder.clients.manager.ClientManager' has null state. Check your configuration again !!!
	at com.topcoder.clients.webservices.beans.BeanUtils.checkState(BeanUtils.java:465)
	at com.topcoder.clients.webservices.beans.BeanUtils.createOperation(BeanUtils.java:307)
	at com.topcoder.clients.webservices.beans.ClientServiceBean.createClient(ClientServiceBean.java:368)
	at com.topcoder.clients.webservices.beans.ClientServiceBeanTest.testCreateClient_WithNullManager(ClientServiceBeanTest.java:197)
	at sun.reflect.NativeMethodAccessorImpl.invoke0(Native Method)
	at sun.reflect.NativeMethodAccessorImpl.invoke(NativeMethodAccessorImpl.java:39)
	at sun.reflect.DelegatingMethodAccessorImpl.invoke(DelegatingMethodAccessorImpl.java:25)
	at java.lang.reflect.Method.invoke(Method.java:585)
	at junit.framework.TestCase.runTest(TestCase.java:164)
	at junit.framework.TestCase.runBare(TestCase.java:130)
	at junit.framework.TestResult$1.protect(TestResult.java:106)
	at junit.framework.TestResult.runProtected(TestResult.java:124)
	at junit.framework.TestResult.run(TestResult.java:109)
	at junit.framework.TestCase.run(TestCase.java:120)
	at junit.framework.TestSuite.runTest(TestSuite.java:230)
	at junit.framework.TestSuite.run(TestSuite.java:225)
	at junit.framework.TestSuite.runTest(TestSuite.java:230)
	at junit.framework.TestSuite.run(TestSuite.java:225)
	at junit.framework.TestSuite.runTest(TestSuite.java:230)
	at junit.framework.TestSuite.run(TestSuite.java:225)
	at org.apache.tools.ant.taskdefs.optional.junit.JUnitTestRunner.run(JUnitTestRunner.java:421)
	at org.apache.tools.ant.taskdefs.optional.junit.JUnitTestRunner.launch(JUnitTestRunner.java:912)
	at org.apache.tools.ant.taskdefs.optional.junit.JUnitTestRunner.main(JUnitTestRunner.java:766)
Exiting: com.topcoder.clients.webservices.beans.ClientServiceBean#createClient(Client client)
----clientManagerFileLocal.properties
{clientManagerNamespace=com.topcoder.configuration.defaults.DefaultConfigurationObject@161b52, com.topcoder.clients.manager.dao.DAOClientManager=com.topcoder.configuration.defaults.DefaultConfigurationObject@15bb90d}
IDGenerator: com.topcoder.clients.manager.dao.DAOClientManager
Entering: com.topcoder.clients.webservices.beans.ClientServiceBean#createClient(Client client)
[Entering method <com.topcoder.clients.manager.dao.DAOClientManager.createClient(Client client)>; Parameters:{ ParamName<client>; ParamValue: <[ id=0 name=null codeName=null salesTax=0.0 isDeleted=false company=null clientStatus=null]>  }  at 2008-09-26 02:26:31.625 ]
[Error occurred in method <com.topcoder.clients.manager.dao.DAOClientManager.createClient(Client client)>, cause by :
java.lang.IllegalArgumentException: The startDate of client should be set.
	at com.topcoder.clients.manager.dao.Helper.validateClient(Helper.java:144)
	at com.topcoder.clients.manager.dao.DAOClientManager.createClient(DAOClientManager.java:258)
	at com.topcoder.clients.webservices.beans.BeanUtils.createOperation(BeanUtils.java:308)
	at com.topcoder.clients.webservices.beans.ClientServiceBean.createClient(ClientServiceBean.java:368)
	at com.topcoder.clients.webservices.beans.ClientServiceBeanTest.testCreateClient_WithFailService(ClientServiceBeanTest.java:221)
	at sun.reflect.NativeMethodAccessorImpl.invoke0(Native Method)
	at sun.reflect.NativeMethodAccessorImpl.invoke(NativeMethodAccessorImpl.java:39)
	at sun.reflect.DelegatingMethodAccessorImpl.invoke(DelegatingMethodAccessorImpl.java:25)
	at java.lang.reflect.Method.invoke(Method.java:585)
	at junit.framework.TestCase.runTest(TestCase.java:164)
	at junit.framework.TestCase.runBare(TestCase.java:130)
	at junit.framework.TestResult$1.protect(TestResult.java:106)
	at junit.framework.TestResult.runProtected(TestResult.java:124)
	at junit.framework.TestResult.run(TestResult.java:109)
	at junit.framework.TestCase.run(TestCase.java:120)
	at junit.framework.TestSuite.runTest(TestSuite.java:230)
	at junit.framework.TestSuite.run(TestSuite.java:225)
	at junit.framework.TestSuite.runTest(TestSuite.java:230)
	at junit.framework.TestSuite.run(TestSuite.java:225)
	at junit.framework.TestSuite.runTest(TestSuite.java:230)
	at junit.framework.TestSuite.run(TestSuite.java:225)
	at org.apache.tools.ant.taskdefs.optional.junit.JUnitTestRunner.run(JUnitTestRunner.java:421)
	at org.apache.tools.ant.taskdefs.optional.junit.JUnitTestRunner.launch(JUnitTestRunner.java:912)
	at org.apache.tools.ant.taskdefs.optional.junit.JUnitTestRunner.main(JUnitTestRunner.java:766)
Fail create Client.
com.topcoder.clients.webservices.ClientServiceException: Fail create Client.
	at com.topcoder.clients.webservices.beans.ClientServiceBean.createClient(ClientServiceBean.java:371)
	at com.topcoder.clients.webservices.beans.ClientServiceBeanTest.testCreateClient_WithFailService(ClientServiceBeanTest.java:221)
	at sun.reflect.NativeMethodAccessorImpl.invoke0(Native Method)
	at sun.reflect.NativeMethodAccessorImpl.invoke(NativeMethodAccessorImpl.java:39)
	at sun.reflect.DelegatingMethodAccessorImpl.invoke(DelegatingMethodAccessorImpl.java:25)
	at java.lang.reflect.Method.invoke(Method.java:585)
	at junit.framework.TestCase.runTest(TestCase.java:164)
	at junit.framework.TestCase.runBare(TestCase.java:130)
	at junit.framework.TestResult$1.protect(TestResult.java:106)
	at junit.framework.TestResult.runProtected(TestResult.java:124)
	at junit.framework.TestResult.run(TestResult.java:109)
	at junit.framework.TestCase.run(TestCase.java:120)
	at junit.framework.TestSuite.runTest(TestSuite.java:230)
	at junit.framework.TestSuite.run(TestSuite.java:225)
	at junit.framework.TestSuite.runTest(TestSuite.java:230)
	at junit.framework.TestSuite.run(TestSuite.java:225)
	at junit.framework.TestSuite.runTest(TestSuite.java:230)
	at junit.framework.TestSuite.run(TestSuite.java:225)
	at org.apache.tools.ant.taskdefs.optional.junit.JUnitTestRunner.run(JUnitTestRunner.java:421)
	at org.apache.tools.ant.taskdefs.optional.junit.JUnitTestRunner.launch(JUnitTestRunner.java:912)
	at org.apache.tools.ant.taskdefs.optional.junit.JUnitTestRunner.main(JUnitTestRunner.java:766)
Caused by: java.lang.IllegalArgumentException: The startDate of client should be set.
	at com.topcoder.clients.manager.dao.Helper.validateClient(Helper.java:144)
	at com.topcoder.clients.manager.dao.DAOClientManager.createClient(DAOClientManager.java:258)
	at com.topcoder.clients.webservices.beans.BeanUtils.createOperation(BeanUtils.java:308)
	at com.topcoder.clients.webservices.beans.ClientServiceBean.createClient(ClientServiceBean.java:368)
	... 20 more
Exiting: com.topcoder.clients.webservices.beans.ClientServiceBean#createClient(Client client)
----clientManagerFileLocal.properties
{clientManagerNamespace=com.topcoder.configuration.defaults.DefaultConfigurationObject@16df388, com.topcoder.clients.manager.dao.DAOClientManager=com.topcoder.configuration.defaults.DefaultConfigurationObject@18f7af7}
IDGenerator: com.topcoder.clients.manager.dao.DAOClientManager
Entering: com.topcoder.clients.webservices.beans.ClientServiceBean#createClient(Client client)
Not has authorization to perform operation: com.topcoder.clients.webservices.beans.ClientServiceBean#createClient(Client client)
com.topcoder.clients.webservices.beans.AuthorizationFailedException: Not has authorization to perform operation: com.topcoder.clients.webservices.beans.ClientServiceBean#createClient(Client client)
	at com.topcoder.clients.webservices.beans.BeanUtils.validateCaller(BeanUtils.java:262)
	at com.topcoder.clients.webservices.beans.ClientServiceBean.createClient(ClientServiceBean.java:364)
	at com.topcoder.clients.webservices.beans.ClientServiceBeanTest.testCreateClient_WithFailAuthentication(ClientServiceBeanTest.java:245)
	at sun.reflect.NativeMethodAccessorImpl.invoke0(Native Method)
	at sun.reflect.NativeMethodAccessorImpl.invoke(NativeMethodAccessorImpl.java:39)
	at sun.reflect.DelegatingMethodAccessorImpl.invoke(DelegatingMethodAccessorImpl.java:25)
	at java.lang.reflect.Method.invoke(Method.java:585)
	at junit.framework.TestCase.runTest(TestCase.java:164)
	at junit.framework.TestCase.runBare(TestCase.java:130)
	at junit.framework.TestResult$1.protect(TestResult.java:106)
	at junit.framework.TestResult.runProtected(TestResult.java:124)
	at junit.framework.TestResult.run(TestResult.java:109)
	at junit.framework.TestCase.run(TestCase.java:120)
	at junit.framework.TestSuite.runTest(TestSuite.java:230)
	at junit.framework.TestSuite.run(TestSuite.java:225)
	at junit.framework.TestSuite.runTest(TestSuite.java:230)
	at junit.framework.TestSuite.run(TestSuite.java:225)
	at junit.framework.TestSuite.runTest(TestSuite.java:230)
	at junit.framework.TestSuite.run(TestSuite.java:225)
	at org.apache.tools.ant.taskdefs.optional.junit.JUnitTestRunner.run(JUnitTestRunner.java:421)
	at org.apache.tools.ant.taskdefs.optional.junit.JUnitTestRunner.launch(JUnitTestRunner.java:912)
	at org.apache.tools.ant.taskdefs.optional.junit.JUnitTestRunner.main(JUnitTestRunner.java:766)
Exiting: com.topcoder.clients.webservices.beans.ClientServiceBean#createClient(Client client)
----clientManagerFileLocal.properties
{clientManagerNamespace=com.topcoder.configuration.defaults.DefaultConfigurationObject@1ecd95f, com.topcoder.clients.manager.dao.DAOClientManager=com.topcoder.configuration.defaults.DefaultConfigurationObject@b30073}
IDGenerator: com.topcoder.clients.manager.dao.DAOClientManager
Entering: com.topcoder.clients.webservices.beans.ClientServiceBean#createClient(Client client)
[Entering method <com.topcoder.clients.manager.dao.DAOClientManager.createClient(Client client)>; Parameters:{ ParamName<client>; ParamValue: <[ id=0 name=name codeName=codename salesTax=1.1 isDeleted=false company=null clientStatus=null]>  }  at 2008-09-26 02:26:31.984 ]
[Exiting method <com.topcoder.clients.manager.dao.DAOClientManager.createClient(Client client)>; Return value:<[ id=2 name=name codeName=codename salesTax=1.1 isDeleted=false company=null clientStatus=null]>]  at 2008-09-26 02:26:31.984
Exiting: com.topcoder.clients.webservices.beans.ClientServiceBean#createClient(Client client)
Entering: com.topcoder.clients.webservices.beans.ClientServiceBean#updateClient(Client client)
[Entering method <com.topcoder.clients.manager.dao.DAOClientManager.updateClient(Client client)>; Parameters:{ ParamName<client>; ParamValue: <[ id=2 name=name codeName=codename salesTax=1.1 isDeleted=false company=null clientStatus=null]>  }  at 2008-09-26 02:26:32.375 ]
[Exiting method <com.topcoder.clients.manager.dao.DAOClientManager.updateClient(Client client)>; Return value:<[ id=2 name=name codeName=codename salesTax=1.1 isDeleted=false company=null clientStatus=null]>]  at 2008-09-26 02:26:32.375
Exiting: com.topcoder.clients.webservices.beans.ClientServiceBean#updateClient(Client client)
----clientManagerFileLocal.properties
{clientManagerNamespace=com.topcoder.configuration.defaults.DefaultConfigurationObject@d82aff, com.topcoder.clients.manager.dao.DAOClientManager=com.topcoder.configuration.defaults.DefaultConfigurationObject@1ef032c}
IDGenerator: com.topcoder.clients.manager.dao.DAOClientManager
Entering: com.topcoder.clients.webservices.beans.ClientServiceBean#createClient(Client client)
[Entering method <com.topcoder.clients.manager.dao.DAOClientManager.createClient(Client client)>; Parameters:{ ParamName<client>; ParamValue: <[ id=0 name=name codeName=codename salesTax=1.1 isDeleted=false company=null clientStatus=null]>  }  at 2008-09-26 02:26:32.562 ]
[Exiting method <com.topcoder.clients.manager.dao.DAOClientManager.createClient(Client client)>; Return value:<[ id=3 name=name codeName=codename salesTax=1.1 isDeleted=false company=null clientStatus=null]>]  at 2008-09-26 02:26:32.562
Exiting: com.topcoder.clients.webservices.beans.ClientServiceBean#createClient(Client client)
Entering: com.topcoder.clients.webservices.beans.ClientServiceBean#updateClient(Client client)
Passing entity cannot be null.
java.lang.IllegalArgumentException: Passing entity cannot be null.
	at com.topcoder.util.errorhandling.ExceptionUtils.checkNull(ExceptionUtils.java:173)
	at com.topcoder.clients.webservices.beans.BeanUtils.validateCaller(BeanUtils.java:226)
	at com.topcoder.clients.webservices.beans.ClientServiceBean.updateClient(ClientServiceBean.java:416)
	at com.topcoder.clients.webservices.beans.ClientServiceBeanTest.testUpdateClient_WithNullClient(ClientServiceBeanTest.java:299)
	at sun.reflect.NativeMethodAccessorImpl.invoke0(Native Method)
	at sun.reflect.NativeMethodAccessorImpl.invoke(NativeMethodAccessorImpl.java:39)
	at sun.reflect.DelegatingMethodAccessorImpl.invoke(DelegatingMethodAccessorImpl.java:25)
	at java.lang.reflect.Method.invoke(Method.java:585)
	at junit.framework.TestCase.runTest(TestCase.java:164)
	at junit.framework.TestCase.runBare(TestCase.java:130)
	at junit.framework.TestResult$1.protect(TestResult.java:106)
	at junit.framework.TestResult.runProtected(TestResult.java:124)
	at junit.framework.TestResult.run(TestResult.java:109)
	at junit.framework.TestCase.run(TestCase.java:120)
	at junit.framework.TestSuite.runTest(TestSuite.java:230)
	at junit.framework.TestSuite.run(TestSuite.java:225)
	at junit.framework.TestSuite.runTest(TestSuite.java:230)
	at junit.framework.TestSuite.run(TestSuite.java:225)
	at junit.framework.TestSuite.runTest(TestSuite.java:230)
	at junit.framework.TestSuite.run(TestSuite.java:225)
	at org.apache.tools.ant.taskdefs.optional.junit.JUnitTestRunner.run(JUnitTestRunner.java:421)
	at org.apache.tools.ant.taskdefs.optional.junit.JUnitTestRunner.launch(JUnitTestRunner.java:912)
	at org.apache.tools.ant.taskdefs.optional.junit.JUnitTestRunner.main(JUnitTestRunner.java:766)
Exiting: com.topcoder.clients.webservices.beans.ClientServiceBean#updateClient(Client client)
----clientManagerFileLocal.properties
{clientManagerNamespace=com.topcoder.configuration.defaults.DefaultConfigurationObject@10e3e70, com.topcoder.clients.manager.dao.DAOClientManager=com.topcoder.configuration.defaults.DefaultConfigurationObject@2536e3}
IDGenerator: com.topcoder.clients.manager.dao.DAOClientManager
Entering: com.topcoder.clients.webservices.beans.ClientServiceBean#createClient(Client client)
[Entering method <com.topcoder.clients.manager.dao.DAOClientManager.createClient(Client client)>; Parameters:{ ParamName<client>; ParamValue: <[ id=0 name=name codeName=codename salesTax=1.1 isDeleted=false company=null clientStatus=null]>  }  at 2008-09-26 02:26:32.828 ]
[Exiting method <com.topcoder.clients.manager.dao.DAOClientManager.createClient(Client client)>; Return value:<[ id=4 name=name codeName=codename salesTax=1.1 isDeleted=false company=null clientStatus=null]>]  at 2008-09-26 02:26:32.828
Exiting: com.topcoder.clients.webservices.beans.ClientServiceBean#createClient(Client client)
Entering: com.topcoder.clients.webservices.beans.ClientServiceBean#updateClient(Client client)
Property 'UserMappingRetriever' has null state. Check your configuration again !!!
java.lang.IllegalStateException: Property 'UserMappingRetriever' has null state. Check your configuration again !!!
	at com.topcoder.clients.webservices.beans.BeanUtils.checkState(BeanUtils.java:465)
	at com.topcoder.clients.webservices.beans.BeanUtils.validateCaller(BeanUtils.java:225)
	at com.topcoder.clients.webservices.beans.ClientServiceBean.updateClient(ClientServiceBean.java:416)
	at com.topcoder.clients.webservices.beans.ClientServiceBeanTest.testUpdateClient_WithNullManager(ClientServiceBeanTest.java:331)
	at sun.reflect.NativeMethodAccessorImpl.invoke0(Native Method)
	at sun.reflect.NativeMethodAccessorImpl.invoke(NativeMethodAccessorImpl.java:39)
	at sun.reflect.DelegatingMethodAccessorImpl.invoke(DelegatingMethodAccessorImpl.java:25)
	at java.lang.reflect.Method.invoke(Method.java:585)
	at junit.framework.TestCase.runTest(TestCase.java:164)
	at junit.framework.TestCase.runBare(TestCase.java:130)
	at junit.framework.TestResult$1.protect(TestResult.java:106)
	at junit.framework.TestResult.runProtected(TestResult.java:124)
	at junit.framework.TestResult.run(TestResult.java:109)
	at junit.framework.TestCase.run(TestCase.java:120)
	at junit.framework.TestSuite.runTest(TestSuite.java:230)
	at junit.framework.TestSuite.run(TestSuite.java:225)
	at junit.framework.TestSuite.runTest(TestSuite.java:230)
	at junit.framework.TestSuite.run(TestSuite.java:225)
	at junit.framework.TestSuite.runTest(TestSuite.java:230)
	at junit.framework.TestSuite.run(TestSuite.java:225)
	at org.apache.tools.ant.taskdefs.optional.junit.JUnitTestRunner.run(JUnitTestRunner.java:421)
	at org.apache.tools.ant.taskdefs.optional.junit.JUnitTestRunner.launch(JUnitTestRunner.java:912)
	at org.apache.tools.ant.taskdefs.optional.junit.JUnitTestRunner.main(JUnitTestRunner.java:766)
Exiting: com.topcoder.clients.webservices.beans.ClientServiceBean#updateClient(Client client)
----clientManagerFileLocal.properties
{clientManagerNamespace=com.topcoder.configuration.defaults.DefaultConfigurationObject@ef15fd, com.topcoder.clients.manager.dao.DAOClientManager=com.topcoder.configuration.defaults.DefaultConfigurationObject@8cac17}
IDGenerator: com.topcoder.clients.manager.dao.DAOClientManager
Entering: com.topcoder.clients.webservices.beans.ClientServiceBean#createClient(Client client)
[Entering method <com.topcoder.clients.manager.dao.DAOClientManager.createClient(Client client)>; Parameters:{ ParamName<client>; ParamValue: <[ id=0 name=name codeName=codename salesTax=1.1 isDeleted=false company=null clientStatus=null]>  }  at 2008-09-26 02:26:33.078 ]
[Exiting method <com.topcoder.clients.manager.dao.DAOClientManager.createClient(Client client)>; Return value:<[ id=5 name=name codeName=codename salesTax=1.1 isDeleted=false company=null clientStatus=null]>]  at 2008-09-26 02:26:33.078
Exiting: com.topcoder.clients.webservices.beans.ClientServiceBean#createClient(Client client)
Entering: com.topcoder.clients.webservices.beans.ClientServiceBean#updateClient(Client client)
[Entering method <com.topcoder.clients.manager.dao.DAOClientManager.updateClient(Client client)>; Parameters:{ ParamName<client>; ParamValue: <[ id=5 name=name codeName=codename salesTax=1.1 isDeleted=false company=null clientStatus=null]>  }  at 2008-09-26 02:26:33.156 ]
[Error occurred in method <com.topcoder.clients.manager.dao.DAOClientManager.updateClient(Client client)>, cause by :
java.lang.IllegalArgumentException: The startDate of client should be set.
	at com.topcoder.clients.manager.dao.Helper.validateClient(Helper.java:144)
	at com.topcoder.clients.manager.dao.DAOClientManager.updateClient(DAOClientManager.java:337)
	at com.topcoder.clients.webservices.beans.BeanUtils.updateOperation(BeanUtils.java:366)
	at com.topcoder.clients.webservices.beans.ClientServiceBean.updateClient(ClientServiceBean.java:420)
	at com.topcoder.clients.webservices.beans.ClientServiceBeanTest.testUpdateClient_WithFailService(ClientServiceBeanTest.java:362)
	at sun.reflect.NativeMethodAccessorImpl.invoke0(Native Method)
	at sun.reflect.NativeMethodAccessorImpl.invoke(NativeMethodAccessorImpl.java:39)
	at sun.reflect.DelegatingMethodAccessorImpl.invoke(DelegatingMethodAccessorImpl.java:25)
	at java.lang.reflect.Method.invoke(Method.java:585)
	at junit.framework.TestCase.runTest(TestCase.java:164)
	at junit.framework.TestCase.runBare(TestCase.java:130)
	at junit.framework.TestResult$1.protect(TestResult.java:106)
	at junit.framework.TestResult.runProtected(TestResult.java:124)
	at junit.framework.TestResult.run(TestResult.java:109)
	at junit.framework.TestCase.run(TestCase.java:120)
	at junit.framework.TestSuite.runTest(TestSuite.java:230)
	at junit.framework.TestSuite.run(TestSuite.java:225)
	at junit.framework.TestSuite.runTest(TestSuite.java:230)
	at junit.framework.TestSuite.run(TestSuite.java:225)
	at junit.framework.TestSuite.runTest(TestSuite.java:230)
	at junit.framework.TestSuite.run(TestSuite.java:225)
	at org.apache.tools.ant.taskdefs.optional.junit.JUnitTestRunner.run(JUnitTestRunner.java:421)
	at org.apache.tools.ant.taskdefs.optional.junit.JUnitTestRunner.launch(JUnitTestRunner.java:912)
	at org.apache.tools.ant.taskdefs.optional.junit.JUnitTestRunner.main(JUnitTestRunner.java:766)
Fail update Client.
com.topcoder.clients.webservices.ClientServiceException: Fail update Client.
	at com.topcoder.clients.webservices.beans.ClientServiceBean.updateClient(ClientServiceBean.java:423)
	at com.topcoder.clients.webservices.beans.ClientServiceBeanTest.testUpdateClient_WithFailService(ClientServiceBeanTest.java:362)
	at sun.reflect.NativeMethodAccessorImpl.invoke0(Native Method)
	at sun.reflect.NativeMethodAccessorImpl.invoke(NativeMethodAccessorImpl.java:39)
	at sun.reflect.DelegatingMethodAccessorImpl.invoke(DelegatingMethodAccessorImpl.java:25)
	at java.lang.reflect.Method.invoke(Method.java:585)
	at junit.framework.TestCase.runTest(TestCase.java:164)
	at junit.framework.TestCase.runBare(TestCase.java:130)
	at junit.framework.TestResult$1.protect(TestResult.java:106)
	at junit.framework.TestResult.runProtected(TestResult.java:124)
	at junit.framework.TestResult.run(TestResult.java:109)
	at junit.framework.TestCase.run(TestCase.java:120)
	at junit.framework.TestSuite.runTest(TestSuite.java:230)
	at junit.framework.TestSuite.run(TestSuite.java:225)
	at junit.framework.TestSuite.runTest(TestSuite.java:230)
	at junit.framework.TestSuite.run(TestSuite.java:225)
	at junit.framework.TestSuite.runTest(TestSuite.java:230)
	at junit.framework.TestSuite.run(TestSuite.java:225)
	at org.apache.tools.ant.taskdefs.optional.junit.JUnitTestRunner.run(JUnitTestRunner.java:421)
	at org.apache.tools.ant.taskdefs.optional.junit.JUnitTestRunner.launch(JUnitTestRunner.java:912)
	at org.apache.tools.ant.taskdefs.optional.junit.JUnitTestRunner.main(JUnitTestRunner.java:766)
Caused by: java.lang.IllegalArgumentException: The startDate of client should be set.
	at com.topcoder.clients.manager.dao.Helper.validateClient(Helper.java:144)
	at com.topcoder.clients.manager.dao.DAOClientManager.updateClient(DAOClientManager.java:337)
	at com.topcoder.clients.webservices.beans.BeanUtils.updateOperation(BeanUtils.java:366)
	at com.topcoder.clients.webservices.beans.ClientServiceBean.updateClient(ClientServiceBean.java:420)
	... 20 more
Exiting: com.topcoder.clients.webservices.beans.ClientServiceBean#updateClient(Client client)
----clientManagerFileLocal.properties
{clientManagerNamespace=com.topcoder.configuration.defaults.DefaultConfigurationObject@5d9aa2, com.topcoder.clients.manager.dao.DAOClientManager=com.topcoder.configuration.defaults.DefaultConfigurationObject@1533528}
IDGenerator: com.topcoder.clients.manager.dao.DAOClientManager
Entering: com.topcoder.clients.webservices.beans.ClientServiceBean#createClient(Client client)
[Entering method <com.topcoder.clients.manager.dao.DAOClientManager.createClient(Client client)>; Parameters:{ ParamName<client>; ParamValue: <[ id=0 name=name codeName=codename salesTax=1.1 isDeleted=false company=null clientStatus=null]>  }  at 2008-09-26 02:26:33.359 ]
[Exiting method <com.topcoder.clients.manager.dao.DAOClientManager.createClient(Client client)>; Return value:<[ id=6 name=name codeName=codename salesTax=1.1 isDeleted=false company=null clientStatus=null]>]  at 2008-09-26 02:26:33.359
Exiting: com.topcoder.clients.webservices.beans.ClientServiceBean#createClient(Client client)
Entering: com.topcoder.clients.webservices.beans.ClientServiceBean#updateClient(Client client)
Not has authorization to perform operation: com.topcoder.clients.webservices.beans.ClientServiceBean#updateClient(Client client)
com.topcoder.clients.webservices.beans.AuthorizationFailedException: Not has authorization to perform operation: com.topcoder.clients.webservices.beans.ClientServiceBean#updateClient(Client client)
	at com.topcoder.clients.webservices.beans.BeanUtils.validateCaller(BeanUtils.java:262)
	at com.topcoder.clients.webservices.beans.ClientServiceBean.updateClient(ClientServiceBean.java:416)
	at com.topcoder.clients.webservices.beans.ClientServiceBeanTest.testUpdateClient_WithFailAuthentication(ClientServiceBeanTest.java:392)
	at sun.reflect.NativeMethodAccessorImpl.invoke0(Native Method)
	at sun.reflect.NativeMethodAccessorImpl.invoke(NativeMethodAccessorImpl.java:39)
	at sun.reflect.DelegatingMethodAccessorImpl.invoke(DelegatingMethodAccessorImpl.java:25)
	at java.lang.reflect.Method.invoke(Method.java:585)
	at junit.framework.TestCase.runTest(TestCase.java:164)
	at junit.framework.TestCase.runBare(TestCase.java:130)
	at junit.framework.TestResult$1.protect(TestResult.java:106)
	at junit.framework.TestResult.runProtected(TestResult.java:124)
	at junit.framework.TestResult.run(TestResult.java:109)
	at junit.framework.TestCase.run(TestCase.java:120)
	at junit.framework.TestSuite.runTest(TestSuite.java:230)
	at junit.framework.TestSuite.run(TestSuite.java:225)
	at junit.framework.TestSuite.runTest(TestSuite.java:230)
	at junit.framework.TestSuite.run(TestSuite.java:225)
	at junit.framework.TestSuite.runTest(TestSuite.java:230)
	at junit.framework.TestSuite.run(TestSuite.java:225)
	at org.apache.tools.ant.taskdefs.optional.junit.JUnitTestRunner.run(JUnitTestRunner.java:421)
	at org.apache.tools.ant.taskdefs.optional.junit.JUnitTestRunner.launch(JUnitTestRunner.java:912)
	at org.apache.tools.ant.taskdefs.optional.junit.JUnitTestRunner.main(JUnitTestRunner.java:766)
Exiting: com.topcoder.clients.webservices.beans.ClientServiceBean#updateClient(Client client)
----clientManagerFileLocal.properties
{clientManagerNamespace=com.topcoder.configuration.defaults.DefaultConfigurationObject@1d82058, com.topcoder.clients.manager.dao.DAOClientManager=com.topcoder.configuration.defaults.DefaultConfigurationObject@33a290}
IDGenerator: com.topcoder.clients.manager.dao.DAOClientManager
Entering: com.topcoder.clients.webservices.beans.ClientServiceBean#createClient(Client client)
[Entering method <com.topcoder.clients.manager.dao.DAOClientManager.createClient(Client client)>; Parameters:{ ParamName<client>; ParamValue: <[ id=0 name=name codeName=codename salesTax=1.1 isDeleted=false company=null clientStatus=null]>  }  at 2008-09-26 02:26:33.609 ]
[Exiting method <com.topcoder.clients.manager.dao.DAOClientManager.createClient(Client client)>; Return value:<[ id=7 name=name codeName=codename salesTax=1.1 isDeleted=false company=null clientStatus=null]>]  at 2008-09-26 02:26:33.609
Exiting: com.topcoder.clients.webservices.beans.ClientServiceBean#createClient(Client client)
Entering: com.topcoder.clients.webservices.beans.ClientServiceBean#deleteClient(Client client)
[Entering method <com.topcoder.clients.manager.dao.DAOClientManager.deleteClient(Client client)>; Parameters:{ ParamName<client>; ParamValue: <[ id=7 name=name codeName=codename salesTax=1.1 isDeleted=false company=null clientStatus=null]>  }  at 2008-09-26 02:26:33.687 ]
[Exiting method <com.topcoder.clients.manager.dao.DAOClientManager.deleteClient(Client client)>; Return value:<[ id=7 name=name codeName=codename salesTax=1.1 isDeleted=true company=null clientStatus=null]>]  at 2008-09-26 02:26:33.687
Exiting: com.topcoder.clients.webservices.beans.ClientServiceBean#deleteClient(Client client)
----clientManagerFileLocal.properties
{clientManagerNamespace=com.topcoder.configuration.defaults.DefaultConfigurationObject@1af4d51, com.topcoder.clients.manager.dao.DAOClientManager=com.topcoder.configuration.defaults.DefaultConfigurationObject@1fd1c60}
IDGenerator: com.topcoder.clients.manager.dao.DAOClientManager
Entering: com.topcoder.clients.webservices.beans.ClientServiceBean#createClient(Client client)
[Entering method <com.topcoder.clients.manager.dao.DAOClientManager.createClient(Client client)>; Parameters:{ ParamName<client>; ParamValue: <[ id=0 name=name codeName=codename salesTax=1.1 isDeleted=false company=null clientStatus=null]>  }  at 2008-09-26 02:26:33.875 ]
[Exiting method <com.topcoder.clients.manager.dao.DAOClientManager.createClient(Client client)>; Return value:<[ id=8 name=name codeName=codename salesTax=1.1 isDeleted=false company=null clientStatus=null]>]  at 2008-09-26 02:26:33.875
Exiting: com.topcoder.clients.webservices.beans.ClientServiceBean#createClient(Client client)
Entering: com.topcoder.clients.webservices.beans.ClientServiceBean#deleteClient(Client client)
Passing entity cannot be null.
java.lang.IllegalArgumentException: Passing entity cannot be null.
	at com.topcoder.util.errorhandling.ExceptionUtils.checkNull(ExceptionUtils.java:173)
	at com.topcoder.clients.webservices.beans.BeanUtils.validateCaller(BeanUtils.java:226)
	at com.topcoder.clients.webservices.beans.ClientServiceBean.deleteClient(ClientServiceBean.java:468)
	at com.topcoder.clients.webservices.beans.ClientServiceBeanTest.testDeleteClient_WithNullClient(ClientServiceBeanTest.java:446)
	at sun.reflect.NativeMethodAccessorImpl.invoke0(Native Method)
	at sun.reflect.NativeMethodAccessorImpl.invoke(NativeMethodAccessorImpl.java:39)
	at sun.reflect.DelegatingMethodAccessorImpl.invoke(DelegatingMethodAccessorImpl.java:25)
	at java.lang.reflect.Method.invoke(Method.java:585)
	at junit.framework.TestCase.runTest(TestCase.java:164)
	at junit.framework.TestCase.runBare(TestCase.java:130)
	at junit.framework.TestResult$1.protect(TestResult.java:106)
	at junit.framework.TestResult.runProtected(TestResult.java:124)
	at junit.framework.TestResult.run(TestResult.java:109)
	at junit.framework.TestCase.run(TestCase.java:120)
	at junit.framework.TestSuite.runTest(TestSuite.java:230)
	at junit.framework.TestSuite.run(TestSuite.java:225)
	at junit.framework.TestSuite.runTest(TestSuite.java:230)
	at junit.framework.TestSuite.run(TestSuite.java:225)
	at junit.framework.TestSuite.runTest(TestSuite.java:230)
	at junit.framework.TestSuite.run(TestSuite.java:225)
	at org.apache.tools.ant.taskdefs.optional.junit.JUnitTestRunner.run(JUnitTestRunner.java:421)
	at org.apache.tools.ant.taskdefs.optional.junit.JUnitTestRunner.launch(JUnitTestRunner.java:912)
	at org.apache.tools.ant.taskdefs.optional.junit.JUnitTestRunner.main(JUnitTestRunner.java:766)
Exiting: com.topcoder.clients.webservices.beans.ClientServiceBean#deleteClient(Client client)
----clientManagerFileLocal.properties
{clientManagerNamespace=com.topcoder.configuration.defaults.DefaultConfigurationObject@50867d, com.topcoder.clients.manager.dao.DAOClientManager=com.topcoder.configuration.defaults.DefaultConfigurationObject@ad8817}
IDGenerator: com.topcoder.clients.manager.dao.DAOClientManager
Entering: com.topcoder.clients.webservices.beans.ClientServiceBean#createClient(Client client)
[Entering method <com.topcoder.clients.manager.dao.DAOClientManager.createClient(Client client)>; Parameters:{ ParamName<client>; ParamValue: <[ id=0 name=name codeName=codename salesTax=1.1 isDeleted=false company=null clientStatus=null]>  }  at 2008-09-26 02:26:34.140 ]
[Exiting method <com.topcoder.clients.manager.dao.DAOClientManager.createClient(Client client)>; Return value:<[ id=9 name=name codeName=codename salesTax=1.1 isDeleted=false company=null clientStatus=null]>]  at 2008-09-26 02:26:34.140
Exiting: com.topcoder.clients.webservices.beans.ClientServiceBean#createClient(Client client)
Entering: com.topcoder.clients.webservices.beans.ClientServiceBean#deleteClient(Client client)
Property 'UserMappingRetriever' has null state. Check your configuration again !!!
java.lang.IllegalStateException: Property 'UserMappingRetriever' has null state. Check your configuration again !!!
	at com.topcoder.clients.webservices.beans.BeanUtils.checkState(BeanUtils.java:465)
	at com.topcoder.clients.webservices.beans.BeanUtils.validateCaller(BeanUtils.java:225)
	at com.topcoder.clients.webservices.beans.ClientServiceBean.deleteClient(ClientServiceBean.java:468)
	at com.topcoder.clients.webservices.beans.ClientServiceBeanTest.testDeleteClient_WithNullManager(ClientServiceBeanTest.java:478)
	at sun.reflect.NativeMethodAccessorImpl.invoke0(Native Method)
	at sun.reflect.NativeMethodAccessorImpl.invoke(NativeMethodAccessorImpl.java:39)
	at sun.reflect.DelegatingMethodAccessorImpl.invoke(DelegatingMethodAccessorImpl.java:25)
	at java.lang.reflect.Method.invoke(Method.java:585)
	at junit.framework.TestCase.runTest(TestCase.java:164)
	at junit.framework.TestCase.runBare(TestCase.java:130)
	at junit.framework.TestResult$1.protect(TestResult.java:106)
	at junit.framework.TestResult.runProtected(TestResult.java:124)
	at junit.framework.TestResult.run(TestResult.java:109)
	at junit.framework.TestCase.run(TestCase.java:120)
	at junit.framework.TestSuite.runTest(TestSuite.java:230)
	at junit.framework.TestSuite.run(TestSuite.java:225)
	at junit.framework.TestSuite.runTest(TestSuite.java:230)
	at junit.framework.TestSuite.run(TestSuite.java:225)
	at junit.framework.TestSuite.runTest(TestSuite.java:230)
	at junit.framework.TestSuite.run(TestSuite.java:225)
	at org.apache.tools.ant.taskdefs.optional.junit.JUnitTestRunner.run(JUnitTestRunner.java:421)
	at org.apache.tools.ant.taskdefs.optional.junit.JUnitTestRunner.launch(JUnitTestRunner.java:912)
	at org.apache.tools.ant.taskdefs.optional.junit.JUnitTestRunner.main(JUnitTestRunner.java:766)
Exiting: com.topcoder.clients.webservices.beans.ClientServiceBean#deleteClient(Client client)
----clientManagerFileLocal.properties
{clientManagerNamespace=com.topcoder.configuration.defaults.DefaultConfigurationObject@e9ecc8, com.topcoder.clients.manager.dao.DAOClientManager=com.topcoder.configuration.defaults.DefaultConfigurationObject@1b84411}
IDGenerator: com.topcoder.clients.manager.dao.DAOClientManager
Entering: com.topcoder.clients.webservices.beans.ClientServiceBean#createClient(Client client)
[Entering method <com.topcoder.clients.manager.dao.DAOClientManager.createClient(Client client)>; Parameters:{ ParamName<client>; ParamValue: <[ id=0 name=name codeName=codename salesTax=1.1 isDeleted=false company=null clientStatus=null]>  }  at 2008-09-26 02:26:34.390 ]
[Exiting method <com.topcoder.clients.manager.dao.DAOClientManager.createClient(Client client)>; Return value:<[ id=10 name=name codeName=codename salesTax=1.1 isDeleted=false company=null clientStatus=null]>]  at 2008-09-26 02:26:34.390
Exiting: com.topcoder.clients.webservices.beans.ClientServiceBean#createClient(Client client)
Entering: com.topcoder.clients.webservices.beans.ClientServiceBean#deleteClient(Client client)
[Entering method <com.topcoder.clients.manager.dao.DAOClientManager.deleteClient(Client client)>; Parameters:{ ParamName<client>; ParamValue: <[ id=10 name=name codeName=codename salesTax=1.1 isDeleted=false company=null clientStatus=null]>  }  at 2008-09-26 02:26:34.484 ]
[Error occurred in method <com.topcoder.clients.manager.dao.DAOClientManager.deleteClient(Client client)>, cause by :
com.topcoder.clients.manager.ClientManagerException: Fail to delete the given client, cause by Failure from persistence.
	at com.topcoder.clients.manager.dao.DAOClientManager.wrapInnerException(DAOClientManager.java:304)
	at com.topcoder.clients.manager.dao.DAOClientManager.deleteClient(DAOClientManager.java:443)
	at com.topcoder.clients.webservices.beans.BeanUtils.deleteOperation(BeanUtils.java:417)
	at com.topcoder.clients.webservices.beans.ClientServiceBean.deleteClient(ClientServiceBean.java:472)
	at com.topcoder.clients.webservices.beans.ClientServiceBeanTest.testDeleteClient_WithFailService(ClientServiceBeanTest.java:509)
	at sun.reflect.NativeMethodAccessorImpl.invoke0(Native Method)
	at sun.reflect.NativeMethodAccessorImpl.invoke(NativeMethodAccessorImpl.java:39)
	at sun.reflect.DelegatingMethodAccessorImpl.invoke(DelegatingMethodAccessorImpl.java:25)
	at java.lang.reflect.Method.invoke(Method.java:585)
	at junit.framework.TestCase.runTest(TestCase.java:164)
	at junit.framework.TestCase.runBare(TestCase.java:130)
	at junit.framework.TestResult$1.protect(TestResult.java:106)
	at junit.framework.TestResult.runProtected(TestResult.java:124)
	at junit.framework.TestResult.run(TestResult.java:109)
	at junit.framework.TestCase.run(TestCase.java:120)
	at junit.framework.TestSuite.runTest(TestSuite.java:230)
	at junit.framework.TestSuite.run(TestSuite.java:225)
	at junit.framework.TestSuite.runTest(TestSuite.java:230)
	at junit.framework.TestSuite.run(TestSuite.java:225)
	at junit.framework.TestSuite.runTest(TestSuite.java:230)
	at junit.framework.TestSuite.run(TestSuite.java:225)
	at org.apache.tools.ant.taskdefs.optional.junit.JUnitTestRunner.run(JUnitTestRunner.java:421)
	at org.apache.tools.ant.taskdefs.optional.junit.JUnitTestRunner.launch(JUnitTestRunner.java:912)
	at org.apache.tools.ant.taskdefs.optional.junit.JUnitTestRunner.main(JUnitTestRunner.java:766)
Caused by: com.topcoder.clients.dao.DAOException: Failure from persistence.
	at com.topcoder.clients.webservices.mock.MockClientDAO.checkFlag(MockClientDAO.java:177)
	at com.topcoder.clients.webservices.mock.MockClientDAO.delete(MockClientDAO.java:152)
	at com.topcoder.clients.webservices.mock.MockClientDAO.delete(MockClientDAO.java:27)
	at com.topcoder.clients.manager.dao.DAOClientManager.deleteClient(DAOClientManager.java:426)
	... 22 more
Fail delete Client.
com.topcoder.clients.webservices.ClientServiceException: Fail delete Client.
	at com.topcoder.clients.webservices.beans.ClientServiceBean.deleteClient(ClientServiceBean.java:475)
	at com.topcoder.clients.webservices.beans.ClientServiceBeanTest.testDeleteClient_WithFailService(ClientServiceBeanTest.java:509)
	at sun.reflect.NativeMethodAccessorImpl.invoke0(Native Method)
	at sun.reflect.NativeMethodAccessorImpl.invoke(NativeMethodAccessorImpl.java:39)
	at sun.reflect.DelegatingMethodAccessorImpl.invoke(DelegatingMethodAccessorImpl.java:25)
	at java.lang.reflect.Method.invoke(Method.java:585)
	at junit.framework.TestCase.runTest(TestCase.java:164)
	at junit.framework.TestCase.runBare(TestCase.java:130)
	at junit.framework.TestResult$1.protect(TestResult.java:106)
	at junit.framework.TestResult.runProtected(TestResult.java:124)
	at junit.framework.TestResult.run(TestResult.java:109)
	at junit.framework.TestCase.run(TestCase.java:120)
	at junit.framework.TestSuite.runTest(TestSuite.java:230)
	at junit.framework.TestSuite.run(TestSuite.java:225)
	at junit.framework.TestSuite.runTest(TestSuite.java:230)
	at junit.framework.TestSuite.run(TestSuite.java:225)
	at junit.framework.TestSuite.runTest(TestSuite.java:230)
	at junit.framework.TestSuite.run(TestSuite.java:225)
	at org.apache.tools.ant.taskdefs.optional.junit.JUnitTestRunner.run(JUnitTestRunner.java:421)
	at org.apache.tools.ant.taskdefs.optional.junit.JUnitTestRunner.launch(JUnitTestRunner.java:912)
	at org.apache.tools.ant.taskdefs.optional.junit.JUnitTestRunner.main(JUnitTestRunner.java:766)
Caused by: com.topcoder.clients.manager.ClientManagerException: Fail to delete the given client, cause by Failure from persistence.
	at com.topcoder.clients.manager.dao.DAOClientManager.wrapInnerException(DAOClientManager.java:304)
	at com.topcoder.clients.manager.dao.DAOClientManager.deleteClient(DAOClientManager.java:443)
	at com.topcoder.clients.webservices.beans.BeanUtils.deleteOperation(BeanUtils.java:417)
	at com.topcoder.clients.webservices.beans.ClientServiceBean.deleteClient(ClientServiceBean.java:472)
	... 20 more
Caused by: com.topcoder.clients.dao.DAOException: Failure from persistence.
	at com.topcoder.clients.webservices.mock.MockClientDAO.checkFlag(MockClientDAO.java:177)
	at com.topcoder.clients.webservices.mock.MockClientDAO.delete(MockClientDAO.java:152)
	at com.topcoder.clients.webservices.mock.MockClientDAO.delete(MockClientDAO.java:27)
	at com.topcoder.clients.manager.dao.DAOClientManager.deleteClient(DAOClientManager.java:426)
	... 22 more
Exiting: com.topcoder.clients.webservices.beans.ClientServiceBean#deleteClient(Client client)
----clientManagerFileLocal.properties
{clientManagerNamespace=com.topcoder.configuration.defaults.DefaultConfigurationObject@1ccc11d, com.topcoder.clients.manager.dao.DAOClientManager=com.topcoder.configuration.defaults.DefaultConfigurationObject@19a83f3}
IDGenerator: com.topcoder.clients.manager.dao.DAOClientManager
Entering: com.topcoder.clients.webservices.beans.ClientServiceBean#createClient(Client client)
[Entering method <com.topcoder.clients.manager.dao.DAOClientManager.createClient(Client client)>; Parameters:{ ParamName<client>; ParamValue: <[ id=0 name=name codeName=codename salesTax=1.1 isDeleted=false company=null clientStatus=null]>  }  at 2008-09-26 02:26:34.656 ]
[Exiting method <com.topcoder.clients.manager.dao.DAOClientManager.createClient(Client client)>; Return value:<[ id=11 name=name codeName=codename salesTax=1.1 isDeleted=false company=null clientStatus=null]>]  at 2008-09-26 02:26:34.890
Exiting: com.topcoder.clients.webservices.beans.ClientServiceBean#createClient(Client client)
Entering: com.topcoder.clients.webservices.beans.ClientServiceBean#deleteClient(Client client)
Not has authorization to perform operation: com.topcoder.clients.webservices.beans.ClientServiceBean#deleteClient(Client client)
com.topcoder.clients.webservices.beans.AuthorizationFailedException: Not has authorization to perform operation: com.topcoder.clients.webservices.beans.ClientServiceBean#deleteClient(Client client)
	at com.topcoder.clients.webservices.beans.BeanUtils.validateCaller(BeanUtils.java:262)
	at com.topcoder.clients.webservices.beans.ClientServiceBean.deleteClient(ClientServiceBean.java:468)
	at com.topcoder.clients.webservices.beans.ClientServiceBeanTest.testDeleteClient_WithFailAuthorization(ClientServiceBeanTest.java:539)
	at sun.reflect.NativeMethodAccessorImpl.invoke0(Native Method)
	at sun.reflect.NativeMethodAccessorImpl.invoke(NativeMethodAccessorImpl.java:39)
	at sun.reflect.DelegatingMethodAccessorImpl.invoke(DelegatingMethodAccessorImpl.java:25)
	at java.lang.reflect.Method.invoke(Method.java:585)
	at junit.framework.TestCase.runTest(TestCase.java:164)
	at junit.framework.TestCase.runBare(TestCase.java:130)
	at junit.framework.TestResult$1.protect(TestResult.java:106)
	at junit.framework.TestResult.runProtected(TestResult.java:124)
	at junit.framework.TestResult.run(TestResult.java:109)
	at junit.framework.TestCase.run(TestCase.java:120)
	at junit.framework.TestSuite.runTest(TestSuite.java:230)
	at junit.framework.TestSuite.run(TestSuite.java:225)
	at junit.framework.TestSuite.runTest(TestSuite.java:230)
	at junit.framework.TestSuite.run(TestSuite.java:225)
	at junit.framework.TestSuite.runTest(TestSuite.java:230)
	at junit.framework.TestSuite.run(TestSuite.java:225)
	at org.apache.tools.ant.taskdefs.optional.junit.JUnitTestRunner.run(JUnitTestRunner.java:421)
	at org.apache.tools.ant.taskdefs.optional.junit.JUnitTestRunner.launch(JUnitTestRunner.java:912)
	at org.apache.tools.ant.taskdefs.optional.junit.JUnitTestRunner.main(JUnitTestRunner.java:766)
Exiting: com.topcoder.clients.webservices.beans.ClientServiceBean#deleteClient(Client client)
----clientManagerFileLocal.properties
{clientManagerNamespace=com.topcoder.configuration.defaults.DefaultConfigurationObject@bd4570, com.topcoder.clients.manager.dao.DAOClientManager=com.topcoder.configuration.defaults.DefaultConfigurationObject@19ea9a}
IDGenerator: com.topcoder.clients.manager.dao.DAOClientManager
Entering: com.topcoder.clients.webservices.beans.ClientServiceBean#createClient(Client client)
[Entering method <com.topcoder.clients.manager.dao.DAOClientManager.createClient(Client client)>; Parameters:{ ParamName<client>; ParamValue: <[ id=0 name=name codeName=codename salesTax=1.1 isDeleted=false company=null clientStatus=null]>  }  at 2008-09-26 02:26:35.171 ]
[Exiting method <com.topcoder.clients.manager.dao.DAOClientManager.createClient(Client client)>; Return value:<[ id=12 name=name codeName=codename salesTax=1.1 isDeleted=false company=null clientStatus=null]>]  at 2008-09-26 02:26:35.171
Exiting: com.topcoder.clients.webservices.beans.ClientServiceBean#createClient(Client client)
Entering: com.topcoder.clients.webservices.beans.ClientServiceBean#setClientCodeName(Client client, String name)
[Entering method <com.topcoder.clients.manager.dao.DAOClientManager.setClientCodeName(Client client, String codeName)>; Parameters:{ ParamName<client>; ParamValue: <[ id=12 name=name codeName=codename salesTax=1.1 isDeleted=false company=null clientStatus=null]> , ParamName<codeName>; ParamValue: <new Code name>  }  at 2008-09-26 02:26:35.250 ]
[Entering method <com.topcoder.clients.manager.dao.DAOClientManager.updateClient(Client client)>; Parameters:{ ParamName<client>; ParamValue: <[ id=12 name=name codeName=new Code name salesTax=1.1 isDeleted=false company=null clientStatus=null]>  }  at 2008-09-26 02:26:35.250 ]
[Exiting method <com.topcoder.clients.manager.dao.DAOClientManager.updateClient(Client client)>; Return value:<[ id=12 name=name codeName=new Code name salesTax=1.1 isDeleted=false company=null clientStatus=null]>]  at 2008-09-26 02:26:35.250
[Exiting method <com.topcoder.clients.manager.dao.DAOClientManager.setClientCodeName(Client client, String codeName)>; Return value:<[ id=12 name=name codeName=new Code name salesTax=1.1 isDeleted=false company=null clientStatus=null]>]  at 2008-09-26 02:26:35.250
Exiting: com.topcoder.clients.webservices.beans.ClientServiceBean#setClientCodeName(Client client, String name)
----clientManagerFileLocal.properties
{clientManagerNamespace=com.topcoder.configuration.defaults.DefaultConfigurationObject@1e95777, com.topcoder.clients.manager.dao.DAOClientManager=com.topcoder.configuration.defaults.DefaultConfigurationObject@6d6c90}
IDGenerator: com.topcoder.clients.manager.dao.DAOClientManager
Entering: com.topcoder.clients.webservices.beans.ClientServiceBean#createClient(Client client)
[Entering method <com.topcoder.clients.manager.dao.DAOClientManager.createClient(Client client)>; Parameters:{ ParamName<client>; ParamValue: <[ id=0 name=name codeName=codename salesTax=1.1 isDeleted=false company=null clientStatus=null]>  }  at 2008-09-26 02:26:35.421 ]
[Exiting method <com.topcoder.clients.manager.dao.DAOClientManager.createClient(Client client)>; Return value:<[ id=13 name=name codeName=codename salesTax=1.1 isDeleted=false company=null clientStatus=null]>]  at 2008-09-26 02:26:35.421
Exiting: com.topcoder.clients.webservices.beans.ClientServiceBean#createClient(Client client)
Entering: com.topcoder.clients.webservices.beans.ClientServiceBean#setClientCodeName(Client client, String name)
Passing entity cannot be null.
java.lang.IllegalArgumentException: Passing entity cannot be null.
	at com.topcoder.util.errorhandling.ExceptionUtils.checkNull(ExceptionUtils.java:173)
	at com.topcoder.clients.webservices.beans.BeanUtils.validateCaller(BeanUtils.java:226)
	at com.topcoder.clients.webservices.beans.ClientServiceBean.setClientCodeName(ClientServiceBean.java:523)
	at com.topcoder.clients.webservices.beans.ClientServiceBeanTest.testSetClientCodeName_withNullClient(ClientServiceBeanTest.java:597)
	at sun.reflect.NativeMethodAccessorImpl.invoke0(Native Method)
	at sun.reflect.NativeMethodAccessorImpl.invoke(NativeMethodAccessorImpl.java:39)
	at sun.reflect.DelegatingMethodAccessorImpl.invoke(DelegatingMethodAccessorImpl.java:25)
	at java.lang.reflect.Method.invoke(Method.java:585)
	at junit.framework.TestCase.runTest(TestCase.java:164)
	at junit.framework.TestCase.runBare(TestCase.java:130)
	at junit.framework.TestResult$1.protect(TestResult.java:106)
	at junit.framework.TestResult.runProtected(TestResult.java:124)
	at junit.framework.TestResult.run(TestResult.java:109)
	at junit.framework.TestCase.run(TestCase.java:120)
	at junit.framework.TestSuite.runTest(TestSuite.java:230)
	at junit.framework.TestSuite.run(TestSuite.java:225)
	at junit.framework.TestSuite.runTest(TestSuite.java:230)
	at junit.framework.TestSuite.run(TestSuite.java:225)
	at junit.framework.TestSuite.runTest(TestSuite.java:230)
	at junit.framework.TestSuite.run(TestSuite.java:225)
	at org.apache.tools.ant.taskdefs.optional.junit.JUnitTestRunner.run(JUnitTestRunner.java:421)
	at org.apache.tools.ant.taskdefs.optional.junit.JUnitTestRunner.launch(JUnitTestRunner.java:912)
	at org.apache.tools.ant.taskdefs.optional.junit.JUnitTestRunner.main(JUnitTestRunner.java:766)
Exiting: com.topcoder.clients.webservices.beans.ClientServiceBean#setClientCodeName(Client client, String name)
----clientManagerFileLocal.properties
{clientManagerNamespace=com.topcoder.configuration.defaults.DefaultConfigurationObject@35c7be, com.topcoder.clients.manager.dao.DAOClientManager=com.topcoder.configuration.defaults.DefaultConfigurationObject@cca5b9}
IDGenerator: com.topcoder.clients.manager.dao.DAOClientManager
Entering: com.topcoder.clients.webservices.beans.ClientServiceBean#createClient(Client client)
[Entering method <com.topcoder.clients.manager.dao.DAOClientManager.createClient(Client client)>; Parameters:{ ParamName<client>; ParamValue: <[ id=0 name=name codeName=codename salesTax=1.1 isDeleted=false company=null clientStatus=null]>  }  at 2008-09-26 02:26:35.703 ]
[Exiting method <com.topcoder.clients.manager.dao.DAOClientManager.createClient(Client client)>; Return value:<[ id=14 name=name codeName=codename salesTax=1.1 isDeleted=false company=null clientStatus=null]>]  at 2008-09-26 02:26:35.703
Exiting: com.topcoder.clients.webservices.beans.ClientServiceBean#createClient(Client client)
Entering: com.topcoder.clients.webservices.beans.ClientServiceBean#setClientCodeName(Client client, String name)
Argument [name] cannot be null or empty string.
java.lang.IllegalArgumentException: Argument [name] cannot be null or empty string.
	at com.topcoder.util.errorhandling.ExceptionUtils.checkNullOrEmpty(ExceptionUtils.java:200)
	at com.topcoder.clients.webservices.beans.ClientServiceBean.setClientCodeName(ClientServiceBean.java:529)
	at com.topcoder.clients.webservices.beans.ClientServiceBeanTest.testSetClientCodeName_withNullCodeName(ClientServiceBeanTest.java:627)
	at sun.reflect.NativeMethodAccessorImpl.invoke0(Native Method)
	at sun.reflect.NativeMethodAccessorImpl.invoke(NativeMethodAccessorImpl.java:39)
	at sun.reflect.DelegatingMethodAccessorImpl.invoke(DelegatingMethodAccessorImpl.java:25)
	at java.lang.reflect.Method.invoke(Method.java:585)
	at junit.framework.TestCase.runTest(TestCase.java:164)
	at junit.framework.TestCase.runBare(TestCase.java:130)
	at junit.framework.TestResult$1.protect(TestResult.java:106)
	at junit.framework.TestResult.runProtected(TestResult.java:124)
	at junit.framework.TestResult.run(TestResult.java:109)
	at junit.framework.TestCase.run(TestCase.java:120)
	at junit.framework.TestSuite.runTest(TestSuite.java:230)
	at junit.framework.TestSuite.run(TestSuite.java:225)
	at junit.framework.TestSuite.runTest(TestSuite.java:230)
	at junit.framework.TestSuite.run(TestSuite.java:225)
	at junit.framework.TestSuite.runTest(TestSuite.java:230)
	at junit.framework.TestSuite.run(TestSuite.java:225)
	at org.apache.tools.ant.taskdefs.optional.junit.JUnitTestRunner.run(JUnitTestRunner.java:421)
	at org.apache.tools.ant.taskdefs.optional.junit.JUnitTestRunner.launch(JUnitTestRunner.java:912)
	at org.apache.tools.ant.taskdefs.optional.junit.JUnitTestRunner.main(JUnitTestRunner.java:766)
Exiting: com.topcoder.clients.webservices.beans.ClientServiceBean#setClientCodeName(Client client, String name)
----clientManagerFileLocal.properties
{clientManagerNamespace=com.topcoder.configuration.defaults.DefaultConfigurationObject@155bb17, com.topcoder.clients.manager.dao.DAOClientManager=com.topcoder.configuration.defaults.DefaultConfigurationObject@16e1f2f}
IDGenerator: com.topcoder.clients.manager.dao.DAOClientManager
Entering: com.topcoder.clients.webservices.beans.ClientServiceBean#createClient(Client client)
[Entering method <com.topcoder.clients.manager.dao.DAOClientManager.createClient(Client client)>; Parameters:{ ParamName<client>; ParamValue: <[ id=0 name=name codeName=codename salesTax=1.1 isDeleted=false company=null clientStatus=null]>  }  at 2008-09-26 02:26:35.968 ]
[Exiting method <com.topcoder.clients.manager.dao.DAOClientManager.createClient(Client client)>; Return value:<[ id=15 name=name codeName=codename salesTax=1.1 isDeleted=false company=null clientStatus=null]>]  at 2008-09-26 02:26:35.968
Exiting: com.topcoder.clients.webservices.beans.ClientServiceBean#createClient(Client client)
Entering: com.topcoder.clients.webservices.beans.ClientServiceBean#setClientCodeName(Client client, String name)
Argument [name] cannot be null or empty string.
java.lang.IllegalArgumentException: Argument [name] cannot be null or empty string.
	at com.topcoder.util.errorhandling.ExceptionUtils.checkNullOrEmpty(ExceptionUtils.java:200)
	at com.topcoder.clients.webservices.beans.ClientServiceBean.setClientCodeName(ClientServiceBean.java:529)
	at com.topcoder.clients.webservices.beans.ClientServiceBeanTest.testSetClientCodeName_withEmptyCodeName(ClientServiceBeanTest.java:659)
	at sun.reflect.NativeMethodAccessorImpl.invoke0(Native Method)
	at sun.reflect.NativeMethodAccessorImpl.invoke(NativeMethodAccessorImpl.java:39)
	at sun.reflect.DelegatingMethodAccessorImpl.invoke(DelegatingMethodAccessorImpl.java:25)
	at java.lang.reflect.Method.invoke(Method.java:585)
	at junit.framework.TestCase.runTest(TestCase.java:164)
	at junit.framework.TestCase.runBare(TestCase.java:130)
	at junit.framework.TestResult$1.protect(TestResult.java:106)
	at junit.framework.TestResult.runProtected(TestResult.java:124)
	at junit.framework.TestResult.run(TestResult.java:109)
	at junit.framework.TestCase.run(TestCase.java:120)
	at junit.framework.TestSuite.runTest(TestSuite.java:230)
	at junit.framework.TestSuite.run(TestSuite.java:225)
	at junit.framework.TestSuite.runTest(TestSuite.java:230)
	at junit.framework.TestSuite.run(TestSuite.java:225)
	at junit.framework.TestSuite.runTest(TestSuite.java:230)
	at junit.framework.TestSuite.run(TestSuite.java:225)
	at org.apache.tools.ant.taskdefs.optional.junit.JUnitTestRunner.run(JUnitTestRunner.java:421)
	at org.apache.tools.ant.taskdefs.optional.junit.JUnitTestRunner.launch(JUnitTestRunner.java:912)
	at org.apache.tools.ant.taskdefs.optional.junit.JUnitTestRunner.main(JUnitTestRunner.java:766)
Exiting: com.topcoder.clients.webservices.beans.ClientServiceBean#setClientCodeName(Client client, String name)
----clientManagerFileLocal.properties
{clientManagerNamespace=com.topcoder.configuration.defaults.DefaultConfigurationObject@1d6a00c, com.topcoder.clients.manager.dao.DAOClientManager=com.topcoder.configuration.defaults.DefaultConfigurationObject@1a5a709}
IDGenerator: com.topcoder.clients.manager.dao.DAOClientManager
Entering: com.topcoder.clients.webservices.beans.ClientServiceBean#createClient(Client client)
[Entering method <com.topcoder.clients.manager.dao.DAOClientManager.createClient(Client client)>; Parameters:{ ParamName<client>; ParamValue: <[ id=0 name=name codeName=codename salesTax=1.1 isDeleted=false company=null clientStatus=null]>  }  at 2008-09-26 02:26:36.250 ]
[Exiting method <com.topcoder.clients.manager.dao.DAOClientManager.createClient(Client client)>; Return value:<[ id=16 name=name codeName=codename salesTax=1.1 isDeleted=false company=null clientStatus=null]>]  at 2008-09-26 02:26:36.250
Exiting: com.topcoder.clients.webservices.beans.ClientServiceBean#createClient(Client client)
Entering: com.topcoder.clients.webservices.beans.ClientServiceBean#setClientCodeName(Client client, String name)
Property 'UserMappingRetriever' has null state. Check your configuration again !!!
java.lang.IllegalStateException: Property 'UserMappingRetriever' has null state. Check your configuration again !!!
	at com.topcoder.clients.webservices.beans.BeanUtils.checkState(BeanUtils.java:465)
	at com.topcoder.clients.webservices.beans.BeanUtils.validateCaller(BeanUtils.java:225)
	at com.topcoder.clients.webservices.beans.ClientServiceBean.setClientCodeName(ClientServiceBean.java:523)
	at com.topcoder.clients.webservices.beans.ClientServiceBeanTest.testSetClientCodeName_withNullManager(ClientServiceBeanTest.java:692)
	at sun.reflect.NativeMethodAccessorImpl.invoke0(Native Method)
	at sun.reflect.NativeMethodAccessorImpl.invoke(NativeMethodAccessorImpl.java:39)
	at sun.reflect.DelegatingMethodAccessorImpl.invoke(DelegatingMethodAccessorImpl.java:25)
	at java.lang.reflect.Method.invoke(Method.java:585)
	at junit.framework.TestCase.runTest(TestCase.java:164)
	at junit.framework.TestCase.runBare(TestCase.java:130)
	at junit.framework.TestResult$1.protect(TestResult.java:106)
	at junit.framework.TestResult.runProtected(TestResult.java:124)
	at junit.framework.TestResult.run(TestResult.java:109)
	at junit.framework.TestCase.run(TestCase.java:120)
	at junit.framework.TestSuite.runTest(TestSuite.java:230)
	at junit.framework.TestSuite.run(TestSuite.java:225)
	at junit.framework.TestSuite.runTest(TestSuite.java:230)
	at junit.framework.TestSuite.run(TestSuite.java:225)
	at junit.framework.TestSuite.runTest(TestSuite.java:230)
	at junit.framework.TestSuite.run(TestSuite.java:225)
	at org.apache.tools.ant.taskdefs.optional.junit.JUnitTestRunner.run(JUnitTestRunner.java:421)
	at org.apache.tools.ant.taskdefs.optional.junit.JUnitTestRunner.launch(JUnitTestRunner.java:912)
	at org.apache.tools.ant.taskdefs.optional.junit.JUnitTestRunner.main(JUnitTestRunner.java:766)
Exiting: com.topcoder.clients.webservices.beans.ClientServiceBean#setClientCodeName(Client client, String name)
----clientManagerFileLocal.properties
{clientManagerNamespace=com.topcoder.configuration.defaults.DefaultConfigurationObject@4a4acd, com.topcoder.clients.manager.dao.DAOClientManager=com.topcoder.configuration.defaults.DefaultConfigurationObject@174e73d}
IDGenerator: com.topcoder.clients.manager.dao.DAOClientManager
Entering: com.topcoder.clients.webservices.beans.ClientServiceBean#createClient(Client client)
[Entering method <com.topcoder.clients.manager.dao.DAOClientManager.createClient(Client client)>; Parameters:{ ParamName<client>; ParamValue: <[ id=0 name=name codeName=codename salesTax=1.1 isDeleted=false company=null clientStatus=null]>  }  at 2008-09-26 02:26:36.500 ]
[Exiting method <com.topcoder.clients.manager.dao.DAOClientManager.createClient(Client client)>; Return value:<[ id=17 name=name codeName=codename salesTax=1.1 isDeleted=false company=null clientStatus=null]>]  at 2008-09-26 02:26:36.500
Exiting: com.topcoder.clients.webservices.beans.ClientServiceBean#createClient(Client client)
Entering: com.topcoder.clients.webservices.beans.ClientServiceBean#setClientCodeName(Client client, String name)
[Entering method <com.topcoder.clients.manager.dao.DAOClientManager.setClientCodeName(Client client, String codeName)>; Parameters:{ ParamName<client>; ParamValue: <[ id=17 name=name codeName=codename salesTax=1.1 isDeleted=false company=null clientStatus=null]> , ParamName<codeName>; ParamValue: <new Code name>  }  at 2008-09-26 02:26:36.578 ]
[Entering method <com.topcoder.clients.manager.dao.DAOClientManager.updateClient(Client client)>; Parameters:{ ParamName<client>; ParamValue: <[ id=17 name=name codeName=new Code name salesTax=1.1 isDeleted=false company=null clientStatus=null]>  }  at 2008-09-26 02:26:36.578 ]
[Error occurred in method <com.topcoder.clients.manager.dao.DAOClientManager.updateClient(Client client)>, cause by :
com.topcoder.clients.manager.ClientManagerException: Fail to update the client, cause by Failure from persistence.
	at com.topcoder.clients.manager.dao.DAOClientManager.wrapInnerException(DAOClientManager.java:304)
	at com.topcoder.clients.manager.dao.DAOClientManager.updateClient(DAOClientManager.java:354)
	at com.topcoder.clients.manager.dao.DAOClientManager.setClientCodeName(DAOClientManager.java:483)
	at com.topcoder.clients.webservices.beans.ClientServiceBean.setClientCodeNameOrStatus(ClientServiceBean.java:673)
	at com.topcoder.clients.webservices.beans.ClientServiceBean.setClientCodeName(ClientServiceBean.java:535)
	at com.topcoder.clients.webservices.beans.ClientServiceBeanTest.testSetClientCodeName_withNFailService(ClientServiceBeanTest.java:724)
	at sun.reflect.NativeMethodAccessorImpl.invoke0(Native Method)
	at sun.reflect.NativeMethodAccessorImpl.invoke(NativeMethodAccessorImpl.java:39)
	at sun.reflect.DelegatingMethodAccessorImpl.invoke(DelegatingMethodAccessorImpl.java:25)
	at java.lang.reflect.Method.invoke(Method.java:585)
	at junit.framework.TestCase.runTest(TestCase.java:164)
	at junit.framework.TestCase.runBare(TestCase.java:130)
	at junit.framework.TestResult$1.protect(TestResult.java:106)
	at junit.framework.TestResult.runProtected(TestResult.java:124)
	at junit.framework.TestResult.run(TestResult.java:109)
	at junit.framework.TestCase.run(TestCase.java:120)
	at junit.framework.TestSuite.runTest(TestSuite.java:230)
	at junit.framework.TestSuite.run(TestSuite.java:225)
	at junit.framework.TestSuite.runTest(TestSuite.java:230)
	at junit.framework.TestSuite.run(TestSuite.java:225)
	at junit.framework.TestSuite.runTest(TestSuite.java:230)
	at junit.framework.TestSuite.run(TestSuite.java:225)
	at org.apache.tools.ant.taskdefs.optional.junit.JUnitTestRunner.run(JUnitTestRunner.java:421)
	at org.apache.tools.ant.taskdefs.optional.junit.JUnitTestRunner.launch(JUnitTestRunner.java:912)
	at org.apache.tools.ant.taskdefs.optional.junit.JUnitTestRunner.main(JUnitTestRunner.java:766)
Caused by: com.topcoder.clients.dao.DAOException: Failure from persistence.
	at com.topcoder.clients.webservices.mock.MockClientDAO.checkFlag(MockClientDAO.java:177)
	at com.topcoder.clients.webservices.mock.MockClientDAO.retrieveById(MockClientDAO.java:73)
	at com.topcoder.clients.webservices.mock.MockClientDAO.retrieveById(MockClientDAO.java:27)
	at com.topcoder.clients.manager.dao.DAOClientManager.checkClientExisted(DAOClientManager.java:377)
	at com.topcoder.clients.manager.dao.DAOClientManager.updateClient(DAOClientManager.java:340)
	... 23 more
Fail perform operation.
com.topcoder.clients.webservices.ClientServiceException: Fail perform operation.
	at com.topcoder.clients.webservices.beans.ClientServiceBean.setClientCodeNameOrStatus(ClientServiceBean.java:678)
	at com.topcoder.clients.webservices.beans.ClientServiceBean.setClientCodeName(ClientServiceBean.java:535)
	at com.topcoder.clients.webservices.beans.ClientServiceBeanTest.testSetClientCodeName_withNFailService(ClientServiceBeanTest.java:724)
	at sun.reflect.NativeMethodAccessorImpl.invoke0(Native Method)
	at sun.reflect.NativeMethodAccessorImpl.invoke(NativeMethodAccessorImpl.java:39)
	at sun.reflect.DelegatingMethodAccessorImpl.invoke(DelegatingMethodAccessorImpl.java:25)
	at java.lang.reflect.Method.invoke(Method.java:585)
	at junit.framework.TestCase.runTest(TestCase.java:164)
	at junit.framework.TestCase.runBare(TestCase.java:130)
	at junit.framework.TestResult$1.protect(TestResult.java:106)
	at junit.framework.TestResult.runProtected(TestResult.java:124)
	at junit.framework.TestResult.run(TestResult.java:109)
	at junit.framework.TestCase.run(TestCase.java:120)
	at junit.framework.TestSuite.runTest(TestSuite.java:230)
	at junit.framework.TestSuite.run(TestSuite.java:225)
	at junit.framework.TestSuite.runTest(TestSuite.java:230)
	at junit.framework.TestSuite.run(TestSuite.java:225)
	at junit.framework.TestSuite.runTest(TestSuite.java:230)
	at junit.framework.TestSuite.run(TestSuite.java:225)
	at org.apache.tools.ant.taskdefs.optional.junit.JUnitTestRunner.run(JUnitTestRunner.java:421)
	at org.apache.tools.ant.taskdefs.optional.junit.JUnitTestRunner.launch(JUnitTestRunner.java:912)
	at org.apache.tools.ant.taskdefs.optional.junit.JUnitTestRunner.main(JUnitTestRunner.java:766)
Caused by: com.topcoder.clients.manager.ClientManagerException: Fail to update the client, cause by Failure from persistence.
	at com.topcoder.clients.manager.dao.DAOClientManager.wrapInnerException(DAOClientManager.java:304)
	at com.topcoder.clients.manager.dao.DAOClientManager.updateClient(DAOClientManager.java:354)
	at com.topcoder.clients.manager.dao.DAOClientManager.setClientCodeName(DAOClientManager.java:483)
	at com.topcoder.clients.webservices.beans.ClientServiceBean.setClientCodeNameOrStatus(ClientServiceBean.java:673)
	... 21 more
Caused by: com.topcoder.clients.dao.DAOException: Failure from persistence.
	at com.topcoder.clients.webservices.mock.MockClientDAO.checkFlag(MockClientDAO.java:177)
	at com.topcoder.clients.webservices.mock.MockClientDAO.retrieveById(MockClientDAO.java:73)
	at com.topcoder.clients.webservices.mock.MockClientDAO.retrieveById(MockClientDAO.java:27)
	at com.topcoder.clients.manager.dao.DAOClientManager.checkClientExisted(DAOClientManager.java:377)
	at com.topcoder.clients.manager.dao.DAOClientManager.updateClient(DAOClientManager.java:340)
	... 23 more
Exiting: com.topcoder.clients.webservices.beans.ClientServiceBean#setClientCodeName(Client client, String name)
----clientManagerFileLocal.properties
{clientManagerNamespace=com.topcoder.configuration.defaults.DefaultConfigurationObject@96523c, com.topcoder.clients.manager.dao.DAOClientManager=com.topcoder.configuration.defaults.DefaultConfigurationObject@f0e58b}
IDGenerator: com.topcoder.clients.manager.dao.DAOClientManager
Entering: com.topcoder.clients.webservices.beans.ClientServiceBean#createClient(Client client)
[Entering method <com.topcoder.clients.manager.dao.DAOClientManager.createClient(Client client)>; Parameters:{ ParamName<client>; ParamValue: <[ id=0 name=name codeName=codename salesTax=1.1 isDeleted=false company=null clientStatus=null]>  }  at 2008-09-26 02:26:36.812 ]
[Exiting method <com.topcoder.clients.manager.dao.DAOClientManager.createClient(Client client)>; Return value:<[ id=18 name=name codeName=codename salesTax=1.1 isDeleted=false company=null clientStatus=null]>]  at 2008-09-26 02:26:36.812
Exiting: com.topcoder.clients.webservices.beans.ClientServiceBean#createClient(Client client)
Entering: com.topcoder.clients.webservices.beans.ClientServiceBean#setClientCodeName(Client client, String name)
Not has authorization to perform operation: com.topcoder.clients.webservices.beans.ClientServiceBean#setClientCodeName(Client client, String name)
com.topcoder.clients.webservices.beans.AuthorizationFailedException: Not has authorization to perform operation: com.topcoder.clients.webservices.beans.ClientServiceBean#setClientCodeName(Client client, String name)
	at com.topcoder.clients.webservices.beans.BeanUtils.validateCaller(BeanUtils.java:262)
	at com.topcoder.clients.webservices.beans.ClientServiceBean.setClientCodeName(ClientServiceBean.java:523)
	at com.topcoder.clients.webservices.beans.ClientServiceBeanTest.testSetClientCodeName_withFailAuthorization(ClientServiceBeanTest.java:755)
	at sun.reflect.NativeMethodAccessorImpl.invoke0(Native Method)
	at sun.reflect.NativeMethodAccessorImpl.invoke(NativeMethodAccessorImpl.java:39)
	at sun.reflect.DelegatingMethodAccessorImpl.invoke(DelegatingMethodAccessorImpl.java:25)
	at java.lang.reflect.Method.invoke(Method.java:585)
	at junit.framework.TestCase.runTest(TestCase.java:164)
	at junit.framework.TestCase.runBare(TestCase.java:130)
	at junit.framework.TestResult$1.protect(TestResult.java:106)
	at junit.framework.TestResult.runProtected(TestResult.java:124)
	at junit.framework.TestResult.run(TestResult.java:109)
	at junit.framework.TestCase.run(TestCase.java:120)
	at junit.framework.TestSuite.runTest(TestSuite.java:230)
	at junit.framework.TestSuite.run(TestSuite.java:225)
	at junit.framework.TestSuite.runTest(TestSuite.java:230)
	at junit.framework.TestSuite.run(TestSuite.java:225)
	at junit.framework.TestSuite.runTest(TestSuite.java:230)
	at junit.framework.TestSuite.run(TestSuite.java:225)
	at org.apache.tools.ant.taskdefs.optional.junit.JUnitTestRunner.run(JUnitTestRunner.java:421)
	at org.apache.tools.ant.taskdefs.optional.junit.JUnitTestRunner.launch(JUnitTestRunner.java:912)
	at org.apache.tools.ant.taskdefs.optional.junit.JUnitTestRunner.main(JUnitTestRunner.java:766)
Exiting: com.topcoder.clients.webservices.beans.ClientServiceBean#setClientCodeName(Client client, String name)
----clientManagerFileLocal.properties
{clientManagerNamespace=com.topcoder.configuration.defaults.DefaultConfigurationObject@13e696b, com.topcoder.clients.manager.dao.DAOClientManager=com.topcoder.configuration.defaults.DefaultConfigurationObject@7afbb9}
IDGenerator: com.topcoder.clients.manager.dao.DAOClientManager
Entering: com.topcoder.clients.webservices.beans.ClientServiceBean#createClient(Client client)
[Entering method <com.topcoder.clients.manager.dao.DAOClientManager.createClient(Client client)>; Parameters:{ ParamName<client>; ParamValue: <[ id=0 name=name codeName=codename salesTax=1.1 isDeleted=false company=null clientStatus=null]>  }  at 2008-09-26 02:26:37.046 ]
[Exiting method <com.topcoder.clients.manager.dao.DAOClientManager.createClient(Client client)>; Return value:<[ id=19 name=name codeName=codename salesTax=1.1 isDeleted=false company=null clientStatus=null]>]  at 2008-09-26 02:26:37.046
Exiting: com.topcoder.clients.webservices.beans.ClientServiceBean#createClient(Client client)
Entering: com.topcoder.clients.webservices.beans.ClientServiceBean#setClientStatus(Client client, ClientStatus status)
[Entering method <com.topcoder.clients.manager.dao.DAOClientManager.setClientStatus(Client client, ClientStatus status)>; Parameters:{ ParamName<client>; ParamValue: <[ id=19 name=name codeName=codename salesTax=1.1 isDeleted=false company=null clientStatus=null]> , ParamName<status>; ParamValue: <[ id=23 name=name description=description isDeleted=false]>  }  at 2008-09-26 02:26:37.140 ]
[Entering method <com.topcoder.clients.manager.dao.DAOClientManager.updateClient(Client client)>; Parameters:{ ParamName<client>; ParamValue: <[ id=19 name=name codeName=codename salesTax=1.1 isDeleted=false company=null clientStatus=[ id=23 name=name description=description isDeleted=false&#x5d;&#x5d;&gt;  }  at 2008-09-26 02:26:37.140 ]
[Exiting method <com.topcoder.clients.manager.dao.DAOClientManager.updateClient(Client client)>; Return value:<[ id=19 name=name codeName=codename salesTax=1.1 isDeleted=false company=null clientStatus=[ id=23 name=name description=description isDeleted=false&#x5d;&#x5d;&gt;]  at 2008-09-26 02:26:37.140
[Exiting method <com.topcoder.clients.manager.dao.DAOClientManager.setClientStatus(Client client, ClientStatus status)>; Return value:<[ id=19 name=name codeName=codename salesTax=1.1 isDeleted=false company=null clientStatus=[ id=23 name=name description=description isDeleted=false&#x5d;&#x5d;&gt;]  at 2008-09-26 02:26:37.140
Exiting: com.topcoder.clients.webservices.beans.ClientServiceBean#setClientStatus(Client client, ClientStatus status)
----clientManagerFileLocal.properties
{clientManagerNamespace=com.topcoder.configuration.defaults.DefaultConfigurationObject@1e7f8de, com.topcoder.clients.manager.dao.DAOClientManager=com.topcoder.configuration.defaults.DefaultConfigurationObject@83e909}
IDGenerator: com.topcoder.clients.manager.dao.DAOClientManager
Entering: com.topcoder.clients.webservices.beans.ClientServiceBean#createClient(Client client)
[Entering method <com.topcoder.clients.manager.dao.DAOClientManager.createClient(Client client)>; Parameters:{ ParamName<client>; ParamValue: <[ id=0 name=name codeName=codename salesTax=1.1 isDeleted=false company=null clientStatus=null]>  }  at 2008-09-26 02:26:37.343 ]
[Exiting method <com.topcoder.clients.manager.dao.DAOClientManager.createClient(Client client)>; Return value:<[ id=20 name=name codeName=codename salesTax=1.1 isDeleted=false company=null clientStatus=null]>]  at 2008-09-26 02:26:37.343
Exiting: com.topcoder.clients.webservices.beans.ClientServiceBean#createClient(Client client)
Entering: com.topcoder.clients.webservices.beans.ClientServiceBean#setClientStatus(Client client, ClientStatus status)
Passing entity cannot be null.
java.lang.IllegalArgumentException: Passing entity cannot be null.
	at com.topcoder.util.errorhandling.ExceptionUtils.checkNull(ExceptionUtils.java:173)
	at com.topcoder.clients.webservices.beans.BeanUtils.validateCaller(BeanUtils.java:226)
	at com.topcoder.clients.webservices.beans.ClientServiceBean.setClientStatus(ClientServiceBean.java:585)
	at com.topcoder.clients.webservices.beans.ClientServiceBeanTest.testSetClientStatus_WithNullClient(ClientServiceBeanTest.java:814)
	at sun.reflect.NativeMethodAccessorImpl.invoke0(Native Method)
	at sun.reflect.NativeMethodAccessorImpl.invoke(NativeMethodAccessorImpl.java:39)
	at sun.reflect.DelegatingMethodAccessorImpl.invoke(DelegatingMethodAccessorImpl.java:25)
	at java.lang.reflect.Method.invoke(Method.java:585)
	at junit.framework.TestCase.runTest(TestCase.java:164)
	at junit.framework.TestCase.runBare(TestCase.java:130)
	at junit.framework.TestResult$1.protect(TestResult.java:106)
	at junit.framework.TestResult.runProtected(TestResult.java:124)
	at junit.framework.TestResult.run(TestResult.java:109)
	at junit.framework.TestCase.run(TestCase.java:120)
	at junit.framework.TestSuite.runTest(TestSuite.java:230)
	at junit.framework.TestSuite.run(TestSuite.java:225)
	at junit.framework.TestSuite.runTest(TestSuite.java:230)
	at junit.framework.TestSuite.run(TestSuite.java:225)
	at junit.framework.TestSuite.runTest(TestSuite.java:230)
	at junit.framework.TestSuite.run(TestSuite.java:225)
	at org.apache.tools.ant.taskdefs.optional.junit.JUnitTestRunner.run(JUnitTestRunner.java:421)
	at org.apache.tools.ant.taskdefs.optional.junit.JUnitTestRunner.launch(JUnitTestRunner.java:912)
	at org.apache.tools.ant.taskdefs.optional.junit.JUnitTestRunner.main(JUnitTestRunner.java:766)
Exiting: com.topcoder.clients.webservices.beans.ClientServiceBean#setClientStatus(Client client, ClientStatus status)
----clientManagerFileLocal.properties
{clientManagerNamespace=com.topcoder.configuration.defaults.DefaultConfigurationObject@18e8c37, com.topcoder.clients.manager.dao.DAOClientManager=com.topcoder.configuration.defaults.DefaultConfigurationObject@197863e}
IDGenerator: com.topcoder.clients.manager.dao.DAOClientManager
Entering: com.topcoder.clients.webservices.beans.ClientServiceBean#createClient(Client client)
[Entering method <com.topcoder.clients.manager.dao.DAOClientManager.createClient(Client client)>; Parameters:{ ParamName<client>; ParamValue: <[ id=0 name=name codeName=codename salesTax=1.1 isDeleted=false company=null clientStatus=null]>  }  at 2008-09-26 02:26:37.578 ]
[Exiting method <com.topcoder.clients.manager.dao.DAOClientManager.createClient(Client client)>; Return value:<[ id=21 name=name codeName=codename salesTax=1.1 isDeleted=false company=null clientStatus=null]>]  at 2008-09-26 02:26:37.781
Exiting: com.topcoder.clients.webservices.beans.ClientServiceBean#createClient(Client client)
Entering: com.topcoder.clients.webservices.beans.ClientServiceBean#setClientStatus(Client client, ClientStatus status)
Argument [status] cannot be null or empty string.
java.lang.IllegalArgumentException: Argument [status] cannot be null or empty string.
	at com.topcoder.util.errorhandling.ExceptionUtils.checkNull(ExceptionUtils.java:173)
	at com.topcoder.clients.webservices.beans.ClientServiceBean.setClientStatus(ClientServiceBean.java:591)
	at com.topcoder.clients.webservices.beans.ClientServiceBeanTest.testSetClientStatus_WithNullStatus(ClientServiceBeanTest.java:844)
	at sun.reflect.NativeMethodAccessorImpl.invoke0(Native Method)
	at sun.reflect.NativeMethodAccessorImpl.invoke(NativeMethodAccessorImpl.java:39)
	at sun.reflect.DelegatingMethodAccessorImpl.invoke(DelegatingMethodAccessorImpl.java:25)
	at java.lang.reflect.Method.invoke(Method.java:585)
	at junit.framework.TestCase.runTest(TestCase.java:164)
	at junit.framework.TestCase.runBare(TestCase.java:130)
	at junit.framework.TestResult$1.protect(TestResult.java:106)
	at junit.framework.TestResult.runProtected(TestResult.java:124)
	at junit.framework.TestResult.run(TestResult.java:109)
	at junit.framework.TestCase.run(TestCase.java:120)
	at junit.framework.TestSuite.runTest(TestSuite.java:230)
	at junit.framework.TestSuite.run(TestSuite.java:225)
	at junit.framework.TestSuite.runTest(TestSuite.java:230)
	at junit.framework.TestSuite.run(TestSuite.java:225)
	at junit.framework.TestSuite.runTest(TestSuite.java:230)
	at junit.framework.TestSuite.run(TestSuite.java:225)
	at org.apache.tools.ant.taskdefs.optional.junit.JUnitTestRunner.run(JUnitTestRunner.java:421)
	at org.apache.tools.ant.taskdefs.optional.junit.JUnitTestRunner.launch(JUnitTestRunner.java:912)
	at org.apache.tools.ant.taskdefs.optional.junit.JUnitTestRunner.main(JUnitTestRunner.java:766)
Exiting: com.topcoder.clients.webservices.beans.ClientServiceBean#setClientStatus(Client client, ClientStatus status)
----clientManagerFileLocal.properties
{clientManagerNamespace=com.topcoder.configuration.defaults.DefaultConfigurationObject@39856b, com.topcoder.clients.manager.dao.DAOClientManager=com.topcoder.configuration.defaults.DefaultConfigurationObject@664140}
IDGenerator: com.topcoder.clients.manager.dao.DAOClientManager
Entering: com.topcoder.clients.webservices.beans.ClientServiceBean#createClient(Client client)
[Entering method <com.topcoder.clients.manager.dao.DAOClientManager.createClient(Client client)>; Parameters:{ ParamName<client>; ParamValue: <[ id=0 name=name codeName=codename salesTax=1.1 isDeleted=false company=null clientStatus=null]>  }  at 2008-09-26 02:26:38.046 ]
[Exiting method <com.topcoder.clients.manager.dao.DAOClientManager.createClient(Client client)>; Return value:<[ id=22 name=name codeName=codename salesTax=1.1 isDeleted=false company=null clientStatus=null]>]  at 2008-09-26 02:26:38.046
Exiting: com.topcoder.clients.webservices.beans.ClientServiceBean#createClient(Client client)
Entering: com.topcoder.clients.webservices.beans.ClientServiceBean#setClientStatus(Client client, ClientStatus status)
Property 'UserMappingRetriever' has null state. Check your configuration again !!!
java.lang.IllegalStateException: Property 'UserMappingRetriever' has null state. Check your configuration again !!!
	at com.topcoder.clients.webservices.beans.BeanUtils.checkState(BeanUtils.java:465)
	at com.topcoder.clients.webservices.beans.BeanUtils.validateCaller(BeanUtils.java:225)
	at com.topcoder.clients.webservices.beans.ClientServiceBean.setClientStatus(ClientServiceBean.java:585)
	at com.topcoder.clients.webservices.beans.ClientServiceBeanTest.testSetClientStatus_WithNullManager(ClientServiceBeanTest.java:879)
	at sun.reflect.NativeMethodAccessorImpl.invoke0(Native Method)
	at sun.reflect.NativeMethodAccessorImpl.invoke(NativeMethodAccessorImpl.java:39)
	at sun.reflect.DelegatingMethodAccessorImpl.invoke(DelegatingMethodAccessorImpl.java:25)
	at java.lang.reflect.Method.invoke(Method.java:585)
	at junit.framework.TestCase.runTest(TestCase.java:164)
	at junit.framework.TestCase.runBare(TestCase.java:130)
	at junit.framework.TestResult$1.protect(TestResult.java:106)
	at junit.framework.TestResult.runProtected(TestResult.java:124)
	at junit.framework.TestResult.run(TestResult.java:109)
	at junit.framework.TestCase.run(TestCase.java:120)
	at junit.framework.TestSuite.runTest(TestSuite.java:230)
	at junit.framework.TestSuite.run(TestSuite.java:225)
	at junit.framework.TestSuite.runTest(TestSuite.java:230)
	at junit.framework.TestSuite.run(TestSuite.java:225)
	at junit.framework.TestSuite.runTest(TestSuite.java:230)
	at junit.framework.TestSuite.run(TestSuite.java:225)
	at org.apache.tools.ant.taskdefs.optional.junit.JUnitTestRunner.run(JUnitTestRunner.java:421)
	at org.apache.tools.ant.taskdefs.optional.junit.JUnitTestRunner.launch(JUnitTestRunner.java:912)
	at org.apache.tools.ant.taskdefs.optional.junit.JUnitTestRunner.main(JUnitTestRunner.java:766)
Exiting: com.topcoder.clients.webservices.beans.ClientServiceBean#setClientStatus(Client client, ClientStatus status)
----clientManagerFileLocal.properties
{clientManagerNamespace=com.topcoder.configuration.defaults.DefaultConfigurationObject@cc9aa3, com.topcoder.clients.manager.dao.DAOClientManager=com.topcoder.configuration.defaults.DefaultConfigurationObject@bc7a1c}
IDGenerator: com.topcoder.clients.manager.dao.DAOClientManager
Entering: com.topcoder.clients.webservices.beans.ClientServiceBean#createClient(Client client)
[Entering method <com.topcoder.clients.manager.dao.DAOClientManager.createClient(Client client)>; Parameters:{ ParamName<client>; ParamValue: <[ id=0 name=name codeName=codename salesTax=1.1 isDeleted=false company=null clientStatus=null]>  }  at 2008-09-26 02:26:38.281 ]
[Exiting method <com.topcoder.clients.manager.dao.DAOClientManager.createClient(Client client)>; Return value:<[ id=23 name=name codeName=codename salesTax=1.1 isDeleted=false company=null clientStatus=null]>]  at 2008-09-26 02:26:38.281
Exiting: com.topcoder.clients.webservices.beans.ClientServiceBean#createClient(Client client)
Entering: com.topcoder.clients.webservices.beans.ClientServiceBean#setClientStatus(Client client, ClientStatus status)
[Entering method <com.topcoder.clients.manager.dao.DAOClientManager.setClientStatus(Client client, ClientStatus status)>; Parameters:{ ParamName<client>; ParamValue: <[ id=23 name=name codeName=codename salesTax=1.1 isDeleted=false company=null clientStatus=null]> , ParamName<status>; ParamValue: <[ id=30 name=name description=description isDeleted=false]>  }  at 2008-09-26 02:26:38.359 ]
[Entering method <com.topcoder.clients.manager.dao.DAOClientManager.updateClient(Client client)>; Parameters:{ ParamName<client>; ParamValue: <[ id=23 name=name codeName=codename salesTax=1.1 isDeleted=false company=null clientStatus=[ id=30 name=name description=description isDeleted=false&#x5d;&#x5d;&gt;  }  at 2008-09-26 02:26:38.359 ]
[Error occurred in method <com.topcoder.clients.manager.dao.DAOClientManager.updateClient(Client client)>, cause by :
com.topcoder.clients.manager.ClientManagerException: Fail to update the client, cause by Failure from persistence.
	at com.topcoder.clients.manager.dao.DAOClientManager.wrapInnerException(DAOClientManager.java:304)
	at com.topcoder.clients.manager.dao.DAOClientManager.updateClient(DAOClientManager.java:354)
	at com.topcoder.clients.manager.dao.DAOClientManager.setClientStatus(DAOClientManager.java:528)
	at com.topcoder.clients.webservices.beans.ClientServiceBean.setClientCodeNameOrStatus(ClientServiceBean.java:673)
	at com.topcoder.clients.webservices.beans.ClientServiceBean.setClientStatus(ClientServiceBean.java:597)
	at com.topcoder.clients.webservices.beans.ClientServiceBeanTest.testSetClientStatus_WithFailService(ClientServiceBeanTest.java:911)
	at sun.reflect.NativeMethodAccessorImpl.invoke0(Native Method)
	at sun.reflect.NativeMethodAccessorImpl.invoke(NativeMethodAccessorImpl.java:39)
	at sun.reflect.DelegatingMethodAccessorImpl.invoke(DelegatingMethodAccessorImpl.java:25)
	at java.lang.reflect.Method.invoke(Method.java:585)
	at junit.framework.TestCase.runTest(TestCase.java:164)
	at junit.framework.TestCase.runBare(TestCase.java:130)
	at junit.framework.TestResult$1.protect(TestResult.java:106)
	at junit.framework.TestResult.runProtected(TestResult.java:124)
	at junit.framework.TestResult.run(TestResult.java:109)
	at junit.framework.TestCase.run(TestCase.java:120)
	at junit.framework.TestSuite.runTest(TestSuite.java:230)
	at junit.framework.TestSuite.run(TestSuite.java:225)
	at junit.framework.TestSuite.runTest(TestSuite.java:230)
	at junit.framework.TestSuite.run(TestSuite.java:225)
	at junit.framework.TestSuite.runTest(TestSuite.java:230)
	at junit.framework.TestSuite.run(TestSuite.java:225)
	at org.apache.tools.ant.taskdefs.optional.junit.JUnitTestRunner.run(JUnitTestRunner.java:421)
	at org.apache.tools.ant.taskdefs.optional.junit.JUnitTestRunner.launch(JUnitTestRunner.java:912)
	at org.apache.tools.ant.taskdefs.optional.junit.JUnitTestRunner.main(JUnitTestRunner.java:766)
Caused by: com.topcoder.clients.dao.DAOException: Failure from persistence.
	at com.topcoder.clients.webservices.mock.MockClientDAO.checkFlag(MockClientDAO.java:177)
	at com.topcoder.clients.webservices.mock.MockClientDAO.retrieveById(MockClientDAO.java:73)
	at com.topcoder.clients.webservices.mock.MockClientDAO.retrieveById(MockClientDAO.java:27)
	at com.topcoder.clients.manager.dao.DAOClientManager.checkClientExisted(DAOClientManager.java:377)
	at com.topcoder.clients.manager.dao.DAOClientManager.updateClient(DAOClientManager.java:340)
	... 23 more
Fail perform operation.
com.topcoder.clients.webservices.ClientServiceException: Fail perform operation.
	at com.topcoder.clients.webservices.beans.ClientServiceBean.setClientCodeNameOrStatus(ClientServiceBean.java:678)
	at com.topcoder.clients.webservices.beans.ClientServiceBean.setClientStatus(ClientServiceBean.java:597)
	at com.topcoder.clients.webservices.beans.ClientServiceBeanTest.testSetClientStatus_WithFailService(ClientServiceBeanTest.java:911)
	at sun.reflect.NativeMethodAccessorImpl.invoke0(Native Method)
	at sun.reflect.NativeMethodAccessorImpl.invoke(NativeMethodAccessorImpl.java:39)
	at sun.reflect.DelegatingMethodAccessorImpl.invoke(DelegatingMethodAccessorImpl.java:25)
	at java.lang.reflect.Method.invoke(Method.java:585)
	at junit.framework.TestCase.runTest(TestCase.java:164)
	at junit.framework.TestCase.runBare(TestCase.java:130)
	at junit.framework.TestResult$1.protect(TestResult.java:106)
	at junit.framework.TestResult.runProtected(TestResult.java:124)
	at junit.framework.TestResult.run(TestResult.java:109)
	at junit.framework.TestCase.run(TestCase.java:120)
	at junit.framework.TestSuite.runTest(TestSuite.java:230)
	at junit.framework.TestSuite.run(TestSuite.java:225)
	at junit.framework.TestSuite.runTest(TestSuite.java:230)
	at junit.framework.TestSuite.run(TestSuite.java:225)
	at junit.framework.TestSuite.runTest(TestSuite.java:230)
	at junit.framework.TestSuite.run(TestSuite.java:225)
	at org.apache.tools.ant.taskdefs.optional.junit.JUnitTestRunner.run(JUnitTestRunner.java:421)
	at org.apache.tools.ant.taskdefs.optional.junit.JUnitTestRunner.launch(JUnitTestRunner.java:912)
	at org.apache.tools.ant.taskdefs.optional.junit.JUnitTestRunner.main(JUnitTestRunner.java:766)
Caused by: com.topcoder.clients.manager.ClientManagerException: Fail to update the client, cause by Failure from persistence.
	at com.topcoder.clients.manager.dao.DAOClientManager.wrapInnerException(DAOClientManager.java:304)
	at com.topcoder.clients.manager.dao.DAOClientManager.updateClient(DAOClientManager.java:354)
	at com.topcoder.clients.manager.dao.DAOClientManager.setClientStatus(DAOClientManager.java:528)
	at com.topcoder.clients.webservices.beans.ClientServiceBean.setClientCodeNameOrStatus(ClientServiceBean.java:673)
	... 21 more
Caused by: com.topcoder.clients.dao.DAOException: Failure from persistence.
	at com.topcoder.clients.webservices.mock.MockClientDAO.checkFlag(MockClientDAO.java:177)
	at com.topcoder.clients.webservices.mock.MockClientDAO.retrieveById(MockClientDAO.java:73)
	at com.topcoder.clients.webservices.mock.MockClientDAO.retrieveById(MockClientDAO.java:27)
	at com.topcoder.clients.manager.dao.DAOClientManager.checkClientExisted(DAOClientManager.java:377)
	at com.topcoder.clients.manager.dao.DAOClientManager.updateClient(DAOClientManager.java:340)
	... 23 more
Exiting: com.topcoder.clients.webservices.beans.ClientServiceBean#setClientStatus(Client client, ClientStatus status)
----clientManagerFileLocal.properties
{clientManagerNamespace=com.topcoder.configuration.defaults.DefaultConfigurationObject@15deab0, com.topcoder.clients.manager.dao.DAOClientManager=com.topcoder.configuration.defaults.DefaultConfigurationObject@dafccd}
IDGenerator: com.topcoder.clients.manager.dao.DAOClientManager
Entering: com.topcoder.clients.webservices.beans.ClientServiceBean#createClient(Client client)
[Entering method <com.topcoder.clients.manager.dao.DAOClientManager.createClient(Client client)>; Parameters:{ ParamName<client>; ParamValue: <[ id=0 name=name codeName=codename salesTax=1.1 isDeleted=false company=null clientStatus=null]>  }  at 2008-09-26 02:26:38.562 ]
[Exiting method <com.topcoder.clients.manager.dao.DAOClientManager.createClient(Client client)>; Return value:<[ id=24 name=name codeName=codename salesTax=1.1 isDeleted=false company=null clientStatus=null]>]  at 2008-09-26 02:26:38.562
Exiting: com.topcoder.clients.webservices.beans.ClientServiceBean#createClient(Client client)
Entering: com.topcoder.clients.webservices.beans.ClientServiceBean#setClientStatus(Client client, ClientStatus status)
Not has authorization to perform operation: com.topcoder.clients.webservices.beans.ClientServiceBean#setClientStatus(Client client, ClientStatus status)
com.topcoder.clients.webservices.beans.AuthorizationFailedException: Not has authorization to perform operation: com.topcoder.clients.webservices.beans.ClientServiceBean#setClientStatus(Client client, ClientStatus status)
	at com.topcoder.clients.webservices.beans.BeanUtils.validateCaller(BeanUtils.java:262)
	at com.topcoder.clients.webservices.beans.ClientServiceBean.setClientStatus(ClientServiceBean.java:585)
	at com.topcoder.clients.webservices.beans.ClientServiceBeanTest.testSetClientStatus_WithFailAuthorization(ClientServiceBeanTest.java:939)
	at sun.reflect.NativeMethodAccessorImpl.invoke0(Native Method)
	at sun.reflect.NativeMethodAccessorImpl.invoke(NativeMethodAccessorImpl.java:39)
	at sun.reflect.DelegatingMethodAccessorImpl.invoke(DelegatingMethodAccessorImpl.java:25)
	at java.lang.reflect.Method.invoke(Method.java:585)
	at junit.framework.TestCase.runTest(TestCase.java:164)
	at junit.framework.TestCase.runBare(TestCase.java:130)
	at junit.framework.TestResult$1.protect(TestResult.java:106)
	at junit.framework.TestResult.runProtected(TestResult.java:124)
	at junit.framework.TestResult.run(TestResult.java:109)
	at junit.framework.TestCase.run(TestCase.java:120)
	at junit.framework.TestSuite.runTest(TestSuite.java:230)
	at junit.framework.TestSuite.run(TestSuite.java:225)
	at junit.framework.TestSuite.runTest(TestSuite.java:230)
	at junit.framework.TestSuite.run(TestSuite.java:225)
	at junit.framework.TestSuite.runTest(TestSuite.java:230)
	at junit.framework.TestSuite.run(TestSuite.java:225)
	at org.apache.tools.ant.taskdefs.optional.junit.JUnitTestRunner.run(JUnitTestRunner.java:421)
	at org.apache.tools.ant.taskdefs.optional.junit.JUnitTestRunner.launch(JUnitTestRunner.java:912)
	at org.apache.tools.ant.taskdefs.optional.junit.JUnitTestRunner.main(JUnitTestRunner.java:766)
Exiting: com.topcoder.clients.webservices.beans.ClientServiceBean#setClientStatus(Client client, ClientStatus status)
----clientManagerFileLocal.properties
{clientManagerNamespace=com.topcoder.configuration.defaults.DefaultConfigurationObject@1cbd50f, com.topcoder.clients.manager.dao.DAOClientManager=com.topcoder.configuration.defaults.DefaultConfigurationObject@110ed88}
IDGenerator: com.topcoder.clients.manager.dao.DAOClientManager
----clientManagerFileLocal.properties
{clientManagerNamespace=com.topcoder.configuration.defaults.DefaultConfigurationObject@6cb446, com.topcoder.clients.manager.dao.DAOClientManager=com.topcoder.configuration.defaults.DefaultConfigurationObject@afa082}
IDGenerator: com.topcoder.clients.manager.dao.DAOClientManager
----companyManagerFileLocal.properties
{companyManagerNamespace=com.topcoder.configuration.defaults.DefaultConfigurationObject@13c2edc, com.topcoder.clients.manager.dao.DAOCompanyManager=com.topcoder.configuration.defaults.DefaultConfigurationObject@287554}
IDGenerator: com.topcoder.clients.manager.dao.DAOCompanyManager
----companyManagerFileLocal.properties
{companyManagerNamespace=com.topcoder.configuration.defaults.DefaultConfigurationObject@187748f, com.topcoder.clients.manager.dao.DAOCompanyManager=com.topcoder.configuration.defaults.DefaultConfigurationObject@1f56040}
IDGenerator: com.topcoder.clients.manager.dao.DAOCompanyManager
----companyManagerFileLocal.properties
{companyManagerNamespace=com.topcoder.configuration.defaults.DefaultConfigurationObject@120f3ff, com.topcoder.clients.manager.dao.DAOCompanyManager=com.topcoder.configuration.defaults.DefaultConfigurationObject@731916}
IDGenerator: com.topcoder.clients.manager.dao.DAOCompanyManager
----companyManagerFileLocal.properties
{companyManagerNamespace=com.topcoder.configuration.defaults.DefaultConfigurationObject@9d141c, com.topcoder.clients.manager.dao.DAOCompanyManager=com.topcoder.configuration.defaults.DefaultConfigurationObject@93595a}
IDGenerator: com.topcoder.clients.manager.dao.DAOCompanyManager
----companyManagerFileLocal.properties
{companyManagerNamespace=com.topcoder.configuration.defaults.DefaultConfigurationObject@82a092, com.topcoder.clients.manager.dao.DAOCompanyManager=com.topcoder.configuration.defaults.DefaultConfigurationObject@1fbf047}
IDGenerator: com.topcoder.clients.manager.dao.DAOCompanyManager
----companyManagerFileLocal.properties
{companyManagerNamespace=com.topcoder.configuration.defaults.DefaultConfigurationObject@179630e, com.topcoder.clients.manager.dao.DAOCompanyManager=com.topcoder.configuration.defaults.DefaultConfigurationObject@566134}
IDGenerator: com.topcoder.clients.manager.dao.DAOCompanyManager
Entering: com.topcoder.clients.webservices.beans.CompanyServiceBean#createCompany(Company company)
[Entering method <com.topcoder.clients.manager.dao.DAOCompanyManager.createCompany(Company company)>; Parameters:{ ParamName<company>; ParamValue: <[ id=0 name=name passcode=passcode isDeleted=false]>  }  at 2008-09-26 02:26:40.125 ]
[Exiting method <com.topcoder.clients.manager.dao.DAOCompanyManager.createCompany(Company company)>; Return value:<[ id=1 name=name passcode=passcode isDeleted=false]>]  at 2008-09-26 02:26:40.390
Exiting: com.topcoder.clients.webservices.beans.CompanyServiceBean#createCompany(Company company)
----companyManagerFileLocal.properties
{companyManagerNamespace=com.topcoder.configuration.defaults.DefaultConfigurationObject@1d64691, com.topcoder.clients.manager.dao.DAOCompanyManager=com.topcoder.configuration.defaults.DefaultConfigurationObject@b2e5d0}
IDGenerator: com.topcoder.clients.manager.dao.DAOCompanyManager
Entering: com.topcoder.clients.webservices.beans.CompanyServiceBean#createCompany(Company company)
Entity to be performed cannot be null.
java.lang.IllegalArgumentException: Entity to be performed cannot be null.
	at com.topcoder.util.errorhandling.ExceptionUtils.checkNull(ExceptionUtils.java:173)
	at com.topcoder.clients.webservices.beans.BeanUtils.createOperation(BeanUtils.java:298)
	at com.topcoder.clients.webservices.beans.CompanyServiceBean.createCompany(CompanyServiceBean.java:257)
	at com.topcoder.clients.webservices.beans.CompanyServiceBeanTest.testCreateCompany_WithNullCompany(CompanyServiceBeanTest.java:159)
	at sun.reflect.NativeMethodAccessorImpl.invoke0(Native Method)
	at sun.reflect.NativeMethodAccessorImpl.invoke(NativeMethodAccessorImpl.java:39)
	at sun.reflect.DelegatingMethodAccessorImpl.invoke(DelegatingMethodAccessorImpl.java:25)
	at java.lang.reflect.Method.invoke(Method.java:585)
	at junit.framework.TestCase.runTest(TestCase.java:164)
	at junit.framework.TestCase.runBare(TestCase.java:130)
	at junit.framework.TestResult$1.protect(TestResult.java:106)
	at junit.framework.TestResult.runProtected(TestResult.java:124)
	at junit.framework.TestResult.run(TestResult.java:109)
	at junit.framework.TestCase.run(TestCase.java:120)
	at junit.framework.TestSuite.runTest(TestSuite.java:230)
	at junit.framework.TestSuite.run(TestSuite.java:225)
	at junit.framework.TestSuite.runTest(TestSuite.java:230)
	at junit.framework.TestSuite.run(TestSuite.java:225)
	at junit.framework.TestSuite.runTest(TestSuite.java:230)
	at junit.framework.TestSuite.run(TestSuite.java:225)
	at org.apache.tools.ant.taskdefs.optional.junit.JUnitTestRunner.run(JUnitTestRunner.java:421)
	at org.apache.tools.ant.taskdefs.optional.junit.JUnitTestRunner.launch(JUnitTestRunner.java:912)
	at org.apache.tools.ant.taskdefs.optional.junit.JUnitTestRunner.main(JUnitTestRunner.java:766)
Exiting: com.topcoder.clients.webservices.beans.CompanyServiceBean#createCompany(Company company)
----companyManagerFileLocal.properties
{companyManagerNamespace=com.topcoder.configuration.defaults.DefaultConfigurationObject@6bb08a, com.topcoder.clients.manager.dao.DAOCompanyManager=com.topcoder.configuration.defaults.DefaultConfigurationObject@136681}
IDGenerator: com.topcoder.clients.manager.dao.DAOCompanyManager
Entering: com.topcoder.clients.webservices.beans.CompanyServiceBean#createCompany(Company company)
Property 'com.topcoder.clients.manager.CompanyManager' has null state. Check your configuration again !!!
java.lang.IllegalStateException: Property 'com.topcoder.clients.manager.CompanyManager' has null state. Check your configuration again !!!
	at com.topcoder.clients.webservices.beans.BeanUtils.checkState(BeanUtils.java:465)
	at com.topcoder.clients.webservices.beans.BeanUtils.createOperation(BeanUtils.java:310)
	at com.topcoder.clients.webservices.beans.CompanyServiceBean.createCompany(CompanyServiceBean.java:257)
	at com.topcoder.clients.webservices.beans.CompanyServiceBeanTest.testCreateCompany_WithNullManager(CompanyServiceBeanTest.java:180)
	at sun.reflect.NativeMethodAccessorImpl.invoke0(Native Method)
	at sun.reflect.NativeMethodAccessorImpl.invoke(NativeMethodAccessorImpl.java:39)
	at sun.reflect.DelegatingMethodAccessorImpl.invoke(DelegatingMethodAccessorImpl.java:25)
	at java.lang.reflect.Method.invoke(Method.java:585)
	at junit.framework.TestCase.runTest(TestCase.java:164)
	at junit.framework.TestCase.runBare(TestCase.java:130)
	at junit.framework.TestResult$1.protect(TestResult.java:106)
	at junit.framework.TestResult.runProtected(TestResult.java:124)
	at junit.framework.TestResult.run(TestResult.java:109)
	at junit.framework.TestCase.run(TestCase.java:120)
	at junit.framework.TestSuite.runTest(TestSuite.java:230)
	at junit.framework.TestSuite.run(TestSuite.java:225)
	at junit.framework.TestSuite.runTest(TestSuite.java:230)
	at junit.framework.TestSuite.run(TestSuite.java:225)
	at junit.framework.TestSuite.runTest(TestSuite.java:230)
	at junit.framework.TestSuite.run(TestSuite.java:225)
	at org.apache.tools.ant.taskdefs.optional.junit.JUnitTestRunner.run(JUnitTestRunner.java:421)
	at org.apache.tools.ant.taskdefs.optional.junit.JUnitTestRunner.launch(JUnitTestRunner.java:912)
	at org.apache.tools.ant.taskdefs.optional.junit.JUnitTestRunner.main(JUnitTestRunner.java:766)
Exiting: com.topcoder.clients.webservices.beans.CompanyServiceBean#createCompany(Company company)
----companyManagerFileLocal.properties
{companyManagerNamespace=com.topcoder.configuration.defaults.DefaultConfigurationObject@222d5, com.topcoder.clients.manager.dao.DAOCompanyManager=com.topcoder.configuration.defaults.DefaultConfigurationObject@3d0d8d}
IDGenerator: com.topcoder.clients.manager.dao.DAOCompanyManager
Entering: com.topcoder.clients.webservices.beans.CompanyServiceBean#createCompany(Company company)
[Entering method <com.topcoder.clients.manager.dao.DAOCompanyManager.createCompany(Company company)>; Parameters:{ ParamName<company>; ParamValue: <[ id=0 name=name passcode=passcode isDeleted=false]>  }  at 2008-09-26 02:26:40.953 ]
[Error occurred in method <com.topcoder.clients.manager.dao.DAOCompanyManager.createCompany(Company company)>, cause by :
com.topcoder.clients.manager.CompanyManagerException: Fail to create the company, cause by Fail from persistence.
	at com.topcoder.clients.manager.dao.DAOCompanyManager.wrapInnerException(DAOCompanyManager.java:254)
	at com.topcoder.clients.manager.dao.DAOCompanyManager.createCompany(DAOCompanyManager.java:229)
	at com.topcoder.clients.webservices.beans.BeanUtils.createOperation(BeanUtils.java:311)
	at com.topcoder.clients.webservices.beans.CompanyServiceBean.createCompany(CompanyServiceBean.java:257)
	at com.topcoder.clients.webservices.beans.CompanyServiceBeanTest.testCreateCompany_WithFailService(CompanyServiceBeanTest.java:197)
	at sun.reflect.NativeMethodAccessorImpl.invoke0(Native Method)
	at sun.reflect.NativeMethodAccessorImpl.invoke(NativeMethodAccessorImpl.java:39)
	at sun.reflect.DelegatingMethodAccessorImpl.invoke(DelegatingMethodAccessorImpl.java:25)
	at java.lang.reflect.Method.invoke(Method.java:585)
	at junit.framework.TestCase.runTest(TestCase.java:164)
	at junit.framework.TestCase.runBare(TestCase.java:130)
	at junit.framework.TestResult$1.protect(TestResult.java:106)
	at junit.framework.TestResult.runProtected(TestResult.java:124)
	at junit.framework.TestResult.run(TestResult.java:109)
	at junit.framework.TestCase.run(TestCase.java:120)
	at junit.framework.TestSuite.runTest(TestSuite.java:230)
	at junit.framework.TestSuite.run(TestSuite.java:225)
	at junit.framework.TestSuite.runTest(TestSuite.java:230)
	at junit.framework.TestSuite.run(TestSuite.java:225)
	at junit.framework.TestSuite.runTest(TestSuite.java:230)
	at junit.framework.TestSuite.run(TestSuite.java:225)
	at org.apache.tools.ant.taskdefs.optional.junit.JUnitTestRunner.run(JUnitTestRunner.java:421)
	at org.apache.tools.ant.taskdefs.optional.junit.JUnitTestRunner.launch(JUnitTestRunner.java:912)
	at org.apache.tools.ant.taskdefs.optional.junit.JUnitTestRunner.main(JUnitTestRunner.java:766)
Caused by: com.topcoder.clients.dao.DAOException: Fail from persistence.
	at com.topcoder.clients.webservices.mock.MockCompanyDAO.checkFlag(MockCompanyDAO.java:189)
	at com.topcoder.clients.webservices.mock.MockCompanyDAO.save(MockCompanyDAO.java:128)
	at com.topcoder.clients.webservices.mock.MockCompanyDAO.save(MockCompanyDAO.java:26)
	at com.topcoder.clients.manager.dao.DAOCompanyManager.createCompany(DAOCompanyManager.java:218)
	... 22 more
Fail create Company.
com.topcoder.clients.webservices.CompanyServiceException: Fail create Company.
	at com.topcoder.clients.webservices.beans.CompanyServiceBean.createCompany(CompanyServiceBean.java:260)
	at com.topcoder.clients.webservices.beans.CompanyServiceBeanTest.testCreateCompany_WithFailService(CompanyServiceBeanTest.java:197)
	at sun.reflect.NativeMethodAccessorImpl.invoke0(Native Method)
	at sun.reflect.NativeMethodAccessorImpl.invoke(NativeMethodAccessorImpl.java:39)
	at sun.reflect.DelegatingMethodAccessorImpl.invoke(DelegatingMethodAccessorImpl.java:25)
	at java.lang.reflect.Method.invoke(Method.java:585)
	at junit.framework.TestCase.runTest(TestCase.java:164)
	at junit.framework.TestCase.runBare(TestCase.java:130)
	at junit.framework.TestResult$1.protect(TestResult.java:106)
	at junit.framework.TestResult.runProtected(TestResult.java:124)
	at junit.framework.TestResult.run(TestResult.java:109)
	at junit.framework.TestCase.run(TestCase.java:120)
	at junit.framework.TestSuite.runTest(TestSuite.java:230)
	at junit.framework.TestSuite.run(TestSuite.java:225)
	at junit.framework.TestSuite.runTest(TestSuite.java:230)
	at junit.framework.TestSuite.run(TestSuite.java:225)
	at junit.framework.TestSuite.runTest(TestSuite.java:230)
	at junit.framework.TestSuite.run(TestSuite.java:225)
	at org.apache.tools.ant.taskdefs.optional.junit.JUnitTestRunner.run(JUnitTestRunner.java:421)
	at org.apache.tools.ant.taskdefs.optional.junit.JUnitTestRunner.launch(JUnitTestRunner.java:912)
	at org.apache.tools.ant.taskdefs.optional.junit.JUnitTestRunner.main(JUnitTestRunner.java:766)
Caused by: com.topcoder.clients.manager.CompanyManagerException: Fail to create the company, cause by Fail from persistence.
	at com.topcoder.clients.manager.dao.DAOCompanyManager.wrapInnerException(DAOCompanyManager.java:254)
	at com.topcoder.clients.manager.dao.DAOCompanyManager.createCompany(DAOCompanyManager.java:229)
	at com.topcoder.clients.webservices.beans.BeanUtils.createOperation(BeanUtils.java:311)
	at com.topcoder.clients.webservices.beans.CompanyServiceBean.createCompany(CompanyServiceBean.java:257)
	... 20 more
Caused by: com.topcoder.clients.dao.DAOException: Fail from persistence.
	at com.topcoder.clients.webservices.mock.MockCompanyDAO.checkFlag(MockCompanyDAO.java:189)
	at com.topcoder.clients.webservices.mock.MockCompanyDAO.save(MockCompanyDAO.java:128)
	at com.topcoder.clients.webservices.mock.MockCompanyDAO.save(MockCompanyDAO.java:26)
	at com.topcoder.clients.manager.dao.DAOCompanyManager.createCompany(DAOCompanyManager.java:218)
	... 22 more
Exiting: com.topcoder.clients.webservices.beans.CompanyServiceBean#createCompany(Company company)
----companyManagerFileLocal.properties
{companyManagerNamespace=com.topcoder.configuration.defaults.DefaultConfigurationObject@82d811, com.topcoder.clients.manager.dao.DAOCompanyManager=com.topcoder.configuration.defaults.DefaultConfigurationObject@374c8e}
IDGenerator: com.topcoder.clients.manager.dao.DAOCompanyManager
Entering: com.topcoder.clients.webservices.beans.CompanyServiceBean#createCompany(Company company)
[Entering method <com.topcoder.clients.manager.dao.DAOCompanyManager.createCompany(Company company)>; Parameters:{ ParamName<company>; ParamValue: <[ id=0 name=name passcode=passcode isDeleted=false]>  }  at 2008-09-26 02:26:41.109 ]
[Exiting method <com.topcoder.clients.manager.dao.DAOCompanyManager.createCompany(Company company)>; Return value:<[ id=3 name=name passcode=passcode isDeleted=false]>]  at 2008-09-26 02:26:41.109
Exiting: com.topcoder.clients.webservices.beans.CompanyServiceBean#createCompany(Company company)
Entering: com.topcoder.clients.webservices.beans.CompanyServiceBean#updateCompany(Company company)
[Entering method <com.topcoder.clients.manager.dao.DAOCompanyManager.updateCompany(Company company)>; Parameters:{ ParamName<company>; ParamValue: <[ id=3 name=new name passcode=passcode isDeleted=false]>  }  at 2008-09-26 02:26:41.109 ]
[Exiting method <com.topcoder.clients.manager.dao.DAOCompanyManager.updateCompany(Company company)>; Return value:<[ id=3 name=new name passcode=passcode isDeleted=false]>]  at 2008-09-26 02:26:41.109
Exiting: com.topcoder.clients.webservices.beans.CompanyServiceBean#updateCompany(Company company)
----companyManagerFileLocal.properties
{companyManagerNamespace=com.topcoder.configuration.defaults.DefaultConfigurationObject@1080bce, com.topcoder.clients.manager.dao.DAOCompanyManager=com.topcoder.configuration.defaults.DefaultConfigurationObject@13f2af1}
IDGenerator: com.topcoder.clients.manager.dao.DAOCompanyManager
Entering: com.topcoder.clients.webservices.beans.CompanyServiceBean#updateCompany(Company company)
Entity to be performed cannot be null.
java.lang.IllegalArgumentException: Entity to be performed cannot be null.
	at com.topcoder.util.errorhandling.ExceptionUtils.checkNull(ExceptionUtils.java:173)
	at com.topcoder.clients.webservices.beans.BeanUtils.updateOperation(BeanUtils.java:358)
	at com.topcoder.clients.webservices.beans.CompanyServiceBean.updateCompany(CompanyServiceBean.java:299)
	at com.topcoder.clients.webservices.beans.CompanyServiceBeanTest.testUpdateCompany_WithNullCompany(CompanyServiceBeanTest.java:229)
	at sun.reflect.NativeMethodAccessorImpl.invoke0(Native Method)
	at sun.reflect.NativeMethodAccessorImpl.invoke(NativeMethodAccessorImpl.java:39)
	at sun.reflect.DelegatingMethodAccessorImpl.invoke(DelegatingMethodAccessorImpl.java:25)
	at java.lang.reflect.Method.invoke(Method.java:585)
	at junit.framework.TestCase.runTest(TestCase.java:164)
	at junit.framework.TestCase.runBare(TestCase.java:130)
	at junit.framework.TestResult$1.protect(TestResult.java:106)
	at junit.framework.TestResult.runProtected(TestResult.java:124)
	at junit.framework.TestResult.run(TestResult.java:109)
	at junit.framework.TestCase.run(TestCase.java:120)
	at junit.framework.TestSuite.runTest(TestSuite.java:230)
	at junit.framework.TestSuite.run(TestSuite.java:225)
	at junit.framework.TestSuite.runTest(TestSuite.java:230)
	at junit.framework.TestSuite.run(TestSuite.java:225)
	at junit.framework.TestSuite.runTest(TestSuite.java:230)
	at junit.framework.TestSuite.run(TestSuite.java:225)
	at org.apache.tools.ant.taskdefs.optional.junit.JUnitTestRunner.run(JUnitTestRunner.java:421)
	at org.apache.tools.ant.taskdefs.optional.junit.JUnitTestRunner.launch(JUnitTestRunner.java:912)
	at org.apache.tools.ant.taskdefs.optional.junit.JUnitTestRunner.main(JUnitTestRunner.java:766)
Exiting: com.topcoder.clients.webservices.beans.CompanyServiceBean#updateCompany(Company company)
----companyManagerFileLocal.properties
{companyManagerNamespace=com.topcoder.configuration.defaults.DefaultConfigurationObject@1531ed, com.topcoder.clients.manager.dao.DAOCompanyManager=com.topcoder.configuration.defaults.DefaultConfigurationObject@180f504}
IDGenerator: com.topcoder.clients.manager.dao.DAOCompanyManager
Entering: com.topcoder.clients.webservices.beans.CompanyServiceBean#createCompany(Company company)
[Entering method <com.topcoder.clients.manager.dao.DAOCompanyManager.createCompany(Company company)>; Parameters:{ ParamName<company>; ParamValue: <[ id=0 name=name passcode=passcode isDeleted=false]>  }  at 2008-09-26 02:26:41.437 ]
[Exiting method <com.topcoder.clients.manager.dao.DAOCompanyManager.createCompany(Company company)>; Return value:<[ id=4 name=name passcode=passcode isDeleted=false]>]  at 2008-09-26 02:26:41.437
Exiting: com.topcoder.clients.webservices.beans.CompanyServiceBean#createCompany(Company company)
Entering: com.topcoder.clients.webservices.beans.CompanyServiceBean#updateCompany(Company company)
Property 'com.topcoder.clients.manager.CompanyManager' has null state. Check your configuration again !!!
java.lang.IllegalStateException: Property 'com.topcoder.clients.manager.CompanyManager' has null state. Check your configuration again !!!
	at com.topcoder.clients.webservices.beans.BeanUtils.checkState(BeanUtils.java:465)
	at com.topcoder.clients.webservices.beans.BeanUtils.updateOperation(BeanUtils.java:368)
	at com.topcoder.clients.webservices.beans.CompanyServiceBean.updateCompany(CompanyServiceBean.java:299)
	at com.topcoder.clients.webservices.beans.CompanyServiceBeanTest.testUpdateCompany_WithNullManager(CompanyServiceBeanTest.java:254)
	at sun.reflect.NativeMethodAccessorImpl.invoke0(Native Method)
	at sun.reflect.NativeMethodAccessorImpl.invoke(NativeMethodAccessorImpl.java:39)
	at sun.reflect.DelegatingMethodAccessorImpl.invoke(DelegatingMethodAccessorImpl.java:25)
	at java.lang.reflect.Method.invoke(Method.java:585)
	at junit.framework.TestCase.runTest(TestCase.java:164)
	at junit.framework.TestCase.runBare(TestCase.java:130)
	at junit.framework.TestResult$1.protect(TestResult.java:106)
	at junit.framework.TestResult.runProtected(TestResult.java:124)
	at junit.framework.TestResult.run(TestResult.java:109)
	at junit.framework.TestCase.run(TestCase.java:120)
	at junit.framework.TestSuite.runTest(TestSuite.java:230)
	at junit.framework.TestSuite.run(TestSuite.java:225)
	at junit.framework.TestSuite.runTest(TestSuite.java:230)
	at junit.framework.TestSuite.run(TestSuite.java:225)
	at junit.framework.TestSuite.runTest(TestSuite.java:230)
	at junit.framework.TestSuite.run(TestSuite.java:225)
	at org.apache.tools.ant.taskdefs.optional.junit.JUnitTestRunner.run(JUnitTestRunner.java:421)
	at org.apache.tools.ant.taskdefs.optional.junit.JUnitTestRunner.launch(JUnitTestRunner.java:912)
	at org.apache.tools.ant.taskdefs.optional.junit.JUnitTestRunner.main(JUnitTestRunner.java:766)
Exiting: com.topcoder.clients.webservices.beans.CompanyServiceBean#updateCompany(Company company)
----companyManagerFileLocal.properties
{companyManagerNamespace=com.topcoder.configuration.defaults.DefaultConfigurationObject@1c647de, com.topcoder.clients.manager.dao.DAOCompanyManager=com.topcoder.configuration.defaults.DefaultConfigurationObject@988054}
IDGenerator: com.topcoder.clients.manager.dao.DAOCompanyManager
Entering: com.topcoder.clients.webservices.beans.CompanyServiceBean#createCompany(Company company)
[Entering method <com.topcoder.clients.manager.dao.DAOCompanyManager.createCompany(Company company)>; Parameters:{ ParamName<company>; ParamValue: <[ id=0 name=name passcode=passcode isDeleted=false]>  }  at 2008-09-26 02:26:41.593 ]
[Exiting method <com.topcoder.clients.manager.dao.DAOCompanyManager.createCompany(Company company)>; Return value:<[ id=5 name=name passcode=passcode isDeleted=false]>]  at 2008-09-26 02:26:41.593
Exiting: com.topcoder.clients.webservices.beans.CompanyServiceBean#createCompany(Company company)
Entering: com.topcoder.clients.webservices.beans.CompanyServiceBean#updateCompany(Company company)
[Entering method <com.topcoder.clients.manager.dao.DAOCompanyManager.updateCompany(Company company)>; Parameters:{ ParamName<company>; ParamValue: <[ id=5 name=new name passcode=passcode isDeleted=false]>  }  at 2008-09-26 02:26:41.593 ]
[Error occurred in method <com.topcoder.clients.manager.dao.DAOCompanyManager.updateCompany(Company company)>, cause by :
com.topcoder.clients.manager.CompanyManagerException: Fail to update the Company, cause by Fail from persistence.
	at com.topcoder.clients.manager.dao.DAOCompanyManager.wrapInnerException(DAOCompanyManager.java:254)
	at com.topcoder.clients.manager.dao.DAOCompanyManager.updateCompany(DAOCompanyManager.java:300)
	at com.topcoder.clients.webservices.beans.BeanUtils.updateOperation(BeanUtils.java:369)
	at com.topcoder.clients.webservices.beans.CompanyServiceBean.updateCompany(CompanyServiceBean.java:299)
	at com.topcoder.clients.webservices.beans.CompanyServiceBeanTest.testUpdateCompany_WithFailService(CompanyServiceBeanTest.java:278)
	at sun.reflect.NativeMethodAccessorImpl.invoke0(Native Method)
	at sun.reflect.NativeMethodAccessorImpl.invoke(NativeMethodAccessorImpl.java:39)
	at sun.reflect.DelegatingMethodAccessorImpl.invoke(DelegatingMethodAccessorImpl.java:25)
	at java.lang.reflect.Method.invoke(Method.java:585)
	at junit.framework.TestCase.runTest(TestCase.java:164)
	at junit.framework.TestCase.runBare(TestCase.java:130)
	at junit.framework.TestResult$1.protect(TestResult.java:106)
	at junit.framework.TestResult.runProtected(TestResult.java:124)
	at junit.framework.TestResult.run(TestResult.java:109)
	at junit.framework.TestCase.run(TestCase.java:120)
	at junit.framework.TestSuite.runTest(TestSuite.java:230)
	at junit.framework.TestSuite.run(TestSuite.java:225)
	at junit.framework.TestSuite.runTest(TestSuite.java:230)
	at junit.framework.TestSuite.run(TestSuite.java:225)
	at junit.framework.TestSuite.runTest(TestSuite.java:230)
	at junit.framework.TestSuite.run(TestSuite.java:225)
	at org.apache.tools.ant.taskdefs.optional.junit.JUnitTestRunner.run(JUnitTestRunner.java:421)
	at org.apache.tools.ant.taskdefs.optional.junit.JUnitTestRunner.launch(JUnitTestRunner.java:912)
	at org.apache.tools.ant.taskdefs.optional.junit.JUnitTestRunner.main(JUnitTestRunner.java:766)
Caused by: com.topcoder.clients.dao.DAOException: Fail from persistence.
	at com.topcoder.clients.webservices.mock.MockCompanyDAO.checkFlag(MockCompanyDAO.java:189)
	at com.topcoder.clients.webservices.mock.MockCompanyDAO.retrieveById(MockCompanyDAO.java:70)
	at com.topcoder.clients.webservices.mock.MockCompanyDAO.retrieveById(MockCompanyDAO.java:26)
	at com.topcoder.clients.manager.dao.DAOCompanyManager.checkCompanyExist(DAOCompanyManager.java:322)
	at com.topcoder.clients.manager.dao.DAOCompanyManager.updateCompany(DAOCompanyManager.java:286)
	... 22 more
Fail create Company.
com.topcoder.clients.webservices.CompanyServiceException: Fail create Company.
	at com.topcoder.clients.webservices.beans.CompanyServiceBean.updateCompany(CompanyServiceBean.java:302)
	at com.topcoder.clients.webservices.beans.CompanyServiceBeanTest.testUpdateCompany_WithFailService(CompanyServiceBeanTest.java:278)
	at sun.reflect.NativeMethodAccessorImpl.invoke0(Native Method)
	at sun.reflect.NativeMethodAccessorImpl.invoke(NativeMethodAccessorImpl.java:39)
	at sun.reflect.DelegatingMethodAccessorImpl.invoke(DelegatingMethodAccessorImpl.java:25)
	at java.lang.reflect.Method.invoke(Method.java:585)
	at junit.framework.TestCase.runTest(TestCase.java:164)
	at junit.framework.TestCase.runBare(TestCase.java:130)
	at junit.framework.TestResult$1.protect(TestResult.java:106)
	at junit.framework.TestResult.runProtected(TestResult.java:124)
	at junit.framework.TestResult.run(TestResult.java:109)
	at junit.framework.TestCase.run(TestCase.java:120)
	at junit.framework.TestSuite.runTest(TestSuite.java:230)
	at junit.framework.TestSuite.run(TestSuite.java:225)
	at junit.framework.TestSuite.runTest(TestSuite.java:230)
	at junit.framework.TestSuite.run(TestSuite.java:225)
	at junit.framework.TestSuite.runTest(TestSuite.java:230)
	at junit.framework.TestSuite.run(TestSuite.java:225)
	at org.apache.tools.ant.taskdefs.optional.junit.JUnitTestRunner.run(JUnitTestRunner.java:421)
	at org.apache.tools.ant.taskdefs.optional.junit.JUnitTestRunner.launch(JUnitTestRunner.java:912)
	at org.apache.tools.ant.taskdefs.optional.junit.JUnitTestRunner.main(JUnitTestRunner.java:766)
Caused by: com.topcoder.clients.manager.CompanyManagerException: Fail to update the Company, cause by Fail from persistence.
	at com.topcoder.clients.manager.dao.DAOCompanyManager.wrapInnerException(DAOCompanyManager.java:254)
	at com.topcoder.clients.manager.dao.DAOCompanyManager.updateCompany(DAOCompanyManager.java:300)
	at com.topcoder.clients.webservices.beans.BeanUtils.updateOperation(BeanUtils.java:369)
	at com.topcoder.clients.webservices.beans.CompanyServiceBean.updateCompany(CompanyServiceBean.java:299)
	... 20 more
Caused by: com.topcoder.clients.dao.DAOException: Fail from persistence.
	at com.topcoder.clients.webservices.mock.MockCompanyDAO.checkFlag(MockCompanyDAO.java:189)
	at com.topcoder.clients.webservices.mock.MockCompanyDAO.retrieveById(MockCompanyDAO.java:70)
	at com.topcoder.clients.webservices.mock.MockCompanyDAO.retrieveById(MockCompanyDAO.java:26)
	at com.topcoder.clients.manager.dao.DAOCompanyManager.checkCompanyExist(DAOCompanyManager.java:322)
	at com.topcoder.clients.manager.dao.DAOCompanyManager.updateCompany(DAOCompanyManager.java:286)
	... 22 more
Exiting: com.topcoder.clients.webservices.beans.CompanyServiceBean#updateCompany(Company company)
----companyManagerFileLocal.properties
{companyManagerNamespace=com.topcoder.configuration.defaults.DefaultConfigurationObject@1c62770, com.topcoder.clients.manager.dao.DAOCompanyManager=com.topcoder.configuration.defaults.DefaultConfigurationObject@472af8}
IDGenerator: com.topcoder.clients.manager.dao.DAOCompanyManager
Entering[Fri Sep 26 02:26:41 CST 2008]: com.topcoder.clients.webservices.beans.CompanyServiceBean#createCompany(Company company)
--->Parameter[0]: com.topcoder.clients.model.Company[id=0,name=name,passcode=passcode,isDeleted=false]
[Entering method <com.topcoder.clients.manager.dao.DAOCompanyManager.createCompany(Company company)>; Parameters:{ ParamName<company>; ParamValue: <[ id=0 name=name passcode=passcode isDeleted=false]>  }  at 2008-09-26 02:26:41.765 ]
[Exiting method <com.topcoder.clients.manager.dao.DAOCompanyManager.createCompany(Company company)>; Return value:<[ id=6 name=name passcode=passcode isDeleted=false]>]  at 2008-09-26 02:26:41.765
Exiting: com.topcoder.clients.webservices.beans.CompanyServiceBean#createCompany(Company company),Time-execution=0 ms,Return-value=com.topcoder.clients.model.Company[id=6,name=name,passcode=passcode,isDeleted=false]
Entering[Fri Sep 26 02:26:41 CST 2008]: com.topcoder.clients.webservices.beans.CompanyServiceBean#deleteCompany(Company company)
--->Parameter[0]: com.topcoder.clients.model.Company[id=6,name=name,passcode=passcode,isDeleted=false]
[Entering method <com.topcoder.clients.manager.dao.DAOCompanyManager.deleteCompany(Company company)>; Parameters:{ ParamName<company>; ParamValue: <[ id=6 name=name passcode=passcode isDeleted=false]>  }  at 2008-09-26 02:26:41.765 ]
[Exiting method <com.topcoder.clients.manager.dao.DAOCompanyManager.deleteCompany(Company company)>; Return value:<[ id=6 name=name passcode=passcode isDeleted=true]>]  at 2008-09-26 02:26:41.765
Exiting: com.topcoder.clients.webservices.beans.CompanyServiceBean#deleteCompany(Company company),Time-execution=0 ms,Return-value=com.topcoder.clients.model.Company[id=6,name=name,passcode=passcode,isDeleted=true]
----companyManagerFileLocal.properties
{companyManagerNamespace=com.topcoder.configuration.defaults.DefaultConfigurationObject@135b5d9, com.topcoder.clients.manager.dao.DAOCompanyManager=com.topcoder.configuration.defaults.DefaultConfigurationObject@135cfb8}
IDGenerator: com.topcoder.clients.manager.dao.DAOCompanyManager
Entering[Fri Sep 26 02:26:41 CST 2008]: com.topcoder.clients.webservices.beans.CompanyServiceBean#deleteCompany(Company company)
---->Parameter[0]: null
Entity to be performed cannot be null.
java.lang.IllegalArgumentException: Entity to be performed cannot be null.
	at com.topcoder.util.errorhandling.ExceptionUtils.checkNull(ExceptionUtils.java:173)
	at com.topcoder.clients.webservices.beans.BeanUtils.deleteOperation(BeanUtils.java:409)
	at com.topcoder.clients.webservices.beans.CompanyServiceBean.deleteCompany(CompanyServiceBean.java:341)
	at com.topcoder.clients.webservices.beans.CompanyServiceBeanTest.testDeleteCompany_WithNullCompany(CompanyServiceBeanTest.java:310)
	at sun.reflect.NativeMethodAccessorImpl.invoke0(Native Method)
	at sun.reflect.NativeMethodAccessorImpl.invoke(NativeMethodAccessorImpl.java:39)
	at sun.reflect.DelegatingMethodAccessorImpl.invoke(DelegatingMethodAccessorImpl.java:25)
	at java.lang.reflect.Method.invoke(Method.java:585)
	at junit.framework.TestCase.runTest(TestCase.java:164)
	at junit.framework.TestCase.runBare(TestCase.java:130)
	at junit.framework.TestResult$1.protect(TestResult.java:106)
	at junit.framework.TestResult.runProtected(TestResult.java:124)
	at junit.framework.TestResult.run(TestResult.java:109)
	at junit.framework.TestCase.run(TestCase.java:120)
	at junit.framework.TestSuite.runTest(TestSuite.java:230)
	at junit.framework.TestSuite.run(TestSuite.java:225)
	at junit.framework.TestSuite.runTest(TestSuite.java:230)
	at junit.framework.TestSuite.run(TestSuite.java:225)
	at junit.framework.TestSuite.runTest(TestSuite.java:230)
	at junit.framework.TestSuite.run(TestSuite.java:225)
	at org.apache.tools.ant.taskdefs.optional.junit.JUnitTestRunner.run(JUnitTestRunner.java:421)
	at org.apache.tools.ant.taskdefs.optional.junit.JUnitTestRunner.launch(JUnitTestRunner.java:912)
	at org.apache.tools.ant.taskdefs.optional.junit.JUnitTestRunner.main(JUnitTestRunner.java:766)
Exiting: com.topcoder.clients.webservices.beans.CompanyServiceBean#deleteCompany(Company company),Time-execution=0 ms,Return-value=null
----companyManagerFileLocal.properties
{companyManagerNamespace=com.topcoder.configuration.defaults.DefaultConfigurationObject@905f7a, com.topcoder.clients.manager.dao.DAOCompanyManager=com.topcoder.configuration.defaults.DefaultConfigurationObject@6c5e92}
IDGenerator: com.topcoder.clients.manager.dao.DAOCompanyManager
Entering[Fri Sep 26 02:26:42 CST 2008]: com.topcoder.clients.webservices.beans.CompanyServiceBean#createCompany(Company company)
--->Parameter[0]: com.topcoder.clients.model.Company[id=0,name=name,passcode=passcode,isDeleted=false]
[Entering method <com.topcoder.clients.manager.dao.DAOCompanyManager.createCompany(Company company)>; Parameters:{ ParamName<company>; ParamValue: <[ id=0 name=name passcode=passcode isDeleted=false]>  }  at 2008-09-26 02:26:42.125 ]
[Exiting method <com.topcoder.clients.manager.dao.DAOCompanyManager.createCompany(Company company)>; Return value:<[ id=7 name=name passcode=passcode isDeleted=false]>]  at 2008-09-26 02:26:42.125
Exiting: com.topcoder.clients.webservices.beans.CompanyServiceBean#createCompany(Company company),Time-execution=0 ms,Return-value=com.topcoder.clients.model.Company[id=7,name=name,passcode=passcode,isDeleted=false]
Entering[Fri Sep 26 02:26:42 CST 2008]: com.topcoder.clients.webservices.beans.CompanyServiceBean#deleteCompany(Company company)
--->Parameter[0]: com.topcoder.clients.model.Company[id=7,name=name,passcode=passcode,isDeleted=false]
Property 'com.topcoder.clients.manager.CompanyManager' has null state. Check your configuration again !!!
java.lang.IllegalStateException: Property 'com.topcoder.clients.manager.CompanyManager' has null state. Check your configuration again !!!
	at com.topcoder.clients.webservices.beans.BeanUtils.checkState(BeanUtils.java:465)
	at com.topcoder.clients.webservices.beans.BeanUtils.deleteOperation(BeanUtils.java:419)
	at com.topcoder.clients.webservices.beans.CompanyServiceBean.deleteCompany(CompanyServiceBean.java:341)
	at com.topcoder.clients.webservices.beans.CompanyServiceBeanTest.testDeleteCompany_WithNullManager(CompanyServiceBeanTest.java:331)
	at sun.reflect.NativeMethodAccessorImpl.invoke0(Native Method)
	at sun.reflect.NativeMethodAccessorImpl.invoke(NativeMethodAccessorImpl.java:39)
	at sun.reflect.DelegatingMethodAccessorImpl.invoke(DelegatingMethodAccessorImpl.java:25)
	at java.lang.reflect.Method.invoke(Method.java:585)
	at junit.framework.TestCase.runTest(TestCase.java:164)
	at junit.framework.TestCase.runBare(TestCase.java:130)
	at junit.framework.TestResult$1.protect(TestResult.java:106)
	at junit.framework.TestResult.runProtected(TestResult.java:124)
	at junit.framework.TestResult.run(TestResult.java:109)
	at junit.framework.TestCase.run(TestCase.java:120)
	at junit.framework.TestSuite.runTest(TestSuite.java:230)
	at junit.framework.TestSuite.run(TestSuite.java:225)
	at junit.framework.TestSuite.runTest(TestSuite.java:230)
	at junit.framework.TestSuite.run(TestSuite.java:225)
	at junit.framework.TestSuite.runTest(TestSuite.java:230)
	at junit.framework.TestSuite.run(TestSuite.java:225)
	at org.apache.tools.ant.taskdefs.optional.junit.JUnitTestRunner.run(JUnitTestRunner.java:421)
	at org.apache.tools.ant.taskdefs.optional.junit.JUnitTestRunner.launch(JUnitTestRunner.java:912)
	at org.apache.tools.ant.taskdefs.optional.junit.JUnitTestRunner.main(JUnitTestRunner.java:766)
Exiting: com.topcoder.clients.webservices.beans.CompanyServiceBean#deleteCompany(Company company),Time-execution=0 ms,Return-value=null
----companyManagerFileLocal.properties
{companyManagerNamespace=com.topcoder.configuration.defaults.DefaultConfigurationObject@18fddb1, com.topcoder.clients.manager.dao.DAOCompanyManager=com.topcoder.configuration.defaults.DefaultConfigurationObject@23af0a}
IDGenerator: com.topcoder.clients.manager.dao.DAOCompanyManager
Entering[Fri Sep 26 02:26:42 CST 2008]: com.topcoder.clients.webservices.beans.CompanyServiceBean#createCompany(Company company)
--->Parameter[0]: com.topcoder.clients.model.Company[id=0,name=name,passcode=passcode,isDeleted=false]
[Entering method <com.topcoder.clients.manager.dao.DAOCompanyManager.createCompany(Company company)>; Parameters:{ ParamName<company>; ParamValue: <[ id=0 name=name passcode=passcode isDeleted=false]>  }  at 2008-09-26 02:26:42.281 ]
[Exiting method <com.topcoder.clients.manager.dao.DAOCompanyManager.createCompany(Company company)>; Return value:<[ id=8 name=name passcode=passcode isDeleted=false]>]  at 2008-09-26 02:26:42.281
Exiting: com.topcoder.clients.webservices.beans.CompanyServiceBean#createCompany(Company company),Time-execution=0 ms,Return-value=com.topcoder.clients.model.Company[id=8,name=name,passcode=passcode,isDeleted=false]
Entering[Fri Sep 26 02:26:42 CST 2008]: com.topcoder.clients.webservices.beans.CompanyServiceBean#deleteCompany(Company company)
--->Parameter[0]: com.topcoder.clients.model.Company[id=8,name=name,passcode=passcode,isDeleted=false]
[Entering method <com.topcoder.clients.manager.dao.DAOCompanyManager.deleteCompany(Company company)>; Parameters:{ ParamName<company>; ParamValue: <[ id=8 name=name passcode=passcode isDeleted=false]>  }  at 2008-09-26 02:26:42.281 ]
[Error occurred in method <com.topcoder.clients.manager.dao.DAOCompanyManager.deleteCompany(Company company)>, cause by :
com.topcoder.clients.manager.CompanyManagerException: Fail to delete the Company , cause by Fail from persistence.
	at com.topcoder.clients.manager.dao.DAOCompanyManager.wrapInnerException(DAOCompanyManager.java:254)
	at com.topcoder.clients.manager.dao.DAOCompanyManager.deleteCompany(DAOCompanyManager.java:405)
	at com.topcoder.clients.webservices.beans.BeanUtils.deleteOperation(BeanUtils.java:420)
	at com.topcoder.clients.webservices.beans.CompanyServiceBean.deleteCompany(CompanyServiceBean.java:341)
	at com.topcoder.clients.webservices.beans.CompanyServiceBeanTest.testDeleteCompany_WithFailService(CompanyServiceBeanTest.java:354)
	at sun.reflect.NativeMethodAccessorImpl.invoke0(Native Method)
	at sun.reflect.NativeMethodAccessorImpl.invoke(NativeMethodAccessorImpl.java:39)
	at sun.reflect.DelegatingMethodAccessorImpl.invoke(DelegatingMethodAccessorImpl.java:25)
	at java.lang.reflect.Method.invoke(Method.java:585)
	at junit.framework.TestCase.runTest(TestCase.java:164)
	at junit.framework.TestCase.runBare(TestCase.java:130)
	at junit.framework.TestResult$1.protect(TestResult.java:106)
	at junit.framework.TestResult.runProtected(TestResult.java:124)
	at junit.framework.TestResult.run(TestResult.java:109)
	at junit.framework.TestCase.run(TestCase.java:120)
	at junit.framework.TestSuite.runTest(TestSuite.java:230)
	at junit.framework.TestSuite.run(TestSuite.java:225)
	at junit.framework.TestSuite.runTest(TestSuite.java:230)
	at junit.framework.TestSuite.run(TestSuite.java:225)
	at junit.framework.TestSuite.runTest(TestSuite.java:230)
	at junit.framework.TestSuite.run(TestSuite.java:225)
	at org.apache.tools.ant.taskdefs.optional.junit.JUnitTestRunner.run(JUnitTestRunner.java:421)
	at org.apache.tools.ant.taskdefs.optional.junit.JUnitTestRunner.launch(JUnitTestRunner.java:912)
	at org.apache.tools.ant.taskdefs.optional.junit.JUnitTestRunner.main(JUnitTestRunner.java:766)
Caused by: com.topcoder.clients.dao.DAOException: Fail from persistence.
	at com.topcoder.clients.webservices.mock.MockCompanyDAO.checkFlag(MockCompanyDAO.java:189)
	at com.topcoder.clients.webservices.mock.MockCompanyDAO.delete(MockCompanyDAO.java:149)
	at com.topcoder.clients.webservices.mock.MockCompanyDAO.delete(MockCompanyDAO.java:26)
	at com.topcoder.clients.manager.dao.DAOCompanyManager.deleteCompany(DAOCompanyManager.java:388)
	... 22 more
Fail create Company.
com.topcoder.clients.webservices.CompanyServiceException: Fail create Company.
	at com.topcoder.clients.webservices.beans.CompanyServiceBean.deleteCompany(CompanyServiceBean.java:344)
	at com.topcoder.clients.webservices.beans.CompanyServiceBeanTest.testDeleteCompany_WithFailService(CompanyServiceBeanTest.java:354)
	at sun.reflect.NativeMethodAccessorImpl.invoke0(Native Method)
	at sun.reflect.NativeMethodAccessorImpl.invoke(NativeMethodAccessorImpl.java:39)
	at sun.reflect.DelegatingMethodAccessorImpl.invoke(DelegatingMethodAccessorImpl.java:25)
	at java.lang.reflect.Method.invoke(Method.java:585)
	at junit.framework.TestCase.runTest(TestCase.java:164)
	at junit.framework.TestCase.runBare(TestCase.java:130)
	at junit.framework.TestResult$1.protect(TestResult.java:106)
	at junit.framework.TestResult.runProtected(TestResult.java:124)
	at junit.framework.TestResult.run(TestResult.java:109)
	at junit.framework.TestCase.run(TestCase.java:120)
	at junit.framework.TestSuite.runTest(TestSuite.java:230)
	at junit.framework.TestSuite.run(TestSuite.java:225)
	at junit.framework.TestSuite.runTest(TestSuite.java:230)
	at junit.framework.TestSuite.run(TestSuite.java:225)
	at junit.framework.TestSuite.runTest(TestSuite.java:230)
	at junit.framework.TestSuite.run(TestSuite.java:225)
	at org.apache.tools.ant.taskdefs.optional.junit.JUnitTestRunner.run(JUnitTestRunner.java:421)
	at org.apache.tools.ant.taskdefs.optional.junit.JUnitTestRunner.launch(JUnitTestRunner.java:912)
	at org.apache.tools.ant.taskdefs.optional.junit.JUnitTestRunner.main(JUnitTestRunner.java:766)
Caused by: com.topcoder.clients.manager.CompanyManagerException: Fail to delete the Company , cause by Fail from persistence.
	at com.topcoder.clients.manager.dao.DAOCompanyManager.wrapInnerException(DAOCompanyManager.java:254)
	at com.topcoder.clients.manager.dao.DAOCompanyManager.deleteCompany(DAOCompanyManager.java:405)
	at com.topcoder.clients.webservices.beans.BeanUtils.deleteOperation(BeanUtils.java:420)
	at com.topcoder.clients.webservices.beans.CompanyServiceBean.deleteCompany(CompanyServiceBean.java:341)
	... 20 more
Caused by: com.topcoder.clients.dao.DAOException: Fail from persistence.
	at com.topcoder.clients.webservices.mock.MockCompanyDAO.checkFlag(MockCompanyDAO.java:189)
	at com.topcoder.clients.webservices.mock.MockCompanyDAO.delete(MockCompanyDAO.java:149)
	at com.topcoder.clients.webservices.mock.MockCompanyDAO.delete(MockCompanyDAO.java:26)
	at com.topcoder.clients.manager.dao.DAOCompanyManager.deleteCompany(DAOCompanyManager.java:388)
	... 22 more
Exiting: com.topcoder.clients.webservices.beans.CompanyServiceBean#deleteCompany(Company company),Time-execution=0 ms,Return-value=null
----projectManagerFileLocal.properties
{com.topcoder.clients.manager.dao.DAOProjectManager=com.topcoder.configuration.defaults.DefaultConfigurationObject@4ffdc7, projectManagerNamespace=com.topcoder.configuration.defaults.DefaultConfigurationObject@19e4b5e}
IDGenerator: com.topcoder.clients.manager.dao.DAOProjectManager
----projectManagerFileLocal.properties
{com.topcoder.clients.manager.dao.DAOProjectManager=com.topcoder.configuration.defaults.DefaultConfigurationObject@19ea9ad, projectManagerNamespace=com.topcoder.configuration.defaults.DefaultConfigurationObject@195bc75}
IDGenerator: com.topcoder.clients.manager.dao.DAOProjectManager
----projectManagerFileLocal.properties
{com.topcoder.clients.manager.dao.DAOProjectManager=com.topcoder.configuration.defaults.DefaultConfigurationObject@134139f, projectManagerNamespace=com.topcoder.configuration.defaults.DefaultConfigurationObject@1f46cf7}
IDGenerator: com.topcoder.clients.manager.dao.DAOProjectManager
----projectManagerFileLocal.properties
{com.topcoder.clients.manager.dao.DAOProjectManager=com.topcoder.configuration.defaults.DefaultConfigurationObject@1e3b03, projectManagerNamespace=com.topcoder.configuration.defaults.DefaultConfigurationObject@b47341}
IDGenerator: com.topcoder.clients.manager.dao.DAOProjectManager
----projectManagerFileLocal.properties
{com.topcoder.clients.manager.dao.DAOProjectManager=com.topcoder.configuration.defaults.DefaultConfigurationObject@a731cb, projectManagerNamespace=com.topcoder.configuration.defaults.DefaultConfigurationObject@b630d1}
IDGenerator: com.topcoder.clients.manager.dao.DAOProjectManager
----projectManagerFileLocal.properties
{com.topcoder.clients.manager.dao.DAOProjectManager=com.topcoder.configuration.defaults.DefaultConfigurationObject@139b7a6, projectManagerNamespace=com.topcoder.configuration.defaults.DefaultConfigurationObject@47fe2d}
IDGenerator: com.topcoder.clients.manager.dao.DAOProjectManager
Entering: com.topcoder.clients.webservices.beans.ProjectServiceBean#createProject(Project project, Client client)
[Entering method <com.topcoder.clients.manager.dao.DAOProjectManager.createProject(Project project, Client client)>; Parameters:{ ParamName<project>; ParamValue: <[ id=0 name=name description=desc parentProjectId=0 salesTax=1.0 client=null company=null childProjects=[&#x5d;&#x5d;&gt; , ParamName<client>; ParamValue: <[ id=0 name=name codeName=codename salesTax=1.1 isDeleted=false company=null clientStatus=null]>  }  at 2008-09-26 02:26:43.625 ]
[Exiting method <com.topcoder.clients.manager.dao.DAOProjectManager.createProject(Project project, Client client)>; Return value:<[ id=1 name=name description=desc parentProjectId=0 salesTax=1.0 client=[ id=0 name=name codeName=codename salesTax=1.1 isDeleted=false company=null clientStatus=null] company=null childProjects=[&#x5d;&#x5d;&gt;]  at 2008-09-26 02:26:43.859
Exiting: com.topcoder.clients.webservices.beans.ProjectServiceBean#createProject(Project project, Client client)
----projectManagerFileLocal.properties
{com.topcoder.clients.manager.dao.DAOProjectManager=com.topcoder.configuration.defaults.DefaultConfigurationObject@1cbc528, projectManagerNamespace=com.topcoder.configuration.defaults.DefaultConfigurationObject@fd007c}
IDGenerator: com.topcoder.clients.manager.dao.DAOProjectManager
Entering: com.topcoder.clients.webservices.beans.ProjectServiceBean#createProject(Project project, Client client)
Passing entity cannot be null.
java.lang.IllegalArgumentException: Passing entity cannot be null.
	at com.topcoder.util.errorhandling.ExceptionUtils.checkNull(ExceptionUtils.java:173)
	at com.topcoder.clients.webservices.beans.BeanUtils.validateCaller(BeanUtils.java:226)
	at com.topcoder.clients.webservices.beans.ProjectServiceBean.createProject(ProjectServiceBean.java:358)
	at com.topcoder.clients.webservices.beans.ProjectServiceBeanTest.testCreateProject_WithNullProject(ProjectServiceBeanTest.java:189)
	at sun.reflect.NativeMethodAccessorImpl.invoke0(Native Method)
	at sun.reflect.NativeMethodAccessorImpl.invoke(NativeMethodAccessorImpl.java:39)
	at sun.reflect.DelegatingMethodAccessorImpl.invoke(DelegatingMethodAccessorImpl.java:25)
	at java.lang.reflect.Method.invoke(Method.java:585)
	at junit.framework.TestCase.runTest(TestCase.java:164)
	at junit.framework.TestCase.runBare(TestCase.java:130)
	at junit.framework.TestResult$1.protect(TestResult.java:106)
	at junit.framework.TestResult.runProtected(TestResult.java:124)
	at junit.framework.TestResult.run(TestResult.java:109)
	at junit.framework.TestCase.run(TestCase.java:120)
	at junit.framework.TestSuite.runTest(TestSuite.java:230)
	at junit.framework.TestSuite.run(TestSuite.java:225)
	at junit.framework.TestSuite.runTest(TestSuite.java:230)
	at junit.framework.TestSuite.run(TestSuite.java:225)
	at junit.framework.TestSuite.runTest(TestSuite.java:230)
	at junit.framework.TestSuite.run(TestSuite.java:225)
	at org.apache.tools.ant.taskdefs.optional.junit.JUnitTestRunner.run(JUnitTestRunner.java:421)
	at org.apache.tools.ant.taskdefs.optional.junit.JUnitTestRunner.launch(JUnitTestRunner.java:912)
	at org.apache.tools.ant.taskdefs.optional.junit.JUnitTestRunner.main(JUnitTestRunner.java:766)
Exiting: com.topcoder.clients.webservices.beans.ProjectServiceBean#createProject(Project project, Client client)
----projectManagerFileLocal.properties
{com.topcoder.clients.manager.dao.DAOProjectManager=com.topcoder.configuration.defaults.DefaultConfigurationObject@eef89, projectManagerNamespace=com.topcoder.configuration.defaults.DefaultConfigurationObject@903261}
IDGenerator: com.topcoder.clients.manager.dao.DAOProjectManager
Entering: com.topcoder.clients.webservices.beans.ProjectServiceBean#createProject(Project project, Client client)
Argument [ClientProject] cannot be null.
java.lang.IllegalArgumentException: Argument [ClientProject] cannot be null.
	at com.topcoder.util.errorhandling.ExceptionUtils.checkNull(ExceptionUtils.java:173)
	at com.topcoder.clients.webservices.beans.ProjectServiceBean.createProject(ProjectServiceBean.java:362)
	at com.topcoder.clients.webservices.beans.ProjectServiceBeanTest.testCreateProject_WithNullClient(ProjectServiceBeanTest.java:213)
	at sun.reflect.NativeMethodAccessorImpl.invoke0(Native Method)
	at sun.reflect.NativeMethodAccessorImpl.invoke(NativeMethodAccessorImpl.java:39)
	at sun.reflect.DelegatingMethodAccessorImpl.invoke(DelegatingMethodAccessorImpl.java:25)
	at java.lang.reflect.Method.invoke(Method.java:585)
	at junit.framework.TestCase.runTest(TestCase.java:164)
	at junit.framework.TestCase.runBare(TestCase.java:130)
	at junit.framework.TestResult$1.protect(TestResult.java:106)
	at junit.framework.TestResult.runProtected(TestResult.java:124)
	at junit.framework.TestResult.run(TestResult.java:109)
	at junit.framework.TestCase.run(TestCase.java:120)
	at junit.framework.TestSuite.runTest(TestSuite.java:230)
	at junit.framework.TestSuite.run(TestSuite.java:225)
	at junit.framework.TestSuite.runTest(TestSuite.java:230)
	at junit.framework.TestSuite.run(TestSuite.java:225)
	at junit.framework.TestSuite.runTest(TestSuite.java:230)
	at junit.framework.TestSuite.run(TestSuite.java:225)
	at org.apache.tools.ant.taskdefs.optional.junit.JUnitTestRunner.run(JUnitTestRunner.java:421)
	at org.apache.tools.ant.taskdefs.optional.junit.JUnitTestRunner.launch(JUnitTestRunner.java:912)
	at org.apache.tools.ant.taskdefs.optional.junit.JUnitTestRunner.main(JUnitTestRunner.java:766)
Exiting: com.topcoder.clients.webservices.beans.ProjectServiceBean#createProject(Project project, Client client)
----projectManagerFileLocal.properties
{com.topcoder.clients.manager.dao.DAOProjectManager=com.topcoder.configuration.defaults.DefaultConfigurationObject@c006dc, projectManagerNamespace=com.topcoder.configuration.defaults.DefaultConfigurationObject@1028c44}
IDGenerator: com.topcoder.clients.manager.dao.DAOProjectManager
Entering: com.topcoder.clients.webservices.beans.ProjectServiceBean#createProject(Project project, Client client)
Property 'com.topcoder.clients.manager.ProjectManager' has null state. Check your configuration again !!!
java.lang.IllegalStateException: Property 'com.topcoder.clients.manager.ProjectManager' has null state. Check your configuration again !!!
	at com.topcoder.clients.webservices.beans.BeanUtils.checkState(BeanUtils.java:465)
	at com.topcoder.clients.webservices.beans.BeanUtils.createOperation(BeanUtils.java:320)
	at com.topcoder.clients.webservices.beans.ProjectServiceBean.createProject(ProjectServiceBean.java:363)
	at com.topcoder.clients.webservices.beans.ProjectServiceBeanTest.testCreateProject_WithNullManager(ProjectServiceBeanTest.java:241)
	at sun.reflect.NativeMethodAccessorImpl.invoke0(Native Method)
	at sun.reflect.NativeMethodAccessorImpl.invoke(NativeMethodAccessorImpl.java:39)
	at sun.reflect.DelegatingMethodAccessorImpl.invoke(DelegatingMethodAccessorImpl.java:25)
	at java.lang.reflect.Method.invoke(Method.java:585)
	at junit.framework.TestCase.runTest(TestCase.java:164)
	at junit.framework.TestCase.runBare(TestCase.java:130)
	at junit.framework.TestResult$1.protect(TestResult.java:106)
	at junit.framework.TestResult.runProtected(TestResult.java:124)
	at junit.framework.TestResult.run(TestResult.java:109)
	at junit.framework.TestCase.run(TestCase.java:120)
	at junit.framework.TestSuite.runTest(TestSuite.java:230)
	at junit.framework.TestSuite.run(TestSuite.java:225)
	at junit.framework.TestSuite.runTest(TestSuite.java:230)
	at junit.framework.TestSuite.run(TestSuite.java:225)
	at junit.framework.TestSuite.runTest(TestSuite.java:230)
	at junit.framework.TestSuite.run(TestSuite.java:225)
	at org.apache.tools.ant.taskdefs.optional.junit.JUnitTestRunner.run(JUnitTestRunner.java:421)
	at org.apache.tools.ant.taskdefs.optional.junit.JUnitTestRunner.launch(JUnitTestRunner.java:912)
	at org.apache.tools.ant.taskdefs.optional.junit.JUnitTestRunner.main(JUnitTestRunner.java:766)
Exiting: com.topcoder.clients.webservices.beans.ProjectServiceBean#createProject(Project project, Client client)
----projectManagerFileLocal.properties
{com.topcoder.clients.manager.dao.DAOProjectManager=com.topcoder.configuration.defaults.DefaultConfigurationObject@1822dc7, projectManagerNamespace=com.topcoder.configuration.defaults.DefaultConfigurationObject@18b856a}
IDGenerator: com.topcoder.clients.manager.dao.DAOProjectManager
Entering: com.topcoder.clients.webservices.beans.ProjectServiceBean#createProject(Project project, Client client)
Not has authorization to perform operation: com.topcoder.clients.webservices.beans.ProjectServiceBean#createProject(Project project, Client client)
com.topcoder.clients.webservices.beans.AuthorizationFailedException: Not has authorization to perform operation: com.topcoder.clients.webservices.beans.ProjectServiceBean#createProject(Project project, Client client)
	at com.topcoder.clients.webservices.beans.BeanUtils.validateCaller(BeanUtils.java:262)
	at com.topcoder.clients.webservices.beans.ProjectServiceBean.createProject(ProjectServiceBean.java:358)
	at com.topcoder.clients.webservices.beans.ProjectServiceBeanTest.testCreateProject_WithFailAuthorization(ProjectServiceBeanTest.java:266)
	at sun.reflect.NativeMethodAccessorImpl.invoke0(Native Method)
	at sun.reflect.NativeMethodAccessorImpl.invoke(NativeMethodAccessorImpl.java:39)
	at sun.reflect.DelegatingMethodAccessorImpl.invoke(DelegatingMethodAccessorImpl.java:25)
	at java.lang.reflect.Method.invoke(Method.java:585)
	at junit.framework.TestCase.runTest(TestCase.java:164)
	at junit.framework.TestCase.runBare(TestCase.java:130)
	at junit.framework.TestResult$1.protect(TestResult.java:106)
	at junit.framework.TestResult.runProtected(TestResult.java:124)
	at junit.framework.TestResult.run(TestResult.java:109)
	at junit.framework.TestCase.run(TestCase.java:120)
	at junit.framework.TestSuite.runTest(TestSuite.java:230)
	at junit.framework.TestSuite.run(TestSuite.java:225)
	at junit.framework.TestSuite.runTest(TestSuite.java:230)
	at junit.framework.TestSuite.run(TestSuite.java:225)
	at junit.framework.TestSuite.runTest(TestSuite.java:230)
	at junit.framework.TestSuite.run(TestSuite.java:225)
	at org.apache.tools.ant.taskdefs.optional.junit.JUnitTestRunner.run(JUnitTestRunner.java:421)
	at org.apache.tools.ant.taskdefs.optional.junit.JUnitTestRunner.launch(JUnitTestRunner.java:912)
	at org.apache.tools.ant.taskdefs.optional.junit.JUnitTestRunner.main(JUnitTestRunner.java:766)
Exiting: com.topcoder.clients.webservices.beans.ProjectServiceBean#createProject(Project project, Client client)
----projectManagerFileLocal.properties
{com.topcoder.clients.manager.dao.DAOProjectManager=com.topcoder.configuration.defaults.DefaultConfigurationObject@2af936, projectManagerNamespace=com.topcoder.configuration.defaults.DefaultConfigurationObject@14f84d5}
IDGenerator: com.topcoder.clients.manager.dao.DAOProjectManager
Entering: com.topcoder.clients.webservices.beans.ProjectServiceBean#createProject(Project project, Client client)
[Entering method <com.topcoder.clients.manager.dao.DAOProjectManager.createProject(Project project, Client client)>; Parameters:{ ParamName<project>; ParamValue: <[ id=0 name=name description=desc parentProjectId=0 salesTax=1.0 client=null company=null childProjects=[&#x5d;&#x5d;&gt; , ParamName<client>; ParamValue: <[ id=0 name=name codeName=codename salesTax=1.1 isDeleted=false company=null clientStatus=null]>  }  at 2008-09-26 02:26:44.921 ]
[Error occurred in method <com.topcoder.clients.manager.dao.DAOProjectManager.createProject(Project project, Client client)>, cause by :
com.topcoder.clients.manager.ProjectManagerException: Fail to create the given project, cause by Failure from persistence.
	at com.topcoder.clients.manager.dao.DAOProjectManager.wrapInnerException(DAOProjectManager.java:351)
	at com.topcoder.clients.manager.dao.DAOProjectManager.createProject(DAOProjectManager.java:322)
	at com.topcoder.clients.webservices.beans.BeanUtils.createOperation(BeanUtils.java:321)
	at com.topcoder.clients.webservices.beans.ProjectServiceBean.createProject(ProjectServiceBean.java:363)
	at com.topcoder.clients.webservices.beans.ProjectServiceBeanTest.testCreateProject_WithFailService(ProjectServiceBeanTest.java:293)
	at sun.reflect.NativeMethodAccessorImpl.invoke0(Native Method)
	at sun.reflect.NativeMethodAccessorImpl.invoke(NativeMethodAccessorImpl.java:39)
	at sun.reflect.DelegatingMethodAccessorImpl.invoke(DelegatingMethodAccessorImpl.java:25)
	at java.lang.reflect.Method.invoke(Method.java:585)
	at junit.framework.TestCase.runTest(TestCase.java:164)
	at junit.framework.TestCase.runBare(TestCase.java:130)
	at junit.framework.TestResult$1.protect(TestResult.java:106)
	at junit.framework.TestResult.runProtected(TestResult.java:124)
	at junit.framework.TestResult.run(TestResult.java:109)
	at junit.framework.TestCase.run(TestCase.java:120)
	at junit.framework.TestSuite.runTest(TestSuite.java:230)
	at junit.framework.TestSuite.run(TestSuite.java:225)
	at junit.framework.TestSuite.runTest(TestSuite.java:230)
	at junit.framework.TestSuite.run(TestSuite.java:225)
	at junit.framework.TestSuite.runTest(TestSuite.java:230)
	at junit.framework.TestSuite.run(TestSuite.java:225)
	at org.apache.tools.ant.taskdefs.optional.junit.JUnitTestRunner.run(JUnitTestRunner.java:421)
	at org.apache.tools.ant.taskdefs.optional.junit.JUnitTestRunner.launch(JUnitTestRunner.java:912)
	at org.apache.tools.ant.taskdefs.optional.junit.JUnitTestRunner.main(JUnitTestRunner.java:766)
Caused by: com.topcoder.clients.dao.DAOException: Failure from persistence.
	at com.topcoder.clients.webservices.mock.MockProjectDAO.checkFlag(MockProjectDAO.java:184)
	at com.topcoder.clients.webservices.mock.MockProjectDAO.save(MockProjectDAO.java:139)
	at com.topcoder.clients.webservices.mock.MockProjectDAO.save(MockProjectDAO.java:24)
	at com.topcoder.clients.manager.dao.DAOProjectManager.createProject(DAOProjectManager.java:309)
	... 22 more
Fail create project.
com.topcoder.clients.webservices.ProjectServiceException: Fail create project.
	at com.topcoder.clients.webservices.beans.ProjectServiceBean.createProject(ProjectServiceBean.java:366)
	at com.topcoder.clients.webservices.beans.ProjectServiceBeanTest.testCreateProject_WithFailService(ProjectServiceBeanTest.java:293)
	at sun.reflect.NativeMethodAccessorImpl.invoke0(Native Method)
	at sun.reflect.NativeMethodAccessorImpl.invoke(NativeMethodAccessorImpl.java:39)
	at sun.reflect.DelegatingMethodAccessorImpl.invoke(DelegatingMethodAccessorImpl.java:25)
	at java.lang.reflect.Method.invoke(Method.java:585)
	at junit.framework.TestCase.runTest(TestCase.java:164)
	at junit.framework.TestCase.runBare(TestCase.java:130)
	at junit.framework.TestResult$1.protect(TestResult.java:106)
	at junit.framework.TestResult.runProtected(TestResult.java:124)
	at junit.framework.TestResult.run(TestResult.java:109)
	at junit.framework.TestCase.run(TestCase.java:120)
	at junit.framework.TestSuite.runTest(TestSuite.java:230)
	at junit.framework.TestSuite.run(TestSuite.java:225)
	at junit.framework.TestSuite.runTest(TestSuite.java:230)
	at junit.framework.TestSuite.run(TestSuite.java:225)
	at junit.framework.TestSuite.runTest(TestSuite.java:230)
	at junit.framework.TestSuite.run(TestSuite.java:225)
	at org.apache.tools.ant.taskdefs.optional.junit.JUnitTestRunner.run(JUnitTestRunner.java:421)
	at org.apache.tools.ant.taskdefs.optional.junit.JUnitTestRunner.launch(JUnitTestRunner.java:912)
	at org.apache.tools.ant.taskdefs.optional.junit.JUnitTestRunner.main(JUnitTestRunner.java:766)
Caused by: com.topcoder.clients.manager.ProjectManagerException: Fail to create the given project, cause by Failure from persistence.
	at com.topcoder.clients.manager.dao.DAOProjectManager.wrapInnerException(DAOProjectManager.java:351)
	at com.topcoder.clients.manager.dao.DAOProjectManager.createProject(DAOProjectManager.java:322)
	at com.topcoder.clients.webservices.beans.BeanUtils.createOperation(BeanUtils.java:321)
	at com.topcoder.clients.webservices.beans.ProjectServiceBean.createProject(ProjectServiceBean.java:363)
	... 20 more
Caused by: com.topcoder.clients.dao.DAOException: Failure from persistence.
	at com.topcoder.clients.webservices.mock.MockProjectDAO.checkFlag(MockProjectDAO.java:184)
	at com.topcoder.clients.webservices.mock.MockProjectDAO.save(MockProjectDAO.java:139)
	at com.topcoder.clients.webservices.mock.MockProjectDAO.save(MockProjectDAO.java:24)
	at com.topcoder.clients.manager.dao.DAOProjectManager.createProject(DAOProjectManager.java:309)
	... 22 more
Exiting: com.topcoder.clients.webservices.beans.ProjectServiceBean#createProject(Project project, Client client)
----projectManagerFileLocal.properties
{com.topcoder.clients.manager.dao.DAOProjectManager=com.topcoder.configuration.defaults.DefaultConfigurationObject@864ade, projectManagerNamespace=com.topcoder.configuration.defaults.DefaultConfigurationObject@9d5c12}
IDGenerator: com.topcoder.clients.manager.dao.DAOProjectManager
Entering: com.topcoder.clients.webservices.beans.ProjectServiceBean#createProject(Project project, Client client)
[Entering method <com.topcoder.clients.manager.dao.DAOProjectManager.createProject(Project project, Client client)>; Parameters:{ ParamName<project>; ParamValue: <[ id=0 name=name description=desc parentProjectId=0 salesTax=1.0 client=null company=null childProjects=[&#x5d;&#x5d;&gt; , ParamName<client>; ParamValue: <[ id=0 name=name codeName=codename salesTax=1.1 isDeleted=false company=null clientStatus=null]>  }  at 2008-09-26 02:26:45.093 ]
[Exiting method <com.topcoder.clients.manager.dao.DAOProjectManager.createProject(Project project, Client client)>; Return value:<[ id=3 name=name description=desc parentProjectId=0 salesTax=1.0 client=[ id=0 name=name codeName=codename salesTax=1.1 isDeleted=false company=null clientStatus=null] company=null childProjects=[&#x5d;&#x5d;&gt;]  at 2008-09-26 02:26:45.093
Exiting: com.topcoder.clients.webservices.beans.ProjectServiceBean#createProject(Project project, Client client)
Entering: com.topcoder.clients.webservices.beans.ProjectServiceBean#updateProject(Project project)
[Entering method <com.topcoder.clients.manager.dao.DAOProjectManager.updateProject(Project project)>; Parameters:{ ParamName<project>; ParamValue: <[ id=3 name=name description=desc parentProjectId=0 salesTax=1.0 client=[ id=3 name=name codeName=codename salesTax=1.1 isDeleted=false company=[ id=26 name=name passcode=passcode isDeleted=false] clientStatus=[ id=33 name=name description=description isDeleted=false]] company=[ id=27 name=name passcode=passcode isDeleted=false] childProjects=[&#x5d;&#x5d;&gt;  }  at 2008-09-26 02:26:45.296 ]
[Exiting method <com.topcoder.clients.manager.dao.DAOProjectManager.updateProject(Project project)>; Return value:<[ id=3 name=name description=desc parentProjectId=0 salesTax=1.0 client=[ id=3 name=name codeName=codename salesTax=1.1 isDeleted=false company=[ id=26 name=name passcode=passcode isDeleted=false] clientStatus=[ id=33 name=name description=description isDeleted=false]] company=[ id=27 name=name passcode=passcode isDeleted=false] childProjects=[&#x5d;&#x5d;&gt;]  at 2008-09-26 02:26:45.296
Exiting: com.topcoder.clients.webservices.beans.ProjectServiceBean#updateProject(Project project)
----projectManagerFileLocal.properties
{com.topcoder.clients.manager.dao.DAOProjectManager=com.topcoder.configuration.defaults.DefaultConfigurationObject@760bb0, projectManagerNamespace=com.topcoder.configuration.defaults.DefaultConfigurationObject@1f9552d}
IDGenerator: com.topcoder.clients.manager.dao.DAOProjectManager
Entering: com.topcoder.clients.webservices.beans.ProjectServiceBean#createProject(Project project, Client client)
[Entering method <com.topcoder.clients.manager.dao.DAOProjectManager.createProject(Project project, Client client)>; Parameters:{ ParamName<project>; ParamValue: <[ id=0 name=name description=desc parentProjectId=0 salesTax=1.0 client=null company=null childProjects=[&#x5d;&#x5d;&gt; , ParamName<client>; ParamValue: <[ id=0 name=name codeName=codename salesTax=1.1 isDeleted=false company=null clientStatus=null]>  }  at 2008-09-26 02:26:45.500 ]
[Exiting method <com.topcoder.clients.manager.dao.DAOProjectManager.createProject(Project project, Client client)>; Return value:<[ id=4 name=name description=desc parentProjectId=0 salesTax=1.0 client=[ id=0 name=name codeName=codename salesTax=1.1 isDeleted=false company=null clientStatus=null] company=null childProjects=[&#x5d;&#x5d;&gt;]  at 2008-09-26 02:26:45.500
Exiting: com.topcoder.clients.webservices.beans.ProjectServiceBean#createProject(Project project, Client client)
Entering: com.topcoder.clients.webservices.beans.ProjectServiceBean#updateProject(Project project)
Passing entity cannot be null.
java.lang.IllegalArgumentException: Passing entity cannot be null.
	at com.topcoder.util.errorhandling.ExceptionUtils.checkNull(ExceptionUtils.java:173)
	at com.topcoder.clients.webservices.beans.BeanUtils.validateCaller(BeanUtils.java:226)
	at com.topcoder.clients.webservices.beans.ProjectServiceBean.updateProject(ProjectServiceBean.java:410)
	at com.topcoder.clients.webservices.beans.ProjectServiceBeanTest.testUpdateProject_WithNullProject(ProjectServiceBeanTest.java:353)
	at sun.reflect.NativeMethodAccessorImpl.invoke0(Native Method)
	at sun.reflect.NativeMethodAccessorImpl.invoke(NativeMethodAccessorImpl.java:39)
	at sun.reflect.DelegatingMethodAccessorImpl.invoke(DelegatingMethodAccessorImpl.java:25)
	at java.lang.reflect.Method.invoke(Method.java:585)
	at junit.framework.TestCase.runTest(TestCase.java:164)
	at junit.framework.TestCase.runBare(TestCase.java:130)
	at junit.framework.TestResult$1.protect(TestResult.java:106)
	at junit.framework.TestResult.runProtected(TestResult.java:124)
	at junit.framework.TestResult.run(TestResult.java:109)
	at junit.framework.TestCase.run(TestCase.java:120)
	at junit.framework.TestSuite.runTest(TestSuite.java:230)
	at junit.framework.TestSuite.run(TestSuite.java:225)
	at junit.framework.TestSuite.runTest(TestSuite.java:230)
	at junit.framework.TestSuite.run(TestSuite.java:225)
	at junit.framework.TestSuite.runTest(TestSuite.java:230)
	at junit.framework.TestSuite.run(TestSuite.java:225)
	at org.apache.tools.ant.taskdefs.optional.junit.JUnitTestRunner.run(JUnitTestRunner.java:421)
	at org.apache.tools.ant.taskdefs.optional.junit.JUnitTestRunner.launch(JUnitTestRunner.java:912)
	at org.apache.tools.ant.taskdefs.optional.junit.JUnitTestRunner.main(JUnitTestRunner.java:766)
Exiting: com.topcoder.clients.webservices.beans.ProjectServiceBean#updateProject(Project project)
----projectManagerFileLocal.properties
{com.topcoder.clients.manager.dao.DAOProjectManager=com.topcoder.configuration.defaults.DefaultConfigurationObject@18ff9a1, projectManagerNamespace=com.topcoder.configuration.defaults.DefaultConfigurationObject@14dd379}
IDGenerator: com.topcoder.clients.manager.dao.DAOProjectManager
Entering: com.topcoder.clients.webservices.beans.ProjectServiceBean#createProject(Project project, Client client)
[Entering method <com.topcoder.clients.manager.dao.DAOProjectManager.createProject(Project project, Client client)>; Parameters:{ ParamName<project>; ParamValue: <[ id=0 name=name description=desc parentProjectId=0 salesTax=1.0 client=null company=null childProjects=[&#x5d;&#x5d;&gt; , ParamName<client>; ParamValue: <[ id=0 name=name codeName=codename salesTax=1.1 isDeleted=false company=null clientStatus=null]>  }  at 2008-09-26 02:26:45.796 ]
[Exiting method <com.topcoder.clients.manager.dao.DAOProjectManager.createProject(Project project, Client client)>; Return value:<[ id=5 name=name description=desc parentProjectId=0 salesTax=1.0 client=[ id=0 name=name codeName=codename salesTax=1.1 isDeleted=false company=null clientStatus=null] company=null childProjects=[&#x5d;&#x5d;&gt;]  at 2008-09-26 02:26:45.796
Exiting: com.topcoder.clients.webservices.beans.ProjectServiceBean#createProject(Project project, Client client)
Entering: com.topcoder.clients.webservices.beans.ProjectServiceBean#updateProject(Project project)
Property 'com.topcoder.clients.manager.ProjectManager' has null state. Check your configuration again !!!
java.lang.IllegalStateException: Property 'com.topcoder.clients.manager.ProjectManager' has null state. Check your configuration again !!!
	at com.topcoder.clients.webservices.beans.BeanUtils.checkState(BeanUtils.java:465)
	at com.topcoder.clients.webservices.beans.BeanUtils.updateOperation(BeanUtils.java:371)
	at com.topcoder.clients.webservices.beans.ProjectServiceBean.updateProject(ProjectServiceBean.java:414)
	at com.topcoder.clients.webservices.beans.ProjectServiceBeanTest.testUpdateProject_WithNullManager(ProjectServiceBeanTest.java:389)
	at sun.reflect.NativeMethodAccessorImpl.invoke0(Native Method)
	at sun.reflect.NativeMethodAccessorImpl.invoke(NativeMethodAccessorImpl.java:39)
	at sun.reflect.DelegatingMethodAccessorImpl.invoke(DelegatingMethodAccessorImpl.java:25)
	at java.lang.reflect.Method.invoke(Method.java:585)
	at junit.framework.TestCase.runTest(TestCase.java:164)
	at junit.framework.TestCase.runBare(TestCase.java:130)
	at junit.framework.TestResult$1.protect(TestResult.java:106)
	at junit.framework.TestResult.runProtected(TestResult.java:124)
	at junit.framework.TestResult.run(TestResult.java:109)
	at junit.framework.TestCase.run(TestCase.java:120)
	at junit.framework.TestSuite.runTest(TestSuite.java:230)
	at junit.framework.TestSuite.run(TestSuite.java:225)
	at junit.framework.TestSuite.runTest(TestSuite.java:230)
	at junit.framework.TestSuite.run(TestSuite.java:225)
	at junit.framework.TestSuite.runTest(TestSuite.java:230)
	at junit.framework.TestSuite.run(TestSuite.java:225)
	at org.apache.tools.ant.taskdefs.optional.junit.JUnitTestRunner.run(JUnitTestRunner.java:421)
	at org.apache.tools.ant.taskdefs.optional.junit.JUnitTestRunner.launch(JUnitTestRunner.java:912)
	at org.apache.tools.ant.taskdefs.optional.junit.JUnitTestRunner.main(JUnitTestRunner.java:766)
Exiting: com.topcoder.clients.webservices.beans.ProjectServiceBean#updateProject(Project project)
----projectManagerFileLocal.properties
{com.topcoder.clients.manager.dao.DAOProjectManager=com.topcoder.configuration.defaults.DefaultConfigurationObject@10ba65a, projectManagerNamespace=com.topcoder.configuration.defaults.DefaultConfigurationObject@1d6687a}
IDGenerator: com.topcoder.clients.manager.dao.DAOProjectManager
Entering: com.topcoder.clients.webservices.beans.ProjectServiceBean#createProject(Project project, Client client)
[Entering method <com.topcoder.clients.manager.dao.DAOProjectManager.createProject(Project project, Client client)>; Parameters:{ ParamName<project>; ParamValue: <[ id=0 name=name description=desc parentProjectId=0 salesTax=1.0 client=null company=null childProjects=[&#x5d;&#x5d;&gt; , ParamName<client>; ParamValue: <[ id=0 name=name codeName=codename salesTax=1.1 isDeleted=false company=null clientStatus=null]>  }  at 2008-09-26 02:26:46.171 ]
[Exiting method <com.topcoder.clients.manager.dao.DAOProjectManager.createProject(Project project, Client client)>; Return value:<[ id=6 name=name description=desc parentProjectId=0 salesTax=1.0 client=[ id=0 name=name codeName=codename salesTax=1.1 isDeleted=false company=null clientStatus=null] company=null childProjects=[&#x5d;&#x5d;&gt;]  at 2008-09-26 02:26:46.171
Exiting: com.topcoder.clients.webservices.beans.ProjectServiceBean#createProject(Project project, Client client)
Entering: com.topcoder.clients.webservices.beans.ProjectServiceBean#updateProject(Project project)
Not has authorization to perform operation: com.topcoder.clients.webservices.beans.ProjectServiceBean#updateProject(Project project)
com.topcoder.clients.webservices.beans.AuthorizationFailedException: Not has authorization to perform operation: com.topcoder.clients.webservices.beans.ProjectServiceBean#updateProject(Project project)
	at com.topcoder.clients.webservices.beans.BeanUtils.validateCaller(BeanUtils.java:262)
	at com.topcoder.clients.webservices.beans.ProjectServiceBean.updateProject(ProjectServiceBean.java:410)
	at com.topcoder.clients.webservices.beans.ProjectServiceBeanTest.testUpdateProject_WithFailAuthorization(ProjectServiceBeanTest.java:422)
	at sun.reflect.NativeMethodAccessorImpl.invoke0(Native Method)
	at sun.reflect.NativeMethodAccessorImpl.invoke(NativeMethodAccessorImpl.java:39)
	at sun.reflect.DelegatingMethodAccessorImpl.invoke(DelegatingMethodAccessorImpl.java:25)
	at java.lang.reflect.Method.invoke(Method.java:585)
	at junit.framework.TestCase.runTest(TestCase.java:164)
	at junit.framework.TestCase.runBare(TestCase.java:130)
	at junit.framework.TestResult$1.protect(TestResult.java:106)
	at junit.framework.TestResult.runProtected(TestResult.java:124)
	at junit.framework.TestResult.run(TestResult.java:109)
	at junit.framework.TestCase.run(TestCase.java:120)
	at junit.framework.TestSuite.runTest(TestSuite.java:230)
	at junit.framework.TestSuite.run(TestSuite.java:225)
	at junit.framework.TestSuite.runTest(TestSuite.java:230)
	at junit.framework.TestSuite.run(TestSuite.java:225)
	at junit.framework.TestSuite.runTest(TestSuite.java:230)
	at junit.framework.TestSuite.run(TestSuite.java:225)
	at org.apache.tools.ant.taskdefs.optional.junit.JUnitTestRunner.run(JUnitTestRunner.java:421)
	at org.apache.tools.ant.taskdefs.optional.junit.JUnitTestRunner.launch(JUnitTestRunner.java:912)
	at org.apache.tools.ant.taskdefs.optional.junit.JUnitTestRunner.main(JUnitTestRunner.java:766)
Exiting: com.topcoder.clients.webservices.beans.ProjectServiceBean#updateProject(Project project)
----projectManagerFileLocal.properties
{com.topcoder.clients.manager.dao.DAOProjectManager=com.topcoder.configuration.defaults.DefaultConfigurationObject@1d3e5cf, projectManagerNamespace=com.topcoder.configuration.defaults.DefaultConfigurationObject@948855}
IDGenerator: com.topcoder.clients.manager.dao.DAOProjectManager
Entering: com.topcoder.clients.webservices.beans.ProjectServiceBean#createProject(Project project, Client client)
[Entering method <com.topcoder.clients.manager.dao.DAOProjectManager.createProject(Project project, Client client)>; Parameters:{ ParamName<project>; ParamValue: <[ id=0 name=name description=desc parentProjectId=0 salesTax=1.0 client=null company=null childProjects=[&#x5d;&#x5d;&gt; , ParamName<client>; ParamValue: <[ id=0 name=name codeName=codename salesTax=1.1 isDeleted=false company=null clientStatus=null]>  }  at 2008-09-26 02:26:46.437 ]
[Exiting method <com.topcoder.clients.manager.dao.DAOProjectManager.createProject(Project project, Client client)>; Return value:<[ id=7 name=name description=desc parentProjectId=0 salesTax=1.0 client=[ id=0 name=name codeName=codename salesTax=1.1 isDeleted=false company=null clientStatus=null] company=null childProjects=[&#x5d;&#x5d;&gt;]  at 2008-09-26 02:26:46.437
Exiting: com.topcoder.clients.webservices.beans.ProjectServiceBean#createProject(Project project, Client client)
Entering: com.topcoder.clients.webservices.beans.ProjectServiceBean#updateProject(Project project)
[Entering method <com.topcoder.clients.manager.dao.DAOProjectManager.updateProject(Project project)>; Parameters:{ ParamName<project>; ParamValue: <[ id=7 name=name description=desc parentProjectId=0 salesTax=1.0 client=[ id=7 name=name codeName=codename salesTax=1.1 isDeleted=false company=[ id=34 name=name passcode=passcode isDeleted=false] clientStatus=[ id=37 name=name description=description isDeleted=false]] company=[ id=35 name=name passcode=passcode isDeleted=false] childProjects=[&#x5d;&#x5d;&gt;  }  at 2008-09-26 02:26:46.562 ]
[Error occurred in method <com.topcoder.clients.manager.dao.DAOProjectManager.updateProject(Project project)>, cause by :
com.topcoder.clients.manager.ProjectManagerException: Fail to update the Project, cause by Failure from persistence.
	at com.topcoder.clients.manager.dao.DAOProjectManager.wrapInnerException(DAOProjectManager.java:351)
	at com.topcoder.clients.manager.dao.DAOProjectManager.updateProject(DAOProjectManager.java:398)
	at com.topcoder.clients.webservices.beans.BeanUtils.updateOperation(BeanUtils.java:372)
	at com.topcoder.clients.webservices.beans.ProjectServiceBean.updateProject(ProjectServiceBean.java:414)
	at com.topcoder.clients.webservices.beans.ProjectServiceBeanTest.testUpdateProject_WithFailService(ProjectServiceBeanTest.java:456)
	at sun.reflect.NativeMethodAccessorImpl.invoke0(Native Method)
	at sun.reflect.NativeMethodAccessorImpl.invoke(NativeMethodAccessorImpl.java:39)
	at sun.reflect.DelegatingMethodAccessorImpl.invoke(DelegatingMethodAccessorImpl.java:25)
	at java.lang.reflect.Method.invoke(Method.java:585)
	at junit.framework.TestCase.runTest(TestCase.java:164)
	at junit.framework.TestCase.runBare(TestCase.java:130)
	at junit.framework.TestResult$1.protect(TestResult.java:106)
	at junit.framework.TestResult.runProtected(TestResult.java:124)
	at junit.framework.TestResult.run(TestResult.java:109)
	at junit.framework.TestCase.run(TestCase.java:120)
	at junit.framework.TestSuite.runTest(TestSuite.java:230)
	at junit.framework.TestSuite.run(TestSuite.java:225)
	at junit.framework.TestSuite.runTest(TestSuite.java:230)
	at junit.framework.TestSuite.run(TestSuite.java:225)
	at junit.framework.TestSuite.runTest(TestSuite.java:230)
	at junit.framework.TestSuite.run(TestSuite.java:225)
	at org.apache.tools.ant.taskdefs.optional.junit.JUnitTestRunner.run(JUnitTestRunner.java:421)
	at org.apache.tools.ant.taskdefs.optional.junit.JUnitTestRunner.launch(JUnitTestRunner.java:912)
	at org.apache.tools.ant.taskdefs.optional.junit.JUnitTestRunner.main(JUnitTestRunner.java:766)
Caused by: com.topcoder.clients.dao.DAOException: Failure from persistence.
	at com.topcoder.clients.webservices.mock.MockProjectDAO.checkFlag(MockProjectDAO.java:184)
	at com.topcoder.clients.webservices.mock.MockProjectDAO.retrieveById(MockProjectDAO.java:82)
	at com.topcoder.clients.webservices.mock.MockProjectDAO.retrieveById(MockProjectDAO.java:24)
	at com.topcoder.clients.manager.dao.DAOProjectManager.checkProjectExist(DAOProjectManager.java:422)
	at com.topcoder.clients.manager.dao.DAOProjectManager.updateProject(DAOProjectManager.java:384)
	... 22 more
Fail update project.
com.topcoder.clients.webservices.ProjectServiceException: Fail update project.
	at com.topcoder.clients.webservices.beans.ProjectServiceBean.updateProject(ProjectServiceBean.java:417)
	at com.topcoder.clients.webservices.beans.ProjectServiceBeanTest.testUpdateProject_WithFailService(ProjectServiceBeanTest.java:456)
	at sun.reflect.NativeMethodAccessorImpl.invoke0(Native Method)
	at sun.reflect.NativeMethodAccessorImpl.invoke(NativeMethodAccessorImpl.java:39)
	at sun.reflect.DelegatingMethodAccessorImpl.invoke(DelegatingMethodAccessorImpl.java:25)
	at java.lang.reflect.Method.invoke(Method.java:585)
	at junit.framework.TestCase.runTest(TestCase.java:164)
	at junit.framework.TestCase.runBare(TestCase.java:130)
	at junit.framework.TestResult$1.protect(TestResult.java:106)
	at junit.framework.TestResult.runProtected(TestResult.java:124)
	at junit.framework.TestResult.run(TestResult.java:109)
	at junit.framework.TestCase.run(TestCase.java:120)
	at junit.framework.TestSuite.runTest(TestSuite.java:230)
	at junit.framework.TestSuite.run(TestSuite.java:225)
	at junit.framework.TestSuite.runTest(TestSuite.java:230)
	at junit.framework.TestSuite.run(TestSuite.java:225)
	at junit.framework.TestSuite.runTest(TestSuite.java:230)
	at junit.framework.TestSuite.run(TestSuite.java:225)
	at org.apache.tools.ant.taskdefs.optional.junit.JUnitTestRunner.run(JUnitTestRunner.java:421)
	at org.apache.tools.ant.taskdefs.optional.junit.JUnitTestRunner.launch(JUnitTestRunner.java:912)
	at org.apache.tools.ant.taskdefs.optional.junit.JUnitTestRunner.main(JUnitTestRunner.java:766)
Caused by: com.topcoder.clients.manager.ProjectManagerException: Fail to update the Project, cause by Failure from persistence.
	at com.topcoder.clients.manager.dao.DAOProjectManager.wrapInnerException(DAOProjectManager.java:351)
	at com.topcoder.clients.manager.dao.DAOProjectManager.updateProject(DAOProjectManager.java:398)
	at com.topcoder.clients.webservices.beans.BeanUtils.updateOperation(BeanUtils.java:372)
	at com.topcoder.clients.webservices.beans.ProjectServiceBean.updateProject(ProjectServiceBean.java:414)
	... 20 more
Caused by: com.topcoder.clients.dao.DAOException: Failure from persistence.
	at com.topcoder.clients.webservices.mock.MockProjectDAO.checkFlag(MockProjectDAO.java:184)
	at com.topcoder.clients.webservices.mock.MockProjectDAO.retrieveById(MockProjectDAO.java:82)
	at com.topcoder.clients.webservices.mock.MockProjectDAO.retrieveById(MockProjectDAO.java:24)
	at com.topcoder.clients.manager.dao.DAOProjectManager.checkProjectExist(DAOProjectManager.java:422)
	at com.topcoder.clients.manager.dao.DAOProjectManager.updateProject(DAOProjectManager.java:384)
	... 22 more
Exiting: com.topcoder.clients.webservices.beans.ProjectServiceBean#updateProject(Project project)
----projectManagerFileLocal.properties
{com.topcoder.clients.manager.dao.DAOProjectManager=com.topcoder.configuration.defaults.DefaultConfigurationObject@1d5691a, projectManagerNamespace=com.topcoder.configuration.defaults.DefaultConfigurationObject@1e73007}
IDGenerator: com.topcoder.clients.manager.dao.DAOProjectManager
Entering[Fri Sep 26 02:26:46 CST 2008]: com.topcoder.clients.webservices.beans.ProjectServiceBean#createProject(Project project, Client client)
--->Parameter[0]: [id=0,name=name,description=desc,parentProjectId=0,salesTax=1.0,client=com.topcoder.clients.model.Client[null],company=com.topcoder.clients.model.Company[null],childProjects=<>]
--->Parameter[1]: com.topcoder.clients.model.Client[id=0,name=name,codeName=codename,salesTax=1.1,isDeleted=false,company=com.topcoder.clients.model.Company[null],clientStatus=com.topcoder.clients.model.ClientStatus[null]]
[Entering method <com.topcoder.clients.manager.dao.DAOProjectManager.createProject(Project project, Client client)>; Parameters:{ ParamName<project>; ParamValue: <[ id=0 name=name description=desc parentProjectId=0 salesTax=1.0 client=null company=null childProjects=[&#x5d;&#x5d;&gt; , ParamName<client>; ParamValue: <[ id=0 name=name codeName=codename salesTax=1.1 isDeleted=false company=null clientStatus=null]>  }  at 2008-09-26 02:26:46.703 ]
[Exiting method <com.topcoder.clients.manager.dao.DAOProjectManager.createProject(Project project, Client client)>; Return value:<[ id=8 name=name description=desc parentProjectId=0 salesTax=1.0 client=[ id=0 name=name codeName=codename salesTax=1.1 isDeleted=false company=null clientStatus=null] company=null childProjects=[&#x5d;&#x5d;&gt;]  at 2008-09-26 02:26:46.703
Exiting: com.topcoder.clients.webservices.beans.ProjectServiceBean#createProject(Project project, Client client),Time-execution=0 ms,Return-value=[id=8,name=name,description=desc,parentProjectId=0,salesTax=1.0,client=com.topcoder.clients.model.Client[id=0,name=name,codeName=codename,salesTax=1.1,isDeleted=false,company=com.topcoder.clients.model.Company[null],clientStatus=com.topcoder.clients.model.ClientStatus[null]],company=com.topcoder.clients.model.Company[null],childProjects=<>]
Entering[Fri Sep 26 02:26:46 CST 2008]: com.topcoder.clients.webservices.beans.ProjectServiceBean#deleteProject(Project project)
--->Parameter[0]: [id=8,name=name,description=desc,parentProjectId=0,salesTax=1.0,client=com.topcoder.clients.model.Client[id=8,name=name,codeName=codename,salesTax=1.1,isDeleted=false,company=com.topcoder.clients.model.Company[id=36,name=name,passcode=passcode,isDeleted=false],clientStatus=com.topcoder.clients.model.ClientStatus[id=38,name=name,description=description,isDeleted=false]],company=com.topcoder.clients.model.Company[id=37,name=name,passcode=passcode,isDeleted=false],childProjects=<>]
[Entering method <com.topcoder.clients.manager.dao.DAOProjectManager.deleteProject(Project project) >; Parameters:{ ParamName<project>; ParamValue: <[ id=8 name=name description=desc parentProjectId=0 salesTax=1.0 client=[ id=8 name=name codeName=codename salesTax=1.1 isDeleted=false company=[ id=36 name=name passcode=passcode isDeleted=false] clientStatus=[ id=38 name=name description=description isDeleted=false]] company=[ id=37 name=name passcode=passcode isDeleted=false] childProjects=[&#x5d;&#x5d;&gt;  }  at 2008-09-26 02:26:46.843 ]
[Exiting method <com.topcoder.clients.manager.dao.DAOProjectManager.deleteProject(Project project) >; Return value:<[ id=8 name=name description=desc parentProjectId=0 salesTax=1.0 client=[ id=8 name=name codeName=codename salesTax=1.1 isDeleted=false company=[ id=36 name=name passcode=passcode isDeleted=false] clientStatus=[ id=38 name=name description=description isDeleted=false]] company=[ id=37 name=name passcode=passcode isDeleted=false] childProjects=[&#x5d;&#x5d;&gt;]  at 2008-09-26 02:26:46.843
Exiting: com.topcoder.clients.webservices.beans.ProjectServiceBean#deleteProject(Project project),Time-execution=15 ms,Return-value=[id=8,name=name,description=desc,parentProjectId=0,salesTax=1.0,client=com.topcoder.clients.model.Client[id=8,name=name,codeName=codename,salesTax=1.1,isDeleted=false,company=com.topcoder.clients.model.Company[id=36,name=name,passcode=passcode,isDeleted=false],clientStatus=com.topcoder.clients.model.ClientStatus[id=38,name=name,description=description,isDeleted=false]],company=com.topcoder.clients.model.Company[id=37,name=name,passcode=passcode,isDeleted=false],childProjects=<>]
----projectManagerFileLocal.properties
{com.topcoder.clients.manager.dao.DAOProjectManager=com.topcoder.configuration.defaults.DefaultConfigurationObject@1d390f5, projectManagerNamespace=com.topcoder.configuration.defaults.DefaultConfigurationObject@d1c8d6}
IDGenerator: com.topcoder.clients.manager.dao.DAOProjectManager
Entering[Fri Sep 26 02:26:47 CST 2008]: com.topcoder.clients.webservices.beans.ProjectServiceBean#createProject(Project project, Client client)
--->Parameter[0]: [id=0,name=name,description=desc,parentProjectId=0,salesTax=1.0,client=com.topcoder.clients.model.Client[null],company=com.topcoder.clients.model.Company[null],childProjects=<>]
--->Parameter[1]: com.topcoder.clients.model.Client[id=0,name=name,codeName=codename,salesTax=1.1,isDeleted=false,company=com.topcoder.clients.model.Company[null],clientStatus=com.topcoder.clients.model.ClientStatus[null]]
[Entering method <com.topcoder.clients.manager.dao.DAOProjectManager.createProject(Project project, Client client)>; Parameters:{ ParamName<project>; ParamValue: <[ id=0 name=name description=desc parentProjectId=0 salesTax=1.0 client=null company=null childProjects=[&#x5d;&#x5d;&gt; , ParamName<client>; ParamValue: <[ id=0 name=name codeName=codename salesTax=1.1 isDeleted=false company=null clientStatus=null]>  }  at 2008-09-26 02:26:47.000 ]
[Exiting method <com.topcoder.clients.manager.dao.DAOProjectManager.createProject(Project project, Client client)>; Return value:<[ id=9 name=name description=desc parentProjectId=0 salesTax=1.0 client=[ id=0 name=name codeName=codename salesTax=1.1 isDeleted=false company=null clientStatus=null] company=null childProjects=[&#x5d;&#x5d;&gt;]  at 2008-09-26 02:26:47.000
Exiting: com.topcoder.clients.webservices.beans.ProjectServiceBean#createProject(Project project, Client client),Time-execution=0 ms,Return-value=[id=9,name=name,description=desc,parentProjectId=0,salesTax=1.0,client=com.topcoder.clients.model.Client[id=0,name=name,codeName=codename,salesTax=1.1,isDeleted=false,company=com.topcoder.clients.model.Company[null],clientStatus=com.topcoder.clients.model.ClientStatus[null]],company=com.topcoder.clients.model.Company[null],childProjects=<>]
Entering[Fri Sep 26 02:26:47 CST 2008]: com.topcoder.clients.webservices.beans.ProjectServiceBean#deleteProject(Project project)
---->Parameter[0]: null
Passing entity cannot be null.
java.lang.IllegalArgumentException: Passing entity cannot be null.
	at com.topcoder.util.errorhandling.ExceptionUtils.checkNull(ExceptionUtils.java:173)
	at com.topcoder.clients.webservices.beans.BeanUtils.validateCaller(BeanUtils.java:226)
	at com.topcoder.clients.webservices.beans.ProjectServiceBean.deleteProject(ProjectServiceBean.java:461)
	at com.topcoder.clients.webservices.beans.ProjectServiceBeanTest.testDeleteProject_WithNullProject(ProjectServiceBeanTest.java:520)
	at sun.reflect.NativeMethodAccessorImpl.invoke0(Native Method)
	at sun.reflect.NativeMethodAccessorImpl.invoke(NativeMethodAccessorImpl.java:39)
	at sun.reflect.DelegatingMethodAccessorImpl.invoke(DelegatingMethodAccessorImpl.java:25)
	at java.lang.reflect.Method.invoke(Method.java:585)
	at junit.framework.TestCase.runTest(TestCase.java:164)
	at junit.framework.TestCase.runBare(TestCase.java:130)
	at junit.framework.TestResult$1.protect(TestResult.java:106)
	at junit.framework.TestResult.runProtected(TestResult.java:124)
	at junit.framework.TestResult.run(TestResult.java:109)
	at junit.framework.TestCase.run(TestCase.java:120)
	at junit.framework.TestSuite.runTest(TestSuite.java:230)
	at junit.framework.TestSuite.run(TestSuite.java:225)
	at junit.framework.TestSuite.runTest(TestSuite.java:230)
	at junit.framework.TestSuite.run(TestSuite.java:225)
	at junit.framework.TestSuite.runTest(TestSuite.java:230)
	at junit.framework.TestSuite.run(TestSuite.java:225)
	at org.apache.tools.ant.taskdefs.optional.junit.JUnitTestRunner.run(JUnitTestRunner.java:421)
	at org.apache.tools.ant.taskdefs.optional.junit.JUnitTestRunner.launch(JUnitTestRunner.java:912)
	at org.apache.tools.ant.taskdefs.optional.junit.JUnitTestRunner.main(JUnitTestRunner.java:766)
Exiting: com.topcoder.clients.webservices.beans.ProjectServiceBean#deleteProject(Project project),Time-execution=0 ms,Return-value=null
----projectManagerFileLocal.properties
{com.topcoder.clients.manager.dao.DAOProjectManager=com.topcoder.configuration.defaults.DefaultConfigurationObject@85e2c1, projectManagerNamespace=com.topcoder.configuration.defaults.DefaultConfigurationObject@1e9ee32}
IDGenerator: com.topcoder.clients.manager.dao.DAOProjectManager
Entering[Fri Sep 26 02:26:47 CST 2008]: com.topcoder.clients.webservices.beans.ProjectServiceBean#createProject(Project project, Client client)
--->Parameter[0]: [id=0,name=name,description=desc,parentProjectId=0,salesTax=1.0,client=com.topcoder.clients.model.Client[null],company=com.topcoder.clients.model.Company[null],childProjects=<>]
--->Parameter[1]: com.topcoder.clients.model.Client[id=0,name=name,codeName=codename,salesTax=1.1,isDeleted=false,company=com.topcoder.clients.model.Company[null],clientStatus=com.topcoder.clients.model.ClientStatus[null]]
[Entering method <com.topcoder.clients.manager.dao.DAOProjectManager.createProject(Project project, Client client)>; Parameters:{ ParamName<project>; ParamValue: <[ id=0 name=name description=desc parentProjectId=0 salesTax=1.0 client=null company=null childProjects=[&#x5d;&#x5d;&gt; , ParamName<client>; ParamValue: <[ id=0 name=name codeName=codename salesTax=1.1 isDeleted=false company=null clientStatus=null]>  }  at 2008-09-26 02:26:47.343 ]
[Exiting method <com.topcoder.clients.manager.dao.DAOProjectManager.createProject(Project project, Client client)>; Return value:<[ id=10 name=name description=desc parentProjectId=0 salesTax=1.0 client=[ id=0 name=name codeName=codename salesTax=1.1 isDeleted=false company=null clientStatus=null] company=null childProjects=[&#x5d;&#x5d;&gt;]  at 2008-09-26 02:26:47.343
Exiting: com.topcoder.clients.webservices.beans.ProjectServiceBean#createProject(Project project, Client client),Time-execution=15 ms,Return-value=[id=10,name=name,description=desc,parentProjectId=0,salesTax=1.0,client=com.topcoder.clients.model.Client[id=0,name=name,codeName=codename,salesTax=1.1,isDeleted=false,company=com.topcoder.clients.model.Company[null],clientStatus=com.topcoder.clients.model.ClientStatus[null]],company=com.topcoder.clients.model.Company[null],childProjects=<>]
Entering[Fri Sep 26 02:26:47 CST 2008]: com.topcoder.clients.webservices.beans.ProjectServiceBean#deleteProject(Project project)
--->Parameter[0]: [id=10,name=name,description=desc,parentProjectId=0,salesTax=1.0,client=com.topcoder.clients.model.Client[id=10,name=name,codeName=codename,salesTax=1.1,isDeleted=false,company=com.topcoder.clients.model.Company[id=40,name=name,passcode=passcode,isDeleted=false],clientStatus=com.topcoder.clients.model.ClientStatus[id=40,name=name,description=description,isDeleted=false]],company=com.topcoder.clients.model.Company[id=41,name=name,passcode=passcode,isDeleted=false],childProjects=<>]
Property 'com.topcoder.clients.manager.ProjectManager' has null state. Check your configuration again !!!
java.lang.IllegalStateException: Property 'com.topcoder.clients.manager.ProjectManager' has null state. Check your configuration again !!!
	at com.topcoder.clients.webservices.beans.BeanUtils.checkState(BeanUtils.java:465)
	at com.topcoder.clients.webservices.beans.BeanUtils.deleteOperation(BeanUtils.java:422)
	at com.topcoder.clients.webservices.beans.ProjectServiceBean.deleteProject(ProjectServiceBean.java:465)
	at com.topcoder.clients.webservices.beans.ProjectServiceBeanTest.testDeleteProject_WithNullManager(ProjectServiceBeanTest.java:558)
	at sun.reflect.NativeMethodAccessorImpl.invoke0(Native Method)
	at sun.reflect.NativeMethodAccessorImpl.invoke(NativeMethodAccessorImpl.java:39)
	at sun.reflect.DelegatingMethodAccessorImpl.invoke(DelegatingMethodAccessorImpl.java:25)
	at java.lang.reflect.Method.invoke(Method.java:585)
	at junit.framework.TestCase.runTest(TestCase.java:164)
	at junit.framework.TestCase.runBare(TestCase.java:130)
	at junit.framework.TestResult$1.protect(TestResult.java:106)
	at junit.framework.TestResult.runProtected(TestResult.java:124)
	at junit.framework.TestResult.run(TestResult.java:109)
	at junit.framework.TestCase.run(TestCase.java:120)
	at junit.framework.TestSuite.runTest(TestSuite.java:230)
	at junit.framework.TestSuite.run(TestSuite.java:225)
	at junit.framework.TestSuite.runTest(TestSuite.java:230)
	at junit.framework.TestSuite.run(TestSuite.java:225)
	at junit.framework.TestSuite.runTest(TestSuite.java:230)
	at junit.framework.TestSuite.run(TestSuite.java:225)
	at org.apache.tools.ant.taskdefs.optional.junit.JUnitTestRunner.run(JUnitTestRunner.java:421)
	at org.apache.tools.ant.taskdefs.optional.junit.JUnitTestRunner.launch(JUnitTestRunner.java:912)
	at org.apache.tools.ant.taskdefs.optional.junit.JUnitTestRunner.main(JUnitTestRunner.java:766)
Exiting: com.topcoder.clients.webservices.beans.ProjectServiceBean#deleteProject(Project project),Time-execution=15 ms,Return-value=null
----projectManagerFileLocal.properties
{com.topcoder.clients.manager.dao.DAOProjectManager=com.topcoder.configuration.defaults.DefaultConfigurationObject@1f8da16, projectManagerNamespace=com.topcoder.configuration.defaults.DefaultConfigurationObject@b60da0}
IDGenerator: com.topcoder.clients.manager.dao.DAOProjectManager
Entering[Fri Sep 26 02:26:47 CST 2008]: com.topcoder.clients.webservices.beans.ProjectServiceBean#createProject(Project project, Client client)
--->Parameter[0]: [id=0,name=name,description=desc,parentProjectId=0,salesTax=1.0,client=com.topcoder.clients.model.Client[null],company=com.topcoder.clients.model.Company[null],childProjects=<>]
--->Parameter[1]: com.topcoder.clients.model.Client[id=0,name=name,codeName=codename,salesTax=1.1,isDeleted=false,company=com.topcoder.clients.model.Company[null],clientStatus=com.topcoder.clients.model.ClientStatus[null]]
[Entering method <com.topcoder.clients.manager.dao.DAOProjectManager.createProject(Project project, Client client)>; Parameters:{ ParamName<project>; ParamValue: <[ id=0 name=name description=desc parentProjectId=0 salesTax=1.0 client=null company=null childProjects=[&#x5d;&#x5d;&gt; , ParamName<client>; ParamValue: <[ id=0 name=name codeName=codename salesTax=1.1 isDeleted=false company=null clientStatus=null]>  }  at 2008-09-26 02:26:47.625 ]
[Exiting method <com.topcoder.clients.manager.dao.DAOProjectManager.createProject(Project project, Client client)>; Return value:<[ id=11 name=name description=desc parentProjectId=0 salesTax=1.0 client=[ id=0 name=name codeName=codename salesTax=1.1 isDeleted=false company=null clientStatus=null] company=null childProjects=[&#x5d;&#x5d;&gt;]  at 2008-09-26 02:26:47.843
Exiting: com.topcoder.clients.webservices.beans.ProjectServiceBean#createProject(Project project, Client client),Time-execution=218 ms,Return-value=[id=11,name=name,description=desc,parentProjectId=0,salesTax=1.0,client=com.topcoder.clients.model.Client[id=0,name=name,codeName=codename,salesTax=1.1,isDeleted=false,company=com.topcoder.clients.model.Company[null],clientStatus=com.topcoder.clients.model.ClientStatus[null]],company=com.topcoder.clients.model.Company[null],childProjects=<>]
Entering[Fri Sep 26 02:26:47 CST 2008]: com.topcoder.clients.webservices.beans.ProjectServiceBean#deleteProject(Project project)
--->Parameter[0]: [id=11,name=name,description=desc,parentProjectId=0,salesTax=1.0,client=com.topcoder.clients.model.Client[id=11,name=name,codeName=codename,salesTax=1.1,isDeleted=false,company=com.topcoder.clients.model.Company[id=42,name=name,passcode=passcode,isDeleted=false],clientStatus=com.topcoder.clients.model.ClientStatus[id=41,name=name,description=description,isDeleted=false]],company=com.topcoder.clients.model.Company[id=43,name=name,passcode=passcode,isDeleted=false],childProjects=<>]
Not has authorization to perform operation: com.topcoder.clients.webservices.beans.ProjectServiceBean#deleteProject(Project project)
com.topcoder.clients.webservices.beans.AuthorizationFailedException: Not has authorization to perform operation: com.topcoder.clients.webservices.beans.ProjectServiceBean#deleteProject(Project project)
	at com.topcoder.clients.webservices.beans.BeanUtils.validateCaller(BeanUtils.java:262)
	at com.topcoder.clients.webservices.beans.ProjectServiceBean.deleteProject(ProjectServiceBean.java:461)
	at com.topcoder.clients.webservices.beans.ProjectServiceBeanTest.testDeleteProject_WithFailAuthorization(ProjectServiceBeanTest.java:593)
	at sun.reflect.NativeMethodAccessorImpl.invoke0(Native Method)
	at sun.reflect.NativeMethodAccessorImpl.invoke(NativeMethodAccessorImpl.java:39)
	at sun.reflect.DelegatingMethodAccessorImpl.invoke(DelegatingMethodAccessorImpl.java:25)
	at java.lang.reflect.Method.invoke(Method.java:585)
	at junit.framework.TestCase.runTest(TestCase.java:164)
	at junit.framework.TestCase.runBare(TestCase.java:130)
	at junit.framework.TestResult$1.protect(TestResult.java:106)
	at junit.framework.TestResult.runProtected(TestResult.java:124)
	at junit.framework.TestResult.run(TestResult.java:109)
	at junit.framework.TestCase.run(TestCase.java:120)
	at junit.framework.TestSuite.runTest(TestSuite.java:230)
	at junit.framework.TestSuite.run(TestSuite.java:225)
	at junit.framework.TestSuite.runTest(TestSuite.java:230)
	at junit.framework.TestSuite.run(TestSuite.java:225)
	at junit.framework.TestSuite.runTest(TestSuite.java:230)
	at junit.framework.TestSuite.run(TestSuite.java:225)
	at org.apache.tools.ant.taskdefs.optional.junit.JUnitTestRunner.run(JUnitTestRunner.java:421)
	at org.apache.tools.ant.taskdefs.optional.junit.JUnitTestRunner.launch(JUnitTestRunner.java:912)
	at org.apache.tools.ant.taskdefs.optional.junit.JUnitTestRunner.main(JUnitTestRunner.java:766)
Exiting: com.topcoder.clients.webservices.beans.ProjectServiceBean#deleteProject(Project project),Time-execution=0 ms,Return-value=null
----projectManagerFileLocal.properties
{com.topcoder.clients.manager.dao.DAOProjectManager=com.topcoder.configuration.defaults.DefaultConfigurationObject@50cc27, projectManagerNamespace=com.topcoder.configuration.defaults.DefaultConfigurationObject@8b5120}
IDGenerator: com.topcoder.clients.manager.dao.DAOProjectManager
Entering[Fri Sep 26 02:26:48 CST 2008]: com.topcoder.clients.webservices.beans.ProjectServiceBean#createProject(Project project, Client client)
--->Parameter[0]: [id=0,name=name,description=desc,parentProjectId=0,salesTax=1.0,client=com.topcoder.clients.model.Client[null],company=com.topcoder.clients.model.Company[null],childProjects=<>]
--->Parameter[1]: com.topcoder.clients.model.Client[id=0,name=name,codeName=codename,salesTax=1.1,isDeleted=false,company=com.topcoder.clients.model.Company[null],clientStatus=com.topcoder.clients.model.ClientStatus[null]]
[Entering method <com.topcoder.clients.manager.dao.DAOProjectManager.createProject(Project project, Client client)>; Parameters:{ ParamName<project>; ParamValue: <[ id=0 name=name description=desc parentProjectId=0 salesTax=1.0 client=null company=null childProjects=[&#x5d;&#x5d;&gt; , ParamName<client>; ParamValue: <[ id=0 name=name codeName=codename salesTax=1.1 isDeleted=false company=null clientStatus=null]>  }  at 2008-09-26 02:26:48.203 ]
[Exiting method <com.topcoder.clients.manager.dao.DAOProjectManager.createProject(Project project, Client client)>; Return value:<[ id=12 name=name description=desc parentProjectId=0 salesTax=1.0 client=[ id=0 name=name codeName=codename salesTax=1.1 isDeleted=false company=null clientStatus=null] company=null childProjects=[&#x5d;&#x5d;&gt;]  at 2008-09-26 02:26:48.203
Exiting: com.topcoder.clients.webservices.beans.ProjectServiceBean#createProject(Project project, Client client),Time-execution=0 ms,Return-value=[id=12,name=name,description=desc,parentProjectId=0,salesTax=1.0,client=com.topcoder.clients.model.Client[id=0,name=name,codeName=codename,salesTax=1.1,isDeleted=false,company=com.topcoder.clients.model.Company[null],clientStatus=com.topcoder.clients.model.ClientStatus[null]],company=com.topcoder.clients.model.Company[null],childProjects=<>]
Entering[Fri Sep 26 02:26:48 CST 2008]: com.topcoder.clients.webservices.beans.ProjectServiceBean#deleteProject(Project project)
--->Parameter[0]: [id=12,name=name,description=desc,parentProjectId=0,salesTax=1.0,client=com.topcoder.clients.model.Client[id=12,name=name,codeName=codename,salesTax=1.1,isDeleted=false,company=com.topcoder.clients.model.Company[id=44,name=name,passcode=passcode,isDeleted=false],clientStatus=com.topcoder.clients.model.ClientStatus[id=42,name=name,description=description,isDeleted=false]],company=com.topcoder.clients.model.Company[id=45,name=name,passcode=passcode,isDeleted=false],childProjects=<>]
[Entering method <com.topcoder.clients.manager.dao.DAOProjectManager.deleteProject(Project project) >; Parameters:{ ParamName<project>; ParamValue: <[ id=12 name=name description=desc parentProjectId=0 salesTax=1.0 client=[ id=12 name=name codeName=codename salesTax=1.1 isDeleted=false company=[ id=44 name=name passcode=passcode isDeleted=false] clientStatus=[ id=42 name=name description=description isDeleted=false]] company=[ id=45 name=name passcode=passcode isDeleted=false] childProjects=[&#x5d;&#x5d;&gt;  }  at 2008-09-26 02:26:48.328 ]
[Error occurred in method <com.topcoder.clients.manager.dao.DAOProjectManager.deleteProject(Project project) >, cause by :
com.topcoder.clients.manager.ProjectManagerException: Fail to delete the project, cause by Failure from persistence.
	at com.topcoder.clients.manager.dao.DAOProjectManager.wrapInnerException(DAOProjectManager.java:351)
	at com.topcoder.clients.manager.dao.DAOProjectManager.deleteProject(DAOProjectManager.java:506)
	at com.topcoder.clients.webservices.beans.BeanUtils.deleteOperation(BeanUtils.java:423)
	at com.topcoder.clients.webservices.beans.ProjectServiceBean.deleteProject(ProjectServiceBean.java:465)
	at com.topcoder.clients.webservices.beans.ProjectServiceBeanTest.testDeleteProject_WithFailService(ProjectServiceBeanTest.java:629)
	at sun.reflect.NativeMethodAccessorImpl.invoke0(Native Method)
	at sun.reflect.NativeMethodAccessorImpl.invoke(NativeMethodAccessorImpl.java:39)
	at sun.reflect.DelegatingMethodAccessorImpl.invoke(DelegatingMethodAccessorImpl.java:25)
	at java.lang.reflect.Method.invoke(Method.java:585)
	at junit.framework.TestCase.runTest(TestCase.java:164)
	at junit.framework.TestCase.runBare(TestCase.java:130)
	at junit.framework.TestResult$1.protect(TestResult.java:106)
	at junit.framework.TestResult.runProtected(TestResult.java:124)
	at junit.framework.TestResult.run(TestResult.java:109)
	at junit.framework.TestCase.run(TestCase.java:120)
	at junit.framework.TestSuite.runTest(TestSuite.java:230)
	at junit.framework.TestSuite.run(TestSuite.java:225)
	at junit.framework.TestSuite.runTest(TestSuite.java:230)
	at junit.framework.TestSuite.run(TestSuite.java:225)
	at junit.framework.TestSuite.runTest(TestSuite.java:230)
	at junit.framework.TestSuite.run(TestSuite.java:225)
	at org.apache.tools.ant.taskdefs.optional.junit.JUnitTestRunner.run(JUnitTestRunner.java:421)
	at org.apache.tools.ant.taskdefs.optional.junit.JUnitTestRunner.launch(JUnitTestRunner.java:912)
	at org.apache.tools.ant.taskdefs.optional.junit.JUnitTestRunner.main(JUnitTestRunner.java:766)
Caused by: com.topcoder.clients.dao.DAOException: Failure from persistence.
	at com.topcoder.clients.webservices.mock.MockProjectDAO.checkFlag(MockProjectDAO.java:184)
	at com.topcoder.clients.webservices.mock.MockProjectDAO.delete(MockProjectDAO.java:157)
	at com.topcoder.clients.webservices.mock.MockProjectDAO.delete(MockProjectDAO.java:24)
	at com.topcoder.clients.manager.dao.DAOProjectManager.deleteProject(DAOProjectManager.java:487)
	... 22 more
Fail delete project.
com.topcoder.clients.webservices.ProjectServiceException: Fail delete project.
	at com.topcoder.clients.webservices.beans.ProjectServiceBean.deleteProject(ProjectServiceBean.java:468)
	at com.topcoder.clients.webservices.beans.ProjectServiceBeanTest.testDeleteProject_WithFailService(ProjectServiceBeanTest.java:629)
	at sun.reflect.NativeMethodAccessorImpl.invoke0(Native Method)
	at sun.reflect.NativeMethodAccessorImpl.invoke(NativeMethodAccessorImpl.java:39)
	at sun.reflect.DelegatingMethodAccessorImpl.invoke(DelegatingMethodAccessorImpl.java:25)
	at java.lang.reflect.Method.invoke(Method.java:585)
	at junit.framework.TestCase.runTest(TestCase.java:164)
	at junit.framework.TestCase.runBare(TestCase.java:130)
	at junit.framework.TestResult$1.protect(TestResult.java:106)
	at junit.framework.TestResult.runProtected(TestResult.java:124)
	at junit.framework.TestResult.run(TestResult.java:109)
	at junit.framework.TestCase.run(TestCase.java:120)
	at junit.framework.TestSuite.runTest(TestSuite.java:230)
	at junit.framework.TestSuite.run(TestSuite.java:225)
	at junit.framework.TestSuite.runTest(TestSuite.java:230)
	at junit.framework.TestSuite.run(TestSuite.java:225)
	at junit.framework.TestSuite.runTest(TestSuite.java:230)
	at junit.framework.TestSuite.run(TestSuite.java:225)
	at org.apache.tools.ant.taskdefs.optional.junit.JUnitTestRunner.run(JUnitTestRunner.java:421)
	at org.apache.tools.ant.taskdefs.optional.junit.JUnitTestRunner.launch(JUnitTestRunner.java:912)
	at org.apache.tools.ant.taskdefs.optional.junit.JUnitTestRunner.main(JUnitTestRunner.java:766)
Caused by: com.topcoder.clients.manager.ProjectManagerException: Fail to delete the project, cause by Failure from persistence.
	at com.topcoder.clients.manager.dao.DAOProjectManager.wrapInnerException(DAOProjectManager.java:351)
	at com.topcoder.clients.manager.dao.DAOProjectManager.deleteProject(DAOProjectManager.java:506)
	at com.topcoder.clients.webservices.beans.BeanUtils.deleteOperation(BeanUtils.java:423)
	at com.topcoder.clients.webservices.beans.ProjectServiceBean.deleteProject(ProjectServiceBean.java:465)
	... 20 more
Caused by: com.topcoder.clients.dao.DAOException: Failure from persistence.
	at com.topcoder.clients.webservices.mock.MockProjectDAO.checkFlag(MockProjectDAO.java:184)
	at com.topcoder.clients.webservices.mock.MockProjectDAO.delete(MockProjectDAO.java:157)
	at com.topcoder.clients.webservices.mock.MockProjectDAO.delete(MockProjectDAO.java:24)
	at com.topcoder.clients.manager.dao.DAOProjectManager.deleteProject(DAOProjectManager.java:487)
	... 22 more
Exiting: com.topcoder.clients.webservices.beans.ProjectServiceBean#deleteProject(Project project),Time-execution=16 ms,Return-value=null
----projectManagerFileLocal.properties
{com.topcoder.clients.manager.dao.DAOProjectManager=com.topcoder.configuration.defaults.DefaultConfigurationObject@18312ce, projectManagerNamespace=com.topcoder.configuration.defaults.DefaultConfigurationObject@47b502}
IDGenerator: com.topcoder.clients.manager.dao.DAOProjectManager
Entering[Fri Sep 26 02:26:48 CST 2008]: com.topcoder.clients.webservices.beans.ProjectServiceBean#createProject(Project project, Client client)
--->Parameter[0]: [id=0,name=name,description=desc,parentProjectId=0,salesTax=1.0,client=com.topcoder.clients.model.Client[null],company=com.topcoder.clients.model.Company[null],childProjects=<>]
--->Parameter[1]: com.topcoder.clients.model.Client[id=0,name=name,codeName=codename,salesTax=1.1,isDeleted=false,company=com.topcoder.clients.model.Company[null],clientStatus=com.topcoder.clients.model.ClientStatus[null]]
[Entering method <com.topcoder.clients.manager.dao.DAOProjectManager.createProject(Project project, Client client)>; Parameters:{ ParamName<project>; ParamValue: <[ id=0 name=name description=desc parentProjectId=0 salesTax=1.0 client=null company=null childProjects=[&#x5d;&#x5d;&gt; , ParamName<client>; ParamValue: <[ id=0 name=name codeName=codename salesTax=1.1 isDeleted=false company=null clientStatus=null]>  }  at 2008-09-26 02:26:48.484 ]
[Exiting method <com.topcoder.clients.manager.dao.DAOProjectManager.createProject(Project project, Client client)>; Return value:<[ id=13 name=name description=desc parentProjectId=0 salesTax=1.0 client=[ id=0 name=name codeName=codename salesTax=1.1 isDeleted=false company=null clientStatus=null] company=null childProjects=[&#x5d;&#x5d;&gt;]  at 2008-09-26 02:26:48.484
Exiting: com.topcoder.clients.webservices.beans.ProjectServiceBean#createProject(Project project, Client client),Time-execution=0 ms,Return-value=[id=13,name=name,description=desc,parentProjectId=0,salesTax=1.0,client=com.topcoder.clients.model.Client[id=0,name=name,codeName=codename,salesTax=1.1,isDeleted=false,company=com.topcoder.clients.model.Company[null],clientStatus=com.topcoder.clients.model.ClientStatus[null]],company=com.topcoder.clients.model.Company[null],childProjects=<>]
Entering[Fri Sep 26 02:26:48 CST 2008]: com.topcoder.clients.webservices.beans.ProjectServiceBean#deleteProject(Project project)
--->Parameter[0]: [id=13,name=name,description=desc,parentProjectId=0,salesTax=1.0,client=com.topcoder.clients.model.Client[id=13,name=name,codeName=codename,salesTax=1.1,isDeleted=false,company=com.topcoder.clients.model.Company[id=46,name=name,passcode=passcode,isDeleted=false],clientStatus=com.topcoder.clients.model.ClientStatus[id=43,name=name,description=description,isDeleted=false]],company=com.topcoder.clients.model.Company[id=47,name=name,passcode=passcode,isDeleted=false],childProjects=<>]
[Entering method <com.topcoder.clients.manager.dao.DAOProjectManager.setProjectStatus(Project project, ProjectStatus status)>; Parameters:{ ParamName<project>; ParamValue: <[ id=13 name=name description=desc parentProjectId=0 salesTax=1.0 client=[ id=13 name=name codeName=codename salesTax=1.1 isDeleted=false company=[ id=46 name=name passcode=passcode isDeleted=false] clientStatus=[ id=43 name=name description=description isDeleted=false]] company=[ id=47 name=name passcode=passcode isDeleted=false] childProjects=[&#x5d;&#x5d;&gt; , ParamName<status>; ParamValue: <[ id=14 name=name description=des isDeleted=false]>  }  at 2008-09-26 02:26:48.640 ]
[Entering method <com.topcoder.clients.manager.dao.DAOProjectManager.updateProject(Project project)>; Parameters:{ ParamName<project>; ParamValue: <[ id=13 name=name description=desc parentProjectId=0 salesTax=1.0 client=[ id=13 name=name codeName=codename salesTax=1.1 isDeleted=false company=[ id=46 name=name passcode=passcode isDeleted=false] clientStatus=[ id=43 name=name description=description isDeleted=false]] company=[ id=47 name=name passcode=passcode isDeleted=false] childProjects=[&#x5d;&#x5d;&gt;  }  at 2008-09-26 02:26:48.640 ]
[Exiting method <com.topcoder.clients.manager.dao.DAOProjectManager.updateProject(Project project)>; Return value:<[ id=13 name=name description=desc parentProjectId=0 salesTax=1.0 client=[ id=13 name=name codeName=codename salesTax=1.1 isDeleted=false company=[ id=46 name=name passcode=passcode isDeleted=false] clientStatus=[ id=43 name=name description=description isDeleted=false]] company=[ id=47 name=name passcode=passcode isDeleted=false] childProjects=[&#x5d;&#x5d;&gt;]  at 2008-09-26 02:26:48.640
[Exiting method <com.topcoder.clients.manager.dao.DAOProjectManager.setProjectStatus(Project project, ProjectStatus status)>; Return value:<[ id=13 name=name description=desc parentProjectId=0 salesTax=1.0 client=[ id=13 name=name codeName=codename salesTax=1.1 isDeleted=false company=[ id=46 name=name passcode=passcode isDeleted=false] clientStatus=[ id=43 name=name description=description isDeleted=false]] company=[ id=47 name=name passcode=passcode isDeleted=false] childProjects=[&#x5d;&#x5d;&gt;]  at 2008-09-26 02:26:48.640
Exiting: com.topcoder.clients.webservices.beans.ProjectServiceBean#deleteProject(Project project),Time-execution=15 ms,Return-value=[id=13,name=name,description=desc,parentProjectId=0,salesTax=1.0,client=com.topcoder.clients.model.Client[id=13,name=name,codeName=codename,salesTax=1.1,isDeleted=false,company=com.topcoder.clients.model.Company[id=46,name=name,passcode=passcode,isDeleted=false],clientStatus=com.topcoder.clients.model.ClientStatus[id=43,name=name,description=description,isDeleted=false]],company=com.topcoder.clients.model.Company[id=47,name=name,passcode=passcode,isDeleted=false],childProjects=<>]
----projectManagerFileLocal.properties
{com.topcoder.clients.manager.dao.DAOProjectManager=com.topcoder.configuration.defaults.DefaultConfigurationObject@f0d1c1, projectManagerNamespace=com.topcoder.configuration.defaults.DefaultConfigurationObject@5ad662}
IDGenerator: com.topcoder.clients.manager.dao.DAOProjectManager
Entering[Fri Sep 26 02:26:48 CST 2008]: com.topcoder.clients.webservices.beans.ProjectServiceBean#createProject(Project project, Client client)
--->Parameter[0]: [id=0,name=name,description=desc,parentProjectId=0,salesTax=1.0,client=com.topcoder.clients.model.Client[null],company=com.topcoder.clients.model.Company[null],childProjects=<>]
--->Parameter[1]: com.topcoder.clients.model.Client[id=0,name=name,codeName=codename,salesTax=1.1,isDeleted=false,company=com.topcoder.clients.model.Company[null],clientStatus=com.topcoder.clients.model.ClientStatus[null]]
[Entering method <com.topcoder.clients.manager.dao.DAOProjectManager.createProject(Project project, Client client)>; Parameters:{ ParamName<project>; ParamValue: <[ id=0 name=name description=desc parentProjectId=0 salesTax=1.0 client=null company=null childProjects=[&#x5d;&#x5d;&gt; , ParamName<client>; ParamValue: <[ id=0 name=name codeName=codename salesTax=1.1 isDeleted=false company=null clientStatus=null]>  }  at 2008-09-26 02:26:48.812 ]
[Exiting method <com.topcoder.clients.manager.dao.DAOProjectManager.createProject(Project project, Client client)>; Return value:<[ id=14 name=name description=desc parentProjectId=0 salesTax=1.0 client=[ id=0 name=name codeName=codename salesTax=1.1 isDeleted=false company=null clientStatus=null] company=null childProjects=[&#x5d;&#x5d;&gt;]  at 2008-09-26 02:26:48.812
Exiting: com.topcoder.clients.webservices.beans.ProjectServiceBean#createProject(Project project, Client client),Time-execution=0 ms,Return-value=[id=14,name=name,description=desc,parentProjectId=0,salesTax=1.0,client=com.topcoder.clients.model.Client[id=0,name=name,codeName=codename,salesTax=1.1,isDeleted=false,company=com.topcoder.clients.model.Company[null],clientStatus=com.topcoder.clients.model.ClientStatus[null]],company=com.topcoder.clients.model.Company[null],childProjects=<>]
Entering[Fri Sep 26 02:26:48 CST 2008]: com.topcoder.clients.webservices.beans.ProjectServiceBean#deleteProject(Project project)
---->Parameter[0]: null
Argument [project] cannot be null.
java.lang.IllegalArgumentException: Argument [project] cannot be null.
	at com.topcoder.util.errorhandling.ExceptionUtils.checkNull(ExceptionUtils.java:173)
	at com.topcoder.clients.webservices.beans.ProjectServiceBean.setProjectStatus(ProjectServiceBean.java:517)
	at com.topcoder.clients.webservices.beans.ProjectServiceBeanTest.testSetProjectStatus_WithNullProject(ProjectServiceBeanTest.java:696)
	at sun.reflect.NativeMethodAccessorImpl.invoke0(Native Method)
	at sun.reflect.NativeMethodAccessorImpl.invoke(NativeMethodAccessorImpl.java:39)
	at sun.reflect.DelegatingMethodAccessorImpl.invoke(DelegatingMethodAccessorImpl.java:25)
	at java.lang.reflect.Method.invoke(Method.java:585)
	at junit.framework.TestCase.runTest(TestCase.java:164)
	at junit.framework.TestCase.runBare(TestCase.java:130)
	at junit.framework.TestResult$1.protect(TestResult.java:106)
	at junit.framework.TestResult.runProtected(TestResult.java:124)
	at junit.framework.TestResult.run(TestResult.java:109)
	at junit.framework.TestCase.run(TestCase.java:120)
	at junit.framework.TestSuite.runTest(TestSuite.java:230)
	at junit.framework.TestSuite.run(TestSuite.java:225)
	at junit.framework.TestSuite.runTest(TestSuite.java:230)
	at junit.framework.TestSuite.run(TestSuite.java:225)
	at junit.framework.TestSuite.runTest(TestSuite.java:230)
	at junit.framework.TestSuite.run(TestSuite.java:225)
	at org.apache.tools.ant.taskdefs.optional.junit.JUnitTestRunner.run(JUnitTestRunner.java:421)
	at org.apache.tools.ant.taskdefs.optional.junit.JUnitTestRunner.launch(JUnitTestRunner.java:912)
	at org.apache.tools.ant.taskdefs.optional.junit.JUnitTestRunner.main(JUnitTestRunner.java:766)
Exiting: com.topcoder.clients.webservices.beans.ProjectServiceBean#deleteProject(Project project),Time-execution=0 ms,Return-value=null
----projectManagerFileLocal.properties
{com.topcoder.clients.manager.dao.DAOProjectManager=com.topcoder.configuration.defaults.DefaultConfigurationObject@1a6852a, projectManagerNamespace=com.topcoder.configuration.defaults.DefaultConfigurationObject@1709fd0}
IDGenerator: com.topcoder.clients.manager.dao.DAOProjectManager
Entering[Fri Sep 26 02:26:49 CST 2008]: com.topcoder.clients.webservices.beans.ProjectServiceBean#createProject(Project project, Client client)
--->Parameter[0]: [id=0,name=name,description=desc,parentProjectId=0,salesTax=1.0,client=com.topcoder.clients.model.Client[null],company=com.topcoder.clients.model.Company[null],childProjects=<>]
--->Parameter[1]: com.topcoder.clients.model.Client[id=0,name=name,codeName=codename,salesTax=1.1,isDeleted=false,company=com.topcoder.clients.model.Company[null],clientStatus=com.topcoder.clients.model.ClientStatus[null]]
[Entering method <com.topcoder.clients.manager.dao.DAOProjectManager.createProject(Project project, Client client)>; Parameters:{ ParamName<project>; ParamValue: <[ id=0 name=name description=desc parentProjectId=0 salesTax=1.0 client=null company=null childProjects=[&#x5d;&#x5d;&gt; , ParamName<client>; ParamValue: <[ id=0 name=name codeName=codename salesTax=1.1 isDeleted=false company=null clientStatus=null]>  }  at 2008-09-26 02:26:49.140 ]
[Exiting method <com.topcoder.clients.manager.dao.DAOProjectManager.createProject(Project project, Client client)>; Return value:<[ id=15 name=name description=desc parentProjectId=0 salesTax=1.0 client=[ id=0 name=name codeName=codename salesTax=1.1 isDeleted=false company=null clientStatus=null] company=null childProjects=[&#x5d;&#x5d;&gt;]  at 2008-09-26 02:26:49.140
Exiting: com.topcoder.clients.webservices.beans.ProjectServiceBean#createProject(Project project, Client client),Time-execution=0 ms,Return-value=[id=15,name=name,description=desc,parentProjectId=0,salesTax=1.0,client=com.topcoder.clients.model.Client[id=0,name=name,codeName=codename,salesTax=1.1,isDeleted=false,company=com.topcoder.clients.model.Company[null],clientStatus=com.topcoder.clients.model.ClientStatus[null]],company=com.topcoder.clients.model.Company[null],childProjects=<>]
Entering[Fri Sep 26 02:26:49 CST 2008]: com.topcoder.clients.webservices.beans.ProjectServiceBean#deleteProject(Project project)
--->Parameter[0]: [id=15,name=name,description=desc,parentProjectId=0,salesTax=1.0,client=com.topcoder.clients.model.Client[id=15,name=name,codeName=codename,salesTax=1.1,isDeleted=false,company=com.topcoder.clients.model.Company[id=50,name=name,passcode=passcode,isDeleted=false],clientStatus=com.topcoder.clients.model.ClientStatus[id=45,name=name,description=description,isDeleted=false]],company=com.topcoder.clients.model.Company[id=51,name=name,passcode=passcode,isDeleted=false],childProjects=<>]
Argument [status] cannot be null
java.lang.IllegalArgumentException: Argument [status] cannot be null
	at com.topcoder.util.errorhandling.ExceptionUtils.checkNull(ExceptionUtils.java:173)
	at com.topcoder.clients.webservices.beans.ProjectServiceBean.setProjectStatus(ProjectServiceBean.java:518)
	at com.topcoder.clients.webservices.beans.ProjectServiceBeanTest.testSetProjectStatus_WithNullStatus(ProjectServiceBeanTest.java:731)
	at sun.reflect.NativeMethodAccessorImpl.invoke0(Native Method)
	at sun.reflect.NativeMethodAccessorImpl.invoke(NativeMethodAccessorImpl.java:39)
	at sun.reflect.DelegatingMethodAccessorImpl.invoke(DelegatingMethodAccessorImpl.java:25)
	at java.lang.reflect.Method.invoke(Method.java:585)
	at junit.framework.TestCase.runTest(TestCase.java:164)
	at junit.framework.TestCase.runBare(TestCase.java:130)
	at junit.framework.TestResult$1.protect(TestResult.java:106)
	at junit.framework.TestResult.runProtected(TestResult.java:124)
	at junit.framework.TestResult.run(TestResult.java:109)
	at junit.framework.TestCase.run(TestCase.java:120)
	at junit.framework.TestSuite.runTest(TestSuite.java:230)
	at junit.framework.TestSuite.run(TestSuite.java:225)
	at junit.framework.TestSuite.runTest(TestSuite.java:230)
	at junit.framework.TestSuite.run(TestSuite.java:225)
	at junit.framework.TestSuite.runTest(TestSuite.java:230)
	at junit.framework.TestSuite.run(TestSuite.java:225)
	at org.apache.tools.ant.taskdefs.optional.junit.JUnitTestRunner.run(JUnitTestRunner.java:421)
	at org.apache.tools.ant.taskdefs.optional.junit.JUnitTestRunner.launch(JUnitTestRunner.java:912)
	at org.apache.tools.ant.taskdefs.optional.junit.JUnitTestRunner.main(JUnitTestRunner.java:766)
Exiting: com.topcoder.clients.webservices.beans.ProjectServiceBean#deleteProject(Project project),Time-execution=0 ms,Return-value=null
----projectManagerFileLocal.properties
{com.topcoder.clients.manager.dao.DAOProjectManager=com.topcoder.configuration.defaults.DefaultConfigurationObject@8464f, projectManagerNamespace=com.topcoder.configuration.defaults.DefaultConfigurationObject@14020de}
IDGenerator: com.topcoder.clients.manager.dao.DAOProjectManager
Entering[Fri Sep 26 02:26:49 CST 2008]: com.topcoder.clients.webservices.beans.ProjectServiceBean#createProject(Project project, Client client)
--->Parameter[0]: [id=0,name=name,description=desc,parentProjectId=0,salesTax=1.0,client=com.topcoder.clients.model.Client[null],company=com.topcoder.clients.model.Company[null],childProjects=<>]
--->Parameter[1]: com.topcoder.clients.model.Client[id=0,name=name,codeName=codename,salesTax=1.1,isDeleted=false,company=com.topcoder.clients.model.Company[null],clientStatus=com.topcoder.clients.model.ClientStatus[null]]
[Entering method <com.topcoder.clients.manager.dao.DAOProjectManager.createProject(Project project, Client client)>; Parameters:{ ParamName<project>; ParamValue: <[ id=0 name=name description=desc parentProjectId=0 salesTax=1.0 client=null company=null childProjects=[&#x5d;&#x5d;&gt; , ParamName<client>; ParamValue: <[ id=0 name=name codeName=codename salesTax=1.1 isDeleted=false company=null clientStatus=null]>  }  at 2008-09-26 02:26:49.468 ]
[Exiting method <com.topcoder.clients.manager.dao.DAOProjectManager.createProject(Project project, Client client)>; Return value:<[ id=16 name=name description=desc parentProjectId=0 salesTax=1.0 client=[ id=0 name=name codeName=codename salesTax=1.1 isDeleted=false company=null clientStatus=null] company=null childProjects=[&#x5d;&#x5d;&gt;]  at 2008-09-26 02:26:49.468
Exiting: com.topcoder.clients.webservices.beans.ProjectServiceBean#createProject(Project project, Client client),Time-execution=0 ms,Return-value=[id=16,name=name,description=desc,parentProjectId=0,salesTax=1.0,client=com.topcoder.clients.model.Client[id=0,name=name,codeName=codename,salesTax=1.1,isDeleted=false,company=com.topcoder.clients.model.Company[null],clientStatus=com.topcoder.clients.model.ClientStatus[null]],company=com.topcoder.clients.model.Company[null],childProjects=<>]
Entering[Fri Sep 26 02:26:49 CST 2008]: com.topcoder.clients.webservices.beans.ProjectServiceBean#deleteProject(Project project)
--->Parameter[0]: [id=16,name=name,description=desc,parentProjectId=0,salesTax=1.0,client=com.topcoder.clients.model.Client[id=16,name=name,codeName=codename,salesTax=1.1,isDeleted=false,company=com.topcoder.clients.model.Company[id=52,name=name,passcode=passcode,isDeleted=false],clientStatus=com.topcoder.clients.model.ClientStatus[id=46,name=name,description=description,isDeleted=false]],company=com.topcoder.clients.model.Company[id=53,name=name,passcode=passcode,isDeleted=false],childProjects=<>]
Property 'ProjectManager' has null state. Check your configuration again !!!
java.lang.IllegalStateException: Property 'ProjectManager' has null state. Check your configuration again !!!
	at com.topcoder.clients.webservices.beans.BeanUtils.checkState(BeanUtils.java:465)
	at com.topcoder.clients.webservices.beans.ProjectServiceBean.setProjectStatus(ProjectServiceBean.java:516)
	at com.topcoder.clients.webservices.beans.ProjectServiceBeanTest.testSetProjectStatus_WithNullManager(ProjectServiceBeanTest.java:770)
	at sun.reflect.NativeMethodAccessorImpl.invoke0(Native Method)
	at sun.reflect.NativeMethodAccessorImpl.invoke(NativeMethodAccessorImpl.java:39)
	at sun.reflect.DelegatingMethodAccessorImpl.invoke(DelegatingMethodAccessorImpl.java:25)
	at java.lang.reflect.Method.invoke(Method.java:585)
	at junit.framework.TestCase.runTest(TestCase.java:164)
	at junit.framework.TestCase.runBare(TestCase.java:130)
	at junit.framework.TestResult$1.protect(TestResult.java:106)
	at junit.framework.TestResult.runProtected(TestResult.java:124)
	at junit.framework.TestResult.run(TestResult.java:109)
	at junit.framework.TestCase.run(TestCase.java:120)
	at junit.framework.TestSuite.runTest(TestSuite.java:230)
	at junit.framework.TestSuite.run(TestSuite.java:225)
	at junit.framework.TestSuite.runTest(TestSuite.java:230)
	at junit.framework.TestSuite.run(TestSuite.java:225)
	at junit.framework.TestSuite.runTest(TestSuite.java:230)
	at junit.framework.TestSuite.run(TestSuite.java:225)
	at org.apache.tools.ant.taskdefs.optional.junit.JUnitTestRunner.run(JUnitTestRunner.java:421)
	at org.apache.tools.ant.taskdefs.optional.junit.JUnitTestRunner.launch(JUnitTestRunner.java:912)
	at org.apache.tools.ant.taskdefs.optional.junit.JUnitTestRunner.main(JUnitTestRunner.java:766)
Exiting: com.topcoder.clients.webservices.beans.ProjectServiceBean#deleteProject(Project project),Time-execution=0 ms,Return-value=null
----projectManagerFileLocal.properties
{com.topcoder.clients.manager.dao.DAOProjectManager=com.topcoder.configuration.defaults.DefaultConfigurationObject@1221d89, projectManagerNamespace=com.topcoder.configuration.defaults.DefaultConfigurationObject@c10df3}
IDGenerator: com.topcoder.clients.manager.dao.DAOProjectManager
Entering[Fri Sep 26 02:26:49 CST 2008]: com.topcoder.clients.webservices.beans.ProjectServiceBean#createProject(Project project, Client client)
--->Parameter[0]: [id=0,name=name,description=desc,parentProjectId=0,salesTax=1.0,client=com.topcoder.clients.model.Client[null],company=com.topcoder.clients.model.Company[null],childProjects=<>]
--->Parameter[1]: com.topcoder.clients.model.Client[id=0,name=name,codeName=codename,salesTax=1.1,isDeleted=false,company=com.topcoder.clients.model.Company[null],clientStatus=com.topcoder.clients.model.ClientStatus[null]]
[Entering method <com.topcoder.clients.manager.dao.DAOProjectManager.createProject(Project project, Client client)>; Parameters:{ ParamName<project>; ParamValue: <[ id=0 name=name description=desc parentProjectId=0 salesTax=1.0 client=null company=null childProjects=[&#x5d;&#x5d;&gt; , ParamName<client>; ParamValue: <[ id=0 name=name codeName=codename salesTax=1.1 isDeleted=false company=null clientStatus=null]>  }  at 2008-09-26 02:26:49.750 ]
[Exiting method <com.topcoder.clients.manager.dao.DAOProjectManager.createProject(Project project, Client client)>; Return value:<[ id=17 name=name description=desc parentProjectId=0 salesTax=1.0 client=[ id=0 name=name codeName=codename salesTax=1.1 isDeleted=false company=null clientStatus=null] company=null childProjects=[&#x5d;&#x5d;&gt;]  at 2008-09-26 02:26:49.750
Exiting: com.topcoder.clients.webservices.beans.ProjectServiceBean#createProject(Project project, Client client),Time-execution=0 ms,Return-value=[id=17,name=name,description=desc,parentProjectId=0,salesTax=1.0,client=com.topcoder.clients.model.Client[id=0,name=name,codeName=codename,salesTax=1.1,isDeleted=false,company=com.topcoder.clients.model.Company[null],clientStatus=com.topcoder.clients.model.ClientStatus[null]],company=com.topcoder.clients.model.Company[null],childProjects=<>]
Entering[Fri Sep 26 02:26:49 CST 2008]: com.topcoder.clients.webservices.beans.ProjectServiceBean#deleteProject(Project project)
--->Parameter[0]: [id=17,name=name,description=desc,parentProjectId=0,salesTax=1.0,client=com.topcoder.clients.model.Client[id=17,name=name,codeName=codename,salesTax=1.1,isDeleted=false,company=com.topcoder.clients.model.Company[id=54,name=name,passcode=passcode,isDeleted=false],clientStatus=com.topcoder.clients.model.ClientStatus[id=47,name=name,description=description,isDeleted=false]],company=com.topcoder.clients.model.Company[id=55,name=name,passcode=passcode,isDeleted=false],childProjects=<>]
Not has authorization to perform operation: com.topcoder.clients.webservices.beans.ProjectServiceBean#deleteProject(Project project)
com.topcoder.clients.webservices.beans.AuthorizationFailedException: Not has authorization to perform operation: com.topcoder.clients.webservices.beans.ProjectServiceBean#deleteProject(Project project)
	at com.topcoder.clients.webservices.beans.BeanUtils.validateCaller(BeanUtils.java:262)
	at com.topcoder.clients.webservices.beans.ProjectServiceBean.setProjectStatus(ProjectServiceBean.java:521)
	at com.topcoder.clients.webservices.beans.ProjectServiceBeanTest.testSetProjectStatus_WithFailAuthorization(ProjectServiceBeanTest.java:806)
	at sun.reflect.NativeMethodAccessorImpl.invoke0(Native Method)
	at sun.reflect.NativeMethodAccessorImpl.invoke(NativeMethodAccessorImpl.java:39)
	at sun.reflect.DelegatingMethodAccessorImpl.invoke(DelegatingMethodAccessorImpl.java:25)
	at java.lang.reflect.Method.invoke(Method.java:585)
	at junit.framework.TestCase.runTest(TestCase.java:164)
	at junit.framework.TestCase.runBare(TestCase.java:130)
	at junit.framework.TestResult$1.protect(TestResult.java:106)
	at junit.framework.TestResult.runProtected(TestResult.java:124)
	at junit.framework.TestResult.run(TestResult.java:109)
	at junit.framework.TestCase.run(TestCase.java:120)
	at junit.framework.TestSuite.runTest(TestSuite.java:230)
	at junit.framework.TestSuite.run(TestSuite.java:225)
	at junit.framework.TestSuite.runTest(TestSuite.java:230)
	at junit.framework.TestSuite.run(TestSuite.java:225)
	at junit.framework.TestSuite.runTest(TestSuite.java:230)
	at junit.framework.TestSuite.run(TestSuite.java:225)
	at org.apache.tools.ant.taskdefs.optional.junit.JUnitTestRunner.run(JUnitTestRunner.java:421)
	at org.apache.tools.ant.taskdefs.optional.junit.JUnitTestRunner.launch(JUnitTestRunner.java:912)
	at org.apache.tools.ant.taskdefs.optional.junit.JUnitTestRunner.main(JUnitTestRunner.java:766)
Exiting: com.topcoder.clients.webservices.beans.ProjectServiceBean#deleteProject(Project project),Time-execution=0 ms,Return-value=null
----projectManagerFileLocal.properties
{com.topcoder.clients.manager.dao.DAOProjectManager=com.topcoder.configuration.defaults.DefaultConfigurationObject@1a19fe5, projectManagerNamespace=com.topcoder.configuration.defaults.DefaultConfigurationObject@87c6e}
IDGenerator: com.topcoder.clients.manager.dao.DAOProjectManager
Entering[Fri Sep 26 02:26:50 CST 2008]: com.topcoder.clients.webservices.beans.ProjectServiceBean#createProject(Project project, Client client)
--->Parameter[0]: [id=0,name=name,description=desc,parentProjectId=0,salesTax=1.0,client=com.topcoder.clients.model.Client[null],company=com.topcoder.clients.model.Company[null],childProjects=<>]
--->Parameter[1]: com.topcoder.clients.model.Client[id=0,name=name,codeName=codename,salesTax=1.1,isDeleted=false,company=com.topcoder.clients.model.Company[null],clientStatus=com.topcoder.clients.model.ClientStatus[null]]
[Entering method <com.topcoder.clients.manager.dao.DAOProjectManager.createProject(Project project, Client client)>; Parameters:{ ParamName<project>; ParamValue: <[ id=0 name=name description=desc parentProjectId=0 salesTax=1.0 client=null company=null childProjects=[&#x5d;&#x5d;&gt; , ParamName<client>; ParamValue: <[ id=0 name=name codeName=codename salesTax=1.1 isDeleted=false company=null clientStatus=null]>  }  at 2008-09-26 02:26:50.218 ]
[Exiting method <com.topcoder.clients.manager.dao.DAOProjectManager.createProject(Project project, Client client)>; Return value:<[ id=18 name=name description=desc parentProjectId=0 salesTax=1.0 client=[ id=0 name=name codeName=codename salesTax=1.1 isDeleted=false company=null clientStatus=null] company=null childProjects=[&#x5d;&#x5d;&gt;]  at 2008-09-26 02:26:50.218
Exiting: com.topcoder.clients.webservices.beans.ProjectServiceBean#createProject(Project project, Client client),Time-execution=0 ms,Return-value=[id=18,name=name,description=desc,parentProjectId=0,salesTax=1.0,client=com.topcoder.clients.model.Client[id=0,name=name,codeName=codename,salesTax=1.1,isDeleted=false,company=com.topcoder.clients.model.Company[null],clientStatus=com.topcoder.clients.model.ClientStatus[null]],company=com.topcoder.clients.model.Company[null],childProjects=<>]
Entering[Fri Sep 26 02:26:50 CST 2008]: com.topcoder.clients.webservices.beans.ProjectServiceBean#deleteProject(Project project)
--->Parameter[0]: [id=18,name=name,description=desc,parentProjectId=0,salesTax=1.0,client=com.topcoder.clients.model.Client[id=18,name=name,codeName=codename,salesTax=1.1,isDeleted=false,company=com.topcoder.clients.model.Company[id=56,name=name,passcode=passcode,isDeleted=false],clientStatus=com.topcoder.clients.model.ClientStatus[id=48,name=name,description=description,isDeleted=false]],company=com.topcoder.clients.model.Company[id=57,name=name,passcode=passcode,isDeleted=false],childProjects=<>]
[Entering method <com.topcoder.clients.manager.dao.DAOProjectManager.setProjectStatus(Project project, ProjectStatus status)>; Parameters:{ ParamName<project>; ParamValue: <[ id=18 name=name description=desc parentProjectId=0 salesTax=1.0 client=[ id=18 name=name codeName=codename salesTax=1.1 isDeleted=false company=[ id=56 name=name passcode=passcode isDeleted=false] clientStatus=[ id=48 name=name description=description isDeleted=false]] company=[ id=57 name=name passcode=passcode isDeleted=false] childProjects=[&#x5d;&#x5d;&gt; , ParamName<status>; ParamValue: <[ id=23 name=name description=des isDeleted=false]>  }  at 2008-09-26 02:26:50.375 ]
[Entering method <com.topcoder.clients.manager.dao.DAOProjectManager.updateProject(Project project)>; Parameters:{ ParamName<project>; ParamValue: <[ id=18 name=name description=desc parentProjectId=0 salesTax=1.0 client=[ id=18 name=name codeName=codename salesTax=1.1 isDeleted=false company=[ id=56 name=name passcode=passcode isDeleted=false] clientStatus=[ id=48 name=name description=description isDeleted=false]] company=[ id=57 name=name passcode=passcode isDeleted=false] childProjects=[&#x5d;&#x5d;&gt;  }  at 2008-09-26 02:26:50.375 ]
[Error occurred in method <com.topcoder.clients.manager.dao.DAOProjectManager.updateProject(Project project)>, cause by :
com.topcoder.clients.manager.ProjectManagerException: Fail to update the Project, cause by Failure from persistence.
	at com.topcoder.clients.manager.dao.DAOProjectManager.wrapInnerException(DAOProjectManager.java:351)
	at com.topcoder.clients.manager.dao.DAOProjectManager.updateProject(DAOProjectManager.java:398)
	at com.topcoder.clients.manager.dao.DAOProjectManager.setProjectStatus(DAOProjectManager.java:753)
	at com.topcoder.clients.webservices.beans.ProjectServiceBean.setProjectStatus(ProjectServiceBean.java:526)
	at com.topcoder.clients.webservices.beans.ProjectServiceBeanTest.testSetProjectStatus_WithFailServices(ProjectServiceBeanTest.java:843)
	at sun.reflect.NativeMethodAccessorImpl.invoke0(Native Method)
	at sun.reflect.NativeMethodAccessorImpl.invoke(NativeMethodAccessorImpl.java:39)
	at sun.reflect.DelegatingMethodAccessorImpl.invoke(DelegatingMethodAccessorImpl.java:25)
	at java.lang.reflect.Method.invoke(Method.java:585)
	at junit.framework.TestCase.runTest(TestCase.java:164)
	at junit.framework.TestCase.runBare(TestCase.java:130)
	at junit.framework.TestResult$1.protect(TestResult.java:106)
	at junit.framework.TestResult.runProtected(TestResult.java:124)
	at junit.framework.TestResult.run(TestResult.java:109)
	at junit.framework.TestCase.run(TestCase.java:120)
	at junit.framework.TestSuite.runTest(TestSuite.java:230)
	at junit.framework.TestSuite.run(TestSuite.java:225)
	at junit.framework.TestSuite.runTest(TestSuite.java:230)
	at junit.framework.TestSuite.run(TestSuite.java:225)
	at junit.framework.TestSuite.runTest(TestSuite.java:230)
	at junit.framework.TestSuite.run(TestSuite.java:225)
	at org.apache.tools.ant.taskdefs.optional.junit.JUnitTestRunner.run(JUnitTestRunner.java:421)
	at org.apache.tools.ant.taskdefs.optional.junit.JUnitTestRunner.launch(JUnitTestRunner.java:912)
	at org.apache.tools.ant.taskdefs.optional.junit.JUnitTestRunner.main(JUnitTestRunner.java:766)
Caused by: com.topcoder.clients.dao.DAOException: Failure from persistence.
	at com.topcoder.clients.webservices.mock.MockProjectDAO.checkFlag(MockProjectDAO.java:184)
	at com.topcoder.clients.webservices.mock.MockProjectDAO.retrieveById(MockProjectDAO.java:82)
	at com.topcoder.clients.webservices.mock.MockProjectDAO.retrieveById(MockProjectDAO.java:24)
	at com.topcoder.clients.manager.dao.DAOProjectManager.checkProjectExist(DAOProjectManager.java:422)
	at com.topcoder.clients.manager.dao.DAOProjectManager.updateProject(DAOProjectManager.java:384)
	... 22 more
Fail setup project status
com.topcoder.clients.webservices.ProjectServiceException: Fail setup project status
	at com.topcoder.clients.webservices.beans.ProjectServiceBean.setProjectStatus(ProjectServiceBean.java:533)
	at com.topcoder.clients.webservices.beans.ProjectServiceBeanTest.testSetProjectStatus_WithFailServices(ProjectServiceBeanTest.java:843)
	at sun.reflect.NativeMethodAccessorImpl.invoke0(Native Method)
	at sun.reflect.NativeMethodAccessorImpl.invoke(NativeMethodAccessorImpl.java:39)
	at sun.reflect.DelegatingMethodAccessorImpl.invoke(DelegatingMethodAccessorImpl.java:25)
	at java.lang.reflect.Method.invoke(Method.java:585)
	at junit.framework.TestCase.runTest(TestCase.java:164)
	at junit.framework.TestCase.runBare(TestCase.java:130)
	at junit.framework.TestResult$1.protect(TestResult.java:106)
	at junit.framework.TestResult.runProtected(TestResult.java:124)
	at junit.framework.TestResult.run(TestResult.java:109)
	at junit.framework.TestCase.run(TestCase.java:120)
	at junit.framework.TestSuite.runTest(TestSuite.java:230)
	at junit.framework.TestSuite.run(TestSuite.java:225)
	at junit.framework.TestSuite.runTest(TestSuite.java:230)
	at junit.framework.TestSuite.run(TestSuite.java:225)
	at junit.framework.TestSuite.runTest(TestSuite.java:230)
	at junit.framework.TestSuite.run(TestSuite.java:225)
	at org.apache.tools.ant.taskdefs.optional.junit.JUnitTestRunner.run(JUnitTestRunner.java:421)
	at org.apache.tools.ant.taskdefs.optional.junit.JUnitTestRunner.launch(JUnitTestRunner.java:912)
	at org.apache.tools.ant.taskdefs.optional.junit.JUnitTestRunner.main(JUnitTestRunner.java:766)
Caused by: com.topcoder.clients.dao.DAOException: Failure from persistence.
	at com.topcoder.clients.webservices.mock.MockProjectDAO.checkFlag(MockProjectDAO.java:184)
	at com.topcoder.clients.webservices.mock.MockProjectDAO.retrieveById(MockProjectDAO.java:82)
	at com.topcoder.clients.webservices.mock.MockProjectDAO.retrieveById(MockProjectDAO.java:24)
	at com.topcoder.clients.manager.dao.DAOProjectManager.checkProjectExist(DAOProjectManager.java:422)
	at com.topcoder.clients.manager.dao.DAOProjectManager.updateProject(DAOProjectManager.java:384)
	at com.topcoder.clients.manager.dao.DAOProjectManager.setProjectStatus(DAOProjectManager.java:753)
	at com.topcoder.clients.webservices.beans.ProjectServiceBean.setProjectStatus(ProjectServiceBean.java:526)
	... 20 more
Exiting: com.topcoder.clients.webservices.beans.ProjectServiceBean#deleteProject(Project project),Time-execution=16 ms,Return-value=null
Entering[Fri Sep 26 02:27:02 CST 2008]: com.topcoder.clients.webservices.beans.ClientServiceBean#createClient(Client client)
--->Parameter[0]: com.topcoder.clients.model.Client[id=0,name=nameaa,codeName=null,salesTax=0.0,isDeleted=false,company=com.topcoder.clients.model.Company[null],clientStatus=com.topcoder.clients.model.ClientStatus[null]]
Exiting: com.topcoder.clients.webservices.beans.ClientServiceBean#createClient(Client client),Time-execution=15 ms,Return-value=com.topcoder.clients.model.Client[id=0,name=AAA,codeName=null,salesTax=0.0,isDeleted=false,company=com.topcoder.clients.model.Company[null],clientStatus=com.topcoder.clients.model.ClientStatus[null]]
Entering[Fri Sep 26 02:27:02 CST 2008]: com.topcoder.clients.webservices.beans.ClientServiceBean#updateClient(Client client)
--->Parameter[0]: com.topcoder.clients.model.Client[id=0,name=name2,codeName=null,salesTax=0.0,isDeleted=false,company=com.topcoder.clients.model.Company[null],clientStatus=com.topcoder.clients.model.ClientStatus[null]]
Exiting: com.topcoder.clients.webservices.beans.ClientServiceBean#updateClient(Client client),Time-execution=0 ms,Return-value=com.topcoder.clients.model.Client[id=0,name=CCC,codeName=null,salesTax=0.0,isDeleted=false,company=com.topcoder.clients.model.Company[null],clientStatus=com.topcoder.clients.model.ClientStatus[null]]
Entering[Fri Sep 26 02:27:02 CST 2008]: com.topcoder.clients.webservices.beans.ClientServiceBean#deleteClient(Client client)
--->Parameter[0]: com.topcoder.clients.model.Client[id=0,name=name,codeName=null,salesTax=0.0,isDeleted=false,company=com.topcoder.clients.model.Company[null],clientStatus=com.topcoder.clients.model.ClientStatus[null]]
Exiting: com.topcoder.clients.webservices.beans.ClientServiceBean#deleteClient(Client client),Time-execution=0 ms,Return-value=com.topcoder.clients.model.Client[id=0,name=BBB,codeName=null,salesTax=0.0,isDeleted=false,company=com.topcoder.clients.model.Company[null],clientStatus=com.topcoder.clients.model.ClientStatus[null]]
Entering[Fri Sep 26 02:27:02 CST 2008]: com.topcoder.clients.webservices.beans.ClientServiceBean#setClientCodeName(Client client, String name)
--->Parameter[0]: com.topcoder.clients.model.Client[id=0,name=name,codeName=null,salesTax=0.0,isDeleted=false,company=com.topcoder.clients.model.Company[null],clientStatus=com.topcoder.clients.model.ClientStatus[null]]
---->Parameter[1]: name2
Exiting: com.topcoder.clients.webservices.beans.ClientServiceBean#setClientCodeName(Client client, String name),Time-execution=0 ms,Return-value=com.topcoder.clients.model.Client[id=0,name=EEE,codeName=null,salesTax=0.0,isDeleted=false,company=com.topcoder.clients.model.Company[null],clientStatus=com.topcoder.clients.model.ClientStatus[null]]
Entering[Fri Sep 26 02:27:02 CST 2008]: com.topcoder.clients.webservices.beans.ClientServiceBean#setClientStatus(Client client, ClientStatus status)
--->Parameter[0]: com.topcoder.clients.model.Client[id=0,name=name,codeName=null,salesTax=0.0,isDeleted=false,company=com.topcoder.clients.model.Company[null],clientStatus=com.topcoder.clients.model.ClientStatus[null]]
--->Parameter[1]: com.topcoder.clients.model.ClientStatus[id=0,name=null,description=null,isDeleted=false]
Exiting: com.topcoder.clients.webservices.beans.ClientServiceBean#setClientStatus(Client client, ClientStatus status),Time-execution=0 ms,Return-value=com.topcoder.clients.model.Client[id=0,name=DDD,codeName=null,salesTax=0.0,isDeleted=false,company=com.topcoder.clients.model.Company[null],clientStatus=com.topcoder.clients.model.ClientStatus[null]]
Entering[Fri Sep 26 02:27:03 CST 2008]: com.topcoder.clients.webservices.beans.CompanyServiceBean#createCompany(Company company)
--->Parameter[0]: com.topcoder.clients.model.Company[id=0,name=name,passcode=null,isDeleted=false]
Exiting: com.topcoder.clients.webservices.beans.CompanyServiceBean#createCompany(Company company),Time-execution=0 ms,Return-value=com.topcoder.clients.model.Company[id=0,name=AAAAA,passcode=null,isDeleted=false]
Entering[Fri Sep 26 02:27:03 CST 2008]: com.topcoder.clients.webservices.beans.CompanyServiceBean#updateCompany(Company company)
--->Parameter[0]: com.topcoder.clients.model.Company[id=0,name=name,passcode=null,isDeleted=false]
Exiting: com.topcoder.clients.webservices.beans.CompanyServiceBean#updateCompany(Company company),Time-execution=0 ms,Return-value=com.topcoder.clients.model.Company[id=0,name=CCCCC,passcode=null,isDeleted=false]
Entering[Fri Sep 26 02:27:03 CST 2008]: com.topcoder.clients.webservices.beans.CompanyServiceBean#deleteCompany(Company company)
--->Parameter[0]: com.topcoder.clients.model.Company[id=0,name=name,passcode=null,isDeleted=false]
Exiting: com.topcoder.clients.webservices.beans.CompanyServiceBean#deleteCompany(Company company),Time-execution=0 ms,Return-value=com.topcoder.clients.model.Company[id=0,name=BBBBB,passcode=null,isDeleted=false]
Entering[Fri Sep 26 02:27:03 CST 2008]: com.topcoder.clients.webservices.beans.ProjectServiceBean#createProject(Project project, Client client)
--->Parameter[0]: [id=0,name=pname,description=null,parentProjectId=1,salesTax=0.0,client=com.topcoder.clients.model.Client[null],company=com.topcoder.clients.model.Company[null],childProjects=<>]
--->Parameter[1]: com.topcoder.clients.model.Client[id=0,name=cname,codeName=null,salesTax=0.0,isDeleted=false,company=com.topcoder.clients.model.Company[null],clientStatus=com.topcoder.clients.model.ClientStatus[null]]
Exiting: com.topcoder.clients.webservices.beans.ProjectServiceBean#createProject(Project project, Client client),Time-execution=0 ms,Return-value=[id=0,name=AAAA,description=null,parentProjectId=1,salesTax=0.0,client=com.topcoder.clients.model.Client[null],company=com.topcoder.clients.model.Company[null],childProjects=<>]
Entering[Fri Sep 26 02:27:03 CST 2008]: com.topcoder.clients.webservices.beans.ProjectServiceBean#deleteProject(Project project)
--->Parameter[0]: [id=0,name=pname,description=null,parentProjectId=1,salesTax=0.0,client=com.topcoder.clients.model.Client[null],company=com.topcoder.clients.model.Company[null],childProjects=<>]
Exiting: com.topcoder.clients.webservices.beans.ProjectServiceBean#deleteProject(Project project),Time-execution=0 ms,Return-value=[id=0,name=CCCC,description=null,parentProjectId=1,salesTax=0.0,client=com.topcoder.clients.model.Client[null],company=com.topcoder.clients.model.Company[null],childProjects=<>]
Entering[Fri Sep 26 02:27:03 CST 2008]: com.topcoder.clients.webservices.beans.ProjectServiceBean#deleteProject(Project project)
--->Parameter[0]: [id=0,name=pname,description=null,parentProjectId=1,salesTax=0.0,client=com.topcoder.clients.model.Client[null],company=com.topcoder.clients.model.Company[null],childProjects=<>]
Exiting: com.topcoder.clients.webservices.beans.ProjectServiceBean#deleteProject(Project project),Time-execution=0 ms,Return-value=[id=0,name=EEEE,description=null,parentProjectId=1,salesTax=0.0,client=com.topcoder.clients.model.Client[null],company=com.topcoder.clients.model.Company[null],childProjects=<>]
Entering: com.topcoder.clients.webservices.beans.ClientServiceBean#createClient(Client client)
Passing entity cannot be null.
java.lang.IllegalArgumentException: Passing entity cannot be null.
	at com.topcoder.util.errorhandling.ExceptionUtils.checkNull(ExceptionUtils.java:173)
	at com.topcoder.clients.webservices.beans.BeanUtils.validateCaller(BeanUtils.java:226)
	at com.topcoder.clients.webservices.beans.ClientServiceBean.createClient(ClientServiceBean.java:364)
	at com.topcoder.clients.webservices.failuretests.ClientServiceBeanFailureTest.testCreateClient_InvalidArguments1(ClientServiceBeanFailureTest.java:417)
	at sun.reflect.NativeMethodAccessorImpl.invoke0(Native Method)
	at sun.reflect.NativeMethodAccessorImpl.invoke(NativeMethodAccessorImpl.java:39)
	at sun.reflect.DelegatingMethodAccessorImpl.invoke(DelegatingMethodAccessorImpl.java:25)
	at java.lang.reflect.Method.invoke(Method.java:585)
	at junit.framework.TestCase.runTest(TestCase.java:164)
	at junit.framework.TestCase.runBare(TestCase.java:130)
	at junit.framework.TestResult$1.protect(TestResult.java:106)
	at junit.framework.TestResult.runProtected(TestResult.java:124)
	at junit.framework.TestResult.run(TestResult.java:109)
	at junit.framework.TestCase.run(TestCase.java:120)
	at junit.framework.TestSuite.runTest(TestSuite.java:230)
	at junit.framework.TestSuite.run(TestSuite.java:225)
	at junit.framework.TestSuite.runTest(TestSuite.java:230)
	at junit.framework.TestSuite.run(TestSuite.java:225)
	at junit.framework.TestSuite.runTest(TestSuite.java:230)
	at junit.framework.TestSuite.run(TestSuite.java:225)
	at org.apache.tools.ant.taskdefs.optional.junit.JUnitTestRunner.run(JUnitTestRunner.java:421)
	at org.apache.tools.ant.taskdefs.optional.junit.JUnitTestRunner.launch(JUnitTestRunner.java:912)
	at org.apache.tools.ant.taskdefs.optional.junit.JUnitTestRunner.main(JUnitTestRunner.java:766)
Exiting: com.topcoder.clients.webservices.beans.ClientServiceBean#createClient(Client client)
Entering: com.topcoder.clients.webservices.beans.ClientServiceBean#createClient(Client client)
Property 'com.topcoder.clients.manager.ClientManager' has null state. Check your configuration again !!!
java.lang.IllegalStateException: Property 'com.topcoder.clients.manager.ClientManager' has null state. Check your configuration again !!!
	at com.topcoder.clients.webservices.beans.BeanUtils.checkState(BeanUtils.java:465)
	at com.topcoder.clients.webservices.beans.BeanUtils.createOperation(BeanUtils.java:307)
	at com.topcoder.clients.webservices.beans.ClientServiceBean.createClient(ClientServiceBean.java:368)
	at com.topcoder.clients.webservices.failuretests.ClientServiceBeanFailureTest.testCreateClient_InvalidStates1(ClientServiceBeanFailureTest.java:437)
	at sun.reflect.NativeMethodAccessorImpl.invoke0(Native Method)
	at sun.reflect.NativeMethodAccessorImpl.invoke(NativeMethodAccessorImpl.java:39)
	at sun.reflect.DelegatingMethodAccessorImpl.invoke(DelegatingMethodAccessorImpl.java:25)
	at java.lang.reflect.Method.invoke(Method.java:585)
	at junit.framework.TestCase.runTest(TestCase.java:164)
	at junit.framework.TestCase.runBare(TestCase.java:130)
	at junit.framework.TestResult$1.protect(TestResult.java:106)
	at junit.framework.TestResult.runProtected(TestResult.java:124)
	at junit.framework.TestResult.run(TestResult.java:109)
	at junit.framework.TestCase.run(TestCase.java:120)
	at junit.framework.TestSuite.runTest(TestSuite.java:230)
	at junit.framework.TestSuite.run(TestSuite.java:225)
	at junit.framework.TestSuite.runTest(TestSuite.java:230)
	at junit.framework.TestSuite.run(TestSuite.java:225)
	at junit.framework.TestSuite.runTest(TestSuite.java:230)
	at junit.framework.TestSuite.run(TestSuite.java:225)
	at org.apache.tools.ant.taskdefs.optional.junit.JUnitTestRunner.run(JUnitTestRunner.java:421)
	at org.apache.tools.ant.taskdefs.optional.junit.JUnitTestRunner.launch(JUnitTestRunner.java:912)
	at org.apache.tools.ant.taskdefs.optional.junit.JUnitTestRunner.main(JUnitTestRunner.java:766)
Exiting: com.topcoder.clients.webservices.beans.ClientServiceBean#createClient(Client client)
Entering: com.topcoder.clients.webservices.beans.ClientServiceBean#createClient(Client client)
Property 'UserMappingRetriever' has null state. Check your configuration again !!!
java.lang.IllegalStateException: Property 'UserMappingRetriever' has null state. Check your configuration again !!!
	at com.topcoder.clients.webservices.beans.BeanUtils.checkState(BeanUtils.java:465)
	at com.topcoder.clients.webservices.beans.BeanUtils.validateCaller(BeanUtils.java:225)
	at com.topcoder.clients.webservices.beans.ClientServiceBean.createClient(ClientServiceBean.java:364)
	at com.topcoder.clients.webservices.failuretests.ClientServiceBeanFailureTest.testCreateClient_InvalidStates2(ClientServiceBeanFailureTest.java:457)
	at sun.reflect.NativeMethodAccessorImpl.invoke0(Native Method)
	at sun.reflect.NativeMethodAccessorImpl.invoke(NativeMethodAccessorImpl.java:39)
	at sun.reflect.DelegatingMethodAccessorImpl.invoke(DelegatingMethodAccessorImpl.java:25)
	at java.lang.reflect.Method.invoke(Method.java:585)
	at junit.framework.TestCase.runTest(TestCase.java:164)
	at junit.framework.TestCase.runBare(TestCase.java:130)
	at junit.framework.TestResult$1.protect(TestResult.java:106)
	at junit.framework.TestResult.runProtected(TestResult.java:124)
	at junit.framework.TestResult.run(TestResult.java:109)
	at junit.framework.TestCase.run(TestCase.java:120)
	at junit.framework.TestSuite.runTest(TestSuite.java:230)
	at junit.framework.TestSuite.run(TestSuite.java:225)
	at junit.framework.TestSuite.runTest(TestSuite.java:230)
	at junit.framework.TestSuite.run(TestSuite.java:225)
	at junit.framework.TestSuite.runTest(TestSuite.java:230)
	at junit.framework.TestSuite.run(TestSuite.java:225)
	at org.apache.tools.ant.taskdefs.optional.junit.JUnitTestRunner.run(JUnitTestRunner.java:421)
	at org.apache.tools.ant.taskdefs.optional.junit.JUnitTestRunner.launch(JUnitTestRunner.java:912)
	at org.apache.tools.ant.taskdefs.optional.junit.JUnitTestRunner.main(JUnitTestRunner.java:766)
Exiting: com.topcoder.clients.webservices.beans.ClientServiceBean#createClient(Client client)
Entering: com.topcoder.clients.webservices.beans.ClientServiceBean#createClient(Client client)
Not has authorization to perform operation: com.topcoder.clients.webservices.beans.ClientServiceBean#createClient(Client client)
com.topcoder.clients.webservices.beans.AuthorizationFailedException: Not has authorization to perform operation: com.topcoder.clients.webservices.beans.ClientServiceBean#createClient(Client client)
	at com.topcoder.clients.webservices.beans.BeanUtils.validateCaller(BeanUtils.java:262)
	at com.topcoder.clients.webservices.beans.ClientServiceBean.createClient(ClientServiceBean.java:364)
	at com.topcoder.clients.webservices.failuretests.ClientServiceBeanFailureTest.testCreateClient_InvalidAuthorizations1(ClientServiceBeanFailureTest.java:479)
	at sun.reflect.NativeMethodAccessorImpl.invoke0(Native Method)
	at sun.reflect.NativeMethodAccessorImpl.invoke(NativeMethodAccessorImpl.java:39)
	at sun.reflect.DelegatingMethodAccessorImpl.invoke(DelegatingMethodAccessorImpl.java:25)
	at java.lang.reflect.Method.invoke(Method.java:585)
	at junit.framework.TestCase.runTest(TestCase.java:164)
	at junit.framework.TestCase.runBare(TestCase.java:130)
	at junit.framework.TestResult$1.protect(TestResult.java:106)
	at junit.framework.TestResult.runProtected(TestResult.java:124)
	at junit.framework.TestResult.run(TestResult.java:109)
	at junit.framework.TestCase.run(TestCase.java:120)
	at junit.framework.TestSuite.runTest(TestSuite.java:230)
	at junit.framework.TestSuite.run(TestSuite.java:225)
	at junit.framework.TestSuite.runTest(TestSuite.java:230)
	at junit.framework.TestSuite.run(TestSuite.java:225)
	at junit.framework.TestSuite.runTest(TestSuite.java:230)
	at junit.framework.TestSuite.run(TestSuite.java:225)
	at org.apache.tools.ant.taskdefs.optional.junit.JUnitTestRunner.run(JUnitTestRunner.java:421)
	at org.apache.tools.ant.taskdefs.optional.junit.JUnitTestRunner.launch(JUnitTestRunner.java:912)
	at org.apache.tools.ant.taskdefs.optional.junit.JUnitTestRunner.main(JUnitTestRunner.java:766)
Exiting: com.topcoder.clients.webservices.beans.ClientServiceBean#createClient(Client client)
Entering: com.topcoder.clients.webservices.beans.ClientServiceBean#createClient(Client client)
Fail create Client.
com.topcoder.clients.webservices.ClientServiceException: Fail create Client.
	at com.topcoder.clients.webservices.beans.ClientServiceBean.createClient(ClientServiceBean.java:371)
	at com.topcoder.clients.webservices.failuretests.ClientServiceBeanFailureTest.testCreateClient_Errors1(ClientServiceBeanFailureTest.java:499)
	at sun.reflect.NativeMethodAccessorImpl.invoke0(Native Method)
	at sun.reflect.NativeMethodAccessorImpl.invoke(NativeMethodAccessorImpl.java:39)
	at sun.reflect.DelegatingMethodAccessorImpl.invoke(DelegatingMethodAccessorImpl.java:25)
	at java.lang.reflect.Method.invoke(Method.java:585)
	at junit.framework.TestCase.runTest(TestCase.java:164)
	at junit.framework.TestCase.runBare(TestCase.java:130)
	at junit.framework.TestResult$1.protect(TestResult.java:106)
	at junit.framework.TestResult.runProtected(TestResult.java:124)
	at junit.framework.TestResult.run(TestResult.java:109)
	at junit.framework.TestCase.run(TestCase.java:120)
	at junit.framework.TestSuite.runTest(TestSuite.java:230)
	at junit.framework.TestSuite.run(TestSuite.java:225)
	at junit.framework.TestSuite.runTest(TestSuite.java:230)
	at junit.framework.TestSuite.run(TestSuite.java:225)
	at junit.framework.TestSuite.runTest(TestSuite.java:230)
	at junit.framework.TestSuite.run(TestSuite.java:225)
	at org.apache.tools.ant.taskdefs.optional.junit.JUnitTestRunner.run(JUnitTestRunner.java:421)
	at org.apache.tools.ant.taskdefs.optional.junit.JUnitTestRunner.launch(JUnitTestRunner.java:912)
	at org.apache.tools.ant.taskdefs.optional.junit.JUnitTestRunner.main(JUnitTestRunner.java:766)
Caused by: java.lang.IllegalArgumentException: Test exception
	at com.topcoder.clients.webservices.failuretests.mock.MockClientManager.checkFail(MockClientManager.java:349)
	at com.topcoder.clients.webservices.failuretests.mock.MockClientManager.createClient(MockClientManager.java:75)
	at com.topcoder.clients.webservices.beans.BeanUtils.createOperation(BeanUtils.java:308)
	at com.topcoder.clients.webservices.beans.ClientServiceBean.createClient(ClientServiceBean.java:368)
	... 20 more
Exiting: com.topcoder.clients.webservices.beans.ClientServiceBean#createClient(Client client)
Entering: com.topcoder.clients.webservices.beans.ClientServiceBean#createClient(Client client)
Fail create Client.
com.topcoder.clients.webservices.ClientServiceException: Fail create Client.
	at com.topcoder.clients.webservices.beans.ClientServiceBean.createClient(ClientServiceBean.java:371)
	at com.topcoder.clients.webservices.failuretests.ClientServiceBeanFailureTest.testCreateClient_Errors2(ClientServiceBeanFailureTest.java:519)
	at sun.reflect.NativeMethodAccessorImpl.invoke0(Native Method)
	at sun.reflect.NativeMethodAccessorImpl.invoke(NativeMethodAccessorImpl.java:39)
	at sun.reflect.DelegatingMethodAccessorImpl.invoke(DelegatingMethodAccessorImpl.java:25)
	at java.lang.reflect.Method.invoke(Method.java:585)
	at junit.framework.TestCase.runTest(TestCase.java:164)
	at junit.framework.TestCase.runBare(TestCase.java:130)
	at junit.framework.TestResult$1.protect(TestResult.java:106)
	at junit.framework.TestResult.runProtected(TestResult.java:124)
	at junit.framework.TestResult.run(TestResult.java:109)
	at junit.framework.TestCase.run(TestCase.java:120)
	at junit.framework.TestSuite.runTest(TestSuite.java:230)
	at junit.framework.TestSuite.run(TestSuite.java:225)
	at junit.framework.TestSuite.runTest(TestSuite.java:230)
	at junit.framework.TestSuite.run(TestSuite.java:225)
	at junit.framework.TestSuite.runTest(TestSuite.java:230)
	at junit.framework.TestSuite.run(TestSuite.java:225)
	at org.apache.tools.ant.taskdefs.optional.junit.JUnitTestRunner.run(JUnitTestRunner.java:421)
	at org.apache.tools.ant.taskdefs.optional.junit.JUnitTestRunner.launch(JUnitTestRunner.java:912)
	at org.apache.tools.ant.taskdefs.optional.junit.JUnitTestRunner.main(JUnitTestRunner.java:766)
Caused by: com.topcoder.clients.manager.ClientManagerException: Test exception
	at com.topcoder.clients.webservices.failuretests.mock.MockClientManager.checkFail(MockClientManager.java:345)
	at com.topcoder.clients.webservices.failuretests.mock.MockClientManager.createClient(MockClientManager.java:75)
	at com.topcoder.clients.webservices.beans.BeanUtils.createOperation(BeanUtils.java:308)
	at com.topcoder.clients.webservices.beans.ClientServiceBean.createClient(ClientServiceBean.java:368)
	... 20 more
Exiting: com.topcoder.clients.webservices.beans.ClientServiceBean#createClient(Client client)
Entering: com.topcoder.clients.webservices.beans.ClientServiceBean#updateClient(Client client)
Passing entity cannot be null.
java.lang.IllegalArgumentException: Passing entity cannot be null.
	at com.topcoder.util.errorhandling.ExceptionUtils.checkNull(ExceptionUtils.java:173)
	at com.topcoder.clients.webservices.beans.BeanUtils.validateCaller(BeanUtils.java:226)
	at com.topcoder.clients.webservices.beans.ClientServiceBean.updateClient(ClientServiceBean.java:416)
	at com.topcoder.clients.webservices.failuretests.ClientServiceBeanFailureTest.testUpdateClient_InvalidArguments1(ClientServiceBeanFailureTest.java:537)
	at sun.reflect.NativeMethodAccessorImpl.invoke0(Native Method)
	at sun.reflect.NativeMethodAccessorImpl.invoke(NativeMethodAccessorImpl.java:39)
	at sun.reflect.DelegatingMethodAccessorImpl.invoke(DelegatingMethodAccessorImpl.java:25)
	at java.lang.reflect.Method.invoke(Method.java:585)
	at junit.framework.TestCase.runTest(TestCase.java:164)
	at junit.framework.TestCase.runBare(TestCase.java:130)
	at junit.framework.TestResult$1.protect(TestResult.java:106)
	at junit.framework.TestResult.runProtected(TestResult.java:124)
	at junit.framework.TestResult.run(TestResult.java:109)
	at junit.framework.TestCase.run(TestCase.java:120)
	at junit.framework.TestSuite.runTest(TestSuite.java:230)
	at junit.framework.TestSuite.run(TestSuite.java:225)
	at junit.framework.TestSuite.runTest(TestSuite.java:230)
	at junit.framework.TestSuite.run(TestSuite.java:225)
	at junit.framework.TestSuite.runTest(TestSuite.java:230)
	at junit.framework.TestSuite.run(TestSuite.java:225)
	at org.apache.tools.ant.taskdefs.optional.junit.JUnitTestRunner.run(JUnitTestRunner.java:421)
	at org.apache.tools.ant.taskdefs.optional.junit.JUnitTestRunner.launch(JUnitTestRunner.java:912)
	at org.apache.tools.ant.taskdefs.optional.junit.JUnitTestRunner.main(JUnitTestRunner.java:766)
Exiting: com.topcoder.clients.webservices.beans.ClientServiceBean#updateClient(Client client)
Entering: com.topcoder.clients.webservices.beans.ClientServiceBean#updateClient(Client client)
Property 'com.topcoder.clients.manager.ClientManager' has null state. Check your configuration again !!!
java.lang.IllegalStateException: Property 'com.topcoder.clients.manager.ClientManager' has null state. Check your configuration again !!!
	at com.topcoder.clients.webservices.beans.BeanUtils.checkState(BeanUtils.java:465)
	at com.topcoder.clients.webservices.beans.BeanUtils.updateOperation(BeanUtils.java:365)
	at com.topcoder.clients.webservices.beans.ClientServiceBean.updateClient(ClientServiceBean.java:420)
	at com.topcoder.clients.webservices.failuretests.ClientServiceBeanFailureTest.testUpdateClient_InvalidStates1(ClientServiceBeanFailureTest.java:557)
	at sun.reflect.NativeMethodAccessorImpl.invoke0(Native Method)
	at sun.reflect.NativeMethodAccessorImpl.invoke(NativeMethodAccessorImpl.java:39)
	at sun.reflect.DelegatingMethodAccessorImpl.invoke(DelegatingMethodAccessorImpl.java:25)
	at java.lang.reflect.Method.invoke(Method.java:585)
	at junit.framework.TestCase.runTest(TestCase.java:164)
	at junit.framework.TestCase.runBare(TestCase.java:130)
	at junit.framework.TestResult$1.protect(TestResult.java:106)
	at junit.framework.TestResult.runProtected(TestResult.java:124)
	at junit.framework.TestResult.run(TestResult.java:109)
	at junit.framework.TestCase.run(TestCase.java:120)
	at junit.framework.TestSuite.runTest(TestSuite.java:230)
	at junit.framework.TestSuite.run(TestSuite.java:225)
	at junit.framework.TestSuite.runTest(TestSuite.java:230)
	at junit.framework.TestSuite.run(TestSuite.java:225)
	at junit.framework.TestSuite.runTest(TestSuite.java:230)
	at junit.framework.TestSuite.run(TestSuite.java:225)
	at org.apache.tools.ant.taskdefs.optional.junit.JUnitTestRunner.run(JUnitTestRunner.java:421)
	at org.apache.tools.ant.taskdefs.optional.junit.JUnitTestRunner.launch(JUnitTestRunner.java:912)
	at org.apache.tools.ant.taskdefs.optional.junit.JUnitTestRunner.main(JUnitTestRunner.java:766)
Exiting: com.topcoder.clients.webservices.beans.ClientServiceBean#updateClient(Client client)
Entering: com.topcoder.clients.webservices.beans.ClientServiceBean#updateClient(Client client)
Property 'UserMappingRetriever' has null state. Check your configuration again !!!
java.lang.IllegalStateException: Property 'UserMappingRetriever' has null state. Check your configuration again !!!
	at com.topcoder.clients.webservices.beans.BeanUtils.checkState(BeanUtils.java:465)
	at com.topcoder.clients.webservices.beans.BeanUtils.validateCaller(BeanUtils.java:225)
	at com.topcoder.clients.webservices.beans.ClientServiceBean.updateClient(ClientServiceBean.java:416)
	at com.topcoder.clients.webservices.failuretests.ClientServiceBeanFailureTest.testUpdateClient_InvalidStates2(ClientServiceBeanFailureTest.java:577)
	at sun.reflect.NativeMethodAccessorImpl.invoke0(Native Method)
	at sun.reflect.NativeMethodAccessorImpl.invoke(NativeMethodAccessorImpl.java:39)
	at sun.reflect.DelegatingMethodAccessorImpl.invoke(DelegatingMethodAccessorImpl.java:25)
	at java.lang.reflect.Method.invoke(Method.java:585)
	at junit.framework.TestCase.runTest(TestCase.java:164)
	at junit.framework.TestCase.runBare(TestCase.java:130)
	at junit.framework.TestResult$1.protect(TestResult.java:106)
	at junit.framework.TestResult.runProtected(TestResult.java:124)
	at junit.framework.TestResult.run(TestResult.java:109)
	at junit.framework.TestCase.run(TestCase.java:120)
	at junit.framework.TestSuite.runTest(TestSuite.java:230)
	at junit.framework.TestSuite.run(TestSuite.java:225)
	at junit.framework.TestSuite.runTest(TestSuite.java:230)
	at junit.framework.TestSuite.run(TestSuite.java:225)
	at junit.framework.TestSuite.runTest(TestSuite.java:230)
	at junit.framework.TestSuite.run(TestSuite.java:225)
	at org.apache.tools.ant.taskdefs.optional.junit.JUnitTestRunner.run(JUnitTestRunner.java:421)
	at org.apache.tools.ant.taskdefs.optional.junit.JUnitTestRunner.launch(JUnitTestRunner.java:912)
	at org.apache.tools.ant.taskdefs.optional.junit.JUnitTestRunner.main(JUnitTestRunner.java:766)
Exiting: com.topcoder.clients.webservices.beans.ClientServiceBean#updateClient(Client client)
Entering: com.topcoder.clients.webservices.beans.ClientServiceBean#updateClient(Client client)
Not has authorization to perform operation: com.topcoder.clients.webservices.beans.ClientServiceBean#updateClient(Client client)
com.topcoder.clients.webservices.beans.AuthorizationFailedException: Not has authorization to perform operation: com.topcoder.clients.webservices.beans.ClientServiceBean#updateClient(Client client)
	at com.topcoder.clients.webservices.beans.BeanUtils.validateCaller(BeanUtils.java:262)
	at com.topcoder.clients.webservices.beans.ClientServiceBean.updateClient(ClientServiceBean.java:416)
	at com.topcoder.clients.webservices.failuretests.ClientServiceBeanFailureTest.testUpdateClient_InvalidAuthorizations1(ClientServiceBeanFailureTest.java:599)
	at sun.reflect.NativeMethodAccessorImpl.invoke0(Native Method)
	at sun.reflect.NativeMethodAccessorImpl.invoke(NativeMethodAccessorImpl.java:39)
	at sun.reflect.DelegatingMethodAccessorImpl.invoke(DelegatingMethodAccessorImpl.java:25)
	at java.lang.reflect.Method.invoke(Method.java:585)
	at junit.framework.TestCase.runTest(TestCase.java:164)
	at junit.framework.TestCase.runBare(TestCase.java:130)
	at junit.framework.TestResult$1.protect(TestResult.java:106)
	at junit.framework.TestResult.runProtected(TestResult.java:124)
	at junit.framework.TestResult.run(TestResult.java:109)
	at junit.framework.TestCase.run(TestCase.java:120)
	at junit.framework.TestSuite.runTest(TestSuite.java:230)
	at junit.framework.TestSuite.run(TestSuite.java:225)
	at junit.framework.TestSuite.runTest(TestSuite.java:230)
	at junit.framework.TestSuite.run(TestSuite.java:225)
	at junit.framework.TestSuite.runTest(TestSuite.java:230)
	at junit.framework.TestSuite.run(TestSuite.java:225)
	at org.apache.tools.ant.taskdefs.optional.junit.JUnitTestRunner.run(JUnitTestRunner.java:421)
	at org.apache.tools.ant.taskdefs.optional.junit.JUnitTestRunner.launch(JUnitTestRunner.java:912)
	at org.apache.tools.ant.taskdefs.optional.junit.JUnitTestRunner.main(JUnitTestRunner.java:766)
Exiting: com.topcoder.clients.webservices.beans.ClientServiceBean#updateClient(Client client)
Entering: com.topcoder.clients.webservices.beans.ClientServiceBean#updateClient(Client client)
Not has authorization to perform operation: com.topcoder.clients.webservices.beans.ClientServiceBean#updateClient(Client client)
com.topcoder.clients.webservices.beans.AuthorizationFailedException: Not has authorization to perform operation: com.topcoder.clients.webservices.beans.ClientServiceBean#updateClient(Client client)
	at com.topcoder.clients.webservices.beans.BeanUtils.validateCaller(BeanUtils.java:262)
	at com.topcoder.clients.webservices.beans.ClientServiceBean.updateClient(ClientServiceBean.java:416)
	at com.topcoder.clients.webservices.failuretests.ClientServiceBeanFailureTest.testUpdateClient_InvalidAuthorizations2(ClientServiceBeanFailureTest.java:620)
	at sun.reflect.NativeMethodAccessorImpl.invoke0(Native Method)
	at sun.reflect.NativeMethodAccessorImpl.invoke(NativeMethodAccessorImpl.java:39)
	at sun.reflect.DelegatingMethodAccessorImpl.invoke(DelegatingMethodAccessorImpl.java:25)
	at java.lang.reflect.Method.invoke(Method.java:585)
	at junit.framework.TestCase.runTest(TestCase.java:164)
	at junit.framework.TestCase.runBare(TestCase.java:130)
	at junit.framework.TestResult$1.protect(TestResult.java:106)
	at junit.framework.TestResult.runProtected(TestResult.java:124)
	at junit.framework.TestResult.run(TestResult.java:109)
	at junit.framework.TestCase.run(TestCase.java:120)
	at junit.framework.TestSuite.runTest(TestSuite.java:230)
	at junit.framework.TestSuite.run(TestSuite.java:225)
	at junit.framework.TestSuite.runTest(TestSuite.java:230)
	at junit.framework.TestSuite.run(TestSuite.java:225)
	at junit.framework.TestSuite.runTest(TestSuite.java:230)
	at junit.framework.TestSuite.run(TestSuite.java:225)
	at org.apache.tools.ant.taskdefs.optional.junit.JUnitTestRunner.run(JUnitTestRunner.java:421)
	at org.apache.tools.ant.taskdefs.optional.junit.JUnitTestRunner.launch(JUnitTestRunner.java:912)
	at org.apache.tools.ant.taskdefs.optional.junit.JUnitTestRunner.main(JUnitTestRunner.java:766)
Exiting: com.topcoder.clients.webservices.beans.ClientServiceBean#updateClient(Client client)
Entering: com.topcoder.clients.webservices.beans.ClientServiceBean#updateClient(Client client)
Fail in user mapping retrieval.
com.topcoder.clients.webservices.beans.AuthorizationFailedException: Fail in user mapping retrieval.
	at com.topcoder.clients.webservices.beans.BeanUtils.validateCaller(BeanUtils.java:267)
	at com.topcoder.clients.webservices.beans.ClientServiceBean.updateClient(ClientServiceBean.java:416)
	at com.topcoder.clients.webservices.failuretests.ClientServiceBeanFailureTest.testUpdateClient_InvalidAuthorizations3(ClientServiceBeanFailureTest.java:642)
	at sun.reflect.NativeMethodAccessorImpl.invoke0(Native Method)
	at sun.reflect.NativeMethodAccessorImpl.invoke(NativeMethodAccessorImpl.java:39)
	at sun.reflect.DelegatingMethodAccessorImpl.invoke(DelegatingMethodAccessorImpl.java:25)
	at java.lang.reflect.Method.invoke(Method.java:585)
	at junit.framework.TestCase.runTest(TestCase.java:164)
	at junit.framework.TestCase.runBare(TestCase.java:130)
	at junit.framework.TestResult$1.protect(TestResult.java:106)
	at junit.framework.TestResult.runProtected(TestResult.java:124)
	at junit.framework.TestResult.run(TestResult.java:109)
	at junit.framework.TestCase.run(TestCase.java:120)
	at junit.framework.TestSuite.runTest(TestSuite.java:230)
	at junit.framework.TestSuite.run(TestSuite.java:225)
	at junit.framework.TestSuite.runTest(TestSuite.java:230)
	at junit.framework.TestSuite.run(TestSuite.java:225)
	at junit.framework.TestSuite.runTest(TestSuite.java:230)
	at junit.framework.TestSuite.run(TestSuite.java:225)
	at org.apache.tools.ant.taskdefs.optional.junit.JUnitTestRunner.run(JUnitTestRunner.java:421)
	at org.apache.tools.ant.taskdefs.optional.junit.JUnitTestRunner.launch(JUnitTestRunner.java:912)
	at org.apache.tools.ant.taskdefs.optional.junit.JUnitTestRunner.main(JUnitTestRunner.java:766)
Caused by: com.topcoder.clients.webservices.usermapping.UserMappingRetrievalException: for test.
	at com.topcoder.clients.webservices.failuretests.mock.MockUserMappingRetriever.checkFail(MockUserMappingRetriever.java:123)
	at com.topcoder.clients.webservices.failuretests.mock.MockUserMappingRetriever.getValidUsersForClient(MockUserMappingRetriever.java:91)
	at com.topcoder.clients.webservices.beans.BeanUtils.validateCaller(BeanUtils.java:250)
	... 21 more
Exiting: com.topcoder.clients.webservices.beans.ClientServiceBean#updateClient(Client client)
Entering: com.topcoder.clients.webservices.beans.ClientServiceBean#updateClient(Client client)
Fail update Client.
com.topcoder.clients.webservices.ClientServiceException: Fail update Client.
	at com.topcoder.clients.webservices.beans.ClientServiceBean.updateClient(ClientServiceBean.java:423)
	at com.topcoder.clients.webservices.failuretests.ClientServiceBeanFailureTest.testUpdateClient_Errors1(ClientServiceBeanFailureTest.java:662)
	at sun.reflect.NativeMethodAccessorImpl.invoke0(Native Method)
	at sun.reflect.NativeMethodAccessorImpl.invoke(NativeMethodAccessorImpl.java:39)
	at sun.reflect.DelegatingMethodAccessorImpl.invoke(DelegatingMethodAccessorImpl.java:25)
	at java.lang.reflect.Method.invoke(Method.java:585)
	at junit.framework.TestCase.runTest(TestCase.java:164)
	at junit.framework.TestCase.runBare(TestCase.java:130)
	at junit.framework.TestResult$1.protect(TestResult.java:106)
	at junit.framework.TestResult.runProtected(TestResult.java:124)
	at junit.framework.TestResult.run(TestResult.java:109)
	at junit.framework.TestCase.run(TestCase.java:120)
	at junit.framework.TestSuite.runTest(TestSuite.java:230)
	at junit.framework.TestSuite.run(TestSuite.java:225)
	at junit.framework.TestSuite.runTest(TestSuite.java:230)
	at junit.framework.TestSuite.run(TestSuite.java:225)
	at junit.framework.TestSuite.runTest(TestSuite.java:230)
	at junit.framework.TestSuite.run(TestSuite.java:225)
	at org.apache.tools.ant.taskdefs.optional.junit.JUnitTestRunner.run(JUnitTestRunner.java:421)
	at org.apache.tools.ant.taskdefs.optional.junit.JUnitTestRunner.launch(JUnitTestRunner.java:912)
	at org.apache.tools.ant.taskdefs.optional.junit.JUnitTestRunner.main(JUnitTestRunner.java:766)
Caused by: java.lang.IllegalArgumentException: Test exception
	at com.topcoder.clients.webservices.failuretests.mock.MockClientManager.checkFail(MockClientManager.java:349)
	at com.topcoder.clients.webservices.failuretests.mock.MockClientManager.updateClient(MockClientManager.java:311)
	at com.topcoder.clients.webservices.beans.BeanUtils.updateOperation(BeanUtils.java:366)
	at com.topcoder.clients.webservices.beans.ClientServiceBean.updateClient(ClientServiceBean.java:420)
	... 20 more
Exiting: com.topcoder.clients.webservices.beans.ClientServiceBean#updateClient(Client client)
Entering: com.topcoder.clients.webservices.beans.ClientServiceBean#updateClient(Client client)
Fail update Client.
com.topcoder.clients.webservices.ClientServiceException: Fail update Client.
	at com.topcoder.clients.webservices.beans.ClientServiceBean.updateClient(ClientServiceBean.java:423)
	at com.topcoder.clients.webservices.failuretests.ClientServiceBeanFailureTest.testUpdateClient_Errors2(ClientServiceBeanFailureTest.java:682)
	at sun.reflect.NativeMethodAccessorImpl.invoke0(Native Method)
	at sun.reflect.NativeMethodAccessorImpl.invoke(NativeMethodAccessorImpl.java:39)
	at sun.reflect.DelegatingMethodAccessorImpl.invoke(DelegatingMethodAccessorImpl.java:25)
	at java.lang.reflect.Method.invoke(Method.java:585)
	at junit.framework.TestCase.runTest(TestCase.java:164)
	at junit.framework.TestCase.runBare(TestCase.java:130)
	at junit.framework.TestResult$1.protect(TestResult.java:106)
	at junit.framework.TestResult.runProtected(TestResult.java:124)
	at junit.framework.TestResult.run(TestResult.java:109)
	at junit.framework.TestCase.run(TestCase.java:120)
	at junit.framework.TestSuite.runTest(TestSuite.java:230)
	at junit.framework.TestSuite.run(TestSuite.java:225)
	at junit.framework.TestSuite.runTest(TestSuite.java:230)
	at junit.framework.TestSuite.run(TestSuite.java:225)
	at junit.framework.TestSuite.runTest(TestSuite.java:230)
	at junit.framework.TestSuite.run(TestSuite.java:225)
	at org.apache.tools.ant.taskdefs.optional.junit.JUnitTestRunner.run(JUnitTestRunner.java:421)
	at org.apache.tools.ant.taskdefs.optional.junit.JUnitTestRunner.launch(JUnitTestRunner.java:912)
	at org.apache.tools.ant.taskdefs.optional.junit.JUnitTestRunner.main(JUnitTestRunner.java:766)
Caused by: com.topcoder.clients.manager.ClientManagerException: Test exception
	at com.topcoder.clients.webservices.failuretests.mock.MockClientManager.checkFail(MockClientManager.java:345)
	at com.topcoder.clients.webservices.failuretests.mock.MockClientManager.updateClient(MockClientManager.java:311)
	at com.topcoder.clients.webservices.beans.BeanUtils.updateOperation(BeanUtils.java:366)
	at com.topcoder.clients.webservices.beans.ClientServiceBean.updateClient(ClientServiceBean.java:420)
	... 20 more
Exiting: com.topcoder.clients.webservices.beans.ClientServiceBean#updateClient(Client client)
Entering: com.topcoder.clients.webservices.beans.ClientServiceBean#deleteClient(Client client)
Passing entity cannot be null.
java.lang.IllegalArgumentException: Passing entity cannot be null.
	at com.topcoder.util.errorhandling.ExceptionUtils.checkNull(ExceptionUtils.java:173)
	at com.topcoder.clients.webservices.beans.BeanUtils.validateCaller(BeanUtils.java:226)
	at com.topcoder.clients.webservices.beans.ClientServiceBean.deleteClient(ClientServiceBean.java:468)
	at com.topcoder.clients.webservices.failuretests.ClientServiceBeanFailureTest.testDeleteClient_InvalidArguments1(ClientServiceBeanFailureTest.java:700)
	at sun.reflect.NativeMethodAccessorImpl.invoke0(Native Method)
	at sun.reflect.NativeMethodAccessorImpl.invoke(NativeMethodAccessorImpl.java:39)
	at sun.reflect.DelegatingMethodAccessorImpl.invoke(DelegatingMethodAccessorImpl.java:25)
	at java.lang.reflect.Method.invoke(Method.java:585)
	at junit.framework.TestCase.runTest(TestCase.java:164)
	at junit.framework.TestCase.runBare(TestCase.java:130)
	at junit.framework.TestResult$1.protect(TestResult.java:106)
	at junit.framework.TestResult.runProtected(TestResult.java:124)
	at junit.framework.TestResult.run(TestResult.java:109)
	at junit.framework.TestCase.run(TestCase.java:120)
	at junit.framework.TestSuite.runTest(TestSuite.java:230)
	at junit.framework.TestSuite.run(TestSuite.java:225)
	at junit.framework.TestSuite.runTest(TestSuite.java:230)
	at junit.framework.TestSuite.run(TestSuite.java:225)
	at junit.framework.TestSuite.runTest(TestSuite.java:230)
	at junit.framework.TestSuite.run(TestSuite.java:225)
	at org.apache.tools.ant.taskdefs.optional.junit.JUnitTestRunner.run(JUnitTestRunner.java:421)
	at org.apache.tools.ant.taskdefs.optional.junit.JUnitTestRunner.launch(JUnitTestRunner.java:912)
	at org.apache.tools.ant.taskdefs.optional.junit.JUnitTestRunner.main(JUnitTestRunner.java:766)
Exiting: com.topcoder.clients.webservices.beans.ClientServiceBean#deleteClient(Client client)
Entering: com.topcoder.clients.webservices.beans.ClientServiceBean#deleteClient(Client client)
Property 'com.topcoder.clients.manager.ClientManager' has null state. Check your configuration again !!!
java.lang.IllegalStateException: Property 'com.topcoder.clients.manager.ClientManager' has null state. Check your configuration again !!!
	at com.topcoder.clients.webservices.beans.BeanUtils.checkState(BeanUtils.java:465)
	at com.topcoder.clients.webservices.beans.BeanUtils.deleteOperation(BeanUtils.java:416)
	at com.topcoder.clients.webservices.beans.ClientServiceBean.deleteClient(ClientServiceBean.java:472)
	at com.topcoder.clients.webservices.failuretests.ClientServiceBeanFailureTest.testDeleteClient_InvalidStates1(ClientServiceBeanFailureTest.java:720)
	at sun.reflect.NativeMethodAccessorImpl.invoke0(Native Method)
	at sun.reflect.NativeMethodAccessorImpl.invoke(NativeMethodAccessorImpl.java:39)
	at sun.reflect.DelegatingMethodAccessorImpl.invoke(DelegatingMethodAccessorImpl.java:25)
	at java.lang.reflect.Method.invoke(Method.java:585)
	at junit.framework.TestCase.runTest(TestCase.java:164)
	at junit.framework.TestCase.runBare(TestCase.java:130)
	at junit.framework.TestResult$1.protect(TestResult.java:106)
	at junit.framework.TestResult.runProtected(TestResult.java:124)
	at junit.framework.TestResult.run(TestResult.java:109)
	at junit.framework.TestCase.run(TestCase.java:120)
	at junit.framework.TestSuite.runTest(TestSuite.java:230)
	at junit.framework.TestSuite.run(TestSuite.java:225)
	at junit.framework.TestSuite.runTest(TestSuite.java:230)
	at junit.framework.TestSuite.run(TestSuite.java:225)
	at junit.framework.TestSuite.runTest(TestSuite.java:230)
	at junit.framework.TestSuite.run(TestSuite.java:225)
	at org.apache.tools.ant.taskdefs.optional.junit.JUnitTestRunner.run(JUnitTestRunner.java:421)
	at org.apache.tools.ant.taskdefs.optional.junit.JUnitTestRunner.launch(JUnitTestRunner.java:912)
	at org.apache.tools.ant.taskdefs.optional.junit.JUnitTestRunner.main(JUnitTestRunner.java:766)
Exiting: com.topcoder.clients.webservices.beans.ClientServiceBean#deleteClient(Client client)
Entering: com.topcoder.clients.webservices.beans.ClientServiceBean#deleteClient(Client client)
Property 'UserMappingRetriever' has null state. Check your configuration again !!!
java.lang.IllegalStateException: Property 'UserMappingRetriever' has null state. Check your configuration again !!!
	at com.topcoder.clients.webservices.beans.BeanUtils.checkState(BeanUtils.java:465)
	at com.topcoder.clients.webservices.beans.BeanUtils.validateCaller(BeanUtils.java:225)
	at com.topcoder.clients.webservices.beans.ClientServiceBean.deleteClient(ClientServiceBean.java:468)
	at com.topcoder.clients.webservices.failuretests.ClientServiceBeanFailureTest.testDeleteClient_InvalidStates2(ClientServiceBeanFailureTest.java:740)
	at sun.reflect.NativeMethodAccessorImpl.invoke0(Native Method)
	at sun.reflect.NativeMethodAccessorImpl.invoke(NativeMethodAccessorImpl.java:39)
	at sun.reflect.DelegatingMethodAccessorImpl.invoke(DelegatingMethodAccessorImpl.java:25)
	at java.lang.reflect.Method.invoke(Method.java:585)
	at junit.framework.TestCase.runTest(TestCase.java:164)
	at junit.framework.TestCase.runBare(TestCase.java:130)
	at junit.framework.TestResult$1.protect(TestResult.java:106)
	at junit.framework.TestResult.runProtected(TestResult.java:124)
	at junit.framework.TestResult.run(TestResult.java:109)
	at junit.framework.TestCase.run(TestCase.java:120)
	at junit.framework.TestSuite.runTest(TestSuite.java:230)
	at junit.framework.TestSuite.run(TestSuite.java:225)
	at junit.framework.TestSuite.runTest(TestSuite.java:230)
	at junit.framework.TestSuite.run(TestSuite.java:225)
	at junit.framework.TestSuite.runTest(TestSuite.java:230)
	at junit.framework.TestSuite.run(TestSuite.java:225)
	at org.apache.tools.ant.taskdefs.optional.junit.JUnitTestRunner.run(JUnitTestRunner.java:421)
	at org.apache.tools.ant.taskdefs.optional.junit.JUnitTestRunner.launch(JUnitTestRunner.java:912)
	at org.apache.tools.ant.taskdefs.optional.junit.JUnitTestRunner.main(JUnitTestRunner.java:766)
Exiting: com.topcoder.clients.webservices.beans.ClientServiceBean#deleteClient(Client client)
Entering: com.topcoder.clients.webservices.beans.ClientServiceBean#deleteClient(Client client)
Not has authorization to perform operation: com.topcoder.clients.webservices.beans.ClientServiceBean#deleteClient(Client client)
com.topcoder.clients.webservices.beans.AuthorizationFailedException: Not has authorization to perform operation: com.topcoder.clients.webservices.beans.ClientServiceBean#deleteClient(Client client)
	at com.topcoder.clients.webservices.beans.BeanUtils.validateCaller(BeanUtils.java:262)
	at com.topcoder.clients.webservices.beans.ClientServiceBean.deleteClient(ClientServiceBean.java:468)
	at com.topcoder.clients.webservices.failuretests.ClientServiceBeanFailureTest.testDeleteClient_InvalidAuthorizations1(ClientServiceBeanFailureTest.java:762)
	at sun.reflect.NativeMethodAccessorImpl.invoke0(Native Method)
	at sun.reflect.NativeMethodAccessorImpl.invoke(NativeMethodAccessorImpl.java:39)
	at sun.reflect.DelegatingMethodAccessorImpl.invoke(DelegatingMethodAccessorImpl.java:25)
	at java.lang.reflect.Method.invoke(Method.java:585)
	at junit.framework.TestCase.runTest(TestCase.java:164)
	at junit.framework.TestCase.runBare(TestCase.java:130)
	at junit.framework.TestResult$1.protect(TestResult.java:106)
	at junit.framework.TestResult.runProtected(TestResult.java:124)
	at junit.framework.TestResult.run(TestResult.java:109)
	at junit.framework.TestCase.run(TestCase.java:120)
	at junit.framework.TestSuite.runTest(TestSuite.java:230)
	at junit.framework.TestSuite.run(TestSuite.java:225)
	at junit.framework.TestSuite.runTest(TestSuite.java:230)
	at junit.framework.TestSuite.run(TestSuite.java:225)
	at junit.framework.TestSuite.runTest(TestSuite.java:230)
	at junit.framework.TestSuite.run(TestSuite.java:225)
	at org.apache.tools.ant.taskdefs.optional.junit.JUnitTestRunner.run(JUnitTestRunner.java:421)
	at org.apache.tools.ant.taskdefs.optional.junit.JUnitTestRunner.launch(JUnitTestRunner.java:912)
	at org.apache.tools.ant.taskdefs.optional.junit.JUnitTestRunner.main(JUnitTestRunner.java:766)
Exiting: com.topcoder.clients.webservices.beans.ClientServiceBean#deleteClient(Client client)
Entering: com.topcoder.clients.webservices.beans.ClientServiceBean#deleteClient(Client client)
Not has authorization to perform operation: com.topcoder.clients.webservices.beans.ClientServiceBean#deleteClient(Client client)
com.topcoder.clients.webservices.beans.AuthorizationFailedException: Not has authorization to perform operation: com.topcoder.clients.webservices.beans.ClientServiceBean#deleteClient(Client client)
	at com.topcoder.clients.webservices.beans.BeanUtils.validateCaller(BeanUtils.java:262)
	at com.topcoder.clients.webservices.beans.ClientServiceBean.deleteClient(ClientServiceBean.java:468)
	at com.topcoder.clients.webservices.failuretests.ClientServiceBeanFailureTest.testDeleteClient_InvalidAuthorizations2(ClientServiceBeanFailureTest.java:783)
	at sun.reflect.NativeMethodAccessorImpl.invoke0(Native Method)
	at sun.reflect.NativeMethodAccessorImpl.invoke(NativeMethodAccessorImpl.java:39)
	at sun.reflect.DelegatingMethodAccessorImpl.invoke(DelegatingMethodAccessorImpl.java:25)
	at java.lang.reflect.Method.invoke(Method.java:585)
	at junit.framework.TestCase.runTest(TestCase.java:164)
	at junit.framework.TestCase.runBare(TestCase.java:130)
	at junit.framework.TestResult$1.protect(TestResult.java:106)
	at junit.framework.TestResult.runProtected(TestResult.java:124)
	at junit.framework.TestResult.run(TestResult.java:109)
	at junit.framework.TestCase.run(TestCase.java:120)
	at junit.framework.TestSuite.runTest(TestSuite.java:230)
	at junit.framework.TestSuite.run(TestSuite.java:225)
	at junit.framework.TestSuite.runTest(TestSuite.java:230)
	at junit.framework.TestSuite.run(TestSuite.java:225)
	at junit.framework.TestSuite.runTest(TestSuite.java:230)
	at junit.framework.TestSuite.run(TestSuite.java:225)
	at org.apache.tools.ant.taskdefs.optional.junit.JUnitTestRunner.run(JUnitTestRunner.java:421)
	at org.apache.tools.ant.taskdefs.optional.junit.JUnitTestRunner.launch(JUnitTestRunner.java:912)
	at org.apache.tools.ant.taskdefs.optional.junit.JUnitTestRunner.main(JUnitTestRunner.java:766)
Exiting: com.topcoder.clients.webservices.beans.ClientServiceBean#deleteClient(Client client)
Entering: com.topcoder.clients.webservices.beans.ClientServiceBean#deleteClient(Client client)
Fail in user mapping retrieval.
com.topcoder.clients.webservices.beans.AuthorizationFailedException: Fail in user mapping retrieval.
	at com.topcoder.clients.webservices.beans.BeanUtils.validateCaller(BeanUtils.java:267)
	at com.topcoder.clients.webservices.beans.ClientServiceBean.deleteClient(ClientServiceBean.java:468)
	at com.topcoder.clients.webservices.failuretests.ClientServiceBeanFailureTest.testDeleteClient_InvalidAuthorizations3(ClientServiceBeanFailureTest.java:805)
	at sun.reflect.NativeMethodAccessorImpl.invoke0(Native Method)
	at sun.reflect.NativeMethodAccessorImpl.invoke(NativeMethodAccessorImpl.java:39)
	at sun.reflect.DelegatingMethodAccessorImpl.invoke(DelegatingMethodAccessorImpl.java:25)
	at java.lang.reflect.Method.invoke(Method.java:585)
	at junit.framework.TestCase.runTest(TestCase.java:164)
	at junit.framework.TestCase.runBare(TestCase.java:130)
	at junit.framework.TestResult$1.protect(TestResult.java:106)
	at junit.framework.TestResult.runProtected(TestResult.java:124)
	at junit.framework.TestResult.run(TestResult.java:109)
	at junit.framework.TestCase.run(TestCase.java:120)
	at junit.framework.TestSuite.runTest(TestSuite.java:230)
	at junit.framework.TestSuite.run(TestSuite.java:225)
	at junit.framework.TestSuite.runTest(TestSuite.java:230)
	at junit.framework.TestSuite.run(TestSuite.java:225)
	at junit.framework.TestSuite.runTest(TestSuite.java:230)
	at junit.framework.TestSuite.run(TestSuite.java:225)
	at org.apache.tools.ant.taskdefs.optional.junit.JUnitTestRunner.run(JUnitTestRunner.java:421)
	at org.apache.tools.ant.taskdefs.optional.junit.JUnitTestRunner.launch(JUnitTestRunner.java:912)
	at org.apache.tools.ant.taskdefs.optional.junit.JUnitTestRunner.main(JUnitTestRunner.java:766)
Caused by: com.topcoder.clients.webservices.usermapping.UserMappingRetrievalException: for test.
	at com.topcoder.clients.webservices.failuretests.mock.MockUserMappingRetriever.checkFail(MockUserMappingRetriever.java:123)
	at com.topcoder.clients.webservices.failuretests.mock.MockUserMappingRetriever.getValidUsersForClient(MockUserMappingRetriever.java:91)
	at com.topcoder.clients.webservices.beans.BeanUtils.validateCaller(BeanUtils.java:250)
	... 21 more
Exiting: com.topcoder.clients.webservices.beans.ClientServiceBean#deleteClient(Client client)
Entering: com.topcoder.clients.webservices.beans.ClientServiceBean#deleteClient(Client client)
Fail delete Client.
com.topcoder.clients.webservices.ClientServiceException: Fail delete Client.
	at com.topcoder.clients.webservices.beans.ClientServiceBean.deleteClient(ClientServiceBean.java:475)
	at com.topcoder.clients.webservices.failuretests.ClientServiceBeanFailureTest.testDeleteClient_Errors1(ClientServiceBeanFailureTest.java:825)
	at sun.reflect.NativeMethodAccessorImpl.invoke0(Native Method)
	at sun.reflect.NativeMethodAccessorImpl.invoke(NativeMethodAccessorImpl.java:39)
	at sun.reflect.DelegatingMethodAccessorImpl.invoke(DelegatingMethodAccessorImpl.java:25)
	at java.lang.reflect.Method.invoke(Method.java:585)
	at junit.framework.TestCase.runTest(TestCase.java:164)
	at junit.framework.TestCase.runBare(TestCase.java:130)
	at junit.framework.TestResult$1.protect(TestResult.java:106)
	at junit.framework.TestResult.runProtected(TestResult.java:124)
	at junit.framework.TestResult.run(TestResult.java:109)
	at junit.framework.TestCase.run(TestCase.java:120)
	at junit.framework.TestSuite.runTest(TestSuite.java:230)
	at junit.framework.TestSuite.run(TestSuite.java:225)
	at junit.framework.TestSuite.runTest(TestSuite.java:230)
	at junit.framework.TestSuite.run(TestSuite.java:225)
	at junit.framework.TestSuite.runTest(TestSuite.java:230)
	at junit.framework.TestSuite.run(TestSuite.java:225)
	at org.apache.tools.ant.taskdefs.optional.junit.JUnitTestRunner.run(JUnitTestRunner.java:421)
	at org.apache.tools.ant.taskdefs.optional.junit.JUnitTestRunner.launch(JUnitTestRunner.java:912)
	at org.apache.tools.ant.taskdefs.optional.junit.JUnitTestRunner.main(JUnitTestRunner.java:766)
Caused by: java.lang.IllegalArgumentException: Test exception
	at com.topcoder.clients.webservices.failuretests.mock.MockClientManager.checkFail(MockClientManager.java:349)
	at com.topcoder.clients.webservices.failuretests.mock.MockClientManager.deleteClient(MockClientManager.java:111)
	at com.topcoder.clients.webservices.beans.BeanUtils.deleteOperation(BeanUtils.java:417)
	at com.topcoder.clients.webservices.beans.ClientServiceBean.deleteClient(ClientServiceBean.java:472)
	... 20 more
Exiting: com.topcoder.clients.webservices.beans.ClientServiceBean#deleteClient(Client client)
Entering: com.topcoder.clients.webservices.beans.ClientServiceBean#deleteClient(Client client)
Fail delete Client.
com.topcoder.clients.webservices.ClientServiceException: Fail delete Client.
	at com.topcoder.clients.webservices.beans.ClientServiceBean.deleteClient(ClientServiceBean.java:475)
	at com.topcoder.clients.webservices.failuretests.ClientServiceBeanFailureTest.testDeleteClient_Errors2(ClientServiceBeanFailureTest.java:845)
	at sun.reflect.NativeMethodAccessorImpl.invoke0(Native Method)
	at sun.reflect.NativeMethodAccessorImpl.invoke(NativeMethodAccessorImpl.java:39)
	at sun.reflect.DelegatingMethodAccessorImpl.invoke(DelegatingMethodAccessorImpl.java:25)
	at java.lang.reflect.Method.invoke(Method.java:585)
	at junit.framework.TestCase.runTest(TestCase.java:164)
	at junit.framework.TestCase.runBare(TestCase.java:130)
	at junit.framework.TestResult$1.protect(TestResult.java:106)
	at junit.framework.TestResult.runProtected(TestResult.java:124)
	at junit.framework.TestResult.run(TestResult.java:109)
	at junit.framework.TestCase.run(TestCase.java:120)
	at junit.framework.TestSuite.runTest(TestSuite.java:230)
	at junit.framework.TestSuite.run(TestSuite.java:225)
	at junit.framework.TestSuite.runTest(TestSuite.java:230)
	at junit.framework.TestSuite.run(TestSuite.java:225)
	at junit.framework.TestSuite.runTest(TestSuite.java:230)
	at junit.framework.TestSuite.run(TestSuite.java:225)
	at org.apache.tools.ant.taskdefs.optional.junit.JUnitTestRunner.run(JUnitTestRunner.java:421)
	at org.apache.tools.ant.taskdefs.optional.junit.JUnitTestRunner.launch(JUnitTestRunner.java:912)
	at org.apache.tools.ant.taskdefs.optional.junit.JUnitTestRunner.main(JUnitTestRunner.java:766)
Caused by: com.topcoder.clients.manager.ClientManagerException: Test exception
	at com.topcoder.clients.webservices.failuretests.mock.MockClientManager.checkFail(MockClientManager.java:345)
	at com.topcoder.clients.webservices.failuretests.mock.MockClientManager.deleteClient(MockClientManager.java:111)
	at com.topcoder.clients.webservices.beans.BeanUtils.deleteOperation(BeanUtils.java:417)
	at com.topcoder.clients.webservices.beans.ClientServiceBean.deleteClient(ClientServiceBean.java:472)
	... 20 more
Exiting: com.topcoder.clients.webservices.beans.ClientServiceBean#deleteClient(Client client)
Entering: com.topcoder.clients.webservices.beans.ClientServiceBean#setClientCodeName(Client client, String name)
Passing entity cannot be null.
java.lang.IllegalArgumentException: Passing entity cannot be null.
	at com.topcoder.util.errorhandling.ExceptionUtils.checkNull(ExceptionUtils.java:173)
	at com.topcoder.clients.webservices.beans.BeanUtils.validateCaller(BeanUtils.java:226)
	at com.topcoder.clients.webservices.beans.ClientServiceBean.setClientCodeName(ClientServiceBean.java:523)
	at com.topcoder.clients.webservices.failuretests.ClientServiceBeanFailureTest.testSetClientCodeName_InvalidArguments1(ClientServiceBeanFailureTest.java:864)
	at sun.reflect.NativeMethodAccessorImpl.invoke0(Native Method)
	at sun.reflect.NativeMethodAccessorImpl.invoke(NativeMethodAccessorImpl.java:39)
	at sun.reflect.DelegatingMethodAccessorImpl.invoke(DelegatingMethodAccessorImpl.java:25)
	at java.lang.reflect.Method.invoke(Method.java:585)
	at junit.framework.TestCase.runTest(TestCase.java:164)
	at junit.framework.TestCase.runBare(TestCase.java:130)
	at junit.framework.TestResult$1.protect(TestResult.java:106)
	at junit.framework.TestResult.runProtected(TestResult.java:124)
	at junit.framework.TestResult.run(TestResult.java:109)
	at junit.framework.TestCase.run(TestCase.java:120)
	at junit.framework.TestSuite.runTest(TestSuite.java:230)
	at junit.framework.TestSuite.run(TestSuite.java:225)
	at junit.framework.TestSuite.runTest(TestSuite.java:230)
	at junit.framework.TestSuite.run(TestSuite.java:225)
	at junit.framework.TestSuite.runTest(TestSuite.java:230)
	at junit.framework.TestSuite.run(TestSuite.java:225)
	at org.apache.tools.ant.taskdefs.optional.junit.JUnitTestRunner.run(JUnitTestRunner.java:421)
	at org.apache.tools.ant.taskdefs.optional.junit.JUnitTestRunner.launch(JUnitTestRunner.java:912)
	at org.apache.tools.ant.taskdefs.optional.junit.JUnitTestRunner.main(JUnitTestRunner.java:766)
Exiting: com.topcoder.clients.webservices.beans.ClientServiceBean#setClientCodeName(Client client, String name)
Entering: com.topcoder.clients.webservices.beans.ClientServiceBean#setClientCodeName(Client client, String name)
Argument [name] cannot be null or empty string.
java.lang.IllegalArgumentException: Argument [name] cannot be null or empty string.
	at com.topcoder.util.errorhandling.ExceptionUtils.checkNullOrEmpty(ExceptionUtils.java:200)
	at com.topcoder.clients.webservices.beans.ClientServiceBean.setClientCodeName(ClientServiceBean.java:529)
	at com.topcoder.clients.webservices.failuretests.ClientServiceBeanFailureTest.testSetClientCodeName_InvalidArguments2(ClientServiceBeanFailureTest.java:883)
	at sun.reflect.NativeMethodAccessorImpl.invoke0(Native Method)
	at sun.reflect.NativeMethodAccessorImpl.invoke(NativeMethodAccessorImpl.java:39)
	at sun.reflect.DelegatingMethodAccessorImpl.invoke(DelegatingMethodAccessorImpl.java:25)
	at java.lang.reflect.Method.invoke(Method.java:585)
	at junit.framework.TestCase.runTest(TestCase.java:164)
	at junit.framework.TestCase.runBare(TestCase.java:130)
	at junit.framework.TestResult$1.protect(TestResult.java:106)
	at junit.framework.TestResult.runProtected(TestResult.java:124)
	at junit.framework.TestResult.run(TestResult.java:109)
	at junit.framework.TestCase.run(TestCase.java:120)
	at junit.framework.TestSuite.runTest(TestSuite.java:230)
	at junit.framework.TestSuite.run(TestSuite.java:225)
	at junit.framework.TestSuite.runTest(TestSuite.java:230)
	at junit.framework.TestSuite.run(TestSuite.java:225)
	at junit.framework.TestSuite.runTest(TestSuite.java:230)
	at junit.framework.TestSuite.run(TestSuite.java:225)
	at org.apache.tools.ant.taskdefs.optional.junit.JUnitTestRunner.run(JUnitTestRunner.java:421)
	at org.apache.tools.ant.taskdefs.optional.junit.JUnitTestRunner.launch(JUnitTestRunner.java:912)
	at org.apache.tools.ant.taskdefs.optional.junit.JUnitTestRunner.main(JUnitTestRunner.java:766)
Exiting: com.topcoder.clients.webservices.beans.ClientServiceBean#setClientCodeName(Client client, String name)
Entering: com.topcoder.clients.webservices.beans.ClientServiceBean#setClientCodeName(Client client, String name)
Argument [name] cannot be null or empty string.
java.lang.IllegalArgumentException: Argument [name] cannot be null or empty string.
	at com.topcoder.util.errorhandling.ExceptionUtils.checkNullOrEmpty(ExceptionUtils.java:200)
	at com.topcoder.clients.webservices.beans.ClientServiceBean.setClientCodeName(ClientServiceBean.java:529)
	at com.topcoder.clients.webservices.failuretests.ClientServiceBeanFailureTest.testSetClientCodeName_InvalidArguments3(ClientServiceBeanFailureTest.java:902)
	at sun.reflect.NativeMethodAccessorImpl.invoke0(Native Method)
	at sun.reflect.NativeMethodAccessorImpl.invoke(NativeMethodAccessorImpl.java:39)
	at sun.reflect.DelegatingMethodAccessorImpl.invoke(DelegatingMethodAccessorImpl.java:25)
	at java.lang.reflect.Method.invoke(Method.java:585)
	at junit.framework.TestCase.runTest(TestCase.java:164)
	at junit.framework.TestCase.runBare(TestCase.java:130)
	at junit.framework.TestResult$1.protect(TestResult.java:106)
	at junit.framework.TestResult.runProtected(TestResult.java:124)
	at junit.framework.TestResult.run(TestResult.java:109)
	at junit.framework.TestCase.run(TestCase.java:120)
	at junit.framework.TestSuite.runTest(TestSuite.java:230)
	at junit.framework.TestSuite.run(TestSuite.java:225)
	at junit.framework.TestSuite.runTest(TestSuite.java:230)
	at junit.framework.TestSuite.run(TestSuite.java:225)
	at junit.framework.TestSuite.runTest(TestSuite.java:230)
	at junit.framework.TestSuite.run(TestSuite.java:225)
	at org.apache.tools.ant.taskdefs.optional.junit.JUnitTestRunner.run(JUnitTestRunner.java:421)
	at org.apache.tools.ant.taskdefs.optional.junit.JUnitTestRunner.launch(JUnitTestRunner.java:912)
	at org.apache.tools.ant.taskdefs.optional.junit.JUnitTestRunner.main(JUnitTestRunner.java:766)
Exiting: com.topcoder.clients.webservices.beans.ClientServiceBean#setClientCodeName(Client client, String name)
Entering: com.topcoder.clients.webservices.beans.ClientServiceBean#setClientCodeName(Client client, String name)
Property 'ClientManager' has null state. Check your configuration again !!!
java.lang.IllegalStateException: Property 'ClientManager' has null state. Check your configuration again !!!
	at com.topcoder.clients.webservices.beans.BeanUtils.checkState(BeanUtils.java:465)
	at com.topcoder.clients.webservices.beans.ClientServiceBean.setClientCodeName(ClientServiceBean.java:527)
	at com.topcoder.clients.webservices.failuretests.ClientServiceBeanFailureTest.testSetClientCodeName_InvalidStates1(ClientServiceBeanFailureTest.java:923)
	at sun.reflect.NativeMethodAccessorImpl.invoke0(Native Method)
	at sun.reflect.NativeMethodAccessorImpl.invoke(NativeMethodAccessorImpl.java:39)
	at sun.reflect.DelegatingMethodAccessorImpl.invoke(DelegatingMethodAccessorImpl.java:25)
	at java.lang.reflect.Method.invoke(Method.java:585)
	at junit.framework.TestCase.runTest(TestCase.java:164)
	at junit.framework.TestCase.runBare(TestCase.java:130)
	at junit.framework.TestResult$1.protect(TestResult.java:106)
	at junit.framework.TestResult.runProtected(TestResult.java:124)
	at junit.framework.TestResult.run(TestResult.java:109)
	at junit.framework.TestCase.run(TestCase.java:120)
	at junit.framework.TestSuite.runTest(TestSuite.java:230)
	at junit.framework.TestSuite.run(TestSuite.java:225)
	at junit.framework.TestSuite.runTest(TestSuite.java:230)
	at junit.framework.TestSuite.run(TestSuite.java:225)
	at junit.framework.TestSuite.runTest(TestSuite.java:230)
	at junit.framework.TestSuite.run(TestSuite.java:225)
	at org.apache.tools.ant.taskdefs.optional.junit.JUnitTestRunner.run(JUnitTestRunner.java:421)
	at org.apache.tools.ant.taskdefs.optional.junit.JUnitTestRunner.launch(JUnitTestRunner.java:912)
	at org.apache.tools.ant.taskdefs.optional.junit.JUnitTestRunner.main(JUnitTestRunner.java:766)
Exiting: com.topcoder.clients.webservices.beans.ClientServiceBean#setClientCodeName(Client client, String name)
Entering: com.topcoder.clients.webservices.beans.ClientServiceBean#setClientCodeName(Client client, String name)
Property 'UserMappingRetriever' has null state. Check your configuration again !!!
java.lang.IllegalStateException: Property 'UserMappingRetriever' has null state. Check your configuration again !!!
	at com.topcoder.clients.webservices.beans.BeanUtils.checkState(BeanUtils.java:465)
	at com.topcoder.clients.webservices.beans.BeanUtils.validateCaller(BeanUtils.java:225)
	at com.topcoder.clients.webservices.beans.ClientServiceBean.setClientCodeName(ClientServiceBean.java:523)
	at com.topcoder.clients.webservices.failuretests.ClientServiceBeanFailureTest.testSetClientCodeName_InvalidStates2(ClientServiceBeanFailureTest.java:944)
	at sun.reflect.NativeMethodAccessorImpl.invoke0(Native Method)
	at sun.reflect.NativeMethodAccessorImpl.invoke(NativeMethodAccessorImpl.java:39)
	at sun.reflect.DelegatingMethodAccessorImpl.invoke(DelegatingMethodAccessorImpl.java:25)
	at java.lang.reflect.Method.invoke(Method.java:585)
	at junit.framework.TestCase.runTest(TestCase.java:164)
	at junit.framework.TestCase.runBare(TestCase.java:130)
	at junit.framework.TestResult$1.protect(TestResult.java:106)
	at junit.framework.TestResult.runProtected(TestResult.java:124)
	at junit.framework.TestResult.run(TestResult.java:109)
	at junit.framework.TestCase.run(TestCase.java:120)
	at junit.framework.TestSuite.runTest(TestSuite.java:230)
	at junit.framework.TestSuite.run(TestSuite.java:225)
	at junit.framework.TestSuite.runTest(TestSuite.java:230)
	at junit.framework.TestSuite.run(TestSuite.java:225)
	at junit.framework.TestSuite.runTest(TestSuite.java:230)
	at junit.framework.TestSuite.run(TestSuite.java:225)
	at org.apache.tools.ant.taskdefs.optional.junit.JUnitTestRunner.run(JUnitTestRunner.java:421)
	at org.apache.tools.ant.taskdefs.optional.junit.JUnitTestRunner.launch(JUnitTestRunner.java:912)
	at org.apache.tools.ant.taskdefs.optional.junit.JUnitTestRunner.main(JUnitTestRunner.java:766)
Exiting: com.topcoder.clients.webservices.beans.ClientServiceBean#setClientCodeName(Client client, String name)
Entering: com.topcoder.clients.webservices.beans.ClientServiceBean#setClientCodeName(Client client, String name)
Not has authorization to perform operation: com.topcoder.clients.webservices.beans.ClientServiceBean#setClientCodeName(Client client, String name)
com.topcoder.clients.webservices.beans.AuthorizationFailedException: Not has authorization to perform operation: com.topcoder.clients.webservices.beans.ClientServiceBean#setClientCodeName(Client client, String name)
	at com.topcoder.clients.webservices.beans.BeanUtils.validateCaller(BeanUtils.java:262)
	at com.topcoder.clients.webservices.beans.ClientServiceBean.setClientCodeName(ClientServiceBean.java:523)
	at com.topcoder.clients.webservices.failuretests.ClientServiceBeanFailureTest.testSetClientCodeName_InvalidAuthorizations1(ClientServiceBeanFailureTest.java:966)
	at sun.reflect.NativeMethodAccessorImpl.invoke0(Native Method)
	at sun.reflect.NativeMethodAccessorImpl.invoke(NativeMethodAccessorImpl.java:39)
	at sun.reflect.DelegatingMethodAccessorImpl.invoke(DelegatingMethodAccessorImpl.java:25)
	at java.lang.reflect.Method.invoke(Method.java:585)
	at junit.framework.TestCase.runTest(TestCase.java:164)
	at junit.framework.TestCase.runBare(TestCase.java:130)
	at junit.framework.TestResult$1.protect(TestResult.java:106)
	at junit.framework.TestResult.runProtected(TestResult.java:124)
	at junit.framework.TestResult.run(TestResult.java:109)
	at junit.framework.TestCase.run(TestCase.java:120)
	at junit.framework.TestSuite.runTest(TestSuite.java:230)
	at junit.framework.TestSuite.run(TestSuite.java:225)
	at junit.framework.TestSuite.runTest(TestSuite.java:230)
	at junit.framework.TestSuite.run(TestSuite.java:225)
	at junit.framework.TestSuite.runTest(TestSuite.java:230)
	at junit.framework.TestSuite.run(TestSuite.java:225)
	at org.apache.tools.ant.taskdefs.optional.junit.JUnitTestRunner.run(JUnitTestRunner.java:421)
	at org.apache.tools.ant.taskdefs.optional.junit.JUnitTestRunner.launch(JUnitTestRunner.java:912)
	at org.apache.tools.ant.taskdefs.optional.junit.JUnitTestRunner.main(JUnitTestRunner.java:766)
Exiting: com.topcoder.clients.webservices.beans.ClientServiceBean#setClientCodeName(Client client, String name)
Entering: com.topcoder.clients.webservices.beans.ClientServiceBean#setClientCodeName(Client client, String name)
Not has authorization to perform operation: com.topcoder.clients.webservices.beans.ClientServiceBean#setClientCodeName(Client client, String name)
com.topcoder.clients.webservices.beans.AuthorizationFailedException: Not has authorization to perform operation: com.topcoder.clients.webservices.beans.ClientServiceBean#setClientCodeName(Client client, String name)
	at com.topcoder.clients.webservices.beans.BeanUtils.validateCaller(BeanUtils.java:262)
	at com.topcoder.clients.webservices.beans.ClientServiceBean.setClientCodeName(ClientServiceBean.java:523)
	at com.topcoder.clients.webservices.failuretests.ClientServiceBeanFailureTest.testSetClientCodeName_InvalidAuthorizations2(ClientServiceBeanFailureTest.java:987)
	at sun.reflect.NativeMethodAccessorImpl.invoke0(Native Method)
	at sun.reflect.NativeMethodAccessorImpl.invoke(NativeMethodAccessorImpl.java:39)
	at sun.reflect.DelegatingMethodAccessorImpl.invoke(DelegatingMethodAccessorImpl.java:25)
	at java.lang.reflect.Method.invoke(Method.java:585)
	at junit.framework.TestCase.runTest(TestCase.java:164)
	at junit.framework.TestCase.runBare(TestCase.java:130)
	at junit.framework.TestResult$1.protect(TestResult.java:106)
	at junit.framework.TestResult.runProtected(TestResult.java:124)
	at junit.framework.TestResult.run(TestResult.java:109)
	at junit.framework.TestCase.run(TestCase.java:120)
	at junit.framework.TestSuite.runTest(TestSuite.java:230)
	at junit.framework.TestSuite.run(TestSuite.java:225)
	at junit.framework.TestSuite.runTest(TestSuite.java:230)
	at junit.framework.TestSuite.run(TestSuite.java:225)
	at junit.framework.TestSuite.runTest(TestSuite.java:230)
	at junit.framework.TestSuite.run(TestSuite.java:225)
	at org.apache.tools.ant.taskdefs.optional.junit.JUnitTestRunner.run(JUnitTestRunner.java:421)
	at org.apache.tools.ant.taskdefs.optional.junit.JUnitTestRunner.launch(JUnitTestRunner.java:912)
	at org.apache.tools.ant.taskdefs.optional.junit.JUnitTestRunner.main(JUnitTestRunner.java:766)
Exiting: com.topcoder.clients.webservices.beans.ClientServiceBean#setClientCodeName(Client client, String name)
Entering: com.topcoder.clients.webservices.beans.ClientServiceBean#setClientCodeName(Client client, String name)
Fail in user mapping retrieval.
com.topcoder.clients.webservices.beans.AuthorizationFailedException: Fail in user mapping retrieval.
	at com.topcoder.clients.webservices.beans.BeanUtils.validateCaller(BeanUtils.java:267)
	at com.topcoder.clients.webservices.beans.ClientServiceBean.setClientCodeName(ClientServiceBean.java:523)
	at com.topcoder.clients.webservices.failuretests.ClientServiceBeanFailureTest.testSetClientCodeName_InvalidAuthorizations3(ClientServiceBeanFailureTest.java:1009)
	at sun.reflect.NativeMethodAccessorImpl.invoke0(Native Method)
	at sun.reflect.NativeMethodAccessorImpl.invoke(NativeMethodAccessorImpl.java:39)
	at sun.reflect.DelegatingMethodAccessorImpl.invoke(DelegatingMethodAccessorImpl.java:25)
	at java.lang.reflect.Method.invoke(Method.java:585)
	at junit.framework.TestCase.runTest(TestCase.java:164)
	at junit.framework.TestCase.runBare(TestCase.java:130)
	at junit.framework.TestResult$1.protect(TestResult.java:106)
	at junit.framework.TestResult.runProtected(TestResult.java:124)
	at junit.framework.TestResult.run(TestResult.java:109)
	at junit.framework.TestCase.run(TestCase.java:120)
	at junit.framework.TestSuite.runTest(TestSuite.java:230)
	at junit.framework.TestSuite.run(TestSuite.java:225)
	at junit.framework.TestSuite.runTest(TestSuite.java:230)
	at junit.framework.TestSuite.run(TestSuite.java:225)
	at junit.framework.TestSuite.runTest(TestSuite.java:230)
	at junit.framework.TestSuite.run(TestSuite.java:225)
	at org.apache.tools.ant.taskdefs.optional.junit.JUnitTestRunner.run(JUnitTestRunner.java:421)
	at org.apache.tools.ant.taskdefs.optional.junit.JUnitTestRunner.launch(JUnitTestRunner.java:912)
	at org.apache.tools.ant.taskdefs.optional.junit.JUnitTestRunner.main(JUnitTestRunner.java:766)
Caused by: com.topcoder.clients.webservices.usermapping.UserMappingRetrievalException: for test.
	at com.topcoder.clients.webservices.failuretests.mock.MockUserMappingRetriever.checkFail(MockUserMappingRetriever.java:123)
	at com.topcoder.clients.webservices.failuretests.mock.MockUserMappingRetriever.getValidUsersForClient(MockUserMappingRetriever.java:91)
	at com.topcoder.clients.webservices.beans.BeanUtils.validateCaller(BeanUtils.java:250)
	... 21 more
Exiting: com.topcoder.clients.webservices.beans.ClientServiceBean#setClientCodeName(Client client, String name)
Entering: com.topcoder.clients.webservices.beans.ClientServiceBean#setClientCodeName(Client client, String name)
Received invalid argument.
com.topcoder.clients.webservices.ClientServiceException: Received invalid argument.
	at com.topcoder.clients.webservices.beans.ClientServiceBean.setClientCodeNameOrStatus(ClientServiceBean.java:676)
	at com.topcoder.clients.webservices.beans.ClientServiceBean.setClientCodeName(ClientServiceBean.java:535)
	at com.topcoder.clients.webservices.failuretests.ClientServiceBeanFailureTest.testSetClientCodeName_Errors1(ClientServiceBeanFailureTest.java:1029)
	at sun.reflect.NativeMethodAccessorImpl.invoke0(Native Method)
	at sun.reflect.NativeMethodAccessorImpl.invoke(NativeMethodAccessorImpl.java:39)
	at sun.reflect.DelegatingMethodAccessorImpl.invoke(DelegatingMethodAccessorImpl.java:25)
	at java.lang.reflect.Method.invoke(Method.java:585)
	at junit.framework.TestCase.runTest(TestCase.java:164)
	at junit.framework.TestCase.runBare(TestCase.java:130)
	at junit.framework.TestResult$1.protect(TestResult.java:106)
	at junit.framework.TestResult.runProtected(TestResult.java:124)
	at junit.framework.TestResult.run(TestResult.java:109)
	at junit.framework.TestCase.run(TestCase.java:120)
	at junit.framework.TestSuite.runTest(TestSuite.java:230)
	at junit.framework.TestSuite.run(TestSuite.java:225)
	at junit.framework.TestSuite.runTest(TestSuite.java:230)
	at junit.framework.TestSuite.run(TestSuite.java:225)
	at junit.framework.TestSuite.runTest(TestSuite.java:230)
	at junit.framework.TestSuite.run(TestSuite.java:225)
	at org.apache.tools.ant.taskdefs.optional.junit.JUnitTestRunner.run(JUnitTestRunner.java:421)
	at org.apache.tools.ant.taskdefs.optional.junit.JUnitTestRunner.launch(JUnitTestRunner.java:912)
	at org.apache.tools.ant.taskdefs.optional.junit.JUnitTestRunner.main(JUnitTestRunner.java:766)
Caused by: java.lang.IllegalArgumentException: Test exception
	at com.topcoder.clients.webservices.failuretests.mock.MockClientManager.checkFail(MockClientManager.java:349)
	at com.topcoder.clients.webservices.failuretests.mock.MockClientManager.setClientCodeName(MockClientManager.java:271)
	at com.topcoder.clients.webservices.beans.ClientServiceBean.setClientCodeNameOrStatus(ClientServiceBean.java:673)
	... 21 more
Exiting: com.topcoder.clients.webservices.beans.ClientServiceBean#setClientCodeName(Client client, String name)
Entering: com.topcoder.clients.webservices.beans.ClientServiceBean#setClientCodeName(Client client, String name)
Fail perform operation.
com.topcoder.clients.webservices.ClientServiceException: Fail perform operation.
	at com.topcoder.clients.webservices.beans.ClientServiceBean.setClientCodeNameOrStatus(ClientServiceBean.java:678)
	at com.topcoder.clients.webservices.beans.ClientServiceBean.setClientCodeName(ClientServiceBean.java:535)
	at com.topcoder.clients.webservices.failuretests.ClientServiceBeanFailureTest.testSetClientCodeName_Errors2(ClientServiceBeanFailureTest.java:1049)
	at sun.reflect.NativeMethodAccessorImpl.invoke0(Native Method)
	at sun.reflect.NativeMethodAccessorImpl.invoke(NativeMethodAccessorImpl.java:39)
	at sun.reflect.DelegatingMethodAccessorImpl.invoke(DelegatingMethodAccessorImpl.java:25)
	at java.lang.reflect.Method.invoke(Method.java:585)
	at junit.framework.TestCase.runTest(TestCase.java:164)
	at junit.framework.TestCase.runBare(TestCase.java:130)
	at junit.framework.TestResult$1.protect(TestResult.java:106)
	at junit.framework.TestResult.runProtected(TestResult.java:124)
	at junit.framework.TestResult.run(TestResult.java:109)
	at junit.framework.TestCase.run(TestCase.java:120)
	at junit.framework.TestSuite.runTest(TestSuite.java:230)
	at junit.framework.TestSuite.run(TestSuite.java:225)
	at junit.framework.TestSuite.runTest(TestSuite.java:230)
	at junit.framework.TestSuite.run(TestSuite.java:225)
	at junit.framework.TestSuite.runTest(TestSuite.java:230)
	at junit.framework.TestSuite.run(TestSuite.java:225)
	at org.apache.tools.ant.taskdefs.optional.junit.JUnitTestRunner.run(JUnitTestRunner.java:421)
	at org.apache.tools.ant.taskdefs.optional.junit.JUnitTestRunner.launch(JUnitTestRunner.java:912)
	at org.apache.tools.ant.taskdefs.optional.junit.JUnitTestRunner.main(JUnitTestRunner.java:766)
Caused by: com.topcoder.clients.manager.ClientManagerException: Test exception
	at com.topcoder.clients.webservices.failuretests.mock.MockClientManager.checkFail(MockClientManager.java:345)
	at com.topcoder.clients.webservices.failuretests.mock.MockClientManager.setClientCodeName(MockClientManager.java:271)
	at com.topcoder.clients.webservices.beans.ClientServiceBean.setClientCodeNameOrStatus(ClientServiceBean.java:673)
	... 21 more
Exiting: com.topcoder.clients.webservices.beans.ClientServiceBean#setClientCodeName(Client client, String name)
Entering: com.topcoder.clients.webservices.beans.ClientServiceBean#setClientStatus(Client client, ClientStatus status)
Passing entity cannot be null.
java.lang.IllegalArgumentException: Passing entity cannot be null.
	at com.topcoder.util.errorhandling.ExceptionUtils.checkNull(ExceptionUtils.java:173)
	at com.topcoder.clients.webservices.beans.BeanUtils.validateCaller(BeanUtils.java:226)
	at com.topcoder.clients.webservices.beans.ClientServiceBean.setClientStatus(ClientServiceBean.java:585)
	at com.topcoder.clients.webservices.failuretests.ClientServiceBeanFailureTest.testSetClientStatus_InvalidArguments1(ClientServiceBeanFailureTest.java:1068)
	at sun.reflect.NativeMethodAccessorImpl.invoke0(Native Method)
	at sun.reflect.NativeMethodAccessorImpl.invoke(NativeMethodAccessorImpl.java:39)
	at sun.reflect.DelegatingMethodAccessorImpl.invoke(DelegatingMethodAccessorImpl.java:25)
	at java.lang.reflect.Method.invoke(Method.java:585)
	at junit.framework.TestCase.runTest(TestCase.java:164)
	at junit.framework.TestCase.runBare(TestCase.java:130)
	at junit.framework.TestResult$1.protect(TestResult.java:106)
	at junit.framework.TestResult.runProtected(TestResult.java:124)
	at junit.framework.TestResult.run(TestResult.java:109)
	at junit.framework.TestCase.run(TestCase.java:120)
	at junit.framework.TestSuite.runTest(TestSuite.java:230)
	at junit.framework.TestSuite.run(TestSuite.java:225)
	at junit.framework.TestSuite.runTest(TestSuite.java:230)
	at junit.framework.TestSuite.run(TestSuite.java:225)
	at junit.framework.TestSuite.runTest(TestSuite.java:230)
	at junit.framework.TestSuite.run(TestSuite.java:225)
	at org.apache.tools.ant.taskdefs.optional.junit.JUnitTestRunner.run(JUnitTestRunner.java:421)
	at org.apache.tools.ant.taskdefs.optional.junit.JUnitTestRunner.launch(JUnitTestRunner.java:912)
	at org.apache.tools.ant.taskdefs.optional.junit.JUnitTestRunner.main(JUnitTestRunner.java:766)
Exiting: com.topcoder.clients.webservices.beans.ClientServiceBean#setClientStatus(Client client, ClientStatus status)
Entering: com.topcoder.clients.webservices.beans.ClientServiceBean#setClientStatus(Client client, ClientStatus status)
Argument [status] cannot be null or empty string.
java.lang.IllegalArgumentException: Argument [status] cannot be null or empty string.
	at com.topcoder.util.errorhandling.ExceptionUtils.checkNull(ExceptionUtils.java:173)
	at com.topcoder.clients.webservices.beans.ClientServiceBean.setClientStatus(ClientServiceBean.java:591)
	at com.topcoder.clients.webservices.failuretests.ClientServiceBeanFailureTest.testSetClientStatus_InvalidArguments2(ClientServiceBeanFailureTest.java:1087)
	at sun.reflect.NativeMethodAccessorImpl.invoke0(Native Method)
	at sun.reflect.NativeMethodAccessorImpl.invoke(NativeMethodAccessorImpl.java:39)
	at sun.reflect.DelegatingMethodAccessorImpl.invoke(DelegatingMethodAccessorImpl.java:25)
	at java.lang.reflect.Method.invoke(Method.java:585)
	at junit.framework.TestCase.runTest(TestCase.java:164)
	at junit.framework.TestCase.runBare(TestCase.java:130)
	at junit.framework.TestResult$1.protect(TestResult.java:106)
	at junit.framework.TestResult.runProtected(TestResult.java:124)
	at junit.framework.TestResult.run(TestResult.java:109)
	at junit.framework.TestCase.run(TestCase.java:120)
	at junit.framework.TestSuite.runTest(TestSuite.java:230)
	at junit.framework.TestSuite.run(TestSuite.java:225)
	at junit.framework.TestSuite.runTest(TestSuite.java:230)
	at junit.framework.TestSuite.run(TestSuite.java:225)
	at junit.framework.TestSuite.runTest(TestSuite.java:230)
	at junit.framework.TestSuite.run(TestSuite.java:225)
	at org.apache.tools.ant.taskdefs.optional.junit.JUnitTestRunner.run(JUnitTestRunner.java:421)
	at org.apache.tools.ant.taskdefs.optional.junit.JUnitTestRunner.launch(JUnitTestRunner.java:912)
	at org.apache.tools.ant.taskdefs.optional.junit.JUnitTestRunner.main(JUnitTestRunner.java:766)
Exiting: com.topcoder.clients.webservices.beans.ClientServiceBean#setClientStatus(Client client, ClientStatus status)
Entering: com.topcoder.clients.webservices.beans.ClientServiceBean#setClientStatus(Client client, ClientStatus status)
Property 'ClientManager' has null state. Check your configuration again !!!
java.lang.IllegalStateException: Property 'ClientManager' has null state. Check your configuration again !!!
	at com.topcoder.clients.webservices.beans.BeanUtils.checkState(BeanUtils.java:465)
	at com.topcoder.clients.webservices.beans.ClientServiceBean.setClientStatus(ClientServiceBean.java:589)
	at com.topcoder.clients.webservices.failuretests.ClientServiceBeanFailureTest.testSetClientStatus_InvalidStates1(ClientServiceBeanFailureTest.java:1107)
	at sun.reflect.NativeMethodAccessorImpl.invoke0(Native Method)
	at sun.reflect.NativeMethodAccessorImpl.invoke(NativeMethodAccessorImpl.java:39)
	at sun.reflect.DelegatingMethodAccessorImpl.invoke(DelegatingMethodAccessorImpl.java:25)
	at java.lang.reflect.Method.invoke(Method.java:585)
	at junit.framework.TestCase.runTest(TestCase.java:164)
	at junit.framework.TestCase.runBare(TestCase.java:130)
	at junit.framework.TestResult$1.protect(TestResult.java:106)
	at junit.framework.TestResult.runProtected(TestResult.java:124)
	at junit.framework.TestResult.run(TestResult.java:109)
	at junit.framework.TestCase.run(TestCase.java:120)
	at junit.framework.TestSuite.runTest(TestSuite.java:230)
	at junit.framework.TestSuite.run(TestSuite.java:225)
	at junit.framework.TestSuite.runTest(TestSuite.java:230)
	at junit.framework.TestSuite.run(TestSuite.java:225)
	at junit.framework.TestSuite.runTest(TestSuite.java:230)
	at junit.framework.TestSuite.run(TestSuite.java:225)
	at org.apache.tools.ant.taskdefs.optional.junit.JUnitTestRunner.run(JUnitTestRunner.java:421)
	at org.apache.tools.ant.taskdefs.optional.junit.JUnitTestRunner.launch(JUnitTestRunner.java:912)
	at org.apache.tools.ant.taskdefs.optional.junit.JUnitTestRunner.main(JUnitTestRunner.java:766)
Exiting: com.topcoder.clients.webservices.beans.ClientServiceBean#setClientStatus(Client client, ClientStatus status)
Entering: com.topcoder.clients.webservices.beans.ClientServiceBean#setClientStatus(Client client, ClientStatus status)
Property 'UserMappingRetriever' has null state. Check your configuration again !!!
java.lang.IllegalStateException: Property 'UserMappingRetriever' has null state. Check your configuration again !!!
	at com.topcoder.clients.webservices.beans.BeanUtils.checkState(BeanUtils.java:465)
	at com.topcoder.clients.webservices.beans.BeanUtils.validateCaller(BeanUtils.java:225)
	at com.topcoder.clients.webservices.beans.ClientServiceBean.setClientStatus(ClientServiceBean.java:585)
	at com.topcoder.clients.webservices.failuretests.ClientServiceBeanFailureTest.testSetClientStatus_InvalidStates2(ClientServiceBeanFailureTest.java:1127)
	at sun.reflect.NativeMethodAccessorImpl.invoke0(Native Method)
	at sun.reflect.NativeMethodAccessorImpl.invoke(NativeMethodAccessorImpl.java:39)
	at sun.reflect.DelegatingMethodAccessorImpl.invoke(DelegatingMethodAccessorImpl.java:25)
	at java.lang.reflect.Method.invoke(Method.java:585)
	at junit.framework.TestCase.runTest(TestCase.java:164)
	at junit.framework.TestCase.runBare(TestCase.java:130)
	at junit.framework.TestResult$1.protect(TestResult.java:106)
	at junit.framework.TestResult.runProtected(TestResult.java:124)
	at junit.framework.TestResult.run(TestResult.java:109)
	at junit.framework.TestCase.run(TestCase.java:120)
	at junit.framework.TestSuite.runTest(TestSuite.java:230)
	at junit.framework.TestSuite.run(TestSuite.java:225)
	at junit.framework.TestSuite.runTest(TestSuite.java:230)
	at junit.framework.TestSuite.run(TestSuite.java:225)
	at junit.framework.TestSuite.runTest(TestSuite.java:230)
	at junit.framework.TestSuite.run(TestSuite.java:225)
	at org.apache.tools.ant.taskdefs.optional.junit.JUnitTestRunner.run(JUnitTestRunner.java:421)
	at org.apache.tools.ant.taskdefs.optional.junit.JUnitTestRunner.launch(JUnitTestRunner.java:912)
	at org.apache.tools.ant.taskdefs.optional.junit.JUnitTestRunner.main(JUnitTestRunner.java:766)
Exiting: com.topcoder.clients.webservices.beans.ClientServiceBean#setClientStatus(Client client, ClientStatus status)
Entering: com.topcoder.clients.webservices.beans.ClientServiceBean#setClientStatus(Client client, ClientStatus status)
Not has authorization to perform operation: com.topcoder.clients.webservices.beans.ClientServiceBean#setClientStatus(Client client, ClientStatus status)
com.topcoder.clients.webservices.beans.AuthorizationFailedException: Not has authorization to perform operation: com.topcoder.clients.webservices.beans.ClientServiceBean#setClientStatus(Client client, ClientStatus status)
	at com.topcoder.clients.webservices.beans.BeanUtils.validateCaller(BeanUtils.java:262)
	at com.topcoder.clients.webservices.beans.ClientServiceBean.setClientStatus(ClientServiceBean.java:585)
	at com.topcoder.clients.webservices.failuretests.ClientServiceBeanFailureTest.testSetClientStatus_InvalidAuthorizations1(ClientServiceBeanFailureTest.java:1149)
	at sun.reflect.NativeMethodAccessorImpl.invoke0(Native Method)
	at sun.reflect.NativeMethodAccessorImpl.invoke(NativeMethodAccessorImpl.java:39)
	at sun.reflect.DelegatingMethodAccessorImpl.invoke(DelegatingMethodAccessorImpl.java:25)
	at java.lang.reflect.Method.invoke(Method.java:585)
	at junit.framework.TestCase.runTest(TestCase.java:164)
	at junit.framework.TestCase.runBare(TestCase.java:130)
	at junit.framework.TestResult$1.protect(TestResult.java:106)
	at junit.framework.TestResult.runProtected(TestResult.java:124)
	at junit.framework.TestResult.run(TestResult.java:109)
	at junit.framework.TestCase.run(TestCase.java:120)
	at junit.framework.TestSuite.runTest(TestSuite.java:230)
	at junit.framework.TestSuite.run(TestSuite.java:225)
	at junit.framework.TestSuite.runTest(TestSuite.java:230)
	at junit.framework.TestSuite.run(TestSuite.java:225)
	at junit.framework.TestSuite.runTest(TestSuite.java:230)
	at junit.framework.TestSuite.run(TestSuite.java:225)
	at org.apache.tools.ant.taskdefs.optional.junit.JUnitTestRunner.run(JUnitTestRunner.java:421)
	at org.apache.tools.ant.taskdefs.optional.junit.JUnitTestRunner.launch(JUnitTestRunner.java:912)
	at org.apache.tools.ant.taskdefs.optional.junit.JUnitTestRunner.main(JUnitTestRunner.java:766)
Exiting: com.topcoder.clients.webservices.beans.ClientServiceBean#setClientStatus(Client client, ClientStatus status)
Entering: com.topcoder.clients.webservices.beans.ClientServiceBean#setClientStatus(Client client, ClientStatus status)
Not has authorization to perform operation: com.topcoder.clients.webservices.beans.ClientServiceBean#setClientStatus(Client client, ClientStatus status)
com.topcoder.clients.webservices.beans.AuthorizationFailedException: Not has authorization to perform operation: com.topcoder.clients.webservices.beans.ClientServiceBean#setClientStatus(Client client, ClientStatus status)
	at com.topcoder.clients.webservices.beans.BeanUtils.validateCaller(BeanUtils.java:262)
	at com.topcoder.clients.webservices.beans.ClientServiceBean.setClientStatus(ClientServiceBean.java:585)
	at com.topcoder.clients.webservices.failuretests.ClientServiceBeanFailureTest.testSetClientStatus_InvalidAuthorizations2(ClientServiceBeanFailureTest.java:1170)
	at sun.reflect.NativeMethodAccessorImpl.invoke0(Native Method)
	at sun.reflect.NativeMethodAccessorImpl.invoke(NativeMethodAccessorImpl.java:39)
	at sun.reflect.DelegatingMethodAccessorImpl.invoke(DelegatingMethodAccessorImpl.java:25)
	at java.lang.reflect.Method.invoke(Method.java:585)
	at junit.framework.TestCase.runTest(TestCase.java:164)
	at junit.framework.TestCase.runBare(TestCase.java:130)
	at junit.framework.TestResult$1.protect(TestResult.java:106)
	at junit.framework.TestResult.runProtected(TestResult.java:124)
	at junit.framework.TestResult.run(TestResult.java:109)
	at junit.framework.TestCase.run(TestCase.java:120)
	at junit.framework.TestSuite.runTest(TestSuite.java:230)
	at junit.framework.TestSuite.run(TestSuite.java:225)
	at junit.framework.TestSuite.runTest(TestSuite.java:230)
	at junit.framework.TestSuite.run(TestSuite.java:225)
	at junit.framework.TestSuite.runTest(TestSuite.java:230)
	at junit.framework.TestSuite.run(TestSuite.java:225)
	at org.apache.tools.ant.taskdefs.optional.junit.JUnitTestRunner.run(JUnitTestRunner.java:421)
	at org.apache.tools.ant.taskdefs.optional.junit.JUnitTestRunner.launch(JUnitTestRunner.java:912)
	at org.apache.tools.ant.taskdefs.optional.junit.JUnitTestRunner.main(JUnitTestRunner.java:766)
Exiting: com.topcoder.clients.webservices.beans.ClientServiceBean#setClientStatus(Client client, ClientStatus status)
Entering: com.topcoder.clients.webservices.beans.ClientServiceBean#setClientStatus(Client client, ClientStatus status)
Fail in user mapping retrieval.
com.topcoder.clients.webservices.beans.AuthorizationFailedException: Fail in user mapping retrieval.
	at com.topcoder.clients.webservices.beans.BeanUtils.validateCaller(BeanUtils.java:267)
	at com.topcoder.clients.webservices.beans.ClientServiceBean.setClientStatus(ClientServiceBean.java:585)
	at com.topcoder.clients.webservices.failuretests.ClientServiceBeanFailureTest.testSetClientStatus_InvalidAuthorizations3(ClientServiceBeanFailureTest.java:1192)
	at sun.reflect.NativeMethodAccessorImpl.invoke0(Native Method)
	at sun.reflect.NativeMethodAccessorImpl.invoke(NativeMethodAccessorImpl.java:39)
	at sun.reflect.DelegatingMethodAccessorImpl.invoke(DelegatingMethodAccessorImpl.java:25)
	at java.lang.reflect.Method.invoke(Method.java:585)
	at junit.framework.TestCase.runTest(TestCase.java:164)
	at junit.framework.TestCase.runBare(TestCase.java:130)
	at junit.framework.TestResult$1.protect(TestResult.java:106)
	at junit.framework.TestResult.runProtected(TestResult.java:124)
	at junit.framework.TestResult.run(TestResult.java:109)
	at junit.framework.TestCase.run(TestCase.java:120)
	at junit.framework.TestSuite.runTest(TestSuite.java:230)
	at junit.framework.TestSuite.run(TestSuite.java:225)
	at junit.framework.TestSuite.runTest(TestSuite.java:230)
	at junit.framework.TestSuite.run(TestSuite.java:225)
	at junit.framework.TestSuite.runTest(TestSuite.java:230)
	at junit.framework.TestSuite.run(TestSuite.java:225)
	at org.apache.tools.ant.taskdefs.optional.junit.JUnitTestRunner.run(JUnitTestRunner.java:421)
	at org.apache.tools.ant.taskdefs.optional.junit.JUnitTestRunner.launch(JUnitTestRunner.java:912)
	at org.apache.tools.ant.taskdefs.optional.junit.JUnitTestRunner.main(JUnitTestRunner.java:766)
Caused by: com.topcoder.clients.webservices.usermapping.UserMappingRetrievalException: for test.
	at com.topcoder.clients.webservices.failuretests.mock.MockUserMappingRetriever.checkFail(MockUserMappingRetriever.java:123)
	at com.topcoder.clients.webservices.failuretests.mock.MockUserMappingRetriever.getValidUsersForClient(MockUserMappingRetriever.java:91)
	at com.topcoder.clients.webservices.beans.BeanUtils.validateCaller(BeanUtils.java:250)
	... 21 more
Exiting: com.topcoder.clients.webservices.beans.ClientServiceBean#setClientStatus(Client client, ClientStatus status)
Entering: com.topcoder.clients.webservices.beans.ClientServiceBean#setClientStatus(Client client, ClientStatus status)
Received invalid argument.
com.topcoder.clients.webservices.ClientServiceException: Received invalid argument.
	at com.topcoder.clients.webservices.beans.ClientServiceBean.setClientCodeNameOrStatus(ClientServiceBean.java:676)
	at com.topcoder.clients.webservices.beans.ClientServiceBean.setClientStatus(ClientServiceBean.java:597)
	at com.topcoder.clients.webservices.failuretests.ClientServiceBeanFailureTest.testSetClientStatus_Errors1(ClientServiceBeanFailureTest.java:1212)
	at sun.reflect.NativeMethodAccessorImpl.invoke0(Native Method)
	at sun.reflect.NativeMethodAccessorImpl.invoke(NativeMethodAccessorImpl.java:39)
	at sun.reflect.DelegatingMethodAccessorImpl.invoke(DelegatingMethodAccessorImpl.java:25)
	at java.lang.reflect.Method.invoke(Method.java:585)
	at junit.framework.TestCase.runTest(TestCase.java:164)
	at junit.framework.TestCase.runBare(TestCase.java:130)
	at junit.framework.TestResult$1.protect(TestResult.java:106)
	at junit.framework.TestResult.runProtected(TestResult.java:124)
	at junit.framework.TestResult.run(TestResult.java:109)
	at junit.framework.TestCase.run(TestCase.java:120)
	at junit.framework.TestSuite.runTest(TestSuite.java:230)
	at junit.framework.TestSuite.run(TestSuite.java:225)
	at junit.framework.TestSuite.runTest(TestSuite.java:230)
	at junit.framework.TestSuite.run(TestSuite.java:225)
	at junit.framework.TestSuite.runTest(TestSuite.java:230)
	at junit.framework.TestSuite.run(TestSuite.java:225)
	at org.apache.tools.ant.taskdefs.optional.junit.JUnitTestRunner.run(JUnitTestRunner.java:421)
	at org.apache.tools.ant.taskdefs.optional.junit.JUnitTestRunner.launch(JUnitTestRunner.java:912)
	at org.apache.tools.ant.taskdefs.optional.junit.JUnitTestRunner.main(JUnitTestRunner.java:766)
Caused by: java.lang.IllegalArgumentException: Test exception
	at com.topcoder.clients.webservices.failuretests.mock.MockClientManager.checkFail(MockClientManager.java:349)
	at com.topcoder.clients.webservices.failuretests.mock.MockClientManager.setClientStatus(MockClientManager.java:292)
	at com.topcoder.clients.webservices.beans.ClientServiceBean.setClientCodeNameOrStatus(ClientServiceBean.java:673)
	... 21 more
Exiting: com.topcoder.clients.webservices.beans.ClientServiceBean#setClientStatus(Client client, ClientStatus status)
Entering: com.topcoder.clients.webservices.beans.ClientServiceBean#setClientStatus(Client client, ClientStatus status)
Fail perform operation.
com.topcoder.clients.webservices.ClientServiceException: Fail perform operation.
	at com.topcoder.clients.webservices.beans.ClientServiceBean.setClientCodeNameOrStatus(ClientServiceBean.java:678)
	at com.topcoder.clients.webservices.beans.ClientServiceBean.setClientStatus(ClientServiceBean.java:597)
	at com.topcoder.clients.webservices.failuretests.ClientServiceBeanFailureTest.testSetClientStatus_Errors2(ClientServiceBeanFailureTest.java:1232)
	at sun.reflect.NativeMethodAccessorImpl.invoke0(Native Method)
	at sun.reflect.NativeMethodAccessorImpl.invoke(NativeMethodAccessorImpl.java:39)
	at sun.reflect.DelegatingMethodAccessorImpl.invoke(DelegatingMethodAccessorImpl.java:25)
	at java.lang.reflect.Method.invoke(Method.java:585)
	at junit.framework.TestCase.runTest(TestCase.java:164)
	at junit.framework.TestCase.runBare(TestCase.java:130)
	at junit.framework.TestResult$1.protect(TestResult.java:106)
	at junit.framework.TestResult.runProtected(TestResult.java:124)
	at junit.framework.TestResult.run(TestResult.java:109)
	at junit.framework.TestCase.run(TestCase.java:120)
	at junit.framework.TestSuite.runTest(TestSuite.java:230)
	at junit.framework.TestSuite.run(TestSuite.java:225)
	at junit.framework.TestSuite.runTest(TestSuite.java:230)
	at junit.framework.TestSuite.run(TestSuite.java:225)
	at junit.framework.TestSuite.runTest(TestSuite.java:230)
	at junit.framework.TestSuite.run(TestSuite.java:225)
	at org.apache.tools.ant.taskdefs.optional.junit.JUnitTestRunner.run(JUnitTestRunner.java:421)
	at org.apache.tools.ant.taskdefs.optional.junit.JUnitTestRunner.launch(JUnitTestRunner.java:912)
	at org.apache.tools.ant.taskdefs.optional.junit.JUnitTestRunner.main(JUnitTestRunner.java:766)
Caused by: com.topcoder.clients.manager.ClientManagerException: Test exception
	at com.topcoder.clients.webservices.failuretests.mock.MockClientManager.checkFail(MockClientManager.java:345)
	at com.topcoder.clients.webservices.failuretests.mock.MockClientManager.setClientStatus(MockClientManager.java:292)
	at com.topcoder.clients.webservices.beans.ClientServiceBean.setClientCodeNameOrStatus(ClientServiceBean.java:673)
	... 21 more
Exiting: com.topcoder.clients.webservices.beans.ClientServiceBean#setClientStatus(Client client, ClientStatus status)
Entering: com.topcoder.clients.webservices.beans.CompanyServiceBean#createCompany(Company company)
Entity to be performed cannot be null.
java.lang.IllegalArgumentException: Entity to be performed cannot be null.
	at com.topcoder.util.errorhandling.ExceptionUtils.checkNull(ExceptionUtils.java:173)
	at com.topcoder.clients.webservices.beans.BeanUtils.createOperation(BeanUtils.java:298)
	at com.topcoder.clients.webservices.beans.CompanyServiceBean.createCompany(CompanyServiceBean.java:257)
	at com.topcoder.clients.webservices.failuretests.CompanyServiceBeanFailureTest.testCreateCompany_InvalidArguments1(CompanyServiceBeanFailureTest.java:259)
	at sun.reflect.NativeMethodAccessorImpl.invoke0(Native Method)
	at sun.reflect.NativeMethodAccessorImpl.invoke(NativeMethodAccessorImpl.java:39)
	at sun.reflect.DelegatingMethodAccessorImpl.invoke(DelegatingMethodAccessorImpl.java:25)
	at java.lang.reflect.Method.invoke(Method.java:585)
	at junit.framework.TestCase.runTest(TestCase.java:164)
	at junit.framework.TestCase.runBare(TestCase.java:130)
	at junit.framework.TestResult$1.protect(TestResult.java:106)
	at junit.framework.TestResult.runProtected(TestResult.java:124)
	at junit.framework.TestResult.run(TestResult.java:109)
	at junit.framework.TestCase.run(TestCase.java:120)
	at junit.framework.TestSuite.runTest(TestSuite.java:230)
	at junit.framework.TestSuite.run(TestSuite.java:225)
	at junit.framework.TestSuite.runTest(TestSuite.java:230)
	at junit.framework.TestSuite.run(TestSuite.java:225)
	at junit.framework.TestSuite.runTest(TestSuite.java:230)
	at junit.framework.TestSuite.run(TestSuite.java:225)
	at org.apache.tools.ant.taskdefs.optional.junit.JUnitTestRunner.run(JUnitTestRunner.java:421)
	at org.apache.tools.ant.taskdefs.optional.junit.JUnitTestRunner.launch(JUnitTestRunner.java:912)
	at org.apache.tools.ant.taskdefs.optional.junit.JUnitTestRunner.main(JUnitTestRunner.java:766)
Exiting: com.topcoder.clients.webservices.beans.CompanyServiceBean#createCompany(Company company)
Entering: com.topcoder.clients.webservices.beans.CompanyServiceBean#createCompany(Company company)
Property 'com.topcoder.clients.manager.CompanyManager' has null state. Check your configuration again !!!
java.lang.IllegalStateException: Property 'com.topcoder.clients.manager.CompanyManager' has null state. Check your configuration again !!!
	at com.topcoder.clients.webservices.beans.BeanUtils.checkState(BeanUtils.java:465)
	at com.topcoder.clients.webservices.beans.BeanUtils.createOperation(BeanUtils.java:310)
	at com.topcoder.clients.webservices.beans.CompanyServiceBean.createCompany(CompanyServiceBean.java:257)
	at com.topcoder.clients.webservices.failuretests.CompanyServiceBeanFailureTest.testCreateCompany_InvalidStates1(CompanyServiceBeanFailureTest.java:279)
	at sun.reflect.NativeMethodAccessorImpl.invoke0(Native Method)
	at sun.reflect.NativeMethodAccessorImpl.invoke(NativeMethodAccessorImpl.java:39)
	at sun.reflect.DelegatingMethodAccessorImpl.invoke(DelegatingMethodAccessorImpl.java:25)
	at java.lang.reflect.Method.invoke(Method.java:585)
	at junit.framework.TestCase.runTest(TestCase.java:164)
	at junit.framework.TestCase.runBare(TestCase.java:130)
	at junit.framework.TestResult$1.protect(TestResult.java:106)
	at junit.framework.TestResult.runProtected(TestResult.java:124)
	at junit.framework.TestResult.run(TestResult.java:109)
	at junit.framework.TestCase.run(TestCase.java:120)
	at junit.framework.TestSuite.runTest(TestSuite.java:230)
	at junit.framework.TestSuite.run(TestSuite.java:225)
	at junit.framework.TestSuite.runTest(TestSuite.java:230)
	at junit.framework.TestSuite.run(TestSuite.java:225)
	at junit.framework.TestSuite.runTest(TestSuite.java:230)
	at junit.framework.TestSuite.run(TestSuite.java:225)
	at org.apache.tools.ant.taskdefs.optional.junit.JUnitTestRunner.run(JUnitTestRunner.java:421)
	at org.apache.tools.ant.taskdefs.optional.junit.JUnitTestRunner.launch(JUnitTestRunner.java:912)
	at org.apache.tools.ant.taskdefs.optional.junit.JUnitTestRunner.main(JUnitTestRunner.java:766)
Exiting: com.topcoder.clients.webservices.beans.CompanyServiceBean#createCompany(Company company)
Entering: com.topcoder.clients.webservices.beans.CompanyServiceBean#createCompany(Company company)
Fail create Company.
com.topcoder.clients.webservices.CompanyServiceException: Fail create Company.
	at com.topcoder.clients.webservices.beans.CompanyServiceBean.createCompany(CompanyServiceBean.java:260)
	at com.topcoder.clients.webservices.failuretests.CompanyServiceBeanFailureTest.testCreateCompany_Errors1(CompanyServiceBeanFailureTest.java:299)
	at sun.reflect.NativeMethodAccessorImpl.invoke0(Native Method)
	at sun.reflect.NativeMethodAccessorImpl.invoke(NativeMethodAccessorImpl.java:39)
	at sun.reflect.DelegatingMethodAccessorImpl.invoke(DelegatingMethodAccessorImpl.java:25)
	at java.lang.reflect.Method.invoke(Method.java:585)
	at junit.framework.TestCase.runTest(TestCase.java:164)
	at junit.framework.TestCase.runBare(TestCase.java:130)
	at junit.framework.TestResult$1.protect(TestResult.java:106)
	at junit.framework.TestResult.runProtected(TestResult.java:124)
	at junit.framework.TestResult.run(TestResult.java:109)
	at junit.framework.TestCase.run(TestCase.java:120)
	at junit.framework.TestSuite.runTest(TestSuite.java:230)
	at junit.framework.TestSuite.run(TestSuite.java:225)
	at junit.framework.TestSuite.runTest(TestSuite.java:230)
	at junit.framework.TestSuite.run(TestSuite.java:225)
	at junit.framework.TestSuite.runTest(TestSuite.java:230)
	at junit.framework.TestSuite.run(TestSuite.java:225)
	at org.apache.tools.ant.taskdefs.optional.junit.JUnitTestRunner.run(JUnitTestRunner.java:421)
	at org.apache.tools.ant.taskdefs.optional.junit.JUnitTestRunner.launch(JUnitTestRunner.java:912)
	at org.apache.tools.ant.taskdefs.optional.junit.JUnitTestRunner.main(JUnitTestRunner.java:766)
Caused by: java.lang.IllegalArgumentException: Test exception
	at com.topcoder.clients.webservices.failuretests.mock.MockCompanyManager.checkFail(MockCompanyManager.java:240)
	at com.topcoder.clients.webservices.failuretests.mock.MockCompanyManager.createCompany(MockCompanyManager.java:76)
	at com.topcoder.clients.webservices.beans.BeanUtils.createOperation(BeanUtils.java:311)
	at com.topcoder.clients.webservices.beans.CompanyServiceBean.createCompany(CompanyServiceBean.java:257)
	... 20 more
Exiting: com.topcoder.clients.webservices.beans.CompanyServiceBean#createCompany(Company company)
Entering: com.topcoder.clients.webservices.beans.CompanyServiceBean#createCompany(Company company)
Fail create Company.
com.topcoder.clients.webservices.CompanyServiceException: Fail create Company.
	at com.topcoder.clients.webservices.beans.CompanyServiceBean.createCompany(CompanyServiceBean.java:260)
	at com.topcoder.clients.webservices.failuretests.CompanyServiceBeanFailureTest.testCreateCompany_Errors2(CompanyServiceBeanFailureTest.java:319)
	at sun.reflect.NativeMethodAccessorImpl.invoke0(Native Method)
	at sun.reflect.NativeMethodAccessorImpl.invoke(NativeMethodAccessorImpl.java:39)
	at sun.reflect.DelegatingMethodAccessorImpl.invoke(DelegatingMethodAccessorImpl.java:25)
	at java.lang.reflect.Method.invoke(Method.java:585)
	at junit.framework.TestCase.runTest(TestCase.java:164)
	at junit.framework.TestCase.runBare(TestCase.java:130)
	at junit.framework.TestResult$1.protect(TestResult.java:106)
	at junit.framework.TestResult.runProtected(TestResult.java:124)
	at junit.framework.TestResult.run(TestResult.java:109)
	at junit.framework.TestCase.run(TestCase.java:120)
	at junit.framework.TestSuite.runTest(TestSuite.java:230)
	at junit.framework.TestSuite.run(TestSuite.java:225)
	at junit.framework.TestSuite.runTest(TestSuite.java:230)
	at junit.framework.TestSuite.run(TestSuite.java:225)
	at junit.framework.TestSuite.runTest(TestSuite.java:230)
	at junit.framework.TestSuite.run(TestSuite.java:225)
	at org.apache.tools.ant.taskdefs.optional.junit.JUnitTestRunner.run(JUnitTestRunner.java:421)
	at org.apache.tools.ant.taskdefs.optional.junit.JUnitTestRunner.launch(JUnitTestRunner.java:912)
	at org.apache.tools.ant.taskdefs.optional.junit.JUnitTestRunner.main(JUnitTestRunner.java:766)
Caused by: com.topcoder.clients.manager.CompanyManagerException: Test exception
	at com.topcoder.clients.webservices.failuretests.mock.MockCompanyManager.checkFail(MockCompanyManager.java:236)
	at com.topcoder.clients.webservices.failuretests.mock.MockCompanyManager.createCompany(MockCompanyManager.java:76)
	at com.topcoder.clients.webservices.beans.BeanUtils.createOperation(BeanUtils.java:311)
	at com.topcoder.clients.webservices.beans.CompanyServiceBean.createCompany(CompanyServiceBean.java:257)
	... 20 more
Exiting: com.topcoder.clients.webservices.beans.CompanyServiceBean#createCompany(Company company)
Entering: com.topcoder.clients.webservices.beans.CompanyServiceBean#updateCompany(Company company)
Entity to be performed cannot be null.
java.lang.IllegalArgumentException: Entity to be performed cannot be null.
	at com.topcoder.util.errorhandling.ExceptionUtils.checkNull(ExceptionUtils.java:173)
	at com.topcoder.clients.webservices.beans.BeanUtils.updateOperation(BeanUtils.java:358)
	at com.topcoder.clients.webservices.beans.CompanyServiceBean.updateCompany(CompanyServiceBean.java:299)
	at com.topcoder.clients.webservices.failuretests.CompanyServiceBeanFailureTest.testUpdateCompany_InvalidArguments1(CompanyServiceBeanFailureTest.java:337)
	at sun.reflect.NativeMethodAccessorImpl.invoke0(Native Method)
	at sun.reflect.NativeMethodAccessorImpl.invoke(NativeMethodAccessorImpl.java:39)
	at sun.reflect.DelegatingMethodAccessorImpl.invoke(DelegatingMethodAccessorImpl.java:25)
	at java.lang.reflect.Method.invoke(Method.java:585)
	at junit.framework.TestCase.runTest(TestCase.java:164)
	at junit.framework.TestCase.runBare(TestCase.java:130)
	at junit.framework.TestResult$1.protect(TestResult.java:106)
	at junit.framework.TestResult.runProtected(TestResult.java:124)
	at junit.framework.TestResult.run(TestResult.java:109)
	at junit.framework.TestCase.run(TestCase.java:120)
	at junit.framework.TestSuite.runTest(TestSuite.java:230)
	at junit.framework.TestSuite.run(TestSuite.java:225)
	at junit.framework.TestSuite.runTest(TestSuite.java:230)
	at junit.framework.TestSuite.run(TestSuite.java:225)
	at junit.framework.TestSuite.runTest(TestSuite.java:230)
	at junit.framework.TestSuite.run(TestSuite.java:225)
	at org.apache.tools.ant.taskdefs.optional.junit.JUnitTestRunner.run(JUnitTestRunner.java:421)
	at org.apache.tools.ant.taskdefs.optional.junit.JUnitTestRunner.launch(JUnitTestRunner.java:912)
	at org.apache.tools.ant.taskdefs.optional.junit.JUnitTestRunner.main(JUnitTestRunner.java:766)
Exiting: com.topcoder.clients.webservices.beans.CompanyServiceBean#updateCompany(Company company)
Entering: com.topcoder.clients.webservices.beans.CompanyServiceBean#updateCompany(Company company)
Property 'com.topcoder.clients.manager.CompanyManager' has null state. Check your configuration again !!!
java.lang.IllegalStateException: Property 'com.topcoder.clients.manager.CompanyManager' has null state. Check your configuration again !!!
	at com.topcoder.clients.webservices.beans.BeanUtils.checkState(BeanUtils.java:465)
	at com.topcoder.clients.webservices.beans.BeanUtils.updateOperation(BeanUtils.java:368)
	at com.topcoder.clients.webservices.beans.CompanyServiceBean.updateCompany(CompanyServiceBean.java:299)
	at com.topcoder.clients.webservices.failuretests.CompanyServiceBeanFailureTest.testUpdateCompany_InvalidStates1(CompanyServiceBeanFailureTest.java:357)
	at sun.reflect.NativeMethodAccessorImpl.invoke0(Native Method)
	at sun.reflect.NativeMethodAccessorImpl.invoke(NativeMethodAccessorImpl.java:39)
	at sun.reflect.DelegatingMethodAccessorImpl.invoke(DelegatingMethodAccessorImpl.java:25)
	at java.lang.reflect.Method.invoke(Method.java:585)
	at junit.framework.TestCase.runTest(TestCase.java:164)
	at junit.framework.TestCase.runBare(TestCase.java:130)
	at junit.framework.TestResult$1.protect(TestResult.java:106)
	at junit.framework.TestResult.runProtected(TestResult.java:124)
	at junit.framework.TestResult.run(TestResult.java:109)
	at junit.framework.TestCase.run(TestCase.java:120)
	at junit.framework.TestSuite.runTest(TestSuite.java:230)
	at junit.framework.TestSuite.run(TestSuite.java:225)
	at junit.framework.TestSuite.runTest(TestSuite.java:230)
	at junit.framework.TestSuite.run(TestSuite.java:225)
	at junit.framework.TestSuite.runTest(TestSuite.java:230)
	at junit.framework.TestSuite.run(TestSuite.java:225)
	at org.apache.tools.ant.taskdefs.optional.junit.JUnitTestRunner.run(JUnitTestRunner.java:421)
	at org.apache.tools.ant.taskdefs.optional.junit.JUnitTestRunner.launch(JUnitTestRunner.java:912)
	at org.apache.tools.ant.taskdefs.optional.junit.JUnitTestRunner.main(JUnitTestRunner.java:766)
Exiting: com.topcoder.clients.webservices.beans.CompanyServiceBean#updateCompany(Company company)
Entering: com.topcoder.clients.webservices.beans.CompanyServiceBean#updateCompany(Company company)
Fail create Company.
com.topcoder.clients.webservices.CompanyServiceException: Fail create Company.
	at com.topcoder.clients.webservices.beans.CompanyServiceBean.updateCompany(CompanyServiceBean.java:302)
	at com.topcoder.clients.webservices.failuretests.CompanyServiceBeanFailureTest.testUpdateCompany_Errors1(CompanyServiceBeanFailureTest.java:377)
	at sun.reflect.NativeMethodAccessorImpl.invoke0(Native Method)
	at sun.reflect.NativeMethodAccessorImpl.invoke(NativeMethodAccessorImpl.java:39)
	at sun.reflect.DelegatingMethodAccessorImpl.invoke(DelegatingMethodAccessorImpl.java:25)
	at java.lang.reflect.Method.invoke(Method.java:585)
	at junit.framework.TestCase.runTest(TestCase.java:164)
	at junit.framework.TestCase.runBare(TestCase.java:130)
	at junit.framework.TestResult$1.protect(TestResult.java:106)
	at junit.framework.TestResult.runProtected(TestResult.java:124)
	at junit.framework.TestResult.run(TestResult.java:109)
	at junit.framework.TestCase.run(TestCase.java:120)
	at junit.framework.TestSuite.runTest(TestSuite.java:230)
	at junit.framework.TestSuite.run(TestSuite.java:225)
	at junit.framework.TestSuite.runTest(TestSuite.java:230)
	at junit.framework.TestSuite.run(TestSuite.java:225)
	at junit.framework.TestSuite.runTest(TestSuite.java:230)
	at junit.framework.TestSuite.run(TestSuite.java:225)
	at org.apache.tools.ant.taskdefs.optional.junit.JUnitTestRunner.run(JUnitTestRunner.java:421)
	at org.apache.tools.ant.taskdefs.optional.junit.JUnitTestRunner.launch(JUnitTestRunner.java:912)
	at org.apache.tools.ant.taskdefs.optional.junit.JUnitTestRunner.main(JUnitTestRunner.java:766)
Caused by: java.lang.IllegalArgumentException: Test exception
	at com.topcoder.clients.webservices.failuretests.mock.MockCompanyManager.checkFail(MockCompanyManager.java:240)
	at com.topcoder.clients.webservices.failuretests.mock.MockCompanyManager.updateCompany(MockCompanyManager.java:221)
	at com.topcoder.clients.webservices.beans.BeanUtils.updateOperation(BeanUtils.java:369)
	at com.topcoder.clients.webservices.beans.CompanyServiceBean.updateCompany(CompanyServiceBean.java:299)
	... 20 more
Exiting: com.topcoder.clients.webservices.beans.CompanyServiceBean#updateCompany(Company company)
Entering: com.topcoder.clients.webservices.beans.CompanyServiceBean#updateCompany(Company company)
Fail create Company.
com.topcoder.clients.webservices.CompanyServiceException: Fail create Company.
	at com.topcoder.clients.webservices.beans.CompanyServiceBean.updateCompany(CompanyServiceBean.java:302)
	at com.topcoder.clients.webservices.failuretests.CompanyServiceBeanFailureTest.testUpdateCompany_Errors2(CompanyServiceBeanFailureTest.java:397)
	at sun.reflect.NativeMethodAccessorImpl.invoke0(Native Method)
	at sun.reflect.NativeMethodAccessorImpl.invoke(NativeMethodAccessorImpl.java:39)
	at sun.reflect.DelegatingMethodAccessorImpl.invoke(DelegatingMethodAccessorImpl.java:25)
	at java.lang.reflect.Method.invoke(Method.java:585)
	at junit.framework.TestCase.runTest(TestCase.java:164)
	at junit.framework.TestCase.runBare(TestCase.java:130)
	at junit.framework.TestResult$1.protect(TestResult.java:106)
	at junit.framework.TestResult.runProtected(TestResult.java:124)
	at junit.framework.TestResult.run(TestResult.java:109)
	at junit.framework.TestCase.run(TestCase.java:120)
	at junit.framework.TestSuite.runTest(TestSuite.java:230)
	at junit.framework.TestSuite.run(TestSuite.java:225)
	at junit.framework.TestSuite.runTest(TestSuite.java:230)
	at junit.framework.TestSuite.run(TestSuite.java:225)
	at junit.framework.TestSuite.runTest(TestSuite.java:230)
	at junit.framework.TestSuite.run(TestSuite.java:225)
	at org.apache.tools.ant.taskdefs.optional.junit.JUnitTestRunner.run(JUnitTestRunner.java:421)
	at org.apache.tools.ant.taskdefs.optional.junit.JUnitTestRunner.launch(JUnitTestRunner.java:912)
	at org.apache.tools.ant.taskdefs.optional.junit.JUnitTestRunner.main(JUnitTestRunner.java:766)
Caused by: com.topcoder.clients.manager.CompanyManagerException: Test exception
	at com.topcoder.clients.webservices.failuretests.mock.MockCompanyManager.checkFail(MockCompanyManager.java:236)
	at com.topcoder.clients.webservices.failuretests.mock.MockCompanyManager.updateCompany(MockCompanyManager.java:221)
	at com.topcoder.clients.webservices.beans.BeanUtils.updateOperation(BeanUtils.java:369)
	at com.topcoder.clients.webservices.beans.CompanyServiceBean.updateCompany(CompanyServiceBean.java:299)
	... 20 more
Exiting: com.topcoder.clients.webservices.beans.CompanyServiceBean#updateCompany(Company company)
Entering: com.topcoder.clients.webservices.beans.CompanyServiceBean#deleteCompany(Company company)
Entity to be performed cannot be null.
java.lang.IllegalArgumentException: Entity to be performed cannot be null.
	at com.topcoder.util.errorhandling.ExceptionUtils.checkNull(ExceptionUtils.java:173)
	at com.topcoder.clients.webservices.beans.BeanUtils.deleteOperation(BeanUtils.java:409)
	at com.topcoder.clients.webservices.beans.CompanyServiceBean.deleteCompany(CompanyServiceBean.java:341)
	at com.topcoder.clients.webservices.failuretests.CompanyServiceBeanFailureTest.testDeleteCompany_InvalidArguments1(CompanyServiceBeanFailureTest.java:415)
	at sun.reflect.NativeMethodAccessorImpl.invoke0(Native Method)
	at sun.reflect.NativeMethodAccessorImpl.invoke(NativeMethodAccessorImpl.java:39)
	at sun.reflect.DelegatingMethodAccessorImpl.invoke(DelegatingMethodAccessorImpl.java:25)
	at java.lang.reflect.Method.invoke(Method.java:585)
	at junit.framework.TestCase.runTest(TestCase.java:164)
	at junit.framework.TestCase.runBare(TestCase.java:130)
	at junit.framework.TestResult$1.protect(TestResult.java:106)
	at junit.framework.TestResult.runProtected(TestResult.java:124)
	at junit.framework.TestResult.run(TestResult.java:109)
	at junit.framework.TestCase.run(TestCase.java:120)
	at junit.framework.TestSuite.runTest(TestSuite.java:230)
	at junit.framework.TestSuite.run(TestSuite.java:225)
	at junit.framework.TestSuite.runTest(TestSuite.java:230)
	at junit.framework.TestSuite.run(TestSuite.java:225)
	at junit.framework.TestSuite.runTest(TestSuite.java:230)
	at junit.framework.TestSuite.run(TestSuite.java:225)
	at org.apache.tools.ant.taskdefs.optional.junit.JUnitTestRunner.run(JUnitTestRunner.java:421)
	at org.apache.tools.ant.taskdefs.optional.junit.JUnitTestRunner.launch(JUnitTestRunner.java:912)
	at org.apache.tools.ant.taskdefs.optional.junit.JUnitTestRunner.main(JUnitTestRunner.java:766)
Exiting: com.topcoder.clients.webservices.beans.CompanyServiceBean#deleteCompany(Company company)
Entering: com.topcoder.clients.webservices.beans.CompanyServiceBean#deleteCompany(Company company)
Property 'com.topcoder.clients.manager.CompanyManager' has null state. Check your configuration again !!!
java.lang.IllegalStateException: Property 'com.topcoder.clients.manager.CompanyManager' has null state. Check your configuration again !!!
	at com.topcoder.clients.webservices.beans.BeanUtils.checkState(BeanUtils.java:465)
	at com.topcoder.clients.webservices.beans.BeanUtils.deleteOperation(BeanUtils.java:419)
	at com.topcoder.clients.webservices.beans.CompanyServiceBean.deleteCompany(CompanyServiceBean.java:341)
	at com.topcoder.clients.webservices.failuretests.CompanyServiceBeanFailureTest.testDeleteCompany_InvalidStates1(CompanyServiceBeanFailureTest.java:435)
	at sun.reflect.NativeMethodAccessorImpl.invoke0(Native Method)
	at sun.reflect.NativeMethodAccessorImpl.invoke(NativeMethodAccessorImpl.java:39)
	at sun.reflect.DelegatingMethodAccessorImpl.invoke(DelegatingMethodAccessorImpl.java:25)
	at java.lang.reflect.Method.invoke(Method.java:585)
	at junit.framework.TestCase.runTest(TestCase.java:164)
	at junit.framework.TestCase.runBare(TestCase.java:130)
	at junit.framework.TestResult$1.protect(TestResult.java:106)
	at junit.framework.TestResult.runProtected(TestResult.java:124)
	at junit.framework.TestResult.run(TestResult.java:109)
	at junit.framework.TestCase.run(TestCase.java:120)
	at junit.framework.TestSuite.runTest(TestSuite.java:230)
	at junit.framework.TestSuite.run(TestSuite.java:225)
	at junit.framework.TestSuite.runTest(TestSuite.java:230)
	at junit.framework.TestSuite.run(TestSuite.java:225)
	at junit.framework.TestSuite.runTest(TestSuite.java:230)
	at junit.framework.TestSuite.run(TestSuite.java:225)
	at org.apache.tools.ant.taskdefs.optional.junit.JUnitTestRunner.run(JUnitTestRunner.java:421)
	at org.apache.tools.ant.taskdefs.optional.junit.JUnitTestRunner.launch(JUnitTestRunner.java:912)
	at org.apache.tools.ant.taskdefs.optional.junit.JUnitTestRunner.main(JUnitTestRunner.java:766)
Exiting: com.topcoder.clients.webservices.beans.CompanyServiceBean#deleteCompany(Company company)
Entering: com.topcoder.clients.webservices.beans.CompanyServiceBean#deleteCompany(Company company)
Fail create Company.
com.topcoder.clients.webservices.CompanyServiceException: Fail create Company.
	at com.topcoder.clients.webservices.beans.CompanyServiceBean.deleteCompany(CompanyServiceBean.java:344)
	at com.topcoder.clients.webservices.failuretests.CompanyServiceBeanFailureTest.testDeleteCompany_Errors1(CompanyServiceBeanFailureTest.java:455)
	at sun.reflect.NativeMethodAccessorImpl.invoke0(Native Method)
	at sun.reflect.NativeMethodAccessorImpl.invoke(NativeMethodAccessorImpl.java:39)
	at sun.reflect.DelegatingMethodAccessorImpl.invoke(DelegatingMethodAccessorImpl.java:25)
	at java.lang.reflect.Method.invoke(Method.java:585)
	at junit.framework.TestCase.runTest(TestCase.java:164)
	at junit.framework.TestCase.runBare(TestCase.java:130)
	at junit.framework.TestResult$1.protect(TestResult.java:106)
	at junit.framework.TestResult.runProtected(TestResult.java:124)
	at junit.framework.TestResult.run(TestResult.java:109)
	at junit.framework.TestCase.run(TestCase.java:120)
	at junit.framework.TestSuite.runTest(TestSuite.java:230)
	at junit.framework.TestSuite.run(TestSuite.java:225)
	at junit.framework.TestSuite.runTest(TestSuite.java:230)
	at junit.framework.TestSuite.run(TestSuite.java:225)
	at junit.framework.TestSuite.runTest(TestSuite.java:230)
	at junit.framework.TestSuite.run(TestSuite.java:225)
	at org.apache.tools.ant.taskdefs.optional.junit.JUnitTestRunner.run(JUnitTestRunner.java:421)
	at org.apache.tools.ant.taskdefs.optional.junit.JUnitTestRunner.launch(JUnitTestRunner.java:912)
	at org.apache.tools.ant.taskdefs.optional.junit.JUnitTestRunner.main(JUnitTestRunner.java:766)
Caused by: java.lang.IllegalArgumentException: Test exception
	at com.topcoder.clients.webservices.failuretests.mock.MockCompanyManager.checkFail(MockCompanyManager.java:240)
	at com.topcoder.clients.webservices.failuretests.mock.MockCompanyManager.deleteCompany(MockCompanyManager.java:94)
	at com.topcoder.clients.webservices.beans.BeanUtils.deleteOperation(BeanUtils.java:420)
	at com.topcoder.clients.webservices.beans.CompanyServiceBean.deleteCompany(CompanyServiceBean.java:341)
	... 20 more
Exiting: com.topcoder.clients.webservices.beans.CompanyServiceBean#deleteCompany(Company company)
Entering: com.topcoder.clients.webservices.beans.CompanyServiceBean#deleteCompany(Company company)
Fail create Company.
com.topcoder.clients.webservices.CompanyServiceException: Fail create Company.
	at com.topcoder.clients.webservices.beans.CompanyServiceBean.deleteCompany(CompanyServiceBean.java:344)
	at com.topcoder.clients.webservices.failuretests.CompanyServiceBeanFailureTest.testDeleteCompany_Errors2(CompanyServiceBeanFailureTest.java:475)
	at sun.reflect.NativeMethodAccessorImpl.invoke0(Native Method)
	at sun.reflect.NativeMethodAccessorImpl.invoke(NativeMethodAccessorImpl.java:39)
	at sun.reflect.DelegatingMethodAccessorImpl.invoke(DelegatingMethodAccessorImpl.java:25)
	at java.lang.reflect.Method.invoke(Method.java:585)
	at junit.framework.TestCase.runTest(TestCase.java:164)
	at junit.framework.TestCase.runBare(TestCase.java:130)
	at junit.framework.TestResult$1.protect(TestResult.java:106)
	at junit.framework.TestResult.runProtected(TestResult.java:124)
	at junit.framework.TestResult.run(TestResult.java:109)
	at junit.framework.TestCase.run(TestCase.java:120)
	at junit.framework.TestSuite.runTest(TestSuite.java:230)
	at junit.framework.TestSuite.run(TestSuite.java:225)
	at junit.framework.TestSuite.runTest(TestSuite.java:230)
	at junit.framework.TestSuite.run(TestSuite.java:225)
	at junit.framework.TestSuite.runTest(TestSuite.java:230)
	at junit.framework.TestSuite.run(TestSuite.java:225)
	at org.apache.tools.ant.taskdefs.optional.junit.JUnitTestRunner.run(JUnitTestRunner.java:421)
	at org.apache.tools.ant.taskdefs.optional.junit.JUnitTestRunner.launch(JUnitTestRunner.java:912)
	at org.apache.tools.ant.taskdefs.optional.junit.JUnitTestRunner.main(JUnitTestRunner.java:766)
Caused by: com.topcoder.clients.manager.CompanyManagerException: Test exception
	at com.topcoder.clients.webservices.failuretests.mock.MockCompanyManager.checkFail(MockCompanyManager.java:236)
	at com.topcoder.clients.webservices.failuretests.mock.MockCompanyManager.deleteCompany(MockCompanyManager.java:94)
	at com.topcoder.clients.webservices.beans.BeanUtils.deleteOperation(BeanUtils.java:420)
	at com.topcoder.clients.webservices.beans.CompanyServiceBean.deleteCompany(CompanyServiceBean.java:341)
	... 20 more
Exiting: com.topcoder.clients.webservices.beans.CompanyServiceBean#deleteCompany(Company company)
Entering: com.topcoder.clients.webservices.beans.ProjectServiceBean#createProject(Project project, Client client)
Passing entity cannot be null.
java.lang.IllegalArgumentException: Passing entity cannot be null.
	at com.topcoder.util.errorhandling.ExceptionUtils.checkNull(ExceptionUtils.java:173)
	at com.topcoder.clients.webservices.beans.BeanUtils.validateCaller(BeanUtils.java:226)
	at com.topcoder.clients.webservices.beans.ProjectServiceBean.createProject(ProjectServiceBean.java:358)
	at com.topcoder.clients.webservices.failuretests.ProjectServiceBeanFailureTest.testCreateProject_InvalidArguments1(ProjectServiceBeanFailureTest.java:415)
	at sun.reflect.NativeMethodAccessorImpl.invoke0(Native Method)
	at sun.reflect.NativeMethodAccessorImpl.invoke(NativeMethodAccessorImpl.java:39)
	at sun.reflect.DelegatingMethodAccessorImpl.invoke(DelegatingMethodAccessorImpl.java:25)
	at java.lang.reflect.Method.invoke(Method.java:585)
	at junit.framework.TestCase.runTest(TestCase.java:164)
	at junit.framework.TestCase.runBare(TestCase.java:130)
	at junit.framework.TestResult$1.protect(TestResult.java:106)
	at junit.framework.TestResult.runProtected(TestResult.java:124)
	at junit.framework.TestResult.run(TestResult.java:109)
	at junit.framework.TestCase.run(TestCase.java:120)
	at junit.framework.TestSuite.runTest(TestSuite.java:230)
	at junit.framework.TestSuite.run(TestSuite.java:225)
	at junit.framework.TestSuite.runTest(TestSuite.java:230)
	at junit.framework.TestSuite.run(TestSuite.java:225)
	at junit.framework.TestSuite.runTest(TestSuite.java:230)
	at junit.framework.TestSuite.run(TestSuite.java:225)
	at org.apache.tools.ant.taskdefs.optional.junit.JUnitTestRunner.run(JUnitTestRunner.java:421)
	at org.apache.tools.ant.taskdefs.optional.junit.JUnitTestRunner.launch(JUnitTestRunner.java:912)
	at org.apache.tools.ant.taskdefs.optional.junit.JUnitTestRunner.main(JUnitTestRunner.java:766)
Exiting: com.topcoder.clients.webservices.beans.ProjectServiceBean#createProject(Project project, Client client)
Entering: com.topcoder.clients.webservices.beans.ProjectServiceBean#createProject(Project project, Client client)
Argument [ClientProject] cannot be null.
java.lang.IllegalArgumentException: Argument [ClientProject] cannot be null.
	at com.topcoder.util.errorhandling.ExceptionUtils.checkNull(ExceptionUtils.java:173)
	at com.topcoder.clients.webservices.beans.ProjectServiceBean.createProject(ProjectServiceBean.java:362)
	at com.topcoder.clients.webservices.failuretests.ProjectServiceBeanFailureTest.testCreateProject_InvalidArguments2(ProjectServiceBeanFailureTest.java:433)
	at sun.reflect.NativeMethodAccessorImpl.invoke0(Native Method)
	at sun.reflect.NativeMethodAccessorImpl.invoke(NativeMethodAccessorImpl.java:39)
	at sun.reflect.DelegatingMethodAccessorImpl.invoke(DelegatingMethodAccessorImpl.java:25)
	at java.lang.reflect.Method.invoke(Method.java:585)
	at junit.framework.TestCase.runTest(TestCase.java:164)
	at junit.framework.TestCase.runBare(TestCase.java:130)
	at junit.framework.TestResult$1.protect(TestResult.java:106)
	at junit.framework.TestResult.runProtected(TestResult.java:124)
	at junit.framework.TestResult.run(TestResult.java:109)
	at junit.framework.TestCase.run(TestCase.java:120)
	at junit.framework.TestSuite.runTest(TestSuite.java:230)
	at junit.framework.TestSuite.run(TestSuite.java:225)
	at junit.framework.TestSuite.runTest(TestSuite.java:230)
	at junit.framework.TestSuite.run(TestSuite.java:225)
	at junit.framework.TestSuite.runTest(TestSuite.java:230)
	at junit.framework.TestSuite.run(TestSuite.java:225)
	at org.apache.tools.ant.taskdefs.optional.junit.JUnitTestRunner.run(JUnitTestRunner.java:421)
	at org.apache.tools.ant.taskdefs.optional.junit.JUnitTestRunner.launch(JUnitTestRunner.java:912)
	at org.apache.tools.ant.taskdefs.optional.junit.JUnitTestRunner.main(JUnitTestRunner.java:766)
Exiting: com.topcoder.clients.webservices.beans.ProjectServiceBean#createProject(Project project, Client client)
Entering: com.topcoder.clients.webservices.beans.ProjectServiceBean#createProject(Project project, Client client)
Property 'com.topcoder.clients.manager.ProjectManager' has null state. Check your configuration again !!!
java.lang.IllegalStateException: Property 'com.topcoder.clients.manager.ProjectManager' has null state. Check your configuration again !!!
	at com.topcoder.clients.webservices.beans.BeanUtils.checkState(BeanUtils.java:465)
	at com.topcoder.clients.webservices.beans.BeanUtils.createOperation(BeanUtils.java:320)
	at com.topcoder.clients.webservices.beans.ProjectServiceBean.createProject(ProjectServiceBean.java:363)
	at com.topcoder.clients.webservices.failuretests.ProjectServiceBeanFailureTest.testCreateProject_InvalidStates1(ProjectServiceBeanFailureTest.java:453)
	at sun.reflect.NativeMethodAccessorImpl.invoke0(Native Method)
	at sun.reflect.NativeMethodAccessorImpl.invoke(NativeMethodAccessorImpl.java:39)
	at sun.reflect.DelegatingMethodAccessorImpl.invoke(DelegatingMethodAccessorImpl.java:25)
	at java.lang.reflect.Method.invoke(Method.java:585)
	at junit.framework.TestCase.runTest(TestCase.java:164)
	at junit.framework.TestCase.runBare(TestCase.java:130)
	at junit.framework.TestResult$1.protect(TestResult.java:106)
	at junit.framework.TestResult.runProtected(TestResult.java:124)
	at junit.framework.TestResult.run(TestResult.java:109)
	at junit.framework.TestCase.run(TestCase.java:120)
	at junit.framework.TestSuite.runTest(TestSuite.java:230)
	at junit.framework.TestSuite.run(TestSuite.java:225)
	at junit.framework.TestSuite.runTest(TestSuite.java:230)
	at junit.framework.TestSuite.run(TestSuite.java:225)
	at junit.framework.TestSuite.runTest(TestSuite.java:230)
	at junit.framework.TestSuite.run(TestSuite.java:225)
	at org.apache.tools.ant.taskdefs.optional.junit.JUnitTestRunner.run(JUnitTestRunner.java:421)
	at org.apache.tools.ant.taskdefs.optional.junit.JUnitTestRunner.launch(JUnitTestRunner.java:912)
	at org.apache.tools.ant.taskdefs.optional.junit.JUnitTestRunner.main(JUnitTestRunner.java:766)
Exiting: com.topcoder.clients.webservices.beans.ProjectServiceBean#createProject(Project project, Client client)
Entering: com.topcoder.clients.webservices.beans.ProjectServiceBean#createProject(Project project, Client client)
Property 'UserMappingRetriever' has null state. Check your configuration again !!!
java.lang.IllegalStateException: Property 'UserMappingRetriever' has null state. Check your configuration again !!!
	at com.topcoder.clients.webservices.beans.BeanUtils.checkState(BeanUtils.java:465)
	at com.topcoder.clients.webservices.beans.BeanUtils.validateCaller(BeanUtils.java:225)
	at com.topcoder.clients.webservices.beans.ProjectServiceBean.createProject(ProjectServiceBean.java:358)
	at com.topcoder.clients.webservices.failuretests.ProjectServiceBeanFailureTest.testCreateProject_InvalidStates2(ProjectServiceBeanFailureTest.java:473)
	at sun.reflect.NativeMethodAccessorImpl.invoke0(Native Method)
	at sun.reflect.NativeMethodAccessorImpl.invoke(NativeMethodAccessorImpl.java:39)
	at sun.reflect.DelegatingMethodAccessorImpl.invoke(DelegatingMethodAccessorImpl.java:25)
	at java.lang.reflect.Method.invoke(Method.java:585)
	at junit.framework.TestCase.runTest(TestCase.java:164)
	at junit.framework.TestCase.runBare(TestCase.java:130)
	at junit.framework.TestResult$1.protect(TestResult.java:106)
	at junit.framework.TestResult.runProtected(TestResult.java:124)
	at junit.framework.TestResult.run(TestResult.java:109)
	at junit.framework.TestCase.run(TestCase.java:120)
	at junit.framework.TestSuite.runTest(TestSuite.java:230)
	at junit.framework.TestSuite.run(TestSuite.java:225)
	at junit.framework.TestSuite.runTest(TestSuite.java:230)
	at junit.framework.TestSuite.run(TestSuite.java:225)
	at junit.framework.TestSuite.runTest(TestSuite.java:230)
	at junit.framework.TestSuite.run(TestSuite.java:225)
	at org.apache.tools.ant.taskdefs.optional.junit.JUnitTestRunner.run(JUnitTestRunner.java:421)
	at org.apache.tools.ant.taskdefs.optional.junit.JUnitTestRunner.launch(JUnitTestRunner.java:912)
	at org.apache.tools.ant.taskdefs.optional.junit.JUnitTestRunner.main(JUnitTestRunner.java:766)
Exiting: com.topcoder.clients.webservices.beans.ProjectServiceBean#createProject(Project project, Client client)
Entering: com.topcoder.clients.webservices.beans.ProjectServiceBean#createProject(Project project, Client client)
Not has authorization to perform operation: com.topcoder.clients.webservices.beans.ProjectServiceBean#createProject(Project project, Client client)
com.topcoder.clients.webservices.beans.AuthorizationFailedException: Not has authorization to perform operation: com.topcoder.clients.webservices.beans.ProjectServiceBean#createProject(Project project, Client client)
	at com.topcoder.clients.webservices.beans.BeanUtils.validateCaller(BeanUtils.java:262)
	at com.topcoder.clients.webservices.beans.ProjectServiceBean.createProject(ProjectServiceBean.java:358)
	at com.topcoder.clients.webservices.failuretests.ProjectServiceBeanFailureTest.testCreateProject_InvalidAuthorizations1(ProjectServiceBeanFailureTest.java:495)
	at sun.reflect.NativeMethodAccessorImpl.invoke0(Native Method)
	at sun.reflect.NativeMethodAccessorImpl.invoke(NativeMethodAccessorImpl.java:39)
	at sun.reflect.DelegatingMethodAccessorImpl.invoke(DelegatingMethodAccessorImpl.java:25)
	at java.lang.reflect.Method.invoke(Method.java:585)
	at junit.framework.TestCase.runTest(TestCase.java:164)
	at junit.framework.TestCase.runBare(TestCase.java:130)
	at junit.framework.TestResult$1.protect(TestResult.java:106)
	at junit.framework.TestResult.runProtected(TestResult.java:124)
	at junit.framework.TestResult.run(TestResult.java:109)
	at junit.framework.TestCase.run(TestCase.java:120)
	at junit.framework.TestSuite.runTest(TestSuite.java:230)
	at junit.framework.TestSuite.run(TestSuite.java:225)
	at junit.framework.TestSuite.runTest(TestSuite.java:230)
	at junit.framework.TestSuite.run(TestSuite.java:225)
	at junit.framework.TestSuite.runTest(TestSuite.java:230)
	at junit.framework.TestSuite.run(TestSuite.java:225)
	at org.apache.tools.ant.taskdefs.optional.junit.JUnitTestRunner.run(JUnitTestRunner.java:421)
	at org.apache.tools.ant.taskdefs.optional.junit.JUnitTestRunner.launch(JUnitTestRunner.java:912)
	at org.apache.tools.ant.taskdefs.optional.junit.JUnitTestRunner.main(JUnitTestRunner.java:766)
Exiting: com.topcoder.clients.webservices.beans.ProjectServiceBean#createProject(Project project, Client client)
Entering: com.topcoder.clients.webservices.beans.ProjectServiceBean#createProject(Project project, Client client)
Fail create project.
com.topcoder.clients.webservices.ProjectServiceException: Fail create project.
	at com.topcoder.clients.webservices.beans.ProjectServiceBean.createProject(ProjectServiceBean.java:366)
	at com.topcoder.clients.webservices.failuretests.ProjectServiceBeanFailureTest.testCreateProject_Errors1(ProjectServiceBeanFailureTest.java:515)
	at sun.reflect.NativeMethodAccessorImpl.invoke0(Native Method)
	at sun.reflect.NativeMethodAccessorImpl.invoke(NativeMethodAccessorImpl.java:39)
	at sun.reflect.DelegatingMethodAccessorImpl.invoke(DelegatingMethodAccessorImpl.java:25)
	at java.lang.reflect.Method.invoke(Method.java:585)
	at junit.framework.TestCase.runTest(TestCase.java:164)
	at junit.framework.TestCase.runBare(TestCase.java:130)
	at junit.framework.TestResult$1.protect(TestResult.java:106)
	at junit.framework.TestResult.runProtected(TestResult.java:124)
	at junit.framework.TestResult.run(TestResult.java:109)
	at junit.framework.TestCase.run(TestCase.java:120)
	at junit.framework.TestSuite.runTest(TestSuite.java:230)
	at junit.framework.TestSuite.run(TestSuite.java:225)
	at junit.framework.TestSuite.runTest(TestSuite.java:230)
	at junit.framework.TestSuite.run(TestSuite.java:225)
	at junit.framework.TestSuite.runTest(TestSuite.java:230)
	at junit.framework.TestSuite.run(TestSuite.java:225)
	at org.apache.tools.ant.taskdefs.optional.junit.JUnitTestRunner.run(JUnitTestRunner.java:421)
	at org.apache.tools.ant.taskdefs.optional.junit.JUnitTestRunner.launch(JUnitTestRunner.java:912)
	at org.apache.tools.ant.taskdefs.optional.junit.JUnitTestRunner.main(JUnitTestRunner.java:766)
Caused by: java.lang.IllegalArgumentException: Test exception
	at com.topcoder.clients.webservices.failuretests.mock.MockProjectManager.checkFail(MockProjectManager.java:349)
	at com.topcoder.clients.webservices.failuretests.mock.MockProjectManager.createProject(MockProjectManager.java:78)
	at com.topcoder.clients.webservices.beans.BeanUtils.createOperation(BeanUtils.java:321)
	at com.topcoder.clients.webservices.beans.ProjectServiceBean.createProject(ProjectServiceBean.java:363)
	... 20 more
Exiting: com.topcoder.clients.webservices.beans.ProjectServiceBean#createProject(Project project, Client client)
Entering: com.topcoder.clients.webservices.beans.ProjectServiceBean#createProject(Project project, Client client)
Fail create project.
com.topcoder.clients.webservices.ProjectServiceException: Fail create project.
	at com.topcoder.clients.webservices.beans.ProjectServiceBean.createProject(ProjectServiceBean.java:366)
	at com.topcoder.clients.webservices.failuretests.ProjectServiceBeanFailureTest.testCreateProject_Errors2(ProjectServiceBeanFailureTest.java:535)
	at sun.reflect.NativeMethodAccessorImpl.invoke0(Native Method)
	at sun.reflect.NativeMethodAccessorImpl.invoke(NativeMethodAccessorImpl.java:39)
	at sun.reflect.DelegatingMethodAccessorImpl.invoke(DelegatingMethodAccessorImpl.java:25)
	at java.lang.reflect.Method.invoke(Method.java:585)
	at junit.framework.TestCase.runTest(TestCase.java:164)
	at junit.framework.TestCase.runBare(TestCase.java:130)
	at junit.framework.TestResult$1.protect(TestResult.java:106)
	at junit.framework.TestResult.runProtected(TestResult.java:124)
	at junit.framework.TestResult.run(TestResult.java:109)
	at junit.framework.TestCase.run(TestCase.java:120)
	at junit.framework.TestSuite.runTest(TestSuite.java:230)
	at junit.framework.TestSuite.run(TestSuite.java:225)
	at junit.framework.TestSuite.runTest(TestSuite.java:230)
	at junit.framework.TestSuite.run(TestSuite.java:225)
	at junit.framework.TestSuite.runTest(TestSuite.java:230)
	at junit.framework.TestSuite.run(TestSuite.java:225)
	at org.apache.tools.ant.taskdefs.optional.junit.JUnitTestRunner.run(JUnitTestRunner.java:421)
	at org.apache.tools.ant.taskdefs.optional.junit.JUnitTestRunner.launch(JUnitTestRunner.java:912)
	at org.apache.tools.ant.taskdefs.optional.junit.JUnitTestRunner.main(JUnitTestRunner.java:766)
Caused by: com.topcoder.clients.manager.ProjectManagerException: Test exception
	at com.topcoder.clients.webservices.failuretests.mock.MockProjectManager.checkFail(MockProjectManager.java:345)
	at com.topcoder.clients.webservices.failuretests.mock.MockProjectManager.createProject(MockProjectManager.java:78)
	at com.topcoder.clients.webservices.beans.BeanUtils.createOperation(BeanUtils.java:321)
	at com.topcoder.clients.webservices.beans.ProjectServiceBean.createProject(ProjectServiceBean.java:363)
	... 20 more
Exiting: com.topcoder.clients.webservices.beans.ProjectServiceBean#createProject(Project project, Client client)
Entering: com.topcoder.clients.webservices.beans.ProjectServiceBean#updateProject(Project project)
Passing entity cannot be null.
java.lang.IllegalArgumentException: Passing entity cannot be null.
	at com.topcoder.util.errorhandling.ExceptionUtils.checkNull(ExceptionUtils.java:173)
	at com.topcoder.clients.webservices.beans.BeanUtils.validateCaller(BeanUtils.java:226)
	at com.topcoder.clients.webservices.beans.ProjectServiceBean.updateProject(ProjectServiceBean.java:410)
	at com.topcoder.clients.webservices.failuretests.ProjectServiceBeanFailureTest.testUpdateProject_InvalidArguments1(ProjectServiceBeanFailureTest.java:553)
	at sun.reflect.NativeMethodAccessorImpl.invoke0(Native Method)
	at sun.reflect.NativeMethodAccessorImpl.invoke(NativeMethodAccessorImpl.java:39)
	at sun.reflect.DelegatingMethodAccessorImpl.invoke(DelegatingMethodAccessorImpl.java:25)
	at java.lang.reflect.Method.invoke(Method.java:585)
	at junit.framework.TestCase.runTest(TestCase.java:164)
	at junit.framework.TestCase.runBare(TestCase.java:130)
	at junit.framework.TestResult$1.protect(TestResult.java:106)
	at junit.framework.TestResult.runProtected(TestResult.java:124)
	at junit.framework.TestResult.run(TestResult.java:109)
	at junit.framework.TestCase.run(TestCase.java:120)
	at junit.framework.TestSuite.runTest(TestSuite.java:230)
	at junit.framework.TestSuite.run(TestSuite.java:225)
	at junit.framework.TestSuite.runTest(TestSuite.java:230)
	at junit.framework.TestSuite.run(TestSuite.java:225)
	at junit.framework.TestSuite.runTest(TestSuite.java:230)
	at junit.framework.TestSuite.run(TestSuite.java:225)
	at org.apache.tools.ant.taskdefs.optional.junit.JUnitTestRunner.run(JUnitTestRunner.java:421)
	at org.apache.tools.ant.taskdefs.optional.junit.JUnitTestRunner.launch(JUnitTestRunner.java:912)
	at org.apache.tools.ant.taskdefs.optional.junit.JUnitTestRunner.main(JUnitTestRunner.java:766)
Exiting: com.topcoder.clients.webservices.beans.ProjectServiceBean#updateProject(Project project)
Entering: com.topcoder.clients.webservices.beans.ProjectServiceBean#updateProject(Project project)
Property 'com.topcoder.clients.manager.ProjectManager' has null state. Check your configuration again !!!
java.lang.IllegalStateException: Property 'com.topcoder.clients.manager.ProjectManager' has null state. Check your configuration again !!!
	at com.topcoder.clients.webservices.beans.BeanUtils.checkState(BeanUtils.java:465)
	at com.topcoder.clients.webservices.beans.BeanUtils.updateOperation(BeanUtils.java:371)
	at com.topcoder.clients.webservices.beans.ProjectServiceBean.updateProject(ProjectServiceBean.java:414)
	at com.topcoder.clients.webservices.failuretests.ProjectServiceBeanFailureTest.testUpdateProject_InvalidStates1(ProjectServiceBeanFailureTest.java:573)
	at sun.reflect.NativeMethodAccessorImpl.invoke0(Native Method)
	at sun.reflect.NativeMethodAccessorImpl.invoke(NativeMethodAccessorImpl.java:39)
	at sun.reflect.DelegatingMethodAccessorImpl.invoke(DelegatingMethodAccessorImpl.java:25)
	at java.lang.reflect.Method.invoke(Method.java:585)
	at junit.framework.TestCase.runTest(TestCase.java:164)
	at junit.framework.TestCase.runBare(TestCase.java:130)
	at junit.framework.TestResult$1.protect(TestResult.java:106)
	at junit.framework.TestResult.runProtected(TestResult.java:124)
	at junit.framework.TestResult.run(TestResult.java:109)
	at junit.framework.TestCase.run(TestCase.java:120)
	at junit.framework.TestSuite.runTest(TestSuite.java:230)
	at junit.framework.TestSuite.run(TestSuite.java:225)
	at junit.framework.TestSuite.runTest(TestSuite.java:230)
	at junit.framework.TestSuite.run(TestSuite.java:225)
	at junit.framework.TestSuite.runTest(TestSuite.java:230)
	at junit.framework.TestSuite.run(TestSuite.java:225)
	at org.apache.tools.ant.taskdefs.optional.junit.JUnitTestRunner.run(JUnitTestRunner.java:421)
	at org.apache.tools.ant.taskdefs.optional.junit.JUnitTestRunner.launch(JUnitTestRunner.java:912)
	at org.apache.tools.ant.taskdefs.optional.junit.JUnitTestRunner.main(JUnitTestRunner.java:766)
Exiting: com.topcoder.clients.webservices.beans.ProjectServiceBean#updateProject(Project project)
Entering: com.topcoder.clients.webservices.beans.ProjectServiceBean#updateProject(Project project)
Property 'UserMappingRetriever' has null state. Check your configuration again !!!
java.lang.IllegalStateException: Property 'UserMappingRetriever' has null state. Check your configuration again !!!
	at com.topcoder.clients.webservices.beans.BeanUtils.checkState(BeanUtils.java:465)
	at com.topcoder.clients.webservices.beans.BeanUtils.validateCaller(BeanUtils.java:225)
	at com.topcoder.clients.webservices.beans.ProjectServiceBean.updateProject(ProjectServiceBean.java:410)
	at com.topcoder.clients.webservices.failuretests.ProjectServiceBeanFailureTest.testUpdateProject_InvalidStates2(ProjectServiceBeanFailureTest.java:593)
	at sun.reflect.NativeMethodAccessorImpl.invoke0(Native Method)
	at sun.reflect.NativeMethodAccessorImpl.invoke(NativeMethodAccessorImpl.java:39)
	at sun.reflect.DelegatingMethodAccessorImpl.invoke(DelegatingMethodAccessorImpl.java:25)
	at java.lang.reflect.Method.invoke(Method.java:585)
	at junit.framework.TestCase.runTest(TestCase.java:164)
	at junit.framework.TestCase.runBare(TestCase.java:130)
	at junit.framework.TestResult$1.protect(TestResult.java:106)
	at junit.framework.TestResult.runProtected(TestResult.java:124)
	at junit.framework.TestResult.run(TestResult.java:109)
	at junit.framework.TestCase.run(TestCase.java:120)
	at junit.framework.TestSuite.runTest(TestSuite.java:230)
	at junit.framework.TestSuite.run(TestSuite.java:225)
	at junit.framework.TestSuite.runTest(TestSuite.java:230)
	at junit.framework.TestSuite.run(TestSuite.java:225)
	at junit.framework.TestSuite.runTest(TestSuite.java:230)
	at junit.framework.TestSuite.run(TestSuite.java:225)
	at org.apache.tools.ant.taskdefs.optional.junit.JUnitTestRunner.run(JUnitTestRunner.java:421)
	at org.apache.tools.ant.taskdefs.optional.junit.JUnitTestRunner.launch(JUnitTestRunner.java:912)
	at org.apache.tools.ant.taskdefs.optional.junit.JUnitTestRunner.main(JUnitTestRunner.java:766)
Exiting: com.topcoder.clients.webservices.beans.ProjectServiceBean#updateProject(Project project)
Entering: com.topcoder.clients.webservices.beans.ProjectServiceBean#updateProject(Project project)
Not has authorization to perform operation: com.topcoder.clients.webservices.beans.ProjectServiceBean#updateProject(Project project)
com.topcoder.clients.webservices.beans.AuthorizationFailedException: Not has authorization to perform operation: com.topcoder.clients.webservices.beans.ProjectServiceBean#updateProject(Project project)
	at com.topcoder.clients.webservices.beans.BeanUtils.validateCaller(BeanUtils.java:262)
	at com.topcoder.clients.webservices.beans.ProjectServiceBean.updateProject(ProjectServiceBean.java:410)
	at com.topcoder.clients.webservices.failuretests.ProjectServiceBeanFailureTest.testUpdateProject_InvalidAuthorizations1(ProjectServiceBeanFailureTest.java:615)
	at sun.reflect.NativeMethodAccessorImpl.invoke0(Native Method)
	at sun.reflect.NativeMethodAccessorImpl.invoke(NativeMethodAccessorImpl.java:39)
	at sun.reflect.DelegatingMethodAccessorImpl.invoke(DelegatingMethodAccessorImpl.java:25)
	at java.lang.reflect.Method.invoke(Method.java:585)
	at junit.framework.TestCase.runTest(TestCase.java:164)
	at junit.framework.TestCase.runBare(TestCase.java:130)
	at junit.framework.TestResult$1.protect(TestResult.java:106)
	at junit.framework.TestResult.runProtected(TestResult.java:124)
	at junit.framework.TestResult.run(TestResult.java:109)
	at junit.framework.TestCase.run(TestCase.java:120)
	at junit.framework.TestSuite.runTest(TestSuite.java:230)
	at junit.framework.TestSuite.run(TestSuite.java:225)
	at junit.framework.TestSuite.runTest(TestSuite.java:230)
	at junit.framework.TestSuite.run(TestSuite.java:225)
	at junit.framework.TestSuite.runTest(TestSuite.java:230)
	at junit.framework.TestSuite.run(TestSuite.java:225)
	at org.apache.tools.ant.taskdefs.optional.junit.JUnitTestRunner.run(JUnitTestRunner.java:421)
	at org.apache.tools.ant.taskdefs.optional.junit.JUnitTestRunner.launch(JUnitTestRunner.java:912)
	at org.apache.tools.ant.taskdefs.optional.junit.JUnitTestRunner.main(JUnitTestRunner.java:766)
Exiting: com.topcoder.clients.webservices.beans.ProjectServiceBean#updateProject(Project project)
Entering: com.topcoder.clients.webservices.beans.ProjectServiceBean#updateProject(Project project)
Not has authorization to perform operation: com.topcoder.clients.webservices.beans.ProjectServiceBean#updateProject(Project project)
com.topcoder.clients.webservices.beans.AuthorizationFailedException: Not has authorization to perform operation: com.topcoder.clients.webservices.beans.ProjectServiceBean#updateProject(Project project)
	at com.topcoder.clients.webservices.beans.BeanUtils.validateCaller(BeanUtils.java:262)
	at com.topcoder.clients.webservices.beans.ProjectServiceBean.updateProject(ProjectServiceBean.java:410)
	at com.topcoder.clients.webservices.failuretests.ProjectServiceBeanFailureTest.testUpdateProject_InvalidAuthorizations2(ProjectServiceBeanFailureTest.java:636)
	at sun.reflect.NativeMethodAccessorImpl.invoke0(Native Method)
	at sun.reflect.NativeMethodAccessorImpl.invoke(NativeMethodAccessorImpl.java:39)
	at sun.reflect.DelegatingMethodAccessorImpl.invoke(DelegatingMethodAccessorImpl.java:25)
	at java.lang.reflect.Method.invoke(Method.java:585)
	at junit.framework.TestCase.runTest(TestCase.java:164)
	at junit.framework.TestCase.runBare(TestCase.java:130)
	at junit.framework.TestResult$1.protect(TestResult.java:106)
	at junit.framework.TestResult.runProtected(TestResult.java:124)
	at junit.framework.TestResult.run(TestResult.java:109)
	at junit.framework.TestCase.run(TestCase.java:120)
	at junit.framework.TestSuite.runTest(TestSuite.java:230)
	at junit.framework.TestSuite.run(TestSuite.java:225)
	at junit.framework.TestSuite.runTest(TestSuite.java:230)
	at junit.framework.TestSuite.run(TestSuite.java:225)
	at junit.framework.TestSuite.runTest(TestSuite.java:230)
	at junit.framework.TestSuite.run(TestSuite.java:225)
	at org.apache.tools.ant.taskdefs.optional.junit.JUnitTestRunner.run(JUnitTestRunner.java:421)
	at org.apache.tools.ant.taskdefs.optional.junit.JUnitTestRunner.launch(JUnitTestRunner.java:912)
	at org.apache.tools.ant.taskdefs.optional.junit.JUnitTestRunner.main(JUnitTestRunner.java:766)
Exiting: com.topcoder.clients.webservices.beans.ProjectServiceBean#updateProject(Project project)
Entering: com.topcoder.clients.webservices.beans.ProjectServiceBean#updateProject(Project project)
Fail in user mapping retrieval.
com.topcoder.clients.webservices.beans.AuthorizationFailedException: Fail in user mapping retrieval.
	at com.topcoder.clients.webservices.beans.BeanUtils.validateCaller(BeanUtils.java:267)
	at com.topcoder.clients.webservices.beans.ProjectServiceBean.updateProject(ProjectServiceBean.java:410)
	at com.topcoder.clients.webservices.failuretests.ProjectServiceBeanFailureTest.testUpdateProject_InvalidAuthorizations3(ProjectServiceBeanFailureTest.java:658)
	at sun.reflect.NativeMethodAccessorImpl.invoke0(Native Method)
	at sun.reflect.NativeMethodAccessorImpl.invoke(NativeMethodAccessorImpl.java:39)
	at sun.reflect.DelegatingMethodAccessorImpl.invoke(DelegatingMethodAccessorImpl.java:25)
	at java.lang.reflect.Method.invoke(Method.java:585)
	at junit.framework.TestCase.runTest(TestCase.java:164)
	at junit.framework.TestCase.runBare(TestCase.java:130)
	at junit.framework.TestResult$1.protect(TestResult.java:106)
	at junit.framework.TestResult.runProtected(TestResult.java:124)
	at junit.framework.TestResult.run(TestResult.java:109)
	at junit.framework.TestCase.run(TestCase.java:120)
	at junit.framework.TestSuite.runTest(TestSuite.java:230)
	at junit.framework.TestSuite.run(TestSuite.java:225)
	at junit.framework.TestSuite.runTest(TestSuite.java:230)
	at junit.framework.TestSuite.run(TestSuite.java:225)
	at junit.framework.TestSuite.runTest(TestSuite.java:230)
	at junit.framework.TestSuite.run(TestSuite.java:225)
	at org.apache.tools.ant.taskdefs.optional.junit.JUnitTestRunner.run(JUnitTestRunner.java:421)
	at org.apache.tools.ant.taskdefs.optional.junit.JUnitTestRunner.launch(JUnitTestRunner.java:912)
	at org.apache.tools.ant.taskdefs.optional.junit.JUnitTestRunner.main(JUnitTestRunner.java:766)
Caused by: com.topcoder.clients.webservices.usermapping.UserMappingRetrievalException: for test.
	at com.topcoder.clients.webservices.failuretests.mock.MockUserMappingRetriever.checkFail(MockUserMappingRetriever.java:123)
	at com.topcoder.clients.webservices.failuretests.mock.MockUserMappingRetriever.getValidUsersForProject(MockUserMappingRetriever.java:109)
	at com.topcoder.clients.webservices.beans.BeanUtils.validateCaller(BeanUtils.java:243)
	... 21 more
Exiting: com.topcoder.clients.webservices.beans.ProjectServiceBean#updateProject(Project project)
Entering: com.topcoder.clients.webservices.beans.ProjectServiceBean#updateProject(Project project)
Fail update project.
com.topcoder.clients.webservices.ProjectServiceException: Fail update project.
	at com.topcoder.clients.webservices.beans.ProjectServiceBean.updateProject(ProjectServiceBean.java:417)
	at com.topcoder.clients.webservices.failuretests.ProjectServiceBeanFailureTest.testUpdateProject_Errors1(ProjectServiceBeanFailureTest.java:678)
	at sun.reflect.NativeMethodAccessorImpl.invoke0(Native Method)
	at sun.reflect.NativeMethodAccessorImpl.invoke(NativeMethodAccessorImpl.java:39)
	at sun.reflect.DelegatingMethodAccessorImpl.invoke(DelegatingMethodAccessorImpl.java:25)
	at java.lang.reflect.Method.invoke(Method.java:585)
	at junit.framework.TestCase.runTest(TestCase.java:164)
	at junit.framework.TestCase.runBare(TestCase.java:130)
	at junit.framework.TestResult$1.protect(TestResult.java:106)
	at junit.framework.TestResult.runProtected(TestResult.java:124)
	at junit.framework.TestResult.run(TestResult.java:109)
	at junit.framework.TestCase.run(TestCase.java:120)
	at junit.framework.TestSuite.runTest(TestSuite.java:230)
	at junit.framework.TestSuite.run(TestSuite.java:225)
	at junit.framework.TestSuite.runTest(TestSuite.java:230)
	at junit.framework.TestSuite.run(TestSuite.java:225)
	at junit.framework.TestSuite.runTest(TestSuite.java:230)
	at junit.framework.TestSuite.run(TestSuite.java:225)
	at org.apache.tools.ant.taskdefs.optional.junit.JUnitTestRunner.run(JUnitTestRunner.java:421)
	at org.apache.tools.ant.taskdefs.optional.junit.JUnitTestRunner.launch(JUnitTestRunner.java:912)
	at org.apache.tools.ant.taskdefs.optional.junit.JUnitTestRunner.main(JUnitTestRunner.java:766)
Caused by: java.lang.IllegalArgumentException: Test exception
	at com.topcoder.clients.webservices.failuretests.mock.MockProjectManager.checkFail(MockProjectManager.java:349)
	at com.topcoder.clients.webservices.failuretests.mock.MockProjectManager.updateProject(MockProjectManager.java:308)
	at com.topcoder.clients.webservices.beans.BeanUtils.updateOperation(BeanUtils.java:372)
	at com.topcoder.clients.webservices.beans.ProjectServiceBean.updateProject(ProjectServiceBean.java:414)
	... 20 more
Exiting: com.topcoder.clients.webservices.beans.ProjectServiceBean#updateProject(Project project)
Entering: com.topcoder.clients.webservices.beans.ProjectServiceBean#updateProject(Project project)
Fail update project.
com.topcoder.clients.webservices.ProjectServiceException: Fail update project.
	at com.topcoder.clients.webservices.beans.ProjectServiceBean.updateProject(ProjectServiceBean.java:417)
	at com.topcoder.clients.webservices.failuretests.ProjectServiceBeanFailureTest.testUpdateProject_Errors2(ProjectServiceBeanFailureTest.java:698)
	at sun.reflect.NativeMethodAccessorImpl.invoke0(Native Method)
	at sun.reflect.NativeMethodAccessorImpl.invoke(NativeMethodAccessorImpl.java:39)
	at sun.reflect.DelegatingMethodAccessorImpl.invoke(DelegatingMethodAccessorImpl.java:25)
	at java.lang.reflect.Method.invoke(Method.java:585)
	at junit.framework.TestCase.runTest(TestCase.java:164)
	at junit.framework.TestCase.runBare(TestCase.java:130)
	at junit.framework.TestResult$1.protect(TestResult.java:106)
	at junit.framework.TestResult.runProtected(TestResult.java:124)
	at junit.framework.TestResult.run(TestResult.java:109)
	at junit.framework.TestCase.run(TestCase.java:120)
	at junit.framework.TestSuite.runTest(TestSuite.java:230)
	at junit.framework.TestSuite.run(TestSuite.java:225)
	at junit.framework.TestSuite.runTest(TestSuite.java:230)
	at junit.framework.TestSuite.run(TestSuite.java:225)
	at junit.framework.TestSuite.runTest(TestSuite.java:230)
	at junit.framework.TestSuite.run(TestSuite.java:225)
	at org.apache.tools.ant.taskdefs.optional.junit.JUnitTestRunner.run(JUnitTestRunner.java:421)
	at org.apache.tools.ant.taskdefs.optional.junit.JUnitTestRunner.launch(JUnitTestRunner.java:912)
	at org.apache.tools.ant.taskdefs.optional.junit.JUnitTestRunner.main(JUnitTestRunner.java:766)
Caused by: com.topcoder.clients.manager.ProjectManagerException: Test exception
	at com.topcoder.clients.webservices.failuretests.mock.MockProjectManager.checkFail(MockProjectManager.java:345)
	at com.topcoder.clients.webservices.failuretests.mock.MockProjectManager.updateProject(MockProjectManager.java:308)
	at com.topcoder.clients.webservices.beans.BeanUtils.updateOperation(BeanUtils.java:372)
	at com.topcoder.clients.webservices.beans.ProjectServiceBean.updateProject(ProjectServiceBean.java:414)
	... 20 more
Exiting: com.topcoder.clients.webservices.beans.ProjectServiceBean#updateProject(Project project)
Entering: com.topcoder.clients.webservices.beans.ProjectServiceBean#deleteProject(Project project)
Passing entity cannot be null.
java.lang.IllegalArgumentException: Passing entity cannot be null.
	at com.topcoder.util.errorhandling.ExceptionUtils.checkNull(ExceptionUtils.java:173)
	at com.topcoder.clients.webservices.beans.BeanUtils.validateCaller(BeanUtils.java:226)
	at com.topcoder.clients.webservices.beans.ProjectServiceBean.deleteProject(ProjectServiceBean.java:461)
	at com.topcoder.clients.webservices.failuretests.ProjectServiceBeanFailureTest.testDeleteProject_InvalidArguments1(ProjectServiceBeanFailureTest.java:716)
	at sun.reflect.NativeMethodAccessorImpl.invoke0(Native Method)
	at sun.reflect.NativeMethodAccessorImpl.invoke(NativeMethodAccessorImpl.java:39)
	at sun.reflect.DelegatingMethodAccessorImpl.invoke(DelegatingMethodAccessorImpl.java:25)
	at java.lang.reflect.Method.invoke(Method.java:585)
	at junit.framework.TestCase.runTest(TestCase.java:164)
	at junit.framework.TestCase.runBare(TestCase.java:130)
	at junit.framework.TestResult$1.protect(TestResult.java:106)
	at junit.framework.TestResult.runProtected(TestResult.java:124)
	at junit.framework.TestResult.run(TestResult.java:109)
	at junit.framework.TestCase.run(TestCase.java:120)
	at junit.framework.TestSuite.runTest(TestSuite.java:230)
	at junit.framework.TestSuite.run(TestSuite.java:225)
	at junit.framework.TestSuite.runTest(TestSuite.java:230)
	at junit.framework.TestSuite.run(TestSuite.java:225)
	at junit.framework.TestSuite.runTest(TestSuite.java:230)
	at junit.framework.TestSuite.run(TestSuite.java:225)
	at org.apache.tools.ant.taskdefs.optional.junit.JUnitTestRunner.run(JUnitTestRunner.java:421)
	at org.apache.tools.ant.taskdefs.optional.junit.JUnitTestRunner.launch(JUnitTestRunner.java:912)
	at org.apache.tools.ant.taskdefs.optional.junit.JUnitTestRunner.main(JUnitTestRunner.java:766)
Exiting: com.topcoder.clients.webservices.beans.ProjectServiceBean#deleteProject(Project project)
Entering: com.topcoder.clients.webservices.beans.ProjectServiceBean#deleteProject(Project project)
Property 'com.topcoder.clients.manager.ProjectManager' has null state. Check your configuration again !!!
java.lang.IllegalStateException: Property 'com.topcoder.clients.manager.ProjectManager' has null state. Check your configuration again !!!
	at com.topcoder.clients.webservices.beans.BeanUtils.checkState(BeanUtils.java:465)
	at com.topcoder.clients.webservices.beans.BeanUtils.deleteOperation(BeanUtils.java:422)
	at com.topcoder.clients.webservices.beans.ProjectServiceBean.deleteProject(ProjectServiceBean.java:465)
	at com.topcoder.clients.webservices.failuretests.ProjectServiceBeanFailureTest.testDeleteProject_InvalidStates1(ProjectServiceBeanFailureTest.java:736)
	at sun.reflect.NativeMethodAccessorImpl.invoke0(Native Method)
	at sun.reflect.NativeMethodAccessorImpl.invoke(NativeMethodAccessorImpl.java:39)
	at sun.reflect.DelegatingMethodAccessorImpl.invoke(DelegatingMethodAccessorImpl.java:25)
	at java.lang.reflect.Method.invoke(Method.java:585)
	at junit.framework.TestCase.runTest(TestCase.java:164)
	at junit.framework.TestCase.runBare(TestCase.java:130)
	at junit.framework.TestResult$1.protect(TestResult.java:106)
	at junit.framework.TestResult.runProtected(TestResult.java:124)
	at junit.framework.TestResult.run(TestResult.java:109)
	at junit.framework.TestCase.run(TestCase.java:120)
	at junit.framework.TestSuite.runTest(TestSuite.java:230)
	at junit.framework.TestSuite.run(TestSuite.java:225)
	at junit.framework.TestSuite.runTest(TestSuite.java:230)
	at junit.framework.TestSuite.run(TestSuite.java:225)
	at junit.framework.TestSuite.runTest(TestSuite.java:230)
	at junit.framework.TestSuite.run(TestSuite.java:225)
	at org.apache.tools.ant.taskdefs.optional.junit.JUnitTestRunner.run(JUnitTestRunner.java:421)
	at org.apache.tools.ant.taskdefs.optional.junit.JUnitTestRunner.launch(JUnitTestRunner.java:912)
	at org.apache.tools.ant.taskdefs.optional.junit.JUnitTestRunner.main(JUnitTestRunner.java:766)
Exiting: com.topcoder.clients.webservices.beans.ProjectServiceBean#deleteProject(Project project)
Entering: com.topcoder.clients.webservices.beans.ProjectServiceBean#deleteProject(Project project)
Property 'UserMappingRetriever' has null state. Check your configuration again !!!
java.lang.IllegalStateException: Property 'UserMappingRetriever' has null state. Check your configuration again !!!
	at com.topcoder.clients.webservices.beans.BeanUtils.checkState(BeanUtils.java:465)
	at com.topcoder.clients.webservices.beans.BeanUtils.validateCaller(BeanUtils.java:225)
	at com.topcoder.clients.webservices.beans.ProjectServiceBean.deleteProject(ProjectServiceBean.java:461)
	at com.topcoder.clients.webservices.failuretests.ProjectServiceBeanFailureTest.testDeleteProject_InvalidStates2(ProjectServiceBeanFailureTest.java:756)
	at sun.reflect.NativeMethodAccessorImpl.invoke0(Native Method)
	at sun.reflect.NativeMethodAccessorImpl.invoke(NativeMethodAccessorImpl.java:39)
	at sun.reflect.DelegatingMethodAccessorImpl.invoke(DelegatingMethodAccessorImpl.java:25)
	at java.lang.reflect.Method.invoke(Method.java:585)
	at junit.framework.TestCase.runTest(TestCase.java:164)
	at junit.framework.TestCase.runBare(TestCase.java:130)
	at junit.framework.TestResult$1.protect(TestResult.java:106)
	at junit.framework.TestResult.runProtected(TestResult.java:124)
	at junit.framework.TestResult.run(TestResult.java:109)
	at junit.framework.TestCase.run(TestCase.java:120)
	at junit.framework.TestSuite.runTest(TestSuite.java:230)
	at junit.framework.TestSuite.run(TestSuite.java:225)
	at junit.framework.TestSuite.runTest(TestSuite.java:230)
	at junit.framework.TestSuite.run(TestSuite.java:225)
	at junit.framework.TestSuite.runTest(TestSuite.java:230)
	at junit.framework.TestSuite.run(TestSuite.java:225)
	at org.apache.tools.ant.taskdefs.optional.junit.JUnitTestRunner.run(JUnitTestRunner.java:421)
	at org.apache.tools.ant.taskdefs.optional.junit.JUnitTestRunner.launch(JUnitTestRunner.java:912)
	at org.apache.tools.ant.taskdefs.optional.junit.JUnitTestRunner.main(JUnitTestRunner.java:766)
Exiting: com.topcoder.clients.webservices.beans.ProjectServiceBean#deleteProject(Project project)
Entering: com.topcoder.clients.webservices.beans.ProjectServiceBean#deleteProject(Project project)
Not has authorization to perform operation: com.topcoder.clients.webservices.beans.ProjectServiceBean#deleteProject(Project project)
com.topcoder.clients.webservices.beans.AuthorizationFailedException: Not has authorization to perform operation: com.topcoder.clients.webservices.beans.ProjectServiceBean#deleteProject(Project project)
	at com.topcoder.clients.webservices.beans.BeanUtils.validateCaller(BeanUtils.java:262)
	at com.topcoder.clients.webservices.beans.ProjectServiceBean.deleteProject(ProjectServiceBean.java:461)
	at com.topcoder.clients.webservices.failuretests.ProjectServiceBeanFailureTest.testDeleteProject_InvalidAuthorizations1(ProjectServiceBeanFailureTest.java:778)
	at sun.reflect.NativeMethodAccessorImpl.invoke0(Native Method)
	at sun.reflect.NativeMethodAccessorImpl.invoke(NativeMethodAccessorImpl.java:39)
	at sun.reflect.DelegatingMethodAccessorImpl.invoke(DelegatingMethodAccessorImpl.java:25)
	at java.lang.reflect.Method.invoke(Method.java:585)
	at junit.framework.TestCase.runTest(TestCase.java:164)
	at junit.framework.TestCase.runBare(TestCase.java:130)
	at junit.framework.TestResult$1.protect(TestResult.java:106)
	at junit.framework.TestResult.runProtected(TestResult.java:124)
	at junit.framework.TestResult.run(TestResult.java:109)
	at junit.framework.TestCase.run(TestCase.java:120)
	at junit.framework.TestSuite.runTest(TestSuite.java:230)
	at junit.framework.TestSuite.run(TestSuite.java:225)
	at junit.framework.TestSuite.runTest(TestSuite.java:230)
	at junit.framework.TestSuite.run(TestSuite.java:225)
	at junit.framework.TestSuite.runTest(TestSuite.java:230)
	at junit.framework.TestSuite.run(TestSuite.java:225)
	at org.apache.tools.ant.taskdefs.optional.junit.JUnitTestRunner.run(JUnitTestRunner.java:421)
	at org.apache.tools.ant.taskdefs.optional.junit.JUnitTestRunner.launch(JUnitTestRunner.java:912)
	at org.apache.tools.ant.taskdefs.optional.junit.JUnitTestRunner.main(JUnitTestRunner.java:766)
Exiting: com.topcoder.clients.webservices.beans.ProjectServiceBean#deleteProject(Project project)
Entering: com.topcoder.clients.webservices.beans.ProjectServiceBean#deleteProject(Project project)
Not has authorization to perform operation: com.topcoder.clients.webservices.beans.ProjectServiceBean#deleteProject(Project project)
com.topcoder.clients.webservices.beans.AuthorizationFailedException: Not has authorization to perform operation: com.topcoder.clients.webservices.beans.ProjectServiceBean#deleteProject(Project project)
	at com.topcoder.clients.webservices.beans.BeanUtils.validateCaller(BeanUtils.java:262)
	at com.topcoder.clients.webservices.beans.ProjectServiceBean.deleteProject(ProjectServiceBean.java:461)
	at com.topcoder.clients.webservices.failuretests.ProjectServiceBeanFailureTest.testDeleteProject_InvalidAuthorizations2(ProjectServiceBeanFailureTest.java:799)
	at sun.reflect.NativeMethodAccessorImpl.invoke0(Native Method)
	at sun.reflect.NativeMethodAccessorImpl.invoke(NativeMethodAccessorImpl.java:39)
	at sun.reflect.DelegatingMethodAccessorImpl.invoke(DelegatingMethodAccessorImpl.java:25)
	at java.lang.reflect.Method.invoke(Method.java:585)
	at junit.framework.TestCase.runTest(TestCase.java:164)
	at junit.framework.TestCase.runBare(TestCase.java:130)
	at junit.framework.TestResult$1.protect(TestResult.java:106)
	at junit.framework.TestResult.runProtected(TestResult.java:124)
	at junit.framework.TestResult.run(TestResult.java:109)
	at junit.framework.TestCase.run(TestCase.java:120)
	at junit.framework.TestSuite.runTest(TestSuite.java:230)
	at junit.framework.TestSuite.run(TestSuite.java:225)
	at junit.framework.TestSuite.runTest(TestSuite.java:230)
	at junit.framework.TestSuite.run(TestSuite.java:225)
	at junit.framework.TestSuite.runTest(TestSuite.java:230)
	at junit.framework.TestSuite.run(TestSuite.java:225)
	at org.apache.tools.ant.taskdefs.optional.junit.JUnitTestRunner.run(JUnitTestRunner.java:421)
	at org.apache.tools.ant.taskdefs.optional.junit.JUnitTestRunner.launch(JUnitTestRunner.java:912)
	at org.apache.tools.ant.taskdefs.optional.junit.JUnitTestRunner.main(JUnitTestRunner.java:766)
Exiting: com.topcoder.clients.webservices.beans.ProjectServiceBean#deleteProject(Project project)
Entering: com.topcoder.clients.webservices.beans.ProjectServiceBean#deleteProject(Project project)
Fail in user mapping retrieval.
com.topcoder.clients.webservices.beans.AuthorizationFailedException: Fail in user mapping retrieval.
	at com.topcoder.clients.webservices.beans.BeanUtils.validateCaller(BeanUtils.java:267)
	at com.topcoder.clients.webservices.beans.ProjectServiceBean.deleteProject(ProjectServiceBean.java:461)
	at com.topcoder.clients.webservices.failuretests.ProjectServiceBeanFailureTest.testDeleteProject_InvalidAuthorizations3(ProjectServiceBeanFailureTest.java:821)
	at sun.reflect.NativeMethodAccessorImpl.invoke0(Native Method)
	at sun.reflect.NativeMethodAccessorImpl.invoke(NativeMethodAccessorImpl.java:39)
	at sun.reflect.DelegatingMethodAccessorImpl.invoke(DelegatingMethodAccessorImpl.java:25)
	at java.lang.reflect.Method.invoke(Method.java:585)
	at junit.framework.TestCase.runTest(TestCase.java:164)
	at junit.framework.TestCase.runBare(TestCase.java:130)
	at junit.framework.TestResult$1.protect(TestResult.java:106)
	at junit.framework.TestResult.runProtected(TestResult.java:124)
	at junit.framework.TestResult.run(TestResult.java:109)
	at junit.framework.TestCase.run(TestCase.java:120)
	at junit.framework.TestSuite.runTest(TestSuite.java:230)
	at junit.framework.TestSuite.run(TestSuite.java:225)
	at junit.framework.TestSuite.runTest(TestSuite.java:230)
	at junit.framework.TestSuite.run(TestSuite.java:225)
	at junit.framework.TestSuite.runTest(TestSuite.java:230)
	at junit.framework.TestSuite.run(TestSuite.java:225)
	at org.apache.tools.ant.taskdefs.optional.junit.JUnitTestRunner.run(JUnitTestRunner.java:421)
	at org.apache.tools.ant.taskdefs.optional.junit.JUnitTestRunner.launch(JUnitTestRunner.java:912)
	at org.apache.tools.ant.taskdefs.optional.junit.JUnitTestRunner.main(JUnitTestRunner.java:766)
Caused by: com.topcoder.clients.webservices.usermapping.UserMappingRetrievalException: for test.
	at com.topcoder.clients.webservices.failuretests.mock.MockUserMappingRetriever.checkFail(MockUserMappingRetriever.java:123)
	at com.topcoder.clients.webservices.failuretests.mock.MockUserMappingRetriever.getValidUsersForProject(MockUserMappingRetriever.java:109)
	at com.topcoder.clients.webservices.beans.BeanUtils.validateCaller(BeanUtils.java:243)
	... 21 more
Exiting: com.topcoder.clients.webservices.beans.ProjectServiceBean#deleteProject(Project project)
Entering: com.topcoder.clients.webservices.beans.ProjectServiceBean#deleteProject(Project project)
Fail delete project.
com.topcoder.clients.webservices.ProjectServiceException: Fail delete project.
	at com.topcoder.clients.webservices.beans.ProjectServiceBean.deleteProject(ProjectServiceBean.java:468)
	at com.topcoder.clients.webservices.failuretests.ProjectServiceBeanFailureTest.testDeleteProject_Errors1(ProjectServiceBeanFailureTest.java:841)
	at sun.reflect.NativeMethodAccessorImpl.invoke0(Native Method)
	at sun.reflect.NativeMethodAccessorImpl.invoke(NativeMethodAccessorImpl.java:39)
	at sun.reflect.DelegatingMethodAccessorImpl.invoke(DelegatingMethodAccessorImpl.java:25)
	at java.lang.reflect.Method.invoke(Method.java:585)
	at junit.framework.TestCase.runTest(TestCase.java:164)
	at junit.framework.TestCase.runBare(TestCase.java:130)
	at junit.framework.TestResult$1.protect(TestResult.java:106)
	at junit.framework.TestResult.runProtected(TestResult.java:124)
	at junit.framework.TestResult.run(TestResult.java:109)
	at junit.framework.TestCase.run(TestCase.java:120)
	at junit.framework.TestSuite.runTest(TestSuite.java:230)
	at junit.framework.TestSuite.run(TestSuite.java:225)
	at junit.framework.TestSuite.runTest(TestSuite.java:230)
	at junit.framework.TestSuite.run(TestSuite.java:225)
	at junit.framework.TestSuite.runTest(TestSuite.java:230)
	at junit.framework.TestSuite.run(TestSuite.java:225)
	at org.apache.tools.ant.taskdefs.optional.junit.JUnitTestRunner.run(JUnitTestRunner.java:421)
	at org.apache.tools.ant.taskdefs.optional.junit.JUnitTestRunner.launch(JUnitTestRunner.java:912)
	at org.apache.tools.ant.taskdefs.optional.junit.JUnitTestRunner.main(JUnitTestRunner.java:766)
Caused by: java.lang.IllegalArgumentException: Test exception
	at com.topcoder.clients.webservices.failuretests.mock.MockProjectManager.checkFail(MockProjectManager.java:349)
	at com.topcoder.clients.webservices.failuretests.mock.MockProjectManager.deleteProject(MockProjectManager.java:112)
	at com.topcoder.clients.webservices.beans.BeanUtils.deleteOperation(BeanUtils.java:423)
	at com.topcoder.clients.webservices.beans.ProjectServiceBean.deleteProject(ProjectServiceBean.java:465)
	... 20 more
Exiting: com.topcoder.clients.webservices.beans.ProjectServiceBean#deleteProject(Project project)
Entering: com.topcoder.clients.webservices.beans.ProjectServiceBean#deleteProject(Project project)
Fail delete project.
com.topcoder.clients.webservices.ProjectServiceException: Fail delete project.
	at com.topcoder.clients.webservices.beans.ProjectServiceBean.deleteProject(ProjectServiceBean.java:468)
	at com.topcoder.clients.webservices.failuretests.ProjectServiceBeanFailureTest.testDeleteProject_Errors2(ProjectServiceBeanFailureTest.java:861)
	at sun.reflect.NativeMethodAccessorImpl.invoke0(Native Method)
	at sun.reflect.NativeMethodAccessorImpl.invoke(NativeMethodAccessorImpl.java:39)
	at sun.reflect.DelegatingMethodAccessorImpl.invoke(DelegatingMethodAccessorImpl.java:25)
	at java.lang.reflect.Method.invoke(Method.java:585)
	at junit.framework.TestCase.runTest(TestCase.java:164)
	at junit.framework.TestCase.runBare(TestCase.java:130)
	at junit.framework.TestResult$1.protect(TestResult.java:106)
	at junit.framework.TestResult.runProtected(TestResult.java:124)
	at junit.framework.TestResult.run(TestResult.java:109)
	at junit.framework.TestCase.run(TestCase.java:120)
	at junit.framework.TestSuite.runTest(TestSuite.java:230)
	at junit.framework.TestSuite.run(TestSuite.java:225)
	at junit.framework.TestSuite.runTest(TestSuite.java:230)
	at junit.framework.TestSuite.run(TestSuite.java:225)
	at junit.framework.TestSuite.runTest(TestSuite.java:230)
	at junit.framework.TestSuite.run(TestSuite.java:225)
	at org.apache.tools.ant.taskdefs.optional.junit.JUnitTestRunner.run(JUnitTestRunner.java:421)
	at org.apache.tools.ant.taskdefs.optional.junit.JUnitTestRunner.launch(JUnitTestRunner.java:912)
	at org.apache.tools.ant.taskdefs.optional.junit.JUnitTestRunner.main(JUnitTestRunner.java:766)
Caused by: com.topcoder.clients.manager.ProjectManagerException: Test exception
	at com.topcoder.clients.webservices.failuretests.mock.MockProjectManager.checkFail(MockProjectManager.java:345)
	at com.topcoder.clients.webservices.failuretests.mock.MockProjectManager.deleteProject(MockProjectManager.java:112)
	at com.topcoder.clients.webservices.beans.BeanUtils.deleteOperation(BeanUtils.java:423)
	at com.topcoder.clients.webservices.beans.ProjectServiceBean.deleteProject(ProjectServiceBean.java:465)
	... 20 more
Exiting: com.topcoder.clients.webservices.beans.ProjectServiceBean#deleteProject(Project project)
Entering: com.topcoder.clients.webservices.beans.ProjectServiceBean#deleteProject(Project project)
Argument [project] cannot be null.
java.lang.IllegalArgumentException: Argument [project] cannot be null.
	at com.topcoder.util.errorhandling.ExceptionUtils.checkNull(ExceptionUtils.java:173)
	at com.topcoder.clients.webservices.beans.ProjectServiceBean.setProjectStatus(ProjectServiceBean.java:517)
	at com.topcoder.clients.webservices.failuretests.ProjectServiceBeanFailureTest.testSetProjectStatus_InvalidArguments1(ProjectServiceBeanFailureTest.java:880)
	at sun.reflect.NativeMethodAccessorImpl.invoke0(Native Method)
	at sun.reflect.NativeMethodAccessorImpl.invoke(NativeMethodAccessorImpl.java:39)
	at sun.reflect.DelegatingMethodAccessorImpl.invoke(DelegatingMethodAccessorImpl.java:25)
	at java.lang.reflect.Method.invoke(Method.java:585)
	at junit.framework.TestCase.runTest(TestCase.java:164)
	at junit.framework.TestCase.runBare(TestCase.java:130)
	at junit.framework.TestResult$1.protect(TestResult.java:106)
	at junit.framework.TestResult.runProtected(TestResult.java:124)
	at junit.framework.TestResult.run(TestResult.java:109)
	at junit.framework.TestCase.run(TestCase.java:120)
	at junit.framework.TestSuite.runTest(TestSuite.java:230)
	at junit.framework.TestSuite.run(TestSuite.java:225)
	at junit.framework.TestSuite.runTest(TestSuite.java:230)
	at junit.framework.TestSuite.run(TestSuite.java:225)
	at junit.framework.TestSuite.runTest(TestSuite.java:230)
	at junit.framework.TestSuite.run(TestSuite.java:225)
	at org.apache.tools.ant.taskdefs.optional.junit.JUnitTestRunner.run(JUnitTestRunner.java:421)
	at org.apache.tools.ant.taskdefs.optional.junit.JUnitTestRunner.launch(JUnitTestRunner.java:912)
	at org.apache.tools.ant.taskdefs.optional.junit.JUnitTestRunner.main(JUnitTestRunner.java:766)
Exiting: com.topcoder.clients.webservices.beans.ProjectServiceBean#deleteProject(Project project)
Entering: com.topcoder.clients.webservices.beans.ProjectServiceBean#deleteProject(Project project)
Argument [status] cannot be null
java.lang.IllegalArgumentException: Argument [status] cannot be null
	at com.topcoder.util.errorhandling.ExceptionUtils.checkNull(ExceptionUtils.java:173)
	at com.topcoder.clients.webservices.beans.ProjectServiceBean.setProjectStatus(ProjectServiceBean.java:518)
	at com.topcoder.clients.webservices.failuretests.ProjectServiceBeanFailureTest.testSetProjectStatus_InvalidArguments2(ProjectServiceBeanFailureTest.java:899)
	at sun.reflect.NativeMethodAccessorImpl.invoke0(Native Method)
	at sun.reflect.NativeMethodAccessorImpl.invoke(NativeMethodAccessorImpl.java:39)
	at sun.reflect.DelegatingMethodAccessorImpl.invoke(DelegatingMethodAccessorImpl.java:25)
	at java.lang.reflect.Method.invoke(Method.java:585)
	at junit.framework.TestCase.runTest(TestCase.java:164)
	at junit.framework.TestCase.runBare(TestCase.java:130)
	at junit.framework.TestResult$1.protect(TestResult.java:106)
	at junit.framework.TestResult.runProtected(TestResult.java:124)
	at junit.framework.TestResult.run(TestResult.java:109)
	at junit.framework.TestCase.run(TestCase.java:120)
	at junit.framework.TestSuite.runTest(TestSuite.java:230)
	at junit.framework.TestSuite.run(TestSuite.java:225)
	at junit.framework.TestSuite.runTest(TestSuite.java:230)
	at junit.framework.TestSuite.run(TestSuite.java:225)
	at junit.framework.TestSuite.runTest(TestSuite.java:230)
	at junit.framework.TestSuite.run(TestSuite.java:225)
	at org.apache.tools.ant.taskdefs.optional.junit.JUnitTestRunner.run(JUnitTestRunner.java:421)
	at org.apache.tools.ant.taskdefs.optional.junit.JUnitTestRunner.launch(JUnitTestRunner.java:912)
	at org.apache.tools.ant.taskdefs.optional.junit.JUnitTestRunner.main(JUnitTestRunner.java:766)
Exiting: com.topcoder.clients.webservices.beans.ProjectServiceBean#deleteProject(Project project)
Entering: com.topcoder.clients.webservices.beans.ProjectServiceBean#deleteProject(Project project)
Property 'ProjectManager' has null state. Check your configuration again !!!
java.lang.IllegalStateException: Property 'ProjectManager' has null state. Check your configuration again !!!
	at com.topcoder.clients.webservices.beans.BeanUtils.checkState(BeanUtils.java:465)
	at com.topcoder.clients.webservices.beans.ProjectServiceBean.setProjectStatus(ProjectServiceBean.java:516)
	at com.topcoder.clients.webservices.failuretests.ProjectServiceBeanFailureTest.testSetProjectStatus_InvalidStates1(ProjectServiceBeanFailureTest.java:919)
	at sun.reflect.NativeMethodAccessorImpl.invoke0(Native Method)
	at sun.reflect.NativeMethodAccessorImpl.invoke(NativeMethodAccessorImpl.java:39)
	at sun.reflect.DelegatingMethodAccessorImpl.invoke(DelegatingMethodAccessorImpl.java:25)
	at java.lang.reflect.Method.invoke(Method.java:585)
	at junit.framework.TestCase.runTest(TestCase.java:164)
	at junit.framework.TestCase.runBare(TestCase.java:130)
	at junit.framework.TestResult$1.protect(TestResult.java:106)
	at junit.framework.TestResult.runProtected(TestResult.java:124)
	at junit.framework.TestResult.run(TestResult.java:109)
	at junit.framework.TestCase.run(TestCase.java:120)
	at junit.framework.TestSuite.runTest(TestSuite.java:230)
	at junit.framework.TestSuite.run(TestSuite.java:225)
	at junit.framework.TestSuite.runTest(TestSuite.java:230)
	at junit.framework.TestSuite.run(TestSuite.java:225)
	at junit.framework.TestSuite.runTest(TestSuite.java:230)
	at junit.framework.TestSuite.run(TestSuite.java:225)
	at org.apache.tools.ant.taskdefs.optional.junit.JUnitTestRunner.run(JUnitTestRunner.java:421)
	at org.apache.tools.ant.taskdefs.optional.junit.JUnitTestRunner.launch(JUnitTestRunner.java:912)
	at org.apache.tools.ant.taskdefs.optional.junit.JUnitTestRunner.main(JUnitTestRunner.java:766)
Exiting: com.topcoder.clients.webservices.beans.ProjectServiceBean#deleteProject(Project project)
Entering: com.topcoder.clients.webservices.beans.ProjectServiceBean#deleteProject(Project project)
Property 'UserMappingRetriever' has null state. Check your configuration again !!!
java.lang.IllegalStateException: Property 'UserMappingRetriever' has null state. Check your configuration again !!!
	at com.topcoder.clients.webservices.beans.BeanUtils.checkState(BeanUtils.java:465)
	at com.topcoder.clients.webservices.beans.BeanUtils.validateCaller(BeanUtils.java:225)
	at com.topcoder.clients.webservices.beans.ProjectServiceBean.setProjectStatus(ProjectServiceBean.java:521)
	at com.topcoder.clients.webservices.failuretests.ProjectServiceBeanFailureTest.testSetProjectStatus_InvalidStates2(ProjectServiceBeanFailureTest.java:939)
	at sun.reflect.NativeMethodAccessorImpl.invoke0(Native Method)
	at sun.reflect.NativeMethodAccessorImpl.invoke(NativeMethodAccessorImpl.java:39)
	at sun.reflect.DelegatingMethodAccessorImpl.invoke(DelegatingMethodAccessorImpl.java:25)
	at java.lang.reflect.Method.invoke(Method.java:585)
	at junit.framework.TestCase.runTest(TestCase.java:164)
	at junit.framework.TestCase.runBare(TestCase.java:130)
	at junit.framework.TestResult$1.protect(TestResult.java:106)
	at junit.framework.TestResult.runProtected(TestResult.java:124)
	at junit.framework.TestResult.run(TestResult.java:109)
	at junit.framework.TestCase.run(TestCase.java:120)
	at junit.framework.TestSuite.runTest(TestSuite.java:230)
	at junit.framework.TestSuite.run(TestSuite.java:225)
	at junit.framework.TestSuite.runTest(TestSuite.java:230)
	at junit.framework.TestSuite.run(TestSuite.java:225)
	at junit.framework.TestSuite.runTest(TestSuite.java:230)
	at junit.framework.TestSuite.run(TestSuite.java:225)
	at org.apache.tools.ant.taskdefs.optional.junit.JUnitTestRunner.run(JUnitTestRunner.java:421)
	at org.apache.tools.ant.taskdefs.optional.junit.JUnitTestRunner.launch(JUnitTestRunner.java:912)
	at org.apache.tools.ant.taskdefs.optional.junit.JUnitTestRunner.main(JUnitTestRunner.java:766)
Exiting: com.topcoder.clients.webservices.beans.ProjectServiceBean#deleteProject(Project project)
Entering: com.topcoder.clients.webservices.beans.ProjectServiceBean#deleteProject(Project project)
Not has authorization to perform operation: com.topcoder.clients.webservices.beans.ProjectServiceBean#deleteProject(Project project)
com.topcoder.clients.webservices.beans.AuthorizationFailedException: Not has authorization to perform operation: com.topcoder.clients.webservices.beans.ProjectServiceBean#deleteProject(Project project)
	at com.topcoder.clients.webservices.beans.BeanUtils.validateCaller(BeanUtils.java:262)
	at com.topcoder.clients.webservices.beans.ProjectServiceBean.setProjectStatus(ProjectServiceBean.java:521)
	at com.topcoder.clients.webservices.failuretests.ProjectServiceBeanFailureTest.testSetProjectStatus_InvalidAuthorizations1(ProjectServiceBeanFailureTest.java:961)
	at sun.reflect.NativeMethodAccessorImpl.invoke0(Native Method)
	at sun.reflect.NativeMethodAccessorImpl.invoke(NativeMethodAccessorImpl.java:39)
	at sun.reflect.DelegatingMethodAccessorImpl.invoke(DelegatingMethodAccessorImpl.java:25)
	at java.lang.reflect.Method.invoke(Method.java:585)
	at junit.framework.TestCase.runTest(TestCase.java:164)
	at junit.framework.TestCase.runBare(TestCase.java:130)
	at junit.framework.TestResult$1.protect(TestResult.java:106)
	at junit.framework.TestResult.runProtected(TestResult.java:124)
	at junit.framework.TestResult.run(TestResult.java:109)
	at junit.framework.TestCase.run(TestCase.java:120)
	at junit.framework.TestSuite.runTest(TestSuite.java:230)
	at junit.framework.TestSuite.run(TestSuite.java:225)
	at junit.framework.TestSuite.runTest(TestSuite.java:230)
	at junit.framework.TestSuite.run(TestSuite.java:225)
	at junit.framework.TestSuite.runTest(TestSuite.java:230)
	at junit.framework.TestSuite.run(TestSuite.java:225)
	at org.apache.tools.ant.taskdefs.optional.junit.JUnitTestRunner.run(JUnitTestRunner.java:421)
	at org.apache.tools.ant.taskdefs.optional.junit.JUnitTestRunner.launch(JUnitTestRunner.java:912)
	at org.apache.tools.ant.taskdefs.optional.junit.JUnitTestRunner.main(JUnitTestRunner.java:766)
Exiting: com.topcoder.clients.webservices.beans.ProjectServiceBean#deleteProject(Project project)
Entering: com.topcoder.clients.webservices.beans.ProjectServiceBean#deleteProject(Project project)
Not has authorization to perform operation: com.topcoder.clients.webservices.beans.ProjectServiceBean#deleteProject(Project project)
com.topcoder.clients.webservices.beans.AuthorizationFailedException: Not has authorization to perform operation: com.topcoder.clients.webservices.beans.ProjectServiceBean#deleteProject(Project project)
	at com.topcoder.clients.webservices.beans.BeanUtils.validateCaller(BeanUtils.java:262)
	at com.topcoder.clients.webservices.beans.ProjectServiceBean.setProjectStatus(ProjectServiceBean.java:521)
	at com.topcoder.clients.webservices.failuretests.ProjectServiceBeanFailureTest.testSetProjectStatus_InvalidAuthorizations2(ProjectServiceBeanFailureTest.java:982)
	at sun.reflect.NativeMethodAccessorImpl.invoke0(Native Method)
	at sun.reflect.NativeMethodAccessorImpl.invoke(NativeMethodAccessorImpl.java:39)
	at sun.reflect.DelegatingMethodAccessorImpl.invoke(DelegatingMethodAccessorImpl.java:25)
	at java.lang.reflect.Method.invoke(Method.java:585)
	at junit.framework.TestCase.runTest(TestCase.java:164)
	at junit.framework.TestCase.runBare(TestCase.java:130)
	at junit.framework.TestResult$1.protect(TestResult.java:106)
	at junit.framework.TestResult.runProtected(TestResult.java:124)
	at junit.framework.TestResult.run(TestResult.java:109)
	at junit.framework.TestCase.run(TestCase.java:120)
	at junit.framework.TestSuite.runTest(TestSuite.java:230)
	at junit.framework.TestSuite.run(TestSuite.java:225)
	at junit.framework.TestSuite.runTest(TestSuite.java:230)
	at junit.framework.TestSuite.run(TestSuite.java:225)
	at junit.framework.TestSuite.runTest(TestSuite.java:230)
	at junit.framework.TestSuite.run(TestSuite.java:225)
	at org.apache.tools.ant.taskdefs.optional.junit.JUnitTestRunner.run(JUnitTestRunner.java:421)
	at org.apache.tools.ant.taskdefs.optional.junit.JUnitTestRunner.launch(JUnitTestRunner.java:912)
	at org.apache.tools.ant.taskdefs.optional.junit.JUnitTestRunner.main(JUnitTestRunner.java:766)
Exiting: com.topcoder.clients.webservices.beans.ProjectServiceBean#deleteProject(Project project)
Entering: com.topcoder.clients.webservices.beans.ProjectServiceBean#deleteProject(Project project)
Fail in user mapping retrieval.
com.topcoder.clients.webservices.beans.AuthorizationFailedException: Fail in user mapping retrieval.
	at com.topcoder.clients.webservices.beans.BeanUtils.validateCaller(BeanUtils.java:267)
	at com.topcoder.clients.webservices.beans.ProjectServiceBean.setProjectStatus(ProjectServiceBean.java:521)
	at com.topcoder.clients.webservices.failuretests.ProjectServiceBeanFailureTest.testSetProjectStatus_InvalidAuthorizations3(ProjectServiceBeanFailureTest.java:1004)
	at sun.reflect.NativeMethodAccessorImpl.invoke0(Native Method)
	at sun.reflect.NativeMethodAccessorImpl.invoke(NativeMethodAccessorImpl.java:39)
	at sun.reflect.DelegatingMethodAccessorImpl.invoke(DelegatingMethodAccessorImpl.java:25)
	at java.lang.reflect.Method.invoke(Method.java:585)
	at junit.framework.TestCase.runTest(TestCase.java:164)
	at junit.framework.TestCase.runBare(TestCase.java:130)
	at junit.framework.TestResult$1.protect(TestResult.java:106)
	at junit.framework.TestResult.runProtected(TestResult.java:124)
	at junit.framework.TestResult.run(TestResult.java:109)
	at junit.framework.TestCase.run(TestCase.java:120)
	at junit.framework.TestSuite.runTest(TestSuite.java:230)
	at junit.framework.TestSuite.run(TestSuite.java:225)
	at junit.framework.TestSuite.runTest(TestSuite.java:230)
	at junit.framework.TestSuite.run(TestSuite.java:225)
	at junit.framework.TestSuite.runTest(TestSuite.java:230)
	at junit.framework.TestSuite.run(TestSuite.java:225)
	at org.apache.tools.ant.taskdefs.optional.junit.JUnitTestRunner.run(JUnitTestRunner.java:421)
	at org.apache.tools.ant.taskdefs.optional.junit.JUnitTestRunner.launch(JUnitTestRunner.java:912)
	at org.apache.tools.ant.taskdefs.optional.junit.JUnitTestRunner.main(JUnitTestRunner.java:766)
Caused by: com.topcoder.clients.webservices.usermapping.UserMappingRetrievalException: for test.
	at com.topcoder.clients.webservices.failuretests.mock.MockUserMappingRetriever.checkFail(MockUserMappingRetriever.java:123)
	at com.topcoder.clients.webservices.failuretests.mock.MockUserMappingRetriever.getValidUsersForProject(MockUserMappingRetriever.java:109)
	at com.topcoder.clients.webservices.beans.BeanUtils.validateCaller(BeanUtils.java:243)
	... 21 more
Exiting: com.topcoder.clients.webservices.beans.ProjectServiceBean#deleteProject(Project project)
Entering: com.topcoder.clients.webservices.beans.ProjectServiceBean#deleteProject(Project project)
Illegal argument from Project Manager.
com.topcoder.clients.webservices.ProjectServiceException: Illegal argument from Project Manager.
	at com.topcoder.clients.webservices.beans.ProjectServiceBean.setProjectStatus(ProjectServiceBean.java:529)
	at com.topcoder.clients.webservices.failuretests.ProjectServiceBeanFailureTest.testSetProjectStatus_Errors1(ProjectServiceBeanFailureTest.java:1024)
	at sun.reflect.NativeMethodAccessorImpl.invoke0(Native Method)
	at sun.reflect.NativeMethodAccessorImpl.invoke(NativeMethodAccessorImpl.java:39)
	at sun.reflect.DelegatingMethodAccessorImpl.invoke(DelegatingMethodAccessorImpl.java:25)
	at java.lang.reflect.Method.invoke(Method.java:585)
	at junit.framework.TestCase.runTest(TestCase.java:164)
	at junit.framework.TestCase.runBare(TestCase.java:130)
	at junit.framework.TestResult$1.protect(TestResult.java:106)
	at junit.framework.TestResult.runProtected(TestResult.java:124)
	at junit.framework.TestResult.run(TestResult.java:109)
	at junit.framework.TestCase.run(TestCase.java:120)
	at junit.framework.TestSuite.runTest(TestSuite.java:230)
	at junit.framework.TestSuite.run(TestSuite.java:225)
	at junit.framework.TestSuite.runTest(TestSuite.java:230)
	at junit.framework.TestSuite.run(TestSuite.java:225)
	at junit.framework.TestSuite.runTest(TestSuite.java:230)
	at junit.framework.TestSuite.run(TestSuite.java:225)
	at org.apache.tools.ant.taskdefs.optional.junit.JUnitTestRunner.run(JUnitTestRunner.java:421)
	at org.apache.tools.ant.taskdefs.optional.junit.JUnitTestRunner.launch(JUnitTestRunner.java:912)
	at org.apache.tools.ant.taskdefs.optional.junit.JUnitTestRunner.main(JUnitTestRunner.java:766)
Caused by: java.lang.IllegalArgumentException: Test exception
	at com.topcoder.clients.webservices.failuretests.mock.MockProjectManager.checkFail(MockProjectManager.java:349)
	at com.topcoder.clients.webservices.failuretests.mock.MockProjectManager.setProjectStatus(MockProjectManager.java:290)
	at com.topcoder.clients.webservices.beans.ProjectServiceBean.setProjectStatus(ProjectServiceBean.java:526)
	... 20 more
Exiting: com.topcoder.clients.webservices.beans.ProjectServiceBean#deleteProject(Project project)
Entering: com.topcoder.clients.webservices.beans.ProjectServiceBean#deleteProject(Project project)
Fail setup project status
com.topcoder.clients.webservices.ProjectServiceException: Fail setup project status
	at com.topcoder.clients.webservices.beans.ProjectServiceBean.setProjectStatus(ProjectServiceBean.java:533)
	at com.topcoder.clients.webservices.failuretests.ProjectServiceBeanFailureTest.testSetProjectStatus_Errors2(ProjectServiceBeanFailureTest.java:1044)
	at sun.reflect.NativeMethodAccessorImpl.invoke0(Native Method)
	at sun.reflect.NativeMethodAccessorImpl.invoke(NativeMethodAccessorImpl.java:39)
	at sun.reflect.DelegatingMethodAccessorImpl.invoke(DelegatingMethodAccessorImpl.java:25)
	at java.lang.reflect.Method.invoke(Method.java:585)
	at junit.framework.TestCase.runTest(TestCase.java:164)
	at junit.framework.TestCase.runBare(TestCase.java:130)
	at junit.framework.TestResult$1.protect(TestResult.java:106)
	at junit.framework.TestResult.runProtected(TestResult.java:124)
	at junit.framework.TestResult.run(TestResult.java:109)
	at junit.framework.TestCase.run(TestCase.java:120)
	at junit.framework.TestSuite.runTest(TestSuite.java:230)
	at junit.framework.TestSuite.run(TestSuite.java:225)
	at junit.framework.TestSuite.runTest(TestSuite.java:230)
	at junit.framework.TestSuite.run(TestSuite.java:225)
	at junit.framework.TestSuite.runTest(TestSuite.java:230)
	at junit.framework.TestSuite.run(TestSuite.java:225)
	at org.apache.tools.ant.taskdefs.optional.junit.JUnitTestRunner.run(JUnitTestRunner.java:421)
	at org.apache.tools.ant.taskdefs.optional.junit.JUnitTestRunner.launch(JUnitTestRunner.java:912)
	at org.apache.tools.ant.taskdefs.optional.junit.JUnitTestRunner.main(JUnitTestRunner.java:766)
Exiting: com.topcoder.clients.webservices.beans.ProjectServiceBean#deleteProject(Project project)
The set of client id took 0
The set of client id took 0
The set of client id took 0
The set of user id took 0
The set of user id took 0
The set of user id took 16
The set of client id took 0
The set of client id took 0
The set of client id took 0
The set of user id took 0
The set of user id took 0
The set of user id took 0
]]></system-out>
  <system-err><![CDATA[]]></system-err>
</testsuite>
