<?xml version="1.0" encoding="UTF-8" ?>
<testsuite errors="0" failures="0" hostname="sadpunk7" name="com.topcoder.service.AllTests" tests="18" time="150.728" timestamp="2010-02-20T14:47:48">
  <properties>
    <property name="component.version.major" value="1" />
    <property name="file.encoding.pkg" value="sun.io" />
    <property name="java.home" value="C:\Program Files\Java\jdk1.5.0_21\jre" />
    <property name="config.manager.path" value="com/topcoder/util/config" />
    <property name="dist_javadocs" value="build/dist/project_service-1.1.0/docs/javadocs" />
    <property name="debug" value="off" />
    <property name="build_distdir" value="build/dist" />
    <property name="server.name" value="default" />
    <property name="distfilename" value="project_service" />
    <property name="cglib.jar" value="C:/Program Files/jboss-4.2.3.GA/server/default/lib/cglib.jar" />
    <property name="component.version.micro" value="0" />
    <property name="component.dist.jar" value="build/dist/project_service-1.1.0.jar" />
    <property name="java.endorsed.dirs" value="C:\Program Files\Java\jdk1.5.0_21\jre\lib\endorsed" />
    <property name="jboss_config_name" value="default" />
    <property name="sun.os.patch.level" value="" />
    <property name="design_dist.jar" value="project_service_1.1.0_design_dist.jar" />
    <property name="javadocsdir" value="docs/javadocs" />
    <property name="java.vendor.url" value="http://java.sun.com/" />
    <property name="jbossws-client.jar" value="C:/Program Files/jboss-4.2.3.GA/client/jbossws-client.jar" />
    <property name="java.version" value="1.5.0_21" />
    <property name="mockejb.jar" value="C:/topcoder/tcs/lib/third_party/mockejb/0.6/mockejb.jar" />
    <property name="java.vendor.url.bug" value="http://java.sun.com/cgi-bin/bugreport.cgi" />
    <property name="cobertura.datafile" value="log/cobertura.ser" />
    <property name="user.name" value="ernesto" />
    <property name="packagedir" value="com/topcoder/service" />
    <property name="sun.io.unicode.encoding" value="UnicodeLittle" />
    <property name="catalog_services.jar" value="C:/topcoder/tcs/lib/tcs/catalog_services/1.1/catalog_services.jar" />
    <property name="component_version" value="1.1.0" />
    <property name="sun.jnu.encoding" value="Cp1252" />
    <property name="cronos_libdir" value="C:/topcoder/tcs/lib/tcs" />
    <property name="java.runtime.name" value="Java(TM) 2 Runtime Environment, Standard Edition" />
    <property name="target_libdir" value="C:/topcoder/tcs/lib/tcs" />
    <property name="reports" value="log/reports" />
    <property name="component.jar" value="build/dist/lib/tcs/project_service/1.1.0/project_service.jar" />
    <property name="java.specification.name" value="Java Platform API Specification" />
    <property name="javamain" value="src/java/main" />
    <property name="user.timezone" value="" />
    <property name="component.version.build" value="1" />
    <property name="path.separator" value=";" />
    <property name="srcdir" value="src" />
    <property name="file.encoding" value="Cp1252" />
    <property name="jboss_login_module.jar" value="C:/topcoder/tcs/lib/tcs/jboss_login_module/2.1.0/jboss_login_module.jar" />
    <property name="project_services.jar" value="C:/topcoder/tcs/lib/tcs/project_services/1.1/project_services.jar" />
    <property name="commons-collections.jar" value="C:/Program Files/jboss-4.2.3.GA/server/default/lib/commons-collections.jar" />
    <property name="ant.file" value="C:\topcoder\project_service_1.0.1\build.xml" />
    <property name="javasrc" value="src/java" />
    <property name="instrumented.dir" value="build/instrumented" />
    <property name="component.target" value="1.5" />
    <property name="component.tests.jar" value="build/dist/lib/tcs/project_service_tests.jar" />
    <property name="java.io.tmpdir" value="C:\Users\ernesto\AppData\Local\Temp\" />
    <property name="user.language" value="es" />
    <property name="manifest_file_path" value="build/dist/project_service-1.1.0/META-INF/" />
    <property name="line.separator" value="
" />
    <property name="component.name" value="Project Service" />
    <property name="jboss_libdir" value="C:/Program Files/jboss-4.2.3.GA/server/default/lib" />
    <property name="verbose" value="no" />
    <property name="manifest_file" value="build/dist/project_service-1.1.0/META-INF//MANIFEST.MF" />
    <property name="ant.file.TopCoder Java Generic Build" value="C:\topcoder\project_service_1.0.1\build.xml" />
    <property name="project_phases.jar" value="C:/topcoder/tcs/lib/tcs/project_phases/2.0.1/project_phases.jar" />
    <property name="java.vm.info" value="mixed mode, sharing" />
    <property name="component_path" value="project_service/1.1.0" />
    <property name="sun.desktop" value="windows" />
    <property name="java.vm.specification.name" value="Java Virtual Machine Specification" />
    <property name="jboss-ejb3x.jar" value="C:/Program Files/jboss-4.2.3.GA/client/jboss-ejb3x.jar" />
    <property name="dist_coverage" value="build/dist/project_service-1.1.0/docs/coverage" />
    <property name="cobertura.datafile.remote" value="C:/Program Files/jboss-4.2.3.GA/bin/cobertura.ser" />
    <property name="builddir" value="build" />
    <property name="cobertura.dir" value="C:/topcoder/tcs/lib/third_party/cobertura/1.8" />
    <property name="id_generator.jar" value="C:/topcoder/tcs/lib/tcs/id_generator/3.0.2/id_generator.jar" />
    <property name="studio_service.jar" value="C:/topcoder/tcs/lib/tcs/studio_service/1.3.0/studio_service.jar" />
    <property name="configuration_manager.jar" value="C:/topcoder/tcs/lib/tcs/configuration_manager/2.1.5/configuration_manager.jar" />
    <property name="javac.encoding" value="UTF-8" />
    <property name="catalog_entities.jar" value="C:/topcoder/tcs/lib/tcs/catalog_entities/1.2.0/catalog_entities.jar" />
    <property name="java.awt.printerjob" value="sun.awt.windows.WPrinterJob" />
    <property name="dist_lib" value="build/dist/lib/tcs" />
    <property name="jdbc.informix.jar" value="C:/topcoder/tcs/lib/third_party/informix/1.4.1/ifxjdbc.jar" />
    <property name="ejb3-persistence.jar" value="C:/Program Files/jboss-4.2.3.GA/client/ejb3-persistence.jar" />
    <property name="junit.jar" value="C:/topcoder/tcs/lib/third_party/junit/4.6/junit.jar" />
    <property name="configdir" value="conf" />
    <property name="ant.file.Override Macrodef Standard Behaviour Import" value="C:\topcoder\project_service_1.0.1\build-override.xml" />
    <property name="build_tcsdistdir" value="build/dist/project_service-1.1.0" />
    <property name="ant.version" value="Apache Ant version 1.7.1 compiled on June 27 2008" />
    <property name="dist_docs" value="build/dist/project_service-1.1.0/docs" />
    <property name="test_reflib" value="test_reflib" />
    <property name="testlogdir" value="log" />
    <property name="os.name" value="Windows 7" />
    <property name="java.specification.vendor" value="Sun Microsystems Inc." />
    <property name="xercesImpl.jar" value="C:/Program Files/jboss-4.2.3.GA/lib/endorsed/xercesImpl.jar" />
    <property name="java.vm.name" value="Java HotSpot(TM) Client VM" />
    <property name="java.library.path" value="C:\Program Files\Java\jdk1.5.0_21\jre\bin;.;C:\Windows\system32;C:\Windows;c:\xeclient\bin;c:\oraclexe\app\oracle\product\10.2.0\server\bin;C:\Windows\system32;C:\Windows;C:\Windows\system32\wbem;C:\Windows\system32\windowspowershell\v1.0\;c:\program files\tortoisesvn\bin;c:\program files\apache\apache-maven-2.1.0\bin;c:\program files\graphviz2.22\bin;c:\program files\microsoft sql server\80\tools\binn\;c:\program files\apache\apache-ant-1.7.1\bin;c:\program files\common files\divx shared\;c:\program files\jboss-seam-2.2.0.ga;c:\program files\i;C:\Program Files\Common Files\Easysoft\Shared\;C:\Program Files\Remotesoft\Salamander\bin;c:\Program Files\Microsoft SQL Server\90\Tools\binn\;C:\Program Files\QuickTime\QTSystem\;C:\strawberry\c\bin;C:\strawberry\perl\bin;C:\PROGRA~1\IBM\SQLLIB\BIN;C:\PROGRA~1\IBM\SQLLIB\FUNCTION;C:\PROGRA~1\IBM\SQLLIB\SAMPLES\REPL;C:\Program Files\Nmap;C:\Windows\Microsoft.NET\Framework\v2.0.50727" />
    <property name="docpackage.jar" value="project_service_docs.jar" />
    <property name="ant.java.version" value="1.5" />
    <property name="basedir" value="C:\topcoder\project_service_1.0.1" />
    <property name="java.class.version" value="49.0" />
    <property name="antlr.jar" value="C:/Program Files/jboss-4.2.3.GA/client/antlr.jar" />
    <property name="ant.home" value="c:\Program Files\Apache\apache-ant-1.7.1\bin\.." />
    <property name="java_1_5_bootclasspath" value="C:/Program Files/Java/jdk1.5.0_21/jre/lib/rt.jar" />
    <property name="hibernate3.jar" value="C:/Program Files/jboss-4.2.3.GA/server/default/lib/hibernate3.jar" />
    <property name="net.sourceforge.cobertura.datafile" value="C:\topcoder\project_service_1.0.1\log\cobertura_local.ser" />
    <property name="jboss_login_module" value="" />
    <property name="jbossall-client.jar" value="C:/Program Files/jboss-4.2.3.GA/client/jbossall-client.jar" />
    <property name="log4j.jar" value="C:/Program Files/jboss-4.2.3.GA/server/default/lib/log4j.jar" />
    <property name="sun.boot.library.path" value="C:\Program Files\Java\jdk1.5.0_21\jre\bin" />
    <property name="ext_libdir" value="C:/topcoder/tcs/lib/third_party" />
    <property name="hibernate-annotations.jar" value="C:/Program Files/jboss-4.2.3.GA/server/default/lib/hibernate-annotations.jar" />
    <property name="sun.management.compiler" value="HotSpot Client Compiler" />
    <property name="deploy-dir" value="C:/Program Files/jboss-4.2.3.GA/server/default/deploy" />
    <property name="java.awt.graphicsenv" value="sun.awt.Win32GraphicsEnvironment" />
    <property name="user.variant" value="" />
    <property name="object_formatter.jar" value="C:/topcoder/tcs/lib/tcs/object_formatter/1.0.0/object_formatter.jar" />
    <property name="cobertura.datafile.local" value="log/cobertura_local.ser" />
    <property name="build_targetclassdir" value="build/targetclasses" />
    <property name="docsdir" value="docs" />
    <property name="hibernate-entitymanager.jar" value="C:/Program Files/jboss-4.2.3.GA/server/default/lib/hibernate-entitymanager.jar" />
    <property name="jboss-jaxws.jar" value="C:/Program Files/jboss-4.2.3.GA/server/default/lib/jboss-jaxws.jar" />
    <property name="dev_dist.jar" value="project_service_1.1.0_dev_dist.jar" />
    <property name="ant.project.name" value="TopCoder Java Generic Build" />
    <property name="component.version.minor" value="1" />
    <property name="java.vm.specification.version" value="1.0" />
    <property name="component.bootclasspath" value="C:/Program Files/Java/jdk1.5.0_21/jre/lib/rt.jar" />
    <property name="awt.toolkit" value="sun.awt.windows.WToolkit" />
    <property name="sun.cpu.isalist" value="pentium_pro+mmx pentium_pro pentium+mmx pentium i486 i386 i86" />
    <property name="build_javadocsdir" value="build/docs/javadocs" />
    <property name="java.ext.dirs" value="C:\Program Files\Java\jdk1.5.0_21\jre\lib\ext" />
    <property name="os.version" value="6.1" />
    <property name="user.home" value="C:\Users\ernesto" />
    <property name="javadoc.jar" value="javadocs.jar" />
    <property name="libdir" value="../tcs/lib" />
    <property name="build_classdir" value="build/classes" />
    <property name="java.vm.vendor" value="Sun Microsystems Inc." />
    <property name="component.distfilename" value="project_service" />
    <property name="component.package" value="com.topcoder.service" />
    <property name="build_testclassdir" value="build/testClasses" />
    <property name="package" value="com.topcoder.service" />
    <property name="typesafe_enum.jar" value="C:/topcoder/tcs/lib/tcs/typesafe_enum/1.1.0/typesafe_enum.jar" />
    <property name="base_exception.jar" value="C:/topcoder/tcs/lib/tcs/base_exception/2.0.0/base_exception.jar" />
    <property name="user.dir" value="C:\topcoder\project_service_1.0.1" />
    <property name="component.packagedir" value="com/topcoder/service" />
    <property name="sun.cpu.endian" value="little" />
    <property name="ant.file.Dependency Import" value="C:\topcoder\project_service_1.0.1\build-dependencies.xml" />
    <property name="dist_docpackage" value="build/doc_package" />
    <property name="java.vm.version" value="1.5.0_21-b01" />
    <property name="java.class.path" value="C:\topcoder\project_service_1.0.1\build\instrumented;C:\topcoder\project_service_1.0.1\build\testClasses;C:\Program Files\jboss-4.2.3.GA\lib\endorsed\xercesImpl.jar;C:\Program Files\jboss-4.2.3.GA\client\antlr.jar;C:\Program Files\jboss-4.2.3.GA\client\jbossws-client.jar;C:\Program Files\jboss-4.2.3.GA\server\default\lib\log4j.jar;C:\Program Files\jboss-4.2.3.GA\server\default\lib\cglib.jar;C:\Program Files\jboss-4.2.3.GA\server\default\lib\dom4j.jar;C:\Program Files\jboss-4.2.3.GA\server\default\lib\commons-collections.jar;C:\Program Files\jboss-4.2.3.GA\server\default\lib\hibernate3.jar;C:\Program Files\jboss-4.2.3.GA\server\default\lib\hibernate-annotations.jar;C:\Program Files\jboss-4.2.3.GA\server\default\lib\hibernate-entitymanager.jar;C:\topcoder\tcs\lib\third_party\junit\4.6\junit.jar;C:\topcoder\tcs\lib\third_party\mockejb\0.6\mockejb.jar;C:\topcoder\tcs\lib\third_party\informix\1.4.1\ifxjdbc.jar;C:\topcoder\project_service_1.0.1\test_files\lib\SaveCoberturaData.jar;C:\topcoder\project_service_1.0.1\test_files\lib\mock.jar;C:\topcoder\project_service_1.0.1\test_reflib\authentication_factory\2.0\authentication_factory.jar;C:\topcoder\project_service_1.0.1\test_reflib\authentication_manager\1.0.3\authentication_manager.jar;C:\topcoder\project_service_1.0.1\test_reflib\catalog_entities\1.2.0\catalog_entities.jar;C:\topcoder\project_service_1.0.1\test_reflib\catalog_services\1.1\catalog_services.jar;C:\topcoder\project_service_1.0.1\test_reflib\configuration_api\1.0.0\configuration_api.jar;C:\topcoder\project_service_1.0.1\test_reflib\configuration_manager\2.1.5\configuration_manager.jar;C:\topcoder\project_service_1.0.1\test_reflib\configuration_persistence\1.0.0\configuration_persistence.jar;C:\topcoder\project_service_1.0.1\test_reflib\data_entitlement\1.1.4\data_entitlement.jar;C:\topcoder\project_service_1.0.1\test_reflib\data_validation\1.1.1\data_validation.jar;C:\topcoder\project_service_1.0.1\test_reflib\db_connection_factory\1.1\db_connection_factory.jar;C:\topcoder\project_service_1.0.1\test_reflib\object_factory\2.0.1\object_factory.jar;C:\topcoder\project_service_1.0.1\test_reflib\object_factory_configuration_api_plugin\1.0.0\object_factory_configuration_api_plugin.jar;C:\topcoder\project_service_1.0.1\test_reflib\phase_management\1.0.4\phase_management.jar;C:\topcoder\project_service_1.0.1\test_reflib\project_management\1.0.1\project_management.jar;C:\topcoder\project_service_1.0.1\test_reflib\project_phase_template\1.0.0\project_phase_template.jar;C:\topcoder\project_service_1.0.1\test_reflib\project_phases\2.0.1\project_phases.jar;C:\topcoder\project_service_1.0.1\test_reflib\project_services\1.1\project_services.jar;C:\topcoder\project_service_1.0.1\test_reflib\resource_management\1.1.1\resource_management.jar;C:\topcoder\project_service_1.0.1\test_reflib\review_data_structure\1.0.0\review_data_structure.jar;C:\topcoder\project_service_1.0.1\test_reflib\review_management\1.0.0\review_management.jar;C:\topcoder\project_service_1.0.1\test_reflib\scorecard_data_structure\1.0.0\scorecard_data_structure.jar;C:\topcoder\project_service_1.0.1\test_reflib\scorecard_management\1.0.1\scorecard_management.jar;C:\topcoder\project_service_1.0.1\test_reflib\studio_service\1.3.0\studio_service.jar;C:\topcoder\project_service_1.0.1\test_reflib\team_management\1.0.1\team_management.jar;C:\topcoder\tcs\lib\tcs\base_exception\2.0.0\base_exception.jar;C:\topcoder\tcs\lib\tcs\logging_wrapper\2.0.0\logging_wrapper.jar;C:\topcoder\tcs\lib\tcs\object_formatter\1.0.0\object_formatter.jar;C:\topcoder\tcs\lib\tcs\jboss_login_module\2.1.0\jboss_login_module.jar;C:\topcoder\tcs\lib\tcs\studio_service\1.3.0\studio_service.jar;C:\topcoder\tcs\lib\tcs\catalog_entities\1.2.0\catalog_entities.jar;C:\topcoder\tcs\lib\tcs\catalog_services\1.1\catalog_services.jar;C:\topcoder\tcs\lib\tcs\project_management\1.0.1\project_management.jar;C:\topcoder\tcs\lib\tcs\project_phases\2.0.1\project_phases.jar;C:\topcoder\tcs\lib\tcs\resource_management\1.1.1\resource_management.jar;C:\topcoder\tcs\lib\tcs\project_services\1.1\project_services.jar;C:\topcoder\tcs\lib\tcs\id_generator\3.0.2\id_generator.jar;C:\Program Files\jboss-4.2.3.GA\client\jboss-ejb3x.jar;C:\Program Files\jboss-4.2.3.GA\client\ejb3-persistence.jar;C:\Program Files\jboss-4.2.3.GA\client\jbossall-client.jar;C:\Program Files\jboss-4.2.3.GA\server\default\lib\jboss-jaxws.jar;C:\topcoder\tcs\lib\third_party\jaxb\2.1.7\jaxb-api.jar;C:\topcoder\project_service_1.0.1\build\classes;C:\topcoder\project_service_1.0.1\test_files;C:\topcoder\project_service_1.0.1\conf;C:\topcoder\tcs\lib\third_party\cobertura\1.8\cobertura.jar;C:\topcoder\tcs\lib\third_party\cobertura\1.8\lib\asm-2.2.1.jar;C:\topcoder\tcs\lib\third_party\cobertura\1.8\lib\jakarta-oro-2.0.8.jar;C:\topcoder\tcs\lib\third_party\cobertura\1.8\lib\log4j-1.2.9.jar;C:\topcoder\project_service_1.0.1;C:\Program Files\Java\jre6\lib\ext\QTJava.zip;C:\PROGRA~1\IBM\SQLLIB\java\db2java.zip;C:\PROGRA~1\IBM\SQLLIB\java\db2jcc.jar;C:\PROGRA~1\IBM\SQLLIB\java\sqlj.zip;C:\PROGRA~1\IBM\SQLLIB\java\db2jcc_license_cu.jar;C:\PROGRA~1\IBM\SQLLIB\bin;C:\PROGRA~1\IBM\SQLLIB\java\common.jar;C:\Program Files\Apache\apache-ant-1.7.1\lib\ant-launcher.jar;C:\Program Files\Apache\apache-ant-1.7.1\lib\ant.jar;C:\Program Files\Apache\apache-ant-1.7.1\lib\ant-junit.jar" />
    <property name="dev_submission.jar" value="project_service_1.1.0_dev_submission.jar" />
    <property name="ant.library.dir" value="C:\Program Files\Apache\apache-ant-1.7.1\lib" />
    <property name="os.arch" value="x86" />
    <property name="sun.java.launcher" value="SUN_STANDARD" />
    <property name="ant.core.lib" value="C:\Program Files\Apache\apache-ant-1.7.1\lib\ant.jar" />
    <property name="java.vm.specification.vendor" value="Sun Microsystems Inc." />
    <property name="jboss.home" value="C:/Program Files/jboss-4.2.3.GA" />
    <property name="file.separator" value="\" />
    <property name="jaxb-api.jar" value="C:/topcoder/tcs/lib/third_party/jaxb/2.1.7/jaxb-api.jar" />
    <property name="java.runtime.version" value="1.5.0_21-b01" />
    <property name="sun.boot.class.path" value="C:\Program Files\Java\jdk1.5.0_21\jre\lib\rt.jar;C:\Program Files\Java\jdk1.5.0_21\jre\lib\i18n.jar;C:\Program Files\Java\jdk1.5.0_21\jre\lib\sunrsasign.jar;C:\Program Files\Java\jdk1.5.0_21\jre\lib\jsse.jar;C:\Program Files\Java\jdk1.5.0_21\jre\lib\jce.jar;C:\Program Files\Java\jdk1.5.0_21\jre\lib\charsets.jar;C:\Program Files\Java\jdk1.5.0_21\jre\classes" />
    <property name="build_docsdir" value="build/docs" />
    <property name="dom4j.jar" value="C:/Program Files/jboss-4.2.3.GA/server/default/lib/dom4j.jar" />
    <property name="javadoc.locale" value="en_US" />
    <property name="design_submission.jar" value="project_service_1.1.0_design_submission.jar" />
    <property name="project_management.jar" value="C:/topcoder/tcs/lib/tcs/project_management/1.0.1/project_management.jar" />
    <property name="user.country" value="MX" />
    <property name="tcs_libdir" value="C:/topcoder/tcs/lib/tcs" />
    <property name="resource_management.jar" value="C:/topcoder/tcs/lib/tcs/resource_management/1.1.1/resource_management.jar" />
    <property name="component" value="Project Service" />
    <property name="logging_wrapper.jar" value="C:/topcoder/tcs/lib/tcs/logging_wrapper/2.0.0/logging_wrapper.jar" />
    <property name="java.vendor" value="Sun Microsystems Inc." />
    <property name="jboss_home" value="C:/Program Files/jboss-4.2.3.GA" />
    <property name="db_connection_factory.jar" value="C:/topcoder/tcs/lib/tcs/db_connection_factory/1.1/db_connection_factory.jar" />
    <property name="java.specification.version" value="1.5" />
    <property name="testfiles" value="test_files" />
    <property name="sun.arch.data.model" value="32" />
    <property name="javatests" value="src/java/tests" />
  </properties>
  <testcase classname="com.topcoder.service.UserServiceRemoteTests" name="testRegisterUser" time="5.763" />
  <testcase classname="com.topcoder.service.UserServiceRemoteTests" name="testRegisterUserWithGroups" time="8.508" />
  <testcase classname="com.topcoder.service.UserServiceRemoteTests" name="testAddUserToGroups" time="24.674" />
  <testcase classname="com.topcoder.service.UserServiceRemoteTests" name="testRemoveUserFromGroups" time="10.107" />
  <testcase classname="com.topcoder.service.UserServiceRemoteTests" name="testAddUserTerm" time="6.7" />
  <testcase classname="com.topcoder.service.UserServiceRemoteTests" name="testRemoveUserTerm" time="8.448" />
  <testcase classname="com.topcoder.service.ProjectServiceRemoteTests" name="testGetProjectByNameUserRole" time="2.536" />
  <testcase classname="com.topcoder.service.ProjectServiceRemoteTests" name="testGetProjectByNameWebService" time="6.505" />
  <testcase classname="com.topcoder.service.ProjectServiceRemoteTests" name="testGetProjectByNameDoesNotExist" time="1.204" />
  <testcase classname="com.topcoder.service.ProjectServiceRemoteTests" name="testGetProjectByNameAdminRole" time="2.435" />
  <testcase classname="com.topcoder.service.ProjectServiceDemo" name="testDemo" time="2.383" />
  <testcase classname="com.topcoder.service.UserServiceDemo" name="testDemo" time="14.545" />
  <testcase classname="com.topcoder.service.UserInfoTests" name="testCtor" time="0.0" />
  <testcase classname="com.topcoder.service.UserInfoTests" name="testSettersGetters" time="0.0010" />
  <testcase classname="com.topcoder.service.AddressTests" name="testCtor" time="0.0" />
  <testcase classname="com.topcoder.service.AddressTests" name="testSettersGetters" time="0.0" />
  <testcase classname="com.topcoder.service.UserTests" name="testCtor" time="0.0010" />
  <testcase classname="com.topcoder.service.UserTests" name="testSettersGetters" time="0.0" />
  <system-out><![CDATA[ INFO [main] (Version.java:15) - Hibernate EntityManager 3.2.1.GA
 INFO [main] (Version.java:15) - Hibernate Annotations 3.2.1.GA
 INFO [main] (Environment.java:514) - Hibernate 3.2.4.sp1
 INFO [main] (Environment.java:547) - hibernate.properties not found
 INFO [main] (Environment.java:681) - Bytecode provider name : cglib
 INFO [main] (Environment.java:598) - using JDK 1.4 java.sql.Timestamp handling
DEBUG [main] (Ejb3Configuration.java:199) - Look up for persistence unit: HibernateProjectPersistence
DEBUG [main] (DTDEntityResolver.java:38) - trying to resolve system-id [http://java.sun.com/xml/ns/persistence/persistence_1_0.xsd]
DEBUG [main] (EJB3DTDEntityResolver.java:49) - recognized EJB3 ORM namespace; attempting to resolve on classpath under org/hibernate/ejb
DEBUG [main] (EJB3DTDEntityResolver.java:58) - located [http://java.sun.com/xml/ns/persistence/persistence_1_0.xsd] in classpath
DEBUG [main] (Ejb3Configuration.java:544) - Detect class: true; detect hbm: true
DEBUG [main] (JarVisitor.java:206) - Searching mapped entities in jar/par: file:/C:/topcoder/project_service_1.0.1/test_files
DEBUG [main] (Ejb3Configuration.java:544) - Detect class: true; detect hbm: true
DEBUG [main] (Ejb3Configuration.java:151) - Creating Factory: HibernateProjectPersistence
 INFO [main] (Configuration.java:1426) - configuring from resource: META-INF/hibernate.cfg.xml
 INFO [main] (Configuration.java:1403) - Configuration resource: META-INF/hibernate.cfg.xml
DEBUG [main] (DTDEntityResolver.java:38) - trying to resolve system-id [http://hibernate.sourceforge.net/hibernate-configuration-3.0.dtd]
DEBUG [main] (DTDEntityResolver.java:40) - recognized hibernate namespace; attempting to resolve on classpath under org/hibernate/
DEBUG [main] (DTDEntityResolver.java:50) - located [http://hibernate.sourceforge.net/hibernate-configuration-3.0.dtd] in classpath
DEBUG [main] (Configuration.java:1387) - dialect=org.hibernate.dialect.InformixDialect
DEBUG [main] (Configuration.java:1387) - show_sql=true
DEBUG [main] (Configuration.java:1387) - connection.url=jdbc:informix-sqli://174.129.88.8:2021/common_oltp:informixserver=informixoltp_tcp
DEBUG [main] (Configuration.java:1387) - connection.username=coder
DEBUG [main] (Configuration.java:1387) - connection.password=c0d3r4T
DEBUG [main] (Configuration.java:1387) - connection.driver_class=com.informix.jdbc.IfxDriver
DEBUG [main] (AnnotationConfiguration.java:523) - null<-org.dom4j.tree.DefaultAttribute@4fce71 [Attribute: name resource value "META-INF/mapping.xml"]
 INFO [main] (Configuration.java:553) - Reading mappings from resource : META-INF/mapping.xml
DEBUG [main] (DTDEntityResolver.java:38) - trying to resolve system-id [http://hibernate.sourceforge.net/hibernate-mapping-3.0.dtd]
DEBUG [main] (DTDEntityResolver.java:40) - recognized hibernate namespace; attempting to resolve on classpath under org/hibernate/
DEBUG [main] (DTDEntityResolver.java:50) - located [http://hibernate.sourceforge.net/hibernate-mapping-3.0.dtd] in classpath
 INFO [main] (Configuration.java:1541) - Configured SessionFactory: null
DEBUG [main] (Configuration.java:1542) - properties: {hibernate.connection.password=c0d3r4T, java.runtime.name=Java(TM) 2 Runtime Environment, Standard Edition, sun.boot.library.path=C:\Program Files\Java\jdk1.5.0_21\jre\bin, java.vm.version=1.5.0_21-b01, hibernate.connection.username=coder, java.vm.vendor=Sun Microsystems Inc., java.vendor.url=http://java.sun.com/, path.separator=;, java.vm.name=Java HotSpot(TM) Client VM, file.encoding.pkg=sun.io, user.country=MX, sun.java.launcher=SUN_STANDARD, sun.os.patch.level=, java.vm.specification.name=Java Virtual Machine Specification, user.dir=C:\topcoder\project_service_1.0.1, java.runtime.version=1.5.0_21-b01, java.awt.graphicsenv=sun.awt.Win32GraphicsEnvironment, java.endorsed.dirs=C:\Program Files\Java\jdk1.5.0_21\jre\lib\endorsed, os.arch=x86, java.io.tmpdir=C:\Users\ernesto\AppData\Local\Temp\, line.separator=
, java.vm.specification.vendor=Sun Microsystems Inc., user.variant=, os.name=Windows 7, net.sourceforge.cobertura.datafile=C:\topcoder\project_service_1.0.1\log\cobertura_local.ser, sun.jnu.encoding=Cp1252, java.library.path=C:\Program Files\Java\jdk1.5.0_21\jre\bin;.;C:\Windows\system32;C:\Windows;c:\xeclient\bin;c:\oraclexe\app\oracle\product\10.2.0\server\bin;C:\Windows\system32;C:\Windows;C:\Windows\system32\wbem;C:\Windows\system32\windowspowershell\v1.0\;c:\program files\tortoisesvn\bin;c:\program files\apache\apache-maven-2.1.0\bin;c:\program files\graphviz2.22\bin;c:\program files\microsoft sql server\80\tools\binn\;c:\program files\apache\apache-ant-1.7.1\bin;c:\program files\common files\divx shared\;c:\program files\jboss-seam-2.2.0.ga;c:\program files\i;C:\Program Files\Common Files\Easysoft\Shared\;C:\Program Files\Remotesoft\Salamander\bin;c:\Program Files\Microsoft SQL Server\90\Tools\binn\;C:\Program Files\QuickTime\QTSystem\;C:\strawberry\c\bin;C:\strawberry\perl\bin;C:\PROGRA~1\IBM\SQLLIB\BIN;C:\PROGRA~1\IBM\SQLLIB\FUNCTION;C:\PROGRA~1\IBM\SQLLIB\SAMPLES\REPL;C:\Program Files\Nmap;C:\Windows\Microsoft.NET\Framework\v2.0.50727, java.specification.name=Java Platform API Specification, java.class.version=49.0, sun.management.compiler=HotSpot Client Compiler, os.version=6.1, connection.password=c0d3r4T, user.home=C:\Users\ernesto, user.timezone=, connection.username=coder, java.awt.printerjob=sun.awt.windows.WPrinterJob, file.encoding=Cp1252, java.specification.version=1.5, hibernate.connection.driver_class=com.informix.jdbc.IfxDriver, show_sql=true, java.class.path=C:\topcoder\project_service_1.0.1\build\instrumented;C:\topcoder\project_service_1.0.1\build\testClasses;C:\Program Files\jboss-4.2.3.GA\lib\endorsed\xercesImpl.jar;C:\Program Files\jboss-4.2.3.GA\client\antlr.jar;C:\Program Files\jboss-4.2.3.GA\client\jbossws-client.jar;C:\Program Files\jboss-4.2.3.GA\server\default\lib\log4j.jar;C:\Program Files\jboss-4.2.3.GA\server\default\lib\cglib.jar;C:\Program Files\jboss-4.2.3.GA\server\default\lib\dom4j.jar;C:\Program Files\jboss-4.2.3.GA\server\default\lib\commons-collections.jar;C:\Program Files\jboss-4.2.3.GA\server\default\lib\hibernate3.jar;C:\Program Files\jboss-4.2.3.GA\server\default\lib\hibernate-annotations.jar;C:\Program Files\jboss-4.2.3.GA\server\default\lib\hibernate-entitymanager.jar;C:\topcoder\tcs\lib\third_party\junit\4.6\junit.jar;C:\topcoder\tcs\lib\third_party\mockejb\0.6\mockejb.jar;C:\topcoder\tcs\lib\third_party\informix\1.4.1\ifxjdbc.jar;C:\topcoder\project_service_1.0.1\test_files\lib\SaveCoberturaData.jar;C:\topcoder\project_service_1.0.1\test_files\lib\mock.jar;C:\topcoder\project_service_1.0.1\test_reflib\authentication_factory\2.0\authentication_factory.jar;C:\topcoder\project_service_1.0.1\test_reflib\authentication_manager\1.0.3\authentication_manager.jar;C:\topcoder\project_service_1.0.1\test_reflib\catalog_entities\1.2.0\catalog_entities.jar;C:\topcoder\project_service_1.0.1\test_reflib\catalog_services\1.1\catalog_services.jar;C:\topcoder\project_service_1.0.1\test_reflib\configuration_api\1.0.0\configuration_api.jar;C:\topcoder\project_service_1.0.1\test_reflib\configuration_manager\2.1.5\configuration_manager.jar;C:\topcoder\project_service_1.0.1\test_reflib\configuration_persistence\1.0.0\configuration_persistence.jar;C:\topcoder\project_service_1.0.1\test_reflib\data_entitlement\1.1.4\data_entitlement.jar;C:\topcoder\project_service_1.0.1\test_reflib\data_validation\1.1.1\data_validation.jar;C:\topcoder\project_service_1.0.1\test_reflib\db_connection_factory\1.1\db_connection_factory.jar;C:\topcoder\project_service_1.0.1\test_reflib\object_factory\2.0.1\object_factory.jar;C:\topcoder\project_service_1.0.1\test_reflib\object_factory_configuration_api_plugin\1.0.0\object_factory_configuration_api_plugin.jar;C:\topcoder\project_service_1.0.1\test_reflib\phase_management\1.0.4\phase_management.jar;C:\topcoder\project_service_1.0.1\test_reflib\project_management\1.0.1\project_management.jar;C:\topcoder\project_service_1.0.1\test_reflib\project_phase_template\1.0.0\project_phase_template.jar;C:\topcoder\project_service_1.0.1\test_reflib\project_phases\2.0.1\project_phases.jar;C:\topcoder\project_service_1.0.1\test_reflib\project_services\1.1\project_services.jar;C:\topcoder\project_service_1.0.1\test_reflib\resource_management\1.1.1\resource_management.jar;C:\topcoder\project_service_1.0.1\test_reflib\review_data_structure\1.0.0\review_data_structure.jar;C:\topcoder\project_service_1.0.1\test_reflib\review_management\1.0.0\review_management.jar;C:\topcoder\project_service_1.0.1\test_reflib\scorecard_data_structure\1.0.0\scorecard_data_structure.jar;C:\topcoder\project_service_1.0.1\test_reflib\scorecard_management\1.0.1\scorecard_management.jar;C:\topcoder\project_service_1.0.1\test_reflib\studio_service\1.3.0\studio_service.jar;C:\topcoder\project_service_1.0.1\test_reflib\team_management\1.0.1\team_management.jar;C:\topcoder\tcs\lib\tcs\base_exception\2.0.0\base_exception.jar;C:\topcoder\tcs\lib\tcs\logging_wrapper\2.0.0\logging_wrapper.jar;C:\topcoder\tcs\lib\tcs\object_formatter\1.0.0\object_formatter.jar;C:\topcoder\tcs\lib\tcs\jboss_login_module\2.1.0\jboss_login_module.jar;C:\topcoder\tcs\lib\tcs\studio_service\1.3.0\studio_service.jar;C:\topcoder\tcs\lib\tcs\catalog_entities\1.2.0\catalog_entities.jar;C:\topcoder\tcs\lib\tcs\catalog_services\1.1\catalog_services.jar;C:\topcoder\tcs\lib\tcs\project_management\1.0.1\project_management.jar;C:\topcoder\tcs\lib\tcs\project_phases\2.0.1\project_phases.jar;C:\topcoder\tcs\lib\tcs\resource_management\1.1.1\resource_management.jar;C:\topcoder\tcs\lib\tcs\project_services\1.1\project_services.jar;C:\topcoder\tcs\lib\tcs\id_generator\3.0.2\id_generator.jar;C:\Program Files\jboss-4.2.3.GA\client\jboss-ejb3x.jar;C:\Program Files\jboss-4.2.3.GA\client\ejb3-persistence.jar;C:\Program Files\jboss-4.2.3.GA\client\jbossall-client.jar;C:\Program Files\jboss-4.2.3.GA\server\default\lib\jboss-jaxws.jar;C:\topcoder\tcs\lib\third_party\jaxb\2.1.7\jaxb-api.jar;C:\topcoder\project_service_1.0.1\build\classes;C:\topcoder\project_service_1.0.1\test_files;C:\topcoder\project_service_1.0.1\conf;C:\topcoder\tcs\lib\third_party\cobertura\1.8\cobertura.jar;C:\topcoder\tcs\lib\third_party\cobertura\1.8\lib\asm-2.2.1.jar;C:\topcoder\tcs\lib\third_party\cobertura\1.8\lib\jakarta-oro-2.0.8.jar;C:\topcoder\tcs\lib\third_party\cobertura\1.8\lib\log4j-1.2.9.jar;C:\topcoder\project_service_1.0.1;C:\Program Files\Java\jre6\lib\ext\QTJava.zip;C:\PROGRA~1\IBM\SQLLIB\java\db2java.zip;C:\PROGRA~1\IBM\SQLLIB\java\db2jcc.jar;C:\PROGRA~1\IBM\SQLLIB\java\sqlj.zip;C:\PROGRA~1\IBM\SQLLIB\java\db2jcc_license_cu.jar;C:\PROGRA~1\IBM\SQLLIB\bin;C:\PROGRA~1\IBM\SQLLIB\java\common.jar;C:\Program Files\Apache\apache-ant-1.7.1\lib\ant-launcher.jar;C:\Program Files\Apache\apache-ant-1.7.1\lib\ant.jar;C:\Program Files\Apache\apache-ant-1.7.1\lib\ant-junit.jar, user.name=ernesto, hibernate.bytecode.use_reflection_optimizer=false, hibernate.show_sql=true, java.vm.specification.version=1.0, java.home=C:\Program Files\Java\jdk1.5.0_21\jre, sun.arch.data.model=32, hibernate.connection.url=jdbc:informix-sqli://174.129.88.8:2021/common_oltp:informixserver=informixoltp_tcp, hibernate.dialect=org.hibernate.dialect.InformixDialect, user.language=es, java.specification.vendor=Sun Microsystems Inc., awt.toolkit=sun.awt.windows.WToolkit, java.vm.info=mixed mode, sharing, java.version=1.5.0_21, java.ext.dirs=C:\Program Files\Java\jdk1.5.0_21\jre\lib\ext, sun.boot.class.path=C:\Program Files\Java\jdk1.5.0_21\jre\lib\rt.jar;C:\Program Files\Java\jdk1.5.0_21\jre\lib\i18n.jar;C:\Program Files\Java\jdk1.5.0_21\jre\lib\sunrsasign.jar;C:\Program Files\Java\jdk1.5.0_21\jre\lib\jsse.jar;C:\Program Files\Java\jdk1.5.0_21\jre\lib\jce.jar;C:\Program Files\Java\jdk1.5.0_21\jre\lib\charsets.jar;C:\Program Files\Java\jdk1.5.0_21\jre\classes, java.vendor=Sun Microsystems Inc., connection.driver_class=com.informix.jdbc.IfxDriver, file.separator=\, java.vendor.url.bug=http://java.sun.com/cgi-bin/bugreport.cgi, sun.io.unicode.encoding=UnicodeLittle, sun.cpu.endian=little, sun.desktop=windows, connection.url=jdbc:informix-sqli://174.129.88.8:2021/common_oltp:informixserver=informixoltp_tcp, dialect=org.hibernate.dialect.InformixDialect, sun.cpu.isalist=pentium_pro+mmx pentium_pro pentium+mmx pentium i486 i386 i86}
DEBUG [main] (AnnotationConfiguration.java:235) - Execute first pass mapping processing
DEBUG [main] (AnnotationConfiguration.java:435) - Process hbm files
 INFO [main] (HbmBinder.java:300) - Mapping class: com.topcoder.service.project.Project -> tc_direct_project
DEBUG [main] (HbmBinder.java:1270) - Mapped property: projectId -> project_id
DEBUG [main] (HbmBinder.java:1270) - Mapped property: name -> name
DEBUG [main] (HbmBinder.java:1270) - Mapped property: description -> description
DEBUG [main] (HbmBinder.java:1270) - Mapped property: userId -> user_id
DEBUG [main] (HbmBinder.java:1270) - Mapped property: createDate -> create_date
DEBUG [main] (HbmBinder.java:1270) - Mapped property: modifyDate -> modify_date
DEBUG [main] (HbmBinder.java:1270) - Mapped property: competitions
 INFO [main] (HbmBinder.java:300) - Mapping class: com.topcoder.service.project.Competition -> competition
DEBUG [main] (HbmBinder.java:1270) - Mapped property: competitionId -> competition_id
DEBUG [main] (HbmBinder.java:1270) - Mapped property: project -> project_id
DEBUG [main] (AnnotationConfiguration.java:443) - Process annotated classes
DEBUG [main] (AnnotationConfiguration.java:329) - processing manytoone fk mappings
DEBUG [main] (Configuration.java:1120) - processing extends queue
DEBUG [main] (Configuration.java:1124) - processing collection mappings
DEBUG [main] (CollectionSecondPass.java:41) - Second pass for collection: com.topcoder.service.project.Project.competitions
 INFO [main] (HbmBinder.java:2385) - Mapping collection: com.topcoder.service.project.Project.competitions -> competition
DEBUG [main] (CollectionSecondPass.java:57) - Mapped collection key: project_id, one-to-many: com.topcoder.service.project.Competition
DEBUG [main] (Configuration.java:1135) - processing native query and ResultSetMapping mappings
DEBUG [main] (Configuration.java:1143) - processing association property references
DEBUG [main] (Configuration.java:1165) - processing foreign key constraints
DEBUG [main] (Configuration.java:1248) - resolving reference to class: com.topcoder.service.project.Project
DEBUG [main] (ClassValidator.java:177) - ResourceBundle ValidatorMessages not found in Validator classloader. Delegate to org.hibernate.validator.resources.DefaultValidatorMessages
DEBUG [main] (ClassValidator.java:177) - ResourceBundle ValidatorMessages not found in Validator classloader. Delegate to org.hibernate.validator.resources.DefaultValidatorMessages
DEBUG [main] (NamingHelper.java:30) - Not Ejb3Configuration to JNDI, no JNDI name configured
DEBUG [main] (Configuration.java:1285) - Preparing to build session factory with filters : {}
DEBUG [main] (AnnotationConfiguration.java:235) - Execute first pass mapping processing
DEBUG [main] (AnnotationConfiguration.java:435) - Process hbm files
DEBUG [main] (AnnotationConfiguration.java:443) - Process annotated classes
DEBUG [main] (AnnotationConfiguration.java:329) - processing manytoone fk mappings
DEBUG [main] (Configuration.java:1120) - processing extends queue
DEBUG [main] (Configuration.java:1124) - processing collection mappings
DEBUG [main] (Configuration.java:1135) - processing native query and ResultSetMapping mappings
DEBUG [main] (Configuration.java:1143) - processing association property references
DEBUG [main] (Configuration.java:1165) - processing foreign key constraints
DEBUG [main] (Configuration.java:1248) - resolving reference to class: com.topcoder.service.project.Project
DEBUG [main] (ClassValidator.java:177) - ResourceBundle ValidatorMessages not found in Validator classloader. Delegate to org.hibernate.validator.resources.DefaultValidatorMessages
DEBUG [main] (ClassValidator.java:177) - ResourceBundle ValidatorMessages not found in Validator classloader. Delegate to org.hibernate.validator.resources.DefaultValidatorMessages
 INFO [main] (DriverManagerConnectionProvider.java:41) - Using Hibernate built-in connection pool (not for production use!)
 INFO [main] (DriverManagerConnectionProvider.java:42) - Hibernate connection pool size: 20
 INFO [main] (DriverManagerConnectionProvider.java:45) - autocommit mode: true
 INFO [main] (DriverManagerConnectionProvider.java:80) - using driver: com.informix.jdbc.IfxDriver at URL: jdbc:informix-sqli://174.129.88.8:2021/common_oltp:informixserver=informixoltp_tcp
 INFO [main] (DriverManagerConnectionProvider.java:83) - connection properties: {user=coder, password=c0d3r4T, autocommit=true, release_mode=auto}
DEBUG [main] (DriverManagerConnectionProvider.java:109) - opening new JDBC connection
DEBUG [main] (DriverManagerConnectionProvider.java:115) - created connection to: jdbc:informix-sqli://174.129.88.8:2021/common_oltp:informixserver=informixoltp_tcp, Isolation Level: 2
 INFO [main] (SettingsFactory.java:89) - RDBMS: Informix Dynamic Server, version: 10.02.UC1DE
 INFO [main] (SettingsFactory.java:90) - JDBC driver: IBM Informix JDBC Driver for IBM Informix Dynamic Server, version: 3.00.JC3
 INFO [main] (Dialect.java:152) - Using dialect: org.hibernate.dialect.InformixDialect
 INFO [main] (TransactionFactoryFactory.java:34) - Transaction strategy: org.hibernate.transaction.JDBCTransactionFactory
 INFO [main] (TransactionManagerLookupFactory.java:33) - No TransactionManagerLookup configured (in JTA environment, use of read-write or transactional second-level cache is not recommended)
 INFO [main] (SettingsFactory.java:143) - Automatic flush during beforeCompletion(): disabled
 INFO [main] (SettingsFactory.java:147) - Automatic session close at end of transaction: disabled
 INFO [main] (SettingsFactory.java:162) - Scrollable result sets: enabled
DEBUG [main] (SettingsFactory.java:166) - Wrap result sets: disabled
 INFO [main] (SettingsFactory.java:170) - JDBC3 getGeneratedKeys(): enabled
 INFO [main] (SettingsFactory.java:178) - Connection release mode: auto
 INFO [main] (SettingsFactory.java:205) - Default batch fetch size: 1
 INFO [main] (SettingsFactory.java:209) - Generate SQL with comments: disabled
 INFO [main] (SettingsFactory.java:213) - Order SQL updates by primary key: disabled
 INFO [main] (SettingsFactory.java:217) - Order SQL inserts for batching: disabled
 INFO [main] (SettingsFactory.java:386) - Query translator: org.hibernate.hql.ast.ASTQueryTranslatorFactory
 INFO [main] (ASTQueryTranslatorFactory.java:24) - Using ASTQueryTranslatorFactory
 INFO [main] (SettingsFactory.java:225) - Query language substitutions: {}
 INFO [main] (SettingsFactory.java:230) - JPA-QL strict compliance: enabled
 INFO [main] (SettingsFactory.java:235) - Second-level cache: enabled
 INFO [main] (SettingsFactory.java:239) - Query cache: disabled
 INFO [main] (SettingsFactory.java:373) - Cache provider: org.hibernate.cache.NoCacheProvider
 INFO [main] (SettingsFactory.java:254) - Optimize cache for minimal puts: disabled
 INFO [main] (SettingsFactory.java:263) - Structured second-level cache entries: disabled
 INFO [main] (SettingsFactory.java:283) - Echoing all SQL to stdout
 INFO [main] (SettingsFactory.java:290) - Statistics: disabled
 INFO [main] (SettingsFactory.java:294) - Deleted entity synthetic identifier rollback: disabled
 INFO [main] (SettingsFactory.java:309) - Default entity-mode: pojo
 INFO [main] (SettingsFactory.java:313) - Named query checking : enabled
DEBUG [main] (ClassValidator.java:177) - ResourceBundle ValidatorMessages not found in Validator classloader. Delegate to org.hibernate.validator.resources.DefaultValidatorMessages
DEBUG [main] (ClassValidator.java:177) - ResourceBundle ValidatorMessages not found in Validator classloader. Delegate to org.hibernate.validator.resources.DefaultValidatorMessages
 INFO [main] (SessionFactoryImpl.java:161) - building session factory
DEBUG [main] (SessionFactoryImpl.java:173) - Session factory constructed with filter configurations : {}
DEBUG [main] (SessionFactoryImpl.java:177) - instantiating session factory with properties: {java.vendor=Sun Microsystems Inc., show_sql=true, sun.java.launcher=SUN_STANDARD, hibernate.connection.url=jdbc:informix-sqli://174.129.88.8:2021/common_oltp:informixserver=informixoltp_tcp, sun.management.compiler=HotSpot Client Compiler, hibernate.ejb.discard_pc_on_close=false, hibernate.transaction.flush_before_completion=false, os.name=Windows 7, sun.boot.class.path=C:\Program Files\Java\jdk1.5.0_21\jre\lib\rt.jar;C:\Program Files\Java\jdk1.5.0_21\jre\lib\i18n.jar;C:\Program Files\Java\jdk1.5.0_21\jre\lib\sunrsasign.jar;C:\Program Files\Java\jdk1.5.0_21\jre\lib\jsse.jar;C:\Program Files\Java\jdk1.5.0_21\jre\lib\jce.jar;C:\Program Files\Java\jdk1.5.0_21\jre\lib\charsets.jar;C:\Program Files\Java\jdk1.5.0_21\jre\classes, jboss.entity.manager.jndi.name=document_manager, sun.desktop=windows, java.vm.specification.vendor=Sun Microsystems Inc., net.sourceforge.cobertura.datafile=C:\topcoder\project_service_1.0.1\log\cobertura_local.ser, java.runtime.version=1.5.0_21-b01, hibernate.connection.autocommit=true, user.name=ernesto, connection.driver_class=com.informix.jdbc.IfxDriver, hibernate.connection.release_mode=auto, user.language=es, sun.boot.library.path=C:\Program Files\Java\jdk1.5.0_21\jre\bin, dialect=org.hibernate.dialect.InformixDialect, java.version=1.5.0_21, user.timezone=, sun.arch.data.model=32, java.endorsed.dirs=C:\Program Files\Java\jdk1.5.0_21\jre\lib\endorsed, sun.cpu.isalist=pentium_pro+mmx pentium_pro pentium+mmx pentium i486 i386 i86, sun.jnu.encoding=Cp1252, file.encoding.pkg=sun.io, file.separator=\, java.specification.name=Java Platform API Specification, java.class.version=49.0, user.country=MX, connection.url=jdbc:informix-sqli://174.129.88.8:2021/common_oltp:informixserver=informixoltp_tcp, java.home=C:\Program Files\Java\jdk1.5.0_21\jre, java.vm.info=mixed mode, sharing, os.version=6.1, transaction.factory_class=org.hibernate.ejb.transaction.JoinableCMTTransactionFactory, hibernate.transaction.factory_class=org.hibernate.transaction.JDBCTransactionFactory, hibernate.query.jpaql_strict_compliance=true, path.separator=;, connection.password=c0d3r4T, java.vm.version=1.5.0_21-b01, hibernate.connection.password=c0d3r4T, user.variant=, java.awt.printerjob=sun.awt.windows.WPrinterJob, sun.io.unicode.encoding=UnicodeLittle, awt.toolkit=sun.awt.windows.WToolkit, hibernate.connection.username=coder, transaction.manager_lookup_class=org.hibernate.transaction.JBossTransactionManagerLookup, user.home=C:\Users\ernesto, java.specification.vendor=Sun Microsystems Inc., java.library.path=C:\Program Files\Java\jdk1.5.0_21\jre\bin;.;C:\Windows\system32;C:\Windows;c:\xeclient\bin;c:\oraclexe\app\oracle\product\10.2.0\server\bin;C:\Windows\system32;C:\Windows;C:\Windows\system32\wbem;C:\Windows\system32\windowspowershell\v1.0\;c:\program files\tortoisesvn\bin;c:\program files\apache\apache-maven-2.1.0\bin;c:\program files\graphviz2.22\bin;c:\program files\microsoft sql server\80\tools\binn\;c:\program files\apache\apache-ant-1.7.1\bin;c:\program files\common files\divx shared\;c:\program files\jboss-seam-2.2.0.ga;c:\program files\i;C:\Program Files\Common Files\Easysoft\Shared\;C:\Program Files\Remotesoft\Salamander\bin;c:\Program Files\Microsoft SQL Server\90\Tools\binn\;C:\Program Files\QuickTime\QTSystem\;C:\strawberry\c\bin;C:\strawberry\perl\bin;C:\PROGRA~1\IBM\SQLLIB\BIN;C:\PROGRA~1\IBM\SQLLIB\FUNCTION;C:\PROGRA~1\IBM\SQLLIB\SAMPLES\REPL;C:\Program Files\Nmap;C:\Windows\Microsoft.NET\Framework\v2.0.50727, java.vendor.url=http://java.sun.com/, hibernate.connection.driver_class=com.informix.jdbc.IfxDriver, connection.username=coder, java.vm.vendor=Sun Microsystems Inc., hibernate.dialect=org.hibernate.dialect.InformixDialect, java.runtime.name=Java(TM) 2 Runtime Environment, Standard Edition, java.class.path=C:\topcoder\project_service_1.0.1\build\instrumented;C:\topcoder\project_service_1.0.1\build\testClasses;C:\Program Files\jboss-4.2.3.GA\lib\endorsed\xercesImpl.jar;C:\Program Files\jboss-4.2.3.GA\client\antlr.jar;C:\Program Files\jboss-4.2.3.GA\client\jbossws-client.jar;C:\Program Files\jboss-4.2.3.GA\server\default\lib\log4j.jar;C:\Program Files\jboss-4.2.3.GA\server\default\lib\cglib.jar;C:\Program Files\jboss-4.2.3.GA\server\default\lib\dom4j.jar;C:\Program Files\jboss-4.2.3.GA\server\default\lib\commons-collections.jar;C:\Program Files\jboss-4.2.3.GA\server\default\lib\hibernate3.jar;C:\Program Files\jboss-4.2.3.GA\server\default\lib\hibernate-annotations.jar;C:\Program Files\jboss-4.2.3.GA\server\default\lib\hibernate-entitymanager.jar;C:\topcoder\tcs\lib\third_party\junit\4.6\junit.jar;C:\topcoder\tcs\lib\third_party\mockejb\0.6\mockejb.jar;C:\topcoder\tcs\lib\third_party\informix\1.4.1\ifxjdbc.jar;C:\topcoder\project_service_1.0.1\test_files\lib\SaveCoberturaData.jar;C:\topcoder\project_service_1.0.1\test_files\lib\mock.jar;C:\topcoder\project_service_1.0.1\test_reflib\authentication_factory\2.0\authentication_factory.jar;C:\topcoder\project_service_1.0.1\test_reflib\authentication_manager\1.0.3\authentication_manager.jar;C:\topcoder\project_service_1.0.1\test_reflib\catalog_entities\1.2.0\catalog_entities.jar;C:\topcoder\project_service_1.0.1\test_reflib\catalog_services\1.1\catalog_services.jar;C:\topcoder\project_service_1.0.1\test_reflib\configuration_api\1.0.0\configuration_api.jar;C:\topcoder\project_service_1.0.1\test_reflib\configuration_manager\2.1.5\configuration_manager.jar;C:\topcoder\project_service_1.0.1\test_reflib\configuration_persistence\1.0.0\configuration_persistence.jar;C:\topcoder\project_service_1.0.1\test_reflib\data_entitlement\1.1.4\data_entitlement.jar;C:\topcoder\project_service_1.0.1\test_reflib\data_validation\1.1.1\data_validation.jar;C:\topcoder\project_service_1.0.1\test_reflib\db_connection_factory\1.1\db_connection_factory.jar;C:\topcoder\project_service_1.0.1\test_reflib\object_factory\2.0.1\object_factory.jar;C:\topcoder\project_service_1.0.1\test_reflib\object_factory_configuration_api_plugin\1.0.0\object_factory_configuration_api_plugin.jar;C:\topcoder\project_service_1.0.1\test_reflib\phase_management\1.0.4\phase_management.jar;C:\topcoder\project_service_1.0.1\test_reflib\project_management\1.0.1\project_management.jar;C:\topcoder\project_service_1.0.1\test_reflib\project_phase_template\1.0.0\project_phase_template.jar;C:\topcoder\project_service_1.0.1\test_reflib\project_phases\2.0.1\project_phases.jar;C:\topcoder\project_service_1.0.1\test_reflib\project_services\1.1\project_services.jar;C:\topcoder\project_service_1.0.1\test_reflib\resource_management\1.1.1\resource_management.jar;C:\topcoder\project_service_1.0.1\test_reflib\review_data_structure\1.0.0\review_data_structure.jar;C:\topcoder\project_service_1.0.1\test_reflib\review_management\1.0.0\review_management.jar;C:\topcoder\project_service_1.0.1\test_reflib\scorecard_data_structure\1.0.0\scorecard_data_structure.jar;C:\topcoder\project_service_1.0.1\test_reflib\scorecard_management\1.0.1\scorecard_management.jar;C:\topcoder\project_service_1.0.1\test_reflib\studio_service\1.3.0\studio_service.jar;C:\topcoder\project_service_1.0.1\test_reflib\team_management\1.0.1\team_management.jar;C:\topcoder\tcs\lib\tcs\base_exception\2.0.0\base_exception.jar;C:\topcoder\tcs\lib\tcs\logging_wrapper\2.0.0\logging_wrapper.jar;C:\topcoder\tcs\lib\tcs\object_formatter\1.0.0\object_formatter.jar;C:\topcoder\tcs\lib\tcs\jboss_login_module\2.1.0\jboss_login_module.jar;C:\topcoder\tcs\lib\tcs\studio_service\1.3.0\studio_service.jar;C:\topcoder\tcs\lib\tcs\catalog_entities\1.2.0\catalog_entities.jar;C:\topcoder\tcs\lib\tcs\catalog_services\1.1\catalog_services.jar;C:\topcoder\tcs\lib\tcs\project_management\1.0.1\project_management.jar;C:\topcoder\tcs\lib\tcs\project_phases\2.0.1\project_phases.jar;C:\topcoder\tcs\lib\tcs\resource_management\1.1.1\resource_management.jar;C:\topcoder\tcs\lib\tcs\project_services\1.1\project_services.jar;C:\topcoder\tcs\lib\tcs\id_generator\3.0.2\id_generator.jar;C:\Program Files\jboss-4.2.3.GA\client\jboss-ejb3x.jar;C:\Program Files\jboss-4.2.3.GA\client\ejb3-persistence.jar;C:\Program Files\jboss-4.2.3.GA\client\jbossall-client.jar;C:\Program Files\jboss-4.2.3.GA\server\default\lib\jboss-jaxws.jar;C:\topcoder\tcs\lib\third_party\jaxb\2.1.7\jaxb-api.jar;C:\topcoder\project_service_1.0.1\build\classes;C:\topcoder\project_service_1.0.1\test_files;C:\topcoder\project_service_1.0.1\conf;C:\topcoder\tcs\lib\third_party\cobertura\1.8\cobertura.jar;C:\topcoder\tcs\lib\third_party\cobertura\1.8\lib\asm-2.2.1.jar;C:\topcoder\tcs\lib\third_party\cobertura\1.8\lib\jakarta-oro-2.0.8.jar;C:\topcoder\tcs\lib\third_party\cobertura\1.8\lib\log4j-1.2.9.jar;C:\topcoder\project_service_1.0.1;C:\Program Files\Java\jre6\lib\ext\QTJava.zip;C:\PROGRA~1\IBM\SQLLIB\java\db2java.zip;C:\PROGRA~1\IBM\SQLLIB\java\db2jcc.jar;C:\PROGRA~1\IBM\SQLLIB\java\sqlj.zip;C:\PROGRA~1\IBM\SQLLIB\java\db2jcc_license_cu.jar;C:\PROGRA~1\IBM\SQLLIB\bin;C:\PROGRA~1\IBM\SQLLIB\java\common.jar;C:\Program Files\Apache\apache-ant-1.7.1\lib\ant-launcher.jar;C:\Program Files\Apache\apache-ant-1.7.1\lib\ant.jar;C:\Program Files\Apache\apache-ant-1.7.1\lib\ant-junit.jar, hibernate.ejb.cfgfile=META-INF/hibernate.cfg.xml, hibernate.bytecode.use_reflection_optimizer=false, java.vm.specification.name=Java Virtual Machine Specification, java.vm.specification.version=1.0, sun.cpu.endian=little, sun.os.patch.level=, java.io.tmpdir=C:\Users\ernesto\AppData\Local\Temp\, java.vendor.url.bug=http://java.sun.com/cgi-bin/bugreport.cgi, os.arch=x86, java.awt.graphicsenv=sun.awt.Win32GraphicsEnvironment, java.ext.dirs=C:\Program Files\Java\jdk1.5.0_21\jre\lib\ext, user.dir=C:\topcoder\project_service_1.0.1, line.separator=
, java.vm.name=Java HotSpot(TM) Client VM, file.encoding=Cp1252, hibernate.use_identifier_rollback=false, java.specification.version=1.5, hibernate.show_sql=true}
DEBUG [main] (AbstractEntityPersister.java:2738) - Static SQL for entity: com.topcoder.service.project.Project
DEBUG [main] (AbstractEntityPersister.java:2743) -  Version select: select project_id from tc_direct_project where project_id =?
DEBUG [main] (AbstractEntityPersister.java:2746) -  Snapshot select: select project_.project_id, project_.name as name0_, project_.description as descript3_0_, project_.user_id as user4_0_, project_.create_date as create5_0_, project_.modify_date as modify6_0_ from tc_direct_project project_ where project_.project_id=?
DEBUG [main] (AbstractEntityPersister.java:2749) -  Insert 0: insert into tc_direct_project (name, description, user_id, create_date, modify_date, project_id) values (?, ?, ?, ?, ?, ?)
DEBUG [main] (AbstractEntityPersister.java:2750) -  Update 0: update tc_direct_project set name=?, description=?, user_id=?, create_date=?, modify_date=? where project_id=?
DEBUG [main] (AbstractEntityPersister.java:2751) -  Delete 0: delete from tc_direct_project where project_id=?
DEBUG [main] (AbstractEntityPersister.java:2738) - Static SQL for entity: com.topcoder.service.project.Competition
DEBUG [main] (AbstractEntityPersister.java:2743) -  Version select: select competition_id from competition where competition_id =?
DEBUG [main] (AbstractEntityPersister.java:2746) -  Snapshot select: select competitio_.competition_id, competitio_.project_id as project2_1_ from competition competitio_ where competitio_.competition_id=?
DEBUG [main] (AbstractEntityPersister.java:2749) -  Insert 0: insert into competition (project_id, competition_id) values (?, ?)
DEBUG [main] (AbstractEntityPersister.java:2750) -  Update 0: update competition set project_id=? where competition_id=?
DEBUG [main] (AbstractEntityPersister.java:2751) -  Delete 0: delete from competition where competition_id=?
DEBUG [main] (AbstractCollectionPersister.java:548) - Static SQL for collection: com.topcoder.service.project.Project.competitions
DEBUG [main] (AbstractCollectionPersister.java:550) -  Row insert: update competition set project_id=? where competition_id=?
DEBUG [main] (AbstractCollectionPersister.java:556) -  Row delete: update competition set project_id=null where project_id=? and competition_id=?
DEBUG [main] (AbstractCollectionPersister.java:559) -  One-shot delete: update competition set project_id=null where project_id=?
DEBUG [main] (EntityLoader.java:79) - Static select for entity com.topcoder.service.project.Project: select project0_.project_id as project1_0_0_, project0_.name as name0_0_, project0_.description as descript3_0_0_, project0_.user_id as user4_0_0_, project0_.create_date as create5_0_0_, project0_.modify_date as modify6_0_0_ from tc_direct_project project0_ where project0_.project_id=?
DEBUG [main] (EntityLoader.java:79) - Static select for entity com.topcoder.service.project.Project: select project0_.project_id as project1_0_0_, project0_.name as name0_0_, project0_.description as descript3_0_0_, project0_.user_id as user4_0_0_, project0_.create_date as create5_0_0_, project0_.modify_date as modify6_0_0_ from tc_direct_project project0_ where project0_.project_id=?
DEBUG [main] (EntityLoader.java:79) - Static select for entity com.topcoder.service.project.Project: select project0_.project_id as project1_0_0_, project0_.name as name0_0_, project0_.description as descript3_0_0_, project0_.user_id as user4_0_0_, project0_.create_date as create5_0_0_, project0_.modify_date as modify6_0_0_ from tc_direct_project project0_ where project0_.project_id=? for update
DEBUG [main] (EntityLoader.java:79) - Static select for entity com.topcoder.service.project.Project: select project0_.project_id as project1_0_0_, project0_.name as name0_0_, project0_.description as descript3_0_0_, project0_.user_id as user4_0_0_, project0_.create_date as create5_0_0_, project0_.modify_date as modify6_0_0_ from tc_direct_project project0_ where project0_.project_id=? for update
DEBUG [main] (EntityLoader.java:79) - Static select for entity com.topcoder.service.project.Project: select project0_.project_id as project1_0_0_, project0_.name as name0_0_, project0_.description as descript3_0_0_, project0_.user_id as user4_0_0_, project0_.create_date as create5_0_0_, project0_.modify_date as modify6_0_0_ from tc_direct_project project0_ where project0_.project_id=? for update
DEBUG [main] (CascadeEntityLoader.java:34) - Static select for action ACTION_MERGE on entity com.topcoder.service.project.Project: select project0_.project_id as project1_0_0_, project0_.name as name0_0_, project0_.description as descript3_0_0_, project0_.user_id as user4_0_0_, project0_.create_date as create5_0_0_, project0_.modify_date as modify6_0_0_ from tc_direct_project project0_ where project0_.project_id=?
DEBUG [main] (CascadeEntityLoader.java:34) - Static select for action ACTION_REFRESH on entity com.topcoder.service.project.Project: select project0_.project_id as project1_0_0_, project0_.name as name0_0_, project0_.description as descript3_0_0_, project0_.user_id as user4_0_0_, project0_.create_date as create5_0_0_, project0_.modify_date as modify6_0_0_ from tc_direct_project project0_ where project0_.project_id=?
DEBUG [main] (EntityLoader.java:79) - Static select for entity com.topcoder.service.project.Competition: select competitio0_.competition_id as competit1_1_0_, competitio0_.project_id as project2_1_0_ from competition competitio0_ where competitio0_.competition_id=?
DEBUG [main] (EntityLoader.java:79) - Static select for entity com.topcoder.service.project.Competition: select competitio0_.competition_id as competit1_1_0_, competitio0_.project_id as project2_1_0_ from competition competitio0_ where competitio0_.competition_id=?
DEBUG [main] (EntityLoader.java:79) - Static select for entity com.topcoder.service.project.Competition: select competitio0_.competition_id as competit1_1_0_, competitio0_.project_id as project2_1_0_ from competition competitio0_ where competitio0_.competition_id=? for update
DEBUG [main] (EntityLoader.java:79) - Static select for entity com.topcoder.service.project.Competition: select competitio0_.competition_id as competit1_1_0_, competitio0_.project_id as project2_1_0_ from competition competitio0_ where competitio0_.competition_id=? for update
DEBUG [main] (EntityLoader.java:79) - Static select for entity com.topcoder.service.project.Competition: select competitio0_.competition_id as competit1_1_0_, competitio0_.project_id as project2_1_0_ from competition competitio0_ where competitio0_.competition_id=? for update
DEBUG [main] (CascadeEntityLoader.java:34) - Static select for action ACTION_MERGE on entity com.topcoder.service.project.Competition: select competitio0_.competition_id as competit1_1_0_, competitio0_.project_id as project2_1_0_ from competition competitio0_ where competitio0_.competition_id=?
DEBUG [main] (CascadeEntityLoader.java:34) - Static select for action ACTION_REFRESH on entity com.topcoder.service.project.Competition: select competitio0_.competition_id as competit1_1_0_, competitio0_.project_id as project2_1_0_ from competition competitio0_ where competitio0_.competition_id=?
DEBUG [main] (OneToManyLoader.java:64) - Static select for one-to-many com.topcoder.service.project.Project.competitions: select competitio0_.project_id as project2_1_, competitio0_.competition_id as competit1_1_, competitio0_.competition_id as competit1_1_0_, competitio0_.project_id as project2_1_0_ from competition competitio0_ where competitio0_.project_id=?
DEBUG [main] (SessionFactoryObjectFactory.java:39) - initializing class SessionFactoryObjectFactory
DEBUG [main] (SessionFactoryObjectFactory.java:76) - registered: 3b18bf5b26ebd93b0126ebd93e830000 (unnamed)
 INFO [main] (SessionFactoryObjectFactory.java:82) - Not binding factory to JNDI, no JNDI name configured
DEBUG [main] (SessionFactoryImpl.java:308) - instantiated session factory
DEBUG [main] (SessionFactoryImpl.java:392) - Checking 0 named HQL queries
DEBUG [main] (SessionFactoryImpl.java:412) - Checking 0 named SQL queries
DEBUG [main] (SessionImpl.java:220) - opened session at timestamp: 12666772682
DEBUG [main] (JDBCTransaction.java:54) - begin
DEBUG [main] (ConnectionManager.java:421) - opening JDBC connection
DEBUG [main] (JDBCTransaction.java:59) - current autocommit status: true
DEBUG [main] (JDBCTransaction.java:62) - disabling autocommit
DEBUG [main] (AbstractBatcher.java:366) - about to open PreparedStatement (open PreparedStatements: 0, globally: 0)
DEBUG [main] (AbstractBatcher.java:401) - delete from competition
Hibernate: delete from competition
DEBUG [main] (AbstractBatcher.java:374) - about to close PreparedStatement (open PreparedStatements: 1, globally: 1)
DEBUG [main] (AbstractBatcher.java:366) - about to open PreparedStatement (open PreparedStatements: 0, globally: 0)
DEBUG [main] (AbstractBatcher.java:401) - delete from tc_direct_project
Hibernate: delete from tc_direct_project
DEBUG [main] (AbstractBatcher.java:374) - about to close PreparedStatement (open PreparedStatements: 1, globally: 1)
DEBUG [main] (AbstractBatcher.java:366) - about to open PreparedStatement (open PreparedStatements: 0, globally: 0)
DEBUG [main] (AbstractBatcher.java:401) - delete from security_user where user_id in ('foo', 'foo1', 'foo2', 'foo3', 'foo4', 'foo5', 'foo6')
Hibernate: delete from security_user where user_id in ('foo', 'foo1', 'foo2', 'foo3', 'foo4', 'foo5', 'foo6')
DEBUG [main] (AbstractBatcher.java:374) - about to close PreparedStatement (open PreparedStatements: 1, globally: 1)
DEBUG [main] (AbstractBatcher.java:366) - about to open PreparedStatement (open PreparedStatements: 0, globally: 0)
DEBUG [main] (AbstractBatcher.java:401) - INSERT INTO security_user (login_id, user_id, password, create_user_id) values (999900, 'foo', 'password', 0)
Hibernate: INSERT INTO security_user (login_id, user_id, password, create_user_id) values (999900, 'foo', 'password', 0)
DEBUG [main] (AbstractBatcher.java:374) - about to close PreparedStatement (open PreparedStatements: 1, globally: 1)
DEBUG [main] (AbstractBatcher.java:366) - about to open PreparedStatement (open PreparedStatements: 0, globally: 0)
DEBUG [main] (AbstractBatcher.java:401) - INSERT INTO security_user (login_id, user_id, password, create_user_id) values (999901, 'foo1', 'password', 0)
Hibernate: INSERT INTO security_user (login_id, user_id, password, create_user_id) values (999901, 'foo1', 'password', 0)
DEBUG [main] (AbstractBatcher.java:374) - about to close PreparedStatement (open PreparedStatements: 1, globally: 1)
DEBUG [main] (AbstractBatcher.java:366) - about to open PreparedStatement (open PreparedStatements: 0, globally: 0)
DEBUG [main] (AbstractBatcher.java:401) - INSERT INTO security_user (login_id, user_id, password, create_user_id) values (999902, 'foo2', 'password', 0)
Hibernate: INSERT INTO security_user (login_id, user_id, password, create_user_id) values (999902, 'foo2', 'password', 0)
DEBUG [main] (AbstractBatcher.java:374) - about to close PreparedStatement (open PreparedStatements: 1, globally: 1)
DEBUG [main] (AbstractBatcher.java:366) - about to open PreparedStatement (open PreparedStatements: 0, globally: 0)
DEBUG [main] (AbstractBatcher.java:401) - INSERT INTO security_user (login_id, user_id, password, create_user_id) values (999903, 'foo3', 'password', 0)
Hibernate: INSERT INTO security_user (login_id, user_id, password, create_user_id) values (999903, 'foo3', 'password', 0)
DEBUG [main] (AbstractBatcher.java:374) - about to close PreparedStatement (open PreparedStatements: 1, globally: 1)
DEBUG [main] (AbstractBatcher.java:366) - about to open PreparedStatement (open PreparedStatements: 0, globally: 0)
DEBUG [main] (AbstractBatcher.java:401) - INSERT INTO security_user (login_id, user_id, password, create_user_id) values (999904, 'foo4', 'password', 0)
Hibernate: INSERT INTO security_user (login_id, user_id, password, create_user_id) values (999904, 'foo4', 'password', 0)
DEBUG [main] (AbstractBatcher.java:374) - about to close PreparedStatement (open PreparedStatements: 1, globally: 1)
DEBUG [main] (AbstractBatcher.java:366) - about to open PreparedStatement (open PreparedStatements: 0, globally: 0)
DEBUG [main] (AbstractBatcher.java:401) - INSERT INTO security_user (login_id, user_id, password, create_user_id) values (999905, 'foo5', 'password', 0)
Hibernate: INSERT INTO security_user (login_id, user_id, password, create_user_id) values (999905, 'foo5', 'password', 0)
DEBUG [main] (AbstractBatcher.java:374) - about to close PreparedStatement (open PreparedStatements: 1, globally: 1)
DEBUG [main] (AbstractBatcher.java:366) - about to open PreparedStatement (open PreparedStatements: 0, globally: 0)
DEBUG [main] (AbstractBatcher.java:401) - INSERT INTO security_user (login_id, user_id, password, create_user_id) values (999906, 'foo6', 'password', 0)
Hibernate: INSERT INTO security_user (login_id, user_id, password, create_user_id) values (999906, 'foo6', 'password', 0)
DEBUG [main] (AbstractBatcher.java:374) - about to close PreparedStatement (open PreparedStatements: 1, globally: 1)
DEBUG [main] (AbstractBatcher.java:366) - about to open PreparedStatement (open PreparedStatements: 0, globally: 0)
DEBUG [main] (AbstractBatcher.java:401) - delete from address
Hibernate: delete from address
DEBUG [main] (AbstractBatcher.java:374) - about to close PreparedStatement (open PreparedStatements: 1, globally: 1)
DEBUG [main] (AbstractBatcher.java:366) - about to open PreparedStatement (open PreparedStatements: 0, globally: 0)
DEBUG [main] (AbstractBatcher.java:401) - delete from email
Hibernate: delete from email
DEBUG [main] (AbstractBatcher.java:374) - about to close PreparedStatement (open PreparedStatements: 1, globally: 1)
DEBUG [main] (AbstractBatcher.java:366) - about to open PreparedStatement (open PreparedStatements: 0, globally: 0)
DEBUG [main] (AbstractBatcher.java:401) - delete from phone
Hibernate: delete from phone
DEBUG [main] (AbstractBatcher.java:374) - about to close PreparedStatement (open PreparedStatements: 1, globally: 1)
DEBUG [main] (AbstractBatcher.java:366) - about to open PreparedStatement (open PreparedStatements: 0, globally: 0)
DEBUG [main] (AbstractBatcher.java:401) - delete from user_group_xref where login_id in (999900, 999901, 999902, 999903, 999904, 999905, 999906)
Hibernate: delete from user_group_xref where login_id in (999900, 999901, 999902, 999903, 999904, 999905, 999906)
DEBUG [main] (AbstractBatcher.java:374) - about to close PreparedStatement (open PreparedStatements: 1, globally: 1)
DEBUG [main] (AbstractBatcher.java:366) - about to open PreparedStatement (open PreparedStatements: 0, globally: 0)
DEBUG [main] (AbstractBatcher.java:401) - delete from user
Hibernate: delete from user
DEBUG [main] (AbstractBatcher.java:374) - about to close PreparedStatement (open PreparedStatements: 1, globally: 1)
DEBUG [main] (AbstractBatcher.java:366) - about to open PreparedStatement (open PreparedStatements: 0, globally: 0)
DEBUG [main] (AbstractBatcher.java:401) - insert into user (user_id, first_name, last_name, create_date, handle, last_login, status, password, activation_code, middle_name, timezone_id, last_site_hit_date) values (1, 'Default', 'User', '2001-01-14 08:45:00', 'foo', '2001-01-14 08:45:00', 'A', 'huh', NULL, NULL, 554, NULL)
Hibernate: insert into user (user_id, first_name, last_name, create_date, handle, last_login, status, password, activation_code, middle_name, timezone_id, last_site_hit_date) values (1, 'Default', 'User', '2001-01-14 08:45:00', 'foo', '2001-01-14 08:45:00', 'A', 'huh', NULL, NULL, 554, NULL)
DEBUG [main] (AbstractBatcher.java:374) - about to close PreparedStatement (open PreparedStatements: 1, globally: 1)
DEBUG [main] (AbstractBatcher.java:366) - about to open PreparedStatement (open PreparedStatements: 0, globally: 0)
DEBUG [main] (AbstractBatcher.java:401) - delete from security_groups where group_id in (888801, 888802, 888803)
Hibernate: delete from security_groups where group_id in (888801, 888802, 888803)
DEBUG [main] (AbstractBatcher.java:374) - about to close PreparedStatement (open PreparedStatements: 1, globally: 1)
DEBUG [main] (AbstractBatcher.java:366) - about to open PreparedStatement (open PreparedStatements: 0, globally: 0)
DEBUG [main] (AbstractBatcher.java:401) - insert into security_groups (group_id, description, create_user_id) values (888801, 'Test Group 1', 1)
Hibernate: insert into security_groups (group_id, description, create_user_id) values (888801, 'Test Group 1', 1)
DEBUG [main] (AbstractBatcher.java:374) - about to close PreparedStatement (open PreparedStatements: 1, globally: 1)
DEBUG [main] (AbstractBatcher.java:366) - about to open PreparedStatement (open PreparedStatements: 0, globally: 0)
DEBUG [main] (AbstractBatcher.java:401) - insert into security_groups (group_id, description, create_user_id) values (888802, 'Test Group 2', 1)
Hibernate: insert into security_groups (group_id, description, create_user_id) values (888802, 'Test Group 2', 1)
DEBUG [main] (AbstractBatcher.java:374) - about to close PreparedStatement (open PreparedStatements: 1, globally: 1)
DEBUG [main] (AbstractBatcher.java:366) - about to open PreparedStatement (open PreparedStatements: 0, globally: 0)
DEBUG [main] (AbstractBatcher.java:401) - insert into security_groups (group_id, description, create_user_id) values (888803, 'Test Group 3', 1)
Hibernate: insert into security_groups (group_id, description, create_user_id) values (888803, 'Test Group 3', 1)
DEBUG [main] (AbstractBatcher.java:374) - about to close PreparedStatement (open PreparedStatements: 1, globally: 1)
DEBUG [main] (AbstractBatcher.java:366) - about to open PreparedStatement (open PreparedStatements: 0, globally: 0)
DEBUG [main] (AbstractBatcher.java:401) - delete from user_terms_of_use_xref where terms_of_use_id = 666601
Hibernate: delete from user_terms_of_use_xref where terms_of_use_id = 666601
DEBUG [main] (AbstractBatcher.java:374) - about to close PreparedStatement (open PreparedStatements: 1, globally: 1)
DEBUG [main] (AbstractBatcher.java:366) - about to open PreparedStatement (open PreparedStatements: 0, globally: 0)
DEBUG [main] (AbstractBatcher.java:401) - delete from terms_of_use where terms_of_use_id = 666601
Hibernate: delete from terms_of_use where terms_of_use_id = 666601
DEBUG [main] (AbstractBatcher.java:374) - about to close PreparedStatement (open PreparedStatements: 1, globally: 1)
DEBUG [main] (AbstractBatcher.java:366) - about to open PreparedStatement (open PreparedStatements: 0, globally: 0)
DEBUG [main] (AbstractBatcher.java:401) - delete from terms_of_use_type where terms_of_use_type_id = 77701
Hibernate: delete from terms_of_use_type where terms_of_use_type_id = 77701
DEBUG [main] (AbstractBatcher.java:374) - about to close PreparedStatement (open PreparedStatements: 1, globally: 1)
DEBUG [main] (AbstractBatcher.java:366) - about to open PreparedStatement (open PreparedStatements: 0, globally: 0)
DEBUG [main] (AbstractBatcher.java:401) - insert into terms_of_use_type (terms_of_use_type_id, terms_of_use_type_desc) values (77701, 'Test terms of use')
Hibernate: insert into terms_of_use_type (terms_of_use_type_id, terms_of_use_type_desc) values (77701, 'Test terms of use')
DEBUG [main] (AbstractBatcher.java:374) - about to close PreparedStatement (open PreparedStatements: 1, globally: 1)
DEBUG [main] (AbstractBatcher.java:366) - about to open PreparedStatement (open PreparedStatements: 0, globally: 0)
DEBUG [main] (AbstractBatcher.java:401) - insert into terms_of_use (terms_of_use_id, terms_text, terms_of_use_type_id, title, electronically_signable, url) VALUES (666601, NULL, 77701, 'Test terms of use', 1, NULL)
Hibernate: insert into terms_of_use (terms_of_use_id, terms_text, terms_of_use_type_id, title, electronically_signable, url) VALUES (666601, NULL, 77701, 'Test terms of use', 1, NULL)
DEBUG [main] (AbstractBatcher.java:374) - about to close PreparedStatement (open PreparedStatements: 1, globally: 1)
DEBUG [main] (JDBCTransaction.java:103) - commit
DEBUG [main] (JDBCTransaction.java:193) - re-enabling autocommit
DEBUG [main] (JDBCTransaction.java:116) - committed JDBC Connection
DEBUG [main] (ConnectionManager.java:404) - aggressively releasing JDBC connection
DEBUG [main] (ConnectionManager.java:441) - releasing JDBC connection [ (open PreparedStatements: 0, globally: 0) (open ResultSets: 0, globally: 0)]
DEBUG [main] (JDBCExceptionReporter.java:46) - SQL Warning
java.sql.SQLWarning: Database has transactions
	at com.informix.util.IfxWarnMsg.getSQLWarning(IfxWarnMsg.java:125)
	at com.informix.util.IfxWarnMsg.getSQLWarning(IfxWarnMsg.java:149)
	at com.informix.jdbc.IfxSqliConnect.a(IfxSqliConnect.java:1923)
	at com.informix.jdbc.IfxSqliConnect.t(IfxSqliConnect.java:4144)
	at com.informix.jdbc.IfxSqliConnect.b(IfxSqliConnect.java:2746)
	at com.informix.jdbc.IfxSqliConnect.a(IfxSqliConnect.java:2620)
	at com.informix.jdbc.IfxSqli.a(IfxSqli.java:2615)
	at com.informix.jdbc.IfxSqli.executeOpenDatabase(IfxSqli.java:1800)
	at com.informix.jdbc.IfxSqliConnect.<init>(IfxSqliConnect.java:1327)
	at sun.reflect.NativeConstructorAccessorImpl.newInstance0(Native Method)
	at sun.reflect.NativeConstructorAccessorImpl.newInstance(NativeConstructorAccessorImpl.java:39)
	at sun.reflect.DelegatingConstructorAccessorImpl.newInstance(DelegatingConstructorAccessorImpl.java:27)
	at java.lang.reflect.Constructor.newInstance(Constructor.java:501)
	at com.informix.jdbc.IfxDriver.connect(IfxDriver.java:254)
	at java.sql.DriverManager.getConnection(DriverManager.java:525)
	at java.sql.DriverManager.getConnection(DriverManager.java:140)
	at org.hibernate.connection.DriverManagerConnectionProvider.getConnection(DriverManagerConnectionProvider.java:110)
	at org.hibernate.cfg.SettingsFactory.buildSettings(SettingsFactory.java:84)
	at org.hibernate.cfg.Configuration.buildSettings(Configuration.java:2009)
	at org.hibernate.cfg.Configuration.buildSessionFactory(Configuration.java:1292)
	at org.hibernate.ejb.Ejb3Configuration.buildEntityManagerFactory(Ejb3Configuration.java:713)
	at org.hibernate.ejb.HibernatePersistence.createEntityManagerFactory(HibernatePersistence.java:121)
	at javax.persistence.Persistence.createEntityManagerFactory(Persistence.java:51)
	at javax.persistence.Persistence.createEntityManagerFactory(Persistence.java:33)
	at com.topcoder.service.BaseUnitTestCase.<clinit>(BaseUnitTestCase.java:79)
	at com.topcoder.service.UnitTests.suite(UnitTests.java:31)
	at com.topcoder.service.AllTests.suite(AllTests.java:26)
	at sun.reflect.NativeMethodAccessorImpl.invoke0(Native Method)
	at sun.reflect.NativeMethodAccessorImpl.invoke(NativeMethodAccessorImpl.java:39)
	at sun.reflect.DelegatingMethodAccessorImpl.invoke(DelegatingMethodAccessorImpl.java:25)
	at java.lang.reflect.Method.invoke(Method.java:592)
	at org.apache.tools.ant.taskdefs.optional.junit.JUnitTestRunner.run(JUnitTestRunner.java:356)
	at org.apache.tools.ant.taskdefs.optional.junit.JUnitTestRunner.launch(JUnitTestRunner.java:911)
	at org.apache.tools.ant.taskdefs.optional.junit.JUnitTestRunner.main(JUnitTestRunner.java:768)
 WARN [main] (JDBCExceptionReporter.java:54) - SQL Warning: 0, SQLState: 01I01
 WARN [main] (JDBCExceptionReporter.java:55) - Database has transactions
 WARN [main] (JDBCExceptionReporter.java:54) - SQL Warning: 0, SQLState: 01I04
 WARN [main] (JDBCExceptionReporter.java:55) - Database selected
DEBUG [main] (SecurityAssociation.java:143) - Using ThreadLocal: false
DEBUG [main] (MicroSocketClientInvoker.java:261) - SocketClientInvoker[198defc, socket://127.0.0.1:3873] constructed
DEBUG [main] (MicroRemoteClientInvoker.java:240) - SocketClientInvoker[198defc, socket://127.0.0.1:3873] connecting
DEBUG [main] (MicroSocketClientInvoker.java:761) - Creating semaphore with size 50
DEBUG [main] (MicroRemoteClientInvoker.java:245) - SocketClientInvoker[198defc, socket://127.0.0.1:3873] connected
DEBUG [main] (ClientSocketWrapper.java:164) - reset timeout: 0
DEBUG [main] (InvokerRegistry.java:595) - removed SocketClientInvoker[198defc, socket://127.0.0.1:3873] from registry
DEBUG [main] (MicroSocketClientInvoker.java:294) - SocketClientInvoker[198defc, socket://127.0.0.1:3873] disconnecting ...
DEBUG [main] (SocketWrapper.java:123) - ClientSocketWrapper[Socket[addr=/127.0.0.1,port=3873,localport=10238].cffc79] closing
DEBUG [main] (MicroSocketClientInvoker.java:261) - SocketClientInvoker[c8769b, socket://127.0.0.1:3873] constructed
DEBUG [main] (MicroRemoteClientInvoker.java:240) - SocketClientInvoker[c8769b, socket://127.0.0.1:3873] connecting
DEBUG [main] (MicroSocketClientInvoker.java:761) - Creating semaphore with size 50
DEBUG [main] (MicroRemoteClientInvoker.java:245) - SocketClientInvoker[c8769b, socket://127.0.0.1:3873] connected
DEBUG [main] (ClientSocketWrapper.java:164) - reset timeout: 0
DEBUG [main] (InvokerRegistry.java:595) - removed SocketClientInvoker[c8769b, socket://127.0.0.1:3873] from registry
DEBUG [main] (MicroSocketClientInvoker.java:294) - SocketClientInvoker[c8769b, socket://127.0.0.1:3873] disconnecting ...
DEBUG [main] (SocketWrapper.java:123) - ClientSocketWrapper[Socket[addr=/127.0.0.1,port=3873,localport=10239].bef361] closing
DEBUG [Finalizer] (MicroSocketClientInvoker.java:294) - SocketClientInvoker[c8769b, socket://127.0.0.1:3873] disconnecting ...
DEBUG [Finalizer] (MicroSocketClientInvoker.java:294) - SocketClientInvoker[c8769b, socket://127.0.0.1:3873] disconnecting ...
DEBUG [main] (MicroSocketClientInvoker.java:261) - SocketClientInvoker[c3e82b, socket://127.0.0.1:3873] constructed
DEBUG [main] (MicroRemoteClientInvoker.java:240) - SocketClientInvoker[c3e82b, socket://127.0.0.1:3873] connecting
DEBUG [main] (MicroSocketClientInvoker.java:761) - Creating semaphore with size 50
DEBUG [main] (MicroRemoteClientInvoker.java:245) - SocketClientInvoker[c3e82b, socket://127.0.0.1:3873] connected
DEBUG [main] (ClientSocketWrapper.java:164) - reset timeout: 0
DEBUG [main] (InvokerRegistry.java:595) - removed SocketClientInvoker[c3e82b, socket://127.0.0.1:3873] from registry
DEBUG [main] (MicroSocketClientInvoker.java:294) - SocketClientInvoker[c3e82b, socket://127.0.0.1:3873] disconnecting ...
DEBUG [main] (SocketWrapper.java:123) - ClientSocketWrapper[Socket[addr=/127.0.0.1,port=3873,localport=10241].df83e5] closing
DEBUG [main] (MicroSocketClientInvoker.java:261) - SocketClientInvoker[4c6320, socket://127.0.0.1:3873] constructed
DEBUG [main] (MicroRemoteClientInvoker.java:240) - SocketClientInvoker[4c6320, socket://127.0.0.1:3873] connecting
DEBUG [main] (MicroSocketClientInvoker.java:761) - Creating semaphore with size 50
DEBUG [main] (MicroRemoteClientInvoker.java:245) - SocketClientInvoker[4c6320, socket://127.0.0.1:3873] connected
DEBUG [Finalizer] (MicroSocketClientInvoker.java:294) - SocketClientInvoker[c3e82b, socket://127.0.0.1:3873] disconnecting ...
DEBUG [Finalizer] (MicroSocketClientInvoker.java:294) - SocketClientInvoker[c3e82b, socket://127.0.0.1:3873] disconnecting ...
DEBUG [main] (ClientSocketWrapper.java:164) - reset timeout: 0
DEBUG [main] (InvokerRegistry.java:595) - removed SocketClientInvoker[4c6320, socket://127.0.0.1:3873] from registry
DEBUG [main] (MicroSocketClientInvoker.java:294) - SocketClientInvoker[4c6320, socket://127.0.0.1:3873] disconnecting ...
DEBUG [main] (SocketWrapper.java:123) - ClientSocketWrapper[Socket[addr=/127.0.0.1,port=3873,localport=10244].185ad79] closing
DEBUG [Finalizer] (MicroSocketClientInvoker.java:294) - SocketClientInvoker[4c6320, socket://127.0.0.1:3873] disconnecting ...
DEBUG [Finalizer] (MicroSocketClientInvoker.java:294) - SocketClientInvoker[4c6320, socket://127.0.0.1:3873] disconnecting ...
DEBUG [main] (MicroSocketClientInvoker.java:261) - SocketClientInvoker[187b287, socket://127.0.0.1:3873] constructed
DEBUG [main] (MicroRemoteClientInvoker.java:240) - SocketClientInvoker[187b287, socket://127.0.0.1:3873] connecting
DEBUG [main] (MicroSocketClientInvoker.java:761) - Creating semaphore with size 50
DEBUG [main] (MicroRemoteClientInvoker.java:245) - SocketClientInvoker[187b287, socket://127.0.0.1:3873] connected
DEBUG [main] (ClientSocketWrapper.java:164) - reset timeout: 0
DEBUG [main] (InvokerRegistry.java:595) - removed SocketClientInvoker[187b287, socket://127.0.0.1:3873] from registry
DEBUG [main] (MicroSocketClientInvoker.java:294) - SocketClientInvoker[187b287, socket://127.0.0.1:3873] disconnecting ...
DEBUG [main] (SocketWrapper.java:123) - ClientSocketWrapper[Socket[addr=/127.0.0.1,port=3873,localport=10245].1a80aea] closing
DEBUG [main] (MicroSocketClientInvoker.java:261) - SocketClientInvoker[164b9b6, socket://127.0.0.1:3873] constructed
DEBUG [main] (MicroRemoteClientInvoker.java:240) - SocketClientInvoker[164b9b6, socket://127.0.0.1:3873] connecting
DEBUG [main] (MicroSocketClientInvoker.java:761) - Creating semaphore with size 50
DEBUG [main] (MicroRemoteClientInvoker.java:245) - SocketClientInvoker[164b9b6, socket://127.0.0.1:3873] connected
DEBUG [Finalizer] (MicroSocketClientInvoker.java:294) - SocketClientInvoker[187b287, socket://127.0.0.1:3873] disconnecting ...
DEBUG [Finalizer] (MicroSocketClientInvoker.java:294) - SocketClientInvoker[187b287, socket://127.0.0.1:3873] disconnecting ...
DEBUG [main] (ClientSocketWrapper.java:164) - reset timeout: 0
DEBUG [main] (InvokerRegistry.java:595) - removed SocketClientInvoker[164b9b6, socket://127.0.0.1:3873] from registry
DEBUG [main] (MicroSocketClientInvoker.java:294) - SocketClientInvoker[164b9b6, socket://127.0.0.1:3873] disconnecting ...
DEBUG [main] (SocketWrapper.java:123) - ClientSocketWrapper[Socket[addr=/127.0.0.1,port=3873,localport=10250].9f0d] closing
DEBUG [main] (MicroSocketClientInvoker.java:261) - SocketClientInvoker[ca3783, socket://127.0.0.1:3873] constructed
DEBUG [main] (MicroRemoteClientInvoker.java:240) - SocketClientInvoker[ca3783, socket://127.0.0.1:3873] connecting
DEBUG [main] (MicroSocketClientInvoker.java:761) - Creating semaphore with size 50
DEBUG [main] (MicroRemoteClientInvoker.java:245) - SocketClientInvoker[ca3783, socket://127.0.0.1:3873] connected
DEBUG [Finalizer] (MicroSocketClientInvoker.java:294) - SocketClientInvoker[164b9b6, socket://127.0.0.1:3873] disconnecting ...
DEBUG [Finalizer] (MicroSocketClientInvoker.java:294) - SocketClientInvoker[164b9b6, socket://127.0.0.1:3873] disconnecting ...
DEBUG [main] (ClientSocketWrapper.java:164) - reset timeout: 0
DEBUG [main] (InvokerRegistry.java:595) - removed SocketClientInvoker[ca3783, socket://127.0.0.1:3873] from registry
DEBUG [main] (MicroSocketClientInvoker.java:294) - SocketClientInvoker[ca3783, socket://127.0.0.1:3873] disconnecting ...
DEBUG [main] (SocketWrapper.java:123) - ClientSocketWrapper[Socket[addr=/127.0.0.1,port=3873,localport=10251].1b994de] closing
DEBUG [main] (MicroSocketClientInvoker.java:261) - SocketClientInvoker[dc9766, socket://127.0.0.1:3873] constructed
DEBUG [main] (MicroRemoteClientInvoker.java:240) - SocketClientInvoker[dc9766, socket://127.0.0.1:3873] connecting
DEBUG [main] (MicroSocketClientInvoker.java:761) - Creating semaphore with size 50
DEBUG [main] (MicroRemoteClientInvoker.java:245) - SocketClientInvoker[dc9766, socket://127.0.0.1:3873] connected
DEBUG [main] (ClientSocketWrapper.java:164) - reset timeout: 0
DEBUG [Finalizer] (MicroSocketClientInvoker.java:294) - SocketClientInvoker[ca3783, socket://127.0.0.1:3873] disconnecting ...
DEBUG [Finalizer] (MicroSocketClientInvoker.java:294) - SocketClientInvoker[ca3783, socket://127.0.0.1:3873] disconnecting ...
DEBUG [main] (InvokerRegistry.java:595) - removed SocketClientInvoker[dc9766, socket://127.0.0.1:3873] from registry
DEBUG [main] (MicroSocketClientInvoker.java:294) - SocketClientInvoker[dc9766, socket://127.0.0.1:3873] disconnecting ...
DEBUG [main] (SocketWrapper.java:123) - ClientSocketWrapper[Socket[addr=/127.0.0.1,port=3873,localport=10252].ad157f] closing
DEBUG [main] (MicroSocketClientInvoker.java:261) - SocketClientInvoker[caf0ed, socket://127.0.0.1:3873] constructed
DEBUG [main] (MicroRemoteClientInvoker.java:240) - SocketClientInvoker[caf0ed, socket://127.0.0.1:3873] connecting
DEBUG [main] (MicroSocketClientInvoker.java:761) - Creating semaphore with size 50
DEBUG [main] (MicroRemoteClientInvoker.java:245) - SocketClientInvoker[caf0ed, socket://127.0.0.1:3873] connected
DEBUG [main] (ClientSocketWrapper.java:164) - reset timeout: 0
DEBUG [main] (InvokerRegistry.java:595) - removed SocketClientInvoker[caf0ed, socket://127.0.0.1:3873] from registry
DEBUG [main] (MicroSocketClientInvoker.java:294) - SocketClientInvoker[caf0ed, socket://127.0.0.1:3873] disconnecting ...
DEBUG [main] (SocketWrapper.java:123) - ClientSocketWrapper[Socket[addr=/127.0.0.1,port=3873,localport=10254].9fea8a] closing
DEBUG [main] (MicroSocketClientInvoker.java:261) - SocketClientInvoker[df2d38, socket://127.0.0.1:3873] constructed
DEBUG [main] (MicroRemoteClientInvoker.java:240) - SocketClientInvoker[df2d38, socket://127.0.0.1:3873] connecting
DEBUG [main] (MicroSocketClientInvoker.java:761) - Creating semaphore with size 50
DEBUG [main] (MicroRemoteClientInvoker.java:245) - SocketClientInvoker[df2d38, socket://127.0.0.1:3873] connected
DEBUG [main] (ClientSocketWrapper.java:164) - reset timeout: 0
DEBUG [main] (InvokerRegistry.java:595) - removed SocketClientInvoker[df2d38, socket://127.0.0.1:3873] from registry
DEBUG [main] (MicroSocketClientInvoker.java:294) - SocketClientInvoker[df2d38, socket://127.0.0.1:3873] disconnecting ...
DEBUG [main] (SocketWrapper.java:123) - ClientSocketWrapper[Socket[addr=/127.0.0.1,port=3873,localport=10255].16877f8] closing
DEBUG [main] (MicroSocketClientInvoker.java:261) - SocketClientInvoker[19c7c21, socket://127.0.0.1:3873] constructed
DEBUG [main] (MicroRemoteClientInvoker.java:240) - SocketClientInvoker[19c7c21, socket://127.0.0.1:3873] connecting
DEBUG [main] (MicroSocketClientInvoker.java:761) - Creating semaphore with size 50
DEBUG [main] (MicroRemoteClientInvoker.java:245) - SocketClientInvoker[19c7c21, socket://127.0.0.1:3873] connected
DEBUG [Finalizer] (MicroSocketClientInvoker.java:294) - SocketClientInvoker[df2d38, socket://127.0.0.1:3873] disconnecting ...
DEBUG [main] (ClientSocketWrapper.java:164) - reset timeout: 0
DEBUG [Finalizer] (MicroSocketClientInvoker.java:294) - SocketClientInvoker[df2d38, socket://127.0.0.1:3873] disconnecting ...
DEBUG [main] (InvokerRegistry.java:595) - removed SocketClientInvoker[19c7c21, socket://127.0.0.1:3873] from registry
DEBUG [main] (MicroSocketClientInvoker.java:294) - SocketClientInvoker[19c7c21, socket://127.0.0.1:3873] disconnecting ...
DEBUG [main] (SocketWrapper.java:123) - ClientSocketWrapper[Socket[addr=/127.0.0.1,port=3873,localport=10256].883357] closing
DEBUG [main] (MicroSocketClientInvoker.java:261) - SocketClientInvoker[18105e8, socket://127.0.0.1:3873] constructed
DEBUG [Finalizer] (MicroSocketClientInvoker.java:294) - SocketClientInvoker[19c7c21, socket://127.0.0.1:3873] disconnecting ...
DEBUG [main] (MicroRemoteClientInvoker.java:240) - SocketClientInvoker[18105e8, socket://127.0.0.1:3873] connecting
DEBUG [Finalizer] (MicroSocketClientInvoker.java:294) - SocketClientInvoker[19c7c21, socket://127.0.0.1:3873] disconnecting ...
DEBUG [main] (MicroSocketClientInvoker.java:761) - Creating semaphore with size 50
DEBUG [main] (MicroRemoteClientInvoker.java:245) - SocketClientInvoker[18105e8, socket://127.0.0.1:3873] connected
DEBUG [main] (ClientSocketWrapper.java:164) - reset timeout: 0
DEBUG [main] (InvokerRegistry.java:595) - removed SocketClientInvoker[18105e8, socket://127.0.0.1:3873] from registry
DEBUG [main] (MicroSocketClientInvoker.java:294) - SocketClientInvoker[18105e8, socket://127.0.0.1:3873] disconnecting ...
DEBUG [main] (SocketWrapper.java:123) - ClientSocketWrapper[Socket[addr=/127.0.0.1,port=3873,localport=10257].17c2891] closing
DEBUG [main] (MicroSocketClientInvoker.java:261) - SocketClientInvoker[4b82d2, socket://127.0.0.1:3873] constructed
DEBUG [main] (MicroRemoteClientInvoker.java:240) - SocketClientInvoker[4b82d2, socket://127.0.0.1:3873] connecting
DEBUG [main] (MicroSocketClientInvoker.java:761) - Creating semaphore with size 50
DEBUG [main] (MicroRemoteClientInvoker.java:245) - SocketClientInvoker[4b82d2, socket://127.0.0.1:3873] connected
DEBUG [main] (ClientSocketWrapper.java:164) - reset timeout: 0
DEBUG [Finalizer] (MicroSocketClientInvoker.java:294) - SocketClientInvoker[18105e8, socket://127.0.0.1:3873] disconnecting ...
DEBUG [Finalizer] (MicroSocketClientInvoker.java:294) - SocketClientInvoker[18105e8, socket://127.0.0.1:3873] disconnecting ...
DEBUG [main] (InvokerRegistry.java:595) - removed SocketClientInvoker[4b82d2, socket://127.0.0.1:3873] from registry
DEBUG [main] (MicroSocketClientInvoker.java:294) - SocketClientInvoker[4b82d2, socket://127.0.0.1:3873] disconnecting ...
DEBUG [main] (SocketWrapper.java:123) - ClientSocketWrapper[Socket[addr=/127.0.0.1,port=3873,localport=10258].12b19c5] closing
DEBUG [main] (JDBCTransaction.java:54) - begin
DEBUG [main] (ConnectionManager.java:421) - opening JDBC connection
DEBUG [Finalizer] (MicroSocketClientInvoker.java:294) - SocketClientInvoker[4b82d2, socket://127.0.0.1:3873] disconnecting ...
DEBUG [main] (JDBCTransaction.java:59) - current autocommit status: true
DEBUG [Finalizer] (MicroSocketClientInvoker.java:294) - SocketClientInvoker[4b82d2, socket://127.0.0.1:3873] disconnecting ...
DEBUG [main] (JDBCTransaction.java:62) - disabling autocommit
DEBUG [main] (AbstractBatcher.java:366) - about to open PreparedStatement (open PreparedStatements: 0, globally: 0)
DEBUG [main] (AbstractBatcher.java:401) - select terms_of_use_id from user_terms_of_use_xref where user_id = ? and terms_of_use_id = ?
Hibernate: select terms_of_use_id from user_terms_of_use_xref where user_id = ? and terms_of_use_id = ?
DEBUG [main] (Loader.java:1747) - bindNamedParameters() 22758796 -> userId [1]
DEBUG [main] (Loader.java:1747) - bindNamedParameters() 666601 -> termsId [2]
DEBUG [main] (AbstractBatcher.java:382) - about to open ResultSet (open ResultSets: 0, globally: 0)
DEBUG [main] (Loader.java:1173) - result row: 
DEBUG [main] (AbstractBatcher.java:389) - about to close ResultSet (open ResultSets: 1, globally: 1)
DEBUG [main] (AbstractBatcher.java:374) - about to close PreparedStatement (open PreparedStatements: 1, globally: 1)
DEBUG [main] (StatefulPersistenceContext.java:790) - initializing non-lazy collections
DEBUG [main] (JDBCTransaction.java:103) - commit
DEBUG [main] (JDBCTransaction.java:193) - re-enabling autocommit
DEBUG [main] (JDBCTransaction.java:116) - committed JDBC Connection
DEBUG [main] (ConnectionManager.java:404) - aggressively releasing JDBC connection
DEBUG [main] (ConnectionManager.java:441) - releasing JDBC connection [ (open PreparedStatements: 0, globally: 0) (open ResultSets: 0, globally: 0)]
DEBUG [main] (MicroSocketClientInvoker.java:261) - SocketClientInvoker[1b5391b, socket://127.0.0.1:3873] constructed
DEBUG [main] (MicroRemoteClientInvoker.java:240) - SocketClientInvoker[1b5391b, socket://127.0.0.1:3873] connecting
DEBUG [main] (MicroSocketClientInvoker.java:761) - Creating semaphore with size 50
DEBUG [main] (MicroRemoteClientInvoker.java:245) - SocketClientInvoker[1b5391b, socket://127.0.0.1:3873] connected
DEBUG [main] (ClientSocketWrapper.java:164) - reset timeout: 0
DEBUG [main] (InvokerRegistry.java:595) - removed SocketClientInvoker[1b5391b, socket://127.0.0.1:3873] from registry
DEBUG [main] (MicroSocketClientInvoker.java:294) - SocketClientInvoker[1b5391b, socket://127.0.0.1:3873] disconnecting ...
DEBUG [main] (SocketWrapper.java:123) - ClientSocketWrapper[Socket[addr=/127.0.0.1,port=3873,localport=10259].12696c2] closing
DEBUG [main] (MicroSocketClientInvoker.java:261) - SocketClientInvoker[739f3f, socket://127.0.0.1:3873] constructed
DEBUG [main] (MicroRemoteClientInvoker.java:240) - SocketClientInvoker[739f3f, socket://127.0.0.1:3873] connecting
DEBUG [main] (MicroSocketClientInvoker.java:761) - Creating semaphore with size 50
DEBUG [main] (MicroRemoteClientInvoker.java:245) - SocketClientInvoker[739f3f, socket://127.0.0.1:3873] connected
DEBUG [Finalizer] (MicroSocketClientInvoker.java:294) - SocketClientInvoker[1b5391b, socket://127.0.0.1:3873] disconnecting ...
DEBUG [Finalizer] (MicroSocketClientInvoker.java:294) - SocketClientInvoker[1b5391b, socket://127.0.0.1:3873] disconnecting ...
DEBUG [main] (ClientSocketWrapper.java:164) - reset timeout: 0
DEBUG [Finalizer] (MicroSocketClientInvoker.java:294) - SocketClientInvoker[caf0ed, socket://127.0.0.1:3873] disconnecting ...
DEBUG [Finalizer] (MicroSocketClientInvoker.java:294) - SocketClientInvoker[caf0ed, socket://127.0.0.1:3873] disconnecting ...
DEBUG [Finalizer] (MicroSocketClientInvoker.java:294) - SocketClientInvoker[dc9766, socket://127.0.0.1:3873] disconnecting ...
DEBUG [Finalizer] (MicroSocketClientInvoker.java:294) - SocketClientInvoker[dc9766, socket://127.0.0.1:3873] disconnecting ...
DEBUG [Finalizer] (MicroSocketClientInvoker.java:294) - SocketClientInvoker[198defc, socket://127.0.0.1:3873] disconnecting ...
DEBUG [Finalizer] (MicroSocketClientInvoker.java:294) - SocketClientInvoker[198defc, socket://127.0.0.1:3873] disconnecting ...
DEBUG [main] (InvokerRegistry.java:595) - removed SocketClientInvoker[739f3f, socket://127.0.0.1:3873] from registry
DEBUG [main] (MicroSocketClientInvoker.java:294) - SocketClientInvoker[739f3f, socket://127.0.0.1:3873] disconnecting ...
DEBUG [main] (SocketWrapper.java:123) - ClientSocketWrapper[Socket[addr=/127.0.0.1,port=3873,localport=10260].1fcf790] closing
DEBUG [main] (MicroSocketClientInvoker.java:261) - SocketClientInvoker[1df5f21, socket://127.0.0.1:3873] constructed
DEBUG [main] (MicroRemoteClientInvoker.java:240) - SocketClientInvoker[1df5f21, socket://127.0.0.1:3873] connecting
DEBUG [main] (MicroSocketClientInvoker.java:761) - Creating semaphore with size 50
DEBUG [main] (MicroRemoteClientInvoker.java:245) - SocketClientInvoker[1df5f21, socket://127.0.0.1:3873] connected
DEBUG [main] (ClientSocketWrapper.java:164) - reset timeout: 0
DEBUG [main] (InvokerRegistry.java:595) - removed SocketClientInvoker[1df5f21, socket://127.0.0.1:3873] from registry
DEBUG [main] (MicroSocketClientInvoker.java:294) - SocketClientInvoker[1df5f21, socket://127.0.0.1:3873] disconnecting ...
DEBUG [main] (SocketWrapper.java:123) - ClientSocketWrapper[Socket[addr=/127.0.0.1,port=3873,localport=10261].1a8d460] closing
DEBUG [main] (JDBCTransaction.java:54) - begin
DEBUG [main] (ConnectionManager.java:421) - opening JDBC connection
DEBUG [main] (JDBCTransaction.java:59) - current autocommit status: true
DEBUG [main] (JDBCTransaction.java:62) - disabling autocommit
DEBUG [main] (AbstractBatcher.java:366) - about to open PreparedStatement (open PreparedStatements: 0, globally: 0)
DEBUG [main] (AbstractBatcher.java:401) - select terms_of_use_id from user_terms_of_use_xref where user_id = ? and terms_of_use_id = ?
Hibernate: select terms_of_use_id from user_terms_of_use_xref where user_id = ? and terms_of_use_id = ?
DEBUG [main] (Loader.java:1747) - bindNamedParameters() 22758797 -> userId [1]
DEBUG [main] (Loader.java:1747) - bindNamedParameters() 666601 -> termsId [2]
DEBUG [main] (AbstractBatcher.java:382) - about to open ResultSet (open ResultSets: 0, globally: 0)
DEBUG [main] (AbstractBatcher.java:389) - about to close ResultSet (open ResultSets: 1, globally: 1)
DEBUG [main] (AbstractBatcher.java:374) - about to close PreparedStatement (open PreparedStatements: 1, globally: 1)
DEBUG [main] (StatefulPersistenceContext.java:790) - initializing non-lazy collections
DEBUG [main] (JDBCTransaction.java:103) - commit
DEBUG [main] (JDBCTransaction.java:193) - re-enabling autocommit
DEBUG [main] (JDBCTransaction.java:116) - committed JDBC Connection
DEBUG [main] (ConnectionManager.java:404) - aggressively releasing JDBC connection
DEBUG [main] (ConnectionManager.java:441) - releasing JDBC connection [ (open PreparedStatements: 0, globally: 0) (open ResultSets: 0, globally: 0)]
DEBUG [main] (JDBCTransaction.java:54) - begin
DEBUG [main] (ConnectionManager.java:421) - opening JDBC connection
DEBUG [main] (JDBCTransaction.java:59) - current autocommit status: true
DEBUG [main] (JDBCTransaction.java:62) - disabling autocommit
DEBUG [main] (AbstractBatcher.java:366) - about to open PreparedStatement (open PreparedStatements: 0, globally: 0)
DEBUG [main] (AbstractBatcher.java:401) - delete from competition
Hibernate: delete from competition
DEBUG [main] (AbstractBatcher.java:374) - about to close PreparedStatement (open PreparedStatements: 1, globally: 1)
DEBUG [main] (AbstractBatcher.java:366) - about to open PreparedStatement (open PreparedStatements: 0, globally: 0)
DEBUG [main] (AbstractBatcher.java:401) - delete from tc_direct_project
Hibernate: delete from tc_direct_project
DEBUG [main] (AbstractBatcher.java:374) - about to close PreparedStatement (open PreparedStatements: 1, globally: 1)
DEBUG [main] (AbstractBatcher.java:366) - about to open PreparedStatement (open PreparedStatements: 0, globally: 0)
DEBUG [main] (AbstractBatcher.java:401) - delete from security_user where user_id in ('foo', 'foo1', 'foo2', 'foo3', 'foo4', 'foo5', 'foo6')
Hibernate: delete from security_user where user_id in ('foo', 'foo1', 'foo2', 'foo3', 'foo4', 'foo5', 'foo6')
DEBUG [main] (AbstractBatcher.java:374) - about to close PreparedStatement (open PreparedStatements: 1, globally: 1)
DEBUG [main] (AbstractBatcher.java:366) - about to open PreparedStatement (open PreparedStatements: 0, globally: 0)
DEBUG [main] (AbstractBatcher.java:401) - delete from address
Hibernate: delete from address
DEBUG [main] (AbstractBatcher.java:374) - about to close PreparedStatement (open PreparedStatements: 1, globally: 1)
DEBUG [main] (AbstractBatcher.java:366) - about to open PreparedStatement (open PreparedStatements: 0, globally: 0)
DEBUG [main] (AbstractBatcher.java:401) - delete from email
Hibernate: delete from email
DEBUG [main] (AbstractBatcher.java:374) - about to close PreparedStatement (open PreparedStatements: 1, globally: 1)
DEBUG [main] (AbstractBatcher.java:366) - about to open PreparedStatement (open PreparedStatements: 0, globally: 0)
DEBUG [main] (AbstractBatcher.java:401) - delete from phone
Hibernate: delete from phone
DEBUG [main] (AbstractBatcher.java:374) - about to close PreparedStatement (open PreparedStatements: 1, globally: 1)
DEBUG [main] (AbstractBatcher.java:366) - about to open PreparedStatement (open PreparedStatements: 0, globally: 0)
DEBUG [main] (AbstractBatcher.java:401) - delete from user_group_xref where login_id in (999900, 999901, 999902, 999903, 999904, 999905, 999906)
Hibernate: delete from user_group_xref where login_id in (999900, 999901, 999902, 999903, 999904, 999905, 999906)
DEBUG [main] (AbstractBatcher.java:374) - about to close PreparedStatement (open PreparedStatements: 1, globally: 1)
DEBUG [main] (AbstractBatcher.java:366) - about to open PreparedStatement (open PreparedStatements: 0, globally: 0)
DEBUG [main] (AbstractBatcher.java:401) - delete from user
Hibernate: delete from user
DEBUG [main] (AbstractBatcher.java:374) - about to close PreparedStatement (open PreparedStatements: 1, globally: 1)
DEBUG [main] (AbstractBatcher.java:366) - about to open PreparedStatement (open PreparedStatements: 0, globally: 0)
DEBUG [main] (AbstractBatcher.java:401) - delete from security_groups where group_id in (888801, 888802, 888803)
Hibernate: delete from security_groups where group_id in (888801, 888802, 888803)
DEBUG [main] (AbstractBatcher.java:374) - about to close PreparedStatement (open PreparedStatements: 1, globally: 1)
DEBUG [main] (AbstractBatcher.java:366) - about to open PreparedStatement (open PreparedStatements: 0, globally: 0)
DEBUG [main] (AbstractBatcher.java:401) - delete from user_terms_of_use_xref where terms_of_use_id = 666601
Hibernate: delete from user_terms_of_use_xref where terms_of_use_id = 666601
DEBUG [main] (AbstractBatcher.java:374) - about to close PreparedStatement (open PreparedStatements: 1, globally: 1)
DEBUG [main] (AbstractBatcher.java:366) - about to open PreparedStatement (open PreparedStatements: 0, globally: 0)
DEBUG [main] (AbstractBatcher.java:401) - delete from terms_of_use where terms_of_use_id = 666601
Hibernate: delete from terms_of_use where terms_of_use_id = 666601
DEBUG [main] (AbstractBatcher.java:374) - about to close PreparedStatement (open PreparedStatements: 1, globally: 1)
DEBUG [main] (AbstractBatcher.java:366) - about to open PreparedStatement (open PreparedStatements: 0, globally: 0)
DEBUG [main] (AbstractBatcher.java:401) - delete from terms_of_use_type where terms_of_use_type_id = 77701
Hibernate: delete from terms_of_use_type where terms_of_use_type_id = 77701
DEBUG [main] (AbstractBatcher.java:374) - about to close PreparedStatement (open PreparedStatements: 1, globally: 1)
DEBUG [main] (JDBCTransaction.java:103) - commit
DEBUG [main] (JDBCTransaction.java:193) - re-enabling autocommit
DEBUG [main] (JDBCTransaction.java:116) - committed JDBC Connection
DEBUG [main] (ConnectionManager.java:404) - aggressively releasing JDBC connection
DEBUG [main] (ConnectionManager.java:441) - releasing JDBC connection [ (open PreparedStatements: 0, globally: 0) (open ResultSets: 0, globally: 0)]
DEBUG [main] (JDBCTransaction.java:54) - begin
DEBUG [main] (ConnectionManager.java:421) - opening JDBC connection
DEBUG [main] (JDBCTransaction.java:59) - current autocommit status: true
DEBUG [main] (JDBCTransaction.java:62) - disabling autocommit
DEBUG [main] (AbstractBatcher.java:366) - about to open PreparedStatement (open PreparedStatements: 0, globally: 0)
DEBUG [main] (AbstractBatcher.java:401) - delete from competition
Hibernate: delete from competition
DEBUG [main] (AbstractBatcher.java:374) - about to close PreparedStatement (open PreparedStatements: 1, globally: 1)
DEBUG [main] (AbstractBatcher.java:366) - about to open PreparedStatement (open PreparedStatements: 0, globally: 0)
DEBUG [main] (AbstractBatcher.java:401) - delete from tc_direct_project
Hibernate: delete from tc_direct_project
DEBUG [main] (AbstractBatcher.java:374) - about to close PreparedStatement (open PreparedStatements: 1, globally: 1)
DEBUG [main] (AbstractBatcher.java:366) - about to open PreparedStatement (open PreparedStatements: 0, globally: 0)
DEBUG [main] (AbstractBatcher.java:401) - delete from security_user where user_id in ('foo', 'foo1', 'foo2', 'foo3', 'foo4', 'foo5', 'foo6')
Hibernate: delete from security_user where user_id in ('foo', 'foo1', 'foo2', 'foo3', 'foo4', 'foo5', 'foo6')
DEBUG [main] (AbstractBatcher.java:374) - about to close PreparedStatement (open PreparedStatements: 1, globally: 1)
DEBUG [main] (AbstractBatcher.java:366) - about to open PreparedStatement (open PreparedStatements: 0, globally: 0)
DEBUG [main] (AbstractBatcher.java:401) - INSERT INTO security_user (login_id, user_id, password, create_user_id) values (999900, 'foo', 'password', 0)
Hibernate: INSERT INTO security_user (login_id, user_id, password, create_user_id) values (999900, 'foo', 'password', 0)
DEBUG [main] (AbstractBatcher.java:374) - about to close PreparedStatement (open PreparedStatements: 1, globally: 1)
DEBUG [main] (AbstractBatcher.java:366) - about to open PreparedStatement (open PreparedStatements: 0, globally: 0)
DEBUG [main] (AbstractBatcher.java:401) - INSERT INTO security_user (login_id, user_id, password, create_user_id) values (999901, 'foo1', 'password', 0)
Hibernate: INSERT INTO security_user (login_id, user_id, password, create_user_id) values (999901, 'foo1', 'password', 0)
DEBUG [main] (AbstractBatcher.java:374) - about to close PreparedStatement (open PreparedStatements: 1, globally: 1)
DEBUG [main] (AbstractBatcher.java:366) - about to open PreparedStatement (open PreparedStatements: 0, globally: 0)
DEBUG [main] (AbstractBatcher.java:401) - INSERT INTO security_user (login_id, user_id, password, create_user_id) values (999902, 'foo2', 'password', 0)
Hibernate: INSERT INTO security_user (login_id, user_id, password, create_user_id) values (999902, 'foo2', 'password', 0)
DEBUG [main] (AbstractBatcher.java:374) - about to close PreparedStatement (open PreparedStatements: 1, globally: 1)
DEBUG [main] (AbstractBatcher.java:366) - about to open PreparedStatement (open PreparedStatements: 0, globally: 0)
DEBUG [main] (AbstractBatcher.java:401) - INSERT INTO security_user (login_id, user_id, password, create_user_id) values (999903, 'foo3', 'password', 0)
Hibernate: INSERT INTO security_user (login_id, user_id, password, create_user_id) values (999903, 'foo3', 'password', 0)
DEBUG [main] (AbstractBatcher.java:374) - about to close PreparedStatement (open PreparedStatements: 1, globally: 1)
DEBUG [main] (AbstractBatcher.java:366) - about to open PreparedStatement (open PreparedStatements: 0, globally: 0)
DEBUG [main] (AbstractBatcher.java:401) - INSERT INTO security_user (login_id, user_id, password, create_user_id) values (999904, 'foo4', 'password', 0)
Hibernate: INSERT INTO security_user (login_id, user_id, password, create_user_id) values (999904, 'foo4', 'password', 0)
DEBUG [main] (AbstractBatcher.java:374) - about to close PreparedStatement (open PreparedStatements: 1, globally: 1)
DEBUG [main] (AbstractBatcher.java:366) - about to open PreparedStatement (open PreparedStatements: 0, globally: 0)
DEBUG [main] (AbstractBatcher.java:401) - INSERT INTO security_user (login_id, user_id, password, create_user_id) values (999905, 'foo5', 'password', 0)
Hibernate: INSERT INTO security_user (login_id, user_id, password, create_user_id) values (999905, 'foo5', 'password', 0)
DEBUG [main] (AbstractBatcher.java:374) - about to close PreparedStatement (open PreparedStatements: 1, globally: 1)
DEBUG [main] (AbstractBatcher.java:366) - about to open PreparedStatement (open PreparedStatements: 0, globally: 0)
DEBUG [main] (AbstractBatcher.java:401) - INSERT INTO security_user (login_id, user_id, password, create_user_id) values (999906, 'foo6', 'password', 0)
Hibernate: INSERT INTO security_user (login_id, user_id, password, create_user_id) values (999906, 'foo6', 'password', 0)
DEBUG [main] (AbstractBatcher.java:374) - about to close PreparedStatement (open PreparedStatements: 1, globally: 1)
DEBUG [main] (AbstractBatcher.java:366) - about to open PreparedStatement (open PreparedStatements: 0, globally: 0)
DEBUG [main] (AbstractBatcher.java:401) - delete from address
Hibernate: delete from address
DEBUG [Finalizer] (MicroSocketClientInvoker.java:294) - SocketClientInvoker[739f3f, socket://127.0.0.1:3873] disconnecting ...
DEBUG [Finalizer] (MicroSocketClientInvoker.java:294) - SocketClientInvoker[739f3f, socket://127.0.0.1:3873] disconnecting ...
DEBUG [Finalizer] (MicroSocketClientInvoker.java:294) - SocketClientInvoker[1df5f21, socket://127.0.0.1:3873] disconnecting ...
DEBUG [Finalizer] (MicroSocketClientInvoker.java:294) - SocketClientInvoker[1df5f21, socket://127.0.0.1:3873] disconnecting ...
DEBUG [main] (AbstractBatcher.java:374) - about to close PreparedStatement (open PreparedStatements: 1, globally: 1)
DEBUG [main] (AbstractBatcher.java:366) - about to open PreparedStatement (open PreparedStatements: 0, globally: 0)
DEBUG [main] (AbstractBatcher.java:401) - delete from email
Hibernate: delete from email
DEBUG [main] (AbstractBatcher.java:374) - about to close PreparedStatement (open PreparedStatements: 1, globally: 1)
DEBUG [main] (AbstractBatcher.java:366) - about to open PreparedStatement (open PreparedStatements: 0, globally: 0)
DEBUG [main] (AbstractBatcher.java:401) - delete from phone
Hibernate: delete from phone
DEBUG [main] (AbstractBatcher.java:374) - about to close PreparedStatement (open PreparedStatements: 1, globally: 1)
DEBUG [main] (AbstractBatcher.java:366) - about to open PreparedStatement (open PreparedStatements: 0, globally: 0)
DEBUG [main] (AbstractBatcher.java:401) - delete from user_group_xref where login_id in (999900, 999901, 999902, 999903, 999904, 999905, 999906)
Hibernate: delete from user_group_xref where login_id in (999900, 999901, 999902, 999903, 999904, 999905, 999906)
DEBUG [main] (AbstractBatcher.java:374) - about to close PreparedStatement (open PreparedStatements: 1, globally: 1)
DEBUG [main] (AbstractBatcher.java:366) - about to open PreparedStatement (open PreparedStatements: 0, globally: 0)
DEBUG [main] (AbstractBatcher.java:401) - delete from user
Hibernate: delete from user
DEBUG [main] (AbstractBatcher.java:374) - about to close PreparedStatement (open PreparedStatements: 1, globally: 1)
DEBUG [main] (AbstractBatcher.java:366) - about to open PreparedStatement (open PreparedStatements: 0, globally: 0)
DEBUG [main] (AbstractBatcher.java:401) - insert into user (user_id, first_name, last_name, create_date, handle, last_login, status, password, activation_code, middle_name, timezone_id, last_site_hit_date) values (1, 'Default', 'User', '2001-01-14 08:45:00', 'foo', '2001-01-14 08:45:00', 'A', 'huh', NULL, NULL, 554, NULL)
Hibernate: insert into user (user_id, first_name, last_name, create_date, handle, last_login, status, password, activation_code, middle_name, timezone_id, last_site_hit_date) values (1, 'Default', 'User', '2001-01-14 08:45:00', 'foo', '2001-01-14 08:45:00', 'A', 'huh', NULL, NULL, 554, NULL)
DEBUG [main] (AbstractBatcher.java:374) - about to close PreparedStatement (open PreparedStatements: 1, globally: 1)
DEBUG [main] (AbstractBatcher.java:366) - about to open PreparedStatement (open PreparedStatements: 0, globally: 0)
DEBUG [main] (AbstractBatcher.java:401) - delete from security_groups where group_id in (888801, 888802, 888803)
Hibernate: delete from security_groups where group_id in (888801, 888802, 888803)
DEBUG [main] (AbstractBatcher.java:374) - about to close PreparedStatement (open PreparedStatements: 1, globally: 1)
DEBUG [main] (AbstractBatcher.java:366) - about to open PreparedStatement (open PreparedStatements: 0, globally: 0)
DEBUG [main] (AbstractBatcher.java:401) - insert into security_groups (group_id, description, create_user_id) values (888801, 'Test Group 1', 1)
Hibernate: insert into security_groups (group_id, description, create_user_id) values (888801, 'Test Group 1', 1)
DEBUG [main] (AbstractBatcher.java:374) - about to close PreparedStatement (open PreparedStatements: 1, globally: 1)
DEBUG [main] (AbstractBatcher.java:366) - about to open PreparedStatement (open PreparedStatements: 0, globally: 0)
DEBUG [main] (AbstractBatcher.java:401) - insert into security_groups (group_id, description, create_user_id) values (888802, 'Test Group 2', 1)
Hibernate: insert into security_groups (group_id, description, create_user_id) values (888802, 'Test Group 2', 1)
DEBUG [main] (AbstractBatcher.java:374) - about to close PreparedStatement (open PreparedStatements: 1, globally: 1)
DEBUG [main] (AbstractBatcher.java:366) - about to open PreparedStatement (open PreparedStatements: 0, globally: 0)
DEBUG [main] (AbstractBatcher.java:401) - insert into security_groups (group_id, description, create_user_id) values (888803, 'Test Group 3', 1)
Hibernate: insert into security_groups (group_id, description, create_user_id) values (888803, 'Test Group 3', 1)
DEBUG [main] (AbstractBatcher.java:374) - about to close PreparedStatement (open PreparedStatements: 1, globally: 1)
DEBUG [main] (AbstractBatcher.java:366) - about to open PreparedStatement (open PreparedStatements: 0, globally: 0)
DEBUG [main] (AbstractBatcher.java:401) - delete from user_terms_of_use_xref where terms_of_use_id = 666601
Hibernate: delete from user_terms_of_use_xref where terms_of_use_id = 666601
DEBUG [main] (AbstractBatcher.java:374) - about to close PreparedStatement (open PreparedStatements: 1, globally: 1)
DEBUG [main] (AbstractBatcher.java:366) - about to open PreparedStatement (open PreparedStatements: 0, globally: 0)
DEBUG [main] (AbstractBatcher.java:401) - delete from terms_of_use where terms_of_use_id = 666601
Hibernate: delete from terms_of_use where terms_of_use_id = 666601
DEBUG [main] (AbstractBatcher.java:374) - about to close PreparedStatement (open PreparedStatements: 1, globally: 1)
DEBUG [main] (AbstractBatcher.java:366) - about to open PreparedStatement (open PreparedStatements: 0, globally: 0)
DEBUG [main] (AbstractBatcher.java:401) - delete from terms_of_use_type where terms_of_use_type_id = 77701
Hibernate: delete from terms_of_use_type where terms_of_use_type_id = 77701
DEBUG [main] (AbstractBatcher.java:374) - about to close PreparedStatement (open PreparedStatements: 1, globally: 1)
DEBUG [main] (AbstractBatcher.java:366) - about to open PreparedStatement (open PreparedStatements: 0, globally: 0)
DEBUG [main] (AbstractBatcher.java:401) - insert into terms_of_use_type (terms_of_use_type_id, terms_of_use_type_desc) values (77701, 'Test terms of use')
Hibernate: insert into terms_of_use_type (terms_of_use_type_id, terms_of_use_type_desc) values (77701, 'Test terms of use')
DEBUG [main] (AbstractBatcher.java:374) - about to close PreparedStatement (open PreparedStatements: 1, globally: 1)
DEBUG [main] (AbstractBatcher.java:366) - about to open PreparedStatement (open PreparedStatements: 0, globally: 0)
DEBUG [main] (AbstractBatcher.java:401) - insert into terms_of_use (terms_of_use_id, terms_text, terms_of_use_type_id, title, electronically_signable, url) VALUES (666601, NULL, 77701, 'Test terms of use', 1, NULL)
Hibernate: insert into terms_of_use (terms_of_use_id, terms_text, terms_of_use_type_id, title, electronically_signable, url) VALUES (666601, NULL, 77701, 'Test terms of use', 1, NULL)
DEBUG [main] (AbstractBatcher.java:374) - about to close PreparedStatement (open PreparedStatements: 1, globally: 1)
DEBUG [main] (JDBCTransaction.java:103) - commit
DEBUG [main] (JDBCTransaction.java:193) - re-enabling autocommit
DEBUG [main] (JDBCTransaction.java:116) - committed JDBC Connection
DEBUG [main] (ConnectionManager.java:404) - aggressively releasing JDBC connection
DEBUG [main] (ConnectionManager.java:441) - releasing JDBC connection [ (open PreparedStatements: 0, globally: 0) (open ResultSets: 0, globally: 0)]
DEBUG [main] (MicroSocketClientInvoker.java:261) - SocketClientInvoker[5e8d7d, socket://127.0.0.1:3873] constructed
DEBUG [main] (MicroRemoteClientInvoker.java:240) - SocketClientInvoker[5e8d7d, socket://127.0.0.1:3873] connecting
DEBUG [main] (MicroSocketClientInvoker.java:761) - Creating semaphore with size 50
DEBUG [main] (MicroRemoteClientInvoker.java:245) - SocketClientInvoker[5e8d7d, socket://127.0.0.1:3873] connected
DEBUG [main] (ClientSocketWrapper.java:164) - reset timeout: 0
DEBUG [main] (InvokerRegistry.java:595) - removed SocketClientInvoker[5e8d7d, socket://127.0.0.1:3873] from registry
DEBUG [main] (MicroSocketClientInvoker.java:294) - SocketClientInvoker[5e8d7d, socket://127.0.0.1:3873] disconnecting ...
DEBUG [main] (SocketWrapper.java:123) - ClientSocketWrapper[Socket[addr=/127.0.0.1,port=3873,localport=10265].7ff5b6] closing
DEBUG [main] (MicroSocketClientInvoker.java:261) - SocketClientInvoker[dc9065, socket://127.0.0.1:3873] constructed
DEBUG [main] (MicroRemoteClientInvoker.java:240) - SocketClientInvoker[dc9065, socket://127.0.0.1:3873] connecting
DEBUG [main] (MicroSocketClientInvoker.java:761) - Creating semaphore with size 50
DEBUG [main] (MicroRemoteClientInvoker.java:245) - SocketClientInvoker[dc9065, socket://127.0.0.1:3873] connected
DEBUG [Finalizer] (MicroSocketClientInvoker.java:294) - SocketClientInvoker[5e8d7d, socket://127.0.0.1:3873] disconnecting ...
DEBUG [main] (ClientSocketWrapper.java:164) - reset timeout: 0
DEBUG [Finalizer] (MicroSocketClientInvoker.java:294) - SocketClientInvoker[5e8d7d, socket://127.0.0.1:3873] disconnecting ...
DEBUG [main] (InvokerRegistry.java:595) - removed SocketClientInvoker[dc9065, socket://127.0.0.1:3873] from registry
DEBUG [main] (MicroSocketClientInvoker.java:294) - SocketClientInvoker[dc9065, socket://127.0.0.1:3873] disconnecting ...
DEBUG [main] (SocketWrapper.java:123) - ClientSocketWrapper[Socket[addr=/127.0.0.1,port=3873,localport=10267].2d0479] closing
DEBUG [main] (JAXWSClientMetaDataBuilder.java:77) - START buildMetaData: [service={http://impl.project.service.topcoder.com/}ProjectServiceBeanService]
DEBUG [main] (WSDLDefinitionsFactory.java:102) - parse: http://127.0.0.1:8080/project_service-project_service/ProjectServiceBean?wsdl
DEBUG [main] (DefaultSPIProvider.java:68) - provide SPI 'class org.jboss.wsf.spi.management.ServerConfigFactory'
DEBUG [main] (JavaToXSD.java:175) - Load schema: http://impl.project.service.topcoder.com/=file:/C:/Users/ernesto/AppData/Local/Temp/JBossWS_impl.project.service.topcoder.com_1399726520337595586.xsd
DEBUG [main] (JBossWSEntityResolver.java:64) - resolveEntity: [pub=null,sysid=file:/C:/Users/ernesto/AppData/Local/Temp/JBossWS_impl.project.service.topcoder.com_1399726520337595586.xsd]
DEBUG [main] (JBossWSEntityResolver.java:64) - resolveEntity: [pub=http://schemas.xmlsoap.org/soap/encoding/,sysid=null]
DEBUG [main] (EndpointMetaData.java:311) - Using default parameter style: WRAPPED
DEBUG [main] (JAXWSClientMetaDataBuilder.java:102) - END buildMetaData: 
UnifiedMetaData: 
 implementation: jbossws-3.0.1-native-2.0.4.GA (build=200803312044)
 deploymentName: null
 securityDomain: null

ServiceMetaData:
 qname={http://impl.project.service.topcoder.com/}ProjectServiceBeanService
 refName=null
 wsdName=null
 wsdlFile=null
 wsdlLocation=http://127.0.0.1:8080/project_service-project_service/ProjectServiceBean?wsdl
 jaxrpcMapping=null
 publishLocation=null
 securityConfig=null
 properties=null

TypesMetaData: 
<schema targetNamespace='http://impl.project.service.topcoder.com/' xmlns='http://www.w3.org/2001/XMLSchema' xmlns:soap11-enc='http://schemas.xmlsoap.org/soap/encoding/' xmlns:tns='http://impl.project.service.topcoder.com/' xmlns:xsi='http://www.w3.org/2001/XMLSchema-instance'>
 <complexType name='createProjectResponse'>
  <sequence>
   <element maxOccurs='1' minOccurs='0' name='return' type='tns:projectData'/>
  </sequence>
 </complexType>
 <complexType name='getProjectByName'>
  <sequence>
   <element maxOccurs='1' minOccurs='0' name='arg0' type='string'/>
   <element name='arg1' type='long'/>
  </sequence>
 </complexType>
 <complexType name='getProjectsForUser'>
  <sequence>
   <element name='arg0' type='long'/>
  </sequence>
 </complexType>
 <complexType name='getProjectsForUserResponse'>
  <sequence>
   <element maxOccurs='unbounded' minOccurs='0' name='return' type='tns:projectData'/>
  </sequence>
 </complexType>
 <complexType name='AuthorizationFailedFault'>
  <sequence>
   <element maxOccurs='1' minOccurs='0' name='message' type='string'/>
  </sequence>
 </complexType>
 <complexType name='IllegalArgumentFault'>
  <sequence>
   <element maxOccurs='1' minOccurs='0' name='message' type='string'/>
  </sequence>
 </complexType>
 <complexType name='PersistenceFault'>
  <sequence>
   <element maxOccurs='1' minOccurs='0' name='message' type='string'/>
  </sequence>
 </complexType>
 <complexType name='ProjectHasCompetitionsFault'>
  <sequence>
   <element maxOccurs='1' minOccurs='0' name='message' type='string'/>
  </sequence>
 </complexType>
 <complexType name='ProjectNotFoundFault'>
  <sequence>
   <element maxOccurs='1' minOccurs='0' name='message' type='string'/>
  </sequence>
 </complexType>
 <complexType name='createProject'>
  <sequence>
   <element maxOccurs='1' minOccurs='0' name='arg0' type='tns:projectData'/>
  </sequence>
 </complexType>
 <complexType name='deleteProject'>
  <sequence>
   <element name='arg0' type='long'/>
  </sequence>
 </complexType>
 <complexType name='deleteProjectResponse'>
  <sequence>
   <element name='return' type='boolean'/>
  </sequence>
 </complexType>
 <complexType name='getAllProjects'/>
 <complexType name='getAllProjectsResponse'>
  <sequence>
   <element maxOccurs='unbounded' minOccurs='0' name='return' type='tns:projectData'/>
  </sequence>
 </complexType>
 <complexType name='getProject'>
  <sequence>
   <element name='arg0' type='long'/>
  </sequence>
 </complexType>
 <complexType name='getProjectByNameResponse'>
  <sequence>
   <element maxOccurs='1' minOccurs='0' name='return' type='tns:projectData'/>
  </sequence>
 </complexType>
 <complexType name='getProjectResponse'>
  <sequence>
   <element maxOccurs='1' minOccurs='0' name='return' type='tns:projectData'/>
  </sequence>
 </complexType>
 <complexType name='projectData'>
  <sequence>
   <element maxOccurs='1' minOccurs='0' name='description' type='string'/>
   <element maxOccurs='1' minOccurs='0' name='name' type='string'/>
   <element maxOccurs='1' minOccurs='0' name='projectId' type='long'/>
  </sequence>
 </complexType>
 <complexType name='updateProject'>
  <sequence>
   <element maxOccurs='1' minOccurs='0' name='arg0' type='tns:projectData'/>
  </sequence>
 </complexType>
 <complexType name='updateProjectResponse'/>
 <element name='createProject' type='tns:createProject'/>
 <element name='createProjectResponse' type='tns:createProjectResponse'/>
 <element name='getProjectByName' type='tns:getProjectByName'/>
 <element name='getProjectsForUser' type='tns:getProjectsForUser'/>
 <element name='getProjectsForUserResponse' type='tns:getProjectsForUserResponse'/>
 <element name='AuthorizationFailedFault' type='tns:AuthorizationFailedFault'/>
 <element name='IllegalArgumentFault' type='tns:IllegalArgumentFault'/>
 <element name='PersistenceFault' type='tns:PersistenceFault'/>
 <element name='ProjectHasCompetitionsFault' type='tns:ProjectHasCompetitionsFault'/>
 <element name='ProjectNotFoundFault' type='tns:ProjectNotFoundFault'/>
 <element name='deleteProject' type='tns:deleteProject'/>
 <element name='deleteProjectResponse' type='tns:deleteProjectResponse'/>
 <element name='getAllProjects' type='tns:getAllProjects'/>
 <element name='getAllProjectsResponse' type='tns:getAllProjectsResponse'/>
 <element name='getProject' type='tns:getProject'/>
 <element name='getProjectByNameResponse' type='tns:getProjectByNameResponse'/>
 <element name='getProjectResponse' type='tns:getProjectResponse'/>
 <element name='updateProject' type='tns:updateProject'/>
 <element name='updateProjectResponse' type='tns:updateProjectResponse'/>
</schema>


ClientEndpointMetaData:
 type=JAXWS
 qname={http://impl.project.service.topcoder.com/}ProjectServiceBeanPort
 address=http://127.0.0.1:8080/project_service-project_service/ProjectServiceBean
 binding=http://schemas.xmlsoap.org/wsdl/soap/http
 seiName=null
 configFile=META-INF/standard-jaxws-client-config.xml
 configName=Standard Client
 authMethod=null
 properties={}

OperationMetaData:
 qname={http://impl.project.service.topcoder.com/}createProject
 javaName={http://impl.project.service.topcoder.com/}createProject
 style=document/literal/WRAPPED
 oneWay=false
 soapAction=

OperationMetaData:
 qname={http://impl.project.service.topcoder.com/}deleteProject
 javaName={http://impl.project.service.topcoder.com/}deleteProject
 style=document/literal/WRAPPED
 oneWay=false
 soapAction=

OperationMetaData:
 qname={http://impl.project.service.topcoder.com/}getAllProjects
 javaName={http://impl.project.service.topcoder.com/}getAllProjects
 style=document/literal/WRAPPED
 oneWay=false
 soapAction=

OperationMetaData:
 qname={http://impl.project.service.topcoder.com/}getProject
 javaName={http://impl.project.service.topcoder.com/}getProject
 style=document/literal/WRAPPED
 oneWay=false
 soapAction=

OperationMetaData:
 qname={http://impl.project.service.topcoder.com/}getProjectByName
 javaName={http://impl.project.service.topcoder.com/}getProjectByName
 style=document/literal/WRAPPED
 oneWay=false
 soapAction=

OperationMetaData:
 qname={http://impl.project.service.topcoder.com/}getProjectsForUser
 javaName={http://impl.project.service.topcoder.com/}getProjectsForUser
 style=document/literal/WRAPPED
 oneWay=false
 soapAction=

OperationMetaData:
 qname={http://impl.project.service.topcoder.com/}updateProject
 javaName={http://impl.project.service.topcoder.com/}updateProject
 style=document/literal/WRAPPED
 oneWay=false
 soapAction=
DEBUG [Finalizer] (MicroSocketClientInvoker.java:294) - SocketClientInvoker[dc9065, socket://127.0.0.1:3873] disconnecting ...
DEBUG [Finalizer] (MicroSocketClientInvoker.java:294) - SocketClientInvoker[dc9065, socket://127.0.0.1:3873] disconnecting ...
DEBUG [main] (JAXWSClientMetaDataBuilder.java:276) - START: rebuildMetaData
DEBUG [main] (EndpointMetaData.java:321) - setParameterStyle: null
DEBUG [main] (EndpointMetaData.java:812) - Create new config [name=Standard Client,file=META-INF/standard-jaxws-client-config.xml]
DEBUG [main] (JBossWSConfigFactory.java:125) - getConfig: [name=Standard Client,url=META-INF/standard-jaxws-client-config.xml]
DEBUG [main] (JBossWSConfigFactory.java:71) - parse: jar:file:/C:/Program%20Files/jboss-4.2.3.GA/client/jbossws-client.jar!/META-INF/standard-jaxws-client-config.xml
DEBUG [main] (EndpointMetaData.java:867) - Configure EndpointMetaData
DEBUG [main] (EndpointMetaData.java:879) - Added 0 PRE handlers
DEBUG [main] (EndpointMetaData.java:880) - Added 0 ENDPOINT handlers
DEBUG [main] (EndpointMetaData.java:881) - Added 0 POST handlers
DEBUG [main] (EndpointMetaData.java:311) - Using default parameter style: WRAPPED
DEBUG [main] (DynamicWrapperGenerator.java:98) - Generating wrapper: com.topcoder.service.project.jaxws.GetProject
DEBUG [main] (DynamicWrapperGenerator.java:98) - Generating wrapper: com.topcoder.service.project.jaxws.GetProjectResponse
DEBUG [main] (DynamicWrapperGenerator.java:135) - Generating fault bean: com.topcoder.service.project.jaxws.PersistenceFaultBean
DEBUG [main] (DynamicWrapperGenerator.java:135) - Generating fault bean: com.topcoder.service.project.jaxws.ProjectNotFoundFaultBean
DEBUG [main] (DynamicWrapperGenerator.java:135) - Generating fault bean: com.topcoder.service.project.jaxws.AuthorizationFailedFaultBean
DEBUG [main] (DynamicWrapperGenerator.java:98) - Generating wrapper: com.topcoder.service.project.jaxws.CreateProject
DEBUG [main] (DynamicWrapperGenerator.java:98) - Generating wrapper: com.topcoder.service.project.jaxws.CreateProjectResponse
DEBUG [main] (DynamicWrapperGenerator.java:135) - Generating fault bean: com.topcoder.service.project.jaxws.IllegalArgumentFaultBean
DEBUG [main] (DynamicWrapperGenerator.java:98) - Generating wrapper: com.topcoder.service.project.jaxws.GetProjectByName
DEBUG [main] (DynamicWrapperGenerator.java:98) - Generating wrapper: com.topcoder.service.project.jaxws.GetProjectByNameResponse
DEBUG [main] (DynamicWrapperGenerator.java:98) - Generating wrapper: com.topcoder.service.project.jaxws.GetProjectsForUser
DEBUG [main] (DynamicWrapperGenerator.java:98) - Generating wrapper: com.topcoder.service.project.jaxws.GetProjectsForUserResponse
DEBUG [main] (DynamicWrapperGenerator.java:135) - Generating fault bean: com.topcoder.service.project.jaxws.UserNotFoundFaultBean
DEBUG [main] (DynamicWrapperGenerator.java:98) - Generating wrapper: com.topcoder.service.project.jaxws.GetAllProjects
DEBUG [main] (DynamicWrapperGenerator.java:98) - Generating wrapper: com.topcoder.service.project.jaxws.GetAllProjectsResponse
DEBUG [main] (DynamicWrapperGenerator.java:98) - Generating wrapper: com.topcoder.service.project.jaxws.UpdateProject
DEBUG [main] (DynamicWrapperGenerator.java:98) - Generating wrapper: com.topcoder.service.project.jaxws.UpdateProjectResponse
DEBUG [main] (DynamicWrapperGenerator.java:98) - Generating wrapper: com.topcoder.service.project.jaxws.DeleteProject
DEBUG [main] (DynamicWrapperGenerator.java:98) - Generating wrapper: com.topcoder.service.project.jaxws.DeleteProjectResponse
DEBUG [main] (DynamicWrapperGenerator.java:135) - Generating fault bean: com.topcoder.service.project.jaxws.ProjectHasCompetitionsFaultBean
DEBUG [main] (JAXWSMetaDataBuilder.java:938) - JAXBContext [types=[class com.topcoder.service.project.jaxws.GetProject, class com.topcoder.service.project.jaxws.GetProjectResponse, class com.topcoder.service.project.jaxws.PersistenceFaultBean, class com.topcoder.service.project.jaxws.ProjectNotFoundFaultBean, class com.topcoder.service.project.jaxws.AuthorizationFailedFaultBean, class com.topcoder.service.project.jaxws.CreateProject, class com.topcoder.service.project.jaxws.CreateProjectResponse, class com.topcoder.service.project.jaxws.PersistenceFaultBean, class com.topcoder.service.project.jaxws.IllegalArgumentFaultBean, class com.topcoder.service.project.jaxws.GetProjectByName, class com.topcoder.service.project.jaxws.GetProjectByNameResponse, class com.topcoder.service.project.jaxws.PersistenceFaultBean, class com.topcoder.service.project.jaxws.ProjectNotFoundFaultBean, class com.topcoder.service.project.jaxws.AuthorizationFailedFaultBean, class com.topcoder.service.project.jaxws.IllegalArgumentFaultBean, class com.topcoder.service.project.jaxws.GetProjectsForUser, class com.topcoder.service.project.jaxws.GetProjectsForUserResponse, class com.topcoder.service.project.jaxws.PersistenceFaultBean, class com.topcoder.service.project.jaxws.UserNotFoundFaultBean, class com.topcoder.service.project.jaxws.AuthorizationFailedFaultBean, class com.topcoder.service.project.jaxws.GetAllProjects, class com.topcoder.service.project.jaxws.GetAllProjectsResponse, class com.topcoder.service.project.jaxws.PersistenceFaultBean, class com.topcoder.service.project.jaxws.UpdateProject, class com.topcoder.service.project.jaxws.UpdateProjectResponse, class com.topcoder.service.project.jaxws.PersistenceFaultBean, class com.topcoder.service.project.jaxws.ProjectNotFoundFaultBean, class com.topcoder.service.project.jaxws.AuthorizationFailedFaultBean, class com.topcoder.service.project.jaxws.IllegalArgumentFaultBean, class com.topcoder.service.project.jaxws.DeleteProject, class com.topcoder.service.project.jaxws.DeleteProjectResponse, class com.topcoder.service.project.jaxws.PersistenceFaultBean, class com.topcoder.service.project.jaxws.AuthorizationFailedFaultBean, class com.topcoder.service.project.jaxws.ProjectHasCompetitionsFaultBean],tns=http://impl.project.service.topcoder.com/]
DEBUG [main] (OperationMetaData.java:208) - Found best matching java method: public abstract com.topcoder.service.project.ProjectData com.topcoder.service.project.ProjectService.getProject(long) throws com.topcoder.service.project.PersistenceFault,com.topcoder.service.project.ProjectNotFoundFault,com.topcoder.service.project.AuthorizationFailedFault
DEBUG [main] (OperationMetaData.java:208) - Found best matching java method: public abstract com.topcoder.service.project.ProjectData com.topcoder.service.project.ProjectService.createProject(com.topcoder.service.project.ProjectData) throws com.topcoder.service.project.PersistenceFault,com.topcoder.service.project.IllegalArgumentFault
DEBUG [main] (OperationMetaData.java:208) - Found best matching java method: public abstract com.topcoder.service.project.ProjectData com.topcoder.service.project.ProjectService.getProjectByName(java.lang.String,long) throws com.topcoder.service.project.PersistenceFault,com.topcoder.service.project.ProjectNotFoundFault,com.topcoder.service.project.AuthorizationFailedFault,com.topcoder.service.project.IllegalArgumentFault
DEBUG [main] (OperationMetaData.java:208) - Found best matching java method: public abstract java.util.List com.topcoder.service.project.ProjectService.getProjectsForUser(long) throws com.topcoder.service.project.PersistenceFault,com.topcoder.service.project.UserNotFoundFault,com.topcoder.service.project.AuthorizationFailedFault
DEBUG [main] (OperationMetaData.java:208) - Found best matching java method: public abstract java.util.List com.topcoder.service.project.ProjectService.getAllProjects() throws com.topcoder.service.project.PersistenceFault
DEBUG [main] (OperationMetaData.java:208) - Found best matching java method: public abstract void com.topcoder.service.project.ProjectService.updateProject(com.topcoder.service.project.ProjectData) throws com.topcoder.service.project.PersistenceFault,com.topcoder.service.project.ProjectNotFoundFault,com.topcoder.service.project.AuthorizationFailedFault,com.topcoder.service.project.IllegalArgumentFault
DEBUG [main] (OperationMetaData.java:208) - Found best matching java method: public abstract boolean com.topcoder.service.project.ProjectService.deleteProject(long) throws com.topcoder.service.project.PersistenceFault,com.topcoder.service.project.AuthorizationFailedFault,com.topcoder.service.project.ProjectHasCompetitionsFault
DEBUG [main] (JAXWSClientMetaDataBuilder.java:322) - END: rebuildMetaData

ServiceMetaData:
 qname={http://impl.project.service.topcoder.com/}ProjectServiceBeanService
 refName=null
 wsdName=null
 wsdlFile=null
 wsdlLocation=http://127.0.0.1:8080/project_service-project_service/ProjectServiceBean?wsdl
 jaxrpcMapping=null
 publishLocation=null
 securityConfig=null
 properties=null

TypesMetaData: 
  [complexType={http://impl.project.service.topcoder.com/}getProject,javaType=com.topcoder.service.project.jaxws.GetProject]
  [complexType={http://impl.project.service.topcoder.com/}getProjectResponse,javaType=com.topcoder.service.project.jaxws.GetProjectResponse]
  [complexType={http://impl.project.service.topcoder.com/}PersistenceFault,javaType=com.topcoder.service.project.jaxws.PersistenceFaultBean]
  [complexType={http://impl.project.service.topcoder.com/}ProjectNotFoundFault,javaType=com.topcoder.service.project.jaxws.ProjectNotFoundFaultBean]
  [complexType={http://impl.project.service.topcoder.com/}AuthorizationFailedFault,javaType=com.topcoder.service.project.jaxws.AuthorizationFailedFaultBean]
  [complexType={http://impl.project.service.topcoder.com/}createProject,javaType=com.topcoder.service.project.jaxws.CreateProject]
  [complexType={http://impl.project.service.topcoder.com/}createProjectResponse,javaType=com.topcoder.service.project.jaxws.CreateProjectResponse]
  [complexType={http://impl.project.service.topcoder.com/}IllegalArgumentFault,javaType=com.topcoder.service.project.jaxws.IllegalArgumentFaultBean]
  [complexType={http://impl.project.service.topcoder.com/}getProjectByName,javaType=com.topcoder.service.project.jaxws.GetProjectByName]
  [complexType={http://impl.project.service.topcoder.com/}getProjectByNameResponse,javaType=com.topcoder.service.project.jaxws.GetProjectByNameResponse]
  [complexType={http://impl.project.service.topcoder.com/}getProjectsForUser,javaType=com.topcoder.service.project.jaxws.GetProjectsForUser]
  [complexType={http://impl.project.service.topcoder.com/}getProjectsForUserResponse,javaType=com.topcoder.service.project.jaxws.GetProjectsForUserResponse]
  [complexType={http://impl.project.service.topcoder.com/}UserNotFoundFault,javaType=com.topcoder.service.project.jaxws.UserNotFoundFaultBean]
  [complexType={http://impl.project.service.topcoder.com/}getAllProjects,javaType=com.topcoder.service.project.jaxws.GetAllProjects]
  [complexType={http://impl.project.service.topcoder.com/}getAllProjectsResponse,javaType=com.topcoder.service.project.jaxws.GetAllProjectsResponse]
  [complexType={http://impl.project.service.topcoder.com/}updateProject,javaType=com.topcoder.service.project.jaxws.UpdateProject]
  [complexType={http://impl.project.service.topcoder.com/}updateProjectResponse,javaType=com.topcoder.service.project.jaxws.UpdateProjectResponse]
  [complexType={http://impl.project.service.topcoder.com/}deleteProject,javaType=com.topcoder.service.project.jaxws.DeleteProject]
  [complexType={http://impl.project.service.topcoder.com/}deleteProjectResponse,javaType=com.topcoder.service.project.jaxws.DeleteProjectResponse]
  [complexType={http://impl.project.service.topcoder.com/}ProjectHasCompetitionsFault,javaType=com.topcoder.service.project.jaxws.ProjectHasCompetitionsFaultBean]
<schema targetNamespace='http://impl.project.service.topcoder.com/' xmlns='http://www.w3.org/2001/XMLSchema' xmlns:soap11-enc='http://schemas.xmlsoap.org/soap/encoding/' xmlns:tns='http://impl.project.service.topcoder.com/' xmlns:xsi='http://www.w3.org/2001/XMLSchema-instance'>
 <complexType name='createProjectResponse'>
  <sequence>
   <element maxOccurs='1' minOccurs='0' name='return' type='tns:projectData'/>
  </sequence>
 </complexType>
 <complexType name='getProjectByName'>
  <sequence>
   <element maxOccurs='1' minOccurs='0' name='arg0' type='string'/>
   <element name='arg1' type='long'/>
  </sequence>
 </complexType>
 <complexType name='getProjectsForUser'>
  <sequence>
   <element name='arg0' type='long'/>
  </sequence>
 </complexType>
 <complexType name='getProjectsForUserResponse'>
  <sequence>
   <element maxOccurs='unbounded' minOccurs='0' name='return' type='tns:projectData'/>
  </sequence>
 </complexType>
 <complexType name='AuthorizationFailedFault'>
  <sequence>
   <element maxOccurs='1' minOccurs='0' name='message' type='string'/>
  </sequence>
 </complexType>
 <complexType name='IllegalArgumentFault'>
  <sequence>
   <element maxOccurs='1' minOccurs='0' name='message' type='string'/>
  </sequence>
 </complexType>
 <complexType name='PersistenceFault'>
  <sequence>
   <element maxOccurs='1' minOccurs='0' name='message' type='string'/>
  </sequence>
 </complexType>
 <complexType name='ProjectHasCompetitionsFault'>
  <sequence>
   <element maxOccurs='1' minOccurs='0' name='message' type='string'/>
  </sequence>
 </complexType>
 <complexType name='ProjectNotFoundFault'>
  <sequence>
   <element maxOccurs='1' minOccurs='0' name='message' type='string'/>
  </sequence>
 </complexType>
 <complexType name='createProject'>
  <sequence>
   <element maxOccurs='1' minOccurs='0' name='arg0' type='tns:projectData'/>
  </sequence>
 </complexType>
 <complexType name='deleteProject'>
  <sequence>
   <element name='arg0' type='long'/>
  </sequence>
 </complexType>
 <complexType name='deleteProjectResponse'>
  <sequence>
   <element name='return' type='boolean'/>
  </sequence>
 </complexType>
 <complexType name='getAllProjects'/>
 <complexType name='getAllProjectsResponse'>
  <sequence>
   <element maxOccurs='unbounded' minOccurs='0' name='return' type='tns:projectData'/>
  </sequence>
 </complexType>
 <complexType name='getProject'>
  <sequence>
   <element name='arg0' type='long'/>
  </sequence>
 </complexType>
 <complexType name='getProjectByNameResponse'>
  <sequence>
   <element maxOccurs='1' minOccurs='0' name='return' type='tns:projectData'/>
  </sequence>
 </complexType>
 <complexType name='getProjectResponse'>
  <sequence>
   <element maxOccurs='1' minOccurs='0' name='return' type='tns:projectData'/>
  </sequence>
 </complexType>
 <complexType name='projectData'>
  <sequence>
   <element maxOccurs='1' minOccurs='0' name='description' type='string'/>
   <element maxOccurs='1' minOccurs='0' name='name' type='string'/>
   <element maxOccurs='1' minOccurs='0' name='projectId' type='long'/>
  </sequence>
 </complexType>
 <complexType name='updateProject'>
  <sequence>
   <element maxOccurs='1' minOccurs='0' name='arg0' type='tns:projectData'/>
  </sequence>
 </complexType>
 <complexType name='updateProjectResponse'/>
 <element name='createProject' type='tns:createProject'/>
 <element name='createProjectResponse' type='tns:createProjectResponse'/>
 <element name='getProjectByName' type='tns:getProjectByName'/>
 <element name='getProjectsForUser' type='tns:getProjectsForUser'/>
 <element name='getProjectsForUserResponse' type='tns:getProjectsForUserResponse'/>
 <element name='AuthorizationFailedFault' type='tns:AuthorizationFailedFault'/>
 <element name='IllegalArgumentFault' type='tns:IllegalArgumentFault'/>
 <element name='PersistenceFault' type='tns:PersistenceFault'/>
 <element name='ProjectHasCompetitionsFault' type='tns:ProjectHasCompetitionsFault'/>
 <element name='ProjectNotFoundFault' type='tns:ProjectNotFoundFault'/>
 <element name='deleteProject' type='tns:deleteProject'/>
 <element name='deleteProjectResponse' type='tns:deleteProjectResponse'/>
 <element name='getAllProjects' type='tns:getAllProjects'/>
 <element name='getAllProjectsResponse' type='tns:getAllProjectsResponse'/>
 <element name='getProject' type='tns:getProject'/>
 <element name='getProjectByNameResponse' type='tns:getProjectByNameResponse'/>
 <element name='getProjectResponse' type='tns:getProjectResponse'/>
 <element name='updateProject' type='tns:updateProject'/>
 <element name='updateProjectResponse' type='tns:updateProjectResponse'/>
</schema>


ClientEndpointMetaData:
 type=JAXWS
 qname={http://impl.project.service.topcoder.com/}ProjectServiceBeanPort
 address=http://127.0.0.1:8080/project_service-project_service/ProjectServiceBean
 binding=http://schemas.xmlsoap.org/wsdl/soap/http
 seiName=com.topcoder.service.project.ProjectService
 configFile=META-INF/standard-jaxws-client-config.xml
 configName=Standard Client
 authMethod=null
 properties={}

OperationMetaData:
 qname={http://impl.project.service.topcoder.com/}getProject
 javaName=getProject
 style=document/literal/WRAPPED
 oneWay=false
 soapAction=
ParameterMetaData:
 xmlName={http://impl.project.service.topcoder.com/}getProject
 partName=getProject
 xmlType={http://impl.project.service.topcoder.com/}getProject
 javaType=com.topcoder.service.project.jaxws.GetProject
 mode=IN
 inHeader=false
 index=0
 wrappedParameters=[[name = arg0, type = long, typeArgs = null, variable = arg0, index = 0]]
ReturnMetaData:
 xmlName={http://impl.project.service.topcoder.com/}getProjectResponse
 partName=getProjectResponse
 xmlType={http://impl.project.service.topcoder.com/}getProjectResponse
 javaType=com.topcoder.service.project.jaxws.GetProjectResponse
 mode=OUT
 inHeader=false
 index=-1
 wrappedParameters=[[name = return, type = com.topcoder.service.project.ProjectData, typeArgs = null, variable = return, index = -1]]
FaultMetaData
 xmlName={http://impl.project.service.topcoder.com/}PersistenceFault
 xmlType={http://impl.project.service.topcoder.com/}PersistenceFault
 javaType=com.topcoder.service.project.PersistenceFault
 faultBean=com.topcoder.service.project.jaxws.PersistenceFaultBean
FaultMetaData
 xmlName={http://impl.project.service.topcoder.com/}ProjectNotFoundFault
 xmlType={http://impl.project.service.topcoder.com/}ProjectNotFoundFault
 javaType=com.topcoder.service.project.ProjectNotFoundFault
 faultBean=com.topcoder.service.project.jaxws.ProjectNotFoundFaultBean
FaultMetaData
 xmlName={http://impl.project.service.topcoder.com/}AuthorizationFailedFault
 xmlType={http://impl.project.service.topcoder.com/}AuthorizationFailedFault
 javaType=com.topcoder.service.project.AuthorizationFailedFault
 faultBean=com.topcoder.service.project.jaxws.AuthorizationFailedFaultBean

OperationMetaData:
 qname={http://impl.project.service.topcoder.com/}createProject
 javaName=createProject
 style=document/literal/WRAPPED
 oneWay=false
 soapAction=
ParameterMetaData:
 xmlName={http://impl.project.service.topcoder.com/}createProject
 partName=createProject
 xmlType={http://impl.project.service.topcoder.com/}createProject
 javaType=com.topcoder.service.project.jaxws.CreateProject
 mode=IN
 inHeader=false
 index=0
 wrappedParameters=[[name = arg0, type = com.topcoder.service.project.ProjectData, typeArgs = null, variable = arg0, index = 0]]
ReturnMetaData:
 xmlName={http://impl.project.service.topcoder.com/}createProjectResponse
 partName=createProjectResponse
 xmlType={http://impl.project.service.topcoder.com/}createProjectResponse
 javaType=com.topcoder.service.project.jaxws.CreateProjectResponse
 mode=OUT
 inHeader=false
 index=-1
 wrappedParameters=[[name = return, type = com.topcoder.service.project.ProjectData, typeArgs = null, variable = return, index = -1]]
FaultMetaData
 xmlName={http://impl.project.service.topcoder.com/}PersistenceFault
 xmlType={http://impl.project.service.topcoder.com/}PersistenceFault
 javaType=com.topcoder.service.project.PersistenceFault
 faultBean=com.topcoder.service.project.jaxws.PersistenceFaultBean
FaultMetaData
 xmlName={http://impl.project.service.topcoder.com/}IllegalArgumentFault
 xmlType={http://impl.project.service.topcoder.com/}IllegalArgumentFault
 javaType=com.topcoder.service.project.IllegalArgumentFault
 faultBean=com.topcoder.service.project.jaxws.IllegalArgumentFaultBean

OperationMetaData:
 qname={http://impl.project.service.topcoder.com/}getProjectByName
 javaName=getProjectByName
 style=document/literal/WRAPPED
 oneWay=false
 soapAction=
ParameterMetaData:
 xmlName={http://impl.project.service.topcoder.com/}getProjectByName
 partName=getProjectByName
 xmlType={http://impl.project.service.topcoder.com/}getProjectByName
 javaType=com.topcoder.service.project.jaxws.GetProjectByName
 mode=IN
 inHeader=false
 index=0
 wrappedParameters=[[name = arg0, type = java.lang.String, typeArgs = null, variable = arg0, index = 0], [name = arg1, type = long, typeArgs = null, variable = arg1, index = 1]]
ReturnMetaData:
 xmlName={http://impl.project.service.topcoder.com/}getProjectByNameResponse
 partName=getProjectByNameResponse
 xmlType={http://impl.project.service.topcoder.com/}getProjectByNameResponse
 javaType=com.topcoder.service.project.jaxws.GetProjectByNameResponse
 mode=OUT
 inHeader=false
 index=-1
 wrappedParameters=[[name = return, type = com.topcoder.service.project.ProjectData, typeArgs = null, variable = return, index = -1]]
FaultMetaData
 xmlName={http://impl.project.service.topcoder.com/}PersistenceFault
 xmlType={http://impl.project.service.topcoder.com/}PersistenceFault
 javaType=com.topcoder.service.project.PersistenceFault
 faultBean=com.topcoder.service.project.jaxws.PersistenceFaultBean
FaultMetaData
 xmlName={http://impl.project.service.topcoder.com/}ProjectNotFoundFault
 xmlType={http://impl.project.service.topcoder.com/}ProjectNotFoundFault
 javaType=com.topcoder.service.project.ProjectNotFoundFault
 faultBean=com.topcoder.service.project.jaxws.ProjectNotFoundFaultBean
FaultMetaData
 xmlName={http://impl.project.service.topcoder.com/}AuthorizationFailedFault
 xmlType={http://impl.project.service.topcoder.com/}AuthorizationFailedFault
 javaType=com.topcoder.service.project.AuthorizationFailedFault
 faultBean=com.topcoder.service.project.jaxws.AuthorizationFailedFaultBean
FaultMetaData
 xmlName={http://impl.project.service.topcoder.com/}IllegalArgumentFault
 xmlType={http://impl.project.service.topcoder.com/}IllegalArgumentFault
 javaType=com.topcoder.service.project.IllegalArgumentFault
 faultBean=com.topcoder.service.project.jaxws.IllegalArgumentFaultBean

OperationMetaData:
 qname={http://impl.project.service.topcoder.com/}getProjectsForUser
 javaName=getProjectsForUser
 style=document/literal/WRAPPED
 oneWay=false
 soapAction=
ParameterMetaData:
 xmlName={http://impl.project.service.topcoder.com/}getProjectsForUser
 partName=getProjectsForUser
 xmlType={http://impl.project.service.topcoder.com/}getProjectsForUser
 javaType=com.topcoder.service.project.jaxws.GetProjectsForUser
 mode=IN
 inHeader=false
 index=0
 wrappedParameters=[[name = arg0, type = long, typeArgs = null, variable = arg0, index = 0]]
ReturnMetaData:
 xmlName={http://impl.project.service.topcoder.com/}getProjectsForUserResponse
 partName=getProjectsForUserResponse
 xmlType={http://impl.project.service.topcoder.com/}getProjectsForUserResponse
 javaType=com.topcoder.service.project.jaxws.GetProjectsForUserResponse
 mode=OUT
 inHeader=false
 index=-1
 wrappedParameters=[[name = return, type = java.util.List, typeArgs = [com.topcoder.service.project.ProjectData], variable = return, index = -1]]
FaultMetaData
 xmlName={http://impl.project.service.topcoder.com/}PersistenceFault
 xmlType={http://impl.project.service.topcoder.com/}PersistenceFault
 javaType=com.topcoder.service.project.PersistenceFault
 faultBean=com.topcoder.service.project.jaxws.PersistenceFaultBean
FaultMetaData
 xmlName={http://impl.project.service.topcoder.com/}UserNotFoundFault
 xmlType={http://impl.project.service.topcoder.com/}UserNotFoundFault
 javaType=com.topcoder.service.project.UserNotFoundFault
 faultBean=com.topcoder.service.project.jaxws.UserNotFoundFaultBean
FaultMetaData
 xmlName={http://impl.project.service.topcoder.com/}AuthorizationFailedFault
 xmlType={http://impl.project.service.topcoder.com/}AuthorizationFailedFault
 javaType=com.topcoder.service.project.AuthorizationFailedFault
 faultBean=com.topcoder.service.project.jaxws.AuthorizationFailedFaultBean

OperationMetaData:
 qname={http://impl.project.service.topcoder.com/}getAllProjects
 javaName=getAllProjects
 style=document/literal/WRAPPED
 oneWay=false
 soapAction=
ParameterMetaData:
 xmlName={http://impl.project.service.topcoder.com/}getAllProjects
 partName=getAllProjects
 xmlType={http://impl.project.service.topcoder.com/}getAllProjects
 javaType=com.topcoder.service.project.jaxws.GetAllProjects
 mode=IN
 inHeader=false
 index=0
 wrappedParameters=[]
ReturnMetaData:
 xmlName={http://impl.project.service.topcoder.com/}getAllProjectsResponse
 partName=getAllProjectsResponse
 xmlType={http://impl.project.service.topcoder.com/}getAllProjectsResponse
 javaType=com.topcoder.service.project.jaxws.GetAllProjectsResponse
 mode=OUT
 inHeader=false
 index=-1
 wrappedParameters=[[name = return, type = java.util.List, typeArgs = [com.topcoder.service.project.ProjectData], variable = return, index = -1]]
FaultMetaData
 xmlName={http://impl.project.service.topcoder.com/}PersistenceFault
 xmlType={http://impl.project.service.topcoder.com/}PersistenceFault
 javaType=com.topcoder.service.project.PersistenceFault
 faultBean=com.topcoder.service.project.jaxws.PersistenceFaultBean

OperationMetaData:
 qname={http://impl.project.service.topcoder.com/}updateProject
 javaName=updateProject
 style=document/literal/WRAPPED
 oneWay=false
 soapAction=
ParameterMetaData:
 xmlName={http://impl.project.service.topcoder.com/}updateProject
 partName=updateProject
 xmlType={http://impl.project.service.topcoder.com/}updateProject
 javaType=com.topcoder.service.project.jaxws.UpdateProject
 mode=IN
 inHeader=false
 index=0
 wrappedParameters=[[name = arg0, type = com.topcoder.service.project.ProjectData, typeArgs = null, variable = arg0, index = 0]]
ReturnMetaData:
 xmlName={http://impl.project.service.topcoder.com/}updateProjectResponse
 partName=updateProjectResponse
 xmlType={http://impl.project.service.topcoder.com/}updateProjectResponse
 javaType=com.topcoder.service.project.jaxws.UpdateProjectResponse
 mode=OUT
 inHeader=false
 index=-1
 wrappedParameters=[]
FaultMetaData
 xmlName={http://impl.project.service.topcoder.com/}PersistenceFault
 xmlType={http://impl.project.service.topcoder.com/}PersistenceFault
 javaType=com.topcoder.service.project.PersistenceFault
 faultBean=com.topcoder.service.project.jaxws.PersistenceFaultBean
FaultMetaData
 xmlName={http://impl.project.service.topcoder.com/}ProjectNotFoundFault
 xmlType={http://impl.project.service.topcoder.com/}ProjectNotFoundFault
 javaType=com.topcoder.service.project.ProjectNotFoundFault
 faultBean=com.topcoder.service.project.jaxws.ProjectNotFoundFaultBean
FaultMetaData
 xmlName={http://impl.project.service.topcoder.com/}AuthorizationFailedFault
 xmlType={http://impl.project.service.topcoder.com/}AuthorizationFailedFault
 javaType=com.topcoder.service.project.AuthorizationFailedFault
 faultBean=com.topcoder.service.project.jaxws.AuthorizationFailedFaultBean
FaultMetaData
 xmlName={http://impl.project.service.topcoder.com/}IllegalArgumentFault
 xmlType={http://impl.project.service.topcoder.com/}IllegalArgumentFault
 javaType=com.topcoder.service.project.IllegalArgumentFault
 faultBean=com.topcoder.service.project.jaxws.IllegalArgumentFaultBean

OperationMetaData:
 qname={http://impl.project.service.topcoder.com/}deleteProject
 javaName=deleteProject
 style=document/literal/WRAPPED
 oneWay=false
 soapAction=
ParameterMetaData:
 xmlName={http://impl.project.service.topcoder.com/}deleteProject
 partName=deleteProject
 xmlType={http://impl.project.service.topcoder.com/}deleteProject
 javaType=com.topcoder.service.project.jaxws.DeleteProject
 mode=IN
 inHeader=false
 index=0
 wrappedParameters=[[name = arg0, type = long, typeArgs = null, variable = arg0, index = 0]]
ReturnMetaData:
 xmlName={http://impl.project.service.topcoder.com/}deleteProjectResponse
 partName=deleteProjectResponse
 xmlType={http://impl.project.service.topcoder.com/}deleteProjectResponse
 javaType=com.topcoder.service.project.jaxws.DeleteProjectResponse
 mode=OUT
 inHeader=false
 index=-1
 wrappedParameters=[[name = return, type = boolean, typeArgs = null, variable = return, index = -1]]
FaultMetaData
 xmlName={http://impl.project.service.topcoder.com/}PersistenceFault
 xmlType={http://impl.project.service.topcoder.com/}PersistenceFault
 javaType=com.topcoder.service.project.PersistenceFault
 faultBean=com.topcoder.service.project.jaxws.PersistenceFaultBean
FaultMetaData
 xmlName={http://impl.project.service.topcoder.com/}AuthorizationFailedFault
 xmlType={http://impl.project.service.topcoder.com/}AuthorizationFailedFault
 javaType=com.topcoder.service.project.AuthorizationFailedFault
 faultBean=com.topcoder.service.project.jaxws.AuthorizationFailedFaultBean
FaultMetaData
 xmlName={http://impl.project.service.topcoder.com/}ProjectHasCompetitionsFault
 xmlType={http://impl.project.service.topcoder.com/}ProjectHasCompetitionsFault
 javaType=com.topcoder.service.project.ProjectHasCompetitionsFault
 faultBean=com.topcoder.service.project.jaxws.ProjectHasCompetitionsFaultBean
DEBUG [main] (EndpointMetaData.java:732) - Configure SOAPBinding
DEBUG [main] (HandlerResolverImpl.java:125) - initHandlerChain: PRE
DEBUG [main] (HandlerResolverImpl.java:125) - initHandlerChain: ENDPOINT
DEBUG [main] (HandlerResolverImpl.java:125) - initHandlerChain: POST
DEBUG [main] (HandlerResolverImpl.java:99) - getHandlerChain: [type=PRE,info=[service={http://impl.project.service.topcoder.com/}ProjectServiceBeanService,port={http://impl.project.service.topcoder.com/}ProjectServiceBeanPort,binding=http://schemas.xmlsoap.org/wsdl/soap/http]]
DEBUG [main] (HandlerResolverImpl.java:99) - getHandlerChain: [type=POST,info=[service={http://impl.project.service.topcoder.com/}ProjectServiceBeanService,port={http://impl.project.service.topcoder.com/}ProjectServiceBeanPort,binding=http://schemas.xmlsoap.org/wsdl/soap/http]]
DEBUG [main] (HandlerResolverImpl.java:99) - getHandlerChain: [type=ENDPOINT,info=[service={http://impl.project.service.topcoder.com/}ProjectServiceBeanService,port={http://impl.project.service.topcoder.com/}ProjectServiceBeanPort,binding=http://schemas.xmlsoap.org/wsdl/soap/http]]
DEBUG [main] (BindingImpl.java:94) - setHandlerChain: []
DEBUG [main] (ServiceDelegateImpl.java:434) - No port configuration for: {http://impl.project.service.topcoder.com/}ProjectServiceBeanPort
DEBUG [main] (WSSecurityConfigFactory.java:72) - createConfiguration from: file:/C:/topcoder/project_service_1.0.1/test_files/jboss-wsse-client.xml
DEBUG [main] (EndpointMetaData.java:804) - Reconfiguration forced, new config is 'Standard WSSecurity Client'
DEBUG [main] (EndpointMetaData.java:812) - Create new config [name=Standard WSSecurity Client,file=META-INF/standard-jaxws-client-config.xml]
DEBUG [main] (JBossWSConfigFactory.java:125) - getConfig: [name=Standard WSSecurity Client,url=META-INF/standard-jaxws-client-config.xml]
DEBUG [main] (JBossWSConfigFactory.java:71) - parse: jar:file:/C:/Program%20Files/jboss-4.2.3.GA/client/jbossws-client.jar!/META-INF/standard-jaxws-client-config.xml
DEBUG [main] (EndpointMetaData.java:867) - Configure EndpointMetaData
DEBUG [main] (EndpointMetaData.java:879) - Added 0 PRE handlers
DEBUG [main] (EndpointMetaData.java:880) - Added 0 ENDPOINT handlers
DEBUG [main] (EndpointMetaData.java:881) - Added 1 POST handlers
DEBUG [main] (CommonBindingProvider.java:110) - Update config: Standard WSSecurity Client
DEBUG [main] (EndpointMetaData.java:732) - Configure SOAPBinding
DEBUG [main] (ClientImpl.java:177) - Configuration change event received. Reconfigure handler chain: Standard WSSecurity Client
DEBUG [main] (HandlerResolverImpl.java:125) - initHandlerChain: PRE
DEBUG [main] (HandlerResolverImpl.java:125) - initHandlerChain: ENDPOINT
DEBUG [main] (HandlerResolverImpl.java:125) - initHandlerChain: POST
DEBUG [main] (HandlerResolverImpl.java:225) - addHandler: 
HandlerMetaDataJAXWS:
 type=POST
 name=WSSecurityHandlerOutbound
 class=class org.jboss.ws.extensions.security.jaxws.WSSecurityHandlerClient
 params=[]
 protocols=##SOAP11_HTTP
 services=null
 ports=null
DEBUG [main] (HandlerResolverImpl.java:99) - getHandlerChain: [type=PRE,info=[service={http://impl.project.service.topcoder.com/}ProjectServiceBeanService,port={http://impl.project.service.topcoder.com/}ProjectServiceBeanPort,binding=http://schemas.xmlsoap.org/wsdl/soap/http]]
DEBUG [main] (HandlerResolverImpl.java:99) - getHandlerChain: [type=POST,info=[service={http://impl.project.service.topcoder.com/}ProjectServiceBeanService,port={http://impl.project.service.topcoder.com/}ProjectServiceBeanPort,binding=http://schemas.xmlsoap.org/wsdl/soap/http]]
DEBUG [main] (HandlerResolverImpl.java:99) - getHandlerChain: [type=ENDPOINT,info=[service={http://impl.project.service.topcoder.com/}ProjectServiceBeanService,port={http://impl.project.service.topcoder.com/}ProjectServiceBeanPort,binding=http://schemas.xmlsoap.org/wsdl/soap/http]]
DEBUG [main] (BindingImpl.java:94) - setHandlerChain: []
DEBUG [main] (MessageContextAssociation.java:46) - pushMessageContext: org.jboss.ws.core.jaxws.handler.SOAPMessageContextJAXWS@83e35b (Thread main)
DEBUG [main] (ParameterWrapping.java:109) - wrapRequestParameters: com.topcoder.service.project.jaxws.CreateProject
DEBUG [main] (EndpointInvocation.java:103) - setRequestParamValue: [name={http://impl.project.service.topcoder.com/}createProject,value=com.topcoder.service.project.jaxws.CreateProject]
DEBUG [main] (CommonSOAPBinding.java:144) - bindRequestMessage: {http://impl.project.service.topcoder.com/}createProject
DEBUG [main] (EndpointInvocation.java:110) - getRequestParamValue: {http://impl.project.service.topcoder.com/}createProject
DEBUG [main] (EndpointInvocation.java:268) - transformPayloadValue: com.topcoder.service.project.jaxws.CreateProject -> com.topcoder.service.project.jaxws.CreateProject
DEBUG [main] (HandlerChainExecutor.java:84) - Create a handler executor: []
DEBUG [main] (HandlerChainExecutor.java:84) - Create a handler executor: []
DEBUG [main] (HandlerChainExecutor.java:84) - Create a handler executor: [WSSecurityHandlerOutbound]
DEBUG [main] (HandlerChainExecutor.java:123) - Enter: handleOutBoundMessage
DEBUG [main] (WSSecurityDispatcher.java:245) - WS-Security config: org.jboss.ws.metadata.wsse.Config@c26c8f
DEBUG [main] (SOAPContentElement.java:137) - -----------------------------------
DEBUG [main] (SOAPContentElement.java:138) - Transitioning from OBJECT_VALID to DOM_VALID
DEBUG [main] (ObjectContent.java:135) - getXMLFragment from Object [xmlType={http://impl.project.service.topcoder.com/}createProject,javaType=class com.topcoder.service.project.jaxws.CreateProject]
DEBUG [main] (JAXBSerializer.java:61) - serialize: [xmlName={http://impl.project.service.topcoder.com/}createProject,xmlType={http://impl.project.service.topcoder.com/}createProject]
DEBUG [main] (JAXBSerializer.java:83) - serialized: <ns2:createProject xmlns:ns2="http://impl.project.service.topcoder.com/"><arg0><description>Hello</description><name>project3</name></arg0></ns2:createProject>
DEBUG [main] (ObjectContent.java:162) - xmlFragment: [source=<ns2:createProject xmlns:ns2="http://impl.project.service.topcoder.com/"><arg0><description>Hello</description><name>project3</name></arg0></ns2:createProject>]
DEBUG [main] (SOAPContentElement.java:144) - -----------------------------------
DEBUG [main] (WSSecurityDispatcher.java:291) - Encoding Message:
<env:Envelope xmlns:env='http://schemas.xmlsoap.org/soap/envelope/'>
 <env:Header/>
 <env:Body>
  <ns1:createProject xmlns:ns1='http://impl.project.service.topcoder.com/' xmlns:ns2='http://impl.project.service.topcoder.com/'>
   <arg0>
    <description>Hello</description>
    <name>project3</name>
   </arg0>
  </ns1:createProject>
 </env:Body>
</env:Envelope>
DEBUG [main] (?:?) - Canonicalizer.register(http://www.w3.org/TR/2001/REC-xml-c14n-20010315, org.apache.xml.security.c14n.implementations.Canonicalizer20010315OmitComments)
DEBUG [main] (?:?) - Canonicalizer.register(http://www.w3.org/TR/2001/REC-xml-c14n-20010315#WithComments, org.apache.xml.security.c14n.implementations.Canonicalizer20010315WithComments)
DEBUG [main] (?:?) - Canonicalizer.register(http://www.w3.org/2001/10/xml-exc-c14n#, org.apache.xml.security.c14n.implementations.Canonicalizer20010315ExclOmitComments)
DEBUG [main] (?:?) - Canonicalizer.register(http://www.w3.org/2001/10/xml-exc-c14n#WithComments, org.apache.xml.security.c14n.implementations.Canonicalizer20010315ExclWithComments)
DEBUG [main] (?:?) - Transform.register(http://www.w3.org/2000/09/xmldsig#base64, org.apache.xml.security.transforms.implementations.TransformBase64Decode)
DEBUG [main] (?:?) - Transform.register(http://www.w3.org/TR/2001/REC-xml-c14n-20010315, org.apache.xml.security.transforms.implementations.TransformC14N)
DEBUG [main] (?:?) - Transform.register(http://www.w3.org/TR/2001/REC-xml-c14n-20010315#WithComments, org.apache.xml.security.transforms.implementations.TransformC14NWithComments)
DEBUG [main] (?:?) - Transform.register(http://www.w3.org/2001/10/xml-exc-c14n#, org.apache.xml.security.transforms.implementations.TransformC14NExclusive)
DEBUG [main] (?:?) - Transform.register(http://www.w3.org/2001/10/xml-exc-c14n#WithComments, org.apache.xml.security.transforms.implementations.TransformC14NExclusiveWithComments)
DEBUG [main] (?:?) - Transform.register(http://www.w3.org/TR/1999/REC-xpath-19991116, org.apache.xml.security.transforms.implementations.TransformXPath)
DEBUG [main] (?:?) - Transform.register(http://www.w3.org/2000/09/xmldsig#enveloped-signature, org.apache.xml.security.transforms.implementations.TransformEnvelopedSignature)
DEBUG [main] (?:?) - Transform.register(http://www.w3.org/TR/1999/REC-xslt-19991116, org.apache.xml.security.transforms.implementations.TransformXSLT)
DEBUG [main] (?:?) - Transform.register(http://www.w3.org/2002/04/xmldsig-filter2, org.apache.xml.security.transforms.implementations.TransformXPath2Filter)
DEBUG [main] (?:?) - Transform.register(http://www.w3.org/2002/06/xmldsig-filter2, org.apache.xml.security.transforms.implementations.TransformXPath2Filter)
DEBUG [main] (?:?) - Init() called
DEBUG [main] (?:?) - SignatureAlgorithm.register(http://www.w3.org/2000/09/xmldsig#dsa-sha1, org.apache.xml.security.algorithms.implementations.SignatureDSA)
DEBUG [main] (?:?) - Try to register http://www.w3.org/2000/09/xmldsig#dsa-sha1 org.apache.xml.security.algorithms.implementations.SignatureDSA
DEBUG [main] (?:?) - SignatureAlgorithm.register(http://www.w3.org/2000/09/xmldsig#rsa-sha1, org.apache.xml.security.algorithms.implementations.SignatureBaseRSA$SignatureRSASHA1)
DEBUG [main] (?:?) - Try to register http://www.w3.org/2000/09/xmldsig#rsa-sha1 org.apache.xml.security.algorithms.implementations.SignatureBaseRSA$SignatureRSASHA1
DEBUG [main] (?:?) - SignatureAlgorithm.register(http://www.w3.org/2000/09/xmldsig#hmac-sha1, org.apache.xml.security.algorithms.implementations.IntegrityHmac$IntegrityHmacSHA1)
DEBUG [main] (?:?) - Try to register http://www.w3.org/2000/09/xmldsig#hmac-sha1 org.apache.xml.security.algorithms.implementations.IntegrityHmac$IntegrityHmacSHA1
DEBUG [main] (?:?) - SignatureAlgorithm.register(http://www.w3.org/2001/04/xmldsig-more#rsa-md5, org.apache.xml.security.algorithms.implementations.SignatureBaseRSA$SignatureRSAMD5)
DEBUG [main] (?:?) - Try to register http://www.w3.org/2001/04/xmldsig-more#rsa-md5 org.apache.xml.security.algorithms.implementations.SignatureBaseRSA$SignatureRSAMD5
DEBUG [main] (?:?) - SignatureAlgorithm.register(http://www.w3.org/2001/04/xmldsig-more#rsa-ripemd160, org.apache.xml.security.algorithms.implementations.SignatureBaseRSA$SignatureRSARIPEMD160)
DEBUG [main] (?:?) - Try to register http://www.w3.org/2001/04/xmldsig-more#rsa-ripemd160 org.apache.xml.security.algorithms.implementations.SignatureBaseRSA$SignatureRSARIPEMD160
DEBUG [main] (?:?) - SignatureAlgorithm.register(http://www.w3.org/2001/04/xmldsig-more#rsa-sha256, org.apache.xml.security.algorithms.implementations.SignatureBaseRSA$SignatureRSASHA256)
DEBUG [main] (?:?) - Try to register http://www.w3.org/2001/04/xmldsig-more#rsa-sha256 org.apache.xml.security.algorithms.implementations.SignatureBaseRSA$SignatureRSASHA256
DEBUG [main] (?:?) - SignatureAlgorithm.register(http://www.w3.org/2001/04/xmldsig-more#rsa-sha384, org.apache.xml.security.algorithms.implementations.SignatureBaseRSA$SignatureRSASHA384)
DEBUG [main] (?:?) - Try to register http://www.w3.org/2001/04/xmldsig-more#rsa-sha384 org.apache.xml.security.algorithms.implementations.SignatureBaseRSA$SignatureRSASHA384
DEBUG [main] (?:?) - SignatureAlgorithm.register(http://www.w3.org/2001/04/xmldsig-more#rsa-sha512, org.apache.xml.security.algorithms.implementations.SignatureBaseRSA$SignatureRSASHA512)
DEBUG [main] (?:?) - Try to register http://www.w3.org/2001/04/xmldsig-more#rsa-sha512 org.apache.xml.security.algorithms.implementations.SignatureBaseRSA$SignatureRSASHA512
DEBUG [main] (?:?) - SignatureAlgorithm.register(http://www.w3.org/2001/04/xmldsig-more#hmac-md5, org.apache.xml.security.algorithms.implementations.IntegrityHmac$IntegrityHmacMD5)
DEBUG [main] (?:?) - Try to register http://www.w3.org/2001/04/xmldsig-more#hmac-md5 org.apache.xml.security.algorithms.implementations.IntegrityHmac$IntegrityHmacMD5
DEBUG [main] (?:?) - SignatureAlgorithm.register(http://www.w3.org/2001/04/xmldsig-more#hmac-ripemd160, org.apache.xml.security.algorithms.implementations.IntegrityHmac$IntegrityHmacRIPEMD160)
DEBUG [main] (?:?) - Try to register http://www.w3.org/2001/04/xmldsig-more#hmac-ripemd160 org.apache.xml.security.algorithms.implementations.IntegrityHmac$IntegrityHmacRIPEMD160
DEBUG [main] (?:?) - SignatureAlgorithm.register(http://www.w3.org/2001/04/xmldsig-more#hmac-sha256, org.apache.xml.security.algorithms.implementations.IntegrityHmac$IntegrityHmacSHA256)
DEBUG [main] (?:?) - Try to register http://www.w3.org/2001/04/xmldsig-more#hmac-sha256 org.apache.xml.security.algorithms.implementations.IntegrityHmac$IntegrityHmacSHA256
DEBUG [main] (?:?) - SignatureAlgorithm.register(http://www.w3.org/2001/04/xmldsig-more#hmac-sha384, org.apache.xml.security.algorithms.implementations.IntegrityHmac$IntegrityHmacSHA384)
DEBUG [main] (?:?) - Try to register http://www.w3.org/2001/04/xmldsig-more#hmac-sha384 org.apache.xml.security.algorithms.implementations.IntegrityHmac$IntegrityHmacSHA384
DEBUG [main] (?:?) - SignatureAlgorithm.register(http://www.w3.org/2001/04/xmldsig-more#hmac-sha512, org.apache.xml.security.algorithms.implementations.IntegrityHmac$IntegrityHmacSHA512)
DEBUG [main] (?:?) - Try to register http://www.w3.org/2001/04/xmldsig-more#hmac-sha512 org.apache.xml.security.algorithms.implementations.IntegrityHmac$IntegrityHmacSHA512
DEBUG [main] (?:?) - Register Resolver: org.apache.xml.security.utils.resolver.implementations.ResolverDirectHTTP: A simple resolver for requests to HTTP space
DEBUG [main] (?:?) - Register Resolver: org.apache.xml.security.utils.resolver.implementations.ResolverLocalFilesystem: A simple resolver for requests to the local file system
DEBUG [main] (?:?) - Register Resolver: org.apache.xml.security.utils.resolver.implementations.ResolverFragment: A simple resolver for requests of same-document URIs
DEBUG [main] (?:?) - Register Resolver: org.apache.xml.security.utils.resolver.implementations.ResolverXPointer: A simple resolver for requests of XPointer fragents
DEBUG [main] (?:?) - Register Resolver: org.apache.xml.security.keys.keyresolver.implementations.RSAKeyValueResolver: Can extract RSA public keys
DEBUG [main] (?:?) - Register Resolver: org.apache.xml.security.keys.keyresolver.implementations.DSAKeyValueResolver: Can extract DSA public keys
DEBUG [main] (?:?) - Register Resolver: org.apache.xml.security.keys.keyresolver.implementations.X509CertificateResolver: Can extract public keys from X509 certificates
DEBUG [main] (?:?) - Register Resolver: org.apache.xml.security.keys.keyresolver.implementations.X509SKIResolver: Uses an X509v3 SubjectKeyIdentifier extension to retrieve a certificate from the storages
DEBUG [main] (?:?) - Register Resolver: org.apache.xml.security.keys.keyresolver.implementations.RetrievalMethodResolver: Resolves keys and certificates using ResourceResolvers
DEBUG [main] (?:?) - Register Resolver: org.apache.xml.security.keys.keyresolver.implementations.X509SubjectNameResolver: Uses an X509 SubjectName to retrieve a certificate from the storages
DEBUG [main] (?:?) - Register Resolver: org.apache.xml.security.keys.keyresolver.implementations.X509IssuerSerialResolver: Uses an X509 IssuerName and IssuerSerial to retrieve a certificate from the storages
DEBUG [main] (?:?) - Now I try to bind prefixes:
DEBUG [main] (?:?) - Now I try to bind ds to http://www.w3.org/2000/09/xmldsig#
DEBUG [main] (?:?) - Now I try to bind xenc to http://www.w3.org/2001/04/xmlenc#
DEBUG [main] (?:?) - Now I try to bind experimental to http://www.xmlsecurity.org/experimental#
DEBUG [main] (?:?) - Now I try to bind dsig-xpath-old to http://www.w3.org/2002/04/xmldsig-filter2
DEBUG [main] (?:?) - Now I try to bind dsig-xpath to http://www.w3.org/2002/06/xmldsig-filter2
DEBUG [main] (?:?) - Now I try to bind ec to http://www.w3.org/2001/10/xml-exc-c14n#
DEBUG [main] (?:?) - Now I try to bind xx to http://www.nue.et-inf.uni-siegen.de/~geuer-pollmann/#xpathFilter
DEBUG [main] (?:?) - XX_init                             302 ms
DEBUG [main] (?:?) -   XX_prng                           0 ms
DEBUG [main] (?:?) -   XX_parsing                        13 ms
DEBUG [main] (?:?) -   XX_configure_i18n                 10 ms
DEBUG [main] (?:?) -   XX_configure_reg_c14n             43 ms
DEBUG [main] (?:?) -   XX_configure_reg_jcemapper        11 ms
DEBUG [main] (?:?) -   XX_configure_reg_keyInfo          22 ms
DEBUG [main] (?:?) -   XX_configure_reg_keyResolver      39 ms
DEBUG [main] (?:?) -   XX_configure_reg_prefixes         17 ms
DEBUG [main] (?:?) -   XX_configure_reg_resourceresolver 26 ms
DEBUG [main] (?:?) -   XX_configure_reg_sigalgos         78 ms
DEBUG [main] (?:?) -   XX_configure_reg_transforms       43 ms
DEBUG [main] (HandlerChainExecutor.java:163) - Exit: handleOutBoundMessage with status: true
DEBUG [main] (HTTPRemotingConnection.java:176) - Get locator for: [addr=http://127.0.0.1:8080/project_service-project_service/ProjectServiceBean,props={javax.xml.ws.security.auth.password=password, javax.xml.ws.service.endpoint.address=http://127.0.0.1:8080/project_service-project_service/ProjectServiceBean, javax.xml.ws.security.auth.username=username}]
DEBUG [main] (MicroRemoteClientInvoker.java:240) - org.jboss.remoting.transport.http.HTTPClientInvoker@10ac2a3 connecting
DEBUG [main] (MicroRemoteClientInvoker.java:245) - org.jboss.remoting.transport.http.HTTPClientInvoker@10ac2a3 connected
DEBUG [main] (HTTPRemotingConnection.java:220) - Remoting metadata: {http.basic.password=password, http.basic.username=username, HEADER={SOAPAction="", Content-Type=text/xml; charset=UTF-8}, NoThrowOnError=true}
DEBUG [main] (HTTPClientInvoker.java:256) - Setting request header with SOAPAction : ""
DEBUG [main] (HTTPClientInvoker.java:256) - Setting request header with Content-Type : text/xml; charset=UTF-8
DEBUG [main] (SOAPMessageUnMarshallerHTTP.java:123) - getMimeHeaders from: {X-Powered-By=[Servlet 2.4; JBoss-4.2.3.GA (build: SVNTag=JBoss_4_2_3_GA date=200807181417)/JBossWeb-2.0], ResponseCodeMessage=OK, http.basic.password=password, Date=[Sat, 20 Feb 2010 14:49:23 GMT], http.basic.username=username, Content-Type=[text/xml;charset=UTF-8], Server=[Apache-Coyote/1.1], HEADER={SOAPAction="", Content-Type=text/xml; charset=UTF-8}, Transfer-Encoding=[chunked], NoThrowOnError=true, ResponseCode=200}
DEBUG [main] (MessageFactoryImpl.java:215) - createMessage: [contentType=text/xml; charset=UTF-8]
DEBUG [main] (InvokerRegistry.java:595) - removed org.jboss.remoting.transport.http.HTTPClientInvoker@10ac2a3 from registry
DEBUG [main] (MessageContextJAXWS.java:105) - Begin response processing
DEBUG [main] (MessageContextAssociation.java:75) - popMessageContext: org.jboss.ws.core.jaxws.handler.SOAPMessageContextJAXWS@83e35b (Thread main)
DEBUG [main] (MessageContextAssociation.java:46) - pushMessageContext: org.jboss.ws.core.jaxws.handler.SOAPMessageContextJAXWS@58f769 (Thread main)
DEBUG [main] (HandlerChainExecutor.java:123) - Enter: handleIn BoundMessage
DEBUG [main] (HandlerChainExecutor.java:163) - Exit: handleIn BoundMessage with status: true
DEBUG [main] (CommonSOAPBinding.java:542) - unbindResponseMessage: {http://impl.project.service.topcoder.com/}createProject
DEBUG [main] (EndpointInvocation.java:183) - setReturnValue: org.jboss.ws.core.soap.SOAPBodyElementDoc
DEBUG [main] (CommonClient.java:391) - Handler modified body payload, unbind message again
DEBUG [main] (CommonSOAPBinding.java:542) - unbindResponseMessage: {http://impl.project.service.topcoder.com/}createProject
DEBUG [main] (EndpointInvocation.java:183) - setReturnValue: org.jboss.ws.core.soap.SOAPBodyElementDoc
DEBUG [main] (EndpointInvocation.java:190) - getReturnValue
DEBUG [main] (SOAPContentElement.java:137) - -----------------------------------
DEBUG [main] (SOAPContentElement.java:138) - Transitioning from XML_VALID to OBJECT_VALID
DEBUG [main] (XMLContent.java:159) - getObjectValue [xmlType={http://impl.project.service.topcoder.com/}createProjectResponse,javaType=class com.topcoder.service.project.jaxws.CreateProjectResponse]
DEBUG [main] (JAXBDeserializer.java:62) - deserialize: [xmlName={http://impl.project.service.topcoder.com/}createProjectResponse,xmlType={http://impl.project.service.topcoder.com/}createProjectResponse]
DEBUG [main] (JAXBDeserializer.java:80) - deserialized: com.topcoder.service.project.jaxws.CreateProjectResponse
DEBUG [main] (XMLContent.java:253) - objectValue: com.topcoder.service.project.jaxws.CreateProjectResponse
DEBUG [main] (SOAPContentElement.java:144) - -----------------------------------
DEBUG [main] (EndpointInvocation.java:268) - transformPayloadValue: org.jboss.ws.core.soap.SOAPBodyElementDoc -> com.topcoder.service.project.jaxws.CreateProjectResponse
DEBUG [main] (ParameterWrapping.java:219) - unwrapResponseParameter: com.topcoder.service.project.jaxws.CreateProjectResponse
DEBUG [main] (HandlerChainExecutor.java:96) - close
DEBUG [main] (HandlerChainExecutor.java:96) - close
DEBUG [main] (HandlerChainExecutor.java:96) - close
DEBUG [main] (MessageContextAssociation.java:75) - popMessageContext: org.jboss.ws.core.jaxws.handler.SOAPMessageContextJAXWS@58f769 (Thread main)
DEBUG [main] (MessageContextAssociation.java:46) - pushMessageContext: org.jboss.ws.core.jaxws.handler.SOAPMessageContextJAXWS@141b736 (Thread main)
DEBUG [main] (ParameterWrapping.java:109) - wrapRequestParameters: com.topcoder.service.project.jaxws.GetProjectByName
DEBUG [main] (EndpointInvocation.java:103) - setRequestParamValue: [name={http://impl.project.service.topcoder.com/}getProjectByName,value=com.topcoder.service.project.jaxws.GetProjectByName]
DEBUG [main] (CommonSOAPBinding.java:144) - bindRequestMessage: {http://impl.project.service.topcoder.com/}getProjectByName
DEBUG [main] (EndpointInvocation.java:110) - getRequestParamValue: {http://impl.project.service.topcoder.com/}getProjectByName
DEBUG [main] (EndpointInvocation.java:268) - transformPayloadValue: com.topcoder.service.project.jaxws.GetProjectByName -> com.topcoder.service.project.jaxws.GetProjectByName
DEBUG [main] (HandlerChainExecutor.java:84) - Create a handler executor: []
DEBUG [main] (HandlerChainExecutor.java:84) - Create a handler executor: []
DEBUG [main] (HandlerChainExecutor.java:84) - Create a handler executor: [WSSecurityHandlerOutbound]
DEBUG [main] (HandlerChainExecutor.java:123) - Enter: handleOutBoundMessage
DEBUG [main] (WSSecurityDispatcher.java:245) - WS-Security config: org.jboss.ws.metadata.wsse.Config@c26c8f
DEBUG [main] (SOAPContentElement.java:137) - -----------------------------------
DEBUG [main] (SOAPContentElement.java:138) - Transitioning from OBJECT_VALID to DOM_VALID
DEBUG [main] (ObjectContent.java:135) - getXMLFragment from Object [xmlType={http://impl.project.service.topcoder.com/}getProjectByName,javaType=class com.topcoder.service.project.jaxws.GetProjectByName]
DEBUG [main] (JAXBSerializer.java:61) - serialize: [xmlName={http://impl.project.service.topcoder.com/}getProjectByName,xmlType={http://impl.project.service.topcoder.com/}getProjectByName]
DEBUG [main] (JAXBSerializer.java:83) - serialized: <ns2:getProjectByName xmlns:ns2="http://impl.project.service.topcoder.com/"><arg0>project3</arg0><arg1>1</arg1></ns2:getProjectByName>
DEBUG [main] (ObjectContent.java:162) - xmlFragment: [source=<ns2:getProjectByName xmlns:ns2="http://impl.project.service.topcoder.com/"><arg0>project3</arg0><arg1>1</arg1></ns2:getProjectByName>]
DEBUG [main] (SOAPContentElement.java:144) - -----------------------------------
DEBUG [main] (WSSecurityDispatcher.java:291) - Encoding Message:
<env:Envelope xmlns:env='http://schemas.xmlsoap.org/soap/envelope/'>
 <env:Header/>
 <env:Body>
  <ns1:getProjectByName xmlns:ns1='http://impl.project.service.topcoder.com/' xmlns:ns2='http://impl.project.service.topcoder.com/'>
   <arg0>project3</arg0>
   <arg1>1</arg1>
  </ns1:getProjectByName>
 </env:Body>
</env:Envelope>
DEBUG [main] (HandlerChainExecutor.java:163) - Exit: handleOutBoundMessage with status: true
DEBUG [main] (HTTPRemotingConnection.java:176) - Get locator for: [addr=http://127.0.0.1:8080/project_service-project_service/ProjectServiceBean,props={javax.xml.ws.security.auth.password=password, javax.xml.ws.service.endpoint.address=http://127.0.0.1:8080/project_service-project_service/ProjectServiceBean, javax.xml.ws.security.auth.username=username}]
DEBUG [main] (MicroRemoteClientInvoker.java:240) - org.jboss.remoting.transport.http.HTTPClientInvoker@189d7eb connecting
DEBUG [main] (MicroRemoteClientInvoker.java:245) - org.jboss.remoting.transport.http.HTTPClientInvoker@189d7eb connected
DEBUG [main] (HTTPRemotingConnection.java:220) - Remoting metadata: {http.basic.password=password, http.basic.username=username, HEADER={SOAPAction="", Content-Type=text/xml; charset=UTF-8}, NoThrowOnError=true}
DEBUG [main] (HTTPClientInvoker.java:256) - Setting request header with SOAPAction : ""
DEBUG [main] (HTTPClientInvoker.java:256) - Setting request header with Content-Type : text/xml; charset=UTF-8
DEBUG [main] (SOAPMessageUnMarshallerHTTP.java:123) - getMimeHeaders from: {X-Powered-By=[Servlet 2.4; JBoss-4.2.3.GA (build: SVNTag=JBoss_4_2_3_GA date=200807181417)/JBossWeb-2.0], ResponseCodeMessage=OK, http.basic.password=password, Date=[Sat, 20 Feb 2010 14:49:25 GMT], http.basic.username=username, Content-Type=[text/xml;charset=UTF-8], Server=[Apache-Coyote/1.1], HEADER={SOAPAction="", Content-Type=text/xml; charset=UTF-8}, Transfer-Encoding=[chunked], NoThrowOnError=true, ResponseCode=200}
DEBUG [main] (MessageFactoryImpl.java:215) - createMessage: [contentType=text/xml; charset=UTF-8]
DEBUG [main] (InvokerRegistry.java:595) - removed org.jboss.remoting.transport.http.HTTPClientInvoker@189d7eb from registry
DEBUG [main] (MessageContextJAXWS.java:105) - Begin response processing
DEBUG [main] (MessageContextAssociation.java:75) - popMessageContext: org.jboss.ws.core.jaxws.handler.SOAPMessageContextJAXWS@141b736 (Thread main)
DEBUG [main] (MessageContextAssociation.java:46) - pushMessageContext: org.jboss.ws.core.jaxws.handler.SOAPMessageContextJAXWS@be8c3e (Thread main)
DEBUG [main] (HandlerChainExecutor.java:123) - Enter: handleIn BoundMessage
DEBUG [main] (HandlerChainExecutor.java:163) - Exit: handleIn BoundMessage with status: true
DEBUG [main] (CommonSOAPBinding.java:542) - unbindResponseMessage: {http://impl.project.service.topcoder.com/}getProjectByName
DEBUG [main] (EndpointInvocation.java:183) - setReturnValue: org.jboss.ws.core.soap.SOAPBodyElementDoc
DEBUG [main] (CommonClient.java:391) - Handler modified body payload, unbind message again
DEBUG [main] (CommonSOAPBinding.java:542) - unbindResponseMessage: {http://impl.project.service.topcoder.com/}getProjectByName
DEBUG [main] (EndpointInvocation.java:183) - setReturnValue: org.jboss.ws.core.soap.SOAPBodyElementDoc
DEBUG [main] (EndpointInvocation.java:190) - getReturnValue
DEBUG [main] (SOAPContentElement.java:137) - -----------------------------------
DEBUG [main] (SOAPContentElement.java:138) - Transitioning from XML_VALID to OBJECT_VALID
DEBUG [main] (XMLContent.java:159) - getObjectValue [xmlType={http://impl.project.service.topcoder.com/}getProjectByNameResponse,javaType=class com.topcoder.service.project.jaxws.GetProjectByNameResponse]
DEBUG [main] (JAXBDeserializer.java:62) - deserialize: [xmlName={http://impl.project.service.topcoder.com/}getProjectByNameResponse,xmlType={http://impl.project.service.topcoder.com/}getProjectByNameResponse]
DEBUG [main] (JAXBDeserializer.java:80) - deserialized: com.topcoder.service.project.jaxws.GetProjectByNameResponse
DEBUG [main] (XMLContent.java:253) - objectValue: com.topcoder.service.project.jaxws.GetProjectByNameResponse
DEBUG [main] (SOAPContentElement.java:144) - -----------------------------------
DEBUG [main] (EndpointInvocation.java:268) - transformPayloadValue: org.jboss.ws.core.soap.SOAPBodyElementDoc -> com.topcoder.service.project.jaxws.GetProjectByNameResponse
DEBUG [main] (ParameterWrapping.java:219) - unwrapResponseParameter: com.topcoder.service.project.jaxws.GetProjectByNameResponse
DEBUG [main] (HandlerChainExecutor.java:96) - close
DEBUG [main] (HandlerChainExecutor.java:96) - close
DEBUG [main] (HandlerChainExecutor.java:96) - close
DEBUG [main] (MessageContextAssociation.java:75) - popMessageContext: org.jboss.ws.core.jaxws.handler.SOAPMessageContextJAXWS@be8c3e (Thread main)
DEBUG [main] (MicroSocketClientInvoker.java:261) - SocketClientInvoker[d8c3ee, socket://127.0.0.1:3873] constructed
DEBUG [main] (MicroRemoteClientInvoker.java:240) - SocketClientInvoker[d8c3ee, socket://127.0.0.1:3873] connecting
DEBUG [main] (MicroSocketClientInvoker.java:761) - Creating semaphore with size 50
DEBUG [main] (MicroRemoteClientInvoker.java:245) - SocketClientInvoker[d8c3ee, socket://127.0.0.1:3873] connected
DEBUG [main] (ClientSocketWrapper.java:164) - reset timeout: 0
DEBUG [main] (InvokerRegistry.java:595) - removed SocketClientInvoker[d8c3ee, socket://127.0.0.1:3873] from registry
DEBUG [main] (MicroSocketClientInvoker.java:294) - SocketClientInvoker[d8c3ee, socket://127.0.0.1:3873] disconnecting ...
DEBUG [main] (SocketWrapper.java:123) - ClientSocketWrapper[Socket[addr=/127.0.0.1,port=3873,localport=10272].199a84f] closing
DEBUG [main] (MicroSocketClientInvoker.java:261) - SocketClientInvoker[9c6201, socket://127.0.0.1:3873] constructed
DEBUG [main] (MicroRemoteClientInvoker.java:240) - SocketClientInvoker[9c6201, socket://127.0.0.1:3873] connecting
DEBUG [main] (MicroSocketClientInvoker.java:761) - Creating semaphore with size 50
DEBUG [main] (MicroRemoteClientInvoker.java:245) - SocketClientInvoker[9c6201, socket://127.0.0.1:3873] connected
DEBUG [main] (ClientSocketWrapper.java:164) - reset timeout: 0
DEBUG [main] (InvokerRegistry.java:595) - removed SocketClientInvoker[9c6201, socket://127.0.0.1:3873] from registry
DEBUG [main] (MicroSocketClientInvoker.java:294) - SocketClientInvoker[9c6201, socket://127.0.0.1:3873] disconnecting ...
DEBUG [main] (SocketWrapper.java:123) - ClientSocketWrapper[Socket[addr=/127.0.0.1,port=3873,localport=10274].c6a3a0] closing
DEBUG [main] (MicroSocketClientInvoker.java:261) - SocketClientInvoker[12088db, socket://127.0.0.1:3873] constructed
DEBUG [main] (MicroRemoteClientInvoker.java:240) - SocketClientInvoker[12088db, socket://127.0.0.1:3873] connecting
DEBUG [main] (MicroSocketClientInvoker.java:761) - Creating semaphore with size 50
DEBUG [main] (MicroRemoteClientInvoker.java:245) - SocketClientInvoker[12088db, socket://127.0.0.1:3873] connected
DEBUG [main] (ClientSocketWrapper.java:164) - reset timeout: 0
DEBUG [main] (InvokerRegistry.java:595) - removed SocketClientInvoker[12088db, socket://127.0.0.1:3873] from registry
DEBUG [main] (MicroSocketClientInvoker.java:294) - SocketClientInvoker[12088db, socket://127.0.0.1:3873] disconnecting ...
DEBUG [main] (SocketWrapper.java:123) - ClientSocketWrapper[Socket[addr=/127.0.0.1,port=3873,localport=10275].1c4a198] closing
DEBUG [main] (JDBCTransaction.java:54) - begin
DEBUG [main] (ConnectionManager.java:421) - opening JDBC connection
DEBUG [Finalizer] (MicroSocketClientInvoker.java:294) - SocketClientInvoker[12088db, socket://127.0.0.1:3873] disconnecting ...
DEBUG [main] (JDBCTransaction.java:59) - current autocommit status: true
DEBUG [Finalizer] (MicroSocketClientInvoker.java:294) - SocketClientInvoker[12088db, socket://127.0.0.1:3873] disconnecting ...
DEBUG [main] (JDBCTransaction.java:62) - disabling autocommit
DEBUG [main] (AbstractBatcher.java:366) - about to open PreparedStatement (open PreparedStatements: 0, globally: 0)
DEBUG [main] (AbstractBatcher.java:401) - delete from competition
Hibernate: delete from competition
DEBUG [main] (AbstractBatcher.java:374) - about to close PreparedStatement (open PreparedStatements: 1, globally: 1)
DEBUG [main] (AbstractBatcher.java:366) - about to open PreparedStatement (open PreparedStatements: 0, globally: 0)
DEBUG [Finalizer] (MicroSocketClientInvoker.java:294) - SocketClientInvoker[9c6201, socket://127.0.0.1:3873] disconnecting ...
DEBUG [main] (AbstractBatcher.java:401) - delete from tc_direct_project
DEBUG [Finalizer] (MicroSocketClientInvoker.java:294) - SocketClientInvoker[9c6201, socket://127.0.0.1:3873] disconnecting ...
DEBUG [Finalizer] (MicroSocketClientInvoker.java:294) - SocketClientInvoker[d8c3ee, socket://127.0.0.1:3873] disconnecting ...
DEBUG [Finalizer] (MicroSocketClientInvoker.java:294) - SocketClientInvoker[d8c3ee, socket://127.0.0.1:3873] disconnecting ...
Hibernate: delete from tc_direct_project
DEBUG [main] (AbstractBatcher.java:374) - about to close PreparedStatement (open PreparedStatements: 1, globally: 1)
DEBUG [main] (AbstractBatcher.java:366) - about to open PreparedStatement (open PreparedStatements: 0, globally: 0)
DEBUG [main] (AbstractBatcher.java:401) - delete from security_user where user_id in ('foo', 'foo1', 'foo2', 'foo3', 'foo4', 'foo5', 'foo6')
Hibernate: delete from security_user where user_id in ('foo', 'foo1', 'foo2', 'foo3', 'foo4', 'foo5', 'foo6')
DEBUG [main] (AbstractBatcher.java:374) - about to close PreparedStatement (open PreparedStatements: 1, globally: 1)
DEBUG [main] (AbstractBatcher.java:366) - about to open PreparedStatement (open PreparedStatements: 0, globally: 0)
DEBUG [main] (AbstractBatcher.java:401) - delete from address
Hibernate: delete from address
DEBUG [main] (AbstractBatcher.java:374) - about to close PreparedStatement (open PreparedStatements: 1, globally: 1)
DEBUG [main] (AbstractBatcher.java:366) - about to open PreparedStatement (open PreparedStatements: 0, globally: 0)
DEBUG [main] (AbstractBatcher.java:401) - delete from email
Hibernate: delete from email
DEBUG [main] (AbstractBatcher.java:374) - about to close PreparedStatement (open PreparedStatements: 1, globally: 1)
DEBUG [main] (AbstractBatcher.java:366) - about to open PreparedStatement (open PreparedStatements: 0, globally: 0)
DEBUG [main] (AbstractBatcher.java:401) - delete from phone
Hibernate: delete from phone
DEBUG [main] (AbstractBatcher.java:374) - about to close PreparedStatement (open PreparedStatements: 1, globally: 1)
DEBUG [main] (AbstractBatcher.java:366) - about to open PreparedStatement (open PreparedStatements: 0, globally: 0)
DEBUG [main] (AbstractBatcher.java:401) - delete from user_group_xref where login_id in (999900, 999901, 999902, 999903, 999904, 999905, 999906)
Hibernate: delete from user_group_xref where login_id in (999900, 999901, 999902, 999903, 999904, 999905, 999906)
DEBUG [main] (AbstractBatcher.java:374) - about to close PreparedStatement (open PreparedStatements: 1, globally: 1)
DEBUG [main] (AbstractBatcher.java:366) - about to open PreparedStatement (open PreparedStatements: 0, globally: 0)
DEBUG [main] (AbstractBatcher.java:401) - delete from user
Hibernate: delete from user
DEBUG [main] (AbstractBatcher.java:374) - about to close PreparedStatement (open PreparedStatements: 1, globally: 1)
DEBUG [main] (AbstractBatcher.java:366) - about to open PreparedStatement (open PreparedStatements: 0, globally: 0)
DEBUG [main] (AbstractBatcher.java:401) - delete from security_groups where group_id in (888801, 888802, 888803)
Hibernate: delete from security_groups where group_id in (888801, 888802, 888803)
DEBUG [main] (AbstractBatcher.java:374) - about to close PreparedStatement (open PreparedStatements: 1, globally: 1)
DEBUG [main] (AbstractBatcher.java:366) - about to open PreparedStatement (open PreparedStatements: 0, globally: 0)
DEBUG [main] (AbstractBatcher.java:401) - delete from user_terms_of_use_xref where terms_of_use_id = 666601
Hibernate: delete from user_terms_of_use_xref where terms_of_use_id = 666601
DEBUG [main] (AbstractBatcher.java:374) - about to close PreparedStatement (open PreparedStatements: 1, globally: 1)
DEBUG [main] (AbstractBatcher.java:366) - about to open PreparedStatement (open PreparedStatements: 0, globally: 0)
DEBUG [main] (AbstractBatcher.java:401) - delete from terms_of_use where terms_of_use_id = 666601
Hibernate: delete from terms_of_use where terms_of_use_id = 666601
DEBUG [main] (AbstractBatcher.java:374) - about to close PreparedStatement (open PreparedStatements: 1, globally: 1)
DEBUG [main] (AbstractBatcher.java:366) - about to open PreparedStatement (open PreparedStatements: 0, globally: 0)
DEBUG [main] (AbstractBatcher.java:401) - delete from terms_of_use_type where terms_of_use_type_id = 77701
Hibernate: delete from terms_of_use_type where terms_of_use_type_id = 77701
DEBUG [main] (AbstractBatcher.java:374) - about to close PreparedStatement (open PreparedStatements: 1, globally: 1)
DEBUG [main] (JDBCTransaction.java:103) - commit
DEBUG [main] (JDBCTransaction.java:193) - re-enabling autocommit
DEBUG [main] (JDBCTransaction.java:116) - committed JDBC Connection
DEBUG [main] (ConnectionManager.java:404) - aggressively releasing JDBC connection
DEBUG [main] (ConnectionManager.java:441) - releasing JDBC connection [ (open PreparedStatements: 0, globally: 0) (open ResultSets: 0, globally: 0)]
DEBUG [main] (JDBCTransaction.java:54) - begin
DEBUG [main] (ConnectionManager.java:421) - opening JDBC connection
DEBUG [main] (JDBCTransaction.java:59) - current autocommit status: true
DEBUG [main] (JDBCTransaction.java:62) - disabling autocommit
DEBUG [main] (AbstractBatcher.java:366) - about to open PreparedStatement (open PreparedStatements: 0, globally: 0)
DEBUG [main] (AbstractBatcher.java:401) - delete from competition
Hibernate: delete from competition
DEBUG [main] (AbstractBatcher.java:374) - about to close PreparedStatement (open PreparedStatements: 1, globally: 1)
DEBUG [main] (AbstractBatcher.java:366) - about to open PreparedStatement (open PreparedStatements: 0, globally: 0)
DEBUG [main] (AbstractBatcher.java:401) - delete from tc_direct_project
Hibernate: delete from tc_direct_project
DEBUG [main] (AbstractBatcher.java:374) - about to close PreparedStatement (open PreparedStatements: 1, globally: 1)
DEBUG [main] (AbstractBatcher.java:366) - about to open PreparedStatement (open PreparedStatements: 0, globally: 0)
DEBUG [main] (AbstractBatcher.java:401) - delete from security_user where user_id in ('foo', 'foo1', 'foo2', 'foo3', 'foo4', 'foo5', 'foo6')
Hibernate: delete from security_user where user_id in ('foo', 'foo1', 'foo2', 'foo3', 'foo4', 'foo5', 'foo6')
DEBUG [main] (AbstractBatcher.java:374) - about to close PreparedStatement (open PreparedStatements: 1, globally: 1)
DEBUG [main] (AbstractBatcher.java:366) - about to open PreparedStatement (open PreparedStatements: 0, globally: 0)
DEBUG [main] (AbstractBatcher.java:401) - INSERT INTO security_user (login_id, user_id, password, create_user_id) values (999900, 'foo', 'password', 0)
Hibernate: INSERT INTO security_user (login_id, user_id, password, create_user_id) values (999900, 'foo', 'password', 0)
DEBUG [main] (AbstractBatcher.java:374) - about to close PreparedStatement (open PreparedStatements: 1, globally: 1)
DEBUG [main] (AbstractBatcher.java:366) - about to open PreparedStatement (open PreparedStatements: 0, globally: 0)
DEBUG [main] (AbstractBatcher.java:401) - INSERT INTO security_user (login_id, user_id, password, create_user_id) values (999901, 'foo1', 'password', 0)
Hibernate: INSERT INTO security_user (login_id, user_id, password, create_user_id) values (999901, 'foo1', 'password', 0)
DEBUG [main] (AbstractBatcher.java:374) - about to close PreparedStatement (open PreparedStatements: 1, globally: 1)
DEBUG [main] (AbstractBatcher.java:366) - about to open PreparedStatement (open PreparedStatements: 0, globally: 0)
DEBUG [main] (AbstractBatcher.java:401) - INSERT INTO security_user (login_id, user_id, password, create_user_id) values (999902, 'foo2', 'password', 0)
Hibernate: INSERT INTO security_user (login_id, user_id, password, create_user_id) values (999902, 'foo2', 'password', 0)
DEBUG [main] (AbstractBatcher.java:374) - about to close PreparedStatement (open PreparedStatements: 1, globally: 1)
DEBUG [main] (AbstractBatcher.java:366) - about to open PreparedStatement (open PreparedStatements: 0, globally: 0)
DEBUG [main] (AbstractBatcher.java:401) - INSERT INTO security_user (login_id, user_id, password, create_user_id) values (999903, 'foo3', 'password', 0)
Hibernate: INSERT INTO security_user (login_id, user_id, password, create_user_id) values (999903, 'foo3', 'password', 0)
DEBUG [main] (AbstractBatcher.java:374) - about to close PreparedStatement (open PreparedStatements: 1, globally: 1)
DEBUG [main] (AbstractBatcher.java:366) - about to open PreparedStatement (open PreparedStatements: 0, globally: 0)
DEBUG [main] (AbstractBatcher.java:401) - INSERT INTO security_user (login_id, user_id, password, create_user_id) values (999904, 'foo4', 'password', 0)
Hibernate: INSERT INTO security_user (login_id, user_id, password, create_user_id) values (999904, 'foo4', 'password', 0)
DEBUG [main] (AbstractBatcher.java:374) - about to close PreparedStatement (open PreparedStatements: 1, globally: 1)
DEBUG [main] (AbstractBatcher.java:366) - about to open PreparedStatement (open PreparedStatements: 0, globally: 0)
DEBUG [main] (AbstractBatcher.java:401) - INSERT INTO security_user (login_id, user_id, password, create_user_id) values (999905, 'foo5', 'password', 0)
Hibernate: INSERT INTO security_user (login_id, user_id, password, create_user_id) values (999905, 'foo5', 'password', 0)
DEBUG [main] (AbstractBatcher.java:374) - about to close PreparedStatement (open PreparedStatements: 1, globally: 1)
DEBUG [main] (AbstractBatcher.java:366) - about to open PreparedStatement (open PreparedStatements: 0, globally: 0)
DEBUG [main] (AbstractBatcher.java:401) - INSERT INTO security_user (login_id, user_id, password, create_user_id) values (999906, 'foo6', 'password', 0)
Hibernate: INSERT INTO security_user (login_id, user_id, password, create_user_id) values (999906, 'foo6', 'password', 0)
DEBUG [main] (AbstractBatcher.java:374) - about to close PreparedStatement (open PreparedStatements: 1, globally: 1)
DEBUG [main] (AbstractBatcher.java:366) - about to open PreparedStatement (open PreparedStatements: 0, globally: 0)
DEBUG [main] (AbstractBatcher.java:401) - delete from address
Hibernate: delete from address
DEBUG [main] (AbstractBatcher.java:374) - about to close PreparedStatement (open PreparedStatements: 1, globally: 1)
DEBUG [main] (AbstractBatcher.java:366) - about to open PreparedStatement (open PreparedStatements: 0, globally: 0)
DEBUG [main] (AbstractBatcher.java:401) - delete from email
Hibernate: delete from email
DEBUG [main] (AbstractBatcher.java:374) - about to close PreparedStatement (open PreparedStatements: 1, globally: 1)
DEBUG [main] (AbstractBatcher.java:366) - about to open PreparedStatement (open PreparedStatements: 0, globally: 0)
DEBUG [main] (AbstractBatcher.java:401) - delete from phone
Hibernate: delete from phone
DEBUG [main] (AbstractBatcher.java:374) - about to close PreparedStatement (open PreparedStatements: 1, globally: 1)
DEBUG [main] (AbstractBatcher.java:366) - about to open PreparedStatement (open PreparedStatements: 0, globally: 0)
DEBUG [main] (AbstractBatcher.java:401) - delete from user_group_xref where login_id in (999900, 999901, 999902, 999903, 999904, 999905, 999906)
Hibernate: delete from user_group_xref where login_id in (999900, 999901, 999902, 999903, 999904, 999905, 999906)
DEBUG [main] (AbstractBatcher.java:374) - about to close PreparedStatement (open PreparedStatements: 1, globally: 1)
DEBUG [main] (AbstractBatcher.java:366) - about to open PreparedStatement (open PreparedStatements: 0, globally: 0)
DEBUG [main] (AbstractBatcher.java:401) - delete from user
Hibernate: delete from user
DEBUG [main] (AbstractBatcher.java:374) - about to close PreparedStatement (open PreparedStatements: 1, globally: 1)
DEBUG [main] (AbstractBatcher.java:366) - about to open PreparedStatement (open PreparedStatements: 0, globally: 0)
DEBUG [main] (AbstractBatcher.java:401) - insert into user (user_id, first_name, last_name, create_date, handle, last_login, status, password, activation_code, middle_name, timezone_id, last_site_hit_date) values (1, 'Default', 'User', '2001-01-14 08:45:00', 'foo', '2001-01-14 08:45:00', 'A', 'huh', NULL, NULL, 554, NULL)
Hibernate: insert into user (user_id, first_name, last_name, create_date, handle, last_login, status, password, activation_code, middle_name, timezone_id, last_site_hit_date) values (1, 'Default', 'User', '2001-01-14 08:45:00', 'foo', '2001-01-14 08:45:00', 'A', 'huh', NULL, NULL, 554, NULL)
DEBUG [main] (AbstractBatcher.java:374) - about to close PreparedStatement (open PreparedStatements: 1, globally: 1)
DEBUG [main] (AbstractBatcher.java:366) - about to open PreparedStatement (open PreparedStatements: 0, globally: 0)
DEBUG [main] (AbstractBatcher.java:401) - delete from security_groups where group_id in (888801, 888802, 888803)
Hibernate: delete from security_groups where group_id in (888801, 888802, 888803)
DEBUG [main] (AbstractBatcher.java:374) - about to close PreparedStatement (open PreparedStatements: 1, globally: 1)
DEBUG [main] (AbstractBatcher.java:366) - about to open PreparedStatement (open PreparedStatements: 0, globally: 0)
DEBUG [main] (AbstractBatcher.java:401) - insert into security_groups (group_id, description, create_user_id) values (888801, 'Test Group 1', 1)
Hibernate: insert into security_groups (group_id, description, create_user_id) values (888801, 'Test Group 1', 1)
DEBUG [main] (AbstractBatcher.java:374) - about to close PreparedStatement (open PreparedStatements: 1, globally: 1)
DEBUG [main] (AbstractBatcher.java:366) - about to open PreparedStatement (open PreparedStatements: 0, globally: 0)
DEBUG [main] (AbstractBatcher.java:401) - insert into security_groups (group_id, description, create_user_id) values (888802, 'Test Group 2', 1)
Hibernate: insert into security_groups (group_id, description, create_user_id) values (888802, 'Test Group 2', 1)
DEBUG [main] (AbstractBatcher.java:374) - about to close PreparedStatement (open PreparedStatements: 1, globally: 1)
DEBUG [main] (AbstractBatcher.java:366) - about to open PreparedStatement (open PreparedStatements: 0, globally: 0)
DEBUG [main] (AbstractBatcher.java:401) - insert into security_groups (group_id, description, create_user_id) values (888803, 'Test Group 3', 1)
Hibernate: insert into security_groups (group_id, description, create_user_id) values (888803, 'Test Group 3', 1)
DEBUG [main] (AbstractBatcher.java:374) - about to close PreparedStatement (open PreparedStatements: 1, globally: 1)
DEBUG [main] (AbstractBatcher.java:366) - about to open PreparedStatement (open PreparedStatements: 0, globally: 0)
DEBUG [main] (AbstractBatcher.java:401) - delete from user_terms_of_use_xref where terms_of_use_id = 666601
Hibernate: delete from user_terms_of_use_xref where terms_of_use_id = 666601
DEBUG [main] (AbstractBatcher.java:374) - about to close PreparedStatement (open PreparedStatements: 1, globally: 1)
DEBUG [main] (AbstractBatcher.java:366) - about to open PreparedStatement (open PreparedStatements: 0, globally: 0)
DEBUG [main] (AbstractBatcher.java:401) - delete from terms_of_use where terms_of_use_id = 666601
Hibernate: delete from terms_of_use where terms_of_use_id = 666601
DEBUG [main] (AbstractBatcher.java:374) - about to close PreparedStatement (open PreparedStatements: 1, globally: 1)
DEBUG [main] (AbstractBatcher.java:366) - about to open PreparedStatement (open PreparedStatements: 0, globally: 0)
DEBUG [main] (AbstractBatcher.java:401) - delete from terms_of_use_type where terms_of_use_type_id = 77701
Hibernate: delete from terms_of_use_type where terms_of_use_type_id = 77701
DEBUG [main] (AbstractBatcher.java:374) - about to close PreparedStatement (open PreparedStatements: 1, globally: 1)
DEBUG [main] (AbstractBatcher.java:366) - about to open PreparedStatement (open PreparedStatements: 0, globally: 0)
DEBUG [main] (AbstractBatcher.java:401) - insert into terms_of_use_type (terms_of_use_type_id, terms_of_use_type_desc) values (77701, 'Test terms of use')
Hibernate: insert into terms_of_use_type (terms_of_use_type_id, terms_of_use_type_desc) values (77701, 'Test terms of use')
DEBUG [main] (AbstractBatcher.java:374) - about to close PreparedStatement (open PreparedStatements: 1, globally: 1)
DEBUG [main] (AbstractBatcher.java:366) - about to open PreparedStatement (open PreparedStatements: 0, globally: 0)
DEBUG [main] (AbstractBatcher.java:401) - insert into terms_of_use (terms_of_use_id, terms_text, terms_of_use_type_id, title, electronically_signable, url) VALUES (666601, NULL, 77701, 'Test terms of use', 1, NULL)
Hibernate: insert into terms_of_use (terms_of_use_id, terms_text, terms_of_use_type_id, title, electronically_signable, url) VALUES (666601, NULL, 77701, 'Test terms of use', 1, NULL)
DEBUG [main] (AbstractBatcher.java:374) - about to close PreparedStatement (open PreparedStatements: 1, globally: 1)
DEBUG [main] (JDBCTransaction.java:103) - commit
DEBUG [main] (JDBCTransaction.java:193) - re-enabling autocommit
DEBUG [main] (JDBCTransaction.java:116) - committed JDBC Connection
DEBUG [main] (ConnectionManager.java:404) - aggressively releasing JDBC connection
DEBUG [main] (ConnectionManager.java:441) - releasing JDBC connection [ (open PreparedStatements: 0, globally: 0) (open ResultSets: 0, globally: 0)]
DEBUG [main] (MicroSocketClientInvoker.java:261) - SocketClientInvoker[12b9f14, socket://127.0.0.1:3873] constructed
DEBUG [main] (MicroRemoteClientInvoker.java:240) - SocketClientInvoker[12b9f14, socket://127.0.0.1:3873] connecting
DEBUG [main] (MicroSocketClientInvoker.java:761) - Creating semaphore with size 50
DEBUG [main] (MicroRemoteClientInvoker.java:245) - SocketClientInvoker[12b9f14, socket://127.0.0.1:3873] connected
DEBUG [main] (ClientSocketWrapper.java:164) - reset timeout: 0
DEBUG [main] (InvokerRegistry.java:595) - removed SocketClientInvoker[12b9f14, socket://127.0.0.1:3873] from registry
DEBUG [main] (MicroSocketClientInvoker.java:294) - SocketClientInvoker[12b9f14, socket://127.0.0.1:3873] disconnecting ...
DEBUG [main] (SocketWrapper.java:123) - ClientSocketWrapper[Socket[addr=/127.0.0.1,port=3873,localport=10279].1c67b54] closing
DEBUG [main] (MicroSocketClientInvoker.java:261) - SocketClientInvoker[1caefb0, socket://127.0.0.1:3873] constructed
DEBUG [main] (MicroRemoteClientInvoker.java:240) - SocketClientInvoker[1caefb0, socket://127.0.0.1:3873] connecting
DEBUG [main] (MicroSocketClientInvoker.java:761) - Creating semaphore with size 50
DEBUG [main] (MicroRemoteClientInvoker.java:245) - SocketClientInvoker[1caefb0, socket://127.0.0.1:3873] connected
DEBUG [main] (ClientSocketWrapper.java:164) - reset timeout: 0
DEBUG [main] (InvokerRegistry.java:595) - removed SocketClientInvoker[1caefb0, socket://127.0.0.1:3873] from registry
DEBUG [main] (MicroSocketClientInvoker.java:294) - SocketClientInvoker[1caefb0, socket://127.0.0.1:3873] disconnecting ...
DEBUG [main] (SocketWrapper.java:123) - ClientSocketWrapper[Socket[addr=/127.0.0.1,port=3873,localport=10280].15c458c] closing
DEBUG [main] (JDBCTransaction.java:54) - begin
DEBUG [main] (ConnectionManager.java:421) - opening JDBC connection
DEBUG [main] (JDBCTransaction.java:59) - current autocommit status: true
DEBUG [main] (JDBCTransaction.java:62) - disabling autocommit
DEBUG [Finalizer] (MicroSocketClientInvoker.java:294) - SocketClientInvoker[1caefb0, socket://127.0.0.1:3873] disconnecting ...
DEBUG [Finalizer] (MicroSocketClientInvoker.java:294) - SocketClientInvoker[1caefb0, socket://127.0.0.1:3873] disconnecting ...
DEBUG [main] (AbstractBatcher.java:366) - about to open PreparedStatement (open PreparedStatements: 0, globally: 0)
DEBUG [main] (AbstractBatcher.java:401) - delete from competition
Hibernate: delete from competition
DEBUG [main] (AbstractBatcher.java:374) - about to close PreparedStatement (open PreparedStatements: 1, globally: 1)
DEBUG [main] (AbstractBatcher.java:366) - about to open PreparedStatement (open PreparedStatements: 0, globally: 0)
DEBUG [main] (AbstractBatcher.java:401) - delete from tc_direct_project
Hibernate: delete from tc_direct_project
DEBUG [main] (AbstractBatcher.java:374) - about to close PreparedStatement (open PreparedStatements: 1, globally: 1)
DEBUG [main] (AbstractBatcher.java:366) - about to open PreparedStatement (open PreparedStatements: 0, globally: 0)
DEBUG [main] (AbstractBatcher.java:401) - delete from security_user where user_id in ('foo', 'foo1', 'foo2', 'foo3', 'foo4', 'foo5', 'foo6')
Hibernate: delete from security_user where user_id in ('foo', 'foo1', 'foo2', 'foo3', 'foo4', 'foo5', 'foo6')
DEBUG [main] (AbstractBatcher.java:374) - about to close PreparedStatement (open PreparedStatements: 1, globally: 1)
DEBUG [main] (AbstractBatcher.java:366) - about to open PreparedStatement (open PreparedStatements: 0, globally: 0)
DEBUG [main] (AbstractBatcher.java:401) - delete from address
Hibernate: delete from address
DEBUG [Finalizer] (MicroSocketClientInvoker.java:294) - SocketClientInvoker[12b9f14, socket://127.0.0.1:3873] disconnecting ...
DEBUG [Finalizer] (MicroSocketClientInvoker.java:294) - SocketClientInvoker[12b9f14, socket://127.0.0.1:3873] disconnecting ...
DEBUG [main] (AbstractBatcher.java:374) - about to close PreparedStatement (open PreparedStatements: 1, globally: 1)
DEBUG [main] (AbstractBatcher.java:366) - about to open PreparedStatement (open PreparedStatements: 0, globally: 0)
DEBUG [main] (AbstractBatcher.java:401) - delete from email
Hibernate: delete from email
DEBUG [main] (AbstractBatcher.java:374) - about to close PreparedStatement (open PreparedStatements: 1, globally: 1)
DEBUG [main] (AbstractBatcher.java:366) - about to open PreparedStatement (open PreparedStatements: 0, globally: 0)
DEBUG [main] (AbstractBatcher.java:401) - delete from phone
Hibernate: delete from phone
DEBUG [main] (AbstractBatcher.java:374) - about to close PreparedStatement (open PreparedStatements: 1, globally: 1)
DEBUG [main] (AbstractBatcher.java:366) - about to open PreparedStatement (open PreparedStatements: 0, globally: 0)
DEBUG [main] (AbstractBatcher.java:401) - delete from user_group_xref where login_id in (999900, 999901, 999902, 999903, 999904, 999905, 999906)
Hibernate: delete from user_group_xref where login_id in (999900, 999901, 999902, 999903, 999904, 999905, 999906)
DEBUG [main] (AbstractBatcher.java:374) - about to close PreparedStatement (open PreparedStatements: 1, globally: 1)
DEBUG [main] (AbstractBatcher.java:366) - about to open PreparedStatement (open PreparedStatements: 0, globally: 0)
DEBUG [main] (AbstractBatcher.java:401) - delete from user
Hibernate: delete from user
DEBUG [main] (AbstractBatcher.java:374) - about to close PreparedStatement (open PreparedStatements: 1, globally: 1)
DEBUG [main] (AbstractBatcher.java:366) - about to open PreparedStatement (open PreparedStatements: 0, globally: 0)
DEBUG [main] (AbstractBatcher.java:401) - delete from security_groups where group_id in (888801, 888802, 888803)
Hibernate: delete from security_groups where group_id in (888801, 888802, 888803)
DEBUG [main] (AbstractBatcher.java:374) - about to close PreparedStatement (open PreparedStatements: 1, globally: 1)
DEBUG [main] (AbstractBatcher.java:366) - about to open PreparedStatement (open PreparedStatements: 0, globally: 0)
DEBUG [main] (AbstractBatcher.java:401) - delete from user_terms_of_use_xref where terms_of_use_id = 666601
Hibernate: delete from user_terms_of_use_xref where terms_of_use_id = 666601
DEBUG [main] (AbstractBatcher.java:374) - about to close PreparedStatement (open PreparedStatements: 1, globally: 1)
DEBUG [main] (AbstractBatcher.java:366) - about to open PreparedStatement (open PreparedStatements: 0, globally: 0)
DEBUG [main] (AbstractBatcher.java:401) - delete from terms_of_use where terms_of_use_id = 666601
Hibernate: delete from terms_of_use where terms_of_use_id = 666601
DEBUG [main] (AbstractBatcher.java:374) - about to close PreparedStatement (open PreparedStatements: 1, globally: 1)
DEBUG [main] (AbstractBatcher.java:366) - about to open PreparedStatement (open PreparedStatements: 0, globally: 0)
DEBUG [main] (AbstractBatcher.java:401) - delete from terms_of_use_type where terms_of_use_type_id = 77701
Hibernate: delete from terms_of_use_type where terms_of_use_type_id = 77701
DEBUG [main] (AbstractBatcher.java:374) - about to close PreparedStatement (open PreparedStatements: 1, globally: 1)
DEBUG [main] (JDBCTransaction.java:103) - commit
DEBUG [main] (JDBCTransaction.java:193) - re-enabling autocommit
DEBUG [main] (JDBCTransaction.java:116) - committed JDBC Connection
DEBUG [main] (ConnectionManager.java:404) - aggressively releasing JDBC connection
DEBUG [main] (ConnectionManager.java:441) - releasing JDBC connection [ (open PreparedStatements: 0, globally: 0) (open ResultSets: 0, globally: 0)]
DEBUG [main] (JDBCTransaction.java:54) - begin
DEBUG [main] (ConnectionManager.java:421) - opening JDBC connection
DEBUG [main] (JDBCTransaction.java:59) - current autocommit status: true
DEBUG [main] (JDBCTransaction.java:62) - disabling autocommit
DEBUG [main] (AbstractBatcher.java:366) - about to open PreparedStatement (open PreparedStatements: 0, globally: 0)
DEBUG [main] (AbstractBatcher.java:401) - delete from competition
Hibernate: delete from competition
DEBUG [main] (AbstractBatcher.java:374) - about to close PreparedStatement (open PreparedStatements: 1, globally: 1)
DEBUG [main] (AbstractBatcher.java:366) - about to open PreparedStatement (open PreparedStatements: 0, globally: 0)
DEBUG [main] (AbstractBatcher.java:401) - delete from tc_direct_project
Hibernate: delete from tc_direct_project
DEBUG [main] (AbstractBatcher.java:374) - about to close PreparedStatement (open PreparedStatements: 1, globally: 1)
DEBUG [main] (AbstractBatcher.java:366) - about to open PreparedStatement (open PreparedStatements: 0, globally: 0)
DEBUG [main] (AbstractBatcher.java:401) - delete from security_user where user_id in ('foo', 'foo1', 'foo2', 'foo3', 'foo4', 'foo5', 'foo6')
Hibernate: delete from security_user where user_id in ('foo', 'foo1', 'foo2', 'foo3', 'foo4', 'foo5', 'foo6')
DEBUG [main] (AbstractBatcher.java:374) - about to close PreparedStatement (open PreparedStatements: 1, globally: 1)
DEBUG [main] (AbstractBatcher.java:366) - about to open PreparedStatement (open PreparedStatements: 0, globally: 0)
DEBUG [main] (AbstractBatcher.java:401) - INSERT INTO security_user (login_id, user_id, password, create_user_id) values (999900, 'foo', 'password', 0)
Hibernate: INSERT INTO security_user (login_id, user_id, password, create_user_id) values (999900, 'foo', 'password', 0)
DEBUG [main] (AbstractBatcher.java:374) - about to close PreparedStatement (open PreparedStatements: 1, globally: 1)
DEBUG [main] (AbstractBatcher.java:366) - about to open PreparedStatement (open PreparedStatements: 0, globally: 0)
DEBUG [main] (AbstractBatcher.java:401) - INSERT INTO security_user (login_id, user_id, password, create_user_id) values (999901, 'foo1', 'password', 0)
Hibernate: INSERT INTO security_user (login_id, user_id, password, create_user_id) values (999901, 'foo1', 'password', 0)
DEBUG [main] (AbstractBatcher.java:374) - about to close PreparedStatement (open PreparedStatements: 1, globally: 1)
DEBUG [main] (AbstractBatcher.java:366) - about to open PreparedStatement (open PreparedStatements: 0, globally: 0)
DEBUG [main] (AbstractBatcher.java:401) - INSERT INTO security_user (login_id, user_id, password, create_user_id) values (999902, 'foo2', 'password', 0)
Hibernate: INSERT INTO security_user (login_id, user_id, password, create_user_id) values (999902, 'foo2', 'password', 0)
DEBUG [main] (AbstractBatcher.java:374) - about to close PreparedStatement (open PreparedStatements: 1, globally: 1)
DEBUG [main] (AbstractBatcher.java:366) - about to open PreparedStatement (open PreparedStatements: 0, globally: 0)
DEBUG [main] (AbstractBatcher.java:401) - INSERT INTO security_user (login_id, user_id, password, create_user_id) values (999903, 'foo3', 'password', 0)
Hibernate: INSERT INTO security_user (login_id, user_id, password, create_user_id) values (999903, 'foo3', 'password', 0)
DEBUG [main] (AbstractBatcher.java:374) - about to close PreparedStatement (open PreparedStatements: 1, globally: 1)
DEBUG [main] (AbstractBatcher.java:366) - about to open PreparedStatement (open PreparedStatements: 0, globally: 0)
DEBUG [main] (AbstractBatcher.java:401) - INSERT INTO security_user (login_id, user_id, password, create_user_id) values (999904, 'foo4', 'password', 0)
Hibernate: INSERT INTO security_user (login_id, user_id, password, create_user_id) values (999904, 'foo4', 'password', 0)
DEBUG [main] (AbstractBatcher.java:374) - about to close PreparedStatement (open PreparedStatements: 1, globally: 1)
DEBUG [main] (AbstractBatcher.java:366) - about to open PreparedStatement (open PreparedStatements: 0, globally: 0)
DEBUG [main] (AbstractBatcher.java:401) - INSERT INTO security_user (login_id, user_id, password, create_user_id) values (999905, 'foo5', 'password', 0)
Hibernate: INSERT INTO security_user (login_id, user_id, password, create_user_id) values (999905, 'foo5', 'password', 0)
DEBUG [main] (AbstractBatcher.java:374) - about to close PreparedStatement (open PreparedStatements: 1, globally: 1)
DEBUG [main] (AbstractBatcher.java:366) - about to open PreparedStatement (open PreparedStatements: 0, globally: 0)
DEBUG [main] (AbstractBatcher.java:401) - INSERT INTO security_user (login_id, user_id, password, create_user_id) values (999906, 'foo6', 'password', 0)
Hibernate: INSERT INTO security_user (login_id, user_id, password, create_user_id) values (999906, 'foo6', 'password', 0)
DEBUG [main] (AbstractBatcher.java:374) - about to close PreparedStatement (open PreparedStatements: 1, globally: 1)
DEBUG [main] (AbstractBatcher.java:366) - about to open PreparedStatement (open PreparedStatements: 0, globally: 0)
DEBUG [main] (AbstractBatcher.java:401) - delete from address
Hibernate: delete from address
DEBUG [main] (AbstractBatcher.java:374) - about to close PreparedStatement (open PreparedStatements: 1, globally: 1)
DEBUG [main] (AbstractBatcher.java:366) - about to open PreparedStatement (open PreparedStatements: 0, globally: 0)
DEBUG [main] (AbstractBatcher.java:401) - delete from email
Hibernate: delete from email
DEBUG [main] (AbstractBatcher.java:374) - about to close PreparedStatement (open PreparedStatements: 1, globally: 1)
DEBUG [main] (AbstractBatcher.java:366) - about to open PreparedStatement (open PreparedStatements: 0, globally: 0)
DEBUG [main] (AbstractBatcher.java:401) - delete from phone
Hibernate: delete from phone
DEBUG [main] (AbstractBatcher.java:374) - about to close PreparedStatement (open PreparedStatements: 1, globally: 1)
DEBUG [main] (AbstractBatcher.java:366) - about to open PreparedStatement (open PreparedStatements: 0, globally: 0)
DEBUG [main] (AbstractBatcher.java:401) - delete from user_group_xref where login_id in (999900, 999901, 999902, 999903, 999904, 999905, 999906)
Hibernate: delete from user_group_xref where login_id in (999900, 999901, 999902, 999903, 999904, 999905, 999906)
DEBUG [main] (AbstractBatcher.java:374) - about to close PreparedStatement (open PreparedStatements: 1, globally: 1)
DEBUG [main] (AbstractBatcher.java:366) - about to open PreparedStatement (open PreparedStatements: 0, globally: 0)
DEBUG [main] (AbstractBatcher.java:401) - delete from user
Hibernate: delete from user
DEBUG [main] (AbstractBatcher.java:374) - about to close PreparedStatement (open PreparedStatements: 1, globally: 1)
DEBUG [main] (AbstractBatcher.java:366) - about to open PreparedStatement (open PreparedStatements: 0, globally: 0)
DEBUG [main] (AbstractBatcher.java:401) - insert into user (user_id, first_name, last_name, create_date, handle, last_login, status, password, activation_code, middle_name, timezone_id, last_site_hit_date) values (1, 'Default', 'User', '2001-01-14 08:45:00', 'foo', '2001-01-14 08:45:00', 'A', 'huh', NULL, NULL, 554, NULL)
Hibernate: insert into user (user_id, first_name, last_name, create_date, handle, last_login, status, password, activation_code, middle_name, timezone_id, last_site_hit_date) values (1, 'Default', 'User', '2001-01-14 08:45:00', 'foo', '2001-01-14 08:45:00', 'A', 'huh', NULL, NULL, 554, NULL)
DEBUG [main] (AbstractBatcher.java:374) - about to close PreparedStatement (open PreparedStatements: 1, globally: 1)
DEBUG [main] (AbstractBatcher.java:366) - about to open PreparedStatement (open PreparedStatements: 0, globally: 0)
DEBUG [main] (AbstractBatcher.java:401) - delete from security_groups where group_id in (888801, 888802, 888803)
Hibernate: delete from security_groups where group_id in (888801, 888802, 888803)
DEBUG [main] (AbstractBatcher.java:374) - about to close PreparedStatement (open PreparedStatements: 1, globally: 1)
DEBUG [main] (AbstractBatcher.java:366) - about to open PreparedStatement (open PreparedStatements: 0, globally: 0)
DEBUG [main] (AbstractBatcher.java:401) - insert into security_groups (group_id, description, create_user_id) values (888801, 'Test Group 1', 1)
Hibernate: insert into security_groups (group_id, description, create_user_id) values (888801, 'Test Group 1', 1)
DEBUG [main] (AbstractBatcher.java:374) - about to close PreparedStatement (open PreparedStatements: 1, globally: 1)
DEBUG [main] (AbstractBatcher.java:366) - about to open PreparedStatement (open PreparedStatements: 0, globally: 0)
DEBUG [main] (AbstractBatcher.java:401) - insert into security_groups (group_id, description, create_user_id) values (888802, 'Test Group 2', 1)
Hibernate: insert into security_groups (group_id, description, create_user_id) values (888802, 'Test Group 2', 1)
DEBUG [main] (AbstractBatcher.java:374) - about to close PreparedStatement (open PreparedStatements: 1, globally: 1)
DEBUG [main] (AbstractBatcher.java:366) - about to open PreparedStatement (open PreparedStatements: 0, globally: 0)
DEBUG [main] (AbstractBatcher.java:401) - insert into security_groups (group_id, description, create_user_id) values (888803, 'Test Group 3', 1)
Hibernate: insert into security_groups (group_id, description, create_user_id) values (888803, 'Test Group 3', 1)
DEBUG [main] (AbstractBatcher.java:374) - about to close PreparedStatement (open PreparedStatements: 1, globally: 1)
DEBUG [main] (AbstractBatcher.java:366) - about to open PreparedStatement (open PreparedStatements: 0, globally: 0)
DEBUG [main] (AbstractBatcher.java:401) - delete from user_terms_of_use_xref where terms_of_use_id = 666601
Hibernate: delete from user_terms_of_use_xref where terms_of_use_id = 666601
DEBUG [main] (AbstractBatcher.java:374) - about to close PreparedStatement (open PreparedStatements: 1, globally: 1)
DEBUG [main] (AbstractBatcher.java:366) - about to open PreparedStatement (open PreparedStatements: 0, globally: 0)
DEBUG [main] (AbstractBatcher.java:401) - delete from terms_of_use where terms_of_use_id = 666601
Hibernate: delete from terms_of_use where terms_of_use_id = 666601
DEBUG [main] (AbstractBatcher.java:374) - about to close PreparedStatement (open PreparedStatements: 1, globally: 1)
DEBUG [main] (AbstractBatcher.java:366) - about to open PreparedStatement (open PreparedStatements: 0, globally: 0)
DEBUG [main] (AbstractBatcher.java:401) - delete from terms_of_use_type where terms_of_use_type_id = 77701
Hibernate: delete from terms_of_use_type where terms_of_use_type_id = 77701
DEBUG [main] (AbstractBatcher.java:374) - about to close PreparedStatement (open PreparedStatements: 1, globally: 1)
DEBUG [main] (AbstractBatcher.java:366) - about to open PreparedStatement (open PreparedStatements: 0, globally: 0)
DEBUG [main] (AbstractBatcher.java:401) - insert into terms_of_use_type (terms_of_use_type_id, terms_of_use_type_desc) values (77701, 'Test terms of use')
Hibernate: insert into terms_of_use_type (terms_of_use_type_id, terms_of_use_type_desc) values (77701, 'Test terms of use')
DEBUG [main] (AbstractBatcher.java:374) - about to close PreparedStatement (open PreparedStatements: 1, globally: 1)
DEBUG [main] (AbstractBatcher.java:366) - about to open PreparedStatement (open PreparedStatements: 0, globally: 0)
DEBUG [main] (AbstractBatcher.java:401) - insert into terms_of_use (terms_of_use_id, terms_text, terms_of_use_type_id, title, electronically_signable, url) VALUES (666601, NULL, 77701, 'Test terms of use', 1, NULL)
Hibernate: insert into terms_of_use (terms_of_use_id, terms_text, terms_of_use_type_id, title, electronically_signable, url) VALUES (666601, NULL, 77701, 'Test terms of use', 1, NULL)
DEBUG [main] (AbstractBatcher.java:374) - about to close PreparedStatement (open PreparedStatements: 1, globally: 1)
DEBUG [main] (JDBCTransaction.java:103) - commit
DEBUG [main] (JDBCTransaction.java:193) - re-enabling autocommit
DEBUG [main] (JDBCTransaction.java:116) - committed JDBC Connection
DEBUG [main] (ConnectionManager.java:404) - aggressively releasing JDBC connection
DEBUG [main] (ConnectionManager.java:441) - releasing JDBC connection [ (open PreparedStatements: 0, globally: 0) (open ResultSets: 0, globally: 0)]
DEBUG [main] (MicroSocketClientInvoker.java:261) - SocketClientInvoker[1923ca5, socket://127.0.0.1:3873] constructed
DEBUG [main] (MicroRemoteClientInvoker.java:240) - SocketClientInvoker[1923ca5, socket://127.0.0.1:3873] connecting
DEBUG [main] (MicroSocketClientInvoker.java:761) - Creating semaphore with size 50
DEBUG [main] (MicroRemoteClientInvoker.java:245) - SocketClientInvoker[1923ca5, socket://127.0.0.1:3873] connected
DEBUG [main] (ClientSocketWrapper.java:164) - reset timeout: 0
DEBUG [main] (InvokerRegistry.java:595) - removed SocketClientInvoker[1923ca5, socket://127.0.0.1:3873] from registry
DEBUG [main] (MicroSocketClientInvoker.java:294) - SocketClientInvoker[1923ca5, socket://127.0.0.1:3873] disconnecting ...
DEBUG [main] (SocketWrapper.java:123) - ClientSocketWrapper[Socket[addr=/127.0.0.1,port=3873,localport=10284].1c9ce70] closing
DEBUG [main] (MicroSocketClientInvoker.java:261) - SocketClientInvoker[101d01, socket://127.0.0.1:3873] constructed
DEBUG [main] (MicroRemoteClientInvoker.java:240) - SocketClientInvoker[101d01, socket://127.0.0.1:3873] connecting
DEBUG [main] (MicroSocketClientInvoker.java:761) - Creating semaphore with size 50
DEBUG [main] (MicroRemoteClientInvoker.java:245) - SocketClientInvoker[101d01, socket://127.0.0.1:3873] connected
DEBUG [main] (ClientSocketWrapper.java:164) - reset timeout: 0
DEBUG [main] (InvokerRegistry.java:595) - removed SocketClientInvoker[101d01, socket://127.0.0.1:3873] from registry
DEBUG [main] (MicroSocketClientInvoker.java:294) - SocketClientInvoker[101d01, socket://127.0.0.1:3873] disconnecting ...
DEBUG [main] (SocketWrapper.java:123) - ClientSocketWrapper[Socket[addr=/127.0.0.1,port=3873,localport=10285].123961b] closing
DEBUG [main] (MicroSocketClientInvoker.java:261) - SocketClientInvoker[153f141, socket://127.0.0.1:3873] constructed
DEBUG [Finalizer] (MicroSocketClientInvoker.java:294) - SocketClientInvoker[101d01, socket://127.0.0.1:3873] disconnecting ...
DEBUG [main] (MicroRemoteClientInvoker.java:240) - SocketClientInvoker[153f141, socket://127.0.0.1:3873] connecting
DEBUG [Finalizer] (MicroSocketClientInvoker.java:294) - SocketClientInvoker[101d01, socket://127.0.0.1:3873] disconnecting ...
DEBUG [main] (MicroSocketClientInvoker.java:761) - Creating semaphore with size 50
DEBUG [main] (MicroRemoteClientInvoker.java:245) - SocketClientInvoker[153f141, socket://127.0.0.1:3873] connected
DEBUG [main] (ClientSocketWrapper.java:164) - reset timeout: 0
DEBUG [main] (InvokerRegistry.java:595) - removed SocketClientInvoker[153f141, socket://127.0.0.1:3873] from registry
DEBUG [main] (MicroSocketClientInvoker.java:294) - SocketClientInvoker[153f141, socket://127.0.0.1:3873] disconnecting ...
DEBUG [main] (SocketWrapper.java:123) - ClientSocketWrapper[Socket[addr=/127.0.0.1,port=3873,localport=10287].1176e5f] closing
DEBUG [main] (MicroSocketClientInvoker.java:261) - SocketClientInvoker[14f2bd7, socket://127.0.0.1:3873] constructed
DEBUG [main] (MicroRemoteClientInvoker.java:240) - SocketClientInvoker[14f2bd7, socket://127.0.0.1:3873] connecting
DEBUG [main] (MicroSocketClientInvoker.java:761) - Creating semaphore with size 50
DEBUG [main] (MicroRemoteClientInvoker.java:245) - SocketClientInvoker[14f2bd7, socket://127.0.0.1:3873] connected
DEBUG [main] (ClientSocketWrapper.java:164) - reset timeout: 0
DEBUG [Finalizer] (MicroSocketClientInvoker.java:294) - SocketClientInvoker[153f141, socket://127.0.0.1:3873] disconnecting ...
DEBUG [Finalizer] (MicroSocketClientInvoker.java:294) - SocketClientInvoker[153f141, socket://127.0.0.1:3873] disconnecting ...
DEBUG [main] (InvokerRegistry.java:595) - removed SocketClientInvoker[14f2bd7, socket://127.0.0.1:3873] from registry
DEBUG [main] (MicroSocketClientInvoker.java:294) - SocketClientInvoker[14f2bd7, socket://127.0.0.1:3873] disconnecting ...
DEBUG [main] (SocketWrapper.java:123) - ClientSocketWrapper[Socket[addr=/127.0.0.1,port=3873,localport=10288].88a970] closing
DEBUG [main] (MicroSocketClientInvoker.java:261) - SocketClientInvoker[2c06b2, socket://127.0.0.1:3873] constructed
DEBUG [main] (MicroRemoteClientInvoker.java:240) - SocketClientInvoker[2c06b2, socket://127.0.0.1:3873] connecting
DEBUG [Finalizer] (MicroSocketClientInvoker.java:294) - SocketClientInvoker[14f2bd7, socket://127.0.0.1:3873] disconnecting ...
DEBUG [main] (MicroSocketClientInvoker.java:761) - Creating semaphore with size 50
DEBUG [Finalizer] (MicroSocketClientInvoker.java:294) - SocketClientInvoker[14f2bd7, socket://127.0.0.1:3873] disconnecting ...
DEBUG [main] (MicroRemoteClientInvoker.java:245) - SocketClientInvoker[2c06b2, socket://127.0.0.1:3873] connected
DEBUG [main] (ClientSocketWrapper.java:164) - reset timeout: 0
DEBUG [main] (InvokerRegistry.java:595) - removed SocketClientInvoker[2c06b2, socket://127.0.0.1:3873] from registry
DEBUG [main] (MicroSocketClientInvoker.java:294) - SocketClientInvoker[2c06b2, socket://127.0.0.1:3873] disconnecting ...
DEBUG [main] (SocketWrapper.java:123) - ClientSocketWrapper[Socket[addr=/127.0.0.1,port=3873,localport=10289].1d4ee7e] closing
DEBUG [main] (JDBCTransaction.java:54) - begin
DEBUG [main] (ConnectionManager.java:421) - opening JDBC connection
DEBUG [main] (JDBCTransaction.java:59) - current autocommit status: true
DEBUG [main] (JDBCTransaction.java:62) - disabling autocommit
DEBUG [main] (AbstractBatcher.java:366) - about to open PreparedStatement (open PreparedStatements: 0, globally: 0)
DEBUG [main] (AbstractBatcher.java:401) - delete from competition
Hibernate: delete from competition
DEBUG [Finalizer] (MicroSocketClientInvoker.java:294) - SocketClientInvoker[2c06b2, socket://127.0.0.1:3873] disconnecting ...
DEBUG [Finalizer] (MicroSocketClientInvoker.java:294) - SocketClientInvoker[2c06b2, socket://127.0.0.1:3873] disconnecting ...
DEBUG [main] (AbstractBatcher.java:374) - about to close PreparedStatement (open PreparedStatements: 1, globally: 1)
DEBUG [main] (AbstractBatcher.java:366) - about to open PreparedStatement (open PreparedStatements: 0, globally: 0)
DEBUG [main] (AbstractBatcher.java:401) - delete from tc_direct_project
Hibernate: delete from tc_direct_project
DEBUG [main] (AbstractBatcher.java:374) - about to close PreparedStatement (open PreparedStatements: 1, globally: 1)
DEBUG [main] (AbstractBatcher.java:366) - about to open PreparedStatement (open PreparedStatements: 0, globally: 0)
DEBUG [main] (AbstractBatcher.java:401) - delete from security_user where user_id in ('foo', 'foo1', 'foo2', 'foo3', 'foo4', 'foo5', 'foo6')
Hibernate: delete from security_user where user_id in ('foo', 'foo1', 'foo2', 'foo3', 'foo4', 'foo5', 'foo6')
DEBUG [main] (AbstractBatcher.java:374) - about to close PreparedStatement (open PreparedStatements: 1, globally: 1)
DEBUG [main] (AbstractBatcher.java:366) - about to open PreparedStatement (open PreparedStatements: 0, globally: 0)
DEBUG [main] (AbstractBatcher.java:401) - delete from address
Hibernate: delete from address
DEBUG [main] (AbstractBatcher.java:374) - about to close PreparedStatement (open PreparedStatements: 1, globally: 1)
DEBUG [main] (AbstractBatcher.java:366) - about to open PreparedStatement (open PreparedStatements: 0, globally: 0)
DEBUG [main] (AbstractBatcher.java:401) - delete from email
Hibernate: delete from email
DEBUG [main] (AbstractBatcher.java:374) - about to close PreparedStatement (open PreparedStatements: 1, globally: 1)
DEBUG [main] (AbstractBatcher.java:366) - about to open PreparedStatement (open PreparedStatements: 0, globally: 0)
DEBUG [main] (AbstractBatcher.java:401) - delete from phone
Hibernate: delete from phone
DEBUG [main] (AbstractBatcher.java:374) - about to close PreparedStatement (open PreparedStatements: 1, globally: 1)
DEBUG [main] (AbstractBatcher.java:366) - about to open PreparedStatement (open PreparedStatements: 0, globally: 0)
DEBUG [main] (AbstractBatcher.java:401) - delete from user_group_xref where login_id in (999900, 999901, 999902, 999903, 999904, 999905, 999906)
Hibernate: delete from user_group_xref where login_id in (999900, 999901, 999902, 999903, 999904, 999905, 999906)
DEBUG [main] (AbstractBatcher.java:374) - about to close PreparedStatement (open PreparedStatements: 1, globally: 1)
DEBUG [main] (AbstractBatcher.java:366) - about to open PreparedStatement (open PreparedStatements: 0, globally: 0)
DEBUG [main] (AbstractBatcher.java:401) - delete from user
Hibernate: delete from user
DEBUG [main] (AbstractBatcher.java:374) - about to close PreparedStatement (open PreparedStatements: 1, globally: 1)
DEBUG [main] (AbstractBatcher.java:366) - about to open PreparedStatement (open PreparedStatements: 0, globally: 0)
DEBUG [main] (AbstractBatcher.java:401) - delete from security_groups where group_id in (888801, 888802, 888803)
Hibernate: delete from security_groups where group_id in (888801, 888802, 888803)
DEBUG [main] (AbstractBatcher.java:374) - about to close PreparedStatement (open PreparedStatements: 1, globally: 1)
DEBUG [main] (AbstractBatcher.java:366) - about to open PreparedStatement (open PreparedStatements: 0, globally: 0)
DEBUG [main] (AbstractBatcher.java:401) - delete from user_terms_of_use_xref where terms_of_use_id = 666601
Hibernate: delete from user_terms_of_use_xref where terms_of_use_id = 666601
DEBUG [main] (AbstractBatcher.java:374) - about to close PreparedStatement (open PreparedStatements: 1, globally: 1)
DEBUG [main] (AbstractBatcher.java:366) - about to open PreparedStatement (open PreparedStatements: 0, globally: 0)
DEBUG [main] (AbstractBatcher.java:401) - delete from terms_of_use where terms_of_use_id = 666601
Hibernate: delete from terms_of_use where terms_of_use_id = 666601
DEBUG [main] (AbstractBatcher.java:374) - about to close PreparedStatement (open PreparedStatements: 1, globally: 1)
DEBUG [main] (AbstractBatcher.java:366) - about to open PreparedStatement (open PreparedStatements: 0, globally: 0)
DEBUG [main] (AbstractBatcher.java:401) - delete from terms_of_use_type where terms_of_use_type_id = 77701
Hibernate: delete from terms_of_use_type where terms_of_use_type_id = 77701
DEBUG [main] (AbstractBatcher.java:374) - about to close PreparedStatement (open PreparedStatements: 1, globally: 1)
DEBUG [main] (JDBCTransaction.java:103) - commit
DEBUG [main] (JDBCTransaction.java:193) - re-enabling autocommit
DEBUG [main] (JDBCTransaction.java:116) - committed JDBC Connection
DEBUG [main] (ConnectionManager.java:404) - aggressively releasing JDBC connection
DEBUG [main] (ConnectionManager.java:441) - releasing JDBC connection [ (open PreparedStatements: 0, globally: 0) (open ResultSets: 0, globally: 0)]
]]></system-out>
  <system-err><![CDATA[]]></system-err>
</testsuite>
