<?xml version="1.0" encoding="UTF-8" ?>
<testsuite errors="0" failures="0" name="com.topcoder.web.tc.distance.AllTests" tests="97" time="0.641">
  <properties>
    <property name="java.vendor" value="Sun Microsystems Inc."></property>
    <property name="package" value="com.topcoder.web.tc.distance"></property>
    <property name="docpackage.jar" value="distance_generator_docs.jar"></property>
    <property name="sun.java.launcher" value="SUN_STANDARD"></property>
    <property name="eclipse.pdebuild.templates" value="/C:/Java/eclipse-3.3/plugins/org.eclipse.pde.build_3.3.2.R331_v20071019/templates/"></property>
    <property name="sun.management.compiler" value="HotSpot Client Compiler"></property>
    <property name="manifest_file_path" value="build/dist/distance_generator-1.0.0/META-INF/"></property>
    <property name="verbose" value="no"></property>
    <property name="os.name" value="Windows XP"></property>
    <property name="sun.boot.class.path" value="C:\Java\jdk1.5.0_14\jre\lib\rt.jar;C:\Java\jdk1.5.0_14\jre\lib\i18n.jar;C:\Java\jdk1.5.0_14\jre\lib\sunrsasign.jar;C:\Java\jdk1.5.0_14\jre\lib\jsse.jar;C:\Java\jdk1.5.0_14\jre\lib\jce.jar;C:\Java\jdk1.5.0_14\jre\lib\charsets.jar;C:\Java\jdk1.5.0_14\jre\classes"></property>
    <property name="docsdir" value="docs"></property>
    <property name="javadoc.jar" value="javadocs.jar"></property>
    <property name="design_submission.jar" value="distance_generator_1.0.0_design_submission.jar"></property>
    <property name="sun.desktop" value="windows"></property>
    <property name="component.tests.jar" value="build/dist/lib/tcs/distance_generator_tests.jar"></property>
    <property name="java.vm.specification.vendor" value="Sun Microsystems Inc."></property>
    <property name="ant.home" value="C:\Java\apache-ant-1.6.5"></property>
    <property name="java.runtime.version" value="1.5.0_14-b03"></property>
    <property name="component_path" value="distance_generator/1.0.0"></property>
    <property name="cobertura.dir" value="F:/topcoder/lib/cobertura/1.8"></property>
    <property name="component.version.micro" value="0"></property>
    <property name="user.name" value="czcx3k"></property>
    <property name="manifest_file" value="build/dist/distance_generator-1.0.0/META-INF//MANIFEST.MF"></property>
    <property name="debug" value="off"></property>
    <property name="reports" value="log/reports"></property>
    <property name="testfiles" value="test_files"></property>
    <property name="component.version.major" value="1"></property>
    <property name="component_version" value="1.0.0"></property>
    <property name="dist_coverage" value="build/dist/distance_generator-1.0.0/docs/coverage"></property>
    <property name="component.packagedir" value="com/topcoder/web/tc/distance"></property>
    <property name="user.language" value="en"></property>
    <property name="cobertura.datafile" value="log/cobertura.ser"></property>
    <property name="javadoc.locale" value="en_US"></property>
    <property name="sun.boot.library.path" value="C:\Java\jdk1.5.0_14\jre\bin"></property>
    <property name="tcs_libdir" value="F:/topcoder/tcs/lib/tcs"></property>
    <property name="srcdir" value="src"></property>
    <property name="ant.project.name" value="TopCoder Java Generic Build"></property>
    <property name="component.bootclasspath" value="${java_1_x_bootclasspath}"></property>
    <property name="component.version.minor" value="0"></property>
    <property name="java.version" value="1.5.0_14"></property>
    <property name="user.timezone" value=""></property>
    <property name="dev_dist.jar" value="distance_generator_1.0.0_dev_dist.jar"></property>
    <property name="sun.arch.data.model" value="32"></property>
    <property name="java.endorsed.dirs" value="C:\Java\jdk1.5.0_14\jre\lib\endorsed"></property>
    <property name="sun.cpu.isalist" value="pentium_pro+mmx pentium_pro pentium+mmx pentium i486 i386 i86"></property>
    <property name="packagedir" value="com/topcoder/web/tc/distance"></property>
    <property name="sun.jnu.encoding" value="Cp1252"></property>
    <property name="file.encoding.pkg" value="sun.io"></property>
    <property name="file.separator" value="\"></property>
    <property name="java.specification.name" value="Java Platform API Specification"></property>
    <property name="build_docsdir" value="build/docs"></property>
    <property name="dev_submission.jar" value="distance_generator_1.0.0_dev_submission.jar"></property>
    <property name="java.class.version" value="49.0"></property>
    <property name="build_testclassdir" value="build/testClasses"></property>
    <property name="user.country" value="US"></property>
    <property name="java.home" value="C:\Java\jdk1.5.0_14\jre"></property>
    <property name="component.distfilename" value="distance_generator"></property>
    <property name="component.version.build" value="0"></property>
    <property name="java.vm.info" value="mixed mode, sharing"></property>
    <property name="ant.file" value="F:\topcoder\DistanceGenerator1_0\build.xml"></property>
    <property name="os.version" value="5.1"></property>
    <property name="build_distdir" value="build/dist"></property>
    <property name="dist_docpackage" value="build/doc_package"></property>
    <property name="build_tcsdistdir" value="build/dist/distance_generator-1.0.0"></property>
    <property name="path.separator" value=";"></property>
    <property name="java.vm.version" value="1.5.0_14-b03"></property>
    <property name="testlogdir" value="log"></property>
    <property name="user.variant" value=""></property>
    <property name="ant.library.dir" value="C:\Java\apache-ant-1.6.5\lib"></property>
    <property name="component.name" value="Distance Generator"></property>
    <property name="javamain" value="src/java/main"></property>
    <property name="dist_javadocs" value="build/dist/distance_generator-1.0.0/docs/javadocs"></property>
    <property name="dist_lib" value="build/dist/lib/tcs"></property>
    <property name="java.awt.printerjob" value="sun.awt.windows.WPrinterJob"></property>
    <property name="sun.io.unicode.encoding" value="UnicodeLittle"></property>
    <property name="component" value="Distance Generator"></property>
    <property name="awt.toolkit" value="sun.awt.windows.WToolkit"></property>
    <property name="eclipse.pdebuild.scripts" value="/C:/Java/eclipse-3.3/plugins/org.eclipse.pde.build_3.3.2.R331_v20071019/scripts/"></property>
    <property name="user.home" value="D:\Documents and Settings\czcx3k"></property>
    <property name="java.specification.vendor" value="Sun Microsystems Inc."></property>
    <property name="java.library.path" value="C:\Java\jdk1.5.0_14\jre\bin;.;C:\WINDOWS\system32;C:\WINDOWS;C:\Program Files\Java\jre1.6.0_04\bin\client;C:\Program Files\Java\jre1.6.0_04\bin;C:\WINDOWS\system32;C:\WINDOWS;C:\WINDOWS\System32\Wbem;C:\Program Files\IBM\Personal Communications\;C:\Program Files\IBM\Trace Facility\;C:\PROGRA~1\CA\Common\SCANEN~1;C:\PROGRA~1\CA\ETRUST~1;C:\Program Files\QuickTime\QTSystem\;C:\Program Files\CVSNT\;C:\Java\jadnt158;C:\Java\apache-ant-1.6.5\bin"></property>
    <property name="java.vendor.url" value="http://java.sun.com/"></property>
    <property name="build_javadocsdir" value="build/docs/javadocs"></property>
    <property name="configdir" value="conf"></property>
    <property name="java.vm.vendor" value="Sun Microsystems Inc."></property>
    <property name="ant.file.TopCoder Java Generic Build" value="F:\topcoder\DistanceGenerator1_0\build.xml"></property>
    <property name="java.runtime.name" value="Java(TM) 2 Runtime Environment, Standard Edition"></property>
    <property name="ant.version" value="Apache Ant version 1.6.5 compiled on June 2 2005"></property>
    <property name="java.class.path" value="F:\topcoder\DistanceGenerator1_0\build\testClasses;F:\topcoder\lib\junit\3.8.2\junit.jar;F:\topcoder\tcs\lib\tcs\base_exception\2.0\base_exception.jar;F:\topcoder\DistanceGenerator1_0\build\classes;F:\topcoder\DistanceGenerator1_0\conf;F:\topcoder\DistanceGenerator1_0\test_files;F:\topcoder\DistanceGenerator1_0;C:\Program Files\Java\jre1.6.0_04\lib\ext\QTJava.zip;C:\Java\apache-ant-1.6.5\lib\junit.jar;C:\Java\apache-ant-1.6.5\lib\ant-launcher.jar;C:\Java\apache-ant-1.6.5\lib\ant.jar;C:\Java\apache-ant-1.6.5\lib\ant-junit.jar"></property>
    <property name="ext_libdir" value="F:/topcoder/lib"></property>
    <property name="java.vm.specification.name" value="Java Virtual Machine Specification"></property>
    <property name="builddir" value="build"></property>
    <property name="java.vm.specification.version" value="1.0"></property>
    <property name="component.dist.jar" value="build/dist/distance_generator-1.0.0.jar"></property>
    <property name="junit.jar" value="F:/topcoder/lib/junit/3.8.2/junit.jar"></property>
    <property name="sun.cpu.endian" value="little"></property>
    <property name="sun.os.patch.level" value="Service Pack 2"></property>
    <property name="eclipse.pdebuild.home" value="/C:/Java/eclipse-3.3/plugins/org.eclipse.pde.build_3.3.2.R331_v20071019/./"></property>
    <property name="component.target" value="1.x"></property>
    <property name="java.io.tmpdir" value="D:\DOCUME~1\czcx3k\LOCALS~1\Temp\"></property>
    <property name="java.vendor.url.bug" value="http://java.sun.com/cgi-bin/bugreport.cgi"></property>
    <property name="build_targetclassdir" value="build/targetclasses"></property>
    <property name="javac.encoding" value="UTF-8"></property>
    <property name="build_classdir" value="build/classes"></property>
    <property name="javatests" value="src/java/tests"></property>
    <property name="javadocsdir" value="docs/javadocs"></property>
    <property name="java.awt.graphicsenv" value="sun.awt.Win32GraphicsEnvironment"></property>
    <property name="instrumented.dir" value="build/instrumented"></property>
    <property name="os.arch" value="x86"></property>
    <property name="test_reflib" value="test_reflib"></property>
    <property name="java.ext.dirs" value="C:\Java\jdk1.5.0_14\jre\lib\ext"></property>
    <property name="user.dir" value="F:\topcoder\DistanceGenerator1_0"></property>
    <property name="design_dist.jar" value="distance_generator_1.0.0_design_dist.jar"></property>
    <property name="libdir" value="../tcs/lib"></property>
    <property name="javasrc" value="src/java"></property>
    <property name="line.separator" value="
"></property>
    <property name="java.vm.name" value="Java HotSpot(TM) Client VM"></property>
    <property name="distfilename" value="distance_generator"></property>
    <property name="java_1_3_bootclasspath" value="c:/progra~1/JavaSoft/JRE/1.3/lib/rt.jar"></property>
    <property name="basedir" value="F:\topcoder\DistanceGenerator1_0"></property>
    <property name="ant.java.version" value="1.5"></property>
    <property name="file.encoding" value="Cp1252"></property>
    <property name="dist_docs" value="build/dist/distance_generator-1.0.0/docs"></property>
    <property name="component.jar" value="build/dist/lib/tcs/distance_generator/1.0.0/distance_generator.jar"></property>
    <property name="java.specification.version" value="1.5"></property>
    <property name="target_libdir" value="F:/topcoder/tcs/lib/tcs"></property>
    <property name="component.package" value="com.topcoder.web.tc.distance"></property>
    <property name="ant.file.Dependency Import" value="F:\topcoder\DistanceGenerator1_0\build-dependencies.xml"></property>
  </properties>
  <testcase classname="com.topcoder.web.tc.distance.DistanceCalculatorExceptionTest" name="testCtor1" time="0.016"></testcase>
  <testcase classname="com.topcoder.web.tc.distance.DistanceCalculatorExceptionTest" name="testCtor1WithEmptyMessage" time="0.0"></testcase>
  <testcase classname="com.topcoder.web.tc.distance.DistanceCalculatorExceptionTest" name="testCtor1WithTrimmedEmptyMessage" time="0.0"></testcase>
  <testcase classname="com.topcoder.web.tc.distance.DistanceCalculatorExceptionTest" name="testCtor1WithNullMessage" time="0.0"></testcase>
  <testcase classname="com.topcoder.web.tc.distance.DistanceCalculatorExceptionTest" name="testCtor1WithNullExceptionData" time="0.0"></testcase>
  <testcase classname="com.topcoder.web.tc.distance.DistanceCalculatorExceptionTest" name="testCtor2" time="0.0"></testcase>
  <testcase classname="com.topcoder.web.tc.distance.DistanceCalculatorExceptionTest" name="testCtor2WithEmptyMessage" time="0.0"></testcase>
  <testcase classname="com.topcoder.web.tc.distance.DistanceCalculatorExceptionTest" name="testCtor2WithTrimmedEmptyMessage" time="0.016"></testcase>
  <testcase classname="com.topcoder.web.tc.distance.DistanceCalculatorExceptionTest" name="testCtor2WithNullMessage" time="0.0"></testcase>
  <testcase classname="com.topcoder.web.tc.distance.DistanceCalculatorExceptionTest" name="testCtor2WithNullCause" time="0.0"></testcase>
  <testcase classname="com.topcoder.web.tc.distance.DistanceCalculatorExceptionTest" name="testCtor2WithNullExceptionData" time="0.0"></testcase>
  <testcase classname="com.topcoder.web.tc.distance.DistanceGeneratorExceptionTest" name="testCtor1" time="0.0"></testcase>
  <testcase classname="com.topcoder.web.tc.distance.DistanceGeneratorExceptionTest" name="testCtor1WithEmptyMessage" time="0.0"></testcase>
  <testcase classname="com.topcoder.web.tc.distance.DistanceGeneratorExceptionTest" name="testCtor1WithTrimmedEmptyMessage" time="0.0"></testcase>
  <testcase classname="com.topcoder.web.tc.distance.DistanceGeneratorExceptionTest" name="testCtor1WithNullMessage" time="0.0"></testcase>
  <testcase classname="com.topcoder.web.tc.distance.DistanceGeneratorExceptionTest" name="testCtor1WithNullExceptionData" time="0.0"></testcase>
  <testcase classname="com.topcoder.web.tc.distance.DistanceGeneratorExceptionTest" name="testCtor2" time="0.0"></testcase>
  <testcase classname="com.topcoder.web.tc.distance.DistanceGeneratorExceptionTest" name="testCtor2WithEmptyMessage" time="0.0"></testcase>
  <testcase classname="com.topcoder.web.tc.distance.DistanceGeneratorExceptionTest" name="testCtor2WithTrimmedEmptyMessage" time="0.0"></testcase>
  <testcase classname="com.topcoder.web.tc.distance.DistanceGeneratorExceptionTest" name="testCtor2WithNullMessage" time="0.0"></testcase>
  <testcase classname="com.topcoder.web.tc.distance.DistanceGeneratorExceptionTest" name="testCtor2WithNullCause" time="0.0"></testcase>
  <testcase classname="com.topcoder.web.tc.distance.DistanceGeneratorExceptionTest" name="testCtor2WithNullExceptionData" time="0.0"></testcase>
  <testcase classname="com.topcoder.web.tc.distance.DistanceWeightingExceptionTest" name="testCtor1" time="0.0"></testcase>
  <testcase classname="com.topcoder.web.tc.distance.DistanceWeightingExceptionTest" name="testCtor1WithEmptyMessage" time="0.0"></testcase>
  <testcase classname="com.topcoder.web.tc.distance.DistanceWeightingExceptionTest" name="testCtor1WithTrimmedEmptyMessage" time="0.0"></testcase>
  <testcase classname="com.topcoder.web.tc.distance.DistanceWeightingExceptionTest" name="testCtor1WithNullMessage" time="0.0"></testcase>
  <testcase classname="com.topcoder.web.tc.distance.DistanceWeightingExceptionTest" name="testCtor1WithNullExceptionData" time="0.0"></testcase>
  <testcase classname="com.topcoder.web.tc.distance.DistanceWeightingExceptionTest" name="testCtor2" time="0.0"></testcase>
  <testcase classname="com.topcoder.web.tc.distance.DistanceWeightingExceptionTest" name="testCtor2WithEmptyMessage" time="0.0"></testcase>
  <testcase classname="com.topcoder.web.tc.distance.DistanceWeightingExceptionTest" name="testCtor2WithTrimmedEmptyMessage" time="0.0"></testcase>
  <testcase classname="com.topcoder.web.tc.distance.DistanceWeightingExceptionTest" name="testCtor2WithNullMessage" time="0.0"></testcase>
  <testcase classname="com.topcoder.web.tc.distance.DistanceWeightingExceptionTest" name="testCtor2WithNullCause" time="0.0"></testcase>
  <testcase classname="com.topcoder.web.tc.distance.DistanceWeightingExceptionTest" name="testCtor2WithNullExceptionData" time="0.0"></testcase>
  <testcase classname="com.topcoder.web.tc.distance.calculators.RatingDistanceCalculatorTest" name="testCtor" time="0.015"></testcase>
  <testcase classname="com.topcoder.web.tc.distance.calculators.RatingDistanceCalculatorTest" name="testGetDistanceType" time="0.0"></testcase>
  <testcase classname="com.topcoder.web.tc.distance.calculators.RatingDistanceCalculatorTest" name="testGetDistance_NullCoder" time="0.016"></testcase>
  <testcase classname="com.topcoder.web.tc.distance.calculators.RatingDistanceCalculatorTest" name="testGetDistance_NullMembers" time="0.015"></testcase>
  <testcase classname="com.topcoder.web.tc.distance.calculators.RatingDistanceCalculatorTest" name="testGetDistance_NullCompTypes" time="0.0"></testcase>
  <testcase classname="com.topcoder.web.tc.distance.calculators.RatingDistanceCalculatorTest" name="testGetDistance_EmptyMembers" time="0.0"></testcase>
  <testcase classname="com.topcoder.web.tc.distance.calculators.RatingDistanceCalculatorTest" name="testGetDistance_NullMembersElements" time="0.0"></testcase>
  <testcase classname="com.topcoder.web.tc.distance.calculators.RatingDistanceCalculatorTest" name="testGetDistance_EmptyCompTypes" time="0.0"></testcase>
  <testcase classname="com.topcoder.web.tc.distance.calculators.RatingDistanceCalculatorTest" name="testGetDistance_CoderRated_MembersUnrated" time="0.0"></testcase>
  <testcase classname="com.topcoder.web.tc.distance.calculators.RatingDistanceCalculatorTest" name="testGetDistance_CoderUnrated_MembersUnrated" time="0.0"></testcase>
  <testcase classname="com.topcoder.web.tc.distance.calculators.RatingDistanceCalculatorTest" name="testGetDistance_AllRated" time="0.0"></testcase>
  <testcase classname="com.topcoder.web.tc.distance.calculators.RatingDistanceCalculatorTest" name="testGetDistance_SameRatings" time="0.0"></testcase>
  <testcase classname="com.topcoder.web.tc.distance.calculators.RatingDistanceCalculatorTest" name="testGetDistance_AllUnrated" time="0.0"></testcase>
  <testcase classname="com.topcoder.web.tc.distance.calculators.MatchOverlapDistanceCalculatorTest" name="testCtor" time="0.0"></testcase>
  <testcase classname="com.topcoder.web.tc.distance.calculators.MatchOverlapDistanceCalculatorTest" name="testGetDistanceType" time="0.0"></testcase>
  <testcase classname="com.topcoder.web.tc.distance.calculators.MatchOverlapDistanceCalculatorTest" name="testGetDistance_NullCoder" time="0.0"></testcase>
  <testcase classname="com.topcoder.web.tc.distance.calculators.MatchOverlapDistanceCalculatorTest" name="testGetDistance_NullMembers" time="0.0"></testcase>
  <testcase classname="com.topcoder.web.tc.distance.calculators.MatchOverlapDistanceCalculatorTest" name="testGetDistance_NullCompTypes" time="0.0"></testcase>
  <testcase classname="com.topcoder.web.tc.distance.calculators.MatchOverlapDistanceCalculatorTest" name="testGetDistance_EmptyMembers" time="0.0"></testcase>
  <testcase classname="com.topcoder.web.tc.distance.calculators.MatchOverlapDistanceCalculatorTest" name="testGetDistance_NullMembersElements" time="0.0"></testcase>
  <testcase classname="com.topcoder.web.tc.distance.calculators.MatchOverlapDistanceCalculatorTest" name="testGetDistance_CoderOverlap_MembersNoOverlap" time="0.0"></testcase>
  <testcase classname="com.topcoder.web.tc.distance.calculators.MatchOverlapDistanceCalculatorTest" name="testGetDistance_CoderNoOverlap_MembersOverlap" time="0.0"></testcase>
  <testcase classname="com.topcoder.web.tc.distance.calculators.MatchOverlapDistanceCalculatorTest" name="testGetDistance_AllOverlaps" time="0.0"></testcase>
  <testcase classname="com.topcoder.web.tc.distance.calculators.GeographicalDistanceCalculatorTest" name="testCtor" time="0.016"></testcase>
  <testcase classname="com.topcoder.web.tc.distance.calculators.GeographicalDistanceCalculatorTest" name="testGetDistanceType" time="0.0"></testcase>
  <testcase classname="com.topcoder.web.tc.distance.calculators.GeographicalDistanceCalculatorTest" name="testGetDistance_NullCoder" time="0.0"></testcase>
  <testcase classname="com.topcoder.web.tc.distance.calculators.GeographicalDistanceCalculatorTest" name="testGetDistance_NullMembers" time="0.0"></testcase>
  <testcase classname="com.topcoder.web.tc.distance.calculators.GeographicalDistanceCalculatorTest" name="testGetDistance_NullCompTypes" time="0.0"></testcase>
  <testcase classname="com.topcoder.web.tc.distance.calculators.GeographicalDistanceCalculatorTest" name="testGetDistance_EmptyMembers" time="0.0"></testcase>
  <testcase classname="com.topcoder.web.tc.distance.calculators.GeographicalDistanceCalculatorTest" name="testGetDistance_NullMembersElements" time="0.0"></testcase>
  <testcase classname="com.topcoder.web.tc.distance.calculators.GeographicalDistanceCalculatorTest" name="testGetDistance_CoderGeo_MembersNoGeo" time="0.0"></testcase>
  <testcase classname="com.topcoder.web.tc.distance.calculators.GeographicalDistanceCalculatorTest" name="testGetDistance_CoderNoGeo_MembersGeo" time="0.0"></testcase>
  <testcase classname="com.topcoder.web.tc.distance.calculators.GeographicalDistanceCalculatorTest" name="testGetDistance_AllGeo" time="0.0"></testcase>
  <testcase classname="com.topcoder.web.tc.distance.calculators.GeographicalDistanceCalculatorTest" name="testGetDistance_AllZeroGeo" time="0.0"></testcase>
  <testcase classname="com.topcoder.web.tc.distance.weighting.WeightedAverageWeightingTest" name="testCtor" time="0.0"></testcase>
  <testcase classname="com.topcoder.web.tc.distance.weighting.WeightedAverageWeightingTest" name="testCtor_NullWeights" time="0.0"></testcase>
  <testcase classname="com.topcoder.web.tc.distance.weighting.WeightedAverageWeightingTest" name="testCtor_NullKeys" time="0.0"></testcase>
  <testcase classname="com.topcoder.web.tc.distance.weighting.WeightedAverageWeightingTest" name="testCtor_NullValues" time="0.0"></testcase>
  <testcase classname="com.topcoder.web.tc.distance.weighting.WeightedAverageWeightingTest" name="testCtor_NegativeValue" time="0.0"></testcase>
  <testcase classname="com.topcoder.web.tc.distance.weighting.WeightedAverageWeightingTest" name="testCtor_LargeValue" time="0.0"></testcase>
  <testcase classname="com.topcoder.web.tc.distance.weighting.WeightedAverageWeightingTest" name="testCtor_LargeValuesSum" time="0.0"></testcase>
  <testcase classname="com.topcoder.web.tc.distance.weighting.WeightedAverageWeightingTest" name="testWeightDistance_NullArgument" time="0.0"></testcase>
  <testcase classname="com.topcoder.web.tc.distance.weighting.WeightedAverageWeightingTest" name="testWeightDistance_NullKeys" time="0.0"></testcase>
  <testcase classname="com.topcoder.web.tc.distance.weighting.WeightedAverageWeightingTest" name="testWeightDistance_NullValues" time="0.0"></testcase>
  <testcase classname="com.topcoder.web.tc.distance.weighting.WeightedAverageWeightingTest" name="testWeightDistance_EmptyMap" time="0.0"></testcase>
  <testcase classname="com.topcoder.web.tc.distance.weighting.WeightedAverageWeightingTest" name="testWeightDistance_SingleDistance" time="0.0"></testcase>
  <testcase classname="com.topcoder.web.tc.distance.weighting.WeightedAverageWeightingTest" name="testWeightDistance" time="0.0"></testcase>
  <testcase classname="com.topcoder.web.tc.distance.weighting.EqualWeightingTest" name="testCtor" time="0.016"></testcase>
  <testcase classname="com.topcoder.web.tc.distance.weighting.EqualWeightingTest" name="testWeightDistance" time="0.0"></testcase>
  <testcase classname="com.topcoder.web.tc.distance.DefaultDistanceGeneratorTest" name="testCtor" time="0.0"></testcase>
  <testcase classname="com.topcoder.web.tc.distance.DefaultDistanceGeneratorTest" name="testCtor_NullMemberDataAccess" time="0.0"></testcase>
  <testcase classname="com.topcoder.web.tc.distance.DefaultDistanceGeneratorTest" name="testCtor_NullDistanceWeighting" time="0.0"></testcase>
  <testcase classname="com.topcoder.web.tc.distance.DefaultDistanceGeneratorTest" name="testCtor_NullDistanceCalculators" time="0.0"></testcase>
  <testcase classname="com.topcoder.web.tc.distance.DefaultDistanceGeneratorTest" name="testCtor_EmptyDistanceCalculators" time="0.0"></testcase>
  <testcase classname="com.topcoder.web.tc.distance.DefaultDistanceGeneratorTest" name="testCtor_NullDistanceCalculatorsElement" time="0.0"></testcase>
  <testcase classname="com.topcoder.web.tc.distance.DefaultDistanceGeneratorTest" name="testWriteResult" time="0.093"></testcase>
  <testcase classname="com.topcoder.web.tc.distance.DefaultDistanceGeneratorTest" name="testWriteResult_NullFromMember" time="0.0"></testcase>
  <testcase classname="com.topcoder.web.tc.distance.DefaultDistanceGeneratorTest" name="testWriteResult_NullMembers" time="0.0"></testcase>
  <testcase classname="com.topcoder.web.tc.distance.DefaultDistanceGeneratorTest" name="testWriteResult_NullMemberResults" time="0.0"></testcase>
  <testcase classname="com.topcoder.web.tc.distance.DefaultDistanceGeneratorTest" name="testGenerateDistance_InvalidCoderId" time="0.0"></testcase>
  <testcase classname="com.topcoder.web.tc.distance.DefaultDistanceGeneratorTest" name="testGenerateDistance_NullDistanceTypes" time="0.0"></testcase>
  <testcase classname="com.topcoder.web.tc.distance.DefaultDistanceGeneratorTest" name="testGenerateDistance_NullCompTypes" time="0.0"></testcase>
  <testcase classname="com.topcoder.web.tc.distance.DefaultDistanceGeneratorTest" name="testGenerateDistance" time="0.25"></testcase>
  <testcase classname="com.topcoder.web.tc.distance.Demo" name="testDemo" time="0.141"></testcase>
  <system-out><![CDATA[<?xml version="1.0" encoding="UTF-8"?><Distance xmlns="http://www.topcoder.com/Distance"><map><coder><coder_id>144400</coder_id><handle>tomek</handle><rating>3276</rating><image/><overlap>0</overlap><country>Poland</country><distance>0.0</distance></coder><coder><coder_id>8398526</coder_id><handle>Tomy</handle><rating>2252</rating><image>Tomy_big.jpg</image><overlap>33</overlap><country>Spain</country><distance>0.3125763125763126</distance></coder><coder><coder_id>7576932</coder_id><handle>Sputnik</handle><rating>1872</rating><image>Sputnik_big2.jpg</image><overlap>49</overlap><country>India</country><distance>0.42857142857142855</distance></coder><coder><coder_id>10190739</coder_id><handle>Vovik</handle><rating>1974</rating><image>Vovik_big.jpg</image><overlap>19</overlap><country>Ukraine</country><distance>0.3974358974358974</distance></coder><coder><coder_id>8382018</coder_id><handle>slex</handle><rating>1900</rating><image>slex_big.jpg</image><overlap>46</overlap><country>Poland</country><distance>0.42002442002442003</distance></coder><coder><coder_id>15543048</coder_id><handle>kubus</handle><rating>2230</rating><image>kubus_big.jpg</image><overlap>22</overlap><country>Slovakia</country><distance>0.31929181929181927</distance></coder><coder><coder_id>21174076</coder_id><handle>fafnir</handle><rating>1582</rating><image>null</image><overlap>9</overlap><country>China</country><distance>0.5170940170940171</distance></coder><coder><coder_id>20227649</coder_id><handle>bann-andrej</handle><rating>1936</rating><image>null</image><overlap>8</overlap><country>Russian Federation</country><distance>0.409035409035409</distance></coder><coder><coder_id>21758586</coder_id><handle>tteesstt</handle><rating>1967</rating><image>null</image><overlap>6</overlap><country>China</country><distance>0.3995726495726496</distance></coder><coder><coder_id>7462740</coder_id><handle>ploh</handle><rating>2814</rating><image>ploh_big.jpg</image><overlap>78</overlap><country>United States</country><distance>0.14102564102564102</distance></coder><coder><coder_id>8357090</coder_id><handle>misof</handle><rating>2816</rating><image>misof_big.jpg</image><overlap>40</overlap><country>Slovakia</country><distance>0.14041514041514042</distance></coder><coder><coder_id>9927526</coder_id><handle>Vedensky</handle><rating>2625</rating><image>Vedensky_big2.jpg</image><overlap>47</overlap><country>Ukraine</country><distance>0.1987179487179487</distance></coder><coder><coder_id>8527113</coder_id><handle>Krzysan</handle><rating>2523</rating><image>Krzysan_big.jpg</image><overlap>56</overlap><country>Poland</country><distance>0.22985347985347984</distance></coder><coder><coder_id>262056</coder_id><handle>mathijs</handle><rating>2660</rating><image>mathijs_big.jpg</image><overlap>40</overlap><country>Netherlands</country><distance>0.18803418803418803</distance></coder><coder><coder_id>11780323</coder_id><handle>stubbscroll</handle><rating>2294</rating><image>stubbscroll_big.jpg</image><overlap>50</overlap><country>Norway</country><distance>0.29975579975579975</distance></coder><coder><coder_id>262096</coder_id><handle>Mg9H</handle><rating>1912</rating><image>Mg9H_big.jpg</image><overlap>31</overlap><country>Viet Nam</country><distance>0.4163614163614164</distance></coder><coder><coder_id>20763521</coder_id><handle>NauCoder</handle><rating>2235</rating><image>null</image><overlap>20</overlap><country>Russian Federation</country><distance>0.31776556776556775</distance></coder><coder><coder_id>9987185</coder_id><handle>doudouille</handle><rating>1944</rating><image>doudouille_big.jpg</image><overlap>10</overlap><country>France</country><distance>0.4065934065934066</distance></coder><coder><coder_id>22628392</coder_id><handle>abikbaev</handle><rating>2478</rating><image>null</image><overlap>15</overlap><country>Russian Federation</country><distance>0.24358974358974358</distance></coder><coder><coder_id>22653720</coder_id><handle>ainu7</handle><rating>2547</rating><image>ainu7_big.jpg</image><overlap>12</overlap><country>South Korea</country><distance>0.22252747252747251</distance></coder><coder><coder_id>22659422</coder_id><handle>levlam</handle><rating>2232</rating><image>levlam_big.jpg</image><overlap>8</overlap><country>Belarus</country><distance>0.31868131868131866</distance></coder><coder><coder_id>22657314</coder_id><handle>AlexanderL</handle><rating>1801</rating><image>null</image><overlap>8</overlap><country>Ukraine</country><distance>0.45024420024420025</distance></coder><coder><coder_id>7394165</coder_id><handle>PaulJefferys</handle><rating>2792</rating><image>PaulJefferys_big.jpg</image><overlap>33</overlap><country>United Kingdom</country><distance>0.14774114774114774</distance></coder><coder><coder_id>7269339</coder_id><handle>igorsk</handle><rating>2061</rating><image>igorsk_big.jpg</image><overlap>49</overlap><country>Canada</country><distance>0.3708791208791209</distance></coder><coder><coder_id>309453</coder_id><handle>Jan_Kuipers</handle><rating>2993</rating><image>Jan_Kuipers_big2.jpg</image><overlap>62</overlap><country>Netherlands</country><distance>0.08638583638583638</distance></coder><coder><coder_id>251074</coder_id><handle>bmerry</handle><rating>3100</rating><image>bmerry_big2.jpg</image><overlap>25</overlap><country>South Africa</country><distance>0.05372405372405373</distance></coder><coder><coder_id>156592</coder_id><handle>benetin</handle><rating>2417</rating><image>benetin_big.jpg</image><overlap>61</overlap><country>China</country><distance>0.2622100122100122</distance></coder><coder><coder_id>269788</coder_id><handle>Maris</handle><rating>2237</rating><image>Maris_big.jpg</image><overlap>53</overlap><country>Sweden</country><distance>0.31715506715506714</distance></coder><coder><coder_id>11889878</coder_id><handle>olo</handle><rating>2209</rating><image>olo_big.jpg</image><overlap>19</overlap><country>Poland</country><distance>0.3257020757020757</distance></coder><coder><coder_id>9928945</coder_id><handle>Vigothebest</handle><rating>1930</rating><image>Vigothebest_big.jpg</image><overlap>29</overlap><country>Belarus</country><distance>0.41086691086691085</distance></coder><coder><coder_id>7446789</coder_id><handle>JongMan</handle><rating>2930</rating><image>JongMan_big2.jpg</image><overlap>34</overlap><country>South Korea</country><distance>0.10561660561660562</distance></coder><coder><coder_id>10637102</coder_id><handle>trulo_17</handle><rating>1585</rating><image>trulo_17_big.jpg</image><overlap>29</overlap><country>Peru</country><distance>0.5161782661782662</distance></coder><coder><coder_id>7582089</coder_id><handle>SeineRiver</handle><rating>1385</rating><image>SeineRiver_big.jpg</image><overlap>18</overlap><country>Viet Nam</country><distance>0.5772283272283272</distance></coder><coder><coder_id>15657561</coder_id><handle>shell</handle><rating>2141</rating><image>shell_big.jpg</image><overlap>15</overlap><country>China</country><distance>0.34645909645909645</distance></coder><coder><coder_id>15868491</coder_id><handle>Burunduk1</handle><rating>2525</rating><image>Burunduk1_big.jpg</image><overlap>15</overlap><country>Russian Federation</country><distance>0.22924297924297923</distance></coder><coder><coder_id>22248856</coder_id><handle>A.I.R.</handle><rating>2113</rating><image>ADOTIDOTRDOT_big.jpg</image><overlap>9</overlap><country>Russian Federation</country><distance>0.355006105006105</distance></coder><coder><coder_id>22654594</coder_id><handle>unnonouno</handle><rating>1862</rating><image>null</image><overlap>8</overlap><country>Japan</country><distance>0.43162393162393164</distance></coder><coder><coder_id>22664457</coder_id><handle>lucasr</handle><rating>2016</rating><image>null</image><overlap>9</overlap><country>Argentina</country><distance>0.38461538461538464</distance></coder><coder><coder_id>15206296</coder_id><handle>OpenGL</handle><rating>2859</rating><image>OpenGL_big2.jpg</image><overlap>21</overlap><country>China</country><distance>0.12728937728937728</distance></coder><coder><coder_id>22655273</coder_id><handle>Rainer</handle><rating>1967</rating><image>null</image><overlap>7</overlap><country>China</country><distance>0.3995726495726496</distance></coder><coder><coder_id>7502813</coder_id><handle>monsoon</handle><rating>2517</rating><image>monsoon_big.jpg</image><overlap>68</overlap><country>Poland</country><distance>0.2316849816849817</distance></coder><coder><coder_id>304031</coder_id><handle>Ruberik</handle><rating>2481</rating><image>Ruberik_big.jpg</image><overlap>54</overlap><country>Canada</country><distance>0.24267399267399267</distance></coder><coder><coder_id>264869</coder_id><handle>ante</handle><rating>2540</rating><image>ante_big.jpg</image><overlap>35</overlap><country>Croatia</country><distance>0.22466422466422467</distance></coder><coder><coder_id>7340263</coder_id><handle>gevak</handle><rating>2579</rating><image>gevak_big2.jpg</image><overlap>30</overlap><country>Russian Federation</country><distance>0.21275946275946275</distance></coder><coder><coder_id>15094447</coder_id><handle>halyavin</handle><rating>2848</rating><image>halyavin_big.jpg</image><overlap>12</overlap><country>Russian Federation</country><distance>0.13064713064713065</distance></coder><coder><coder_id>7546048</coder_id><handle>lucab</handle><rating>2577</rating><image>lucab_big.jpg</image><overlap>12</overlap><country>Italy</country><distance>0.21336996336996336</distance></coder><coder><coder_id>15166995</coder_id><handle>stone</handle><rating>1832</rating><image>null</image><overlap>19</overlap><country>China</country><distance>0.44078144078144077</distance></coder><coder><coder_id>7390467</coder_id><handle>lovro</handle><rating>2542</rating><image>lovro_big3.jpg</image><overlap>44</overlap><country>Croatia</country><distance>0.22405372405372406</distance></coder><coder><coder_id>9906197</coder_id><handle>krijgertje</handle><rating>2934</rating><image>krijgertje_big.jpg</image><overlap>63</overlap><country>Netherlands</country><distance>0.1043956043956044</distance></coder><coder><coder_id>293874</coder_id><handle>nicka81</handle><rating>2531</rating><image>nicka81_big3.jpg</image><overlap>74</overlap><country>Russian Federation</country><distance>0.2274114774114774</distance></coder><coder><coder_id>269554</coder_id><handle>Yarin</handle><rating>2574</rating><image>Yarin_big.jpg</image><overlap>37</overlap><country>Sweden</country><distance>0.21428571428571427</distance></coder><coder><coder_id>15179224</coder_id><handle>humblefool</handle><rating>2030</rating><image>null</image><overlap>32</overlap><country>India</country><distance>0.3803418803418803</distance></coder><coder><coder_id>15635590</coder_id><handle>Nickolas</handle><rating>1575</rating><image>Nickolas_big.jpg</image><overlap>20</overlap><country>Ukraine</country><distance>0.5192307692307693</distance></coder><coder><coder_id>15600311</coder_id><handle>WSX</handle><rating>2330</rating><image>WSX_big.jpg</image><overlap>29</overlap><country>Slovakia</country><distance>0.28876678876678874</distance></coder><coder><coder_id>21239671</coder_id><handle>ihi</handle><rating>2384</rating><image>ihi_big.jpg</image><overlap>12</overlap><country>Japan</country><distance>0.27228327228327226</distance></coder><coder><coder_id>22641704</coder_id><handle>K.O.T.</handle><rating>2290</rating><image>null</image><overlap>8</overlap><country>Russian Federation</country><distance>0.30097680097680096</distance></coder><coder><coder_id>22641345</coder_id><handle>falagar</handle><rating>2469</rating><image>falagar_big.jpg</image><overlap>8</overlap><country>Russian Federation</country><distance>0.24633699633699635</distance></coder><coder><coder_id>22649374</coder_id><handle>Nerevar</handle><rating>2027</rating><image>null</image><overlap>10</overlap><country>Russian Federation</country><distance>0.38125763125763124</distance></coder><coder><coder_id>20034421</coder_id><handle>ymatsu</handle><rating>2035</rating><image>null</image><overlap>3</overlap><country>Japan</country><distance>0.3788156288156288</distance></coder><coder><coder_id>7452866</coder_id><handle>Im2Good</handle><rating>2159</rating><image>Im2Good_big.jpg</image><overlap>61</overlap><country>Norway</country><distance>0.340964590964591</distance></coder><coder><coder_id>311170</coder_id><handle>bladerunner</handle><rating>2783</rating><image>bladerunner_big2.jpg</image><overlap>59</overlap><country>Ukraine</country><distance>0.15048840048840048</distance></coder><coder><coder_id>272072</coder_id><handle>SnapDragon</handle><rating>3048</rating><image>SnapDragon_big.jpg</image><overlap>56</overlap><country>Canada</country><distance>0.0695970695970696</distance></coder><coder><coder_id>8511003</coder_id><handle>Swetko</handle><rating>1928</rating><image>null</image><overlap>52</overlap><country>Bulgaria</country><distance>0.41147741147741146</distance></coder><coder><coder_id>7433858</coder_id><handle>liympanda</handle><rating>2806</rating><image>liympanda_big.jpg</image><overlap>55</overlap><country>China</country><distance>0.14346764346764346</distance></coder><coder><coder_id>289309</coder_id><handle>qixin99</handle><rating>2149</rating><image>qixin99_big.jpg</image><overlap>30</overlap><country>China</country><distance>0.344017094017094</distance></coder><coder><coder_id>10653501</coder_id><handle>vrandik</handle><rating>1402</rating><image>null</image><overlap>8</overlap><country>Russian Federation</country><distance>0.572039072039072</distance></coder><coder><coder_id>15511417</coder_id><handle>ltdtl</handle><rating>1409</rating><image>ltdtl_big.jpg</image><overlap>7</overlap><country>South Korea</country><distance>0.5699023199023199</distance></coder><coder><coder_id>10509376</coder_id><handle>Triple_M</handle><rating>2397</rating><image>null</image><overlap>8</overlap><country>New Zealand</country><distance>0.2683150183150183</distance></coder><coder><coder_id>7442498</coder_id><handle>marek.cygan</handle><rating>2897</rating><image>marekdotcygan_big.jpg</image><overlap>64</overlap><country>Poland</country><distance>0.1156898656898657</distance></coder><coder><coder_id>9958600</coder_id><handle>Zis</handle><rating>2449</rating><image>Zis_big.jpg</image><overlap>34</overlap><country>Belarus</country><distance>0.25244200244200243</distance></coder><coder><coder_id>7485898</coder_id><handle>Andrew_Lazarev</handle><rating>2758</rating><image>Andrew_Lazarev_big.jpg</image><overlap>41</overlap><country>Russian Federation</country><distance>0.1581196581196581</distance></coder><coder><coder_id>7311097</coder_id><handle>m00tz</handle><rating>2411</rating><image>m00tz_big.jpg</image><overlap>37</overlap><country>Norway</country><distance>0.26404151404151405</distance></coder><coder><coder_id>7400531</coder_id><handle>mafattah</handle><rating>2215</rating><image>mafattah_big2.jpg</image><overlap>47</overlap><country>Egypt</country><distance>0.3238705738705739</distance></coder><coder><coder_id>15803924</coder_id><handle>.Invader</handle><rating>2502</rating><image>DOTInvader_big.jpg</image><overlap>24</overlap><country>Russian Federation</country><distance>0.23626373626373626</distance></coder><coder><coder_id>21971539</coder_id><handle>darnley</handle><rating>2798</rating><image>darnley_big2.jpg</image><overlap>10</overlap><country>Russian Federation</country><distance>0.14590964590964592</distance></coder><coder><coder_id>21472464</coder_id><handle>hmich</handle><rating>2220</rating><image>null</image><overlap>7</overlap><country>Russian Federation</country><distance>0.32234432234432236</distance></coder><coder><coder_id>270505</coder_id><handle>John Dethridge</handle><rating>2891</rating><image>John_Dethridge_big.jpg</image><overlap>49</overlap><country>Australia</country><distance>0.11752136752136752</distance></coder><coder><coder_id>10428762</coder_id><handle>HiltonLange</handle><rating>2554</rating><image>HiltonLange_big.jpg</image><overlap>53</overlap><country>South Africa</country><distance>0.22039072039072038</distance></coder><coder><coder_id>14970299</coder_id><handle>Egor</handle><rating>2914</rating><image>Egor_big.jpg</image><overlap>37</overlap><country>Russian Federation</country><distance>0.1105006105006105</distance></coder><coder><coder_id>10157606</coder_id><handle>Ying</handle><rating>2712</rating><image>Ying_big2.jpg</image><overlap>40</overlap><country>China</country><distance>0.17216117216117216</distance></coder><coder><coder_id>279471</coder_id><handle>haha</handle><rating>2475</rating><image>haha_big3.jpg</image><overlap>54</overlap><country>China</country><distance>0.2445054945054945</distance></coder><coder><coder_id>7479769</coder_id><handle>marian</handle><rating>2458</rating><image>marian_big.jpg</image><overlap>46</overlap><country>Slovakia</country><distance>0.2496947496947497</distance></coder><coder><coder_id>310333</coder_id><handle>kalinov</handle><rating>2929</rating><image>kalinov_big.jpg</image><overlap>66</overlap><country>Croatia</country><distance>0.10592185592185592</distance></coder><coder><coder_id>7428266</coder_id><handle>Klinck</handle><rating>2313</rating><image>Klinck_big.jpg</image><overlap>30</overlap><country>Ukraine</country><distance>0.29395604395604397</distance></coder><coder><coder_id>7546003</coder_id><handle>dmytro</handle><rating>2449</rating><image>dmytro_big4.jpg</image><overlap>44</overlap><country>Ukraine</country><distance>0.25244200244200243</distance></coder><coder><coder_id>10389461</coder_id><handle>Janq</handle><rating>1869</rating><image>null</image><overlap>25</overlap><country>Slovakia</country><distance>0.42948717948717946</distance></coder><coder><coder_id>19721111</coder_id><handle>VitalyGoldstein</handle><rating>2535</rating><image>VitalyGoldstein_big.jpg</image><overlap>16</overlap><country>Russian Federation</country><distance>0.2261904761904762</distance></coder><coder><coder_id>16063200</coder_id><handle>Ikki</handle><rating>1197</rating><image>null</image><overlap>20</overlap><country>China</country><distance>0.6346153846153846</distance></coder><coder><coder_id>7390224</coder_id><handle>gawry</handle><rating>2835</rating><image>gawry_big.jpg</image><overlap>40</overlap><country>Poland</country><distance>0.1346153846153846</distance></coder><coder><coder_id>8472826</coder_id><handle>jakubr</handle><rating>2749</rating><image>jakubr_big2.jpg</image><overlap>40</overlap><country>Poland</country><distance>0.16086691086691088</distance></coder><coder><coder_id>7213681</coder_id><handle>wleite</handle><rating>1847</rating><image>wleite_big2.jpg</image><overlap>68</overlap><country>Brazil</country><distance>0.4362026862026862</distance></coder><coder><coder_id>10600282</coder_id><handle>Mojito1</handle><rating>2040</rating><image>Mojito1_big.jpg</image><overlap>22</overlap><country>Poland</country><distance>0.3772893772893773</distance></coder><coder><coder_id>10425804</coder_id><handle>maone</handle><rating>1845</rating><image>maone_big.jpg</image><overlap>28</overlap><country>China</country><distance>0.4368131868131868</distance></coder><coder><coder_id>15881985</coder_id><handle>pashka</handle><rating>2518</rating><image>pashka_big.jpg</image><overlap>18</overlap><country>Russian Federation</country><distance>0.2313797313797314</distance></coder><coder><coder_id>14946025</coder_id><handle>Michael_Levin</handle><rating>2568</rating><image>Michael_Levin_big.jpg</image><overlap>33</overlap><country>Russian Federation</country><distance>0.21611721611721613</distance></coder><coder><coder_id>22515941</coder_id><handle>Krok</handle><rating>1788</rating><image>Krok_big.jpg</image><overlap>8</overlap><country>Russian Federation</country><distance>0.4542124542124542</distance></coder><coder><coder_id>156216</coder_id><handle>daveagp</handle><rating>2637</rating><image>daveagp_big2.jpg</image><overlap>21</overlap><country>Canada</country><distance>0.19505494505494506</distance></coder><coder><coder_id>10019533</coder_id><handle>w_</handle><rating>2506</rating><image>w__big.jpg</image><overlap>8</overlap><country>Poland</country><distance>0.23504273504273504</distance></coder><coder><coder_id>20641244</coder_id><handle>Relja</handle><rating>1710</rating><image>Relja_big2.jpg</image><overlap>18</overlap><country>Serbia</country><distance>0.47802197802197804</distance></coder><coder><coder_id>22652597</coder_id><handle>xhl_kogitsune</handle><rating>2380</rating><image>xhl_kogitsune_big.jpg</image><overlap>16</overlap><country>Japan</country><distance>0.27350427350427353</distance></coder><coder><coder_id>15812952</coder_id><handle>13rain</handle><rating>2084</rating><image>null</image><overlap>6</overlap><country>Russian Federation</country><distance>0.36385836385836384</distance></coder></map></Distance>
----- Demo Result -----
<?xml version="1.0" encoding="UTF-8"?><Distance xmlns="http://www.topcoder.com/Distance"><map><coder><coder_id>144400</coder_id><handle>tomek</handle><rating>3276</rating><image/><overlap>0</overlap><country>Poland</country><distance>0.0</distance></coder></map></Distance>
]]></system-out>
  <system-err><![CDATA[]]></system-err>
</testsuite>
