<?xml version="1.0" encoding="UTF-8" ?>
<testsuite errors="1" failures="0" name="${component.package}.AllTests" tests="1" time="0.0">
  <properties>
    <property name="java.vendor" value="Sun Microsystems Inc."></property>
    <property name="package" value="${component.package}"></property>
    <property name="docpackage.jar" value="${component.distfilename}_docs.jar"></property>
    <property name="sun.java.launcher" value="SUN_STANDARD"></property>
    <property name="eclipse.pdebuild.templates" value="/C:/Java/eclipse-3.3/plugins/org.eclipse.pde.build_3.3.2.R331_v20071019/templates/"></property>
    <property name="sun.management.compiler" value="HotSpot Client Compiler"></property>
    <property name="manifest_file_path" value="build/dist/${component.distfilename}-${component.version.major}.${component.version.minor}.${component.version.micro}/META-INF/"></property>
    <property name="verbose" value="no"></property>
    <property name="os.name" value="Windows XP"></property>
    <property name="sun.boot.class.path" value="C:\Java\jdk1.5.0_14\jre\lib\rt.jar;C:\Java\jdk1.5.0_14\jre\lib\i18n.jar;C:\Java\jdk1.5.0_14\jre\lib\sunrsasign.jar;C:\Java\jdk1.5.0_14\jre\lib\jsse.jar;C:\Java\jdk1.5.0_14\jre\lib\jce.jar;C:\Java\jdk1.5.0_14\jre\lib\charsets.jar;C:\Java\jdk1.5.0_14\jre\classes"></property>
    <property name="docsdir" value="docs"></property>
    <property name="javadoc.jar" value="javadocs.jar"></property>
    <property name="design_submission.jar" value="${component.distfilename}_${component.version.major}.${component.version.minor}.${component.version.micro}_design_submission.jar"></property>
    <property name="sun.desktop" value="windows"></property>
    <property name="component.tests.jar" value="build/dist/lib/tcs/${component.distfilename}_tests.jar"></property>
    <property name="java.vm.specification.vendor" value="Sun Microsystems Inc."></property>
    <property name="net.sourceforge.cobertura.datafile" value="F:\topcoder\DistanceGenerator1_0\log\cobertura.ser"></property>
    <property name="ant.home" value="C:\Java\apache-ant-1.6.5"></property>
    <property name="java.runtime.version" value="1.5.0_14-b03"></property>
    <property name="component_path" value="${component.distfilename}/${component.version.major}.${component.version.minor}.${component.version.micro}"></property>
    <property name="cobertura.dir" value="F:/topcoder/lib/cobertura/1.8"></property>
    <property name="user.name" value="czcx3k"></property>
    <property name="manifest_file" value="build/dist/${component.distfilename}-${component.version.major}.${component.version.minor}.${component.version.micro}/META-INF//MANIFEST.MF"></property>
    <property name="debug" value="off"></property>
    <property name="reports" value="log/reports"></property>
    <property name="testfiles" value="test_files"></property>
    <property name="component_version" value="${component.version.major}.${component.version.minor}.${component.version.micro}"></property>
    <property name="dist_coverage" value="build/dist/${component.distfilename}-${component.version.major}.${component.version.minor}.${component.version.micro}/docs/coverage"></property>
    <property name="user.language" value="en"></property>
    <property name="cobertura.datafile" value="log/cobertura.ser"></property>
    <property name="javadoc.locale" value="en_US"></property>
    <property name="sun.boot.library.path" value="C:\Java\jdk1.5.0_14\jre\bin"></property>
    <property name="tcs_libdir" value="F:/topcoder/tcs/lib/tcs"></property>
    <property name="srcdir" value="src"></property>
    <property name="ant.project.name" value="TopCoder Java Generic Build"></property>
    <property name="component.bootclasspath" value="${java_1_x_bootclasspath}"></property>
    <property name="java.version" value="1.5.0_14"></property>
    <property name="user.timezone" value=""></property>
    <property name="dev_dist.jar" value="${component.distfilename}_${component.version.major}.${component.version.minor}.${component.version.micro}_dev_dist.jar"></property>
    <property name="sun.arch.data.model" value="32"></property>
    <property name="java.endorsed.dirs" value="C:\Java\jdk1.5.0_14\jre\lib\endorsed"></property>
    <property name="sun.cpu.isalist" value="pentium_pro+mmx pentium_pro pentium+mmx pentium i486 i386 i86"></property>
    <property name="packagedir" value="${component.packagedir}"></property>
    <property name="sun.jnu.encoding" value="Cp1252"></property>
    <property name="file.encoding.pkg" value="sun.io"></property>
    <property name="file.separator" value="\"></property>
    <property name="java.specification.name" value="Java Platform API Specification"></property>
    <property name="build_docsdir" value="build/docs"></property>
    <property name="dev_submission.jar" value="${component.distfilename}_${component.version.major}.${component.version.minor}.${component.version.micro}_dev_submission.jar"></property>
    <property name="java.class.version" value="49.0"></property>
    <property name="build_testclassdir" value="build/testClasses"></property>
    <property name="user.country" value="US"></property>
    <property name="java.home" value="C:\Java\jdk1.5.0_14\jre"></property>
    <property name="java.vm.info" value="mixed mode, sharing"></property>
    <property name="ant.file" value="F:\topcoder\DistanceGenerator1_0\build.xml"></property>
    <property name="os.version" value="5.1"></property>
    <property name="build_distdir" value="build/dist"></property>
    <property name="dist_docpackage" value="build/doc_package"></property>
    <property name="build_tcsdistdir" value="build/dist/${component.distfilename}-${component.version.major}.${component.version.minor}.${component.version.micro}"></property>
    <property name="path.separator" value=";"></property>
    <property name="java.vm.version" value="1.5.0_14-b03"></property>
    <property name="testlogdir" value="log"></property>
    <property name="user.variant" value=""></property>
    <property name="ant.library.dir" value="C:\Java\apache-ant-1.6.5\lib"></property>
    <property name="javamain" value="src/java/main"></property>
    <property name="dist_lib" value="build/dist/lib/tcs"></property>
    <property name="dist_javadocs" value="build/dist/${component.distfilename}-${component.version.major}.${component.version.minor}.${component.version.micro}/docs/javadocs"></property>
    <property name="java.awt.printerjob" value="sun.awt.windows.WPrinterJob"></property>
    <property name="sun.io.unicode.encoding" value="UnicodeLittle"></property>
    <property name="component" value="${component.name}"></property>
    <property name="awt.toolkit" value="sun.awt.windows.WToolkit"></property>
    <property name="eclipse.pdebuild.scripts" value="/C:/Java/eclipse-3.3/plugins/org.eclipse.pde.build_3.3.2.R331_v20071019/scripts/"></property>
    <property name="user.home" value="D:\Documents and Settings\czcx3k"></property>
    <property name="java.specification.vendor" value="Sun Microsystems Inc."></property>
    <property name="java.vendor.url" value="http://java.sun.com/"></property>
    <property name="java.library.path" value="C:\Java\jdk1.5.0_14\jre\bin;.;C:\WINDOWS\system32;C:\WINDOWS;C:\Program Files\Java\jre1.6.0_04\bin\client;C:\Program Files\Java\jre1.6.0_04\bin;C:\WINDOWS\system32;C:\WINDOWS;C:\WINDOWS\System32\Wbem;C:\Program Files\IBM\Personal Communications\;C:\Program Files\IBM\Trace Facility\;C:\PROGRA~1\CA\Common\SCANEN~1;C:\PROGRA~1\CA\ETRUST~1;C:\Program Files\QuickTime\QTSystem\;C:\Program Files\CVSNT\;C:\Java\jadnt158;C:\Java\apache-ant-1.6.5\bin"></property>
    <property name="build_javadocsdir" value="build/docs/javadocs"></property>
    <property name="configdir" value="conf"></property>
    <property name="java.vm.vendor" value="Sun Microsystems Inc."></property>
    <property name="ant.file.TopCoder Java Generic Build" value="F:\topcoder\DistanceGenerator1_0\build.xml"></property>
    <property name="java.runtime.name" value="Java(TM) 2 Runtime Environment, Standard Edition"></property>
    <property name="ant.version" value="Apache Ant version 1.6.5 compiled on June 2 2005"></property>
    <property name="java.class.path" value="F:\topcoder\DistanceGenerator1_0\build\instrumented;F:\topcoder\DistanceGenerator1_0\build\testClasses;F:\topcoder\lib\junit\3.8.2\junit.jar;F:\topcoder\DistanceGenerator1_0\build\classes;F:\topcoder\DistanceGenerator1_0\conf;F:\topcoder\DistanceGenerator1_0\test_files;F:\topcoder\lib\cobertura\1.8\cobertura.jar;F:\topcoder\lib\cobertura\1.8\lib\asm-2.2.1.jar;F:\topcoder\lib\cobertura\1.8\lib\jakarta-oro-2.0.8.jar;F:\topcoder\lib\cobertura\1.8\lib\log4j-1.2.9.jar;F:\topcoder\DistanceGenerator1_0;C:\Program Files\Java\jre1.6.0_04\lib\ext\QTJava.zip;C:\Java\apache-ant-1.6.5\lib\junit.jar;C:\Java\apache-ant-1.6.5\lib\ant-launcher.jar;C:\Java\apache-ant-1.6.5\lib\ant.jar;C:\Java\apache-ant-1.6.5\lib\ant-junit.jar"></property>
    <property name="ext_libdir" value="F:/topcoder/lib"></property>
    <property name="builddir" value="build"></property>
    <property name="java.vm.specification.name" value="Java Virtual Machine Specification"></property>
    <property name="java.vm.specification.version" value="1.0"></property>
    <property name="component.dist.jar" value="build/dist/${component.distfilename}-${component.version.major}.${component.version.minor}.${component.version.micro}.jar"></property>
    <property name="junit.jar" value="F:/topcoder/lib/junit/3.8.2/junit.jar"></property>
    <property name="sun.os.patch.level" value="Service Pack 2"></property>
    <property name="sun.cpu.endian" value="little"></property>
    <property name="eclipse.pdebuild.home" value="/C:/Java/eclipse-3.3/plugins/org.eclipse.pde.build_3.3.2.R331_v20071019/./"></property>
    <property name="component.target" value="1.x"></property>
    <property name="java.io.tmpdir" value="D:\DOCUME~1\czcx3k\LOCALS~1\Temp\"></property>
    <property name="java.vendor.url.bug" value="http://java.sun.com/cgi-bin/bugreport.cgi"></property>
    <property name="build_targetclassdir" value="build/targetclasses"></property>
    <property name="javac.encoding" value="UTF-8"></property>
    <property name="javatests" value="src/java/tests"></property>
    <property name="build_classdir" value="build/classes"></property>
    <property name="javadocsdir" value="docs/javadocs"></property>
    <property name="java.awt.graphicsenv" value="sun.awt.Win32GraphicsEnvironment"></property>
    <property name="os.arch" value="x86"></property>
    <property name="instrumented.dir" value="build/instrumented"></property>
    <property name="test_reflib" value="test_reflib"></property>
    <property name="java.ext.dirs" value="C:\Java\jdk1.5.0_14\jre\lib\ext"></property>
    <property name="user.dir" value="F:\topcoder\DistanceGenerator1_0"></property>
    <property name="design_dist.jar" value="${component.distfilename}_${component.version.major}.${component.version.minor}.${component.version.micro}_design_dist.jar"></property>
    <property name="libdir" value="../tcs/lib"></property>
    <property name="javasrc" value="src/java"></property>
    <property name="line.separator" value="
"></property>
    <property name="java.vm.name" value="Java HotSpot(TM) Client VM"></property>
    <property name="distfilename" value="${component.distfilename}"></property>
    <property name="java_1_3_bootclasspath" value="c:/progra~1/JavaSoft/JRE/1.3/lib/rt.jar"></property>
    <property name="basedir" value="F:\topcoder\DistanceGenerator1_0"></property>
    <property name="ant.java.version" value="1.5"></property>
    <property name="file.encoding" value="Cp1252"></property>
    <property name="dist_docs" value="build/dist/${component.distfilename}-${component.version.major}.${component.version.minor}.${component.version.micro}/docs"></property>
    <property name="component.jar" value="build/dist/lib/tcs/${component.distfilename}/${component.version.major}.${component.version.minor}.${component.version.micro}/${component.distfilename}.jar"></property>
    <property name="java.specification.version" value="1.5"></property>
    <property name="target_libdir" value="F:/topcoder/tcs/lib/tcs"></property>
    <property name="ant.file.Dependency Import" value="F:\topcoder\DistanceGenerator1_0\build-dependencies.xml"></property>
  </properties>
  <error message="${component.package}.AllTests" type="java.lang.ClassNotFoundException">java.lang.ClassNotFoundException: ${component.package}.AllTests
	at java.net.URLClassLoader$1.run(URLClassLoader.java:200)
	at java.security.AccessController.doPrivileged(Native Method)
	at java.net.URLClassLoader.findClass(URLClassLoader.java:188)
	at java.lang.ClassLoader.loadClass(ClassLoader.java:306)
	at sun.misc.Launcher$AppClassLoader.loadClass(Launcher.java:268)
	at java.lang.ClassLoader.loadClass(ClassLoader.java:251)
	at java.lang.ClassLoader.loadClassInternal(ClassLoader.java:319)
	at java.lang.Class.forName0(Native Method)
	at java.lang.Class.forName(Class.java:164)
</error>
  <system-out><![CDATA[]]></system-out>
  <system-err><![CDATA[]]></system-err>
</testsuite>
