<?xml version="1.0" encoding="UTF-8" ?>
<testsuite errors="0" failures="1" hostname="AkhilBansal-PC" name="com.topcoder.service.digitalrun.entity.AllTests" tests="196" time="9.383" timestamp="2008-07-02T05:46:58">
  <properties>
    <property name="java.vendor" value="Sun Microsystems Inc." />
    <property name="package" value="com.topcoder.service.digitalrun.entity" />
    <property name="docpackage.jar" value="digital_run_entities_docs.jar" />
    <property name="informix.jar" value="../../tcs/lib/third_party\informix\ifxjdbc.jar" />
    <property name="sun.management.compiler" value="HotSpot Client Compiler" />
    <property name="manifest_file_path" value="build/dist/digital_run_entities-1.0.0/META-INF/" />
    <property name="verbose" value="no" />
    <property name="os.name" value="Windows NT (unknown)" />
    <property name="sun.boot.class.path" value="C:\Java\jdk1.5.0_08\jre\lib\rt.jar;C:\Java\jdk1.5.0_08\jre\lib\i18n.jar;C:\Java\jdk1.5.0_08\jre\lib\sunrsasign.jar;C:\Java\jdk1.5.0_08\jre\lib\jsse.jar;C:\Java\jdk1.5.0_08\jre\lib\jce.jar;C:\Java\jdk1.5.0_08\jre\lib\charsets.jar;C:\Java\jdk1.5.0_08\jre\classes" />
    <property name="docsdir" value="docs" />
    <property name="javadoc.jar" value="javadocs.jar" />
    <property name="design_submission.jar" value="digital_run_entities_1.0.0_design_submission.jar" />
    <property name="sun.desktop" value="windows" />
    <property name="component.tests.jar" value="build/dist/lib/tcs/digital_run_entities_tests.jar" />
    <property name="java.vm.specification.vendor" value="Sun Microsystems Inc." />
    <property name="net.sourceforge.cobertura.datafile" value="C:\Akhil\TopCoder\Development\DigitalRunEntities\51312\log\cobertura.ser" />
    <property name="ant.home" value="c:\ApacheUtilities\apache-ant-1.7.0\bin\.." />
    <property name="java.runtime.version" value="1.5.0_08-b03" />
    <property name="component_path" value="digital_run_entities/1.0.0" />
    <property name="cobertura.dir" value="../../tcs/lib/third_party/cobertura/1.8" />
    <property name="component.version.micro" value="0" />
    <property name="user.name" value="Akhil Bansal" />
    <property name="manifest_file" value="build/dist/digital_run_entities-1.0.0/META-INF//MANIFEST.MF" />
    <property name="debug" value="off" />
    <property name="reports" value="log/reports" />
    <property name="testfiles" value="test_files" />
    <property name="component.version.major" value="1" />
    <property name="component_version" value="1.0.0" />
    <property name="dist_coverage" value="build/dist/digital_run_entities-1.0.0/docs/coverage" />
    <property name="component.packagedir" value="com/topcoder/service/digitalrun/entity" />
    <property name="user.language" value="en" />
    <property name="cobertura.datafile" value="log/cobertura.ser" />
    <property name="javadoc.locale" value="en_US" />
    <property name="sun.boot.library.path" value="C:\Java\jdk1.5.0_08\jre\bin" />
    <property name="tcs_libdir" value="../../tcs/lib/tcs" />
    <property name="srcdir" value="src" />
    <property name="ant.project.name" value="TopCoder Java Generic Build" />
    <property name="component.bootclasspath" value="${java_1_5_bootclasspath}" />
    <property name="component.version.minor" value="0" />
    <property name="java.version" value="1.5.0_08" />
    <property name="user.timezone" value="" />
    <property name="dev_dist.jar" value="digital_run_entities_1.0.0_dev_dist.jar" />
    <property name="sun.arch.data.model" value="32" />
    <property name="hibernate.jar" value="test_files\lib\hibernate3.jar" />
    <property name="java.endorsed.dirs" value="C:\Java\jdk1.5.0_08\jre\lib\endorsed" />
    <property name="sun.cpu.isalist" value="pentium_pro+mmx pentium_pro pentium+mmx pentium i486 i386 i86" />
    <property name="packagedir" value="com/topcoder/service/digitalrun/entity" />
    <property name="sun.jnu.encoding" value="Cp1252" />
    <property name="file.encoding.pkg" value="sun.io" />
    <property name="file.separator" value="\" />
    <property name="java.specification.name" value="Java Platform API Specification" />
    <property name="build_docsdir" value="build/docs" />
    <property name="dev_submission.jar" value="digital_run_entities_1.0.0_dev_submission.jar" />
    <property name="java.class.version" value="49.0" />
    <property name="db_connection_factory.jar" value="../../tcs/lib/tcs\db_connection_factory\1.1\db_connection_factory.jar" />
    <property name="build_testclassdir" value="build/testClasses" />
    <property name="user.country" value="" />
    <property name="java.home" value="C:\Java\jdk1.5.0_08\jre" />
    <property name="component.distfilename" value="digital_run_entities" />
    <property name="component.version.build" value="1" />
    <property name="java.vm.info" value="mixed mode, sharing" />
    <property name="ant.file" value="C:\Akhil\TopCoder\Development\DigitalRunEntities\51312\build.xml" />
    <property name="os.version" value="6.0" />
    <property name="build_distdir" value="build/dist" />
    <property name="dist_docpackage" value="build/doc_package" />
    <property name="build_tcsdistdir" value="build/dist/digital_run_entities-1.0.0" />
    <property name="path.separator" value=";" />
    <property name="java.vm.version" value="1.5.0_08-b03" />
    <property name="testlogdir" value="log" />
    <property name="user.variant" value="" />
    <property name="ant.library.dir" value="C:\ApacheUtilities\apache-ant-1.7.0\lib" />
    <property name="component.name" value="Digital Run Entities" />
    <property name="base_exception.jar" value="../../tcs/lib/tcs\base_exception\2.0.0\base_exception.jar" />
    <property name="javamain" value="src/java/main" />
    <property name="dist_lib" value="build/dist/lib/tcs" />
    <property name="dist_javadocs" value="build/dist/digital_run_entities-1.0.0/docs/javadocs" />
    <property name="java.awt.printerjob" value="sun.awt.windows.WPrinterJob" />
    <property name="sun.io.unicode.encoding" value="UnicodeLittle" />
    <property name="awt.toolkit" value="sun.awt.windows.WToolkit" />
    <property name="component" value="Digital Run Entities" />
    <property name="user.home" value="C:\Users\Akhil Bansal" />
    <property name="javaee.jar" value="../../tcs/lib/third_party\javaee\1.5\javaee.jar" />
    <property name="java.specification.vendor" value="Sun Microsystems Inc." />
    <property name="java.vendor.url" value="http://java.sun.com/" />
    <property name="java.library.path" value="C:\Java\jdk1.5.0_08\jre\bin;.;C:\Windows\system32;C:\Windows;C:\oracle\product\10.2.0\db_1\bin;C:\Windows\system32;C:\Windows;C:\Windows\System32\Wbem;C:\Program Files\Microsoft SQL Server\90\Tools\binn\;C:\Program Files\Common Files\Adobe\AGL;C:\Program Files\ATI Technologies\ATI.ACE\Core-Static;C:\Program Files\Common Files\Roxio Shared\DLLShared\;C:\Program Files\Common Files\Roxio Shared\9.0\DLLShared\;C:\Program Files\TortoiseSVN\bin;C:\Program Files\IBM\Informix\Client-SDK\bin;C:\Program Files\ibm\gsk7\bin;C:\Program Files\ibm\gsk7\lib;C:\PROGRA~1\ibm\gsk7\bin;C:\PROGRA~1\ibm\gsk7\lib;C:\oracle\product\10.2.0\db_1\bin;C:\Windows\system32;C:\Windows;C:\Windows\System32\Wbem;C:\Program Files\Microsoft SQL Server\90\Tools\binn\;C:\Program Files\Common Files\Adobe\AGL;C:\Program Files\ATI Technologies\ATI.ACE\Core-Static;C:\Program Files\Common Files\Roxio Shared\DLLShared\;C:\Program Files\Common Files\Roxio Shared\9.0\DLLShared\;C:\Program Files\TortoiseSVN\bin;C:\Program Files\IBM\Informix\Client-SDK\bin;C:\Program Files\ibm\gsk7\bin;C:\Program Files\ibm\gsk7\lib;C:\PROGRA~1\ibm\gsk7\bin;C:\PROGRA~1\ibm\gsk7\lib;C:\Java\jdk1.5.0_08\bin" />
    <property name="build_javadocsdir" value="build/docs/javadocs" />
    <property name="configdir" value="conf" />
    <property name="java.vm.vendor" value="Sun Microsystems Inc." />
    <property name="ant.file.TopCoder Java Generic Build" value="C:\Akhil\TopCoder\Development\DigitalRunEntities\51312\build.xml" />
    <property name="java.runtime.name" value="Java(TM) 2 Runtime Environment, Standard Edition" />
    <property name="ant.version" value="Apache Ant version 1.7.0 compiled on December 13 2006" />
    <property name="java.class.path" value="C:\Akhil\TopCoder\Development\DigitalRunEntities\51312\build\instrumented;C:\Akhil\TopCoder\Development\DigitalRunEntities\51312\build\testClasses;C:\Akhil\TopCoder\Development\tcs\lib\third_party\junit\3.8.2\junit.jar;C:\Akhil\TopCoder\Development\DigitalRunEntities\51312\test_reflib\antlr-2.7.6.jar;C:\Akhil\TopCoder\Development\DigitalRunEntities\51312\test_reflib\cglib.jar;C:\Akhil\TopCoder\Development\DigitalRunEntities\51312\test_reflib\commons-collections.jar;C:\Akhil\TopCoder\Development\DigitalRunEntities\51312\test_reflib\commons-logging.jar;C:\Akhil\TopCoder\Development\DigitalRunEntities\51312\test_reflib\dom4j.jar;C:\Akhil\TopCoder\Development\DigitalRunEntities\51312\test_reflib\ejb3-persistence.jar;C:\Akhil\TopCoder\Development\DigitalRunEntities\51312\test_reflib\hibernate-annotations.jar;C:\Akhil\TopCoder\Development\DigitalRunEntities\51312\test_reflib\hibernate-entitymanager.jar;C:\Akhil\TopCoder\Development\DigitalRunEntities\51312\test_reflib\ifxjdbc.jar;C:\Akhil\TopCoder\Development\DigitalRunEntities\51312\test_reflib\jboss-common.jar;C:\Akhil\TopCoder\Development\DigitalRunEntities\51312\test_reflib\jboss-j2ee.jar;C:\Akhil\TopCoder\Development\DigitalRunEntities\51312\test_reflib\jboss-transaction.jar;C:\Akhil\TopCoder\Development\tcs\lib\tcs\id_generator\3.0\id_generator.jar;C:\Akhil\TopCoder\Development\tcs\lib\tcs\base_exception\2.0.0\base_exception.jar;C:\Akhil\TopCoder\Development\tcs\lib\tcs\db_connection_factory\1.1\db_connection_factory.jar;C:\Akhil\TopCoder\Development\tcs\lib\tcs\configuration_api\1.0.0\configuration_api.jar;C:\Akhil\TopCoder\Development\tcs\lib\tcs\configuration_manager\2.1.5\configuration_manager.jar;C:\Akhil\TopCoder\Development\DigitalRunEntities\51312\test_files\lib\hibernate3.jar;C:\Akhil\TopCoder\Development\tcs\lib\third_party\informix\ifxjdbc.jar;C:\Akhil\TopCoder\Development\tcs\lib\third_party\javaee\1.5\javaee.jar;C:\Akhil\TopCoder\Development\DigitalRunEntities\51312\build\classes;C:\Akhil\TopCoder\Development\DigitalRunEntities\51312\conf;C:\Akhil\TopCoder\Development\DigitalRunEntities\51312\test_files;C:\Akhil\TopCoder\Development\tcs\lib\third_party\cobertura\1.8\cobertura.jar;C:\Akhil\TopCoder\Development\DigitalRunEntities\51312;C:\Java\jdk1.5.0_08\jre\lib\rt.jar;c:\java\cobertura-1.9\lib\asm-2.2.1.jar;c:\java\cobertura-1.9\lib\asm-tree-2.2.1.jar;c:\java\cobertura-1.9\lib\jakarta-oro-2.0.8.jar;c:\java\cobertura-1.9\lib\log4j-1.2.9.jar;c:\java\cobertura-1.9\cobertura.jar;C:\ApacheUtilities\apache-ant-1.7.0\lib\ant-launcher.jar;C:\ApacheUtilities\apache-ant-1.7.0\lib\ant.jar;C:\ApacheUtilities\apache-ant-1.7.0\lib\ant-junit.jar" />
    <property name="configuration_manager.jar" value="../../tcs/lib/tcs\configuration_manager\2.1.5\configuration_manager.jar" />
    <property name="ext_libdir" value="../../tcs/lib/third_party" />
    <property name="java.vm.specification.name" value="Java Virtual Machine Specification" />
    <property name="builddir" value="build" />
    <property name="java.vm.specification.version" value="1.0" />
    <property name="component.dist.jar" value="build/dist/digital_run_entities-1.0.0.jar" />
    <property name="junit.jar" value="../../tcs/lib/third_party\junit\3.8.2\junit.jar" />
    <property name="sun.cpu.endian" value="little" />
    <property name="sun.os.patch.level" value="" />
    <property name="component.target" value="1.5" />
    <property name="java.io.tmpdir" value="C:\Users\AKHILB~1\AppData\Local\Temp\" />
    <property name="java.vendor.url.bug" value="http://java.sun.com/cgi-bin/bugreport.cgi" />
    <property name="javac.encoding" value="UTF-8" />
    <property name="build_targetclassdir" value="build/targetclasses" />
    <property name="javatests" value="src/java/tests" />
    <property name="build_classdir" value="build/classes" />
    <property name="javadocsdir" value="docs/javadocs" />
    <property name="id_generator.jar" value="../../tcs/lib/tcs\id_generator\3.0\id_generator.jar" />
    <property name="instrumented.dir" value="build/instrumented" />
    <property name="java.awt.graphicsenv" value="sun.awt.Win32GraphicsEnvironment" />
    <property name="os.arch" value="x86" />
    <property name="test_reflib" value="test_reflib" />
    <property name="java.ext.dirs" value="C:\Java\jdk1.5.0_08\jre\lib\ext" />
    <property name="user.dir" value="C:\Akhil\TopCoder\Development\DigitalRunEntities\51312" />
    <property name="design_dist.jar" value="digital_run_entities_1.0.0_design_dist.jar" />
    <property name="libdir" value="../../tcs/lib" />
    <property name="javasrc" value="src/java" />
    <property name="line.separator" value="
" />
    <property name="java.vm.name" value="Java HotSpot(TM) Client VM" />
    <property name="distfilename" value="digital_run_entities" />
    <property name="basedir" value="C:\Akhil\TopCoder\Development\DigitalRunEntities\51312" />
    <property name="ant.java.version" value="1.5" />
    <property name="configuration_api.jar" value="../../tcs/lib/tcs\configuration_api\1.0.0\configuration_api.jar" />
    <property name="ant.core.lib" value="C:\ApacheUtilities\apache-ant-1.7.0\lib\ant.jar" />
    <property name="file.encoding" value="Cp1252" />
    <property name="dist_docs" value="build/dist/digital_run_entities-1.0.0/docs" />
    <property name="component.jar" value="build/dist/lib/tcs/digital_run_entities/1.0.0/digital_run_entities.jar" />
    <property name="java.specification.version" value="1.5" />
    <property name="target_libdir" value="../../tcs/lib/tcs" />
    <property name="component.package" value="com.topcoder.service.digitalrun.entity" />
    <property name="ant.file.Dependency Import" value="C:\Akhil\TopCoder\Development\DigitalRunEntities\51312\build-dependencies.xml" />
  </properties>
  <testcase classname="com.topcoder.service.digitalrun.entity.BaseEntityTest" name="test_accuracy_BaseEntity" time="0.0030" />
  <testcase classname="com.topcoder.service.digitalrun.entity.BaseEntityTest" name="test_accuracy_setId" time="0.0040" />
  <testcase classname="com.topcoder.service.digitalrun.entity.BaseEntityTest" name="test_failure_setId" time="0.0" />
  <testcase classname="com.topcoder.service.digitalrun.entity.BaseEntityTest" name="test_accuracy_setCreationDate" time="0.0010" />
  <testcase classname="com.topcoder.service.digitalrun.entity.BaseEntityTest" name="test_failure_setCreationDate" time="0.0010" />
  <testcase classname="com.topcoder.service.digitalrun.entity.BaseEntityTest" name="test_accuracy_setModificationDate" time="0.0" />
  <testcase classname="com.topcoder.service.digitalrun.entity.BaseEntityTest" name="test_failure_setModificationDate" time="0.0" />
  <testcase classname="com.topcoder.service.digitalrun.entity.BaseEntityTest" name="test_accuracy_setDescription" time="0.0010" />
  <testcase classname="com.topcoder.service.digitalrun.entity.BaseEntityTest" name="test_failure_setDescription" time="0.0010" />
  <testcase classname="com.topcoder.service.digitalrun.entity.BaseEntityTest" name="test_failure_setDescription1" time="0.0010" />
  <testcase classname="com.topcoder.service.digitalrun.entity.BaseEntityTest" name="test_failure_setDescription2" time="0.0" />
  <testcase classname="com.topcoder.service.digitalrun.entity.BaseEntityTest" name="test_accuracy_equals" time="0.0" />
  <testcase classname="com.topcoder.service.digitalrun.entity.BaseEntityTest" name="test_accuracy_hashCode" time="0.0" />
  <testcase classname="com.topcoder.service.digitalrun.entity.DigitalRunPointsOperationTest" name="test_accuracy_DigitalRunPointsOperation" time="0.0010" />
  <testcase classname="com.topcoder.service.digitalrun.entity.DigitalRunPointsReferenceTypeTest" name="test_accuracy_DigitalRunPointsReferenceType" time="0.0" />
  <testcase classname="com.topcoder.service.digitalrun.entity.DigitalRunPointsStatusTest" name="test_accuracy_DigitalRunPointsStatus" time="0.0" />
  <testcase classname="com.topcoder.service.digitalrun.entity.DigitalRunPointsTest" name="test_accuracy_DigitalRunPoints" time="0.0010" />
  <testcase classname="com.topcoder.service.digitalrun.entity.DigitalRunPointsTest" name="test_accuracy_setTrack" time="0.0010" />
  <testcase classname="com.topcoder.service.digitalrun.entity.DigitalRunPointsTest" name="test_accuracy_setDigitalRunPointsStatus" time="0.0010" />
  <testcase classname="com.topcoder.service.digitalrun.entity.DigitalRunPointsTest" name="test_failure_setDigitalRunPointsStatus" time="0.0010" />
  <testcase classname="com.topcoder.service.digitalrun.entity.DigitalRunPointsTest" name="test_accuracy_setDigitalRunPointsType" time="0.0010" />
  <testcase classname="com.topcoder.service.digitalrun.entity.DigitalRunPointsTest" name="test_failure_setDigitalRunPointsType" time="0.0" />
  <testcase classname="com.topcoder.service.digitalrun.entity.DigitalRunPointsTest" name="test_accuracy_setDigitalRunPointsReferenceType" time="0.0" />
  <testcase classname="com.topcoder.service.digitalrun.entity.DigitalRunPointsTest" name="test_failure_setDigitalRunPointsReferenceType" time="0.0" />
  <testcase classname="com.topcoder.service.digitalrun.entity.DigitalRunPointsTest" name="test_accuracy_setDigitalRunPointsOperation" time="0.0010" />
  <testcase classname="com.topcoder.service.digitalrun.entity.DigitalRunPointsTest" name="test_failure_setDigitalRunPointsOperation" time="0.0" />
  <testcase classname="com.topcoder.service.digitalrun.entity.DigitalRunPointsTest" name="test_accuracy_setUserId" time="0.0010" />
  <testcase classname="com.topcoder.service.digitalrun.entity.DigitalRunPointsTest" name="test_failure_setUserId" time="0.0" />
  <testcase classname="com.topcoder.service.digitalrun.entity.DigitalRunPointsTest" name="test_accuracy_setAmount" time="0.0" />
  <testcase classname="com.topcoder.service.digitalrun.entity.DigitalRunPointsTest" name="test_failure_setAmount" time="0.0010" />
  <testcase classname="com.topcoder.service.digitalrun.entity.DigitalRunPointsTest" name="test_accuracy_setApplicationDate" time="0.0" />
  <testcase classname="com.topcoder.service.digitalrun.entity.DigitalRunPointsTest" name="test_failure_setApplicationDate" time="0.0" />
  <testcase classname="com.topcoder.service.digitalrun.entity.DigitalRunPointsTest" name="test_accuracy_setAwardDate" time="0.0" />
  <testcase classname="com.topcoder.service.digitalrun.entity.DigitalRunPointsTest" name="test_failure_setAwardDate" time="0.0" />
  <testcase classname="com.topcoder.service.digitalrun.entity.DigitalRunPointsTest" name="test_accuracy_setReferenceId" time="0.0" />
  <testcase classname="com.topcoder.service.digitalrun.entity.DigitalRunPointsTest" name="test_failure_setReferenceId" time="0.0010" />
  <testcase classname="com.topcoder.service.digitalrun.entity.DigitalRunPointsTest" name="test_accuracy_isPotential" time="0.0" />
  <testcase classname="com.topcoder.service.digitalrun.entity.DigitalRunPointsTest" name="test_accuracy_setPotential" time="0.0" />
  <testcase classname="com.topcoder.service.digitalrun.entity.DigitalRunPointsTypeTest" name="test_accuracy_DigitalRunPointsType" time="0.0010" />
  <testcase classname="com.topcoder.service.digitalrun.entity.HelperTest" name="test_accuracy_checkNull" time="0.0" />
  <testcase classname="com.topcoder.service.digitalrun.entity.HelperTest" name="test_failure_checkNull" time="0.0" />
  <testcase classname="com.topcoder.service.digitalrun.entity.HelperTest" name="test_accuracy_checkString" time="0.0" />
  <testcase classname="com.topcoder.service.digitalrun.entity.HelperTest" name="test_failure_checkString" time="0.0" />
  <testcase classname="com.topcoder.service.digitalrun.entity.HelperTest" name="test_failure_checkString1" time="0.0020" />
  <testcase classname="com.topcoder.service.digitalrun.entity.HelperTest" name="test_failure_checkString2" time="0.0" />
  <testcase classname="com.topcoder.service.digitalrun.entity.HelperTest" name="test_accuracy_checkPositive" time="0.0010" />
  <testcase classname="com.topcoder.service.digitalrun.entity.HelperTest" name="test_failure_checkPositive" time="0.0" />
  <testcase classname="com.topcoder.service.digitalrun.entity.HelperTest" name="test_accuracy_checkPositive1" time="0.0" />
  <testcase classname="com.topcoder.service.digitalrun.entity.HelperTest" name="test_failure_checkPositive4" time="0.0010" />
  <testcase classname="com.topcoder.service.digitalrun.entity.HelperTest" name="test_accuracy_checkCollection" time="0.0010" />
  <testcase classname="com.topcoder.service.digitalrun.entity.HelperTest" name="test_failure_checkCollection" time="0.0010" />
  <testcase classname="com.topcoder.service.digitalrun.entity.HelperTest" name="test_failure_checkCollection2" time="0.0" />
  <testcase classname="com.topcoder.service.digitalrun.entity.PointsCalculatorTest" name="test_accuracy_PointsCalculator" time="0.0" />
  <testcase classname="com.topcoder.service.digitalrun.entity.PointsCalculatorTest" name="test_accuracy_setClassName" time="0.0" />
  <testcase classname="com.topcoder.service.digitalrun.entity.PointsCalculatorTest" name="test_failure_setClassName" time="0.0" />
  <testcase classname="com.topcoder.service.digitalrun.entity.PointsCalculatorTest" name="test_failure_setClassName1" time="0.0" />
  <testcase classname="com.topcoder.service.digitalrun.entity.PointsCalculatorTest" name="test_failure_setClassName2" time="0.0010" />
  <testcase classname="com.topcoder.service.digitalrun.entity.ProjectTypeTest" name="test_accuracy_ProjectType" time="0.0010" />
  <testcase classname="com.topcoder.service.digitalrun.entity.ProjectTypeTest" name="test_accuracy_setName" time="0.0010" />
  <testcase classname="com.topcoder.service.digitalrun.entity.ProjectTypeTest" name="test_failure_setName" time="0.0" />
  <testcase classname="com.topcoder.service.digitalrun.entity.ProjectTypeTest" name="test_failure_setName1" time="0.0" />
  <testcase classname="com.topcoder.service.digitalrun.entity.ProjectTypeTest" name="test_failure_setName2" time="0.0" />
  <testcase classname="com.topcoder.service.digitalrun.entity.ProjectTypeTest" name="test_accuracy_setCreationUser" time="0.0" />
  <testcase classname="com.topcoder.service.digitalrun.entity.ProjectTypeTest" name="test_failure_setCreationUser" time="0.0" />
  <testcase classname="com.topcoder.service.digitalrun.entity.ProjectTypeTest" name="test_failure_setCreationUser1" time="0.0010" />
  <testcase classname="com.topcoder.service.digitalrun.entity.ProjectTypeTest" name="test_failure_setCreationUser2" time="0.0" />
  <testcase classname="com.topcoder.service.digitalrun.entity.ProjectTypeTest" name="test_accuracy_setModificationUser" time="0.0" />
  <testcase classname="com.topcoder.service.digitalrun.entity.ProjectTypeTest" name="test_failure_setModificationUser" time="0.0" />
  <testcase classname="com.topcoder.service.digitalrun.entity.ProjectTypeTest" name="test_failure_setModificationUser1" time="0.0" />
  <testcase classname="com.topcoder.service.digitalrun.entity.ProjectTypeTest" name="test_failure_setModificationUser2" time="0.0" />
  <testcase classname="com.topcoder.service.digitalrun.entity.TrackContestResultCalculatorTest" name="test_accuracy_setClassName" time="0.0010" />
  <testcase classname="com.topcoder.service.digitalrun.entity.TrackContestResultCalculatorTest" name="test_failure_setClassName" time="0.0010" />
  <testcase classname="com.topcoder.service.digitalrun.entity.TrackContestResultCalculatorTest" name="test_failure_setClassName1" time="0.0" />
  <testcase classname="com.topcoder.service.digitalrun.entity.TrackContestResultCalculatorTest" name="test_failure_setClassName2" time="0.0" />
  <testcase classname="com.topcoder.service.digitalrun.entity.TrackContestResultCalculatorTest" name="test_accuracy_TrackContestResultCalculator" time="0.0" />
  <testcase classname="com.topcoder.service.digitalrun.entity.TrackContestTest" name="test_accuracy_setTrack" time="0.0010" />
  <testcase classname="com.topcoder.service.digitalrun.entity.TrackContestTest" name="test_accuracy_TrackContest" time="0.0" />
  <testcase classname="com.topcoder.service.digitalrun.entity.TrackContestTest" name="test_accuracy_setTrackContestType" time="0.0" />
  <testcase classname="com.topcoder.service.digitalrun.entity.TrackContestTest" name="test_failure_setTrackContestType" time="0.0" />
  <testcase classname="com.topcoder.service.digitalrun.entity.TrackContestTest" name="test_accuracy_setTrackContestResultCalculator" time="0.0" />
  <testcase classname="com.topcoder.service.digitalrun.entity.TrackContestTest" name="test_failure_setTrackContestResultCalculator" time="0.0010" />
  <testcase classname="com.topcoder.service.digitalrun.entity.TrackContestTest" name="test_failure_setTrack" time="0.0" />
  <testcase classname="com.topcoder.service.digitalrun.entity.TrackContestTypeTest" name="test_accuracy_TrackContestType" time="0.0" />
  <testcase classname="com.topcoder.service.digitalrun.entity.TrackStatusTest" name="test_accuracy_TrackStatus" time="0.0010" />
  <testcase classname="com.topcoder.service.digitalrun.entity.TrackTest" name="test_accuracy_Track" time="0.0" />
  <testcase classname="com.topcoder.service.digitalrun.entity.TrackTest" name="test_accuracy_setTrackType" time="0.0" />
  <testcase classname="com.topcoder.service.digitalrun.entity.TrackTest" name="test_failure_setTrackType" time="0.0010" />
  <testcase classname="com.topcoder.service.digitalrun.entity.TrackTest" name="test_accuracy_setTrackStatus" time="0.0010" />
  <testcase classname="com.topcoder.service.digitalrun.entity.TrackTest" name="test_failure_setTrackStatus" time="0.0" />
  <testcase classname="com.topcoder.service.digitalrun.entity.TrackTest" name="test_accuracy_setStartDate" time="0.0010" />
  <testcase classname="com.topcoder.service.digitalrun.entity.TrackTest" name="test_failure_setStartDate" time="0.0010" />
  <testcase classname="com.topcoder.service.digitalrun.entity.TrackTest" name="test_accuracy_setEndDate" time="0.0" />
  <testcase classname="com.topcoder.service.digitalrun.entity.TrackTest" name="test_failure_setEndDate" time="0.0" />
  <testcase classname="com.topcoder.service.digitalrun.entity.TrackTest" name="test_accuracy_setProjectTypes" time="0.0010" />
  <testcase classname="com.topcoder.service.digitalrun.entity.TrackTest" name="test_failure_setProjectTypes" time="0.0" />
  <testcase classname="com.topcoder.service.digitalrun.entity.TrackTest" name="test_failure_setProjectTypes2" time="0.0010" />
  <testcase classname="com.topcoder.service.digitalrun.entity.TrackTest" name="test_accuracy_setPointsCalculator" time="0.0" />
  <testcase classname="com.topcoder.service.digitalrun.entity.TrackTest" name="test_failure_setPointsCalculator" time="0.0" />
  <testcase classname="com.topcoder.service.digitalrun.entity.TrackTest" name="test_accuracy_setDigitalRunPoints" time="0.0" />
  <testcase classname="com.topcoder.service.digitalrun.entity.TrackTest" name="test_failure_setDigitalRunPoints" time="0.0" />
  <testcase classname="com.topcoder.service.digitalrun.entity.TrackTest" name="test_failure_setDigitalRunPoints2" time="0.0010" />
  <testcase classname="com.topcoder.service.digitalrun.entity.TrackTest" name="test_accuracy_setTrackContests" time="0.0" />
  <testcase classname="com.topcoder.service.digitalrun.entity.TrackTest" name="test_failure_setTrackContests" time="0.0" />
  <testcase classname="com.topcoder.service.digitalrun.entity.TrackTest" name="test_failure_setTrackContests2" time="0.0" />
  <testcase classname="com.topcoder.service.digitalrun.entity.TrackTypeTest" name="test_accuracy_TrackType" time="0.0" />
  <testcase classname="com.topcoder.service.digitalrun.entity.idgenerator.DigitalRunEntityIDGeneratorTest" name="test_accuracy_DigitalRunEntityIDGenerator" time="0.0" />
  <testcase classname="com.topcoder.service.digitalrun.entity.idgenerator.DigitalRunEntityIDGeneratorTest" name="test_accuracy_configure" time="0.0" />
  <testcase classname="com.topcoder.service.digitalrun.entity.idgenerator.DigitalRunEntityIDGeneratorTest" name="test_failure_configure1" time="0.0" />
  <testcase classname="com.topcoder.service.digitalrun.entity.idgenerator.DigitalRunEntityIDGeneratorTest" name="test_failure_configure2" time="0.0" />
  <testcase classname="com.topcoder.service.digitalrun.entity.idgenerator.DigitalRunEntityIDGeneratorTest" name="test_failure_configure4" time="0.0" />
  <testcase classname="com.topcoder.service.digitalrun.entity.idgenerator.DigitalRunEntityIDGeneratorTest" name="test_failure_configure5" time="0.0010" />
  <testcase classname="com.topcoder.service.digitalrun.entity.idgenerator.DigitalRunEntityIDGeneratorTest" name="test_accuracy_generate" time="0.493" />
  <testcase classname="com.topcoder.service.digitalrun.entity.idgenerator.DigitalRunEntityIDGeneratorTest" name="test_failure_generate" time="0.03" />
  <testcase classname="com.topcoder.service.digitalrun.entity.PersistenceTests" name="testDigitalRunPointsStatus" time="0.209" />
  <testcase classname="com.topcoder.service.digitalrun.entity.PersistenceTests" name="testDigitalRunPointsOperation" time="0.064" />
  <testcase classname="com.topcoder.service.digitalrun.entity.PersistenceTests" name="testDigitalRunPointsReferenceType" time="0.058" />
  <testcase classname="com.topcoder.service.digitalrun.entity.PersistenceTests" name="testDigitalRunPointsType" time="0.056" />
  <testcase classname="com.topcoder.service.digitalrun.entity.PersistenceTests" name="testTrackContestType" time="0.057" />
  <testcase classname="com.topcoder.service.digitalrun.entity.PersistenceTests" name="testTrackStatus" time="0.057" />
  <testcase classname="com.topcoder.service.digitalrun.entity.PersistenceTests" name="testTrack" time="0.207" />
  <testcase classname="com.topcoder.service.digitalrun.entity.PersistenceTests" name="testTrackContest" time="0.138" />
  <testcase classname="com.topcoder.service.digitalrun.entity.PersistenceTests" name="testDigitalRunPoints" time="0.089" />
  <testcase classname="com.topcoder.service.digitalrun.entity.PersistenceTests" name="testTrackType" time="0.0070" />
  <testcase classname="com.topcoder.service.digitalrun.entity.PersistenceTests" name="testPointsCalculator" time="0.0080" />
  <testcase classname="com.topcoder.service.digitalrun.entity.PersistenceTests" name="testProjectType" time="0.01" />
  <testcase classname="com.topcoder.service.digitalrun.entity.PersistenceTests" name="testTrackContestResultCalculator" time="0.0070" />
  <testcase classname="com.topcoder.service.digitalrun.entity.PersistenceFailureTests" name="testDigitalRunPointsStatus" time="0.0030" />
  <testcase classname="com.topcoder.service.digitalrun.entity.PersistenceFailureTests" name="testDigitalRunPointsOperation" time="0.0010" />
  <testcase classname="com.topcoder.service.digitalrun.entity.PersistenceFailureTests" name="testDigitalRunPointsReferenceType" time="0.0010" />
  <testcase classname="com.topcoder.service.digitalrun.entity.PersistenceFailureTests" name="testDigitalRunPointsType" time="0.0020" />
  <testcase classname="com.topcoder.service.digitalrun.entity.PersistenceFailureTests" name="testTrackContestType" time="0.0" />
  <testcase classname="com.topcoder.service.digitalrun.entity.PersistenceFailureTests" name="testTrackStatus" time="0.0010" />
  <testcase classname="com.topcoder.service.digitalrun.entity.PersistenceFailureTests" name="testTrack" time="0.0010" />
  <testcase classname="com.topcoder.service.digitalrun.entity.PersistenceFailureTests" name="testTrackContest" time="0.0010" />
  <testcase classname="com.topcoder.service.digitalrun.entity.PersistenceFailureTests" name="testDigitalRunPoints" time="0.0010" />
  <testcase classname="com.topcoder.service.digitalrun.entity.PersistenceFailureTests" name="testTrackType" time="0.0" />
  <testcase classname="com.topcoder.service.digitalrun.entity.PersistenceFailureTests" name="testPointsCalculator" time="0.0010" />
  <testcase classname="com.topcoder.service.digitalrun.entity.PersistenceFailureTests" name="testProjectType" time="0.0010" />
  <testcase classname="com.topcoder.service.digitalrun.entity.PersistenceFailureTests" name="testTrackContestResultCalculator" time="0.0010" />
  <testcase classname="com.topcoder.service.digitalrun.entity.Demo" name="testDemo1" time="0.0010" />
  <testcase classname="com.topcoder.service.digitalrun.entity.Demo" name="testDemo2" time="0.368" />
  <testcase classname="com.topcoder.service.digitalrun.entity.accuracytests.PersistenceAccuracyTests" name="testTrack" time="0.063" />
  <testcase classname="com.topcoder.service.digitalrun.entity.accuracytests.PersistenceAccuracyTests" name="testDigitalRunPoints" time="0.058" />
  <testcase classname="com.topcoder.service.digitalrun.entity.failuretests.TestBaseEntity" name="testSetUserIdNegative" time="0.0010" />
  <testcase classname="com.topcoder.service.digitalrun.entity.failuretests.TestBaseEntity" name="testSetIdZero" time="0.0" />
  <testcase classname="com.topcoder.service.digitalrun.entity.failuretests.TestBaseEntity" name="testSetCreationDateNull" time="0.0" />
  <testcase classname="com.topcoder.service.digitalrun.entity.failuretests.TestBaseEntity" name="testSetModificationDateNull" time="0.0010" />
  <testcase classname="com.topcoder.service.digitalrun.entity.failuretests.TestBaseEntity" name="testSetDescriptionNull" time="0.0" />
  <testcase classname="com.topcoder.service.digitalrun.entity.failuretests.TestBaseEntity" name="testSetDescriptionEmpty" time="0.0" />
  <testcase classname="com.topcoder.service.digitalrun.entity.failuretests.TestBaseEntity" name="testSetDescriptionTrimmedEmpty" time="0.0" />
  <testcase classname="com.topcoder.service.digitalrun.entity.failuretests.TestProjectType" name="testSetNameNull" time="0.0010" />
  <testcase classname="com.topcoder.service.digitalrun.entity.failuretests.TestProjectType" name="testSetCreationUserNull" time="0.0" />
  <testcase classname="com.topcoder.service.digitalrun.entity.failuretests.TestProjectType" name="testSetCreationUserEmpty" time="0.0" />
  <testcase classname="com.topcoder.service.digitalrun.entity.failuretests.TestProjectType" name="testSetCreationUserTrimmedEmpty" time="0.0010" />
  <testcase classname="com.topcoder.service.digitalrun.entity.failuretests.TestProjectType" name="testSetModificationUserNull" time="0.0" />
  <testcase classname="com.topcoder.service.digitalrun.entity.failuretests.TestProjectType" name="testSetModificationUserEmpty" time="0.0" />
  <testcase classname="com.topcoder.service.digitalrun.entity.failuretests.TestProjectType" name="testSetModificationUserTrimmedEmpty" time="0.0" />
  <testcase classname="com.topcoder.service.digitalrun.entity.failuretests.TestDigitalRunPoints" name="testSetUserIdNegative" time="0.0" />
  <testcase classname="com.topcoder.service.digitalrun.entity.failuretests.TestDigitalRunPoints" name="testSetTrackNull" time="0.0" />
  <testcase classname="com.topcoder.service.digitalrun.entity.failuretests.TestDigitalRunPoints" name="testSetDigitalRunPointsStatusNull" time="0.0" />
  <testcase classname="com.topcoder.service.digitalrun.entity.failuretests.TestDigitalRunPoints" name="testSetDigitalRunPointsTypeNull" time="0.0" />
  <testcase classname="com.topcoder.service.digitalrun.entity.failuretests.TestDigitalRunPoints" name="testSetDigitalRunPointsReferenceTypeNull" time="0.0" />
  <testcase classname="com.topcoder.service.digitalrun.entity.failuretests.TestDigitalRunPoints" name="testSetDigitalRunPointsOperationNull" time="0.0" />
  <testcase classname="com.topcoder.service.digitalrun.entity.failuretests.TestDigitalRunPoints" name="testSetUserIdZero" time="0.0" />
  <testcase classname="com.topcoder.service.digitalrun.entity.failuretests.TestDigitalRunPoints" name="testSetAmountNegative" time="0.0" />
  <testcase classname="com.topcoder.service.digitalrun.entity.failuretests.TestDigitalRunPoints" name="testSetAmountZero" time="0.0010" />
  <testcase classname="com.topcoder.service.digitalrun.entity.failuretests.TestDigitalRunPoints" name="testSetApplicationDateNull" time="0.0" />
  <testcase classname="com.topcoder.service.digitalrun.entity.failuretests.TestDigitalRunPoints" name="testSetAwardDateNull" time="0.0010" />
  <testcase classname="com.topcoder.service.digitalrun.entity.failuretests.TestDigitalRunPoints" name="testSetReferenceIdNegative" time="0.0" />
  <testcase classname="com.topcoder.service.digitalrun.entity.failuretests.TestDigitalRunPoints" name="testSetReferenceIdZero" time="0.0" />
  <testcase classname="com.topcoder.service.digitalrun.entity.failuretests.TestTrack" name="testSetTrackTypeNull" time="0.0" />
  <testcase classname="com.topcoder.service.digitalrun.entity.failuretests.TestTrack" name="testSetTrackStatusNull" time="0.0" />
  <testcase classname="com.topcoder.service.digitalrun.entity.failuretests.TestTrack" name="testSetStartDateNull" time="0.0" />
  <testcase classname="com.topcoder.service.digitalrun.entity.failuretests.TestTrack" name="testSetEndDateNull" time="0.0010" />
  <testcase classname="com.topcoder.service.digitalrun.entity.failuretests.TestTrack" name="testSetProjectTypesNull" time="0.0" />
  <testcase classname="com.topcoder.service.digitalrun.entity.failuretests.TestTrack" name="testSetProjectTypesNullElements" time="0.0" />
  <testcase classname="com.topcoder.service.digitalrun.entity.failuretests.TestTrack" name="testSetPointsCalculatorNull" time="0.0" />
  <testcase classname="com.topcoder.service.digitalrun.entity.failuretests.TestTrack" name="testSetDigitalRunPointsNull" time="0.0" />
  <testcase classname="com.topcoder.service.digitalrun.entity.failuretests.TestTrack" name="testSetDigitalRunPointsNullElements" time="0.0010" />
  <testcase classname="com.topcoder.service.digitalrun.entity.failuretests.TestTrack" name="testSetTrackContestsNull" time="0.0" />
  <testcase classname="com.topcoder.service.digitalrun.entity.failuretests.TestTrack" name="testSetTrackContestsNullElements" time="0.0" />
  <testcase classname="com.topcoder.service.digitalrun.entity.failuretests.TestPointsCalculator" name="testSetClassNameNullClassName" time="0.0" />
  <testcase classname="com.topcoder.service.digitalrun.entity.failuretests.TestPointsCalculator" name="testSetClassNameEmptyClassName" time="0.0" />
  <testcase classname="com.topcoder.service.digitalrun.entity.failuretests.TestPointsCalculator" name="testSetClassNameTrimmedEmptyClassName" time="0.0" />
  <testcase classname="com.topcoder.service.digitalrun.entity.failuretests.TestTrackContest" name="testSetTrackNull" time="0.0" />
  <testcase classname="com.topcoder.service.digitalrun.entity.failuretests.TestTrackContest" name="testSetTrackContestTypeNull" time="0.0" />
  <testcase classname="com.topcoder.service.digitalrun.entity.failuretests.TestTrackContest" name="testSetTrackContestResultCalculatorNull" time="0.0" />
  <testcase classname="com.topcoder.service.digitalrun.entity.failuretests.TestTrackContestResultCalculator" name="testSetClassNameNullClassName" time="0.0" />
  <testcase classname="com.topcoder.service.digitalrun.entity.failuretests.TestTrackContestResultCalculator" name="testSetClassNameEmptyClassName" time="0.0" />
  <testcase classname="com.topcoder.service.digitalrun.entity.failuretests.TestTrackContestResultCalculator" name="testSetClassNameTrimmedEmptyClassName" time="0.0" />
  <testcase classname="com.topcoder.service.digitalrun.entity.failuretests.TestDigitalRunEntityIDGenerator" name="testConfigureNullParams" time="0.0" />
  <testcase classname="com.topcoder.service.digitalrun.entity.failuretests.TestDigitalRunEntityIDGenerator" name="testConfigureMissingProps" time="0.0" />
  <testcase classname="com.topcoder.service.digitalrun.entity.failuretests.TestDigitalRunEntityIDGenerator" name="testConfigureEmptyPropsValues" time="0.0" />
  <testcase classname="com.topcoder.service.digitalrun.entity.failuretests.TestDigitalRunEntityIDGenerator" name="testConfigureWrongPropsValues" time="0.0" />
  <testcase classname="com.topcoder.service.digitalrun.entity.failuretests.TestDigitalRunEntityIDGenerator" name="testGenerateInvalidGenerator" time="0.026" />
  <testcase classname="com.topcoder.service.digitalrun.entity.stresstests.DigitalRunEntitiesStressTests" name="testDigitalRunEntities" time="4.739" />
  <system-out><![CDATA[generated id >> 41
DigitalRunPointsType_IDGenerator generated id : 675
TrackType_IDGenerator generated id : 759
TrackContestResultCalculator_IDGenerator generated id : 715
Track_IDGenerator generated id : 727
PointsCalculator_IDGenerator generated id : 768
Track_IDGenerator generated id : 728
Track_IDGenerator generated id : 729
DigitalRunPoints_IDGenerator generated id : 694
DigitalRunPointsType_IDGenerator generated id : 676
TrackContest_IDGenerator generated id : 664
TrackContestResultCalculator_IDGenerator generated id : 716
DigitalRunPoints_IDGenerator generated id : 695
TrackStatus_IDGenerator generated id : 738
DigitalRunPointsOperation_IDGenerator generated id : 725
DigitalRunPointsStatus_IDGenerator generated id : 735
TrackStatus_IDGenerator generated id : 739
TrackContest_IDGenerator generated id : 665
DigitalRunPointsStatus_IDGenerator generated id : 736
TrackType_IDGenerator generated id : 760
DigitalRunPoints_IDGenerator generated id : 696
PointsCalculator_IDGenerator generated id : 769
DigitalRunPointsReferenceType_IDGenerator generated id : 665
TrackContest_IDGenerator generated id : 666
TrackType_IDGenerator generated id : 761
TrackContest_IDGenerator generated id : 667
TrackStatus_IDGenerator generated id : 740
TrackContestResultCalculator_IDGenerator generated id : 717
DigitalRunPointsReferenceType_IDGenerator generated id : 666
TrackStatus_IDGenerator generated id : 741
TrackType_IDGenerator generated id : 762
DigitalRunPointsReferenceType_IDGenerator generated id : 667
TrackContestType_IDGenerator generated id : 665
PointsCalculator_IDGenerator generated id : 770
TrackType_IDGenerator generated id : 763
Track_IDGenerator generated id : 730
TrackContest_IDGenerator generated id : 668
DigitalRunPointsType_IDGenerator generated id : 677
TrackStatus_IDGenerator generated id : 742
TrackType_IDGenerator generated id : 764
TrackContest_IDGenerator generated id : 669
TrackContestResultCalculator_IDGenerator generated id : 718
DigitalRunPointsType_IDGenerator generated id : 678
TrackType_IDGenerator generated id : 765
TrackContestType_IDGenerator generated id : 666
DigitalRunPoints_IDGenerator generated id : 697
DigitalRunPointsReferenceType_IDGenerator generated id : 668
TrackStatus_IDGenerator generated id : 743
DigitalRunPointsReferenceType_IDGenerator generated id : 669
TrackContestResultCalculator_IDGenerator generated id : 719
PointsCalculator_IDGenerator generated id : 771
Track_IDGenerator generated id : 731
DigitalRunPoints_IDGenerator generated id : 698
DigitalRunPointsStatus_IDGenerator generated id : 737
TrackContest_IDGenerator generated id : 670
DigitalRunPointsType_IDGenerator generated id : 679
DigitalRunPoints_IDGenerator generated id : 699
TrackContest_IDGenerator generated id : 671
TrackStatus_IDGenerator generated id : 744
DigitalRunPoints_IDGenerator generated id : 700
DigitalRunPointsOperation_IDGenerator generated id : 726
TrackType_IDGenerator generated id : 766
DigitalRunPointsReferenceType_IDGenerator generated id : 670
DigitalRunPointsOperation_IDGenerator generated id : 727
DigitalRunPoints_IDGenerator generated id : 701
DigitalRunPointsType_IDGenerator generated id : 680
TrackContestType_IDGenerator generated id : 667
DigitalRunPointsType_IDGenerator generated id : 681
TrackContestResultCalculator_IDGenerator generated id : 720
DigitalRunPointsReferenceType_IDGenerator generated id : 671
DigitalRunPointsType_IDGenerator generated id : 682
PointsCalculator_IDGenerator generated id : 772
TrackType_IDGenerator generated id : 767
TrackContestType_IDGenerator generated id : 668
TrackContestResultCalculator_IDGenerator generated id : 721
PointsCalculator_IDGenerator generated id : 773
DigitalRunPointsType_IDGenerator generated id : 683
DigitalRunPointsStatus_IDGenerator generated id : 738
TrackStatus_IDGenerator generated id : 745
TrackContestResultCalculator_IDGenerator generated id : 722
Track_IDGenerator generated id : 732
DigitalRunPointsType_IDGenerator generated id : 684
DigitalRunPointsType_IDGenerator generated id : 685
DigitalRunPoints_IDGenerator generated id : 702
DigitalRunPointsStatus_IDGenerator generated id : 739
TrackContestResultCalculator_IDGenerator generated id : 723
DigitalRunPointsStatus_IDGenerator generated id : 740
TrackStatus_IDGenerator generated id : 746
DigitalRunPoints_IDGenerator generated id : 703
TrackStatus_IDGenerator generated id : 747
TrackContestResultCalculator_IDGenerator generated id : 724
PointsCalculator_IDGenerator generated id : 774
TrackContestResultCalculator_IDGenerator generated id : 725
PointsCalculator_IDGenerator generated id : 775
TrackContestResultCalculator_IDGenerator generated id : 726
PointsCalculator_IDGenerator generated id : 776
DigitalRunPoints_IDGenerator generated id : 704
DigitalRunPointsReferenceType_IDGenerator generated id : 672
TrackType_IDGenerator generated id : 768
DigitalRunPointsType_IDGenerator generated id : 686
DigitalRunPoints_IDGenerator generated id : 705
DigitalRunPointsReferenceType_IDGenerator generated id : 673
TrackType_IDGenerator generated id : 769
DigitalRunPointsStatus_IDGenerator generated id : 741
PointsCalculator_IDGenerator generated id : 777
TrackContest_IDGenerator generated id : 672
DigitalRunPointsReferenceType_IDGenerator generated id : 674
Track_IDGenerator generated id : 733
DigitalRunPointsType_IDGenerator generated id : 687
TrackContestType_IDGenerator generated id : 669
PointsCalculator_IDGenerator generated id : 779
PointsCalculator_IDGenerator generated id : 778
DigitalRunPoints_IDGenerator generated id : 706
Track_IDGenerator generated id : 734
TrackContestType_IDGenerator generated id : 670
TrackStatus_IDGenerator generated id : 748
TrackContestType_IDGenerator generated id : 671
TrackStatus_IDGenerator generated id : 749
TrackContestType_IDGenerator generated id : 672
TrackContest_IDGenerator generated id : 673
DigitalRunPoints_IDGenerator generated id : 707
DigitalRunPointsReferenceType_IDGenerator generated id : 675
DigitalRunPointsType_IDGenerator generated id : 688
TrackStatus_IDGenerator generated id : 750
DigitalRunPoints_IDGenerator generated id : 708
TrackContest_IDGenerator generated id : 674
TrackStatus_IDGenerator generated id : 751
TrackContest_IDGenerator generated id : 675
DigitalRunPointsOperation_IDGenerator generated id : 728
DigitalRunPointsType_IDGenerator generated id : 689
TrackStatus_IDGenerator generated id : 752
Track_IDGenerator generated id : 735
TrackContest_IDGenerator generated id : 676
TrackContestType_IDGenerator generated id : 673
TrackContestResultCalculator_IDGenerator generated id : 727
TrackType_IDGenerator generated id : 770
DigitalRunPointsOperation_IDGenerator generated id : 729
DigitalRunPointsType_IDGenerator generated id : 690
PointsCalculator_IDGenerator generated id : 780
TrackContestType_IDGenerator generated id : 674
DigitalRunPointsStatus_IDGenerator generated id : 742
TrackType_IDGenerator generated id : 771
TrackContestType_IDGenerator generated id : 675
TrackContestType_IDGenerator generated id : 677
TrackContestType_IDGenerator generated id : 676
TrackContest_IDGenerator generated id : 677
DigitalRunPoints_IDGenerator generated id : 709
DigitalRunPoints_IDGenerator generated id : 710
DigitalRunPointsOperation_IDGenerator generated id : 730
TrackStatus_IDGenerator generated id : 753
TrackType_IDGenerator generated id : 772
DigitalRunPointsOperation_IDGenerator generated id : 731
Track_IDGenerator generated id : 736
TrackContestType_IDGenerator generated id : 678
DigitalRunPointsOperation_IDGenerator generated id : 732
DigitalRunPointsStatus_IDGenerator generated id : 743
DigitalRunPointsOperation_IDGenerator generated id : 733
TrackType_IDGenerator generated id : 773
DigitalRunPointsOperation_IDGenerator generated id : 734
DigitalRunPointsReferenceType_IDGenerator generated id : 676
TrackStatus_IDGenerator generated id : 754
DigitalRunPoints_IDGenerator generated id : 711
TrackContestType_IDGenerator generated id : 679
DigitalRunPointsStatus_IDGenerator generated id : 744
TrackContestType_IDGenerator generated id : 680
DigitalRunPoints_IDGenerator generated id : 712
DigitalRunPoints_IDGenerator generated id : 713
Track_IDGenerator generated id : 737
TrackStatus_IDGenerator generated id : 755
TrackType_IDGenerator generated id : 774
Track_IDGenerator generated id : 738
TrackStatus_IDGenerator generated id : 756
DigitalRunPointsStatus_IDGenerator generated id : 745
DigitalRunPointsStatus_IDGenerator generated id : 746
Track_IDGenerator generated id : 739
TrackStatus_IDGenerator generated id : 757
DigitalRunPointsOperation_IDGenerator generated id : 735
DigitalRunPointsOperation_IDGenerator generated id : 736
DigitalRunPointsReferenceType_IDGenerator generated id : 677
DigitalRunPointsOperation_IDGenerator generated id : 737
TrackContestType_IDGenerator generated id : 681
TrackType_IDGenerator generated id : 775
TrackContest_IDGenerator generated id : 678
TrackType_IDGenerator generated id : 776
TrackType_IDGenerator generated id : 777
PointsCalculator_IDGenerator generated id : 781
DigitalRunPointsReferenceType_IDGenerator generated id : 678
DigitalRunPointsReferenceType_IDGenerator generated id : 679
TrackContest_IDGenerator generated id : 679
TrackType_IDGenerator generated id : 778
DigitalRunPointsType_IDGenerator generated id : 691
DigitalRunPointsOperation_IDGenerator generated id : 738
TrackStatus_IDGenerator generated id : 758
DigitalRunPointsOperation_IDGenerator generated id : 739
Track_IDGenerator generated id : 740
DigitalRunPointsStatus_IDGenerator generated id : 747
Track_IDGenerator generated id : 741
TrackType_IDGenerator generated id : 779
Track_IDGenerator generated id : 742
Track_IDGenerator generated id : 744
TrackContestResultCalculator_IDGenerator generated id : 728
DigitalRunPointsType_IDGenerator generated id : 692
Track_IDGenerator generated id : 743
TrackContestResultCalculator_IDGenerator generated id : 729
DigitalRunPointsOperation_IDGenerator generated id : 740
TrackContestType_IDGenerator generated id : 682
DigitalRunPointsReferenceType_IDGenerator generated id : 680
TrackContestType_IDGenerator generated id : 683
DigitalRunPointsStatus_IDGenerator generated id : 748
DigitalRunPointsReferenceType_IDGenerator generated id : 681
DigitalRunPointsType_IDGenerator generated id : 693
DigitalRunPointsReferenceType_IDGenerator generated id : 682
TrackContestResultCalculator_IDGenerator generated id : 730
DigitalRunPointsReferenceType_IDGenerator generated id : 683
DigitalRunPoints_IDGenerator generated id : 714
DigitalRunPointsOperation_IDGenerator generated id : 741
TrackType_IDGenerator generated id : 780
PointsCalculator_IDGenerator generated id : 782
TrackType_IDGenerator generated id : 781
TrackContestResultCalculator_IDGenerator generated id : 731
DigitalRunPointsType_IDGenerator generated id : 694
TrackContestResultCalculator_IDGenerator generated id : 732
Track_IDGenerator generated id : 745
TrackContestResultCalculator_IDGenerator generated id : 733
TrackContestType_IDGenerator generated id : 684
TrackType_IDGenerator generated id : 782
DigitalRunPointsType_IDGenerator generated id : 695
PointsCalculator_IDGenerator generated id : 783
TrackType_IDGenerator generated id : 783
DigitalRunPointsReferenceType_IDGenerator generated id : 684
TrackType_IDGenerator generated id : 784
PointsCalculator_IDGenerator generated id : 784
DigitalRunPointsReferenceType_IDGenerator generated id : 685
DigitalRunPoints_IDGenerator generated id : 715
DigitalRunPointsReferenceType_IDGenerator generated id : 686
TrackContest_IDGenerator generated id : 680
PointsCalculator_IDGenerator generated id : 785
DigitalRunPointsType_IDGenerator generated id : 696
TrackContestType_IDGenerator generated id : 685
TrackContestType_IDGenerator generated id : 686
TrackContest_IDGenerator generated id : 681
TrackContestType_IDGenerator generated id : 687
DigitalRunPointsOperation_IDGenerator generated id : 742
DigitalRunPoints_IDGenerator generated id : 716
PointsCalculator_IDGenerator generated id : 786
TrackType_IDGenerator generated id : 785
TrackType_IDGenerator generated id : 786
DigitalRunPoints_IDGenerator generated id : 717
DigitalRunPointsOperation_IDGenerator generated id : 743
TrackType_IDGenerator generated id : 787
DigitalRunPointsStatus_IDGenerator generated id : 749
PointsCalculator_IDGenerator generated id : 787
DigitalRunPointsStatus_IDGenerator generated id : 750
TrackContest_IDGenerator generated id : 682
TrackStatus_IDGenerator generated id : 759
TrackType_IDGenerator generated id : 788
TrackContestType_IDGenerator generated id : 688
DigitalRunPointsReferenceType_IDGenerator generated id : 687
Track_IDGenerator generated id : 746
DigitalRunPoints_IDGenerator generated id : 718
DigitalRunPointsType_IDGenerator generated id : 697
PointsCalculator_IDGenerator generated id : 788
TrackStatus_IDGenerator generated id : 760
TrackContestResultCalculator_IDGenerator generated id : 734
TrackType_IDGenerator generated id : 789
TrackContestType_IDGenerator generated id : 690
DigitalRunPointsType_IDGenerator generated id : 698
TrackContestType_IDGenerator generated id : 689
TrackContest_IDGenerator generated id : 683
PointsCalculator_IDGenerator generated id : 789
DigitalRunPointsType_IDGenerator generated id : 699
DigitalRunPointsOperation_IDGenerator generated id : 744
Track_IDGenerator generated id : 747
PointsCalculator_IDGenerator generated id : 790
TrackContestType_IDGenerator generated id : 691
PointsCalculator_IDGenerator generated id : 791
TrackContestType_IDGenerator generated id : 692
PointsCalculator_IDGenerator generated id : 792
DigitalRunPointsType_IDGenerator generated id : 700
DigitalRunPoints_IDGenerator generated id : 719
DigitalRunPointsType_IDGenerator generated id : 701
PointsCalculator_IDGenerator generated id : 793
DigitalRunPointsStatus_IDGenerator generated id : 751
TrackContest_IDGenerator generated id : 684
TrackContestResultCalculator_IDGenerator generated id : 735
Track_IDGenerator generated id : 748
TrackContestResultCalculator_IDGenerator generated id : 736
TrackContestType_IDGenerator generated id : 693
TrackContestType_IDGenerator generated id : 694
TrackContest_IDGenerator generated id : 685
PointsCalculator_IDGenerator generated id : 794
DigitalRunPointsOperation_IDGenerator generated id : 745
TrackStatus_IDGenerator generated id : 761
DigitalRunPoints_IDGenerator generated id : 720
DigitalRunPointsOperation_IDGenerator generated id : 746
DigitalRunPointsType_IDGenerator generated id : 702
PointsCalculator_IDGenerator generated id : 795
DigitalRunPointsReferenceType_IDGenerator generated id : 688
DigitalRunPointsStatus_IDGenerator generated id : 752
DigitalRunPoints_IDGenerator generated id : 721
DigitalRunPointsStatus_IDGenerator generated id : 753
PointsCalculator_IDGenerator generated id : 796
PointsCalculator_IDGenerator generated id : 797
DigitalRunPointsStatus_IDGenerator generated id : 754
TrackContest_IDGenerator generated id : 686
TrackContestResultCalculator_IDGenerator generated id : 737
TrackStatus_IDGenerator generated id : 762
PointsCalculator_IDGenerator generated id : 798
DigitalRunPointsType_IDGenerator generated id : 703
DigitalRunPoints_IDGenerator generated id : 722
TrackType_IDGenerator generated id : 790
TrackContestType_IDGenerator generated id : 695
Track_IDGenerator generated id : 749
TrackType_IDGenerator generated id : 791
PointsCalculator_IDGenerator generated id : 799
TrackContest_IDGenerator generated id : 687
DigitalRunPointsStatus_IDGenerator generated id : 755
TrackStatus_IDGenerator generated id : 763
TrackType_IDGenerator generated id : 792
DigitalRunPointsStatus_IDGenerator generated id : 756
DigitalRunPointsType_IDGenerator generated id : 704
DigitalRunPointsStatus_IDGenerator generated id : 757
Track_IDGenerator generated id : 750
DigitalRunPointsOperation_IDGenerator generated id : 747
PointsCalculator_IDGenerator generated id : 800
DigitalRunPointsStatus_IDGenerator generated id : 758
TrackType_IDGenerator generated id : 793
TrackStatus_IDGenerator generated id : 764
DigitalRunPointsStatus_IDGenerator generated id : 759
DigitalRunPointsReferenceType_IDGenerator generated id : 689
PointsCalculator_IDGenerator generated id : 801
DigitalRunPointsType_IDGenerator generated id : 705
TrackStatus_IDGenerator generated id : 765
PointsCalculator_IDGenerator generated id : 802
TrackContestResultCalculator_IDGenerator generated id : 738
DigitalRunPointsType_IDGenerator generated id : 706
TrackStatus_IDGenerator generated id : 766
DigitalRunPoints_IDGenerator generated id : 723
DigitalRunPointsType_IDGenerator generated id : 707
PointsCalculator_IDGenerator generated id : 803
DigitalRunPointsOperation_IDGenerator generated id : 748
DigitalRunPoints_IDGenerator generated id : 724
DigitalRunPointsReferenceType_IDGenerator generated id : 690
TrackContestResultCalculator_IDGenerator generated id : 739
DigitalRunPointsOperation_IDGenerator generated id : 749
TrackContestResultCalculator_IDGenerator generated id : 740
DigitalRunPointsStatus_IDGenerator generated id : 760
PointsCalculator_IDGenerator generated id : 804
DigitalRunPoints_IDGenerator generated id : 725
TrackContest_IDGenerator generated id : 688
DigitalRunPointsReferenceType_IDGenerator generated id : 691
TrackContestType_IDGenerator generated id : 696
DigitalRunPoints_IDGenerator generated id : 726
DigitalRunPointsStatus_IDGenerator generated id : 761
TrackContestResultCalculator_IDGenerator generated id : 741
DigitalRunPointsReferenceType_IDGenerator generated id : 692
TrackType_IDGenerator generated id : 794
TrackContestResultCalculator_IDGenerator generated id : 742
DigitalRunPointsType_IDGenerator generated id : 708
DigitalRunPointsStatus_IDGenerator generated id : 762
DigitalRunPointsOperation_IDGenerator generated id : 750
DigitalRunPoints_IDGenerator generated id : 727
TrackContest_IDGenerator generated id : 689
Track_IDGenerator generated id : 751
PointsCalculator_IDGenerator generated id : 805
DigitalRunPointsReferenceType_IDGenerator generated id : 693
Track_IDGenerator generated id : 752
TrackContestType_IDGenerator generated id : 697
DigitalRunPointsReferenceType_IDGenerator generated id : 694
TrackType_IDGenerator generated id : 795
TrackType_IDGenerator generated id : 796
PointsCalculator_IDGenerator generated id : 806
Track_IDGenerator generated id : 753
TrackType_IDGenerator generated id : 797
DigitalRunPointsOperation_IDGenerator generated id : 751
TrackContest_IDGenerator generated id : 690
TrackContestResultCalculator_IDGenerator generated id : 743
TrackContestResultCalculator_IDGenerator generated id : 744
PointsCalculator_IDGenerator generated id : 807
Track_IDGenerator generated id : 754
TrackType_IDGenerator generated id : 798
TrackContestType_IDGenerator generated id : 698
TrackContest_IDGenerator generated id : 691
DigitalRunPoints_IDGenerator generated id : 728
PointsCalculator_IDGenerator generated id : 808
Track_IDGenerator generated id : 755
DigitalRunPoints_IDGenerator generated id : 729
TrackContestType_IDGenerator generated id : 699
Track_IDGenerator generated id : 756
TrackContestResultCalculator_IDGenerator generated id : 745
Track_IDGenerator generated id : 757
TrackContest_IDGenerator generated id : 692
DigitalRunPointsType_IDGenerator generated id : 709
DigitalRunPointsStatus_IDGenerator generated id : 763
DigitalRunPointsReferenceType_IDGenerator generated id : 695
DigitalRunPointsOperation_IDGenerator generated id : 752
TrackStatus_IDGenerator generated id : 767
TrackContestResultCalculator_IDGenerator generated id : 746
DigitalRunPointsStatus_IDGenerator generated id : 764
DigitalRunPointsReferenceType_IDGenerator generated id : 696
DigitalRunPointsOperation_IDGenerator generated id : 753
TrackContestResultCalculator_IDGenerator generated id : 747
DigitalRunPointsType_IDGenerator generated id : 710
DigitalRunPointsReferenceType_IDGenerator generated id : 697
TrackContestResultCalculator_IDGenerator generated id : 748
TrackContest_IDGenerator generated id : 693
Track_IDGenerator generated id : 758
DigitalRunPoints_IDGenerator generated id : 730
TrackType_IDGenerator generated id : 799
PointsCalculator_IDGenerator generated id : 809
TrackStatus_IDGenerator generated id : 768
PointsCalculator_IDGenerator generated id : 810
DigitalRunPointsStatus_IDGenerator generated id : 765
DigitalRunPoints_IDGenerator generated id : 731
TrackContestResultCalculator_IDGenerator generated id : 749
TrackContestResultCalculator_IDGenerator generated id : 750
TrackType_IDGenerator generated id : 800
DigitalRunPointsType_IDGenerator generated id : 711
TrackType_IDGenerator generated id : 801
TrackStatus_IDGenerator generated id : 769
TrackContestType_IDGenerator generated id : 700
TrackContestResultCalculator_IDGenerator generated id : 751
TrackContestResultCalculator_IDGenerator generated id : 752
TrackStatus_IDGenerator generated id : 770
DigitalRunPointsType_IDGenerator generated id : 712
Track_IDGenerator generated id : 759
PointsCalculator_IDGenerator generated id : 811
DigitalRunPointsType_IDGenerator generated id : 713
TrackStatus_IDGenerator generated id : 771
TrackStatus_IDGenerator generated id : 772
DigitalRunPointsOperation_IDGenerator generated id : 754
DigitalRunPointsType_IDGenerator generated id : 714
DigitalRunPointsReferenceType_IDGenerator generated id : 698
DigitalRunPointsReferenceType_IDGenerator generated id : 699
DigitalRunPointsOperation_IDGenerator generated id : 755
DigitalRunPointsOperation_IDGenerator generated id : 756
TrackType_IDGenerator generated id : 802
TrackType_IDGenerator generated id : 803
TrackType_IDGenerator generated id : 804
DigitalRunPointsOperation_IDGenerator generated id : 757
DigitalRunPointsStatus_IDGenerator generated id : 766
TrackContestResultCalculator_IDGenerator generated id : 753
TrackContestType_IDGenerator generated id : 701
TrackType_IDGenerator generated id : 805
TrackType_IDGenerator generated id : 806
DigitalRunPoints_IDGenerator generated id : 732
DigitalRunPointsOperation_IDGenerator generated id : 758
DigitalRunPointsOperation_IDGenerator generated id : 759
DigitalRunPointsReferenceType_IDGenerator generated id : 700
DigitalRunPointsStatus_IDGenerator generated id : 767
DigitalRunPointsStatus_IDGenerator generated id : 768
DigitalRunPoints_IDGenerator generated id : 733
DigitalRunPointsOperation_IDGenerator generated id : 760
TrackStatus_IDGenerator generated id : 773
TrackContestResultCalculator_IDGenerator generated id : 754
DigitalRunPointsStatus_IDGenerator generated id : 769
DigitalRunPoints_IDGenerator generated id : 734
DigitalRunPoints_IDGenerator generated id : 735
PointsCalculator_IDGenerator generated id : 812
DigitalRunPointsType_IDGenerator generated id : 715
DigitalRunPointsReferenceType_IDGenerator generated id : 701
DigitalRunPointsStatus_IDGenerator generated id : 770
TrackType_IDGenerator generated id : 807
TrackStatus_IDGenerator generated id : 774
TrackType_IDGenerator generated id : 808
TrackContest_IDGenerator generated id : 694
DigitalRunPointsStatus_IDGenerator generated id : 771
DigitalRunPointsType_IDGenerator generated id : 716
DigitalRunPointsReferenceType_IDGenerator generated id : 702
DigitalRunPointsOperation_IDGenerator generated id : 761
TrackType_IDGenerator generated id : 809
DigitalRunPointsOperation_IDGenerator generated id : 762
DigitalRunPointsStatus_IDGenerator generated id : 772
PointsCalculator_IDGenerator generated id : 813
TrackContestResultCalculator_IDGenerator generated id : 755
DigitalRunPointsOperation_IDGenerator generated id : 763
DigitalRunPointsType_IDGenerator generated id : 717
TrackContestType_IDGenerator generated id : 702
DigitalRunPointsStatus_IDGenerator generated id : 773
DigitalRunPointsReferenceType_IDGenerator generated id : 703
TrackType_IDGenerator generated id : 810
TrackContestResultCalculator_IDGenerator generated id : 756
TrackStatus_IDGenerator generated id : 775
PointsCalculator_IDGenerator generated id : 814
TrackType_IDGenerator generated id : 811
TrackContestResultCalculator_IDGenerator generated id : 757
TrackContestType_IDGenerator generated id : 703
DigitalRunPointsType_IDGenerator generated id : 718
TrackContestResultCalculator_IDGenerator generated id : 758
TrackStatus_IDGenerator generated id : 776
TrackContestType_IDGenerator generated id : 704
Track_IDGenerator generated id : 760
DigitalRunPoints_IDGenerator generated id : 736
DigitalRunPointsReferenceType_IDGenerator generated id : 704
DigitalRunPointsType_IDGenerator generated id : 719
TrackContest_IDGenerator generated id : 695
DigitalRunPoints_IDGenerator generated id : 737
DigitalRunPoints_IDGenerator generated id : 738
TrackContestType_IDGenerator generated id : 705
DigitalRunPointsOperation_IDGenerator generated id : 764
DigitalRunPointsStatus_IDGenerator generated id : 774
TrackStatus_IDGenerator generated id : 777
DigitalRunPointsType_IDGenerator generated id : 720
TrackContestResultCalculator_IDGenerator generated id : 759
TrackContestType_IDGenerator generated id : 706
TrackType_IDGenerator generated id : 812
DigitalRunPoints_IDGenerator generated id : 739
Track_IDGenerator generated id : 761
DigitalRunPointsStatus_IDGenerator generated id : 775
DigitalRunPointsOperation_IDGenerator generated id : 765
DigitalRunPoints_IDGenerator generated id : 740
DigitalRunPointsOperation_IDGenerator generated id : 766
TrackContest_IDGenerator generated id : 696
DigitalRunPointsType_IDGenerator generated id : 721
TrackType_IDGenerator generated id : 813
DigitalRunPointsStatus_IDGenerator generated id : 776
DigitalRunPoints_IDGenerator generated id : 741
DigitalRunPointsOperation_IDGenerator generated id : 767
TrackContestType_IDGenerator generated id : 707
PointsCalculator_IDGenerator generated id : 815
DigitalRunPoints_IDGenerator generated id : 742
TrackContestResultCalculator_IDGenerator generated id : 760
DigitalRunPointsOperation_IDGenerator generated id : 768
DigitalRunPointsStatus_IDGenerator generated id : 777
Track_IDGenerator generated id : 762
DigitalRunPointsOperation_IDGenerator generated id : 769
DigitalRunPointsStatus_IDGenerator generated id : 778
TrackStatus_IDGenerator generated id : 778
TrackType_IDGenerator generated id : 814
DigitalRunPointsReferenceType_IDGenerator generated id : 705
TrackContest_IDGenerator generated id : 697
PointsCalculator_IDGenerator generated id : 816
TrackContest_IDGenerator generated id : 698
DigitalRunPointsStatus_IDGenerator generated id : 779
DigitalRunPointsType_IDGenerator generated id : 722
Track_IDGenerator generated id : 763
DigitalRunPointsReferenceType_IDGenerator generated id : 706
TrackContest_IDGenerator generated id : 699
DigitalRunPointsReferenceType_IDGenerator generated id : 707
TrackType_IDGenerator generated id : 815
DigitalRunPointsStatus_IDGenerator generated id : 780
TrackContestResultCalculator_IDGenerator generated id : 761
DigitalRunPointsStatus_IDGenerator generated id : 781
DigitalRunPointsStatus_IDGenerator generated id : 782
TrackContest_IDGenerator generated id : 700
TrackContest_IDGenerator generated id : 701
DigitalRunPointsReferenceType_IDGenerator generated id : 708
DigitalRunPointsType_IDGenerator generated id : 723
DigitalRunPointsOperation_IDGenerator generated id : 770
TrackContestResultCalculator_IDGenerator generated id : 762
TrackContestType_IDGenerator generated id : 708
TrackContest_IDGenerator generated id : 702
DigitalRunPointsReferenceType_IDGenerator generated id : 709
DigitalRunPoints_IDGenerator generated id : 743
TrackType_IDGenerator generated id : 816
DigitalRunPointsOperation_IDGenerator generated id : 771
DigitalRunPointsReferenceType_IDGenerator generated id : 710
DigitalRunPointsOperation_IDGenerator generated id : 772
DigitalRunPointsReferenceType_IDGenerator generated id : 711
DigitalRunPointsStatus_IDGenerator generated id : 783
TrackContestType_IDGenerator generated id : 709
TrackType_IDGenerator generated id : 817
TrackStatus_IDGenerator generated id : 779
TrackContestType_IDGenerator generated id : 710
TrackStatus_IDGenerator generated id : 780
TrackContestResultCalculator_IDGenerator generated id : 763
TrackContestType_IDGenerator generated id : 711
TrackContestType_IDGenerator generated id : 712
TrackContestType_IDGenerator generated id : 713
TrackContestResultCalculator_IDGenerator generated id : 764
DigitalRunPointsType_IDGenerator generated id : 724
DigitalRunPointsStatus_IDGenerator generated id : 784
TrackContestResultCalculator_IDGenerator generated id : 765
DigitalRunPointsType_IDGenerator generated id : 725
TrackContestResultCalculator_IDGenerator generated id : 766
TrackStatus_IDGenerator generated id : 781
TrackStatus_IDGenerator generated id : 782
Track_IDGenerator generated id : 764
TrackStatus_IDGenerator generated id : 783
DigitalRunPointsStatus_IDGenerator generated id : 785
DigitalRunPointsType_IDGenerator generated id : 726
Track_IDGenerator generated id : 765
DigitalRunPointsType_IDGenerator generated id : 727
TrackContest_IDGenerator generated id : 703
DigitalRunPoints_IDGenerator generated id : 744
TrackContest_IDGenerator generated id : 704
TrackContestResultCalculator_IDGenerator generated id : 767
DigitalRunPointsStatus_IDGenerator generated id : 786
DigitalRunPointsReferenceType_IDGenerator generated id : 712
DigitalRunPointsStatus_IDGenerator generated id : 787
DigitalRunPointsOperation_IDGenerator generated id : 773
TrackStatus_IDGenerator generated id : 784
DigitalRunPointsType_IDGenerator generated id : 728
DigitalRunPointsStatus_IDGenerator generated id : 788
TrackStatus_IDGenerator generated id : 785
TrackStatus_IDGenerator generated id : 786
DigitalRunPoints_IDGenerator generated id : 745
DigitalRunPointsType_IDGenerator generated id : 729
DigitalRunPointsReferenceType_IDGenerator generated id : 713
TrackStatus_IDGenerator generated id : 787
TrackContestType_IDGenerator generated id : 714
DigitalRunPointsReferenceType_IDGenerator generated id : 714
DigitalRunPointsReferenceType_IDGenerator generated id : 715
DigitalRunPointsReferenceType_IDGenerator generated id : 716
DigitalRunPointsType_IDGenerator generated id : 730
DigitalRunPointsType_IDGenerator generated id : 731
DigitalRunPointsType_IDGenerator generated id : 732
TrackType_IDGenerator generated id : 818
DigitalRunPointsOperation_IDGenerator generated id : 774
PointsCalculator_IDGenerator generated id : 817
DigitalRunPointsType_IDGenerator generated id : 733
DigitalRunPointsReferenceType_IDGenerator generated id : 717
TrackContest_IDGenerator generated id : 705
TrackContestType_IDGenerator generated id : 715
TrackType_IDGenerator generated id : 819
TrackStatus_IDGenerator generated id : 788
TrackContestType_IDGenerator generated id : 716
DigitalRunPointsReferenceType_IDGenerator generated id : 718
TrackType_IDGenerator generated id : 820
TrackContest_IDGenerator generated id : 706
DigitalRunPointsReferenceType_IDGenerator generated id : 719
DigitalRunPointsType_IDGenerator generated id : 734
DigitalRunPointsOperation_IDGenerator generated id : 775
PointsCalculator_IDGenerator generated id : 818
DigitalRunPointsOperation_IDGenerator generated id : 776
PointsCalculator_IDGenerator generated id : 819
DigitalRunPointsType_IDGenerator generated id : 735
DigitalRunPointsReferenceType_IDGenerator generated id : 720
DigitalRunPointsStatus_IDGenerator generated id : 789
TrackType_IDGenerator generated id : 821
DigitalRunPointsType_IDGenerator generated id : 736
Track_IDGenerator generated id : 766
DigitalRunPointsStatus_IDGenerator generated id : 790
Track_IDGenerator generated id : 767
PointsCalculator_IDGenerator generated id : 820
TrackContestResultCalculator_IDGenerator generated id : 768
TrackContest_IDGenerator generated id : 707
Track_IDGenerator generated id : 768
TrackContestType_IDGenerator generated id : 717
DigitalRunPointsReferenceType_IDGenerator generated id : 721
DigitalRunPointsOperation_IDGenerator generated id : 777
TrackContestResultCalculator_IDGenerator generated id : 769
Track_IDGenerator generated id : 769
DigitalRunPointsReferenceType_IDGenerator generated id : 722
DigitalRunPointsReferenceType_IDGenerator generated id : 723
DigitalRunPointsStatus_IDGenerator generated id : 791
TrackStatus_IDGenerator generated id : 789
TrackStatus_IDGenerator generated id : 790
PointsCalculator_IDGenerator generated id : 821
TrackType_IDGenerator generated id : 822
DigitalRunPointsStatus_IDGenerator generated id : 792
DigitalRunPointsType_IDGenerator generated id : 737
TrackContestResultCalculator_IDGenerator generated id : 770
DigitalRunPointsStatus_IDGenerator generated id : 793
DigitalRunPointsOperation_IDGenerator generated id : 778
TrackContest_IDGenerator generated id : 708
DigitalRunPointsStatus_IDGenerator generated id : 794
TrackContestResultCalculator_IDGenerator generated id : 771
DigitalRunPointsReferenceType_IDGenerator generated id : 724
TrackType_IDGenerator generated id : 823
DigitalRunPointsType_IDGenerator generated id : 738
TrackStatus_IDGenerator generated id : 791
DigitalRunPointsOperation_IDGenerator generated id : 779
DigitalRunPointsReferenceType_IDGenerator generated id : 725
TrackContest_IDGenerator generated id : 709
PointsCalculator_IDGenerator generated id : 822
DigitalRunPointsType_IDGenerator generated id : 739
TrackContestResultCalculator_IDGenerator generated id : 772
TrackStatus_IDGenerator generated id : 792
DigitalRunPoints_IDGenerator generated id : 746
TrackStatus_IDGenerator generated id : 793
DigitalRunPointsOperation_IDGenerator generated id : 780
TrackStatus_IDGenerator generated id : 794
Track_IDGenerator generated id : 770
TrackType_IDGenerator generated id : 824
DigitalRunPointsStatus_IDGenerator generated id : 795
TrackContest_IDGenerator generated id : 710
DigitalRunPoints_IDGenerator generated id : 747
TrackContestResultCalculator_IDGenerator generated id : 773
TrackStatus_IDGenerator generated id : 795
DigitalRunPoints_IDGenerator generated id : 748
DigitalRunPoints_IDGenerator generated id : 749
TrackContest_IDGenerator generated id : 711
TrackType_IDGenerator generated id : 825
DigitalRunPointsStatus_IDGenerator generated id : 796
TrackContestType_IDGenerator generated id : 718
DigitalRunPointsType_IDGenerator generated id : 740
TrackContest_IDGenerator generated id : 712
TrackContest_IDGenerator generated id : 713
Track_IDGenerator generated id : 771
TrackType_IDGenerator generated id : 826
TrackContest_IDGenerator generated id : 714
DigitalRunPointsOperation_IDGenerator generated id : 781
TrackContestResultCalculator_IDGenerator generated id : 774
DigitalRunPointsOperation_IDGenerator generated id : 782
DigitalRunPointsReferenceType_IDGenerator generated id : 726
TrackContestType_IDGenerator generated id : 719
DigitalRunPoints_IDGenerator generated id : 750
Track_IDGenerator generated id : 772
TrackContestResultCalculator_IDGenerator generated id : 775
PointsCalculator_IDGenerator generated id : 823
TrackContest_IDGenerator generated id : 715
DigitalRunPointsStatus_IDGenerator generated id : 797
TrackContestResultCalculator_IDGenerator generated id : 776
DigitalRunPointsOperation_IDGenerator generated id : 783
Track_IDGenerator generated id : 773
TrackContest_IDGenerator generated id : 716
DigitalRunPointsStatus_IDGenerator generated id : 798
TrackContest_IDGenerator generated id : 717
DigitalRunPointsType_IDGenerator generated id : 741
TrackType_IDGenerator generated id : 827
DigitalRunPointsReferenceType_IDGenerator generated id : 727
PointsCalculator_IDGenerator generated id : 824
TrackContestResultCalculator_IDGenerator generated id : 777
TrackStatus_IDGenerator generated id : 796
TrackContestType_IDGenerator generated id : 720
DigitalRunPointsReferenceType_IDGenerator generated id : 728
DigitalRunPointsType_IDGenerator generated id : 742
Track_IDGenerator generated id : 774
DigitalRunPointsStatus_IDGenerator generated id : 799
TrackStatus_IDGenerator generated id : 797
DigitalRunPointsOperation_IDGenerator generated id : 784
DigitalRunPoints_IDGenerator generated id : 751
TrackContest_IDGenerator generated id : 718
DigitalRunPointsOperation_IDGenerator generated id : 785
PointsCalculator_IDGenerator generated id : 825
PointsCalculator_IDGenerator generated id : 826
PointsCalculator_IDGenerator generated id : 827
DigitalRunPointsOperation_IDGenerator generated id : 786
DigitalRunPointsReferenceType_IDGenerator generated id : 729
DigitalRunPointsReferenceType_IDGenerator generated id : 730
DigitalRunPointsOperation_IDGenerator generated id : 787
DigitalRunPointsOperation_IDGenerator generated id : 788
TrackContest_IDGenerator generated id : 719
DigitalRunPointsReferenceType_IDGenerator generated id : 731
Track_IDGenerator generated id : 775
DigitalRunPointsOperation_IDGenerator generated id : 789
DigitalRunPointsStatus_IDGenerator generated id : 800
DigitalRunPointsReferenceType_IDGenerator generated id : 732
TrackStatus_IDGenerator generated id : 798
DigitalRunPoints_IDGenerator generated id : 752
DigitalRunPointsOperation_IDGenerator generated id : 790
TrackContestType_IDGenerator generated id : 721
TrackType_IDGenerator generated id : 828
TrackStatus_IDGenerator generated id : 799
DigitalRunPointsOperation_IDGenerator generated id : 791
TrackContestType_IDGenerator generated id : 722
TrackStatus_IDGenerator generated id : 800
TrackContestResultCalculator_IDGenerator generated id : 778
TrackStatus_IDGenerator generated id : 801
TrackContestResultCalculator_IDGenerator generated id : 779
TrackType_IDGenerator generated id : 829
DigitalRunPointsType_IDGenerator generated id : 743
TrackStatus_IDGenerator generated id : 802
DigitalRunPointsReferenceType_IDGenerator generated id : 733
TrackStatus_IDGenerator generated id : 803
DigitalRunPointsStatus_IDGenerator generated id : 801
Track_IDGenerator generated id : 776
DigitalRunPointsType_IDGenerator generated id : 744
DigitalRunPointsType_IDGenerator generated id : 745
TrackContestType_IDGenerator generated id : 723
DigitalRunPointsType_IDGenerator generated id : 746
TrackContestResultCalculator_IDGenerator generated id : 780
TrackType_IDGenerator generated id : 830
TrackContest_IDGenerator generated id : 720
DigitalRunPointsType_IDGenerator generated id : 747
DigitalRunPointsReferenceType_IDGenerator generated id : 734
DigitalRunPointsReferenceType_IDGenerator generated id : 735
Track_IDGenerator generated id : 777
PointsCalculator_IDGenerator generated id : 828
DigitalRunPointsOperation_IDGenerator generated id : 792
DigitalRunPointsType_IDGenerator generated id : 748
Track_IDGenerator generated id : 778
Track_IDGenerator generated id : 779
TrackContest_IDGenerator generated id : 721
DigitalRunPointsReferenceType_IDGenerator generated id : 736
TrackContestType_IDGenerator generated id : 724
DigitalRunPointsType_IDGenerator generated id : 749
DigitalRunPointsType_IDGenerator generated id : 750
TrackContestResultCalculator_IDGenerator generated id : 781
Track_IDGenerator generated id : 780
DigitalRunPointsReferenceType_IDGenerator generated id : 737
PointsCalculator_IDGenerator generated id : 829
DigitalRunPointsReferenceType_IDGenerator generated id : 738
TrackContest_IDGenerator generated id : 722
DigitalRunPointsType_IDGenerator generated id : 751
DigitalRunPointsReferenceType_IDGenerator generated id : 739
DigitalRunPointsStatus_IDGenerator generated id : 802
TrackType_IDGenerator generated id : 831
DigitalRunPointsStatus_IDGenerator generated id : 803
TrackContestType_IDGenerator generated id : 725
TrackContest_IDGenerator generated id : 723
DigitalRunPoints_IDGenerator generated id : 753
PointsCalculator_IDGenerator generated id : 830
DigitalRunPointsOperation_IDGenerator generated id : 793
DigitalRunPointsStatus_IDGenerator generated id : 804
TrackContest_IDGenerator generated id : 724
TrackContestResultCalculator_IDGenerator generated id : 782
TrackContest_IDGenerator generated id : 725
Track_IDGenerator generated id : 781
TrackContest_IDGenerator generated id : 726
DigitalRunPointsOperation_IDGenerator generated id : 794
PointsCalculator_IDGenerator generated id : 831
TrackContestType_IDGenerator generated id : 726
PointsCalculator_IDGenerator generated id : 832
DigitalRunPointsStatus_IDGenerator generated id : 805
DigitalRunPointsStatus_IDGenerator generated id : 806
DigitalRunPointsType_IDGenerator generated id : 752
PointsCalculator_IDGenerator generated id : 833
TrackStatus_IDGenerator generated id : 804
DigitalRunPoints_IDGenerator generated id : 754
TrackType_IDGenerator generated id : 832
DigitalRunPointsType_IDGenerator generated id : 753
DigitalRunPointsOperation_IDGenerator generated id : 795
TrackContestType_IDGenerator generated id : 727
PointsCalculator_IDGenerator generated id : 834
TrackContestType_IDGenerator generated id : 728
PointsCalculator_IDGenerator generated id : 835
DigitalRunPoints_IDGenerator generated id : 755
DigitalRunPoints_IDGenerator generated id : 756
TrackContest_IDGenerator generated id : 727
DigitalRunPoints_IDGenerator generated id : 757
DigitalRunPoints_IDGenerator generated id : 758
DigitalRunPointsReferenceType_IDGenerator generated id : 740
Track_IDGenerator generated id : 782
Track_IDGenerator generated id : 783
TrackContestType_IDGenerator generated id : 729
DigitalRunPointsType_IDGenerator generated id : 754
TrackContest_IDGenerator generated id : 728
PointsCalculator_IDGenerator generated id : 836
DigitalRunPointsStatus_IDGenerator generated id : 807
TrackContestResultCalculator_IDGenerator generated id : 783
TrackContest_IDGenerator generated id : 729
PointsCalculator_IDGenerator generated id : 837
TrackContestResultCalculator_IDGenerator generated id : 784
DigitalRunPointsOperation_IDGenerator generated id : 796
DigitalRunPointsReferenceType_IDGenerator generated id : 741
DigitalRunPointsStatus_IDGenerator generated id : 808
TrackType_IDGenerator generated id : 833
DigitalRunPointsStatus_IDGenerator generated id : 809
TrackContestType_IDGenerator generated id : 730
TrackContestResultCalculator_IDGenerator generated id : 785
TrackType_IDGenerator generated id : 834
TrackType_IDGenerator generated id : 835
TrackType_IDGenerator generated id : 836
TrackContestType_IDGenerator generated id : 731
TrackStatus_IDGenerator generated id : 805
DigitalRunPointsOperation_IDGenerator generated id : 797
DigitalRunPointsType_IDGenerator generated id : 755
TrackContestResultCalculator_IDGenerator generated id : 786
DigitalRunPointsReferenceType_IDGenerator generated id : 742
TrackStatus_IDGenerator generated id : 806
TrackContestResultCalculator_IDGenerator generated id : 787
DigitalRunPointsOperation_IDGenerator generated id : 798
TrackContestType_IDGenerator generated id : 732
TrackType_IDGenerator generated id : 837
TrackStatus_IDGenerator generated id : 807
TrackContest_IDGenerator generated id : 730
TrackType_IDGenerator generated id : 838
DigitalRunPointsStatus_IDGenerator generated id : 810
TrackType_IDGenerator generated id : 839
DigitalRunPointsReferenceType_IDGenerator generated id : 743
DigitalRunPointsOperation_IDGenerator generated id : 799
DigitalRunPointsReferenceType_IDGenerator generated id : 744
DigitalRunPointsReferenceType_IDGenerator generated id : 745
TrackContestResultCalculator_IDGenerator generated id : 788
Track_IDGenerator generated id : 784
DigitalRunPointsOperation_IDGenerator generated id : 800
DigitalRunPointsOperation_IDGenerator generated id : 801
TrackStatus_IDGenerator generated id : 808
DigitalRunPoints_IDGenerator generated id : 759
TrackStatus_IDGenerator generated id : 809
TrackContest_IDGenerator generated id : 731
PointsCalculator_IDGenerator generated id : 838
DigitalRunPointsType_IDGenerator generated id : 756
DigitalRunPointsOperation_IDGenerator generated id : 802
DigitalRunPoints_IDGenerator generated id : 760
Track_IDGenerator generated id : 785
PointsCalculator_IDGenerator generated id : 839
TrackContestResultCalculator_IDGenerator generated id : 789
DigitalRunPointsOperation_IDGenerator generated id : 803
TrackContest_IDGenerator generated id : 732
TrackType_IDGenerator generated id : 840
DigitalRunPoints_IDGenerator generated id : 761
DigitalRunPointsOperation_IDGenerator generated id : 804
PointsCalculator_IDGenerator generated id : 840
DigitalRunPoints_IDGenerator generated id : 762
Track_IDGenerator generated id : 786
TrackStatus_IDGenerator generated id : 810
TrackContestType_IDGenerator generated id : 733
TrackContest_IDGenerator generated id : 733
TrackContest_IDGenerator generated id : 734
DigitalRunPointsOperation_IDGenerator generated id : 805
PointsCalculator_IDGenerator generated id : 841
TrackStatus_IDGenerator generated id : 811
DigitalRunPointsStatus_IDGenerator generated id : 811
TrackType_IDGenerator generated id : 841
TrackContestResultCalculator_IDGenerator generated id : 790
DigitalRunPointsOperation_IDGenerator generated id : 806
DigitalRunPointsReferenceType_IDGenerator generated id : 746
TrackStatus_IDGenerator generated id : 812
TrackStatus_IDGenerator generated id : 813
DigitalRunPointsStatus_IDGenerator generated id : 812
DigitalRunPointsReferenceType_IDGenerator generated id : 747
Track_IDGenerator generated id : 787
DigitalRunPointsReferenceType_IDGenerator generated id : 748
PointsCalculator_IDGenerator generated id : 842
PointsCalculator_IDGenerator generated id : 843
TrackType_IDGenerator generated id : 842
TrackType_IDGenerator generated id : 843
TrackStatus_IDGenerator generated id : 814
TrackContestType_IDGenerator generated id : 734
Track_IDGenerator generated id : 788
TrackContest_IDGenerator generated id : 735
DigitalRunPointsType_IDGenerator generated id : 757
TrackStatus_IDGenerator generated id : 815
DigitalRunPointsStatus_IDGenerator generated id : 813
TrackContest_IDGenerator generated id : 736
PointsCalculator_IDGenerator generated id : 844
DigitalRunPointsStatus_IDGenerator generated id : 814
TrackContestResultCalculator_IDGenerator generated id : 791
DigitalRunPointsOperation_IDGenerator generated id : 807
TrackContestType_IDGenerator generated id : 735
DigitalRunPoints_IDGenerator generated id : 763
TrackContestResultCalculator_IDGenerator generated id : 792
DigitalRunPointsStatus_IDGenerator generated id : 815
TrackContestResultCalculator_IDGenerator generated id : 793
TrackContestType_IDGenerator generated id : 736
TrackContest_IDGenerator generated id : 737
TrackContestType_IDGenerator generated id : 737
TrackContestType_IDGenerator generated id : 738
DigitalRunPointsOperation_IDGenerator generated id : 808
Track_IDGenerator generated id : 789
DigitalRunPointsType_IDGenerator generated id : 758
Track_IDGenerator generated id : 790
DigitalRunPoints_IDGenerator generated id : 764
Track_IDGenerator generated id : 791
TrackContest_IDGenerator generated id : 738
TrackContestResultCalculator_IDGenerator generated id : 794
DigitalRunPointsStatus_IDGenerator generated id : 816
DigitalRunPointsReferenceType_IDGenerator generated id : 749
TrackStatus_IDGenerator generated id : 816
DigitalRunPointsOperation_IDGenerator generated id : 809
TrackContest_IDGenerator generated id : 739
DigitalRunPoints_IDGenerator generated id : 765
PointsCalculator_IDGenerator generated id : 845
Track_IDGenerator generated id : 792
TrackType_IDGenerator generated id : 844
TrackType_IDGenerator generated id : 845
DigitalRunPointsStatus_IDGenerator generated id : 817
TrackType_IDGenerator generated id : 846
TrackContestResultCalculator_IDGenerator generated id : 795
TrackContest_IDGenerator generated id : 740
TrackContestType_IDGenerator generated id : 739
TrackContestType_IDGenerator generated id : 740
TrackContestType_IDGenerator generated id : 741
DigitalRunPointsReferenceType_IDGenerator generated id : 750
DigitalRunPointsType_IDGenerator generated id : 759
TrackStatus_IDGenerator generated id : 817
TrackContestResultCalculator_IDGenerator generated id : 796
DigitalRunPointsReferenceType_IDGenerator generated id : 751
DigitalRunPointsStatus_IDGenerator generated id : 818
TrackContest_IDGenerator generated id : 741
TrackType_IDGenerator generated id : 847
TrackType_IDGenerator generated id : 848
PointsCalculator_IDGenerator generated id : 846
DigitalRunPointsReferenceType_IDGenerator generated id : 752
Track_IDGenerator generated id : 793
Track_IDGenerator generated id : 794
DigitalRunPointsReferenceType_IDGenerator generated id : 753
Track_IDGenerator generated id : 795
DigitalRunPointsType_IDGenerator generated id : 760
DigitalRunPoints_IDGenerator generated id : 766
DigitalRunPoints_IDGenerator generated id : 767
Track_IDGenerator generated id : 796
TrackContestResultCalculator_IDGenerator generated id : 797
TrackContest_IDGenerator generated id : 742
Track_IDGenerator generated id : 797
DigitalRunPointsOperation_IDGenerator generated id : 810
PointsCalculator_IDGenerator generated id : 847
DigitalRunPoints_IDGenerator generated id : 768
TrackContest_IDGenerator generated id : 743
TrackContest_IDGenerator generated id : 744
DigitalRunPoints_IDGenerator generated id : 769
PointsCalculator_IDGenerator generated id : 848
DigitalRunPointsReferenceType_IDGenerator generated id : 754
TrackType_IDGenerator generated id : 849
DigitalRunPointsReferenceType_IDGenerator generated id : 755
TrackContestResultCalculator_IDGenerator generated id : 798
TrackContest_IDGenerator generated id : 745
TrackStatus_IDGenerator generated id : 818
TrackType_IDGenerator generated id : 850
DigitalRunPointsType_IDGenerator generated id : 761
TrackContest_IDGenerator generated id : 746
TrackContestType_IDGenerator generated id : 742
TrackContestResultCalculator_IDGenerator generated id : 799
DigitalRunPointsType_IDGenerator generated id : 762
TrackContestResultCalculator_IDGenerator generated id : 800
TrackType_IDGenerator generated id : 851
PointsCalculator_IDGenerator generated id : 849
DigitalRunPointsType_IDGenerator generated id : 763
TrackType_IDGenerator generated id : 852
PointsCalculator_IDGenerator generated id : 850
TrackStatus_IDGenerator generated id : 819
TrackContest_IDGenerator generated id : 747
DigitalRunPointsStatus_IDGenerator generated id : 819
TrackType_IDGenerator generated id : 853
TrackContestType_IDGenerator generated id : 743
TrackContestResultCalculator_IDGenerator generated id : 801
Track_IDGenerator generated id : 798
DigitalRunPointsReferenceType_IDGenerator generated id : 756
DigitalRunPointsStatus_IDGenerator generated id : 820
TrackContest_IDGenerator generated id : 748
TrackContestType_IDGenerator generated id : 744
TrackContestType_IDGenerator generated id : 745
Track_IDGenerator generated id : 799
PointsCalculator_IDGenerator generated id : 851
DigitalRunPointsType_IDGenerator generated id : 764
DigitalRunPoints_IDGenerator generated id : 770
DigitalRunPointsOperation_IDGenerator generated id : 811
TrackContest_IDGenerator generated id : 749
TrackContestResultCalculator_IDGenerator generated id : 802
TrackContestType_IDGenerator generated id : 746
TrackType_IDGenerator generated id : 854
DigitalRunPoints_IDGenerator generated id : 771
DigitalRunPointsStatus_IDGenerator generated id : 821
TrackStatus_IDGenerator generated id : 820
TrackContestType_IDGenerator generated id : 747
DigitalRunPointsOperation_IDGenerator generated id : 812
TrackContestResultCalculator_IDGenerator generated id : 803
DigitalRunPoints_IDGenerator generated id : 772
DigitalRunPointsStatus_IDGenerator generated id : 822
TrackContest_IDGenerator generated id : 750
TrackContestType_IDGenerator generated id : 748
PointsCalculator_IDGenerator generated id : 852
TrackStatus_IDGenerator generated id : 821
DigitalRunPoints_IDGenerator generated id : 773
DigitalRunPointsStatus_IDGenerator generated id : 823
TrackContestType_IDGenerator generated id : 749
TrackStatus_IDGenerator generated id : 822
DigitalRunPointsStatus_IDGenerator generated id : 824
DigitalRunPointsReferenceType_IDGenerator generated id : 757
TrackContestResultCalculator_IDGenerator generated id : 804
DigitalRunPointsStatus_IDGenerator generated id : 825
TrackContestResultCalculator_IDGenerator generated id : 805
TrackContest_IDGenerator generated id : 751
DigitalRunPoints_IDGenerator generated id : 774
DigitalRunPointsStatus_IDGenerator generated id : 826
TrackContest_IDGenerator generated id : 752
TrackType_IDGenerator generated id : 855
DigitalRunPoints_IDGenerator generated id : 775
DigitalRunPointsStatus_IDGenerator generated id : 827
TrackType_IDGenerator generated id : 856
DigitalRunPoints_IDGenerator generated id : 776
TrackType_IDGenerator generated id : 857
TrackStatus_IDGenerator generated id : 823
DigitalRunPoints_IDGenerator generated id : 777
TrackType_IDGenerator generated id : 858
TrackType_IDGenerator generated id : 859
TrackType_IDGenerator generated id : 860
PointsCalculator_IDGenerator generated id : 853
TrackStatus_IDGenerator generated id : 824
DigitalRunPointsType_IDGenerator generated id : 765
TrackContest_IDGenerator generated id : 753
TrackType_IDGenerator generated id : 861
TrackContest_IDGenerator generated id : 754
TrackStatus_IDGenerator generated id : 825
TrackContestResultCalculator_IDGenerator generated id : 806
TrackStatus_IDGenerator generated id : 826
DigitalRunPoints_IDGenerator generated id : 778
DigitalRunPointsType_IDGenerator generated id : 766
DigitalRunPoints_IDGenerator generated id : 779
DigitalRunPointsReferenceType_IDGenerator generated id : 758
DigitalRunPointsOperation_IDGenerator generated id : 813
DigitalRunPoints_IDGenerator generated id : 780
TrackContestType_IDGenerator generated id : 750
TrackContestType_IDGenerator generated id : 751
TrackContestType_IDGenerator generated id : 752
Track_IDGenerator generated id : 800
TrackContest_IDGenerator generated id : 755
TrackContestType_IDGenerator generated id : 753
DigitalRunPoints_IDGenerator generated id : 781
TrackContestResultCalculator_IDGenerator generated id : 807
TrackContestType_IDGenerator generated id : 754
DigitalRunPointsType_IDGenerator generated id : 767
TrackStatus_IDGenerator generated id : 827
TrackContest_IDGenerator generated id : 756
TrackStatus_IDGenerator generated id : 828
TrackContestResultCalculator_IDGenerator generated id : 808
PointsCalculator_IDGenerator generated id : 854
TrackStatus_IDGenerator generated id : 829
Track_IDGenerator generated id : 801
TrackContest_IDGenerator generated id : 757
DigitalRunPointsStatus_IDGenerator generated id : 828
TrackType_IDGenerator generated id : 862
DigitalRunPointsStatus_IDGenerator generated id : 829
PointsCalculator_IDGenerator generated id : 855
DigitalRunPointsStatus_IDGenerator generated id : 830
DigitalRunPoints_IDGenerator generated id : 782
TrackType_IDGenerator generated id : 863
DigitalRunPointsOperation_IDGenerator generated id : 814
TrackStatus_IDGenerator generated id : 830
TrackContest_IDGenerator generated id : 758
TrackContest_IDGenerator generated id : 759
TrackType_IDGenerator generated id : 864
Track_IDGenerator generated id : 802
DigitalRunPointsStatus_IDGenerator generated id : 831
DigitalRunPoints_IDGenerator generated id : 783
DigitalRunPointsType_IDGenerator generated id : 768
TrackStatus_IDGenerator generated id : 831
TrackContestResultCalculator_IDGenerator generated id : 809
Track_IDGenerator generated id : 803
DigitalRunPointsOperation_IDGenerator generated id : 815
DigitalRunPointsReferenceType_IDGenerator generated id : 759
TrackContestResultCalculator_IDGenerator generated id : 810
TrackContestResultCalculator_IDGenerator generated id : 811
DigitalRunPoints_IDGenerator generated id : 784
DigitalRunPointsType_IDGenerator generated id : 769
TrackType_IDGenerator generated id : 865
DigitalRunPointsOperation_IDGenerator generated id : 816
DigitalRunPointsStatus_IDGenerator generated id : 832
PointsCalculator_IDGenerator generated id : 856
DigitalRunPointsStatus_IDGenerator generated id : 833
DigitalRunPointsReferenceType_IDGenerator generated id : 760
TrackContest_IDGenerator generated id : 760
TrackStatus_IDGenerator generated id : 832
TrackContest_IDGenerator generated id : 761
DigitalRunPointsType_IDGenerator generated id : 770
TrackStatus_IDGenerator generated id : 833
TrackType_IDGenerator generated id : 866
TrackContest_IDGenerator generated id : 762
TrackContest_IDGenerator generated id : 763
DigitalRunPointsReferenceType_IDGenerator generated id : 761
TrackType_IDGenerator generated id : 867
DigitalRunPointsReferenceType_IDGenerator generated id : 762
DigitalRunPoints_IDGenerator generated id : 785
DigitalRunPointsStatus_IDGenerator generated id : 834
DigitalRunPoints_IDGenerator generated id : 786
DigitalRunPointsReferenceType_IDGenerator generated id : 763
PointsCalculator_IDGenerator generated id : 857
TrackContestResultCalculator_IDGenerator generated id : 812
PointsCalculator_IDGenerator generated id : 858
TrackStatus_IDGenerator generated id : 834
DigitalRunPointsType_IDGenerator generated id : 771
Track_IDGenerator generated id : 804
TrackContestType_IDGenerator generated id : 755
TrackContest_IDGenerator generated id : 764
TrackType_IDGenerator generated id : 868
TrackContest_IDGenerator generated id : 765
DigitalRunPointsType_IDGenerator generated id : 772
TrackContestType_IDGenerator generated id : 756
DigitalRunPoints_IDGenerator generated id : 787
TrackStatus_IDGenerator generated id : 835
DigitalRunPointsType_IDGenerator generated id : 773
DigitalRunPointsReferenceType_IDGenerator generated id : 764
TrackContestType_IDGenerator generated id : 757
TrackContest_IDGenerator generated id : 766
DigitalRunPointsStatus_IDGenerator generated id : 835
TrackContest_IDGenerator generated id : 767
TrackStatus_IDGenerator generated id : 836
TrackContestResultCalculator_IDGenerator generated id : 813
DigitalRunPointsOperation_IDGenerator generated id : 817
DigitalRunPointsStatus_IDGenerator generated id : 836
Track_IDGenerator generated id : 805
Track_IDGenerator generated id : 806
TrackContest_IDGenerator generated id : 768
PointsCalculator_IDGenerator generated id : 859
TrackContestResultCalculator_IDGenerator generated id : 814
DigitalRunPointsStatus_IDGenerator generated id : 837
DigitalRunPointsReferenceType_IDGenerator generated id : 765
Track_IDGenerator generated id : 807
DigitalRunPointsReferenceType_IDGenerator generated id : 766
DigitalRunPointsStatus_IDGenerator generated id : 838
TrackContestResultCalculator_IDGenerator generated id : 815
TrackContestResultCalculator_IDGenerator generated id : 816
DigitalRunPoints_IDGenerator generated id : 788
TrackContestType_IDGenerator generated id : 758
TrackStatus_IDGenerator generated id : 837
DigitalRunPointsReferenceType_IDGenerator generated id : 767
DigitalRunPointsStatus_IDGenerator generated id : 839
Track_IDGenerator generated id : 808
TrackContestResultCalculator_IDGenerator generated id : 817
DigitalRunPointsOperation_IDGenerator generated id : 818
DigitalRunPointsOperation_IDGenerator generated id : 819
TrackStatus_IDGenerator generated id : 838
TrackContest_IDGenerator generated id : 769
TrackContestResultCalculator_IDGenerator generated id : 818
Track_IDGenerator generated id : 809
DigitalRunPointsReferenceType_IDGenerator generated id : 768
DigitalRunPointsOperation_IDGenerator generated id : 820
TrackStatus_IDGenerator generated id : 839
TrackContestType_IDGenerator generated id : 759
TrackContestType_IDGenerator generated id : 760
TrackContestType_IDGenerator generated id : 761
DigitalRunPoints_IDGenerator generated id : 789
DigitalRunPoints_IDGenerator generated id : 790
TrackStatus_IDGenerator generated id : 840
DigitalRunPointsStatus_IDGenerator generated id : 840
Track_IDGenerator generated id : 810
PointsCalculator_IDGenerator generated id : 860
TrackContest_IDGenerator generated id : 770
TrackContest_IDGenerator generated id : 771
DigitalRunPointsReferenceType_IDGenerator generated id : 769
TrackContestType_IDGenerator generated id : 762
DigitalRunPointsReferenceType_IDGenerator generated id : 770
TrackType_IDGenerator generated id : 869
DigitalRunPointsStatus_IDGenerator generated id : 841
Track_IDGenerator generated id : 811
TrackContest_IDGenerator generated id : 772
DigitalRunPointsStatus_IDGenerator generated id : 842
TrackStatus_IDGenerator generated id : 841
TrackContest_IDGenerator generated id : 773
TrackContestResultCalculator_IDGenerator generated id : 819
DigitalRunPointsOperation_IDGenerator generated id : 821
TrackContestType_IDGenerator generated id : 763
TrackContest_IDGenerator generated id : 774
TrackContest_IDGenerator generated id : 775
DigitalRunPointsOperation_IDGenerator generated id : 822
DigitalRunPointsOperation_IDGenerator generated id : 823
DigitalRunPointsReferenceType_IDGenerator generated id : 771
PointsCalculator_IDGenerator generated id : 861
TrackContestResultCalculator_IDGenerator generated id : 820
TrackContestResultCalculator_IDGenerator generated id : 821
TrackType_IDGenerator generated id : 870
TrackType_IDGenerator generated id : 871
DigitalRunPoints_IDGenerator generated id : 791
TrackContest_IDGenerator generated id : 776
TrackContestType_IDGenerator generated id : 764
DigitalRunPoints_IDGenerator generated id : 792
TrackType_IDGenerator generated id : 872
DigitalRunPointsType_IDGenerator generated id : 774
DigitalRunPointsType_IDGenerator generated id : 775
DigitalRunPointsReferenceType_IDGenerator generated id : 772
TrackContestType_IDGenerator generated id : 765
DigitalRunPointsStatus_IDGenerator generated id : 843
DigitalRunPointsReferenceType_IDGenerator generated id : 773
PointsCalculator_IDGenerator generated id : 862
DigitalRunPointsType_IDGenerator generated id : 776
DigitalRunPoints_IDGenerator generated id : 793
Track_IDGenerator generated id : 812
DigitalRunPointsType_IDGenerator generated id : 777
DigitalRunPointsOperation_IDGenerator generated id : 824
TrackStatus_IDGenerator generated id : 842
Track_IDGenerator generated id : 813
DigitalRunPointsReferenceType_IDGenerator generated id : 774
TrackContestType_IDGenerator generated id : 766
DigitalRunPoints_IDGenerator generated id : 794
TrackType_IDGenerator generated id : 873
TrackContest_IDGenerator generated id : 777
TrackContest_IDGenerator generated id : 778
DigitalRunPointsOperation_IDGenerator generated id : 825
DigitalRunPointsReferenceType_IDGenerator generated id : 775
DigitalRunPointsOperation_IDGenerator generated id : 826
DigitalRunPointsOperation_IDGenerator generated id : 827
TrackContest_IDGenerator generated id : 779
Track_IDGenerator generated id : 814
TrackContestResultCalculator_IDGenerator generated id : 822
DigitalRunPoints_IDGenerator generated id : 795
TrackContest_IDGenerator generated id : 780
DigitalRunPointsType_IDGenerator generated id : 778
TrackType_IDGenerator generated id : 874
TrackContest_IDGenerator generated id : 781
DigitalRunPointsType_IDGenerator generated id : 779
TrackContestResultCalculator_IDGenerator generated id : 823
TrackContestType_IDGenerator generated id : 767
DigitalRunPointsType_IDGenerator generated id : 780
PointsCalculator_IDGenerator generated id : 863
DigitalRunPointsStatus_IDGenerator generated id : 844
TrackType_IDGenerator generated id : 875
DigitalRunPointsStatus_IDGenerator generated id : 845
DigitalRunPointsType_IDGenerator generated id : 781
TrackContestResultCalculator_IDGenerator generated id : 824
TrackContestResultCalculator_IDGenerator generated id : 825
DigitalRunPointsStatus_IDGenerator generated id : 846
TrackStatus_IDGenerator generated id : 843
DigitalRunPointsOperation_IDGenerator generated id : 828
PointsCalculator_IDGenerator generated id : 864
DigitalRunPoints_IDGenerator generated id : 796
TrackContestResultCalculator_IDGenerator generated id : 826
DigitalRunPointsOperation_IDGenerator generated id : 829
DigitalRunPointsType_IDGenerator generated id : 782
TrackContestResultCalculator_IDGenerator generated id : 827
TrackContestType_IDGenerator generated id : 768
DigitalRunPoints_IDGenerator generated id : 797
PointsCalculator_IDGenerator generated id : 865
TrackContestResultCalculator_IDGenerator generated id : 828
DigitalRunPointsOperation_IDGenerator generated id : 830
DigitalRunPointsStatus_IDGenerator generated id : 847
DigitalRunPoints_IDGenerator generated id : 798
DigitalRunPoints_IDGenerator generated id : 799
TrackContest_IDGenerator generated id : 782
DigitalRunPointsStatus_IDGenerator generated id : 848
DigitalRunPointsType_IDGenerator generated id : 783
DigitalRunPointsOperation_IDGenerator generated id : 831
DigitalRunPointsType_IDGenerator generated id : 784
TrackContest_IDGenerator generated id : 783
TrackContestResultCalculator_IDGenerator generated id : 829
TrackContestType_IDGenerator generated id : 769
DigitalRunPointsStatus_IDGenerator generated id : 849
DigitalRunPointsReferenceType_IDGenerator generated id : 776
TrackContestResultCalculator_IDGenerator generated id : 830
Track_IDGenerator generated id : 815
DigitalRunPointsOperation_IDGenerator generated id : 832
DigitalRunPointsOperation_IDGenerator generated id : 833
DigitalRunPoints_IDGenerator generated id : 800
TrackType_IDGenerator generated id : 876
TrackContest_IDGenerator generated id : 784
TrackType_IDGenerator generated id : 877
DigitalRunPointsOperation_IDGenerator generated id : 834
DigitalRunPoints_IDGenerator generated id : 801
TrackContestResultCalculator_IDGenerator generated id : 831
DigitalRunPointsType_IDGenerator generated id : 785
DigitalRunPoints_IDGenerator generated id : 802
DigitalRunPointsOperation_IDGenerator generated id : 835
PointsCalculator_IDGenerator generated id : 866
TrackContest_IDGenerator generated id : 785
TrackStatus_IDGenerator generated id : 844
DigitalRunPointsStatus_IDGenerator generated id : 850
DigitalRunPoints_IDGenerator generated id : 803
DigitalRunPoints_IDGenerator generated id : 804
DigitalRunPointsType_IDGenerator generated id : 786
TrackContestResultCalculator_IDGenerator generated id : 832
DigitalRunPointsReferenceType_IDGenerator generated id : 777
DigitalRunPointsOperation_IDGenerator generated id : 836
Track_IDGenerator generated id : 816
TrackContestType_IDGenerator generated id : 770
DigitalRunPointsStatus_IDGenerator generated id : 851
TrackContest_IDGenerator generated id : 786
TrackContest_IDGenerator generated id : 787
DigitalRunPointsOperation_IDGenerator generated id : 837
Track_IDGenerator generated id : 817
DigitalRunPointsType_IDGenerator generated id : 787
TrackContestType_IDGenerator generated id : 771
DigitalRunPointsType_IDGenerator generated id : 788
TrackStatus_IDGenerator generated id : 845
DigitalRunPointsType_IDGenerator generated id : 789
TrackStatus_IDGenerator generated id : 846
PointsCalculator_IDGenerator generated id : 867
TrackContest_IDGenerator generated id : 788
DigitalRunPointsType_IDGenerator generated id : 790
Track_IDGenerator generated id : 818
TrackContestResultCalculator_IDGenerator generated id : 833
DigitalRunPoints_IDGenerator generated id : 805
TrackContestResultCalculator_IDGenerator generated id : 834
TrackContestResultCalculator_IDGenerator generated id : 835
DigitalRunPointsOperation_IDGenerator generated id : 838
TrackStatus_IDGenerator generated id : 847
TrackType_IDGenerator generated id : 878
DigitalRunPointsOperation_IDGenerator generated id : 839
DigitalRunPoints_IDGenerator generated id : 806
DigitalRunPointsOperation_IDGenerator generated id : 840
DigitalRunPoints_IDGenerator generated id : 807
TrackContestResultCalculator_IDGenerator generated id : 836
Track_IDGenerator generated id : 819
DigitalRunPointsReferenceType_IDGenerator generated id : 778
TrackContestType_IDGenerator generated id : 772
Track_IDGenerator generated id : 820
TrackStatus_IDGenerator generated id : 848
TrackStatus_IDGenerator generated id : 849
TrackContest_IDGenerator generated id : 789
DigitalRunPointsReferenceType_IDGenerator generated id : 779
DigitalRunPointsOperation_IDGenerator generated id : 841
DigitalRunPointsStatus_IDGenerator generated id : 852
DigitalRunPointsStatus_IDGenerator generated id : 853
PointsCalculator_IDGenerator generated id : 868
DigitalRunPoints_IDGenerator generated id : 808
TrackType_IDGenerator generated id : 879
TrackContestType_IDGenerator generated id : 773
TrackContest_IDGenerator generated id : 790
TrackContest_IDGenerator generated id : 791
DigitalRunPointsStatus_IDGenerator generated id : 854
Track_IDGenerator generated id : 821
Track_IDGenerator generated id : 822
DigitalRunPointsType_IDGenerator generated id : 791
DigitalRunPointsStatus_IDGenerator generated id : 855
Track_IDGenerator generated id : 823
DigitalRunPointsOperation_IDGenerator generated id : 842
TrackContestResultCalculator_IDGenerator generated id : 837
DigitalRunPointsReferenceType_IDGenerator generated id : 780
Track_IDGenerator generated id : 824
DigitalRunPointsStatus_IDGenerator generated id : 856
DigitalRunPoints_IDGenerator generated id : 809
PointsCalculator_IDGenerator generated id : 869
TrackContest_IDGenerator generated id : 792
DigitalRunPointsType_IDGenerator generated id : 792
DigitalRunPointsType_IDGenerator generated id : 793
DigitalRunPointsType_IDGenerator generated id : 794
Track_IDGenerator generated id : 825
DigitalRunPoints_IDGenerator generated id : 810
Track_IDGenerator generated id : 826
DigitalRunPointsStatus_IDGenerator generated id : 857
DigitalRunPointsStatus_IDGenerator generated id : 858
DigitalRunPointsStatus_IDGenerator generated id : 859
TrackType_IDGenerator generated id : 880
TrackStatus_IDGenerator generated id : 850
TrackContestType_IDGenerator generated id : 774
DigitalRunPointsOperation_IDGenerator generated id : 843
DigitalRunPointsStatus_IDGenerator generated id : 860
Track_IDGenerator generated id : 827
PointsCalculator_IDGenerator generated id : 870
DigitalRunPoints_IDGenerator generated id : 811
DigitalRunPoints_IDGenerator generated id : 812
TrackContestType_IDGenerator generated id : 775
DigitalRunPoints_IDGenerator generated id : 813
TrackStatus_IDGenerator generated id : 851
TrackStatus_IDGenerator generated id : 852
TrackStatus_IDGenerator generated id : 853
TrackStatus_IDGenerator generated id : 854
DigitalRunPointsOperation_IDGenerator generated id : 844
DigitalRunPointsType_IDGenerator generated id : 795
TrackType_IDGenerator generated id : 881
DigitalRunPointsStatus_IDGenerator generated id : 861
DigitalRunPointsOperation_IDGenerator generated id : 845
DigitalRunPointsOperation_IDGenerator generated id : 846
Track_IDGenerator generated id : 828
DigitalRunPointsReferenceType_IDGenerator generated id : 781
DigitalRunPointsReferenceType_IDGenerator generated id : 782
DigitalRunPointsOperation_IDGenerator generated id : 847
DigitalRunPointsStatus_IDGenerator generated id : 862
TrackType_IDGenerator generated id : 882
DigitalRunPointsReferenceType_IDGenerator generated id : 783
TrackContestResultCalculator_IDGenerator generated id : 838
PointsCalculator_IDGenerator generated id : 871
PointsCalculator_IDGenerator generated id : 872
DigitalRunPointsStatus_IDGenerator generated id : 863
TrackContestType_IDGenerator generated id : 776
DigitalRunPointsReferenceType_IDGenerator generated id : 784
DigitalRunPointsStatus_IDGenerator generated id : 864
Track_IDGenerator generated id : 829
TrackStatus_IDGenerator generated id : 855
TrackContest_IDGenerator generated id : 793
Track_IDGenerator generated id : 830
TrackType_IDGenerator generated id : 883
DigitalRunPoints_IDGenerator generated id : 814
TrackContest_IDGenerator generated id : 794
DigitalRunPointsType_IDGenerator generated id : 796
TrackContestResultCalculator_IDGenerator generated id : 839
TrackStatus_IDGenerator generated id : 856
TrackContestResultCalculator_IDGenerator generated id : 840
DigitalRunPointsStatus_IDGenerator generated id : 865
DigitalRunPointsReferenceType_IDGenerator generated id : 785
TrackContest_IDGenerator generated id : 795
TrackContest_IDGenerator generated id : 796
TrackContest_IDGenerator generated id : 797
Track_IDGenerator generated id : 831
TrackType_IDGenerator generated id : 884
TrackType_IDGenerator generated id : 885
DigitalRunPointsReferenceType_IDGenerator generated id : 786
TrackType_IDGenerator generated id : 886
DigitalRunPointsType_IDGenerator generated id : 797
Track_IDGenerator generated id : 832
Track_IDGenerator generated id : 833
TrackType_IDGenerator generated id : 887
Track_IDGenerator generated id : 834
DigitalRunPoints_IDGenerator generated id : 815
DigitalRunPoints_IDGenerator generated id : 816
PointsCalculator_IDGenerator generated id : 873
DigitalRunPointsType_IDGenerator generated id : 798
Track_IDGenerator generated id : 835
TrackContestResultCalculator_IDGenerator generated id : 841
DigitalRunPoints_IDGenerator generated id : 817
TrackType_IDGenerator generated id : 888
TrackStatus_IDGenerator generated id : 857
DigitalRunPointsStatus_IDGenerator generated id : 866
TrackContestType_IDGenerator generated id : 777
TrackStatus_IDGenerator generated id : 858
DigitalRunPointsType_IDGenerator generated id : 799
TrackType_IDGenerator generated id : 889
PointsCalculator_IDGenerator generated id : 874
TrackContest_IDGenerator generated id : 798
TrackContest_IDGenerator generated id : 799
TrackType_IDGenerator generated id : 890
DigitalRunPointsType_IDGenerator generated id : 800
DigitalRunPointsType_IDGenerator generated id : 801
TrackStatus_IDGenerator generated id : 859
DigitalRunPointsOperation_IDGenerator generated id : 848
PointsCalculator_IDGenerator generated id : 875
TrackContestType_IDGenerator generated id : 778
PointsCalculator_IDGenerator generated id : 876
TrackType_IDGenerator generated id : 891
DigitalRunPointsStatus_IDGenerator generated id : 867
TrackType_IDGenerator generated id : 892
DigitalRunPointsReferenceType_IDGenerator generated id : 787
TrackType_IDGenerator generated id : 893
DigitalRunPointsStatus_IDGenerator generated id : 868
DigitalRunPointsReferenceType_IDGenerator generated id : 788
TrackContestResultCalculator_IDGenerator generated id : 842
DigitalRunPointsStatus_IDGenerator generated id : 869
PointsCalculator_IDGenerator generated id : 877
DigitalRunPointsStatus_IDGenerator generated id : 870
Track_IDGenerator generated id : 836
DigitalRunPoints_IDGenerator generated id : 818
TrackContestResultCalculator_IDGenerator generated id : 843
TrackContest_IDGenerator generated id : 800
DigitalRunPointsReferenceType_IDGenerator generated id : 789
Track_IDGenerator generated id : 837
TrackContest_IDGenerator generated id : 801
DigitalRunPointsReferenceType_IDGenerator generated id : 790
DigitalRunPointsType_IDGenerator generated id : 802
TrackStatus_IDGenerator generated id : 860
TrackStatus_IDGenerator generated id : 861
TrackContestType_IDGenerator generated id : 779
TrackContest_IDGenerator generated id : 802
DigitalRunPointsType_IDGenerator generated id : 803
DigitalRunPointsStatus_IDGenerator generated id : 871
DigitalRunPointsOperation_IDGenerator generated id : 849
DigitalRunPointsType_IDGenerator generated id : 804
TrackType_IDGenerator generated id : 894
TrackContestType_IDGenerator generated id : 780
TrackContestType_IDGenerator generated id : 781
TrackContestType_IDGenerator generated id : 782
DigitalRunPointsReferenceType_IDGenerator generated id : 791
TrackType_IDGenerator generated id : 895
Track_IDGenerator generated id : 838
DigitalRunPointsStatus_IDGenerator generated id : 872
DigitalRunPointsType_IDGenerator generated id : 805
TrackContestType_IDGenerator generated id : 783
TrackContest_IDGenerator generated id : 803
Track_IDGenerator generated id : 839
TrackContest_IDGenerator generated id : 804
Track_IDGenerator generated id : 840
DigitalRunPointsType_IDGenerator generated id : 806
PointsCalculator_IDGenerator generated id : 878
TrackType_IDGenerator generated id : 896
TrackContestType_IDGenerator generated id : 784
PointsCalculator_IDGenerator generated id : 879
TrackContestType_IDGenerator generated id : 785
Track_IDGenerator generated id : 841
TrackContest_IDGenerator generated id : 805
DigitalRunPointsStatus_IDGenerator generated id : 873
TrackContestResultCalculator_IDGenerator generated id : 844
DigitalRunPointsStatus_IDGenerator generated id : 874
PointsCalculator_IDGenerator generated id : 880
DigitalRunPointsReferenceType_IDGenerator generated id : 792
TrackType_IDGenerator generated id : 897
DigitalRunPoints_IDGenerator generated id : 819
TrackContestType_IDGenerator generated id : 786
TrackStatus_IDGenerator generated id : 862
DigitalRunPointsOperation_IDGenerator generated id : 850
TrackContestType_IDGenerator generated id : 787
DigitalRunPoints_IDGenerator generated id : 820
DigitalRunPointsReferenceType_IDGenerator generated id : 793
TrackStatus_IDGenerator generated id : 863
DigitalRunPointsReferenceType_IDGenerator generated id : 794
TrackContest_IDGenerator generated id : 806
DigitalRunPointsOperation_IDGenerator generated id : 851
TrackContest_IDGenerator generated id : 807
DigitalRunPointsReferenceType_IDGenerator generated id : 795
TrackStatus_IDGenerator generated id : 864
DigitalRunPointsStatus_IDGenerator generated id : 875
TrackContestResultCalculator_IDGenerator generated id : 845
TrackStatus_IDGenerator generated id : 865
TrackType_IDGenerator generated id : 898
DigitalRunPoints_IDGenerator generated id : 821
DigitalRunPointsReferenceType_IDGenerator generated id : 796
DigitalRunPointsOperation_IDGenerator generated id : 852
TrackContest_IDGenerator generated id : 808
DigitalRunPointsType_IDGenerator generated id : 807
TrackContestResultCalculator_IDGenerator generated id : 846
DigitalRunPointsType_IDGenerator generated id : 808
TrackType_IDGenerator generated id : 899
Track_IDGenerator generated id : 842
DigitalRunPointsType_IDGenerator generated id : 809
DigitalRunPointsReferenceType_IDGenerator generated id : 797
DigitalRunPointsOperation_IDGenerator generated id : 853
TrackType_IDGenerator generated id : 900
TrackContestType_IDGenerator generated id : 788
DigitalRunPointsType_IDGenerator generated id : 810
TrackStatus_IDGenerator generated id : 866
DigitalRunPointsOperation_IDGenerator generated id : 854
TrackType_IDGenerator generated id : 901
TrackContestResultCalculator_IDGenerator generated id : 847
DigitalRunPointsReferenceType_IDGenerator generated id : 798
TrackType_IDGenerator generated id : 902
TrackContest_IDGenerator generated id : 809
DigitalRunPoints_IDGenerator generated id : 822
TrackType_IDGenerator generated id : 903
TrackStatus_IDGenerator generated id : 867
TrackContestType_IDGenerator generated id : 789
PointsCalculator_IDGenerator generated id : 881
PointsCalculator_IDGenerator generated id : 882
TrackContest_IDGenerator generated id : 810
DigitalRunPoints_IDGenerator generated id : 823
TrackType_IDGenerator generated id : 904
TrackContestType_IDGenerator generated id : 790
DigitalRunPointsStatus_IDGenerator generated id : 876
TrackType_IDGenerator generated id : 905
TrackContestType_IDGenerator generated id : 791
PointsCalculator_IDGenerator generated id : 883
PointsCalculator_IDGenerator generated id : 884
TrackType_IDGenerator generated id : 906
PointsCalculator_IDGenerator generated id : 885
TrackContestResultCalculator_IDGenerator generated id : 848
TrackStatus_IDGenerator generated id : 868
DigitalRunPointsOperation_IDGenerator generated id : 855
TrackContestResultCalculator_IDGenerator generated id : 849
TrackType_IDGenerator generated id : 907
DigitalRunPointsReferenceType_IDGenerator generated id : 799
TrackStatus_IDGenerator generated id : 869
Track_IDGenerator generated id : 843
TrackType_IDGenerator generated id : 908
Track_IDGenerator generated id : 844
TrackType_IDGenerator generated id : 909
TrackContest_IDGenerator generated id : 811
Track_IDGenerator generated id : 845
DigitalRunPoints_IDGenerator generated id : 824
DigitalRunPointsReferenceType_IDGenerator generated id : 800
PointsCalculator_IDGenerator generated id : 886
DigitalRunPointsStatus_IDGenerator generated id : 877
TrackStatus_IDGenerator generated id : 870
PointsCalculator_IDGenerator generated id : 887
DigitalRunPoints_IDGenerator generated id : 825
DigitalRunPointsStatus_IDGenerator generated id : 878
DigitalRunPointsReferenceType_IDGenerator generated id : 801
DigitalRunPoints_IDGenerator generated id : 826
TrackContestResultCalculator_IDGenerator generated id : 850
DigitalRunPointsStatus_IDGenerator generated id : 879
TrackContest_IDGenerator generated id : 812
DigitalRunPointsType_IDGenerator generated id : 811
TrackType_IDGenerator generated id : 910
TrackContest_IDGenerator generated id : 813
TrackContestType_IDGenerator generated id : 792
DigitalRunPointsReferenceType_IDGenerator generated id : 802
DigitalRunPointsOperation_IDGenerator generated id : 856
TrackType_IDGenerator generated id : 911
DigitalRunPoints_IDGenerator generated id : 827
TrackContest_IDGenerator generated id : 814
PointsCalculator_IDGenerator generated id : 888
DigitalRunPointsReferenceType_IDGenerator generated id : 803
TrackContestResultCalculator_IDGenerator generated id : 851
DigitalRunPointsOperation_IDGenerator generated id : 857
DigitalRunPointsType_IDGenerator generated id : 812
PointsCalculator_IDGenerator generated id : 889
DigitalRunPointsType_IDGenerator generated id : 813
DigitalRunPointsOperation_IDGenerator generated id : 858
TrackStatus_IDGenerator generated id : 871
DigitalRunPointsOperation_IDGenerator generated id : 859
PointsCalculator_IDGenerator generated id : 890
TrackContest_IDGenerator generated id : 815
DigitalRunPointsStatus_IDGenerator generated id : 880
DigitalRunPointsReferenceType_IDGenerator generated id : 804
TrackContest_IDGenerator generated id : 816
TrackType_IDGenerator generated id : 912
TrackContest_IDGenerator generated id : 817
DigitalRunPointsOperation_IDGenerator generated id : 860
Track_IDGenerator generated id : 846
DigitalRunPointsType_IDGenerator generated id : 814
DigitalRunPointsType_IDGenerator generated id : 815
DigitalRunPointsType_IDGenerator generated id : 816
TrackContest_IDGenerator generated id : 818
Track_IDGenerator generated id : 847
DigitalRunPointsType_IDGenerator generated id : 817
PointsCalculator_IDGenerator generated id : 891
TrackContestResultCalculator_IDGenerator generated id : 852
DigitalRunPointsType_IDGenerator generated id : 818
DigitalRunPointsReferenceType_IDGenerator generated id : 805
TrackContest_IDGenerator generated id : 819
DigitalRunPointsStatus_IDGenerator generated id : 881
TrackContestResultCalculator_IDGenerator generated id : 853
DigitalRunPoints_IDGenerator generated id : 828
DigitalRunPointsReferenceType_IDGenerator generated id : 806
TrackContest_IDGenerator generated id : 820
PointsCalculator_IDGenerator generated id : 892
DigitalRunPointsStatus_IDGenerator generated id : 882
TrackContestType_IDGenerator generated id : 793
TrackContest_IDGenerator generated id : 821
DigitalRunPointsStatus_IDGenerator generated id : 883
DigitalRunPointsReferenceType_IDGenerator generated id : 807
TrackContest_IDGenerator generated id : 822
TrackStatus_IDGenerator generated id : 872
DigitalRunPointsReferenceType_IDGenerator generated id : 808
Track_IDGenerator generated id : 848
TrackContest_IDGenerator generated id : 823
DigitalRunPointsType_IDGenerator generated id : 819
TrackStatus_IDGenerator generated id : 873
DigitalRunPointsStatus_IDGenerator generated id : 884
TrackStatus_IDGenerator generated id : 874
PointsCalculator_IDGenerator generated id : 893
TrackStatus_IDGenerator generated id : 875
DigitalRunPointsType_IDGenerator generated id : 820
DigitalRunPoints_IDGenerator generated id : 829
TrackContestType_IDGenerator generated id : 794
Track_IDGenerator generated id : 849
DigitalRunPointsOperation_IDGenerator generated id : 861
TrackContestType_IDGenerator generated id : 795
DigitalRunPointsStatus_IDGenerator generated id : 885
DigitalRunPoints_IDGenerator generated id : 830
DigitalRunPointsStatus_IDGenerator generated id : 886
TrackContest_IDGenerator generated id : 824
DigitalRunPointsType_IDGenerator generated id : 821
TrackStatus_IDGenerator generated id : 876
DigitalRunPointsType_IDGenerator generated id : 822
DigitalRunPointsOperation_IDGenerator generated id : 862
TrackStatus_IDGenerator generated id : 877
Track_IDGenerator generated id : 850
TrackContestResultCalculator_IDGenerator generated id : 854
DigitalRunPointsOperation_IDGenerator generated id : 863
DigitalRunPointsType_IDGenerator generated id : 823
TrackType_IDGenerator generated id : 913
DigitalRunPointsOperation_IDGenerator generated id : 864
DigitalRunPoints_IDGenerator generated id : 831
TrackContestType_IDGenerator generated id : 796
TrackType_IDGenerator generated id : 914
DigitalRunPointsReferenceType_IDGenerator generated id : 809
TrackContest_IDGenerator generated id : 825
TrackStatus_IDGenerator generated id : 878
TrackContestResultCalculator_IDGenerator generated id : 855
TrackContestType_IDGenerator generated id : 797
Track_IDGenerator generated id : 851
DigitalRunPointsOperation_IDGenerator generated id : 865
PointsCalculator_IDGenerator generated id : 894
DigitalRunPointsStatus_IDGenerator generated id : 887
DigitalRunPointsReferenceType_IDGenerator generated id : 810
DigitalRunPointsType_IDGenerator generated id : 824
DigitalRunPointsReferenceType_IDGenerator generated id : 811
DigitalRunPointsReferenceType_IDGenerator generated id : 812
TrackContest_IDGenerator generated id : 826
TrackContestResultCalculator_IDGenerator generated id : 856
TrackContestType_IDGenerator generated id : 798
DigitalRunPointsOperation_IDGenerator generated id : 866
DigitalRunPointsStatus_IDGenerator generated id : 888
TrackContestType_IDGenerator generated id : 799
DigitalRunPointsStatus_IDGenerator generated id : 889
Track_IDGenerator generated id : 852
DigitalRunPointsOperation_IDGenerator generated id : 867
Track_IDGenerator generated id : 853
DigitalRunPointsOperation_IDGenerator generated id : 868
TrackContestResultCalculator_IDGenerator generated id : 857
TrackContest_IDGenerator generated id : 827
DigitalRunPointsStatus_IDGenerator generated id : 890
DigitalRunPoints_IDGenerator generated id : 832
DigitalRunPointsOperation_IDGenerator generated id : 869
TrackContestType_IDGenerator generated id : 800
Track_IDGenerator generated id : 854
TrackStatus_IDGenerator generated id : 879
DigitalRunPointsType_IDGenerator generated id : 825
DigitalRunPointsStatus_IDGenerator generated id : 891
DigitalRunPointsType_IDGenerator generated id : 826
TrackContestType_IDGenerator generated id : 801
DigitalRunPointsType_IDGenerator generated id : 827
TrackContestResultCalculator_IDGenerator generated id : 858
Track_IDGenerator generated id : 855
TrackType_IDGenerator generated id : 915
DigitalRunPointsReferenceType_IDGenerator generated id : 813
TrackContest_IDGenerator generated id : 828
DigitalRunPoints_IDGenerator generated id : 833
DigitalRunPointsOperation_IDGenerator generated id : 870
TrackType_IDGenerator generated id : 916
DigitalRunPointsStatus_IDGenerator generated id : 892
TrackContestResultCalculator_IDGenerator generated id : 859
DigitalRunPoints_IDGenerator generated id : 834
DigitalRunPointsType_IDGenerator generated id : 828
DigitalRunPointsReferenceType_IDGenerator generated id : 814
TrackContestResultCalculator_IDGenerator generated id : 860
DigitalRunPointsOperation_IDGenerator generated id : 871
TrackType_IDGenerator generated id : 917
PointsCalculator_IDGenerator generated id : 895
TrackContest_IDGenerator generated id : 829
TrackContestType_IDGenerator generated id : 802
TrackContest_IDGenerator generated id : 830
DigitalRunPointsType_IDGenerator generated id : 829
DigitalRunPointsOperation_IDGenerator generated id : 872
TrackContestResultCalculator_IDGenerator generated id : 861
PointsCalculator_IDGenerator generated id : 896
DigitalRunPointsReferenceType_IDGenerator generated id : 815
DigitalRunPointsOperation_IDGenerator generated id : 873
DigitalRunPointsStatus_IDGenerator generated id : 893
TrackContestResultCalculator_IDGenerator generated id : 862
PointsCalculator_IDGenerator generated id : 897
Track_IDGenerator generated id : 856
TrackContestResultCalculator_IDGenerator generated id : 863
Track_IDGenerator generated id : 857
DigitalRunPointsType_IDGenerator generated id : 830
PointsCalculator_IDGenerator generated id : 898
DigitalRunPointsReferenceType_IDGenerator generated id : 816
TrackContest_IDGenerator generated id : 831
Track_IDGenerator generated id : 858
TrackStatus_IDGenerator generated id : 880
TrackContestResultCalculator_IDGenerator generated id : 864
PointsCalculator_IDGenerator generated id : 899
TrackContestType_IDGenerator generated id : 803
PointsCalculator_IDGenerator generated id : 900
DigitalRunPoints_IDGenerator generated id : 835
DigitalRunPointsStatus_IDGenerator generated id : 894
DigitalRunPoints_IDGenerator generated id : 836
DigitalRunPointsReferenceType_IDGenerator generated id : 817
TrackStatus_IDGenerator generated id : 881
TrackStatus_IDGenerator generated id : 882
TrackStatus_IDGenerator generated id : 883
TrackContestResultCalculator_IDGenerator generated id : 865
Track_IDGenerator generated id : 859
TrackContestResultCalculator_IDGenerator generated id : 866
DigitalRunPointsStatus_IDGenerator generated id : 895
TrackStatus_IDGenerator generated id : 884
TrackContestType_IDGenerator generated id : 804
DigitalRunPoints_IDGenerator generated id : 837
Track_IDGenerator generated id : 860
TrackType_IDGenerator generated id : 918
DigitalRunPointsType_IDGenerator generated id : 831
TrackContest_IDGenerator generated id : 832
TrackType_IDGenerator generated id : 919
TrackContestType_IDGenerator generated id : 805
DigitalRunPointsStatus_IDGenerator generated id : 896
DigitalRunPointsOperation_IDGenerator generated id : 874
TrackStatus_IDGenerator generated id : 885
DigitalRunPointsOperation_IDGenerator generated id : 875
PointsCalculator_IDGenerator generated id : 901
DigitalRunPoints_IDGenerator generated id : 838
Track_IDGenerator generated id : 861
TrackContestType_IDGenerator generated id : 806
TrackStatus_IDGenerator generated id : 886
PointsCalculator_IDGenerator generated id : 902
TrackContest_IDGenerator generated id : 833
DigitalRunPointsType_IDGenerator generated id : 832
DigitalRunPointsReferenceType_IDGenerator generated id : 818
TrackContestResultCalculator_IDGenerator generated id : 867
TrackType_IDGenerator generated id : 920
TrackContest_IDGenerator generated id : 834
DigitalRunPoints_IDGenerator generated id : 839
TrackContestResultCalculator_IDGenerator generated id : 868
DigitalRunPoints_IDGenerator generated id : 840
TrackType_IDGenerator generated id : 921
DigitalRunPointsReferenceType_IDGenerator generated id : 819
TrackStatus_IDGenerator generated id : 887
DigitalRunPointsOperation_IDGenerator generated id : 876
TrackContestType_IDGenerator generated id : 807
PointsCalculator_IDGenerator generated id : 903
TrackContestType_IDGenerator generated id : 808
TrackContestType_IDGenerator generated id : 809
TrackStatus_IDGenerator generated id : 888
TrackType_IDGenerator generated id : 922
TrackContestResultCalculator_IDGenerator generated id : 869
DigitalRunPoints_IDGenerator generated id : 841
PointsCalculator_IDGenerator generated id : 904
Track_IDGenerator generated id : 862
DigitalRunPointsStatus_IDGenerator generated id : 897
TrackContestType_IDGenerator generated id : 810
TrackType_IDGenerator generated id : 923
TrackContestResultCalculator_IDGenerator generated id : 870
TrackContestType_IDGenerator generated id : 811
TrackContestType_IDGenerator generated id : 812
DigitalRunPointsStatus_IDGenerator generated id : 898
TrackContestResultCalculator_IDGenerator generated id : 871
DigitalRunPointsReferenceType_IDGenerator generated id : 820
PointsCalculator_IDGenerator generated id : 905
TrackType_IDGenerator generated id : 924
TrackContest_IDGenerator generated id : 835
Track_IDGenerator generated id : 863
Track_IDGenerator generated id : 864
DigitalRunPointsOperation_IDGenerator generated id : 877
DigitalRunPoints_IDGenerator generated id : 842
DigitalRunPointsType_IDGenerator generated id : 833
TrackContestType_IDGenerator generated id : 813
DigitalRunPointsReferenceType_IDGenerator generated id : 821
DigitalRunPointsOperation_IDGenerator generated id : 878
TrackStatus_IDGenerator generated id : 889
DigitalRunPointsReferenceType_IDGenerator generated id : 822
PointsCalculator_IDGenerator generated id : 906
DigitalRunPointsOperation_IDGenerator generated id : 879
DigitalRunPointsType_IDGenerator generated id : 834
TrackContestResultCalculator_IDGenerator generated id : 872
TrackType_IDGenerator generated id : 925
DigitalRunPointsOperation_IDGenerator generated id : 880
DigitalRunPointsOperation_IDGenerator generated id : 881
Track_IDGenerator generated id : 865
DigitalRunPoints_IDGenerator generated id : 843
DigitalRunPointsReferenceType_IDGenerator generated id : 823
TrackStatus_IDGenerator generated id : 890
TrackContestType_IDGenerator generated id : 814
Track_IDGenerator generated id : 866
TrackType_IDGenerator generated id : 926
PointsCalculator_IDGenerator generated id : 907
DigitalRunPointsOperation_IDGenerator generated id : 882
TrackType_IDGenerator generated id : 927
PointsCalculator_IDGenerator generated id : 908
TrackType_IDGenerator generated id : 928
DigitalRunPointsReferenceType_IDGenerator generated id : 824
TrackType_IDGenerator generated id : 929
DigitalRunPointsStatus_IDGenerator generated id : 899
TrackContestResultCalculator_IDGenerator generated id : 873
DigitalRunPointsType_IDGenerator generated id : 835
DigitalRunPoints_IDGenerator generated id : 844
TrackType_IDGenerator generated id : 930
TrackContestResultCalculator_IDGenerator generated id : 874
Track_IDGenerator generated id : 867
DigitalRunPoints_IDGenerator generated id : 845
PointsCalculator_IDGenerator generated id : 909
TrackContestType_IDGenerator generated id : 815
PointsCalculator_IDGenerator generated id : 910
Track_IDGenerator generated id : 868
DigitalRunPoints_IDGenerator generated id : 846
DigitalRunPointsStatus_IDGenerator generated id : 900
TrackContestType_IDGenerator generated id : 816
TrackStatus_IDGenerator generated id : 891
DigitalRunPointsType_IDGenerator generated id : 836
DigitalRunPoints_IDGenerator generated id : 847
TrackContestType_IDGenerator generated id : 817
DigitalRunPointsType_IDGenerator generated id : 837
PointsCalculator_IDGenerator generated id : 911
DigitalRunPointsOperation_IDGenerator generated id : 883
TrackContest_IDGenerator generated id : 836
TrackContestType_IDGenerator generated id : 818
Track_IDGenerator generated id : 869
TrackContestResultCalculator_IDGenerator generated id : 875
DigitalRunPoints_IDGenerator generated id : 848
Track_IDGenerator generated id : 870
TrackContestResultCalculator_IDGenerator generated id : 876
DigitalRunPointsOperation_IDGenerator generated id : 884
DigitalRunPointsStatus_IDGenerator generated id : 901
DigitalRunPointsOperation_IDGenerator generated id : 885
DigitalRunPointsStatus_IDGenerator generated id : 902
DigitalRunPointsReferenceType_IDGenerator generated id : 825
TrackContestType_IDGenerator generated id : 819
TrackContest_IDGenerator generated id : 837
TrackType_IDGenerator generated id : 931
Track_IDGenerator generated id : 871
DigitalRunPointsOperation_IDGenerator generated id : 886
DigitalRunPointsStatus_IDGenerator generated id : 903
TrackContestType_IDGenerator generated id : 820
DigitalRunPointsReferenceType_IDGenerator generated id : 826
Track_IDGenerator generated id : 872
TrackType_IDGenerator generated id : 932
TrackContestType_IDGenerator generated id : 821
TrackType_IDGenerator generated id : 933
TrackContestType_IDGenerator generated id : 822
TrackType_IDGenerator generated id : 934
Track_IDGenerator generated id : 873
DigitalRunPointsReferenceType_IDGenerator generated id : 827
DigitalRunPointsStatus_IDGenerator generated id : 904
DigitalRunPointsType_IDGenerator generated id : 838
TrackContestResultCalculator_IDGenerator generated id : 877
DigitalRunPointsStatus_IDGenerator generated id : 905
DigitalRunPointsReferenceType_IDGenerator generated id : 828
TrackStatus_IDGenerator generated id : 892
DigitalRunPointsOperation_IDGenerator generated id : 887
Track_IDGenerator generated id : 874
DigitalRunPointsStatus_IDGenerator generated id : 906
TrackContest_IDGenerator generated id : 838
TrackContest_IDGenerator generated id : 839
DigitalRunPointsType_IDGenerator generated id : 839
TrackStatus_IDGenerator generated id : 893
TrackStatus_IDGenerator generated id : 894
Track_IDGenerator generated id : 875
TrackContest_IDGenerator generated id : 840
TrackContestResultCalculator_IDGenerator generated id : 878
TrackContestType_IDGenerator generated id : 823
TrackStatus_IDGenerator generated id : 895
TrackContest_IDGenerator generated id : 841
DigitalRunPointsOperation_IDGenerator generated id : 888
TrackContest_IDGenerator generated id : 842
DigitalRunPointsStatus_IDGenerator generated id : 907
PointsCalculator_IDGenerator generated id : 912
TrackType_IDGenerator generated id : 935
DigitalRunPointsType_IDGenerator generated id : 840
DigitalRunPointsStatus_IDGenerator generated id : 908
DigitalRunPointsReferenceType_IDGenerator generated id : 829
DigitalRunPointsReferenceType_IDGenerator generated id : 830
DigitalRunPointsStatus_IDGenerator generated id : 909
DigitalRunPoints_IDGenerator generated id : 849
TrackContestType_IDGenerator generated id : 824
TrackContestType_IDGenerator generated id : 825
TrackContestType_IDGenerator generated id : 826
DigitalRunPointsReferenceType_IDGenerator generated id : 831
TrackContest_IDGenerator generated id : 843
PointsCalculator_IDGenerator generated id : 913
TrackContest_IDGenerator generated id : 844
TrackStatus_IDGenerator generated id : 896
PointsCalculator_IDGenerator generated id : 914
DigitalRunPointsType_IDGenerator generated id : 841
TrackContestType_IDGenerator generated id : 827
DigitalRunPointsOperation_IDGenerator generated id : 889
TrackContest_IDGenerator generated id : 845
TrackContestType_IDGenerator generated id : 828
TrackContestResultCalculator_IDGenerator generated id : 879
DigitalRunPointsStatus_IDGenerator generated id : 910
DigitalRunPoints_IDGenerator generated id : 850
PointsCalculator_IDGenerator generated id : 915
TrackStatus_IDGenerator generated id : 897
PointsCalculator_IDGenerator generated id : 916
Track_IDGenerator generated id : 876
DigitalRunPointsStatus_IDGenerator generated id : 911
DigitalRunPointsReferenceType_IDGenerator generated id : 832
DigitalRunPointsReferenceType_IDGenerator generated id : 833
TrackContestResultCalculator_IDGenerator generated id : 880
DigitalRunPoints_IDGenerator generated id : 851
DigitalRunPointsType_IDGenerator generated id : 842
DigitalRunPointsType_IDGenerator generated id : 843
DigitalRunPointsStatus_IDGenerator generated id : 912
TrackContestType_IDGenerator generated id : 829
DigitalRunPointsOperation_IDGenerator generated id : 890
DigitalRunPointsOperation_IDGenerator generated id : 891
TrackType_IDGenerator generated id : 936
TrackContest_IDGenerator generated id : 846
TrackStatus_IDGenerator generated id : 898
TrackContestResultCalculator_IDGenerator generated id : 881
TrackContest_IDGenerator generated id : 847
DigitalRunPointsOperation_IDGenerator generated id : 892
Track_IDGenerator generated id : 877
TrackType_IDGenerator generated id : 937
DigitalRunPoints_IDGenerator generated id : 852
TrackContestType_IDGenerator generated id : 830
run generate it for 2000 times, cost : 4739 millis.
]]></system-out>
  <system-err><![CDATA[]]></system-err>
</testsuite>
