<?xml version="1.0" encoding="UTF-8" ?>
<testsuite errors="0" failures="0" hostname="Chenhong" name="com.topcoder.clients.manager.AllTests" tests="385" time="6.593" timestamp="2008-08-26T01:36:27">
  <properties>
    <property name="component.version.major" value="1" />
    <property name="file.encoding.pkg" value="sun.io" />
    <property name="java.home" value="F:\jdk1.5.0_08\jre" />
    <property name="cactus.home.tomcat5x" value="C:\JavaSoft\Tomcat-5.0.28" />
    <property name="dist_javadocs" value="build/dist/client_project_management-1.0.0/docs/javadocs" />
    <property name="debug" value="off" />
    <property name="build_distdir" value="build/dist" />
    <property name="server.name" value="default" />
    <property name="distfilename" value="client_project_management" />
    <property name="component.version.micro" value="0" />
    <property name="component.dist.jar" value="build/dist/client_project_management-1.0.0.jar" />
    <property name="java.endorsed.dirs" value="F:\jdk1.5.0_08\jre\lib\endorsed" />
    <property name="object_factory.jar" value="e:/tcs/lib/tcs/object_factory/2.1.1/object_factory.jar" />
    <property name="sun.os.patch.level" value="Service Pack 2" />
    <property name="design_dist.jar" value="client_project_management_1.0.0_design_dist.jar" />
    <property name="javadocsdir" value="docs/javadocs" />
    <property name="java.vendor.url" value="http://java.sun.com/" />
    <property name="java.version" value="1.5.0_08" />
    <property name="java.vendor.url.bug" value="http://java.sun.com/cgi-bin/bugreport.cgi" />
    <property name="cobertura.datafile" value="log/cobertura.ser" />
    <property name="user.name" value="hong" />
    <property name="packagedir" value="com/topcoder/clients/manager" />
    <property name="sun.io.unicode.encoding" value="UnicodeLittle" />
    <property name="component_version" value="1.0.0" />
    <property name="sun.jnu.encoding" value="GB18030" />
    <property name="cronos_libdir" value="d:/myWork/TopCoderDist/Java/tcs/lib/cronos" />
    <property name="java.runtime.name" value="Java(TM) 2 Runtime Environment, Standard Edition" />
    <property name="target_libdir" value="e:/tcs/lib/tcs" />
    <property name="reports" value="log/reports" />
    <property name="component.jar" value="build/dist/lib/tcs/client_project_management/1.0.0/client_project_management.jar" />
    <property name="java.specification.name" value="Java Platform API Specification" />
    <property name="javamain" value="src/java/main" />
    <property name="user.timezone" value="" />
    <property name="component.version.build" value="1" />
    <property name="path.separator" value=";" />
    <property name="srcdir" value="src" />
    <property name="file.encoding" value="Cp1252" />
    <property name="java_1_4_bootclasspath" value="c:/Program Files/Java/j2re1.4.2_13/lib/rt.jar" />
    <property name="ant.file" value="E:\developer_3\client_project_management_1.0.0_dev_dist\build.xml" />
    <property name="javasrc" value="src/java" />
    <property name="search_builder.jar" value="e:/tcs/lib/tcs/search_builder/1.4.0/search_builder.jar" />
    <property name="instrumented.dir" value="build/instrumented" />
    <property name="component.target" value="1.x" />
    <property name="component.tests.jar" value="build/dist/lib/tcs/client_project_management_tests.jar" />
    <property name="java.io.tmpdir" value="C:\DOCUME~1\hong\LOCALS~1\Temp\" />
    <property name="user.language" value="en" />
    <property name="manifest_file_path" value="build/dist/client_project_management-1.0.0/META-INF/" />
    <property name="line.separator" value="
" />
    <property name="component.name" value="Client Project Management" />
    <property name="verbose" value="no" />
    <property name="manifest_file" value="build/dist/client_project_management-1.0.0/META-INF//MANIFEST.MF" />
    <property name="ant.file.TopCoder Java Generic Build" value="E:\developer_3\client_project_management_1.0.0_dev_dist\build.xml" />
    <property name="java.vm.info" value="mixed mode, sharing" />
    <property name="component_path" value="client_project_management/1.0.0" />
    <property name="sun.desktop" value="windows" />
    <property name="java.vm.specification.name" value="Java Virtual Machine Specification" />
    <property name="dist_coverage" value="build/dist/client_project_management-1.0.0/docs/coverage" />
    <property name="builddir" value="build" />
    <property name="cobertura.dir" value="e:/tcs/lib/third_party/cobertura/1.8" />
    <property name="configuration_manager.jar" value="test_files/lib/configuration_manager/2.1.5/configuration_manager.jar" />
    <property name="javac.encoding" value="UTF-8" />
    <property name="java.awt.printerjob" value="sun.awt.windows.WPrinterJob" />
    <property name="dist_lib" value="build/dist/lib/tcs" />
    <property name="jdbc.informix.jar" value="e:/tcs/lib/third_party/jdbc/informix/ifxjdbc.jar" />
    <property name="junit.jar" value="e:/tcs/lib/third_party/junit/3.8.2/junit.jar" />
    <property name="configdir" value="conf" />
    <property name="build_tcsdistdir" value="build/dist/client_project_management-1.0.0" />
    <property name="hermes_libdir" value="d:/myWork/TopCoderDist/Java/tcs/lib/hermes" />
    <property name="ant.version" value="Apache Ant version 1.7.0 compiled on December 13 2006" />
    <property name="dist_docs" value="build/dist/client_project_management-1.0.0/docs" />
    <property name="test_reflib" value="test_reflib" />
    <property name="testlogdir" value="log" />
    <property name="configuration_api.jar" value="e:/tcs/lib/tcs/configuration_api/1.0/configuration_api.jar" />
    <property name="os.name" value="Windows XP" />
    <property name="java.specification.vendor" value="Sun Microsystems Inc." />
    <property name="java.vm.name" value="Java HotSpot(TM) Client VM" />
    <property name="java.library.path" value="F:\jdk1.5.0_08\jre\bin;.;C:\WINDOWS\system32;C:\WINDOWS;E:\oracle\product\10.1.0\Db_1\bin;E:\oracle\product\10.1.0\Db_1\jre\1.4.2\bin\client;E:\oraclexe\app\oracle\product\10.2.0\server\bin;F:\jdk1.5.0_08\bin;F:\jdk1.5.0_08\lib;C:\Program Files\Java\jre1.6.0_06\bin;e:\sybase\OCS-12_5\lib3p;e:\sybase\OCS-12_5\bin;e:\sybase\SQLRemote\dll;e:\sybase\RPL-12_5\bin;e:\sybase\JS-12_5\bin;e:\sybase\ASE-12_5\dll;e:\sybase\ASE-12_5\bin;C:\Program Files\ATI Technologies\ATI Control Panel;E:\db\oracle\bin;C:\Program Files\ThinkPad\Utilities;C:\WINDOWS\system32;C:\WINDOWS;C:\WINDOWS\System32\Wbem;C:\Program Files\ATI Technologies\ATI Control Panel;C:\Program Files\IBM ThinkVantage\Client Security Solution;C:\Program Files\UltraEdit; F:\Program Files\QuickTime\QTSystem\;F:\tool\apache-maven-2.0.8\bin;F:\Program Files\QuickTime\QTSystem\;F:\PROGRA~1\IBM\SQLLIB\BIN;F:\PROGRA~1\IBM\SQLLIB\FUNCTION;F:\PROGRA~1\IBM\SQLLIB\SAMPLES\REPL;F:\jdk1.5.0_08\bin;F:\xmlbeans-1.0.4\bin; F:\xmlbeans-1.0.4\lib;F:\apache-ant-1.7.0\bin;F:\tool\apache-maven-2.0.8\bin;%M2%;E:\oracle\product\10.1.0\Db_1\bin;E:\oracle\product\10.1.0\Db_1\jre\1.4.2\bin\client;E:\oraclexe\app\oracle\product\10.2.0\server\bin;F:\jdk1.5.0_08\bin;F:\jdk1.5.0_08\lib;C:\Program Files\Java\jre1.6.0_06\bin;e:\sybase\OCS-12_5\lib3p;e:\sybase\OCS-12_5\bin;e:\sybase\SQLRemote\dll;e:\sybase\RPL-12_5\bin;e:\sybase\JS-12_5\bin;e:\sybase\ASE-12_5\dll;e:\sybase\ASE-12_5\bin;C:\Program Files\ATI Technologies\ATI Control Panel;E:\db\oracle\bin;C:\Program Files\ThinkPad\Utilities;C:\WINDOWS\system32;C:\WINDOWS;C:\WINDOWS\System32\Wbem;C:\Program Files\ATI Technologies\ATI Control Panel;C:\Program Files\IBM ThinkVantage\Client Security Solution;C:\Program Files\UltraEdit; F:\Program Files\QuickTime\QTSystem\;F:\tool\apache-maven-2.0.8\bin;F:\Program Files\QuickTime\QTSystem\;F:\PROGRA~1\IBM\SQLLIB\BIN;F:\PROGRA~1\IBM\SQLLIB\FUNCTION;F:\PROGRA~1\IBM\SQLLIB\SAMPLES\REPL;" />
    <property name="docpackage.jar" value="client_project_management_docs.jar" />
    <property name="ant.java.version" value="1.5" />
    <property name="basedir" value="E:\developer_3\client_project_management_1.0.0_dev_dist" />
    <property name="java.class.version" value="49.0" />
    <property name="ant.home" value="F:/apache-ant-1.7.0" />
    <property name="java_1_5_bootclasspath" value="c:/Program Files/Java/jre1.5.0_14/lib/rt.jar" />
    <property name="object_factory_configuration_api_plugin.jar" value="e:/tcs/lib/tcs/object_factory_configuration_api_plugin/1.0/object_factory_configuration_api_plugin.jar" />
    <property name="porus_libdir" value="d:/myWork/TopCoderDist/Java/tcs/lib/porus" />
    <property name="sun.boot.library.path" value="F:\jdk1.5.0_08\jre\bin" />
    <property name="ext_libdir" value="e:/tcs/lib/third_party" />
    <property name="sun.management.compiler" value="HotSpot Client Compiler" />
    <property name="java.awt.graphicsenv" value="sun.awt.Win32GraphicsEnvironment" />
    <property name="user.variant" value="" />
    <property name="object_formatter.jar" value="e:/tcs/lib/tcs/object_formatter/1.0/object_formatter.jar" />
    <property name="build_targetclassdir" value="build/targetclasses" />
    <property name="docsdir" value="docs" />
    <property name="dev_dist.jar" value="client_project_management_1.0.0_dev_dist.jar" />
    <property name="ant.project.name" value="TopCoder Java Generic Build" />
    <property name="component.version.minor" value="0" />
    <property name="java.vm.specification.version" value="1.0" />
    <property name="component.bootclasspath" value="${java_1_x_bootclasspath}" />
    <property name="awt.toolkit" value="sun.awt.windows.WToolkit" />
    <property name="sun.cpu.isalist" value="pentium_pro+mmx pentium_pro pentium+mmx pentium i486 i386 i86" />
    <property name="build_javadocsdir" value="build/docs/javadocs" />
    <property name="java.ext.dirs" value="F:\jdk1.5.0_08\jre\lib\ext" />
    <property name="os.version" value="5.1" />
    <property name="user.home" value="C:\Documents and Settings\hong" />
    <property name="javadoc.jar" value="javadocs.jar" />
    <property name="libdir" value="../tcs/lib" />
    <property name="build_classdir" value="build/classes" />
    <property name="java.vm.vendor" value="Sun Microsystems Inc." />
    <property name="component.distfilename" value="client_project_management" />
    <property name="component.package" value="com.topcoder.clients.manager" />
    <property name="confluence.home" value="C:/JavaSoft/confluence-2.7.1-std/confluence" />
    <property name="build_testclassdir" value="build/testClasses" />
    <property name="package" value="com.topcoder.clients.manager" />
    <property name="base_exception.jar" value="e:/tcs/lib/tcs/base_exception/2.0/base_exception.jar" />
    <property name="user.dir" value="E:\developer_3\client_project_management_1.0.0_dev_dist" />
    <property name="component.packagedir" value="com/topcoder/clients/manager" />
    <property name="configuration_persistence.jar" value="e:/tcs/lib/tcs/configuration_persistence/1.0/configuration_persistence.jar" />
    <property name="sun.cpu.endian" value="little" />
    <property name="ant.file.Dependency Import" value="E:\developer_3\client_project_management_1.0.0_dev_dist\build-dependencies.xml" />
    <property name="dist_docpackage" value="build/doc_package" />
    <property name="java.vm.version" value="1.5.0_08-b03" />
    <property name="java.class.path" value="E:\developer_3\client_project_management_1.0.0_dev_dist\build\testClasses;E:\developer_3\client_project_management_1.0.0_dev_dist\test_files\client_project_entities_dao.jar;E:\developer_3\client_project_management_1.0.0_dev_dist\test_files\id_generator.jar;E:\developer_3\client_project_management_1.0.0_dev_dist\test_files\jaxb-api.jar;E:\developer_3\client_project_management_1.0.0_dev_dist\test_files\ejb3-persistence.jar;E:\developer_3\client_project_management_1.0.0_dev_dist\test_files\jboss-ejb3x.jar;E:\developer_3\client_project_management_1.0.0_dev_dist\test_files\db_connection_factory.jar;E:\developer_3\client_project_management_1.0.0_dev_dist\test_files\configuration_manager.jar;E:\developer_3\client_project_management_1.0.0_dev_dist\test_files\typesafe_enum.jar;e:\tcs\lib\tcs\base_exception\2.0\base_exception.jar;e:\tcs\lib\tcs\logging_wrapper\2.0\logging_wrapper.jar;e:\tcs\lib\tcs\object_formatter\1.0\object_formatter.jar;e:\tcs\lib\third_party\jdbc\informix\ifxjdbc.jar;e:\tcs\lib\third_party\junit\3.8.2\junit.jar;e:\tcs\lib\tcs\search_builder\1.4.0\search_builder.jar;e:\tcs\lib\tcs\object_factory\2.1.1\object_factory.jar;e:\tcs\lib\tcs\object_factory_configuration_api_plugin\1.0\object_factory_configuration_api_plugin.jar;e:\tcs\lib\tcs\configuration_persistence\1.0\configuration_persistence.jar;e:\tcs\lib\tcs\configuration_api\1.0\configuration_api.jar;E:\developer_3\client_project_management_1.0.0_dev_dist\build\classes;E:\developer_3\client_project_management_1.0.0_dev_dist\conf;E:\developer_3\client_project_management_1.0.0_dev_dist\test_files;C:\Program Files\Java\jre1.5.0_14\bin;E:\developer_3\client_project_management_1.0.0_dev_dist;F:\PROGRA~1\IBM\SQLLIB\java\db2java.zip;F:\PROGRA~1\IBM\SQLLIB\java\db2jcc.jar;F:\PROGRA~1\IBM\SQLLIB\java\sqlj.zip;F:\PROGRA~1\IBM\SQLLIB\java\db2jcc_license_cu.jar;F:\PROGRA~1\IBM\SQLLIB\bin;F:\PROGRA~1\IBM\SQLLIB\java\common.jar;F:\apache-ant-1.7.0\lib\junit.jar;F:\apache-ant-1.7.0\lib\ant-launcher.jar;F:\apache-ant-1.7.0\lib\ant.jar;F:\apache-ant-1.7.0\lib\ant-junit.jar" />
    <property name="dev_submission.jar" value="client_project_management_1.0.0_dev_submission.jar" />
    <property name="ant.library.dir" value="F:\apache-ant-1.7.0\lib" />
    <property name="os.arch" value="x86" />
    <property name="tcstyleconfig.dir" value="C:/JavaSoft/tcs_checkstyle_config" />
    <property name="checkstyle.dir" value="C:/JavaSoft/checkstyle-4.3" />
    <property name="argus_libdir" value="d:/myWork/TopCoderDist/Java/tcs/lib/argus" />
    <property name="ant.core.lib" value="F:\apache-ant-1.7.0\lib\ant.jar" />
    <property name="java.vm.specification.vendor" value="Sun Microsystems Inc." />
    <property name="jboss.home" value="f://tool/jboss-4.2.2.GA" />
    <property name="file.separator" value="\" />
    <property name="java.runtime.version" value="1.5.0_08-b03" />
    <property name="build_docsdir" value="build/docs" />
    <property name="sun.boot.class.path" value="F:\jdk1.5.0_08\jre\lib\rt.jar;F:\jdk1.5.0_08\jre\lib\i18n.jar;F:\jdk1.5.0_08\jre\lib\sunrsasign.jar;F:\jdk1.5.0_08\jre\lib\jsse.jar;F:\jdk1.5.0_08\jre\lib\jce.jar;F:\jdk1.5.0_08\jre\lib\charsets.jar;F:\jdk1.5.0_08\jre\classes" />
    <property name="TOMCAT_HOME" value="C:\JavaSoft\Tomcat-5.0.28" />
    <property name="javadoc.locale" value="en_US" />
    <property name="confluence.dir" value="C:/JavaSoft/confluence-2.7.1-std" />
    <property name="design_submission.jar" value="client_project_management_1.0.0_design_submission.jar" />
    <property name="user.country" value="US" />
    <property name="tcs_libdir" value="e:/tcs/lib/tcs" />
    <property name="component" value="Client Project Management" />
    <property name="logging_wrapper.jar" value="e:/tcs/lib/tcs/logging_wrapper/2.0/logging_wrapper.jar" />
    <property name="java_1_3_bootclasspath" value="c:/Program Files/Java/jre1.3.1_20/lib/rt.jar" />
    <property name="java.vendor" value="Sun Microsystems Inc." />
    <property name="java.specification.version" value="1.5" />
    <property name="testfiles" value="test_files" />
    <property name="sun.arch.data.model" value="32" />
    <property name="javatests" value="src/java/tests" />
  </properties>
  <testcase classname="com.topcoder.clients.manager.TestClientEntityNotFoundException" name="testClientEntityNotFoundException" time="0.0" />
  <testcase classname="com.topcoder.clients.manager.TestClientEntityNotFoundException" name="testClientEntityNotFoundExceptionString" time="0.0" />
  <testcase classname="com.topcoder.clients.manager.TestClientEntityNotFoundException" name="testClientEntityNotFoundExceptionStringThrowable" time="0.016" />
  <testcase classname="com.topcoder.clients.manager.TestClientEntityNotFoundException" name="testClientEntityNotFoundExceptionStringThrowableExceptionData" time="0.0" />
  <testcase classname="com.topcoder.clients.manager.TestManagerConfigurationException" name="testManagerConfigurationException" time="0.0" />
  <testcase classname="com.topcoder.clients.manager.TestManagerConfigurationException" name="testManagerConfigurationExceptionString" time="0.0" />
  <testcase classname="com.topcoder.clients.manager.TestManagerConfigurationException" name="testManagerConfigurationExceptionStringThrowable" time="0.0" />
  <testcase classname="com.topcoder.clients.manager.TestManagerConfigurationException" name="testManagerConfigurationExceptionStringThrowableExceptionData" time="0.0" />
  <testcase classname="com.topcoder.clients.manager.TestCompanyEntityNotFoundException" name="testCompanyEntityNotFoundException" time="0.0" />
  <testcase classname="com.topcoder.clients.manager.TestCompanyEntityNotFoundException" name="testCompanyEntityNotFoundExceptionString" time="0.0" />
  <testcase classname="com.topcoder.clients.manager.TestCompanyEntityNotFoundException" name="testCompanyEntityNotFoundExceptionStringThrowable" time="0.0" />
  <testcase classname="com.topcoder.clients.manager.TestCompanyEntityNotFoundException" name="testCompanyEntityNotFoundExceptionStringThrowableExceptionData" time="0.0" />
  <testcase classname="com.topcoder.clients.manager.TestManagerException" name="testManagerException" time="0.0" />
  <testcase classname="com.topcoder.clients.manager.TestManagerException" name="testManagerExceptionString" time="0.0" />
  <testcase classname="com.topcoder.clients.manager.TestManagerException" name="testManagerExceptionStringThrowable" time="0.0" />
  <testcase classname="com.topcoder.clients.manager.TestManagerException" name="testManagerExceptionStringThrowableExceptionData" time="0.0" />
  <testcase classname="com.topcoder.clients.manager.TestClientManagerException" name="testClientManagerExceptionClientClientStatus" time="0.0" />
  <testcase classname="com.topcoder.clients.manager.TestClientManagerException" name="testClientManagerExceptionStringClientClientStatus" time="0.0" />
  <testcase classname="com.topcoder.clients.manager.TestClientManagerException" name="testClientManagerExceptionStringThrowableClientClientStatus" time="0.0" />
  <testcase classname="com.topcoder.clients.manager.TestClientManagerException" name="testClientManagerExceptionStringThrowableExceptionDataClientClientStatus" time="0.0" />
  <testcase classname="com.topcoder.clients.manager.TestClientManagerException" name="testGetClient" time="0.0" />
  <testcase classname="com.topcoder.clients.manager.TestClientManagerException" name="testGetClientStatus" time="0.0" />
  <testcase classname="com.topcoder.clients.manager.TestProjectEntityNotFoundException" name="testProjectEntityNotFoundException" time="0.0" />
  <testcase classname="com.topcoder.clients.manager.TestProjectEntityNotFoundException" name="testProjectEntityNotFoundExceptionString" time="0.0" />
  <testcase classname="com.topcoder.clients.manager.TestProjectEntityNotFoundException" name="testProjectEntityNotFoundExceptionStringThrowable" time="0.0" />
  <testcase classname="com.topcoder.clients.manager.TestProjectEntityNotFoundException" name="testProjectEntityNotFoundExceptionStringThrowableExceptionData" time="0.0" />
  <testcase classname="com.topcoder.clients.manager.TestCompanyManagerException" name="testCompanyManagerExceptionClientClientStatus" time="0.0" />
  <testcase classname="com.topcoder.clients.manager.TestCompanyManagerException" name="testCompanyManagerExceptionStringClientClientStatus" time="0.0" />
  <testcase classname="com.topcoder.clients.manager.TestCompanyManagerException" name="testCompanyManagerExceptionStringThrowableClientClientStatus" time="0.0" />
  <testcase classname="com.topcoder.clients.manager.TestCompanyManagerException" name="testCompanyManagerExceptionStringThrowableExceptionDataClientClientStatus" time="0.0" />
  <testcase classname="com.topcoder.clients.manager.TestCompanyManagerException" name="testGetCompany" time="0.0" />
  <testcase classname="com.topcoder.clients.manager.TestProjectManagerException" name="testProjectManagerExceptionProjectProjectStatus" time="0.015" />
  <testcase classname="com.topcoder.clients.manager.TestProjectManagerException" name="testProjectManagerExceptionStringProjectProjectStatus" time="0.0" />
  <testcase classname="com.topcoder.clients.manager.TestProjectManagerException" name="testProjectManagerExceptionStringThrowableProjectProjectStatus" time="0.0" />
  <testcase classname="com.topcoder.clients.manager.TestProjectManagerException" name="testProjectManagerExceptionStringThrowableExceptionDataProjectProjectStatus" time="0.0" />
  <testcase classname="com.topcoder.clients.manager.TestProjectManagerException" name="testGetProject" time="0.0" />
  <testcase classname="com.topcoder.clients.manager.TestProjectManagerException" name="testGetProjectStatus" time="0.0" />
  <testcase classname="com.topcoder.clients.manager.dao.TestAbstractDAOManager" name="testAbstractDAOManager_1" time="0.344" />
  <testcase classname="com.topcoder.clients.manager.dao.TestAbstractDAOManager" name="testAbstractDAOManager_2" time="0.375" />
  <testcase classname="com.topcoder.clients.manager.dao.TestAbstractDAOManager" name="testAbstractDAOManagerConfigurationObject_1" time="0.016" />
  <testcase classname="com.topcoder.clients.manager.dao.TestAbstractDAOManager" name="testAbstractDAOManagerConfigurationObject_2" time="0.015" />
  <testcase classname="com.topcoder.clients.manager.dao.TestAbstractDAOManager" name="testGetIDGenerator" time="0.016" />
  <testcase classname="com.topcoder.clients.manager.dao.TestAbstractDAOManager" name="testGetLog" time="0.016" />
  <testcase classname="com.topcoder.clients.manager.dao.TestAbstractDAOManager" name="testGetConfiguration_1" time="0.015" />
  <testcase classname="com.topcoder.clients.manager.dao.TestAbstractDAOManager" name="testGetConfiguration_2" time="0.016" />
  <testcase classname="com.topcoder.clients.manager.dao.TestAbstractDAOManager" name="testGetConfiguration_3" time="0.015" />
  <testcase classname="com.topcoder.clients.manager.dao.TestAbstractDAOManager" name="testGetConfiguration_4" time="0.016" />
  <testcase classname="com.topcoder.clients.manager.dao.TestAbstractDAOManager" name="testGetConfiguration_5" time="0.016" />
  <testcase classname="com.topcoder.clients.manager.dao.TestAbstractDAOManager" name="testGetConfiguration_6" time="0.031" />
  <testcase classname="com.topcoder.clients.manager.dao.TestAbstractDAOManager" name="testGetConfiguration_7" time="0.016" />
  <testcase classname="com.topcoder.clients.manager.dao.TestAbstractDAOManager" name="testGetConfiguration_8" time="0.015" />
  <testcase classname="com.topcoder.clients.manager.dao.TestAbstractDAOManager" name="testGetConfiguration_9" time="0.016" />
  <testcase classname="com.topcoder.clients.manager.dao.TestAbstractDAOManager" name="testGetConfiguration_10" time="0.015" />
  <testcase classname="com.topcoder.clients.manager.dao.TestDAOClientManager" name="testDAOClientManager" time="0.063" />
  <testcase classname="com.topcoder.clients.manager.dao.TestDAOClientManager" name="testDAOClientManagerConfigurationObject" time="0.016" />
  <testcase classname="com.topcoder.clients.manager.dao.TestDAOClientManager" name="testDAOClientManagerConfigurationObject_2" time="0.031" />
  <testcase classname="com.topcoder.clients.manager.dao.TestDAOClientManager" name="testDAOClientManagerConfigurationObject_Failure_1" time="0.297" />
  <testcase classname="com.topcoder.clients.manager.dao.TestDAOClientManager" name="testDAOClientManagerConfigurationObject_Failure_2" time="0.015" />
  <testcase classname="com.topcoder.clients.manager.dao.TestDAOClientManager" name="testDAOClientManagerConfigurationObject_Failure_3" time="0.0" />
  <testcase classname="com.topcoder.clients.manager.dao.TestDAOClientManager" name="testDAOClientManagerConfigurationObject_Failure_4" time="0.016" />
  <testcase classname="com.topcoder.clients.manager.dao.TestDAOClientManager" name="testDAOClientManagerConfigurationObject_Failure_5" time="0.016" />
  <testcase classname="com.topcoder.clients.manager.dao.TestDAOClientManager" name="testDAOClientManagerConfigurationObject_Failure_6" time="0.0" />
  <testcase classname="com.topcoder.clients.manager.dao.TestDAOClientManager" name="testDAOClientManagerConfigurationObject_Failure_7" time="0.0" />
  <testcase classname="com.topcoder.clients.manager.dao.TestDAOClientManager" name="testDAOClientManagerConfigurationObject_Failure_8" time="0.0" />
  <testcase classname="com.topcoder.clients.manager.dao.TestDAOClientManager" name="testDAOClientManagerConfigurationObject_Failure_9" time="0.015" />
  <testcase classname="com.topcoder.clients.manager.dao.TestDAOClientManager" name="testDAOClientManagerConfigurationObject_Failure_10" time="0.016" />
  <testcase classname="com.topcoder.clients.manager.dao.TestDAOClientManager" name="testDAOClientManagerConfigurationObject_Failure_11" time="0.0" />
  <testcase classname="com.topcoder.clients.manager.dao.TestDAOClientManager" name="testDAOClientManagerConfigurationObject_Failure_12" time="0.016" />
  <testcase classname="com.topcoder.clients.manager.dao.TestDAOClientManager" name="testDAOClientManagerStringString" time="0.265" />
  <testcase classname="com.topcoder.clients.manager.dao.TestDAOClientManager" name="testDAOClientManagerStringString_Failure_1" time="0.016" />
  <testcase classname="com.topcoder.clients.manager.dao.TestDAOClientManager" name="testDAOClientManagerStringString_Failure_2" time="0.0" />
  <testcase classname="com.topcoder.clients.manager.dao.TestDAOClientManager" name="testDAOClientManagerStringString_Failure_3" time="0.016" />
  <testcase classname="com.topcoder.clients.manager.dao.TestDAOClientManager" name="testDAOClientManagerStringString_Failure_4" time="0.015" />
  <testcase classname="com.topcoder.clients.manager.dao.TestDAOClientManager" name="testDAOClientManagerStringString_Failure_5" time="0.016" />
  <testcase classname="com.topcoder.clients.manager.dao.TestDAOClientManager" name="testCreateClient_Failure_1" time="0.015" />
  <testcase classname="com.topcoder.clients.manager.dao.TestDAOClientManager" name="testCreateClient_Failure_2" time="0.063" />
  <testcase classname="com.topcoder.clients.manager.dao.TestDAOClientManager" name="testCreateClient_Failure_3" time="0.016" />
  <testcase classname="com.topcoder.clients.manager.dao.TestDAOClientManager" name="testCreateClient_Failure_4" time="0.0" />
  <testcase classname="com.topcoder.clients.manager.dao.TestDAOClientManager" name="testCreateClient_Failure_5" time="0.0" />
  <testcase classname="com.topcoder.clients.manager.dao.TestDAOClientManager" name="testCreateClient_Failure_5_2" time="0.016" />
  <testcase classname="com.topcoder.clients.manager.dao.TestDAOClientManager" name="testCreateClient_Failure_5_3" time="0.0" />
  <testcase classname="com.topcoder.clients.manager.dao.TestDAOClientManager" name="testCreateClient_Failure_6" time="0.313" />
  <testcase classname="com.topcoder.clients.manager.dao.TestDAOClientManager" name="testCreateClient_Failure_7" time="0.016" />
  <testcase classname="com.topcoder.clients.manager.dao.TestDAOClientManager" name="testCreateClient_Failure_8" time="0.015" />
  <testcase classname="com.topcoder.clients.manager.dao.TestDAOClientManager" name="testCreateClient_Acc" time="0.016" />
  <testcase classname="com.topcoder.clients.manager.dao.TestDAOClientManager" name="testUpdateClient_Failure_1" time="0.0" />
  <testcase classname="com.topcoder.clients.manager.dao.TestDAOClientManager" name="testUpdateClient_Failure_2" time="0.015" />
  <testcase classname="com.topcoder.clients.manager.dao.TestDAOClientManager" name="testUpdateClient_Failure_3" time="0.016" />
  <testcase classname="com.topcoder.clients.manager.dao.TestDAOClientManager" name="testUpdateClient_Failure_4" time="0.0" />
  <testcase classname="com.topcoder.clients.manager.dao.TestDAOClientManager" name="testUpdateClient_Failure_5" time="0.016" />
  <testcase classname="com.topcoder.clients.manager.dao.TestDAOClientManager" name="testUpdateClient_Failure_5_2" time="0.015" />
  <testcase classname="com.topcoder.clients.manager.dao.TestDAOClientManager" name="testUpdateClient_Failure_6" time="0.0" />
  <testcase classname="com.topcoder.clients.manager.dao.TestDAOClientManager" name="testUpdateClient_Failure_6_2" time="0.016" />
  <testcase classname="com.topcoder.clients.manager.dao.TestDAOClientManager" name="testUpdateClient_Failure_7" time="0.016" />
  <testcase classname="com.topcoder.clients.manager.dao.TestDAOClientManager" name="testUpdateClient_Failure_8" time="0.0" />
  <testcase classname="com.topcoder.clients.manager.dao.TestDAOClientManager" name="testUpdateClient_Failure_8_2" time="0.015" />
  <testcase classname="com.topcoder.clients.manager.dao.TestDAOClientManager" name="testUpdateClient_Failure_9" time="0.0" />
  <testcase classname="com.topcoder.clients.manager.dao.TestDAOClientManager" name="testUpdateClient_acc" time="0.016" />
  <testcase classname="com.topcoder.clients.manager.dao.TestDAOClientManager" name="testDeleteClient_Failure_1" time="0.015" />
  <testcase classname="com.topcoder.clients.manager.dao.TestDAOClientManager" name="testDeleteClient_Failure_2" time="0.0" />
  <testcase classname="com.topcoder.clients.manager.dao.TestDAOClientManager" name="testDeleteClient_Failure_3" time="0.0" />
  <testcase classname="com.topcoder.clients.manager.dao.TestDAOClientManager" name="testDeleteClient_Failure_4" time="0.0" />
  <testcase classname="com.topcoder.clients.manager.dao.TestDAOClientManager" name="testDeleteClient_Failure_5" time="0.0" />
  <testcase classname="com.topcoder.clients.manager.dao.TestDAOClientManager" name="testDeleteClient_Acc" time="0.015" />
  <testcase classname="com.topcoder.clients.manager.dao.TestDAOClientManager" name="testSetClientCodeName_F_1" time="0.0" />
  <testcase classname="com.topcoder.clients.manager.dao.TestDAOClientManager" name="testSetClientCodeName_F_2" time="0.016" />
  <testcase classname="com.topcoder.clients.manager.dao.TestDAOClientManager" name="testSetClientCodeName_F_3" time="0.0" />
  <testcase classname="com.topcoder.clients.manager.dao.TestDAOClientManager" name="testSetClientCodeName_F_4" time="0.015" />
  <testcase classname="com.topcoder.clients.manager.dao.TestDAOClientManager" name="testSetClientCodeName_F_5" time="0.016" />
  <testcase classname="com.topcoder.clients.manager.dao.TestDAOClientManager" name="testSetClientCodeName_F_6" time="0.016" />
  <testcase classname="com.topcoder.clients.manager.dao.TestDAOClientManager" name="testSetClientCodeName_F_7" time="0.015" />
  <testcase classname="com.topcoder.clients.manager.dao.TestDAOClientManager" name="testSetClientCodeName_acc" time="0.0" />
  <testcase classname="com.topcoder.clients.manager.dao.TestDAOClientManager" name="testSetClientStatus_F_1" time="0.032" />
  <testcase classname="com.topcoder.clients.manager.dao.TestDAOClientManager" name="testSetClientStatus_F_2" time="0.015" />
  <testcase classname="com.topcoder.clients.manager.dao.TestDAOClientManager" name="testSetClientStatus_F_3" time="0.0" />
  <testcase classname="com.topcoder.clients.manager.dao.TestDAOClientManager" name="testSetClientStatus_F_4" time="0.016" />
  <testcase classname="com.topcoder.clients.manager.dao.TestDAOClientManager" name="testSetClientStatus_F_5" time="0.0" />
  <testcase classname="com.topcoder.clients.manager.dao.TestDAOClientManager" name="testSetClientStatus_F_6" time="0.015" />
  <testcase classname="com.topcoder.clients.manager.dao.TestDAOClientManager" name="testSetClientStatus_F_7" time="0.016" />
  <testcase classname="com.topcoder.clients.manager.dao.TestDAOClientManager" name="testSetClientStatus_F_8" time="0.0" />
  <testcase classname="com.topcoder.clients.manager.dao.TestDAOClientManager" name="testSetClientStatus_F_9" time="0.0" />
  <testcase classname="com.topcoder.clients.manager.dao.TestDAOClientManager" name="testSetClientStatus_F_10" time="0.015" />
  <testcase classname="com.topcoder.clients.manager.dao.TestDAOClientManager" name="testSetClientStatus_Acc" time="0.0" />
  <testcase classname="com.topcoder.clients.manager.dao.TestDAOClientManager" name="testRetrieveClient_F_1" time="0.016" />
  <testcase classname="com.topcoder.clients.manager.dao.TestDAOClientManager" name="testRetrieveClient_F_2" time="0.016" />
  <testcase classname="com.topcoder.clients.manager.dao.TestDAOClientManager" name="testRetrieveClient_F_3" time="0.0" />
  <testcase classname="com.topcoder.clients.manager.dao.TestDAOClientManager" name="testRetrieveClient_F_4" time="0.015" />
  <testcase classname="com.topcoder.clients.manager.dao.TestDAOClientManager" name="testRetrieveClient_Accu" time="0.0" />
  <testcase classname="com.topcoder.clients.manager.dao.TestDAOClientManager" name="testRetrieveAllClients_F_1" time="0.0" />
  <testcase classname="com.topcoder.clients.manager.dao.TestDAOClientManager" name="testRetrieveAllClients_F_2" time="0.0" />
  <testcase classname="com.topcoder.clients.manager.dao.TestDAOClientManager" name="testRetrieveAllClients_Acc" time="0.063" />
  <testcase classname="com.topcoder.clients.manager.dao.TestDAOClientManager" name="testSearchClientsByName_F_1" time="0.0" />
  <testcase classname="com.topcoder.clients.manager.dao.TestDAOClientManager" name="testSearchClientsByName_F_2" time="0.015" />
  <testcase classname="com.topcoder.clients.manager.dao.TestDAOClientManager" name="testSearchClientsByName_F_3" time="0.0" />
  <testcase classname="com.topcoder.clients.manager.dao.TestDAOClientManager" name="testSearchClientsByName_F_4" time="0.016" />
  <testcase classname="com.topcoder.clients.manager.dao.TestDAOClientManager" name="testSearchClientsByName_Accu" time="0.0" />
  <testcase classname="com.topcoder.clients.manager.dao.TestDAOClientManager" name="testSearchClients_F_1" time="0.015" />
  <testcase classname="com.topcoder.clients.manager.dao.TestDAOClientManager" name="testSearchClients_F_2" time="0.016" />
  <testcase classname="com.topcoder.clients.manager.dao.TestDAOClientManager" name="testSearchClients_F_3" time="0.0" />
  <testcase classname="com.topcoder.clients.manager.dao.TestDAOClientManager" name="testSearchClients_Accu" time="0.016" />
  <testcase classname="com.topcoder.clients.manager.dao.TestDAOClientManager" name="testGetClientStatus_F_1" time="0.0" />
  <testcase classname="com.topcoder.clients.manager.dao.TestDAOClientManager" name="testGetClientStatus_F_2" time="0.015" />
  <testcase classname="com.topcoder.clients.manager.dao.TestDAOClientManager" name="testGetClientStatus_F_3" time="0.016" />
  <testcase classname="com.topcoder.clients.manager.dao.TestDAOClientManager" name="testGetClientStatus_F_4" time="0.0" />
  <testcase classname="com.topcoder.clients.manager.dao.TestDAOClientManager" name="testGetClientStatus_Accu" time="0.016" />
  <testcase classname="com.topcoder.clients.manager.dao.TestDAOClientManager" name="testGetAllClientStatuses_Accu" time="0.0" />
  <testcase classname="com.topcoder.clients.manager.dao.TestDAOClientManager" name="testGetAllClientStatuses_F_1" time="0.015" />
  <testcase classname="com.topcoder.clients.manager.dao.TestDAOClientManager" name="testGetAllClientStatuses_F_2" time="0.0" />
  <testcase classname="com.topcoder.clients.manager.dao.TestDAOClientManager" name="testGetClientsForStatus_F_1" time="0.0" />
  <testcase classname="com.topcoder.clients.manager.dao.TestDAOClientManager" name="testGetClientsForStatus_F_2" time="0.015" />
  <testcase classname="com.topcoder.clients.manager.dao.TestDAOClientManager" name="testGetClientsForStatus_F_3" time="0.0" />
  <testcase classname="com.topcoder.clients.manager.dao.TestDAOClientManager" name="testGetClientsForStatus_F_4" time="0.016" />
  <testcase classname="com.topcoder.clients.manager.dao.TestDAOClientManager" name="testGetClientsForStatus_F_5" time="0.0" />
  <testcase classname="com.topcoder.clients.manager.dao.TestDAOClientManager" name="testGetClientsForStatus_F_6" time="0.016" />
  <testcase classname="com.topcoder.clients.manager.dao.TestDAOClientManager" name="testGetClientsForStatus_F_7" time="0.0" />
  <testcase classname="com.topcoder.clients.manager.dao.TestDAOClientManager" name="testGetClientsForStatus_F_8" time="0.015" />
  <testcase classname="com.topcoder.clients.manager.dao.TestDAOClientManager" name="testGetClientsForStatus_F_9" time="0.0" />
  <testcase classname="com.topcoder.clients.manager.dao.TestDAOClientManager" name="testGetClientsForStatus_Acc" time="0.016" />
  <testcase classname="com.topcoder.clients.manager.dao.TestDAOClientManager" name="testCreateClientStatus_F_1" time="0.0" />
  <testcase classname="com.topcoder.clients.manager.dao.TestDAOClientManager" name="testCreateClientStatus_F_2" time="0.0" />
  <testcase classname="com.topcoder.clients.manager.dao.TestDAOClientManager" name="testCreateClientStatus_F_3" time="0.0" />
  <testcase classname="com.topcoder.clients.manager.dao.TestDAOClientManager" name="testCreateClientStatus_F_4" time="0.016" />
  <testcase classname="com.topcoder.clients.manager.dao.TestDAOClientManager" name="testCreateClientStatus_F_5" time="0.0" />
  <testcase classname="com.topcoder.clients.manager.dao.TestDAOClientManager" name="testCreateClientStatus_F_6" time="0.015" />
  <testcase classname="com.topcoder.clients.manager.dao.TestDAOClientManager" name="testCreateClientStatus_F_7" time="0.016" />
  <testcase classname="com.topcoder.clients.manager.dao.TestDAOClientManager" name="testCreateClientStatus_F_8" time="0.047" />
  <testcase classname="com.topcoder.clients.manager.dao.TestDAOClientManager" name="testCreateClientStatus_Acc" time="0.016" />
  <testcase classname="com.topcoder.clients.manager.dao.TestDAOClientManager" name="testUpdateClientStatus_1" time="0.0" />
  <testcase classname="com.topcoder.clients.manager.dao.TestDAOClientManager" name="testUpdateClientStatus_2" time="0.015" />
  <testcase classname="com.topcoder.clients.manager.dao.TestDAOClientManager" name="testUpdateClientStatus_3" time="0.0" />
  <testcase classname="com.topcoder.clients.manager.dao.TestDAOClientManager" name="testUpdateClientStatus_4" time="0.0" />
  <testcase classname="com.topcoder.clients.manager.dao.TestDAOClientManager" name="testUpdateClientStatus_5" time="0.015" />
  <testcase classname="com.topcoder.clients.manager.dao.TestDAOClientManager" name="testUpdateClientStatus_6" time="0.0" />
  <testcase classname="com.topcoder.clients.manager.dao.TestDAOClientManager" name="testUpdateClientStatus_7" time="0.016" />
  <testcase classname="com.topcoder.clients.manager.dao.TestDAOClientManager" name="testUpdateClientStatus_8" time="0.0" />
  <testcase classname="com.topcoder.clients.manager.dao.TestDAOClientManager" name="testUpdateClientStatus_9" time="0.016" />
  <testcase classname="com.topcoder.clients.manager.dao.TestDAOClientManager" name="testUpdateClientStatus_10" time="0.0" />
  <testcase classname="com.topcoder.clients.manager.dao.TestDAOClientManager" name="testUpdateClientStatus_11" time="0.015" />
  <testcase classname="com.topcoder.clients.manager.dao.TestDAOClientManager" name="testUpdateClientStatus_12" time="0.0" />
  <testcase classname="com.topcoder.clients.manager.dao.TestDAOClientManager" name="testUpdateClientStatus_Acc" time="0.016" />
  <testcase classname="com.topcoder.clients.manager.dao.TestDAOClientManager" name="testDeleteClientStatus_F_1" time="0.0" />
  <testcase classname="com.topcoder.clients.manager.dao.TestDAOClientManager" name="testDeleteClientStatus_F_2" time="0.016" />
  <testcase classname="com.topcoder.clients.manager.dao.TestDAOClientManager" name="testDeleteClientStatus_F_3" time="0.0" />
  <testcase classname="com.topcoder.clients.manager.dao.TestDAOClientManager" name="testDeleteClientStatus_F_4" time="0.0" />
  <testcase classname="com.topcoder.clients.manager.dao.TestDAOClientManager" name="testDeleteClientStatus_F_5" time="0.016" />
  <testcase classname="com.topcoder.clients.manager.dao.TestDAOClientManager" name="testDeleteClientStatus_Acc" time="0.0" />
  <testcase classname="com.topcoder.clients.manager.dao.TestDAOCompanyManager" name="testDAOCompanyManager" time="0.328" />
  <testcase classname="com.topcoder.clients.manager.dao.TestDAOCompanyManager" name="testDAOCompanyManagerConfigurationObject_Acc" time="0.0" />
  <testcase classname="com.topcoder.clients.manager.dao.TestDAOCompanyManager" name="testDAOCompanyManagerConfigurationObject_F_1" time="0.0" />
  <testcase classname="com.topcoder.clients.manager.dao.TestDAOCompanyManager" name="testDAOCompanyManagerConfigurationObject_F_2" time="0.0" />
  <testcase classname="com.topcoder.clients.manager.dao.TestDAOCompanyManager" name="testDAOCompanyManagerConfigurationObject_F_3" time="0.0" />
  <testcase classname="com.topcoder.clients.manager.dao.TestDAOCompanyManager" name="testDAOCompanyManagerConfigurationObject_F_4" time="0.0" />
  <testcase classname="com.topcoder.clients.manager.dao.TestDAOCompanyManager" name="testDAOCompanyManagerConfigurationObject_F_5" time="0.015" />
  <testcase classname="com.topcoder.clients.manager.dao.TestDAOCompanyManager" name="testDAOCompanyManagerConfigurationObject_F_6" time="0.0" />
  <testcase classname="com.topcoder.clients.manager.dao.TestDAOCompanyManager" name="testDAOCompanyManagerStringString_Accuracy" time="0.016" />
  <testcase classname="com.topcoder.clients.manager.dao.TestDAOCompanyManager" name="testCreateCompany_1" time="0.0" />
  <testcase classname="com.topcoder.clients.manager.dao.TestDAOCompanyManager" name="testCreateCompany_2" time="0.0" />
  <testcase classname="com.topcoder.clients.manager.dao.TestDAOCompanyManager" name="testCreateCompany_3" time="0.0" />
  <testcase classname="com.topcoder.clients.manager.dao.TestDAOCompanyManager" name="testCreateCompany_4" time="0.0" />
  <testcase classname="com.topcoder.clients.manager.dao.TestDAOCompanyManager" name="testCreateCompany_5" time="0.25" />
  <testcase classname="com.topcoder.clients.manager.dao.TestDAOCompanyManager" name="testCreateCompany_6" time="0.0" />
  <testcase classname="com.topcoder.clients.manager.dao.TestDAOCompanyManager" name="testCreateCompany_7" time="0.0" />
  <testcase classname="com.topcoder.clients.manager.dao.TestDAOCompanyManager" name="testCreateCompany_acc" time="0.0" />
  <testcase classname="com.topcoder.clients.manager.dao.TestDAOCompanyManager" name="testUpdateCompany_F_1" time="0.015" />
  <testcase classname="com.topcoder.clients.manager.dao.TestDAOCompanyManager" name="testUpdateCompany_F_2" time="0.0" />
  <testcase classname="com.topcoder.clients.manager.dao.TestDAOCompanyManager" name="testUpdateCompany_F_3" time="0.016" />
  <testcase classname="com.topcoder.clients.manager.dao.TestDAOCompanyManager" name="testUpdateCompany_F_4" time="0.0" />
  <testcase classname="com.topcoder.clients.manager.dao.TestDAOCompanyManager" name="testUpdateCompany_F_5" time="0.015" />
  <testcase classname="com.topcoder.clients.manager.dao.TestDAOCompanyManager" name="testUpdateCompany_F_6" time="0.016" />
  <testcase classname="com.topcoder.clients.manager.dao.TestDAOCompanyManager" name="testUpdateCompany_F_6_2" time="0.0" />
  <testcase classname="com.topcoder.clients.manager.dao.TestDAOCompanyManager" name="testUpdateCompany_F_6_3" time="0.016" />
  <testcase classname="com.topcoder.clients.manager.dao.TestDAOCompanyManager" name="testUpdateCompany_F_7" time="0.0" />
  <testcase classname="com.topcoder.clients.manager.dao.TestDAOCompanyManager" name="testUpdateCompany_F_8" time="0.015" />
  <testcase classname="com.topcoder.clients.manager.dao.TestDAOCompanyManager" name="testUpdateCompany_F_9" time="0.0" />
  <testcase classname="com.topcoder.clients.manager.dao.TestDAOCompanyManager" name="testUpdateCompany_Acc" time="0.016" />
  <testcase classname="com.topcoder.clients.manager.dao.TestDAOCompanyManager" name="testDeleteCompany_F_1" time="0.0" />
  <testcase classname="com.topcoder.clients.manager.dao.TestDAOCompanyManager" name="testDeleteCompany_F_2" time="0.0" />
  <testcase classname="com.topcoder.clients.manager.dao.TestDAOCompanyManager" name="testDeleteCompany_F_3" time="0.0" />
  <testcase classname="com.topcoder.clients.manager.dao.TestDAOCompanyManager" name="testDeleteCompany_F_4" time="0.0" />
  <testcase classname="com.topcoder.clients.manager.dao.TestDAOCompanyManager" name="testDeleteCompany_F_5" time="0.016" />
  <testcase classname="com.topcoder.clients.manager.dao.TestDAOCompanyManager" name="testDeleteCompany_Accu" time="0.047" />
  <testcase classname="com.topcoder.clients.manager.dao.TestDAOCompanyManager" name="testRetrieveCompany_F_1" time="0.0" />
  <testcase classname="com.topcoder.clients.manager.dao.TestDAOCompanyManager" name="testRetrieveCompany_F_2" time="0.0" />
  <testcase classname="com.topcoder.clients.manager.dao.TestDAOCompanyManager" name="testRetrieveCompany_F_3" time="0.016" />
  <testcase classname="com.topcoder.clients.manager.dao.TestDAOCompanyManager" name="testRetrieveCompany_F_4" time="0.0" />
  <testcase classname="com.topcoder.clients.manager.dao.TestDAOCompanyManager" name="testRetrieveCompany_Acc" time="0.016" />
  <testcase classname="com.topcoder.clients.manager.dao.TestDAOCompanyManager" name="testRetrieveAllCompanies" time="0.0" />
  <testcase classname="com.topcoder.clients.manager.dao.TestDAOCompanyManager" name="testSearchCompaniesByName_F_1" time="0.015" />
  <testcase classname="com.topcoder.clients.manager.dao.TestDAOCompanyManager" name="testSearchCompaniesByName_F_2" time="0.0" />
  <testcase classname="com.topcoder.clients.manager.dao.TestDAOCompanyManager" name="testSearchCompaniesByName_F_3" time="0.016" />
  <testcase classname="com.topcoder.clients.manager.dao.TestDAOCompanyManager" name="testSearchCompaniesByName_F_4" time="0.0" />
  <testcase classname="com.topcoder.clients.manager.dao.TestDAOCompanyManager" name="testSearchCompaniesByName_Acc" time="0.015" />
  <testcase classname="com.topcoder.clients.manager.dao.TestDAOCompanyManager" name="testSearchCompanies_F_1" time="0.0" />
  <testcase classname="com.topcoder.clients.manager.dao.TestDAOCompanyManager" name="testSearchCompanies_F_2" time="0.0" />
  <testcase classname="com.topcoder.clients.manager.dao.TestDAOCompanyManager" name="testSearchCompanies_F_3" time="0.016" />
  <testcase classname="com.topcoder.clients.manager.dao.TestDAOCompanyManager" name="testSearchCompanies_Acc" time="0.0" />
  <testcase classname="com.topcoder.clients.manager.dao.TestDAOCompanyManager" name="testGetClientsForCompany_F_1" time="0.0" />
  <testcase classname="com.topcoder.clients.manager.dao.TestDAOCompanyManager" name="testGetClientsForCompany_F_2" time="0.0" />
  <testcase classname="com.topcoder.clients.manager.dao.TestDAOCompanyManager" name="testGetClientsForCompany_F_3" time="0.0" />
  <testcase classname="com.topcoder.clients.manager.dao.TestDAOCompanyManager" name="testGetClientsForCompany_F_4" time="0.0" />
  <testcase classname="com.topcoder.clients.manager.dao.TestDAOCompanyManager" name="testGetClientsForCompany_Acc" time="0.0" />
  <testcase classname="com.topcoder.clients.manager.dao.TestDAOCompanyManager" name="testGetProjectsForCompany_F_1" time="0.0" />
  <testcase classname="com.topcoder.clients.manager.dao.TestDAOCompanyManager" name="testGetProjectsForCompany_F_2" time="0.015" />
  <testcase classname="com.topcoder.clients.manager.dao.TestDAOCompanyManager" name="testGetProjectsForCompany_F_3" time="0.0" />
  <testcase classname="com.topcoder.clients.manager.dao.TestDAOCompanyManager" name="testGetProjectsForCompany_F_4" time="0.016" />
  <testcase classname="com.topcoder.clients.manager.dao.TestDAOCompanyManager" name="testGetProjectsForCompany_Acc" time="0.0" />
  <testcase classname="com.topcoder.clients.manager.dao.TestDAOProjectManagerAccuracy" name="testDAOProjectManager" time="0.266" />
  <testcase classname="com.topcoder.clients.manager.dao.TestDAOProjectManagerAccuracy" name="testDAOProjectManagerConfigurationObject" time="0.0" />
  <testcase classname="com.topcoder.clients.manager.dao.TestDAOProjectManagerAccuracy" name="testDAOProjectManagerStringString" time="0.016" />
  <testcase classname="com.topcoder.clients.manager.dao.TestDAOProjectManagerAccuracy" name="testCreateProject" time="0.015" />
  <testcase classname="com.topcoder.clients.manager.dao.TestDAOProjectManagerAccuracy" name="testUpdateProject" time="0.0" />
  <testcase classname="com.topcoder.clients.manager.dao.TestDAOProjectManagerAccuracy" name="testDeleteProject" time="0.094" />
  <testcase classname="com.topcoder.clients.manager.dao.TestDAOProjectManagerAccuracy" name="testRetrieveProjectLong_1" time="0.0" />
  <testcase classname="com.topcoder.clients.manager.dao.TestDAOProjectManagerAccuracy" name="testRetrieveProjectLong_2" time="0.0" />
  <testcase classname="com.topcoder.clients.manager.dao.TestDAOProjectManagerAccuracy" name="testRetrieveProjectLongBoolean" time="0.0" />
  <testcase classname="com.topcoder.clients.manager.dao.TestDAOProjectManagerAccuracy" name="testRetrieveProjectLongBoolean_2" time="0.0" />
  <testcase classname="com.topcoder.clients.manager.dao.TestDAOProjectManagerAccuracy" name="testRetrieveProjectsForClientClient_1" time="0.015" />
  <testcase classname="com.topcoder.clients.manager.dao.TestDAOProjectManagerAccuracy" name="testRetrieveProjectsForClientClient_2" time="0.0" />
  <testcase classname="com.topcoder.clients.manager.dao.TestDAOProjectManagerAccuracy" name="testRetrieveProjectsForClientClientBoolean" time="0.0" />
  <testcase classname="com.topcoder.clients.manager.dao.TestDAOProjectManagerAccuracy" name="testRetrieveAllProjects" time="0.015" />
  <testcase classname="com.topcoder.clients.manager.dao.TestDAOProjectManagerAccuracy" name="testRetrieveAllProjectsBoolean_1" time="0.0" />
  <testcase classname="com.topcoder.clients.manager.dao.TestDAOProjectManagerAccuracy" name="testRetrieveAllProjectsBoolean_2" time="0.016" />
  <testcase classname="com.topcoder.clients.manager.dao.TestDAOProjectManagerAccuracy" name="testSetProjectStatus" time="0.016" />
  <testcase classname="com.topcoder.clients.manager.dao.TestDAOProjectManagerAccuracy" name="testSearchProjectsByName_1" time="0.0" />
  <testcase classname="com.topcoder.clients.manager.dao.TestDAOProjectManagerAccuracy" name="testSearchProjectsByName_2" time="0.015" />
  <testcase classname="com.topcoder.clients.manager.dao.TestDAOProjectManagerAccuracy" name="testSearchProjects" time="0.0" />
  <testcase classname="com.topcoder.clients.manager.dao.TestDAOProjectManagerAccuracy" name="testGetProjectStatus_1" time="0.016" />
  <testcase classname="com.topcoder.clients.manager.dao.TestDAOProjectManagerAccuracy" name="testGetProjectStatus_2" time="0.0" />
  <testcase classname="com.topcoder.clients.manager.dao.TestDAOProjectManagerAccuracy" name="testGetAllProjectStatuses" time="0.016" />
  <testcase classname="com.topcoder.clients.manager.dao.TestDAOProjectManagerAccuracy" name="testGetProjectsForStatus" time="0.0" />
  <testcase classname="com.topcoder.clients.manager.dao.TestDAOProjectManagerAccuracy" name="testCreateProjectStatus" time="0.015" />
  <testcase classname="com.topcoder.clients.manager.dao.TestDAOProjectManagerAccuracy" name="testUpdateProjectStatus" time="0.0" />
  <testcase classname="com.topcoder.clients.manager.dao.TestDAOProjectManagerAccuracy" name="testDeleteProjectStatus" time="0.0" />
  <testcase classname="com.topcoder.clients.manager.dao.TestDAOProjectManagerFailure" name="testRetrieveProjectLong_1" time="0.015" />
  <testcase classname="com.topcoder.clients.manager.dao.TestDAOProjectManagerFailure" name="testRetrieveProjectLong_2" time="0.0" />
  <testcase classname="com.topcoder.clients.manager.dao.TestDAOProjectManagerFailure" name="testRetrieveProjectLongBoolean_2" time="0.016" />
  <testcase classname="com.topcoder.clients.manager.dao.TestDAOProjectManagerFailure" name="testRetrieveProjectsForClientClient_1" time="0.0" />
  <testcase classname="com.topcoder.clients.manager.dao.TestDAOProjectManagerFailure" name="testRetrieveProjectsForClientClient_2" time="0.0" />
  <testcase classname="com.topcoder.clients.manager.dao.TestDAOProjectManagerFailure" name="testRetrieveAllProjectsBoolean_1" time="0.015" />
  <testcase classname="com.topcoder.clients.manager.dao.TestDAOProjectManagerFailure" name="testRetrieveAllProjectsBoolean_2" time="0.0" />
  <testcase classname="com.topcoder.clients.manager.dao.TestDAOProjectManagerFailure" name="testSearchProjectsByName_1" time="0.016" />
  <testcase classname="com.topcoder.clients.manager.dao.TestDAOProjectManagerFailure" name="testSearchProjectsByName_2" time="0.016" />
  <testcase classname="com.topcoder.clients.manager.dao.TestDAOProjectManagerFailure" name="testGetProjectStatus_1" time="0.0" />
  <testcase classname="com.topcoder.clients.manager.dao.TestDAOProjectManagerFailure" name="testGetProjectStatus_2" time="0.015" />
  <testcase classname="com.topcoder.clients.manager.dao.TestDAOProjectManagerFailure" name="testDAOProjectManagerConfigurationObject_1" time="0.0" />
  <testcase classname="com.topcoder.clients.manager.dao.TestDAOProjectManagerFailure" name="testDAOProjectManagerConfigurationObject_2" time="0.016" />
  <testcase classname="com.topcoder.clients.manager.dao.TestDAOProjectManagerFailure" name="testDAOProjectManagerConfigurationObject_3" time="0.0" />
  <testcase classname="com.topcoder.clients.manager.dao.TestDAOProjectManagerFailure" name="testDAOProjectManagerConfigurationObject_4" time="0.0" />
  <testcase classname="com.topcoder.clients.manager.dao.TestDAOProjectManagerFailure" name="testDAOProjectManagerConfigurationObject_5" time="0.016" />
  <testcase classname="com.topcoder.clients.manager.dao.TestDAOProjectManagerFailure" name="testDAOProjectManagerConfigurationObject_6" time="0.0" />
  <testcase classname="com.topcoder.clients.manager.dao.TestDAOProjectManagerFailure" name="testCreateProject_1" time="0.063" />
  <testcase classname="com.topcoder.clients.manager.dao.TestDAOProjectManagerFailure" name="testCreateProject_2" time="0.0" />
  <testcase classname="com.topcoder.clients.manager.dao.TestDAOProjectManagerFailure" name="testCreateProject_3" time="0.015" />
  <testcase classname="com.topcoder.clients.manager.dao.TestDAOProjectManagerFailure" name="testCreateProject_4" time="0.047" />
  <testcase classname="com.topcoder.clients.manager.dao.TestDAOProjectManagerFailure" name="testCreateProject_6" time="0.016" />
  <testcase classname="com.topcoder.clients.manager.dao.TestDAOProjectManagerFailure" name="testCreateProject_7" time="0.0" />
  <testcase classname="com.topcoder.clients.manager.dao.TestDAOProjectManagerFailure" name="testCreateProject_8" time="0.015" />
  <testcase classname="com.topcoder.clients.manager.dao.TestDAOProjectManagerFailure" name="testCreateProject_9" time="0.0" />
  <testcase classname="com.topcoder.clients.manager.dao.TestDAOProjectManagerFailure" name="testCreateProject_10" time="0.0" />
  <testcase classname="com.topcoder.clients.manager.dao.TestDAOProjectManagerFailure" name="testCreateProject_11" time="0.016" />
  <testcase classname="com.topcoder.clients.manager.dao.TestDAOProjectManagerFailure" name="testUpdateProject_F_1" time="0.0" />
  <testcase classname="com.topcoder.clients.manager.dao.TestDAOProjectManagerFailure" name="testUpdateProject_F_2" time="0.015" />
  <testcase classname="com.topcoder.clients.manager.dao.TestDAOProjectManagerFailure" name="testUpdateProject_F_3" time="0.0" />
  <testcase classname="com.topcoder.clients.manager.dao.TestDAOProjectManagerFailure" name="testUpdateProject_F_4" time="0.016" />
  <testcase classname="com.topcoder.clients.manager.dao.TestDAOProjectManagerFailure" name="testUpdateProject_F_5" time="0.0" />
  <testcase classname="com.topcoder.clients.manager.dao.TestDAOProjectManagerFailure" name="testUpdateProject_F_6" time="0.0" />
  <testcase classname="com.topcoder.clients.manager.dao.TestDAOProjectManagerFailure" name="testUpdateProject_F_7" time="0.016" />
  <testcase classname="com.topcoder.clients.manager.dao.TestDAOProjectManagerFailure" name="testUpdateProject_F_8" time="0.0" />
  <testcase classname="com.topcoder.clients.manager.dao.TestDAOProjectManagerFailure" name="testUpdateProject_F_9" time="0.016" />
  <testcase classname="com.topcoder.clients.manager.dao.TestDAOProjectManagerFailure" name="testUpdateProject_F_10" time="0.0" />
  <testcase classname="com.topcoder.clients.manager.dao.TestDAOProjectManagerFailure" name="testUpdateProject_F_11" time="0.015" />
  <testcase classname="com.topcoder.clients.manager.dao.TestDAOProjectManagerFailure" name="testUpdateProject_F_12" time="0.031" />
  <testcase classname="com.topcoder.clients.manager.dao.TestDAOProjectManagerFailure" name="testDeleteProject_1" time="0.0" />
  <testcase classname="com.topcoder.clients.manager.dao.TestDAOProjectManagerFailure" name="testDeleteProject_2" time="0.0" />
  <testcase classname="com.topcoder.clients.manager.dao.TestDAOProjectManagerFailure" name="testDeleteProject_3" time="0.015" />
  <testcase classname="com.topcoder.clients.manager.dao.TestDAOProjectManagerFailure" name="testDeleteProject_4" time="0.0" />
  <testcase classname="com.topcoder.clients.manager.dao.TestDAOProjectManagerFailure" name="testDeleteProject_5" time="0.0" />
  <testcase classname="com.topcoder.clients.manager.dao.TestDAOProjectManagerFailure" name="testRetrieveProjectLong_3" time="0.015" />
  <testcase classname="com.topcoder.clients.manager.dao.TestDAOProjectManagerFailure" name="testRetrieveProjectLongBoolean_1" time="0.0" />
  <testcase classname="com.topcoder.clients.manager.dao.TestDAOProjectManagerFailure" name="testRetrieveProjectLongBoolean_3" time="0.016" />
  <testcase classname="com.topcoder.clients.manager.dao.TestDAOProjectManagerFailure" name="testRetrieveProjectsForClientClient_3" time="0.0" />
  <testcase classname="com.topcoder.clients.manager.dao.TestDAOProjectManagerFailure" name="testRetrieveProjectsForClientClient_4" time="0.016" />
  <testcase classname="com.topcoder.clients.manager.dao.TestDAOProjectManagerFailure" name="testRetrieveProjectsForClientClientBoolean_1" time="0.0" />
  <testcase classname="com.topcoder.clients.manager.dao.TestDAOProjectManagerFailure" name="testRetrieveProjectsForClientClientBoolean_2" time="0.015" />
  <testcase classname="com.topcoder.clients.manager.dao.TestDAOProjectManagerFailure" name="testSetProjectStatus_1" time="0.0" />
  <testcase classname="com.topcoder.clients.manager.dao.TestDAOProjectManagerFailure" name="testSetProjectStatus_2" time="0.0" />
  <testcase classname="com.topcoder.clients.manager.dao.TestDAOProjectManagerFailure" name="testSetProjectStatus_4" time="0.062" />
  <testcase classname="com.topcoder.clients.manager.dao.TestDAOProjectManagerFailure" name="testSetProjectStatus_5" time="0.016" />
  <testcase classname="com.topcoder.clients.manager.dao.TestDAOProjectManagerFailure" name="testSetProjectStatus_6" time="0.016" />
  <testcase classname="com.topcoder.clients.manager.dao.TestDAOProjectManagerFailure" name="testSetProjectStatus_7" time="0.0" />
  <testcase classname="com.topcoder.clients.manager.dao.TestDAOProjectManagerFailure" name="testSetProjectStatus_8" time="0.0" />
  <testcase classname="com.topcoder.clients.manager.dao.TestDAOProjectManagerFailure" name="testSetProjectStatus_9" time="0.0" />
  <testcase classname="com.topcoder.clients.manager.dao.TestDAOProjectManagerFailure" name="testSetProjectStatus_10" time="0.0" />
  <testcase classname="com.topcoder.clients.manager.dao.TestDAOProjectManagerFailure" name="testSearchProjectsByName_1_2" time="0.016" />
  <testcase classname="com.topcoder.clients.manager.dao.TestDAOProjectManagerFailure" name="testSearchProjectsByName_3" time="0.0" />
  <testcase classname="com.topcoder.clients.manager.dao.TestDAOProjectManagerFailure" name="testSearchProjects_1" time="0.015" />
  <testcase classname="com.topcoder.clients.manager.dao.TestDAOProjectManagerFailure" name="testSearchProjects_2" time="0.0" />
  <testcase classname="com.topcoder.clients.manager.dao.TestDAOProjectManagerFailure" name="testSearchProjects_3" time="0.016" />
  <testcase classname="com.topcoder.clients.manager.dao.TestDAOProjectManagerFailure" name="testGetProjectStatus_3" time="0.0" />
  <testcase classname="com.topcoder.clients.manager.dao.TestDAOProjectManagerFailure" name="testGetProjectStatus_4" time="0.015" />
  <testcase classname="com.topcoder.clients.manager.dao.TestDAOProjectManagerFailure" name="testGetAllProjectStatuses_1" time="0.0" />
  <testcase classname="com.topcoder.clients.manager.dao.TestDAOProjectManagerFailure" name="testGetAllProjectStatuses_2" time="0.016" />
  <testcase classname="com.topcoder.clients.manager.dao.TestDAOProjectManagerFailure" name="testGetProjectsForStatus_1" time="0.0" />
  <testcase classname="com.topcoder.clients.manager.dao.TestDAOProjectManagerFailure" name="testGetProjectsForStatus_2" time="0.016" />
  <testcase classname="com.topcoder.clients.manager.dao.TestDAOProjectManagerFailure" name="testGetProjectsForStatus_3" time="0.0" />
  <testcase classname="com.topcoder.clients.manager.dao.TestDAOProjectManagerFailure" name="testGetProjectsForStatus_4" time="0.015" />
  <testcase classname="com.topcoder.clients.manager.dao.TestDAOProjectManagerFailure" name="testCreateProjectStatus_F_1" time="0.0" />
  <testcase classname="com.topcoder.clients.manager.dao.TestDAOProjectManagerFailure" name="testCreateProjectStatus_F_2" time="0.016" />
  <testcase classname="com.topcoder.clients.manager.dao.TestDAOProjectManagerFailure" name="testCreateProjectStatus_F_4" time="0.0" />
  <testcase classname="com.topcoder.clients.manager.dao.TestDAOProjectManagerFailure" name="testCreateProjectStatus_F_3" time="0.016" />
  <testcase classname="com.topcoder.clients.manager.dao.TestDAOProjectManagerFailure" name="testCreateProjectStatus_F_5" time="0.0" />
  <testcase classname="com.topcoder.clients.manager.dao.TestDAOProjectManagerFailure" name="testCreateProjectStatus_F_6" time="0.015" />
  <testcase classname="com.topcoder.clients.manager.dao.TestDAOProjectManagerFailure" name="testCreateProjectStatus_F_7" time="0.0" />
  <testcase classname="com.topcoder.clients.manager.dao.TestDAOProjectManagerFailure" name="testCreateProjectStatus_F_8" time="0.016" />
  <testcase classname="com.topcoder.clients.manager.dao.TestDAOProjectManagerFailure" name="testCreateProjectStatus_F_9" time="0.0" />
  <testcase classname="com.topcoder.clients.manager.dao.TestDAOProjectManagerFailure" name="testUpdateProjectStatus_F_1" time="0.015" />
  <testcase classname="com.topcoder.clients.manager.dao.TestDAOProjectManagerFailure" name="testUpdateProjectStatus_F_2" time="0.0" />
  <testcase classname="com.topcoder.clients.manager.dao.TestDAOProjectManagerFailure" name="testUpdateProjectStatus_F_3" time="0.016" />
  <testcase classname="com.topcoder.clients.manager.dao.TestDAOProjectManagerFailure" name="testUpdateProjectStatus_F_4" time="0.0" />
  <testcase classname="com.topcoder.clients.manager.dao.TestDAOProjectManagerFailure" name="testUpdateProjectStatus_F_5" time="0.016" />
  <testcase classname="com.topcoder.clients.manager.dao.TestDAOProjectManagerFailure" name="testUpdateProjectStatus_F_6" time="0.0" />
  <testcase classname="com.topcoder.clients.manager.dao.TestDAOProjectManagerFailure" name="testUpdateProjectStatus_F_7" time="0.015" />
  <testcase classname="com.topcoder.clients.manager.dao.TestDAOProjectManagerFailure" name="testUpdateProjectStatus_F_8" time="0.0" />
  <testcase classname="com.topcoder.clients.manager.dao.TestDAOProjectManagerFailure" name="testDeleteProjectStatus_F_1" time="0.016" />
  <testcase classname="com.topcoder.clients.manager.dao.TestDAOProjectManagerFailure" name="testDeleteProjectStatus_F_2" time="0.0" />
  <testcase classname="com.topcoder.clients.manager.dao.TestDAOProjectManagerFailure" name="testDeleteProjectStatus_F_3" time="0.016" />
  <testcase classname="com.topcoder.clients.manager.dao.TestDAOProjectManagerFailure" name="testDeleteProjectStatus_F_4" time="0.0" />
  <testcase classname="com.topcoder.clients.manager.dao.TestDAOProjectManagerFailure" name="testDeleteProjectStatus_F_5" time="0.015" />
  <testcase classname="com.topcoder.clients.manager.Demo" name="testDemoDAOClientManager" time="0.016" />
  <testcase classname="com.topcoder.clients.manager.Demo" name="testDemoDAOProjectManager" time="0.015" />
  <testcase classname="com.topcoder.clients.manager.Demo" name="testDemoDAOCompanyManager" time="0.016" />
  <testcase classname="com.topcoder.clients.manager.dao.TestEntityFormat" name="testFormatClient" time="0.0" />
  <testcase classname="com.topcoder.clients.manager.dao.TestEntityFormat" name="testFormatClient_2" time="0.0" />
  <testcase classname="com.topcoder.clients.manager.dao.TestEntityFormat" name="testFormatClient_3" time="0.0" />
  <testcase classname="com.topcoder.clients.manager.dao.TestEntityFormat" name="testFormatCompany_1" time="0.0" />
  <testcase classname="com.topcoder.clients.manager.dao.TestEntityFormat" name="testFormatCompany_2" time="0.0" />
  <testcase classname="com.topcoder.clients.manager.dao.TestEntityFormat" name="testFormatClientStatus" time="0.0" />
  <testcase classname="com.topcoder.clients.manager.dao.TestEntityFormat" name="testFormatClientStatus_2" time="0.0" />
  <testcase classname="com.topcoder.clients.manager.dao.TestEntityFormat" name="testFormatClientList" time="0.0" />
  <testcase classname="com.topcoder.clients.manager.dao.TestEntityFormat" name="testFormatClientStatusList" time="0.0" />
  <testcase classname="com.topcoder.clients.manager.dao.TestEntityFormat" name="testFormatCompanyList" time="0.0" />
  <testcase classname="com.topcoder.clients.manager.dao.TestEntityFormat" name="testFormatProject" time="0.0" />
  <testcase classname="com.topcoder.clients.manager.dao.TestEntityFormat" name="testFormatProjectList" time="0.0" />
  <testcase classname="com.topcoder.clients.manager.dao.TestEntityFormat" name="testFormatProjectStatus" time="0.0" />
  <testcase classname="com.topcoder.clients.manager.dao.TestEntityFormat" name="testFormatProjectStatusList" time="0.0" />
  <system-out><![CDATA[[Entering method <com.topcoder.clients.manager.dao.DAOClientManager.createClient(Client client)>; Parameters:{ ParamName<client>; ParamValue: <null>  }  at 2008-08-26 09:36:29.406 ]
[Error occurred in method <com.topcoder.clients.manager.dao.DAOClientManager.createClient(Client client)>, cause by :
java.lang.IllegalArgumentException: The parameter 'client' should not be null.
	at com.topcoder.clients.manager.dao.Helper.checkNull(Helper.java:69)
	at com.topcoder.clients.manager.dao.Helper.validateClient(Helper.java:132)
	at com.topcoder.clients.manager.dao.DAOClientManager.createClient(DAOClientManager.java:259)
	at com.topcoder.clients.manager.dao.TestDAOClientManager.testCreateClient_Failure_1(TestDAOClientManager.java:596)
	at sun.reflect.NativeMethodAccessorImpl.invoke0(Native Method)
	at sun.reflect.NativeMethodAccessorImpl.invoke(NativeMethodAccessorImpl.java:39)
	at sun.reflect.DelegatingMethodAccessorImpl.invoke(DelegatingMethodAccessorImpl.java:25)
	at java.lang.reflect.Method.invoke(Method.java:585)
	at junit.framework.TestCase.runTest(TestCase.java:154)
	at junit.framework.TestCase.runBare(TestCase.java:127)
	at junit.framework.TestResult$1.protect(TestResult.java:106)
	at junit.framework.TestResult.runProtected(TestResult.java:124)
	at junit.framework.TestResult.run(TestResult.java:109)
	at junit.framework.TestCase.run(TestCase.java:118)
	at junit.framework.TestSuite.runTest(TestSuite.java:208)
	at junit.framework.TestSuite.run(TestSuite.java:203)
	at junit.framework.TestSuite.runTest(TestSuite.java:208)
	at junit.framework.TestSuite.run(TestSuite.java:203)
	at junit.framework.TestSuite.runTest(TestSuite.java:208)
	at junit.framework.TestSuite.run(TestSuite.java:203)
	at org.apache.tools.ant.taskdefs.optional.junit.JUnitTestRunner.run(JUnitTestRunner.java:421)
	at org.apache.tools.ant.taskdefs.optional.junit.JUnitTestRunner.launch(JUnitTestRunner.java:912)
	at org.apache.tools.ant.taskdefs.optional.junit.JUnitTestRunner.main(JUnitTestRunner.java:766)
[Entering method <com.topcoder.clients.manager.dao.DAOClientManager.createClient(Client client)>; Parameters:{ ParamName<client>; ParamValue: <[ id=0 name=name codeName=null salesTax=0.0 isDeleted=false company=null clientStatus=null]>  }  at 2008-08-26 09:36:29.484 ]
[Error occurred in method <com.topcoder.clients.manager.dao.DAOClientManager.createClient(Client client)>, cause by :
java.lang.IllegalArgumentException: The startDate of client must < endDate.
	at com.topcoder.clients.manager.dao.Helper.validateClient(Helper.java:144)
	at com.topcoder.clients.manager.dao.DAOClientManager.createClient(DAOClientManager.java:259)
	at com.topcoder.clients.manager.dao.TestDAOClientManager.testCreateClient_Failure_2(TestDAOClientManager.java:621)
	at sun.reflect.NativeMethodAccessorImpl.invoke0(Native Method)
	at sun.reflect.NativeMethodAccessorImpl.invoke(NativeMethodAccessorImpl.java:39)
	at sun.reflect.DelegatingMethodAccessorImpl.invoke(DelegatingMethodAccessorImpl.java:25)
	at java.lang.reflect.Method.invoke(Method.java:585)
	at junit.framework.TestCase.runTest(TestCase.java:154)
	at junit.framework.TestCase.runBare(TestCase.java:127)
	at junit.framework.TestResult$1.protect(TestResult.java:106)
	at junit.framework.TestResult.runProtected(TestResult.java:124)
	at junit.framework.TestResult.run(TestResult.java:109)
	at junit.framework.TestCase.run(TestCase.java:118)
	at junit.framework.TestSuite.runTest(TestSuite.java:208)
	at junit.framework.TestSuite.run(TestSuite.java:203)
	at junit.framework.TestSuite.runTest(TestSuite.java:208)
	at junit.framework.TestSuite.run(TestSuite.java:203)
	at junit.framework.TestSuite.runTest(TestSuite.java:208)
	at junit.framework.TestSuite.run(TestSuite.java:203)
	at org.apache.tools.ant.taskdefs.optional.junit.JUnitTestRunner.run(JUnitTestRunner.java:421)
	at org.apache.tools.ant.taskdefs.optional.junit.JUnitTestRunner.launch(JUnitTestRunner.java:912)
	at org.apache.tools.ant.taskdefs.optional.junit.JUnitTestRunner.main(JUnitTestRunner.java:766)
[Entering method <com.topcoder.clients.manager.dao.DAOClientManager.createClient(Client client)>; Parameters:{ ParamName<client>; ParamValue: <[ id=0 name=null codeName=null salesTax=0.0 isDeleted=false company=null clientStatus=null]>  }  at 2008-08-26 09:36:29.484 ]
[Error occurred in method <com.topcoder.clients.manager.dao.DAOClientManager.createClient(Client client)>, cause by :
java.lang.IllegalArgumentException: The Client should have a non-null and non-empty name.
	at com.topcoder.clients.manager.dao.Helper.validateClient(Helper.java:148)
	at com.topcoder.clients.manager.dao.DAOClientManager.createClient(DAOClientManager.java:259)
	at com.topcoder.clients.manager.dao.TestDAOClientManager.testCreateClient_Failure_3(TestDAOClientManager.java:646)
	at sun.reflect.NativeMethodAccessorImpl.invoke0(Native Method)
	at sun.reflect.NativeMethodAccessorImpl.invoke(NativeMethodAccessorImpl.java:39)
	at sun.reflect.DelegatingMethodAccessorImpl.invoke(DelegatingMethodAccessorImpl.java:25)
	at java.lang.reflect.Method.invoke(Method.java:585)
	at junit.framework.TestCase.runTest(TestCase.java:154)
	at junit.framework.TestCase.runBare(TestCase.java:127)
	at junit.framework.TestResult$1.protect(TestResult.java:106)
	at junit.framework.TestResult.runProtected(TestResult.java:124)
	at junit.framework.TestResult.run(TestResult.java:109)
	at junit.framework.TestCase.run(TestCase.java:118)
	at junit.framework.TestSuite.runTest(TestSuite.java:208)
	at junit.framework.TestSuite.run(TestSuite.java:203)
	at junit.framework.TestSuite.runTest(TestSuite.java:208)
	at junit.framework.TestSuite.run(TestSuite.java:203)
	at junit.framework.TestSuite.runTest(TestSuite.java:208)
	at junit.framework.TestSuite.run(TestSuite.java:203)
	at org.apache.tools.ant.taskdefs.optional.junit.JUnitTestRunner.run(JUnitTestRunner.java:421)
	at org.apache.tools.ant.taskdefs.optional.junit.JUnitTestRunner.launch(JUnitTestRunner.java:912)
	at org.apache.tools.ant.taskdefs.optional.junit.JUnitTestRunner.main(JUnitTestRunner.java:766)
[Entering method <com.topcoder.clients.manager.dao.DAOClientManager.createClient(Client client)>; Parameters:{ ParamName<client>; ParamValue: <[ id=0 name=   codeName=null salesTax=0.0 isDeleted=false company=null clientStatus=null]>  }  at 2008-08-26 09:36:29.500 ]
[Error occurred in method <com.topcoder.clients.manager.dao.DAOClientManager.createClient(Client client)>, cause by :
java.lang.IllegalArgumentException: The Client should have a non-null and non-empty name.
	at com.topcoder.clients.manager.dao.Helper.validateClient(Helper.java:148)
	at com.topcoder.clients.manager.dao.DAOClientManager.createClient(DAOClientManager.java:259)
	at com.topcoder.clients.manager.dao.TestDAOClientManager.testCreateClient_Failure_4(TestDAOClientManager.java:671)
	at sun.reflect.NativeMethodAccessorImpl.invoke0(Native Method)
	at sun.reflect.NativeMethodAccessorImpl.invoke(NativeMethodAccessorImpl.java:39)
	at sun.reflect.DelegatingMethodAccessorImpl.invoke(DelegatingMethodAccessorImpl.java:25)
	at java.lang.reflect.Method.invoke(Method.java:585)
	at junit.framework.TestCase.runTest(TestCase.java:154)
	at junit.framework.TestCase.runBare(TestCase.java:127)
	at junit.framework.TestResult$1.protect(TestResult.java:106)
	at junit.framework.TestResult.runProtected(TestResult.java:124)
	at junit.framework.TestResult.run(TestResult.java:109)
	at junit.framework.TestCase.run(TestCase.java:118)
	at junit.framework.TestSuite.runTest(TestSuite.java:208)
	at junit.framework.TestSuite.run(TestSuite.java:203)
	at junit.framework.TestSuite.runTest(TestSuite.java:208)
	at junit.framework.TestSuite.run(TestSuite.java:203)
	at junit.framework.TestSuite.runTest(TestSuite.java:208)
	at junit.framework.TestSuite.run(TestSuite.java:203)
	at org.apache.tools.ant.taskdefs.optional.junit.JUnitTestRunner.run(JUnitTestRunner.java:421)
	at org.apache.tools.ant.taskdefs.optional.junit.JUnitTestRunner.launch(JUnitTestRunner.java:912)
	at org.apache.tools.ant.taskdefs.optional.junit.JUnitTestRunner.main(JUnitTestRunner.java:766)
[Entering method <com.topcoder.clients.manager.dao.DAOClientManager.createClient(Client client)>; Parameters:{ ParamName<client>; ParamValue: <[ id=0 name=name codeName=null salesTax=0.0 isDeleted=true company=null clientStatus=null]>  }  at 2008-08-26 09:36:29.515 ]
[Error occurred in method <com.topcoder.clients.manager.dao.DAOClientManager.createClient(Client client)>, cause by :
java.lang.IllegalArgumentException: The client should not be deleted.
	at com.topcoder.clients.manager.dao.Helper.validateClient(Helper.java:152)
	at com.topcoder.clients.manager.dao.DAOClientManager.createClient(DAOClientManager.java:259)
	at com.topcoder.clients.manager.dao.TestDAOClientManager.testCreateClient_Failure_5(TestDAOClientManager.java:696)
	at sun.reflect.NativeMethodAccessorImpl.invoke0(Native Method)
	at sun.reflect.NativeMethodAccessorImpl.invoke(NativeMethodAccessorImpl.java:39)
	at sun.reflect.DelegatingMethodAccessorImpl.invoke(DelegatingMethodAccessorImpl.java:25)
	at java.lang.reflect.Method.invoke(Method.java:585)
	at junit.framework.TestCase.runTest(TestCase.java:154)
	at junit.framework.TestCase.runBare(TestCase.java:127)
	at junit.framework.TestResult$1.protect(TestResult.java:106)
	at junit.framework.TestResult.runProtected(TestResult.java:124)
	at junit.framework.TestResult.run(TestResult.java:109)
	at junit.framework.TestCase.run(TestCase.java:118)
	at junit.framework.TestSuite.runTest(TestSuite.java:208)
	at junit.framework.TestSuite.run(TestSuite.java:203)
	at junit.framework.TestSuite.runTest(TestSuite.java:208)
	at junit.framework.TestSuite.run(TestSuite.java:203)
	at junit.framework.TestSuite.runTest(TestSuite.java:208)
	at junit.framework.TestSuite.run(TestSuite.java:203)
	at org.apache.tools.ant.taskdefs.optional.junit.JUnitTestRunner.run(JUnitTestRunner.java:421)
	at org.apache.tools.ant.taskdefs.optional.junit.JUnitTestRunner.launch(JUnitTestRunner.java:912)
	at org.apache.tools.ant.taskdefs.optional.junit.JUnitTestRunner.main(JUnitTestRunner.java:766)
[Entering method <com.topcoder.clients.manager.dao.DAOClientManager.createClient(Client client)>; Parameters:{ ParamName<client>; ParamValue: <[ id=0 name=name codeName=null salesTax=0.0 isDeleted=false company=null clientStatus=null]>  }  at 2008-08-26 09:36:29.531 ]
[Error occurred in method <com.topcoder.clients.manager.dao.DAOClientManager.createClient(Client client)>, cause by :
java.lang.IllegalArgumentException: The startDate of client should be set.
	at com.topcoder.clients.manager.dao.Helper.validateClient(Helper.java:135)
	at com.topcoder.clients.manager.dao.DAOClientManager.createClient(DAOClientManager.java:259)
	at com.topcoder.clients.manager.dao.TestDAOClientManager.testCreateClient_Failure_5_2(TestDAOClientManager.java:721)
	at sun.reflect.NativeMethodAccessorImpl.invoke0(Native Method)
	at sun.reflect.NativeMethodAccessorImpl.invoke(NativeMethodAccessorImpl.java:39)
	at sun.reflect.DelegatingMethodAccessorImpl.invoke(DelegatingMethodAccessorImpl.java:25)
	at java.lang.reflect.Method.invoke(Method.java:585)
	at junit.framework.TestCase.runTest(TestCase.java:154)
	at junit.framework.TestCase.runBare(TestCase.java:127)
	at junit.framework.TestResult$1.protect(TestResult.java:106)
	at junit.framework.TestResult.runProtected(TestResult.java:124)
	at junit.framework.TestResult.run(TestResult.java:109)
	at junit.framework.TestCase.run(TestCase.java:118)
	at junit.framework.TestSuite.runTest(TestSuite.java:208)
	at junit.framework.TestSuite.run(TestSuite.java:203)
	at junit.framework.TestSuite.runTest(TestSuite.java:208)
	at junit.framework.TestSuite.run(TestSuite.java:203)
	at junit.framework.TestSuite.runTest(TestSuite.java:208)
	at junit.framework.TestSuite.run(TestSuite.java:203)
	at org.apache.tools.ant.taskdefs.optional.junit.JUnitTestRunner.run(JUnitTestRunner.java:421)
	at org.apache.tools.ant.taskdefs.optional.junit.JUnitTestRunner.launch(JUnitTestRunner.java:912)
	at org.apache.tools.ant.taskdefs.optional.junit.JUnitTestRunner.main(JUnitTestRunner.java:766)
[Entering method <com.topcoder.clients.manager.dao.DAOClientManager.createClient(Client client)>; Parameters:{ ParamName<client>; ParamValue: <[ id=0 name=name codeName=null salesTax=0.0 isDeleted=false company=null clientStatus=null]>  }  at 2008-08-26 09:36:29.531 ]
[Error occurred in method <com.topcoder.clients.manager.dao.DAOClientManager.createClient(Client client)>, cause by :
java.lang.IllegalArgumentException: The endDate of client should be set.
	at com.topcoder.clients.manager.dao.Helper.validateClient(Helper.java:139)
	at com.topcoder.clients.manager.dao.DAOClientManager.createClient(DAOClientManager.java:259)
	at com.topcoder.clients.manager.dao.TestDAOClientManager.testCreateClient_Failure_5_3(TestDAOClientManager.java:746)
	at sun.reflect.NativeMethodAccessorImpl.invoke0(Native Method)
	at sun.reflect.NativeMethodAccessorImpl.invoke(NativeMethodAccessorImpl.java:39)
	at sun.reflect.DelegatingMethodAccessorImpl.invoke(DelegatingMethodAccessorImpl.java:25)
	at java.lang.reflect.Method.invoke(Method.java:585)
	at junit.framework.TestCase.runTest(TestCase.java:154)
	at junit.framework.TestCase.runBare(TestCase.java:127)
	at junit.framework.TestResult$1.protect(TestResult.java:106)
	at junit.framework.TestResult.runProtected(TestResult.java:124)
	at junit.framework.TestResult.run(TestResult.java:109)
	at junit.framework.TestCase.run(TestCase.java:118)
	at junit.framework.TestSuite.runTest(TestSuite.java:208)
	at junit.framework.TestSuite.run(TestSuite.java:203)
	at junit.framework.TestSuite.runTest(TestSuite.java:208)
	at junit.framework.TestSuite.run(TestSuite.java:203)
	at junit.framework.TestSuite.runTest(TestSuite.java:208)
	at junit.framework.TestSuite.run(TestSuite.java:203)
	at org.apache.tools.ant.taskdefs.optional.junit.JUnitTestRunner.run(JUnitTestRunner.java:421)
	at org.apache.tools.ant.taskdefs.optional.junit.JUnitTestRunner.launch(JUnitTestRunner.java:912)
	at org.apache.tools.ant.taskdefs.optional.junit.JUnitTestRunner.main(JUnitTestRunner.java:766)
[Entering method <com.topcoder.clients.manager.dao.DAOClientManager.createClient(Client client)>; Parameters:{ ParamName<client>; ParamValue: <[ id=0 name=DAOException codeName=null salesTax=0.0 isDeleted=false company=null clientStatus=null]>  }  at 2008-08-26 09:36:29.546 ]
[Error occurred in method <com.topcoder.clients.manager.dao.DAOClientManager.createClient(Client client)>, cause by :
com.topcoder.clients.manager.ClientManagerException: Fail to create the client, cause by Throw for testing
	at com.topcoder.clients.manager.dao.DAOClientManager.wrapInnerException(DAOClientManager.java:305)
	at com.topcoder.clients.manager.dao.DAOClientManager.createClient(DAOClientManager.java:279)
	at com.topcoder.clients.manager.dao.TestDAOClientManager.testCreateClient_Failure_6(TestDAOClientManager.java:771)
	at sun.reflect.NativeMethodAccessorImpl.invoke0(Native Method)
	at sun.reflect.NativeMethodAccessorImpl.invoke(NativeMethodAccessorImpl.java:39)
	at sun.reflect.DelegatingMethodAccessorImpl.invoke(DelegatingMethodAccessorImpl.java:25)
	at java.lang.reflect.Method.invoke(Method.java:585)
	at junit.framework.TestCase.runTest(TestCase.java:154)
	at junit.framework.TestCase.runBare(TestCase.java:127)
	at junit.framework.TestResult$1.protect(TestResult.java:106)
	at junit.framework.TestResult.runProtected(TestResult.java:124)
	at junit.framework.TestResult.run(TestResult.java:109)
	at junit.framework.TestCase.run(TestCase.java:118)
	at junit.framework.TestSuite.runTest(TestSuite.java:208)
	at junit.framework.TestSuite.run(TestSuite.java:203)
	at junit.framework.TestSuite.runTest(TestSuite.java:208)
	at junit.framework.TestSuite.run(TestSuite.java:203)
	at junit.framework.TestSuite.runTest(TestSuite.java:208)
	at junit.framework.TestSuite.run(TestSuite.java:203)
	at org.apache.tools.ant.taskdefs.optional.junit.JUnitTestRunner.run(JUnitTestRunner.java:421)
	at org.apache.tools.ant.taskdefs.optional.junit.JUnitTestRunner.launch(JUnitTestRunner.java:912)
	at org.apache.tools.ant.taskdefs.optional.junit.JUnitTestRunner.main(JUnitTestRunner.java:766)
Caused by: com.topcoder.clients.dao.DAOException: Throw for testing
	at com.topcoder.clients.manager.MockClientDAO.save(MockClientDAO.java:183)
	at com.topcoder.clients.manager.dao.DAOClientManager.createClient(DAOClientManager.java:265)
	... 20 more
Caused by: java.lang.NullPointerException: NPE Raised 
	... 22 more
[Entering method <com.topcoder.clients.manager.dao.DAOClientManager.createClient(Client client)>; Parameters:{ ParamName<client>; ParamValue: <[ id=0 name=DAOConfigurationException codeName=null salesTax=0.0 isDeleted=false company=null clientStatus=null]>  }  at 2008-08-26 09:36:29.875 ]
[Error occurred in method <com.topcoder.clients.manager.dao.DAOClientManager.createClient(Client client)>, cause by :
com.topcoder.clients.manager.ClientManagerException: Fail to create the client, cause by Throw for testing
	at com.topcoder.clients.manager.dao.DAOClientManager.wrapInnerException(DAOClientManager.java:305)
	at com.topcoder.clients.manager.dao.DAOClientManager.createClient(DAOClientManager.java:277)
	at com.topcoder.clients.manager.dao.TestDAOClientManager.testCreateClient_Failure_7(TestDAOClientManager.java:796)
	at sun.reflect.NativeMethodAccessorImpl.invoke0(Native Method)
	at sun.reflect.NativeMethodAccessorImpl.invoke(NativeMethodAccessorImpl.java:39)
	at sun.reflect.DelegatingMethodAccessorImpl.invoke(DelegatingMethodAccessorImpl.java:25)
	at java.lang.reflect.Method.invoke(Method.java:585)
	at junit.framework.TestCase.runTest(TestCase.java:154)
	at junit.framework.TestCase.runBare(TestCase.java:127)
	at junit.framework.TestResult$1.protect(TestResult.java:106)
	at junit.framework.TestResult.runProtected(TestResult.java:124)
	at junit.framework.TestResult.run(TestResult.java:109)
	at junit.framework.TestCase.run(TestCase.java:118)
	at junit.framework.TestSuite.runTest(TestSuite.java:208)
	at junit.framework.TestSuite.run(TestSuite.java:203)
	at junit.framework.TestSuite.runTest(TestSuite.java:208)
	at junit.framework.TestSuite.run(TestSuite.java:203)
	at junit.framework.TestSuite.runTest(TestSuite.java:208)
	at junit.framework.TestSuite.run(TestSuite.java:203)
	at org.apache.tools.ant.taskdefs.optional.junit.JUnitTestRunner.run(JUnitTestRunner.java:421)
	at org.apache.tools.ant.taskdefs.optional.junit.JUnitTestRunner.launch(JUnitTestRunner.java:912)
	at org.apache.tools.ant.taskdefs.optional.junit.JUnitTestRunner.main(JUnitTestRunner.java:766)
Caused by: com.topcoder.clients.dao.DAOConfigurationException: Throw for testing
	at com.topcoder.clients.manager.MockClientDAO.save(MockClientDAO.java:187)
	at com.topcoder.clients.manager.dao.DAOClientManager.createClient(DAOClientManager.java:265)
	... 20 more
Caused by: java.lang.NullPointerException: NPE Raised 
	... 22 more
[Entering method <com.topcoder.clients.manager.dao.DAOClientManager.createClient(Client client)>; Parameters:{ ParamName<client>; ParamValue: <[ id=999 name=ClassCastException codeName=null salesTax=0.0 isDeleted=false company=null clientStatus=null]>  }  at 2008-08-26 09:36:29.890 ]
[Error occurred in method <com.topcoder.clients.manager.dao.DAOClientManager.createClient(Client client)>, cause by :
com.topcoder.clients.manager.ClientManagerException: Fail to create the client, cause by com.topcoder.clients.model.ClientStatus
	at com.topcoder.clients.manager.dao.DAOClientManager.wrapInnerException(DAOClientManager.java:305)
	at com.topcoder.clients.manager.dao.DAOClientManager.createClient(DAOClientManager.java:281)
	at com.topcoder.clients.manager.dao.TestDAOClientManager.testCreateClient_Failure_8(TestDAOClientManager.java:822)
	at sun.reflect.NativeMethodAccessorImpl.invoke0(Native Method)
	at sun.reflect.NativeMethodAccessorImpl.invoke(NativeMethodAccessorImpl.java:39)
	at sun.reflect.DelegatingMethodAccessorImpl.invoke(DelegatingMethodAccessorImpl.java:25)
	at java.lang.reflect.Method.invoke(Method.java:585)
	at junit.framework.TestCase.runTest(TestCase.java:154)
	at junit.framework.TestCase.runBare(TestCase.java:127)
	at junit.framework.TestResult$1.protect(TestResult.java:106)
	at junit.framework.TestResult.runProtected(TestResult.java:124)
	at junit.framework.TestResult.run(TestResult.java:109)
	at junit.framework.TestCase.run(TestCase.java:118)
	at junit.framework.TestSuite.runTest(TestSuite.java:208)
	at junit.framework.TestSuite.run(TestSuite.java:203)
	at junit.framework.TestSuite.runTest(TestSuite.java:208)
	at junit.framework.TestSuite.run(TestSuite.java:203)
	at junit.framework.TestSuite.runTest(TestSuite.java:208)
	at junit.framework.TestSuite.run(TestSuite.java:203)
	at org.apache.tools.ant.taskdefs.optional.junit.JUnitTestRunner.run(JUnitTestRunner.java:421)
	at org.apache.tools.ant.taskdefs.optional.junit.JUnitTestRunner.launch(JUnitTestRunner.java:912)
	at org.apache.tools.ant.taskdefs.optional.junit.JUnitTestRunner.main(JUnitTestRunner.java:766)
Caused by: java.lang.ClassCastException: com.topcoder.clients.model.ClientStatus
	at com.topcoder.clients.manager.dao.DAOClientManager.createClient(DAOClientManager.java:265)
	... 20 more
[Entering method <com.topcoder.clients.manager.dao.DAOClientManager.createClient(Client client)>; Parameters:{ ParamName<client>; ParamValue: <[ id=0 name=ok codeName=null salesTax=0.0 isDeleted=false company=null clientStatus=null]>  }  at 2008-08-26 09:36:29.890 ]
[Exiting method <com.topcoder.clients.manager.dao.DAOClientManager.createClient(Client client)>; Return value:<[ id=604 name=ok codeName=null salesTax=0.0 isDeleted=false company=null clientStatus=null]>]  at 2008-08-26 09:36:29.890
[Entering method <com.topcoder.clients.manager.dao.DAOClientManager.updateClient(Client client)>; Parameters:{ ParamName<client>; ParamValue: <null>  }  at 2008-08-26 09:36:29.906 ]
[Error occurred in method <com.topcoder.clients.manager.dao.DAOClientManager.updateClient(Client client)>, cause by :
java.lang.IllegalArgumentException: The parameter 'client' should not be null.
	at com.topcoder.clients.manager.dao.Helper.checkNull(Helper.java:69)
	at com.topcoder.clients.manager.dao.Helper.validateClient(Helper.java:132)
	at com.topcoder.clients.manager.dao.DAOClientManager.updateClient(DAOClientManager.java:338)
	at com.topcoder.clients.manager.dao.TestDAOClientManager.testUpdateClient_Failure_1(TestDAOClientManager.java:861)
	at sun.reflect.NativeMethodAccessorImpl.invoke0(Native Method)
	at sun.reflect.NativeMethodAccessorImpl.invoke(NativeMethodAccessorImpl.java:39)
	at sun.reflect.DelegatingMethodAccessorImpl.invoke(DelegatingMethodAccessorImpl.java:25)
	at java.lang.reflect.Method.invoke(Method.java:585)
	at junit.framework.TestCase.runTest(TestCase.java:154)
	at junit.framework.TestCase.runBare(TestCase.java:127)
	at junit.framework.TestResult$1.protect(TestResult.java:106)
	at junit.framework.TestResult.runProtected(TestResult.java:124)
	at junit.framework.TestResult.run(TestResult.java:109)
	at junit.framework.TestCase.run(TestCase.java:118)
	at junit.framework.TestSuite.runTest(TestSuite.java:208)
	at junit.framework.TestSuite.run(TestSuite.java:203)
	at junit.framework.TestSuite.runTest(TestSuite.java:208)
	at junit.framework.TestSuite.run(TestSuite.java:203)
	at junit.framework.TestSuite.runTest(TestSuite.java:208)
	at junit.framework.TestSuite.run(TestSuite.java:203)
	at org.apache.tools.ant.taskdefs.optional.junit.JUnitTestRunner.run(JUnitTestRunner.java:421)
	at org.apache.tools.ant.taskdefs.optional.junit.JUnitTestRunner.launch(JUnitTestRunner.java:912)
	at org.apache.tools.ant.taskdefs.optional.junit.JUnitTestRunner.main(JUnitTestRunner.java:766)
[Entering method <com.topcoder.clients.manager.dao.DAOClientManager.updateClient(Client client)>; Parameters:{ ParamName<client>; ParamValue: <[ id=0 name=name codeName=null salesTax=0.0 isDeleted=false company=null clientStatus=null]>  }  at 2008-08-26 09:36:29.921 ]
[Error occurred in method <com.topcoder.clients.manager.dao.DAOClientManager.updateClient(Client client)>, cause by :
java.lang.IllegalArgumentException: The startDate of client must < endDate.
	at com.topcoder.clients.manager.dao.Helper.validateClient(Helper.java:144)
	at com.topcoder.clients.manager.dao.DAOClientManager.updateClient(DAOClientManager.java:338)
	at com.topcoder.clients.manager.dao.TestDAOClientManager.testUpdateClient_Failure_2(TestDAOClientManager.java:886)
	at sun.reflect.NativeMethodAccessorImpl.invoke0(Native Method)
	at sun.reflect.NativeMethodAccessorImpl.invoke(NativeMethodAccessorImpl.java:39)
	at sun.reflect.DelegatingMethodAccessorImpl.invoke(DelegatingMethodAccessorImpl.java:25)
	at java.lang.reflect.Method.invoke(Method.java:585)
	at junit.framework.TestCase.runTest(TestCase.java:154)
	at junit.framework.TestCase.runBare(TestCase.java:127)
	at junit.framework.TestResult$1.protect(TestResult.java:106)
	at junit.framework.TestResult.runProtected(TestResult.java:124)
	at junit.framework.TestResult.run(TestResult.java:109)
	at junit.framework.TestCase.run(TestCase.java:118)
	at junit.framework.TestSuite.runTest(TestSuite.java:208)
	at junit.framework.TestSuite.run(TestSuite.java:203)
	at junit.framework.TestSuite.runTest(TestSuite.java:208)
	at junit.framework.TestSuite.run(TestSuite.java:203)
	at junit.framework.TestSuite.runTest(TestSuite.java:208)
	at junit.framework.TestSuite.run(TestSuite.java:203)
	at org.apache.tools.ant.taskdefs.optional.junit.JUnitTestRunner.run(JUnitTestRunner.java:421)
	at org.apache.tools.ant.taskdefs.optional.junit.JUnitTestRunner.launch(JUnitTestRunner.java:912)
	at org.apache.tools.ant.taskdefs.optional.junit.JUnitTestRunner.main(JUnitTestRunner.java:766)
[Entering method <com.topcoder.clients.manager.dao.DAOClientManager.updateClient(Client client)>; Parameters:{ ParamName<client>; ParamValue: <[ id=0 name=   codeName=null salesTax=0.0 isDeleted=false company=null clientStatus=null]>  }  at 2008-08-26 09:36:29.921 ]
[Error occurred in method <com.topcoder.clients.manager.dao.DAOClientManager.updateClient(Client client)>, cause by :
java.lang.IllegalArgumentException: The Client should have a non-null and non-empty name.
	at com.topcoder.clients.manager.dao.Helper.validateClient(Helper.java:148)
	at com.topcoder.clients.manager.dao.DAOClientManager.updateClient(DAOClientManager.java:338)
	at com.topcoder.clients.manager.dao.TestDAOClientManager.testUpdateClient_Failure_3(TestDAOClientManager.java:911)
	at sun.reflect.NativeMethodAccessorImpl.invoke0(Native Method)
	at sun.reflect.NativeMethodAccessorImpl.invoke(NativeMethodAccessorImpl.java:39)
	at sun.reflect.DelegatingMethodAccessorImpl.invoke(DelegatingMethodAccessorImpl.java:25)
	at java.lang.reflect.Method.invoke(Method.java:585)
	at junit.framework.TestCase.runTest(TestCase.java:154)
	at junit.framework.TestCase.runBare(TestCase.java:127)
	at junit.framework.TestResult$1.protect(TestResult.java:106)
	at junit.framework.TestResult.runProtected(TestResult.java:124)
	at junit.framework.TestResult.run(TestResult.java:109)
	at junit.framework.TestCase.run(TestCase.java:118)
	at junit.framework.TestSuite.runTest(TestSuite.java:208)
	at junit.framework.TestSuite.run(TestSuite.java:203)
	at junit.framework.TestSuite.runTest(TestSuite.java:208)
	at junit.framework.TestSuite.run(TestSuite.java:203)
	at junit.framework.TestSuite.runTest(TestSuite.java:208)
	at junit.framework.TestSuite.run(TestSuite.java:203)
	at org.apache.tools.ant.taskdefs.optional.junit.JUnitTestRunner.run(JUnitTestRunner.java:421)
	at org.apache.tools.ant.taskdefs.optional.junit.JUnitTestRunner.launch(JUnitTestRunner.java:912)
	at org.apache.tools.ant.taskdefs.optional.junit.JUnitTestRunner.main(JUnitTestRunner.java:766)
[Entering method <com.topcoder.clients.manager.dao.DAOClientManager.updateClient(Client client)>; Parameters:{ ParamName<client>; ParamValue: <[ id=0 name=name codeName=null salesTax=0.0 isDeleted=true company=null clientStatus=null]>  }  at 2008-08-26 09:36:29.937 ]
[Error occurred in method <com.topcoder.clients.manager.dao.DAOClientManager.updateClient(Client client)>, cause by :
java.lang.IllegalArgumentException: The client should not be deleted.
	at com.topcoder.clients.manager.dao.Helper.validateClient(Helper.java:152)
	at com.topcoder.clients.manager.dao.DAOClientManager.updateClient(DAOClientManager.java:338)
	at com.topcoder.clients.manager.dao.TestDAOClientManager.testUpdateClient_Failure_4(TestDAOClientManager.java:936)
	at sun.reflect.NativeMethodAccessorImpl.invoke0(Native Method)
	at sun.reflect.NativeMethodAccessorImpl.invoke(NativeMethodAccessorImpl.java:39)
	at sun.reflect.DelegatingMethodAccessorImpl.invoke(DelegatingMethodAccessorImpl.java:25)
	at java.lang.reflect.Method.invoke(Method.java:585)
	at junit.framework.TestCase.runTest(TestCase.java:154)
	at junit.framework.TestCase.runBare(TestCase.java:127)
	at junit.framework.TestResult$1.protect(TestResult.java:106)
	at junit.framework.TestResult.runProtected(TestResult.java:124)
	at junit.framework.TestResult.run(TestResult.java:109)
	at junit.framework.TestCase.run(TestCase.java:118)
	at junit.framework.TestSuite.runTest(TestSuite.java:208)
	at junit.framework.TestSuite.run(TestSuite.java:203)
	at junit.framework.TestSuite.runTest(TestSuite.java:208)
	at junit.framework.TestSuite.run(TestSuite.java:203)
	at junit.framework.TestSuite.runTest(TestSuite.java:208)
	at junit.framework.TestSuite.run(TestSuite.java:203)
	at org.apache.tools.ant.taskdefs.optional.junit.JUnitTestRunner.run(JUnitTestRunner.java:421)
	at org.apache.tools.ant.taskdefs.optional.junit.JUnitTestRunner.launch(JUnitTestRunner.java:912)
	at org.apache.tools.ant.taskdefs.optional.junit.JUnitTestRunner.main(JUnitTestRunner.java:766)
[Entering method <com.topcoder.clients.manager.dao.DAOClientManager.updateClient(Client client)>; Parameters:{ ParamName<client>; ParamValue: <[ id=1 name=DAOConfigurationException codeName=null salesTax=0.0 isDeleted=false company=null clientStatus=null]>  }  at 2008-08-26 09:36:29.953 ]
[Error occurred in method <com.topcoder.clients.manager.dao.DAOClientManager.updateClient(Client client)>, cause by :
com.topcoder.clients.manager.ClientManagerException: Fail to update the client, cause by Throw for testing
	at com.topcoder.clients.manager.dao.DAOClientManager.wrapInnerException(DAOClientManager.java:305)
	at com.topcoder.clients.manager.dao.DAOClientManager.updateClient(DAOClientManager.java:353)
	at com.topcoder.clients.manager.dao.TestDAOClientManager.testUpdateClient_Failure_5(TestDAOClientManager.java:962)
	at sun.reflect.NativeMethodAccessorImpl.invoke0(Native Method)
	at sun.reflect.NativeMethodAccessorImpl.invoke(NativeMethodAccessorImpl.java:39)
	at sun.reflect.DelegatingMethodAccessorImpl.invoke(DelegatingMethodAccessorImpl.java:25)
	at java.lang.reflect.Method.invoke(Method.java:585)
	at junit.framework.TestCase.runTest(TestCase.java:154)
	at junit.framework.TestCase.runBare(TestCase.java:127)
	at junit.framework.TestResult$1.protect(TestResult.java:106)
	at junit.framework.TestResult.runProtected(TestResult.java:124)
	at junit.framework.TestResult.run(TestResult.java:109)
	at junit.framework.TestCase.run(TestCase.java:118)
	at junit.framework.TestSuite.runTest(TestSuite.java:208)
	at junit.framework.TestSuite.run(TestSuite.java:203)
	at junit.framework.TestSuite.runTest(TestSuite.java:208)
	at junit.framework.TestSuite.run(TestSuite.java:203)
	at junit.framework.TestSuite.runTest(TestSuite.java:208)
	at junit.framework.TestSuite.run(TestSuite.java:203)
	at org.apache.tools.ant.taskdefs.optional.junit.JUnitTestRunner.run(JUnitTestRunner.java:421)
	at org.apache.tools.ant.taskdefs.optional.junit.JUnitTestRunner.launch(JUnitTestRunner.java:912)
	at org.apache.tools.ant.taskdefs.optional.junit.JUnitTestRunner.main(JUnitTestRunner.java:766)
Caused by: com.topcoder.clients.dao.DAOConfigurationException: Throw for testing
	at com.topcoder.clients.manager.MockClientDAO.save(MockClientDAO.java:187)
	at com.topcoder.clients.manager.dao.DAOClientManager.updateClient(DAOClientManager.java:344)
	... 20 more
Caused by: java.lang.NullPointerException: NPE Raised 
	... 22 more
[Entering method <com.topcoder.clients.manager.dao.DAOClientManager.updateClient(Client client)>; Parameters:{ ParamName<client>; ParamValue: <[ id=1001 name=DAOConfigurationException codeName=null salesTax=0.0 isDeleted=false company=null clientStatus=null]>  }  at 2008-08-26 09:36:29.953 ]
[Error occurred in method <com.topcoder.clients.manager.dao.DAOClientManager.updateClient(Client client)>, cause by :
com.topcoder.clients.manager.ClientManagerException: Fail to update the client, cause by Throw for testing
	at com.topcoder.clients.manager.dao.DAOClientManager.wrapInnerException(DAOClientManager.java:305)
	at com.topcoder.clients.manager.dao.DAOClientManager.updateClient(DAOClientManager.java:353)
	at com.topcoder.clients.manager.dao.TestDAOClientManager.testUpdateClient_Failure_5_2(TestDAOClientManager.java:988)
	at sun.reflect.NativeMethodAccessorImpl.invoke0(Native Method)
	at sun.reflect.NativeMethodAccessorImpl.invoke(NativeMethodAccessorImpl.java:39)
	at sun.reflect.DelegatingMethodAccessorImpl.invoke(DelegatingMethodAccessorImpl.java:25)
	at java.lang.reflect.Method.invoke(Method.java:585)
	at junit.framework.TestCase.runTest(TestCase.java:154)
	at junit.framework.TestCase.runBare(TestCase.java:127)
	at junit.framework.TestResult$1.protect(TestResult.java:106)
	at junit.framework.TestResult.runProtected(TestResult.java:124)
	at junit.framework.TestResult.run(TestResult.java:109)
	at junit.framework.TestCase.run(TestCase.java:118)
	at junit.framework.TestSuite.runTest(TestSuite.java:208)
	at junit.framework.TestSuite.run(TestSuite.java:203)
	at junit.framework.TestSuite.runTest(TestSuite.java:208)
	at junit.framework.TestSuite.run(TestSuite.java:203)
	at junit.framework.TestSuite.runTest(TestSuite.java:208)
	at junit.framework.TestSuite.run(TestSuite.java:203)
	at org.apache.tools.ant.taskdefs.optional.junit.JUnitTestRunner.run(JUnitTestRunner.java:421)
	at org.apache.tools.ant.taskdefs.optional.junit.JUnitTestRunner.launch(JUnitTestRunner.java:912)
	at org.apache.tools.ant.taskdefs.optional.junit.JUnitTestRunner.main(JUnitTestRunner.java:766)
Caused by: com.topcoder.clients.dao.DAOConfigurationException: Throw for testing
	at com.topcoder.clients.manager.MockClientDAO.retrieveById(MockClientDAO.java:84)
	at com.topcoder.clients.manager.dao.DAOClientManager.checkClientExisted(DAOClientManager.java:378)
	at com.topcoder.clients.manager.dao.DAOClientManager.updateClient(DAOClientManager.java:341)
	... 20 more
Caused by: java.lang.NullPointerException: NPE Raised 
	... 23 more
[Entering method <com.topcoder.clients.manager.dao.DAOClientManager.updateClient(Client client)>; Parameters:{ ParamName<client>; ParamValue: <[ id=1 name=DAOException codeName=null salesTax=0.0 isDeleted=false company=null clientStatus=null]>  }  at 2008-08-26 09:36:29.968 ]
[Error occurred in method <com.topcoder.clients.manager.dao.DAOClientManager.updateClient(Client client)>, cause by :
com.topcoder.clients.manager.ClientManagerException: Fail to update the client, cause by Throw for testing
	at com.topcoder.clients.manager.dao.DAOClientManager.wrapInnerException(DAOClientManager.java:305)
	at com.topcoder.clients.manager.dao.DAOClientManager.updateClient(DAOClientManager.java:355)
	at com.topcoder.clients.manager.dao.TestDAOClientManager.testUpdateClient_Failure_6(TestDAOClientManager.java:1014)
	at sun.reflect.NativeMethodAccessorImpl.invoke0(Native Method)
	at sun.reflect.NativeMethodAccessorImpl.invoke(NativeMethodAccessorImpl.java:39)
	at sun.reflect.DelegatingMethodAccessorImpl.invoke(DelegatingMethodAccessorImpl.java:25)
	at java.lang.reflect.Method.invoke(Method.java:585)
	at junit.framework.TestCase.runTest(TestCase.java:154)
	at junit.framework.TestCase.runBare(TestCase.java:127)
	at junit.framework.TestResult$1.protect(TestResult.java:106)
	at junit.framework.TestResult.runProtected(TestResult.java:124)
	at junit.framework.TestResult.run(TestResult.java:109)
	at junit.framework.TestCase.run(TestCase.java:118)
	at junit.framework.TestSuite.runTest(TestSuite.java:208)
	at junit.framework.TestSuite.run(TestSuite.java:203)
	at junit.framework.TestSuite.runTest(TestSuite.java:208)
	at junit.framework.TestSuite.run(TestSuite.java:203)
	at junit.framework.TestSuite.runTest(TestSuite.java:208)
	at junit.framework.TestSuite.run(TestSuite.java:203)
	at org.apache.tools.ant.taskdefs.optional.junit.JUnitTestRunner.run(JUnitTestRunner.java:421)
	at org.apache.tools.ant.taskdefs.optional.junit.JUnitTestRunner.launch(JUnitTestRunner.java:912)
	at org.apache.tools.ant.taskdefs.optional.junit.JUnitTestRunner.main(JUnitTestRunner.java:766)
Caused by: com.topcoder.clients.dao.DAOException: Throw for testing
	at com.topcoder.clients.manager.MockClientDAO.save(MockClientDAO.java:183)
	at com.topcoder.clients.manager.dao.DAOClientManager.updateClient(DAOClientManager.java:344)
	... 20 more
Caused by: java.lang.NullPointerException: NPE Raised 
	... 22 more
[Entering method <com.topcoder.clients.manager.dao.DAOClientManager.updateClient(Client client)>; Parameters:{ ParamName<client>; ParamValue: <[ id=10001 name=DAOException codeName=null salesTax=0.0 isDeleted=false company=null clientStatus=null]>  }  at 2008-08-26 09:36:29.984 ]
[Error occurred in method <com.topcoder.clients.manager.dao.DAOClientManager.updateClient(Client client)>, cause by :
com.topcoder.clients.manager.ClientManagerException: Fail to update the client, cause by Throw for testing
	at com.topcoder.clients.manager.dao.DAOClientManager.wrapInnerException(DAOClientManager.java:305)
	at com.topcoder.clients.manager.dao.DAOClientManager.updateClient(DAOClientManager.java:355)
	at com.topcoder.clients.manager.dao.TestDAOClientManager.testUpdateClient_Failure_6_2(TestDAOClientManager.java:1039)
	at sun.reflect.NativeMethodAccessorImpl.invoke0(Native Method)
	at sun.reflect.NativeMethodAccessorImpl.invoke(NativeMethodAccessorImpl.java:39)
	at sun.reflect.DelegatingMethodAccessorImpl.invoke(DelegatingMethodAccessorImpl.java:25)
	at java.lang.reflect.Method.invoke(Method.java:585)
	at junit.framework.TestCase.runTest(TestCase.java:154)
	at junit.framework.TestCase.runBare(TestCase.java:127)
	at junit.framework.TestResult$1.protect(TestResult.java:106)
	at junit.framework.TestResult.runProtected(TestResult.java:124)
	at junit.framework.TestResult.run(TestResult.java:109)
	at junit.framework.TestCase.run(TestCase.java:118)
	at junit.framework.TestSuite.runTest(TestSuite.java:208)
	at junit.framework.TestSuite.run(TestSuite.java:203)
	at junit.framework.TestSuite.runTest(TestSuite.java:208)
	at junit.framework.TestSuite.run(TestSuite.java:203)
	at junit.framework.TestSuite.runTest(TestSuite.java:208)
	at junit.framework.TestSuite.run(TestSuite.java:203)
	at org.apache.tools.ant.taskdefs.optional.junit.JUnitTestRunner.run(JUnitTestRunner.java:421)
	at org.apache.tools.ant.taskdefs.optional.junit.JUnitTestRunner.launch(JUnitTestRunner.java:912)
	at org.apache.tools.ant.taskdefs.optional.junit.JUnitTestRunner.main(JUnitTestRunner.java:766)
Caused by: com.topcoder.clients.dao.DAOException: Throw for testing
	at com.topcoder.clients.manager.MockClientDAO.retrieveById(MockClientDAO.java:88)
	at com.topcoder.clients.manager.dao.DAOClientManager.checkClientExisted(DAOClientManager.java:378)
	at com.topcoder.clients.manager.dao.DAOClientManager.updateClient(DAOClientManager.java:341)
	... 20 more
Caused by: java.lang.NullPointerException: NPE Raised 
	... 23 more
[Entering method <com.topcoder.clients.manager.dao.DAOClientManager.updateClient(Client client)>; Parameters:{ ParamName<client>; ParamValue: <[ id=2 name=DAOException codeName=null salesTax=0.0 isDeleted=false company=null clientStatus=null]>  }  at 2008-08-26 09:36:29.984 ]
[Error occurred in method <com.topcoder.clients.manager.dao.DAOClientManager.updateClient(Client client)>, cause by :
com.topcoder.clients.manager.ClientEntityNotFoundException: The client entity does not exist in persistence with id=2
	at com.topcoder.clients.manager.dao.DAOClientManager.checkClientExisted(DAOClientManager.java:379)
	at com.topcoder.clients.manager.dao.DAOClientManager.updateClient(DAOClientManager.java:341)
	at com.topcoder.clients.manager.dao.TestDAOClientManager.testUpdateClient_Failure_7(TestDAOClientManager.java:1064)
	at sun.reflect.NativeMethodAccessorImpl.invoke0(Native Method)
	at sun.reflect.NativeMethodAccessorImpl.invoke(NativeMethodAccessorImpl.java:39)
	at sun.reflect.DelegatingMethodAccessorImpl.invoke(DelegatingMethodAccessorImpl.java:25)
	at java.lang.reflect.Method.invoke(Method.java:585)
	at junit.framework.TestCase.runTest(TestCase.java:154)
	at junit.framework.TestCase.runBare(TestCase.java:127)
	at junit.framework.TestResult$1.protect(TestResult.java:106)
	at junit.framework.TestResult.runProtected(TestResult.java:124)
	at junit.framework.TestResult.run(TestResult.java:109)
	at junit.framework.TestCase.run(TestCase.java:118)
	at junit.framework.TestSuite.runTest(TestSuite.java:208)
	at junit.framework.TestSuite.run(TestSuite.java:203)
	at junit.framework.TestSuite.runTest(TestSuite.java:208)
	at junit.framework.TestSuite.run(TestSuite.java:203)
	at junit.framework.TestSuite.runTest(TestSuite.java:208)
	at junit.framework.TestSuite.run(TestSuite.java:203)
	at org.apache.tools.ant.taskdefs.optional.junit.JUnitTestRunner.run(JUnitTestRunner.java:421)
	at org.apache.tools.ant.taskdefs.optional.junit.JUnitTestRunner.launch(JUnitTestRunner.java:912)
	at org.apache.tools.ant.taskdefs.optional.junit.JUnitTestRunner.main(JUnitTestRunner.java:766)
[Entering method <com.topcoder.clients.manager.dao.DAOClientManager.updateClient(Client client)>; Parameters:{ ParamName<client>; ParamValue: <[ id=-2 name=DAOException codeName=null salesTax=0.0 isDeleted=false company=null clientStatus=null]>  }  at 2008-08-26 09:36:30.000 ]
[Error occurred in method <com.topcoder.clients.manager.dao.DAOClientManager.updateClient(Client client)>, cause by :
com.topcoder.clients.manager.ClientEntityNotFoundException: The id should not <= 0, refer to The parameter id should not < 0
	at com.topcoder.clients.manager.dao.DAOClientManager.checkClientExisted(DAOClientManager.java:389)
	at com.topcoder.clients.manager.dao.DAOClientManager.updateClient(DAOClientManager.java:341)
	at com.topcoder.clients.manager.dao.TestDAOClientManager.testUpdateClient_Failure_8(TestDAOClientManager.java:1089)
	at sun.reflect.NativeMethodAccessorImpl.invoke0(Native Method)
	at sun.reflect.NativeMethodAccessorImpl.invoke(NativeMethodAccessorImpl.java:39)
	at sun.reflect.DelegatingMethodAccessorImpl.invoke(DelegatingMethodAccessorImpl.java:25)
	at java.lang.reflect.Method.invoke(Method.java:585)
	at junit.framework.TestCase.runTest(TestCase.java:154)
	at junit.framework.TestCase.runBare(TestCase.java:127)
	at junit.framework.TestResult$1.protect(TestResult.java:106)
	at junit.framework.TestResult.runProtected(TestResult.java:124)
	at junit.framework.TestResult.run(TestResult.java:109)
	at junit.framework.TestCase.run(TestCase.java:118)
	at junit.framework.TestSuite.runTest(TestSuite.java:208)
	at junit.framework.TestSuite.run(TestSuite.java:203)
	at junit.framework.TestSuite.runTest(TestSuite.java:208)
	at junit.framework.TestSuite.run(TestSuite.java:203)
	at junit.framework.TestSuite.runTest(TestSuite.java:208)
	at junit.framework.TestSuite.run(TestSuite.java:203)
	at org.apache.tools.ant.taskdefs.optional.junit.JUnitTestRunner.run(JUnitTestRunner.java:421)
	at org.apache.tools.ant.taskdefs.optional.junit.JUnitTestRunner.launch(JUnitTestRunner.java:912)
	at org.apache.tools.ant.taskdefs.optional.junit.JUnitTestRunner.main(JUnitTestRunner.java:766)
Caused by: java.lang.IllegalArgumentException: The parameter id should not < 0
	at com.topcoder.clients.manager.MockClientDAO.retrieveById(MockClientDAO.java:62)
	at com.topcoder.clients.manager.dao.DAOClientManager.checkClientExisted(DAOClientManager.java:378)
	... 21 more
[Entering method <com.topcoder.clients.manager.dao.DAOClientManager.updateClient(Client client)>; Parameters:{ ParamName<client>; ParamValue: <[ id=1000 name=DAOException codeName=null salesTax=0.0 isDeleted=false company=null clientStatus=null]>  }  at 2008-08-26 09:36:30.015 ]
[Error occurred in method <com.topcoder.clients.manager.dao.DAOClientManager.updateClient(Client client)>, cause by :
com.topcoder.clients.manager.ClientEntityNotFoundException: The client with id=1000 does not exist in the persistence
	at com.topcoder.clients.manager.dao.DAOClientManager.wrapEntityNotFoundException(DAOClientManager.java:920)
	at com.topcoder.clients.manager.dao.DAOClientManager.checkClientExisted(DAOClientManager.java:396)
	at com.topcoder.clients.manager.dao.DAOClientManager.updateClient(DAOClientManager.java:341)
	at com.topcoder.clients.manager.dao.TestDAOClientManager.testUpdateClient_Failure_8_2(TestDAOClientManager.java:1114)
	at sun.reflect.NativeMethodAccessorImpl.invoke0(Native Method)
	at sun.reflect.NativeMethodAccessorImpl.invoke(NativeMethodAccessorImpl.java:39)
	at sun.reflect.DelegatingMethodAccessorImpl.invoke(DelegatingMethodAccessorImpl.java:25)
	at java.lang.reflect.Method.invoke(Method.java:585)
	at junit.framework.TestCase.runTest(TestCase.java:154)
	at junit.framework.TestCase.runBare(TestCase.java:127)
	at junit.framework.TestResult$1.protect(TestResult.java:106)
	at junit.framework.TestResult.runProtected(TestResult.java:124)
	at junit.framework.TestResult.run(TestResult.java:109)
	at junit.framework.TestCase.run(TestCase.java:118)
	at junit.framework.TestSuite.runTest(TestSuite.java:208)
	at junit.framework.TestSuite.run(TestSuite.java:203)
	at junit.framework.TestSuite.runTest(TestSuite.java:208)
	at junit.framework.TestSuite.run(TestSuite.java:203)
	at junit.framework.TestSuite.runTest(TestSuite.java:208)
	at junit.framework.TestSuite.run(TestSuite.java:203)
	at org.apache.tools.ant.taskdefs.optional.junit.JUnitTestRunner.run(JUnitTestRunner.java:421)
	at org.apache.tools.ant.taskdefs.optional.junit.JUnitTestRunner.launch(JUnitTestRunner.java:912)
	at org.apache.tools.ant.taskdefs.optional.junit.JUnitTestRunner.main(JUnitTestRunner.java:766)
Caused by: com.topcoder.clients.dao.EntityNotFoundException: throw for testing.
	at com.topcoder.clients.manager.MockClientDAO.retrieveById(MockClientDAO.java:80)
	at com.topcoder.clients.manager.dao.DAOClientManager.checkClientExisted(DAOClientManager.java:378)
	... 21 more
[Entering method <com.topcoder.clients.manager.dao.DAOClientManager.updateClient(Client client)>; Parameters:{ ParamName<client>; ParamValue: <[ id=1 name=ClassCastException codeName=null salesTax=0.0 isDeleted=false company=null clientStatus=null]>  }  at 2008-08-26 09:36:30.015 ]
[Error occurred in method <com.topcoder.clients.manager.dao.DAOClientManager.updateClient(Client client)>, cause by :
com.topcoder.clients.manager.ClientManagerException: Fail to update the client, cause by com.topcoder.clients.model.ClientStatus
	at com.topcoder.clients.manager.dao.DAOClientManager.wrapInnerException(DAOClientManager.java:305)
	at com.topcoder.clients.manager.dao.DAOClientManager.updateClient(DAOClientManager.java:357)
	at com.topcoder.clients.manager.dao.TestDAOClientManager.testUpdateClient_Failure_9(TestDAOClientManager.java:1139)
	at sun.reflect.NativeMethodAccessorImpl.invoke0(Native Method)
	at sun.reflect.NativeMethodAccessorImpl.invoke(NativeMethodAccessorImpl.java:39)
	at sun.reflect.DelegatingMethodAccessorImpl.invoke(DelegatingMethodAccessorImpl.java:25)
	at java.lang.reflect.Method.invoke(Method.java:585)
	at junit.framework.TestCase.runTest(TestCase.java:154)
	at junit.framework.TestCase.runBare(TestCase.java:127)
	at junit.framework.TestResult$1.protect(TestResult.java:106)
	at junit.framework.TestResult.runProtected(TestResult.java:124)
	at junit.framework.TestResult.run(TestResult.java:109)
	at junit.framework.TestCase.run(TestCase.java:118)
	at junit.framework.TestSuite.runTest(TestSuite.java:208)
	at junit.framework.TestSuite.run(TestSuite.java:203)
	at junit.framework.TestSuite.runTest(TestSuite.java:208)
	at junit.framework.TestSuite.run(TestSuite.java:203)
	at junit.framework.TestSuite.runTest(TestSuite.java:208)
	at junit.framework.TestSuite.run(TestSuite.java:203)
	at org.apache.tools.ant.taskdefs.optional.junit.JUnitTestRunner.run(JUnitTestRunner.java:421)
	at org.apache.tools.ant.taskdefs.optional.junit.JUnitTestRunner.launch(JUnitTestRunner.java:912)
	at org.apache.tools.ant.taskdefs.optional.junit.JUnitTestRunner.main(JUnitTestRunner.java:766)
Caused by: java.lang.ClassCastException: com.topcoder.clients.model.ClientStatus
	at com.topcoder.clients.manager.dao.DAOClientManager.updateClient(DAOClientManager.java:344)
	... 20 more
[Entering method <com.topcoder.clients.manager.dao.DAOClientManager.updateClient(Client client)>; Parameters:{ ParamName<client>; ParamValue: <[ id=1 name=update codeName=null salesTax=0.0 isDeleted=false company=null clientStatus=null]>  }  at 2008-08-26 09:36:30.078 ]
[Exiting method <com.topcoder.clients.manager.dao.DAOClientManager.updateClient(Client client)>; Return value:<[ id=1 name=update codeName=null salesTax=0.0 isDeleted=false company=null clientStatus=null]>]  at 2008-08-26 09:36:30.078
[Entering method <com.topcoder.clients.manager.dao.DAOClientManager.deleteClient(Client client)>; Parameters:{ ParamName<client>; ParamValue: <null>  }  at 2008-08-26 09:36:30.078 ]
[Error occurred in method <com.topcoder.clients.manager.dao.DAOClientManager.deleteClient(Client client)>, cause by :
java.lang.IllegalArgumentException: The parameter 'client' should not be null.
	at com.topcoder.clients.manager.dao.Helper.checkNull(Helper.java:69)
	at com.topcoder.clients.manager.dao.DAOClientManager.deleteClient(DAOClientManager.java:421)
	at com.topcoder.clients.manager.dao.TestDAOClientManager.testDeleteClient_Failure_1(TestDAOClientManager.java:1180)
	at sun.reflect.NativeMethodAccessorImpl.invoke0(Native Method)
	at sun.reflect.NativeMethodAccessorImpl.invoke(NativeMethodAccessorImpl.java:39)
	at sun.reflect.DelegatingMethodAccessorImpl.invoke(DelegatingMethodAccessorImpl.java:25)
	at java.lang.reflect.Method.invoke(Method.java:585)
	at junit.framework.TestCase.runTest(TestCase.java:154)
	at junit.framework.TestCase.runBare(TestCase.java:127)
	at junit.framework.TestResult$1.protect(TestResult.java:106)
	at junit.framework.TestResult.runProtected(TestResult.java:124)
	at junit.framework.TestResult.run(TestResult.java:109)
	at junit.framework.TestCase.run(TestCase.java:118)
	at junit.framework.TestSuite.runTest(TestSuite.java:208)
	at junit.framework.TestSuite.run(TestSuite.java:203)
	at junit.framework.TestSuite.runTest(TestSuite.java:208)
	at junit.framework.TestSuite.run(TestSuite.java:203)
	at junit.framework.TestSuite.runTest(TestSuite.java:208)
	at junit.framework.TestSuite.run(TestSuite.java:203)
	at org.apache.tools.ant.taskdefs.optional.junit.JUnitTestRunner.run(JUnitTestRunner.java:421)
	at org.apache.tools.ant.taskdefs.optional.junit.JUnitTestRunner.launch(JUnitTestRunner.java:912)
	at org.apache.tools.ant.taskdefs.optional.junit.JUnitTestRunner.main(JUnitTestRunner.java:766)
[Entering method <com.topcoder.clients.manager.dao.DAOClientManager.deleteClient(Client client)>; Parameters:{ ParamName<client>; ParamValue: <[ id=0 name=null codeName=null salesTax=0.0 isDeleted=true company=null clientStatus=null]>  }  at 2008-08-26 09:36:30.093 ]
[Error occurred in method <com.topcoder.clients.manager.dao.DAOClientManager.deleteClient(Client client)>, cause by :
java.lang.IllegalArgumentException: The isDelete of client should not be true.
	at com.topcoder.clients.manager.dao.DAOClientManager.deleteClient(DAOClientManager.java:423)
	at com.topcoder.clients.manager.dao.TestDAOClientManager.testDeleteClient_Failure_2(TestDAOClientManager.java:1202)
	at sun.reflect.NativeMethodAccessorImpl.invoke0(Native Method)
	at sun.reflect.NativeMethodAccessorImpl.invoke(NativeMethodAccessorImpl.java:39)
	at sun.reflect.DelegatingMethodAccessorImpl.invoke(DelegatingMethodAccessorImpl.java:25)
	at java.lang.reflect.Method.invoke(Method.java:585)
	at junit.framework.TestCase.runTest(TestCase.java:154)
	at junit.framework.TestCase.runBare(TestCase.java:127)
	at junit.framework.TestResult$1.protect(TestResult.java:106)
	at junit.framework.TestResult.runProtected(TestResult.java:124)
	at junit.framework.TestResult.run(TestResult.java:109)
	at junit.framework.TestCase.run(TestCase.java:118)
	at junit.framework.TestSuite.runTest(TestSuite.java:208)
	at junit.framework.TestSuite.run(TestSuite.java:203)
	at junit.framework.TestSuite.runTest(TestSuite.java:208)
	at junit.framework.TestSuite.run(TestSuite.java:203)
	at junit.framework.TestSuite.runTest(TestSuite.java:208)
	at junit.framework.TestSuite.run(TestSuite.java:203)
	at org.apache.tools.ant.taskdefs.optional.junit.JUnitTestRunner.run(JUnitTestRunner.java:421)
	at org.apache.tools.ant.taskdefs.optional.junit.JUnitTestRunner.launch(JUnitTestRunner.java:912)
	at org.apache.tools.ant.taskdefs.optional.junit.JUnitTestRunner.main(JUnitTestRunner.java:766)
[Entering method <com.topcoder.clients.manager.dao.DAOClientManager.deleteClient(Client client)>; Parameters:{ ParamName<client>; ParamValue: <[ id=0 name=entityNotFound codeName=null salesTax=0.0 isDeleted=false company=null clientStatus=null]>  }  at 2008-08-26 09:36:30.109 ]
[Error occurred in method <com.topcoder.clients.manager.dao.DAOClientManager.deleteClient(Client client)>, cause by :
com.topcoder.clients.manager.ClientEntityNotFoundException: The client entity with id= 0 does not exist.
	at com.topcoder.clients.manager.dao.DAOClientManager.wrapEntityNotFoundException(DAOClientManager.java:920)
	at com.topcoder.clients.manager.dao.DAOClientManager.deleteClient(DAOClientManager.java:441)
	at com.topcoder.clients.manager.dao.TestDAOClientManager.testDeleteClient_Failure_3(TestDAOClientManager.java:1226)
	at sun.reflect.NativeMethodAccessorImpl.invoke0(Native Method)
	at sun.reflect.NativeMethodAccessorImpl.invoke(NativeMethodAccessorImpl.java:39)
	at sun.reflect.DelegatingMethodAccessorImpl.invoke(DelegatingMethodAccessorImpl.java:25)
	at java.lang.reflect.Method.invoke(Method.java:585)
	at junit.framework.TestCase.runTest(TestCase.java:154)
	at junit.framework.TestCase.runBare(TestCase.java:127)
	at junit.framework.TestResult$1.protect(TestResult.java:106)
	at junit.framework.TestResult.runProtected(TestResult.java:124)
	at junit.framework.TestResult.run(TestResult.java:109)
	at junit.framework.TestCase.run(TestCase.java:118)
	at junit.framework.TestSuite.runTest(TestSuite.java:208)
	at junit.framework.TestSuite.run(TestSuite.java:203)
	at junit.framework.TestSuite.runTest(TestSuite.java:208)
	at junit.framework.TestSuite.run(TestSuite.java:203)
	at junit.framework.TestSuite.runTest(TestSuite.java:208)
	at junit.framework.TestSuite.run(TestSuite.java:203)
	at org.apache.tools.ant.taskdefs.optional.junit.JUnitTestRunner.run(JUnitTestRunner.java:421)
	at org.apache.tools.ant.taskdefs.optional.junit.JUnitTestRunner.launch(JUnitTestRunner.java:912)
	at org.apache.tools.ant.taskdefs.optional.junit.JUnitTestRunner.main(JUnitTestRunner.java:766)
Caused by: com.topcoder.clients.dao.EntityNotFoundException: The entity is not found.
	at com.topcoder.clients.manager.MockClientDAO.delete(MockClientDAO.java:210)
	at com.topcoder.clients.manager.dao.DAOClientManager.deleteClient(DAOClientManager.java:427)
	... 20 more
Caused by: java.lang.IllegalArgumentException: IAE
	... 22 more
[Entering method <com.topcoder.clients.manager.dao.DAOClientManager.deleteClient(Client client)>; Parameters:{ ParamName<client>; ParamValue: <[ id=0 name=DAOException codeName=null salesTax=0.0 isDeleted=false company=null clientStatus=null]>  }  at 2008-08-26 09:36:30.109 ]
[Error occurred in method <com.topcoder.clients.manager.dao.DAOClientManager.deleteClient(Client client)>, cause by :
com.topcoder.clients.manager.ClientManagerException: Fail to delete the given client, cause by Throw for testing
	at com.topcoder.clients.manager.dao.DAOClientManager.wrapInnerException(DAOClientManager.java:305)
	at com.topcoder.clients.manager.dao.DAOClientManager.deleteClient(DAOClientManager.java:444)
	at com.topcoder.clients.manager.dao.TestDAOClientManager.testDeleteClient_Failure_4(TestDAOClientManager.java:1249)
	at sun.reflect.NativeMethodAccessorImpl.invoke0(Native Method)
	at sun.reflect.NativeMethodAccessorImpl.invoke(NativeMethodAccessorImpl.java:39)
	at sun.reflect.DelegatingMethodAccessorImpl.invoke(DelegatingMethodAccessorImpl.java:25)
	at java.lang.reflect.Method.invoke(Method.java:585)
	at junit.framework.TestCase.runTest(TestCase.java:154)
	at junit.framework.TestCase.runBare(TestCase.java:127)
	at junit.framework.TestResult$1.protect(TestResult.java:106)
	at junit.framework.TestResult.runProtected(TestResult.java:124)
	at junit.framework.TestResult.run(TestResult.java:109)
	at junit.framework.TestCase.run(TestCase.java:118)
	at junit.framework.TestSuite.runTest(TestSuite.java:208)
	at junit.framework.TestSuite.run(TestSuite.java:203)
	at junit.framework.TestSuite.runTest(TestSuite.java:208)
	at junit.framework.TestSuite.run(TestSuite.java:203)
	at junit.framework.TestSuite.runTest(TestSuite.java:208)
	at junit.framework.TestSuite.run(TestSuite.java:203)
	at org.apache.tools.ant.taskdefs.optional.junit.JUnitTestRunner.run(JUnitTestRunner.java:421)
	at org.apache.tools.ant.taskdefs.optional.junit.JUnitTestRunner.launch(JUnitTestRunner.java:912)
	at org.apache.tools.ant.taskdefs.optional.junit.JUnitTestRunner.main(JUnitTestRunner.java:766)
Caused by: com.topcoder.clients.dao.DAOException: Throw for testing
	at com.topcoder.clients.manager.MockClientDAO.delete(MockClientDAO.java:214)
	at com.topcoder.clients.manager.dao.DAOClientManager.deleteClient(DAOClientManager.java:427)
	... 20 more
Caused by: java.lang.NullPointerException: NPE Raised 
	... 22 more
[Entering method <com.topcoder.clients.manager.dao.DAOClientManager.deleteClient(Client client)>; Parameters:{ ParamName<client>; ParamValue: <[ id=0 name=DAOConfigurationException codeName=null salesTax=0.0 isDeleted=false company=null clientStatus=null]>  }  at 2008-08-26 09:36:30.125 ]
[Error occurred in method <com.topcoder.clients.manager.dao.DAOClientManager.deleteClient(Client client)>, cause by :
com.topcoder.clients.manager.ClientManagerException: Fail to delete the given client, cause by Throw for testing
	at com.topcoder.clients.manager.dao.DAOClientManager.wrapInnerException(DAOClientManager.java:305)
	at com.topcoder.clients.manager.dao.DAOClientManager.deleteClient(DAOClientManager.java:438)
	at com.topcoder.clients.manager.dao.TestDAOClientManager.testDeleteClient_Failure_5(TestDAOClientManager.java:1274)
	at sun.reflect.NativeMethodAccessorImpl.invoke0(Native Method)
	at sun.reflect.NativeMethodAccessorImpl.invoke(NativeMethodAccessorImpl.java:39)
	at sun.reflect.DelegatingMethodAccessorImpl.invoke(DelegatingMethodAccessorImpl.java:25)
	at java.lang.reflect.Method.invoke(Method.java:585)
	at junit.framework.TestCase.runTest(TestCase.java:154)
	at junit.framework.TestCase.runBare(TestCase.java:127)
	at junit.framework.TestResult$1.protect(TestResult.java:106)
	at junit.framework.TestResult.runProtected(TestResult.java:124)
	at junit.framework.TestResult.run(TestResult.java:109)
	at junit.framework.TestCase.run(TestCase.java:118)
	at junit.framework.TestSuite.runTest(TestSuite.java:208)
	at junit.framework.TestSuite.run(TestSuite.java:203)
	at junit.framework.TestSuite.runTest(TestSuite.java:208)
	at junit.framework.TestSuite.run(TestSuite.java:203)
	at junit.framework.TestSuite.runTest(TestSuite.java:208)
	at junit.framework.TestSuite.run(TestSuite.java:203)
	at org.apache.tools.ant.taskdefs.optional.junit.JUnitTestRunner.run(JUnitTestRunner.java:421)
	at org.apache.tools.ant.taskdefs.optional.junit.JUnitTestRunner.launch(JUnitTestRunner.java:912)
	at org.apache.tools.ant.taskdefs.optional.junit.JUnitTestRunner.main(JUnitTestRunner.java:766)
Caused by: com.topcoder.clients.dao.DAOConfigurationException: Throw for testing
	at com.topcoder.clients.manager.MockClientDAO.delete(MockClientDAO.java:218)
	at com.topcoder.clients.manager.dao.DAOClientManager.deleteClient(DAOClientManager.java:427)
	... 20 more
Caused by: java.lang.NullPointerException: NPE Raised 
	... 22 more
[Entering method <com.topcoder.clients.manager.dao.DAOClientManager.deleteClient(Client client)>; Parameters:{ ParamName<client>; ParamValue: <[ id=0 name=abc codeName=null salesTax=0.0 isDeleted=false company=null clientStatus=null]>  }  at 2008-08-26 09:36:30.140 ]
[Exiting method <com.topcoder.clients.manager.dao.DAOClientManager.deleteClient(Client client)>; Return value:<[ id=0 name=abc codeName=null salesTax=0.0 isDeleted=true company=null clientStatus=null]>]  at 2008-08-26 09:36:30.140
[Entering method <com.topcoder.clients.manager.dao.DAOClientManager.setClientCodeName(Client client, String codeName)>; Parameters:{ ParamName<client>; ParamValue: <null> , ParamName<codeName>; ParamValue: <codeName>  }  at 2008-08-26 09:36:30.140 ]
[Error occurred in method <com.topcoder.clients.manager.dao.DAOClientManager.setClientCodeName(Client client, String codeName)>, cause by :
java.lang.IllegalArgumentException: The parameter 'client' should not be null.
	at com.topcoder.clients.manager.dao.Helper.checkNull(Helper.java:69)
	at com.topcoder.clients.manager.dao.Helper.validateClient(Helper.java:132)
	at com.topcoder.clients.manager.dao.DAOClientManager.setClientCodeName(DAOClientManager.java:473)
	at com.topcoder.clients.manager.dao.TestDAOClientManager.testSetClientCodeName_F_1(TestDAOClientManager.java:1316)
	at sun.reflect.NativeMethodAccessorImpl.invoke0(Native Method)
	at sun.reflect.NativeMethodAccessorImpl.invoke(NativeMethodAccessorImpl.java:39)
	at sun.reflect.DelegatingMethodAccessorImpl.invoke(DelegatingMethodAccessorImpl.java:25)
	at java.lang.reflect.Method.invoke(Method.java:585)
	at junit.framework.TestCase.runTest(TestCase.java:154)
	at junit.framework.TestCase.runBare(TestCase.java:127)
	at junit.framework.TestResult$1.protect(TestResult.java:106)
	at junit.framework.TestResult.runProtected(TestResult.java:124)
	at junit.framework.TestResult.run(TestResult.java:109)
	at junit.framework.TestCase.run(TestCase.java:118)
	at junit.framework.TestSuite.runTest(TestSuite.java:208)
	at junit.framework.TestSuite.run(TestSuite.java:203)
	at junit.framework.TestSuite.runTest(TestSuite.java:208)
	at junit.framework.TestSuite.run(TestSuite.java:203)
	at junit.framework.TestSuite.runTest(TestSuite.java:208)
	at junit.framework.TestSuite.run(TestSuite.java:203)
	at org.apache.tools.ant.taskdefs.optional.junit.JUnitTestRunner.run(JUnitTestRunner.java:421)
	at org.apache.tools.ant.taskdefs.optional.junit.JUnitTestRunner.launch(JUnitTestRunner.java:912)
	at org.apache.tools.ant.taskdefs.optional.junit.JUnitTestRunner.main(JUnitTestRunner.java:766)
[Entering method <com.topcoder.clients.manager.dao.DAOClientManager.setClientCodeName(Client client, String codeName)>; Parameters:{ ParamName<client>; ParamValue: <[ id=0 name= codeName=null salesTax=0.0 isDeleted=false company=null clientStatus=null]> , ParamName<codeName>; ParamValue: <codeName>  }  at 2008-08-26 09:36:30.156 ]
[Error occurred in method <com.topcoder.clients.manager.dao.DAOClientManager.setClientCodeName(Client client, String codeName)>, cause by :
java.lang.IllegalArgumentException: The startDate of client should be set.
	at com.topcoder.clients.manager.dao.Helper.validateClient(Helper.java:135)
	at com.topcoder.clients.manager.dao.DAOClientManager.setClientCodeName(DAOClientManager.java:473)
	at com.topcoder.clients.manager.dao.TestDAOClientManager.testSetClientCodeName_F_2(TestDAOClientManager.java:1337)
	at sun.reflect.NativeMethodAccessorImpl.invoke0(Native Method)
	at sun.reflect.NativeMethodAccessorImpl.invoke(NativeMethodAccessorImpl.java:39)
	at sun.reflect.DelegatingMethodAccessorImpl.invoke(DelegatingMethodAccessorImpl.java:25)
	at java.lang.reflect.Method.invoke(Method.java:585)
	at junit.framework.TestCase.runTest(TestCase.java:154)
	at junit.framework.TestCase.runBare(TestCase.java:127)
	at junit.framework.TestResult$1.protect(TestResult.java:106)
	at junit.framework.TestResult.runProtected(TestResult.java:124)
	at junit.framework.TestResult.run(TestResult.java:109)
	at junit.framework.TestCase.run(TestCase.java:118)
	at junit.framework.TestSuite.runTest(TestSuite.java:208)
	at junit.framework.TestSuite.run(TestSuite.java:203)
	at junit.framework.TestSuite.runTest(TestSuite.java:208)
	at junit.framework.TestSuite.run(TestSuite.java:203)
	at junit.framework.TestSuite.runTest(TestSuite.java:208)
	at junit.framework.TestSuite.run(TestSuite.java:203)
	at org.apache.tools.ant.taskdefs.optional.junit.JUnitTestRunner.run(JUnitTestRunner.java:421)
	at org.apache.tools.ant.taskdefs.optional.junit.JUnitTestRunner.launch(JUnitTestRunner.java:912)
	at org.apache.tools.ant.taskdefs.optional.junit.JUnitTestRunner.main(JUnitTestRunner.java:766)
[Entering method <com.topcoder.clients.manager.dao.DAOClientManager.setClientCodeName(Client client, String codeName)>; Parameters:{ ParamName<client>; ParamValue: <[ id=0 name=name codeName=null salesTax=0.0 isDeleted=true company=null clientStatus=null]> , ParamName<codeName>; ParamValue: <codeName>  }  at 2008-08-26 09:36:30.156 ]
[Error occurred in method <com.topcoder.clients.manager.dao.DAOClientManager.setClientCodeName(Client client, String codeName)>, cause by :
java.lang.IllegalArgumentException: The startDate of client should be set.
	at com.topcoder.clients.manager.dao.Helper.validateClient(Helper.java:135)
	at com.topcoder.clients.manager.dao.DAOClientManager.setClientCodeName(DAOClientManager.java:473)
	at com.topcoder.clients.manager.dao.TestDAOClientManager.testSetClientCodeName_F_3(TestDAOClientManager.java:1359)
	at sun.reflect.NativeMethodAccessorImpl.invoke0(Native Method)
	at sun.reflect.NativeMethodAccessorImpl.invoke(NativeMethodAccessorImpl.java:39)
	at sun.reflect.DelegatingMethodAccessorImpl.invoke(DelegatingMethodAccessorImpl.java:25)
	at java.lang.reflect.Method.invoke(Method.java:585)
	at junit.framework.TestCase.runTest(TestCase.java:154)
	at junit.framework.TestCase.runBare(TestCase.java:127)
	at junit.framework.TestResult$1.protect(TestResult.java:106)
	at junit.framework.TestResult.runProtected(TestResult.java:124)
	at junit.framework.TestResult.run(TestResult.java:109)
	at junit.framework.TestCase.run(TestCase.java:118)
	at junit.framework.TestSuite.runTest(TestSuite.java:208)
	at junit.framework.TestSuite.run(TestSuite.java:203)
	at junit.framework.TestSuite.runTest(TestSuite.java:208)
	at junit.framework.TestSuite.run(TestSuite.java:203)
	at junit.framework.TestSuite.runTest(TestSuite.java:208)
	at junit.framework.TestSuite.run(TestSuite.java:203)
	at org.apache.tools.ant.taskdefs.optional.junit.JUnitTestRunner.run(JUnitTestRunner.java:421)
	at org.apache.tools.ant.taskdefs.optional.junit.JUnitTestRunner.launch(JUnitTestRunner.java:912)
	at org.apache.tools.ant.taskdefs.optional.junit.JUnitTestRunner.main(JUnitTestRunner.java:766)
[Entering method <com.topcoder.clients.manager.dao.DAOClientManager.setClientCodeName(Client client, String codeName)>; Parameters:{ ParamName<client>; ParamValue: <[ id=0 name=name codeName=null salesTax=0.0 isDeleted=false company=null clientStatus=null]> , ParamName<codeName>; ParamValue: <null>  }  at 2008-08-26 09:36:30.171 ]
[Error occurred in method <com.topcoder.clients.manager.dao.DAOClientManager.setClientCodeName(Client client, String codeName)>, cause by :
java.lang.IllegalArgumentException: The startDate of client should be set.
	at com.topcoder.clients.manager.dao.Helper.validateClient(Helper.java:135)
	at com.topcoder.clients.manager.dao.DAOClientManager.setClientCodeName(DAOClientManager.java:473)
	at com.topcoder.clients.manager.dao.TestDAOClientManager.testSetClientCodeName_F_4(TestDAOClientManager.java:1381)
	at sun.reflect.NativeMethodAccessorImpl.invoke0(Native Method)
	at sun.reflect.NativeMethodAccessorImpl.invoke(NativeMethodAccessorImpl.java:39)
	at sun.reflect.DelegatingMethodAccessorImpl.invoke(DelegatingMethodAccessorImpl.java:25)
	at java.lang.reflect.Method.invoke(Method.java:585)
	at junit.framework.TestCase.runTest(TestCase.java:154)
	at junit.framework.TestCase.runBare(TestCase.java:127)
	at junit.framework.TestResult$1.protect(TestResult.java:106)
	at junit.framework.TestResult.runProtected(TestResult.java:124)
	at junit.framework.TestResult.run(TestResult.java:109)
	at junit.framework.TestCase.run(TestCase.java:118)
	at junit.framework.TestSuite.runTest(TestSuite.java:208)
	at junit.framework.TestSuite.run(TestSuite.java:203)
	at junit.framework.TestSuite.runTest(TestSuite.java:208)
	at junit.framework.TestSuite.run(TestSuite.java:203)
	at junit.framework.TestSuite.runTest(TestSuite.java:208)
	at junit.framework.TestSuite.run(TestSuite.java:203)
	at org.apache.tools.ant.taskdefs.optional.junit.JUnitTestRunner.run(JUnitTestRunner.java:421)
	at org.apache.tools.ant.taskdefs.optional.junit.JUnitTestRunner.launch(JUnitTestRunner.java:912)
	at org.apache.tools.ant.taskdefs.optional.junit.JUnitTestRunner.main(JUnitTestRunner.java:766)
[Entering method <com.topcoder.clients.manager.dao.DAOClientManager.setClientCodeName(Client client, String codeName)>; Parameters:{ ParamName<client>; ParamValue: <[ id=0 name=name codeName=null salesTax=0.0 isDeleted=false company=null clientStatus=null]> , ParamName<codeName>; ParamValue: <  >  }  at 2008-08-26 09:36:30.187 ]
[Error occurred in method <com.topcoder.clients.manager.dao.DAOClientManager.setClientCodeName(Client client, String codeName)>, cause by :
java.lang.IllegalArgumentException: The startDate of client should be set.
	at com.topcoder.clients.manager.dao.Helper.validateClient(Helper.java:135)
	at com.topcoder.clients.manager.dao.DAOClientManager.setClientCodeName(DAOClientManager.java:473)
	at com.topcoder.clients.manager.dao.TestDAOClientManager.testSetClientCodeName_F_5(TestDAOClientManager.java:1403)
	at sun.reflect.NativeMethodAccessorImpl.invoke0(Native Method)
	at sun.reflect.NativeMethodAccessorImpl.invoke(NativeMethodAccessorImpl.java:39)
	at sun.reflect.DelegatingMethodAccessorImpl.invoke(DelegatingMethodAccessorImpl.java:25)
	at java.lang.reflect.Method.invoke(Method.java:585)
	at junit.framework.TestCase.runTest(TestCase.java:154)
	at junit.framework.TestCase.runBare(TestCase.java:127)
	at junit.framework.TestResult$1.protect(TestResult.java:106)
	at junit.framework.TestResult.runProtected(TestResult.java:124)
	at junit.framework.TestResult.run(TestResult.java:109)
	at junit.framework.TestCase.run(TestCase.java:118)
	at junit.framework.TestSuite.runTest(TestSuite.java:208)
	at junit.framework.TestSuite.run(TestSuite.java:203)
	at junit.framework.TestSuite.runTest(TestSuite.java:208)
	at junit.framework.TestSuite.run(TestSuite.java:203)
	at junit.framework.TestSuite.runTest(TestSuite.java:208)
	at junit.framework.TestSuite.run(TestSuite.java:203)
	at org.apache.tools.ant.taskdefs.optional.junit.JUnitTestRunner.run(JUnitTestRunner.java:421)
	at org.apache.tools.ant.taskdefs.optional.junit.JUnitTestRunner.launch(JUnitTestRunner.java:912)
	at org.apache.tools.ant.taskdefs.optional.junit.JUnitTestRunner.main(JUnitTestRunner.java:766)
[Entering method <com.topcoder.clients.manager.dao.DAOClientManager.setClientCodeName(Client client, String codeName)>; Parameters:{ ParamName<client>; ParamValue: <[ id=0 name=name codeName=null salesTax=0.0 isDeleted=false company=null clientStatus=null]> , ParamName<codeName>; ParamValue: <code>  }  at 2008-08-26 09:36:30.203 ]
[Entering method <com.topcoder.clients.manager.dao.DAOClientManager.updateClient(Client client)>; Parameters:{ ParamName<client>; ParamValue: <[ id=0 name=name codeName=code salesTax=0.0 isDeleted=false company=null clientStatus=null]>  }  at 2008-08-26 09:36:30.203 ]
[Error occurred in method <com.topcoder.clients.manager.dao.DAOClientManager.updateClient(Client client)>, cause by :
com.topcoder.clients.manager.ClientEntityNotFoundException: The client entity does not exist in persistence with id=0
	at com.topcoder.clients.manager.dao.DAOClientManager.checkClientExisted(DAOClientManager.java:379)
	at com.topcoder.clients.manager.dao.DAOClientManager.updateClient(DAOClientManager.java:341)
	at com.topcoder.clients.manager.dao.DAOClientManager.setClientCodeName(DAOClientManager.java:484)
	at com.topcoder.clients.manager.dao.TestDAOClientManager.testSetClientCodeName_F_6(TestDAOClientManager.java:1427)
	at sun.reflect.NativeMethodAccessorImpl.invoke0(Native Method)
	at sun.reflect.NativeMethodAccessorImpl.invoke(NativeMethodAccessorImpl.java:39)
	at sun.reflect.DelegatingMethodAccessorImpl.invoke(DelegatingMethodAccessorImpl.java:25)
	at java.lang.reflect.Method.invoke(Method.java:585)
	at junit.framework.TestCase.runTest(TestCase.java:154)
	at junit.framework.TestCase.runBare(TestCase.java:127)
	at junit.framework.TestResult$1.protect(TestResult.java:106)
	at junit.framework.TestResult.runProtected(TestResult.java:124)
	at junit.framework.TestResult.run(TestResult.java:109)
	at junit.framework.TestCase.run(TestCase.java:118)
	at junit.framework.TestSuite.runTest(TestSuite.java:208)
	at junit.framework.TestSuite.run(TestSuite.java:203)
	at junit.framework.TestSuite.runTest(TestSuite.java:208)
	at junit.framework.TestSuite.run(TestSuite.java:203)
	at junit.framework.TestSuite.runTest(TestSuite.java:208)
	at junit.framework.TestSuite.run(TestSuite.java:203)
	at org.apache.tools.ant.taskdefs.optional.junit.JUnitTestRunner.run(JUnitTestRunner.java:421)
	at org.apache.tools.ant.taskdefs.optional.junit.JUnitTestRunner.launch(JUnitTestRunner.java:912)
	at org.apache.tools.ant.taskdefs.optional.junit.JUnitTestRunner.main(JUnitTestRunner.java:766)
[Entering method <com.topcoder.clients.manager.dao.DAOClientManager.setClientCodeName(Client client, String codeName)>; Parameters:{ ParamName<client>; ParamValue: <[ id=1 name=DAOConfigurationException codeName=null salesTax=0.0 isDeleted=false company=null clientStatus=null]> , ParamName<codeName>; ParamValue: <code>  }  at 2008-08-26 09:36:30.218 ]
[Entering method <com.topcoder.clients.manager.dao.DAOClientManager.updateClient(Client client)>; Parameters:{ ParamName<client>; ParamValue: <[ id=1 name=DAOConfigurationException codeName=code salesTax=0.0 isDeleted=false company=null clientStatus=null]>  }  at 2008-08-26 09:36:30.218 ]
[Error occurred in method <com.topcoder.clients.manager.dao.DAOClientManager.updateClient(Client client)>, cause by :
com.topcoder.clients.manager.ClientManagerException: Fail to update the client, cause by Throw for testing
	at com.topcoder.clients.manager.dao.DAOClientManager.wrapInnerException(DAOClientManager.java:305)
	at com.topcoder.clients.manager.dao.DAOClientManager.updateClient(DAOClientManager.java:353)
	at com.topcoder.clients.manager.dao.DAOClientManager.setClientCodeName(DAOClientManager.java:484)
	at com.topcoder.clients.manager.dao.TestDAOClientManager.testSetClientCodeName_F_7(TestDAOClientManager.java:1452)
	at sun.reflect.NativeMethodAccessorImpl.invoke0(Native Method)
	at sun.reflect.NativeMethodAccessorImpl.invoke(NativeMethodAccessorImpl.java:39)
	at sun.reflect.DelegatingMethodAccessorImpl.invoke(DelegatingMethodAccessorImpl.java:25)
	at java.lang.reflect.Method.invoke(Method.java:585)
	at junit.framework.TestCase.runTest(TestCase.java:154)
	at junit.framework.TestCase.runBare(TestCase.java:127)
	at junit.framework.TestResult$1.protect(TestResult.java:106)
	at junit.framework.TestResult.runProtected(TestResult.java:124)
	at junit.framework.TestResult.run(TestResult.java:109)
	at junit.framework.TestCase.run(TestCase.java:118)
	at junit.framework.TestSuite.runTest(TestSuite.java:208)
	at junit.framework.TestSuite.run(TestSuite.java:203)
	at junit.framework.TestSuite.runTest(TestSuite.java:208)
	at junit.framework.TestSuite.run(TestSuite.java:203)
	at junit.framework.TestSuite.runTest(TestSuite.java:208)
	at junit.framework.TestSuite.run(TestSuite.java:203)
	at org.apache.tools.ant.taskdefs.optional.junit.JUnitTestRunner.run(JUnitTestRunner.java:421)
	at org.apache.tools.ant.taskdefs.optional.junit.JUnitTestRunner.launch(JUnitTestRunner.java:912)
	at org.apache.tools.ant.taskdefs.optional.junit.JUnitTestRunner.main(JUnitTestRunner.java:766)
Caused by: com.topcoder.clients.dao.DAOConfigurationException: Throw for testing
	at com.topcoder.clients.manager.MockClientDAO.save(MockClientDAO.java:187)
	at com.topcoder.clients.manager.dao.DAOClientManager.updateClient(DAOClientManager.java:344)
	... 21 more
Caused by: java.lang.NullPointerException: NPE Raised 
	... 23 more
[Entering method <com.topcoder.clients.manager.dao.DAOClientManager.setClientCodeName(Client client, String codeName)>; Parameters:{ ParamName<client>; ParamValue: <[ id=1 name=Dok codeName=null salesTax=0.0 isDeleted=false company=null clientStatus=null]> , ParamName<codeName>; ParamValue: <code>  }  at 2008-08-26 09:36:30.218 ]
[Entering method <com.topcoder.clients.manager.dao.DAOClientManager.updateClient(Client client)>; Parameters:{ ParamName<client>; ParamValue: <[ id=1 name=Dok codeName=code salesTax=0.0 isDeleted=false company=null clientStatus=null]>  }  at 2008-08-26 09:36:30.218 ]
[Exiting method <com.topcoder.clients.manager.dao.DAOClientManager.updateClient(Client client)>; Return value:<[ id=1 name=Dok codeName=code salesTax=0.0 isDeleted=false company=null clientStatus=null]>]  at 2008-08-26 09:36:30.218
[Exiting method <com.topcoder.clients.manager.dao.DAOClientManager.setClientCodeName(Client client, String codeName)>; Return value:<[ id=1 name=Dok codeName=code salesTax=0.0 isDeleted=false company=null clientStatus=null]>]  at 2008-08-26 09:36:30.218
[Entering method <com.topcoder.clients.manager.dao.DAOClientManager.setClientStatus(Client client, ClientStatus status)>; Parameters:{ ParamName<client>; ParamValue: <null> , ParamName<status>; ParamValue: <[ id=0 name=s description=des isDeleted=false]>  }  at 2008-08-26 09:36:30.250 ]
[Error occurred in method <com.topcoder.clients.manager.dao.DAOClientManager.setClientStatus(Client client, ClientStatus status)>, cause by :
java.lang.IllegalArgumentException: The parameter 'client' should not be null.
	at com.topcoder.clients.manager.dao.Helper.checkNull(Helper.java:69)
	at com.topcoder.clients.manager.dao.Helper.validateClient(Helper.java:132)
	at com.topcoder.clients.manager.dao.DAOClientManager.setClientStatus(DAOClientManager.java:518)
	at com.topcoder.clients.manager.dao.TestDAOClientManager.testSetClientStatus_F_1(TestDAOClientManager.java:1498)
	at sun.reflect.NativeMethodAccessorImpl.invoke0(Native Method)
	at sun.reflect.NativeMethodAccessorImpl.invoke(NativeMethodAccessorImpl.java:39)
	at sun.reflect.DelegatingMethodAccessorImpl.invoke(DelegatingMethodAccessorImpl.java:25)
	at java.lang.reflect.Method.invoke(Method.java:585)
	at junit.framework.TestCase.runTest(TestCase.java:154)
	at junit.framework.TestCase.runBare(TestCase.java:127)
	at junit.framework.TestResult$1.protect(TestResult.java:106)
	at junit.framework.TestResult.runProtected(TestResult.java:124)
	at junit.framework.TestResult.run(TestResult.java:109)
	at junit.framework.TestCase.run(TestCase.java:118)
	at junit.framework.TestSuite.runTest(TestSuite.java:208)
	at junit.framework.TestSuite.run(TestSuite.java:203)
	at junit.framework.TestSuite.runTest(TestSuite.java:208)
	at junit.framework.TestSuite.run(TestSuite.java:203)
	at junit.framework.TestSuite.runTest(TestSuite.java:208)
	at junit.framework.TestSuite.run(TestSuite.java:203)
	at org.apache.tools.ant.taskdefs.optional.junit.JUnitTestRunner.run(JUnitTestRunner.java:421)
	at org.apache.tools.ant.taskdefs.optional.junit.JUnitTestRunner.launch(JUnitTestRunner.java:912)
	at org.apache.tools.ant.taskdefs.optional.junit.JUnitTestRunner.main(JUnitTestRunner.java:766)
[Entering method <com.topcoder.clients.manager.dao.DAOClientManager.setClientStatus(Client client, ClientStatus status)>; Parameters:{ ParamName<client>; ParamValue: <[ id=0 name=   codeName=null salesTax=0.0 isDeleted=false company=null clientStatus=null]> , ParamName<status>; ParamValue: <[ id=0 name=s description=des isDeleted=false]>  }  at 2008-08-26 09:36:30.265 ]
[Error occurred in method <com.topcoder.clients.manager.dao.DAOClientManager.setClientStatus(Client client, ClientStatus status)>, cause by :
java.lang.IllegalArgumentException: The startDate of client should be set.
	at com.topcoder.clients.manager.dao.Helper.validateClient(Helper.java:135)
	at com.topcoder.clients.manager.dao.DAOClientManager.setClientStatus(DAOClientManager.java:518)
	at com.topcoder.clients.manager.dao.TestDAOClientManager.testSetClientStatus_F_2(TestDAOClientManager.java:1524)
	at sun.reflect.NativeMethodAccessorImpl.invoke0(Native Method)
	at sun.reflect.NativeMethodAccessorImpl.invoke(NativeMethodAccessorImpl.java:39)
	at sun.reflect.DelegatingMethodAccessorImpl.invoke(DelegatingMethodAccessorImpl.java:25)
	at java.lang.reflect.Method.invoke(Method.java:585)
	at junit.framework.TestCase.runTest(TestCase.java:154)
	at junit.framework.TestCase.runBare(TestCase.java:127)
	at junit.framework.TestResult$1.protect(TestResult.java:106)
	at junit.framework.TestResult.runProtected(TestResult.java:124)
	at junit.framework.TestResult.run(TestResult.java:109)
	at junit.framework.TestCase.run(TestCase.java:118)
	at junit.framework.TestSuite.runTest(TestSuite.java:208)
	at junit.framework.TestSuite.run(TestSuite.java:203)
	at junit.framework.TestSuite.runTest(TestSuite.java:208)
	at junit.framework.TestSuite.run(TestSuite.java:203)
	at junit.framework.TestSuite.runTest(TestSuite.java:208)
	at junit.framework.TestSuite.run(TestSuite.java:203)
	at org.apache.tools.ant.taskdefs.optional.junit.JUnitTestRunner.run(JUnitTestRunner.java:421)
	at org.apache.tools.ant.taskdefs.optional.junit.JUnitTestRunner.launch(JUnitTestRunner.java:912)
	at org.apache.tools.ant.taskdefs.optional.junit.JUnitTestRunner.main(JUnitTestRunner.java:766)
[Entering method <com.topcoder.clients.manager.dao.DAOClientManager.setClientStatus(Client client, ClientStatus status)>; Parameters:{ ParamName<client>; ParamValue: <[ id=0 name=name codeName=null salesTax=0.0 isDeleted=true company=null clientStatus=null]> , ParamName<status>; ParamValue: <[ id=0 name=s description=des isDeleted=false]>  }  at 2008-08-26 09:36:30.265 ]
[Error occurred in method <com.topcoder.clients.manager.dao.DAOClientManager.setClientStatus(Client client, ClientStatus status)>, cause by :
java.lang.IllegalArgumentException: The startDate of client should be set.
	at com.topcoder.clients.manager.dao.Helper.validateClient(Helper.java:135)
	at com.topcoder.clients.manager.dao.DAOClientManager.setClientStatus(DAOClientManager.java:518)
	at com.topcoder.clients.manager.dao.TestDAOClientManager.testSetClientStatus_F_3(TestDAOClientManager.java:1551)
	at sun.reflect.NativeMethodAccessorImpl.invoke0(Native Method)
	at sun.reflect.NativeMethodAccessorImpl.invoke(NativeMethodAccessorImpl.java:39)
	at sun.reflect.DelegatingMethodAccessorImpl.invoke(DelegatingMethodAccessorImpl.java:25)
	at java.lang.reflect.Method.invoke(Method.java:585)
	at junit.framework.TestCase.runTest(TestCase.java:154)
	at junit.framework.TestCase.runBare(TestCase.java:127)
	at junit.framework.TestResult$1.protect(TestResult.java:106)
	at junit.framework.TestResult.runProtected(TestResult.java:124)
	at junit.framework.TestResult.run(TestResult.java:109)
	at junit.framework.TestCase.run(TestCase.java:118)
	at junit.framework.TestSuite.runTest(TestSuite.java:208)
	at junit.framework.TestSuite.run(TestSuite.java:203)
	at junit.framework.TestSuite.runTest(TestSuite.java:208)
	at junit.framework.TestSuite.run(TestSuite.java:203)
	at junit.framework.TestSuite.runTest(TestSuite.java:208)
	at junit.framework.TestSuite.run(TestSuite.java:203)
	at org.apache.tools.ant.taskdefs.optional.junit.JUnitTestRunner.run(JUnitTestRunner.java:421)
	at org.apache.tools.ant.taskdefs.optional.junit.JUnitTestRunner.launch(JUnitTestRunner.java:912)
	at org.apache.tools.ant.taskdefs.optional.junit.JUnitTestRunner.main(JUnitTestRunner.java:766)
[Entering method <com.topcoder.clients.manager.dao.DAOClientManager.setClientStatus(Client client, ClientStatus status)>; Parameters:{ ParamName<client>; ParamValue: <[ id=0 name=name codeName=null salesTax=0.0 isDeleted=false company=null clientStatus=null]> , ParamName<status>; ParamValue: <null>  }  at 2008-08-26 09:36:30.281 ]
[Error occurred in method <com.topcoder.clients.manager.dao.DAOClientManager.setClientStatus(Client client, ClientStatus status)>, cause by :
java.lang.IllegalArgumentException: The startDate of client should be set.
	at com.topcoder.clients.manager.dao.Helper.validateClient(Helper.java:135)
	at com.topcoder.clients.manager.dao.DAOClientManager.setClientStatus(DAOClientManager.java:518)
	at com.topcoder.clients.manager.dao.TestDAOClientManager.testSetClientStatus_F_4(TestDAOClientManager.java:1578)
	at sun.reflect.NativeMethodAccessorImpl.invoke0(Native Method)
	at sun.reflect.NativeMethodAccessorImpl.invoke(NativeMethodAccessorImpl.java:39)
	at sun.reflect.DelegatingMethodAccessorImpl.invoke(DelegatingMethodAccessorImpl.java:25)
	at java.lang.reflect.Method.invoke(Method.java:585)
	at junit.framework.TestCase.runTest(TestCase.java:154)
	at junit.framework.TestCase.runBare(TestCase.java:127)
	at junit.framework.TestResult$1.protect(TestResult.java:106)
	at junit.framework.TestResult.runProtected(TestResult.java:124)
	at junit.framework.TestResult.run(TestResult.java:109)
	at junit.framework.TestCase.run(TestCase.java:118)
	at junit.framework.TestSuite.runTest(TestSuite.java:208)
	at junit.framework.TestSuite.run(TestSuite.java:203)
	at junit.framework.TestSuite.runTest(TestSuite.java:208)
	at junit.framework.TestSuite.run(TestSuite.java:203)
	at junit.framework.TestSuite.runTest(TestSuite.java:208)
	at junit.framework.TestSuite.run(TestSuite.java:203)
	at org.apache.tools.ant.taskdefs.optional.junit.JUnitTestRunner.run(JUnitTestRunner.java:421)
	at org.apache.tools.ant.taskdefs.optional.junit.JUnitTestRunner.launch(JUnitTestRunner.java:912)
	at org.apache.tools.ant.taskdefs.optional.junit.JUnitTestRunner.main(JUnitTestRunner.java:766)
[Entering method <com.topcoder.clients.manager.dao.DAOClientManager.setClientStatus(Client client, ClientStatus status)>; Parameters:{ ParamName<client>; ParamValue: <[ id=0 name=name codeName=null salesTax=0.0 isDeleted=false company=null clientStatus=null]> , ParamName<status>; ParamValue: <[ id=0 name=null description=des isDeleted=false]>  }  at 2008-08-26 09:36:30.281 ]
[Error occurred in method <com.topcoder.clients.manager.dao.DAOClientManager.setClientStatus(Client client, ClientStatus status)>, cause by :
java.lang.IllegalArgumentException: The startDate of client should be set.
	at com.topcoder.clients.manager.dao.Helper.validateClient(Helper.java:135)
	at com.topcoder.clients.manager.dao.DAOClientManager.setClientStatus(DAOClientManager.java:518)
	at com.topcoder.clients.manager.dao.TestDAOClientManager.testSetClientStatus_F_5(TestDAOClientManager.java:1605)
	at sun.reflect.NativeMethodAccessorImpl.invoke0(Native Method)
	at sun.reflect.NativeMethodAccessorImpl.invoke(NativeMethodAccessorImpl.java:39)
	at sun.reflect.DelegatingMethodAccessorImpl.invoke(DelegatingMethodAccessorImpl.java:25)
	at java.lang.reflect.Method.invoke(Method.java:585)
	at junit.framework.TestCase.runTest(TestCase.java:154)
	at junit.framework.TestCase.runBare(TestCase.java:127)
	at junit.framework.TestResult$1.protect(TestResult.java:106)
	at junit.framework.TestResult.runProtected(TestResult.java:124)
	at junit.framework.TestResult.run(TestResult.java:109)
	at junit.framework.TestCase.run(TestCase.java:118)
	at junit.framework.TestSuite.runTest(TestSuite.java:208)
	at junit.framework.TestSuite.run(TestSuite.java:203)
	at junit.framework.TestSuite.runTest(TestSuite.java:208)
	at junit.framework.TestSuite.run(TestSuite.java:203)
	at junit.framework.TestSuite.runTest(TestSuite.java:208)
	at junit.framework.TestSuite.run(TestSuite.java:203)
	at org.apache.tools.ant.taskdefs.optional.junit.JUnitTestRunner.run(JUnitTestRunner.java:421)
	at org.apache.tools.ant.taskdefs.optional.junit.JUnitTestRunner.launch(JUnitTestRunner.java:912)
	at org.apache.tools.ant.taskdefs.optional.junit.JUnitTestRunner.main(JUnitTestRunner.java:766)
[Entering method <com.topcoder.clients.manager.dao.DAOClientManager.setClientStatus(Client client, ClientStatus status)>; Parameters:{ ParamName<client>; ParamValue: <[ id=0 name=name codeName=null salesTax=0.0 isDeleted=false company=null clientStatus=null]> , ParamName<status>; ParamValue: <[ id=0 name=    description=des isDeleted=false]>  }  at 2008-08-26 09:36:30.296 ]
[Error occurred in method <com.topcoder.clients.manager.dao.DAOClientManager.setClientStatus(Client client, ClientStatus status)>, cause by :
java.lang.IllegalArgumentException: The startDate of client should be set.
	at com.topcoder.clients.manager.dao.Helper.validateClient(Helper.java:135)
	at com.topcoder.clients.manager.dao.DAOClientManager.setClientStatus(DAOClientManager.java:518)
	at com.topcoder.clients.manager.dao.TestDAOClientManager.testSetClientStatus_F_6(TestDAOClientManager.java:1632)
	at sun.reflect.NativeMethodAccessorImpl.invoke0(Native Method)
	at sun.reflect.NativeMethodAccessorImpl.invoke(NativeMethodAccessorImpl.java:39)
	at sun.reflect.DelegatingMethodAccessorImpl.invoke(DelegatingMethodAccessorImpl.java:25)
	at java.lang.reflect.Method.invoke(Method.java:585)
	at junit.framework.TestCase.runTest(TestCase.java:154)
	at junit.framework.TestCase.runBare(TestCase.java:127)
	at junit.framework.TestResult$1.protect(TestResult.java:106)
	at junit.framework.TestResult.runProtected(TestResult.java:124)
	at junit.framework.TestResult.run(TestResult.java:109)
	at junit.framework.TestCase.run(TestCase.java:118)
	at junit.framework.TestSuite.runTest(TestSuite.java:208)
	at junit.framework.TestSuite.run(TestSuite.java:203)
	at junit.framework.TestSuite.runTest(TestSuite.java:208)
	at junit.framework.TestSuite.run(TestSuite.java:203)
	at junit.framework.TestSuite.runTest(TestSuite.java:208)
	at junit.framework.TestSuite.run(TestSuite.java:203)
	at org.apache.tools.ant.taskdefs.optional.junit.JUnitTestRunner.run(JUnitTestRunner.java:421)
	at org.apache.tools.ant.taskdefs.optional.junit.JUnitTestRunner.launch(JUnitTestRunner.java:912)
	at org.apache.tools.ant.taskdefs.optional.junit.JUnitTestRunner.main(JUnitTestRunner.java:766)
[Entering method <com.topcoder.clients.manager.dao.DAOClientManager.setClientStatus(Client client, ClientStatus status)>; Parameters:{ ParamName<client>; ParamValue: <[ id=0 name=name codeName=null salesTax=0.0 isDeleted=false company=null clientStatus=null]> , ParamName<status>; ParamValue: <[ id=0 name=name description=    isDeleted=false]>  }  at 2008-08-26 09:36:30.312 ]
[Error occurred in method <com.topcoder.clients.manager.dao.DAOClientManager.setClientStatus(Client client, ClientStatus status)>, cause by :
java.lang.IllegalArgumentException: The startDate of client should be set.
	at com.topcoder.clients.manager.dao.Helper.validateClient(Helper.java:135)
	at com.topcoder.clients.manager.dao.DAOClientManager.setClientStatus(DAOClientManager.java:518)
	at com.topcoder.clients.manager.dao.TestDAOClientManager.testSetClientStatus_F_7(TestDAOClientManager.java:1659)
	at sun.reflect.NativeMethodAccessorImpl.invoke0(Native Method)
	at sun.reflect.NativeMethodAccessorImpl.invoke(NativeMethodAccessorImpl.java:39)
	at sun.reflect.DelegatingMethodAccessorImpl.invoke(DelegatingMethodAccessorImpl.java:25)
	at java.lang.reflect.Method.invoke(Method.java:585)
	at junit.framework.TestCase.runTest(TestCase.java:154)
	at junit.framework.TestCase.runBare(TestCase.java:127)
	at junit.framework.TestResult$1.protect(TestResult.java:106)
	at junit.framework.TestResult.runProtected(TestResult.java:124)
	at junit.framework.TestResult.run(TestResult.java:109)
	at junit.framework.TestCase.run(TestCase.java:118)
	at junit.framework.TestSuite.runTest(TestSuite.java:208)
	at junit.framework.TestSuite.run(TestSuite.java:203)
	at junit.framework.TestSuite.runTest(TestSuite.java:208)
	at junit.framework.TestSuite.run(TestSuite.java:203)
	at junit.framework.TestSuite.runTest(TestSuite.java:208)
	at junit.framework.TestSuite.run(TestSuite.java:203)
	at org.apache.tools.ant.taskdefs.optional.junit.JUnitTestRunner.run(JUnitTestRunner.java:421)
	at org.apache.tools.ant.taskdefs.optional.junit.JUnitTestRunner.launch(JUnitTestRunner.java:912)
	at org.apache.tools.ant.taskdefs.optional.junit.JUnitTestRunner.main(JUnitTestRunner.java:766)
[Entering method <com.topcoder.clients.manager.dao.DAOClientManager.setClientStatus(Client client, ClientStatus status)>; Parameters:{ ParamName<client>; ParamValue: <[ id=0 name=name codeName=null salesTax=0.0 isDeleted=false company=null clientStatus=null]> , ParamName<status>; ParamValue: <[ id=0 name=name description=des isDeleted=true]>  }  at 2008-08-26 09:36:30.312 ]
[Error occurred in method <com.topcoder.clients.manager.dao.DAOClientManager.setClientStatus(Client client, ClientStatus status)>, cause by :
java.lang.IllegalArgumentException: The startDate of client should be set.
	at com.topcoder.clients.manager.dao.Helper.validateClient(Helper.java:135)
	at com.topcoder.clients.manager.dao.DAOClientManager.setClientStatus(DAOClientManager.java:518)
	at com.topcoder.clients.manager.dao.TestDAOClientManager.testSetClientStatus_F_8(TestDAOClientManager.java:1687)
	at sun.reflect.NativeMethodAccessorImpl.invoke0(Native Method)
	at sun.reflect.NativeMethodAccessorImpl.invoke(NativeMethodAccessorImpl.java:39)
	at sun.reflect.DelegatingMethodAccessorImpl.invoke(DelegatingMethodAccessorImpl.java:25)
	at java.lang.reflect.Method.invoke(Method.java:585)
	at junit.framework.TestCase.runTest(TestCase.java:154)
	at junit.framework.TestCase.runBare(TestCase.java:127)
	at junit.framework.TestResult$1.protect(TestResult.java:106)
	at junit.framework.TestResult.runProtected(TestResult.java:124)
	at junit.framework.TestResult.run(TestResult.java:109)
	at junit.framework.TestCase.run(TestCase.java:118)
	at junit.framework.TestSuite.runTest(TestSuite.java:208)
	at junit.framework.TestSuite.run(TestSuite.java:203)
	at junit.framework.TestSuite.runTest(TestSuite.java:208)
	at junit.framework.TestSuite.run(TestSuite.java:203)
	at junit.framework.TestSuite.runTest(TestSuite.java:208)
	at junit.framework.TestSuite.run(TestSuite.java:203)
	at org.apache.tools.ant.taskdefs.optional.junit.JUnitTestRunner.run(JUnitTestRunner.java:421)
	at org.apache.tools.ant.taskdefs.optional.junit.JUnitTestRunner.launch(JUnitTestRunner.java:912)
	at org.apache.tools.ant.taskdefs.optional.junit.JUnitTestRunner.main(JUnitTestRunner.java:766)
[Entering method <com.topcoder.clients.manager.dao.DAOClientManager.setClientStatus(Client client, ClientStatus status)>; Parameters:{ ParamName<client>; ParamValue: <[ id=0 name=name codeName=null salesTax=0.0 isDeleted=false company=null clientStatus=null]> , ParamName<status>; ParamValue: <[ id=0 name=name description=des isDeleted=false]>  }  at 2008-08-26 09:36:30.328 ]
[Entering method <com.topcoder.clients.manager.dao.DAOClientManager.updateClient(Client client)>; Parameters:{ ParamName<client>; ParamValue: <[ id=0 name=name codeName=null salesTax=0.0 isDeleted=false company=null clientStatus=[ id=0 name=name description=des isDeleted=false&#x5d;&#x5d;&gt;  }  at 2008-08-26 09:36:30.328 ]
[Error occurred in method <com.topcoder.clients.manager.dao.DAOClientManager.updateClient(Client client)>, cause by :
com.topcoder.clients.manager.ClientEntityNotFoundException: The client entity does not exist in persistence with id=0
	at com.topcoder.clients.manager.dao.DAOClientManager.checkClientExisted(DAOClientManager.java:379)
	at com.topcoder.clients.manager.dao.DAOClientManager.updateClient(DAOClientManager.java:341)
	at com.topcoder.clients.manager.dao.DAOClientManager.setClientStatus(DAOClientManager.java:529)
	at com.topcoder.clients.manager.dao.TestDAOClientManager.testSetClientStatus_F_9(TestDAOClientManager.java:1718)
	at sun.reflect.NativeMethodAccessorImpl.invoke0(Native Method)
	at sun.reflect.NativeMethodAccessorImpl.invoke(NativeMethodAccessorImpl.java:39)
	at sun.reflect.DelegatingMethodAccessorImpl.invoke(DelegatingMethodAccessorImpl.java:25)
	at java.lang.reflect.Method.invoke(Method.java:585)
	at junit.framework.TestCase.runTest(TestCase.java:154)
	at junit.framework.TestCase.runBare(TestCase.java:127)
	at junit.framework.TestResult$1.protect(TestResult.java:106)
	at junit.framework.TestResult.runProtected(TestResult.java:124)
	at junit.framework.TestResult.run(TestResult.java:109)
	at junit.framework.TestCase.run(TestCase.java:118)
	at junit.framework.TestSuite.runTest(TestSuite.java:208)
	at junit.framework.TestSuite.run(TestSuite.java:203)
	at junit.framework.TestSuite.runTest(TestSuite.java:208)
	at junit.framework.TestSuite.run(TestSuite.java:203)
	at junit.framework.TestSuite.runTest(TestSuite.java:208)
	at junit.framework.TestSuite.run(TestSuite.java:203)
	at org.apache.tools.ant.taskdefs.optional.junit.JUnitTestRunner.run(JUnitTestRunner.java:421)
	at org.apache.tools.ant.taskdefs.optional.junit.JUnitTestRunner.launch(JUnitTestRunner.java:912)
	at org.apache.tools.ant.taskdefs.optional.junit.JUnitTestRunner.main(JUnitTestRunner.java:766)
[Entering method <com.topcoder.clients.manager.dao.DAOClientManager.setClientStatus(Client client, ClientStatus status)>; Parameters:{ ParamName<client>; ParamValue: <[ id=1 name=DAOConfigurationException codeName=null salesTax=0.0 isDeleted=false company=null clientStatus=null]> , ParamName<status>; ParamValue: <[ id=0 name=name description=des isDeleted=false]>  }  at 2008-08-26 09:36:30.343 ]
[Entering method <com.topcoder.clients.manager.dao.DAOClientManager.updateClient(Client client)>; Parameters:{ ParamName<client>; ParamValue: <[ id=1 name=DAOConfigurationException codeName=null salesTax=0.0 isDeleted=false company=null clientStatus=[ id=0 name=name description=des isDeleted=false&#x5d;&#x5d;&gt;  }  at 2008-08-26 09:36:30.343 ]
[Error occurred in method <com.topcoder.clients.manager.dao.DAOClientManager.updateClient(Client client)>, cause by :
com.topcoder.clients.manager.ClientManagerException: Fail to update the client, cause by Throw for testing
	at com.topcoder.clients.manager.dao.DAOClientManager.wrapInnerException(DAOClientManager.java:305)
	at com.topcoder.clients.manager.dao.DAOClientManager.updateClient(DAOClientManager.java:353)
	at com.topcoder.clients.manager.dao.DAOClientManager.setClientStatus(DAOClientManager.java:529)
	at com.topcoder.clients.manager.dao.TestDAOClientManager.testSetClientStatus_F_10(TestDAOClientManager.java:1750)
	at sun.reflect.NativeMethodAccessorImpl.invoke0(Native Method)
	at sun.reflect.NativeMethodAccessorImpl.invoke(NativeMethodAccessorImpl.java:39)
	at sun.reflect.DelegatingMethodAccessorImpl.invoke(DelegatingMethodAccessorImpl.java:25)
	at java.lang.reflect.Method.invoke(Method.java:585)
	at junit.framework.TestCase.runTest(TestCase.java:154)
	at junit.framework.TestCase.runBare(TestCase.java:127)
	at junit.framework.TestResult$1.protect(TestResult.java:106)
	at junit.framework.TestResult.runProtected(TestResult.java:124)
	at junit.framework.TestResult.run(TestResult.java:109)
	at junit.framework.TestCase.run(TestCase.java:118)
	at junit.framework.TestSuite.runTest(TestSuite.java:208)
	at junit.framework.TestSuite.run(TestSuite.java:203)
	at junit.framework.TestSuite.runTest(TestSuite.java:208)
	at junit.framework.TestSuite.run(TestSuite.java:203)
	at junit.framework.TestSuite.runTest(TestSuite.java:208)
	at junit.framework.TestSuite.run(TestSuite.java:203)
	at org.apache.tools.ant.taskdefs.optional.junit.JUnitTestRunner.run(JUnitTestRunner.java:421)
	at org.apache.tools.ant.taskdefs.optional.junit.JUnitTestRunner.launch(JUnitTestRunner.java:912)
	at org.apache.tools.ant.taskdefs.optional.junit.JUnitTestRunner.main(JUnitTestRunner.java:766)
Caused by: com.topcoder.clients.dao.DAOConfigurationException: Throw for testing
	at com.topcoder.clients.manager.MockClientDAO.save(MockClientDAO.java:187)
	at com.topcoder.clients.manager.dao.DAOClientManager.updateClient(DAOClientManager.java:344)
	... 21 more
Caused by: java.lang.NullPointerException: NPE Raised 
	... 23 more
[Entering method <com.topcoder.clients.manager.dao.DAOClientManager.setClientStatus(Client client, ClientStatus status)>; Parameters:{ ParamName<client>; ParamValue: <[ id=1 name=ok codeName=null salesTax=0.0 isDeleted=false company=null clientStatus=null]> , ParamName<status>; ParamValue: <[ id=0 name=name description=des isDeleted=false]>  }  at 2008-08-26 09:36:30.343 ]
[Entering method <com.topcoder.clients.manager.dao.DAOClientManager.updateClient(Client client)>; Parameters:{ ParamName<client>; ParamValue: <[ id=1 name=ok codeName=null salesTax=0.0 isDeleted=false company=null clientStatus=[ id=0 name=name description=des isDeleted=false&#x5d;&#x5d;&gt;  }  at 2008-08-26 09:36:30.343 ]
[Exiting method <com.topcoder.clients.manager.dao.DAOClientManager.updateClient(Client client)>; Return value:<[ id=1 name=ok codeName=null salesTax=0.0 isDeleted=false company=null clientStatus=[ id=0 name=name description=des isDeleted=false&#x5d;&#x5d;&gt;]  at 2008-08-26 09:36:30.343
[Exiting method <com.topcoder.clients.manager.dao.DAOClientManager.setClientStatus(Client client, ClientStatus status)>; Return value:<[ id=1 name=ok codeName=null salesTax=0.0 isDeleted=false company=null clientStatus=[ id=0 name=name description=des isDeleted=false&#x5d;&#x5d;&gt;]  at 2008-08-26 09:36:30.343
[Entering method <com.topcoder.clients.manager.dao.DAOClientManager.retrieveClient(long id)>; Parameters:{ ParamName<id>; ParamValue: <-1>  }  at 2008-08-26 09:36:30.359 ]
[Error occurred in method <com.topcoder.clients.manager.dao.DAOClientManager.retrieveClient(long id)>, cause by :
java.lang.IllegalArgumentException: The parameter id should not be negative.
	at com.topcoder.clients.manager.dao.Helper.checkId(Helper.java:115)
	at com.topcoder.clients.manager.dao.DAOClientManager.retrieveClient(DAOClientManager.java:552)
	at com.topcoder.clients.manager.dao.TestDAOClientManager.testRetrieveClient_F_1(TestDAOClientManager.java:1798)
	at sun.reflect.NativeMethodAccessorImpl.invoke0(Native Method)
	at sun.reflect.NativeMethodAccessorImpl.invoke(NativeMethodAccessorImpl.java:39)
	at sun.reflect.DelegatingMethodAccessorImpl.invoke(DelegatingMethodAccessorImpl.java:25)
	at java.lang.reflect.Method.invoke(Method.java:585)
	at junit.framework.TestCase.runTest(TestCase.java:154)
	at junit.framework.TestCase.runBare(TestCase.java:127)
	at junit.framework.TestResult$1.protect(TestResult.java:106)
	at junit.framework.TestResult.runProtected(TestResult.java:124)
	at junit.framework.TestResult.run(TestResult.java:109)
	at junit.framework.TestCase.run(TestCase.java:118)
	at junit.framework.TestSuite.runTest(TestSuite.java:208)
	at junit.framework.TestSuite.run(TestSuite.java:203)
	at junit.framework.TestSuite.runTest(TestSuite.java:208)
	at junit.framework.TestSuite.run(TestSuite.java:203)
	at junit.framework.TestSuite.runTest(TestSuite.java:208)
	at junit.framework.TestSuite.run(TestSuite.java:203)
	at org.apache.tools.ant.taskdefs.optional.junit.JUnitTestRunner.run(JUnitTestRunner.java:421)
	at org.apache.tools.ant.taskdefs.optional.junit.JUnitTestRunner.launch(JUnitTestRunner.java:912)
	at org.apache.tools.ant.taskdefs.optional.junit.JUnitTestRunner.main(JUnitTestRunner.java:766)
[Entering method <com.topcoder.clients.manager.dao.DAOClientManager.retrieveClient(long id)>; Parameters:{ ParamName<id>; ParamValue: <999>  }  at 2008-08-26 09:36:30.359 ]
[Error occurred in method <com.topcoder.clients.manager.dao.DAOClientManager.retrieveClient(long id)>, cause by :
com.topcoder.clients.manager.ClientManagerException: Fail to retrieve the client by id=999 cause by com.topcoder.clients.model.ClientStatus
	at com.topcoder.clients.manager.dao.DAOClientManager.wrapInnerException(DAOClientManager.java:305)
	at com.topcoder.clients.manager.dao.DAOClientManager.retrieveClient(DAOClientManager.java:566)
	at com.topcoder.clients.manager.dao.TestDAOClientManager.testRetrieveClient_F_2(TestDAOClientManager.java:1817)
	at sun.reflect.NativeMethodAccessorImpl.invoke0(Native Method)
	at sun.reflect.NativeMethodAccessorImpl.invoke(NativeMethodAccessorImpl.java:39)
	at sun.reflect.DelegatingMethodAccessorImpl.invoke(DelegatingMethodAccessorImpl.java:25)
	at java.lang.reflect.Method.invoke(Method.java:585)
	at junit.framework.TestCase.runTest(TestCase.java:154)
	at junit.framework.TestCase.runBare(TestCase.java:127)
	at junit.framework.TestResult$1.protect(TestResult.java:106)
	at junit.framework.TestResult.runProtected(TestResult.java:124)
	at junit.framework.TestResult.run(TestResult.java:109)
	at junit.framework.TestCase.run(TestCase.java:118)
	at junit.framework.TestSuite.runTest(TestSuite.java:208)
	at junit.framework.TestSuite.run(TestSuite.java:203)
	at junit.framework.TestSuite.runTest(TestSuite.java:208)
	at junit.framework.TestSuite.run(TestSuite.java:203)
	at junit.framework.TestSuite.runTest(TestSuite.java:208)
	at junit.framework.TestSuite.run(TestSuite.java:203)
	at org.apache.tools.ant.taskdefs.optional.junit.JUnitTestRunner.run(JUnitTestRunner.java:421)
	at org.apache.tools.ant.taskdefs.optional.junit.JUnitTestRunner.launch(JUnitTestRunner.java:912)
	at org.apache.tools.ant.taskdefs.optional.junit.JUnitTestRunner.main(JUnitTestRunner.java:766)
Caused by: java.lang.ClassCastException: com.topcoder.clients.model.ClientStatus
	at com.topcoder.clients.manager.dao.DAOClientManager.retrieveClient(DAOClientManager.java:554)
	... 20 more
[Entering method <com.topcoder.clients.manager.dao.DAOClientManager.retrieveClient(long id)>; Parameters:{ ParamName<id>; ParamValue: <1001>  }  at 2008-08-26 09:36:30.375 ]
[Error occurred in method <com.topcoder.clients.manager.dao.DAOClientManager.retrieveClient(long id)>, cause by :
com.topcoder.clients.manager.ClientManagerException: Fail to retrieve the client by id=1001 cause by Throw for testing
	at com.topcoder.clients.manager.dao.DAOClientManager.wrapInnerException(DAOClientManager.java:305)
	at com.topcoder.clients.manager.dao.DAOClientManager.retrieveClient(DAOClientManager.java:569)
	at com.topcoder.clients.manager.dao.TestDAOClientManager.testRetrieveClient_F_3(TestDAOClientManager.java:1836)
	at sun.reflect.NativeMethodAccessorImpl.invoke0(Native Method)
	at sun.reflect.NativeMethodAccessorImpl.invoke(NativeMethodAccessorImpl.java:39)
	at sun.reflect.DelegatingMethodAccessorImpl.invoke(DelegatingMethodAccessorImpl.java:25)
	at java.lang.reflect.Method.invoke(Method.java:585)
	at junit.framework.TestCase.runTest(TestCase.java:154)
	at junit.framework.TestCase.runBare(TestCase.java:127)
	at junit.framework.TestResult$1.protect(TestResult.java:106)
	at junit.framework.TestResult.runProtected(TestResult.java:124)
	at junit.framework.TestResult.run(TestResult.java:109)
	at junit.framework.TestCase.run(TestCase.java:118)
	at junit.framework.TestSuite.runTest(TestSuite.java:208)
	at junit.framework.TestSuite.run(TestSuite.java:203)
	at junit.framework.TestSuite.runTest(TestSuite.java:208)
	at junit.framework.TestSuite.run(TestSuite.java:203)
	at junit.framework.TestSuite.runTest(TestSuite.java:208)
	at junit.framework.TestSuite.run(TestSuite.java:203)
	at org.apache.tools.ant.taskdefs.optional.junit.JUnitTestRunner.run(JUnitTestRunner.java:421)
	at org.apache.tools.ant.taskdefs.optional.junit.JUnitTestRunner.launch(JUnitTestRunner.java:912)
	at org.apache.tools.ant.taskdefs.optional.junit.JUnitTestRunner.main(JUnitTestRunner.java:766)
Caused by: com.topcoder.clients.dao.DAOConfigurationException: Throw for testing
	at com.topcoder.clients.manager.MockClientDAO.retrieveById(MockClientDAO.java:84)
	at com.topcoder.clients.manager.dao.DAOClientManager.retrieveClient(DAOClientManager.java:554)
	... 20 more
Caused by: java.lang.NullPointerException: NPE Raised 
	... 22 more
[Entering method <com.topcoder.clients.manager.dao.DAOClientManager.retrieveClient(long id)>; Parameters:{ ParamName<id>; ParamValue: <10001>  }  at 2008-08-26 09:36:30.390 ]
[Error occurred in method <com.topcoder.clients.manager.dao.DAOClientManager.retrieveClient(long id)>, cause by :
com.topcoder.clients.manager.ClientManagerException: Fail to retrieve the client by id=10001 cause by Throw for testing
	at com.topcoder.clients.manager.dao.DAOClientManager.wrapInnerException(DAOClientManager.java:305)
	at com.topcoder.clients.manager.dao.DAOClientManager.retrieveClient(DAOClientManager.java:563)
	at com.topcoder.clients.manager.dao.TestDAOClientManager.testRetrieveClient_F_4(TestDAOClientManager.java:1855)
	at sun.reflect.NativeMethodAccessorImpl.invoke0(Native Method)
	at sun.reflect.NativeMethodAccessorImpl.invoke(NativeMethodAccessorImpl.java:39)
	at sun.reflect.DelegatingMethodAccessorImpl.invoke(DelegatingMethodAccessorImpl.java:25)
	at java.lang.reflect.Method.invoke(Method.java:585)
	at junit.framework.TestCase.runTest(TestCase.java:154)
	at junit.framework.TestCase.runBare(TestCase.java:127)
	at junit.framework.TestResult$1.protect(TestResult.java:106)
	at junit.framework.TestResult.runProtected(TestResult.java:124)
	at junit.framework.TestResult.run(TestResult.java:109)
	at junit.framework.TestCase.run(TestCase.java:118)
	at junit.framework.TestSuite.runTest(TestSuite.java:208)
	at junit.framework.TestSuite.run(TestSuite.java:203)
	at junit.framework.TestSuite.runTest(TestSuite.java:208)
	at junit.framework.TestSuite.run(TestSuite.java:203)
	at junit.framework.TestSuite.runTest(TestSuite.java:208)
	at junit.framework.TestSuite.run(TestSuite.java:203)
	at org.apache.tools.ant.taskdefs.optional.junit.JUnitTestRunner.run(JUnitTestRunner.java:421)
	at org.apache.tools.ant.taskdefs.optional.junit.JUnitTestRunner.launch(JUnitTestRunner.java:912)
	at org.apache.tools.ant.taskdefs.optional.junit.JUnitTestRunner.main(JUnitTestRunner.java:766)
Caused by: com.topcoder.clients.dao.DAOException: Throw for testing
	at com.topcoder.clients.manager.MockClientDAO.retrieveById(MockClientDAO.java:88)
	at com.topcoder.clients.manager.dao.DAOClientManager.retrieveClient(DAOClientManager.java:554)
	... 20 more
Caused by: java.lang.NullPointerException: NPE Raised 
	... 22 more
[Entering method <com.topcoder.clients.manager.dao.DAOClientManager.retrieveClient(long id)>; Parameters:{ ParamName<id>; ParamValue: <1>  }  at 2008-08-26 09:36:30.390 ]
[Exiting method <com.topcoder.clients.manager.dao.DAOClientManager.retrieveClient(long id)>; Return value:<[ id=1 name=ok codeName=null salesTax=0.0 isDeleted=false company=null clientStatus=null]>]  at 2008-08-26 09:36:30.390
[Entering method <com.topcoder.clients.manager.dao.DAOClientManager.retrieveAllClients>; Parameters:{ }  at 2008-08-26 09:36:30.406 ]
[Error occurred in method <com.topcoder.clients.manager.dao.DAOClientManager.retrieveAllClients>, cause by :
com.topcoder.clients.manager.ClientManagerException: Fail to retrieve all clients, cause by Throw for testing
	at com.topcoder.clients.manager.dao.DAOClientManager.wrapInnerException(DAOClientManager.java:305)
	at com.topcoder.clients.manager.dao.DAOClientManager.retrieveAllClients(DAOClientManager.java:591)
	at com.topcoder.clients.manager.dao.TestDAOClientManager.testRetrieveAllClients_F_1(TestDAOClientManager.java:1896)
	at sun.reflect.NativeMethodAccessorImpl.invoke0(Native Method)
	at sun.reflect.NativeMethodAccessorImpl.invoke(NativeMethodAccessorImpl.java:39)
	at sun.reflect.DelegatingMethodAccessorImpl.invoke(DelegatingMethodAccessorImpl.java:25)
	at java.lang.reflect.Method.invoke(Method.java:585)
	at junit.framework.TestCase.runTest(TestCase.java:154)
	at junit.framework.TestCase.runBare(TestCase.java:127)
	at junit.framework.TestResult$1.protect(TestResult.java:106)
	at junit.framework.TestResult.runProtected(TestResult.java:124)
	at junit.framework.TestResult.run(TestResult.java:109)
	at junit.framework.TestCase.run(TestCase.java:118)
	at junit.framework.TestSuite.runTest(TestSuite.java:208)
	at junit.framework.TestSuite.run(TestSuite.java:203)
	at junit.framework.TestSuite.runTest(TestSuite.java:208)
	at junit.framework.TestSuite.run(TestSuite.java:203)
	at junit.framework.TestSuite.runTest(TestSuite.java:208)
	at junit.framework.TestSuite.run(TestSuite.java:203)
	at org.apache.tools.ant.taskdefs.optional.junit.JUnitTestRunner.run(JUnitTestRunner.java:421)
	at org.apache.tools.ant.taskdefs.optional.junit.JUnitTestRunner.launch(JUnitTestRunner.java:912)
	at org.apache.tools.ant.taskdefs.optional.junit.JUnitTestRunner.main(JUnitTestRunner.java:766)
Caused by: com.topcoder.clients.dao.DAOException: Throw for testing
	at com.topcoder.clients.manager.MockClientDAO.retrieveAll(MockClientDAO.java:104)
	at com.topcoder.clients.manager.dao.DAOClientManager.retrieveAllClients(DAOClientManager.java:586)
	... 20 more
Caused by: java.lang.NullPointerException: NPE Raised 
	... 22 more
[Entering method <com.topcoder.clients.manager.dao.DAOClientManager.retrieveAllClients>; Parameters:{ }  at 2008-08-26 09:36:30.421 ]
[Error occurred in method <com.topcoder.clients.manager.dao.DAOClientManager.retrieveAllClients>, cause by :
com.topcoder.clients.manager.ClientManagerException: Fail to retrieve all clients, cause by Throw for testing
	at com.topcoder.clients.manager.dao.DAOClientManager.wrapInnerException(DAOClientManager.java:305)
	at com.topcoder.clients.manager.dao.DAOClientManager.retrieveAllClients(DAOClientManager.java:593)
	at com.topcoder.clients.manager.dao.TestDAOClientManager.testRetrieveAllClients_F_2(TestDAOClientManager.java:1922)
	at sun.reflect.NativeMethodAccessorImpl.invoke0(Native Method)
	at sun.reflect.NativeMethodAccessorImpl.invoke(NativeMethodAccessorImpl.java:39)
	at sun.reflect.DelegatingMethodAccessorImpl.invoke(DelegatingMethodAccessorImpl.java:25)
	at java.lang.reflect.Method.invoke(Method.java:585)
	at junit.framework.TestCase.runTest(TestCase.java:154)
	at junit.framework.TestCase.runBare(TestCase.java:127)
	at junit.framework.TestResult$1.protect(TestResult.java:106)
	at junit.framework.TestResult.runProtected(TestResult.java:124)
	at junit.framework.TestResult.run(TestResult.java:109)
	at junit.framework.TestCase.run(TestCase.java:118)
	at junit.framework.TestSuite.runTest(TestSuite.java:208)
	at junit.framework.TestSuite.run(TestSuite.java:203)
	at junit.framework.TestSuite.runTest(TestSuite.java:208)
	at junit.framework.TestSuite.run(TestSuite.java:203)
	at junit.framework.TestSuite.runTest(TestSuite.java:208)
	at junit.framework.TestSuite.run(TestSuite.java:203)
	at org.apache.tools.ant.taskdefs.optional.junit.JUnitTestRunner.run(JUnitTestRunner.java:421)
	at org.apache.tools.ant.taskdefs.optional.junit.JUnitTestRunner.launch(JUnitTestRunner.java:912)
	at org.apache.tools.ant.taskdefs.optional.junit.JUnitTestRunner.main(JUnitTestRunner.java:766)
Caused by: com.topcoder.clients.dao.DAOConfigurationException: Throw for testing
	at com.topcoder.clients.manager.MockClientDAO.retrieveAll(MockClientDAO.java:108)
	at com.topcoder.clients.manager.dao.DAOClientManager.retrieveAllClients(DAOClientManager.java:586)
	... 20 more
Caused by: java.lang.NullPointerException: NPE Raised 
	... 22 more
[Entering method <com.topcoder.clients.manager.dao.DAOClientManager.retrieveAllClients>; Parameters:{ }  at 2008-08-26 09:36:30.484 ]
[Exiting method <com.topcoder.clients.manager.dao.DAOClientManager.retrieveAllClients>; Return value:<[]>]  at 2008-08-26 09:36:30.484
[Entering method <com.topcoder.clients.manager.dao.DAOClientManager.searchClientsByName(String name)>; Parameters:{ ParamName<name>; ParamValue: <null>  }  at 2008-08-26 09:36:30.500 ]
[Error occurred in method <com.topcoder.clients.manager.dao.DAOClientManager.searchClientsByName(String name)>, cause by :
java.lang.IllegalArgumentException: The parameter 'name' should not be null.
	at com.topcoder.clients.manager.dao.Helper.checkNull(Helper.java:69)
	at com.topcoder.clients.manager.dao.Helper.checkString(Helper.java:98)
	at com.topcoder.clients.manager.dao.DAOClientManager.searchClientsByName(DAOClientManager.java:615)
	at com.topcoder.clients.manager.dao.TestDAOClientManager.testSearchClientsByName_F_1(TestDAOClientManager.java:1960)
	at sun.reflect.NativeMethodAccessorImpl.invoke0(Native Method)
	at sun.reflect.NativeMethodAccessorImpl.invoke(NativeMethodAccessorImpl.java:39)
	at sun.reflect.DelegatingMethodAccessorImpl.invoke(DelegatingMethodAccessorImpl.java:25)
	at java.lang.reflect.Method.invoke(Method.java:585)
	at junit.framework.TestCase.runTest(TestCase.java:154)
	at junit.framework.TestCase.runBare(TestCase.java:127)
	at junit.framework.TestResult$1.protect(TestResult.java:106)
	at junit.framework.TestResult.runProtected(TestResult.java:124)
	at junit.framework.TestResult.run(TestResult.java:109)
	at junit.framework.TestCase.run(TestCase.java:118)
	at junit.framework.TestSuite.runTest(TestSuite.java:208)
	at junit.framework.TestSuite.run(TestSuite.java:203)
	at junit.framework.TestSuite.runTest(TestSuite.java:208)
	at junit.framework.TestSuite.run(TestSuite.java:203)
	at junit.framework.TestSuite.runTest(TestSuite.java:208)
	at junit.framework.TestSuite.run(TestSuite.java:203)
	at org.apache.tools.ant.taskdefs.optional.junit.JUnitTestRunner.run(JUnitTestRunner.java:421)
	at org.apache.tools.ant.taskdefs.optional.junit.JUnitTestRunner.launch(JUnitTestRunner.java:912)
	at org.apache.tools.ant.taskdefs.optional.junit.JUnitTestRunner.main(JUnitTestRunner.java:766)
[Entering method <com.topcoder.clients.manager.dao.DAOClientManager.searchClientsByName(String name)>; Parameters:{ ParamName<name>; ParamValue: <  >  }  at 2008-08-26 09:36:30.515 ]
[Error occurred in method <com.topcoder.clients.manager.dao.DAOClientManager.searchClientsByName(String name)>, cause by :
java.lang.IllegalArgumentException: The parameter with name should not be empty string.
	at com.topcoder.clients.manager.dao.Helper.checkString(Helper.java:101)
	at com.topcoder.clients.manager.dao.DAOClientManager.searchClientsByName(DAOClientManager.java:615)
	at com.topcoder.clients.manager.dao.TestDAOClientManager.testSearchClientsByName_F_2(TestDAOClientManager.java:1979)
	at sun.reflect.NativeMethodAccessorImpl.invoke0(Native Method)
	at sun.reflect.NativeMethodAccessorImpl.invoke(NativeMethodAccessorImpl.java:39)
	at sun.reflect.DelegatingMethodAccessorImpl.invoke(DelegatingMethodAccessorImpl.java:25)
	at java.lang.reflect.Method.invoke(Method.java:585)
	at junit.framework.TestCase.runTest(TestCase.java:154)
	at junit.framework.TestCase.runBare(TestCase.java:127)
	at junit.framework.TestResult$1.protect(TestResult.java:106)
	at junit.framework.TestResult.runProtected(TestResult.java:124)
	at junit.framework.TestResult.run(TestResult.java:109)
	at junit.framework.TestCase.run(TestCase.java:118)
	at junit.framework.TestSuite.runTest(TestSuite.java:208)
	at junit.framework.TestSuite.run(TestSuite.java:203)
	at junit.framework.TestSuite.runTest(TestSuite.java:208)
	at junit.framework.TestSuite.run(TestSuite.java:203)
	at junit.framework.TestSuite.runTest(TestSuite.java:208)
	at junit.framework.TestSuite.run(TestSuite.java:203)
	at org.apache.tools.ant.taskdefs.optional.junit.JUnitTestRunner.run(JUnitTestRunner.java:421)
	at org.apache.tools.ant.taskdefs.optional.junit.JUnitTestRunner.launch(JUnitTestRunner.java:912)
	at org.apache.tools.ant.taskdefs.optional.junit.JUnitTestRunner.main(JUnitTestRunner.java:766)
[Entering method <com.topcoder.clients.manager.dao.DAOClientManager.searchClientsByName(String name)>; Parameters:{ ParamName<name>; ParamValue: <DAOException>  }  at 2008-08-26 09:36:30.515 ]
[Error occurred in method <com.topcoder.clients.manager.dao.DAOClientManager.searchClientsByName(String name)>, cause by :
com.topcoder.clients.manager.ClientManagerException: Fail to search clients by name=DAOException, cause by Throw for testing
	at com.topcoder.clients.manager.dao.DAOClientManager.wrapInnerException(DAOClientManager.java:305)
	at com.topcoder.clients.manager.dao.DAOClientManager.searchClientsByName(DAOClientManager.java:625)
	at com.topcoder.clients.manager.dao.TestDAOClientManager.testSearchClientsByName_F_3(TestDAOClientManager.java:1998)
	at sun.reflect.NativeMethodAccessorImpl.invoke0(Native Method)
	at sun.reflect.NativeMethodAccessorImpl.invoke(NativeMethodAccessorImpl.java:39)
	at sun.reflect.DelegatingMethodAccessorImpl.invoke(DelegatingMethodAccessorImpl.java:25)
	at java.lang.reflect.Method.invoke(Method.java:585)
	at junit.framework.TestCase.runTest(TestCase.java:154)
	at junit.framework.TestCase.runBare(TestCase.java:127)
	at junit.framework.TestResult$1.protect(TestResult.java:106)
	at junit.framework.TestResult.runProtected(TestResult.java:124)
	at junit.framework.TestResult.run(TestResult.java:109)
	at junit.framework.TestCase.run(TestCase.java:118)
	at junit.framework.TestSuite.runTest(TestSuite.java:208)
	at junit.framework.TestSuite.run(TestSuite.java:203)
	at junit.framework.TestSuite.runTest(TestSuite.java:208)
	at junit.framework.TestSuite.run(TestSuite.java:203)
	at junit.framework.TestSuite.runTest(TestSuite.java:208)
	at junit.framework.TestSuite.run(TestSuite.java:203)
	at org.apache.tools.ant.taskdefs.optional.junit.JUnitTestRunner.run(JUnitTestRunner.java:421)
	at org.apache.tools.ant.taskdefs.optional.junit.JUnitTestRunner.launch(JUnitTestRunner.java:912)
	at org.apache.tools.ant.taskdefs.optional.junit.JUnitTestRunner.main(JUnitTestRunner.java:766)
Caused by: com.topcoder.clients.dao.DAOException: Throw for testing
	at com.topcoder.clients.manager.MockClientDAO.searchByName(MockClientDAO.java:129)
	at com.topcoder.clients.manager.dao.DAOClientManager.searchClientsByName(DAOClientManager.java:617)
	... 20 more
Caused by: java.lang.NullPointerException: NPE Raised 
	... 22 more
[Entering method <com.topcoder.clients.manager.dao.DAOClientManager.searchClientsByName(String name)>; Parameters:{ ParamName<name>; ParamValue: <DAOConfigurationException>  }  at 2008-08-26 09:36:30.531 ]
[Error occurred in method <com.topcoder.clients.manager.dao.DAOClientManager.searchClientsByName(String name)>, cause by :
com.topcoder.clients.manager.ClientManagerException: Fail to search clients by name=DAOConfigurationException, cause by Throw for testing
	at com.topcoder.clients.manager.dao.DAOClientManager.wrapInnerException(DAOClientManager.java:305)
	at com.topcoder.clients.manager.dao.DAOClientManager.searchClientsByName(DAOClientManager.java:628)
	at com.topcoder.clients.manager.dao.TestDAOClientManager.testSearchClientsByName_F_4(TestDAOClientManager.java:2017)
	at sun.reflect.NativeMethodAccessorImpl.invoke0(Native Method)
	at sun.reflect.NativeMethodAccessorImpl.invoke(NativeMethodAccessorImpl.java:39)
	at sun.reflect.DelegatingMethodAccessorImpl.invoke(DelegatingMethodAccessorImpl.java:25)
	at java.lang.reflect.Method.invoke(Method.java:585)
	at junit.framework.TestCase.runTest(TestCase.java:154)
	at junit.framework.TestCase.runBare(TestCase.java:127)
	at junit.framework.TestResult$1.protect(TestResult.java:106)
	at junit.framework.TestResult.runProtected(TestResult.java:124)
	at junit.framework.TestResult.run(TestResult.java:109)
	at junit.framework.TestCase.run(TestCase.java:118)
	at junit.framework.TestSuite.runTest(TestSuite.java:208)
	at junit.framework.TestSuite.run(TestSuite.java:203)
	at junit.framework.TestSuite.runTest(TestSuite.java:208)
	at junit.framework.TestSuite.run(TestSuite.java:203)
	at junit.framework.TestSuite.runTest(TestSuite.java:208)
	at junit.framework.TestSuite.run(TestSuite.java:203)
	at org.apache.tools.ant.taskdefs.optional.junit.JUnitTestRunner.run(JUnitTestRunner.java:421)
	at org.apache.tools.ant.taskdefs.optional.junit.JUnitTestRunner.launch(JUnitTestRunner.java:912)
	at org.apache.tools.ant.taskdefs.optional.junit.JUnitTestRunner.main(JUnitTestRunner.java:766)
Caused by: com.topcoder.clients.dao.DAOConfigurationException: Throw for testing
	at com.topcoder.clients.manager.MockClientDAO.searchByName(MockClientDAO.java:133)
	at com.topcoder.clients.manager.dao.DAOClientManager.searchClientsByName(DAOClientManager.java:617)
	... 20 more
Caused by: java.lang.NullPointerException: NPE Raised 
	... 22 more
[Entering method <com.topcoder.clients.manager.dao.DAOClientManager.searchClientsByName(String name)>; Parameters:{ ParamName<name>; ParamValue: <ok>  }  at 2008-08-26 09:36:30.531 ]
[Exiting method <com.topcoder.clients.manager.dao.DAOClientManager.searchClientsByName(String name)>; Return value:<[]>]  at 2008-08-26 09:36:30.531
[Entering method <com.topcoder.clients.manager.dao.DAOClientManager.searchClients(Filter filter)>; Parameters:{ ParamName<filter>; ParamValue: <null>  }  at 2008-08-26 09:36:30.546 ]
[Error occurred in method <com.topcoder.clients.manager.dao.DAOClientManager.searchClients(Filter filter)>, cause by :
java.lang.IllegalArgumentException: The parameter 'filter' should not be null.
	at com.topcoder.clients.manager.dao.Helper.checkNull(Helper.java:69)
	at com.topcoder.clients.manager.dao.DAOClientManager.searchClients(DAOClientManager.java:652)
	at com.topcoder.clients.manager.dao.TestDAOClientManager.testSearchClients_F_1(TestDAOClientManager.java:2052)
	at sun.reflect.NativeMethodAccessorImpl.invoke0(Native Method)
	at sun.reflect.NativeMethodAccessorImpl.invoke(NativeMethodAccessorImpl.java:39)
	at sun.reflect.DelegatingMethodAccessorImpl.invoke(DelegatingMethodAccessorImpl.java:25)
	at java.lang.reflect.Method.invoke(Method.java:585)
	at junit.framework.TestCase.runTest(TestCase.java:154)
	at junit.framework.TestCase.runBare(TestCase.java:127)
	at junit.framework.TestResult$1.protect(TestResult.java:106)
	at junit.framework.TestResult.runProtected(TestResult.java:124)
	at junit.framework.TestResult.run(TestResult.java:109)
	at junit.framework.TestCase.run(TestCase.java:118)
	at junit.framework.TestSuite.runTest(TestSuite.java:208)
	at junit.framework.TestSuite.run(TestSuite.java:203)
	at junit.framework.TestSuite.runTest(TestSuite.java:208)
	at junit.framework.TestSuite.run(TestSuite.java:203)
	at junit.framework.TestSuite.runTest(TestSuite.java:208)
	at junit.framework.TestSuite.run(TestSuite.java:203)
	at org.apache.tools.ant.taskdefs.optional.junit.JUnitTestRunner.run(JUnitTestRunner.java:421)
	at org.apache.tools.ant.taskdefs.optional.junit.JUnitTestRunner.launch(JUnitTestRunner.java:912)
	at org.apache.tools.ant.taskdefs.optional.junit.JUnitTestRunner.main(JUnitTestRunner.java:766)
[Entering method <com.topcoder.clients.manager.dao.DAOClientManager.searchClients(Filter filter)>; Parameters:{ ParamName<filter>; ParamValue: <com.topcoder.search.builder.filter.EqualToFilter@bfea1d>  }  at 2008-08-26 09:36:30.546 ]
[Error occurred in method <com.topcoder.clients.manager.dao.DAOClientManager.searchClients(Filter filter)>, cause by :
com.topcoder.clients.manager.ClientManagerException: Fail to search clients by filter, cause by Throw for testing
	at com.topcoder.clients.manager.dao.DAOClientManager.wrapInnerException(DAOClientManager.java:305)
	at com.topcoder.clients.manager.dao.DAOClientManager.searchClients(DAOClientManager.java:662)
	at com.topcoder.clients.manager.dao.TestDAOClientManager.testSearchClients_F_2(TestDAOClientManager.java:2072)
	at sun.reflect.NativeMethodAccessorImpl.invoke0(Native Method)
	at sun.reflect.NativeMethodAccessorImpl.invoke(NativeMethodAccessorImpl.java:39)
	at sun.reflect.DelegatingMethodAccessorImpl.invoke(DelegatingMethodAccessorImpl.java:25)
	at java.lang.reflect.Method.invoke(Method.java:585)
	at junit.framework.TestCase.runTest(TestCase.java:154)
	at junit.framework.TestCase.runBare(TestCase.java:127)
	at junit.framework.TestResult$1.protect(TestResult.java:106)
	at junit.framework.TestResult.runProtected(TestResult.java:124)
	at junit.framework.TestResult.run(TestResult.java:109)
	at junit.framework.TestCase.run(TestCase.java:118)
	at junit.framework.TestSuite.runTest(TestSuite.java:208)
	at junit.framework.TestSuite.run(TestSuite.java:203)
	at junit.framework.TestSuite.runTest(TestSuite.java:208)
	at junit.framework.TestSuite.run(TestSuite.java:203)
	at junit.framework.TestSuite.runTest(TestSuite.java:208)
	at junit.framework.TestSuite.run(TestSuite.java:203)
	at org.apache.tools.ant.taskdefs.optional.junit.JUnitTestRunner.run(JUnitTestRunner.java:421)
	at org.apache.tools.ant.taskdefs.optional.junit.JUnitTestRunner.launch(JUnitTestRunner.java:912)
	at org.apache.tools.ant.taskdefs.optional.junit.JUnitTestRunner.main(JUnitTestRunner.java:766)
Caused by: com.topcoder.clients.dao.DAOException: Throw for testing
	at com.topcoder.clients.manager.MockClientDAO.search(MockClientDAO.java:158)
	at com.topcoder.clients.manager.dao.DAOClientManager.searchClients(DAOClientManager.java:654)
	... 20 more
Caused by: java.lang.NullPointerException: NPE Raised 
	... 22 more
[Entering method <com.topcoder.clients.manager.dao.DAOClientManager.searchClients(Filter filter)>; Parameters:{ ParamName<filter>; ParamValue: <com.topcoder.search.builder.filter.EqualToFilter@b2002f>  }  at 2008-08-26 09:36:30.562 ]
[Error occurred in method <com.topcoder.clients.manager.dao.DAOClientManager.searchClients(Filter filter)>, cause by :
com.topcoder.clients.manager.ClientManagerException: Fail to search clients by filter, cause by Throw for testing
	at com.topcoder.clients.manager.dao.DAOClientManager.wrapInnerException(DAOClientManager.java:305)
	at com.topcoder.clients.manager.dao.DAOClientManager.searchClients(DAOClientManager.java:665)
	at com.topcoder.clients.manager.dao.TestDAOClientManager.testSearchClients_F_3(TestDAOClientManager.java:2092)
	at sun.reflect.NativeMethodAccessorImpl.invoke0(Native Method)
	at sun.reflect.NativeMethodAccessorImpl.invoke(NativeMethodAccessorImpl.java:39)
	at sun.reflect.DelegatingMethodAccessorImpl.invoke(DelegatingMethodAccessorImpl.java:25)
	at java.lang.reflect.Method.invoke(Method.java:585)
	at junit.framework.TestCase.runTest(TestCase.java:154)
	at junit.framework.TestCase.runBare(TestCase.java:127)
	at junit.framework.TestResult$1.protect(TestResult.java:106)
	at junit.framework.TestResult.runProtected(TestResult.java:124)
	at junit.framework.TestResult.run(TestResult.java:109)
	at junit.framework.TestCase.run(TestCase.java:118)
	at junit.framework.TestSuite.runTest(TestSuite.java:208)
	at junit.framework.TestSuite.run(TestSuite.java:203)
	at junit.framework.TestSuite.runTest(TestSuite.java:208)
	at junit.framework.TestSuite.run(TestSuite.java:203)
	at junit.framework.TestSuite.runTest(TestSuite.java:208)
	at junit.framework.TestSuite.run(TestSuite.java:203)
	at org.apache.tools.ant.taskdefs.optional.junit.JUnitTestRunner.run(JUnitTestRunner.java:421)
	at org.apache.tools.ant.taskdefs.optional.junit.JUnitTestRunner.launch(JUnitTestRunner.java:912)
	at org.apache.tools.ant.taskdefs.optional.junit.JUnitTestRunner.main(JUnitTestRunner.java:766)
Caused by: com.topcoder.clients.dao.DAOConfigurationException: Throw for testing
	at com.topcoder.clients.manager.MockClientDAO.search(MockClientDAO.java:162)
	at com.topcoder.clients.manager.dao.DAOClientManager.searchClients(DAOClientManager.java:654)
	... 20 more
Caused by: java.lang.NullPointerException: NPE Raised 
	... 22 more
[Entering method <com.topcoder.clients.manager.dao.DAOClientManager.searchClients(Filter filter)>; Parameters:{ ParamName<filter>; ParamValue: <com.topcoder.search.builder.filter.EqualToFilter@c7b00c>  }  at 2008-08-26 09:36:30.578 ]
[Exiting method <com.topcoder.clients.manager.dao.DAOClientManager.searchClients(Filter filter)>; Return value:<[]>]  at 2008-08-26 09:36:30.578
[Entering method <com.topcoder.clients.manager.dao.DAOClientManager.getClientStatus(long id)>; Parameters:{ ParamName<id>; ParamValue: <-1>  }  at 2008-08-26 09:36:30.578 ]
[Error occurred in method <com.topcoder.clients.manager.dao.DAOClientManager.getClientStatus(long id)>, cause by :
java.lang.IllegalArgumentException: The parameter id should not be negative.
	at com.topcoder.clients.manager.dao.Helper.checkId(Helper.java:115)
	at com.topcoder.clients.manager.dao.DAOClientManager.getClientStatus(DAOClientManager.java:687)
	at com.topcoder.clients.manager.dao.TestDAOClientManager.testGetClientStatus_F_1(TestDAOClientManager.java:2128)
	at sun.reflect.NativeMethodAccessorImpl.invoke0(Native Method)
	at sun.reflect.NativeMethodAccessorImpl.invoke(NativeMethodAccessorImpl.java:39)
	at sun.reflect.DelegatingMethodAccessorImpl.invoke(DelegatingMethodAccessorImpl.java:25)
	at java.lang.reflect.Method.invoke(Method.java:585)
	at junit.framework.TestCase.runTest(TestCase.java:154)
	at junit.framework.TestCase.runBare(TestCase.java:127)
	at junit.framework.TestResult$1.protect(TestResult.java:106)
	at junit.framework.TestResult.runProtected(TestResult.java:124)
	at junit.framework.TestResult.run(TestResult.java:109)
	at junit.framework.TestCase.run(TestCase.java:118)
	at junit.framework.TestSuite.runTest(TestSuite.java:208)
	at junit.framework.TestSuite.run(TestSuite.java:203)
	at junit.framework.TestSuite.runTest(TestSuite.java:208)
	at junit.framework.TestSuite.run(TestSuite.java:203)
	at junit.framework.TestSuite.runTest(TestSuite.java:208)
	at junit.framework.TestSuite.run(TestSuite.java:203)
	at org.apache.tools.ant.taskdefs.optional.junit.JUnitTestRunner.run(JUnitTestRunner.java:421)
	at org.apache.tools.ant.taskdefs.optional.junit.JUnitTestRunner.launch(JUnitTestRunner.java:912)
	at org.apache.tools.ant.taskdefs.optional.junit.JUnitTestRunner.main(JUnitTestRunner.java:766)
[Entering method <com.topcoder.clients.manager.dao.DAOClientManager.getClientStatus(long id)>; Parameters:{ ParamName<id>; ParamValue: <10001>  }  at 2008-08-26 09:36:30.593 ]
[Error occurred in method <com.topcoder.clients.manager.dao.DAOClientManager.getClientStatus(long id)>, cause by :
com.topcoder.clients.manager.ClientManagerException: Fail to get the ClientStatus by id =10001 cause by Throw for testing
	at com.topcoder.clients.manager.dao.DAOClientManager.wrapInnerException(DAOClientManager.java:305)
	at com.topcoder.clients.manager.dao.DAOClientManager.getClientStatus(DAOClientManager.java:697)
	at com.topcoder.clients.manager.dao.TestDAOClientManager.testGetClientStatus_F_2(TestDAOClientManager.java:2147)
	at sun.reflect.NativeMethodAccessorImpl.invoke0(Native Method)
	at sun.reflect.NativeMethodAccessorImpl.invoke(NativeMethodAccessorImpl.java:39)
	at sun.reflect.DelegatingMethodAccessorImpl.invoke(DelegatingMethodAccessorImpl.java:25)
	at java.lang.reflect.Method.invoke(Method.java:585)
	at junit.framework.TestCase.runTest(TestCase.java:154)
	at junit.framework.TestCase.runBare(TestCase.java:127)
	at junit.framework.TestResult$1.protect(TestResult.java:106)
	at junit.framework.TestResult.runProtected(TestResult.java:124)
	at junit.framework.TestResult.run(TestResult.java:109)
	at junit.framework.TestCase.run(TestCase.java:118)
	at junit.framework.TestSuite.runTest(TestSuite.java:208)
	at junit.framework.TestSuite.run(TestSuite.java:203)
	at junit.framework.TestSuite.runTest(TestSuite.java:208)
	at junit.framework.TestSuite.run(TestSuite.java:203)
	at junit.framework.TestSuite.runTest(TestSuite.java:208)
	at junit.framework.TestSuite.run(TestSuite.java:203)
	at org.apache.tools.ant.taskdefs.optional.junit.JUnitTestRunner.run(JUnitTestRunner.java:421)
	at org.apache.tools.ant.taskdefs.optional.junit.JUnitTestRunner.launch(JUnitTestRunner.java:912)
	at org.apache.tools.ant.taskdefs.optional.junit.JUnitTestRunner.main(JUnitTestRunner.java:766)
Caused by: com.topcoder.clients.dao.DAOException: Throw for testing
	at com.topcoder.clients.manager.MockClientStatusDAO.retrieveById(MockClientStatusDAO.java:102)
	at com.topcoder.clients.manager.dao.DAOClientManager.getClientStatus(DAOClientManager.java:689)
	... 20 more
Caused by: java.lang.NullPointerException: NPE Raised 
	... 22 more
[Entering method <com.topcoder.clients.manager.dao.DAOClientManager.getClientStatus(long id)>; Parameters:{ ParamName<id>; ParamValue: <10002>  }  at 2008-08-26 09:36:30.593 ]
[Error occurred in method <com.topcoder.clients.manager.dao.DAOClientManager.getClientStatus(long id)>, cause by :
com.topcoder.clients.manager.ClientManagerException: Fail to get the ClientStatus by id =10002 cause by Throw for testing
	at com.topcoder.clients.manager.dao.DAOClientManager.wrapInnerException(DAOClientManager.java:305)
	at com.topcoder.clients.manager.dao.DAOClientManager.getClientStatus(DAOClientManager.java:700)
	at com.topcoder.clients.manager.dao.TestDAOClientManager.testGetClientStatus_F_3(TestDAOClientManager.java:2166)
	at sun.reflect.NativeMethodAccessorImpl.invoke0(Native Method)
	at sun.reflect.NativeMethodAccessorImpl.invoke(NativeMethodAccessorImpl.java:39)
	at sun.reflect.DelegatingMethodAccessorImpl.invoke(DelegatingMethodAccessorImpl.java:25)
	at java.lang.reflect.Method.invoke(Method.java:585)
	at junit.framework.TestCase.runTest(TestCase.java:154)
	at junit.framework.TestCase.runBare(TestCase.java:127)
	at junit.framework.TestResult$1.protect(TestResult.java:106)
	at junit.framework.TestResult.runProtected(TestResult.java:124)
	at junit.framework.TestResult.run(TestResult.java:109)
	at junit.framework.TestCase.run(TestCase.java:118)
	at junit.framework.TestSuite.runTest(TestSuite.java:208)
	at junit.framework.TestSuite.run(TestSuite.java:203)
	at junit.framework.TestSuite.runTest(TestSuite.java:208)
	at junit.framework.TestSuite.run(TestSuite.java:203)
	at junit.framework.TestSuite.runTest(TestSuite.java:208)
	at junit.framework.TestSuite.run(TestSuite.java:203)
	at org.apache.tools.ant.taskdefs.optional.junit.JUnitTestRunner.run(JUnitTestRunner.java:421)
	at org.apache.tools.ant.taskdefs.optional.junit.JUnitTestRunner.launch(JUnitTestRunner.java:912)
	at org.apache.tools.ant.taskdefs.optional.junit.JUnitTestRunner.main(JUnitTestRunner.java:766)
Caused by: com.topcoder.clients.dao.DAOConfigurationException: Throw for testing
	at com.topcoder.clients.manager.MockClientStatusDAO.retrieveById(MockClientStatusDAO.java:105)
	at com.topcoder.clients.manager.dao.DAOClientManager.getClientStatus(DAOClientManager.java:689)
	... 20 more
Caused by: java.lang.NullPointerException: NPE Raised 
	... 22 more
[Entering method <com.topcoder.clients.manager.dao.DAOClientManager.getClientStatus(long id)>; Parameters:{ ParamName<id>; ParamValue: <101>  }  at 2008-08-26 09:36:30.609 ]
[Error occurred in method <com.topcoder.clients.manager.dao.DAOClientManager.getClientStatus(long id)>, cause by :
com.topcoder.clients.manager.ClientManagerException: Fail to get the ClientStatus by id =101 cause by com.topcoder.clients.model.Client
	at com.topcoder.clients.manager.dao.DAOClientManager.wrapInnerException(DAOClientManager.java:305)
	at com.topcoder.clients.manager.dao.DAOClientManager.getClientStatus(DAOClientManager.java:703)
	at com.topcoder.clients.manager.dao.TestDAOClientManager.testGetClientStatus_F_4(TestDAOClientManager.java:2185)
	at sun.reflect.NativeMethodAccessorImpl.invoke0(Native Method)
	at sun.reflect.NativeMethodAccessorImpl.invoke(NativeMethodAccessorImpl.java:39)
	at sun.reflect.DelegatingMethodAccessorImpl.invoke(DelegatingMethodAccessorImpl.java:25)
	at java.lang.reflect.Method.invoke(Method.java:585)
	at junit.framework.TestCase.runTest(TestCase.java:154)
	at junit.framework.TestCase.runBare(TestCase.java:127)
	at junit.framework.TestResult$1.protect(TestResult.java:106)
	at junit.framework.TestResult.runProtected(TestResult.java:124)
	at junit.framework.TestResult.run(TestResult.java:109)
	at junit.framework.TestCase.run(TestCase.java:118)
	at junit.framework.TestSuite.runTest(TestSuite.java:208)
	at junit.framework.TestSuite.run(TestSuite.java:203)
	at junit.framework.TestSuite.runTest(TestSuite.java:208)
	at junit.framework.TestSuite.run(TestSuite.java:203)
	at junit.framework.TestSuite.runTest(TestSuite.java:208)
	at junit.framework.TestSuite.run(TestSuite.java:203)
	at org.apache.tools.ant.taskdefs.optional.junit.JUnitTestRunner.run(JUnitTestRunner.java:421)
	at org.apache.tools.ant.taskdefs.optional.junit.JUnitTestRunner.launch(JUnitTestRunner.java:912)
	at org.apache.tools.ant.taskdefs.optional.junit.JUnitTestRunner.main(JUnitTestRunner.java:766)
Caused by: java.lang.ClassCastException: com.topcoder.clients.model.Client
	at com.topcoder.clients.manager.dao.DAOClientManager.getClientStatus(DAOClientManager.java:689)
	... 20 more
[Entering method <com.topcoder.clients.manager.dao.DAOClientManager.getClientStatus(long id)>; Parameters:{ ParamName<id>; ParamValue: <999>  }  at 2008-08-26 09:36:30.625 ]
[Exiting method <com.topcoder.clients.manager.dao.DAOClientManager.getClientStatus(long id)>; Return value:<[ id=0 name=null description=e isDeleted=false]>]  at 2008-08-26 09:36:30.625
[Entering method <com.topcoder.clients.manager.dao.DAOClientManager.getAllClientStatuses>; Parameters:{ }  at 2008-08-26 09:36:30.625 ]
[Exiting method <com.topcoder.clients.manager.dao.DAOClientManager.getAllClientStatuses>; Return value:<[]>]  at 2008-08-26 09:36:30.625
[Entering method <com.topcoder.clients.manager.dao.DAOClientManager.getAllClientStatuses>; Parameters:{ }  at 2008-08-26 09:36:30.640 ]
[Error occurred in method <com.topcoder.clients.manager.dao.DAOClientManager.getAllClientStatuses>, cause by :
com.topcoder.clients.manager.ClientManagerException: Fail to get all ClientStatus, cause by Throw for testing
	at com.topcoder.clients.manager.dao.DAOClientManager.wrapInnerException(DAOClientManager.java:305)
	at com.topcoder.clients.manager.dao.DAOClientManager.getAllClientStatuses(DAOClientManager.java:725)
	at com.topcoder.clients.manager.dao.TestDAOClientManager.testGetAllClientStatuses_F_1(TestDAOClientManager.java:2239)
	at sun.reflect.NativeMethodAccessorImpl.invoke0(Native Method)
	at sun.reflect.NativeMethodAccessorImpl.invoke(NativeMethodAccessorImpl.java:39)
	at sun.reflect.DelegatingMethodAccessorImpl.invoke(DelegatingMethodAccessorImpl.java:25)
	at java.lang.reflect.Method.invoke(Method.java:585)
	at junit.framework.TestCase.runTest(TestCase.java:154)
	at junit.framework.TestCase.runBare(TestCase.java:127)
	at junit.framework.TestResult$1.protect(TestResult.java:106)
	at junit.framework.TestResult.runProtected(TestResult.java:124)
	at junit.framework.TestResult.run(TestResult.java:109)
	at junit.framework.TestCase.run(TestCase.java:118)
	at junit.framework.TestSuite.runTest(TestSuite.java:208)
	at junit.framework.TestSuite.run(TestSuite.java:203)
	at junit.framework.TestSuite.runTest(TestSuite.java:208)
	at junit.framework.TestSuite.run(TestSuite.java:203)
	at junit.framework.TestSuite.runTest(TestSuite.java:208)
	at junit.framework.TestSuite.run(TestSuite.java:203)
	at org.apache.tools.ant.taskdefs.optional.junit.JUnitTestRunner.run(JUnitTestRunner.java:421)
	at org.apache.tools.ant.taskdefs.optional.junit.JUnitTestRunner.launch(JUnitTestRunner.java:912)
	at org.apache.tools.ant.taskdefs.optional.junit.JUnitTestRunner.main(JUnitTestRunner.java:766)
Caused by: com.topcoder.clients.dao.DAOException: Throw for testing
	at com.topcoder.clients.manager.MockClientStatusDAO.retrieveAll(MockClientStatusDAO.java:123)
	at com.topcoder.clients.manager.dao.DAOClientManager.getAllClientStatuses(DAOClientManager.java:720)
	... 20 more
Caused by: java.lang.NullPointerException: NPE Raised 
	... 22 more
[Entering method <com.topcoder.clients.manager.dao.DAOClientManager.getAllClientStatuses>; Parameters:{ }  at 2008-08-26 09:36:30.640 ]
[Error occurred in method <com.topcoder.clients.manager.dao.DAOClientManager.getAllClientStatuses>, cause by :
com.topcoder.clients.manager.ClientManagerException: Fail to get all ClientStatus, cause by Throw for testing
	at com.topcoder.clients.manager.dao.DAOClientManager.wrapInnerException(DAOClientManager.java:305)
	at com.topcoder.clients.manager.dao.DAOClientManager.getAllClientStatuses(DAOClientManager.java:728)
	at com.topcoder.clients.manager.dao.TestDAOClientManager.testGetAllClientStatuses_F_2(TestDAOClientManager.java:2261)
	at sun.reflect.NativeMethodAccessorImpl.invoke0(Native Method)
	at sun.reflect.NativeMethodAccessorImpl.invoke(NativeMethodAccessorImpl.java:39)
	at sun.reflect.DelegatingMethodAccessorImpl.invoke(DelegatingMethodAccessorImpl.java:25)
	at java.lang.reflect.Method.invoke(Method.java:585)
	at junit.framework.TestCase.runTest(TestCase.java:154)
	at junit.framework.TestCase.runBare(TestCase.java:127)
	at junit.framework.TestResult$1.protect(TestResult.java:106)
	at junit.framework.TestResult.runProtected(TestResult.java:124)
	at junit.framework.TestResult.run(TestResult.java:109)
	at junit.framework.TestCase.run(TestCase.java:118)
	at junit.framework.TestSuite.runTest(TestSuite.java:208)
	at junit.framework.TestSuite.run(TestSuite.java:203)
	at junit.framework.TestSuite.runTest(TestSuite.java:208)
	at junit.framework.TestSuite.run(TestSuite.java:203)
	at junit.framework.TestSuite.runTest(TestSuite.java:208)
	at junit.framework.TestSuite.run(TestSuite.java:203)
	at org.apache.tools.ant.taskdefs.optional.junit.JUnitTestRunner.run(JUnitTestRunner.java:421)
	at org.apache.tools.ant.taskdefs.optional.junit.JUnitTestRunner.launch(JUnitTestRunner.java:912)
	at org.apache.tools.ant.taskdefs.optional.junit.JUnitTestRunner.main(JUnitTestRunner.java:766)
Caused by: com.topcoder.clients.dao.DAOConfigurationException: Throw for testing
	at com.topcoder.clients.manager.MockClientStatusDAO.retrieveAll(MockClientStatusDAO.java:128)
	at com.topcoder.clients.manager.dao.DAOClientManager.getAllClientStatuses(DAOClientManager.java:720)
	... 20 more
Caused by: java.lang.NullPointerException: NPE Raised 
	... 22 more
[Entering method <com.topcoder.clients.manager.dao.DAOClientManager.getClientsForStatus(ClientStatus status)>; Parameters:{ ParamName<clientStatus>; ParamValue: <null>  }  at 2008-08-26 09:36:30.656 ]
[Error occurred in method <com.topcoder.clients.manager.dao.DAOClientManager.getClientsForStatus(ClientStatus status)>, cause by :
java.lang.IllegalArgumentException: The parameter 'status' should not be null.
	at com.topcoder.clients.manager.dao.Helper.checkNull(Helper.java:69)
	at com.topcoder.clients.manager.dao.Helper.validateClientStatus(Helper.java:170)
	at com.topcoder.clients.manager.dao.DAOClientManager.getClientsForStatus(DAOClientManager.java:751)
	at com.topcoder.clients.manager.dao.TestDAOClientManager.testGetClientsForStatus_F_1(TestDAOClientManager.java:2281)
	at sun.reflect.NativeMethodAccessorImpl.invoke0(Native Method)
	at sun.reflect.NativeMethodAccessorImpl.invoke(NativeMethodAccessorImpl.java:39)
	at sun.reflect.DelegatingMethodAccessorImpl.invoke(DelegatingMethodAccessorImpl.java:25)
	at java.lang.reflect.Method.invoke(Method.java:585)
	at junit.framework.TestCase.runTest(TestCase.java:154)
	at junit.framework.TestCase.runBare(TestCase.java:127)
	at junit.framework.TestResult$1.protect(TestResult.java:106)
	at junit.framework.TestResult.runProtected(TestResult.java:124)
	at junit.framework.TestResult.run(TestResult.java:109)
	at junit.framework.TestCase.run(TestCase.java:118)
	at junit.framework.TestSuite.runTest(TestSuite.java:208)
	at junit.framework.TestSuite.run(TestSuite.java:203)
	at junit.framework.TestSuite.runTest(TestSuite.java:208)
	at junit.framework.TestSuite.run(TestSuite.java:203)
	at junit.framework.TestSuite.runTest(TestSuite.java:208)
	at junit.framework.TestSuite.run(TestSuite.java:203)
	at org.apache.tools.ant.taskdefs.optional.junit.JUnitTestRunner.run(JUnitTestRunner.java:421)
	at org.apache.tools.ant.taskdefs.optional.junit.JUnitTestRunner.launch(JUnitTestRunner.java:912)
	at org.apache.tools.ant.taskdefs.optional.junit.JUnitTestRunner.main(JUnitTestRunner.java:766)
[Entering method <com.topcoder.clients.manager.dao.DAOClientManager.getClientsForStatus(ClientStatus status)>; Parameters:{ ParamName<clientStatus>; ParamValue: <[ id=0 name=null description=des isDeleted=false]>  }  at 2008-08-26 09:36:30.671 ]
[Error occurred in method <com.topcoder.clients.manager.dao.DAOClientManager.getClientsForStatus(ClientStatus status)>, cause by :
java.lang.IllegalArgumentException: The ClientStatus should have a non-null and non-empty name.
	at com.topcoder.clients.manager.dao.Helper.validateClientStatus(Helper.java:173)
	at com.topcoder.clients.manager.dao.DAOClientManager.getClientsForStatus(DAOClientManager.java:751)
	at com.topcoder.clients.manager.dao.TestDAOClientManager.testGetClientsForStatus_F_2(TestDAOClientManager.java:2304)
	at sun.reflect.NativeMethodAccessorImpl.invoke0(Native Method)
	at sun.reflect.NativeMethodAccessorImpl.invoke(NativeMethodAccessorImpl.java:39)
	at sun.reflect.DelegatingMethodAccessorImpl.invoke(DelegatingMethodAccessorImpl.java:25)
	at java.lang.reflect.Method.invoke(Method.java:585)
	at junit.framework.TestCase.runTest(TestCase.java:154)
	at junit.framework.TestCase.runBare(TestCase.java:127)
	at junit.framework.TestResult$1.protect(TestResult.java:106)
	at junit.framework.TestResult.runProtected(TestResult.java:124)
	at junit.framework.TestResult.run(TestResult.java:109)
	at junit.framework.TestCase.run(TestCase.java:118)
	at junit.framework.TestSuite.runTest(TestSuite.java:208)
	at junit.framework.TestSuite.run(TestSuite.java:203)
	at junit.framework.TestSuite.runTest(TestSuite.java:208)
	at junit.framework.TestSuite.run(TestSuite.java:203)
	at junit.framework.TestSuite.runTest(TestSuite.java:208)
	at junit.framework.TestSuite.run(TestSuite.java:203)
	at org.apache.tools.ant.taskdefs.optional.junit.JUnitTestRunner.run(JUnitTestRunner.java:421)
	at org.apache.tools.ant.taskdefs.optional.junit.JUnitTestRunner.launch(JUnitTestRunner.java:912)
	at org.apache.tools.ant.taskdefs.optional.junit.JUnitTestRunner.main(JUnitTestRunner.java:766)
[Entering method <com.topcoder.clients.manager.dao.DAOClientManager.getClientsForStatus(ClientStatus status)>; Parameters:{ ParamName<clientStatus>; ParamValue: <[ id=0 name=  description=des isDeleted=false]>  }  at 2008-08-26 09:36:30.671 ]
[Error occurred in method <com.topcoder.clients.manager.dao.DAOClientManager.getClientsForStatus(ClientStatus status)>, cause by :
java.lang.IllegalArgumentException: The ClientStatus should have a non-null and non-empty name.
	at com.topcoder.clients.manager.dao.Helper.validateClientStatus(Helper.java:173)
	at com.topcoder.clients.manager.dao.DAOClientManager.getClientsForStatus(DAOClientManager.java:751)
	at com.topcoder.clients.manager.dao.TestDAOClientManager.testGetClientsForStatus_F_3(TestDAOClientManager.java:2327)
	at sun.reflect.NativeMethodAccessorImpl.invoke0(Native Method)
	at sun.reflect.NativeMethodAccessorImpl.invoke(NativeMethodAccessorImpl.java:39)
	at sun.reflect.DelegatingMethodAccessorImpl.invoke(DelegatingMethodAccessorImpl.java:25)
	at java.lang.reflect.Method.invoke(Method.java:585)
	at junit.framework.TestCase.runTest(TestCase.java:154)
	at junit.framework.TestCase.runBare(TestCase.java:127)
	at junit.framework.TestResult$1.protect(TestResult.java:106)
	at junit.framework.TestResult.runProtected(TestResult.java:124)
	at junit.framework.TestResult.run(TestResult.java:109)
	at junit.framework.TestCase.run(TestCase.java:118)
	at junit.framework.TestSuite.runTest(TestSuite.java:208)
	at junit.framework.TestSuite.run(TestSuite.java:203)
	at junit.framework.TestSuite.runTest(TestSuite.java:208)
	at junit.framework.TestSuite.run(TestSuite.java:203)
	at junit.framework.TestSuite.runTest(TestSuite.java:208)
	at junit.framework.TestSuite.run(TestSuite.java:203)
	at org.apache.tools.ant.taskdefs.optional.junit.JUnitTestRunner.run(JUnitTestRunner.java:421)
	at org.apache.tools.ant.taskdefs.optional.junit.JUnitTestRunner.launch(JUnitTestRunner.java:912)
	at org.apache.tools.ant.taskdefs.optional.junit.JUnitTestRunner.main(JUnitTestRunner.java:766)
[Entering method <com.topcoder.clients.manager.dao.DAOClientManager.getClientsForStatus(ClientStatus status)>; Parameters:{ ParamName<clientStatus>; ParamValue: <[ id=0 name=name description=    isDeleted=false]>  }  at 2008-08-26 09:36:30.687 ]
[Error occurred in method <com.topcoder.clients.manager.dao.DAOClientManager.getClientsForStatus(ClientStatus status)>, cause by :
java.lang.IllegalArgumentException: The ClientStatus should have a non-null and non-empty description.
	at com.topcoder.clients.manager.dao.Helper.validateClientStatus(Helper.java:177)
	at com.topcoder.clients.manager.dao.DAOClientManager.getClientsForStatus(DAOClientManager.java:751)
	at com.topcoder.clients.manager.dao.TestDAOClientManager.testGetClientsForStatus_F_4(TestDAOClientManager.java:2349)
	at sun.reflect.NativeMethodAccessorImpl.invoke0(Native Method)
	at sun.reflect.NativeMethodAccessorImpl.invoke(NativeMethodAccessorImpl.java:39)
	at sun.reflect.DelegatingMethodAccessorImpl.invoke(DelegatingMethodAccessorImpl.java:25)
	at java.lang.reflect.Method.invoke(Method.java:585)
	at junit.framework.TestCase.runTest(TestCase.java:154)
	at junit.framework.TestCase.runBare(TestCase.java:127)
	at junit.framework.TestResult$1.protect(TestResult.java:106)
	at junit.framework.TestResult.runProtected(TestResult.java:124)
	at junit.framework.TestResult.run(TestResult.java:109)
	at junit.framework.TestCase.run(TestCase.java:118)
	at junit.framework.TestSuite.runTest(TestSuite.java:208)
	at junit.framework.TestSuite.run(TestSuite.java:203)
	at junit.framework.TestSuite.runTest(TestSuite.java:208)
	at junit.framework.TestSuite.run(TestSuite.java:203)
	at junit.framework.TestSuite.runTest(TestSuite.java:208)
	at junit.framework.TestSuite.run(TestSuite.java:203)
	at org.apache.tools.ant.taskdefs.optional.junit.JUnitTestRunner.run(JUnitTestRunner.java:421)
	at org.apache.tools.ant.taskdefs.optional.junit.JUnitTestRunner.launch(JUnitTestRunner.java:912)
	at org.apache.tools.ant.taskdefs.optional.junit.JUnitTestRunner.main(JUnitTestRunner.java:766)
[Entering method <com.topcoder.clients.manager.dao.DAOClientManager.getClientsForStatus(ClientStatus status)>; Parameters:{ ParamName<clientStatus>; ParamValue: <[ id=0 name=name description=des isDeleted=true]>  }  at 2008-08-26 09:36:30.687 ]
[Error occurred in method <com.topcoder.clients.manager.dao.DAOClientManager.getClientsForStatus(ClientStatus status)>, cause by :
java.lang.IllegalArgumentException: The ClientStatus should not be deleted.
	at com.topcoder.clients.manager.dao.Helper.validateClientStatus(Helper.java:181)
	at com.topcoder.clients.manager.dao.DAOClientManager.getClientsForStatus(DAOClientManager.java:751)
	at com.topcoder.clients.manager.dao.TestDAOClientManager.testGetClientsForStatus_F_5(TestDAOClientManager.java:2371)
	at sun.reflect.NativeMethodAccessorImpl.invoke0(Native Method)
	at sun.reflect.NativeMethodAccessorImpl.invoke(NativeMethodAccessorImpl.java:39)
	at sun.reflect.DelegatingMethodAccessorImpl.invoke(DelegatingMethodAccessorImpl.java:25)
	at java.lang.reflect.Method.invoke(Method.java:585)
	at junit.framework.TestCase.runTest(TestCase.java:154)
	at junit.framework.TestCase.runBare(TestCase.java:127)
	at junit.framework.TestResult$1.protect(TestResult.java:106)
	at junit.framework.TestResult.runProtected(TestResult.java:124)
	at junit.framework.TestResult.run(TestResult.java:109)
	at junit.framework.TestCase.run(TestCase.java:118)
	at junit.framework.TestSuite.runTest(TestSuite.java:208)
	at junit.framework.TestSuite.run(TestSuite.java:203)
	at junit.framework.TestSuite.runTest(TestSuite.java:208)
	at junit.framework.TestSuite.run(TestSuite.java:203)
	at junit.framework.TestSuite.runTest(TestSuite.java:208)
	at junit.framework.TestSuite.run(TestSuite.java:203)
	at org.apache.tools.ant.taskdefs.optional.junit.JUnitTestRunner.run(JUnitTestRunner.java:421)
	at org.apache.tools.ant.taskdefs.optional.junit.JUnitTestRunner.launch(JUnitTestRunner.java:912)
	at org.apache.tools.ant.taskdefs.optional.junit.JUnitTestRunner.main(JUnitTestRunner.java:766)
[Entering method <com.topcoder.clients.manager.dao.DAOClientManager.getClientsForStatus(ClientStatus status)>; Parameters:{ ParamName<clientStatus>; ParamValue: <[ id=0 name=name description=des isDeleted=true]>  }  at 2008-08-26 09:36:30.703 ]
[Error occurred in method <com.topcoder.clients.manager.dao.DAOClientManager.getClientsForStatus(ClientStatus status)>, cause by :
java.lang.IllegalArgumentException: The ClientStatus should not be deleted.
	at com.topcoder.clients.manager.dao.Helper.validateClientStatus(Helper.java:181)
	at com.topcoder.clients.manager.dao.DAOClientManager.getClientsForStatus(DAOClientManager.java:751)
	at com.topcoder.clients.manager.dao.TestDAOClientManager.testGetClientsForStatus_F_6(TestDAOClientManager.java:2393)
	at sun.reflect.NativeMethodAccessorImpl.invoke0(Native Method)
	at sun.reflect.NativeMethodAccessorImpl.invoke(NativeMethodAccessorImpl.java:39)
	at sun.reflect.DelegatingMethodAccessorImpl.invoke(DelegatingMethodAccessorImpl.java:25)
	at java.lang.reflect.Method.invoke(Method.java:585)
	at junit.framework.TestCase.runTest(TestCase.java:154)
	at junit.framework.TestCase.runBare(TestCase.java:127)
	at junit.framework.TestResult$1.protect(TestResult.java:106)
	at junit.framework.TestResult.runProtected(TestResult.java:124)
	at junit.framework.TestResult.run(TestResult.java:109)
	at junit.framework.TestCase.run(TestCase.java:118)
	at junit.framework.TestSuite.runTest(TestSuite.java:208)
	at junit.framework.TestSuite.run(TestSuite.java:203)
	at junit.framework.TestSuite.runTest(TestSuite.java:208)
	at junit.framework.TestSuite.run(TestSuite.java:203)
	at junit.framework.TestSuite.runTest(TestSuite.java:208)
	at junit.framework.TestSuite.run(TestSuite.java:203)
	at org.apache.tools.ant.taskdefs.optional.junit.JUnitTestRunner.run(JUnitTestRunner.java:421)
	at org.apache.tools.ant.taskdefs.optional.junit.JUnitTestRunner.launch(JUnitTestRunner.java:912)
	at org.apache.tools.ant.taskdefs.optional.junit.JUnitTestRunner.main(JUnitTestRunner.java:766)
[Entering method <com.topcoder.clients.manager.dao.DAOClientManager.getClientsForStatus(ClientStatus status)>; Parameters:{ ParamName<clientStatus>; ParamValue: <[ id=0 name=entity description=des isDeleted=false]>  }  at 2008-08-26 09:36:30.703 ]
[Error occurred in method <com.topcoder.clients.manager.dao.DAOClientManager.getClientsForStatus(ClientStatus status)>, cause by :
com.topcoder.clients.manager.ClientManagerException: Fail to get clients by ClientStatus, cause by The entity is not found.
	at com.topcoder.clients.manager.dao.DAOClientManager.wrapInnerException(DAOClientManager.java:305)
	at com.topcoder.clients.manager.dao.DAOClientManager.getClientsForStatus(DAOClientManager.java:761)
	at com.topcoder.clients.manager.dao.TestDAOClientManager.testGetClientsForStatus_F_7(TestDAOClientManager.java:2415)
	at sun.reflect.NativeMethodAccessorImpl.invoke0(Native Method)
	at sun.reflect.NativeMethodAccessorImpl.invoke(NativeMethodAccessorImpl.java:39)
	at sun.reflect.DelegatingMethodAccessorImpl.invoke(DelegatingMethodAccessorImpl.java:25)
	at java.lang.reflect.Method.invoke(Method.java:585)
	at junit.framework.TestCase.runTest(TestCase.java:154)
	at junit.framework.TestCase.runBare(TestCase.java:127)
	at junit.framework.TestResult$1.protect(TestResult.java:106)
	at junit.framework.TestResult.runProtected(TestResult.java:124)
	at junit.framework.TestResult.run(TestResult.java:109)
	at junit.framework.TestCase.run(TestCase.java:118)
	at junit.framework.TestSuite.runTest(TestSuite.java:208)
	at junit.framework.TestSuite.run(TestSuite.java:203)
	at junit.framework.TestSuite.runTest(TestSuite.java:208)
	at junit.framework.TestSuite.run(TestSuite.java:203)
	at junit.framework.TestSuite.runTest(TestSuite.java:208)
	at junit.framework.TestSuite.run(TestSuite.java:203)
	at org.apache.tools.ant.taskdefs.optional.junit.JUnitTestRunner.run(JUnitTestRunner.java:421)
	at org.apache.tools.ant.taskdefs.optional.junit.JUnitTestRunner.launch(JUnitTestRunner.java:912)
	at org.apache.tools.ant.taskdefs.optional.junit.JUnitTestRunner.main(JUnitTestRunner.java:766)
Caused by: com.topcoder.clients.dao.EntityNotFoundException: The entity is not found.
	at com.topcoder.clients.manager.MockClientStatusDAO.getClientsWithStatus(MockClientStatusDAO.java:229)
	at com.topcoder.clients.manager.MockClientStatusDAO.getClientsWithStatus(MockClientStatusDAO.java:27)
	at com.topcoder.clients.manager.dao.DAOClientManager.getClientsForStatus(DAOClientManager.java:753)
	... 20 more
Caused by: java.lang.IllegalArgumentException: IAE
	... 23 more
[Entering method <com.topcoder.clients.manager.dao.DAOClientManager.getClientsForStatus(ClientStatus status)>; Parameters:{ ParamName<clientStatus>; ParamValue: <[ id=0 name=DAOException description=des isDeleted=false]>  }  at 2008-08-26 09:36:30.718 ]
[Error occurred in method <com.topcoder.clients.manager.dao.DAOClientManager.getClientsForStatus(ClientStatus status)>, cause by :
com.topcoder.clients.manager.ClientManagerException: Fail to get clients by ClientStatus, cause by Throw for testing
	at com.topcoder.clients.manager.dao.DAOClientManager.wrapInnerException(DAOClientManager.java:305)
	at com.topcoder.clients.manager.dao.DAOClientManager.getClientsForStatus(DAOClientManager.java:761)
	at com.topcoder.clients.manager.dao.TestDAOClientManager.testGetClientsForStatus_F_8(TestDAOClientManager.java:2438)
	at sun.reflect.NativeMethodAccessorImpl.invoke0(Native Method)
	at sun.reflect.NativeMethodAccessorImpl.invoke(NativeMethodAccessorImpl.java:39)
	at sun.reflect.DelegatingMethodAccessorImpl.invoke(DelegatingMethodAccessorImpl.java:25)
	at java.lang.reflect.Method.invoke(Method.java:585)
	at junit.framework.TestCase.runTest(TestCase.java:154)
	at junit.framework.TestCase.runBare(TestCase.java:127)
	at junit.framework.TestResult$1.protect(TestResult.java:106)
	at junit.framework.TestResult.runProtected(TestResult.java:124)
	at junit.framework.TestResult.run(TestResult.java:109)
	at junit.framework.TestCase.run(TestCase.java:118)
	at junit.framework.TestSuite.runTest(TestSuite.java:208)
	at junit.framework.TestSuite.run(TestSuite.java:203)
	at junit.framework.TestSuite.runTest(TestSuite.java:208)
	at junit.framework.TestSuite.run(TestSuite.java:203)
	at junit.framework.TestSuite.runTest(TestSuite.java:208)
	at junit.framework.TestSuite.run(TestSuite.java:203)
	at org.apache.tools.ant.taskdefs.optional.junit.JUnitTestRunner.run(JUnitTestRunner.java:421)
	at org.apache.tools.ant.taskdefs.optional.junit.JUnitTestRunner.launch(JUnitTestRunner.java:912)
	at org.apache.tools.ant.taskdefs.optional.junit.JUnitTestRunner.main(JUnitTestRunner.java:766)
Caused by: com.topcoder.clients.dao.DAOException: Throw for testing
	at com.topcoder.clients.manager.MockClientStatusDAO.getClientsWithStatus(MockClientStatusDAO.java:233)
	at com.topcoder.clients.manager.MockClientStatusDAO.getClientsWithStatus(MockClientStatusDAO.java:27)
	at com.topcoder.clients.manager.dao.DAOClientManager.getClientsForStatus(DAOClientManager.java:753)
	... 20 more
Caused by: java.lang.NullPointerException: NPE Raised 
	... 23 more
[Entering method <com.topcoder.clients.manager.dao.DAOClientManager.getClientsForStatus(ClientStatus status)>; Parameters:{ ParamName<clientStatus>; ParamValue: <[ id=0 name=DAOConfigurationException description=des isDeleted=false]>  }  at 2008-08-26 09:36:30.718 ]
[Error occurred in method <com.topcoder.clients.manager.dao.DAOClientManager.getClientsForStatus(ClientStatus status)>, cause by :
com.topcoder.clients.manager.ClientManagerException: Fail to get clients by ClientStatus, cause by Throw for testing
	at com.topcoder.clients.manager.dao.DAOClientManager.wrapInnerException(DAOClientManager.java:305)
	at com.topcoder.clients.manager.dao.DAOClientManager.getClientsForStatus(DAOClientManager.java:764)
	at com.topcoder.clients.manager.dao.TestDAOClientManager.testGetClientsForStatus_F_9(TestDAOClientManager.java:2461)
	at sun.reflect.NativeMethodAccessorImpl.invoke0(Native Method)
	at sun.reflect.NativeMethodAccessorImpl.invoke(NativeMethodAccessorImpl.java:39)
	at sun.reflect.DelegatingMethodAccessorImpl.invoke(DelegatingMethodAccessorImpl.java:25)
	at java.lang.reflect.Method.invoke(Method.java:585)
	at junit.framework.TestCase.runTest(TestCase.java:154)
	at junit.framework.TestCase.runBare(TestCase.java:127)
	at junit.framework.TestResult$1.protect(TestResult.java:106)
	at junit.framework.TestResult.runProtected(TestResult.java:124)
	at junit.framework.TestResult.run(TestResult.java:109)
	at junit.framework.TestCase.run(TestCase.java:118)
	at junit.framework.TestSuite.runTest(TestSuite.java:208)
	at junit.framework.TestSuite.run(TestSuite.java:203)
	at junit.framework.TestSuite.runTest(TestSuite.java:208)
	at junit.framework.TestSuite.run(TestSuite.java:203)
	at junit.framework.TestSuite.runTest(TestSuite.java:208)
	at junit.framework.TestSuite.run(TestSuite.java:203)
	at org.apache.tools.ant.taskdefs.optional.junit.JUnitTestRunner.run(JUnitTestRunner.java:421)
	at org.apache.tools.ant.taskdefs.optional.junit.JUnitTestRunner.launch(JUnitTestRunner.java:912)
	at org.apache.tools.ant.taskdefs.optional.junit.JUnitTestRunner.main(JUnitTestRunner.java:766)
Caused by: com.topcoder.clients.dao.DAOConfigurationException: Throw for testing
	at com.topcoder.clients.manager.MockClientStatusDAO.getClientsWithStatus(MockClientStatusDAO.java:237)
	at com.topcoder.clients.manager.MockClientStatusDAO.getClientsWithStatus(MockClientStatusDAO.java:27)
	at com.topcoder.clients.manager.dao.DAOClientManager.getClientsForStatus(DAOClientManager.java:753)
	... 20 more
Caused by: java.lang.NullPointerException: NPE Raised 
	... 23 more
[Entering method <com.topcoder.clients.manager.dao.DAOClientManager.getClientsForStatus(ClientStatus status)>; Parameters:{ ParamName<clientStatus>; ParamValue: <[ id=0 name=correct description=des isDeleted=false]>  }  at 2008-08-26 09:36:30.734 ]
[Exiting method <com.topcoder.clients.manager.dao.DAOClientManager.getClientsForStatus(ClientStatus status)>; Return value:<[]>]  at 2008-08-26 09:36:30.734
[Entering method <com.topcoder.clients.manager.dao.DAOClientManager.createClientStatus(ClientStatus status)>; Parameters:{ ParamName<clientStatus>; ParamValue: <null>  }  at 2008-08-26 09:36:30.750 ]
[Error occurred in method <com.topcoder.clients.manager.dao.DAOClientManager.createClientStatus(ClientStatus status)>, cause by :
java.lang.IllegalArgumentException: The parameter 'status' should not be null.
	at com.topcoder.clients.manager.dao.Helper.checkNull(Helper.java:69)
	at com.topcoder.clients.manager.dao.Helper.validateClientStatus(Helper.java:170)
	at com.topcoder.clients.manager.dao.DAOClientManager.createClientStatus(DAOClientManager.java:791)
	at com.topcoder.clients.manager.dao.TestDAOClientManager.testCreateClientStatus_F_1(TestDAOClientManager.java:2500)
	at sun.reflect.NativeMethodAccessorImpl.invoke0(Native Method)
	at sun.reflect.NativeMethodAccessorImpl.invoke(NativeMethodAccessorImpl.java:39)
	at sun.reflect.DelegatingMethodAccessorImpl.invoke(DelegatingMethodAccessorImpl.java:25)
	at java.lang.reflect.Method.invoke(Method.java:585)
	at junit.framework.TestCase.runTest(TestCase.java:154)
	at junit.framework.TestCase.runBare(TestCase.java:127)
	at junit.framework.TestResult$1.protect(TestResult.java:106)
	at junit.framework.TestResult.runProtected(TestResult.java:124)
	at junit.framework.TestResult.run(TestResult.java:109)
	at junit.framework.TestCase.run(TestCase.java:118)
	at junit.framework.TestSuite.runTest(TestSuite.java:208)
	at junit.framework.TestSuite.run(TestSuite.java:203)
	at junit.framework.TestSuite.runTest(TestSuite.java:208)
	at junit.framework.TestSuite.run(TestSuite.java:203)
	at junit.framework.TestSuite.runTest(TestSuite.java:208)
	at junit.framework.TestSuite.run(TestSuite.java:203)
	at org.apache.tools.ant.taskdefs.optional.junit.JUnitTestRunner.run(JUnitTestRunner.java:421)
	at org.apache.tools.ant.taskdefs.optional.junit.JUnitTestRunner.launch(JUnitTestRunner.java:912)
	at org.apache.tools.ant.taskdefs.optional.junit.JUnitTestRunner.main(JUnitTestRunner.java:766)
[Entering method <com.topcoder.clients.manager.dao.DAOClientManager.createClientStatus(ClientStatus status)>; Parameters:{ ParamName<clientStatus>; ParamValue: <[ id=0 name=null description=des isDeleted=false]>  }  at 2008-08-26 09:36:30.750 ]
[Error occurred in method <com.topcoder.clients.manager.dao.DAOClientManager.createClientStatus(ClientStatus status)>, cause by :
java.lang.IllegalArgumentException: The ClientStatus should have a non-null and non-empty name.
	at com.topcoder.clients.manager.dao.Helper.validateClientStatus(Helper.java:173)
	at com.topcoder.clients.manager.dao.DAOClientManager.createClientStatus(DAOClientManager.java:791)
	at com.topcoder.clients.manager.dao.TestDAOClientManager.testCreateClientStatus_F_2(TestDAOClientManager.java:2523)
	at sun.reflect.NativeMethodAccessorImpl.invoke0(Native Method)
	at sun.reflect.NativeMethodAccessorImpl.invoke(NativeMethodAccessorImpl.java:39)
	at sun.reflect.DelegatingMethodAccessorImpl.invoke(DelegatingMethodAccessorImpl.java:25)
	at java.lang.reflect.Method.invoke(Method.java:585)
	at junit.framework.TestCase.runTest(TestCase.java:154)
	at junit.framework.TestCase.runBare(TestCase.java:127)
	at junit.framework.TestResult$1.protect(TestResult.java:106)
	at junit.framework.TestResult.runProtected(TestResult.java:124)
	at junit.framework.TestResult.run(TestResult.java:109)
	at junit.framework.TestCase.run(TestCase.java:118)
	at junit.framework.TestSuite.runTest(TestSuite.java:208)
	at junit.framework.TestSuite.run(TestSuite.java:203)
	at junit.framework.TestSuite.runTest(TestSuite.java:208)
	at junit.framework.TestSuite.run(TestSuite.java:203)
	at junit.framework.TestSuite.runTest(TestSuite.java:208)
	at junit.framework.TestSuite.run(TestSuite.java:203)
	at org.apache.tools.ant.taskdefs.optional.junit.JUnitTestRunner.run(JUnitTestRunner.java:421)
	at org.apache.tools.ant.taskdefs.optional.junit.JUnitTestRunner.launch(JUnitTestRunner.java:912)
	at org.apache.tools.ant.taskdefs.optional.junit.JUnitTestRunner.main(JUnitTestRunner.java:766)
[Entering method <com.topcoder.clients.manager.dao.DAOClientManager.createClientStatus(ClientStatus status)>; Parameters:{ ParamName<clientStatus>; ParamValue: <[ id=0 name=  description=des isDeleted=false]>  }  at 2008-08-26 09:36:30.765 ]
[Error occurred in method <com.topcoder.clients.manager.dao.DAOClientManager.createClientStatus(ClientStatus status)>, cause by :
java.lang.IllegalArgumentException: The ClientStatus should have a non-null and non-empty name.
	at com.topcoder.clients.manager.dao.Helper.validateClientStatus(Helper.java:173)
	at com.topcoder.clients.manager.dao.DAOClientManager.createClientStatus(DAOClientManager.java:791)
	at com.topcoder.clients.manager.dao.TestDAOClientManager.testCreateClientStatus_F_3(TestDAOClientManager.java:2546)
	at sun.reflect.NativeMethodAccessorImpl.invoke0(Native Method)
	at sun.reflect.NativeMethodAccessorImpl.invoke(NativeMethodAccessorImpl.java:39)
	at sun.reflect.DelegatingMethodAccessorImpl.invoke(DelegatingMethodAccessorImpl.java:25)
	at java.lang.reflect.Method.invoke(Method.java:585)
	at junit.framework.TestCase.runTest(TestCase.java:154)
	at junit.framework.TestCase.runBare(TestCase.java:127)
	at junit.framework.TestResult$1.protect(TestResult.java:106)
	at junit.framework.TestResult.runProtected(TestResult.java:124)
	at junit.framework.TestResult.run(TestResult.java:109)
	at junit.framework.TestCase.run(TestCase.java:118)
	at junit.framework.TestSuite.runTest(TestSuite.java:208)
	at junit.framework.TestSuite.run(TestSuite.java:203)
	at junit.framework.TestSuite.runTest(TestSuite.java:208)
	at junit.framework.TestSuite.run(TestSuite.java:203)
	at junit.framework.TestSuite.runTest(TestSuite.java:208)
	at junit.framework.TestSuite.run(TestSuite.java:203)
	at org.apache.tools.ant.taskdefs.optional.junit.JUnitTestRunner.run(JUnitTestRunner.java:421)
	at org.apache.tools.ant.taskdefs.optional.junit.JUnitTestRunner.launch(JUnitTestRunner.java:912)
	at org.apache.tools.ant.taskdefs.optional.junit.JUnitTestRunner.main(JUnitTestRunner.java:766)
[Entering method <com.topcoder.clients.manager.dao.DAOClientManager.createClientStatus(ClientStatus status)>; Parameters:{ ParamName<clientStatus>; ParamValue: <[ id=0 name=name description=null isDeleted=false]>  }  at 2008-08-26 09:36:30.781 ]
[Error occurred in method <com.topcoder.clients.manager.dao.DAOClientManager.createClientStatus(ClientStatus status)>, cause by :
java.lang.IllegalArgumentException: The ClientStatus should have a non-null and non-empty description.
	at com.topcoder.clients.manager.dao.Helper.validateClientStatus(Helper.java:177)
	at com.topcoder.clients.manager.dao.DAOClientManager.createClientStatus(DAOClientManager.java:791)
	at com.topcoder.clients.manager.dao.TestDAOClientManager.testCreateClientStatus_F_4(TestDAOClientManager.java:2569)
	at sun.reflect.NativeMethodAccessorImpl.invoke0(Native Method)
	at sun.reflect.NativeMethodAccessorImpl.invoke(NativeMethodAccessorImpl.java:39)
	at sun.reflect.DelegatingMethodAccessorImpl.invoke(DelegatingMethodAccessorImpl.java:25)
	at java.lang.reflect.Method.invoke(Method.java:585)
	at junit.framework.TestCase.runTest(TestCase.java:154)
	at junit.framework.TestCase.runBare(TestCase.java:127)
	at junit.framework.TestResult$1.protect(TestResult.java:106)
	at junit.framework.TestResult.runProtected(TestResult.java:124)
	at junit.framework.TestResult.run(TestResult.java:109)
	at junit.framework.TestCase.run(TestCase.java:118)
	at junit.framework.TestSuite.runTest(TestSuite.java:208)
	at junit.framework.TestSuite.run(TestSuite.java:203)
	at junit.framework.TestSuite.runTest(TestSuite.java:208)
	at junit.framework.TestSuite.run(TestSuite.java:203)
	at junit.framework.TestSuite.runTest(TestSuite.java:208)
	at junit.framework.TestSuite.run(TestSuite.java:203)
	at org.apache.tools.ant.taskdefs.optional.junit.JUnitTestRunner.run(JUnitTestRunner.java:421)
	at org.apache.tools.ant.taskdefs.optional.junit.JUnitTestRunner.launch(JUnitTestRunner.java:912)
	at org.apache.tools.ant.taskdefs.optional.junit.JUnitTestRunner.main(JUnitTestRunner.java:766)
[Entering method <com.topcoder.clients.manager.dao.DAOClientManager.createClientStatus(ClientStatus status)>; Parameters:{ ParamName<clientStatus>; ParamValue: <[ id=0 name=name description=   isDeleted=false]>  }  at 2008-08-26 09:36:30.781 ]
[Error occurred in method <com.topcoder.clients.manager.dao.DAOClientManager.createClientStatus(ClientStatus status)>, cause by :
java.lang.IllegalArgumentException: The ClientStatus should have a non-null and non-empty description.
	at com.topcoder.clients.manager.dao.Helper.validateClientStatus(Helper.java:177)
	at com.topcoder.clients.manager.dao.DAOClientManager.createClientStatus(DAOClientManager.java:791)
	at com.topcoder.clients.manager.dao.TestDAOClientManager.testCreateClientStatus_F_5(TestDAOClientManager.java:2592)
	at sun.reflect.NativeMethodAccessorImpl.invoke0(Native Method)
	at sun.reflect.NativeMethodAccessorImpl.invoke(NativeMethodAccessorImpl.java:39)
	at sun.reflect.DelegatingMethodAccessorImpl.invoke(DelegatingMethodAccessorImpl.java:25)
	at java.lang.reflect.Method.invoke(Method.java:585)
	at junit.framework.TestCase.runTest(TestCase.java:154)
	at junit.framework.TestCase.runBare(TestCase.java:127)
	at junit.framework.TestResult$1.protect(TestResult.java:106)
	at junit.framework.TestResult.runProtected(TestResult.java:124)
	at junit.framework.TestResult.run(TestResult.java:109)
	at junit.framework.TestCase.run(TestCase.java:118)
	at junit.framework.TestSuite.runTest(TestSuite.java:208)
	at junit.framework.TestSuite.run(TestSuite.java:203)
	at junit.framework.TestSuite.runTest(TestSuite.java:208)
	at junit.framework.TestSuite.run(TestSuite.java:203)
	at junit.framework.TestSuite.runTest(TestSuite.java:208)
	at junit.framework.TestSuite.run(TestSuite.java:203)
	at org.apache.tools.ant.taskdefs.optional.junit.JUnitTestRunner.run(JUnitTestRunner.java:421)
	at org.apache.tools.ant.taskdefs.optional.junit.JUnitTestRunner.launch(JUnitTestRunner.java:912)
	at org.apache.tools.ant.taskdefs.optional.junit.JUnitTestRunner.main(JUnitTestRunner.java:766)
[Entering method <com.topcoder.clients.manager.dao.DAOClientManager.createClientStatus(ClientStatus status)>; Parameters:{ ParamName<clientStatus>; ParamValue: <[ id=0 name=name description=des isDeleted=true]>  }  at 2008-08-26 09:36:30.796 ]
[Error occurred in method <com.topcoder.clients.manager.dao.DAOClientManager.createClientStatus(ClientStatus status)>, cause by :
java.lang.IllegalArgumentException: The ClientStatus should not be deleted.
	at com.topcoder.clients.manager.dao.Helper.validateClientStatus(Helper.java:181)
	at com.topcoder.clients.manager.dao.DAOClientManager.createClientStatus(DAOClientManager.java:791)
	at com.topcoder.clients.manager.dao.TestDAOClientManager.testCreateClientStatus_F_6(TestDAOClientManager.java:2615)
	at sun.reflect.NativeMethodAccessorImpl.invoke0(Native Method)
	at sun.reflect.NativeMethodAccessorImpl.invoke(NativeMethodAccessorImpl.java:39)
	at sun.reflect.DelegatingMethodAccessorImpl.invoke(DelegatingMethodAccessorImpl.java:25)
	at java.lang.reflect.Method.invoke(Method.java:585)
	at junit.framework.TestCase.runTest(TestCase.java:154)
	at junit.framework.TestCase.runBare(TestCase.java:127)
	at junit.framework.TestResult$1.protect(TestResult.java:106)
	at junit.framework.TestResult.runProtected(TestResult.java:124)
	at junit.framework.TestResult.run(TestResult.java:109)
	at junit.framework.TestCase.run(TestCase.java:118)
	at junit.framework.TestSuite.runTest(TestSuite.java:208)
	at junit.framework.TestSuite.run(TestSuite.java:203)
	at junit.framework.TestSuite.runTest(TestSuite.java:208)
	at junit.framework.TestSuite.run(TestSuite.java:203)
	at junit.framework.TestSuite.runTest(TestSuite.java:208)
	at junit.framework.TestSuite.run(TestSuite.java:203)
	at org.apache.tools.ant.taskdefs.optional.junit.JUnitTestRunner.run(JUnitTestRunner.java:421)
	at org.apache.tools.ant.taskdefs.optional.junit.JUnitTestRunner.launch(JUnitTestRunner.java:912)
	at org.apache.tools.ant.taskdefs.optional.junit.JUnitTestRunner.main(JUnitTestRunner.java:766)
[Entering method <com.topcoder.clients.manager.dao.DAOClientManager.createClientStatus(ClientStatus status)>; Parameters:{ ParamName<clientStatus>; ParamValue: <[ id=0 name=DAOException description=des isDeleted=false]>  }  at 2008-08-26 09:36:30.812 ]
[Error occurred in method <com.topcoder.clients.manager.dao.DAOClientManager.createClientStatus(ClientStatus status)>, cause by :
com.topcoder.clients.manager.ClientManagerException: Fail to create ClientStatus, cause by Throw for testing
	at com.topcoder.clients.manager.dao.DAOClientManager.wrapInnerException(DAOClientManager.java:305)
	at com.topcoder.clients.manager.dao.DAOClientManager.createClientStatus(DAOClientManager.java:807)
	at com.topcoder.clients.manager.dao.TestDAOClientManager.testCreateClientStatus_F_7(TestDAOClientManager.java:2638)
	at sun.reflect.NativeMethodAccessorImpl.invoke0(Native Method)
	at sun.reflect.NativeMethodAccessorImpl.invoke(NativeMethodAccessorImpl.java:39)
	at sun.reflect.DelegatingMethodAccessorImpl.invoke(DelegatingMethodAccessorImpl.java:25)
	at java.lang.reflect.Method.invoke(Method.java:585)
	at junit.framework.TestCase.runTest(TestCase.java:154)
	at junit.framework.TestCase.runBare(TestCase.java:127)
	at junit.framework.TestResult$1.protect(TestResult.java:106)
	at junit.framework.TestResult.runProtected(TestResult.java:124)
	at junit.framework.TestResult.run(TestResult.java:109)
	at junit.framework.TestCase.run(TestCase.java:118)
	at junit.framework.TestSuite.runTest(TestSuite.java:208)
	at junit.framework.TestSuite.run(TestSuite.java:203)
	at junit.framework.TestSuite.runTest(TestSuite.java:208)
	at junit.framework.TestSuite.run(TestSuite.java:203)
	at junit.framework.TestSuite.runTest(TestSuite.java:208)
	at junit.framework.TestSuite.run(TestSuite.java:203)
	at org.apache.tools.ant.taskdefs.optional.junit.JUnitTestRunner.run(JUnitTestRunner.java:421)
	at org.apache.tools.ant.taskdefs.optional.junit.JUnitTestRunner.launch(JUnitTestRunner.java:912)
	at org.apache.tools.ant.taskdefs.optional.junit.JUnitTestRunner.main(JUnitTestRunner.java:766)
Caused by: com.topcoder.clients.dao.DAOException: Throw for testing
	at com.topcoder.clients.manager.MockClientStatusDAO.save(MockClientStatusDAO.java:174)
	at com.topcoder.clients.manager.dao.DAOClientManager.createClientStatus(DAOClientManager.java:796)
	... 20 more
[Entering method <com.topcoder.clients.manager.dao.DAOClientManager.createClientStatus(ClientStatus status)>; Parameters:{ ParamName<clientStatus>; ParamValue: <[ id=0 name=DAOConfigurationException description=des isDeleted=false]>  }  at 2008-08-26 09:36:30.859 ]
[Error occurred in method <com.topcoder.clients.manager.dao.DAOClientManager.createClientStatus(ClientStatus status)>, cause by :
com.topcoder.clients.manager.ClientManagerException: Fail to create ClientStatus, cause by Throw for testing
	at com.topcoder.clients.manager.dao.DAOClientManager.wrapInnerException(DAOClientManager.java:305)
	at com.topcoder.clients.manager.dao.DAOClientManager.createClientStatus(DAOClientManager.java:810)
	at com.topcoder.clients.manager.dao.TestDAOClientManager.testCreateClientStatus_F_8(TestDAOClientManager.java:2661)
	at sun.reflect.NativeMethodAccessorImpl.invoke0(Native Method)
	at sun.reflect.NativeMethodAccessorImpl.invoke(NativeMethodAccessorImpl.java:39)
	at sun.reflect.DelegatingMethodAccessorImpl.invoke(DelegatingMethodAccessorImpl.java:25)
	at java.lang.reflect.Method.invoke(Method.java:585)
	at junit.framework.TestCase.runTest(TestCase.java:154)
	at junit.framework.TestCase.runBare(TestCase.java:127)
	at junit.framework.TestResult$1.protect(TestResult.java:106)
	at junit.framework.TestResult.runProtected(TestResult.java:124)
	at junit.framework.TestResult.run(TestResult.java:109)
	at junit.framework.TestCase.run(TestCase.java:118)
	at junit.framework.TestSuite.runTest(TestSuite.java:208)
	at junit.framework.TestSuite.run(TestSuite.java:203)
	at junit.framework.TestSuite.runTest(TestSuite.java:208)
	at junit.framework.TestSuite.run(TestSuite.java:203)
	at junit.framework.TestSuite.runTest(TestSuite.java:208)
	at junit.framework.TestSuite.run(TestSuite.java:203)
	at org.apache.tools.ant.taskdefs.optional.junit.JUnitTestRunner.run(JUnitTestRunner.java:421)
	at org.apache.tools.ant.taskdefs.optional.junit.JUnitTestRunner.launch(JUnitTestRunner.java:912)
	at org.apache.tools.ant.taskdefs.optional.junit.JUnitTestRunner.main(JUnitTestRunner.java:766)
Caused by: com.topcoder.clients.dao.DAOConfigurationException: Throw for testing
	at com.topcoder.clients.manager.MockClientStatusDAO.save(MockClientStatusDAO.java:178)
	at com.topcoder.clients.manager.dao.DAOClientManager.createClientStatus(DAOClientManager.java:796)
	... 20 more
[Entering method <com.topcoder.clients.manager.dao.DAOClientManager.createClientStatus(ClientStatus status)>; Parameters:{ ParamName<clientStatus>; ParamValue: <[ id=0 name=ok description=des isDeleted=false]>  }  at 2008-08-26 09:36:30.859 ]
[Exiting method <com.topcoder.clients.manager.dao.DAOClientManager.createClientStatus(ClientStatus status)>; Return value:<[ id=607 name=ok description=des isDeleted=false]>]  at 2008-08-26 09:36:30.859
[Entering method <com.topcoder.clients.manager.dao.DAOClientManager.updateClientStatus(ClientStatus status)>; Parameters:{ ParamName<clientStatus>; ParamValue: <null>  }  at 2008-08-26 09:36:30.875 ]
[Error occurred in method <com.topcoder.clients.manager.dao.DAOClientManager.updateClientStatus(ClientStatus status)>, cause by :
java.lang.IllegalArgumentException: The parameter 'status' should not be null.
	at com.topcoder.clients.manager.dao.Helper.checkNull(Helper.java:69)
	at com.topcoder.clients.manager.dao.Helper.validateClientStatus(Helper.java:170)
	at com.topcoder.clients.manager.dao.DAOClientManager.updateClientStatus(DAOClientManager.java:838)
	at com.topcoder.clients.manager.dao.TestDAOClientManager.testUpdateClientStatus_1(TestDAOClientManager.java:2701)
	at sun.reflect.NativeMethodAccessorImpl.invoke0(Native Method)
	at sun.reflect.NativeMethodAccessorImpl.invoke(NativeMethodAccessorImpl.java:39)
	at sun.reflect.DelegatingMethodAccessorImpl.invoke(DelegatingMethodAccessorImpl.java:25)
	at java.lang.reflect.Method.invoke(Method.java:585)
	at junit.framework.TestCase.runTest(TestCase.java:154)
	at junit.framework.TestCase.runBare(TestCase.java:127)
	at junit.framework.TestResult$1.protect(TestResult.java:106)
	at junit.framework.TestResult.runProtected(TestResult.java:124)
	at junit.framework.TestResult.run(TestResult.java:109)
	at junit.framework.TestCase.run(TestCase.java:118)
	at junit.framework.TestSuite.runTest(TestSuite.java:208)
	at junit.framework.TestSuite.run(TestSuite.java:203)
	at junit.framework.TestSuite.runTest(TestSuite.java:208)
	at junit.framework.TestSuite.run(TestSuite.java:203)
	at junit.framework.TestSuite.runTest(TestSuite.java:208)
	at junit.framework.TestSuite.run(TestSuite.java:203)
	at org.apache.tools.ant.taskdefs.optional.junit.JUnitTestRunner.run(JUnitTestRunner.java:421)
	at org.apache.tools.ant.taskdefs.optional.junit.JUnitTestRunner.launch(JUnitTestRunner.java:912)
	at org.apache.tools.ant.taskdefs.optional.junit.JUnitTestRunner.main(JUnitTestRunner.java:766)
[Entering method <com.topcoder.clients.manager.dao.DAOClientManager.updateClientStatus(ClientStatus status)>; Parameters:{ ParamName<clientStatus>; ParamValue: <[ id=0 name=null description=des isDeleted=false]>  }  at 2008-08-26 09:36:30.890 ]
[Error occurred in method <com.topcoder.clients.manager.dao.DAOClientManager.updateClientStatus(ClientStatus status)>, cause by :
java.lang.IllegalArgumentException: The ClientStatus should have a non-null and non-empty name.
	at com.topcoder.clients.manager.dao.Helper.validateClientStatus(Helper.java:173)
	at com.topcoder.clients.manager.dao.DAOClientManager.updateClientStatus(DAOClientManager.java:838)
	at com.topcoder.clients.manager.dao.TestDAOClientManager.testUpdateClientStatus_2(TestDAOClientManager.java:2725)
	at sun.reflect.NativeMethodAccessorImpl.invoke0(Native Method)
	at sun.reflect.NativeMethodAccessorImpl.invoke(NativeMethodAccessorImpl.java:39)
	at sun.reflect.DelegatingMethodAccessorImpl.invoke(DelegatingMethodAccessorImpl.java:25)
	at java.lang.reflect.Method.invoke(Method.java:585)
	at junit.framework.TestCase.runTest(TestCase.java:154)
	at junit.framework.TestCase.runBare(TestCase.java:127)
	at junit.framework.TestResult$1.protect(TestResult.java:106)
	at junit.framework.TestResult.runProtected(TestResult.java:124)
	at junit.framework.TestResult.run(TestResult.java:109)
	at junit.framework.TestCase.run(TestCase.java:118)
	at junit.framework.TestSuite.runTest(TestSuite.java:208)
	at junit.framework.TestSuite.run(TestSuite.java:203)
	at junit.framework.TestSuite.runTest(TestSuite.java:208)
	at junit.framework.TestSuite.run(TestSuite.java:203)
	at junit.framework.TestSuite.runTest(TestSuite.java:208)
	at junit.framework.TestSuite.run(TestSuite.java:203)
	at org.apache.tools.ant.taskdefs.optional.junit.JUnitTestRunner.run(JUnitTestRunner.java:421)
	at org.apache.tools.ant.taskdefs.optional.junit.JUnitTestRunner.launch(JUnitTestRunner.java:912)
	at org.apache.tools.ant.taskdefs.optional.junit.JUnitTestRunner.main(JUnitTestRunner.java:766)
[Entering method <com.topcoder.clients.manager.dao.DAOClientManager.updateClientStatus(ClientStatus status)>; Parameters:{ ParamName<clientStatus>; ParamValue: <[ id=0 name=   description=des isDeleted=false]>  }  at 2008-08-26 09:36:30.890 ]
[Error occurred in method <com.topcoder.clients.manager.dao.DAOClientManager.updateClientStatus(ClientStatus status)>, cause by :
java.lang.IllegalArgumentException: The ClientStatus should have a non-null and non-empty name.
	at com.topcoder.clients.manager.dao.Helper.validateClientStatus(Helper.java:173)
	at com.topcoder.clients.manager.dao.DAOClientManager.updateClientStatus(DAOClientManager.java:838)
	at com.topcoder.clients.manager.dao.TestDAOClientManager.testUpdateClientStatus_3(TestDAOClientManager.java:2749)
	at sun.reflect.NativeMethodAccessorImpl.invoke0(Native Method)
	at sun.reflect.NativeMethodAccessorImpl.invoke(NativeMethodAccessorImpl.java:39)
	at sun.reflect.DelegatingMethodAccessorImpl.invoke(DelegatingMethodAccessorImpl.java:25)
	at java.lang.reflect.Method.invoke(Method.java:585)
	at junit.framework.TestCase.runTest(TestCase.java:154)
	at junit.framework.TestCase.runBare(TestCase.java:127)
	at junit.framework.TestResult$1.protect(TestResult.java:106)
	at junit.framework.TestResult.runProtected(TestResult.java:124)
	at junit.framework.TestResult.run(TestResult.java:109)
	at junit.framework.TestCase.run(TestCase.java:118)
	at junit.framework.TestSuite.runTest(TestSuite.java:208)
	at junit.framework.TestSuite.run(TestSuite.java:203)
	at junit.framework.TestSuite.runTest(TestSuite.java:208)
	at junit.framework.TestSuite.run(TestSuite.java:203)
	at junit.framework.TestSuite.runTest(TestSuite.java:208)
	at junit.framework.TestSuite.run(TestSuite.java:203)
	at org.apache.tools.ant.taskdefs.optional.junit.JUnitTestRunner.run(JUnitTestRunner.java:421)
	at org.apache.tools.ant.taskdefs.optional.junit.JUnitTestRunner.launch(JUnitTestRunner.java:912)
	at org.apache.tools.ant.taskdefs.optional.junit.JUnitTestRunner.main(JUnitTestRunner.java:766)
[Entering method <com.topcoder.clients.manager.dao.DAOClientManager.updateClientStatus(ClientStatus status)>; Parameters:{ ParamName<clientStatus>; ParamValue: <[ id=0 name=name description=null isDeleted=false]>  }  at 2008-08-26 09:36:30.906 ]
[Error occurred in method <com.topcoder.clients.manager.dao.DAOClientManager.updateClientStatus(ClientStatus status)>, cause by :
java.lang.IllegalArgumentException: The ClientStatus should have a non-null and non-empty description.
	at com.topcoder.clients.manager.dao.Helper.validateClientStatus(Helper.java:177)
	at com.topcoder.clients.manager.dao.DAOClientManager.updateClientStatus(DAOClientManager.java:838)
	at com.topcoder.clients.manager.dao.TestDAOClientManager.testUpdateClientStatus_4(TestDAOClientManager.java:2773)
	at sun.reflect.NativeMethodAccessorImpl.invoke0(Native Method)
	at sun.reflect.NativeMethodAccessorImpl.invoke(NativeMethodAccessorImpl.java:39)
	at sun.reflect.DelegatingMethodAccessorImpl.invoke(DelegatingMethodAccessorImpl.java:25)
	at java.lang.reflect.Method.invoke(Method.java:585)
	at junit.framework.TestCase.runTest(TestCase.java:154)
	at junit.framework.TestCase.runBare(TestCase.java:127)
	at junit.framework.TestResult$1.protect(TestResult.java:106)
	at junit.framework.TestResult.runProtected(TestResult.java:124)
	at junit.framework.TestResult.run(TestResult.java:109)
	at junit.framework.TestCase.run(TestCase.java:118)
	at junit.framework.TestSuite.runTest(TestSuite.java:208)
	at junit.framework.TestSuite.run(TestSuite.java:203)
	at junit.framework.TestSuite.runTest(TestSuite.java:208)
	at junit.framework.TestSuite.run(TestSuite.java:203)
	at junit.framework.TestSuite.runTest(TestSuite.java:208)
	at junit.framework.TestSuite.run(TestSuite.java:203)
	at org.apache.tools.ant.taskdefs.optional.junit.JUnitTestRunner.run(JUnitTestRunner.java:421)
	at org.apache.tools.ant.taskdefs.optional.junit.JUnitTestRunner.launch(JUnitTestRunner.java:912)
	at org.apache.tools.ant.taskdefs.optional.junit.JUnitTestRunner.main(JUnitTestRunner.java:766)
[Entering method <com.topcoder.clients.manager.dao.DAOClientManager.updateClientStatus(ClientStatus status)>; Parameters:{ ParamName<clientStatus>; ParamValue: <[ id=0 name=name description=    isDeleted=false]>  }  at 2008-08-26 09:36:30.921 ]
[Error occurred in method <com.topcoder.clients.manager.dao.DAOClientManager.updateClientStatus(ClientStatus status)>, cause by :
java.lang.IllegalArgumentException: The ClientStatus should have a non-null and non-empty description.
	at com.topcoder.clients.manager.dao.Helper.validateClientStatus(Helper.java:177)
	at com.topcoder.clients.manager.dao.DAOClientManager.updateClientStatus(DAOClientManager.java:838)
	at com.topcoder.clients.manager.dao.TestDAOClientManager.testUpdateClientStatus_5(TestDAOClientManager.java:2797)
	at sun.reflect.NativeMethodAccessorImpl.invoke0(Native Method)
	at sun.reflect.NativeMethodAccessorImpl.invoke(NativeMethodAccessorImpl.java:39)
	at sun.reflect.DelegatingMethodAccessorImpl.invoke(DelegatingMethodAccessorImpl.java:25)
	at java.lang.reflect.Method.invoke(Method.java:585)
	at junit.framework.TestCase.runTest(TestCase.java:154)
	at junit.framework.TestCase.runBare(TestCase.java:127)
	at junit.framework.TestResult$1.protect(TestResult.java:106)
	at junit.framework.TestResult.runProtected(TestResult.java:124)
	at junit.framework.TestResult.run(TestResult.java:109)
	at junit.framework.TestCase.run(TestCase.java:118)
	at junit.framework.TestSuite.runTest(TestSuite.java:208)
	at junit.framework.TestSuite.run(TestSuite.java:203)
	at junit.framework.TestSuite.runTest(TestSuite.java:208)
	at junit.framework.TestSuite.run(TestSuite.java:203)
	at junit.framework.TestSuite.runTest(TestSuite.java:208)
	at junit.framework.TestSuite.run(TestSuite.java:203)
	at org.apache.tools.ant.taskdefs.optional.junit.JUnitTestRunner.run(JUnitTestRunner.java:421)
	at org.apache.tools.ant.taskdefs.optional.junit.JUnitTestRunner.launch(JUnitTestRunner.java:912)
	at org.apache.tools.ant.taskdefs.optional.junit.JUnitTestRunner.main(JUnitTestRunner.java:766)
[Entering method <com.topcoder.clients.manager.dao.DAOClientManager.updateClientStatus(ClientStatus status)>; Parameters:{ ParamName<clientStatus>; ParamValue: <[ id=0 name=name description=d isDeleted=true]>  }  at 2008-08-26 09:36:30.921 ]
[Error occurred in method <com.topcoder.clients.manager.dao.DAOClientManager.updateClientStatus(ClientStatus status)>, cause by :
java.lang.IllegalArgumentException: The ClientStatus should not be deleted.
	at com.topcoder.clients.manager.dao.Helper.validateClientStatus(Helper.java:181)
	at com.topcoder.clients.manager.dao.DAOClientManager.updateClientStatus(DAOClientManager.java:838)
	at com.topcoder.clients.manager.dao.TestDAOClientManager.testUpdateClientStatus_6(TestDAOClientManager.java:2821)
	at sun.reflect.NativeMethodAccessorImpl.invoke0(Native Method)
	at sun.reflect.NativeMethodAccessorImpl.invoke(NativeMethodAccessorImpl.java:39)
	at sun.reflect.DelegatingMethodAccessorImpl.invoke(DelegatingMethodAccessorImpl.java:25)
	at java.lang.reflect.Method.invoke(Method.java:585)
	at junit.framework.TestCase.runTest(TestCase.java:154)
	at junit.framework.TestCase.runBare(TestCase.java:127)
	at junit.framework.TestResult$1.protect(TestResult.java:106)
	at junit.framework.TestResult.runProtected(TestResult.java:124)
	at junit.framework.TestResult.run(TestResult.java:109)
	at junit.framework.TestCase.run(TestCase.java:118)
	at junit.framework.TestSuite.runTest(TestSuite.java:208)
	at junit.framework.TestSuite.run(TestSuite.java:203)
	at junit.framework.TestSuite.runTest(TestSuite.java:208)
	at junit.framework.TestSuite.run(TestSuite.java:203)
	at junit.framework.TestSuite.runTest(TestSuite.java:208)
	at junit.framework.TestSuite.run(TestSuite.java:203)
	at org.apache.tools.ant.taskdefs.optional.junit.JUnitTestRunner.run(JUnitTestRunner.java:421)
	at org.apache.tools.ant.taskdefs.optional.junit.JUnitTestRunner.launch(JUnitTestRunner.java:912)
	at org.apache.tools.ant.taskdefs.optional.junit.JUnitTestRunner.main(JUnitTestRunner.java:766)
[Entering method <com.topcoder.clients.manager.dao.DAOClientManager.updateClientStatus(ClientStatus status)>; Parameters:{ ParamName<clientStatus>; ParamValue: <[ id=-1 name=name description=d isDeleted=false]>  }  at 2008-08-26 09:36:30.937 ]
[Error occurred in method <com.topcoder.clients.manager.dao.DAOClientManager.updateClientStatus(ClientStatus status)>, cause by :
com.topcoder.clients.manager.ClientEntityNotFoundException: The id should not <= 0, refer to detail:The parameter id should not < 0
	at com.topcoder.clients.manager.dao.DAOClientManager.checkClientStatusExisted(DAOClientManager.java:895)
	at com.topcoder.clients.manager.dao.DAOClientManager.updateClientStatus(DAOClientManager.java:846)
	at com.topcoder.clients.manager.dao.TestDAOClientManager.testUpdateClientStatus_7(TestDAOClientManager.java:2846)
	at sun.reflect.NativeMethodAccessorImpl.invoke0(Native Method)
	at sun.reflect.NativeMethodAccessorImpl.invoke(NativeMethodAccessorImpl.java:39)
	at sun.reflect.DelegatingMethodAccessorImpl.invoke(DelegatingMethodAccessorImpl.java:25)
	at java.lang.reflect.Method.invoke(Method.java:585)
	at junit.framework.TestCase.runTest(TestCase.java:154)
	at junit.framework.TestCase.runBare(TestCase.java:127)
	at junit.framework.TestResult$1.protect(TestResult.java:106)
	at junit.framework.TestResult.runProtected(TestResult.java:124)
	at junit.framework.TestResult.run(TestResult.java:109)
	at junit.framework.TestCase.run(TestCase.java:118)
	at junit.framework.TestSuite.runTest(TestSuite.java:208)
	at junit.framework.TestSuite.run(TestSuite.java:203)
	at junit.framework.TestSuite.runTest(TestSuite.java:208)
	at junit.framework.TestSuite.run(TestSuite.java:203)
	at junit.framework.TestSuite.runTest(TestSuite.java:208)
	at junit.framework.TestSuite.run(TestSuite.java:203)
	at org.apache.tools.ant.taskdefs.optional.junit.JUnitTestRunner.run(JUnitTestRunner.java:421)
	at org.apache.tools.ant.taskdefs.optional.junit.JUnitTestRunner.launch(JUnitTestRunner.java:912)
	at org.apache.tools.ant.taskdefs.optional.junit.JUnitTestRunner.main(JUnitTestRunner.java:766)
Caused by: java.lang.IllegalArgumentException: The parameter id should not < 0
	at com.topcoder.clients.manager.MockClientStatusDAO.retrieveById(MockClientStatusDAO.java:60)
	at com.topcoder.clients.manager.dao.DAOClientManager.checkClientStatusExisted(DAOClientManager.java:884)
	... 21 more
[Entering method <com.topcoder.clients.manager.dao.DAOClientManager.updateClientStatus(ClientStatus status)>; Parameters:{ ParamName<clientStatus>; ParamValue: <[ id=1 name=DAOException description=d isDeleted=false]>  }  at 2008-08-26 09:36:30.937 ]
[Error occurred in method <com.topcoder.clients.manager.dao.DAOClientManager.updateClientStatus(ClientStatus status)>, cause by :
com.topcoder.clients.manager.ClientManagerException: Fail to update the ClientStatus, cause by Throw for testing
	at com.topcoder.clients.manager.dao.DAOClientManager.wrapInnerException(DAOClientManager.java:305)
	at com.topcoder.clients.manager.dao.DAOClientManager.updateClientStatus(DAOClientManager.java:858)
	at com.topcoder.clients.manager.dao.TestDAOClientManager.testUpdateClientStatus_8(TestDAOClientManager.java:2871)
	at sun.reflect.NativeMethodAccessorImpl.invoke0(Native Method)
	at sun.reflect.NativeMethodAccessorImpl.invoke(NativeMethodAccessorImpl.java:39)
	at sun.reflect.DelegatingMethodAccessorImpl.invoke(DelegatingMethodAccessorImpl.java:25)
	at java.lang.reflect.Method.invoke(Method.java:585)
	at junit.framework.TestCase.runTest(TestCase.java:154)
	at junit.framework.TestCase.runBare(TestCase.java:127)
	at junit.framework.TestResult$1.protect(TestResult.java:106)
	at junit.framework.TestResult.runProtected(TestResult.java:124)
	at junit.framework.TestResult.run(TestResult.java:109)
	at junit.framework.TestCase.run(TestCase.java:118)
	at junit.framework.TestSuite.runTest(TestSuite.java:208)
	at junit.framework.TestSuite.run(TestSuite.java:203)
	at junit.framework.TestSuite.runTest(TestSuite.java:208)
	at junit.framework.TestSuite.run(TestSuite.java:203)
	at junit.framework.TestSuite.runTest(TestSuite.java:208)
	at junit.framework.TestSuite.run(TestSuite.java:203)
	at org.apache.tools.ant.taskdefs.optional.junit.JUnitTestRunner.run(JUnitTestRunner.java:421)
	at org.apache.tools.ant.taskdefs.optional.junit.JUnitTestRunner.launch(JUnitTestRunner.java:912)
	at org.apache.tools.ant.taskdefs.optional.junit.JUnitTestRunner.main(JUnitTestRunner.java:766)
Caused by: com.topcoder.clients.dao.DAOException: Throw for testing
	at com.topcoder.clients.manager.MockClientStatusDAO.save(MockClientStatusDAO.java:174)
	at com.topcoder.clients.manager.dao.DAOClientManager.updateClientStatus(DAOClientManager.java:849)
	... 20 more
[Entering method <com.topcoder.clients.manager.dao.DAOClientManager.updateClientStatus(ClientStatus status)>; Parameters:{ ParamName<clientStatus>; ParamValue: <[ id=1 name=DAOConfigurationException description=d isDeleted=false]>  }  at 2008-08-26 09:36:30.953 ]
[Error occurred in method <com.topcoder.clients.manager.dao.DAOClientManager.updateClientStatus(ClientStatus status)>, cause by :
com.topcoder.clients.manager.ClientManagerException: Fail to update the ClientStatus, cause by Throw for testing
	at com.topcoder.clients.manager.dao.DAOClientManager.wrapInnerException(DAOClientManager.java:305)
	at com.topcoder.clients.manager.dao.DAOClientManager.updateClientStatus(DAOClientManager.java:855)
	at com.topcoder.clients.manager.dao.TestDAOClientManager.testUpdateClientStatus_9(TestDAOClientManager.java:2896)
	at sun.reflect.NativeMethodAccessorImpl.invoke0(Native Method)
	at sun.reflect.NativeMethodAccessorImpl.invoke(NativeMethodAccessorImpl.java:39)
	at sun.reflect.DelegatingMethodAccessorImpl.invoke(DelegatingMethodAccessorImpl.java:25)
	at java.lang.reflect.Method.invoke(Method.java:585)
	at junit.framework.TestCase.runTest(TestCase.java:154)
	at junit.framework.TestCase.runBare(TestCase.java:127)
	at junit.framework.TestResult$1.protect(TestResult.java:106)
	at junit.framework.TestResult.runProtected(TestResult.java:124)
	at junit.framework.TestResult.run(TestResult.java:109)
	at junit.framework.TestCase.run(TestCase.java:118)
	at junit.framework.TestSuite.runTest(TestSuite.java:208)
	at junit.framework.TestSuite.run(TestSuite.java:203)
	at junit.framework.TestSuite.runTest(TestSuite.java:208)
	at junit.framework.TestSuite.run(TestSuite.java:203)
	at junit.framework.TestSuite.runTest(TestSuite.java:208)
	at junit.framework.TestSuite.run(TestSuite.java:203)
	at org.apache.tools.ant.taskdefs.optional.junit.JUnitTestRunner.run(JUnitTestRunner.java:421)
	at org.apache.tools.ant.taskdefs.optional.junit.JUnitTestRunner.launch(JUnitTestRunner.java:912)
	at org.apache.tools.ant.taskdefs.optional.junit.JUnitTestRunner.main(JUnitTestRunner.java:766)
Caused by: com.topcoder.clients.dao.DAOConfigurationException: Throw for testing
	at com.topcoder.clients.manager.MockClientStatusDAO.save(MockClientStatusDAO.java:178)
	at com.topcoder.clients.manager.dao.DAOClientManager.updateClientStatus(DAOClientManager.java:849)
	... 20 more
[Entering method <com.topcoder.clients.manager.dao.DAOClientManager.updateClientStatus(ClientStatus status)>; Parameters:{ ParamName<clientStatus>; ParamValue: <[ id=2 name=DAOConfigurationException description=d isDeleted=false]>  }  at 2008-08-26 09:36:30.953 ]
[Error occurred in method <com.topcoder.clients.manager.dao.DAOClientManager.updateClientStatus(ClientStatus status)>, cause by :
com.topcoder.clients.manager.ClientEntityNotFoundException: The clientStatus entity does not exist in persistence with id=2
	at com.topcoder.clients.manager.dao.DAOClientManager.checkClientStatusExisted(DAOClientManager.java:885)
	at com.topcoder.clients.manager.dao.DAOClientManager.updateClientStatus(DAOClientManager.java:846)
	at com.topcoder.clients.manager.dao.TestDAOClientManager.testUpdateClientStatus_10(TestDAOClientManager.java:2921)
	at sun.reflect.NativeMethodAccessorImpl.invoke0(Native Method)
	at sun.reflect.NativeMethodAccessorImpl.invoke(NativeMethodAccessorImpl.java:39)
	at sun.reflect.DelegatingMethodAccessorImpl.invoke(DelegatingMethodAccessorImpl.java:25)
	at java.lang.reflect.Method.invoke(Method.java:585)
	at junit.framework.TestCase.runTest(TestCase.java:154)
	at junit.framework.TestCase.runBare(TestCase.java:127)
	at junit.framework.TestResult$1.protect(TestResult.java:106)
	at junit.framework.TestResult.runProtected(TestResult.java:124)
	at junit.framework.TestResult.run(TestResult.java:109)
	at junit.framework.TestCase.run(TestCase.java:118)
	at junit.framework.TestSuite.runTest(TestSuite.java:208)
	at junit.framework.TestSuite.run(TestSuite.java:203)
	at junit.framework.TestSuite.runTest(TestSuite.java:208)
	at junit.framework.TestSuite.run(TestSuite.java:203)
	at junit.framework.TestSuite.runTest(TestSuite.java:208)
	at junit.framework.TestSuite.run(TestSuite.java:203)
	at org.apache.tools.ant.taskdefs.optional.junit.JUnitTestRunner.run(JUnitTestRunner.java:421)
	at org.apache.tools.ant.taskdefs.optional.junit.JUnitTestRunner.launch(JUnitTestRunner.java:912)
	at org.apache.tools.ant.taskdefs.optional.junit.JUnitTestRunner.main(JUnitTestRunner.java:766)
[Entering method <com.topcoder.clients.manager.dao.DAOClientManager.updateClientStatus(ClientStatus status)>; Parameters:{ ParamName<clientStatus>; ParamValue: <[ id=1000 name=DAOConfigurationException description=d isDeleted=false]>  }  at 2008-08-26 09:36:30.968 ]
[Error occurred in method <com.topcoder.clients.manager.dao.DAOClientManager.updateClientStatus(ClientStatus status)>, cause by :
com.topcoder.clients.manager.ClientEntityNotFoundException: The ClientStatus with id=1000 does not exist in the persistence
	at com.topcoder.clients.manager.dao.DAOClientManager.wrapEntityNotFoundException(DAOClientManager.java:920)
	at com.topcoder.clients.manager.dao.DAOClientManager.checkClientStatusExisted(DAOClientManager.java:902)
	at com.topcoder.clients.manager.dao.DAOClientManager.updateClientStatus(DAOClientManager.java:846)
	at com.topcoder.clients.manager.dao.TestDAOClientManager.testUpdateClientStatus_11(TestDAOClientManager.java:2946)
	at sun.reflect.NativeMethodAccessorImpl.invoke0(Native Method)
	at sun.reflect.NativeMethodAccessorImpl.invoke(NativeMethodAccessorImpl.java:39)
	at sun.reflect.DelegatingMethodAccessorImpl.invoke(DelegatingMethodAccessorImpl.java:25)
	at java.lang.reflect.Method.invoke(Method.java:585)
	at junit.framework.TestCase.runTest(TestCase.java:154)
	at junit.framework.TestCase.runBare(TestCase.java:127)
	at junit.framework.TestResult$1.protect(TestResult.java:106)
	at junit.framework.TestResult.runProtected(TestResult.java:124)
	at junit.framework.TestResult.run(TestResult.java:109)
	at junit.framework.TestCase.run(TestCase.java:118)
	at junit.framework.TestSuite.runTest(TestSuite.java:208)
	at junit.framework.TestSuite.run(TestSuite.java:203)
	at junit.framework.TestSuite.runTest(TestSuite.java:208)
	at junit.framework.TestSuite.run(TestSuite.java:203)
	at junit.framework.TestSuite.runTest(TestSuite.java:208)
	at junit.framework.TestSuite.run(TestSuite.java:203)
	at org.apache.tools.ant.taskdefs.optional.junit.JUnitTestRunner.run(JUnitTestRunner.java:421)
	at org.apache.tools.ant.taskdefs.optional.junit.JUnitTestRunner.launch(JUnitTestRunner.java:912)
	at org.apache.tools.ant.taskdefs.optional.junit.JUnitTestRunner.main(JUnitTestRunner.java:766)
Caused by: com.topcoder.clients.dao.EntityNotFoundException: Throw for testing
	at com.topcoder.clients.manager.MockClientStatusDAO.retrieveById(MockClientStatusDAO.java:98)
	at com.topcoder.clients.manager.dao.DAOClientManager.checkClientStatusExisted(DAOClientManager.java:884)
	... 21 more
[Entering method <com.topcoder.clients.manager.dao.DAOClientManager.updateClientStatus(ClientStatus status)>; Parameters:{ ParamName<clientStatus>; ParamValue: <[ id=3 name=ClassCastException description=d isDeleted=false]>  }  at 2008-08-26 09:36:30.968 ]
[Error occurred in method <com.topcoder.clients.manager.dao.DAOClientManager.updateClientStatus(ClientStatus status)>, cause by :
com.topcoder.clients.manager.ClientManagerException: Fail to update the ClientStatus, cause by com.topcoder.clients.model.Client
	at com.topcoder.clients.manager.dao.DAOClientManager.wrapInnerException(DAOClientManager.java:305)
	at com.topcoder.clients.manager.dao.DAOClientManager.updateClientStatus(DAOClientManager.java:861)
	at com.topcoder.clients.manager.dao.TestDAOClientManager.testUpdateClientStatus_12(TestDAOClientManager.java:2971)
	at sun.reflect.NativeMethodAccessorImpl.invoke0(Native Method)
	at sun.reflect.NativeMethodAccessorImpl.invoke(NativeMethodAccessorImpl.java:39)
	at sun.reflect.DelegatingMethodAccessorImpl.invoke(DelegatingMethodAccessorImpl.java:25)
	at java.lang.reflect.Method.invoke(Method.java:585)
	at junit.framework.TestCase.runTest(TestCase.java:154)
	at junit.framework.TestCase.runBare(TestCase.java:127)
	at junit.framework.TestResult$1.protect(TestResult.java:106)
	at junit.framework.TestResult.runProtected(TestResult.java:124)
	at junit.framework.TestResult.run(TestResult.java:109)
	at junit.framework.TestCase.run(TestCase.java:118)
	at junit.framework.TestSuite.runTest(TestSuite.java:208)
	at junit.framework.TestSuite.run(TestSuite.java:203)
	at junit.framework.TestSuite.runTest(TestSuite.java:208)
	at junit.framework.TestSuite.run(TestSuite.java:203)
	at junit.framework.TestSuite.runTest(TestSuite.java:208)
	at junit.framework.TestSuite.run(TestSuite.java:203)
	at org.apache.tools.ant.taskdefs.optional.junit.JUnitTestRunner.run(JUnitTestRunner.java:421)
	at org.apache.tools.ant.taskdefs.optional.junit.JUnitTestRunner.launch(JUnitTestRunner.java:912)
	at org.apache.tools.ant.taskdefs.optional.junit.JUnitTestRunner.main(JUnitTestRunner.java:766)
Caused by: java.lang.ClassCastException: com.topcoder.clients.model.Client
	at com.topcoder.clients.manager.dao.DAOClientManager.updateClientStatus(DAOClientManager.java:849)
	... 20 more
[Entering method <com.topcoder.clients.manager.dao.DAOClientManager.updateClientStatus(ClientStatus status)>; Parameters:{ ParamName<clientStatus>; ParamValue: <[ id=1 name=Dok description=d isDeleted=false]>  }  at 2008-08-26 09:36:30.984 ]
[Exiting method <com.topcoder.clients.manager.dao.DAOClientManager.updateClientStatus(ClientStatus status)>; Return value:<[ id=1 name=Dok description=d isDeleted=false]>]  at 2008-08-26 09:36:30.984
[Entering method <com.topcoder.clients.manager.dao.DAOClientManager.deleteClientStatus(ClientStatus status)>; Parameters:{ ParamName<status>; ParamValue: <null>  }  at 2008-08-26 09:36:30.984 ]
[Error occurred in method <com.topcoder.clients.manager.dao.DAOClientManager.deleteClientStatus(ClientStatus status)>, cause by :
java.lang.IllegalArgumentException: The parameter 'status' should not be null.
	at com.topcoder.clients.manager.dao.Helper.checkNull(Helper.java:69)
	at com.topcoder.clients.manager.dao.DAOClientManager.deleteClientStatus(DAOClientManager.java:948)
	at com.topcoder.clients.manager.dao.TestDAOClientManager.testDeleteClientStatus_F_1(TestDAOClientManager.java:3013)
	at sun.reflect.NativeMethodAccessorImpl.invoke0(Native Method)
	at sun.reflect.NativeMethodAccessorImpl.invoke(NativeMethodAccessorImpl.java:39)
	at sun.reflect.DelegatingMethodAccessorImpl.invoke(DelegatingMethodAccessorImpl.java:25)
	at java.lang.reflect.Method.invoke(Method.java:585)
	at junit.framework.TestCase.runTest(TestCase.java:154)
	at junit.framework.TestCase.runBare(TestCase.java:127)
	at junit.framework.TestResult$1.protect(TestResult.java:106)
	at junit.framework.TestResult.runProtected(TestResult.java:124)
	at junit.framework.TestResult.run(TestResult.java:109)
	at junit.framework.TestCase.run(TestCase.java:118)
	at junit.framework.TestSuite.runTest(TestSuite.java:208)
	at junit.framework.TestSuite.run(TestSuite.java:203)
	at junit.framework.TestSuite.runTest(TestSuite.java:208)
	at junit.framework.TestSuite.run(TestSuite.java:203)
	at junit.framework.TestSuite.runTest(TestSuite.java:208)
	at junit.framework.TestSuite.run(TestSuite.java:203)
	at org.apache.tools.ant.taskdefs.optional.junit.JUnitTestRunner.run(JUnitTestRunner.java:421)
	at org.apache.tools.ant.taskdefs.optional.junit.JUnitTestRunner.launch(JUnitTestRunner.java:912)
	at org.apache.tools.ant.taskdefs.optional.junit.JUnitTestRunner.main(JUnitTestRunner.java:766)
[Entering method <com.topcoder.clients.manager.dao.DAOClientManager.deleteClientStatus(ClientStatus status)>; Parameters:{ ParamName<status>; ParamValue: <[ id=1 name=Dok description=d isDeleted=true]>  }  at 2008-08-26 09:36:31.000 ]
[Error occurred in method <com.topcoder.clients.manager.dao.DAOClientManager.deleteClientStatus(ClientStatus status)>, cause by :
java.lang.IllegalArgumentException: The isDelete of ClientStatus should not be true.
	at com.topcoder.clients.manager.dao.DAOClientManager.deleteClientStatus(DAOClientManager.java:950)
	at com.topcoder.clients.manager.dao.TestDAOClientManager.testDeleteClientStatus_F_2(TestDAOClientManager.java:3039)
	at sun.reflect.NativeMethodAccessorImpl.invoke0(Native Method)
	at sun.reflect.NativeMethodAccessorImpl.invoke(NativeMethodAccessorImpl.java:39)
	at sun.reflect.DelegatingMethodAccessorImpl.invoke(DelegatingMethodAccessorImpl.java:25)
	at java.lang.reflect.Method.invoke(Method.java:585)
	at junit.framework.TestCase.runTest(TestCase.java:154)
	at junit.framework.TestCase.runBare(TestCase.java:127)
	at junit.framework.TestResult$1.protect(TestResult.java:106)
	at junit.framework.TestResult.runProtected(TestResult.java:124)
	at junit.framework.TestResult.run(TestResult.java:109)
	at junit.framework.TestCase.run(TestCase.java:118)
	at junit.framework.TestSuite.runTest(TestSuite.java:208)
	at junit.framework.TestSuite.run(TestSuite.java:203)
	at junit.framework.TestSuite.runTest(TestSuite.java:208)
	at junit.framework.TestSuite.run(TestSuite.java:203)
	at junit.framework.TestSuite.runTest(TestSuite.java:208)
	at junit.framework.TestSuite.run(TestSuite.java:203)
	at org.apache.tools.ant.taskdefs.optional.junit.JUnitTestRunner.run(JUnitTestRunner.java:421)
	at org.apache.tools.ant.taskdefs.optional.junit.JUnitTestRunner.launch(JUnitTestRunner.java:912)
	at org.apache.tools.ant.taskdefs.optional.junit.JUnitTestRunner.main(JUnitTestRunner.java:766)
[Entering method <com.topcoder.clients.manager.dao.DAOClientManager.deleteClientStatus(ClientStatus status)>; Parameters:{ ParamName<status>; ParamValue: <[ id=1 name=EntityNotFoundException description=d isDeleted=false]>  }  at 2008-08-26 09:36:31.000 ]
[Error occurred in method <com.topcoder.clients.manager.dao.DAOClientManager.deleteClientStatus(ClientStatus status)>, cause by :
com.topcoder.clients.manager.ClientEntityNotFoundException: The ClientStatus entity to delete does not exist in persistence
	at com.topcoder.clients.manager.dao.DAOClientManager.wrapEntityNotFoundException(DAOClientManager.java:920)
	at com.topcoder.clients.manager.dao.DAOClientManager.deleteClientStatus(DAOClientManager.java:969)
	at com.topcoder.clients.manager.dao.TestDAOClientManager.testDeleteClientStatus_F_3(TestDAOClientManager.java:3064)
	at sun.reflect.NativeMethodAccessorImpl.invoke0(Native Method)
	at sun.reflect.NativeMethodAccessorImpl.invoke(NativeMethodAccessorImpl.java:39)
	at sun.reflect.DelegatingMethodAccessorImpl.invoke(DelegatingMethodAccessorImpl.java:25)
	at java.lang.reflect.Method.invoke(Method.java:585)
	at junit.framework.TestCase.runTest(TestCase.java:154)
	at junit.framework.TestCase.runBare(TestCase.java:127)
	at junit.framework.TestResult$1.protect(TestResult.java:106)
	at junit.framework.TestResult.runProtected(TestResult.java:124)
	at junit.framework.TestResult.run(TestResult.java:109)
	at junit.framework.TestCase.run(TestCase.java:118)
	at junit.framework.TestSuite.runTest(TestSuite.java:208)
	at junit.framework.TestSuite.run(TestSuite.java:203)
	at junit.framework.TestSuite.runTest(TestSuite.java:208)
	at junit.framework.TestSuite.run(TestSuite.java:203)
	at junit.framework.TestSuite.runTest(TestSuite.java:208)
	at junit.framework.TestSuite.run(TestSuite.java:203)
	at org.apache.tools.ant.taskdefs.optional.junit.JUnitTestRunner.run(JUnitTestRunner.java:421)
	at org.apache.tools.ant.taskdefs.optional.junit.JUnitTestRunner.launch(JUnitTestRunner.java:912)
	at org.apache.tools.ant.taskdefs.optional.junit.JUnitTestRunner.main(JUnitTestRunner.java:766)
Caused by: com.topcoder.clients.dao.EntityNotFoundException: Throw for testing
	at com.topcoder.clients.manager.MockClientStatusDAO.delete(MockClientStatusDAO.java:202)
	at com.topcoder.clients.manager.dao.DAOClientManager.deleteClientStatus(DAOClientManager.java:954)
	... 20 more
[Entering method <com.topcoder.clients.manager.dao.DAOClientManager.deleteClientStatus(ClientStatus status)>; Parameters:{ ParamName<status>; ParamValue: <[ id=1 name=DAOException description=d isDeleted=false]>  }  at 2008-08-26 09:36:31.015 ]
[Error occurred in method <com.topcoder.clients.manager.dao.DAOClientManager.deleteClientStatus(ClientStatus status)>, cause by :
com.topcoder.clients.manager.ClientManagerException: Fail to delete the ClientStatus, cause by Throw for testing
	at com.topcoder.clients.manager.dao.DAOClientManager.wrapInnerException(DAOClientManager.java:305)
	at com.topcoder.clients.manager.dao.DAOClientManager.deleteClientStatus(DAOClientManager.java:972)
	at com.topcoder.clients.manager.dao.TestDAOClientManager.testDeleteClientStatus_F_4(TestDAOClientManager.java:3090)
	at sun.reflect.NativeMethodAccessorImpl.invoke0(Native Method)
	at sun.reflect.NativeMethodAccessorImpl.invoke(NativeMethodAccessorImpl.java:39)
	at sun.reflect.DelegatingMethodAccessorImpl.invoke(DelegatingMethodAccessorImpl.java:25)
	at java.lang.reflect.Method.invoke(Method.java:585)
	at junit.framework.TestCase.runTest(TestCase.java:154)
	at junit.framework.TestCase.runBare(TestCase.java:127)
	at junit.framework.TestResult$1.protect(TestResult.java:106)
	at junit.framework.TestResult.runProtected(TestResult.java:124)
	at junit.framework.TestResult.run(TestResult.java:109)
	at junit.framework.TestCase.run(TestCase.java:118)
	at junit.framework.TestSuite.runTest(TestSuite.java:208)
	at junit.framework.TestSuite.run(TestSuite.java:203)
	at junit.framework.TestSuite.runTest(TestSuite.java:208)
	at junit.framework.TestSuite.run(TestSuite.java:203)
	at junit.framework.TestSuite.runTest(TestSuite.java:208)
	at junit.framework.TestSuite.run(TestSuite.java:203)
	at org.apache.tools.ant.taskdefs.optional.junit.JUnitTestRunner.run(JUnitTestRunner.java:421)
	at org.apache.tools.ant.taskdefs.optional.junit.JUnitTestRunner.launch(JUnitTestRunner.java:912)
	at org.apache.tools.ant.taskdefs.optional.junit.JUnitTestRunner.main(JUnitTestRunner.java:766)
Caused by: com.topcoder.clients.dao.DAOException: Throw for testing
	at com.topcoder.clients.manager.MockClientStatusDAO.delete(MockClientStatusDAO.java:206)
	at com.topcoder.clients.manager.dao.DAOClientManager.deleteClientStatus(DAOClientManager.java:954)
	... 20 more
[Entering method <com.topcoder.clients.manager.dao.DAOClientManager.deleteClientStatus(ClientStatus status)>; Parameters:{ ParamName<status>; ParamValue: <[ id=1 name=DAOConfigurationException description=d isDeleted=false]>  }  at 2008-08-26 09:36:31.031 ]
[Error occurred in method <com.topcoder.clients.manager.dao.DAOClientManager.deleteClientStatus(ClientStatus status)>, cause by :
com.topcoder.clients.manager.ClientManagerException: Fail to delete the ClientStatus, cause by Throw for testing
	at com.topcoder.clients.manager.dao.DAOClientManager.wrapInnerException(DAOClientManager.java:305)
	at com.topcoder.clients.manager.dao.DAOClientManager.deleteClientStatus(DAOClientManager.java:966)
	at com.topcoder.clients.manager.dao.TestDAOClientManager.testDeleteClientStatus_F_5(TestDAOClientManager.java:3116)
	at sun.reflect.NativeMethodAccessorImpl.invoke0(Native Method)
	at sun.reflect.NativeMethodAccessorImpl.invoke(NativeMethodAccessorImpl.java:39)
	at sun.reflect.DelegatingMethodAccessorImpl.invoke(DelegatingMethodAccessorImpl.java:25)
	at java.lang.reflect.Method.invoke(Method.java:585)
	at junit.framework.TestCase.runTest(TestCase.java:154)
	at junit.framework.TestCase.runBare(TestCase.java:127)
	at junit.framework.TestResult$1.protect(TestResult.java:106)
	at junit.framework.TestResult.runProtected(TestResult.java:124)
	at junit.framework.TestResult.run(TestResult.java:109)
	at junit.framework.TestCase.run(TestCase.java:118)
	at junit.framework.TestSuite.runTest(TestSuite.java:208)
	at junit.framework.TestSuite.run(TestSuite.java:203)
	at junit.framework.TestSuite.runTest(TestSuite.java:208)
	at junit.framework.TestSuite.run(TestSuite.java:203)
	at junit.framework.TestSuite.runTest(TestSuite.java:208)
	at junit.framework.TestSuite.run(TestSuite.java:203)
	at org.apache.tools.ant.taskdefs.optional.junit.JUnitTestRunner.run(JUnitTestRunner.java:421)
	at org.apache.tools.ant.taskdefs.optional.junit.JUnitTestRunner.launch(JUnitTestRunner.java:912)
	at org.apache.tools.ant.taskdefs.optional.junit.JUnitTestRunner.main(JUnitTestRunner.java:766)
Caused by: com.topcoder.clients.dao.DAOConfigurationException: Throw for testing
	at com.topcoder.clients.manager.MockClientStatusDAO.delete(MockClientStatusDAO.java:210)
	at com.topcoder.clients.manager.dao.DAOClientManager.deleteClientStatus(DAOClientManager.java:954)
	... 20 more
[Entering method <com.topcoder.clients.manager.dao.DAOClientManager.deleteClientStatus(ClientStatus status)>; Parameters:{ ParamName<status>; ParamValue: <[ id=1 name=ok description=d isDeleted=false]>  }  at 2008-08-26 09:36:31.031 ]
[Exiting method <com.topcoder.clients.manager.dao.DAOClientManager.deleteClientStatus(ClientStatus status)>; Return value:<[ id=1 name=ok description=d isDeleted=true]>]  at 2008-08-26 09:36:31.031
[Entering method <com.topcoder.clients.manager.dao.DAOCompanyManager.createCompany(Company company)>; Parameters:{ ParamName<company>; ParamValue: <null>  }  at 2008-08-26 09:36:31.437 ]
[Error occurred in method <com.topcoder.clients.manager.dao.DAOCompanyManager.createCompany(Company company)>, cause by :
java.lang.IllegalArgumentException: The parameter 'company' should not be null.
	at com.topcoder.clients.manager.dao.Helper.checkNull(Helper.java:69)
	at com.topcoder.clients.manager.dao.Helper.validateCompany(Helper.java:279)
	at com.topcoder.clients.manager.dao.DAOCompanyManager.createCompany(DAOCompanyManager.java:212)
	at com.topcoder.clients.manager.dao.TestDAOCompanyManager.testCreateCompany_1(TestDAOCompanyManager.java:257)
	at sun.reflect.NativeMethodAccessorImpl.invoke0(Native Method)
	at sun.reflect.NativeMethodAccessorImpl.invoke(NativeMethodAccessorImpl.java:39)
	at sun.reflect.DelegatingMethodAccessorImpl.invoke(DelegatingMethodAccessorImpl.java:25)
	at java.lang.reflect.Method.invoke(Method.java:585)
	at junit.framework.TestCase.runTest(TestCase.java:154)
	at junit.framework.TestCase.runBare(TestCase.java:127)
	at junit.framework.TestResult$1.protect(TestResult.java:106)
	at junit.framework.TestResult.runProtected(TestResult.java:124)
	at junit.framework.TestResult.run(TestResult.java:109)
	at junit.framework.TestCase.run(TestCase.java:118)
	at junit.framework.TestSuite.runTest(TestSuite.java:208)
	at junit.framework.TestSuite.run(TestSuite.java:203)
	at junit.framework.TestSuite.runTest(TestSuite.java:208)
	at junit.framework.TestSuite.run(TestSuite.java:203)
	at junit.framework.TestSuite.runTest(TestSuite.java:208)
	at junit.framework.TestSuite.run(TestSuite.java:203)
	at org.apache.tools.ant.taskdefs.optional.junit.JUnitTestRunner.run(JUnitTestRunner.java:421)
	at org.apache.tools.ant.taskdefs.optional.junit.JUnitTestRunner.launch(JUnitTestRunner.java:912)
	at org.apache.tools.ant.taskdefs.optional.junit.JUnitTestRunner.main(JUnitTestRunner.java:766)
[Entering method <com.topcoder.clients.manager.dao.DAOCompanyManager.createCompany(Company company)>; Parameters:{ ParamName<company>; ParamValue: <[ id=0 name=null passcode=null isDeleted=false]>  }  at 2008-08-26 09:36:31.453 ]
[Error occurred in method <com.topcoder.clients.manager.dao.DAOCompanyManager.createCompany(Company company)>, cause by :
java.lang.IllegalArgumentException: The passcode of the company should not be null or empty (trimmed)
	at com.topcoder.clients.manager.dao.Helper.validateCompany(Helper.java:282)
	at com.topcoder.clients.manager.dao.DAOCompanyManager.createCompany(DAOCompanyManager.java:212)
	at com.topcoder.clients.manager.dao.TestDAOCompanyManager.testCreateCompany_2(TestDAOCompanyManager.java:280)
	at sun.reflect.NativeMethodAccessorImpl.invoke0(Native Method)
	at sun.reflect.NativeMethodAccessorImpl.invoke(NativeMethodAccessorImpl.java:39)
	at sun.reflect.DelegatingMethodAccessorImpl.invoke(DelegatingMethodAccessorImpl.java:25)
	at java.lang.reflect.Method.invoke(Method.java:585)
	at junit.framework.TestCase.runTest(TestCase.java:154)
	at junit.framework.TestCase.runBare(TestCase.java:127)
	at junit.framework.TestResult$1.protect(TestResult.java:106)
	at junit.framework.TestResult.runProtected(TestResult.java:124)
	at junit.framework.TestResult.run(TestResult.java:109)
	at junit.framework.TestCase.run(TestCase.java:118)
	at junit.framework.TestSuite.runTest(TestSuite.java:208)
	at junit.framework.TestSuite.run(TestSuite.java:203)
	at junit.framework.TestSuite.runTest(TestSuite.java:208)
	at junit.framework.TestSuite.run(TestSuite.java:203)
	at junit.framework.TestSuite.runTest(TestSuite.java:208)
	at junit.framework.TestSuite.run(TestSuite.java:203)
	at org.apache.tools.ant.taskdefs.optional.junit.JUnitTestRunner.run(JUnitTestRunner.java:421)
	at org.apache.tools.ant.taskdefs.optional.junit.JUnitTestRunner.launch(JUnitTestRunner.java:912)
	at org.apache.tools.ant.taskdefs.optional.junit.JUnitTestRunner.main(JUnitTestRunner.java:766)
[Entering method <com.topcoder.clients.manager.dao.DAOCompanyManager.createCompany(Company company)>; Parameters:{ ParamName<company>; ParamValue: <[ id=0 name=null passcode=   isDeleted=false]>  }  at 2008-08-26 09:36:31.453 ]
[Error occurred in method <com.topcoder.clients.manager.dao.DAOCompanyManager.createCompany(Company company)>, cause by :
java.lang.IllegalArgumentException: The passcode of the company should not be null or empty (trimmed)
	at com.topcoder.clients.manager.dao.Helper.validateCompany(Helper.java:282)
	at com.topcoder.clients.manager.dao.DAOCompanyManager.createCompany(DAOCompanyManager.java:212)
	at com.topcoder.clients.manager.dao.TestDAOCompanyManager.testCreateCompany_3(TestDAOCompanyManager.java:303)
	at sun.reflect.NativeMethodAccessorImpl.invoke0(Native Method)
	at sun.reflect.NativeMethodAccessorImpl.invoke(NativeMethodAccessorImpl.java:39)
	at sun.reflect.DelegatingMethodAccessorImpl.invoke(DelegatingMethodAccessorImpl.java:25)
	at java.lang.reflect.Method.invoke(Method.java:585)
	at junit.framework.TestCase.runTest(TestCase.java:154)
	at junit.framework.TestCase.runBare(TestCase.java:127)
	at junit.framework.TestResult$1.protect(TestResult.java:106)
	at junit.framework.TestResult.runProtected(TestResult.java:124)
	at junit.framework.TestResult.run(TestResult.java:109)
	at junit.framework.TestCase.run(TestCase.java:118)
	at junit.framework.TestSuite.runTest(TestSuite.java:208)
	at junit.framework.TestSuite.run(TestSuite.java:203)
	at junit.framework.TestSuite.runTest(TestSuite.java:208)
	at junit.framework.TestSuite.run(TestSuite.java:203)
	at junit.framework.TestSuite.runTest(TestSuite.java:208)
	at junit.framework.TestSuite.run(TestSuite.java:203)
	at org.apache.tools.ant.taskdefs.optional.junit.JUnitTestRunner.run(JUnitTestRunner.java:421)
	at org.apache.tools.ant.taskdefs.optional.junit.JUnitTestRunner.launch(JUnitTestRunner.java:912)
	at org.apache.tools.ant.taskdefs.optional.junit.JUnitTestRunner.main(JUnitTestRunner.java:766)
[Entering method <com.topcoder.clients.manager.dao.DAOCompanyManager.createCompany(Company company)>; Parameters:{ ParamName<company>; ParamValue: <[ id=0 name=null passcode=a isDeleted=true]>  }  at 2008-08-26 09:36:31.468 ]
[Error occurred in method <com.topcoder.clients.manager.dao.DAOCompanyManager.createCompany(Company company)>, cause by :
java.lang.IllegalArgumentException: The company isDelete value should not be true.
	at com.topcoder.clients.manager.dao.Helper.validateCompany(Helper.java:286)
	at com.topcoder.clients.manager.dao.DAOCompanyManager.createCompany(DAOCompanyManager.java:212)
	at com.topcoder.clients.manager.dao.TestDAOCompanyManager.testCreateCompany_4(TestDAOCompanyManager.java:326)
	at sun.reflect.NativeMethodAccessorImpl.invoke0(Native Method)
	at sun.reflect.NativeMethodAccessorImpl.invoke(NativeMethodAccessorImpl.java:39)
	at sun.reflect.DelegatingMethodAccessorImpl.invoke(DelegatingMethodAccessorImpl.java:25)
	at java.lang.reflect.Method.invoke(Method.java:585)
	at junit.framework.TestCase.runTest(TestCase.java:154)
	at junit.framework.TestCase.runBare(TestCase.java:127)
	at junit.framework.TestResult$1.protect(TestResult.java:106)
	at junit.framework.TestResult.runProtected(TestResult.java:124)
	at junit.framework.TestResult.run(TestResult.java:109)
	at junit.framework.TestCase.run(TestCase.java:118)
	at junit.framework.TestSuite.runTest(TestSuite.java:208)
	at junit.framework.TestSuite.run(TestSuite.java:203)
	at junit.framework.TestSuite.runTest(TestSuite.java:208)
	at junit.framework.TestSuite.run(TestSuite.java:203)
	at junit.framework.TestSuite.runTest(TestSuite.java:208)
	at junit.framework.TestSuite.run(TestSuite.java:203)
	at org.apache.tools.ant.taskdefs.optional.junit.JUnitTestRunner.run(JUnitTestRunner.java:421)
	at org.apache.tools.ant.taskdefs.optional.junit.JUnitTestRunner.launch(JUnitTestRunner.java:912)
	at org.apache.tools.ant.taskdefs.optional.junit.JUnitTestRunner.main(JUnitTestRunner.java:766)
[Entering method <com.topcoder.clients.manager.dao.DAOCompanyManager.createCompany(Company company)>; Parameters:{ ParamName<company>; ParamValue: <[ id=0 name=DAOException passcode=a isDeleted=false]>  }  at 2008-08-26 09:36:31.468 ]
[Error occurred in method <com.topcoder.clients.manager.dao.DAOCompanyManager.createCompany(Company company)>, cause by :
com.topcoder.clients.manager.CompanyManagerException: Fail to create the company, cause by Throw for testing
	at com.topcoder.clients.manager.dao.DAOCompanyManager.wrapInnerException(DAOCompanyManager.java:254)
	at com.topcoder.clients.manager.dao.DAOCompanyManager.createCompany(DAOCompanyManager.java:229)
	at com.topcoder.clients.manager.dao.TestDAOCompanyManager.testCreateCompany_5(TestDAOCompanyManager.java:350)
	at sun.reflect.NativeMethodAccessorImpl.invoke0(Native Method)
	at sun.reflect.NativeMethodAccessorImpl.invoke(NativeMethodAccessorImpl.java:39)
	at sun.reflect.DelegatingMethodAccessorImpl.invoke(DelegatingMethodAccessorImpl.java:25)
	at java.lang.reflect.Method.invoke(Method.java:585)
	at junit.framework.TestCase.runTest(TestCase.java:154)
	at junit.framework.TestCase.runBare(TestCase.java:127)
	at junit.framework.TestResult$1.protect(TestResult.java:106)
	at junit.framework.TestResult.runProtected(TestResult.java:124)
	at junit.framework.TestResult.run(TestResult.java:109)
	at junit.framework.TestCase.run(TestCase.java:118)
	at junit.framework.TestSuite.runTest(TestSuite.java:208)
	at junit.framework.TestSuite.run(TestSuite.java:203)
	at junit.framework.TestSuite.runTest(TestSuite.java:208)
	at junit.framework.TestSuite.run(TestSuite.java:203)
	at junit.framework.TestSuite.runTest(TestSuite.java:208)
	at junit.framework.TestSuite.run(TestSuite.java:203)
	at org.apache.tools.ant.taskdefs.optional.junit.JUnitTestRunner.run(JUnitTestRunner.java:421)
	at org.apache.tools.ant.taskdefs.optional.junit.JUnitTestRunner.launch(JUnitTestRunner.java:912)
	at org.apache.tools.ant.taskdefs.optional.junit.JUnitTestRunner.main(JUnitTestRunner.java:766)
Caused by: com.topcoder.clients.dao.DAOException: Throw for testing
	at com.topcoder.clients.manager.MockCompanyDAO.save(MockCompanyDAO.java:164)
	at com.topcoder.clients.manager.dao.DAOCompanyManager.createCompany(DAOCompanyManager.java:218)
	... 20 more
[Entering method <com.topcoder.clients.manager.dao.DAOCompanyManager.createCompany(Company company)>; Parameters:{ ParamName<company>; ParamValue: <[ id=0 name=DAOConfigurationException passcode=a isDeleted=false]>  }  at 2008-08-26 09:36:31.734 ]
[Error occurred in method <com.topcoder.clients.manager.dao.DAOCompanyManager.createCompany(Company company)>, cause by :
com.topcoder.clients.manager.CompanyManagerException: Fail to create the company, cause by Throw for testing
	at com.topcoder.clients.manager.dao.DAOCompanyManager.wrapInnerException(DAOCompanyManager.java:254)
	at com.topcoder.clients.manager.dao.DAOCompanyManager.createCompany(DAOCompanyManager.java:232)
	at com.topcoder.clients.manager.dao.TestDAOCompanyManager.testCreateCompany_6(TestDAOCompanyManager.java:374)
	at sun.reflect.NativeMethodAccessorImpl.invoke0(Native Method)
	at sun.reflect.NativeMethodAccessorImpl.invoke(NativeMethodAccessorImpl.java:39)
	at sun.reflect.DelegatingMethodAccessorImpl.invoke(DelegatingMethodAccessorImpl.java:25)
	at java.lang.reflect.Method.invoke(Method.java:585)
	at junit.framework.TestCase.runTest(TestCase.java:154)
	at junit.framework.TestCase.runBare(TestCase.java:127)
	at junit.framework.TestResult$1.protect(TestResult.java:106)
	at junit.framework.TestResult.runProtected(TestResult.java:124)
	at junit.framework.TestResult.run(TestResult.java:109)
	at junit.framework.TestCase.run(TestCase.java:118)
	at junit.framework.TestSuite.runTest(TestSuite.java:208)
	at junit.framework.TestSuite.run(TestSuite.java:203)
	at junit.framework.TestSuite.runTest(TestSuite.java:208)
	at junit.framework.TestSuite.run(TestSuite.java:203)
	at junit.framework.TestSuite.runTest(TestSuite.java:208)
	at junit.framework.TestSuite.run(TestSuite.java:203)
	at org.apache.tools.ant.taskdefs.optional.junit.JUnitTestRunner.run(JUnitTestRunner.java:421)
	at org.apache.tools.ant.taskdefs.optional.junit.JUnitTestRunner.launch(JUnitTestRunner.java:912)
	at org.apache.tools.ant.taskdefs.optional.junit.JUnitTestRunner.main(JUnitTestRunner.java:766)
Caused by: com.topcoder.clients.dao.DAOConfigurationException: Throw for testing
	at com.topcoder.clients.manager.MockCompanyDAO.save(MockCompanyDAO.java:168)
	at com.topcoder.clients.manager.dao.DAOCompanyManager.createCompany(DAOCompanyManager.java:218)
	... 20 more
[Entering method <com.topcoder.clients.manager.dao.DAOCompanyManager.createCompany(Company company)>; Parameters:{ ParamName<company>; ParamValue: <[ id=0 name=ClassCastException passcode=a isDeleted=false]>  }  at 2008-08-26 09:36:31.734 ]
[Error occurred in method <com.topcoder.clients.manager.dao.DAOCompanyManager.createCompany(Company company)>, cause by :
com.topcoder.clients.manager.CompanyManagerException: Fail to create the company, cause by com.topcoder.clients.model.Client
	at com.topcoder.clients.manager.dao.DAOCompanyManager.wrapInnerException(DAOCompanyManager.java:254)
	at com.topcoder.clients.manager.dao.DAOCompanyManager.createCompany(DAOCompanyManager.java:235)
	at com.topcoder.clients.manager.dao.TestDAOCompanyManager.testCreateCompany_7(TestDAOCompanyManager.java:398)
	at sun.reflect.NativeMethodAccessorImpl.invoke0(Native Method)
	at sun.reflect.NativeMethodAccessorImpl.invoke(NativeMethodAccessorImpl.java:39)
	at sun.reflect.DelegatingMethodAccessorImpl.invoke(DelegatingMethodAccessorImpl.java:25)
	at java.lang.reflect.Method.invoke(Method.java:585)
	at junit.framework.TestCase.runTest(TestCase.java:154)
	at junit.framework.TestCase.runBare(TestCase.java:127)
	at junit.framework.TestResult$1.protect(TestResult.java:106)
	at junit.framework.TestResult.runProtected(TestResult.java:124)
	at junit.framework.TestResult.run(TestResult.java:109)
	at junit.framework.TestCase.run(TestCase.java:118)
	at junit.framework.TestSuite.runTest(TestSuite.java:208)
	at junit.framework.TestSuite.run(TestSuite.java:203)
	at junit.framework.TestSuite.runTest(TestSuite.java:208)
	at junit.framework.TestSuite.run(TestSuite.java:203)
	at junit.framework.TestSuite.runTest(TestSuite.java:208)
	at junit.framework.TestSuite.run(TestSuite.java:203)
	at org.apache.tools.ant.taskdefs.optional.junit.JUnitTestRunner.run(JUnitTestRunner.java:421)
	at org.apache.tools.ant.taskdefs.optional.junit.JUnitTestRunner.launch(JUnitTestRunner.java:912)
	at org.apache.tools.ant.taskdefs.optional.junit.JUnitTestRunner.main(JUnitTestRunner.java:766)
Caused by: java.lang.ClassCastException: com.topcoder.clients.model.Client
	at com.topcoder.clients.manager.dao.DAOCompanyManager.createCompany(DAOCompanyManager.java:218)
	... 20 more
[Entering method <com.topcoder.clients.manager.dao.DAOCompanyManager.createCompany(Company company)>; Parameters:{ ParamName<company>; ParamValue: <[ id=0 name=ok passcode=a isDeleted=false]>  }  at 2008-08-26 09:36:31.750 ]
[Exiting method <com.topcoder.clients.manager.dao.DAOCompanyManager.createCompany(Company company)>; Return value:<[ id=544 name=ok passcode=a isDeleted=false]>]  at 2008-08-26 09:36:31.750
[Entering method <com.topcoder.clients.manager.dao.DAOCompanyManager.updateCompany(Company company)>; Parameters:{ ParamName<company>; ParamValue: <null>  }  at 2008-08-26 09:36:31.765 ]
[Error occurred in method <com.topcoder.clients.manager.dao.DAOCompanyManager.updateCompany(Company company)>, cause by :
java.lang.IllegalArgumentException: The parameter 'company' should not be null.
	at com.topcoder.clients.manager.dao.Helper.checkNull(Helper.java:69)
	at com.topcoder.clients.manager.dao.Helper.validateCompany(Helper.java:279)
	at com.topcoder.clients.manager.dao.DAOCompanyManager.updateCompany(DAOCompanyManager.java:283)
	at com.topcoder.clients.manager.dao.TestDAOCompanyManager.testUpdateCompany_F_1(TestDAOCompanyManager.java:441)
	at sun.reflect.NativeMethodAccessorImpl.invoke0(Native Method)
	at sun.reflect.NativeMethodAccessorImpl.invoke(NativeMethodAccessorImpl.java:39)
	at sun.reflect.DelegatingMethodAccessorImpl.invoke(DelegatingMethodAccessorImpl.java:25)
	at java.lang.reflect.Method.invoke(Method.java:585)
	at junit.framework.TestCase.runTest(TestCase.java:154)
	at junit.framework.TestCase.runBare(TestCase.java:127)
	at junit.framework.TestResult$1.protect(TestResult.java:106)
	at junit.framework.TestResult.runProtected(TestResult.java:124)
	at junit.framework.TestResult.run(TestResult.java:109)
	at junit.framework.TestCase.run(TestCase.java:118)
	at junit.framework.TestSuite.runTest(TestSuite.java:208)
	at junit.framework.TestSuite.run(TestSuite.java:203)
	at junit.framework.TestSuite.runTest(TestSuite.java:208)
	at junit.framework.TestSuite.run(TestSuite.java:203)
	at junit.framework.TestSuite.runTest(TestSuite.java:208)
	at junit.framework.TestSuite.run(TestSuite.java:203)
	at org.apache.tools.ant.taskdefs.optional.junit.JUnitTestRunner.run(JUnitTestRunner.java:421)
	at org.apache.tools.ant.taskdefs.optional.junit.JUnitTestRunner.launch(JUnitTestRunner.java:912)
	at org.apache.tools.ant.taskdefs.optional.junit.JUnitTestRunner.main(JUnitTestRunner.java:766)
[Entering method <com.topcoder.clients.manager.dao.DAOCompanyManager.updateCompany(Company company)>; Parameters:{ ParamName<company>; ParamValue: <[ id=1 name=null passcode=null isDeleted=false]>  }  at 2008-08-26 09:36:31.765 ]
[Error occurred in method <com.topcoder.clients.manager.dao.DAOCompanyManager.updateCompany(Company company)>, cause by :
java.lang.IllegalArgumentException: The passcode of the company should not be null or empty (trimmed)
	at com.topcoder.clients.manager.dao.Helper.validateCompany(Helper.java:282)
	at com.topcoder.clients.manager.dao.DAOCompanyManager.updateCompany(DAOCompanyManager.java:283)
	at com.topcoder.clients.manager.dao.TestDAOCompanyManager.testUpdateCompany_F_2(TestDAOCompanyManager.java:463)
	at sun.reflect.NativeMethodAccessorImpl.invoke0(Native Method)
	at sun.reflect.NativeMethodAccessorImpl.invoke(NativeMethodAccessorImpl.java:39)
	at sun.reflect.DelegatingMethodAccessorImpl.invoke(DelegatingMethodAccessorImpl.java:25)
	at java.lang.reflect.Method.invoke(Method.java:585)
	at junit.framework.TestCase.runTest(TestCase.java:154)
	at junit.framework.TestCase.runBare(TestCase.java:127)
	at junit.framework.TestResult$1.protect(TestResult.java:106)
	at junit.framework.TestResult.runProtected(TestResult.java:124)
	at junit.framework.TestResult.run(TestResult.java:109)
	at junit.framework.TestCase.run(TestCase.java:118)
	at junit.framework.TestSuite.runTest(TestSuite.java:208)
	at junit.framework.TestSuite.run(TestSuite.java:203)
	at junit.framework.TestSuite.runTest(TestSuite.java:208)
	at junit.framework.TestSuite.run(TestSuite.java:203)
	at junit.framework.TestSuite.runTest(TestSuite.java:208)
	at junit.framework.TestSuite.run(TestSuite.java:203)
	at org.apache.tools.ant.taskdefs.optional.junit.JUnitTestRunner.run(JUnitTestRunner.java:421)
	at org.apache.tools.ant.taskdefs.optional.junit.JUnitTestRunner.launch(JUnitTestRunner.java:912)
	at org.apache.tools.ant.taskdefs.optional.junit.JUnitTestRunner.main(JUnitTestRunner.java:766)
[Entering method <com.topcoder.clients.manager.dao.DAOCompanyManager.updateCompany(Company company)>; Parameters:{ ParamName<company>; ParamValue: <[ id=1 name=null passcode= isDeleted=false]>  }  at 2008-08-26 09:36:31.781 ]
[Error occurred in method <com.topcoder.clients.manager.dao.DAOCompanyManager.updateCompany(Company company)>, cause by :
java.lang.IllegalArgumentException: The passcode of the company should not be null or empty (trimmed)
	at com.topcoder.clients.manager.dao.Helper.validateCompany(Helper.java:282)
	at com.topcoder.clients.manager.dao.DAOCompanyManager.updateCompany(DAOCompanyManager.java:283)
	at com.topcoder.clients.manager.dao.TestDAOCompanyManager.testUpdateCompany_F_3(TestDAOCompanyManager.java:485)
	at sun.reflect.NativeMethodAccessorImpl.invoke0(Native Method)
	at sun.reflect.NativeMethodAccessorImpl.invoke(NativeMethodAccessorImpl.java:39)
	at sun.reflect.DelegatingMethodAccessorImpl.invoke(DelegatingMethodAccessorImpl.java:25)
	at java.lang.reflect.Method.invoke(Method.java:585)
	at junit.framework.TestCase.runTest(TestCase.java:154)
	at junit.framework.TestCase.runBare(TestCase.java:127)
	at junit.framework.TestResult$1.protect(TestResult.java:106)
	at junit.framework.TestResult.runProtected(TestResult.java:124)
	at junit.framework.TestResult.run(TestResult.java:109)
	at junit.framework.TestCase.run(TestCase.java:118)
	at junit.framework.TestSuite.runTest(TestSuite.java:208)
	at junit.framework.TestSuite.run(TestSuite.java:203)
	at junit.framework.TestSuite.runTest(TestSuite.java:208)
	at junit.framework.TestSuite.run(TestSuite.java:203)
	at junit.framework.TestSuite.runTest(TestSuite.java:208)
	at junit.framework.TestSuite.run(TestSuite.java:203)
	at org.apache.tools.ant.taskdefs.optional.junit.JUnitTestRunner.run(JUnitTestRunner.java:421)
	at org.apache.tools.ant.taskdefs.optional.junit.JUnitTestRunner.launch(JUnitTestRunner.java:912)
	at org.apache.tools.ant.taskdefs.optional.junit.JUnitTestRunner.main(JUnitTestRunner.java:766)
[Entering method <com.topcoder.clients.manager.dao.DAOCompanyManager.updateCompany(Company company)>; Parameters:{ ParamName<company>; ParamValue: <[ id=1 name=null passcode=code isDeleted=true]>  }  at 2008-08-26 09:36:31.781 ]
[Error occurred in method <com.topcoder.clients.manager.dao.DAOCompanyManager.updateCompany(Company company)>, cause by :
java.lang.IllegalArgumentException: The company isDelete value should not be true.
	at com.topcoder.clients.manager.dao.Helper.validateCompany(Helper.java:286)
	at com.topcoder.clients.manager.dao.DAOCompanyManager.updateCompany(DAOCompanyManager.java:283)
	at com.topcoder.clients.manager.dao.TestDAOCompanyManager.testUpdateCompany_F_4(TestDAOCompanyManager.java:508)
	at sun.reflect.NativeMethodAccessorImpl.invoke0(Native Method)
	at sun.reflect.NativeMethodAccessorImpl.invoke(NativeMethodAccessorImpl.java:39)
	at sun.reflect.DelegatingMethodAccessorImpl.invoke(DelegatingMethodAccessorImpl.java:25)
	at java.lang.reflect.Method.invoke(Method.java:585)
	at junit.framework.TestCase.runTest(TestCase.java:154)
	at junit.framework.TestCase.runBare(TestCase.java:127)
	at junit.framework.TestResult$1.protect(TestResult.java:106)
	at junit.framework.TestResult.runProtected(TestResult.java:124)
	at junit.framework.TestResult.run(TestResult.java:109)
	at junit.framework.TestCase.run(TestCase.java:118)
	at junit.framework.TestSuite.runTest(TestSuite.java:208)
	at junit.framework.TestSuite.run(TestSuite.java:203)
	at junit.framework.TestSuite.runTest(TestSuite.java:208)
	at junit.framework.TestSuite.run(TestSuite.java:203)
	at junit.framework.TestSuite.runTest(TestSuite.java:208)
	at junit.framework.TestSuite.run(TestSuite.java:203)
	at org.apache.tools.ant.taskdefs.optional.junit.JUnitTestRunner.run(JUnitTestRunner.java:421)
	at org.apache.tools.ant.taskdefs.optional.junit.JUnitTestRunner.launch(JUnitTestRunner.java:912)
	at org.apache.tools.ant.taskdefs.optional.junit.JUnitTestRunner.main(JUnitTestRunner.java:766)
[Entering method <com.topcoder.clients.manager.dao.DAOCompanyManager.updateCompany(Company company)>; Parameters:{ ParamName<company>; ParamValue: <[ id=-1 name=null passcode=code isDeleted=false]>  }  at 2008-08-26 09:36:31.796 ]
[Error occurred in method <com.topcoder.clients.manager.dao.DAOCompanyManager.updateCompany(Company company)>, cause by :
com.topcoder.clients.manager.CompanyEntityNotFoundException:  The company with id=-1 does not exist.
	at com.topcoder.clients.manager.dao.DAOCompanyManager.handleCompanyEntityNotFoundException(DAOCompanyManager.java:354)
	at com.topcoder.clients.manager.dao.DAOCompanyManager.checkCompanyExist(DAOCompanyManager.java:336)
	at com.topcoder.clients.manager.dao.DAOCompanyManager.updateCompany(DAOCompanyManager.java:286)
	at com.topcoder.clients.manager.dao.TestDAOCompanyManager.testUpdateCompany_F_5(TestDAOCompanyManager.java:531)
	at sun.reflect.NativeMethodAccessorImpl.invoke0(Native Method)
	at sun.reflect.NativeMethodAccessorImpl.invoke(NativeMethodAccessorImpl.java:39)
	at sun.reflect.DelegatingMethodAccessorImpl.invoke(DelegatingMethodAccessorImpl.java:25)
	at java.lang.reflect.Method.invoke(Method.java:585)
	at junit.framework.TestCase.runTest(TestCase.java:154)
	at junit.framework.TestCase.runBare(TestCase.java:127)
	at junit.framework.TestResult$1.protect(TestResult.java:106)
	at junit.framework.TestResult.runProtected(TestResult.java:124)
	at junit.framework.TestResult.run(TestResult.java:109)
	at junit.framework.TestCase.run(TestCase.java:118)
	at junit.framework.TestSuite.runTest(TestSuite.java:208)
	at junit.framework.TestSuite.run(TestSuite.java:203)
	at junit.framework.TestSuite.runTest(TestSuite.java:208)
	at junit.framework.TestSuite.run(TestSuite.java:203)
	at junit.framework.TestSuite.runTest(TestSuite.java:208)
	at junit.framework.TestSuite.run(TestSuite.java:203)
	at org.apache.tools.ant.taskdefs.optional.junit.JUnitTestRunner.run(JUnitTestRunner.java:421)
	at org.apache.tools.ant.taskdefs.optional.junit.JUnitTestRunner.launch(JUnitTestRunner.java:912)
	at org.apache.tools.ant.taskdefs.optional.junit.JUnitTestRunner.main(JUnitTestRunner.java:766)
Caused by: java.lang.IllegalArgumentException: The id should not be negative.
	at com.topcoder.clients.manager.MockCompanyDAO.retrieveById(MockCompanyDAO.java:45)
	at com.topcoder.clients.manager.dao.DAOCompanyManager.checkCompanyExist(DAOCompanyManager.java:322)
	... 21 more
[Entering method <com.topcoder.clients.manager.dao.DAOCompanyManager.updateCompany(Company company)>; Parameters:{ ParamName<company>; ParamValue: <[ id=1 name=null passcode=code isDeleted=false]>  }  at 2008-08-26 09:36:31.796 ]
[Error occurred in method <com.topcoder.clients.manager.dao.DAOCompanyManager.updateCompany(Company company)>, cause by :
com.topcoder.clients.manager.CompanyEntityNotFoundException: The company  with id=1 does not exist in persistence.
	at com.topcoder.clients.manager.dao.DAOCompanyManager.checkCompanyExist(DAOCompanyManager.java:323)
	at com.topcoder.clients.manager.dao.DAOCompanyManager.updateCompany(DAOCompanyManager.java:286)
	at com.topcoder.clients.manager.dao.TestDAOCompanyManager.testUpdateCompany_F_6(TestDAOCompanyManager.java:554)
	at sun.reflect.NativeMethodAccessorImpl.invoke0(Native Method)
	at sun.reflect.NativeMethodAccessorImpl.invoke(NativeMethodAccessorImpl.java:39)
	at sun.reflect.DelegatingMethodAccessorImpl.invoke(DelegatingMethodAccessorImpl.java:25)
	at java.lang.reflect.Method.invoke(Method.java:585)
	at junit.framework.TestCase.runTest(TestCase.java:154)
	at junit.framework.TestCase.runBare(TestCase.java:127)
	at junit.framework.TestResult$1.protect(TestResult.java:106)
	at junit.framework.TestResult.runProtected(TestResult.java:124)
	at junit.framework.TestResult.run(TestResult.java:109)
	at junit.framework.TestCase.run(TestCase.java:118)
	at junit.framework.TestSuite.runTest(TestSuite.java:208)
	at junit.framework.TestSuite.run(TestSuite.java:203)
	at junit.framework.TestSuite.runTest(TestSuite.java:208)
	at junit.framework.TestSuite.run(TestSuite.java:203)
	at junit.framework.TestSuite.runTest(TestSuite.java:208)
	at junit.framework.TestSuite.run(TestSuite.java:203)
	at org.apache.tools.ant.taskdefs.optional.junit.JUnitTestRunner.run(JUnitTestRunner.java:421)
	at org.apache.tools.ant.taskdefs.optional.junit.JUnitTestRunner.launch(JUnitTestRunner.java:912)
	at org.apache.tools.ant.taskdefs.optional.junit.JUnitTestRunner.main(JUnitTestRunner.java:766)
[Entering method <com.topcoder.clients.manager.dao.DAOCompanyManager.updateCompany(Company company)>; Parameters:{ ParamName<company>; ParamValue: <[ id=-1 name=null passcode=code isDeleted=false]>  }  at 2008-08-26 09:36:31.812 ]
[Error occurred in method <com.topcoder.clients.manager.dao.DAOCompanyManager.updateCompany(Company company)>, cause by :
com.topcoder.clients.manager.CompanyEntityNotFoundException:  The company with id=-1 does not exist.
	at com.topcoder.clients.manager.dao.DAOCompanyManager.handleCompanyEntityNotFoundException(DAOCompanyManager.java:354)
	at com.topcoder.clients.manager.dao.DAOCompanyManager.checkCompanyExist(DAOCompanyManager.java:336)
	at com.topcoder.clients.manager.dao.DAOCompanyManager.updateCompany(DAOCompanyManager.java:286)
	at com.topcoder.clients.manager.dao.TestDAOCompanyManager.testUpdateCompany_F_6_2(TestDAOCompanyManager.java:577)
	at sun.reflect.NativeMethodAccessorImpl.invoke0(Native Method)
	at sun.reflect.NativeMethodAccessorImpl.invoke(NativeMethodAccessorImpl.java:39)
	at sun.reflect.DelegatingMethodAccessorImpl.invoke(DelegatingMethodAccessorImpl.java:25)
	at java.lang.reflect.Method.invoke(Method.java:585)
	at junit.framework.TestCase.runTest(TestCase.java:154)
	at junit.framework.TestCase.runBare(TestCase.java:127)
	at junit.framework.TestResult$1.protect(TestResult.java:106)
	at junit.framework.TestResult.runProtected(TestResult.java:124)
	at junit.framework.TestResult.run(TestResult.java:109)
	at junit.framework.TestCase.run(TestCase.java:118)
	at junit.framework.TestSuite.runTest(TestSuite.java:208)
	at junit.framework.TestSuite.run(TestSuite.java:203)
	at junit.framework.TestSuite.runTest(TestSuite.java:208)
	at junit.framework.TestSuite.run(TestSuite.java:203)
	at junit.framework.TestSuite.runTest(TestSuite.java:208)
	at junit.framework.TestSuite.run(TestSuite.java:203)
	at org.apache.tools.ant.taskdefs.optional.junit.JUnitTestRunner.run(JUnitTestRunner.java:421)
	at org.apache.tools.ant.taskdefs.optional.junit.JUnitTestRunner.launch(JUnitTestRunner.java:912)
	at org.apache.tools.ant.taskdefs.optional.junit.JUnitTestRunner.main(JUnitTestRunner.java:766)
Caused by: java.lang.IllegalArgumentException: The id should not be negative.
	at com.topcoder.clients.manager.MockCompanyDAO.retrieveById(MockCompanyDAO.java:45)
	at com.topcoder.clients.manager.dao.DAOCompanyManager.checkCompanyExist(DAOCompanyManager.java:322)
	... 21 more
[Entering method <com.topcoder.clients.manager.dao.DAOCompanyManager.updateCompany(Company company)>; Parameters:{ ParamName<company>; ParamValue: <[ id=6 name=null passcode=code isDeleted=false]>  }  at 2008-08-26 09:36:31.828 ]
[Error occurred in method <com.topcoder.clients.manager.dao.DAOCompanyManager.updateCompany(Company company)>, cause by :
com.topcoder.clients.manager.CompanyEntityNotFoundException:  The company with id=6 does not exist.
	at com.topcoder.clients.manager.dao.DAOCompanyManager.handleCompanyEntityNotFoundException(DAOCompanyManager.java:354)
	at com.topcoder.clients.manager.dao.DAOCompanyManager.checkCompanyExist(DAOCompanyManager.java:333)
	at com.topcoder.clients.manager.dao.DAOCompanyManager.updateCompany(DAOCompanyManager.java:286)
	at com.topcoder.clients.manager.dao.TestDAOCompanyManager.testUpdateCompany_F_6_3(TestDAOCompanyManager.java:600)
	at sun.reflect.NativeMethodAccessorImpl.invoke0(Native Method)
	at sun.reflect.NativeMethodAccessorImpl.invoke(NativeMethodAccessorImpl.java:39)
	at sun.reflect.DelegatingMethodAccessorImpl.invoke(DelegatingMethodAccessorImpl.java:25)
	at java.lang.reflect.Method.invoke(Method.java:585)
	at junit.framework.TestCase.runTest(TestCase.java:154)
	at junit.framework.TestCase.runBare(TestCase.java:127)
	at junit.framework.TestResult$1.protect(TestResult.java:106)
	at junit.framework.TestResult.runProtected(TestResult.java:124)
	at junit.framework.TestResult.run(TestResult.java:109)
	at junit.framework.TestCase.run(TestCase.java:118)
	at junit.framework.TestSuite.runTest(TestSuite.java:208)
	at junit.framework.TestSuite.run(TestSuite.java:203)
	at junit.framework.TestSuite.runTest(TestSuite.java:208)
	at junit.framework.TestSuite.run(TestSuite.java:203)
	at junit.framework.TestSuite.runTest(TestSuite.java:208)
	at junit.framework.TestSuite.run(TestSuite.java:203)
	at org.apache.tools.ant.taskdefs.optional.junit.JUnitTestRunner.run(JUnitTestRunner.java:421)
	at org.apache.tools.ant.taskdefs.optional.junit.JUnitTestRunner.launch(JUnitTestRunner.java:912)
	at org.apache.tools.ant.taskdefs.optional.junit.JUnitTestRunner.main(JUnitTestRunner.java:766)
Caused by: com.topcoder.clients.dao.EntityNotFoundException: For test
	at com.topcoder.clients.manager.MockCompanyDAO.retrieveById(MockCompanyDAO.java:83)
	at com.topcoder.clients.manager.dao.DAOCompanyManager.checkCompanyExist(DAOCompanyManager.java:322)
	... 21 more
[Entering method <com.topcoder.clients.manager.dao.DAOCompanyManager.updateCompany(Company company)>; Parameters:{ ParamName<company>; ParamValue: <[ id=2 name=DAOException passcode=code isDeleted=false]>  }  at 2008-08-26 09:36:31.828 ]
[Error occurred in method <com.topcoder.clients.manager.dao.DAOCompanyManager.updateCompany(Company company)>, cause by :
com.topcoder.clients.manager.CompanyManagerException: Fail to update the Company, cause by Throw for testing
	at com.topcoder.clients.manager.dao.DAOCompanyManager.wrapInnerException(DAOCompanyManager.java:254)
	at com.topcoder.clients.manager.dao.DAOCompanyManager.updateCompany(DAOCompanyManager.java:300)
	at com.topcoder.clients.manager.dao.TestDAOCompanyManager.testUpdateCompany_F_7(TestDAOCompanyManager.java:624)
	at sun.reflect.NativeMethodAccessorImpl.invoke0(Native Method)
	at sun.reflect.NativeMethodAccessorImpl.invoke(NativeMethodAccessorImpl.java:39)
	at sun.reflect.DelegatingMethodAccessorImpl.invoke(DelegatingMethodAccessorImpl.java:25)
	at java.lang.reflect.Method.invoke(Method.java:585)
	at junit.framework.TestCase.runTest(TestCase.java:154)
	at junit.framework.TestCase.runBare(TestCase.java:127)
	at junit.framework.TestResult$1.protect(TestResult.java:106)
	at junit.framework.TestResult.runProtected(TestResult.java:124)
	at junit.framework.TestResult.run(TestResult.java:109)
	at junit.framework.TestCase.run(TestCase.java:118)
	at junit.framework.TestSuite.runTest(TestSuite.java:208)
	at junit.framework.TestSuite.run(TestSuite.java:203)
	at junit.framework.TestSuite.runTest(TestSuite.java:208)
	at junit.framework.TestSuite.run(TestSuite.java:203)
	at junit.framework.TestSuite.runTest(TestSuite.java:208)
	at junit.framework.TestSuite.run(TestSuite.java:203)
	at org.apache.tools.ant.taskdefs.optional.junit.JUnitTestRunner.run(JUnitTestRunner.java:421)
	at org.apache.tools.ant.taskdefs.optional.junit.JUnitTestRunner.launch(JUnitTestRunner.java:912)
	at org.apache.tools.ant.taskdefs.optional.junit.JUnitTestRunner.main(JUnitTestRunner.java:766)
Caused by: com.topcoder.clients.dao.DAOException: Throw for testing
	at com.topcoder.clients.manager.MockCompanyDAO.save(MockCompanyDAO.java:164)
	at com.topcoder.clients.manager.dao.DAOCompanyManager.updateCompany(DAOCompanyManager.java:289)
	... 20 more
[Entering method <com.topcoder.clients.manager.dao.DAOCompanyManager.updateCompany(Company company)>; Parameters:{ ParamName<company>; ParamValue: <[ id=2 name=DAOConfigurationException passcode=code isDeleted=false]>  }  at 2008-08-26 09:36:31.843 ]
[Error occurred in method <com.topcoder.clients.manager.dao.DAOCompanyManager.updateCompany(Company company)>, cause by :
com.topcoder.clients.manager.CompanyManagerException: Fail to update the Company, cause by Throw for testing
	at com.topcoder.clients.manager.dao.DAOCompanyManager.wrapInnerException(DAOCompanyManager.java:254)
	at com.topcoder.clients.manager.dao.DAOCompanyManager.updateCompany(DAOCompanyManager.java:298)
	at com.topcoder.clients.manager.dao.TestDAOCompanyManager.testUpdateCompany_F_8(TestDAOCompanyManager.java:648)
	at sun.reflect.NativeMethodAccessorImpl.invoke0(Native Method)
	at sun.reflect.NativeMethodAccessorImpl.invoke(NativeMethodAccessorImpl.java:39)
	at sun.reflect.DelegatingMethodAccessorImpl.invoke(DelegatingMethodAccessorImpl.java:25)
	at java.lang.reflect.Method.invoke(Method.java:585)
	at junit.framework.TestCase.runTest(TestCase.java:154)
	at junit.framework.TestCase.runBare(TestCase.java:127)
	at junit.framework.TestResult$1.protect(TestResult.java:106)
	at junit.framework.TestResult.runProtected(TestResult.java:124)
	at junit.framework.TestResult.run(TestResult.java:109)
	at junit.framework.TestCase.run(TestCase.java:118)
	at junit.framework.TestSuite.runTest(TestSuite.java:208)
	at junit.framework.TestSuite.run(TestSuite.java:203)
	at junit.framework.TestSuite.runTest(TestSuite.java:208)
	at junit.framework.TestSuite.run(TestSuite.java:203)
	at junit.framework.TestSuite.runTest(TestSuite.java:208)
	at junit.framework.TestSuite.run(TestSuite.java:203)
	at org.apache.tools.ant.taskdefs.optional.junit.JUnitTestRunner.run(JUnitTestRunner.java:421)
	at org.apache.tools.ant.taskdefs.optional.junit.JUnitTestRunner.launch(JUnitTestRunner.java:912)
	at org.apache.tools.ant.taskdefs.optional.junit.JUnitTestRunner.main(JUnitTestRunner.java:766)
Caused by: com.topcoder.clients.dao.DAOConfigurationException: Throw for testing
	at com.topcoder.clients.manager.MockCompanyDAO.save(MockCompanyDAO.java:168)
	at com.topcoder.clients.manager.dao.DAOCompanyManager.updateCompany(DAOCompanyManager.java:289)
	... 20 more
[Entering method <com.topcoder.clients.manager.dao.DAOCompanyManager.updateCompany(Company company)>; Parameters:{ ParamName<company>; ParamValue: <[ id=2 name=ClassCastException passcode=code isDeleted=false]>  }  at 2008-08-26 09:36:31.843 ]
[Error occurred in method <com.topcoder.clients.manager.dao.DAOCompanyManager.updateCompany(Company company)>, cause by :
com.topcoder.clients.manager.CompanyManagerException: Fail to update the Company, cause by com.topcoder.clients.model.Client
	at com.topcoder.clients.manager.dao.DAOCompanyManager.wrapInnerException(DAOCompanyManager.java:254)
	at com.topcoder.clients.manager.dao.DAOCompanyManager.updateCompany(DAOCompanyManager.java:302)
	at com.topcoder.clients.manager.dao.TestDAOCompanyManager.testUpdateCompany_F_9(TestDAOCompanyManager.java:672)
	at sun.reflect.NativeMethodAccessorImpl.invoke0(Native Method)
	at sun.reflect.NativeMethodAccessorImpl.invoke(NativeMethodAccessorImpl.java:39)
	at sun.reflect.DelegatingMethodAccessorImpl.invoke(DelegatingMethodAccessorImpl.java:25)
	at java.lang.reflect.Method.invoke(Method.java:585)
	at junit.framework.TestCase.runTest(TestCase.java:154)
	at junit.framework.TestCase.runBare(TestCase.java:127)
	at junit.framework.TestResult$1.protect(TestResult.java:106)
	at junit.framework.TestResult.runProtected(TestResult.java:124)
	at junit.framework.TestResult.run(TestResult.java:109)
	at junit.framework.TestCase.run(TestCase.java:118)
	at junit.framework.TestSuite.runTest(TestSuite.java:208)
	at junit.framework.TestSuite.run(TestSuite.java:203)
	at junit.framework.TestSuite.runTest(TestSuite.java:208)
	at junit.framework.TestSuite.run(TestSuite.java:203)
	at junit.framework.TestSuite.runTest(TestSuite.java:208)
	at junit.framework.TestSuite.run(TestSuite.java:203)
	at org.apache.tools.ant.taskdefs.optional.junit.JUnitTestRunner.run(JUnitTestRunner.java:421)
	at org.apache.tools.ant.taskdefs.optional.junit.JUnitTestRunner.launch(JUnitTestRunner.java:912)
	at org.apache.tools.ant.taskdefs.optional.junit.JUnitTestRunner.main(JUnitTestRunner.java:766)
Caused by: java.lang.ClassCastException: com.topcoder.clients.model.Client
	at com.topcoder.clients.manager.dao.DAOCompanyManager.updateCompany(DAOCompanyManager.java:289)
	... 20 more
[Entering method <com.topcoder.clients.manager.dao.DAOCompanyManager.updateCompany(Company company)>; Parameters:{ ParamName<company>; ParamValue: <[ id=2 name=ok passcode=code isDeleted=false]>  }  at 2008-08-26 09:36:31.859 ]
[Exiting method <com.topcoder.clients.manager.dao.DAOCompanyManager.updateCompany(Company company)>; Return value:<[ id=2 name=ok passcode=code isDeleted=false]>]  at 2008-08-26 09:36:31.859
[Entering method <com.topcoder.clients.manager.dao.DAOCompanyManager.deleteCompany(Company company)>; Parameters:{ ParamName<company>; ParamValue: <null>  }  at 2008-08-26 09:36:31.859 ]
[Error occurred in method <com.topcoder.clients.manager.dao.DAOCompanyManager.deleteCompany(Company company)>, cause by :
java.lang.IllegalArgumentException: The parameter 'company' should not be null.
	at com.topcoder.clients.manager.dao.Helper.checkNull(Helper.java:69)
	at com.topcoder.clients.manager.dao.DAOCompanyManager.deleteCompany(DAOCompanyManager.java:382)
	at com.topcoder.clients.manager.dao.TestDAOCompanyManager.testDeleteCompany_F_1(TestDAOCompanyManager.java:711)
	at sun.reflect.NativeMethodAccessorImpl.invoke0(Native Method)
	at sun.reflect.NativeMethodAccessorImpl.invoke(NativeMethodAccessorImpl.java:39)
	at sun.reflect.DelegatingMethodAccessorImpl.invoke(DelegatingMethodAccessorImpl.java:25)
	at java.lang.reflect.Method.invoke(Method.java:585)
	at junit.framework.TestCase.runTest(TestCase.java:154)
	at junit.framework.TestCase.runBare(TestCase.java:127)
	at junit.framework.TestResult$1.protect(TestResult.java:106)
	at junit.framework.TestResult.runProtected(TestResult.java:124)
	at junit.framework.TestResult.run(TestResult.java:109)
	at junit.framework.TestCase.run(TestCase.java:118)
	at junit.framework.TestSuite.runTest(TestSuite.java:208)
	at junit.framework.TestSuite.run(TestSuite.java:203)
	at junit.framework.TestSuite.runTest(TestSuite.java:208)
	at junit.framework.TestSuite.run(TestSuite.java:203)
	at junit.framework.TestSuite.runTest(TestSuite.java:208)
	at junit.framework.TestSuite.run(TestSuite.java:203)
	at org.apache.tools.ant.taskdefs.optional.junit.JUnitTestRunner.run(JUnitTestRunner.java:421)
	at org.apache.tools.ant.taskdefs.optional.junit.JUnitTestRunner.launch(JUnitTestRunner.java:912)
	at org.apache.tools.ant.taskdefs.optional.junit.JUnitTestRunner.main(JUnitTestRunner.java:766)
[Entering method <com.topcoder.clients.manager.dao.DAOCompanyManager.deleteCompany(Company company)>; Parameters:{ ParamName<company>; ParamValue: <[ id=0 name=null passcode=null isDeleted=true]>  }  at 2008-08-26 09:36:31.875 ]
[Error occurred in method <com.topcoder.clients.manager.dao.DAOCompanyManager.deleteCompany(Company company)>, cause by :
java.lang.IllegalArgumentException: The isDeleted of company should not be true.
	at com.topcoder.clients.manager.dao.DAOCompanyManager.deleteCompany(DAOCompanyManager.java:384)
	at com.topcoder.clients.manager.dao.TestDAOCompanyManager.testDeleteCompany_F_2(TestDAOCompanyManager.java:731)
	at sun.reflect.NativeMethodAccessorImpl.invoke0(Native Method)
	at sun.reflect.NativeMethodAccessorImpl.invoke(NativeMethodAccessorImpl.java:39)
	at sun.reflect.DelegatingMethodAccessorImpl.invoke(DelegatingMethodAccessorImpl.java:25)
	at java.lang.reflect.Method.invoke(Method.java:585)
	at junit.framework.TestCase.runTest(TestCase.java:154)
	at junit.framework.TestCase.runBare(TestCase.java:127)
	at junit.framework.TestResult$1.protect(TestResult.java:106)
	at junit.framework.TestResult.runProtected(TestResult.java:124)
	at junit.framework.TestResult.run(TestResult.java:109)
	at junit.framework.TestCase.run(TestCase.java:118)
	at junit.framework.TestSuite.runTest(TestSuite.java:208)
	at junit.framework.TestSuite.run(TestSuite.java:203)
	at junit.framework.TestSuite.runTest(TestSuite.java:208)
	at junit.framework.TestSuite.run(TestSuite.java:203)
	at junit.framework.TestSuite.runTest(TestSuite.java:208)
	at junit.framework.TestSuite.run(TestSuite.java:203)
	at org.apache.tools.ant.taskdefs.optional.junit.JUnitTestRunner.run(JUnitTestRunner.java:421)
	at org.apache.tools.ant.taskdefs.optional.junit.JUnitTestRunner.launch(JUnitTestRunner.java:912)
	at org.apache.tools.ant.taskdefs.optional.junit.JUnitTestRunner.main(JUnitTestRunner.java:766)
[Entering method <com.topcoder.clients.manager.dao.DAOCompanyManager.deleteCompany(Company company)>; Parameters:{ ParamName<company>; ParamValue: <[ id=0 name=EntityNotFoundException passcode=null isDeleted=false]>  }  at 2008-08-26 09:36:31.875 ]
[Error occurred in method <com.topcoder.clients.manager.dao.DAOCompanyManager.deleteCompany(Company company)>, cause by :
com.topcoder.clients.manager.CompanyEntityNotFoundException:  The company with id=0 does not exist.
	at com.topcoder.clients.manager.dao.DAOCompanyManager.handleCompanyEntityNotFoundException(DAOCompanyManager.java:354)
	at com.topcoder.clients.manager.dao.DAOCompanyManager.deleteCompany(DAOCompanyManager.java:400)
	at com.topcoder.clients.manager.dao.TestDAOCompanyManager.testDeleteCompany_F_3(TestDAOCompanyManager.java:752)
	at sun.reflect.NativeMethodAccessorImpl.invoke0(Native Method)
	at sun.reflect.NativeMethodAccessorImpl.invoke(NativeMethodAccessorImpl.java:39)
	at sun.reflect.DelegatingMethodAccessorImpl.invoke(DelegatingMethodAccessorImpl.java:25)
	at java.lang.reflect.Method.invoke(Method.java:585)
	at junit.framework.TestCase.runTest(TestCase.java:154)
	at junit.framework.TestCase.runBare(TestCase.java:127)
	at junit.framework.TestResult$1.protect(TestResult.java:106)
	at junit.framework.TestResult.runProtected(TestResult.java:124)
	at junit.framework.TestResult.run(TestResult.java:109)
	at junit.framework.TestCase.run(TestCase.java:118)
	at junit.framework.TestSuite.runTest(TestSuite.java:208)
	at junit.framework.TestSuite.run(TestSuite.java:203)
	at junit.framework.TestSuite.runTest(TestSuite.java:208)
	at junit.framework.TestSuite.run(TestSuite.java:203)
	at junit.framework.TestSuite.runTest(TestSuite.java:208)
	at junit.framework.TestSuite.run(TestSuite.java:203)
	at org.apache.tools.ant.taskdefs.optional.junit.JUnitTestRunner.run(JUnitTestRunner.java:421)
	at org.apache.tools.ant.taskdefs.optional.junit.JUnitTestRunner.launch(JUnitTestRunner.java:912)
	at org.apache.tools.ant.taskdefs.optional.junit.JUnitTestRunner.main(JUnitTestRunner.java:766)
Caused by: com.topcoder.clients.dao.EntityNotFoundException: Throw for testing
	at com.topcoder.clients.manager.MockCompanyDAO.delete(MockCompanyDAO.java:192)
	at com.topcoder.clients.manager.dao.DAOCompanyManager.deleteCompany(DAOCompanyManager.java:388)
	... 20 more
[Entering method <com.topcoder.clients.manager.dao.DAOCompanyManager.deleteCompany(Company company)>; Parameters:{ ParamName<company>; ParamValue: <[ id=0 name=DAOException passcode=null isDeleted=false]>  }  at 2008-08-26 09:36:31.890 ]
[Error occurred in method <com.topcoder.clients.manager.dao.DAOCompanyManager.deleteCompany(Company company)>, cause by :
com.topcoder.clients.manager.CompanyManagerException: Fail to delete the Company , cause by Throw for testing
	at com.topcoder.clients.manager.dao.DAOCompanyManager.wrapInnerException(DAOCompanyManager.java:254)
	at com.topcoder.clients.manager.dao.DAOCompanyManager.deleteCompany(DAOCompanyManager.java:405)
	at com.topcoder.clients.manager.dao.TestDAOCompanyManager.testDeleteCompany_F_4(TestDAOCompanyManager.java:773)
	at sun.reflect.NativeMethodAccessorImpl.invoke0(Native Method)
	at sun.reflect.NativeMethodAccessorImpl.invoke(NativeMethodAccessorImpl.java:39)
	at sun.reflect.DelegatingMethodAccessorImpl.invoke(DelegatingMethodAccessorImpl.java:25)
	at java.lang.reflect.Method.invoke(Method.java:585)
	at junit.framework.TestCase.runTest(TestCase.java:154)
	at junit.framework.TestCase.runBare(TestCase.java:127)
	at junit.framework.TestResult$1.protect(TestResult.java:106)
	at junit.framework.TestResult.runProtected(TestResult.java:124)
	at junit.framework.TestResult.run(TestResult.java:109)
	at junit.framework.TestCase.run(TestCase.java:118)
	at junit.framework.TestSuite.runTest(TestSuite.java:208)
	at junit.framework.TestSuite.run(TestSuite.java:203)
	at junit.framework.TestSuite.runTest(TestSuite.java:208)
	at junit.framework.TestSuite.run(TestSuite.java:203)
	at junit.framework.TestSuite.runTest(TestSuite.java:208)
	at junit.framework.TestSuite.run(TestSuite.java:203)
	at org.apache.tools.ant.taskdefs.optional.junit.JUnitTestRunner.run(JUnitTestRunner.java:421)
	at org.apache.tools.ant.taskdefs.optional.junit.JUnitTestRunner.launch(JUnitTestRunner.java:912)
	at org.apache.tools.ant.taskdefs.optional.junit.JUnitTestRunner.main(JUnitTestRunner.java:766)
Caused by: com.topcoder.clients.dao.DAOException: Throw for testing
	at com.topcoder.clients.manager.MockCompanyDAO.delete(MockCompanyDAO.java:196)
	at com.topcoder.clients.manager.dao.DAOCompanyManager.deleteCompany(DAOCompanyManager.java:388)
	... 20 more
[Entering method <com.topcoder.clients.manager.dao.DAOCompanyManager.deleteCompany(Company company)>; Parameters:{ ParamName<company>; ParamValue: <[ id=0 name=DAOConfigurationException passcode=null isDeleted=false]>  }  at 2008-08-26 09:36:31.906 ]
[Error occurred in method <com.topcoder.clients.manager.dao.DAOCompanyManager.deleteCompany(Company company)>, cause by :
com.topcoder.clients.manager.CompanyManagerException: Fail to delete the Company, cause by Throw for testing
	at com.topcoder.clients.manager.dao.DAOCompanyManager.wrapInnerException(DAOCompanyManager.java:254)
	at com.topcoder.clients.manager.dao.DAOCompanyManager.deleteCompany(DAOCompanyManager.java:403)
	at com.topcoder.clients.manager.dao.TestDAOCompanyManager.testDeleteCompany_F_5(TestDAOCompanyManager.java:794)
	at sun.reflect.NativeMethodAccessorImpl.invoke0(Native Method)
	at sun.reflect.NativeMethodAccessorImpl.invoke(NativeMethodAccessorImpl.java:39)
	at sun.reflect.DelegatingMethodAccessorImpl.invoke(DelegatingMethodAccessorImpl.java:25)
	at java.lang.reflect.Method.invoke(Method.java:585)
	at junit.framework.TestCase.runTest(TestCase.java:154)
	at junit.framework.TestCase.runBare(TestCase.java:127)
	at junit.framework.TestResult$1.protect(TestResult.java:106)
	at junit.framework.TestResult.runProtected(TestResult.java:124)
	at junit.framework.TestResult.run(TestResult.java:109)
	at junit.framework.TestCase.run(TestCase.java:118)
	at junit.framework.TestSuite.runTest(TestSuite.java:208)
	at junit.framework.TestSuite.run(TestSuite.java:203)
	at junit.framework.TestSuite.runTest(TestSuite.java:208)
	at junit.framework.TestSuite.run(TestSuite.java:203)
	at junit.framework.TestSuite.runTest(TestSuite.java:208)
	at junit.framework.TestSuite.run(TestSuite.java:203)
	at org.apache.tools.ant.taskdefs.optional.junit.JUnitTestRunner.run(JUnitTestRunner.java:421)
	at org.apache.tools.ant.taskdefs.optional.junit.JUnitTestRunner.launch(JUnitTestRunner.java:912)
	at org.apache.tools.ant.taskdefs.optional.junit.JUnitTestRunner.main(JUnitTestRunner.java:766)
Caused by: com.topcoder.clients.dao.DAOConfigurationException: Throw for testing
	at com.topcoder.clients.manager.MockCompanyDAO.delete(MockCompanyDAO.java:200)
	at com.topcoder.clients.manager.dao.DAOCompanyManager.deleteCompany(DAOCompanyManager.java:388)
	... 20 more
[Entering method <com.topcoder.clients.manager.dao.DAOCompanyManager.deleteCompany(Company company)>; Parameters:{ ParamName<company>; ParamValue: <[ id=0 name=ok passcode=null isDeleted=false]>  }  at 2008-08-26 09:36:31.953 ]
[Exiting method <com.topcoder.clients.manager.dao.DAOCompanyManager.deleteCompany(Company company)>; Return value:<[ id=0 name=ok passcode=null isDeleted=true]>]  at 2008-08-26 09:36:31.953
[Entering method <com.topcoder.clients.manager.dao.DAOCompanyManager.retrieveCompany(long id)>; Parameters:{ ParamName<id>; ParamValue: <-1>  }  at 2008-08-26 09:36:31.953 ]
[Error occurred in method <com.topcoder.clients.manager.dao.DAOCompanyManager.retrieveCompany(long id)>, cause by :
java.lang.IllegalArgumentException: The parameter id should not be negative.
	at com.topcoder.clients.manager.dao.Helper.checkId(Helper.java:115)
	at com.topcoder.clients.manager.dao.DAOCompanyManager.retrieveCompany(DAOCompanyManager.java:426)
	at com.topcoder.clients.manager.dao.TestDAOCompanyManager.testRetrieveCompany_F_1(TestDAOCompanyManager.java:831)
	at sun.reflect.NativeMethodAccessorImpl.invoke0(Native Method)
	at sun.reflect.NativeMethodAccessorImpl.invoke(NativeMethodAccessorImpl.java:39)
	at sun.reflect.DelegatingMethodAccessorImpl.invoke(DelegatingMethodAccessorImpl.java:25)
	at java.lang.reflect.Method.invoke(Method.java:585)
	at junit.framework.TestCase.runTest(TestCase.java:154)
	at junit.framework.TestCase.runBare(TestCase.java:127)
	at junit.framework.TestResult$1.protect(TestResult.java:106)
	at junit.framework.TestResult.runProtected(TestResult.java:124)
	at junit.framework.TestResult.run(TestResult.java:109)
	at junit.framework.TestCase.run(TestCase.java:118)
	at junit.framework.TestSuite.runTest(TestSuite.java:208)
	at junit.framework.TestSuite.run(TestSuite.java:203)
	at junit.framework.TestSuite.runTest(TestSuite.java:208)
	at junit.framework.TestSuite.run(TestSuite.java:203)
	at junit.framework.TestSuite.runTest(TestSuite.java:208)
	at junit.framework.TestSuite.run(TestSuite.java:203)
	at org.apache.tools.ant.taskdefs.optional.junit.JUnitTestRunner.run(JUnitTestRunner.java:421)
	at org.apache.tools.ant.taskdefs.optional.junit.JUnitTestRunner.launch(JUnitTestRunner.java:912)
	at org.apache.tools.ant.taskdefs.optional.junit.JUnitTestRunner.main(JUnitTestRunner.java:766)
[Entering method <com.topcoder.clients.manager.dao.DAOCompanyManager.retrieveCompany(long id)>; Parameters:{ ParamName<id>; ParamValue: <4>  }  at 2008-08-26 09:36:31.968 ]
[Error occurred in method <com.topcoder.clients.manager.dao.DAOCompanyManager.retrieveCompany(long id)>, cause by :
com.topcoder.clients.manager.CompanyManagerException: Fail to retrieve company with id = 4 cause by for test
	at com.topcoder.clients.manager.dao.DAOCompanyManager.wrapInnerException(DAOCompanyManager.java:254)
	at com.topcoder.clients.manager.dao.DAOCompanyManager.retrieveCompany(DAOCompanyManager.java:440)
	at com.topcoder.clients.manager.dao.TestDAOCompanyManager.testRetrieveCompany_F_2(TestDAOCompanyManager.java:849)
	at sun.reflect.NativeMethodAccessorImpl.invoke0(Native Method)
	at sun.reflect.NativeMethodAccessorImpl.invoke(NativeMethodAccessorImpl.java:39)
	at sun.reflect.DelegatingMethodAccessorImpl.invoke(DelegatingMethodAccessorImpl.java:25)
	at java.lang.reflect.Method.invoke(Method.java:585)
	at junit.framework.TestCase.runTest(TestCase.java:154)
	at junit.framework.TestCase.runBare(TestCase.java:127)
	at junit.framework.TestResult$1.protect(TestResult.java:106)
	at junit.framework.TestResult.runProtected(TestResult.java:124)
	at junit.framework.TestResult.run(TestResult.java:109)
	at junit.framework.TestCase.run(TestCase.java:118)
	at junit.framework.TestSuite.runTest(TestSuite.java:208)
	at junit.framework.TestSuite.run(TestSuite.java:203)
	at junit.framework.TestSuite.runTest(TestSuite.java:208)
	at junit.framework.TestSuite.run(TestSuite.java:203)
	at junit.framework.TestSuite.runTest(TestSuite.java:208)
	at junit.framework.TestSuite.run(TestSuite.java:203)
	at org.apache.tools.ant.taskdefs.optional.junit.JUnitTestRunner.run(JUnitTestRunner.java:421)
	at org.apache.tools.ant.taskdefs.optional.junit.JUnitTestRunner.launch(JUnitTestRunner.java:912)
	at org.apache.tools.ant.taskdefs.optional.junit.JUnitTestRunner.main(JUnitTestRunner.java:766)
Caused by: com.topcoder.clients.dao.DAOException: for test
	at com.topcoder.clients.manager.MockCompanyDAO.retrieveById(MockCompanyDAO.java:75)
	at com.topcoder.clients.manager.dao.DAOCompanyManager.retrieveCompany(DAOCompanyManager.java:428)
	... 20 more
[Entering method <com.topcoder.clients.manager.dao.DAOCompanyManager.retrieveCompany(long id)>; Parameters:{ ParamName<id>; ParamValue: <5>  }  at 2008-08-26 09:36:31.968 ]
[Error occurred in method <com.topcoder.clients.manager.dao.DAOCompanyManager.retrieveCompany(long id)>, cause by :
com.topcoder.clients.manager.CompanyManagerException: Fail to retrieve company with id = 5 cause by test
	at com.topcoder.clients.manager.dao.DAOCompanyManager.wrapInnerException(DAOCompanyManager.java:254)
	at com.topcoder.clients.manager.dao.DAOCompanyManager.retrieveCompany(DAOCompanyManager.java:437)
	at com.topcoder.clients.manager.dao.TestDAOCompanyManager.testRetrieveCompany_F_3(TestDAOCompanyManager.java:867)
	at sun.reflect.NativeMethodAccessorImpl.invoke0(Native Method)
	at sun.reflect.NativeMethodAccessorImpl.invoke(NativeMethodAccessorImpl.java:39)
	at sun.reflect.DelegatingMethodAccessorImpl.invoke(DelegatingMethodAccessorImpl.java:25)
	at java.lang.reflect.Method.invoke(Method.java:585)
	at junit.framework.TestCase.runTest(TestCase.java:154)
	at junit.framework.TestCase.runBare(TestCase.java:127)
	at junit.framework.TestResult$1.protect(TestResult.java:106)
	at junit.framework.TestResult.runProtected(TestResult.java:124)
	at junit.framework.TestResult.run(TestResult.java:109)
	at junit.framework.TestCase.run(TestCase.java:118)
	at junit.framework.TestSuite.runTest(TestSuite.java:208)
	at junit.framework.TestSuite.run(TestSuite.java:203)
	at junit.framework.TestSuite.runTest(TestSuite.java:208)
	at junit.framework.TestSuite.run(TestSuite.java:203)
	at junit.framework.TestSuite.runTest(TestSuite.java:208)
	at junit.framework.TestSuite.run(TestSuite.java:203)
	at org.apache.tools.ant.taskdefs.optional.junit.JUnitTestRunner.run(JUnitTestRunner.java:421)
	at org.apache.tools.ant.taskdefs.optional.junit.JUnitTestRunner.launch(JUnitTestRunner.java:912)
	at org.apache.tools.ant.taskdefs.optional.junit.JUnitTestRunner.main(JUnitTestRunner.java:766)
Caused by: com.topcoder.clients.dao.DAOConfigurationException: test
	at com.topcoder.clients.manager.MockCompanyDAO.retrieveById(MockCompanyDAO.java:79)
	at com.topcoder.clients.manager.dao.DAOCompanyManager.retrieveCompany(DAOCompanyManager.java:428)
	... 20 more
[Entering method <com.topcoder.clients.manager.dao.DAOCompanyManager.retrieveCompany(long id)>; Parameters:{ ParamName<id>; ParamValue: <3>  }  at 2008-08-26 09:36:31.984 ]
[Error occurred in method <com.topcoder.clients.manager.dao.DAOCompanyManager.retrieveCompany(long id)>, cause by :
com.topcoder.clients.manager.CompanyManagerException: The entity retrieved is not a Company instance, cause by com.topcoder.clients.model.Client
	at com.topcoder.clients.manager.dao.DAOCompanyManager.wrapInnerException(DAOCompanyManager.java:254)
	at com.topcoder.clients.manager.dao.DAOCompanyManager.retrieveCompany(DAOCompanyManager.java:443)
	at com.topcoder.clients.manager.dao.TestDAOCompanyManager.testRetrieveCompany_F_4(TestDAOCompanyManager.java:885)
	at sun.reflect.NativeMethodAccessorImpl.invoke0(Native Method)
	at sun.reflect.NativeMethodAccessorImpl.invoke(NativeMethodAccessorImpl.java:39)
	at sun.reflect.DelegatingMethodAccessorImpl.invoke(DelegatingMethodAccessorImpl.java:25)
	at java.lang.reflect.Method.invoke(Method.java:585)
	at junit.framework.TestCase.runTest(TestCase.java:154)
	at junit.framework.TestCase.runBare(TestCase.java:127)
	at junit.framework.TestResult$1.protect(TestResult.java:106)
	at junit.framework.TestResult.runProtected(TestResult.java:124)
	at junit.framework.TestResult.run(TestResult.java:109)
	at junit.framework.TestCase.run(TestCase.java:118)
	at junit.framework.TestSuite.runTest(TestSuite.java:208)
	at junit.framework.TestSuite.run(TestSuite.java:203)
	at junit.framework.TestSuite.runTest(TestSuite.java:208)
	at junit.framework.TestSuite.run(TestSuite.java:203)
	at junit.framework.TestSuite.runTest(TestSuite.java:208)
	at junit.framework.TestSuite.run(TestSuite.java:203)
	at org.apache.tools.ant.taskdefs.optional.junit.JUnitTestRunner.run(JUnitTestRunner.java:421)
	at org.apache.tools.ant.taskdefs.optional.junit.JUnitTestRunner.launch(JUnitTestRunner.java:912)
	at org.apache.tools.ant.taskdefs.optional.junit.JUnitTestRunner.main(JUnitTestRunner.java:766)
Caused by: java.lang.ClassCastException: com.topcoder.clients.model.Client
	at com.topcoder.clients.manager.dao.DAOCompanyManager.retrieveCompany(DAOCompanyManager.java:428)
	... 20 more
[Entering method <com.topcoder.clients.manager.dao.DAOCompanyManager.retrieveCompany(long id)>; Parameters:{ ParamName<id>; ParamValue: <2>  }  at 2008-08-26 09:36:32.000 ]
[Exiting method <com.topcoder.clients.manager.dao.DAOCompanyManager.retrieveCompany(long id)>; Return value:<[ id=2 name=null passcode=code isDeleted=false]>]  at 2008-08-26 09:36:32.000
[Entering method <com.topcoder.clients.manager.dao.DAOCompanyManager.retrieveAllCompanies>; Parameters:{ }  at 2008-08-26 09:36:32.000 ]
[Exiting method <com.topcoder.clients.manager.dao.DAOCompanyManager.retrieveAllCompanies>; Return value:<[]>]  at 2008-08-26 09:36:32.000
[Entering method <com.topcoder.clients.manager.dao.DAOCompanyManager.searchCompaniesByName(String name)>; Parameters:{ ParamName<name>; ParamValue: <null>  }  at 2008-08-26 09:36:32.000 ]
[Error occurred in method <com.topcoder.clients.manager.dao.DAOCompanyManager.searchCompaniesByName(String name)>, cause by :
java.lang.IllegalArgumentException: The parameter 'name' should not be null.
	at com.topcoder.clients.manager.dao.Helper.checkNull(Helper.java:69)
	at com.topcoder.clients.manager.dao.Helper.checkString(Helper.java:98)
	at com.topcoder.clients.manager.dao.DAOCompanyManager.searchCompaniesByName(DAOCompanyManager.java:488)
	at com.topcoder.clients.manager.dao.TestDAOCompanyManager.testSearchCompaniesByName_F_1(TestDAOCompanyManager.java:935)
	at sun.reflect.NativeMethodAccessorImpl.invoke0(Native Method)
	at sun.reflect.NativeMethodAccessorImpl.invoke(NativeMethodAccessorImpl.java:39)
	at sun.reflect.DelegatingMethodAccessorImpl.invoke(DelegatingMethodAccessorImpl.java:25)
	at java.lang.reflect.Method.invoke(Method.java:585)
	at junit.framework.TestCase.runTest(TestCase.java:154)
	at junit.framework.TestCase.runBare(TestCase.java:127)
	at junit.framework.TestResult$1.protect(TestResult.java:106)
	at junit.framework.TestResult.runProtected(TestResult.java:124)
	at junit.framework.TestResult.run(TestResult.java:109)
	at junit.framework.TestCase.run(TestCase.java:118)
	at junit.framework.TestSuite.runTest(TestSuite.java:208)
	at junit.framework.TestSuite.run(TestSuite.java:203)
	at junit.framework.TestSuite.runTest(TestSuite.java:208)
	at junit.framework.TestSuite.run(TestSuite.java:203)
	at junit.framework.TestSuite.runTest(TestSuite.java:208)
	at junit.framework.TestSuite.run(TestSuite.java:203)
	at org.apache.tools.ant.taskdefs.optional.junit.JUnitTestRunner.run(JUnitTestRunner.java:421)
	at org.apache.tools.ant.taskdefs.optional.junit.JUnitTestRunner.launch(JUnitTestRunner.java:912)
	at org.apache.tools.ant.taskdefs.optional.junit.JUnitTestRunner.main(JUnitTestRunner.java:766)
[Entering method <com.topcoder.clients.manager.dao.DAOCompanyManager.searchCompaniesByName(String name)>; Parameters:{ ParamName<name>; ParamValue: <  >  }  at 2008-08-26 09:36:32.015 ]
[Error occurred in method <com.topcoder.clients.manager.dao.DAOCompanyManager.searchCompaniesByName(String name)>, cause by :
java.lang.IllegalArgumentException: The parameter with name should not be empty string.
	at com.topcoder.clients.manager.dao.Helper.checkString(Helper.java:101)
	at com.topcoder.clients.manager.dao.DAOCompanyManager.searchCompaniesByName(DAOCompanyManager.java:488)
	at com.topcoder.clients.manager.dao.TestDAOCompanyManager.testSearchCompaniesByName_F_2(TestDAOCompanyManager.java:953)
	at sun.reflect.NativeMethodAccessorImpl.invoke0(Native Method)
	at sun.reflect.NativeMethodAccessorImpl.invoke(NativeMethodAccessorImpl.java:39)
	at sun.reflect.DelegatingMethodAccessorImpl.invoke(DelegatingMethodAccessorImpl.java:25)
	at java.lang.reflect.Method.invoke(Method.java:585)
	at junit.framework.TestCase.runTest(TestCase.java:154)
	at junit.framework.TestCase.runBare(TestCase.java:127)
	at junit.framework.TestResult$1.protect(TestResult.java:106)
	at junit.framework.TestResult.runProtected(TestResult.java:124)
	at junit.framework.TestResult.run(TestResult.java:109)
	at junit.framework.TestCase.run(TestCase.java:118)
	at junit.framework.TestSuite.runTest(TestSuite.java:208)
	at junit.framework.TestSuite.run(TestSuite.java:203)
	at junit.framework.TestSuite.runTest(TestSuite.java:208)
	at junit.framework.TestSuite.run(TestSuite.java:203)
	at junit.framework.TestSuite.runTest(TestSuite.java:208)
	at junit.framework.TestSuite.run(TestSuite.java:203)
	at org.apache.tools.ant.taskdefs.optional.junit.JUnitTestRunner.run(JUnitTestRunner.java:421)
	at org.apache.tools.ant.taskdefs.optional.junit.JUnitTestRunner.launch(JUnitTestRunner.java:912)
	at org.apache.tools.ant.taskdefs.optional.junit.JUnitTestRunner.main(JUnitTestRunner.java:766)
[Entering method <com.topcoder.clients.manager.dao.DAOCompanyManager.searchCompaniesByName(String name)>; Parameters:{ ParamName<name>; ParamValue: <DAOException>  }  at 2008-08-26 09:36:32.031 ]
[Error occurred in method <com.topcoder.clients.manager.dao.DAOCompanyManager.searchCompaniesByName(String name)>, cause by :
com.topcoder.clients.manager.CompanyManagerException: Fail to search companies by name = DAOException cause by Throw for testing
	at com.topcoder.clients.manager.dao.DAOCompanyManager.wrapInnerException(DAOCompanyManager.java:254)
	at com.topcoder.clients.manager.dao.DAOCompanyManager.searchCompaniesByName(DAOCompanyManager.java:502)
	at com.topcoder.clients.manager.dao.TestDAOCompanyManager.testSearchCompaniesByName_F_3(TestDAOCompanyManager.java:971)
	at sun.reflect.NativeMethodAccessorImpl.invoke0(Native Method)
	at sun.reflect.NativeMethodAccessorImpl.invoke(NativeMethodAccessorImpl.java:39)
	at sun.reflect.DelegatingMethodAccessorImpl.invoke(DelegatingMethodAccessorImpl.java:25)
	at java.lang.reflect.Method.invoke(Method.java:585)
	at junit.framework.TestCase.runTest(TestCase.java:154)
	at junit.framework.TestCase.runBare(TestCase.java:127)
	at junit.framework.TestResult$1.protect(TestResult.java:106)
	at junit.framework.TestResult.runProtected(TestResult.java:124)
	at junit.framework.TestResult.run(TestResult.java:109)
	at junit.framework.TestCase.run(TestCase.java:118)
	at junit.framework.TestSuite.runTest(TestSuite.java:208)
	at junit.framework.TestSuite.run(TestSuite.java:203)
	at junit.framework.TestSuite.runTest(TestSuite.java:208)
	at junit.framework.TestSuite.run(TestSuite.java:203)
	at junit.framework.TestSuite.runTest(TestSuite.java:208)
	at junit.framework.TestSuite.run(TestSuite.java:203)
	at org.apache.tools.ant.taskdefs.optional.junit.JUnitTestRunner.run(JUnitTestRunner.java:421)
	at org.apache.tools.ant.taskdefs.optional.junit.JUnitTestRunner.launch(JUnitTestRunner.java:912)
	at org.apache.tools.ant.taskdefs.optional.junit.JUnitTestRunner.main(JUnitTestRunner.java:766)
Caused by: com.topcoder.clients.dao.DAOException: Throw for testing
	at com.topcoder.clients.manager.MockCompanyDAO.searchByName(MockCompanyDAO.java:112)
	at com.topcoder.clients.manager.dao.DAOCompanyManager.searchCompaniesByName(DAOCompanyManager.java:490)
	... 20 more
[Entering method <com.topcoder.clients.manager.dao.DAOCompanyManager.searchCompaniesByName(String name)>; Parameters:{ ParamName<name>; ParamValue: <DAOConfigurationException>  }  at 2008-08-26 09:36:32.031 ]
[Error occurred in method <com.topcoder.clients.manager.dao.DAOCompanyManager.searchCompaniesByName(String name)>, cause by :
com.topcoder.clients.manager.CompanyManagerException: Fail to search companies by name=DAOConfigurationException cause by Throw for testing
	at com.topcoder.clients.manager.dao.DAOCompanyManager.wrapInnerException(DAOCompanyManager.java:254)
	at com.topcoder.clients.manager.dao.DAOCompanyManager.searchCompaniesByName(DAOCompanyManager.java:499)
	at com.topcoder.clients.manager.dao.TestDAOCompanyManager.testSearchCompaniesByName_F_4(TestDAOCompanyManager.java:989)
	at sun.reflect.NativeMethodAccessorImpl.invoke0(Native Method)
	at sun.reflect.NativeMethodAccessorImpl.invoke(NativeMethodAccessorImpl.java:39)
	at sun.reflect.DelegatingMethodAccessorImpl.invoke(DelegatingMethodAccessorImpl.java:25)
	at java.lang.reflect.Method.invoke(Method.java:585)
	at junit.framework.TestCase.runTest(TestCase.java:154)
	at junit.framework.TestCase.runBare(TestCase.java:127)
	at junit.framework.TestResult$1.protect(TestResult.java:106)
	at junit.framework.TestResult.runProtected(TestResult.java:124)
	at junit.framework.TestResult.run(TestResult.java:109)
	at junit.framework.TestCase.run(TestCase.java:118)
	at junit.framework.TestSuite.runTest(TestSuite.java:208)
	at junit.framework.TestSuite.run(TestSuite.java:203)
	at junit.framework.TestSuite.runTest(TestSuite.java:208)
	at junit.framework.TestSuite.run(TestSuite.java:203)
	at junit.framework.TestSuite.runTest(TestSuite.java:208)
	at junit.framework.TestSuite.run(TestSuite.java:203)
	at org.apache.tools.ant.taskdefs.optional.junit.JUnitTestRunner.run(JUnitTestRunner.java:421)
	at org.apache.tools.ant.taskdefs.optional.junit.JUnitTestRunner.launch(JUnitTestRunner.java:912)
	at org.apache.tools.ant.taskdefs.optional.junit.JUnitTestRunner.main(JUnitTestRunner.java:766)
Caused by: com.topcoder.clients.dao.DAOConfigurationException: Throw for testing
	at com.topcoder.clients.manager.MockCompanyDAO.searchByName(MockCompanyDAO.java:116)
	at com.topcoder.clients.manager.dao.DAOCompanyManager.searchCompaniesByName(DAOCompanyManager.java:490)
	... 20 more
[Entering method <com.topcoder.clients.manager.dao.DAOCompanyManager.searchCompaniesByName(String name)>; Parameters:{ ParamName<name>; ParamValue: <ok>  }  at 2008-08-26 09:36:32.046 ]
[Exiting method <com.topcoder.clients.manager.dao.DAOCompanyManager.searchCompaniesByName(String name)>; Return value:<[]>]  at 2008-08-26 09:36:32.046
[Entering method <com.topcoder.clients.manager.dao.DAOCompanyManager.searchCompanies(Filter filter)>; Parameters:{ ParamName<filter>; ParamValue: <null>  }  at 2008-08-26 09:36:32.046 ]
[Error occurred in method <com.topcoder.clients.manager.dao.DAOCompanyManager.searchCompanies(Filter filter)>, cause by :
java.lang.IllegalArgumentException: The parameter 'filter' should not be null.
	at com.topcoder.clients.manager.dao.Helper.checkNull(Helper.java:69)
	at com.topcoder.clients.manager.dao.DAOCompanyManager.searchCompanies(DAOCompanyManager.java:526)
	at com.topcoder.clients.manager.dao.TestDAOCompanyManager.testSearchCompanies_F_1(TestDAOCompanyManager.java:1023)
	at sun.reflect.NativeMethodAccessorImpl.invoke0(Native Method)
	at sun.reflect.NativeMethodAccessorImpl.invoke(NativeMethodAccessorImpl.java:39)
	at sun.reflect.DelegatingMethodAccessorImpl.invoke(DelegatingMethodAccessorImpl.java:25)
	at java.lang.reflect.Method.invoke(Method.java:585)
	at junit.framework.TestCase.runTest(TestCase.java:154)
	at junit.framework.TestCase.runBare(TestCase.java:127)
	at junit.framework.TestResult$1.protect(TestResult.java:106)
	at junit.framework.TestResult.runProtected(TestResult.java:124)
	at junit.framework.TestResult.run(TestResult.java:109)
	at junit.framework.TestCase.run(TestCase.java:118)
	at junit.framework.TestSuite.runTest(TestSuite.java:208)
	at junit.framework.TestSuite.run(TestSuite.java:203)
	at junit.framework.TestSuite.runTest(TestSuite.java:208)
	at junit.framework.TestSuite.run(TestSuite.java:203)
	at junit.framework.TestSuite.runTest(TestSuite.java:208)
	at junit.framework.TestSuite.run(TestSuite.java:203)
	at org.apache.tools.ant.taskdefs.optional.junit.JUnitTestRunner.run(JUnitTestRunner.java:421)
	at org.apache.tools.ant.taskdefs.optional.junit.JUnitTestRunner.launch(JUnitTestRunner.java:912)
	at org.apache.tools.ant.taskdefs.optional.junit.JUnitTestRunner.main(JUnitTestRunner.java:766)
[Entering method <com.topcoder.clients.manager.dao.DAOCompanyManager.searchCompanies(Filter filter)>; Parameters:{ ParamName<filter>; ParamValue: <com.topcoder.search.builder.filter.EqualToFilter@1a5f739>  }  at 2008-08-26 09:36:32.062 ]
[Error occurred in method <com.topcoder.clients.manager.dao.DAOCompanyManager.searchCompanies(Filter filter)>, cause by :
com.topcoder.clients.manager.CompanyManagerException: Fail to search companies by filter, cause by Throw for testing
	at com.topcoder.clients.manager.dao.DAOCompanyManager.wrapInnerException(DAOCompanyManager.java:254)
	at com.topcoder.clients.manager.dao.DAOCompanyManager.searchCompanies(DAOCompanyManager.java:537)
	at com.topcoder.clients.manager.dao.TestDAOCompanyManager.testSearchCompanies_F_2(TestDAOCompanyManager.java:1043)
	at sun.reflect.NativeMethodAccessorImpl.invoke0(Native Method)
	at sun.reflect.NativeMethodAccessorImpl.invoke(NativeMethodAccessorImpl.java:39)
	at sun.reflect.DelegatingMethodAccessorImpl.invoke(DelegatingMethodAccessorImpl.java:25)
	at java.lang.reflect.Method.invoke(Method.java:585)
	at junit.framework.TestCase.runTest(TestCase.java:154)
	at junit.framework.TestCase.runBare(TestCase.java:127)
	at junit.framework.TestResult$1.protect(TestResult.java:106)
	at junit.framework.TestResult.runProtected(TestResult.java:124)
	at junit.framework.TestResult.run(TestResult.java:109)
	at junit.framework.TestCase.run(TestCase.java:118)
	at junit.framework.TestSuite.runTest(TestSuite.java:208)
	at junit.framework.TestSuite.run(TestSuite.java:203)
	at junit.framework.TestSuite.runTest(TestSuite.java:208)
	at junit.framework.TestSuite.run(TestSuite.java:203)
	at junit.framework.TestSuite.runTest(TestSuite.java:208)
	at junit.framework.TestSuite.run(TestSuite.java:203)
	at org.apache.tools.ant.taskdefs.optional.junit.JUnitTestRunner.run(JUnitTestRunner.java:421)
	at org.apache.tools.ant.taskdefs.optional.junit.JUnitTestRunner.launch(JUnitTestRunner.java:912)
	at org.apache.tools.ant.taskdefs.optional.junit.JUnitTestRunner.main(JUnitTestRunner.java:766)
Caused by: com.topcoder.clients.dao.DAOException: Throw for testing
	at com.topcoder.clients.manager.MockCompanyDAO.search(MockCompanyDAO.java:139)
	at com.topcoder.clients.manager.dao.DAOCompanyManager.searchCompanies(DAOCompanyManager.java:528)
	... 20 more
[Entering method <com.topcoder.clients.manager.dao.DAOCompanyManager.searchCompanies(Filter filter)>; Parameters:{ ParamName<filter>; ParamValue: <com.topcoder.search.builder.filter.EqualToFilter@172e449>  }  at 2008-08-26 09:36:32.062 ]
[Error occurred in method <com.topcoder.clients.manager.dao.DAOCompanyManager.searchCompanies(Filter filter)>, cause by :
com.topcoder.clients.manager.CompanyManagerException: Fail to search companies by filter, cause by Throw for testing
	at com.topcoder.clients.manager.dao.DAOCompanyManager.wrapInnerException(DAOCompanyManager.java:254)
	at com.topcoder.clients.manager.dao.DAOCompanyManager.searchCompanies(DAOCompanyManager.java:540)
	at com.topcoder.clients.manager.dao.TestDAOCompanyManager.testSearchCompanies_F_3(TestDAOCompanyManager.java:1063)
	at sun.reflect.NativeMethodAccessorImpl.invoke0(Native Method)
	at sun.reflect.NativeMethodAccessorImpl.invoke(NativeMethodAccessorImpl.java:39)
	at sun.reflect.DelegatingMethodAccessorImpl.invoke(DelegatingMethodAccessorImpl.java:25)
	at java.lang.reflect.Method.invoke(Method.java:585)
	at junit.framework.TestCase.runTest(TestCase.java:154)
	at junit.framework.TestCase.runBare(TestCase.java:127)
	at junit.framework.TestResult$1.protect(TestResult.java:106)
	at junit.framework.TestResult.runProtected(TestResult.java:124)
	at junit.framework.TestResult.run(TestResult.java:109)
	at junit.framework.TestCase.run(TestCase.java:118)
	at junit.framework.TestSuite.runTest(TestSuite.java:208)
	at junit.framework.TestSuite.run(TestSuite.java:203)
	at junit.framework.TestSuite.runTest(TestSuite.java:208)
	at junit.framework.TestSuite.run(TestSuite.java:203)
	at junit.framework.TestSuite.runTest(TestSuite.java:208)
	at junit.framework.TestSuite.run(TestSuite.java:203)
	at org.apache.tools.ant.taskdefs.optional.junit.JUnitTestRunner.run(JUnitTestRunner.java:421)
	at org.apache.tools.ant.taskdefs.optional.junit.JUnitTestRunner.launch(JUnitTestRunner.java:912)
	at org.apache.tools.ant.taskdefs.optional.junit.JUnitTestRunner.main(JUnitTestRunner.java:766)
Caused by: com.topcoder.clients.dao.DAOConfigurationException: Throw for testing
	at com.topcoder.clients.manager.MockCompanyDAO.search(MockCompanyDAO.java:143)
	at com.topcoder.clients.manager.dao.DAOCompanyManager.searchCompanies(DAOCompanyManager.java:528)
	... 20 more
[Entering method <com.topcoder.clients.manager.dao.DAOCompanyManager.searchCompanies(Filter filter)>; Parameters:{ ParamName<filter>; ParamValue: <com.topcoder.search.builder.filter.EqualToFilter@288051>  }  at 2008-08-26 09:36:32.078 ]
[Exiting method <com.topcoder.clients.manager.dao.DAOCompanyManager.searchCompanies(Filter filter)>; Return value:<[]>]  at 2008-08-26 09:36:32.078
[Entering method <com.topcoder.clients.manager.dao.DAOCompanyManager.getClientsForCompany(Company company)>; Parameters:{ ParamName<company>; ParamValue: <null>  }  at 2008-08-26 09:36:32.078 ]
[Error occurred in method <com.topcoder.clients.manager.dao.DAOCompanyManager.getClientsForCompany(Company company)>, cause by :
java.lang.IllegalArgumentException: The parameter 'company' should not be null.
	at com.topcoder.clients.manager.dao.Helper.checkNull(Helper.java:69)
	at com.topcoder.clients.manager.dao.DAOCompanyManager.getClientsForCompany(DAOCompanyManager.java:563)
	at com.topcoder.clients.manager.dao.TestDAOCompanyManager.testGetClientsForCompany_F_1(TestDAOCompanyManager.java:1098)
	at sun.reflect.NativeMethodAccessorImpl.invoke0(Native Method)
	at sun.reflect.NativeMethodAccessorImpl.invoke(NativeMethodAccessorImpl.java:39)
	at sun.reflect.DelegatingMethodAccessorImpl.invoke(DelegatingMethodAccessorImpl.java:25)
	at java.lang.reflect.Method.invoke(Method.java:585)
	at junit.framework.TestCase.runTest(TestCase.java:154)
	at junit.framework.TestCase.runBare(TestCase.java:127)
	at junit.framework.TestResult$1.protect(TestResult.java:106)
	at junit.framework.TestResult.runProtected(TestResult.java:124)
	at junit.framework.TestResult.run(TestResult.java:109)
	at junit.framework.TestCase.run(TestCase.java:118)
	at junit.framework.TestSuite.runTest(TestSuite.java:208)
	at junit.framework.TestSuite.run(TestSuite.java:203)
	at junit.framework.TestSuite.runTest(TestSuite.java:208)
	at junit.framework.TestSuite.run(TestSuite.java:203)
	at junit.framework.TestSuite.runTest(TestSuite.java:208)
	at junit.framework.TestSuite.run(TestSuite.java:203)
	at org.apache.tools.ant.taskdefs.optional.junit.JUnitTestRunner.run(JUnitTestRunner.java:421)
	at org.apache.tools.ant.taskdefs.optional.junit.JUnitTestRunner.launch(JUnitTestRunner.java:912)
	at org.apache.tools.ant.taskdefs.optional.junit.JUnitTestRunner.main(JUnitTestRunner.java:766)
[Entering method <com.topcoder.clients.manager.dao.DAOCompanyManager.getClientsForCompany(Company company)>; Parameters:{ ParamName<company>; ParamValue: <[ id=-1 name=null passcode=null isDeleted=false]>  }  at 2008-08-26 09:36:32.093 ]
[Error occurred in method <com.topcoder.clients.manager.dao.DAOCompanyManager.getClientsForCompany(Company company)>, cause by :
java.lang.IllegalArgumentException: The parameter id should not be negative.
	at com.topcoder.clients.manager.dao.Helper.checkId(Helper.java:115)
	at com.topcoder.clients.manager.dao.DAOCompanyManager.getClientsForCompany(DAOCompanyManager.java:564)
	at com.topcoder.clients.manager.dao.TestDAOCompanyManager.testGetClientsForCompany_F_2(TestDAOCompanyManager.java:1118)
	at sun.reflect.NativeMethodAccessorImpl.invoke0(Native Method)
	at sun.reflect.NativeMethodAccessorImpl.invoke(NativeMethodAccessorImpl.java:39)
	at sun.reflect.DelegatingMethodAccessorImpl.invoke(DelegatingMethodAccessorImpl.java:25)
	at java.lang.reflect.Method.invoke(Method.java:585)
	at junit.framework.TestCase.runTest(TestCase.java:154)
	at junit.framework.TestCase.runBare(TestCase.java:127)
	at junit.framework.TestResult$1.protect(TestResult.java:106)
	at junit.framework.TestResult.runProtected(TestResult.java:124)
	at junit.framework.TestResult.run(TestResult.java:109)
	at junit.framework.TestCase.run(TestCase.java:118)
	at junit.framework.TestSuite.runTest(TestSuite.java:208)
	at junit.framework.TestSuite.run(TestSuite.java:203)
	at junit.framework.TestSuite.runTest(TestSuite.java:208)
	at junit.framework.TestSuite.run(TestSuite.java:203)
	at junit.framework.TestSuite.runTest(TestSuite.java:208)
	at junit.framework.TestSuite.run(TestSuite.java:203)
	at org.apache.tools.ant.taskdefs.optional.junit.JUnitTestRunner.run(JUnitTestRunner.java:421)
	at org.apache.tools.ant.taskdefs.optional.junit.JUnitTestRunner.launch(JUnitTestRunner.java:912)
	at org.apache.tools.ant.taskdefs.optional.junit.JUnitTestRunner.main(JUnitTestRunner.java:766)
[Entering method <com.topcoder.clients.manager.dao.DAOCompanyManager.getClientsForCompany(Company company)>; Parameters:{ ParamName<company>; ParamValue: <[ id=1 name=null passcode=null isDeleted=false]>  }  at 2008-08-26 09:36:32.093 ]
[Error occurred in method <com.topcoder.clients.manager.dao.DAOCompanyManager.getClientsForCompany(Company company)>, cause by :
com.topcoder.clients.manager.CompanyManagerException: Fail to get clients for company, cause by For testing
	at com.topcoder.clients.manager.dao.DAOCompanyManager.wrapInnerException(DAOCompanyManager.java:254)
	at com.topcoder.clients.manager.dao.DAOCompanyManager.getClientsForCompany(DAOCompanyManager.java:578)
	at com.topcoder.clients.manager.dao.TestDAOCompanyManager.testGetClientsForCompany_F_3(TestDAOCompanyManager.java:1138)
	at sun.reflect.NativeMethodAccessorImpl.invoke0(Native Method)
	at sun.reflect.NativeMethodAccessorImpl.invoke(NativeMethodAccessorImpl.java:39)
	at sun.reflect.DelegatingMethodAccessorImpl.invoke(DelegatingMethodAccessorImpl.java:25)
	at java.lang.reflect.Method.invoke(Method.java:585)
	at junit.framework.TestCase.runTest(TestCase.java:154)
	at junit.framework.TestCase.runBare(TestCase.java:127)
	at junit.framework.TestResult$1.protect(TestResult.java:106)
	at junit.framework.TestResult.runProtected(TestResult.java:124)
	at junit.framework.TestResult.run(TestResult.java:109)
	at junit.framework.TestCase.run(TestCase.java:118)
	at junit.framework.TestSuite.runTest(TestSuite.java:208)
	at junit.framework.TestSuite.run(TestSuite.java:203)
	at junit.framework.TestSuite.runTest(TestSuite.java:208)
	at junit.framework.TestSuite.run(TestSuite.java:203)
	at junit.framework.TestSuite.runTest(TestSuite.java:208)
	at junit.framework.TestSuite.run(TestSuite.java:203)
	at org.apache.tools.ant.taskdefs.optional.junit.JUnitTestRunner.run(JUnitTestRunner.java:421)
	at org.apache.tools.ant.taskdefs.optional.junit.JUnitTestRunner.launch(JUnitTestRunner.java:912)
	at org.apache.tools.ant.taskdefs.optional.junit.JUnitTestRunner.main(JUnitTestRunner.java:766)
Caused by: com.topcoder.clients.dao.DAOException: For testing
	at com.topcoder.clients.manager.MockCompanyDAO.getClientsForCompany(MockCompanyDAO.java:224)
	at com.topcoder.clients.manager.MockCompanyDAO.getClientsForCompany(MockCompanyDAO.java:28)
	at com.topcoder.clients.manager.dao.DAOCompanyManager.getClientsForCompany(DAOCompanyManager.java:567)
	... 20 more
[Entering method <com.topcoder.clients.manager.dao.DAOCompanyManager.getClientsForCompany(Company company)>; Parameters:{ ParamName<company>; ParamValue: <[ id=2 name=null passcode=null isDeleted=false]>  }  at 2008-08-26 09:36:32.109 ]
[Error occurred in method <com.topcoder.clients.manager.dao.DAOCompanyManager.getClientsForCompany(Company company)>, cause by :
com.topcoder.clients.manager.CompanyManagerException: Fail to get clients for company, cause by for testing
	at com.topcoder.clients.manager.dao.DAOCompanyManager.wrapInnerException(DAOCompanyManager.java:254)
	at com.topcoder.clients.manager.dao.DAOCompanyManager.getClientsForCompany(DAOCompanyManager.java:575)
	at com.topcoder.clients.manager.dao.TestDAOCompanyManager.testGetClientsForCompany_F_4(TestDAOCompanyManager.java:1158)
	at sun.reflect.NativeMethodAccessorImpl.invoke0(Native Method)
	at sun.reflect.NativeMethodAccessorImpl.invoke(NativeMethodAccessorImpl.java:39)
	at sun.reflect.DelegatingMethodAccessorImpl.invoke(DelegatingMethodAccessorImpl.java:25)
	at java.lang.reflect.Method.invoke(Method.java:585)
	at junit.framework.TestCase.runTest(TestCase.java:154)
	at junit.framework.TestCase.runBare(TestCase.java:127)
	at junit.framework.TestResult$1.protect(TestResult.java:106)
	at junit.framework.TestResult.runProtected(TestResult.java:124)
	at junit.framework.TestResult.run(TestResult.java:109)
	at junit.framework.TestCase.run(TestCase.java:118)
	at junit.framework.TestSuite.runTest(TestSuite.java:208)
	at junit.framework.TestSuite.run(TestSuite.java:203)
	at junit.framework.TestSuite.runTest(TestSuite.java:208)
	at junit.framework.TestSuite.run(TestSuite.java:203)
	at junit.framework.TestSuite.runTest(TestSuite.java:208)
	at junit.framework.TestSuite.run(TestSuite.java:203)
	at org.apache.tools.ant.taskdefs.optional.junit.JUnitTestRunner.run(JUnitTestRunner.java:421)
	at org.apache.tools.ant.taskdefs.optional.junit.JUnitTestRunner.launch(JUnitTestRunner.java:912)
	at org.apache.tools.ant.taskdefs.optional.junit.JUnitTestRunner.main(JUnitTestRunner.java:766)
Caused by: com.topcoder.clients.dao.DAOConfigurationException: for testing
	at com.topcoder.clients.manager.MockCompanyDAO.getClientsForCompany(MockCompanyDAO.java:228)
	at com.topcoder.clients.manager.MockCompanyDAO.getClientsForCompany(MockCompanyDAO.java:28)
	at com.topcoder.clients.manager.dao.DAOCompanyManager.getClientsForCompany(DAOCompanyManager.java:567)
	... 20 more
[Entering method <com.topcoder.clients.manager.dao.DAOCompanyManager.getClientsForCompany(Company company)>; Parameters:{ ParamName<company>; ParamValue: <[ id=3 name=null passcode=null isDeleted=false]>  }  at 2008-08-26 09:36:32.109 ]
[Exiting method <com.topcoder.clients.manager.dao.DAOCompanyManager.getClientsForCompany(Company company)>; Return value:<[]>]  at 2008-08-26 09:36:32.109
[Entering method <com.topcoder.clients.manager.dao.DAOCompanyManager.getProjectsForCompany(Company company)>; Parameters:{ ParamName<company>; ParamValue: <null>  }  at 2008-08-26 09:36:32.125 ]
[Error occurred in method <com.topcoder.clients.manager.dao.DAOCompanyManager.getProjectsForCompany(Company company)>, cause by :
java.lang.IllegalArgumentException: The parameter 'company' should not be null.
	at com.topcoder.clients.manager.dao.Helper.checkNull(Helper.java:69)
	at com.topcoder.clients.manager.dao.DAOCompanyManager.getProjectsForCompany(DAOCompanyManager.java:601)
	at com.topcoder.clients.manager.dao.TestDAOCompanyManager.testGetProjectsForCompany_F_1(TestDAOCompanyManager.java:1194)
	at sun.reflect.NativeMethodAccessorImpl.invoke0(Native Method)
	at sun.reflect.NativeMethodAccessorImpl.invoke(NativeMethodAccessorImpl.java:39)
	at sun.reflect.DelegatingMethodAccessorImpl.invoke(DelegatingMethodAccessorImpl.java:25)
	at java.lang.reflect.Method.invoke(Method.java:585)
	at junit.framework.TestCase.runTest(TestCase.java:154)
	at junit.framework.TestCase.runBare(TestCase.java:127)
	at junit.framework.TestResult$1.protect(TestResult.java:106)
	at junit.framework.TestResult.runProtected(TestResult.java:124)
	at junit.framework.TestResult.run(TestResult.java:109)
	at junit.framework.TestCase.run(TestCase.java:118)
	at junit.framework.TestSuite.runTest(TestSuite.java:208)
	at junit.framework.TestSuite.run(TestSuite.java:203)
	at junit.framework.TestSuite.runTest(TestSuite.java:208)
	at junit.framework.TestSuite.run(TestSuite.java:203)
	at junit.framework.TestSuite.runTest(TestSuite.java:208)
	at junit.framework.TestSuite.run(TestSuite.java:203)
	at org.apache.tools.ant.taskdefs.optional.junit.JUnitTestRunner.run(JUnitTestRunner.java:421)
	at org.apache.tools.ant.taskdefs.optional.junit.JUnitTestRunner.launch(JUnitTestRunner.java:912)
	at org.apache.tools.ant.taskdefs.optional.junit.JUnitTestRunner.main(JUnitTestRunner.java:766)
[Entering method <com.topcoder.clients.manager.dao.DAOCompanyManager.getProjectsForCompany(Company company)>; Parameters:{ ParamName<company>; ParamValue: <[ id=-1 name=null passcode=null isDeleted=false]>  }  at 2008-08-26 09:36:32.140 ]
[Error occurred in method <com.topcoder.clients.manager.dao.DAOCompanyManager.getProjectsForCompany(Company company)>, cause by :
java.lang.IllegalArgumentException: The parameter id should not be negative.
	at com.topcoder.clients.manager.dao.Helper.checkId(Helper.java:115)
	at com.topcoder.clients.manager.dao.DAOCompanyManager.getProjectsForCompany(DAOCompanyManager.java:602)
	at com.topcoder.clients.manager.dao.TestDAOCompanyManager.testGetProjectsForCompany_F_2(TestDAOCompanyManager.java:1216)
	at sun.reflect.NativeMethodAccessorImpl.invoke0(Native Method)
	at sun.reflect.NativeMethodAccessorImpl.invoke(NativeMethodAccessorImpl.java:39)
	at sun.reflect.DelegatingMethodAccessorImpl.invoke(DelegatingMethodAccessorImpl.java:25)
	at java.lang.reflect.Method.invoke(Method.java:585)
	at junit.framework.TestCase.runTest(TestCase.java:154)
	at junit.framework.TestCase.runBare(TestCase.java:127)
	at junit.framework.TestResult$1.protect(TestResult.java:106)
	at junit.framework.TestResult.runProtected(TestResult.java:124)
	at junit.framework.TestResult.run(TestResult.java:109)
	at junit.framework.TestCase.run(TestCase.java:118)
	at junit.framework.TestSuite.runTest(TestSuite.java:208)
	at junit.framework.TestSuite.run(TestSuite.java:203)
	at junit.framework.TestSuite.runTest(TestSuite.java:208)
	at junit.framework.TestSuite.run(TestSuite.java:203)
	at junit.framework.TestSuite.runTest(TestSuite.java:208)
	at junit.framework.TestSuite.run(TestSuite.java:203)
	at org.apache.tools.ant.taskdefs.optional.junit.JUnitTestRunner.run(JUnitTestRunner.java:421)
	at org.apache.tools.ant.taskdefs.optional.junit.JUnitTestRunner.launch(JUnitTestRunner.java:912)
	at org.apache.tools.ant.taskdefs.optional.junit.JUnitTestRunner.main(JUnitTestRunner.java:766)
[Entering method <com.topcoder.clients.manager.dao.DAOCompanyManager.getProjectsForCompany(Company company)>; Parameters:{ ParamName<company>; ParamValue: <[ id=1 name=null passcode=null isDeleted=false]>  }  at 2008-08-26 09:36:32.140 ]
[Error occurred in method <com.topcoder.clients.manager.dao.DAOCompanyManager.getProjectsForCompany(Company company)>, cause by :
com.topcoder.clients.manager.CompanyManagerException: Fail to get projects for company , cause by For testing
	at com.topcoder.clients.manager.dao.DAOCompanyManager.wrapInnerException(DAOCompanyManager.java:254)
	at com.topcoder.clients.manager.dao.DAOCompanyManager.getProjectsForCompany(DAOCompanyManager.java:616)
	at com.topcoder.clients.manager.dao.TestDAOCompanyManager.testGetProjectsForCompany_F_3(TestDAOCompanyManager.java:1238)
	at sun.reflect.NativeMethodAccessorImpl.invoke0(Native Method)
	at sun.reflect.NativeMethodAccessorImpl.invoke(NativeMethodAccessorImpl.java:39)
	at sun.reflect.DelegatingMethodAccessorImpl.invoke(DelegatingMethodAccessorImpl.java:25)
	at java.lang.reflect.Method.invoke(Method.java:585)
	at junit.framework.TestCase.runTest(TestCase.java:154)
	at junit.framework.TestCase.runBare(TestCase.java:127)
	at junit.framework.TestResult$1.protect(TestResult.java:106)
	at junit.framework.TestResult.runProtected(TestResult.java:124)
	at junit.framework.TestResult.run(TestResult.java:109)
	at junit.framework.TestCase.run(TestCase.java:118)
	at junit.framework.TestSuite.runTest(TestSuite.java:208)
	at junit.framework.TestSuite.run(TestSuite.java:203)
	at junit.framework.TestSuite.runTest(TestSuite.java:208)
	at junit.framework.TestSuite.run(TestSuite.java:203)
	at junit.framework.TestSuite.runTest(TestSuite.java:208)
	at junit.framework.TestSuite.run(TestSuite.java:203)
	at org.apache.tools.ant.taskdefs.optional.junit.JUnitTestRunner.run(JUnitTestRunner.java:421)
	at org.apache.tools.ant.taskdefs.optional.junit.JUnitTestRunner.launch(JUnitTestRunner.java:912)
	at org.apache.tools.ant.taskdefs.optional.junit.JUnitTestRunner.main(JUnitTestRunner.java:766)
Caused by: com.topcoder.clients.dao.DAOException: For testing
	at com.topcoder.clients.manager.MockCompanyDAO.getProjectsForCompany(MockCompanyDAO.java:246)
	at com.topcoder.clients.manager.MockCompanyDAO.getProjectsForCompany(MockCompanyDAO.java:28)
	at com.topcoder.clients.manager.dao.DAOCompanyManager.getProjectsForCompany(DAOCompanyManager.java:605)
	... 20 more
[Entering method <com.topcoder.clients.manager.dao.DAOCompanyManager.getProjectsForCompany(Company company)>; Parameters:{ ParamName<company>; ParamValue: <[ id=2 name=null passcode=null isDeleted=false]>  }  at 2008-08-26 09:36:32.156 ]
[Error occurred in method <com.topcoder.clients.manager.dao.DAOCompanyManager.getProjectsForCompany(Company company)>, cause by :
com.topcoder.clients.manager.CompanyManagerException: Fail to get projects for company , cause by for testing
	at com.topcoder.clients.manager.dao.DAOCompanyManager.wrapInnerException(DAOCompanyManager.java:254)
	at com.topcoder.clients.manager.dao.DAOCompanyManager.getProjectsForCompany(DAOCompanyManager.java:613)
	at com.topcoder.clients.manager.dao.TestDAOCompanyManager.testGetProjectsForCompany_F_4(TestDAOCompanyManager.java:1260)
	at sun.reflect.NativeMethodAccessorImpl.invoke0(Native Method)
	at sun.reflect.NativeMethodAccessorImpl.invoke(NativeMethodAccessorImpl.java:39)
	at sun.reflect.DelegatingMethodAccessorImpl.invoke(DelegatingMethodAccessorImpl.java:25)
	at java.lang.reflect.Method.invoke(Method.java:585)
	at junit.framework.TestCase.runTest(TestCase.java:154)
	at junit.framework.TestCase.runBare(TestCase.java:127)
	at junit.framework.TestResult$1.protect(TestResult.java:106)
	at junit.framework.TestResult.runProtected(TestResult.java:124)
	at junit.framework.TestResult.run(TestResult.java:109)
	at junit.framework.TestCase.run(TestCase.java:118)
	at junit.framework.TestSuite.runTest(TestSuite.java:208)
	at junit.framework.TestSuite.run(TestSuite.java:203)
	at junit.framework.TestSuite.runTest(TestSuite.java:208)
	at junit.framework.TestSuite.run(TestSuite.java:203)
	at junit.framework.TestSuite.runTest(TestSuite.java:208)
	at junit.framework.TestSuite.run(TestSuite.java:203)
	at org.apache.tools.ant.taskdefs.optional.junit.JUnitTestRunner.run(JUnitTestRunner.java:421)
	at org.apache.tools.ant.taskdefs.optional.junit.JUnitTestRunner.launch(JUnitTestRunner.java:912)
	at org.apache.tools.ant.taskdefs.optional.junit.JUnitTestRunner.main(JUnitTestRunner.java:766)
Caused by: com.topcoder.clients.dao.DAOConfigurationException: for testing
	at com.topcoder.clients.manager.MockCompanyDAO.getProjectsForCompany(MockCompanyDAO.java:250)
	at com.topcoder.clients.manager.MockCompanyDAO.getProjectsForCompany(MockCompanyDAO.java:28)
	at com.topcoder.clients.manager.dao.DAOCompanyManager.getProjectsForCompany(DAOCompanyManager.java:605)
	... 20 more
[Entering method <com.topcoder.clients.manager.dao.DAOCompanyManager.getProjectsForCompany(Company company)>; Parameters:{ ParamName<company>; ParamValue: <[ id=3 name=null passcode=null isDeleted=false]>  }  at 2008-08-26 09:36:32.156 ]
[Exiting method <com.topcoder.clients.manager.dao.DAOCompanyManager.getProjectsForCompany(Company company)>; Return value:<[]>]  at 2008-08-26 09:36:32.156
0
[Entering method <com.topcoder.clients.manager.dao.DAOProjectManager.createProject(Project project, Client client)>; Parameters:{ ParamName<project>; ParamValue: <[ id=0 name=name description=description parentProjectId=0 salesTax=10.0 client=null company=null childProjects=null]> , ParamName<client>; ParamValue: <[ id=0 name=client codeName=null salesTax=0.0 isDeleted=false company=null clientStatus=null]>  }  at 2008-08-26 09:36:32.453 ]
[Exiting method <com.topcoder.clients.manager.dao.DAOProjectManager.createProject(Project project, Client client)>; Return value:<[ id=545 name=name description=description parentProjectId=0 salesTax=10.0 client=[ id=0 name=client codeName=null salesTax=0.0 isDeleted=false company=null clientStatus=null] company=null childProjects=null]>]  at 2008-08-26 09:36:32.468
[Entering method <com.topcoder.clients.manager.dao.DAOProjectManager.updateProject(Project project)>; Parameters:{ ParamName<project>; ParamValue: <[ id=10 name=name description=description parentProjectId=0 salesTax=10.0 client=null company=null childProjects=null]>  }  at 2008-08-26 09:36:32.468 ]
[Exiting method <com.topcoder.clients.manager.dao.DAOProjectManager.updateProject(Project project)>; Return value:<[ id=10 name=name description=description parentProjectId=0 salesTax=10.0 client=null company=null childProjects=null]>]  at 2008-08-26 09:36:32.468
[Entering method <com.topcoder.clients.manager.dao.DAOProjectManager.deleteProject(Project project) >; Parameters:{ ParamName<project>; ParamValue: <[ id=10 name=name description=description parentProjectId=0 salesTax=10.0 client=null company=null childProjects=null]>  }  at 2008-08-26 09:36:32.562 ]
[Exiting method <com.topcoder.clients.manager.dao.DAOProjectManager.deleteProject(Project project) >; Return value:<[ id=10 name=name description=description parentProjectId=0 salesTax=10.0 client=null company=null childProjects=null]>]  at 2008-08-26 09:36:32.562
[Entering method <com.topcoder.clients.manager.dao.DAOProjectManager.retrieveProject(long id)>; Parameters:{ ParamName<id>; ParamValue: <1>  }  at 2008-08-26 09:36:32.578 ]
[Entering method <com.topcoder.clients.manager.dao.DAOProjectManager.retrieveProject(long id, boolean includeChildren)>; Parameters:{ ParamName<id>; ParamValue: <1> , ParamName<includeChildren>; ParamValue: <true>  }  at 2008-08-26 09:36:32.578 ]
[Exiting method <com.topcoder.clients.manager.dao.DAOProjectManager.retrieveProject(long id, boolean includeChildren)>; Return value:<null>]  at 2008-08-26 09:36:32.578
[Exiting method <com.topcoder.clients.manager.dao.DAOProjectManager.retrieveProject(long id)>; Return value:<null>]  at 2008-08-26 09:36:32.578
[Entering method <com.topcoder.clients.manager.dao.DAOProjectManager.retrieveProject(long id)>; Parameters:{ ParamName<id>; ParamValue: <10>  }  at 2008-08-26 09:36:32.593 ]
[Entering method <com.topcoder.clients.manager.dao.DAOProjectManager.retrieveProject(long id, boolean includeChildren)>; Parameters:{ ParamName<id>; ParamValue: <10> , ParamName<includeChildren>; ParamValue: <true>  }  at 2008-08-26 09:36:32.593 ]
[Exiting method <com.topcoder.clients.manager.dao.DAOProjectManager.retrieveProject(long id, boolean includeChildren)>; Return value:<[ id=10 name=name description=description parentProjectId=0 salesTax=10.0 client=null company=null childProjects=null]>]  at 2008-08-26 09:36:32.593
[Exiting method <com.topcoder.clients.manager.dao.DAOProjectManager.retrieveProject(long id)>; Return value:<[ id=10 name=name description=description parentProjectId=0 salesTax=10.0 client=null company=null childProjects=null]>]  at 2008-08-26 09:36:32.593
[Entering method <com.topcoder.clients.manager.dao.DAOProjectManager.retrieveProject(long id, boolean includeChildren)>; Parameters:{ ParamName<id>; ParamValue: <1> , ParamName<includeChildren>; ParamValue: <false>  }  at 2008-08-26 09:36:32.609 ]
[Exiting method <com.topcoder.clients.manager.dao.DAOProjectManager.retrieveProject(long id, boolean includeChildren)>; Return value:<null>]  at 2008-08-26 09:36:32.609
[Entering method <com.topcoder.clients.manager.dao.DAOProjectManager.retrieveProject(long id, boolean includeChildren)>; Parameters:{ ParamName<id>; ParamValue: <10> , ParamName<includeChildren>; ParamValue: <false>  }  at 2008-08-26 09:36:32.625 ]
[Exiting method <com.topcoder.clients.manager.dao.DAOProjectManager.retrieveProject(long id, boolean includeChildren)>; Return value:<[ id=10 name=name description=description parentProjectId=0 salesTax=10.0 client=null company=null childProjects=null]>]  at 2008-08-26 09:36:32.625
[Entering method <com.topcoder.clients.manager.dao.DAOProjectManager.retrieveProjectsForClient(Client client)>; Parameters:{ ParamName<client>; ParamValue: <[ id=1 name=null codeName=null salesTax=0.0 isDeleted=false company=null clientStatus=null]>  }  at 2008-08-26 09:36:32.640 ]
[Entering method <com.topcoder.clients.manager.dao.DAOProjectManager.retrieveProjectsForClient(Client client, boolean includeChildren)>; Parameters:{ ParamName<client>; ParamValue: <[ id=1 name=null codeName=null salesTax=0.0 isDeleted=false company=null clientStatus=null]> , ParamName<includeChildren>; ParamValue: <true>  }  at 2008-08-26 09:36:32.640 ]
[Exiting method <com.topcoder.clients.manager.dao.DAOProjectManager.retrieveProjectsForClient(Client client, boolean includeChildren)>; Return value:<[]>]  at 2008-08-26 09:36:32.640
[Exiting method <com.topcoder.clients.manager.dao.DAOProjectManager.retrieveProjectsForClient(Client client)>; Return value:<[]>]  at 2008-08-26 09:36:32.640
[Entering method <com.topcoder.clients.manager.dao.DAOProjectManager.retrieveProjectsForClient(Client client)>; Parameters:{ ParamName<client>; ParamValue: <[ id=2 name=null codeName=null salesTax=0.0 isDeleted=false company=null clientStatus=null]>  }  at 2008-08-26 09:36:32.640 ]
[Entering method <com.topcoder.clients.manager.dao.DAOProjectManager.retrieveProjectsForClient(Client client, boolean includeChildren)>; Parameters:{ ParamName<client>; ParamValue: <[ id=2 name=null codeName=null salesTax=0.0 isDeleted=false company=null clientStatus=null]> , ParamName<includeChildren>; ParamValue: <true>  }  at 2008-08-26 09:36:32.640 ]
[Entering method <com.topcoder.clients.manager.dao.DAOProjectManager.retrieveProject(long id)>; Parameters:{ ParamName<id>; ParamValue: <10>  }  at 2008-08-26 09:36:32.640 ]
[Entering method <com.topcoder.clients.manager.dao.DAOProjectManager.retrieveProject(long id, boolean includeChildren)>; Parameters:{ ParamName<id>; ParamValue: <10> , ParamName<includeChildren>; ParamValue: <true>  }  at 2008-08-26 09:36:32.640 ]
[Exiting method <com.topcoder.clients.manager.dao.DAOProjectManager.retrieveProject(long id, boolean includeChildren)>; Return value:<[ id=10 name=name description=description parentProjectId=0 salesTax=10.0 client=null company=null childProjects=null]>]  at 2008-08-26 09:36:32.640
[Exiting method <com.topcoder.clients.manager.dao.DAOProjectManager.retrieveProject(long id)>; Return value:<[ id=10 name=name description=description parentProjectId=0 salesTax=10.0 client=null company=null childProjects=null]>]  at 2008-08-26 09:36:32.640
[Entering method <com.topcoder.clients.manager.dao.DAOProjectManager.retrieveProject(long id)>; Parameters:{ ParamName<id>; ParamValue: <20>  }  at 2008-08-26 09:36:32.640 ]
[Entering method <com.topcoder.clients.manager.dao.DAOProjectManager.retrieveProject(long id, boolean includeChildren)>; Parameters:{ ParamName<id>; ParamValue: <20> , ParamName<includeChildren>; ParamValue: <true>  }  at 2008-08-26 09:36:32.640 ]
[Exiting method <com.topcoder.clients.manager.dao.DAOProjectManager.retrieveProject(long id, boolean includeChildren)>; Return value:<[ id=20 name=name2 description=description2 parentProjectId=0 salesTax=10.0 client=null company=null childProjects=null]>]  at 2008-08-26 09:36:32.640
[Exiting method <com.topcoder.clients.manager.dao.DAOProjectManager.retrieveProject(long id)>; Return value:<[ id=20 name=name2 description=description2 parentProjectId=0 salesTax=10.0 client=null company=null childProjects=null]>]  at 2008-08-26 09:36:32.640
[Exiting method <com.topcoder.clients.manager.dao.DAOProjectManager.retrieveProjectsForClient(Client client, boolean includeChildren)>; Return value:<[[ id=10 name=name description=description parentProjectId=0 salesTax=10.0 client=null company=null childProjects=null] [ id=20 name=name2 description=description2 parentProjectId=0 salesTax=10.0 client=null company=null childProjects=null] ]>]  at 2008-08-26 09:36:32.640
[Exiting method <com.topcoder.clients.manager.dao.DAOProjectManager.retrieveProjectsForClient(Client client)>; Return value:<[[ id=10 name=name description=description parentProjectId=0 salesTax=10.0 client=null company=null childProjects=null] [ id=20 name=name2 description=description2 parentProjectId=0 salesTax=10.0 client=null company=null childProjects=null] ]>]  at 2008-08-26 09:36:32.640
[Entering method <com.topcoder.clients.manager.dao.DAOProjectManager.retrieveProjectsForClient(Client client, boolean includeChildren)>; Parameters:{ ParamName<client>; ParamValue: <[ id=2 name=null codeName=null salesTax=0.0 isDeleted=false company=null clientStatus=null]> , ParamName<includeChildren>; ParamValue: <false>  }  at 2008-08-26 09:36:32.656 ]
[Exiting method <com.topcoder.clients.manager.dao.DAOProjectManager.retrieveProjectsForClient(Client client, boolean includeChildren)>; Return value:<[[ id=10 name=name1 description=null parentProjectId=0 salesTax=0.0 client=null company=null childProjects=[]] [ id=20 name=name2 description=null parentProjectId=0 salesTax=0.0 client=null company=null childProjects=null] ]>]  at 2008-08-26 09:36:32.656
[Entering method <com.topcoder.clients.manager.dao.DAOProjectManager. retrieveAllProjects>; Parameters:{ }  at 2008-08-26 09:36:32.671 ]
[Entering method <com.topcoder.clients.manager.dao.DAOProjectManager.retrieveAllProjects(boolean includeChildren)>; Parameters:{ ParamName<includeChildren>; ParamValue: <true>  }  at 2008-08-26 09:36:32.671 ]
[Exiting method <com.topcoder.clients.manager.dao.DAOProjectManager.retrieveAllProjects(boolean includeChildren)>; Return value:<[[ id=10 name=name1 description=null parentProjectId=0 salesTax=0.0 client=null company=null childProjects=[]] [ id=20 name=name2 description=null parentProjectId=0 salesTax=0.0 client=null company=null childProjects=null] ]>]  at 2008-08-26 09:36:32.671
[Exiting method <com.topcoder.clients.manager.dao.DAOProjectManager. retrieveAllProjects>; Return value:<[[ id=10 name=name1 description=null parentProjectId=0 salesTax=0.0 client=null company=null childProjects=[]] [ id=20 name=name2 description=null parentProjectId=0 salesTax=0.0 client=null company=null childProjects=null] ]>]  at 2008-08-26 09:36:32.671
[Entering method <com.topcoder.clients.manager.dao.DAOProjectManager.retrieveAllProjects(boolean includeChildren)>; Parameters:{ ParamName<includeChildren>; ParamValue: <false>  }  at 2008-08-26 09:36:32.671 ]
[Exiting method <com.topcoder.clients.manager.dao.DAOProjectManager.retrieveAllProjects(boolean includeChildren)>; Return value:<[]>]  at 2008-08-26 09:36:32.671
[Entering method <com.topcoder.clients.manager.dao.DAOProjectManager.retrieveAllProjects(boolean includeChildren)>; Parameters:{ ParamName<includeChildren>; ParamValue: <true>  }  at 2008-08-26 09:36:32.687 ]
[Exiting method <com.topcoder.clients.manager.dao.DAOProjectManager.retrieveAllProjects(boolean includeChildren)>; Return value:<[[ id=10 name=name1 description=null parentProjectId=0 salesTax=0.0 client=null company=null childProjects=[]] [ id=20 name=name2 description=null parentProjectId=0 salesTax=0.0 client=null company=null childProjects=null] ]>]  at 2008-08-26 09:36:32.687
[Entering method <com.topcoder.clients.manager.dao.DAOProjectManager.setProjectStatus(Project project, ProjectStatus status)>; Parameters:{ ParamName<project>; ParamValue: <[ id=10 name=name description=description parentProjectId=0 salesTax=10.0 client=null company=null childProjects=null]> , ParamName<status>; ParamValue: <[ id=0 name=status description=des isDeleted=false]>  }  at 2008-08-26 09:36:32.687 ]
[Entering method <com.topcoder.clients.manager.dao.DAOProjectManager.updateProject(Project project)>; Parameters:{ ParamName<project>; ParamValue: <[ id=10 name=name description=description parentProjectId=0 salesTax=10.0 client=null company=null childProjects=null]>  }  at 2008-08-26 09:36:32.687 ]
[Exiting method <com.topcoder.clients.manager.dao.DAOProjectManager.updateProject(Project project)>; Return value:<[ id=10 name=name description=description parentProjectId=0 salesTax=10.0 client=null company=null childProjects=null]>]  at 2008-08-26 09:36:32.687
[Exiting method <com.topcoder.clients.manager.dao.DAOProjectManager.setProjectStatus(Project project, ProjectStatus status)>; Return value:<[ id=10 name=name description=description parentProjectId=0 salesTax=10.0 client=null company=null childProjects=null]>]  at 2008-08-26 09:36:32.687
[Entering method <com.topcoder.clients.manager.dao.DAOProjectManager.searchProjectsByName(String name)>; Parameters:{ ParamName<name>; ParamValue: <empty>  }  at 2008-08-26 09:36:32.703 ]
[Exiting method <com.topcoder.clients.manager.dao.DAOProjectManager.searchProjectsByName(String name)>; Return value:<[]>]  at 2008-08-26 09:36:32.703
[Entering method <com.topcoder.clients.manager.dao.DAOProjectManager.searchProjectsByName(String name)>; Parameters:{ ParamName<name>; ParamValue: <2>  }  at 2008-08-26 09:36:32.718 ]
[Exiting method <com.topcoder.clients.manager.dao.DAOProjectManager.searchProjectsByName(String name)>; Return value:<[[ id=10 name=name description=description parentProjectId=0 salesTax=10.0 client=null company=null childProjects=null] ]>]  at 2008-08-26 09:36:32.718
[Entering method <com.topcoder.clients.manager.dao.DAOProjectManager.searchProjects(Filter filter)>; Parameters:{ ParamName<filter>; ParamValue: <com.topcoder.search.builder.filter.EqualToFilter@1835282>  }  at 2008-08-26 09:36:32.718 ]
[Exiting method <com.topcoder.clients.manager.dao.DAOProjectManager.searchProjects(Filter filter)>; Return value:<[[ id=10 name=name description=description parentProjectId=0 salesTax=10.0 client=null company=null childProjects=null] ]>]  at 2008-08-26 09:36:32.718
[Entering method <com.topcoder.clients.manager.dao.DAOProjectManager.getProjectStatus(long id)>; Parameters:{ ParamName<id>; ParamValue: <1>  }  at 2008-08-26 09:36:32.734 ]
[Exiting method <com.topcoder.clients.manager.dao.DAOProjectManager.getProjectStatus(long id)>; Return value:<null>]  at 2008-08-26 09:36:32.734
[Entering method <com.topcoder.clients.manager.dao.DAOProjectManager.getProjectStatus(long id)>; Parameters:{ ParamName<id>; ParamValue: <2>  }  at 2008-08-26 09:36:32.734 ]
[Exiting method <com.topcoder.clients.manager.dao.DAOProjectManager.getProjectStatus(long id)>; Return value:<[ id=10 name=retrieve description=des isDeleted=false]>]  at 2008-08-26 09:36:32.734
[Entering method <com.topcoder.clients.manager.dao.DAOProjectManager.getAllProjectStatuses()>; Parameters:{ }  at 2008-08-26 09:36:32.750 ]
[Exiting method <com.topcoder.clients.manager.dao.DAOProjectManager.getAllProjectStatuses()>; Return value:<[]>]  at 2008-08-26 09:36:32.750
[Entering method <com.topcoder.clients.manager.dao.DAOProjectManager.getProjectsForStatus(ProjectStatus status)>; Parameters:{ ParamName<status>; ParamValue: <[ id=0 name=status description=des isDeleted=false]>  }  at 2008-08-26 09:36:32.750 ]
[Exiting method <com.topcoder.clients.manager.dao.DAOProjectManager.getProjectsForStatus(ProjectStatus status)>; Return value:<[]>]  at 2008-08-26 09:36:32.750
[Entering method <com.topcoder.clients.manager.dao.DAOProjectManager.createProjectStatus(ProjectStatus status)>; Parameters:{ ParamName<status>; ParamValue: <[ id=0 name=status description=des isDeleted=false]>  }  at 2008-08-26 09:36:32.765 ]
[Exiting method <com.topcoder.clients.manager.dao.DAOProjectManager.createProjectStatus(ProjectStatus status)>; Return value:<[ id=546 name=status description=des isDeleted=false]>]  at 2008-08-26 09:36:32.765
[Entering method <com.topcoder.clients.manager.dao.DAOProjectManager.updateProjectStatus(ProjectStatus status)>; Parameters:{ ParamName<status>; ParamValue: <[ id=10 name=status description=des isDeleted=false]>  }  at 2008-08-26 09:36:32.765 ]
[Exiting method <com.topcoder.clients.manager.dao.DAOProjectManager.updateProjectStatus(ProjectStatus status)>; Return value:<[ id=10 name=status description=des isDeleted=false]>]  at 2008-08-26 09:36:32.765
[Entering method <com.topcoder.clients.manager.dao.DAOProjectManager.deleteProjectStatus(ProjectStatus status)>; Parameters:{ ParamName<status>; ParamValue: <[ id=10 name=status description=des isDeleted=false]>  }  at 2008-08-26 09:36:32.781 ]
[Exiting method <com.topcoder.clients.manager.dao.DAOProjectManager.deleteProjectStatus(ProjectStatus status)>; Return value:<[ id=10 name=status description=des isDeleted=true]>]  at 2008-08-26 09:36:32.781
[Entering method <com.topcoder.clients.manager.dao.DAOProjectManager.retrieveProject(long id)>; Parameters:{ ParamName<id>; ParamValue: <-1>  }  at 2008-08-26 09:36:32.796 ]
[Entering method <com.topcoder.clients.manager.dao.DAOProjectManager.retrieveProject(long id, boolean includeChildren)>; Parameters:{ ParamName<id>; ParamValue: <-1> , ParamName<includeChildren>; ParamValue: <true>  }  at 2008-08-26 09:36:32.796 ]
[Error occurred in method <com.topcoder.clients.manager.dao.DAOProjectManager.retrieveProject(long id, boolean includeChildren)>, cause by :
java.lang.IllegalArgumentException: The parameter id should not be negative.
	at com.topcoder.clients.manager.dao.Helper.checkId(Helper.java:115)
	at com.topcoder.clients.manager.dao.DAOProjectManager.retrieveProject(DAOProjectManager.java:555)
	at com.topcoder.clients.manager.dao.DAOProjectManager.retrieveProject(DAOProjectManager.java:528)
	at com.topcoder.clients.manager.dao.TestDAOProjectManagerFailure.testRetrieveProjectLong_1(TestDAOProjectManagerFailure.java:934)
	at sun.reflect.NativeMethodAccessorImpl.invoke0(Native Method)
	at sun.reflect.NativeMethodAccessorImpl.invoke(NativeMethodAccessorImpl.java:39)
	at sun.reflect.DelegatingMethodAccessorImpl.invoke(DelegatingMethodAccessorImpl.java:25)
	at java.lang.reflect.Method.invoke(Method.java:585)
	at junit.framework.TestCase.runTest(TestCase.java:154)
	at junit.framework.TestCase.runBare(TestCase.java:127)
	at junit.framework.TestResult$1.protect(TestResult.java:106)
	at junit.framework.TestResult.runProtected(TestResult.java:124)
	at junit.framework.TestResult.run(TestResult.java:109)
	at junit.framework.TestCase.run(TestCase.java:118)
	at junit.framework.TestSuite.runTest(TestSuite.java:208)
	at junit.framework.TestSuite.run(TestSuite.java:203)
	at junit.framework.TestSuite.runTest(TestSuite.java:208)
	at junit.framework.TestSuite.run(TestSuite.java:203)
	at junit.framework.TestSuite.runTest(TestSuite.java:208)
	at junit.framework.TestSuite.run(TestSuite.java:203)
	at org.apache.tools.ant.taskdefs.optional.junit.JUnitTestRunner.run(JUnitTestRunner.java:421)
	at org.apache.tools.ant.taskdefs.optional.junit.JUnitTestRunner.launch(JUnitTestRunner.java:912)
	at org.apache.tools.ant.taskdefs.optional.junit.JUnitTestRunner.main(JUnitTestRunner.java:766)
[Entering method <com.topcoder.clients.manager.dao.DAOProjectManager.retrieveProject(long id)>; Parameters:{ ParamName<id>; ParamValue: <101>  }  at 2008-08-26 09:36:32.796 ]
[Entering method <com.topcoder.clients.manager.dao.DAOProjectManager.retrieveProject(long id, boolean includeChildren)>; Parameters:{ ParamName<id>; ParamValue: <101> , ParamName<includeChildren>; ParamValue: <true>  }  at 2008-08-26 09:36:32.796 ]
[Error occurred in method <com.topcoder.clients.manager.dao.DAOProjectManager.retrieveProject(long id, boolean includeChildren)>, cause by :
com.topcoder.clients.manager.ProjectManagerException: Fail to retrieve project with id=101 cause by Throw for testing
	at com.topcoder.clients.manager.dao.DAOProjectManager.wrapInnerException(DAOProjectManager.java:351)
	at com.topcoder.clients.manager.dao.DAOProjectManager.retrieveProject(DAOProjectManager.java:570)
	at com.topcoder.clients.manager.dao.DAOProjectManager.retrieveProject(DAOProjectManager.java:528)
	at com.topcoder.clients.manager.dao.TestDAOProjectManagerFailure.testRetrieveProjectLong_2(TestDAOProjectManagerFailure.java:953)
	at sun.reflect.NativeMethodAccessorImpl.invoke0(Native Method)
	at sun.reflect.NativeMethodAccessorImpl.invoke(NativeMethodAccessorImpl.java:39)
	at sun.reflect.DelegatingMethodAccessorImpl.invoke(DelegatingMethodAccessorImpl.java:25)
	at java.lang.reflect.Method.invoke(Method.java:585)
	at junit.framework.TestCase.runTest(TestCase.java:154)
	at junit.framework.TestCase.runBare(TestCase.java:127)
	at junit.framework.TestResult$1.protect(TestResult.java:106)
	at junit.framework.TestResult.runProtected(TestResult.java:124)
	at junit.framework.TestResult.run(TestResult.java:109)
	at junit.framework.TestCase.run(TestCase.java:118)
	at junit.framework.TestSuite.runTest(TestSuite.java:208)
	at junit.framework.TestSuite.run(TestSuite.java:203)
	at junit.framework.TestSuite.runTest(TestSuite.java:208)
	at junit.framework.TestSuite.run(TestSuite.java:203)
	at junit.framework.TestSuite.runTest(TestSuite.java:208)
	at junit.framework.TestSuite.run(TestSuite.java:203)
	at org.apache.tools.ant.taskdefs.optional.junit.JUnitTestRunner.run(JUnitTestRunner.java:421)
	at org.apache.tools.ant.taskdefs.optional.junit.JUnitTestRunner.launch(JUnitTestRunner.java:912)
	at org.apache.tools.ant.taskdefs.optional.junit.JUnitTestRunner.main(JUnitTestRunner.java:766)
Caused by: com.topcoder.clients.dao.DAOException: Throw for testing
	at com.topcoder.clients.manager.MockProjectDAO.retrieveById(MockProjectDAO.java:219)
	at com.topcoder.clients.manager.MockProjectDAO.retrieveById(MockProjectDAO.java:27)
	at com.topcoder.clients.manager.dao.DAOProjectManager.retrieveProject(DAOProjectManager.java:558)
	... 21 more
[Entering method <com.topcoder.clients.manager.dao.DAOProjectManager.retrieveProject(long id, boolean includeChildren)>; Parameters:{ ParamName<id>; ParamValue: <101> , ParamName<includeChildren>; ParamValue: <false>  }  at 2008-08-26 09:36:32.812 ]
[Error occurred in method <com.topcoder.clients.manager.dao.DAOProjectManager.retrieveProject(long id, boolean includeChildren)>, cause by :
com.topcoder.clients.manager.ProjectManagerException: Fail to retrieve project with id=101 cause by Throw for testing
	at com.topcoder.clients.manager.dao.DAOProjectManager.wrapInnerException(DAOProjectManager.java:351)
	at com.topcoder.clients.manager.dao.DAOProjectManager.retrieveProject(DAOProjectManager.java:570)
	at com.topcoder.clients.manager.dao.TestDAOProjectManagerFailure.testRetrieveProjectLongBoolean_2(TestDAOProjectManagerFailure.java:1008)
	at sun.reflect.NativeMethodAccessorImpl.invoke0(Native Method)
	at sun.reflect.NativeMethodAccessorImpl.invoke(NativeMethodAccessorImpl.java:39)
	at sun.reflect.DelegatingMethodAccessorImpl.invoke(DelegatingMethodAccessorImpl.java:25)
	at java.lang.reflect.Method.invoke(Method.java:585)
	at junit.framework.TestCase.runTest(TestCase.java:154)
	at junit.framework.TestCase.runBare(TestCase.java:127)
	at junit.framework.TestResult$1.protect(TestResult.java:106)
	at junit.framework.TestResult.runProtected(TestResult.java:124)
	at junit.framework.TestResult.run(TestResult.java:109)
	at junit.framework.TestCase.run(TestCase.java:118)
	at junit.framework.TestSuite.runTest(TestSuite.java:208)
	at junit.framework.TestSuite.run(TestSuite.java:203)
	at junit.framework.TestSuite.runTest(TestSuite.java:208)
	at junit.framework.TestSuite.run(TestSuite.java:203)
	at junit.framework.TestSuite.runTest(TestSuite.java:208)
	at junit.framework.TestSuite.run(TestSuite.java:203)
	at org.apache.tools.ant.taskdefs.optional.junit.JUnitTestRunner.run(JUnitTestRunner.java:421)
	at org.apache.tools.ant.taskdefs.optional.junit.JUnitTestRunner.launch(JUnitTestRunner.java:912)
	at org.apache.tools.ant.taskdefs.optional.junit.JUnitTestRunner.main(JUnitTestRunner.java:766)
Caused by: com.topcoder.clients.dao.DAOException: Throw for testing
	at com.topcoder.clients.manager.MockProjectDAO.retrieveById(MockProjectDAO.java:219)
	at com.topcoder.clients.manager.MockProjectDAO.retrieveById(MockProjectDAO.java:27)
	at com.topcoder.clients.manager.dao.DAOProjectManager.retrieveProject(DAOProjectManager.java:558)
	... 20 more
[Entering method <com.topcoder.clients.manager.dao.DAOProjectManager.retrieveProjectsForClient(Client client)>; Parameters:{ ParamName<client>; ParamValue: <null>  }  at 2008-08-26 09:36:32.812 ]
[Entering method <com.topcoder.clients.manager.dao.DAOProjectManager.retrieveProjectsForClient(Client client, boolean includeChildren)>; Parameters:{ ParamName<client>; ParamValue: <null> , ParamName<includeChildren>; ParamValue: <true>  }  at 2008-08-26 09:36:32.812 ]
[Error occurred in method <com.topcoder.clients.manager.dao.DAOProjectManager.retrieveProjectsForClient(Client client, boolean includeChildren)>, cause by :
java.lang.IllegalArgumentException: The parameter 'client' should not be null.
	at com.topcoder.clients.manager.dao.Helper.checkNull(Helper.java:69)
	at com.topcoder.clients.manager.dao.DAOProjectManager.retrieveProjectsForClient(DAOProjectManager.java:625)
	at com.topcoder.clients.manager.dao.DAOProjectManager.retrieveProjectsForClient(DAOProjectManager.java:594)
	at com.topcoder.clients.manager.dao.TestDAOProjectManagerFailure.testRetrieveProjectsForClientClient_1(TestDAOProjectManagerFailure.java:1044)
	at sun.reflect.NativeMethodAccessorImpl.invoke0(Native Method)
	at sun.reflect.NativeMethodAccessorImpl.invoke(NativeMethodAccessorImpl.java:39)
	at sun.reflect.DelegatingMethodAccessorImpl.invoke(DelegatingMethodAccessorImpl.java:25)
	at java.lang.reflect.Method.invoke(Method.java:585)
	at junit.framework.TestCase.runTest(TestCase.java:154)
	at junit.framework.TestCase.runBare(TestCase.java:127)
	at junit.framework.TestResult$1.protect(TestResult.java:106)
	at junit.framework.TestResult.runProtected(TestResult.java:124)
	at junit.framework.TestResult.run(TestResult.java:109)
	at junit.framework.TestCase.run(TestCase.java:118)
	at junit.framework.TestSuite.runTest(TestSuite.java:208)
	at junit.framework.TestSuite.run(TestSuite.java:203)
	at junit.framework.TestSuite.runTest(TestSuite.java:208)
	at junit.framework.TestSuite.run(TestSuite.java:203)
	at junit.framework.TestSuite.runTest(TestSuite.java:208)
	at junit.framework.TestSuite.run(TestSuite.java:203)
	at org.apache.tools.ant.taskdefs.optional.junit.JUnitTestRunner.run(JUnitTestRunner.java:421)
	at org.apache.tools.ant.taskdefs.optional.junit.JUnitTestRunner.launch(JUnitTestRunner.java:912)
	at org.apache.tools.ant.taskdefs.optional.junit.JUnitTestRunner.main(JUnitTestRunner.java:766)
[Entering method <com.topcoder.clients.manager.dao.DAOProjectManager.retrieveProjectsForClient(Client client)>; Parameters:{ ParamName<client>; ParamValue: <[ id=-1 name=null codeName=null salesTax=0.0 isDeleted=false company=null clientStatus=null]>  }  at 2008-08-26 09:36:32.828 ]
[Entering method <com.topcoder.clients.manager.dao.DAOProjectManager.retrieveProjectsForClient(Client client, boolean includeChildren)>; Parameters:{ ParamName<client>; ParamValue: <[ id=-1 name=null codeName=null salesTax=0.0 isDeleted=false company=null clientStatus=null]> , ParamName<includeChildren>; ParamValue: <true>  }  at 2008-08-26 09:36:32.828 ]
[Error occurred in method <com.topcoder.clients.manager.dao.DAOProjectManager.retrieveProjectsForClient(Client client, boolean includeChildren)>, cause by :
java.lang.IllegalArgumentException: The client id should not be negative.
	at com.topcoder.clients.manager.dao.DAOProjectManager.retrieveProjectsForClient(DAOProjectManager.java:627)
	at com.topcoder.clients.manager.dao.DAOProjectManager.retrieveProjectsForClient(DAOProjectManager.java:594)
	at com.topcoder.clients.manager.dao.TestDAOProjectManagerFailure.testRetrieveProjectsForClientClient_2(TestDAOProjectManagerFailure.java:1064)
	at sun.reflect.NativeMethodAccessorImpl.invoke0(Native Method)
	at sun.reflect.NativeMethodAccessorImpl.invoke(NativeMethodAccessorImpl.java:39)
	at sun.reflect.DelegatingMethodAccessorImpl.invoke(DelegatingMethodAccessorImpl.java:25)
	at java.lang.reflect.Method.invoke(Method.java:585)
	at junit.framework.TestCase.runTest(TestCase.java:154)
	at junit.framework.TestCase.runBare(TestCase.java:127)
	at junit.framework.TestResult$1.protect(TestResult.java:106)
	at junit.framework.TestResult.runProtected(TestResult.java:124)
	at junit.framework.TestResult.run(TestResult.java:109)
	at junit.framework.TestCase.run(TestCase.java:118)
	at junit.framework.TestSuite.runTest(TestSuite.java:208)
	at junit.framework.TestSuite.run(TestSuite.java:203)
	at junit.framework.TestSuite.runTest(TestSuite.java:208)
	at junit.framework.TestSuite.run(TestSuite.java:203)
	at junit.framework.TestSuite.runTest(TestSuite.java:208)
	at junit.framework.TestSuite.run(TestSuite.java:203)
	at org.apache.tools.ant.taskdefs.optional.junit.JUnitTestRunner.run(JUnitTestRunner.java:421)
	at org.apache.tools.ant.taskdefs.optional.junit.JUnitTestRunner.launch(JUnitTestRunner.java:912)
	at org.apache.tools.ant.taskdefs.optional.junit.JUnitTestRunner.main(JUnitTestRunner.java:766)
[Entering method <com.topcoder.clients.manager.dao.DAOProjectManager.retrieveAllProjects(boolean includeChildren)>; Parameters:{ ParamName<includeChildren>; ParamValue: <false>  }  at 2008-08-26 09:36:32.843 ]
[Error occurred in method <com.topcoder.clients.manager.dao.DAOProjectManager.retrieveAllProjects(boolean includeChildren)>, cause by :
com.topcoder.clients.manager.ProjectManagerException: Fail to retrieve all Projects, cause by Throw for testing
	at com.topcoder.clients.manager.dao.DAOProjectManager.wrapInnerException(DAOProjectManager.java:351)
	at com.topcoder.clients.manager.dao.DAOProjectManager.retrieveAllProjects(DAOProjectManager.java:709)
	at com.topcoder.clients.manager.dao.TestDAOProjectManagerFailure.testRetrieveAllProjectsBoolean_1(TestDAOProjectManagerFailure.java:1171)
	at sun.reflect.NativeMethodAccessorImpl.invoke0(Native Method)
	at sun.reflect.NativeMethodAccessorImpl.invoke(NativeMethodAccessorImpl.java:39)
	at sun.reflect.DelegatingMethodAccessorImpl.invoke(DelegatingMethodAccessorImpl.java:25)
	at java.lang.reflect.Method.invoke(Method.java:585)
	at junit.framework.TestCase.runTest(TestCase.java:154)
	at junit.framework.TestCase.runBare(TestCase.java:127)
	at junit.framework.TestResult$1.protect(TestResult.java:106)
	at junit.framework.TestResult.runProtected(TestResult.java:124)
	at junit.framework.TestResult.run(TestResult.java:109)
	at junit.framework.TestCase.run(TestCase.java:118)
	at junit.framework.TestSuite.runTest(TestSuite.java:208)
	at junit.framework.TestSuite.run(TestSuite.java:203)
	at junit.framework.TestSuite.runTest(TestSuite.java:208)
	at junit.framework.TestSuite.run(TestSuite.java:203)
	at junit.framework.TestSuite.runTest(TestSuite.java:208)
	at junit.framework.TestSuite.run(TestSuite.java:203)
	at org.apache.tools.ant.taskdefs.optional.junit.JUnitTestRunner.run(JUnitTestRunner.java:421)
	at org.apache.tools.ant.taskdefs.optional.junit.JUnitTestRunner.launch(JUnitTestRunner.java:912)
	at org.apache.tools.ant.taskdefs.optional.junit.JUnitTestRunner.main(JUnitTestRunner.java:766)
Caused by: com.topcoder.clients.dao.DAOException: Throw for testing
	at com.topcoder.clients.manager.MockProjectDAO.retrieveAll(MockProjectDAO.java:54)
	at com.topcoder.clients.manager.dao.DAOProjectManager.retrieveAllProjects(DAOProjectManager.java:698)
	... 20 more
Caused by: java.lang.NullPointerException: NPE Raised 
	... 22 more
[Entering method <com.topcoder.clients.manager.dao.DAOProjectManager.retrieveAllProjects(boolean includeChildren)>; Parameters:{ ParamName<includeChildren>; ParamValue: <false>  }  at 2008-08-26 09:36:32.843 ]
[Error occurred in method <com.topcoder.clients.manager.dao.DAOProjectManager.retrieveAllProjects(boolean includeChildren)>, cause by :
com.topcoder.clients.manager.ProjectManagerException: Fail to retrieve all Projects, cause by Throw for testing
	at com.topcoder.clients.manager.dao.DAOProjectManager.wrapInnerException(DAOProjectManager.java:351)
	at com.topcoder.clients.manager.dao.DAOProjectManager.retrieveAllProjects(DAOProjectManager.java:706)
	at com.topcoder.clients.manager.dao.TestDAOProjectManagerFailure.testRetrieveAllProjectsBoolean_2(TestDAOProjectManagerFailure.java:1194)
	at sun.reflect.NativeMethodAccessorImpl.invoke0(Native Method)
	at sun.reflect.NativeMethodAccessorImpl.invoke(NativeMethodAccessorImpl.java:39)
	at sun.reflect.DelegatingMethodAccessorImpl.invoke(DelegatingMethodAccessorImpl.java:25)
	at java.lang.reflect.Method.invoke(Method.java:585)
	at junit.framework.TestCase.runTest(TestCase.java:154)
	at junit.framework.TestCase.runBare(TestCase.java:127)
	at junit.framework.TestResult$1.protect(TestResult.java:106)
	at junit.framework.TestResult.runProtected(TestResult.java:124)
	at junit.framework.TestResult.run(TestResult.java:109)
	at junit.framework.TestCase.run(TestCase.java:118)
	at junit.framework.TestSuite.runTest(TestSuite.java:208)
	at junit.framework.TestSuite.run(TestSuite.java:203)
	at junit.framework.TestSuite.runTest(TestSuite.java:208)
	at junit.framework.TestSuite.run(TestSuite.java:203)
	at junit.framework.TestSuite.runTest(TestSuite.java:208)
	at junit.framework.TestSuite.run(TestSuite.java:203)
	at org.apache.tools.ant.taskdefs.optional.junit.JUnitTestRunner.run(JUnitTestRunner.java:421)
	at org.apache.tools.ant.taskdefs.optional.junit.JUnitTestRunner.launch(JUnitTestRunner.java:912)
	at org.apache.tools.ant.taskdefs.optional.junit.JUnitTestRunner.main(JUnitTestRunner.java:766)
Caused by: com.topcoder.clients.dao.DAOConfigurationException: Throw for testing
	at com.topcoder.clients.manager.MockProjectDAO.retrieveAll(MockProjectDAO.java:58)
	at com.topcoder.clients.manager.dao.DAOProjectManager.retrieveAllProjects(DAOProjectManager.java:698)
	... 20 more
Caused by: java.lang.NullPointerException: NPE Raised 
	... 22 more
[Entering method <com.topcoder.clients.manager.dao.DAOProjectManager.searchProjectsByName(String name)>; Parameters:{ ParamName<name>; ParamValue: <null>  }  at 2008-08-26 09:36:32.859 ]
[Error occurred in method <com.topcoder.clients.manager.dao.DAOProjectManager.searchProjectsByName(String name)>, cause by :
java.lang.IllegalArgumentException: The parameter 'name' should not be null.
	at com.topcoder.clients.manager.dao.Helper.checkNull(Helper.java:69)
	at com.topcoder.clients.manager.dao.Helper.checkString(Helper.java:98)
	at com.topcoder.clients.manager.dao.DAOProjectManager.searchProjectsByName(DAOProjectManager.java:777)
	at com.topcoder.clients.manager.dao.TestDAOProjectManagerFailure.testSearchProjectsByName_1(TestDAOProjectManagerFailure.java:1486)
	at sun.reflect.NativeMethodAccessorImpl.invoke0(Native Method)
	at sun.reflect.NativeMethodAccessorImpl.invoke(NativeMethodAccessorImpl.java:39)
	at sun.reflect.DelegatingMethodAccessorImpl.invoke(DelegatingMethodAccessorImpl.java:25)
	at java.lang.reflect.Method.invoke(Method.java:585)
	at junit.framework.TestCase.runTest(TestCase.java:154)
	at junit.framework.TestCase.runBare(TestCase.java:127)
	at junit.framework.TestResult$1.protect(TestResult.java:106)
	at junit.framework.TestResult.runProtected(TestResult.java:124)
	at junit.framework.TestResult.run(TestResult.java:109)
	at junit.framework.TestCase.run(TestCase.java:118)
	at junit.framework.TestSuite.runTest(TestSuite.java:208)
	at junit.framework.TestSuite.run(TestSuite.java:203)
	at junit.framework.TestSuite.runTest(TestSuite.java:208)
	at junit.framework.TestSuite.run(TestSuite.java:203)
	at junit.framework.TestSuite.runTest(TestSuite.java:208)
	at junit.framework.TestSuite.run(TestSuite.java:203)
	at org.apache.tools.ant.taskdefs.optional.junit.JUnitTestRunner.run(JUnitTestRunner.java:421)
	at org.apache.tools.ant.taskdefs.optional.junit.JUnitTestRunner.launch(JUnitTestRunner.java:912)
	at org.apache.tools.ant.taskdefs.optional.junit.JUnitTestRunner.main(JUnitTestRunner.java:766)
[Entering method <com.topcoder.clients.manager.dao.DAOProjectManager.searchProjectsByName(String name)>; Parameters:{ ParamName<name>; ParamValue: <DAOException>  }  at 2008-08-26 09:36:32.875 ]
[Error occurred in method <com.topcoder.clients.manager.dao.DAOProjectManager.searchProjectsByName(String name)>, cause by :
com.topcoder.clients.manager.ProjectManagerException: Fail to search projects by name=DAOException cause by Throw for testing
	at com.topcoder.clients.manager.dao.DAOProjectManager.wrapInnerException(DAOProjectManager.java:351)
	at com.topcoder.clients.manager.dao.DAOProjectManager.searchProjectsByName(DAOProjectManager.java:793)
	at com.topcoder.clients.manager.dao.TestDAOProjectManagerFailure.testSearchProjectsByName_2(TestDAOProjectManagerFailure.java:1524)
	at sun.reflect.NativeMethodAccessorImpl.invoke0(Native Method)
	at sun.reflect.NativeMethodAccessorImpl.invoke(NativeMethodAccessorImpl.java:39)
	at sun.reflect.DelegatingMethodAccessorImpl.invoke(DelegatingMethodAccessorImpl.java:25)
	at java.lang.reflect.Method.invoke(Method.java:585)
	at junit.framework.TestCase.runTest(TestCase.java:154)
	at junit.framework.TestCase.runBare(TestCase.java:127)
	at junit.framework.TestResult$1.protect(TestResult.java:106)
	at junit.framework.TestResult.runProtected(TestResult.java:124)
	at junit.framework.TestResult.run(TestResult.java:109)
	at junit.framework.TestCase.run(TestCase.java:118)
	at junit.framework.TestSuite.runTest(TestSuite.java:208)
	at junit.framework.TestSuite.run(TestSuite.java:203)
	at junit.framework.TestSuite.runTest(TestSuite.java:208)
	at junit.framework.TestSuite.run(TestSuite.java:203)
	at junit.framework.TestSuite.runTest(TestSuite.java:208)
	at junit.framework.TestSuite.run(TestSuite.java:203)
	at org.apache.tools.ant.taskdefs.optional.junit.JUnitTestRunner.run(JUnitTestRunner.java:421)
	at org.apache.tools.ant.taskdefs.optional.junit.JUnitTestRunner.launch(JUnitTestRunner.java:912)
	at org.apache.tools.ant.taskdefs.optional.junit.JUnitTestRunner.main(JUnitTestRunner.java:766)
Caused by: com.topcoder.clients.dao.DAOException: Throw for testing
	at com.topcoder.clients.manager.MockProjectDAO.searchByName(MockProjectDAO.java:120)
	at com.topcoder.clients.manager.dao.DAOProjectManager.searchProjectsByName(DAOProjectManager.java:780)
	... 20 more
Caused by: java.lang.NullPointerException: NPE Raised 
	... 22 more
[Entering method <com.topcoder.clients.manager.dao.DAOProjectManager.getProjectStatus(long id)>; Parameters:{ ParamName<id>; ParamValue: <-1>  }  at 2008-08-26 09:36:32.875 ]
[Error occurred in method <com.topcoder.clients.manager.dao.DAOProjectManager.getProjectStatus(long id)>, cause by :
java.lang.IllegalArgumentException: The parameter id should not be negative.
	at com.topcoder.clients.manager.dao.Helper.checkId(Helper.java:115)
	at com.topcoder.clients.manager.dao.DAOProjectManager.getProjectStatus(DAOProjectManager.java:855)
	at com.topcoder.clients.manager.dao.TestDAOProjectManagerFailure.testGetProjectStatus_1(TestDAOProjectManagerFailure.java:1619)
	at sun.reflect.NativeMethodAccessorImpl.invoke0(Native Method)
	at sun.reflect.NativeMethodAccessorImpl.invoke(NativeMethodAccessorImpl.java:39)
	at sun.reflect.DelegatingMethodAccessorImpl.invoke(DelegatingMethodAccessorImpl.java:25)
	at java.lang.reflect.Method.invoke(Method.java:585)
	at junit.framework.TestCase.runTest(TestCase.java:154)
	at junit.framework.TestCase.runBare(TestCase.java:127)
	at junit.framework.TestResult$1.protect(TestResult.java:106)
	at junit.framework.TestResult.runProtected(TestResult.java:124)
	at junit.framework.TestResult.run(TestResult.java:109)
	at junit.framework.TestCase.run(TestCase.java:118)
	at junit.framework.TestSuite.runTest(TestSuite.java:208)
	at junit.framework.TestSuite.run(TestSuite.java:203)
	at junit.framework.TestSuite.runTest(TestSuite.java:208)
	at junit.framework.TestSuite.run(TestSuite.java:203)
	at junit.framework.TestSuite.runTest(TestSuite.java:208)
	at junit.framework.TestSuite.run(TestSuite.java:203)
	at org.apache.tools.ant.taskdefs.optional.junit.JUnitTestRunner.run(JUnitTestRunner.java:421)
	at org.apache.tools.ant.taskdefs.optional.junit.JUnitTestRunner.launch(JUnitTestRunner.java:912)
	at org.apache.tools.ant.taskdefs.optional.junit.JUnitTestRunner.main(JUnitTestRunner.java:766)
[Entering method <com.topcoder.clients.manager.dao.DAOProjectManager.getProjectStatus(long id)>; Parameters:{ ParamName<id>; ParamValue: <1001>  }  at 2008-08-26 09:36:32.890 ]
[Error occurred in method <com.topcoder.clients.manager.dao.DAOProjectManager.getProjectStatus(long id)>, cause by :
com.topcoder.clients.manager.ProjectManagerException: Fail to getProjectStatus with id=1001 , cause by Throw for testing
	at com.topcoder.clients.manager.dao.DAOProjectManager.wrapInnerException(DAOProjectManager.java:351)
	at com.topcoder.clients.manager.dao.DAOProjectManager.getProjectStatus(DAOProjectManager.java:868)
	at com.topcoder.clients.manager.dao.TestDAOProjectManagerFailure.testGetProjectStatus_2(TestDAOProjectManagerFailure.java:1637)
	at sun.reflect.NativeMethodAccessorImpl.invoke0(Native Method)
	at sun.reflect.NativeMethodAccessorImpl.invoke(NativeMethodAccessorImpl.java:39)
	at sun.reflect.DelegatingMethodAccessorImpl.invoke(DelegatingMethodAccessorImpl.java:25)
	at java.lang.reflect.Method.invoke(Method.java:585)
	at junit.framework.TestCase.runTest(TestCase.java:154)
	at junit.framework.TestCase.runBare(TestCase.java:127)
	at junit.framework.TestResult$1.protect(TestResult.java:106)
	at junit.framework.TestResult.runProtected(TestResult.java:124)
	at junit.framework.TestResult.run(TestResult.java:109)
	at junit.framework.TestCase.run(TestCase.java:118)
	at junit.framework.TestSuite.runTest(TestSuite.java:208)
	at junit.framework.TestSuite.run(TestSuite.java:203)
	at junit.framework.TestSuite.runTest(TestSuite.java:208)
	at junit.framework.TestSuite.run(TestSuite.java:203)
	at junit.framework.TestSuite.runTest(TestSuite.java:208)
	at junit.framework.TestSuite.run(TestSuite.java:203)
	at org.apache.tools.ant.taskdefs.optional.junit.JUnitTestRunner.run(JUnitTestRunner.java:421)
	at org.apache.tools.ant.taskdefs.optional.junit.JUnitTestRunner.launch(JUnitTestRunner.java:912)
	at org.apache.tools.ant.taskdefs.optional.junit.JUnitTestRunner.main(JUnitTestRunner.java:766)
Caused by: com.topcoder.clients.dao.DAOConfigurationException: Throw for testing
	at com.topcoder.clients.manager.MockProjectStatusDAO.retrieveById(MockProjectStatusDAO.java:69)
	at com.topcoder.clients.manager.dao.DAOProjectManager.getProjectStatus(DAOProjectManager.java:857)
	... 20 more
Caused by: java.lang.NullPointerException: NPE Raised 
	... 22 more
[Entering method <com.topcoder.clients.manager.dao.DAOProjectManager.createProject(Project project, Client client)>; Parameters:{ ParamName<project>; ParamValue: <null> , ParamName<client>; ParamValue: <[ id=0 name=null codeName=null salesTax=0.0 isDeleted=false company=null clientStatus=null]>  }  at 2008-08-26 09:36:33.000 ]
[Error occurred in method <com.topcoder.clients.manager.dao.DAOProjectManager.createProject(Project project, Client client)>, cause by :
java.lang.IllegalArgumentException: The parameter 'project' should not be null.
	at com.topcoder.clients.manager.dao.Helper.checkNull(Helper.java:69)
	at com.topcoder.clients.manager.dao.Helper.validateProject(Helper.java:202)
	at com.topcoder.clients.manager.dao.DAOProjectManager.createProject(DAOProjectManager.java:299)
	at com.topcoder.clients.manager.dao.TestDAOProjectManagerFailure.testCreateProject_1(TestDAOProjectManagerFailure.java:274)
	at sun.reflect.NativeMethodAccessorImpl.invoke0(Native Method)
	at sun.reflect.NativeMethodAccessorImpl.invoke(NativeMethodAccessorImpl.java:39)
	at sun.reflect.DelegatingMethodAccessorImpl.invoke(DelegatingMethodAccessorImpl.java:25)
	at java.lang.reflect.Method.invoke(Method.java:585)
	at junit.framework.TestCase.runTest(TestCase.java:154)
	at junit.framework.TestCase.runBare(TestCase.java:127)
	at junit.framework.TestResult$1.protect(TestResult.java:106)
	at junit.framework.TestResult.runProtected(TestResult.java:124)
	at junit.framework.TestResult.run(TestResult.java:109)
	at junit.framework.TestCase.run(TestCase.java:118)
	at junit.framework.TestSuite.runTest(TestSuite.java:208)
	at junit.framework.TestSuite.run(TestSuite.java:203)
	at junit.framework.TestSuite.runTest(TestSuite.java:208)
	at junit.framework.TestSuite.run(TestSuite.java:203)
	at junit.framework.TestSuite.runTest(TestSuite.java:208)
	at junit.framework.TestSuite.run(TestSuite.java:203)
	at org.apache.tools.ant.taskdefs.optional.junit.JUnitTestRunner.run(JUnitTestRunner.java:421)
	at org.apache.tools.ant.taskdefs.optional.junit.JUnitTestRunner.launch(JUnitTestRunner.java:912)
	at org.apache.tools.ant.taskdefs.optional.junit.JUnitTestRunner.main(JUnitTestRunner.java:766)
[Entering method <com.topcoder.clients.manager.dao.DAOProjectManager.createProject(Project project, Client client)>; Parameters:{ ParamName<project>; ParamValue: <[ id=0 name=name description=d parentProjectId=0 salesTax=-1.0 client=null company=null childProjects=null]> , ParamName<client>; ParamValue: <[ id=0 name=null codeName=null salesTax=0.0 isDeleted=false company=null clientStatus=null]>  }  at 2008-08-26 09:36:33.000 ]
[Error occurred in method <com.topcoder.clients.manager.dao.DAOProjectManager.createProject(Project project, Client client)>, cause by :
java.lang.IllegalArgumentException: The project's salesTax should be greater than zero.
	at com.topcoder.clients.manager.dao.Helper.validateProject(Helper.java:205)
	at com.topcoder.clients.manager.dao.DAOProjectManager.createProject(DAOProjectManager.java:299)
	at com.topcoder.clients.manager.dao.TestDAOProjectManagerFailure.testCreateProject_2(TestDAOProjectManagerFailure.java:300)
	at sun.reflect.NativeMethodAccessorImpl.invoke0(Native Method)
	at sun.reflect.NativeMethodAccessorImpl.invoke(NativeMethodAccessorImpl.java:39)
	at sun.reflect.DelegatingMethodAccessorImpl.invoke(DelegatingMethodAccessorImpl.java:25)
	at java.lang.reflect.Method.invoke(Method.java:585)
	at junit.framework.TestCase.runTest(TestCase.java:154)
	at junit.framework.TestCase.runBare(TestCase.java:127)
	at junit.framework.TestResult$1.protect(TestResult.java:106)
	at junit.framework.TestResult.runProtected(TestResult.java:124)
	at junit.framework.TestResult.run(TestResult.java:109)
	at junit.framework.TestCase.run(TestCase.java:118)
	at junit.framework.TestSuite.runTest(TestSuite.java:208)
	at junit.framework.TestSuite.run(TestSuite.java:203)
	at junit.framework.TestSuite.runTest(TestSuite.java:208)
	at junit.framework.TestSuite.run(TestSuite.java:203)
	at junit.framework.TestSuite.runTest(TestSuite.java:208)
	at junit.framework.TestSuite.run(TestSuite.java:203)
	at org.apache.tools.ant.taskdefs.optional.junit.JUnitTestRunner.run(JUnitTestRunner.java:421)
	at org.apache.tools.ant.taskdefs.optional.junit.JUnitTestRunner.launch(JUnitTestRunner.java:912)
	at org.apache.tools.ant.taskdefs.optional.junit.JUnitTestRunner.main(JUnitTestRunner.java:766)
[Entering method <com.topcoder.clients.manager.dao.DAOProjectManager.createProject(Project project, Client client)>; Parameters:{ ParamName<project>; ParamValue: <[ id=0 name=null description=d parentProjectId=0 salesTax=10.0 client=null company=null childProjects=null]> , ParamName<client>; ParamValue: <[ id=0 name=null codeName=null salesTax=0.0 isDeleted=false company=null clientStatus=null]>  }  at 2008-08-26 09:36:33.015 ]
[Error occurred in method <com.topcoder.clients.manager.dao.DAOProjectManager.createProject(Project project, Client client)>, cause by :
java.lang.IllegalArgumentException: The project's name should not be null or empty string (trimmed).
	at com.topcoder.clients.manager.dao.Helper.validateProject(Helper.java:213)
	at com.topcoder.clients.manager.dao.DAOProjectManager.createProject(DAOProjectManager.java:299)
	at com.topcoder.clients.manager.dao.TestDAOProjectManagerFailure.testCreateProject_3(TestDAOProjectManagerFailure.java:326)
	at sun.reflect.NativeMethodAccessorImpl.invoke0(Native Method)
	at sun.reflect.NativeMethodAccessorImpl.invoke(NativeMethodAccessorImpl.java:39)
	at sun.reflect.DelegatingMethodAccessorImpl.invoke(DelegatingMethodAccessorImpl.java:25)
	at java.lang.reflect.Method.invoke(Method.java:585)
	at junit.framework.TestCase.runTest(TestCase.java:154)
	at junit.framework.TestCase.runBare(TestCase.java:127)
	at junit.framework.TestResult$1.protect(TestResult.java:106)
	at junit.framework.TestResult.runProtected(TestResult.java:124)
	at junit.framework.TestResult.run(TestResult.java:109)
	at junit.framework.TestCase.run(TestCase.java:118)
	at junit.framework.TestSuite.runTest(TestSuite.java:208)
	at junit.framework.TestSuite.run(TestSuite.java:203)
	at junit.framework.TestSuite.runTest(TestSuite.java:208)
	at junit.framework.TestSuite.run(TestSuite.java:203)
	at junit.framework.TestSuite.runTest(TestSuite.java:208)
	at junit.framework.TestSuite.run(TestSuite.java:203)
	at org.apache.tools.ant.taskdefs.optional.junit.JUnitTestRunner.run(JUnitTestRunner.java:421)
	at org.apache.tools.ant.taskdefs.optional.junit.JUnitTestRunner.launch(JUnitTestRunner.java:912)
	at org.apache.tools.ant.taskdefs.optional.junit.JUnitTestRunner.main(JUnitTestRunner.java:766)
[Entering method <com.topcoder.clients.manager.dao.DAOProjectManager.createProject(Project project, Client client)>; Parameters:{ ParamName<project>; ParamValue: <[ id=0 name=   description=d parentProjectId=0 salesTax=10.0 client=null company=null childProjects=null]> , ParamName<client>; ParamValue: <[ id=0 name=null codeName=null salesTax=0.0 isDeleted=false company=null clientStatus=null]>  }  at 2008-08-26 09:36:33.015 ]
[Error occurred in method <com.topcoder.clients.manager.dao.DAOProjectManager.createProject(Project project, Client client)>, cause by :
java.lang.IllegalArgumentException: The project's name should not be null or empty string (trimmed).
	at com.topcoder.clients.manager.dao.Helper.validateProject(Helper.java:213)
	at com.topcoder.clients.manager.dao.DAOProjectManager.createProject(DAOProjectManager.java:299)
	at com.topcoder.clients.manager.dao.TestDAOProjectManagerFailure.testCreateProject_4(TestDAOProjectManagerFailure.java:352)
	at sun.reflect.NativeMethodAccessorImpl.invoke0(Native Method)
	at sun.reflect.NativeMethodAccessorImpl.invoke(NativeMethodAccessorImpl.java:39)
	at sun.reflect.DelegatingMethodAccessorImpl.invoke(DelegatingMethodAccessorImpl.java:25)
	at java.lang.reflect.Method.invoke(Method.java:585)
	at junit.framework.TestCase.runTest(TestCase.java:154)
	at junit.framework.TestCase.runBare(TestCase.java:127)
	at junit.framework.TestResult$1.protect(TestResult.java:106)
	at junit.framework.TestResult.runProtected(TestResult.java:124)
	at junit.framework.TestResult.run(TestResult.java:109)
	at junit.framework.TestCase.run(TestCase.java:118)
	at junit.framework.TestSuite.runTest(TestSuite.java:208)
	at junit.framework.TestSuite.run(TestSuite.java:203)
	at junit.framework.TestSuite.runTest(TestSuite.java:208)
	at junit.framework.TestSuite.run(TestSuite.java:203)
	at junit.framework.TestSuite.runTest(TestSuite.java:208)
	at junit.framework.TestSuite.run(TestSuite.java:203)
	at org.apache.tools.ant.taskdefs.optional.junit.JUnitTestRunner.run(JUnitTestRunner.java:421)
	at org.apache.tools.ant.taskdefs.optional.junit.JUnitTestRunner.launch(JUnitTestRunner.java:912)
	at org.apache.tools.ant.taskdefs.optional.junit.JUnitTestRunner.main(JUnitTestRunner.java:766)
[Entering method <com.topcoder.clients.manager.dao.DAOProjectManager.createProject(Project project, Client client)>; Parameters:{ ParamName<project>; ParamValue: <[ id=0 name=n description=null parentProjectId=0 salesTax=10.0 client=null company=null childProjects=null]> , ParamName<client>; ParamValue: <[ id=0 name=null codeName=null salesTax=0.0 isDeleted=false company=null clientStatus=null]>  }  at 2008-08-26 09:36:33.078 ]
[Error occurred in method <com.topcoder.clients.manager.dao.DAOProjectManager.createProject(Project project, Client client)>, cause by :
java.lang.IllegalArgumentException: The project's description should not be null.
	at com.topcoder.clients.manager.dao.Helper.validateProject(Helper.java:209)
	at com.topcoder.clients.manager.dao.DAOProjectManager.createProject(DAOProjectManager.java:299)
	at com.topcoder.clients.manager.dao.TestDAOProjectManagerFailure.testCreateProject_6(TestDAOProjectManagerFailure.java:378)
	at sun.reflect.NativeMethodAccessorImpl.invoke0(Native Method)
	at sun.reflect.NativeMethodAccessorImpl.invoke(NativeMethodAccessorImpl.java:39)
	at sun.reflect.DelegatingMethodAccessorImpl.invoke(DelegatingMethodAccessorImpl.java:25)
	at java.lang.reflect.Method.invoke(Method.java:585)
	at junit.framework.TestCase.runTest(TestCase.java:154)
	at junit.framework.TestCase.runBare(TestCase.java:127)
	at junit.framework.TestResult$1.protect(TestResult.java:106)
	at junit.framework.TestResult.runProtected(TestResult.java:124)
	at junit.framework.TestResult.run(TestResult.java:109)
	at junit.framework.TestCase.run(TestCase.java:118)
	at junit.framework.TestSuite.runTest(TestSuite.java:208)
	at junit.framework.TestSuite.run(TestSuite.java:203)
	at junit.framework.TestSuite.runTest(TestSuite.java:208)
	at junit.framework.TestSuite.run(TestSuite.java:203)
	at junit.framework.TestSuite.runTest(TestSuite.java:208)
	at junit.framework.TestSuite.run(TestSuite.java:203)
	at org.apache.tools.ant.taskdefs.optional.junit.JUnitTestRunner.run(JUnitTestRunner.java:421)
	at org.apache.tools.ant.taskdefs.optional.junit.JUnitTestRunner.launch(JUnitTestRunner.java:912)
	at org.apache.tools.ant.taskdefs.optional.junit.JUnitTestRunner.main(JUnitTestRunner.java:766)
[Entering method <com.topcoder.clients.manager.dao.DAOProjectManager.createProject(Project project, Client client)>; Parameters:{ ParamName<project>; ParamValue: <[ id=0 name=n description=d parentProjectId=0 salesTax=10.0 client=null company=null childProjects=null]> , ParamName<client>; ParamValue: <[ id=0 name=null codeName=null salesTax=0.0 isDeleted=false company=null clientStatus=null]>  }  at 2008-08-26 09:36:33.078 ]
[Error occurred in method <com.topcoder.clients.manager.dao.DAOProjectManager.createProject(Project project, Client client)>, cause by :
java.lang.IllegalArgumentException: The project isDeleted value should be false.
	at com.topcoder.clients.manager.dao.Helper.validateProject(Helper.java:217)
	at com.topcoder.clients.manager.dao.DAOProjectManager.createProject(DAOProjectManager.java:299)
	at com.topcoder.clients.manager.dao.TestDAOProjectManagerFailure.testCreateProject_7(TestDAOProjectManagerFailure.java:404)
	at sun.reflect.NativeMethodAccessorImpl.invoke0(Native Method)
	at sun.reflect.NativeMethodAccessorImpl.invoke(NativeMethodAccessorImpl.java:39)
	at sun.reflect.DelegatingMethodAccessorImpl.invoke(DelegatingMethodAccessorImpl.java:25)
	at java.lang.reflect.Method.invoke(Method.java:585)
	at junit.framework.TestCase.runTest(TestCase.java:154)
	at junit.framework.TestCase.runBare(TestCase.java:127)
	at junit.framework.TestResult$1.protect(TestResult.java:106)
	at junit.framework.TestResult.runProtected(TestResult.java:124)
	at junit.framework.TestResult.run(TestResult.java:109)
	at junit.framework.TestCase.run(TestCase.java:118)
	at junit.framework.TestSuite.runTest(TestSuite.java:208)
	at junit.framework.TestSuite.run(TestSuite.java:203)
	at junit.framework.TestSuite.runTest(TestSuite.java:208)
	at junit.framework.TestSuite.run(TestSuite.java:203)
	at junit.framework.TestSuite.runTest(TestSuite.java:208)
	at junit.framework.TestSuite.run(TestSuite.java:203)
	at org.apache.tools.ant.taskdefs.optional.junit.JUnitTestRunner.run(JUnitTestRunner.java:421)
	at org.apache.tools.ant.taskdefs.optional.junit.JUnitTestRunner.launch(JUnitTestRunner.java:912)
	at org.apache.tools.ant.taskdefs.optional.junit.JUnitTestRunner.main(JUnitTestRunner.java:766)
[Entering method <com.topcoder.clients.manager.dao.DAOProjectManager.createProject(Project project, Client client)>; Parameters:{ ParamName<project>; ParamValue: <[ id=0 name=n description=d parentProjectId=0 salesTax=10.0 client=null company=null childProjects=null]> , ParamName<client>; ParamValue: <null>  }  at 2008-08-26 09:36:33.093 ]
[Error occurred in method <com.topcoder.clients.manager.dao.DAOProjectManager.createProject(Project project, Client client)>, cause by :
java.lang.IllegalArgumentException: The parameter 'client' should not be null.
	at com.topcoder.clients.manager.dao.Helper.checkNull(Helper.java:69)
	at com.topcoder.clients.manager.dao.DAOProjectManager.createProject(DAOProjectManager.java:300)
	at com.topcoder.clients.manager.dao.TestDAOProjectManagerFailure.testCreateProject_8(TestDAOProjectManagerFailure.java:430)
	at sun.reflect.NativeMethodAccessorImpl.invoke0(Native Method)
	at sun.reflect.NativeMethodAccessorImpl.invoke(NativeMethodAccessorImpl.java:39)
	at sun.reflect.DelegatingMethodAccessorImpl.invoke(DelegatingMethodAccessorImpl.java:25)
	at java.lang.reflect.Method.invoke(Method.java:585)
	at junit.framework.TestCase.runTest(TestCase.java:154)
	at junit.framework.TestCase.runBare(TestCase.java:127)
	at junit.framework.TestResult$1.protect(TestResult.java:106)
	at junit.framework.TestResult.runProtected(TestResult.java:124)
	at junit.framework.TestResult.run(TestResult.java:109)
	at junit.framework.TestCase.run(TestCase.java:118)
	at junit.framework.TestSuite.runTest(TestSuite.java:208)
	at junit.framework.TestSuite.run(TestSuite.java:203)
	at junit.framework.TestSuite.runTest(TestSuite.java:208)
	at junit.framework.TestSuite.run(TestSuite.java:203)
	at junit.framework.TestSuite.runTest(TestSuite.java:208)
	at junit.framework.TestSuite.run(TestSuite.java:203)
	at org.apache.tools.ant.taskdefs.optional.junit.JUnitTestRunner.run(JUnitTestRunner.java:421)
	at org.apache.tools.ant.taskdefs.optional.junit.JUnitTestRunner.launch(JUnitTestRunner.java:912)
	at org.apache.tools.ant.taskdefs.optional.junit.JUnitTestRunner.main(JUnitTestRunner.java:766)
[Entering method <com.topcoder.clients.manager.dao.DAOProjectManager.createProject(Project project, Client client)>; Parameters:{ ParamName<project>; ParamValue: <[ id=0 name=DAOException description=d parentProjectId=0 salesTax=10.0 client=null company=null childProjects=null]> , ParamName<client>; ParamValue: <[ id=0 name=null codeName=null salesTax=0.0 isDeleted=false company=null clientStatus=null]>  }  at 2008-08-26 09:36:33.093 ]
[Error occurred in method <com.topcoder.clients.manager.dao.DAOProjectManager.createProject(Project project, Client client)>, cause by :
com.topcoder.clients.manager.ProjectManagerException: Fail to create the given project, cause by Throw for testing
	at com.topcoder.clients.manager.dao.DAOProjectManager.wrapInnerException(DAOProjectManager.java:351)
	at com.topcoder.clients.manager.dao.DAOProjectManager.createProject(DAOProjectManager.java:322)
	at com.topcoder.clients.manager.dao.TestDAOProjectManagerFailure.testCreateProject_9(TestDAOProjectManagerFailure.java:456)
	at sun.reflect.NativeMethodAccessorImpl.invoke0(Native Method)
	at sun.reflect.NativeMethodAccessorImpl.invoke(NativeMethodAccessorImpl.java:39)
	at sun.reflect.DelegatingMethodAccessorImpl.invoke(DelegatingMethodAccessorImpl.java:25)
	at java.lang.reflect.Method.invoke(Method.java:585)
	at junit.framework.TestCase.runTest(TestCase.java:154)
	at junit.framework.TestCase.runBare(TestCase.java:127)
	at junit.framework.TestResult$1.protect(TestResult.java:106)
	at junit.framework.TestResult.runProtected(TestResult.java:124)
	at junit.framework.TestResult.run(TestResult.java:109)
	at junit.framework.TestCase.run(TestCase.java:118)
	at junit.framework.TestSuite.runTest(TestSuite.java:208)
	at junit.framework.TestSuite.run(TestSuite.java:203)
	at junit.framework.TestSuite.runTest(TestSuite.java:208)
	at junit.framework.TestSuite.run(TestSuite.java:203)
	at junit.framework.TestSuite.runTest(TestSuite.java:208)
	at junit.framework.TestSuite.run(TestSuite.java:203)
	at org.apache.tools.ant.taskdefs.optional.junit.JUnitTestRunner.run(JUnitTestRunner.java:421)
	at org.apache.tools.ant.taskdefs.optional.junit.JUnitTestRunner.launch(JUnitTestRunner.java:912)
	at org.apache.tools.ant.taskdefs.optional.junit.JUnitTestRunner.main(JUnitTestRunner.java:766)
Caused by: com.topcoder.clients.dao.DAOException: Throw for testing
	at com.topcoder.clients.manager.MockProjectDAO.save(MockProjectDAO.java:167)
	at com.topcoder.clients.manager.dao.DAOProjectManager.createProject(DAOProjectManager.java:309)
	... 20 more
Caused by: java.lang.NullPointerException: NPE Raised 
	... 22 more
[Entering method <com.topcoder.clients.manager.dao.DAOProjectManager.createProject(Project project, Client client)>; Parameters:{ ParamName<project>; ParamValue: <[ id=0 name=DAOConfigurationException description=d parentProjectId=0 salesTax=10.0 client=null company=null childProjects=null]> , ParamName<client>; ParamValue: <[ id=0 name=null codeName=null salesTax=0.0 isDeleted=false company=null clientStatus=null]>  }  at 2008-08-26 09:36:33.109 ]
[Error occurred in method <com.topcoder.clients.manager.dao.DAOProjectManager.createProject(Project project, Client client)>, cause by :
com.topcoder.clients.manager.ProjectManagerException: Fail to create the given project, cause by Throw for testing
	at com.topcoder.clients.manager.dao.DAOProjectManager.wrapInnerException(DAOProjectManager.java:351)
	at com.topcoder.clients.manager.dao.DAOProjectManager.createProject(DAOProjectManager.java:325)
	at com.topcoder.clients.manager.dao.TestDAOProjectManagerFailure.testCreateProject_10(TestDAOProjectManagerFailure.java:482)
	at sun.reflect.NativeMethodAccessorImpl.invoke0(Native Method)
	at sun.reflect.NativeMethodAccessorImpl.invoke(NativeMethodAccessorImpl.java:39)
	at sun.reflect.DelegatingMethodAccessorImpl.invoke(DelegatingMethodAccessorImpl.java:25)
	at java.lang.reflect.Method.invoke(Method.java:585)
	at junit.framework.TestCase.runTest(TestCase.java:154)
	at junit.framework.TestCase.runBare(TestCase.java:127)
	at junit.framework.TestResult$1.protect(TestResult.java:106)
	at junit.framework.TestResult.runProtected(TestResult.java:124)
	at junit.framework.TestResult.run(TestResult.java:109)
	at junit.framework.TestCase.run(TestCase.java:118)
	at junit.framework.TestSuite.runTest(TestSuite.java:208)
	at junit.framework.TestSuite.run(TestSuite.java:203)
	at junit.framework.TestSuite.runTest(TestSuite.java:208)
	at junit.framework.TestSuite.run(TestSuite.java:203)
	at junit.framework.TestSuite.runTest(TestSuite.java:208)
	at junit.framework.TestSuite.run(TestSuite.java:203)
	at org.apache.tools.ant.taskdefs.optional.junit.JUnitTestRunner.run(JUnitTestRunner.java:421)
	at org.apache.tools.ant.taskdefs.optional.junit.JUnitTestRunner.launch(JUnitTestRunner.java:912)
	at org.apache.tools.ant.taskdefs.optional.junit.JUnitTestRunner.main(JUnitTestRunner.java:766)
Caused by: com.topcoder.clients.dao.DAOConfigurationException: Throw for testing
	at com.topcoder.clients.manager.MockProjectDAO.save(MockProjectDAO.java:171)
	at com.topcoder.clients.manager.dao.DAOProjectManager.createProject(DAOProjectManager.java:309)
	... 20 more
Caused by: java.lang.NullPointerException: NPE Raised 
	... 22 more
[Entering method <com.topcoder.clients.manager.dao.DAOProjectManager.createProject(Project project, Client client)>; Parameters:{ ParamName<project>; ParamValue: <[ id=0 name=ClassCastException description=d parentProjectId=0 salesTax=10.0 client=null company=null childProjects=null]> , ParamName<client>; ParamValue: <[ id=0 name=null codeName=null salesTax=0.0 isDeleted=false company=null clientStatus=null]>  }  at 2008-08-26 09:36:33.109 ]
[Error occurred in method <com.topcoder.clients.manager.dao.DAOProjectManager.createProject(Project project, Client client)>, cause by :
com.topcoder.clients.manager.ProjectManagerException: Fail to create the given project, cause by com.topcoder.clients.model.Client
	at com.topcoder.clients.manager.dao.DAOProjectManager.wrapInnerException(DAOProjectManager.java:351)
	at com.topcoder.clients.manager.dao.DAOProjectManager.createProject(DAOProjectManager.java:328)
	at com.topcoder.clients.manager.dao.TestDAOProjectManagerFailure.testCreateProject_11(TestDAOProjectManagerFailure.java:508)
	at sun.reflect.NativeMethodAccessorImpl.invoke0(Native Method)
	at sun.reflect.NativeMethodAccessorImpl.invoke(NativeMethodAccessorImpl.java:39)
	at sun.reflect.DelegatingMethodAccessorImpl.invoke(DelegatingMethodAccessorImpl.java:25)
	at java.lang.reflect.Method.invoke(Method.java:585)
	at junit.framework.TestCase.runTest(TestCase.java:154)
	at junit.framework.TestCase.runBare(TestCase.java:127)
	at junit.framework.TestResult$1.protect(TestResult.java:106)
	at junit.framework.TestResult.runProtected(TestResult.java:124)
	at junit.framework.TestResult.run(TestResult.java:109)
	at junit.framework.TestCase.run(TestCase.java:118)
	at junit.framework.TestSuite.runTest(TestSuite.java:208)
	at junit.framework.TestSuite.run(TestSuite.java:203)
	at junit.framework.TestSuite.runTest(TestSuite.java:208)
	at junit.framework.TestSuite.run(TestSuite.java:203)
	at junit.framework.TestSuite.runTest(TestSuite.java:208)
	at junit.framework.TestSuite.run(TestSuite.java:203)
	at org.apache.tools.ant.taskdefs.optional.junit.JUnitTestRunner.run(JUnitTestRunner.java:421)
	at org.apache.tools.ant.taskdefs.optional.junit.JUnitTestRunner.launch(JUnitTestRunner.java:912)
	at org.apache.tools.ant.taskdefs.optional.junit.JUnitTestRunner.main(JUnitTestRunner.java:766)
Caused by: java.lang.ClassCastException: com.topcoder.clients.model.Client
	at com.topcoder.clients.manager.dao.DAOProjectManager.createProject(DAOProjectManager.java:309)
	... 20 more
[Entering method <com.topcoder.clients.manager.dao.DAOProjectManager.updateProject(Project project)>; Parameters:{ ParamName<project>; ParamValue: <null>  }  at 2008-08-26 09:36:33.125 ]
[Error occurred in method <com.topcoder.clients.manager.dao.DAOProjectManager.updateProject(Project project)>, cause by :
java.lang.IllegalArgumentException: The parameter 'project' should not be null.
	at com.topcoder.clients.manager.dao.Helper.checkNull(Helper.java:69)
	at com.topcoder.clients.manager.dao.Helper.validateProject(Helper.java:202)
	at com.topcoder.clients.manager.dao.DAOProjectManager.updateProject(DAOProjectManager.java:381)
	at com.topcoder.clients.manager.dao.TestDAOProjectManagerFailure.testUpdateProject_F_1(TestDAOProjectManagerFailure.java:527)
	at sun.reflect.NativeMethodAccessorImpl.invoke0(Native Method)
	at sun.reflect.NativeMethodAccessorImpl.invoke(NativeMethodAccessorImpl.java:39)
	at sun.reflect.DelegatingMethodAccessorImpl.invoke(DelegatingMethodAccessorImpl.java:25)
	at java.lang.reflect.Method.invoke(Method.java:585)
	at junit.framework.TestCase.runTest(TestCase.java:154)
	at junit.framework.TestCase.runBare(TestCase.java:127)
	at junit.framework.TestResult$1.protect(TestResult.java:106)
	at junit.framework.TestResult.runProtected(TestResult.java:124)
	at junit.framework.TestResult.run(TestResult.java:109)
	at junit.framework.TestCase.run(TestCase.java:118)
	at junit.framework.TestSuite.runTest(TestSuite.java:208)
	at junit.framework.TestSuite.run(TestSuite.java:203)
	at junit.framework.TestSuite.runTest(TestSuite.java:208)
	at junit.framework.TestSuite.run(TestSuite.java:203)
	at junit.framework.TestSuite.runTest(TestSuite.java:208)
	at junit.framework.TestSuite.run(TestSuite.java:203)
	at org.apache.tools.ant.taskdefs.optional.junit.JUnitTestRunner.run(JUnitTestRunner.java:421)
	at org.apache.tools.ant.taskdefs.optional.junit.JUnitTestRunner.launch(JUnitTestRunner.java:912)
	at org.apache.tools.ant.taskdefs.optional.junit.JUnitTestRunner.main(JUnitTestRunner.java:766)
[Entering method <com.topcoder.clients.manager.dao.DAOProjectManager.updateProject(Project project)>; Parameters:{ ParamName<project>; ParamValue: <[ id=0 name=name description=d parentProjectId=0 salesTax=-10.0 client=null company=null childProjects=null]>  }  at 2008-08-26 09:36:33.140 ]
[Error occurred in method <com.topcoder.clients.manager.dao.DAOProjectManager.updateProject(Project project)>, cause by :
java.lang.IllegalArgumentException: The project's salesTax should be greater than zero.
	at com.topcoder.clients.manager.dao.Helper.validateProject(Helper.java:205)
	at com.topcoder.clients.manager.dao.DAOProjectManager.updateProject(DAOProjectManager.java:381)
	at com.topcoder.clients.manager.dao.TestDAOProjectManagerFailure.testUpdateProject_F_2(TestDAOProjectManagerFailure.java:552)
	at sun.reflect.NativeMethodAccessorImpl.invoke0(Native Method)
	at sun.reflect.NativeMethodAccessorImpl.invoke(NativeMethodAccessorImpl.java:39)
	at sun.reflect.DelegatingMethodAccessorImpl.invoke(DelegatingMethodAccessorImpl.java:25)
	at java.lang.reflect.Method.invoke(Method.java:585)
	at junit.framework.TestCase.runTest(TestCase.java:154)
	at junit.framework.TestCase.runBare(TestCase.java:127)
	at junit.framework.TestResult$1.protect(TestResult.java:106)
	at junit.framework.TestResult.runProtected(TestResult.java:124)
	at junit.framework.TestResult.run(TestResult.java:109)
	at junit.framework.TestCase.run(TestCase.java:118)
	at junit.framework.TestSuite.runTest(TestSuite.java:208)
	at junit.framework.TestSuite.run(TestSuite.java:203)
	at junit.framework.TestSuite.runTest(TestSuite.java:208)
	at junit.framework.TestSuite.run(TestSuite.java:203)
	at junit.framework.TestSuite.runTest(TestSuite.java:208)
	at junit.framework.TestSuite.run(TestSuite.java:203)
	at org.apache.tools.ant.taskdefs.optional.junit.JUnitTestRunner.run(JUnitTestRunner.java:421)
	at org.apache.tools.ant.taskdefs.optional.junit.JUnitTestRunner.launch(JUnitTestRunner.java:912)
	at org.apache.tools.ant.taskdefs.optional.junit.JUnitTestRunner.main(JUnitTestRunner.java:766)
[Entering method <com.topcoder.clients.manager.dao.DAOProjectManager.updateProject(Project project)>; Parameters:{ ParamName<project>; ParamValue: <[ id=0 name=name description=null parentProjectId=0 salesTax=10.0 client=null company=null childProjects=null]>  }  at 2008-08-26 09:36:33.140 ]
[Error occurred in method <com.topcoder.clients.manager.dao.DAOProjectManager.updateProject(Project project)>, cause by :
java.lang.IllegalArgumentException: The project's description should not be null.
	at com.topcoder.clients.manager.dao.Helper.validateProject(Helper.java:209)
	at com.topcoder.clients.manager.dao.DAOProjectManager.updateProject(DAOProjectManager.java:381)
	at com.topcoder.clients.manager.dao.TestDAOProjectManagerFailure.testUpdateProject_F_3(TestDAOProjectManagerFailure.java:577)
	at sun.reflect.NativeMethodAccessorImpl.invoke0(Native Method)
	at sun.reflect.NativeMethodAccessorImpl.invoke(NativeMethodAccessorImpl.java:39)
	at sun.reflect.DelegatingMethodAccessorImpl.invoke(DelegatingMethodAccessorImpl.java:25)
	at java.lang.reflect.Method.invoke(Method.java:585)
	at junit.framework.TestCase.runTest(TestCase.java:154)
	at junit.framework.TestCase.runBare(TestCase.java:127)
	at junit.framework.TestResult$1.protect(TestResult.java:106)
	at junit.framework.TestResult.runProtected(TestResult.java:124)
	at junit.framework.TestResult.run(TestResult.java:109)
	at junit.framework.TestCase.run(TestCase.java:118)
	at junit.framework.TestSuite.runTest(TestSuite.java:208)
	at junit.framework.TestSuite.run(TestSuite.java:203)
	at junit.framework.TestSuite.runTest(TestSuite.java:208)
	at junit.framework.TestSuite.run(TestSuite.java:203)
	at junit.framework.TestSuite.runTest(TestSuite.java:208)
	at junit.framework.TestSuite.run(TestSuite.java:203)
	at org.apache.tools.ant.taskdefs.optional.junit.JUnitTestRunner.run(JUnitTestRunner.java:421)
	at org.apache.tools.ant.taskdefs.optional.junit.JUnitTestRunner.launch(JUnitTestRunner.java:912)
	at org.apache.tools.ant.taskdefs.optional.junit.JUnitTestRunner.main(JUnitTestRunner.java:766)
[Entering method <com.topcoder.clients.manager.dao.DAOProjectManager.updateProject(Project project)>; Parameters:{ ParamName<project>; ParamValue: <[ id=0 name=null description=d parentProjectId=0 salesTax=10.0 client=null company=null childProjects=null]>  }  at 2008-08-26 09:36:33.156 ]
[Error occurred in method <com.topcoder.clients.manager.dao.DAOProjectManager.updateProject(Project project)>, cause by :
java.lang.IllegalArgumentException: The project's name should not be null or empty string (trimmed).
	at com.topcoder.clients.manager.dao.Helper.validateProject(Helper.java:213)
	at com.topcoder.clients.manager.dao.DAOProjectManager.updateProject(DAOProjectManager.java:381)
	at com.topcoder.clients.manager.dao.TestDAOProjectManagerFailure.testUpdateProject_F_4(TestDAOProjectManagerFailure.java:602)
	at sun.reflect.NativeMethodAccessorImpl.invoke0(Native Method)
	at sun.reflect.NativeMethodAccessorImpl.invoke(NativeMethodAccessorImpl.java:39)
	at sun.reflect.DelegatingMethodAccessorImpl.invoke(DelegatingMethodAccessorImpl.java:25)
	at java.lang.reflect.Method.invoke(Method.java:585)
	at junit.framework.TestCase.runTest(TestCase.java:154)
	at junit.framework.TestCase.runBare(TestCase.java:127)
	at junit.framework.TestResult$1.protect(TestResult.java:106)
	at junit.framework.TestResult.runProtected(TestResult.java:124)
	at junit.framework.TestResult.run(TestResult.java:109)
	at junit.framework.TestCase.run(TestCase.java:118)
	at junit.framework.TestSuite.runTest(TestSuite.java:208)
	at junit.framework.TestSuite.run(TestSuite.java:203)
	at junit.framework.TestSuite.runTest(TestSuite.java:208)
	at junit.framework.TestSuite.run(TestSuite.java:203)
	at junit.framework.TestSuite.runTest(TestSuite.java:208)
	at junit.framework.TestSuite.run(TestSuite.java:203)
	at org.apache.tools.ant.taskdefs.optional.junit.JUnitTestRunner.run(JUnitTestRunner.java:421)
	at org.apache.tools.ant.taskdefs.optional.junit.JUnitTestRunner.launch(JUnitTestRunner.java:912)
	at org.apache.tools.ant.taskdefs.optional.junit.JUnitTestRunner.main(JUnitTestRunner.java:766)
[Entering method <com.topcoder.clients.manager.dao.DAOProjectManager.updateProject(Project project)>; Parameters:{ ParamName<project>; ParamValue: <[ id=0 name=  description=d parentProjectId=0 salesTax=10.0 client=null company=null childProjects=null]>  }  at 2008-08-26 09:36:33.156 ]
[Error occurred in method <com.topcoder.clients.manager.dao.DAOProjectManager.updateProject(Project project)>, cause by :
java.lang.IllegalArgumentException: The project's name should not be null or empty string (trimmed).
	at com.topcoder.clients.manager.dao.Helper.validateProject(Helper.java:213)
	at com.topcoder.clients.manager.dao.DAOProjectManager.updateProject(DAOProjectManager.java:381)
	at com.topcoder.clients.manager.dao.TestDAOProjectManagerFailure.testUpdateProject_F_5(TestDAOProjectManagerFailure.java:627)
	at sun.reflect.NativeMethodAccessorImpl.invoke0(Native Method)
	at sun.reflect.NativeMethodAccessorImpl.invoke(NativeMethodAccessorImpl.java:39)
	at sun.reflect.DelegatingMethodAccessorImpl.invoke(DelegatingMethodAccessorImpl.java:25)
	at java.lang.reflect.Method.invoke(Method.java:585)
	at junit.framework.TestCase.runTest(TestCase.java:154)
	at junit.framework.TestCase.runBare(TestCase.java:127)
	at junit.framework.TestResult$1.protect(TestResult.java:106)
	at junit.framework.TestResult.runProtected(TestResult.java:124)
	at junit.framework.TestResult.run(TestResult.java:109)
	at junit.framework.TestCase.run(TestCase.java:118)
	at junit.framework.TestSuite.runTest(TestSuite.java:208)
	at junit.framework.TestSuite.run(TestSuite.java:203)
	at junit.framework.TestSuite.runTest(TestSuite.java:208)
	at junit.framework.TestSuite.run(TestSuite.java:203)
	at junit.framework.TestSuite.runTest(TestSuite.java:208)
	at junit.framework.TestSuite.run(TestSuite.java:203)
	at org.apache.tools.ant.taskdefs.optional.junit.JUnitTestRunner.run(JUnitTestRunner.java:421)
	at org.apache.tools.ant.taskdefs.optional.junit.JUnitTestRunner.launch(JUnitTestRunner.java:912)
	at org.apache.tools.ant.taskdefs.optional.junit.JUnitTestRunner.main(JUnitTestRunner.java:766)
[Entering method <com.topcoder.clients.manager.dao.DAOProjectManager.updateProject(Project project)>; Parameters:{ ParamName<project>; ParamValue: <[ id=0 name=name description=d parentProjectId=0 salesTax=10.0 client=null company=null childProjects=null]>  }  at 2008-08-26 09:36:33.171 ]
[Error occurred in method <com.topcoder.clients.manager.dao.DAOProjectManager.updateProject(Project project)>, cause by :
java.lang.IllegalArgumentException: The project isDeleted value should be false.
	at com.topcoder.clients.manager.dao.Helper.validateProject(Helper.java:217)
	at com.topcoder.clients.manager.dao.DAOProjectManager.updateProject(DAOProjectManager.java:381)
	at com.topcoder.clients.manager.dao.TestDAOProjectManagerFailure.testUpdateProject_F_6(TestDAOProjectManagerFailure.java:652)
	at sun.reflect.NativeMethodAccessorImpl.invoke0(Native Method)
	at sun.reflect.NativeMethodAccessorImpl.invoke(NativeMethodAccessorImpl.java:39)
	at sun.reflect.DelegatingMethodAccessorImpl.invoke(DelegatingMethodAccessorImpl.java:25)
	at java.lang.reflect.Method.invoke(Method.java:585)
	at junit.framework.TestCase.runTest(TestCase.java:154)
	at junit.framework.TestCase.runBare(TestCase.java:127)
	at junit.framework.TestResult$1.protect(TestResult.java:106)
	at junit.framework.TestResult.runProtected(TestResult.java:124)
	at junit.framework.TestResult.run(TestResult.java:109)
	at junit.framework.TestCase.run(TestCase.java:118)
	at junit.framework.TestSuite.runTest(TestSuite.java:208)
	at junit.framework.TestSuite.run(TestSuite.java:203)
	at junit.framework.TestSuite.runTest(TestSuite.java:208)
	at junit.framework.TestSuite.run(TestSuite.java:203)
	at junit.framework.TestSuite.runTest(TestSuite.java:208)
	at junit.framework.TestSuite.run(TestSuite.java:203)
	at org.apache.tools.ant.taskdefs.optional.junit.JUnitTestRunner.run(JUnitTestRunner.java:421)
	at org.apache.tools.ant.taskdefs.optional.junit.JUnitTestRunner.launch(JUnitTestRunner.java:912)
	at org.apache.tools.ant.taskdefs.optional.junit.JUnitTestRunner.main(JUnitTestRunner.java:766)
[Entering method <com.topcoder.clients.manager.dao.DAOProjectManager.updateProject(Project project)>; Parameters:{ ParamName<project>; ParamValue: <[ id=-10 name=name description=d parentProjectId=0 salesTax=10.0 client=null company=null childProjects=null]>  }  at 2008-08-26 09:36:33.171 ]
[Error occurred in method <com.topcoder.clients.manager.dao.DAOProjectManager.updateProject(Project project)>, cause by :
com.topcoder.clients.manager.ProjectEntityNotFoundException:  The project with id=-10 to update does not exist.
	at com.topcoder.clients.manager.dao.DAOProjectManager.handleProjectEntityNotFoundException(DAOProjectManager.java:453)
	at com.topcoder.clients.manager.dao.DAOProjectManager.checkProjectExist(DAOProjectManager.java:432)
	at com.topcoder.clients.manager.dao.DAOProjectManager.updateProject(DAOProjectManager.java:384)
	at com.topcoder.clients.manager.dao.TestDAOProjectManagerFailure.testUpdateProject_F_7(TestDAOProjectManagerFailure.java:678)
	at sun.reflect.NativeMethodAccessorImpl.invoke0(Native Method)
	at sun.reflect.NativeMethodAccessorImpl.invoke(NativeMethodAccessorImpl.java:39)
	at sun.reflect.DelegatingMethodAccessorImpl.invoke(DelegatingMethodAccessorImpl.java:25)
	at java.lang.reflect.Method.invoke(Method.java:585)
	at junit.framework.TestCase.runTest(TestCase.java:154)
	at junit.framework.TestCase.runBare(TestCase.java:127)
	at junit.framework.TestResult$1.protect(TestResult.java:106)
	at junit.framework.TestResult.runProtected(TestResult.java:124)
	at junit.framework.TestResult.run(TestResult.java:109)
	at junit.framework.TestCase.run(TestCase.java:118)
	at junit.framework.TestSuite.runTest(TestSuite.java:208)
	at junit.framework.TestSuite.run(TestSuite.java:203)
	at junit.framework.TestSuite.runTest(TestSuite.java:208)
	at junit.framework.TestSuite.run(TestSuite.java:203)
	at junit.framework.TestSuite.runTest(TestSuite.java:208)
	at junit.framework.TestSuite.run(TestSuite.java:203)
	at org.apache.tools.ant.taskdefs.optional.junit.JUnitTestRunner.run(JUnitTestRunner.java:421)
	at org.apache.tools.ant.taskdefs.optional.junit.JUnitTestRunner.launch(JUnitTestRunner.java:912)
	at org.apache.tools.ant.taskdefs.optional.junit.JUnitTestRunner.main(JUnitTestRunner.java:766)
Caused by: java.lang.IllegalArgumentException: Throw for testing
	at com.topcoder.clients.manager.MockProjectDAO.retrieveById(MockProjectDAO.java:76)
	at com.topcoder.clients.manager.dao.DAOProjectManager.checkProjectExist(DAOProjectManager.java:422)
	... 21 more
[Entering method <com.topcoder.clients.manager.dao.DAOProjectManager.updateProject(Project project)>; Parameters:{ ParamName<project>; ParamValue: <[ id=1 name=name description=d parentProjectId=0 salesTax=10.0 client=null company=null childProjects=null]>  }  at 2008-08-26 09:36:33.187 ]
[Error occurred in method <com.topcoder.clients.manager.dao.DAOProjectManager.updateProject(Project project)>, cause by :
com.topcoder.clients.manager.ProjectEntityNotFoundException: The project to update can not be found in the persistence with id =1
	at com.topcoder.clients.manager.dao.DAOProjectManager.checkProjectExist(DAOProjectManager.java:423)
	at com.topcoder.clients.manager.dao.DAOProjectManager.updateProject(DAOProjectManager.java:384)
	at com.topcoder.clients.manager.dao.TestDAOProjectManagerFailure.testUpdateProject_F_8(TestDAOProjectManagerFailure.java:704)
	at sun.reflect.NativeMethodAccessorImpl.invoke0(Native Method)
	at sun.reflect.NativeMethodAccessorImpl.invoke(NativeMethodAccessorImpl.java:39)
	at sun.reflect.DelegatingMethodAccessorImpl.invoke(DelegatingMethodAccessorImpl.java:25)
	at java.lang.reflect.Method.invoke(Method.java:585)
	at junit.framework.TestCase.runTest(TestCase.java:154)
	at junit.framework.TestCase.runBare(TestCase.java:127)
	at junit.framework.TestResult$1.protect(TestResult.java:106)
	at junit.framework.TestResult.runProtected(TestResult.java:124)
	at junit.framework.TestResult.run(TestResult.java:109)
	at junit.framework.TestCase.run(TestCase.java:118)
	at junit.framework.TestSuite.runTest(TestSuite.java:208)
	at junit.framework.TestSuite.run(TestSuite.java:203)
	at junit.framework.TestSuite.runTest(TestSuite.java:208)
	at junit.framework.TestSuite.run(TestSuite.java:203)
	at junit.framework.TestSuite.runTest(TestSuite.java:208)
	at junit.framework.TestSuite.run(TestSuite.java:203)
	at org.apache.tools.ant.taskdefs.optional.junit.JUnitTestRunner.run(JUnitTestRunner.java:421)
	at org.apache.tools.ant.taskdefs.optional.junit.JUnitTestRunner.launch(JUnitTestRunner.java:912)
	at org.apache.tools.ant.taskdefs.optional.junit.JUnitTestRunner.main(JUnitTestRunner.java:766)
[Entering method <com.topcoder.clients.manager.dao.DAOProjectManager.updateProject(Project project)>; Parameters:{ ParamName<project>; ParamValue: <[ id=4 name=name description=d parentProjectId=0 salesTax=10.0 client=null company=null childProjects=null]>  }  at 2008-08-26 09:36:33.203 ]
[Error occurred in method <com.topcoder.clients.manager.dao.DAOProjectManager.updateProject(Project project)>, cause by :
com.topcoder.clients.manager.ProjectEntityNotFoundException:  The project with id=4 to update does not exist.
	at com.topcoder.clients.manager.dao.DAOProjectManager.handleProjectEntityNotFoundException(DAOProjectManager.java:453)
	at com.topcoder.clients.manager.dao.DAOProjectManager.checkProjectExist(DAOProjectManager.java:435)
	at com.topcoder.clients.manager.dao.DAOProjectManager.updateProject(DAOProjectManager.java:384)
	at com.topcoder.clients.manager.dao.TestDAOProjectManagerFailure.testUpdateProject_F_9(TestDAOProjectManagerFailure.java:730)
	at sun.reflect.NativeMethodAccessorImpl.invoke0(Native Method)
	at sun.reflect.NativeMethodAccessorImpl.invoke(NativeMethodAccessorImpl.java:39)
	at sun.reflect.DelegatingMethodAccessorImpl.invoke(DelegatingMethodAccessorImpl.java:25)
	at java.lang.reflect.Method.invoke(Method.java:585)
	at junit.framework.TestCase.runTest(TestCase.java:154)
	at junit.framework.TestCase.runBare(TestCase.java:127)
	at junit.framework.TestResult$1.protect(TestResult.java:106)
	at junit.framework.TestResult.runProtected(TestResult.java:124)
	at junit.framework.TestResult.run(TestResult.java:109)
	at junit.framework.TestCase.run(TestCase.java:118)
	at junit.framework.TestSuite.runTest(TestSuite.java:208)
	at junit.framework.TestSuite.run(TestSuite.java:203)
	at junit.framework.TestSuite.runTest(TestSuite.java:208)
	at junit.framework.TestSuite.run(TestSuite.java:203)
	at junit.framework.TestSuite.runTest(TestSuite.java:208)
	at junit.framework.TestSuite.run(TestSuite.java:203)
	at org.apache.tools.ant.taskdefs.optional.junit.JUnitTestRunner.run(JUnitTestRunner.java:421)
	at org.apache.tools.ant.taskdefs.optional.junit.JUnitTestRunner.launch(JUnitTestRunner.java:912)
	at org.apache.tools.ant.taskdefs.optional.junit.JUnitTestRunner.main(JUnitTestRunner.java:766)
Caused by: com.topcoder.clients.dao.EntityNotFoundException: not found.
	at com.topcoder.clients.manager.MockProjectDAO.retrieveById(MockProjectDAO.java:92)
	at com.topcoder.clients.manager.dao.DAOProjectManager.checkProjectExist(DAOProjectManager.java:422)
	... 21 more
[Entering method <com.topcoder.clients.manager.dao.DAOProjectManager.updateProject(Project project)>; Parameters:{ ParamName<project>; ParamValue: <[ id=2 name=name description=d parentProjectId=0 salesTax=10.0 client=null company=null childProjects=null]>  }  at 2008-08-26 09:36:33.203 ]
[Error occurred in method <com.topcoder.clients.manager.dao.DAOProjectManager.updateProject(Project project)>, cause by :
com.topcoder.clients.manager.ProjectManagerException: Fail to update the Project, cause by Throw for testing
	at com.topcoder.clients.manager.dao.DAOProjectManager.wrapInnerException(DAOProjectManager.java:351)
	at com.topcoder.clients.manager.dao.DAOProjectManager.updateProject(DAOProjectManager.java:398)
	at com.topcoder.clients.manager.dao.TestDAOProjectManagerFailure.testUpdateProject_F_10(TestDAOProjectManagerFailure.java:756)
	at sun.reflect.NativeMethodAccessorImpl.invoke0(Native Method)
	at sun.reflect.NativeMethodAccessorImpl.invoke(NativeMethodAccessorImpl.java:39)
	at sun.reflect.DelegatingMethodAccessorImpl.invoke(DelegatingMethodAccessorImpl.java:25)
	at java.lang.reflect.Method.invoke(Method.java:585)
	at junit.framework.TestCase.runTest(TestCase.java:154)
	at junit.framework.TestCase.runBare(TestCase.java:127)
	at junit.framework.TestResult$1.protect(TestResult.java:106)
	at junit.framework.TestResult.runProtected(TestResult.java:124)
	at junit.framework.TestResult.run(TestResult.java:109)
	at junit.framework.TestCase.run(TestCase.java:118)
	at junit.framework.TestSuite.runTest(TestSuite.java:208)
	at junit.framework.TestSuite.run(TestSuite.java:203)
	at junit.framework.TestSuite.runTest(TestSuite.java:208)
	at junit.framework.TestSuite.run(TestSuite.java:203)
	at junit.framework.TestSuite.runTest(TestSuite.java:208)
	at junit.framework.TestSuite.run(TestSuite.java:203)
	at org.apache.tools.ant.taskdefs.optional.junit.JUnitTestRunner.run(JUnitTestRunner.java:421)
	at org.apache.tools.ant.taskdefs.optional.junit.JUnitTestRunner.launch(JUnitTestRunner.java:912)
	at org.apache.tools.ant.taskdefs.optional.junit.JUnitTestRunner.main(JUnitTestRunner.java:766)
Caused by: com.topcoder.clients.dao.DAOException: Throw for testing
	at com.topcoder.clients.manager.MockProjectDAO.retrieveById(MockProjectDAO.java:84)
	at com.topcoder.clients.manager.dao.DAOProjectManager.checkProjectExist(DAOProjectManager.java:422)
	at com.topcoder.clients.manager.dao.DAOProjectManager.updateProject(DAOProjectManager.java:384)
	... 20 more
[Entering method <com.topcoder.clients.manager.dao.DAOProjectManager.updateProject(Project project)>; Parameters:{ ParamName<project>; ParamValue: <[ id=3 name=name description=d parentProjectId=0 salesTax=10.0 client=null company=null childProjects=null]>  }  at 2008-08-26 09:36:33.218 ]
[Error occurred in method <com.topcoder.clients.manager.dao.DAOProjectManager.updateProject(Project project)>, cause by :
com.topcoder.clients.manager.ProjectManagerException: Fail to update the Project, cause by Throw DAOConfigurationException for testing
	at com.topcoder.clients.manager.dao.DAOProjectManager.wrapInnerException(DAOProjectManager.java:351)
	at com.topcoder.clients.manager.dao.DAOProjectManager.updateProject(DAOProjectManager.java:395)
	at com.topcoder.clients.manager.dao.TestDAOProjectManagerFailure.testUpdateProject_F_11(TestDAOProjectManagerFailure.java:782)
	at sun.reflect.NativeMethodAccessorImpl.invoke0(Native Method)
	at sun.reflect.NativeMethodAccessorImpl.invoke(NativeMethodAccessorImpl.java:39)
	at sun.reflect.DelegatingMethodAccessorImpl.invoke(DelegatingMethodAccessorImpl.java:25)
	at java.lang.reflect.Method.invoke(Method.java:585)
	at junit.framework.TestCase.runTest(TestCase.java:154)
	at junit.framework.TestCase.runBare(TestCase.java:127)
	at junit.framework.TestResult$1.protect(TestResult.java:106)
	at junit.framework.TestResult.runProtected(TestResult.java:124)
	at junit.framework.TestResult.run(TestResult.java:109)
	at junit.framework.TestCase.run(TestCase.java:118)
	at junit.framework.TestSuite.runTest(TestSuite.java:208)
	at junit.framework.TestSuite.run(TestSuite.java:203)
	at junit.framework.TestSuite.runTest(TestSuite.java:208)
	at junit.framework.TestSuite.run(TestSuite.java:203)
	at junit.framework.TestSuite.runTest(TestSuite.java:208)
	at junit.framework.TestSuite.run(TestSuite.java:203)
	at org.apache.tools.ant.taskdefs.optional.junit.JUnitTestRunner.run(JUnitTestRunner.java:421)
	at org.apache.tools.ant.taskdefs.optional.junit.JUnitTestRunner.launch(JUnitTestRunner.java:912)
	at org.apache.tools.ant.taskdefs.optional.junit.JUnitTestRunner.main(JUnitTestRunner.java:766)
Caused by: com.topcoder.clients.dao.DAOConfigurationException: Throw DAOConfigurationException for testing
	at com.topcoder.clients.manager.MockProjectDAO.retrieveById(MockProjectDAO.java:88)
	at com.topcoder.clients.manager.dao.DAOProjectManager.checkProjectExist(DAOProjectManager.java:422)
	at com.topcoder.clients.manager.dao.DAOProjectManager.updateProject(DAOProjectManager.java:384)
	... 20 more
[Entering method <com.topcoder.clients.manager.dao.DAOProjectManager.updateProject(Project project)>; Parameters:{ ParamName<project>; ParamValue: <[ id=3 name=ClassCastException description=d parentProjectId=0 salesTax=10.0 client=null company=null childProjects=null]>  }  at 2008-08-26 09:36:33.343 ]
[Error occurred in method <com.topcoder.clients.manager.dao.DAOProjectManager.updateProject(Project project)>, cause by :
com.topcoder.clients.manager.ProjectManagerException: Fail to update the Project, cause by Throw DAOConfigurationException for testing
	at com.topcoder.clients.manager.dao.DAOProjectManager.wrapInnerException(DAOProjectManager.java:351)
	at com.topcoder.clients.manager.dao.DAOProjectManager.updateProject(DAOProjectManager.java:395)
	at com.topcoder.clients.manager.dao.TestDAOProjectManagerFailure.testUpdateProject_F_12(TestDAOProjectManagerFailure.java:808)
	at sun.reflect.NativeMethodAccessorImpl.invoke0(Native Method)
	at sun.reflect.NativeMethodAccessorImpl.invoke(NativeMethodAccessorImpl.java:39)
	at sun.reflect.DelegatingMethodAccessorImpl.invoke(DelegatingMethodAccessorImpl.java:25)
	at java.lang.reflect.Method.invoke(Method.java:585)
	at junit.framework.TestCase.runTest(TestCase.java:154)
	at junit.framework.TestCase.runBare(TestCase.java:127)
	at junit.framework.TestResult$1.protect(TestResult.java:106)
	at junit.framework.TestResult.runProtected(TestResult.java:124)
	at junit.framework.TestResult.run(TestResult.java:109)
	at junit.framework.TestCase.run(TestCase.java:118)
	at junit.framework.TestSuite.runTest(TestSuite.java:208)
	at junit.framework.TestSuite.run(TestSuite.java:203)
	at junit.framework.TestSuite.runTest(TestSuite.java:208)
	at junit.framework.TestSuite.run(TestSuite.java:203)
	at junit.framework.TestSuite.runTest(TestSuite.java:208)
	at junit.framework.TestSuite.run(TestSuite.java:203)
	at org.apache.tools.ant.taskdefs.optional.junit.JUnitTestRunner.run(JUnitTestRunner.java:421)
	at org.apache.tools.ant.taskdefs.optional.junit.JUnitTestRunner.launch(JUnitTestRunner.java:912)
	at org.apache.tools.ant.taskdefs.optional.junit.JUnitTestRunner.main(JUnitTestRunner.java:766)
Caused by: com.topcoder.clients.dao.DAOConfigurationException: Throw DAOConfigurationException for testing
	at com.topcoder.clients.manager.MockProjectDAO.retrieveById(MockProjectDAO.java:88)
	at com.topcoder.clients.manager.dao.DAOProjectManager.checkProjectExist(DAOProjectManager.java:422)
	at com.topcoder.clients.manager.dao.DAOProjectManager.updateProject(DAOProjectManager.java:384)
	... 20 more
[Entering method <com.topcoder.clients.manager.dao.DAOProjectManager.deleteProject(Project project) >; Parameters:{ ParamName<project>; ParamValue: <null>  }  at 2008-08-26 09:36:33.359 ]
[Error occurred in method <com.topcoder.clients.manager.dao.DAOProjectManager.deleteProject(Project project) >, cause by :
java.lang.IllegalArgumentException: The parameter 'project' should not be null.
	at com.topcoder.clients.manager.dao.Helper.checkNull(Helper.java:69)
	at com.topcoder.clients.manager.dao.DAOProjectManager.deleteProject(DAOProjectManager.java:481)
	at com.topcoder.clients.manager.dao.TestDAOProjectManagerFailure.testDeleteProject_1(TestDAOProjectManagerFailure.java:826)
	at sun.reflect.NativeMethodAccessorImpl.invoke0(Native Method)
	at sun.reflect.NativeMethodAccessorImpl.invoke(NativeMethodAccessorImpl.java:39)
	at sun.reflect.DelegatingMethodAccessorImpl.invoke(DelegatingMethodAccessorImpl.java:25)
	at java.lang.reflect.Method.invoke(Method.java:585)
	at junit.framework.TestCase.runTest(TestCase.java:154)
	at junit.framework.TestCase.runBare(TestCase.java:127)
	at junit.framework.TestResult$1.protect(TestResult.java:106)
	at junit.framework.TestResult.runProtected(TestResult.java:124)
	at junit.framework.TestResult.run(TestResult.java:109)
	at junit.framework.TestCase.run(TestCase.java:118)
	at junit.framework.TestSuite.runTest(TestSuite.java:208)
	at junit.framework.TestSuite.run(TestSuite.java:203)
	at junit.framework.TestSuite.runTest(TestSuite.java:208)
	at junit.framework.TestSuite.run(TestSuite.java:203)
	at junit.framework.TestSuite.runTest(TestSuite.java:208)
	at junit.framework.TestSuite.run(TestSuite.java:203)
	at org.apache.tools.ant.taskdefs.optional.junit.JUnitTestRunner.run(JUnitTestRunner.java:421)
	at org.apache.tools.ant.taskdefs.optional.junit.JUnitTestRunner.launch(JUnitTestRunner.java:912)
	at org.apache.tools.ant.taskdefs.optional.junit.JUnitTestRunner.main(JUnitTestRunner.java:766)
[Entering method <com.topcoder.clients.manager.dao.DAOProjectManager.deleteProject(Project project) >; Parameters:{ ParamName<project>; ParamValue: <[ id=0 name=null description=null parentProjectId=0 salesTax=0.0 client=null company=null childProjects=null]>  }  at 2008-08-26 09:36:33.359 ]
[Error occurred in method <com.topcoder.clients.manager.dao.DAOProjectManager.deleteProject(Project project) >, cause by :
java.lang.IllegalArgumentException: The project isDeleted value should be false, but was true.
	at com.topcoder.clients.manager.dao.DAOProjectManager.deleteProject(DAOProjectManager.java:483)
	at com.topcoder.clients.manager.dao.TestDAOProjectManagerFailure.testDeleteProject_2(TestDAOProjectManagerFailure.java:846)
	at sun.reflect.NativeMethodAccessorImpl.invoke0(Native Method)
	at sun.reflect.NativeMethodAccessorImpl.invoke(NativeMethodAccessorImpl.java:39)
	at sun.reflect.DelegatingMethodAccessorImpl.invoke(DelegatingMethodAccessorImpl.java:25)
	at java.lang.reflect.Method.invoke(Method.java:585)
	at junit.framework.TestCase.runTest(TestCase.java:154)
	at junit.framework.TestCase.runBare(TestCase.java:127)
	at junit.framework.TestResult$1.protect(TestResult.java:106)
	at junit.framework.TestResult.runProtected(TestResult.java:124)
	at junit.framework.TestResult.run(TestResult.java:109)
	at junit.framework.TestCase.run(TestCase.java:118)
	at junit.framework.TestSuite.runTest(TestSuite.java:208)
	at junit.framework.TestSuite.run(TestSuite.java:203)
	at junit.framework.TestSuite.runTest(TestSuite.java:208)
	at junit.framework.TestSuite.run(TestSuite.java:203)
	at junit.framework.TestSuite.runTest(TestSuite.java:208)
	at junit.framework.TestSuite.run(TestSuite.java:203)
	at org.apache.tools.ant.taskdefs.optional.junit.JUnitTestRunner.run(JUnitTestRunner.java:421)
	at org.apache.tools.ant.taskdefs.optional.junit.JUnitTestRunner.launch(JUnitTestRunner.java:912)
	at org.apache.tools.ant.taskdefs.optional.junit.JUnitTestRunner.main(JUnitTestRunner.java:766)
[Entering method <com.topcoder.clients.manager.dao.DAOProjectManager.deleteProject(Project project) >; Parameters:{ ParamName<project>; ParamValue: <[ id=0 name=entityNotFound description=null parentProjectId=0 salesTax=0.0 client=null company=null childProjects=null]>  }  at 2008-08-26 09:36:33.390 ]
[Error occurred in method <com.topcoder.clients.manager.dao.DAOProjectManager.deleteProject(Project project) >, cause by :
com.topcoder.clients.manager.ProjectEntityNotFoundException: The project with id=0 to delete does not exist.
	at com.topcoder.clients.manager.dao.DAOProjectManager.handleProjectEntityNotFoundException(DAOProjectManager.java:453)
	at com.topcoder.clients.manager.dao.DAOProjectManager.deleteProject(DAOProjectManager.java:503)
	at com.topcoder.clients.manager.dao.TestDAOProjectManagerFailure.testDeleteProject_3(TestDAOProjectManagerFailure.java:869)
	at sun.reflect.NativeMethodAccessorImpl.invoke0(Native Method)
	at sun.reflect.NativeMethodAccessorImpl.invoke(NativeMethodAccessorImpl.java:39)
	at sun.reflect.DelegatingMethodAccessorImpl.invoke(DelegatingMethodAccessorImpl.java:25)
	at java.lang.reflect.Method.invoke(Method.java:585)
	at junit.framework.TestCase.runTest(TestCase.java:154)
	at junit.framework.TestCase.runBare(TestCase.java:127)
	at junit.framework.TestResult$1.protect(TestResult.java:106)
	at junit.framework.TestResult.runProtected(TestResult.java:124)
	at junit.framework.TestResult.run(TestResult.java:109)
	at junit.framework.TestCase.run(TestCase.java:118)
	at junit.framework.TestSuite.runTest(TestSuite.java:208)
	at junit.framework.TestSuite.run(TestSuite.java:203)
	at junit.framework.TestSuite.runTest(TestSuite.java:208)
	at junit.framework.TestSuite.run(TestSuite.java:203)
	at junit.framework.TestSuite.runTest(TestSuite.java:208)
	at junit.framework.TestSuite.run(TestSuite.java:203)
	at org.apache.tools.ant.taskdefs.optional.junit.JUnitTestRunner.run(JUnitTestRunner.java:421)
	at org.apache.tools.ant.taskdefs.optional.junit.JUnitTestRunner.launch(JUnitTestRunner.java:912)
	at org.apache.tools.ant.taskdefs.optional.junit.JUnitTestRunner.main(JUnitTestRunner.java:766)
Caused by: com.topcoder.clients.dao.EntityNotFoundException: The entity is not found.
	at com.topcoder.clients.manager.MockProjectDAO.delete(MockProjectDAO.java:191)
	at com.topcoder.clients.manager.dao.DAOProjectManager.deleteProject(DAOProjectManager.java:487)
	... 20 more
Caused by: java.lang.IllegalArgumentException: IAE
	... 22 more
[Entering method <com.topcoder.clients.manager.dao.DAOProjectManager.deleteProject(Project project) >; Parameters:{ ParamName<project>; ParamValue: <[ id=0 name=DAOException description=null parentProjectId=0 salesTax=0.0 client=null company=null childProjects=null]>  }  at 2008-08-26 09:36:33.390 ]
[Error occurred in method <com.topcoder.clients.manager.dao.DAOProjectManager.deleteProject(Project project) >, cause by :
com.topcoder.clients.manager.ProjectManagerException: Fail to delete the project, cause by Throw for testing
	at com.topcoder.clients.manager.dao.DAOProjectManager.wrapInnerException(DAOProjectManager.java:351)
	at com.topcoder.clients.manager.dao.DAOProjectManager.deleteProject(DAOProjectManager.java:506)
	at com.topcoder.clients.manager.dao.TestDAOProjectManagerFailure.testDeleteProject_4(TestDAOProjectManagerFailure.java:892)
	at sun.reflect.NativeMethodAccessorImpl.invoke0(Native Method)
	at sun.reflect.NativeMethodAccessorImpl.invoke(NativeMethodAccessorImpl.java:39)
	at sun.reflect.DelegatingMethodAccessorImpl.invoke(DelegatingMethodAccessorImpl.java:25)
	at java.lang.reflect.Method.invoke(Method.java:585)
	at junit.framework.TestCase.runTest(TestCase.java:154)
	at junit.framework.TestCase.runBare(TestCase.java:127)
	at junit.framework.TestResult$1.protect(TestResult.java:106)
	at junit.framework.TestResult.runProtected(TestResult.java:124)
	at junit.framework.TestResult.run(TestResult.java:109)
	at junit.framework.TestCase.run(TestCase.java:118)
	at junit.framework.TestSuite.runTest(TestSuite.java:208)
	at junit.framework.TestSuite.run(TestSuite.java:203)
	at junit.framework.TestSuite.runTest(TestSuite.java:208)
	at junit.framework.TestSuite.run(TestSuite.java:203)
	at junit.framework.TestSuite.runTest(TestSuite.java:208)
	at junit.framework.TestSuite.run(TestSuite.java:203)
	at org.apache.tools.ant.taskdefs.optional.junit.JUnitTestRunner.run(JUnitTestRunner.java:421)
	at org.apache.tools.ant.taskdefs.optional.junit.JUnitTestRunner.launch(JUnitTestRunner.java:912)
	at org.apache.tools.ant.taskdefs.optional.junit.JUnitTestRunner.main(JUnitTestRunner.java:766)
Caused by: com.topcoder.clients.dao.DAOException: Throw for testing
	at com.topcoder.clients.manager.MockProjectDAO.delete(MockProjectDAO.java:195)
	at com.topcoder.clients.manager.dao.DAOProjectManager.deleteProject(DAOProjectManager.java:487)
	... 20 more
Caused by: java.lang.NullPointerException: NPE Raised 
	... 22 more
[Entering method <com.topcoder.clients.manager.dao.DAOProjectManager.deleteProject(Project project) >; Parameters:{ ParamName<project>; ParamValue: <[ id=0 name=DAOConfigurationException description=null parentProjectId=0 salesTax=0.0 client=null company=null childProjects=null]>  }  at 2008-08-26 09:36:33.406 ]
[Error occurred in method <com.topcoder.clients.manager.dao.DAOProjectManager.deleteProject(Project project) >, cause by :
com.topcoder.clients.manager.ProjectManagerException: Fail to delete the project, cause by Throw for testing
	at com.topcoder.clients.manager.dao.DAOProjectManager.wrapInnerException(DAOProjectManager.java:351)
	at com.topcoder.clients.manager.dao.DAOProjectManager.deleteProject(DAOProjectManager.java:500)
	at com.topcoder.clients.manager.dao.TestDAOProjectManagerFailure.testDeleteProject_5(TestDAOProjectManagerFailure.java:915)
	at sun.reflect.NativeMethodAccessorImpl.invoke0(Native Method)
	at sun.reflect.NativeMethodAccessorImpl.invoke(NativeMethodAccessorImpl.java:39)
	at sun.reflect.DelegatingMethodAccessorImpl.invoke(DelegatingMethodAccessorImpl.java:25)
	at java.lang.reflect.Method.invoke(Method.java:585)
	at junit.framework.TestCase.runTest(TestCase.java:154)
	at junit.framework.TestCase.runBare(TestCase.java:127)
	at junit.framework.TestResult$1.protect(TestResult.java:106)
	at junit.framework.TestResult.runProtected(TestResult.java:124)
	at junit.framework.TestResult.run(TestResult.java:109)
	at junit.framework.TestCase.run(TestCase.java:118)
	at junit.framework.TestSuite.runTest(TestSuite.java:208)
	at junit.framework.TestSuite.run(TestSuite.java:203)
	at junit.framework.TestSuite.runTest(TestSuite.java:208)
	at junit.framework.TestSuite.run(TestSuite.java:203)
	at junit.framework.TestSuite.runTest(TestSuite.java:208)
	at junit.framework.TestSuite.run(TestSuite.java:203)
	at org.apache.tools.ant.taskdefs.optional.junit.JUnitTestRunner.run(JUnitTestRunner.java:421)
	at org.apache.tools.ant.taskdefs.optional.junit.JUnitTestRunner.launch(JUnitTestRunner.java:912)
	at org.apache.tools.ant.taskdefs.optional.junit.JUnitTestRunner.main(JUnitTestRunner.java:766)
Caused by: com.topcoder.clients.dao.DAOConfigurationException: Throw for testing
	at com.topcoder.clients.manager.MockProjectDAO.delete(MockProjectDAO.java:199)
	at com.topcoder.clients.manager.dao.DAOProjectManager.deleteProject(DAOProjectManager.java:487)
	... 20 more
Caused by: java.lang.NullPointerException: NPE Raised 
	... 22 more
[Entering method <com.topcoder.clients.manager.dao.DAOProjectManager.retrieveProject(long id)>; Parameters:{ ParamName<id>; ParamValue: <102>  }  at 2008-08-26 09:36:33.421 ]
[Entering method <com.topcoder.clients.manager.dao.DAOProjectManager.retrieveProject(long id, boolean includeChildren)>; Parameters:{ ParamName<id>; ParamValue: <102> , ParamName<includeChildren>; ParamValue: <true>  }  at 2008-08-26 09:36:33.421 ]
[Error occurred in method <com.topcoder.clients.manager.dao.DAOProjectManager.retrieveProject(long id, boolean includeChildren)>, cause by :
com.topcoder.clients.manager.ProjectManagerException: Fail to retrieve project with id=102 cause by For testing
	at com.topcoder.clients.manager.dao.DAOProjectManager.wrapInnerException(DAOProjectManager.java:351)
	at com.topcoder.clients.manager.dao.DAOProjectManager.retrieveProject(DAOProjectManager.java:567)
	at com.topcoder.clients.manager.dao.DAOProjectManager.retrieveProject(DAOProjectManager.java:528)
	at com.topcoder.clients.manager.dao.TestDAOProjectManagerFailure.testRetrieveProjectLong_3(TestDAOProjectManagerFailure.java:972)
	at sun.reflect.NativeMethodAccessorImpl.invoke0(Native Method)
	at sun.reflect.NativeMethodAccessorImpl.invoke(NativeMethodAccessorImpl.java:39)
	at sun.reflect.DelegatingMethodAccessorImpl.invoke(DelegatingMethodAccessorImpl.java:25)
	at java.lang.reflect.Method.invoke(Method.java:585)
	at junit.framework.TestCase.runTest(TestCase.java:154)
	at junit.framework.TestCase.runBare(TestCase.java:127)
	at junit.framework.TestResult$1.protect(TestResult.java:106)
	at junit.framework.TestResult.runProtected(TestResult.java:124)
	at junit.framework.TestResult.run(TestResult.java:109)
	at junit.framework.TestCase.run(TestCase.java:118)
	at junit.framework.TestSuite.runTest(TestSuite.java:208)
	at junit.framework.TestSuite.run(TestSuite.java:203)
	at junit.framework.TestSuite.runTest(TestSuite.java:208)
	at junit.framework.TestSuite.run(TestSuite.java:203)
	at junit.framework.TestSuite.runTest(TestSuite.java:208)
	at junit.framework.TestSuite.run(TestSuite.java:203)
	at org.apache.tools.ant.taskdefs.optional.junit.JUnitTestRunner.run(JUnitTestRunner.java:421)
	at org.apache.tools.ant.taskdefs.optional.junit.JUnitTestRunner.launch(JUnitTestRunner.java:912)
	at org.apache.tools.ant.taskdefs.optional.junit.JUnitTestRunner.main(JUnitTestRunner.java:766)
Caused by: com.topcoder.clients.dao.DAOConfigurationException: For testing
	at com.topcoder.clients.manager.MockProjectDAO.retrieveById(MockProjectDAO.java:223)
	at com.topcoder.clients.manager.MockProjectDAO.retrieveById(MockProjectDAO.java:27)
	at com.topcoder.clients.manager.dao.DAOProjectManager.retrieveProject(DAOProjectManager.java:558)
	... 21 more
[Entering method <com.topcoder.clients.manager.dao.DAOProjectManager.retrieveProject(long id, boolean includeChildren)>; Parameters:{ ParamName<id>; ParamValue: <-1> , ParamName<includeChildren>; ParamValue: <false>  }  at 2008-08-26 09:36:33.421 ]
[Error occurred in method <com.topcoder.clients.manager.dao.DAOProjectManager.retrieveProject(long id, boolean includeChildren)>, cause by :
java.lang.IllegalArgumentException: The parameter id should not be negative.
	at com.topcoder.clients.manager.dao.Helper.checkId(Helper.java:115)
	at com.topcoder.clients.manager.dao.DAOProjectManager.retrieveProject(DAOProjectManager.java:555)
	at com.topcoder.clients.manager.dao.TestDAOProjectManagerFailure.testRetrieveProjectLongBoolean_1(TestDAOProjectManagerFailure.java:990)
	at sun.reflect.NativeMethodAccessorImpl.invoke0(Native Method)
	at sun.reflect.NativeMethodAccessorImpl.invoke(NativeMethodAccessorImpl.java:39)
	at sun.reflect.DelegatingMethodAccessorImpl.invoke(DelegatingMethodAccessorImpl.java:25)
	at java.lang.reflect.Method.invoke(Method.java:585)
	at junit.framework.TestCase.runTest(TestCase.java:154)
	at junit.framework.TestCase.runBare(TestCase.java:127)
	at junit.framework.TestResult$1.protect(TestResult.java:106)
	at junit.framework.TestResult.runProtected(TestResult.java:124)
	at junit.framework.TestResult.run(TestResult.java:109)
	at junit.framework.TestCase.run(TestCase.java:118)
	at junit.framework.TestSuite.runTest(TestSuite.java:208)
	at junit.framework.TestSuite.run(TestSuite.java:203)
	at junit.framework.TestSuite.runTest(TestSuite.java:208)
	at junit.framework.TestSuite.run(TestSuite.java:203)
	at junit.framework.TestSuite.runTest(TestSuite.java:208)
	at junit.framework.TestSuite.run(TestSuite.java:203)
	at org.apache.tools.ant.taskdefs.optional.junit.JUnitTestRunner.run(JUnitTestRunner.java:421)
	at org.apache.tools.ant.taskdefs.optional.junit.JUnitTestRunner.launch(JUnitTestRunner.java:912)
	at org.apache.tools.ant.taskdefs.optional.junit.JUnitTestRunner.main(JUnitTestRunner.java:766)
[Entering method <com.topcoder.clients.manager.dao.DAOProjectManager.retrieveProject(long id, boolean includeChildren)>; Parameters:{ ParamName<id>; ParamValue: <101> , ParamName<includeChildren>; ParamValue: <false>  }  at 2008-08-26 09:36:33.437 ]
[Error occurred in method <com.topcoder.clients.manager.dao.DAOProjectManager.retrieveProject(long id, boolean includeChildren)>, cause by :
com.topcoder.clients.manager.ProjectManagerException: Fail to retrieve project with id=101 cause by Throw for testing
	at com.topcoder.clients.manager.dao.DAOProjectManager.wrapInnerException(DAOProjectManager.java:351)
	at com.topcoder.clients.manager.dao.DAOProjectManager.retrieveProject(DAOProjectManager.java:570)
	at com.topcoder.clients.manager.dao.TestDAOProjectManagerFailure.testRetrieveProjectLongBoolean_3(TestDAOProjectManagerFailure.java:1026)
	at sun.reflect.NativeMethodAccessorImpl.invoke0(Native Method)
	at sun.reflect.NativeMethodAccessorImpl.invoke(NativeMethodAccessorImpl.java:39)
	at sun.reflect.DelegatingMethodAccessorImpl.invoke(DelegatingMethodAccessorImpl.java:25)
	at java.lang.reflect.Method.invoke(Method.java:585)
	at junit.framework.TestCase.runTest(TestCase.java:154)
	at junit.framework.TestCase.runBare(TestCase.java:127)
	at junit.framework.TestResult$1.protect(TestResult.java:106)
	at junit.framework.TestResult.runProtected(TestResult.java:124)
	at junit.framework.TestResult.run(TestResult.java:109)
	at junit.framework.TestCase.run(TestCase.java:118)
	at junit.framework.TestSuite.runTest(TestSuite.java:208)
	at junit.framework.TestSuite.run(TestSuite.java:203)
	at junit.framework.TestSuite.runTest(TestSuite.java:208)
	at junit.framework.TestSuite.run(TestSuite.java:203)
	at junit.framework.TestSuite.runTest(TestSuite.java:208)
	at junit.framework.TestSuite.run(TestSuite.java:203)
	at org.apache.tools.ant.taskdefs.optional.junit.JUnitTestRunner.run(JUnitTestRunner.java:421)
	at org.apache.tools.ant.taskdefs.optional.junit.JUnitTestRunner.launch(JUnitTestRunner.java:912)
	at org.apache.tools.ant.taskdefs.optional.junit.JUnitTestRunner.main(JUnitTestRunner.java:766)
Caused by: com.topcoder.clients.dao.DAOException: Throw for testing
	at com.topcoder.clients.manager.MockProjectDAO.retrieveById(MockProjectDAO.java:219)
	at com.topcoder.clients.manager.MockProjectDAO.retrieveById(MockProjectDAO.java:27)
	at com.topcoder.clients.manager.dao.DAOProjectManager.retrieveProject(DAOProjectManager.java:558)
	... 20 more
[Entering method <com.topcoder.clients.manager.dao.DAOProjectManager.retrieveProjectsForClient(Client client)>; Parameters:{ ParamName<client>; ParamValue: <[ id=1 name=DAOException codeName=null salesTax=0.0 isDeleted=false company=null clientStatus=null]>  }  at 2008-08-26 09:36:33.437 ]
[Entering method <com.topcoder.clients.manager.dao.DAOProjectManager.retrieveProjectsForClient(Client client, boolean includeChildren)>; Parameters:{ ParamName<client>; ParamValue: <[ id=1 name=DAOException codeName=null salesTax=0.0 isDeleted=false company=null clientStatus=null]> , ParamName<includeChildren>; ParamValue: <true>  }  at 2008-08-26 09:36:33.437 ]
[Error occurred in method <com.topcoder.clients.manager.dao.DAOProjectManager.retrieveProjectsForClient(Client client, boolean includeChildren)>, cause by :
com.topcoder.clients.manager.ProjectManagerException: Fail to retrieve project with client, cause by Throw for testing
	at com.topcoder.clients.manager.dao.DAOProjectManager.wrapInnerException(DAOProjectManager.java:351)
	at com.topcoder.clients.manager.dao.DAOProjectManager.retrieveProjectsForClient(DAOProjectManager.java:659)
	at com.topcoder.clients.manager.dao.DAOProjectManager.retrieveProjectsForClient(DAOProjectManager.java:594)
	at com.topcoder.clients.manager.dao.TestDAOProjectManagerFailure.testRetrieveProjectsForClientClient_3(TestDAOProjectManagerFailure.java:1085)
	at sun.reflect.NativeMethodAccessorImpl.invoke0(Native Method)
	at sun.reflect.NativeMethodAccessorImpl.invoke(NativeMethodAccessorImpl.java:39)
	at sun.reflect.DelegatingMethodAccessorImpl.invoke(DelegatingMethodAccessorImpl.java:25)
	at java.lang.reflect.Method.invoke(Method.java:585)
	at junit.framework.TestCase.runTest(TestCase.java:154)
	at junit.framework.TestCase.runBare(TestCase.java:127)
	at junit.framework.TestResult$1.protect(TestResult.java:106)
	at junit.framework.TestResult.runProtected(TestResult.java:124)
	at junit.framework.TestResult.run(TestResult.java:109)
	at junit.framework.TestCase.run(TestCase.java:118)
	at junit.framework.TestSuite.runTest(TestSuite.java:208)
	at junit.framework.TestSuite.run(TestSuite.java:203)
	at junit.framework.TestSuite.runTest(TestSuite.java:208)
	at junit.framework.TestSuite.run(TestSuite.java:203)
	at junit.framework.TestSuite.runTest(TestSuite.java:208)
	at junit.framework.TestSuite.run(TestSuite.java:203)
	at org.apache.tools.ant.taskdefs.optional.junit.JUnitTestRunner.run(JUnitTestRunner.java:421)
	at org.apache.tools.ant.taskdefs.optional.junit.JUnitTestRunner.launch(JUnitTestRunner.java:912)
	at org.apache.tools.ant.taskdefs.optional.junit.JUnitTestRunner.main(JUnitTestRunner.java:766)
Caused by: com.topcoder.clients.dao.DAOException: Throw for testing
	at com.topcoder.clients.manager.MockClientDAO.getProjectsForClient(MockClientDAO.java:236)
	at com.topcoder.clients.manager.MockClientDAO.getProjectsForClient(MockClientDAO.java:29)
	at com.topcoder.clients.manager.dao.DAOProjectManager.retrieveProjectsForClient(DAOProjectManager.java:631)
	... 21 more
Caused by: java.lang.NullPointerException: NPE Raised 
	... 24 more
[Entering method <com.topcoder.clients.manager.dao.DAOProjectManager.retrieveProjectsForClient(Client client)>; Parameters:{ ParamName<client>; ParamValue: <[ id=1 name=DAOConfigurationException codeName=null salesTax=0.0 isDeleted=false company=null clientStatus=null]>  }  at 2008-08-26 09:36:33.453 ]
[Entering method <com.topcoder.clients.manager.dao.DAOProjectManager.retrieveProjectsForClient(Client client, boolean includeChildren)>; Parameters:{ ParamName<client>; ParamValue: <[ id=1 name=DAOConfigurationException codeName=null salesTax=0.0 isDeleted=false company=null clientStatus=null]> , ParamName<includeChildren>; ParamValue: <true>  }  at 2008-08-26 09:36:33.453 ]
[Error occurred in method <com.topcoder.clients.manager.dao.DAOProjectManager.retrieveProjectsForClient(Client client, boolean includeChildren)>, cause by :
com.topcoder.clients.manager.ProjectManagerException: Fail to retrieve project with client, cause by Throw for testing
	at com.topcoder.clients.manager.dao.DAOProjectManager.wrapInnerException(DAOProjectManager.java:351)
	at com.topcoder.clients.manager.dao.DAOProjectManager.retrieveProjectsForClient(DAOProjectManager.java:656)
	at com.topcoder.clients.manager.dao.DAOProjectManager.retrieveProjectsForClient(DAOProjectManager.java:594)
	at com.topcoder.clients.manager.dao.TestDAOProjectManagerFailure.testRetrieveProjectsForClientClient_4(TestDAOProjectManagerFailure.java:1106)
	at sun.reflect.NativeMethodAccessorImpl.invoke0(Native Method)
	at sun.reflect.NativeMethodAccessorImpl.invoke(NativeMethodAccessorImpl.java:39)
	at sun.reflect.DelegatingMethodAccessorImpl.invoke(DelegatingMethodAccessorImpl.java:25)
	at java.lang.reflect.Method.invoke(Method.java:585)
	at junit.framework.TestCase.runTest(TestCase.java:154)
	at junit.framework.TestCase.runBare(TestCase.java:127)
	at junit.framework.TestResult$1.protect(TestResult.java:106)
	at junit.framework.TestResult.runProtected(TestResult.java:124)
	at junit.framework.TestResult.run(TestResult.java:109)
	at junit.framework.TestCase.run(TestCase.java:118)
	at junit.framework.TestSuite.runTest(TestSuite.java:208)
	at junit.framework.TestSuite.run(TestSuite.java:203)
	at junit.framework.TestSuite.runTest(TestSuite.java:208)
	at junit.framework.TestSuite.run(TestSuite.java:203)
	at junit.framework.TestSuite.runTest(TestSuite.java:208)
	at junit.framework.TestSuite.run(TestSuite.java:203)
	at org.apache.tools.ant.taskdefs.optional.junit.JUnitTestRunner.run(JUnitTestRunner.java:421)
	at org.apache.tools.ant.taskdefs.optional.junit.JUnitTestRunner.launch(JUnitTestRunner.java:912)
	at org.apache.tools.ant.taskdefs.optional.junit.JUnitTestRunner.main(JUnitTestRunner.java:766)
Caused by: com.topcoder.clients.dao.DAOConfigurationException: Throw for testing
	at com.topcoder.clients.manager.MockClientDAO.getProjectsForClient(MockClientDAO.java:240)
	at com.topcoder.clients.manager.MockClientDAO.getProjectsForClient(MockClientDAO.java:29)
	at com.topcoder.clients.manager.dao.DAOProjectManager.retrieveProjectsForClient(DAOProjectManager.java:631)
	... 21 more
Caused by: java.lang.NullPointerException: NPE Raised 
	... 24 more
[Entering method <com.topcoder.clients.manager.dao.DAOProjectManager.retrieveProjectsForClient(Client client, boolean includeChildren)>; Parameters:{ ParamName<client>; ParamValue: <[ id=1 name=DAOConfigurationException codeName=null salesTax=0.0 isDeleted=false company=null clientStatus=null]> , ParamName<includeChildren>; ParamValue: <false>  }  at 2008-08-26 09:36:33.453 ]
[Error occurred in method <com.topcoder.clients.manager.dao.DAOProjectManager.retrieveProjectsForClient(Client client, boolean includeChildren)>, cause by :
com.topcoder.clients.manager.ProjectManagerException: Fail to retrieve project with client, cause by Throw for testing
	at com.topcoder.clients.manager.dao.DAOProjectManager.wrapInnerException(DAOProjectManager.java:351)
	at com.topcoder.clients.manager.dao.DAOProjectManager.retrieveProjectsForClient(DAOProjectManager.java:656)
	at com.topcoder.clients.manager.dao.TestDAOProjectManagerFailure.testRetrieveProjectsForClientClientBoolean_1(TestDAOProjectManagerFailure.java:1127)
	at sun.reflect.NativeMethodAccessorImpl.invoke0(Native Method)
	at sun.reflect.NativeMethodAccessorImpl.invoke(NativeMethodAccessorImpl.java:39)
	at sun.reflect.DelegatingMethodAccessorImpl.invoke(DelegatingMethodAccessorImpl.java:25)
	at java.lang.reflect.Method.invoke(Method.java:585)
	at junit.framework.TestCase.runTest(TestCase.java:154)
	at junit.framework.TestCase.runBare(TestCase.java:127)
	at junit.framework.TestResult$1.protect(TestResult.java:106)
	at junit.framework.TestResult.runProtected(TestResult.java:124)
	at junit.framework.TestResult.run(TestResult.java:109)
	at junit.framework.TestCase.run(TestCase.java:118)
	at junit.framework.TestSuite.runTest(TestSuite.java:208)
	at junit.framework.TestSuite.run(TestSuite.java:203)
	at junit.framework.TestSuite.runTest(TestSuite.java:208)
	at junit.framework.TestSuite.run(TestSuite.java:203)
	at junit.framework.TestSuite.runTest(TestSuite.java:208)
	at junit.framework.TestSuite.run(TestSuite.java:203)
	at org.apache.tools.ant.taskdefs.optional.junit.JUnitTestRunner.run(JUnitTestRunner.java:421)
	at org.apache.tools.ant.taskdefs.optional.junit.JUnitTestRunner.launch(JUnitTestRunner.java:912)
	at org.apache.tools.ant.taskdefs.optional.junit.JUnitTestRunner.main(JUnitTestRunner.java:766)
Caused by: com.topcoder.clients.dao.DAOConfigurationException: Throw for testing
	at com.topcoder.clients.manager.MockClientDAO.getProjectsForClient(MockClientDAO.java:240)
	at com.topcoder.clients.manager.MockClientDAO.getProjectsForClient(MockClientDAO.java:29)
	at com.topcoder.clients.manager.dao.DAOProjectManager.retrieveProjectsForClient(DAOProjectManager.java:631)
	... 20 more
Caused by: java.lang.NullPointerException: NPE Raised 
	... 23 more
[Entering method <com.topcoder.clients.manager.dao.DAOProjectManager.retrieveProjectsForClient(Client client, boolean includeChildren)>; Parameters:{ ParamName<client>; ParamValue: <[ id=1 name=DAOException codeName=null salesTax=0.0 isDeleted=false company=null clientStatus=null]> , ParamName<includeChildren>; ParamValue: <false>  }  at 2008-08-26 09:36:33.468 ]
[Error occurred in method <com.topcoder.clients.manager.dao.DAOProjectManager.retrieveProjectsForClient(Client client, boolean includeChildren)>, cause by :
com.topcoder.clients.manager.ProjectManagerException: Fail to retrieve project with client, cause by Throw for testing
	at com.topcoder.clients.manager.dao.DAOProjectManager.wrapInnerException(DAOProjectManager.java:351)
	at com.topcoder.clients.manager.dao.DAOProjectManager.retrieveProjectsForClient(DAOProjectManager.java:659)
	at com.topcoder.clients.manager.dao.TestDAOProjectManagerFailure.testRetrieveProjectsForClientClientBoolean_2(TestDAOProjectManagerFailure.java:1148)
	at sun.reflect.NativeMethodAccessorImpl.invoke0(Native Method)
	at sun.reflect.NativeMethodAccessorImpl.invoke(NativeMethodAccessorImpl.java:39)
	at sun.reflect.DelegatingMethodAccessorImpl.invoke(DelegatingMethodAccessorImpl.java:25)
	at java.lang.reflect.Method.invoke(Method.java:585)
	at junit.framework.TestCase.runTest(TestCase.java:154)
	at junit.framework.TestCase.runBare(TestCase.java:127)
	at junit.framework.TestResult$1.protect(TestResult.java:106)
	at junit.framework.TestResult.runProtected(TestResult.java:124)
	at junit.framework.TestResult.run(TestResult.java:109)
	at junit.framework.TestCase.run(TestCase.java:118)
	at junit.framework.TestSuite.runTest(TestSuite.java:208)
	at junit.framework.TestSuite.run(TestSuite.java:203)
	at junit.framework.TestSuite.runTest(TestSuite.java:208)
	at junit.framework.TestSuite.run(TestSuite.java:203)
	at junit.framework.TestSuite.runTest(TestSuite.java:208)
	at junit.framework.TestSuite.run(TestSuite.java:203)
	at org.apache.tools.ant.taskdefs.optional.junit.JUnitTestRunner.run(JUnitTestRunner.java:421)
	at org.apache.tools.ant.taskdefs.optional.junit.JUnitTestRunner.launch(JUnitTestRunner.java:912)
	at org.apache.tools.ant.taskdefs.optional.junit.JUnitTestRunner.main(JUnitTestRunner.java:766)
Caused by: com.topcoder.clients.dao.DAOException: Throw for testing
	at com.topcoder.clients.manager.MockClientDAO.getProjectsForClient(MockClientDAO.java:236)
	at com.topcoder.clients.manager.MockClientDAO.getProjectsForClient(MockClientDAO.java:29)
	at com.topcoder.clients.manager.dao.DAOProjectManager.retrieveProjectsForClient(DAOProjectManager.java:631)
	... 20 more
Caused by: java.lang.NullPointerException: NPE Raised 
	... 23 more
[Entering method <com.topcoder.clients.manager.dao.DAOProjectManager.setProjectStatus(Project project, ProjectStatus status)>; Parameters:{ ParamName<project>; ParamValue: <null> , ParamName<status>; ParamValue: <[ id=0 name=name description=des isDeleted=false]>  }  at 2008-08-26 09:36:33.468 ]
[Error occurred in method <com.topcoder.clients.manager.dao.DAOProjectManager.setProjectStatus(Project project, ProjectStatus status)>, cause by :
java.lang.IllegalArgumentException: The parameter 'project' should not be null.
	at com.topcoder.clients.manager.dao.Helper.checkNull(Helper.java:69)
	at com.topcoder.clients.manager.dao.Helper.validateProject(Helper.java:202)
	at com.topcoder.clients.manager.dao.DAOProjectManager.setProjectStatus(DAOProjectManager.java:742)
	at com.topcoder.clients.manager.dao.TestDAOProjectManagerFailure.testSetProjectStatus_1(TestDAOProjectManagerFailure.java:1218)
	at sun.reflect.NativeMethodAccessorImpl.invoke0(Native Method)
	at sun.reflect.NativeMethodAccessorImpl.invoke(NativeMethodAccessorImpl.java:39)
	at sun.reflect.DelegatingMethodAccessorImpl.invoke(DelegatingMethodAccessorImpl.java:25)
	at java.lang.reflect.Method.invoke(Method.java:585)
	at junit.framework.TestCase.runTest(TestCase.java:154)
	at junit.framework.TestCase.runBare(TestCase.java:127)
	at junit.framework.TestResult$1.protect(TestResult.java:106)
	at junit.framework.TestResult.runProtected(TestResult.java:124)
	at junit.framework.TestResult.run(TestResult.java:109)
	at junit.framework.TestCase.run(TestCase.java:118)
	at junit.framework.TestSuite.runTest(TestSuite.java:208)
	at junit.framework.TestSuite.run(TestSuite.java:203)
	at junit.framework.TestSuite.runTest(TestSuite.java:208)
	at junit.framework.TestSuite.run(TestSuite.java:203)
	at junit.framework.TestSuite.runTest(TestSuite.java:208)
	at junit.framework.TestSuite.run(TestSuite.java:203)
	at org.apache.tools.ant.taskdefs.optional.junit.JUnitTestRunner.run(JUnitTestRunner.java:421)
	at org.apache.tools.ant.taskdefs.optional.junit.JUnitTestRunner.launch(JUnitTestRunner.java:912)
	at org.apache.tools.ant.taskdefs.optional.junit.JUnitTestRunner.main(JUnitTestRunner.java:766)
[Entering method <com.topcoder.clients.manager.dao.DAOProjectManager.setProjectStatus(Project project, ProjectStatus status)>; Parameters:{ ParamName<project>; ParamValue: <[ id=0 name=name description=des parentProjectId=0 salesTax=-10.0 client=null company=null childProjects=null]> , ParamName<status>; ParamValue: <[ id=0 name=name description=des isDeleted=false]>  }  at 2008-08-26 09:36:33.484 ]
[Error occurred in method <com.topcoder.clients.manager.dao.DAOProjectManager.setProjectStatus(Project project, ProjectStatus status)>, cause by :
java.lang.IllegalArgumentException: The project's salesTax should be greater than zero.
	at com.topcoder.clients.manager.dao.Helper.validateProject(Helper.java:205)
	at com.topcoder.clients.manager.dao.DAOProjectManager.setProjectStatus(DAOProjectManager.java:742)
	at com.topcoder.clients.manager.dao.TestDAOProjectManagerFailure.testSetProjectStatus_2(TestDAOProjectManagerFailure.java:1249)
	at sun.reflect.NativeMethodAccessorImpl.invoke0(Native Method)
	at sun.reflect.NativeMethodAccessorImpl.invoke(NativeMethodAccessorImpl.java:39)
	at sun.reflect.DelegatingMethodAccessorImpl.invoke(DelegatingMethodAccessorImpl.java:25)
	at java.lang.reflect.Method.invoke(Method.java:585)
	at junit.framework.TestCase.runTest(TestCase.java:154)
	at junit.framework.TestCase.runBare(TestCase.java:127)
	at junit.framework.TestResult$1.protect(TestResult.java:106)
	at junit.framework.TestResult.runProtected(TestResult.java:124)
	at junit.framework.TestResult.run(TestResult.java:109)
	at junit.framework.TestCase.run(TestCase.java:118)
	at junit.framework.TestSuite.runTest(TestSuite.java:208)
	at junit.framework.TestSuite.run(TestSuite.java:203)
	at junit.framework.TestSuite.runTest(TestSuite.java:208)
	at junit.framework.TestSuite.run(TestSuite.java:203)
	at junit.framework.TestSuite.runTest(TestSuite.java:208)
	at junit.framework.TestSuite.run(TestSuite.java:203)
	at org.apache.tools.ant.taskdefs.optional.junit.JUnitTestRunner.run(JUnitTestRunner.java:421)
	at org.apache.tools.ant.taskdefs.optional.junit.JUnitTestRunner.launch(JUnitTestRunner.java:912)
	at org.apache.tools.ant.taskdefs.optional.junit.JUnitTestRunner.main(JUnitTestRunner.java:766)
[Entering method <com.topcoder.clients.manager.dao.DAOProjectManager.setProjectStatus(Project project, ProjectStatus status)>; Parameters:{ ParamName<project>; ParamValue: <[ id=0 name=  description=des parentProjectId=0 salesTax=10.0 client=null company=null childProjects=null]> , ParamName<status>; ParamValue: <[ id=0 name=name description=des isDeleted=false]>  }  at 2008-08-26 09:36:33.546 ]
[Error occurred in method <com.topcoder.clients.manager.dao.DAOProjectManager.setProjectStatus(Project project, ProjectStatus status)>, cause by :
java.lang.IllegalArgumentException: The project's name should not be null or empty string (trimmed).
	at com.topcoder.clients.manager.dao.Helper.validateProject(Helper.java:213)
	at com.topcoder.clients.manager.dao.DAOProjectManager.setProjectStatus(DAOProjectManager.java:742)
	at com.topcoder.clients.manager.dao.TestDAOProjectManagerFailure.testSetProjectStatus_4(TestDAOProjectManagerFailure.java:1280)
	at sun.reflect.NativeMethodAccessorImpl.invoke0(Native Method)
	at sun.reflect.NativeMethodAccessorImpl.invoke(NativeMethodAccessorImpl.java:39)
	at sun.reflect.DelegatingMethodAccessorImpl.invoke(DelegatingMethodAccessorImpl.java:25)
	at java.lang.reflect.Method.invoke(Method.java:585)
	at junit.framework.TestCase.runTest(TestCase.java:154)
	at junit.framework.TestCase.runBare(TestCase.java:127)
	at junit.framework.TestResult$1.protect(TestResult.java:106)
	at junit.framework.TestResult.runProtected(TestResult.java:124)
	at junit.framework.TestResult.run(TestResult.java:109)
	at junit.framework.TestCase.run(TestCase.java:118)
	at junit.framework.TestSuite.runTest(TestSuite.java:208)
	at junit.framework.TestSuite.run(TestSuite.java:203)
	at junit.framework.TestSuite.runTest(TestSuite.java:208)
	at junit.framework.TestSuite.run(TestSuite.java:203)
	at junit.framework.TestSuite.runTest(TestSuite.java:208)
	at junit.framework.TestSuite.run(TestSuite.java:203)
	at org.apache.tools.ant.taskdefs.optional.junit.JUnitTestRunner.run(JUnitTestRunner.java:421)
	at org.apache.tools.ant.taskdefs.optional.junit.JUnitTestRunner.launch(JUnitTestRunner.java:912)
	at org.apache.tools.ant.taskdefs.optional.junit.JUnitTestRunner.main(JUnitTestRunner.java:766)
[Entering method <com.topcoder.clients.manager.dao.DAOProjectManager.setProjectStatus(Project project, ProjectStatus status)>; Parameters:{ ParamName<project>; ParamValue: <[ id=0 name=name description=des parentProjectId=0 salesTax=10.0 client=null company=null childProjects=null]> , ParamName<status>; ParamValue: <null>  }  at 2008-08-26 09:36:33.562 ]
[Error occurred in method <com.topcoder.clients.manager.dao.DAOProjectManager.setProjectStatus(Project project, ProjectStatus status)>, cause by :
java.lang.IllegalArgumentException: The parameter 'status' should not be null.
	at com.topcoder.clients.manager.dao.Helper.checkNull(Helper.java:69)
	at com.topcoder.clients.manager.dao.Helper.validateProjectStatus(Helper.java:236)
	at com.topcoder.clients.manager.dao.DAOProjectManager.setProjectStatus(DAOProjectManager.java:744)
	at com.topcoder.clients.manager.dao.TestDAOProjectManagerFailure.testSetProjectStatus_5(TestDAOProjectManagerFailure.java:1311)
	at sun.reflect.NativeMethodAccessorImpl.invoke0(Native Method)
	at sun.reflect.NativeMethodAccessorImpl.invoke(NativeMethodAccessorImpl.java:39)
	at sun.reflect.DelegatingMethodAccessorImpl.invoke(DelegatingMethodAccessorImpl.java:25)
	at java.lang.reflect.Method.invoke(Method.java:585)
	at junit.framework.TestCase.runTest(TestCase.java:154)
	at junit.framework.TestCase.runBare(TestCase.java:127)
	at junit.framework.TestResult$1.protect(TestResult.java:106)
	at junit.framework.TestResult.runProtected(TestResult.java:124)
	at junit.framework.TestResult.run(TestResult.java:109)
	at junit.framework.TestCase.run(TestCase.java:118)
	at junit.framework.TestSuite.runTest(TestSuite.java:208)
	at junit.framework.TestSuite.run(TestSuite.java:203)
	at junit.framework.TestSuite.runTest(TestSuite.java:208)
	at junit.framework.TestSuite.run(TestSuite.java:203)
	at junit.framework.TestSuite.runTest(TestSuite.java:208)
	at junit.framework.TestSuite.run(TestSuite.java:203)
	at org.apache.tools.ant.taskdefs.optional.junit.JUnitTestRunner.run(JUnitTestRunner.java:421)
	at org.apache.tools.ant.taskdefs.optional.junit.JUnitTestRunner.launch(JUnitTestRunner.java:912)
	at org.apache.tools.ant.taskdefs.optional.junit.JUnitTestRunner.main(JUnitTestRunner.java:766)
[Entering method <com.topcoder.clients.manager.dao.DAOProjectManager.setProjectStatus(Project project, ProjectStatus status)>; Parameters:{ ParamName<project>; ParamValue: <[ id=0 name=name description=des parentProjectId=0 salesTax=10.0 client=null company=null childProjects=null]> , ParamName<status>; ParamValue: <[ id=0 name=null description=des isDeleted=false]>  }  at 2008-08-26 09:36:33.578 ]
[Error occurred in method <com.topcoder.clients.manager.dao.DAOProjectManager.setProjectStatus(Project project, ProjectStatus status)>, cause by :
java.lang.IllegalArgumentException: The ProjectStatus should have a non-null, non-empty name.
	at com.topcoder.clients.manager.dao.Helper.validateProjectStatus(Helper.java:239)
	at com.topcoder.clients.manager.dao.DAOProjectManager.setProjectStatus(DAOProjectManager.java:744)
	at com.topcoder.clients.manager.dao.TestDAOProjectManagerFailure.testSetProjectStatus_6(TestDAOProjectManagerFailure.java:1342)
	at sun.reflect.NativeMethodAccessorImpl.invoke0(Native Method)
	at sun.reflect.NativeMethodAccessorImpl.invoke(NativeMethodAccessorImpl.java:39)
	at sun.reflect.DelegatingMethodAccessorImpl.invoke(DelegatingMethodAccessorImpl.java:25)
	at java.lang.reflect.Method.invoke(Method.java:585)
	at junit.framework.TestCase.runTest(TestCase.java:154)
	at junit.framework.TestCase.runBare(TestCase.java:127)
	at junit.framework.TestResult$1.protect(TestResult.java:106)
	at junit.framework.TestResult.runProtected(TestResult.java:124)
	at junit.framework.TestResult.run(TestResult.java:109)
	at junit.framework.TestCase.run(TestCase.java:118)
	at junit.framework.TestSuite.runTest(TestSuite.java:208)
	at junit.framework.TestSuite.run(TestSuite.java:203)
	at junit.framework.TestSuite.runTest(TestSuite.java:208)
	at junit.framework.TestSuite.run(TestSuite.java:203)
	at junit.framework.TestSuite.runTest(TestSuite.java:208)
	at junit.framework.TestSuite.run(TestSuite.java:203)
	at org.apache.tools.ant.taskdefs.optional.junit.JUnitTestRunner.run(JUnitTestRunner.java:421)
	at org.apache.tools.ant.taskdefs.optional.junit.JUnitTestRunner.launch(JUnitTestRunner.java:912)
	at org.apache.tools.ant.taskdefs.optional.junit.JUnitTestRunner.main(JUnitTestRunner.java:766)
[Entering method <com.topcoder.clients.manager.dao.DAOProjectManager.setProjectStatus(Project project, ProjectStatus status)>; Parameters:{ ParamName<project>; ParamValue: <[ id=0 name=name description=des parentProjectId=0 salesTax=10.0 client=null company=null childProjects=null]> , ParamName<status>; ParamValue: <[ id=0 name=  description=des isDeleted=false]>  }  at 2008-08-26 09:36:33.578 ]
[Error occurred in method <com.topcoder.clients.manager.dao.DAOProjectManager.setProjectStatus(Project project, ProjectStatus status)>, cause by :
java.lang.IllegalArgumentException: The ProjectStatus should have a non-null, non-empty name.
	at com.topcoder.clients.manager.dao.Helper.validateProjectStatus(Helper.java:239)
	at com.topcoder.clients.manager.dao.DAOProjectManager.setProjectStatus(DAOProjectManager.java:744)
	at com.topcoder.clients.manager.dao.TestDAOProjectManagerFailure.testSetProjectStatus_7(TestDAOProjectManagerFailure.java:1373)
	at sun.reflect.NativeMethodAccessorImpl.invoke0(Native Method)
	at sun.reflect.NativeMethodAccessorImpl.invoke(NativeMethodAccessorImpl.java:39)
	at sun.reflect.DelegatingMethodAccessorImpl.invoke(DelegatingMethodAccessorImpl.java:25)
	at java.lang.reflect.Method.invoke(Method.java:585)
	at junit.framework.TestCase.runTest(TestCase.java:154)
	at junit.framework.TestCase.runBare(TestCase.java:127)
	at junit.framework.TestResult$1.protect(TestResult.java:106)
	at junit.framework.TestResult.runProtected(TestResult.java:124)
	at junit.framework.TestResult.run(TestResult.java:109)
	at junit.framework.TestCase.run(TestCase.java:118)
	at junit.framework.TestSuite.runTest(TestSuite.java:208)
	at junit.framework.TestSuite.run(TestSuite.java:203)
	at junit.framework.TestSuite.runTest(TestSuite.java:208)
	at junit.framework.TestSuite.run(TestSuite.java:203)
	at junit.framework.TestSuite.runTest(TestSuite.java:208)
	at junit.framework.TestSuite.run(TestSuite.java:203)
	at org.apache.tools.ant.taskdefs.optional.junit.JUnitTestRunner.run(JUnitTestRunner.java:421)
	at org.apache.tools.ant.taskdefs.optional.junit.JUnitTestRunner.launch(JUnitTestRunner.java:912)
	at org.apache.tools.ant.taskdefs.optional.junit.JUnitTestRunner.main(JUnitTestRunner.java:766)
[Entering method <com.topcoder.clients.manager.dao.DAOProjectManager.setProjectStatus(Project project, ProjectStatus status)>; Parameters:{ ParamName<project>; ParamValue: <[ id=0 name=name description=des parentProjectId=0 salesTax=10.0 client=null company=null childProjects=null]> , ParamName<status>; ParamValue: <[ id=0 name=name description= isDeleted=false]>  }  at 2008-08-26 09:36:33.593 ]
[Error occurred in method <com.topcoder.clients.manager.dao.DAOProjectManager.setProjectStatus(Project project, ProjectStatus status)>, cause by :
java.lang.IllegalArgumentException: The ProjectStatus should have a non-null, non-empty description.
	at com.topcoder.clients.manager.dao.Helper.validateProjectStatus(Helper.java:243)
	at com.topcoder.clients.manager.dao.DAOProjectManager.setProjectStatus(DAOProjectManager.java:744)
	at com.topcoder.clients.manager.dao.TestDAOProjectManagerFailure.testSetProjectStatus_8(TestDAOProjectManagerFailure.java:1404)
	at sun.reflect.NativeMethodAccessorImpl.invoke0(Native Method)
	at sun.reflect.NativeMethodAccessorImpl.invoke(NativeMethodAccessorImpl.java:39)
	at sun.reflect.DelegatingMethodAccessorImpl.invoke(DelegatingMethodAccessorImpl.java:25)
	at java.lang.reflect.Method.invoke(Method.java:585)
	at junit.framework.TestCase.runTest(TestCase.java:154)
	at junit.framework.TestCase.runBare(TestCase.java:127)
	at junit.framework.TestResult$1.protect(TestResult.java:106)
	at junit.framework.TestResult.runProtected(TestResult.java:124)
	at junit.framework.TestResult.run(TestResult.java:109)
	at junit.framework.TestCase.run(TestCase.java:118)
	at junit.framework.TestSuite.runTest(TestSuite.java:208)
	at junit.framework.TestSuite.run(TestSuite.java:203)
	at junit.framework.TestSuite.runTest(TestSuite.java:208)
	at junit.framework.TestSuite.run(TestSuite.java:203)
	at junit.framework.TestSuite.runTest(TestSuite.java:208)
	at junit.framework.TestSuite.run(TestSuite.java:203)
	at org.apache.tools.ant.taskdefs.optional.junit.JUnitTestRunner.run(JUnitTestRunner.java:421)
	at org.apache.tools.ant.taskdefs.optional.junit.JUnitTestRunner.launch(JUnitTestRunner.java:912)
	at org.apache.tools.ant.taskdefs.optional.junit.JUnitTestRunner.main(JUnitTestRunner.java:766)
[Entering method <com.topcoder.clients.manager.dao.DAOProjectManager.setProjectStatus(Project project, ProjectStatus status)>; Parameters:{ ParamName<project>; ParamValue: <[ id=0 name=name description=des parentProjectId=0 salesTax=10.0 client=null company=null childProjects=null]> , ParamName<status>; ParamValue: <[ id=0 name=name description=null isDeleted=false]>  }  at 2008-08-26 09:36:33.593 ]
[Error occurred in method <com.topcoder.clients.manager.dao.DAOProjectManager.setProjectStatus(Project project, ProjectStatus status)>, cause by :
java.lang.IllegalArgumentException: The ProjectStatus should have a non-null, non-empty description.
	at com.topcoder.clients.manager.dao.Helper.validateProjectStatus(Helper.java:243)
	at com.topcoder.clients.manager.dao.DAOProjectManager.setProjectStatus(DAOProjectManager.java:744)
	at com.topcoder.clients.manager.dao.TestDAOProjectManagerFailure.testSetProjectStatus_9(TestDAOProjectManagerFailure.java:1435)
	at sun.reflect.NativeMethodAccessorImpl.invoke0(Native Method)
	at sun.reflect.NativeMethodAccessorImpl.invoke(NativeMethodAccessorImpl.java:39)
	at sun.reflect.DelegatingMethodAccessorImpl.invoke(DelegatingMethodAccessorImpl.java:25)
	at java.lang.reflect.Method.invoke(Method.java:585)
	at junit.framework.TestCase.runTest(TestCase.java:154)
	at junit.framework.TestCase.runBare(TestCase.java:127)
	at junit.framework.TestResult$1.protect(TestResult.java:106)
	at junit.framework.TestResult.runProtected(TestResult.java:124)
	at junit.framework.TestResult.run(TestResult.java:109)
	at junit.framework.TestCase.run(TestCase.java:118)
	at junit.framework.TestSuite.runTest(TestSuite.java:208)
	at junit.framework.TestSuite.run(TestSuite.java:203)
	at junit.framework.TestSuite.runTest(TestSuite.java:208)
	at junit.framework.TestSuite.run(TestSuite.java:203)
	at junit.framework.TestSuite.runTest(TestSuite.java:208)
	at junit.framework.TestSuite.run(TestSuite.java:203)
	at org.apache.tools.ant.taskdefs.optional.junit.JUnitTestRunner.run(JUnitTestRunner.java:421)
	at org.apache.tools.ant.taskdefs.optional.junit.JUnitTestRunner.launch(JUnitTestRunner.java:912)
	at org.apache.tools.ant.taskdefs.optional.junit.JUnitTestRunner.main(JUnitTestRunner.java:766)
[Entering method <com.topcoder.clients.manager.dao.DAOProjectManager.setProjectStatus(Project project, ProjectStatus status)>; Parameters:{ ParamName<project>; ParamValue: <[ id=0 name=name description=des parentProjectId=0 salesTax=10.0 client=null company=null childProjects=null]> , ParamName<status>; ParamValue: <[ id=0 name=name description=des isDeleted=true]>  }  at 2008-08-26 09:36:33.609 ]
[Error occurred in method <com.topcoder.clients.manager.dao.DAOProjectManager.setProjectStatus(Project project, ProjectStatus status)>, cause by :
java.lang.IllegalArgumentException: The ProjectStatus should not be deleted.
	at com.topcoder.clients.manager.dao.Helper.validateProjectStatus(Helper.java:247)
	at com.topcoder.clients.manager.dao.DAOProjectManager.setProjectStatus(DAOProjectManager.java:744)
	at com.topcoder.clients.manager.dao.TestDAOProjectManagerFailure.testSetProjectStatus_10(TestDAOProjectManagerFailure.java:1466)
	at sun.reflect.NativeMethodAccessorImpl.invoke0(Native Method)
	at sun.reflect.NativeMethodAccessorImpl.invoke(NativeMethodAccessorImpl.java:39)
	at sun.reflect.DelegatingMethodAccessorImpl.invoke(DelegatingMethodAccessorImpl.java:25)
	at java.lang.reflect.Method.invoke(Method.java:585)
	at junit.framework.TestCase.runTest(TestCase.java:154)
	at junit.framework.TestCase.runBare(TestCase.java:127)
	at junit.framework.TestResult$1.protect(TestResult.java:106)
	at junit.framework.TestResult.runProtected(TestResult.java:124)
	at junit.framework.TestResult.run(TestResult.java:109)
	at junit.framework.TestCase.run(TestCase.java:118)
	at junit.framework.TestSuite.runTest(TestSuite.java:208)
	at junit.framework.TestSuite.run(TestSuite.java:203)
	at junit.framework.TestSuite.runTest(TestSuite.java:208)
	at junit.framework.TestSuite.run(TestSuite.java:203)
	at junit.framework.TestSuite.runTest(TestSuite.java:208)
	at junit.framework.TestSuite.run(TestSuite.java:203)
	at org.apache.tools.ant.taskdefs.optional.junit.JUnitTestRunner.run(JUnitTestRunner.java:421)
	at org.apache.tools.ant.taskdefs.optional.junit.JUnitTestRunner.launch(JUnitTestRunner.java:912)
	at org.apache.tools.ant.taskdefs.optional.junit.JUnitTestRunner.main(JUnitTestRunner.java:766)
[Entering method <com.topcoder.clients.manager.dao.DAOProjectManager.searchProjectsByName(String name)>; Parameters:{ ParamName<name>; ParamValue: <  >  }  at 2008-08-26 09:36:33.625 ]
[Error occurred in method <com.topcoder.clients.manager.dao.DAOProjectManager.searchProjectsByName(String name)>, cause by :
java.lang.IllegalArgumentException: The parameter with name should not be empty string.
	at com.topcoder.clients.manager.dao.Helper.checkString(Helper.java:101)
	at com.topcoder.clients.manager.dao.DAOProjectManager.searchProjectsByName(DAOProjectManager.java:777)
	at com.topcoder.clients.manager.dao.TestDAOProjectManagerFailure.testSearchProjectsByName_1_2(TestDAOProjectManagerFailure.java:1505)
	at sun.reflect.NativeMethodAccessorImpl.invoke0(Native Method)
	at sun.reflect.NativeMethodAccessorImpl.invoke(NativeMethodAccessorImpl.java:39)
	at sun.reflect.DelegatingMethodAccessorImpl.invoke(DelegatingMethodAccessorImpl.java:25)
	at java.lang.reflect.Method.invoke(Method.java:585)
	at junit.framework.TestCase.runTest(TestCase.java:154)
	at junit.framework.TestCase.runBare(TestCase.java:127)
	at junit.framework.TestResult$1.protect(TestResult.java:106)
	at junit.framework.TestResult.runProtected(TestResult.java:124)
	at junit.framework.TestResult.run(TestResult.java:109)
	at junit.framework.TestCase.run(TestCase.java:118)
	at junit.framework.TestSuite.runTest(TestSuite.java:208)
	at junit.framework.TestSuite.run(TestSuite.java:203)
	at junit.framework.TestSuite.runTest(TestSuite.java:208)
	at junit.framework.TestSuite.run(TestSuite.java:203)
	at junit.framework.TestSuite.runTest(TestSuite.java:208)
	at junit.framework.TestSuite.run(TestSuite.java:203)
	at org.apache.tools.ant.taskdefs.optional.junit.JUnitTestRunner.run(JUnitTestRunner.java:421)
	at org.apache.tools.ant.taskdefs.optional.junit.JUnitTestRunner.launch(JUnitTestRunner.java:912)
	at org.apache.tools.ant.taskdefs.optional.junit.JUnitTestRunner.main(JUnitTestRunner.java:766)
[Entering method <com.topcoder.clients.manager.dao.DAOProjectManager.searchProjectsByName(String name)>; Parameters:{ ParamName<name>; ParamValue: <DAOConfigurationException>  }  at 2008-08-26 09:36:33.625 ]
[Error occurred in method <com.topcoder.clients.manager.dao.DAOProjectManager.searchProjectsByName(String name)>, cause by :
com.topcoder.clients.manager.ProjectManagerException: Fail to search projects by name=DAOConfigurationException cause by Throw for testing
	at com.topcoder.clients.manager.dao.DAOProjectManager.wrapInnerException(DAOProjectManager.java:351)
	at com.topcoder.clients.manager.dao.DAOProjectManager.searchProjectsByName(DAOProjectManager.java:790)
	at com.topcoder.clients.manager.dao.TestDAOProjectManagerFailure.testSearchProjectsByName_3(TestDAOProjectManagerFailure.java:1543)
	at sun.reflect.NativeMethodAccessorImpl.invoke0(Native Method)
	at sun.reflect.NativeMethodAccessorImpl.invoke(NativeMethodAccessorImpl.java:39)
	at sun.reflect.DelegatingMethodAccessorImpl.invoke(DelegatingMethodAccessorImpl.java:25)
	at java.lang.reflect.Method.invoke(Method.java:585)
	at junit.framework.TestCase.runTest(TestCase.java:154)
	at junit.framework.TestCase.runBare(TestCase.java:127)
	at junit.framework.TestResult$1.protect(TestResult.java:106)
	at junit.framework.TestResult.runProtected(TestResult.java:124)
	at junit.framework.TestResult.run(TestResult.java:109)
	at junit.framework.TestCase.run(TestCase.java:118)
	at junit.framework.TestSuite.runTest(TestSuite.java:208)
	at junit.framework.TestSuite.run(TestSuite.java:203)
	at junit.framework.TestSuite.runTest(TestSuite.java:208)
	at junit.framework.TestSuite.run(TestSuite.java:203)
	at junit.framework.TestSuite.runTest(TestSuite.java:208)
	at junit.framework.TestSuite.run(TestSuite.java:203)
	at org.apache.tools.ant.taskdefs.optional.junit.JUnitTestRunner.run(JUnitTestRunner.java:421)
	at org.apache.tools.ant.taskdefs.optional.junit.JUnitTestRunner.launch(JUnitTestRunner.java:912)
	at org.apache.tools.ant.taskdefs.optional.junit.JUnitTestRunner.main(JUnitTestRunner.java:766)
Caused by: com.topcoder.clients.dao.DAOConfigurationException: Throw for testing
	at com.topcoder.clients.manager.MockProjectDAO.searchByName(MockProjectDAO.java:124)
	at com.topcoder.clients.manager.dao.DAOProjectManager.searchProjectsByName(DAOProjectManager.java:780)
	... 20 more
Caused by: java.lang.NullPointerException: NPE Raised 
	... 22 more
[Entering method <com.topcoder.clients.manager.dao.DAOProjectManager.searchProjects(Filter filter)>; Parameters:{ ParamName<filter>; ParamValue: <null>  }  at 2008-08-26 09:36:33.640 ]
[Error occurred in method <com.topcoder.clients.manager.dao.DAOProjectManager.searchProjects(Filter filter)>, cause by :
java.lang.IllegalArgumentException: The parameter 'filter' should not be null.
	at com.topcoder.clients.manager.dao.Helper.checkNull(Helper.java:69)
	at com.topcoder.clients.manager.dao.DAOProjectManager.searchProjects(DAOProjectManager.java:818)
	at com.topcoder.clients.manager.dao.TestDAOProjectManagerFailure.testSearchProjects_1(TestDAOProjectManagerFailure.java:1561)
	at sun.reflect.NativeMethodAccessorImpl.invoke0(Native Method)
	at sun.reflect.NativeMethodAccessorImpl.invoke(NativeMethodAccessorImpl.java:39)
	at sun.reflect.DelegatingMethodAccessorImpl.invoke(DelegatingMethodAccessorImpl.java:25)
	at java.lang.reflect.Method.invoke(Method.java:585)
	at junit.framework.TestCase.runTest(TestCase.java:154)
	at junit.framework.TestCase.runBare(TestCase.java:127)
	at junit.framework.TestResult$1.protect(TestResult.java:106)
	at junit.framework.TestResult.runProtected(TestResult.java:124)
	at junit.framework.TestResult.run(TestResult.java:109)
	at junit.framework.TestCase.run(TestCase.java:118)
	at junit.framework.TestSuite.runTest(TestSuite.java:208)
	at junit.framework.TestSuite.run(TestSuite.java:203)
	at junit.framework.TestSuite.runTest(TestSuite.java:208)
	at junit.framework.TestSuite.run(TestSuite.java:203)
	at junit.framework.TestSuite.runTest(TestSuite.java:208)
	at junit.framework.TestSuite.run(TestSuite.java:203)
	at org.apache.tools.ant.taskdefs.optional.junit.JUnitTestRunner.run(JUnitTestRunner.java:421)
	at org.apache.tools.ant.taskdefs.optional.junit.JUnitTestRunner.launch(JUnitTestRunner.java:912)
	at org.apache.tools.ant.taskdefs.optional.junit.JUnitTestRunner.main(JUnitTestRunner.java:766)
[Entering method <com.topcoder.clients.manager.dao.DAOProjectManager.searchProjects(Filter filter)>; Parameters:{ ParamName<filter>; ParamValue: <com.topcoder.search.builder.filter.EqualToFilter@1d2fc36>  }  at 2008-08-26 09:36:33.640 ]
[Error occurred in method <com.topcoder.clients.manager.dao.DAOProjectManager.searchProjects(Filter filter)>, cause by :
com.topcoder.clients.manager.ProjectManagerException: Fail to search Project by filter, cause by Throw for testing
	at com.topcoder.clients.manager.dao.DAOProjectManager.wrapInnerException(DAOProjectManager.java:351)
	at com.topcoder.clients.manager.dao.DAOProjectManager.searchProjects(DAOProjectManager.java:834)
	at com.topcoder.clients.manager.dao.TestDAOProjectManagerFailure.testSearchProjects_2(TestDAOProjectManagerFailure.java:1581)
	at sun.reflect.NativeMethodAccessorImpl.invoke0(Native Method)
	at sun.reflect.NativeMethodAccessorImpl.invoke(NativeMethodAccessorImpl.java:39)
	at sun.reflect.DelegatingMethodAccessorImpl.invoke(DelegatingMethodAccessorImpl.java:25)
	at java.lang.reflect.Method.invoke(Method.java:585)
	at junit.framework.TestCase.runTest(TestCase.java:154)
	at junit.framework.TestCase.runBare(TestCase.java:127)
	at junit.framework.TestResult$1.protect(TestResult.java:106)
	at junit.framework.TestResult.runProtected(TestResult.java:124)
	at junit.framework.TestResult.run(TestResult.java:109)
	at junit.framework.TestCase.run(TestCase.java:118)
	at junit.framework.TestSuite.runTest(TestSuite.java:208)
	at junit.framework.TestSuite.run(TestSuite.java:203)
	at junit.framework.TestSuite.runTest(TestSuite.java:208)
	at junit.framework.TestSuite.run(TestSuite.java:203)
	at junit.framework.TestSuite.runTest(TestSuite.java:208)
	at junit.framework.TestSuite.run(TestSuite.java:203)
	at org.apache.tools.ant.taskdefs.optional.junit.JUnitTestRunner.run(JUnitTestRunner.java:421)
	at org.apache.tools.ant.taskdefs.optional.junit.JUnitTestRunner.launch(JUnitTestRunner.java:912)
	at org.apache.tools.ant.taskdefs.optional.junit.JUnitTestRunner.main(JUnitTestRunner.java:766)
Caused by: com.topcoder.clients.dao.DAOException: Throw for testing
	at com.topcoder.clients.manager.MockProjectDAO.search(MockProjectDAO.java:145)
	at com.topcoder.clients.manager.dao.DAOProjectManager.searchProjects(DAOProjectManager.java:820)
	... 20 more
Caused by: java.lang.NullPointerException: NPE Raised 
	... 22 more
[Entering method <com.topcoder.clients.manager.dao.DAOProjectManager.searchProjects(Filter filter)>; Parameters:{ ParamName<filter>; ParamValue: <com.topcoder.search.builder.filter.EqualToFilter@42552c>  }  at 2008-08-26 09:36:33.656 ]
[Error occurred in method <com.topcoder.clients.manager.dao.DAOProjectManager.searchProjects(Filter filter)>, cause by :
com.topcoder.clients.manager.ProjectManagerException: Fail to search Project by filter, cause by Throw for testing
	at com.topcoder.clients.manager.dao.DAOProjectManager.wrapInnerException(DAOProjectManager.java:351)
	at com.topcoder.clients.manager.dao.DAOProjectManager.searchProjects(DAOProjectManager.java:831)
	at com.topcoder.clients.manager.dao.TestDAOProjectManagerFailure.testSearchProjects_3(TestDAOProjectManagerFailure.java:1601)
	at sun.reflect.NativeMethodAccessorImpl.invoke0(Native Method)
	at sun.reflect.NativeMethodAccessorImpl.invoke(NativeMethodAccessorImpl.java:39)
	at sun.reflect.DelegatingMethodAccessorImpl.invoke(DelegatingMethodAccessorImpl.java:25)
	at java.lang.reflect.Method.invoke(Method.java:585)
	at junit.framework.TestCase.runTest(TestCase.java:154)
	at junit.framework.TestCase.runBare(TestCase.java:127)
	at junit.framework.TestResult$1.protect(TestResult.java:106)
	at junit.framework.TestResult.runProtected(TestResult.java:124)
	at junit.framework.TestResult.run(TestResult.java:109)
	at junit.framework.TestCase.run(TestCase.java:118)
	at junit.framework.TestSuite.runTest(TestSuite.java:208)
	at junit.framework.TestSuite.run(TestSuite.java:203)
	at junit.framework.TestSuite.runTest(TestSuite.java:208)
	at junit.framework.TestSuite.run(TestSuite.java:203)
	at junit.framework.TestSuite.runTest(TestSuite.java:208)
	at junit.framework.TestSuite.run(TestSuite.java:203)
	at org.apache.tools.ant.taskdefs.optional.junit.JUnitTestRunner.run(JUnitTestRunner.java:421)
	at org.apache.tools.ant.taskdefs.optional.junit.JUnitTestRunner.launch(JUnitTestRunner.java:912)
	at org.apache.tools.ant.taskdefs.optional.junit.JUnitTestRunner.main(JUnitTestRunner.java:766)
Caused by: com.topcoder.clients.dao.DAOConfigurationException: Throw for testing
	at com.topcoder.clients.manager.MockProjectDAO.search(MockProjectDAO.java:149)
	at com.topcoder.clients.manager.dao.DAOProjectManager.searchProjects(DAOProjectManager.java:820)
	... 20 more
Caused by: java.lang.NullPointerException: NPE Raised 
	... 22 more
[Entering method <com.topcoder.clients.manager.dao.DAOProjectManager.getProjectStatus(long id)>; Parameters:{ ParamName<id>; ParamValue: <1002>  }  at 2008-08-26 09:36:33.656 ]
[Error occurred in method <com.topcoder.clients.manager.dao.DAOProjectManager.getProjectStatus(long id)>, cause by :
com.topcoder.clients.manager.ProjectManagerException: Fail to getProjectStatus with id=1002 , cause by Throw for testing
	at com.topcoder.clients.manager.dao.DAOProjectManager.wrapInnerException(DAOProjectManager.java:351)
	at com.topcoder.clients.manager.dao.DAOProjectManager.getProjectStatus(DAOProjectManager.java:871)
	at com.topcoder.clients.manager.dao.TestDAOProjectManagerFailure.testGetProjectStatus_3(TestDAOProjectManagerFailure.java:1655)
	at sun.reflect.NativeMethodAccessorImpl.invoke0(Native Method)
	at sun.reflect.NativeMethodAccessorImpl.invoke(NativeMethodAccessorImpl.java:39)
	at sun.reflect.DelegatingMethodAccessorImpl.invoke(DelegatingMethodAccessorImpl.java:25)
	at java.lang.reflect.Method.invoke(Method.java:585)
	at junit.framework.TestCase.runTest(TestCase.java:154)
	at junit.framework.TestCase.runBare(TestCase.java:127)
	at junit.framework.TestResult$1.protect(TestResult.java:106)
	at junit.framework.TestResult.runProtected(TestResult.java:124)
	at junit.framework.TestResult.run(TestResult.java:109)
	at junit.framework.TestCase.run(TestCase.java:118)
	at junit.framework.TestSuite.runTest(TestSuite.java:208)
	at junit.framework.TestSuite.run(TestSuite.java:203)
	at junit.framework.TestSuite.runTest(TestSuite.java:208)
	at junit.framework.TestSuite.run(TestSuite.java:203)
	at junit.framework.TestSuite.runTest(TestSuite.java:208)
	at junit.framework.TestSuite.run(TestSuite.java:203)
	at org.apache.tools.ant.taskdefs.optional.junit.JUnitTestRunner.run(JUnitTestRunner.java:421)
	at org.apache.tools.ant.taskdefs.optional.junit.JUnitTestRunner.launch(JUnitTestRunner.java:912)
	at org.apache.tools.ant.taskdefs.optional.junit.JUnitTestRunner.main(JUnitTestRunner.java:766)
Caused by: com.topcoder.clients.dao.DAOException: Throw for testing
	at com.topcoder.clients.manager.MockProjectStatusDAO.retrieveById(MockProjectStatusDAO.java:73)
	at com.topcoder.clients.manager.dao.DAOProjectManager.getProjectStatus(DAOProjectManager.java:857)
	... 20 more
Caused by: java.lang.NullPointerException: NPE Raised 
	... 22 more
[Entering method <com.topcoder.clients.manager.dao.DAOProjectManager.getProjectStatus(long id)>; Parameters:{ ParamName<id>; ParamValue: <4>  }  at 2008-08-26 09:36:33.671 ]
[Error occurred in method <com.topcoder.clients.manager.dao.DAOProjectManager.getProjectStatus(long id)>, cause by :
com.topcoder.clients.manager.ProjectManagerException: Fail to getProjectStatus with id=4 , cause by com.topcoder.clients.model.Client
	at com.topcoder.clients.manager.dao.DAOProjectManager.wrapInnerException(DAOProjectManager.java:351)
	at com.topcoder.clients.manager.dao.DAOProjectManager.getProjectStatus(DAOProjectManager.java:874)
	at com.topcoder.clients.manager.dao.TestDAOProjectManagerFailure.testGetProjectStatus_4(TestDAOProjectManagerFailure.java:1673)
	at sun.reflect.NativeMethodAccessorImpl.invoke0(Native Method)
	at sun.reflect.NativeMethodAccessorImpl.invoke(NativeMethodAccessorImpl.java:39)
	at sun.reflect.DelegatingMethodAccessorImpl.invoke(DelegatingMethodAccessorImpl.java:25)
	at java.lang.reflect.Method.invoke(Method.java:585)
	at junit.framework.TestCase.runTest(TestCase.java:154)
	at junit.framework.TestCase.runBare(TestCase.java:127)
	at junit.framework.TestResult$1.protect(TestResult.java:106)
	at junit.framework.TestResult.runProtected(TestResult.java:124)
	at junit.framework.TestResult.run(TestResult.java:109)
	at junit.framework.TestCase.run(TestCase.java:118)
	at junit.framework.TestSuite.runTest(TestSuite.java:208)
	at junit.framework.TestSuite.run(TestSuite.java:203)
	at junit.framework.TestSuite.runTest(TestSuite.java:208)
	at junit.framework.TestSuite.run(TestSuite.java:203)
	at junit.framework.TestSuite.runTest(TestSuite.java:208)
	at junit.framework.TestSuite.run(TestSuite.java:203)
	at org.apache.tools.ant.taskdefs.optional.junit.JUnitTestRunner.run(JUnitTestRunner.java:421)
	at org.apache.tools.ant.taskdefs.optional.junit.JUnitTestRunner.launch(JUnitTestRunner.java:912)
	at org.apache.tools.ant.taskdefs.optional.junit.JUnitTestRunner.main(JUnitTestRunner.java:766)
Caused by: java.lang.ClassCastException: com.topcoder.clients.model.Client
	at com.topcoder.clients.manager.dao.DAOProjectManager.getProjectStatus(DAOProjectManager.java:857)
	... 20 more
[Entering method <com.topcoder.clients.manager.dao.DAOProjectManager.getAllProjectStatuses()>; Parameters:{ }  at 2008-08-26 09:36:33.671 ]
[Error occurred in method <com.topcoder.clients.manager.dao.DAOProjectManager.getAllProjectStatuses()>, cause by :
com.topcoder.clients.manager.ProjectManagerException: Fail to get all ProjectStatus , cause by Throw for testing
	at com.topcoder.clients.manager.dao.DAOProjectManager.wrapInnerException(DAOProjectManager.java:351)
	at com.topcoder.clients.manager.dao.DAOProjectManager.getAllProjectStatuses(DAOProjectManager.java:900)
	at com.topcoder.clients.manager.dao.TestDAOProjectManagerFailure.testGetAllProjectStatuses_1(TestDAOProjectManagerFailure.java:1697)
	at sun.reflect.NativeMethodAccessorImpl.invoke0(Native Method)
	at sun.reflect.NativeMethodAccessorImpl.invoke(NativeMethodAccessorImpl.java:39)
	at sun.reflect.DelegatingMethodAccessorImpl.invoke(DelegatingMethodAccessorImpl.java:25)
	at java.lang.reflect.Method.invoke(Method.java:585)
	at junit.framework.TestCase.runTest(TestCase.java:154)
	at junit.framework.TestCase.runBare(TestCase.java:127)
	at junit.framework.TestResult$1.protect(TestResult.java:106)
	at junit.framework.TestResult.runProtected(TestResult.java:124)
	at junit.framework.TestResult.run(TestResult.java:109)
	at junit.framework.TestCase.run(TestCase.java:118)
	at junit.framework.TestSuite.runTest(TestSuite.java:208)
	at junit.framework.TestSuite.run(TestSuite.java:203)
	at junit.framework.TestSuite.runTest(TestSuite.java:208)
	at junit.framework.TestSuite.run(TestSuite.java:203)
	at junit.framework.TestSuite.runTest(TestSuite.java:208)
	at junit.framework.TestSuite.run(TestSuite.java:203)
	at org.apache.tools.ant.taskdefs.optional.junit.JUnitTestRunner.run(JUnitTestRunner.java:421)
	at org.apache.tools.ant.taskdefs.optional.junit.JUnitTestRunner.launch(JUnitTestRunner.java:912)
	at org.apache.tools.ant.taskdefs.optional.junit.JUnitTestRunner.main(JUnitTestRunner.java:766)
Caused by: com.topcoder.clients.dao.DAOException: Throw for testing
	at com.topcoder.clients.manager.MockProjectStatusDAO.retrieveAll(MockProjectStatusDAO.java:93)
	at com.topcoder.clients.manager.dao.DAOProjectManager.getAllProjectStatuses(DAOProjectManager.java:891)
	... 20 more
Caused by: java.lang.NullPointerException: NPE Raised 
	... 22 more
[Entering method <com.topcoder.clients.manager.dao.DAOProjectManager.getAllProjectStatuses()>; Parameters:{ }  at 2008-08-26 09:36:33.687 ]
[Error occurred in method <com.topcoder.clients.manager.dao.DAOProjectManager.getAllProjectStatuses()>, cause by :
com.topcoder.clients.manager.ProjectManagerException: Fail to get all ProjectStatus , cause by Throw for testing
	at com.topcoder.clients.manager.dao.DAOProjectManager.wrapInnerException(DAOProjectManager.java:351)
	at com.topcoder.clients.manager.dao.DAOProjectManager.getAllProjectStatuses(DAOProjectManager.java:897)
	at com.topcoder.clients.manager.dao.TestDAOProjectManagerFailure.testGetAllProjectStatuses_2(TestDAOProjectManagerFailure.java:1721)
	at sun.reflect.NativeMethodAccessorImpl.invoke0(Native Method)
	at sun.reflect.NativeMethodAccessorImpl.invoke(NativeMethodAccessorImpl.java:39)
	at sun.reflect.DelegatingMethodAccessorImpl.invoke(DelegatingMethodAccessorImpl.java:25)
	at java.lang.reflect.Method.invoke(Method.java:585)
	at junit.framework.TestCase.runTest(TestCase.java:154)
	at junit.framework.TestCase.runBare(TestCase.java:127)
	at junit.framework.TestResult$1.protect(TestResult.java:106)
	at junit.framework.TestResult.runProtected(TestResult.java:124)
	at junit.framework.TestResult.run(TestResult.java:109)
	at junit.framework.TestCase.run(TestCase.java:118)
	at junit.framework.TestSuite.runTest(TestSuite.java:208)
	at junit.framework.TestSuite.run(TestSuite.java:203)
	at junit.framework.TestSuite.runTest(TestSuite.java:208)
	at junit.framework.TestSuite.run(TestSuite.java:203)
	at junit.framework.TestSuite.runTest(TestSuite.java:208)
	at junit.framework.TestSuite.run(TestSuite.java:203)
	at org.apache.tools.ant.taskdefs.optional.junit.JUnitTestRunner.run(JUnitTestRunner.java:421)
	at org.apache.tools.ant.taskdefs.optional.junit.JUnitTestRunner.launch(JUnitTestRunner.java:912)
	at org.apache.tools.ant.taskdefs.optional.junit.JUnitTestRunner.main(JUnitTestRunner.java:766)
Caused by: com.topcoder.clients.dao.DAOConfigurationException: Throw for testing
	at com.topcoder.clients.manager.MockProjectStatusDAO.retrieveAll(MockProjectStatusDAO.java:97)
	at com.topcoder.clients.manager.dao.DAOProjectManager.getAllProjectStatuses(DAOProjectManager.java:891)
	... 20 more
Caused by: java.lang.NullPointerException: NPE Raised 
	... 22 more
[Entering method <com.topcoder.clients.manager.dao.DAOProjectManager.getProjectsForStatus(ProjectStatus status)>; Parameters:{ ParamName<status>; ParamValue: <null>  }  at 2008-08-26 09:36:33.687 ]
[Error occurred in method <com.topcoder.clients.manager.dao.DAOProjectManager.getProjectsForStatus(ProjectStatus status)>, cause by :
java.lang.IllegalArgumentException: The parameter 'status' should not be null.
	at com.topcoder.clients.manager.dao.Helper.checkNull(Helper.java:69)
	at com.topcoder.clients.manager.dao.DAOProjectManager.getProjectsForStatus(DAOProjectManager.java:924)
	at com.topcoder.clients.manager.dao.TestDAOProjectManagerFailure.testGetProjectsForStatus_1(TestDAOProjectManagerFailure.java:1739)
	at sun.reflect.NativeMethodAccessorImpl.invoke0(Native Method)
	at sun.reflect.NativeMethodAccessorImpl.invoke(NativeMethodAccessorImpl.java:39)
	at sun.reflect.DelegatingMethodAccessorImpl.invoke(DelegatingMethodAccessorImpl.java:25)
	at java.lang.reflect.Method.invoke(Method.java:585)
	at junit.framework.TestCase.runTest(TestCase.java:154)
	at junit.framework.TestCase.runBare(TestCase.java:127)
	at junit.framework.TestResult$1.protect(TestResult.java:106)
	at junit.framework.TestResult.runProtected(TestResult.java:124)
	at junit.framework.TestResult.run(TestResult.java:109)
	at junit.framework.TestCase.run(TestCase.java:118)
	at junit.framework.TestSuite.runTest(TestSuite.java:208)
	at junit.framework.TestSuite.run(TestSuite.java:203)
	at junit.framework.TestSuite.runTest(TestSuite.java:208)
	at junit.framework.TestSuite.run(TestSuite.java:203)
	at junit.framework.TestSuite.runTest(TestSuite.java:208)
	at junit.framework.TestSuite.run(TestSuite.java:203)
	at org.apache.tools.ant.taskdefs.optional.junit.JUnitTestRunner.run(JUnitTestRunner.java:421)
	at org.apache.tools.ant.taskdefs.optional.junit.JUnitTestRunner.launch(JUnitTestRunner.java:912)
	at org.apache.tools.ant.taskdefs.optional.junit.JUnitTestRunner.main(JUnitTestRunner.java:766)
[Entering method <com.topcoder.clients.manager.dao.DAOProjectManager.getProjectsForStatus(ProjectStatus status)>; Parameters:{ ParamName<status>; ParamValue: <[ id=-1 name=null description=null isDeleted=false]>  }  at 2008-08-26 09:36:33.703 ]
[Error occurred in method <com.topcoder.clients.manager.dao.DAOProjectManager.getProjectsForStatus(ProjectStatus status)>, cause by :
java.lang.IllegalArgumentException: The parameter id should not be negative.
	at com.topcoder.clients.manager.dao.Helper.checkId(Helper.java:115)
	at com.topcoder.clients.manager.dao.DAOProjectManager.getProjectsForStatus(DAOProjectManager.java:926)
	at com.topcoder.clients.manager.dao.TestDAOProjectManagerFailure.testGetProjectsForStatus_2(TestDAOProjectManagerFailure.java:1760)
	at sun.reflect.NativeMethodAccessorImpl.invoke0(Native Method)
	at sun.reflect.NativeMethodAccessorImpl.invoke(NativeMethodAccessorImpl.java:39)
	at sun.reflect.DelegatingMethodAccessorImpl.invoke(DelegatingMethodAccessorImpl.java:25)
	at java.lang.reflect.Method.invoke(Method.java:585)
	at junit.framework.TestCase.runTest(TestCase.java:154)
	at junit.framework.TestCase.runBare(TestCase.java:127)
	at junit.framework.TestResult$1.protect(TestResult.java:106)
	at junit.framework.TestResult.runProtected(TestResult.java:124)
	at junit.framework.TestResult.run(TestResult.java:109)
	at junit.framework.TestCase.run(TestCase.java:118)
	at junit.framework.TestSuite.runTest(TestSuite.java:208)
	at junit.framework.TestSuite.run(TestSuite.java:203)
	at junit.framework.TestSuite.runTest(TestSuite.java:208)
	at junit.framework.TestSuite.run(TestSuite.java:203)
	at junit.framework.TestSuite.runTest(TestSuite.java:208)
	at junit.framework.TestSuite.run(TestSuite.java:203)
	at org.apache.tools.ant.taskdefs.optional.junit.JUnitTestRunner.run(JUnitTestRunner.java:421)
	at org.apache.tools.ant.taskdefs.optional.junit.JUnitTestRunner.launch(JUnitTestRunner.java:912)
	at org.apache.tools.ant.taskdefs.optional.junit.JUnitTestRunner.main(JUnitTestRunner.java:766)
[Entering method <com.topcoder.clients.manager.dao.DAOProjectManager.getProjectsForStatus(ProjectStatus status)>; Parameters:{ ParamName<status>; ParamValue: <[ id=1 name=DAOException description=null isDeleted=false]>  }  at 2008-08-26 09:36:33.703 ]
[Error occurred in method <com.topcoder.clients.manager.dao.DAOProjectManager.getProjectsForStatus(ProjectStatus status)>, cause by :
com.topcoder.clients.manager.ProjectManagerException: Fail to get Projects for ProjectStatus, cause by Throw for testing
	at com.topcoder.clients.manager.dao.DAOProjectManager.wrapInnerException(DAOProjectManager.java:351)
	at com.topcoder.clients.manager.dao.DAOProjectManager.getProjectsForStatus(DAOProjectManager.java:940)
	at com.topcoder.clients.manager.dao.TestDAOProjectManagerFailure.testGetProjectsForStatus_3(TestDAOProjectManagerFailure.java:1782)
	at sun.reflect.NativeMethodAccessorImpl.invoke0(Native Method)
	at sun.reflect.NativeMethodAccessorImpl.invoke(NativeMethodAccessorImpl.java:39)
	at sun.reflect.DelegatingMethodAccessorImpl.invoke(DelegatingMethodAccessorImpl.java:25)
	at java.lang.reflect.Method.invoke(Method.java:585)
	at junit.framework.TestCase.runTest(TestCase.java:154)
	at junit.framework.TestCase.runBare(TestCase.java:127)
	at junit.framework.TestResult$1.protect(TestResult.java:106)
	at junit.framework.TestResult.runProtected(TestResult.java:124)
	at junit.framework.TestResult.run(TestResult.java:109)
	at junit.framework.TestCase.run(TestCase.java:118)
	at junit.framework.TestSuite.runTest(TestSuite.java:208)
	at junit.framework.TestSuite.run(TestSuite.java:203)
	at junit.framework.TestSuite.runTest(TestSuite.java:208)
	at junit.framework.TestSuite.run(TestSuite.java:203)
	at junit.framework.TestSuite.runTest(TestSuite.java:208)
	at junit.framework.TestSuite.run(TestSuite.java:203)
	at org.apache.tools.ant.taskdefs.optional.junit.JUnitTestRunner.run(JUnitTestRunner.java:421)
	at org.apache.tools.ant.taskdefs.optional.junit.JUnitTestRunner.launch(JUnitTestRunner.java:912)
	at org.apache.tools.ant.taskdefs.optional.junit.JUnitTestRunner.main(JUnitTestRunner.java:766)
Caused by: com.topcoder.clients.dao.DAOException: Throw for testing
	at com.topcoder.clients.manager.MockProjectStatusDAO.getProjectsWithStatus(MockProjectStatusDAO.java:194)
	at com.topcoder.clients.manager.MockProjectStatusDAO.getProjectsWithStatus(MockProjectStatusDAO.java:27)
	at com.topcoder.clients.manager.dao.DAOProjectManager.getProjectsForStatus(DAOProjectManager.java:928)
	... 20 more
Caused by: java.lang.NullPointerException: NPE Raised 
	... 23 more
[Entering method <com.topcoder.clients.manager.dao.DAOProjectManager.getProjectsForStatus(ProjectStatus status)>; Parameters:{ ParamName<status>; ParamValue: <[ id=1 name=DAOConfigurationException description=null isDeleted=false]>  }  at 2008-08-26 09:36:33.718 ]
[Error occurred in method <com.topcoder.clients.manager.dao.DAOProjectManager.getProjectsForStatus(ProjectStatus status)>, cause by :
com.topcoder.clients.manager.ProjectManagerException: Fail to get Projects for ProjectStatus, cause by Throw for testing
	at com.topcoder.clients.manager.dao.DAOProjectManager.wrapInnerException(DAOProjectManager.java:351)
	at com.topcoder.clients.manager.dao.DAOProjectManager.getProjectsForStatus(DAOProjectManager.java:937)
	at com.topcoder.clients.manager.dao.TestDAOProjectManagerFailure.testGetProjectsForStatus_4(TestDAOProjectManagerFailure.java:1804)
	at sun.reflect.NativeMethodAccessorImpl.invoke0(Native Method)
	at sun.reflect.NativeMethodAccessorImpl.invoke(NativeMethodAccessorImpl.java:39)
	at sun.reflect.DelegatingMethodAccessorImpl.invoke(DelegatingMethodAccessorImpl.java:25)
	at java.lang.reflect.Method.invoke(Method.java:585)
	at junit.framework.TestCase.runTest(TestCase.java:154)
	at junit.framework.TestCase.runBare(TestCase.java:127)
	at junit.framework.TestResult$1.protect(TestResult.java:106)
	at junit.framework.TestResult.runProtected(TestResult.java:124)
	at junit.framework.TestResult.run(TestResult.java:109)
	at junit.framework.TestCase.run(TestCase.java:118)
	at junit.framework.TestSuite.runTest(TestSuite.java:208)
	at junit.framework.TestSuite.run(TestSuite.java:203)
	at junit.framework.TestSuite.runTest(TestSuite.java:208)
	at junit.framework.TestSuite.run(TestSuite.java:203)
	at junit.framework.TestSuite.runTest(TestSuite.java:208)
	at junit.framework.TestSuite.run(TestSuite.java:203)
	at org.apache.tools.ant.taskdefs.optional.junit.JUnitTestRunner.run(JUnitTestRunner.java:421)
	at org.apache.tools.ant.taskdefs.optional.junit.JUnitTestRunner.launch(JUnitTestRunner.java:912)
	at org.apache.tools.ant.taskdefs.optional.junit.JUnitTestRunner.main(JUnitTestRunner.java:766)
Caused by: com.topcoder.clients.dao.DAOConfigurationException: Throw for testing
	at com.topcoder.clients.manager.MockProjectStatusDAO.getProjectsWithStatus(MockProjectStatusDAO.java:198)
	at com.topcoder.clients.manager.MockProjectStatusDAO.getProjectsWithStatus(MockProjectStatusDAO.java:27)
	at com.topcoder.clients.manager.dao.DAOProjectManager.getProjectsForStatus(DAOProjectManager.java:928)
	... 20 more
Caused by: java.lang.NullPointerException: NPE Raised 
	... 23 more
[Entering method <com.topcoder.clients.manager.dao.DAOProjectManager.createProjectStatus(ProjectStatus status)>; Parameters:{ ParamName<status>; ParamValue: <null>  }  at 2008-08-26 09:36:33.718 ]
[Error occurred in method <com.topcoder.clients.manager.dao.DAOProjectManager.createProjectStatus(ProjectStatus status)>, cause by :
java.lang.IllegalArgumentException: The parameter 'status' should not be null.
	at com.topcoder.clients.manager.dao.Helper.checkNull(Helper.java:69)
	at com.topcoder.clients.manager.dao.Helper.validateProjectStatus(Helper.java:236)
	at com.topcoder.clients.manager.dao.DAOProjectManager.createProjectStatus(DAOProjectManager.java:965)
	at com.topcoder.clients.manager.dao.TestDAOProjectManagerFailure.testCreateProjectStatus_F_1(TestDAOProjectManagerFailure.java:1823)
	at sun.reflect.NativeMethodAccessorImpl.invoke0(Native Method)
	at sun.reflect.NativeMethodAccessorImpl.invoke(NativeMethodAccessorImpl.java:39)
	at sun.reflect.DelegatingMethodAccessorImpl.invoke(DelegatingMethodAccessorImpl.java:25)
	at java.lang.reflect.Method.invoke(Method.java:585)
	at junit.framework.TestCase.runTest(TestCase.java:154)
	at junit.framework.TestCase.runBare(TestCase.java:127)
	at junit.framework.TestResult$1.protect(TestResult.java:106)
	at junit.framework.TestResult.runProtected(TestResult.java:124)
	at junit.framework.TestResult.run(TestResult.java:109)
	at junit.framework.TestCase.run(TestCase.java:118)
	at junit.framework.TestSuite.runTest(TestSuite.java:208)
	at junit.framework.TestSuite.run(TestSuite.java:203)
	at junit.framework.TestSuite.runTest(TestSuite.java:208)
	at junit.framework.TestSuite.run(TestSuite.java:203)
	at junit.framework.TestSuite.runTest(TestSuite.java:208)
	at junit.framework.TestSuite.run(TestSuite.java:203)
	at org.apache.tools.ant.taskdefs.optional.junit.JUnitTestRunner.run(JUnitTestRunner.java:421)
	at org.apache.tools.ant.taskdefs.optional.junit.JUnitTestRunner.launch(JUnitTestRunner.java:912)
	at org.apache.tools.ant.taskdefs.optional.junit.JUnitTestRunner.main(JUnitTestRunner.java:766)
[Entering method <com.topcoder.clients.manager.dao.DAOProjectManager.createProjectStatus(ProjectStatus status)>; Parameters:{ ParamName<status>; ParamValue: <[ id=0 name=null description=a isDeleted=false]>  }  at 2008-08-26 09:36:33.734 ]
[Error occurred in method <com.topcoder.clients.manager.dao.DAOProjectManager.createProjectStatus(ProjectStatus status)>, cause by :
java.lang.IllegalArgumentException: The ProjectStatus should have a non-null, non-empty name.
	at com.topcoder.clients.manager.dao.Helper.validateProjectStatus(Helper.java:239)
	at com.topcoder.clients.manager.dao.DAOProjectManager.createProjectStatus(DAOProjectManager.java:965)
	at com.topcoder.clients.manager.dao.TestDAOProjectManagerFailure.testCreateProjectStatus_F_2(TestDAOProjectManagerFailure.java:1845)
	at sun.reflect.NativeMethodAccessorImpl.invoke0(Native Method)
	at sun.reflect.NativeMethodAccessorImpl.invoke(NativeMethodAccessorImpl.java:39)
	at sun.reflect.DelegatingMethodAccessorImpl.invoke(DelegatingMethodAccessorImpl.java:25)
	at java.lang.reflect.Method.invoke(Method.java:585)
	at junit.framework.TestCase.runTest(TestCase.java:154)
	at junit.framework.TestCase.runBare(TestCase.java:127)
	at junit.framework.TestResult$1.protect(TestResult.java:106)
	at junit.framework.TestResult.runProtected(TestResult.java:124)
	at junit.framework.TestResult.run(TestResult.java:109)
	at junit.framework.TestCase.run(TestCase.java:118)
	at junit.framework.TestSuite.runTest(TestSuite.java:208)
	at junit.framework.TestSuite.run(TestSuite.java:203)
	at junit.framework.TestSuite.runTest(TestSuite.java:208)
	at junit.framework.TestSuite.run(TestSuite.java:203)
	at junit.framework.TestSuite.runTest(TestSuite.java:208)
	at junit.framework.TestSuite.run(TestSuite.java:203)
	at org.apache.tools.ant.taskdefs.optional.junit.JUnitTestRunner.run(JUnitTestRunner.java:421)
	at org.apache.tools.ant.taskdefs.optional.junit.JUnitTestRunner.launch(JUnitTestRunner.java:912)
	at org.apache.tools.ant.taskdefs.optional.junit.JUnitTestRunner.main(JUnitTestRunner.java:766)
[Entering method <com.topcoder.clients.manager.dao.DAOProjectManager.createProjectStatus(ProjectStatus status)>; Parameters:{ ParamName<status>; ParamValue: <[ id=0 name=name description=null isDeleted=false]>  }  at 2008-08-26 09:36:33.734 ]
[Error occurred in method <com.topcoder.clients.manager.dao.DAOProjectManager.createProjectStatus(ProjectStatus status)>, cause by :
java.lang.IllegalArgumentException: The ProjectStatus should have a non-null, non-empty description.
	at com.topcoder.clients.manager.dao.Helper.validateProjectStatus(Helper.java:243)
	at com.topcoder.clients.manager.dao.DAOProjectManager.createProjectStatus(DAOProjectManager.java:965)
	at com.topcoder.clients.manager.dao.TestDAOProjectManagerFailure.testCreateProjectStatus_F_4(TestDAOProjectManagerFailure.java:1868)
	at sun.reflect.NativeMethodAccessorImpl.invoke0(Native Method)
	at sun.reflect.NativeMethodAccessorImpl.invoke(NativeMethodAccessorImpl.java:39)
	at sun.reflect.DelegatingMethodAccessorImpl.invoke(DelegatingMethodAccessorImpl.java:25)
	at java.lang.reflect.Method.invoke(Method.java:585)
	at junit.framework.TestCase.runTest(TestCase.java:154)
	at junit.framework.TestCase.runBare(TestCase.java:127)
	at junit.framework.TestResult$1.protect(TestResult.java:106)
	at junit.framework.TestResult.runProtected(TestResult.java:124)
	at junit.framework.TestResult.run(TestResult.java:109)
	at junit.framework.TestCase.run(TestCase.java:118)
	at junit.framework.TestSuite.runTest(TestSuite.java:208)
	at junit.framework.TestSuite.run(TestSuite.java:203)
	at junit.framework.TestSuite.runTest(TestSuite.java:208)
	at junit.framework.TestSuite.run(TestSuite.java:203)
	at junit.framework.TestSuite.runTest(TestSuite.java:208)
	at junit.framework.TestSuite.run(TestSuite.java:203)
	at org.apache.tools.ant.taskdefs.optional.junit.JUnitTestRunner.run(JUnitTestRunner.java:421)
	at org.apache.tools.ant.taskdefs.optional.junit.JUnitTestRunner.launch(JUnitTestRunner.java:912)
	at org.apache.tools.ant.taskdefs.optional.junit.JUnitTestRunner.main(JUnitTestRunner.java:766)
[Entering method <com.topcoder.clients.manager.dao.DAOProjectManager.createProjectStatus(ProjectStatus status)>; Parameters:{ ParamName<status>; ParamValue: <[ id=0 name=   description=a isDeleted=false]>  }  at 2008-08-26 09:36:33.750 ]
[Error occurred in method <com.topcoder.clients.manager.dao.DAOProjectManager.createProjectStatus(ProjectStatus status)>, cause by :
java.lang.IllegalArgumentException: The ProjectStatus should have a non-null, non-empty name.
	at com.topcoder.clients.manager.dao.Helper.validateProjectStatus(Helper.java:239)
	at com.topcoder.clients.manager.dao.DAOProjectManager.createProjectStatus(DAOProjectManager.java:965)
	at com.topcoder.clients.manager.dao.TestDAOProjectManagerFailure.testCreateProjectStatus_F_3(TestDAOProjectManagerFailure.java:1891)
	at sun.reflect.NativeMethodAccessorImpl.invoke0(Native Method)
	at sun.reflect.NativeMethodAccessorImpl.invoke(NativeMethodAccessorImpl.java:39)
	at sun.reflect.DelegatingMethodAccessorImpl.invoke(DelegatingMethodAccessorImpl.java:25)
	at java.lang.reflect.Method.invoke(Method.java:585)
	at junit.framework.TestCase.runTest(TestCase.java:154)
	at junit.framework.TestCase.runBare(TestCase.java:127)
	at junit.framework.TestResult$1.protect(TestResult.java:106)
	at junit.framework.TestResult.runProtected(TestResult.java:124)
	at junit.framework.TestResult.run(TestResult.java:109)
	at junit.framework.TestCase.run(TestCase.java:118)
	at junit.framework.TestSuite.runTest(TestSuite.java:208)
	at junit.framework.TestSuite.run(TestSuite.java:203)
	at junit.framework.TestSuite.runTest(TestSuite.java:208)
	at junit.framework.TestSuite.run(TestSuite.java:203)
	at junit.framework.TestSuite.runTest(TestSuite.java:208)
	at junit.framework.TestSuite.run(TestSuite.java:203)
	at org.apache.tools.ant.taskdefs.optional.junit.JUnitTestRunner.run(JUnitTestRunner.java:421)
	at org.apache.tools.ant.taskdefs.optional.junit.JUnitTestRunner.launch(JUnitTestRunner.java:912)
	at org.apache.tools.ant.taskdefs.optional.junit.JUnitTestRunner.main(JUnitTestRunner.java:766)
[Entering method <com.topcoder.clients.manager.dao.DAOProjectManager.createProjectStatus(ProjectStatus status)>; Parameters:{ ParamName<status>; ParamValue: <[ id=0 name=name description=   isDeleted=false]>  }  at 2008-08-26 09:36:33.750 ]
[Error occurred in method <com.topcoder.clients.manager.dao.DAOProjectManager.createProjectStatus(ProjectStatus status)>, cause by :
java.lang.IllegalArgumentException: The ProjectStatus should have a non-null, non-empty description.
	at com.topcoder.clients.manager.dao.Helper.validateProjectStatus(Helper.java:243)
	at com.topcoder.clients.manager.dao.DAOProjectManager.createProjectStatus(DAOProjectManager.java:965)
	at com.topcoder.clients.manager.dao.TestDAOProjectManagerFailure.testCreateProjectStatus_F_5(TestDAOProjectManagerFailure.java:1914)
	at sun.reflect.NativeMethodAccessorImpl.invoke0(Native Method)
	at sun.reflect.NativeMethodAccessorImpl.invoke(NativeMethodAccessorImpl.java:39)
	at sun.reflect.DelegatingMethodAccessorImpl.invoke(DelegatingMethodAccessorImpl.java:25)
	at java.lang.reflect.Method.invoke(Method.java:585)
	at junit.framework.TestCase.runTest(TestCase.java:154)
	at junit.framework.TestCase.runBare(TestCase.java:127)
	at junit.framework.TestResult$1.protect(TestResult.java:106)
	at junit.framework.TestResult.runProtected(TestResult.java:124)
	at junit.framework.TestResult.run(TestResult.java:109)
	at junit.framework.TestCase.run(TestCase.java:118)
	at junit.framework.TestSuite.runTest(TestSuite.java:208)
	at junit.framework.TestSuite.run(TestSuite.java:203)
	at junit.framework.TestSuite.runTest(TestSuite.java:208)
	at junit.framework.TestSuite.run(TestSuite.java:203)
	at junit.framework.TestSuite.runTest(TestSuite.java:208)
	at junit.framework.TestSuite.run(TestSuite.java:203)
	at org.apache.tools.ant.taskdefs.optional.junit.JUnitTestRunner.run(JUnitTestRunner.java:421)
	at org.apache.tools.ant.taskdefs.optional.junit.JUnitTestRunner.launch(JUnitTestRunner.java:912)
	at org.apache.tools.ant.taskdefs.optional.junit.JUnitTestRunner.main(JUnitTestRunner.java:766)
[Entering method <com.topcoder.clients.manager.dao.DAOProjectManager.createProjectStatus(ProjectStatus status)>; Parameters:{ ParamName<status>; ParamValue: <[ id=0 name=name description=d isDeleted=true]>  }  at 2008-08-26 09:36:33.765 ]
[Error occurred in method <com.topcoder.clients.manager.dao.DAOProjectManager.createProjectStatus(ProjectStatus status)>, cause by :
java.lang.IllegalArgumentException: The ProjectStatus should not be deleted.
	at com.topcoder.clients.manager.dao.Helper.validateProjectStatus(Helper.java:247)
	at com.topcoder.clients.manager.dao.DAOProjectManager.createProjectStatus(DAOProjectManager.java:965)
	at com.topcoder.clients.manager.dao.TestDAOProjectManagerFailure.testCreateProjectStatus_F_6(TestDAOProjectManagerFailure.java:1938)
	at sun.reflect.NativeMethodAccessorImpl.invoke0(Native Method)
	at sun.reflect.NativeMethodAccessorImpl.invoke(NativeMethodAccessorImpl.java:39)
	at sun.reflect.DelegatingMethodAccessorImpl.invoke(DelegatingMethodAccessorImpl.java:25)
	at java.lang.reflect.Method.invoke(Method.java:585)
	at junit.framework.TestCase.runTest(TestCase.java:154)
	at junit.framework.TestCase.runBare(TestCase.java:127)
	at junit.framework.TestResult$1.protect(TestResult.java:106)
	at junit.framework.TestResult.runProtected(TestResult.java:124)
	at junit.framework.TestResult.run(TestResult.java:109)
	at junit.framework.TestCase.run(TestCase.java:118)
	at junit.framework.TestSuite.runTest(TestSuite.java:208)
	at junit.framework.TestSuite.run(TestSuite.java:203)
	at junit.framework.TestSuite.runTest(TestSuite.java:208)
	at junit.framework.TestSuite.run(TestSuite.java:203)
	at junit.framework.TestSuite.runTest(TestSuite.java:208)
	at junit.framework.TestSuite.run(TestSuite.java:203)
	at org.apache.tools.ant.taskdefs.optional.junit.JUnitTestRunner.run(JUnitTestRunner.java:421)
	at org.apache.tools.ant.taskdefs.optional.junit.JUnitTestRunner.launch(JUnitTestRunner.java:912)
	at org.apache.tools.ant.taskdefs.optional.junit.JUnitTestRunner.main(JUnitTestRunner.java:766)
[Entering method <com.topcoder.clients.manager.dao.DAOProjectManager.createProjectStatus(ProjectStatus status)>; Parameters:{ ParamName<status>; ParamValue: <[ id=0 name=DAOException description=d isDeleted=false]>  }  at 2008-08-26 09:36:33.765 ]
[Error occurred in method <com.topcoder.clients.manager.dao.DAOProjectManager.createProjectStatus(ProjectStatus status)>, cause by :
com.topcoder.clients.manager.ProjectManagerException: Fail to create ProjectStatus, cause by Throw for testing
	at com.topcoder.clients.manager.dao.DAOProjectManager.wrapInnerException(DAOProjectManager.java:351)
	at com.topcoder.clients.manager.dao.DAOProjectManager.createProjectStatus(DAOProjectManager.java:986)
	at com.topcoder.clients.manager.dao.TestDAOProjectManagerFailure.testCreateProjectStatus_F_7(TestDAOProjectManagerFailure.java:1962)
	at sun.reflect.NativeMethodAccessorImpl.invoke0(Native Method)
	at sun.reflect.NativeMethodAccessorImpl.invoke(NativeMethodAccessorImpl.java:39)
	at sun.reflect.DelegatingMethodAccessorImpl.invoke(DelegatingMethodAccessorImpl.java:25)
	at java.lang.reflect.Method.invoke(Method.java:585)
	at junit.framework.TestCase.runTest(TestCase.java:154)
	at junit.framework.TestCase.runBare(TestCase.java:127)
	at junit.framework.TestResult$1.protect(TestResult.java:106)
	at junit.framework.TestResult.runProtected(TestResult.java:124)
	at junit.framework.TestResult.run(TestResult.java:109)
	at junit.framework.TestCase.run(TestCase.java:118)
	at junit.framework.TestSuite.runTest(TestSuite.java:208)
	at junit.framework.TestSuite.run(TestSuite.java:203)
	at junit.framework.TestSuite.runTest(TestSuite.java:208)
	at junit.framework.TestSuite.run(TestSuite.java:203)
	at junit.framework.TestSuite.runTest(TestSuite.java:208)
	at junit.framework.TestSuite.run(TestSuite.java:203)
	at org.apache.tools.ant.taskdefs.optional.junit.JUnitTestRunner.run(JUnitTestRunner.java:421)
	at org.apache.tools.ant.taskdefs.optional.junit.JUnitTestRunner.launch(JUnitTestRunner.java:912)
	at org.apache.tools.ant.taskdefs.optional.junit.JUnitTestRunner.main(JUnitTestRunner.java:766)
Caused by: com.topcoder.clients.dao.DAOException: Throw for testing
	at com.topcoder.clients.manager.MockProjectStatusDAO.save(MockProjectStatusDAO.java:139)
	at com.topcoder.clients.manager.dao.DAOProjectManager.createProjectStatus(DAOProjectManager.java:971)
	... 20 more
Caused by: java.lang.NullPointerException: NPE Raised 
	... 22 more
[Entering method <com.topcoder.clients.manager.dao.DAOProjectManager.createProjectStatus(ProjectStatus status)>; Parameters:{ ParamName<status>; ParamValue: <[ id=0 name=DAOConfigurationException description=d isDeleted=false]>  }  at 2008-08-26 09:36:33.781 ]
[Error occurred in method <com.topcoder.clients.manager.dao.DAOProjectManager.createProjectStatus(ProjectStatus status)>, cause by :
com.topcoder.clients.manager.ProjectManagerException: Fail to create ProjectStatus, cause by Throw for testing
	at com.topcoder.clients.manager.dao.DAOProjectManager.wrapInnerException(DAOProjectManager.java:351)
	at com.topcoder.clients.manager.dao.DAOProjectManager.createProjectStatus(DAOProjectManager.java:983)
	at com.topcoder.clients.manager.dao.TestDAOProjectManagerFailure.testCreateProjectStatus_F_8(TestDAOProjectManagerFailure.java:1986)
	at sun.reflect.NativeMethodAccessorImpl.invoke0(Native Method)
	at sun.reflect.NativeMethodAccessorImpl.invoke(NativeMethodAccessorImpl.java:39)
	at sun.reflect.DelegatingMethodAccessorImpl.invoke(DelegatingMethodAccessorImpl.java:25)
	at java.lang.reflect.Method.invoke(Method.java:585)
	at junit.framework.TestCase.runTest(TestCase.java:154)
	at junit.framework.TestCase.runBare(TestCase.java:127)
	at junit.framework.TestResult$1.protect(TestResult.java:106)
	at junit.framework.TestResult.runProtected(TestResult.java:124)
	at junit.framework.TestResult.run(TestResult.java:109)
	at junit.framework.TestCase.run(TestCase.java:118)
	at junit.framework.TestSuite.runTest(TestSuite.java:208)
	at junit.framework.TestSuite.run(TestSuite.java:203)
	at junit.framework.TestSuite.runTest(TestSuite.java:208)
	at junit.framework.TestSuite.run(TestSuite.java:203)
	at junit.framework.TestSuite.runTest(TestSuite.java:208)
	at junit.framework.TestSuite.run(TestSuite.java:203)
	at org.apache.tools.ant.taskdefs.optional.junit.JUnitTestRunner.run(JUnitTestRunner.java:421)
	at org.apache.tools.ant.taskdefs.optional.junit.JUnitTestRunner.launch(JUnitTestRunner.java:912)
	at org.apache.tools.ant.taskdefs.optional.junit.JUnitTestRunner.main(JUnitTestRunner.java:766)
Caused by: com.topcoder.clients.dao.DAOConfigurationException: Throw for testing
	at com.topcoder.clients.manager.MockProjectStatusDAO.save(MockProjectStatusDAO.java:143)
	at com.topcoder.clients.manager.dao.DAOProjectManager.createProjectStatus(DAOProjectManager.java:971)
	... 20 more
Caused by: java.lang.NullPointerException: NPE Raised 
	... 22 more
[Entering method <com.topcoder.clients.manager.dao.DAOProjectManager.createProjectStatus(ProjectStatus status)>; Parameters:{ ParamName<status>; ParamValue: <[ id=0 name=ClassCastException description=d isDeleted=false]>  }  at 2008-08-26 09:36:33.781 ]
[Error occurred in method <com.topcoder.clients.manager.dao.DAOProjectManager.createProjectStatus(ProjectStatus status)>, cause by :
com.topcoder.clients.manager.ProjectManagerException: Fail to create ProjectStatus, cause by com.topcoder.clients.model.Client
	at com.topcoder.clients.manager.dao.DAOProjectManager.wrapInnerException(DAOProjectManager.java:351)
	at com.topcoder.clients.manager.dao.DAOProjectManager.createProjectStatus(DAOProjectManager.java:989)
	at com.topcoder.clients.manager.dao.TestDAOProjectManagerFailure.testCreateProjectStatus_F_9(TestDAOProjectManagerFailure.java:2010)
	at sun.reflect.NativeMethodAccessorImpl.invoke0(Native Method)
	at sun.reflect.NativeMethodAccessorImpl.invoke(NativeMethodAccessorImpl.java:39)
	at sun.reflect.DelegatingMethodAccessorImpl.invoke(DelegatingMethodAccessorImpl.java:25)
	at java.lang.reflect.Method.invoke(Method.java:585)
	at junit.framework.TestCase.runTest(TestCase.java:154)
	at junit.framework.TestCase.runBare(TestCase.java:127)
	at junit.framework.TestResult$1.protect(TestResult.java:106)
	at junit.framework.TestResult.runProtected(TestResult.java:124)
	at junit.framework.TestResult.run(TestResult.java:109)
	at junit.framework.TestCase.run(TestCase.java:118)
	at junit.framework.TestSuite.runTest(TestSuite.java:208)
	at junit.framework.TestSuite.run(TestSuite.java:203)
	at junit.framework.TestSuite.runTest(TestSuite.java:208)
	at junit.framework.TestSuite.run(TestSuite.java:203)
	at junit.framework.TestSuite.runTest(TestSuite.java:208)
	at junit.framework.TestSuite.run(TestSuite.java:203)
	at org.apache.tools.ant.taskdefs.optional.junit.JUnitTestRunner.run(JUnitTestRunner.java:421)
	at org.apache.tools.ant.taskdefs.optional.junit.JUnitTestRunner.launch(JUnitTestRunner.java:912)
	at org.apache.tools.ant.taskdefs.optional.junit.JUnitTestRunner.main(JUnitTestRunner.java:766)
Caused by: java.lang.ClassCastException: com.topcoder.clients.model.Client
	at com.topcoder.clients.manager.dao.DAOProjectManager.createProjectStatus(DAOProjectManager.java:971)
	... 20 more
[Entering method <com.topcoder.clients.manager.dao.DAOProjectManager.updateProjectStatus(ProjectStatus status)>; Parameters:{ ParamName<status>; ParamValue: <null>  }  at 2008-08-26 09:36:33.796 ]
[Error occurred in method <com.topcoder.clients.manager.dao.DAOProjectManager.updateProjectStatus(ProjectStatus status)>, cause by :
java.lang.IllegalArgumentException: The parameter 'status' should not be null.
	at com.topcoder.clients.manager.dao.Helper.checkNull(Helper.java:69)
	at com.topcoder.clients.manager.dao.Helper.validateProjectStatus(Helper.java:236)
	at com.topcoder.clients.manager.dao.DAOProjectManager.updateProjectStatus(DAOProjectManager.java:1018)
	at com.topcoder.clients.manager.dao.TestDAOProjectManagerFailure.testUpdateProjectStatus_F_1(TestDAOProjectManagerFailure.java:2028)
	at sun.reflect.NativeMethodAccessorImpl.invoke0(Native Method)
	at sun.reflect.NativeMethodAccessorImpl.invoke(NativeMethodAccessorImpl.java:39)
	at sun.reflect.DelegatingMethodAccessorImpl.invoke(DelegatingMethodAccessorImpl.java:25)
	at java.lang.reflect.Method.invoke(Method.java:585)
	at junit.framework.TestCase.runTest(TestCase.java:154)
	at junit.framework.TestCase.runBare(TestCase.java:127)
	at junit.framework.TestResult$1.protect(TestResult.java:106)
	at junit.framework.TestResult.runProtected(TestResult.java:124)
	at junit.framework.TestResult.run(TestResult.java:109)
	at junit.framework.TestCase.run(TestCase.java:118)
	at junit.framework.TestSuite.runTest(TestSuite.java:208)
	at junit.framework.TestSuite.run(TestSuite.java:203)
	at junit.framework.TestSuite.runTest(TestSuite.java:208)
	at junit.framework.TestSuite.run(TestSuite.java:203)
	at junit.framework.TestSuite.runTest(TestSuite.java:208)
	at junit.framework.TestSuite.run(TestSuite.java:203)
	at org.apache.tools.ant.taskdefs.optional.junit.JUnitTestRunner.run(JUnitTestRunner.java:421)
	at org.apache.tools.ant.taskdefs.optional.junit.JUnitTestRunner.launch(JUnitTestRunner.java:912)
	at org.apache.tools.ant.taskdefs.optional.junit.JUnitTestRunner.main(JUnitTestRunner.java:766)
[Entering method <com.topcoder.clients.manager.dao.DAOProjectManager.updateProjectStatus(ProjectStatus status)>; Parameters:{ ParamName<status>; ParamValue: <[ id=0 name=d description=d isDeleted=true]>  }  at 2008-08-26 09:36:33.796 ]
[Error occurred in method <com.topcoder.clients.manager.dao.DAOProjectManager.updateProjectStatus(ProjectStatus status)>, cause by :
java.lang.IllegalArgumentException: The ProjectStatus should not be deleted.
	at com.topcoder.clients.manager.dao.Helper.validateProjectStatus(Helper.java:247)
	at com.topcoder.clients.manager.dao.DAOProjectManager.updateProjectStatus(DAOProjectManager.java:1018)
	at com.topcoder.clients.manager.dao.TestDAOProjectManagerFailure.testUpdateProjectStatus_F_2(TestDAOProjectManagerFailure.java:2051)
	at sun.reflect.NativeMethodAccessorImpl.invoke0(Native Method)
	at sun.reflect.NativeMethodAccessorImpl.invoke(NativeMethodAccessorImpl.java:39)
	at sun.reflect.DelegatingMethodAccessorImpl.invoke(DelegatingMethodAccessorImpl.java:25)
	at java.lang.reflect.Method.invoke(Method.java:585)
	at junit.framework.TestCase.runTest(TestCase.java:154)
	at junit.framework.TestCase.runBare(TestCase.java:127)
	at junit.framework.TestResult$1.protect(TestResult.java:106)
	at junit.framework.TestResult.runProtected(TestResult.java:124)
	at junit.framework.TestResult.run(TestResult.java:109)
	at junit.framework.TestCase.run(TestCase.java:118)
	at junit.framework.TestSuite.runTest(TestSuite.java:208)
	at junit.framework.TestSuite.run(TestSuite.java:203)
	at junit.framework.TestSuite.runTest(TestSuite.java:208)
	at junit.framework.TestSuite.run(TestSuite.java:203)
	at junit.framework.TestSuite.runTest(TestSuite.java:208)
	at junit.framework.TestSuite.run(TestSuite.java:203)
	at org.apache.tools.ant.taskdefs.optional.junit.JUnitTestRunner.run(JUnitTestRunner.java:421)
	at org.apache.tools.ant.taskdefs.optional.junit.JUnitTestRunner.launch(JUnitTestRunner.java:912)
	at org.apache.tools.ant.taskdefs.optional.junit.JUnitTestRunner.main(JUnitTestRunner.java:766)
[Entering method <com.topcoder.clients.manager.dao.DAOProjectManager.updateProjectStatus(ProjectStatus status)>; Parameters:{ ParamName<status>; ParamValue: <[ id=1 name=d description=d isDeleted=false]>  }  at 2008-08-26 09:36:33.812 ]
[Error occurred in method <com.topcoder.clients.manager.dao.DAOProjectManager.updateProjectStatus(ProjectStatus status)>, cause by :
com.topcoder.clients.manager.ProjectEntityNotFoundException: The ProjectStatus with id=1 does not exist.
	at com.topcoder.clients.manager.dao.DAOProjectManager.checkProjectStatusExist(DAOProjectManager.java:1062)
	at com.topcoder.clients.manager.dao.DAOProjectManager.updateProjectStatus(DAOProjectManager.java:1021)
	at com.topcoder.clients.manager.dao.TestDAOProjectManagerFailure.testUpdateProjectStatus_F_3(TestDAOProjectManagerFailure.java:2075)
	at sun.reflect.NativeMethodAccessorImpl.invoke0(Native Method)
	at sun.reflect.NativeMethodAccessorImpl.invoke(NativeMethodAccessorImpl.java:39)
	at sun.reflect.DelegatingMethodAccessorImpl.invoke(DelegatingMethodAccessorImpl.java:25)
	at java.lang.reflect.Method.invoke(Method.java:585)
	at junit.framework.TestCase.runTest(TestCase.java:154)
	at junit.framework.TestCase.runBare(TestCase.java:127)
	at junit.framework.TestResult$1.protect(TestResult.java:106)
	at junit.framework.TestResult.runProtected(TestResult.java:124)
	at junit.framework.TestResult.run(TestResult.java:109)
	at junit.framework.TestCase.run(TestCase.java:118)
	at junit.framework.TestSuite.runTest(TestSuite.java:208)
	at junit.framework.TestSuite.run(TestSuite.java:203)
	at junit.framework.TestSuite.runTest(TestSuite.java:208)
	at junit.framework.TestSuite.run(TestSuite.java:203)
	at junit.framework.TestSuite.runTest(TestSuite.java:208)
	at junit.framework.TestSuite.run(TestSuite.java:203)
	at org.apache.tools.ant.taskdefs.optional.junit.JUnitTestRunner.run(JUnitTestRunner.java:421)
	at org.apache.tools.ant.taskdefs.optional.junit.JUnitTestRunner.launch(JUnitTestRunner.java:912)
	at org.apache.tools.ant.taskdefs.optional.junit.JUnitTestRunner.main(JUnitTestRunner.java:766)
[Entering method <com.topcoder.clients.manager.dao.DAOProjectManager.updateProjectStatus(ProjectStatus status)>; Parameters:{ ParamName<status>; ParamValue: <[ id=-1 name=d description=d isDeleted=false]>  }  at 2008-08-26 09:36:33.812 ]
[Error occurred in method <com.topcoder.clients.manager.dao.DAOProjectManager.updateProjectStatus(ProjectStatus status)>, cause by :
com.topcoder.clients.manager.ProjectEntityNotFoundException: The ProjectStatus with id=-1 does not exist, cause by The id should not be negative.
	at com.topcoder.clients.manager.dao.DAOProjectManager.handleProjectEntityNotFoundException(DAOProjectManager.java:453)
	at com.topcoder.clients.manager.dao.DAOProjectManager.checkProjectStatusExist(DAOProjectManager.java:1070)
	at com.topcoder.clients.manager.dao.DAOProjectManager.updateProjectStatus(DAOProjectManager.java:1021)
	at com.topcoder.clients.manager.dao.TestDAOProjectManagerFailure.testUpdateProjectStatus_F_4(TestDAOProjectManagerFailure.java:2099)
	at sun.reflect.NativeMethodAccessorImpl.invoke0(Native Method)
	at sun.reflect.NativeMethodAccessorImpl.invoke(NativeMethodAccessorImpl.java:39)
	at sun.reflect.DelegatingMethodAccessorImpl.invoke(DelegatingMethodAccessorImpl.java:25)
	at java.lang.reflect.Method.invoke(Method.java:585)
	at junit.framework.TestCase.runTest(TestCase.java:154)
	at junit.framework.TestCase.runBare(TestCase.java:127)
	at junit.framework.TestResult$1.protect(TestResult.java:106)
	at junit.framework.TestResult.runProtected(TestResult.java:124)
	at junit.framework.TestResult.run(TestResult.java:109)
	at junit.framework.TestCase.run(TestCase.java:118)
	at junit.framework.TestSuite.runTest(TestSuite.java:208)
	at junit.framework.TestSuite.run(TestSuite.java:203)
	at junit.framework.TestSuite.runTest(TestSuite.java:208)
	at junit.framework.TestSuite.run(TestSuite.java:203)
	at junit.framework.TestSuite.runTest(TestSuite.java:208)
	at junit.framework.TestSuite.run(TestSuite.java:203)
	at org.apache.tools.ant.taskdefs.optional.junit.JUnitTestRunner.run(JUnitTestRunner.java:421)
	at org.apache.tools.ant.taskdefs.optional.junit.JUnitTestRunner.launch(JUnitTestRunner.java:912)
	at org.apache.tools.ant.taskdefs.optional.junit.JUnitTestRunner.main(JUnitTestRunner.java:766)
Caused by: java.lang.IllegalArgumentException: The id should not be negative.
	at com.topcoder.clients.manager.MockProjectStatusDAO.retrieveById(MockProjectStatusDAO.java:56)
	at com.topcoder.clients.manager.dao.DAOProjectManager.checkProjectStatusExist(DAOProjectManager.java:1061)
	... 21 more
[Entering method <com.topcoder.clients.manager.dao.DAOProjectManager.updateProjectStatus(ProjectStatus status)>; Parameters:{ ParamName<status>; ParamValue: <[ id=2 name=d description=d isDeleted=false]>  }  at 2008-08-26 09:36:33.828 ]
[Error occurred in method <com.topcoder.clients.manager.dao.DAOProjectManager.updateProjectStatus(ProjectStatus status)>, cause by :
com.topcoder.clients.manager.ProjectEntityNotFoundException: The ProjectStatus with id=2 does not exist, cause by Throw for testing
	at com.topcoder.clients.manager.dao.DAOProjectManager.handleProjectEntityNotFoundException(DAOProjectManager.java:453)
	at com.topcoder.clients.manager.dao.DAOProjectManager.checkProjectStatusExist(DAOProjectManager.java:1073)
	at com.topcoder.clients.manager.dao.DAOProjectManager.updateProjectStatus(DAOProjectManager.java:1021)
	at com.topcoder.clients.manager.dao.TestDAOProjectManagerFailure.testUpdateProjectStatus_F_5(TestDAOProjectManagerFailure.java:2123)
	at sun.reflect.NativeMethodAccessorImpl.invoke0(Native Method)
	at sun.reflect.NativeMethodAccessorImpl.invoke(NativeMethodAccessorImpl.java:39)
	at sun.reflect.DelegatingMethodAccessorImpl.invoke(DelegatingMethodAccessorImpl.java:25)
	at java.lang.reflect.Method.invoke(Method.java:585)
	at junit.framework.TestCase.runTest(TestCase.java:154)
	at junit.framework.TestCase.runBare(TestCase.java:127)
	at junit.framework.TestResult$1.protect(TestResult.java:106)
	at junit.framework.TestResult.runProtected(TestResult.java:124)
	at junit.framework.TestResult.run(TestResult.java:109)
	at junit.framework.TestCase.run(TestCase.java:118)
	at junit.framework.TestSuite.runTest(TestSuite.java:208)
	at junit.framework.TestSuite.run(TestSuite.java:203)
	at junit.framework.TestSuite.runTest(TestSuite.java:208)
	at junit.framework.TestSuite.run(TestSuite.java:203)
	at junit.framework.TestSuite.runTest(TestSuite.java:208)
	at junit.framework.TestSuite.run(TestSuite.java:203)
	at org.apache.tools.ant.taskdefs.optional.junit.JUnitTestRunner.run(JUnitTestRunner.java:421)
	at org.apache.tools.ant.taskdefs.optional.junit.JUnitTestRunner.launch(JUnitTestRunner.java:912)
	at org.apache.tools.ant.taskdefs.optional.junit.JUnitTestRunner.main(JUnitTestRunner.java:766)
Caused by: com.topcoder.clients.dao.EntityNotFoundException: Throw for testing
	at com.topcoder.clients.manager.MockProjectStatusDAO.retrieveById(MockProjectStatusDAO.java:66)
	at com.topcoder.clients.manager.dao.DAOProjectManager.checkProjectStatusExist(DAOProjectManager.java:1061)
	... 21 more
[Entering method <com.topcoder.clients.manager.dao.DAOProjectManager.updateProjectStatus(ProjectStatus status)>; Parameters:{ ParamName<status>; ParamValue: <[ id=1001 name=d description=d isDeleted=false]>  }  at 2008-08-26 09:36:33.828 ]
[Error occurred in method <com.topcoder.clients.manager.dao.DAOProjectManager.updateProjectStatus(ProjectStatus status)>, cause by :
com.topcoder.clients.manager.ProjectManagerException: Fail to update ProjectStatus, cause by Throw for testing
	at com.topcoder.clients.manager.dao.DAOProjectManager.wrapInnerException(DAOProjectManager.java:351)
	at com.topcoder.clients.manager.dao.DAOProjectManager.updateProjectStatus(DAOProjectManager.java:1034)
	at com.topcoder.clients.manager.dao.TestDAOProjectManagerFailure.testUpdateProjectStatus_F_6(TestDAOProjectManagerFailure.java:2147)
	at sun.reflect.NativeMethodAccessorImpl.invoke0(Native Method)
	at sun.reflect.NativeMethodAccessorImpl.invoke(NativeMethodAccessorImpl.java:39)
	at sun.reflect.DelegatingMethodAccessorImpl.invoke(DelegatingMethodAccessorImpl.java:25)
	at java.lang.reflect.Method.invoke(Method.java:585)
	at junit.framework.TestCase.runTest(TestCase.java:154)
	at junit.framework.TestCase.runBare(TestCase.java:127)
	at junit.framework.TestResult$1.protect(TestResult.java:106)
	at junit.framework.TestResult.runProtected(TestResult.java:124)
	at junit.framework.TestResult.run(TestResult.java:109)
	at junit.framework.TestCase.run(TestCase.java:118)
	at junit.framework.TestSuite.runTest(TestSuite.java:208)
	at junit.framework.TestSuite.run(TestSuite.java:203)
	at junit.framework.TestSuite.runTest(TestSuite.java:208)
	at junit.framework.TestSuite.run(TestSuite.java:203)
	at junit.framework.TestSuite.runTest(TestSuite.java:208)
	at junit.framework.TestSuite.run(TestSuite.java:203)
	at org.apache.tools.ant.taskdefs.optional.junit.JUnitTestRunner.run(JUnitTestRunner.java:421)
	at org.apache.tools.ant.taskdefs.optional.junit.JUnitTestRunner.launch(JUnitTestRunner.java:912)
	at org.apache.tools.ant.taskdefs.optional.junit.JUnitTestRunner.main(JUnitTestRunner.java:766)
Caused by: com.topcoder.clients.dao.DAOConfigurationException: Throw for testing
	at com.topcoder.clients.manager.MockProjectStatusDAO.retrieveById(MockProjectStatusDAO.java:69)
	at com.topcoder.clients.manager.dao.DAOProjectManager.checkProjectStatusExist(DAOProjectManager.java:1061)
	at com.topcoder.clients.manager.dao.DAOProjectManager.updateProjectStatus(DAOProjectManager.java:1021)
	... 20 more
Caused by: java.lang.NullPointerException: NPE Raised 
	... 23 more
[Entering method <com.topcoder.clients.manager.dao.DAOProjectManager.updateProjectStatus(ProjectStatus status)>; Parameters:{ ParamName<status>; ParamValue: <[ id=1002 name=d description=d isDeleted=false]>  }  at 2008-08-26 09:36:33.843 ]
[Error occurred in method <com.topcoder.clients.manager.dao.DAOProjectManager.updateProjectStatus(ProjectStatus status)>, cause by :
com.topcoder.clients.manager.ProjectManagerException: Fail to update ProjectStatus, cause by Throw for testing
	at com.topcoder.clients.manager.dao.DAOProjectManager.wrapInnerException(DAOProjectManager.java:351)
	at com.topcoder.clients.manager.dao.DAOProjectManager.updateProjectStatus(DAOProjectManager.java:1037)
	at com.topcoder.clients.manager.dao.TestDAOProjectManagerFailure.testUpdateProjectStatus_F_7(TestDAOProjectManagerFailure.java:2171)
	at sun.reflect.NativeMethodAccessorImpl.invoke0(Native Method)
	at sun.reflect.NativeMethodAccessorImpl.invoke(NativeMethodAccessorImpl.java:39)
	at sun.reflect.DelegatingMethodAccessorImpl.invoke(DelegatingMethodAccessorImpl.java:25)
	at java.lang.reflect.Method.invoke(Method.java:585)
	at junit.framework.TestCase.runTest(TestCase.java:154)
	at junit.framework.TestCase.runBare(TestCase.java:127)
	at junit.framework.TestResult$1.protect(TestResult.java:106)
	at junit.framework.TestResult.runProtected(TestResult.java:124)
	at junit.framework.TestResult.run(TestResult.java:109)
	at junit.framework.TestCase.run(TestCase.java:118)
	at junit.framework.TestSuite.runTest(TestSuite.java:208)
	at junit.framework.TestSuite.run(TestSuite.java:203)
	at junit.framework.TestSuite.runTest(TestSuite.java:208)
	at junit.framework.TestSuite.run(TestSuite.java:203)
	at junit.framework.TestSuite.runTest(TestSuite.java:208)
	at junit.framework.TestSuite.run(TestSuite.java:203)
	at org.apache.tools.ant.taskdefs.optional.junit.JUnitTestRunner.run(JUnitTestRunner.java:421)
	at org.apache.tools.ant.taskdefs.optional.junit.JUnitTestRunner.launch(JUnitTestRunner.java:912)
	at org.apache.tools.ant.taskdefs.optional.junit.JUnitTestRunner.main(JUnitTestRunner.java:766)
Caused by: com.topcoder.clients.dao.DAOException: Throw for testing
	at com.topcoder.clients.manager.MockProjectStatusDAO.retrieveById(MockProjectStatusDAO.java:73)
	at com.topcoder.clients.manager.dao.DAOProjectManager.checkProjectStatusExist(DAOProjectManager.java:1061)
	at com.topcoder.clients.manager.dao.DAOProjectManager.updateProjectStatus(DAOProjectManager.java:1021)
	... 20 more
Caused by: java.lang.NullPointerException: NPE Raised 
	... 23 more
[Entering method <com.topcoder.clients.manager.dao.DAOProjectManager.updateProjectStatus(ProjectStatus status)>; Parameters:{ ParamName<status>; ParamValue: <[ id=3 name=ClassCastException description=d isDeleted=false]>  }  at 2008-08-26 09:36:33.843 ]
[Error occurred in method <com.topcoder.clients.manager.dao.DAOProjectManager.updateProjectStatus(ProjectStatus status)>, cause by :
com.topcoder.clients.manager.ProjectManagerException: Fail to update ProjectStatus, cause by com.topcoder.clients.model.Client
	at com.topcoder.clients.manager.dao.DAOProjectManager.wrapInnerException(DAOProjectManager.java:351)
	at com.topcoder.clients.manager.dao.DAOProjectManager.updateProjectStatus(DAOProjectManager.java:1040)
	at com.topcoder.clients.manager.dao.TestDAOProjectManagerFailure.testUpdateProjectStatus_F_8(TestDAOProjectManagerFailure.java:2195)
	at sun.reflect.NativeMethodAccessorImpl.invoke0(Native Method)
	at sun.reflect.NativeMethodAccessorImpl.invoke(NativeMethodAccessorImpl.java:39)
	at sun.reflect.DelegatingMethodAccessorImpl.invoke(DelegatingMethodAccessorImpl.java:25)
	at java.lang.reflect.Method.invoke(Method.java:585)
	at junit.framework.TestCase.runTest(TestCase.java:154)
	at junit.framework.TestCase.runBare(TestCase.java:127)
	at junit.framework.TestResult$1.protect(TestResult.java:106)
	at junit.framework.TestResult.runProtected(TestResult.java:124)
	at junit.framework.TestResult.run(TestResult.java:109)
	at junit.framework.TestCase.run(TestCase.java:118)
	at junit.framework.TestSuite.runTest(TestSuite.java:208)
	at junit.framework.TestSuite.run(TestSuite.java:203)
	at junit.framework.TestSuite.runTest(TestSuite.java:208)
	at junit.framework.TestSuite.run(TestSuite.java:203)
	at junit.framework.TestSuite.runTest(TestSuite.java:208)
	at junit.framework.TestSuite.run(TestSuite.java:203)
	at org.apache.tools.ant.taskdefs.optional.junit.JUnitTestRunner.run(JUnitTestRunner.java:421)
	at org.apache.tools.ant.taskdefs.optional.junit.JUnitTestRunner.launch(JUnitTestRunner.java:912)
	at org.apache.tools.ant.taskdefs.optional.junit.JUnitTestRunner.main(JUnitTestRunner.java:766)
Caused by: java.lang.ClassCastException: com.topcoder.clients.model.Client
	at com.topcoder.clients.manager.dao.DAOProjectManager.updateProjectStatus(DAOProjectManager.java:1024)
	... 20 more
[Entering method <com.topcoder.clients.manager.dao.DAOProjectManager.deleteProjectStatus(ProjectStatus status)>; Parameters:{ ParamName<status>; ParamValue: <null>  }  at 2008-08-26 09:36:33.859 ]
[Error occurred in method <com.topcoder.clients.manager.dao.DAOProjectManager.deleteProjectStatus(ProjectStatus status)>, cause by :
java.lang.IllegalArgumentException: The parameter 'status' should not be null.
	at com.topcoder.clients.manager.dao.Helper.checkNull(Helper.java:69)
	at com.topcoder.clients.manager.dao.DAOProjectManager.deleteProjectStatus(DAOProjectManager.java:1101)
	at com.topcoder.clients.manager.dao.TestDAOProjectManagerFailure.testDeleteProjectStatus_F_1(TestDAOProjectManagerFailure.java:2213)
	at sun.reflect.NativeMethodAccessorImpl.invoke0(Native Method)
	at sun.reflect.NativeMethodAccessorImpl.invoke(NativeMethodAccessorImpl.java:39)
	at sun.reflect.DelegatingMethodAccessorImpl.invoke(DelegatingMethodAccessorImpl.java:25)
	at java.lang.reflect.Method.invoke(Method.java:585)
	at junit.framework.TestCase.runTest(TestCase.java:154)
	at junit.framework.TestCase.runBare(TestCase.java:127)
	at junit.framework.TestResult$1.protect(TestResult.java:106)
	at junit.framework.TestResult.runProtected(TestResult.java:124)
	at junit.framework.TestResult.run(TestResult.java:109)
	at junit.framework.TestCase.run(TestCase.java:118)
	at junit.framework.TestSuite.runTest(TestSuite.java:208)
	at junit.framework.TestSuite.run(TestSuite.java:203)
	at junit.framework.TestSuite.runTest(TestSuite.java:208)
	at junit.framework.TestSuite.run(TestSuite.java:203)
	at junit.framework.TestSuite.runTest(TestSuite.java:208)
	at junit.framework.TestSuite.run(TestSuite.java:203)
	at org.apache.tools.ant.taskdefs.optional.junit.JUnitTestRunner.run(JUnitTestRunner.java:421)
	at org.apache.tools.ant.taskdefs.optional.junit.JUnitTestRunner.launch(JUnitTestRunner.java:912)
	at org.apache.tools.ant.taskdefs.optional.junit.JUnitTestRunner.main(JUnitTestRunner.java:766)
[Entering method <com.topcoder.clients.manager.dao.DAOProjectManager.deleteProjectStatus(ProjectStatus status)>; Parameters:{ ParamName<status>; ParamValue: <[ id=0 name=null description=null isDeleted=true]>  }  at 2008-08-26 09:36:33.859 ]
[Error occurred in method <com.topcoder.clients.manager.dao.DAOProjectManager.deleteProjectStatus(ProjectStatus status)>, cause by :
java.lang.IllegalArgumentException: The para status should have isDeleted  false, but was true.
	at com.topcoder.clients.manager.dao.DAOProjectManager.deleteProjectStatus(DAOProjectManager.java:1103)
	at com.topcoder.clients.manager.dao.TestDAOProjectManagerFailure.testDeleteProjectStatus_F_2(TestDAOProjectManagerFailure.java:2234)
	at sun.reflect.NativeMethodAccessorImpl.invoke0(Native Method)
	at sun.reflect.NativeMethodAccessorImpl.invoke(NativeMethodAccessorImpl.java:39)
	at sun.reflect.DelegatingMethodAccessorImpl.invoke(DelegatingMethodAccessorImpl.java:25)
	at java.lang.reflect.Method.invoke(Method.java:585)
	at junit.framework.TestCase.runTest(TestCase.java:154)
	at junit.framework.TestCase.runBare(TestCase.java:127)
	at junit.framework.TestResult$1.protect(TestResult.java:106)
	at junit.framework.TestResult.runProtected(TestResult.java:124)
	at junit.framework.TestResult.run(TestResult.java:109)
	at junit.framework.TestCase.run(TestCase.java:118)
	at junit.framework.TestSuite.runTest(TestSuite.java:208)
	at junit.framework.TestSuite.run(TestSuite.java:203)
	at junit.framework.TestSuite.runTest(TestSuite.java:208)
	at junit.framework.TestSuite.run(TestSuite.java:203)
	at junit.framework.TestSuite.runTest(TestSuite.java:208)
	at junit.framework.TestSuite.run(TestSuite.java:203)
	at org.apache.tools.ant.taskdefs.optional.junit.JUnitTestRunner.run(JUnitTestRunner.java:421)
	at org.apache.tools.ant.taskdefs.optional.junit.JUnitTestRunner.launch(JUnitTestRunner.java:912)
	at org.apache.tools.ant.taskdefs.optional.junit.JUnitTestRunner.main(JUnitTestRunner.java:766)
[Entering method <com.topcoder.clients.manager.dao.DAOProjectManager.deleteProjectStatus(ProjectStatus status)>; Parameters:{ ParamName<status>; ParamValue: <[ id=0 name=entityNotFound description=null isDeleted=false]>  }  at 2008-08-26 09:36:33.875 ]
[Error occurred in method <com.topcoder.clients.manager.dao.DAOProjectManager.deleteProjectStatus(ProjectStatus status)>, cause by :
com.topcoder.clients.manager.ProjectEntityNotFoundException: The ProjectStatus with id=0 does not exist, cause by The entity is not found.
	at com.topcoder.clients.manager.dao.DAOProjectManager.handleProjectEntityNotFoundException(DAOProjectManager.java:453)
	at com.topcoder.clients.manager.dao.DAOProjectManager.deleteProjectStatus(DAOProjectManager.java:1117)
	at com.topcoder.clients.manager.dao.TestDAOProjectManagerFailure.testDeleteProjectStatus_F_3(TestDAOProjectManagerFailure.java:2256)
	at sun.reflect.NativeMethodAccessorImpl.invoke0(Native Method)
	at sun.reflect.NativeMethodAccessorImpl.invoke(NativeMethodAccessorImpl.java:39)
	at sun.reflect.DelegatingMethodAccessorImpl.invoke(DelegatingMethodAccessorImpl.java:25)
	at java.lang.reflect.Method.invoke(Method.java:585)
	at junit.framework.TestCase.runTest(TestCase.java:154)
	at junit.framework.TestCase.runBare(TestCase.java:127)
	at junit.framework.TestResult$1.protect(TestResult.java:106)
	at junit.framework.TestResult.runProtected(TestResult.java:124)
	at junit.framework.TestResult.run(TestResult.java:109)
	at junit.framework.TestCase.run(TestCase.java:118)
	at junit.framework.TestSuite.runTest(TestSuite.java:208)
	at junit.framework.TestSuite.run(TestSuite.java:203)
	at junit.framework.TestSuite.runTest(TestSuite.java:208)
	at junit.framework.TestSuite.run(TestSuite.java:203)
	at junit.framework.TestSuite.runTest(TestSuite.java:208)
	at junit.framework.TestSuite.run(TestSuite.java:203)
	at org.apache.tools.ant.taskdefs.optional.junit.JUnitTestRunner.run(JUnitTestRunner.java:421)
	at org.apache.tools.ant.taskdefs.optional.junit.JUnitTestRunner.launch(JUnitTestRunner.java:912)
	at org.apache.tools.ant.taskdefs.optional.junit.JUnitTestRunner.main(JUnitTestRunner.java:766)
Caused by: com.topcoder.clients.dao.EntityNotFoundException: The entity is not found.
	at com.topcoder.clients.manager.MockProjectStatusDAO.delete(MockProjectStatusDAO.java:167)
	at com.topcoder.clients.manager.dao.DAOProjectManager.deleteProjectStatus(DAOProjectManager.java:1107)
	... 20 more
Caused by: java.lang.IllegalArgumentException: IAE
	... 22 more
[Entering method <com.topcoder.clients.manager.dao.DAOProjectManager.deleteProjectStatus(ProjectStatus status)>; Parameters:{ ParamName<status>; ParamValue: <[ id=0 name=DAOException description=null isDeleted=false]>  }  at 2008-08-26 09:36:33.875 ]
[Error occurred in method <com.topcoder.clients.manager.dao.DAOProjectManager.deleteProjectStatus(ProjectStatus status)>, cause by :
com.topcoder.clients.manager.ProjectManagerException: Fail to delete the ProjectStatus, cause by Throw for testing
	at com.topcoder.clients.manager.dao.DAOProjectManager.wrapInnerException(DAOProjectManager.java:351)
	at com.topcoder.clients.manager.dao.DAOProjectManager.deleteProjectStatus(DAOProjectManager.java:1120)
	at com.topcoder.clients.manager.dao.TestDAOProjectManagerFailure.testDeleteProjectStatus_F_4(TestDAOProjectManagerFailure.java:2278)
	at sun.reflect.NativeMethodAccessorImpl.invoke0(Native Method)
	at sun.reflect.NativeMethodAccessorImpl.invoke(NativeMethodAccessorImpl.java:39)
	at sun.reflect.DelegatingMethodAccessorImpl.invoke(DelegatingMethodAccessorImpl.java:25)
	at java.lang.reflect.Method.invoke(Method.java:585)
	at junit.framework.TestCase.runTest(TestCase.java:154)
	at junit.framework.TestCase.runBare(TestCase.java:127)
	at junit.framework.TestResult$1.protect(TestResult.java:106)
	at junit.framework.TestResult.runProtected(TestResult.java:124)
	at junit.framework.TestResult.run(TestResult.java:109)
	at junit.framework.TestCase.run(TestCase.java:118)
	at junit.framework.TestSuite.runTest(TestSuite.java:208)
	at junit.framework.TestSuite.run(TestSuite.java:203)
	at junit.framework.TestSuite.runTest(TestSuite.java:208)
	at junit.framework.TestSuite.run(TestSuite.java:203)
	at junit.framework.TestSuite.runTest(TestSuite.java:208)
	at junit.framework.TestSuite.run(TestSuite.java:203)
	at org.apache.tools.ant.taskdefs.optional.junit.JUnitTestRunner.run(JUnitTestRunner.java:421)
	at org.apache.tools.ant.taskdefs.optional.junit.JUnitTestRunner.launch(JUnitTestRunner.java:912)
	at org.apache.tools.ant.taskdefs.optional.junit.JUnitTestRunner.main(JUnitTestRunner.java:766)
Caused by: com.topcoder.clients.dao.DAOException: Throw for testing
	at com.topcoder.clients.manager.MockProjectStatusDAO.delete(MockProjectStatusDAO.java:171)
	at com.topcoder.clients.manager.dao.DAOProjectManager.deleteProjectStatus(DAOProjectManager.java:1107)
	... 20 more
Caused by: java.lang.NullPointerException: NPE Raised 
	... 22 more
[Entering method <com.topcoder.clients.manager.dao.DAOProjectManager.deleteProjectStatus(ProjectStatus status)>; Parameters:{ ParamName<status>; ParamValue: <[ id=0 name=DAOConfigurationException description=null isDeleted=false]>  }  at 2008-08-26 09:36:33.890 ]
[Error occurred in method <com.topcoder.clients.manager.dao.DAOProjectManager.deleteProjectStatus(ProjectStatus status)>, cause by :
com.topcoder.clients.manager.ProjectManagerException: Fail to delete the ProjectStatus, cause by Throw for testing
	at com.topcoder.clients.manager.dao.DAOProjectManager.wrapInnerException(DAOProjectManager.java:351)
	at com.topcoder.clients.manager.dao.DAOProjectManager.deleteProjectStatus(DAOProjectManager.java:1123)
	at com.topcoder.clients.manager.dao.TestDAOProjectManagerFailure.testDeleteProjectStatus_F_5(TestDAOProjectManagerFailure.java:2300)
	at sun.reflect.NativeMethodAccessorImpl.invoke0(Native Method)
	at sun.reflect.NativeMethodAccessorImpl.invoke(NativeMethodAccessorImpl.java:39)
	at sun.reflect.DelegatingMethodAccessorImpl.invoke(DelegatingMethodAccessorImpl.java:25)
	at java.lang.reflect.Method.invoke(Method.java:585)
	at junit.framework.TestCase.runTest(TestCase.java:154)
	at junit.framework.TestCase.runBare(TestCase.java:127)
	at junit.framework.TestResult$1.protect(TestResult.java:106)
	at junit.framework.TestResult.runProtected(TestResult.java:124)
	at junit.framework.TestResult.run(TestResult.java:109)
	at junit.framework.TestCase.run(TestCase.java:118)
	at junit.framework.TestSuite.runTest(TestSuite.java:208)
	at junit.framework.TestSuite.run(TestSuite.java:203)
	at junit.framework.TestSuite.runTest(TestSuite.java:208)
	at junit.framework.TestSuite.run(TestSuite.java:203)
	at junit.framework.TestSuite.runTest(TestSuite.java:208)
	at junit.framework.TestSuite.run(TestSuite.java:203)
	at org.apache.tools.ant.taskdefs.optional.junit.JUnitTestRunner.run(JUnitTestRunner.java:421)
	at org.apache.tools.ant.taskdefs.optional.junit.JUnitTestRunner.launch(JUnitTestRunner.java:912)
	at org.apache.tools.ant.taskdefs.optional.junit.JUnitTestRunner.main(JUnitTestRunner.java:766)
Caused by: com.topcoder.clients.dao.DAOConfigurationException: Throw for testing
	at com.topcoder.clients.manager.MockProjectStatusDAO.delete(MockProjectStatusDAO.java:175)
	at com.topcoder.clients.manager.dao.DAOProjectManager.deleteProjectStatus(DAOProjectManager.java:1107)
	... 20 more
Caused by: java.lang.NullPointerException: NPE Raised 
	... 22 more
[Entering method <com.topcoder.clients.manager.dao.DAOClientManager.retrieveClient(long id)>; Parameters:{ ParamName<id>; ParamValue: <1>  }  at 2008-08-26 09:36:33.906 ]
[Exiting method <com.topcoder.clients.manager.dao.DAOClientManager.retrieveClient(long id)>; Return value:<[ id=1 name=ok codeName=null salesTax=0.0 isDeleted=false company=null clientStatus=null]>]  at 2008-08-26 09:36:33.906
[Entering method <com.topcoder.clients.manager.dao.DAOClientManager.retrieveAllClients>; Parameters:{ }  at 2008-08-26 09:36:33.906 ]
[Exiting method <com.topcoder.clients.manager.dao.DAOClientManager.retrieveAllClients>; Return value:<[]>]  at 2008-08-26 09:36:33.906
[Entering method <com.topcoder.clients.manager.dao.DAOClientManager.searchClientsByName(String name)>; Parameters:{ ParamName<name>; ParamValue: <clent-1>  }  at 2008-08-26 09:36:33.906 ]
[Exiting method <com.topcoder.clients.manager.dao.DAOClientManager.searchClientsByName(String name)>; Return value:<[]>]  at 2008-08-26 09:36:33.906
[Entering method <com.topcoder.clients.manager.dao.DAOClientManager.searchClients(Filter filter)>; Parameters:{ ParamName<filter>; ParamValue: <com.topcoder.search.builder.filter.EqualToFilter@ec6b00>  }  at 2008-08-26 09:36:33.906 ]
[Exiting method <com.topcoder.clients.manager.dao.DAOClientManager.searchClients(Filter filter)>; Return value:<[]>]  at 2008-08-26 09:36:33.906
[Entering method <com.topcoder.clients.manager.dao.DAOClientManager.setClientCodeName(Client client, String codeName)>; Parameters:{ ParamName<client>; ParamValue: <[ id=1 name=ok codeName=null salesTax=0.0 isDeleted=false company=null clientStatus=null]> , ParamName<codeName>; ParamValue: <new code name>  }  at 2008-08-26 09:36:33.906 ]
[Entering method <com.topcoder.clients.manager.dao.DAOClientManager.updateClient(Client client)>; Parameters:{ ParamName<client>; ParamValue: <[ id=1 name=ok codeName=new code name salesTax=0.0 isDeleted=false company=null clientStatus=null]>  }  at 2008-08-26 09:36:33.906 ]
[Exiting method <com.topcoder.clients.manager.dao.DAOClientManager.updateClient(Client client)>; Return value:<[ id=1 name=ok codeName=new code name salesTax=0.0 isDeleted=false company=null clientStatus=null]>]  at 2008-08-26 09:36:33.906
[Exiting method <com.topcoder.clients.manager.dao.DAOClientManager.setClientCodeName(Client client, String codeName)>; Return value:<[ id=1 name=ok codeName=new code name salesTax=0.0 isDeleted=false company=null clientStatus=null]>]  at 2008-08-26 09:36:33.906
[Entering method <com.topcoder.clients.manager.dao.DAOClientManager.getClientStatus(long id)>; Parameters:{ ParamName<id>; ParamValue: <3>  }  at 2008-08-26 09:36:33.906 ]
[Exiting method <com.topcoder.clients.manager.dao.DAOClientManager.getClientStatus(long id)>; Return value:<[ id=3 name=name description=des isDeleted=false]>]  at 2008-08-26 09:36:33.906
[Entering method <com.topcoder.clients.manager.dao.DAOClientManager.getClientsForStatus(ClientStatus status)>; Parameters:{ ParamName<clientStatus>; ParamValue: <[ id=3 name=name description=des isDeleted=false]>  }  at 2008-08-26 09:36:33.906 ]
[Exiting method <com.topcoder.clients.manager.dao.DAOClientManager.getClientsForStatus(ClientStatus status)>; Return value:<[]>]  at 2008-08-26 09:36:33.906
[Entering method <com.topcoder.clients.manager.dao.DAOClientManager.setClientStatus(Client client, ClientStatus status)>; Parameters:{ ParamName<client>; ParamValue: <[ id=1 name=ok codeName=new code name salesTax=0.0 isDeleted=false company=null clientStatus=null]> , ParamName<status>; ParamValue: <[ id=3 name=name description=des isDeleted=false]>  }  at 2008-08-26 09:36:33.906 ]
[Entering method <com.topcoder.clients.manager.dao.DAOClientManager.updateClient(Client client)>; Parameters:{ ParamName<client>; ParamValue: <[ id=1 name=ok codeName=new code name salesTax=0.0 isDeleted=false company=null clientStatus=[ id=3 name=name description=des isDeleted=false&#x5d;&#x5d;&gt;  }  at 2008-08-26 09:36:33.906 ]
[Exiting method <com.topcoder.clients.manager.dao.DAOClientManager.updateClient(Client client)>; Return value:<[ id=1 name=ok codeName=new code name salesTax=0.0 isDeleted=false company=null clientStatus=[ id=3 name=name description=des isDeleted=false&#x5d;&#x5d;&gt;]  at 2008-08-26 09:36:33.906
[Exiting method <com.topcoder.clients.manager.dao.DAOClientManager.setClientStatus(Client client, ClientStatus status)>; Return value:<[ id=1 name=ok codeName=new code name salesTax=0.0 isDeleted=false company=null clientStatus=[ id=3 name=name description=des isDeleted=false&#x5d;&#x5d;&gt;]  at 2008-08-26 09:36:33.906
[Entering method <com.topcoder.clients.manager.dao.DAOClientManager.updateClient(Client client)>; Parameters:{ ParamName<client>; ParamValue: <[ id=1 name=ok codeName=new code name salesTax=100.121 isDeleted=false company=null clientStatus=[ id=3 name=name description=des isDeleted=false&#x5d;&#x5d;&gt;  }  at 2008-08-26 09:36:33.906 ]
[Exiting method <com.topcoder.clients.manager.dao.DAOClientManager.updateClient(Client client)>; Return value:<[ id=1 name=ok codeName=new code name salesTax=100.121 isDeleted=false company=null clientStatus=[ id=3 name=name description=des isDeleted=false&#x5d;&#x5d;&gt;]  at 2008-08-26 09:36:33.906
[Entering method <com.topcoder.clients.manager.dao.DAOClientManager.deleteClient(Client client)>; Parameters:{ ParamName<client>; ParamValue: <[ id=1 name=ok codeName=new code name salesTax=100.121 isDeleted=false company=null clientStatus=[ id=3 name=name description=des isDeleted=false&#x5d;&#x5d;&gt;  }  at 2008-08-26 09:36:33.906 ]
[Exiting method <com.topcoder.clients.manager.dao.DAOClientManager.deleteClient(Client client)>; Return value:<[ id=1 name=ok codeName=new code name salesTax=100.121 isDeleted=true company=null clientStatus=[ id=3 name=name description=des isDeleted=false&#x5d;&#x5d;&gt;]  at 2008-08-26 09:36:33.906
[Entering method <com.topcoder.clients.manager.dao.DAOClientManager.createClient(Client client)>; Parameters:{ ParamName<client>; ParamValue: <[ id=0 name=newClient codeName=null salesTax=10.0 isDeleted=false company=null clientStatus=null]>  }  at 2008-08-26 09:36:33.906 ]
[Exiting method <com.topcoder.clients.manager.dao.DAOClientManager.createClient(Client client)>; Return value:<[ id=553 name=newClient codeName=null salesTax=10.0 isDeleted=false company=null clientStatus=null]>]  at 2008-08-26 09:36:33.906
[Entering method <com.topcoder.clients.manager.dao.DAOClientManager.deleteClientStatus(ClientStatus status)>; Parameters:{ ParamName<status>; ParamValue: <[ id=3 name=pending description=des isDeleted=false]>  }  at 2008-08-26 09:36:33.906 ]
[Exiting method <com.topcoder.clients.manager.dao.DAOClientManager.deleteClientStatus(ClientStatus status)>; Return value:<[ id=3 name=pending description=des isDeleted=true]>]  at 2008-08-26 09:36:33.906
[Entering method <com.topcoder.clients.manager.dao.DAOClientManager.createClientStatus(ClientStatus status)>; Parameters:{ ParamName<clientStatus>; ParamValue: <[ id=0 name=newStatus description=des isDeleted=false]>  }  at 2008-08-26 09:36:33.906 ]
[Exiting method <com.topcoder.clients.manager.dao.DAOClientManager.createClientStatus(ClientStatus status)>; Return value:<[ id=554 name=newStatus description=des isDeleted=false]>]  at 2008-08-26 09:36:33.906
[Entering method <com.topcoder.clients.manager.dao.DAOProjectManager.retrieveProject(long id)>; Parameters:{ ParamName<id>; ParamValue: <1>  }  at 2008-08-26 09:36:33.921 ]
[Entering method <com.topcoder.clients.manager.dao.DAOProjectManager.retrieveProject(long id, boolean includeChildren)>; Parameters:{ ParamName<id>; ParamValue: <1> , ParamName<includeChildren>; ParamValue: <true>  }  at 2008-08-26 09:36:33.921 ]
[Exiting method <com.topcoder.clients.manager.dao.DAOProjectManager.retrieveProject(long id, boolean includeChildren)>; Return value:<null>]  at 2008-08-26 09:36:33.921
[Exiting method <com.topcoder.clients.manager.dao.DAOProjectManager.retrieveProject(long id)>; Return value:<null>]  at 2008-08-26 09:36:33.921
[Entering method <com.topcoder.clients.manager.dao.DAOProjectManager.retrieveProject(long id, boolean includeChildren)>; Parameters:{ ParamName<id>; ParamValue: <10> , ParamName<includeChildren>; ParamValue: <false>  }  at 2008-08-26 09:36:33.921 ]
[Exiting method <com.topcoder.clients.manager.dao.DAOProjectManager.retrieveProject(long id, boolean includeChildren)>; Return value:<[ id=10 name=name description=description parentProjectId=0 salesTax=10.0 client=null company=null childProjects=null]>]  at 2008-08-26 09:36:33.921
[Entering method <com.topcoder.clients.manager.dao.DAOProjectManager.retrieveProjectsForClient(Client client)>; Parameters:{ ParamName<client>; ParamValue: <[ id=0 name=newClient codeName=null salesTax=10.0 isDeleted=false company=null clientStatus=null]>  }  at 2008-08-26 09:36:33.921 ]
[Entering method <com.topcoder.clients.manager.dao.DAOProjectManager.retrieveProjectsForClient(Client client, boolean includeChildren)>; Parameters:{ ParamName<client>; ParamValue: <[ id=0 name=newClient codeName=null salesTax=10.0 isDeleted=false company=null clientStatus=null]> , ParamName<includeChildren>; ParamValue: <true>  }  at 2008-08-26 09:36:33.921 ]
[Exiting method <com.topcoder.clients.manager.dao.DAOProjectManager.retrieveProjectsForClient(Client client, boolean includeChildren)>; Return value:<[]>]  at 2008-08-26 09:36:33.921
[Exiting method <com.topcoder.clients.manager.dao.DAOProjectManager.retrieveProjectsForClient(Client client)>; Return value:<[]>]  at 2008-08-26 09:36:33.921
[Entering method <com.topcoder.clients.manager.dao.DAOProjectManager.retrieveProjectsForClient(Client client, boolean includeChildren)>; Parameters:{ ParamName<client>; ParamValue: <[ id=0 name=newClient codeName=null salesTax=10.0 isDeleted=false company=null clientStatus=null]> , ParamName<includeChildren>; ParamValue: <false>  }  at 2008-08-26 09:36:33.921 ]
[Exiting method <com.topcoder.clients.manager.dao.DAOProjectManager.retrieveProjectsForClient(Client client, boolean includeChildren)>; Return value:<[]>]  at 2008-08-26 09:36:33.921
[Entering method <com.topcoder.clients.manager.dao.DAOProjectManager. retrieveAllProjects>; Parameters:{ }  at 2008-08-26 09:36:33.921 ]
[Entering method <com.topcoder.clients.manager.dao.DAOProjectManager.retrieveAllProjects(boolean includeChildren)>; Parameters:{ ParamName<includeChildren>; ParamValue: <true>  }  at 2008-08-26 09:36:33.921 ]
[Exiting method <com.topcoder.clients.manager.dao.DAOProjectManager.retrieveAllProjects(boolean includeChildren)>; Return value:<[[ id=10 name=name1 description=null parentProjectId=0 salesTax=0.0 client=null company=null childProjects=[]] [ id=20 name=name2 description=null parentProjectId=0 salesTax=0.0 client=null company=null childProjects=null] ]>]  at 2008-08-26 09:36:33.921
[Exiting method <com.topcoder.clients.manager.dao.DAOProjectManager. retrieveAllProjects>; Return value:<[[ id=10 name=name1 description=null parentProjectId=0 salesTax=0.0 client=null company=null childProjects=[]] [ id=20 name=name2 description=null parentProjectId=0 salesTax=0.0 client=null company=null childProjects=null] ]>]  at 2008-08-26 09:36:33.921
[Entering method <com.topcoder.clients.manager.dao.DAOProjectManager.retrieveAllProjects(boolean includeChildren)>; Parameters:{ ParamName<includeChildren>; ParamValue: <false>  }  at 2008-08-26 09:36:33.921 ]
[Exiting method <com.topcoder.clients.manager.dao.DAOProjectManager.retrieveAllProjects(boolean includeChildren)>; Return value:<[]>]  at 2008-08-26 09:36:33.921
[Entering method <com.topcoder.clients.manager.dao.DAOProjectManager.searchProjectsByName(String name)>; Parameters:{ ParamName<name>; ParamValue: <project-2>  }  at 2008-08-26 09:36:33.921 ]
[Exiting method <com.topcoder.clients.manager.dao.DAOProjectManager.searchProjectsByName(String name)>; Return value:<[[ id=10 name=name description=description parentProjectId=0 salesTax=10.0 client=null company=null childProjects=null] ]>]  at 2008-08-26 09:36:33.921
[Entering method <com.topcoder.clients.manager.dao.DAOProjectManager.searchProjects(Filter filter)>; Parameters:{ ParamName<filter>; ParamValue: <com.topcoder.search.builder.filter.EqualToFilter@26dbec>  }  at 2008-08-26 09:36:33.921 ]
[Exiting method <com.topcoder.clients.manager.dao.DAOProjectManager.searchProjects(Filter filter)>; Return value:<[[ id=10 name=name description=description parentProjectId=0 salesTax=10.0 client=null company=null childProjects=null] ]>]  at 2008-08-26 09:36:33.921
[Entering method <com.topcoder.clients.manager.dao.DAOProjectManager.getProjectStatus(long id)>; Parameters:{ ParamName<id>; ParamValue: <2>  }  at 2008-08-26 09:36:33.921 ]
[Exiting method <com.topcoder.clients.manager.dao.DAOProjectManager.getProjectStatus(long id)>; Return value:<[ id=10 name=retrieve description=des isDeleted=false]>]  at 2008-08-26 09:36:33.921
[Entering method <com.topcoder.clients.manager.dao.DAOProjectManager.getAllProjectStatuses()>; Parameters:{ }  at 2008-08-26 09:36:33.921 ]
[Exiting method <com.topcoder.clients.manager.dao.DAOProjectManager.getAllProjectStatuses()>; Return value:<[]>]  at 2008-08-26 09:36:33.921
[Entering method <com.topcoder.clients.manager.dao.DAOProjectManager.getProjectsForStatus(ProjectStatus status)>; Parameters:{ ParamName<status>; ParamValue: <[ id=10 name=retrieve description=des isDeleted=false]>  }  at 2008-08-26 09:36:33.921 ]
[Exiting method <com.topcoder.clients.manager.dao.DAOProjectManager.getProjectsForStatus(ProjectStatus status)>; Return value:<[]>]  at 2008-08-26 09:36:33.921
[Entering method <com.topcoder.clients.manager.dao.DAOProjectManager.updateProject(Project project)>; Parameters:{ ParamName<project>; ParamValue: <[ id=10 name=nasa description=description parentProjectId=0 salesTax=10.0 client=null company=null childProjects=null]>  }  at 2008-08-26 09:36:33.921 ]
[Exiting method <com.topcoder.clients.manager.dao.DAOProjectManager.updateProject(Project project)>; Return value:<[ id=10 name=nasa description=description parentProjectId=0 salesTax=10.0 client=null company=null childProjects=null]>]  at 2008-08-26 09:36:33.921
[Entering method <com.topcoder.clients.manager.dao.DAOProjectManager.deleteProject(Project project) >; Parameters:{ ParamName<project>; ParamValue: <[ id=10 name=nasa description=description parentProjectId=0 salesTax=10.0 client=null company=null childProjects=null]>  }  at 2008-08-26 09:36:33.921 ]
[Exiting method <com.topcoder.clients.manager.dao.DAOProjectManager.deleteProject(Project project) >; Return value:<[ id=10 name=nasa description=description parentProjectId=0 salesTax=10.0 client=null company=null childProjects=null]>]  at 2008-08-26 09:36:33.921
[Entering method <com.topcoder.clients.manager.dao.DAOProjectManager.createProject(Project project, Client client)>; Parameters:{ ParamName<project>; ParamValue: <[ id=0 name=name description=des parentProjectId=0 salesTax=10.0 client=null company=null childProjects=null]> , ParamName<client>; ParamValue: <[ id=0 name=null codeName=null salesTax=0.0 isDeleted=false company=null clientStatus=null]>  }  at 2008-08-26 09:36:33.921 ]
[Exiting method <com.topcoder.clients.manager.dao.DAOProjectManager.createProject(Project project, Client client)>; Return value:<[ id=555 name=name description=des parentProjectId=0 salesTax=10.0 client=[ id=0 name=null codeName=null salesTax=0.0 isDeleted=false company=null clientStatus=null] company=null childProjects=null]>]  at 2008-08-26 09:36:33.921
[Entering method <com.topcoder.clients.manager.dao.DAOProjectManager.updateProjectStatus(ProjectStatus status)>; Parameters:{ ParamName<status>; ParamValue: <[ id=10 name=new status description=des isDeleted=false]>  }  at 2008-08-26 09:36:33.921 ]
[Exiting method <com.topcoder.clients.manager.dao.DAOProjectManager.updateProjectStatus(ProjectStatus status)>; Return value:<[ id=10 name=new status description=des isDeleted=false]>]  at 2008-08-26 09:36:33.921
[Entering method <com.topcoder.clients.manager.dao.DAOProjectManager.deleteProjectStatus(ProjectStatus status)>; Parameters:{ ParamName<status>; ParamValue: <[ id=10 name=new status description=des isDeleted=false]>  }  at 2008-08-26 09:36:33.921 ]
[Exiting method <com.topcoder.clients.manager.dao.DAOProjectManager.deleteProjectStatus(ProjectStatus status)>; Return value:<[ id=10 name=new status description=des isDeleted=true]>]  at 2008-08-26 09:36:33.921
[Entering method <com.topcoder.clients.manager.dao.DAOProjectManager.createProjectStatus(ProjectStatus status)>; Parameters:{ ParamName<status>; ParamValue: <[ id=0 name=name description=des isDeleted=false]>  }  at 2008-08-26 09:36:33.921 ]
[Exiting method <com.topcoder.clients.manager.dao.DAOProjectManager.createProjectStatus(ProjectStatus status)>; Return value:<[ id=556 name=name description=des isDeleted=false]>]  at 2008-08-26 09:36:33.921
[Entering method <com.topcoder.clients.manager.dao.DAOCompanyManager.retrieveCompany(long id)>; Parameters:{ ParamName<id>; ParamValue: <99>  }  at 2008-08-26 09:36:33.937 ]
[Exiting method <com.topcoder.clients.manager.dao.DAOCompanyManager.retrieveCompany(long id)>; Return value:<[ id=99 name=null passcode=code isDeleted=false]>]  at 2008-08-26 09:36:33.937
[Entering method <com.topcoder.clients.manager.dao.DAOCompanyManager.retrieveAllCompanies>; Parameters:{ }  at 2008-08-26 09:36:33.937 ]
[Exiting method <com.topcoder.clients.manager.dao.DAOCompanyManager.retrieveAllCompanies>; Return value:<[]>]  at 2008-08-26 09:36:33.937
[Entering method <com.topcoder.clients.manager.dao.DAOCompanyManager.searchCompaniesByName(String name)>; Parameters:{ ParamName<name>; ParamValue: <company-1>  }  at 2008-08-26 09:36:33.937 ]
[Exiting method <com.topcoder.clients.manager.dao.DAOCompanyManager.searchCompaniesByName(String name)>; Return value:<[]>]  at 2008-08-26 09:36:33.937
[Entering method <com.topcoder.clients.manager.dao.DAOCompanyManager.searchCompanies(Filter filter)>; Parameters:{ ParamName<filter>; ParamValue: <com.topcoder.search.builder.filter.EqualToFilter@1d95492>  }  at 2008-08-26 09:36:33.937 ]
[Exiting method <com.topcoder.clients.manager.dao.DAOCompanyManager.searchCompanies(Filter filter)>; Return value:<[]>]  at 2008-08-26 09:36:33.937
[Entering method <com.topcoder.clients.manager.dao.DAOCompanyManager.getClientsForCompany(Company company)>; Parameters:{ ParamName<company>; ParamValue: <[ id=99 name=null passcode=code isDeleted=false]>  }  at 2008-08-26 09:36:33.937 ]
[Exiting method <com.topcoder.clients.manager.dao.DAOCompanyManager.getClientsForCompany(Company company)>; Return value:<[]>]  at 2008-08-26 09:36:33.937
[Entering method <com.topcoder.clients.manager.dao.DAOCompanyManager.getProjectsForCompany(Company company)>; Parameters:{ ParamName<company>; ParamValue: <[ id=99 name=null passcode=code isDeleted=false]>  }  at 2008-08-26 09:36:33.937 ]
[Exiting method <com.topcoder.clients.manager.dao.DAOCompanyManager.getProjectsForCompany(Company company)>; Return value:<[]>]  at 2008-08-26 09:36:33.937
[Entering method <com.topcoder.clients.manager.dao.DAOCompanyManager.updateCompany(Company company)>; Parameters:{ ParamName<company>; ParamValue: <[ id=99 name=dsa passcode=code isDeleted=false]>  }  at 2008-08-26 09:36:33.937 ]
[Exiting method <com.topcoder.clients.manager.dao.DAOCompanyManager.updateCompany(Company company)>; Return value:<[ id=99 name=dsa passcode=code isDeleted=false]>]  at 2008-08-26 09:36:33.937
[Entering method <com.topcoder.clients.manager.dao.DAOCompanyManager.deleteCompany(Company company)>; Parameters:{ ParamName<company>; ParamValue: <[ id=99 name=dsa passcode=code isDeleted=false]>  }  at 2008-08-26 09:36:33.937 ]
[Exiting method <com.topcoder.clients.manager.dao.DAOCompanyManager.deleteCompany(Company company)>; Return value:<[ id=99 name=dsa passcode=code isDeleted=true]>]  at 2008-08-26 09:36:33.937
[Entering method <com.topcoder.clients.manager.dao.DAOCompanyManager.createCompany(Company company)>; Parameters:{ ParamName<company>; ParamValue: <[ id=0 name=name passcode=code isDeleted=false]>  }  at 2008-08-26 09:36:33.937 ]
[Exiting method <com.topcoder.clients.manager.dao.DAOCompanyManager.createCompany(Company company)>; Return value:<[ id=557 name=name passcode=code isDeleted=false]>]  at 2008-08-26 09:36:33.937
The ret string for format client is:[ id=1 name=client codeName=code salesTax=10.999 isDeleted=false company=[ id=1 name=company passcode=passcode isDeleted=false] clientStatus=[ id=10 name=status description=d isDeleted=false]]
The ret string for format client is:[ id=1 name=client codeName=code salesTax=10.999 isDeleted=false company=null clientStatus=null]
The ret string for format company is:[ id=1 name=company passcode=passcode isDeleted=false]
The ret string for format ClientStatus  is:[ id=10 name=status description=d isDeleted=false]
The ret string for format client list is:[[ id=0 name=null codeName=null salesTax=0.0 isDeleted=false company=null clientStatus=null] [ id=1 name=client codeName=code salesTax=10.999 isDeleted=false company=[ id=1 name=company passcode=passcode isDeleted=false] clientStatus=[ id=10 name=status description=d isDeleted=false]] [ id=1 name=client codeName=code salesTax=10.999 isDeleted=false company=[ id=1 name=company passcode=passcode isDeleted=false] clientStatus=[ id=10 name=status description=d isDeleted=false]] ]
The ret string for format ClientStatus list is:[[ id=0 name=null description=null isDeleted=false] [ id=10 name=status description=d isDeleted=false] ]
The ret string for format company list is:[[ id=0 name=null passcode=null isDeleted=false] [ id=1 name=company passcode=passcode isDeleted=false] ]
The ret string for format project is:[ id=0 name=null description=null parentProjectId=0 salesTax=0.0 client=null company=null childProjects=[[ id=10 name=name description=description parentProjectId=0 salesTax=10.0 client=null company=null childProjects=null] ]]
The ret string for format project list is:[[ id=0 name=null description=null parentProjectId=0 salesTax=0.0 client=null company=null childProjects=[[ id=10 name=name description=description parentProjectId=0 salesTax=10.0 client=null company=null childProjects=null] ]] [ id=10 name=name description=description parentProjectId=0 salesTax=10.0 client=null company=null childProjects=null] ]
The ret string for format ProjectStatus  is:[ id=0 name=name description=des isDeleted=false]
The ret string for format ProjectStatus list is:[[ id=0 name=null description=null isDeleted=false] [ id=0 name=name description=des isDeleted=false] ]
]]></system-out>
  <system-err><![CDATA[com.topcoder.util.config.ConfigManagerException: can not locate com/topcoder/util/config/ConfigManager.properties
	at com.topcoder.util.config.ConfigManager.getURL(ConfigManager.java:211)
	at com.topcoder.util.config.ConfigManager.getInstance(ConfigManager.java:248)
	at com.topcoder.clients.manager.dao.Util.clearConfigManager(Util.java:53)
	at com.topcoder.clients.manager.dao.TestAbstractDAOManager.setUp(TestAbstractDAOManager.java:37)
	at junit.framework.TestCase.runBare(TestCase.java:125)
	at junit.framework.TestResult$1.protect(TestResult.java:106)
	at junit.framework.TestResult.runProtected(TestResult.java:124)
	at junit.framework.TestResult.run(TestResult.java:109)
	at junit.framework.TestCase.run(TestCase.java:118)
	at junit.framework.TestSuite.runTest(TestSuite.java:208)
	at junit.framework.TestSuite.run(TestSuite.java:203)
	at junit.framework.TestSuite.runTest(TestSuite.java:208)
	at junit.framework.TestSuite.run(TestSuite.java:203)
	at junit.framework.TestSuite.runTest(TestSuite.java:208)
	at junit.framework.TestSuite.run(TestSuite.java:203)
	at org.apache.tools.ant.taskdefs.optional.junit.JUnitTestRunner.run(JUnitTestRunner.java:421)
	at org.apache.tools.ant.taskdefs.optional.junit.JUnitTestRunner.launch(JUnitTestRunner.java:912)
	at org.apache.tools.ant.taskdefs.optional.junit.JUnitTestRunner.main(JUnitTestRunner.java:766)
com.topcoder.clients.manager.ManagerConfigurationException: ConfigurationParserException occurs, cause by Incorrect properties file formatting.
	at com.topcoder.clients.manager.dao.AbstractDAOManager.getConfiguration(AbstractDAOManager.java:163)
	at com.topcoder.clients.manager.dao.TestAbstractDAOManager.testGetConfiguration_8(TestAbstractDAOManager.java:312)
	at sun.reflect.NativeMethodAccessorImpl.invoke0(Native Method)
	at sun.reflect.NativeMethodAccessorImpl.invoke(NativeMethodAccessorImpl.java:39)
	at sun.reflect.DelegatingMethodAccessorImpl.invoke(DelegatingMethodAccessorImpl.java:25)
	at java.lang.reflect.Method.invoke(Method.java:585)
	at junit.framework.TestCase.runTest(TestCase.java:154)
	at junit.framework.TestCase.runBare(TestCase.java:127)
	at junit.framework.TestResult$1.protect(TestResult.java:106)
	at junit.framework.TestResult.runProtected(TestResult.java:124)
	at junit.framework.TestResult.run(TestResult.java:109)
	at junit.framework.TestCase.run(TestCase.java:118)
	at junit.framework.TestSuite.runTest(TestSuite.java:208)
	at junit.framework.TestSuite.run(TestSuite.java:203)
	at junit.framework.TestSuite.runTest(TestSuite.java:208)
	at junit.framework.TestSuite.run(TestSuite.java:203)
	at junit.framework.TestSuite.runTest(TestSuite.java:208)
	at junit.framework.TestSuite.run(TestSuite.java:203)
	at org.apache.tools.ant.taskdefs.optional.junit.JUnitTestRunner.run(JUnitTestRunner.java:421)
	at org.apache.tools.ant.taskdefs.optional.junit.JUnitTestRunner.launch(JUnitTestRunner.java:912)
	at org.apache.tools.ant.taskdefs.optional.junit.JUnitTestRunner.main(JUnitTestRunner.java:766)
Caused by: com.topcoder.configuration.persistence.ConfigurationParserException: Incorrect properties file formatting.
	at com.topcoder.configuration.persistence.PropertyFilePersistence.loadFile(PropertyFilePersistence.java:215)
	at com.topcoder.configuration.persistence.ConfigurationFileManager.loadFile(ConfigurationFileManager.java:645)
	at com.topcoder.configuration.persistence.ConfigurationFileManager.loadFile(ConfigurationFileManager.java:378)
	at com.topcoder.configuration.persistence.ConfigurationFileManager.loadConfigFile(ConfigurationFileManager.java:717)
	at com.topcoder.configuration.persistence.ConfigurationFileManager.<init>(ConfigurationFileManager.java:143)
	at com.topcoder.clients.manager.dao.AbstractDAOManager.getConfiguration(AbstractDAOManager.java:158)
	... 20 more
]]></system-err>
</testsuite>
