<?xml version="1.0" encoding="UTF-8" ?>
<testsuite errors="0" failures="0" hostname="LENOVO-PC" name="com.topcoder.clients.manager.AllTests" tests="699" time="7.734" timestamp="2008-08-29T15:58:56">
  <properties>
    <property name="java.vendor" value="Sun Microsystems Inc." />
    <property name="package" value="com.topcoder.clients.manager" />
    <property name="docpackage.jar" value="client_project_management_docs.jar" />
    <property name="sun.java.launcher" value="SUN_STANDARD" />
    <property name="sun.management.compiler" value="HotSpot Client Compiler" />
    <property name="manifest_file_path" value="build/dist/client_project_management-1.0.0/META-INF/" />
    <property name="verbose" value="no" />
    <property name="os.name" value="Windows XP" />
    <property name="sun.boot.class.path" value="C:\Program Files\Java\jdk1.5.0_13\jre\lib\rt.jar;C:\Program Files\Java\jdk1.5.0_13\jre\lib\i18n.jar;C:\Program Files\Java\jdk1.5.0_13\jre\lib\sunrsasign.jar;C:\Program Files\Java\jdk1.5.0_13\jre\lib\jsse.jar;C:\Program Files\Java\jdk1.5.0_13\jre\lib\jce.jar;C:\Program Files\Java\jdk1.5.0_13\jre\lib\charsets.jar;C:\Program Files\Java\jdk1.5.0_13\jre\classes" />
    <property name="docsdir" value="docs" />
    <property name="javadoc.jar" value="javadocs.jar" />
    <property name="design_submission.jar" value="client_project_management_1.0.0_design_submission.jar" />
    <property name="sun.desktop" value="windows" />
    <property name="component.tests.jar" value="build/dist/lib/tcs/client_project_management_tests.jar" />
    <property name="object_formatter.jar" value="e:/tcs/lib/tcs/object_formatter/1.0/object_formatter.jar" />
    <property name="java.vm.specification.vendor" value="Sun Microsystems Inc." />
    <property name="ant.home" value="E:\tcs\lib\ant\1.7.0\bin\.." />
    <property name="java.runtime.version" value="1.5.0_13-b05" />
    <property name="component_path" value="client_project_management/1.0.0" />
    <property name="cobertura.dir" value="e:/tcs/lib/cobertura/1.8" />
    <property name="component.version.micro" value="0" />
    <property name="user.name" value="user" />
    <property name="manifest_file" value="build/dist/client_project_management-1.0.0/META-INF//MANIFEST.MF" />
    <property name="logging_wrapper.jar" value="e:/tcs/lib/tcs/logging_wrapper/2.0/logging_wrapper.jar" />
    <property name="debug" value="off" />
    <property name="reports" value="log/reports" />
    <property name="testfiles" value="test_files" />
    <property name="component.version.major" value="1" />
    <property name="component_version" value="1.0.0" />
    <property name="dist_coverage" value="build/dist/client_project_management-1.0.0/docs/coverage" />
    <property name="component.packagedir" value="com/topcoder/clients/manager" />
    <property name="user.language" value="zh" />
    <property name="cobertura.datafile" value="log/cobertura.ser" />
    <property name="javadoc.locale" value="en_US" />
    <property name="sun.boot.library.path" value="C:\Program Files\Java\jdk1.5.0_13\jre\bin" />
    <property name="configuration_persistence.jar" value="e:/tcs/lib/tcs/configuration_persistence/1.0/configuration_persistence.jar" />
    <property name="tcs_libdir" value="e:/tcs/lib/tcs" />
    <property name="search_builder.jar" value="e:/tcs/lib/tcs/search_builder/1.4.0/search_builder.jar" />
    <property name="srcdir" value="src" />
    <property name="ant.project.name" value="TopCoder Java Generic Build" />
    <property name="component.bootclasspath" value="${java_1_x_bootclasspath}" />
    <property name="component.version.minor" value="0" />
    <property name="java.version" value="1.5.0_13" />
    <property name="user.timezone" value="" />
    <property name="dev_dist.jar" value="client_project_management_1.0.0_dev_dist.jar" />
    <property name="sun.arch.data.model" value="32" />
    <property name="java.endorsed.dirs" value="C:\Program Files\Java\jdk1.5.0_13\jre\lib\endorsed" />
    <property name="sun.cpu.isalist" value="pentium_pro+mmx pentium_pro pentium+mmx pentium i486 i386 i86" />
    <property name="packagedir" value="com/topcoder/clients/manager" />
    <property name="sun.jnu.encoding" value="GB18030" />
    <property name="file.encoding.pkg" value="sun.io" />
    <property name="file.separator" value="\" />
    <property name="java.specification.name" value="Java Platform API Specification" />
    <property name="build_docsdir" value="build/docs" />
    <property name="dev_submission.jar" value="client_project_management_1.0.0_dev_submission.jar" />
    <property name="java.class.version" value="49.0" />
    <property name="build_testclassdir" value="build/testClasses" />
    <property name="user.country" value="CN" />
    <property name="java.home" value="C:\Program Files\Java\jdk1.5.0_13\jre" />
    <property name="component.distfilename" value="client_project_management" />
    <property name="component.version.build" value="1" />
    <property name="java.vm.info" value="mixed mode, sharing" />
    <property name="ant.file" value="E:\review\20080822\client_project_management_1.0.0_dev_submission_ff1\build.xml" />
    <property name="os.version" value="5.1" />
    <property name="build_distdir" value="build/dist" />
    <property name="dist_docpackage" value="build/doc_package" />
    <property name="build_tcsdistdir" value="build/dist/client_project_management-1.0.0" />
    <property name="path.separator" value=";" />
    <property name="java.vm.version" value="1.5.0_13-b05" />
    <property name="testlogdir" value="log" />
    <property name="user.variant" value="" />
    <property name="ant.library.dir" value="E:\tcs\lib\ant\1.7.0\lib" />
    <property name="component.name" value="Client Project Management" />
    <property name="javamain" value="src/java/main" />
    <property name="base_exception.jar" value="e:/tcs/lib/tcs/base_exception/2.0/base_exception.jar" />
    <property name="dist_javadocs" value="build/dist/client_project_management-1.0.0/docs/javadocs" />
    <property name="dist_lib" value="build/dist/lib/tcs" />
    <property name="java.awt.printerjob" value="sun.awt.windows.WPrinterJob" />
    <property name="sun.io.unicode.encoding" value="UnicodeLittle" />
    <property name="awt.toolkit" value="sun.awt.windows.WToolkit" />
    <property name="component" value="Client Project Management" />
    <property name="user.home" value="C:\Documents and Settings\user" />
    <property name="object_factory_configuration_api_plugin.jar" value="e:/tcs/lib/tcs/object_factory_configuration_api_plugin/1.0/object_factory_configuration_api_plugin.jar" />
    <property name="java.specification.vendor" value="Sun Microsystems Inc." />
    <property name="object_factory.jar" value="e:/tcs/lib/tcs/object_factory/2.1.1/object_factory.jar" />
    <property name="java.library.path" value="C:\Program Files\Java\jdk1.5.0_13\jre\bin;.;C:\WINDOWS\system32;C:\WINDOWS;C:\oraclexe\app\oracle\product\10.2.0\server\bin;C:\Program Files\ThinkPad\Utilities;C:\WINDOWS\system32;C:\WINDOWS;C:\WINDOWS\System32\Wbem;C:\Program Files\Intel\Wireless\Bin\;C:\Program Files\IDM Computer Solutions\UltraEdit-32;C:\Program Files\Java\jdk1.5.0_13\bin;E:\tcs\lib\ant\1.7.0\bin" />
    <property name="java.vendor.url" value="http://java.sun.com/" />
    <property name="build_javadocsdir" value="build/docs/javadocs" />
    <property name="configdir" value="conf" />
    <property name="java.vm.vendor" value="Sun Microsystems Inc." />
    <property name="ant.file.TopCoder Java Generic Build" value="E:\review\20080822\client_project_management_1.0.0_dev_submission_ff1\build.xml" />
    <property name="java.runtime.name" value="Java(TM) 2 Runtime Environment, Standard Edition" />
    <property name="java.class.path" value="E:\review\20080822\client_project_management_1.0.0_dev_submission_ff1\build\testClasses;E:\review\20080822\client_project_management_1.0.0_dev_submission_ff1\test_files\client_project_entities_dao.jar;E:\review\20080822\client_project_management_1.0.0_dev_submission_ff1\test_files\id_generator.jar;E:\review\20080822\client_project_management_1.0.0_dev_submission_ff1\test_files\jaxb-api.jar;E:\review\20080822\client_project_management_1.0.0_dev_submission_ff1\test_files\ejb3-persistence.jar;E:\review\20080822\client_project_management_1.0.0_dev_submission_ff1\test_files\jboss-ejb3x.jar;E:\review\20080822\client_project_management_1.0.0_dev_submission_ff1\test_files\db_connection_factory.jar;E:\review\20080822\client_project_management_1.0.0_dev_submission_ff1\test_files\configuration_manager.jar;E:\review\20080822\client_project_management_1.0.0_dev_submission_ff1\test_files\typesafe_enum.jar;e:\tcs\lib\tcs\base_exception\2.0\base_exception.jar;e:\tcs\lib\tcs\logging_wrapper\2.0\logging_wrapper.jar;e:\tcs\lib\tcs\object_formatter\1.0\object_formatter.jar;e:\tcs\lib\jdbc\ifxjdbc.jar;e:\tcs\lib\junit\3.8.2\junit.jar;e:\tcs\lib\tcs\search_builder\1.4.0\search_builder.jar;e:\tcs\lib\tcs\object_factory\2.1.1\object_factory.jar;e:\tcs\lib\tcs\object_factory_configuration_api_plugin\1.0\object_factory_configuration_api_plugin.jar;e:\tcs\lib\tcs\configuration_persistence\1.0\configuration_persistence.jar;e:\tcs\lib\tcs\configuration_api\1.0\configuration_api.jar;E:\review\20080822\client_project_management_1.0.0_dev_submission_ff1\build\classes;E:\review\20080822\client_project_management_1.0.0_dev_submission_ff1\conf;E:\review\20080822\client_project_management_1.0.0_dev_submission_ff1\test_files;E:\tcs\lib\ant\1.7.0\lib\ant-launcher.jar;E:\tcs\lib\ant\1.7.0\lib\ant.jar;E:\tcs\lib\ant\1.7.0\lib\ant-junit.jar" />
    <property name="ant.version" value="Apache Ant version 1.7.0 compiled on December 13 2006" />
    <property name="configuration_manager.jar" value="test_files/lib/configuration_manager/2.1.5/configuration_manager.jar" />
    <property name="ext_libdir" value="e:/tcs/lib" />
    <property name="builddir" value="build" />
    <property name="java.vm.specification.name" value="Java Virtual Machine Specification" />
    <property name="java.vm.specification.version" value="1.0" />
    <property name="component.dist.jar" value="build/dist/client_project_management-1.0.0.jar" />
    <property name="junit.jar" value="e:/tcs/lib/junit/3.8.2/junit.jar" />
    <property name="sun.os.patch.level" value="Service Pack 2" />
    <property name="sun.cpu.endian" value="little" />
    <property name="component.target" value="1.5" />
    <property name="java.io.tmpdir" value="C:\DOCUME~1\user\LOCALS~1\Temp\" />
    <property name="java.vendor.url.bug" value="http://java.sun.com/cgi-bin/bugreport.cgi" />
    <property name="build_targetclassdir" value="build/targetclasses" />
    <property name="javac.encoding" value="UTF-8" />
    <property name="javatests" value="src/java/tests" />
    <property name="build_classdir" value="build/classes" />
    <property name="javadocsdir" value="docs/javadocs" />
    <property name="instrumented.dir" value="build/instrumented" />
    <property name="java.awt.graphicsenv" value="sun.awt.Win32GraphicsEnvironment" />
    <property name="os.arch" value="x86" />
    <property name="test_reflib" value="test_reflib" />
    <property name="java.ext.dirs" value="C:\Program Files\Java\jdk1.5.0_13\jre\lib\ext" />
    <property name="user.dir" value="E:\review\20080822\client_project_management_1.0.0_dev_submission_ff1" />
    <property name="design_dist.jar" value="client_project_management_1.0.0_design_dist.jar" />
    <property name="libdir" value="../tcs/lib" />
    <property name="javasrc" value="src/java" />
    <property name="line.separator" value="
" />
    <property name="java.vm.name" value="Java HotSpot(TM) Client VM" />
    <property name="distfilename" value="client_project_management" />
    <property name="basedir" value="E:\review\20080822\client_project_management_1.0.0_dev_submission_ff1" />
    <property name="ant.java.version" value="1.5" />
    <property name="configuration_api.jar" value="e:/tcs/lib/tcs/configuration_api/1.0/configuration_api.jar" />
    <property name="ant.core.lib" value="E:\tcs\lib\ant\1.7.0\lib\ant.jar" />
    <property name="file.encoding" value="GB18030" />
    <property name="jdbc.informix.jar" value="e:/tcs/lib/jdbc/ifxjdbc.jar" />
    <property name="dist_docs" value="build/dist/client_project_management-1.0.0/docs" />
    <property name="component.jar" value="build/dist/lib/tcs/client_project_management/1.0.0/client_project_management.jar" />
    <property name="java.specification.version" value="1.5" />
    <property name="target_libdir" value="e:/tcs/lib/tcs" />
    <property name="ant.file.Dependency Import" value="E:\review\20080822\client_project_management_1.0.0_dev_submission_ff1\build-dependencies.xml" />
    <property name="component.package" value="com.topcoder.clients.manager" />
  </properties>
  <testcase classname="com.topcoder.clients.manager.TestClientEntityNotFoundException" name="testClientEntityNotFoundException" time="0.0" />
  <testcase classname="com.topcoder.clients.manager.TestClientEntityNotFoundException" name="testClientEntityNotFoundExceptionString" time="0.0" />
  <testcase classname="com.topcoder.clients.manager.TestClientEntityNotFoundException" name="testClientEntityNotFoundExceptionStringThrowable" time="0.0" />
  <testcase classname="com.topcoder.clients.manager.TestClientEntityNotFoundException" name="testClientEntityNotFoundExceptionStringThrowableExceptionData" time="0.0" />
  <testcase classname="com.topcoder.clients.manager.TestManagerConfigurationException" name="testManagerConfigurationException" time="0.0" />
  <testcase classname="com.topcoder.clients.manager.TestManagerConfigurationException" name="testManagerConfigurationExceptionString" time="0.0" />
  <testcase classname="com.topcoder.clients.manager.TestManagerConfigurationException" name="testManagerConfigurationExceptionStringThrowable" time="0.0" />
  <testcase classname="com.topcoder.clients.manager.TestManagerConfigurationException" name="testManagerConfigurationExceptionStringThrowableExceptionData" time="0.0" />
  <testcase classname="com.topcoder.clients.manager.TestCompanyEntityNotFoundException" name="testCompanyEntityNotFoundException" time="0.0" />
  <testcase classname="com.topcoder.clients.manager.TestCompanyEntityNotFoundException" name="testCompanyEntityNotFoundExceptionString" time="0.0" />
  <testcase classname="com.topcoder.clients.manager.TestCompanyEntityNotFoundException" name="testCompanyEntityNotFoundExceptionStringThrowable" time="0.0" />
  <testcase classname="com.topcoder.clients.manager.TestCompanyEntityNotFoundException" name="testCompanyEntityNotFoundExceptionStringThrowableExceptionData" time="0.0" />
  <testcase classname="com.topcoder.clients.manager.TestManagerException" name="testManagerException" time="0.0" />
  <testcase classname="com.topcoder.clients.manager.TestManagerException" name="testManagerExceptionString" time="0.0" />
  <testcase classname="com.topcoder.clients.manager.TestManagerException" name="testManagerExceptionStringThrowable" time="0.0" />
  <testcase classname="com.topcoder.clients.manager.TestManagerException" name="testManagerExceptionStringThrowableExceptionData" time="0.0" />
  <testcase classname="com.topcoder.clients.manager.TestClientManagerException" name="testClientManagerExceptionClientClientStatus" time="0.0" />
  <testcase classname="com.topcoder.clients.manager.TestClientManagerException" name="testClientManagerExceptionStringClientClientStatus" time="0.0" />
  <testcase classname="com.topcoder.clients.manager.TestClientManagerException" name="testClientManagerExceptionStringThrowableClientClientStatus" time="0.0" />
  <testcase classname="com.topcoder.clients.manager.TestClientManagerException" name="testClientManagerExceptionStringThrowableExceptionDataClientClientStatus" time="0.0" />
  <testcase classname="com.topcoder.clients.manager.TestClientManagerException" name="testGetClient" time="0.0" />
  <testcase classname="com.topcoder.clients.manager.TestClientManagerException" name="testGetClientStatus" time="0.0" />
  <testcase classname="com.topcoder.clients.manager.TestProjectEntityNotFoundException" name="testProjectEntityNotFoundException" time="0.0" />
  <testcase classname="com.topcoder.clients.manager.TestProjectEntityNotFoundException" name="testProjectEntityNotFoundExceptionString" time="0.0" />
  <testcase classname="com.topcoder.clients.manager.TestProjectEntityNotFoundException" name="testProjectEntityNotFoundExceptionStringThrowable" time="0.0" />
  <testcase classname="com.topcoder.clients.manager.TestProjectEntityNotFoundException" name="testProjectEntityNotFoundExceptionStringThrowableExceptionData" time="0.0" />
  <testcase classname="com.topcoder.clients.manager.TestCompanyManagerException" name="testCompanyManagerExceptionClientClientStatus" time="0.0" />
  <testcase classname="com.topcoder.clients.manager.TestCompanyManagerException" name="testCompanyManagerExceptionStringClientClientStatus" time="0.0" />
  <testcase classname="com.topcoder.clients.manager.TestCompanyManagerException" name="testCompanyManagerExceptionStringThrowableClientClientStatus" time="0.0" />
  <testcase classname="com.topcoder.clients.manager.TestCompanyManagerException" name="testCompanyManagerExceptionStringThrowableExceptionDataClientClientStatus" time="0.0" />
  <testcase classname="com.topcoder.clients.manager.TestCompanyManagerException" name="testGetCompany" time="0.0" />
  <testcase classname="com.topcoder.clients.manager.TestProjectManagerException" name="testProjectManagerExceptionProjectProjectStatus" time="0.0" />
  <testcase classname="com.topcoder.clients.manager.TestProjectManagerException" name="testProjectManagerExceptionStringProjectProjectStatus" time="0.0" />
  <testcase classname="com.topcoder.clients.manager.TestProjectManagerException" name="testProjectManagerExceptionStringThrowableProjectProjectStatus" time="0.0" />
  <testcase classname="com.topcoder.clients.manager.TestProjectManagerException" name="testProjectManagerExceptionStringThrowableExceptionDataProjectProjectStatus" time="0.0" />
  <testcase classname="com.topcoder.clients.manager.TestProjectManagerException" name="testGetProject" time="0.0" />
  <testcase classname="com.topcoder.clients.manager.TestProjectManagerException" name="testGetProjectStatus" time="0.0" />
  <testcase classname="com.topcoder.clients.manager.dao.TestAbstractDAOManager" name="testAbstractDAOManager_1" time="0.406" />
  <testcase classname="com.topcoder.clients.manager.dao.TestAbstractDAOManager" name="testAbstractDAOManager_2" time="0.25" />
  <testcase classname="com.topcoder.clients.manager.dao.TestAbstractDAOManager" name="testAbstractDAOManagerConfigurationObject_1" time="0.016" />
  <testcase classname="com.topcoder.clients.manager.dao.TestAbstractDAOManager" name="testAbstractDAOManagerConfigurationObject_2" time="0.015" />
  <testcase classname="com.topcoder.clients.manager.dao.TestAbstractDAOManager" name="testGetIDGenerator" time="0.0" />
  <testcase classname="com.topcoder.clients.manager.dao.TestAbstractDAOManager" name="testGetLog" time="0.0" />
  <testcase classname="com.topcoder.clients.manager.dao.TestAbstractDAOManager" name="testGetConfiguration_1" time="0.015" />
  <testcase classname="com.topcoder.clients.manager.dao.TestAbstractDAOManager" name="testGetConfiguration_2" time="0.0" />
  <testcase classname="com.topcoder.clients.manager.dao.TestAbstractDAOManager" name="testGetConfiguration_3" time="0.016" />
  <testcase classname="com.topcoder.clients.manager.dao.TestAbstractDAOManager" name="testGetConfiguration_4" time="0.016" />
  <testcase classname="com.topcoder.clients.manager.dao.TestAbstractDAOManager" name="testGetConfiguration_5" time="0.015" />
  <testcase classname="com.topcoder.clients.manager.dao.TestAbstractDAOManager" name="testGetConfiguration_6" time="0.016" />
  <testcase classname="com.topcoder.clients.manager.dao.TestAbstractDAOManager" name="testGetConfiguration_7" time="0.109" />
  <testcase classname="com.topcoder.clients.manager.dao.TestAbstractDAOManager" name="testGetConfiguration_8" time="0.016" />
  <testcase classname="com.topcoder.clients.manager.dao.TestAbstractDAOManager" name="testGetConfiguration_9" time="0.016" />
  <testcase classname="com.topcoder.clients.manager.dao.TestAbstractDAOManager" name="testGetConfiguration_10" time="0.046" />
  <testcase classname="com.topcoder.clients.manager.dao.TestDAOClientManager" name="testDAOClientManager" time="0.0" />
  <testcase classname="com.topcoder.clients.manager.dao.TestDAOClientManager" name="testDAOClientManagerConfigurationObject" time="0.0" />
  <testcase classname="com.topcoder.clients.manager.dao.TestDAOClientManager" name="testDAOClientManagerConfigurationObject_2" time="0.016" />
  <testcase classname="com.topcoder.clients.manager.dao.TestDAOClientManager" name="testDAOClientManagerConfigurationObject_Failure_1" time="0.297" />
  <testcase classname="com.topcoder.clients.manager.dao.TestDAOClientManager" name="testDAOClientManagerConfigurationObject_Failure_2" time="0.015" />
  <testcase classname="com.topcoder.clients.manager.dao.TestDAOClientManager" name="testDAOClientManagerConfigurationObject_Failure_3" time="0.0" />
  <testcase classname="com.topcoder.clients.manager.dao.TestDAOClientManager" name="testDAOClientManagerConfigurationObject_Failure_4" time="0.016" />
  <testcase classname="com.topcoder.clients.manager.dao.TestDAOClientManager" name="testDAOClientManagerConfigurationObject_Failure_5" time="0.0" />
  <testcase classname="com.topcoder.clients.manager.dao.TestDAOClientManager" name="testDAOClientManagerConfigurationObject_Failure_6" time="0.015" />
  <testcase classname="com.topcoder.clients.manager.dao.TestDAOClientManager" name="testDAOClientManagerConfigurationObject_Failure_7" time="0.016" />
  <testcase classname="com.topcoder.clients.manager.dao.TestDAOClientManager" name="testDAOClientManagerConfigurationObject_Failure_8" time="0.0" />
  <testcase classname="com.topcoder.clients.manager.dao.TestDAOClientManager" name="testDAOClientManagerConfigurationObject_Failure_9" time="0.016" />
  <testcase classname="com.topcoder.clients.manager.dao.TestDAOClientManager" name="testDAOClientManagerConfigurationObject_Failure_10" time="0.0" />
  <testcase classname="com.topcoder.clients.manager.dao.TestDAOClientManager" name="testDAOClientManagerConfigurationObject_Failure_11" time="0.015" />
  <testcase classname="com.topcoder.clients.manager.dao.TestDAOClientManager" name="testDAOClientManagerConfigurationObject_Failure_12" time="0.0" />
  <testcase classname="com.topcoder.clients.manager.dao.TestDAOClientManager" name="testDAOClientManagerStringString" time="0.266" />
  <testcase classname="com.topcoder.clients.manager.dao.TestDAOClientManager" name="testDAOClientManagerStringString_Failure_1" time="0.0" />
  <testcase classname="com.topcoder.clients.manager.dao.TestDAOClientManager" name="testDAOClientManagerStringString_Failure_2" time="0.047" />
  <testcase classname="com.topcoder.clients.manager.dao.TestDAOClientManager" name="testDAOClientManagerStringString_Failure_3" time="0.0" />
  <testcase classname="com.topcoder.clients.manager.dao.TestDAOClientManager" name="testDAOClientManagerStringString_Failure_4" time="0.0" />
  <testcase classname="com.topcoder.clients.manager.dao.TestDAOClientManager" name="testDAOClientManagerStringString_Failure_5" time="0.015" />
  <testcase classname="com.topcoder.clients.manager.dao.TestDAOClientManager" name="testCreateClient_Failure_1" time="0.016" />
  <testcase classname="com.topcoder.clients.manager.dao.TestDAOClientManager" name="testCreateClient_Failure_2" time="0.0" />
  <testcase classname="com.topcoder.clients.manager.dao.TestDAOClientManager" name="testCreateClient_Failure_3" time="0.016" />
  <testcase classname="com.topcoder.clients.manager.dao.TestDAOClientManager" name="testCreateClient_Failure_4" time="0.015" />
  <testcase classname="com.topcoder.clients.manager.dao.TestDAOClientManager" name="testCreateClient_Failure_5" time="0.0" />
  <testcase classname="com.topcoder.clients.manager.dao.TestDAOClientManager" name="testCreateClient_Failure_5_2" time="0.0" />
  <testcase classname="com.topcoder.clients.manager.dao.TestDAOClientManager" name="testCreateClient_Failure_5_3" time="0.016" />
  <testcase classname="com.topcoder.clients.manager.dao.TestDAOClientManager" name="testCreateClient_Failure_6" time="0.375" />
  <testcase classname="com.topcoder.clients.manager.dao.TestDAOClientManager" name="testCreateClient_Failure_7" time="0.0" />
  <testcase classname="com.topcoder.clients.manager.dao.TestDAOClientManager" name="testCreateClient_Failure_8" time="0.016" />
  <testcase classname="com.topcoder.clients.manager.dao.TestDAOClientManager" name="testCreateClient_Acc" time="0.0" />
  <testcase classname="com.topcoder.clients.manager.dao.TestDAOClientManager" name="testUpdateClient_Failure_1" time="0.0" />
  <testcase classname="com.topcoder.clients.manager.dao.TestDAOClientManager" name="testUpdateClient_Failure_2" time="0.015" />
  <testcase classname="com.topcoder.clients.manager.dao.TestDAOClientManager" name="testUpdateClient_Failure_3" time="0.0" />
  <testcase classname="com.topcoder.clients.manager.dao.TestDAOClientManager" name="testUpdateClient_Failure_4" time="0.016" />
  <testcase classname="com.topcoder.clients.manager.dao.TestDAOClientManager" name="testUpdateClient_Failure_5" time="0.0" />
  <testcase classname="com.topcoder.clients.manager.dao.TestDAOClientManager" name="testUpdateClient_Failure_5_2" time="0.0" />
  <testcase classname="com.topcoder.clients.manager.dao.TestDAOClientManager" name="testUpdateClient_Failure_6" time="0.015" />
  <testcase classname="com.topcoder.clients.manager.dao.TestDAOClientManager" name="testUpdateClient_Failure_6_2" time="0.0" />
  <testcase classname="com.topcoder.clients.manager.dao.TestDAOClientManager" name="testUpdateClient_Failure_7" time="0.016" />
  <testcase classname="com.topcoder.clients.manager.dao.TestDAOClientManager" name="testUpdateClient_Failure_8" time="0.0" />
  <testcase classname="com.topcoder.clients.manager.dao.TestDAOClientManager" name="testUpdateClient_Failure_8_2" time="0.016" />
  <testcase classname="com.topcoder.clients.manager.dao.TestDAOClientManager" name="testUpdateClient_Failure_9" time="0.0" />
  <testcase classname="com.topcoder.clients.manager.dao.TestDAOClientManager" name="testUpdateClient_acc" time="0.015" />
  <testcase classname="com.topcoder.clients.manager.dao.TestDAOClientManager" name="testDeleteClient_Failure_1" time="0.0" />
  <testcase classname="com.topcoder.clients.manager.dao.TestDAOClientManager" name="testDeleteClient_Failure_2" time="0.0" />
  <testcase classname="com.topcoder.clients.manager.dao.TestDAOClientManager" name="testDeleteClient_Failure_3" time="0.047" />
  <testcase classname="com.topcoder.clients.manager.dao.TestDAOClientManager" name="testDeleteClient_Failure_4" time="0.0" />
  <testcase classname="com.topcoder.clients.manager.dao.TestDAOClientManager" name="testDeleteClient_Failure_5" time="0.0" />
  <testcase classname="com.topcoder.clients.manager.dao.TestDAOClientManager" name="testDeleteClient_Acc" time="0.016" />
  <testcase classname="com.topcoder.clients.manager.dao.TestDAOClientManager" name="testSetClientCodeName_F_1" time="0.0" />
  <testcase classname="com.topcoder.clients.manager.dao.TestDAOClientManager" name="testSetClientCodeName_F_2" time="0.0" />
  <testcase classname="com.topcoder.clients.manager.dao.TestDAOClientManager" name="testSetClientCodeName_F_3" time="0.015" />
  <testcase classname="com.topcoder.clients.manager.dao.TestDAOClientManager" name="testSetClientCodeName_F_4" time="0.0" />
  <testcase classname="com.topcoder.clients.manager.dao.TestDAOClientManager" name="testSetClientCodeName_F_5" time="0.016" />
  <testcase classname="com.topcoder.clients.manager.dao.TestDAOClientManager" name="testSetClientCodeName_F_6" time="0.016" />
  <testcase classname="com.topcoder.clients.manager.dao.TestDAOClientManager" name="testSetClientCodeName_F_7" time="0.0" />
  <testcase classname="com.topcoder.clients.manager.dao.TestDAOClientManager" name="testSetClientCodeName_acc" time="0.015" />
  <testcase classname="com.topcoder.clients.manager.dao.TestDAOClientManager" name="testSetClientStatus_F_1" time="0.0" />
  <testcase classname="com.topcoder.clients.manager.dao.TestDAOClientManager" name="testSetClientStatus_F_2" time="0.0" />
  <testcase classname="com.topcoder.clients.manager.dao.TestDAOClientManager" name="testSetClientStatus_F_3" time="0.016" />
  <testcase classname="com.topcoder.clients.manager.dao.TestDAOClientManager" name="testSetClientStatus_F_4" time="0.0" />
  <testcase classname="com.topcoder.clients.manager.dao.TestDAOClientManager" name="testSetClientStatus_F_5" time="0.016" />
  <testcase classname="com.topcoder.clients.manager.dao.TestDAOClientManager" name="testSetClientStatus_F_6" time="0.0" />
  <testcase classname="com.topcoder.clients.manager.dao.TestDAOClientManager" name="testSetClientStatus_F_7" time="0.0" />
  <testcase classname="com.topcoder.clients.manager.dao.TestDAOClientManager" name="testSetClientStatus_F_8" time="0.015" />
  <testcase classname="com.topcoder.clients.manager.dao.TestDAOClientManager" name="testSetClientStatus_F_9" time="0.0" />
  <testcase classname="com.topcoder.clients.manager.dao.TestDAOClientManager" name="testSetClientStatus_F_10" time="0.0" />
  <testcase classname="com.topcoder.clients.manager.dao.TestDAOClientManager" name="testSetClientStatus_Acc" time="0.016" />
  <testcase classname="com.topcoder.clients.manager.dao.TestDAOClientManager" name="testRetrieveClient_F_1" time="0.0" />
  <testcase classname="com.topcoder.clients.manager.dao.TestDAOClientManager" name="testRetrieveClient_F_2" time="0.015" />
  <testcase classname="com.topcoder.clients.manager.dao.TestDAOClientManager" name="testRetrieveClient_F_3" time="0.0" />
  <testcase classname="com.topcoder.clients.manager.dao.TestDAOClientManager" name="testRetrieveClient_F_4" time="0.0" />
  <testcase classname="com.topcoder.clients.manager.dao.TestDAOClientManager" name="testRetrieveClient_Accu" time="0.047" />
  <testcase classname="com.topcoder.clients.manager.dao.TestDAOClientManager" name="testRetrieveAllClients_F_1" time="0.0" />
  <testcase classname="com.topcoder.clients.manager.dao.TestDAOClientManager" name="testRetrieveAllClients_F_2" time="0.0" />
  <testcase classname="com.topcoder.clients.manager.dao.TestDAOClientManager" name="testRetrieveAllClients_Acc" time="0.016" />
  <testcase classname="com.topcoder.clients.manager.dao.TestDAOClientManager" name="testSearchClientsByName_F_1" time="0.0" />
  <testcase classname="com.topcoder.clients.manager.dao.TestDAOClientManager" name="testSearchClientsByName_F_2" time="0.0" />
  <testcase classname="com.topcoder.clients.manager.dao.TestDAOClientManager" name="testSearchClientsByName_F_3" time="0.016" />
  <testcase classname="com.topcoder.clients.manager.dao.TestDAOClientManager" name="testSearchClientsByName_F_4" time="0.0" />
  <testcase classname="com.topcoder.clients.manager.dao.TestDAOClientManager" name="testSearchClientsByName_Accu" time="0.0" />
  <testcase classname="com.topcoder.clients.manager.dao.TestDAOClientManager" name="testSearchClients_F_1" time="0.015" />
  <testcase classname="com.topcoder.clients.manager.dao.TestDAOClientManager" name="testSearchClients_F_2" time="0.0" />
  <testcase classname="com.topcoder.clients.manager.dao.TestDAOClientManager" name="testSearchClients_F_3" time="0.0" />
  <testcase classname="com.topcoder.clients.manager.dao.TestDAOClientManager" name="testSearchClients_Accu" time="0.0" />
  <testcase classname="com.topcoder.clients.manager.dao.TestDAOClientManager" name="testGetClientStatus_F_1" time="0.0" />
  <testcase classname="com.topcoder.clients.manager.dao.TestDAOClientManager" name="testGetClientStatus_F_2" time="0.0" />
  <testcase classname="com.topcoder.clients.manager.dao.TestDAOClientManager" name="testGetClientStatus_F_3" time="0.015" />
  <testcase classname="com.topcoder.clients.manager.dao.TestDAOClientManager" name="testGetClientStatus_F_4" time="0.0" />
  <testcase classname="com.topcoder.clients.manager.dao.TestDAOClientManager" name="testGetClientStatus_Accu" time="0.0" />
  <testcase classname="com.topcoder.clients.manager.dao.TestDAOClientManager" name="testGetAllClientStatuses_Accu" time="0.016" />
  <testcase classname="com.topcoder.clients.manager.dao.TestDAOClientManager" name="testGetAllClientStatuses_F_1" time="0.0" />
  <testcase classname="com.topcoder.clients.manager.dao.TestDAOClientManager" name="testGetAllClientStatuses_F_2" time="0.0" />
  <testcase classname="com.topcoder.clients.manager.dao.TestDAOClientManager" name="testGetClientsForStatus_F_1" time="0.016" />
  <testcase classname="com.topcoder.clients.manager.dao.TestDAOClientManager" name="testGetClientsForStatus_F_2" time="0.0" />
  <testcase classname="com.topcoder.clients.manager.dao.TestDAOClientManager" name="testGetClientsForStatus_F_3" time="0.0" />
  <testcase classname="com.topcoder.clients.manager.dao.TestDAOClientManager" name="testGetClientsForStatus_F_4" time="0.015" />
  <testcase classname="com.topcoder.clients.manager.dao.TestDAOClientManager" name="testGetClientsForStatus_F_5" time="0.0" />
  <testcase classname="com.topcoder.clients.manager.dao.TestDAOClientManager" name="testGetClientsForStatus_F_6" time="0.0" />
  <testcase classname="com.topcoder.clients.manager.dao.TestDAOClientManager" name="testGetClientsForStatus_F_7" time="0.016" />
  <testcase classname="com.topcoder.clients.manager.dao.TestDAOClientManager" name="testGetClientsForStatus_F_8" time="0.0" />
  <testcase classname="com.topcoder.clients.manager.dao.TestDAOClientManager" name="testGetClientsForStatus_F_9" time="0.0" />
  <testcase classname="com.topcoder.clients.manager.dao.TestDAOClientManager" name="testGetClientsForStatus_Acc" time="0.0" />
  <testcase classname="com.topcoder.clients.manager.dao.TestDAOClientManager" name="testCreateClientStatus_F_1" time="0.0" />
  <testcase classname="com.topcoder.clients.manager.dao.TestDAOClientManager" name="testCreateClientStatus_F_2" time="0.0" />
  <testcase classname="com.topcoder.clients.manager.dao.TestDAOClientManager" name="testCreateClientStatus_F_3" time="0.015" />
  <testcase classname="com.topcoder.clients.manager.dao.TestDAOClientManager" name="testCreateClientStatus_F_4" time="0.0" />
  <testcase classname="com.topcoder.clients.manager.dao.TestDAOClientManager" name="testCreateClientStatus_F_5" time="0.0" />
  <testcase classname="com.topcoder.clients.manager.dao.TestDAOClientManager" name="testCreateClientStatus_F_6" time="0.016" />
  <testcase classname="com.topcoder.clients.manager.dao.TestDAOClientManager" name="testCreateClientStatus_F_7" time="0.0" />
  <testcase classname="com.topcoder.clients.manager.dao.TestDAOClientManager" name="testCreateClientStatus_F_8" time="0.0" />
  <testcase classname="com.topcoder.clients.manager.dao.TestDAOClientManager" name="testCreateClientStatus_Acc" time="0.015" />
  <testcase classname="com.topcoder.clients.manager.dao.TestDAOClientManager" name="testUpdateClientStatus_1" time="0.032" />
  <testcase classname="com.topcoder.clients.manager.dao.TestDAOClientManager" name="testUpdateClientStatus_2" time="0.0" />
  <testcase classname="com.topcoder.clients.manager.dao.TestDAOClientManager" name="testUpdateClientStatus_3" time="0.015" />
  <testcase classname="com.topcoder.clients.manager.dao.TestDAOClientManager" name="testUpdateClientStatus_4" time="0.0" />
  <testcase classname="com.topcoder.clients.manager.dao.TestDAOClientManager" name="testUpdateClientStatus_5" time="0.0" />
  <testcase classname="com.topcoder.clients.manager.dao.TestDAOClientManager" name="testUpdateClientStatus_6" time="0.016" />
  <testcase classname="com.topcoder.clients.manager.dao.TestDAOClientManager" name="testUpdateClientStatus_7" time="0.0" />
  <testcase classname="com.topcoder.clients.manager.dao.TestDAOClientManager" name="testUpdateClientStatus_8" time="0.0" />
  <testcase classname="com.topcoder.clients.manager.dao.TestDAOClientManager" name="testUpdateClientStatus_9" time="0.0" />
  <testcase classname="com.topcoder.clients.manager.dao.TestDAOClientManager" name="testUpdateClientStatus_10" time="0.016" />
  <testcase classname="com.topcoder.clients.manager.dao.TestDAOClientManager" name="testUpdateClientStatus_11" time="0.0" />
  <testcase classname="com.topcoder.clients.manager.dao.TestDAOClientManager" name="testUpdateClientStatus_12" time="0.0" />
  <testcase classname="com.topcoder.clients.manager.dao.TestDAOClientManager" name="testUpdateClientStatus_Acc" time="0.015" />
  <testcase classname="com.topcoder.clients.manager.dao.TestDAOClientManager" name="testDeleteClientStatus_F_1" time="0.0" />
  <testcase classname="com.topcoder.clients.manager.dao.TestDAOClientManager" name="testDeleteClientStatus_F_2" time="0.0" />
  <testcase classname="com.topcoder.clients.manager.dao.TestDAOClientManager" name="testDeleteClientStatus_F_3" time="0.016" />
  <testcase classname="com.topcoder.clients.manager.dao.TestDAOClientManager" name="testDeleteClientStatus_F_4" time="0.0" />
  <testcase classname="com.topcoder.clients.manager.dao.TestDAOClientManager" name="testDeleteClientStatus_F_5" time="0.015" />
  <testcase classname="com.topcoder.clients.manager.dao.TestDAOClientManager" name="testDeleteClientStatus_Acc" time="0.0" />
  <testcase classname="com.topcoder.clients.manager.dao.TestDAOCompanyManager" name="testDAOCompanyManager" time="0.329" />
  <testcase classname="com.topcoder.clients.manager.dao.TestDAOCompanyManager" name="testDAOCompanyManagerConfigurationObject_Acc" time="0.015" />
  <testcase classname="com.topcoder.clients.manager.dao.TestDAOCompanyManager" name="testDAOCompanyManagerConfigurationObject_F_1" time="0.0" />
  <testcase classname="com.topcoder.clients.manager.dao.TestDAOCompanyManager" name="testDAOCompanyManagerConfigurationObject_F_2" time="0.0" />
  <testcase classname="com.topcoder.clients.manager.dao.TestDAOCompanyManager" name="testDAOCompanyManagerConfigurationObject_F_3" time="0.016" />
  <testcase classname="com.topcoder.clients.manager.dao.TestDAOCompanyManager" name="testDAOCompanyManagerConfigurationObject_F_4" time="0.0" />
  <testcase classname="com.topcoder.clients.manager.dao.TestDAOCompanyManager" name="testDAOCompanyManagerConfigurationObject_F_5" time="0.0" />
  <testcase classname="com.topcoder.clients.manager.dao.TestDAOCompanyManager" name="testDAOCompanyManagerConfigurationObject_F_6" time="0.0" />
  <testcase classname="com.topcoder.clients.manager.dao.TestDAOCompanyManager" name="testDAOCompanyManagerStringString_Accuracy" time="0.0" />
  <testcase classname="com.topcoder.clients.manager.dao.TestDAOCompanyManager" name="testCreateCompany_1" time="0.0" />
  <testcase classname="com.topcoder.clients.manager.dao.TestDAOCompanyManager" name="testCreateCompany_2" time="0.0" />
  <testcase classname="com.topcoder.clients.manager.dao.TestDAOCompanyManager" name="testCreateCompany_3" time="0.0" />
  <testcase classname="com.topcoder.clients.manager.dao.TestDAOCompanyManager" name="testCreateCompany_4" time="0.0" />
  <testcase classname="com.topcoder.clients.manager.dao.TestDAOCompanyManager" name="testCreateCompany_5" time="0.234" />
  <testcase classname="com.topcoder.clients.manager.dao.TestDAOCompanyManager" name="testCreateCompany_6" time="0.016" />
  <testcase classname="com.topcoder.clients.manager.dao.TestDAOCompanyManager" name="testCreateCompany_7" time="0.0" />
  <testcase classname="com.topcoder.clients.manager.dao.TestDAOCompanyManager" name="testCreateCompany_acc" time="0.0" />
  <testcase classname="com.topcoder.clients.manager.dao.TestDAOCompanyManager" name="testUpdateCompany_F_1" time="0.015" />
  <testcase classname="com.topcoder.clients.manager.dao.TestDAOCompanyManager" name="testUpdateCompany_F_2" time="0.032" />
  <testcase classname="com.topcoder.clients.manager.dao.TestDAOCompanyManager" name="testUpdateCompany_F_3" time="0.0" />
  <testcase classname="com.topcoder.clients.manager.dao.TestDAOCompanyManager" name="testUpdateCompany_F_4" time="0.015" />
  <testcase classname="com.topcoder.clients.manager.dao.TestDAOCompanyManager" name="testUpdateCompany_F_5" time="0.0" />
  <testcase classname="com.topcoder.clients.manager.dao.TestDAOCompanyManager" name="testUpdateCompany_F_6" time="0.0" />
  <testcase classname="com.topcoder.clients.manager.dao.TestDAOCompanyManager" name="testUpdateCompany_F_6_2" time="0.016" />
  <testcase classname="com.topcoder.clients.manager.dao.TestDAOCompanyManager" name="testUpdateCompany_F_6_3" time="0.0" />
  <testcase classname="com.topcoder.clients.manager.dao.TestDAOCompanyManager" name="testUpdateCompany_F_7" time="0.0" />
  <testcase classname="com.topcoder.clients.manager.dao.TestDAOCompanyManager" name="testUpdateCompany_F_8" time="0.015" />
  <testcase classname="com.topcoder.clients.manager.dao.TestDAOCompanyManager" name="testUpdateCompany_F_9" time="0.0" />
  <testcase classname="com.topcoder.clients.manager.dao.TestDAOCompanyManager" name="testUpdateCompany_Acc" time="0.0" />
  <testcase classname="com.topcoder.clients.manager.dao.TestDAOCompanyManager" name="testDeleteCompany_F_1" time="0.016" />
  <testcase classname="com.topcoder.clients.manager.dao.TestDAOCompanyManager" name="testDeleteCompany_F_2" time="0.0" />
  <testcase classname="com.topcoder.clients.manager.dao.TestDAOCompanyManager" name="testDeleteCompany_F_3" time="0.0" />
  <testcase classname="com.topcoder.clients.manager.dao.TestDAOCompanyManager" name="testDeleteCompany_F_4" time="0.0" />
  <testcase classname="com.topcoder.clients.manager.dao.TestDAOCompanyManager" name="testDeleteCompany_F_5" time="0.016" />
  <testcase classname="com.topcoder.clients.manager.dao.TestDAOCompanyManager" name="testDeleteCompany_Accu" time="0.0" />
  <testcase classname="com.topcoder.clients.manager.dao.TestDAOCompanyManager" name="testRetrieveCompany_F_1" time="0.015" />
  <testcase classname="com.topcoder.clients.manager.dao.TestDAOCompanyManager" name="testRetrieveCompany_F_2" time="0.0" />
  <testcase classname="com.topcoder.clients.manager.dao.TestDAOCompanyManager" name="testRetrieveCompany_F_3" time="0.0" />
  <testcase classname="com.topcoder.clients.manager.dao.TestDAOCompanyManager" name="testRetrieveCompany_F_4" time="0.0" />
  <testcase classname="com.topcoder.clients.manager.dao.TestDAOCompanyManager" name="testRetrieveCompany_Acc" time="0.016" />
  <testcase classname="com.topcoder.clients.manager.dao.TestDAOCompanyManager" name="testRetrieveAllCompanies" time="0.0" />
  <testcase classname="com.topcoder.clients.manager.dao.TestDAOCompanyManager" name="testSearchCompaniesByName_F_1" time="0.0" />
  <testcase classname="com.topcoder.clients.manager.dao.TestDAOCompanyManager" name="testSearchCompaniesByName_F_2" time="0.016" />
  <testcase classname="com.topcoder.clients.manager.dao.TestDAOCompanyManager" name="testSearchCompaniesByName_F_3" time="0.0" />
  <testcase classname="com.topcoder.clients.manager.dao.TestDAOCompanyManager" name="testSearchCompaniesByName_F_4" time="0.0" />
  <testcase classname="com.topcoder.clients.manager.dao.TestDAOCompanyManager" name="testSearchCompaniesByName_Acc" time="0.015" />
  <testcase classname="com.topcoder.clients.manager.dao.TestDAOCompanyManager" name="testSearchCompanies_F_1" time="0.0" />
  <testcase classname="com.topcoder.clients.manager.dao.TestDAOCompanyManager" name="testSearchCompanies_F_2" time="0.0" />
  <testcase classname="com.topcoder.clients.manager.dao.TestDAOCompanyManager" name="testSearchCompanies_F_3" time="0.0" />
  <testcase classname="com.topcoder.clients.manager.dao.TestDAOCompanyManager" name="testSearchCompanies_Acc" time="0.016" />
  <testcase classname="com.topcoder.clients.manager.dao.TestDAOCompanyManager" name="testGetClientsForCompany_F_1" time="0.0" />
  <testcase classname="com.topcoder.clients.manager.dao.TestDAOCompanyManager" name="testGetClientsForCompany_F_2" time="0.0" />
  <testcase classname="com.topcoder.clients.manager.dao.TestDAOCompanyManager" name="testGetClientsForCompany_F_3" time="0.015" />
  <testcase classname="com.topcoder.clients.manager.dao.TestDAOCompanyManager" name="testGetClientsForCompany_F_4" time="0.0" />
  <testcase classname="com.topcoder.clients.manager.dao.TestDAOCompanyManager" name="testGetClientsForCompany_Acc" time="0.0" />
  <testcase classname="com.topcoder.clients.manager.dao.TestDAOCompanyManager" name="testGetProjectsForCompany_F_1" time="0.0" />
  <testcase classname="com.topcoder.clients.manager.dao.TestDAOCompanyManager" name="testGetProjectsForCompany_F_2" time="0.0" />
  <testcase classname="com.topcoder.clients.manager.dao.TestDAOCompanyManager" name="testGetProjectsForCompany_F_3" time="0.0" />
  <testcase classname="com.topcoder.clients.manager.dao.TestDAOCompanyManager" name="testGetProjectsForCompany_F_4" time="0.016" />
  <testcase classname="com.topcoder.clients.manager.dao.TestDAOCompanyManager" name="testGetProjectsForCompany_Acc" time="0.0" />
  <testcase classname="com.topcoder.clients.manager.dao.TestDAOProjectManagerAccuracy" name="testDAOProjectManager" time="0.297" />
  <testcase classname="com.topcoder.clients.manager.dao.TestDAOProjectManagerAccuracy" name="testDAOProjectManagerConfigurationObject" time="0.0" />
  <testcase classname="com.topcoder.clients.manager.dao.TestDAOProjectManagerAccuracy" name="testDAOProjectManagerStringString" time="0.015" />
  <testcase classname="com.topcoder.clients.manager.dao.TestDAOProjectManagerAccuracy" name="testCreateProject" time="0.0" />
  <testcase classname="com.topcoder.clients.manager.dao.TestDAOProjectManagerAccuracy" name="testUpdateProject" time="0.016" />
  <testcase classname="com.topcoder.clients.manager.dao.TestDAOProjectManagerAccuracy" name="testDeleteProject" time="0.0" />
  <testcase classname="com.topcoder.clients.manager.dao.TestDAOProjectManagerAccuracy" name="testRetrieveProjectLong_1" time="0.031" />
  <testcase classname="com.topcoder.clients.manager.dao.TestDAOProjectManagerAccuracy" name="testRetrieveProjectLong_2" time="0.0" />
  <testcase classname="com.topcoder.clients.manager.dao.TestDAOProjectManagerAccuracy" name="testRetrieveProjectLongBoolean" time="0.016" />
  <testcase classname="com.topcoder.clients.manager.dao.TestDAOProjectManagerAccuracy" name="testRetrieveProjectLongBoolean_2" time="0.0" />
  <testcase classname="com.topcoder.clients.manager.dao.TestDAOProjectManagerAccuracy" name="testRetrieveProjectsForClientClient_1" time="0.015" />
  <testcase classname="com.topcoder.clients.manager.dao.TestDAOProjectManagerAccuracy" name="testRetrieveProjectsForClientClient_2" time="0.0" />
  <testcase classname="com.topcoder.clients.manager.dao.TestDAOProjectManagerAccuracy" name="testRetrieveProjectsForClientClientBoolean" time="0.0" />
  <testcase classname="com.topcoder.clients.manager.dao.TestDAOProjectManagerAccuracy" name="testRetrieveAllProjects" time="0.0" />
  <testcase classname="com.topcoder.clients.manager.dao.TestDAOProjectManagerAccuracy" name="testRetrieveAllProjectsBoolean_1" time="0.0" />
  <testcase classname="com.topcoder.clients.manager.dao.TestDAOProjectManagerAccuracy" name="testRetrieveAllProjectsBoolean_2" time="0.0" />
  <testcase classname="com.topcoder.clients.manager.dao.TestDAOProjectManagerAccuracy" name="testSetProjectStatus" time="0.016" />
  <testcase classname="com.topcoder.clients.manager.dao.TestDAOProjectManagerAccuracy" name="testSearchProjectsByName_1" time="0.0" />
  <testcase classname="com.topcoder.clients.manager.dao.TestDAOProjectManagerAccuracy" name="testSearchProjectsByName_2" time="0.0" />
  <testcase classname="com.topcoder.clients.manager.dao.TestDAOProjectManagerAccuracy" name="testSearchProjects" time="0.0" />
  <testcase classname="com.topcoder.clients.manager.dao.TestDAOProjectManagerAccuracy" name="testGetProjectStatus_1" time="0.015" />
  <testcase classname="com.topcoder.clients.manager.dao.TestDAOProjectManagerAccuracy" name="testGetProjectStatus_2" time="0.0" />
  <testcase classname="com.topcoder.clients.manager.dao.TestDAOProjectManagerAccuracy" name="testGetAllProjectStatuses" time="0.0" />
  <testcase classname="com.topcoder.clients.manager.dao.TestDAOProjectManagerAccuracy" name="testGetProjectsForStatus" time="0.016" />
  <testcase classname="com.topcoder.clients.manager.dao.TestDAOProjectManagerAccuracy" name="testCreateProjectStatus" time="0.0" />
  <testcase classname="com.topcoder.clients.manager.dao.TestDAOProjectManagerAccuracy" name="testUpdateProjectStatus" time="0.0" />
  <testcase classname="com.topcoder.clients.manager.dao.TestDAOProjectManagerAccuracy" name="testDeleteProjectStatus" time="0.0" />
  <testcase classname="com.topcoder.clients.manager.dao.TestDAOProjectManagerFailure" name="testRetrieveProjectLong_1" time="0.015" />
  <testcase classname="com.topcoder.clients.manager.dao.TestDAOProjectManagerFailure" name="testRetrieveProjectLong_2" time="0.0" />
  <testcase classname="com.topcoder.clients.manager.dao.TestDAOProjectManagerFailure" name="testRetrieveProjectLongBoolean_2" time="0.0" />
  <testcase classname="com.topcoder.clients.manager.dao.TestDAOProjectManagerFailure" name="testRetrieveProjectsForClientClient_1" time="0.0" />
  <testcase classname="com.topcoder.clients.manager.dao.TestDAOProjectManagerFailure" name="testRetrieveProjectsForClientClient_2" time="0.0" />
  <testcase classname="com.topcoder.clients.manager.dao.TestDAOProjectManagerFailure" name="testRetrieveAllProjectsBoolean_1" time="0.016" />
  <testcase classname="com.topcoder.clients.manager.dao.TestDAOProjectManagerFailure" name="testRetrieveAllProjectsBoolean_2" time="0.0" />
  <testcase classname="com.topcoder.clients.manager.dao.TestDAOProjectManagerFailure" name="testSearchProjectsByName_1" time="0.0" />
  <testcase classname="com.topcoder.clients.manager.dao.TestDAOProjectManagerFailure" name="testSearchProjectsByName_2" time="0.015" />
  <testcase classname="com.topcoder.clients.manager.dao.TestDAOProjectManagerFailure" name="testGetProjectStatus_1" time="0.0" />
  <testcase classname="com.topcoder.clients.manager.dao.TestDAOProjectManagerFailure" name="testGetProjectStatus_2" time="0.0" />
  <testcase classname="com.topcoder.clients.manager.dao.TestDAOProjectManagerFailure" name="testDAOProjectManagerConfigurationObject_1" time="0.016" />
  <testcase classname="com.topcoder.clients.manager.dao.TestDAOProjectManagerFailure" name="testDAOProjectManagerConfigurationObject_2" time="0.0" />
  <testcase classname="com.topcoder.clients.manager.dao.TestDAOProjectManagerFailure" name="testDAOProjectManagerConfigurationObject_3" time="0.0" />
  <testcase classname="com.topcoder.clients.manager.dao.TestDAOProjectManagerFailure" name="testDAOProjectManagerConfigurationObject_4" time="0.016" />
  <testcase classname="com.topcoder.clients.manager.dao.TestDAOProjectManagerFailure" name="testDAOProjectManagerConfigurationObject_5" time="0.0" />
  <testcase classname="com.topcoder.clients.manager.dao.TestDAOProjectManagerFailure" name="testDAOProjectManagerConfigurationObject_6" time="0.0" />
  <testcase classname="com.topcoder.clients.manager.dao.TestDAOProjectManagerFailure" name="testCreateProject_1" time="0.0" />
  <testcase classname="com.topcoder.clients.manager.dao.TestDAOProjectManagerFailure" name="testCreateProject_2" time="0.0" />
  <testcase classname="com.topcoder.clients.manager.dao.TestDAOProjectManagerFailure" name="testCreateProject_3" time="0.0" />
  <testcase classname="com.topcoder.clients.manager.dao.TestDAOProjectManagerFailure" name="testCreateProject_4" time="0.047" />
  <testcase classname="com.topcoder.clients.manager.dao.TestDAOProjectManagerFailure" name="testCreateProject_6" time="0.0" />
  <testcase classname="com.topcoder.clients.manager.dao.TestDAOProjectManagerFailure" name="testCreateProject_7" time="0.0" />
  <testcase classname="com.topcoder.clients.manager.dao.TestDAOProjectManagerFailure" name="testCreateProject_8" time="0.0" />
  <testcase classname="com.topcoder.clients.manager.dao.TestDAOProjectManagerFailure" name="testCreateProject_9" time="0.016" />
  <testcase classname="com.topcoder.clients.manager.dao.TestDAOProjectManagerFailure" name="testCreateProject_10" time="0.0" />
  <testcase classname="com.topcoder.clients.manager.dao.TestDAOProjectManagerFailure" name="testCreateProject_11" time="0.0" />
  <testcase classname="com.topcoder.clients.manager.dao.TestDAOProjectManagerFailure" name="testUpdateProject_F_1" time="0.015" />
  <testcase classname="com.topcoder.clients.manager.dao.TestDAOProjectManagerFailure" name="testUpdateProject_F_2" time="0.0" />
  <testcase classname="com.topcoder.clients.manager.dao.TestDAOProjectManagerFailure" name="testUpdateProject_F_3" time="0.0" />
  <testcase classname="com.topcoder.clients.manager.dao.TestDAOProjectManagerFailure" name="testUpdateProject_F_4" time="0.016" />
  <testcase classname="com.topcoder.clients.manager.dao.TestDAOProjectManagerFailure" name="testUpdateProject_F_5" time="0.0" />
  <testcase classname="com.topcoder.clients.manager.dao.TestDAOProjectManagerFailure" name="testUpdateProject_F_6" time="0.0" />
  <testcase classname="com.topcoder.clients.manager.dao.TestDAOProjectManagerFailure" name="testUpdateProject_F_7" time="0.016" />
  <testcase classname="com.topcoder.clients.manager.dao.TestDAOProjectManagerFailure" name="testUpdateProject_F_8" time="0.0" />
  <testcase classname="com.topcoder.clients.manager.dao.TestDAOProjectManagerFailure" name="testUpdateProject_F_9" time="0.0" />
  <testcase classname="com.topcoder.clients.manager.dao.TestDAOProjectManagerFailure" name="testUpdateProject_F_10" time="0.015" />
  <testcase classname="com.topcoder.clients.manager.dao.TestDAOProjectManagerFailure" name="testUpdateProject_F_11" time="0.0" />
  <testcase classname="com.topcoder.clients.manager.dao.TestDAOProjectManagerFailure" name="testUpdateProject_F_12" time="0.0" />
  <testcase classname="com.topcoder.clients.manager.dao.TestDAOProjectManagerFailure" name="testDeleteProject_1" time="0.016" />
  <testcase classname="com.topcoder.clients.manager.dao.TestDAOProjectManagerFailure" name="testDeleteProject_2" time="0.0" />
  <testcase classname="com.topcoder.clients.manager.dao.TestDAOProjectManagerFailure" name="testDeleteProject_3" time="0.0" />
  <testcase classname="com.topcoder.clients.manager.dao.TestDAOProjectManagerFailure" name="testDeleteProject_4" time="0.0" />
  <testcase classname="com.topcoder.clients.manager.dao.TestDAOProjectManagerFailure" name="testDeleteProject_5" time="0.015" />
  <testcase classname="com.topcoder.clients.manager.dao.TestDAOProjectManagerFailure" name="testRetrieveProjectLong_3" time="0.0" />
  <testcase classname="com.topcoder.clients.manager.dao.TestDAOProjectManagerFailure" name="testRetrieveProjectLongBoolean_1" time="0.0" />
  <testcase classname="com.topcoder.clients.manager.dao.TestDAOProjectManagerFailure" name="testRetrieveProjectLongBoolean_3" time="0.016" />
  <testcase classname="com.topcoder.clients.manager.dao.TestDAOProjectManagerFailure" name="testRetrieveProjectsForClientClient_3" time="0.0" />
  <testcase classname="com.topcoder.clients.manager.dao.TestDAOProjectManagerFailure" name="testRetrieveProjectsForClientClient_4" time="0.0" />
  <testcase classname="com.topcoder.clients.manager.dao.TestDAOProjectManagerFailure" name="testRetrieveProjectsForClientClientBoolean_1" time="0.016" />
  <testcase classname="com.topcoder.clients.manager.dao.TestDAOProjectManagerFailure" name="testRetrieveProjectsForClientClientBoolean_2" time="0.0" />
  <testcase classname="com.topcoder.clients.manager.dao.TestDAOProjectManagerFailure" name="testSetProjectStatus_1" time="0.0" />
  <testcase classname="com.topcoder.clients.manager.dao.TestDAOProjectManagerFailure" name="testSetProjectStatus_2" time="0.015" />
  <testcase classname="com.topcoder.clients.manager.dao.TestDAOProjectManagerFailure" name="testSetProjectStatus_4" time="0.0" />
  <testcase classname="com.topcoder.clients.manager.dao.TestDAOProjectManagerFailure" name="testSetProjectStatus_5" time="0.0" />
  <testcase classname="com.topcoder.clients.manager.dao.TestDAOProjectManagerFailure" name="testSetProjectStatus_6" time="0.016" />
  <testcase classname="com.topcoder.clients.manager.dao.TestDAOProjectManagerFailure" name="testSetProjectStatus_7" time="0.0" />
  <testcase classname="com.topcoder.clients.manager.dao.TestDAOProjectManagerFailure" name="testSetProjectStatus_8" time="0.0" />
  <testcase classname="com.topcoder.clients.manager.dao.TestDAOProjectManagerFailure" name="testSetProjectStatus_9" time="0.016" />
  <testcase classname="com.topcoder.clients.manager.dao.TestDAOProjectManagerFailure" name="testSetProjectStatus_10" time="0.0" />
  <testcase classname="com.topcoder.clients.manager.dao.TestDAOProjectManagerFailure" name="testSearchProjectsByName_1_2" time="0.0" />
  <testcase classname="com.topcoder.clients.manager.dao.TestDAOProjectManagerFailure" name="testSearchProjectsByName_3" time="0.015" />
  <testcase classname="com.topcoder.clients.manager.dao.TestDAOProjectManagerFailure" name="testSearchProjects_1" time="0.0" />
  <testcase classname="com.topcoder.clients.manager.dao.TestDAOProjectManagerFailure" name="testSearchProjects_2" time="0.0" />
  <testcase classname="com.topcoder.clients.manager.dao.TestDAOProjectManagerFailure" name="testSearchProjects_3" time="0.016" />
  <testcase classname="com.topcoder.clients.manager.dao.TestDAOProjectManagerFailure" name="testGetProjectStatus_3" time="0.0" />
  <testcase classname="com.topcoder.clients.manager.dao.TestDAOProjectManagerFailure" name="testGetProjectStatus_4" time="0.0" />
  <testcase classname="com.topcoder.clients.manager.dao.TestDAOProjectManagerFailure" name="testGetAllProjectStatuses_1" time="0.015" />
  <testcase classname="com.topcoder.clients.manager.dao.TestDAOProjectManagerFailure" name="testGetAllProjectStatuses_2" time="0.0" />
  <testcase classname="com.topcoder.clients.manager.dao.TestDAOProjectManagerFailure" name="testGetProjectsForStatus_1" time="0.0" />
  <testcase classname="com.topcoder.clients.manager.dao.TestDAOProjectManagerFailure" name="testGetProjectsForStatus_2" time="0.0" />
  <testcase classname="com.topcoder.clients.manager.dao.TestDAOProjectManagerFailure" name="testGetProjectsForStatus_3" time="0.016" />
  <testcase classname="com.topcoder.clients.manager.dao.TestDAOProjectManagerFailure" name="testGetProjectsForStatus_4" time="0.0" />
  <testcase classname="com.topcoder.clients.manager.dao.TestDAOProjectManagerFailure" name="testCreateProjectStatus_F_1" time="0.0" />
  <testcase classname="com.topcoder.clients.manager.dao.TestDAOProjectManagerFailure" name="testCreateProjectStatus_F_2" time="0.016" />
  <testcase classname="com.topcoder.clients.manager.dao.TestDAOProjectManagerFailure" name="testCreateProjectStatus_F_4" time="0.0" />
  <testcase classname="com.topcoder.clients.manager.dao.TestDAOProjectManagerFailure" name="testCreateProjectStatus_F_3" time="0.0" />
  <testcase classname="com.topcoder.clients.manager.dao.TestDAOProjectManagerFailure" name="testCreateProjectStatus_F_5" time="0.0" />
  <testcase classname="com.topcoder.clients.manager.dao.TestDAOProjectManagerFailure" name="testCreateProjectStatus_F_6" time="0.0" />
  <testcase classname="com.topcoder.clients.manager.dao.TestDAOProjectManagerFailure" name="testCreateProjectStatus_F_7" time="0.0" />
  <testcase classname="com.topcoder.clients.manager.dao.TestDAOProjectManagerFailure" name="testCreateProjectStatus_F_8" time="0.016" />
  <testcase classname="com.topcoder.clients.manager.dao.TestDAOProjectManagerFailure" name="testCreateProjectStatus_F_9" time="0.0" />
  <testcase classname="com.topcoder.clients.manager.dao.TestDAOProjectManagerFailure" name="testUpdateProjectStatus_F_1" time="0.0" />
  <testcase classname="com.topcoder.clients.manager.dao.TestDAOProjectManagerFailure" name="testUpdateProjectStatus_F_2" time="0.016" />
  <testcase classname="com.topcoder.clients.manager.dao.TestDAOProjectManagerFailure" name="testUpdateProjectStatus_F_3" time="0.0" />
  <testcase classname="com.topcoder.clients.manager.dao.TestDAOProjectManagerFailure" name="testUpdateProjectStatus_F_4" time="0.0" />
  <testcase classname="com.topcoder.clients.manager.dao.TestDAOProjectManagerFailure" name="testUpdateProjectStatus_F_5" time="0.015" />
  <testcase classname="com.topcoder.clients.manager.dao.TestDAOProjectManagerFailure" name="testUpdateProjectStatus_F_6" time="0.0" />
  <testcase classname="com.topcoder.clients.manager.dao.TestDAOProjectManagerFailure" name="testUpdateProjectStatus_F_7" time="0.0" />
  <testcase classname="com.topcoder.clients.manager.dao.TestDAOProjectManagerFailure" name="testUpdateProjectStatus_F_8" time="0.016" />
  <testcase classname="com.topcoder.clients.manager.dao.TestDAOProjectManagerFailure" name="testDeleteProjectStatus_F_1" time="0.0" />
  <testcase classname="com.topcoder.clients.manager.dao.TestDAOProjectManagerFailure" name="testDeleteProjectStatus_F_2" time="0.0" />
  <testcase classname="com.topcoder.clients.manager.dao.TestDAOProjectManagerFailure" name="testDeleteProjectStatus_F_3" time="0.015" />
  <testcase classname="com.topcoder.clients.manager.dao.TestDAOProjectManagerFailure" name="testDeleteProjectStatus_F_4" time="0.0" />
  <testcase classname="com.topcoder.clients.manager.dao.TestDAOProjectManagerFailure" name="testDeleteProjectStatus_F_5" time="0.0" />
  <testcase classname="com.topcoder.clients.manager.Demo" name="testDemoDAOClientManager" time="0.016" />
  <testcase classname="com.topcoder.clients.manager.Demo" name="testDemoDAOProjectManager" time="0.016" />
  <testcase classname="com.topcoder.clients.manager.Demo" name="testDemoDAOCompanyManager" time="0.015" />
  <testcase classname="com.topcoder.clients.manager.dao.TestEntityFormat" name="testFormatClient" time="0.0" />
  <testcase classname="com.topcoder.clients.manager.dao.TestEntityFormat" name="testFormatClient_2" time="0.0" />
  <testcase classname="com.topcoder.clients.manager.dao.TestEntityFormat" name="testFormatClient_3" time="0.0" />
  <testcase classname="com.topcoder.clients.manager.dao.TestEntityFormat" name="testFormatCompany_1" time="0.0" />
  <testcase classname="com.topcoder.clients.manager.dao.TestEntityFormat" name="testFormatCompany_2" time="0.0" />
  <testcase classname="com.topcoder.clients.manager.dao.TestEntityFormat" name="testFormatClientStatus" time="0.0" />
  <testcase classname="com.topcoder.clients.manager.dao.TestEntityFormat" name="testFormatClientStatus_2" time="0.0" />
  <testcase classname="com.topcoder.clients.manager.dao.TestEntityFormat" name="testFormatClientList" time="0.0" />
  <testcase classname="com.topcoder.clients.manager.dao.TestEntityFormat" name="testFormatClientStatusList" time="0.0" />
  <testcase classname="com.topcoder.clients.manager.dao.TestEntityFormat" name="testFormatCompanyList" time="0.0" />
  <testcase classname="com.topcoder.clients.manager.dao.TestEntityFormat" name="testFormatProject" time="0.0" />
  <testcase classname="com.topcoder.clients.manager.dao.TestEntityFormat" name="testFormatProjectList" time="0.0" />
  <testcase classname="com.topcoder.clients.manager.dao.TestEntityFormat" name="testFormatProjectStatus" time="0.0" />
  <testcase classname="com.topcoder.clients.manager.dao.TestEntityFormat" name="testFormatProjectStatusList" time="0.0" />
  <testcase classname="com.topcoder.clients.manager.failuretests.TestDAOClientManagerFailure" name="testSearchClients_Accu" time="0.016" />
  <testcase classname="com.topcoder.clients.manager.failuretests.TestDAOClientManagerFailure" name="testGetClientStatus_Accu" time="0.0" />
  <testcase classname="com.topcoder.clients.manager.failuretests.TestDAOClientManagerFailure" name="testCreateClientStatus_Acc" time="0.0" />
  <testcase classname="com.topcoder.clients.manager.failuretests.TestDAOClientManagerFailure" name="testCtor1WithConfigurationObjectNull" time="0.0" />
  <testcase classname="com.topcoder.clients.manager.failuretests.TestDAOClientManagerFailure" name="testCtor1WithConfigurationObjectInvalid1" time="0.5" />
  <testcase classname="com.topcoder.clients.manager.failuretests.TestDAOClientManagerFailure" name="testCtor1WithConfigurationObjectInvalid2" time="0.0" />
  <testcase classname="com.topcoder.clients.manager.failuretests.TestDAOClientManagerFailure" name="testCtor1WithConfigurationObjectInvalid3" time="0.016" />
  <testcase classname="com.topcoder.clients.manager.failuretests.TestDAOClientManagerFailure" name="testCtor1WithConfigurationObjectInvalid4" time="0.0" />
  <testcase classname="com.topcoder.clients.manager.failuretests.TestDAOClientManagerFailure" name="testCtor1WithConfigurationObjectInvalid5" time="0.0" />
  <testcase classname="com.topcoder.clients.manager.failuretests.TestDAOClientManagerFailure" name="testCtor1WithConfigurationObjectInvalid6" time="0.015" />
  <testcase classname="com.topcoder.clients.manager.failuretests.TestDAOClientManagerFailure" name="testCtor1WithConfigurationObjectInvalid7" time="0.0" />
  <testcase classname="com.topcoder.clients.manager.failuretests.TestDAOClientManagerFailure" name="testCtor1WithConfigurationObjectInvalid8" time="0.0" />
  <testcase classname="com.topcoder.clients.manager.failuretests.TestDAOClientManagerFailure" name="testCtor1WithConfigurationObjectInvalid9" time="0.0" />
  <testcase classname="com.topcoder.clients.manager.failuretests.TestDAOClientManagerFailure" name="testCtor2WithFilenameEmpty" time="0.016" />
  <testcase classname="com.topcoder.clients.manager.failuretests.TestDAOClientManagerFailure" name="testCtor2WithNamespaceNull" time="0.0" />
  <testcase classname="com.topcoder.clients.manager.failuretests.TestDAOClientManagerFailure" name="testCtor2WithNamespaceEmpty" time="0.0" />
  <testcase classname="com.topcoder.clients.manager.failuretests.TestDAOClientManagerFailure" name="testCtor2WithFileInvalid" time="0.015" />
  <testcase classname="com.topcoder.clients.manager.failuretests.TestDAOClientManagerFailure" name="testCtor2WithNamespaceNotExist" time="0.0" />
  <testcase classname="com.topcoder.clients.manager.failuretests.TestDAOClientManagerFailure" name="testCreateClientWithClientNull" time="0.016" />
  <testcase classname="com.topcoder.clients.manager.failuretests.TestDAOClientManagerFailure" name="testCreateClientWithClientInvalid2" time="0.0" />
  <testcase classname="com.topcoder.clients.manager.failuretests.TestDAOClientManagerFailure" name="testCreateClientWithClientInvalid3" time="0.0" />
  <testcase classname="com.topcoder.clients.manager.failuretests.TestDAOClientManagerFailure" name="testCreateClientWithClientInvalid4" time="0.016" />
  <testcase classname="com.topcoder.clients.manager.failuretests.TestDAOClientManagerFailure" name="testCreateClientWithClientInvalid5" time="0.0" />
  <testcase classname="com.topcoder.clients.manager.failuretests.TestDAOClientManagerFailure" name="testCreateClientWithClientInvalid6" time="0.0" />
  <testcase classname="com.topcoder.clients.manager.failuretests.TestDAOClientManagerFailure" name="testCreateClientWithClientInvalid7" time="0.015" />
  <testcase classname="com.topcoder.clients.manager.failuretests.TestDAOClientManagerFailure" name="testUpdateClientWithClientInvalid1" time="0.0" />
  <testcase classname="com.topcoder.clients.manager.failuretests.TestDAOClientManagerFailure" name="testUpdateClientWithClientInvalid2" time="0.0" />
  <testcase classname="com.topcoder.clients.manager.failuretests.TestDAOClientManagerFailure" name="testUpdateClientWithClientInvalid3" time="0.016" />
  <testcase classname="com.topcoder.clients.manager.failuretests.TestDAOClientManagerFailure" name="testUpdateClientWithClientInvalid4" time="0.0" />
  <testcase classname="com.topcoder.clients.manager.failuretests.TestDAOClientManagerFailure" name="testUpdateClientWithClientInvalid5" time="0.0" />
  <testcase classname="com.topcoder.clients.manager.failuretests.TestDAOClientManagerFailure" name="testUpdateClientWithClientInvalid6" time="0.016" />
  <testcase classname="com.topcoder.clients.manager.failuretests.TestDAOClientManagerFailure" name="testUpdateClientWithClientInvalid7" time="0.0" />
  <testcase classname="com.topcoder.clients.manager.failuretests.TestDAOClientManagerFailure" name="testUpdateClientWithClientInvalid8" time="0.015" />
  <testcase classname="com.topcoder.clients.manager.failuretests.TestDAOClientManagerFailure" name="testDeleteClientWithClientInvalid1" time="0.016" />
  <testcase classname="com.topcoder.clients.manager.failuretests.TestDAOClientManagerFailure" name="testDeleteClientWithClientInvalid2" time="0.0" />
  <testcase classname="com.topcoder.clients.manager.failuretests.TestDAOClientManagerFailure" name="testDeleteClientWithClientInvalid3" time="0.0" />
  <testcase classname="com.topcoder.clients.manager.failuretests.TestDAOClientManagerFailure" name="testDeleteClientWithClientInvalid4" time="0.015" />
  <testcase classname="com.topcoder.clients.manager.failuretests.TestDAOClientManagerFailure" name="testDeleteClientWithClientInvalid5" time="0.0" />
  <testcase classname="com.topcoder.clients.manager.failuretests.TestDAOClientManagerFailure" name="testSetClientCodeNameWithInvalid1" time="0.0" />
  <testcase classname="com.topcoder.clients.manager.failuretests.TestDAOClientManagerFailure" name="testSetClientCodeNameWithInvalid2" time="0.016" />
  <testcase classname="com.topcoder.clients.manager.failuretests.TestDAOClientManagerFailure" name="testSetClientCodeNameWithInvalid3" time="0.0" />
  <testcase classname="com.topcoder.clients.manager.failuretests.TestDAOClientManagerFailure" name="testSetClientCodeNameWithInvalid4" time="0.0" />
  <testcase classname="com.topcoder.clients.manager.failuretests.TestDAOClientManagerFailure" name="testSetClientCodeNameWithInvalid5" time="0.016" />
  <testcase classname="com.topcoder.clients.manager.failuretests.TestDAOClientManagerFailure" name="testSetClientCodeNameWithInvalid6" time="0.0" />
  <testcase classname="com.topcoder.clients.manager.failuretests.TestDAOClientManagerFailure" name="testSetClientCodeNameWithInvalid7" time="0.0" />
  <testcase classname="com.topcoder.clients.manager.failuretests.TestDAOClientManagerFailure" name="testSetClientStatusWithInvalid1" time="0.015" />
  <testcase classname="com.topcoder.clients.manager.failuretests.TestDAOClientManagerFailure" name="testSetClientStatusWithInvalid2" time="0.0" />
  <testcase classname="com.topcoder.clients.manager.failuretests.TestDAOClientManagerFailure" name="testSetClientStatusWithInvalid3" time="0.0" />
  <testcase classname="com.topcoder.clients.manager.failuretests.TestDAOClientManagerFailure" name="testSetClientStatusWithInvalid4" time="0.0" />
  <testcase classname="com.topcoder.clients.manager.failuretests.TestDAOClientManagerFailure" name="testSetClientStatusWithInvalid5" time="0.016" />
  <testcase classname="com.topcoder.clients.manager.failuretests.TestDAOClientManagerFailure" name="testSetClientStatusWithInvalid6" time="0.0" />
  <testcase classname="com.topcoder.clients.manager.failuretests.TestDAOClientManagerFailure" name="testSetClientStatusWithInvalid7" time="0.0" />
  <testcase classname="com.topcoder.clients.manager.failuretests.TestDAOClientManagerFailure" name="testSetClientStatusWithInvalid8" time="0.016" />
  <testcase classname="com.topcoder.clients.manager.failuretests.TestDAOClientManagerFailure" name="testSetClientStatusWithInvalid9" time="0.0" />
  <testcase classname="com.topcoder.clients.manager.failuretests.TestDAOClientManagerFailure" name="testSetClientStatusWithInvalid10" time="0.0" />
  <testcase classname="com.topcoder.clients.manager.failuretests.TestDAOClientManagerFailure" name="testRetrieveClientWithInvalid1" time="0.0" />
  <testcase classname="com.topcoder.clients.manager.failuretests.TestDAOClientManagerFailure" name="testRetrieveClientWithInvalid2" time="0.0" />
  <testcase classname="com.topcoder.clients.manager.failuretests.TestDAOClientManagerFailure" name="testRetrieveClientWithInvalid3" time="0.0" />
  <testcase classname="com.topcoder.clients.manager.failuretests.TestDAOClientManagerFailure" name="testRetrieveClientWithInvalid4" time="0.0" />
  <testcase classname="com.topcoder.clients.manager.failuretests.TestDAOClientManagerFailure" name="testRetrieveAllClientsWithInvalid1" time="0.016" />
  <testcase classname="com.topcoder.clients.manager.failuretests.TestDAOClientManagerFailure" name="testRetrieveAllClientsWithInvalid2" time="0.0" />
  <testcase classname="com.topcoder.clients.manager.failuretests.TestDAOClientManagerFailure" name="testSearchClientsByNameWithInvalid1" time="0.0" />
  <testcase classname="com.topcoder.clients.manager.failuretests.TestDAOClientManagerFailure" name="testSearchClientsByNameWithInvalid2" time="0.015" />
  <testcase classname="com.topcoder.clients.manager.failuretests.TestDAOClientManagerFailure" name="testSearchClientsByNameWithInvalid3" time="0.0" />
  <testcase classname="com.topcoder.clients.manager.failuretests.TestDAOClientManagerFailure" name="testSearchClientsByNameWithInvalid4" time="0.0" />
  <testcase classname="com.topcoder.clients.manager.failuretests.TestDAOClientManagerFailure" name="testSearchClientsFailure1" time="0.016" />
  <testcase classname="com.topcoder.clients.manager.failuretests.TestDAOClientManagerFailure" name="testSearchClientsFailure2" time="0.0" />
  <testcase classname="com.topcoder.clients.manager.failuretests.TestDAOClientManagerFailure" name="testSearchClientsFailure3" time="0.0" />
  <testcase classname="com.topcoder.clients.manager.failuretests.TestDAOClientManagerFailure" name="testGetClientStatusFailure1" time="0.0" />
  <testcase classname="com.topcoder.clients.manager.failuretests.TestDAOClientManagerFailure" name="testGetClientStatusFailure2" time="0.016" />
  <testcase classname="com.topcoder.clients.manager.failuretests.TestDAOClientManagerFailure" name="testGetClientStatusFailure3" time="0.0" />
  <testcase classname="com.topcoder.clients.manager.failuretests.TestDAOClientManagerFailure" name="testGetClientStatusFailure4" time="0.0" />
  <testcase classname="com.topcoder.clients.manager.failuretests.TestDAOClientManagerFailure" name="testGetAllClientStatusesFailure1" time="0.015" />
  <testcase classname="com.topcoder.clients.manager.failuretests.TestDAOClientManagerFailure" name="testGetAllClientStatusesFailure2" time="0.032" />
  <testcase classname="com.topcoder.clients.manager.failuretests.TestDAOClientManagerFailure" name="testGetClientsForStatusFailure1" time="0.0" />
  <testcase classname="com.topcoder.clients.manager.failuretests.TestDAOClientManagerFailure" name="testGetClientsForStatusFailure2" time="0.0" />
  <testcase classname="com.topcoder.clients.manager.failuretests.TestDAOClientManagerFailure" name="testGetClientsForStatusFailure3" time="0.015" />
  <testcase classname="com.topcoder.clients.manager.failuretests.TestDAOClientManagerFailure" name="testGetClientsForStatusFailure4" time="0.0" />
  <testcase classname="com.topcoder.clients.manager.failuretests.TestDAOClientManagerFailure" name="testGetClientsForStatusFailure5" time="0.0" />
  <testcase classname="com.topcoder.clients.manager.failuretests.TestDAOClientManagerFailure" name="testGetClientsForStatusFailure6" time="0.0" />
  <testcase classname="com.topcoder.clients.manager.failuretests.TestDAOClientManagerFailure" name="testGetClientsForStatusFailure7" time="0.016" />
  <testcase classname="com.topcoder.clients.manager.failuretests.TestDAOClientManagerFailure" name="testGetClientsForStatusFailure8" time="0.0" />
  <testcase classname="com.topcoder.clients.manager.failuretests.TestDAOClientManagerFailure" name="testGetClientsForStatusFailure9" time="0.0" />
  <testcase classname="com.topcoder.clients.manager.failuretests.TestDAOClientManagerFailure" name="testCreateClientStatusFailure1" time="0.015" />
  <testcase classname="com.topcoder.clients.manager.failuretests.TestDAOClientManagerFailure" name="testCreateClientStatusFailure2" time="0.0" />
  <testcase classname="com.topcoder.clients.manager.failuretests.TestDAOClientManagerFailure" name="testCreateClientStatusFailure3" time="0.0" />
  <testcase classname="com.topcoder.clients.manager.failuretests.TestDAOClientManagerFailure" name="testCreateClientStatusFailure4" time="0.0" />
  <testcase classname="com.topcoder.clients.manager.failuretests.TestDAOClientManagerFailure" name="testCreateClientStatusFailure5" time="0.016" />
  <testcase classname="com.topcoder.clients.manager.failuretests.TestDAOClientManagerFailure" name="testCreateClientStatusFailure6" time="0.0" />
  <testcase classname="com.topcoder.clients.manager.failuretests.TestDAOClientManagerFailure" name="testCreateClientStatusFailure7" time="0.0" />
  <testcase classname="com.topcoder.clients.manager.failuretests.TestDAOClientManagerFailure" name="testCreateClientStatusFailure8" time="0.016" />
  <testcase classname="com.topcoder.clients.manager.failuretests.TestDAOClientManagerFailure" name="testUpdateClientStatusFailure1" time="0.0" />
  <testcase classname="com.topcoder.clients.manager.failuretests.TestDAOClientManagerFailure" name="testUpdateClientStatusFailure2" time="0.0" />
  <testcase classname="com.topcoder.clients.manager.failuretests.TestDAOClientManagerFailure" name="testUpdateClientStatusFailure3" time="0.0" />
  <testcase classname="com.topcoder.clients.manager.failuretests.TestDAOClientManagerFailure" name="testUpdateClientStatusFailure4" time="0.015" />
  <testcase classname="com.topcoder.clients.manager.failuretests.TestDAOClientManagerFailure" name="testUpdateClientStatusFailure5" time="0.032" />
  <testcase classname="com.topcoder.clients.manager.failuretests.TestDAOClientManagerFailure" name="testUpdateClientStatusFailure6" time="0.0" />
  <testcase classname="com.topcoder.clients.manager.failuretests.TestDAOClientManagerFailure" name="testUpdateClientStatusFailure7" time="0.015" />
  <testcase classname="com.topcoder.clients.manager.failuretests.TestDAOClientManagerFailure" name="testUpdateClientStatusFailure8" time="0.0" />
  <testcase classname="com.topcoder.clients.manager.failuretests.TestDAOClientManagerFailure" name="testUpdateClientStatusFailure9" time="0.0" />
  <testcase classname="com.topcoder.clients.manager.failuretests.TestDAOClientManagerFailure" name="testDeleteClientStatusFailure1" time="0.016" />
  <testcase classname="com.topcoder.clients.manager.failuretests.TestDAOClientManagerFailure" name="testDeleteClientStatusFailure2" time="0.0" />
  <testcase classname="com.topcoder.clients.manager.failuretests.TestDAOClientManagerFailure" name="testDeleteClientStatusFailure3" time="0.0" />
  <testcase classname="com.topcoder.clients.manager.failuretests.TestDAOClientManagerFailure" name="testDeleteClientStatusFailure4" time="0.0" />
  <testcase classname="com.topcoder.clients.manager.failuretests.TestDAOClientManagerFailure" name="testDeleteClientStatusFailure5" time="0.015" />
  <testcase classname="com.topcoder.clients.manager.failuretests.TestDAOCompanyManagerFailure" name="testDAOCompanyManagerConfigurationObjectFailure1" time="0.0" />
  <testcase classname="com.topcoder.clients.manager.failuretests.TestDAOCompanyManagerFailure" name="testDAOCompanyManagerConfigurationObjectFailure2" time="0.0" />
  <testcase classname="com.topcoder.clients.manager.failuretests.TestDAOCompanyManagerFailure" name="testDAOCompanyManagerConfigurationObjectFailure3" time="0.0" />
  <testcase classname="com.topcoder.clients.manager.failuretests.TestDAOCompanyManagerFailure" name="testDAOCompanyManagerConfigurationObjectFailure4" time="0.0" />
  <testcase classname="com.topcoder.clients.manager.failuretests.TestDAOCompanyManagerFailure" name="testDAOCompanyManagerConfigurationObjectFailure5" time="0.0" />
  <testcase classname="com.topcoder.clients.manager.failuretests.TestDAOCompanyManagerFailure" name="testDAOCompanyManagerConfigurationObjectFailure6" time="0.0" />
  <testcase classname="com.topcoder.clients.manager.failuretests.TestDAOCompanyManagerFailure" name="testCreateCompanyFailure1" time="0.0" />
  <testcase classname="com.topcoder.clients.manager.failuretests.TestDAOCompanyManagerFailure" name="testCreateCompanyFailure2" time="0.0" />
  <testcase classname="com.topcoder.clients.manager.failuretests.TestDAOCompanyManagerFailure" name="testCreateCompanyFailure3" time="0.0" />
  <testcase classname="com.topcoder.clients.manager.failuretests.TestDAOCompanyManagerFailure" name="testCreateCompanyFailure4" time="0.015" />
  <testcase classname="com.topcoder.clients.manager.failuretests.TestDAOCompanyManagerFailure" name="testCreateCompanyFailure5" time="0.0" />
  <testcase classname="com.topcoder.clients.manager.failuretests.TestDAOCompanyManagerFailure" name="testCreateCompanyFailure6" time="0.0" />
  <testcase classname="com.topcoder.clients.manager.failuretests.TestDAOCompanyManagerFailure" name="testUpdateCompanyFailure1" time="0.016" />
  <testcase classname="com.topcoder.clients.manager.failuretests.TestDAOCompanyManagerFailure" name="testUpdateCompanyFailure2" time="0.0" />
  <testcase classname="com.topcoder.clients.manager.failuretests.TestDAOCompanyManagerFailure" name="testUpdateCompanyFailure3" time="0.0" />
  <testcase classname="com.topcoder.clients.manager.failuretests.TestDAOCompanyManagerFailure" name="testUpdateCompanyFailure4" time="0.0" />
  <testcase classname="com.topcoder.clients.manager.failuretests.TestDAOCompanyManagerFailure" name="testUpdateCompanyFailure5" time="0.016" />
  <testcase classname="com.topcoder.clients.manager.failuretests.TestDAOCompanyManagerFailure" name="testUpdateCompanyFailure6" time="0.0" />
  <testcase classname="com.topcoder.clients.manager.failuretests.TestDAOCompanyManagerFailure" name="testUpdateCompanyFailure7" time="0.0" />
  <testcase classname="com.topcoder.clients.manager.failuretests.TestDAOCompanyManagerFailure" name="testUpdateCompanyFailure8" time="0.015" />
  <testcase classname="com.topcoder.clients.manager.failuretests.TestDAOCompanyManagerFailure" name="testDeleteCompanyFailure1" time="0.0" />
  <testcase classname="com.topcoder.clients.manager.failuretests.TestDAOCompanyManagerFailure" name="testDeleteCompanyFailure2" time="0.0" />
  <testcase classname="com.topcoder.clients.manager.failuretests.TestDAOCompanyManagerFailure" name="testDeleteCompanyFailure3" time="0.0" />
  <testcase classname="com.topcoder.clients.manager.failuretests.TestDAOCompanyManagerFailure" name="testDeleteCompanyFailure4" time="0.016" />
  <testcase classname="com.topcoder.clients.manager.failuretests.TestDAOCompanyManagerFailure" name="testDeleteCompanyFailure5" time="0.0" />
  <testcase classname="com.topcoder.clients.manager.failuretests.TestDAOCompanyManagerFailure" name="testRetrieveCompanyFailure1" time="0.0" />
  <testcase classname="com.topcoder.clients.manager.failuretests.TestDAOCompanyManagerFailure" name="testRetrieveCompanyFailure2" time="0.015" />
  <testcase classname="com.topcoder.clients.manager.failuretests.TestDAOCompanyManagerFailure" name="testRetrieveCompanyFailure3" time="0.0" />
  <testcase classname="com.topcoder.clients.manager.failuretests.TestDAOCompanyManagerFailure" name="testRetrieveCompanyFailure4" time="0.0" />
  <testcase classname="com.topcoder.clients.manager.failuretests.TestDAOCompanyManagerFailure" name="testSearchCompaniesByNameFailure1" time="0.0" />
  <testcase classname="com.topcoder.clients.manager.failuretests.TestDAOCompanyManagerFailure" name="testSearchCompaniesByNameFailure2" time="0.016" />
  <testcase classname="com.topcoder.clients.manager.failuretests.TestDAOCompanyManagerFailure" name="testSearchCompaniesByNameFailure3" time="0.0" />
  <testcase classname="com.topcoder.clients.manager.failuretests.TestDAOCompanyManagerFailure" name="testSearchCompaniesByNameFailure4" time="0.0" />
  <testcase classname="com.topcoder.clients.manager.failuretests.TestDAOCompanyManagerFailure" name="testSearchCompaniesFailure1" time="0.016" />
  <testcase classname="com.topcoder.clients.manager.failuretests.TestDAOCompanyManagerFailure" name="testSearchCompaniesFailure2" time="0.0" />
  <testcase classname="com.topcoder.clients.manager.failuretests.TestDAOCompanyManagerFailure" name="testSearchCompaniesFailure3" time="0.0" />
  <testcase classname="com.topcoder.clients.manager.failuretests.TestDAOCompanyManagerFailure" name="testGetClientsForCompanyFailure1" time="0.0" />
  <testcase classname="com.topcoder.clients.manager.failuretests.TestDAOCompanyManagerFailure" name="testGetClientsForCompanyFailure2" time="0.015" />
  <testcase classname="com.topcoder.clients.manager.failuretests.TestDAOCompanyManagerFailure" name="testGetClientsForCompanyFailure3" time="0.0" />
  <testcase classname="com.topcoder.clients.manager.failuretests.TestDAOCompanyManagerFailure" name="testGetClientsForCompanyFailure4" time="0.0" />
  <testcase classname="com.topcoder.clients.manager.failuretests.TestDAOCompanyManagerFailure" name="testGetProjectsForCompanyFailure1" time="0.0" />
  <testcase classname="com.topcoder.clients.manager.failuretests.TestDAOCompanyManagerFailure" name="testGetProjectsForCompanyFailure2" time="0.0" />
  <testcase classname="com.topcoder.clients.manager.failuretests.TestDAOCompanyManagerFailure" name="testGetProjectsForCompanyFailure3" time="0.0" />
  <testcase classname="com.topcoder.clients.manager.failuretests.TestDAOCompanyManagerFailure" name="testGetProjectsForCompanyFailure4" time="0.0" />
  <testcase classname="com.topcoder.clients.manager.failuretests.TestDAOProjectManagerFailure" name="testRetrieveProjectLong_1" time="0.016" />
  <testcase classname="com.topcoder.clients.manager.failuretests.TestDAOProjectManagerFailure" name="testRetrieveProjectLong_2" time="0.0" />
  <testcase classname="com.topcoder.clients.manager.failuretests.TestDAOProjectManagerFailure" name="testRetrieveProjectLongBoolean_2" time="0.0" />
  <testcase classname="com.topcoder.clients.manager.failuretests.TestDAOProjectManagerFailure" name="testRetrieveProjectsForClientClient_1" time="0.015" />
  <testcase classname="com.topcoder.clients.manager.failuretests.TestDAOProjectManagerFailure" name="testRetrieveProjectsForClientClient_2" time="0.0" />
  <testcase classname="com.topcoder.clients.manager.failuretests.TestDAOProjectManagerFailure" name="testRetrieveAllProjectsBoolean_1" time="0.0" />
  <testcase classname="com.topcoder.clients.manager.failuretests.TestDAOProjectManagerFailure" name="testRetrieveAllProjectsBoolean_2" time="0.0" />
  <testcase classname="com.topcoder.clients.manager.failuretests.TestDAOProjectManagerFailure" name="testSearchProjectsByName_1" time="0.016" />
  <testcase classname="com.topcoder.clients.manager.failuretests.TestDAOProjectManagerFailure" name="testSearchProjectsByName_2" time="0.0" />
  <testcase classname="com.topcoder.clients.manager.failuretests.TestDAOProjectManagerFailure" name="testGetProjectStatus_1" time="0.0" />
  <testcase classname="com.topcoder.clients.manager.failuretests.TestDAOProjectManagerFailure" name="testGetProjectStatus_2" time="0.015" />
  <testcase classname="com.topcoder.clients.manager.failuretests.TestDAOProjectManagerFailure" name="testRetrieveProjectLong_3" time="0.0" />
  <testcase classname="com.topcoder.clients.manager.failuretests.TestDAOProjectManagerFailure" name="testRetrieveProjectLongBoolean_1" time="0.0" />
  <testcase classname="com.topcoder.clients.manager.failuretests.TestDAOProjectManagerFailure" name="testRetrieveProjectLongBoolean_3" time="0.016" />
  <testcase classname="com.topcoder.clients.manager.failuretests.TestDAOProjectManagerFailure" name="testRetrieveProjectsForClientClient_3" time="0.0" />
  <testcase classname="com.topcoder.clients.manager.failuretests.TestDAOProjectManagerFailure" name="testRetrieveProjectsForClientClient_4" time="0.0" />
  <testcase classname="com.topcoder.clients.manager.failuretests.TestDAOProjectManagerFailure" name="testRetrieveProjectsForClientClientBoolean_1" time="0.016" />
  <testcase classname="com.topcoder.clients.manager.failuretests.TestDAOProjectManagerFailure" name="testRetrieveProjectsForClientClientBoolean_2" time="0.0" />
  <testcase classname="com.topcoder.clients.manager.failuretests.TestDAOProjectManagerFailure" name="testSetProjectStatus_1" time="0.0" />
  <testcase classname="com.topcoder.clients.manager.failuretests.TestDAOProjectManagerFailure" name="testSetProjectStatus_2" time="0.015" />
  <testcase classname="com.topcoder.clients.manager.failuretests.TestDAOProjectManagerFailure" name="testSetProjectStatus_4" time="0.0" />
  <testcase classname="com.topcoder.clients.manager.failuretests.TestDAOProjectManagerFailure" name="testSetProjectStatus_5" time="0.0" />
  <testcase classname="com.topcoder.clients.manager.failuretests.TestDAOProjectManagerFailure" name="testSetProjectStatus_6" time="0.016" />
  <testcase classname="com.topcoder.clients.manager.failuretests.TestDAOProjectManagerFailure" name="testSetProjectStatus_7" time="0.0" />
  <testcase classname="com.topcoder.clients.manager.failuretests.TestDAOProjectManagerFailure" name="testSetProjectStatus_8" time="0.0" />
  <testcase classname="com.topcoder.clients.manager.failuretests.TestDAOProjectManagerFailure" name="testSetProjectStatus_9" time="0.0" />
  <testcase classname="com.topcoder.clients.manager.failuretests.TestDAOProjectManagerFailure" name="testSetProjectStatus_10" time="0.016" />
  <testcase classname="com.topcoder.clients.manager.failuretests.TestDAOProjectManagerFailure" name="testSearchProjectsByName_3" time="0.0" />
  <testcase classname="com.topcoder.clients.manager.failuretests.TestDAOProjectManagerFailure" name="testSearchProjects_1" time="0.0" />
  <testcase classname="com.topcoder.clients.manager.failuretests.TestDAOProjectManagerFailure" name="testSearchProjects_2" time="0.015" />
  <testcase classname="com.topcoder.clients.manager.failuretests.TestDAOProjectManagerFailure" name="testSearchProjects_3" time="0.0" />
  <testcase classname="com.topcoder.clients.manager.failuretests.TestDAOProjectManagerFailure" name="testGetProjectStatus_3" time="0.0" />
  <testcase classname="com.topcoder.clients.manager.failuretests.TestDAOProjectManagerFailure" name="testGetAllProjectStatuses_1" time="0.0" />
  <testcase classname="com.topcoder.clients.manager.failuretests.TestDAOProjectManagerFailure" name="testGetAllProjectStatuses_2" time="0.0" />
  <testcase classname="com.topcoder.clients.manager.failuretests.TestDAOProjectManagerFailure" name="testGetProjectsForStatus_1" time="0.0" />
  <testcase classname="com.topcoder.clients.manager.failuretests.TestDAOProjectManagerFailure" name="testGetProjectsForStatus_2" time="0.0" />
  <testcase classname="com.topcoder.clients.manager.failuretests.TestDAOProjectManagerFailure" name="testGetProjectsForStatus_3" time="0.015" />
  <testcase classname="com.topcoder.clients.manager.failuretests.TestDAOProjectManagerFailure" name="testGetProjectsForStatus_4" time="0.0" />
  <testcase classname="com.topcoder.clients.manager.failuretests.TestDAOProjectManagerFailure" name="testDAOProjectManagerConfigurationObjectFailure1" time="0.0" />
  <testcase classname="com.topcoder.clients.manager.failuretests.TestDAOProjectManagerFailure" name="testDAOProjectManagerConfigurationObjectFailure2" time="0.0" />
  <testcase classname="com.topcoder.clients.manager.failuretests.TestDAOProjectManagerFailure" name="testDAOProjectManagerConfigurationObjectFailure3" time="0.0" />
  <testcase classname="com.topcoder.clients.manager.failuretests.TestDAOProjectManagerFailure" name="testDAOProjectManagerConfigurationObjectFailure4" time="0.0" />
  <testcase classname="com.topcoder.clients.manager.failuretests.TestDAOProjectManagerFailure" name="testDAOProjectManagerConfigurationObjectFailure5" time="0.0" />
  <testcase classname="com.topcoder.clients.manager.failuretests.TestDAOProjectManagerFailure" name="testDAOProjectManagerConfigurationObjectFailure6" time="0.016" />
  <testcase classname="com.topcoder.clients.manager.failuretests.TestDAOProjectManagerFailure" name="testCreateProjectFailure1" time="0.0" />
  <testcase classname="com.topcoder.clients.manager.failuretests.TestDAOProjectManagerFailure" name="testCreateProjectFailure2" time="0.0" />
  <testcase classname="com.topcoder.clients.manager.failuretests.TestDAOProjectManagerFailure" name="testCreateProjectFailure3" time="0.015" />
  <testcase classname="com.topcoder.clients.manager.failuretests.TestDAOProjectManagerFailure" name="testCreateProjectFailure4" time="0.0" />
  <testcase classname="com.topcoder.clients.manager.failuretests.TestDAOProjectManagerFailure" name="testCreateProjectFailure6" time="0.0" />
  <testcase classname="com.topcoder.clients.manager.failuretests.TestDAOProjectManagerFailure" name="testCreateProjectFailure7" time="0.016" />
  <testcase classname="com.topcoder.clients.manager.failuretests.TestDAOProjectManagerFailure" name="testCreateProjectFailure8" time="0.0" />
  <testcase classname="com.topcoder.clients.manager.failuretests.TestDAOProjectManagerFailure" name="testCreateProjectFailure9" time="0.0" />
  <testcase classname="com.topcoder.clients.manager.failuretests.TestDAOProjectManagerFailure" name="testUpdateProjectFailure1" time="0.016" />
  <testcase classname="com.topcoder.clients.manager.failuretests.TestDAOProjectManagerFailure" name="testUpdateProjectFailure2" time="0.0" />
  <testcase classname="com.topcoder.clients.manager.failuretests.TestDAOProjectManagerFailure" name="testUpdateProjectFailure3" time="0.0" />
  <testcase classname="com.topcoder.clients.manager.failuretests.TestDAOProjectManagerFailure" name="testUpdateProjectFailure4" time="0.0" />
  <testcase classname="com.topcoder.clients.manager.failuretests.TestDAOProjectManagerFailure" name="testUpdateProjectFailure5" time="0.015" />
  <testcase classname="com.topcoder.clients.manager.failuretests.TestDAOProjectManagerFailure" name="testUpdateProjectFailure6" time="0.0" />
  <testcase classname="com.topcoder.clients.manager.failuretests.TestDAOProjectManagerFailure" name="testUpdateProjectFailure7" time="0.0" />
  <testcase classname="com.topcoder.clients.manager.failuretests.TestDAOProjectManagerFailure" name="testUpdateProjectFailure8" time="0.0" />
  <testcase classname="com.topcoder.clients.manager.failuretests.TestDAOProjectManagerFailure" name="testUpdateProjectFailure9" time="0.016" />
  <testcase classname="com.topcoder.clients.manager.failuretests.TestDAOProjectManagerFailure" name="testUpdateProjectFailure10" time="0.0" />
  <testcase classname="com.topcoder.clients.manager.failuretests.TestDAOProjectManagerFailure" name="testUpdateProjectFailure11" time="0.015" />
  <testcase classname="com.topcoder.clients.manager.failuretests.TestDAOProjectManagerFailure" name="testDeleteProjectFailure1" time="0.0" />
  <testcase classname="com.topcoder.clients.manager.failuretests.TestDAOProjectManagerFailure" name="testDeleteProjectFailure2" time="0.0" />
  <testcase classname="com.topcoder.clients.manager.failuretests.TestDAOProjectManagerFailure" name="testDeleteProjectFailure3" time="0.0" />
  <testcase classname="com.topcoder.clients.manager.failuretests.TestDAOProjectManagerFailure" name="testDeleteProjectFailure4" time="0.016" />
  <testcase classname="com.topcoder.clients.manager.failuretests.TestDAOProjectManagerFailure" name="testDeleteProjectFailure5" time="0.0" />
  <testcase classname="com.topcoder.clients.manager.failuretests.TestDAOProjectManagerFailure" name="testCreateProjectStatusFailure1" time="0.0" />
  <testcase classname="com.topcoder.clients.manager.failuretests.TestDAOProjectManagerFailure" name="testCreateProjectStatusFailure2" time="0.016" />
  <testcase classname="com.topcoder.clients.manager.failuretests.TestDAOProjectManagerFailure" name="testCreateProjectStatusFailure4" time="0.0" />
  <testcase classname="com.topcoder.clients.manager.failuretests.TestDAOProjectManagerFailure" name="testCreateProjectStatusFailure3" time="0.0" />
  <testcase classname="com.topcoder.clients.manager.failuretests.TestDAOProjectManagerFailure" name="testCreateProjectStatusFailure5" time="0.0" />
  <testcase classname="com.topcoder.clients.manager.failuretests.TestDAOProjectManagerFailure" name="testCreateProjectStatusFailure6" time="0.015" />
  <testcase classname="com.topcoder.clients.manager.failuretests.TestDAOProjectManagerFailure" name="testCreateProjectStatusFailure7" time="0.25" />
  <testcase classname="com.topcoder.clients.manager.failuretests.TestDAOProjectManagerFailure" name="testCreateProjectStatusFailure8" time="0.031" />
  <testcase classname="com.topcoder.clients.manager.failuretests.TestDAOProjectManagerFailure" name="testUpdateProjectStatusFailure1" time="0.0" />
  <testcase classname="com.topcoder.clients.manager.failuretests.TestDAOProjectManagerFailure" name="testUpdateProjectStatusFailure2" time="0.0" />
  <testcase classname="com.topcoder.clients.manager.failuretests.TestDAOProjectManagerFailure" name="testUpdateProjectStatusFailure3" time="0.0" />
  <testcase classname="com.topcoder.clients.manager.failuretests.TestDAOProjectManagerFailure" name="testUpdateProjectStatusFailure4" time="0.0" />
  <testcase classname="com.topcoder.clients.manager.failuretests.TestDAOProjectManagerFailure" name="testUpdateProjectStatusFailure5" time="0.0" />
  <testcase classname="com.topcoder.clients.manager.failuretests.TestDAOProjectManagerFailure" name="testUpdateProjectStatusFailure6" time="0.0" />
  <testcase classname="com.topcoder.clients.manager.failuretests.TestDAOProjectManagerFailure" name="testUpdateProjectStatusFailure7" time="0.0" />
  <testcase classname="com.topcoder.clients.manager.failuretests.TestDAOProjectManagerFailure" name="testDeleteProjectStatusFailure1" time="0.016" />
  <testcase classname="com.topcoder.clients.manager.failuretests.TestDAOProjectManagerFailure" name="testDeleteProjectStatusFailure2" time="0.0" />
  <testcase classname="com.topcoder.clients.manager.failuretests.TestDAOProjectManagerFailure" name="testDeleteProjectStatusFailure3" time="0.0" />
  <testcase classname="com.topcoder.clients.manager.failuretests.TestDAOProjectManagerFailure" name="testDeleteProjectStatusFailure4" time="0.0" />
  <testcase classname="com.topcoder.clients.manager.failuretests.TestDAOProjectManagerFailure" name="testDeleteProjectStatusFailure5" time="0.015" />
  <testcase classname="com.topcoder.clients.manager.accuracytests.ClientManagerTests" name="testCtor1Accuracy" time="0.0" />
  <testcase classname="com.topcoder.clients.manager.accuracytests.ClientManagerTests" name="testCtor2Accuracy" time="0.0" />
  <testcase classname="com.topcoder.clients.manager.accuracytests.ClientManagerTests" name="testCreateClient" time="0.016" />
  <testcase classname="com.topcoder.clients.manager.accuracytests.ClientManagerTests" name="testFindAndUpdateClient" time="0.0" />
  <testcase classname="com.topcoder.clients.manager.accuracytests.ClientManagerTests" name="testDeleteClient" time="0.0" />
  <testcase classname="com.topcoder.clients.manager.accuracytests.ClientManagerTests" name="testRetrieveAllClients" time="0.016" />
  <testcase classname="com.topcoder.clients.manager.accuracytests.ClientManagerTests" name="testSearchClientsByName" time="0.0" />
  <testcase classname="com.topcoder.clients.manager.accuracytests.ClientManagerTests" name="testSearchClients" time="0.0" />
  <testcase classname="com.topcoder.clients.manager.accuracytests.ClientManagerTests" name="testGetClientsForStatus" time="0.0" />
  <testcase classname="com.topcoder.clients.manager.accuracytests.ClientManagerTests" name="testCreateClientStatus" time="0.015" />
  <testcase classname="com.topcoder.clients.manager.accuracytests.ClientManagerTests" name="testUpdateClientStatus" time="0.0" />
  <testcase classname="com.topcoder.clients.manager.accuracytests.ClientManagerTests" name="testDeleteClientStatus" time="0.0" />
  <testcase classname="com.topcoder.clients.manager.accuracytests.CompanyManagerTests" name="testRetrieveAllCompanies" time="0.016" />
  <testcase classname="com.topcoder.clients.manager.accuracytests.CompanyManagerTests" name="testCtor1Accuracy" time="0.0" />
  <testcase classname="com.topcoder.clients.manager.accuracytests.CompanyManagerTests" name="testCtor2Accuracy" time="0.0" />
  <testcase classname="com.topcoder.clients.manager.accuracytests.CompanyManagerTests" name="testCreateCompany" time="0.015" />
  <testcase classname="com.topcoder.clients.manager.accuracytests.CompanyManagerTests" name="testFindAndUpdateCompany" time="0.0" />
  <testcase classname="com.topcoder.clients.manager.accuracytests.CompanyManagerTests" name="testDeleteCompany" time="0.0" />
  <testcase classname="com.topcoder.clients.manager.accuracytests.CompanyManagerTests" name="testSearchCompaniesByName" time="0.0" />
  <testcase classname="com.topcoder.clients.manager.accuracytests.CompanyManagerTests" name="testSearchCompanys" time="0.016" />
  <testcase classname="com.topcoder.clients.manager.accuracytests.CompanyManagerTests" name="testGetClientsForCompany" time="0.0" />
  <testcase classname="com.topcoder.clients.manager.accuracytests.CompanyManagerTests" name="testGetProjectsForCompany" time="0.0" />
  <testcase classname="com.topcoder.clients.manager.accuracytests.ProjectManagerTests" name="testCreateProject" time="0.016" />
  <testcase classname="com.topcoder.clients.manager.accuracytests.ProjectManagerTests" name="testDeleteProject" time="0.0" />
  <testcase classname="com.topcoder.clients.manager.accuracytests.ProjectManagerTests" name="testRetrieveAllProjects" time="0.0" />
  <testcase classname="com.topcoder.clients.manager.accuracytests.ProjectManagerTests" name="testSearchProjects" time="0.015" />
  <testcase classname="com.topcoder.clients.manager.accuracytests.ProjectManagerTests" name="testGetProjectsForStatus" time="0.0" />
  <testcase classname="com.topcoder.clients.manager.accuracytests.ProjectManagerTests" name="testCreateProjectStatus" time="0.0" />
  <testcase classname="com.topcoder.clients.manager.accuracytests.ProjectManagerTests" name="testUpdateProjectStatus" time="0.016" />
  <testcase classname="com.topcoder.clients.manager.accuracytests.ProjectManagerTests" name="testDeleteProjectStatus" time="0.0" />
  <testcase classname="com.topcoder.clients.manager.accuracytests.ProjectManagerTests" name="testCtor1Accuracy" time="0.0" />
  <testcase classname="com.topcoder.clients.manager.accuracytests.ProjectManagerTests" name="testCtor2Accuracy" time="0.0" />
  <testcase classname="com.topcoder.clients.manager.accuracytests.ProjectManagerTests" name="testFindAndUpdateProject" time="0.016" />
  <testcase classname="com.topcoder.clients.manager.accuracytests.ProjectManagerTests" name="testRetrieveProjectsForClient" time="0.0" />
  <testcase classname="com.topcoder.clients.manager.accuracytests.ProjectManagerTests" name="testSearchProjectsByName" time="0.0" />
  <testcase classname="com.topcoder.clients.manager.stresstests.DAOClientManagerStressTest" name="testGetClientStatus" time="0.015" />
  <testcase classname="com.topcoder.clients.manager.stresstests.DAOClientManagerStressTest" name="testCreateClient" time="0.0" />
  <testcase classname="com.topcoder.clients.manager.stresstests.DAOClientManagerStressTest" name="testDeleteClient" time="0.0" />
  <testcase classname="com.topcoder.clients.manager.stresstests.DAOClientManagerStressTest" name="testRetrieveAllClients" time="0.016" />
  <testcase classname="com.topcoder.clients.manager.stresstests.DAOClientManagerStressTest" name="testSearchClientsByName" time="0.0" />
  <testcase classname="com.topcoder.clients.manager.stresstests.DAOClientManagerStressTest" name="testSearchClients" time="0.0" />
  <testcase classname="com.topcoder.clients.manager.stresstests.DAOClientManagerStressTest" name="testGetClientsForStatus" time="0.015" />
  <testcase classname="com.topcoder.clients.manager.stresstests.DAOClientManagerStressTest" name="testCreateClientStatus" time="0.235" />
  <testcase classname="com.topcoder.clients.manager.stresstests.DAOClientManagerStressTest" name="testUpdateClientStatus" time="0.0" />
  <testcase classname="com.topcoder.clients.manager.stresstests.DAOClientManagerStressTest" name="testDeleteClientStatus" time="0.0" />
  <testcase classname="com.topcoder.clients.manager.stresstests.DAOClientManagerStressTest" name="testUpdateClient" time="0.015" />
  <testcase classname="com.topcoder.clients.manager.stresstests.DAOClientManagerStressTest" name="testSetClientCodeName" time="0.0" />
  <testcase classname="com.topcoder.clients.manager.stresstests.DAOClientManagerStressTest" name="testSetClientStatus" time="0.016" />
  <testcase classname="com.topcoder.clients.manager.stresstests.DAOClientManagerStressTest" name="testRetrieveClient" time="0.0" />
  <testcase classname="com.topcoder.clients.manager.stresstests.DAOClientManagerStressTest" name="testGetAllClientStatuses" time="0.0" />
  <testcase classname="com.topcoder.clients.manager.stresstests.DAOCompanyManagerStressTest" name="testRetrieveAllCompanies" time="0.016" />
  <testcase classname="com.topcoder.clients.manager.stresstests.DAOCompanyManagerStressTest" name="testCreateCompany" time="0.0" />
  <testcase classname="com.topcoder.clients.manager.stresstests.DAOCompanyManagerStressTest" name="testDeleteCompany" time="0.0" />
  <testcase classname="com.topcoder.clients.manager.stresstests.DAOCompanyManagerStressTest" name="testSearchCompaniesByName" time="0.015" />
  <testcase classname="com.topcoder.clients.manager.stresstests.DAOCompanyManagerStressTest" name="testGetClientsForCompany" time="0.0" />
  <testcase classname="com.topcoder.clients.manager.stresstests.DAOCompanyManagerStressTest" name="testGetProjectsForCompany" time="0.0" />
  <testcase classname="com.topcoder.clients.manager.stresstests.DAOCompanyManagerStressTest" name="testUpdateCompany" time="0.016" />
  <testcase classname="com.topcoder.clients.manager.stresstests.DAOCompanyManagerStressTest" name="testRetrieveCompany" time="0.0" />
  <testcase classname="com.topcoder.clients.manager.stresstests.DAOCompanyManagerStressTest" name="testSearchCompanies" time="0.0" />
  <testcase classname="com.topcoder.clients.manager.stresstests.DAOProjectManagerStressTest" name="testGetProjectStatus" time="0.016" />
  <testcase classname="com.topcoder.clients.manager.stresstests.DAOProjectManagerStressTest" name="testCreateProject" time="0.218" />
  <testcase classname="com.topcoder.clients.manager.stresstests.DAOProjectManagerStressTest" name="testUpdateProject" time="0.0" />
  <testcase classname="com.topcoder.clients.manager.stresstests.DAOProjectManagerStressTest" name="testDeleteProject" time="0.0" />
  <testcase classname="com.topcoder.clients.manager.stresstests.DAOProjectManagerStressTest" name="testRetrieveProjectLongBoolean" time="0.016" />
  <testcase classname="com.topcoder.clients.manager.stresstests.DAOProjectManagerStressTest" name="testRetrieveProjectsForClientClientBoolean" time="0.0" />
  <testcase classname="com.topcoder.clients.manager.stresstests.DAOProjectManagerStressTest" name="testRetrieveAllProjects" time="0.016" />
  <testcase classname="com.topcoder.clients.manager.stresstests.DAOProjectManagerStressTest" name="testSetProjectStatus" time="0.0" />
  <testcase classname="com.topcoder.clients.manager.stresstests.DAOProjectManagerStressTest" name="testSearchProjects" time="0.0" />
  <testcase classname="com.topcoder.clients.manager.stresstests.DAOProjectManagerStressTest" name="testGetAllProjectStatuses" time="0.015" />
  <testcase classname="com.topcoder.clients.manager.stresstests.DAOProjectManagerStressTest" name="testGetProjectsForStatus" time="0.0" />
  <testcase classname="com.topcoder.clients.manager.stresstests.DAOProjectManagerStressTest" name="testCreateProjectStatus" time="0.0" />
  <testcase classname="com.topcoder.clients.manager.stresstests.DAOProjectManagerStressTest" name="testUpdateProjectStatus" time="0.016" />
  <testcase classname="com.topcoder.clients.manager.stresstests.DAOProjectManagerStressTest" name="testDeleteProjectStatus" time="0.0" />
  <testcase classname="com.topcoder.clients.manager.stresstests.DAOProjectManagerStressTest" name="testSearchProjectsByName" time="0.0" />
  <testcase classname="com.topcoder.clients.manager.stresstests.DAOProjectManagerStressTest" name="testRetrieveProjectLong" time="0.015" />
  <testcase classname="com.topcoder.clients.manager.stresstests.DAOProjectManagerStressTest" name="testRetrieveProjectsForClientClient" time="0.0" />
  <testcase classname="com.topcoder.clients.manager.stresstests.DAOProjectManagerStressTest" name="testRetrieveAllProjectsBoolean" time="0.016" />
  <system-out><![CDATA[[Entering method <com.topcoder.clients.manager.dao.DAOClientManager.createClient(Client client)>; Parameters:{ ParamName<client>; ParamValue: <null>  }  at 2008-08-29 23:58:58.187 ]
[Error occurred in method <com.topcoder.clients.manager.dao.DAOClientManager.createClient(Client client)>, cause by :
java.lang.IllegalArgumentException: The parameter 'client' should not be null.
	at com.topcoder.clients.manager.dao.Helper.checkNull(Helper.java:69)
	at com.topcoder.clients.manager.dao.Helper.validateClient(Helper.java:132)
	at com.topcoder.clients.manager.dao.DAOClientManager.createClient(DAOClientManager.java:259)
	at com.topcoder.clients.manager.dao.TestDAOClientManager.testCreateClient_Failure_1(TestDAOClientManager.java:596)
	at sun.reflect.NativeMethodAccessorImpl.invoke0(Native Method)
	at sun.reflect.NativeMethodAccessorImpl.invoke(NativeMethodAccessorImpl.java:39)
	at sun.reflect.DelegatingMethodAccessorImpl.invoke(DelegatingMethodAccessorImpl.java:25)
	at java.lang.reflect.Method.invoke(Method.java:585)
	at junit.framework.TestCase.runTest(TestCase.java:154)
	at junit.framework.TestCase.runBare(TestCase.java:127)
	at junit.framework.TestResult$1.protect(TestResult.java:106)
	at junit.framework.TestResult.runProtected(TestResult.java:124)
	at junit.framework.TestResult.run(TestResult.java:109)
	at junit.framework.TestCase.run(TestCase.java:118)
	at junit.framework.TestSuite.runTest(TestSuite.java:208)
	at junit.framework.TestSuite.run(TestSuite.java:203)
	at junit.framework.TestSuite.runTest(TestSuite.java:208)
	at junit.framework.TestSuite.run(TestSuite.java:203)
	at junit.framework.TestSuite.runTest(TestSuite.java:208)
	at junit.framework.TestSuite.run(TestSuite.java:203)
	at org.apache.tools.ant.taskdefs.optional.junit.JUnitTestRunner.run(JUnitTestRunner.java:421)
	at org.apache.tools.ant.taskdefs.optional.junit.JUnitTestRunner.launch(JUnitTestRunner.java:912)
	at org.apache.tools.ant.taskdefs.optional.junit.JUnitTestRunner.main(JUnitTestRunner.java:766)
[Entering method <com.topcoder.clients.manager.dao.DAOClientManager.createClient(Client client)>; Parameters:{ ParamName<client>; ParamValue: <[ id=0 name=name codeName=null salesTax=0.0 isDeleted=false company=null clientStatus=null]>  }  at 2008-08-29 23:58:58.187 ]
[Error occurred in method <com.topcoder.clients.manager.dao.DAOClientManager.createClient(Client client)>, cause by :
java.lang.IllegalArgumentException: The startDate of client must < endDate.
	at com.topcoder.clients.manager.dao.Helper.validateClient(Helper.java:144)
	at com.topcoder.clients.manager.dao.DAOClientManager.createClient(DAOClientManager.java:259)
	at com.topcoder.clients.manager.dao.TestDAOClientManager.testCreateClient_Failure_2(TestDAOClientManager.java:621)
	at sun.reflect.NativeMethodAccessorImpl.invoke0(Native Method)
	at sun.reflect.NativeMethodAccessorImpl.invoke(NativeMethodAccessorImpl.java:39)
	at sun.reflect.DelegatingMethodAccessorImpl.invoke(DelegatingMethodAccessorImpl.java:25)
	at java.lang.reflect.Method.invoke(Method.java:585)
	at junit.framework.TestCase.runTest(TestCase.java:154)
	at junit.framework.TestCase.runBare(TestCase.java:127)
	at junit.framework.TestResult$1.protect(TestResult.java:106)
	at junit.framework.TestResult.runProtected(TestResult.java:124)
	at junit.framework.TestResult.run(TestResult.java:109)
	at junit.framework.TestCase.run(TestCase.java:118)
	at junit.framework.TestSuite.runTest(TestSuite.java:208)
	at junit.framework.TestSuite.run(TestSuite.java:203)
	at junit.framework.TestSuite.runTest(TestSuite.java:208)
	at junit.framework.TestSuite.run(TestSuite.java:203)
	at junit.framework.TestSuite.runTest(TestSuite.java:208)
	at junit.framework.TestSuite.run(TestSuite.java:203)
	at org.apache.tools.ant.taskdefs.optional.junit.JUnitTestRunner.run(JUnitTestRunner.java:421)
	at org.apache.tools.ant.taskdefs.optional.junit.JUnitTestRunner.launch(JUnitTestRunner.java:912)
	at org.apache.tools.ant.taskdefs.optional.junit.JUnitTestRunner.main(JUnitTestRunner.java:766)
[Entering method <com.topcoder.clients.manager.dao.DAOClientManager.createClient(Client client)>; Parameters:{ ParamName<client>; ParamValue: <[ id=0 name=null codeName=null salesTax=0.0 isDeleted=false company=null clientStatus=null]>  }  at 2008-08-29 23:58:58.203 ]
[Error occurred in method <com.topcoder.clients.manager.dao.DAOClientManager.createClient(Client client)>, cause by :
java.lang.IllegalArgumentException: The Client should have a non-null and non-empty name.
	at com.topcoder.clients.manager.dao.Helper.validateClient(Helper.java:148)
	at com.topcoder.clients.manager.dao.DAOClientManager.createClient(DAOClientManager.java:259)
	at com.topcoder.clients.manager.dao.TestDAOClientManager.testCreateClient_Failure_3(TestDAOClientManager.java:646)
	at sun.reflect.NativeMethodAccessorImpl.invoke0(Native Method)
	at sun.reflect.NativeMethodAccessorImpl.invoke(NativeMethodAccessorImpl.java:39)
	at sun.reflect.DelegatingMethodAccessorImpl.invoke(DelegatingMethodAccessorImpl.java:25)
	at java.lang.reflect.Method.invoke(Method.java:585)
	at junit.framework.TestCase.runTest(TestCase.java:154)
	at junit.framework.TestCase.runBare(TestCase.java:127)
	at junit.framework.TestResult$1.protect(TestResult.java:106)
	at junit.framework.TestResult.runProtected(TestResult.java:124)
	at junit.framework.TestResult.run(TestResult.java:109)
	at junit.framework.TestCase.run(TestCase.java:118)
	at junit.framework.TestSuite.runTest(TestSuite.java:208)
	at junit.framework.TestSuite.run(TestSuite.java:203)
	at junit.framework.TestSuite.runTest(TestSuite.java:208)
	at junit.framework.TestSuite.run(TestSuite.java:203)
	at junit.framework.TestSuite.runTest(TestSuite.java:208)
	at junit.framework.TestSuite.run(TestSuite.java:203)
	at org.apache.tools.ant.taskdefs.optional.junit.JUnitTestRunner.run(JUnitTestRunner.java:421)
	at org.apache.tools.ant.taskdefs.optional.junit.JUnitTestRunner.launch(JUnitTestRunner.java:912)
	at org.apache.tools.ant.taskdefs.optional.junit.JUnitTestRunner.main(JUnitTestRunner.java:766)
[Entering method <com.topcoder.clients.manager.dao.DAOClientManager.createClient(Client client)>; Parameters:{ ParamName<client>; ParamValue: <[ id=0 name=   codeName=null salesTax=0.0 isDeleted=false company=null clientStatus=null]>  }  at 2008-08-29 23:58:58.203 ]
[Error occurred in method <com.topcoder.clients.manager.dao.DAOClientManager.createClient(Client client)>, cause by :
java.lang.IllegalArgumentException: The Client should have a non-null and non-empty name.
	at com.topcoder.clients.manager.dao.Helper.validateClient(Helper.java:148)
	at com.topcoder.clients.manager.dao.DAOClientManager.createClient(DAOClientManager.java:259)
	at com.topcoder.clients.manager.dao.TestDAOClientManager.testCreateClient_Failure_4(TestDAOClientManager.java:671)
	at sun.reflect.NativeMethodAccessorImpl.invoke0(Native Method)
	at sun.reflect.NativeMethodAccessorImpl.invoke(NativeMethodAccessorImpl.java:39)
	at sun.reflect.DelegatingMethodAccessorImpl.invoke(DelegatingMethodAccessorImpl.java:25)
	at java.lang.reflect.Method.invoke(Method.java:585)
	at junit.framework.TestCase.runTest(TestCase.java:154)
	at junit.framework.TestCase.runBare(TestCase.java:127)
	at junit.framework.TestResult$1.protect(TestResult.java:106)
	at junit.framework.TestResult.runProtected(TestResult.java:124)
	at junit.framework.TestResult.run(TestResult.java:109)
	at junit.framework.TestCase.run(TestCase.java:118)
	at junit.framework.TestSuite.runTest(TestSuite.java:208)
	at junit.framework.TestSuite.run(TestSuite.java:203)
	at junit.framework.TestSuite.runTest(TestSuite.java:208)
	at junit.framework.TestSuite.run(TestSuite.java:203)
	at junit.framework.TestSuite.runTest(TestSuite.java:208)
	at junit.framework.TestSuite.run(TestSuite.java:203)
	at org.apache.tools.ant.taskdefs.optional.junit.JUnitTestRunner.run(JUnitTestRunner.java:421)
	at org.apache.tools.ant.taskdefs.optional.junit.JUnitTestRunner.launch(JUnitTestRunner.java:912)
	at org.apache.tools.ant.taskdefs.optional.junit.JUnitTestRunner.main(JUnitTestRunner.java:766)
[Entering method <com.topcoder.clients.manager.dao.DAOClientManager.createClient(Client client)>; Parameters:{ ParamName<client>; ParamValue: <[ id=0 name=name codeName=null salesTax=0.0 isDeleted=true company=null clientStatus=null]>  }  at 2008-08-29 23:58:58.218 ]
[Error occurred in method <com.topcoder.clients.manager.dao.DAOClientManager.createClient(Client client)>, cause by :
java.lang.IllegalArgumentException: The client should not be deleted.
	at com.topcoder.clients.manager.dao.Helper.validateClient(Helper.java:152)
	at com.topcoder.clients.manager.dao.DAOClientManager.createClient(DAOClientManager.java:259)
	at com.topcoder.clients.manager.dao.TestDAOClientManager.testCreateClient_Failure_5(TestDAOClientManager.java:696)
	at sun.reflect.NativeMethodAccessorImpl.invoke0(Native Method)
	at sun.reflect.NativeMethodAccessorImpl.invoke(NativeMethodAccessorImpl.java:39)
	at sun.reflect.DelegatingMethodAccessorImpl.invoke(DelegatingMethodAccessorImpl.java:25)
	at java.lang.reflect.Method.invoke(Method.java:585)
	at junit.framework.TestCase.runTest(TestCase.java:154)
	at junit.framework.TestCase.runBare(TestCase.java:127)
	at junit.framework.TestResult$1.protect(TestResult.java:106)
	at junit.framework.TestResult.runProtected(TestResult.java:124)
	at junit.framework.TestResult.run(TestResult.java:109)
	at junit.framework.TestCase.run(TestCase.java:118)
	at junit.framework.TestSuite.runTest(TestSuite.java:208)
	at junit.framework.TestSuite.run(TestSuite.java:203)
	at junit.framework.TestSuite.runTest(TestSuite.java:208)
	at junit.framework.TestSuite.run(TestSuite.java:203)
	at junit.framework.TestSuite.runTest(TestSuite.java:208)
	at junit.framework.TestSuite.run(TestSuite.java:203)
	at org.apache.tools.ant.taskdefs.optional.junit.JUnitTestRunner.run(JUnitTestRunner.java:421)
	at org.apache.tools.ant.taskdefs.optional.junit.JUnitTestRunner.launch(JUnitTestRunner.java:912)
	at org.apache.tools.ant.taskdefs.optional.junit.JUnitTestRunner.main(JUnitTestRunner.java:766)
[Entering method <com.topcoder.clients.manager.dao.DAOClientManager.createClient(Client client)>; Parameters:{ ParamName<client>; ParamValue: <[ id=0 name=name codeName=null salesTax=0.0 isDeleted=false company=null clientStatus=null]>  }  at 2008-08-29 23:58:58.218 ]
[Error occurred in method <com.topcoder.clients.manager.dao.DAOClientManager.createClient(Client client)>, cause by :
java.lang.IllegalArgumentException: The startDate of client should be set.
	at com.topcoder.clients.manager.dao.Helper.validateClient(Helper.java:135)
	at com.topcoder.clients.manager.dao.DAOClientManager.createClient(DAOClientManager.java:259)
	at com.topcoder.clients.manager.dao.TestDAOClientManager.testCreateClient_Failure_5_2(TestDAOClientManager.java:721)
	at sun.reflect.NativeMethodAccessorImpl.invoke0(Native Method)
	at sun.reflect.NativeMethodAccessorImpl.invoke(NativeMethodAccessorImpl.java:39)
	at sun.reflect.DelegatingMethodAccessorImpl.invoke(DelegatingMethodAccessorImpl.java:25)
	at java.lang.reflect.Method.invoke(Method.java:585)
	at junit.framework.TestCase.runTest(TestCase.java:154)
	at junit.framework.TestCase.runBare(TestCase.java:127)
	at junit.framework.TestResult$1.protect(TestResult.java:106)
	at junit.framework.TestResult.runProtected(TestResult.java:124)
	at junit.framework.TestResult.run(TestResult.java:109)
	at junit.framework.TestCase.run(TestCase.java:118)
	at junit.framework.TestSuite.runTest(TestSuite.java:208)
	at junit.framework.TestSuite.run(TestSuite.java:203)
	at junit.framework.TestSuite.runTest(TestSuite.java:208)
	at junit.framework.TestSuite.run(TestSuite.java:203)
	at junit.framework.TestSuite.runTest(TestSuite.java:208)
	at junit.framework.TestSuite.run(TestSuite.java:203)
	at org.apache.tools.ant.taskdefs.optional.junit.JUnitTestRunner.run(JUnitTestRunner.java:421)
	at org.apache.tools.ant.taskdefs.optional.junit.JUnitTestRunner.launch(JUnitTestRunner.java:912)
	at org.apache.tools.ant.taskdefs.optional.junit.JUnitTestRunner.main(JUnitTestRunner.java:766)
[Entering method <com.topcoder.clients.manager.dao.DAOClientManager.createClient(Client client)>; Parameters:{ ParamName<client>; ParamValue: <[ id=0 name=name codeName=null salesTax=0.0 isDeleted=false company=null clientStatus=null]>  }  at 2008-08-29 23:58:58.234 ]
[Error occurred in method <com.topcoder.clients.manager.dao.DAOClientManager.createClient(Client client)>, cause by :
java.lang.IllegalArgumentException: The endDate of client should be set.
	at com.topcoder.clients.manager.dao.Helper.validateClient(Helper.java:139)
	at com.topcoder.clients.manager.dao.DAOClientManager.createClient(DAOClientManager.java:259)
	at com.topcoder.clients.manager.dao.TestDAOClientManager.testCreateClient_Failure_5_3(TestDAOClientManager.java:746)
	at sun.reflect.NativeMethodAccessorImpl.invoke0(Native Method)
	at sun.reflect.NativeMethodAccessorImpl.invoke(NativeMethodAccessorImpl.java:39)
	at sun.reflect.DelegatingMethodAccessorImpl.invoke(DelegatingMethodAccessorImpl.java:25)
	at java.lang.reflect.Method.invoke(Method.java:585)
	at junit.framework.TestCase.runTest(TestCase.java:154)
	at junit.framework.TestCase.runBare(TestCase.java:127)
	at junit.framework.TestResult$1.protect(TestResult.java:106)
	at junit.framework.TestResult.runProtected(TestResult.java:124)
	at junit.framework.TestResult.run(TestResult.java:109)
	at junit.framework.TestCase.run(TestCase.java:118)
	at junit.framework.TestSuite.runTest(TestSuite.java:208)
	at junit.framework.TestSuite.run(TestSuite.java:203)
	at junit.framework.TestSuite.runTest(TestSuite.java:208)
	at junit.framework.TestSuite.run(TestSuite.java:203)
	at junit.framework.TestSuite.runTest(TestSuite.java:208)
	at junit.framework.TestSuite.run(TestSuite.java:203)
	at org.apache.tools.ant.taskdefs.optional.junit.JUnitTestRunner.run(JUnitTestRunner.java:421)
	at org.apache.tools.ant.taskdefs.optional.junit.JUnitTestRunner.launch(JUnitTestRunner.java:912)
	at org.apache.tools.ant.taskdefs.optional.junit.JUnitTestRunner.main(JUnitTestRunner.java:766)
[Entering method <com.topcoder.clients.manager.dao.DAOClientManager.createClient(Client client)>; Parameters:{ ParamName<client>; ParamValue: <[ id=0 name=DAOException codeName=null salesTax=0.0 isDeleted=false company=null clientStatus=null]>  }  at 2008-08-29 23:58:58.234 ]
[Error occurred in method <com.topcoder.clients.manager.dao.DAOClientManager.createClient(Client client)>, cause by :
com.topcoder.clients.manager.ClientManagerException: Fail to create the client, cause by Throw for testing
	at com.topcoder.clients.manager.dao.DAOClientManager.wrapInnerException(DAOClientManager.java:305)
	at com.topcoder.clients.manager.dao.DAOClientManager.createClient(DAOClientManager.java:279)
	at com.topcoder.clients.manager.dao.TestDAOClientManager.testCreateClient_Failure_6(TestDAOClientManager.java:771)
	at sun.reflect.NativeMethodAccessorImpl.invoke0(Native Method)
	at sun.reflect.NativeMethodAccessorImpl.invoke(NativeMethodAccessorImpl.java:39)
	at sun.reflect.DelegatingMethodAccessorImpl.invoke(DelegatingMethodAccessorImpl.java:25)
	at java.lang.reflect.Method.invoke(Method.java:585)
	at junit.framework.TestCase.runTest(TestCase.java:154)
	at junit.framework.TestCase.runBare(TestCase.java:127)
	at junit.framework.TestResult$1.protect(TestResult.java:106)
	at junit.framework.TestResult.runProtected(TestResult.java:124)
	at junit.framework.TestResult.run(TestResult.java:109)
	at junit.framework.TestCase.run(TestCase.java:118)
	at junit.framework.TestSuite.runTest(TestSuite.java:208)
	at junit.framework.TestSuite.run(TestSuite.java:203)
	at junit.framework.TestSuite.runTest(TestSuite.java:208)
	at junit.framework.TestSuite.run(TestSuite.java:203)
	at junit.framework.TestSuite.runTest(TestSuite.java:208)
	at junit.framework.TestSuite.run(TestSuite.java:203)
	at org.apache.tools.ant.taskdefs.optional.junit.JUnitTestRunner.run(JUnitTestRunner.java:421)
	at org.apache.tools.ant.taskdefs.optional.junit.JUnitTestRunner.launch(JUnitTestRunner.java:912)
	at org.apache.tools.ant.taskdefs.optional.junit.JUnitTestRunner.main(JUnitTestRunner.java:766)
Caused by: com.topcoder.clients.dao.DAOException: Throw for testing
	at com.topcoder.clients.manager.MockClientDAO.save(MockClientDAO.java:183)
	at com.topcoder.clients.manager.dao.DAOClientManager.createClient(DAOClientManager.java:265)
	... 20 more
Caused by: java.lang.NullPointerException: NPE Raised 
	... 22 more
[Entering method <com.topcoder.clients.manager.dao.DAOClientManager.createClient(Client client)>; Parameters:{ ParamName<client>; ParamValue: <[ id=0 name=DAOConfigurationException codeName=null salesTax=0.0 isDeleted=false company=null clientStatus=null]>  }  at 2008-08-29 23:58:58.609 ]
[Error occurred in method <com.topcoder.clients.manager.dao.DAOClientManager.createClient(Client client)>, cause by :
com.topcoder.clients.manager.ClientManagerException: Fail to create the client, cause by Throw for testing
	at com.topcoder.clients.manager.dao.DAOClientManager.wrapInnerException(DAOClientManager.java:305)
	at com.topcoder.clients.manager.dao.DAOClientManager.createClient(DAOClientManager.java:277)
	at com.topcoder.clients.manager.dao.TestDAOClientManager.testCreateClient_Failure_7(TestDAOClientManager.java:796)
	at sun.reflect.NativeMethodAccessorImpl.invoke0(Native Method)
	at sun.reflect.NativeMethodAccessorImpl.invoke(NativeMethodAccessorImpl.java:39)
	at sun.reflect.DelegatingMethodAccessorImpl.invoke(DelegatingMethodAccessorImpl.java:25)
	at java.lang.reflect.Method.invoke(Method.java:585)
	at junit.framework.TestCase.runTest(TestCase.java:154)
	at junit.framework.TestCase.runBare(TestCase.java:127)
	at junit.framework.TestResult$1.protect(TestResult.java:106)
	at junit.framework.TestResult.runProtected(TestResult.java:124)
	at junit.framework.TestResult.run(TestResult.java:109)
	at junit.framework.TestCase.run(TestCase.java:118)
	at junit.framework.TestSuite.runTest(TestSuite.java:208)
	at junit.framework.TestSuite.run(TestSuite.java:203)
	at junit.framework.TestSuite.runTest(TestSuite.java:208)
	at junit.framework.TestSuite.run(TestSuite.java:203)
	at junit.framework.TestSuite.runTest(TestSuite.java:208)
	at junit.framework.TestSuite.run(TestSuite.java:203)
	at org.apache.tools.ant.taskdefs.optional.junit.JUnitTestRunner.run(JUnitTestRunner.java:421)
	at org.apache.tools.ant.taskdefs.optional.junit.JUnitTestRunner.launch(JUnitTestRunner.java:912)
	at org.apache.tools.ant.taskdefs.optional.junit.JUnitTestRunner.main(JUnitTestRunner.java:766)
Caused by: com.topcoder.clients.dao.DAOConfigurationException: Throw for testing
	at com.topcoder.clients.manager.MockClientDAO.save(MockClientDAO.java:187)
	at com.topcoder.clients.manager.dao.DAOClientManager.createClient(DAOClientManager.java:265)
	... 20 more
Caused by: java.lang.NullPointerException: NPE Raised 
	... 22 more
[Entering method <com.topcoder.clients.manager.dao.DAOClientManager.createClient(Client client)>; Parameters:{ ParamName<client>; ParamValue: <[ id=999 name=ClassCastException codeName=null salesTax=0.0 isDeleted=false company=null clientStatus=null]>  }  at 2008-08-29 23:58:58.609 ]
[Error occurred in method <com.topcoder.clients.manager.dao.DAOClientManager.createClient(Client client)>, cause by :
com.topcoder.clients.manager.ClientManagerException: Fail to create the client, cause by com.topcoder.clients.model.ClientStatus
	at com.topcoder.clients.manager.dao.DAOClientManager.wrapInnerException(DAOClientManager.java:305)
	at com.topcoder.clients.manager.dao.DAOClientManager.createClient(DAOClientManager.java:281)
	at com.topcoder.clients.manager.dao.TestDAOClientManager.testCreateClient_Failure_8(TestDAOClientManager.java:822)
	at sun.reflect.NativeMethodAccessorImpl.invoke0(Native Method)
	at sun.reflect.NativeMethodAccessorImpl.invoke(NativeMethodAccessorImpl.java:39)
	at sun.reflect.DelegatingMethodAccessorImpl.invoke(DelegatingMethodAccessorImpl.java:25)
	at java.lang.reflect.Method.invoke(Method.java:585)
	at junit.framework.TestCase.runTest(TestCase.java:154)
	at junit.framework.TestCase.runBare(TestCase.java:127)
	at junit.framework.TestResult$1.protect(TestResult.java:106)
	at junit.framework.TestResult.runProtected(TestResult.java:124)
	at junit.framework.TestResult.run(TestResult.java:109)
	at junit.framework.TestCase.run(TestCase.java:118)
	at junit.framework.TestSuite.runTest(TestSuite.java:208)
	at junit.framework.TestSuite.run(TestSuite.java:203)
	at junit.framework.TestSuite.runTest(TestSuite.java:208)
	at junit.framework.TestSuite.run(TestSuite.java:203)
	at junit.framework.TestSuite.runTest(TestSuite.java:208)
	at junit.framework.TestSuite.run(TestSuite.java:203)
	at org.apache.tools.ant.taskdefs.optional.junit.JUnitTestRunner.run(JUnitTestRunner.java:421)
	at org.apache.tools.ant.taskdefs.optional.junit.JUnitTestRunner.launch(JUnitTestRunner.java:912)
	at org.apache.tools.ant.taskdefs.optional.junit.JUnitTestRunner.main(JUnitTestRunner.java:766)
Caused by: java.lang.ClassCastException: com.topcoder.clients.model.ClientStatus
	at com.topcoder.clients.manager.dao.DAOClientManager.createClient(DAOClientManager.java:265)
	... 20 more
[Entering method <com.topcoder.clients.manager.dao.DAOClientManager.createClient(Client client)>; Parameters:{ ParamName<client>; ParamValue: <[ id=0 name=ok codeName=null salesTax=0.0 isDeleted=false company=null clientStatus=null]>  }  at 2008-08-29 23:58:58.625 ]
[Exiting method <com.topcoder.clients.manager.dao.DAOClientManager.createClient(Client client)>; Return value:<[ id=64 name=ok codeName=null salesTax=0.0 isDeleted=false company=null clientStatus=null]>]  at 2008-08-29 23:58:58.625
[Entering method <com.topcoder.clients.manager.dao.DAOClientManager.updateClient(Client client)>; Parameters:{ ParamName<client>; ParamValue: <null>  }  at 2008-08-29 23:58:58.625 ]
[Error occurred in method <com.topcoder.clients.manager.dao.DAOClientManager.updateClient(Client client)>, cause by :
java.lang.IllegalArgumentException: The parameter 'client' should not be null.
	at com.topcoder.clients.manager.dao.Helper.checkNull(Helper.java:69)
	at com.topcoder.clients.manager.dao.Helper.validateClient(Helper.java:132)
	at com.topcoder.clients.manager.dao.DAOClientManager.updateClient(DAOClientManager.java:338)
	at com.topcoder.clients.manager.dao.TestDAOClientManager.testUpdateClient_Failure_1(TestDAOClientManager.java:861)
	at sun.reflect.NativeMethodAccessorImpl.invoke0(Native Method)
	at sun.reflect.NativeMethodAccessorImpl.invoke(NativeMethodAccessorImpl.java:39)
	at sun.reflect.DelegatingMethodAccessorImpl.invoke(DelegatingMethodAccessorImpl.java:25)
	at java.lang.reflect.Method.invoke(Method.java:585)
	at junit.framework.TestCase.runTest(TestCase.java:154)
	at junit.framework.TestCase.runBare(TestCase.java:127)
	at junit.framework.TestResult$1.protect(TestResult.java:106)
	at junit.framework.TestResult.runProtected(TestResult.java:124)
	at junit.framework.TestResult.run(TestResult.java:109)
	at junit.framework.TestCase.run(TestCase.java:118)
	at junit.framework.TestSuite.runTest(TestSuite.java:208)
	at junit.framework.TestSuite.run(TestSuite.java:203)
	at junit.framework.TestSuite.runTest(TestSuite.java:208)
	at junit.framework.TestSuite.run(TestSuite.java:203)
	at junit.framework.TestSuite.runTest(TestSuite.java:208)
	at junit.framework.TestSuite.run(TestSuite.java:203)
	at org.apache.tools.ant.taskdefs.optional.junit.JUnitTestRunner.run(JUnitTestRunner.java:421)
	at org.apache.tools.ant.taskdefs.optional.junit.JUnitTestRunner.launch(JUnitTestRunner.java:912)
	at org.apache.tools.ant.taskdefs.optional.junit.JUnitTestRunner.main(JUnitTestRunner.java:766)
[Entering method <com.topcoder.clients.manager.dao.DAOClientManager.updateClient(Client client)>; Parameters:{ ParamName<client>; ParamValue: <[ id=0 name=name codeName=null salesTax=0.0 isDeleted=false company=null clientStatus=null]>  }  at 2008-08-29 23:58:58.640 ]
[Error occurred in method <com.topcoder.clients.manager.dao.DAOClientManager.updateClient(Client client)>, cause by :
java.lang.IllegalArgumentException: The startDate of client must < endDate.
	at com.topcoder.clients.manager.dao.Helper.validateClient(Helper.java:144)
	at com.topcoder.clients.manager.dao.DAOClientManager.updateClient(DAOClientManager.java:338)
	at com.topcoder.clients.manager.dao.TestDAOClientManager.testUpdateClient_Failure_2(TestDAOClientManager.java:886)
	at sun.reflect.NativeMethodAccessorImpl.invoke0(Native Method)
	at sun.reflect.NativeMethodAccessorImpl.invoke(NativeMethodAccessorImpl.java:39)
	at sun.reflect.DelegatingMethodAccessorImpl.invoke(DelegatingMethodAccessorImpl.java:25)
	at java.lang.reflect.Method.invoke(Method.java:585)
	at junit.framework.TestCase.runTest(TestCase.java:154)
	at junit.framework.TestCase.runBare(TestCase.java:127)
	at junit.framework.TestResult$1.protect(TestResult.java:106)
	at junit.framework.TestResult.runProtected(TestResult.java:124)
	at junit.framework.TestResult.run(TestResult.java:109)
	at junit.framework.TestCase.run(TestCase.java:118)
	at junit.framework.TestSuite.runTest(TestSuite.java:208)
	at junit.framework.TestSuite.run(TestSuite.java:203)
	at junit.framework.TestSuite.runTest(TestSuite.java:208)
	at junit.framework.TestSuite.run(TestSuite.java:203)
	at junit.framework.TestSuite.runTest(TestSuite.java:208)
	at junit.framework.TestSuite.run(TestSuite.java:203)
	at org.apache.tools.ant.taskdefs.optional.junit.JUnitTestRunner.run(JUnitTestRunner.java:421)
	at org.apache.tools.ant.taskdefs.optional.junit.JUnitTestRunner.launch(JUnitTestRunner.java:912)
	at org.apache.tools.ant.taskdefs.optional.junit.JUnitTestRunner.main(JUnitTestRunner.java:766)
[Entering method <com.topcoder.clients.manager.dao.DAOClientManager.updateClient(Client client)>; Parameters:{ ParamName<client>; ParamValue: <[ id=0 name=   codeName=null salesTax=0.0 isDeleted=false company=null clientStatus=null]>  }  at 2008-08-29 23:58:58.640 ]
[Error occurred in method <com.topcoder.clients.manager.dao.DAOClientManager.updateClient(Client client)>, cause by :
java.lang.IllegalArgumentException: The Client should have a non-null and non-empty name.
	at com.topcoder.clients.manager.dao.Helper.validateClient(Helper.java:148)
	at com.topcoder.clients.manager.dao.DAOClientManager.updateClient(DAOClientManager.java:338)
	at com.topcoder.clients.manager.dao.TestDAOClientManager.testUpdateClient_Failure_3(TestDAOClientManager.java:911)
	at sun.reflect.NativeMethodAccessorImpl.invoke0(Native Method)
	at sun.reflect.NativeMethodAccessorImpl.invoke(NativeMethodAccessorImpl.java:39)
	at sun.reflect.DelegatingMethodAccessorImpl.invoke(DelegatingMethodAccessorImpl.java:25)
	at java.lang.reflect.Method.invoke(Method.java:585)
	at junit.framework.TestCase.runTest(TestCase.java:154)
	at junit.framework.TestCase.runBare(TestCase.java:127)
	at junit.framework.TestResult$1.protect(TestResult.java:106)
	at junit.framework.TestResult.runProtected(TestResult.java:124)
	at junit.framework.TestResult.run(TestResult.java:109)
	at junit.framework.TestCase.run(TestCase.java:118)
	at junit.framework.TestSuite.runTest(TestSuite.java:208)
	at junit.framework.TestSuite.run(TestSuite.java:203)
	at junit.framework.TestSuite.runTest(TestSuite.java:208)
	at junit.framework.TestSuite.run(TestSuite.java:203)
	at junit.framework.TestSuite.runTest(TestSuite.java:208)
	at junit.framework.TestSuite.run(TestSuite.java:203)
	at org.apache.tools.ant.taskdefs.optional.junit.JUnitTestRunner.run(JUnitTestRunner.java:421)
	at org.apache.tools.ant.taskdefs.optional.junit.JUnitTestRunner.launch(JUnitTestRunner.java:912)
	at org.apache.tools.ant.taskdefs.optional.junit.JUnitTestRunner.main(JUnitTestRunner.java:766)
[Entering method <com.topcoder.clients.manager.dao.DAOClientManager.updateClient(Client client)>; Parameters:{ ParamName<client>; ParamValue: <[ id=0 name=name codeName=null salesTax=0.0 isDeleted=true company=null clientStatus=null]>  }  at 2008-08-29 23:58:58.656 ]
[Error occurred in method <com.topcoder.clients.manager.dao.DAOClientManager.updateClient(Client client)>, cause by :
java.lang.IllegalArgumentException: The client should not be deleted.
	at com.topcoder.clients.manager.dao.Helper.validateClient(Helper.java:152)
	at com.topcoder.clients.manager.dao.DAOClientManager.updateClient(DAOClientManager.java:338)
	at com.topcoder.clients.manager.dao.TestDAOClientManager.testUpdateClient_Failure_4(TestDAOClientManager.java:936)
	at sun.reflect.NativeMethodAccessorImpl.invoke0(Native Method)
	at sun.reflect.NativeMethodAccessorImpl.invoke(NativeMethodAccessorImpl.java:39)
	at sun.reflect.DelegatingMethodAccessorImpl.invoke(DelegatingMethodAccessorImpl.java:25)
	at java.lang.reflect.Method.invoke(Method.java:585)
	at junit.framework.TestCase.runTest(TestCase.java:154)
	at junit.framework.TestCase.runBare(TestCase.java:127)
	at junit.framework.TestResult$1.protect(TestResult.java:106)
	at junit.framework.TestResult.runProtected(TestResult.java:124)
	at junit.framework.TestResult.run(TestResult.java:109)
	at junit.framework.TestCase.run(TestCase.java:118)
	at junit.framework.TestSuite.runTest(TestSuite.java:208)
	at junit.framework.TestSuite.run(TestSuite.java:203)
	at junit.framework.TestSuite.runTest(TestSuite.java:208)
	at junit.framework.TestSuite.run(TestSuite.java:203)
	at junit.framework.TestSuite.runTest(TestSuite.java:208)
	at junit.framework.TestSuite.run(TestSuite.java:203)
	at org.apache.tools.ant.taskdefs.optional.junit.JUnitTestRunner.run(JUnitTestRunner.java:421)
	at org.apache.tools.ant.taskdefs.optional.junit.JUnitTestRunner.launch(JUnitTestRunner.java:912)
	at org.apache.tools.ant.taskdefs.optional.junit.JUnitTestRunner.main(JUnitTestRunner.java:766)
[Entering method <com.topcoder.clients.manager.dao.DAOClientManager.updateClient(Client client)>; Parameters:{ ParamName<client>; ParamValue: <[ id=1 name=DAOConfigurationException codeName=null salesTax=0.0 isDeleted=false company=null clientStatus=null]>  }  at 2008-08-29 23:58:58.656 ]
[Error occurred in method <com.topcoder.clients.manager.dao.DAOClientManager.updateClient(Client client)>, cause by :
com.topcoder.clients.manager.ClientManagerException: Fail to update the client, cause by Throw for testing
	at com.topcoder.clients.manager.dao.DAOClientManager.wrapInnerException(DAOClientManager.java:305)
	at com.topcoder.clients.manager.dao.DAOClientManager.updateClient(DAOClientManager.java:353)
	at com.topcoder.clients.manager.dao.TestDAOClientManager.testUpdateClient_Failure_5(TestDAOClientManager.java:962)
	at sun.reflect.NativeMethodAccessorImpl.invoke0(Native Method)
	at sun.reflect.NativeMethodAccessorImpl.invoke(NativeMethodAccessorImpl.java:39)
	at sun.reflect.DelegatingMethodAccessorImpl.invoke(DelegatingMethodAccessorImpl.java:25)
	at java.lang.reflect.Method.invoke(Method.java:585)
	at junit.framework.TestCase.runTest(TestCase.java:154)
	at junit.framework.TestCase.runBare(TestCase.java:127)
	at junit.framework.TestResult$1.protect(TestResult.java:106)
	at junit.framework.TestResult.runProtected(TestResult.java:124)
	at junit.framework.TestResult.run(TestResult.java:109)
	at junit.framework.TestCase.run(TestCase.java:118)
	at junit.framework.TestSuite.runTest(TestSuite.java:208)
	at junit.framework.TestSuite.run(TestSuite.java:203)
	at junit.framework.TestSuite.runTest(TestSuite.java:208)
	at junit.framework.TestSuite.run(TestSuite.java:203)
	at junit.framework.TestSuite.runTest(TestSuite.java:208)
	at junit.framework.TestSuite.run(TestSuite.java:203)
	at org.apache.tools.ant.taskdefs.optional.junit.JUnitTestRunner.run(JUnitTestRunner.java:421)
	at org.apache.tools.ant.taskdefs.optional.junit.JUnitTestRunner.launch(JUnitTestRunner.java:912)
	at org.apache.tools.ant.taskdefs.optional.junit.JUnitTestRunner.main(JUnitTestRunner.java:766)
Caused by: com.topcoder.clients.dao.DAOConfigurationException: Throw for testing
	at com.topcoder.clients.manager.MockClientDAO.save(MockClientDAO.java:187)
	at com.topcoder.clients.manager.dao.DAOClientManager.updateClient(DAOClientManager.java:344)
	... 20 more
Caused by: java.lang.NullPointerException: NPE Raised 
	... 22 more
[Entering method <com.topcoder.clients.manager.dao.DAOClientManager.updateClient(Client client)>; Parameters:{ ParamName<client>; ParamValue: <[ id=1001 name=DAOConfigurationException codeName=null salesTax=0.0 isDeleted=false company=null clientStatus=null]>  }  at 2008-08-29 23:58:58.656 ]
[Error occurred in method <com.topcoder.clients.manager.dao.DAOClientManager.updateClient(Client client)>, cause by :
com.topcoder.clients.manager.ClientManagerException: Fail to update the client, cause by Throw for testing
	at com.topcoder.clients.manager.dao.DAOClientManager.wrapInnerException(DAOClientManager.java:305)
	at com.topcoder.clients.manager.dao.DAOClientManager.updateClient(DAOClientManager.java:353)
	at com.topcoder.clients.manager.dao.TestDAOClientManager.testUpdateClient_Failure_5_2(TestDAOClientManager.java:988)
	at sun.reflect.NativeMethodAccessorImpl.invoke0(Native Method)
	at sun.reflect.NativeMethodAccessorImpl.invoke(NativeMethodAccessorImpl.java:39)
	at sun.reflect.DelegatingMethodAccessorImpl.invoke(DelegatingMethodAccessorImpl.java:25)
	at java.lang.reflect.Method.invoke(Method.java:585)
	at junit.framework.TestCase.runTest(TestCase.java:154)
	at junit.framework.TestCase.runBare(TestCase.java:127)
	at junit.framework.TestResult$1.protect(TestResult.java:106)
	at junit.framework.TestResult.runProtected(TestResult.java:124)
	at junit.framework.TestResult.run(TestResult.java:109)
	at junit.framework.TestCase.run(TestCase.java:118)
	at junit.framework.TestSuite.runTest(TestSuite.java:208)
	at junit.framework.TestSuite.run(TestSuite.java:203)
	at junit.framework.TestSuite.runTest(TestSuite.java:208)
	at junit.framework.TestSuite.run(TestSuite.java:203)
	at junit.framework.TestSuite.runTest(TestSuite.java:208)
	at junit.framework.TestSuite.run(TestSuite.java:203)
	at org.apache.tools.ant.taskdefs.optional.junit.JUnitTestRunner.run(JUnitTestRunner.java:421)
	at org.apache.tools.ant.taskdefs.optional.junit.JUnitTestRunner.launch(JUnitTestRunner.java:912)
	at org.apache.tools.ant.taskdefs.optional.junit.JUnitTestRunner.main(JUnitTestRunner.java:766)
Caused by: com.topcoder.clients.dao.DAOConfigurationException: Throw for testing
	at com.topcoder.clients.manager.MockClientDAO.retrieveById(MockClientDAO.java:84)
	at com.topcoder.clients.manager.dao.DAOClientManager.checkClientExisted(DAOClientManager.java:378)
	at com.topcoder.clients.manager.dao.DAOClientManager.updateClient(DAOClientManager.java:341)
	... 20 more
Caused by: java.lang.NullPointerException: NPE Raised 
	... 23 more
[Entering method <com.topcoder.clients.manager.dao.DAOClientManager.updateClient(Client client)>; Parameters:{ ParamName<client>; ParamValue: <[ id=1 name=DAOException codeName=null salesTax=0.0 isDeleted=false company=null clientStatus=null]>  }  at 2008-08-29 23:58:58.671 ]
[Error occurred in method <com.topcoder.clients.manager.dao.DAOClientManager.updateClient(Client client)>, cause by :
com.topcoder.clients.manager.ClientManagerException: Fail to update the client, cause by Throw for testing
	at com.topcoder.clients.manager.dao.DAOClientManager.wrapInnerException(DAOClientManager.java:305)
	at com.topcoder.clients.manager.dao.DAOClientManager.updateClient(DAOClientManager.java:355)
	at com.topcoder.clients.manager.dao.TestDAOClientManager.testUpdateClient_Failure_6(TestDAOClientManager.java:1014)
	at sun.reflect.NativeMethodAccessorImpl.invoke0(Native Method)
	at sun.reflect.NativeMethodAccessorImpl.invoke(NativeMethodAccessorImpl.java:39)
	at sun.reflect.DelegatingMethodAccessorImpl.invoke(DelegatingMethodAccessorImpl.java:25)
	at java.lang.reflect.Method.invoke(Method.java:585)
	at junit.framework.TestCase.runTest(TestCase.java:154)
	at junit.framework.TestCase.runBare(TestCase.java:127)
	at junit.framework.TestResult$1.protect(TestResult.java:106)
	at junit.framework.TestResult.runProtected(TestResult.java:124)
	at junit.framework.TestResult.run(TestResult.java:109)
	at junit.framework.TestCase.run(TestCase.java:118)
	at junit.framework.TestSuite.runTest(TestSuite.java:208)
	at junit.framework.TestSuite.run(TestSuite.java:203)
	at junit.framework.TestSuite.runTest(TestSuite.java:208)
	at junit.framework.TestSuite.run(TestSuite.java:203)
	at junit.framework.TestSuite.runTest(TestSuite.java:208)
	at junit.framework.TestSuite.run(TestSuite.java:203)
	at org.apache.tools.ant.taskdefs.optional.junit.JUnitTestRunner.run(JUnitTestRunner.java:421)
	at org.apache.tools.ant.taskdefs.optional.junit.JUnitTestRunner.launch(JUnitTestRunner.java:912)
	at org.apache.tools.ant.taskdefs.optional.junit.JUnitTestRunner.main(JUnitTestRunner.java:766)
Caused by: com.topcoder.clients.dao.DAOException: Throw for testing
	at com.topcoder.clients.manager.MockClientDAO.save(MockClientDAO.java:183)
	at com.topcoder.clients.manager.dao.DAOClientManager.updateClient(DAOClientManager.java:344)
	... 20 more
Caused by: java.lang.NullPointerException: NPE Raised 
	... 22 more
[Entering method <com.topcoder.clients.manager.dao.DAOClientManager.updateClient(Client client)>; Parameters:{ ParamName<client>; ParamValue: <[ id=10001 name=DAOException codeName=null salesTax=0.0 isDeleted=false company=null clientStatus=null]>  }  at 2008-08-29 23:58:58.671 ]
[Error occurred in method <com.topcoder.clients.manager.dao.DAOClientManager.updateClient(Client client)>, cause by :
com.topcoder.clients.manager.ClientManagerException: Fail to update the client, cause by Throw for testing
	at com.topcoder.clients.manager.dao.DAOClientManager.wrapInnerException(DAOClientManager.java:305)
	at com.topcoder.clients.manager.dao.DAOClientManager.updateClient(DAOClientManager.java:355)
	at com.topcoder.clients.manager.dao.TestDAOClientManager.testUpdateClient_Failure_6_2(TestDAOClientManager.java:1039)
	at sun.reflect.NativeMethodAccessorImpl.invoke0(Native Method)
	at sun.reflect.NativeMethodAccessorImpl.invoke(NativeMethodAccessorImpl.java:39)
	at sun.reflect.DelegatingMethodAccessorImpl.invoke(DelegatingMethodAccessorImpl.java:25)
	at java.lang.reflect.Method.invoke(Method.java:585)
	at junit.framework.TestCase.runTest(TestCase.java:154)
	at junit.framework.TestCase.runBare(TestCase.java:127)
	at junit.framework.TestResult$1.protect(TestResult.java:106)
	at junit.framework.TestResult.runProtected(TestResult.java:124)
	at junit.framework.TestResult.run(TestResult.java:109)
	at junit.framework.TestCase.run(TestCase.java:118)
	at junit.framework.TestSuite.runTest(TestSuite.java:208)
	at junit.framework.TestSuite.run(TestSuite.java:203)
	at junit.framework.TestSuite.runTest(TestSuite.java:208)
	at junit.framework.TestSuite.run(TestSuite.java:203)
	at junit.framework.TestSuite.runTest(TestSuite.java:208)
	at junit.framework.TestSuite.run(TestSuite.java:203)
	at org.apache.tools.ant.taskdefs.optional.junit.JUnitTestRunner.run(JUnitTestRunner.java:421)
	at org.apache.tools.ant.taskdefs.optional.junit.JUnitTestRunner.launch(JUnitTestRunner.java:912)
	at org.apache.tools.ant.taskdefs.optional.junit.JUnitTestRunner.main(JUnitTestRunner.java:766)
Caused by: com.topcoder.clients.dao.DAOException: Throw for testing
	at com.topcoder.clients.manager.MockClientDAO.retrieveById(MockClientDAO.java:88)
	at com.topcoder.clients.manager.dao.DAOClientManager.checkClientExisted(DAOClientManager.java:378)
	at com.topcoder.clients.manager.dao.DAOClientManager.updateClient(DAOClientManager.java:341)
	... 20 more
Caused by: java.lang.NullPointerException: NPE Raised 
	... 23 more
[Entering method <com.topcoder.clients.manager.dao.DAOClientManager.updateClient(Client client)>; Parameters:{ ParamName<client>; ParamValue: <[ id=2 name=DAOException codeName=null salesTax=0.0 isDeleted=false company=null clientStatus=null]>  }  at 2008-08-29 23:58:58.687 ]
[Error occurred in method <com.topcoder.clients.manager.dao.DAOClientManager.updateClient(Client client)>, cause by :
com.topcoder.clients.manager.ClientEntityNotFoundException: The client entity does not exist in persistence with id=2
	at com.topcoder.clients.manager.dao.DAOClientManager.checkClientExisted(DAOClientManager.java:379)
	at com.topcoder.clients.manager.dao.DAOClientManager.updateClient(DAOClientManager.java:341)
	at com.topcoder.clients.manager.dao.TestDAOClientManager.testUpdateClient_Failure_7(TestDAOClientManager.java:1064)
	at sun.reflect.NativeMethodAccessorImpl.invoke0(Native Method)
	at sun.reflect.NativeMethodAccessorImpl.invoke(NativeMethodAccessorImpl.java:39)
	at sun.reflect.DelegatingMethodAccessorImpl.invoke(DelegatingMethodAccessorImpl.java:25)
	at java.lang.reflect.Method.invoke(Method.java:585)
	at junit.framework.TestCase.runTest(TestCase.java:154)
	at junit.framework.TestCase.runBare(TestCase.java:127)
	at junit.framework.TestResult$1.protect(TestResult.java:106)
	at junit.framework.TestResult.runProtected(TestResult.java:124)
	at junit.framework.TestResult.run(TestResult.java:109)
	at junit.framework.TestCase.run(TestCase.java:118)
	at junit.framework.TestSuite.runTest(TestSuite.java:208)
	at junit.framework.TestSuite.run(TestSuite.java:203)
	at junit.framework.TestSuite.runTest(TestSuite.java:208)
	at junit.framework.TestSuite.run(TestSuite.java:203)
	at junit.framework.TestSuite.runTest(TestSuite.java:208)
	at junit.framework.TestSuite.run(TestSuite.java:203)
	at org.apache.tools.ant.taskdefs.optional.junit.JUnitTestRunner.run(JUnitTestRunner.java:421)
	at org.apache.tools.ant.taskdefs.optional.junit.JUnitTestRunner.launch(JUnitTestRunner.java:912)
	at org.apache.tools.ant.taskdefs.optional.junit.JUnitTestRunner.main(JUnitTestRunner.java:766)
[Entering method <com.topcoder.clients.manager.dao.DAOClientManager.updateClient(Client client)>; Parameters:{ ParamName<client>; ParamValue: <[ id=-2 name=DAOException codeName=null salesTax=0.0 isDeleted=false company=null clientStatus=null]>  }  at 2008-08-29 23:58:58.687 ]
[Error occurred in method <com.topcoder.clients.manager.dao.DAOClientManager.updateClient(Client client)>, cause by :
com.topcoder.clients.manager.ClientEntityNotFoundException: The id should not <= 0, refer to The parameter id should not < 0
	at com.topcoder.clients.manager.dao.DAOClientManager.checkClientExisted(DAOClientManager.java:389)
	at com.topcoder.clients.manager.dao.DAOClientManager.updateClient(DAOClientManager.java:341)
	at com.topcoder.clients.manager.dao.TestDAOClientManager.testUpdateClient_Failure_8(TestDAOClientManager.java:1089)
	at sun.reflect.NativeMethodAccessorImpl.invoke0(Native Method)
	at sun.reflect.NativeMethodAccessorImpl.invoke(NativeMethodAccessorImpl.java:39)
	at sun.reflect.DelegatingMethodAccessorImpl.invoke(DelegatingMethodAccessorImpl.java:25)
	at java.lang.reflect.Method.invoke(Method.java:585)
	at junit.framework.TestCase.runTest(TestCase.java:154)
	at junit.framework.TestCase.runBare(TestCase.java:127)
	at junit.framework.TestResult$1.protect(TestResult.java:106)
	at junit.framework.TestResult.runProtected(TestResult.java:124)
	at junit.framework.TestResult.run(TestResult.java:109)
	at junit.framework.TestCase.run(TestCase.java:118)
	at junit.framework.TestSuite.runTest(TestSuite.java:208)
	at junit.framework.TestSuite.run(TestSuite.java:203)
	at junit.framework.TestSuite.runTest(TestSuite.java:208)
	at junit.framework.TestSuite.run(TestSuite.java:203)
	at junit.framework.TestSuite.runTest(TestSuite.java:208)
	at junit.framework.TestSuite.run(TestSuite.java:203)
	at org.apache.tools.ant.taskdefs.optional.junit.JUnitTestRunner.run(JUnitTestRunner.java:421)
	at org.apache.tools.ant.taskdefs.optional.junit.JUnitTestRunner.launch(JUnitTestRunner.java:912)
	at org.apache.tools.ant.taskdefs.optional.junit.JUnitTestRunner.main(JUnitTestRunner.java:766)
Caused by: java.lang.IllegalArgumentException: The parameter id should not < 0
	at com.topcoder.clients.manager.MockClientDAO.retrieveById(MockClientDAO.java:62)
	at com.topcoder.clients.manager.dao.DAOClientManager.checkClientExisted(DAOClientManager.java:378)
	... 21 more
[Entering method <com.topcoder.clients.manager.dao.DAOClientManager.updateClient(Client client)>; Parameters:{ ParamName<client>; ParamValue: <[ id=1000 name=DAOException codeName=null salesTax=0.0 isDeleted=false company=null clientStatus=null]>  }  at 2008-08-29 23:58:58.687 ]
[Error occurred in method <com.topcoder.clients.manager.dao.DAOClientManager.updateClient(Client client)>, cause by :
com.topcoder.clients.manager.ClientEntityNotFoundException: The client with id=1000 does not exist in the persistence
	at com.topcoder.clients.manager.dao.DAOClientManager.wrapEntityNotFoundException(DAOClientManager.java:920)
	at com.topcoder.clients.manager.dao.DAOClientManager.checkClientExisted(DAOClientManager.java:396)
	at com.topcoder.clients.manager.dao.DAOClientManager.updateClient(DAOClientManager.java:341)
	at com.topcoder.clients.manager.dao.TestDAOClientManager.testUpdateClient_Failure_8_2(TestDAOClientManager.java:1114)
	at sun.reflect.NativeMethodAccessorImpl.invoke0(Native Method)
	at sun.reflect.NativeMethodAccessorImpl.invoke(NativeMethodAccessorImpl.java:39)
	at sun.reflect.DelegatingMethodAccessorImpl.invoke(DelegatingMethodAccessorImpl.java:25)
	at java.lang.reflect.Method.invoke(Method.java:585)
	at junit.framework.TestCase.runTest(TestCase.java:154)
	at junit.framework.TestCase.runBare(TestCase.java:127)
	at junit.framework.TestResult$1.protect(TestResult.java:106)
	at junit.framework.TestResult.runProtected(TestResult.java:124)
	at junit.framework.TestResult.run(TestResult.java:109)
	at junit.framework.TestCase.run(TestCase.java:118)
	at junit.framework.TestSuite.runTest(TestSuite.java:208)
	at junit.framework.TestSuite.run(TestSuite.java:203)
	at junit.framework.TestSuite.runTest(TestSuite.java:208)
	at junit.framework.TestSuite.run(TestSuite.java:203)
	at junit.framework.TestSuite.runTest(TestSuite.java:208)
	at junit.framework.TestSuite.run(TestSuite.java:203)
	at org.apache.tools.ant.taskdefs.optional.junit.JUnitTestRunner.run(JUnitTestRunner.java:421)
	at org.apache.tools.ant.taskdefs.optional.junit.JUnitTestRunner.launch(JUnitTestRunner.java:912)
	at org.apache.tools.ant.taskdefs.optional.junit.JUnitTestRunner.main(JUnitTestRunner.java:766)
Caused by: com.topcoder.clients.dao.EntityNotFoundException: throw for testing.
	at com.topcoder.clients.manager.MockClientDAO.retrieveById(MockClientDAO.java:80)
	at com.topcoder.clients.manager.dao.DAOClientManager.checkClientExisted(DAOClientManager.java:378)
	... 21 more
[Entering method <com.topcoder.clients.manager.dao.DAOClientManager.updateClient(Client client)>; Parameters:{ ParamName<client>; ParamValue: <[ id=1 name=ClassCastException codeName=null salesTax=0.0 isDeleted=false company=null clientStatus=null]>  }  at 2008-08-29 23:58:58.703 ]
[Error occurred in method <com.topcoder.clients.manager.dao.DAOClientManager.updateClient(Client client)>, cause by :
com.topcoder.clients.manager.ClientManagerException: Fail to update the client, cause by com.topcoder.clients.model.ClientStatus
	at com.topcoder.clients.manager.dao.DAOClientManager.wrapInnerException(DAOClientManager.java:305)
	at com.topcoder.clients.manager.dao.DAOClientManager.updateClient(DAOClientManager.java:357)
	at com.topcoder.clients.manager.dao.TestDAOClientManager.testUpdateClient_Failure_9(TestDAOClientManager.java:1139)
	at sun.reflect.NativeMethodAccessorImpl.invoke0(Native Method)
	at sun.reflect.NativeMethodAccessorImpl.invoke(NativeMethodAccessorImpl.java:39)
	at sun.reflect.DelegatingMethodAccessorImpl.invoke(DelegatingMethodAccessorImpl.java:25)
	at java.lang.reflect.Method.invoke(Method.java:585)
	at junit.framework.TestCase.runTest(TestCase.java:154)
	at junit.framework.TestCase.runBare(TestCase.java:127)
	at junit.framework.TestResult$1.protect(TestResult.java:106)
	at junit.framework.TestResult.runProtected(TestResult.java:124)
	at junit.framework.TestResult.run(TestResult.java:109)
	at junit.framework.TestCase.run(TestCase.java:118)
	at junit.framework.TestSuite.runTest(TestSuite.java:208)
	at junit.framework.TestSuite.run(TestSuite.java:203)
	at junit.framework.TestSuite.runTest(TestSuite.java:208)
	at junit.framework.TestSuite.run(TestSuite.java:203)
	at junit.framework.TestSuite.runTest(TestSuite.java:208)
	at junit.framework.TestSuite.run(TestSuite.java:203)
	at org.apache.tools.ant.taskdefs.optional.junit.JUnitTestRunner.run(JUnitTestRunner.java:421)
	at org.apache.tools.ant.taskdefs.optional.junit.JUnitTestRunner.launch(JUnitTestRunner.java:912)
	at org.apache.tools.ant.taskdefs.optional.junit.JUnitTestRunner.main(JUnitTestRunner.java:766)
Caused by: java.lang.ClassCastException: com.topcoder.clients.model.ClientStatus
	at com.topcoder.clients.manager.dao.DAOClientManager.updateClient(DAOClientManager.java:344)
	... 20 more
[Entering method <com.topcoder.clients.manager.dao.DAOClientManager.updateClient(Client client)>; Parameters:{ ParamName<client>; ParamValue: <[ id=1 name=update codeName=null salesTax=0.0 isDeleted=false company=null clientStatus=null]>  }  at 2008-08-29 23:58:58.718 ]
[Exiting method <com.topcoder.clients.manager.dao.DAOClientManager.updateClient(Client client)>; Return value:<[ id=1 name=update codeName=null salesTax=0.0 isDeleted=false company=null clientStatus=null]>]  at 2008-08-29 23:58:58.718
[Entering method <com.topcoder.clients.manager.dao.DAOClientManager.deleteClient(Client client)>; Parameters:{ ParamName<client>; ParamValue: <null>  }  at 2008-08-29 23:58:58.718 ]
[Error occurred in method <com.topcoder.clients.manager.dao.DAOClientManager.deleteClient(Client client)>, cause by :
java.lang.IllegalArgumentException: The parameter 'client' should not be null.
	at com.topcoder.clients.manager.dao.Helper.checkNull(Helper.java:69)
	at com.topcoder.clients.manager.dao.DAOClientManager.deleteClient(DAOClientManager.java:421)
	at com.topcoder.clients.manager.dao.TestDAOClientManager.testDeleteClient_Failure_1(TestDAOClientManager.java:1180)
	at sun.reflect.NativeMethodAccessorImpl.invoke0(Native Method)
	at sun.reflect.NativeMethodAccessorImpl.invoke(NativeMethodAccessorImpl.java:39)
	at sun.reflect.DelegatingMethodAccessorImpl.invoke(DelegatingMethodAccessorImpl.java:25)
	at java.lang.reflect.Method.invoke(Method.java:585)
	at junit.framework.TestCase.runTest(TestCase.java:154)
	at junit.framework.TestCase.runBare(TestCase.java:127)
	at junit.framework.TestResult$1.protect(TestResult.java:106)
	at junit.framework.TestResult.runProtected(TestResult.java:124)
	at junit.framework.TestResult.run(TestResult.java:109)
	at junit.framework.TestCase.run(TestCase.java:118)
	at junit.framework.TestSuite.runTest(TestSuite.java:208)
	at junit.framework.TestSuite.run(TestSuite.java:203)
	at junit.framework.TestSuite.runTest(TestSuite.java:208)
	at junit.framework.TestSuite.run(TestSuite.java:203)
	at junit.framework.TestSuite.runTest(TestSuite.java:208)
	at junit.framework.TestSuite.run(TestSuite.java:203)
	at org.apache.tools.ant.taskdefs.optional.junit.JUnitTestRunner.run(JUnitTestRunner.java:421)
	at org.apache.tools.ant.taskdefs.optional.junit.JUnitTestRunner.launch(JUnitTestRunner.java:912)
	at org.apache.tools.ant.taskdefs.optional.junit.JUnitTestRunner.main(JUnitTestRunner.java:766)
[Entering method <com.topcoder.clients.manager.dao.DAOClientManager.deleteClient(Client client)>; Parameters:{ ParamName<client>; ParamValue: <[ id=0 name=null codeName=null salesTax=0.0 isDeleted=true company=null clientStatus=null]>  }  at 2008-08-29 23:58:58.718 ]
[Error occurred in method <com.topcoder.clients.manager.dao.DAOClientManager.deleteClient(Client client)>, cause by :
java.lang.IllegalArgumentException: The isDelete of client should not be true.
	at com.topcoder.clients.manager.dao.DAOClientManager.deleteClient(DAOClientManager.java:423)
	at com.topcoder.clients.manager.dao.TestDAOClientManager.testDeleteClient_Failure_2(TestDAOClientManager.java:1202)
	at sun.reflect.NativeMethodAccessorImpl.invoke0(Native Method)
	at sun.reflect.NativeMethodAccessorImpl.invoke(NativeMethodAccessorImpl.java:39)
	at sun.reflect.DelegatingMethodAccessorImpl.invoke(DelegatingMethodAccessorImpl.java:25)
	at java.lang.reflect.Method.invoke(Method.java:585)
	at junit.framework.TestCase.runTest(TestCase.java:154)
	at junit.framework.TestCase.runBare(TestCase.java:127)
	at junit.framework.TestResult$1.protect(TestResult.java:106)
	at junit.framework.TestResult.runProtected(TestResult.java:124)
	at junit.framework.TestResult.run(TestResult.java:109)
	at junit.framework.TestCase.run(TestCase.java:118)
	at junit.framework.TestSuite.runTest(TestSuite.java:208)
	at junit.framework.TestSuite.run(TestSuite.java:203)
	at junit.framework.TestSuite.runTest(TestSuite.java:208)
	at junit.framework.TestSuite.run(TestSuite.java:203)
	at junit.framework.TestSuite.runTest(TestSuite.java:208)
	at junit.framework.TestSuite.run(TestSuite.java:203)
	at org.apache.tools.ant.taskdefs.optional.junit.JUnitTestRunner.run(JUnitTestRunner.java:421)
	at org.apache.tools.ant.taskdefs.optional.junit.JUnitTestRunner.launch(JUnitTestRunner.java:912)
	at org.apache.tools.ant.taskdefs.optional.junit.JUnitTestRunner.main(JUnitTestRunner.java:766)
[Entering method <com.topcoder.clients.manager.dao.DAOClientManager.deleteClient(Client client)>; Parameters:{ ParamName<client>; ParamValue: <[ id=0 name=entityNotFound codeName=null salesTax=0.0 isDeleted=false company=null clientStatus=null]>  }  at 2008-08-29 23:58:58.750 ]
[Error occurred in method <com.topcoder.clients.manager.dao.DAOClientManager.deleteClient(Client client)>, cause by :
com.topcoder.clients.manager.ClientEntityNotFoundException: The client entity with id= 0 does not exist.
	at com.topcoder.clients.manager.dao.DAOClientManager.wrapEntityNotFoundException(DAOClientManager.java:920)
	at com.topcoder.clients.manager.dao.DAOClientManager.deleteClient(DAOClientManager.java:441)
	at com.topcoder.clients.manager.dao.TestDAOClientManager.testDeleteClient_Failure_3(TestDAOClientManager.java:1226)
	at sun.reflect.NativeMethodAccessorImpl.invoke0(Native Method)
	at sun.reflect.NativeMethodAccessorImpl.invoke(NativeMethodAccessorImpl.java:39)
	at sun.reflect.DelegatingMethodAccessorImpl.invoke(DelegatingMethodAccessorImpl.java:25)
	at java.lang.reflect.Method.invoke(Method.java:585)
	at junit.framework.TestCase.runTest(TestCase.java:154)
	at junit.framework.TestCase.runBare(TestCase.java:127)
	at junit.framework.TestResult$1.protect(TestResult.java:106)
	at junit.framework.TestResult.runProtected(TestResult.java:124)
	at junit.framework.TestResult.run(TestResult.java:109)
	at junit.framework.TestCase.run(TestCase.java:118)
	at junit.framework.TestSuite.runTest(TestSuite.java:208)
	at junit.framework.TestSuite.run(TestSuite.java:203)
	at junit.framework.TestSuite.runTest(TestSuite.java:208)
	at junit.framework.TestSuite.run(TestSuite.java:203)
	at junit.framework.TestSuite.runTest(TestSuite.java:208)
	at junit.framework.TestSuite.run(TestSuite.java:203)
	at org.apache.tools.ant.taskdefs.optional.junit.JUnitTestRunner.run(JUnitTestRunner.java:421)
	at org.apache.tools.ant.taskdefs.optional.junit.JUnitTestRunner.launch(JUnitTestRunner.java:912)
	at org.apache.tools.ant.taskdefs.optional.junit.JUnitTestRunner.main(JUnitTestRunner.java:766)
Caused by: com.topcoder.clients.dao.EntityNotFoundException: The entity is not found.
	at com.topcoder.clients.manager.MockClientDAO.delete(MockClientDAO.java:210)
	at com.topcoder.clients.manager.dao.DAOClientManager.deleteClient(DAOClientManager.java:427)
	... 20 more
Caused by: java.lang.IllegalArgumentException: IAE
	... 22 more
[Entering method <com.topcoder.clients.manager.dao.DAOClientManager.deleteClient(Client client)>; Parameters:{ ParamName<client>; ParamValue: <[ id=0 name=DAOException codeName=null salesTax=0.0 isDeleted=false company=null clientStatus=null]>  }  at 2008-08-29 23:58:58.765 ]
[Error occurred in method <com.topcoder.clients.manager.dao.DAOClientManager.deleteClient(Client client)>, cause by :
com.topcoder.clients.manager.ClientManagerException: Fail to delete the given client, cause by Throw for testing
	at com.topcoder.clients.manager.dao.DAOClientManager.wrapInnerException(DAOClientManager.java:305)
	at com.topcoder.clients.manager.dao.DAOClientManager.deleteClient(DAOClientManager.java:444)
	at com.topcoder.clients.manager.dao.TestDAOClientManager.testDeleteClient_Failure_4(TestDAOClientManager.java:1249)
	at sun.reflect.NativeMethodAccessorImpl.invoke0(Native Method)
	at sun.reflect.NativeMethodAccessorImpl.invoke(NativeMethodAccessorImpl.java:39)
	at sun.reflect.DelegatingMethodAccessorImpl.invoke(DelegatingMethodAccessorImpl.java:25)
	at java.lang.reflect.Method.invoke(Method.java:585)
	at junit.framework.TestCase.runTest(TestCase.java:154)
	at junit.framework.TestCase.runBare(TestCase.java:127)
	at junit.framework.TestResult$1.protect(TestResult.java:106)
	at junit.framework.TestResult.runProtected(TestResult.java:124)
	at junit.framework.TestResult.run(TestResult.java:109)
	at junit.framework.TestCase.run(TestCase.java:118)
	at junit.framework.TestSuite.runTest(TestSuite.java:208)
	at junit.framework.TestSuite.run(TestSuite.java:203)
	at junit.framework.TestSuite.runTest(TestSuite.java:208)
	at junit.framework.TestSuite.run(TestSuite.java:203)
	at junit.framework.TestSuite.runTest(TestSuite.java:208)
	at junit.framework.TestSuite.run(TestSuite.java:203)
	at org.apache.tools.ant.taskdefs.optional.junit.JUnitTestRunner.run(JUnitTestRunner.java:421)
	at org.apache.tools.ant.taskdefs.optional.junit.JUnitTestRunner.launch(JUnitTestRunner.java:912)
	at org.apache.tools.ant.taskdefs.optional.junit.JUnitTestRunner.main(JUnitTestRunner.java:766)
Caused by: com.topcoder.clients.dao.DAOException: Throw for testing
	at com.topcoder.clients.manager.MockClientDAO.delete(MockClientDAO.java:214)
	at com.topcoder.clients.manager.dao.DAOClientManager.deleteClient(DAOClientManager.java:427)
	... 20 more
Caused by: java.lang.NullPointerException: NPE Raised 
	... 22 more
[Entering method <com.topcoder.clients.manager.dao.DAOClientManager.deleteClient(Client client)>; Parameters:{ ParamName<client>; ParamValue: <[ id=0 name=DAOConfigurationException codeName=null salesTax=0.0 isDeleted=false company=null clientStatus=null]>  }  at 2008-08-29 23:58:58.765 ]
[Error occurred in method <com.topcoder.clients.manager.dao.DAOClientManager.deleteClient(Client client)>, cause by :
com.topcoder.clients.manager.ClientManagerException: Fail to delete the given client, cause by Throw for testing
	at com.topcoder.clients.manager.dao.DAOClientManager.wrapInnerException(DAOClientManager.java:305)
	at com.topcoder.clients.manager.dao.DAOClientManager.deleteClient(DAOClientManager.java:438)
	at com.topcoder.clients.manager.dao.TestDAOClientManager.testDeleteClient_Failure_5(TestDAOClientManager.java:1274)
	at sun.reflect.NativeMethodAccessorImpl.invoke0(Native Method)
	at sun.reflect.NativeMethodAccessorImpl.invoke(NativeMethodAccessorImpl.java:39)
	at sun.reflect.DelegatingMethodAccessorImpl.invoke(DelegatingMethodAccessorImpl.java:25)
	at java.lang.reflect.Method.invoke(Method.java:585)
	at junit.framework.TestCase.runTest(TestCase.java:154)
	at junit.framework.TestCase.runBare(TestCase.java:127)
	at junit.framework.TestResult$1.protect(TestResult.java:106)
	at junit.framework.TestResult.runProtected(TestResult.java:124)
	at junit.framework.TestResult.run(TestResult.java:109)
	at junit.framework.TestCase.run(TestCase.java:118)
	at junit.framework.TestSuite.runTest(TestSuite.java:208)
	at junit.framework.TestSuite.run(TestSuite.java:203)
	at junit.framework.TestSuite.runTest(TestSuite.java:208)
	at junit.framework.TestSuite.run(TestSuite.java:203)
	at junit.framework.TestSuite.runTest(TestSuite.java:208)
	at junit.framework.TestSuite.run(TestSuite.java:203)
	at org.apache.tools.ant.taskdefs.optional.junit.JUnitTestRunner.run(JUnitTestRunner.java:421)
	at org.apache.tools.ant.taskdefs.optional.junit.JUnitTestRunner.launch(JUnitTestRunner.java:912)
	at org.apache.tools.ant.taskdefs.optional.junit.JUnitTestRunner.main(JUnitTestRunner.java:766)
Caused by: com.topcoder.clients.dao.DAOConfigurationException: Throw for testing
	at com.topcoder.clients.manager.MockClientDAO.delete(MockClientDAO.java:218)
	at com.topcoder.clients.manager.dao.DAOClientManager.deleteClient(DAOClientManager.java:427)
	... 20 more
Caused by: java.lang.NullPointerException: NPE Raised 
	... 22 more
[Entering method <com.topcoder.clients.manager.dao.DAOClientManager.deleteClient(Client client)>; Parameters:{ ParamName<client>; ParamValue: <[ id=0 name=abc codeName=null salesTax=0.0 isDeleted=false company=null clientStatus=null]>  }  at 2008-08-29 23:58:58.781 ]
[Exiting method <com.topcoder.clients.manager.dao.DAOClientManager.deleteClient(Client client)>; Return value:<[ id=0 name=abc codeName=null salesTax=0.0 isDeleted=true company=null clientStatus=null]>]  at 2008-08-29 23:58:58.781
[Entering method <com.topcoder.clients.manager.dao.DAOClientManager.setClientCodeName(Client client, String codeName)>; Parameters:{ ParamName<client>; ParamValue: <null> , ParamName<codeName>; ParamValue: <codeName>  }  at 2008-08-29 23:58:58.781 ]
[Error occurred in method <com.topcoder.clients.manager.dao.DAOClientManager.setClientCodeName(Client client, String codeName)>, cause by :
java.lang.IllegalArgumentException: The parameter 'client' should not be null.
	at com.topcoder.clients.manager.dao.Helper.checkNull(Helper.java:69)
	at com.topcoder.clients.manager.dao.Helper.validateClient(Helper.java:132)
	at com.topcoder.clients.manager.dao.DAOClientManager.setClientCodeName(DAOClientManager.java:473)
	at com.topcoder.clients.manager.dao.TestDAOClientManager.testSetClientCodeName_F_1(TestDAOClientManager.java:1316)
	at sun.reflect.NativeMethodAccessorImpl.invoke0(Native Method)
	at sun.reflect.NativeMethodAccessorImpl.invoke(NativeMethodAccessorImpl.java:39)
	at sun.reflect.DelegatingMethodAccessorImpl.invoke(DelegatingMethodAccessorImpl.java:25)
	at java.lang.reflect.Method.invoke(Method.java:585)
	at junit.framework.TestCase.runTest(TestCase.java:154)
	at junit.framework.TestCase.runBare(TestCase.java:127)
	at junit.framework.TestResult$1.protect(TestResult.java:106)
	at junit.framework.TestResult.runProtected(TestResult.java:124)
	at junit.framework.TestResult.run(TestResult.java:109)
	at junit.framework.TestCase.run(TestCase.java:118)
	at junit.framework.TestSuite.runTest(TestSuite.java:208)
	at junit.framework.TestSuite.run(TestSuite.java:203)
	at junit.framework.TestSuite.runTest(TestSuite.java:208)
	at junit.framework.TestSuite.run(TestSuite.java:203)
	at junit.framework.TestSuite.runTest(TestSuite.java:208)
	at junit.framework.TestSuite.run(TestSuite.java:203)
	at org.apache.tools.ant.taskdefs.optional.junit.JUnitTestRunner.run(JUnitTestRunner.java:421)
	at org.apache.tools.ant.taskdefs.optional.junit.JUnitTestRunner.launch(JUnitTestRunner.java:912)
	at org.apache.tools.ant.taskdefs.optional.junit.JUnitTestRunner.main(JUnitTestRunner.java:766)
[Entering method <com.topcoder.clients.manager.dao.DAOClientManager.setClientCodeName(Client client, String codeName)>; Parameters:{ ParamName<client>; ParamValue: <[ id=0 name= codeName=null salesTax=0.0 isDeleted=false company=null clientStatus=null]> , ParamName<codeName>; ParamValue: <codeName>  }  at 2008-08-29 23:58:58.781 ]
[Error occurred in method <com.topcoder.clients.manager.dao.DAOClientManager.setClientCodeName(Client client, String codeName)>, cause by :
java.lang.IllegalArgumentException: The startDate of client should be set.
	at com.topcoder.clients.manager.dao.Helper.validateClient(Helper.java:135)
	at com.topcoder.clients.manager.dao.DAOClientManager.setClientCodeName(DAOClientManager.java:473)
	at com.topcoder.clients.manager.dao.TestDAOClientManager.testSetClientCodeName_F_2(TestDAOClientManager.java:1337)
	at sun.reflect.NativeMethodAccessorImpl.invoke0(Native Method)
	at sun.reflect.NativeMethodAccessorImpl.invoke(NativeMethodAccessorImpl.java:39)
	at sun.reflect.DelegatingMethodAccessorImpl.invoke(DelegatingMethodAccessorImpl.java:25)
	at java.lang.reflect.Method.invoke(Method.java:585)
	at junit.framework.TestCase.runTest(TestCase.java:154)
	at junit.framework.TestCase.runBare(TestCase.java:127)
	at junit.framework.TestResult$1.protect(TestResult.java:106)
	at junit.framework.TestResult.runProtected(TestResult.java:124)
	at junit.framework.TestResult.run(TestResult.java:109)
	at junit.framework.TestCase.run(TestCase.java:118)
	at junit.framework.TestSuite.runTest(TestSuite.java:208)
	at junit.framework.TestSuite.run(TestSuite.java:203)
	at junit.framework.TestSuite.runTest(TestSuite.java:208)
	at junit.framework.TestSuite.run(TestSuite.java:203)
	at junit.framework.TestSuite.runTest(TestSuite.java:208)
	at junit.framework.TestSuite.run(TestSuite.java:203)
	at org.apache.tools.ant.taskdefs.optional.junit.JUnitTestRunner.run(JUnitTestRunner.java:421)
	at org.apache.tools.ant.taskdefs.optional.junit.JUnitTestRunner.launch(JUnitTestRunner.java:912)
	at org.apache.tools.ant.taskdefs.optional.junit.JUnitTestRunner.main(JUnitTestRunner.java:766)
[Entering method <com.topcoder.clients.manager.dao.DAOClientManager.setClientCodeName(Client client, String codeName)>; Parameters:{ ParamName<client>; ParamValue: <[ id=0 name=name codeName=null salesTax=0.0 isDeleted=true company=null clientStatus=null]> , ParamName<codeName>; ParamValue: <codeName>  }  at 2008-08-29 23:58:58.796 ]
[Error occurred in method <com.topcoder.clients.manager.dao.DAOClientManager.setClientCodeName(Client client, String codeName)>, cause by :
java.lang.IllegalArgumentException: The startDate of client should be set.
	at com.topcoder.clients.manager.dao.Helper.validateClient(Helper.java:135)
	at com.topcoder.clients.manager.dao.DAOClientManager.setClientCodeName(DAOClientManager.java:473)
	at com.topcoder.clients.manager.dao.TestDAOClientManager.testSetClientCodeName_F_3(TestDAOClientManager.java:1359)
	at sun.reflect.NativeMethodAccessorImpl.invoke0(Native Method)
	at sun.reflect.NativeMethodAccessorImpl.invoke(NativeMethodAccessorImpl.java:39)
	at sun.reflect.DelegatingMethodAccessorImpl.invoke(DelegatingMethodAccessorImpl.java:25)
	at java.lang.reflect.Method.invoke(Method.java:585)
	at junit.framework.TestCase.runTest(TestCase.java:154)
	at junit.framework.TestCase.runBare(TestCase.java:127)
	at junit.framework.TestResult$1.protect(TestResult.java:106)
	at junit.framework.TestResult.runProtected(TestResult.java:124)
	at junit.framework.TestResult.run(TestResult.java:109)
	at junit.framework.TestCase.run(TestCase.java:118)
	at junit.framework.TestSuite.runTest(TestSuite.java:208)
	at junit.framework.TestSuite.run(TestSuite.java:203)
	at junit.framework.TestSuite.runTest(TestSuite.java:208)
	at junit.framework.TestSuite.run(TestSuite.java:203)
	at junit.framework.TestSuite.runTest(TestSuite.java:208)
	at junit.framework.TestSuite.run(TestSuite.java:203)
	at org.apache.tools.ant.taskdefs.optional.junit.JUnitTestRunner.run(JUnitTestRunner.java:421)
	at org.apache.tools.ant.taskdefs.optional.junit.JUnitTestRunner.launch(JUnitTestRunner.java:912)
	at org.apache.tools.ant.taskdefs.optional.junit.JUnitTestRunner.main(JUnitTestRunner.java:766)
[Entering method <com.topcoder.clients.manager.dao.DAOClientManager.setClientCodeName(Client client, String codeName)>; Parameters:{ ParamName<client>; ParamValue: <[ id=0 name=name codeName=null salesTax=0.0 isDeleted=false company=null clientStatus=null]> , ParamName<codeName>; ParamValue: <null>  }  at 2008-08-29 23:58:58.796 ]
[Error occurred in method <com.topcoder.clients.manager.dao.DAOClientManager.setClientCodeName(Client client, String codeName)>, cause by :
java.lang.IllegalArgumentException: The startDate of client should be set.
	at com.topcoder.clients.manager.dao.Helper.validateClient(Helper.java:135)
	at com.topcoder.clients.manager.dao.DAOClientManager.setClientCodeName(DAOClientManager.java:473)
	at com.topcoder.clients.manager.dao.TestDAOClientManager.testSetClientCodeName_F_4(TestDAOClientManager.java:1381)
	at sun.reflect.NativeMethodAccessorImpl.invoke0(Native Method)
	at sun.reflect.NativeMethodAccessorImpl.invoke(NativeMethodAccessorImpl.java:39)
	at sun.reflect.DelegatingMethodAccessorImpl.invoke(DelegatingMethodAccessorImpl.java:25)
	at java.lang.reflect.Method.invoke(Method.java:585)
	at junit.framework.TestCase.runTest(TestCase.java:154)
	at junit.framework.TestCase.runBare(TestCase.java:127)
	at junit.framework.TestResult$1.protect(TestResult.java:106)
	at junit.framework.TestResult.runProtected(TestResult.java:124)
	at junit.framework.TestResult.run(TestResult.java:109)
	at junit.framework.TestCase.run(TestCase.java:118)
	at junit.framework.TestSuite.runTest(TestSuite.java:208)
	at junit.framework.TestSuite.run(TestSuite.java:203)
	at junit.framework.TestSuite.runTest(TestSuite.java:208)
	at junit.framework.TestSuite.run(TestSuite.java:203)
	at junit.framework.TestSuite.runTest(TestSuite.java:208)
	at junit.framework.TestSuite.run(TestSuite.java:203)
	at org.apache.tools.ant.taskdefs.optional.junit.JUnitTestRunner.run(JUnitTestRunner.java:421)
	at org.apache.tools.ant.taskdefs.optional.junit.JUnitTestRunner.launch(JUnitTestRunner.java:912)
	at org.apache.tools.ant.taskdefs.optional.junit.JUnitTestRunner.main(JUnitTestRunner.java:766)
[Entering method <com.topcoder.clients.manager.dao.DAOClientManager.setClientCodeName(Client client, String codeName)>; Parameters:{ ParamName<client>; ParamValue: <[ id=0 name=name codeName=null salesTax=0.0 isDeleted=false company=null clientStatus=null]> , ParamName<codeName>; ParamValue: <  >  }  at 2008-08-29 23:58:58.812 ]
[Error occurred in method <com.topcoder.clients.manager.dao.DAOClientManager.setClientCodeName(Client client, String codeName)>, cause by :
java.lang.IllegalArgumentException: The startDate of client should be set.
	at com.topcoder.clients.manager.dao.Helper.validateClient(Helper.java:135)
	at com.topcoder.clients.manager.dao.DAOClientManager.setClientCodeName(DAOClientManager.java:473)
	at com.topcoder.clients.manager.dao.TestDAOClientManager.testSetClientCodeName_F_5(TestDAOClientManager.java:1403)
	at sun.reflect.NativeMethodAccessorImpl.invoke0(Native Method)
	at sun.reflect.NativeMethodAccessorImpl.invoke(NativeMethodAccessorImpl.java:39)
	at sun.reflect.DelegatingMethodAccessorImpl.invoke(DelegatingMethodAccessorImpl.java:25)
	at java.lang.reflect.Method.invoke(Method.java:585)
	at junit.framework.TestCase.runTest(TestCase.java:154)
	at junit.framework.TestCase.runBare(TestCase.java:127)
	at junit.framework.TestResult$1.protect(TestResult.java:106)
	at junit.framework.TestResult.runProtected(TestResult.java:124)
	at junit.framework.TestResult.run(TestResult.java:109)
	at junit.framework.TestCase.run(TestCase.java:118)
	at junit.framework.TestSuite.runTest(TestSuite.java:208)
	at junit.framework.TestSuite.run(TestSuite.java:203)
	at junit.framework.TestSuite.runTest(TestSuite.java:208)
	at junit.framework.TestSuite.run(TestSuite.java:203)
	at junit.framework.TestSuite.runTest(TestSuite.java:208)
	at junit.framework.TestSuite.run(TestSuite.java:203)
	at org.apache.tools.ant.taskdefs.optional.junit.JUnitTestRunner.run(JUnitTestRunner.java:421)
	at org.apache.tools.ant.taskdefs.optional.junit.JUnitTestRunner.launch(JUnitTestRunner.java:912)
	at org.apache.tools.ant.taskdefs.optional.junit.JUnitTestRunner.main(JUnitTestRunner.java:766)
[Entering method <com.topcoder.clients.manager.dao.DAOClientManager.setClientCodeName(Client client, String codeName)>; Parameters:{ ParamName<client>; ParamValue: <[ id=0 name=name codeName=null salesTax=0.0 isDeleted=false company=null clientStatus=null]> , ParamName<codeName>; ParamValue: <code>  }  at 2008-08-29 23:58:58.828 ]
[Entering method <com.topcoder.clients.manager.dao.DAOClientManager.updateClient(Client client)>; Parameters:{ ParamName<client>; ParamValue: <[ id=0 name=name codeName=code salesTax=0.0 isDeleted=false company=null clientStatus=null]>  }  at 2008-08-29 23:58:58.828 ]
[Error occurred in method <com.topcoder.clients.manager.dao.DAOClientManager.updateClient(Client client)>, cause by :
com.topcoder.clients.manager.ClientEntityNotFoundException: The client entity does not exist in persistence with id=0
	at com.topcoder.clients.manager.dao.DAOClientManager.checkClientExisted(DAOClientManager.java:379)
	at com.topcoder.clients.manager.dao.DAOClientManager.updateClient(DAOClientManager.java:341)
	at com.topcoder.clients.manager.dao.DAOClientManager.setClientCodeName(DAOClientManager.java:484)
	at com.topcoder.clients.manager.dao.TestDAOClientManager.testSetClientCodeName_F_6(TestDAOClientManager.java:1427)
	at sun.reflect.NativeMethodAccessorImpl.invoke0(Native Method)
	at sun.reflect.NativeMethodAccessorImpl.invoke(NativeMethodAccessorImpl.java:39)
	at sun.reflect.DelegatingMethodAccessorImpl.invoke(DelegatingMethodAccessorImpl.java:25)
	at java.lang.reflect.Method.invoke(Method.java:585)
	at junit.framework.TestCase.runTest(TestCase.java:154)
	at junit.framework.TestCase.runBare(TestCase.java:127)
	at junit.framework.TestResult$1.protect(TestResult.java:106)
	at junit.framework.TestResult.runProtected(TestResult.java:124)
	at junit.framework.TestResult.run(TestResult.java:109)
	at junit.framework.TestCase.run(TestCase.java:118)
	at junit.framework.TestSuite.runTest(TestSuite.java:208)
	at junit.framework.TestSuite.run(TestSuite.java:203)
	at junit.framework.TestSuite.runTest(TestSuite.java:208)
	at junit.framework.TestSuite.run(TestSuite.java:203)
	at junit.framework.TestSuite.runTest(TestSuite.java:208)
	at junit.framework.TestSuite.run(TestSuite.java:203)
	at org.apache.tools.ant.taskdefs.optional.junit.JUnitTestRunner.run(JUnitTestRunner.java:421)
	at org.apache.tools.ant.taskdefs.optional.junit.JUnitTestRunner.launch(JUnitTestRunner.java:912)
	at org.apache.tools.ant.taskdefs.optional.junit.JUnitTestRunner.main(JUnitTestRunner.java:766)
[Entering method <com.topcoder.clients.manager.dao.DAOClientManager.setClientCodeName(Client client, String codeName)>; Parameters:{ ParamName<client>; ParamValue: <[ id=1 name=DAOConfigurationException codeName=null salesTax=0.0 isDeleted=false company=null clientStatus=null]> , ParamName<codeName>; ParamValue: <code>  }  at 2008-08-29 23:58:58.828 ]
[Entering method <com.topcoder.clients.manager.dao.DAOClientManager.updateClient(Client client)>; Parameters:{ ParamName<client>; ParamValue: <[ id=1 name=DAOConfigurationException codeName=code salesTax=0.0 isDeleted=false company=null clientStatus=null]>  }  at 2008-08-29 23:58:58.828 ]
[Error occurred in method <com.topcoder.clients.manager.dao.DAOClientManager.updateClient(Client client)>, cause by :
com.topcoder.clients.manager.ClientManagerException: Fail to update the client, cause by Throw for testing
	at com.topcoder.clients.manager.dao.DAOClientManager.wrapInnerException(DAOClientManager.java:305)
	at com.topcoder.clients.manager.dao.DAOClientManager.updateClient(DAOClientManager.java:353)
	at com.topcoder.clients.manager.dao.DAOClientManager.setClientCodeName(DAOClientManager.java:484)
	at com.topcoder.clients.manager.dao.TestDAOClientManager.testSetClientCodeName_F_7(TestDAOClientManager.java:1452)
	at sun.reflect.NativeMethodAccessorImpl.invoke0(Native Method)
	at sun.reflect.NativeMethodAccessorImpl.invoke(NativeMethodAccessorImpl.java:39)
	at sun.reflect.DelegatingMethodAccessorImpl.invoke(DelegatingMethodAccessorImpl.java:25)
	at java.lang.reflect.Method.invoke(Method.java:585)
	at junit.framework.TestCase.runTest(TestCase.java:154)
	at junit.framework.TestCase.runBare(TestCase.java:127)
	at junit.framework.TestResult$1.protect(TestResult.java:106)
	at junit.framework.TestResult.runProtected(TestResult.java:124)
	at junit.framework.TestResult.run(TestResult.java:109)
	at junit.framework.TestCase.run(TestCase.java:118)
	at junit.framework.TestSuite.runTest(TestSuite.java:208)
	at junit.framework.TestSuite.run(TestSuite.java:203)
	at junit.framework.TestSuite.runTest(TestSuite.java:208)
	at junit.framework.TestSuite.run(TestSuite.java:203)
	at junit.framework.TestSuite.runTest(TestSuite.java:208)
	at junit.framework.TestSuite.run(TestSuite.java:203)
	at org.apache.tools.ant.taskdefs.optional.junit.JUnitTestRunner.run(JUnitTestRunner.java:421)
	at org.apache.tools.ant.taskdefs.optional.junit.JUnitTestRunner.launch(JUnitTestRunner.java:912)
	at org.apache.tools.ant.taskdefs.optional.junit.JUnitTestRunner.main(JUnitTestRunner.java:766)
Caused by: com.topcoder.clients.dao.DAOConfigurationException: Throw for testing
	at com.topcoder.clients.manager.MockClientDAO.save(MockClientDAO.java:187)
	at com.topcoder.clients.manager.dao.DAOClientManager.updateClient(DAOClientManager.java:344)
	... 21 more
Caused by: java.lang.NullPointerException: NPE Raised 
	... 23 more
[Entering method <com.topcoder.clients.manager.dao.DAOClientManager.setClientCodeName(Client client, String codeName)>; Parameters:{ ParamName<client>; ParamValue: <[ id=1 name=Dok codeName=null salesTax=0.0 isDeleted=false company=null clientStatus=null]> , ParamName<codeName>; ParamValue: <code>  }  at 2008-08-29 23:58:58.828 ]
[Entering method <com.topcoder.clients.manager.dao.DAOClientManager.updateClient(Client client)>; Parameters:{ ParamName<client>; ParamValue: <[ id=1 name=Dok codeName=code salesTax=0.0 isDeleted=false company=null clientStatus=null]>  }  at 2008-08-29 23:58:58.828 ]
[Exiting method <com.topcoder.clients.manager.dao.DAOClientManager.updateClient(Client client)>; Return value:<[ id=1 name=Dok codeName=code salesTax=0.0 isDeleted=false company=null clientStatus=null]>]  at 2008-08-29 23:58:58.828
[Exiting method <com.topcoder.clients.manager.dao.DAOClientManager.setClientCodeName(Client client, String codeName)>; Return value:<[ id=1 name=Dok codeName=code salesTax=0.0 isDeleted=false company=null clientStatus=null]>]  at 2008-08-29 23:58:58.828
[Entering method <com.topcoder.clients.manager.dao.DAOClientManager.setClientStatus(Client client, ClientStatus status)>; Parameters:{ ParamName<client>; ParamValue: <null> , ParamName<status>; ParamValue: <[ id=0 name=s description=des isDeleted=false]>  }  at 2008-08-29 23:58:58.843 ]
[Error occurred in method <com.topcoder.clients.manager.dao.DAOClientManager.setClientStatus(Client client, ClientStatus status)>, cause by :
java.lang.IllegalArgumentException: The parameter 'client' should not be null.
	at com.topcoder.clients.manager.dao.Helper.checkNull(Helper.java:69)
	at com.topcoder.clients.manager.dao.Helper.validateClient(Helper.java:132)
	at com.topcoder.clients.manager.dao.DAOClientManager.setClientStatus(DAOClientManager.java:518)
	at com.topcoder.clients.manager.dao.TestDAOClientManager.testSetClientStatus_F_1(TestDAOClientManager.java:1498)
	at sun.reflect.NativeMethodAccessorImpl.invoke0(Native Method)
	at sun.reflect.NativeMethodAccessorImpl.invoke(NativeMethodAccessorImpl.java:39)
	at sun.reflect.DelegatingMethodAccessorImpl.invoke(DelegatingMethodAccessorImpl.java:25)
	at java.lang.reflect.Method.invoke(Method.java:585)
	at junit.framework.TestCase.runTest(TestCase.java:154)
	at junit.framework.TestCase.runBare(TestCase.java:127)
	at junit.framework.TestResult$1.protect(TestResult.java:106)
	at junit.framework.TestResult.runProtected(TestResult.java:124)
	at junit.framework.TestResult.run(TestResult.java:109)
	at junit.framework.TestCase.run(TestCase.java:118)
	at junit.framework.TestSuite.runTest(TestSuite.java:208)
	at junit.framework.TestSuite.run(TestSuite.java:203)
	at junit.framework.TestSuite.runTest(TestSuite.java:208)
	at junit.framework.TestSuite.run(TestSuite.java:203)
	at junit.framework.TestSuite.runTest(TestSuite.java:208)
	at junit.framework.TestSuite.run(TestSuite.java:203)
	at org.apache.tools.ant.taskdefs.optional.junit.JUnitTestRunner.run(JUnitTestRunner.java:421)
	at org.apache.tools.ant.taskdefs.optional.junit.JUnitTestRunner.launch(JUnitTestRunner.java:912)
	at org.apache.tools.ant.taskdefs.optional.junit.JUnitTestRunner.main(JUnitTestRunner.java:766)
[Entering method <com.topcoder.clients.manager.dao.DAOClientManager.setClientStatus(Client client, ClientStatus status)>; Parameters:{ ParamName<client>; ParamValue: <[ id=0 name=   codeName=null salesTax=0.0 isDeleted=false company=null clientStatus=null]> , ParamName<status>; ParamValue: <[ id=0 name=s description=des isDeleted=false]>  }  at 2008-08-29 23:58:58.843 ]
[Error occurred in method <com.topcoder.clients.manager.dao.DAOClientManager.setClientStatus(Client client, ClientStatus status)>, cause by :
java.lang.IllegalArgumentException: The startDate of client should be set.
	at com.topcoder.clients.manager.dao.Helper.validateClient(Helper.java:135)
	at com.topcoder.clients.manager.dao.DAOClientManager.setClientStatus(DAOClientManager.java:518)
	at com.topcoder.clients.manager.dao.TestDAOClientManager.testSetClientStatus_F_2(TestDAOClientManager.java:1524)
	at sun.reflect.NativeMethodAccessorImpl.invoke0(Native Method)
	at sun.reflect.NativeMethodAccessorImpl.invoke(NativeMethodAccessorImpl.java:39)
	at sun.reflect.DelegatingMethodAccessorImpl.invoke(DelegatingMethodAccessorImpl.java:25)
	at java.lang.reflect.Method.invoke(Method.java:585)
	at junit.framework.TestCase.runTest(TestCase.java:154)
	at junit.framework.TestCase.runBare(TestCase.java:127)
	at junit.framework.TestResult$1.protect(TestResult.java:106)
	at junit.framework.TestResult.runProtected(TestResult.java:124)
	at junit.framework.TestResult.run(TestResult.java:109)
	at junit.framework.TestCase.run(TestCase.java:118)
	at junit.framework.TestSuite.runTest(TestSuite.java:208)
	at junit.framework.TestSuite.run(TestSuite.java:203)
	at junit.framework.TestSuite.runTest(TestSuite.java:208)
	at junit.framework.TestSuite.run(TestSuite.java:203)
	at junit.framework.TestSuite.runTest(TestSuite.java:208)
	at junit.framework.TestSuite.run(TestSuite.java:203)
	at org.apache.tools.ant.taskdefs.optional.junit.JUnitTestRunner.run(JUnitTestRunner.java:421)
	at org.apache.tools.ant.taskdefs.optional.junit.JUnitTestRunner.launch(JUnitTestRunner.java:912)
	at org.apache.tools.ant.taskdefs.optional.junit.JUnitTestRunner.main(JUnitTestRunner.java:766)
[Entering method <com.topcoder.clients.manager.dao.DAOClientManager.setClientStatus(Client client, ClientStatus status)>; Parameters:{ ParamName<client>; ParamValue: <[ id=0 name=name codeName=null salesTax=0.0 isDeleted=true company=null clientStatus=null]> , ParamName<status>; ParamValue: <[ id=0 name=s description=des isDeleted=false]>  }  at 2008-08-29 23:58:58.859 ]
[Error occurred in method <com.topcoder.clients.manager.dao.DAOClientManager.setClientStatus(Client client, ClientStatus status)>, cause by :
java.lang.IllegalArgumentException: The startDate of client should be set.
	at com.topcoder.clients.manager.dao.Helper.validateClient(Helper.java:135)
	at com.topcoder.clients.manager.dao.DAOClientManager.setClientStatus(DAOClientManager.java:518)
	at com.topcoder.clients.manager.dao.TestDAOClientManager.testSetClientStatus_F_3(TestDAOClientManager.java:1551)
	at sun.reflect.NativeMethodAccessorImpl.invoke0(Native Method)
	at sun.reflect.NativeMethodAccessorImpl.invoke(NativeMethodAccessorImpl.java:39)
	at sun.reflect.DelegatingMethodAccessorImpl.invoke(DelegatingMethodAccessorImpl.java:25)
	at java.lang.reflect.Method.invoke(Method.java:585)
	at junit.framework.TestCase.runTest(TestCase.java:154)
	at junit.framework.TestCase.runBare(TestCase.java:127)
	at junit.framework.TestResult$1.protect(TestResult.java:106)
	at junit.framework.TestResult.runProtected(TestResult.java:124)
	at junit.framework.TestResult.run(TestResult.java:109)
	at junit.framework.TestCase.run(TestCase.java:118)
	at junit.framework.TestSuite.runTest(TestSuite.java:208)
	at junit.framework.TestSuite.run(TestSuite.java:203)
	at junit.framework.TestSuite.runTest(TestSuite.java:208)
	at junit.framework.TestSuite.run(TestSuite.java:203)
	at junit.framework.TestSuite.runTest(TestSuite.java:208)
	at junit.framework.TestSuite.run(TestSuite.java:203)
	at org.apache.tools.ant.taskdefs.optional.junit.JUnitTestRunner.run(JUnitTestRunner.java:421)
	at org.apache.tools.ant.taskdefs.optional.junit.JUnitTestRunner.launch(JUnitTestRunner.java:912)
	at org.apache.tools.ant.taskdefs.optional.junit.JUnitTestRunner.main(JUnitTestRunner.java:766)
[Entering method <com.topcoder.clients.manager.dao.DAOClientManager.setClientStatus(Client client, ClientStatus status)>; Parameters:{ ParamName<client>; ParamValue: <[ id=0 name=name codeName=null salesTax=0.0 isDeleted=false company=null clientStatus=null]> , ParamName<status>; ParamValue: <null>  }  at 2008-08-29 23:58:58.859 ]
[Error occurred in method <com.topcoder.clients.manager.dao.DAOClientManager.setClientStatus(Client client, ClientStatus status)>, cause by :
java.lang.IllegalArgumentException: The startDate of client should be set.
	at com.topcoder.clients.manager.dao.Helper.validateClient(Helper.java:135)
	at com.topcoder.clients.manager.dao.DAOClientManager.setClientStatus(DAOClientManager.java:518)
	at com.topcoder.clients.manager.dao.TestDAOClientManager.testSetClientStatus_F_4(TestDAOClientManager.java:1578)
	at sun.reflect.NativeMethodAccessorImpl.invoke0(Native Method)
	at sun.reflect.NativeMethodAccessorImpl.invoke(NativeMethodAccessorImpl.java:39)
	at sun.reflect.DelegatingMethodAccessorImpl.invoke(DelegatingMethodAccessorImpl.java:25)
	at java.lang.reflect.Method.invoke(Method.java:585)
	at junit.framework.TestCase.runTest(TestCase.java:154)
	at junit.framework.TestCase.runBare(TestCase.java:127)
	at junit.framework.TestResult$1.protect(TestResult.java:106)
	at junit.framework.TestResult.runProtected(TestResult.java:124)
	at junit.framework.TestResult.run(TestResult.java:109)
	at junit.framework.TestCase.run(TestCase.java:118)
	at junit.framework.TestSuite.runTest(TestSuite.java:208)
	at junit.framework.TestSuite.run(TestSuite.java:203)
	at junit.framework.TestSuite.runTest(TestSuite.java:208)
	at junit.framework.TestSuite.run(TestSuite.java:203)
	at junit.framework.TestSuite.runTest(TestSuite.java:208)
	at junit.framework.TestSuite.run(TestSuite.java:203)
	at org.apache.tools.ant.taskdefs.optional.junit.JUnitTestRunner.run(JUnitTestRunner.java:421)
	at org.apache.tools.ant.taskdefs.optional.junit.JUnitTestRunner.launch(JUnitTestRunner.java:912)
	at org.apache.tools.ant.taskdefs.optional.junit.JUnitTestRunner.main(JUnitTestRunner.java:766)
[Entering method <com.topcoder.clients.manager.dao.DAOClientManager.setClientStatus(Client client, ClientStatus status)>; Parameters:{ ParamName<client>; ParamValue: <[ id=0 name=name codeName=null salesTax=0.0 isDeleted=false company=null clientStatus=null]> , ParamName<status>; ParamValue: <[ id=0 name=null description=des isDeleted=false]>  }  at 2008-08-29 23:58:58.875 ]
[Error occurred in method <com.topcoder.clients.manager.dao.DAOClientManager.setClientStatus(Client client, ClientStatus status)>, cause by :
java.lang.IllegalArgumentException: The startDate of client should be set.
	at com.topcoder.clients.manager.dao.Helper.validateClient(Helper.java:135)
	at com.topcoder.clients.manager.dao.DAOClientManager.setClientStatus(DAOClientManager.java:518)
	at com.topcoder.clients.manager.dao.TestDAOClientManager.testSetClientStatus_F_5(TestDAOClientManager.java:1605)
	at sun.reflect.NativeMethodAccessorImpl.invoke0(Native Method)
	at sun.reflect.NativeMethodAccessorImpl.invoke(NativeMethodAccessorImpl.java:39)
	at sun.reflect.DelegatingMethodAccessorImpl.invoke(DelegatingMethodAccessorImpl.java:25)
	at java.lang.reflect.Method.invoke(Method.java:585)
	at junit.framework.TestCase.runTest(TestCase.java:154)
	at junit.framework.TestCase.runBare(TestCase.java:127)
	at junit.framework.TestResult$1.protect(TestResult.java:106)
	at junit.framework.TestResult.runProtected(TestResult.java:124)
	at junit.framework.TestResult.run(TestResult.java:109)
	at junit.framework.TestCase.run(TestCase.java:118)
	at junit.framework.TestSuite.runTest(TestSuite.java:208)
	at junit.framework.TestSuite.run(TestSuite.java:203)
	at junit.framework.TestSuite.runTest(TestSuite.java:208)
	at junit.framework.TestSuite.run(TestSuite.java:203)
	at junit.framework.TestSuite.runTest(TestSuite.java:208)
	at junit.framework.TestSuite.run(TestSuite.java:203)
	at org.apache.tools.ant.taskdefs.optional.junit.JUnitTestRunner.run(JUnitTestRunner.java:421)
	at org.apache.tools.ant.taskdefs.optional.junit.JUnitTestRunner.launch(JUnitTestRunner.java:912)
	at org.apache.tools.ant.taskdefs.optional.junit.JUnitTestRunner.main(JUnitTestRunner.java:766)
[Entering method <com.topcoder.clients.manager.dao.DAOClientManager.setClientStatus(Client client, ClientStatus status)>; Parameters:{ ParamName<client>; ParamValue: <[ id=0 name=name codeName=null salesTax=0.0 isDeleted=false company=null clientStatus=null]> , ParamName<status>; ParamValue: <[ id=0 name=    description=des isDeleted=false]>  }  at 2008-08-29 23:58:58.875 ]
[Error occurred in method <com.topcoder.clients.manager.dao.DAOClientManager.setClientStatus(Client client, ClientStatus status)>, cause by :
java.lang.IllegalArgumentException: The startDate of client should be set.
	at com.topcoder.clients.manager.dao.Helper.validateClient(Helper.java:135)
	at com.topcoder.clients.manager.dao.DAOClientManager.setClientStatus(DAOClientManager.java:518)
	at com.topcoder.clients.manager.dao.TestDAOClientManager.testSetClientStatus_F_6(TestDAOClientManager.java:1632)
	at sun.reflect.NativeMethodAccessorImpl.invoke0(Native Method)
	at sun.reflect.NativeMethodAccessorImpl.invoke(NativeMethodAccessorImpl.java:39)
	at sun.reflect.DelegatingMethodAccessorImpl.invoke(DelegatingMethodAccessorImpl.java:25)
	at java.lang.reflect.Method.invoke(Method.java:585)
	at junit.framework.TestCase.runTest(TestCase.java:154)
	at junit.framework.TestCase.runBare(TestCase.java:127)
	at junit.framework.TestResult$1.protect(TestResult.java:106)
	at junit.framework.TestResult.runProtected(TestResult.java:124)
	at junit.framework.TestResult.run(TestResult.java:109)
	at junit.framework.TestCase.run(TestCase.java:118)
	at junit.framework.TestSuite.runTest(TestSuite.java:208)
	at junit.framework.TestSuite.run(TestSuite.java:203)
	at junit.framework.TestSuite.runTest(TestSuite.java:208)
	at junit.framework.TestSuite.run(TestSuite.java:203)
	at junit.framework.TestSuite.runTest(TestSuite.java:208)
	at junit.framework.TestSuite.run(TestSuite.java:203)
	at org.apache.tools.ant.taskdefs.optional.junit.JUnitTestRunner.run(JUnitTestRunner.java:421)
	at org.apache.tools.ant.taskdefs.optional.junit.JUnitTestRunner.launch(JUnitTestRunner.java:912)
	at org.apache.tools.ant.taskdefs.optional.junit.JUnitTestRunner.main(JUnitTestRunner.java:766)
[Entering method <com.topcoder.clients.manager.dao.DAOClientManager.setClientStatus(Client client, ClientStatus status)>; Parameters:{ ParamName<client>; ParamValue: <[ id=0 name=name codeName=null salesTax=0.0 isDeleted=false company=null clientStatus=null]> , ParamName<status>; ParamValue: <[ id=0 name=name description=    isDeleted=false]>  }  at 2008-08-29 23:58:58.875 ]
[Error occurred in method <com.topcoder.clients.manager.dao.DAOClientManager.setClientStatus(Client client, ClientStatus status)>, cause by :
java.lang.IllegalArgumentException: The startDate of client should be set.
	at com.topcoder.clients.manager.dao.Helper.validateClient(Helper.java:135)
	at com.topcoder.clients.manager.dao.DAOClientManager.setClientStatus(DAOClientManager.java:518)
	at com.topcoder.clients.manager.dao.TestDAOClientManager.testSetClientStatus_F_7(TestDAOClientManager.java:1659)
	at sun.reflect.NativeMethodAccessorImpl.invoke0(Native Method)
	at sun.reflect.NativeMethodAccessorImpl.invoke(NativeMethodAccessorImpl.java:39)
	at sun.reflect.DelegatingMethodAccessorImpl.invoke(DelegatingMethodAccessorImpl.java:25)
	at java.lang.reflect.Method.invoke(Method.java:585)
	at junit.framework.TestCase.runTest(TestCase.java:154)
	at junit.framework.TestCase.runBare(TestCase.java:127)
	at junit.framework.TestResult$1.protect(TestResult.java:106)
	at junit.framework.TestResult.runProtected(TestResult.java:124)
	at junit.framework.TestResult.run(TestResult.java:109)
	at junit.framework.TestCase.run(TestCase.java:118)
	at junit.framework.TestSuite.runTest(TestSuite.java:208)
	at junit.framework.TestSuite.run(TestSuite.java:203)
	at junit.framework.TestSuite.runTest(TestSuite.java:208)
	at junit.framework.TestSuite.run(TestSuite.java:203)
	at junit.framework.TestSuite.runTest(TestSuite.java:208)
	at junit.framework.TestSuite.run(TestSuite.java:203)
	at org.apache.tools.ant.taskdefs.optional.junit.JUnitTestRunner.run(JUnitTestRunner.java:421)
	at org.apache.tools.ant.taskdefs.optional.junit.JUnitTestRunner.launch(JUnitTestRunner.java:912)
	at org.apache.tools.ant.taskdefs.optional.junit.JUnitTestRunner.main(JUnitTestRunner.java:766)
[Entering method <com.topcoder.clients.manager.dao.DAOClientManager.setClientStatus(Client client, ClientStatus status)>; Parameters:{ ParamName<client>; ParamValue: <[ id=0 name=name codeName=null salesTax=0.0 isDeleted=false company=null clientStatus=null]> , ParamName<status>; ParamValue: <[ id=0 name=name description=des isDeleted=true]>  }  at 2008-08-29 23:58:58.890 ]
[Error occurred in method <com.topcoder.clients.manager.dao.DAOClientManager.setClientStatus(Client client, ClientStatus status)>, cause by :
java.lang.IllegalArgumentException: The startDate of client should be set.
	at com.topcoder.clients.manager.dao.Helper.validateClient(Helper.java:135)
	at com.topcoder.clients.manager.dao.DAOClientManager.setClientStatus(DAOClientManager.java:518)
	at com.topcoder.clients.manager.dao.TestDAOClientManager.testSetClientStatus_F_8(TestDAOClientManager.java:1687)
	at sun.reflect.NativeMethodAccessorImpl.invoke0(Native Method)
	at sun.reflect.NativeMethodAccessorImpl.invoke(NativeMethodAccessorImpl.java:39)
	at sun.reflect.DelegatingMethodAccessorImpl.invoke(DelegatingMethodAccessorImpl.java:25)
	at java.lang.reflect.Method.invoke(Method.java:585)
	at junit.framework.TestCase.runTest(TestCase.java:154)
	at junit.framework.TestCase.runBare(TestCase.java:127)
	at junit.framework.TestResult$1.protect(TestResult.java:106)
	at junit.framework.TestResult.runProtected(TestResult.java:124)
	at junit.framework.TestResult.run(TestResult.java:109)
	at junit.framework.TestCase.run(TestCase.java:118)
	at junit.framework.TestSuite.runTest(TestSuite.java:208)
	at junit.framework.TestSuite.run(TestSuite.java:203)
	at junit.framework.TestSuite.runTest(TestSuite.java:208)
	at junit.framework.TestSuite.run(TestSuite.java:203)
	at junit.framework.TestSuite.runTest(TestSuite.java:208)
	at junit.framework.TestSuite.run(TestSuite.java:203)
	at org.apache.tools.ant.taskdefs.optional.junit.JUnitTestRunner.run(JUnitTestRunner.java:421)
	at org.apache.tools.ant.taskdefs.optional.junit.JUnitTestRunner.launch(JUnitTestRunner.java:912)
	at org.apache.tools.ant.taskdefs.optional.junit.JUnitTestRunner.main(JUnitTestRunner.java:766)
[Entering method <com.topcoder.clients.manager.dao.DAOClientManager.setClientStatus(Client client, ClientStatus status)>; Parameters:{ ParamName<client>; ParamValue: <[ id=0 name=name codeName=null salesTax=0.0 isDeleted=false company=null clientStatus=null]> , ParamName<status>; ParamValue: <[ id=0 name=name description=des isDeleted=false]>  }  at 2008-08-29 23:58:58.890 ]
[Entering method <com.topcoder.clients.manager.dao.DAOClientManager.updateClient(Client client)>; Parameters:{ ParamName<client>; ParamValue: <[ id=0 name=name codeName=null salesTax=0.0 isDeleted=false company=null clientStatus=[ id=0 name=name description=des isDeleted=false&#x5d;&#x5d;&gt;  }  at 2008-08-29 23:58:58.890 ]
[Error occurred in method <com.topcoder.clients.manager.dao.DAOClientManager.updateClient(Client client)>, cause by :
com.topcoder.clients.manager.ClientEntityNotFoundException: The client entity does not exist in persistence with id=0
	at com.topcoder.clients.manager.dao.DAOClientManager.checkClientExisted(DAOClientManager.java:379)
	at com.topcoder.clients.manager.dao.DAOClientManager.updateClient(DAOClientManager.java:341)
	at com.topcoder.clients.manager.dao.DAOClientManager.setClientStatus(DAOClientManager.java:529)
	at com.topcoder.clients.manager.dao.TestDAOClientManager.testSetClientStatus_F_9(TestDAOClientManager.java:1718)
	at sun.reflect.NativeMethodAccessorImpl.invoke0(Native Method)
	at sun.reflect.NativeMethodAccessorImpl.invoke(NativeMethodAccessorImpl.java:39)
	at sun.reflect.DelegatingMethodAccessorImpl.invoke(DelegatingMethodAccessorImpl.java:25)
	at java.lang.reflect.Method.invoke(Method.java:585)
	at junit.framework.TestCase.runTest(TestCase.java:154)
	at junit.framework.TestCase.runBare(TestCase.java:127)
	at junit.framework.TestResult$1.protect(TestResult.java:106)
	at junit.framework.TestResult.runProtected(TestResult.java:124)
	at junit.framework.TestResult.run(TestResult.java:109)
	at junit.framework.TestCase.run(TestCase.java:118)
	at junit.framework.TestSuite.runTest(TestSuite.java:208)
	at junit.framework.TestSuite.run(TestSuite.java:203)
	at junit.framework.TestSuite.runTest(TestSuite.java:208)
	at junit.framework.TestSuite.run(TestSuite.java:203)
	at junit.framework.TestSuite.runTest(TestSuite.java:208)
	at junit.framework.TestSuite.run(TestSuite.java:203)
	at org.apache.tools.ant.taskdefs.optional.junit.JUnitTestRunner.run(JUnitTestRunner.java:421)
	at org.apache.tools.ant.taskdefs.optional.junit.JUnitTestRunner.launch(JUnitTestRunner.java:912)
	at org.apache.tools.ant.taskdefs.optional.junit.JUnitTestRunner.main(JUnitTestRunner.java:766)
[Entering method <com.topcoder.clients.manager.dao.DAOClientManager.setClientStatus(Client client, ClientStatus status)>; Parameters:{ ParamName<client>; ParamValue: <[ id=1 name=DAOConfigurationException codeName=null salesTax=0.0 isDeleted=false company=null clientStatus=null]> , ParamName<status>; ParamValue: <[ id=0 name=name description=des isDeleted=false]>  }  at 2008-08-29 23:58:58.890 ]
[Entering method <com.topcoder.clients.manager.dao.DAOClientManager.updateClient(Client client)>; Parameters:{ ParamName<client>; ParamValue: <[ id=1 name=DAOConfigurationException codeName=null salesTax=0.0 isDeleted=false company=null clientStatus=[ id=0 name=name description=des isDeleted=false&#x5d;&#x5d;&gt;  }  at 2008-08-29 23:58:58.890 ]
[Error occurred in method <com.topcoder.clients.manager.dao.DAOClientManager.updateClient(Client client)>, cause by :
com.topcoder.clients.manager.ClientManagerException: Fail to update the client, cause by Throw for testing
	at com.topcoder.clients.manager.dao.DAOClientManager.wrapInnerException(DAOClientManager.java:305)
	at com.topcoder.clients.manager.dao.DAOClientManager.updateClient(DAOClientManager.java:353)
	at com.topcoder.clients.manager.dao.DAOClientManager.setClientStatus(DAOClientManager.java:529)
	at com.topcoder.clients.manager.dao.TestDAOClientManager.testSetClientStatus_F_10(TestDAOClientManager.java:1750)
	at sun.reflect.NativeMethodAccessorImpl.invoke0(Native Method)
	at sun.reflect.NativeMethodAccessorImpl.invoke(NativeMethodAccessorImpl.java:39)
	at sun.reflect.DelegatingMethodAccessorImpl.invoke(DelegatingMethodAccessorImpl.java:25)
	at java.lang.reflect.Method.invoke(Method.java:585)
	at junit.framework.TestCase.runTest(TestCase.java:154)
	at junit.framework.TestCase.runBare(TestCase.java:127)
	at junit.framework.TestResult$1.protect(TestResult.java:106)
	at junit.framework.TestResult.runProtected(TestResult.java:124)
	at junit.framework.TestResult.run(TestResult.java:109)
	at junit.framework.TestCase.run(TestCase.java:118)
	at junit.framework.TestSuite.runTest(TestSuite.java:208)
	at junit.framework.TestSuite.run(TestSuite.java:203)
	at junit.framework.TestSuite.runTest(TestSuite.java:208)
	at junit.framework.TestSuite.run(TestSuite.java:203)
	at junit.framework.TestSuite.runTest(TestSuite.java:208)
	at junit.framework.TestSuite.run(TestSuite.java:203)
	at org.apache.tools.ant.taskdefs.optional.junit.JUnitTestRunner.run(JUnitTestRunner.java:421)
	at org.apache.tools.ant.taskdefs.optional.junit.JUnitTestRunner.launch(JUnitTestRunner.java:912)
	at org.apache.tools.ant.taskdefs.optional.junit.JUnitTestRunner.main(JUnitTestRunner.java:766)
Caused by: com.topcoder.clients.dao.DAOConfigurationException: Throw for testing
	at com.topcoder.clients.manager.MockClientDAO.save(MockClientDAO.java:187)
	at com.topcoder.clients.manager.dao.DAOClientManager.updateClient(DAOClientManager.java:344)
	... 21 more
Caused by: java.lang.NullPointerException: NPE Raised 
	... 23 more
[Entering method <com.topcoder.clients.manager.dao.DAOClientManager.setClientStatus(Client client, ClientStatus status)>; Parameters:{ ParamName<client>; ParamValue: <[ id=1 name=ok codeName=null salesTax=0.0 isDeleted=false company=null clientStatus=null]> , ParamName<status>; ParamValue: <[ id=0 name=name description=des isDeleted=false]>  }  at 2008-08-29 23:58:58.906 ]
[Entering method <com.topcoder.clients.manager.dao.DAOClientManager.updateClient(Client client)>; Parameters:{ ParamName<client>; ParamValue: <[ id=1 name=ok codeName=null salesTax=0.0 isDeleted=false company=null clientStatus=[ id=0 name=name description=des isDeleted=false&#x5d;&#x5d;&gt;  }  at 2008-08-29 23:58:58.906 ]
[Exiting method <com.topcoder.clients.manager.dao.DAOClientManager.updateClient(Client client)>; Return value:<[ id=1 name=ok codeName=null salesTax=0.0 isDeleted=false company=null clientStatus=[ id=0 name=name description=des isDeleted=false&#x5d;&#x5d;&gt;]  at 2008-08-29 23:58:58.906
[Exiting method <com.topcoder.clients.manager.dao.DAOClientManager.setClientStatus(Client client, ClientStatus status)>; Return value:<[ id=1 name=ok codeName=null salesTax=0.0 isDeleted=false company=null clientStatus=[ id=0 name=name description=des isDeleted=false&#x5d;&#x5d;&gt;]  at 2008-08-29 23:58:58.906
[Entering method <com.topcoder.clients.manager.dao.DAOClientManager.retrieveClient(long id)>; Parameters:{ ParamName<id>; ParamValue: <-1>  }  at 2008-08-29 23:58:58.906 ]
[Error occurred in method <com.topcoder.clients.manager.dao.DAOClientManager.retrieveClient(long id)>, cause by :
java.lang.IllegalArgumentException: The parameter id should not be negative.
	at com.topcoder.clients.manager.dao.Helper.checkId(Helper.java:115)
	at com.topcoder.clients.manager.dao.DAOClientManager.retrieveClient(DAOClientManager.java:552)
	at com.topcoder.clients.manager.dao.TestDAOClientManager.testRetrieveClient_F_1(TestDAOClientManager.java:1798)
	at sun.reflect.NativeMethodAccessorImpl.invoke0(Native Method)
	at sun.reflect.NativeMethodAccessorImpl.invoke(NativeMethodAccessorImpl.java:39)
	at sun.reflect.DelegatingMethodAccessorImpl.invoke(DelegatingMethodAccessorImpl.java:25)
	at java.lang.reflect.Method.invoke(Method.java:585)
	at junit.framework.TestCase.runTest(TestCase.java:154)
	at junit.framework.TestCase.runBare(TestCase.java:127)
	at junit.framework.TestResult$1.protect(TestResult.java:106)
	at junit.framework.TestResult.runProtected(TestResult.java:124)
	at junit.framework.TestResult.run(TestResult.java:109)
	at junit.framework.TestCase.run(TestCase.java:118)
	at junit.framework.TestSuite.runTest(TestSuite.java:208)
	at junit.framework.TestSuite.run(TestSuite.java:203)
	at junit.framework.TestSuite.runTest(TestSuite.java:208)
	at junit.framework.TestSuite.run(TestSuite.java:203)
	at junit.framework.TestSuite.runTest(TestSuite.java:208)
	at junit.framework.TestSuite.run(TestSuite.java:203)
	at org.apache.tools.ant.taskdefs.optional.junit.JUnitTestRunner.run(JUnitTestRunner.java:421)
	at org.apache.tools.ant.taskdefs.optional.junit.JUnitTestRunner.launch(JUnitTestRunner.java:912)
	at org.apache.tools.ant.taskdefs.optional.junit.JUnitTestRunner.main(JUnitTestRunner.java:766)
[Entering method <com.topcoder.clients.manager.dao.DAOClientManager.retrieveClient(long id)>; Parameters:{ ParamName<id>; ParamValue: <999>  }  at 2008-08-29 23:58:58.921 ]
[Error occurred in method <com.topcoder.clients.manager.dao.DAOClientManager.retrieveClient(long id)>, cause by :
com.topcoder.clients.manager.ClientManagerException: Fail to retrieve the client by id=999 cause by com.topcoder.clients.model.ClientStatus
	at com.topcoder.clients.manager.dao.DAOClientManager.wrapInnerException(DAOClientManager.java:305)
	at com.topcoder.clients.manager.dao.DAOClientManager.retrieveClient(DAOClientManager.java:566)
	at com.topcoder.clients.manager.dao.TestDAOClientManager.testRetrieveClient_F_2(TestDAOClientManager.java:1817)
	at sun.reflect.NativeMethodAccessorImpl.invoke0(Native Method)
	at sun.reflect.NativeMethodAccessorImpl.invoke(NativeMethodAccessorImpl.java:39)
	at sun.reflect.DelegatingMethodAccessorImpl.invoke(DelegatingMethodAccessorImpl.java:25)
	at java.lang.reflect.Method.invoke(Method.java:585)
	at junit.framework.TestCase.runTest(TestCase.java:154)
	at junit.framework.TestCase.runBare(TestCase.java:127)
	at junit.framework.TestResult$1.protect(TestResult.java:106)
	at junit.framework.TestResult.runProtected(TestResult.java:124)
	at junit.framework.TestResult.run(TestResult.java:109)
	at junit.framework.TestCase.run(TestCase.java:118)
	at junit.framework.TestSuite.runTest(TestSuite.java:208)
	at junit.framework.TestSuite.run(TestSuite.java:203)
	at junit.framework.TestSuite.runTest(TestSuite.java:208)
	at junit.framework.TestSuite.run(TestSuite.java:203)
	at junit.framework.TestSuite.runTest(TestSuite.java:208)
	at junit.framework.TestSuite.run(TestSuite.java:203)
	at org.apache.tools.ant.taskdefs.optional.junit.JUnitTestRunner.run(JUnitTestRunner.java:421)
	at org.apache.tools.ant.taskdefs.optional.junit.JUnitTestRunner.launch(JUnitTestRunner.java:912)
	at org.apache.tools.ant.taskdefs.optional.junit.JUnitTestRunner.main(JUnitTestRunner.java:766)
Caused by: java.lang.ClassCastException: com.topcoder.clients.model.ClientStatus
	at com.topcoder.clients.manager.dao.DAOClientManager.retrieveClient(DAOClientManager.java:554)
	... 20 more
[Entering method <com.topcoder.clients.manager.dao.DAOClientManager.retrieveClient(long id)>; Parameters:{ ParamName<id>; ParamValue: <1001>  }  at 2008-08-29 23:58:58.921 ]
[Error occurred in method <com.topcoder.clients.manager.dao.DAOClientManager.retrieveClient(long id)>, cause by :
com.topcoder.clients.manager.ClientManagerException: Fail to retrieve the client by id=1001 cause by Throw for testing
	at com.topcoder.clients.manager.dao.DAOClientManager.wrapInnerException(DAOClientManager.java:305)
	at com.topcoder.clients.manager.dao.DAOClientManager.retrieveClient(DAOClientManager.java:569)
	at com.topcoder.clients.manager.dao.TestDAOClientManager.testRetrieveClient_F_3(TestDAOClientManager.java:1836)
	at sun.reflect.NativeMethodAccessorImpl.invoke0(Native Method)
	at sun.reflect.NativeMethodAccessorImpl.invoke(NativeMethodAccessorImpl.java:39)
	at sun.reflect.DelegatingMethodAccessorImpl.invoke(DelegatingMethodAccessorImpl.java:25)
	at java.lang.reflect.Method.invoke(Method.java:585)
	at junit.framework.TestCase.runTest(TestCase.java:154)
	at junit.framework.TestCase.runBare(TestCase.java:127)
	at junit.framework.TestResult$1.protect(TestResult.java:106)
	at junit.framework.TestResult.runProtected(TestResult.java:124)
	at junit.framework.TestResult.run(TestResult.java:109)
	at junit.framework.TestCase.run(TestCase.java:118)
	at junit.framework.TestSuite.runTest(TestSuite.java:208)
	at junit.framework.TestSuite.run(TestSuite.java:203)
	at junit.framework.TestSuite.runTest(TestSuite.java:208)
	at junit.framework.TestSuite.run(TestSuite.java:203)
	at junit.framework.TestSuite.runTest(TestSuite.java:208)
	at junit.framework.TestSuite.run(TestSuite.java:203)
	at org.apache.tools.ant.taskdefs.optional.junit.JUnitTestRunner.run(JUnitTestRunner.java:421)
	at org.apache.tools.ant.taskdefs.optional.junit.JUnitTestRunner.launch(JUnitTestRunner.java:912)
	at org.apache.tools.ant.taskdefs.optional.junit.JUnitTestRunner.main(JUnitTestRunner.java:766)
Caused by: com.topcoder.clients.dao.DAOConfigurationException: Throw for testing
	at com.topcoder.clients.manager.MockClientDAO.retrieveById(MockClientDAO.java:84)
	at com.topcoder.clients.manager.dao.DAOClientManager.retrieveClient(DAOClientManager.java:554)
	... 20 more
Caused by: java.lang.NullPointerException: NPE Raised 
	... 22 more
[Entering method <com.topcoder.clients.manager.dao.DAOClientManager.retrieveClient(long id)>; Parameters:{ ParamName<id>; ParamValue: <10001>  }  at 2008-08-29 23:58:58.921 ]
[Error occurred in method <com.topcoder.clients.manager.dao.DAOClientManager.retrieveClient(long id)>, cause by :
com.topcoder.clients.manager.ClientManagerException: Fail to retrieve the client by id=10001 cause by Throw for testing
	at com.topcoder.clients.manager.dao.DAOClientManager.wrapInnerException(DAOClientManager.java:305)
	at com.topcoder.clients.manager.dao.DAOClientManager.retrieveClient(DAOClientManager.java:563)
	at com.topcoder.clients.manager.dao.TestDAOClientManager.testRetrieveClient_F_4(TestDAOClientManager.java:1855)
	at sun.reflect.NativeMethodAccessorImpl.invoke0(Native Method)
	at sun.reflect.NativeMethodAccessorImpl.invoke(NativeMethodAccessorImpl.java:39)
	at sun.reflect.DelegatingMethodAccessorImpl.invoke(DelegatingMethodAccessorImpl.java:25)
	at java.lang.reflect.Method.invoke(Method.java:585)
	at junit.framework.TestCase.runTest(TestCase.java:154)
	at junit.framework.TestCase.runBare(TestCase.java:127)
	at junit.framework.TestResult$1.protect(TestResult.java:106)
	at junit.framework.TestResult.runProtected(TestResult.java:124)
	at junit.framework.TestResult.run(TestResult.java:109)
	at junit.framework.TestCase.run(TestCase.java:118)
	at junit.framework.TestSuite.runTest(TestSuite.java:208)
	at junit.framework.TestSuite.run(TestSuite.java:203)
	at junit.framework.TestSuite.runTest(TestSuite.java:208)
	at junit.framework.TestSuite.run(TestSuite.java:203)
	at junit.framework.TestSuite.runTest(TestSuite.java:208)
	at junit.framework.TestSuite.run(TestSuite.java:203)
	at org.apache.tools.ant.taskdefs.optional.junit.JUnitTestRunner.run(JUnitTestRunner.java:421)
	at org.apache.tools.ant.taskdefs.optional.junit.JUnitTestRunner.launch(JUnitTestRunner.java:912)
	at org.apache.tools.ant.taskdefs.optional.junit.JUnitTestRunner.main(JUnitTestRunner.java:766)
Caused by: com.topcoder.clients.dao.DAOException: Throw for testing
	at com.topcoder.clients.manager.MockClientDAO.retrieveById(MockClientDAO.java:88)
	at com.topcoder.clients.manager.dao.DAOClientManager.retrieveClient(DAOClientManager.java:554)
	... 20 more
Caused by: java.lang.NullPointerException: NPE Raised 
	... 22 more
[Entering method <com.topcoder.clients.manager.dao.DAOClientManager.retrieveClient(long id)>; Parameters:{ ParamName<id>; ParamValue: <1>  }  at 2008-08-29 23:58:58.953 ]
[Exiting method <com.topcoder.clients.manager.dao.DAOClientManager.retrieveClient(long id)>; Return value:<[ id=1 name=ok codeName=null salesTax=0.0 isDeleted=false company=null clientStatus=null]>]  at 2008-08-29 23:58:58.953
[Entering method <com.topcoder.clients.manager.dao.DAOClientManager.retrieveAllClients>; Parameters:{ }  at 2008-08-29 23:58:58.968 ]
[Error occurred in method <com.topcoder.clients.manager.dao.DAOClientManager.retrieveAllClients>, cause by :
com.topcoder.clients.manager.ClientManagerException: Fail to retrieve all clients, cause by Throw for testing
	at com.topcoder.clients.manager.dao.DAOClientManager.wrapInnerException(DAOClientManager.java:305)
	at com.topcoder.clients.manager.dao.DAOClientManager.retrieveAllClients(DAOClientManager.java:591)
	at com.topcoder.clients.manager.dao.TestDAOClientManager.testRetrieveAllClients_F_1(TestDAOClientManager.java:1896)
	at sun.reflect.NativeMethodAccessorImpl.invoke0(Native Method)
	at sun.reflect.NativeMethodAccessorImpl.invoke(NativeMethodAccessorImpl.java:39)
	at sun.reflect.DelegatingMethodAccessorImpl.invoke(DelegatingMethodAccessorImpl.java:25)
	at java.lang.reflect.Method.invoke(Method.java:585)
	at junit.framework.TestCase.runTest(TestCase.java:154)
	at junit.framework.TestCase.runBare(TestCase.java:127)
	at junit.framework.TestResult$1.protect(TestResult.java:106)
	at junit.framework.TestResult.runProtected(TestResult.java:124)
	at junit.framework.TestResult.run(TestResult.java:109)
	at junit.framework.TestCase.run(TestCase.java:118)
	at junit.framework.TestSuite.runTest(TestSuite.java:208)
	at junit.framework.TestSuite.run(TestSuite.java:203)
	at junit.framework.TestSuite.runTest(TestSuite.java:208)
	at junit.framework.TestSuite.run(TestSuite.java:203)
	at junit.framework.TestSuite.runTest(TestSuite.java:208)
	at junit.framework.TestSuite.run(TestSuite.java:203)
	at org.apache.tools.ant.taskdefs.optional.junit.JUnitTestRunner.run(JUnitTestRunner.java:421)
	at org.apache.tools.ant.taskdefs.optional.junit.JUnitTestRunner.launch(JUnitTestRunner.java:912)
	at org.apache.tools.ant.taskdefs.optional.junit.JUnitTestRunner.main(JUnitTestRunner.java:766)
Caused by: com.topcoder.clients.dao.DAOException: Throw for testing
	at com.topcoder.clients.manager.MockClientDAO.retrieveAll(MockClientDAO.java:104)
	at com.topcoder.clients.manager.dao.DAOClientManager.retrieveAllClients(DAOClientManager.java:586)
	... 20 more
Caused by: java.lang.NullPointerException: NPE Raised 
	... 22 more
[Entering method <com.topcoder.clients.manager.dao.DAOClientManager.retrieveAllClients>; Parameters:{ }  at 2008-08-29 23:58:58.968 ]
[Error occurred in method <com.topcoder.clients.manager.dao.DAOClientManager.retrieveAllClients>, cause by :
com.topcoder.clients.manager.ClientManagerException: Fail to retrieve all clients, cause by Throw for testing
	at com.topcoder.clients.manager.dao.DAOClientManager.wrapInnerException(DAOClientManager.java:305)
	at com.topcoder.clients.manager.dao.DAOClientManager.retrieveAllClients(DAOClientManager.java:593)
	at com.topcoder.clients.manager.dao.TestDAOClientManager.testRetrieveAllClients_F_2(TestDAOClientManager.java:1922)
	at sun.reflect.NativeMethodAccessorImpl.invoke0(Native Method)
	at sun.reflect.NativeMethodAccessorImpl.invoke(NativeMethodAccessorImpl.java:39)
	at sun.reflect.DelegatingMethodAccessorImpl.invoke(DelegatingMethodAccessorImpl.java:25)
	at java.lang.reflect.Method.invoke(Method.java:585)
	at junit.framework.TestCase.runTest(TestCase.java:154)
	at junit.framework.TestCase.runBare(TestCase.java:127)
	at junit.framework.TestResult$1.protect(TestResult.java:106)
	at junit.framework.TestResult.runProtected(TestResult.java:124)
	at junit.framework.TestResult.run(TestResult.java:109)
	at junit.framework.TestCase.run(TestCase.java:118)
	at junit.framework.TestSuite.runTest(TestSuite.java:208)
	at junit.framework.TestSuite.run(TestSuite.java:203)
	at junit.framework.TestSuite.runTest(TestSuite.java:208)
	at junit.framework.TestSuite.run(TestSuite.java:203)
	at junit.framework.TestSuite.runTest(TestSuite.java:208)
	at junit.framework.TestSuite.run(TestSuite.java:203)
	at org.apache.tools.ant.taskdefs.optional.junit.JUnitTestRunner.run(JUnitTestRunner.java:421)
	at org.apache.tools.ant.taskdefs.optional.junit.JUnitTestRunner.launch(JUnitTestRunner.java:912)
	at org.apache.tools.ant.taskdefs.optional.junit.JUnitTestRunner.main(JUnitTestRunner.java:766)
Caused by: com.topcoder.clients.dao.DAOConfigurationException: Throw for testing
	at com.topcoder.clients.manager.MockClientDAO.retrieveAll(MockClientDAO.java:108)
	at com.topcoder.clients.manager.dao.DAOClientManager.retrieveAllClients(DAOClientManager.java:586)
	... 20 more
Caused by: java.lang.NullPointerException: NPE Raised 
	... 22 more
[Entering method <com.topcoder.clients.manager.dao.DAOClientManager.retrieveAllClients>; Parameters:{ }  at 2008-08-29 23:58:58.984 ]
[Exiting method <com.topcoder.clients.manager.dao.DAOClientManager.retrieveAllClients>; Return value:<[]>]  at 2008-08-29 23:58:58.984
[Entering method <com.topcoder.clients.manager.dao.DAOClientManager.searchClientsByName(String name)>; Parameters:{ ParamName<name>; ParamValue: <null>  }  at 2008-08-29 23:58:58.984 ]
[Error occurred in method <com.topcoder.clients.manager.dao.DAOClientManager.searchClientsByName(String name)>, cause by :
java.lang.IllegalArgumentException: The parameter 'name' should not be null.
	at com.topcoder.clients.manager.dao.Helper.checkNull(Helper.java:69)
	at com.topcoder.clients.manager.dao.Helper.checkString(Helper.java:98)
	at com.topcoder.clients.manager.dao.DAOClientManager.searchClientsByName(DAOClientManager.java:615)
	at com.topcoder.clients.manager.dao.TestDAOClientManager.testSearchClientsByName_F_1(TestDAOClientManager.java:1960)
	at sun.reflect.NativeMethodAccessorImpl.invoke0(Native Method)
	at sun.reflect.NativeMethodAccessorImpl.invoke(NativeMethodAccessorImpl.java:39)
	at sun.reflect.DelegatingMethodAccessorImpl.invoke(DelegatingMethodAccessorImpl.java:25)
	at java.lang.reflect.Method.invoke(Method.java:585)
	at junit.framework.TestCase.runTest(TestCase.java:154)
	at junit.framework.TestCase.runBare(TestCase.java:127)
	at junit.framework.TestResult$1.protect(TestResult.java:106)
	at junit.framework.TestResult.runProtected(TestResult.java:124)
	at junit.framework.TestResult.run(TestResult.java:109)
	at junit.framework.TestCase.run(TestCase.java:118)
	at junit.framework.TestSuite.runTest(TestSuite.java:208)
	at junit.framework.TestSuite.run(TestSuite.java:203)
	at junit.framework.TestSuite.runTest(TestSuite.java:208)
	at junit.framework.TestSuite.run(TestSuite.java:203)
	at junit.framework.TestSuite.runTest(TestSuite.java:208)
	at junit.framework.TestSuite.run(TestSuite.java:203)
	at org.apache.tools.ant.taskdefs.optional.junit.JUnitTestRunner.run(JUnitTestRunner.java:421)
	at org.apache.tools.ant.taskdefs.optional.junit.JUnitTestRunner.launch(JUnitTestRunner.java:912)
	at org.apache.tools.ant.taskdefs.optional.junit.JUnitTestRunner.main(JUnitTestRunner.java:766)
[Entering method <com.topcoder.clients.manager.dao.DAOClientManager.searchClientsByName(String name)>; Parameters:{ ParamName<name>; ParamValue: <  >  }  at 2008-08-29 23:58:58.984 ]
[Error occurred in method <com.topcoder.clients.manager.dao.DAOClientManager.searchClientsByName(String name)>, cause by :
java.lang.IllegalArgumentException: The parameter with name should not be empty string.
	at com.topcoder.clients.manager.dao.Helper.checkString(Helper.java:101)
	at com.topcoder.clients.manager.dao.DAOClientManager.searchClientsByName(DAOClientManager.java:615)
	at com.topcoder.clients.manager.dao.TestDAOClientManager.testSearchClientsByName_F_2(TestDAOClientManager.java:1979)
	at sun.reflect.NativeMethodAccessorImpl.invoke0(Native Method)
	at sun.reflect.NativeMethodAccessorImpl.invoke(NativeMethodAccessorImpl.java:39)
	at sun.reflect.DelegatingMethodAccessorImpl.invoke(DelegatingMethodAccessorImpl.java:25)
	at java.lang.reflect.Method.invoke(Method.java:585)
	at junit.framework.TestCase.runTest(TestCase.java:154)
	at junit.framework.TestCase.runBare(TestCase.java:127)
	at junit.framework.TestResult$1.protect(TestResult.java:106)
	at junit.framework.TestResult.runProtected(TestResult.java:124)
	at junit.framework.TestResult.run(TestResult.java:109)
	at junit.framework.TestCase.run(TestCase.java:118)
	at junit.framework.TestSuite.runTest(TestSuite.java:208)
	at junit.framework.TestSuite.run(TestSuite.java:203)
	at junit.framework.TestSuite.runTest(TestSuite.java:208)
	at junit.framework.TestSuite.run(TestSuite.java:203)
	at junit.framework.TestSuite.runTest(TestSuite.java:208)
	at junit.framework.TestSuite.run(TestSuite.java:203)
	at org.apache.tools.ant.taskdefs.optional.junit.JUnitTestRunner.run(JUnitTestRunner.java:421)
	at org.apache.tools.ant.taskdefs.optional.junit.JUnitTestRunner.launch(JUnitTestRunner.java:912)
	at org.apache.tools.ant.taskdefs.optional.junit.JUnitTestRunner.main(JUnitTestRunner.java:766)
[Entering method <com.topcoder.clients.manager.dao.DAOClientManager.searchClientsByName(String name)>; Parameters:{ ParamName<name>; ParamValue: <DAOException>  }  at 2008-08-29 23:58:59.000 ]
[Error occurred in method <com.topcoder.clients.manager.dao.DAOClientManager.searchClientsByName(String name)>, cause by :
com.topcoder.clients.manager.ClientManagerException: Fail to search clients by name=DAOException, cause by Throw for testing
	at com.topcoder.clients.manager.dao.DAOClientManager.wrapInnerException(DAOClientManager.java:305)
	at com.topcoder.clients.manager.dao.DAOClientManager.searchClientsByName(DAOClientManager.java:625)
	at com.topcoder.clients.manager.dao.TestDAOClientManager.testSearchClientsByName_F_3(TestDAOClientManager.java:1998)
	at sun.reflect.NativeMethodAccessorImpl.invoke0(Native Method)
	at sun.reflect.NativeMethodAccessorImpl.invoke(NativeMethodAccessorImpl.java:39)
	at sun.reflect.DelegatingMethodAccessorImpl.invoke(DelegatingMethodAccessorImpl.java:25)
	at java.lang.reflect.Method.invoke(Method.java:585)
	at junit.framework.TestCase.runTest(TestCase.java:154)
	at junit.framework.TestCase.runBare(TestCase.java:127)
	at junit.framework.TestResult$1.protect(TestResult.java:106)
	at junit.framework.TestResult.runProtected(TestResult.java:124)
	at junit.framework.TestResult.run(TestResult.java:109)
	at junit.framework.TestCase.run(TestCase.java:118)
	at junit.framework.TestSuite.runTest(TestSuite.java:208)
	at junit.framework.TestSuite.run(TestSuite.java:203)
	at junit.framework.TestSuite.runTest(TestSuite.java:208)
	at junit.framework.TestSuite.run(TestSuite.java:203)
	at junit.framework.TestSuite.runTest(TestSuite.java:208)
	at junit.framework.TestSuite.run(TestSuite.java:203)
	at org.apache.tools.ant.taskdefs.optional.junit.JUnitTestRunner.run(JUnitTestRunner.java:421)
	at org.apache.tools.ant.taskdefs.optional.junit.JUnitTestRunner.launch(JUnitTestRunner.java:912)
	at org.apache.tools.ant.taskdefs.optional.junit.JUnitTestRunner.main(JUnitTestRunner.java:766)
Caused by: com.topcoder.clients.dao.DAOException: Throw for testing
	at com.topcoder.clients.manager.MockClientDAO.searchByName(MockClientDAO.java:129)
	at com.topcoder.clients.manager.dao.DAOClientManager.searchClientsByName(DAOClientManager.java:617)
	... 20 more
Caused by: java.lang.NullPointerException: NPE Raised 
	... 22 more
[Entering method <com.topcoder.clients.manager.dao.DAOClientManager.searchClientsByName(String name)>; Parameters:{ ParamName<name>; ParamValue: <DAOConfigurationException>  }  at 2008-08-29 23:58:59.000 ]
[Error occurred in method <com.topcoder.clients.manager.dao.DAOClientManager.searchClientsByName(String name)>, cause by :
com.topcoder.clients.manager.ClientManagerException: Fail to search clients by name=DAOConfigurationException, cause by Throw for testing
	at com.topcoder.clients.manager.dao.DAOClientManager.wrapInnerException(DAOClientManager.java:305)
	at com.topcoder.clients.manager.dao.DAOClientManager.searchClientsByName(DAOClientManager.java:628)
	at com.topcoder.clients.manager.dao.TestDAOClientManager.testSearchClientsByName_F_4(TestDAOClientManager.java:2017)
	at sun.reflect.NativeMethodAccessorImpl.invoke0(Native Method)
	at sun.reflect.NativeMethodAccessorImpl.invoke(NativeMethodAccessorImpl.java:39)
	at sun.reflect.DelegatingMethodAccessorImpl.invoke(DelegatingMethodAccessorImpl.java:25)
	at java.lang.reflect.Method.invoke(Method.java:585)
	at junit.framework.TestCase.runTest(TestCase.java:154)
	at junit.framework.TestCase.runBare(TestCase.java:127)
	at junit.framework.TestResult$1.protect(TestResult.java:106)
	at junit.framework.TestResult.runProtected(TestResult.java:124)
	at junit.framework.TestResult.run(TestResult.java:109)
	at junit.framework.TestCase.run(TestCase.java:118)
	at junit.framework.TestSuite.runTest(TestSuite.java:208)
	at junit.framework.TestSuite.run(TestSuite.java:203)
	at junit.framework.TestSuite.runTest(TestSuite.java:208)
	at junit.framework.TestSuite.run(TestSuite.java:203)
	at junit.framework.TestSuite.runTest(TestSuite.java:208)
	at junit.framework.TestSuite.run(TestSuite.java:203)
	at org.apache.tools.ant.taskdefs.optional.junit.JUnitTestRunner.run(JUnitTestRunner.java:421)
	at org.apache.tools.ant.taskdefs.optional.junit.JUnitTestRunner.launch(JUnitTestRunner.java:912)
	at org.apache.tools.ant.taskdefs.optional.junit.JUnitTestRunner.main(JUnitTestRunner.java:766)
Caused by: com.topcoder.clients.dao.DAOConfigurationException: Throw for testing
	at com.topcoder.clients.manager.MockClientDAO.searchByName(MockClientDAO.java:133)
	at com.topcoder.clients.manager.dao.DAOClientManager.searchClientsByName(DAOClientManager.java:617)
	... 20 more
Caused by: java.lang.NullPointerException: NPE Raised 
	... 22 more
[Entering method <com.topcoder.clients.manager.dao.DAOClientManager.searchClientsByName(String name)>; Parameters:{ ParamName<name>; ParamValue: <ok>  }  at 2008-08-29 23:58:59.000 ]
[Exiting method <com.topcoder.clients.manager.dao.DAOClientManager.searchClientsByName(String name)>; Return value:<[]>]  at 2008-08-29 23:58:59.000
[Entering method <com.topcoder.clients.manager.dao.DAOClientManager.searchClients(Filter filter)>; Parameters:{ ParamName<filter>; ParamValue: <null>  }  at 2008-08-29 23:58:59.000 ]
[Error occurred in method <com.topcoder.clients.manager.dao.DAOClientManager.searchClients(Filter filter)>, cause by :
java.lang.IllegalArgumentException: The parameter 'filter' should not be null.
	at com.topcoder.clients.manager.dao.Helper.checkNull(Helper.java:69)
	at com.topcoder.clients.manager.dao.DAOClientManager.searchClients(DAOClientManager.java:652)
	at com.topcoder.clients.manager.dao.TestDAOClientManager.testSearchClients_F_1(TestDAOClientManager.java:2052)
	at sun.reflect.NativeMethodAccessorImpl.invoke0(Native Method)
	at sun.reflect.NativeMethodAccessorImpl.invoke(NativeMethodAccessorImpl.java:39)
	at sun.reflect.DelegatingMethodAccessorImpl.invoke(DelegatingMethodAccessorImpl.java:25)
	at java.lang.reflect.Method.invoke(Method.java:585)
	at junit.framework.TestCase.runTest(TestCase.java:154)
	at junit.framework.TestCase.runBare(TestCase.java:127)
	at junit.framework.TestResult$1.protect(TestResult.java:106)
	at junit.framework.TestResult.runProtected(TestResult.java:124)
	at junit.framework.TestResult.run(TestResult.java:109)
	at junit.framework.TestCase.run(TestCase.java:118)
	at junit.framework.TestSuite.runTest(TestSuite.java:208)
	at junit.framework.TestSuite.run(TestSuite.java:203)
	at junit.framework.TestSuite.runTest(TestSuite.java:208)
	at junit.framework.TestSuite.run(TestSuite.java:203)
	at junit.framework.TestSuite.runTest(TestSuite.java:208)
	at junit.framework.TestSuite.run(TestSuite.java:203)
	at org.apache.tools.ant.taskdefs.optional.junit.JUnitTestRunner.run(JUnitTestRunner.java:421)
	at org.apache.tools.ant.taskdefs.optional.junit.JUnitTestRunner.launch(JUnitTestRunner.java:912)
	at org.apache.tools.ant.taskdefs.optional.junit.JUnitTestRunner.main(JUnitTestRunner.java:766)
[Entering method <com.topcoder.clients.manager.dao.DAOClientManager.searchClients(Filter filter)>; Parameters:{ ParamName<filter>; ParamValue: <com.topcoder.search.builder.filter.EqualToFilter@78a212>  }  at 2008-08-29 23:58:59.015 ]
[Error occurred in method <com.topcoder.clients.manager.dao.DAOClientManager.searchClients(Filter filter)>, cause by :
com.topcoder.clients.manager.ClientManagerException: Fail to search clients by filter, cause by Throw for testing
	at com.topcoder.clients.manager.dao.DAOClientManager.wrapInnerException(DAOClientManager.java:305)
	at com.topcoder.clients.manager.dao.DAOClientManager.searchClients(DAOClientManager.java:662)
	at com.topcoder.clients.manager.dao.TestDAOClientManager.testSearchClients_F_2(TestDAOClientManager.java:2072)
	at sun.reflect.NativeMethodAccessorImpl.invoke0(Native Method)
	at sun.reflect.NativeMethodAccessorImpl.invoke(NativeMethodAccessorImpl.java:39)
	at sun.reflect.DelegatingMethodAccessorImpl.invoke(DelegatingMethodAccessorImpl.java:25)
	at java.lang.reflect.Method.invoke(Method.java:585)
	at junit.framework.TestCase.runTest(TestCase.java:154)
	at junit.framework.TestCase.runBare(TestCase.java:127)
	at junit.framework.TestResult$1.protect(TestResult.java:106)
	at junit.framework.TestResult.runProtected(TestResult.java:124)
	at junit.framework.TestResult.run(TestResult.java:109)
	at junit.framework.TestCase.run(TestCase.java:118)
	at junit.framework.TestSuite.runTest(TestSuite.java:208)
	at junit.framework.TestSuite.run(TestSuite.java:203)
	at junit.framework.TestSuite.runTest(TestSuite.java:208)
	at junit.framework.TestSuite.run(TestSuite.java:203)
	at junit.framework.TestSuite.runTest(TestSuite.java:208)
	at junit.framework.TestSuite.run(TestSuite.java:203)
	at org.apache.tools.ant.taskdefs.optional.junit.JUnitTestRunner.run(JUnitTestRunner.java:421)
	at org.apache.tools.ant.taskdefs.optional.junit.JUnitTestRunner.launch(JUnitTestRunner.java:912)
	at org.apache.tools.ant.taskdefs.optional.junit.JUnitTestRunner.main(JUnitTestRunner.java:766)
Caused by: com.topcoder.clients.dao.DAOException: Throw for testing
	at com.topcoder.clients.manager.MockClientDAO.search(MockClientDAO.java:158)
	at com.topcoder.clients.manager.dao.DAOClientManager.searchClients(DAOClientManager.java:654)
	... 20 more
Caused by: java.lang.NullPointerException: NPE Raised 
	... 22 more
[Entering method <com.topcoder.clients.manager.dao.DAOClientManager.searchClients(Filter filter)>; Parameters:{ ParamName<filter>; ParamValue: <com.topcoder.search.builder.filter.EqualToFilter@115273a>  }  at 2008-08-29 23:58:59.015 ]
[Error occurred in method <com.topcoder.clients.manager.dao.DAOClientManager.searchClients(Filter filter)>, cause by :
com.topcoder.clients.manager.ClientManagerException: Fail to search clients by filter, cause by Throw for testing
	at com.topcoder.clients.manager.dao.DAOClientManager.wrapInnerException(DAOClientManager.java:305)
	at com.topcoder.clients.manager.dao.DAOClientManager.searchClients(DAOClientManager.java:665)
	at com.topcoder.clients.manager.dao.TestDAOClientManager.testSearchClients_F_3(TestDAOClientManager.java:2092)
	at sun.reflect.NativeMethodAccessorImpl.invoke0(Native Method)
	at sun.reflect.NativeMethodAccessorImpl.invoke(NativeMethodAccessorImpl.java:39)
	at sun.reflect.DelegatingMethodAccessorImpl.invoke(DelegatingMethodAccessorImpl.java:25)
	at java.lang.reflect.Method.invoke(Method.java:585)
	at junit.framework.TestCase.runTest(TestCase.java:154)
	at junit.framework.TestCase.runBare(TestCase.java:127)
	at junit.framework.TestResult$1.protect(TestResult.java:106)
	at junit.framework.TestResult.runProtected(TestResult.java:124)
	at junit.framework.TestResult.run(TestResult.java:109)
	at junit.framework.TestCase.run(TestCase.java:118)
	at junit.framework.TestSuite.runTest(TestSuite.java:208)
	at junit.framework.TestSuite.run(TestSuite.java:203)
	at junit.framework.TestSuite.runTest(TestSuite.java:208)
	at junit.framework.TestSuite.run(TestSuite.java:203)
	at junit.framework.TestSuite.runTest(TestSuite.java:208)
	at junit.framework.TestSuite.run(TestSuite.java:203)
	at org.apache.tools.ant.taskdefs.optional.junit.JUnitTestRunner.run(JUnitTestRunner.java:421)
	at org.apache.tools.ant.taskdefs.optional.junit.JUnitTestRunner.launch(JUnitTestRunner.java:912)
	at org.apache.tools.ant.taskdefs.optional.junit.JUnitTestRunner.main(JUnitTestRunner.java:766)
Caused by: com.topcoder.clients.dao.DAOConfigurationException: Throw for testing
	at com.topcoder.clients.manager.MockClientDAO.search(MockClientDAO.java:162)
	at com.topcoder.clients.manager.dao.DAOClientManager.searchClients(DAOClientManager.java:654)
	... 20 more
Caused by: java.lang.NullPointerException: NPE Raised 
	... 22 more
[Entering method <com.topcoder.clients.manager.dao.DAOClientManager.searchClients(Filter filter)>; Parameters:{ ParamName<filter>; ParamValue: <com.topcoder.search.builder.filter.EqualToFilter@11a64ed>  }  at 2008-08-29 23:58:59.015 ]
[Exiting method <com.topcoder.clients.manager.dao.DAOClientManager.searchClients(Filter filter)>; Return value:<[]>]  at 2008-08-29 23:58:59.015
[Entering method <com.topcoder.clients.manager.dao.DAOClientManager.getClientStatus(long id)>; Parameters:{ ParamName<id>; ParamValue: <-1>  }  at 2008-08-29 23:58:59.031 ]
[Error occurred in method <com.topcoder.clients.manager.dao.DAOClientManager.getClientStatus(long id)>, cause by :
java.lang.IllegalArgumentException: The parameter id should not be negative.
	at com.topcoder.clients.manager.dao.Helper.checkId(Helper.java:115)
	at com.topcoder.clients.manager.dao.DAOClientManager.getClientStatus(DAOClientManager.java:687)
	at com.topcoder.clients.manager.dao.TestDAOClientManager.testGetClientStatus_F_1(TestDAOClientManager.java:2128)
	at sun.reflect.NativeMethodAccessorImpl.invoke0(Native Method)
	at sun.reflect.NativeMethodAccessorImpl.invoke(NativeMethodAccessorImpl.java:39)
	at sun.reflect.DelegatingMethodAccessorImpl.invoke(DelegatingMethodAccessorImpl.java:25)
	at java.lang.reflect.Method.invoke(Method.java:585)
	at junit.framework.TestCase.runTest(TestCase.java:154)
	at junit.framework.TestCase.runBare(TestCase.java:127)
	at junit.framework.TestResult$1.protect(TestResult.java:106)
	at junit.framework.TestResult.runProtected(TestResult.java:124)
	at junit.framework.TestResult.run(TestResult.java:109)
	at junit.framework.TestCase.run(TestCase.java:118)
	at junit.framework.TestSuite.runTest(TestSuite.java:208)
	at junit.framework.TestSuite.run(TestSuite.java:203)
	at junit.framework.TestSuite.runTest(TestSuite.java:208)
	at junit.framework.TestSuite.run(TestSuite.java:203)
	at junit.framework.TestSuite.runTest(TestSuite.java:208)
	at junit.framework.TestSuite.run(TestSuite.java:203)
	at org.apache.tools.ant.taskdefs.optional.junit.JUnitTestRunner.run(JUnitTestRunner.java:421)
	at org.apache.tools.ant.taskdefs.optional.junit.JUnitTestRunner.launch(JUnitTestRunner.java:912)
	at org.apache.tools.ant.taskdefs.optional.junit.JUnitTestRunner.main(JUnitTestRunner.java:766)
[Entering method <com.topcoder.clients.manager.dao.DAOClientManager.getClientStatus(long id)>; Parameters:{ ParamName<id>; ParamValue: <10001>  }  at 2008-08-29 23:58:59.031 ]
[Error occurred in method <com.topcoder.clients.manager.dao.DAOClientManager.getClientStatus(long id)>, cause by :
com.topcoder.clients.manager.ClientManagerException: Fail to get the ClientStatus by id =10001 cause by Throw for testing
	at com.topcoder.clients.manager.dao.DAOClientManager.wrapInnerException(DAOClientManager.java:305)
	at com.topcoder.clients.manager.dao.DAOClientManager.getClientStatus(DAOClientManager.java:697)
	at com.topcoder.clients.manager.dao.TestDAOClientManager.testGetClientStatus_F_2(TestDAOClientManager.java:2147)
	at sun.reflect.NativeMethodAccessorImpl.invoke0(Native Method)
	at sun.reflect.NativeMethodAccessorImpl.invoke(NativeMethodAccessorImpl.java:39)
	at sun.reflect.DelegatingMethodAccessorImpl.invoke(DelegatingMethodAccessorImpl.java:25)
	at java.lang.reflect.Method.invoke(Method.java:585)
	at junit.framework.TestCase.runTest(TestCase.java:154)
	at junit.framework.TestCase.runBare(TestCase.java:127)
	at junit.framework.TestResult$1.protect(TestResult.java:106)
	at junit.framework.TestResult.runProtected(TestResult.java:124)
	at junit.framework.TestResult.run(TestResult.java:109)
	at junit.framework.TestCase.run(TestCase.java:118)
	at junit.framework.TestSuite.runTest(TestSuite.java:208)
	at junit.framework.TestSuite.run(TestSuite.java:203)
	at junit.framework.TestSuite.runTest(TestSuite.java:208)
	at junit.framework.TestSuite.run(TestSuite.java:203)
	at junit.framework.TestSuite.runTest(TestSuite.java:208)
	at junit.framework.TestSuite.run(TestSuite.java:203)
	at org.apache.tools.ant.taskdefs.optional.junit.JUnitTestRunner.run(JUnitTestRunner.java:421)
	at org.apache.tools.ant.taskdefs.optional.junit.JUnitTestRunner.launch(JUnitTestRunner.java:912)
	at org.apache.tools.ant.taskdefs.optional.junit.JUnitTestRunner.main(JUnitTestRunner.java:766)
Caused by: com.topcoder.clients.dao.DAOException: Throw for testing
	at com.topcoder.clients.manager.MockClientStatusDAO.retrieveById(MockClientStatusDAO.java:102)
	at com.topcoder.clients.manager.dao.DAOClientManager.getClientStatus(DAOClientManager.java:689)
	... 20 more
Caused by: java.lang.NullPointerException: NPE Raised 
	... 22 more
[Entering method <com.topcoder.clients.manager.dao.DAOClientManager.getClientStatus(long id)>; Parameters:{ ParamName<id>; ParamValue: <10002>  }  at 2008-08-29 23:58:59.046 ]
[Error occurred in method <com.topcoder.clients.manager.dao.DAOClientManager.getClientStatus(long id)>, cause by :
com.topcoder.clients.manager.ClientManagerException: Fail to get the ClientStatus by id =10002 cause by Throw for testing
	at com.topcoder.clients.manager.dao.DAOClientManager.wrapInnerException(DAOClientManager.java:305)
	at com.topcoder.clients.manager.dao.DAOClientManager.getClientStatus(DAOClientManager.java:700)
	at com.topcoder.clients.manager.dao.TestDAOClientManager.testGetClientStatus_F_3(TestDAOClientManager.java:2166)
	at sun.reflect.NativeMethodAccessorImpl.invoke0(Native Method)
	at sun.reflect.NativeMethodAccessorImpl.invoke(NativeMethodAccessorImpl.java:39)
	at sun.reflect.DelegatingMethodAccessorImpl.invoke(DelegatingMethodAccessorImpl.java:25)
	at java.lang.reflect.Method.invoke(Method.java:585)
	at junit.framework.TestCase.runTest(TestCase.java:154)
	at junit.framework.TestCase.runBare(TestCase.java:127)
	at junit.framework.TestResult$1.protect(TestResult.java:106)
	at junit.framework.TestResult.runProtected(TestResult.java:124)
	at junit.framework.TestResult.run(TestResult.java:109)
	at junit.framework.TestCase.run(TestCase.java:118)
	at junit.framework.TestSuite.runTest(TestSuite.java:208)
	at junit.framework.TestSuite.run(TestSuite.java:203)
	at junit.framework.TestSuite.runTest(TestSuite.java:208)
	at junit.framework.TestSuite.run(TestSuite.java:203)
	at junit.framework.TestSuite.runTest(TestSuite.java:208)
	at junit.framework.TestSuite.run(TestSuite.java:203)
	at org.apache.tools.ant.taskdefs.optional.junit.JUnitTestRunner.run(JUnitTestRunner.java:421)
	at org.apache.tools.ant.taskdefs.optional.junit.JUnitTestRunner.launch(JUnitTestRunner.java:912)
	at org.apache.tools.ant.taskdefs.optional.junit.JUnitTestRunner.main(JUnitTestRunner.java:766)
Caused by: com.topcoder.clients.dao.DAOConfigurationException: Throw for testing
	at com.topcoder.clients.manager.MockClientStatusDAO.retrieveById(MockClientStatusDAO.java:105)
	at com.topcoder.clients.manager.dao.DAOClientManager.getClientStatus(DAOClientManager.java:689)
	... 20 more
Caused by: java.lang.NullPointerException: NPE Raised 
	... 22 more
[Entering method <com.topcoder.clients.manager.dao.DAOClientManager.getClientStatus(long id)>; Parameters:{ ParamName<id>; ParamValue: <101>  }  at 2008-08-29 23:58:59.046 ]
[Error occurred in method <com.topcoder.clients.manager.dao.DAOClientManager.getClientStatus(long id)>, cause by :
com.topcoder.clients.manager.ClientManagerException: Fail to get the ClientStatus by id =101 cause by com.topcoder.clients.model.Client
	at com.topcoder.clients.manager.dao.DAOClientManager.wrapInnerException(DAOClientManager.java:305)
	at com.topcoder.clients.manager.dao.DAOClientManager.getClientStatus(DAOClientManager.java:703)
	at com.topcoder.clients.manager.dao.TestDAOClientManager.testGetClientStatus_F_4(TestDAOClientManager.java:2185)
	at sun.reflect.NativeMethodAccessorImpl.invoke0(Native Method)
	at sun.reflect.NativeMethodAccessorImpl.invoke(NativeMethodAccessorImpl.java:39)
	at sun.reflect.DelegatingMethodAccessorImpl.invoke(DelegatingMethodAccessorImpl.java:25)
	at java.lang.reflect.Method.invoke(Method.java:585)
	at junit.framework.TestCase.runTest(TestCase.java:154)
	at junit.framework.TestCase.runBare(TestCase.java:127)
	at junit.framework.TestResult$1.protect(TestResult.java:106)
	at junit.framework.TestResult.runProtected(TestResult.java:124)
	at junit.framework.TestResult.run(TestResult.java:109)
	at junit.framework.TestCase.run(TestCase.java:118)
	at junit.framework.TestSuite.runTest(TestSuite.java:208)
	at junit.framework.TestSuite.run(TestSuite.java:203)
	at junit.framework.TestSuite.runTest(TestSuite.java:208)
	at junit.framework.TestSuite.run(TestSuite.java:203)
	at junit.framework.TestSuite.runTest(TestSuite.java:208)
	at junit.framework.TestSuite.run(TestSuite.java:203)
	at org.apache.tools.ant.taskdefs.optional.junit.JUnitTestRunner.run(JUnitTestRunner.java:421)
	at org.apache.tools.ant.taskdefs.optional.junit.JUnitTestRunner.launch(JUnitTestRunner.java:912)
	at org.apache.tools.ant.taskdefs.optional.junit.JUnitTestRunner.main(JUnitTestRunner.java:766)
Caused by: java.lang.ClassCastException: com.topcoder.clients.model.Client
	at com.topcoder.clients.manager.dao.DAOClientManager.getClientStatus(DAOClientManager.java:689)
	... 20 more
[Entering method <com.topcoder.clients.manager.dao.DAOClientManager.getClientStatus(long id)>; Parameters:{ ParamName<id>; ParamValue: <999>  }  at 2008-08-29 23:58:59.046 ]
[Exiting method <com.topcoder.clients.manager.dao.DAOClientManager.getClientStatus(long id)>; Return value:<[ id=0 name=null description=e isDeleted=false]>]  at 2008-08-29 23:58:59.046
[Entering method <com.topcoder.clients.manager.dao.DAOClientManager.getAllClientStatuses>; Parameters:{ }  at 2008-08-29 23:58:59.062 ]
[Exiting method <com.topcoder.clients.manager.dao.DAOClientManager.getAllClientStatuses>; Return value:<[]>]  at 2008-08-29 23:58:59.062
[Entering method <com.topcoder.clients.manager.dao.DAOClientManager.getAllClientStatuses>; Parameters:{ }  at 2008-08-29 23:58:59.062 ]
[Error occurred in method <com.topcoder.clients.manager.dao.DAOClientManager.getAllClientStatuses>, cause by :
com.topcoder.clients.manager.ClientManagerException: Fail to get all ClientStatus, cause by Throw for testing
	at com.topcoder.clients.manager.dao.DAOClientManager.wrapInnerException(DAOClientManager.java:305)
	at com.topcoder.clients.manager.dao.DAOClientManager.getAllClientStatuses(DAOClientManager.java:725)
	at com.topcoder.clients.manager.dao.TestDAOClientManager.testGetAllClientStatuses_F_1(TestDAOClientManager.java:2239)
	at sun.reflect.NativeMethodAccessorImpl.invoke0(Native Method)
	at sun.reflect.NativeMethodAccessorImpl.invoke(NativeMethodAccessorImpl.java:39)
	at sun.reflect.DelegatingMethodAccessorImpl.invoke(DelegatingMethodAccessorImpl.java:25)
	at java.lang.reflect.Method.invoke(Method.java:585)
	at junit.framework.TestCase.runTest(TestCase.java:154)
	at junit.framework.TestCase.runBare(TestCase.java:127)
	at junit.framework.TestResult$1.protect(TestResult.java:106)
	at junit.framework.TestResult.runProtected(TestResult.java:124)
	at junit.framework.TestResult.run(TestResult.java:109)
	at junit.framework.TestCase.run(TestCase.java:118)
	at junit.framework.TestSuite.runTest(TestSuite.java:208)
	at junit.framework.TestSuite.run(TestSuite.java:203)
	at junit.framework.TestSuite.runTest(TestSuite.java:208)
	at junit.framework.TestSuite.run(TestSuite.java:203)
	at junit.framework.TestSuite.runTest(TestSuite.java:208)
	at junit.framework.TestSuite.run(TestSuite.java:203)
	at org.apache.tools.ant.taskdefs.optional.junit.JUnitTestRunner.run(JUnitTestRunner.java:421)
	at org.apache.tools.ant.taskdefs.optional.junit.JUnitTestRunner.launch(JUnitTestRunner.java:912)
	at org.apache.tools.ant.taskdefs.optional.junit.JUnitTestRunner.main(JUnitTestRunner.java:766)
Caused by: com.topcoder.clients.dao.DAOException: Throw for testing
	at com.topcoder.clients.manager.MockClientStatusDAO.retrieveAll(MockClientStatusDAO.java:123)
	at com.topcoder.clients.manager.dao.DAOClientManager.getAllClientStatuses(DAOClientManager.java:720)
	... 20 more
Caused by: java.lang.NullPointerException: NPE Raised 
	... 22 more
[Entering method <com.topcoder.clients.manager.dao.DAOClientManager.getAllClientStatuses>; Parameters:{ }  at 2008-08-29 23:58:59.062 ]
[Error occurred in method <com.topcoder.clients.manager.dao.DAOClientManager.getAllClientStatuses>, cause by :
com.topcoder.clients.manager.ClientManagerException: Fail to get all ClientStatus, cause by Throw for testing
	at com.topcoder.clients.manager.dao.DAOClientManager.wrapInnerException(DAOClientManager.java:305)
	at com.topcoder.clients.manager.dao.DAOClientManager.getAllClientStatuses(DAOClientManager.java:728)
	at com.topcoder.clients.manager.dao.TestDAOClientManager.testGetAllClientStatuses_F_2(TestDAOClientManager.java:2261)
	at sun.reflect.NativeMethodAccessorImpl.invoke0(Native Method)
	at sun.reflect.NativeMethodAccessorImpl.invoke(NativeMethodAccessorImpl.java:39)
	at sun.reflect.DelegatingMethodAccessorImpl.invoke(DelegatingMethodAccessorImpl.java:25)
	at java.lang.reflect.Method.invoke(Method.java:585)
	at junit.framework.TestCase.runTest(TestCase.java:154)
	at junit.framework.TestCase.runBare(TestCase.java:127)
	at junit.framework.TestResult$1.protect(TestResult.java:106)
	at junit.framework.TestResult.runProtected(TestResult.java:124)
	at junit.framework.TestResult.run(TestResult.java:109)
	at junit.framework.TestCase.run(TestCase.java:118)
	at junit.framework.TestSuite.runTest(TestSuite.java:208)
	at junit.framework.TestSuite.run(TestSuite.java:203)
	at junit.framework.TestSuite.runTest(TestSuite.java:208)
	at junit.framework.TestSuite.run(TestSuite.java:203)
	at junit.framework.TestSuite.runTest(TestSuite.java:208)
	at junit.framework.TestSuite.run(TestSuite.java:203)
	at org.apache.tools.ant.taskdefs.optional.junit.JUnitTestRunner.run(JUnitTestRunner.java:421)
	at org.apache.tools.ant.taskdefs.optional.junit.JUnitTestRunner.launch(JUnitTestRunner.java:912)
	at org.apache.tools.ant.taskdefs.optional.junit.JUnitTestRunner.main(JUnitTestRunner.java:766)
Caused by: com.topcoder.clients.dao.DAOConfigurationException: Throw for testing
	at com.topcoder.clients.manager.MockClientStatusDAO.retrieveAll(MockClientStatusDAO.java:128)
	at com.topcoder.clients.manager.dao.DAOClientManager.getAllClientStatuses(DAOClientManager.java:720)
	... 20 more
Caused by: java.lang.NullPointerException: NPE Raised 
	... 22 more
[Entering method <com.topcoder.clients.manager.dao.DAOClientManager.getClientsForStatus(ClientStatus status)>; Parameters:{ ParamName<clientStatus>; ParamValue: <null>  }  at 2008-08-29 23:58:59.062 ]
[Error occurred in method <com.topcoder.clients.manager.dao.DAOClientManager.getClientsForStatus(ClientStatus status)>, cause by :
java.lang.IllegalArgumentException: The parameter 'status' should not be null.
	at com.topcoder.clients.manager.dao.Helper.checkNull(Helper.java:69)
	at com.topcoder.clients.manager.dao.Helper.validateClientStatus(Helper.java:170)
	at com.topcoder.clients.manager.dao.DAOClientManager.getClientsForStatus(DAOClientManager.java:751)
	at com.topcoder.clients.manager.dao.TestDAOClientManager.testGetClientsForStatus_F_1(TestDAOClientManager.java:2281)
	at sun.reflect.NativeMethodAccessorImpl.invoke0(Native Method)
	at sun.reflect.NativeMethodAccessorImpl.invoke(NativeMethodAccessorImpl.java:39)
	at sun.reflect.DelegatingMethodAccessorImpl.invoke(DelegatingMethodAccessorImpl.java:25)
	at java.lang.reflect.Method.invoke(Method.java:585)
	at junit.framework.TestCase.runTest(TestCase.java:154)
	at junit.framework.TestCase.runBare(TestCase.java:127)
	at junit.framework.TestResult$1.protect(TestResult.java:106)
	at junit.framework.TestResult.runProtected(TestResult.java:124)
	at junit.framework.TestResult.run(TestResult.java:109)
	at junit.framework.TestCase.run(TestCase.java:118)
	at junit.framework.TestSuite.runTest(TestSuite.java:208)
	at junit.framework.TestSuite.run(TestSuite.java:203)
	at junit.framework.TestSuite.runTest(TestSuite.java:208)
	at junit.framework.TestSuite.run(TestSuite.java:203)
	at junit.framework.TestSuite.runTest(TestSuite.java:208)
	at junit.framework.TestSuite.run(TestSuite.java:203)
	at org.apache.tools.ant.taskdefs.optional.junit.JUnitTestRunner.run(JUnitTestRunner.java:421)
	at org.apache.tools.ant.taskdefs.optional.junit.JUnitTestRunner.launch(JUnitTestRunner.java:912)
	at org.apache.tools.ant.taskdefs.optional.junit.JUnitTestRunner.main(JUnitTestRunner.java:766)
[Entering method <com.topcoder.clients.manager.dao.DAOClientManager.getClientsForStatus(ClientStatus status)>; Parameters:{ ParamName<clientStatus>; ParamValue: <[ id=0 name=null description=des isDeleted=false]>  }  at 2008-08-29 23:58:59.078 ]
[Error occurred in method <com.topcoder.clients.manager.dao.DAOClientManager.getClientsForStatus(ClientStatus status)>, cause by :
java.lang.IllegalArgumentException: The ClientStatus should have a non-null and non-empty name.
	at com.topcoder.clients.manager.dao.Helper.validateClientStatus(Helper.java:173)
	at com.topcoder.clients.manager.dao.DAOClientManager.getClientsForStatus(DAOClientManager.java:751)
	at com.topcoder.clients.manager.dao.TestDAOClientManager.testGetClientsForStatus_F_2(TestDAOClientManager.java:2304)
	at sun.reflect.NativeMethodAccessorImpl.invoke0(Native Method)
	at sun.reflect.NativeMethodAccessorImpl.invoke(NativeMethodAccessorImpl.java:39)
	at sun.reflect.DelegatingMethodAccessorImpl.invoke(DelegatingMethodAccessorImpl.java:25)
	at java.lang.reflect.Method.invoke(Method.java:585)
	at junit.framework.TestCase.runTest(TestCase.java:154)
	at junit.framework.TestCase.runBare(TestCase.java:127)
	at junit.framework.TestResult$1.protect(TestResult.java:106)
	at junit.framework.TestResult.runProtected(TestResult.java:124)
	at junit.framework.TestResult.run(TestResult.java:109)
	at junit.framework.TestCase.run(TestCase.java:118)
	at junit.framework.TestSuite.runTest(TestSuite.java:208)
	at junit.framework.TestSuite.run(TestSuite.java:203)
	at junit.framework.TestSuite.runTest(TestSuite.java:208)
	at junit.framework.TestSuite.run(TestSuite.java:203)
	at junit.framework.TestSuite.runTest(TestSuite.java:208)
	at junit.framework.TestSuite.run(TestSuite.java:203)
	at org.apache.tools.ant.taskdefs.optional.junit.JUnitTestRunner.run(JUnitTestRunner.java:421)
	at org.apache.tools.ant.taskdefs.optional.junit.JUnitTestRunner.launch(JUnitTestRunner.java:912)
	at org.apache.tools.ant.taskdefs.optional.junit.JUnitTestRunner.main(JUnitTestRunner.java:766)
[Entering method <com.topcoder.clients.manager.dao.DAOClientManager.getClientsForStatus(ClientStatus status)>; Parameters:{ ParamName<clientStatus>; ParamValue: <[ id=0 name=  description=des isDeleted=false]>  }  at 2008-08-29 23:58:59.078 ]
[Error occurred in method <com.topcoder.clients.manager.dao.DAOClientManager.getClientsForStatus(ClientStatus status)>, cause by :
java.lang.IllegalArgumentException: The ClientStatus should have a non-null and non-empty name.
	at com.topcoder.clients.manager.dao.Helper.validateClientStatus(Helper.java:173)
	at com.topcoder.clients.manager.dao.DAOClientManager.getClientsForStatus(DAOClientManager.java:751)
	at com.topcoder.clients.manager.dao.TestDAOClientManager.testGetClientsForStatus_F_3(TestDAOClientManager.java:2327)
	at sun.reflect.NativeMethodAccessorImpl.invoke0(Native Method)
	at sun.reflect.NativeMethodAccessorImpl.invoke(NativeMethodAccessorImpl.java:39)
	at sun.reflect.DelegatingMethodAccessorImpl.invoke(DelegatingMethodAccessorImpl.java:25)
	at java.lang.reflect.Method.invoke(Method.java:585)
	at junit.framework.TestCase.runTest(TestCase.java:154)
	at junit.framework.TestCase.runBare(TestCase.java:127)
	at junit.framework.TestResult$1.protect(TestResult.java:106)
	at junit.framework.TestResult.runProtected(TestResult.java:124)
	at junit.framework.TestResult.run(TestResult.java:109)
	at junit.framework.TestCase.run(TestCase.java:118)
	at junit.framework.TestSuite.runTest(TestSuite.java:208)
	at junit.framework.TestSuite.run(TestSuite.java:203)
	at junit.framework.TestSuite.runTest(TestSuite.java:208)
	at junit.framework.TestSuite.run(TestSuite.java:203)
	at junit.framework.TestSuite.runTest(TestSuite.java:208)
	at junit.framework.TestSuite.run(TestSuite.java:203)
	at org.apache.tools.ant.taskdefs.optional.junit.JUnitTestRunner.run(JUnitTestRunner.java:421)
	at org.apache.tools.ant.taskdefs.optional.junit.JUnitTestRunner.launch(JUnitTestRunner.java:912)
	at org.apache.tools.ant.taskdefs.optional.junit.JUnitTestRunner.main(JUnitTestRunner.java:766)
[Entering method <com.topcoder.clients.manager.dao.DAOClientManager.getClientsForStatus(ClientStatus status)>; Parameters:{ ParamName<clientStatus>; ParamValue: <[ id=0 name=name description=    isDeleted=false]>  }  at 2008-08-29 23:58:59.093 ]
[Error occurred in method <com.topcoder.clients.manager.dao.DAOClientManager.getClientsForStatus(ClientStatus status)>, cause by :
java.lang.IllegalArgumentException: The ClientStatus should have a non-null and non-empty description.
	at com.topcoder.clients.manager.dao.Helper.validateClientStatus(Helper.java:177)
	at com.topcoder.clients.manager.dao.DAOClientManager.getClientsForStatus(DAOClientManager.java:751)
	at com.topcoder.clients.manager.dao.TestDAOClientManager.testGetClientsForStatus_F_4(TestDAOClientManager.java:2349)
	at sun.reflect.NativeMethodAccessorImpl.invoke0(Native Method)
	at sun.reflect.NativeMethodAccessorImpl.invoke(NativeMethodAccessorImpl.java:39)
	at sun.reflect.DelegatingMethodAccessorImpl.invoke(DelegatingMethodAccessorImpl.java:25)
	at java.lang.reflect.Method.invoke(Method.java:585)
	at junit.framework.TestCase.runTest(TestCase.java:154)
	at junit.framework.TestCase.runBare(TestCase.java:127)
	at junit.framework.TestResult$1.protect(TestResult.java:106)
	at junit.framework.TestResult.runProtected(TestResult.java:124)
	at junit.framework.TestResult.run(TestResult.java:109)
	at junit.framework.TestCase.run(TestCase.java:118)
	at junit.framework.TestSuite.runTest(TestSuite.java:208)
	at junit.framework.TestSuite.run(TestSuite.java:203)
	at junit.framework.TestSuite.runTest(TestSuite.java:208)
	at junit.framework.TestSuite.run(TestSuite.java:203)
	at junit.framework.TestSuite.runTest(TestSuite.java:208)
	at junit.framework.TestSuite.run(TestSuite.java:203)
	at org.apache.tools.ant.taskdefs.optional.junit.JUnitTestRunner.run(JUnitTestRunner.java:421)
	at org.apache.tools.ant.taskdefs.optional.junit.JUnitTestRunner.launch(JUnitTestRunner.java:912)
	at org.apache.tools.ant.taskdefs.optional.junit.JUnitTestRunner.main(JUnitTestRunner.java:766)
[Entering method <com.topcoder.clients.manager.dao.DAOClientManager.getClientsForStatus(ClientStatus status)>; Parameters:{ ParamName<clientStatus>; ParamValue: <[ id=0 name=name description=des isDeleted=true]>  }  at 2008-08-29 23:58:59.093 ]
[Error occurred in method <com.topcoder.clients.manager.dao.DAOClientManager.getClientsForStatus(ClientStatus status)>, cause by :
java.lang.IllegalArgumentException: The ClientStatus should not be deleted.
	at com.topcoder.clients.manager.dao.Helper.validateClientStatus(Helper.java:181)
	at com.topcoder.clients.manager.dao.DAOClientManager.getClientsForStatus(DAOClientManager.java:751)
	at com.topcoder.clients.manager.dao.TestDAOClientManager.testGetClientsForStatus_F_5(TestDAOClientManager.java:2371)
	at sun.reflect.NativeMethodAccessorImpl.invoke0(Native Method)
	at sun.reflect.NativeMethodAccessorImpl.invoke(NativeMethodAccessorImpl.java:39)
	at sun.reflect.DelegatingMethodAccessorImpl.invoke(DelegatingMethodAccessorImpl.java:25)
	at java.lang.reflect.Method.invoke(Method.java:585)
	at junit.framework.TestCase.runTest(TestCase.java:154)
	at junit.framework.TestCase.runBare(TestCase.java:127)
	at junit.framework.TestResult$1.protect(TestResult.java:106)
	at junit.framework.TestResult.runProtected(TestResult.java:124)
	at junit.framework.TestResult.run(TestResult.java:109)
	at junit.framework.TestCase.run(TestCase.java:118)
	at junit.framework.TestSuite.runTest(TestSuite.java:208)
	at junit.framework.TestSuite.run(TestSuite.java:203)
	at junit.framework.TestSuite.runTest(TestSuite.java:208)
	at junit.framework.TestSuite.run(TestSuite.java:203)
	at junit.framework.TestSuite.runTest(TestSuite.java:208)
	at junit.framework.TestSuite.run(TestSuite.java:203)
	at org.apache.tools.ant.taskdefs.optional.junit.JUnitTestRunner.run(JUnitTestRunner.java:421)
	at org.apache.tools.ant.taskdefs.optional.junit.JUnitTestRunner.launch(JUnitTestRunner.java:912)
	at org.apache.tools.ant.taskdefs.optional.junit.JUnitTestRunner.main(JUnitTestRunner.java:766)
[Entering method <com.topcoder.clients.manager.dao.DAOClientManager.getClientsForStatus(ClientStatus status)>; Parameters:{ ParamName<clientStatus>; ParamValue: <[ id=0 name=name description=des isDeleted=true]>  }  at 2008-08-29 23:58:59.093 ]
[Error occurred in method <com.topcoder.clients.manager.dao.DAOClientManager.getClientsForStatus(ClientStatus status)>, cause by :
java.lang.IllegalArgumentException: The ClientStatus should not be deleted.
	at com.topcoder.clients.manager.dao.Helper.validateClientStatus(Helper.java:181)
	at com.topcoder.clients.manager.dao.DAOClientManager.getClientsForStatus(DAOClientManager.java:751)
	at com.topcoder.clients.manager.dao.TestDAOClientManager.testGetClientsForStatus_F_6(TestDAOClientManager.java:2393)
	at sun.reflect.NativeMethodAccessorImpl.invoke0(Native Method)
	at sun.reflect.NativeMethodAccessorImpl.invoke(NativeMethodAccessorImpl.java:39)
	at sun.reflect.DelegatingMethodAccessorImpl.invoke(DelegatingMethodAccessorImpl.java:25)
	at java.lang.reflect.Method.invoke(Method.java:585)
	at junit.framework.TestCase.runTest(TestCase.java:154)
	at junit.framework.TestCase.runBare(TestCase.java:127)
	at junit.framework.TestResult$1.protect(TestResult.java:106)
	at junit.framework.TestResult.runProtected(TestResult.java:124)
	at junit.framework.TestResult.run(TestResult.java:109)
	at junit.framework.TestCase.run(TestCase.java:118)
	at junit.framework.TestSuite.runTest(TestSuite.java:208)
	at junit.framework.TestSuite.run(TestSuite.java:203)
	at junit.framework.TestSuite.runTest(TestSuite.java:208)
	at junit.framework.TestSuite.run(TestSuite.java:203)
	at junit.framework.TestSuite.runTest(TestSuite.java:208)
	at junit.framework.TestSuite.run(TestSuite.java:203)
	at org.apache.tools.ant.taskdefs.optional.junit.JUnitTestRunner.run(JUnitTestRunner.java:421)
	at org.apache.tools.ant.taskdefs.optional.junit.JUnitTestRunner.launch(JUnitTestRunner.java:912)
	at org.apache.tools.ant.taskdefs.optional.junit.JUnitTestRunner.main(JUnitTestRunner.java:766)
[Entering method <com.topcoder.clients.manager.dao.DAOClientManager.getClientsForStatus(ClientStatus status)>; Parameters:{ ParamName<clientStatus>; ParamValue: <[ id=0 name=entity description=des isDeleted=false]>  }  at 2008-08-29 23:58:59.093 ]
[Error occurred in method <com.topcoder.clients.manager.dao.DAOClientManager.getClientsForStatus(ClientStatus status)>, cause by :
com.topcoder.clients.manager.ClientManagerException: Fail to get clients by ClientStatus, cause by The entity is not found.
	at com.topcoder.clients.manager.dao.DAOClientManager.wrapInnerException(DAOClientManager.java:305)
	at com.topcoder.clients.manager.dao.DAOClientManager.getClientsForStatus(DAOClientManager.java:761)
	at com.topcoder.clients.manager.dao.TestDAOClientManager.testGetClientsForStatus_F_7(TestDAOClientManager.java:2415)
	at sun.reflect.NativeMethodAccessorImpl.invoke0(Native Method)
	at sun.reflect.NativeMethodAccessorImpl.invoke(NativeMethodAccessorImpl.java:39)
	at sun.reflect.DelegatingMethodAccessorImpl.invoke(DelegatingMethodAccessorImpl.java:25)
	at java.lang.reflect.Method.invoke(Method.java:585)
	at junit.framework.TestCase.runTest(TestCase.java:154)
	at junit.framework.TestCase.runBare(TestCase.java:127)
	at junit.framework.TestResult$1.protect(TestResult.java:106)
	at junit.framework.TestResult.runProtected(TestResult.java:124)
	at junit.framework.TestResult.run(TestResult.java:109)
	at junit.framework.TestCase.run(TestCase.java:118)
	at junit.framework.TestSuite.runTest(TestSuite.java:208)
	at junit.framework.TestSuite.run(TestSuite.java:203)
	at junit.framework.TestSuite.runTest(TestSuite.java:208)
	at junit.framework.TestSuite.run(TestSuite.java:203)
	at junit.framework.TestSuite.runTest(TestSuite.java:208)
	at junit.framework.TestSuite.run(TestSuite.java:203)
	at org.apache.tools.ant.taskdefs.optional.junit.JUnitTestRunner.run(JUnitTestRunner.java:421)
	at org.apache.tools.ant.taskdefs.optional.junit.JUnitTestRunner.launch(JUnitTestRunner.java:912)
	at org.apache.tools.ant.taskdefs.optional.junit.JUnitTestRunner.main(JUnitTestRunner.java:766)
Caused by: com.topcoder.clients.dao.EntityNotFoundException: The entity is not found.
	at com.topcoder.clients.manager.MockClientStatusDAO.getClientsWithStatus(MockClientStatusDAO.java:229)
	at com.topcoder.clients.manager.MockClientStatusDAO.getClientsWithStatus(MockClientStatusDAO.java:27)
	at com.topcoder.clients.manager.dao.DAOClientManager.getClientsForStatus(DAOClientManager.java:753)
	... 20 more
Caused by: java.lang.IllegalArgumentException: IAE
	... 23 more
[Entering method <com.topcoder.clients.manager.dao.DAOClientManager.getClientsForStatus(ClientStatus status)>; Parameters:{ ParamName<clientStatus>; ParamValue: <[ id=0 name=DAOException description=des isDeleted=false]>  }  at 2008-08-29 23:58:59.109 ]
[Error occurred in method <com.topcoder.clients.manager.dao.DAOClientManager.getClientsForStatus(ClientStatus status)>, cause by :
com.topcoder.clients.manager.ClientManagerException: Fail to get clients by ClientStatus, cause by Throw for testing
	at com.topcoder.clients.manager.dao.DAOClientManager.wrapInnerException(DAOClientManager.java:305)
	at com.topcoder.clients.manager.dao.DAOClientManager.getClientsForStatus(DAOClientManager.java:761)
	at com.topcoder.clients.manager.dao.TestDAOClientManager.testGetClientsForStatus_F_8(TestDAOClientManager.java:2438)
	at sun.reflect.NativeMethodAccessorImpl.invoke0(Native Method)
	at sun.reflect.NativeMethodAccessorImpl.invoke(NativeMethodAccessorImpl.java:39)
	at sun.reflect.DelegatingMethodAccessorImpl.invoke(DelegatingMethodAccessorImpl.java:25)
	at java.lang.reflect.Method.invoke(Method.java:585)
	at junit.framework.TestCase.runTest(TestCase.java:154)
	at junit.framework.TestCase.runBare(TestCase.java:127)
	at junit.framework.TestResult$1.protect(TestResult.java:106)
	at junit.framework.TestResult.runProtected(TestResult.java:124)
	at junit.framework.TestResult.run(TestResult.java:109)
	at junit.framework.TestCase.run(TestCase.java:118)
	at junit.framework.TestSuite.runTest(TestSuite.java:208)
	at junit.framework.TestSuite.run(TestSuite.java:203)
	at junit.framework.TestSuite.runTest(TestSuite.java:208)
	at junit.framework.TestSuite.run(TestSuite.java:203)
	at junit.framework.TestSuite.runTest(TestSuite.java:208)
	at junit.framework.TestSuite.run(TestSuite.java:203)
	at org.apache.tools.ant.taskdefs.optional.junit.JUnitTestRunner.run(JUnitTestRunner.java:421)
	at org.apache.tools.ant.taskdefs.optional.junit.JUnitTestRunner.launch(JUnitTestRunner.java:912)
	at org.apache.tools.ant.taskdefs.optional.junit.JUnitTestRunner.main(JUnitTestRunner.java:766)
Caused by: com.topcoder.clients.dao.DAOException: Throw for testing
	at com.topcoder.clients.manager.MockClientStatusDAO.getClientsWithStatus(MockClientStatusDAO.java:233)
	at com.topcoder.clients.manager.MockClientStatusDAO.getClientsWithStatus(MockClientStatusDAO.java:27)
	at com.topcoder.clients.manager.dao.DAOClientManager.getClientsForStatus(DAOClientManager.java:753)
	... 20 more
Caused by: java.lang.NullPointerException: NPE Raised 
	... 23 more
[Entering method <com.topcoder.clients.manager.dao.DAOClientManager.getClientsForStatus(ClientStatus status)>; Parameters:{ ParamName<clientStatus>; ParamValue: <[ id=0 name=DAOConfigurationException description=des isDeleted=false]>  }  at 2008-08-29 23:58:59.109 ]
[Error occurred in method <com.topcoder.clients.manager.dao.DAOClientManager.getClientsForStatus(ClientStatus status)>, cause by :
com.topcoder.clients.manager.ClientManagerException: Fail to get clients by ClientStatus, cause by Throw for testing
	at com.topcoder.clients.manager.dao.DAOClientManager.wrapInnerException(DAOClientManager.java:305)
	at com.topcoder.clients.manager.dao.DAOClientManager.getClientsForStatus(DAOClientManager.java:764)
	at com.topcoder.clients.manager.dao.TestDAOClientManager.testGetClientsForStatus_F_9(TestDAOClientManager.java:2461)
	at sun.reflect.NativeMethodAccessorImpl.invoke0(Native Method)
	at sun.reflect.NativeMethodAccessorImpl.invoke(NativeMethodAccessorImpl.java:39)
	at sun.reflect.DelegatingMethodAccessorImpl.invoke(DelegatingMethodAccessorImpl.java:25)
	at java.lang.reflect.Method.invoke(Method.java:585)
	at junit.framework.TestCase.runTest(TestCase.java:154)
	at junit.framework.TestCase.runBare(TestCase.java:127)
	at junit.framework.TestResult$1.protect(TestResult.java:106)
	at junit.framework.TestResult.runProtected(TestResult.java:124)
	at junit.framework.TestResult.run(TestResult.java:109)
	at junit.framework.TestCase.run(TestCase.java:118)
	at junit.framework.TestSuite.runTest(TestSuite.java:208)
	at junit.framework.TestSuite.run(TestSuite.java:203)
	at junit.framework.TestSuite.runTest(TestSuite.java:208)
	at junit.framework.TestSuite.run(TestSuite.java:203)
	at junit.framework.TestSuite.runTest(TestSuite.java:208)
	at junit.framework.TestSuite.run(TestSuite.java:203)
	at org.apache.tools.ant.taskdefs.optional.junit.JUnitTestRunner.run(JUnitTestRunner.java:421)
	at org.apache.tools.ant.taskdefs.optional.junit.JUnitTestRunner.launch(JUnitTestRunner.java:912)
	at org.apache.tools.ant.taskdefs.optional.junit.JUnitTestRunner.main(JUnitTestRunner.java:766)
Caused by: com.topcoder.clients.dao.DAOConfigurationException: Throw for testing
	at com.topcoder.clients.manager.MockClientStatusDAO.getClientsWithStatus(MockClientStatusDAO.java:237)
	at com.topcoder.clients.manager.MockClientStatusDAO.getClientsWithStatus(MockClientStatusDAO.java:27)
	at com.topcoder.clients.manager.dao.DAOClientManager.getClientsForStatus(DAOClientManager.java:753)
	... 20 more
Caused by: java.lang.NullPointerException: NPE Raised 
	... 23 more
[Entering method <com.topcoder.clients.manager.dao.DAOClientManager.getClientsForStatus(ClientStatus status)>; Parameters:{ ParamName<clientStatus>; ParamValue: <[ id=0 name=correct description=des isDeleted=false]>  }  at 2008-08-29 23:58:59.109 ]
[Exiting method <com.topcoder.clients.manager.dao.DAOClientManager.getClientsForStatus(ClientStatus status)>; Return value:<[]>]  at 2008-08-29 23:58:59.109
[Entering method <com.topcoder.clients.manager.dao.DAOClientManager.createClientStatus(ClientStatus status)>; Parameters:{ ParamName<clientStatus>; ParamValue: <null>  }  at 2008-08-29 23:58:59.125 ]
[Error occurred in method <com.topcoder.clients.manager.dao.DAOClientManager.createClientStatus(ClientStatus status)>, cause by :
java.lang.IllegalArgumentException: The parameter 'status' should not be null.
	at com.topcoder.clients.manager.dao.Helper.checkNull(Helper.java:69)
	at com.topcoder.clients.manager.dao.Helper.validateClientStatus(Helper.java:170)
	at com.topcoder.clients.manager.dao.DAOClientManager.createClientStatus(DAOClientManager.java:791)
	at com.topcoder.clients.manager.dao.TestDAOClientManager.testCreateClientStatus_F_1(TestDAOClientManager.java:2500)
	at sun.reflect.NativeMethodAccessorImpl.invoke0(Native Method)
	at sun.reflect.NativeMethodAccessorImpl.invoke(NativeMethodAccessorImpl.java:39)
	at sun.reflect.DelegatingMethodAccessorImpl.invoke(DelegatingMethodAccessorImpl.java:25)
	at java.lang.reflect.Method.invoke(Method.java:585)
	at junit.framework.TestCase.runTest(TestCase.java:154)
	at junit.framework.TestCase.runBare(TestCase.java:127)
	at junit.framework.TestResult$1.protect(TestResult.java:106)
	at junit.framework.TestResult.runProtected(TestResult.java:124)
	at junit.framework.TestResult.run(TestResult.java:109)
	at junit.framework.TestCase.run(TestCase.java:118)
	at junit.framework.TestSuite.runTest(TestSuite.java:208)
	at junit.framework.TestSuite.run(TestSuite.java:203)
	at junit.framework.TestSuite.runTest(TestSuite.java:208)
	at junit.framework.TestSuite.run(TestSuite.java:203)
	at junit.framework.TestSuite.runTest(TestSuite.java:208)
	at junit.framework.TestSuite.run(TestSuite.java:203)
	at org.apache.tools.ant.taskdefs.optional.junit.JUnitTestRunner.run(JUnitTestRunner.java:421)
	at org.apache.tools.ant.taskdefs.optional.junit.JUnitTestRunner.launch(JUnitTestRunner.java:912)
	at org.apache.tools.ant.taskdefs.optional.junit.JUnitTestRunner.main(JUnitTestRunner.java:766)
[Entering method <com.topcoder.clients.manager.dao.DAOClientManager.createClientStatus(ClientStatus status)>; Parameters:{ ParamName<clientStatus>; ParamValue: <[ id=0 name=null description=des isDeleted=false]>  }  at 2008-08-29 23:58:59.125 ]
[Error occurred in method <com.topcoder.clients.manager.dao.DAOClientManager.createClientStatus(ClientStatus status)>, cause by :
java.lang.IllegalArgumentException: The ClientStatus should have a non-null and non-empty name.
	at com.topcoder.clients.manager.dao.Helper.validateClientStatus(Helper.java:173)
	at com.topcoder.clients.manager.dao.DAOClientManager.createClientStatus(DAOClientManager.java:791)
	at com.topcoder.clients.manager.dao.TestDAOClientManager.testCreateClientStatus_F_2(TestDAOClientManager.java:2523)
	at sun.reflect.NativeMethodAccessorImpl.invoke0(Native Method)
	at sun.reflect.NativeMethodAccessorImpl.invoke(NativeMethodAccessorImpl.java:39)
	at sun.reflect.DelegatingMethodAccessorImpl.invoke(DelegatingMethodAccessorImpl.java:25)
	at java.lang.reflect.Method.invoke(Method.java:585)
	at junit.framework.TestCase.runTest(TestCase.java:154)
	at junit.framework.TestCase.runBare(TestCase.java:127)
	at junit.framework.TestResult$1.protect(TestResult.java:106)
	at junit.framework.TestResult.runProtected(TestResult.java:124)
	at junit.framework.TestResult.run(TestResult.java:109)
	at junit.framework.TestCase.run(TestCase.java:118)
	at junit.framework.TestSuite.runTest(TestSuite.java:208)
	at junit.framework.TestSuite.run(TestSuite.java:203)
	at junit.framework.TestSuite.runTest(TestSuite.java:208)
	at junit.framework.TestSuite.run(TestSuite.java:203)
	at junit.framework.TestSuite.runTest(TestSuite.java:208)
	at junit.framework.TestSuite.run(TestSuite.java:203)
	at org.apache.tools.ant.taskdefs.optional.junit.JUnitTestRunner.run(JUnitTestRunner.java:421)
	at org.apache.tools.ant.taskdefs.optional.junit.JUnitTestRunner.launch(JUnitTestRunner.java:912)
	at org.apache.tools.ant.taskdefs.optional.junit.JUnitTestRunner.main(JUnitTestRunner.java:766)
[Entering method <com.topcoder.clients.manager.dao.DAOClientManager.createClientStatus(ClientStatus status)>; Parameters:{ ParamName<clientStatus>; ParamValue: <[ id=0 name=  description=des isDeleted=false]>  }  at 2008-08-29 23:58:59.140 ]
[Error occurred in method <com.topcoder.clients.manager.dao.DAOClientManager.createClientStatus(ClientStatus status)>, cause by :
java.lang.IllegalArgumentException: The ClientStatus should have a non-null and non-empty name.
	at com.topcoder.clients.manager.dao.Helper.validateClientStatus(Helper.java:173)
	at com.topcoder.clients.manager.dao.DAOClientManager.createClientStatus(DAOClientManager.java:791)
	at com.topcoder.clients.manager.dao.TestDAOClientManager.testCreateClientStatus_F_3(TestDAOClientManager.java:2546)
	at sun.reflect.NativeMethodAccessorImpl.invoke0(Native Method)
	at sun.reflect.NativeMethodAccessorImpl.invoke(NativeMethodAccessorImpl.java:39)
	at sun.reflect.DelegatingMethodAccessorImpl.invoke(DelegatingMethodAccessorImpl.java:25)
	at java.lang.reflect.Method.invoke(Method.java:585)
	at junit.framework.TestCase.runTest(TestCase.java:154)
	at junit.framework.TestCase.runBare(TestCase.java:127)
	at junit.framework.TestResult$1.protect(TestResult.java:106)
	at junit.framework.TestResult.runProtected(TestResult.java:124)
	at junit.framework.TestResult.run(TestResult.java:109)
	at junit.framework.TestCase.run(TestCase.java:118)
	at junit.framework.TestSuite.runTest(TestSuite.java:208)
	at junit.framework.TestSuite.run(TestSuite.java:203)
	at junit.framework.TestSuite.runTest(TestSuite.java:208)
	at junit.framework.TestSuite.run(TestSuite.java:203)
	at junit.framework.TestSuite.runTest(TestSuite.java:208)
	at junit.framework.TestSuite.run(TestSuite.java:203)
	at org.apache.tools.ant.taskdefs.optional.junit.JUnitTestRunner.run(JUnitTestRunner.java:421)
	at org.apache.tools.ant.taskdefs.optional.junit.JUnitTestRunner.launch(JUnitTestRunner.java:912)
	at org.apache.tools.ant.taskdefs.optional.junit.JUnitTestRunner.main(JUnitTestRunner.java:766)
[Entering method <com.topcoder.clients.manager.dao.DAOClientManager.createClientStatus(ClientStatus status)>; Parameters:{ ParamName<clientStatus>; ParamValue: <[ id=0 name=name description=null isDeleted=false]>  }  at 2008-08-29 23:58:59.140 ]
[Error occurred in method <com.topcoder.clients.manager.dao.DAOClientManager.createClientStatus(ClientStatus status)>, cause by :
java.lang.IllegalArgumentException: The ClientStatus should have a non-null and non-empty description.
	at com.topcoder.clients.manager.dao.Helper.validateClientStatus(Helper.java:177)
	at com.topcoder.clients.manager.dao.DAOClientManager.createClientStatus(DAOClientManager.java:791)
	at com.topcoder.clients.manager.dao.TestDAOClientManager.testCreateClientStatus_F_4(TestDAOClientManager.java:2569)
	at sun.reflect.NativeMethodAccessorImpl.invoke0(Native Method)
	at sun.reflect.NativeMethodAccessorImpl.invoke(NativeMethodAccessorImpl.java:39)
	at sun.reflect.DelegatingMethodAccessorImpl.invoke(DelegatingMethodAccessorImpl.java:25)
	at java.lang.reflect.Method.invoke(Method.java:585)
	at junit.framework.TestCase.runTest(TestCase.java:154)
	at junit.framework.TestCase.runBare(TestCase.java:127)
	at junit.framework.TestResult$1.protect(TestResult.java:106)
	at junit.framework.TestResult.runProtected(TestResult.java:124)
	at junit.framework.TestResult.run(TestResult.java:109)
	at junit.framework.TestCase.run(TestCase.java:118)
	at junit.framework.TestSuite.runTest(TestSuite.java:208)
	at junit.framework.TestSuite.run(TestSuite.java:203)
	at junit.framework.TestSuite.runTest(TestSuite.java:208)
	at junit.framework.TestSuite.run(TestSuite.java:203)
	at junit.framework.TestSuite.runTest(TestSuite.java:208)
	at junit.framework.TestSuite.run(TestSuite.java:203)
	at org.apache.tools.ant.taskdefs.optional.junit.JUnitTestRunner.run(JUnitTestRunner.java:421)
	at org.apache.tools.ant.taskdefs.optional.junit.JUnitTestRunner.launch(JUnitTestRunner.java:912)
	at org.apache.tools.ant.taskdefs.optional.junit.JUnitTestRunner.main(JUnitTestRunner.java:766)
[Entering method <com.topcoder.clients.manager.dao.DAOClientManager.createClientStatus(ClientStatus status)>; Parameters:{ ParamName<clientStatus>; ParamValue: <[ id=0 name=name description=   isDeleted=false]>  }  at 2008-08-29 23:58:59.140 ]
[Error occurred in method <com.topcoder.clients.manager.dao.DAOClientManager.createClientStatus(ClientStatus status)>, cause by :
java.lang.IllegalArgumentException: The ClientStatus should have a non-null and non-empty description.
	at com.topcoder.clients.manager.dao.Helper.validateClientStatus(Helper.java:177)
	at com.topcoder.clients.manager.dao.DAOClientManager.createClientStatus(DAOClientManager.java:791)
	at com.topcoder.clients.manager.dao.TestDAOClientManager.testCreateClientStatus_F_5(TestDAOClientManager.java:2592)
	at sun.reflect.NativeMethodAccessorImpl.invoke0(Native Method)
	at sun.reflect.NativeMethodAccessorImpl.invoke(NativeMethodAccessorImpl.java:39)
	at sun.reflect.DelegatingMethodAccessorImpl.invoke(DelegatingMethodAccessorImpl.java:25)
	at java.lang.reflect.Method.invoke(Method.java:585)
	at junit.framework.TestCase.runTest(TestCase.java:154)
	at junit.framework.TestCase.runBare(TestCase.java:127)
	at junit.framework.TestResult$1.protect(TestResult.java:106)
	at junit.framework.TestResult.runProtected(TestResult.java:124)
	at junit.framework.TestResult.run(TestResult.java:109)
	at junit.framework.TestCase.run(TestCase.java:118)
	at junit.framework.TestSuite.runTest(TestSuite.java:208)
	at junit.framework.TestSuite.run(TestSuite.java:203)
	at junit.framework.TestSuite.runTest(TestSuite.java:208)
	at junit.framework.TestSuite.run(TestSuite.java:203)
	at junit.framework.TestSuite.runTest(TestSuite.java:208)
	at junit.framework.TestSuite.run(TestSuite.java:203)
	at org.apache.tools.ant.taskdefs.optional.junit.JUnitTestRunner.run(JUnitTestRunner.java:421)
	at org.apache.tools.ant.taskdefs.optional.junit.JUnitTestRunner.launch(JUnitTestRunner.java:912)
	at org.apache.tools.ant.taskdefs.optional.junit.JUnitTestRunner.main(JUnitTestRunner.java:766)
[Entering method <com.topcoder.clients.manager.dao.DAOClientManager.createClientStatus(ClientStatus status)>; Parameters:{ ParamName<clientStatus>; ParamValue: <[ id=0 name=name description=des isDeleted=true]>  }  at 2008-08-29 23:58:59.156 ]
[Error occurred in method <com.topcoder.clients.manager.dao.DAOClientManager.createClientStatus(ClientStatus status)>, cause by :
java.lang.IllegalArgumentException: The ClientStatus should not be deleted.
	at com.topcoder.clients.manager.dao.Helper.validateClientStatus(Helper.java:181)
	at com.topcoder.clients.manager.dao.DAOClientManager.createClientStatus(DAOClientManager.java:791)
	at com.topcoder.clients.manager.dao.TestDAOClientManager.testCreateClientStatus_F_6(TestDAOClientManager.java:2615)
	at sun.reflect.NativeMethodAccessorImpl.invoke0(Native Method)
	at sun.reflect.NativeMethodAccessorImpl.invoke(NativeMethodAccessorImpl.java:39)
	at sun.reflect.DelegatingMethodAccessorImpl.invoke(DelegatingMethodAccessorImpl.java:25)
	at java.lang.reflect.Method.invoke(Method.java:585)
	at junit.framework.TestCase.runTest(TestCase.java:154)
	at junit.framework.TestCase.runBare(TestCase.java:127)
	at junit.framework.TestResult$1.protect(TestResult.java:106)
	at junit.framework.TestResult.runProtected(TestResult.java:124)
	at junit.framework.TestResult.run(TestResult.java:109)
	at junit.framework.TestCase.run(TestCase.java:118)
	at junit.framework.TestSuite.runTest(TestSuite.java:208)
	at junit.framework.TestSuite.run(TestSuite.java:203)
	at junit.framework.TestSuite.runTest(TestSuite.java:208)
	at junit.framework.TestSuite.run(TestSuite.java:203)
	at junit.framework.TestSuite.runTest(TestSuite.java:208)
	at junit.framework.TestSuite.run(TestSuite.java:203)
	at org.apache.tools.ant.taskdefs.optional.junit.JUnitTestRunner.run(JUnitTestRunner.java:421)
	at org.apache.tools.ant.taskdefs.optional.junit.JUnitTestRunner.launch(JUnitTestRunner.java:912)
	at org.apache.tools.ant.taskdefs.optional.junit.JUnitTestRunner.main(JUnitTestRunner.java:766)
[Entering method <com.topcoder.clients.manager.dao.DAOClientManager.createClientStatus(ClientStatus status)>; Parameters:{ ParamName<clientStatus>; ParamValue: <[ id=0 name=DAOException description=des isDeleted=false]>  }  at 2008-08-29 23:58:59.156 ]
[Error occurred in method <com.topcoder.clients.manager.dao.DAOClientManager.createClientStatus(ClientStatus status)>, cause by :
com.topcoder.clients.manager.ClientManagerException: Fail to create ClientStatus, cause by Throw for testing
	at com.topcoder.clients.manager.dao.DAOClientManager.wrapInnerException(DAOClientManager.java:305)
	at com.topcoder.clients.manager.dao.DAOClientManager.createClientStatus(DAOClientManager.java:807)
	at com.topcoder.clients.manager.dao.TestDAOClientManager.testCreateClientStatus_F_7(TestDAOClientManager.java:2638)
	at sun.reflect.NativeMethodAccessorImpl.invoke0(Native Method)
	at sun.reflect.NativeMethodAccessorImpl.invoke(NativeMethodAccessorImpl.java:39)
	at sun.reflect.DelegatingMethodAccessorImpl.invoke(DelegatingMethodAccessorImpl.java:25)
	at java.lang.reflect.Method.invoke(Method.java:585)
	at junit.framework.TestCase.runTest(TestCase.java:154)
	at junit.framework.TestCase.runBare(TestCase.java:127)
	at junit.framework.TestResult$1.protect(TestResult.java:106)
	at junit.framework.TestResult.runProtected(TestResult.java:124)
	at junit.framework.TestResult.run(TestResult.java:109)
	at junit.framework.TestCase.run(TestCase.java:118)
	at junit.framework.TestSuite.runTest(TestSuite.java:208)
	at junit.framework.TestSuite.run(TestSuite.java:203)
	at junit.framework.TestSuite.runTest(TestSuite.java:208)
	at junit.framework.TestSuite.run(TestSuite.java:203)
	at junit.framework.TestSuite.runTest(TestSuite.java:208)
	at junit.framework.TestSuite.run(TestSuite.java:203)
	at org.apache.tools.ant.taskdefs.optional.junit.JUnitTestRunner.run(JUnitTestRunner.java:421)
	at org.apache.tools.ant.taskdefs.optional.junit.JUnitTestRunner.launch(JUnitTestRunner.java:912)
	at org.apache.tools.ant.taskdefs.optional.junit.JUnitTestRunner.main(JUnitTestRunner.java:766)
Caused by: com.topcoder.clients.dao.DAOException: Throw for testing
	at com.topcoder.clients.manager.MockClientStatusDAO.save(MockClientStatusDAO.java:174)
	at com.topcoder.clients.manager.dao.DAOClientManager.createClientStatus(DAOClientManager.java:796)
	... 20 more
[Entering method <com.topcoder.clients.manager.dao.DAOClientManager.createClientStatus(ClientStatus status)>; Parameters:{ ParamName<clientStatus>; ParamValue: <[ id=0 name=DAOConfigurationException description=des isDeleted=false]>  }  at 2008-08-29 23:58:59.156 ]
[Error occurred in method <com.topcoder.clients.manager.dao.DAOClientManager.createClientStatus(ClientStatus status)>, cause by :
com.topcoder.clients.manager.ClientManagerException: Fail to create ClientStatus, cause by Throw for testing
	at com.topcoder.clients.manager.dao.DAOClientManager.wrapInnerException(DAOClientManager.java:305)
	at com.topcoder.clients.manager.dao.DAOClientManager.createClientStatus(DAOClientManager.java:810)
	at com.topcoder.clients.manager.dao.TestDAOClientManager.testCreateClientStatus_F_8(TestDAOClientManager.java:2661)
	at sun.reflect.NativeMethodAccessorImpl.invoke0(Native Method)
	at sun.reflect.NativeMethodAccessorImpl.invoke(NativeMethodAccessorImpl.java:39)
	at sun.reflect.DelegatingMethodAccessorImpl.invoke(DelegatingMethodAccessorImpl.java:25)
	at java.lang.reflect.Method.invoke(Method.java:585)
	at junit.framework.TestCase.runTest(TestCase.java:154)
	at junit.framework.TestCase.runBare(TestCase.java:127)
	at junit.framework.TestResult$1.protect(TestResult.java:106)
	at junit.framework.TestResult.runProtected(TestResult.java:124)
	at junit.framework.TestResult.run(TestResult.java:109)
	at junit.framework.TestCase.run(TestCase.java:118)
	at junit.framework.TestSuite.runTest(TestSuite.java:208)
	at junit.framework.TestSuite.run(TestSuite.java:203)
	at junit.framework.TestSuite.runTest(TestSuite.java:208)
	at junit.framework.TestSuite.run(TestSuite.java:203)
	at junit.framework.TestSuite.runTest(TestSuite.java:208)
	at junit.framework.TestSuite.run(TestSuite.java:203)
	at org.apache.tools.ant.taskdefs.optional.junit.JUnitTestRunner.run(JUnitTestRunner.java:421)
	at org.apache.tools.ant.taskdefs.optional.junit.JUnitTestRunner.launch(JUnitTestRunner.java:912)
	at org.apache.tools.ant.taskdefs.optional.junit.JUnitTestRunner.main(JUnitTestRunner.java:766)
Caused by: com.topcoder.clients.dao.DAOConfigurationException: Throw for testing
	at com.topcoder.clients.manager.MockClientStatusDAO.save(MockClientStatusDAO.java:178)
	at com.topcoder.clients.manager.dao.DAOClientManager.createClientStatus(DAOClientManager.java:796)
	... 20 more
[Entering method <com.topcoder.clients.manager.dao.DAOClientManager.createClientStatus(ClientStatus status)>; Parameters:{ ParamName<clientStatus>; ParamValue: <[ id=0 name=ok description=des isDeleted=false]>  }  at 2008-08-29 23:58:59.171 ]
[Exiting method <com.topcoder.clients.manager.dao.DAOClientManager.createClientStatus(ClientStatus status)>; Return value:<[ id=67 name=ok description=des isDeleted=false]>]  at 2008-08-29 23:58:59.171
[Entering method <com.topcoder.clients.manager.dao.DAOClientManager.updateClientStatus(ClientStatus status)>; Parameters:{ ParamName<clientStatus>; ParamValue: <null>  }  at 2008-08-29 23:58:59.203 ]
[Error occurred in method <com.topcoder.clients.manager.dao.DAOClientManager.updateClientStatus(ClientStatus status)>, cause by :
java.lang.IllegalArgumentException: The parameter 'status' should not be null.
	at com.topcoder.clients.manager.dao.Helper.checkNull(Helper.java:69)
	at com.topcoder.clients.manager.dao.Helper.validateClientStatus(Helper.java:170)
	at com.topcoder.clients.manager.dao.DAOClientManager.updateClientStatus(DAOClientManager.java:838)
	at com.topcoder.clients.manager.dao.TestDAOClientManager.testUpdateClientStatus_1(TestDAOClientManager.java:2701)
	at sun.reflect.NativeMethodAccessorImpl.invoke0(Native Method)
	at sun.reflect.NativeMethodAccessorImpl.invoke(NativeMethodAccessorImpl.java:39)
	at sun.reflect.DelegatingMethodAccessorImpl.invoke(DelegatingMethodAccessorImpl.java:25)
	at java.lang.reflect.Method.invoke(Method.java:585)
	at junit.framework.TestCase.runTest(TestCase.java:154)
	at junit.framework.TestCase.runBare(TestCase.java:127)
	at junit.framework.TestResult$1.protect(TestResult.java:106)
	at junit.framework.TestResult.runProtected(TestResult.java:124)
	at junit.framework.TestResult.run(TestResult.java:109)
	at junit.framework.TestCase.run(TestCase.java:118)
	at junit.framework.TestSuite.runTest(TestSuite.java:208)
	at junit.framework.TestSuite.run(TestSuite.java:203)
	at junit.framework.TestSuite.runTest(TestSuite.java:208)
	at junit.framework.TestSuite.run(TestSuite.java:203)
	at junit.framework.TestSuite.runTest(TestSuite.java:208)
	at junit.framework.TestSuite.run(TestSuite.java:203)
	at org.apache.tools.ant.taskdefs.optional.junit.JUnitTestRunner.run(JUnitTestRunner.java:421)
	at org.apache.tools.ant.taskdefs.optional.junit.JUnitTestRunner.launch(JUnitTestRunner.java:912)
	at org.apache.tools.ant.taskdefs.optional.junit.JUnitTestRunner.main(JUnitTestRunner.java:766)
[Entering method <com.topcoder.clients.manager.dao.DAOClientManager.updateClientStatus(ClientStatus status)>; Parameters:{ ParamName<clientStatus>; ParamValue: <[ id=0 name=null description=des isDeleted=false]>  }  at 2008-08-29 23:58:59.203 ]
[Error occurred in method <com.topcoder.clients.manager.dao.DAOClientManager.updateClientStatus(ClientStatus status)>, cause by :
java.lang.IllegalArgumentException: The ClientStatus should have a non-null and non-empty name.
	at com.topcoder.clients.manager.dao.Helper.validateClientStatus(Helper.java:173)
	at com.topcoder.clients.manager.dao.DAOClientManager.updateClientStatus(DAOClientManager.java:838)
	at com.topcoder.clients.manager.dao.TestDAOClientManager.testUpdateClientStatus_2(TestDAOClientManager.java:2725)
	at sun.reflect.NativeMethodAccessorImpl.invoke0(Native Method)
	at sun.reflect.NativeMethodAccessorImpl.invoke(NativeMethodAccessorImpl.java:39)
	at sun.reflect.DelegatingMethodAccessorImpl.invoke(DelegatingMethodAccessorImpl.java:25)
	at java.lang.reflect.Method.invoke(Method.java:585)
	at junit.framework.TestCase.runTest(TestCase.java:154)
	at junit.framework.TestCase.runBare(TestCase.java:127)
	at junit.framework.TestResult$1.protect(TestResult.java:106)
	at junit.framework.TestResult.runProtected(TestResult.java:124)
	at junit.framework.TestResult.run(TestResult.java:109)
	at junit.framework.TestCase.run(TestCase.java:118)
	at junit.framework.TestSuite.runTest(TestSuite.java:208)
	at junit.framework.TestSuite.run(TestSuite.java:203)
	at junit.framework.TestSuite.runTest(TestSuite.java:208)
	at junit.framework.TestSuite.run(TestSuite.java:203)
	at junit.framework.TestSuite.runTest(TestSuite.java:208)
	at junit.framework.TestSuite.run(TestSuite.java:203)
	at org.apache.tools.ant.taskdefs.optional.junit.JUnitTestRunner.run(JUnitTestRunner.java:421)
	at org.apache.tools.ant.taskdefs.optional.junit.JUnitTestRunner.launch(JUnitTestRunner.java:912)
	at org.apache.tools.ant.taskdefs.optional.junit.JUnitTestRunner.main(JUnitTestRunner.java:766)
[Entering method <com.topcoder.clients.manager.dao.DAOClientManager.updateClientStatus(ClientStatus status)>; Parameters:{ ParamName<clientStatus>; ParamValue: <[ id=0 name=   description=des isDeleted=false]>  }  at 2008-08-29 23:58:59.218 ]
[Error occurred in method <com.topcoder.clients.manager.dao.DAOClientManager.updateClientStatus(ClientStatus status)>, cause by :
java.lang.IllegalArgumentException: The ClientStatus should have a non-null and non-empty name.
	at com.topcoder.clients.manager.dao.Helper.validateClientStatus(Helper.java:173)
	at com.topcoder.clients.manager.dao.DAOClientManager.updateClientStatus(DAOClientManager.java:838)
	at com.topcoder.clients.manager.dao.TestDAOClientManager.testUpdateClientStatus_3(TestDAOClientManager.java:2749)
	at sun.reflect.NativeMethodAccessorImpl.invoke0(Native Method)
	at sun.reflect.NativeMethodAccessorImpl.invoke(NativeMethodAccessorImpl.java:39)
	at sun.reflect.DelegatingMethodAccessorImpl.invoke(DelegatingMethodAccessorImpl.java:25)
	at java.lang.reflect.Method.invoke(Method.java:585)
	at junit.framework.TestCase.runTest(TestCase.java:154)
	at junit.framework.TestCase.runBare(TestCase.java:127)
	at junit.framework.TestResult$1.protect(TestResult.java:106)
	at junit.framework.TestResult.runProtected(TestResult.java:124)
	at junit.framework.TestResult.run(TestResult.java:109)
	at junit.framework.TestCase.run(TestCase.java:118)
	at junit.framework.TestSuite.runTest(TestSuite.java:208)
	at junit.framework.TestSuite.run(TestSuite.java:203)
	at junit.framework.TestSuite.runTest(TestSuite.java:208)
	at junit.framework.TestSuite.run(TestSuite.java:203)
	at junit.framework.TestSuite.runTest(TestSuite.java:208)
	at junit.framework.TestSuite.run(TestSuite.java:203)
	at org.apache.tools.ant.taskdefs.optional.junit.JUnitTestRunner.run(JUnitTestRunner.java:421)
	at org.apache.tools.ant.taskdefs.optional.junit.JUnitTestRunner.launch(JUnitTestRunner.java:912)
	at org.apache.tools.ant.taskdefs.optional.junit.JUnitTestRunner.main(JUnitTestRunner.java:766)
[Entering method <com.topcoder.clients.manager.dao.DAOClientManager.updateClientStatus(ClientStatus status)>; Parameters:{ ParamName<clientStatus>; ParamValue: <[ id=0 name=name description=null isDeleted=false]>  }  at 2008-08-29 23:58:59.218 ]
[Error occurred in method <com.topcoder.clients.manager.dao.DAOClientManager.updateClientStatus(ClientStatus status)>, cause by :
java.lang.IllegalArgumentException: The ClientStatus should have a non-null and non-empty description.
	at com.topcoder.clients.manager.dao.Helper.validateClientStatus(Helper.java:177)
	at com.topcoder.clients.manager.dao.DAOClientManager.updateClientStatus(DAOClientManager.java:838)
	at com.topcoder.clients.manager.dao.TestDAOClientManager.testUpdateClientStatus_4(TestDAOClientManager.java:2773)
	at sun.reflect.NativeMethodAccessorImpl.invoke0(Native Method)
	at sun.reflect.NativeMethodAccessorImpl.invoke(NativeMethodAccessorImpl.java:39)
	at sun.reflect.DelegatingMethodAccessorImpl.invoke(DelegatingMethodAccessorImpl.java:25)
	at java.lang.reflect.Method.invoke(Method.java:585)
	at junit.framework.TestCase.runTest(TestCase.java:154)
	at junit.framework.TestCase.runBare(TestCase.java:127)
	at junit.framework.TestResult$1.protect(TestResult.java:106)
	at junit.framework.TestResult.runProtected(TestResult.java:124)
	at junit.framework.TestResult.run(TestResult.java:109)
	at junit.framework.TestCase.run(TestCase.java:118)
	at junit.framework.TestSuite.runTest(TestSuite.java:208)
	at junit.framework.TestSuite.run(TestSuite.java:203)
	at junit.framework.TestSuite.runTest(TestSuite.java:208)
	at junit.framework.TestSuite.run(TestSuite.java:203)
	at junit.framework.TestSuite.runTest(TestSuite.java:208)
	at junit.framework.TestSuite.run(TestSuite.java:203)
	at org.apache.tools.ant.taskdefs.optional.junit.JUnitTestRunner.run(JUnitTestRunner.java:421)
	at org.apache.tools.ant.taskdefs.optional.junit.JUnitTestRunner.launch(JUnitTestRunner.java:912)
	at org.apache.tools.ant.taskdefs.optional.junit.JUnitTestRunner.main(JUnitTestRunner.java:766)
[Entering method <com.topcoder.clients.manager.dao.DAOClientManager.updateClientStatus(ClientStatus status)>; Parameters:{ ParamName<clientStatus>; ParamValue: <[ id=0 name=name description=    isDeleted=false]>  }  at 2008-08-29 23:58:59.218 ]
[Error occurred in method <com.topcoder.clients.manager.dao.DAOClientManager.updateClientStatus(ClientStatus status)>, cause by :
java.lang.IllegalArgumentException: The ClientStatus should have a non-null and non-empty description.
	at com.topcoder.clients.manager.dao.Helper.validateClientStatus(Helper.java:177)
	at com.topcoder.clients.manager.dao.DAOClientManager.updateClientStatus(DAOClientManager.java:838)
	at com.topcoder.clients.manager.dao.TestDAOClientManager.testUpdateClientStatus_5(TestDAOClientManager.java:2797)
	at sun.reflect.NativeMethodAccessorImpl.invoke0(Native Method)
	at sun.reflect.NativeMethodAccessorImpl.invoke(NativeMethodAccessorImpl.java:39)
	at sun.reflect.DelegatingMethodAccessorImpl.invoke(DelegatingMethodAccessorImpl.java:25)
	at java.lang.reflect.Method.invoke(Method.java:585)
	at junit.framework.TestCase.runTest(TestCase.java:154)
	at junit.framework.TestCase.runBare(TestCase.java:127)
	at junit.framework.TestResult$1.protect(TestResult.java:106)
	at junit.framework.TestResult.runProtected(TestResult.java:124)
	at junit.framework.TestResult.run(TestResult.java:109)
	at junit.framework.TestCase.run(TestCase.java:118)
	at junit.framework.TestSuite.runTest(TestSuite.java:208)
	at junit.framework.TestSuite.run(TestSuite.java:203)
	at junit.framework.TestSuite.runTest(TestSuite.java:208)
	at junit.framework.TestSuite.run(TestSuite.java:203)
	at junit.framework.TestSuite.runTest(TestSuite.java:208)
	at junit.framework.TestSuite.run(TestSuite.java:203)
	at org.apache.tools.ant.taskdefs.optional.junit.JUnitTestRunner.run(JUnitTestRunner.java:421)
	at org.apache.tools.ant.taskdefs.optional.junit.JUnitTestRunner.launch(JUnitTestRunner.java:912)
	at org.apache.tools.ant.taskdefs.optional.junit.JUnitTestRunner.main(JUnitTestRunner.java:766)
[Entering method <com.topcoder.clients.manager.dao.DAOClientManager.updateClientStatus(ClientStatus status)>; Parameters:{ ParamName<clientStatus>; ParamValue: <[ id=0 name=name description=d isDeleted=true]>  }  at 2008-08-29 23:58:59.234 ]
[Error occurred in method <com.topcoder.clients.manager.dao.DAOClientManager.updateClientStatus(ClientStatus status)>, cause by :
java.lang.IllegalArgumentException: The ClientStatus should not be deleted.
	at com.topcoder.clients.manager.dao.Helper.validateClientStatus(Helper.java:181)
	at com.topcoder.clients.manager.dao.DAOClientManager.updateClientStatus(DAOClientManager.java:838)
	at com.topcoder.clients.manager.dao.TestDAOClientManager.testUpdateClientStatus_6(TestDAOClientManager.java:2821)
	at sun.reflect.NativeMethodAccessorImpl.invoke0(Native Method)
	at sun.reflect.NativeMethodAccessorImpl.invoke(NativeMethodAccessorImpl.java:39)
	at sun.reflect.DelegatingMethodAccessorImpl.invoke(DelegatingMethodAccessorImpl.java:25)
	at java.lang.reflect.Method.invoke(Method.java:585)
	at junit.framework.TestCase.runTest(TestCase.java:154)
	at junit.framework.TestCase.runBare(TestCase.java:127)
	at junit.framework.TestResult$1.protect(TestResult.java:106)
	at junit.framework.TestResult.runProtected(TestResult.java:124)
	at junit.framework.TestResult.run(TestResult.java:109)
	at junit.framework.TestCase.run(TestCase.java:118)
	at junit.framework.TestSuite.runTest(TestSuite.java:208)
	at junit.framework.TestSuite.run(TestSuite.java:203)
	at junit.framework.TestSuite.runTest(TestSuite.java:208)
	at junit.framework.TestSuite.run(TestSuite.java:203)
	at junit.framework.TestSuite.runTest(TestSuite.java:208)
	at junit.framework.TestSuite.run(TestSuite.java:203)
	at org.apache.tools.ant.taskdefs.optional.junit.JUnitTestRunner.run(JUnitTestRunner.java:421)
	at org.apache.tools.ant.taskdefs.optional.junit.JUnitTestRunner.launch(JUnitTestRunner.java:912)
	at org.apache.tools.ant.taskdefs.optional.junit.JUnitTestRunner.main(JUnitTestRunner.java:766)
[Entering method <com.topcoder.clients.manager.dao.DAOClientManager.updateClientStatus(ClientStatus status)>; Parameters:{ ParamName<clientStatus>; ParamValue: <[ id=-1 name=name description=d isDeleted=false]>  }  at 2008-08-29 23:58:59.234 ]
[Error occurred in method <com.topcoder.clients.manager.dao.DAOClientManager.updateClientStatus(ClientStatus status)>, cause by :
com.topcoder.clients.manager.ClientEntityNotFoundException: The id should not <= 0, refer to detail:The parameter id should not < 0
	at com.topcoder.clients.manager.dao.DAOClientManager.checkClientStatusExisted(DAOClientManager.java:895)
	at com.topcoder.clients.manager.dao.DAOClientManager.updateClientStatus(DAOClientManager.java:846)
	at com.topcoder.clients.manager.dao.TestDAOClientManager.testUpdateClientStatus_7(TestDAOClientManager.java:2846)
	at sun.reflect.NativeMethodAccessorImpl.invoke0(Native Method)
	at sun.reflect.NativeMethodAccessorImpl.invoke(NativeMethodAccessorImpl.java:39)
	at sun.reflect.DelegatingMethodAccessorImpl.invoke(DelegatingMethodAccessorImpl.java:25)
	at java.lang.reflect.Method.invoke(Method.java:585)
	at junit.framework.TestCase.runTest(TestCase.java:154)
	at junit.framework.TestCase.runBare(TestCase.java:127)
	at junit.framework.TestResult$1.protect(TestResult.java:106)
	at junit.framework.TestResult.runProtected(TestResult.java:124)
	at junit.framework.TestResult.run(TestResult.java:109)
	at junit.framework.TestCase.run(TestCase.java:118)
	at junit.framework.TestSuite.runTest(TestSuite.java:208)
	at junit.framework.TestSuite.run(TestSuite.java:203)
	at junit.framework.TestSuite.runTest(TestSuite.java:208)
	at junit.framework.TestSuite.run(TestSuite.java:203)
	at junit.framework.TestSuite.runTest(TestSuite.java:208)
	at junit.framework.TestSuite.run(TestSuite.java:203)
	at org.apache.tools.ant.taskdefs.optional.junit.JUnitTestRunner.run(JUnitTestRunner.java:421)
	at org.apache.tools.ant.taskdefs.optional.junit.JUnitTestRunner.launch(JUnitTestRunner.java:912)
	at org.apache.tools.ant.taskdefs.optional.junit.JUnitTestRunner.main(JUnitTestRunner.java:766)
Caused by: java.lang.IllegalArgumentException: The parameter id should not < 0
	at com.topcoder.clients.manager.MockClientStatusDAO.retrieveById(MockClientStatusDAO.java:60)
	at com.topcoder.clients.manager.dao.DAOClientManager.checkClientStatusExisted(DAOClientManager.java:884)
	... 21 more
[Entering method <com.topcoder.clients.manager.dao.DAOClientManager.updateClientStatus(ClientStatus status)>; Parameters:{ ParamName<clientStatus>; ParamValue: <[ id=1 name=DAOException description=d isDeleted=false]>  }  at 2008-08-29 23:58:59.234 ]
[Error occurred in method <com.topcoder.clients.manager.dao.DAOClientManager.updateClientStatus(ClientStatus status)>, cause by :
com.topcoder.clients.manager.ClientManagerException: Fail to update the ClientStatus, cause by Throw for testing
	at com.topcoder.clients.manager.dao.DAOClientManager.wrapInnerException(DAOClientManager.java:305)
	at com.topcoder.clients.manager.dao.DAOClientManager.updateClientStatus(DAOClientManager.java:858)
	at com.topcoder.clients.manager.dao.TestDAOClientManager.testUpdateClientStatus_8(TestDAOClientManager.java:2871)
	at sun.reflect.NativeMethodAccessorImpl.invoke0(Native Method)
	at sun.reflect.NativeMethodAccessorImpl.invoke(NativeMethodAccessorImpl.java:39)
	at sun.reflect.DelegatingMethodAccessorImpl.invoke(DelegatingMethodAccessorImpl.java:25)
	at java.lang.reflect.Method.invoke(Method.java:585)
	at junit.framework.TestCase.runTest(TestCase.java:154)
	at junit.framework.TestCase.runBare(TestCase.java:127)
	at junit.framework.TestResult$1.protect(TestResult.java:106)
	at junit.framework.TestResult.runProtected(TestResult.java:124)
	at junit.framework.TestResult.run(TestResult.java:109)
	at junit.framework.TestCase.run(TestCase.java:118)
	at junit.framework.TestSuite.runTest(TestSuite.java:208)
	at junit.framework.TestSuite.run(TestSuite.java:203)
	at junit.framework.TestSuite.runTest(TestSuite.java:208)
	at junit.framework.TestSuite.run(TestSuite.java:203)
	at junit.framework.TestSuite.runTest(TestSuite.java:208)
	at junit.framework.TestSuite.run(TestSuite.java:203)
	at org.apache.tools.ant.taskdefs.optional.junit.JUnitTestRunner.run(JUnitTestRunner.java:421)
	at org.apache.tools.ant.taskdefs.optional.junit.JUnitTestRunner.launch(JUnitTestRunner.java:912)
	at org.apache.tools.ant.taskdefs.optional.junit.JUnitTestRunner.main(JUnitTestRunner.java:766)
Caused by: com.topcoder.clients.dao.DAOException: Throw for testing
	at com.topcoder.clients.manager.MockClientStatusDAO.save(MockClientStatusDAO.java:174)
	at com.topcoder.clients.manager.dao.DAOClientManager.updateClientStatus(DAOClientManager.java:849)
	... 20 more
[Entering method <com.topcoder.clients.manager.dao.DAOClientManager.updateClientStatus(ClientStatus status)>; Parameters:{ ParamName<clientStatus>; ParamValue: <[ id=1 name=DAOConfigurationException description=d isDeleted=false]>  }  at 2008-08-29 23:58:59.234 ]
[Error occurred in method <com.topcoder.clients.manager.dao.DAOClientManager.updateClientStatus(ClientStatus status)>, cause by :
com.topcoder.clients.manager.ClientManagerException: Fail to update the ClientStatus, cause by Throw for testing
	at com.topcoder.clients.manager.dao.DAOClientManager.wrapInnerException(DAOClientManager.java:305)
	at com.topcoder.clients.manager.dao.DAOClientManager.updateClientStatus(DAOClientManager.java:855)
	at com.topcoder.clients.manager.dao.TestDAOClientManager.testUpdateClientStatus_9(TestDAOClientManager.java:2896)
	at sun.reflect.NativeMethodAccessorImpl.invoke0(Native Method)
	at sun.reflect.NativeMethodAccessorImpl.invoke(NativeMethodAccessorImpl.java:39)
	at sun.reflect.DelegatingMethodAccessorImpl.invoke(DelegatingMethodAccessorImpl.java:25)
	at java.lang.reflect.Method.invoke(Method.java:585)
	at junit.framework.TestCase.runTest(TestCase.java:154)
	at junit.framework.TestCase.runBare(TestCase.java:127)
	at junit.framework.TestResult$1.protect(TestResult.java:106)
	at junit.framework.TestResult.runProtected(TestResult.java:124)
	at junit.framework.TestResult.run(TestResult.java:109)
	at junit.framework.TestCase.run(TestCase.java:118)
	at junit.framework.TestSuite.runTest(TestSuite.java:208)
	at junit.framework.TestSuite.run(TestSuite.java:203)
	at junit.framework.TestSuite.runTest(TestSuite.java:208)
	at junit.framework.TestSuite.run(TestSuite.java:203)
	at junit.framework.TestSuite.runTest(TestSuite.java:208)
	at junit.framework.TestSuite.run(TestSuite.java:203)
	at org.apache.tools.ant.taskdefs.optional.junit.JUnitTestRunner.run(JUnitTestRunner.java:421)
	at org.apache.tools.ant.taskdefs.optional.junit.JUnitTestRunner.launch(JUnitTestRunner.java:912)
	at org.apache.tools.ant.taskdefs.optional.junit.JUnitTestRunner.main(JUnitTestRunner.java:766)
Caused by: com.topcoder.clients.dao.DAOConfigurationException: Throw for testing
	at com.topcoder.clients.manager.MockClientStatusDAO.save(MockClientStatusDAO.java:178)
	at com.topcoder.clients.manager.dao.DAOClientManager.updateClientStatus(DAOClientManager.java:849)
	... 20 more
[Entering method <com.topcoder.clients.manager.dao.DAOClientManager.updateClientStatus(ClientStatus status)>; Parameters:{ ParamName<clientStatus>; ParamValue: <[ id=2 name=DAOConfigurationException description=d isDeleted=false]>  }  at 2008-08-29 23:58:59.250 ]
[Error occurred in method <com.topcoder.clients.manager.dao.DAOClientManager.updateClientStatus(ClientStatus status)>, cause by :
com.topcoder.clients.manager.ClientEntityNotFoundException: The clientStatus entity does not exist in persistence with id=2
	at com.topcoder.clients.manager.dao.DAOClientManager.checkClientStatusExisted(DAOClientManager.java:885)
	at com.topcoder.clients.manager.dao.DAOClientManager.updateClientStatus(DAOClientManager.java:846)
	at com.topcoder.clients.manager.dao.TestDAOClientManager.testUpdateClientStatus_10(TestDAOClientManager.java:2921)
	at sun.reflect.NativeMethodAccessorImpl.invoke0(Native Method)
	at sun.reflect.NativeMethodAccessorImpl.invoke(NativeMethodAccessorImpl.java:39)
	at sun.reflect.DelegatingMethodAccessorImpl.invoke(DelegatingMethodAccessorImpl.java:25)
	at java.lang.reflect.Method.invoke(Method.java:585)
	at junit.framework.TestCase.runTest(TestCase.java:154)
	at junit.framework.TestCase.runBare(TestCase.java:127)
	at junit.framework.TestResult$1.protect(TestResult.java:106)
	at junit.framework.TestResult.runProtected(TestResult.java:124)
	at junit.framework.TestResult.run(TestResult.java:109)
	at junit.framework.TestCase.run(TestCase.java:118)
	at junit.framework.TestSuite.runTest(TestSuite.java:208)
	at junit.framework.TestSuite.run(TestSuite.java:203)
	at junit.framework.TestSuite.runTest(TestSuite.java:208)
	at junit.framework.TestSuite.run(TestSuite.java:203)
	at junit.framework.TestSuite.runTest(TestSuite.java:208)
	at junit.framework.TestSuite.run(TestSuite.java:203)
	at org.apache.tools.ant.taskdefs.optional.junit.JUnitTestRunner.run(JUnitTestRunner.java:421)
	at org.apache.tools.ant.taskdefs.optional.junit.JUnitTestRunner.launch(JUnitTestRunner.java:912)
	at org.apache.tools.ant.taskdefs.optional.junit.JUnitTestRunner.main(JUnitTestRunner.java:766)
[Entering method <com.topcoder.clients.manager.dao.DAOClientManager.updateClientStatus(ClientStatus status)>; Parameters:{ ParamName<clientStatus>; ParamValue: <[ id=1000 name=DAOConfigurationException description=d isDeleted=false]>  }  at 2008-08-29 23:58:59.250 ]
[Error occurred in method <com.topcoder.clients.manager.dao.DAOClientManager.updateClientStatus(ClientStatus status)>, cause by :
com.topcoder.clients.manager.ClientEntityNotFoundException: The ClientStatus with id=1000 does not exist in the persistence
	at com.topcoder.clients.manager.dao.DAOClientManager.wrapEntityNotFoundException(DAOClientManager.java:920)
	at com.topcoder.clients.manager.dao.DAOClientManager.checkClientStatusExisted(DAOClientManager.java:902)
	at com.topcoder.clients.manager.dao.DAOClientManager.updateClientStatus(DAOClientManager.java:846)
	at com.topcoder.clients.manager.dao.TestDAOClientManager.testUpdateClientStatus_11(TestDAOClientManager.java:2946)
	at sun.reflect.NativeMethodAccessorImpl.invoke0(Native Method)
	at sun.reflect.NativeMethodAccessorImpl.invoke(NativeMethodAccessorImpl.java:39)
	at sun.reflect.DelegatingMethodAccessorImpl.invoke(DelegatingMethodAccessorImpl.java:25)
	at java.lang.reflect.Method.invoke(Method.java:585)
	at junit.framework.TestCase.runTest(TestCase.java:154)
	at junit.framework.TestCase.runBare(TestCase.java:127)
	at junit.framework.TestResult$1.protect(TestResult.java:106)
	at junit.framework.TestResult.runProtected(TestResult.java:124)
	at junit.framework.TestResult.run(TestResult.java:109)
	at junit.framework.TestCase.run(TestCase.java:118)
	at junit.framework.TestSuite.runTest(TestSuite.java:208)
	at junit.framework.TestSuite.run(TestSuite.java:203)
	at junit.framework.TestSuite.runTest(TestSuite.java:208)
	at junit.framework.TestSuite.run(TestSuite.java:203)
	at junit.framework.TestSuite.runTest(TestSuite.java:208)
	at junit.framework.TestSuite.run(TestSuite.java:203)
	at org.apache.tools.ant.taskdefs.optional.junit.JUnitTestRunner.run(JUnitTestRunner.java:421)
	at org.apache.tools.ant.taskdefs.optional.junit.JUnitTestRunner.launch(JUnitTestRunner.java:912)
	at org.apache.tools.ant.taskdefs.optional.junit.JUnitTestRunner.main(JUnitTestRunner.java:766)
Caused by: com.topcoder.clients.dao.EntityNotFoundException: Throw for testing
	at com.topcoder.clients.manager.MockClientStatusDAO.retrieveById(MockClientStatusDAO.java:98)
	at com.topcoder.clients.manager.dao.DAOClientManager.checkClientStatusExisted(DAOClientManager.java:884)
	... 21 more
[Entering method <com.topcoder.clients.manager.dao.DAOClientManager.updateClientStatus(ClientStatus status)>; Parameters:{ ParamName<clientStatus>; ParamValue: <[ id=3 name=ClassCastException description=d isDeleted=false]>  }  at 2008-08-29 23:58:59.250 ]
[Error occurred in method <com.topcoder.clients.manager.dao.DAOClientManager.updateClientStatus(ClientStatus status)>, cause by :
com.topcoder.clients.manager.ClientManagerException: Fail to update the ClientStatus, cause by com.topcoder.clients.model.Client
	at com.topcoder.clients.manager.dao.DAOClientManager.wrapInnerException(DAOClientManager.java:305)
	at com.topcoder.clients.manager.dao.DAOClientManager.updateClientStatus(DAOClientManager.java:861)
	at com.topcoder.clients.manager.dao.TestDAOClientManager.testUpdateClientStatus_12(TestDAOClientManager.java:2971)
	at sun.reflect.NativeMethodAccessorImpl.invoke0(Native Method)
	at sun.reflect.NativeMethodAccessorImpl.invoke(NativeMethodAccessorImpl.java:39)
	at sun.reflect.DelegatingMethodAccessorImpl.invoke(DelegatingMethodAccessorImpl.java:25)
	at java.lang.reflect.Method.invoke(Method.java:585)
	at junit.framework.TestCase.runTest(TestCase.java:154)
	at junit.framework.TestCase.runBare(TestCase.java:127)
	at junit.framework.TestResult$1.protect(TestResult.java:106)
	at junit.framework.TestResult.runProtected(TestResult.java:124)
	at junit.framework.TestResult.run(TestResult.java:109)
	at junit.framework.TestCase.run(TestCase.java:118)
	at junit.framework.TestSuite.runTest(TestSuite.java:208)
	at junit.framework.TestSuite.run(TestSuite.java:203)
	at junit.framework.TestSuite.runTest(TestSuite.java:208)
	at junit.framework.TestSuite.run(TestSuite.java:203)
	at junit.framework.TestSuite.runTest(TestSuite.java:208)
	at junit.framework.TestSuite.run(TestSuite.java:203)
	at org.apache.tools.ant.taskdefs.optional.junit.JUnitTestRunner.run(JUnitTestRunner.java:421)
	at org.apache.tools.ant.taskdefs.optional.junit.JUnitTestRunner.launch(JUnitTestRunner.java:912)
	at org.apache.tools.ant.taskdefs.optional.junit.JUnitTestRunner.main(JUnitTestRunner.java:766)
Caused by: java.lang.ClassCastException: com.topcoder.clients.model.Client
	at com.topcoder.clients.manager.dao.DAOClientManager.updateClientStatus(DAOClientManager.java:849)
	... 20 more
[Entering method <com.topcoder.clients.manager.dao.DAOClientManager.updateClientStatus(ClientStatus status)>; Parameters:{ ParamName<clientStatus>; ParamValue: <[ id=1 name=Dok description=d isDeleted=false]>  }  at 2008-08-29 23:58:59.265 ]
[Exiting method <com.topcoder.clients.manager.dao.DAOClientManager.updateClientStatus(ClientStatus status)>; Return value:<[ id=1 name=Dok description=d isDeleted=false]>]  at 2008-08-29 23:58:59.265
[Entering method <com.topcoder.clients.manager.dao.DAOClientManager.deleteClientStatus(ClientStatus status)>; Parameters:{ ParamName<status>; ParamValue: <null>  }  at 2008-08-29 23:58:59.265 ]
[Error occurred in method <com.topcoder.clients.manager.dao.DAOClientManager.deleteClientStatus(ClientStatus status)>, cause by :
java.lang.IllegalArgumentException: The parameter 'status' should not be null.
	at com.topcoder.clients.manager.dao.Helper.checkNull(Helper.java:69)
	at com.topcoder.clients.manager.dao.DAOClientManager.deleteClientStatus(DAOClientManager.java:948)
	at com.topcoder.clients.manager.dao.TestDAOClientManager.testDeleteClientStatus_F_1(TestDAOClientManager.java:3013)
	at sun.reflect.NativeMethodAccessorImpl.invoke0(Native Method)
	at sun.reflect.NativeMethodAccessorImpl.invoke(NativeMethodAccessorImpl.java:39)
	at sun.reflect.DelegatingMethodAccessorImpl.invoke(DelegatingMethodAccessorImpl.java:25)
	at java.lang.reflect.Method.invoke(Method.java:585)
	at junit.framework.TestCase.runTest(TestCase.java:154)
	at junit.framework.TestCase.runBare(TestCase.java:127)
	at junit.framework.TestResult$1.protect(TestResult.java:106)
	at junit.framework.TestResult.runProtected(TestResult.java:124)
	at junit.framework.TestResult.run(TestResult.java:109)
	at junit.framework.TestCase.run(TestCase.java:118)
	at junit.framework.TestSuite.runTest(TestSuite.java:208)
	at junit.framework.TestSuite.run(TestSuite.java:203)
	at junit.framework.TestSuite.runTest(TestSuite.java:208)
	at junit.framework.TestSuite.run(TestSuite.java:203)
	at junit.framework.TestSuite.runTest(TestSuite.java:208)
	at junit.framework.TestSuite.run(TestSuite.java:203)
	at org.apache.tools.ant.taskdefs.optional.junit.JUnitTestRunner.run(JUnitTestRunner.java:421)
	at org.apache.tools.ant.taskdefs.optional.junit.JUnitTestRunner.launch(JUnitTestRunner.java:912)
	at org.apache.tools.ant.taskdefs.optional.junit.JUnitTestRunner.main(JUnitTestRunner.java:766)
[Entering method <com.topcoder.clients.manager.dao.DAOClientManager.deleteClientStatus(ClientStatus status)>; Parameters:{ ParamName<status>; ParamValue: <[ id=1 name=Dok description=d isDeleted=true]>  }  at 2008-08-29 23:58:59.265 ]
[Error occurred in method <com.topcoder.clients.manager.dao.DAOClientManager.deleteClientStatus(ClientStatus status)>, cause by :
java.lang.IllegalArgumentException: The isDelete of ClientStatus should not be true.
	at com.topcoder.clients.manager.dao.DAOClientManager.deleteClientStatus(DAOClientManager.java:950)
	at com.topcoder.clients.manager.dao.TestDAOClientManager.testDeleteClientStatus_F_2(TestDAOClientManager.java:3039)
	at sun.reflect.NativeMethodAccessorImpl.invoke0(Native Method)
	at sun.reflect.NativeMethodAccessorImpl.invoke(NativeMethodAccessorImpl.java:39)
	at sun.reflect.DelegatingMethodAccessorImpl.invoke(DelegatingMethodAccessorImpl.java:25)
	at java.lang.reflect.Method.invoke(Method.java:585)
	at junit.framework.TestCase.runTest(TestCase.java:154)
	at junit.framework.TestCase.runBare(TestCase.java:127)
	at junit.framework.TestResult$1.protect(TestResult.java:106)
	at junit.framework.TestResult.runProtected(TestResult.java:124)
	at junit.framework.TestResult.run(TestResult.java:109)
	at junit.framework.TestCase.run(TestCase.java:118)
	at junit.framework.TestSuite.runTest(TestSuite.java:208)
	at junit.framework.TestSuite.run(TestSuite.java:203)
	at junit.framework.TestSuite.runTest(TestSuite.java:208)
	at junit.framework.TestSuite.run(TestSuite.java:203)
	at junit.framework.TestSuite.runTest(TestSuite.java:208)
	at junit.framework.TestSuite.run(TestSuite.java:203)
	at org.apache.tools.ant.taskdefs.optional.junit.JUnitTestRunner.run(JUnitTestRunner.java:421)
	at org.apache.tools.ant.taskdefs.optional.junit.JUnitTestRunner.launch(JUnitTestRunner.java:912)
	at org.apache.tools.ant.taskdefs.optional.junit.JUnitTestRunner.main(JUnitTestRunner.java:766)
[Entering method <com.topcoder.clients.manager.dao.DAOClientManager.deleteClientStatus(ClientStatus status)>; Parameters:{ ParamName<status>; ParamValue: <[ id=1 name=EntityNotFoundException description=d isDeleted=false]>  }  at 2008-08-29 23:58:59.281 ]
[Error occurred in method <com.topcoder.clients.manager.dao.DAOClientManager.deleteClientStatus(ClientStatus status)>, cause by :
com.topcoder.clients.manager.ClientEntityNotFoundException: The ClientStatus entity to delete does not exist in persistence
	at com.topcoder.clients.manager.dao.DAOClientManager.wrapEntityNotFoundException(DAOClientManager.java:920)
	at com.topcoder.clients.manager.dao.DAOClientManager.deleteClientStatus(DAOClientManager.java:969)
	at com.topcoder.clients.manager.dao.TestDAOClientManager.testDeleteClientStatus_F_3(TestDAOClientManager.java:3064)
	at sun.reflect.NativeMethodAccessorImpl.invoke0(Native Method)
	at sun.reflect.NativeMethodAccessorImpl.invoke(NativeMethodAccessorImpl.java:39)
	at sun.reflect.DelegatingMethodAccessorImpl.invoke(DelegatingMethodAccessorImpl.java:25)
	at java.lang.reflect.Method.invoke(Method.java:585)
	at junit.framework.TestCase.runTest(TestCase.java:154)
	at junit.framework.TestCase.runBare(TestCase.java:127)
	at junit.framework.TestResult$1.protect(TestResult.java:106)
	at junit.framework.TestResult.runProtected(TestResult.java:124)
	at junit.framework.TestResult.run(TestResult.java:109)
	at junit.framework.TestCase.run(TestCase.java:118)
	at junit.framework.TestSuite.runTest(TestSuite.java:208)
	at junit.framework.TestSuite.run(TestSuite.java:203)
	at junit.framework.TestSuite.runTest(TestSuite.java:208)
	at junit.framework.TestSuite.run(TestSuite.java:203)
	at junit.framework.TestSuite.runTest(TestSuite.java:208)
	at junit.framework.TestSuite.run(TestSuite.java:203)
	at org.apache.tools.ant.taskdefs.optional.junit.JUnitTestRunner.run(JUnitTestRunner.java:421)
	at org.apache.tools.ant.taskdefs.optional.junit.JUnitTestRunner.launch(JUnitTestRunner.java:912)
	at org.apache.tools.ant.taskdefs.optional.junit.JUnitTestRunner.main(JUnitTestRunner.java:766)
Caused by: com.topcoder.clients.dao.EntityNotFoundException: Throw for testing
	at com.topcoder.clients.manager.MockClientStatusDAO.delete(MockClientStatusDAO.java:202)
	at com.topcoder.clients.manager.dao.DAOClientManager.deleteClientStatus(DAOClientManager.java:954)
	... 20 more
[Entering method <com.topcoder.clients.manager.dao.DAOClientManager.deleteClientStatus(ClientStatus status)>; Parameters:{ ParamName<status>; ParamValue: <[ id=1 name=DAOException description=d isDeleted=false]>  }  at 2008-08-29 23:58:59.281 ]
[Error occurred in method <com.topcoder.clients.manager.dao.DAOClientManager.deleteClientStatus(ClientStatus status)>, cause by :
com.topcoder.clients.manager.ClientManagerException: Fail to delete the ClientStatus, cause by Throw for testing
	at com.topcoder.clients.manager.dao.DAOClientManager.wrapInnerException(DAOClientManager.java:305)
	at com.topcoder.clients.manager.dao.DAOClientManager.deleteClientStatus(DAOClientManager.java:972)
	at com.topcoder.clients.manager.dao.TestDAOClientManager.testDeleteClientStatus_F_4(TestDAOClientManager.java:3090)
	at sun.reflect.NativeMethodAccessorImpl.invoke0(Native Method)
	at sun.reflect.NativeMethodAccessorImpl.invoke(NativeMethodAccessorImpl.java:39)
	at sun.reflect.DelegatingMethodAccessorImpl.invoke(DelegatingMethodAccessorImpl.java:25)
	at java.lang.reflect.Method.invoke(Method.java:585)
	at junit.framework.TestCase.runTest(TestCase.java:154)
	at junit.framework.TestCase.runBare(TestCase.java:127)
	at junit.framework.TestResult$1.protect(TestResult.java:106)
	at junit.framework.TestResult.runProtected(TestResult.java:124)
	at junit.framework.TestResult.run(TestResult.java:109)
	at junit.framework.TestCase.run(TestCase.java:118)
	at junit.framework.TestSuite.runTest(TestSuite.java:208)
	at junit.framework.TestSuite.run(TestSuite.java:203)
	at junit.framework.TestSuite.runTest(TestSuite.java:208)
	at junit.framework.TestSuite.run(TestSuite.java:203)
	at junit.framework.TestSuite.runTest(TestSuite.java:208)
	at junit.framework.TestSuite.run(TestSuite.java:203)
	at org.apache.tools.ant.taskdefs.optional.junit.JUnitTestRunner.run(JUnitTestRunner.java:421)
	at org.apache.tools.ant.taskdefs.optional.junit.JUnitTestRunner.launch(JUnitTestRunner.java:912)
	at org.apache.tools.ant.taskdefs.optional.junit.JUnitTestRunner.main(JUnitTestRunner.java:766)
Caused by: com.topcoder.clients.dao.DAOException: Throw for testing
	at com.topcoder.clients.manager.MockClientStatusDAO.delete(MockClientStatusDAO.java:206)
	at com.topcoder.clients.manager.dao.DAOClientManager.deleteClientStatus(DAOClientManager.java:954)
	... 20 more
[Entering method <com.topcoder.clients.manager.dao.DAOClientManager.deleteClientStatus(ClientStatus status)>; Parameters:{ ParamName<status>; ParamValue: <[ id=1 name=DAOConfigurationException description=d isDeleted=false]>  }  at 2008-08-29 23:58:59.296 ]
[Error occurred in method <com.topcoder.clients.manager.dao.DAOClientManager.deleteClientStatus(ClientStatus status)>, cause by :
com.topcoder.clients.manager.ClientManagerException: Fail to delete the ClientStatus, cause by Throw for testing
	at com.topcoder.clients.manager.dao.DAOClientManager.wrapInnerException(DAOClientManager.java:305)
	at com.topcoder.clients.manager.dao.DAOClientManager.deleteClientStatus(DAOClientManager.java:966)
	at com.topcoder.clients.manager.dao.TestDAOClientManager.testDeleteClientStatus_F_5(TestDAOClientManager.java:3116)
	at sun.reflect.NativeMethodAccessorImpl.invoke0(Native Method)
	at sun.reflect.NativeMethodAccessorImpl.invoke(NativeMethodAccessorImpl.java:39)
	at sun.reflect.DelegatingMethodAccessorImpl.invoke(DelegatingMethodAccessorImpl.java:25)
	at java.lang.reflect.Method.invoke(Method.java:585)
	at junit.framework.TestCase.runTest(TestCase.java:154)
	at junit.framework.TestCase.runBare(TestCase.java:127)
	at junit.framework.TestResult$1.protect(TestResult.java:106)
	at junit.framework.TestResult.runProtected(TestResult.java:124)
	at junit.framework.TestResult.run(TestResult.java:109)
	at junit.framework.TestCase.run(TestCase.java:118)
	at junit.framework.TestSuite.runTest(TestSuite.java:208)
	at junit.framework.TestSuite.run(TestSuite.java:203)
	at junit.framework.TestSuite.runTest(TestSuite.java:208)
	at junit.framework.TestSuite.run(TestSuite.java:203)
	at junit.framework.TestSuite.runTest(TestSuite.java:208)
	at junit.framework.TestSuite.run(TestSuite.java:203)
	at org.apache.tools.ant.taskdefs.optional.junit.JUnitTestRunner.run(JUnitTestRunner.java:421)
	at org.apache.tools.ant.taskdefs.optional.junit.JUnitTestRunner.launch(JUnitTestRunner.java:912)
	at org.apache.tools.ant.taskdefs.optional.junit.JUnitTestRunner.main(JUnitTestRunner.java:766)
Caused by: com.topcoder.clients.dao.DAOConfigurationException: Throw for testing
	at com.topcoder.clients.manager.MockClientStatusDAO.delete(MockClientStatusDAO.java:210)
	at com.topcoder.clients.manager.dao.DAOClientManager.deleteClientStatus(DAOClientManager.java:954)
	... 20 more
[Entering method <com.topcoder.clients.manager.dao.DAOClientManager.deleteClientStatus(ClientStatus status)>; Parameters:{ ParamName<status>; ParamValue: <[ id=1 name=ok description=d isDeleted=false]>  }  at 2008-08-29 23:58:59.296 ]
[Exiting method <com.topcoder.clients.manager.dao.DAOClientManager.deleteClientStatus(ClientStatus status)>; Return value:<[ id=1 name=ok description=d isDeleted=true]>]  at 2008-08-29 23:58:59.296
[Entering method <com.topcoder.clients.manager.dao.DAOCompanyManager.createCompany(Company company)>; Parameters:{ ParamName<company>; ParamValue: <null>  }  at 2008-08-29 23:58:59.671 ]
[Error occurred in method <com.topcoder.clients.manager.dao.DAOCompanyManager.createCompany(Company company)>, cause by :
java.lang.IllegalArgumentException: The parameter 'company' should not be null.
	at com.topcoder.clients.manager.dao.Helper.checkNull(Helper.java:69)
	at com.topcoder.clients.manager.dao.Helper.validateCompany(Helper.java:279)
	at com.topcoder.clients.manager.dao.DAOCompanyManager.createCompany(DAOCompanyManager.java:212)
	at com.topcoder.clients.manager.dao.TestDAOCompanyManager.testCreateCompany_1(TestDAOCompanyManager.java:257)
	at sun.reflect.NativeMethodAccessorImpl.invoke0(Native Method)
	at sun.reflect.NativeMethodAccessorImpl.invoke(NativeMethodAccessorImpl.java:39)
	at sun.reflect.DelegatingMethodAccessorImpl.invoke(DelegatingMethodAccessorImpl.java:25)
	at java.lang.reflect.Method.invoke(Method.java:585)
	at junit.framework.TestCase.runTest(TestCase.java:154)
	at junit.framework.TestCase.runBare(TestCase.java:127)
	at junit.framework.TestResult$1.protect(TestResult.java:106)
	at junit.framework.TestResult.runProtected(TestResult.java:124)
	at junit.framework.TestResult.run(TestResult.java:109)
	at junit.framework.TestCase.run(TestCase.java:118)
	at junit.framework.TestSuite.runTest(TestSuite.java:208)
	at junit.framework.TestSuite.run(TestSuite.java:203)
	at junit.framework.TestSuite.runTest(TestSuite.java:208)
	at junit.framework.TestSuite.run(TestSuite.java:203)
	at junit.framework.TestSuite.runTest(TestSuite.java:208)
	at junit.framework.TestSuite.run(TestSuite.java:203)
	at org.apache.tools.ant.taskdefs.optional.junit.JUnitTestRunner.run(JUnitTestRunner.java:421)
	at org.apache.tools.ant.taskdefs.optional.junit.JUnitTestRunner.launch(JUnitTestRunner.java:912)
	at org.apache.tools.ant.taskdefs.optional.junit.JUnitTestRunner.main(JUnitTestRunner.java:766)
[Entering method <com.topcoder.clients.manager.dao.DAOCompanyManager.createCompany(Company company)>; Parameters:{ ParamName<company>; ParamValue: <[ id=0 name=null passcode=null isDeleted=false]>  }  at 2008-08-29 23:58:59.687 ]
[Error occurred in method <com.topcoder.clients.manager.dao.DAOCompanyManager.createCompany(Company company)>, cause by :
java.lang.IllegalArgumentException: The passcode of the company should not be null or empty (trimmed)
	at com.topcoder.clients.manager.dao.Helper.validateCompany(Helper.java:282)
	at com.topcoder.clients.manager.dao.DAOCompanyManager.createCompany(DAOCompanyManager.java:212)
	at com.topcoder.clients.manager.dao.TestDAOCompanyManager.testCreateCompany_2(TestDAOCompanyManager.java:280)
	at sun.reflect.NativeMethodAccessorImpl.invoke0(Native Method)
	at sun.reflect.NativeMethodAccessorImpl.invoke(NativeMethodAccessorImpl.java:39)
	at sun.reflect.DelegatingMethodAccessorImpl.invoke(DelegatingMethodAccessorImpl.java:25)
	at java.lang.reflect.Method.invoke(Method.java:585)
	at junit.framework.TestCase.runTest(TestCase.java:154)
	at junit.framework.TestCase.runBare(TestCase.java:127)
	at junit.framework.TestResult$1.protect(TestResult.java:106)
	at junit.framework.TestResult.runProtected(TestResult.java:124)
	at junit.framework.TestResult.run(TestResult.java:109)
	at junit.framework.TestCase.run(TestCase.java:118)
	at junit.framework.TestSuite.runTest(TestSuite.java:208)
	at junit.framework.TestSuite.run(TestSuite.java:203)
	at junit.framework.TestSuite.runTest(TestSuite.java:208)
	at junit.framework.TestSuite.run(TestSuite.java:203)
	at junit.framework.TestSuite.runTest(TestSuite.java:208)
	at junit.framework.TestSuite.run(TestSuite.java:203)
	at org.apache.tools.ant.taskdefs.optional.junit.JUnitTestRunner.run(JUnitTestRunner.java:421)
	at org.apache.tools.ant.taskdefs.optional.junit.JUnitTestRunner.launch(JUnitTestRunner.java:912)
	at org.apache.tools.ant.taskdefs.optional.junit.JUnitTestRunner.main(JUnitTestRunner.java:766)
[Entering method <com.topcoder.clients.manager.dao.DAOCompanyManager.createCompany(Company company)>; Parameters:{ ParamName<company>; ParamValue: <[ id=0 name=null passcode=   isDeleted=false]>  }  at 2008-08-29 23:58:59.687 ]
[Error occurred in method <com.topcoder.clients.manager.dao.DAOCompanyManager.createCompany(Company company)>, cause by :
java.lang.IllegalArgumentException: The passcode of the company should not be null or empty (trimmed)
	at com.topcoder.clients.manager.dao.Helper.validateCompany(Helper.java:282)
	at com.topcoder.clients.manager.dao.DAOCompanyManager.createCompany(DAOCompanyManager.java:212)
	at com.topcoder.clients.manager.dao.TestDAOCompanyManager.testCreateCompany_3(TestDAOCompanyManager.java:303)
	at sun.reflect.NativeMethodAccessorImpl.invoke0(Native Method)
	at sun.reflect.NativeMethodAccessorImpl.invoke(NativeMethodAccessorImpl.java:39)
	at sun.reflect.DelegatingMethodAccessorImpl.invoke(DelegatingMethodAccessorImpl.java:25)
	at java.lang.reflect.Method.invoke(Method.java:585)
	at junit.framework.TestCase.runTest(TestCase.java:154)
	at junit.framework.TestCase.runBare(TestCase.java:127)
	at junit.framework.TestResult$1.protect(TestResult.java:106)
	at junit.framework.TestResult.runProtected(TestResult.java:124)
	at junit.framework.TestResult.run(TestResult.java:109)
	at junit.framework.TestCase.run(TestCase.java:118)
	at junit.framework.TestSuite.runTest(TestSuite.java:208)
	at junit.framework.TestSuite.run(TestSuite.java:203)
	at junit.framework.TestSuite.runTest(TestSuite.java:208)
	at junit.framework.TestSuite.run(TestSuite.java:203)
	at junit.framework.TestSuite.runTest(TestSuite.java:208)
	at junit.framework.TestSuite.run(TestSuite.java:203)
	at org.apache.tools.ant.taskdefs.optional.junit.JUnitTestRunner.run(JUnitTestRunner.java:421)
	at org.apache.tools.ant.taskdefs.optional.junit.JUnitTestRunner.launch(JUnitTestRunner.java:912)
	at org.apache.tools.ant.taskdefs.optional.junit.JUnitTestRunner.main(JUnitTestRunner.java:766)
[Entering method <com.topcoder.clients.manager.dao.DAOCompanyManager.createCompany(Company company)>; Parameters:{ ParamName<company>; ParamValue: <[ id=0 name=null passcode=a isDeleted=true]>  }  at 2008-08-29 23:58:59.687 ]
[Error occurred in method <com.topcoder.clients.manager.dao.DAOCompanyManager.createCompany(Company company)>, cause by :
java.lang.IllegalArgumentException: The company isDelete value should not be true.
	at com.topcoder.clients.manager.dao.Helper.validateCompany(Helper.java:286)
	at com.topcoder.clients.manager.dao.DAOCompanyManager.createCompany(DAOCompanyManager.java:212)
	at com.topcoder.clients.manager.dao.TestDAOCompanyManager.testCreateCompany_4(TestDAOCompanyManager.java:326)
	at sun.reflect.NativeMethodAccessorImpl.invoke0(Native Method)
	at sun.reflect.NativeMethodAccessorImpl.invoke(NativeMethodAccessorImpl.java:39)
	at sun.reflect.DelegatingMethodAccessorImpl.invoke(DelegatingMethodAccessorImpl.java:25)
	at java.lang.reflect.Method.invoke(Method.java:585)
	at junit.framework.TestCase.runTest(TestCase.java:154)
	at junit.framework.TestCase.runBare(TestCase.java:127)
	at junit.framework.TestResult$1.protect(TestResult.java:106)
	at junit.framework.TestResult.runProtected(TestResult.java:124)
	at junit.framework.TestResult.run(TestResult.java:109)
	at junit.framework.TestCase.run(TestCase.java:118)
	at junit.framework.TestSuite.runTest(TestSuite.java:208)
	at junit.framework.TestSuite.run(TestSuite.java:203)
	at junit.framework.TestSuite.runTest(TestSuite.java:208)
	at junit.framework.TestSuite.run(TestSuite.java:203)
	at junit.framework.TestSuite.runTest(TestSuite.java:208)
	at junit.framework.TestSuite.run(TestSuite.java:203)
	at org.apache.tools.ant.taskdefs.optional.junit.JUnitTestRunner.run(JUnitTestRunner.java:421)
	at org.apache.tools.ant.taskdefs.optional.junit.JUnitTestRunner.launch(JUnitTestRunner.java:912)
	at org.apache.tools.ant.taskdefs.optional.junit.JUnitTestRunner.main(JUnitTestRunner.java:766)
[Entering method <com.topcoder.clients.manager.dao.DAOCompanyManager.createCompany(Company company)>; Parameters:{ ParamName<company>; ParamValue: <[ id=0 name=DAOException passcode=a isDeleted=false]>  }  at 2008-08-29 23:58:59.703 ]
[Error occurred in method <com.topcoder.clients.manager.dao.DAOCompanyManager.createCompany(Company company)>, cause by :
com.topcoder.clients.manager.CompanyManagerException: Fail to create the company, cause by Throw for testing
	at com.topcoder.clients.manager.dao.DAOCompanyManager.wrapInnerException(DAOCompanyManager.java:254)
	at com.topcoder.clients.manager.dao.DAOCompanyManager.createCompany(DAOCompanyManager.java:229)
	at com.topcoder.clients.manager.dao.TestDAOCompanyManager.testCreateCompany_5(TestDAOCompanyManager.java:350)
	at sun.reflect.NativeMethodAccessorImpl.invoke0(Native Method)
	at sun.reflect.NativeMethodAccessorImpl.invoke(NativeMethodAccessorImpl.java:39)
	at sun.reflect.DelegatingMethodAccessorImpl.invoke(DelegatingMethodAccessorImpl.java:25)
	at java.lang.reflect.Method.invoke(Method.java:585)
	at junit.framework.TestCase.runTest(TestCase.java:154)
	at junit.framework.TestCase.runBare(TestCase.java:127)
	at junit.framework.TestResult$1.protect(TestResult.java:106)
	at junit.framework.TestResult.runProtected(TestResult.java:124)
	at junit.framework.TestResult.run(TestResult.java:109)
	at junit.framework.TestCase.run(TestCase.java:118)
	at junit.framework.TestSuite.runTest(TestSuite.java:208)
	at junit.framework.TestSuite.run(TestSuite.java:203)
	at junit.framework.TestSuite.runTest(TestSuite.java:208)
	at junit.framework.TestSuite.run(TestSuite.java:203)
	at junit.framework.TestSuite.runTest(TestSuite.java:208)
	at junit.framework.TestSuite.run(TestSuite.java:203)
	at org.apache.tools.ant.taskdefs.optional.junit.JUnitTestRunner.run(JUnitTestRunner.java:421)
	at org.apache.tools.ant.taskdefs.optional.junit.JUnitTestRunner.launch(JUnitTestRunner.java:912)
	at org.apache.tools.ant.taskdefs.optional.junit.JUnitTestRunner.main(JUnitTestRunner.java:766)
Caused by: com.topcoder.clients.dao.DAOException: Throw for testing
	at com.topcoder.clients.manager.MockCompanyDAO.save(MockCompanyDAO.java:164)
	at com.topcoder.clients.manager.dao.DAOCompanyManager.createCompany(DAOCompanyManager.java:218)
	... 20 more
[Entering method <com.topcoder.clients.manager.dao.DAOCompanyManager.createCompany(Company company)>; Parameters:{ ParamName<company>; ParamValue: <[ id=0 name=DAOConfigurationException passcode=a isDeleted=false]>  }  at 2008-08-29 23:58:59.953 ]
[Error occurred in method <com.topcoder.clients.manager.dao.DAOCompanyManager.createCompany(Company company)>, cause by :
com.topcoder.clients.manager.CompanyManagerException: Fail to create the company, cause by Throw for testing
	at com.topcoder.clients.manager.dao.DAOCompanyManager.wrapInnerException(DAOCompanyManager.java:254)
	at com.topcoder.clients.manager.dao.DAOCompanyManager.createCompany(DAOCompanyManager.java:232)
	at com.topcoder.clients.manager.dao.TestDAOCompanyManager.testCreateCompany_6(TestDAOCompanyManager.java:374)
	at sun.reflect.NativeMethodAccessorImpl.invoke0(Native Method)
	at sun.reflect.NativeMethodAccessorImpl.invoke(NativeMethodAccessorImpl.java:39)
	at sun.reflect.DelegatingMethodAccessorImpl.invoke(DelegatingMethodAccessorImpl.java:25)
	at java.lang.reflect.Method.invoke(Method.java:585)
	at junit.framework.TestCase.runTest(TestCase.java:154)
	at junit.framework.TestCase.runBare(TestCase.java:127)
	at junit.framework.TestResult$1.protect(TestResult.java:106)
	at junit.framework.TestResult.runProtected(TestResult.java:124)
	at junit.framework.TestResult.run(TestResult.java:109)
	at junit.framework.TestCase.run(TestCase.java:118)
	at junit.framework.TestSuite.runTest(TestSuite.java:208)
	at junit.framework.TestSuite.run(TestSuite.java:203)
	at junit.framework.TestSuite.runTest(TestSuite.java:208)
	at junit.framework.TestSuite.run(TestSuite.java:203)
	at junit.framework.TestSuite.runTest(TestSuite.java:208)
	at junit.framework.TestSuite.run(TestSuite.java:203)
	at org.apache.tools.ant.taskdefs.optional.junit.JUnitTestRunner.run(JUnitTestRunner.java:421)
	at org.apache.tools.ant.taskdefs.optional.junit.JUnitTestRunner.launch(JUnitTestRunner.java:912)
	at org.apache.tools.ant.taskdefs.optional.junit.JUnitTestRunner.main(JUnitTestRunner.java:766)
Caused by: com.topcoder.clients.dao.DAOConfigurationException: Throw for testing
	at com.topcoder.clients.manager.MockCompanyDAO.save(MockCompanyDAO.java:168)
	at com.topcoder.clients.manager.dao.DAOCompanyManager.createCompany(DAOCompanyManager.java:218)
	... 20 more
[Entering method <com.topcoder.clients.manager.dao.DAOCompanyManager.createCompany(Company company)>; Parameters:{ ParamName<company>; ParamValue: <[ id=0 name=ClassCastException passcode=a isDeleted=false]>  }  at 2008-08-29 23:58:59.953 ]
[Error occurred in method <com.topcoder.clients.manager.dao.DAOCompanyManager.createCompany(Company company)>, cause by :
com.topcoder.clients.manager.CompanyManagerException: Fail to create the company, cause by com.topcoder.clients.model.Client
	at com.topcoder.clients.manager.dao.DAOCompanyManager.wrapInnerException(DAOCompanyManager.java:254)
	at com.topcoder.clients.manager.dao.DAOCompanyManager.createCompany(DAOCompanyManager.java:235)
	at com.topcoder.clients.manager.dao.TestDAOCompanyManager.testCreateCompany_7(TestDAOCompanyManager.java:398)
	at sun.reflect.NativeMethodAccessorImpl.invoke0(Native Method)
	at sun.reflect.NativeMethodAccessorImpl.invoke(NativeMethodAccessorImpl.java:39)
	at sun.reflect.DelegatingMethodAccessorImpl.invoke(DelegatingMethodAccessorImpl.java:25)
	at java.lang.reflect.Method.invoke(Method.java:585)
	at junit.framework.TestCase.runTest(TestCase.java:154)
	at junit.framework.TestCase.runBare(TestCase.java:127)
	at junit.framework.TestResult$1.protect(TestResult.java:106)
	at junit.framework.TestResult.runProtected(TestResult.java:124)
	at junit.framework.TestResult.run(TestResult.java:109)
	at junit.framework.TestCase.run(TestCase.java:118)
	at junit.framework.TestSuite.runTest(TestSuite.java:208)
	at junit.framework.TestSuite.run(TestSuite.java:203)
	at junit.framework.TestSuite.runTest(TestSuite.java:208)
	at junit.framework.TestSuite.run(TestSuite.java:203)
	at junit.framework.TestSuite.runTest(TestSuite.java:208)
	at junit.framework.TestSuite.run(TestSuite.java:203)
	at org.apache.tools.ant.taskdefs.optional.junit.JUnitTestRunner.run(JUnitTestRunner.java:421)
	at org.apache.tools.ant.taskdefs.optional.junit.JUnitTestRunner.launch(JUnitTestRunner.java:912)
	at org.apache.tools.ant.taskdefs.optional.junit.JUnitTestRunner.main(JUnitTestRunner.java:766)
Caused by: java.lang.ClassCastException: com.topcoder.clients.model.Client
	at com.topcoder.clients.manager.dao.DAOCompanyManager.createCompany(DAOCompanyManager.java:218)
	... 20 more
[Entering method <com.topcoder.clients.manager.dao.DAOCompanyManager.createCompany(Company company)>; Parameters:{ ParamName<company>; ParamValue: <[ id=0 name=ok passcode=a isDeleted=false]>  }  at 2008-08-29 23:58:59.953 ]
[Exiting method <com.topcoder.clients.manager.dao.DAOCompanyManager.createCompany(Company company)>; Return value:<[ id=124 name=ok passcode=a isDeleted=false]>]  at 2008-08-29 23:58:59.953
[Entering method <com.topcoder.clients.manager.dao.DAOCompanyManager.updateCompany(Company company)>; Parameters:{ ParamName<company>; ParamValue: <null>  }  at 2008-08-29 23:58:59.968 ]
[Error occurred in method <com.topcoder.clients.manager.dao.DAOCompanyManager.updateCompany(Company company)>, cause by :
java.lang.IllegalArgumentException: The parameter 'company' should not be null.
	at com.topcoder.clients.manager.dao.Helper.checkNull(Helper.java:69)
	at com.topcoder.clients.manager.dao.Helper.validateCompany(Helper.java:279)
	at com.topcoder.clients.manager.dao.DAOCompanyManager.updateCompany(DAOCompanyManager.java:283)
	at com.topcoder.clients.manager.dao.TestDAOCompanyManager.testUpdateCompany_F_1(TestDAOCompanyManager.java:441)
	at sun.reflect.NativeMethodAccessorImpl.invoke0(Native Method)
	at sun.reflect.NativeMethodAccessorImpl.invoke(NativeMethodAccessorImpl.java:39)
	at sun.reflect.DelegatingMethodAccessorImpl.invoke(DelegatingMethodAccessorImpl.java:25)
	at java.lang.reflect.Method.invoke(Method.java:585)
	at junit.framework.TestCase.runTest(TestCase.java:154)
	at junit.framework.TestCase.runBare(TestCase.java:127)
	at junit.framework.TestResult$1.protect(TestResult.java:106)
	at junit.framework.TestResult.runProtected(TestResult.java:124)
	at junit.framework.TestResult.run(TestResult.java:109)
	at junit.framework.TestCase.run(TestCase.java:118)
	at junit.framework.TestSuite.runTest(TestSuite.java:208)
	at junit.framework.TestSuite.run(TestSuite.java:203)
	at junit.framework.TestSuite.runTest(TestSuite.java:208)
	at junit.framework.TestSuite.run(TestSuite.java:203)
	at junit.framework.TestSuite.runTest(TestSuite.java:208)
	at junit.framework.TestSuite.run(TestSuite.java:203)
	at org.apache.tools.ant.taskdefs.optional.junit.JUnitTestRunner.run(JUnitTestRunner.java:421)
	at org.apache.tools.ant.taskdefs.optional.junit.JUnitTestRunner.launch(JUnitTestRunner.java:912)
	at org.apache.tools.ant.taskdefs.optional.junit.JUnitTestRunner.main(JUnitTestRunner.java:766)
[Entering method <com.topcoder.clients.manager.dao.DAOCompanyManager.updateCompany(Company company)>; Parameters:{ ParamName<company>; ParamValue: <[ id=1 name=null passcode=null isDeleted=false]>  }  at 2008-08-29 23:59:00.000 ]
[Error occurred in method <com.topcoder.clients.manager.dao.DAOCompanyManager.updateCompany(Company company)>, cause by :
java.lang.IllegalArgumentException: The passcode of the company should not be null or empty (trimmed)
	at com.topcoder.clients.manager.dao.Helper.validateCompany(Helper.java:282)
	at com.topcoder.clients.manager.dao.DAOCompanyManager.updateCompany(DAOCompanyManager.java:283)
	at com.topcoder.clients.manager.dao.TestDAOCompanyManager.testUpdateCompany_F_2(TestDAOCompanyManager.java:463)
	at sun.reflect.NativeMethodAccessorImpl.invoke0(Native Method)
	at sun.reflect.NativeMethodAccessorImpl.invoke(NativeMethodAccessorImpl.java:39)
	at sun.reflect.DelegatingMethodAccessorImpl.invoke(DelegatingMethodAccessorImpl.java:25)
	at java.lang.reflect.Method.invoke(Method.java:585)
	at junit.framework.TestCase.runTest(TestCase.java:154)
	at junit.framework.TestCase.runBare(TestCase.java:127)
	at junit.framework.TestResult$1.protect(TestResult.java:106)
	at junit.framework.TestResult.runProtected(TestResult.java:124)
	at junit.framework.TestResult.run(TestResult.java:109)
	at junit.framework.TestCase.run(TestCase.java:118)
	at junit.framework.TestSuite.runTest(TestSuite.java:208)
	at junit.framework.TestSuite.run(TestSuite.java:203)
	at junit.framework.TestSuite.runTest(TestSuite.java:208)
	at junit.framework.TestSuite.run(TestSuite.java:203)
	at junit.framework.TestSuite.runTest(TestSuite.java:208)
	at junit.framework.TestSuite.run(TestSuite.java:203)
	at org.apache.tools.ant.taskdefs.optional.junit.JUnitTestRunner.run(JUnitTestRunner.java:421)
	at org.apache.tools.ant.taskdefs.optional.junit.JUnitTestRunner.launch(JUnitTestRunner.java:912)
	at org.apache.tools.ant.taskdefs.optional.junit.JUnitTestRunner.main(JUnitTestRunner.java:766)
[Entering method <com.topcoder.clients.manager.dao.DAOCompanyManager.updateCompany(Company company)>; Parameters:{ ParamName<company>; ParamValue: <[ id=1 name=null passcode= isDeleted=false]>  }  at 2008-08-29 23:59:00.000 ]
[Error occurred in method <com.topcoder.clients.manager.dao.DAOCompanyManager.updateCompany(Company company)>, cause by :
java.lang.IllegalArgumentException: The passcode of the company should not be null or empty (trimmed)
	at com.topcoder.clients.manager.dao.Helper.validateCompany(Helper.java:282)
	at com.topcoder.clients.manager.dao.DAOCompanyManager.updateCompany(DAOCompanyManager.java:283)
	at com.topcoder.clients.manager.dao.TestDAOCompanyManager.testUpdateCompany_F_3(TestDAOCompanyManager.java:485)
	at sun.reflect.NativeMethodAccessorImpl.invoke0(Native Method)
	at sun.reflect.NativeMethodAccessorImpl.invoke(NativeMethodAccessorImpl.java:39)
	at sun.reflect.DelegatingMethodAccessorImpl.invoke(DelegatingMethodAccessorImpl.java:25)
	at java.lang.reflect.Method.invoke(Method.java:585)
	at junit.framework.TestCase.runTest(TestCase.java:154)
	at junit.framework.TestCase.runBare(TestCase.java:127)
	at junit.framework.TestResult$1.protect(TestResult.java:106)
	at junit.framework.TestResult.runProtected(TestResult.java:124)
	at junit.framework.TestResult.run(TestResult.java:109)
	at junit.framework.TestCase.run(TestCase.java:118)
	at junit.framework.TestSuite.runTest(TestSuite.java:208)
	at junit.framework.TestSuite.run(TestSuite.java:203)
	at junit.framework.TestSuite.runTest(TestSuite.java:208)
	at junit.framework.TestSuite.run(TestSuite.java:203)
	at junit.framework.TestSuite.runTest(TestSuite.java:208)
	at junit.framework.TestSuite.run(TestSuite.java:203)
	at org.apache.tools.ant.taskdefs.optional.junit.JUnitTestRunner.run(JUnitTestRunner.java:421)
	at org.apache.tools.ant.taskdefs.optional.junit.JUnitTestRunner.launch(JUnitTestRunner.java:912)
	at org.apache.tools.ant.taskdefs.optional.junit.JUnitTestRunner.main(JUnitTestRunner.java:766)
[Entering method <com.topcoder.clients.manager.dao.DAOCompanyManager.updateCompany(Company company)>; Parameters:{ ParamName<company>; ParamValue: <[ id=1 name=null passcode=code isDeleted=true]>  }  at 2008-08-29 23:59:00.015 ]
[Error occurred in method <com.topcoder.clients.manager.dao.DAOCompanyManager.updateCompany(Company company)>, cause by :
java.lang.IllegalArgumentException: The company isDelete value should not be true.
	at com.topcoder.clients.manager.dao.Helper.validateCompany(Helper.java:286)
	at com.topcoder.clients.manager.dao.DAOCompanyManager.updateCompany(DAOCompanyManager.java:283)
	at com.topcoder.clients.manager.dao.TestDAOCompanyManager.testUpdateCompany_F_4(TestDAOCompanyManager.java:508)
	at sun.reflect.NativeMethodAccessorImpl.invoke0(Native Method)
	at sun.reflect.NativeMethodAccessorImpl.invoke(NativeMethodAccessorImpl.java:39)
	at sun.reflect.DelegatingMethodAccessorImpl.invoke(DelegatingMethodAccessorImpl.java:25)
	at java.lang.reflect.Method.invoke(Method.java:585)
	at junit.framework.TestCase.runTest(TestCase.java:154)
	at junit.framework.TestCase.runBare(TestCase.java:127)
	at junit.framework.TestResult$1.protect(TestResult.java:106)
	at junit.framework.TestResult.runProtected(TestResult.java:124)
	at junit.framework.TestResult.run(TestResult.java:109)
	at junit.framework.TestCase.run(TestCase.java:118)
	at junit.framework.TestSuite.runTest(TestSuite.java:208)
	at junit.framework.TestSuite.run(TestSuite.java:203)
	at junit.framework.TestSuite.runTest(TestSuite.java:208)
	at junit.framework.TestSuite.run(TestSuite.java:203)
	at junit.framework.TestSuite.runTest(TestSuite.java:208)
	at junit.framework.TestSuite.run(TestSuite.java:203)
	at org.apache.tools.ant.taskdefs.optional.junit.JUnitTestRunner.run(JUnitTestRunner.java:421)
	at org.apache.tools.ant.taskdefs.optional.junit.JUnitTestRunner.launch(JUnitTestRunner.java:912)
	at org.apache.tools.ant.taskdefs.optional.junit.JUnitTestRunner.main(JUnitTestRunner.java:766)
[Entering method <com.topcoder.clients.manager.dao.DAOCompanyManager.updateCompany(Company company)>; Parameters:{ ParamName<company>; ParamValue: <[ id=-1 name=null passcode=code isDeleted=false]>  }  at 2008-08-29 23:59:00.015 ]
[Error occurred in method <com.topcoder.clients.manager.dao.DAOCompanyManager.updateCompany(Company company)>, cause by :
com.topcoder.clients.manager.CompanyEntityNotFoundException:  The company with id=-1 does not exist.
	at com.topcoder.clients.manager.dao.DAOCompanyManager.handleCompanyEntityNotFoundException(DAOCompanyManager.java:354)
	at com.topcoder.clients.manager.dao.DAOCompanyManager.checkCompanyExist(DAOCompanyManager.java:336)
	at com.topcoder.clients.manager.dao.DAOCompanyManager.updateCompany(DAOCompanyManager.java:286)
	at com.topcoder.clients.manager.dao.TestDAOCompanyManager.testUpdateCompany_F_5(TestDAOCompanyManager.java:531)
	at sun.reflect.NativeMethodAccessorImpl.invoke0(Native Method)
	at sun.reflect.NativeMethodAccessorImpl.invoke(NativeMethodAccessorImpl.java:39)
	at sun.reflect.DelegatingMethodAccessorImpl.invoke(DelegatingMethodAccessorImpl.java:25)
	at java.lang.reflect.Method.invoke(Method.java:585)
	at junit.framework.TestCase.runTest(TestCase.java:154)
	at junit.framework.TestCase.runBare(TestCase.java:127)
	at junit.framework.TestResult$1.protect(TestResult.java:106)
	at junit.framework.TestResult.runProtected(TestResult.java:124)
	at junit.framework.TestResult.run(TestResult.java:109)
	at junit.framework.TestCase.run(TestCase.java:118)
	at junit.framework.TestSuite.runTest(TestSuite.java:208)
	at junit.framework.TestSuite.run(TestSuite.java:203)
	at junit.framework.TestSuite.runTest(TestSuite.java:208)
	at junit.framework.TestSuite.run(TestSuite.java:203)
	at junit.framework.TestSuite.runTest(TestSuite.java:208)
	at junit.framework.TestSuite.run(TestSuite.java:203)
	at org.apache.tools.ant.taskdefs.optional.junit.JUnitTestRunner.run(JUnitTestRunner.java:421)
	at org.apache.tools.ant.taskdefs.optional.junit.JUnitTestRunner.launch(JUnitTestRunner.java:912)
	at org.apache.tools.ant.taskdefs.optional.junit.JUnitTestRunner.main(JUnitTestRunner.java:766)
Caused by: java.lang.IllegalArgumentException: The id should not be negative.
	at com.topcoder.clients.manager.MockCompanyDAO.retrieveById(MockCompanyDAO.java:45)
	at com.topcoder.clients.manager.dao.DAOCompanyManager.checkCompanyExist(DAOCompanyManager.java:322)
	... 21 more
[Entering method <com.topcoder.clients.manager.dao.DAOCompanyManager.updateCompany(Company company)>; Parameters:{ ParamName<company>; ParamValue: <[ id=1 name=null passcode=code isDeleted=false]>  }  at 2008-08-29 23:59:00.015 ]
[Error occurred in method <com.topcoder.clients.manager.dao.DAOCompanyManager.updateCompany(Company company)>, cause by :
com.topcoder.clients.manager.CompanyEntityNotFoundException: The company  with id=1 does not exist in persistence.
	at com.topcoder.clients.manager.dao.DAOCompanyManager.checkCompanyExist(DAOCompanyManager.java:323)
	at com.topcoder.clients.manager.dao.DAOCompanyManager.updateCompany(DAOCompanyManager.java:286)
	at com.topcoder.clients.manager.dao.TestDAOCompanyManager.testUpdateCompany_F_6(TestDAOCompanyManager.java:554)
	at sun.reflect.NativeMethodAccessorImpl.invoke0(Native Method)
	at sun.reflect.NativeMethodAccessorImpl.invoke(NativeMethodAccessorImpl.java:39)
	at sun.reflect.DelegatingMethodAccessorImpl.invoke(DelegatingMethodAccessorImpl.java:25)
	at java.lang.reflect.Method.invoke(Method.java:585)
	at junit.framework.TestCase.runTest(TestCase.java:154)
	at junit.framework.TestCase.runBare(TestCase.java:127)
	at junit.framework.TestResult$1.protect(TestResult.java:106)
	at junit.framework.TestResult.runProtected(TestResult.java:124)
	at junit.framework.TestResult.run(TestResult.java:109)
	at junit.framework.TestCase.run(TestCase.java:118)
	at junit.framework.TestSuite.runTest(TestSuite.java:208)
	at junit.framework.TestSuite.run(TestSuite.java:203)
	at junit.framework.TestSuite.runTest(TestSuite.java:208)
	at junit.framework.TestSuite.run(TestSuite.java:203)
	at junit.framework.TestSuite.runTest(TestSuite.java:208)
	at junit.framework.TestSuite.run(TestSuite.java:203)
	at org.apache.tools.ant.taskdefs.optional.junit.JUnitTestRunner.run(JUnitTestRunner.java:421)
	at org.apache.tools.ant.taskdefs.optional.junit.JUnitTestRunner.launch(JUnitTestRunner.java:912)
	at org.apache.tools.ant.taskdefs.optional.junit.JUnitTestRunner.main(JUnitTestRunner.java:766)
[Entering method <com.topcoder.clients.manager.dao.DAOCompanyManager.updateCompany(Company company)>; Parameters:{ ParamName<company>; ParamValue: <[ id=-1 name=null passcode=code isDeleted=false]>  }  at 2008-08-29 23:59:00.015 ]
[Error occurred in method <com.topcoder.clients.manager.dao.DAOCompanyManager.updateCompany(Company company)>, cause by :
com.topcoder.clients.manager.CompanyEntityNotFoundException:  The company with id=-1 does not exist.
	at com.topcoder.clients.manager.dao.DAOCompanyManager.handleCompanyEntityNotFoundException(DAOCompanyManager.java:354)
	at com.topcoder.clients.manager.dao.DAOCompanyManager.checkCompanyExist(DAOCompanyManager.java:336)
	at com.topcoder.clients.manager.dao.DAOCompanyManager.updateCompany(DAOCompanyManager.java:286)
	at com.topcoder.clients.manager.dao.TestDAOCompanyManager.testUpdateCompany_F_6_2(TestDAOCompanyManager.java:577)
	at sun.reflect.NativeMethodAccessorImpl.invoke0(Native Method)
	at sun.reflect.NativeMethodAccessorImpl.invoke(NativeMethodAccessorImpl.java:39)
	at sun.reflect.DelegatingMethodAccessorImpl.invoke(DelegatingMethodAccessorImpl.java:25)
	at java.lang.reflect.Method.invoke(Method.java:585)
	at junit.framework.TestCase.runTest(TestCase.java:154)
	at junit.framework.TestCase.runBare(TestCase.java:127)
	at junit.framework.TestResult$1.protect(TestResult.java:106)
	at junit.framework.TestResult.runProtected(TestResult.java:124)
	at junit.framework.TestResult.run(TestResult.java:109)
	at junit.framework.TestCase.run(TestCase.java:118)
	at junit.framework.TestSuite.runTest(TestSuite.java:208)
	at junit.framework.TestSuite.run(TestSuite.java:203)
	at junit.framework.TestSuite.runTest(TestSuite.java:208)
	at junit.framework.TestSuite.run(TestSuite.java:203)
	at junit.framework.TestSuite.runTest(TestSuite.java:208)
	at junit.framework.TestSuite.run(TestSuite.java:203)
	at org.apache.tools.ant.taskdefs.optional.junit.JUnitTestRunner.run(JUnitTestRunner.java:421)
	at org.apache.tools.ant.taskdefs.optional.junit.JUnitTestRunner.launch(JUnitTestRunner.java:912)
	at org.apache.tools.ant.taskdefs.optional.junit.JUnitTestRunner.main(JUnitTestRunner.java:766)
Caused by: java.lang.IllegalArgumentException: The id should not be negative.
	at com.topcoder.clients.manager.MockCompanyDAO.retrieveById(MockCompanyDAO.java:45)
	at com.topcoder.clients.manager.dao.DAOCompanyManager.checkCompanyExist(DAOCompanyManager.java:322)
	... 21 more
[Entering method <com.topcoder.clients.manager.dao.DAOCompanyManager.updateCompany(Company company)>; Parameters:{ ParamName<company>; ParamValue: <[ id=6 name=null passcode=code isDeleted=false]>  }  at 2008-08-29 23:59:00.031 ]
[Error occurred in method <com.topcoder.clients.manager.dao.DAOCompanyManager.updateCompany(Company company)>, cause by :
com.topcoder.clients.manager.CompanyEntityNotFoundException:  The company with id=6 does not exist.
	at com.topcoder.clients.manager.dao.DAOCompanyManager.handleCompanyEntityNotFoundException(DAOCompanyManager.java:354)
	at com.topcoder.clients.manager.dao.DAOCompanyManager.checkCompanyExist(DAOCompanyManager.java:333)
	at com.topcoder.clients.manager.dao.DAOCompanyManager.updateCompany(DAOCompanyManager.java:286)
	at com.topcoder.clients.manager.dao.TestDAOCompanyManager.testUpdateCompany_F_6_3(TestDAOCompanyManager.java:600)
	at sun.reflect.NativeMethodAccessorImpl.invoke0(Native Method)
	at sun.reflect.NativeMethodAccessorImpl.invoke(NativeMethodAccessorImpl.java:39)
	at sun.reflect.DelegatingMethodAccessorImpl.invoke(DelegatingMethodAccessorImpl.java:25)
	at java.lang.reflect.Method.invoke(Method.java:585)
	at junit.framework.TestCase.runTest(TestCase.java:154)
	at junit.framework.TestCase.runBare(TestCase.java:127)
	at junit.framework.TestResult$1.protect(TestResult.java:106)
	at junit.framework.TestResult.runProtected(TestResult.java:124)
	at junit.framework.TestResult.run(TestResult.java:109)
	at junit.framework.TestCase.run(TestCase.java:118)
	at junit.framework.TestSuite.runTest(TestSuite.java:208)
	at junit.framework.TestSuite.run(TestSuite.java:203)
	at junit.framework.TestSuite.runTest(TestSuite.java:208)
	at junit.framework.TestSuite.run(TestSuite.java:203)
	at junit.framework.TestSuite.runTest(TestSuite.java:208)
	at junit.framework.TestSuite.run(TestSuite.java:203)
	at org.apache.tools.ant.taskdefs.optional.junit.JUnitTestRunner.run(JUnitTestRunner.java:421)
	at org.apache.tools.ant.taskdefs.optional.junit.JUnitTestRunner.launch(JUnitTestRunner.java:912)
	at org.apache.tools.ant.taskdefs.optional.junit.JUnitTestRunner.main(JUnitTestRunner.java:766)
Caused by: com.topcoder.clients.dao.EntityNotFoundException: For test
	at com.topcoder.clients.manager.MockCompanyDAO.retrieveById(MockCompanyDAO.java:83)
	at com.topcoder.clients.manager.dao.DAOCompanyManager.checkCompanyExist(DAOCompanyManager.java:322)
	... 21 more
[Entering method <com.topcoder.clients.manager.dao.DAOCompanyManager.updateCompany(Company company)>; Parameters:{ ParamName<company>; ParamValue: <[ id=2 name=DAOException passcode=code isDeleted=false]>  }  at 2008-08-29 23:59:00.031 ]
[Error occurred in method <com.topcoder.clients.manager.dao.DAOCompanyManager.updateCompany(Company company)>, cause by :
com.topcoder.clients.manager.CompanyManagerException: Fail to update the Company, cause by Throw for testing
	at com.topcoder.clients.manager.dao.DAOCompanyManager.wrapInnerException(DAOCompanyManager.java:254)
	at com.topcoder.clients.manager.dao.DAOCompanyManager.updateCompany(DAOCompanyManager.java:300)
	at com.topcoder.clients.manager.dao.TestDAOCompanyManager.testUpdateCompany_F_7(TestDAOCompanyManager.java:624)
	at sun.reflect.NativeMethodAccessorImpl.invoke0(Native Method)
	at sun.reflect.NativeMethodAccessorImpl.invoke(NativeMethodAccessorImpl.java:39)
	at sun.reflect.DelegatingMethodAccessorImpl.invoke(DelegatingMethodAccessorImpl.java:25)
	at java.lang.reflect.Method.invoke(Method.java:585)
	at junit.framework.TestCase.runTest(TestCase.java:154)
	at junit.framework.TestCase.runBare(TestCase.java:127)
	at junit.framework.TestResult$1.protect(TestResult.java:106)
	at junit.framework.TestResult.runProtected(TestResult.java:124)
	at junit.framework.TestResult.run(TestResult.java:109)
	at junit.framework.TestCase.run(TestCase.java:118)
	at junit.framework.TestSuite.runTest(TestSuite.java:208)
	at junit.framework.TestSuite.run(TestSuite.java:203)
	at junit.framework.TestSuite.runTest(TestSuite.java:208)
	at junit.framework.TestSuite.run(TestSuite.java:203)
	at junit.framework.TestSuite.runTest(TestSuite.java:208)
	at junit.framework.TestSuite.run(TestSuite.java:203)
	at org.apache.tools.ant.taskdefs.optional.junit.JUnitTestRunner.run(JUnitTestRunner.java:421)
	at org.apache.tools.ant.taskdefs.optional.junit.JUnitTestRunner.launch(JUnitTestRunner.java:912)
	at org.apache.tools.ant.taskdefs.optional.junit.JUnitTestRunner.main(JUnitTestRunner.java:766)
Caused by: com.topcoder.clients.dao.DAOException: Throw for testing
	at com.topcoder.clients.manager.MockCompanyDAO.save(MockCompanyDAO.java:164)
	at com.topcoder.clients.manager.dao.DAOCompanyManager.updateCompany(DAOCompanyManager.java:289)
	... 20 more
[Entering method <com.topcoder.clients.manager.dao.DAOCompanyManager.updateCompany(Company company)>; Parameters:{ ParamName<company>; ParamValue: <[ id=2 name=DAOConfigurationException passcode=code isDeleted=false]>  }  at 2008-08-29 23:59:00.031 ]
[Error occurred in method <com.topcoder.clients.manager.dao.DAOCompanyManager.updateCompany(Company company)>, cause by :
com.topcoder.clients.manager.CompanyManagerException: Fail to update the Company, cause by Throw for testing
	at com.topcoder.clients.manager.dao.DAOCompanyManager.wrapInnerException(DAOCompanyManager.java:254)
	at com.topcoder.clients.manager.dao.DAOCompanyManager.updateCompany(DAOCompanyManager.java:298)
	at com.topcoder.clients.manager.dao.TestDAOCompanyManager.testUpdateCompany_F_8(TestDAOCompanyManager.java:648)
	at sun.reflect.NativeMethodAccessorImpl.invoke0(Native Method)
	at sun.reflect.NativeMethodAccessorImpl.invoke(NativeMethodAccessorImpl.java:39)
	at sun.reflect.DelegatingMethodAccessorImpl.invoke(DelegatingMethodAccessorImpl.java:25)
	at java.lang.reflect.Method.invoke(Method.java:585)
	at junit.framework.TestCase.runTest(TestCase.java:154)
	at junit.framework.TestCase.runBare(TestCase.java:127)
	at junit.framework.TestResult$1.protect(TestResult.java:106)
	at junit.framework.TestResult.runProtected(TestResult.java:124)
	at junit.framework.TestResult.run(TestResult.java:109)
	at junit.framework.TestCase.run(TestCase.java:118)
	at junit.framework.TestSuite.runTest(TestSuite.java:208)
	at junit.framework.TestSuite.run(TestSuite.java:203)
	at junit.framework.TestSuite.runTest(TestSuite.java:208)
	at junit.framework.TestSuite.run(TestSuite.java:203)
	at junit.framework.TestSuite.runTest(TestSuite.java:208)
	at junit.framework.TestSuite.run(TestSuite.java:203)
	at org.apache.tools.ant.taskdefs.optional.junit.JUnitTestRunner.run(JUnitTestRunner.java:421)
	at org.apache.tools.ant.taskdefs.optional.junit.JUnitTestRunner.launch(JUnitTestRunner.java:912)
	at org.apache.tools.ant.taskdefs.optional.junit.JUnitTestRunner.main(JUnitTestRunner.java:766)
Caused by: com.topcoder.clients.dao.DAOConfigurationException: Throw for testing
	at com.topcoder.clients.manager.MockCompanyDAO.save(MockCompanyDAO.java:168)
	at com.topcoder.clients.manager.dao.DAOCompanyManager.updateCompany(DAOCompanyManager.java:289)
	... 20 more
[Entering method <com.topcoder.clients.manager.dao.DAOCompanyManager.updateCompany(Company company)>; Parameters:{ ParamName<company>; ParamValue: <[ id=2 name=ClassCastException passcode=code isDeleted=false]>  }  at 2008-08-29 23:59:00.046 ]
[Error occurred in method <com.topcoder.clients.manager.dao.DAOCompanyManager.updateCompany(Company company)>, cause by :
com.topcoder.clients.manager.CompanyManagerException: Fail to update the Company, cause by com.topcoder.clients.model.Client
	at com.topcoder.clients.manager.dao.DAOCompanyManager.wrapInnerException(DAOCompanyManager.java:254)
	at com.topcoder.clients.manager.dao.DAOCompanyManager.updateCompany(DAOCompanyManager.java:302)
	at com.topcoder.clients.manager.dao.TestDAOCompanyManager.testUpdateCompany_F_9(TestDAOCompanyManager.java:672)
	at sun.reflect.NativeMethodAccessorImpl.invoke0(Native Method)
	at sun.reflect.NativeMethodAccessorImpl.invoke(NativeMethodAccessorImpl.java:39)
	at sun.reflect.DelegatingMethodAccessorImpl.invoke(DelegatingMethodAccessorImpl.java:25)
	at java.lang.reflect.Method.invoke(Method.java:585)
	at junit.framework.TestCase.runTest(TestCase.java:154)
	at junit.framework.TestCase.runBare(TestCase.java:127)
	at junit.framework.TestResult$1.protect(TestResult.java:106)
	at junit.framework.TestResult.runProtected(TestResult.java:124)
	at junit.framework.TestResult.run(TestResult.java:109)
	at junit.framework.TestCase.run(TestCase.java:118)
	at junit.framework.TestSuite.runTest(TestSuite.java:208)
	at junit.framework.TestSuite.run(TestSuite.java:203)
	at junit.framework.TestSuite.runTest(TestSuite.java:208)
	at junit.framework.TestSuite.run(TestSuite.java:203)
	at junit.framework.TestSuite.runTest(TestSuite.java:208)
	at junit.framework.TestSuite.run(TestSuite.java:203)
	at org.apache.tools.ant.taskdefs.optional.junit.JUnitTestRunner.run(JUnitTestRunner.java:421)
	at org.apache.tools.ant.taskdefs.optional.junit.JUnitTestRunner.launch(JUnitTestRunner.java:912)
	at org.apache.tools.ant.taskdefs.optional.junit.JUnitTestRunner.main(JUnitTestRunner.java:766)
Caused by: java.lang.ClassCastException: com.topcoder.clients.model.Client
	at com.topcoder.clients.manager.dao.DAOCompanyManager.updateCompany(DAOCompanyManager.java:289)
	... 20 more
[Entering method <com.topcoder.clients.manager.dao.DAOCompanyManager.updateCompany(Company company)>; Parameters:{ ParamName<company>; ParamValue: <[ id=2 name=ok passcode=code isDeleted=false]>  }  at 2008-08-29 23:59:00.046 ]
[Exiting method <com.topcoder.clients.manager.dao.DAOCompanyManager.updateCompany(Company company)>; Return value:<[ id=2 name=ok passcode=code isDeleted=false]>]  at 2008-08-29 23:59:00.046
[Entering method <com.topcoder.clients.manager.dao.DAOCompanyManager.deleteCompany(Company company)>; Parameters:{ ParamName<company>; ParamValue: <null>  }  at 2008-08-29 23:59:00.046 ]
[Error occurred in method <com.topcoder.clients.manager.dao.DAOCompanyManager.deleteCompany(Company company)>, cause by :
java.lang.IllegalArgumentException: The parameter 'company' should not be null.
	at com.topcoder.clients.manager.dao.Helper.checkNull(Helper.java:69)
	at com.topcoder.clients.manager.dao.DAOCompanyManager.deleteCompany(DAOCompanyManager.java:382)
	at com.topcoder.clients.manager.dao.TestDAOCompanyManager.testDeleteCompany_F_1(TestDAOCompanyManager.java:711)
	at sun.reflect.NativeMethodAccessorImpl.invoke0(Native Method)
	at sun.reflect.NativeMethodAccessorImpl.invoke(NativeMethodAccessorImpl.java:39)
	at sun.reflect.DelegatingMethodAccessorImpl.invoke(DelegatingMethodAccessorImpl.java:25)
	at java.lang.reflect.Method.invoke(Method.java:585)
	at junit.framework.TestCase.runTest(TestCase.java:154)
	at junit.framework.TestCase.runBare(TestCase.java:127)
	at junit.framework.TestResult$1.protect(TestResult.java:106)
	at junit.framework.TestResult.runProtected(TestResult.java:124)
	at junit.framework.TestResult.run(TestResult.java:109)
	at junit.framework.TestCase.run(TestCase.java:118)
	at junit.framework.TestSuite.runTest(TestSuite.java:208)
	at junit.framework.TestSuite.run(TestSuite.java:203)
	at junit.framework.TestSuite.runTest(TestSuite.java:208)
	at junit.framework.TestSuite.run(TestSuite.java:203)
	at junit.framework.TestSuite.runTest(TestSuite.java:208)
	at junit.framework.TestSuite.run(TestSuite.java:203)
	at org.apache.tools.ant.taskdefs.optional.junit.JUnitTestRunner.run(JUnitTestRunner.java:421)
	at org.apache.tools.ant.taskdefs.optional.junit.JUnitTestRunner.launch(JUnitTestRunner.java:912)
	at org.apache.tools.ant.taskdefs.optional.junit.JUnitTestRunner.main(JUnitTestRunner.java:766)
[Entering method <com.topcoder.clients.manager.dao.DAOCompanyManager.deleteCompany(Company company)>; Parameters:{ ParamName<company>; ParamValue: <[ id=0 name=null passcode=null isDeleted=true]>  }  at 2008-08-29 23:59:00.062 ]
[Error occurred in method <com.topcoder.clients.manager.dao.DAOCompanyManager.deleteCompany(Company company)>, cause by :
java.lang.IllegalArgumentException: The isDeleted of company should not be true.
	at com.topcoder.clients.manager.dao.DAOCompanyManager.deleteCompany(DAOCompanyManager.java:384)
	at com.topcoder.clients.manager.dao.TestDAOCompanyManager.testDeleteCompany_F_2(TestDAOCompanyManager.java:731)
	at sun.reflect.NativeMethodAccessorImpl.invoke0(Native Method)
	at sun.reflect.NativeMethodAccessorImpl.invoke(NativeMethodAccessorImpl.java:39)
	at sun.reflect.DelegatingMethodAccessorImpl.invoke(DelegatingMethodAccessorImpl.java:25)
	at java.lang.reflect.Method.invoke(Method.java:585)
	at junit.framework.TestCase.runTest(TestCase.java:154)
	at junit.framework.TestCase.runBare(TestCase.java:127)
	at junit.framework.TestResult$1.protect(TestResult.java:106)
	at junit.framework.TestResult.runProtected(TestResult.java:124)
	at junit.framework.TestResult.run(TestResult.java:109)
	at junit.framework.TestCase.run(TestCase.java:118)
	at junit.framework.TestSuite.runTest(TestSuite.java:208)
	at junit.framework.TestSuite.run(TestSuite.java:203)
	at junit.framework.TestSuite.runTest(TestSuite.java:208)
	at junit.framework.TestSuite.run(TestSuite.java:203)
	at junit.framework.TestSuite.runTest(TestSuite.java:208)
	at junit.framework.TestSuite.run(TestSuite.java:203)
	at org.apache.tools.ant.taskdefs.optional.junit.JUnitTestRunner.run(JUnitTestRunner.java:421)
	at org.apache.tools.ant.taskdefs.optional.junit.JUnitTestRunner.launch(JUnitTestRunner.java:912)
	at org.apache.tools.ant.taskdefs.optional.junit.JUnitTestRunner.main(JUnitTestRunner.java:766)
[Entering method <com.topcoder.clients.manager.dao.DAOCompanyManager.deleteCompany(Company company)>; Parameters:{ ParamName<company>; ParamValue: <[ id=0 name=EntityNotFoundException passcode=null isDeleted=false]>  }  at 2008-08-29 23:59:00.062 ]
[Error occurred in method <com.topcoder.clients.manager.dao.DAOCompanyManager.deleteCompany(Company company)>, cause by :
com.topcoder.clients.manager.CompanyEntityNotFoundException:  The company with id=0 does not exist.
	at com.topcoder.clients.manager.dao.DAOCompanyManager.handleCompanyEntityNotFoundException(DAOCompanyManager.java:354)
	at com.topcoder.clients.manager.dao.DAOCompanyManager.deleteCompany(DAOCompanyManager.java:400)
	at com.topcoder.clients.manager.dao.TestDAOCompanyManager.testDeleteCompany_F_3(TestDAOCompanyManager.java:752)
	at sun.reflect.NativeMethodAccessorImpl.invoke0(Native Method)
	at sun.reflect.NativeMethodAccessorImpl.invoke(NativeMethodAccessorImpl.java:39)
	at sun.reflect.DelegatingMethodAccessorImpl.invoke(DelegatingMethodAccessorImpl.java:25)
	at java.lang.reflect.Method.invoke(Method.java:585)
	at junit.framework.TestCase.runTest(TestCase.java:154)
	at junit.framework.TestCase.runBare(TestCase.java:127)
	at junit.framework.TestResult$1.protect(TestResult.java:106)
	at junit.framework.TestResult.runProtected(TestResult.java:124)
	at junit.framework.TestResult.run(TestResult.java:109)
	at junit.framework.TestCase.run(TestCase.java:118)
	at junit.framework.TestSuite.runTest(TestSuite.java:208)
	at junit.framework.TestSuite.run(TestSuite.java:203)
	at junit.framework.TestSuite.runTest(TestSuite.java:208)
	at junit.framework.TestSuite.run(TestSuite.java:203)
	at junit.framework.TestSuite.runTest(TestSuite.java:208)
	at junit.framework.TestSuite.run(TestSuite.java:203)
	at org.apache.tools.ant.taskdefs.optional.junit.JUnitTestRunner.run(JUnitTestRunner.java:421)
	at org.apache.tools.ant.taskdefs.optional.junit.JUnitTestRunner.launch(JUnitTestRunner.java:912)
	at org.apache.tools.ant.taskdefs.optional.junit.JUnitTestRunner.main(JUnitTestRunner.java:766)
Caused by: com.topcoder.clients.dao.EntityNotFoundException: Throw for testing
	at com.topcoder.clients.manager.MockCompanyDAO.delete(MockCompanyDAO.java:192)
	at com.topcoder.clients.manager.dao.DAOCompanyManager.deleteCompany(DAOCompanyManager.java:388)
	... 20 more
[Entering method <com.topcoder.clients.manager.dao.DAOCompanyManager.deleteCompany(Company company)>; Parameters:{ ParamName<company>; ParamValue: <[ id=0 name=DAOException passcode=null isDeleted=false]>  }  at 2008-08-29 23:59:00.062 ]
[Error occurred in method <com.topcoder.clients.manager.dao.DAOCompanyManager.deleteCompany(Company company)>, cause by :
com.topcoder.clients.manager.CompanyManagerException: Fail to delete the Company , cause by Throw for testing
	at com.topcoder.clients.manager.dao.DAOCompanyManager.wrapInnerException(DAOCompanyManager.java:254)
	at com.topcoder.clients.manager.dao.DAOCompanyManager.deleteCompany(DAOCompanyManager.java:405)
	at com.topcoder.clients.manager.dao.TestDAOCompanyManager.testDeleteCompany_F_4(TestDAOCompanyManager.java:773)
	at sun.reflect.NativeMethodAccessorImpl.invoke0(Native Method)
	at sun.reflect.NativeMethodAccessorImpl.invoke(NativeMethodAccessorImpl.java:39)
	at sun.reflect.DelegatingMethodAccessorImpl.invoke(DelegatingMethodAccessorImpl.java:25)
	at java.lang.reflect.Method.invoke(Method.java:585)
	at junit.framework.TestCase.runTest(TestCase.java:154)
	at junit.framework.TestCase.runBare(TestCase.java:127)
	at junit.framework.TestResult$1.protect(TestResult.java:106)
	at junit.framework.TestResult.runProtected(TestResult.java:124)
	at junit.framework.TestResult.run(TestResult.java:109)
	at junit.framework.TestCase.run(TestCase.java:118)
	at junit.framework.TestSuite.runTest(TestSuite.java:208)
	at junit.framework.TestSuite.run(TestSuite.java:203)
	at junit.framework.TestSuite.runTest(TestSuite.java:208)
	at junit.framework.TestSuite.run(TestSuite.java:203)
	at junit.framework.TestSuite.runTest(TestSuite.java:208)
	at junit.framework.TestSuite.run(TestSuite.java:203)
	at org.apache.tools.ant.taskdefs.optional.junit.JUnitTestRunner.run(JUnitTestRunner.java:421)
	at org.apache.tools.ant.taskdefs.optional.junit.JUnitTestRunner.launch(JUnitTestRunner.java:912)
	at org.apache.tools.ant.taskdefs.optional.junit.JUnitTestRunner.main(JUnitTestRunner.java:766)
Caused by: com.topcoder.clients.dao.DAOException: Throw for testing
	at com.topcoder.clients.manager.MockCompanyDAO.delete(MockCompanyDAO.java:196)
	at com.topcoder.clients.manager.dao.DAOCompanyManager.deleteCompany(DAOCompanyManager.java:388)
	... 20 more
[Entering method <com.topcoder.clients.manager.dao.DAOCompanyManager.deleteCompany(Company company)>; Parameters:{ ParamName<company>; ParamValue: <[ id=0 name=DAOConfigurationException passcode=null isDeleted=false]>  }  at 2008-08-29 23:59:00.078 ]
[Error occurred in method <com.topcoder.clients.manager.dao.DAOCompanyManager.deleteCompany(Company company)>, cause by :
com.topcoder.clients.manager.CompanyManagerException: Fail to delete the Company, cause by Throw for testing
	at com.topcoder.clients.manager.dao.DAOCompanyManager.wrapInnerException(DAOCompanyManager.java:254)
	at com.topcoder.clients.manager.dao.DAOCompanyManager.deleteCompany(DAOCompanyManager.java:403)
	at com.topcoder.clients.manager.dao.TestDAOCompanyManager.testDeleteCompany_F_5(TestDAOCompanyManager.java:794)
	at sun.reflect.NativeMethodAccessorImpl.invoke0(Native Method)
	at sun.reflect.NativeMethodAccessorImpl.invoke(NativeMethodAccessorImpl.java:39)
	at sun.reflect.DelegatingMethodAccessorImpl.invoke(DelegatingMethodAccessorImpl.java:25)
	at java.lang.reflect.Method.invoke(Method.java:585)
	at junit.framework.TestCase.runTest(TestCase.java:154)
	at junit.framework.TestCase.runBare(TestCase.java:127)
	at junit.framework.TestResult$1.protect(TestResult.java:106)
	at junit.framework.TestResult.runProtected(TestResult.java:124)
	at junit.framework.TestResult.run(TestResult.java:109)
	at junit.framework.TestCase.run(TestCase.java:118)
	at junit.framework.TestSuite.runTest(TestSuite.java:208)
	at junit.framework.TestSuite.run(TestSuite.java:203)
	at junit.framework.TestSuite.runTest(TestSuite.java:208)
	at junit.framework.TestSuite.run(TestSuite.java:203)
	at junit.framework.TestSuite.runTest(TestSuite.java:208)
	at junit.framework.TestSuite.run(TestSuite.java:203)
	at org.apache.tools.ant.taskdefs.optional.junit.JUnitTestRunner.run(JUnitTestRunner.java:421)
	at org.apache.tools.ant.taskdefs.optional.junit.JUnitTestRunner.launch(JUnitTestRunner.java:912)
	at org.apache.tools.ant.taskdefs.optional.junit.JUnitTestRunner.main(JUnitTestRunner.java:766)
Caused by: com.topcoder.clients.dao.DAOConfigurationException: Throw for testing
	at com.topcoder.clients.manager.MockCompanyDAO.delete(MockCompanyDAO.java:200)
	at com.topcoder.clients.manager.dao.DAOCompanyManager.deleteCompany(DAOCompanyManager.java:388)
	... 20 more
[Entering method <com.topcoder.clients.manager.dao.DAOCompanyManager.deleteCompany(Company company)>; Parameters:{ ParamName<company>; ParamValue: <[ id=0 name=ok passcode=null isDeleted=false]>  }  at 2008-08-29 23:59:00.078 ]
[Exiting method <com.topcoder.clients.manager.dao.DAOCompanyManager.deleteCompany(Company company)>; Return value:<[ id=0 name=ok passcode=null isDeleted=true]>]  at 2008-08-29 23:59:00.078
[Entering method <com.topcoder.clients.manager.dao.DAOCompanyManager.retrieveCompany(long id)>; Parameters:{ ParamName<id>; ParamValue: <-1>  }  at 2008-08-29 23:59:00.078 ]
[Error occurred in method <com.topcoder.clients.manager.dao.DAOCompanyManager.retrieveCompany(long id)>, cause by :
java.lang.IllegalArgumentException: The parameter id should not be negative.
	at com.topcoder.clients.manager.dao.Helper.checkId(Helper.java:115)
	at com.topcoder.clients.manager.dao.DAOCompanyManager.retrieveCompany(DAOCompanyManager.java:426)
	at com.topcoder.clients.manager.dao.TestDAOCompanyManager.testRetrieveCompany_F_1(TestDAOCompanyManager.java:831)
	at sun.reflect.NativeMethodAccessorImpl.invoke0(Native Method)
	at sun.reflect.NativeMethodAccessorImpl.invoke(NativeMethodAccessorImpl.java:39)
	at sun.reflect.DelegatingMethodAccessorImpl.invoke(DelegatingMethodAccessorImpl.java:25)
	at java.lang.reflect.Method.invoke(Method.java:585)
	at junit.framework.TestCase.runTest(TestCase.java:154)
	at junit.framework.TestCase.runBare(TestCase.java:127)
	at junit.framework.TestResult$1.protect(TestResult.java:106)
	at junit.framework.TestResult.runProtected(TestResult.java:124)
	at junit.framework.TestResult.run(TestResult.java:109)
	at junit.framework.TestCase.run(TestCase.java:118)
	at junit.framework.TestSuite.runTest(TestSuite.java:208)
	at junit.framework.TestSuite.run(TestSuite.java:203)
	at junit.framework.TestSuite.runTest(TestSuite.java:208)
	at junit.framework.TestSuite.run(TestSuite.java:203)
	at junit.framework.TestSuite.runTest(TestSuite.java:208)
	at junit.framework.TestSuite.run(TestSuite.java:203)
	at org.apache.tools.ant.taskdefs.optional.junit.JUnitTestRunner.run(JUnitTestRunner.java:421)
	at org.apache.tools.ant.taskdefs.optional.junit.JUnitTestRunner.launch(JUnitTestRunner.java:912)
	at org.apache.tools.ant.taskdefs.optional.junit.JUnitTestRunner.main(JUnitTestRunner.java:766)
[Entering method <com.topcoder.clients.manager.dao.DAOCompanyManager.retrieveCompany(long id)>; Parameters:{ ParamName<id>; ParamValue: <4>  }  at 2008-08-29 23:59:00.093 ]
[Error occurred in method <com.topcoder.clients.manager.dao.DAOCompanyManager.retrieveCompany(long id)>, cause by :
com.topcoder.clients.manager.CompanyManagerException: Fail to retrieve company with id = 4 cause by for test
	at com.topcoder.clients.manager.dao.DAOCompanyManager.wrapInnerException(DAOCompanyManager.java:254)
	at com.topcoder.clients.manager.dao.DAOCompanyManager.retrieveCompany(DAOCompanyManager.java:440)
	at com.topcoder.clients.manager.dao.TestDAOCompanyManager.testRetrieveCompany_F_2(TestDAOCompanyManager.java:849)
	at sun.reflect.NativeMethodAccessorImpl.invoke0(Native Method)
	at sun.reflect.NativeMethodAccessorImpl.invoke(NativeMethodAccessorImpl.java:39)
	at sun.reflect.DelegatingMethodAccessorImpl.invoke(DelegatingMethodAccessorImpl.java:25)
	at java.lang.reflect.Method.invoke(Method.java:585)
	at junit.framework.TestCase.runTest(TestCase.java:154)
	at junit.framework.TestCase.runBare(TestCase.java:127)
	at junit.framework.TestResult$1.protect(TestResult.java:106)
	at junit.framework.TestResult.runProtected(TestResult.java:124)
	at junit.framework.TestResult.run(TestResult.java:109)
	at junit.framework.TestCase.run(TestCase.java:118)
	at junit.framework.TestSuite.runTest(TestSuite.java:208)
	at junit.framework.TestSuite.run(TestSuite.java:203)
	at junit.framework.TestSuite.runTest(TestSuite.java:208)
	at junit.framework.TestSuite.run(TestSuite.java:203)
	at junit.framework.TestSuite.runTest(TestSuite.java:208)
	at junit.framework.TestSuite.run(TestSuite.java:203)
	at org.apache.tools.ant.taskdefs.optional.junit.JUnitTestRunner.run(JUnitTestRunner.java:421)
	at org.apache.tools.ant.taskdefs.optional.junit.JUnitTestRunner.launch(JUnitTestRunner.java:912)
	at org.apache.tools.ant.taskdefs.optional.junit.JUnitTestRunner.main(JUnitTestRunner.java:766)
Caused by: com.topcoder.clients.dao.DAOException: for test
	at com.topcoder.clients.manager.MockCompanyDAO.retrieveById(MockCompanyDAO.java:75)
	at com.topcoder.clients.manager.dao.DAOCompanyManager.retrieveCompany(DAOCompanyManager.java:428)
	... 20 more
[Entering method <com.topcoder.clients.manager.dao.DAOCompanyManager.retrieveCompany(long id)>; Parameters:{ ParamName<id>; ParamValue: <5>  }  at 2008-08-29 23:59:00.093 ]
[Error occurred in method <com.topcoder.clients.manager.dao.DAOCompanyManager.retrieveCompany(long id)>, cause by :
com.topcoder.clients.manager.CompanyManagerException: Fail to retrieve company with id = 5 cause by test
	at com.topcoder.clients.manager.dao.DAOCompanyManager.wrapInnerException(DAOCompanyManager.java:254)
	at com.topcoder.clients.manager.dao.DAOCompanyManager.retrieveCompany(DAOCompanyManager.java:437)
	at com.topcoder.clients.manager.dao.TestDAOCompanyManager.testRetrieveCompany_F_3(TestDAOCompanyManager.java:867)
	at sun.reflect.NativeMethodAccessorImpl.invoke0(Native Method)
	at sun.reflect.NativeMethodAccessorImpl.invoke(NativeMethodAccessorImpl.java:39)
	at sun.reflect.DelegatingMethodAccessorImpl.invoke(DelegatingMethodAccessorImpl.java:25)
	at java.lang.reflect.Method.invoke(Method.java:585)
	at junit.framework.TestCase.runTest(TestCase.java:154)
	at junit.framework.TestCase.runBare(TestCase.java:127)
	at junit.framework.TestResult$1.protect(TestResult.java:106)
	at junit.framework.TestResult.runProtected(TestResult.java:124)
	at junit.framework.TestResult.run(TestResult.java:109)
	at junit.framework.TestCase.run(TestCase.java:118)
	at junit.framework.TestSuite.runTest(TestSuite.java:208)
	at junit.framework.TestSuite.run(TestSuite.java:203)
	at junit.framework.TestSuite.runTest(TestSuite.java:208)
	at junit.framework.TestSuite.run(TestSuite.java:203)
	at junit.framework.TestSuite.runTest(TestSuite.java:208)
	at junit.framework.TestSuite.run(TestSuite.java:203)
	at org.apache.tools.ant.taskdefs.optional.junit.JUnitTestRunner.run(JUnitTestRunner.java:421)
	at org.apache.tools.ant.taskdefs.optional.junit.JUnitTestRunner.launch(JUnitTestRunner.java:912)
	at org.apache.tools.ant.taskdefs.optional.junit.JUnitTestRunner.main(JUnitTestRunner.java:766)
Caused by: com.topcoder.clients.dao.DAOConfigurationException: test
	at com.topcoder.clients.manager.MockCompanyDAO.retrieveById(MockCompanyDAO.java:79)
	at com.topcoder.clients.manager.dao.DAOCompanyManager.retrieveCompany(DAOCompanyManager.java:428)
	... 20 more
[Entering method <com.topcoder.clients.manager.dao.DAOCompanyManager.retrieveCompany(long id)>; Parameters:{ ParamName<id>; ParamValue: <3>  }  at 2008-08-29 23:59:00.093 ]
[Error occurred in method <com.topcoder.clients.manager.dao.DAOCompanyManager.retrieveCompany(long id)>, cause by :
com.topcoder.clients.manager.CompanyManagerException: The entity retrieved is not a Company instance, cause by com.topcoder.clients.model.Client
	at com.topcoder.clients.manager.dao.DAOCompanyManager.wrapInnerException(DAOCompanyManager.java:254)
	at com.topcoder.clients.manager.dao.DAOCompanyManager.retrieveCompany(DAOCompanyManager.java:443)
	at com.topcoder.clients.manager.dao.TestDAOCompanyManager.testRetrieveCompany_F_4(TestDAOCompanyManager.java:885)
	at sun.reflect.NativeMethodAccessorImpl.invoke0(Native Method)
	at sun.reflect.NativeMethodAccessorImpl.invoke(NativeMethodAccessorImpl.java:39)
	at sun.reflect.DelegatingMethodAccessorImpl.invoke(DelegatingMethodAccessorImpl.java:25)
	at java.lang.reflect.Method.invoke(Method.java:585)
	at junit.framework.TestCase.runTest(TestCase.java:154)
	at junit.framework.TestCase.runBare(TestCase.java:127)
	at junit.framework.TestResult$1.protect(TestResult.java:106)
	at junit.framework.TestResult.runProtected(TestResult.java:124)
	at junit.framework.TestResult.run(TestResult.java:109)
	at junit.framework.TestCase.run(TestCase.java:118)
	at junit.framework.TestSuite.runTest(TestSuite.java:208)
	at junit.framework.TestSuite.run(TestSuite.java:203)
	at junit.framework.TestSuite.runTest(TestSuite.java:208)
	at junit.framework.TestSuite.run(TestSuite.java:203)
	at junit.framework.TestSuite.runTest(TestSuite.java:208)
	at junit.framework.TestSuite.run(TestSuite.java:203)
	at org.apache.tools.ant.taskdefs.optional.junit.JUnitTestRunner.run(JUnitTestRunner.java:421)
	at org.apache.tools.ant.taskdefs.optional.junit.JUnitTestRunner.launch(JUnitTestRunner.java:912)
	at org.apache.tools.ant.taskdefs.optional.junit.JUnitTestRunner.main(JUnitTestRunner.java:766)
Caused by: java.lang.ClassCastException: com.topcoder.clients.model.Client
	at com.topcoder.clients.manager.dao.DAOCompanyManager.retrieveCompany(DAOCompanyManager.java:428)
	... 20 more
[Entering method <com.topcoder.clients.manager.dao.DAOCompanyManager.retrieveCompany(long id)>; Parameters:{ ParamName<id>; ParamValue: <2>  }  at 2008-08-29 23:59:00.109 ]
[Exiting method <com.topcoder.clients.manager.dao.DAOCompanyManager.retrieveCompany(long id)>; Return value:<[ id=2 name=null passcode=code isDeleted=false]>]  at 2008-08-29 23:59:00.109
[Entering method <com.topcoder.clients.manager.dao.DAOCompanyManager.retrieveAllCompanies>; Parameters:{ }  at 2008-08-29 23:59:00.109 ]
[Exiting method <com.topcoder.clients.manager.dao.DAOCompanyManager.retrieveAllCompanies>; Return value:<[]>]  at 2008-08-29 23:59:00.109
[Entering method <com.topcoder.clients.manager.dao.DAOCompanyManager.searchCompaniesByName(String name)>; Parameters:{ ParamName<name>; ParamValue: <null>  }  at 2008-08-29 23:59:00.109 ]
[Error occurred in method <com.topcoder.clients.manager.dao.DAOCompanyManager.searchCompaniesByName(String name)>, cause by :
java.lang.IllegalArgumentException: The parameter 'name' should not be null.
	at com.topcoder.clients.manager.dao.Helper.checkNull(Helper.java:69)
	at com.topcoder.clients.manager.dao.Helper.checkString(Helper.java:98)
	at com.topcoder.clients.manager.dao.DAOCompanyManager.searchCompaniesByName(DAOCompanyManager.java:488)
	at com.topcoder.clients.manager.dao.TestDAOCompanyManager.testSearchCompaniesByName_F_1(TestDAOCompanyManager.java:935)
	at sun.reflect.NativeMethodAccessorImpl.invoke0(Native Method)
	at sun.reflect.NativeMethodAccessorImpl.invoke(NativeMethodAccessorImpl.java:39)
	at sun.reflect.DelegatingMethodAccessorImpl.invoke(DelegatingMethodAccessorImpl.java:25)
	at java.lang.reflect.Method.invoke(Method.java:585)
	at junit.framework.TestCase.runTest(TestCase.java:154)
	at junit.framework.TestCase.runBare(TestCase.java:127)
	at junit.framework.TestResult$1.protect(TestResult.java:106)
	at junit.framework.TestResult.runProtected(TestResult.java:124)
	at junit.framework.TestResult.run(TestResult.java:109)
	at junit.framework.TestCase.run(TestCase.java:118)
	at junit.framework.TestSuite.runTest(TestSuite.java:208)
	at junit.framework.TestSuite.run(TestSuite.java:203)
	at junit.framework.TestSuite.runTest(TestSuite.java:208)
	at junit.framework.TestSuite.run(TestSuite.java:203)
	at junit.framework.TestSuite.runTest(TestSuite.java:208)
	at junit.framework.TestSuite.run(TestSuite.java:203)
	at org.apache.tools.ant.taskdefs.optional.junit.JUnitTestRunner.run(JUnitTestRunner.java:421)
	at org.apache.tools.ant.taskdefs.optional.junit.JUnitTestRunner.launch(JUnitTestRunner.java:912)
	at org.apache.tools.ant.taskdefs.optional.junit.JUnitTestRunner.main(JUnitTestRunner.java:766)
[Entering method <com.topcoder.clients.manager.dao.DAOCompanyManager.searchCompaniesByName(String name)>; Parameters:{ ParamName<name>; ParamValue: <  >  }  at 2008-08-29 23:59:00.125 ]
[Error occurred in method <com.topcoder.clients.manager.dao.DAOCompanyManager.searchCompaniesByName(String name)>, cause by :
java.lang.IllegalArgumentException: The parameter with name should not be empty string.
	at com.topcoder.clients.manager.dao.Helper.checkString(Helper.java:101)
	at com.topcoder.clients.manager.dao.DAOCompanyManager.searchCompaniesByName(DAOCompanyManager.java:488)
	at com.topcoder.clients.manager.dao.TestDAOCompanyManager.testSearchCompaniesByName_F_2(TestDAOCompanyManager.java:953)
	at sun.reflect.NativeMethodAccessorImpl.invoke0(Native Method)
	at sun.reflect.NativeMethodAccessorImpl.invoke(NativeMethodAccessorImpl.java:39)
	at sun.reflect.DelegatingMethodAccessorImpl.invoke(DelegatingMethodAccessorImpl.java:25)
	at java.lang.reflect.Method.invoke(Method.java:585)
	at junit.framework.TestCase.runTest(TestCase.java:154)
	at junit.framework.TestCase.runBare(TestCase.java:127)
	at junit.framework.TestResult$1.protect(TestResult.java:106)
	at junit.framework.TestResult.runProtected(TestResult.java:124)
	at junit.framework.TestResult.run(TestResult.java:109)
	at junit.framework.TestCase.run(TestCase.java:118)
	at junit.framework.TestSuite.runTest(TestSuite.java:208)
	at junit.framework.TestSuite.run(TestSuite.java:203)
	at junit.framework.TestSuite.runTest(TestSuite.java:208)
	at junit.framework.TestSuite.run(TestSuite.java:203)
	at junit.framework.TestSuite.runTest(TestSuite.java:208)
	at junit.framework.TestSuite.run(TestSuite.java:203)
	at org.apache.tools.ant.taskdefs.optional.junit.JUnitTestRunner.run(JUnitTestRunner.java:421)
	at org.apache.tools.ant.taskdefs.optional.junit.JUnitTestRunner.launch(JUnitTestRunner.java:912)
	at org.apache.tools.ant.taskdefs.optional.junit.JUnitTestRunner.main(JUnitTestRunner.java:766)
[Entering method <com.topcoder.clients.manager.dao.DAOCompanyManager.searchCompaniesByName(String name)>; Parameters:{ ParamName<name>; ParamValue: <DAOException>  }  at 2008-08-29 23:59:00.125 ]
[Error occurred in method <com.topcoder.clients.manager.dao.DAOCompanyManager.searchCompaniesByName(String name)>, cause by :
com.topcoder.clients.manager.CompanyManagerException: Fail to search companies by name = DAOException cause by Throw for testing
	at com.topcoder.clients.manager.dao.DAOCompanyManager.wrapInnerException(DAOCompanyManager.java:254)
	at com.topcoder.clients.manager.dao.DAOCompanyManager.searchCompaniesByName(DAOCompanyManager.java:502)
	at com.topcoder.clients.manager.dao.TestDAOCompanyManager.testSearchCompaniesByName_F_3(TestDAOCompanyManager.java:971)
	at sun.reflect.NativeMethodAccessorImpl.invoke0(Native Method)
	at sun.reflect.NativeMethodAccessorImpl.invoke(NativeMethodAccessorImpl.java:39)
	at sun.reflect.DelegatingMethodAccessorImpl.invoke(DelegatingMethodAccessorImpl.java:25)
	at java.lang.reflect.Method.invoke(Method.java:585)
	at junit.framework.TestCase.runTest(TestCase.java:154)
	at junit.framework.TestCase.runBare(TestCase.java:127)
	at junit.framework.TestResult$1.protect(TestResult.java:106)
	at junit.framework.TestResult.runProtected(TestResult.java:124)
	at junit.framework.TestResult.run(TestResult.java:109)
	at junit.framework.TestCase.run(TestCase.java:118)
	at junit.framework.TestSuite.runTest(TestSuite.java:208)
	at junit.framework.TestSuite.run(TestSuite.java:203)
	at junit.framework.TestSuite.runTest(TestSuite.java:208)
	at junit.framework.TestSuite.run(TestSuite.java:203)
	at junit.framework.TestSuite.runTest(TestSuite.java:208)
	at junit.framework.TestSuite.run(TestSuite.java:203)
	at org.apache.tools.ant.taskdefs.optional.junit.JUnitTestRunner.run(JUnitTestRunner.java:421)
	at org.apache.tools.ant.taskdefs.optional.junit.JUnitTestRunner.launch(JUnitTestRunner.java:912)
	at org.apache.tools.ant.taskdefs.optional.junit.JUnitTestRunner.main(JUnitTestRunner.java:766)
Caused by: com.topcoder.clients.dao.DAOException: Throw for testing
	at com.topcoder.clients.manager.MockCompanyDAO.searchByName(MockCompanyDAO.java:112)
	at com.topcoder.clients.manager.dao.DAOCompanyManager.searchCompaniesByName(DAOCompanyManager.java:490)
	... 20 more
[Entering method <com.topcoder.clients.manager.dao.DAOCompanyManager.searchCompaniesByName(String name)>; Parameters:{ ParamName<name>; ParamValue: <DAOConfigurationException>  }  at 2008-08-29 23:59:00.125 ]
[Error occurred in method <com.topcoder.clients.manager.dao.DAOCompanyManager.searchCompaniesByName(String name)>, cause by :
com.topcoder.clients.manager.CompanyManagerException: Fail to search companies by name=DAOConfigurationException cause by Throw for testing
	at com.topcoder.clients.manager.dao.DAOCompanyManager.wrapInnerException(DAOCompanyManager.java:254)
	at com.topcoder.clients.manager.dao.DAOCompanyManager.searchCompaniesByName(DAOCompanyManager.java:499)
	at com.topcoder.clients.manager.dao.TestDAOCompanyManager.testSearchCompaniesByName_F_4(TestDAOCompanyManager.java:989)
	at sun.reflect.NativeMethodAccessorImpl.invoke0(Native Method)
	at sun.reflect.NativeMethodAccessorImpl.invoke(NativeMethodAccessorImpl.java:39)
	at sun.reflect.DelegatingMethodAccessorImpl.invoke(DelegatingMethodAccessorImpl.java:25)
	at java.lang.reflect.Method.invoke(Method.java:585)
	at junit.framework.TestCase.runTest(TestCase.java:154)
	at junit.framework.TestCase.runBare(TestCase.java:127)
	at junit.framework.TestResult$1.protect(TestResult.java:106)
	at junit.framework.TestResult.runProtected(TestResult.java:124)
	at junit.framework.TestResult.run(TestResult.java:109)
	at junit.framework.TestCase.run(TestCase.java:118)
	at junit.framework.TestSuite.runTest(TestSuite.java:208)
	at junit.framework.TestSuite.run(TestSuite.java:203)
	at junit.framework.TestSuite.runTest(TestSuite.java:208)
	at junit.framework.TestSuite.run(TestSuite.java:203)
	at junit.framework.TestSuite.runTest(TestSuite.java:208)
	at junit.framework.TestSuite.run(TestSuite.java:203)
	at org.apache.tools.ant.taskdefs.optional.junit.JUnitTestRunner.run(JUnitTestRunner.java:421)
	at org.apache.tools.ant.taskdefs.optional.junit.JUnitTestRunner.launch(JUnitTestRunner.java:912)
	at org.apache.tools.ant.taskdefs.optional.junit.JUnitTestRunner.main(JUnitTestRunner.java:766)
Caused by: com.topcoder.clients.dao.DAOConfigurationException: Throw for testing
	at com.topcoder.clients.manager.MockCompanyDAO.searchByName(MockCompanyDAO.java:116)
	at com.topcoder.clients.manager.dao.DAOCompanyManager.searchCompaniesByName(DAOCompanyManager.java:490)
	... 20 more
[Entering method <com.topcoder.clients.manager.dao.DAOCompanyManager.searchCompaniesByName(String name)>; Parameters:{ ParamName<name>; ParamValue: <ok>  }  at 2008-08-29 23:59:00.140 ]
[Exiting method <com.topcoder.clients.manager.dao.DAOCompanyManager.searchCompaniesByName(String name)>; Return value:<[]>]  at 2008-08-29 23:59:00.140
[Entering method <com.topcoder.clients.manager.dao.DAOCompanyManager.searchCompanies(Filter filter)>; Parameters:{ ParamName<filter>; ParamValue: <null>  }  at 2008-08-29 23:59:00.140 ]
[Error occurred in method <com.topcoder.clients.manager.dao.DAOCompanyManager.searchCompanies(Filter filter)>, cause by :
java.lang.IllegalArgumentException: The parameter 'filter' should not be null.
	at com.topcoder.clients.manager.dao.Helper.checkNull(Helper.java:69)
	at com.topcoder.clients.manager.dao.DAOCompanyManager.searchCompanies(DAOCompanyManager.java:526)
	at com.topcoder.clients.manager.dao.TestDAOCompanyManager.testSearchCompanies_F_1(TestDAOCompanyManager.java:1023)
	at sun.reflect.NativeMethodAccessorImpl.invoke0(Native Method)
	at sun.reflect.NativeMethodAccessorImpl.invoke(NativeMethodAccessorImpl.java:39)
	at sun.reflect.DelegatingMethodAccessorImpl.invoke(DelegatingMethodAccessorImpl.java:25)
	at java.lang.reflect.Method.invoke(Method.java:585)
	at junit.framework.TestCase.runTest(TestCase.java:154)
	at junit.framework.TestCase.runBare(TestCase.java:127)
	at junit.framework.TestResult$1.protect(TestResult.java:106)
	at junit.framework.TestResult.runProtected(TestResult.java:124)
	at junit.framework.TestResult.run(TestResult.java:109)
	at junit.framework.TestCase.run(TestCase.java:118)
	at junit.framework.TestSuite.runTest(TestSuite.java:208)
	at junit.framework.TestSuite.run(TestSuite.java:203)
	at junit.framework.TestSuite.runTest(TestSuite.java:208)
	at junit.framework.TestSuite.run(TestSuite.java:203)
	at junit.framework.TestSuite.runTest(TestSuite.java:208)
	at junit.framework.TestSuite.run(TestSuite.java:203)
	at org.apache.tools.ant.taskdefs.optional.junit.JUnitTestRunner.run(JUnitTestRunner.java:421)
	at org.apache.tools.ant.taskdefs.optional.junit.JUnitTestRunner.launch(JUnitTestRunner.java:912)
	at org.apache.tools.ant.taskdefs.optional.junit.JUnitTestRunner.main(JUnitTestRunner.java:766)
[Entering method <com.topcoder.clients.manager.dao.DAOCompanyManager.searchCompanies(Filter filter)>; Parameters:{ ParamName<filter>; ParamValue: <com.topcoder.search.builder.filter.EqualToFilter@ff057f>  }  at 2008-08-29 23:59:00.140 ]
[Error occurred in method <com.topcoder.clients.manager.dao.DAOCompanyManager.searchCompanies(Filter filter)>, cause by :
com.topcoder.clients.manager.CompanyManagerException: Fail to search companies by filter, cause by Throw for testing
	at com.topcoder.clients.manager.dao.DAOCompanyManager.wrapInnerException(DAOCompanyManager.java:254)
	at com.topcoder.clients.manager.dao.DAOCompanyManager.searchCompanies(DAOCompanyManager.java:537)
	at com.topcoder.clients.manager.dao.TestDAOCompanyManager.testSearchCompanies_F_2(TestDAOCompanyManager.java:1043)
	at sun.reflect.NativeMethodAccessorImpl.invoke0(Native Method)
	at sun.reflect.NativeMethodAccessorImpl.invoke(NativeMethodAccessorImpl.java:39)
	at sun.reflect.DelegatingMethodAccessorImpl.invoke(DelegatingMethodAccessorImpl.java:25)
	at java.lang.reflect.Method.invoke(Method.java:585)
	at junit.framework.TestCase.runTest(TestCase.java:154)
	at junit.framework.TestCase.runBare(TestCase.java:127)
	at junit.framework.TestResult$1.protect(TestResult.java:106)
	at junit.framework.TestResult.runProtected(TestResult.java:124)
	at junit.framework.TestResult.run(TestResult.java:109)
	at junit.framework.TestCase.run(TestCase.java:118)
	at junit.framework.TestSuite.runTest(TestSuite.java:208)
	at junit.framework.TestSuite.run(TestSuite.java:203)
	at junit.framework.TestSuite.runTest(TestSuite.java:208)
	at junit.framework.TestSuite.run(TestSuite.java:203)
	at junit.framework.TestSuite.runTest(TestSuite.java:208)
	at junit.framework.TestSuite.run(TestSuite.java:203)
	at org.apache.tools.ant.taskdefs.optional.junit.JUnitTestRunner.run(JUnitTestRunner.java:421)
	at org.apache.tools.ant.taskdefs.optional.junit.JUnitTestRunner.launch(JUnitTestRunner.java:912)
	at org.apache.tools.ant.taskdefs.optional.junit.JUnitTestRunner.main(JUnitTestRunner.java:766)
Caused by: com.topcoder.clients.dao.DAOException: Throw for testing
	at com.topcoder.clients.manager.MockCompanyDAO.search(MockCompanyDAO.java:139)
	at com.topcoder.clients.manager.dao.DAOCompanyManager.searchCompanies(DAOCompanyManager.java:528)
	... 20 more
[Entering method <com.topcoder.clients.manager.dao.DAOCompanyManager.searchCompanies(Filter filter)>; Parameters:{ ParamName<filter>; ParamValue: <com.topcoder.search.builder.filter.EqualToFilter@1342ba4>  }  at 2008-08-29 23:59:00.140 ]
[Error occurred in method <com.topcoder.clients.manager.dao.DAOCompanyManager.searchCompanies(Filter filter)>, cause by :
com.topcoder.clients.manager.CompanyManagerException: Fail to search companies by filter, cause by Throw for testing
	at com.topcoder.clients.manager.dao.DAOCompanyManager.wrapInnerException(DAOCompanyManager.java:254)
	at com.topcoder.clients.manager.dao.DAOCompanyManager.searchCompanies(DAOCompanyManager.java:540)
	at com.topcoder.clients.manager.dao.TestDAOCompanyManager.testSearchCompanies_F_3(TestDAOCompanyManager.java:1063)
	at sun.reflect.NativeMethodAccessorImpl.invoke0(Native Method)
	at sun.reflect.NativeMethodAccessorImpl.invoke(NativeMethodAccessorImpl.java:39)
	at sun.reflect.DelegatingMethodAccessorImpl.invoke(DelegatingMethodAccessorImpl.java:25)
	at java.lang.reflect.Method.invoke(Method.java:585)
	at junit.framework.TestCase.runTest(TestCase.java:154)
	at junit.framework.TestCase.runBare(TestCase.java:127)
	at junit.framework.TestResult$1.protect(TestResult.java:106)
	at junit.framework.TestResult.runProtected(TestResult.java:124)
	at junit.framework.TestResult.run(TestResult.java:109)
	at junit.framework.TestCase.run(TestCase.java:118)
	at junit.framework.TestSuite.runTest(TestSuite.java:208)
	at junit.framework.TestSuite.run(TestSuite.java:203)
	at junit.framework.TestSuite.runTest(TestSuite.java:208)
	at junit.framework.TestSuite.run(TestSuite.java:203)
	at junit.framework.TestSuite.runTest(TestSuite.java:208)
	at junit.framework.TestSuite.run(TestSuite.java:203)
	at org.apache.tools.ant.taskdefs.optional.junit.JUnitTestRunner.run(JUnitTestRunner.java:421)
	at org.apache.tools.ant.taskdefs.optional.junit.JUnitTestRunner.launch(JUnitTestRunner.java:912)
	at org.apache.tools.ant.taskdefs.optional.junit.JUnitTestRunner.main(JUnitTestRunner.java:766)
Caused by: com.topcoder.clients.dao.DAOConfigurationException: Throw for testing
	at com.topcoder.clients.manager.MockCompanyDAO.search(MockCompanyDAO.java:143)
	at com.topcoder.clients.manager.dao.DAOCompanyManager.searchCompanies(DAOCompanyManager.java:528)
	... 20 more
[Entering method <com.topcoder.clients.manager.dao.DAOCompanyManager.searchCompanies(Filter filter)>; Parameters:{ ParamName<filter>; ParamValue: <com.topcoder.search.builder.filter.EqualToFilter@ef2c60>  }  at 2008-08-29 23:59:00.156 ]
[Exiting method <com.topcoder.clients.manager.dao.DAOCompanyManager.searchCompanies(Filter filter)>; Return value:<[]>]  at 2008-08-29 23:59:00.156
[Entering method <com.topcoder.clients.manager.dao.DAOCompanyManager.getClientsForCompany(Company company)>; Parameters:{ ParamName<company>; ParamValue: <null>  }  at 2008-08-29 23:59:00.156 ]
[Error occurred in method <com.topcoder.clients.manager.dao.DAOCompanyManager.getClientsForCompany(Company company)>, cause by :
java.lang.IllegalArgumentException: The parameter 'company' should not be null.
	at com.topcoder.clients.manager.dao.Helper.checkNull(Helper.java:69)
	at com.topcoder.clients.manager.dao.DAOCompanyManager.getClientsForCompany(DAOCompanyManager.java:563)
	at com.topcoder.clients.manager.dao.TestDAOCompanyManager.testGetClientsForCompany_F_1(TestDAOCompanyManager.java:1098)
	at sun.reflect.NativeMethodAccessorImpl.invoke0(Native Method)
	at sun.reflect.NativeMethodAccessorImpl.invoke(NativeMethodAccessorImpl.java:39)
	at sun.reflect.DelegatingMethodAccessorImpl.invoke(DelegatingMethodAccessorImpl.java:25)
	at java.lang.reflect.Method.invoke(Method.java:585)
	at junit.framework.TestCase.runTest(TestCase.java:154)
	at junit.framework.TestCase.runBare(TestCase.java:127)
	at junit.framework.TestResult$1.protect(TestResult.java:106)
	at junit.framework.TestResult.runProtected(TestResult.java:124)
	at junit.framework.TestResult.run(TestResult.java:109)
	at junit.framework.TestCase.run(TestCase.java:118)
	at junit.framework.TestSuite.runTest(TestSuite.java:208)
	at junit.framework.TestSuite.run(TestSuite.java:203)
	at junit.framework.TestSuite.runTest(TestSuite.java:208)
	at junit.framework.TestSuite.run(TestSuite.java:203)
	at junit.framework.TestSuite.runTest(TestSuite.java:208)
	at junit.framework.TestSuite.run(TestSuite.java:203)
	at org.apache.tools.ant.taskdefs.optional.junit.JUnitTestRunner.run(JUnitTestRunner.java:421)
	at org.apache.tools.ant.taskdefs.optional.junit.JUnitTestRunner.launch(JUnitTestRunner.java:912)
	at org.apache.tools.ant.taskdefs.optional.junit.JUnitTestRunner.main(JUnitTestRunner.java:766)
[Entering method <com.topcoder.clients.manager.dao.DAOCompanyManager.getClientsForCompany(Company company)>; Parameters:{ ParamName<company>; ParamValue: <[ id=-1 name=null passcode=null isDeleted=false]>  }  at 2008-08-29 23:59:00.156 ]
[Error occurred in method <com.topcoder.clients.manager.dao.DAOCompanyManager.getClientsForCompany(Company company)>, cause by :
java.lang.IllegalArgumentException: The parameter id should not be negative.
	at com.topcoder.clients.manager.dao.Helper.checkId(Helper.java:115)
	at com.topcoder.clients.manager.dao.DAOCompanyManager.getClientsForCompany(DAOCompanyManager.java:564)
	at com.topcoder.clients.manager.dao.TestDAOCompanyManager.testGetClientsForCompany_F_2(TestDAOCompanyManager.java:1118)
	at sun.reflect.NativeMethodAccessorImpl.invoke0(Native Method)
	at sun.reflect.NativeMethodAccessorImpl.invoke(NativeMethodAccessorImpl.java:39)
	at sun.reflect.DelegatingMethodAccessorImpl.invoke(DelegatingMethodAccessorImpl.java:25)
	at java.lang.reflect.Method.invoke(Method.java:585)
	at junit.framework.TestCase.runTest(TestCase.java:154)
	at junit.framework.TestCase.runBare(TestCase.java:127)
	at junit.framework.TestResult$1.protect(TestResult.java:106)
	at junit.framework.TestResult.runProtected(TestResult.java:124)
	at junit.framework.TestResult.run(TestResult.java:109)
	at junit.framework.TestCase.run(TestCase.java:118)
	at junit.framework.TestSuite.runTest(TestSuite.java:208)
	at junit.framework.TestSuite.run(TestSuite.java:203)
	at junit.framework.TestSuite.runTest(TestSuite.java:208)
	at junit.framework.TestSuite.run(TestSuite.java:203)
	at junit.framework.TestSuite.runTest(TestSuite.java:208)
	at junit.framework.TestSuite.run(TestSuite.java:203)
	at org.apache.tools.ant.taskdefs.optional.junit.JUnitTestRunner.run(JUnitTestRunner.java:421)
	at org.apache.tools.ant.taskdefs.optional.junit.JUnitTestRunner.launch(JUnitTestRunner.java:912)
	at org.apache.tools.ant.taskdefs.optional.junit.JUnitTestRunner.main(JUnitTestRunner.java:766)
[Entering method <com.topcoder.clients.manager.dao.DAOCompanyManager.getClientsForCompany(Company company)>; Parameters:{ ParamName<company>; ParamValue: <[ id=1 name=null passcode=null isDeleted=false]>  }  at 2008-08-29 23:59:00.171 ]
[Error occurred in method <com.topcoder.clients.manager.dao.DAOCompanyManager.getClientsForCompany(Company company)>, cause by :
com.topcoder.clients.manager.CompanyManagerException: Fail to get clients for company, cause by For testing
	at com.topcoder.clients.manager.dao.DAOCompanyManager.wrapInnerException(DAOCompanyManager.java:254)
	at com.topcoder.clients.manager.dao.DAOCompanyManager.getClientsForCompany(DAOCompanyManager.java:578)
	at com.topcoder.clients.manager.dao.TestDAOCompanyManager.testGetClientsForCompany_F_3(TestDAOCompanyManager.java:1138)
	at sun.reflect.NativeMethodAccessorImpl.invoke0(Native Method)
	at sun.reflect.NativeMethodAccessorImpl.invoke(NativeMethodAccessorImpl.java:39)
	at sun.reflect.DelegatingMethodAccessorImpl.invoke(DelegatingMethodAccessorImpl.java:25)
	at java.lang.reflect.Method.invoke(Method.java:585)
	at junit.framework.TestCase.runTest(TestCase.java:154)
	at junit.framework.TestCase.runBare(TestCase.java:127)
	at junit.framework.TestResult$1.protect(TestResult.java:106)
	at junit.framework.TestResult.runProtected(TestResult.java:124)
	at junit.framework.TestResult.run(TestResult.java:109)
	at junit.framework.TestCase.run(TestCase.java:118)
	at junit.framework.TestSuite.runTest(TestSuite.java:208)
	at junit.framework.TestSuite.run(TestSuite.java:203)
	at junit.framework.TestSuite.runTest(TestSuite.java:208)
	at junit.framework.TestSuite.run(TestSuite.java:203)
	at junit.framework.TestSuite.runTest(TestSuite.java:208)
	at junit.framework.TestSuite.run(TestSuite.java:203)
	at org.apache.tools.ant.taskdefs.optional.junit.JUnitTestRunner.run(JUnitTestRunner.java:421)
	at org.apache.tools.ant.taskdefs.optional.junit.JUnitTestRunner.launch(JUnitTestRunner.java:912)
	at org.apache.tools.ant.taskdefs.optional.junit.JUnitTestRunner.main(JUnitTestRunner.java:766)
Caused by: com.topcoder.clients.dao.DAOException: For testing
	at com.topcoder.clients.manager.MockCompanyDAO.getClientsForCompany(MockCompanyDAO.java:224)
	at com.topcoder.clients.manager.MockCompanyDAO.getClientsForCompany(MockCompanyDAO.java:28)
	at com.topcoder.clients.manager.dao.DAOCompanyManager.getClientsForCompany(DAOCompanyManager.java:567)
	... 20 more
[Entering method <com.topcoder.clients.manager.dao.DAOCompanyManager.getClientsForCompany(Company company)>; Parameters:{ ParamName<company>; ParamValue: <[ id=2 name=null passcode=null isDeleted=false]>  }  at 2008-08-29 23:59:00.171 ]
[Error occurred in method <com.topcoder.clients.manager.dao.DAOCompanyManager.getClientsForCompany(Company company)>, cause by :
com.topcoder.clients.manager.CompanyManagerException: Fail to get clients for company, cause by for testing
	at com.topcoder.clients.manager.dao.DAOCompanyManager.wrapInnerException(DAOCompanyManager.java:254)
	at com.topcoder.clients.manager.dao.DAOCompanyManager.getClientsForCompany(DAOCompanyManager.java:575)
	at com.topcoder.clients.manager.dao.TestDAOCompanyManager.testGetClientsForCompany_F_4(TestDAOCompanyManager.java:1158)
	at sun.reflect.NativeMethodAccessorImpl.invoke0(Native Method)
	at sun.reflect.NativeMethodAccessorImpl.invoke(NativeMethodAccessorImpl.java:39)
	at sun.reflect.DelegatingMethodAccessorImpl.invoke(DelegatingMethodAccessorImpl.java:25)
	at java.lang.reflect.Method.invoke(Method.java:585)
	at junit.framework.TestCase.runTest(TestCase.java:154)
	at junit.framework.TestCase.runBare(TestCase.java:127)
	at junit.framework.TestResult$1.protect(TestResult.java:106)
	at junit.framework.TestResult.runProtected(TestResult.java:124)
	at junit.framework.TestResult.run(TestResult.java:109)
	at junit.framework.TestCase.run(TestCase.java:118)
	at junit.framework.TestSuite.runTest(TestSuite.java:208)
	at junit.framework.TestSuite.run(TestSuite.java:203)
	at junit.framework.TestSuite.runTest(TestSuite.java:208)
	at junit.framework.TestSuite.run(TestSuite.java:203)
	at junit.framework.TestSuite.runTest(TestSuite.java:208)
	at junit.framework.TestSuite.run(TestSuite.java:203)
	at org.apache.tools.ant.taskdefs.optional.junit.JUnitTestRunner.run(JUnitTestRunner.java:421)
	at org.apache.tools.ant.taskdefs.optional.junit.JUnitTestRunner.launch(JUnitTestRunner.java:912)
	at org.apache.tools.ant.taskdefs.optional.junit.JUnitTestRunner.main(JUnitTestRunner.java:766)
Caused by: com.topcoder.clients.dao.DAOConfigurationException: for testing
	at com.topcoder.clients.manager.MockCompanyDAO.getClientsForCompany(MockCompanyDAO.java:228)
	at com.topcoder.clients.manager.MockCompanyDAO.getClientsForCompany(MockCompanyDAO.java:28)
	at com.topcoder.clients.manager.dao.DAOCompanyManager.getClientsForCompany(DAOCompanyManager.java:567)
	... 20 more
[Entering method <com.topcoder.clients.manager.dao.DAOCompanyManager.getClientsForCompany(Company company)>; Parameters:{ ParamName<company>; ParamValue: <[ id=3 name=null passcode=null isDeleted=false]>  }  at 2008-08-29 23:59:00.171 ]
[Exiting method <com.topcoder.clients.manager.dao.DAOCompanyManager.getClientsForCompany(Company company)>; Return value:<[]>]  at 2008-08-29 23:59:00.171
[Entering method <com.topcoder.clients.manager.dao.DAOCompanyManager.getProjectsForCompany(Company company)>; Parameters:{ ParamName<company>; ParamValue: <null>  }  at 2008-08-29 23:59:00.171 ]
[Error occurred in method <com.topcoder.clients.manager.dao.DAOCompanyManager.getProjectsForCompany(Company company)>, cause by :
java.lang.IllegalArgumentException: The parameter 'company' should not be null.
	at com.topcoder.clients.manager.dao.Helper.checkNull(Helper.java:69)
	at com.topcoder.clients.manager.dao.DAOCompanyManager.getProjectsForCompany(DAOCompanyManager.java:601)
	at com.topcoder.clients.manager.dao.TestDAOCompanyManager.testGetProjectsForCompany_F_1(TestDAOCompanyManager.java:1194)
	at sun.reflect.NativeMethodAccessorImpl.invoke0(Native Method)
	at sun.reflect.NativeMethodAccessorImpl.invoke(NativeMethodAccessorImpl.java:39)
	at sun.reflect.DelegatingMethodAccessorImpl.invoke(DelegatingMethodAccessorImpl.java:25)
	at java.lang.reflect.Method.invoke(Method.java:585)
	at junit.framework.TestCase.runTest(TestCase.java:154)
	at junit.framework.TestCase.runBare(TestCase.java:127)
	at junit.framework.TestResult$1.protect(TestResult.java:106)
	at junit.framework.TestResult.runProtected(TestResult.java:124)
	at junit.framework.TestResult.run(TestResult.java:109)
	at junit.framework.TestCase.run(TestCase.java:118)
	at junit.framework.TestSuite.runTest(TestSuite.java:208)
	at junit.framework.TestSuite.run(TestSuite.java:203)
	at junit.framework.TestSuite.runTest(TestSuite.java:208)
	at junit.framework.TestSuite.run(TestSuite.java:203)
	at junit.framework.TestSuite.runTest(TestSuite.java:208)
	at junit.framework.TestSuite.run(TestSuite.java:203)
	at org.apache.tools.ant.taskdefs.optional.junit.JUnitTestRunner.run(JUnitTestRunner.java:421)
	at org.apache.tools.ant.taskdefs.optional.junit.JUnitTestRunner.launch(JUnitTestRunner.java:912)
	at org.apache.tools.ant.taskdefs.optional.junit.JUnitTestRunner.main(JUnitTestRunner.java:766)
[Entering method <com.topcoder.clients.manager.dao.DAOCompanyManager.getProjectsForCompany(Company company)>; Parameters:{ ParamName<company>; ParamValue: <[ id=-1 name=null passcode=null isDeleted=false]>  }  at 2008-08-29 23:59:00.187 ]
[Error occurred in method <com.topcoder.clients.manager.dao.DAOCompanyManager.getProjectsForCompany(Company company)>, cause by :
java.lang.IllegalArgumentException: The parameter id should not be negative.
	at com.topcoder.clients.manager.dao.Helper.checkId(Helper.java:115)
	at com.topcoder.clients.manager.dao.DAOCompanyManager.getProjectsForCompany(DAOCompanyManager.java:602)
	at com.topcoder.clients.manager.dao.TestDAOCompanyManager.testGetProjectsForCompany_F_2(TestDAOCompanyManager.java:1216)
	at sun.reflect.NativeMethodAccessorImpl.invoke0(Native Method)
	at sun.reflect.NativeMethodAccessorImpl.invoke(NativeMethodAccessorImpl.java:39)
	at sun.reflect.DelegatingMethodAccessorImpl.invoke(DelegatingMethodAccessorImpl.java:25)
	at java.lang.reflect.Method.invoke(Method.java:585)
	at junit.framework.TestCase.runTest(TestCase.java:154)
	at junit.framework.TestCase.runBare(TestCase.java:127)
	at junit.framework.TestResult$1.protect(TestResult.java:106)
	at junit.framework.TestResult.runProtected(TestResult.java:124)
	at junit.framework.TestResult.run(TestResult.java:109)
	at junit.framework.TestCase.run(TestCase.java:118)
	at junit.framework.TestSuite.runTest(TestSuite.java:208)
	at junit.framework.TestSuite.run(TestSuite.java:203)
	at junit.framework.TestSuite.runTest(TestSuite.java:208)
	at junit.framework.TestSuite.run(TestSuite.java:203)
	at junit.framework.TestSuite.runTest(TestSuite.java:208)
	at junit.framework.TestSuite.run(TestSuite.java:203)
	at org.apache.tools.ant.taskdefs.optional.junit.JUnitTestRunner.run(JUnitTestRunner.java:421)
	at org.apache.tools.ant.taskdefs.optional.junit.JUnitTestRunner.launch(JUnitTestRunner.java:912)
	at org.apache.tools.ant.taskdefs.optional.junit.JUnitTestRunner.main(JUnitTestRunner.java:766)
[Entering method <com.topcoder.clients.manager.dao.DAOCompanyManager.getProjectsForCompany(Company company)>; Parameters:{ ParamName<company>; ParamValue: <[ id=1 name=null passcode=null isDeleted=false]>  }  at 2008-08-29 23:59:00.187 ]
[Error occurred in method <com.topcoder.clients.manager.dao.DAOCompanyManager.getProjectsForCompany(Company company)>, cause by :
com.topcoder.clients.manager.CompanyManagerException: Fail to get projects for company , cause by For testing
	at com.topcoder.clients.manager.dao.DAOCompanyManager.wrapInnerException(DAOCompanyManager.java:254)
	at com.topcoder.clients.manager.dao.DAOCompanyManager.getProjectsForCompany(DAOCompanyManager.java:616)
	at com.topcoder.clients.manager.dao.TestDAOCompanyManager.testGetProjectsForCompany_F_3(TestDAOCompanyManager.java:1238)
	at sun.reflect.NativeMethodAccessorImpl.invoke0(Native Method)
	at sun.reflect.NativeMethodAccessorImpl.invoke(NativeMethodAccessorImpl.java:39)
	at sun.reflect.DelegatingMethodAccessorImpl.invoke(DelegatingMethodAccessorImpl.java:25)
	at java.lang.reflect.Method.invoke(Method.java:585)
	at junit.framework.TestCase.runTest(TestCase.java:154)
	at junit.framework.TestCase.runBare(TestCase.java:127)
	at junit.framework.TestResult$1.protect(TestResult.java:106)
	at junit.framework.TestResult.runProtected(TestResult.java:124)
	at junit.framework.TestResult.run(TestResult.java:109)
	at junit.framework.TestCase.run(TestCase.java:118)
	at junit.framework.TestSuite.runTest(TestSuite.java:208)
	at junit.framework.TestSuite.run(TestSuite.java:203)
	at junit.framework.TestSuite.runTest(TestSuite.java:208)
	at junit.framework.TestSuite.run(TestSuite.java:203)
	at junit.framework.TestSuite.runTest(TestSuite.java:208)
	at junit.framework.TestSuite.run(TestSuite.java:203)
	at org.apache.tools.ant.taskdefs.optional.junit.JUnitTestRunner.run(JUnitTestRunner.java:421)
	at org.apache.tools.ant.taskdefs.optional.junit.JUnitTestRunner.launch(JUnitTestRunner.java:912)
	at org.apache.tools.ant.taskdefs.optional.junit.JUnitTestRunner.main(JUnitTestRunner.java:766)
Caused by: com.topcoder.clients.dao.DAOException: For testing
	at com.topcoder.clients.manager.MockCompanyDAO.getProjectsForCompany(MockCompanyDAO.java:246)
	at com.topcoder.clients.manager.MockCompanyDAO.getProjectsForCompany(MockCompanyDAO.java:28)
	at com.topcoder.clients.manager.dao.DAOCompanyManager.getProjectsForCompany(DAOCompanyManager.java:605)
	... 20 more
[Entering method <com.topcoder.clients.manager.dao.DAOCompanyManager.getProjectsForCompany(Company company)>; Parameters:{ ParamName<company>; ParamValue: <[ id=2 name=null passcode=null isDeleted=false]>  }  at 2008-08-29 23:59:00.187 ]
[Error occurred in method <com.topcoder.clients.manager.dao.DAOCompanyManager.getProjectsForCompany(Company company)>, cause by :
com.topcoder.clients.manager.CompanyManagerException: Fail to get projects for company , cause by for testing
	at com.topcoder.clients.manager.dao.DAOCompanyManager.wrapInnerException(DAOCompanyManager.java:254)
	at com.topcoder.clients.manager.dao.DAOCompanyManager.getProjectsForCompany(DAOCompanyManager.java:613)
	at com.topcoder.clients.manager.dao.TestDAOCompanyManager.testGetProjectsForCompany_F_4(TestDAOCompanyManager.java:1260)
	at sun.reflect.NativeMethodAccessorImpl.invoke0(Native Method)
	at sun.reflect.NativeMethodAccessorImpl.invoke(NativeMethodAccessorImpl.java:39)
	at sun.reflect.DelegatingMethodAccessorImpl.invoke(DelegatingMethodAccessorImpl.java:25)
	at java.lang.reflect.Method.invoke(Method.java:585)
	at junit.framework.TestCase.runTest(TestCase.java:154)
	at junit.framework.TestCase.runBare(TestCase.java:127)
	at junit.framework.TestResult$1.protect(TestResult.java:106)
	at junit.framework.TestResult.runProtected(TestResult.java:124)
	at junit.framework.TestResult.run(TestResult.java:109)
	at junit.framework.TestCase.run(TestCase.java:118)
	at junit.framework.TestSuite.runTest(TestSuite.java:208)
	at junit.framework.TestSuite.run(TestSuite.java:203)
	at junit.framework.TestSuite.runTest(TestSuite.java:208)
	at junit.framework.TestSuite.run(TestSuite.java:203)
	at junit.framework.TestSuite.runTest(TestSuite.java:208)
	at junit.framework.TestSuite.run(TestSuite.java:203)
	at org.apache.tools.ant.taskdefs.optional.junit.JUnitTestRunner.run(JUnitTestRunner.java:421)
	at org.apache.tools.ant.taskdefs.optional.junit.JUnitTestRunner.launch(JUnitTestRunner.java:912)
	at org.apache.tools.ant.taskdefs.optional.junit.JUnitTestRunner.main(JUnitTestRunner.java:766)
Caused by: com.topcoder.clients.dao.DAOConfigurationException: for testing
	at com.topcoder.clients.manager.MockCompanyDAO.getProjectsForCompany(MockCompanyDAO.java:250)
	at com.topcoder.clients.manager.MockCompanyDAO.getProjectsForCompany(MockCompanyDAO.java:28)
	at com.topcoder.clients.manager.dao.DAOCompanyManager.getProjectsForCompany(DAOCompanyManager.java:605)
	... 20 more
[Entering method <com.topcoder.clients.manager.dao.DAOCompanyManager.getProjectsForCompany(Company company)>; Parameters:{ ParamName<company>; ParamValue: <[ id=3 name=null passcode=null isDeleted=false]>  }  at 2008-08-29 23:59:00.203 ]
[Exiting method <com.topcoder.clients.manager.dao.DAOCompanyManager.getProjectsForCompany(Company company)>; Return value:<[]>]  at 2008-08-29 23:59:00.203
0
[Entering method <com.topcoder.clients.manager.dao.DAOProjectManager.createProject(Project project, Client client)>; Parameters:{ ParamName<project>; ParamValue: <[ id=0 name=name description=description parentProjectId=0 salesTax=10.0 client=null company=null childProjects=null]> , ParamName<client>; ParamValue: <[ id=0 name=client codeName=null salesTax=0.0 isDeleted=false company=null clientStatus=null]>  }  at 2008-08-29 23:59:00.515 ]
[Exiting method <com.topcoder.clients.manager.dao.DAOProjectManager.createProject(Project project, Client client)>; Return value:<[ id=125 name=name description=description parentProjectId=0 salesTax=10.0 client=[ id=0 name=client codeName=null salesTax=0.0 isDeleted=false company=null clientStatus=null] company=null childProjects=null]>]  at 2008-08-29 23:59:00.515
[Entering method <com.topcoder.clients.manager.dao.DAOProjectManager.updateProject(Project project)>; Parameters:{ ParamName<project>; ParamValue: <[ id=10 name=name description=description parentProjectId=0 salesTax=10.0 client=null company=null childProjects=null]>  }  at 2008-08-29 23:59:00.531 ]
[Exiting method <com.topcoder.clients.manager.dao.DAOProjectManager.updateProject(Project project)>; Return value:<[ id=10 name=name description=description parentProjectId=0 salesTax=10.0 client=null company=null childProjects=null]>]  at 2008-08-29 23:59:00.531
[Entering method <com.topcoder.clients.manager.dao.DAOProjectManager.deleteProject(Project project) >; Parameters:{ ParamName<project>; ParamValue: <[ id=10 name=name description=description parentProjectId=0 salesTax=10.0 client=null company=null childProjects=null]>  }  at 2008-08-29 23:59:00.531 ]
[Exiting method <com.topcoder.clients.manager.dao.DAOProjectManager.deleteProject(Project project) >; Return value:<[ id=10 name=name description=description parentProjectId=0 salesTax=10.0 client=null company=null childProjects=null]>]  at 2008-08-29 23:59:00.531
[Entering method <com.topcoder.clients.manager.dao.DAOProjectManager.retrieveProject(long id)>; Parameters:{ ParamName<id>; ParamValue: <1>  }  at 2008-08-29 23:59:00.562 ]
[Entering method <com.topcoder.clients.manager.dao.DAOProjectManager.retrieveProject(long id, boolean includeChildren)>; Parameters:{ ParamName<id>; ParamValue: <1> , ParamName<includeChildren>; ParamValue: <true>  }  at 2008-08-29 23:59:00.562 ]
[Exiting method <com.topcoder.clients.manager.dao.DAOProjectManager.retrieveProject(long id, boolean includeChildren)>; Return value:<null>]  at 2008-08-29 23:59:00.562
[Exiting method <com.topcoder.clients.manager.dao.DAOProjectManager.retrieveProject(long id)>; Return value:<null>]  at 2008-08-29 23:59:00.562
[Entering method <com.topcoder.clients.manager.dao.DAOProjectManager.retrieveProject(long id)>; Parameters:{ ParamName<id>; ParamValue: <10>  }  at 2008-08-29 23:59:00.562 ]
[Entering method <com.topcoder.clients.manager.dao.DAOProjectManager.retrieveProject(long id, boolean includeChildren)>; Parameters:{ ParamName<id>; ParamValue: <10> , ParamName<includeChildren>; ParamValue: <true>  }  at 2008-08-29 23:59:00.562 ]
[Exiting method <com.topcoder.clients.manager.dao.DAOProjectManager.retrieveProject(long id, boolean includeChildren)>; Return value:<[ id=10 name=name description=description parentProjectId=0 salesTax=10.0 client=null company=null childProjects=null]>]  at 2008-08-29 23:59:00.562
[Exiting method <com.topcoder.clients.manager.dao.DAOProjectManager.retrieveProject(long id)>; Return value:<[ id=10 name=name description=description parentProjectId=0 salesTax=10.0 client=null company=null childProjects=null]>]  at 2008-08-29 23:59:00.562
[Entering method <com.topcoder.clients.manager.dao.DAOProjectManager.retrieveProject(long id, boolean includeChildren)>; Parameters:{ ParamName<id>; ParamValue: <1> , ParamName<includeChildren>; ParamValue: <false>  }  at 2008-08-29 23:59:00.578 ]
[Exiting method <com.topcoder.clients.manager.dao.DAOProjectManager.retrieveProject(long id, boolean includeChildren)>; Return value:<null>]  at 2008-08-29 23:59:00.578
[Entering method <com.topcoder.clients.manager.dao.DAOProjectManager.retrieveProject(long id, boolean includeChildren)>; Parameters:{ ParamName<id>; ParamValue: <10> , ParamName<includeChildren>; ParamValue: <false>  }  at 2008-08-29 23:59:00.578 ]
[Exiting method <com.topcoder.clients.manager.dao.DAOProjectManager.retrieveProject(long id, boolean includeChildren)>; Return value:<[ id=10 name=name description=description parentProjectId=0 salesTax=10.0 client=null company=null childProjects=null]>]  at 2008-08-29 23:59:00.578
[Entering method <com.topcoder.clients.manager.dao.DAOProjectManager.retrieveProjectsForClient(Client client)>; Parameters:{ ParamName<client>; ParamValue: <[ id=1 name=null codeName=null salesTax=0.0 isDeleted=false company=null clientStatus=null]>  }  at 2008-08-29 23:59:00.578 ]
[Entering method <com.topcoder.clients.manager.dao.DAOProjectManager.retrieveProjectsForClient(Client client, boolean includeChildren)>; Parameters:{ ParamName<client>; ParamValue: <[ id=1 name=null codeName=null salesTax=0.0 isDeleted=false company=null clientStatus=null]> , ParamName<includeChildren>; ParamValue: <true>  }  at 2008-08-29 23:59:00.593 ]
[Exiting method <com.topcoder.clients.manager.dao.DAOProjectManager.retrieveProjectsForClient(Client client, boolean includeChildren)>; Return value:<[]>]  at 2008-08-29 23:59:00.593
[Exiting method <com.topcoder.clients.manager.dao.DAOProjectManager.retrieveProjectsForClient(Client client)>; Return value:<[]>]  at 2008-08-29 23:59:00.593
[Entering method <com.topcoder.clients.manager.dao.DAOProjectManager.retrieveProjectsForClient(Client client)>; Parameters:{ ParamName<client>; ParamValue: <[ id=2 name=null codeName=null salesTax=0.0 isDeleted=false company=null clientStatus=null]>  }  at 2008-08-29 23:59:00.593 ]
[Entering method <com.topcoder.clients.manager.dao.DAOProjectManager.retrieveProjectsForClient(Client client, boolean includeChildren)>; Parameters:{ ParamName<client>; ParamValue: <[ id=2 name=null codeName=null salesTax=0.0 isDeleted=false company=null clientStatus=null]> , ParamName<includeChildren>; ParamValue: <true>  }  at 2008-08-29 23:59:00.593 ]
[Entering method <com.topcoder.clients.manager.dao.DAOProjectManager.retrieveProject(long id)>; Parameters:{ ParamName<id>; ParamValue: <10>  }  at 2008-08-29 23:59:00.593 ]
[Entering method <com.topcoder.clients.manager.dao.DAOProjectManager.retrieveProject(long id, boolean includeChildren)>; Parameters:{ ParamName<id>; ParamValue: <10> , ParamName<includeChildren>; ParamValue: <true>  }  at 2008-08-29 23:59:00.593 ]
[Exiting method <com.topcoder.clients.manager.dao.DAOProjectManager.retrieveProject(long id, boolean includeChildren)>; Return value:<[ id=10 name=name description=description parentProjectId=0 salesTax=10.0 client=null company=null childProjects=null]>]  at 2008-08-29 23:59:00.593
[Exiting method <com.topcoder.clients.manager.dao.DAOProjectManager.retrieveProject(long id)>; Return value:<[ id=10 name=name description=description parentProjectId=0 salesTax=10.0 client=null company=null childProjects=null]>]  at 2008-08-29 23:59:00.593
[Entering method <com.topcoder.clients.manager.dao.DAOProjectManager.retrieveProject(long id)>; Parameters:{ ParamName<id>; ParamValue: <20>  }  at 2008-08-29 23:59:00.593 ]
[Entering method <com.topcoder.clients.manager.dao.DAOProjectManager.retrieveProject(long id, boolean includeChildren)>; Parameters:{ ParamName<id>; ParamValue: <20> , ParamName<includeChildren>; ParamValue: <true>  }  at 2008-08-29 23:59:00.593 ]
[Exiting method <com.topcoder.clients.manager.dao.DAOProjectManager.retrieveProject(long id, boolean includeChildren)>; Return value:<[ id=20 name=name2 description=description2 parentProjectId=0 salesTax=10.0 client=null company=null childProjects=null]>]  at 2008-08-29 23:59:00.593
[Exiting method <com.topcoder.clients.manager.dao.DAOProjectManager.retrieveProject(long id)>; Return value:<[ id=20 name=name2 description=description2 parentProjectId=0 salesTax=10.0 client=null company=null childProjects=null]>]  at 2008-08-29 23:59:00.593
[Exiting method <com.topcoder.clients.manager.dao.DAOProjectManager.retrieveProjectsForClient(Client client, boolean includeChildren)>; Return value:<[[ id=10 name=name description=description parentProjectId=0 salesTax=10.0 client=null company=null childProjects=null] [ id=20 name=name2 description=description2 parentProjectId=0 salesTax=10.0 client=null company=null childProjects=null] ]>]  at 2008-08-29 23:59:00.593
[Exiting method <com.topcoder.clients.manager.dao.DAOProjectManager.retrieveProjectsForClient(Client client)>; Return value:<[[ id=10 name=name description=description parentProjectId=0 salesTax=10.0 client=null company=null childProjects=null] [ id=20 name=name2 description=description2 parentProjectId=0 salesTax=10.0 client=null company=null childProjects=null] ]>]  at 2008-08-29 23:59:00.593
[Entering method <com.topcoder.clients.manager.dao.DAOProjectManager.retrieveProjectsForClient(Client client, boolean includeChildren)>; Parameters:{ ParamName<client>; ParamValue: <[ id=2 name=null codeName=null salesTax=0.0 isDeleted=false company=null clientStatus=null]> , ParamName<includeChildren>; ParamValue: <false>  }  at 2008-08-29 23:59:00.593 ]
[Exiting method <com.topcoder.clients.manager.dao.DAOProjectManager.retrieveProjectsForClient(Client client, boolean includeChildren)>; Return value:<[[ id=10 name=name1 description=null parentProjectId=0 salesTax=0.0 client=null company=null childProjects=[]] [ id=20 name=name2 description=null parentProjectId=0 salesTax=0.0 client=null company=null childProjects=null] ]>]  at 2008-08-29 23:59:00.593
[Entering method <com.topcoder.clients.manager.dao.DAOProjectManager. retrieveAllProjects>; Parameters:{ }  at 2008-08-29 23:59:00.593 ]
[Entering method <com.topcoder.clients.manager.dao.DAOProjectManager.retrieveAllProjects(boolean includeChildren)>; Parameters:{ ParamName<includeChildren>; ParamValue: <true>  }  at 2008-08-29 23:59:00.593 ]
[Exiting method <com.topcoder.clients.manager.dao.DAOProjectManager.retrieveAllProjects(boolean includeChildren)>; Return value:<[[ id=10 name=name1 description=null parentProjectId=0 salesTax=0.0 client=null company=null childProjects=[]] [ id=20 name=name2 description=null parentProjectId=0 salesTax=0.0 client=null company=null childProjects=null] ]>]  at 2008-08-29 23:59:00.593
[Exiting method <com.topcoder.clients.manager.dao.DAOProjectManager. retrieveAllProjects>; Return value:<[[ id=10 name=name1 description=null parentProjectId=0 salesTax=0.0 client=null company=null childProjects=[]] [ id=20 name=name2 description=null parentProjectId=0 salesTax=0.0 client=null company=null childProjects=null] ]>]  at 2008-08-29 23:59:00.593
[Entering method <com.topcoder.clients.manager.dao.DAOProjectManager.retrieveAllProjects(boolean includeChildren)>; Parameters:{ ParamName<includeChildren>; ParamValue: <false>  }  at 2008-08-29 23:59:00.609 ]
[Exiting method <com.topcoder.clients.manager.dao.DAOProjectManager.retrieveAllProjects(boolean includeChildren)>; Return value:<[]>]  at 2008-08-29 23:59:00.609
[Entering method <com.topcoder.clients.manager.dao.DAOProjectManager.retrieveAllProjects(boolean includeChildren)>; Parameters:{ ParamName<includeChildren>; ParamValue: <true>  }  at 2008-08-29 23:59:00.609 ]
[Exiting method <com.topcoder.clients.manager.dao.DAOProjectManager.retrieveAllProjects(boolean includeChildren)>; Return value:<[[ id=10 name=name1 description=null parentProjectId=0 salesTax=0.0 client=null company=null childProjects=[]] [ id=20 name=name2 description=null parentProjectId=0 salesTax=0.0 client=null company=null childProjects=null] ]>]  at 2008-08-29 23:59:00.609
[Entering method <com.topcoder.clients.manager.dao.DAOProjectManager.setProjectStatus(Project project, ProjectStatus status)>; Parameters:{ ParamName<project>; ParamValue: <[ id=10 name=name description=description parentProjectId=0 salesTax=10.0 client=null company=null childProjects=null]> , ParamName<status>; ParamValue: <[ id=0 name=status description=des isDeleted=false]>  }  at 2008-08-29 23:59:00.609 ]
[Entering method <com.topcoder.clients.manager.dao.DAOProjectManager.updateProject(Project project)>; Parameters:{ ParamName<project>; ParamValue: <[ id=10 name=name description=description parentProjectId=0 salesTax=10.0 client=null company=null childProjects=null]>  }  at 2008-08-29 23:59:00.609 ]
[Exiting method <com.topcoder.clients.manager.dao.DAOProjectManager.updateProject(Project project)>; Return value:<[ id=10 name=name description=description parentProjectId=0 salesTax=10.0 client=null company=null childProjects=null]>]  at 2008-08-29 23:59:00.609
[Exiting method <com.topcoder.clients.manager.dao.DAOProjectManager.setProjectStatus(Project project, ProjectStatus status)>; Return value:<[ id=10 name=name description=description parentProjectId=0 salesTax=10.0 client=null company=null childProjects=null]>]  at 2008-08-29 23:59:00.625
[Entering method <com.topcoder.clients.manager.dao.DAOProjectManager.searchProjectsByName(String name)>; Parameters:{ ParamName<name>; ParamValue: <empty>  }  at 2008-08-29 23:59:00.625 ]
[Exiting method <com.topcoder.clients.manager.dao.DAOProjectManager.searchProjectsByName(String name)>; Return value:<[]>]  at 2008-08-29 23:59:00.625
[Entering method <com.topcoder.clients.manager.dao.DAOProjectManager.searchProjectsByName(String name)>; Parameters:{ ParamName<name>; ParamValue: <2>  }  at 2008-08-29 23:59:00.625 ]
[Exiting method <com.topcoder.clients.manager.dao.DAOProjectManager.searchProjectsByName(String name)>; Return value:<[[ id=10 name=name description=description parentProjectId=0 salesTax=10.0 client=null company=null childProjects=null] ]>]  at 2008-08-29 23:59:00.625
[Entering method <com.topcoder.clients.manager.dao.DAOProjectManager.searchProjects(Filter filter)>; Parameters:{ ParamName<filter>; ParamValue: <com.topcoder.search.builder.filter.EqualToFilter@cdb06e>  }  at 2008-08-29 23:59:00.625 ]
[Exiting method <com.topcoder.clients.manager.dao.DAOProjectManager.searchProjects(Filter filter)>; Return value:<[[ id=10 name=name description=description parentProjectId=0 salesTax=10.0 client=null company=null childProjects=null] ]>]  at 2008-08-29 23:59:00.625
[Entering method <com.topcoder.clients.manager.dao.DAOProjectManager.getProjectStatus(long id)>; Parameters:{ ParamName<id>; ParamValue: <1>  }  at 2008-08-29 23:59:00.640 ]
[Exiting method <com.topcoder.clients.manager.dao.DAOProjectManager.getProjectStatus(long id)>; Return value:<null>]  at 2008-08-29 23:59:00.640
[Entering method <com.topcoder.clients.manager.dao.DAOProjectManager.getProjectStatus(long id)>; Parameters:{ ParamName<id>; ParamValue: <2>  }  at 2008-08-29 23:59:00.640 ]
[Exiting method <com.topcoder.clients.manager.dao.DAOProjectManager.getProjectStatus(long id)>; Return value:<[ id=10 name=retrieve description=des isDeleted=false]>]  at 2008-08-29 23:59:00.640
[Entering method <com.topcoder.clients.manager.dao.DAOProjectManager.getAllProjectStatuses()>; Parameters:{ }  at 2008-08-29 23:59:00.640 ]
[Exiting method <com.topcoder.clients.manager.dao.DAOProjectManager.getAllProjectStatuses()>; Return value:<[]>]  at 2008-08-29 23:59:00.640
[Entering method <com.topcoder.clients.manager.dao.DAOProjectManager.getProjectsForStatus(ProjectStatus status)>; Parameters:{ ParamName<status>; ParamValue: <[ id=0 name=status description=des isDeleted=false]>  }  at 2008-08-29 23:59:00.640 ]
[Exiting method <com.topcoder.clients.manager.dao.DAOProjectManager.getProjectsForStatus(ProjectStatus status)>; Return value:<[]>]  at 2008-08-29 23:59:00.656
[Entering method <com.topcoder.clients.manager.dao.DAOProjectManager.createProjectStatus(ProjectStatus status)>; Parameters:{ ParamName<status>; ParamValue: <[ id=0 name=status description=des isDeleted=false]>  }  at 2008-08-29 23:59:00.656 ]
[Exiting method <com.topcoder.clients.manager.dao.DAOProjectManager.createProjectStatus(ProjectStatus status)>; Return value:<[ id=126 name=status description=des isDeleted=false]>]  at 2008-08-29 23:59:00.656
[Entering method <com.topcoder.clients.manager.dao.DAOProjectManager.updateProjectStatus(ProjectStatus status)>; Parameters:{ ParamName<status>; ParamValue: <[ id=10 name=status description=des isDeleted=false]>  }  at 2008-08-29 23:59:00.656 ]
[Exiting method <com.topcoder.clients.manager.dao.DAOProjectManager.updateProjectStatus(ProjectStatus status)>; Return value:<[ id=10 name=status description=des isDeleted=false]>]  at 2008-08-29 23:59:00.656
[Entering method <com.topcoder.clients.manager.dao.DAOProjectManager.deleteProjectStatus(ProjectStatus status)>; Parameters:{ ParamName<status>; ParamValue: <[ id=10 name=status description=des isDeleted=false]>  }  at 2008-08-29 23:59:00.656 ]
[Exiting method <com.topcoder.clients.manager.dao.DAOProjectManager.deleteProjectStatus(ProjectStatus status)>; Return value:<[ id=10 name=status description=des isDeleted=true]>]  at 2008-08-29 23:59:00.656
[Entering method <com.topcoder.clients.manager.dao.DAOProjectManager.retrieveProject(long id)>; Parameters:{ ParamName<id>; ParamValue: <-1>  }  at 2008-08-29 23:59:00.671 ]
[Entering method <com.topcoder.clients.manager.dao.DAOProjectManager.retrieveProject(long id, boolean includeChildren)>; Parameters:{ ParamName<id>; ParamValue: <-1> , ParamName<includeChildren>; ParamValue: <true>  }  at 2008-08-29 23:59:00.671 ]
[Error occurred in method <com.topcoder.clients.manager.dao.DAOProjectManager.retrieveProject(long id, boolean includeChildren)>, cause by :
java.lang.IllegalArgumentException: The parameter id should not be negative.
	at com.topcoder.clients.manager.dao.Helper.checkId(Helper.java:115)
	at com.topcoder.clients.manager.dao.DAOProjectManager.retrieveProject(DAOProjectManager.java:555)
	at com.topcoder.clients.manager.dao.DAOProjectManager.retrieveProject(DAOProjectManager.java:528)
	at com.topcoder.clients.manager.dao.TestDAOProjectManagerFailure.testRetrieveProjectLong_1(TestDAOProjectManagerFailure.java:934)
	at sun.reflect.NativeMethodAccessorImpl.invoke0(Native Method)
	at sun.reflect.NativeMethodAccessorImpl.invoke(NativeMethodAccessorImpl.java:39)
	at sun.reflect.DelegatingMethodAccessorImpl.invoke(DelegatingMethodAccessorImpl.java:25)
	at java.lang.reflect.Method.invoke(Method.java:585)
	at junit.framework.TestCase.runTest(TestCase.java:154)
	at junit.framework.TestCase.runBare(TestCase.java:127)
	at junit.framework.TestResult$1.protect(TestResult.java:106)
	at junit.framework.TestResult.runProtected(TestResult.java:124)
	at junit.framework.TestResult.run(TestResult.java:109)
	at junit.framework.TestCase.run(TestCase.java:118)
	at junit.framework.TestSuite.runTest(TestSuite.java:208)
	at junit.framework.TestSuite.run(TestSuite.java:203)
	at junit.framework.TestSuite.runTest(TestSuite.java:208)
	at junit.framework.TestSuite.run(TestSuite.java:203)
	at junit.framework.TestSuite.runTest(TestSuite.java:208)
	at junit.framework.TestSuite.run(TestSuite.java:203)
	at org.apache.tools.ant.taskdefs.optional.junit.JUnitTestRunner.run(JUnitTestRunner.java:421)
	at org.apache.tools.ant.taskdefs.optional.junit.JUnitTestRunner.launch(JUnitTestRunner.java:912)
	at org.apache.tools.ant.taskdefs.optional.junit.JUnitTestRunner.main(JUnitTestRunner.java:766)
[Entering method <com.topcoder.clients.manager.dao.DAOProjectManager.retrieveProject(long id)>; Parameters:{ ParamName<id>; ParamValue: <101>  }  at 2008-08-29 23:59:00.671 ]
[Entering method <com.topcoder.clients.manager.dao.DAOProjectManager.retrieveProject(long id, boolean includeChildren)>; Parameters:{ ParamName<id>; ParamValue: <101> , ParamName<includeChildren>; ParamValue: <true>  }  at 2008-08-29 23:59:00.671 ]
[Error occurred in method <com.topcoder.clients.manager.dao.DAOProjectManager.retrieveProject(long id, boolean includeChildren)>, cause by :
com.topcoder.clients.manager.ProjectManagerException: Fail to retrieve project with id=101 cause by Throw for testing
	at com.topcoder.clients.manager.dao.DAOProjectManager.wrapInnerException(DAOProjectManager.java:351)
	at com.topcoder.clients.manager.dao.DAOProjectManager.retrieveProject(DAOProjectManager.java:570)
	at com.topcoder.clients.manager.dao.DAOProjectManager.retrieveProject(DAOProjectManager.java:528)
	at com.topcoder.clients.manager.dao.TestDAOProjectManagerFailure.testRetrieveProjectLong_2(TestDAOProjectManagerFailure.java:953)
	at sun.reflect.NativeMethodAccessorImpl.invoke0(Native Method)
	at sun.reflect.NativeMethodAccessorImpl.invoke(NativeMethodAccessorImpl.java:39)
	at sun.reflect.DelegatingMethodAccessorImpl.invoke(DelegatingMethodAccessorImpl.java:25)
	at java.lang.reflect.Method.invoke(Method.java:585)
	at junit.framework.TestCase.runTest(TestCase.java:154)
	at junit.framework.TestCase.runBare(TestCase.java:127)
	at junit.framework.TestResult$1.protect(TestResult.java:106)
	at junit.framework.TestResult.runProtected(TestResult.java:124)
	at junit.framework.TestResult.run(TestResult.java:109)
	at junit.framework.TestCase.run(TestCase.java:118)
	at junit.framework.TestSuite.runTest(TestSuite.java:208)
	at junit.framework.TestSuite.run(TestSuite.java:203)
	at junit.framework.TestSuite.runTest(TestSuite.java:208)
	at junit.framework.TestSuite.run(TestSuite.java:203)
	at junit.framework.TestSuite.runTest(TestSuite.java:208)
	at junit.framework.TestSuite.run(TestSuite.java:203)
	at org.apache.tools.ant.taskdefs.optional.junit.JUnitTestRunner.run(JUnitTestRunner.java:421)
	at org.apache.tools.ant.taskdefs.optional.junit.JUnitTestRunner.launch(JUnitTestRunner.java:912)
	at org.apache.tools.ant.taskdefs.optional.junit.JUnitTestRunner.main(JUnitTestRunner.java:766)
Caused by: com.topcoder.clients.dao.DAOException: Throw for testing
	at com.topcoder.clients.manager.MockProjectDAO.retrieveById(MockProjectDAO.java:219)
	at com.topcoder.clients.manager.MockProjectDAO.retrieveById(MockProjectDAO.java:27)
	at com.topcoder.clients.manager.dao.DAOProjectManager.retrieveProject(DAOProjectManager.java:558)
	... 21 more
[Entering method <com.topcoder.clients.manager.dao.DAOProjectManager.retrieveProject(long id, boolean includeChildren)>; Parameters:{ ParamName<id>; ParamValue: <101> , ParamName<includeChildren>; ParamValue: <false>  }  at 2008-08-29 23:59:00.671 ]
[Error occurred in method <com.topcoder.clients.manager.dao.DAOProjectManager.retrieveProject(long id, boolean includeChildren)>, cause by :
com.topcoder.clients.manager.ProjectManagerException: Fail to retrieve project with id=101 cause by Throw for testing
	at com.topcoder.clients.manager.dao.DAOProjectManager.wrapInnerException(DAOProjectManager.java:351)
	at com.topcoder.clients.manager.dao.DAOProjectManager.retrieveProject(DAOProjectManager.java:570)
	at com.topcoder.clients.manager.dao.TestDAOProjectManagerFailure.testRetrieveProjectLongBoolean_2(TestDAOProjectManagerFailure.java:1008)
	at sun.reflect.NativeMethodAccessorImpl.invoke0(Native Method)
	at sun.reflect.NativeMethodAccessorImpl.invoke(NativeMethodAccessorImpl.java:39)
	at sun.reflect.DelegatingMethodAccessorImpl.invoke(DelegatingMethodAccessorImpl.java:25)
	at java.lang.reflect.Method.invoke(Method.java:585)
	at junit.framework.TestCase.runTest(TestCase.java:154)
	at junit.framework.TestCase.runBare(TestCase.java:127)
	at junit.framework.TestResult$1.protect(TestResult.java:106)
	at junit.framework.TestResult.runProtected(TestResult.java:124)
	at junit.framework.TestResult.run(TestResult.java:109)
	at junit.framework.TestCase.run(TestCase.java:118)
	at junit.framework.TestSuite.runTest(TestSuite.java:208)
	at junit.framework.TestSuite.run(TestSuite.java:203)
	at junit.framework.TestSuite.runTest(TestSuite.java:208)
	at junit.framework.TestSuite.run(TestSuite.java:203)
	at junit.framework.TestSuite.runTest(TestSuite.java:208)
	at junit.framework.TestSuite.run(TestSuite.java:203)
	at org.apache.tools.ant.taskdefs.optional.junit.JUnitTestRunner.run(JUnitTestRunner.java:421)
	at org.apache.tools.ant.taskdefs.optional.junit.JUnitTestRunner.launch(JUnitTestRunner.java:912)
	at org.apache.tools.ant.taskdefs.optional.junit.JUnitTestRunner.main(JUnitTestRunner.java:766)
Caused by: com.topcoder.clients.dao.DAOException: Throw for testing
	at com.topcoder.clients.manager.MockProjectDAO.retrieveById(MockProjectDAO.java:219)
	at com.topcoder.clients.manager.MockProjectDAO.retrieveById(MockProjectDAO.java:27)
	at com.topcoder.clients.manager.dao.DAOProjectManager.retrieveProject(DAOProjectManager.java:558)
	... 20 more
[Entering method <com.topcoder.clients.manager.dao.DAOProjectManager.retrieveProjectsForClient(Client client)>; Parameters:{ ParamName<client>; ParamValue: <null>  }  at 2008-08-29 23:59:00.687 ]
[Entering method <com.topcoder.clients.manager.dao.DAOProjectManager.retrieveProjectsForClient(Client client, boolean includeChildren)>; Parameters:{ ParamName<client>; ParamValue: <null> , ParamName<includeChildren>; ParamValue: <true>  }  at 2008-08-29 23:59:00.687 ]
[Error occurred in method <com.topcoder.clients.manager.dao.DAOProjectManager.retrieveProjectsForClient(Client client, boolean includeChildren)>, cause by :
java.lang.IllegalArgumentException: The parameter 'client' should not be null.
	at com.topcoder.clients.manager.dao.Helper.checkNull(Helper.java:69)
	at com.topcoder.clients.manager.dao.DAOProjectManager.retrieveProjectsForClient(DAOProjectManager.java:625)
	at com.topcoder.clients.manager.dao.DAOProjectManager.retrieveProjectsForClient(DAOProjectManager.java:594)
	at com.topcoder.clients.manager.dao.TestDAOProjectManagerFailure.testRetrieveProjectsForClientClient_1(TestDAOProjectManagerFailure.java:1044)
	at sun.reflect.NativeMethodAccessorImpl.invoke0(Native Method)
	at sun.reflect.NativeMethodAccessorImpl.invoke(NativeMethodAccessorImpl.java:39)
	at sun.reflect.DelegatingMethodAccessorImpl.invoke(DelegatingMethodAccessorImpl.java:25)
	at java.lang.reflect.Method.invoke(Method.java:585)
	at junit.framework.TestCase.runTest(TestCase.java:154)
	at junit.framework.TestCase.runBare(TestCase.java:127)
	at junit.framework.TestResult$1.protect(TestResult.java:106)
	at junit.framework.TestResult.runProtected(TestResult.java:124)
	at junit.framework.TestResult.run(TestResult.java:109)
	at junit.framework.TestCase.run(TestCase.java:118)
	at junit.framework.TestSuite.runTest(TestSuite.java:208)
	at junit.framework.TestSuite.run(TestSuite.java:203)
	at junit.framework.TestSuite.runTest(TestSuite.java:208)
	at junit.framework.TestSuite.run(TestSuite.java:203)
	at junit.framework.TestSuite.runTest(TestSuite.java:208)
	at junit.framework.TestSuite.run(TestSuite.java:203)
	at org.apache.tools.ant.taskdefs.optional.junit.JUnitTestRunner.run(JUnitTestRunner.java:421)
	at org.apache.tools.ant.taskdefs.optional.junit.JUnitTestRunner.launch(JUnitTestRunner.java:912)
	at org.apache.tools.ant.taskdefs.optional.junit.JUnitTestRunner.main(JUnitTestRunner.java:766)
[Entering method <com.topcoder.clients.manager.dao.DAOProjectManager.retrieveProjectsForClient(Client client)>; Parameters:{ ParamName<client>; ParamValue: <[ id=-1 name=null codeName=null salesTax=0.0 isDeleted=false company=null clientStatus=null]>  }  at 2008-08-29 23:59:00.687 ]
[Entering method <com.topcoder.clients.manager.dao.DAOProjectManager.retrieveProjectsForClient(Client client, boolean includeChildren)>; Parameters:{ ParamName<client>; ParamValue: <[ id=-1 name=null codeName=null salesTax=0.0 isDeleted=false company=null clientStatus=null]> , ParamName<includeChildren>; ParamValue: <true>  }  at 2008-08-29 23:59:00.687 ]
[Error occurred in method <com.topcoder.clients.manager.dao.DAOProjectManager.retrieveProjectsForClient(Client client, boolean includeChildren)>, cause by :
java.lang.IllegalArgumentException: The client id should not be negative.
	at com.topcoder.clients.manager.dao.DAOProjectManager.retrieveProjectsForClient(DAOProjectManager.java:627)
	at com.topcoder.clients.manager.dao.DAOProjectManager.retrieveProjectsForClient(DAOProjectManager.java:594)
	at com.topcoder.clients.manager.dao.TestDAOProjectManagerFailure.testRetrieveProjectsForClientClient_2(TestDAOProjectManagerFailure.java:1064)
	at sun.reflect.NativeMethodAccessorImpl.invoke0(Native Method)
	at sun.reflect.NativeMethodAccessorImpl.invoke(NativeMethodAccessorImpl.java:39)
	at sun.reflect.DelegatingMethodAccessorImpl.invoke(DelegatingMethodAccessorImpl.java:25)
	at java.lang.reflect.Method.invoke(Method.java:585)
	at junit.framework.TestCase.runTest(TestCase.java:154)
	at junit.framework.TestCase.runBare(TestCase.java:127)
	at junit.framework.TestResult$1.protect(TestResult.java:106)
	at junit.framework.TestResult.runProtected(TestResult.java:124)
	at junit.framework.TestResult.run(TestResult.java:109)
	at junit.framework.TestCase.run(TestCase.java:118)
	at junit.framework.TestSuite.runTest(TestSuite.java:208)
	at junit.framework.TestSuite.run(TestSuite.java:203)
	at junit.framework.TestSuite.runTest(TestSuite.java:208)
	at junit.framework.TestSuite.run(TestSuite.java:203)
	at junit.framework.TestSuite.runTest(TestSuite.java:208)
	at junit.framework.TestSuite.run(TestSuite.java:203)
	at org.apache.tools.ant.taskdefs.optional.junit.JUnitTestRunner.run(JUnitTestRunner.java:421)
	at org.apache.tools.ant.taskdefs.optional.junit.JUnitTestRunner.launch(JUnitTestRunner.java:912)
	at org.apache.tools.ant.taskdefs.optional.junit.JUnitTestRunner.main(JUnitTestRunner.java:766)
[Entering method <com.topcoder.clients.manager.dao.DAOProjectManager.retrieveAllProjects(boolean includeChildren)>; Parameters:{ ParamName<includeChildren>; ParamValue: <false>  }  at 2008-08-29 23:59:00.687 ]
[Error occurred in method <com.topcoder.clients.manager.dao.DAOProjectManager.retrieveAllProjects(boolean includeChildren)>, cause by :
com.topcoder.clients.manager.ProjectManagerException: Fail to retrieve all Projects, cause by Throw for testing
	at com.topcoder.clients.manager.dao.DAOProjectManager.wrapInnerException(DAOProjectManager.java:351)
	at com.topcoder.clients.manager.dao.DAOProjectManager.retrieveAllProjects(DAOProjectManager.java:709)
	at com.topcoder.clients.manager.dao.TestDAOProjectManagerFailure.testRetrieveAllProjectsBoolean_1(TestDAOProjectManagerFailure.java:1171)
	at sun.reflect.NativeMethodAccessorImpl.invoke0(Native Method)
	at sun.reflect.NativeMethodAccessorImpl.invoke(NativeMethodAccessorImpl.java:39)
	at sun.reflect.DelegatingMethodAccessorImpl.invoke(DelegatingMethodAccessorImpl.java:25)
	at java.lang.reflect.Method.invoke(Method.java:585)
	at junit.framework.TestCase.runTest(TestCase.java:154)
	at junit.framework.TestCase.runBare(TestCase.java:127)
	at junit.framework.TestResult$1.protect(TestResult.java:106)
	at junit.framework.TestResult.runProtected(TestResult.java:124)
	at junit.framework.TestResult.run(TestResult.java:109)
	at junit.framework.TestCase.run(TestCase.java:118)
	at junit.framework.TestSuite.runTest(TestSuite.java:208)
	at junit.framework.TestSuite.run(TestSuite.java:203)
	at junit.framework.TestSuite.runTest(TestSuite.java:208)
	at junit.framework.TestSuite.run(TestSuite.java:203)
	at junit.framework.TestSuite.runTest(TestSuite.java:208)
	at junit.framework.TestSuite.run(TestSuite.java:203)
	at org.apache.tools.ant.taskdefs.optional.junit.JUnitTestRunner.run(JUnitTestRunner.java:421)
	at org.apache.tools.ant.taskdefs.optional.junit.JUnitTestRunner.launch(JUnitTestRunner.java:912)
	at org.apache.tools.ant.taskdefs.optional.junit.JUnitTestRunner.main(JUnitTestRunner.java:766)
Caused by: com.topcoder.clients.dao.DAOException: Throw for testing
	at com.topcoder.clients.manager.MockProjectDAO.retrieveAll(MockProjectDAO.java:54)
	at com.topcoder.clients.manager.dao.DAOProjectManager.retrieveAllProjects(DAOProjectManager.java:698)
	... 20 more
Caused by: java.lang.NullPointerException: NPE Raised 
	... 22 more
[Entering method <com.topcoder.clients.manager.dao.DAOProjectManager.retrieveAllProjects(boolean includeChildren)>; Parameters:{ ParamName<includeChildren>; ParamValue: <false>  }  at 2008-08-29 23:59:00.703 ]
[Error occurred in method <com.topcoder.clients.manager.dao.DAOProjectManager.retrieveAllProjects(boolean includeChildren)>, cause by :
com.topcoder.clients.manager.ProjectManagerException: Fail to retrieve all Projects, cause by Throw for testing
	at com.topcoder.clients.manager.dao.DAOProjectManager.wrapInnerException(DAOProjectManager.java:351)
	at com.topcoder.clients.manager.dao.DAOProjectManager.retrieveAllProjects(DAOProjectManager.java:706)
	at com.topcoder.clients.manager.dao.TestDAOProjectManagerFailure.testRetrieveAllProjectsBoolean_2(TestDAOProjectManagerFailure.java:1194)
	at sun.reflect.NativeMethodAccessorImpl.invoke0(Native Method)
	at sun.reflect.NativeMethodAccessorImpl.invoke(NativeMethodAccessorImpl.java:39)
	at sun.reflect.DelegatingMethodAccessorImpl.invoke(DelegatingMethodAccessorImpl.java:25)
	at java.lang.reflect.Method.invoke(Method.java:585)
	at junit.framework.TestCase.runTest(TestCase.java:154)
	at junit.framework.TestCase.runBare(TestCase.java:127)
	at junit.framework.TestResult$1.protect(TestResult.java:106)
	at junit.framework.TestResult.runProtected(TestResult.java:124)
	at junit.framework.TestResult.run(TestResult.java:109)
	at junit.framework.TestCase.run(TestCase.java:118)
	at junit.framework.TestSuite.runTest(TestSuite.java:208)
	at junit.framework.TestSuite.run(TestSuite.java:203)
	at junit.framework.TestSuite.runTest(TestSuite.java:208)
	at junit.framework.TestSuite.run(TestSuite.java:203)
	at junit.framework.TestSuite.runTest(TestSuite.java:208)
	at junit.framework.TestSuite.run(TestSuite.java:203)
	at org.apache.tools.ant.taskdefs.optional.junit.JUnitTestRunner.run(JUnitTestRunner.java:421)
	at org.apache.tools.ant.taskdefs.optional.junit.JUnitTestRunner.launch(JUnitTestRunner.java:912)
	at org.apache.tools.ant.taskdefs.optional.junit.JUnitTestRunner.main(JUnitTestRunner.java:766)
Caused by: com.topcoder.clients.dao.DAOConfigurationException: Throw for testing
	at com.topcoder.clients.manager.MockProjectDAO.retrieveAll(MockProjectDAO.java:58)
	at com.topcoder.clients.manager.dao.DAOProjectManager.retrieveAllProjects(DAOProjectManager.java:698)
	... 20 more
Caused by: java.lang.NullPointerException: NPE Raised 
	... 22 more
[Entering method <com.topcoder.clients.manager.dao.DAOProjectManager.searchProjectsByName(String name)>; Parameters:{ ParamName<name>; ParamValue: <null>  }  at 2008-08-29 23:59:00.703 ]
[Error occurred in method <com.topcoder.clients.manager.dao.DAOProjectManager.searchProjectsByName(String name)>, cause by :
java.lang.IllegalArgumentException: The parameter 'name' should not be null.
	at com.topcoder.clients.manager.dao.Helper.checkNull(Helper.java:69)
	at com.topcoder.clients.manager.dao.Helper.checkString(Helper.java:98)
	at com.topcoder.clients.manager.dao.DAOProjectManager.searchProjectsByName(DAOProjectManager.java:777)
	at com.topcoder.clients.manager.dao.TestDAOProjectManagerFailure.testSearchProjectsByName_1(TestDAOProjectManagerFailure.java:1486)
	at sun.reflect.NativeMethodAccessorImpl.invoke0(Native Method)
	at sun.reflect.NativeMethodAccessorImpl.invoke(NativeMethodAccessorImpl.java:39)
	at sun.reflect.DelegatingMethodAccessorImpl.invoke(DelegatingMethodAccessorImpl.java:25)
	at java.lang.reflect.Method.invoke(Method.java:585)
	at junit.framework.TestCase.runTest(TestCase.java:154)
	at junit.framework.TestCase.runBare(TestCase.java:127)
	at junit.framework.TestResult$1.protect(TestResult.java:106)
	at junit.framework.TestResult.runProtected(TestResult.java:124)
	at junit.framework.TestResult.run(TestResult.java:109)
	at junit.framework.TestCase.run(TestCase.java:118)
	at junit.framework.TestSuite.runTest(TestSuite.java:208)
	at junit.framework.TestSuite.run(TestSuite.java:203)
	at junit.framework.TestSuite.runTest(TestSuite.java:208)
	at junit.framework.TestSuite.run(TestSuite.java:203)
	at junit.framework.TestSuite.runTest(TestSuite.java:208)
	at junit.framework.TestSuite.run(TestSuite.java:203)
	at org.apache.tools.ant.taskdefs.optional.junit.JUnitTestRunner.run(JUnitTestRunner.java:421)
	at org.apache.tools.ant.taskdefs.optional.junit.JUnitTestRunner.launch(JUnitTestRunner.java:912)
	at org.apache.tools.ant.taskdefs.optional.junit.JUnitTestRunner.main(JUnitTestRunner.java:766)
[Entering method <com.topcoder.clients.manager.dao.DAOProjectManager.searchProjectsByName(String name)>; Parameters:{ ParamName<name>; ParamValue: <DAOException>  }  at 2008-08-29 23:59:00.718 ]
[Error occurred in method <com.topcoder.clients.manager.dao.DAOProjectManager.searchProjectsByName(String name)>, cause by :
com.topcoder.clients.manager.ProjectManagerException: Fail to search projects by name=DAOException cause by Throw for testing
	at com.topcoder.clients.manager.dao.DAOProjectManager.wrapInnerException(DAOProjectManager.java:351)
	at com.topcoder.clients.manager.dao.DAOProjectManager.searchProjectsByName(DAOProjectManager.java:793)
	at com.topcoder.clients.manager.dao.TestDAOProjectManagerFailure.testSearchProjectsByName_2(TestDAOProjectManagerFailure.java:1524)
	at sun.reflect.NativeMethodAccessorImpl.invoke0(Native Method)
	at sun.reflect.NativeMethodAccessorImpl.invoke(NativeMethodAccessorImpl.java:39)
	at sun.reflect.DelegatingMethodAccessorImpl.invoke(DelegatingMethodAccessorImpl.java:25)
	at java.lang.reflect.Method.invoke(Method.java:585)
	at junit.framework.TestCase.runTest(TestCase.java:154)
	at junit.framework.TestCase.runBare(TestCase.java:127)
	at junit.framework.TestResult$1.protect(TestResult.java:106)
	at junit.framework.TestResult.runProtected(TestResult.java:124)
	at junit.framework.TestResult.run(TestResult.java:109)
	at junit.framework.TestCase.run(TestCase.java:118)
	at junit.framework.TestSuite.runTest(TestSuite.java:208)
	at junit.framework.TestSuite.run(TestSuite.java:203)
	at junit.framework.TestSuite.runTest(TestSuite.java:208)
	at junit.framework.TestSuite.run(TestSuite.java:203)
	at junit.framework.TestSuite.runTest(TestSuite.java:208)
	at junit.framework.TestSuite.run(TestSuite.java:203)
	at org.apache.tools.ant.taskdefs.optional.junit.JUnitTestRunner.run(JUnitTestRunner.java:421)
	at org.apache.tools.ant.taskdefs.optional.junit.JUnitTestRunner.launch(JUnitTestRunner.java:912)
	at org.apache.tools.ant.taskdefs.optional.junit.JUnitTestRunner.main(JUnitTestRunner.java:766)
Caused by: com.topcoder.clients.dao.DAOException: Throw for testing
	at com.topcoder.clients.manager.MockProjectDAO.searchByName(MockProjectDAO.java:120)
	at com.topcoder.clients.manager.dao.DAOProjectManager.searchProjectsByName(DAOProjectManager.java:780)
	... 20 more
Caused by: java.lang.NullPointerException: NPE Raised 
	... 22 more
[Entering method <com.topcoder.clients.manager.dao.DAOProjectManager.getProjectStatus(long id)>; Parameters:{ ParamName<id>; ParamValue: <-1>  }  at 2008-08-29 23:59:00.718 ]
[Error occurred in method <com.topcoder.clients.manager.dao.DAOProjectManager.getProjectStatus(long id)>, cause by :
java.lang.IllegalArgumentException: The parameter id should not be negative.
	at com.topcoder.clients.manager.dao.Helper.checkId(Helper.java:115)
	at com.topcoder.clients.manager.dao.DAOProjectManager.getProjectStatus(DAOProjectManager.java:855)
	at com.topcoder.clients.manager.dao.TestDAOProjectManagerFailure.testGetProjectStatus_1(TestDAOProjectManagerFailure.java:1619)
	at sun.reflect.NativeMethodAccessorImpl.invoke0(Native Method)
	at sun.reflect.NativeMethodAccessorImpl.invoke(NativeMethodAccessorImpl.java:39)
	at sun.reflect.DelegatingMethodAccessorImpl.invoke(DelegatingMethodAccessorImpl.java:25)
	at java.lang.reflect.Method.invoke(Method.java:585)
	at junit.framework.TestCase.runTest(TestCase.java:154)
	at junit.framework.TestCase.runBare(TestCase.java:127)
	at junit.framework.TestResult$1.protect(TestResult.java:106)
	at junit.framework.TestResult.runProtected(TestResult.java:124)
	at junit.framework.TestResult.run(TestResult.java:109)
	at junit.framework.TestCase.run(TestCase.java:118)
	at junit.framework.TestSuite.runTest(TestSuite.java:208)
	at junit.framework.TestSuite.run(TestSuite.java:203)
	at junit.framework.TestSuite.runTest(TestSuite.java:208)
	at junit.framework.TestSuite.run(TestSuite.java:203)
	at junit.framework.TestSuite.runTest(TestSuite.java:208)
	at junit.framework.TestSuite.run(TestSuite.java:203)
	at org.apache.tools.ant.taskdefs.optional.junit.JUnitTestRunner.run(JUnitTestRunner.java:421)
	at org.apache.tools.ant.taskdefs.optional.junit.JUnitTestRunner.launch(JUnitTestRunner.java:912)
	at org.apache.tools.ant.taskdefs.optional.junit.JUnitTestRunner.main(JUnitTestRunner.java:766)
[Entering method <com.topcoder.clients.manager.dao.DAOProjectManager.getProjectStatus(long id)>; Parameters:{ ParamName<id>; ParamValue: <1001>  }  at 2008-08-29 23:59:00.718 ]
[Error occurred in method <com.topcoder.clients.manager.dao.DAOProjectManager.getProjectStatus(long id)>, cause by :
com.topcoder.clients.manager.ProjectManagerException: Fail to getProjectStatus with id=1001 , cause by Throw for testing
	at com.topcoder.clients.manager.dao.DAOProjectManager.wrapInnerException(DAOProjectManager.java:351)
	at com.topcoder.clients.manager.dao.DAOProjectManager.getProjectStatus(DAOProjectManager.java:868)
	at com.topcoder.clients.manager.dao.TestDAOProjectManagerFailure.testGetProjectStatus_2(TestDAOProjectManagerFailure.java:1637)
	at sun.reflect.NativeMethodAccessorImpl.invoke0(Native Method)
	at sun.reflect.NativeMethodAccessorImpl.invoke(NativeMethodAccessorImpl.java:39)
	at sun.reflect.DelegatingMethodAccessorImpl.invoke(DelegatingMethodAccessorImpl.java:25)
	at java.lang.reflect.Method.invoke(Method.java:585)
	at junit.framework.TestCase.runTest(TestCase.java:154)
	at junit.framework.TestCase.runBare(TestCase.java:127)
	at junit.framework.TestResult$1.protect(TestResult.java:106)
	at junit.framework.TestResult.runProtected(TestResult.java:124)
	at junit.framework.TestResult.run(TestResult.java:109)
	at junit.framework.TestCase.run(TestCase.java:118)
	at junit.framework.TestSuite.runTest(TestSuite.java:208)
	at junit.framework.TestSuite.run(TestSuite.java:203)
	at junit.framework.TestSuite.runTest(TestSuite.java:208)
	at junit.framework.TestSuite.run(TestSuite.java:203)
	at junit.framework.TestSuite.runTest(TestSuite.java:208)
	at junit.framework.TestSuite.run(TestSuite.java:203)
	at org.apache.tools.ant.taskdefs.optional.junit.JUnitTestRunner.run(JUnitTestRunner.java:421)
	at org.apache.tools.ant.taskdefs.optional.junit.JUnitTestRunner.launch(JUnitTestRunner.java:912)
	at org.apache.tools.ant.taskdefs.optional.junit.JUnitTestRunner.main(JUnitTestRunner.java:766)
Caused by: com.topcoder.clients.dao.DAOConfigurationException: Throw for testing
	at com.topcoder.clients.manager.MockProjectStatusDAO.retrieveById(MockProjectStatusDAO.java:69)
	at com.topcoder.clients.manager.dao.DAOProjectManager.getProjectStatus(DAOProjectManager.java:857)
	... 20 more
Caused by: java.lang.NullPointerException: NPE Raised 
	... 22 more
[Entering method <com.topcoder.clients.manager.dao.DAOProjectManager.createProject(Project project, Client client)>; Parameters:{ ParamName<project>; ParamValue: <null> , ParamName<client>; ParamValue: <[ id=0 name=null codeName=null salesTax=0.0 isDeleted=false company=null clientStatus=null]>  }  at 2008-08-29 23:59:00.750 ]
[Error occurred in method <com.topcoder.clients.manager.dao.DAOProjectManager.createProject(Project project, Client client)>, cause by :
java.lang.IllegalArgumentException: The parameter 'project' should not be null.
	at com.topcoder.clients.manager.dao.Helper.checkNull(Helper.java:69)
	at com.topcoder.clients.manager.dao.Helper.validateProject(Helper.java:202)
	at com.topcoder.clients.manager.dao.DAOProjectManager.createProject(DAOProjectManager.java:299)
	at com.topcoder.clients.manager.dao.TestDAOProjectManagerFailure.testCreateProject_1(TestDAOProjectManagerFailure.java:274)
	at sun.reflect.NativeMethodAccessorImpl.invoke0(Native Method)
	at sun.reflect.NativeMethodAccessorImpl.invoke(NativeMethodAccessorImpl.java:39)
	at sun.reflect.DelegatingMethodAccessorImpl.invoke(DelegatingMethodAccessorImpl.java:25)
	at java.lang.reflect.Method.invoke(Method.java:585)
	at junit.framework.TestCase.runTest(TestCase.java:154)
	at junit.framework.TestCase.runBare(TestCase.java:127)
	at junit.framework.TestResult$1.protect(TestResult.java:106)
	at junit.framework.TestResult.runProtected(TestResult.java:124)
	at junit.framework.TestResult.run(TestResult.java:109)
	at junit.framework.TestCase.run(TestCase.java:118)
	at junit.framework.TestSuite.runTest(TestSuite.java:208)
	at junit.framework.TestSuite.run(TestSuite.java:203)
	at junit.framework.TestSuite.runTest(TestSuite.java:208)
	at junit.framework.TestSuite.run(TestSuite.java:203)
	at junit.framework.TestSuite.runTest(TestSuite.java:208)
	at junit.framework.TestSuite.run(TestSuite.java:203)
	at org.apache.tools.ant.taskdefs.optional.junit.JUnitTestRunner.run(JUnitTestRunner.java:421)
	at org.apache.tools.ant.taskdefs.optional.junit.JUnitTestRunner.launch(JUnitTestRunner.java:912)
	at org.apache.tools.ant.taskdefs.optional.junit.JUnitTestRunner.main(JUnitTestRunner.java:766)
[Entering method <com.topcoder.clients.manager.dao.DAOProjectManager.createProject(Project project, Client client)>; Parameters:{ ParamName<project>; ParamValue: <[ id=0 name=name description=d parentProjectId=0 salesTax=-1.0 client=null company=null childProjects=null]> , ParamName<client>; ParamValue: <[ id=0 name=null codeName=null salesTax=0.0 isDeleted=false company=null clientStatus=null]>  }  at 2008-08-29 23:59:00.765 ]
[Error occurred in method <com.topcoder.clients.manager.dao.DAOProjectManager.createProject(Project project, Client client)>, cause by :
java.lang.IllegalArgumentException: The project's salesTax should be greater than zero.
	at com.topcoder.clients.manager.dao.Helper.validateProject(Helper.java:205)
	at com.topcoder.clients.manager.dao.DAOProjectManager.createProject(DAOProjectManager.java:299)
	at com.topcoder.clients.manager.dao.TestDAOProjectManagerFailure.testCreateProject_2(TestDAOProjectManagerFailure.java:300)
	at sun.reflect.NativeMethodAccessorImpl.invoke0(Native Method)
	at sun.reflect.NativeMethodAccessorImpl.invoke(NativeMethodAccessorImpl.java:39)
	at sun.reflect.DelegatingMethodAccessorImpl.invoke(DelegatingMethodAccessorImpl.java:25)
	at java.lang.reflect.Method.invoke(Method.java:585)
	at junit.framework.TestCase.runTest(TestCase.java:154)
	at junit.framework.TestCase.runBare(TestCase.java:127)
	at junit.framework.TestResult$1.protect(TestResult.java:106)
	at junit.framework.TestResult.runProtected(TestResult.java:124)
	at junit.framework.TestResult.run(TestResult.java:109)
	at junit.framework.TestCase.run(TestCase.java:118)
	at junit.framework.TestSuite.runTest(TestSuite.java:208)
	at junit.framework.TestSuite.run(TestSuite.java:203)
	at junit.framework.TestSuite.runTest(TestSuite.java:208)
	at junit.framework.TestSuite.run(TestSuite.java:203)
	at junit.framework.TestSuite.runTest(TestSuite.java:208)
	at junit.framework.TestSuite.run(TestSuite.java:203)
	at org.apache.tools.ant.taskdefs.optional.junit.JUnitTestRunner.run(JUnitTestRunner.java:421)
	at org.apache.tools.ant.taskdefs.optional.junit.JUnitTestRunner.launch(JUnitTestRunner.java:912)
	at org.apache.tools.ant.taskdefs.optional.junit.JUnitTestRunner.main(JUnitTestRunner.java:766)
[Entering method <com.topcoder.clients.manager.dao.DAOProjectManager.createProject(Project project, Client client)>; Parameters:{ ParamName<project>; ParamValue: <[ id=0 name=null description=d parentProjectId=0 salesTax=10.0 client=null company=null childProjects=null]> , ParamName<client>; ParamValue: <[ id=0 name=null codeName=null salesTax=0.0 isDeleted=false company=null clientStatus=null]>  }  at 2008-08-29 23:59:00.765 ]
[Error occurred in method <com.topcoder.clients.manager.dao.DAOProjectManager.createProject(Project project, Client client)>, cause by :
java.lang.IllegalArgumentException: The project's name should not be null or empty string (trimmed).
	at com.topcoder.clients.manager.dao.Helper.validateProject(Helper.java:213)
	at com.topcoder.clients.manager.dao.DAOProjectManager.createProject(DAOProjectManager.java:299)
	at com.topcoder.clients.manager.dao.TestDAOProjectManagerFailure.testCreateProject_3(TestDAOProjectManagerFailure.java:326)
	at sun.reflect.NativeMethodAccessorImpl.invoke0(Native Method)
	at sun.reflect.NativeMethodAccessorImpl.invoke(NativeMethodAccessorImpl.java:39)
	at sun.reflect.DelegatingMethodAccessorImpl.invoke(DelegatingMethodAccessorImpl.java:25)
	at java.lang.reflect.Method.invoke(Method.java:585)
	at junit.framework.TestCase.runTest(TestCase.java:154)
	at junit.framework.TestCase.runBare(TestCase.java:127)
	at junit.framework.TestResult$1.protect(TestResult.java:106)
	at junit.framework.TestResult.runProtected(TestResult.java:124)
	at junit.framework.TestResult.run(TestResult.java:109)
	at junit.framework.TestCase.run(TestCase.java:118)
	at junit.framework.TestSuite.runTest(TestSuite.java:208)
	at junit.framework.TestSuite.run(TestSuite.java:203)
	at junit.framework.TestSuite.runTest(TestSuite.java:208)
	at junit.framework.TestSuite.run(TestSuite.java:203)
	at junit.framework.TestSuite.runTest(TestSuite.java:208)
	at junit.framework.TestSuite.run(TestSuite.java:203)
	at org.apache.tools.ant.taskdefs.optional.junit.JUnitTestRunner.run(JUnitTestRunner.java:421)
	at org.apache.tools.ant.taskdefs.optional.junit.JUnitTestRunner.launch(JUnitTestRunner.java:912)
	at org.apache.tools.ant.taskdefs.optional.junit.JUnitTestRunner.main(JUnitTestRunner.java:766)
[Entering method <com.topcoder.clients.manager.dao.DAOProjectManager.createProject(Project project, Client client)>; Parameters:{ ParamName<project>; ParamValue: <[ id=0 name=   description=d parentProjectId=0 salesTax=10.0 client=null company=null childProjects=null]> , ParamName<client>; ParamValue: <[ id=0 name=null codeName=null salesTax=0.0 isDeleted=false company=null clientStatus=null]>  }  at 2008-08-29 23:59:00.765 ]
[Error occurred in method <com.topcoder.clients.manager.dao.DAOProjectManager.createProject(Project project, Client client)>, cause by :
java.lang.IllegalArgumentException: The project's name should not be null or empty string (trimmed).
	at com.topcoder.clients.manager.dao.Helper.validateProject(Helper.java:213)
	at com.topcoder.clients.manager.dao.DAOProjectManager.createProject(DAOProjectManager.java:299)
	at com.topcoder.clients.manager.dao.TestDAOProjectManagerFailure.testCreateProject_4(TestDAOProjectManagerFailure.java:352)
	at sun.reflect.NativeMethodAccessorImpl.invoke0(Native Method)
	at sun.reflect.NativeMethodAccessorImpl.invoke(NativeMethodAccessorImpl.java:39)
	at sun.reflect.DelegatingMethodAccessorImpl.invoke(DelegatingMethodAccessorImpl.java:25)
	at java.lang.reflect.Method.invoke(Method.java:585)
	at junit.framework.TestCase.runTest(TestCase.java:154)
	at junit.framework.TestCase.runBare(TestCase.java:127)
	at junit.framework.TestResult$1.protect(TestResult.java:106)
	at junit.framework.TestResult.runProtected(TestResult.java:124)
	at junit.framework.TestResult.run(TestResult.java:109)
	at junit.framework.TestCase.run(TestCase.java:118)
	at junit.framework.TestSuite.runTest(TestSuite.java:208)
	at junit.framework.TestSuite.run(TestSuite.java:203)
	at junit.framework.TestSuite.runTest(TestSuite.java:208)
	at junit.framework.TestSuite.run(TestSuite.java:203)
	at junit.framework.TestSuite.runTest(TestSuite.java:208)
	at junit.framework.TestSuite.run(TestSuite.java:203)
	at org.apache.tools.ant.taskdefs.optional.junit.JUnitTestRunner.run(JUnitTestRunner.java:421)
	at org.apache.tools.ant.taskdefs.optional.junit.JUnitTestRunner.launch(JUnitTestRunner.java:912)
	at org.apache.tools.ant.taskdefs.optional.junit.JUnitTestRunner.main(JUnitTestRunner.java:766)
[Entering method <com.topcoder.clients.manager.dao.DAOProjectManager.createProject(Project project, Client client)>; Parameters:{ ParamName<project>; ParamValue: <[ id=0 name=n description=null parentProjectId=0 salesTax=10.0 client=null company=null childProjects=null]> , ParamName<client>; ParamValue: <[ id=0 name=null codeName=null salesTax=0.0 isDeleted=false company=null clientStatus=null]>  }  at 2008-08-29 23:59:00.812 ]
[Error occurred in method <com.topcoder.clients.manager.dao.DAOProjectManager.createProject(Project project, Client client)>, cause by :
java.lang.IllegalArgumentException: The project's description should not be null.
	at com.topcoder.clients.manager.dao.Helper.validateProject(Helper.java:209)
	at com.topcoder.clients.manager.dao.DAOProjectManager.createProject(DAOProjectManager.java:299)
	at com.topcoder.clients.manager.dao.TestDAOProjectManagerFailure.testCreateProject_6(TestDAOProjectManagerFailure.java:378)
	at sun.reflect.NativeMethodAccessorImpl.invoke0(Native Method)
	at sun.reflect.NativeMethodAccessorImpl.invoke(NativeMethodAccessorImpl.java:39)
	at sun.reflect.DelegatingMethodAccessorImpl.invoke(DelegatingMethodAccessorImpl.java:25)
	at java.lang.reflect.Method.invoke(Method.java:585)
	at junit.framework.TestCase.runTest(TestCase.java:154)
	at junit.framework.TestCase.runBare(TestCase.java:127)
	at junit.framework.TestResult$1.protect(TestResult.java:106)
	at junit.framework.TestResult.runProtected(TestResult.java:124)
	at junit.framework.TestResult.run(TestResult.java:109)
	at junit.framework.TestCase.run(TestCase.java:118)
	at junit.framework.TestSuite.runTest(TestSuite.java:208)
	at junit.framework.TestSuite.run(TestSuite.java:203)
	at junit.framework.TestSuite.runTest(TestSuite.java:208)
	at junit.framework.TestSuite.run(TestSuite.java:203)
	at junit.framework.TestSuite.runTest(TestSuite.java:208)
	at junit.framework.TestSuite.run(TestSuite.java:203)
	at org.apache.tools.ant.taskdefs.optional.junit.JUnitTestRunner.run(JUnitTestRunner.java:421)
	at org.apache.tools.ant.taskdefs.optional.junit.JUnitTestRunner.launch(JUnitTestRunner.java:912)
	at org.apache.tools.ant.taskdefs.optional.junit.JUnitTestRunner.main(JUnitTestRunner.java:766)
[Entering method <com.topcoder.clients.manager.dao.DAOProjectManager.createProject(Project project, Client client)>; Parameters:{ ParamName<project>; ParamValue: <[ id=0 name=n description=d parentProjectId=0 salesTax=10.0 client=null company=null childProjects=null]> , ParamName<client>; ParamValue: <[ id=0 name=null codeName=null salesTax=0.0 isDeleted=false company=null clientStatus=null]>  }  at 2008-08-29 23:59:00.812 ]
[Error occurred in method <com.topcoder.clients.manager.dao.DAOProjectManager.createProject(Project project, Client client)>, cause by :
java.lang.IllegalArgumentException: The project isDeleted value should be false.
	at com.topcoder.clients.manager.dao.Helper.validateProject(Helper.java:217)
	at com.topcoder.clients.manager.dao.DAOProjectManager.createProject(DAOProjectManager.java:299)
	at com.topcoder.clients.manager.dao.TestDAOProjectManagerFailure.testCreateProject_7(TestDAOProjectManagerFailure.java:404)
	at sun.reflect.NativeMethodAccessorImpl.invoke0(Native Method)
	at sun.reflect.NativeMethodAccessorImpl.invoke(NativeMethodAccessorImpl.java:39)
	at sun.reflect.DelegatingMethodAccessorImpl.invoke(DelegatingMethodAccessorImpl.java:25)
	at java.lang.reflect.Method.invoke(Method.java:585)
	at junit.framework.TestCase.runTest(TestCase.java:154)
	at junit.framework.TestCase.runBare(TestCase.java:127)
	at junit.framework.TestResult$1.protect(TestResult.java:106)
	at junit.framework.TestResult.runProtected(TestResult.java:124)
	at junit.framework.TestResult.run(TestResult.java:109)
	at junit.framework.TestCase.run(TestCase.java:118)
	at junit.framework.TestSuite.runTest(TestSuite.java:208)
	at junit.framework.TestSuite.run(TestSuite.java:203)
	at junit.framework.TestSuite.runTest(TestSuite.java:208)
	at junit.framework.TestSuite.run(TestSuite.java:203)
	at junit.framework.TestSuite.runTest(TestSuite.java:208)
	at junit.framework.TestSuite.run(TestSuite.java:203)
	at org.apache.tools.ant.taskdefs.optional.junit.JUnitTestRunner.run(JUnitTestRunner.java:421)
	at org.apache.tools.ant.taskdefs.optional.junit.JUnitTestRunner.launch(JUnitTestRunner.java:912)
	at org.apache.tools.ant.taskdefs.optional.junit.JUnitTestRunner.main(JUnitTestRunner.java:766)
[Entering method <com.topcoder.clients.manager.dao.DAOProjectManager.createProject(Project project, Client client)>; Parameters:{ ParamName<project>; ParamValue: <[ id=0 name=n description=d parentProjectId=0 salesTax=10.0 client=null company=null childProjects=null]> , ParamName<client>; ParamValue: <null>  }  at 2008-08-29 23:59:00.812 ]
[Error occurred in method <com.topcoder.clients.manager.dao.DAOProjectManager.createProject(Project project, Client client)>, cause by :
java.lang.IllegalArgumentException: The parameter 'client' should not be null.
	at com.topcoder.clients.manager.dao.Helper.checkNull(Helper.java:69)
	at com.topcoder.clients.manager.dao.DAOProjectManager.createProject(DAOProjectManager.java:300)
	at com.topcoder.clients.manager.dao.TestDAOProjectManagerFailure.testCreateProject_8(TestDAOProjectManagerFailure.java:430)
	at sun.reflect.NativeMethodAccessorImpl.invoke0(Native Method)
	at sun.reflect.NativeMethodAccessorImpl.invoke(NativeMethodAccessorImpl.java:39)
	at sun.reflect.DelegatingMethodAccessorImpl.invoke(DelegatingMethodAccessorImpl.java:25)
	at java.lang.reflect.Method.invoke(Method.java:585)
	at junit.framework.TestCase.runTest(TestCase.java:154)
	at junit.framework.TestCase.runBare(TestCase.java:127)
	at junit.framework.TestResult$1.protect(TestResult.java:106)
	at junit.framework.TestResult.runProtected(TestResult.java:124)
	at junit.framework.TestResult.run(TestResult.java:109)
	at junit.framework.TestCase.run(TestCase.java:118)
	at junit.framework.TestSuite.runTest(TestSuite.java:208)
	at junit.framework.TestSuite.run(TestSuite.java:203)
	at junit.framework.TestSuite.runTest(TestSuite.java:208)
	at junit.framework.TestSuite.run(TestSuite.java:203)
	at junit.framework.TestSuite.runTest(TestSuite.java:208)
	at junit.framework.TestSuite.run(TestSuite.java:203)
	at org.apache.tools.ant.taskdefs.optional.junit.JUnitTestRunner.run(JUnitTestRunner.java:421)
	at org.apache.tools.ant.taskdefs.optional.junit.JUnitTestRunner.launch(JUnitTestRunner.java:912)
	at org.apache.tools.ant.taskdefs.optional.junit.JUnitTestRunner.main(JUnitTestRunner.java:766)
[Entering method <com.topcoder.clients.manager.dao.DAOProjectManager.createProject(Project project, Client client)>; Parameters:{ ParamName<project>; ParamValue: <[ id=0 name=DAOException description=d parentProjectId=0 salesTax=10.0 client=null company=null childProjects=null]> , ParamName<client>; ParamValue: <[ id=0 name=null codeName=null salesTax=0.0 isDeleted=false company=null clientStatus=null]>  }  at 2008-08-29 23:59:00.828 ]
[Error occurred in method <com.topcoder.clients.manager.dao.DAOProjectManager.createProject(Project project, Client client)>, cause by :
com.topcoder.clients.manager.ProjectManagerException: Fail to create the given project, cause by Throw for testing
	at com.topcoder.clients.manager.dao.DAOProjectManager.wrapInnerException(DAOProjectManager.java:351)
	at com.topcoder.clients.manager.dao.DAOProjectManager.createProject(DAOProjectManager.java:322)
	at com.topcoder.clients.manager.dao.TestDAOProjectManagerFailure.testCreateProject_9(TestDAOProjectManagerFailure.java:456)
	at sun.reflect.NativeMethodAccessorImpl.invoke0(Native Method)
	at sun.reflect.NativeMethodAccessorImpl.invoke(NativeMethodAccessorImpl.java:39)
	at sun.reflect.DelegatingMethodAccessorImpl.invoke(DelegatingMethodAccessorImpl.java:25)
	at java.lang.reflect.Method.invoke(Method.java:585)
	at junit.framework.TestCase.runTest(TestCase.java:154)
	at junit.framework.TestCase.runBare(TestCase.java:127)
	at junit.framework.TestResult$1.protect(TestResult.java:106)
	at junit.framework.TestResult.runProtected(TestResult.java:124)
	at junit.framework.TestResult.run(TestResult.java:109)
	at junit.framework.TestCase.run(TestCase.java:118)
	at junit.framework.TestSuite.runTest(TestSuite.java:208)
	at junit.framework.TestSuite.run(TestSuite.java:203)
	at junit.framework.TestSuite.runTest(TestSuite.java:208)
	at junit.framework.TestSuite.run(TestSuite.java:203)
	at junit.framework.TestSuite.runTest(TestSuite.java:208)
	at junit.framework.TestSuite.run(TestSuite.java:203)
	at org.apache.tools.ant.taskdefs.optional.junit.JUnitTestRunner.run(JUnitTestRunner.java:421)
	at org.apache.tools.ant.taskdefs.optional.junit.JUnitTestRunner.launch(JUnitTestRunner.java:912)
	at org.apache.tools.ant.taskdefs.optional.junit.JUnitTestRunner.main(JUnitTestRunner.java:766)
Caused by: com.topcoder.clients.dao.DAOException: Throw for testing
	at com.topcoder.clients.manager.MockProjectDAO.save(MockProjectDAO.java:167)
	at com.topcoder.clients.manager.dao.DAOProjectManager.createProject(DAOProjectManager.java:309)
	... 20 more
Caused by: java.lang.NullPointerException: NPE Raised 
	... 22 more
[Entering method <com.topcoder.clients.manager.dao.DAOProjectManager.createProject(Project project, Client client)>; Parameters:{ ParamName<project>; ParamValue: <[ id=0 name=DAOConfigurationException description=d parentProjectId=0 salesTax=10.0 client=null company=null childProjects=null]> , ParamName<client>; ParamValue: <[ id=0 name=null codeName=null salesTax=0.0 isDeleted=false company=null clientStatus=null]>  }  at 2008-08-29 23:59:00.828 ]
[Error occurred in method <com.topcoder.clients.manager.dao.DAOProjectManager.createProject(Project project, Client client)>, cause by :
com.topcoder.clients.manager.ProjectManagerException: Fail to create the given project, cause by Throw for testing
	at com.topcoder.clients.manager.dao.DAOProjectManager.wrapInnerException(DAOProjectManager.java:351)
	at com.topcoder.clients.manager.dao.DAOProjectManager.createProject(DAOProjectManager.java:325)
	at com.topcoder.clients.manager.dao.TestDAOProjectManagerFailure.testCreateProject_10(TestDAOProjectManagerFailure.java:482)
	at sun.reflect.NativeMethodAccessorImpl.invoke0(Native Method)
	at sun.reflect.NativeMethodAccessorImpl.invoke(NativeMethodAccessorImpl.java:39)
	at sun.reflect.DelegatingMethodAccessorImpl.invoke(DelegatingMethodAccessorImpl.java:25)
	at java.lang.reflect.Method.invoke(Method.java:585)
	at junit.framework.TestCase.runTest(TestCase.java:154)
	at junit.framework.TestCase.runBare(TestCase.java:127)
	at junit.framework.TestResult$1.protect(TestResult.java:106)
	at junit.framework.TestResult.runProtected(TestResult.java:124)
	at junit.framework.TestResult.run(TestResult.java:109)
	at junit.framework.TestCase.run(TestCase.java:118)
	at junit.framework.TestSuite.runTest(TestSuite.java:208)
	at junit.framework.TestSuite.run(TestSuite.java:203)
	at junit.framework.TestSuite.runTest(TestSuite.java:208)
	at junit.framework.TestSuite.run(TestSuite.java:203)
	at junit.framework.TestSuite.runTest(TestSuite.java:208)
	at junit.framework.TestSuite.run(TestSuite.java:203)
	at org.apache.tools.ant.taskdefs.optional.junit.JUnitTestRunner.run(JUnitTestRunner.java:421)
	at org.apache.tools.ant.taskdefs.optional.junit.JUnitTestRunner.launch(JUnitTestRunner.java:912)
	at org.apache.tools.ant.taskdefs.optional.junit.JUnitTestRunner.main(JUnitTestRunner.java:766)
Caused by: com.topcoder.clients.dao.DAOConfigurationException: Throw for testing
	at com.topcoder.clients.manager.MockProjectDAO.save(MockProjectDAO.java:171)
	at com.topcoder.clients.manager.dao.DAOProjectManager.createProject(DAOProjectManager.java:309)
	... 20 more
Caused by: java.lang.NullPointerException: NPE Raised 
	... 22 more
[Entering method <com.topcoder.clients.manager.dao.DAOProjectManager.createProject(Project project, Client client)>; Parameters:{ ParamName<project>; ParamValue: <[ id=0 name=ClassCastException description=d parentProjectId=0 salesTax=10.0 client=null company=null childProjects=null]> , ParamName<client>; ParamValue: <[ id=0 name=null codeName=null salesTax=0.0 isDeleted=false company=null clientStatus=null]>  }  at 2008-08-29 23:59:00.828 ]
[Error occurred in method <com.topcoder.clients.manager.dao.DAOProjectManager.createProject(Project project, Client client)>, cause by :
com.topcoder.clients.manager.ProjectManagerException: Fail to create the given project, cause by com.topcoder.clients.model.Client
	at com.topcoder.clients.manager.dao.DAOProjectManager.wrapInnerException(DAOProjectManager.java:351)
	at com.topcoder.clients.manager.dao.DAOProjectManager.createProject(DAOProjectManager.java:328)
	at com.topcoder.clients.manager.dao.TestDAOProjectManagerFailure.testCreateProject_11(TestDAOProjectManagerFailure.java:508)
	at sun.reflect.NativeMethodAccessorImpl.invoke0(Native Method)
	at sun.reflect.NativeMethodAccessorImpl.invoke(NativeMethodAccessorImpl.java:39)
	at sun.reflect.DelegatingMethodAccessorImpl.invoke(DelegatingMethodAccessorImpl.java:25)
	at java.lang.reflect.Method.invoke(Method.java:585)
	at junit.framework.TestCase.runTest(TestCase.java:154)
	at junit.framework.TestCase.runBare(TestCase.java:127)
	at junit.framework.TestResult$1.protect(TestResult.java:106)
	at junit.framework.TestResult.runProtected(TestResult.java:124)
	at junit.framework.TestResult.run(TestResult.java:109)
	at junit.framework.TestCase.run(TestCase.java:118)
	at junit.framework.TestSuite.runTest(TestSuite.java:208)
	at junit.framework.TestSuite.run(TestSuite.java:203)
	at junit.framework.TestSuite.runTest(TestSuite.java:208)
	at junit.framework.TestSuite.run(TestSuite.java:203)
	at junit.framework.TestSuite.runTest(TestSuite.java:208)
	at junit.framework.TestSuite.run(TestSuite.java:203)
	at org.apache.tools.ant.taskdefs.optional.junit.JUnitTestRunner.run(JUnitTestRunner.java:421)
	at org.apache.tools.ant.taskdefs.optional.junit.JUnitTestRunner.launch(JUnitTestRunner.java:912)
	at org.apache.tools.ant.taskdefs.optional.junit.JUnitTestRunner.main(JUnitTestRunner.java:766)
Caused by: java.lang.ClassCastException: com.topcoder.clients.model.Client
	at com.topcoder.clients.manager.dao.DAOProjectManager.createProject(DAOProjectManager.java:309)
	... 20 more
[Entering method <com.topcoder.clients.manager.dao.DAOProjectManager.updateProject(Project project)>; Parameters:{ ParamName<project>; ParamValue: <null>  }  at 2008-08-29 23:59:00.843 ]
[Error occurred in method <com.topcoder.clients.manager.dao.DAOProjectManager.updateProject(Project project)>, cause by :
java.lang.IllegalArgumentException: The parameter 'project' should not be null.
	at com.topcoder.clients.manager.dao.Helper.checkNull(Helper.java:69)
	at com.topcoder.clients.manager.dao.Helper.validateProject(Helper.java:202)
	at com.topcoder.clients.manager.dao.DAOProjectManager.updateProject(DAOProjectManager.java:381)
	at com.topcoder.clients.manager.dao.TestDAOProjectManagerFailure.testUpdateProject_F_1(TestDAOProjectManagerFailure.java:527)
	at sun.reflect.NativeMethodAccessorImpl.invoke0(Native Method)
	at sun.reflect.NativeMethodAccessorImpl.invoke(NativeMethodAccessorImpl.java:39)
	at sun.reflect.DelegatingMethodAccessorImpl.invoke(DelegatingMethodAccessorImpl.java:25)
	at java.lang.reflect.Method.invoke(Method.java:585)
	at junit.framework.TestCase.runTest(TestCase.java:154)
	at junit.framework.TestCase.runBare(TestCase.java:127)
	at junit.framework.TestResult$1.protect(TestResult.java:106)
	at junit.framework.TestResult.runProtected(TestResult.java:124)
	at junit.framework.TestResult.run(TestResult.java:109)
	at junit.framework.TestCase.run(TestCase.java:118)
	at junit.framework.TestSuite.runTest(TestSuite.java:208)
	at junit.framework.TestSuite.run(TestSuite.java:203)
	at junit.framework.TestSuite.runTest(TestSuite.java:208)
	at junit.framework.TestSuite.run(TestSuite.java:203)
	at junit.framework.TestSuite.runTest(TestSuite.java:208)
	at junit.framework.TestSuite.run(TestSuite.java:203)
	at org.apache.tools.ant.taskdefs.optional.junit.JUnitTestRunner.run(JUnitTestRunner.java:421)
	at org.apache.tools.ant.taskdefs.optional.junit.JUnitTestRunner.launch(JUnitTestRunner.java:912)
	at org.apache.tools.ant.taskdefs.optional.junit.JUnitTestRunner.main(JUnitTestRunner.java:766)
[Entering method <com.topcoder.clients.manager.dao.DAOProjectManager.updateProject(Project project)>; Parameters:{ ParamName<project>; ParamValue: <[ id=0 name=name description=d parentProjectId=0 salesTax=-10.0 client=null company=null childProjects=null]>  }  at 2008-08-29 23:59:00.843 ]
[Error occurred in method <com.topcoder.clients.manager.dao.DAOProjectManager.updateProject(Project project)>, cause by :
java.lang.IllegalArgumentException: The project's salesTax should be greater than zero.
	at com.topcoder.clients.manager.dao.Helper.validateProject(Helper.java:205)
	at com.topcoder.clients.manager.dao.DAOProjectManager.updateProject(DAOProjectManager.java:381)
	at com.topcoder.clients.manager.dao.TestDAOProjectManagerFailure.testUpdateProject_F_2(TestDAOProjectManagerFailure.java:552)
	at sun.reflect.NativeMethodAccessorImpl.invoke0(Native Method)
	at sun.reflect.NativeMethodAccessorImpl.invoke(NativeMethodAccessorImpl.java:39)
	at sun.reflect.DelegatingMethodAccessorImpl.invoke(DelegatingMethodAccessorImpl.java:25)
	at java.lang.reflect.Method.invoke(Method.java:585)
	at junit.framework.TestCase.runTest(TestCase.java:154)
	at junit.framework.TestCase.runBare(TestCase.java:127)
	at junit.framework.TestResult$1.protect(TestResult.java:106)
	at junit.framework.TestResult.runProtected(TestResult.java:124)
	at junit.framework.TestResult.run(TestResult.java:109)
	at junit.framework.TestCase.run(TestCase.java:118)
	at junit.framework.TestSuite.runTest(TestSuite.java:208)
	at junit.framework.TestSuite.run(TestSuite.java:203)
	at junit.framework.TestSuite.runTest(TestSuite.java:208)
	at junit.framework.TestSuite.run(TestSuite.java:203)
	at junit.framework.TestSuite.runTest(TestSuite.java:208)
	at junit.framework.TestSuite.run(TestSuite.java:203)
	at org.apache.tools.ant.taskdefs.optional.junit.JUnitTestRunner.run(JUnitTestRunner.java:421)
	at org.apache.tools.ant.taskdefs.optional.junit.JUnitTestRunner.launch(JUnitTestRunner.java:912)
	at org.apache.tools.ant.taskdefs.optional.junit.JUnitTestRunner.main(JUnitTestRunner.java:766)
[Entering method <com.topcoder.clients.manager.dao.DAOProjectManager.updateProject(Project project)>; Parameters:{ ParamName<project>; ParamValue: <[ id=0 name=name description=null parentProjectId=0 salesTax=10.0 client=null company=null childProjects=null]>  }  at 2008-08-29 23:59:00.843 ]
[Error occurred in method <com.topcoder.clients.manager.dao.DAOProjectManager.updateProject(Project project)>, cause by :
java.lang.IllegalArgumentException: The project's description should not be null.
	at com.topcoder.clients.manager.dao.Helper.validateProject(Helper.java:209)
	at com.topcoder.clients.manager.dao.DAOProjectManager.updateProject(DAOProjectManager.java:381)
	at com.topcoder.clients.manager.dao.TestDAOProjectManagerFailure.testUpdateProject_F_3(TestDAOProjectManagerFailure.java:577)
	at sun.reflect.NativeMethodAccessorImpl.invoke0(Native Method)
	at sun.reflect.NativeMethodAccessorImpl.invoke(NativeMethodAccessorImpl.java:39)
	at sun.reflect.DelegatingMethodAccessorImpl.invoke(DelegatingMethodAccessorImpl.java:25)
	at java.lang.reflect.Method.invoke(Method.java:585)
	at junit.framework.TestCase.runTest(TestCase.java:154)
	at junit.framework.TestCase.runBare(TestCase.java:127)
	at junit.framework.TestResult$1.protect(TestResult.java:106)
	at junit.framework.TestResult.runProtected(TestResult.java:124)
	at junit.framework.TestResult.run(TestResult.java:109)
	at junit.framework.TestCase.run(TestCase.java:118)
	at junit.framework.TestSuite.runTest(TestSuite.java:208)
	at junit.framework.TestSuite.run(TestSuite.java:203)
	at junit.framework.TestSuite.runTest(TestSuite.java:208)
	at junit.framework.TestSuite.run(TestSuite.java:203)
	at junit.framework.TestSuite.runTest(TestSuite.java:208)
	at junit.framework.TestSuite.run(TestSuite.java:203)
	at org.apache.tools.ant.taskdefs.optional.junit.JUnitTestRunner.run(JUnitTestRunner.java:421)
	at org.apache.tools.ant.taskdefs.optional.junit.JUnitTestRunner.launch(JUnitTestRunner.java:912)
	at org.apache.tools.ant.taskdefs.optional.junit.JUnitTestRunner.main(JUnitTestRunner.java:766)
[Entering method <com.topcoder.clients.manager.dao.DAOProjectManager.updateProject(Project project)>; Parameters:{ ParamName<project>; ParamValue: <[ id=0 name=null description=d parentProjectId=0 salesTax=10.0 client=null company=null childProjects=null]>  }  at 2008-08-29 23:59:00.859 ]
[Error occurred in method <com.topcoder.clients.manager.dao.DAOProjectManager.updateProject(Project project)>, cause by :
java.lang.IllegalArgumentException: The project's name should not be null or empty string (trimmed).
	at com.topcoder.clients.manager.dao.Helper.validateProject(Helper.java:213)
	at com.topcoder.clients.manager.dao.DAOProjectManager.updateProject(DAOProjectManager.java:381)
	at com.topcoder.clients.manager.dao.TestDAOProjectManagerFailure.testUpdateProject_F_4(TestDAOProjectManagerFailure.java:602)
	at sun.reflect.NativeMethodAccessorImpl.invoke0(Native Method)
	at sun.reflect.NativeMethodAccessorImpl.invoke(NativeMethodAccessorImpl.java:39)
	at sun.reflect.DelegatingMethodAccessorImpl.invoke(DelegatingMethodAccessorImpl.java:25)
	at java.lang.reflect.Method.invoke(Method.java:585)
	at junit.framework.TestCase.runTest(TestCase.java:154)
	at junit.framework.TestCase.runBare(TestCase.java:127)
	at junit.framework.TestResult$1.protect(TestResult.java:106)
	at junit.framework.TestResult.runProtected(TestResult.java:124)
	at junit.framework.TestResult.run(TestResult.java:109)
	at junit.framework.TestCase.run(TestCase.java:118)
	at junit.framework.TestSuite.runTest(TestSuite.java:208)
	at junit.framework.TestSuite.run(TestSuite.java:203)
	at junit.framework.TestSuite.runTest(TestSuite.java:208)
	at junit.framework.TestSuite.run(TestSuite.java:203)
	at junit.framework.TestSuite.runTest(TestSuite.java:208)
	at junit.framework.TestSuite.run(TestSuite.java:203)
	at org.apache.tools.ant.taskdefs.optional.junit.JUnitTestRunner.run(JUnitTestRunner.java:421)
	at org.apache.tools.ant.taskdefs.optional.junit.JUnitTestRunner.launch(JUnitTestRunner.java:912)
	at org.apache.tools.ant.taskdefs.optional.junit.JUnitTestRunner.main(JUnitTestRunner.java:766)
[Entering method <com.topcoder.clients.manager.dao.DAOProjectManager.updateProject(Project project)>; Parameters:{ ParamName<project>; ParamValue: <[ id=0 name=  description=d parentProjectId=0 salesTax=10.0 client=null company=null childProjects=null]>  }  at 2008-08-29 23:59:00.859 ]
[Error occurred in method <com.topcoder.clients.manager.dao.DAOProjectManager.updateProject(Project project)>, cause by :
java.lang.IllegalArgumentException: The project's name should not be null or empty string (trimmed).
	at com.topcoder.clients.manager.dao.Helper.validateProject(Helper.java:213)
	at com.topcoder.clients.manager.dao.DAOProjectManager.updateProject(DAOProjectManager.java:381)
	at com.topcoder.clients.manager.dao.TestDAOProjectManagerFailure.testUpdateProject_F_5(TestDAOProjectManagerFailure.java:627)
	at sun.reflect.NativeMethodAccessorImpl.invoke0(Native Method)
	at sun.reflect.NativeMethodAccessorImpl.invoke(NativeMethodAccessorImpl.java:39)
	at sun.reflect.DelegatingMethodAccessorImpl.invoke(DelegatingMethodAccessorImpl.java:25)
	at java.lang.reflect.Method.invoke(Method.java:585)
	at junit.framework.TestCase.runTest(TestCase.java:154)
	at junit.framework.TestCase.runBare(TestCase.java:127)
	at junit.framework.TestResult$1.protect(TestResult.java:106)
	at junit.framework.TestResult.runProtected(TestResult.java:124)
	at junit.framework.TestResult.run(TestResult.java:109)
	at junit.framework.TestCase.run(TestCase.java:118)
	at junit.framework.TestSuite.runTest(TestSuite.java:208)
	at junit.framework.TestSuite.run(TestSuite.java:203)
	at junit.framework.TestSuite.runTest(TestSuite.java:208)
	at junit.framework.TestSuite.run(TestSuite.java:203)
	at junit.framework.TestSuite.runTest(TestSuite.java:208)
	at junit.framework.TestSuite.run(TestSuite.java:203)
	at org.apache.tools.ant.taskdefs.optional.junit.JUnitTestRunner.run(JUnitTestRunner.java:421)
	at org.apache.tools.ant.taskdefs.optional.junit.JUnitTestRunner.launch(JUnitTestRunner.java:912)
	at org.apache.tools.ant.taskdefs.optional.junit.JUnitTestRunner.main(JUnitTestRunner.java:766)
[Entering method <com.topcoder.clients.manager.dao.DAOProjectManager.updateProject(Project project)>; Parameters:{ ParamName<project>; ParamValue: <[ id=0 name=name description=d parentProjectId=0 salesTax=10.0 client=null company=null childProjects=null]>  }  at 2008-08-29 23:59:00.859 ]
[Error occurred in method <com.topcoder.clients.manager.dao.DAOProjectManager.updateProject(Project project)>, cause by :
java.lang.IllegalArgumentException: The project isDeleted value should be false.
	at com.topcoder.clients.manager.dao.Helper.validateProject(Helper.java:217)
	at com.topcoder.clients.manager.dao.DAOProjectManager.updateProject(DAOProjectManager.java:381)
	at com.topcoder.clients.manager.dao.TestDAOProjectManagerFailure.testUpdateProject_F_6(TestDAOProjectManagerFailure.java:652)
	at sun.reflect.NativeMethodAccessorImpl.invoke0(Native Method)
	at sun.reflect.NativeMethodAccessorImpl.invoke(NativeMethodAccessorImpl.java:39)
	at sun.reflect.DelegatingMethodAccessorImpl.invoke(DelegatingMethodAccessorImpl.java:25)
	at java.lang.reflect.Method.invoke(Method.java:585)
	at junit.framework.TestCase.runTest(TestCase.java:154)
	at junit.framework.TestCase.runBare(TestCase.java:127)
	at junit.framework.TestResult$1.protect(TestResult.java:106)
	at junit.framework.TestResult.runProtected(TestResult.java:124)
	at junit.framework.TestResult.run(TestResult.java:109)
	at junit.framework.TestCase.run(TestCase.java:118)
	at junit.framework.TestSuite.runTest(TestSuite.java:208)
	at junit.framework.TestSuite.run(TestSuite.java:203)
	at junit.framework.TestSuite.runTest(TestSuite.java:208)
	at junit.framework.TestSuite.run(TestSuite.java:203)
	at junit.framework.TestSuite.runTest(TestSuite.java:208)
	at junit.framework.TestSuite.run(TestSuite.java:203)
	at org.apache.tools.ant.taskdefs.optional.junit.JUnitTestRunner.run(JUnitTestRunner.java:421)
	at org.apache.tools.ant.taskdefs.optional.junit.JUnitTestRunner.launch(JUnitTestRunner.java:912)
	at org.apache.tools.ant.taskdefs.optional.junit.JUnitTestRunner.main(JUnitTestRunner.java:766)
[Entering method <com.topcoder.clients.manager.dao.DAOProjectManager.updateProject(Project project)>; Parameters:{ ParamName<project>; ParamValue: <[ id=-10 name=name description=d parentProjectId=0 salesTax=10.0 client=null company=null childProjects=null]>  }  at 2008-08-29 23:59:00.875 ]
[Error occurred in method <com.topcoder.clients.manager.dao.DAOProjectManager.updateProject(Project project)>, cause by :
com.topcoder.clients.manager.ProjectEntityNotFoundException:  The project with id=-10 to update does not exist.
	at com.topcoder.clients.manager.dao.DAOProjectManager.handleProjectEntityNotFoundException(DAOProjectManager.java:453)
	at com.topcoder.clients.manager.dao.DAOProjectManager.checkProjectExist(DAOProjectManager.java:432)
	at com.topcoder.clients.manager.dao.DAOProjectManager.updateProject(DAOProjectManager.java:384)
	at com.topcoder.clients.manager.dao.TestDAOProjectManagerFailure.testUpdateProject_F_7(TestDAOProjectManagerFailure.java:678)
	at sun.reflect.NativeMethodAccessorImpl.invoke0(Native Method)
	at sun.reflect.NativeMethodAccessorImpl.invoke(NativeMethodAccessorImpl.java:39)
	at sun.reflect.DelegatingMethodAccessorImpl.invoke(DelegatingMethodAccessorImpl.java:25)
	at java.lang.reflect.Method.invoke(Method.java:585)
	at junit.framework.TestCase.runTest(TestCase.java:154)
	at junit.framework.TestCase.runBare(TestCase.java:127)
	at junit.framework.TestResult$1.protect(TestResult.java:106)
	at junit.framework.TestResult.runProtected(TestResult.java:124)
	at junit.framework.TestResult.run(TestResult.java:109)
	at junit.framework.TestCase.run(TestCase.java:118)
	at junit.framework.TestSuite.runTest(TestSuite.java:208)
	at junit.framework.TestSuite.run(TestSuite.java:203)
	at junit.framework.TestSuite.runTest(TestSuite.java:208)
	at junit.framework.TestSuite.run(TestSuite.java:203)
	at junit.framework.TestSuite.runTest(TestSuite.java:208)
	at junit.framework.TestSuite.run(TestSuite.java:203)
	at org.apache.tools.ant.taskdefs.optional.junit.JUnitTestRunner.run(JUnitTestRunner.java:421)
	at org.apache.tools.ant.taskdefs.optional.junit.JUnitTestRunner.launch(JUnitTestRunner.java:912)
	at org.apache.tools.ant.taskdefs.optional.junit.JUnitTestRunner.main(JUnitTestRunner.java:766)
Caused by: java.lang.IllegalArgumentException: Throw for testing
	at com.topcoder.clients.manager.MockProjectDAO.retrieveById(MockProjectDAO.java:76)
	at com.topcoder.clients.manager.dao.DAOProjectManager.checkProjectExist(DAOProjectManager.java:422)
	... 21 more
[Entering method <com.topcoder.clients.manager.dao.DAOProjectManager.updateProject(Project project)>; Parameters:{ ParamName<project>; ParamValue: <[ id=1 name=name description=d parentProjectId=0 salesTax=10.0 client=null company=null childProjects=null]>  }  at 2008-08-29 23:59:00.875 ]
[Error occurred in method <com.topcoder.clients.manager.dao.DAOProjectManager.updateProject(Project project)>, cause by :
com.topcoder.clients.manager.ProjectEntityNotFoundException: The project to update can not be found in the persistence with id =1
	at com.topcoder.clients.manager.dao.DAOProjectManager.checkProjectExist(DAOProjectManager.java:423)
	at com.topcoder.clients.manager.dao.DAOProjectManager.updateProject(DAOProjectManager.java:384)
	at com.topcoder.clients.manager.dao.TestDAOProjectManagerFailure.testUpdateProject_F_8(TestDAOProjectManagerFailure.java:704)
	at sun.reflect.NativeMethodAccessorImpl.invoke0(Native Method)
	at sun.reflect.NativeMethodAccessorImpl.invoke(NativeMethodAccessorImpl.java:39)
	at sun.reflect.DelegatingMethodAccessorImpl.invoke(DelegatingMethodAccessorImpl.java:25)
	at java.lang.reflect.Method.invoke(Method.java:585)
	at junit.framework.TestCase.runTest(TestCase.java:154)
	at junit.framework.TestCase.runBare(TestCase.java:127)
	at junit.framework.TestResult$1.protect(TestResult.java:106)
	at junit.framework.TestResult.runProtected(TestResult.java:124)
	at junit.framework.TestResult.run(TestResult.java:109)
	at junit.framework.TestCase.run(TestCase.java:118)
	at junit.framework.TestSuite.runTest(TestSuite.java:208)
	at junit.framework.TestSuite.run(TestSuite.java:203)
	at junit.framework.TestSuite.runTest(TestSuite.java:208)
	at junit.framework.TestSuite.run(TestSuite.java:203)
	at junit.framework.TestSuite.runTest(TestSuite.java:208)
	at junit.framework.TestSuite.run(TestSuite.java:203)
	at org.apache.tools.ant.taskdefs.optional.junit.JUnitTestRunner.run(JUnitTestRunner.java:421)
	at org.apache.tools.ant.taskdefs.optional.junit.JUnitTestRunner.launch(JUnitTestRunner.java:912)
	at org.apache.tools.ant.taskdefs.optional.junit.JUnitTestRunner.main(JUnitTestRunner.java:766)
[Entering method <com.topcoder.clients.manager.dao.DAOProjectManager.updateProject(Project project)>; Parameters:{ ParamName<project>; ParamValue: <[ id=4 name=name description=d parentProjectId=0 salesTax=10.0 client=null company=null childProjects=null]>  }  at 2008-08-29 23:59:00.875 ]
[Error occurred in method <com.topcoder.clients.manager.dao.DAOProjectManager.updateProject(Project project)>, cause by :
com.topcoder.clients.manager.ProjectEntityNotFoundException:  The project with id=4 to update does not exist.
	at com.topcoder.clients.manager.dao.DAOProjectManager.handleProjectEntityNotFoundException(DAOProjectManager.java:453)
	at com.topcoder.clients.manager.dao.DAOProjectManager.checkProjectExist(DAOProjectManager.java:435)
	at com.topcoder.clients.manager.dao.DAOProjectManager.updateProject(DAOProjectManager.java:384)
	at com.topcoder.clients.manager.dao.TestDAOProjectManagerFailure.testUpdateProject_F_9(TestDAOProjectManagerFailure.java:730)
	at sun.reflect.NativeMethodAccessorImpl.invoke0(Native Method)
	at sun.reflect.NativeMethodAccessorImpl.invoke(NativeMethodAccessorImpl.java:39)
	at sun.reflect.DelegatingMethodAccessorImpl.invoke(DelegatingMethodAccessorImpl.java:25)
	at java.lang.reflect.Method.invoke(Method.java:585)
	at junit.framework.TestCase.runTest(TestCase.java:154)
	at junit.framework.TestCase.runBare(TestCase.java:127)
	at junit.framework.TestResult$1.protect(TestResult.java:106)
	at junit.framework.TestResult.runProtected(TestResult.java:124)
	at junit.framework.TestResult.run(TestResult.java:109)
	at junit.framework.TestCase.run(TestCase.java:118)
	at junit.framework.TestSuite.runTest(TestSuite.java:208)
	at junit.framework.TestSuite.run(TestSuite.java:203)
	at junit.framework.TestSuite.runTest(TestSuite.java:208)
	at junit.framework.TestSuite.run(TestSuite.java:203)
	at junit.framework.TestSuite.runTest(TestSuite.java:208)
	at junit.framework.TestSuite.run(TestSuite.java:203)
	at org.apache.tools.ant.taskdefs.optional.junit.JUnitTestRunner.run(JUnitTestRunner.java:421)
	at org.apache.tools.ant.taskdefs.optional.junit.JUnitTestRunner.launch(JUnitTestRunner.java:912)
	at org.apache.tools.ant.taskdefs.optional.junit.JUnitTestRunner.main(JUnitTestRunner.java:766)
Caused by: com.topcoder.clients.dao.EntityNotFoundException: not found.
	at com.topcoder.clients.manager.MockProjectDAO.retrieveById(MockProjectDAO.java:92)
	at com.topcoder.clients.manager.dao.DAOProjectManager.checkProjectExist(DAOProjectManager.java:422)
	... 21 more
[Entering method <com.topcoder.clients.manager.dao.DAOProjectManager.updateProject(Project project)>; Parameters:{ ParamName<project>; ParamValue: <[ id=2 name=name description=d parentProjectId=0 salesTax=10.0 client=null company=null childProjects=null]>  }  at 2008-08-29 23:59:00.890 ]
[Error occurred in method <com.topcoder.clients.manager.dao.DAOProjectManager.updateProject(Project project)>, cause by :
com.topcoder.clients.manager.ProjectManagerException: Fail to update the Project, cause by Throw for testing
	at com.topcoder.clients.manager.dao.DAOProjectManager.wrapInnerException(DAOProjectManager.java:351)
	at com.topcoder.clients.manager.dao.DAOProjectManager.updateProject(DAOProjectManager.java:398)
	at com.topcoder.clients.manager.dao.TestDAOProjectManagerFailure.testUpdateProject_F_10(TestDAOProjectManagerFailure.java:756)
	at sun.reflect.NativeMethodAccessorImpl.invoke0(Native Method)
	at sun.reflect.NativeMethodAccessorImpl.invoke(NativeMethodAccessorImpl.java:39)
	at sun.reflect.DelegatingMethodAccessorImpl.invoke(DelegatingMethodAccessorImpl.java:25)
	at java.lang.reflect.Method.invoke(Method.java:585)
	at junit.framework.TestCase.runTest(TestCase.java:154)
	at junit.framework.TestCase.runBare(TestCase.java:127)
	at junit.framework.TestResult$1.protect(TestResult.java:106)
	at junit.framework.TestResult.runProtected(TestResult.java:124)
	at junit.framework.TestResult.run(TestResult.java:109)
	at junit.framework.TestCase.run(TestCase.java:118)
	at junit.framework.TestSuite.runTest(TestSuite.java:208)
	at junit.framework.TestSuite.run(TestSuite.java:203)
	at junit.framework.TestSuite.runTest(TestSuite.java:208)
	at junit.framework.TestSuite.run(TestSuite.java:203)
	at junit.framework.TestSuite.runTest(TestSuite.java:208)
	at junit.framework.TestSuite.run(TestSuite.java:203)
	at org.apache.tools.ant.taskdefs.optional.junit.JUnitTestRunner.run(JUnitTestRunner.java:421)
	at org.apache.tools.ant.taskdefs.optional.junit.JUnitTestRunner.launch(JUnitTestRunner.java:912)
	at org.apache.tools.ant.taskdefs.optional.junit.JUnitTestRunner.main(JUnitTestRunner.java:766)
Caused by: com.topcoder.clients.dao.DAOException: Throw for testing
	at com.topcoder.clients.manager.MockProjectDAO.retrieveById(MockProjectDAO.java:84)
	at com.topcoder.clients.manager.dao.DAOProjectManager.checkProjectExist(DAOProjectManager.java:422)
	at com.topcoder.clients.manager.dao.DAOProjectManager.updateProject(DAOProjectManager.java:384)
	... 20 more
[Entering method <com.topcoder.clients.manager.dao.DAOProjectManager.updateProject(Project project)>; Parameters:{ ParamName<project>; ParamValue: <[ id=3 name=name description=d parentProjectId=0 salesTax=10.0 client=null company=null childProjects=null]>  }  at 2008-08-29 23:59:00.890 ]
[Error occurred in method <com.topcoder.clients.manager.dao.DAOProjectManager.updateProject(Project project)>, cause by :
com.topcoder.clients.manager.ProjectManagerException: Fail to update the Project, cause by Throw DAOConfigurationException for testing
	at com.topcoder.clients.manager.dao.DAOProjectManager.wrapInnerException(DAOProjectManager.java:351)
	at com.topcoder.clients.manager.dao.DAOProjectManager.updateProject(DAOProjectManager.java:395)
	at com.topcoder.clients.manager.dao.TestDAOProjectManagerFailure.testUpdateProject_F_11(TestDAOProjectManagerFailure.java:782)
	at sun.reflect.NativeMethodAccessorImpl.invoke0(Native Method)
	at sun.reflect.NativeMethodAccessorImpl.invoke(NativeMethodAccessorImpl.java:39)
	at sun.reflect.DelegatingMethodAccessorImpl.invoke(DelegatingMethodAccessorImpl.java:25)
	at java.lang.reflect.Method.invoke(Method.java:585)
	at junit.framework.TestCase.runTest(TestCase.java:154)
	at junit.framework.TestCase.runBare(TestCase.java:127)
	at junit.framework.TestResult$1.protect(TestResult.java:106)
	at junit.framework.TestResult.runProtected(TestResult.java:124)
	at junit.framework.TestResult.run(TestResult.java:109)
	at junit.framework.TestCase.run(TestCase.java:118)
	at junit.framework.TestSuite.runTest(TestSuite.java:208)
	at junit.framework.TestSuite.run(TestSuite.java:203)
	at junit.framework.TestSuite.runTest(TestSuite.java:208)
	at junit.framework.TestSuite.run(TestSuite.java:203)
	at junit.framework.TestSuite.runTest(TestSuite.java:208)
	at junit.framework.TestSuite.run(TestSuite.java:203)
	at org.apache.tools.ant.taskdefs.optional.junit.JUnitTestRunner.run(JUnitTestRunner.java:421)
	at org.apache.tools.ant.taskdefs.optional.junit.JUnitTestRunner.launch(JUnitTestRunner.java:912)
	at org.apache.tools.ant.taskdefs.optional.junit.JUnitTestRunner.main(JUnitTestRunner.java:766)
Caused by: com.topcoder.clients.dao.DAOConfigurationException: Throw DAOConfigurationException for testing
	at com.topcoder.clients.manager.MockProjectDAO.retrieveById(MockProjectDAO.java:88)
	at com.topcoder.clients.manager.dao.DAOProjectManager.checkProjectExist(DAOProjectManager.java:422)
	at com.topcoder.clients.manager.dao.DAOProjectManager.updateProject(DAOProjectManager.java:384)
	... 20 more
[Entering method <com.topcoder.clients.manager.dao.DAOProjectManager.updateProject(Project project)>; Parameters:{ ParamName<project>; ParamValue: <[ id=3 name=ClassCastException description=d parentProjectId=0 salesTax=10.0 client=null company=null childProjects=null]>  }  at 2008-08-29 23:59:00.890 ]
[Error occurred in method <com.topcoder.clients.manager.dao.DAOProjectManager.updateProject(Project project)>, cause by :
com.topcoder.clients.manager.ProjectManagerException: Fail to update the Project, cause by Throw DAOConfigurationException for testing
	at com.topcoder.clients.manager.dao.DAOProjectManager.wrapInnerException(DAOProjectManager.java:351)
	at com.topcoder.clients.manager.dao.DAOProjectManager.updateProject(DAOProjectManager.java:395)
	at com.topcoder.clients.manager.dao.TestDAOProjectManagerFailure.testUpdateProject_F_12(TestDAOProjectManagerFailure.java:808)
	at sun.reflect.NativeMethodAccessorImpl.invoke0(Native Method)
	at sun.reflect.NativeMethodAccessorImpl.invoke(NativeMethodAccessorImpl.java:39)
	at sun.reflect.DelegatingMethodAccessorImpl.invoke(DelegatingMethodAccessorImpl.java:25)
	at java.lang.reflect.Method.invoke(Method.java:585)
	at junit.framework.TestCase.runTest(TestCase.java:154)
	at junit.framework.TestCase.runBare(TestCase.java:127)
	at junit.framework.TestResult$1.protect(TestResult.java:106)
	at junit.framework.TestResult.runProtected(TestResult.java:124)
	at junit.framework.TestResult.run(TestResult.java:109)
	at junit.framework.TestCase.run(TestCase.java:118)
	at junit.framework.TestSuite.runTest(TestSuite.java:208)
	at junit.framework.TestSuite.run(TestSuite.java:203)
	at junit.framework.TestSuite.runTest(TestSuite.java:208)
	at junit.framework.TestSuite.run(TestSuite.java:203)
	at junit.framework.TestSuite.runTest(TestSuite.java:208)
	at junit.framework.TestSuite.run(TestSuite.java:203)
	at org.apache.tools.ant.taskdefs.optional.junit.JUnitTestRunner.run(JUnitTestRunner.java:421)
	at org.apache.tools.ant.taskdefs.optional.junit.JUnitTestRunner.launch(JUnitTestRunner.java:912)
	at org.apache.tools.ant.taskdefs.optional.junit.JUnitTestRunner.main(JUnitTestRunner.java:766)
Caused by: com.topcoder.clients.dao.DAOConfigurationException: Throw DAOConfigurationException for testing
	at com.topcoder.clients.manager.MockProjectDAO.retrieveById(MockProjectDAO.java:88)
	at com.topcoder.clients.manager.dao.DAOProjectManager.checkProjectExist(DAOProjectManager.java:422)
	at com.topcoder.clients.manager.dao.DAOProjectManager.updateProject(DAOProjectManager.java:384)
	... 20 more
[Entering method <com.topcoder.clients.manager.dao.DAOProjectManager.deleteProject(Project project) >; Parameters:{ ParamName<project>; ParamValue: <null>  }  at 2008-08-29 23:59:00.906 ]
[Error occurred in method <com.topcoder.clients.manager.dao.DAOProjectManager.deleteProject(Project project) >, cause by :
java.lang.IllegalArgumentException: The parameter 'project' should not be null.
	at com.topcoder.clients.manager.dao.Helper.checkNull(Helper.java:69)
	at com.topcoder.clients.manager.dao.DAOProjectManager.deleteProject(DAOProjectManager.java:481)
	at com.topcoder.clients.manager.dao.TestDAOProjectManagerFailure.testDeleteProject_1(TestDAOProjectManagerFailure.java:826)
	at sun.reflect.NativeMethodAccessorImpl.invoke0(Native Method)
	at sun.reflect.NativeMethodAccessorImpl.invoke(NativeMethodAccessorImpl.java:39)
	at sun.reflect.DelegatingMethodAccessorImpl.invoke(DelegatingMethodAccessorImpl.java:25)
	at java.lang.reflect.Method.invoke(Method.java:585)
	at junit.framework.TestCase.runTest(TestCase.java:154)
	at junit.framework.TestCase.runBare(TestCase.java:127)
	at junit.framework.TestResult$1.protect(TestResult.java:106)
	at junit.framework.TestResult.runProtected(TestResult.java:124)
	at junit.framework.TestResult.run(TestResult.java:109)
	at junit.framework.TestCase.run(TestCase.java:118)
	at junit.framework.TestSuite.runTest(TestSuite.java:208)
	at junit.framework.TestSuite.run(TestSuite.java:203)
	at junit.framework.TestSuite.runTest(TestSuite.java:208)
	at junit.framework.TestSuite.run(TestSuite.java:203)
	at junit.framework.TestSuite.runTest(TestSuite.java:208)
	at junit.framework.TestSuite.run(TestSuite.java:203)
	at org.apache.tools.ant.taskdefs.optional.junit.JUnitTestRunner.run(JUnitTestRunner.java:421)
	at org.apache.tools.ant.taskdefs.optional.junit.JUnitTestRunner.launch(JUnitTestRunner.java:912)
	at org.apache.tools.ant.taskdefs.optional.junit.JUnitTestRunner.main(JUnitTestRunner.java:766)
[Entering method <com.topcoder.clients.manager.dao.DAOProjectManager.deleteProject(Project project) >; Parameters:{ ParamName<project>; ParamValue: <[ id=0 name=null description=null parentProjectId=0 salesTax=0.0 client=null company=null childProjects=null]>  }  at 2008-08-29 23:59:00.906 ]
[Error occurred in method <com.topcoder.clients.manager.dao.DAOProjectManager.deleteProject(Project project) >, cause by :
java.lang.IllegalArgumentException: The project isDeleted value should be false, but was true.
	at com.topcoder.clients.manager.dao.DAOProjectManager.deleteProject(DAOProjectManager.java:483)
	at com.topcoder.clients.manager.dao.TestDAOProjectManagerFailure.testDeleteProject_2(TestDAOProjectManagerFailure.java:846)
	at sun.reflect.NativeMethodAccessorImpl.invoke0(Native Method)
	at sun.reflect.NativeMethodAccessorImpl.invoke(NativeMethodAccessorImpl.java:39)
	at sun.reflect.DelegatingMethodAccessorImpl.invoke(DelegatingMethodAccessorImpl.java:25)
	at java.lang.reflect.Method.invoke(Method.java:585)
	at junit.framework.TestCase.runTest(TestCase.java:154)
	at junit.framework.TestCase.runBare(TestCase.java:127)
	at junit.framework.TestResult$1.protect(TestResult.java:106)
	at junit.framework.TestResult.runProtected(TestResult.java:124)
	at junit.framework.TestResult.run(TestResult.java:109)
	at junit.framework.TestCase.run(TestCase.java:118)
	at junit.framework.TestSuite.runTest(TestSuite.java:208)
	at junit.framework.TestSuite.run(TestSuite.java:203)
	at junit.framework.TestSuite.runTest(TestSuite.java:208)
	at junit.framework.TestSuite.run(TestSuite.java:203)
	at junit.framework.TestSuite.runTest(TestSuite.java:208)
	at junit.framework.TestSuite.run(TestSuite.java:203)
	at org.apache.tools.ant.taskdefs.optional.junit.JUnitTestRunner.run(JUnitTestRunner.java:421)
	at org.apache.tools.ant.taskdefs.optional.junit.JUnitTestRunner.launch(JUnitTestRunner.java:912)
	at org.apache.tools.ant.taskdefs.optional.junit.JUnitTestRunner.main(JUnitTestRunner.java:766)
[Entering method <com.topcoder.clients.manager.dao.DAOProjectManager.deleteProject(Project project) >; Parameters:{ ParamName<project>; ParamValue: <[ id=0 name=entityNotFound description=null parentProjectId=0 salesTax=0.0 client=null company=null childProjects=null]>  }  at 2008-08-29 23:59:00.906 ]
[Error occurred in method <com.topcoder.clients.manager.dao.DAOProjectManager.deleteProject(Project project) >, cause by :
com.topcoder.clients.manager.ProjectEntityNotFoundException: The project with id=0 to delete does not exist.
	at com.topcoder.clients.manager.dao.DAOProjectManager.handleProjectEntityNotFoundException(DAOProjectManager.java:453)
	at com.topcoder.clients.manager.dao.DAOProjectManager.deleteProject(DAOProjectManager.java:503)
	at com.topcoder.clients.manager.dao.TestDAOProjectManagerFailure.testDeleteProject_3(TestDAOProjectManagerFailure.java:869)
	at sun.reflect.NativeMethodAccessorImpl.invoke0(Native Method)
	at sun.reflect.NativeMethodAccessorImpl.invoke(NativeMethodAccessorImpl.java:39)
	at sun.reflect.DelegatingMethodAccessorImpl.invoke(DelegatingMethodAccessorImpl.java:25)
	at java.lang.reflect.Method.invoke(Method.java:585)
	at junit.framework.TestCase.runTest(TestCase.java:154)
	at junit.framework.TestCase.runBare(TestCase.java:127)
	at junit.framework.TestResult$1.protect(TestResult.java:106)
	at junit.framework.TestResult.runProtected(TestResult.java:124)
	at junit.framework.TestResult.run(TestResult.java:109)
	at junit.framework.TestCase.run(TestCase.java:118)
	at junit.framework.TestSuite.runTest(TestSuite.java:208)
	at junit.framework.TestSuite.run(TestSuite.java:203)
	at junit.framework.TestSuite.runTest(TestSuite.java:208)
	at junit.framework.TestSuite.run(TestSuite.java:203)
	at junit.framework.TestSuite.runTest(TestSuite.java:208)
	at junit.framework.TestSuite.run(TestSuite.java:203)
	at org.apache.tools.ant.taskdefs.optional.junit.JUnitTestRunner.run(JUnitTestRunner.java:421)
	at org.apache.tools.ant.taskdefs.optional.junit.JUnitTestRunner.launch(JUnitTestRunner.java:912)
	at org.apache.tools.ant.taskdefs.optional.junit.JUnitTestRunner.main(JUnitTestRunner.java:766)
Caused by: com.topcoder.clients.dao.EntityNotFoundException: The entity is not found.
	at com.topcoder.clients.manager.MockProjectDAO.delete(MockProjectDAO.java:191)
	at com.topcoder.clients.manager.dao.DAOProjectManager.deleteProject(DAOProjectManager.java:487)
	... 20 more
Caused by: java.lang.IllegalArgumentException: IAE
	... 22 more
[Entering method <com.topcoder.clients.manager.dao.DAOProjectManager.deleteProject(Project project) >; Parameters:{ ParamName<project>; ParamValue: <[ id=0 name=DAOException description=null parentProjectId=0 salesTax=0.0 client=null company=null childProjects=null]>  }  at 2008-08-29 23:59:00.906 ]
[Error occurred in method <com.topcoder.clients.manager.dao.DAOProjectManager.deleteProject(Project project) >, cause by :
com.topcoder.clients.manager.ProjectManagerException: Fail to delete the project, cause by Throw for testing
	at com.topcoder.clients.manager.dao.DAOProjectManager.wrapInnerException(DAOProjectManager.java:351)
	at com.topcoder.clients.manager.dao.DAOProjectManager.deleteProject(DAOProjectManager.java:506)
	at com.topcoder.clients.manager.dao.TestDAOProjectManagerFailure.testDeleteProject_4(TestDAOProjectManagerFailure.java:892)
	at sun.reflect.NativeMethodAccessorImpl.invoke0(Native Method)
	at sun.reflect.NativeMethodAccessorImpl.invoke(NativeMethodAccessorImpl.java:39)
	at sun.reflect.DelegatingMethodAccessorImpl.invoke(DelegatingMethodAccessorImpl.java:25)
	at java.lang.reflect.Method.invoke(Method.java:585)
	at junit.framework.TestCase.runTest(TestCase.java:154)
	at junit.framework.TestCase.runBare(TestCase.java:127)
	at junit.framework.TestResult$1.protect(TestResult.java:106)
	at junit.framework.TestResult.runProtected(TestResult.java:124)
	at junit.framework.TestResult.run(TestResult.java:109)
	at junit.framework.TestCase.run(TestCase.java:118)
	at junit.framework.TestSuite.runTest(TestSuite.java:208)
	at junit.framework.TestSuite.run(TestSuite.java:203)
	at junit.framework.TestSuite.runTest(TestSuite.java:208)
	at junit.framework.TestSuite.run(TestSuite.java:203)
	at junit.framework.TestSuite.runTest(TestSuite.java:208)
	at junit.framework.TestSuite.run(TestSuite.java:203)
	at org.apache.tools.ant.taskdefs.optional.junit.JUnitTestRunner.run(JUnitTestRunner.java:421)
	at org.apache.tools.ant.taskdefs.optional.junit.JUnitTestRunner.launch(JUnitTestRunner.java:912)
	at org.apache.tools.ant.taskdefs.optional.junit.JUnitTestRunner.main(JUnitTestRunner.java:766)
Caused by: com.topcoder.clients.dao.DAOException: Throw for testing
	at com.topcoder.clients.manager.MockProjectDAO.delete(MockProjectDAO.java:195)
	at com.topcoder.clients.manager.dao.DAOProjectManager.deleteProject(DAOProjectManager.java:487)
	... 20 more
Caused by: java.lang.NullPointerException: NPE Raised 
	... 22 more
[Entering method <com.topcoder.clients.manager.dao.DAOProjectManager.deleteProject(Project project) >; Parameters:{ ParamName<project>; ParamValue: <[ id=0 name=DAOConfigurationException description=null parentProjectId=0 salesTax=0.0 client=null company=null childProjects=null]>  }  at 2008-08-29 23:59:00.921 ]
[Error occurred in method <com.topcoder.clients.manager.dao.DAOProjectManager.deleteProject(Project project) >, cause by :
com.topcoder.clients.manager.ProjectManagerException: Fail to delete the project, cause by Throw for testing
	at com.topcoder.clients.manager.dao.DAOProjectManager.wrapInnerException(DAOProjectManager.java:351)
	at com.topcoder.clients.manager.dao.DAOProjectManager.deleteProject(DAOProjectManager.java:500)
	at com.topcoder.clients.manager.dao.TestDAOProjectManagerFailure.testDeleteProject_5(TestDAOProjectManagerFailure.java:915)
	at sun.reflect.NativeMethodAccessorImpl.invoke0(Native Method)
	at sun.reflect.NativeMethodAccessorImpl.invoke(NativeMethodAccessorImpl.java:39)
	at sun.reflect.DelegatingMethodAccessorImpl.invoke(DelegatingMethodAccessorImpl.java:25)
	at java.lang.reflect.Method.invoke(Method.java:585)
	at junit.framework.TestCase.runTest(TestCase.java:154)
	at junit.framework.TestCase.runBare(TestCase.java:127)
	at junit.framework.TestResult$1.protect(TestResult.java:106)
	at junit.framework.TestResult.runProtected(TestResult.java:124)
	at junit.framework.TestResult.run(TestResult.java:109)
	at junit.framework.TestCase.run(TestCase.java:118)
	at junit.framework.TestSuite.runTest(TestSuite.java:208)
	at junit.framework.TestSuite.run(TestSuite.java:203)
	at junit.framework.TestSuite.runTest(TestSuite.java:208)
	at junit.framework.TestSuite.run(TestSuite.java:203)
	at junit.framework.TestSuite.runTest(TestSuite.java:208)
	at junit.framework.TestSuite.run(TestSuite.java:203)
	at org.apache.tools.ant.taskdefs.optional.junit.JUnitTestRunner.run(JUnitTestRunner.java:421)
	at org.apache.tools.ant.taskdefs.optional.junit.JUnitTestRunner.launch(JUnitTestRunner.java:912)
	at org.apache.tools.ant.taskdefs.optional.junit.JUnitTestRunner.main(JUnitTestRunner.java:766)
Caused by: com.topcoder.clients.dao.DAOConfigurationException: Throw for testing
	at com.topcoder.clients.manager.MockProjectDAO.delete(MockProjectDAO.java:199)
	at com.topcoder.clients.manager.dao.DAOProjectManager.deleteProject(DAOProjectManager.java:487)
	... 20 more
Caused by: java.lang.NullPointerException: NPE Raised 
	... 22 more
[Entering method <com.topcoder.clients.manager.dao.DAOProjectManager.retrieveProject(long id)>; Parameters:{ ParamName<id>; ParamValue: <102>  }  at 2008-08-29 23:59:00.921 ]
[Entering method <com.topcoder.clients.manager.dao.DAOProjectManager.retrieveProject(long id, boolean includeChildren)>; Parameters:{ ParamName<id>; ParamValue: <102> , ParamName<includeChildren>; ParamValue: <true>  }  at 2008-08-29 23:59:00.921 ]
[Error occurred in method <com.topcoder.clients.manager.dao.DAOProjectManager.retrieveProject(long id, boolean includeChildren)>, cause by :
com.topcoder.clients.manager.ProjectManagerException: Fail to retrieve project with id=102 cause by For testing
	at com.topcoder.clients.manager.dao.DAOProjectManager.wrapInnerException(DAOProjectManager.java:351)
	at com.topcoder.clients.manager.dao.DAOProjectManager.retrieveProject(DAOProjectManager.java:567)
	at com.topcoder.clients.manager.dao.DAOProjectManager.retrieveProject(DAOProjectManager.java:528)
	at com.topcoder.clients.manager.dao.TestDAOProjectManagerFailure.testRetrieveProjectLong_3(TestDAOProjectManagerFailure.java:972)
	at sun.reflect.NativeMethodAccessorImpl.invoke0(Native Method)
	at sun.reflect.NativeMethodAccessorImpl.invoke(NativeMethodAccessorImpl.java:39)
	at sun.reflect.DelegatingMethodAccessorImpl.invoke(DelegatingMethodAccessorImpl.java:25)
	at java.lang.reflect.Method.invoke(Method.java:585)
	at junit.framework.TestCase.runTest(TestCase.java:154)
	at junit.framework.TestCase.runBare(TestCase.java:127)
	at junit.framework.TestResult$1.protect(TestResult.java:106)
	at junit.framework.TestResult.runProtected(TestResult.java:124)
	at junit.framework.TestResult.run(TestResult.java:109)
	at junit.framework.TestCase.run(TestCase.java:118)
	at junit.framework.TestSuite.runTest(TestSuite.java:208)
	at junit.framework.TestSuite.run(TestSuite.java:203)
	at junit.framework.TestSuite.runTest(TestSuite.java:208)
	at junit.framework.TestSuite.run(TestSuite.java:203)
	at junit.framework.TestSuite.runTest(TestSuite.java:208)
	at junit.framework.TestSuite.run(TestSuite.java:203)
	at org.apache.tools.ant.taskdefs.optional.junit.JUnitTestRunner.run(JUnitTestRunner.java:421)
	at org.apache.tools.ant.taskdefs.optional.junit.JUnitTestRunner.launch(JUnitTestRunner.java:912)
	at org.apache.tools.ant.taskdefs.optional.junit.JUnitTestRunner.main(JUnitTestRunner.java:766)
Caused by: com.topcoder.clients.dao.DAOConfigurationException: For testing
	at com.topcoder.clients.manager.MockProjectDAO.retrieveById(MockProjectDAO.java:223)
	at com.topcoder.clients.manager.MockProjectDAO.retrieveById(MockProjectDAO.java:27)
	at com.topcoder.clients.manager.dao.DAOProjectManager.retrieveProject(DAOProjectManager.java:558)
	... 21 more
[Entering method <com.topcoder.clients.manager.dao.DAOProjectManager.retrieveProject(long id, boolean includeChildren)>; Parameters:{ ParamName<id>; ParamValue: <-1> , ParamName<includeChildren>; ParamValue: <false>  }  at 2008-08-29 23:59:00.921 ]
[Error occurred in method <com.topcoder.clients.manager.dao.DAOProjectManager.retrieveProject(long id, boolean includeChildren)>, cause by :
java.lang.IllegalArgumentException: The parameter id should not be negative.
	at com.topcoder.clients.manager.dao.Helper.checkId(Helper.java:115)
	at com.topcoder.clients.manager.dao.DAOProjectManager.retrieveProject(DAOProjectManager.java:555)
	at com.topcoder.clients.manager.dao.TestDAOProjectManagerFailure.testRetrieveProjectLongBoolean_1(TestDAOProjectManagerFailure.java:990)
	at sun.reflect.NativeMethodAccessorImpl.invoke0(Native Method)
	at sun.reflect.NativeMethodAccessorImpl.invoke(NativeMethodAccessorImpl.java:39)
	at sun.reflect.DelegatingMethodAccessorImpl.invoke(DelegatingMethodAccessorImpl.java:25)
	at java.lang.reflect.Method.invoke(Method.java:585)
	at junit.framework.TestCase.runTest(TestCase.java:154)
	at junit.framework.TestCase.runBare(TestCase.java:127)
	at junit.framework.TestResult$1.protect(TestResult.java:106)
	at junit.framework.TestResult.runProtected(TestResult.java:124)
	at junit.framework.TestResult.run(TestResult.java:109)
	at junit.framework.TestCase.run(TestCase.java:118)
	at junit.framework.TestSuite.runTest(TestSuite.java:208)
	at junit.framework.TestSuite.run(TestSuite.java:203)
	at junit.framework.TestSuite.runTest(TestSuite.java:208)
	at junit.framework.TestSuite.run(TestSuite.java:203)
	at junit.framework.TestSuite.runTest(TestSuite.java:208)
	at junit.framework.TestSuite.run(TestSuite.java:203)
	at org.apache.tools.ant.taskdefs.optional.junit.JUnitTestRunner.run(JUnitTestRunner.java:421)
	at org.apache.tools.ant.taskdefs.optional.junit.JUnitTestRunner.launch(JUnitTestRunner.java:912)
	at org.apache.tools.ant.taskdefs.optional.junit.JUnitTestRunner.main(JUnitTestRunner.java:766)
[Entering method <com.topcoder.clients.manager.dao.DAOProjectManager.retrieveProject(long id, boolean includeChildren)>; Parameters:{ ParamName<id>; ParamValue: <101> , ParamName<includeChildren>; ParamValue: <false>  }  at 2008-08-29 23:59:00.937 ]
[Error occurred in method <com.topcoder.clients.manager.dao.DAOProjectManager.retrieveProject(long id, boolean includeChildren)>, cause by :
com.topcoder.clients.manager.ProjectManagerException: Fail to retrieve project with id=101 cause by Throw for testing
	at com.topcoder.clients.manager.dao.DAOProjectManager.wrapInnerException(DAOProjectManager.java:351)
	at com.topcoder.clients.manager.dao.DAOProjectManager.retrieveProject(DAOProjectManager.java:570)
	at com.topcoder.clients.manager.dao.TestDAOProjectManagerFailure.testRetrieveProjectLongBoolean_3(TestDAOProjectManagerFailure.java:1026)
	at sun.reflect.NativeMethodAccessorImpl.invoke0(Native Method)
	at sun.reflect.NativeMethodAccessorImpl.invoke(NativeMethodAccessorImpl.java:39)
	at sun.reflect.DelegatingMethodAccessorImpl.invoke(DelegatingMethodAccessorImpl.java:25)
	at java.lang.reflect.Method.invoke(Method.java:585)
	at junit.framework.TestCase.runTest(TestCase.java:154)
	at junit.framework.TestCase.runBare(TestCase.java:127)
	at junit.framework.TestResult$1.protect(TestResult.java:106)
	at junit.framework.TestResult.runProtected(TestResult.java:124)
	at junit.framework.TestResult.run(TestResult.java:109)
	at junit.framework.TestCase.run(TestCase.java:118)
	at junit.framework.TestSuite.runTest(TestSuite.java:208)
	at junit.framework.TestSuite.run(TestSuite.java:203)
	at junit.framework.TestSuite.runTest(TestSuite.java:208)
	at junit.framework.TestSuite.run(TestSuite.java:203)
	at junit.framework.TestSuite.runTest(TestSuite.java:208)
	at junit.framework.TestSuite.run(TestSuite.java:203)
	at org.apache.tools.ant.taskdefs.optional.junit.JUnitTestRunner.run(JUnitTestRunner.java:421)
	at org.apache.tools.ant.taskdefs.optional.junit.JUnitTestRunner.launch(JUnitTestRunner.java:912)
	at org.apache.tools.ant.taskdefs.optional.junit.JUnitTestRunner.main(JUnitTestRunner.java:766)
Caused by: com.topcoder.clients.dao.DAOException: Throw for testing
	at com.topcoder.clients.manager.MockProjectDAO.retrieveById(MockProjectDAO.java:219)
	at com.topcoder.clients.manager.MockProjectDAO.retrieveById(MockProjectDAO.java:27)
	at com.topcoder.clients.manager.dao.DAOProjectManager.retrieveProject(DAOProjectManager.java:558)
	... 20 more
[Entering method <com.topcoder.clients.manager.dao.DAOProjectManager.retrieveProjectsForClient(Client client)>; Parameters:{ ParamName<client>; ParamValue: <[ id=1 name=DAOException codeName=null salesTax=0.0 isDeleted=false company=null clientStatus=null]>  }  at 2008-08-29 23:59:00.937 ]
[Entering method <com.topcoder.clients.manager.dao.DAOProjectManager.retrieveProjectsForClient(Client client, boolean includeChildren)>; Parameters:{ ParamName<client>; ParamValue: <[ id=1 name=DAOException codeName=null salesTax=0.0 isDeleted=false company=null clientStatus=null]> , ParamName<includeChildren>; ParamValue: <true>  }  at 2008-08-29 23:59:00.937 ]
[Error occurred in method <com.topcoder.clients.manager.dao.DAOProjectManager.retrieveProjectsForClient(Client client, boolean includeChildren)>, cause by :
com.topcoder.clients.manager.ProjectManagerException: Fail to retrieve project with client, cause by Throw for testing
	at com.topcoder.clients.manager.dao.DAOProjectManager.wrapInnerException(DAOProjectManager.java:351)
	at com.topcoder.clients.manager.dao.DAOProjectManager.retrieveProjectsForClient(DAOProjectManager.java:659)
	at com.topcoder.clients.manager.dao.DAOProjectManager.retrieveProjectsForClient(DAOProjectManager.java:594)
	at com.topcoder.clients.manager.dao.TestDAOProjectManagerFailure.testRetrieveProjectsForClientClient_3(TestDAOProjectManagerFailure.java:1085)
	at sun.reflect.NativeMethodAccessorImpl.invoke0(Native Method)
	at sun.reflect.NativeMethodAccessorImpl.invoke(NativeMethodAccessorImpl.java:39)
	at sun.reflect.DelegatingMethodAccessorImpl.invoke(DelegatingMethodAccessorImpl.java:25)
	at java.lang.reflect.Method.invoke(Method.java:585)
	at junit.framework.TestCase.runTest(TestCase.java:154)
	at junit.framework.TestCase.runBare(TestCase.java:127)
	at junit.framework.TestResult$1.protect(TestResult.java:106)
	at junit.framework.TestResult.runProtected(TestResult.java:124)
	at junit.framework.TestResult.run(TestResult.java:109)
	at junit.framework.TestCase.run(TestCase.java:118)
	at junit.framework.TestSuite.runTest(TestSuite.java:208)
	at junit.framework.TestSuite.run(TestSuite.java:203)
	at junit.framework.TestSuite.runTest(TestSuite.java:208)
	at junit.framework.TestSuite.run(TestSuite.java:203)
	at junit.framework.TestSuite.runTest(TestSuite.java:208)
	at junit.framework.TestSuite.run(TestSuite.java:203)
	at org.apache.tools.ant.taskdefs.optional.junit.JUnitTestRunner.run(JUnitTestRunner.java:421)
	at org.apache.tools.ant.taskdefs.optional.junit.JUnitTestRunner.launch(JUnitTestRunner.java:912)
	at org.apache.tools.ant.taskdefs.optional.junit.JUnitTestRunner.main(JUnitTestRunner.java:766)
Caused by: com.topcoder.clients.dao.DAOException: Throw for testing
	at com.topcoder.clients.manager.MockClientDAO.getProjectsForClient(MockClientDAO.java:236)
	at com.topcoder.clients.manager.MockClientDAO.getProjectsForClient(MockClientDAO.java:29)
	at com.topcoder.clients.manager.dao.DAOProjectManager.retrieveProjectsForClient(DAOProjectManager.java:631)
	... 21 more
Caused by: java.lang.NullPointerException: NPE Raised 
	... 24 more
[Entering method <com.topcoder.clients.manager.dao.DAOProjectManager.retrieveProjectsForClient(Client client)>; Parameters:{ ParamName<client>; ParamValue: <[ id=1 name=DAOConfigurationException codeName=null salesTax=0.0 isDeleted=false company=null clientStatus=null]>  }  at 2008-08-29 23:59:00.937 ]
[Entering method <com.topcoder.clients.manager.dao.DAOProjectManager.retrieveProjectsForClient(Client client, boolean includeChildren)>; Parameters:{ ParamName<client>; ParamValue: <[ id=1 name=DAOConfigurationException codeName=null salesTax=0.0 isDeleted=false company=null clientStatus=null]> , ParamName<includeChildren>; ParamValue: <true>  }  at 2008-08-29 23:59:00.937 ]
[Error occurred in method <com.topcoder.clients.manager.dao.DAOProjectManager.retrieveProjectsForClient(Client client, boolean includeChildren)>, cause by :
com.topcoder.clients.manager.ProjectManagerException: Fail to retrieve project with client, cause by Throw for testing
	at com.topcoder.clients.manager.dao.DAOProjectManager.wrapInnerException(DAOProjectManager.java:351)
	at com.topcoder.clients.manager.dao.DAOProjectManager.retrieveProjectsForClient(DAOProjectManager.java:656)
	at com.topcoder.clients.manager.dao.DAOProjectManager.retrieveProjectsForClient(DAOProjectManager.java:594)
	at com.topcoder.clients.manager.dao.TestDAOProjectManagerFailure.testRetrieveProjectsForClientClient_4(TestDAOProjectManagerFailure.java:1106)
	at sun.reflect.NativeMethodAccessorImpl.invoke0(Native Method)
	at sun.reflect.NativeMethodAccessorImpl.invoke(NativeMethodAccessorImpl.java:39)
	at sun.reflect.DelegatingMethodAccessorImpl.invoke(DelegatingMethodAccessorImpl.java:25)
	at java.lang.reflect.Method.invoke(Method.java:585)
	at junit.framework.TestCase.runTest(TestCase.java:154)
	at junit.framework.TestCase.runBare(TestCase.java:127)
	at junit.framework.TestResult$1.protect(TestResult.java:106)
	at junit.framework.TestResult.runProtected(TestResult.java:124)
	at junit.framework.TestResult.run(TestResult.java:109)
	at junit.framework.TestCase.run(TestCase.java:118)
	at junit.framework.TestSuite.runTest(TestSuite.java:208)
	at junit.framework.TestSuite.run(TestSuite.java:203)
	at junit.framework.TestSuite.runTest(TestSuite.java:208)
	at junit.framework.TestSuite.run(TestSuite.java:203)
	at junit.framework.TestSuite.runTest(TestSuite.java:208)
	at junit.framework.TestSuite.run(TestSuite.java:203)
	at org.apache.tools.ant.taskdefs.optional.junit.JUnitTestRunner.run(JUnitTestRunner.java:421)
	at org.apache.tools.ant.taskdefs.optional.junit.JUnitTestRunner.launch(JUnitTestRunner.java:912)
	at org.apache.tools.ant.taskdefs.optional.junit.JUnitTestRunner.main(JUnitTestRunner.java:766)
Caused by: com.topcoder.clients.dao.DAOConfigurationException: Throw for testing
	at com.topcoder.clients.manager.MockClientDAO.getProjectsForClient(MockClientDAO.java:240)
	at com.topcoder.clients.manager.MockClientDAO.getProjectsForClient(MockClientDAO.java:29)
	at com.topcoder.clients.manager.dao.DAOProjectManager.retrieveProjectsForClient(DAOProjectManager.java:631)
	... 21 more
Caused by: java.lang.NullPointerException: NPE Raised 
	... 24 more
[Entering method <com.topcoder.clients.manager.dao.DAOProjectManager.retrieveProjectsForClient(Client client, boolean includeChildren)>; Parameters:{ ParamName<client>; ParamValue: <[ id=1 name=DAOConfigurationException codeName=null salesTax=0.0 isDeleted=false company=null clientStatus=null]> , ParamName<includeChildren>; ParamValue: <false>  }  at 2008-08-29 23:59:00.953 ]
[Error occurred in method <com.topcoder.clients.manager.dao.DAOProjectManager.retrieveProjectsForClient(Client client, boolean includeChildren)>, cause by :
com.topcoder.clients.manager.ProjectManagerException: Fail to retrieve project with client, cause by Throw for testing
	at com.topcoder.clients.manager.dao.DAOProjectManager.wrapInnerException(DAOProjectManager.java:351)
	at com.topcoder.clients.manager.dao.DAOProjectManager.retrieveProjectsForClient(DAOProjectManager.java:656)
	at com.topcoder.clients.manager.dao.TestDAOProjectManagerFailure.testRetrieveProjectsForClientClientBoolean_1(TestDAOProjectManagerFailure.java:1127)
	at sun.reflect.NativeMethodAccessorImpl.invoke0(Native Method)
	at sun.reflect.NativeMethodAccessorImpl.invoke(NativeMethodAccessorImpl.java:39)
	at sun.reflect.DelegatingMethodAccessorImpl.invoke(DelegatingMethodAccessorImpl.java:25)
	at java.lang.reflect.Method.invoke(Method.java:585)
	at junit.framework.TestCase.runTest(TestCase.java:154)
	at junit.framework.TestCase.runBare(TestCase.java:127)
	at junit.framework.TestResult$1.protect(TestResult.java:106)
	at junit.framework.TestResult.runProtected(TestResult.java:124)
	at junit.framework.TestResult.run(TestResult.java:109)
	at junit.framework.TestCase.run(TestCase.java:118)
	at junit.framework.TestSuite.runTest(TestSuite.java:208)
	at junit.framework.TestSuite.run(TestSuite.java:203)
	at junit.framework.TestSuite.runTest(TestSuite.java:208)
	at junit.framework.TestSuite.run(TestSuite.java:203)
	at junit.framework.TestSuite.runTest(TestSuite.java:208)
	at junit.framework.TestSuite.run(TestSuite.java:203)
	at org.apache.tools.ant.taskdefs.optional.junit.JUnitTestRunner.run(JUnitTestRunner.java:421)
	at org.apache.tools.ant.taskdefs.optional.junit.JUnitTestRunner.launch(JUnitTestRunner.java:912)
	at org.apache.tools.ant.taskdefs.optional.junit.JUnitTestRunner.main(JUnitTestRunner.java:766)
Caused by: com.topcoder.clients.dao.DAOConfigurationException: Throw for testing
	at com.topcoder.clients.manager.MockClientDAO.getProjectsForClient(MockClientDAO.java:240)
	at com.topcoder.clients.manager.MockClientDAO.getProjectsForClient(MockClientDAO.java:29)
	at com.topcoder.clients.manager.dao.DAOProjectManager.retrieveProjectsForClient(DAOProjectManager.java:631)
	... 20 more
Caused by: java.lang.NullPointerException: NPE Raised 
	... 23 more
[Entering method <com.topcoder.clients.manager.dao.DAOProjectManager.retrieveProjectsForClient(Client client, boolean includeChildren)>; Parameters:{ ParamName<client>; ParamValue: <[ id=1 name=DAOException codeName=null salesTax=0.0 isDeleted=false company=null clientStatus=null]> , ParamName<includeChildren>; ParamValue: <false>  }  at 2008-08-29 23:59:00.953 ]
[Error occurred in method <com.topcoder.clients.manager.dao.DAOProjectManager.retrieveProjectsForClient(Client client, boolean includeChildren)>, cause by :
com.topcoder.clients.manager.ProjectManagerException: Fail to retrieve project with client, cause by Throw for testing
	at com.topcoder.clients.manager.dao.DAOProjectManager.wrapInnerException(DAOProjectManager.java:351)
	at com.topcoder.clients.manager.dao.DAOProjectManager.retrieveProjectsForClient(DAOProjectManager.java:659)
	at com.topcoder.clients.manager.dao.TestDAOProjectManagerFailure.testRetrieveProjectsForClientClientBoolean_2(TestDAOProjectManagerFailure.java:1148)
	at sun.reflect.NativeMethodAccessorImpl.invoke0(Native Method)
	at sun.reflect.NativeMethodAccessorImpl.invoke(NativeMethodAccessorImpl.java:39)
	at sun.reflect.DelegatingMethodAccessorImpl.invoke(DelegatingMethodAccessorImpl.java:25)
	at java.lang.reflect.Method.invoke(Method.java:585)
	at junit.framework.TestCase.runTest(TestCase.java:154)
	at junit.framework.TestCase.runBare(TestCase.java:127)
	at junit.framework.TestResult$1.protect(TestResult.java:106)
	at junit.framework.TestResult.runProtected(TestResult.java:124)
	at junit.framework.TestResult.run(TestResult.java:109)
	at junit.framework.TestCase.run(TestCase.java:118)
	at junit.framework.TestSuite.runTest(TestSuite.java:208)
	at junit.framework.TestSuite.run(TestSuite.java:203)
	at junit.framework.TestSuite.runTest(TestSuite.java:208)
	at junit.framework.TestSuite.run(TestSuite.java:203)
	at junit.framework.TestSuite.runTest(TestSuite.java:208)
	at junit.framework.TestSuite.run(TestSuite.java:203)
	at org.apache.tools.ant.taskdefs.optional.junit.JUnitTestRunner.run(JUnitTestRunner.java:421)
	at org.apache.tools.ant.taskdefs.optional.junit.JUnitTestRunner.launch(JUnitTestRunner.java:912)
	at org.apache.tools.ant.taskdefs.optional.junit.JUnitTestRunner.main(JUnitTestRunner.java:766)
Caused by: com.topcoder.clients.dao.DAOException: Throw for testing
	at com.topcoder.clients.manager.MockClientDAO.getProjectsForClient(MockClientDAO.java:236)
	at com.topcoder.clients.manager.MockClientDAO.getProjectsForClient(MockClientDAO.java:29)
	at com.topcoder.clients.manager.dao.DAOProjectManager.retrieveProjectsForClient(DAOProjectManager.java:631)
	... 20 more
Caused by: java.lang.NullPointerException: NPE Raised 
	... 23 more
[Entering method <com.topcoder.clients.manager.dao.DAOProjectManager.setProjectStatus(Project project, ProjectStatus status)>; Parameters:{ ParamName<project>; ParamValue: <null> , ParamName<status>; ParamValue: <[ id=0 name=name description=des isDeleted=false]>  }  at 2008-08-29 23:59:00.953 ]
[Error occurred in method <com.topcoder.clients.manager.dao.DAOProjectManager.setProjectStatus(Project project, ProjectStatus status)>, cause by :
java.lang.IllegalArgumentException: The parameter 'project' should not be null.
	at com.topcoder.clients.manager.dao.Helper.checkNull(Helper.java:69)
	at com.topcoder.clients.manager.dao.Helper.validateProject(Helper.java:202)
	at com.topcoder.clients.manager.dao.DAOProjectManager.setProjectStatus(DAOProjectManager.java:742)
	at com.topcoder.clients.manager.dao.TestDAOProjectManagerFailure.testSetProjectStatus_1(TestDAOProjectManagerFailure.java:1218)
	at sun.reflect.NativeMethodAccessorImpl.invoke0(Native Method)
	at sun.reflect.NativeMethodAccessorImpl.invoke(NativeMethodAccessorImpl.java:39)
	at sun.reflect.DelegatingMethodAccessorImpl.invoke(DelegatingMethodAccessorImpl.java:25)
	at java.lang.reflect.Method.invoke(Method.java:585)
	at junit.framework.TestCase.runTest(TestCase.java:154)
	at junit.framework.TestCase.runBare(TestCase.java:127)
	at junit.framework.TestResult$1.protect(TestResult.java:106)
	at junit.framework.TestResult.runProtected(TestResult.java:124)
	at junit.framework.TestResult.run(TestResult.java:109)
	at junit.framework.TestCase.run(TestCase.java:118)
	at junit.framework.TestSuite.runTest(TestSuite.java:208)
	at junit.framework.TestSuite.run(TestSuite.java:203)
	at junit.framework.TestSuite.runTest(TestSuite.java:208)
	at junit.framework.TestSuite.run(TestSuite.java:203)
	at junit.framework.TestSuite.runTest(TestSuite.java:208)
	at junit.framework.TestSuite.run(TestSuite.java:203)
	at org.apache.tools.ant.taskdefs.optional.junit.JUnitTestRunner.run(JUnitTestRunner.java:421)
	at org.apache.tools.ant.taskdefs.optional.junit.JUnitTestRunner.launch(JUnitTestRunner.java:912)
	at org.apache.tools.ant.taskdefs.optional.junit.JUnitTestRunner.main(JUnitTestRunner.java:766)
[Entering method <com.topcoder.clients.manager.dao.DAOProjectManager.setProjectStatus(Project project, ProjectStatus status)>; Parameters:{ ParamName<project>; ParamValue: <[ id=0 name=name description=des parentProjectId=0 salesTax=-10.0 client=null company=null childProjects=null]> , ParamName<status>; ParamValue: <[ id=0 name=name description=des isDeleted=false]>  }  at 2008-08-29 23:59:00.968 ]
[Error occurred in method <com.topcoder.clients.manager.dao.DAOProjectManager.setProjectStatus(Project project, ProjectStatus status)>, cause by :
java.lang.IllegalArgumentException: The project's salesTax should be greater than zero.
	at com.topcoder.clients.manager.dao.Helper.validateProject(Helper.java:205)
	at com.topcoder.clients.manager.dao.DAOProjectManager.setProjectStatus(DAOProjectManager.java:742)
	at com.topcoder.clients.manager.dao.TestDAOProjectManagerFailure.testSetProjectStatus_2(TestDAOProjectManagerFailure.java:1249)
	at sun.reflect.NativeMethodAccessorImpl.invoke0(Native Method)
	at sun.reflect.NativeMethodAccessorImpl.invoke(NativeMethodAccessorImpl.java:39)
	at sun.reflect.DelegatingMethodAccessorImpl.invoke(DelegatingMethodAccessorImpl.java:25)
	at java.lang.reflect.Method.invoke(Method.java:585)
	at junit.framework.TestCase.runTest(TestCase.java:154)
	at junit.framework.TestCase.runBare(TestCase.java:127)
	at junit.framework.TestResult$1.protect(TestResult.java:106)
	at junit.framework.TestResult.runProtected(TestResult.java:124)
	at junit.framework.TestResult.run(TestResult.java:109)
	at junit.framework.TestCase.run(TestCase.java:118)
	at junit.framework.TestSuite.runTest(TestSuite.java:208)
	at junit.framework.TestSuite.run(TestSuite.java:203)
	at junit.framework.TestSuite.runTest(TestSuite.java:208)
	at junit.framework.TestSuite.run(TestSuite.java:203)
	at junit.framework.TestSuite.runTest(TestSuite.java:208)
	at junit.framework.TestSuite.run(TestSuite.java:203)
	at org.apache.tools.ant.taskdefs.optional.junit.JUnitTestRunner.run(JUnitTestRunner.java:421)
	at org.apache.tools.ant.taskdefs.optional.junit.JUnitTestRunner.launch(JUnitTestRunner.java:912)
	at org.apache.tools.ant.taskdefs.optional.junit.JUnitTestRunner.main(JUnitTestRunner.java:766)
[Entering method <com.topcoder.clients.manager.dao.DAOProjectManager.setProjectStatus(Project project, ProjectStatus status)>; Parameters:{ ParamName<project>; ParamValue: <[ id=0 name=  description=des parentProjectId=0 salesTax=10.0 client=null company=null childProjects=null]> , ParamName<status>; ParamValue: <[ id=0 name=name description=des isDeleted=false]>  }  at 2008-08-29 23:59:00.968 ]
[Error occurred in method <com.topcoder.clients.manager.dao.DAOProjectManager.setProjectStatus(Project project, ProjectStatus status)>, cause by :
java.lang.IllegalArgumentException: The project's name should not be null or empty string (trimmed).
	at com.topcoder.clients.manager.dao.Helper.validateProject(Helper.java:213)
	at com.topcoder.clients.manager.dao.DAOProjectManager.setProjectStatus(DAOProjectManager.java:742)
	at com.topcoder.clients.manager.dao.TestDAOProjectManagerFailure.testSetProjectStatus_4(TestDAOProjectManagerFailure.java:1280)
	at sun.reflect.NativeMethodAccessorImpl.invoke0(Native Method)
	at sun.reflect.NativeMethodAccessorImpl.invoke(NativeMethodAccessorImpl.java:39)
	at sun.reflect.DelegatingMethodAccessorImpl.invoke(DelegatingMethodAccessorImpl.java:25)
	at java.lang.reflect.Method.invoke(Method.java:585)
	at junit.framework.TestCase.runTest(TestCase.java:154)
	at junit.framework.TestCase.runBare(TestCase.java:127)
	at junit.framework.TestResult$1.protect(TestResult.java:106)
	at junit.framework.TestResult.runProtected(TestResult.java:124)
	at junit.framework.TestResult.run(TestResult.java:109)
	at junit.framework.TestCase.run(TestCase.java:118)
	at junit.framework.TestSuite.runTest(TestSuite.java:208)
	at junit.framework.TestSuite.run(TestSuite.java:203)
	at junit.framework.TestSuite.runTest(TestSuite.java:208)
	at junit.framework.TestSuite.run(TestSuite.java:203)
	at junit.framework.TestSuite.runTest(TestSuite.java:208)
	at junit.framework.TestSuite.run(TestSuite.java:203)
	at org.apache.tools.ant.taskdefs.optional.junit.JUnitTestRunner.run(JUnitTestRunner.java:421)
	at org.apache.tools.ant.taskdefs.optional.junit.JUnitTestRunner.launch(JUnitTestRunner.java:912)
	at org.apache.tools.ant.taskdefs.optional.junit.JUnitTestRunner.main(JUnitTestRunner.java:766)
[Entering method <com.topcoder.clients.manager.dao.DAOProjectManager.setProjectStatus(Project project, ProjectStatus status)>; Parameters:{ ParamName<project>; ParamValue: <[ id=0 name=name description=des parentProjectId=0 salesTax=10.0 client=null company=null childProjects=null]> , ParamName<status>; ParamValue: <null>  }  at 2008-08-29 23:59:00.968 ]
[Error occurred in method <com.topcoder.clients.manager.dao.DAOProjectManager.setProjectStatus(Project project, ProjectStatus status)>, cause by :
java.lang.IllegalArgumentException: The parameter 'status' should not be null.
	at com.topcoder.clients.manager.dao.Helper.checkNull(Helper.java:69)
	at com.topcoder.clients.manager.dao.Helper.validateProjectStatus(Helper.java:236)
	at com.topcoder.clients.manager.dao.DAOProjectManager.setProjectStatus(DAOProjectManager.java:744)
	at com.topcoder.clients.manager.dao.TestDAOProjectManagerFailure.testSetProjectStatus_5(TestDAOProjectManagerFailure.java:1311)
	at sun.reflect.NativeMethodAccessorImpl.invoke0(Native Method)
	at sun.reflect.NativeMethodAccessorImpl.invoke(NativeMethodAccessorImpl.java:39)
	at sun.reflect.DelegatingMethodAccessorImpl.invoke(DelegatingMethodAccessorImpl.java:25)
	at java.lang.reflect.Method.invoke(Method.java:585)
	at junit.framework.TestCase.runTest(TestCase.java:154)
	at junit.framework.TestCase.runBare(TestCase.java:127)
	at junit.framework.TestResult$1.protect(TestResult.java:106)
	at junit.framework.TestResult.runProtected(TestResult.java:124)
	at junit.framework.TestResult.run(TestResult.java:109)
	at junit.framework.TestCase.run(TestCase.java:118)
	at junit.framework.TestSuite.runTest(TestSuite.java:208)
	at junit.framework.TestSuite.run(TestSuite.java:203)
	at junit.framework.TestSuite.runTest(TestSuite.java:208)
	at junit.framework.TestSuite.run(TestSuite.java:203)
	at junit.framework.TestSuite.runTest(TestSuite.java:208)
	at junit.framework.TestSuite.run(TestSuite.java:203)
	at org.apache.tools.ant.taskdefs.optional.junit.JUnitTestRunner.run(JUnitTestRunner.java:421)
	at org.apache.tools.ant.taskdefs.optional.junit.JUnitTestRunner.launch(JUnitTestRunner.java:912)
	at org.apache.tools.ant.taskdefs.optional.junit.JUnitTestRunner.main(JUnitTestRunner.java:766)
[Entering method <com.topcoder.clients.manager.dao.DAOProjectManager.setProjectStatus(Project project, ProjectStatus status)>; Parameters:{ ParamName<project>; ParamValue: <[ id=0 name=name description=des parentProjectId=0 salesTax=10.0 client=null company=null childProjects=null]> , ParamName<status>; ParamValue: <[ id=0 name=null description=des isDeleted=false]>  }  at 2008-08-29 23:59:00.984 ]
[Error occurred in method <com.topcoder.clients.manager.dao.DAOProjectManager.setProjectStatus(Project project, ProjectStatus status)>, cause by :
java.lang.IllegalArgumentException: The ProjectStatus should have a non-null, non-empty name.
	at com.topcoder.clients.manager.dao.Helper.validateProjectStatus(Helper.java:239)
	at com.topcoder.clients.manager.dao.DAOProjectManager.setProjectStatus(DAOProjectManager.java:744)
	at com.topcoder.clients.manager.dao.TestDAOProjectManagerFailure.testSetProjectStatus_6(TestDAOProjectManagerFailure.java:1342)
	at sun.reflect.NativeMethodAccessorImpl.invoke0(Native Method)
	at sun.reflect.NativeMethodAccessorImpl.invoke(NativeMethodAccessorImpl.java:39)
	at sun.reflect.DelegatingMethodAccessorImpl.invoke(DelegatingMethodAccessorImpl.java:25)
	at java.lang.reflect.Method.invoke(Method.java:585)
	at junit.framework.TestCase.runTest(TestCase.java:154)
	at junit.framework.TestCase.runBare(TestCase.java:127)
	at junit.framework.TestResult$1.protect(TestResult.java:106)
	at junit.framework.TestResult.runProtected(TestResult.java:124)
	at junit.framework.TestResult.run(TestResult.java:109)
	at junit.framework.TestCase.run(TestCase.java:118)
	at junit.framework.TestSuite.runTest(TestSuite.java:208)
	at junit.framework.TestSuite.run(TestSuite.java:203)
	at junit.framework.TestSuite.runTest(TestSuite.java:208)
	at junit.framework.TestSuite.run(TestSuite.java:203)
	at junit.framework.TestSuite.runTest(TestSuite.java:208)
	at junit.framework.TestSuite.run(TestSuite.java:203)
	at org.apache.tools.ant.taskdefs.optional.junit.JUnitTestRunner.run(JUnitTestRunner.java:421)
	at org.apache.tools.ant.taskdefs.optional.junit.JUnitTestRunner.launch(JUnitTestRunner.java:912)
	at org.apache.tools.ant.taskdefs.optional.junit.JUnitTestRunner.main(JUnitTestRunner.java:766)
[Entering method <com.topcoder.clients.manager.dao.DAOProjectManager.setProjectStatus(Project project, ProjectStatus status)>; Parameters:{ ParamName<project>; ParamValue: <[ id=0 name=name description=des parentProjectId=0 salesTax=10.0 client=null company=null childProjects=null]> , ParamName<status>; ParamValue: <[ id=0 name=  description=des isDeleted=false]>  }  at 2008-08-29 23:59:00.984 ]
[Error occurred in method <com.topcoder.clients.manager.dao.DAOProjectManager.setProjectStatus(Project project, ProjectStatus status)>, cause by :
java.lang.IllegalArgumentException: The ProjectStatus should have a non-null, non-empty name.
	at com.topcoder.clients.manager.dao.Helper.validateProjectStatus(Helper.java:239)
	at com.topcoder.clients.manager.dao.DAOProjectManager.setProjectStatus(DAOProjectManager.java:744)
	at com.topcoder.clients.manager.dao.TestDAOProjectManagerFailure.testSetProjectStatus_7(TestDAOProjectManagerFailure.java:1373)
	at sun.reflect.NativeMethodAccessorImpl.invoke0(Native Method)
	at sun.reflect.NativeMethodAccessorImpl.invoke(NativeMethodAccessorImpl.java:39)
	at sun.reflect.DelegatingMethodAccessorImpl.invoke(DelegatingMethodAccessorImpl.java:25)
	at java.lang.reflect.Method.invoke(Method.java:585)
	at junit.framework.TestCase.runTest(TestCase.java:154)
	at junit.framework.TestCase.runBare(TestCase.java:127)
	at junit.framework.TestResult$1.protect(TestResult.java:106)
	at junit.framework.TestResult.runProtected(TestResult.java:124)
	at junit.framework.TestResult.run(TestResult.java:109)
	at junit.framework.TestCase.run(TestCase.java:118)
	at junit.framework.TestSuite.runTest(TestSuite.java:208)
	at junit.framework.TestSuite.run(TestSuite.java:203)
	at junit.framework.TestSuite.runTest(TestSuite.java:208)
	at junit.framework.TestSuite.run(TestSuite.java:203)
	at junit.framework.TestSuite.runTest(TestSuite.java:208)
	at junit.framework.TestSuite.run(TestSuite.java:203)
	at org.apache.tools.ant.taskdefs.optional.junit.JUnitTestRunner.run(JUnitTestRunner.java:421)
	at org.apache.tools.ant.taskdefs.optional.junit.JUnitTestRunner.launch(JUnitTestRunner.java:912)
	at org.apache.tools.ant.taskdefs.optional.junit.JUnitTestRunner.main(JUnitTestRunner.java:766)
[Entering method <com.topcoder.clients.manager.dao.DAOProjectManager.setProjectStatus(Project project, ProjectStatus status)>; Parameters:{ ParamName<project>; ParamValue: <[ id=0 name=name description=des parentProjectId=0 salesTax=10.0 client=null company=null childProjects=null]> , ParamName<status>; ParamValue: <[ id=0 name=name description= isDeleted=false]>  }  at 2008-08-29 23:59:00.984 ]
[Error occurred in method <com.topcoder.clients.manager.dao.DAOProjectManager.setProjectStatus(Project project, ProjectStatus status)>, cause by :
java.lang.IllegalArgumentException: The ProjectStatus should have a non-null, non-empty description.
	at com.topcoder.clients.manager.dao.Helper.validateProjectStatus(Helper.java:243)
	at com.topcoder.clients.manager.dao.DAOProjectManager.setProjectStatus(DAOProjectManager.java:744)
	at com.topcoder.clients.manager.dao.TestDAOProjectManagerFailure.testSetProjectStatus_8(TestDAOProjectManagerFailure.java:1404)
	at sun.reflect.NativeMethodAccessorImpl.invoke0(Native Method)
	at sun.reflect.NativeMethodAccessorImpl.invoke(NativeMethodAccessorImpl.java:39)
	at sun.reflect.DelegatingMethodAccessorImpl.invoke(DelegatingMethodAccessorImpl.java:25)
	at java.lang.reflect.Method.invoke(Method.java:585)
	at junit.framework.TestCase.runTest(TestCase.java:154)
	at junit.framework.TestCase.runBare(TestCase.java:127)
	at junit.framework.TestResult$1.protect(TestResult.java:106)
	at junit.framework.TestResult.runProtected(TestResult.java:124)
	at junit.framework.TestResult.run(TestResult.java:109)
	at junit.framework.TestCase.run(TestCase.java:118)
	at junit.framework.TestSuite.runTest(TestSuite.java:208)
	at junit.framework.TestSuite.run(TestSuite.java:203)
	at junit.framework.TestSuite.runTest(TestSuite.java:208)
	at junit.framework.TestSuite.run(TestSuite.java:203)
	at junit.framework.TestSuite.runTest(TestSuite.java:208)
	at junit.framework.TestSuite.run(TestSuite.java:203)
	at org.apache.tools.ant.taskdefs.optional.junit.JUnitTestRunner.run(JUnitTestRunner.java:421)
	at org.apache.tools.ant.taskdefs.optional.junit.JUnitTestRunner.launch(JUnitTestRunner.java:912)
	at org.apache.tools.ant.taskdefs.optional.junit.JUnitTestRunner.main(JUnitTestRunner.java:766)
[Entering method <com.topcoder.clients.manager.dao.DAOProjectManager.setProjectStatus(Project project, ProjectStatus status)>; Parameters:{ ParamName<project>; ParamValue: <[ id=0 name=name description=des parentProjectId=0 salesTax=10.0 client=null company=null childProjects=null]> , ParamName<status>; ParamValue: <[ id=0 name=name description=null isDeleted=false]>  }  at 2008-08-29 23:59:01.000 ]
[Error occurred in method <com.topcoder.clients.manager.dao.DAOProjectManager.setProjectStatus(Project project, ProjectStatus status)>, cause by :
java.lang.IllegalArgumentException: The ProjectStatus should have a non-null, non-empty description.
	at com.topcoder.clients.manager.dao.Helper.validateProjectStatus(Helper.java:243)
	at com.topcoder.clients.manager.dao.DAOProjectManager.setProjectStatus(DAOProjectManager.java:744)
	at com.topcoder.clients.manager.dao.TestDAOProjectManagerFailure.testSetProjectStatus_9(TestDAOProjectManagerFailure.java:1435)
	at sun.reflect.NativeMethodAccessorImpl.invoke0(Native Method)
	at sun.reflect.NativeMethodAccessorImpl.invoke(NativeMethodAccessorImpl.java:39)
	at sun.reflect.DelegatingMethodAccessorImpl.invoke(DelegatingMethodAccessorImpl.java:25)
	at java.lang.reflect.Method.invoke(Method.java:585)
	at junit.framework.TestCase.runTest(TestCase.java:154)
	at junit.framework.TestCase.runBare(TestCase.java:127)
	at junit.framework.TestResult$1.protect(TestResult.java:106)
	at junit.framework.TestResult.runProtected(TestResult.java:124)
	at junit.framework.TestResult.run(TestResult.java:109)
	at junit.framework.TestCase.run(TestCase.java:118)
	at junit.framework.TestSuite.runTest(TestSuite.java:208)
	at junit.framework.TestSuite.run(TestSuite.java:203)
	at junit.framework.TestSuite.runTest(TestSuite.java:208)
	at junit.framework.TestSuite.run(TestSuite.java:203)
	at junit.framework.TestSuite.runTest(TestSuite.java:208)
	at junit.framework.TestSuite.run(TestSuite.java:203)
	at org.apache.tools.ant.taskdefs.optional.junit.JUnitTestRunner.run(JUnitTestRunner.java:421)
	at org.apache.tools.ant.taskdefs.optional.junit.JUnitTestRunner.launch(JUnitTestRunner.java:912)
	at org.apache.tools.ant.taskdefs.optional.junit.JUnitTestRunner.main(JUnitTestRunner.java:766)
[Entering method <com.topcoder.clients.manager.dao.DAOProjectManager.setProjectStatus(Project project, ProjectStatus status)>; Parameters:{ ParamName<project>; ParamValue: <[ id=0 name=name description=des parentProjectId=0 salesTax=10.0 client=null company=null childProjects=null]> , ParamName<status>; ParamValue: <[ id=0 name=name description=des isDeleted=true]>  }  at 2008-08-29 23:59:01.000 ]
[Error occurred in method <com.topcoder.clients.manager.dao.DAOProjectManager.setProjectStatus(Project project, ProjectStatus status)>, cause by :
java.lang.IllegalArgumentException: The ProjectStatus should not be deleted.
	at com.topcoder.clients.manager.dao.Helper.validateProjectStatus(Helper.java:247)
	at com.topcoder.clients.manager.dao.DAOProjectManager.setProjectStatus(DAOProjectManager.java:744)
	at com.topcoder.clients.manager.dao.TestDAOProjectManagerFailure.testSetProjectStatus_10(TestDAOProjectManagerFailure.java:1466)
	at sun.reflect.NativeMethodAccessorImpl.invoke0(Native Method)
	at sun.reflect.NativeMethodAccessorImpl.invoke(NativeMethodAccessorImpl.java:39)
	at sun.reflect.DelegatingMethodAccessorImpl.invoke(DelegatingMethodAccessorImpl.java:25)
	at java.lang.reflect.Method.invoke(Method.java:585)
	at junit.framework.TestCase.runTest(TestCase.java:154)
	at junit.framework.TestCase.runBare(TestCase.java:127)
	at junit.framework.TestResult$1.protect(TestResult.java:106)
	at junit.framework.TestResult.runProtected(TestResult.java:124)
	at junit.framework.TestResult.run(TestResult.java:109)
	at junit.framework.TestCase.run(TestCase.java:118)
	at junit.framework.TestSuite.runTest(TestSuite.java:208)
	at junit.framework.TestSuite.run(TestSuite.java:203)
	at junit.framework.TestSuite.runTest(TestSuite.java:208)
	at junit.framework.TestSuite.run(TestSuite.java:203)
	at junit.framework.TestSuite.runTest(TestSuite.java:208)
	at junit.framework.TestSuite.run(TestSuite.java:203)
	at org.apache.tools.ant.taskdefs.optional.junit.JUnitTestRunner.run(JUnitTestRunner.java:421)
	at org.apache.tools.ant.taskdefs.optional.junit.JUnitTestRunner.launch(JUnitTestRunner.java:912)
	at org.apache.tools.ant.taskdefs.optional.junit.JUnitTestRunner.main(JUnitTestRunner.java:766)
[Entering method <com.topcoder.clients.manager.dao.DAOProjectManager.searchProjectsByName(String name)>; Parameters:{ ParamName<name>; ParamValue: <  >  }  at 2008-08-29 23:59:01.000 ]
[Error occurred in method <com.topcoder.clients.manager.dao.DAOProjectManager.searchProjectsByName(String name)>, cause by :
java.lang.IllegalArgumentException: The parameter with name should not be empty string.
	at com.topcoder.clients.manager.dao.Helper.checkString(Helper.java:101)
	at com.topcoder.clients.manager.dao.DAOProjectManager.searchProjectsByName(DAOProjectManager.java:777)
	at com.topcoder.clients.manager.dao.TestDAOProjectManagerFailure.testSearchProjectsByName_1_2(TestDAOProjectManagerFailure.java:1505)
	at sun.reflect.NativeMethodAccessorImpl.invoke0(Native Method)
	at sun.reflect.NativeMethodAccessorImpl.invoke(NativeMethodAccessorImpl.java:39)
	at sun.reflect.DelegatingMethodAccessorImpl.invoke(DelegatingMethodAccessorImpl.java:25)
	at java.lang.reflect.Method.invoke(Method.java:585)
	at junit.framework.TestCase.runTest(TestCase.java:154)
	at junit.framework.TestCase.runBare(TestCase.java:127)
	at junit.framework.TestResult$1.protect(TestResult.java:106)
	at junit.framework.TestResult.runProtected(TestResult.java:124)
	at junit.framework.TestResult.run(TestResult.java:109)
	at junit.framework.TestCase.run(TestCase.java:118)
	at junit.framework.TestSuite.runTest(TestSuite.java:208)
	at junit.framework.TestSuite.run(TestSuite.java:203)
	at junit.framework.TestSuite.runTest(TestSuite.java:208)
	at junit.framework.TestSuite.run(TestSuite.java:203)
	at junit.framework.TestSuite.runTest(TestSuite.java:208)
	at junit.framework.TestSuite.run(TestSuite.java:203)
	at org.apache.tools.ant.taskdefs.optional.junit.JUnitTestRunner.run(JUnitTestRunner.java:421)
	at org.apache.tools.ant.taskdefs.optional.junit.JUnitTestRunner.launch(JUnitTestRunner.java:912)
	at org.apache.tools.ant.taskdefs.optional.junit.JUnitTestRunner.main(JUnitTestRunner.java:766)
[Entering method <com.topcoder.clients.manager.dao.DAOProjectManager.searchProjectsByName(String name)>; Parameters:{ ParamName<name>; ParamValue: <DAOConfigurationException>  }  at 2008-08-29 23:59:01.015 ]
[Error occurred in method <com.topcoder.clients.manager.dao.DAOProjectManager.searchProjectsByName(String name)>, cause by :
com.topcoder.clients.manager.ProjectManagerException: Fail to search projects by name=DAOConfigurationException cause by Throw for testing
	at com.topcoder.clients.manager.dao.DAOProjectManager.wrapInnerException(DAOProjectManager.java:351)
	at com.topcoder.clients.manager.dao.DAOProjectManager.searchProjectsByName(DAOProjectManager.java:790)
	at com.topcoder.clients.manager.dao.TestDAOProjectManagerFailure.testSearchProjectsByName_3(TestDAOProjectManagerFailure.java:1543)
	at sun.reflect.NativeMethodAccessorImpl.invoke0(Native Method)
	at sun.reflect.NativeMethodAccessorImpl.invoke(NativeMethodAccessorImpl.java:39)
	at sun.reflect.DelegatingMethodAccessorImpl.invoke(DelegatingMethodAccessorImpl.java:25)
	at java.lang.reflect.Method.invoke(Method.java:585)
	at junit.framework.TestCase.runTest(TestCase.java:154)
	at junit.framework.TestCase.runBare(TestCase.java:127)
	at junit.framework.TestResult$1.protect(TestResult.java:106)
	at junit.framework.TestResult.runProtected(TestResult.java:124)
	at junit.framework.TestResult.run(TestResult.java:109)
	at junit.framework.TestCase.run(TestCase.java:118)
	at junit.framework.TestSuite.runTest(TestSuite.java:208)
	at junit.framework.TestSuite.run(TestSuite.java:203)
	at junit.framework.TestSuite.runTest(TestSuite.java:208)
	at junit.framework.TestSuite.run(TestSuite.java:203)
	at junit.framework.TestSuite.runTest(TestSuite.java:208)
	at junit.framework.TestSuite.run(TestSuite.java:203)
	at org.apache.tools.ant.taskdefs.optional.junit.JUnitTestRunner.run(JUnitTestRunner.java:421)
	at org.apache.tools.ant.taskdefs.optional.junit.JUnitTestRunner.launch(JUnitTestRunner.java:912)
	at org.apache.tools.ant.taskdefs.optional.junit.JUnitTestRunner.main(JUnitTestRunner.java:766)
Caused by: com.topcoder.clients.dao.DAOConfigurationException: Throw for testing
	at com.topcoder.clients.manager.MockProjectDAO.searchByName(MockProjectDAO.java:124)
	at com.topcoder.clients.manager.dao.DAOProjectManager.searchProjectsByName(DAOProjectManager.java:780)
	... 20 more
Caused by: java.lang.NullPointerException: NPE Raised 
	... 22 more
[Entering method <com.topcoder.clients.manager.dao.DAOProjectManager.searchProjects(Filter filter)>; Parameters:{ ParamName<filter>; ParamValue: <null>  }  at 2008-08-29 23:59:01.015 ]
[Error occurred in method <com.topcoder.clients.manager.dao.DAOProjectManager.searchProjects(Filter filter)>, cause by :
java.lang.IllegalArgumentException: The parameter 'filter' should not be null.
	at com.topcoder.clients.manager.dao.Helper.checkNull(Helper.java:69)
	at com.topcoder.clients.manager.dao.DAOProjectManager.searchProjects(DAOProjectManager.java:818)
	at com.topcoder.clients.manager.dao.TestDAOProjectManagerFailure.testSearchProjects_1(TestDAOProjectManagerFailure.java:1561)
	at sun.reflect.NativeMethodAccessorImpl.invoke0(Native Method)
	at sun.reflect.NativeMethodAccessorImpl.invoke(NativeMethodAccessorImpl.java:39)
	at sun.reflect.DelegatingMethodAccessorImpl.invoke(DelegatingMethodAccessorImpl.java:25)
	at java.lang.reflect.Method.invoke(Method.java:585)
	at junit.framework.TestCase.runTest(TestCase.java:154)
	at junit.framework.TestCase.runBare(TestCase.java:127)
	at junit.framework.TestResult$1.protect(TestResult.java:106)
	at junit.framework.TestResult.runProtected(TestResult.java:124)
	at junit.framework.TestResult.run(TestResult.java:109)
	at junit.framework.TestCase.run(TestCase.java:118)
	at junit.framework.TestSuite.runTest(TestSuite.java:208)
	at junit.framework.TestSuite.run(TestSuite.java:203)
	at junit.framework.TestSuite.runTest(TestSuite.java:208)
	at junit.framework.TestSuite.run(TestSuite.java:203)
	at junit.framework.TestSuite.runTest(TestSuite.java:208)
	at junit.framework.TestSuite.run(TestSuite.java:203)
	at org.apache.tools.ant.taskdefs.optional.junit.JUnitTestRunner.run(JUnitTestRunner.java:421)
	at org.apache.tools.ant.taskdefs.optional.junit.JUnitTestRunner.launch(JUnitTestRunner.java:912)
	at org.apache.tools.ant.taskdefs.optional.junit.JUnitTestRunner.main(JUnitTestRunner.java:766)
[Entering method <com.topcoder.clients.manager.dao.DAOProjectManager.searchProjects(Filter filter)>; Parameters:{ ParamName<filter>; ParamValue: <com.topcoder.search.builder.filter.EqualToFilter@1e845c2>  }  at 2008-08-29 23:59:01.015 ]
[Error occurred in method <com.topcoder.clients.manager.dao.DAOProjectManager.searchProjects(Filter filter)>, cause by :
com.topcoder.clients.manager.ProjectManagerException: Fail to search Project by filter, cause by Throw for testing
	at com.topcoder.clients.manager.dao.DAOProjectManager.wrapInnerException(DAOProjectManager.java:351)
	at com.topcoder.clients.manager.dao.DAOProjectManager.searchProjects(DAOProjectManager.java:834)
	at com.topcoder.clients.manager.dao.TestDAOProjectManagerFailure.testSearchProjects_2(TestDAOProjectManagerFailure.java:1581)
	at sun.reflect.NativeMethodAccessorImpl.invoke0(Native Method)
	at sun.reflect.NativeMethodAccessorImpl.invoke(NativeMethodAccessorImpl.java:39)
	at sun.reflect.DelegatingMethodAccessorImpl.invoke(DelegatingMethodAccessorImpl.java:25)
	at java.lang.reflect.Method.invoke(Method.java:585)
	at junit.framework.TestCase.runTest(TestCase.java:154)
	at junit.framework.TestCase.runBare(TestCase.java:127)
	at junit.framework.TestResult$1.protect(TestResult.java:106)
	at junit.framework.TestResult.runProtected(TestResult.java:124)
	at junit.framework.TestResult.run(TestResult.java:109)
	at junit.framework.TestCase.run(TestCase.java:118)
	at junit.framework.TestSuite.runTest(TestSuite.java:208)
	at junit.framework.TestSuite.run(TestSuite.java:203)
	at junit.framework.TestSuite.runTest(TestSuite.java:208)
	at junit.framework.TestSuite.run(TestSuite.java:203)
	at junit.framework.TestSuite.runTest(TestSuite.java:208)
	at junit.framework.TestSuite.run(TestSuite.java:203)
	at org.apache.tools.ant.taskdefs.optional.junit.JUnitTestRunner.run(JUnitTestRunner.java:421)
	at org.apache.tools.ant.taskdefs.optional.junit.JUnitTestRunner.launch(JUnitTestRunner.java:912)
	at org.apache.tools.ant.taskdefs.optional.junit.JUnitTestRunner.main(JUnitTestRunner.java:766)
Caused by: com.topcoder.clients.dao.DAOException: Throw for testing
	at com.topcoder.clients.manager.MockProjectDAO.search(MockProjectDAO.java:145)
	at com.topcoder.clients.manager.dao.DAOProjectManager.searchProjects(DAOProjectManager.java:820)
	... 20 more
Caused by: java.lang.NullPointerException: NPE Raised 
	... 22 more
[Entering method <com.topcoder.clients.manager.dao.DAOProjectManager.searchProjects(Filter filter)>; Parameters:{ ParamName<filter>; ParamValue: <com.topcoder.search.builder.filter.EqualToFilter@186df0f>  }  at 2008-08-29 23:59:01.031 ]
[Error occurred in method <com.topcoder.clients.manager.dao.DAOProjectManager.searchProjects(Filter filter)>, cause by :
com.topcoder.clients.manager.ProjectManagerException: Fail to search Project by filter, cause by Throw for testing
	at com.topcoder.clients.manager.dao.DAOProjectManager.wrapInnerException(DAOProjectManager.java:351)
	at com.topcoder.clients.manager.dao.DAOProjectManager.searchProjects(DAOProjectManager.java:831)
	at com.topcoder.clients.manager.dao.TestDAOProjectManagerFailure.testSearchProjects_3(TestDAOProjectManagerFailure.java:1601)
	at sun.reflect.NativeMethodAccessorImpl.invoke0(Native Method)
	at sun.reflect.NativeMethodAccessorImpl.invoke(NativeMethodAccessorImpl.java:39)
	at sun.reflect.DelegatingMethodAccessorImpl.invoke(DelegatingMethodAccessorImpl.java:25)
	at java.lang.reflect.Method.invoke(Method.java:585)
	at junit.framework.TestCase.runTest(TestCase.java:154)
	at junit.framework.TestCase.runBare(TestCase.java:127)
	at junit.framework.TestResult$1.protect(TestResult.java:106)
	at junit.framework.TestResult.runProtected(TestResult.java:124)
	at junit.framework.TestResult.run(TestResult.java:109)
	at junit.framework.TestCase.run(TestCase.java:118)
	at junit.framework.TestSuite.runTest(TestSuite.java:208)
	at junit.framework.TestSuite.run(TestSuite.java:203)
	at junit.framework.TestSuite.runTest(TestSuite.java:208)
	at junit.framework.TestSuite.run(TestSuite.java:203)
	at junit.framework.TestSuite.runTest(TestSuite.java:208)
	at junit.framework.TestSuite.run(TestSuite.java:203)
	at org.apache.tools.ant.taskdefs.optional.junit.JUnitTestRunner.run(JUnitTestRunner.java:421)
	at org.apache.tools.ant.taskdefs.optional.junit.JUnitTestRunner.launch(JUnitTestRunner.java:912)
	at org.apache.tools.ant.taskdefs.optional.junit.JUnitTestRunner.main(JUnitTestRunner.java:766)
Caused by: com.topcoder.clients.dao.DAOConfigurationException: Throw for testing
	at com.topcoder.clients.manager.MockProjectDAO.search(MockProjectDAO.java:149)
	at com.topcoder.clients.manager.dao.DAOProjectManager.searchProjects(DAOProjectManager.java:820)
	... 20 more
Caused by: java.lang.NullPointerException: NPE Raised 
	... 22 more
[Entering method <com.topcoder.clients.manager.dao.DAOProjectManager.getProjectStatus(long id)>; Parameters:{ ParamName<id>; ParamValue: <1002>  }  at 2008-08-29 23:59:01.031 ]
[Error occurred in method <com.topcoder.clients.manager.dao.DAOProjectManager.getProjectStatus(long id)>, cause by :
com.topcoder.clients.manager.ProjectManagerException: Fail to getProjectStatus with id=1002 , cause by Throw for testing
	at com.topcoder.clients.manager.dao.DAOProjectManager.wrapInnerException(DAOProjectManager.java:351)
	at com.topcoder.clients.manager.dao.DAOProjectManager.getProjectStatus(DAOProjectManager.java:871)
	at com.topcoder.clients.manager.dao.TestDAOProjectManagerFailure.testGetProjectStatus_3(TestDAOProjectManagerFailure.java:1655)
	at sun.reflect.NativeMethodAccessorImpl.invoke0(Native Method)
	at sun.reflect.NativeMethodAccessorImpl.invoke(NativeMethodAccessorImpl.java:39)
	at sun.reflect.DelegatingMethodAccessorImpl.invoke(DelegatingMethodAccessorImpl.java:25)
	at java.lang.reflect.Method.invoke(Method.java:585)
	at junit.framework.TestCase.runTest(TestCase.java:154)
	at junit.framework.TestCase.runBare(TestCase.java:127)
	at junit.framework.TestResult$1.protect(TestResult.java:106)
	at junit.framework.TestResult.runProtected(TestResult.java:124)
	at junit.framework.TestResult.run(TestResult.java:109)
	at junit.framework.TestCase.run(TestCase.java:118)
	at junit.framework.TestSuite.runTest(TestSuite.java:208)
	at junit.framework.TestSuite.run(TestSuite.java:203)
	at junit.framework.TestSuite.runTest(TestSuite.java:208)
	at junit.framework.TestSuite.run(TestSuite.java:203)
	at junit.framework.TestSuite.runTest(TestSuite.java:208)
	at junit.framework.TestSuite.run(TestSuite.java:203)
	at org.apache.tools.ant.taskdefs.optional.junit.JUnitTestRunner.run(JUnitTestRunner.java:421)
	at org.apache.tools.ant.taskdefs.optional.junit.JUnitTestRunner.launch(JUnitTestRunner.java:912)
	at org.apache.tools.ant.taskdefs.optional.junit.JUnitTestRunner.main(JUnitTestRunner.java:766)
Caused by: com.topcoder.clients.dao.DAOException: Throw for testing
	at com.topcoder.clients.manager.MockProjectStatusDAO.retrieveById(MockProjectStatusDAO.java:73)
	at com.topcoder.clients.manager.dao.DAOProjectManager.getProjectStatus(DAOProjectManager.java:857)
	... 20 more
Caused by: java.lang.NullPointerException: NPE Raised 
	... 22 more
[Entering method <com.topcoder.clients.manager.dao.DAOProjectManager.getProjectStatus(long id)>; Parameters:{ ParamName<id>; ParamValue: <4>  }  at 2008-08-29 23:59:01.031 ]
[Error occurred in method <com.topcoder.clients.manager.dao.DAOProjectManager.getProjectStatus(long id)>, cause by :
com.topcoder.clients.manager.ProjectManagerException: Fail to getProjectStatus with id=4 , cause by com.topcoder.clients.model.Client
	at com.topcoder.clients.manager.dao.DAOProjectManager.wrapInnerException(DAOProjectManager.java:351)
	at com.topcoder.clients.manager.dao.DAOProjectManager.getProjectStatus(DAOProjectManager.java:874)
	at com.topcoder.clients.manager.dao.TestDAOProjectManagerFailure.testGetProjectStatus_4(TestDAOProjectManagerFailure.java:1673)
	at sun.reflect.NativeMethodAccessorImpl.invoke0(Native Method)
	at sun.reflect.NativeMethodAccessorImpl.invoke(NativeMethodAccessorImpl.java:39)
	at sun.reflect.DelegatingMethodAccessorImpl.invoke(DelegatingMethodAccessorImpl.java:25)
	at java.lang.reflect.Method.invoke(Method.java:585)
	at junit.framework.TestCase.runTest(TestCase.java:154)
	at junit.framework.TestCase.runBare(TestCase.java:127)
	at junit.framework.TestResult$1.protect(TestResult.java:106)
	at junit.framework.TestResult.runProtected(TestResult.java:124)
	at junit.framework.TestResult.run(TestResult.java:109)
	at junit.framework.TestCase.run(TestCase.java:118)
	at junit.framework.TestSuite.runTest(TestSuite.java:208)
	at junit.framework.TestSuite.run(TestSuite.java:203)
	at junit.framework.TestSuite.runTest(TestSuite.java:208)
	at junit.framework.TestSuite.run(TestSuite.java:203)
	at junit.framework.TestSuite.runTest(TestSuite.java:208)
	at junit.framework.TestSuite.run(TestSuite.java:203)
	at org.apache.tools.ant.taskdefs.optional.junit.JUnitTestRunner.run(JUnitTestRunner.java:421)
	at org.apache.tools.ant.taskdefs.optional.junit.JUnitTestRunner.launch(JUnitTestRunner.java:912)
	at org.apache.tools.ant.taskdefs.optional.junit.JUnitTestRunner.main(JUnitTestRunner.java:766)
Caused by: java.lang.ClassCastException: com.topcoder.clients.model.Client
	at com.topcoder.clients.manager.dao.DAOProjectManager.getProjectStatus(DAOProjectManager.java:857)
	... 20 more
[Entering method <com.topcoder.clients.manager.dao.DAOProjectManager.getAllProjectStatuses()>; Parameters:{ }  at 2008-08-29 23:59:01.046 ]
[Error occurred in method <com.topcoder.clients.manager.dao.DAOProjectManager.getAllProjectStatuses()>, cause by :
com.topcoder.clients.manager.ProjectManagerException: Fail to get all ProjectStatus , cause by Throw for testing
	at com.topcoder.clients.manager.dao.DAOProjectManager.wrapInnerException(DAOProjectManager.java:351)
	at com.topcoder.clients.manager.dao.DAOProjectManager.getAllProjectStatuses(DAOProjectManager.java:900)
	at com.topcoder.clients.manager.dao.TestDAOProjectManagerFailure.testGetAllProjectStatuses_1(TestDAOProjectManagerFailure.java:1697)
	at sun.reflect.NativeMethodAccessorImpl.invoke0(Native Method)
	at sun.reflect.NativeMethodAccessorImpl.invoke(NativeMethodAccessorImpl.java:39)
	at sun.reflect.DelegatingMethodAccessorImpl.invoke(DelegatingMethodAccessorImpl.java:25)
	at java.lang.reflect.Method.invoke(Method.java:585)
	at junit.framework.TestCase.runTest(TestCase.java:154)
	at junit.framework.TestCase.runBare(TestCase.java:127)
	at junit.framework.TestResult$1.protect(TestResult.java:106)
	at junit.framework.TestResult.runProtected(TestResult.java:124)
	at junit.framework.TestResult.run(TestResult.java:109)
	at junit.framework.TestCase.run(TestCase.java:118)
	at junit.framework.TestSuite.runTest(TestSuite.java:208)
	at junit.framework.TestSuite.run(TestSuite.java:203)
	at junit.framework.TestSuite.runTest(TestSuite.java:208)
	at junit.framework.TestSuite.run(TestSuite.java:203)
	at junit.framework.TestSuite.runTest(TestSuite.java:208)
	at junit.framework.TestSuite.run(TestSuite.java:203)
	at org.apache.tools.ant.taskdefs.optional.junit.JUnitTestRunner.run(JUnitTestRunner.java:421)
	at org.apache.tools.ant.taskdefs.optional.junit.JUnitTestRunner.launch(JUnitTestRunner.java:912)
	at org.apache.tools.ant.taskdefs.optional.junit.JUnitTestRunner.main(JUnitTestRunner.java:766)
Caused by: com.topcoder.clients.dao.DAOException: Throw for testing
	at com.topcoder.clients.manager.MockProjectStatusDAO.retrieveAll(MockProjectStatusDAO.java:93)
	at com.topcoder.clients.manager.dao.DAOProjectManager.getAllProjectStatuses(DAOProjectManager.java:891)
	... 20 more
Caused by: java.lang.NullPointerException: NPE Raised 
	... 22 more
[Entering method <com.topcoder.clients.manager.dao.DAOProjectManager.getAllProjectStatuses()>; Parameters:{ }  at 2008-08-29 23:59:01.046 ]
[Error occurred in method <com.topcoder.clients.manager.dao.DAOProjectManager.getAllProjectStatuses()>, cause by :
com.topcoder.clients.manager.ProjectManagerException: Fail to get all ProjectStatus , cause by Throw for testing
	at com.topcoder.clients.manager.dao.DAOProjectManager.wrapInnerException(DAOProjectManager.java:351)
	at com.topcoder.clients.manager.dao.DAOProjectManager.getAllProjectStatuses(DAOProjectManager.java:897)
	at com.topcoder.clients.manager.dao.TestDAOProjectManagerFailure.testGetAllProjectStatuses_2(TestDAOProjectManagerFailure.java:1721)
	at sun.reflect.NativeMethodAccessorImpl.invoke0(Native Method)
	at sun.reflect.NativeMethodAccessorImpl.invoke(NativeMethodAccessorImpl.java:39)
	at sun.reflect.DelegatingMethodAccessorImpl.invoke(DelegatingMethodAccessorImpl.java:25)
	at java.lang.reflect.Method.invoke(Method.java:585)
	at junit.framework.TestCase.runTest(TestCase.java:154)
	at junit.framework.TestCase.runBare(TestCase.java:127)
	at junit.framework.TestResult$1.protect(TestResult.java:106)
	at junit.framework.TestResult.runProtected(TestResult.java:124)
	at junit.framework.TestResult.run(TestResult.java:109)
	at junit.framework.TestCase.run(TestCase.java:118)
	at junit.framework.TestSuite.runTest(TestSuite.java:208)
	at junit.framework.TestSuite.run(TestSuite.java:203)
	at junit.framework.TestSuite.runTest(TestSuite.java:208)
	at junit.framework.TestSuite.run(TestSuite.java:203)
	at junit.framework.TestSuite.runTest(TestSuite.java:208)
	at junit.framework.TestSuite.run(TestSuite.java:203)
	at org.apache.tools.ant.taskdefs.optional.junit.JUnitTestRunner.run(JUnitTestRunner.java:421)
	at org.apache.tools.ant.taskdefs.optional.junit.JUnitTestRunner.launch(JUnitTestRunner.java:912)
	at org.apache.tools.ant.taskdefs.optional.junit.JUnitTestRunner.main(JUnitTestRunner.java:766)
Caused by: com.topcoder.clients.dao.DAOConfigurationException: Throw for testing
	at com.topcoder.clients.manager.MockProjectStatusDAO.retrieveAll(MockProjectStatusDAO.java:97)
	at com.topcoder.clients.manager.dao.DAOProjectManager.getAllProjectStatuses(DAOProjectManager.java:891)
	... 20 more
Caused by: java.lang.NullPointerException: NPE Raised 
	... 22 more
[Entering method <com.topcoder.clients.manager.dao.DAOProjectManager.getProjectsForStatus(ProjectStatus status)>; Parameters:{ ParamName<status>; ParamValue: <null>  }  at 2008-08-29 23:59:01.046 ]
[Error occurred in method <com.topcoder.clients.manager.dao.DAOProjectManager.getProjectsForStatus(ProjectStatus status)>, cause by :
java.lang.IllegalArgumentException: The parameter 'status' should not be null.
	at com.topcoder.clients.manager.dao.Helper.checkNull(Helper.java:69)
	at com.topcoder.clients.manager.dao.DAOProjectManager.getProjectsForStatus(DAOProjectManager.java:924)
	at com.topcoder.clients.manager.dao.TestDAOProjectManagerFailure.testGetProjectsForStatus_1(TestDAOProjectManagerFailure.java:1739)
	at sun.reflect.NativeMethodAccessorImpl.invoke0(Native Method)
	at sun.reflect.NativeMethodAccessorImpl.invoke(NativeMethodAccessorImpl.java:39)
	at sun.reflect.DelegatingMethodAccessorImpl.invoke(DelegatingMethodAccessorImpl.java:25)
	at java.lang.reflect.Method.invoke(Method.java:585)
	at junit.framework.TestCase.runTest(TestCase.java:154)
	at junit.framework.TestCase.runBare(TestCase.java:127)
	at junit.framework.TestResult$1.protect(TestResult.java:106)
	at junit.framework.TestResult.runProtected(TestResult.java:124)
	at junit.framework.TestResult.run(TestResult.java:109)
	at junit.framework.TestCase.run(TestCase.java:118)
	at junit.framework.TestSuite.runTest(TestSuite.java:208)
	at junit.framework.TestSuite.run(TestSuite.java:203)
	at junit.framework.TestSuite.runTest(TestSuite.java:208)
	at junit.framework.TestSuite.run(TestSuite.java:203)
	at junit.framework.TestSuite.runTest(TestSuite.java:208)
	at junit.framework.TestSuite.run(TestSuite.java:203)
	at org.apache.tools.ant.taskdefs.optional.junit.JUnitTestRunner.run(JUnitTestRunner.java:421)
	at org.apache.tools.ant.taskdefs.optional.junit.JUnitTestRunner.launch(JUnitTestRunner.java:912)
	at org.apache.tools.ant.taskdefs.optional.junit.JUnitTestRunner.main(JUnitTestRunner.java:766)
[Entering method <com.topcoder.clients.manager.dao.DAOProjectManager.getProjectsForStatus(ProjectStatus status)>; Parameters:{ ParamName<status>; ParamValue: <[ id=-1 name=null description=null isDeleted=false]>  }  at 2008-08-29 23:59:01.046 ]
[Error occurred in method <com.topcoder.clients.manager.dao.DAOProjectManager.getProjectsForStatus(ProjectStatus status)>, cause by :
java.lang.IllegalArgumentException: The parameter id should not be negative.
	at com.topcoder.clients.manager.dao.Helper.checkId(Helper.java:115)
	at com.topcoder.clients.manager.dao.DAOProjectManager.getProjectsForStatus(DAOProjectManager.java:926)
	at com.topcoder.clients.manager.dao.TestDAOProjectManagerFailure.testGetProjectsForStatus_2(TestDAOProjectManagerFailure.java:1760)
	at sun.reflect.NativeMethodAccessorImpl.invoke0(Native Method)
	at sun.reflect.NativeMethodAccessorImpl.invoke(NativeMethodAccessorImpl.java:39)
	at sun.reflect.DelegatingMethodAccessorImpl.invoke(DelegatingMethodAccessorImpl.java:25)
	at java.lang.reflect.Method.invoke(Method.java:585)
	at junit.framework.TestCase.runTest(TestCase.java:154)
	at junit.framework.TestCase.runBare(TestCase.java:127)
	at junit.framework.TestResult$1.protect(TestResult.java:106)
	at junit.framework.TestResult.runProtected(TestResult.java:124)
	at junit.framework.TestResult.run(TestResult.java:109)
	at junit.framework.TestCase.run(TestCase.java:118)
	at junit.framework.TestSuite.runTest(TestSuite.java:208)
	at junit.framework.TestSuite.run(TestSuite.java:203)
	at junit.framework.TestSuite.runTest(TestSuite.java:208)
	at junit.framework.TestSuite.run(TestSuite.java:203)
	at junit.framework.TestSuite.runTest(TestSuite.java:208)
	at junit.framework.TestSuite.run(TestSuite.java:203)
	at org.apache.tools.ant.taskdefs.optional.junit.JUnitTestRunner.run(JUnitTestRunner.java:421)
	at org.apache.tools.ant.taskdefs.optional.junit.JUnitTestRunner.launch(JUnitTestRunner.java:912)
	at org.apache.tools.ant.taskdefs.optional.junit.JUnitTestRunner.main(JUnitTestRunner.java:766)
[Entering method <com.topcoder.clients.manager.dao.DAOProjectManager.getProjectsForStatus(ProjectStatus status)>; Parameters:{ ParamName<status>; ParamValue: <[ id=1 name=DAOException description=null isDeleted=false]>  }  at 2008-08-29 23:59:01.062 ]
[Error occurred in method <com.topcoder.clients.manager.dao.DAOProjectManager.getProjectsForStatus(ProjectStatus status)>, cause by :
com.topcoder.clients.manager.ProjectManagerException: Fail to get Projects for ProjectStatus, cause by Throw for testing
	at com.topcoder.clients.manager.dao.DAOProjectManager.wrapInnerException(DAOProjectManager.java:351)
	at com.topcoder.clients.manager.dao.DAOProjectManager.getProjectsForStatus(DAOProjectManager.java:940)
	at com.topcoder.clients.manager.dao.TestDAOProjectManagerFailure.testGetProjectsForStatus_3(TestDAOProjectManagerFailure.java:1782)
	at sun.reflect.NativeMethodAccessorImpl.invoke0(Native Method)
	at sun.reflect.NativeMethodAccessorImpl.invoke(NativeMethodAccessorImpl.java:39)
	at sun.reflect.DelegatingMethodAccessorImpl.invoke(DelegatingMethodAccessorImpl.java:25)
	at java.lang.reflect.Method.invoke(Method.java:585)
	at junit.framework.TestCase.runTest(TestCase.java:154)
	at junit.framework.TestCase.runBare(TestCase.java:127)
	at junit.framework.TestResult$1.protect(TestResult.java:106)
	at junit.framework.TestResult.runProtected(TestResult.java:124)
	at junit.framework.TestResult.run(TestResult.java:109)
	at junit.framework.TestCase.run(TestCase.java:118)
	at junit.framework.TestSuite.runTest(TestSuite.java:208)
	at junit.framework.TestSuite.run(TestSuite.java:203)
	at junit.framework.TestSuite.runTest(TestSuite.java:208)
	at junit.framework.TestSuite.run(TestSuite.java:203)
	at junit.framework.TestSuite.runTest(TestSuite.java:208)
	at junit.framework.TestSuite.run(TestSuite.java:203)
	at org.apache.tools.ant.taskdefs.optional.junit.JUnitTestRunner.run(JUnitTestRunner.java:421)
	at org.apache.tools.ant.taskdefs.optional.junit.JUnitTestRunner.launch(JUnitTestRunner.java:912)
	at org.apache.tools.ant.taskdefs.optional.junit.JUnitTestRunner.main(JUnitTestRunner.java:766)
Caused by: com.topcoder.clients.dao.DAOException: Throw for testing
	at com.topcoder.clients.manager.MockProjectStatusDAO.getProjectsWithStatus(MockProjectStatusDAO.java:194)
	at com.topcoder.clients.manager.MockProjectStatusDAO.getProjectsWithStatus(MockProjectStatusDAO.java:27)
	at com.topcoder.clients.manager.dao.DAOProjectManager.getProjectsForStatus(DAOProjectManager.java:928)
	... 20 more
Caused by: java.lang.NullPointerException: NPE Raised 
	... 23 more
[Entering method <com.topcoder.clients.manager.dao.DAOProjectManager.getProjectsForStatus(ProjectStatus status)>; Parameters:{ ParamName<status>; ParamValue: <[ id=1 name=DAOConfigurationException description=null isDeleted=false]>  }  at 2008-08-29 23:59:01.062 ]
[Error occurred in method <com.topcoder.clients.manager.dao.DAOProjectManager.getProjectsForStatus(ProjectStatus status)>, cause by :
com.topcoder.clients.manager.ProjectManagerException: Fail to get Projects for ProjectStatus, cause by Throw for testing
	at com.topcoder.clients.manager.dao.DAOProjectManager.wrapInnerException(DAOProjectManager.java:351)
	at com.topcoder.clients.manager.dao.DAOProjectManager.getProjectsForStatus(DAOProjectManager.java:937)
	at com.topcoder.clients.manager.dao.TestDAOProjectManagerFailure.testGetProjectsForStatus_4(TestDAOProjectManagerFailure.java:1804)
	at sun.reflect.NativeMethodAccessorImpl.invoke0(Native Method)
	at sun.reflect.NativeMethodAccessorImpl.invoke(NativeMethodAccessorImpl.java:39)
	at sun.reflect.DelegatingMethodAccessorImpl.invoke(DelegatingMethodAccessorImpl.java:25)
	at java.lang.reflect.Method.invoke(Method.java:585)
	at junit.framework.TestCase.runTest(TestCase.java:154)
	at junit.framework.TestCase.runBare(TestCase.java:127)
	at junit.framework.TestResult$1.protect(TestResult.java:106)
	at junit.framework.TestResult.runProtected(TestResult.java:124)
	at junit.framework.TestResult.run(TestResult.java:109)
	at junit.framework.TestCase.run(TestCase.java:118)
	at junit.framework.TestSuite.runTest(TestSuite.java:208)
	at junit.framework.TestSuite.run(TestSuite.java:203)
	at junit.framework.TestSuite.runTest(TestSuite.java:208)
	at junit.framework.TestSuite.run(TestSuite.java:203)
	at junit.framework.TestSuite.runTest(TestSuite.java:208)
	at junit.framework.TestSuite.run(TestSuite.java:203)
	at org.apache.tools.ant.taskdefs.optional.junit.JUnitTestRunner.run(JUnitTestRunner.java:421)
	at org.apache.tools.ant.taskdefs.optional.junit.JUnitTestRunner.launch(JUnitTestRunner.java:912)
	at org.apache.tools.ant.taskdefs.optional.junit.JUnitTestRunner.main(JUnitTestRunner.java:766)
Caused by: com.topcoder.clients.dao.DAOConfigurationException: Throw for testing
	at com.topcoder.clients.manager.MockProjectStatusDAO.getProjectsWithStatus(MockProjectStatusDAO.java:198)
	at com.topcoder.clients.manager.MockProjectStatusDAO.getProjectsWithStatus(MockProjectStatusDAO.java:27)
	at com.topcoder.clients.manager.dao.DAOProjectManager.getProjectsForStatus(DAOProjectManager.java:928)
	... 20 more
Caused by: java.lang.NullPointerException: NPE Raised 
	... 23 more
[Entering method <com.topcoder.clients.manager.dao.DAOProjectManager.createProjectStatus(ProjectStatus status)>; Parameters:{ ParamName<status>; ParamValue: <null>  }  at 2008-08-29 23:59:01.062 ]
[Error occurred in method <com.topcoder.clients.manager.dao.DAOProjectManager.createProjectStatus(ProjectStatus status)>, cause by :
java.lang.IllegalArgumentException: The parameter 'status' should not be null.
	at com.topcoder.clients.manager.dao.Helper.checkNull(Helper.java:69)
	at com.topcoder.clients.manager.dao.Helper.validateProjectStatus(Helper.java:236)
	at com.topcoder.clients.manager.dao.DAOProjectManager.createProjectStatus(DAOProjectManager.java:965)
	at com.topcoder.clients.manager.dao.TestDAOProjectManagerFailure.testCreateProjectStatus_F_1(TestDAOProjectManagerFailure.java:1823)
	at sun.reflect.NativeMethodAccessorImpl.invoke0(Native Method)
	at sun.reflect.NativeMethodAccessorImpl.invoke(NativeMethodAccessorImpl.java:39)
	at sun.reflect.DelegatingMethodAccessorImpl.invoke(DelegatingMethodAccessorImpl.java:25)
	at java.lang.reflect.Method.invoke(Method.java:585)
	at junit.framework.TestCase.runTest(TestCase.java:154)
	at junit.framework.TestCase.runBare(TestCase.java:127)
	at junit.framework.TestResult$1.protect(TestResult.java:106)
	at junit.framework.TestResult.runProtected(TestResult.java:124)
	at junit.framework.TestResult.run(TestResult.java:109)
	at junit.framework.TestCase.run(TestCase.java:118)
	at junit.framework.TestSuite.runTest(TestSuite.java:208)
	at junit.framework.TestSuite.run(TestSuite.java:203)
	at junit.framework.TestSuite.runTest(TestSuite.java:208)
	at junit.framework.TestSuite.run(TestSuite.java:203)
	at junit.framework.TestSuite.runTest(TestSuite.java:208)
	at junit.framework.TestSuite.run(TestSuite.java:203)
	at org.apache.tools.ant.taskdefs.optional.junit.JUnitTestRunner.run(JUnitTestRunner.java:421)
	at org.apache.tools.ant.taskdefs.optional.junit.JUnitTestRunner.launch(JUnitTestRunner.java:912)
	at org.apache.tools.ant.taskdefs.optional.junit.JUnitTestRunner.main(JUnitTestRunner.java:766)
[Entering method <com.topcoder.clients.manager.dao.DAOProjectManager.createProjectStatus(ProjectStatus status)>; Parameters:{ ParamName<status>; ParamValue: <[ id=0 name=null description=a isDeleted=false]>  }  at 2008-08-29 23:59:01.078 ]
[Error occurred in method <com.topcoder.clients.manager.dao.DAOProjectManager.createProjectStatus(ProjectStatus status)>, cause by :
java.lang.IllegalArgumentException: The ProjectStatus should have a non-null, non-empty name.
	at com.topcoder.clients.manager.dao.Helper.validateProjectStatus(Helper.java:239)
	at com.topcoder.clients.manager.dao.DAOProjectManager.createProjectStatus(DAOProjectManager.java:965)
	at com.topcoder.clients.manager.dao.TestDAOProjectManagerFailure.testCreateProjectStatus_F_2(TestDAOProjectManagerFailure.java:1845)
	at sun.reflect.NativeMethodAccessorImpl.invoke0(Native Method)
	at sun.reflect.NativeMethodAccessorImpl.invoke(NativeMethodAccessorImpl.java:39)
	at sun.reflect.DelegatingMethodAccessorImpl.invoke(DelegatingMethodAccessorImpl.java:25)
	at java.lang.reflect.Method.invoke(Method.java:585)
	at junit.framework.TestCase.runTest(TestCase.java:154)
	at junit.framework.TestCase.runBare(TestCase.java:127)
	at junit.framework.TestResult$1.protect(TestResult.java:106)
	at junit.framework.TestResult.runProtected(TestResult.java:124)
	at junit.framework.TestResult.run(TestResult.java:109)
	at junit.framework.TestCase.run(TestCase.java:118)
	at junit.framework.TestSuite.runTest(TestSuite.java:208)
	at junit.framework.TestSuite.run(TestSuite.java:203)
	at junit.framework.TestSuite.runTest(TestSuite.java:208)
	at junit.framework.TestSuite.run(TestSuite.java:203)
	at junit.framework.TestSuite.runTest(TestSuite.java:208)
	at junit.framework.TestSuite.run(TestSuite.java:203)
	at org.apache.tools.ant.taskdefs.optional.junit.JUnitTestRunner.run(JUnitTestRunner.java:421)
	at org.apache.tools.ant.taskdefs.optional.junit.JUnitTestRunner.launch(JUnitTestRunner.java:912)
	at org.apache.tools.ant.taskdefs.optional.junit.JUnitTestRunner.main(JUnitTestRunner.java:766)
[Entering method <com.topcoder.clients.manager.dao.DAOProjectManager.createProjectStatus(ProjectStatus status)>; Parameters:{ ParamName<status>; ParamValue: <[ id=0 name=name description=null isDeleted=false]>  }  at 2008-08-29 23:59:01.078 ]
[Error occurred in method <com.topcoder.clients.manager.dao.DAOProjectManager.createProjectStatus(ProjectStatus status)>, cause by :
java.lang.IllegalArgumentException: The ProjectStatus should have a non-null, non-empty description.
	at com.topcoder.clients.manager.dao.Helper.validateProjectStatus(Helper.java:243)
	at com.topcoder.clients.manager.dao.DAOProjectManager.createProjectStatus(DAOProjectManager.java:965)
	at com.topcoder.clients.manager.dao.TestDAOProjectManagerFailure.testCreateProjectStatus_F_4(TestDAOProjectManagerFailure.java:1868)
	at sun.reflect.NativeMethodAccessorImpl.invoke0(Native Method)
	at sun.reflect.NativeMethodAccessorImpl.invoke(NativeMethodAccessorImpl.java:39)
	at sun.reflect.DelegatingMethodAccessorImpl.invoke(DelegatingMethodAccessorImpl.java:25)
	at java.lang.reflect.Method.invoke(Method.java:585)
	at junit.framework.TestCase.runTest(TestCase.java:154)
	at junit.framework.TestCase.runBare(TestCase.java:127)
	at junit.framework.TestResult$1.protect(TestResult.java:106)
	at junit.framework.TestResult.runProtected(TestResult.java:124)
	at junit.framework.TestResult.run(TestResult.java:109)
	at junit.framework.TestCase.run(TestCase.java:118)
	at junit.framework.TestSuite.runTest(TestSuite.java:208)
	at junit.framework.TestSuite.run(TestSuite.java:203)
	at junit.framework.TestSuite.runTest(TestSuite.java:208)
	at junit.framework.TestSuite.run(TestSuite.java:203)
	at junit.framework.TestSuite.runTest(TestSuite.java:208)
	at junit.framework.TestSuite.run(TestSuite.java:203)
	at org.apache.tools.ant.taskdefs.optional.junit.JUnitTestRunner.run(JUnitTestRunner.java:421)
	at org.apache.tools.ant.taskdefs.optional.junit.JUnitTestRunner.launch(JUnitTestRunner.java:912)
	at org.apache.tools.ant.taskdefs.optional.junit.JUnitTestRunner.main(JUnitTestRunner.java:766)
[Entering method <com.topcoder.clients.manager.dao.DAOProjectManager.createProjectStatus(ProjectStatus status)>; Parameters:{ ParamName<status>; ParamValue: <[ id=0 name=   description=a isDeleted=false]>  }  at 2008-08-29 23:59:01.078 ]
[Error occurred in method <com.topcoder.clients.manager.dao.DAOProjectManager.createProjectStatus(ProjectStatus status)>, cause by :
java.lang.IllegalArgumentException: The ProjectStatus should have a non-null, non-empty name.
	at com.topcoder.clients.manager.dao.Helper.validateProjectStatus(Helper.java:239)
	at com.topcoder.clients.manager.dao.DAOProjectManager.createProjectStatus(DAOProjectManager.java:965)
	at com.topcoder.clients.manager.dao.TestDAOProjectManagerFailure.testCreateProjectStatus_F_3(TestDAOProjectManagerFailure.java:1891)
	at sun.reflect.NativeMethodAccessorImpl.invoke0(Native Method)
	at sun.reflect.NativeMethodAccessorImpl.invoke(NativeMethodAccessorImpl.java:39)
	at sun.reflect.DelegatingMethodAccessorImpl.invoke(DelegatingMethodAccessorImpl.java:25)
	at java.lang.reflect.Method.invoke(Method.java:585)
	at junit.framework.TestCase.runTest(TestCase.java:154)
	at junit.framework.TestCase.runBare(TestCase.java:127)
	at junit.framework.TestResult$1.protect(TestResult.java:106)
	at junit.framework.TestResult.runProtected(TestResult.java:124)
	at junit.framework.TestResult.run(TestResult.java:109)
	at junit.framework.TestCase.run(TestCase.java:118)
	at junit.framework.TestSuite.runTest(TestSuite.java:208)
	at junit.framework.TestSuite.run(TestSuite.java:203)
	at junit.framework.TestSuite.runTest(TestSuite.java:208)
	at junit.framework.TestSuite.run(TestSuite.java:203)
	at junit.framework.TestSuite.runTest(TestSuite.java:208)
	at junit.framework.TestSuite.run(TestSuite.java:203)
	at org.apache.tools.ant.taskdefs.optional.junit.JUnitTestRunner.run(JUnitTestRunner.java:421)
	at org.apache.tools.ant.taskdefs.optional.junit.JUnitTestRunner.launch(JUnitTestRunner.java:912)
	at org.apache.tools.ant.taskdefs.optional.junit.JUnitTestRunner.main(JUnitTestRunner.java:766)
[Entering method <com.topcoder.clients.manager.dao.DAOProjectManager.createProjectStatus(ProjectStatus status)>; Parameters:{ ParamName<status>; ParamValue: <[ id=0 name=name description=   isDeleted=false]>  }  at 2008-08-29 23:59:01.093 ]
[Error occurred in method <com.topcoder.clients.manager.dao.DAOProjectManager.createProjectStatus(ProjectStatus status)>, cause by :
java.lang.IllegalArgumentException: The ProjectStatus should have a non-null, non-empty description.
	at com.topcoder.clients.manager.dao.Helper.validateProjectStatus(Helper.java:243)
	at com.topcoder.clients.manager.dao.DAOProjectManager.createProjectStatus(DAOProjectManager.java:965)
	at com.topcoder.clients.manager.dao.TestDAOProjectManagerFailure.testCreateProjectStatus_F_5(TestDAOProjectManagerFailure.java:1914)
	at sun.reflect.NativeMethodAccessorImpl.invoke0(Native Method)
	at sun.reflect.NativeMethodAccessorImpl.invoke(NativeMethodAccessorImpl.java:39)
	at sun.reflect.DelegatingMethodAccessorImpl.invoke(DelegatingMethodAccessorImpl.java:25)
	at java.lang.reflect.Method.invoke(Method.java:585)
	at junit.framework.TestCase.runTest(TestCase.java:154)
	at junit.framework.TestCase.runBare(TestCase.java:127)
	at junit.framework.TestResult$1.protect(TestResult.java:106)
	at junit.framework.TestResult.runProtected(TestResult.java:124)
	at junit.framework.TestResult.run(TestResult.java:109)
	at junit.framework.TestCase.run(TestCase.java:118)
	at junit.framework.TestSuite.runTest(TestSuite.java:208)
	at junit.framework.TestSuite.run(TestSuite.java:203)
	at junit.framework.TestSuite.runTest(TestSuite.java:208)
	at junit.framework.TestSuite.run(TestSuite.java:203)
	at junit.framework.TestSuite.runTest(TestSuite.java:208)
	at junit.framework.TestSuite.run(TestSuite.java:203)
	at org.apache.tools.ant.taskdefs.optional.junit.JUnitTestRunner.run(JUnitTestRunner.java:421)
	at org.apache.tools.ant.taskdefs.optional.junit.JUnitTestRunner.launch(JUnitTestRunner.java:912)
	at org.apache.tools.ant.taskdefs.optional.junit.JUnitTestRunner.main(JUnitTestRunner.java:766)
[Entering method <com.topcoder.clients.manager.dao.DAOProjectManager.createProjectStatus(ProjectStatus status)>; Parameters:{ ParamName<status>; ParamValue: <[ id=0 name=name description=d isDeleted=true]>  }  at 2008-08-29 23:59:01.093 ]
[Error occurred in method <com.topcoder.clients.manager.dao.DAOProjectManager.createProjectStatus(ProjectStatus status)>, cause by :
java.lang.IllegalArgumentException: The ProjectStatus should not be deleted.
	at com.topcoder.clients.manager.dao.Helper.validateProjectStatus(Helper.java:247)
	at com.topcoder.clients.manager.dao.DAOProjectManager.createProjectStatus(DAOProjectManager.java:965)
	at com.topcoder.clients.manager.dao.TestDAOProjectManagerFailure.testCreateProjectStatus_F_6(TestDAOProjectManagerFailure.java:1938)
	at sun.reflect.NativeMethodAccessorImpl.invoke0(Native Method)
	at sun.reflect.NativeMethodAccessorImpl.invoke(NativeMethodAccessorImpl.java:39)
	at sun.reflect.DelegatingMethodAccessorImpl.invoke(DelegatingMethodAccessorImpl.java:25)
	at java.lang.reflect.Method.invoke(Method.java:585)
	at junit.framework.TestCase.runTest(TestCase.java:154)
	at junit.framework.TestCase.runBare(TestCase.java:127)
	at junit.framework.TestResult$1.protect(TestResult.java:106)
	at junit.framework.TestResult.runProtected(TestResult.java:124)
	at junit.framework.TestResult.run(TestResult.java:109)
	at junit.framework.TestCase.run(TestCase.java:118)
	at junit.framework.TestSuite.runTest(TestSuite.java:208)
	at junit.framework.TestSuite.run(TestSuite.java:203)
	at junit.framework.TestSuite.runTest(TestSuite.java:208)
	at junit.framework.TestSuite.run(TestSuite.java:203)
	at junit.framework.TestSuite.runTest(TestSuite.java:208)
	at junit.framework.TestSuite.run(TestSuite.java:203)
	at org.apache.tools.ant.taskdefs.optional.junit.JUnitTestRunner.run(JUnitTestRunner.java:421)
	at org.apache.tools.ant.taskdefs.optional.junit.JUnitTestRunner.launch(JUnitTestRunner.java:912)
	at org.apache.tools.ant.taskdefs.optional.junit.JUnitTestRunner.main(JUnitTestRunner.java:766)
[Entering method <com.topcoder.clients.manager.dao.DAOProjectManager.createProjectStatus(ProjectStatus status)>; Parameters:{ ParamName<status>; ParamValue: <[ id=0 name=DAOException description=d isDeleted=false]>  }  at 2008-08-29 23:59:01.093 ]
[Error occurred in method <com.topcoder.clients.manager.dao.DAOProjectManager.createProjectStatus(ProjectStatus status)>, cause by :
com.topcoder.clients.manager.ProjectManagerException: Fail to create ProjectStatus, cause by Throw for testing
	at com.topcoder.clients.manager.dao.DAOProjectManager.wrapInnerException(DAOProjectManager.java:351)
	at com.topcoder.clients.manager.dao.DAOProjectManager.createProjectStatus(DAOProjectManager.java:986)
	at com.topcoder.clients.manager.dao.TestDAOProjectManagerFailure.testCreateProjectStatus_F_7(TestDAOProjectManagerFailure.java:1962)
	at sun.reflect.NativeMethodAccessorImpl.invoke0(Native Method)
	at sun.reflect.NativeMethodAccessorImpl.invoke(NativeMethodAccessorImpl.java:39)
	at sun.reflect.DelegatingMethodAccessorImpl.invoke(DelegatingMethodAccessorImpl.java:25)
	at java.lang.reflect.Method.invoke(Method.java:585)
	at junit.framework.TestCase.runTest(TestCase.java:154)
	at junit.framework.TestCase.runBare(TestCase.java:127)
	at junit.framework.TestResult$1.protect(TestResult.java:106)
	at junit.framework.TestResult.runProtected(TestResult.java:124)
	at junit.framework.TestResult.run(TestResult.java:109)
	at junit.framework.TestCase.run(TestCase.java:118)
	at junit.framework.TestSuite.runTest(TestSuite.java:208)
	at junit.framework.TestSuite.run(TestSuite.java:203)
	at junit.framework.TestSuite.runTest(TestSuite.java:208)
	at junit.framework.TestSuite.run(TestSuite.java:203)
	at junit.framework.TestSuite.runTest(TestSuite.java:208)
	at junit.framework.TestSuite.run(TestSuite.java:203)
	at org.apache.tools.ant.taskdefs.optional.junit.JUnitTestRunner.run(JUnitTestRunner.java:421)
	at org.apache.tools.ant.taskdefs.optional.junit.JUnitTestRunner.launch(JUnitTestRunner.java:912)
	at org.apache.tools.ant.taskdefs.optional.junit.JUnitTestRunner.main(JUnitTestRunner.java:766)
Caused by: com.topcoder.clients.dao.DAOException: Throw for testing
	at com.topcoder.clients.manager.MockProjectStatusDAO.save(MockProjectStatusDAO.java:139)
	at com.topcoder.clients.manager.dao.DAOProjectManager.createProjectStatus(DAOProjectManager.java:971)
	... 20 more
Caused by: java.lang.NullPointerException: NPE Raised 
	... 22 more
[Entering method <com.topcoder.clients.manager.dao.DAOProjectManager.createProjectStatus(ProjectStatus status)>; Parameters:{ ParamName<status>; ParamValue: <[ id=0 name=DAOConfigurationException description=d isDeleted=false]>  }  at 2008-08-29 23:59:01.109 ]
[Error occurred in method <com.topcoder.clients.manager.dao.DAOProjectManager.createProjectStatus(ProjectStatus status)>, cause by :
com.topcoder.clients.manager.ProjectManagerException: Fail to create ProjectStatus, cause by Throw for testing
	at com.topcoder.clients.manager.dao.DAOProjectManager.wrapInnerException(DAOProjectManager.java:351)
	at com.topcoder.clients.manager.dao.DAOProjectManager.createProjectStatus(DAOProjectManager.java:983)
	at com.topcoder.clients.manager.dao.TestDAOProjectManagerFailure.testCreateProjectStatus_F_8(TestDAOProjectManagerFailure.java:1986)
	at sun.reflect.NativeMethodAccessorImpl.invoke0(Native Method)
	at sun.reflect.NativeMethodAccessorImpl.invoke(NativeMethodAccessorImpl.java:39)
	at sun.reflect.DelegatingMethodAccessorImpl.invoke(DelegatingMethodAccessorImpl.java:25)
	at java.lang.reflect.Method.invoke(Method.java:585)
	at junit.framework.TestCase.runTest(TestCase.java:154)
	at junit.framework.TestCase.runBare(TestCase.java:127)
	at junit.framework.TestResult$1.protect(TestResult.java:106)
	at junit.framework.TestResult.runProtected(TestResult.java:124)
	at junit.framework.TestResult.run(TestResult.java:109)
	at junit.framework.TestCase.run(TestCase.java:118)
	at junit.framework.TestSuite.runTest(TestSuite.java:208)
	at junit.framework.TestSuite.run(TestSuite.java:203)
	at junit.framework.TestSuite.runTest(TestSuite.java:208)
	at junit.framework.TestSuite.run(TestSuite.java:203)
	at junit.framework.TestSuite.runTest(TestSuite.java:208)
	at junit.framework.TestSuite.run(TestSuite.java:203)
	at org.apache.tools.ant.taskdefs.optional.junit.JUnitTestRunner.run(JUnitTestRunner.java:421)
	at org.apache.tools.ant.taskdefs.optional.junit.JUnitTestRunner.launch(JUnitTestRunner.java:912)
	at org.apache.tools.ant.taskdefs.optional.junit.JUnitTestRunner.main(JUnitTestRunner.java:766)
Caused by: com.topcoder.clients.dao.DAOConfigurationException: Throw for testing
	at com.topcoder.clients.manager.MockProjectStatusDAO.save(MockProjectStatusDAO.java:143)
	at com.topcoder.clients.manager.dao.DAOProjectManager.createProjectStatus(DAOProjectManager.java:971)
	... 20 more
Caused by: java.lang.NullPointerException: NPE Raised 
	... 22 more
[Entering method <com.topcoder.clients.manager.dao.DAOProjectManager.createProjectStatus(ProjectStatus status)>; Parameters:{ ParamName<status>; ParamValue: <[ id=0 name=ClassCastException description=d isDeleted=false]>  }  at 2008-08-29 23:59:01.109 ]
[Error occurred in method <com.topcoder.clients.manager.dao.DAOProjectManager.createProjectStatus(ProjectStatus status)>, cause by :
com.topcoder.clients.manager.ProjectManagerException: Fail to create ProjectStatus, cause by com.topcoder.clients.model.Client
	at com.topcoder.clients.manager.dao.DAOProjectManager.wrapInnerException(DAOProjectManager.java:351)
	at com.topcoder.clients.manager.dao.DAOProjectManager.createProjectStatus(DAOProjectManager.java:989)
	at com.topcoder.clients.manager.dao.TestDAOProjectManagerFailure.testCreateProjectStatus_F_9(TestDAOProjectManagerFailure.java:2010)
	at sun.reflect.NativeMethodAccessorImpl.invoke0(Native Method)
	at sun.reflect.NativeMethodAccessorImpl.invoke(NativeMethodAccessorImpl.java:39)
	at sun.reflect.DelegatingMethodAccessorImpl.invoke(DelegatingMethodAccessorImpl.java:25)
	at java.lang.reflect.Method.invoke(Method.java:585)
	at junit.framework.TestCase.runTest(TestCase.java:154)
	at junit.framework.TestCase.runBare(TestCase.java:127)
	at junit.framework.TestResult$1.protect(TestResult.java:106)
	at junit.framework.TestResult.runProtected(TestResult.java:124)
	at junit.framework.TestResult.run(TestResult.java:109)
	at junit.framework.TestCase.run(TestCase.java:118)
	at junit.framework.TestSuite.runTest(TestSuite.java:208)
	at junit.framework.TestSuite.run(TestSuite.java:203)
	at junit.framework.TestSuite.runTest(TestSuite.java:208)
	at junit.framework.TestSuite.run(TestSuite.java:203)
	at junit.framework.TestSuite.runTest(TestSuite.java:208)
	at junit.framework.TestSuite.run(TestSuite.java:203)
	at org.apache.tools.ant.taskdefs.optional.junit.JUnitTestRunner.run(JUnitTestRunner.java:421)
	at org.apache.tools.ant.taskdefs.optional.junit.JUnitTestRunner.launch(JUnitTestRunner.java:912)
	at org.apache.tools.ant.taskdefs.optional.junit.JUnitTestRunner.main(JUnitTestRunner.java:766)
Caused by: java.lang.ClassCastException: com.topcoder.clients.model.Client
	at com.topcoder.clients.manager.dao.DAOProjectManager.createProjectStatus(DAOProjectManager.java:971)
	... 20 more
[Entering method <com.topcoder.clients.manager.dao.DAOProjectManager.updateProjectStatus(ProjectStatus status)>; Parameters:{ ParamName<status>; ParamValue: <null>  }  at 2008-08-29 23:59:01.109 ]
[Error occurred in method <com.topcoder.clients.manager.dao.DAOProjectManager.updateProjectStatus(ProjectStatus status)>, cause by :
java.lang.IllegalArgumentException: The parameter 'status' should not be null.
	at com.topcoder.clients.manager.dao.Helper.checkNull(Helper.java:69)
	at com.topcoder.clients.manager.dao.Helper.validateProjectStatus(Helper.java:236)
	at com.topcoder.clients.manager.dao.DAOProjectManager.updateProjectStatus(DAOProjectManager.java:1018)
	at com.topcoder.clients.manager.dao.TestDAOProjectManagerFailure.testUpdateProjectStatus_F_1(TestDAOProjectManagerFailure.java:2028)
	at sun.reflect.NativeMethodAccessorImpl.invoke0(Native Method)
	at sun.reflect.NativeMethodAccessorImpl.invoke(NativeMethodAccessorImpl.java:39)
	at sun.reflect.DelegatingMethodAccessorImpl.invoke(DelegatingMethodAccessorImpl.java:25)
	at java.lang.reflect.Method.invoke(Method.java:585)
	at junit.framework.TestCase.runTest(TestCase.java:154)
	at junit.framework.TestCase.runBare(TestCase.java:127)
	at junit.framework.TestResult$1.protect(TestResult.java:106)
	at junit.framework.TestResult.runProtected(TestResult.java:124)
	at junit.framework.TestResult.run(TestResult.java:109)
	at junit.framework.TestCase.run(TestCase.java:118)
	at junit.framework.TestSuite.runTest(TestSuite.java:208)
	at junit.framework.TestSuite.run(TestSuite.java:203)
	at junit.framework.TestSuite.runTest(TestSuite.java:208)
	at junit.framework.TestSuite.run(TestSuite.java:203)
	at junit.framework.TestSuite.runTest(TestSuite.java:208)
	at junit.framework.TestSuite.run(TestSuite.java:203)
	at org.apache.tools.ant.taskdefs.optional.junit.JUnitTestRunner.run(JUnitTestRunner.java:421)
	at org.apache.tools.ant.taskdefs.optional.junit.JUnitTestRunner.launch(JUnitTestRunner.java:912)
	at org.apache.tools.ant.taskdefs.optional.junit.JUnitTestRunner.main(JUnitTestRunner.java:766)
[Entering method <com.topcoder.clients.manager.dao.DAOProjectManager.updateProjectStatus(ProjectStatus status)>; Parameters:{ ParamName<status>; ParamValue: <[ id=0 name=d description=d isDeleted=true]>  }  at 2008-08-29 23:59:01.125 ]
[Error occurred in method <com.topcoder.clients.manager.dao.DAOProjectManager.updateProjectStatus(ProjectStatus status)>, cause by :
java.lang.IllegalArgumentException: The ProjectStatus should not be deleted.
	at com.topcoder.clients.manager.dao.Helper.validateProjectStatus(Helper.java:247)
	at com.topcoder.clients.manager.dao.DAOProjectManager.updateProjectStatus(DAOProjectManager.java:1018)
	at com.topcoder.clients.manager.dao.TestDAOProjectManagerFailure.testUpdateProjectStatus_F_2(TestDAOProjectManagerFailure.java:2051)
	at sun.reflect.NativeMethodAccessorImpl.invoke0(Native Method)
	at sun.reflect.NativeMethodAccessorImpl.invoke(NativeMethodAccessorImpl.java:39)
	at sun.reflect.DelegatingMethodAccessorImpl.invoke(DelegatingMethodAccessorImpl.java:25)
	at java.lang.reflect.Method.invoke(Method.java:585)
	at junit.framework.TestCase.runTest(TestCase.java:154)
	at junit.framework.TestCase.runBare(TestCase.java:127)
	at junit.framework.TestResult$1.protect(TestResult.java:106)
	at junit.framework.TestResult.runProtected(TestResult.java:124)
	at junit.framework.TestResult.run(TestResult.java:109)
	at junit.framework.TestCase.run(TestCase.java:118)
	at junit.framework.TestSuite.runTest(TestSuite.java:208)
	at junit.framework.TestSuite.run(TestSuite.java:203)
	at junit.framework.TestSuite.runTest(TestSuite.java:208)
	at junit.framework.TestSuite.run(TestSuite.java:203)
	at junit.framework.TestSuite.runTest(TestSuite.java:208)
	at junit.framework.TestSuite.run(TestSuite.java:203)
	at org.apache.tools.ant.taskdefs.optional.junit.JUnitTestRunner.run(JUnitTestRunner.java:421)
	at org.apache.tools.ant.taskdefs.optional.junit.JUnitTestRunner.launch(JUnitTestRunner.java:912)
	at org.apache.tools.ant.taskdefs.optional.junit.JUnitTestRunner.main(JUnitTestRunner.java:766)
[Entering method <com.topcoder.clients.manager.dao.DAOProjectManager.updateProjectStatus(ProjectStatus status)>; Parameters:{ ParamName<status>; ParamValue: <[ id=1 name=d description=d isDeleted=false]>  }  at 2008-08-29 23:59:01.125 ]
[Error occurred in method <com.topcoder.clients.manager.dao.DAOProjectManager.updateProjectStatus(ProjectStatus status)>, cause by :
com.topcoder.clients.manager.ProjectEntityNotFoundException: The ProjectStatus with id=1 does not exist.
	at com.topcoder.clients.manager.dao.DAOProjectManager.checkProjectStatusExist(DAOProjectManager.java:1062)
	at com.topcoder.clients.manager.dao.DAOProjectManager.updateProjectStatus(DAOProjectManager.java:1021)
	at com.topcoder.clients.manager.dao.TestDAOProjectManagerFailure.testUpdateProjectStatus_F_3(TestDAOProjectManagerFailure.java:2075)
	at sun.reflect.NativeMethodAccessorImpl.invoke0(Native Method)
	at sun.reflect.NativeMethodAccessorImpl.invoke(NativeMethodAccessorImpl.java:39)
	at sun.reflect.DelegatingMethodAccessorImpl.invoke(DelegatingMethodAccessorImpl.java:25)
	at java.lang.reflect.Method.invoke(Method.java:585)
	at junit.framework.TestCase.runTest(TestCase.java:154)
	at junit.framework.TestCase.runBare(TestCase.java:127)
	at junit.framework.TestResult$1.protect(TestResult.java:106)
	at junit.framework.TestResult.runProtected(TestResult.java:124)
	at junit.framework.TestResult.run(TestResult.java:109)
	at junit.framework.TestCase.run(TestCase.java:118)
	at junit.framework.TestSuite.runTest(TestSuite.java:208)
	at junit.framework.TestSuite.run(TestSuite.java:203)
	at junit.framework.TestSuite.runTest(TestSuite.java:208)
	at junit.framework.TestSuite.run(TestSuite.java:203)
	at junit.framework.TestSuite.runTest(TestSuite.java:208)
	at junit.framework.TestSuite.run(TestSuite.java:203)
	at org.apache.tools.ant.taskdefs.optional.junit.JUnitTestRunner.run(JUnitTestRunner.java:421)
	at org.apache.tools.ant.taskdefs.optional.junit.JUnitTestRunner.launch(JUnitTestRunner.java:912)
	at org.apache.tools.ant.taskdefs.optional.junit.JUnitTestRunner.main(JUnitTestRunner.java:766)
[Entering method <com.topcoder.clients.manager.dao.DAOProjectManager.updateProjectStatus(ProjectStatus status)>; Parameters:{ ParamName<status>; ParamValue: <[ id=-1 name=d description=d isDeleted=false]>  }  at 2008-08-29 23:59:01.125 ]
[Error occurred in method <com.topcoder.clients.manager.dao.DAOProjectManager.updateProjectStatus(ProjectStatus status)>, cause by :
com.topcoder.clients.manager.ProjectEntityNotFoundException: The ProjectStatus with id=-1 does not exist, cause by The id should not be negative.
	at com.topcoder.clients.manager.dao.DAOProjectManager.handleProjectEntityNotFoundException(DAOProjectManager.java:453)
	at com.topcoder.clients.manager.dao.DAOProjectManager.checkProjectStatusExist(DAOProjectManager.java:1070)
	at com.topcoder.clients.manager.dao.DAOProjectManager.updateProjectStatus(DAOProjectManager.java:1021)
	at com.topcoder.clients.manager.dao.TestDAOProjectManagerFailure.testUpdateProjectStatus_F_4(TestDAOProjectManagerFailure.java:2099)
	at sun.reflect.NativeMethodAccessorImpl.invoke0(Native Method)
	at sun.reflect.NativeMethodAccessorImpl.invoke(NativeMethodAccessorImpl.java:39)
	at sun.reflect.DelegatingMethodAccessorImpl.invoke(DelegatingMethodAccessorImpl.java:25)
	at java.lang.reflect.Method.invoke(Method.java:585)
	at junit.framework.TestCase.runTest(TestCase.java:154)
	at junit.framework.TestCase.runBare(TestCase.java:127)
	at junit.framework.TestResult$1.protect(TestResult.java:106)
	at junit.framework.TestResult.runProtected(TestResult.java:124)
	at junit.framework.TestResult.run(TestResult.java:109)
	at junit.framework.TestCase.run(TestCase.java:118)
	at junit.framework.TestSuite.runTest(TestSuite.java:208)
	at junit.framework.TestSuite.run(TestSuite.java:203)
	at junit.framework.TestSuite.runTest(TestSuite.java:208)
	at junit.framework.TestSuite.run(TestSuite.java:203)
	at junit.framework.TestSuite.runTest(TestSuite.java:208)
	at junit.framework.TestSuite.run(TestSuite.java:203)
	at org.apache.tools.ant.taskdefs.optional.junit.JUnitTestRunner.run(JUnitTestRunner.java:421)
	at org.apache.tools.ant.taskdefs.optional.junit.JUnitTestRunner.launch(JUnitTestRunner.java:912)
	at org.apache.tools.ant.taskdefs.optional.junit.JUnitTestRunner.main(JUnitTestRunner.java:766)
Caused by: java.lang.IllegalArgumentException: The id should not be negative.
	at com.topcoder.clients.manager.MockProjectStatusDAO.retrieveById(MockProjectStatusDAO.java:56)
	at com.topcoder.clients.manager.dao.DAOProjectManager.checkProjectStatusExist(DAOProjectManager.java:1061)
	... 21 more
[Entering method <com.topcoder.clients.manager.dao.DAOProjectManager.updateProjectStatus(ProjectStatus status)>; Parameters:{ ParamName<status>; ParamValue: <[ id=2 name=d description=d isDeleted=false]>  }  at 2008-08-29 23:59:01.140 ]
[Error occurred in method <com.topcoder.clients.manager.dao.DAOProjectManager.updateProjectStatus(ProjectStatus status)>, cause by :
com.topcoder.clients.manager.ProjectEntityNotFoundException: The ProjectStatus with id=2 does not exist, cause by Throw for testing
	at com.topcoder.clients.manager.dao.DAOProjectManager.handleProjectEntityNotFoundException(DAOProjectManager.java:453)
	at com.topcoder.clients.manager.dao.DAOProjectManager.checkProjectStatusExist(DAOProjectManager.java:1073)
	at com.topcoder.clients.manager.dao.DAOProjectManager.updateProjectStatus(DAOProjectManager.java:1021)
	at com.topcoder.clients.manager.dao.TestDAOProjectManagerFailure.testUpdateProjectStatus_F_5(TestDAOProjectManagerFailure.java:2123)
	at sun.reflect.NativeMethodAccessorImpl.invoke0(Native Method)
	at sun.reflect.NativeMethodAccessorImpl.invoke(NativeMethodAccessorImpl.java:39)
	at sun.reflect.DelegatingMethodAccessorImpl.invoke(DelegatingMethodAccessorImpl.java:25)
	at java.lang.reflect.Method.invoke(Method.java:585)
	at junit.framework.TestCase.runTest(TestCase.java:154)
	at junit.framework.TestCase.runBare(TestCase.java:127)
	at junit.framework.TestResult$1.protect(TestResult.java:106)
	at junit.framework.TestResult.runProtected(TestResult.java:124)
	at junit.framework.TestResult.run(TestResult.java:109)
	at junit.framework.TestCase.run(TestCase.java:118)
	at junit.framework.TestSuite.runTest(TestSuite.java:208)
	at junit.framework.TestSuite.run(TestSuite.java:203)
	at junit.framework.TestSuite.runTest(TestSuite.java:208)
	at junit.framework.TestSuite.run(TestSuite.java:203)
	at junit.framework.TestSuite.runTest(TestSuite.java:208)
	at junit.framework.TestSuite.run(TestSuite.java:203)
	at org.apache.tools.ant.taskdefs.optional.junit.JUnitTestRunner.run(JUnitTestRunner.java:421)
	at org.apache.tools.ant.taskdefs.optional.junit.JUnitTestRunner.launch(JUnitTestRunner.java:912)
	at org.apache.tools.ant.taskdefs.optional.junit.JUnitTestRunner.main(JUnitTestRunner.java:766)
Caused by: com.topcoder.clients.dao.EntityNotFoundException: Throw for testing
	at com.topcoder.clients.manager.MockProjectStatusDAO.retrieveById(MockProjectStatusDAO.java:66)
	at com.topcoder.clients.manager.dao.DAOProjectManager.checkProjectStatusExist(DAOProjectManager.java:1061)
	... 21 more
[Entering method <com.topcoder.clients.manager.dao.DAOProjectManager.updateProjectStatus(ProjectStatus status)>; Parameters:{ ParamName<status>; ParamValue: <[ id=1001 name=d description=d isDeleted=false]>  }  at 2008-08-29 23:59:01.140 ]
[Error occurred in method <com.topcoder.clients.manager.dao.DAOProjectManager.updateProjectStatus(ProjectStatus status)>, cause by :
com.topcoder.clients.manager.ProjectManagerException: Fail to update ProjectStatus, cause by Throw for testing
	at com.topcoder.clients.manager.dao.DAOProjectManager.wrapInnerException(DAOProjectManager.java:351)
	at com.topcoder.clients.manager.dao.DAOProjectManager.updateProjectStatus(DAOProjectManager.java:1034)
	at com.topcoder.clients.manager.dao.TestDAOProjectManagerFailure.testUpdateProjectStatus_F_6(TestDAOProjectManagerFailure.java:2147)
	at sun.reflect.NativeMethodAccessorImpl.invoke0(Native Method)
	at sun.reflect.NativeMethodAccessorImpl.invoke(NativeMethodAccessorImpl.java:39)
	at sun.reflect.DelegatingMethodAccessorImpl.invoke(DelegatingMethodAccessorImpl.java:25)
	at java.lang.reflect.Method.invoke(Method.java:585)
	at junit.framework.TestCase.runTest(TestCase.java:154)
	at junit.framework.TestCase.runBare(TestCase.java:127)
	at junit.framework.TestResult$1.protect(TestResult.java:106)
	at junit.framework.TestResult.runProtected(TestResult.java:124)
	at junit.framework.TestResult.run(TestResult.java:109)
	at junit.framework.TestCase.run(TestCase.java:118)
	at junit.framework.TestSuite.runTest(TestSuite.java:208)
	at junit.framework.TestSuite.run(TestSuite.java:203)
	at junit.framework.TestSuite.runTest(TestSuite.java:208)
	at junit.framework.TestSuite.run(TestSuite.java:203)
	at junit.framework.TestSuite.runTest(TestSuite.java:208)
	at junit.framework.TestSuite.run(TestSuite.java:203)
	at org.apache.tools.ant.taskdefs.optional.junit.JUnitTestRunner.run(JUnitTestRunner.java:421)
	at org.apache.tools.ant.taskdefs.optional.junit.JUnitTestRunner.launch(JUnitTestRunner.java:912)
	at org.apache.tools.ant.taskdefs.optional.junit.JUnitTestRunner.main(JUnitTestRunner.java:766)
Caused by: com.topcoder.clients.dao.DAOConfigurationException: Throw for testing
	at com.topcoder.clients.manager.MockProjectStatusDAO.retrieveById(MockProjectStatusDAO.java:69)
	at com.topcoder.clients.manager.dao.DAOProjectManager.checkProjectStatusExist(DAOProjectManager.java:1061)
	at com.topcoder.clients.manager.dao.DAOProjectManager.updateProjectStatus(DAOProjectManager.java:1021)
	... 20 more
Caused by: java.lang.NullPointerException: NPE Raised 
	... 23 more
[Entering method <com.topcoder.clients.manager.dao.DAOProjectManager.updateProjectStatus(ProjectStatus status)>; Parameters:{ ParamName<status>; ParamValue: <[ id=1002 name=d description=d isDeleted=false]>  }  at 2008-08-29 23:59:01.140 ]
[Error occurred in method <com.topcoder.clients.manager.dao.DAOProjectManager.updateProjectStatus(ProjectStatus status)>, cause by :
com.topcoder.clients.manager.ProjectManagerException: Fail to update ProjectStatus, cause by Throw for testing
	at com.topcoder.clients.manager.dao.DAOProjectManager.wrapInnerException(DAOProjectManager.java:351)
	at com.topcoder.clients.manager.dao.DAOProjectManager.updateProjectStatus(DAOProjectManager.java:1037)
	at com.topcoder.clients.manager.dao.TestDAOProjectManagerFailure.testUpdateProjectStatus_F_7(TestDAOProjectManagerFailure.java:2171)
	at sun.reflect.NativeMethodAccessorImpl.invoke0(Native Method)
	at sun.reflect.NativeMethodAccessorImpl.invoke(NativeMethodAccessorImpl.java:39)
	at sun.reflect.DelegatingMethodAccessorImpl.invoke(DelegatingMethodAccessorImpl.java:25)
	at java.lang.reflect.Method.invoke(Method.java:585)
	at junit.framework.TestCase.runTest(TestCase.java:154)
	at junit.framework.TestCase.runBare(TestCase.java:127)
	at junit.framework.TestResult$1.protect(TestResult.java:106)
	at junit.framework.TestResult.runProtected(TestResult.java:124)
	at junit.framework.TestResult.run(TestResult.java:109)
	at junit.framework.TestCase.run(TestCase.java:118)
	at junit.framework.TestSuite.runTest(TestSuite.java:208)
	at junit.framework.TestSuite.run(TestSuite.java:203)
	at junit.framework.TestSuite.runTest(TestSuite.java:208)
	at junit.framework.TestSuite.run(TestSuite.java:203)
	at junit.framework.TestSuite.runTest(TestSuite.java:208)
	at junit.framework.TestSuite.run(TestSuite.java:203)
	at org.apache.tools.ant.taskdefs.optional.junit.JUnitTestRunner.run(JUnitTestRunner.java:421)
	at org.apache.tools.ant.taskdefs.optional.junit.JUnitTestRunner.launch(JUnitTestRunner.java:912)
	at org.apache.tools.ant.taskdefs.optional.junit.JUnitTestRunner.main(JUnitTestRunner.java:766)
Caused by: com.topcoder.clients.dao.DAOException: Throw for testing
	at com.topcoder.clients.manager.MockProjectStatusDAO.retrieveById(MockProjectStatusDAO.java:73)
	at com.topcoder.clients.manager.dao.DAOProjectManager.checkProjectStatusExist(DAOProjectManager.java:1061)
	at com.topcoder.clients.manager.dao.DAOProjectManager.updateProjectStatus(DAOProjectManager.java:1021)
	... 20 more
Caused by: java.lang.NullPointerException: NPE Raised 
	... 23 more
[Entering method <com.topcoder.clients.manager.dao.DAOProjectManager.updateProjectStatus(ProjectStatus status)>; Parameters:{ ParamName<status>; ParamValue: <[ id=3 name=ClassCastException description=d isDeleted=false]>  }  at 2008-08-29 23:59:01.156 ]
[Error occurred in method <com.topcoder.clients.manager.dao.DAOProjectManager.updateProjectStatus(ProjectStatus status)>, cause by :
com.topcoder.clients.manager.ProjectManagerException: Fail to update ProjectStatus, cause by com.topcoder.clients.model.Client
	at com.topcoder.clients.manager.dao.DAOProjectManager.wrapInnerException(DAOProjectManager.java:351)
	at com.topcoder.clients.manager.dao.DAOProjectManager.updateProjectStatus(DAOProjectManager.java:1040)
	at com.topcoder.clients.manager.dao.TestDAOProjectManagerFailure.testUpdateProjectStatus_F_8(TestDAOProjectManagerFailure.java:2195)
	at sun.reflect.NativeMethodAccessorImpl.invoke0(Native Method)
	at sun.reflect.NativeMethodAccessorImpl.invoke(NativeMethodAccessorImpl.java:39)
	at sun.reflect.DelegatingMethodAccessorImpl.invoke(DelegatingMethodAccessorImpl.java:25)
	at java.lang.reflect.Method.invoke(Method.java:585)
	at junit.framework.TestCase.runTest(TestCase.java:154)
	at junit.framework.TestCase.runBare(TestCase.java:127)
	at junit.framework.TestResult$1.protect(TestResult.java:106)
	at junit.framework.TestResult.runProtected(TestResult.java:124)
	at junit.framework.TestResult.run(TestResult.java:109)
	at junit.framework.TestCase.run(TestCase.java:118)
	at junit.framework.TestSuite.runTest(TestSuite.java:208)
	at junit.framework.TestSuite.run(TestSuite.java:203)
	at junit.framework.TestSuite.runTest(TestSuite.java:208)
	at junit.framework.TestSuite.run(TestSuite.java:203)
	at junit.framework.TestSuite.runTest(TestSuite.java:208)
	at junit.framework.TestSuite.run(TestSuite.java:203)
	at org.apache.tools.ant.taskdefs.optional.junit.JUnitTestRunner.run(JUnitTestRunner.java:421)
	at org.apache.tools.ant.taskdefs.optional.junit.JUnitTestRunner.launch(JUnitTestRunner.java:912)
	at org.apache.tools.ant.taskdefs.optional.junit.JUnitTestRunner.main(JUnitTestRunner.java:766)
Caused by: java.lang.ClassCastException: com.topcoder.clients.model.Client
	at com.topcoder.clients.manager.dao.DAOProjectManager.updateProjectStatus(DAOProjectManager.java:1024)
	... 20 more
[Entering method <com.topcoder.clients.manager.dao.DAOProjectManager.deleteProjectStatus(ProjectStatus status)>; Parameters:{ ParamName<status>; ParamValue: <null>  }  at 2008-08-29 23:59:01.156 ]
[Error occurred in method <com.topcoder.clients.manager.dao.DAOProjectManager.deleteProjectStatus(ProjectStatus status)>, cause by :
java.lang.IllegalArgumentException: The parameter 'status' should not be null.
	at com.topcoder.clients.manager.dao.Helper.checkNull(Helper.java:69)
	at com.topcoder.clients.manager.dao.DAOProjectManager.deleteProjectStatus(DAOProjectManager.java:1101)
	at com.topcoder.clients.manager.dao.TestDAOProjectManagerFailure.testDeleteProjectStatus_F_1(TestDAOProjectManagerFailure.java:2213)
	at sun.reflect.NativeMethodAccessorImpl.invoke0(Native Method)
	at sun.reflect.NativeMethodAccessorImpl.invoke(NativeMethodAccessorImpl.java:39)
	at sun.reflect.DelegatingMethodAccessorImpl.invoke(DelegatingMethodAccessorImpl.java:25)
	at java.lang.reflect.Method.invoke(Method.java:585)
	at junit.framework.TestCase.runTest(TestCase.java:154)
	at junit.framework.TestCase.runBare(TestCase.java:127)
	at junit.framework.TestResult$1.protect(TestResult.java:106)
	at junit.framework.TestResult.runProtected(TestResult.java:124)
	at junit.framework.TestResult.run(TestResult.java:109)
	at junit.framework.TestCase.run(TestCase.java:118)
	at junit.framework.TestSuite.runTest(TestSuite.java:208)
	at junit.framework.TestSuite.run(TestSuite.java:203)
	at junit.framework.TestSuite.runTest(TestSuite.java:208)
	at junit.framework.TestSuite.run(TestSuite.java:203)
	at junit.framework.TestSuite.runTest(TestSuite.java:208)
	at junit.framework.TestSuite.run(TestSuite.java:203)
	at org.apache.tools.ant.taskdefs.optional.junit.JUnitTestRunner.run(JUnitTestRunner.java:421)
	at org.apache.tools.ant.taskdefs.optional.junit.JUnitTestRunner.launch(JUnitTestRunner.java:912)
	at org.apache.tools.ant.taskdefs.optional.junit.JUnitTestRunner.main(JUnitTestRunner.java:766)
[Entering method <com.topcoder.clients.manager.dao.DAOProjectManager.deleteProjectStatus(ProjectStatus status)>; Parameters:{ ParamName<status>; ParamValue: <[ id=0 name=null description=null isDeleted=true]>  }  at 2008-08-29 23:59:01.156 ]
[Error occurred in method <com.topcoder.clients.manager.dao.DAOProjectManager.deleteProjectStatus(ProjectStatus status)>, cause by :
java.lang.IllegalArgumentException: The para status should have isDeleted  false, but was true.
	at com.topcoder.clients.manager.dao.DAOProjectManager.deleteProjectStatus(DAOProjectManager.java:1103)
	at com.topcoder.clients.manager.dao.TestDAOProjectManagerFailure.testDeleteProjectStatus_F_2(TestDAOProjectManagerFailure.java:2234)
	at sun.reflect.NativeMethodAccessorImpl.invoke0(Native Method)
	at sun.reflect.NativeMethodAccessorImpl.invoke(NativeMethodAccessorImpl.java:39)
	at sun.reflect.DelegatingMethodAccessorImpl.invoke(DelegatingMethodAccessorImpl.java:25)
	at java.lang.reflect.Method.invoke(Method.java:585)
	at junit.framework.TestCase.runTest(TestCase.java:154)
	at junit.framework.TestCase.runBare(TestCase.java:127)
	at junit.framework.TestResult$1.protect(TestResult.java:106)
	at junit.framework.TestResult.runProtected(TestResult.java:124)
	at junit.framework.TestResult.run(TestResult.java:109)
	at junit.framework.TestCase.run(TestCase.java:118)
	at junit.framework.TestSuite.runTest(TestSuite.java:208)
	at junit.framework.TestSuite.run(TestSuite.java:203)
	at junit.framework.TestSuite.runTest(TestSuite.java:208)
	at junit.framework.TestSuite.run(TestSuite.java:203)
	at junit.framework.TestSuite.runTest(TestSuite.java:208)
	at junit.framework.TestSuite.run(TestSuite.java:203)
	at org.apache.tools.ant.taskdefs.optional.junit.JUnitTestRunner.run(JUnitTestRunner.java:421)
	at org.apache.tools.ant.taskdefs.optional.junit.JUnitTestRunner.launch(JUnitTestRunner.java:912)
	at org.apache.tools.ant.taskdefs.optional.junit.JUnitTestRunner.main(JUnitTestRunner.java:766)
[Entering method <com.topcoder.clients.manager.dao.DAOProjectManager.deleteProjectStatus(ProjectStatus status)>; Parameters:{ ParamName<status>; ParamValue: <[ id=0 name=entityNotFound description=null isDeleted=false]>  }  at 2008-08-29 23:59:01.156 ]
[Error occurred in method <com.topcoder.clients.manager.dao.DAOProjectManager.deleteProjectStatus(ProjectStatus status)>, cause by :
com.topcoder.clients.manager.ProjectEntityNotFoundException: The ProjectStatus with id=0 does not exist, cause by The entity is not found.
	at com.topcoder.clients.manager.dao.DAOProjectManager.handleProjectEntityNotFoundException(DAOProjectManager.java:453)
	at com.topcoder.clients.manager.dao.DAOProjectManager.deleteProjectStatus(DAOProjectManager.java:1117)
	at com.topcoder.clients.manager.dao.TestDAOProjectManagerFailure.testDeleteProjectStatus_F_3(TestDAOProjectManagerFailure.java:2256)
	at sun.reflect.NativeMethodAccessorImpl.invoke0(Native Method)
	at sun.reflect.NativeMethodAccessorImpl.invoke(NativeMethodAccessorImpl.java:39)
	at sun.reflect.DelegatingMethodAccessorImpl.invoke(DelegatingMethodAccessorImpl.java:25)
	at java.lang.reflect.Method.invoke(Method.java:585)
	at junit.framework.TestCase.runTest(TestCase.java:154)
	at junit.framework.TestCase.runBare(TestCase.java:127)
	at junit.framework.TestResult$1.protect(TestResult.java:106)
	at junit.framework.TestResult.runProtected(TestResult.java:124)
	at junit.framework.TestResult.run(TestResult.java:109)
	at junit.framework.TestCase.run(TestCase.java:118)
	at junit.framework.TestSuite.runTest(TestSuite.java:208)
	at junit.framework.TestSuite.run(TestSuite.java:203)
	at junit.framework.TestSuite.runTest(TestSuite.java:208)
	at junit.framework.TestSuite.run(TestSuite.java:203)
	at junit.framework.TestSuite.runTest(TestSuite.java:208)
	at junit.framework.TestSuite.run(TestSuite.java:203)
	at org.apache.tools.ant.taskdefs.optional.junit.JUnitTestRunner.run(JUnitTestRunner.java:421)
	at org.apache.tools.ant.taskdefs.optional.junit.JUnitTestRunner.launch(JUnitTestRunner.java:912)
	at org.apache.tools.ant.taskdefs.optional.junit.JUnitTestRunner.main(JUnitTestRunner.java:766)
Caused by: com.topcoder.clients.dao.EntityNotFoundException: The entity is not found.
	at com.topcoder.clients.manager.MockProjectStatusDAO.delete(MockProjectStatusDAO.java:167)
	at com.topcoder.clients.manager.dao.DAOProjectManager.deleteProjectStatus(DAOProjectManager.java:1107)
	... 20 more
Caused by: java.lang.IllegalArgumentException: IAE
	... 22 more
[Entering method <com.topcoder.clients.manager.dao.DAOProjectManager.deleteProjectStatus(ProjectStatus status)>; Parameters:{ ParamName<status>; ParamValue: <[ id=0 name=DAOException description=null isDeleted=false]>  }  at 2008-08-29 23:59:01.171 ]
[Error occurred in method <com.topcoder.clients.manager.dao.DAOProjectManager.deleteProjectStatus(ProjectStatus status)>, cause by :
com.topcoder.clients.manager.ProjectManagerException: Fail to delete the ProjectStatus, cause by Throw for testing
	at com.topcoder.clients.manager.dao.DAOProjectManager.wrapInnerException(DAOProjectManager.java:351)
	at com.topcoder.clients.manager.dao.DAOProjectManager.deleteProjectStatus(DAOProjectManager.java:1120)
	at com.topcoder.clients.manager.dao.TestDAOProjectManagerFailure.testDeleteProjectStatus_F_4(TestDAOProjectManagerFailure.java:2278)
	at sun.reflect.NativeMethodAccessorImpl.invoke0(Native Method)
	at sun.reflect.NativeMethodAccessorImpl.invoke(NativeMethodAccessorImpl.java:39)
	at sun.reflect.DelegatingMethodAccessorImpl.invoke(DelegatingMethodAccessorImpl.java:25)
	at java.lang.reflect.Method.invoke(Method.java:585)
	at junit.framework.TestCase.runTest(TestCase.java:154)
	at junit.framework.TestCase.runBare(TestCase.java:127)
	at junit.framework.TestResult$1.protect(TestResult.java:106)
	at junit.framework.TestResult.runProtected(TestResult.java:124)
	at junit.framework.TestResult.run(TestResult.java:109)
	at junit.framework.TestCase.run(TestCase.java:118)
	at junit.framework.TestSuite.runTest(TestSuite.java:208)
	at junit.framework.TestSuite.run(TestSuite.java:203)
	at junit.framework.TestSuite.runTest(TestSuite.java:208)
	at junit.framework.TestSuite.run(TestSuite.java:203)
	at junit.framework.TestSuite.runTest(TestSuite.java:208)
	at junit.framework.TestSuite.run(TestSuite.java:203)
	at org.apache.tools.ant.taskdefs.optional.junit.JUnitTestRunner.run(JUnitTestRunner.java:421)
	at org.apache.tools.ant.taskdefs.optional.junit.JUnitTestRunner.launch(JUnitTestRunner.java:912)
	at org.apache.tools.ant.taskdefs.optional.junit.JUnitTestRunner.main(JUnitTestRunner.java:766)
Caused by: com.topcoder.clients.dao.DAOException: Throw for testing
	at com.topcoder.clients.manager.MockProjectStatusDAO.delete(MockProjectStatusDAO.java:171)
	at com.topcoder.clients.manager.dao.DAOProjectManager.deleteProjectStatus(DAOProjectManager.java:1107)
	... 20 more
Caused by: java.lang.NullPointerException: NPE Raised 
	... 22 more
[Entering method <com.topcoder.clients.manager.dao.DAOProjectManager.deleteProjectStatus(ProjectStatus status)>; Parameters:{ ParamName<status>; ParamValue: <[ id=0 name=DAOConfigurationException description=null isDeleted=false]>  }  at 2008-08-29 23:59:01.171 ]
[Error occurred in method <com.topcoder.clients.manager.dao.DAOProjectManager.deleteProjectStatus(ProjectStatus status)>, cause by :
com.topcoder.clients.manager.ProjectManagerException: Fail to delete the ProjectStatus, cause by Throw for testing
	at com.topcoder.clients.manager.dao.DAOProjectManager.wrapInnerException(DAOProjectManager.java:351)
	at com.topcoder.clients.manager.dao.DAOProjectManager.deleteProjectStatus(DAOProjectManager.java:1123)
	at com.topcoder.clients.manager.dao.TestDAOProjectManagerFailure.testDeleteProjectStatus_F_5(TestDAOProjectManagerFailure.java:2300)
	at sun.reflect.NativeMethodAccessorImpl.invoke0(Native Method)
	at sun.reflect.NativeMethodAccessorImpl.invoke(NativeMethodAccessorImpl.java:39)
	at sun.reflect.DelegatingMethodAccessorImpl.invoke(DelegatingMethodAccessorImpl.java:25)
	at java.lang.reflect.Method.invoke(Method.java:585)
	at junit.framework.TestCase.runTest(TestCase.java:154)
	at junit.framework.TestCase.runBare(TestCase.java:127)
	at junit.framework.TestResult$1.protect(TestResult.java:106)
	at junit.framework.TestResult.runProtected(TestResult.java:124)
	at junit.framework.TestResult.run(TestResult.java:109)
	at junit.framework.TestCase.run(TestCase.java:118)
	at junit.framework.TestSuite.runTest(TestSuite.java:208)
	at junit.framework.TestSuite.run(TestSuite.java:203)
	at junit.framework.TestSuite.runTest(TestSuite.java:208)
	at junit.framework.TestSuite.run(TestSuite.java:203)
	at junit.framework.TestSuite.runTest(TestSuite.java:208)
	at junit.framework.TestSuite.run(TestSuite.java:203)
	at org.apache.tools.ant.taskdefs.optional.junit.JUnitTestRunner.run(JUnitTestRunner.java:421)
	at org.apache.tools.ant.taskdefs.optional.junit.JUnitTestRunner.launch(JUnitTestRunner.java:912)
	at org.apache.tools.ant.taskdefs.optional.junit.JUnitTestRunner.main(JUnitTestRunner.java:766)
Caused by: com.topcoder.clients.dao.DAOConfigurationException: Throw for testing
	at com.topcoder.clients.manager.MockProjectStatusDAO.delete(MockProjectStatusDAO.java:175)
	at com.topcoder.clients.manager.dao.DAOProjectManager.deleteProjectStatus(DAOProjectManager.java:1107)
	... 20 more
Caused by: java.lang.NullPointerException: NPE Raised 
	... 22 more
[Entering method <com.topcoder.clients.manager.dao.DAOClientManager.retrieveClient(long id)>; Parameters:{ ParamName<id>; ParamValue: <1>  }  at 2008-08-29 23:59:01.187 ]
[Exiting method <com.topcoder.clients.manager.dao.DAOClientManager.retrieveClient(long id)>; Return value:<[ id=1 name=ok codeName=null salesTax=0.0 isDeleted=false company=null clientStatus=null]>]  at 2008-08-29 23:59:01.187
[Entering method <com.topcoder.clients.manager.dao.DAOClientManager.retrieveAllClients>; Parameters:{ }  at 2008-08-29 23:59:01.187 ]
[Exiting method <com.topcoder.clients.manager.dao.DAOClientManager.retrieveAllClients>; Return value:<[]>]  at 2008-08-29 23:59:01.187
[Entering method <com.topcoder.clients.manager.dao.DAOClientManager.searchClientsByName(String name)>; Parameters:{ ParamName<name>; ParamValue: <clent-1>  }  at 2008-08-29 23:59:01.187 ]
[Exiting method <com.topcoder.clients.manager.dao.DAOClientManager.searchClientsByName(String name)>; Return value:<[]>]  at 2008-08-29 23:59:01.187
[Entering method <com.topcoder.clients.manager.dao.DAOClientManager.searchClients(Filter filter)>; Parameters:{ ParamName<filter>; ParamValue: <com.topcoder.search.builder.filter.EqualToFilter@64ab4d>  }  at 2008-08-29 23:59:01.187 ]
[Exiting method <com.topcoder.clients.manager.dao.DAOClientManager.searchClients(Filter filter)>; Return value:<[]>]  at 2008-08-29 23:59:01.187
[Entering method <com.topcoder.clients.manager.dao.DAOClientManager.setClientCodeName(Client client, String codeName)>; Parameters:{ ParamName<client>; ParamValue: <[ id=1 name=ok codeName=null salesTax=0.0 isDeleted=false company=null clientStatus=null]> , ParamName<codeName>; ParamValue: <new code name>  }  at 2008-08-29 23:59:01.187 ]
[Entering method <com.topcoder.clients.manager.dao.DAOClientManager.updateClient(Client client)>; Parameters:{ ParamName<client>; ParamValue: <[ id=1 name=ok codeName=new code name salesTax=0.0 isDeleted=false company=null clientStatus=null]>  }  at 2008-08-29 23:59:01.187 ]
[Exiting method <com.topcoder.clients.manager.dao.DAOClientManager.updateClient(Client client)>; Return value:<[ id=1 name=ok codeName=new code name salesTax=0.0 isDeleted=false company=null clientStatus=null]>]  at 2008-08-29 23:59:01.187
[Exiting method <com.topcoder.clients.manager.dao.DAOClientManager.setClientCodeName(Client client, String codeName)>; Return value:<[ id=1 name=ok codeName=new code name salesTax=0.0 isDeleted=false company=null clientStatus=null]>]  at 2008-08-29 23:59:01.187
[Entering method <com.topcoder.clients.manager.dao.DAOClientManager.getClientStatus(long id)>; Parameters:{ ParamName<id>; ParamValue: <3>  }  at 2008-08-29 23:59:01.187 ]
[Exiting method <com.topcoder.clients.manager.dao.DAOClientManager.getClientStatus(long id)>; Return value:<[ id=3 name=name description=des isDeleted=false]>]  at 2008-08-29 23:59:01.187
[Entering method <com.topcoder.clients.manager.dao.DAOClientManager.getClientsForStatus(ClientStatus status)>; Parameters:{ ParamName<clientStatus>; ParamValue: <[ id=3 name=name description=des isDeleted=false]>  }  at 2008-08-29 23:59:01.187 ]
[Exiting method <com.topcoder.clients.manager.dao.DAOClientManager.getClientsForStatus(ClientStatus status)>; Return value:<[]>]  at 2008-08-29 23:59:01.187
[Entering method <com.topcoder.clients.manager.dao.DAOClientManager.setClientStatus(Client client, ClientStatus status)>; Parameters:{ ParamName<client>; ParamValue: <[ id=1 name=ok codeName=new code name salesTax=0.0 isDeleted=false company=null clientStatus=null]> , ParamName<status>; ParamValue: <[ id=3 name=name description=des isDeleted=false]>  }  at 2008-08-29 23:59:01.187 ]
[Entering method <com.topcoder.clients.manager.dao.DAOClientManager.updateClient(Client client)>; Parameters:{ ParamName<client>; ParamValue: <[ id=1 name=ok codeName=new code name salesTax=0.0 isDeleted=false company=null clientStatus=[ id=3 name=name description=des isDeleted=false&#x5d;&#x5d;&gt;  }  at 2008-08-29 23:59:01.187 ]
[Exiting method <com.topcoder.clients.manager.dao.DAOClientManager.updateClient(Client client)>; Return value:<[ id=1 name=ok codeName=new code name salesTax=0.0 isDeleted=false company=null clientStatus=[ id=3 name=name description=des isDeleted=false&#x5d;&#x5d;&gt;]  at 2008-08-29 23:59:01.187
[Exiting method <com.topcoder.clients.manager.dao.DAOClientManager.setClientStatus(Client client, ClientStatus status)>; Return value:<[ id=1 name=ok codeName=new code name salesTax=0.0 isDeleted=false company=null clientStatus=[ id=3 name=name description=des isDeleted=false&#x5d;&#x5d;&gt;]  at 2008-08-29 23:59:01.187
[Entering method <com.topcoder.clients.manager.dao.DAOClientManager.updateClient(Client client)>; Parameters:{ ParamName<client>; ParamValue: <[ id=1 name=ok codeName=new code name salesTax=100.121 isDeleted=false company=null clientStatus=[ id=3 name=name description=des isDeleted=false&#x5d;&#x5d;&gt;  }  at 2008-08-29 23:59:01.187 ]
[Exiting method <com.topcoder.clients.manager.dao.DAOClientManager.updateClient(Client client)>; Return value:<[ id=1 name=ok codeName=new code name salesTax=100.121 isDeleted=false company=null clientStatus=[ id=3 name=name description=des isDeleted=false&#x5d;&#x5d;&gt;]  at 2008-08-29 23:59:01.187
[Entering method <com.topcoder.clients.manager.dao.DAOClientManager.deleteClient(Client client)>; Parameters:{ ParamName<client>; ParamValue: <[ id=1 name=ok codeName=new code name salesTax=100.121 isDeleted=false company=null clientStatus=[ id=3 name=name description=des isDeleted=false&#x5d;&#x5d;&gt;  }  at 2008-08-29 23:59:01.187 ]
[Exiting method <com.topcoder.clients.manager.dao.DAOClientManager.deleteClient(Client client)>; Return value:<[ id=1 name=ok codeName=new code name salesTax=100.121 isDeleted=true company=null clientStatus=[ id=3 name=name description=des isDeleted=false&#x5d;&#x5d;&gt;]  at 2008-08-29 23:59:01.187
[Entering method <com.topcoder.clients.manager.dao.DAOClientManager.createClient(Client client)>; Parameters:{ ParamName<client>; ParamValue: <[ id=0 name=newClient codeName=null salesTax=10.0 isDeleted=false company=null clientStatus=null]>  }  at 2008-08-29 23:59:01.187 ]
[Exiting method <com.topcoder.clients.manager.dao.DAOClientManager.createClient(Client client)>; Return value:<[ id=133 name=newClient codeName=null salesTax=10.0 isDeleted=false company=null clientStatus=null]>]  at 2008-08-29 23:59:01.187
[Entering method <com.topcoder.clients.manager.dao.DAOClientManager.deleteClientStatus(ClientStatus status)>; Parameters:{ ParamName<status>; ParamValue: <[ id=3 name=pending description=des isDeleted=false]>  }  at 2008-08-29 23:59:01.187 ]
[Exiting method <com.topcoder.clients.manager.dao.DAOClientManager.deleteClientStatus(ClientStatus status)>; Return value:<[ id=3 name=pending description=des isDeleted=true]>]  at 2008-08-29 23:59:01.187
[Entering method <com.topcoder.clients.manager.dao.DAOClientManager.createClientStatus(ClientStatus status)>; Parameters:{ ParamName<clientStatus>; ParamValue: <[ id=0 name=newStatus description=des isDeleted=false]>  }  at 2008-08-29 23:59:01.187 ]
[Exiting method <com.topcoder.clients.manager.dao.DAOClientManager.createClientStatus(ClientStatus status)>; Return value:<[ id=134 name=newStatus description=des isDeleted=false]>]  at 2008-08-29 23:59:01.187
[Entering method <com.topcoder.clients.manager.dao.DAOProjectManager.retrieveProject(long id)>; Parameters:{ ParamName<id>; ParamValue: <1>  }  at 2008-08-29 23:59:01.203 ]
[Entering method <com.topcoder.clients.manager.dao.DAOProjectManager.retrieveProject(long id, boolean includeChildren)>; Parameters:{ ParamName<id>; ParamValue: <1> , ParamName<includeChildren>; ParamValue: <true>  }  at 2008-08-29 23:59:01.203 ]
[Exiting method <com.topcoder.clients.manager.dao.DAOProjectManager.retrieveProject(long id, boolean includeChildren)>; Return value:<null>]  at 2008-08-29 23:59:01.203
[Exiting method <com.topcoder.clients.manager.dao.DAOProjectManager.retrieveProject(long id)>; Return value:<null>]  at 2008-08-29 23:59:01.203
[Entering method <com.topcoder.clients.manager.dao.DAOProjectManager.retrieveProject(long id, boolean includeChildren)>; Parameters:{ ParamName<id>; ParamValue: <10> , ParamName<includeChildren>; ParamValue: <false>  }  at 2008-08-29 23:59:01.203 ]
[Exiting method <com.topcoder.clients.manager.dao.DAOProjectManager.retrieveProject(long id, boolean includeChildren)>; Return value:<[ id=10 name=name description=description parentProjectId=0 salesTax=10.0 client=null company=null childProjects=null]>]  at 2008-08-29 23:59:01.203
[Entering method <com.topcoder.clients.manager.dao.DAOProjectManager.retrieveProjectsForClient(Client client)>; Parameters:{ ParamName<client>; ParamValue: <[ id=0 name=newClient codeName=null salesTax=10.0 isDeleted=false company=null clientStatus=null]>  }  at 2008-08-29 23:59:01.203 ]
[Entering method <com.topcoder.clients.manager.dao.DAOProjectManager.retrieveProjectsForClient(Client client, boolean includeChildren)>; Parameters:{ ParamName<client>; ParamValue: <[ id=0 name=newClient codeName=null salesTax=10.0 isDeleted=false company=null clientStatus=null]> , ParamName<includeChildren>; ParamValue: <true>  }  at 2008-08-29 23:59:01.203 ]
[Exiting method <com.topcoder.clients.manager.dao.DAOProjectManager.retrieveProjectsForClient(Client client, boolean includeChildren)>; Return value:<[]>]  at 2008-08-29 23:59:01.203
[Exiting method <com.topcoder.clients.manager.dao.DAOProjectManager.retrieveProjectsForClient(Client client)>; Return value:<[]>]  at 2008-08-29 23:59:01.203
[Entering method <com.topcoder.clients.manager.dao.DAOProjectManager.retrieveProjectsForClient(Client client, boolean includeChildren)>; Parameters:{ ParamName<client>; ParamValue: <[ id=0 name=newClient codeName=null salesTax=10.0 isDeleted=false company=null clientStatus=null]> , ParamName<includeChildren>; ParamValue: <false>  }  at 2008-08-29 23:59:01.203 ]
[Exiting method <com.topcoder.clients.manager.dao.DAOProjectManager.retrieveProjectsForClient(Client client, boolean includeChildren)>; Return value:<[]>]  at 2008-08-29 23:59:01.203
[Entering method <com.topcoder.clients.manager.dao.DAOProjectManager. retrieveAllProjects>; Parameters:{ }  at 2008-08-29 23:59:01.203 ]
[Entering method <com.topcoder.clients.manager.dao.DAOProjectManager.retrieveAllProjects(boolean includeChildren)>; Parameters:{ ParamName<includeChildren>; ParamValue: <true>  }  at 2008-08-29 23:59:01.203 ]
[Exiting method <com.topcoder.clients.manager.dao.DAOProjectManager.retrieveAllProjects(boolean includeChildren)>; Return value:<[[ id=10 name=name1 description=null parentProjectId=0 salesTax=0.0 client=null company=null childProjects=[]] [ id=20 name=name2 description=null parentProjectId=0 salesTax=0.0 client=null company=null childProjects=null] ]>]  at 2008-08-29 23:59:01.203
[Exiting method <com.topcoder.clients.manager.dao.DAOProjectManager. retrieveAllProjects>; Return value:<[[ id=10 name=name1 description=null parentProjectId=0 salesTax=0.0 client=null company=null childProjects=[]] [ id=20 name=name2 description=null parentProjectId=0 salesTax=0.0 client=null company=null childProjects=null] ]>]  at 2008-08-29 23:59:01.203
[Entering method <com.topcoder.clients.manager.dao.DAOProjectManager.retrieveAllProjects(boolean includeChildren)>; Parameters:{ ParamName<includeChildren>; ParamValue: <false>  }  at 2008-08-29 23:59:01.203 ]
[Exiting method <com.topcoder.clients.manager.dao.DAOProjectManager.retrieveAllProjects(boolean includeChildren)>; Return value:<[]>]  at 2008-08-29 23:59:01.203
[Entering method <com.topcoder.clients.manager.dao.DAOProjectManager.searchProjectsByName(String name)>; Parameters:{ ParamName<name>; ParamValue: <project-2>  }  at 2008-08-29 23:59:01.203 ]
[Exiting method <com.topcoder.clients.manager.dao.DAOProjectManager.searchProjectsByName(String name)>; Return value:<[[ id=10 name=name description=description parentProjectId=0 salesTax=10.0 client=null company=null childProjects=null] ]>]  at 2008-08-29 23:59:01.203
[Entering method <com.topcoder.clients.manager.dao.DAOProjectManager.searchProjects(Filter filter)>; Parameters:{ ParamName<filter>; ParamValue: <com.topcoder.search.builder.filter.EqualToFilter@5a67c9>  }  at 2008-08-29 23:59:01.203 ]
[Exiting method <com.topcoder.clients.manager.dao.DAOProjectManager.searchProjects(Filter filter)>; Return value:<[[ id=10 name=name description=description parentProjectId=0 salesTax=10.0 client=null company=null childProjects=null] ]>]  at 2008-08-29 23:59:01.203
[Entering method <com.topcoder.clients.manager.dao.DAOProjectManager.getProjectStatus(long id)>; Parameters:{ ParamName<id>; ParamValue: <2>  }  at 2008-08-29 23:59:01.203 ]
[Exiting method <com.topcoder.clients.manager.dao.DAOProjectManager.getProjectStatus(long id)>; Return value:<[ id=10 name=retrieve description=des isDeleted=false]>]  at 2008-08-29 23:59:01.203
[Entering method <com.topcoder.clients.manager.dao.DAOProjectManager.getAllProjectStatuses()>; Parameters:{ }  at 2008-08-29 23:59:01.203 ]
[Exiting method <com.topcoder.clients.manager.dao.DAOProjectManager.getAllProjectStatuses()>; Return value:<[]>]  at 2008-08-29 23:59:01.203
[Entering method <com.topcoder.clients.manager.dao.DAOProjectManager.getProjectsForStatus(ProjectStatus status)>; Parameters:{ ParamName<status>; ParamValue: <[ id=10 name=retrieve description=des isDeleted=false]>  }  at 2008-08-29 23:59:01.203 ]
[Exiting method <com.topcoder.clients.manager.dao.DAOProjectManager.getProjectsForStatus(ProjectStatus status)>; Return value:<[]>]  at 2008-08-29 23:59:01.203
[Entering method <com.topcoder.clients.manager.dao.DAOProjectManager.updateProject(Project project)>; Parameters:{ ParamName<project>; ParamValue: <[ id=10 name=nasa description=description parentProjectId=0 salesTax=10.0 client=null company=null childProjects=null]>  }  at 2008-08-29 23:59:01.203 ]
[Exiting method <com.topcoder.clients.manager.dao.DAOProjectManager.updateProject(Project project)>; Return value:<[ id=10 name=nasa description=description parentProjectId=0 salesTax=10.0 client=null company=null childProjects=null]>]  at 2008-08-29 23:59:01.203
[Entering method <com.topcoder.clients.manager.dao.DAOProjectManager.deleteProject(Project project) >; Parameters:{ ParamName<project>; ParamValue: <[ id=10 name=nasa description=description parentProjectId=0 salesTax=10.0 client=null company=null childProjects=null]>  }  at 2008-08-29 23:59:01.203 ]
[Exiting method <com.topcoder.clients.manager.dao.DAOProjectManager.deleteProject(Project project) >; Return value:<[ id=10 name=nasa description=description parentProjectId=0 salesTax=10.0 client=null company=null childProjects=null]>]  at 2008-08-29 23:59:01.203
[Entering method <com.topcoder.clients.manager.dao.DAOProjectManager.createProject(Project project, Client client)>; Parameters:{ ParamName<project>; ParamValue: <[ id=0 name=name description=des parentProjectId=0 salesTax=10.0 client=null company=null childProjects=null]> , ParamName<client>; ParamValue: <[ id=0 name=null codeName=null salesTax=0.0 isDeleted=false company=null clientStatus=null]>  }  at 2008-08-29 23:59:01.203 ]
[Exiting method <com.topcoder.clients.manager.dao.DAOProjectManager.createProject(Project project, Client client)>; Return value:<[ id=135 name=name description=des parentProjectId=0 salesTax=10.0 client=[ id=0 name=null codeName=null salesTax=0.0 isDeleted=false company=null clientStatus=null] company=null childProjects=null]>]  at 2008-08-29 23:59:01.203
[Entering method <com.topcoder.clients.manager.dao.DAOProjectManager.updateProjectStatus(ProjectStatus status)>; Parameters:{ ParamName<status>; ParamValue: <[ id=10 name=new status description=des isDeleted=false]>  }  at 2008-08-29 23:59:01.203 ]
[Exiting method <com.topcoder.clients.manager.dao.DAOProjectManager.updateProjectStatus(ProjectStatus status)>; Return value:<[ id=10 name=new status description=des isDeleted=false]>]  at 2008-08-29 23:59:01.203
[Entering method <com.topcoder.clients.manager.dao.DAOProjectManager.deleteProjectStatus(ProjectStatus status)>; Parameters:{ ParamName<status>; ParamValue: <[ id=10 name=new status description=des isDeleted=false]>  }  at 2008-08-29 23:59:01.203 ]
[Exiting method <com.topcoder.clients.manager.dao.DAOProjectManager.deleteProjectStatus(ProjectStatus status)>; Return value:<[ id=10 name=new status description=des isDeleted=true]>]  at 2008-08-29 23:59:01.203
[Entering method <com.topcoder.clients.manager.dao.DAOProjectManager.createProjectStatus(ProjectStatus status)>; Parameters:{ ParamName<status>; ParamValue: <[ id=0 name=name description=des isDeleted=false]>  }  at 2008-08-29 23:59:01.203 ]
[Exiting method <com.topcoder.clients.manager.dao.DAOProjectManager.createProjectStatus(ProjectStatus status)>; Return value:<[ id=136 name=name description=des isDeleted=false]>]  at 2008-08-29 23:59:01.203
[Entering method <com.topcoder.clients.manager.dao.DAOCompanyManager.retrieveCompany(long id)>; Parameters:{ ParamName<id>; ParamValue: <99>  }  at 2008-08-29 23:59:01.218 ]
[Exiting method <com.topcoder.clients.manager.dao.DAOCompanyManager.retrieveCompany(long id)>; Return value:<[ id=99 name=null passcode=code isDeleted=false]>]  at 2008-08-29 23:59:01.218
[Entering method <com.topcoder.clients.manager.dao.DAOCompanyManager.retrieveAllCompanies>; Parameters:{ }  at 2008-08-29 23:59:01.218 ]
[Exiting method <com.topcoder.clients.manager.dao.DAOCompanyManager.retrieveAllCompanies>; Return value:<[]>]  at 2008-08-29 23:59:01.218
[Entering method <com.topcoder.clients.manager.dao.DAOCompanyManager.searchCompaniesByName(String name)>; Parameters:{ ParamName<name>; ParamValue: <company-1>  }  at 2008-08-29 23:59:01.218 ]
[Exiting method <com.topcoder.clients.manager.dao.DAOCompanyManager.searchCompaniesByName(String name)>; Return value:<[]>]  at 2008-08-29 23:59:01.218
[Entering method <com.topcoder.clients.manager.dao.DAOCompanyManager.searchCompanies(Filter filter)>; Parameters:{ ParamName<filter>; ParamValue: <com.topcoder.search.builder.filter.EqualToFilter@15ad5c6>  }  at 2008-08-29 23:59:01.218 ]
[Exiting method <com.topcoder.clients.manager.dao.DAOCompanyManager.searchCompanies(Filter filter)>; Return value:<[]>]  at 2008-08-29 23:59:01.218
[Entering method <com.topcoder.clients.manager.dao.DAOCompanyManager.getClientsForCompany(Company company)>; Parameters:{ ParamName<company>; ParamValue: <[ id=99 name=null passcode=code isDeleted=false]>  }  at 2008-08-29 23:59:01.218 ]
[Exiting method <com.topcoder.clients.manager.dao.DAOCompanyManager.getClientsForCompany(Company company)>; Return value:<[]>]  at 2008-08-29 23:59:01.218
[Entering method <com.topcoder.clients.manager.dao.DAOCompanyManager.getProjectsForCompany(Company company)>; Parameters:{ ParamName<company>; ParamValue: <[ id=99 name=null passcode=code isDeleted=false]>  }  at 2008-08-29 23:59:01.218 ]
[Exiting method <com.topcoder.clients.manager.dao.DAOCompanyManager.getProjectsForCompany(Company company)>; Return value:<[]>]  at 2008-08-29 23:59:01.218
[Entering method <com.topcoder.clients.manager.dao.DAOCompanyManager.updateCompany(Company company)>; Parameters:{ ParamName<company>; ParamValue: <[ id=99 name=dsa passcode=code isDeleted=false]>  }  at 2008-08-29 23:59:01.218 ]
[Exiting method <com.topcoder.clients.manager.dao.DAOCompanyManager.updateCompany(Company company)>; Return value:<[ id=99 name=dsa passcode=code isDeleted=false]>]  at 2008-08-29 23:59:01.218
[Entering method <com.topcoder.clients.manager.dao.DAOCompanyManager.deleteCompany(Company company)>; Parameters:{ ParamName<company>; ParamValue: <[ id=99 name=dsa passcode=code isDeleted=false]>  }  at 2008-08-29 23:59:01.218 ]
[Exiting method <com.topcoder.clients.manager.dao.DAOCompanyManager.deleteCompany(Company company)>; Return value:<[ id=99 name=dsa passcode=code isDeleted=true]>]  at 2008-08-29 23:59:01.218
[Entering method <com.topcoder.clients.manager.dao.DAOCompanyManager.createCompany(Company company)>; Parameters:{ ParamName<company>; ParamValue: <[ id=0 name=name passcode=code isDeleted=false]>  }  at 2008-08-29 23:59:01.218 ]
[Exiting method <com.topcoder.clients.manager.dao.DAOCompanyManager.createCompany(Company company)>; Return value:<[ id=137 name=name passcode=code isDeleted=false]>]  at 2008-08-29 23:59:01.218
The ret string for format client is:[ id=1 name=client codeName=code salesTax=10.999 isDeleted=false company=[ id=1 name=company passcode=passcode isDeleted=false] clientStatus=[ id=10 name=status description=d isDeleted=false]]
The ret string for format client is:[ id=1 name=client codeName=code salesTax=10.999 isDeleted=false company=null clientStatus=null]
The ret string for format company is:[ id=1 name=company passcode=passcode isDeleted=false]
The ret string for format ClientStatus  is:[ id=10 name=status description=d isDeleted=false]
The ret string for format client list is:[[ id=0 name=null codeName=null salesTax=0.0 isDeleted=false company=null clientStatus=null] [ id=1 name=client codeName=code salesTax=10.999 isDeleted=false company=[ id=1 name=company passcode=passcode isDeleted=false] clientStatus=[ id=10 name=status description=d isDeleted=false]] [ id=1 name=client codeName=code salesTax=10.999 isDeleted=false company=[ id=1 name=company passcode=passcode isDeleted=false] clientStatus=[ id=10 name=status description=d isDeleted=false]] ]
The ret string for format ClientStatus list is:[[ id=0 name=null description=null isDeleted=false] [ id=10 name=status description=d isDeleted=false] ]
The ret string for format company list is:[[ id=0 name=null passcode=null isDeleted=false] [ id=1 name=company passcode=passcode isDeleted=false] ]
The ret string for format project is:[ id=0 name=null description=null parentProjectId=0 salesTax=0.0 client=null company=null childProjects=[[ id=10 name=name description=description parentProjectId=0 salesTax=10.0 client=null company=null childProjects=null] ]]
The ret string for format project list is:[[ id=0 name=null description=null parentProjectId=0 salesTax=0.0 client=null company=null childProjects=[[ id=10 name=name description=description parentProjectId=0 salesTax=10.0 client=null company=null childProjects=null] ]] [ id=10 name=name description=description parentProjectId=0 salesTax=10.0 client=null company=null childProjects=null] ]
The ret string for format ProjectStatus  is:[ id=0 name=name description=des isDeleted=false]
The ret string for format ProjectStatus list is:[[ id=0 name=null description=null isDeleted=false] [ id=0 name=name description=des isDeleted=false] ]
[Entering method <com.topcoder.clients.manager.dao.DAOClientManager.searchClients(Filter filter)>; Parameters:{ ParamName<filter>; ParamValue: <com.topcoder.search.builder.filter.EqualToFilter@e3c624>  }  at 2008-08-29 23:59:01.234 ]
[Exiting method <com.topcoder.clients.manager.dao.DAOClientManager.searchClients(Filter filter)>; Return value:<[]>]  at 2008-08-29 23:59:01.234
[Entering method <com.topcoder.clients.manager.dao.DAOClientManager.getClientStatus(long id)>; Parameters:{ ParamName<id>; ParamValue: <999>  }  at 2008-08-29 23:59:01.234 ]
[Exiting method <com.topcoder.clients.manager.dao.DAOClientManager.getClientStatus(long id)>; Return value:<[ id=0 name=null description=e isDeleted=false]>]  at 2008-08-29 23:59:01.234
[Entering method <com.topcoder.clients.manager.dao.DAOClientManager.createClientStatus(ClientStatus status)>; Parameters:{ ParamName<clientStatus>; ParamValue: <[ id=0 name=ok description=des isDeleted=false]>  }  at 2008-08-29 23:59:01.234 ]
[Exiting method <com.topcoder.clients.manager.dao.DAOClientManager.createClientStatus(ClientStatus status)>; Return value:<[ id=68 name=ok description=des isDeleted=false]>]  at 2008-08-29 23:59:01.234
[Entering method <com.topcoder.clients.manager.dao.DAOClientManager.createClient(Client client)>; Parameters:{ ParamName<client>; ParamValue: <null>  }  at 2008-08-29 23:59:01.812 ]
[Error occurred in method <com.topcoder.clients.manager.dao.DAOClientManager.createClient(Client client)>, cause by :
java.lang.IllegalArgumentException: The parameter 'client' should not be null.
	at com.topcoder.clients.manager.dao.Helper.checkNull(Helper.java:69)
	at com.topcoder.clients.manager.dao.Helper.validateClient(Helper.java:132)
	at com.topcoder.clients.manager.dao.DAOClientManager.createClient(DAOClientManager.java:259)
	at com.topcoder.clients.manager.failuretests.TestDAOClientManagerFailure.testCreateClientWithClientNull(TestDAOClientManagerFailure.java:445)
	at sun.reflect.NativeMethodAccessorImpl.invoke0(Native Method)
	at sun.reflect.NativeMethodAccessorImpl.invoke(NativeMethodAccessorImpl.java:39)
	at sun.reflect.DelegatingMethodAccessorImpl.invoke(DelegatingMethodAccessorImpl.java:25)
	at java.lang.reflect.Method.invoke(Method.java:585)
	at junit.framework.TestCase.runTest(TestCase.java:154)
	at junit.framework.TestCase.runBare(TestCase.java:127)
	at junit.framework.TestResult$1.protect(TestResult.java:106)
	at junit.framework.TestResult.runProtected(TestResult.java:124)
	at junit.framework.TestResult.run(TestResult.java:109)
	at junit.framework.TestCase.run(TestCase.java:118)
	at junit.framework.TestSuite.runTest(TestSuite.java:208)
	at junit.framework.TestSuite.run(TestSuite.java:203)
	at junit.framework.TestSuite.runTest(TestSuite.java:208)
	at junit.framework.TestSuite.run(TestSuite.java:203)
	at junit.framework.TestSuite.runTest(TestSuite.java:208)
	at junit.framework.TestSuite.run(TestSuite.java:203)
	at org.apache.tools.ant.taskdefs.optional.junit.JUnitTestRunner.run(JUnitTestRunner.java:421)
	at org.apache.tools.ant.taskdefs.optional.junit.JUnitTestRunner.launch(JUnitTestRunner.java:912)
	at org.apache.tools.ant.taskdefs.optional.junit.JUnitTestRunner.main(JUnitTestRunner.java:766)
[Entering method <com.topcoder.clients.manager.dao.DAOClientManager.createClient(Client client)>; Parameters:{ ParamName<client>; ParamValue: <[ id=0 name=name codeName=null salesTax=0.0 isDeleted=false company=null clientStatus=null]>  }  at 2008-08-29 23:59:01.812 ]
[Error occurred in method <com.topcoder.clients.manager.dao.DAOClientManager.createClient(Client client)>, cause by :
java.lang.IllegalArgumentException: The startDate of client must < endDate.
	at com.topcoder.clients.manager.dao.Helper.validateClient(Helper.java:144)
	at com.topcoder.clients.manager.dao.DAOClientManager.createClient(DAOClientManager.java:259)
	at com.topcoder.clients.manager.failuretests.TestDAOClientManagerFailure.testCreateClientWithClientInvalid2(TestDAOClientManagerFailure.java:469)
	at sun.reflect.NativeMethodAccessorImpl.invoke0(Native Method)
	at sun.reflect.NativeMethodAccessorImpl.invoke(NativeMethodAccessorImpl.java:39)
	at sun.reflect.DelegatingMethodAccessorImpl.invoke(DelegatingMethodAccessorImpl.java:25)
	at java.lang.reflect.Method.invoke(Method.java:585)
	at junit.framework.TestCase.runTest(TestCase.java:154)
	at junit.framework.TestCase.runBare(TestCase.java:127)
	at junit.framework.TestResult$1.protect(TestResult.java:106)
	at junit.framework.TestResult.runProtected(TestResult.java:124)
	at junit.framework.TestResult.run(TestResult.java:109)
	at junit.framework.TestCase.run(TestCase.java:118)
	at junit.framework.TestSuite.runTest(TestSuite.java:208)
	at junit.framework.TestSuite.run(TestSuite.java:203)
	at junit.framework.TestSuite.runTest(TestSuite.java:208)
	at junit.framework.TestSuite.run(TestSuite.java:203)
	at junit.framework.TestSuite.runTest(TestSuite.java:208)
	at junit.framework.TestSuite.run(TestSuite.java:203)
	at org.apache.tools.ant.taskdefs.optional.junit.JUnitTestRunner.run(JUnitTestRunner.java:421)
	at org.apache.tools.ant.taskdefs.optional.junit.JUnitTestRunner.launch(JUnitTestRunner.java:912)
	at org.apache.tools.ant.taskdefs.optional.junit.JUnitTestRunner.main(JUnitTestRunner.java:766)
[Entering method <com.topcoder.clients.manager.dao.DAOClientManager.createClient(Client client)>; Parameters:{ ParamName<client>; ParamValue: <[ id=0 name=null codeName=null salesTax=0.0 isDeleted=false company=null clientStatus=null]>  }  at 2008-08-29 23:59:01.812 ]
[Error occurred in method <com.topcoder.clients.manager.dao.DAOClientManager.createClient(Client client)>, cause by :
java.lang.IllegalArgumentException: The Client should have a non-null and non-empty name.
	at com.topcoder.clients.manager.dao.Helper.validateClient(Helper.java:148)
	at com.topcoder.clients.manager.dao.DAOClientManager.createClient(DAOClientManager.java:259)
	at com.topcoder.clients.manager.failuretests.TestDAOClientManagerFailure.testCreateClientWithClientInvalid3(TestDAOClientManagerFailure.java:493)
	at sun.reflect.NativeMethodAccessorImpl.invoke0(Native Method)
	at sun.reflect.NativeMethodAccessorImpl.invoke(NativeMethodAccessorImpl.java:39)
	at sun.reflect.DelegatingMethodAccessorImpl.invoke(DelegatingMethodAccessorImpl.java:25)
	at java.lang.reflect.Method.invoke(Method.java:585)
	at junit.framework.TestCase.runTest(TestCase.java:154)
	at junit.framework.TestCase.runBare(TestCase.java:127)
	at junit.framework.TestResult$1.protect(TestResult.java:106)
	at junit.framework.TestResult.runProtected(TestResult.java:124)
	at junit.framework.TestResult.run(TestResult.java:109)
	at junit.framework.TestCase.run(TestCase.java:118)
	at junit.framework.TestSuite.runTest(TestSuite.java:208)
	at junit.framework.TestSuite.run(TestSuite.java:203)
	at junit.framework.TestSuite.runTest(TestSuite.java:208)
	at junit.framework.TestSuite.run(TestSuite.java:203)
	at junit.framework.TestSuite.runTest(TestSuite.java:208)
	at junit.framework.TestSuite.run(TestSuite.java:203)
	at org.apache.tools.ant.taskdefs.optional.junit.JUnitTestRunner.run(JUnitTestRunner.java:421)
	at org.apache.tools.ant.taskdefs.optional.junit.JUnitTestRunner.launch(JUnitTestRunner.java:912)
	at org.apache.tools.ant.taskdefs.optional.junit.JUnitTestRunner.main(JUnitTestRunner.java:766)
[Entering method <com.topcoder.clients.manager.dao.DAOClientManager.createClient(Client client)>; Parameters:{ ParamName<client>; ParamValue: <[ id=0 name=   codeName=null salesTax=0.0 isDeleted=false company=null clientStatus=null]>  }  at 2008-08-29 23:59:01.828 ]
[Error occurred in method <com.topcoder.clients.manager.dao.DAOClientManager.createClient(Client client)>, cause by :
java.lang.IllegalArgumentException: The Client should have a non-null and non-empty name.
	at com.topcoder.clients.manager.dao.Helper.validateClient(Helper.java:148)
	at com.topcoder.clients.manager.dao.DAOClientManager.createClient(DAOClientManager.java:259)
	at com.topcoder.clients.manager.failuretests.TestDAOClientManagerFailure.testCreateClientWithClientInvalid4(TestDAOClientManagerFailure.java:517)
	at sun.reflect.NativeMethodAccessorImpl.invoke0(Native Method)
	at sun.reflect.NativeMethodAccessorImpl.invoke(NativeMethodAccessorImpl.java:39)
	at sun.reflect.DelegatingMethodAccessorImpl.invoke(DelegatingMethodAccessorImpl.java:25)
	at java.lang.reflect.Method.invoke(Method.java:585)
	at junit.framework.TestCase.runTest(TestCase.java:154)
	at junit.framework.TestCase.runBare(TestCase.java:127)
	at junit.framework.TestResult$1.protect(TestResult.java:106)
	at junit.framework.TestResult.runProtected(TestResult.java:124)
	at junit.framework.TestResult.run(TestResult.java:109)
	at junit.framework.TestCase.run(TestCase.java:118)
	at junit.framework.TestSuite.runTest(TestSuite.java:208)
	at junit.framework.TestSuite.run(TestSuite.java:203)
	at junit.framework.TestSuite.runTest(TestSuite.java:208)
	at junit.framework.TestSuite.run(TestSuite.java:203)
	at junit.framework.TestSuite.runTest(TestSuite.java:208)
	at junit.framework.TestSuite.run(TestSuite.java:203)
	at org.apache.tools.ant.taskdefs.optional.junit.JUnitTestRunner.run(JUnitTestRunner.java:421)
	at org.apache.tools.ant.taskdefs.optional.junit.JUnitTestRunner.launch(JUnitTestRunner.java:912)
	at org.apache.tools.ant.taskdefs.optional.junit.JUnitTestRunner.main(JUnitTestRunner.java:766)
[Entering method <com.topcoder.clients.manager.dao.DAOClientManager.createClient(Client client)>; Parameters:{ ParamName<client>; ParamValue: <[ id=0 name=name codeName=null salesTax=0.0 isDeleted=true company=null clientStatus=null]>  }  at 2008-08-29 23:59:01.828 ]
[Error occurred in method <com.topcoder.clients.manager.dao.DAOClientManager.createClient(Client client)>, cause by :
java.lang.IllegalArgumentException: The client should not be deleted.
	at com.topcoder.clients.manager.dao.Helper.validateClient(Helper.java:152)
	at com.topcoder.clients.manager.dao.DAOClientManager.createClient(DAOClientManager.java:259)
	at com.topcoder.clients.manager.failuretests.TestDAOClientManagerFailure.testCreateClientWithClientInvalid5(TestDAOClientManagerFailure.java:541)
	at sun.reflect.NativeMethodAccessorImpl.invoke0(Native Method)
	at sun.reflect.NativeMethodAccessorImpl.invoke(NativeMethodAccessorImpl.java:39)
	at sun.reflect.DelegatingMethodAccessorImpl.invoke(DelegatingMethodAccessorImpl.java:25)
	at java.lang.reflect.Method.invoke(Method.java:585)
	at junit.framework.TestCase.runTest(TestCase.java:154)
	at junit.framework.TestCase.runBare(TestCase.java:127)
	at junit.framework.TestResult$1.protect(TestResult.java:106)
	at junit.framework.TestResult.runProtected(TestResult.java:124)
	at junit.framework.TestResult.run(TestResult.java:109)
	at junit.framework.TestCase.run(TestCase.java:118)
	at junit.framework.TestSuite.runTest(TestSuite.java:208)
	at junit.framework.TestSuite.run(TestSuite.java:203)
	at junit.framework.TestSuite.runTest(TestSuite.java:208)
	at junit.framework.TestSuite.run(TestSuite.java:203)
	at junit.framework.TestSuite.runTest(TestSuite.java:208)
	at junit.framework.TestSuite.run(TestSuite.java:203)
	at org.apache.tools.ant.taskdefs.optional.junit.JUnitTestRunner.run(JUnitTestRunner.java:421)
	at org.apache.tools.ant.taskdefs.optional.junit.JUnitTestRunner.launch(JUnitTestRunner.java:912)
	at org.apache.tools.ant.taskdefs.optional.junit.JUnitTestRunner.main(JUnitTestRunner.java:766)
[Entering method <com.topcoder.clients.manager.dao.DAOClientManager.createClient(Client client)>; Parameters:{ ParamName<client>; ParamValue: <[ id=0 name=DAOException codeName=null salesTax=0.0 isDeleted=false company=null clientStatus=null]>  }  at 2008-08-29 23:59:01.828 ]
[Error occurred in method <com.topcoder.clients.manager.dao.DAOClientManager.createClient(Client client)>, cause by :
com.topcoder.clients.manager.ClientManagerException: Fail to create the client, cause by Throw for testing
	at com.topcoder.clients.manager.dao.DAOClientManager.wrapInnerException(DAOClientManager.java:305)
	at com.topcoder.clients.manager.dao.DAOClientManager.createClient(DAOClientManager.java:279)
	at com.topcoder.clients.manager.failuretests.TestDAOClientManagerFailure.testCreateClientWithClientInvalid6(TestDAOClientManagerFailure.java:565)
	at sun.reflect.NativeMethodAccessorImpl.invoke0(Native Method)
	at sun.reflect.NativeMethodAccessorImpl.invoke(NativeMethodAccessorImpl.java:39)
	at sun.reflect.DelegatingMethodAccessorImpl.invoke(DelegatingMethodAccessorImpl.java:25)
	at java.lang.reflect.Method.invoke(Method.java:585)
	at junit.framework.TestCase.runTest(TestCase.java:154)
	at junit.framework.TestCase.runBare(TestCase.java:127)
	at junit.framework.TestResult$1.protect(TestResult.java:106)
	at junit.framework.TestResult.runProtected(TestResult.java:124)
	at junit.framework.TestResult.run(TestResult.java:109)
	at junit.framework.TestCase.run(TestCase.java:118)
	at junit.framework.TestSuite.runTest(TestSuite.java:208)
	at junit.framework.TestSuite.run(TestSuite.java:203)
	at junit.framework.TestSuite.runTest(TestSuite.java:208)
	at junit.framework.TestSuite.run(TestSuite.java:203)
	at junit.framework.TestSuite.runTest(TestSuite.java:208)
	at junit.framework.TestSuite.run(TestSuite.java:203)
	at org.apache.tools.ant.taskdefs.optional.junit.JUnitTestRunner.run(JUnitTestRunner.java:421)
	at org.apache.tools.ant.taskdefs.optional.junit.JUnitTestRunner.launch(JUnitTestRunner.java:912)
	at org.apache.tools.ant.taskdefs.optional.junit.JUnitTestRunner.main(JUnitTestRunner.java:766)
Caused by: com.topcoder.clients.dao.DAOException: Throw for testing
	at com.topcoder.clients.manager.MockClientDAO.save(MockClientDAO.java:183)
	at com.topcoder.clients.manager.dao.DAOClientManager.createClient(DAOClientManager.java:265)
	... 20 more
Caused by: java.lang.NullPointerException: NPE Raised 
	... 22 more
[Entering method <com.topcoder.clients.manager.dao.DAOClientManager.createClient(Client client)>; Parameters:{ ParamName<client>; ParamValue: <[ id=0 name=DAOConfigurationException codeName=null salesTax=0.0 isDeleted=false company=null clientStatus=null]>  }  at 2008-08-29 23:59:01.843 ]
[Error occurred in method <com.topcoder.clients.manager.dao.DAOClientManager.createClient(Client client)>, cause by :
com.topcoder.clients.manager.ClientManagerException: Fail to create the client, cause by Throw for testing
	at com.topcoder.clients.manager.dao.DAOClientManager.wrapInnerException(DAOClientManager.java:305)
	at com.topcoder.clients.manager.dao.DAOClientManager.createClient(DAOClientManager.java:277)
	at com.topcoder.clients.manager.failuretests.TestDAOClientManagerFailure.testCreateClientWithClientInvalid7(TestDAOClientManagerFailure.java:589)
	at sun.reflect.NativeMethodAccessorImpl.invoke0(Native Method)
	at sun.reflect.NativeMethodAccessorImpl.invoke(NativeMethodAccessorImpl.java:39)
	at sun.reflect.DelegatingMethodAccessorImpl.invoke(DelegatingMethodAccessorImpl.java:25)
	at java.lang.reflect.Method.invoke(Method.java:585)
	at junit.framework.TestCase.runTest(TestCase.java:154)
	at junit.framework.TestCase.runBare(TestCase.java:127)
	at junit.framework.TestResult$1.protect(TestResult.java:106)
	at junit.framework.TestResult.runProtected(TestResult.java:124)
	at junit.framework.TestResult.run(TestResult.java:109)
	at junit.framework.TestCase.run(TestCase.java:118)
	at junit.framework.TestSuite.runTest(TestSuite.java:208)
	at junit.framework.TestSuite.run(TestSuite.java:203)
	at junit.framework.TestSuite.runTest(TestSuite.java:208)
	at junit.framework.TestSuite.run(TestSuite.java:203)
	at junit.framework.TestSuite.runTest(TestSuite.java:208)
	at junit.framework.TestSuite.run(TestSuite.java:203)
	at org.apache.tools.ant.taskdefs.optional.junit.JUnitTestRunner.run(JUnitTestRunner.java:421)
	at org.apache.tools.ant.taskdefs.optional.junit.JUnitTestRunner.launch(JUnitTestRunner.java:912)
	at org.apache.tools.ant.taskdefs.optional.junit.JUnitTestRunner.main(JUnitTestRunner.java:766)
Caused by: com.topcoder.clients.dao.DAOConfigurationException: Throw for testing
	at com.topcoder.clients.manager.MockClientDAO.save(MockClientDAO.java:187)
	at com.topcoder.clients.manager.dao.DAOClientManager.createClient(DAOClientManager.java:265)
	... 20 more
Caused by: java.lang.NullPointerException: NPE Raised 
	... 22 more
[Entering method <com.topcoder.clients.manager.dao.DAOClientManager.updateClient(Client client)>; Parameters:{ ParamName<client>; ParamValue: <null>  }  at 2008-08-29 23:59:01.843 ]
[Error occurred in method <com.topcoder.clients.manager.dao.DAOClientManager.updateClient(Client client)>, cause by :
java.lang.IllegalArgumentException: The parameter 'client' should not be null.
	at com.topcoder.clients.manager.dao.Helper.checkNull(Helper.java:69)
	at com.topcoder.clients.manager.dao.Helper.validateClient(Helper.java:132)
	at com.topcoder.clients.manager.dao.DAOClientManager.updateClient(DAOClientManager.java:338)
	at com.topcoder.clients.manager.failuretests.TestDAOClientManagerFailure.testUpdateClientWithClientInvalid1(TestDAOClientManagerFailure.java:607)
	at sun.reflect.NativeMethodAccessorImpl.invoke0(Native Method)
	at sun.reflect.NativeMethodAccessorImpl.invoke(NativeMethodAccessorImpl.java:39)
	at sun.reflect.DelegatingMethodAccessorImpl.invoke(DelegatingMethodAccessorImpl.java:25)
	at java.lang.reflect.Method.invoke(Method.java:585)
	at junit.framework.TestCase.runTest(TestCase.java:154)
	at junit.framework.TestCase.runBare(TestCase.java:127)
	at junit.framework.TestResult$1.protect(TestResult.java:106)
	at junit.framework.TestResult.runProtected(TestResult.java:124)
	at junit.framework.TestResult.run(TestResult.java:109)
	at junit.framework.TestCase.run(TestCase.java:118)
	at junit.framework.TestSuite.runTest(TestSuite.java:208)
	at junit.framework.TestSuite.run(TestSuite.java:203)
	at junit.framework.TestSuite.runTest(TestSuite.java:208)
	at junit.framework.TestSuite.run(TestSuite.java:203)
	at junit.framework.TestSuite.runTest(TestSuite.java:208)
	at junit.framework.TestSuite.run(TestSuite.java:203)
	at org.apache.tools.ant.taskdefs.optional.junit.JUnitTestRunner.run(JUnitTestRunner.java:421)
	at org.apache.tools.ant.taskdefs.optional.junit.JUnitTestRunner.launch(JUnitTestRunner.java:912)
	at org.apache.tools.ant.taskdefs.optional.junit.JUnitTestRunner.main(JUnitTestRunner.java:766)
[Entering method <com.topcoder.clients.manager.dao.DAOClientManager.updateClient(Client client)>; Parameters:{ ParamName<client>; ParamValue: <[ id=0 name=name codeName=null salesTax=0.0 isDeleted=false company=null clientStatus=null]>  }  at 2008-08-29 23:59:01.843 ]
[Error occurred in method <com.topcoder.clients.manager.dao.DAOClientManager.updateClient(Client client)>, cause by :
java.lang.IllegalArgumentException: The startDate of client must < endDate.
	at com.topcoder.clients.manager.dao.Helper.validateClient(Helper.java:144)
	at com.topcoder.clients.manager.dao.DAOClientManager.updateClient(DAOClientManager.java:338)
	at com.topcoder.clients.manager.failuretests.TestDAOClientManagerFailure.testUpdateClientWithClientInvalid2(TestDAOClientManagerFailure.java:631)
	at sun.reflect.NativeMethodAccessorImpl.invoke0(Native Method)
	at sun.reflect.NativeMethodAccessorImpl.invoke(NativeMethodAccessorImpl.java:39)
	at sun.reflect.DelegatingMethodAccessorImpl.invoke(DelegatingMethodAccessorImpl.java:25)
	at java.lang.reflect.Method.invoke(Method.java:585)
	at junit.framework.TestCase.runTest(TestCase.java:154)
	at junit.framework.TestCase.runBare(TestCase.java:127)
	at junit.framework.TestResult$1.protect(TestResult.java:106)
	at junit.framework.TestResult.runProtected(TestResult.java:124)
	at junit.framework.TestResult.run(TestResult.java:109)
	at junit.framework.TestCase.run(TestCase.java:118)
	at junit.framework.TestSuite.runTest(TestSuite.java:208)
	at junit.framework.TestSuite.run(TestSuite.java:203)
	at junit.framework.TestSuite.runTest(TestSuite.java:208)
	at junit.framework.TestSuite.run(TestSuite.java:203)
	at junit.framework.TestSuite.runTest(TestSuite.java:208)
	at junit.framework.TestSuite.run(TestSuite.java:203)
	at org.apache.tools.ant.taskdefs.optional.junit.JUnitTestRunner.run(JUnitTestRunner.java:421)
	at org.apache.tools.ant.taskdefs.optional.junit.JUnitTestRunner.launch(JUnitTestRunner.java:912)
	at org.apache.tools.ant.taskdefs.optional.junit.JUnitTestRunner.main(JUnitTestRunner.java:766)
[Entering method <com.topcoder.clients.manager.dao.DAOClientManager.updateClient(Client client)>; Parameters:{ ParamName<client>; ParamValue: <[ id=0 name=   codeName=null salesTax=0.0 isDeleted=false company=null clientStatus=null]>  }  at 2008-08-29 23:59:01.859 ]
[Error occurred in method <com.topcoder.clients.manager.dao.DAOClientManager.updateClient(Client client)>, cause by :
java.lang.IllegalArgumentException: The Client should have a non-null and non-empty name.
	at com.topcoder.clients.manager.dao.Helper.validateClient(Helper.java:148)
	at com.topcoder.clients.manager.dao.DAOClientManager.updateClient(DAOClientManager.java:338)
	at com.topcoder.clients.manager.failuretests.TestDAOClientManagerFailure.testUpdateClientWithClientInvalid3(TestDAOClientManagerFailure.java:656)
	at sun.reflect.NativeMethodAccessorImpl.invoke0(Native Method)
	at sun.reflect.NativeMethodAccessorImpl.invoke(NativeMethodAccessorImpl.java:39)
	at sun.reflect.DelegatingMethodAccessorImpl.invoke(DelegatingMethodAccessorImpl.java:25)
	at java.lang.reflect.Method.invoke(Method.java:585)
	at junit.framework.TestCase.runTest(TestCase.java:154)
	at junit.framework.TestCase.runBare(TestCase.java:127)
	at junit.framework.TestResult$1.protect(TestResult.java:106)
	at junit.framework.TestResult.runProtected(TestResult.java:124)
	at junit.framework.TestResult.run(TestResult.java:109)
	at junit.framework.TestCase.run(TestCase.java:118)
	at junit.framework.TestSuite.runTest(TestSuite.java:208)
	at junit.framework.TestSuite.run(TestSuite.java:203)
	at junit.framework.TestSuite.runTest(TestSuite.java:208)
	at junit.framework.TestSuite.run(TestSuite.java:203)
	at junit.framework.TestSuite.runTest(TestSuite.java:208)
	at junit.framework.TestSuite.run(TestSuite.java:203)
	at org.apache.tools.ant.taskdefs.optional.junit.JUnitTestRunner.run(JUnitTestRunner.java:421)
	at org.apache.tools.ant.taskdefs.optional.junit.JUnitTestRunner.launch(JUnitTestRunner.java:912)
	at org.apache.tools.ant.taskdefs.optional.junit.JUnitTestRunner.main(JUnitTestRunner.java:766)
[Entering method <com.topcoder.clients.manager.dao.DAOClientManager.updateClient(Client client)>; Parameters:{ ParamName<client>; ParamValue: <[ id=0 name=name codeName=null salesTax=0.0 isDeleted=true company=null clientStatus=null]>  }  at 2008-08-29 23:59:01.859 ]
[Error occurred in method <com.topcoder.clients.manager.dao.DAOClientManager.updateClient(Client client)>, cause by :
java.lang.IllegalArgumentException: The client should not be deleted.
	at com.topcoder.clients.manager.dao.Helper.validateClient(Helper.java:152)
	at com.topcoder.clients.manager.dao.DAOClientManager.updateClient(DAOClientManager.java:338)
	at com.topcoder.clients.manager.failuretests.TestDAOClientManagerFailure.testUpdateClientWithClientInvalid4(TestDAOClientManagerFailure.java:681)
	at sun.reflect.NativeMethodAccessorImpl.invoke0(Native Method)
	at sun.reflect.NativeMethodAccessorImpl.invoke(NativeMethodAccessorImpl.java:39)
	at sun.reflect.DelegatingMethodAccessorImpl.invoke(DelegatingMethodAccessorImpl.java:25)
	at java.lang.reflect.Method.invoke(Method.java:585)
	at junit.framework.TestCase.runTest(TestCase.java:154)
	at junit.framework.TestCase.runBare(TestCase.java:127)
	at junit.framework.TestResult$1.protect(TestResult.java:106)
	at junit.framework.TestResult.runProtected(TestResult.java:124)
	at junit.framework.TestResult.run(TestResult.java:109)
	at junit.framework.TestCase.run(TestCase.java:118)
	at junit.framework.TestSuite.runTest(TestSuite.java:208)
	at junit.framework.TestSuite.run(TestSuite.java:203)
	at junit.framework.TestSuite.runTest(TestSuite.java:208)
	at junit.framework.TestSuite.run(TestSuite.java:203)
	at junit.framework.TestSuite.runTest(TestSuite.java:208)
	at junit.framework.TestSuite.run(TestSuite.java:203)
	at org.apache.tools.ant.taskdefs.optional.junit.JUnitTestRunner.run(JUnitTestRunner.java:421)
	at org.apache.tools.ant.taskdefs.optional.junit.JUnitTestRunner.launch(JUnitTestRunner.java:912)
	at org.apache.tools.ant.taskdefs.optional.junit.JUnitTestRunner.main(JUnitTestRunner.java:766)
[Entering method <com.topcoder.clients.manager.dao.DAOClientManager.updateClient(Client client)>; Parameters:{ ParamName<client>; ParamValue: <[ id=1 name=DAOConfigurationException codeName=null salesTax=0.0 isDeleted=false company=null clientStatus=null]>  }  at 2008-08-29 23:59:01.859 ]
[Error occurred in method <com.topcoder.clients.manager.dao.DAOClientManager.updateClient(Client client)>, cause by :
com.topcoder.clients.manager.ClientManagerException: Fail to update the client, cause by Throw for testing
	at com.topcoder.clients.manager.dao.DAOClientManager.wrapInnerException(DAOClientManager.java:305)
	at com.topcoder.clients.manager.dao.DAOClientManager.updateClient(DAOClientManager.java:353)
	at com.topcoder.clients.manager.failuretests.TestDAOClientManagerFailure.testUpdateClientWithClientInvalid5(TestDAOClientManagerFailure.java:707)
	at sun.reflect.NativeMethodAccessorImpl.invoke0(Native Method)
	at sun.reflect.NativeMethodAccessorImpl.invoke(NativeMethodAccessorImpl.java:39)
	at sun.reflect.DelegatingMethodAccessorImpl.invoke(DelegatingMethodAccessorImpl.java:25)
	at java.lang.reflect.Method.invoke(Method.java:585)
	at junit.framework.TestCase.runTest(TestCase.java:154)
	at junit.framework.TestCase.runBare(TestCase.java:127)
	at junit.framework.TestResult$1.protect(TestResult.java:106)
	at junit.framework.TestResult.runProtected(TestResult.java:124)
	at junit.framework.TestResult.run(TestResult.java:109)
	at junit.framework.TestCase.run(TestCase.java:118)
	at junit.framework.TestSuite.runTest(TestSuite.java:208)
	at junit.framework.TestSuite.run(TestSuite.java:203)
	at junit.framework.TestSuite.runTest(TestSuite.java:208)
	at junit.framework.TestSuite.run(TestSuite.java:203)
	at junit.framework.TestSuite.runTest(TestSuite.java:208)
	at junit.framework.TestSuite.run(TestSuite.java:203)
	at org.apache.tools.ant.taskdefs.optional.junit.JUnitTestRunner.run(JUnitTestRunner.java:421)
	at org.apache.tools.ant.taskdefs.optional.junit.JUnitTestRunner.launch(JUnitTestRunner.java:912)
	at org.apache.tools.ant.taskdefs.optional.junit.JUnitTestRunner.main(JUnitTestRunner.java:766)
Caused by: com.topcoder.clients.dao.DAOConfigurationException: Throw for testing
	at com.topcoder.clients.manager.MockClientDAO.save(MockClientDAO.java:187)
	at com.topcoder.clients.manager.dao.DAOClientManager.updateClient(DAOClientManager.java:344)
	... 20 more
Caused by: java.lang.NullPointerException: NPE Raised 
	... 22 more
[Entering method <com.topcoder.clients.manager.dao.DAOClientManager.updateClient(Client client)>; Parameters:{ ParamName<client>; ParamValue: <[ id=1 name=DAOException codeName=null salesTax=0.0 isDeleted=false company=null clientStatus=null]>  }  at 2008-08-29 23:59:01.875 ]
[Error occurred in method <com.topcoder.clients.manager.dao.DAOClientManager.updateClient(Client client)>, cause by :
com.topcoder.clients.manager.ClientManagerException: Fail to update the client, cause by Throw for testing
	at com.topcoder.clients.manager.dao.DAOClientManager.wrapInnerException(DAOClientManager.java:305)
	at com.topcoder.clients.manager.dao.DAOClientManager.updateClient(DAOClientManager.java:355)
	at com.topcoder.clients.manager.failuretests.TestDAOClientManagerFailure.testUpdateClientWithClientInvalid6(TestDAOClientManagerFailure.java:733)
	at sun.reflect.NativeMethodAccessorImpl.invoke0(Native Method)
	at sun.reflect.NativeMethodAccessorImpl.invoke(NativeMethodAccessorImpl.java:39)
	at sun.reflect.DelegatingMethodAccessorImpl.invoke(DelegatingMethodAccessorImpl.java:25)
	at java.lang.reflect.Method.invoke(Method.java:585)
	at junit.framework.TestCase.runTest(TestCase.java:154)
	at junit.framework.TestCase.runBare(TestCase.java:127)
	at junit.framework.TestResult$1.protect(TestResult.java:106)
	at junit.framework.TestResult.runProtected(TestResult.java:124)
	at junit.framework.TestResult.run(TestResult.java:109)
	at junit.framework.TestCase.run(TestCase.java:118)
	at junit.framework.TestSuite.runTest(TestSuite.java:208)
	at junit.framework.TestSuite.run(TestSuite.java:203)
	at junit.framework.TestSuite.runTest(TestSuite.java:208)
	at junit.framework.TestSuite.run(TestSuite.java:203)
	at junit.framework.TestSuite.runTest(TestSuite.java:208)
	at junit.framework.TestSuite.run(TestSuite.java:203)
	at org.apache.tools.ant.taskdefs.optional.junit.JUnitTestRunner.run(JUnitTestRunner.java:421)
	at org.apache.tools.ant.taskdefs.optional.junit.JUnitTestRunner.launch(JUnitTestRunner.java:912)
	at org.apache.tools.ant.taskdefs.optional.junit.JUnitTestRunner.main(JUnitTestRunner.java:766)
Caused by: com.topcoder.clients.dao.DAOException: Throw for testing
	at com.topcoder.clients.manager.MockClientDAO.save(MockClientDAO.java:183)
	at com.topcoder.clients.manager.dao.DAOClientManager.updateClient(DAOClientManager.java:344)
	... 20 more
Caused by: java.lang.NullPointerException: NPE Raised 
	... 22 more
[Entering method <com.topcoder.clients.manager.dao.DAOClientManager.updateClient(Client client)>; Parameters:{ ParamName<client>; ParamValue: <[ id=2 name=DAOException codeName=null salesTax=0.0 isDeleted=false company=null clientStatus=null]>  }  at 2008-08-29 23:59:01.875 ]
[Error occurred in method <com.topcoder.clients.manager.dao.DAOClientManager.updateClient(Client client)>, cause by :
com.topcoder.clients.manager.ClientEntityNotFoundException: The client entity does not exist in persistence with id=2
	at com.topcoder.clients.manager.dao.DAOClientManager.checkClientExisted(DAOClientManager.java:379)
	at com.topcoder.clients.manager.dao.DAOClientManager.updateClient(DAOClientManager.java:341)
	at com.topcoder.clients.manager.failuretests.TestDAOClientManagerFailure.testUpdateClientWithClientInvalid7(TestDAOClientManagerFailure.java:758)
	at sun.reflect.NativeMethodAccessorImpl.invoke0(Native Method)
	at sun.reflect.NativeMethodAccessorImpl.invoke(NativeMethodAccessorImpl.java:39)
	at sun.reflect.DelegatingMethodAccessorImpl.invoke(DelegatingMethodAccessorImpl.java:25)
	at java.lang.reflect.Method.invoke(Method.java:585)
	at junit.framework.TestCase.runTest(TestCase.java:154)
	at junit.framework.TestCase.runBare(TestCase.java:127)
	at junit.framework.TestResult$1.protect(TestResult.java:106)
	at junit.framework.TestResult.runProtected(TestResult.java:124)
	at junit.framework.TestResult.run(TestResult.java:109)
	at junit.framework.TestCase.run(TestCase.java:118)
	at junit.framework.TestSuite.runTest(TestSuite.java:208)
	at junit.framework.TestSuite.run(TestSuite.java:203)
	at junit.framework.TestSuite.runTest(TestSuite.java:208)
	at junit.framework.TestSuite.run(TestSuite.java:203)
	at junit.framework.TestSuite.runTest(TestSuite.java:208)
	at junit.framework.TestSuite.run(TestSuite.java:203)
	at org.apache.tools.ant.taskdefs.optional.junit.JUnitTestRunner.run(JUnitTestRunner.java:421)
	at org.apache.tools.ant.taskdefs.optional.junit.JUnitTestRunner.launch(JUnitTestRunner.java:912)
	at org.apache.tools.ant.taskdefs.optional.junit.JUnitTestRunner.main(JUnitTestRunner.java:766)
[Entering method <com.topcoder.clients.manager.dao.DAOClientManager.updateClient(Client client)>; Parameters:{ ParamName<client>; ParamValue: <[ id=-2 name=DAOException codeName=null salesTax=0.0 isDeleted=false company=null clientStatus=null]>  }  at 2008-08-29 23:59:01.890 ]
[Error occurred in method <com.topcoder.clients.manager.dao.DAOClientManager.updateClient(Client client)>, cause by :
com.topcoder.clients.manager.ClientEntityNotFoundException: The id should not <= 0, refer to The parameter id should not < 0
	at com.topcoder.clients.manager.dao.DAOClientManager.checkClientExisted(DAOClientManager.java:389)
	at com.topcoder.clients.manager.dao.DAOClientManager.updateClient(DAOClientManager.java:341)
	at com.topcoder.clients.manager.failuretests.TestDAOClientManagerFailure.testUpdateClientWithClientInvalid8(TestDAOClientManagerFailure.java:783)
	at sun.reflect.NativeMethodAccessorImpl.invoke0(Native Method)
	at sun.reflect.NativeMethodAccessorImpl.invoke(NativeMethodAccessorImpl.java:39)
	at sun.reflect.DelegatingMethodAccessorImpl.invoke(DelegatingMethodAccessorImpl.java:25)
	at java.lang.reflect.Method.invoke(Method.java:585)
	at junit.framework.TestCase.runTest(TestCase.java:154)
	at junit.framework.TestCase.runBare(TestCase.java:127)
	at junit.framework.TestResult$1.protect(TestResult.java:106)
	at junit.framework.TestResult.runProtected(TestResult.java:124)
	at junit.framework.TestResult.run(TestResult.java:109)
	at junit.framework.TestCase.run(TestCase.java:118)
	at junit.framework.TestSuite.runTest(TestSuite.java:208)
	at junit.framework.TestSuite.run(TestSuite.java:203)
	at junit.framework.TestSuite.runTest(TestSuite.java:208)
	at junit.framework.TestSuite.run(TestSuite.java:203)
	at junit.framework.TestSuite.runTest(TestSuite.java:208)
	at junit.framework.TestSuite.run(TestSuite.java:203)
	at org.apache.tools.ant.taskdefs.optional.junit.JUnitTestRunner.run(JUnitTestRunner.java:421)
	at org.apache.tools.ant.taskdefs.optional.junit.JUnitTestRunner.launch(JUnitTestRunner.java:912)
	at org.apache.tools.ant.taskdefs.optional.junit.JUnitTestRunner.main(JUnitTestRunner.java:766)
Caused by: java.lang.IllegalArgumentException: The parameter id should not < 0
	at com.topcoder.clients.manager.MockClientDAO.retrieveById(MockClientDAO.java:62)
	at com.topcoder.clients.manager.dao.DAOClientManager.checkClientExisted(DAOClientManager.java:378)
	... 21 more
[Entering method <com.topcoder.clients.manager.dao.DAOClientManager.deleteClient(Client client)>; Parameters:{ ParamName<client>; ParamValue: <null>  }  at 2008-08-29 23:59:01.906 ]
[Error occurred in method <com.topcoder.clients.manager.dao.DAOClientManager.deleteClient(Client client)>, cause by :
java.lang.IllegalArgumentException: The parameter 'client' should not be null.
	at com.topcoder.clients.manager.dao.Helper.checkNull(Helper.java:69)
	at com.topcoder.clients.manager.dao.DAOClientManager.deleteClient(DAOClientManager.java:421)
	at com.topcoder.clients.manager.failuretests.TestDAOClientManagerFailure.testDeleteClientWithClientInvalid1(TestDAOClientManagerFailure.java:801)
	at sun.reflect.NativeMethodAccessorImpl.invoke0(Native Method)
	at sun.reflect.NativeMethodAccessorImpl.invoke(NativeMethodAccessorImpl.java:39)
	at sun.reflect.DelegatingMethodAccessorImpl.invoke(DelegatingMethodAccessorImpl.java:25)
	at java.lang.reflect.Method.invoke(Method.java:585)
	at junit.framework.TestCase.runTest(TestCase.java:154)
	at junit.framework.TestCase.runBare(TestCase.java:127)
	at junit.framework.TestResult$1.protect(TestResult.java:106)
	at junit.framework.TestResult.runProtected(TestResult.java:124)
	at junit.framework.TestResult.run(TestResult.java:109)
	at junit.framework.TestCase.run(TestCase.java:118)
	at junit.framework.TestSuite.runTest(TestSuite.java:208)
	at junit.framework.TestSuite.run(TestSuite.java:203)
	at junit.framework.TestSuite.runTest(TestSuite.java:208)
	at junit.framework.TestSuite.run(TestSuite.java:203)
	at junit.framework.TestSuite.runTest(TestSuite.java:208)
	at junit.framework.TestSuite.run(TestSuite.java:203)
	at org.apache.tools.ant.taskdefs.optional.junit.JUnitTestRunner.run(JUnitTestRunner.java:421)
	at org.apache.tools.ant.taskdefs.optional.junit.JUnitTestRunner.launch(JUnitTestRunner.java:912)
	at org.apache.tools.ant.taskdefs.optional.junit.JUnitTestRunner.main(JUnitTestRunner.java:766)
[Entering method <com.topcoder.clients.manager.dao.DAOClientManager.deleteClient(Client client)>; Parameters:{ ParamName<client>; ParamValue: <[ id=0 name=null codeName=null salesTax=0.0 isDeleted=true company=null clientStatus=null]>  }  at 2008-08-29 23:59:01.906 ]
[Error occurred in method <com.topcoder.clients.manager.dao.DAOClientManager.deleteClient(Client client)>, cause by :
java.lang.IllegalArgumentException: The isDelete of client should not be true.
	at com.topcoder.clients.manager.dao.DAOClientManager.deleteClient(DAOClientManager.java:423)
	at com.topcoder.clients.manager.failuretests.TestDAOClientManagerFailure.testDeleteClientWithClientInvalid2(TestDAOClientManagerFailure.java:821)
	at sun.reflect.NativeMethodAccessorImpl.invoke0(Native Method)
	at sun.reflect.NativeMethodAccessorImpl.invoke(NativeMethodAccessorImpl.java:39)
	at sun.reflect.DelegatingMethodAccessorImpl.invoke(DelegatingMethodAccessorImpl.java:25)
	at java.lang.reflect.Method.invoke(Method.java:585)
	at junit.framework.TestCase.runTest(TestCase.java:154)
	at junit.framework.TestCase.runBare(TestCase.java:127)
	at junit.framework.TestResult$1.protect(TestResult.java:106)
	at junit.framework.TestResult.runProtected(TestResult.java:124)
	at junit.framework.TestResult.run(TestResult.java:109)
	at junit.framework.TestCase.run(TestCase.java:118)
	at junit.framework.TestSuite.runTest(TestSuite.java:208)
	at junit.framework.TestSuite.run(TestSuite.java:203)
	at junit.framework.TestSuite.runTest(TestSuite.java:208)
	at junit.framework.TestSuite.run(TestSuite.java:203)
	at junit.framework.TestSuite.runTest(TestSuite.java:208)
	at junit.framework.TestSuite.run(TestSuite.java:203)
	at org.apache.tools.ant.taskdefs.optional.junit.JUnitTestRunner.run(JUnitTestRunner.java:421)
	at org.apache.tools.ant.taskdefs.optional.junit.JUnitTestRunner.launch(JUnitTestRunner.java:912)
	at org.apache.tools.ant.taskdefs.optional.junit.JUnitTestRunner.main(JUnitTestRunner.java:766)
[Entering method <com.topcoder.clients.manager.dao.DAOClientManager.deleteClient(Client client)>; Parameters:{ ParamName<client>; ParamValue: <[ id=0 name=entityNotFound codeName=null salesTax=0.0 isDeleted=false company=null clientStatus=null]>  }  at 2008-08-29 23:59:01.906 ]
[Error occurred in method <com.topcoder.clients.manager.dao.DAOClientManager.deleteClient(Client client)>, cause by :
com.topcoder.clients.manager.ClientEntityNotFoundException: The client entity with id= 0 does not exist.
	at com.topcoder.clients.manager.dao.DAOClientManager.wrapEntityNotFoundException(DAOClientManager.java:920)
	at com.topcoder.clients.manager.dao.DAOClientManager.deleteClient(DAOClientManager.java:441)
	at com.topcoder.clients.manager.failuretests.TestDAOClientManagerFailure.testDeleteClientWithClientInvalid3(TestDAOClientManagerFailure.java:844)
	at sun.reflect.NativeMethodAccessorImpl.invoke0(Native Method)
	at sun.reflect.NativeMethodAccessorImpl.invoke(NativeMethodAccessorImpl.java:39)
	at sun.reflect.DelegatingMethodAccessorImpl.invoke(DelegatingMethodAccessorImpl.java:25)
	at java.lang.reflect.Method.invoke(Method.java:585)
	at junit.framework.TestCase.runTest(TestCase.java:154)
	at junit.framework.TestCase.runBare(TestCase.java:127)
	at junit.framework.TestResult$1.protect(TestResult.java:106)
	at junit.framework.TestResult.runProtected(TestResult.java:124)
	at junit.framework.TestResult.run(TestResult.java:109)
	at junit.framework.TestCase.run(TestCase.java:118)
	at junit.framework.TestSuite.runTest(TestSuite.java:208)
	at junit.framework.TestSuite.run(TestSuite.java:203)
	at junit.framework.TestSuite.runTest(TestSuite.java:208)
	at junit.framework.TestSuite.run(TestSuite.java:203)
	at junit.framework.TestSuite.runTest(TestSuite.java:208)
	at junit.framework.TestSuite.run(TestSuite.java:203)
	at org.apache.tools.ant.taskdefs.optional.junit.JUnitTestRunner.run(JUnitTestRunner.java:421)
	at org.apache.tools.ant.taskdefs.optional.junit.JUnitTestRunner.launch(JUnitTestRunner.java:912)
	at org.apache.tools.ant.taskdefs.optional.junit.JUnitTestRunner.main(JUnitTestRunner.java:766)
Caused by: com.topcoder.clients.dao.EntityNotFoundException: The entity is not found.
	at com.topcoder.clients.manager.MockClientDAO.delete(MockClientDAO.java:210)
	at com.topcoder.clients.manager.dao.DAOClientManager.deleteClient(DAOClientManager.java:427)
	... 20 more
Caused by: java.lang.IllegalArgumentException: IAE
	... 22 more
[Entering method <com.topcoder.clients.manager.dao.DAOClientManager.deleteClient(Client client)>; Parameters:{ ParamName<client>; ParamValue: <[ id=0 name=DAOException codeName=null salesTax=0.0 isDeleted=false company=null clientStatus=null]>  }  at 2008-08-29 23:59:01.921 ]
[Error occurred in method <com.topcoder.clients.manager.dao.DAOClientManager.deleteClient(Client client)>, cause by :
com.topcoder.clients.manager.ClientManagerException: Fail to delete the given client, cause by Throw for testing
	at com.topcoder.clients.manager.dao.DAOClientManager.wrapInnerException(DAOClientManager.java:305)
	at com.topcoder.clients.manager.dao.DAOClientManager.deleteClient(DAOClientManager.java:444)
	at com.topcoder.clients.manager.failuretests.TestDAOClientManagerFailure.testDeleteClientWithClientInvalid4(TestDAOClientManagerFailure.java:868)
	at sun.reflect.NativeMethodAccessorImpl.invoke0(Native Method)
	at sun.reflect.NativeMethodAccessorImpl.invoke(NativeMethodAccessorImpl.java:39)
	at sun.reflect.DelegatingMethodAccessorImpl.invoke(DelegatingMethodAccessorImpl.java:25)
	at java.lang.reflect.Method.invoke(Method.java:585)
	at junit.framework.TestCase.runTest(TestCase.java:154)
	at junit.framework.TestCase.runBare(TestCase.java:127)
	at junit.framework.TestResult$1.protect(TestResult.java:106)
	at junit.framework.TestResult.runProtected(TestResult.java:124)
	at junit.framework.TestResult.run(TestResult.java:109)
	at junit.framework.TestCase.run(TestCase.java:118)
	at junit.framework.TestSuite.runTest(TestSuite.java:208)
	at junit.framework.TestSuite.run(TestSuite.java:203)
	at junit.framework.TestSuite.runTest(TestSuite.java:208)
	at junit.framework.TestSuite.run(TestSuite.java:203)
	at junit.framework.TestSuite.runTest(TestSuite.java:208)
	at junit.framework.TestSuite.run(TestSuite.java:203)
	at org.apache.tools.ant.taskdefs.optional.junit.JUnitTestRunner.run(JUnitTestRunner.java:421)
	at org.apache.tools.ant.taskdefs.optional.junit.JUnitTestRunner.launch(JUnitTestRunner.java:912)
	at org.apache.tools.ant.taskdefs.optional.junit.JUnitTestRunner.main(JUnitTestRunner.java:766)
Caused by: com.topcoder.clients.dao.DAOException: Throw for testing
	at com.topcoder.clients.manager.MockClientDAO.delete(MockClientDAO.java:214)
	at com.topcoder.clients.manager.dao.DAOClientManager.deleteClient(DAOClientManager.java:427)
	... 20 more
Caused by: java.lang.NullPointerException: NPE Raised 
	... 22 more
[Entering method <com.topcoder.clients.manager.dao.DAOClientManager.deleteClient(Client client)>; Parameters:{ ParamName<client>; ParamValue: <[ id=0 name=DAOConfigurationException codeName=null salesTax=0.0 isDeleted=false company=null clientStatus=null]>  }  at 2008-08-29 23:59:01.921 ]
[Error occurred in method <com.topcoder.clients.manager.dao.DAOClientManager.deleteClient(Client client)>, cause by :
com.topcoder.clients.manager.ClientManagerException: Fail to delete the given client, cause by Throw for testing
	at com.topcoder.clients.manager.dao.DAOClientManager.wrapInnerException(DAOClientManager.java:305)
	at com.topcoder.clients.manager.dao.DAOClientManager.deleteClient(DAOClientManager.java:438)
	at com.topcoder.clients.manager.failuretests.TestDAOClientManagerFailure.testDeleteClientWithClientInvalid5(TestDAOClientManagerFailure.java:891)
	at sun.reflect.NativeMethodAccessorImpl.invoke0(Native Method)
	at sun.reflect.NativeMethodAccessorImpl.invoke(NativeMethodAccessorImpl.java:39)
	at sun.reflect.DelegatingMethodAccessorImpl.invoke(DelegatingMethodAccessorImpl.java:25)
	at java.lang.reflect.Method.invoke(Method.java:585)
	at junit.framework.TestCase.runTest(TestCase.java:154)
	at junit.framework.TestCase.runBare(TestCase.java:127)
	at junit.framework.TestResult$1.protect(TestResult.java:106)
	at junit.framework.TestResult.runProtected(TestResult.java:124)
	at junit.framework.TestResult.run(TestResult.java:109)
	at junit.framework.TestCase.run(TestCase.java:118)
	at junit.framework.TestSuite.runTest(TestSuite.java:208)
	at junit.framework.TestSuite.run(TestSuite.java:203)
	at junit.framework.TestSuite.runTest(TestSuite.java:208)
	at junit.framework.TestSuite.run(TestSuite.java:203)
	at junit.framework.TestSuite.runTest(TestSuite.java:208)
	at junit.framework.TestSuite.run(TestSuite.java:203)
	at org.apache.tools.ant.taskdefs.optional.junit.JUnitTestRunner.run(JUnitTestRunner.java:421)
	at org.apache.tools.ant.taskdefs.optional.junit.JUnitTestRunner.launch(JUnitTestRunner.java:912)
	at org.apache.tools.ant.taskdefs.optional.junit.JUnitTestRunner.main(JUnitTestRunner.java:766)
Caused by: com.topcoder.clients.dao.DAOConfigurationException: Throw for testing
	at com.topcoder.clients.manager.MockClientDAO.delete(MockClientDAO.java:218)
	at com.topcoder.clients.manager.dao.DAOClientManager.deleteClient(DAOClientManager.java:427)
	... 20 more
Caused by: java.lang.NullPointerException: NPE Raised 
	... 22 more
[Entering method <com.topcoder.clients.manager.dao.DAOClientManager.setClientCodeName(Client client, String codeName)>; Parameters:{ ParamName<client>; ParamValue: <null> , ParamName<codeName>; ParamValue: <codeName>  }  at 2008-08-29 23:59:01.921 ]
[Error occurred in method <com.topcoder.clients.manager.dao.DAOClientManager.setClientCodeName(Client client, String codeName)>, cause by :
java.lang.IllegalArgumentException: The parameter 'client' should not be null.
	at com.topcoder.clients.manager.dao.Helper.checkNull(Helper.java:69)
	at com.topcoder.clients.manager.dao.Helper.validateClient(Helper.java:132)
	at com.topcoder.clients.manager.dao.DAOClientManager.setClientCodeName(DAOClientManager.java:473)
	at com.topcoder.clients.manager.failuretests.TestDAOClientManagerFailure.testSetClientCodeNameWithInvalid1(TestDAOClientManagerFailure.java:910)
	at sun.reflect.NativeMethodAccessorImpl.invoke0(Native Method)
	at sun.reflect.NativeMethodAccessorImpl.invoke(NativeMethodAccessorImpl.java:39)
	at sun.reflect.DelegatingMethodAccessorImpl.invoke(DelegatingMethodAccessorImpl.java:25)
	at java.lang.reflect.Method.invoke(Method.java:585)
	at junit.framework.TestCase.runTest(TestCase.java:154)
	at junit.framework.TestCase.runBare(TestCase.java:127)
	at junit.framework.TestResult$1.protect(TestResult.java:106)
	at junit.framework.TestResult.runProtected(TestResult.java:124)
	at junit.framework.TestResult.run(TestResult.java:109)
	at junit.framework.TestCase.run(TestCase.java:118)
	at junit.framework.TestSuite.runTest(TestSuite.java:208)
	at junit.framework.TestSuite.run(TestSuite.java:203)
	at junit.framework.TestSuite.runTest(TestSuite.java:208)
	at junit.framework.TestSuite.run(TestSuite.java:203)
	at junit.framework.TestSuite.runTest(TestSuite.java:208)
	at junit.framework.TestSuite.run(TestSuite.java:203)
	at org.apache.tools.ant.taskdefs.optional.junit.JUnitTestRunner.run(JUnitTestRunner.java:421)
	at org.apache.tools.ant.taskdefs.optional.junit.JUnitTestRunner.launch(JUnitTestRunner.java:912)
	at org.apache.tools.ant.taskdefs.optional.junit.JUnitTestRunner.main(JUnitTestRunner.java:766)
[Entering method <com.topcoder.clients.manager.dao.DAOClientManager.setClientCodeName(Client client, String codeName)>; Parameters:{ ParamName<client>; ParamValue: <[ id=0 name= codeName=null salesTax=0.0 isDeleted=false company=null clientStatus=null]> , ParamName<codeName>; ParamValue: <codeName>  }  at 2008-08-29 23:59:01.937 ]
[Error occurred in method <com.topcoder.clients.manager.dao.DAOClientManager.setClientCodeName(Client client, String codeName)>, cause by :
java.lang.IllegalArgumentException: The startDate of client should be set.
	at com.topcoder.clients.manager.dao.Helper.validateClient(Helper.java:135)
	at com.topcoder.clients.manager.dao.DAOClientManager.setClientCodeName(DAOClientManager.java:473)
	at com.topcoder.clients.manager.failuretests.TestDAOClientManagerFailure.testSetClientCodeNameWithInvalid2(TestDAOClientManagerFailure.java:930)
	at sun.reflect.NativeMethodAccessorImpl.invoke0(Native Method)
	at sun.reflect.NativeMethodAccessorImpl.invoke(NativeMethodAccessorImpl.java:39)
	at sun.reflect.DelegatingMethodAccessorImpl.invoke(DelegatingMethodAccessorImpl.java:25)
	at java.lang.reflect.Method.invoke(Method.java:585)
	at junit.framework.TestCase.runTest(TestCase.java:154)
	at junit.framework.TestCase.runBare(TestCase.java:127)
	at junit.framework.TestResult$1.protect(TestResult.java:106)
	at junit.framework.TestResult.runProtected(TestResult.java:124)
	at junit.framework.TestResult.run(TestResult.java:109)
	at junit.framework.TestCase.run(TestCase.java:118)
	at junit.framework.TestSuite.runTest(TestSuite.java:208)
	at junit.framework.TestSuite.run(TestSuite.java:203)
	at junit.framework.TestSuite.runTest(TestSuite.java:208)
	at junit.framework.TestSuite.run(TestSuite.java:203)
	at junit.framework.TestSuite.runTest(TestSuite.java:208)
	at junit.framework.TestSuite.run(TestSuite.java:203)
	at org.apache.tools.ant.taskdefs.optional.junit.JUnitTestRunner.run(JUnitTestRunner.java:421)
	at org.apache.tools.ant.taskdefs.optional.junit.JUnitTestRunner.launch(JUnitTestRunner.java:912)
	at org.apache.tools.ant.taskdefs.optional.junit.JUnitTestRunner.main(JUnitTestRunner.java:766)
[Entering method <com.topcoder.clients.manager.dao.DAOClientManager.setClientCodeName(Client client, String codeName)>; Parameters:{ ParamName<client>; ParamValue: <[ id=0 name=name codeName=null salesTax=0.0 isDeleted=true company=null clientStatus=null]> , ParamName<codeName>; ParamValue: <codeName>  }  at 2008-08-29 23:59:01.937 ]
[Error occurred in method <com.topcoder.clients.manager.dao.DAOClientManager.setClientCodeName(Client client, String codeName)>, cause by :
java.lang.IllegalArgumentException: The startDate of client should be set.
	at com.topcoder.clients.manager.dao.Helper.validateClient(Helper.java:135)
	at com.topcoder.clients.manager.dao.DAOClientManager.setClientCodeName(DAOClientManager.java:473)
	at com.topcoder.clients.manager.failuretests.TestDAOClientManagerFailure.testSetClientCodeNameWithInvalid3(TestDAOClientManagerFailure.java:951)
	at sun.reflect.NativeMethodAccessorImpl.invoke0(Native Method)
	at sun.reflect.NativeMethodAccessorImpl.invoke(NativeMethodAccessorImpl.java:39)
	at sun.reflect.DelegatingMethodAccessorImpl.invoke(DelegatingMethodAccessorImpl.java:25)
	at java.lang.reflect.Method.invoke(Method.java:585)
	at junit.framework.TestCase.runTest(TestCase.java:154)
	at junit.framework.TestCase.runBare(TestCase.java:127)
	at junit.framework.TestResult$1.protect(TestResult.java:106)
	at junit.framework.TestResult.runProtected(TestResult.java:124)
	at junit.framework.TestResult.run(TestResult.java:109)
	at junit.framework.TestCase.run(TestCase.java:118)
	at junit.framework.TestSuite.runTest(TestSuite.java:208)
	at junit.framework.TestSuite.run(TestSuite.java:203)
	at junit.framework.TestSuite.runTest(TestSuite.java:208)
	at junit.framework.TestSuite.run(TestSuite.java:203)
	at junit.framework.TestSuite.runTest(TestSuite.java:208)
	at junit.framework.TestSuite.run(TestSuite.java:203)
	at org.apache.tools.ant.taskdefs.optional.junit.JUnitTestRunner.run(JUnitTestRunner.java:421)
	at org.apache.tools.ant.taskdefs.optional.junit.JUnitTestRunner.launch(JUnitTestRunner.java:912)
	at org.apache.tools.ant.taskdefs.optional.junit.JUnitTestRunner.main(JUnitTestRunner.java:766)
[Entering method <com.topcoder.clients.manager.dao.DAOClientManager.setClientCodeName(Client client, String codeName)>; Parameters:{ ParamName<client>; ParamValue: <[ id=0 name=name codeName=null salesTax=0.0 isDeleted=false company=null clientStatus=null]> , ParamName<codeName>; ParamValue: <null>  }  at 2008-08-29 23:59:01.937 ]
[Error occurred in method <com.topcoder.clients.manager.dao.DAOClientManager.setClientCodeName(Client client, String codeName)>, cause by :
java.lang.IllegalArgumentException: The startDate of client should be set.
	at com.topcoder.clients.manager.dao.Helper.validateClient(Helper.java:135)
	at com.topcoder.clients.manager.dao.DAOClientManager.setClientCodeName(DAOClientManager.java:473)
	at com.topcoder.clients.manager.failuretests.TestDAOClientManagerFailure.testSetClientCodeNameWithInvalid4(TestDAOClientManagerFailure.java:972)
	at sun.reflect.NativeMethodAccessorImpl.invoke0(Native Method)
	at sun.reflect.NativeMethodAccessorImpl.invoke(NativeMethodAccessorImpl.java:39)
	at sun.reflect.DelegatingMethodAccessorImpl.invoke(DelegatingMethodAccessorImpl.java:25)
	at java.lang.reflect.Method.invoke(Method.java:585)
	at junit.framework.TestCase.runTest(TestCase.java:154)
	at junit.framework.TestCase.runBare(TestCase.java:127)
	at junit.framework.TestResult$1.protect(TestResult.java:106)
	at junit.framework.TestResult.runProtected(TestResult.java:124)
	at junit.framework.TestResult.run(TestResult.java:109)
	at junit.framework.TestCase.run(TestCase.java:118)
	at junit.framework.TestSuite.runTest(TestSuite.java:208)
	at junit.framework.TestSuite.run(TestSuite.java:203)
	at junit.framework.TestSuite.runTest(TestSuite.java:208)
	at junit.framework.TestSuite.run(TestSuite.java:203)
	at junit.framework.TestSuite.runTest(TestSuite.java:208)
	at junit.framework.TestSuite.run(TestSuite.java:203)
	at org.apache.tools.ant.taskdefs.optional.junit.JUnitTestRunner.run(JUnitTestRunner.java:421)
	at org.apache.tools.ant.taskdefs.optional.junit.JUnitTestRunner.launch(JUnitTestRunner.java:912)
	at org.apache.tools.ant.taskdefs.optional.junit.JUnitTestRunner.main(JUnitTestRunner.java:766)
[Entering method <com.topcoder.clients.manager.dao.DAOClientManager.setClientCodeName(Client client, String codeName)>; Parameters:{ ParamName<client>; ParamValue: <[ id=0 name=name codeName=null salesTax=0.0 isDeleted=false company=null clientStatus=null]> , ParamName<codeName>; ParamValue: <  >  }  at 2008-08-29 23:59:01.953 ]
[Error occurred in method <com.topcoder.clients.manager.dao.DAOClientManager.setClientCodeName(Client client, String codeName)>, cause by :
java.lang.IllegalArgumentException: The startDate of client should be set.
	at com.topcoder.clients.manager.dao.Helper.validateClient(Helper.java:135)
	at com.topcoder.clients.manager.dao.DAOClientManager.setClientCodeName(DAOClientManager.java:473)
	at com.topcoder.clients.manager.failuretests.TestDAOClientManagerFailure.testSetClientCodeNameWithInvalid5(TestDAOClientManagerFailure.java:993)
	at sun.reflect.NativeMethodAccessorImpl.invoke0(Native Method)
	at sun.reflect.NativeMethodAccessorImpl.invoke(NativeMethodAccessorImpl.java:39)
	at sun.reflect.DelegatingMethodAccessorImpl.invoke(DelegatingMethodAccessorImpl.java:25)
	at java.lang.reflect.Method.invoke(Method.java:585)
	at junit.framework.TestCase.runTest(TestCase.java:154)
	at junit.framework.TestCase.runBare(TestCase.java:127)
	at junit.framework.TestResult$1.protect(TestResult.java:106)
	at junit.framework.TestResult.runProtected(TestResult.java:124)
	at junit.framework.TestResult.run(TestResult.java:109)
	at junit.framework.TestCase.run(TestCase.java:118)
	at junit.framework.TestSuite.runTest(TestSuite.java:208)
	at junit.framework.TestSuite.run(TestSuite.java:203)
	at junit.framework.TestSuite.runTest(TestSuite.java:208)
	at junit.framework.TestSuite.run(TestSuite.java:203)
	at junit.framework.TestSuite.runTest(TestSuite.java:208)
	at junit.framework.TestSuite.run(TestSuite.java:203)
	at org.apache.tools.ant.taskdefs.optional.junit.JUnitTestRunner.run(JUnitTestRunner.java:421)
	at org.apache.tools.ant.taskdefs.optional.junit.JUnitTestRunner.launch(JUnitTestRunner.java:912)
	at org.apache.tools.ant.taskdefs.optional.junit.JUnitTestRunner.main(JUnitTestRunner.java:766)
[Entering method <com.topcoder.clients.manager.dao.DAOClientManager.setClientCodeName(Client client, String codeName)>; Parameters:{ ParamName<client>; ParamValue: <[ id=0 name=name codeName=null salesTax=0.0 isDeleted=false company=null clientStatus=null]> , ParamName<codeName>; ParamValue: <code>  }  at 2008-08-29 23:59:01.953 ]
[Entering method <com.topcoder.clients.manager.dao.DAOClientManager.updateClient(Client client)>; Parameters:{ ParamName<client>; ParamValue: <[ id=0 name=name codeName=code salesTax=0.0 isDeleted=false company=null clientStatus=null]>  }  at 2008-08-29 23:59:01.953 ]
[Error occurred in method <com.topcoder.clients.manager.dao.DAOClientManager.updateClient(Client client)>, cause by :
com.topcoder.clients.manager.ClientEntityNotFoundException: The client entity does not exist in persistence with id=0
	at com.topcoder.clients.manager.dao.DAOClientManager.checkClientExisted(DAOClientManager.java:379)
	at com.topcoder.clients.manager.dao.DAOClientManager.updateClient(DAOClientManager.java:341)
	at com.topcoder.clients.manager.dao.DAOClientManager.setClientCodeName(DAOClientManager.java:484)
	at com.topcoder.clients.manager.failuretests.TestDAOClientManagerFailure.testSetClientCodeNameWithInvalid6(TestDAOClientManagerFailure.java:1016)
	at sun.reflect.NativeMethodAccessorImpl.invoke0(Native Method)
	at sun.reflect.NativeMethodAccessorImpl.invoke(NativeMethodAccessorImpl.java:39)
	at sun.reflect.DelegatingMethodAccessorImpl.invoke(DelegatingMethodAccessorImpl.java:25)
	at java.lang.reflect.Method.invoke(Method.java:585)
	at junit.framework.TestCase.runTest(TestCase.java:154)
	at junit.framework.TestCase.runBare(TestCase.java:127)
	at junit.framework.TestResult$1.protect(TestResult.java:106)
	at junit.framework.TestResult.runProtected(TestResult.java:124)
	at junit.framework.TestResult.run(TestResult.java:109)
	at junit.framework.TestCase.run(TestCase.java:118)
	at junit.framework.TestSuite.runTest(TestSuite.java:208)
	at junit.framework.TestSuite.run(TestSuite.java:203)
	at junit.framework.TestSuite.runTest(TestSuite.java:208)
	at junit.framework.TestSuite.run(TestSuite.java:203)
	at junit.framework.TestSuite.runTest(TestSuite.java:208)
	at junit.framework.TestSuite.run(TestSuite.java:203)
	at org.apache.tools.ant.taskdefs.optional.junit.JUnitTestRunner.run(JUnitTestRunner.java:421)
	at org.apache.tools.ant.taskdefs.optional.junit.JUnitTestRunner.launch(JUnitTestRunner.java:912)
	at org.apache.tools.ant.taskdefs.optional.junit.JUnitTestRunner.main(JUnitTestRunner.java:766)
[Entering method <com.topcoder.clients.manager.dao.DAOClientManager.setClientCodeName(Client client, String codeName)>; Parameters:{ ParamName<client>; ParamValue: <[ id=1 name=DAOConfigurationException codeName=null salesTax=0.0 isDeleted=false company=null clientStatus=null]> , ParamName<codeName>; ParamValue: <code>  }  at 2008-08-29 23:59:01.953 ]
[Entering method <com.topcoder.clients.manager.dao.DAOClientManager.updateClient(Client client)>; Parameters:{ ParamName<client>; ParamValue: <[ id=1 name=DAOConfigurationException codeName=code salesTax=0.0 isDeleted=false company=null clientStatus=null]>  }  at 2008-08-29 23:59:01.953 ]
[Error occurred in method <com.topcoder.clients.manager.dao.DAOClientManager.updateClient(Client client)>, cause by :
com.topcoder.clients.manager.ClientManagerException: Fail to update the client, cause by Throw for testing
	at com.topcoder.clients.manager.dao.DAOClientManager.wrapInnerException(DAOClientManager.java:305)
	at com.topcoder.clients.manager.dao.DAOClientManager.updateClient(DAOClientManager.java:353)
	at com.topcoder.clients.manager.dao.DAOClientManager.setClientCodeName(DAOClientManager.java:484)
	at com.topcoder.clients.manager.failuretests.TestDAOClientManagerFailure.testSetClientCodeNameWithInvalid7(TestDAOClientManagerFailure.java:1040)
	at sun.reflect.NativeMethodAccessorImpl.invoke0(Native Method)
	at sun.reflect.NativeMethodAccessorImpl.invoke(NativeMethodAccessorImpl.java:39)
	at sun.reflect.DelegatingMethodAccessorImpl.invoke(DelegatingMethodAccessorImpl.java:25)
	at java.lang.reflect.Method.invoke(Method.java:585)
	at junit.framework.TestCase.runTest(TestCase.java:154)
	at junit.framework.TestCase.runBare(TestCase.java:127)
	at junit.framework.TestResult$1.protect(TestResult.java:106)
	at junit.framework.TestResult.runProtected(TestResult.java:124)
	at junit.framework.TestResult.run(TestResult.java:109)
	at junit.framework.TestCase.run(TestCase.java:118)
	at junit.framework.TestSuite.runTest(TestSuite.java:208)
	at junit.framework.TestSuite.run(TestSuite.java:203)
	at junit.framework.TestSuite.runTest(TestSuite.java:208)
	at junit.framework.TestSuite.run(TestSuite.java:203)
	at junit.framework.TestSuite.runTest(TestSuite.java:208)
	at junit.framework.TestSuite.run(TestSuite.java:203)
	at org.apache.tools.ant.taskdefs.optional.junit.JUnitTestRunner.run(JUnitTestRunner.java:421)
	at org.apache.tools.ant.taskdefs.optional.junit.JUnitTestRunner.launch(JUnitTestRunner.java:912)
	at org.apache.tools.ant.taskdefs.optional.junit.JUnitTestRunner.main(JUnitTestRunner.java:766)
Caused by: com.topcoder.clients.dao.DAOConfigurationException: Throw for testing
	at com.topcoder.clients.manager.MockClientDAO.save(MockClientDAO.java:187)
	at com.topcoder.clients.manager.dao.DAOClientManager.updateClient(DAOClientManager.java:344)
	... 21 more
Caused by: java.lang.NullPointerException: NPE Raised 
	... 23 more
[Entering method <com.topcoder.clients.manager.dao.DAOClientManager.setClientStatus(Client client, ClientStatus status)>; Parameters:{ ParamName<client>; ParamValue: <null> , ParamName<status>; ParamValue: <[ id=0 name=s description=des isDeleted=false]>  }  at 2008-08-29 23:59:01.968 ]
[Error occurred in method <com.topcoder.clients.manager.dao.DAOClientManager.setClientStatus(Client client, ClientStatus status)>, cause by :
java.lang.IllegalArgumentException: The parameter 'client' should not be null.
	at com.topcoder.clients.manager.dao.Helper.checkNull(Helper.java:69)
	at com.topcoder.clients.manager.dao.Helper.validateClient(Helper.java:132)
	at com.topcoder.clients.manager.dao.DAOClientManager.setClientStatus(DAOClientManager.java:518)
	at com.topcoder.clients.manager.failuretests.TestDAOClientManagerFailure.testSetClientStatusWithInvalid1(TestDAOClientManagerFailure.java:1063)
	at sun.reflect.NativeMethodAccessorImpl.invoke0(Native Method)
	at sun.reflect.NativeMethodAccessorImpl.invoke(NativeMethodAccessorImpl.java:39)
	at sun.reflect.DelegatingMethodAccessorImpl.invoke(DelegatingMethodAccessorImpl.java:25)
	at java.lang.reflect.Method.invoke(Method.java:585)
	at junit.framework.TestCase.runTest(TestCase.java:154)
	at junit.framework.TestCase.runBare(TestCase.java:127)
	at junit.framework.TestResult$1.protect(TestResult.java:106)
	at junit.framework.TestResult.runProtected(TestResult.java:124)
	at junit.framework.TestResult.run(TestResult.java:109)
	at junit.framework.TestCase.run(TestCase.java:118)
	at junit.framework.TestSuite.runTest(TestSuite.java:208)
	at junit.framework.TestSuite.run(TestSuite.java:203)
	at junit.framework.TestSuite.runTest(TestSuite.java:208)
	at junit.framework.TestSuite.run(TestSuite.java:203)
	at junit.framework.TestSuite.runTest(TestSuite.java:208)
	at junit.framework.TestSuite.run(TestSuite.java:203)
	at org.apache.tools.ant.taskdefs.optional.junit.JUnitTestRunner.run(JUnitTestRunner.java:421)
	at org.apache.tools.ant.taskdefs.optional.junit.JUnitTestRunner.launch(JUnitTestRunner.java:912)
	at org.apache.tools.ant.taskdefs.optional.junit.JUnitTestRunner.main(JUnitTestRunner.java:766)
[Entering method <com.topcoder.clients.manager.dao.DAOClientManager.setClientStatus(Client client, ClientStatus status)>; Parameters:{ ParamName<client>; ParamValue: <[ id=0 name=   codeName=null salesTax=0.0 isDeleted=false company=null clientStatus=null]> , ParamName<status>; ParamValue: <[ id=0 name=s description=des isDeleted=false]>  }  at 2008-08-29 23:59:01.968 ]
[Error occurred in method <com.topcoder.clients.manager.dao.DAOClientManager.setClientStatus(Client client, ClientStatus status)>, cause by :
java.lang.IllegalArgumentException: The startDate of client should be set.
	at com.topcoder.clients.manager.dao.Helper.validateClient(Helper.java:135)
	at com.topcoder.clients.manager.dao.DAOClientManager.setClientStatus(DAOClientManager.java:518)
	at com.topcoder.clients.manager.failuretests.TestDAOClientManagerFailure.testSetClientStatusWithInvalid2(TestDAOClientManagerFailure.java:1088)
	at sun.reflect.NativeMethodAccessorImpl.invoke0(Native Method)
	at sun.reflect.NativeMethodAccessorImpl.invoke(NativeMethodAccessorImpl.java:39)
	at sun.reflect.DelegatingMethodAccessorImpl.invoke(DelegatingMethodAccessorImpl.java:25)
	at java.lang.reflect.Method.invoke(Method.java:585)
	at junit.framework.TestCase.runTest(TestCase.java:154)
	at junit.framework.TestCase.runBare(TestCase.java:127)
	at junit.framework.TestResult$1.protect(TestResult.java:106)
	at junit.framework.TestResult.runProtected(TestResult.java:124)
	at junit.framework.TestResult.run(TestResult.java:109)
	at junit.framework.TestCase.run(TestCase.java:118)
	at junit.framework.TestSuite.runTest(TestSuite.java:208)
	at junit.framework.TestSuite.run(TestSuite.java:203)
	at junit.framework.TestSuite.runTest(TestSuite.java:208)
	at junit.framework.TestSuite.run(TestSuite.java:203)
	at junit.framework.TestSuite.runTest(TestSuite.java:208)
	at junit.framework.TestSuite.run(TestSuite.java:203)
	at org.apache.tools.ant.taskdefs.optional.junit.JUnitTestRunner.run(JUnitTestRunner.java:421)
	at org.apache.tools.ant.taskdefs.optional.junit.JUnitTestRunner.launch(JUnitTestRunner.java:912)
	at org.apache.tools.ant.taskdefs.optional.junit.JUnitTestRunner.main(JUnitTestRunner.java:766)
[Entering method <com.topcoder.clients.manager.dao.DAOClientManager.setClientStatus(Client client, ClientStatus status)>; Parameters:{ ParamName<client>; ParamValue: <[ id=0 name=name codeName=null salesTax=0.0 isDeleted=true company=null clientStatus=null]> , ParamName<status>; ParamValue: <[ id=0 name=s description=des isDeleted=false]>  }  at 2008-08-29 23:59:01.968 ]
[Error occurred in method <com.topcoder.clients.manager.dao.DAOClientManager.setClientStatus(Client client, ClientStatus status)>, cause by :
java.lang.IllegalArgumentException: The startDate of client should be set.
	at com.topcoder.clients.manager.dao.Helper.validateClient(Helper.java:135)
	at com.topcoder.clients.manager.dao.DAOClientManager.setClientStatus(DAOClientManager.java:518)
	at com.topcoder.clients.manager.failuretests.TestDAOClientManagerFailure.testSetClientStatusWithInvalid3(TestDAOClientManagerFailure.java:1114)
	at sun.reflect.NativeMethodAccessorImpl.invoke0(Native Method)
	at sun.reflect.NativeMethodAccessorImpl.invoke(NativeMethodAccessorImpl.java:39)
	at sun.reflect.DelegatingMethodAccessorImpl.invoke(DelegatingMethodAccessorImpl.java:25)
	at java.lang.reflect.Method.invoke(Method.java:585)
	at junit.framework.TestCase.runTest(TestCase.java:154)
	at junit.framework.TestCase.runBare(TestCase.java:127)
	at junit.framework.TestResult$1.protect(TestResult.java:106)
	at junit.framework.TestResult.runProtected(TestResult.java:124)
	at junit.framework.TestResult.run(TestResult.java:109)
	at junit.framework.TestCase.run(TestCase.java:118)
	at junit.framework.TestSuite.runTest(TestSuite.java:208)
	at junit.framework.TestSuite.run(TestSuite.java:203)
	at junit.framework.TestSuite.runTest(TestSuite.java:208)
	at junit.framework.TestSuite.run(TestSuite.java:203)
	at junit.framework.TestSuite.runTest(TestSuite.java:208)
	at junit.framework.TestSuite.run(TestSuite.java:203)
	at org.apache.tools.ant.taskdefs.optional.junit.JUnitTestRunner.run(JUnitTestRunner.java:421)
	at org.apache.tools.ant.taskdefs.optional.junit.JUnitTestRunner.launch(JUnitTestRunner.java:912)
	at org.apache.tools.ant.taskdefs.optional.junit.JUnitTestRunner.main(JUnitTestRunner.java:766)
[Entering method <com.topcoder.clients.manager.dao.DAOClientManager.setClientStatus(Client client, ClientStatus status)>; Parameters:{ ParamName<client>; ParamValue: <[ id=0 name=name codeName=null salesTax=0.0 isDeleted=false company=null clientStatus=null]> , ParamName<status>; ParamValue: <null>  }  at 2008-08-29 23:59:01.968 ]
[Error occurred in method <com.topcoder.clients.manager.dao.DAOClientManager.setClientStatus(Client client, ClientStatus status)>, cause by :
java.lang.IllegalArgumentException: The startDate of client should be set.
	at com.topcoder.clients.manager.dao.Helper.validateClient(Helper.java:135)
	at com.topcoder.clients.manager.dao.DAOClientManager.setClientStatus(DAOClientManager.java:518)
	at com.topcoder.clients.manager.failuretests.TestDAOClientManagerFailure.testSetClientStatusWithInvalid4(TestDAOClientManagerFailure.java:1140)
	at sun.reflect.NativeMethodAccessorImpl.invoke0(Native Method)
	at sun.reflect.NativeMethodAccessorImpl.invoke(NativeMethodAccessorImpl.java:39)
	at sun.reflect.DelegatingMethodAccessorImpl.invoke(DelegatingMethodAccessorImpl.java:25)
	at java.lang.reflect.Method.invoke(Method.java:585)
	at junit.framework.TestCase.runTest(TestCase.java:154)
	at junit.framework.TestCase.runBare(TestCase.java:127)
	at junit.framework.TestResult$1.protect(TestResult.java:106)
	at junit.framework.TestResult.runProtected(TestResult.java:124)
	at junit.framework.TestResult.run(TestResult.java:109)
	at junit.framework.TestCase.run(TestCase.java:118)
	at junit.framework.TestSuite.runTest(TestSuite.java:208)
	at junit.framework.TestSuite.run(TestSuite.java:203)
	at junit.framework.TestSuite.runTest(TestSuite.java:208)
	at junit.framework.TestSuite.run(TestSuite.java:203)
	at junit.framework.TestSuite.runTest(TestSuite.java:208)
	at junit.framework.TestSuite.run(TestSuite.java:203)
	at org.apache.tools.ant.taskdefs.optional.junit.JUnitTestRunner.run(JUnitTestRunner.java:421)
	at org.apache.tools.ant.taskdefs.optional.junit.JUnitTestRunner.launch(JUnitTestRunner.java:912)
	at org.apache.tools.ant.taskdefs.optional.junit.JUnitTestRunner.main(JUnitTestRunner.java:766)
[Entering method <com.topcoder.clients.manager.dao.DAOClientManager.setClientStatus(Client client, ClientStatus status)>; Parameters:{ ParamName<client>; ParamValue: <[ id=0 name=name codeName=null salesTax=0.0 isDeleted=false company=null clientStatus=null]> , ParamName<status>; ParamValue: <[ id=0 name=null description=des isDeleted=false]>  }  at 2008-08-29 23:59:01.984 ]
[Error occurred in method <com.topcoder.clients.manager.dao.DAOClientManager.setClientStatus(Client client, ClientStatus status)>, cause by :
java.lang.IllegalArgumentException: The startDate of client should be set.
	at com.topcoder.clients.manager.dao.Helper.validateClient(Helper.java:135)
	at com.topcoder.clients.manager.dao.DAOClientManager.setClientStatus(DAOClientManager.java:518)
	at com.topcoder.clients.manager.failuretests.TestDAOClientManagerFailure.testSetClientStatusWithInvalid5(TestDAOClientManagerFailure.java:1166)
	at sun.reflect.NativeMethodAccessorImpl.invoke0(Native Method)
	at sun.reflect.NativeMethodAccessorImpl.invoke(NativeMethodAccessorImpl.java:39)
	at sun.reflect.DelegatingMethodAccessorImpl.invoke(DelegatingMethodAccessorImpl.java:25)
	at java.lang.reflect.Method.invoke(Method.java:585)
	at junit.framework.TestCase.runTest(TestCase.java:154)
	at junit.framework.TestCase.runBare(TestCase.java:127)
	at junit.framework.TestResult$1.protect(TestResult.java:106)
	at junit.framework.TestResult.runProtected(TestResult.java:124)
	at junit.framework.TestResult.run(TestResult.java:109)
	at junit.framework.TestCase.run(TestCase.java:118)
	at junit.framework.TestSuite.runTest(TestSuite.java:208)
	at junit.framework.TestSuite.run(TestSuite.java:203)
	at junit.framework.TestSuite.runTest(TestSuite.java:208)
	at junit.framework.TestSuite.run(TestSuite.java:203)
	at junit.framework.TestSuite.runTest(TestSuite.java:208)
	at junit.framework.TestSuite.run(TestSuite.java:203)
	at org.apache.tools.ant.taskdefs.optional.junit.JUnitTestRunner.run(JUnitTestRunner.java:421)
	at org.apache.tools.ant.taskdefs.optional.junit.JUnitTestRunner.launch(JUnitTestRunner.java:912)
	at org.apache.tools.ant.taskdefs.optional.junit.JUnitTestRunner.main(JUnitTestRunner.java:766)
[Entering method <com.topcoder.clients.manager.dao.DAOClientManager.setClientStatus(Client client, ClientStatus status)>; Parameters:{ ParamName<client>; ParamValue: <[ id=0 name=name codeName=null salesTax=0.0 isDeleted=false company=null clientStatus=null]> , ParamName<status>; ParamValue: <[ id=0 name=    description=des isDeleted=false]>  }  at 2008-08-29 23:59:01.984 ]
[Error occurred in method <com.topcoder.clients.manager.dao.DAOClientManager.setClientStatus(Client client, ClientStatus status)>, cause by :
java.lang.IllegalArgumentException: The startDate of client should be set.
	at com.topcoder.clients.manager.dao.Helper.validateClient(Helper.java:135)
	at com.topcoder.clients.manager.dao.DAOClientManager.setClientStatus(DAOClientManager.java:518)
	at com.topcoder.clients.manager.failuretests.TestDAOClientManagerFailure.testSetClientStatusWithInvalid6(TestDAOClientManagerFailure.java:1192)
	at sun.reflect.NativeMethodAccessorImpl.invoke0(Native Method)
	at sun.reflect.NativeMethodAccessorImpl.invoke(NativeMethodAccessorImpl.java:39)
	at sun.reflect.DelegatingMethodAccessorImpl.invoke(DelegatingMethodAccessorImpl.java:25)
	at java.lang.reflect.Method.invoke(Method.java:585)
	at junit.framework.TestCase.runTest(TestCase.java:154)
	at junit.framework.TestCase.runBare(TestCase.java:127)
	at junit.framework.TestResult$1.protect(TestResult.java:106)
	at junit.framework.TestResult.runProtected(TestResult.java:124)
	at junit.framework.TestResult.run(TestResult.java:109)
	at junit.framework.TestCase.run(TestCase.java:118)
	at junit.framework.TestSuite.runTest(TestSuite.java:208)
	at junit.framework.TestSuite.run(TestSuite.java:203)
	at junit.framework.TestSuite.runTest(TestSuite.java:208)
	at junit.framework.TestSuite.run(TestSuite.java:203)
	at junit.framework.TestSuite.runTest(TestSuite.java:208)
	at junit.framework.TestSuite.run(TestSuite.java:203)
	at org.apache.tools.ant.taskdefs.optional.junit.JUnitTestRunner.run(JUnitTestRunner.java:421)
	at org.apache.tools.ant.taskdefs.optional.junit.JUnitTestRunner.launch(JUnitTestRunner.java:912)
	at org.apache.tools.ant.taskdefs.optional.junit.JUnitTestRunner.main(JUnitTestRunner.java:766)
[Entering method <com.topcoder.clients.manager.dao.DAOClientManager.setClientStatus(Client client, ClientStatus status)>; Parameters:{ ParamName<client>; ParamValue: <[ id=0 name=name codeName=null salesTax=0.0 isDeleted=false company=null clientStatus=null]> , ParamName<status>; ParamValue: <[ id=0 name=name description=    isDeleted=false]>  }  at 2008-08-29 23:59:01.984 ]
[Error occurred in method <com.topcoder.clients.manager.dao.DAOClientManager.setClientStatus(Client client, ClientStatus status)>, cause by :
java.lang.IllegalArgumentException: The startDate of client should be set.
	at com.topcoder.clients.manager.dao.Helper.validateClient(Helper.java:135)
	at com.topcoder.clients.manager.dao.DAOClientManager.setClientStatus(DAOClientManager.java:518)
	at com.topcoder.clients.manager.failuretests.TestDAOClientManagerFailure.testSetClientStatusWithInvalid7(TestDAOClientManagerFailure.java:1218)
	at sun.reflect.NativeMethodAccessorImpl.invoke0(Native Method)
	at sun.reflect.NativeMethodAccessorImpl.invoke(NativeMethodAccessorImpl.java:39)
	at sun.reflect.DelegatingMethodAccessorImpl.invoke(DelegatingMethodAccessorImpl.java:25)
	at java.lang.reflect.Method.invoke(Method.java:585)
	at junit.framework.TestCase.runTest(TestCase.java:154)
	at junit.framework.TestCase.runBare(TestCase.java:127)
	at junit.framework.TestResult$1.protect(TestResult.java:106)
	at junit.framework.TestResult.runProtected(TestResult.java:124)
	at junit.framework.TestResult.run(TestResult.java:109)
	at junit.framework.TestCase.run(TestCase.java:118)
	at junit.framework.TestSuite.runTest(TestSuite.java:208)
	at junit.framework.TestSuite.run(TestSuite.java:203)
	at junit.framework.TestSuite.runTest(TestSuite.java:208)
	at junit.framework.TestSuite.run(TestSuite.java:203)
	at junit.framework.TestSuite.runTest(TestSuite.java:208)
	at junit.framework.TestSuite.run(TestSuite.java:203)
	at org.apache.tools.ant.taskdefs.optional.junit.JUnitTestRunner.run(JUnitTestRunner.java:421)
	at org.apache.tools.ant.taskdefs.optional.junit.JUnitTestRunner.launch(JUnitTestRunner.java:912)
	at org.apache.tools.ant.taskdefs.optional.junit.JUnitTestRunner.main(JUnitTestRunner.java:766)
[Entering method <com.topcoder.clients.manager.dao.DAOClientManager.setClientStatus(Client client, ClientStatus status)>; Parameters:{ ParamName<client>; ParamValue: <[ id=0 name=name codeName=null salesTax=0.0 isDeleted=false company=null clientStatus=null]> , ParamName<status>; ParamValue: <[ id=0 name=name description=des isDeleted=true]>  }  at 2008-08-29 23:59:02.000 ]
[Error occurred in method <com.topcoder.clients.manager.dao.DAOClientManager.setClientStatus(Client client, ClientStatus status)>, cause by :
java.lang.IllegalArgumentException: The startDate of client should be set.
	at com.topcoder.clients.manager.dao.Helper.validateClient(Helper.java:135)
	at com.topcoder.clients.manager.dao.DAOClientManager.setClientStatus(DAOClientManager.java:518)
	at com.topcoder.clients.manager.failuretests.TestDAOClientManagerFailure.testSetClientStatusWithInvalid8(TestDAOClientManagerFailure.java:1245)
	at sun.reflect.NativeMethodAccessorImpl.invoke0(Native Method)
	at sun.reflect.NativeMethodAccessorImpl.invoke(NativeMethodAccessorImpl.java:39)
	at sun.reflect.DelegatingMethodAccessorImpl.invoke(DelegatingMethodAccessorImpl.java:25)
	at java.lang.reflect.Method.invoke(Method.java:585)
	at junit.framework.TestCase.runTest(TestCase.java:154)
	at junit.framework.TestCase.runBare(TestCase.java:127)
	at junit.framework.TestResult$1.protect(TestResult.java:106)
	at junit.framework.TestResult.runProtected(TestResult.java:124)
	at junit.framework.TestResult.run(TestResult.java:109)
	at junit.framework.TestCase.run(TestCase.java:118)
	at junit.framework.TestSuite.runTest(TestSuite.java:208)
	at junit.framework.TestSuite.run(TestSuite.java:203)
	at junit.framework.TestSuite.runTest(TestSuite.java:208)
	at junit.framework.TestSuite.run(TestSuite.java:203)
	at junit.framework.TestSuite.runTest(TestSuite.java:208)
	at junit.framework.TestSuite.run(TestSuite.java:203)
	at org.apache.tools.ant.taskdefs.optional.junit.JUnitTestRunner.run(JUnitTestRunner.java:421)
	at org.apache.tools.ant.taskdefs.optional.junit.JUnitTestRunner.launch(JUnitTestRunner.java:912)
	at org.apache.tools.ant.taskdefs.optional.junit.JUnitTestRunner.main(JUnitTestRunner.java:766)
[Entering method <com.topcoder.clients.manager.dao.DAOClientManager.setClientStatus(Client client, ClientStatus status)>; Parameters:{ ParamName<client>; ParamValue: <[ id=0 name=name codeName=null salesTax=0.0 isDeleted=false company=null clientStatus=null]> , ParamName<status>; ParamValue: <[ id=0 name=name description=des isDeleted=false]>  }  at 2008-08-29 23:59:02.000 ]
[Entering method <com.topcoder.clients.manager.dao.DAOClientManager.updateClient(Client client)>; Parameters:{ ParamName<client>; ParamValue: <[ id=0 name=name codeName=null salesTax=0.0 isDeleted=false company=null clientStatus=[ id=0 name=name description=des isDeleted=false&#x5d;&#x5d;&gt;  }  at 2008-08-29 23:59:02.000 ]
[Error occurred in method <com.topcoder.clients.manager.dao.DAOClientManager.updateClient(Client client)>, cause by :
com.topcoder.clients.manager.ClientEntityNotFoundException: The client entity does not exist in persistence with id=0
	at com.topcoder.clients.manager.dao.DAOClientManager.checkClientExisted(DAOClientManager.java:379)
	at com.topcoder.clients.manager.dao.DAOClientManager.updateClient(DAOClientManager.java:341)
	at com.topcoder.clients.manager.dao.DAOClientManager.setClientStatus(DAOClientManager.java:529)
	at com.topcoder.clients.manager.failuretests.TestDAOClientManagerFailure.testSetClientStatusWithInvalid9(TestDAOClientManagerFailure.java:1275)
	at sun.reflect.NativeMethodAccessorImpl.invoke0(Native Method)
	at sun.reflect.NativeMethodAccessorImpl.invoke(NativeMethodAccessorImpl.java:39)
	at sun.reflect.DelegatingMethodAccessorImpl.invoke(DelegatingMethodAccessorImpl.java:25)
	at java.lang.reflect.Method.invoke(Method.java:585)
	at junit.framework.TestCase.runTest(TestCase.java:154)
	at junit.framework.TestCase.runBare(TestCase.java:127)
	at junit.framework.TestResult$1.protect(TestResult.java:106)
	at junit.framework.TestResult.runProtected(TestResult.java:124)
	at junit.framework.TestResult.run(TestResult.java:109)
	at junit.framework.TestCase.run(TestCase.java:118)
	at junit.framework.TestSuite.runTest(TestSuite.java:208)
	at junit.framework.TestSuite.run(TestSuite.java:203)
	at junit.framework.TestSuite.runTest(TestSuite.java:208)
	at junit.framework.TestSuite.run(TestSuite.java:203)
	at junit.framework.TestSuite.runTest(TestSuite.java:208)
	at junit.framework.TestSuite.run(TestSuite.java:203)
	at org.apache.tools.ant.taskdefs.optional.junit.JUnitTestRunner.run(JUnitTestRunner.java:421)
	at org.apache.tools.ant.taskdefs.optional.junit.JUnitTestRunner.launch(JUnitTestRunner.java:912)
	at org.apache.tools.ant.taskdefs.optional.junit.JUnitTestRunner.main(JUnitTestRunner.java:766)
[Entering method <com.topcoder.clients.manager.dao.DAOClientManager.setClientStatus(Client client, ClientStatus status)>; Parameters:{ ParamName<client>; ParamValue: <[ id=1 name=DAOConfigurationException codeName=null salesTax=0.0 isDeleted=false company=null clientStatus=null]> , ParamName<status>; ParamValue: <[ id=0 name=name description=des isDeleted=false]>  }  at 2008-08-29 23:59:02.000 ]
[Entering method <com.topcoder.clients.manager.dao.DAOClientManager.updateClient(Client client)>; Parameters:{ ParamName<client>; ParamValue: <[ id=1 name=DAOConfigurationException codeName=null salesTax=0.0 isDeleted=false company=null clientStatus=[ id=0 name=name description=des isDeleted=false&#x5d;&#x5d;&gt;  }  at 2008-08-29 23:59:02.000 ]
[Error occurred in method <com.topcoder.clients.manager.dao.DAOClientManager.updateClient(Client client)>, cause by :
com.topcoder.clients.manager.ClientManagerException: Fail to update the client, cause by Throw for testing
	at com.topcoder.clients.manager.dao.DAOClientManager.wrapInnerException(DAOClientManager.java:305)
	at com.topcoder.clients.manager.dao.DAOClientManager.updateClient(DAOClientManager.java:353)
	at com.topcoder.clients.manager.dao.DAOClientManager.setClientStatus(DAOClientManager.java:529)
	at com.topcoder.clients.manager.failuretests.TestDAOClientManagerFailure.testSetClientStatusWithInvalid10(TestDAOClientManagerFailure.java:1306)
	at sun.reflect.NativeMethodAccessorImpl.invoke0(Native Method)
	at sun.reflect.NativeMethodAccessorImpl.invoke(NativeMethodAccessorImpl.java:39)
	at sun.reflect.DelegatingMethodAccessorImpl.invoke(DelegatingMethodAccessorImpl.java:25)
	at java.lang.reflect.Method.invoke(Method.java:585)
	at junit.framework.TestCase.runTest(TestCase.java:154)
	at junit.framework.TestCase.runBare(TestCase.java:127)
	at junit.framework.TestResult$1.protect(TestResult.java:106)
	at junit.framework.TestResult.runProtected(TestResult.java:124)
	at junit.framework.TestResult.run(TestResult.java:109)
	at junit.framework.TestCase.run(TestCase.java:118)
	at junit.framework.TestSuite.runTest(TestSuite.java:208)
	at junit.framework.TestSuite.run(TestSuite.java:203)
	at junit.framework.TestSuite.runTest(TestSuite.java:208)
	at junit.framework.TestSuite.run(TestSuite.java:203)
	at junit.framework.TestSuite.runTest(TestSuite.java:208)
	at junit.framework.TestSuite.run(TestSuite.java:203)
	at org.apache.tools.ant.taskdefs.optional.junit.JUnitTestRunner.run(JUnitTestRunner.java:421)
	at org.apache.tools.ant.taskdefs.optional.junit.JUnitTestRunner.launch(JUnitTestRunner.java:912)
	at org.apache.tools.ant.taskdefs.optional.junit.JUnitTestRunner.main(JUnitTestRunner.java:766)
Caused by: com.topcoder.clients.dao.DAOConfigurationException: Throw for testing
	at com.topcoder.clients.manager.MockClientDAO.save(MockClientDAO.java:187)
	at com.topcoder.clients.manager.dao.DAOClientManager.updateClient(DAOClientManager.java:344)
	... 21 more
Caused by: java.lang.NullPointerException: NPE Raised 
	... 23 more
[Entering method <com.topcoder.clients.manager.dao.DAOClientManager.retrieveClient(long id)>; Parameters:{ ParamName<id>; ParamValue: <-1>  }  at 2008-08-29 23:59:02.000 ]
[Error occurred in method <com.topcoder.clients.manager.dao.DAOClientManager.retrieveClient(long id)>, cause by :
java.lang.IllegalArgumentException: The parameter id should not be negative.
	at com.topcoder.clients.manager.dao.Helper.checkId(Helper.java:115)
	at com.topcoder.clients.manager.dao.DAOClientManager.retrieveClient(DAOClientManager.java:552)
	at com.topcoder.clients.manager.failuretests.TestDAOClientManagerFailure.testRetrieveClientWithInvalid1(TestDAOClientManagerFailure.java:1324)
	at sun.reflect.NativeMethodAccessorImpl.invoke0(Native Method)
	at sun.reflect.NativeMethodAccessorImpl.invoke(NativeMethodAccessorImpl.java:39)
	at sun.reflect.DelegatingMethodAccessorImpl.invoke(DelegatingMethodAccessorImpl.java:25)
	at java.lang.reflect.Method.invoke(Method.java:585)
	at junit.framework.TestCase.runTest(TestCase.java:154)
	at junit.framework.TestCase.runBare(TestCase.java:127)
	at junit.framework.TestResult$1.protect(TestResult.java:106)
	at junit.framework.TestResult.runProtected(TestResult.java:124)
	at junit.framework.TestResult.run(TestResult.java:109)
	at junit.framework.TestCase.run(TestCase.java:118)
	at junit.framework.TestSuite.runTest(TestSuite.java:208)
	at junit.framework.TestSuite.run(TestSuite.java:203)
	at junit.framework.TestSuite.runTest(TestSuite.java:208)
	at junit.framework.TestSuite.run(TestSuite.java:203)
	at junit.framework.TestSuite.runTest(TestSuite.java:208)
	at junit.framework.TestSuite.run(TestSuite.java:203)
	at org.apache.tools.ant.taskdefs.optional.junit.JUnitTestRunner.run(JUnitTestRunner.java:421)
	at org.apache.tools.ant.taskdefs.optional.junit.JUnitTestRunner.launch(JUnitTestRunner.java:912)
	at org.apache.tools.ant.taskdefs.optional.junit.JUnitTestRunner.main(JUnitTestRunner.java:766)
[Entering method <com.topcoder.clients.manager.dao.DAOClientManager.retrieveClient(long id)>; Parameters:{ ParamName<id>; ParamValue: <999>  }  at 2008-08-29 23:59:02.015 ]
[Error occurred in method <com.topcoder.clients.manager.dao.DAOClientManager.retrieveClient(long id)>, cause by :
com.topcoder.clients.manager.ClientManagerException: Fail to retrieve the client by id=999 cause by com.topcoder.clients.model.ClientStatus
	at com.topcoder.clients.manager.dao.DAOClientManager.wrapInnerException(DAOClientManager.java:305)
	at com.topcoder.clients.manager.dao.DAOClientManager.retrieveClient(DAOClientManager.java:566)
	at com.topcoder.clients.manager.failuretests.TestDAOClientManagerFailure.testRetrieveClientWithInvalid2(TestDAOClientManagerFailure.java:1342)
	at sun.reflect.NativeMethodAccessorImpl.invoke0(Native Method)
	at sun.reflect.NativeMethodAccessorImpl.invoke(NativeMethodAccessorImpl.java:39)
	at sun.reflect.DelegatingMethodAccessorImpl.invoke(DelegatingMethodAccessorImpl.java:25)
	at java.lang.reflect.Method.invoke(Method.java:585)
	at junit.framework.TestCase.runTest(TestCase.java:154)
	at junit.framework.TestCase.runBare(TestCase.java:127)
	at junit.framework.TestResult$1.protect(TestResult.java:106)
	at junit.framework.TestResult.runProtected(TestResult.java:124)
	at junit.framework.TestResult.run(TestResult.java:109)
	at junit.framework.TestCase.run(TestCase.java:118)
	at junit.framework.TestSuite.runTest(TestSuite.java:208)
	at junit.framework.TestSuite.run(TestSuite.java:203)
	at junit.framework.TestSuite.runTest(TestSuite.java:208)
	at junit.framework.TestSuite.run(TestSuite.java:203)
	at junit.framework.TestSuite.runTest(TestSuite.java:208)
	at junit.framework.TestSuite.run(TestSuite.java:203)
	at org.apache.tools.ant.taskdefs.optional.junit.JUnitTestRunner.run(JUnitTestRunner.java:421)
	at org.apache.tools.ant.taskdefs.optional.junit.JUnitTestRunner.launch(JUnitTestRunner.java:912)
	at org.apache.tools.ant.taskdefs.optional.junit.JUnitTestRunner.main(JUnitTestRunner.java:766)
Caused by: java.lang.ClassCastException: com.topcoder.clients.model.ClientStatus
	at com.topcoder.clients.manager.dao.DAOClientManager.retrieveClient(DAOClientManager.java:554)
	... 20 more
[Entering method <com.topcoder.clients.manager.dao.DAOClientManager.retrieveClient(long id)>; Parameters:{ ParamName<id>; ParamValue: <1001>  }  at 2008-08-29 23:59:02.015 ]
[Error occurred in method <com.topcoder.clients.manager.dao.DAOClientManager.retrieveClient(long id)>, cause by :
com.topcoder.clients.manager.ClientManagerException: Fail to retrieve the client by id=1001 cause by Throw for testing
	at com.topcoder.clients.manager.dao.DAOClientManager.wrapInnerException(DAOClientManager.java:305)
	at com.topcoder.clients.manager.dao.DAOClientManager.retrieveClient(DAOClientManager.java:569)
	at com.topcoder.clients.manager.failuretests.TestDAOClientManagerFailure.testRetrieveClientWithInvalid3(TestDAOClientManagerFailure.java:1360)
	at sun.reflect.NativeMethodAccessorImpl.invoke0(Native Method)
	at sun.reflect.NativeMethodAccessorImpl.invoke(NativeMethodAccessorImpl.java:39)
	at sun.reflect.DelegatingMethodAccessorImpl.invoke(DelegatingMethodAccessorImpl.java:25)
	at java.lang.reflect.Method.invoke(Method.java:585)
	at junit.framework.TestCase.runTest(TestCase.java:154)
	at junit.framework.TestCase.runBare(TestCase.java:127)
	at junit.framework.TestResult$1.protect(TestResult.java:106)
	at junit.framework.TestResult.runProtected(TestResult.java:124)
	at junit.framework.TestResult.run(TestResult.java:109)
	at junit.framework.TestCase.run(TestCase.java:118)
	at junit.framework.TestSuite.runTest(TestSuite.java:208)
	at junit.framework.TestSuite.run(TestSuite.java:203)
	at junit.framework.TestSuite.runTest(TestSuite.java:208)
	at junit.framework.TestSuite.run(TestSuite.java:203)
	at junit.framework.TestSuite.runTest(TestSuite.java:208)
	at junit.framework.TestSuite.run(TestSuite.java:203)
	at org.apache.tools.ant.taskdefs.optional.junit.JUnitTestRunner.run(JUnitTestRunner.java:421)
	at org.apache.tools.ant.taskdefs.optional.junit.JUnitTestRunner.launch(JUnitTestRunner.java:912)
	at org.apache.tools.ant.taskdefs.optional.junit.JUnitTestRunner.main(JUnitTestRunner.java:766)
Caused by: com.topcoder.clients.dao.DAOConfigurationException: Throw for testing
	at com.topcoder.clients.manager.MockClientDAO.retrieveById(MockClientDAO.java:84)
	at com.topcoder.clients.manager.dao.DAOClientManager.retrieveClient(DAOClientManager.java:554)
	... 20 more
Caused by: java.lang.NullPointerException: NPE Raised 
	... 22 more
[Entering method <com.topcoder.clients.manager.dao.DAOClientManager.retrieveClient(long id)>; Parameters:{ ParamName<id>; ParamValue: <10001>  }  at 2008-08-29 23:59:02.015 ]
[Error occurred in method <com.topcoder.clients.manager.dao.DAOClientManager.retrieveClient(long id)>, cause by :
com.topcoder.clients.manager.ClientManagerException: Fail to retrieve the client by id=10001 cause by Throw for testing
	at com.topcoder.clients.manager.dao.DAOClientManager.wrapInnerException(DAOClientManager.java:305)
	at com.topcoder.clients.manager.dao.DAOClientManager.retrieveClient(DAOClientManager.java:563)
	at com.topcoder.clients.manager.failuretests.TestDAOClientManagerFailure.testRetrieveClientWithInvalid4(TestDAOClientManagerFailure.java:1379)
	at sun.reflect.NativeMethodAccessorImpl.invoke0(Native Method)
	at sun.reflect.NativeMethodAccessorImpl.invoke(NativeMethodAccessorImpl.java:39)
	at sun.reflect.DelegatingMethodAccessorImpl.invoke(DelegatingMethodAccessorImpl.java:25)
	at java.lang.reflect.Method.invoke(Method.java:585)
	at junit.framework.TestCase.runTest(TestCase.java:154)
	at junit.framework.TestCase.runBare(TestCase.java:127)
	at junit.framework.TestResult$1.protect(TestResult.java:106)
	at junit.framework.TestResult.runProtected(TestResult.java:124)
	at junit.framework.TestResult.run(TestResult.java:109)
	at junit.framework.TestCase.run(TestCase.java:118)
	at junit.framework.TestSuite.runTest(TestSuite.java:208)
	at junit.framework.TestSuite.run(TestSuite.java:203)
	at junit.framework.TestSuite.runTest(TestSuite.java:208)
	at junit.framework.TestSuite.run(TestSuite.java:203)
	at junit.framework.TestSuite.runTest(TestSuite.java:208)
	at junit.framework.TestSuite.run(TestSuite.java:203)
	at org.apache.tools.ant.taskdefs.optional.junit.JUnitTestRunner.run(JUnitTestRunner.java:421)
	at org.apache.tools.ant.taskdefs.optional.junit.JUnitTestRunner.launch(JUnitTestRunner.java:912)
	at org.apache.tools.ant.taskdefs.optional.junit.JUnitTestRunner.main(JUnitTestRunner.java:766)
Caused by: com.topcoder.clients.dao.DAOException: Throw for testing
	at com.topcoder.clients.manager.MockClientDAO.retrieveById(MockClientDAO.java:88)
	at com.topcoder.clients.manager.dao.DAOClientManager.retrieveClient(DAOClientManager.java:554)
	... 20 more
Caused by: java.lang.NullPointerException: NPE Raised 
	... 22 more
[Entering method <com.topcoder.clients.manager.dao.DAOClientManager.retrieveAllClients>; Parameters:{ }  at 2008-08-29 23:59:02.031 ]
[Error occurred in method <com.topcoder.clients.manager.dao.DAOClientManager.retrieveAllClients>, cause by :
com.topcoder.clients.manager.ClientManagerException: Fail to retrieve all clients, cause by Throw for testing
	at com.topcoder.clients.manager.dao.DAOClientManager.wrapInnerException(DAOClientManager.java:305)
	at com.topcoder.clients.manager.dao.DAOClientManager.retrieveAllClients(DAOClientManager.java:591)
	at com.topcoder.clients.manager.failuretests.TestDAOClientManagerFailure.testRetrieveAllClientsWithInvalid1(TestDAOClientManagerFailure.java:1403)
	at sun.reflect.NativeMethodAccessorImpl.invoke0(Native Method)
	at sun.reflect.NativeMethodAccessorImpl.invoke(NativeMethodAccessorImpl.java:39)
	at sun.reflect.DelegatingMethodAccessorImpl.invoke(DelegatingMethodAccessorImpl.java:25)
	at java.lang.reflect.Method.invoke(Method.java:585)
	at junit.framework.TestCase.runTest(TestCase.java:154)
	at junit.framework.TestCase.runBare(TestCase.java:127)
	at junit.framework.TestResult$1.protect(TestResult.java:106)
	at junit.framework.TestResult.runProtected(TestResult.java:124)
	at junit.framework.TestResult.run(TestResult.java:109)
	at junit.framework.TestCase.run(TestCase.java:118)
	at junit.framework.TestSuite.runTest(TestSuite.java:208)
	at junit.framework.TestSuite.run(TestSuite.java:203)
	at junit.framework.TestSuite.runTest(TestSuite.java:208)
	at junit.framework.TestSuite.run(TestSuite.java:203)
	at junit.framework.TestSuite.runTest(TestSuite.java:208)
	at junit.framework.TestSuite.run(TestSuite.java:203)
	at org.apache.tools.ant.taskdefs.optional.junit.JUnitTestRunner.run(JUnitTestRunner.java:421)
	at org.apache.tools.ant.taskdefs.optional.junit.JUnitTestRunner.launch(JUnitTestRunner.java:912)
	at org.apache.tools.ant.taskdefs.optional.junit.JUnitTestRunner.main(JUnitTestRunner.java:766)
Caused by: com.topcoder.clients.dao.DAOException: Throw for testing
	at com.topcoder.clients.manager.MockClientDAO.retrieveAll(MockClientDAO.java:104)
	at com.topcoder.clients.manager.dao.DAOClientManager.retrieveAllClients(DAOClientManager.java:586)
	... 20 more
Caused by: java.lang.NullPointerException: NPE Raised 
	... 22 more
[Entering method <com.topcoder.clients.manager.dao.DAOClientManager.retrieveAllClients>; Parameters:{ }  at 2008-08-29 23:59:02.031 ]
[Error occurred in method <com.topcoder.clients.manager.dao.DAOClientManager.retrieveAllClients>, cause by :
com.topcoder.clients.manager.ClientManagerException: Fail to retrieve all clients, cause by Throw for testing
	at com.topcoder.clients.manager.dao.DAOClientManager.wrapInnerException(DAOClientManager.java:305)
	at com.topcoder.clients.manager.dao.DAOClientManager.retrieveAllClients(DAOClientManager.java:593)
	at com.topcoder.clients.manager.failuretests.TestDAOClientManagerFailure.testRetrieveAllClientsWithInvalid2(TestDAOClientManagerFailure.java:1427)
	at sun.reflect.NativeMethodAccessorImpl.invoke0(Native Method)
	at sun.reflect.NativeMethodAccessorImpl.invoke(NativeMethodAccessorImpl.java:39)
	at sun.reflect.DelegatingMethodAccessorImpl.invoke(DelegatingMethodAccessorImpl.java:25)
	at java.lang.reflect.Method.invoke(Method.java:585)
	at junit.framework.TestCase.runTest(TestCase.java:154)
	at junit.framework.TestCase.runBare(TestCase.java:127)
	at junit.framework.TestResult$1.protect(TestResult.java:106)
	at junit.framework.TestResult.runProtected(TestResult.java:124)
	at junit.framework.TestResult.run(TestResult.java:109)
	at junit.framework.TestCase.run(TestCase.java:118)
	at junit.framework.TestSuite.runTest(TestSuite.java:208)
	at junit.framework.TestSuite.run(TestSuite.java:203)
	at junit.framework.TestSuite.runTest(TestSuite.java:208)
	at junit.framework.TestSuite.run(TestSuite.java:203)
	at junit.framework.TestSuite.runTest(TestSuite.java:208)
	at junit.framework.TestSuite.run(TestSuite.java:203)
	at org.apache.tools.ant.taskdefs.optional.junit.JUnitTestRunner.run(JUnitTestRunner.java:421)
	at org.apache.tools.ant.taskdefs.optional.junit.JUnitTestRunner.launch(JUnitTestRunner.java:912)
	at org.apache.tools.ant.taskdefs.optional.junit.JUnitTestRunner.main(JUnitTestRunner.java:766)
Caused by: com.topcoder.clients.dao.DAOConfigurationException: Throw for testing
	at com.topcoder.clients.manager.MockClientDAO.retrieveAll(MockClientDAO.java:108)
	at com.topcoder.clients.manager.dao.DAOClientManager.retrieveAllClients(DAOClientManager.java:586)
	... 20 more
Caused by: java.lang.NullPointerException: NPE Raised 
	... 22 more
[Entering method <com.topcoder.clients.manager.dao.DAOClientManager.searchClientsByName(String name)>; Parameters:{ ParamName<name>; ParamValue: <null>  }  at 2008-08-29 23:59:02.031 ]
[Error occurred in method <com.topcoder.clients.manager.dao.DAOClientManager.searchClientsByName(String name)>, cause by :
java.lang.IllegalArgumentException: The parameter 'name' should not be null.
	at com.topcoder.clients.manager.dao.Helper.checkNull(Helper.java:69)
	at com.topcoder.clients.manager.dao.Helper.checkString(Helper.java:98)
	at com.topcoder.clients.manager.dao.DAOClientManager.searchClientsByName(DAOClientManager.java:615)
	at com.topcoder.clients.manager.failuretests.TestDAOClientManagerFailure.testSearchClientsByNameWithInvalid1(TestDAOClientManagerFailure.java:1445)
	at sun.reflect.NativeMethodAccessorImpl.invoke0(Native Method)
	at sun.reflect.NativeMethodAccessorImpl.invoke(NativeMethodAccessorImpl.java:39)
	at sun.reflect.DelegatingMethodAccessorImpl.invoke(DelegatingMethodAccessorImpl.java:25)
	at java.lang.reflect.Method.invoke(Method.java:585)
	at junit.framework.TestCase.runTest(TestCase.java:154)
	at junit.framework.TestCase.runBare(TestCase.java:127)
	at junit.framework.TestResult$1.protect(TestResult.java:106)
	at junit.framework.TestResult.runProtected(TestResult.java:124)
	at junit.framework.TestResult.run(TestResult.java:109)
	at junit.framework.TestCase.run(TestCase.java:118)
	at junit.framework.TestSuite.runTest(TestSuite.java:208)
	at junit.framework.TestSuite.run(TestSuite.java:203)
	at junit.framework.TestSuite.runTest(TestSuite.java:208)
	at junit.framework.TestSuite.run(TestSuite.java:203)
	at junit.framework.TestSuite.runTest(TestSuite.java:208)
	at junit.framework.TestSuite.run(TestSuite.java:203)
	at org.apache.tools.ant.taskdefs.optional.junit.JUnitTestRunner.run(JUnitTestRunner.java:421)
	at org.apache.tools.ant.taskdefs.optional.junit.JUnitTestRunner.launch(JUnitTestRunner.java:912)
	at org.apache.tools.ant.taskdefs.optional.junit.JUnitTestRunner.main(JUnitTestRunner.java:766)
[Entering method <com.topcoder.clients.manager.dao.DAOClientManager.searchClientsByName(String name)>; Parameters:{ ParamName<name>; ParamValue: <  >  }  at 2008-08-29 23:59:02.046 ]
[Error occurred in method <com.topcoder.clients.manager.dao.DAOClientManager.searchClientsByName(String name)>, cause by :
java.lang.IllegalArgumentException: The parameter with name should not be empty string.
	at com.topcoder.clients.manager.dao.Helper.checkString(Helper.java:101)
	at com.topcoder.clients.manager.dao.DAOClientManager.searchClientsByName(DAOClientManager.java:615)
	at com.topcoder.clients.manager.failuretests.TestDAOClientManagerFailure.testSearchClientsByNameWithInvalid2(TestDAOClientManagerFailure.java:1463)
	at sun.reflect.NativeMethodAccessorImpl.invoke0(Native Method)
	at sun.reflect.NativeMethodAccessorImpl.invoke(NativeMethodAccessorImpl.java:39)
	at sun.reflect.DelegatingMethodAccessorImpl.invoke(DelegatingMethodAccessorImpl.java:25)
	at java.lang.reflect.Method.invoke(Method.java:585)
	at junit.framework.TestCase.runTest(TestCase.java:154)
	at junit.framework.TestCase.runBare(TestCase.java:127)
	at junit.framework.TestResult$1.protect(TestResult.java:106)
	at junit.framework.TestResult.runProtected(TestResult.java:124)
	at junit.framework.TestResult.run(TestResult.java:109)
	at junit.framework.TestCase.run(TestCase.java:118)
	at junit.framework.TestSuite.runTest(TestSuite.java:208)
	at junit.framework.TestSuite.run(TestSuite.java:203)
	at junit.framework.TestSuite.runTest(TestSuite.java:208)
	at junit.framework.TestSuite.run(TestSuite.java:203)
	at junit.framework.TestSuite.runTest(TestSuite.java:208)
	at junit.framework.TestSuite.run(TestSuite.java:203)
	at org.apache.tools.ant.taskdefs.optional.junit.JUnitTestRunner.run(JUnitTestRunner.java:421)
	at org.apache.tools.ant.taskdefs.optional.junit.JUnitTestRunner.launch(JUnitTestRunner.java:912)
	at org.apache.tools.ant.taskdefs.optional.junit.JUnitTestRunner.main(JUnitTestRunner.java:766)
[Entering method <com.topcoder.clients.manager.dao.DAOClientManager.searchClientsByName(String name)>; Parameters:{ ParamName<name>; ParamValue: <DAOException>  }  at 2008-08-29 23:59:02.046 ]
[Error occurred in method <com.topcoder.clients.manager.dao.DAOClientManager.searchClientsByName(String name)>, cause by :
com.topcoder.clients.manager.ClientManagerException: Fail to search clients by name=DAOException, cause by Throw for testing
	at com.topcoder.clients.manager.dao.DAOClientManager.wrapInnerException(DAOClientManager.java:305)
	at com.topcoder.clients.manager.dao.DAOClientManager.searchClientsByName(DAOClientManager.java:625)
	at com.topcoder.clients.manager.failuretests.TestDAOClientManagerFailure.testSearchClientsByNameWithInvalid3(TestDAOClientManagerFailure.java:1481)
	at sun.reflect.NativeMethodAccessorImpl.invoke0(Native Method)
	at sun.reflect.NativeMethodAccessorImpl.invoke(NativeMethodAccessorImpl.java:39)
	at sun.reflect.DelegatingMethodAccessorImpl.invoke(DelegatingMethodAccessorImpl.java:25)
	at java.lang.reflect.Method.invoke(Method.java:585)
	at junit.framework.TestCase.runTest(TestCase.java:154)
	at junit.framework.TestCase.runBare(TestCase.java:127)
	at junit.framework.TestResult$1.protect(TestResult.java:106)
	at junit.framework.TestResult.runProtected(TestResult.java:124)
	at junit.framework.TestResult.run(TestResult.java:109)
	at junit.framework.TestCase.run(TestCase.java:118)
	at junit.framework.TestSuite.runTest(TestSuite.java:208)
	at junit.framework.TestSuite.run(TestSuite.java:203)
	at junit.framework.TestSuite.runTest(TestSuite.java:208)
	at junit.framework.TestSuite.run(TestSuite.java:203)
	at junit.framework.TestSuite.runTest(TestSuite.java:208)
	at junit.framework.TestSuite.run(TestSuite.java:203)
	at org.apache.tools.ant.taskdefs.optional.junit.JUnitTestRunner.run(JUnitTestRunner.java:421)
	at org.apache.tools.ant.taskdefs.optional.junit.JUnitTestRunner.launch(JUnitTestRunner.java:912)
	at org.apache.tools.ant.taskdefs.optional.junit.JUnitTestRunner.main(JUnitTestRunner.java:766)
Caused by: com.topcoder.clients.dao.DAOException: Throw for testing
	at com.topcoder.clients.manager.MockClientDAO.searchByName(MockClientDAO.java:129)
	at com.topcoder.clients.manager.dao.DAOClientManager.searchClientsByName(DAOClientManager.java:617)
	... 20 more
Caused by: java.lang.NullPointerException: NPE Raised 
	... 22 more
[Entering method <com.topcoder.clients.manager.dao.DAOClientManager.searchClientsByName(String name)>; Parameters:{ ParamName<name>; ParamValue: <DAOConfigurationException>  }  at 2008-08-29 23:59:02.046 ]
[Error occurred in method <com.topcoder.clients.manager.dao.DAOClientManager.searchClientsByName(String name)>, cause by :
com.topcoder.clients.manager.ClientManagerException: Fail to search clients by name=DAOConfigurationException, cause by Throw for testing
	at com.topcoder.clients.manager.dao.DAOClientManager.wrapInnerException(DAOClientManager.java:305)
	at com.topcoder.clients.manager.dao.DAOClientManager.searchClientsByName(DAOClientManager.java:628)
	at com.topcoder.clients.manager.failuretests.TestDAOClientManagerFailure.testSearchClientsByNameWithInvalid4(TestDAOClientManagerFailure.java:1499)
	at sun.reflect.NativeMethodAccessorImpl.invoke0(Native Method)
	at sun.reflect.NativeMethodAccessorImpl.invoke(NativeMethodAccessorImpl.java:39)
	at sun.reflect.DelegatingMethodAccessorImpl.invoke(DelegatingMethodAccessorImpl.java:25)
	at java.lang.reflect.Method.invoke(Method.java:585)
	at junit.framework.TestCase.runTest(TestCase.java:154)
	at junit.framework.TestCase.runBare(TestCase.java:127)
	at junit.framework.TestResult$1.protect(TestResult.java:106)
	at junit.framework.TestResult.runProtected(TestResult.java:124)
	at junit.framework.TestResult.run(TestResult.java:109)
	at junit.framework.TestCase.run(TestCase.java:118)
	at junit.framework.TestSuite.runTest(TestSuite.java:208)
	at junit.framework.TestSuite.run(TestSuite.java:203)
	at junit.framework.TestSuite.runTest(TestSuite.java:208)
	at junit.framework.TestSuite.run(TestSuite.java:203)
	at junit.framework.TestSuite.runTest(TestSuite.java:208)
	at junit.framework.TestSuite.run(TestSuite.java:203)
	at org.apache.tools.ant.taskdefs.optional.junit.JUnitTestRunner.run(JUnitTestRunner.java:421)
	at org.apache.tools.ant.taskdefs.optional.junit.JUnitTestRunner.launch(JUnitTestRunner.java:912)
	at org.apache.tools.ant.taskdefs.optional.junit.JUnitTestRunner.main(JUnitTestRunner.java:766)
Caused by: com.topcoder.clients.dao.DAOConfigurationException: Throw for testing
	at com.topcoder.clients.manager.MockClientDAO.searchByName(MockClientDAO.java:133)
	at com.topcoder.clients.manager.dao.DAOClientManager.searchClientsByName(DAOClientManager.java:617)
	... 20 more
Caused by: java.lang.NullPointerException: NPE Raised 
	... 22 more
[Entering method <com.topcoder.clients.manager.dao.DAOClientManager.searchClients(Filter filter)>; Parameters:{ ParamName<filter>; ParamValue: <null>  }  at 2008-08-29 23:59:02.062 ]
[Error occurred in method <com.topcoder.clients.manager.dao.DAOClientManager.searchClients(Filter filter)>, cause by :
java.lang.IllegalArgumentException: The parameter 'filter' should not be null.
	at com.topcoder.clients.manager.dao.Helper.checkNull(Helper.java:69)
	at com.topcoder.clients.manager.dao.DAOClientManager.searchClients(DAOClientManager.java:652)
	at com.topcoder.clients.manager.failuretests.TestDAOClientManagerFailure.testSearchClientsFailure1(TestDAOClientManagerFailure.java:1517)
	at sun.reflect.NativeMethodAccessorImpl.invoke0(Native Method)
	at sun.reflect.NativeMethodAccessorImpl.invoke(NativeMethodAccessorImpl.java:39)
	at sun.reflect.DelegatingMethodAccessorImpl.invoke(DelegatingMethodAccessorImpl.java:25)
	at java.lang.reflect.Method.invoke(Method.java:585)
	at junit.framework.TestCase.runTest(TestCase.java:154)
	at junit.framework.TestCase.runBare(TestCase.java:127)
	at junit.framework.TestResult$1.protect(TestResult.java:106)
	at junit.framework.TestResult.runProtected(TestResult.java:124)
	at junit.framework.TestResult.run(TestResult.java:109)
	at junit.framework.TestCase.run(TestCase.java:118)
	at junit.framework.TestSuite.runTest(TestSuite.java:208)
	at junit.framework.TestSuite.run(TestSuite.java:203)
	at junit.framework.TestSuite.runTest(TestSuite.java:208)
	at junit.framework.TestSuite.run(TestSuite.java:203)
	at junit.framework.TestSuite.runTest(TestSuite.java:208)
	at junit.framework.TestSuite.run(TestSuite.java:203)
	at org.apache.tools.ant.taskdefs.optional.junit.JUnitTestRunner.run(JUnitTestRunner.java:421)
	at org.apache.tools.ant.taskdefs.optional.junit.JUnitTestRunner.launch(JUnitTestRunner.java:912)
	at org.apache.tools.ant.taskdefs.optional.junit.JUnitTestRunner.main(JUnitTestRunner.java:766)
[Entering method <com.topcoder.clients.manager.dao.DAOClientManager.searchClients(Filter filter)>; Parameters:{ ParamName<filter>; ParamValue: <com.topcoder.search.builder.filter.EqualToFilter@ba5c7a>  }  at 2008-08-29 23:59:02.062 ]
[Error occurred in method <com.topcoder.clients.manager.dao.DAOClientManager.searchClients(Filter filter)>, cause by :
com.topcoder.clients.manager.ClientManagerException: Fail to search clients by filter, cause by Throw for testing
	at com.topcoder.clients.manager.dao.DAOClientManager.wrapInnerException(DAOClientManager.java:305)
	at com.topcoder.clients.manager.dao.DAOClientManager.searchClients(DAOClientManager.java:662)
	at com.topcoder.clients.manager.failuretests.TestDAOClientManagerFailure.testSearchClientsFailure2(TestDAOClientManagerFailure.java:1536)
	at sun.reflect.NativeMethodAccessorImpl.invoke0(Native Method)
	at sun.reflect.NativeMethodAccessorImpl.invoke(NativeMethodAccessorImpl.java:39)
	at sun.reflect.DelegatingMethodAccessorImpl.invoke(DelegatingMethodAccessorImpl.java:25)
	at java.lang.reflect.Method.invoke(Method.java:585)
	at junit.framework.TestCase.runTest(TestCase.java:154)
	at junit.framework.TestCase.runBare(TestCase.java:127)
	at junit.framework.TestResult$1.protect(TestResult.java:106)
	at junit.framework.TestResult.runProtected(TestResult.java:124)
	at junit.framework.TestResult.run(TestResult.java:109)
	at junit.framework.TestCase.run(TestCase.java:118)
	at junit.framework.TestSuite.runTest(TestSuite.java:208)
	at junit.framework.TestSuite.run(TestSuite.java:203)
	at junit.framework.TestSuite.runTest(TestSuite.java:208)
	at junit.framework.TestSuite.run(TestSuite.java:203)
	at junit.framework.TestSuite.runTest(TestSuite.java:208)
	at junit.framework.TestSuite.run(TestSuite.java:203)
	at org.apache.tools.ant.taskdefs.optional.junit.JUnitTestRunner.run(JUnitTestRunner.java:421)
	at org.apache.tools.ant.taskdefs.optional.junit.JUnitTestRunner.launch(JUnitTestRunner.java:912)
	at org.apache.tools.ant.taskdefs.optional.junit.JUnitTestRunner.main(JUnitTestRunner.java:766)
Caused by: com.topcoder.clients.dao.DAOException: Throw for testing
	at com.topcoder.clients.manager.MockClientDAO.search(MockClientDAO.java:158)
	at com.topcoder.clients.manager.dao.DAOClientManager.searchClients(DAOClientManager.java:654)
	... 20 more
Caused by: java.lang.NullPointerException: NPE Raised 
	... 22 more
[Entering method <com.topcoder.clients.manager.dao.DAOClientManager.searchClients(Filter filter)>; Parameters:{ ParamName<filter>; ParamValue: <com.topcoder.search.builder.filter.EqualToFilter@7cbde6>  }  at 2008-08-29 23:59:02.062 ]
[Error occurred in method <com.topcoder.clients.manager.dao.DAOClientManager.searchClients(Filter filter)>, cause by :
com.topcoder.clients.manager.ClientManagerException: Fail to search clients by filter, cause by Throw for testing
	at com.topcoder.clients.manager.dao.DAOClientManager.wrapInnerException(DAOClientManager.java:305)
	at com.topcoder.clients.manager.dao.DAOClientManager.searchClients(DAOClientManager.java:665)
	at com.topcoder.clients.manager.failuretests.TestDAOClientManagerFailure.testSearchClientsFailure3(TestDAOClientManagerFailure.java:1555)
	at sun.reflect.NativeMethodAccessorImpl.invoke0(Native Method)
	at sun.reflect.NativeMethodAccessorImpl.invoke(NativeMethodAccessorImpl.java:39)
	at sun.reflect.DelegatingMethodAccessorImpl.invoke(DelegatingMethodAccessorImpl.java:25)
	at java.lang.reflect.Method.invoke(Method.java:585)
	at junit.framework.TestCase.runTest(TestCase.java:154)
	at junit.framework.TestCase.runBare(TestCase.java:127)
	at junit.framework.TestResult$1.protect(TestResult.java:106)
	at junit.framework.TestResult.runProtected(TestResult.java:124)
	at junit.framework.TestResult.run(TestResult.java:109)
	at junit.framework.TestCase.run(TestCase.java:118)
	at junit.framework.TestSuite.runTest(TestSuite.java:208)
	at junit.framework.TestSuite.run(TestSuite.java:203)
	at junit.framework.TestSuite.runTest(TestSuite.java:208)
	at junit.framework.TestSuite.run(TestSuite.java:203)
	at junit.framework.TestSuite.runTest(TestSuite.java:208)
	at junit.framework.TestSuite.run(TestSuite.java:203)
	at org.apache.tools.ant.taskdefs.optional.junit.JUnitTestRunner.run(JUnitTestRunner.java:421)
	at org.apache.tools.ant.taskdefs.optional.junit.JUnitTestRunner.launch(JUnitTestRunner.java:912)
	at org.apache.tools.ant.taskdefs.optional.junit.JUnitTestRunner.main(JUnitTestRunner.java:766)
Caused by: com.topcoder.clients.dao.DAOConfigurationException: Throw for testing
	at com.topcoder.clients.manager.MockClientDAO.search(MockClientDAO.java:162)
	at com.topcoder.clients.manager.dao.DAOClientManager.searchClients(DAOClientManager.java:654)
	... 20 more
Caused by: java.lang.NullPointerException: NPE Raised 
	... 22 more
[Entering method <com.topcoder.clients.manager.dao.DAOClientManager.getClientStatus(long id)>; Parameters:{ ParamName<id>; ParamValue: <-1>  }  at 2008-08-29 23:59:02.062 ]
[Error occurred in method <com.topcoder.clients.manager.dao.DAOClientManager.getClientStatus(long id)>, cause by :
java.lang.IllegalArgumentException: The parameter id should not be negative.
	at com.topcoder.clients.manager.dao.Helper.checkId(Helper.java:115)
	at com.topcoder.clients.manager.dao.DAOClientManager.getClientStatus(DAOClientManager.java:687)
	at com.topcoder.clients.manager.failuretests.TestDAOClientManagerFailure.testGetClientStatusFailure1(TestDAOClientManagerFailure.java:1591)
	at sun.reflect.NativeMethodAccessorImpl.invoke0(Native Method)
	at sun.reflect.NativeMethodAccessorImpl.invoke(NativeMethodAccessorImpl.java:39)
	at sun.reflect.DelegatingMethodAccessorImpl.invoke(DelegatingMethodAccessorImpl.java:25)
	at java.lang.reflect.Method.invoke(Method.java:585)
	at junit.framework.TestCase.runTest(TestCase.java:154)
	at junit.framework.TestCase.runBare(TestCase.java:127)
	at junit.framework.TestResult$1.protect(TestResult.java:106)
	at junit.framework.TestResult.runProtected(TestResult.java:124)
	at junit.framework.TestResult.run(TestResult.java:109)
	at junit.framework.TestCase.run(TestCase.java:118)
	at junit.framework.TestSuite.runTest(TestSuite.java:208)
	at junit.framework.TestSuite.run(TestSuite.java:203)
	at junit.framework.TestSuite.runTest(TestSuite.java:208)
	at junit.framework.TestSuite.run(TestSuite.java:203)
	at junit.framework.TestSuite.runTest(TestSuite.java:208)
	at junit.framework.TestSuite.run(TestSuite.java:203)
	at org.apache.tools.ant.taskdefs.optional.junit.JUnitTestRunner.run(JUnitTestRunner.java:421)
	at org.apache.tools.ant.taskdefs.optional.junit.JUnitTestRunner.launch(JUnitTestRunner.java:912)
	at org.apache.tools.ant.taskdefs.optional.junit.JUnitTestRunner.main(JUnitTestRunner.java:766)
[Entering method <com.topcoder.clients.manager.dao.DAOClientManager.getClientStatus(long id)>; Parameters:{ ParamName<id>; ParamValue: <10001>  }  at 2008-08-29 23:59:02.078 ]
[Error occurred in method <com.topcoder.clients.manager.dao.DAOClientManager.getClientStatus(long id)>, cause by :
com.topcoder.clients.manager.ClientManagerException: Fail to get the ClientStatus by id =10001 cause by Throw for testing
	at com.topcoder.clients.manager.dao.DAOClientManager.wrapInnerException(DAOClientManager.java:305)
	at com.topcoder.clients.manager.dao.DAOClientManager.getClientStatus(DAOClientManager.java:697)
	at com.topcoder.clients.manager.failuretests.TestDAOClientManagerFailure.testGetClientStatusFailure2(TestDAOClientManagerFailure.java:1610)
	at sun.reflect.NativeMethodAccessorImpl.invoke0(Native Method)
	at sun.reflect.NativeMethodAccessorImpl.invoke(NativeMethodAccessorImpl.java:39)
	at sun.reflect.DelegatingMethodAccessorImpl.invoke(DelegatingMethodAccessorImpl.java:25)
	at java.lang.reflect.Method.invoke(Method.java:585)
	at junit.framework.TestCase.runTest(TestCase.java:154)
	at junit.framework.TestCase.runBare(TestCase.java:127)
	at junit.framework.TestResult$1.protect(TestResult.java:106)
	at junit.framework.TestResult.runProtected(TestResult.java:124)
	at junit.framework.TestResult.run(TestResult.java:109)
	at junit.framework.TestCase.run(TestCase.java:118)
	at junit.framework.TestSuite.runTest(TestSuite.java:208)
	at junit.framework.TestSuite.run(TestSuite.java:203)
	at junit.framework.TestSuite.runTest(TestSuite.java:208)
	at junit.framework.TestSuite.run(TestSuite.java:203)
	at junit.framework.TestSuite.runTest(TestSuite.java:208)
	at junit.framework.TestSuite.run(TestSuite.java:203)
	at org.apache.tools.ant.taskdefs.optional.junit.JUnitTestRunner.run(JUnitTestRunner.java:421)
	at org.apache.tools.ant.taskdefs.optional.junit.JUnitTestRunner.launch(JUnitTestRunner.java:912)
	at org.apache.tools.ant.taskdefs.optional.junit.JUnitTestRunner.main(JUnitTestRunner.java:766)
Caused by: com.topcoder.clients.dao.DAOException: Throw for testing
	at com.topcoder.clients.manager.MockClientStatusDAO.retrieveById(MockClientStatusDAO.java:102)
	at com.topcoder.clients.manager.dao.DAOClientManager.getClientStatus(DAOClientManager.java:689)
	... 20 more
Caused by: java.lang.NullPointerException: NPE Raised 
	... 22 more
[Entering method <com.topcoder.clients.manager.dao.DAOClientManager.getClientStatus(long id)>; Parameters:{ ParamName<id>; ParamValue: <10002>  }  at 2008-08-29 23:59:02.078 ]
[Error occurred in method <com.topcoder.clients.manager.dao.DAOClientManager.getClientStatus(long id)>, cause by :
com.topcoder.clients.manager.ClientManagerException: Fail to get the ClientStatus by id =10002 cause by Throw for testing
	at com.topcoder.clients.manager.dao.DAOClientManager.wrapInnerException(DAOClientManager.java:305)
	at com.topcoder.clients.manager.dao.DAOClientManager.getClientStatus(DAOClientManager.java:700)
	at com.topcoder.clients.manager.failuretests.TestDAOClientManagerFailure.testGetClientStatusFailure3(TestDAOClientManagerFailure.java:1629)
	at sun.reflect.NativeMethodAccessorImpl.invoke0(Native Method)
	at sun.reflect.NativeMethodAccessorImpl.invoke(NativeMethodAccessorImpl.java:39)
	at sun.reflect.DelegatingMethodAccessorImpl.invoke(DelegatingMethodAccessorImpl.java:25)
	at java.lang.reflect.Method.invoke(Method.java:585)
	at junit.framework.TestCase.runTest(TestCase.java:154)
	at junit.framework.TestCase.runBare(TestCase.java:127)
	at junit.framework.TestResult$1.protect(TestResult.java:106)
	at junit.framework.TestResult.runProtected(TestResult.java:124)
	at junit.framework.TestResult.run(TestResult.java:109)
	at junit.framework.TestCase.run(TestCase.java:118)
	at junit.framework.TestSuite.runTest(TestSuite.java:208)
	at junit.framework.TestSuite.run(TestSuite.java:203)
	at junit.framework.TestSuite.runTest(TestSuite.java:208)
	at junit.framework.TestSuite.run(TestSuite.java:203)
	at junit.framework.TestSuite.runTest(TestSuite.java:208)
	at junit.framework.TestSuite.run(TestSuite.java:203)
	at org.apache.tools.ant.taskdefs.optional.junit.JUnitTestRunner.run(JUnitTestRunner.java:421)
	at org.apache.tools.ant.taskdefs.optional.junit.JUnitTestRunner.launch(JUnitTestRunner.java:912)
	at org.apache.tools.ant.taskdefs.optional.junit.JUnitTestRunner.main(JUnitTestRunner.java:766)
Caused by: com.topcoder.clients.dao.DAOConfigurationException: Throw for testing
	at com.topcoder.clients.manager.MockClientStatusDAO.retrieveById(MockClientStatusDAO.java:105)
	at com.topcoder.clients.manager.dao.DAOClientManager.getClientStatus(DAOClientManager.java:689)
	... 20 more
Caused by: java.lang.NullPointerException: NPE Raised 
	... 22 more
[Entering method <com.topcoder.clients.manager.dao.DAOClientManager.getClientStatus(long id)>; Parameters:{ ParamName<id>; ParamValue: <101>  }  at 2008-08-29 23:59:02.078 ]
[Error occurred in method <com.topcoder.clients.manager.dao.DAOClientManager.getClientStatus(long id)>, cause by :
com.topcoder.clients.manager.ClientManagerException: Fail to get the ClientStatus by id =101 cause by com.topcoder.clients.model.Client
	at com.topcoder.clients.manager.dao.DAOClientManager.wrapInnerException(DAOClientManager.java:305)
	at com.topcoder.clients.manager.dao.DAOClientManager.getClientStatus(DAOClientManager.java:703)
	at com.topcoder.clients.manager.failuretests.TestDAOClientManagerFailure.testGetClientStatusFailure4(TestDAOClientManagerFailure.java:1648)
	at sun.reflect.NativeMethodAccessorImpl.invoke0(Native Method)
	at sun.reflect.NativeMethodAccessorImpl.invoke(NativeMethodAccessorImpl.java:39)
	at sun.reflect.DelegatingMethodAccessorImpl.invoke(DelegatingMethodAccessorImpl.java:25)
	at java.lang.reflect.Method.invoke(Method.java:585)
	at junit.framework.TestCase.runTest(TestCase.java:154)
	at junit.framework.TestCase.runBare(TestCase.java:127)
	at junit.framework.TestResult$1.protect(TestResult.java:106)
	at junit.framework.TestResult.runProtected(TestResult.java:124)
	at junit.framework.TestResult.run(TestResult.java:109)
	at junit.framework.TestCase.run(TestCase.java:118)
	at junit.framework.TestSuite.runTest(TestSuite.java:208)
	at junit.framework.TestSuite.run(TestSuite.java:203)
	at junit.framework.TestSuite.runTest(TestSuite.java:208)
	at junit.framework.TestSuite.run(TestSuite.java:203)
	at junit.framework.TestSuite.runTest(TestSuite.java:208)
	at junit.framework.TestSuite.run(TestSuite.java:203)
	at org.apache.tools.ant.taskdefs.optional.junit.JUnitTestRunner.run(JUnitTestRunner.java:421)
	at org.apache.tools.ant.taskdefs.optional.junit.JUnitTestRunner.launch(JUnitTestRunner.java:912)
	at org.apache.tools.ant.taskdefs.optional.junit.JUnitTestRunner.main(JUnitTestRunner.java:766)
Caused by: java.lang.ClassCastException: com.topcoder.clients.model.Client
	at com.topcoder.clients.manager.dao.DAOClientManager.getClientStatus(DAOClientManager.java:689)
	... 20 more
[Entering method <com.topcoder.clients.manager.dao.DAOClientManager.getAllClientStatuses>; Parameters:{ }  at 2008-08-29 23:59:02.078 ]
[Error occurred in method <com.topcoder.clients.manager.dao.DAOClientManager.getAllClientStatuses>, cause by :
com.topcoder.clients.manager.ClientManagerException: Fail to get all ClientStatus, cause by Throw for testing
	at com.topcoder.clients.manager.dao.DAOClientManager.wrapInnerException(DAOClientManager.java:305)
	at com.topcoder.clients.manager.dao.DAOClientManager.getAllClientStatuses(DAOClientManager.java:725)
	at com.topcoder.clients.manager.failuretests.TestDAOClientManagerFailure.testGetAllClientStatusesFailure1(TestDAOClientManagerFailure.java:1687)
	at sun.reflect.NativeMethodAccessorImpl.invoke0(Native Method)
	at sun.reflect.NativeMethodAccessorImpl.invoke(NativeMethodAccessorImpl.java:39)
	at sun.reflect.DelegatingMethodAccessorImpl.invoke(DelegatingMethodAccessorImpl.java:25)
	at java.lang.reflect.Method.invoke(Method.java:585)
	at junit.framework.TestCase.runTest(TestCase.java:154)
	at junit.framework.TestCase.runBare(TestCase.java:127)
	at junit.framework.TestResult$1.protect(TestResult.java:106)
	at junit.framework.TestResult.runProtected(TestResult.java:124)
	at junit.framework.TestResult.run(TestResult.java:109)
	at junit.framework.TestCase.run(TestCase.java:118)
	at junit.framework.TestSuite.runTest(TestSuite.java:208)
	at junit.framework.TestSuite.run(TestSuite.java:203)
	at junit.framework.TestSuite.runTest(TestSuite.java:208)
	at junit.framework.TestSuite.run(TestSuite.java:203)
	at junit.framework.TestSuite.runTest(TestSuite.java:208)
	at junit.framework.TestSuite.run(TestSuite.java:203)
	at org.apache.tools.ant.taskdefs.optional.junit.JUnitTestRunner.run(JUnitTestRunner.java:421)
	at org.apache.tools.ant.taskdefs.optional.junit.JUnitTestRunner.launch(JUnitTestRunner.java:912)
	at org.apache.tools.ant.taskdefs.optional.junit.JUnitTestRunner.main(JUnitTestRunner.java:766)
Caused by: com.topcoder.clients.dao.DAOException: Throw for testing
	at com.topcoder.clients.manager.MockClientStatusDAO.retrieveAll(MockClientStatusDAO.java:123)
	at com.topcoder.clients.manager.dao.DAOClientManager.getAllClientStatuses(DAOClientManager.java:720)
	... 20 more
Caused by: java.lang.NullPointerException: NPE Raised 
	... 22 more
[Entering method <com.topcoder.clients.manager.dao.DAOClientManager.getAllClientStatuses>; Parameters:{ }  at 2008-08-29 23:59:02.125 ]
[Error occurred in method <com.topcoder.clients.manager.dao.DAOClientManager.getAllClientStatuses>, cause by :
com.topcoder.clients.manager.ClientManagerException: Fail to get all ClientStatus, cause by Throw for testing
	at com.topcoder.clients.manager.dao.DAOClientManager.wrapInnerException(DAOClientManager.java:305)
	at com.topcoder.clients.manager.dao.DAOClientManager.getAllClientStatuses(DAOClientManager.java:728)
	at com.topcoder.clients.manager.failuretests.TestDAOClientManagerFailure.testGetAllClientStatusesFailure2(TestDAOClientManagerFailure.java:1709)
	at sun.reflect.NativeMethodAccessorImpl.invoke0(Native Method)
	at sun.reflect.NativeMethodAccessorImpl.invoke(NativeMethodAccessorImpl.java:39)
	at sun.reflect.DelegatingMethodAccessorImpl.invoke(DelegatingMethodAccessorImpl.java:25)
	at java.lang.reflect.Method.invoke(Method.java:585)
	at junit.framework.TestCase.runTest(TestCase.java:154)
	at junit.framework.TestCase.runBare(TestCase.java:127)
	at junit.framework.TestResult$1.protect(TestResult.java:106)
	at junit.framework.TestResult.runProtected(TestResult.java:124)
	at junit.framework.TestResult.run(TestResult.java:109)
	at junit.framework.TestCase.run(TestCase.java:118)
	at junit.framework.TestSuite.runTest(TestSuite.java:208)
	at junit.framework.TestSuite.run(TestSuite.java:203)
	at junit.framework.TestSuite.runTest(TestSuite.java:208)
	at junit.framework.TestSuite.run(TestSuite.java:203)
	at junit.framework.TestSuite.runTest(TestSuite.java:208)
	at junit.framework.TestSuite.run(TestSuite.java:203)
	at org.apache.tools.ant.taskdefs.optional.junit.JUnitTestRunner.run(JUnitTestRunner.java:421)
	at org.apache.tools.ant.taskdefs.optional.junit.JUnitTestRunner.launch(JUnitTestRunner.java:912)
	at org.apache.tools.ant.taskdefs.optional.junit.JUnitTestRunner.main(JUnitTestRunner.java:766)
Caused by: com.topcoder.clients.dao.DAOConfigurationException: Throw for testing
	at com.topcoder.clients.manager.MockClientStatusDAO.retrieveAll(MockClientStatusDAO.java:128)
	at com.topcoder.clients.manager.dao.DAOClientManager.getAllClientStatuses(DAOClientManager.java:720)
	... 20 more
Caused by: java.lang.NullPointerException: NPE Raised 
	... 22 more
[Entering method <com.topcoder.clients.manager.dao.DAOClientManager.getClientsForStatus(ClientStatus status)>; Parameters:{ ParamName<clientStatus>; ParamValue: <null>  }  at 2008-08-29 23:59:02.125 ]
[Error occurred in method <com.topcoder.clients.manager.dao.DAOClientManager.getClientsForStatus(ClientStatus status)>, cause by :
java.lang.IllegalArgumentException: The parameter 'status' should not be null.
	at com.topcoder.clients.manager.dao.Helper.checkNull(Helper.java:69)
	at com.topcoder.clients.manager.dao.Helper.validateClientStatus(Helper.java:170)
	at com.topcoder.clients.manager.dao.DAOClientManager.getClientsForStatus(DAOClientManager.java:751)
	at com.topcoder.clients.manager.failuretests.TestDAOClientManagerFailure.testGetClientsForStatusFailure1(TestDAOClientManagerFailure.java:1729)
	at sun.reflect.NativeMethodAccessorImpl.invoke0(Native Method)
	at sun.reflect.NativeMethodAccessorImpl.invoke(NativeMethodAccessorImpl.java:39)
	at sun.reflect.DelegatingMethodAccessorImpl.invoke(DelegatingMethodAccessorImpl.java:25)
	at java.lang.reflect.Method.invoke(Method.java:585)
	at junit.framework.TestCase.runTest(TestCase.java:154)
	at junit.framework.TestCase.runBare(TestCase.java:127)
	at junit.framework.TestResult$1.protect(TestResult.java:106)
	at junit.framework.TestResult.runProtected(TestResult.java:124)
	at junit.framework.TestResult.run(TestResult.java:109)
	at junit.framework.TestCase.run(TestCase.java:118)
	at junit.framework.TestSuite.runTest(TestSuite.java:208)
	at junit.framework.TestSuite.run(TestSuite.java:203)
	at junit.framework.TestSuite.runTest(TestSuite.java:208)
	at junit.framework.TestSuite.run(TestSuite.java:203)
	at junit.framework.TestSuite.runTest(TestSuite.java:208)
	at junit.framework.TestSuite.run(TestSuite.java:203)
	at org.apache.tools.ant.taskdefs.optional.junit.JUnitTestRunner.run(JUnitTestRunner.java:421)
	at org.apache.tools.ant.taskdefs.optional.junit.JUnitTestRunner.launch(JUnitTestRunner.java:912)
	at org.apache.tools.ant.taskdefs.optional.junit.JUnitTestRunner.main(JUnitTestRunner.java:766)
[Entering method <com.topcoder.clients.manager.dao.DAOClientManager.getClientsForStatus(ClientStatus status)>; Parameters:{ ParamName<clientStatus>; ParamValue: <[ id=0 name=null description=des isDeleted=false]>  }  at 2008-08-29 23:59:02.125 ]
[Error occurred in method <com.topcoder.clients.manager.dao.DAOClientManager.getClientsForStatus(ClientStatus status)>, cause by :
java.lang.IllegalArgumentException: The ClientStatus should have a non-null and non-empty name.
	at com.topcoder.clients.manager.dao.Helper.validateClientStatus(Helper.java:173)
	at com.topcoder.clients.manager.dao.DAOClientManager.getClientsForStatus(DAOClientManager.java:751)
	at com.topcoder.clients.manager.failuretests.TestDAOClientManagerFailure.testGetClientsForStatusFailure2(TestDAOClientManagerFailure.java:1752)
	at sun.reflect.NativeMethodAccessorImpl.invoke0(Native Method)
	at sun.reflect.NativeMethodAccessorImpl.invoke(NativeMethodAccessorImpl.java:39)
	at sun.reflect.DelegatingMethodAccessorImpl.invoke(DelegatingMethodAccessorImpl.java:25)
	at java.lang.reflect.Method.invoke(Method.java:585)
	at junit.framework.TestCase.runTest(TestCase.java:154)
	at junit.framework.TestCase.runBare(TestCase.java:127)
	at junit.framework.TestResult$1.protect(TestResult.java:106)
	at junit.framework.TestResult.runProtected(TestResult.java:124)
	at junit.framework.TestResult.run(TestResult.java:109)
	at junit.framework.TestCase.run(TestCase.java:118)
	at junit.framework.TestSuite.runTest(TestSuite.java:208)
	at junit.framework.TestSuite.run(TestSuite.java:203)
	at junit.framework.TestSuite.runTest(TestSuite.java:208)
	at junit.framework.TestSuite.run(TestSuite.java:203)
	at junit.framework.TestSuite.runTest(TestSuite.java:208)
	at junit.framework.TestSuite.run(TestSuite.java:203)
	at org.apache.tools.ant.taskdefs.optional.junit.JUnitTestRunner.run(JUnitTestRunner.java:421)
	at org.apache.tools.ant.taskdefs.optional.junit.JUnitTestRunner.launch(JUnitTestRunner.java:912)
	at org.apache.tools.ant.taskdefs.optional.junit.JUnitTestRunner.main(JUnitTestRunner.java:766)
[Entering method <com.topcoder.clients.manager.dao.DAOClientManager.getClientsForStatus(ClientStatus status)>; Parameters:{ ParamName<clientStatus>; ParamValue: <[ id=0 name=  description=des isDeleted=false]>  }  at 2008-08-29 23:59:02.140 ]
[Error occurred in method <com.topcoder.clients.manager.dao.DAOClientManager.getClientsForStatus(ClientStatus status)>, cause by :
java.lang.IllegalArgumentException: The ClientStatus should have a non-null and non-empty name.
	at com.topcoder.clients.manager.dao.Helper.validateClientStatus(Helper.java:173)
	at com.topcoder.clients.manager.dao.DAOClientManager.getClientsForStatus(DAOClientManager.java:751)
	at com.topcoder.clients.manager.failuretests.TestDAOClientManagerFailure.testGetClientsForStatusFailure3(TestDAOClientManagerFailure.java:1775)
	at sun.reflect.NativeMethodAccessorImpl.invoke0(Native Method)
	at sun.reflect.NativeMethodAccessorImpl.invoke(NativeMethodAccessorImpl.java:39)
	at sun.reflect.DelegatingMethodAccessorImpl.invoke(DelegatingMethodAccessorImpl.java:25)
	at java.lang.reflect.Method.invoke(Method.java:585)
	at junit.framework.TestCase.runTest(TestCase.java:154)
	at junit.framework.TestCase.runBare(TestCase.java:127)
	at junit.framework.TestResult$1.protect(TestResult.java:106)
	at junit.framework.TestResult.runProtected(TestResult.java:124)
	at junit.framework.TestResult.run(TestResult.java:109)
	at junit.framework.TestCase.run(TestCase.java:118)
	at junit.framework.TestSuite.runTest(TestSuite.java:208)
	at junit.framework.TestSuite.run(TestSuite.java:203)
	at junit.framework.TestSuite.runTest(TestSuite.java:208)
	at junit.framework.TestSuite.run(TestSuite.java:203)
	at junit.framework.TestSuite.runTest(TestSuite.java:208)
	at junit.framework.TestSuite.run(TestSuite.java:203)
	at org.apache.tools.ant.taskdefs.optional.junit.JUnitTestRunner.run(JUnitTestRunner.java:421)
	at org.apache.tools.ant.taskdefs.optional.junit.JUnitTestRunner.launch(JUnitTestRunner.java:912)
	at org.apache.tools.ant.taskdefs.optional.junit.JUnitTestRunner.main(JUnitTestRunner.java:766)
[Entering method <com.topcoder.clients.manager.dao.DAOClientManager.getClientsForStatus(ClientStatus status)>; Parameters:{ ParamName<clientStatus>; ParamValue: <[ id=0 name=name description=    isDeleted=false]>  }  at 2008-08-29 23:59:02.140 ]
[Error occurred in method <com.topcoder.clients.manager.dao.DAOClientManager.getClientsForStatus(ClientStatus status)>, cause by :
java.lang.IllegalArgumentException: The ClientStatus should have a non-null and non-empty description.
	at com.topcoder.clients.manager.dao.Helper.validateClientStatus(Helper.java:177)
	at com.topcoder.clients.manager.dao.DAOClientManager.getClientsForStatus(DAOClientManager.java:751)
	at com.topcoder.clients.manager.failuretests.TestDAOClientManagerFailure.testGetClientsForStatusFailure4(TestDAOClientManagerFailure.java:1797)
	at sun.reflect.NativeMethodAccessorImpl.invoke0(Native Method)
	at sun.reflect.NativeMethodAccessorImpl.invoke(NativeMethodAccessorImpl.java:39)
	at sun.reflect.DelegatingMethodAccessorImpl.invoke(DelegatingMethodAccessorImpl.java:25)
	at java.lang.reflect.Method.invoke(Method.java:585)
	at junit.framework.TestCase.runTest(TestCase.java:154)
	at junit.framework.TestCase.runBare(TestCase.java:127)
	at junit.framework.TestResult$1.protect(TestResult.java:106)
	at junit.framework.TestResult.runProtected(TestResult.java:124)
	at junit.framework.TestResult.run(TestResult.java:109)
	at junit.framework.TestCase.run(TestCase.java:118)
	at junit.framework.TestSuite.runTest(TestSuite.java:208)
	at junit.framework.TestSuite.run(TestSuite.java:203)
	at junit.framework.TestSuite.runTest(TestSuite.java:208)
	at junit.framework.TestSuite.run(TestSuite.java:203)
	at junit.framework.TestSuite.runTest(TestSuite.java:208)
	at junit.framework.TestSuite.run(TestSuite.java:203)
	at org.apache.tools.ant.taskdefs.optional.junit.JUnitTestRunner.run(JUnitTestRunner.java:421)
	at org.apache.tools.ant.taskdefs.optional.junit.JUnitTestRunner.launch(JUnitTestRunner.java:912)
	at org.apache.tools.ant.taskdefs.optional.junit.JUnitTestRunner.main(JUnitTestRunner.java:766)
[Entering method <com.topcoder.clients.manager.dao.DAOClientManager.getClientsForStatus(ClientStatus status)>; Parameters:{ ParamName<clientStatus>; ParamValue: <[ id=0 name=name description=des isDeleted=true]>  }  at 2008-08-29 23:59:02.140 ]
[Error occurred in method <com.topcoder.clients.manager.dao.DAOClientManager.getClientsForStatus(ClientStatus status)>, cause by :
java.lang.IllegalArgumentException: The ClientStatus should not be deleted.
	at com.topcoder.clients.manager.dao.Helper.validateClientStatus(Helper.java:181)
	at com.topcoder.clients.manager.dao.DAOClientManager.getClientsForStatus(DAOClientManager.java:751)
	at com.topcoder.clients.manager.failuretests.TestDAOClientManagerFailure.testGetClientsForStatusFailure5(TestDAOClientManagerFailure.java:1819)
	at sun.reflect.NativeMethodAccessorImpl.invoke0(Native Method)
	at sun.reflect.NativeMethodAccessorImpl.invoke(NativeMethodAccessorImpl.java:39)
	at sun.reflect.DelegatingMethodAccessorImpl.invoke(DelegatingMethodAccessorImpl.java:25)
	at java.lang.reflect.Method.invoke(Method.java:585)
	at junit.framework.TestCase.runTest(TestCase.java:154)
	at junit.framework.TestCase.runBare(TestCase.java:127)
	at junit.framework.TestResult$1.protect(TestResult.java:106)
	at junit.framework.TestResult.runProtected(TestResult.java:124)
	at junit.framework.TestResult.run(TestResult.java:109)
	at junit.framework.TestCase.run(TestCase.java:118)
	at junit.framework.TestSuite.runTest(TestSuite.java:208)
	at junit.framework.TestSuite.run(TestSuite.java:203)
	at junit.framework.TestSuite.runTest(TestSuite.java:208)
	at junit.framework.TestSuite.run(TestSuite.java:203)
	at junit.framework.TestSuite.runTest(TestSuite.java:208)
	at junit.framework.TestSuite.run(TestSuite.java:203)
	at org.apache.tools.ant.taskdefs.optional.junit.JUnitTestRunner.run(JUnitTestRunner.java:421)
	at org.apache.tools.ant.taskdefs.optional.junit.JUnitTestRunner.launch(JUnitTestRunner.java:912)
	at org.apache.tools.ant.taskdefs.optional.junit.JUnitTestRunner.main(JUnitTestRunner.java:766)
[Entering method <com.topcoder.clients.manager.dao.DAOClientManager.getClientsForStatus(ClientStatus status)>; Parameters:{ ParamName<clientStatus>; ParamValue: <[ id=0 name=name description=des isDeleted=true]>  }  at 2008-08-29 23:59:02.140 ]
[Error occurred in method <com.topcoder.clients.manager.dao.DAOClientManager.getClientsForStatus(ClientStatus status)>, cause by :
java.lang.IllegalArgumentException: The ClientStatus should not be deleted.
	at com.topcoder.clients.manager.dao.Helper.validateClientStatus(Helper.java:181)
	at com.topcoder.clients.manager.dao.DAOClientManager.getClientsForStatus(DAOClientManager.java:751)
	at com.topcoder.clients.manager.failuretests.TestDAOClientManagerFailure.testGetClientsForStatusFailure6(TestDAOClientManagerFailure.java:1841)
	at sun.reflect.NativeMethodAccessorImpl.invoke0(Native Method)
	at sun.reflect.NativeMethodAccessorImpl.invoke(NativeMethodAccessorImpl.java:39)
	at sun.reflect.DelegatingMethodAccessorImpl.invoke(DelegatingMethodAccessorImpl.java:25)
	at java.lang.reflect.Method.invoke(Method.java:585)
	at junit.framework.TestCase.runTest(TestCase.java:154)
	at junit.framework.TestCase.runBare(TestCase.java:127)
	at junit.framework.TestResult$1.protect(TestResult.java:106)
	at junit.framework.TestResult.runProtected(TestResult.java:124)
	at junit.framework.TestResult.run(TestResult.java:109)
	at junit.framework.TestCase.run(TestCase.java:118)
	at junit.framework.TestSuite.runTest(TestSuite.java:208)
	at junit.framework.TestSuite.run(TestSuite.java:203)
	at junit.framework.TestSuite.runTest(TestSuite.java:208)
	at junit.framework.TestSuite.run(TestSuite.java:203)
	at junit.framework.TestSuite.runTest(TestSuite.java:208)
	at junit.framework.TestSuite.run(TestSuite.java:203)
	at org.apache.tools.ant.taskdefs.optional.junit.JUnitTestRunner.run(JUnitTestRunner.java:421)
	at org.apache.tools.ant.taskdefs.optional.junit.JUnitTestRunner.launch(JUnitTestRunner.java:912)
	at org.apache.tools.ant.taskdefs.optional.junit.JUnitTestRunner.main(JUnitTestRunner.java:766)
[Entering method <com.topcoder.clients.manager.dao.DAOClientManager.getClientsForStatus(ClientStatus status)>; Parameters:{ ParamName<clientStatus>; ParamValue: <[ id=0 name=entity description=des isDeleted=false]>  }  at 2008-08-29 23:59:02.156 ]
[Error occurred in method <com.topcoder.clients.manager.dao.DAOClientManager.getClientsForStatus(ClientStatus status)>, cause by :
com.topcoder.clients.manager.ClientManagerException: Fail to get clients by ClientStatus, cause by The entity is not found.
	at com.topcoder.clients.manager.dao.DAOClientManager.wrapInnerException(DAOClientManager.java:305)
	at com.topcoder.clients.manager.dao.DAOClientManager.getClientsForStatus(DAOClientManager.java:761)
	at com.topcoder.clients.manager.failuretests.TestDAOClientManagerFailure.testGetClientsForStatusFailure7(TestDAOClientManagerFailure.java:1863)
	at sun.reflect.NativeMethodAccessorImpl.invoke0(Native Method)
	at sun.reflect.NativeMethodAccessorImpl.invoke(NativeMethodAccessorImpl.java:39)
	at sun.reflect.DelegatingMethodAccessorImpl.invoke(DelegatingMethodAccessorImpl.java:25)
	at java.lang.reflect.Method.invoke(Method.java:585)
	at junit.framework.TestCase.runTest(TestCase.java:154)
	at junit.framework.TestCase.runBare(TestCase.java:127)
	at junit.framework.TestResult$1.protect(TestResult.java:106)
	at junit.framework.TestResult.runProtected(TestResult.java:124)
	at junit.framework.TestResult.run(TestResult.java:109)
	at junit.framework.TestCase.run(TestCase.java:118)
	at junit.framework.TestSuite.runTest(TestSuite.java:208)
	at junit.framework.TestSuite.run(TestSuite.java:203)
	at junit.framework.TestSuite.runTest(TestSuite.java:208)
	at junit.framework.TestSuite.run(TestSuite.java:203)
	at junit.framework.TestSuite.runTest(TestSuite.java:208)
	at junit.framework.TestSuite.run(TestSuite.java:203)
	at org.apache.tools.ant.taskdefs.optional.junit.JUnitTestRunner.run(JUnitTestRunner.java:421)
	at org.apache.tools.ant.taskdefs.optional.junit.JUnitTestRunner.launch(JUnitTestRunner.java:912)
	at org.apache.tools.ant.taskdefs.optional.junit.JUnitTestRunner.main(JUnitTestRunner.java:766)
Caused by: com.topcoder.clients.dao.EntityNotFoundException: The entity is not found.
	at com.topcoder.clients.manager.MockClientStatusDAO.getClientsWithStatus(MockClientStatusDAO.java:229)
	at com.topcoder.clients.manager.MockClientStatusDAO.getClientsWithStatus(MockClientStatusDAO.java:27)
	at com.topcoder.clients.manager.dao.DAOClientManager.getClientsForStatus(DAOClientManager.java:753)
	... 20 more
Caused by: java.lang.IllegalArgumentException: IAE
	... 23 more
[Entering method <com.topcoder.clients.manager.dao.DAOClientManager.getClientsForStatus(ClientStatus status)>; Parameters:{ ParamName<clientStatus>; ParamValue: <[ id=0 name=DAOException description=des isDeleted=false]>  }  at 2008-08-29 23:59:02.156 ]
[Error occurred in method <com.topcoder.clients.manager.dao.DAOClientManager.getClientsForStatus(ClientStatus status)>, cause by :
com.topcoder.clients.manager.ClientManagerException: Fail to get clients by ClientStatus, cause by Throw for testing
	at com.topcoder.clients.manager.dao.DAOClientManager.wrapInnerException(DAOClientManager.java:305)
	at com.topcoder.clients.manager.dao.DAOClientManager.getClientsForStatus(DAOClientManager.java:761)
	at com.topcoder.clients.manager.failuretests.TestDAOClientManagerFailure.testGetClientsForStatusFailure8(TestDAOClientManagerFailure.java:1886)
	at sun.reflect.NativeMethodAccessorImpl.invoke0(Native Method)
	at sun.reflect.NativeMethodAccessorImpl.invoke(NativeMethodAccessorImpl.java:39)
	at sun.reflect.DelegatingMethodAccessorImpl.invoke(DelegatingMethodAccessorImpl.java:25)
	at java.lang.reflect.Method.invoke(Method.java:585)
	at junit.framework.TestCase.runTest(TestCase.java:154)
	at junit.framework.TestCase.runBare(TestCase.java:127)
	at junit.framework.TestResult$1.protect(TestResult.java:106)
	at junit.framework.TestResult.runProtected(TestResult.java:124)
	at junit.framework.TestResult.run(TestResult.java:109)
	at junit.framework.TestCase.run(TestCase.java:118)
	at junit.framework.TestSuite.runTest(TestSuite.java:208)
	at junit.framework.TestSuite.run(TestSuite.java:203)
	at junit.framework.TestSuite.runTest(TestSuite.java:208)
	at junit.framework.TestSuite.run(TestSuite.java:203)
	at junit.framework.TestSuite.runTest(TestSuite.java:208)
	at junit.framework.TestSuite.run(TestSuite.java:203)
	at org.apache.tools.ant.taskdefs.optional.junit.JUnitTestRunner.run(JUnitTestRunner.java:421)
	at org.apache.tools.ant.taskdefs.optional.junit.JUnitTestRunner.launch(JUnitTestRunner.java:912)
	at org.apache.tools.ant.taskdefs.optional.junit.JUnitTestRunner.main(JUnitTestRunner.java:766)
Caused by: com.topcoder.clients.dao.DAOException: Throw for testing
	at com.topcoder.clients.manager.MockClientStatusDAO.getClientsWithStatus(MockClientStatusDAO.java:233)
	at com.topcoder.clients.manager.MockClientStatusDAO.getClientsWithStatus(MockClientStatusDAO.java:27)
	at com.topcoder.clients.manager.dao.DAOClientManager.getClientsForStatus(DAOClientManager.java:753)
	... 20 more
Caused by: java.lang.NullPointerException: NPE Raised 
	... 23 more
[Entering method <com.topcoder.clients.manager.dao.DAOClientManager.getClientsForStatus(ClientStatus status)>; Parameters:{ ParamName<clientStatus>; ParamValue: <[ id=0 name=DAOConfigurationException description=des isDeleted=false]>  }  at 2008-08-29 23:59:02.156 ]
[Error occurred in method <com.topcoder.clients.manager.dao.DAOClientManager.getClientsForStatus(ClientStatus status)>, cause by :
com.topcoder.clients.manager.ClientManagerException: Fail to get clients by ClientStatus, cause by Throw for testing
	at com.topcoder.clients.manager.dao.DAOClientManager.wrapInnerException(DAOClientManager.java:305)
	at com.topcoder.clients.manager.dao.DAOClientManager.getClientsForStatus(DAOClientManager.java:764)
	at com.topcoder.clients.manager.failuretests.TestDAOClientManagerFailure.testGetClientsForStatusFailure9(TestDAOClientManagerFailure.java:1909)
	at sun.reflect.NativeMethodAccessorImpl.invoke0(Native Method)
	at sun.reflect.NativeMethodAccessorImpl.invoke(NativeMethodAccessorImpl.java:39)
	at sun.reflect.DelegatingMethodAccessorImpl.invoke(DelegatingMethodAccessorImpl.java:25)
	at java.lang.reflect.Method.invoke(Method.java:585)
	at junit.framework.TestCase.runTest(TestCase.java:154)
	at junit.framework.TestCase.runBare(TestCase.java:127)
	at junit.framework.TestResult$1.protect(TestResult.java:106)
	at junit.framework.TestResult.runProtected(TestResult.java:124)
	at junit.framework.TestResult.run(TestResult.java:109)
	at junit.framework.TestCase.run(TestCase.java:118)
	at junit.framework.TestSuite.runTest(TestSuite.java:208)
	at junit.framework.TestSuite.run(TestSuite.java:203)
	at junit.framework.TestSuite.runTest(TestSuite.java:208)
	at junit.framework.TestSuite.run(TestSuite.java:203)
	at junit.framework.TestSuite.runTest(TestSuite.java:208)
	at junit.framework.TestSuite.run(TestSuite.java:203)
	at org.apache.tools.ant.taskdefs.optional.junit.JUnitTestRunner.run(JUnitTestRunner.java:421)
	at org.apache.tools.ant.taskdefs.optional.junit.JUnitTestRunner.launch(JUnitTestRunner.java:912)
	at org.apache.tools.ant.taskdefs.optional.junit.JUnitTestRunner.main(JUnitTestRunner.java:766)
Caused by: com.topcoder.clients.dao.DAOConfigurationException: Throw for testing
	at com.topcoder.clients.manager.MockClientStatusDAO.getClientsWithStatus(MockClientStatusDAO.java:237)
	at com.topcoder.clients.manager.MockClientStatusDAO.getClientsWithStatus(MockClientStatusDAO.java:27)
	at com.topcoder.clients.manager.dao.DAOClientManager.getClientsForStatus(DAOClientManager.java:753)
	... 20 more
Caused by: java.lang.NullPointerException: NPE Raised 
	... 23 more
[Entering method <com.topcoder.clients.manager.dao.DAOClientManager.createClientStatus(ClientStatus status)>; Parameters:{ ParamName<clientStatus>; ParamValue: <null>  }  at 2008-08-29 23:59:02.171 ]
[Error occurred in method <com.topcoder.clients.manager.dao.DAOClientManager.createClientStatus(ClientStatus status)>, cause by :
java.lang.IllegalArgumentException: The parameter 'status' should not be null.
	at com.topcoder.clients.manager.dao.Helper.checkNull(Helper.java:69)
	at com.topcoder.clients.manager.dao.Helper.validateClientStatus(Helper.java:170)
	at com.topcoder.clients.manager.dao.DAOClientManager.createClientStatus(DAOClientManager.java:791)
	at com.topcoder.clients.manager.failuretests.TestDAOClientManagerFailure.testCreateClientStatusFailure1(TestDAOClientManagerFailure.java:1928)
	at sun.reflect.NativeMethodAccessorImpl.invoke0(Native Method)
	at sun.reflect.NativeMethodAccessorImpl.invoke(NativeMethodAccessorImpl.java:39)
	at sun.reflect.DelegatingMethodAccessorImpl.invoke(DelegatingMethodAccessorImpl.java:25)
	at java.lang.reflect.Method.invoke(Method.java:585)
	at junit.framework.TestCase.runTest(TestCase.java:154)
	at junit.framework.TestCase.runBare(TestCase.java:127)
	at junit.framework.TestResult$1.protect(TestResult.java:106)
	at junit.framework.TestResult.runProtected(TestResult.java:124)
	at junit.framework.TestResult.run(TestResult.java:109)
	at junit.framework.TestCase.run(TestCase.java:118)
	at junit.framework.TestSuite.runTest(TestSuite.java:208)
	at junit.framework.TestSuite.run(TestSuite.java:203)
	at junit.framework.TestSuite.runTest(TestSuite.java:208)
	at junit.framework.TestSuite.run(TestSuite.java:203)
	at junit.framework.TestSuite.runTest(TestSuite.java:208)
	at junit.framework.TestSuite.run(TestSuite.java:203)
	at org.apache.tools.ant.taskdefs.optional.junit.JUnitTestRunner.run(JUnitTestRunner.java:421)
	at org.apache.tools.ant.taskdefs.optional.junit.JUnitTestRunner.launch(JUnitTestRunner.java:912)
	at org.apache.tools.ant.taskdefs.optional.junit.JUnitTestRunner.main(JUnitTestRunner.java:766)
[Entering method <com.topcoder.clients.manager.dao.DAOClientManager.createClientStatus(ClientStatus status)>; Parameters:{ ParamName<clientStatus>; ParamValue: <[ id=0 name=null description=des isDeleted=false]>  }  at 2008-08-29 23:59:02.171 ]
[Error occurred in method <com.topcoder.clients.manager.dao.DAOClientManager.createClientStatus(ClientStatus status)>, cause by :
java.lang.IllegalArgumentException: The ClientStatus should have a non-null and non-empty name.
	at com.topcoder.clients.manager.dao.Helper.validateClientStatus(Helper.java:173)
	at com.topcoder.clients.manager.dao.DAOClientManager.createClientStatus(DAOClientManager.java:791)
	at com.topcoder.clients.manager.failuretests.TestDAOClientManagerFailure.testCreateClientStatusFailure2(TestDAOClientManagerFailure.java:1951)
	at sun.reflect.NativeMethodAccessorImpl.invoke0(Native Method)
	at sun.reflect.NativeMethodAccessorImpl.invoke(NativeMethodAccessorImpl.java:39)
	at sun.reflect.DelegatingMethodAccessorImpl.invoke(DelegatingMethodAccessorImpl.java:25)
	at java.lang.reflect.Method.invoke(Method.java:585)
	at junit.framework.TestCase.runTest(TestCase.java:154)
	at junit.framework.TestCase.runBare(TestCase.java:127)
	at junit.framework.TestResult$1.protect(TestResult.java:106)
	at junit.framework.TestResult.runProtected(TestResult.java:124)
	at junit.framework.TestResult.run(TestResult.java:109)
	at junit.framework.TestCase.run(TestCase.java:118)
	at junit.framework.TestSuite.runTest(TestSuite.java:208)
	at junit.framework.TestSuite.run(TestSuite.java:203)
	at junit.framework.TestSuite.runTest(TestSuite.java:208)
	at junit.framework.TestSuite.run(TestSuite.java:203)
	at junit.framework.TestSuite.runTest(TestSuite.java:208)
	at junit.framework.TestSuite.run(TestSuite.java:203)
	at org.apache.tools.ant.taskdefs.optional.junit.JUnitTestRunner.run(JUnitTestRunner.java:421)
	at org.apache.tools.ant.taskdefs.optional.junit.JUnitTestRunner.launch(JUnitTestRunner.java:912)
	at org.apache.tools.ant.taskdefs.optional.junit.JUnitTestRunner.main(JUnitTestRunner.java:766)
[Entering method <com.topcoder.clients.manager.dao.DAOClientManager.createClientStatus(ClientStatus status)>; Parameters:{ ParamName<clientStatus>; ParamValue: <[ id=0 name=  description=des isDeleted=false]>  }  at 2008-08-29 23:59:02.171 ]
[Error occurred in method <com.topcoder.clients.manager.dao.DAOClientManager.createClientStatus(ClientStatus status)>, cause by :
java.lang.IllegalArgumentException: The ClientStatus should have a non-null and non-empty name.
	at com.topcoder.clients.manager.dao.Helper.validateClientStatus(Helper.java:173)
	at com.topcoder.clients.manager.dao.DAOClientManager.createClientStatus(DAOClientManager.java:791)
	at com.topcoder.clients.manager.failuretests.TestDAOClientManagerFailure.testCreateClientStatusFailure3(TestDAOClientManagerFailure.java:1974)
	at sun.reflect.NativeMethodAccessorImpl.invoke0(Native Method)
	at sun.reflect.NativeMethodAccessorImpl.invoke(NativeMethodAccessorImpl.java:39)
	at sun.reflect.DelegatingMethodAccessorImpl.invoke(DelegatingMethodAccessorImpl.java:25)
	at java.lang.reflect.Method.invoke(Method.java:585)
	at junit.framework.TestCase.runTest(TestCase.java:154)
	at junit.framework.TestCase.runBare(TestCase.java:127)
	at junit.framework.TestResult$1.protect(TestResult.java:106)
	at junit.framework.TestResult.runProtected(TestResult.java:124)
	at junit.framework.TestResult.run(TestResult.java:109)
	at junit.framework.TestCase.run(TestCase.java:118)
	at junit.framework.TestSuite.runTest(TestSuite.java:208)
	at junit.framework.TestSuite.run(TestSuite.java:203)
	at junit.framework.TestSuite.runTest(TestSuite.java:208)
	at junit.framework.TestSuite.run(TestSuite.java:203)
	at junit.framework.TestSuite.runTest(TestSuite.java:208)
	at junit.framework.TestSuite.run(TestSuite.java:203)
	at org.apache.tools.ant.taskdefs.optional.junit.JUnitTestRunner.run(JUnitTestRunner.java:421)
	at org.apache.tools.ant.taskdefs.optional.junit.JUnitTestRunner.launch(JUnitTestRunner.java:912)
	at org.apache.tools.ant.taskdefs.optional.junit.JUnitTestRunner.main(JUnitTestRunner.java:766)
[Entering method <com.topcoder.clients.manager.dao.DAOClientManager.createClientStatus(ClientStatus status)>; Parameters:{ ParamName<clientStatus>; ParamValue: <[ id=0 name=name description=null isDeleted=false]>  }  at 2008-08-29 23:59:02.171 ]
[Error occurred in method <com.topcoder.clients.manager.dao.DAOClientManager.createClientStatus(ClientStatus status)>, cause by :
java.lang.IllegalArgumentException: The ClientStatus should have a non-null and non-empty description.
	at com.topcoder.clients.manager.dao.Helper.validateClientStatus(Helper.java:177)
	at com.topcoder.clients.manager.dao.DAOClientManager.createClientStatus(DAOClientManager.java:791)
	at com.topcoder.clients.manager.failuretests.TestDAOClientManagerFailure.testCreateClientStatusFailure4(TestDAOClientManagerFailure.java:1997)
	at sun.reflect.NativeMethodAccessorImpl.invoke0(Native Method)
	at sun.reflect.NativeMethodAccessorImpl.invoke(NativeMethodAccessorImpl.java:39)
	at sun.reflect.DelegatingMethodAccessorImpl.invoke(DelegatingMethodAccessorImpl.java:25)
	at java.lang.reflect.Method.invoke(Method.java:585)
	at junit.framework.TestCase.runTest(TestCase.java:154)
	at junit.framework.TestCase.runBare(TestCase.java:127)
	at junit.framework.TestResult$1.protect(TestResult.java:106)
	at junit.framework.TestResult.runProtected(TestResult.java:124)
	at junit.framework.TestResult.run(TestResult.java:109)
	at junit.framework.TestCase.run(TestCase.java:118)
	at junit.framework.TestSuite.runTest(TestSuite.java:208)
	at junit.framework.TestSuite.run(TestSuite.java:203)
	at junit.framework.TestSuite.runTest(TestSuite.java:208)
	at junit.framework.TestSuite.run(TestSuite.java:203)
	at junit.framework.TestSuite.runTest(TestSuite.java:208)
	at junit.framework.TestSuite.run(TestSuite.java:203)
	at org.apache.tools.ant.taskdefs.optional.junit.JUnitTestRunner.run(JUnitTestRunner.java:421)
	at org.apache.tools.ant.taskdefs.optional.junit.JUnitTestRunner.launch(JUnitTestRunner.java:912)
	at org.apache.tools.ant.taskdefs.optional.junit.JUnitTestRunner.main(JUnitTestRunner.java:766)
[Entering method <com.topcoder.clients.manager.dao.DAOClientManager.createClientStatus(ClientStatus status)>; Parameters:{ ParamName<clientStatus>; ParamValue: <[ id=0 name=name description=   isDeleted=false]>  }  at 2008-08-29 23:59:02.187 ]
[Error occurred in method <com.topcoder.clients.manager.dao.DAOClientManager.createClientStatus(ClientStatus status)>, cause by :
java.lang.IllegalArgumentException: The ClientStatus should have a non-null and non-empty description.
	at com.topcoder.clients.manager.dao.Helper.validateClientStatus(Helper.java:177)
	at com.topcoder.clients.manager.dao.DAOClientManager.createClientStatus(DAOClientManager.java:791)
	at com.topcoder.clients.manager.failuretests.TestDAOClientManagerFailure.testCreateClientStatusFailure5(TestDAOClientManagerFailure.java:2020)
	at sun.reflect.NativeMethodAccessorImpl.invoke0(Native Method)
	at sun.reflect.NativeMethodAccessorImpl.invoke(NativeMethodAccessorImpl.java:39)
	at sun.reflect.DelegatingMethodAccessorImpl.invoke(DelegatingMethodAccessorImpl.java:25)
	at java.lang.reflect.Method.invoke(Method.java:585)
	at junit.framework.TestCase.runTest(TestCase.java:154)
	at junit.framework.TestCase.runBare(TestCase.java:127)
	at junit.framework.TestResult$1.protect(TestResult.java:106)
	at junit.framework.TestResult.runProtected(TestResult.java:124)
	at junit.framework.TestResult.run(TestResult.java:109)
	at junit.framework.TestCase.run(TestCase.java:118)
	at junit.framework.TestSuite.runTest(TestSuite.java:208)
	at junit.framework.TestSuite.run(TestSuite.java:203)
	at junit.framework.TestSuite.runTest(TestSuite.java:208)
	at junit.framework.TestSuite.run(TestSuite.java:203)
	at junit.framework.TestSuite.runTest(TestSuite.java:208)
	at junit.framework.TestSuite.run(TestSuite.java:203)
	at org.apache.tools.ant.taskdefs.optional.junit.JUnitTestRunner.run(JUnitTestRunner.java:421)
	at org.apache.tools.ant.taskdefs.optional.junit.JUnitTestRunner.launch(JUnitTestRunner.java:912)
	at org.apache.tools.ant.taskdefs.optional.junit.JUnitTestRunner.main(JUnitTestRunner.java:766)
[Entering method <com.topcoder.clients.manager.dao.DAOClientManager.createClientStatus(ClientStatus status)>; Parameters:{ ParamName<clientStatus>; ParamValue: <[ id=0 name=name description=des isDeleted=true]>  }  at 2008-08-29 23:59:02.187 ]
[Error occurred in method <com.topcoder.clients.manager.dao.DAOClientManager.createClientStatus(ClientStatus status)>, cause by :
java.lang.IllegalArgumentException: The ClientStatus should not be deleted.
	at com.topcoder.clients.manager.dao.Helper.validateClientStatus(Helper.java:181)
	at com.topcoder.clients.manager.dao.DAOClientManager.createClientStatus(DAOClientManager.java:791)
	at com.topcoder.clients.manager.failuretests.TestDAOClientManagerFailure.testCreateClientStatusFailure6(TestDAOClientManagerFailure.java:2043)
	at sun.reflect.NativeMethodAccessorImpl.invoke0(Native Method)
	at sun.reflect.NativeMethodAccessorImpl.invoke(NativeMethodAccessorImpl.java:39)
	at sun.reflect.DelegatingMethodAccessorImpl.invoke(DelegatingMethodAccessorImpl.java:25)
	at java.lang.reflect.Method.invoke(Method.java:585)
	at junit.framework.TestCase.runTest(TestCase.java:154)
	at junit.framework.TestCase.runBare(TestCase.java:127)
	at junit.framework.TestResult$1.protect(TestResult.java:106)
	at junit.framework.TestResult.runProtected(TestResult.java:124)
	at junit.framework.TestResult.run(TestResult.java:109)
	at junit.framework.TestCase.run(TestCase.java:118)
	at junit.framework.TestSuite.runTest(TestSuite.java:208)
	at junit.framework.TestSuite.run(TestSuite.java:203)
	at junit.framework.TestSuite.runTest(TestSuite.java:208)
	at junit.framework.TestSuite.run(TestSuite.java:203)
	at junit.framework.TestSuite.runTest(TestSuite.java:208)
	at junit.framework.TestSuite.run(TestSuite.java:203)
	at org.apache.tools.ant.taskdefs.optional.junit.JUnitTestRunner.run(JUnitTestRunner.java:421)
	at org.apache.tools.ant.taskdefs.optional.junit.JUnitTestRunner.launch(JUnitTestRunner.java:912)
	at org.apache.tools.ant.taskdefs.optional.junit.JUnitTestRunner.main(JUnitTestRunner.java:766)
[Entering method <com.topcoder.clients.manager.dao.DAOClientManager.createClientStatus(ClientStatus status)>; Parameters:{ ParamName<clientStatus>; ParamValue: <[ id=0 name=DAOException description=des isDeleted=false]>  }  at 2008-08-29 23:59:02.187 ]
[Error occurred in method <com.topcoder.clients.manager.dao.DAOClientManager.createClientStatus(ClientStatus status)>, cause by :
com.topcoder.clients.manager.ClientManagerException: Fail to create ClientStatus, cause by Throw for testing
	at com.topcoder.clients.manager.dao.DAOClientManager.wrapInnerException(DAOClientManager.java:305)
	at com.topcoder.clients.manager.dao.DAOClientManager.createClientStatus(DAOClientManager.java:807)
	at com.topcoder.clients.manager.failuretests.TestDAOClientManagerFailure.testCreateClientStatusFailure7(TestDAOClientManagerFailure.java:2066)
	at sun.reflect.NativeMethodAccessorImpl.invoke0(Native Method)
	at sun.reflect.NativeMethodAccessorImpl.invoke(NativeMethodAccessorImpl.java:39)
	at sun.reflect.DelegatingMethodAccessorImpl.invoke(DelegatingMethodAccessorImpl.java:25)
	at java.lang.reflect.Method.invoke(Method.java:585)
	at junit.framework.TestCase.runTest(TestCase.java:154)
	at junit.framework.TestCase.runBare(TestCase.java:127)
	at junit.framework.TestResult$1.protect(TestResult.java:106)
	at junit.framework.TestResult.runProtected(TestResult.java:124)
	at junit.framework.TestResult.run(TestResult.java:109)
	at junit.framework.TestCase.run(TestCase.java:118)
	at junit.framework.TestSuite.runTest(TestSuite.java:208)
	at junit.framework.TestSuite.run(TestSuite.java:203)
	at junit.framework.TestSuite.runTest(TestSuite.java:208)
	at junit.framework.TestSuite.run(TestSuite.java:203)
	at junit.framework.TestSuite.runTest(TestSuite.java:208)
	at junit.framework.TestSuite.run(TestSuite.java:203)
	at org.apache.tools.ant.taskdefs.optional.junit.JUnitTestRunner.run(JUnitTestRunner.java:421)
	at org.apache.tools.ant.taskdefs.optional.junit.JUnitTestRunner.launch(JUnitTestRunner.java:912)
	at org.apache.tools.ant.taskdefs.optional.junit.JUnitTestRunner.main(JUnitTestRunner.java:766)
Caused by: com.topcoder.clients.dao.DAOException: Throw for testing
	at com.topcoder.clients.manager.MockClientStatusDAO.save(MockClientStatusDAO.java:174)
	at com.topcoder.clients.manager.dao.DAOClientManager.createClientStatus(DAOClientManager.java:796)
	... 20 more
[Entering method <com.topcoder.clients.manager.dao.DAOClientManager.createClientStatus(ClientStatus status)>; Parameters:{ ParamName<clientStatus>; ParamValue: <[ id=0 name=DAOConfigurationException description=des isDeleted=false]>  }  at 2008-08-29 23:59:02.203 ]
[Error occurred in method <com.topcoder.clients.manager.dao.DAOClientManager.createClientStatus(ClientStatus status)>, cause by :
com.topcoder.clients.manager.ClientManagerException: Fail to create ClientStatus, cause by Throw for testing
	at com.topcoder.clients.manager.dao.DAOClientManager.wrapInnerException(DAOClientManager.java:305)
	at com.topcoder.clients.manager.dao.DAOClientManager.createClientStatus(DAOClientManager.java:810)
	at com.topcoder.clients.manager.failuretests.TestDAOClientManagerFailure.testCreateClientStatusFailure8(TestDAOClientManagerFailure.java:2089)
	at sun.reflect.NativeMethodAccessorImpl.invoke0(Native Method)
	at sun.reflect.NativeMethodAccessorImpl.invoke(NativeMethodAccessorImpl.java:39)
	at sun.reflect.DelegatingMethodAccessorImpl.invoke(DelegatingMethodAccessorImpl.java:25)
	at java.lang.reflect.Method.invoke(Method.java:585)
	at junit.framework.TestCase.runTest(TestCase.java:154)
	at junit.framework.TestCase.runBare(TestCase.java:127)
	at junit.framework.TestResult$1.protect(TestResult.java:106)
	at junit.framework.TestResult.runProtected(TestResult.java:124)
	at junit.framework.TestResult.run(TestResult.java:109)
	at junit.framework.TestCase.run(TestCase.java:118)
	at junit.framework.TestSuite.runTest(TestSuite.java:208)
	at junit.framework.TestSuite.run(TestSuite.java:203)
	at junit.framework.TestSuite.runTest(TestSuite.java:208)
	at junit.framework.TestSuite.run(TestSuite.java:203)
	at junit.framework.TestSuite.runTest(TestSuite.java:208)
	at junit.framework.TestSuite.run(TestSuite.java:203)
	at org.apache.tools.ant.taskdefs.optional.junit.JUnitTestRunner.run(JUnitTestRunner.java:421)
	at org.apache.tools.ant.taskdefs.optional.junit.JUnitTestRunner.launch(JUnitTestRunner.java:912)
	at org.apache.tools.ant.taskdefs.optional.junit.JUnitTestRunner.main(JUnitTestRunner.java:766)
Caused by: com.topcoder.clients.dao.DAOConfigurationException: Throw for testing
	at com.topcoder.clients.manager.MockClientStatusDAO.save(MockClientStatusDAO.java:178)
	at com.topcoder.clients.manager.dao.DAOClientManager.createClientStatus(DAOClientManager.java:796)
	... 20 more
[Entering method <com.topcoder.clients.manager.dao.DAOClientManager.updateClientStatus(ClientStatus status)>; Parameters:{ ParamName<clientStatus>; ParamValue: <null>  }  at 2008-08-29 23:59:02.203 ]
[Error occurred in method <com.topcoder.clients.manager.dao.DAOClientManager.updateClientStatus(ClientStatus status)>, cause by :
java.lang.IllegalArgumentException: The parameter 'status' should not be null.
	at com.topcoder.clients.manager.dao.Helper.checkNull(Helper.java:69)
	at com.topcoder.clients.manager.dao.Helper.validateClientStatus(Helper.java:170)
	at com.topcoder.clients.manager.dao.DAOClientManager.updateClientStatus(DAOClientManager.java:838)
	at com.topcoder.clients.manager.failuretests.TestDAOClientManagerFailure.testUpdateClientStatusFailure1(TestDAOClientManagerFailure.java:2129)
	at sun.reflect.NativeMethodAccessorImpl.invoke0(Native Method)
	at sun.reflect.NativeMethodAccessorImpl.invoke(NativeMethodAccessorImpl.java:39)
	at sun.reflect.DelegatingMethodAccessorImpl.invoke(DelegatingMethodAccessorImpl.java:25)
	at java.lang.reflect.Method.invoke(Method.java:585)
	at junit.framework.TestCase.runTest(TestCase.java:154)
	at junit.framework.TestCase.runBare(TestCase.java:127)
	at junit.framework.TestResult$1.protect(TestResult.java:106)
	at junit.framework.TestResult.runProtected(TestResult.java:124)
	at junit.framework.TestResult.run(TestResult.java:109)
	at junit.framework.TestCase.run(TestCase.java:118)
	at junit.framework.TestSuite.runTest(TestSuite.java:208)
	at junit.framework.TestSuite.run(TestSuite.java:203)
	at junit.framework.TestSuite.runTest(TestSuite.java:208)
	at junit.framework.TestSuite.run(TestSuite.java:203)
	at junit.framework.TestSuite.runTest(TestSuite.java:208)
	at junit.framework.TestSuite.run(TestSuite.java:203)
	at org.apache.tools.ant.taskdefs.optional.junit.JUnitTestRunner.run(JUnitTestRunner.java:421)
	at org.apache.tools.ant.taskdefs.optional.junit.JUnitTestRunner.launch(JUnitTestRunner.java:912)
	at org.apache.tools.ant.taskdefs.optional.junit.JUnitTestRunner.main(JUnitTestRunner.java:766)
[Entering method <com.topcoder.clients.manager.dao.DAOClientManager.updateClientStatus(ClientStatus status)>; Parameters:{ ParamName<clientStatus>; ParamValue: <[ id=0 name=null description=des isDeleted=false]>  }  at 2008-08-29 23:59:02.203 ]
[Error occurred in method <com.topcoder.clients.manager.dao.DAOClientManager.updateClientStatus(ClientStatus status)>, cause by :
java.lang.IllegalArgumentException: The ClientStatus should have a non-null and non-empty name.
	at com.topcoder.clients.manager.dao.Helper.validateClientStatus(Helper.java:173)
	at com.topcoder.clients.manager.dao.DAOClientManager.updateClientStatus(DAOClientManager.java:838)
	at com.topcoder.clients.manager.failuretests.TestDAOClientManagerFailure.testUpdateClientStatusFailure2(TestDAOClientManagerFailure.java:2152)
	at sun.reflect.NativeMethodAccessorImpl.invoke0(Native Method)
	at sun.reflect.NativeMethodAccessorImpl.invoke(NativeMethodAccessorImpl.java:39)
	at sun.reflect.DelegatingMethodAccessorImpl.invoke(DelegatingMethodAccessorImpl.java:25)
	at java.lang.reflect.Method.invoke(Method.java:585)
	at junit.framework.TestCase.runTest(TestCase.java:154)
	at junit.framework.TestCase.runBare(TestCase.java:127)
	at junit.framework.TestResult$1.protect(TestResult.java:106)
	at junit.framework.TestResult.runProtected(TestResult.java:124)
	at junit.framework.TestResult.run(TestResult.java:109)
	at junit.framework.TestCase.run(TestCase.java:118)
	at junit.framework.TestSuite.runTest(TestSuite.java:208)
	at junit.framework.TestSuite.run(TestSuite.java:203)
	at junit.framework.TestSuite.runTest(TestSuite.java:208)
	at junit.framework.TestSuite.run(TestSuite.java:203)
	at junit.framework.TestSuite.runTest(TestSuite.java:208)
	at junit.framework.TestSuite.run(TestSuite.java:203)
	at org.apache.tools.ant.taskdefs.optional.junit.JUnitTestRunner.run(JUnitTestRunner.java:421)
	at org.apache.tools.ant.taskdefs.optional.junit.JUnitTestRunner.launch(JUnitTestRunner.java:912)
	at org.apache.tools.ant.taskdefs.optional.junit.JUnitTestRunner.main(JUnitTestRunner.java:766)
[Entering method <com.topcoder.clients.manager.dao.DAOClientManager.updateClientStatus(ClientStatus status)>; Parameters:{ ParamName<clientStatus>; ParamValue: <[ id=0 name=   description=des isDeleted=false]>  }  at 2008-08-29 23:59:02.203 ]
[Error occurred in method <com.topcoder.clients.manager.dao.DAOClientManager.updateClientStatus(ClientStatus status)>, cause by :
java.lang.IllegalArgumentException: The ClientStatus should have a non-null and non-empty name.
	at com.topcoder.clients.manager.dao.Helper.validateClientStatus(Helper.java:173)
	at com.topcoder.clients.manager.dao.DAOClientManager.updateClientStatus(DAOClientManager.java:838)
	at com.topcoder.clients.manager.failuretests.TestDAOClientManagerFailure.testUpdateClientStatusFailure3(TestDAOClientManagerFailure.java:2175)
	at sun.reflect.NativeMethodAccessorImpl.invoke0(Native Method)
	at sun.reflect.NativeMethodAccessorImpl.invoke(NativeMethodAccessorImpl.java:39)
	at sun.reflect.DelegatingMethodAccessorImpl.invoke(DelegatingMethodAccessorImpl.java:25)
	at java.lang.reflect.Method.invoke(Method.java:585)
	at junit.framework.TestCase.runTest(TestCase.java:154)
	at junit.framework.TestCase.runBare(TestCase.java:127)
	at junit.framework.TestResult$1.protect(TestResult.java:106)
	at junit.framework.TestResult.runProtected(TestResult.java:124)
	at junit.framework.TestResult.run(TestResult.java:109)
	at junit.framework.TestCase.run(TestCase.java:118)
	at junit.framework.TestSuite.runTest(TestSuite.java:208)
	at junit.framework.TestSuite.run(TestSuite.java:203)
	at junit.framework.TestSuite.runTest(TestSuite.java:208)
	at junit.framework.TestSuite.run(TestSuite.java:203)
	at junit.framework.TestSuite.runTest(TestSuite.java:208)
	at junit.framework.TestSuite.run(TestSuite.java:203)
	at org.apache.tools.ant.taskdefs.optional.junit.JUnitTestRunner.run(JUnitTestRunner.java:421)
	at org.apache.tools.ant.taskdefs.optional.junit.JUnitTestRunner.launch(JUnitTestRunner.java:912)
	at org.apache.tools.ant.taskdefs.optional.junit.JUnitTestRunner.main(JUnitTestRunner.java:766)
[Entering method <com.topcoder.clients.manager.dao.DAOClientManager.updateClientStatus(ClientStatus status)>; Parameters:{ ParamName<clientStatus>; ParamValue: <[ id=0 name=name description=null isDeleted=false]>  }  at 2008-08-29 23:59:02.218 ]
[Error occurred in method <com.topcoder.clients.manager.dao.DAOClientManager.updateClientStatus(ClientStatus status)>, cause by :
java.lang.IllegalArgumentException: The ClientStatus should have a non-null and non-empty description.
	at com.topcoder.clients.manager.dao.Helper.validateClientStatus(Helper.java:177)
	at com.topcoder.clients.manager.dao.DAOClientManager.updateClientStatus(DAOClientManager.java:838)
	at com.topcoder.clients.manager.failuretests.TestDAOClientManagerFailure.testUpdateClientStatusFailure4(TestDAOClientManagerFailure.java:2198)
	at sun.reflect.NativeMethodAccessorImpl.invoke0(Native Method)
	at sun.reflect.NativeMethodAccessorImpl.invoke(NativeMethodAccessorImpl.java:39)
	at sun.reflect.DelegatingMethodAccessorImpl.invoke(DelegatingMethodAccessorImpl.java:25)
	at java.lang.reflect.Method.invoke(Method.java:585)
	at junit.framework.TestCase.runTest(TestCase.java:154)
	at junit.framework.TestCase.runBare(TestCase.java:127)
	at junit.framework.TestResult$1.protect(TestResult.java:106)
	at junit.framework.TestResult.runProtected(TestResult.java:124)
	at junit.framework.TestResult.run(TestResult.java:109)
	at junit.framework.TestCase.run(TestCase.java:118)
	at junit.framework.TestSuite.runTest(TestSuite.java:208)
	at junit.framework.TestSuite.run(TestSuite.java:203)
	at junit.framework.TestSuite.runTest(TestSuite.java:208)
	at junit.framework.TestSuite.run(TestSuite.java:203)
	at junit.framework.TestSuite.runTest(TestSuite.java:208)
	at junit.framework.TestSuite.run(TestSuite.java:203)
	at org.apache.tools.ant.taskdefs.optional.junit.JUnitTestRunner.run(JUnitTestRunner.java:421)
	at org.apache.tools.ant.taskdefs.optional.junit.JUnitTestRunner.launch(JUnitTestRunner.java:912)
	at org.apache.tools.ant.taskdefs.optional.junit.JUnitTestRunner.main(JUnitTestRunner.java:766)
[Entering method <com.topcoder.clients.manager.dao.DAOClientManager.updateClientStatus(ClientStatus status)>; Parameters:{ ParamName<clientStatus>; ParamValue: <[ id=0 name=name description=    isDeleted=false]>  }  at 2008-08-29 23:59:02.218 ]
[Error occurred in method <com.topcoder.clients.manager.dao.DAOClientManager.updateClientStatus(ClientStatus status)>, cause by :
java.lang.IllegalArgumentException: The ClientStatus should have a non-null and non-empty description.
	at com.topcoder.clients.manager.dao.Helper.validateClientStatus(Helper.java:177)
	at com.topcoder.clients.manager.dao.DAOClientManager.updateClientStatus(DAOClientManager.java:838)
	at com.topcoder.clients.manager.failuretests.TestDAOClientManagerFailure.testUpdateClientStatusFailure5(TestDAOClientManagerFailure.java:2221)
	at sun.reflect.NativeMethodAccessorImpl.invoke0(Native Method)
	at sun.reflect.NativeMethodAccessorImpl.invoke(NativeMethodAccessorImpl.java:39)
	at sun.reflect.DelegatingMethodAccessorImpl.invoke(DelegatingMethodAccessorImpl.java:25)
	at java.lang.reflect.Method.invoke(Method.java:585)
	at junit.framework.TestCase.runTest(TestCase.java:154)
	at junit.framework.TestCase.runBare(TestCase.java:127)
	at junit.framework.TestResult$1.protect(TestResult.java:106)
	at junit.framework.TestResult.runProtected(TestResult.java:124)
	at junit.framework.TestResult.run(TestResult.java:109)
	at junit.framework.TestCase.run(TestCase.java:118)
	at junit.framework.TestSuite.runTest(TestSuite.java:208)
	at junit.framework.TestSuite.run(TestSuite.java:203)
	at junit.framework.TestSuite.runTest(TestSuite.java:208)
	at junit.framework.TestSuite.run(TestSuite.java:203)
	at junit.framework.TestSuite.runTest(TestSuite.java:208)
	at junit.framework.TestSuite.run(TestSuite.java:203)
	at org.apache.tools.ant.taskdefs.optional.junit.JUnitTestRunner.run(JUnitTestRunner.java:421)
	at org.apache.tools.ant.taskdefs.optional.junit.JUnitTestRunner.launch(JUnitTestRunner.java:912)
	at org.apache.tools.ant.taskdefs.optional.junit.JUnitTestRunner.main(JUnitTestRunner.java:766)
[Entering method <com.topcoder.clients.manager.dao.DAOClientManager.updateClientStatus(ClientStatus status)>; Parameters:{ ParamName<clientStatus>; ParamValue: <[ id=0 name=name description=d isDeleted=true]>  }  at 2008-08-29 23:59:02.250 ]
[Error occurred in method <com.topcoder.clients.manager.dao.DAOClientManager.updateClientStatus(ClientStatus status)>, cause by :
java.lang.IllegalArgumentException: The ClientStatus should not be deleted.
	at com.topcoder.clients.manager.dao.Helper.validateClientStatus(Helper.java:181)
	at com.topcoder.clients.manager.dao.DAOClientManager.updateClientStatus(DAOClientManager.java:838)
	at com.topcoder.clients.manager.failuretests.TestDAOClientManagerFailure.testUpdateClientStatusFailure6(TestDAOClientManagerFailure.java:2244)
	at sun.reflect.NativeMethodAccessorImpl.invoke0(Native Method)
	at sun.reflect.NativeMethodAccessorImpl.invoke(NativeMethodAccessorImpl.java:39)
	at sun.reflect.DelegatingMethodAccessorImpl.invoke(DelegatingMethodAccessorImpl.java:25)
	at java.lang.reflect.Method.invoke(Method.java:585)
	at junit.framework.TestCase.runTest(TestCase.java:154)
	at junit.framework.TestCase.runBare(TestCase.java:127)
	at junit.framework.TestResult$1.protect(TestResult.java:106)
	at junit.framework.TestResult.runProtected(TestResult.java:124)
	at junit.framework.TestResult.run(TestResult.java:109)
	at junit.framework.TestCase.run(TestCase.java:118)
	at junit.framework.TestSuite.runTest(TestSuite.java:208)
	at junit.framework.TestSuite.run(TestSuite.java:203)
	at junit.framework.TestSuite.runTest(TestSuite.java:208)
	at junit.framework.TestSuite.run(TestSuite.java:203)
	at junit.framework.TestSuite.runTest(TestSuite.java:208)
	at junit.framework.TestSuite.run(TestSuite.java:203)
	at org.apache.tools.ant.taskdefs.optional.junit.JUnitTestRunner.run(JUnitTestRunner.java:421)
	at org.apache.tools.ant.taskdefs.optional.junit.JUnitTestRunner.launch(JUnitTestRunner.java:912)
	at org.apache.tools.ant.taskdefs.optional.junit.JUnitTestRunner.main(JUnitTestRunner.java:766)
[Entering method <com.topcoder.clients.manager.dao.DAOClientManager.updateClientStatus(ClientStatus status)>; Parameters:{ ParamName<clientStatus>; ParamValue: <[ id=-1 name=name description=d isDeleted=false]>  }  at 2008-08-29 23:59:02.265 ]
[Error occurred in method <com.topcoder.clients.manager.dao.DAOClientManager.updateClientStatus(ClientStatus status)>, cause by :
com.topcoder.clients.manager.ClientEntityNotFoundException: The id should not <= 0, refer to detail:The parameter id should not < 0
	at com.topcoder.clients.manager.dao.DAOClientManager.checkClientStatusExisted(DAOClientManager.java:895)
	at com.topcoder.clients.manager.dao.DAOClientManager.updateClientStatus(DAOClientManager.java:846)
	at com.topcoder.clients.manager.failuretests.TestDAOClientManagerFailure.testUpdateClientStatusFailure7(TestDAOClientManagerFailure.java:2268)
	at sun.reflect.NativeMethodAccessorImpl.invoke0(Native Method)
	at sun.reflect.NativeMethodAccessorImpl.invoke(NativeMethodAccessorImpl.java:39)
	at sun.reflect.DelegatingMethodAccessorImpl.invoke(DelegatingMethodAccessorImpl.java:25)
	at java.lang.reflect.Method.invoke(Method.java:585)
	at junit.framework.TestCase.runTest(TestCase.java:154)
	at junit.framework.TestCase.runBare(TestCase.java:127)
	at junit.framework.TestResult$1.protect(TestResult.java:106)
	at junit.framework.TestResult.runProtected(TestResult.java:124)
	at junit.framework.TestResult.run(TestResult.java:109)
	at junit.framework.TestCase.run(TestCase.java:118)
	at junit.framework.TestSuite.runTest(TestSuite.java:208)
	at junit.framework.TestSuite.run(TestSuite.java:203)
	at junit.framework.TestSuite.runTest(TestSuite.java:208)
	at junit.framework.TestSuite.run(TestSuite.java:203)
	at junit.framework.TestSuite.runTest(TestSuite.java:208)
	at junit.framework.TestSuite.run(TestSuite.java:203)
	at org.apache.tools.ant.taskdefs.optional.junit.JUnitTestRunner.run(JUnitTestRunner.java:421)
	at org.apache.tools.ant.taskdefs.optional.junit.JUnitTestRunner.launch(JUnitTestRunner.java:912)
	at org.apache.tools.ant.taskdefs.optional.junit.JUnitTestRunner.main(JUnitTestRunner.java:766)
Caused by: java.lang.IllegalArgumentException: The parameter id should not < 0
	at com.topcoder.clients.manager.MockClientStatusDAO.retrieveById(MockClientStatusDAO.java:60)
	at com.topcoder.clients.manager.dao.DAOClientManager.checkClientStatusExisted(DAOClientManager.java:884)
	... 21 more
[Entering method <com.topcoder.clients.manager.dao.DAOClientManager.updateClientStatus(ClientStatus status)>; Parameters:{ ParamName<clientStatus>; ParamValue: <[ id=1 name=DAOException description=d isDeleted=false]>  }  at 2008-08-29 23:59:02.265 ]
[Error occurred in method <com.topcoder.clients.manager.dao.DAOClientManager.updateClientStatus(ClientStatus status)>, cause by :
com.topcoder.clients.manager.ClientManagerException: Fail to update the ClientStatus, cause by Throw for testing
	at com.topcoder.clients.manager.dao.DAOClientManager.wrapInnerException(DAOClientManager.java:305)
	at com.topcoder.clients.manager.dao.DAOClientManager.updateClientStatus(DAOClientManager.java:858)
	at com.topcoder.clients.manager.failuretests.TestDAOClientManagerFailure.testUpdateClientStatusFailure8(TestDAOClientManagerFailure.java:2292)
	at sun.reflect.NativeMethodAccessorImpl.invoke0(Native Method)
	at sun.reflect.NativeMethodAccessorImpl.invoke(NativeMethodAccessorImpl.java:39)
	at sun.reflect.DelegatingMethodAccessorImpl.invoke(DelegatingMethodAccessorImpl.java:25)
	at java.lang.reflect.Method.invoke(Method.java:585)
	at junit.framework.TestCase.runTest(TestCase.java:154)
	at junit.framework.TestCase.runBare(TestCase.java:127)
	at junit.framework.TestResult$1.protect(TestResult.java:106)
	at junit.framework.TestResult.runProtected(TestResult.java:124)
	at junit.framework.TestResult.run(TestResult.java:109)
	at junit.framework.TestCase.run(TestCase.java:118)
	at junit.framework.TestSuite.runTest(TestSuite.java:208)
	at junit.framework.TestSuite.run(TestSuite.java:203)
	at junit.framework.TestSuite.runTest(TestSuite.java:208)
	at junit.framework.TestSuite.run(TestSuite.java:203)
	at junit.framework.TestSuite.runTest(TestSuite.java:208)
	at junit.framework.TestSuite.run(TestSuite.java:203)
	at org.apache.tools.ant.taskdefs.optional.junit.JUnitTestRunner.run(JUnitTestRunner.java:421)
	at org.apache.tools.ant.taskdefs.optional.junit.JUnitTestRunner.launch(JUnitTestRunner.java:912)
	at org.apache.tools.ant.taskdefs.optional.junit.JUnitTestRunner.main(JUnitTestRunner.java:766)
Caused by: com.topcoder.clients.dao.DAOException: Throw for testing
	at com.topcoder.clients.manager.MockClientStatusDAO.save(MockClientStatusDAO.java:174)
	at com.topcoder.clients.manager.dao.DAOClientManager.updateClientStatus(DAOClientManager.java:849)
	... 20 more
[Entering method <com.topcoder.clients.manager.dao.DAOClientManager.updateClientStatus(ClientStatus status)>; Parameters:{ ParamName<clientStatus>; ParamValue: <[ id=1 name=DAOConfigurationException description=d isDeleted=false]>  }  at 2008-08-29 23:59:02.265 ]
[Error occurred in method <com.topcoder.clients.manager.dao.DAOClientManager.updateClientStatus(ClientStatus status)>, cause by :
com.topcoder.clients.manager.ClientManagerException: Fail to update the ClientStatus, cause by Throw for testing
	at com.topcoder.clients.manager.dao.DAOClientManager.wrapInnerException(DAOClientManager.java:305)
	at com.topcoder.clients.manager.dao.DAOClientManager.updateClientStatus(DAOClientManager.java:855)
	at com.topcoder.clients.manager.failuretests.TestDAOClientManagerFailure.testUpdateClientStatusFailure9(TestDAOClientManagerFailure.java:2316)
	at sun.reflect.NativeMethodAccessorImpl.invoke0(Native Method)
	at sun.reflect.NativeMethodAccessorImpl.invoke(NativeMethodAccessorImpl.java:39)
	at sun.reflect.DelegatingMethodAccessorImpl.invoke(DelegatingMethodAccessorImpl.java:25)
	at java.lang.reflect.Method.invoke(Method.java:585)
	at junit.framework.TestCase.runTest(TestCase.java:154)
	at junit.framework.TestCase.runBare(TestCase.java:127)
	at junit.framework.TestResult$1.protect(TestResult.java:106)
	at junit.framework.TestResult.runProtected(TestResult.java:124)
	at junit.framework.TestResult.run(TestResult.java:109)
	at junit.framework.TestCase.run(TestCase.java:118)
	at junit.framework.TestSuite.runTest(TestSuite.java:208)
	at junit.framework.TestSuite.run(TestSuite.java:203)
	at junit.framework.TestSuite.runTest(TestSuite.java:208)
	at junit.framework.TestSuite.run(TestSuite.java:203)
	at junit.framework.TestSuite.runTest(TestSuite.java:208)
	at junit.framework.TestSuite.run(TestSuite.java:203)
	at org.apache.tools.ant.taskdefs.optional.junit.JUnitTestRunner.run(JUnitTestRunner.java:421)
	at org.apache.tools.ant.taskdefs.optional.junit.JUnitTestRunner.launch(JUnitTestRunner.java:912)
	at org.apache.tools.ant.taskdefs.optional.junit.JUnitTestRunner.main(JUnitTestRunner.java:766)
Caused by: com.topcoder.clients.dao.DAOConfigurationException: Throw for testing
	at com.topcoder.clients.manager.MockClientStatusDAO.save(MockClientStatusDAO.java:178)
	at com.topcoder.clients.manager.dao.DAOClientManager.updateClientStatus(DAOClientManager.java:849)
	... 20 more
[Entering method <com.topcoder.clients.manager.dao.DAOClientManager.deleteClientStatus(ClientStatus status)>; Parameters:{ ParamName<status>; ParamValue: <null>  }  at 2008-08-29 23:59:02.281 ]
[Error occurred in method <com.topcoder.clients.manager.dao.DAOClientManager.deleteClientStatus(ClientStatus status)>, cause by :
java.lang.IllegalArgumentException: The parameter 'status' should not be null.
	at com.topcoder.clients.manager.dao.Helper.checkNull(Helper.java:69)
	at com.topcoder.clients.manager.dao.DAOClientManager.deleteClientStatus(DAOClientManager.java:948)
	at com.topcoder.clients.manager.failuretests.TestDAOClientManagerFailure.testDeleteClientStatusFailure1(TestDAOClientManagerFailure.java:2335)
	at sun.reflect.NativeMethodAccessorImpl.invoke0(Native Method)
	at sun.reflect.NativeMethodAccessorImpl.invoke(NativeMethodAccessorImpl.java:39)
	at sun.reflect.DelegatingMethodAccessorImpl.invoke(DelegatingMethodAccessorImpl.java:25)
	at java.lang.reflect.Method.invoke(Method.java:585)
	at junit.framework.TestCase.runTest(TestCase.java:154)
	at junit.framework.TestCase.runBare(TestCase.java:127)
	at junit.framework.TestResult$1.protect(TestResult.java:106)
	at junit.framework.TestResult.runProtected(TestResult.java:124)
	at junit.framework.TestResult.run(TestResult.java:109)
	at junit.framework.TestCase.run(TestCase.java:118)
	at junit.framework.TestSuite.runTest(TestSuite.java:208)
	at junit.framework.TestSuite.run(TestSuite.java:203)
	at junit.framework.TestSuite.runTest(TestSuite.java:208)
	at junit.framework.TestSuite.run(TestSuite.java:203)
	at junit.framework.TestSuite.runTest(TestSuite.java:208)
	at junit.framework.TestSuite.run(TestSuite.java:203)
	at org.apache.tools.ant.taskdefs.optional.junit.JUnitTestRunner.run(JUnitTestRunner.java:421)
	at org.apache.tools.ant.taskdefs.optional.junit.JUnitTestRunner.launch(JUnitTestRunner.java:912)
	at org.apache.tools.ant.taskdefs.optional.junit.JUnitTestRunner.main(JUnitTestRunner.java:766)
[Entering method <com.topcoder.clients.manager.dao.DAOClientManager.deleteClientStatus(ClientStatus status)>; Parameters:{ ParamName<status>; ParamValue: <[ id=1 name=Dok description=d isDeleted=true]>  }  at 2008-08-29 23:59:02.281 ]
[Error occurred in method <com.topcoder.clients.manager.dao.DAOClientManager.deleteClientStatus(ClientStatus status)>, cause by :
java.lang.IllegalArgumentException: The isDelete of ClientStatus should not be true.
	at com.topcoder.clients.manager.dao.DAOClientManager.deleteClientStatus(DAOClientManager.java:950)
	at com.topcoder.clients.manager.failuretests.TestDAOClientManagerFailure.testDeleteClientStatusFailure2(TestDAOClientManagerFailure.java:2360)
	at sun.reflect.NativeMethodAccessorImpl.invoke0(Native Method)
	at sun.reflect.NativeMethodAccessorImpl.invoke(NativeMethodAccessorImpl.java:39)
	at sun.reflect.DelegatingMethodAccessorImpl.invoke(DelegatingMethodAccessorImpl.java:25)
	at java.lang.reflect.Method.invoke(Method.java:585)
	at junit.framework.TestCase.runTest(TestCase.java:154)
	at junit.framework.TestCase.runBare(TestCase.java:127)
	at junit.framework.TestResult$1.protect(TestResult.java:106)
	at junit.framework.TestResult.runProtected(TestResult.java:124)
	at junit.framework.TestResult.run(TestResult.java:109)
	at junit.framework.TestCase.run(TestCase.java:118)
	at junit.framework.TestSuite.runTest(TestSuite.java:208)
	at junit.framework.TestSuite.run(TestSuite.java:203)
	at junit.framework.TestSuite.runTest(TestSuite.java:208)
	at junit.framework.TestSuite.run(TestSuite.java:203)
	at junit.framework.TestSuite.runTest(TestSuite.java:208)
	at junit.framework.TestSuite.run(TestSuite.java:203)
	at org.apache.tools.ant.taskdefs.optional.junit.JUnitTestRunner.run(JUnitTestRunner.java:421)
	at org.apache.tools.ant.taskdefs.optional.junit.JUnitTestRunner.launch(JUnitTestRunner.java:912)
	at org.apache.tools.ant.taskdefs.optional.junit.JUnitTestRunner.main(JUnitTestRunner.java:766)
[Entering method <com.topcoder.clients.manager.dao.DAOClientManager.deleteClientStatus(ClientStatus status)>; Parameters:{ ParamName<status>; ParamValue: <[ id=1 name=EntityNotFoundException description=d isDeleted=false]>  }  at 2008-08-29 23:59:02.281 ]
[Error occurred in method <com.topcoder.clients.manager.dao.DAOClientManager.deleteClientStatus(ClientStatus status)>, cause by :
com.topcoder.clients.manager.ClientEntityNotFoundException: The ClientStatus entity to delete does not exist in persistence
	at com.topcoder.clients.manager.dao.DAOClientManager.wrapEntityNotFoundException(DAOClientManager.java:920)
	at com.topcoder.clients.manager.dao.DAOClientManager.deleteClientStatus(DAOClientManager.java:969)
	at com.topcoder.clients.manager.failuretests.TestDAOClientManagerFailure.testDeleteClientStatusFailure3(TestDAOClientManagerFailure.java:2385)
	at sun.reflect.NativeMethodAccessorImpl.invoke0(Native Method)
	at sun.reflect.NativeMethodAccessorImpl.invoke(NativeMethodAccessorImpl.java:39)
	at sun.reflect.DelegatingMethodAccessorImpl.invoke(DelegatingMethodAccessorImpl.java:25)
	at java.lang.reflect.Method.invoke(Method.java:585)
	at junit.framework.TestCase.runTest(TestCase.java:154)
	at junit.framework.TestCase.runBare(TestCase.java:127)
	at junit.framework.TestResult$1.protect(TestResult.java:106)
	at junit.framework.TestResult.runProtected(TestResult.java:124)
	at junit.framework.TestResult.run(TestResult.java:109)
	at junit.framework.TestCase.run(TestCase.java:118)
	at junit.framework.TestSuite.runTest(TestSuite.java:208)
	at junit.framework.TestSuite.run(TestSuite.java:203)
	at junit.framework.TestSuite.runTest(TestSuite.java:208)
	at junit.framework.TestSuite.run(TestSuite.java:203)
	at junit.framework.TestSuite.runTest(TestSuite.java:208)
	at junit.framework.TestSuite.run(TestSuite.java:203)
	at org.apache.tools.ant.taskdefs.optional.junit.JUnitTestRunner.run(JUnitTestRunner.java:421)
	at org.apache.tools.ant.taskdefs.optional.junit.JUnitTestRunner.launch(JUnitTestRunner.java:912)
	at org.apache.tools.ant.taskdefs.optional.junit.JUnitTestRunner.main(JUnitTestRunner.java:766)
Caused by: com.topcoder.clients.dao.EntityNotFoundException: Throw for testing
	at com.topcoder.clients.manager.MockClientStatusDAO.delete(MockClientStatusDAO.java:202)
	at com.topcoder.clients.manager.dao.DAOClientManager.deleteClientStatus(DAOClientManager.java:954)
	... 20 more
[Entering method <com.topcoder.clients.manager.dao.DAOClientManager.deleteClientStatus(ClientStatus status)>; Parameters:{ ParamName<status>; ParamValue: <[ id=1 name=DAOException description=d isDeleted=false]>  }  at 2008-08-29 23:59:02.281 ]
[Error occurred in method <com.topcoder.clients.manager.dao.DAOClientManager.deleteClientStatus(ClientStatus status)>, cause by :
com.topcoder.clients.manager.ClientManagerException: Fail to delete the ClientStatus, cause by Throw for testing
	at com.topcoder.clients.manager.dao.DAOClientManager.wrapInnerException(DAOClientManager.java:305)
	at com.topcoder.clients.manager.dao.DAOClientManager.deleteClientStatus(DAOClientManager.java:972)
	at com.topcoder.clients.manager.failuretests.TestDAOClientManagerFailure.testDeleteClientStatusFailure4(TestDAOClientManagerFailure.java:2411)
	at sun.reflect.NativeMethodAccessorImpl.invoke0(Native Method)
	at sun.reflect.NativeMethodAccessorImpl.invoke(NativeMethodAccessorImpl.java:39)
	at sun.reflect.DelegatingMethodAccessorImpl.invoke(DelegatingMethodAccessorImpl.java:25)
	at java.lang.reflect.Method.invoke(Method.java:585)
	at junit.framework.TestCase.runTest(TestCase.java:154)
	at junit.framework.TestCase.runBare(TestCase.java:127)
	at junit.framework.TestResult$1.protect(TestResult.java:106)
	at junit.framework.TestResult.runProtected(TestResult.java:124)
	at junit.framework.TestResult.run(TestResult.java:109)
	at junit.framework.TestCase.run(TestCase.java:118)
	at junit.framework.TestSuite.runTest(TestSuite.java:208)
	at junit.framework.TestSuite.run(TestSuite.java:203)
	at junit.framework.TestSuite.runTest(TestSuite.java:208)
	at junit.framework.TestSuite.run(TestSuite.java:203)
	at junit.framework.TestSuite.runTest(TestSuite.java:208)
	at junit.framework.TestSuite.run(TestSuite.java:203)
	at org.apache.tools.ant.taskdefs.optional.junit.JUnitTestRunner.run(JUnitTestRunner.java:421)
	at org.apache.tools.ant.taskdefs.optional.junit.JUnitTestRunner.launch(JUnitTestRunner.java:912)
	at org.apache.tools.ant.taskdefs.optional.junit.JUnitTestRunner.main(JUnitTestRunner.java:766)
Caused by: com.topcoder.clients.dao.DAOException: Throw for testing
	at com.topcoder.clients.manager.MockClientStatusDAO.delete(MockClientStatusDAO.java:206)
	at com.topcoder.clients.manager.dao.DAOClientManager.deleteClientStatus(DAOClientManager.java:954)
	... 20 more
[Entering method <com.topcoder.clients.manager.dao.DAOClientManager.deleteClientStatus(ClientStatus status)>; Parameters:{ ParamName<status>; ParamValue: <[ id=1 name=DAOConfigurationException description=d isDeleted=false]>  }  at 2008-08-29 23:59:02.296 ]
[Error occurred in method <com.topcoder.clients.manager.dao.DAOClientManager.deleteClientStatus(ClientStatus status)>, cause by :
com.topcoder.clients.manager.ClientManagerException: Fail to delete the ClientStatus, cause by Throw for testing
	at com.topcoder.clients.manager.dao.DAOClientManager.wrapInnerException(DAOClientManager.java:305)
	at com.topcoder.clients.manager.dao.DAOClientManager.deleteClientStatus(DAOClientManager.java:966)
	at com.topcoder.clients.manager.failuretests.TestDAOClientManagerFailure.testDeleteClientStatusFailure5(TestDAOClientManagerFailure.java:2437)
	at sun.reflect.NativeMethodAccessorImpl.invoke0(Native Method)
	at sun.reflect.NativeMethodAccessorImpl.invoke(NativeMethodAccessorImpl.java:39)
	at sun.reflect.DelegatingMethodAccessorImpl.invoke(DelegatingMethodAccessorImpl.java:25)
	at java.lang.reflect.Method.invoke(Method.java:585)
	at junit.framework.TestCase.runTest(TestCase.java:154)
	at junit.framework.TestCase.runBare(TestCase.java:127)
	at junit.framework.TestResult$1.protect(TestResult.java:106)
	at junit.framework.TestResult.runProtected(TestResult.java:124)
	at junit.framework.TestResult.run(TestResult.java:109)
	at junit.framework.TestCase.run(TestCase.java:118)
	at junit.framework.TestSuite.runTest(TestSuite.java:208)
	at junit.framework.TestSuite.run(TestSuite.java:203)
	at junit.framework.TestSuite.runTest(TestSuite.java:208)
	at junit.framework.TestSuite.run(TestSuite.java:203)
	at junit.framework.TestSuite.runTest(TestSuite.java:208)
	at junit.framework.TestSuite.run(TestSuite.java:203)
	at org.apache.tools.ant.taskdefs.optional.junit.JUnitTestRunner.run(JUnitTestRunner.java:421)
	at org.apache.tools.ant.taskdefs.optional.junit.JUnitTestRunner.launch(JUnitTestRunner.java:912)
	at org.apache.tools.ant.taskdefs.optional.junit.JUnitTestRunner.main(JUnitTestRunner.java:766)
Caused by: com.topcoder.clients.dao.DAOConfigurationException: Throw for testing
	at com.topcoder.clients.manager.MockClientStatusDAO.delete(MockClientStatusDAO.java:210)
	at com.topcoder.clients.manager.dao.DAOClientManager.deleteClientStatus(DAOClientManager.java:954)
	... 20 more
[Entering method <com.topcoder.clients.manager.dao.DAOCompanyManager.createCompany(Company company)>; Parameters:{ ParamName<company>; ParamValue: <null>  }  at 2008-08-29 23:59:02.328 ]
[Error occurred in method <com.topcoder.clients.manager.dao.DAOCompanyManager.createCompany(Company company)>, cause by :
java.lang.IllegalArgumentException: The parameter 'company' should not be null.
	at com.topcoder.clients.manager.dao.Helper.checkNull(Helper.java:69)
	at com.topcoder.clients.manager.dao.Helper.validateCompany(Helper.java:279)
	at com.topcoder.clients.manager.dao.DAOCompanyManager.createCompany(DAOCompanyManager.java:212)
	at com.topcoder.clients.manager.failuretests.TestDAOCompanyManagerFailure.testCreateCompanyFailure1(TestDAOCompanyManagerFailure.java:212)
	at sun.reflect.NativeMethodAccessorImpl.invoke0(Native Method)
	at sun.reflect.NativeMethodAccessorImpl.invoke(NativeMethodAccessorImpl.java:39)
	at sun.reflect.DelegatingMethodAccessorImpl.invoke(DelegatingMethodAccessorImpl.java:25)
	at java.lang.reflect.Method.invoke(Method.java:585)
	at junit.framework.TestCase.runTest(TestCase.java:154)
	at junit.framework.TestCase.runBare(TestCase.java:127)
	at junit.framework.TestResult$1.protect(TestResult.java:106)
	at junit.framework.TestResult.runProtected(TestResult.java:124)
	at junit.framework.TestResult.run(TestResult.java:109)
	at junit.framework.TestCase.run(TestCase.java:118)
	at junit.framework.TestSuite.runTest(TestSuite.java:208)
	at junit.framework.TestSuite.run(TestSuite.java:203)
	at junit.framework.TestSuite.runTest(TestSuite.java:208)
	at junit.framework.TestSuite.run(TestSuite.java:203)
	at junit.framework.TestSuite.runTest(TestSuite.java:208)
	at junit.framework.TestSuite.run(TestSuite.java:203)
	at org.apache.tools.ant.taskdefs.optional.junit.JUnitTestRunner.run(JUnitTestRunner.java:421)
	at org.apache.tools.ant.taskdefs.optional.junit.JUnitTestRunner.launch(JUnitTestRunner.java:912)
	at org.apache.tools.ant.taskdefs.optional.junit.JUnitTestRunner.main(JUnitTestRunner.java:766)
[Entering method <com.topcoder.clients.manager.dao.DAOCompanyManager.createCompany(Company company)>; Parameters:{ ParamName<company>; ParamValue: <[ id=0 name=null passcode=null isDeleted=false]>  }  at 2008-08-29 23:59:02.328 ]
[Error occurred in method <com.topcoder.clients.manager.dao.DAOCompanyManager.createCompany(Company company)>, cause by :
java.lang.IllegalArgumentException: The passcode of the company should not be null or empty (trimmed)
	at com.topcoder.clients.manager.dao.Helper.validateCompany(Helper.java:282)
	at com.topcoder.clients.manager.dao.DAOCompanyManager.createCompany(DAOCompanyManager.java:212)
	at com.topcoder.clients.manager.failuretests.TestDAOCompanyManagerFailure.testCreateCompanyFailure2(TestDAOCompanyManagerFailure.java:235)
	at sun.reflect.NativeMethodAccessorImpl.invoke0(Native Method)
	at sun.reflect.NativeMethodAccessorImpl.invoke(NativeMethodAccessorImpl.java:39)
	at sun.reflect.DelegatingMethodAccessorImpl.invoke(DelegatingMethodAccessorImpl.java:25)
	at java.lang.reflect.Method.invoke(Method.java:585)
	at junit.framework.TestCase.runTest(TestCase.java:154)
	at junit.framework.TestCase.runBare(TestCase.java:127)
	at junit.framework.TestResult$1.protect(TestResult.java:106)
	at junit.framework.TestResult.runProtected(TestResult.java:124)
	at junit.framework.TestResult.run(TestResult.java:109)
	at junit.framework.TestCase.run(TestCase.java:118)
	at junit.framework.TestSuite.runTest(TestSuite.java:208)
	at junit.framework.TestSuite.run(TestSuite.java:203)
	at junit.framework.TestSuite.runTest(TestSuite.java:208)
	at junit.framework.TestSuite.run(TestSuite.java:203)
	at junit.framework.TestSuite.runTest(TestSuite.java:208)
	at junit.framework.TestSuite.run(TestSuite.java:203)
	at org.apache.tools.ant.taskdefs.optional.junit.JUnitTestRunner.run(JUnitTestRunner.java:421)
	at org.apache.tools.ant.taskdefs.optional.junit.JUnitTestRunner.launch(JUnitTestRunner.java:912)
	at org.apache.tools.ant.taskdefs.optional.junit.JUnitTestRunner.main(JUnitTestRunner.java:766)
[Entering method <com.topcoder.clients.manager.dao.DAOCompanyManager.createCompany(Company company)>; Parameters:{ ParamName<company>; ParamValue: <[ id=0 name=null passcode=   isDeleted=false]>  }  at 2008-08-29 23:59:02.328 ]
[Error occurred in method <com.topcoder.clients.manager.dao.DAOCompanyManager.createCompany(Company company)>, cause by :
java.lang.IllegalArgumentException: The passcode of the company should not be null or empty (trimmed)
	at com.topcoder.clients.manager.dao.Helper.validateCompany(Helper.java:282)
	at com.topcoder.clients.manager.dao.DAOCompanyManager.createCompany(DAOCompanyManager.java:212)
	at com.topcoder.clients.manager.failuretests.TestDAOCompanyManagerFailure.testCreateCompanyFailure3(TestDAOCompanyManagerFailure.java:258)
	at sun.reflect.NativeMethodAccessorImpl.invoke0(Native Method)
	at sun.reflect.NativeMethodAccessorImpl.invoke(NativeMethodAccessorImpl.java:39)
	at sun.reflect.DelegatingMethodAccessorImpl.invoke(DelegatingMethodAccessorImpl.java:25)
	at java.lang.reflect.Method.invoke(Method.java:585)
	at junit.framework.TestCase.runTest(TestCase.java:154)
	at junit.framework.TestCase.runBare(TestCase.java:127)
	at junit.framework.TestResult$1.protect(TestResult.java:106)
	at junit.framework.TestResult.runProtected(TestResult.java:124)
	at junit.framework.TestResult.run(TestResult.java:109)
	at junit.framework.TestCase.run(TestCase.java:118)
	at junit.framework.TestSuite.runTest(TestSuite.java:208)
	at junit.framework.TestSuite.run(TestSuite.java:203)
	at junit.framework.TestSuite.runTest(TestSuite.java:208)
	at junit.framework.TestSuite.run(TestSuite.java:203)
	at junit.framework.TestSuite.runTest(TestSuite.java:208)
	at junit.framework.TestSuite.run(TestSuite.java:203)
	at org.apache.tools.ant.taskdefs.optional.junit.JUnitTestRunner.run(JUnitTestRunner.java:421)
	at org.apache.tools.ant.taskdefs.optional.junit.JUnitTestRunner.launch(JUnitTestRunner.java:912)
	at org.apache.tools.ant.taskdefs.optional.junit.JUnitTestRunner.main(JUnitTestRunner.java:766)
[Entering method <com.topcoder.clients.manager.dao.DAOCompanyManager.createCompany(Company company)>; Parameters:{ ParamName<company>; ParamValue: <[ id=0 name=null passcode=a isDeleted=true]>  }  at 2008-08-29 23:59:02.343 ]
[Error occurred in method <com.topcoder.clients.manager.dao.DAOCompanyManager.createCompany(Company company)>, cause by :
java.lang.IllegalArgumentException: The company isDelete value should not be true.
	at com.topcoder.clients.manager.dao.Helper.validateCompany(Helper.java:286)
	at com.topcoder.clients.manager.dao.DAOCompanyManager.createCompany(DAOCompanyManager.java:212)
	at com.topcoder.clients.manager.failuretests.TestDAOCompanyManagerFailure.testCreateCompanyFailure4(TestDAOCompanyManagerFailure.java:281)
	at sun.reflect.NativeMethodAccessorImpl.invoke0(Native Method)
	at sun.reflect.NativeMethodAccessorImpl.invoke(NativeMethodAccessorImpl.java:39)
	at sun.reflect.DelegatingMethodAccessorImpl.invoke(DelegatingMethodAccessorImpl.java:25)
	at java.lang.reflect.Method.invoke(Method.java:585)
	at junit.framework.TestCase.runTest(TestCase.java:154)
	at junit.framework.TestCase.runBare(TestCase.java:127)
	at junit.framework.TestResult$1.protect(TestResult.java:106)
	at junit.framework.TestResult.runProtected(TestResult.java:124)
	at junit.framework.TestResult.run(TestResult.java:109)
	at junit.framework.TestCase.run(TestCase.java:118)
	at junit.framework.TestSuite.runTest(TestSuite.java:208)
	at junit.framework.TestSuite.run(TestSuite.java:203)
	at junit.framework.TestSuite.runTest(TestSuite.java:208)
	at junit.framework.TestSuite.run(TestSuite.java:203)
	at junit.framework.TestSuite.runTest(TestSuite.java:208)
	at junit.framework.TestSuite.run(TestSuite.java:203)
	at org.apache.tools.ant.taskdefs.optional.junit.JUnitTestRunner.run(JUnitTestRunner.java:421)
	at org.apache.tools.ant.taskdefs.optional.junit.JUnitTestRunner.launch(JUnitTestRunner.java:912)
	at org.apache.tools.ant.taskdefs.optional.junit.JUnitTestRunner.main(JUnitTestRunner.java:766)
[Entering method <com.topcoder.clients.manager.dao.DAOCompanyManager.createCompany(Company company)>; Parameters:{ ParamName<company>; ParamValue: <[ id=0 name=DAOException passcode=a isDeleted=false]>  }  at 2008-08-29 23:59:02.343 ]
[Error occurred in method <com.topcoder.clients.manager.dao.DAOCompanyManager.createCompany(Company company)>, cause by :
com.topcoder.clients.manager.CompanyManagerException: Fail to create the company, cause by Throw for testing
	at com.topcoder.clients.manager.dao.DAOCompanyManager.wrapInnerException(DAOCompanyManager.java:254)
	at com.topcoder.clients.manager.dao.DAOCompanyManager.createCompany(DAOCompanyManager.java:229)
	at com.topcoder.clients.manager.failuretests.TestDAOCompanyManagerFailure.testCreateCompanyFailure5(TestDAOCompanyManagerFailure.java:305)
	at sun.reflect.NativeMethodAccessorImpl.invoke0(Native Method)
	at sun.reflect.NativeMethodAccessorImpl.invoke(NativeMethodAccessorImpl.java:39)
	at sun.reflect.DelegatingMethodAccessorImpl.invoke(DelegatingMethodAccessorImpl.java:25)
	at java.lang.reflect.Method.invoke(Method.java:585)
	at junit.framework.TestCase.runTest(TestCase.java:154)
	at junit.framework.TestCase.runBare(TestCase.java:127)
	at junit.framework.TestResult$1.protect(TestResult.java:106)
	at junit.framework.TestResult.runProtected(TestResult.java:124)
	at junit.framework.TestResult.run(TestResult.java:109)
	at junit.framework.TestCase.run(TestCase.java:118)
	at junit.framework.TestSuite.runTest(TestSuite.java:208)
	at junit.framework.TestSuite.run(TestSuite.java:203)
	at junit.framework.TestSuite.runTest(TestSuite.java:208)
	at junit.framework.TestSuite.run(TestSuite.java:203)
	at junit.framework.TestSuite.runTest(TestSuite.java:208)
	at junit.framework.TestSuite.run(TestSuite.java:203)
	at org.apache.tools.ant.taskdefs.optional.junit.JUnitTestRunner.run(JUnitTestRunner.java:421)
	at org.apache.tools.ant.taskdefs.optional.junit.JUnitTestRunner.launch(JUnitTestRunner.java:912)
	at org.apache.tools.ant.taskdefs.optional.junit.JUnitTestRunner.main(JUnitTestRunner.java:766)
Caused by: com.topcoder.clients.dao.DAOException: Throw for testing
	at com.topcoder.clients.manager.MockCompanyDAO.save(MockCompanyDAO.java:164)
	at com.topcoder.clients.manager.dao.DAOCompanyManager.createCompany(DAOCompanyManager.java:218)
	... 20 more
[Entering method <com.topcoder.clients.manager.dao.DAOCompanyManager.createCompany(Company company)>; Parameters:{ ParamName<company>; ParamValue: <[ id=0 name=DAOConfigurationException passcode=a isDeleted=false]>  }  at 2008-08-29 23:59:02.343 ]
[Error occurred in method <com.topcoder.clients.manager.dao.DAOCompanyManager.createCompany(Company company)>, cause by :
com.topcoder.clients.manager.CompanyManagerException: Fail to create the company, cause by Throw for testing
	at com.topcoder.clients.manager.dao.DAOCompanyManager.wrapInnerException(DAOCompanyManager.java:254)
	at com.topcoder.clients.manager.dao.DAOCompanyManager.createCompany(DAOCompanyManager.java:232)
	at com.topcoder.clients.manager.failuretests.TestDAOCompanyManagerFailure.testCreateCompanyFailure6(TestDAOCompanyManagerFailure.java:329)
	at sun.reflect.NativeMethodAccessorImpl.invoke0(Native Method)
	at sun.reflect.NativeMethodAccessorImpl.invoke(NativeMethodAccessorImpl.java:39)
	at sun.reflect.DelegatingMethodAccessorImpl.invoke(DelegatingMethodAccessorImpl.java:25)
	at java.lang.reflect.Method.invoke(Method.java:585)
	at junit.framework.TestCase.runTest(TestCase.java:154)
	at junit.framework.TestCase.runBare(TestCase.java:127)
	at junit.framework.TestResult$1.protect(TestResult.java:106)
	at junit.framework.TestResult.runProtected(TestResult.java:124)
	at junit.framework.TestResult.run(TestResult.java:109)
	at junit.framework.TestCase.run(TestCase.java:118)
	at junit.framework.TestSuite.runTest(TestSuite.java:208)
	at junit.framework.TestSuite.run(TestSuite.java:203)
	at junit.framework.TestSuite.runTest(TestSuite.java:208)
	at junit.framework.TestSuite.run(TestSuite.java:203)
	at junit.framework.TestSuite.runTest(TestSuite.java:208)
	at junit.framework.TestSuite.run(TestSuite.java:203)
	at org.apache.tools.ant.taskdefs.optional.junit.JUnitTestRunner.run(JUnitTestRunner.java:421)
	at org.apache.tools.ant.taskdefs.optional.junit.JUnitTestRunner.launch(JUnitTestRunner.java:912)
	at org.apache.tools.ant.taskdefs.optional.junit.JUnitTestRunner.main(JUnitTestRunner.java:766)
Caused by: com.topcoder.clients.dao.DAOConfigurationException: Throw for testing
	at com.topcoder.clients.manager.MockCompanyDAO.save(MockCompanyDAO.java:168)
	at com.topcoder.clients.manager.dao.DAOCompanyManager.createCompany(DAOCompanyManager.java:218)
	... 20 more
[Entering method <com.topcoder.clients.manager.dao.DAOCompanyManager.updateCompany(Company company)>; Parameters:{ ParamName<company>; ParamValue: <null>  }  at 2008-08-29 23:59:02.359 ]
[Error occurred in method <com.topcoder.clients.manager.dao.DAOCompanyManager.updateCompany(Company company)>, cause by :
java.lang.IllegalArgumentException: The parameter 'company' should not be null.
	at com.topcoder.clients.manager.dao.Helper.checkNull(Helper.java:69)
	at com.topcoder.clients.manager.dao.Helper.validateCompany(Helper.java:279)
	at com.topcoder.clients.manager.dao.DAOCompanyManager.updateCompany(DAOCompanyManager.java:283)
	at com.topcoder.clients.manager.failuretests.TestDAOCompanyManagerFailure.testUpdateCompanyFailure1(TestDAOCompanyManagerFailure.java:348)
	at sun.reflect.NativeMethodAccessorImpl.invoke0(Native Method)
	at sun.reflect.NativeMethodAccessorImpl.invoke(NativeMethodAccessorImpl.java:39)
	at sun.reflect.DelegatingMethodAccessorImpl.invoke(DelegatingMethodAccessorImpl.java:25)
	at java.lang.reflect.Method.invoke(Method.java:585)
	at junit.framework.TestCase.runTest(TestCase.java:154)
	at junit.framework.TestCase.runBare(TestCase.java:127)
	at junit.framework.TestResult$1.protect(TestResult.java:106)
	at junit.framework.TestResult.runProtected(TestResult.java:124)
	at junit.framework.TestResult.run(TestResult.java:109)
	at junit.framework.TestCase.run(TestCase.java:118)
	at junit.framework.TestSuite.runTest(TestSuite.java:208)
	at junit.framework.TestSuite.run(TestSuite.java:203)
	at junit.framework.TestSuite.runTest(TestSuite.java:208)
	at junit.framework.TestSuite.run(TestSuite.java:203)
	at junit.framework.TestSuite.runTest(TestSuite.java:208)
	at junit.framework.TestSuite.run(TestSuite.java:203)
	at org.apache.tools.ant.taskdefs.optional.junit.JUnitTestRunner.run(JUnitTestRunner.java:421)
	at org.apache.tools.ant.taskdefs.optional.junit.JUnitTestRunner.launch(JUnitTestRunner.java:912)
	at org.apache.tools.ant.taskdefs.optional.junit.JUnitTestRunner.main(JUnitTestRunner.java:766)
[Entering method <com.topcoder.clients.manager.dao.DAOCompanyManager.updateCompany(Company company)>; Parameters:{ ParamName<company>; ParamValue: <[ id=1 name=null passcode=null isDeleted=false]>  }  at 2008-08-29 23:59:02.359 ]
[Error occurred in method <com.topcoder.clients.manager.dao.DAOCompanyManager.updateCompany(Company company)>, cause by :
java.lang.IllegalArgumentException: The passcode of the company should not be null or empty (trimmed)
	at com.topcoder.clients.manager.dao.Helper.validateCompany(Helper.java:282)
	at com.topcoder.clients.manager.dao.DAOCompanyManager.updateCompany(DAOCompanyManager.java:283)
	at com.topcoder.clients.manager.failuretests.TestDAOCompanyManagerFailure.testUpdateCompanyFailure2(TestDAOCompanyManagerFailure.java:370)
	at sun.reflect.NativeMethodAccessorImpl.invoke0(Native Method)
	at sun.reflect.NativeMethodAccessorImpl.invoke(NativeMethodAccessorImpl.java:39)
	at sun.reflect.DelegatingMethodAccessorImpl.invoke(DelegatingMethodAccessorImpl.java:25)
	at java.lang.reflect.Method.invoke(Method.java:585)
	at junit.framework.TestCase.runTest(TestCase.java:154)
	at junit.framework.TestCase.runBare(TestCase.java:127)
	at junit.framework.TestResult$1.protect(TestResult.java:106)
	at junit.framework.TestResult.runProtected(TestResult.java:124)
	at junit.framework.TestResult.run(TestResult.java:109)
	at junit.framework.TestCase.run(TestCase.java:118)
	at junit.framework.TestSuite.runTest(TestSuite.java:208)
	at junit.framework.TestSuite.run(TestSuite.java:203)
	at junit.framework.TestSuite.runTest(TestSuite.java:208)
	at junit.framework.TestSuite.run(TestSuite.java:203)
	at junit.framework.TestSuite.runTest(TestSuite.java:208)
	at junit.framework.TestSuite.run(TestSuite.java:203)
	at org.apache.tools.ant.taskdefs.optional.junit.JUnitTestRunner.run(JUnitTestRunner.java:421)
	at org.apache.tools.ant.taskdefs.optional.junit.JUnitTestRunner.launch(JUnitTestRunner.java:912)
	at org.apache.tools.ant.taskdefs.optional.junit.JUnitTestRunner.main(JUnitTestRunner.java:766)
[Entering method <com.topcoder.clients.manager.dao.DAOCompanyManager.updateCompany(Company company)>; Parameters:{ ParamName<company>; ParamValue: <[ id=1 name=null passcode= isDeleted=false]>  }  at 2008-08-29 23:59:02.359 ]
[Error occurred in method <com.topcoder.clients.manager.dao.DAOCompanyManager.updateCompany(Company company)>, cause by :
java.lang.IllegalArgumentException: The passcode of the company should not be null or empty (trimmed)
	at com.topcoder.clients.manager.dao.Helper.validateCompany(Helper.java:282)
	at com.topcoder.clients.manager.dao.DAOCompanyManager.updateCompany(DAOCompanyManager.java:283)
	at com.topcoder.clients.manager.failuretests.TestDAOCompanyManagerFailure.testUpdateCompanyFailure3(TestDAOCompanyManagerFailure.java:392)
	at sun.reflect.NativeMethodAccessorImpl.invoke0(Native Method)
	at sun.reflect.NativeMethodAccessorImpl.invoke(NativeMethodAccessorImpl.java:39)
	at sun.reflect.DelegatingMethodAccessorImpl.invoke(DelegatingMethodAccessorImpl.java:25)
	at java.lang.reflect.Method.invoke(Method.java:585)
	at junit.framework.TestCase.runTest(TestCase.java:154)
	at junit.framework.TestCase.runBare(TestCase.java:127)
	at junit.framework.TestResult$1.protect(TestResult.java:106)
	at junit.framework.TestResult.runProtected(TestResult.java:124)
	at junit.framework.TestResult.run(TestResult.java:109)
	at junit.framework.TestCase.run(TestCase.java:118)
	at junit.framework.TestSuite.runTest(TestSuite.java:208)
	at junit.framework.TestSuite.run(TestSuite.java:203)
	at junit.framework.TestSuite.runTest(TestSuite.java:208)
	at junit.framework.TestSuite.run(TestSuite.java:203)
	at junit.framework.TestSuite.runTest(TestSuite.java:208)
	at junit.framework.TestSuite.run(TestSuite.java:203)
	at org.apache.tools.ant.taskdefs.optional.junit.JUnitTestRunner.run(JUnitTestRunner.java:421)
	at org.apache.tools.ant.taskdefs.optional.junit.JUnitTestRunner.launch(JUnitTestRunner.java:912)
	at org.apache.tools.ant.taskdefs.optional.junit.JUnitTestRunner.main(JUnitTestRunner.java:766)
[Entering method <com.topcoder.clients.manager.dao.DAOCompanyManager.updateCompany(Company company)>; Parameters:{ ParamName<company>; ParamValue: <[ id=1 name=null passcode=code isDeleted=true]>  }  at 2008-08-29 23:59:02.359 ]
[Error occurred in method <com.topcoder.clients.manager.dao.DAOCompanyManager.updateCompany(Company company)>, cause by :
java.lang.IllegalArgumentException: The company isDelete value should not be true.
	at com.topcoder.clients.manager.dao.Helper.validateCompany(Helper.java:286)
	at com.topcoder.clients.manager.dao.DAOCompanyManager.updateCompany(DAOCompanyManager.java:283)
	at com.topcoder.clients.manager.failuretests.TestDAOCompanyManagerFailure.testUpdateCompanyFailure4(TestDAOCompanyManagerFailure.java:415)
	at sun.reflect.NativeMethodAccessorImpl.invoke0(Native Method)
	at sun.reflect.NativeMethodAccessorImpl.invoke(NativeMethodAccessorImpl.java:39)
	at sun.reflect.DelegatingMethodAccessorImpl.invoke(DelegatingMethodAccessorImpl.java:25)
	at java.lang.reflect.Method.invoke(Method.java:585)
	at junit.framework.TestCase.runTest(TestCase.java:154)
	at junit.framework.TestCase.runBare(TestCase.java:127)
	at junit.framework.TestResult$1.protect(TestResult.java:106)
	at junit.framework.TestResult.runProtected(TestResult.java:124)
	at junit.framework.TestResult.run(TestResult.java:109)
	at junit.framework.TestCase.run(TestCase.java:118)
	at junit.framework.TestSuite.runTest(TestSuite.java:208)
	at junit.framework.TestSuite.run(TestSuite.java:203)
	at junit.framework.TestSuite.runTest(TestSuite.java:208)
	at junit.framework.TestSuite.run(TestSuite.java:203)
	at junit.framework.TestSuite.runTest(TestSuite.java:208)
	at junit.framework.TestSuite.run(TestSuite.java:203)
	at org.apache.tools.ant.taskdefs.optional.junit.JUnitTestRunner.run(JUnitTestRunner.java:421)
	at org.apache.tools.ant.taskdefs.optional.junit.JUnitTestRunner.launch(JUnitTestRunner.java:912)
	at org.apache.tools.ant.taskdefs.optional.junit.JUnitTestRunner.main(JUnitTestRunner.java:766)
[Entering method <com.topcoder.clients.manager.dao.DAOCompanyManager.updateCompany(Company company)>; Parameters:{ ParamName<company>; ParamValue: <[ id=-1 name=null passcode=code isDeleted=false]>  }  at 2008-08-29 23:59:02.375 ]
[Error occurred in method <com.topcoder.clients.manager.dao.DAOCompanyManager.updateCompany(Company company)>, cause by :
com.topcoder.clients.manager.CompanyEntityNotFoundException:  The company with id=-1 does not exist.
	at com.topcoder.clients.manager.dao.DAOCompanyManager.handleCompanyEntityNotFoundException(DAOCompanyManager.java:354)
	at com.topcoder.clients.manager.dao.DAOCompanyManager.checkCompanyExist(DAOCompanyManager.java:336)
	at com.topcoder.clients.manager.dao.DAOCompanyManager.updateCompany(DAOCompanyManager.java:286)
	at com.topcoder.clients.manager.failuretests.TestDAOCompanyManagerFailure.testUpdateCompanyFailure5(TestDAOCompanyManagerFailure.java:438)
	at sun.reflect.NativeMethodAccessorImpl.invoke0(Native Method)
	at sun.reflect.NativeMethodAccessorImpl.invoke(NativeMethodAccessorImpl.java:39)
	at sun.reflect.DelegatingMethodAccessorImpl.invoke(DelegatingMethodAccessorImpl.java:25)
	at java.lang.reflect.Method.invoke(Method.java:585)
	at junit.framework.TestCase.runTest(TestCase.java:154)
	at junit.framework.TestCase.runBare(TestCase.java:127)
	at junit.framework.TestResult$1.protect(TestResult.java:106)
	at junit.framework.TestResult.runProtected(TestResult.java:124)
	at junit.framework.TestResult.run(TestResult.java:109)
	at junit.framework.TestCase.run(TestCase.java:118)
	at junit.framework.TestSuite.runTest(TestSuite.java:208)
	at junit.framework.TestSuite.run(TestSuite.java:203)
	at junit.framework.TestSuite.runTest(TestSuite.java:208)
	at junit.framework.TestSuite.run(TestSuite.java:203)
	at junit.framework.TestSuite.runTest(TestSuite.java:208)
	at junit.framework.TestSuite.run(TestSuite.java:203)
	at org.apache.tools.ant.taskdefs.optional.junit.JUnitTestRunner.run(JUnitTestRunner.java:421)
	at org.apache.tools.ant.taskdefs.optional.junit.JUnitTestRunner.launch(JUnitTestRunner.java:912)
	at org.apache.tools.ant.taskdefs.optional.junit.JUnitTestRunner.main(JUnitTestRunner.java:766)
Caused by: java.lang.IllegalArgumentException: The id should not be negative.
	at com.topcoder.clients.manager.MockCompanyDAO.retrieveById(MockCompanyDAO.java:45)
	at com.topcoder.clients.manager.dao.DAOCompanyManager.checkCompanyExist(DAOCompanyManager.java:322)
	... 21 more
[Entering method <com.topcoder.clients.manager.dao.DAOCompanyManager.updateCompany(Company company)>; Parameters:{ ParamName<company>; ParamValue: <[ id=1 name=null passcode=code isDeleted=false]>  }  at 2008-08-29 23:59:02.375 ]
[Error occurred in method <com.topcoder.clients.manager.dao.DAOCompanyManager.updateCompany(Company company)>, cause by :
com.topcoder.clients.manager.CompanyEntityNotFoundException: The company  with id=1 does not exist in persistence.
	at com.topcoder.clients.manager.dao.DAOCompanyManager.checkCompanyExist(DAOCompanyManager.java:323)
	at com.topcoder.clients.manager.dao.DAOCompanyManager.updateCompany(DAOCompanyManager.java:286)
	at com.topcoder.clients.manager.failuretests.TestDAOCompanyManagerFailure.testUpdateCompanyFailure6(TestDAOCompanyManagerFailure.java:461)
	at sun.reflect.NativeMethodAccessorImpl.invoke0(Native Method)
	at sun.reflect.NativeMethodAccessorImpl.invoke(NativeMethodAccessorImpl.java:39)
	at sun.reflect.DelegatingMethodAccessorImpl.invoke(DelegatingMethodAccessorImpl.java:25)
	at java.lang.reflect.Method.invoke(Method.java:585)
	at junit.framework.TestCase.runTest(TestCase.java:154)
	at junit.framework.TestCase.runBare(TestCase.java:127)
	at junit.framework.TestResult$1.protect(TestResult.java:106)
	at junit.framework.TestResult.runProtected(TestResult.java:124)
	at junit.framework.TestResult.run(TestResult.java:109)
	at junit.framework.TestCase.run(TestCase.java:118)
	at junit.framework.TestSuite.runTest(TestSuite.java:208)
	at junit.framework.TestSuite.run(TestSuite.java:203)
	at junit.framework.TestSuite.runTest(TestSuite.java:208)
	at junit.framework.TestSuite.run(TestSuite.java:203)
	at junit.framework.TestSuite.runTest(TestSuite.java:208)
	at junit.framework.TestSuite.run(TestSuite.java:203)
	at org.apache.tools.ant.taskdefs.optional.junit.JUnitTestRunner.run(JUnitTestRunner.java:421)
	at org.apache.tools.ant.taskdefs.optional.junit.JUnitTestRunner.launch(JUnitTestRunner.java:912)
	at org.apache.tools.ant.taskdefs.optional.junit.JUnitTestRunner.main(JUnitTestRunner.java:766)
[Entering method <com.topcoder.clients.manager.dao.DAOCompanyManager.updateCompany(Company company)>; Parameters:{ ParamName<company>; ParamValue: <[ id=2 name=DAOException passcode=code isDeleted=false]>  }  at 2008-08-29 23:59:02.375 ]
[Error occurred in method <com.topcoder.clients.manager.dao.DAOCompanyManager.updateCompany(Company company)>, cause by :
com.topcoder.clients.manager.CompanyManagerException: Fail to update the Company, cause by Throw for testing
	at com.topcoder.clients.manager.dao.DAOCompanyManager.wrapInnerException(DAOCompanyManager.java:254)
	at com.topcoder.clients.manager.dao.DAOCompanyManager.updateCompany(DAOCompanyManager.java:300)
	at com.topcoder.clients.manager.failuretests.TestDAOCompanyManagerFailure.testUpdateCompanyFailure7(TestDAOCompanyManagerFailure.java:485)
	at sun.reflect.NativeMethodAccessorImpl.invoke0(Native Method)
	at sun.reflect.NativeMethodAccessorImpl.invoke(NativeMethodAccessorImpl.java:39)
	at sun.reflect.DelegatingMethodAccessorImpl.invoke(DelegatingMethodAccessorImpl.java:25)
	at java.lang.reflect.Method.invoke(Method.java:585)
	at junit.framework.TestCase.runTest(TestCase.java:154)
	at junit.framework.TestCase.runBare(TestCase.java:127)
	at junit.framework.TestResult$1.protect(TestResult.java:106)
	at junit.framework.TestResult.runProtected(TestResult.java:124)
	at junit.framework.TestResult.run(TestResult.java:109)
	at junit.framework.TestCase.run(TestCase.java:118)
	at junit.framework.TestSuite.runTest(TestSuite.java:208)
	at junit.framework.TestSuite.run(TestSuite.java:203)
	at junit.framework.TestSuite.runTest(TestSuite.java:208)
	at junit.framework.TestSuite.run(TestSuite.java:203)
	at junit.framework.TestSuite.runTest(TestSuite.java:208)
	at junit.framework.TestSuite.run(TestSuite.java:203)
	at org.apache.tools.ant.taskdefs.optional.junit.JUnitTestRunner.run(JUnitTestRunner.java:421)
	at org.apache.tools.ant.taskdefs.optional.junit.JUnitTestRunner.launch(JUnitTestRunner.java:912)
	at org.apache.tools.ant.taskdefs.optional.junit.JUnitTestRunner.main(JUnitTestRunner.java:766)
Caused by: com.topcoder.clients.dao.DAOException: Throw for testing
	at com.topcoder.clients.manager.MockCompanyDAO.save(MockCompanyDAO.java:164)
	at com.topcoder.clients.manager.dao.DAOCompanyManager.updateCompany(DAOCompanyManager.java:289)
	... 20 more
[Entering method <com.topcoder.clients.manager.dao.DAOCompanyManager.updateCompany(Company company)>; Parameters:{ ParamName<company>; ParamValue: <[ id=2 name=DAOConfigurationException passcode=code isDeleted=false]>  }  at 2008-08-29 23:59:02.390 ]
[Error occurred in method <com.topcoder.clients.manager.dao.DAOCompanyManager.updateCompany(Company company)>, cause by :
com.topcoder.clients.manager.CompanyManagerException: Fail to update the Company, cause by Throw for testing
	at com.topcoder.clients.manager.dao.DAOCompanyManager.wrapInnerException(DAOCompanyManager.java:254)
	at com.topcoder.clients.manager.dao.DAOCompanyManager.updateCompany(DAOCompanyManager.java:298)
	at com.topcoder.clients.manager.failuretests.TestDAOCompanyManagerFailure.testUpdateCompanyFailure8(TestDAOCompanyManagerFailure.java:509)
	at sun.reflect.NativeMethodAccessorImpl.invoke0(Native Method)
	at sun.reflect.NativeMethodAccessorImpl.invoke(NativeMethodAccessorImpl.java:39)
	at sun.reflect.DelegatingMethodAccessorImpl.invoke(DelegatingMethodAccessorImpl.java:25)
	at java.lang.reflect.Method.invoke(Method.java:585)
	at junit.framework.TestCase.runTest(TestCase.java:154)
	at junit.framework.TestCase.runBare(TestCase.java:127)
	at junit.framework.TestResult$1.protect(TestResult.java:106)
	at junit.framework.TestResult.runProtected(TestResult.java:124)
	at junit.framework.TestResult.run(TestResult.java:109)
	at junit.framework.TestCase.run(TestCase.java:118)
	at junit.framework.TestSuite.runTest(TestSuite.java:208)
	at junit.framework.TestSuite.run(TestSuite.java:203)
	at junit.framework.TestSuite.runTest(TestSuite.java:208)
	at junit.framework.TestSuite.run(TestSuite.java:203)
	at junit.framework.TestSuite.runTest(TestSuite.java:208)
	at junit.framework.TestSuite.run(TestSuite.java:203)
	at org.apache.tools.ant.taskdefs.optional.junit.JUnitTestRunner.run(JUnitTestRunner.java:421)
	at org.apache.tools.ant.taskdefs.optional.junit.JUnitTestRunner.launch(JUnitTestRunner.java:912)
	at org.apache.tools.ant.taskdefs.optional.junit.JUnitTestRunner.main(JUnitTestRunner.java:766)
Caused by: com.topcoder.clients.dao.DAOConfigurationException: Throw for testing
	at com.topcoder.clients.manager.MockCompanyDAO.save(MockCompanyDAO.java:168)
	at com.topcoder.clients.manager.dao.DAOCompanyManager.updateCompany(DAOCompanyManager.java:289)
	... 20 more
[Entering method <com.topcoder.clients.manager.dao.DAOCompanyManager.deleteCompany(Company company)>; Parameters:{ ParamName<company>; ParamValue: <null>  }  at 2008-08-29 23:59:02.390 ]
[Error occurred in method <com.topcoder.clients.manager.dao.DAOCompanyManager.deleteCompany(Company company)>, cause by :
java.lang.IllegalArgumentException: The parameter 'company' should not be null.
	at com.topcoder.clients.manager.dao.Helper.checkNull(Helper.java:69)
	at com.topcoder.clients.manager.dao.DAOCompanyManager.deleteCompany(DAOCompanyManager.java:382)
	at com.topcoder.clients.manager.failuretests.TestDAOCompanyManagerFailure.testDeleteCompanyFailure1(TestDAOCompanyManagerFailure.java:527)
	at sun.reflect.NativeMethodAccessorImpl.invoke0(Native Method)
	at sun.reflect.NativeMethodAccessorImpl.invoke(NativeMethodAccessorImpl.java:39)
	at sun.reflect.DelegatingMethodAccessorImpl.invoke(DelegatingMethodAccessorImpl.java:25)
	at java.lang.reflect.Method.invoke(Method.java:585)
	at junit.framework.TestCase.runTest(TestCase.java:154)
	at junit.framework.TestCase.runBare(TestCase.java:127)
	at junit.framework.TestResult$1.protect(TestResult.java:106)
	at junit.framework.TestResult.runProtected(TestResult.java:124)
	at junit.framework.TestResult.run(TestResult.java:109)
	at junit.framework.TestCase.run(TestCase.java:118)
	at junit.framework.TestSuite.runTest(TestSuite.java:208)
	at junit.framework.TestSuite.run(TestSuite.java:203)
	at junit.framework.TestSuite.runTest(TestSuite.java:208)
	at junit.framework.TestSuite.run(TestSuite.java:203)
	at junit.framework.TestSuite.runTest(TestSuite.java:208)
	at junit.framework.TestSuite.run(TestSuite.java:203)
	at org.apache.tools.ant.taskdefs.optional.junit.JUnitTestRunner.run(JUnitTestRunner.java:421)
	at org.apache.tools.ant.taskdefs.optional.junit.JUnitTestRunner.launch(JUnitTestRunner.java:912)
	at org.apache.tools.ant.taskdefs.optional.junit.JUnitTestRunner.main(JUnitTestRunner.java:766)
[Entering method <com.topcoder.clients.manager.dao.DAOCompanyManager.deleteCompany(Company company)>; Parameters:{ ParamName<company>; ParamValue: <[ id=0 name=null passcode=null isDeleted=true]>  }  at 2008-08-29 23:59:02.390 ]
[Error occurred in method <com.topcoder.clients.manager.dao.DAOCompanyManager.deleteCompany(Company company)>, cause by :
java.lang.IllegalArgumentException: The isDeleted of company should not be true.
	at com.topcoder.clients.manager.dao.DAOCompanyManager.deleteCompany(DAOCompanyManager.java:384)
	at com.topcoder.clients.manager.failuretests.TestDAOCompanyManagerFailure.testDeleteCompanyFailure2(TestDAOCompanyManagerFailure.java:547)
	at sun.reflect.NativeMethodAccessorImpl.invoke0(Native Method)
	at sun.reflect.NativeMethodAccessorImpl.invoke(NativeMethodAccessorImpl.java:39)
	at sun.reflect.DelegatingMethodAccessorImpl.invoke(DelegatingMethodAccessorImpl.java:25)
	at java.lang.reflect.Method.invoke(Method.java:585)
	at junit.framework.TestCase.runTest(TestCase.java:154)
	at junit.framework.TestCase.runBare(TestCase.java:127)
	at junit.framework.TestResult$1.protect(TestResult.java:106)
	at junit.framework.TestResult.runProtected(TestResult.java:124)
	at junit.framework.TestResult.run(TestResult.java:109)
	at junit.framework.TestCase.run(TestCase.java:118)
	at junit.framework.TestSuite.runTest(TestSuite.java:208)
	at junit.framework.TestSuite.run(TestSuite.java:203)
	at junit.framework.TestSuite.runTest(TestSuite.java:208)
	at junit.framework.TestSuite.run(TestSuite.java:203)
	at junit.framework.TestSuite.runTest(TestSuite.java:208)
	at junit.framework.TestSuite.run(TestSuite.java:203)
	at org.apache.tools.ant.taskdefs.optional.junit.JUnitTestRunner.run(JUnitTestRunner.java:421)
	at org.apache.tools.ant.taskdefs.optional.junit.JUnitTestRunner.launch(JUnitTestRunner.java:912)
	at org.apache.tools.ant.taskdefs.optional.junit.JUnitTestRunner.main(JUnitTestRunner.java:766)
[Entering method <com.topcoder.clients.manager.dao.DAOCompanyManager.deleteCompany(Company company)>; Parameters:{ ParamName<company>; ParamValue: <[ id=0 name=EntityNotFoundException passcode=null isDeleted=false]>  }  at 2008-08-29 23:59:02.390 ]
[Error occurred in method <com.topcoder.clients.manager.dao.DAOCompanyManager.deleteCompany(Company company)>, cause by :
com.topcoder.clients.manager.CompanyEntityNotFoundException:  The company with id=0 does not exist.
	at com.topcoder.clients.manager.dao.DAOCompanyManager.handleCompanyEntityNotFoundException(DAOCompanyManager.java:354)
	at com.topcoder.clients.manager.dao.DAOCompanyManager.deleteCompany(DAOCompanyManager.java:400)
	at com.topcoder.clients.manager.failuretests.TestDAOCompanyManagerFailure.testDeleteCompanyFailure3(TestDAOCompanyManagerFailure.java:568)
	at sun.reflect.NativeMethodAccessorImpl.invoke0(Native Method)
	at sun.reflect.NativeMethodAccessorImpl.invoke(NativeMethodAccessorImpl.java:39)
	at sun.reflect.DelegatingMethodAccessorImpl.invoke(DelegatingMethodAccessorImpl.java:25)
	at java.lang.reflect.Method.invoke(Method.java:585)
	at junit.framework.TestCase.runTest(TestCase.java:154)
	at junit.framework.TestCase.runBare(TestCase.java:127)
	at junit.framework.TestResult$1.protect(TestResult.java:106)
	at junit.framework.TestResult.runProtected(TestResult.java:124)
	at junit.framework.TestResult.run(TestResult.java:109)
	at junit.framework.TestCase.run(TestCase.java:118)
	at junit.framework.TestSuite.runTest(TestSuite.java:208)
	at junit.framework.TestSuite.run(TestSuite.java:203)
	at junit.framework.TestSuite.runTest(TestSuite.java:208)
	at junit.framework.TestSuite.run(TestSuite.java:203)
	at junit.framework.TestSuite.runTest(TestSuite.java:208)
	at junit.framework.TestSuite.run(TestSuite.java:203)
	at org.apache.tools.ant.taskdefs.optional.junit.JUnitTestRunner.run(JUnitTestRunner.java:421)
	at org.apache.tools.ant.taskdefs.optional.junit.JUnitTestRunner.launch(JUnitTestRunner.java:912)
	at org.apache.tools.ant.taskdefs.optional.junit.JUnitTestRunner.main(JUnitTestRunner.java:766)
Caused by: com.topcoder.clients.dao.EntityNotFoundException: Throw for testing
	at com.topcoder.clients.manager.MockCompanyDAO.delete(MockCompanyDAO.java:192)
	at com.topcoder.clients.manager.dao.DAOCompanyManager.deleteCompany(DAOCompanyManager.java:388)
	... 20 more
[Entering method <com.topcoder.clients.manager.dao.DAOCompanyManager.deleteCompany(Company company)>; Parameters:{ ParamName<company>; ParamValue: <[ id=0 name=DAOException passcode=null isDeleted=false]>  }  at 2008-08-29 23:59:02.406 ]
[Error occurred in method <com.topcoder.clients.manager.dao.DAOCompanyManager.deleteCompany(Company company)>, cause by :
com.topcoder.clients.manager.CompanyManagerException: Fail to delete the Company , cause by Throw for testing
	at com.topcoder.clients.manager.dao.DAOCompanyManager.wrapInnerException(DAOCompanyManager.java:254)
	at com.topcoder.clients.manager.dao.DAOCompanyManager.deleteCompany(DAOCompanyManager.java:405)
	at com.topcoder.clients.manager.failuretests.TestDAOCompanyManagerFailure.testDeleteCompanyFailure4(TestDAOCompanyManagerFailure.java:589)
	at sun.reflect.NativeMethodAccessorImpl.invoke0(Native Method)
	at sun.reflect.NativeMethodAccessorImpl.invoke(NativeMethodAccessorImpl.java:39)
	at sun.reflect.DelegatingMethodAccessorImpl.invoke(DelegatingMethodAccessorImpl.java:25)
	at java.lang.reflect.Method.invoke(Method.java:585)
	at junit.framework.TestCase.runTest(TestCase.java:154)
	at junit.framework.TestCase.runBare(TestCase.java:127)
	at junit.framework.TestResult$1.protect(TestResult.java:106)
	at junit.framework.TestResult.runProtected(TestResult.java:124)
	at junit.framework.TestResult.run(TestResult.java:109)
	at junit.framework.TestCase.run(TestCase.java:118)
	at junit.framework.TestSuite.runTest(TestSuite.java:208)
	at junit.framework.TestSuite.run(TestSuite.java:203)
	at junit.framework.TestSuite.runTest(TestSuite.java:208)
	at junit.framework.TestSuite.run(TestSuite.java:203)
	at junit.framework.TestSuite.runTest(TestSuite.java:208)
	at junit.framework.TestSuite.run(TestSuite.java:203)
	at org.apache.tools.ant.taskdefs.optional.junit.JUnitTestRunner.run(JUnitTestRunner.java:421)
	at org.apache.tools.ant.taskdefs.optional.junit.JUnitTestRunner.launch(JUnitTestRunner.java:912)
	at org.apache.tools.ant.taskdefs.optional.junit.JUnitTestRunner.main(JUnitTestRunner.java:766)
Caused by: com.topcoder.clients.dao.DAOException: Throw for testing
	at com.topcoder.clients.manager.MockCompanyDAO.delete(MockCompanyDAO.java:196)
	at com.topcoder.clients.manager.dao.DAOCompanyManager.deleteCompany(DAOCompanyManager.java:388)
	... 20 more
[Entering method <com.topcoder.clients.manager.dao.DAOCompanyManager.deleteCompany(Company company)>; Parameters:{ ParamName<company>; ParamValue: <[ id=0 name=DAOConfigurationException passcode=null isDeleted=false]>  }  at 2008-08-29 23:59:02.406 ]
[Error occurred in method <com.topcoder.clients.manager.dao.DAOCompanyManager.deleteCompany(Company company)>, cause by :
com.topcoder.clients.manager.CompanyManagerException: Fail to delete the Company, cause by Throw for testing
	at com.topcoder.clients.manager.dao.DAOCompanyManager.wrapInnerException(DAOCompanyManager.java:254)
	at com.topcoder.clients.manager.dao.DAOCompanyManager.deleteCompany(DAOCompanyManager.java:403)
	at com.topcoder.clients.manager.failuretests.TestDAOCompanyManagerFailure.testDeleteCompanyFailure5(TestDAOCompanyManagerFailure.java:610)
	at sun.reflect.NativeMethodAccessorImpl.invoke0(Native Method)
	at sun.reflect.NativeMethodAccessorImpl.invoke(NativeMethodAccessorImpl.java:39)
	at sun.reflect.DelegatingMethodAccessorImpl.invoke(DelegatingMethodAccessorImpl.java:25)
	at java.lang.reflect.Method.invoke(Method.java:585)
	at junit.framework.TestCase.runTest(TestCase.java:154)
	at junit.framework.TestCase.runBare(TestCase.java:127)
	at junit.framework.TestResult$1.protect(TestResult.java:106)
	at junit.framework.TestResult.runProtected(TestResult.java:124)
	at junit.framework.TestResult.run(TestResult.java:109)
	at junit.framework.TestCase.run(TestCase.java:118)
	at junit.framework.TestSuite.runTest(TestSuite.java:208)
	at junit.framework.TestSuite.run(TestSuite.java:203)
	at junit.framework.TestSuite.runTest(TestSuite.java:208)
	at junit.framework.TestSuite.run(TestSuite.java:203)
	at junit.framework.TestSuite.runTest(TestSuite.java:208)
	at junit.framework.TestSuite.run(TestSuite.java:203)
	at org.apache.tools.ant.taskdefs.optional.junit.JUnitTestRunner.run(JUnitTestRunner.java:421)
	at org.apache.tools.ant.taskdefs.optional.junit.JUnitTestRunner.launch(JUnitTestRunner.java:912)
	at org.apache.tools.ant.taskdefs.optional.junit.JUnitTestRunner.main(JUnitTestRunner.java:766)
Caused by: com.topcoder.clients.dao.DAOConfigurationException: Throw for testing
	at com.topcoder.clients.manager.MockCompanyDAO.delete(MockCompanyDAO.java:200)
	at com.topcoder.clients.manager.dao.DAOCompanyManager.deleteCompany(DAOCompanyManager.java:388)
	... 20 more
[Entering method <com.topcoder.clients.manager.dao.DAOCompanyManager.retrieveCompany(long id)>; Parameters:{ ParamName<id>; ParamValue: <-1>  }  at 2008-08-29 23:59:02.406 ]
[Error occurred in method <com.topcoder.clients.manager.dao.DAOCompanyManager.retrieveCompany(long id)>, cause by :
java.lang.IllegalArgumentException: The parameter id should not be negative.
	at com.topcoder.clients.manager.dao.Helper.checkId(Helper.java:115)
	at com.topcoder.clients.manager.dao.DAOCompanyManager.retrieveCompany(DAOCompanyManager.java:426)
	at com.topcoder.clients.manager.failuretests.TestDAOCompanyManagerFailure.testRetrieveCompanyFailure1(TestDAOCompanyManagerFailure.java:628)
	at sun.reflect.NativeMethodAccessorImpl.invoke0(Native Method)
	at sun.reflect.NativeMethodAccessorImpl.invoke(NativeMethodAccessorImpl.java:39)
	at sun.reflect.DelegatingMethodAccessorImpl.invoke(DelegatingMethodAccessorImpl.java:25)
	at java.lang.reflect.Method.invoke(Method.java:585)
	at junit.framework.TestCase.runTest(TestCase.java:154)
	at junit.framework.TestCase.runBare(TestCase.java:127)
	at junit.framework.TestResult$1.protect(TestResult.java:106)
	at junit.framework.TestResult.runProtected(TestResult.java:124)
	at junit.framework.TestResult.run(TestResult.java:109)
	at junit.framework.TestCase.run(TestCase.java:118)
	at junit.framework.TestSuite.runTest(TestSuite.java:208)
	at junit.framework.TestSuite.run(TestSuite.java:203)
	at junit.framework.TestSuite.runTest(TestSuite.java:208)
	at junit.framework.TestSuite.run(TestSuite.java:203)
	at junit.framework.TestSuite.runTest(TestSuite.java:208)
	at junit.framework.TestSuite.run(TestSuite.java:203)
	at org.apache.tools.ant.taskdefs.optional.junit.JUnitTestRunner.run(JUnitTestRunner.java:421)
	at org.apache.tools.ant.taskdefs.optional.junit.JUnitTestRunner.launch(JUnitTestRunner.java:912)
	at org.apache.tools.ant.taskdefs.optional.junit.JUnitTestRunner.main(JUnitTestRunner.java:766)
[Entering method <com.topcoder.clients.manager.dao.DAOCompanyManager.retrieveCompany(long id)>; Parameters:{ ParamName<id>; ParamValue: <4>  }  at 2008-08-29 23:59:02.421 ]
[Error occurred in method <com.topcoder.clients.manager.dao.DAOCompanyManager.retrieveCompany(long id)>, cause by :
com.topcoder.clients.manager.CompanyManagerException: Fail to retrieve company with id = 4 cause by for test
	at com.topcoder.clients.manager.dao.DAOCompanyManager.wrapInnerException(DAOCompanyManager.java:254)
	at com.topcoder.clients.manager.dao.DAOCompanyManager.retrieveCompany(DAOCompanyManager.java:440)
	at com.topcoder.clients.manager.failuretests.TestDAOCompanyManagerFailure.testRetrieveCompanyFailure2(TestDAOCompanyManagerFailure.java:646)
	at sun.reflect.NativeMethodAccessorImpl.invoke0(Native Method)
	at sun.reflect.NativeMethodAccessorImpl.invoke(NativeMethodAccessorImpl.java:39)
	at sun.reflect.DelegatingMethodAccessorImpl.invoke(DelegatingMethodAccessorImpl.java:25)
	at java.lang.reflect.Method.invoke(Method.java:585)
	at junit.framework.TestCase.runTest(TestCase.java:154)
	at junit.framework.TestCase.runBare(TestCase.java:127)
	at junit.framework.TestResult$1.protect(TestResult.java:106)
	at junit.framework.TestResult.runProtected(TestResult.java:124)
	at junit.framework.TestResult.run(TestResult.java:109)
	at junit.framework.TestCase.run(TestCase.java:118)
	at junit.framework.TestSuite.runTest(TestSuite.java:208)
	at junit.framework.TestSuite.run(TestSuite.java:203)
	at junit.framework.TestSuite.runTest(TestSuite.java:208)
	at junit.framework.TestSuite.run(TestSuite.java:203)
	at junit.framework.TestSuite.runTest(TestSuite.java:208)
	at junit.framework.TestSuite.run(TestSuite.java:203)
	at org.apache.tools.ant.taskdefs.optional.junit.JUnitTestRunner.run(JUnitTestRunner.java:421)
	at org.apache.tools.ant.taskdefs.optional.junit.JUnitTestRunner.launch(JUnitTestRunner.java:912)
	at org.apache.tools.ant.taskdefs.optional.junit.JUnitTestRunner.main(JUnitTestRunner.java:766)
Caused by: com.topcoder.clients.dao.DAOException: for test
	at com.topcoder.clients.manager.MockCompanyDAO.retrieveById(MockCompanyDAO.java:75)
	at com.topcoder.clients.manager.dao.DAOCompanyManager.retrieveCompany(DAOCompanyManager.java:428)
	... 20 more
[Entering method <com.topcoder.clients.manager.dao.DAOCompanyManager.retrieveCompany(long id)>; Parameters:{ ParamName<id>; ParamValue: <5>  }  at 2008-08-29 23:59:02.421 ]
[Error occurred in method <com.topcoder.clients.manager.dao.DAOCompanyManager.retrieveCompany(long id)>, cause by :
com.topcoder.clients.manager.CompanyManagerException: Fail to retrieve company with id = 5 cause by test
	at com.topcoder.clients.manager.dao.DAOCompanyManager.wrapInnerException(DAOCompanyManager.java:254)
	at com.topcoder.clients.manager.dao.DAOCompanyManager.retrieveCompany(DAOCompanyManager.java:437)
	at com.topcoder.clients.manager.failuretests.TestDAOCompanyManagerFailure.testRetrieveCompanyFailure3(TestDAOCompanyManagerFailure.java:664)
	at sun.reflect.NativeMethodAccessorImpl.invoke0(Native Method)
	at sun.reflect.NativeMethodAccessorImpl.invoke(NativeMethodAccessorImpl.java:39)
	at sun.reflect.DelegatingMethodAccessorImpl.invoke(DelegatingMethodAccessorImpl.java:25)
	at java.lang.reflect.Method.invoke(Method.java:585)
	at junit.framework.TestCase.runTest(TestCase.java:154)
	at junit.framework.TestCase.runBare(TestCase.java:127)
	at junit.framework.TestResult$1.protect(TestResult.java:106)
	at junit.framework.TestResult.runProtected(TestResult.java:124)
	at junit.framework.TestResult.run(TestResult.java:109)
	at junit.framework.TestCase.run(TestCase.java:118)
	at junit.framework.TestSuite.runTest(TestSuite.java:208)
	at junit.framework.TestSuite.run(TestSuite.java:203)
	at junit.framework.TestSuite.runTest(TestSuite.java:208)
	at junit.framework.TestSuite.run(TestSuite.java:203)
	at junit.framework.TestSuite.runTest(TestSuite.java:208)
	at junit.framework.TestSuite.run(TestSuite.java:203)
	at org.apache.tools.ant.taskdefs.optional.junit.JUnitTestRunner.run(JUnitTestRunner.java:421)
	at org.apache.tools.ant.taskdefs.optional.junit.JUnitTestRunner.launch(JUnitTestRunner.java:912)
	at org.apache.tools.ant.taskdefs.optional.junit.JUnitTestRunner.main(JUnitTestRunner.java:766)
Caused by: com.topcoder.clients.dao.DAOConfigurationException: test
	at com.topcoder.clients.manager.MockCompanyDAO.retrieveById(MockCompanyDAO.java:79)
	at com.topcoder.clients.manager.dao.DAOCompanyManager.retrieveCompany(DAOCompanyManager.java:428)
	... 20 more
[Entering method <com.topcoder.clients.manager.dao.DAOCompanyManager.retrieveCompany(long id)>; Parameters:{ ParamName<id>; ParamValue: <3>  }  at 2008-08-29 23:59:02.421 ]
[Error occurred in method <com.topcoder.clients.manager.dao.DAOCompanyManager.retrieveCompany(long id)>, cause by :
com.topcoder.clients.manager.CompanyManagerException: The entity retrieved is not a Company instance, cause by com.topcoder.clients.model.Client
	at com.topcoder.clients.manager.dao.DAOCompanyManager.wrapInnerException(DAOCompanyManager.java:254)
	at com.topcoder.clients.manager.dao.DAOCompanyManager.retrieveCompany(DAOCompanyManager.java:443)
	at com.topcoder.clients.manager.failuretests.TestDAOCompanyManagerFailure.testRetrieveCompanyFailure4(TestDAOCompanyManagerFailure.java:682)
	at sun.reflect.NativeMethodAccessorImpl.invoke0(Native Method)
	at sun.reflect.NativeMethodAccessorImpl.invoke(NativeMethodAccessorImpl.java:39)
	at sun.reflect.DelegatingMethodAccessorImpl.invoke(DelegatingMethodAccessorImpl.java:25)
	at java.lang.reflect.Method.invoke(Method.java:585)
	at junit.framework.TestCase.runTest(TestCase.java:154)
	at junit.framework.TestCase.runBare(TestCase.java:127)
	at junit.framework.TestResult$1.protect(TestResult.java:106)
	at junit.framework.TestResult.runProtected(TestResult.java:124)
	at junit.framework.TestResult.run(TestResult.java:109)
	at junit.framework.TestCase.run(TestCase.java:118)
	at junit.framework.TestSuite.runTest(TestSuite.java:208)
	at junit.framework.TestSuite.run(TestSuite.java:203)
	at junit.framework.TestSuite.runTest(TestSuite.java:208)
	at junit.framework.TestSuite.run(TestSuite.java:203)
	at junit.framework.TestSuite.runTest(TestSuite.java:208)
	at junit.framework.TestSuite.run(TestSuite.java:203)
	at org.apache.tools.ant.taskdefs.optional.junit.JUnitTestRunner.run(JUnitTestRunner.java:421)
	at org.apache.tools.ant.taskdefs.optional.junit.JUnitTestRunner.launch(JUnitTestRunner.java:912)
	at org.apache.tools.ant.taskdefs.optional.junit.JUnitTestRunner.main(JUnitTestRunner.java:766)
Caused by: java.lang.ClassCastException: com.topcoder.clients.model.Client
	at com.topcoder.clients.manager.dao.DAOCompanyManager.retrieveCompany(DAOCompanyManager.java:428)
	... 20 more
[Entering method <com.topcoder.clients.manager.dao.DAOCompanyManager.searchCompaniesByName(String name)>; Parameters:{ ParamName<name>; ParamValue: <null>  }  at 2008-08-29 23:59:02.421 ]
[Error occurred in method <com.topcoder.clients.manager.dao.DAOCompanyManager.searchCompaniesByName(String name)>, cause by :
java.lang.IllegalArgumentException: The parameter 'name' should not be null.
	at com.topcoder.clients.manager.dao.Helper.checkNull(Helper.java:69)
	at com.topcoder.clients.manager.dao.Helper.checkString(Helper.java:98)
	at com.topcoder.clients.manager.dao.DAOCompanyManager.searchCompaniesByName(DAOCompanyManager.java:488)
	at com.topcoder.clients.manager.failuretests.TestDAOCompanyManagerFailure.testSearchCompaniesByNameFailure1(TestDAOCompanyManagerFailure.java:700)
	at sun.reflect.NativeMethodAccessorImpl.invoke0(Native Method)
	at sun.reflect.NativeMethodAccessorImpl.invoke(NativeMethodAccessorImpl.java:39)
	at sun.reflect.DelegatingMethodAccessorImpl.invoke(DelegatingMethodAccessorImpl.java:25)
	at java.lang.reflect.Method.invoke(Method.java:585)
	at junit.framework.TestCase.runTest(TestCase.java:154)
	at junit.framework.TestCase.runBare(TestCase.java:127)
	at junit.framework.TestResult$1.protect(TestResult.java:106)
	at junit.framework.TestResult.runProtected(TestResult.java:124)
	at junit.framework.TestResult.run(TestResult.java:109)
	at junit.framework.TestCase.run(TestCase.java:118)
	at junit.framework.TestSuite.runTest(TestSuite.java:208)
	at junit.framework.TestSuite.run(TestSuite.java:203)
	at junit.framework.TestSuite.runTest(TestSuite.java:208)
	at junit.framework.TestSuite.run(TestSuite.java:203)
	at junit.framework.TestSuite.runTest(TestSuite.java:208)
	at junit.framework.TestSuite.run(TestSuite.java:203)
	at org.apache.tools.ant.taskdefs.optional.junit.JUnitTestRunner.run(JUnitTestRunner.java:421)
	at org.apache.tools.ant.taskdefs.optional.junit.JUnitTestRunner.launch(JUnitTestRunner.java:912)
	at org.apache.tools.ant.taskdefs.optional.junit.JUnitTestRunner.main(JUnitTestRunner.java:766)
[Entering method <com.topcoder.clients.manager.dao.DAOCompanyManager.searchCompaniesByName(String name)>; Parameters:{ ParamName<name>; ParamValue: <  >  }  at 2008-08-29 23:59:02.437 ]
[Error occurred in method <com.topcoder.clients.manager.dao.DAOCompanyManager.searchCompaniesByName(String name)>, cause by :
java.lang.IllegalArgumentException: The parameter with name should not be empty string.
	at com.topcoder.clients.manager.dao.Helper.checkString(Helper.java:101)
	at com.topcoder.clients.manager.dao.DAOCompanyManager.searchCompaniesByName(DAOCompanyManager.java:488)
	at com.topcoder.clients.manager.failuretests.TestDAOCompanyManagerFailure.testSearchCompaniesByNameFailure2(TestDAOCompanyManagerFailure.java:718)
	at sun.reflect.NativeMethodAccessorImpl.invoke0(Native Method)
	at sun.reflect.NativeMethodAccessorImpl.invoke(NativeMethodAccessorImpl.java:39)
	at sun.reflect.DelegatingMethodAccessorImpl.invoke(DelegatingMethodAccessorImpl.java:25)
	at java.lang.reflect.Method.invoke(Method.java:585)
	at junit.framework.TestCase.runTest(TestCase.java:154)
	at junit.framework.TestCase.runBare(TestCase.java:127)
	at junit.framework.TestResult$1.protect(TestResult.java:106)
	at junit.framework.TestResult.runProtected(TestResult.java:124)
	at junit.framework.TestResult.run(TestResult.java:109)
	at junit.framework.TestCase.run(TestCase.java:118)
	at junit.framework.TestSuite.runTest(TestSuite.java:208)
	at junit.framework.TestSuite.run(TestSuite.java:203)
	at junit.framework.TestSuite.runTest(TestSuite.java:208)
	at junit.framework.TestSuite.run(TestSuite.java:203)
	at junit.framework.TestSuite.runTest(TestSuite.java:208)
	at junit.framework.TestSuite.run(TestSuite.java:203)
	at org.apache.tools.ant.taskdefs.optional.junit.JUnitTestRunner.run(JUnitTestRunner.java:421)
	at org.apache.tools.ant.taskdefs.optional.junit.JUnitTestRunner.launch(JUnitTestRunner.java:912)
	at org.apache.tools.ant.taskdefs.optional.junit.JUnitTestRunner.main(JUnitTestRunner.java:766)
[Entering method <com.topcoder.clients.manager.dao.DAOCompanyManager.searchCompaniesByName(String name)>; Parameters:{ ParamName<name>; ParamValue: <DAOException>  }  at 2008-08-29 23:59:02.437 ]
[Error occurred in method <com.topcoder.clients.manager.dao.DAOCompanyManager.searchCompaniesByName(String name)>, cause by :
com.topcoder.clients.manager.CompanyManagerException: Fail to search companies by name = DAOException cause by Throw for testing
	at com.topcoder.clients.manager.dao.DAOCompanyManager.wrapInnerException(DAOCompanyManager.java:254)
	at com.topcoder.clients.manager.dao.DAOCompanyManager.searchCompaniesByName(DAOCompanyManager.java:502)
	at com.topcoder.clients.manager.failuretests.TestDAOCompanyManagerFailure.testSearchCompaniesByNameFailure3(TestDAOCompanyManagerFailure.java:736)
	at sun.reflect.NativeMethodAccessorImpl.invoke0(Native Method)
	at sun.reflect.NativeMethodAccessorImpl.invoke(NativeMethodAccessorImpl.java:39)
	at sun.reflect.DelegatingMethodAccessorImpl.invoke(DelegatingMethodAccessorImpl.java:25)
	at java.lang.reflect.Method.invoke(Method.java:585)
	at junit.framework.TestCase.runTest(TestCase.java:154)
	at junit.framework.TestCase.runBare(TestCase.java:127)
	at junit.framework.TestResult$1.protect(TestResult.java:106)
	at junit.framework.TestResult.runProtected(TestResult.java:124)
	at junit.framework.TestResult.run(TestResult.java:109)
	at junit.framework.TestCase.run(TestCase.java:118)
	at junit.framework.TestSuite.runTest(TestSuite.java:208)
	at junit.framework.TestSuite.run(TestSuite.java:203)
	at junit.framework.TestSuite.runTest(TestSuite.java:208)
	at junit.framework.TestSuite.run(TestSuite.java:203)
	at junit.framework.TestSuite.runTest(TestSuite.java:208)
	at junit.framework.TestSuite.run(TestSuite.java:203)
	at org.apache.tools.ant.taskdefs.optional.junit.JUnitTestRunner.run(JUnitTestRunner.java:421)
	at org.apache.tools.ant.taskdefs.optional.junit.JUnitTestRunner.launch(JUnitTestRunner.java:912)
	at org.apache.tools.ant.taskdefs.optional.junit.JUnitTestRunner.main(JUnitTestRunner.java:766)
Caused by: com.topcoder.clients.dao.DAOException: Throw for testing
	at com.topcoder.clients.manager.MockCompanyDAO.searchByName(MockCompanyDAO.java:112)
	at com.topcoder.clients.manager.dao.DAOCompanyManager.searchCompaniesByName(DAOCompanyManager.java:490)
	... 20 more
[Entering method <com.topcoder.clients.manager.dao.DAOCompanyManager.searchCompaniesByName(String name)>; Parameters:{ ParamName<name>; ParamValue: <DAOConfigurationException>  }  at 2008-08-29 23:59:02.437 ]
[Error occurred in method <com.topcoder.clients.manager.dao.DAOCompanyManager.searchCompaniesByName(String name)>, cause by :
com.topcoder.clients.manager.CompanyManagerException: Fail to search companies by name=DAOConfigurationException cause by Throw for testing
	at com.topcoder.clients.manager.dao.DAOCompanyManager.wrapInnerException(DAOCompanyManager.java:254)
	at com.topcoder.clients.manager.dao.DAOCompanyManager.searchCompaniesByName(DAOCompanyManager.java:499)
	at com.topcoder.clients.manager.failuretests.TestDAOCompanyManagerFailure.testSearchCompaniesByNameFailure4(TestDAOCompanyManagerFailure.java:754)
	at sun.reflect.NativeMethodAccessorImpl.invoke0(Native Method)
	at sun.reflect.NativeMethodAccessorImpl.invoke(NativeMethodAccessorImpl.java:39)
	at sun.reflect.DelegatingMethodAccessorImpl.invoke(DelegatingMethodAccessorImpl.java:25)
	at java.lang.reflect.Method.invoke(Method.java:585)
	at junit.framework.TestCase.runTest(TestCase.java:154)
	at junit.framework.TestCase.runBare(TestCase.java:127)
	at junit.framework.TestResult$1.protect(TestResult.java:106)
	at junit.framework.TestResult.runProtected(TestResult.java:124)
	at junit.framework.TestResult.run(TestResult.java:109)
	at junit.framework.TestCase.run(TestCase.java:118)
	at junit.framework.TestSuite.runTest(TestSuite.java:208)
	at junit.framework.TestSuite.run(TestSuite.java:203)
	at junit.framework.TestSuite.runTest(TestSuite.java:208)
	at junit.framework.TestSuite.run(TestSuite.java:203)
	at junit.framework.TestSuite.runTest(TestSuite.java:208)
	at junit.framework.TestSuite.run(TestSuite.java:203)
	at org.apache.tools.ant.taskdefs.optional.junit.JUnitTestRunner.run(JUnitTestRunner.java:421)
	at org.apache.tools.ant.taskdefs.optional.junit.JUnitTestRunner.launch(JUnitTestRunner.java:912)
	at org.apache.tools.ant.taskdefs.optional.junit.JUnitTestRunner.main(JUnitTestRunner.java:766)
Caused by: com.topcoder.clients.dao.DAOConfigurationException: Throw for testing
	at com.topcoder.clients.manager.MockCompanyDAO.searchByName(MockCompanyDAO.java:116)
	at com.topcoder.clients.manager.dao.DAOCompanyManager.searchCompaniesByName(DAOCompanyManager.java:490)
	... 20 more
[Entering method <com.topcoder.clients.manager.dao.DAOCompanyManager.searchCompanies(Filter filter)>; Parameters:{ ParamName<filter>; ParamValue: <null>  }  at 2008-08-29 23:59:02.453 ]
[Error occurred in method <com.topcoder.clients.manager.dao.DAOCompanyManager.searchCompanies(Filter filter)>, cause by :
java.lang.IllegalArgumentException: The parameter 'filter' should not be null.
	at com.topcoder.clients.manager.dao.Helper.checkNull(Helper.java:69)
	at com.topcoder.clients.manager.dao.DAOCompanyManager.searchCompanies(DAOCompanyManager.java:526)
	at com.topcoder.clients.manager.failuretests.TestDAOCompanyManagerFailure.testSearchCompaniesFailure1(TestDAOCompanyManagerFailure.java:772)
	at sun.reflect.NativeMethodAccessorImpl.invoke0(Native Method)
	at sun.reflect.NativeMethodAccessorImpl.invoke(NativeMethodAccessorImpl.java:39)
	at sun.reflect.DelegatingMethodAccessorImpl.invoke(DelegatingMethodAccessorImpl.java:25)
	at java.lang.reflect.Method.invoke(Method.java:585)
	at junit.framework.TestCase.runTest(TestCase.java:154)
	at junit.framework.TestCase.runBare(TestCase.java:127)
	at junit.framework.TestResult$1.protect(TestResult.java:106)
	at junit.framework.TestResult.runProtected(TestResult.java:124)
	at junit.framework.TestResult.run(TestResult.java:109)
	at junit.framework.TestCase.run(TestCase.java:118)
	at junit.framework.TestSuite.runTest(TestSuite.java:208)
	at junit.framework.TestSuite.run(TestSuite.java:203)
	at junit.framework.TestSuite.runTest(TestSuite.java:208)
	at junit.framework.TestSuite.run(TestSuite.java:203)
	at junit.framework.TestSuite.runTest(TestSuite.java:208)
	at junit.framework.TestSuite.run(TestSuite.java:203)
	at org.apache.tools.ant.taskdefs.optional.junit.JUnitTestRunner.run(JUnitTestRunner.java:421)
	at org.apache.tools.ant.taskdefs.optional.junit.JUnitTestRunner.launch(JUnitTestRunner.java:912)
	at org.apache.tools.ant.taskdefs.optional.junit.JUnitTestRunner.main(JUnitTestRunner.java:766)
[Entering method <com.topcoder.clients.manager.dao.DAOCompanyManager.searchCompanies(Filter filter)>; Parameters:{ ParamName<filter>; ParamValue: <com.topcoder.search.builder.filter.EqualToFilter@16614e7>  }  at 2008-08-29 23:59:02.453 ]
[Error occurred in method <com.topcoder.clients.manager.dao.DAOCompanyManager.searchCompanies(Filter filter)>, cause by :
com.topcoder.clients.manager.CompanyManagerException: Fail to search companies by filter, cause by Throw for testing
	at com.topcoder.clients.manager.dao.DAOCompanyManager.wrapInnerException(DAOCompanyManager.java:254)
	at com.topcoder.clients.manager.dao.DAOCompanyManager.searchCompanies(DAOCompanyManager.java:537)
	at com.topcoder.clients.manager.failuretests.TestDAOCompanyManagerFailure.testSearchCompaniesFailure2(TestDAOCompanyManagerFailure.java:792)
	at sun.reflect.NativeMethodAccessorImpl.invoke0(Native Method)
	at sun.reflect.NativeMethodAccessorImpl.invoke(NativeMethodAccessorImpl.java:39)
	at sun.reflect.DelegatingMethodAccessorImpl.invoke(DelegatingMethodAccessorImpl.java:25)
	at java.lang.reflect.Method.invoke(Method.java:585)
	at junit.framework.TestCase.runTest(TestCase.java:154)
	at junit.framework.TestCase.runBare(TestCase.java:127)
	at junit.framework.TestResult$1.protect(TestResult.java:106)
	at junit.framework.TestResult.runProtected(TestResult.java:124)
	at junit.framework.TestResult.run(TestResult.java:109)
	at junit.framework.TestCase.run(TestCase.java:118)
	at junit.framework.TestSuite.runTest(TestSuite.java:208)
	at junit.framework.TestSuite.run(TestSuite.java:203)
	at junit.framework.TestSuite.runTest(TestSuite.java:208)
	at junit.framework.TestSuite.run(TestSuite.java:203)
	at junit.framework.TestSuite.runTest(TestSuite.java:208)
	at junit.framework.TestSuite.run(TestSuite.java:203)
	at org.apache.tools.ant.taskdefs.optional.junit.JUnitTestRunner.run(JUnitTestRunner.java:421)
	at org.apache.tools.ant.taskdefs.optional.junit.JUnitTestRunner.launch(JUnitTestRunner.java:912)
	at org.apache.tools.ant.taskdefs.optional.junit.JUnitTestRunner.main(JUnitTestRunner.java:766)
Caused by: com.topcoder.clients.dao.DAOException: Throw for testing
	at com.topcoder.clients.manager.MockCompanyDAO.search(MockCompanyDAO.java:139)
	at com.topcoder.clients.manager.dao.DAOCompanyManager.searchCompanies(DAOCompanyManager.java:528)
	... 20 more
[Entering method <com.topcoder.clients.manager.dao.DAOCompanyManager.searchCompanies(Filter filter)>; Parameters:{ ParamName<filter>; ParamValue: <com.topcoder.search.builder.filter.EqualToFilter@29ce8c>  }  at 2008-08-29 23:59:02.453 ]
[Error occurred in method <com.topcoder.clients.manager.dao.DAOCompanyManager.searchCompanies(Filter filter)>, cause by :
com.topcoder.clients.manager.CompanyManagerException: Fail to search companies by filter, cause by Throw for testing
	at com.topcoder.clients.manager.dao.DAOCompanyManager.wrapInnerException(DAOCompanyManager.java:254)
	at com.topcoder.clients.manager.dao.DAOCompanyManager.searchCompanies(DAOCompanyManager.java:540)
	at com.topcoder.clients.manager.failuretests.TestDAOCompanyManagerFailure.testSearchCompaniesFailure3(TestDAOCompanyManagerFailure.java:812)
	at sun.reflect.NativeMethodAccessorImpl.invoke0(Native Method)
	at sun.reflect.NativeMethodAccessorImpl.invoke(NativeMethodAccessorImpl.java:39)
	at sun.reflect.DelegatingMethodAccessorImpl.invoke(DelegatingMethodAccessorImpl.java:25)
	at java.lang.reflect.Method.invoke(Method.java:585)
	at junit.framework.TestCase.runTest(TestCase.java:154)
	at junit.framework.TestCase.runBare(TestCase.java:127)
	at junit.framework.TestResult$1.protect(TestResult.java:106)
	at junit.framework.TestResult.runProtected(TestResult.java:124)
	at junit.framework.TestResult.run(TestResult.java:109)
	at junit.framework.TestCase.run(TestCase.java:118)
	at junit.framework.TestSuite.runTest(TestSuite.java:208)
	at junit.framework.TestSuite.run(TestSuite.java:203)
	at junit.framework.TestSuite.runTest(TestSuite.java:208)
	at junit.framework.TestSuite.run(TestSuite.java:203)
	at junit.framework.TestSuite.runTest(TestSuite.java:208)
	at junit.framework.TestSuite.run(TestSuite.java:203)
	at org.apache.tools.ant.taskdefs.optional.junit.JUnitTestRunner.run(JUnitTestRunner.java:421)
	at org.apache.tools.ant.taskdefs.optional.junit.JUnitTestRunner.launch(JUnitTestRunner.java:912)
	at org.apache.tools.ant.taskdefs.optional.junit.JUnitTestRunner.main(JUnitTestRunner.java:766)
Caused by: com.topcoder.clients.dao.DAOConfigurationException: Throw for testing
	at com.topcoder.clients.manager.MockCompanyDAO.search(MockCompanyDAO.java:143)
	at com.topcoder.clients.manager.dao.DAOCompanyManager.searchCompanies(DAOCompanyManager.java:528)
	... 20 more
[Entering method <com.topcoder.clients.manager.dao.DAOCompanyManager.getClientsForCompany(Company company)>; Parameters:{ ParamName<company>; ParamValue: <null>  }  at 2008-08-29 23:59:02.453 ]
[Error occurred in method <com.topcoder.clients.manager.dao.DAOCompanyManager.getClientsForCompany(Company company)>, cause by :
java.lang.IllegalArgumentException: The parameter 'company' should not be null.
	at com.topcoder.clients.manager.dao.Helper.checkNull(Helper.java:69)
	at com.topcoder.clients.manager.dao.DAOCompanyManager.getClientsForCompany(DAOCompanyManager.java:563)
	at com.topcoder.clients.manager.failuretests.TestDAOCompanyManagerFailure.testGetClientsForCompanyFailure1(TestDAOCompanyManagerFailure.java:830)
	at sun.reflect.NativeMethodAccessorImpl.invoke0(Native Method)
	at sun.reflect.NativeMethodAccessorImpl.invoke(NativeMethodAccessorImpl.java:39)
	at sun.reflect.DelegatingMethodAccessorImpl.invoke(DelegatingMethodAccessorImpl.java:25)
	at java.lang.reflect.Method.invoke(Method.java:585)
	at junit.framework.TestCase.runTest(TestCase.java:154)
	at junit.framework.TestCase.runBare(TestCase.java:127)
	at junit.framework.TestResult$1.protect(TestResult.java:106)
	at junit.framework.TestResult.runProtected(TestResult.java:124)
	at junit.framework.TestResult.run(TestResult.java:109)
	at junit.framework.TestCase.run(TestCase.java:118)
	at junit.framework.TestSuite.runTest(TestSuite.java:208)
	at junit.framework.TestSuite.run(TestSuite.java:203)
	at junit.framework.TestSuite.runTest(TestSuite.java:208)
	at junit.framework.TestSuite.run(TestSuite.java:203)
	at junit.framework.TestSuite.runTest(TestSuite.java:208)
	at junit.framework.TestSuite.run(TestSuite.java:203)
	at org.apache.tools.ant.taskdefs.optional.junit.JUnitTestRunner.run(JUnitTestRunner.java:421)
	at org.apache.tools.ant.taskdefs.optional.junit.JUnitTestRunner.launch(JUnitTestRunner.java:912)
	at org.apache.tools.ant.taskdefs.optional.junit.JUnitTestRunner.main(JUnitTestRunner.java:766)
[Entering method <com.topcoder.clients.manager.dao.DAOCompanyManager.getClientsForCompany(Company company)>; Parameters:{ ParamName<company>; ParamValue: <[ id=-1 name=null passcode=null isDeleted=false]>  }  at 2008-08-29 23:59:02.468 ]
[Error occurred in method <com.topcoder.clients.manager.dao.DAOCompanyManager.getClientsForCompany(Company company)>, cause by :
java.lang.IllegalArgumentException: The parameter id should not be negative.
	at com.topcoder.clients.manager.dao.Helper.checkId(Helper.java:115)
	at com.topcoder.clients.manager.dao.DAOCompanyManager.getClientsForCompany(DAOCompanyManager.java:564)
	at com.topcoder.clients.manager.failuretests.TestDAOCompanyManagerFailure.testGetClientsForCompanyFailure2(TestDAOCompanyManagerFailure.java:850)
	at sun.reflect.NativeMethodAccessorImpl.invoke0(Native Method)
	at sun.reflect.NativeMethodAccessorImpl.invoke(NativeMethodAccessorImpl.java:39)
	at sun.reflect.DelegatingMethodAccessorImpl.invoke(DelegatingMethodAccessorImpl.java:25)
	at java.lang.reflect.Method.invoke(Method.java:585)
	at junit.framework.TestCase.runTest(TestCase.java:154)
	at junit.framework.TestCase.runBare(TestCase.java:127)
	at junit.framework.TestResult$1.protect(TestResult.java:106)
	at junit.framework.TestResult.runProtected(TestResult.java:124)
	at junit.framework.TestResult.run(TestResult.java:109)
	at junit.framework.TestCase.run(TestCase.java:118)
	at junit.framework.TestSuite.runTest(TestSuite.java:208)
	at junit.framework.TestSuite.run(TestSuite.java:203)
	at junit.framework.TestSuite.runTest(TestSuite.java:208)
	at junit.framework.TestSuite.run(TestSuite.java:203)
	at junit.framework.TestSuite.runTest(TestSuite.java:208)
	at junit.framework.TestSuite.run(TestSuite.java:203)
	at org.apache.tools.ant.taskdefs.optional.junit.JUnitTestRunner.run(JUnitTestRunner.java:421)
	at org.apache.tools.ant.taskdefs.optional.junit.JUnitTestRunner.launch(JUnitTestRunner.java:912)
	at org.apache.tools.ant.taskdefs.optional.junit.JUnitTestRunner.main(JUnitTestRunner.java:766)
[Entering method <com.topcoder.clients.manager.dao.DAOCompanyManager.getClientsForCompany(Company company)>; Parameters:{ ParamName<company>; ParamValue: <[ id=1 name=null passcode=null isDeleted=false]>  }  at 2008-08-29 23:59:02.468 ]
[Error occurred in method <com.topcoder.clients.manager.dao.DAOCompanyManager.getClientsForCompany(Company company)>, cause by :
com.topcoder.clients.manager.CompanyManagerException: Fail to get clients for company, cause by For testing
	at com.topcoder.clients.manager.dao.DAOCompanyManager.wrapInnerException(DAOCompanyManager.java:254)
	at com.topcoder.clients.manager.dao.DAOCompanyManager.getClientsForCompany(DAOCompanyManager.java:578)
	at com.topcoder.clients.manager.failuretests.TestDAOCompanyManagerFailure.testGetClientsForCompanyFailure3(TestDAOCompanyManagerFailure.java:870)
	at sun.reflect.NativeMethodAccessorImpl.invoke0(Native Method)
	at sun.reflect.NativeMethodAccessorImpl.invoke(NativeMethodAccessorImpl.java:39)
	at sun.reflect.DelegatingMethodAccessorImpl.invoke(DelegatingMethodAccessorImpl.java:25)
	at java.lang.reflect.Method.invoke(Method.java:585)
	at junit.framework.TestCase.runTest(TestCase.java:154)
	at junit.framework.TestCase.runBare(TestCase.java:127)
	at junit.framework.TestResult$1.protect(TestResult.java:106)
	at junit.framework.TestResult.runProtected(TestResult.java:124)
	at junit.framework.TestResult.run(TestResult.java:109)
	at junit.framework.TestCase.run(TestCase.java:118)
	at junit.framework.TestSuite.runTest(TestSuite.java:208)
	at junit.framework.TestSuite.run(TestSuite.java:203)
	at junit.framework.TestSuite.runTest(TestSuite.java:208)
	at junit.framework.TestSuite.run(TestSuite.java:203)
	at junit.framework.TestSuite.runTest(TestSuite.java:208)
	at junit.framework.TestSuite.run(TestSuite.java:203)
	at org.apache.tools.ant.taskdefs.optional.junit.JUnitTestRunner.run(JUnitTestRunner.java:421)
	at org.apache.tools.ant.taskdefs.optional.junit.JUnitTestRunner.launch(JUnitTestRunner.java:912)
	at org.apache.tools.ant.taskdefs.optional.junit.JUnitTestRunner.main(JUnitTestRunner.java:766)
Caused by: com.topcoder.clients.dao.DAOException: For testing
	at com.topcoder.clients.manager.MockCompanyDAO.getClientsForCompany(MockCompanyDAO.java:224)
	at com.topcoder.clients.manager.MockCompanyDAO.getClientsForCompany(MockCompanyDAO.java:28)
	at com.topcoder.clients.manager.dao.DAOCompanyManager.getClientsForCompany(DAOCompanyManager.java:567)
	... 20 more
[Entering method <com.topcoder.clients.manager.dao.DAOCompanyManager.getClientsForCompany(Company company)>; Parameters:{ ParamName<company>; ParamValue: <[ id=2 name=null passcode=null isDeleted=false]>  }  at 2008-08-29 23:59:02.468 ]
[Error occurred in method <com.topcoder.clients.manager.dao.DAOCompanyManager.getClientsForCompany(Company company)>, cause by :
com.topcoder.clients.manager.CompanyManagerException: Fail to get clients for company, cause by for testing
	at com.topcoder.clients.manager.dao.DAOCompanyManager.wrapInnerException(DAOCompanyManager.java:254)
	at com.topcoder.clients.manager.dao.DAOCompanyManager.getClientsForCompany(DAOCompanyManager.java:575)
	at com.topcoder.clients.manager.failuretests.TestDAOCompanyManagerFailure.testGetClientsForCompanyFailure4(TestDAOCompanyManagerFailure.java:890)
	at sun.reflect.NativeMethodAccessorImpl.invoke0(Native Method)
	at sun.reflect.NativeMethodAccessorImpl.invoke(NativeMethodAccessorImpl.java:39)
	at sun.reflect.DelegatingMethodAccessorImpl.invoke(DelegatingMethodAccessorImpl.java:25)
	at java.lang.reflect.Method.invoke(Method.java:585)
	at junit.framework.TestCase.runTest(TestCase.java:154)
	at junit.framework.TestCase.runBare(TestCase.java:127)
	at junit.framework.TestResult$1.protect(TestResult.java:106)
	at junit.framework.TestResult.runProtected(TestResult.java:124)
	at junit.framework.TestResult.run(TestResult.java:109)
	at junit.framework.TestCase.run(TestCase.java:118)
	at junit.framework.TestSuite.runTest(TestSuite.java:208)
	at junit.framework.TestSuite.run(TestSuite.java:203)
	at junit.framework.TestSuite.runTest(TestSuite.java:208)
	at junit.framework.TestSuite.run(TestSuite.java:203)
	at junit.framework.TestSuite.runTest(TestSuite.java:208)
	at junit.framework.TestSuite.run(TestSuite.java:203)
	at org.apache.tools.ant.taskdefs.optional.junit.JUnitTestRunner.run(JUnitTestRunner.java:421)
	at org.apache.tools.ant.taskdefs.optional.junit.JUnitTestRunner.launch(JUnitTestRunner.java:912)
	at org.apache.tools.ant.taskdefs.optional.junit.JUnitTestRunner.main(JUnitTestRunner.java:766)
Caused by: com.topcoder.clients.dao.DAOConfigurationException: for testing
	at com.topcoder.clients.manager.MockCompanyDAO.getClientsForCompany(MockCompanyDAO.java:228)
	at com.topcoder.clients.manager.MockCompanyDAO.getClientsForCompany(MockCompanyDAO.java:28)
	at com.topcoder.clients.manager.dao.DAOCompanyManager.getClientsForCompany(DAOCompanyManager.java:567)
	... 20 more
[Entering method <com.topcoder.clients.manager.dao.DAOCompanyManager.getProjectsForCompany(Company company)>; Parameters:{ ParamName<company>; ParamValue: <null>  }  at 2008-08-29 23:59:02.468 ]
[Error occurred in method <com.topcoder.clients.manager.dao.DAOCompanyManager.getProjectsForCompany(Company company)>, cause by :
java.lang.IllegalArgumentException: The parameter 'company' should not be null.
	at com.topcoder.clients.manager.dao.Helper.checkNull(Helper.java:69)
	at com.topcoder.clients.manager.dao.DAOCompanyManager.getProjectsForCompany(DAOCompanyManager.java:601)
	at com.topcoder.clients.manager.failuretests.TestDAOCompanyManagerFailure.testGetProjectsForCompanyFailure1(TestDAOCompanyManagerFailure.java:909)
	at sun.reflect.NativeMethodAccessorImpl.invoke0(Native Method)
	at sun.reflect.NativeMethodAccessorImpl.invoke(NativeMethodAccessorImpl.java:39)
	at sun.reflect.DelegatingMethodAccessorImpl.invoke(DelegatingMethodAccessorImpl.java:25)
	at java.lang.reflect.Method.invoke(Method.java:585)
	at junit.framework.TestCase.runTest(TestCase.java:154)
	at junit.framework.TestCase.runBare(TestCase.java:127)
	at junit.framework.TestResult$1.protect(TestResult.java:106)
	at junit.framework.TestResult.runProtected(TestResult.java:124)
	at junit.framework.TestResult.run(TestResult.java:109)
	at junit.framework.TestCase.run(TestCase.java:118)
	at junit.framework.TestSuite.runTest(TestSuite.java:208)
	at junit.framework.TestSuite.run(TestSuite.java:203)
	at junit.framework.TestSuite.runTest(TestSuite.java:208)
	at junit.framework.TestSuite.run(TestSuite.java:203)
	at junit.framework.TestSuite.runTest(TestSuite.java:208)
	at junit.framework.TestSuite.run(TestSuite.java:203)
	at org.apache.tools.ant.taskdefs.optional.junit.JUnitTestRunner.run(JUnitTestRunner.java:421)
	at org.apache.tools.ant.taskdefs.optional.junit.JUnitTestRunner.launch(JUnitTestRunner.java:912)
	at org.apache.tools.ant.taskdefs.optional.junit.JUnitTestRunner.main(JUnitTestRunner.java:766)
[Entering method <com.topcoder.clients.manager.dao.DAOCompanyManager.getProjectsForCompany(Company company)>; Parameters:{ ParamName<company>; ParamValue: <[ id=-1 name=null passcode=null isDeleted=false]>  }  at 2008-08-29 23:59:02.484 ]
[Error occurred in method <com.topcoder.clients.manager.dao.DAOCompanyManager.getProjectsForCompany(Company company)>, cause by :
java.lang.IllegalArgumentException: The parameter id should not be negative.
	at com.topcoder.clients.manager.dao.Helper.checkId(Helper.java:115)
	at com.topcoder.clients.manager.dao.DAOCompanyManager.getProjectsForCompany(DAOCompanyManager.java:602)
	at com.topcoder.clients.manager.failuretests.TestDAOCompanyManagerFailure.testGetProjectsForCompanyFailure2(TestDAOCompanyManagerFailure.java:931)
	at sun.reflect.NativeMethodAccessorImpl.invoke0(Native Method)
	at sun.reflect.NativeMethodAccessorImpl.invoke(NativeMethodAccessorImpl.java:39)
	at sun.reflect.DelegatingMethodAccessorImpl.invoke(DelegatingMethodAccessorImpl.java:25)
	at java.lang.reflect.Method.invoke(Method.java:585)
	at junit.framework.TestCase.runTest(TestCase.java:154)
	at junit.framework.TestCase.runBare(TestCase.java:127)
	at junit.framework.TestResult$1.protect(TestResult.java:106)
	at junit.framework.TestResult.runProtected(TestResult.java:124)
	at junit.framework.TestResult.run(TestResult.java:109)
	at junit.framework.TestCase.run(TestCase.java:118)
	at junit.framework.TestSuite.runTest(TestSuite.java:208)
	at junit.framework.TestSuite.run(TestSuite.java:203)
	at junit.framework.TestSuite.runTest(TestSuite.java:208)
	at junit.framework.TestSuite.run(TestSuite.java:203)
	at junit.framework.TestSuite.runTest(TestSuite.java:208)
	at junit.framework.TestSuite.run(TestSuite.java:203)
	at org.apache.tools.ant.taskdefs.optional.junit.JUnitTestRunner.run(JUnitTestRunner.java:421)
	at org.apache.tools.ant.taskdefs.optional.junit.JUnitTestRunner.launch(JUnitTestRunner.java:912)
	at org.apache.tools.ant.taskdefs.optional.junit.JUnitTestRunner.main(JUnitTestRunner.java:766)
[Entering method <com.topcoder.clients.manager.dao.DAOCompanyManager.getProjectsForCompany(Company company)>; Parameters:{ ParamName<company>; ParamValue: <[ id=1 name=null passcode=null isDeleted=false]>  }  at 2008-08-29 23:59:02.484 ]
[Error occurred in method <com.topcoder.clients.manager.dao.DAOCompanyManager.getProjectsForCompany(Company company)>, cause by :
com.topcoder.clients.manager.CompanyManagerException: Fail to get projects for company , cause by For testing
	at com.topcoder.clients.manager.dao.DAOCompanyManager.wrapInnerException(DAOCompanyManager.java:254)
	at com.topcoder.clients.manager.dao.DAOCompanyManager.getProjectsForCompany(DAOCompanyManager.java:616)
	at com.topcoder.clients.manager.failuretests.TestDAOCompanyManagerFailure.testGetProjectsForCompanyFailure3(TestDAOCompanyManagerFailure.java:953)
	at sun.reflect.NativeMethodAccessorImpl.invoke0(Native Method)
	at sun.reflect.NativeMethodAccessorImpl.invoke(NativeMethodAccessorImpl.java:39)
	at sun.reflect.DelegatingMethodAccessorImpl.invoke(DelegatingMethodAccessorImpl.java:25)
	at java.lang.reflect.Method.invoke(Method.java:585)
	at junit.framework.TestCase.runTest(TestCase.java:154)
	at junit.framework.TestCase.runBare(TestCase.java:127)
	at junit.framework.TestResult$1.protect(TestResult.java:106)
	at junit.framework.TestResult.runProtected(TestResult.java:124)
	at junit.framework.TestResult.run(TestResult.java:109)
	at junit.framework.TestCase.run(TestCase.java:118)
	at junit.framework.TestSuite.runTest(TestSuite.java:208)
	at junit.framework.TestSuite.run(TestSuite.java:203)
	at junit.framework.TestSuite.runTest(TestSuite.java:208)
	at junit.framework.TestSuite.run(TestSuite.java:203)
	at junit.framework.TestSuite.runTest(TestSuite.java:208)
	at junit.framework.TestSuite.run(TestSuite.java:203)
	at org.apache.tools.ant.taskdefs.optional.junit.JUnitTestRunner.run(JUnitTestRunner.java:421)
	at org.apache.tools.ant.taskdefs.optional.junit.JUnitTestRunner.launch(JUnitTestRunner.java:912)
	at org.apache.tools.ant.taskdefs.optional.junit.JUnitTestRunner.main(JUnitTestRunner.java:766)
Caused by: com.topcoder.clients.dao.DAOException: For testing
	at com.topcoder.clients.manager.MockCompanyDAO.getProjectsForCompany(MockCompanyDAO.java:246)
	at com.topcoder.clients.manager.MockCompanyDAO.getProjectsForCompany(MockCompanyDAO.java:28)
	at com.topcoder.clients.manager.dao.DAOCompanyManager.getProjectsForCompany(DAOCompanyManager.java:605)
	... 20 more
[Entering method <com.topcoder.clients.manager.dao.DAOCompanyManager.getProjectsForCompany(Company company)>; Parameters:{ ParamName<company>; ParamValue: <[ id=2 name=null passcode=null isDeleted=false]>  }  at 2008-08-29 23:59:02.484 ]
[Error occurred in method <com.topcoder.clients.manager.dao.DAOCompanyManager.getProjectsForCompany(Company company)>, cause by :
com.topcoder.clients.manager.CompanyManagerException: Fail to get projects for company , cause by for testing
	at com.topcoder.clients.manager.dao.DAOCompanyManager.wrapInnerException(DAOCompanyManager.java:254)
	at com.topcoder.clients.manager.dao.DAOCompanyManager.getProjectsForCompany(DAOCompanyManager.java:613)
	at com.topcoder.clients.manager.failuretests.TestDAOCompanyManagerFailure.testGetProjectsForCompanyFailure4(TestDAOCompanyManagerFailure.java:975)
	at sun.reflect.NativeMethodAccessorImpl.invoke0(Native Method)
	at sun.reflect.NativeMethodAccessorImpl.invoke(NativeMethodAccessorImpl.java:39)
	at sun.reflect.DelegatingMethodAccessorImpl.invoke(DelegatingMethodAccessorImpl.java:25)
	at java.lang.reflect.Method.invoke(Method.java:585)
	at junit.framework.TestCase.runTest(TestCase.java:154)
	at junit.framework.TestCase.runBare(TestCase.java:127)
	at junit.framework.TestResult$1.protect(TestResult.java:106)
	at junit.framework.TestResult.runProtected(TestResult.java:124)
	at junit.framework.TestResult.run(TestResult.java:109)
	at junit.framework.TestCase.run(TestCase.java:118)
	at junit.framework.TestSuite.runTest(TestSuite.java:208)
	at junit.framework.TestSuite.run(TestSuite.java:203)
	at junit.framework.TestSuite.runTest(TestSuite.java:208)
	at junit.framework.TestSuite.run(TestSuite.java:203)
	at junit.framework.TestSuite.runTest(TestSuite.java:208)
	at junit.framework.TestSuite.run(TestSuite.java:203)
	at org.apache.tools.ant.taskdefs.optional.junit.JUnitTestRunner.run(JUnitTestRunner.java:421)
	at org.apache.tools.ant.taskdefs.optional.junit.JUnitTestRunner.launch(JUnitTestRunner.java:912)
	at org.apache.tools.ant.taskdefs.optional.junit.JUnitTestRunner.main(JUnitTestRunner.java:766)
Caused by: com.topcoder.clients.dao.DAOConfigurationException: for testing
	at com.topcoder.clients.manager.MockCompanyDAO.getProjectsForCompany(MockCompanyDAO.java:250)
	at com.topcoder.clients.manager.MockCompanyDAO.getProjectsForCompany(MockCompanyDAO.java:28)
	at com.topcoder.clients.manager.dao.DAOCompanyManager.getProjectsForCompany(DAOCompanyManager.java:605)
	... 20 more
[Entering method <com.topcoder.clients.manager.dao.DAOProjectManager.retrieveProject(long id)>; Parameters:{ ParamName<id>; ParamValue: <-1>  }  at 2008-08-29 23:59:02.500 ]
[Entering method <com.topcoder.clients.manager.dao.DAOProjectManager.retrieveProject(long id, boolean includeChildren)>; Parameters:{ ParamName<id>; ParamValue: <-1> , ParamName<includeChildren>; ParamValue: <true>  }  at 2008-08-29 23:59:02.500 ]
[Error occurred in method <com.topcoder.clients.manager.dao.DAOProjectManager.retrieveProject(long id, boolean includeChildren)>, cause by :
java.lang.IllegalArgumentException: The parameter id should not be negative.
	at com.topcoder.clients.manager.dao.Helper.checkId(Helper.java:115)
	at com.topcoder.clients.manager.dao.DAOProjectManager.retrieveProject(DAOProjectManager.java:555)
	at com.topcoder.clients.manager.dao.DAOProjectManager.retrieveProject(DAOProjectManager.java:528)
	at com.topcoder.clients.manager.failuretests.TestDAOProjectManagerFailure.testRetrieveProjectLong_1(TestDAOProjectManagerFailure.java:852)
	at sun.reflect.NativeMethodAccessorImpl.invoke0(Native Method)
	at sun.reflect.NativeMethodAccessorImpl.invoke(NativeMethodAccessorImpl.java:39)
	at sun.reflect.DelegatingMethodAccessorImpl.invoke(DelegatingMethodAccessorImpl.java:25)
	at java.lang.reflect.Method.invoke(Method.java:585)
	at junit.framework.TestCase.runTest(TestCase.java:154)
	at junit.framework.TestCase.runBare(TestCase.java:127)
	at junit.framework.TestResult$1.protect(TestResult.java:106)
	at junit.framework.TestResult.runProtected(TestResult.java:124)
	at junit.framework.TestResult.run(TestResult.java:109)
	at junit.framework.TestCase.run(TestCase.java:118)
	at junit.framework.TestSuite.runTest(TestSuite.java:208)
	at junit.framework.TestSuite.run(TestSuite.java:203)
	at junit.framework.TestSuite.runTest(TestSuite.java:208)
	at junit.framework.TestSuite.run(TestSuite.java:203)
	at junit.framework.TestSuite.runTest(TestSuite.java:208)
	at junit.framework.TestSuite.run(TestSuite.java:203)
	at org.apache.tools.ant.taskdefs.optional.junit.JUnitTestRunner.run(JUnitTestRunner.java:421)
	at org.apache.tools.ant.taskdefs.optional.junit.JUnitTestRunner.launch(JUnitTestRunner.java:912)
	at org.apache.tools.ant.taskdefs.optional.junit.JUnitTestRunner.main(JUnitTestRunner.java:766)
[Entering method <com.topcoder.clients.manager.dao.DAOProjectManager.retrieveProject(long id)>; Parameters:{ ParamName<id>; ParamValue: <101>  }  at 2008-08-29 23:59:02.500 ]
[Entering method <com.topcoder.clients.manager.dao.DAOProjectManager.retrieveProject(long id, boolean includeChildren)>; Parameters:{ ParamName<id>; ParamValue: <101> , ParamName<includeChildren>; ParamValue: <true>  }  at 2008-08-29 23:59:02.500 ]
[Error occurred in method <com.topcoder.clients.manager.dao.DAOProjectManager.retrieveProject(long id, boolean includeChildren)>, cause by :
com.topcoder.clients.manager.ProjectManagerException: Fail to retrieve project with id=101 cause by Throw for testing
	at com.topcoder.clients.manager.dao.DAOProjectManager.wrapInnerException(DAOProjectManager.java:351)
	at com.topcoder.clients.manager.dao.DAOProjectManager.retrieveProject(DAOProjectManager.java:570)
	at com.topcoder.clients.manager.dao.DAOProjectManager.retrieveProject(DAOProjectManager.java:528)
	at com.topcoder.clients.manager.failuretests.TestDAOProjectManagerFailure.testRetrieveProjectLong_2(TestDAOProjectManagerFailure.java:871)
	at sun.reflect.NativeMethodAccessorImpl.invoke0(Native Method)
	at sun.reflect.NativeMethodAccessorImpl.invoke(NativeMethodAccessorImpl.java:39)
	at sun.reflect.DelegatingMethodAccessorImpl.invoke(DelegatingMethodAccessorImpl.java:25)
	at java.lang.reflect.Method.invoke(Method.java:585)
	at junit.framework.TestCase.runTest(TestCase.java:154)
	at junit.framework.TestCase.runBare(TestCase.java:127)
	at junit.framework.TestResult$1.protect(TestResult.java:106)
	at junit.framework.TestResult.runProtected(TestResult.java:124)
	at junit.framework.TestResult.run(TestResult.java:109)
	at junit.framework.TestCase.run(TestCase.java:118)
	at junit.framework.TestSuite.runTest(TestSuite.java:208)
	at junit.framework.TestSuite.run(TestSuite.java:203)
	at junit.framework.TestSuite.runTest(TestSuite.java:208)
	at junit.framework.TestSuite.run(TestSuite.java:203)
	at junit.framework.TestSuite.runTest(TestSuite.java:208)
	at junit.framework.TestSuite.run(TestSuite.java:203)
	at org.apache.tools.ant.taskdefs.optional.junit.JUnitTestRunner.run(JUnitTestRunner.java:421)
	at org.apache.tools.ant.taskdefs.optional.junit.JUnitTestRunner.launch(JUnitTestRunner.java:912)
	at org.apache.tools.ant.taskdefs.optional.junit.JUnitTestRunner.main(JUnitTestRunner.java:766)
Caused by: com.topcoder.clients.dao.DAOException: Throw for testing
	at com.topcoder.clients.manager.MockProjectDAO.retrieveById(MockProjectDAO.java:219)
	at com.topcoder.clients.manager.MockProjectDAO.retrieveById(MockProjectDAO.java:27)
	at com.topcoder.clients.manager.dao.DAOProjectManager.retrieveProject(DAOProjectManager.java:558)
	... 21 more
[Entering method <com.topcoder.clients.manager.dao.DAOProjectManager.retrieveProject(long id, boolean includeChildren)>; Parameters:{ ParamName<id>; ParamValue: <101> , ParamName<includeChildren>; ParamValue: <false>  }  at 2008-08-29 23:59:02.500 ]
[Error occurred in method <com.topcoder.clients.manager.dao.DAOProjectManager.retrieveProject(long id, boolean includeChildren)>, cause by :
com.topcoder.clients.manager.ProjectManagerException: Fail to retrieve project with id=101 cause by Throw for testing
	at com.topcoder.clients.manager.dao.DAOProjectManager.wrapInnerException(DAOProjectManager.java:351)
	at com.topcoder.clients.manager.dao.DAOProjectManager.retrieveProject(DAOProjectManager.java:570)
	at com.topcoder.clients.manager.failuretests.TestDAOProjectManagerFailure.testRetrieveProjectLongBoolean_2(TestDAOProjectManagerFailure.java:926)
	at sun.reflect.NativeMethodAccessorImpl.invoke0(Native Method)
	at sun.reflect.NativeMethodAccessorImpl.invoke(NativeMethodAccessorImpl.java:39)
	at sun.reflect.DelegatingMethodAccessorImpl.invoke(DelegatingMethodAccessorImpl.java:25)
	at java.lang.reflect.Method.invoke(Method.java:585)
	at junit.framework.TestCase.runTest(TestCase.java:154)
	at junit.framework.TestCase.runBare(TestCase.java:127)
	at junit.framework.TestResult$1.protect(TestResult.java:106)
	at junit.framework.TestResult.runProtected(TestResult.java:124)
	at junit.framework.TestResult.run(TestResult.java:109)
	at junit.framework.TestCase.run(TestCase.java:118)
	at junit.framework.TestSuite.runTest(TestSuite.java:208)
	at junit.framework.TestSuite.run(TestSuite.java:203)
	at junit.framework.TestSuite.runTest(TestSuite.java:208)
	at junit.framework.TestSuite.run(TestSuite.java:203)
	at junit.framework.TestSuite.runTest(TestSuite.java:208)
	at junit.framework.TestSuite.run(TestSuite.java:203)
	at org.apache.tools.ant.taskdefs.optional.junit.JUnitTestRunner.run(JUnitTestRunner.java:421)
	at org.apache.tools.ant.taskdefs.optional.junit.JUnitTestRunner.launch(JUnitTestRunner.java:912)
	at org.apache.tools.ant.taskdefs.optional.junit.JUnitTestRunner.main(JUnitTestRunner.java:766)
Caused by: com.topcoder.clients.dao.DAOException: Throw for testing
	at com.topcoder.clients.manager.MockProjectDAO.retrieveById(MockProjectDAO.java:219)
	at com.topcoder.clients.manager.MockProjectDAO.retrieveById(MockProjectDAO.java:27)
	at com.topcoder.clients.manager.dao.DAOProjectManager.retrieveProject(DAOProjectManager.java:558)
	... 20 more
[Entering method <com.topcoder.clients.manager.dao.DAOProjectManager.retrieveProjectsForClient(Client client)>; Parameters:{ ParamName<client>; ParamValue: <null>  }  at 2008-08-29 23:59:02.500 ]
[Entering method <com.topcoder.clients.manager.dao.DAOProjectManager.retrieveProjectsForClient(Client client, boolean includeChildren)>; Parameters:{ ParamName<client>; ParamValue: <null> , ParamName<includeChildren>; ParamValue: <true>  }  at 2008-08-29 23:59:02.500 ]
[Error occurred in method <com.topcoder.clients.manager.dao.DAOProjectManager.retrieveProjectsForClient(Client client, boolean includeChildren)>, cause by :
java.lang.IllegalArgumentException: The parameter 'client' should not be null.
	at com.topcoder.clients.manager.dao.Helper.checkNull(Helper.java:69)
	at com.topcoder.clients.manager.dao.DAOProjectManager.retrieveProjectsForClient(DAOProjectManager.java:625)
	at com.topcoder.clients.manager.dao.DAOProjectManager.retrieveProjectsForClient(DAOProjectManager.java:594)
	at com.topcoder.clients.manager.failuretests.TestDAOProjectManagerFailure.testRetrieveProjectsForClientClient_1(TestDAOProjectManagerFailure.java:962)
	at sun.reflect.NativeMethodAccessorImpl.invoke0(Native Method)
	at sun.reflect.NativeMethodAccessorImpl.invoke(NativeMethodAccessorImpl.java:39)
	at sun.reflect.DelegatingMethodAccessorImpl.invoke(DelegatingMethodAccessorImpl.java:25)
	at java.lang.reflect.Method.invoke(Method.java:585)
	at junit.framework.TestCase.runTest(TestCase.java:154)
	at junit.framework.TestCase.runBare(TestCase.java:127)
	at junit.framework.TestResult$1.protect(TestResult.java:106)
	at junit.framework.TestResult.runProtected(TestResult.java:124)
	at junit.framework.TestResult.run(TestResult.java:109)
	at junit.framework.TestCase.run(TestCase.java:118)
	at junit.framework.TestSuite.runTest(TestSuite.java:208)
	at junit.framework.TestSuite.run(TestSuite.java:203)
	at junit.framework.TestSuite.runTest(TestSuite.java:208)
	at junit.framework.TestSuite.run(TestSuite.java:203)
	at junit.framework.TestSuite.runTest(TestSuite.java:208)
	at junit.framework.TestSuite.run(TestSuite.java:203)
	at org.apache.tools.ant.taskdefs.optional.junit.JUnitTestRunner.run(JUnitTestRunner.java:421)
	at org.apache.tools.ant.taskdefs.optional.junit.JUnitTestRunner.launch(JUnitTestRunner.java:912)
	at org.apache.tools.ant.taskdefs.optional.junit.JUnitTestRunner.main(JUnitTestRunner.java:766)
[Entering method <com.topcoder.clients.manager.dao.DAOProjectManager.retrieveProjectsForClient(Client client)>; Parameters:{ ParamName<client>; ParamValue: <[ id=-1 name=null codeName=null salesTax=0.0 isDeleted=false company=null clientStatus=null]>  }  at 2008-08-29 23:59:02.515 ]
[Entering method <com.topcoder.clients.manager.dao.DAOProjectManager.retrieveProjectsForClient(Client client, boolean includeChildren)>; Parameters:{ ParamName<client>; ParamValue: <[ id=-1 name=null codeName=null salesTax=0.0 isDeleted=false company=null clientStatus=null]> , ParamName<includeChildren>; ParamValue: <true>  }  at 2008-08-29 23:59:02.515 ]
[Error occurred in method <com.topcoder.clients.manager.dao.DAOProjectManager.retrieveProjectsForClient(Client client, boolean includeChildren)>, cause by :
java.lang.IllegalArgumentException: The client id should not be negative.
	at com.topcoder.clients.manager.dao.DAOProjectManager.retrieveProjectsForClient(DAOProjectManager.java:627)
	at com.topcoder.clients.manager.dao.DAOProjectManager.retrieveProjectsForClient(DAOProjectManager.java:594)
	at com.topcoder.clients.manager.failuretests.TestDAOProjectManagerFailure.testRetrieveProjectsForClientClient_2(TestDAOProjectManagerFailure.java:982)
	at sun.reflect.NativeMethodAccessorImpl.invoke0(Native Method)
	at sun.reflect.NativeMethodAccessorImpl.invoke(NativeMethodAccessorImpl.java:39)
	at sun.reflect.DelegatingMethodAccessorImpl.invoke(DelegatingMethodAccessorImpl.java:25)
	at java.lang.reflect.Method.invoke(Method.java:585)
	at junit.framework.TestCase.runTest(TestCase.java:154)
	at junit.framework.TestCase.runBare(TestCase.java:127)
	at junit.framework.TestResult$1.protect(TestResult.java:106)
	at junit.framework.TestResult.runProtected(TestResult.java:124)
	at junit.framework.TestResult.run(TestResult.java:109)
	at junit.framework.TestCase.run(TestCase.java:118)
	at junit.framework.TestSuite.runTest(TestSuite.java:208)
	at junit.framework.TestSuite.run(TestSuite.java:203)
	at junit.framework.TestSuite.runTest(TestSuite.java:208)
	at junit.framework.TestSuite.run(TestSuite.java:203)
	at junit.framework.TestSuite.runTest(TestSuite.java:208)
	at junit.framework.TestSuite.run(TestSuite.java:203)
	at org.apache.tools.ant.taskdefs.optional.junit.JUnitTestRunner.run(JUnitTestRunner.java:421)
	at org.apache.tools.ant.taskdefs.optional.junit.JUnitTestRunner.launch(JUnitTestRunner.java:912)
	at org.apache.tools.ant.taskdefs.optional.junit.JUnitTestRunner.main(JUnitTestRunner.java:766)
[Entering method <com.topcoder.clients.manager.dao.DAOProjectManager.retrieveAllProjects(boolean includeChildren)>; Parameters:{ ParamName<includeChildren>; ParamValue: <false>  }  at 2008-08-29 23:59:02.515 ]
[Error occurred in method <com.topcoder.clients.manager.dao.DAOProjectManager.retrieveAllProjects(boolean includeChildren)>, cause by :
com.topcoder.clients.manager.ProjectManagerException: Fail to retrieve all Projects, cause by Throw for testing
	at com.topcoder.clients.manager.dao.DAOProjectManager.wrapInnerException(DAOProjectManager.java:351)
	at com.topcoder.clients.manager.dao.DAOProjectManager.retrieveAllProjects(DAOProjectManager.java:709)
	at com.topcoder.clients.manager.failuretests.TestDAOProjectManagerFailure.testRetrieveAllProjectsBoolean_1(TestDAOProjectManagerFailure.java:1089)
	at sun.reflect.NativeMethodAccessorImpl.invoke0(Native Method)
	at sun.reflect.NativeMethodAccessorImpl.invoke(NativeMethodAccessorImpl.java:39)
	at sun.reflect.DelegatingMethodAccessorImpl.invoke(DelegatingMethodAccessorImpl.java:25)
	at java.lang.reflect.Method.invoke(Method.java:585)
	at junit.framework.TestCase.runTest(TestCase.java:154)
	at junit.framework.TestCase.runBare(TestCase.java:127)
	at junit.framework.TestResult$1.protect(TestResult.java:106)
	at junit.framework.TestResult.runProtected(TestResult.java:124)
	at junit.framework.TestResult.run(TestResult.java:109)
	at junit.framework.TestCase.run(TestCase.java:118)
	at junit.framework.TestSuite.runTest(TestSuite.java:208)
	at junit.framework.TestSuite.run(TestSuite.java:203)
	at junit.framework.TestSuite.runTest(TestSuite.java:208)
	at junit.framework.TestSuite.run(TestSuite.java:203)
	at junit.framework.TestSuite.runTest(TestSuite.java:208)
	at junit.framework.TestSuite.run(TestSuite.java:203)
	at org.apache.tools.ant.taskdefs.optional.junit.JUnitTestRunner.run(JUnitTestRunner.java:421)
	at org.apache.tools.ant.taskdefs.optional.junit.JUnitTestRunner.launch(JUnitTestRunner.java:912)
	at org.apache.tools.ant.taskdefs.optional.junit.JUnitTestRunner.main(JUnitTestRunner.java:766)
Caused by: com.topcoder.clients.dao.DAOException: Throw for testing
	at com.topcoder.clients.manager.MockProjectDAO.retrieveAll(MockProjectDAO.java:54)
	at com.topcoder.clients.manager.dao.DAOProjectManager.retrieveAllProjects(DAOProjectManager.java:698)
	... 20 more
Caused by: java.lang.NullPointerException: NPE Raised 
	... 22 more
[Entering method <com.topcoder.clients.manager.dao.DAOProjectManager.retrieveAllProjects(boolean includeChildren)>; Parameters:{ ParamName<includeChildren>; ParamValue: <false>  }  at 2008-08-29 23:59:02.515 ]
[Error occurred in method <com.topcoder.clients.manager.dao.DAOProjectManager.retrieveAllProjects(boolean includeChildren)>, cause by :
com.topcoder.clients.manager.ProjectManagerException: Fail to retrieve all Projects, cause by Throw for testing
	at com.topcoder.clients.manager.dao.DAOProjectManager.wrapInnerException(DAOProjectManager.java:351)
	at com.topcoder.clients.manager.dao.DAOProjectManager.retrieveAllProjects(DAOProjectManager.java:706)
	at com.topcoder.clients.manager.failuretests.TestDAOProjectManagerFailure.testRetrieveAllProjectsBoolean_2(TestDAOProjectManagerFailure.java:1112)
	at sun.reflect.NativeMethodAccessorImpl.invoke0(Native Method)
	at sun.reflect.NativeMethodAccessorImpl.invoke(NativeMethodAccessorImpl.java:39)
	at sun.reflect.DelegatingMethodAccessorImpl.invoke(DelegatingMethodAccessorImpl.java:25)
	at java.lang.reflect.Method.invoke(Method.java:585)
	at junit.framework.TestCase.runTest(TestCase.java:154)
	at junit.framework.TestCase.runBare(TestCase.java:127)
	at junit.framework.TestResult$1.protect(TestResult.java:106)
	at junit.framework.TestResult.runProtected(TestResult.java:124)
	at junit.framework.TestResult.run(TestResult.java:109)
	at junit.framework.TestCase.run(TestCase.java:118)
	at junit.framework.TestSuite.runTest(TestSuite.java:208)
	at junit.framework.TestSuite.run(TestSuite.java:203)
	at junit.framework.TestSuite.runTest(TestSuite.java:208)
	at junit.framework.TestSuite.run(TestSuite.java:203)
	at junit.framework.TestSuite.runTest(TestSuite.java:208)
	at junit.framework.TestSuite.run(TestSuite.java:203)
	at org.apache.tools.ant.taskdefs.optional.junit.JUnitTestRunner.run(JUnitTestRunner.java:421)
	at org.apache.tools.ant.taskdefs.optional.junit.JUnitTestRunner.launch(JUnitTestRunner.java:912)
	at org.apache.tools.ant.taskdefs.optional.junit.JUnitTestRunner.main(JUnitTestRunner.java:766)
Caused by: com.topcoder.clients.dao.DAOConfigurationException: Throw for testing
	at com.topcoder.clients.manager.MockProjectDAO.retrieveAll(MockProjectDAO.java:58)
	at com.topcoder.clients.manager.dao.DAOProjectManager.retrieveAllProjects(DAOProjectManager.java:698)
	... 20 more
Caused by: java.lang.NullPointerException: NPE Raised 
	... 22 more
[Entering method <com.topcoder.clients.manager.dao.DAOProjectManager.searchProjectsByName(String name)>; Parameters:{ ParamName<name>; ParamValue: <null>  }  at 2008-08-29 23:59:02.531 ]
[Error occurred in method <com.topcoder.clients.manager.dao.DAOProjectManager.searchProjectsByName(String name)>, cause by :
java.lang.IllegalArgumentException: The parameter 'name' should not be null.
	at com.topcoder.clients.manager.dao.Helper.checkNull(Helper.java:69)
	at com.topcoder.clients.manager.dao.Helper.checkString(Helper.java:98)
	at com.topcoder.clients.manager.dao.DAOProjectManager.searchProjectsByName(DAOProjectManager.java:777)
	at com.topcoder.clients.manager.failuretests.TestDAOProjectManagerFailure.testSearchProjectsByName_1(TestDAOProjectManagerFailure.java:1404)
	at sun.reflect.NativeMethodAccessorImpl.invoke0(Native Method)
	at sun.reflect.NativeMethodAccessorImpl.invoke(NativeMethodAccessorImpl.java:39)
	at sun.reflect.DelegatingMethodAccessorImpl.invoke(DelegatingMethodAccessorImpl.java:25)
	at java.lang.reflect.Method.invoke(Method.java:585)
	at junit.framework.TestCase.runTest(TestCase.java:154)
	at junit.framework.TestCase.runBare(TestCase.java:127)
	at junit.framework.TestResult$1.protect(TestResult.java:106)
	at junit.framework.TestResult.runProtected(TestResult.java:124)
	at junit.framework.TestResult.run(TestResult.java:109)
	at junit.framework.TestCase.run(TestCase.java:118)
	at junit.framework.TestSuite.runTest(TestSuite.java:208)
	at junit.framework.TestSuite.run(TestSuite.java:203)
	at junit.framework.TestSuite.runTest(TestSuite.java:208)
	at junit.framework.TestSuite.run(TestSuite.java:203)
	at junit.framework.TestSuite.runTest(TestSuite.java:208)
	at junit.framework.TestSuite.run(TestSuite.java:203)
	at org.apache.tools.ant.taskdefs.optional.junit.JUnitTestRunner.run(JUnitTestRunner.java:421)
	at org.apache.tools.ant.taskdefs.optional.junit.JUnitTestRunner.launch(JUnitTestRunner.java:912)
	at org.apache.tools.ant.taskdefs.optional.junit.JUnitTestRunner.main(JUnitTestRunner.java:766)
[Entering method <com.topcoder.clients.manager.dao.DAOProjectManager.searchProjectsByName(String name)>; Parameters:{ ParamName<name>; ParamValue: <DAOException>  }  at 2008-08-29 23:59:02.531 ]
[Error occurred in method <com.topcoder.clients.manager.dao.DAOProjectManager.searchProjectsByName(String name)>, cause by :
com.topcoder.clients.manager.ProjectManagerException: Fail to search projects by name=DAOException cause by Throw for testing
	at com.topcoder.clients.manager.dao.DAOProjectManager.wrapInnerException(DAOProjectManager.java:351)
	at com.topcoder.clients.manager.dao.DAOProjectManager.searchProjectsByName(DAOProjectManager.java:793)
	at com.topcoder.clients.manager.failuretests.TestDAOProjectManagerFailure.testSearchProjectsByName_2(TestDAOProjectManagerFailure.java:1423)
	at sun.reflect.NativeMethodAccessorImpl.invoke0(Native Method)
	at sun.reflect.NativeMethodAccessorImpl.invoke(NativeMethodAccessorImpl.java:39)
	at sun.reflect.DelegatingMethodAccessorImpl.invoke(DelegatingMethodAccessorImpl.java:25)
	at java.lang.reflect.Method.invoke(Method.java:585)
	at junit.framework.TestCase.runTest(TestCase.java:154)
	at junit.framework.TestCase.runBare(TestCase.java:127)
	at junit.framework.TestResult$1.protect(TestResult.java:106)
	at junit.framework.TestResult.runProtected(TestResult.java:124)
	at junit.framework.TestResult.run(TestResult.java:109)
	at junit.framework.TestCase.run(TestCase.java:118)
	at junit.framework.TestSuite.runTest(TestSuite.java:208)
	at junit.framework.TestSuite.run(TestSuite.java:203)
	at junit.framework.TestSuite.runTest(TestSuite.java:208)
	at junit.framework.TestSuite.run(TestSuite.java:203)
	at junit.framework.TestSuite.runTest(TestSuite.java:208)
	at junit.framework.TestSuite.run(TestSuite.java:203)
	at org.apache.tools.ant.taskdefs.optional.junit.JUnitTestRunner.run(JUnitTestRunner.java:421)
	at org.apache.tools.ant.taskdefs.optional.junit.JUnitTestRunner.launch(JUnitTestRunner.java:912)
	at org.apache.tools.ant.taskdefs.optional.junit.JUnitTestRunner.main(JUnitTestRunner.java:766)
Caused by: com.topcoder.clients.dao.DAOException: Throw for testing
	at com.topcoder.clients.manager.MockProjectDAO.searchByName(MockProjectDAO.java:120)
	at com.topcoder.clients.manager.dao.DAOProjectManager.searchProjectsByName(DAOProjectManager.java:780)
	... 20 more
Caused by: java.lang.NullPointerException: NPE Raised 
	... 22 more
[Entering method <com.topcoder.clients.manager.dao.DAOProjectManager.getProjectStatus(long id)>; Parameters:{ ParamName<id>; ParamValue: <-1>  }  at 2008-08-29 23:59:02.531 ]
[Error occurred in method <com.topcoder.clients.manager.dao.DAOProjectManager.getProjectStatus(long id)>, cause by :
java.lang.IllegalArgumentException: The parameter id should not be negative.
	at com.topcoder.clients.manager.dao.Helper.checkId(Helper.java:115)
	at com.topcoder.clients.manager.dao.DAOProjectManager.getProjectStatus(DAOProjectManager.java:855)
	at com.topcoder.clients.manager.failuretests.TestDAOProjectManagerFailure.testGetProjectStatus_1(TestDAOProjectManagerFailure.java:1518)
	at sun.reflect.NativeMethodAccessorImpl.invoke0(Native Method)
	at sun.reflect.NativeMethodAccessorImpl.invoke(NativeMethodAccessorImpl.java:39)
	at sun.reflect.DelegatingMethodAccessorImpl.invoke(DelegatingMethodAccessorImpl.java:25)
	at java.lang.reflect.Method.invoke(Method.java:585)
	at junit.framework.TestCase.runTest(TestCase.java:154)
	at junit.framework.TestCase.runBare(TestCase.java:127)
	at junit.framework.TestResult$1.protect(TestResult.java:106)
	at junit.framework.TestResult.runProtected(TestResult.java:124)
	at junit.framework.TestResult.run(TestResult.java:109)
	at junit.framework.TestCase.run(TestCase.java:118)
	at junit.framework.TestSuite.runTest(TestSuite.java:208)
	at junit.framework.TestSuite.run(TestSuite.java:203)
	at junit.framework.TestSuite.runTest(TestSuite.java:208)
	at junit.framework.TestSuite.run(TestSuite.java:203)
	at junit.framework.TestSuite.runTest(TestSuite.java:208)
	at junit.framework.TestSuite.run(TestSuite.java:203)
	at org.apache.tools.ant.taskdefs.optional.junit.JUnitTestRunner.run(JUnitTestRunner.java:421)
	at org.apache.tools.ant.taskdefs.optional.junit.JUnitTestRunner.launch(JUnitTestRunner.java:912)
	at org.apache.tools.ant.taskdefs.optional.junit.JUnitTestRunner.main(JUnitTestRunner.java:766)
[Entering method <com.topcoder.clients.manager.dao.DAOProjectManager.getProjectStatus(long id)>; Parameters:{ ParamName<id>; ParamValue: <1001>  }  at 2008-08-29 23:59:02.546 ]
[Error occurred in method <com.topcoder.clients.manager.dao.DAOProjectManager.getProjectStatus(long id)>, cause by :
com.topcoder.clients.manager.ProjectManagerException: Fail to getProjectStatus with id=1001 , cause by Throw for testing
	at com.topcoder.clients.manager.dao.DAOProjectManager.wrapInnerException(DAOProjectManager.java:351)
	at com.topcoder.clients.manager.dao.DAOProjectManager.getProjectStatus(DAOProjectManager.java:868)
	at com.topcoder.clients.manager.failuretests.TestDAOProjectManagerFailure.testGetProjectStatus_2(TestDAOProjectManagerFailure.java:1536)
	at sun.reflect.NativeMethodAccessorImpl.invoke0(Native Method)
	at sun.reflect.NativeMethodAccessorImpl.invoke(NativeMethodAccessorImpl.java:39)
	at sun.reflect.DelegatingMethodAccessorImpl.invoke(DelegatingMethodAccessorImpl.java:25)
	at java.lang.reflect.Method.invoke(Method.java:585)
	at junit.framework.TestCase.runTest(TestCase.java:154)
	at junit.framework.TestCase.runBare(TestCase.java:127)
	at junit.framework.TestResult$1.protect(TestResult.java:106)
	at junit.framework.TestResult.runProtected(TestResult.java:124)
	at junit.framework.TestResult.run(TestResult.java:109)
	at junit.framework.TestCase.run(TestCase.java:118)
	at junit.framework.TestSuite.runTest(TestSuite.java:208)
	at junit.framework.TestSuite.run(TestSuite.java:203)
	at junit.framework.TestSuite.runTest(TestSuite.java:208)
	at junit.framework.TestSuite.run(TestSuite.java:203)
	at junit.framework.TestSuite.runTest(TestSuite.java:208)
	at junit.framework.TestSuite.run(TestSuite.java:203)
	at org.apache.tools.ant.taskdefs.optional.junit.JUnitTestRunner.run(JUnitTestRunner.java:421)
	at org.apache.tools.ant.taskdefs.optional.junit.JUnitTestRunner.launch(JUnitTestRunner.java:912)
	at org.apache.tools.ant.taskdefs.optional.junit.JUnitTestRunner.main(JUnitTestRunner.java:766)
Caused by: com.topcoder.clients.dao.DAOConfigurationException: Throw for testing
	at com.topcoder.clients.manager.MockProjectStatusDAO.retrieveById(MockProjectStatusDAO.java:69)
	at com.topcoder.clients.manager.dao.DAOProjectManager.getProjectStatus(DAOProjectManager.java:857)
	... 20 more
Caused by: java.lang.NullPointerException: NPE Raised 
	... 22 more
[Entering method <com.topcoder.clients.manager.dao.DAOProjectManager.retrieveProject(long id)>; Parameters:{ ParamName<id>; ParamValue: <102>  }  at 2008-08-29 23:59:02.546 ]
[Entering method <com.topcoder.clients.manager.dao.DAOProjectManager.retrieveProject(long id, boolean includeChildren)>; Parameters:{ ParamName<id>; ParamValue: <102> , ParamName<includeChildren>; ParamValue: <true>  }  at 2008-08-29 23:59:02.546 ]
[Error occurred in method <com.topcoder.clients.manager.dao.DAOProjectManager.retrieveProject(long id, boolean includeChildren)>, cause by :
com.topcoder.clients.manager.ProjectManagerException: Fail to retrieve project with id=102 cause by For testing
	at com.topcoder.clients.manager.dao.DAOProjectManager.wrapInnerException(DAOProjectManager.java:351)
	at com.topcoder.clients.manager.dao.DAOProjectManager.retrieveProject(DAOProjectManager.java:567)
	at com.topcoder.clients.manager.dao.DAOProjectManager.retrieveProject(DAOProjectManager.java:528)
	at com.topcoder.clients.manager.failuretests.TestDAOProjectManagerFailure.testRetrieveProjectLong_3(TestDAOProjectManagerFailure.java:890)
	at sun.reflect.NativeMethodAccessorImpl.invoke0(Native Method)
	at sun.reflect.NativeMethodAccessorImpl.invoke(NativeMethodAccessorImpl.java:39)
	at sun.reflect.DelegatingMethodAccessorImpl.invoke(DelegatingMethodAccessorImpl.java:25)
	at java.lang.reflect.Method.invoke(Method.java:585)
	at junit.framework.TestCase.runTest(TestCase.java:154)
	at junit.framework.TestCase.runBare(TestCase.java:127)
	at junit.framework.TestResult$1.protect(TestResult.java:106)
	at junit.framework.TestResult.runProtected(TestResult.java:124)
	at junit.framework.TestResult.run(TestResult.java:109)
	at junit.framework.TestCase.run(TestCase.java:118)
	at junit.framework.TestSuite.runTest(TestSuite.java:208)
	at junit.framework.TestSuite.run(TestSuite.java:203)
	at junit.framework.TestSuite.runTest(TestSuite.java:208)
	at junit.framework.TestSuite.run(TestSuite.java:203)
	at junit.framework.TestSuite.runTest(TestSuite.java:208)
	at junit.framework.TestSuite.run(TestSuite.java:203)
	at org.apache.tools.ant.taskdefs.optional.junit.JUnitTestRunner.run(JUnitTestRunner.java:421)
	at org.apache.tools.ant.taskdefs.optional.junit.JUnitTestRunner.launch(JUnitTestRunner.java:912)
	at org.apache.tools.ant.taskdefs.optional.junit.JUnitTestRunner.main(JUnitTestRunner.java:766)
Caused by: com.topcoder.clients.dao.DAOConfigurationException: For testing
	at com.topcoder.clients.manager.MockProjectDAO.retrieveById(MockProjectDAO.java:223)
	at com.topcoder.clients.manager.MockProjectDAO.retrieveById(MockProjectDAO.java:27)
	at com.topcoder.clients.manager.dao.DAOProjectManager.retrieveProject(DAOProjectManager.java:558)
	... 21 more
[Entering method <com.topcoder.clients.manager.dao.DAOProjectManager.retrieveProject(long id, boolean includeChildren)>; Parameters:{ ParamName<id>; ParamValue: <-1> , ParamName<includeChildren>; ParamValue: <false>  }  at 2008-08-29 23:59:02.546 ]
[Error occurred in method <com.topcoder.clients.manager.dao.DAOProjectManager.retrieveProject(long id, boolean includeChildren)>, cause by :
java.lang.IllegalArgumentException: The parameter id should not be negative.
	at com.topcoder.clients.manager.dao.Helper.checkId(Helper.java:115)
	at com.topcoder.clients.manager.dao.DAOProjectManager.retrieveProject(DAOProjectManager.java:555)
	at com.topcoder.clients.manager.failuretests.TestDAOProjectManagerFailure.testRetrieveProjectLongBoolean_1(TestDAOProjectManagerFailure.java:908)
	at sun.reflect.NativeMethodAccessorImpl.invoke0(Native Method)
	at sun.reflect.NativeMethodAccessorImpl.invoke(NativeMethodAccessorImpl.java:39)
	at sun.reflect.DelegatingMethodAccessorImpl.invoke(DelegatingMethodAccessorImpl.java:25)
	at java.lang.reflect.Method.invoke(Method.java:585)
	at junit.framework.TestCase.runTest(TestCase.java:154)
	at junit.framework.TestCase.runBare(TestCase.java:127)
	at junit.framework.TestResult$1.protect(TestResult.java:106)
	at junit.framework.TestResult.runProtected(TestResult.java:124)
	at junit.framework.TestResult.run(TestResult.java:109)
	at junit.framework.TestCase.run(TestCase.java:118)
	at junit.framework.TestSuite.runTest(TestSuite.java:208)
	at junit.framework.TestSuite.run(TestSuite.java:203)
	at junit.framework.TestSuite.runTest(TestSuite.java:208)
	at junit.framework.TestSuite.run(TestSuite.java:203)
	at junit.framework.TestSuite.runTest(TestSuite.java:208)
	at junit.framework.TestSuite.run(TestSuite.java:203)
	at org.apache.tools.ant.taskdefs.optional.junit.JUnitTestRunner.run(JUnitTestRunner.java:421)
	at org.apache.tools.ant.taskdefs.optional.junit.JUnitTestRunner.launch(JUnitTestRunner.java:912)
	at org.apache.tools.ant.taskdefs.optional.junit.JUnitTestRunner.main(JUnitTestRunner.java:766)
[Entering method <com.topcoder.clients.manager.dao.DAOProjectManager.retrieveProject(long id, boolean includeChildren)>; Parameters:{ ParamName<id>; ParamValue: <101> , ParamName<includeChildren>; ParamValue: <false>  }  at 2008-08-29 23:59:02.562 ]
[Error occurred in method <com.topcoder.clients.manager.dao.DAOProjectManager.retrieveProject(long id, boolean includeChildren)>, cause by :
com.topcoder.clients.manager.ProjectManagerException: Fail to retrieve project with id=101 cause by Throw for testing
	at com.topcoder.clients.manager.dao.DAOProjectManager.wrapInnerException(DAOProjectManager.java:351)
	at com.topcoder.clients.manager.dao.DAOProjectManager.retrieveProject(DAOProjectManager.java:570)
	at com.topcoder.clients.manager.failuretests.TestDAOProjectManagerFailure.testRetrieveProjectLongBoolean_3(TestDAOProjectManagerFailure.java:944)
	at sun.reflect.NativeMethodAccessorImpl.invoke0(Native Method)
	at sun.reflect.NativeMethodAccessorImpl.invoke(NativeMethodAccessorImpl.java:39)
	at sun.reflect.DelegatingMethodAccessorImpl.invoke(DelegatingMethodAccessorImpl.java:25)
	at java.lang.reflect.Method.invoke(Method.java:585)
	at junit.framework.TestCase.runTest(TestCase.java:154)
	at junit.framework.TestCase.runBare(TestCase.java:127)
	at junit.framework.TestResult$1.protect(TestResult.java:106)
	at junit.framework.TestResult.runProtected(TestResult.java:124)
	at junit.framework.TestResult.run(TestResult.java:109)
	at junit.framework.TestCase.run(TestCase.java:118)
	at junit.framework.TestSuite.runTest(TestSuite.java:208)
	at junit.framework.TestSuite.run(TestSuite.java:203)
	at junit.framework.TestSuite.runTest(TestSuite.java:208)
	at junit.framework.TestSuite.run(TestSuite.java:203)
	at junit.framework.TestSuite.runTest(TestSuite.java:208)
	at junit.framework.TestSuite.run(TestSuite.java:203)
	at org.apache.tools.ant.taskdefs.optional.junit.JUnitTestRunner.run(JUnitTestRunner.java:421)
	at org.apache.tools.ant.taskdefs.optional.junit.JUnitTestRunner.launch(JUnitTestRunner.java:912)
	at org.apache.tools.ant.taskdefs.optional.junit.JUnitTestRunner.main(JUnitTestRunner.java:766)
Caused by: com.topcoder.clients.dao.DAOException: Throw for testing
	at com.topcoder.clients.manager.MockProjectDAO.retrieveById(MockProjectDAO.java:219)
	at com.topcoder.clients.manager.MockProjectDAO.retrieveById(MockProjectDAO.java:27)
	at com.topcoder.clients.manager.dao.DAOProjectManager.retrieveProject(DAOProjectManager.java:558)
	... 20 more
[Entering method <com.topcoder.clients.manager.dao.DAOProjectManager.retrieveProjectsForClient(Client client)>; Parameters:{ ParamName<client>; ParamValue: <[ id=1 name=DAOException codeName=null salesTax=0.0 isDeleted=false company=null clientStatus=null]>  }  at 2008-08-29 23:59:02.562 ]
[Entering method <com.topcoder.clients.manager.dao.DAOProjectManager.retrieveProjectsForClient(Client client, boolean includeChildren)>; Parameters:{ ParamName<client>; ParamValue: <[ id=1 name=DAOException codeName=null salesTax=0.0 isDeleted=false company=null clientStatus=null]> , ParamName<includeChildren>; ParamValue: <true>  }  at 2008-08-29 23:59:02.562 ]
[Error occurred in method <com.topcoder.clients.manager.dao.DAOProjectManager.retrieveProjectsForClient(Client client, boolean includeChildren)>, cause by :
com.topcoder.clients.manager.ProjectManagerException: Fail to retrieve project with client, cause by Throw for testing
	at com.topcoder.clients.manager.dao.DAOProjectManager.wrapInnerException(DAOProjectManager.java:351)
	at com.topcoder.clients.manager.dao.DAOProjectManager.retrieveProjectsForClient(DAOProjectManager.java:659)
	at com.topcoder.clients.manager.dao.DAOProjectManager.retrieveProjectsForClient(DAOProjectManager.java:594)
	at com.topcoder.clients.manager.failuretests.TestDAOProjectManagerFailure.testRetrieveProjectsForClientClient_3(TestDAOProjectManagerFailure.java:1003)
	at sun.reflect.NativeMethodAccessorImpl.invoke0(Native Method)
	at sun.reflect.NativeMethodAccessorImpl.invoke(NativeMethodAccessorImpl.java:39)
	at sun.reflect.DelegatingMethodAccessorImpl.invoke(DelegatingMethodAccessorImpl.java:25)
	at java.lang.reflect.Method.invoke(Method.java:585)
	at junit.framework.TestCase.runTest(TestCase.java:154)
	at junit.framework.TestCase.runBare(TestCase.java:127)
	at junit.framework.TestResult$1.protect(TestResult.java:106)
	at junit.framework.TestResult.runProtected(TestResult.java:124)
	at junit.framework.TestResult.run(TestResult.java:109)
	at junit.framework.TestCase.run(TestCase.java:118)
	at junit.framework.TestSuite.runTest(TestSuite.java:208)
	at junit.framework.TestSuite.run(TestSuite.java:203)
	at junit.framework.TestSuite.runTest(TestSuite.java:208)
	at junit.framework.TestSuite.run(TestSuite.java:203)
	at junit.framework.TestSuite.runTest(TestSuite.java:208)
	at junit.framework.TestSuite.run(TestSuite.java:203)
	at org.apache.tools.ant.taskdefs.optional.junit.JUnitTestRunner.run(JUnitTestRunner.java:421)
	at org.apache.tools.ant.taskdefs.optional.junit.JUnitTestRunner.launch(JUnitTestRunner.java:912)
	at org.apache.tools.ant.taskdefs.optional.junit.JUnitTestRunner.main(JUnitTestRunner.java:766)
Caused by: com.topcoder.clients.dao.DAOException: Throw for testing
	at com.topcoder.clients.manager.MockClientDAO.getProjectsForClient(MockClientDAO.java:236)
	at com.topcoder.clients.manager.MockClientDAO.getProjectsForClient(MockClientDAO.java:29)
	at com.topcoder.clients.manager.dao.DAOProjectManager.retrieveProjectsForClient(DAOProjectManager.java:631)
	... 21 more
Caused by: java.lang.NullPointerException: NPE Raised 
	... 24 more
[Entering method <com.topcoder.clients.manager.dao.DAOProjectManager.retrieveProjectsForClient(Client client)>; Parameters:{ ParamName<client>; ParamValue: <[ id=1 name=DAOConfigurationException codeName=null salesTax=0.0 isDeleted=false company=null clientStatus=null]>  }  at 2008-08-29 23:59:02.562 ]
[Entering method <com.topcoder.clients.manager.dao.DAOProjectManager.retrieveProjectsForClient(Client client, boolean includeChildren)>; Parameters:{ ParamName<client>; ParamValue: <[ id=1 name=DAOConfigurationException codeName=null salesTax=0.0 isDeleted=false company=null clientStatus=null]> , ParamName<includeChildren>; ParamValue: <true>  }  at 2008-08-29 23:59:02.562 ]
[Error occurred in method <com.topcoder.clients.manager.dao.DAOProjectManager.retrieveProjectsForClient(Client client, boolean includeChildren)>, cause by :
com.topcoder.clients.manager.ProjectManagerException: Fail to retrieve project with client, cause by Throw for testing
	at com.topcoder.clients.manager.dao.DAOProjectManager.wrapInnerException(DAOProjectManager.java:351)
	at com.topcoder.clients.manager.dao.DAOProjectManager.retrieveProjectsForClient(DAOProjectManager.java:656)
	at com.topcoder.clients.manager.dao.DAOProjectManager.retrieveProjectsForClient(DAOProjectManager.java:594)
	at com.topcoder.clients.manager.failuretests.TestDAOProjectManagerFailure.testRetrieveProjectsForClientClient_4(TestDAOProjectManagerFailure.java:1024)
	at sun.reflect.NativeMethodAccessorImpl.invoke0(Native Method)
	at sun.reflect.NativeMethodAccessorImpl.invoke(NativeMethodAccessorImpl.java:39)
	at sun.reflect.DelegatingMethodAccessorImpl.invoke(DelegatingMethodAccessorImpl.java:25)
	at java.lang.reflect.Method.invoke(Method.java:585)
	at junit.framework.TestCase.runTest(TestCase.java:154)
	at junit.framework.TestCase.runBare(TestCase.java:127)
	at junit.framework.TestResult$1.protect(TestResult.java:106)
	at junit.framework.TestResult.runProtected(TestResult.java:124)
	at junit.framework.TestResult.run(TestResult.java:109)
	at junit.framework.TestCase.run(TestCase.java:118)
	at junit.framework.TestSuite.runTest(TestSuite.java:208)
	at junit.framework.TestSuite.run(TestSuite.java:203)
	at junit.framework.TestSuite.runTest(TestSuite.java:208)
	at junit.framework.TestSuite.run(TestSuite.java:203)
	at junit.framework.TestSuite.runTest(TestSuite.java:208)
	at junit.framework.TestSuite.run(TestSuite.java:203)
	at org.apache.tools.ant.taskdefs.optional.junit.JUnitTestRunner.run(JUnitTestRunner.java:421)
	at org.apache.tools.ant.taskdefs.optional.junit.JUnitTestRunner.launch(JUnitTestRunner.java:912)
	at org.apache.tools.ant.taskdefs.optional.junit.JUnitTestRunner.main(JUnitTestRunner.java:766)
Caused by: com.topcoder.clients.dao.DAOConfigurationException: Throw for testing
	at com.topcoder.clients.manager.MockClientDAO.getProjectsForClient(MockClientDAO.java:240)
	at com.topcoder.clients.manager.MockClientDAO.getProjectsForClient(MockClientDAO.java:29)
	at com.topcoder.clients.manager.dao.DAOProjectManager.retrieveProjectsForClient(DAOProjectManager.java:631)
	... 21 more
Caused by: java.lang.NullPointerException: NPE Raised 
	... 24 more
[Entering method <com.topcoder.clients.manager.dao.DAOProjectManager.retrieveProjectsForClient(Client client, boolean includeChildren)>; Parameters:{ ParamName<client>; ParamValue: <[ id=1 name=DAOConfigurationException codeName=null salesTax=0.0 isDeleted=false company=null clientStatus=null]> , ParamName<includeChildren>; ParamValue: <false>  }  at 2008-08-29 23:59:02.578 ]
[Error occurred in method <com.topcoder.clients.manager.dao.DAOProjectManager.retrieveProjectsForClient(Client client, boolean includeChildren)>, cause by :
com.topcoder.clients.manager.ProjectManagerException: Fail to retrieve project with client, cause by Throw for testing
	at com.topcoder.clients.manager.dao.DAOProjectManager.wrapInnerException(DAOProjectManager.java:351)
	at com.topcoder.clients.manager.dao.DAOProjectManager.retrieveProjectsForClient(DAOProjectManager.java:656)
	at com.topcoder.clients.manager.failuretests.TestDAOProjectManagerFailure.testRetrieveProjectsForClientClientBoolean_1(TestDAOProjectManagerFailure.java:1045)
	at sun.reflect.NativeMethodAccessorImpl.invoke0(Native Method)
	at sun.reflect.NativeMethodAccessorImpl.invoke(NativeMethodAccessorImpl.java:39)
	at sun.reflect.DelegatingMethodAccessorImpl.invoke(DelegatingMethodAccessorImpl.java:25)
	at java.lang.reflect.Method.invoke(Method.java:585)
	at junit.framework.TestCase.runTest(TestCase.java:154)
	at junit.framework.TestCase.runBare(TestCase.java:127)
	at junit.framework.TestResult$1.protect(TestResult.java:106)
	at junit.framework.TestResult.runProtected(TestResult.java:124)
	at junit.framework.TestResult.run(TestResult.java:109)
	at junit.framework.TestCase.run(TestCase.java:118)
	at junit.framework.TestSuite.runTest(TestSuite.java:208)
	at junit.framework.TestSuite.run(TestSuite.java:203)
	at junit.framework.TestSuite.runTest(TestSuite.java:208)
	at junit.framework.TestSuite.run(TestSuite.java:203)
	at junit.framework.TestSuite.runTest(TestSuite.java:208)
	at junit.framework.TestSuite.run(TestSuite.java:203)
	at org.apache.tools.ant.taskdefs.optional.junit.JUnitTestRunner.run(JUnitTestRunner.java:421)
	at org.apache.tools.ant.taskdefs.optional.junit.JUnitTestRunner.launch(JUnitTestRunner.java:912)
	at org.apache.tools.ant.taskdefs.optional.junit.JUnitTestRunner.main(JUnitTestRunner.java:766)
Caused by: com.topcoder.clients.dao.DAOConfigurationException: Throw for testing
	at com.topcoder.clients.manager.MockClientDAO.getProjectsForClient(MockClientDAO.java:240)
	at com.topcoder.clients.manager.MockClientDAO.getProjectsForClient(MockClientDAO.java:29)
	at com.topcoder.clients.manager.dao.DAOProjectManager.retrieveProjectsForClient(DAOProjectManager.java:631)
	... 20 more
Caused by: java.lang.NullPointerException: NPE Raised 
	... 23 more
[Entering method <com.topcoder.clients.manager.dao.DAOProjectManager.retrieveProjectsForClient(Client client, boolean includeChildren)>; Parameters:{ ParamName<client>; ParamValue: <[ id=1 name=DAOException codeName=null salesTax=0.0 isDeleted=false company=null clientStatus=null]> , ParamName<includeChildren>; ParamValue: <false>  }  at 2008-08-29 23:59:02.578 ]
[Error occurred in method <com.topcoder.clients.manager.dao.DAOProjectManager.retrieveProjectsForClient(Client client, boolean includeChildren)>, cause by :
com.topcoder.clients.manager.ProjectManagerException: Fail to retrieve project with client, cause by Throw for testing
	at com.topcoder.clients.manager.dao.DAOProjectManager.wrapInnerException(DAOProjectManager.java:351)
	at com.topcoder.clients.manager.dao.DAOProjectManager.retrieveProjectsForClient(DAOProjectManager.java:659)
	at com.topcoder.clients.manager.failuretests.TestDAOProjectManagerFailure.testRetrieveProjectsForClientClientBoolean_2(TestDAOProjectManagerFailure.java:1066)
	at sun.reflect.NativeMethodAccessorImpl.invoke0(Native Method)
	at sun.reflect.NativeMethodAccessorImpl.invoke(NativeMethodAccessorImpl.java:39)
	at sun.reflect.DelegatingMethodAccessorImpl.invoke(DelegatingMethodAccessorImpl.java:25)
	at java.lang.reflect.Method.invoke(Method.java:585)
	at junit.framework.TestCase.runTest(TestCase.java:154)
	at junit.framework.TestCase.runBare(TestCase.java:127)
	at junit.framework.TestResult$1.protect(TestResult.java:106)
	at junit.framework.TestResult.runProtected(TestResult.java:124)
	at junit.framework.TestResult.run(TestResult.java:109)
	at junit.framework.TestCase.run(TestCase.java:118)
	at junit.framework.TestSuite.runTest(TestSuite.java:208)
	at junit.framework.TestSuite.run(TestSuite.java:203)
	at junit.framework.TestSuite.runTest(TestSuite.java:208)
	at junit.framework.TestSuite.run(TestSuite.java:203)
	at junit.framework.TestSuite.runTest(TestSuite.java:208)
	at junit.framework.TestSuite.run(TestSuite.java:203)
	at org.apache.tools.ant.taskdefs.optional.junit.JUnitTestRunner.run(JUnitTestRunner.java:421)
	at org.apache.tools.ant.taskdefs.optional.junit.JUnitTestRunner.launch(JUnitTestRunner.java:912)
	at org.apache.tools.ant.taskdefs.optional.junit.JUnitTestRunner.main(JUnitTestRunner.java:766)
Caused by: com.topcoder.clients.dao.DAOException: Throw for testing
	at com.topcoder.clients.manager.MockClientDAO.getProjectsForClient(MockClientDAO.java:236)
	at com.topcoder.clients.manager.MockClientDAO.getProjectsForClient(MockClientDAO.java:29)
	at com.topcoder.clients.manager.dao.DAOProjectManager.retrieveProjectsForClient(DAOProjectManager.java:631)
	... 20 more
Caused by: java.lang.NullPointerException: NPE Raised 
	... 23 more
[Entering method <com.topcoder.clients.manager.dao.DAOProjectManager.setProjectStatus(Project project, ProjectStatus status)>; Parameters:{ ParamName<project>; ParamValue: <null> , ParamName<status>; ParamValue: <[ id=0 name=name description=des isDeleted=false]>  }  at 2008-08-29 23:59:02.578 ]
[Error occurred in method <com.topcoder.clients.manager.dao.DAOProjectManager.setProjectStatus(Project project, ProjectStatus status)>, cause by :
java.lang.IllegalArgumentException: The parameter 'project' should not be null.
	at com.topcoder.clients.manager.dao.Helper.checkNull(Helper.java:69)
	at com.topcoder.clients.manager.dao.Helper.validateProject(Helper.java:202)
	at com.topcoder.clients.manager.dao.DAOProjectManager.setProjectStatus(DAOProjectManager.java:742)
	at com.topcoder.clients.manager.failuretests.TestDAOProjectManagerFailure.testSetProjectStatus_1(TestDAOProjectManagerFailure.java:1136)
	at sun.reflect.NativeMethodAccessorImpl.invoke0(Native Method)
	at sun.reflect.NativeMethodAccessorImpl.invoke(NativeMethodAccessorImpl.java:39)
	at sun.reflect.DelegatingMethodAccessorImpl.invoke(DelegatingMethodAccessorImpl.java:25)
	at java.lang.reflect.Method.invoke(Method.java:585)
	at junit.framework.TestCase.runTest(TestCase.java:154)
	at junit.framework.TestCase.runBare(TestCase.java:127)
	at junit.framework.TestResult$1.protect(TestResult.java:106)
	at junit.framework.TestResult.runProtected(TestResult.java:124)
	at junit.framework.TestResult.run(TestResult.java:109)
	at junit.framework.TestCase.run(TestCase.java:118)
	at junit.framework.TestSuite.runTest(TestSuite.java:208)
	at junit.framework.TestSuite.run(TestSuite.java:203)
	at junit.framework.TestSuite.runTest(TestSuite.java:208)
	at junit.framework.TestSuite.run(TestSuite.java:203)
	at junit.framework.TestSuite.runTest(TestSuite.java:208)
	at junit.framework.TestSuite.run(TestSuite.java:203)
	at org.apache.tools.ant.taskdefs.optional.junit.JUnitTestRunner.run(JUnitTestRunner.java:421)
	at org.apache.tools.ant.taskdefs.optional.junit.JUnitTestRunner.launch(JUnitTestRunner.java:912)
	at org.apache.tools.ant.taskdefs.optional.junit.JUnitTestRunner.main(JUnitTestRunner.java:766)
[Entering method <com.topcoder.clients.manager.dao.DAOProjectManager.setProjectStatus(Project project, ProjectStatus status)>; Parameters:{ ParamName<project>; ParamValue: <[ id=0 name=name description=des parentProjectId=0 salesTax=-10.0 client=null company=null childProjects=null]> , ParamName<status>; ParamValue: <[ id=0 name=name description=des isDeleted=false]>  }  at 2008-08-29 23:59:02.593 ]
[Error occurred in method <com.topcoder.clients.manager.dao.DAOProjectManager.setProjectStatus(Project project, ProjectStatus status)>, cause by :
java.lang.IllegalArgumentException: The project's salesTax should be greater than zero.
	at com.topcoder.clients.manager.dao.Helper.validateProject(Helper.java:205)
	at com.topcoder.clients.manager.dao.DAOProjectManager.setProjectStatus(DAOProjectManager.java:742)
	at com.topcoder.clients.manager.failuretests.TestDAOProjectManagerFailure.testSetProjectStatus_2(TestDAOProjectManagerFailure.java:1167)
	at sun.reflect.NativeMethodAccessorImpl.invoke0(Native Method)
	at sun.reflect.NativeMethodAccessorImpl.invoke(NativeMethodAccessorImpl.java:39)
	at sun.reflect.DelegatingMethodAccessorImpl.invoke(DelegatingMethodAccessorImpl.java:25)
	at java.lang.reflect.Method.invoke(Method.java:585)
	at junit.framework.TestCase.runTest(TestCase.java:154)
	at junit.framework.TestCase.runBare(TestCase.java:127)
	at junit.framework.TestResult$1.protect(TestResult.java:106)
	at junit.framework.TestResult.runProtected(TestResult.java:124)
	at junit.framework.TestResult.run(TestResult.java:109)
	at junit.framework.TestCase.run(TestCase.java:118)
	at junit.framework.TestSuite.runTest(TestSuite.java:208)
	at junit.framework.TestSuite.run(TestSuite.java:203)
	at junit.framework.TestSuite.runTest(TestSuite.java:208)
	at junit.framework.TestSuite.run(TestSuite.java:203)
	at junit.framework.TestSuite.runTest(TestSuite.java:208)
	at junit.framework.TestSuite.run(TestSuite.java:203)
	at org.apache.tools.ant.taskdefs.optional.junit.JUnitTestRunner.run(JUnitTestRunner.java:421)
	at org.apache.tools.ant.taskdefs.optional.junit.JUnitTestRunner.launch(JUnitTestRunner.java:912)
	at org.apache.tools.ant.taskdefs.optional.junit.JUnitTestRunner.main(JUnitTestRunner.java:766)
[Entering method <com.topcoder.clients.manager.dao.DAOProjectManager.setProjectStatus(Project project, ProjectStatus status)>; Parameters:{ ParamName<project>; ParamValue: <[ id=0 name=  description=des parentProjectId=0 salesTax=10.0 client=null company=null childProjects=null]> , ParamName<status>; ParamValue: <[ id=0 name=name description=des isDeleted=false]>  }  at 2008-08-29 23:59:02.593 ]
[Error occurred in method <com.topcoder.clients.manager.dao.DAOProjectManager.setProjectStatus(Project project, ProjectStatus status)>, cause by :
java.lang.IllegalArgumentException: The project's name should not be null or empty string (trimmed).
	at com.topcoder.clients.manager.dao.Helper.validateProject(Helper.java:213)
	at com.topcoder.clients.manager.dao.DAOProjectManager.setProjectStatus(DAOProjectManager.java:742)
	at com.topcoder.clients.manager.failuretests.TestDAOProjectManagerFailure.testSetProjectStatus_4(TestDAOProjectManagerFailure.java:1198)
	at sun.reflect.NativeMethodAccessorImpl.invoke0(Native Method)
	at sun.reflect.NativeMethodAccessorImpl.invoke(NativeMethodAccessorImpl.java:39)
	at sun.reflect.DelegatingMethodAccessorImpl.invoke(DelegatingMethodAccessorImpl.java:25)
	at java.lang.reflect.Method.invoke(Method.java:585)
	at junit.framework.TestCase.runTest(TestCase.java:154)
	at junit.framework.TestCase.runBare(TestCase.java:127)
	at junit.framework.TestResult$1.protect(TestResult.java:106)
	at junit.framework.TestResult.runProtected(TestResult.java:124)
	at junit.framework.TestResult.run(TestResult.java:109)
	at junit.framework.TestCase.run(TestCase.java:118)
	at junit.framework.TestSuite.runTest(TestSuite.java:208)
	at junit.framework.TestSuite.run(TestSuite.java:203)
	at junit.framework.TestSuite.runTest(TestSuite.java:208)
	at junit.framework.TestSuite.run(TestSuite.java:203)
	at junit.framework.TestSuite.runTest(TestSuite.java:208)
	at junit.framework.TestSuite.run(TestSuite.java:203)
	at org.apache.tools.ant.taskdefs.optional.junit.JUnitTestRunner.run(JUnitTestRunner.java:421)
	at org.apache.tools.ant.taskdefs.optional.junit.JUnitTestRunner.launch(JUnitTestRunner.java:912)
	at org.apache.tools.ant.taskdefs.optional.junit.JUnitTestRunner.main(JUnitTestRunner.java:766)
[Entering method <com.topcoder.clients.manager.dao.DAOProjectManager.setProjectStatus(Project project, ProjectStatus status)>; Parameters:{ ParamName<project>; ParamValue: <[ id=0 name=name description=des parentProjectId=0 salesTax=10.0 client=null company=null childProjects=null]> , ParamName<status>; ParamValue: <null>  }  at 2008-08-29 23:59:02.593 ]
[Error occurred in method <com.topcoder.clients.manager.dao.DAOProjectManager.setProjectStatus(Project project, ProjectStatus status)>, cause by :
java.lang.IllegalArgumentException: The parameter 'status' should not be null.
	at com.topcoder.clients.manager.dao.Helper.checkNull(Helper.java:69)
	at com.topcoder.clients.manager.dao.Helper.validateProjectStatus(Helper.java:236)
	at com.topcoder.clients.manager.dao.DAOProjectManager.setProjectStatus(DAOProjectManager.java:744)
	at com.topcoder.clients.manager.failuretests.TestDAOProjectManagerFailure.testSetProjectStatus_5(TestDAOProjectManagerFailure.java:1229)
	at sun.reflect.NativeMethodAccessorImpl.invoke0(Native Method)
	at sun.reflect.NativeMethodAccessorImpl.invoke(NativeMethodAccessorImpl.java:39)
	at sun.reflect.DelegatingMethodAccessorImpl.invoke(DelegatingMethodAccessorImpl.java:25)
	at java.lang.reflect.Method.invoke(Method.java:585)
	at junit.framework.TestCase.runTest(TestCase.java:154)
	at junit.framework.TestCase.runBare(TestCase.java:127)
	at junit.framework.TestResult$1.protect(TestResult.java:106)
	at junit.framework.TestResult.runProtected(TestResult.java:124)
	at junit.framework.TestResult.run(TestResult.java:109)
	at junit.framework.TestCase.run(TestCase.java:118)
	at junit.framework.TestSuite.runTest(TestSuite.java:208)
	at junit.framework.TestSuite.run(TestSuite.java:203)
	at junit.framework.TestSuite.runTest(TestSuite.java:208)
	at junit.framework.TestSuite.run(TestSuite.java:203)
	at junit.framework.TestSuite.runTest(TestSuite.java:208)
	at junit.framework.TestSuite.run(TestSuite.java:203)
	at org.apache.tools.ant.taskdefs.optional.junit.JUnitTestRunner.run(JUnitTestRunner.java:421)
	at org.apache.tools.ant.taskdefs.optional.junit.JUnitTestRunner.launch(JUnitTestRunner.java:912)
	at org.apache.tools.ant.taskdefs.optional.junit.JUnitTestRunner.main(JUnitTestRunner.java:766)
[Entering method <com.topcoder.clients.manager.dao.DAOProjectManager.setProjectStatus(Project project, ProjectStatus status)>; Parameters:{ ParamName<project>; ParamValue: <[ id=0 name=name description=des parentProjectId=0 salesTax=10.0 client=null company=null childProjects=null]> , ParamName<status>; ParamValue: <[ id=0 name=null description=des isDeleted=false]>  }  at 2008-08-29 23:59:02.609 ]
[Error occurred in method <com.topcoder.clients.manager.dao.DAOProjectManager.setProjectStatus(Project project, ProjectStatus status)>, cause by :
java.lang.IllegalArgumentException: The ProjectStatus should have a non-null, non-empty name.
	at com.topcoder.clients.manager.dao.Helper.validateProjectStatus(Helper.java:239)
	at com.topcoder.clients.manager.dao.DAOProjectManager.setProjectStatus(DAOProjectManager.java:744)
	at com.topcoder.clients.manager.failuretests.TestDAOProjectManagerFailure.testSetProjectStatus_6(TestDAOProjectManagerFailure.java:1260)
	at sun.reflect.NativeMethodAccessorImpl.invoke0(Native Method)
	at sun.reflect.NativeMethodAccessorImpl.invoke(NativeMethodAccessorImpl.java:39)
	at sun.reflect.DelegatingMethodAccessorImpl.invoke(DelegatingMethodAccessorImpl.java:25)
	at java.lang.reflect.Method.invoke(Method.java:585)
	at junit.framework.TestCase.runTest(TestCase.java:154)
	at junit.framework.TestCase.runBare(TestCase.java:127)
	at junit.framework.TestResult$1.protect(TestResult.java:106)
	at junit.framework.TestResult.runProtected(TestResult.java:124)
	at junit.framework.TestResult.run(TestResult.java:109)
	at junit.framework.TestCase.run(TestCase.java:118)
	at junit.framework.TestSuite.runTest(TestSuite.java:208)
	at junit.framework.TestSuite.run(TestSuite.java:203)
	at junit.framework.TestSuite.runTest(TestSuite.java:208)
	at junit.framework.TestSuite.run(TestSuite.java:203)
	at junit.framework.TestSuite.runTest(TestSuite.java:208)
	at junit.framework.TestSuite.run(TestSuite.java:203)
	at org.apache.tools.ant.taskdefs.optional.junit.JUnitTestRunner.run(JUnitTestRunner.java:421)
	at org.apache.tools.ant.taskdefs.optional.junit.JUnitTestRunner.launch(JUnitTestRunner.java:912)
	at org.apache.tools.ant.taskdefs.optional.junit.JUnitTestRunner.main(JUnitTestRunner.java:766)
[Entering method <com.topcoder.clients.manager.dao.DAOProjectManager.setProjectStatus(Project project, ProjectStatus status)>; Parameters:{ ParamName<project>; ParamValue: <[ id=0 name=name description=des parentProjectId=0 salesTax=10.0 client=null company=null childProjects=null]> , ParamName<status>; ParamValue: <[ id=0 name=  description=des isDeleted=false]>  }  at 2008-08-29 23:59:02.609 ]
[Error occurred in method <com.topcoder.clients.manager.dao.DAOProjectManager.setProjectStatus(Project project, ProjectStatus status)>, cause by :
java.lang.IllegalArgumentException: The ProjectStatus should have a non-null, non-empty name.
	at com.topcoder.clients.manager.dao.Helper.validateProjectStatus(Helper.java:239)
	at com.topcoder.clients.manager.dao.DAOProjectManager.setProjectStatus(DAOProjectManager.java:744)
	at com.topcoder.clients.manager.failuretests.TestDAOProjectManagerFailure.testSetProjectStatus_7(TestDAOProjectManagerFailure.java:1291)
	at sun.reflect.NativeMethodAccessorImpl.invoke0(Native Method)
	at sun.reflect.NativeMethodAccessorImpl.invoke(NativeMethodAccessorImpl.java:39)
	at sun.reflect.DelegatingMethodAccessorImpl.invoke(DelegatingMethodAccessorImpl.java:25)
	at java.lang.reflect.Method.invoke(Method.java:585)
	at junit.framework.TestCase.runTest(TestCase.java:154)
	at junit.framework.TestCase.runBare(TestCase.java:127)
	at junit.framework.TestResult$1.protect(TestResult.java:106)
	at junit.framework.TestResult.runProtected(TestResult.java:124)
	at junit.framework.TestResult.run(TestResult.java:109)
	at junit.framework.TestCase.run(TestCase.java:118)
	at junit.framework.TestSuite.runTest(TestSuite.java:208)
	at junit.framework.TestSuite.run(TestSuite.java:203)
	at junit.framework.TestSuite.runTest(TestSuite.java:208)
	at junit.framework.TestSuite.run(TestSuite.java:203)
	at junit.framework.TestSuite.runTest(TestSuite.java:208)
	at junit.framework.TestSuite.run(TestSuite.java:203)
	at org.apache.tools.ant.taskdefs.optional.junit.JUnitTestRunner.run(JUnitTestRunner.java:421)
	at org.apache.tools.ant.taskdefs.optional.junit.JUnitTestRunner.launch(JUnitTestRunner.java:912)
	at org.apache.tools.ant.taskdefs.optional.junit.JUnitTestRunner.main(JUnitTestRunner.java:766)
[Entering method <com.topcoder.clients.manager.dao.DAOProjectManager.setProjectStatus(Project project, ProjectStatus status)>; Parameters:{ ParamName<project>; ParamValue: <[ id=0 name=name description=des parentProjectId=0 salesTax=10.0 client=null company=null childProjects=null]> , ParamName<status>; ParamValue: <[ id=0 name=name description= isDeleted=false]>  }  at 2008-08-29 23:59:02.609 ]
[Error occurred in method <com.topcoder.clients.manager.dao.DAOProjectManager.setProjectStatus(Project project, ProjectStatus status)>, cause by :
java.lang.IllegalArgumentException: The ProjectStatus should have a non-null, non-empty description.
	at com.topcoder.clients.manager.dao.Helper.validateProjectStatus(Helper.java:243)
	at com.topcoder.clients.manager.dao.DAOProjectManager.setProjectStatus(DAOProjectManager.java:744)
	at com.topcoder.clients.manager.failuretests.TestDAOProjectManagerFailure.testSetProjectStatus_8(TestDAOProjectManagerFailure.java:1322)
	at sun.reflect.NativeMethodAccessorImpl.invoke0(Native Method)
	at sun.reflect.NativeMethodAccessorImpl.invoke(NativeMethodAccessorImpl.java:39)
	at sun.reflect.DelegatingMethodAccessorImpl.invoke(DelegatingMethodAccessorImpl.java:25)
	at java.lang.reflect.Method.invoke(Method.java:585)
	at junit.framework.TestCase.runTest(TestCase.java:154)
	at junit.framework.TestCase.runBare(TestCase.java:127)
	at junit.framework.TestResult$1.protect(TestResult.java:106)
	at junit.framework.TestResult.runProtected(TestResult.java:124)
	at junit.framework.TestResult.run(TestResult.java:109)
	at junit.framework.TestCase.run(TestCase.java:118)
	at junit.framework.TestSuite.runTest(TestSuite.java:208)
	at junit.framework.TestSuite.run(TestSuite.java:203)
	at junit.framework.TestSuite.runTest(TestSuite.java:208)
	at junit.framework.TestSuite.run(TestSuite.java:203)
	at junit.framework.TestSuite.runTest(TestSuite.java:208)
	at junit.framework.TestSuite.run(TestSuite.java:203)
	at org.apache.tools.ant.taskdefs.optional.junit.JUnitTestRunner.run(JUnitTestRunner.java:421)
	at org.apache.tools.ant.taskdefs.optional.junit.JUnitTestRunner.launch(JUnitTestRunner.java:912)
	at org.apache.tools.ant.taskdefs.optional.junit.JUnitTestRunner.main(JUnitTestRunner.java:766)
[Entering method <com.topcoder.clients.manager.dao.DAOProjectManager.setProjectStatus(Project project, ProjectStatus status)>; Parameters:{ ParamName<project>; ParamValue: <[ id=0 name=name description=des parentProjectId=0 salesTax=10.0 client=null company=null childProjects=null]> , ParamName<status>; ParamValue: <[ id=0 name=name description=null isDeleted=false]>  }  at 2008-08-29 23:59:02.609 ]
[Error occurred in method <com.topcoder.clients.manager.dao.DAOProjectManager.setProjectStatus(Project project, ProjectStatus status)>, cause by :
java.lang.IllegalArgumentException: The ProjectStatus should have a non-null, non-empty description.
	at com.topcoder.clients.manager.dao.Helper.validateProjectStatus(Helper.java:243)
	at com.topcoder.clients.manager.dao.DAOProjectManager.setProjectStatus(DAOProjectManager.java:744)
	at com.topcoder.clients.manager.failuretests.TestDAOProjectManagerFailure.testSetProjectStatus_9(TestDAOProjectManagerFailure.java:1353)
	at sun.reflect.NativeMethodAccessorImpl.invoke0(Native Method)
	at sun.reflect.NativeMethodAccessorImpl.invoke(NativeMethodAccessorImpl.java:39)
	at sun.reflect.DelegatingMethodAccessorImpl.invoke(DelegatingMethodAccessorImpl.java:25)
	at java.lang.reflect.Method.invoke(Method.java:585)
	at junit.framework.TestCase.runTest(TestCase.java:154)
	at junit.framework.TestCase.runBare(TestCase.java:127)
	at junit.framework.TestResult$1.protect(TestResult.java:106)
	at junit.framework.TestResult.runProtected(TestResult.java:124)
	at junit.framework.TestResult.run(TestResult.java:109)
	at junit.framework.TestCase.run(TestCase.java:118)
	at junit.framework.TestSuite.runTest(TestSuite.java:208)
	at junit.framework.TestSuite.run(TestSuite.java:203)
	at junit.framework.TestSuite.runTest(TestSuite.java:208)
	at junit.framework.TestSuite.run(TestSuite.java:203)
	at junit.framework.TestSuite.runTest(TestSuite.java:208)
	at junit.framework.TestSuite.run(TestSuite.java:203)
	at org.apache.tools.ant.taskdefs.optional.junit.JUnitTestRunner.run(JUnitTestRunner.java:421)
	at org.apache.tools.ant.taskdefs.optional.junit.JUnitTestRunner.launch(JUnitTestRunner.java:912)
	at org.apache.tools.ant.taskdefs.optional.junit.JUnitTestRunner.main(JUnitTestRunner.java:766)
[Entering method <com.topcoder.clients.manager.dao.DAOProjectManager.setProjectStatus(Project project, ProjectStatus status)>; Parameters:{ ParamName<project>; ParamValue: <[ id=0 name=name description=des parentProjectId=0 salesTax=10.0 client=null company=null childProjects=null]> , ParamName<status>; ParamValue: <[ id=0 name=name description=des isDeleted=true]>  }  at 2008-08-29 23:59:02.625 ]
[Error occurred in method <com.topcoder.clients.manager.dao.DAOProjectManager.setProjectStatus(Project project, ProjectStatus status)>, cause by :
java.lang.IllegalArgumentException: The ProjectStatus should not be deleted.
	at com.topcoder.clients.manager.dao.Helper.validateProjectStatus(Helper.java:247)
	at com.topcoder.clients.manager.dao.DAOProjectManager.setProjectStatus(DAOProjectManager.java:744)
	at com.topcoder.clients.manager.failuretests.TestDAOProjectManagerFailure.testSetProjectStatus_10(TestDAOProjectManagerFailure.java:1384)
	at sun.reflect.NativeMethodAccessorImpl.invoke0(Native Method)
	at sun.reflect.NativeMethodAccessorImpl.invoke(NativeMethodAccessorImpl.java:39)
	at sun.reflect.DelegatingMethodAccessorImpl.invoke(DelegatingMethodAccessorImpl.java:25)
	at java.lang.reflect.Method.invoke(Method.java:585)
	at junit.framework.TestCase.runTest(TestCase.java:154)
	at junit.framework.TestCase.runBare(TestCase.java:127)
	at junit.framework.TestResult$1.protect(TestResult.java:106)
	at junit.framework.TestResult.runProtected(TestResult.java:124)
	at junit.framework.TestResult.run(TestResult.java:109)
	at junit.framework.TestCase.run(TestCase.java:118)
	at junit.framework.TestSuite.runTest(TestSuite.java:208)
	at junit.framework.TestSuite.run(TestSuite.java:203)
	at junit.framework.TestSuite.runTest(TestSuite.java:208)
	at junit.framework.TestSuite.run(TestSuite.java:203)
	at junit.framework.TestSuite.runTest(TestSuite.java:208)
	at junit.framework.TestSuite.run(TestSuite.java:203)
	at org.apache.tools.ant.taskdefs.optional.junit.JUnitTestRunner.run(JUnitTestRunner.java:421)
	at org.apache.tools.ant.taskdefs.optional.junit.JUnitTestRunner.launch(JUnitTestRunner.java:912)
	at org.apache.tools.ant.taskdefs.optional.junit.JUnitTestRunner.main(JUnitTestRunner.java:766)
[Entering method <com.topcoder.clients.manager.dao.DAOProjectManager.searchProjectsByName(String name)>; Parameters:{ ParamName<name>; ParamValue: <DAOConfigurationException>  }  at 2008-08-29 23:59:02.625 ]
[Error occurred in method <com.topcoder.clients.manager.dao.DAOProjectManager.searchProjectsByName(String name)>, cause by :
com.topcoder.clients.manager.ProjectManagerException: Fail to search projects by name=DAOConfigurationException cause by Throw for testing
	at com.topcoder.clients.manager.dao.DAOProjectManager.wrapInnerException(DAOProjectManager.java:351)
	at com.topcoder.clients.manager.dao.DAOProjectManager.searchProjectsByName(DAOProjectManager.java:790)
	at com.topcoder.clients.manager.failuretests.TestDAOProjectManagerFailure.testSearchProjectsByName_3(TestDAOProjectManagerFailure.java:1442)
	at sun.reflect.NativeMethodAccessorImpl.invoke0(Native Method)
	at sun.reflect.NativeMethodAccessorImpl.invoke(NativeMethodAccessorImpl.java:39)
	at sun.reflect.DelegatingMethodAccessorImpl.invoke(DelegatingMethodAccessorImpl.java:25)
	at java.lang.reflect.Method.invoke(Method.java:585)
	at junit.framework.TestCase.runTest(TestCase.java:154)
	at junit.framework.TestCase.runBare(TestCase.java:127)
	at junit.framework.TestResult$1.protect(TestResult.java:106)
	at junit.framework.TestResult.runProtected(TestResult.java:124)
	at junit.framework.TestResult.run(TestResult.java:109)
	at junit.framework.TestCase.run(TestCase.java:118)
	at junit.framework.TestSuite.runTest(TestSuite.java:208)
	at junit.framework.TestSuite.run(TestSuite.java:203)
	at junit.framework.TestSuite.runTest(TestSuite.java:208)
	at junit.framework.TestSuite.run(TestSuite.java:203)
	at junit.framework.TestSuite.runTest(TestSuite.java:208)
	at junit.framework.TestSuite.run(TestSuite.java:203)
	at org.apache.tools.ant.taskdefs.optional.junit.JUnitTestRunner.run(JUnitTestRunner.java:421)
	at org.apache.tools.ant.taskdefs.optional.junit.JUnitTestRunner.launch(JUnitTestRunner.java:912)
	at org.apache.tools.ant.taskdefs.optional.junit.JUnitTestRunner.main(JUnitTestRunner.java:766)
Caused by: com.topcoder.clients.dao.DAOConfigurationException: Throw for testing
	at com.topcoder.clients.manager.MockProjectDAO.searchByName(MockProjectDAO.java:124)
	at com.topcoder.clients.manager.dao.DAOProjectManager.searchProjectsByName(DAOProjectManager.java:780)
	... 20 more
Caused by: java.lang.NullPointerException: NPE Raised 
	... 22 more
[Entering method <com.topcoder.clients.manager.dao.DAOProjectManager.searchProjects(Filter filter)>; Parameters:{ ParamName<filter>; ParamValue: <null>  }  at 2008-08-29 23:59:02.625 ]
[Error occurred in method <com.topcoder.clients.manager.dao.DAOProjectManager.searchProjects(Filter filter)>, cause by :
java.lang.IllegalArgumentException: The parameter 'filter' should not be null.
	at com.topcoder.clients.manager.dao.Helper.checkNull(Helper.java:69)
	at com.topcoder.clients.manager.dao.DAOProjectManager.searchProjects(DAOProjectManager.java:818)
	at com.topcoder.clients.manager.failuretests.TestDAOProjectManagerFailure.testSearchProjects_1(TestDAOProjectManagerFailure.java:1460)
	at sun.reflect.NativeMethodAccessorImpl.invoke0(Native Method)
	at sun.reflect.NativeMethodAccessorImpl.invoke(NativeMethodAccessorImpl.java:39)
	at sun.reflect.DelegatingMethodAccessorImpl.invoke(DelegatingMethodAccessorImpl.java:25)
	at java.lang.reflect.Method.invoke(Method.java:585)
	at junit.framework.TestCase.runTest(TestCase.java:154)
	at junit.framework.TestCase.runBare(TestCase.java:127)
	at junit.framework.TestResult$1.protect(TestResult.java:106)
	at junit.framework.TestResult.runProtected(TestResult.java:124)
	at junit.framework.TestResult.run(TestResult.java:109)
	at junit.framework.TestCase.run(TestCase.java:118)
	at junit.framework.TestSuite.runTest(TestSuite.java:208)
	at junit.framework.TestSuite.run(TestSuite.java:203)
	at junit.framework.TestSuite.runTest(TestSuite.java:208)
	at junit.framework.TestSuite.run(TestSuite.java:203)
	at junit.framework.TestSuite.runTest(TestSuite.java:208)
	at junit.framework.TestSuite.run(TestSuite.java:203)
	at org.apache.tools.ant.taskdefs.optional.junit.JUnitTestRunner.run(JUnitTestRunner.java:421)
	at org.apache.tools.ant.taskdefs.optional.junit.JUnitTestRunner.launch(JUnitTestRunner.java:912)
	at org.apache.tools.ant.taskdefs.optional.junit.JUnitTestRunner.main(JUnitTestRunner.java:766)
[Entering method <com.topcoder.clients.manager.dao.DAOProjectManager.searchProjects(Filter filter)>; Parameters:{ ParamName<filter>; ParamValue: <com.topcoder.search.builder.filter.EqualToFilter@5ddb6e>  }  at 2008-08-29 23:59:02.640 ]
[Error occurred in method <com.topcoder.clients.manager.dao.DAOProjectManager.searchProjects(Filter filter)>, cause by :
com.topcoder.clients.manager.ProjectManagerException: Fail to search Project by filter, cause by Throw for testing
	at com.topcoder.clients.manager.dao.DAOProjectManager.wrapInnerException(DAOProjectManager.java:351)
	at com.topcoder.clients.manager.dao.DAOProjectManager.searchProjects(DAOProjectManager.java:834)
	at com.topcoder.clients.manager.failuretests.TestDAOProjectManagerFailure.testSearchProjects_2(TestDAOProjectManagerFailure.java:1480)
	at sun.reflect.NativeMethodAccessorImpl.invoke0(Native Method)
	at sun.reflect.NativeMethodAccessorImpl.invoke(NativeMethodAccessorImpl.java:39)
	at sun.reflect.DelegatingMethodAccessorImpl.invoke(DelegatingMethodAccessorImpl.java:25)
	at java.lang.reflect.Method.invoke(Method.java:585)
	at junit.framework.TestCase.runTest(TestCase.java:154)
	at junit.framework.TestCase.runBare(TestCase.java:127)
	at junit.framework.TestResult$1.protect(TestResult.java:106)
	at junit.framework.TestResult.runProtected(TestResult.java:124)
	at junit.framework.TestResult.run(TestResult.java:109)
	at junit.framework.TestCase.run(TestCase.java:118)
	at junit.framework.TestSuite.runTest(TestSuite.java:208)
	at junit.framework.TestSuite.run(TestSuite.java:203)
	at junit.framework.TestSuite.runTest(TestSuite.java:208)
	at junit.framework.TestSuite.run(TestSuite.java:203)
	at junit.framework.TestSuite.runTest(TestSuite.java:208)
	at junit.framework.TestSuite.run(TestSuite.java:203)
	at org.apache.tools.ant.taskdefs.optional.junit.JUnitTestRunner.run(JUnitTestRunner.java:421)
	at org.apache.tools.ant.taskdefs.optional.junit.JUnitTestRunner.launch(JUnitTestRunner.java:912)
	at org.apache.tools.ant.taskdefs.optional.junit.JUnitTestRunner.main(JUnitTestRunner.java:766)
Caused by: com.topcoder.clients.dao.DAOException: Throw for testing
	at com.topcoder.clients.manager.MockProjectDAO.search(MockProjectDAO.java:145)
	at com.topcoder.clients.manager.dao.DAOProjectManager.searchProjects(DAOProjectManager.java:820)
	... 20 more
Caused by: java.lang.NullPointerException: NPE Raised 
	... 22 more
[Entering method <com.topcoder.clients.manager.dao.DAOProjectManager.searchProjects(Filter filter)>; Parameters:{ ParamName<filter>; ParamValue: <com.topcoder.search.builder.filter.EqualToFilter@113beb5>  }  at 2008-08-29 23:59:02.640 ]
[Error occurred in method <com.topcoder.clients.manager.dao.DAOProjectManager.searchProjects(Filter filter)>, cause by :
com.topcoder.clients.manager.ProjectManagerException: Fail to search Project by filter, cause by Throw for testing
	at com.topcoder.clients.manager.dao.DAOProjectManager.wrapInnerException(DAOProjectManager.java:351)
	at com.topcoder.clients.manager.dao.DAOProjectManager.searchProjects(DAOProjectManager.java:831)
	at com.topcoder.clients.manager.failuretests.TestDAOProjectManagerFailure.testSearchProjects_3(TestDAOProjectManagerFailure.java:1500)
	at sun.reflect.NativeMethodAccessorImpl.invoke0(Native Method)
	at sun.reflect.NativeMethodAccessorImpl.invoke(NativeMethodAccessorImpl.java:39)
	at sun.reflect.DelegatingMethodAccessorImpl.invoke(DelegatingMethodAccessorImpl.java:25)
	at java.lang.reflect.Method.invoke(Method.java:585)
	at junit.framework.TestCase.runTest(TestCase.java:154)
	at junit.framework.TestCase.runBare(TestCase.java:127)
	at junit.framework.TestResult$1.protect(TestResult.java:106)
	at junit.framework.TestResult.runProtected(TestResult.java:124)
	at junit.framework.TestResult.run(TestResult.java:109)
	at junit.framework.TestCase.run(TestCase.java:118)
	at junit.framework.TestSuite.runTest(TestSuite.java:208)
	at junit.framework.TestSuite.run(TestSuite.java:203)
	at junit.framework.TestSuite.runTest(TestSuite.java:208)
	at junit.framework.TestSuite.run(TestSuite.java:203)
	at junit.framework.TestSuite.runTest(TestSuite.java:208)
	at junit.framework.TestSuite.run(TestSuite.java:203)
	at org.apache.tools.ant.taskdefs.optional.junit.JUnitTestRunner.run(JUnitTestRunner.java:421)
	at org.apache.tools.ant.taskdefs.optional.junit.JUnitTestRunner.launch(JUnitTestRunner.java:912)
	at org.apache.tools.ant.taskdefs.optional.junit.JUnitTestRunner.main(JUnitTestRunner.java:766)
Caused by: com.topcoder.clients.dao.DAOConfigurationException: Throw for testing
	at com.topcoder.clients.manager.MockProjectDAO.search(MockProjectDAO.java:149)
	at com.topcoder.clients.manager.dao.DAOProjectManager.searchProjects(DAOProjectManager.java:820)
	... 20 more
Caused by: java.lang.NullPointerException: NPE Raised 
	... 22 more
[Entering method <com.topcoder.clients.manager.dao.DAOProjectManager.getProjectStatus(long id)>; Parameters:{ ParamName<id>; ParamValue: <1002>  }  at 2008-08-29 23:59:02.640 ]
[Error occurred in method <com.topcoder.clients.manager.dao.DAOProjectManager.getProjectStatus(long id)>, cause by :
com.topcoder.clients.manager.ProjectManagerException: Fail to getProjectStatus with id=1002 , cause by Throw for testing
	at com.topcoder.clients.manager.dao.DAOProjectManager.wrapInnerException(DAOProjectManager.java:351)
	at com.topcoder.clients.manager.dao.DAOProjectManager.getProjectStatus(DAOProjectManager.java:871)
	at com.topcoder.clients.manager.failuretests.TestDAOProjectManagerFailure.testGetProjectStatus_3(TestDAOProjectManagerFailure.java:1554)
	at sun.reflect.NativeMethodAccessorImpl.invoke0(Native Method)
	at sun.reflect.NativeMethodAccessorImpl.invoke(NativeMethodAccessorImpl.java:39)
	at sun.reflect.DelegatingMethodAccessorImpl.invoke(DelegatingMethodAccessorImpl.java:25)
	at java.lang.reflect.Method.invoke(Method.java:585)
	at junit.framework.TestCase.runTest(TestCase.java:154)
	at junit.framework.TestCase.runBare(TestCase.java:127)
	at junit.framework.TestResult$1.protect(TestResult.java:106)
	at junit.framework.TestResult.runProtected(TestResult.java:124)
	at junit.framework.TestResult.run(TestResult.java:109)
	at junit.framework.TestCase.run(TestCase.java:118)
	at junit.framework.TestSuite.runTest(TestSuite.java:208)
	at junit.framework.TestSuite.run(TestSuite.java:203)
	at junit.framework.TestSuite.runTest(TestSuite.java:208)
	at junit.framework.TestSuite.run(TestSuite.java:203)
	at junit.framework.TestSuite.runTest(TestSuite.java:208)
	at junit.framework.TestSuite.run(TestSuite.java:203)
	at org.apache.tools.ant.taskdefs.optional.junit.JUnitTestRunner.run(JUnitTestRunner.java:421)
	at org.apache.tools.ant.taskdefs.optional.junit.JUnitTestRunner.launch(JUnitTestRunner.java:912)
	at org.apache.tools.ant.taskdefs.optional.junit.JUnitTestRunner.main(JUnitTestRunner.java:766)
Caused by: com.topcoder.clients.dao.DAOException: Throw for testing
	at com.topcoder.clients.manager.MockProjectStatusDAO.retrieveById(MockProjectStatusDAO.java:73)
	at com.topcoder.clients.manager.dao.DAOProjectManager.getProjectStatus(DAOProjectManager.java:857)
	... 20 more
Caused by: java.lang.NullPointerException: NPE Raised 
	... 22 more
[Entering method <com.topcoder.clients.manager.dao.DAOProjectManager.getAllProjectStatuses()>; Parameters:{ }  at 2008-08-29 23:59:02.640 ]
[Error occurred in method <com.topcoder.clients.manager.dao.DAOProjectManager.getAllProjectStatuses()>, cause by :
com.topcoder.clients.manager.ProjectManagerException: Fail to get all ProjectStatus , cause by Throw for testing
	at com.topcoder.clients.manager.dao.DAOProjectManager.wrapInnerException(DAOProjectManager.java:351)
	at com.topcoder.clients.manager.dao.DAOProjectManager.getAllProjectStatuses(DAOProjectManager.java:900)
	at com.topcoder.clients.manager.failuretests.TestDAOProjectManagerFailure.testGetAllProjectStatuses_1(TestDAOProjectManagerFailure.java:1578)
	at sun.reflect.NativeMethodAccessorImpl.invoke0(Native Method)
	at sun.reflect.NativeMethodAccessorImpl.invoke(NativeMethodAccessorImpl.java:39)
	at sun.reflect.DelegatingMethodAccessorImpl.invoke(DelegatingMethodAccessorImpl.java:25)
	at java.lang.reflect.Method.invoke(Method.java:585)
	at junit.framework.TestCase.runTest(TestCase.java:154)
	at junit.framework.TestCase.runBare(TestCase.java:127)
	at junit.framework.TestResult$1.protect(TestResult.java:106)
	at junit.framework.TestResult.runProtected(TestResult.java:124)
	at junit.framework.TestResult.run(TestResult.java:109)
	at junit.framework.TestCase.run(TestCase.java:118)
	at junit.framework.TestSuite.runTest(TestSuite.java:208)
	at junit.framework.TestSuite.run(TestSuite.java:203)
	at junit.framework.TestSuite.runTest(TestSuite.java:208)
	at junit.framework.TestSuite.run(TestSuite.java:203)
	at junit.framework.TestSuite.runTest(TestSuite.java:208)
	at junit.framework.TestSuite.run(TestSuite.java:203)
	at org.apache.tools.ant.taskdefs.optional.junit.JUnitTestRunner.run(JUnitTestRunner.java:421)
	at org.apache.tools.ant.taskdefs.optional.junit.JUnitTestRunner.launch(JUnitTestRunner.java:912)
	at org.apache.tools.ant.taskdefs.optional.junit.JUnitTestRunner.main(JUnitTestRunner.java:766)
Caused by: com.topcoder.clients.dao.DAOException: Throw for testing
	at com.topcoder.clients.manager.MockProjectStatusDAO.retrieveAll(MockProjectStatusDAO.java:93)
	at com.topcoder.clients.manager.dao.DAOProjectManager.getAllProjectStatuses(DAOProjectManager.java:891)
	... 20 more
Caused by: java.lang.NullPointerException: NPE Raised 
	... 22 more
[Entering method <com.topcoder.clients.manager.dao.DAOProjectManager.getAllProjectStatuses()>; Parameters:{ }  at 2008-08-29 23:59:02.656 ]
[Error occurred in method <com.topcoder.clients.manager.dao.DAOProjectManager.getAllProjectStatuses()>, cause by :
com.topcoder.clients.manager.ProjectManagerException: Fail to get all ProjectStatus , cause by Throw for testing
	at com.topcoder.clients.manager.dao.DAOProjectManager.wrapInnerException(DAOProjectManager.java:351)
	at com.topcoder.clients.manager.dao.DAOProjectManager.getAllProjectStatuses(DAOProjectManager.java:897)
	at com.topcoder.clients.manager.failuretests.TestDAOProjectManagerFailure.testGetAllProjectStatuses_2(TestDAOProjectManagerFailure.java:1602)
	at sun.reflect.NativeMethodAccessorImpl.invoke0(Native Method)
	at sun.reflect.NativeMethodAccessorImpl.invoke(NativeMethodAccessorImpl.java:39)
	at sun.reflect.DelegatingMethodAccessorImpl.invoke(DelegatingMethodAccessorImpl.java:25)
	at java.lang.reflect.Method.invoke(Method.java:585)
	at junit.framework.TestCase.runTest(TestCase.java:154)
	at junit.framework.TestCase.runBare(TestCase.java:127)
	at junit.framework.TestResult$1.protect(TestResult.java:106)
	at junit.framework.TestResult.runProtected(TestResult.java:124)
	at junit.framework.TestResult.run(TestResult.java:109)
	at junit.framework.TestCase.run(TestCase.java:118)
	at junit.framework.TestSuite.runTest(TestSuite.java:208)
	at junit.framework.TestSuite.run(TestSuite.java:203)
	at junit.framework.TestSuite.runTest(TestSuite.java:208)
	at junit.framework.TestSuite.run(TestSuite.java:203)
	at junit.framework.TestSuite.runTest(TestSuite.java:208)
	at junit.framework.TestSuite.run(TestSuite.java:203)
	at org.apache.tools.ant.taskdefs.optional.junit.JUnitTestRunner.run(JUnitTestRunner.java:421)
	at org.apache.tools.ant.taskdefs.optional.junit.JUnitTestRunner.launch(JUnitTestRunner.java:912)
	at org.apache.tools.ant.taskdefs.optional.junit.JUnitTestRunner.main(JUnitTestRunner.java:766)
Caused by: com.topcoder.clients.dao.DAOConfigurationException: Throw for testing
	at com.topcoder.clients.manager.MockProjectStatusDAO.retrieveAll(MockProjectStatusDAO.java:97)
	at com.topcoder.clients.manager.dao.DAOProjectManager.getAllProjectStatuses(DAOProjectManager.java:891)
	... 20 more
Caused by: java.lang.NullPointerException: NPE Raised 
	... 22 more
[Entering method <com.topcoder.clients.manager.dao.DAOProjectManager.getProjectsForStatus(ProjectStatus status)>; Parameters:{ ParamName<status>; ParamValue: <null>  }  at 2008-08-29 23:59:02.656 ]
[Error occurred in method <com.topcoder.clients.manager.dao.DAOProjectManager.getProjectsForStatus(ProjectStatus status)>, cause by :
java.lang.IllegalArgumentException: The parameter 'status' should not be null.
	at com.topcoder.clients.manager.dao.Helper.checkNull(Helper.java:69)
	at com.topcoder.clients.manager.dao.DAOProjectManager.getProjectsForStatus(DAOProjectManager.java:924)
	at com.topcoder.clients.manager.failuretests.TestDAOProjectManagerFailure.testGetProjectsForStatus_1(TestDAOProjectManagerFailure.java:1620)
	at sun.reflect.NativeMethodAccessorImpl.invoke0(Native Method)
	at sun.reflect.NativeMethodAccessorImpl.invoke(NativeMethodAccessorImpl.java:39)
	at sun.reflect.DelegatingMethodAccessorImpl.invoke(DelegatingMethodAccessorImpl.java:25)
	at java.lang.reflect.Method.invoke(Method.java:585)
	at junit.framework.TestCase.runTest(TestCase.java:154)
	at junit.framework.TestCase.runBare(TestCase.java:127)
	at junit.framework.TestResult$1.protect(TestResult.java:106)
	at junit.framework.TestResult.runProtected(TestResult.java:124)
	at junit.framework.TestResult.run(TestResult.java:109)
	at junit.framework.TestCase.run(TestCase.java:118)
	at junit.framework.TestSuite.runTest(TestSuite.java:208)
	at junit.framework.TestSuite.run(TestSuite.java:203)
	at junit.framework.TestSuite.runTest(TestSuite.java:208)
	at junit.framework.TestSuite.run(TestSuite.java:203)
	at junit.framework.TestSuite.runTest(TestSuite.java:208)
	at junit.framework.TestSuite.run(TestSuite.java:203)
	at org.apache.tools.ant.taskdefs.optional.junit.JUnitTestRunner.run(JUnitTestRunner.java:421)
	at org.apache.tools.ant.taskdefs.optional.junit.JUnitTestRunner.launch(JUnitTestRunner.java:912)
	at org.apache.tools.ant.taskdefs.optional.junit.JUnitTestRunner.main(JUnitTestRunner.java:766)
[Entering method <com.topcoder.clients.manager.dao.DAOProjectManager.getProjectsForStatus(ProjectStatus status)>; Parameters:{ ParamName<status>; ParamValue: <[ id=-1 name=null description=null isDeleted=false]>  }  at 2008-08-29 23:59:02.656 ]
[Error occurred in method <com.topcoder.clients.manager.dao.DAOProjectManager.getProjectsForStatus(ProjectStatus status)>, cause by :
java.lang.IllegalArgumentException: The parameter id should not be negative.
	at com.topcoder.clients.manager.dao.Helper.checkId(Helper.java:115)
	at com.topcoder.clients.manager.dao.DAOProjectManager.getProjectsForStatus(DAOProjectManager.java:926)
	at com.topcoder.clients.manager.failuretests.TestDAOProjectManagerFailure.testGetProjectsForStatus_2(TestDAOProjectManagerFailure.java:1641)
	at sun.reflect.NativeMethodAccessorImpl.invoke0(Native Method)
	at sun.reflect.NativeMethodAccessorImpl.invoke(NativeMethodAccessorImpl.java:39)
	at sun.reflect.DelegatingMethodAccessorImpl.invoke(DelegatingMethodAccessorImpl.java:25)
	at java.lang.reflect.Method.invoke(Method.java:585)
	at junit.framework.TestCase.runTest(TestCase.java:154)
	at junit.framework.TestCase.runBare(TestCase.java:127)
	at junit.framework.TestResult$1.protect(TestResult.java:106)
	at junit.framework.TestResult.runProtected(TestResult.java:124)
	at junit.framework.TestResult.run(TestResult.java:109)
	at junit.framework.TestCase.run(TestCase.java:118)
	at junit.framework.TestSuite.runTest(TestSuite.java:208)
	at junit.framework.TestSuite.run(TestSuite.java:203)
	at junit.framework.TestSuite.runTest(TestSuite.java:208)
	at junit.framework.TestSuite.run(TestSuite.java:203)
	at junit.framework.TestSuite.runTest(TestSuite.java:208)
	at junit.framework.TestSuite.run(TestSuite.java:203)
	at org.apache.tools.ant.taskdefs.optional.junit.JUnitTestRunner.run(JUnitTestRunner.java:421)
	at org.apache.tools.ant.taskdefs.optional.junit.JUnitTestRunner.launch(JUnitTestRunner.java:912)
	at org.apache.tools.ant.taskdefs.optional.junit.JUnitTestRunner.main(JUnitTestRunner.java:766)
[Entering method <com.topcoder.clients.manager.dao.DAOProjectManager.getProjectsForStatus(ProjectStatus status)>; Parameters:{ ParamName<status>; ParamValue: <[ id=1 name=DAOException description=null isDeleted=false]>  }  at 2008-08-29 23:59:02.671 ]
[Error occurred in method <com.topcoder.clients.manager.dao.DAOProjectManager.getProjectsForStatus(ProjectStatus status)>, cause by :
com.topcoder.clients.manager.ProjectManagerException: Fail to get Projects for ProjectStatus, cause by Throw for testing
	at com.topcoder.clients.manager.dao.DAOProjectManager.wrapInnerException(DAOProjectManager.java:351)
	at com.topcoder.clients.manager.dao.DAOProjectManager.getProjectsForStatus(DAOProjectManager.java:940)
	at com.topcoder.clients.manager.failuretests.TestDAOProjectManagerFailure.testGetProjectsForStatus_3(TestDAOProjectManagerFailure.java:1663)
	at sun.reflect.NativeMethodAccessorImpl.invoke0(Native Method)
	at sun.reflect.NativeMethodAccessorImpl.invoke(NativeMethodAccessorImpl.java:39)
	at sun.reflect.DelegatingMethodAccessorImpl.invoke(DelegatingMethodAccessorImpl.java:25)
	at java.lang.reflect.Method.invoke(Method.java:585)
	at junit.framework.TestCase.runTest(TestCase.java:154)
	at junit.framework.TestCase.runBare(TestCase.java:127)
	at junit.framework.TestResult$1.protect(TestResult.java:106)
	at junit.framework.TestResult.runProtected(TestResult.java:124)
	at junit.framework.TestResult.run(TestResult.java:109)
	at junit.framework.TestCase.run(TestCase.java:118)
	at junit.framework.TestSuite.runTest(TestSuite.java:208)
	at junit.framework.TestSuite.run(TestSuite.java:203)
	at junit.framework.TestSuite.runTest(TestSuite.java:208)
	at junit.framework.TestSuite.run(TestSuite.java:203)
	at junit.framework.TestSuite.runTest(TestSuite.java:208)
	at junit.framework.TestSuite.run(TestSuite.java:203)
	at org.apache.tools.ant.taskdefs.optional.junit.JUnitTestRunner.run(JUnitTestRunner.java:421)
	at org.apache.tools.ant.taskdefs.optional.junit.JUnitTestRunner.launch(JUnitTestRunner.java:912)
	at org.apache.tools.ant.taskdefs.optional.junit.JUnitTestRunner.main(JUnitTestRunner.java:766)
Caused by: com.topcoder.clients.dao.DAOException: Throw for testing
	at com.topcoder.clients.manager.MockProjectStatusDAO.getProjectsWithStatus(MockProjectStatusDAO.java:194)
	at com.topcoder.clients.manager.MockProjectStatusDAO.getProjectsWithStatus(MockProjectStatusDAO.java:27)
	at com.topcoder.clients.manager.dao.DAOProjectManager.getProjectsForStatus(DAOProjectManager.java:928)
	... 20 more
Caused by: java.lang.NullPointerException: NPE Raised 
	... 23 more
[Entering method <com.topcoder.clients.manager.dao.DAOProjectManager.getProjectsForStatus(ProjectStatus status)>; Parameters:{ ParamName<status>; ParamValue: <[ id=1 name=DAOConfigurationException description=null isDeleted=false]>  }  at 2008-08-29 23:59:02.671 ]
[Error occurred in method <com.topcoder.clients.manager.dao.DAOProjectManager.getProjectsForStatus(ProjectStatus status)>, cause by :
com.topcoder.clients.manager.ProjectManagerException: Fail to get Projects for ProjectStatus, cause by Throw for testing
	at com.topcoder.clients.manager.dao.DAOProjectManager.wrapInnerException(DAOProjectManager.java:351)
	at com.topcoder.clients.manager.dao.DAOProjectManager.getProjectsForStatus(DAOProjectManager.java:937)
	at com.topcoder.clients.manager.failuretests.TestDAOProjectManagerFailure.testGetProjectsForStatus_4(TestDAOProjectManagerFailure.java:1685)
	at sun.reflect.NativeMethodAccessorImpl.invoke0(Native Method)
	at sun.reflect.NativeMethodAccessorImpl.invoke(NativeMethodAccessorImpl.java:39)
	at sun.reflect.DelegatingMethodAccessorImpl.invoke(DelegatingMethodAccessorImpl.java:25)
	at java.lang.reflect.Method.invoke(Method.java:585)
	at junit.framework.TestCase.runTest(TestCase.java:154)
	at junit.framework.TestCase.runBare(TestCase.java:127)
	at junit.framework.TestResult$1.protect(TestResult.java:106)
	at junit.framework.TestResult.runProtected(TestResult.java:124)
	at junit.framework.TestResult.run(TestResult.java:109)
	at junit.framework.TestCase.run(TestCase.java:118)
	at junit.framework.TestSuite.runTest(TestSuite.java:208)
	at junit.framework.TestSuite.run(TestSuite.java:203)
	at junit.framework.TestSuite.runTest(TestSuite.java:208)
	at junit.framework.TestSuite.run(TestSuite.java:203)
	at junit.framework.TestSuite.runTest(TestSuite.java:208)
	at junit.framework.TestSuite.run(TestSuite.java:203)
	at org.apache.tools.ant.taskdefs.optional.junit.JUnitTestRunner.run(JUnitTestRunner.java:421)
	at org.apache.tools.ant.taskdefs.optional.junit.JUnitTestRunner.launch(JUnitTestRunner.java:912)
	at org.apache.tools.ant.taskdefs.optional.junit.JUnitTestRunner.main(JUnitTestRunner.java:766)
Caused by: com.topcoder.clients.dao.DAOConfigurationException: Throw for testing
	at com.topcoder.clients.manager.MockProjectStatusDAO.getProjectsWithStatus(MockProjectStatusDAO.java:198)
	at com.topcoder.clients.manager.MockProjectStatusDAO.getProjectsWithStatus(MockProjectStatusDAO.java:27)
	at com.topcoder.clients.manager.dao.DAOProjectManager.getProjectsForStatus(DAOProjectManager.java:928)
	... 20 more
Caused by: java.lang.NullPointerException: NPE Raised 
	... 23 more
[Entering method <com.topcoder.clients.manager.dao.DAOProjectManager.createProject(Project project, Client client)>; Parameters:{ ParamName<project>; ParamValue: <null> , ParamName<client>; ParamValue: <[ id=0 name=null codeName=null salesTax=0.0 isDeleted=false company=null clientStatus=null]>  }  at 2008-08-29 23:59:02.703 ]
[Error occurred in method <com.topcoder.clients.manager.dao.DAOProjectManager.createProject(Project project, Client client)>, cause by :
java.lang.IllegalArgumentException: The parameter 'project' should not be null.
	at com.topcoder.clients.manager.dao.Helper.checkNull(Helper.java:69)
	at com.topcoder.clients.manager.dao.Helper.validateProject(Helper.java:202)
	at com.topcoder.clients.manager.dao.DAOProjectManager.createProject(DAOProjectManager.java:299)
	at com.topcoder.clients.manager.failuretests.TestDAOProjectManagerFailure.testCreateProjectFailure1(TestDAOProjectManagerFailure.java:270)
	at sun.reflect.NativeMethodAccessorImpl.invoke0(Native Method)
	at sun.reflect.NativeMethodAccessorImpl.invoke(NativeMethodAccessorImpl.java:39)
	at sun.reflect.DelegatingMethodAccessorImpl.invoke(DelegatingMethodAccessorImpl.java:25)
	at java.lang.reflect.Method.invoke(Method.java:585)
	at junit.framework.TestCase.runTest(TestCase.java:154)
	at junit.framework.TestCase.runBare(TestCase.java:127)
	at junit.framework.TestResult$1.protect(TestResult.java:106)
	at junit.framework.TestResult.runProtected(TestResult.java:124)
	at junit.framework.TestResult.run(TestResult.java:109)
	at junit.framework.TestCase.run(TestCase.java:118)
	at junit.framework.TestSuite.runTest(TestSuite.java:208)
	at junit.framework.TestSuite.run(TestSuite.java:203)
	at junit.framework.TestSuite.runTest(TestSuite.java:208)
	at junit.framework.TestSuite.run(TestSuite.java:203)
	at junit.framework.TestSuite.runTest(TestSuite.java:208)
	at junit.framework.TestSuite.run(TestSuite.java:203)
	at org.apache.tools.ant.taskdefs.optional.junit.JUnitTestRunner.run(JUnitTestRunner.java:421)
	at org.apache.tools.ant.taskdefs.optional.junit.JUnitTestRunner.launch(JUnitTestRunner.java:912)
	at org.apache.tools.ant.taskdefs.optional.junit.JUnitTestRunner.main(JUnitTestRunner.java:766)
[Entering method <com.topcoder.clients.manager.dao.DAOProjectManager.createProject(Project project, Client client)>; Parameters:{ ParamName<project>; ParamValue: <[ id=0 name=name description=d parentProjectId=0 salesTax=-1.0 client=null company=null childProjects=null]> , ParamName<client>; ParamValue: <[ id=0 name=null codeName=null salesTax=0.0 isDeleted=false company=null clientStatus=null]>  }  at 2008-08-29 23:59:02.703 ]
[Error occurred in method <com.topcoder.clients.manager.dao.DAOProjectManager.createProject(Project project, Client client)>, cause by :
java.lang.IllegalArgumentException: The project's salesTax should be greater than zero.
	at com.topcoder.clients.manager.dao.Helper.validateProject(Helper.java:205)
	at com.topcoder.clients.manager.dao.DAOProjectManager.createProject(DAOProjectManager.java:299)
	at com.topcoder.clients.manager.failuretests.TestDAOProjectManagerFailure.testCreateProjectFailure2(TestDAOProjectManagerFailure.java:296)
	at sun.reflect.NativeMethodAccessorImpl.invoke0(Native Method)
	at sun.reflect.NativeMethodAccessorImpl.invoke(NativeMethodAccessorImpl.java:39)
	at sun.reflect.DelegatingMethodAccessorImpl.invoke(DelegatingMethodAccessorImpl.java:25)
	at java.lang.reflect.Method.invoke(Method.java:585)
	at junit.framework.TestCase.runTest(TestCase.java:154)
	at junit.framework.TestCase.runBare(TestCase.java:127)
	at junit.framework.TestResult$1.protect(TestResult.java:106)
	at junit.framework.TestResult.runProtected(TestResult.java:124)
	at junit.framework.TestResult.run(TestResult.java:109)
	at junit.framework.TestCase.run(TestCase.java:118)
	at junit.framework.TestSuite.runTest(TestSuite.java:208)
	at junit.framework.TestSuite.run(TestSuite.java:203)
	at junit.framework.TestSuite.runTest(TestSuite.java:208)
	at junit.framework.TestSuite.run(TestSuite.java:203)
	at junit.framework.TestSuite.runTest(TestSuite.java:208)
	at junit.framework.TestSuite.run(TestSuite.java:203)
	at org.apache.tools.ant.taskdefs.optional.junit.JUnitTestRunner.run(JUnitTestRunner.java:421)
	at org.apache.tools.ant.taskdefs.optional.junit.JUnitTestRunner.launch(JUnitTestRunner.java:912)
	at org.apache.tools.ant.taskdefs.optional.junit.JUnitTestRunner.main(JUnitTestRunner.java:766)
[Entering method <com.topcoder.clients.manager.dao.DAOProjectManager.createProject(Project project, Client client)>; Parameters:{ ParamName<project>; ParamValue: <[ id=0 name=null description=d parentProjectId=0 salesTax=10.0 client=null company=null childProjects=null]> , ParamName<client>; ParamValue: <[ id=0 name=null codeName=null salesTax=0.0 isDeleted=false company=null clientStatus=null]>  }  at 2008-08-29 23:59:02.703 ]
[Error occurred in method <com.topcoder.clients.manager.dao.DAOProjectManager.createProject(Project project, Client client)>, cause by :
java.lang.IllegalArgumentException: The project's name should not be null or empty string (trimmed).
	at com.topcoder.clients.manager.dao.Helper.validateProject(Helper.java:213)
	at com.topcoder.clients.manager.dao.DAOProjectManager.createProject(DAOProjectManager.java:299)
	at com.topcoder.clients.manager.failuretests.TestDAOProjectManagerFailure.testCreateProjectFailure3(TestDAOProjectManagerFailure.java:322)
	at sun.reflect.NativeMethodAccessorImpl.invoke0(Native Method)
	at sun.reflect.NativeMethodAccessorImpl.invoke(NativeMethodAccessorImpl.java:39)
	at sun.reflect.DelegatingMethodAccessorImpl.invoke(DelegatingMethodAccessorImpl.java:25)
	at java.lang.reflect.Method.invoke(Method.java:585)
	at junit.framework.TestCase.runTest(TestCase.java:154)
	at junit.framework.TestCase.runBare(TestCase.java:127)
	at junit.framework.TestResult$1.protect(TestResult.java:106)
	at junit.framework.TestResult.runProtected(TestResult.java:124)
	at junit.framework.TestResult.run(TestResult.java:109)
	at junit.framework.TestCase.run(TestCase.java:118)
	at junit.framework.TestSuite.runTest(TestSuite.java:208)
	at junit.framework.TestSuite.run(TestSuite.java:203)
	at junit.framework.TestSuite.runTest(TestSuite.java:208)
	at junit.framework.TestSuite.run(TestSuite.java:203)
	at junit.framework.TestSuite.runTest(TestSuite.java:208)
	at junit.framework.TestSuite.run(TestSuite.java:203)
	at org.apache.tools.ant.taskdefs.optional.junit.JUnitTestRunner.run(JUnitTestRunner.java:421)
	at org.apache.tools.ant.taskdefs.optional.junit.JUnitTestRunner.launch(JUnitTestRunner.java:912)
	at org.apache.tools.ant.taskdefs.optional.junit.JUnitTestRunner.main(JUnitTestRunner.java:766)
[Entering method <com.topcoder.clients.manager.dao.DAOProjectManager.createProject(Project project, Client client)>; Parameters:{ ParamName<project>; ParamValue: <[ id=0 name=   description=d parentProjectId=0 salesTax=10.0 client=null company=null childProjects=null]> , ParamName<client>; ParamValue: <[ id=0 name=null codeName=null salesTax=0.0 isDeleted=false company=null clientStatus=null]>  }  at 2008-08-29 23:59:02.718 ]
[Error occurred in method <com.topcoder.clients.manager.dao.DAOProjectManager.createProject(Project project, Client client)>, cause by :
java.lang.IllegalArgumentException: The project's name should not be null or empty string (trimmed).
	at com.topcoder.clients.manager.dao.Helper.validateProject(Helper.java:213)
	at com.topcoder.clients.manager.dao.DAOProjectManager.createProject(DAOProjectManager.java:299)
	at com.topcoder.clients.manager.failuretests.TestDAOProjectManagerFailure.testCreateProjectFailure4(TestDAOProjectManagerFailure.java:348)
	at sun.reflect.NativeMethodAccessorImpl.invoke0(Native Method)
	at sun.reflect.NativeMethodAccessorImpl.invoke(NativeMethodAccessorImpl.java:39)
	at sun.reflect.DelegatingMethodAccessorImpl.invoke(DelegatingMethodAccessorImpl.java:25)
	at java.lang.reflect.Method.invoke(Method.java:585)
	at junit.framework.TestCase.runTest(TestCase.java:154)
	at junit.framework.TestCase.runBare(TestCase.java:127)
	at junit.framework.TestResult$1.protect(TestResult.java:106)
	at junit.framework.TestResult.runProtected(TestResult.java:124)
	at junit.framework.TestResult.run(TestResult.java:109)
	at junit.framework.TestCase.run(TestCase.java:118)
	at junit.framework.TestSuite.runTest(TestSuite.java:208)
	at junit.framework.TestSuite.run(TestSuite.java:203)
	at junit.framework.TestSuite.runTest(TestSuite.java:208)
	at junit.framework.TestSuite.run(TestSuite.java:203)
	at junit.framework.TestSuite.runTest(TestSuite.java:208)
	at junit.framework.TestSuite.run(TestSuite.java:203)
	at org.apache.tools.ant.taskdefs.optional.junit.JUnitTestRunner.run(JUnitTestRunner.java:421)
	at org.apache.tools.ant.taskdefs.optional.junit.JUnitTestRunner.launch(JUnitTestRunner.java:912)
	at org.apache.tools.ant.taskdefs.optional.junit.JUnitTestRunner.main(JUnitTestRunner.java:766)
[Entering method <com.topcoder.clients.manager.dao.DAOProjectManager.createProject(Project project, Client client)>; Parameters:{ ParamName<project>; ParamValue: <[ id=0 name=n description=null parentProjectId=0 salesTax=10.0 client=null company=null childProjects=null]> , ParamName<client>; ParamValue: <[ id=0 name=null codeName=null salesTax=0.0 isDeleted=false company=null clientStatus=null]>  }  at 2008-08-29 23:59:02.718 ]
[Error occurred in method <com.topcoder.clients.manager.dao.DAOProjectManager.createProject(Project project, Client client)>, cause by :
java.lang.IllegalArgumentException: The project's description should not be null.
	at com.topcoder.clients.manager.dao.Helper.validateProject(Helper.java:209)
	at com.topcoder.clients.manager.dao.DAOProjectManager.createProject(DAOProjectManager.java:299)
	at com.topcoder.clients.manager.failuretests.TestDAOProjectManagerFailure.testCreateProjectFailure6(TestDAOProjectManagerFailure.java:374)
	at sun.reflect.NativeMethodAccessorImpl.invoke0(Native Method)
	at sun.reflect.NativeMethodAccessorImpl.invoke(NativeMethodAccessorImpl.java:39)
	at sun.reflect.DelegatingMethodAccessorImpl.invoke(DelegatingMethodAccessorImpl.java:25)
	at java.lang.reflect.Method.invoke(Method.java:585)
	at junit.framework.TestCase.runTest(TestCase.java:154)
	at junit.framework.TestCase.runBare(TestCase.java:127)
	at junit.framework.TestResult$1.protect(TestResult.java:106)
	at junit.framework.TestResult.runProtected(TestResult.java:124)
	at junit.framework.TestResult.run(TestResult.java:109)
	at junit.framework.TestCase.run(TestCase.java:118)
	at junit.framework.TestSuite.runTest(TestSuite.java:208)
	at junit.framework.TestSuite.run(TestSuite.java:203)
	at junit.framework.TestSuite.runTest(TestSuite.java:208)
	at junit.framework.TestSuite.run(TestSuite.java:203)
	at junit.framework.TestSuite.runTest(TestSuite.java:208)
	at junit.framework.TestSuite.run(TestSuite.java:203)
	at org.apache.tools.ant.taskdefs.optional.junit.JUnitTestRunner.run(JUnitTestRunner.java:421)
	at org.apache.tools.ant.taskdefs.optional.junit.JUnitTestRunner.launch(JUnitTestRunner.java:912)
	at org.apache.tools.ant.taskdefs.optional.junit.JUnitTestRunner.main(JUnitTestRunner.java:766)
[Entering method <com.topcoder.clients.manager.dao.DAOProjectManager.createProject(Project project, Client client)>; Parameters:{ ParamName<project>; ParamValue: <[ id=0 name=n description=d parentProjectId=0 salesTax=10.0 client=null company=null childProjects=null]> , ParamName<client>; ParamValue: <[ id=0 name=null codeName=null salesTax=0.0 isDeleted=false company=null clientStatus=null]>  }  at 2008-08-29 23:59:02.734 ]
[Error occurred in method <com.topcoder.clients.manager.dao.DAOProjectManager.createProject(Project project, Client client)>, cause by :
java.lang.IllegalArgumentException: The project isDeleted value should be false.
	at com.topcoder.clients.manager.dao.Helper.validateProject(Helper.java:217)
	at com.topcoder.clients.manager.dao.DAOProjectManager.createProject(DAOProjectManager.java:299)
	at com.topcoder.clients.manager.failuretests.TestDAOProjectManagerFailure.testCreateProjectFailure7(TestDAOProjectManagerFailure.java:400)
	at sun.reflect.NativeMethodAccessorImpl.invoke0(Native Method)
	at sun.reflect.NativeMethodAccessorImpl.invoke(NativeMethodAccessorImpl.java:39)
	at sun.reflect.DelegatingMethodAccessorImpl.invoke(DelegatingMethodAccessorImpl.java:25)
	at java.lang.reflect.Method.invoke(Method.java:585)
	at junit.framework.TestCase.runTest(TestCase.java:154)
	at junit.framework.TestCase.runBare(TestCase.java:127)
	at junit.framework.TestResult$1.protect(TestResult.java:106)
	at junit.framework.TestResult.runProtected(TestResult.java:124)
	at junit.framework.TestResult.run(TestResult.java:109)
	at junit.framework.TestCase.run(TestCase.java:118)
	at junit.framework.TestSuite.runTest(TestSuite.java:208)
	at junit.framework.TestSuite.run(TestSuite.java:203)
	at junit.framework.TestSuite.runTest(TestSuite.java:208)
	at junit.framework.TestSuite.run(TestSuite.java:203)
	at junit.framework.TestSuite.runTest(TestSuite.java:208)
	at junit.framework.TestSuite.run(TestSuite.java:203)
	at org.apache.tools.ant.taskdefs.optional.junit.JUnitTestRunner.run(JUnitTestRunner.java:421)
	at org.apache.tools.ant.taskdefs.optional.junit.JUnitTestRunner.launch(JUnitTestRunner.java:912)
	at org.apache.tools.ant.taskdefs.optional.junit.JUnitTestRunner.main(JUnitTestRunner.java:766)
[Entering method <com.topcoder.clients.manager.dao.DAOProjectManager.createProject(Project project, Client client)>; Parameters:{ ParamName<project>; ParamValue: <[ id=0 name=n description=d parentProjectId=0 salesTax=10.0 client=null company=null childProjects=null]> , ParamName<client>; ParamValue: <null>  }  at 2008-08-29 23:59:02.734 ]
[Error occurred in method <com.topcoder.clients.manager.dao.DAOProjectManager.createProject(Project project, Client client)>, cause by :
java.lang.IllegalArgumentException: The parameter 'client' should not be null.
	at com.topcoder.clients.manager.dao.Helper.checkNull(Helper.java:69)
	at com.topcoder.clients.manager.dao.DAOProjectManager.createProject(DAOProjectManager.java:300)
	at com.topcoder.clients.manager.failuretests.TestDAOProjectManagerFailure.testCreateProjectFailure8(TestDAOProjectManagerFailure.java:426)
	at sun.reflect.NativeMethodAccessorImpl.invoke0(Native Method)
	at sun.reflect.NativeMethodAccessorImpl.invoke(NativeMethodAccessorImpl.java:39)
	at sun.reflect.DelegatingMethodAccessorImpl.invoke(DelegatingMethodAccessorImpl.java:25)
	at java.lang.reflect.Method.invoke(Method.java:585)
	at junit.framework.TestCase.runTest(TestCase.java:154)
	at junit.framework.TestCase.runBare(TestCase.java:127)
	at junit.framework.TestResult$1.protect(TestResult.java:106)
	at junit.framework.TestResult.runProtected(TestResult.java:124)
	at junit.framework.TestResult.run(TestResult.java:109)
	at junit.framework.TestCase.run(TestCase.java:118)
	at junit.framework.TestSuite.runTest(TestSuite.java:208)
	at junit.framework.TestSuite.run(TestSuite.java:203)
	at junit.framework.TestSuite.runTest(TestSuite.java:208)
	at junit.framework.TestSuite.run(TestSuite.java:203)
	at junit.framework.TestSuite.runTest(TestSuite.java:208)
	at junit.framework.TestSuite.run(TestSuite.java:203)
	at org.apache.tools.ant.taskdefs.optional.junit.JUnitTestRunner.run(JUnitTestRunner.java:421)
	at org.apache.tools.ant.taskdefs.optional.junit.JUnitTestRunner.launch(JUnitTestRunner.java:912)
	at org.apache.tools.ant.taskdefs.optional.junit.JUnitTestRunner.main(JUnitTestRunner.java:766)
[Entering method <com.topcoder.clients.manager.dao.DAOProjectManager.createProject(Project project, Client client)>; Parameters:{ ParamName<project>; ParamValue: <[ id=0 name=DAOException description=d parentProjectId=0 salesTax=10.0 client=null company=null childProjects=null]> , ParamName<client>; ParamValue: <[ id=0 name=null codeName=null salesTax=0.0 isDeleted=false company=null clientStatus=null]>  }  at 2008-08-29 23:59:02.734 ]
[Error occurred in method <com.topcoder.clients.manager.dao.DAOProjectManager.createProject(Project project, Client client)>, cause by :
com.topcoder.clients.manager.ProjectManagerException: Fail to create the given project, cause by Throw for testing
	at com.topcoder.clients.manager.dao.DAOProjectManager.wrapInnerException(DAOProjectManager.java:351)
	at com.topcoder.clients.manager.dao.DAOProjectManager.createProject(DAOProjectManager.java:322)
	at com.topcoder.clients.manager.failuretests.TestDAOProjectManagerFailure.testCreateProjectFailure9(TestDAOProjectManagerFailure.java:452)
	at sun.reflect.NativeMethodAccessorImpl.invoke0(Native Method)
	at sun.reflect.NativeMethodAccessorImpl.invoke(NativeMethodAccessorImpl.java:39)
	at sun.reflect.DelegatingMethodAccessorImpl.invoke(DelegatingMethodAccessorImpl.java:25)
	at java.lang.reflect.Method.invoke(Method.java:585)
	at junit.framework.TestCase.runTest(TestCase.java:154)
	at junit.framework.TestCase.runBare(TestCase.java:127)
	at junit.framework.TestResult$1.protect(TestResult.java:106)
	at junit.framework.TestResult.runProtected(TestResult.java:124)
	at junit.framework.TestResult.run(TestResult.java:109)
	at junit.framework.TestCase.run(TestCase.java:118)
	at junit.framework.TestSuite.runTest(TestSuite.java:208)
	at junit.framework.TestSuite.run(TestSuite.java:203)
	at junit.framework.TestSuite.runTest(TestSuite.java:208)
	at junit.framework.TestSuite.run(TestSuite.java:203)
	at junit.framework.TestSuite.runTest(TestSuite.java:208)
	at junit.framework.TestSuite.run(TestSuite.java:203)
	at org.apache.tools.ant.taskdefs.optional.junit.JUnitTestRunner.run(JUnitTestRunner.java:421)
	at org.apache.tools.ant.taskdefs.optional.junit.JUnitTestRunner.launch(JUnitTestRunner.java:912)
	at org.apache.tools.ant.taskdefs.optional.junit.JUnitTestRunner.main(JUnitTestRunner.java:766)
Caused by: com.topcoder.clients.dao.DAOException: Throw for testing
	at com.topcoder.clients.manager.MockProjectDAO.save(MockProjectDAO.java:167)
	at com.topcoder.clients.manager.dao.DAOProjectManager.createProject(DAOProjectManager.java:309)
	... 20 more
Caused by: java.lang.NullPointerException: NPE Raised 
	... 22 more
[Entering method <com.topcoder.clients.manager.dao.DAOProjectManager.updateProject(Project project)>; Parameters:{ ParamName<project>; ParamValue: <null>  }  at 2008-08-29 23:59:02.750 ]
[Error occurred in method <com.topcoder.clients.manager.dao.DAOProjectManager.updateProject(Project project)>, cause by :
java.lang.IllegalArgumentException: The parameter 'project' should not be null.
	at com.topcoder.clients.manager.dao.Helper.checkNull(Helper.java:69)
	at com.topcoder.clients.manager.dao.Helper.validateProject(Helper.java:202)
	at com.topcoder.clients.manager.dao.DAOProjectManager.updateProject(DAOProjectManager.java:381)
	at com.topcoder.clients.manager.failuretests.TestDAOProjectManagerFailure.testUpdateProjectFailure1(TestDAOProjectManagerFailure.java:471)
	at sun.reflect.NativeMethodAccessorImpl.invoke0(Native Method)
	at sun.reflect.NativeMethodAccessorImpl.invoke(NativeMethodAccessorImpl.java:39)
	at sun.reflect.DelegatingMethodAccessorImpl.invoke(DelegatingMethodAccessorImpl.java:25)
	at java.lang.reflect.Method.invoke(Method.java:585)
	at junit.framework.TestCase.runTest(TestCase.java:154)
	at junit.framework.TestCase.runBare(TestCase.java:127)
	at junit.framework.TestResult$1.protect(TestResult.java:106)
	at junit.framework.TestResult.runProtected(TestResult.java:124)
	at junit.framework.TestResult.run(TestResult.java:109)
	at junit.framework.TestCase.run(TestCase.java:118)
	at junit.framework.TestSuite.runTest(TestSuite.java:208)
	at junit.framework.TestSuite.run(TestSuite.java:203)
	at junit.framework.TestSuite.runTest(TestSuite.java:208)
	at junit.framework.TestSuite.run(TestSuite.java:203)
	at junit.framework.TestSuite.runTest(TestSuite.java:208)
	at junit.framework.TestSuite.run(TestSuite.java:203)
	at org.apache.tools.ant.taskdefs.optional.junit.JUnitTestRunner.run(JUnitTestRunner.java:421)
	at org.apache.tools.ant.taskdefs.optional.junit.JUnitTestRunner.launch(JUnitTestRunner.java:912)
	at org.apache.tools.ant.taskdefs.optional.junit.JUnitTestRunner.main(JUnitTestRunner.java:766)
[Entering method <com.topcoder.clients.manager.dao.DAOProjectManager.updateProject(Project project)>; Parameters:{ ParamName<project>; ParamValue: <[ id=0 name=name description=d parentProjectId=0 salesTax=-10.0 client=null company=null childProjects=null]>  }  at 2008-08-29 23:59:02.750 ]
[Error occurred in method <com.topcoder.clients.manager.dao.DAOProjectManager.updateProject(Project project)>, cause by :
java.lang.IllegalArgumentException: The project's salesTax should be greater than zero.
	at com.topcoder.clients.manager.dao.Helper.validateProject(Helper.java:205)
	at com.topcoder.clients.manager.dao.DAOProjectManager.updateProject(DAOProjectManager.java:381)
	at com.topcoder.clients.manager.failuretests.TestDAOProjectManagerFailure.testUpdateProjectFailure2(TestDAOProjectManagerFailure.java:496)
	at sun.reflect.NativeMethodAccessorImpl.invoke0(Native Method)
	at sun.reflect.NativeMethodAccessorImpl.invoke(NativeMethodAccessorImpl.java:39)
	at sun.reflect.DelegatingMethodAccessorImpl.invoke(DelegatingMethodAccessorImpl.java:25)
	at java.lang.reflect.Method.invoke(Method.java:585)
	at junit.framework.TestCase.runTest(TestCase.java:154)
	at junit.framework.TestCase.runBare(TestCase.java:127)
	at junit.framework.TestResult$1.protect(TestResult.java:106)
	at junit.framework.TestResult.runProtected(TestResult.java:124)
	at junit.framework.TestResult.run(TestResult.java:109)
	at junit.framework.TestCase.run(TestCase.java:118)
	at junit.framework.TestSuite.runTest(TestSuite.java:208)
	at junit.framework.TestSuite.run(TestSuite.java:203)
	at junit.framework.TestSuite.runTest(TestSuite.java:208)
	at junit.framework.TestSuite.run(TestSuite.java:203)
	at junit.framework.TestSuite.runTest(TestSuite.java:208)
	at junit.framework.TestSuite.run(TestSuite.java:203)
	at org.apache.tools.ant.taskdefs.optional.junit.JUnitTestRunner.run(JUnitTestRunner.java:421)
	at org.apache.tools.ant.taskdefs.optional.junit.JUnitTestRunner.launch(JUnitTestRunner.java:912)
	at org.apache.tools.ant.taskdefs.optional.junit.JUnitTestRunner.main(JUnitTestRunner.java:766)
[Entering method <com.topcoder.clients.manager.dao.DAOProjectManager.updateProject(Project project)>; Parameters:{ ParamName<project>; ParamValue: <[ id=0 name=name description=null parentProjectId=0 salesTax=10.0 client=null company=null childProjects=null]>  }  at 2008-08-29 23:59:02.750 ]
[Error occurred in method <com.topcoder.clients.manager.dao.DAOProjectManager.updateProject(Project project)>, cause by :
java.lang.IllegalArgumentException: The project's description should not be null.
	at com.topcoder.clients.manager.dao.Helper.validateProject(Helper.java:209)
	at com.topcoder.clients.manager.dao.DAOProjectManager.updateProject(DAOProjectManager.java:381)
	at com.topcoder.clients.manager.failuretests.TestDAOProjectManagerFailure.testUpdateProjectFailure3(TestDAOProjectManagerFailure.java:521)
	at sun.reflect.NativeMethodAccessorImpl.invoke0(Native Method)
	at sun.reflect.NativeMethodAccessorImpl.invoke(NativeMethodAccessorImpl.java:39)
	at sun.reflect.DelegatingMethodAccessorImpl.invoke(DelegatingMethodAccessorImpl.java:25)
	at java.lang.reflect.Method.invoke(Method.java:585)
	at junit.framework.TestCase.runTest(TestCase.java:154)
	at junit.framework.TestCase.runBare(TestCase.java:127)
	at junit.framework.TestResult$1.protect(TestResult.java:106)
	at junit.framework.TestResult.runProtected(TestResult.java:124)
	at junit.framework.TestResult.run(TestResult.java:109)
	at junit.framework.TestCase.run(TestCase.java:118)
	at junit.framework.TestSuite.runTest(TestSuite.java:208)
	at junit.framework.TestSuite.run(TestSuite.java:203)
	at junit.framework.TestSuite.runTest(TestSuite.java:208)
	at junit.framework.TestSuite.run(TestSuite.java:203)
	at junit.framework.TestSuite.runTest(TestSuite.java:208)
	at junit.framework.TestSuite.run(TestSuite.java:203)
	at org.apache.tools.ant.taskdefs.optional.junit.JUnitTestRunner.run(JUnitTestRunner.java:421)
	at org.apache.tools.ant.taskdefs.optional.junit.JUnitTestRunner.launch(JUnitTestRunner.java:912)
	at org.apache.tools.ant.taskdefs.optional.junit.JUnitTestRunner.main(JUnitTestRunner.java:766)
[Entering method <com.topcoder.clients.manager.dao.DAOProjectManager.updateProject(Project project)>; Parameters:{ ParamName<project>; ParamValue: <[ id=0 name=null description=d parentProjectId=0 salesTax=10.0 client=null company=null childProjects=null]>  }  at 2008-08-29 23:59:02.750 ]
[Error occurred in method <com.topcoder.clients.manager.dao.DAOProjectManager.updateProject(Project project)>, cause by :
java.lang.IllegalArgumentException: The project's name should not be null or empty string (trimmed).
	at com.topcoder.clients.manager.dao.Helper.validateProject(Helper.java:213)
	at com.topcoder.clients.manager.dao.DAOProjectManager.updateProject(DAOProjectManager.java:381)
	at com.topcoder.clients.manager.failuretests.TestDAOProjectManagerFailure.testUpdateProjectFailure4(TestDAOProjectManagerFailure.java:546)
	at sun.reflect.NativeMethodAccessorImpl.invoke0(Native Method)
	at sun.reflect.NativeMethodAccessorImpl.invoke(NativeMethodAccessorImpl.java:39)
	at sun.reflect.DelegatingMethodAccessorImpl.invoke(DelegatingMethodAccessorImpl.java:25)
	at java.lang.reflect.Method.invoke(Method.java:585)
	at junit.framework.TestCase.runTest(TestCase.java:154)
	at junit.framework.TestCase.runBare(TestCase.java:127)
	at junit.framework.TestResult$1.protect(TestResult.java:106)
	at junit.framework.TestResult.runProtected(TestResult.java:124)
	at junit.framework.TestResult.run(TestResult.java:109)
	at junit.framework.TestCase.run(TestCase.java:118)
	at junit.framework.TestSuite.runTest(TestSuite.java:208)
	at junit.framework.TestSuite.run(TestSuite.java:203)
	at junit.framework.TestSuite.runTest(TestSuite.java:208)
	at junit.framework.TestSuite.run(TestSuite.java:203)
	at junit.framework.TestSuite.runTest(TestSuite.java:208)
	at junit.framework.TestSuite.run(TestSuite.java:203)
	at org.apache.tools.ant.taskdefs.optional.junit.JUnitTestRunner.run(JUnitTestRunner.java:421)
	at org.apache.tools.ant.taskdefs.optional.junit.JUnitTestRunner.launch(JUnitTestRunner.java:912)
	at org.apache.tools.ant.taskdefs.optional.junit.JUnitTestRunner.main(JUnitTestRunner.java:766)
[Entering method <com.topcoder.clients.manager.dao.DAOProjectManager.updateProject(Project project)>; Parameters:{ ParamName<project>; ParamValue: <[ id=0 name=  description=d parentProjectId=0 salesTax=10.0 client=null company=null childProjects=null]>  }  at 2008-08-29 23:59:02.765 ]
[Error occurred in method <com.topcoder.clients.manager.dao.DAOProjectManager.updateProject(Project project)>, cause by :
java.lang.IllegalArgumentException: The project's name should not be null or empty string (trimmed).
	at com.topcoder.clients.manager.dao.Helper.validateProject(Helper.java:213)
	at com.topcoder.clients.manager.dao.DAOProjectManager.updateProject(DAOProjectManager.java:381)
	at com.topcoder.clients.manager.failuretests.TestDAOProjectManagerFailure.testUpdateProjectFailure5(TestDAOProjectManagerFailure.java:571)
	at sun.reflect.NativeMethodAccessorImpl.invoke0(Native Method)
	at sun.reflect.NativeMethodAccessorImpl.invoke(NativeMethodAccessorImpl.java:39)
	at sun.reflect.DelegatingMethodAccessorImpl.invoke(DelegatingMethodAccessorImpl.java:25)
	at java.lang.reflect.Method.invoke(Method.java:585)
	at junit.framework.TestCase.runTest(TestCase.java:154)
	at junit.framework.TestCase.runBare(TestCase.java:127)
	at junit.framework.TestResult$1.protect(TestResult.java:106)
	at junit.framework.TestResult.runProtected(TestResult.java:124)
	at junit.framework.TestResult.run(TestResult.java:109)
	at junit.framework.TestCase.run(TestCase.java:118)
	at junit.framework.TestSuite.runTest(TestSuite.java:208)
	at junit.framework.TestSuite.run(TestSuite.java:203)
	at junit.framework.TestSuite.runTest(TestSuite.java:208)
	at junit.framework.TestSuite.run(TestSuite.java:203)
	at junit.framework.TestSuite.runTest(TestSuite.java:208)
	at junit.framework.TestSuite.run(TestSuite.java:203)
	at org.apache.tools.ant.taskdefs.optional.junit.JUnitTestRunner.run(JUnitTestRunner.java:421)
	at org.apache.tools.ant.taskdefs.optional.junit.JUnitTestRunner.launch(JUnitTestRunner.java:912)
	at org.apache.tools.ant.taskdefs.optional.junit.JUnitTestRunner.main(JUnitTestRunner.java:766)
[Entering method <com.topcoder.clients.manager.dao.DAOProjectManager.updateProject(Project project)>; Parameters:{ ParamName<project>; ParamValue: <[ id=0 name=name description=d parentProjectId=0 salesTax=10.0 client=null company=null childProjects=null]>  }  at 2008-08-29 23:59:02.765 ]
[Error occurred in method <com.topcoder.clients.manager.dao.DAOProjectManager.updateProject(Project project)>, cause by :
java.lang.IllegalArgumentException: The project isDeleted value should be false.
	at com.topcoder.clients.manager.dao.Helper.validateProject(Helper.java:217)
	at com.topcoder.clients.manager.dao.DAOProjectManager.updateProject(DAOProjectManager.java:381)
	at com.topcoder.clients.manager.failuretests.TestDAOProjectManagerFailure.testUpdateProjectFailure6(TestDAOProjectManagerFailure.java:596)
	at sun.reflect.NativeMethodAccessorImpl.invoke0(Native Method)
	at sun.reflect.NativeMethodAccessorImpl.invoke(NativeMethodAccessorImpl.java:39)
	at sun.reflect.DelegatingMethodAccessorImpl.invoke(DelegatingMethodAccessorImpl.java:25)
	at java.lang.reflect.Method.invoke(Method.java:585)
	at junit.framework.TestCase.runTest(TestCase.java:154)
	at junit.framework.TestCase.runBare(TestCase.java:127)
	at junit.framework.TestResult$1.protect(TestResult.java:106)
	at junit.framework.TestResult.runProtected(TestResult.java:124)
	at junit.framework.TestResult.run(TestResult.java:109)
	at junit.framework.TestCase.run(TestCase.java:118)
	at junit.framework.TestSuite.runTest(TestSuite.java:208)
	at junit.framework.TestSuite.run(TestSuite.java:203)
	at junit.framework.TestSuite.runTest(TestSuite.java:208)
	at junit.framework.TestSuite.run(TestSuite.java:203)
	at junit.framework.TestSuite.runTest(TestSuite.java:208)
	at junit.framework.TestSuite.run(TestSuite.java:203)
	at org.apache.tools.ant.taskdefs.optional.junit.JUnitTestRunner.run(JUnitTestRunner.java:421)
	at org.apache.tools.ant.taskdefs.optional.junit.JUnitTestRunner.launch(JUnitTestRunner.java:912)
	at org.apache.tools.ant.taskdefs.optional.junit.JUnitTestRunner.main(JUnitTestRunner.java:766)
[Entering method <com.topcoder.clients.manager.dao.DAOProjectManager.updateProject(Project project)>; Parameters:{ ParamName<project>; ParamValue: <[ id=-10 name=name description=d parentProjectId=0 salesTax=10.0 client=null company=null childProjects=null]>  }  at 2008-08-29 23:59:02.765 ]
[Error occurred in method <com.topcoder.clients.manager.dao.DAOProjectManager.updateProject(Project project)>, cause by :
com.topcoder.clients.manager.ProjectEntityNotFoundException:  The project with id=-10 to update does not exist.
	at com.topcoder.clients.manager.dao.DAOProjectManager.handleProjectEntityNotFoundException(DAOProjectManager.java:453)
	at com.topcoder.clients.manager.dao.DAOProjectManager.checkProjectExist(DAOProjectManager.java:432)
	at com.topcoder.clients.manager.dao.DAOProjectManager.updateProject(DAOProjectManager.java:384)
	at com.topcoder.clients.manager.failuretests.TestDAOProjectManagerFailure.testUpdateProjectFailure7(TestDAOProjectManagerFailure.java:622)
	at sun.reflect.NativeMethodAccessorImpl.invoke0(Native Method)
	at sun.reflect.NativeMethodAccessorImpl.invoke(NativeMethodAccessorImpl.java:39)
	at sun.reflect.DelegatingMethodAccessorImpl.invoke(DelegatingMethodAccessorImpl.java:25)
	at java.lang.reflect.Method.invoke(Method.java:585)
	at junit.framework.TestCase.runTest(TestCase.java:154)
	at junit.framework.TestCase.runBare(TestCase.java:127)
	at junit.framework.TestResult$1.protect(TestResult.java:106)
	at junit.framework.TestResult.runProtected(TestResult.java:124)
	at junit.framework.TestResult.run(TestResult.java:109)
	at junit.framework.TestCase.run(TestCase.java:118)
	at junit.framework.TestSuite.runTest(TestSuite.java:208)
	at junit.framework.TestSuite.run(TestSuite.java:203)
	at junit.framework.TestSuite.runTest(TestSuite.java:208)
	at junit.framework.TestSuite.run(TestSuite.java:203)
	at junit.framework.TestSuite.runTest(TestSuite.java:208)
	at junit.framework.TestSuite.run(TestSuite.java:203)
	at org.apache.tools.ant.taskdefs.optional.junit.JUnitTestRunner.run(JUnitTestRunner.java:421)
	at org.apache.tools.ant.taskdefs.optional.junit.JUnitTestRunner.launch(JUnitTestRunner.java:912)
	at org.apache.tools.ant.taskdefs.optional.junit.JUnitTestRunner.main(JUnitTestRunner.java:766)
Caused by: java.lang.IllegalArgumentException: Throw for testing
	at com.topcoder.clients.manager.MockProjectDAO.retrieveById(MockProjectDAO.java:76)
	at com.topcoder.clients.manager.dao.DAOProjectManager.checkProjectExist(DAOProjectManager.java:422)
	... 21 more
[Entering method <com.topcoder.clients.manager.dao.DAOProjectManager.updateProject(Project project)>; Parameters:{ ParamName<project>; ParamValue: <[ id=1 name=name description=d parentProjectId=0 salesTax=10.0 client=null company=null childProjects=null]>  }  at 2008-08-29 23:59:02.765 ]
[Error occurred in method <com.topcoder.clients.manager.dao.DAOProjectManager.updateProject(Project project)>, cause by :
com.topcoder.clients.manager.ProjectEntityNotFoundException: The project to update can not be found in the persistence with id =1
	at com.topcoder.clients.manager.dao.DAOProjectManager.checkProjectExist(DAOProjectManager.java:423)
	at com.topcoder.clients.manager.dao.DAOProjectManager.updateProject(DAOProjectManager.java:384)
	at com.topcoder.clients.manager.failuretests.TestDAOProjectManagerFailure.testUpdateProjectFailure8(TestDAOProjectManagerFailure.java:648)
	at sun.reflect.NativeMethodAccessorImpl.invoke0(Native Method)
	at sun.reflect.NativeMethodAccessorImpl.invoke(NativeMethodAccessorImpl.java:39)
	at sun.reflect.DelegatingMethodAccessorImpl.invoke(DelegatingMethodAccessorImpl.java:25)
	at java.lang.reflect.Method.invoke(Method.java:585)
	at junit.framework.TestCase.runTest(TestCase.java:154)
	at junit.framework.TestCase.runBare(TestCase.java:127)
	at junit.framework.TestResult$1.protect(TestResult.java:106)
	at junit.framework.TestResult.runProtected(TestResult.java:124)
	at junit.framework.TestResult.run(TestResult.java:109)
	at junit.framework.TestCase.run(TestCase.java:118)
	at junit.framework.TestSuite.runTest(TestSuite.java:208)
	at junit.framework.TestSuite.run(TestSuite.java:203)
	at junit.framework.TestSuite.runTest(TestSuite.java:208)
	at junit.framework.TestSuite.run(TestSuite.java:203)
	at junit.framework.TestSuite.runTest(TestSuite.java:208)
	at junit.framework.TestSuite.run(TestSuite.java:203)
	at org.apache.tools.ant.taskdefs.optional.junit.JUnitTestRunner.run(JUnitTestRunner.java:421)
	at org.apache.tools.ant.taskdefs.optional.junit.JUnitTestRunner.launch(JUnitTestRunner.java:912)
	at org.apache.tools.ant.taskdefs.optional.junit.JUnitTestRunner.main(JUnitTestRunner.java:766)
[Entering method <com.topcoder.clients.manager.dao.DAOProjectManager.updateProject(Project project)>; Parameters:{ ParamName<project>; ParamValue: <[ id=4 name=name description=d parentProjectId=0 salesTax=10.0 client=null company=null childProjects=null]>  }  at 2008-08-29 23:59:02.781 ]
[Error occurred in method <com.topcoder.clients.manager.dao.DAOProjectManager.updateProject(Project project)>, cause by :
com.topcoder.clients.manager.ProjectEntityNotFoundException:  The project with id=4 to update does not exist.
	at com.topcoder.clients.manager.dao.DAOProjectManager.handleProjectEntityNotFoundException(DAOProjectManager.java:453)
	at com.topcoder.clients.manager.dao.DAOProjectManager.checkProjectExist(DAOProjectManager.java:435)
	at com.topcoder.clients.manager.dao.DAOProjectManager.updateProject(DAOProjectManager.java:384)
	at com.topcoder.clients.manager.failuretests.TestDAOProjectManagerFailure.testUpdateProjectFailure9(TestDAOProjectManagerFailure.java:674)
	at sun.reflect.NativeMethodAccessorImpl.invoke0(Native Method)
	at sun.reflect.NativeMethodAccessorImpl.invoke(NativeMethodAccessorImpl.java:39)
	at sun.reflect.DelegatingMethodAccessorImpl.invoke(DelegatingMethodAccessorImpl.java:25)
	at java.lang.reflect.Method.invoke(Method.java:585)
	at junit.framework.TestCase.runTest(TestCase.java:154)
	at junit.framework.TestCase.runBare(TestCase.java:127)
	at junit.framework.TestResult$1.protect(TestResult.java:106)
	at junit.framework.TestResult.runProtected(TestResult.java:124)
	at junit.framework.TestResult.run(TestResult.java:109)
	at junit.framework.TestCase.run(TestCase.java:118)
	at junit.framework.TestSuite.runTest(TestSuite.java:208)
	at junit.framework.TestSuite.run(TestSuite.java:203)
	at junit.framework.TestSuite.runTest(TestSuite.java:208)
	at junit.framework.TestSuite.run(TestSuite.java:203)
	at junit.framework.TestSuite.runTest(TestSuite.java:208)
	at junit.framework.TestSuite.run(TestSuite.java:203)
	at org.apache.tools.ant.taskdefs.optional.junit.JUnitTestRunner.run(JUnitTestRunner.java:421)
	at org.apache.tools.ant.taskdefs.optional.junit.JUnitTestRunner.launch(JUnitTestRunner.java:912)
	at org.apache.tools.ant.taskdefs.optional.junit.JUnitTestRunner.main(JUnitTestRunner.java:766)
Caused by: com.topcoder.clients.dao.EntityNotFoundException: not found.
	at com.topcoder.clients.manager.MockProjectDAO.retrieveById(MockProjectDAO.java:92)
	at com.topcoder.clients.manager.dao.DAOProjectManager.checkProjectExist(DAOProjectManager.java:422)
	... 21 more
[Entering method <com.topcoder.clients.manager.dao.DAOProjectManager.updateProject(Project project)>; Parameters:{ ParamName<project>; ParamValue: <[ id=2 name=name description=d parentProjectId=0 salesTax=10.0 client=null company=null childProjects=null]>  }  at 2008-08-29 23:59:02.781 ]
[Error occurred in method <com.topcoder.clients.manager.dao.DAOProjectManager.updateProject(Project project)>, cause by :
com.topcoder.clients.manager.ProjectManagerException: Fail to update the Project, cause by Throw for testing
	at com.topcoder.clients.manager.dao.DAOProjectManager.wrapInnerException(DAOProjectManager.java:351)
	at com.topcoder.clients.manager.dao.DAOProjectManager.updateProject(DAOProjectManager.java:398)
	at com.topcoder.clients.manager.failuretests.TestDAOProjectManagerFailure.testUpdateProjectFailure10(TestDAOProjectManagerFailure.java:700)
	at sun.reflect.NativeMethodAccessorImpl.invoke0(Native Method)
	at sun.reflect.NativeMethodAccessorImpl.invoke(NativeMethodAccessorImpl.java:39)
	at sun.reflect.DelegatingMethodAccessorImpl.invoke(DelegatingMethodAccessorImpl.java:25)
	at java.lang.reflect.Method.invoke(Method.java:585)
	at junit.framework.TestCase.runTest(TestCase.java:154)
	at junit.framework.TestCase.runBare(TestCase.java:127)
	at junit.framework.TestResult$1.protect(TestResult.java:106)
	at junit.framework.TestResult.runProtected(TestResult.java:124)
	at junit.framework.TestResult.run(TestResult.java:109)
	at junit.framework.TestCase.run(TestCase.java:118)
	at junit.framework.TestSuite.runTest(TestSuite.java:208)
	at junit.framework.TestSuite.run(TestSuite.java:203)
	at junit.framework.TestSuite.runTest(TestSuite.java:208)
	at junit.framework.TestSuite.run(TestSuite.java:203)
	at junit.framework.TestSuite.runTest(TestSuite.java:208)
	at junit.framework.TestSuite.run(TestSuite.java:203)
	at org.apache.tools.ant.taskdefs.optional.junit.JUnitTestRunner.run(JUnitTestRunner.java:421)
	at org.apache.tools.ant.taskdefs.optional.junit.JUnitTestRunner.launch(JUnitTestRunner.java:912)
	at org.apache.tools.ant.taskdefs.optional.junit.JUnitTestRunner.main(JUnitTestRunner.java:766)
Caused by: com.topcoder.clients.dao.DAOException: Throw for testing
	at com.topcoder.clients.manager.MockProjectDAO.retrieveById(MockProjectDAO.java:84)
	at com.topcoder.clients.manager.dao.DAOProjectManager.checkProjectExist(DAOProjectManager.java:422)
	at com.topcoder.clients.manager.dao.DAOProjectManager.updateProject(DAOProjectManager.java:384)
	... 20 more
[Entering method <com.topcoder.clients.manager.dao.DAOProjectManager.updateProject(Project project)>; Parameters:{ ParamName<project>; ParamValue: <[ id=3 name=name description=d parentProjectId=0 salesTax=10.0 client=null company=null childProjects=null]>  }  at 2008-08-29 23:59:02.796 ]
[Error occurred in method <com.topcoder.clients.manager.dao.DAOProjectManager.updateProject(Project project)>, cause by :
com.topcoder.clients.manager.ProjectManagerException: Fail to update the Project, cause by Throw DAOConfigurationException for testing
	at com.topcoder.clients.manager.dao.DAOProjectManager.wrapInnerException(DAOProjectManager.java:351)
	at com.topcoder.clients.manager.dao.DAOProjectManager.updateProject(DAOProjectManager.java:395)
	at com.topcoder.clients.manager.failuretests.TestDAOProjectManagerFailure.testUpdateProjectFailure11(TestDAOProjectManagerFailure.java:726)
	at sun.reflect.NativeMethodAccessorImpl.invoke0(Native Method)
	at sun.reflect.NativeMethodAccessorImpl.invoke(NativeMethodAccessorImpl.java:39)
	at sun.reflect.DelegatingMethodAccessorImpl.invoke(DelegatingMethodAccessorImpl.java:25)
	at java.lang.reflect.Method.invoke(Method.java:585)
	at junit.framework.TestCase.runTest(TestCase.java:154)
	at junit.framework.TestCase.runBare(TestCase.java:127)
	at junit.framework.TestResult$1.protect(TestResult.java:106)
	at junit.framework.TestResult.runProtected(TestResult.java:124)
	at junit.framework.TestResult.run(TestResult.java:109)
	at junit.framework.TestCase.run(TestCase.java:118)
	at junit.framework.TestSuite.runTest(TestSuite.java:208)
	at junit.framework.TestSuite.run(TestSuite.java:203)
	at junit.framework.TestSuite.runTest(TestSuite.java:208)
	at junit.framework.TestSuite.run(TestSuite.java:203)
	at junit.framework.TestSuite.runTest(TestSuite.java:208)
	at junit.framework.TestSuite.run(TestSuite.java:203)
	at org.apache.tools.ant.taskdefs.optional.junit.JUnitTestRunner.run(JUnitTestRunner.java:421)
	at org.apache.tools.ant.taskdefs.optional.junit.JUnitTestRunner.launch(JUnitTestRunner.java:912)
	at org.apache.tools.ant.taskdefs.optional.junit.JUnitTestRunner.main(JUnitTestRunner.java:766)
Caused by: com.topcoder.clients.dao.DAOConfigurationException: Throw DAOConfigurationException for testing
	at com.topcoder.clients.manager.MockProjectDAO.retrieveById(MockProjectDAO.java:88)
	at com.topcoder.clients.manager.dao.DAOProjectManager.checkProjectExist(DAOProjectManager.java:422)
	at com.topcoder.clients.manager.dao.DAOProjectManager.updateProject(DAOProjectManager.java:384)
	... 20 more
[Entering method <com.topcoder.clients.manager.dao.DAOProjectManager.deleteProject(Project project) >; Parameters:{ ParamName<project>; ParamValue: <null>  }  at 2008-08-29 23:59:02.796 ]
[Error occurred in method <com.topcoder.clients.manager.dao.DAOProjectManager.deleteProject(Project project) >, cause by :
java.lang.IllegalArgumentException: The parameter 'project' should not be null.
	at com.topcoder.clients.manager.dao.Helper.checkNull(Helper.java:69)
	at com.topcoder.clients.manager.dao.DAOProjectManager.deleteProject(DAOProjectManager.java:481)
	at com.topcoder.clients.manager.failuretests.TestDAOProjectManagerFailure.testDeleteProjectFailure1(TestDAOProjectManagerFailure.java:744)
	at sun.reflect.NativeMethodAccessorImpl.invoke0(Native Method)
	at sun.reflect.NativeMethodAccessorImpl.invoke(NativeMethodAccessorImpl.java:39)
	at sun.reflect.DelegatingMethodAccessorImpl.invoke(DelegatingMethodAccessorImpl.java:25)
	at java.lang.reflect.Method.invoke(Method.java:585)
	at junit.framework.TestCase.runTest(TestCase.java:154)
	at junit.framework.TestCase.runBare(TestCase.java:127)
	at junit.framework.TestResult$1.protect(TestResult.java:106)
	at junit.framework.TestResult.runProtected(TestResult.java:124)
	at junit.framework.TestResult.run(TestResult.java:109)
	at junit.framework.TestCase.run(TestCase.java:118)
	at junit.framework.TestSuite.runTest(TestSuite.java:208)
	at junit.framework.TestSuite.run(TestSuite.java:203)
	at junit.framework.TestSuite.runTest(TestSuite.java:208)
	at junit.framework.TestSuite.run(TestSuite.java:203)
	at junit.framework.TestSuite.runTest(TestSuite.java:208)
	at junit.framework.TestSuite.run(TestSuite.java:203)
	at org.apache.tools.ant.taskdefs.optional.junit.JUnitTestRunner.run(JUnitTestRunner.java:421)
	at org.apache.tools.ant.taskdefs.optional.junit.JUnitTestRunner.launch(JUnitTestRunner.java:912)
	at org.apache.tools.ant.taskdefs.optional.junit.JUnitTestRunner.main(JUnitTestRunner.java:766)
[Entering method <com.topcoder.clients.manager.dao.DAOProjectManager.deleteProject(Project project) >; Parameters:{ ParamName<project>; ParamValue: <[ id=0 name=null description=null parentProjectId=0 salesTax=0.0 client=null company=null childProjects=null]>  }  at 2008-08-29 23:59:02.796 ]
[Error occurred in method <com.topcoder.clients.manager.dao.DAOProjectManager.deleteProject(Project project) >, cause by :
java.lang.IllegalArgumentException: The project isDeleted value should be false, but was true.
	at com.topcoder.clients.manager.dao.DAOProjectManager.deleteProject(DAOProjectManager.java:483)
	at com.topcoder.clients.manager.failuretests.TestDAOProjectManagerFailure.testDeleteProjectFailure2(TestDAOProjectManagerFailure.java:764)
	at sun.reflect.NativeMethodAccessorImpl.invoke0(Native Method)
	at sun.reflect.NativeMethodAccessorImpl.invoke(NativeMethodAccessorImpl.java:39)
	at sun.reflect.DelegatingMethodAccessorImpl.invoke(DelegatingMethodAccessorImpl.java:25)
	at java.lang.reflect.Method.invoke(Method.java:585)
	at junit.framework.TestCase.runTest(TestCase.java:154)
	at junit.framework.TestCase.runBare(TestCase.java:127)
	at junit.framework.TestResult$1.protect(TestResult.java:106)
	at junit.framework.TestResult.runProtected(TestResult.java:124)
	at junit.framework.TestResult.run(TestResult.java:109)
	at junit.framework.TestCase.run(TestCase.java:118)
	at junit.framework.TestSuite.runTest(TestSuite.java:208)
	at junit.framework.TestSuite.run(TestSuite.java:203)
	at junit.framework.TestSuite.runTest(TestSuite.java:208)
	at junit.framework.TestSuite.run(TestSuite.java:203)
	at junit.framework.TestSuite.runTest(TestSuite.java:208)
	at junit.framework.TestSuite.run(TestSuite.java:203)
	at org.apache.tools.ant.taskdefs.optional.junit.JUnitTestRunner.run(JUnitTestRunner.java:421)
	at org.apache.tools.ant.taskdefs.optional.junit.JUnitTestRunner.launch(JUnitTestRunner.java:912)
	at org.apache.tools.ant.taskdefs.optional.junit.JUnitTestRunner.main(JUnitTestRunner.java:766)
[Entering method <com.topcoder.clients.manager.dao.DAOProjectManager.deleteProject(Project project) >; Parameters:{ ParamName<project>; ParamValue: <[ id=0 name=entityNotFound description=null parentProjectId=0 salesTax=0.0 client=null company=null childProjects=null]>  }  at 2008-08-29 23:59:02.796 ]
[Error occurred in method <com.topcoder.clients.manager.dao.DAOProjectManager.deleteProject(Project project) >, cause by :
com.topcoder.clients.manager.ProjectEntityNotFoundException: The project with id=0 to delete does not exist.
	at com.topcoder.clients.manager.dao.DAOProjectManager.handleProjectEntityNotFoundException(DAOProjectManager.java:453)
	at com.topcoder.clients.manager.dao.DAOProjectManager.deleteProject(DAOProjectManager.java:503)
	at com.topcoder.clients.manager.failuretests.TestDAOProjectManagerFailure.testDeleteProjectFailure3(TestDAOProjectManagerFailure.java:787)
	at sun.reflect.NativeMethodAccessorImpl.invoke0(Native Method)
	at sun.reflect.NativeMethodAccessorImpl.invoke(NativeMethodAccessorImpl.java:39)
	at sun.reflect.DelegatingMethodAccessorImpl.invoke(DelegatingMethodAccessorImpl.java:25)
	at java.lang.reflect.Method.invoke(Method.java:585)
	at junit.framework.TestCase.runTest(TestCase.java:154)
	at junit.framework.TestCase.runBare(TestCase.java:127)
	at junit.framework.TestResult$1.protect(TestResult.java:106)
	at junit.framework.TestResult.runProtected(TestResult.java:124)
	at junit.framework.TestResult.run(TestResult.java:109)
	at junit.framework.TestCase.run(TestCase.java:118)
	at junit.framework.TestSuite.runTest(TestSuite.java:208)
	at junit.framework.TestSuite.run(TestSuite.java:203)
	at junit.framework.TestSuite.runTest(TestSuite.java:208)
	at junit.framework.TestSuite.run(TestSuite.java:203)
	at junit.framework.TestSuite.runTest(TestSuite.java:208)
	at junit.framework.TestSuite.run(TestSuite.java:203)
	at org.apache.tools.ant.taskdefs.optional.junit.JUnitTestRunner.run(JUnitTestRunner.java:421)
	at org.apache.tools.ant.taskdefs.optional.junit.JUnitTestRunner.launch(JUnitTestRunner.java:912)
	at org.apache.tools.ant.taskdefs.optional.junit.JUnitTestRunner.main(JUnitTestRunner.java:766)
Caused by: com.topcoder.clients.dao.EntityNotFoundException: The entity is not found.
	at com.topcoder.clients.manager.MockProjectDAO.delete(MockProjectDAO.java:191)
	at com.topcoder.clients.manager.dao.DAOProjectManager.deleteProject(DAOProjectManager.java:487)
	... 20 more
Caused by: java.lang.IllegalArgumentException: IAE
	... 22 more
[Entering method <com.topcoder.clients.manager.dao.DAOProjectManager.deleteProject(Project project) >; Parameters:{ ParamName<project>; ParamValue: <[ id=0 name=DAOException description=null parentProjectId=0 salesTax=0.0 client=null company=null childProjects=null]>  }  at 2008-08-29 23:59:02.812 ]
[Error occurred in method <com.topcoder.clients.manager.dao.DAOProjectManager.deleteProject(Project project) >, cause by :
com.topcoder.clients.manager.ProjectManagerException: Fail to delete the project, cause by Throw for testing
	at com.topcoder.clients.manager.dao.DAOProjectManager.wrapInnerException(DAOProjectManager.java:351)
	at com.topcoder.clients.manager.dao.DAOProjectManager.deleteProject(DAOProjectManager.java:506)
	at com.topcoder.clients.manager.failuretests.TestDAOProjectManagerFailure.testDeleteProjectFailure4(TestDAOProjectManagerFailure.java:810)
	at sun.reflect.NativeMethodAccessorImpl.invoke0(Native Method)
	at sun.reflect.NativeMethodAccessorImpl.invoke(NativeMethodAccessorImpl.java:39)
	at sun.reflect.DelegatingMethodAccessorImpl.invoke(DelegatingMethodAccessorImpl.java:25)
	at java.lang.reflect.Method.invoke(Method.java:585)
	at junit.framework.TestCase.runTest(TestCase.java:154)
	at junit.framework.TestCase.runBare(TestCase.java:127)
	at junit.framework.TestResult$1.protect(TestResult.java:106)
	at junit.framework.TestResult.runProtected(TestResult.java:124)
	at junit.framework.TestResult.run(TestResult.java:109)
	at junit.framework.TestCase.run(TestCase.java:118)
	at junit.framework.TestSuite.runTest(TestSuite.java:208)
	at junit.framework.TestSuite.run(TestSuite.java:203)
	at junit.framework.TestSuite.runTest(TestSuite.java:208)
	at junit.framework.TestSuite.run(TestSuite.java:203)
	at junit.framework.TestSuite.runTest(TestSuite.java:208)
	at junit.framework.TestSuite.run(TestSuite.java:203)
	at org.apache.tools.ant.taskdefs.optional.junit.JUnitTestRunner.run(JUnitTestRunner.java:421)
	at org.apache.tools.ant.taskdefs.optional.junit.JUnitTestRunner.launch(JUnitTestRunner.java:912)
	at org.apache.tools.ant.taskdefs.optional.junit.JUnitTestRunner.main(JUnitTestRunner.java:766)
Caused by: com.topcoder.clients.dao.DAOException: Throw for testing
	at com.topcoder.clients.manager.MockProjectDAO.delete(MockProjectDAO.java:195)
	at com.topcoder.clients.manager.dao.DAOProjectManager.deleteProject(DAOProjectManager.java:487)
	... 20 more
Caused by: java.lang.NullPointerException: NPE Raised 
	... 22 more
[Entering method <com.topcoder.clients.manager.dao.DAOProjectManager.deleteProject(Project project) >; Parameters:{ ParamName<project>; ParamValue: <[ id=0 name=DAOConfigurationException description=null parentProjectId=0 salesTax=0.0 client=null company=null childProjects=null]>  }  at 2008-08-29 23:59:02.812 ]
[Error occurred in method <com.topcoder.clients.manager.dao.DAOProjectManager.deleteProject(Project project) >, cause by :
com.topcoder.clients.manager.ProjectManagerException: Fail to delete the project, cause by Throw for testing
	at com.topcoder.clients.manager.dao.DAOProjectManager.wrapInnerException(DAOProjectManager.java:351)
	at com.topcoder.clients.manager.dao.DAOProjectManager.deleteProject(DAOProjectManager.java:500)
	at com.topcoder.clients.manager.failuretests.TestDAOProjectManagerFailure.testDeleteProjectFailure5(TestDAOProjectManagerFailure.java:833)
	at sun.reflect.NativeMethodAccessorImpl.invoke0(Native Method)
	at sun.reflect.NativeMethodAccessorImpl.invoke(NativeMethodAccessorImpl.java:39)
	at sun.reflect.DelegatingMethodAccessorImpl.invoke(DelegatingMethodAccessorImpl.java:25)
	at java.lang.reflect.Method.invoke(Method.java:585)
	at junit.framework.TestCase.runTest(TestCase.java:154)
	at junit.framework.TestCase.runBare(TestCase.java:127)
	at junit.framework.TestResult$1.protect(TestResult.java:106)
	at junit.framework.TestResult.runProtected(TestResult.java:124)
	at junit.framework.TestResult.run(TestResult.java:109)
	at junit.framework.TestCase.run(TestCase.java:118)
	at junit.framework.TestSuite.runTest(TestSuite.java:208)
	at junit.framework.TestSuite.run(TestSuite.java:203)
	at junit.framework.TestSuite.runTest(TestSuite.java:208)
	at junit.framework.TestSuite.run(TestSuite.java:203)
	at junit.framework.TestSuite.runTest(TestSuite.java:208)
	at junit.framework.TestSuite.run(TestSuite.java:203)
	at org.apache.tools.ant.taskdefs.optional.junit.JUnitTestRunner.run(JUnitTestRunner.java:421)
	at org.apache.tools.ant.taskdefs.optional.junit.JUnitTestRunner.launch(JUnitTestRunner.java:912)
	at org.apache.tools.ant.taskdefs.optional.junit.JUnitTestRunner.main(JUnitTestRunner.java:766)
Caused by: com.topcoder.clients.dao.DAOConfigurationException: Throw for testing
	at com.topcoder.clients.manager.MockProjectDAO.delete(MockProjectDAO.java:199)
	at com.topcoder.clients.manager.dao.DAOProjectManager.deleteProject(DAOProjectManager.java:487)
	... 20 more
Caused by: java.lang.NullPointerException: NPE Raised 
	... 22 more
[Entering method <com.topcoder.clients.manager.dao.DAOProjectManager.createProjectStatus(ProjectStatus status)>; Parameters:{ ParamName<status>; ParamValue: <null>  }  at 2008-08-29 23:59:02.812 ]
[Error occurred in method <com.topcoder.clients.manager.dao.DAOProjectManager.createProjectStatus(ProjectStatus status)>, cause by :
java.lang.IllegalArgumentException: The parameter 'status' should not be null.
	at com.topcoder.clients.manager.dao.Helper.checkNull(Helper.java:69)
	at com.topcoder.clients.manager.dao.Helper.validateProjectStatus(Helper.java:236)
	at com.topcoder.clients.manager.dao.DAOProjectManager.createProjectStatus(DAOProjectManager.java:965)
	at com.topcoder.clients.manager.failuretests.TestDAOProjectManagerFailure.testCreateProjectStatusFailure1(TestDAOProjectManagerFailure.java:1704)
	at sun.reflect.NativeMethodAccessorImpl.invoke0(Native Method)
	at sun.reflect.NativeMethodAccessorImpl.invoke(NativeMethodAccessorImpl.java:39)
	at sun.reflect.DelegatingMethodAccessorImpl.invoke(DelegatingMethodAccessorImpl.java:25)
	at java.lang.reflect.Method.invoke(Method.java:585)
	at junit.framework.TestCase.runTest(TestCase.java:154)
	at junit.framework.TestCase.runBare(TestCase.java:127)
	at junit.framework.TestResult$1.protect(TestResult.java:106)
	at junit.framework.TestResult.runProtected(TestResult.java:124)
	at junit.framework.TestResult.run(TestResult.java:109)
	at junit.framework.TestCase.run(TestCase.java:118)
	at junit.framework.TestSuite.runTest(TestSuite.java:208)
	at junit.framework.TestSuite.run(TestSuite.java:203)
	at junit.framework.TestSuite.runTest(TestSuite.java:208)
	at junit.framework.TestSuite.run(TestSuite.java:203)
	at junit.framework.TestSuite.runTest(TestSuite.java:208)
	at junit.framework.TestSuite.run(TestSuite.java:203)
	at org.apache.tools.ant.taskdefs.optional.junit.JUnitTestRunner.run(JUnitTestRunner.java:421)
	at org.apache.tools.ant.taskdefs.optional.junit.JUnitTestRunner.launch(JUnitTestRunner.java:912)
	at org.apache.tools.ant.taskdefs.optional.junit.JUnitTestRunner.main(JUnitTestRunner.java:766)
[Entering method <com.topcoder.clients.manager.dao.DAOProjectManager.createProjectStatus(ProjectStatus status)>; Parameters:{ ParamName<status>; ParamValue: <[ id=0 name=null description=a isDeleted=false]>  }  at 2008-08-29 23:59:02.828 ]
[Error occurred in method <com.topcoder.clients.manager.dao.DAOProjectManager.createProjectStatus(ProjectStatus status)>, cause by :
java.lang.IllegalArgumentException: The ProjectStatus should have a non-null, non-empty name.
	at com.topcoder.clients.manager.dao.Helper.validateProjectStatus(Helper.java:239)
	at com.topcoder.clients.manager.dao.DAOProjectManager.createProjectStatus(DAOProjectManager.java:965)
	at com.topcoder.clients.manager.failuretests.TestDAOProjectManagerFailure.testCreateProjectStatusFailure2(TestDAOProjectManagerFailure.java:1726)
	at sun.reflect.NativeMethodAccessorImpl.invoke0(Native Method)
	at sun.reflect.NativeMethodAccessorImpl.invoke(NativeMethodAccessorImpl.java:39)
	at sun.reflect.DelegatingMethodAccessorImpl.invoke(DelegatingMethodAccessorImpl.java:25)
	at java.lang.reflect.Method.invoke(Method.java:585)
	at junit.framework.TestCase.runTest(TestCase.java:154)
	at junit.framework.TestCase.runBare(TestCase.java:127)
	at junit.framework.TestResult$1.protect(TestResult.java:106)
	at junit.framework.TestResult.runProtected(TestResult.java:124)
	at junit.framework.TestResult.run(TestResult.java:109)
	at junit.framework.TestCase.run(TestCase.java:118)
	at junit.framework.TestSuite.runTest(TestSuite.java:208)
	at junit.framework.TestSuite.run(TestSuite.java:203)
	at junit.framework.TestSuite.runTest(TestSuite.java:208)
	at junit.framework.TestSuite.run(TestSuite.java:203)
	at junit.framework.TestSuite.runTest(TestSuite.java:208)
	at junit.framework.TestSuite.run(TestSuite.java:203)
	at org.apache.tools.ant.taskdefs.optional.junit.JUnitTestRunner.run(JUnitTestRunner.java:421)
	at org.apache.tools.ant.taskdefs.optional.junit.JUnitTestRunner.launch(JUnitTestRunner.java:912)
	at org.apache.tools.ant.taskdefs.optional.junit.JUnitTestRunner.main(JUnitTestRunner.java:766)
[Entering method <com.topcoder.clients.manager.dao.DAOProjectManager.createProjectStatus(ProjectStatus status)>; Parameters:{ ParamName<status>; ParamValue: <[ id=0 name=name description=null isDeleted=false]>  }  at 2008-08-29 23:59:02.828 ]
[Error occurred in method <com.topcoder.clients.manager.dao.DAOProjectManager.createProjectStatus(ProjectStatus status)>, cause by :
java.lang.IllegalArgumentException: The ProjectStatus should have a non-null, non-empty description.
	at com.topcoder.clients.manager.dao.Helper.validateProjectStatus(Helper.java:243)
	at com.topcoder.clients.manager.dao.DAOProjectManager.createProjectStatus(DAOProjectManager.java:965)
	at com.topcoder.clients.manager.failuretests.TestDAOProjectManagerFailure.testCreateProjectStatusFailure4(TestDAOProjectManagerFailure.java:1749)
	at sun.reflect.NativeMethodAccessorImpl.invoke0(Native Method)
	at sun.reflect.NativeMethodAccessorImpl.invoke(NativeMethodAccessorImpl.java:39)
	at sun.reflect.DelegatingMethodAccessorImpl.invoke(DelegatingMethodAccessorImpl.java:25)
	at java.lang.reflect.Method.invoke(Method.java:585)
	at junit.framework.TestCase.runTest(TestCase.java:154)
	at junit.framework.TestCase.runBare(TestCase.java:127)
	at junit.framework.TestResult$1.protect(TestResult.java:106)
	at junit.framework.TestResult.runProtected(TestResult.java:124)
	at junit.framework.TestResult.run(TestResult.java:109)
	at junit.framework.TestCase.run(TestCase.java:118)
	at junit.framework.TestSuite.runTest(TestSuite.java:208)
	at junit.framework.TestSuite.run(TestSuite.java:203)
	at junit.framework.TestSuite.runTest(TestSuite.java:208)
	at junit.framework.TestSuite.run(TestSuite.java:203)
	at junit.framework.TestSuite.runTest(TestSuite.java:208)
	at junit.framework.TestSuite.run(TestSuite.java:203)
	at org.apache.tools.ant.taskdefs.optional.junit.JUnitTestRunner.run(JUnitTestRunner.java:421)
	at org.apache.tools.ant.taskdefs.optional.junit.JUnitTestRunner.launch(JUnitTestRunner.java:912)
	at org.apache.tools.ant.taskdefs.optional.junit.JUnitTestRunner.main(JUnitTestRunner.java:766)
[Entering method <com.topcoder.clients.manager.dao.DAOProjectManager.createProjectStatus(ProjectStatus status)>; Parameters:{ ParamName<status>; ParamValue: <[ id=0 name=   description=a isDeleted=false]>  }  at 2008-08-29 23:59:02.828 ]
[Error occurred in method <com.topcoder.clients.manager.dao.DAOProjectManager.createProjectStatus(ProjectStatus status)>, cause by :
java.lang.IllegalArgumentException: The ProjectStatus should have a non-null, non-empty name.
	at com.topcoder.clients.manager.dao.Helper.validateProjectStatus(Helper.java:239)
	at com.topcoder.clients.manager.dao.DAOProjectManager.createProjectStatus(DAOProjectManager.java:965)
	at com.topcoder.clients.manager.failuretests.TestDAOProjectManagerFailure.testCreateProjectStatusFailure3(TestDAOProjectManagerFailure.java:1772)
	at sun.reflect.NativeMethodAccessorImpl.invoke0(Native Method)
	at sun.reflect.NativeMethodAccessorImpl.invoke(NativeMethodAccessorImpl.java:39)
	at sun.reflect.DelegatingMethodAccessorImpl.invoke(DelegatingMethodAccessorImpl.java:25)
	at java.lang.reflect.Method.invoke(Method.java:585)
	at junit.framework.TestCase.runTest(TestCase.java:154)
	at junit.framework.TestCase.runBare(TestCase.java:127)
	at junit.framework.TestResult$1.protect(TestResult.java:106)
	at junit.framework.TestResult.runProtected(TestResult.java:124)
	at junit.framework.TestResult.run(TestResult.java:109)
	at junit.framework.TestCase.run(TestCase.java:118)
	at junit.framework.TestSuite.runTest(TestSuite.java:208)
	at junit.framework.TestSuite.run(TestSuite.java:203)
	at junit.framework.TestSuite.runTest(TestSuite.java:208)
	at junit.framework.TestSuite.run(TestSuite.java:203)
	at junit.framework.TestSuite.runTest(TestSuite.java:208)
	at junit.framework.TestSuite.run(TestSuite.java:203)
	at org.apache.tools.ant.taskdefs.optional.junit.JUnitTestRunner.run(JUnitTestRunner.java:421)
	at org.apache.tools.ant.taskdefs.optional.junit.JUnitTestRunner.launch(JUnitTestRunner.java:912)
	at org.apache.tools.ant.taskdefs.optional.junit.JUnitTestRunner.main(JUnitTestRunner.java:766)
[Entering method <com.topcoder.clients.manager.dao.DAOProjectManager.createProjectStatus(ProjectStatus status)>; Parameters:{ ParamName<status>; ParamValue: <[ id=0 name=name description=   isDeleted=false]>  }  at 2008-08-29 23:59:02.828 ]
[Error occurred in method <com.topcoder.clients.manager.dao.DAOProjectManager.createProjectStatus(ProjectStatus status)>, cause by :
java.lang.IllegalArgumentException: The ProjectStatus should have a non-null, non-empty description.
	at com.topcoder.clients.manager.dao.Helper.validateProjectStatus(Helper.java:243)
	at com.topcoder.clients.manager.dao.DAOProjectManager.createProjectStatus(DAOProjectManager.java:965)
	at com.topcoder.clients.manager.failuretests.TestDAOProjectManagerFailure.testCreateProjectStatusFailure5(TestDAOProjectManagerFailure.java:1795)
	at sun.reflect.NativeMethodAccessorImpl.invoke0(Native Method)
	at sun.reflect.NativeMethodAccessorImpl.invoke(NativeMethodAccessorImpl.java:39)
	at sun.reflect.DelegatingMethodAccessorImpl.invoke(DelegatingMethodAccessorImpl.java:25)
	at java.lang.reflect.Method.invoke(Method.java:585)
	at junit.framework.TestCase.runTest(TestCase.java:154)
	at junit.framework.TestCase.runBare(TestCase.java:127)
	at junit.framework.TestResult$1.protect(TestResult.java:106)
	at junit.framework.TestResult.runProtected(TestResult.java:124)
	at junit.framework.TestResult.run(TestResult.java:109)
	at junit.framework.TestCase.run(TestCase.java:118)
	at junit.framework.TestSuite.runTest(TestSuite.java:208)
	at junit.framework.TestSuite.run(TestSuite.java:203)
	at junit.framework.TestSuite.runTest(TestSuite.java:208)
	at junit.framework.TestSuite.run(TestSuite.java:203)
	at junit.framework.TestSuite.runTest(TestSuite.java:208)
	at junit.framework.TestSuite.run(TestSuite.java:203)
	at org.apache.tools.ant.taskdefs.optional.junit.JUnitTestRunner.run(JUnitTestRunner.java:421)
	at org.apache.tools.ant.taskdefs.optional.junit.JUnitTestRunner.launch(JUnitTestRunner.java:912)
	at org.apache.tools.ant.taskdefs.optional.junit.JUnitTestRunner.main(JUnitTestRunner.java:766)
[Entering method <com.topcoder.clients.manager.dao.DAOProjectManager.createProjectStatus(ProjectStatus status)>; Parameters:{ ParamName<status>; ParamValue: <[ id=0 name=name description=d isDeleted=true]>  }  at 2008-08-29 23:59:02.843 ]
[Error occurred in method <com.topcoder.clients.manager.dao.DAOProjectManager.createProjectStatus(ProjectStatus status)>, cause by :
java.lang.IllegalArgumentException: The ProjectStatus should not be deleted.
	at com.topcoder.clients.manager.dao.Helper.validateProjectStatus(Helper.java:247)
	at com.topcoder.clients.manager.dao.DAOProjectManager.createProjectStatus(DAOProjectManager.java:965)
	at com.topcoder.clients.manager.failuretests.TestDAOProjectManagerFailure.testCreateProjectStatusFailure6(TestDAOProjectManagerFailure.java:1819)
	at sun.reflect.NativeMethodAccessorImpl.invoke0(Native Method)
	at sun.reflect.NativeMethodAccessorImpl.invoke(NativeMethodAccessorImpl.java:39)
	at sun.reflect.DelegatingMethodAccessorImpl.invoke(DelegatingMethodAccessorImpl.java:25)
	at java.lang.reflect.Method.invoke(Method.java:585)
	at junit.framework.TestCase.runTest(TestCase.java:154)
	at junit.framework.TestCase.runBare(TestCase.java:127)
	at junit.framework.TestResult$1.protect(TestResult.java:106)
	at junit.framework.TestResult.runProtected(TestResult.java:124)
	at junit.framework.TestResult.run(TestResult.java:109)
	at junit.framework.TestCase.run(TestCase.java:118)
	at junit.framework.TestSuite.runTest(TestSuite.java:208)
	at junit.framework.TestSuite.run(TestSuite.java:203)
	at junit.framework.TestSuite.runTest(TestSuite.java:208)
	at junit.framework.TestSuite.run(TestSuite.java:203)
	at junit.framework.TestSuite.runTest(TestSuite.java:208)
	at junit.framework.TestSuite.run(TestSuite.java:203)
	at org.apache.tools.ant.taskdefs.optional.junit.JUnitTestRunner.run(JUnitTestRunner.java:421)
	at org.apache.tools.ant.taskdefs.optional.junit.JUnitTestRunner.launch(JUnitTestRunner.java:912)
	at org.apache.tools.ant.taskdefs.optional.junit.JUnitTestRunner.main(JUnitTestRunner.java:766)
[Entering method <com.topcoder.clients.manager.dao.DAOProjectManager.createProjectStatus(ProjectStatus status)>; Parameters:{ ParamName<status>; ParamValue: <[ id=0 name=DAOException description=d isDeleted=false]>  }  at 2008-08-29 23:59:02.843 ]
[Error occurred in method <com.topcoder.clients.manager.dao.DAOProjectManager.createProjectStatus(ProjectStatus status)>, cause by :
com.topcoder.clients.manager.ProjectManagerException: Fail to create ProjectStatus, cause by Throw for testing
	at com.topcoder.clients.manager.dao.DAOProjectManager.wrapInnerException(DAOProjectManager.java:351)
	at com.topcoder.clients.manager.dao.DAOProjectManager.createProjectStatus(DAOProjectManager.java:986)
	at com.topcoder.clients.manager.failuretests.TestDAOProjectManagerFailure.testCreateProjectStatusFailure7(TestDAOProjectManagerFailure.java:1843)
	at sun.reflect.NativeMethodAccessorImpl.invoke0(Native Method)
	at sun.reflect.NativeMethodAccessorImpl.invoke(NativeMethodAccessorImpl.java:39)
	at sun.reflect.DelegatingMethodAccessorImpl.invoke(DelegatingMethodAccessorImpl.java:25)
	at java.lang.reflect.Method.invoke(Method.java:585)
	at junit.framework.TestCase.runTest(TestCase.java:154)
	at junit.framework.TestCase.runBare(TestCase.java:127)
	at junit.framework.TestResult$1.protect(TestResult.java:106)
	at junit.framework.TestResult.runProtected(TestResult.java:124)
	at junit.framework.TestResult.run(TestResult.java:109)
	at junit.framework.TestCase.run(TestCase.java:118)
	at junit.framework.TestSuite.runTest(TestSuite.java:208)
	at junit.framework.TestSuite.run(TestSuite.java:203)
	at junit.framework.TestSuite.runTest(TestSuite.java:208)
	at junit.framework.TestSuite.run(TestSuite.java:203)
	at junit.framework.TestSuite.runTest(TestSuite.java:208)
	at junit.framework.TestSuite.run(TestSuite.java:203)
	at org.apache.tools.ant.taskdefs.optional.junit.JUnitTestRunner.run(JUnitTestRunner.java:421)
	at org.apache.tools.ant.taskdefs.optional.junit.JUnitTestRunner.launch(JUnitTestRunner.java:912)
	at org.apache.tools.ant.taskdefs.optional.junit.JUnitTestRunner.main(JUnitTestRunner.java:766)
Caused by: com.topcoder.clients.dao.DAOException: Throw for testing
	at com.topcoder.clients.manager.MockProjectStatusDAO.save(MockProjectStatusDAO.java:139)
	at com.topcoder.clients.manager.dao.DAOProjectManager.createProjectStatus(DAOProjectManager.java:971)
	... 20 more
Caused by: java.lang.NullPointerException: NPE Raised 
	... 22 more
[Entering method <com.topcoder.clients.manager.dao.DAOProjectManager.createProjectStatus(ProjectStatus status)>; Parameters:{ ParamName<status>; ParamValue: <[ id=0 name=DAOConfigurationException description=d isDeleted=false]>  }  at 2008-08-29 23:59:03.140 ]
[Error occurred in method <com.topcoder.clients.manager.dao.DAOProjectManager.createProjectStatus(ProjectStatus status)>, cause by :
com.topcoder.clients.manager.ProjectManagerException: Fail to create ProjectStatus, cause by Throw for testing
	at com.topcoder.clients.manager.dao.DAOProjectManager.wrapInnerException(DAOProjectManager.java:351)
	at com.topcoder.clients.manager.dao.DAOProjectManager.createProjectStatus(DAOProjectManager.java:983)
	at com.topcoder.clients.manager.failuretests.TestDAOProjectManagerFailure.testCreateProjectStatusFailure8(TestDAOProjectManagerFailure.java:1867)
	at sun.reflect.NativeMethodAccessorImpl.invoke0(Native Method)
	at sun.reflect.NativeMethodAccessorImpl.invoke(NativeMethodAccessorImpl.java:39)
	at sun.reflect.DelegatingMethodAccessorImpl.invoke(DelegatingMethodAccessorImpl.java:25)
	at java.lang.reflect.Method.invoke(Method.java:585)
	at junit.framework.TestCase.runTest(TestCase.java:154)
	at junit.framework.TestCase.runBare(TestCase.java:127)
	at junit.framework.TestResult$1.protect(TestResult.java:106)
	at junit.framework.TestResult.runProtected(TestResult.java:124)
	at junit.framework.TestResult.run(TestResult.java:109)
	at junit.framework.TestCase.run(TestCase.java:118)
	at junit.framework.TestSuite.runTest(TestSuite.java:208)
	at junit.framework.TestSuite.run(TestSuite.java:203)
	at junit.framework.TestSuite.runTest(TestSuite.java:208)
	at junit.framework.TestSuite.run(TestSuite.java:203)
	at junit.framework.TestSuite.runTest(TestSuite.java:208)
	at junit.framework.TestSuite.run(TestSuite.java:203)
	at org.apache.tools.ant.taskdefs.optional.junit.JUnitTestRunner.run(JUnitTestRunner.java:421)
	at org.apache.tools.ant.taskdefs.optional.junit.JUnitTestRunner.launch(JUnitTestRunner.java:912)
	at org.apache.tools.ant.taskdefs.optional.junit.JUnitTestRunner.main(JUnitTestRunner.java:766)
Caused by: com.topcoder.clients.dao.DAOConfigurationException: Throw for testing
	at com.topcoder.clients.manager.MockProjectStatusDAO.save(MockProjectStatusDAO.java:143)
	at com.topcoder.clients.manager.dao.DAOProjectManager.createProjectStatus(DAOProjectManager.java:971)
	... 20 more
Caused by: java.lang.NullPointerException: NPE Raised 
	... 22 more
[Entering method <com.topcoder.clients.manager.dao.DAOProjectManager.updateProjectStatus(ProjectStatus status)>; Parameters:{ ParamName<status>; ParamValue: <null>  }  at 2008-08-29 23:59:03.156 ]
[Error occurred in method <com.topcoder.clients.manager.dao.DAOProjectManager.updateProjectStatus(ProjectStatus status)>, cause by :
java.lang.IllegalArgumentException: The parameter 'status' should not be null.
	at com.topcoder.clients.manager.dao.Helper.checkNull(Helper.java:69)
	at com.topcoder.clients.manager.dao.Helper.validateProjectStatus(Helper.java:236)
	at com.topcoder.clients.manager.dao.DAOProjectManager.updateProjectStatus(DAOProjectManager.java:1018)
	at com.topcoder.clients.manager.failuretests.TestDAOProjectManagerFailure.testUpdateProjectStatusFailure1(TestDAOProjectManagerFailure.java:1885)
	at sun.reflect.NativeMethodAccessorImpl.invoke0(Native Method)
	at sun.reflect.NativeMethodAccessorImpl.invoke(NativeMethodAccessorImpl.java:39)
	at sun.reflect.DelegatingMethodAccessorImpl.invoke(DelegatingMethodAccessorImpl.java:25)
	at java.lang.reflect.Method.invoke(Method.java:585)
	at junit.framework.TestCase.runTest(TestCase.java:154)
	at junit.framework.TestCase.runBare(TestCase.java:127)
	at junit.framework.TestResult$1.protect(TestResult.java:106)
	at junit.framework.TestResult.runProtected(TestResult.java:124)
	at junit.framework.TestResult.run(TestResult.java:109)
	at junit.framework.TestCase.run(TestCase.java:118)
	at junit.framework.TestSuite.runTest(TestSuite.java:208)
	at junit.framework.TestSuite.run(TestSuite.java:203)
	at junit.framework.TestSuite.runTest(TestSuite.java:208)
	at junit.framework.TestSuite.run(TestSuite.java:203)
	at junit.framework.TestSuite.runTest(TestSuite.java:208)
	at junit.framework.TestSuite.run(TestSuite.java:203)
	at org.apache.tools.ant.taskdefs.optional.junit.JUnitTestRunner.run(JUnitTestRunner.java:421)
	at org.apache.tools.ant.taskdefs.optional.junit.JUnitTestRunner.launch(JUnitTestRunner.java:912)
	at org.apache.tools.ant.taskdefs.optional.junit.JUnitTestRunner.main(JUnitTestRunner.java:766)
[Entering method <com.topcoder.clients.manager.dao.DAOProjectManager.updateProjectStatus(ProjectStatus status)>; Parameters:{ ParamName<status>; ParamValue: <[ id=0 name=d description=d isDeleted=true]>  }  at 2008-08-29 23:59:03.156 ]
[Error occurred in method <com.topcoder.clients.manager.dao.DAOProjectManager.updateProjectStatus(ProjectStatus status)>, cause by :
java.lang.IllegalArgumentException: The ProjectStatus should not be deleted.
	at com.topcoder.clients.manager.dao.Helper.validateProjectStatus(Helper.java:247)
	at com.topcoder.clients.manager.dao.DAOProjectManager.updateProjectStatus(DAOProjectManager.java:1018)
	at com.topcoder.clients.manager.failuretests.TestDAOProjectManagerFailure.testUpdateProjectStatusFailure2(TestDAOProjectManagerFailure.java:1908)
	at sun.reflect.NativeMethodAccessorImpl.invoke0(Native Method)
	at sun.reflect.NativeMethodAccessorImpl.invoke(NativeMethodAccessorImpl.java:39)
	at sun.reflect.DelegatingMethodAccessorImpl.invoke(DelegatingMethodAccessorImpl.java:25)
	at java.lang.reflect.Method.invoke(Method.java:585)
	at junit.framework.TestCase.runTest(TestCase.java:154)
	at junit.framework.TestCase.runBare(TestCase.java:127)
	at junit.framework.TestResult$1.protect(TestResult.java:106)
	at junit.framework.TestResult.runProtected(TestResult.java:124)
	at junit.framework.TestResult.run(TestResult.java:109)
	at junit.framework.TestCase.run(TestCase.java:118)
	at junit.framework.TestSuite.runTest(TestSuite.java:208)
	at junit.framework.TestSuite.run(TestSuite.java:203)
	at junit.framework.TestSuite.runTest(TestSuite.java:208)
	at junit.framework.TestSuite.run(TestSuite.java:203)
	at junit.framework.TestSuite.runTest(TestSuite.java:208)
	at junit.framework.TestSuite.run(TestSuite.java:203)
	at org.apache.tools.ant.taskdefs.optional.junit.JUnitTestRunner.run(JUnitTestRunner.java:421)
	at org.apache.tools.ant.taskdefs.optional.junit.JUnitTestRunner.launch(JUnitTestRunner.java:912)
	at org.apache.tools.ant.taskdefs.optional.junit.JUnitTestRunner.main(JUnitTestRunner.java:766)
[Entering method <com.topcoder.clients.manager.dao.DAOProjectManager.updateProjectStatus(ProjectStatus status)>; Parameters:{ ParamName<status>; ParamValue: <[ id=1 name=d description=d isDeleted=false]>  }  at 2008-08-29 23:59:03.171 ]
[Error occurred in method <com.topcoder.clients.manager.dao.DAOProjectManager.updateProjectStatus(ProjectStatus status)>, cause by :
com.topcoder.clients.manager.ProjectEntityNotFoundException: The ProjectStatus with id=1 does not exist.
	at com.topcoder.clients.manager.dao.DAOProjectManager.checkProjectStatusExist(DAOProjectManager.java:1062)
	at com.topcoder.clients.manager.dao.DAOProjectManager.updateProjectStatus(DAOProjectManager.java:1021)
	at com.topcoder.clients.manager.failuretests.TestDAOProjectManagerFailure.testUpdateProjectStatusFailure3(TestDAOProjectManagerFailure.java:1932)
	at sun.reflect.NativeMethodAccessorImpl.invoke0(Native Method)
	at sun.reflect.NativeMethodAccessorImpl.invoke(NativeMethodAccessorImpl.java:39)
	at sun.reflect.DelegatingMethodAccessorImpl.invoke(DelegatingMethodAccessorImpl.java:25)
	at java.lang.reflect.Method.invoke(Method.java:585)
	at junit.framework.TestCase.runTest(TestCase.java:154)
	at junit.framework.TestCase.runBare(TestCase.java:127)
	at junit.framework.TestResult$1.protect(TestResult.java:106)
	at junit.framework.TestResult.runProtected(TestResult.java:124)
	at junit.framework.TestResult.run(TestResult.java:109)
	at junit.framework.TestCase.run(TestCase.java:118)
	at junit.framework.TestSuite.runTest(TestSuite.java:208)
	at junit.framework.TestSuite.run(TestSuite.java:203)
	at junit.framework.TestSuite.runTest(TestSuite.java:208)
	at junit.framework.TestSuite.run(TestSuite.java:203)
	at junit.framework.TestSuite.runTest(TestSuite.java:208)
	at junit.framework.TestSuite.run(TestSuite.java:203)
	at org.apache.tools.ant.taskdefs.optional.junit.JUnitTestRunner.run(JUnitTestRunner.java:421)
	at org.apache.tools.ant.taskdefs.optional.junit.JUnitTestRunner.launch(JUnitTestRunner.java:912)
	at org.apache.tools.ant.taskdefs.optional.junit.JUnitTestRunner.main(JUnitTestRunner.java:766)
[Entering method <com.topcoder.clients.manager.dao.DAOProjectManager.updateProjectStatus(ProjectStatus status)>; Parameters:{ ParamName<status>; ParamValue: <[ id=-1 name=d description=d isDeleted=false]>  }  at 2008-08-29 23:59:03.171 ]
[Error occurred in method <com.topcoder.clients.manager.dao.DAOProjectManager.updateProjectStatus(ProjectStatus status)>, cause by :
com.topcoder.clients.manager.ProjectEntityNotFoundException: The ProjectStatus with id=-1 does not exist, cause by The id should not be negative.
	at com.topcoder.clients.manager.dao.DAOProjectManager.handleProjectEntityNotFoundException(DAOProjectManager.java:453)
	at com.topcoder.clients.manager.dao.DAOProjectManager.checkProjectStatusExist(DAOProjectManager.java:1070)
	at com.topcoder.clients.manager.dao.DAOProjectManager.updateProjectStatus(DAOProjectManager.java:1021)
	at com.topcoder.clients.manager.failuretests.TestDAOProjectManagerFailure.testUpdateProjectStatusFailure4(TestDAOProjectManagerFailure.java:1956)
	at sun.reflect.NativeMethodAccessorImpl.invoke0(Native Method)
	at sun.reflect.NativeMethodAccessorImpl.invoke(NativeMethodAccessorImpl.java:39)
	at sun.reflect.DelegatingMethodAccessorImpl.invoke(DelegatingMethodAccessorImpl.java:25)
	at java.lang.reflect.Method.invoke(Method.java:585)
	at junit.framework.TestCase.runTest(TestCase.java:154)
	at junit.framework.TestCase.runBare(TestCase.java:127)
	at junit.framework.TestResult$1.protect(TestResult.java:106)
	at junit.framework.TestResult.runProtected(TestResult.java:124)
	at junit.framework.TestResult.run(TestResult.java:109)
	at junit.framework.TestCase.run(TestCase.java:118)
	at junit.framework.TestSuite.runTest(TestSuite.java:208)
	at junit.framework.TestSuite.run(TestSuite.java:203)
	at junit.framework.TestSuite.runTest(TestSuite.java:208)
	at junit.framework.TestSuite.run(TestSuite.java:203)
	at junit.framework.TestSuite.runTest(TestSuite.java:208)
	at junit.framework.TestSuite.run(TestSuite.java:203)
	at org.apache.tools.ant.taskdefs.optional.junit.JUnitTestRunner.run(JUnitTestRunner.java:421)
	at org.apache.tools.ant.taskdefs.optional.junit.JUnitTestRunner.launch(JUnitTestRunner.java:912)
	at org.apache.tools.ant.taskdefs.optional.junit.JUnitTestRunner.main(JUnitTestRunner.java:766)
Caused by: java.lang.IllegalArgumentException: The id should not be negative.
	at com.topcoder.clients.manager.MockProjectStatusDAO.retrieveById(MockProjectStatusDAO.java:56)
	at com.topcoder.clients.manager.dao.DAOProjectManager.checkProjectStatusExist(DAOProjectManager.java:1061)
	... 21 more
[Entering method <com.topcoder.clients.manager.dao.DAOProjectManager.updateProjectStatus(ProjectStatus status)>; Parameters:{ ParamName<status>; ParamValue: <[ id=2 name=d description=d isDeleted=false]>  }  at 2008-08-29 23:59:03.171 ]
[Error occurred in method <com.topcoder.clients.manager.dao.DAOProjectManager.updateProjectStatus(ProjectStatus status)>, cause by :
com.topcoder.clients.manager.ProjectEntityNotFoundException: The ProjectStatus with id=2 does not exist, cause by Throw for testing
	at com.topcoder.clients.manager.dao.DAOProjectManager.handleProjectEntityNotFoundException(DAOProjectManager.java:453)
	at com.topcoder.clients.manager.dao.DAOProjectManager.checkProjectStatusExist(DAOProjectManager.java:1073)
	at com.topcoder.clients.manager.dao.DAOProjectManager.updateProjectStatus(DAOProjectManager.java:1021)
	at com.topcoder.clients.manager.failuretests.TestDAOProjectManagerFailure.testUpdateProjectStatusFailure5(TestDAOProjectManagerFailure.java:1980)
	at sun.reflect.NativeMethodAccessorImpl.invoke0(Native Method)
	at sun.reflect.NativeMethodAccessorImpl.invoke(NativeMethodAccessorImpl.java:39)
	at sun.reflect.DelegatingMethodAccessorImpl.invoke(DelegatingMethodAccessorImpl.java:25)
	at java.lang.reflect.Method.invoke(Method.java:585)
	at junit.framework.TestCase.runTest(TestCase.java:154)
	at junit.framework.TestCase.runBare(TestCase.java:127)
	at junit.framework.TestResult$1.protect(TestResult.java:106)
	at junit.framework.TestResult.runProtected(TestResult.java:124)
	at junit.framework.TestResult.run(TestResult.java:109)
	at junit.framework.TestCase.run(TestCase.java:118)
	at junit.framework.TestSuite.runTest(TestSuite.java:208)
	at junit.framework.TestSuite.run(TestSuite.java:203)
	at junit.framework.TestSuite.runTest(TestSuite.java:208)
	at junit.framework.TestSuite.run(TestSuite.java:203)
	at junit.framework.TestSuite.runTest(TestSuite.java:208)
	at junit.framework.TestSuite.run(TestSuite.java:203)
	at org.apache.tools.ant.taskdefs.optional.junit.JUnitTestRunner.run(JUnitTestRunner.java:421)
	at org.apache.tools.ant.taskdefs.optional.junit.JUnitTestRunner.launch(JUnitTestRunner.java:912)
	at org.apache.tools.ant.taskdefs.optional.junit.JUnitTestRunner.main(JUnitTestRunner.java:766)
Caused by: com.topcoder.clients.dao.EntityNotFoundException: Throw for testing
	at com.topcoder.clients.manager.MockProjectStatusDAO.retrieveById(MockProjectStatusDAO.java:66)
	at com.topcoder.clients.manager.dao.DAOProjectManager.checkProjectStatusExist(DAOProjectManager.java:1061)
	... 21 more
[Entering method <com.topcoder.clients.manager.dao.DAOProjectManager.updateProjectStatus(ProjectStatus status)>; Parameters:{ ParamName<status>; ParamValue: <[ id=1001 name=d description=d isDeleted=false]>  }  at 2008-08-29 23:59:03.187 ]
[Error occurred in method <com.topcoder.clients.manager.dao.DAOProjectManager.updateProjectStatus(ProjectStatus status)>, cause by :
com.topcoder.clients.manager.ProjectManagerException: Fail to update ProjectStatus, cause by Throw for testing
	at com.topcoder.clients.manager.dao.DAOProjectManager.wrapInnerException(DAOProjectManager.java:351)
	at com.topcoder.clients.manager.dao.DAOProjectManager.updateProjectStatus(DAOProjectManager.java:1034)
	at com.topcoder.clients.manager.failuretests.TestDAOProjectManagerFailure.testUpdateProjectStatusFailure6(TestDAOProjectManagerFailure.java:2004)
	at sun.reflect.NativeMethodAccessorImpl.invoke0(Native Method)
	at sun.reflect.NativeMethodAccessorImpl.invoke(NativeMethodAccessorImpl.java:39)
	at sun.reflect.DelegatingMethodAccessorImpl.invoke(DelegatingMethodAccessorImpl.java:25)
	at java.lang.reflect.Method.invoke(Method.java:585)
	at junit.framework.TestCase.runTest(TestCase.java:154)
	at junit.framework.TestCase.runBare(TestCase.java:127)
	at junit.framework.TestResult$1.protect(TestResult.java:106)
	at junit.framework.TestResult.runProtected(TestResult.java:124)
	at junit.framework.TestResult.run(TestResult.java:109)
	at junit.framework.TestCase.run(TestCase.java:118)
	at junit.framework.TestSuite.runTest(TestSuite.java:208)
	at junit.framework.TestSuite.run(TestSuite.java:203)
	at junit.framework.TestSuite.runTest(TestSuite.java:208)
	at junit.framework.TestSuite.run(TestSuite.java:203)
	at junit.framework.TestSuite.runTest(TestSuite.java:208)
	at junit.framework.TestSuite.run(TestSuite.java:203)
	at org.apache.tools.ant.taskdefs.optional.junit.JUnitTestRunner.run(JUnitTestRunner.java:421)
	at org.apache.tools.ant.taskdefs.optional.junit.JUnitTestRunner.launch(JUnitTestRunner.java:912)
	at org.apache.tools.ant.taskdefs.optional.junit.JUnitTestRunner.main(JUnitTestRunner.java:766)
Caused by: com.topcoder.clients.dao.DAOConfigurationException: Throw for testing
	at com.topcoder.clients.manager.MockProjectStatusDAO.retrieveById(MockProjectStatusDAO.java:69)
	at com.topcoder.clients.manager.dao.DAOProjectManager.checkProjectStatusExist(DAOProjectManager.java:1061)
	at com.topcoder.clients.manager.dao.DAOProjectManager.updateProjectStatus(DAOProjectManager.java:1021)
	... 20 more
Caused by: java.lang.NullPointerException: NPE Raised 
	... 23 more
[Entering method <com.topcoder.clients.manager.dao.DAOProjectManager.updateProjectStatus(ProjectStatus status)>; Parameters:{ ParamName<status>; ParamValue: <[ id=1002 name=d description=d isDeleted=false]>  }  at 2008-08-29 23:59:03.187 ]
[Error occurred in method <com.topcoder.clients.manager.dao.DAOProjectManager.updateProjectStatus(ProjectStatus status)>, cause by :
com.topcoder.clients.manager.ProjectManagerException: Fail to update ProjectStatus, cause by Throw for testing
	at com.topcoder.clients.manager.dao.DAOProjectManager.wrapInnerException(DAOProjectManager.java:351)
	at com.topcoder.clients.manager.dao.DAOProjectManager.updateProjectStatus(DAOProjectManager.java:1037)
	at com.topcoder.clients.manager.failuretests.TestDAOProjectManagerFailure.testUpdateProjectStatusFailure7(TestDAOProjectManagerFailure.java:2028)
	at sun.reflect.NativeMethodAccessorImpl.invoke0(Native Method)
	at sun.reflect.NativeMethodAccessorImpl.invoke(NativeMethodAccessorImpl.java:39)
	at sun.reflect.DelegatingMethodAccessorImpl.invoke(DelegatingMethodAccessorImpl.java:25)
	at java.lang.reflect.Method.invoke(Method.java:585)
	at junit.framework.TestCase.runTest(TestCase.java:154)
	at junit.framework.TestCase.runBare(TestCase.java:127)
	at junit.framework.TestResult$1.protect(TestResult.java:106)
	at junit.framework.TestResult.runProtected(TestResult.java:124)
	at junit.framework.TestResult.run(TestResult.java:109)
	at junit.framework.TestCase.run(TestCase.java:118)
	at junit.framework.TestSuite.runTest(TestSuite.java:208)
	at junit.framework.TestSuite.run(TestSuite.java:203)
	at junit.framework.TestSuite.runTest(TestSuite.java:208)
	at junit.framework.TestSuite.run(TestSuite.java:203)
	at junit.framework.TestSuite.runTest(TestSuite.java:208)
	at junit.framework.TestSuite.run(TestSuite.java:203)
	at org.apache.tools.ant.taskdefs.optional.junit.JUnitTestRunner.run(JUnitTestRunner.java:421)
	at org.apache.tools.ant.taskdefs.optional.junit.JUnitTestRunner.launch(JUnitTestRunner.java:912)
	at org.apache.tools.ant.taskdefs.optional.junit.JUnitTestRunner.main(JUnitTestRunner.java:766)
Caused by: com.topcoder.clients.dao.DAOException: Throw for testing
	at com.topcoder.clients.manager.MockProjectStatusDAO.retrieveById(MockProjectStatusDAO.java:73)
	at com.topcoder.clients.manager.dao.DAOProjectManager.checkProjectStatusExist(DAOProjectManager.java:1061)
	at com.topcoder.clients.manager.dao.DAOProjectManager.updateProjectStatus(DAOProjectManager.java:1021)
	... 20 more
Caused by: java.lang.NullPointerException: NPE Raised 
	... 23 more
[Entering method <com.topcoder.clients.manager.dao.DAOProjectManager.deleteProjectStatus(ProjectStatus status)>; Parameters:{ ParamName<status>; ParamValue: <null>  }  at 2008-08-29 23:59:03.187 ]
[Error occurred in method <com.topcoder.clients.manager.dao.DAOProjectManager.deleteProjectStatus(ProjectStatus status)>, cause by :
java.lang.IllegalArgumentException: The parameter 'status' should not be null.
	at com.topcoder.clients.manager.dao.Helper.checkNull(Helper.java:69)
	at com.topcoder.clients.manager.dao.DAOProjectManager.deleteProjectStatus(DAOProjectManager.java:1101)
	at com.topcoder.clients.manager.failuretests.TestDAOProjectManagerFailure.testDeleteProjectStatusFailure1(TestDAOProjectManagerFailure.java:2046)
	at sun.reflect.NativeMethodAccessorImpl.invoke0(Native Method)
	at sun.reflect.NativeMethodAccessorImpl.invoke(NativeMethodAccessorImpl.java:39)
	at sun.reflect.DelegatingMethodAccessorImpl.invoke(DelegatingMethodAccessorImpl.java:25)
	at java.lang.reflect.Method.invoke(Method.java:585)
	at junit.framework.TestCase.runTest(TestCase.java:154)
	at junit.framework.TestCase.runBare(TestCase.java:127)
	at junit.framework.TestResult$1.protect(TestResult.java:106)
	at junit.framework.TestResult.runProtected(TestResult.java:124)
	at junit.framework.TestResult.run(TestResult.java:109)
	at junit.framework.TestCase.run(TestCase.java:118)
	at junit.framework.TestSuite.runTest(TestSuite.java:208)
	at junit.framework.TestSuite.run(TestSuite.java:203)
	at junit.framework.TestSuite.runTest(TestSuite.java:208)
	at junit.framework.TestSuite.run(TestSuite.java:203)
	at junit.framework.TestSuite.runTest(TestSuite.java:208)
	at junit.framework.TestSuite.run(TestSuite.java:203)
	at org.apache.tools.ant.taskdefs.optional.junit.JUnitTestRunner.run(JUnitTestRunner.java:421)
	at org.apache.tools.ant.taskdefs.optional.junit.JUnitTestRunner.launch(JUnitTestRunner.java:912)
	at org.apache.tools.ant.taskdefs.optional.junit.JUnitTestRunner.main(JUnitTestRunner.java:766)
[Entering method <com.topcoder.clients.manager.dao.DAOProjectManager.deleteProjectStatus(ProjectStatus status)>; Parameters:{ ParamName<status>; ParamValue: <[ id=0 name=null description=null isDeleted=true]>  }  at 2008-08-29 23:59:03.203 ]
[Error occurred in method <com.topcoder.clients.manager.dao.DAOProjectManager.deleteProjectStatus(ProjectStatus status)>, cause by :
java.lang.IllegalArgumentException: The para status should have isDeleted  false, but was true.
	at com.topcoder.clients.manager.dao.DAOProjectManager.deleteProjectStatus(DAOProjectManager.java:1103)
	at com.topcoder.clients.manager.failuretests.TestDAOProjectManagerFailure.testDeleteProjectStatusFailure2(TestDAOProjectManagerFailure.java:2067)
	at sun.reflect.NativeMethodAccessorImpl.invoke0(Native Method)
	at sun.reflect.NativeMethodAccessorImpl.invoke(NativeMethodAccessorImpl.java:39)
	at sun.reflect.DelegatingMethodAccessorImpl.invoke(DelegatingMethodAccessorImpl.java:25)
	at java.lang.reflect.Method.invoke(Method.java:585)
	at junit.framework.TestCase.runTest(TestCase.java:154)
	at junit.framework.TestCase.runBare(TestCase.java:127)
	at junit.framework.TestResult$1.protect(TestResult.java:106)
	at junit.framework.TestResult.runProtected(TestResult.java:124)
	at junit.framework.TestResult.run(TestResult.java:109)
	at junit.framework.TestCase.run(TestCase.java:118)
	at junit.framework.TestSuite.runTest(TestSuite.java:208)
	at junit.framework.TestSuite.run(TestSuite.java:203)
	at junit.framework.TestSuite.runTest(TestSuite.java:208)
	at junit.framework.TestSuite.run(TestSuite.java:203)
	at junit.framework.TestSuite.runTest(TestSuite.java:208)
	at junit.framework.TestSuite.run(TestSuite.java:203)
	at org.apache.tools.ant.taskdefs.optional.junit.JUnitTestRunner.run(JUnitTestRunner.java:421)
	at org.apache.tools.ant.taskdefs.optional.junit.JUnitTestRunner.launch(JUnitTestRunner.java:912)
	at org.apache.tools.ant.taskdefs.optional.junit.JUnitTestRunner.main(JUnitTestRunner.java:766)
[Entering method <com.topcoder.clients.manager.dao.DAOProjectManager.deleteProjectStatus(ProjectStatus status)>; Parameters:{ ParamName<status>; ParamValue: <[ id=0 name=entityNotFound description=null isDeleted=false]>  }  at 2008-08-29 23:59:03.203 ]
[Error occurred in method <com.topcoder.clients.manager.dao.DAOProjectManager.deleteProjectStatus(ProjectStatus status)>, cause by :
com.topcoder.clients.manager.ProjectEntityNotFoundException: The ProjectStatus with id=0 does not exist, cause by The entity is not found.
	at com.topcoder.clients.manager.dao.DAOProjectManager.handleProjectEntityNotFoundException(DAOProjectManager.java:453)
	at com.topcoder.clients.manager.dao.DAOProjectManager.deleteProjectStatus(DAOProjectManager.java:1117)
	at com.topcoder.clients.manager.failuretests.TestDAOProjectManagerFailure.testDeleteProjectStatusFailure3(TestDAOProjectManagerFailure.java:2089)
	at sun.reflect.NativeMethodAccessorImpl.invoke0(Native Method)
	at sun.reflect.NativeMethodAccessorImpl.invoke(NativeMethodAccessorImpl.java:39)
	at sun.reflect.DelegatingMethodAccessorImpl.invoke(DelegatingMethodAccessorImpl.java:25)
	at java.lang.reflect.Method.invoke(Method.java:585)
	at junit.framework.TestCase.runTest(TestCase.java:154)
	at junit.framework.TestCase.runBare(TestCase.java:127)
	at junit.framework.TestResult$1.protect(TestResult.java:106)
	at junit.framework.TestResult.runProtected(TestResult.java:124)
	at junit.framework.TestResult.run(TestResult.java:109)
	at junit.framework.TestCase.run(TestCase.java:118)
	at junit.framework.TestSuite.runTest(TestSuite.java:208)
	at junit.framework.TestSuite.run(TestSuite.java:203)
	at junit.framework.TestSuite.runTest(TestSuite.java:208)
	at junit.framework.TestSuite.run(TestSuite.java:203)
	at junit.framework.TestSuite.runTest(TestSuite.java:208)
	at junit.framework.TestSuite.run(TestSuite.java:203)
	at org.apache.tools.ant.taskdefs.optional.junit.JUnitTestRunner.run(JUnitTestRunner.java:421)
	at org.apache.tools.ant.taskdefs.optional.junit.JUnitTestRunner.launch(JUnitTestRunner.java:912)
	at org.apache.tools.ant.taskdefs.optional.junit.JUnitTestRunner.main(JUnitTestRunner.java:766)
Caused by: com.topcoder.clients.dao.EntityNotFoundException: The entity is not found.
	at com.topcoder.clients.manager.MockProjectStatusDAO.delete(MockProjectStatusDAO.java:167)
	at com.topcoder.clients.manager.dao.DAOProjectManager.deleteProjectStatus(DAOProjectManager.java:1107)
	... 20 more
Caused by: java.lang.IllegalArgumentException: IAE
	... 22 more
[Entering method <com.topcoder.clients.manager.dao.DAOProjectManager.deleteProjectStatus(ProjectStatus status)>; Parameters:{ ParamName<status>; ParamValue: <[ id=0 name=DAOException description=null isDeleted=false]>  }  at 2008-08-29 23:59:03.203 ]
[Error occurred in method <com.topcoder.clients.manager.dao.DAOProjectManager.deleteProjectStatus(ProjectStatus status)>, cause by :
com.topcoder.clients.manager.ProjectManagerException: Fail to delete the ProjectStatus, cause by Throw for testing
	at com.topcoder.clients.manager.dao.DAOProjectManager.wrapInnerException(DAOProjectManager.java:351)
	at com.topcoder.clients.manager.dao.DAOProjectManager.deleteProjectStatus(DAOProjectManager.java:1120)
	at com.topcoder.clients.manager.failuretests.TestDAOProjectManagerFailure.testDeleteProjectStatusFailure4(TestDAOProjectManagerFailure.java:2111)
	at sun.reflect.NativeMethodAccessorImpl.invoke0(Native Method)
	at sun.reflect.NativeMethodAccessorImpl.invoke(NativeMethodAccessorImpl.java:39)
	at sun.reflect.DelegatingMethodAccessorImpl.invoke(DelegatingMethodAccessorImpl.java:25)
	at java.lang.reflect.Method.invoke(Method.java:585)
	at junit.framework.TestCase.runTest(TestCase.java:154)
	at junit.framework.TestCase.runBare(TestCase.java:127)
	at junit.framework.TestResult$1.protect(TestResult.java:106)
	at junit.framework.TestResult.runProtected(TestResult.java:124)
	at junit.framework.TestResult.run(TestResult.java:109)
	at junit.framework.TestCase.run(TestCase.java:118)
	at junit.framework.TestSuite.runTest(TestSuite.java:208)
	at junit.framework.TestSuite.run(TestSuite.java:203)
	at junit.framework.TestSuite.runTest(TestSuite.java:208)
	at junit.framework.TestSuite.run(TestSuite.java:203)
	at junit.framework.TestSuite.runTest(TestSuite.java:208)
	at junit.framework.TestSuite.run(TestSuite.java:203)
	at org.apache.tools.ant.taskdefs.optional.junit.JUnitTestRunner.run(JUnitTestRunner.java:421)
	at org.apache.tools.ant.taskdefs.optional.junit.JUnitTestRunner.launch(JUnitTestRunner.java:912)
	at org.apache.tools.ant.taskdefs.optional.junit.JUnitTestRunner.main(JUnitTestRunner.java:766)
Caused by: com.topcoder.clients.dao.DAOException: Throw for testing
	at com.topcoder.clients.manager.MockProjectStatusDAO.delete(MockProjectStatusDAO.java:171)
	at com.topcoder.clients.manager.dao.DAOProjectManager.deleteProjectStatus(DAOProjectManager.java:1107)
	... 20 more
Caused by: java.lang.NullPointerException: NPE Raised 
	... 22 more
[Entering method <com.topcoder.clients.manager.dao.DAOProjectManager.deleteProjectStatus(ProjectStatus status)>; Parameters:{ ParamName<status>; ParamValue: <[ id=0 name=DAOConfigurationException description=null isDeleted=false]>  }  at 2008-08-29 23:59:03.218 ]
[Error occurred in method <com.topcoder.clients.manager.dao.DAOProjectManager.deleteProjectStatus(ProjectStatus status)>, cause by :
com.topcoder.clients.manager.ProjectManagerException: Fail to delete the ProjectStatus, cause by Throw for testing
	at com.topcoder.clients.manager.dao.DAOProjectManager.wrapInnerException(DAOProjectManager.java:351)
	at com.topcoder.clients.manager.dao.DAOProjectManager.deleteProjectStatus(DAOProjectManager.java:1123)
	at com.topcoder.clients.manager.failuretests.TestDAOProjectManagerFailure.testDeleteProjectStatusFailure5(TestDAOProjectManagerFailure.java:2133)
	at sun.reflect.NativeMethodAccessorImpl.invoke0(Native Method)
	at sun.reflect.NativeMethodAccessorImpl.invoke(NativeMethodAccessorImpl.java:39)
	at sun.reflect.DelegatingMethodAccessorImpl.invoke(DelegatingMethodAccessorImpl.java:25)
	at java.lang.reflect.Method.invoke(Method.java:585)
	at junit.framework.TestCase.runTest(TestCase.java:154)
	at junit.framework.TestCase.runBare(TestCase.java:127)
	at junit.framework.TestResult$1.protect(TestResult.java:106)
	at junit.framework.TestResult.runProtected(TestResult.java:124)
	at junit.framework.TestResult.run(TestResult.java:109)
	at junit.framework.TestCase.run(TestCase.java:118)
	at junit.framework.TestSuite.runTest(TestSuite.java:208)
	at junit.framework.TestSuite.run(TestSuite.java:203)
	at junit.framework.TestSuite.runTest(TestSuite.java:208)
	at junit.framework.TestSuite.run(TestSuite.java:203)
	at junit.framework.TestSuite.runTest(TestSuite.java:208)
	at junit.framework.TestSuite.run(TestSuite.java:203)
	at org.apache.tools.ant.taskdefs.optional.junit.JUnitTestRunner.run(JUnitTestRunner.java:421)
	at org.apache.tools.ant.taskdefs.optional.junit.JUnitTestRunner.launch(JUnitTestRunner.java:912)
	at org.apache.tools.ant.taskdefs.optional.junit.JUnitTestRunner.main(JUnitTestRunner.java:766)
Caused by: com.topcoder.clients.dao.DAOConfigurationException: Throw for testing
	at com.topcoder.clients.manager.MockProjectStatusDAO.delete(MockProjectStatusDAO.java:175)
	at com.topcoder.clients.manager.dao.DAOProjectManager.deleteProjectStatus(DAOProjectManager.java:1107)
	... 20 more
Caused by: java.lang.NullPointerException: NPE Raised 
	... 22 more
[Entering method <com.topcoder.clients.manager.dao.DAOClientManager.createClient(Client client)>; Parameters:{ ParamName<client>; ParamValue: <[ id=0 name=client name codeName=null salesTax=0.0 isDeleted=false company=null clientStatus=null]>  }  at 2008-08-29 23:59:03.234 ]
[Exiting method <com.topcoder.clients.manager.dao.DAOClientManager.createClient(Client client)>; Return value:<[ id=1 name=client name codeName=null salesTax=0.0 isDeleted=false company=null clientStatus=null]>]  at 2008-08-29 23:59:03.234
[Entering method <com.topcoder.clients.manager.dao.DAOClientManager.retrieveClient(long id)>; Parameters:{ ParamName<id>; ParamValue: <1>  }  at 2008-08-29 23:59:03.234 ]
[Exiting method <com.topcoder.clients.manager.dao.DAOClientManager.retrieveClient(long id)>; Return value:<[ id=1 name=client name codeName=null salesTax=0.0 isDeleted=false company=null clientStatus=[ id=0 name=test description=desc isDeleted=false&#x5d;&#x5d;&gt;]  at 2008-08-29 23:59:03.234
[Entering method <com.topcoder.clients.manager.dao.DAOClientManager.updateClient(Client client)>; Parameters:{ ParamName<client>; ParamValue: <[ id=1 name=update client name codeName=null salesTax=0.0 isDeleted=false company=null clientStatus=[ id=0 name=test description=desc isDeleted=false&#x5d;&#x5d;&gt;  }  at 2008-08-29 23:59:03.234 ]
[Exiting method <com.topcoder.clients.manager.dao.DAOClientManager.updateClient(Client client)>; Return value:<[ id=1 name=update client name codeName=null salesTax=0.0 isDeleted=false company=null clientStatus=[ id=0 name=test description=desc isDeleted=false&#x5d;&#x5d;&gt;]  at 2008-08-29 23:59:03.234
[Entering method <com.topcoder.clients.manager.dao.DAOClientManager.retrieveClient(long id)>; Parameters:{ ParamName<id>; ParamValue: <1>  }  at 2008-08-29 23:59:03.234 ]
[Exiting method <com.topcoder.clients.manager.dao.DAOClientManager.retrieveClient(long id)>; Return value:<[ id=1 name=client name codeName=null salesTax=0.0 isDeleted=false company=null clientStatus=[ id=0 name=test description=desc isDeleted=false&#x5d;&#x5d;&gt;]  at 2008-08-29 23:59:03.234
[Entering method <com.topcoder.clients.manager.dao.DAOClientManager.deleteClient(Client client)>; Parameters:{ ParamName<client>; ParamValue: <[ id=1 name=client name codeName=null salesTax=0.0 isDeleted=false company=null clientStatus=[ id=0 name=test description=desc isDeleted=false&#x5d;&#x5d;&gt;  }  at 2008-08-29 23:59:03.234 ]
[Exiting method <com.topcoder.clients.manager.dao.DAOClientManager.deleteClient(Client client)>; Return value:<[ id=0 name=client name codeName=null salesTax=0.0 isDeleted=true company=null clientStatus=[ id=0 name=test description=desc isDeleted=false&#x5d;&#x5d;&gt;]  at 2008-08-29 23:59:03.234
[Entering method <com.topcoder.clients.manager.dao.DAOClientManager.retrieveAllClients>; Parameters:{ }  at 2008-08-29 23:59:03.250 ]
[Exiting method <com.topcoder.clients.manager.dao.DAOClientManager.retrieveAllClients>; Return value:<[[ id=1 name=client name codeName=null salesTax=0.0 isDeleted=false company=null clientStatus=[ id=0 name=test description=desc isDeleted=false]] [ id=2 name=client name codeName=null salesTax=0.0 isDeleted=false company=null clientStatus=[ id=0 name=test description=desc isDeleted=false]] [ id=3 name=client name codeName=null salesTax=0.0 isDeleted=false company=null clientStatus=[ id=0 name=test description=desc isDeleted=false]] ]>]  at 2008-08-29 23:59:03.250
[Entering method <com.topcoder.clients.manager.dao.DAOClientManager.searchClientsByName(String name)>; Parameters:{ ParamName<name>; ParamValue: <test>  }  at 2008-08-29 23:59:03.250 ]
[Exiting method <com.topcoder.clients.manager.dao.DAOClientManager.searchClientsByName(String name)>; Return value:<[[ id=10 name=test codeName=null salesTax=0.0 isDeleted=false company=null clientStatus=[ id=0 name=test description=desc isDeleted=false]] ]>]  at 2008-08-29 23:59:03.250
[Entering method <com.topcoder.clients.manager.dao.DAOClientManager.searchClients(Filter filter)>; Parameters:{ ParamName<filter>; ParamValue: <com.topcoder.search.builder.filter.EqualToFilter@ebcdbb>  }  at 2008-08-29 23:59:03.250 ]
[Exiting method <com.topcoder.clients.manager.dao.DAOClientManager.searchClients(Filter filter)>; Return value:<[[ id=1 name=client name codeName=null salesTax=0.0 isDeleted=false company=null clientStatus=[ id=0 name=test description=desc isDeleted=false]] [ id=2 name=client name codeName=null salesTax=0.0 isDeleted=false company=null clientStatus=[ id=0 name=test description=desc isDeleted=false]] ]>]  at 2008-08-29 23:59:03.250
[Entering method <com.topcoder.clients.manager.dao.DAOClientManager.getClientsForStatus(ClientStatus status)>; Parameters:{ ParamName<clientStatus>; ParamValue: <[ id=0 name=test description=desc isDeleted=false]>  }  at 2008-08-29 23:59:03.250 ]
[Exiting method <com.topcoder.clients.manager.dao.DAOClientManager.getClientsForStatus(ClientStatus status)>; Return value:<[[ id=1 name=client name codeName=null salesTax=0.0 isDeleted=false company=null clientStatus=[ id=0 name=test description=desc isDeleted=false]] [ id=3 name=client name codeName=null salesTax=0.0 isDeleted=false company=null clientStatus=[ id=0 name=test description=desc isDeleted=false]] ]>]  at 2008-08-29 23:59:03.250
[Entering method <com.topcoder.clients.manager.dao.DAOClientManager.createClientStatus(ClientStatus status)>; Parameters:{ ParamName<clientStatus>; ParamValue: <[ id=0 name=test description=desc isDeleted=false]>  }  at 2008-08-29 23:59:03.265 ]
[Exiting method <com.topcoder.clients.manager.dao.DAOClientManager.createClientStatus(ClientStatus status)>; Return value:<[ id=10 name=test description=desc isDeleted=false]>]  at 2008-08-29 23:59:03.265
[Entering method <com.topcoder.clients.manager.dao.DAOClientManager.retrieveClient(long id)>; Parameters:{ ParamName<id>; ParamValue: <1>  }  at 2008-08-29 23:59:03.265 ]
[Exiting method <com.topcoder.clients.manager.dao.DAOClientManager.retrieveClient(long id)>; Return value:<[ id=1 name=client name codeName=null salesTax=0.0 isDeleted=false company=null clientStatus=[ id=0 name=test description=desc isDeleted=false&#x5d;&#x5d;&gt;]  at 2008-08-29 23:59:03.265
[Entering method <com.topcoder.clients.manager.dao.DAOClientManager.updateClientStatus(ClientStatus status)>; Parameters:{ ParamName<clientStatus>; ParamValue: <[ id=0 name=update client status name description=desc isDeleted=false]>  }  at 2008-08-29 23:59:03.265 ]
[Exiting method <com.topcoder.clients.manager.dao.DAOClientManager.updateClientStatus(ClientStatus status)>; Return value:<[ id=10 name=update client status name description=desc isDeleted=false]>]  at 2008-08-29 23:59:03.265
[Entering method <com.topcoder.clients.manager.dao.DAOClientManager.retrieveClient(long id)>; Parameters:{ ParamName<id>; ParamValue: <1>  }  at 2008-08-29 23:59:03.265 ]
[Exiting method <com.topcoder.clients.manager.dao.DAOClientManager.retrieveClient(long id)>; Return value:<[ id=1 name=client name codeName=null salesTax=0.0 isDeleted=false company=null clientStatus=[ id=0 name=test description=desc isDeleted=false&#x5d;&#x5d;&gt;]  at 2008-08-29 23:59:03.265
[Entering method <com.topcoder.clients.manager.dao.DAOClientManager.deleteClientStatus(ClientStatus status)>; Parameters:{ ParamName<status>; ParamValue: <[ id=0 name=test description=desc isDeleted=false]>  }  at 2008-08-29 23:59:03.265 ]
[Exiting method <com.topcoder.clients.manager.dao.DAOClientManager.deleteClientStatus(ClientStatus status)>; Return value:<[ id=0 name=test description=desc isDeleted=true]>]  at 2008-08-29 23:59:03.265
[Entering method <com.topcoder.clients.manager.dao.DAOCompanyManager.retrieveAllCompanies>; Parameters:{ }  at 2008-08-29 23:59:03.281 ]
[Exiting method <com.topcoder.clients.manager.dao.DAOCompanyManager.retrieveAllCompanies>; Return value:<[[ id=1 name=company name passcode=passcode isDeleted=false] [ id=2 name=company name passcode=passcode isDeleted=false] [ id=3 name=company name passcode=passcode isDeleted=false] ]>]  at 2008-08-29 23:59:03.281
[Entering method <com.topcoder.clients.manager.dao.DAOCompanyManager.createCompany(Company company)>; Parameters:{ ParamName<company>; ParamValue: <[ id=0 name=company name passcode=passcode isDeleted=false]>  }  at 2008-08-29 23:59:03.296 ]
[Exiting method <com.topcoder.clients.manager.dao.DAOCompanyManager.createCompany(Company company)>; Return value:<[ id=10 name=company name passcode=passcode isDeleted=false]>]  at 2008-08-29 23:59:03.296
[Entering method <com.topcoder.clients.manager.dao.DAOCompanyManager.retrieveCompany(long id)>; Parameters:{ ParamName<id>; ParamValue: <1>  }  at 2008-08-29 23:59:03.296 ]
[Exiting method <com.topcoder.clients.manager.dao.DAOCompanyManager.retrieveCompany(long id)>; Return value:<[ id=1 name=company name passcode=passcode isDeleted=false]>]  at 2008-08-29 23:59:03.296
[Entering method <com.topcoder.clients.manager.dao.DAOCompanyManager.updateCompany(Company company)>; Parameters:{ ParamName<company>; ParamValue: <[ id=1 name=update company name passcode=passcode isDeleted=false]>  }  at 2008-08-29 23:59:03.296 ]
[Exiting method <com.topcoder.clients.manager.dao.DAOCompanyManager.updateCompany(Company company)>; Return value:<[ id=10 name=update company name passcode=passcode isDeleted=false]>]  at 2008-08-29 23:59:03.296
[Entering method <com.topcoder.clients.manager.dao.DAOCompanyManager.retrieveCompany(long id)>; Parameters:{ ParamName<id>; ParamValue: <1>  }  at 2008-08-29 23:59:03.296 ]
[Exiting method <com.topcoder.clients.manager.dao.DAOCompanyManager.retrieveCompany(long id)>; Return value:<[ id=1 name=company name passcode=passcode isDeleted=false]>]  at 2008-08-29 23:59:03.296
[Entering method <com.topcoder.clients.manager.dao.DAOCompanyManager.deleteCompany(Company company)>; Parameters:{ ParamName<company>; ParamValue: <[ id=1 name=company name passcode=passcode isDeleted=false]>  }  at 2008-08-29 23:59:03.296 ]
[Exiting method <com.topcoder.clients.manager.dao.DAOCompanyManager.deleteCompany(Company company)>; Return value:<[ id=1 name=company name passcode=passcode isDeleted=true]>]  at 2008-08-29 23:59:03.296
[Entering method <com.topcoder.clients.manager.dao.DAOCompanyManager.searchCompaniesByName(String name)>; Parameters:{ ParamName<name>; ParamValue: <test>  }  at 2008-08-29 23:59:03.296 ]
[Exiting method <com.topcoder.clients.manager.dao.DAOCompanyManager.searchCompaniesByName(String name)>; Return value:<[[ id=2 name=test passcode=passcode isDeleted=false] ]>]  at 2008-08-29 23:59:03.296
[Entering method <com.topcoder.clients.manager.dao.DAOCompanyManager.searchCompanies(Filter filter)>; Parameters:{ ParamName<filter>; ParamValue: <com.topcoder.search.builder.filter.EqualToFilter@3a1ec6>  }  at 2008-08-29 23:59:03.312 ]
[Exiting method <com.topcoder.clients.manager.dao.DAOCompanyManager.searchCompanies(Filter filter)>; Return value:<[[ id=1 name=company name passcode=passcode isDeleted=false] [ id=3 name=company name passcode=passcode isDeleted=false] ]>]  at 2008-08-29 23:59:03.312
[Entering method <com.topcoder.clients.manager.dao.DAOCompanyManager.getClientsForCompany(Company company)>; Parameters:{ ParamName<company>; ParamValue: <[ id=0 name=company name passcode=passcode isDeleted=false]>  }  at 2008-08-29 23:59:03.312 ]
[Exiting method <com.topcoder.clients.manager.dao.DAOCompanyManager.getClientsForCompany(Company company)>; Return value:<[[ id=1 name=client name codeName=null salesTax=0.0 isDeleted=false company=null clientStatus=[ id=0 name=test description=desc isDeleted=false]] ]>]  at 2008-08-29 23:59:03.312
[Entering method <com.topcoder.clients.manager.dao.DAOCompanyManager.getProjectsForCompany(Company company)>; Parameters:{ ParamName<company>; ParamValue: <[ id=0 name=company name passcode=passcode isDeleted=false]>  }  at 2008-08-29 23:59:03.312 ]
[Exiting method <com.topcoder.clients.manager.dao.DAOCompanyManager.getProjectsForCompany(Company company)>; Return value:<[]>]  at 2008-08-29 23:59:03.312
[Entering method <com.topcoder.clients.manager.dao.DAOProjectManager.createProject(Project project, Client client)>; Parameters:{ ParamName<project>; ParamValue: <[ id=0 name=test description=desc parentProjectId=0 salesTax=0.23 client=null company=null childProjects=null]> , ParamName<client>; ParamValue: <[ id=0 name=client name codeName=null salesTax=0.0 isDeleted=false company=null clientStatus=null]>  }  at 2008-08-29 23:59:03.328 ]
[Exiting method <com.topcoder.clients.manager.dao.DAOProjectManager.createProject(Project project, Client client)>; Return value:<[ id=10 name=test description=desc parentProjectId=0 salesTax=0.23 client=[ id=0 name=client name codeName=null salesTax=0.0 isDeleted=false company=null clientStatus=null] company=null childProjects=null]>]  at 2008-08-29 23:59:03.328
[Entering method <com.topcoder.clients.manager.dao.DAOProjectManager.retrieveProject(long id)>; Parameters:{ ParamName<id>; ParamValue: <1>  }  at 2008-08-29 23:59:03.328 ]
[Entering method <com.topcoder.clients.manager.dao.DAOProjectManager.retrieveProject(long id, boolean includeChildren)>; Parameters:{ ParamName<id>; ParamValue: <1> , ParamName<includeChildren>; ParamValue: <true>  }  at 2008-08-29 23:59:03.328 ]
[Exiting method <com.topcoder.clients.manager.dao.DAOProjectManager.retrieveProject(long id, boolean includeChildren)>; Return value:<[ id=1 name=test description=desc parentProjectId=0 salesTax=0.23 client=null company=null childProjects=null]>]  at 2008-08-29 23:59:03.328
[Exiting method <com.topcoder.clients.manager.dao.DAOProjectManager.retrieveProject(long id)>; Return value:<[ id=1 name=test description=desc parentProjectId=0 salesTax=0.23 client=null company=null childProjects=null]>]  at 2008-08-29 23:59:03.328
[Entering method <com.topcoder.clients.manager.dao.DAOProjectManager.deleteProject(Project project) >; Parameters:{ ParamName<project>; ParamValue: <[ id=1 name=test description=desc parentProjectId=0 salesTax=0.23 client=null company=null childProjects=null]>  }  at 2008-08-29 23:59:03.328 ]
[Exiting method <com.topcoder.clients.manager.dao.DAOProjectManager.deleteProject(Project project) >; Return value:<[ id=1 name=test description=desc parentProjectId=0 salesTax=0.23 client=null company=null childProjects=null]>]  at 2008-08-29 23:59:03.328
[Entering method <com.topcoder.clients.manager.dao.DAOProjectManager. retrieveAllProjects>; Parameters:{ }  at 2008-08-29 23:59:03.328 ]
[Entering method <com.topcoder.clients.manager.dao.DAOProjectManager.retrieveAllProjects(boolean includeChildren)>; Parameters:{ ParamName<includeChildren>; ParamValue: <true>  }  at 2008-08-29 23:59:03.328 ]
[Exiting method <com.topcoder.clients.manager.dao.DAOProjectManager.retrieveAllProjects(boolean includeChildren)>; Return value:<[[ id=1 name=test description=desc parentProjectId=0 salesTax=0.23 client=null company=null childProjects=null] [ id=2 name=test description=desc parentProjectId=0 salesTax=0.23 client=null company=null childProjects=null] [ id=3 name=test description=desc parentProjectId=0 salesTax=0.23 client=null company=null childProjects=null] ]>]  at 2008-08-29 23:59:03.328
[Exiting method <com.topcoder.clients.manager.dao.DAOProjectManager. retrieveAllProjects>; Return value:<[[ id=1 name=test description=desc parentProjectId=0 salesTax=0.23 client=null company=null childProjects=null] [ id=2 name=test description=desc parentProjectId=0 salesTax=0.23 client=null company=null childProjects=null] [ id=3 name=test description=desc parentProjectId=0 salesTax=0.23 client=null company=null childProjects=null] ]>]  at 2008-08-29 23:59:03.328
[Entering method <com.topcoder.clients.manager.dao.DAOProjectManager.searchProjects(Filter filter)>; Parameters:{ ParamName<filter>; ParamValue: <com.topcoder.search.builder.filter.EqualToFilter@10f41e9>  }  at 2008-08-29 23:59:03.343 ]
[Exiting method <com.topcoder.clients.manager.dao.DAOProjectManager.searchProjects(Filter filter)>; Return value:<[[ id=1 name=test description=desc parentProjectId=0 salesTax=0.23 client=null company=null childProjects=null] [ id=3 name=test description=desc parentProjectId=0 salesTax=0.23 client=null company=null childProjects=null] ]>]  at 2008-08-29 23:59:03.343
[Entering method <com.topcoder.clients.manager.dao.DAOProjectManager.getProjectsForStatus(ProjectStatus status)>; Parameters:{ ParamName<status>; ParamValue: <[ id=0 name=test description=desc isDeleted=false]>  }  at 2008-08-29 23:59:03.343 ]
[Exiting method <com.topcoder.clients.manager.dao.DAOProjectManager.getProjectsForStatus(ProjectStatus status)>; Return value:<[[ id=1 name=test description=desc parentProjectId=0 salesTax=0.23 client=null company=null childProjects=null] [ id=3 name=test description=desc parentProjectId=0 salesTax=0.23 client=null company=null childProjects=null] ]>]  at 2008-08-29 23:59:03.343
[Entering method <com.topcoder.clients.manager.dao.DAOProjectManager.createProjectStatus(ProjectStatus status)>; Parameters:{ ParamName<status>; ParamValue: <[ id=0 name=test description=desc isDeleted=false]>  }  at 2008-08-29 23:59:03.343 ]
[Exiting method <com.topcoder.clients.manager.dao.DAOProjectManager.createProjectStatus(ProjectStatus status)>; Return value:<[ id=10 name=test description=desc isDeleted=false]>]  at 2008-08-29 23:59:03.343
[Entering method <com.topcoder.clients.manager.dao.DAOProjectManager.retrieveProject(long id)>; Parameters:{ ParamName<id>; ParamValue: <1>  }  at 2008-08-29 23:59:03.343 ]
[Entering method <com.topcoder.clients.manager.dao.DAOProjectManager.retrieveProject(long id, boolean includeChildren)>; Parameters:{ ParamName<id>; ParamValue: <1> , ParamName<includeChildren>; ParamValue: <true>  }  at 2008-08-29 23:59:03.343 ]
[Exiting method <com.topcoder.clients.manager.dao.DAOProjectManager.retrieveProject(long id, boolean includeChildren)>; Return value:<[ id=1 name=test description=desc parentProjectId=0 salesTax=0.23 client=null company=null childProjects=null]>]  at 2008-08-29 23:59:03.343
[Exiting method <com.topcoder.clients.manager.dao.DAOProjectManager.retrieveProject(long id)>; Return value:<[ id=1 name=test description=desc parentProjectId=0 salesTax=0.23 client=null company=null childProjects=null]>]  at 2008-08-29 23:59:03.343
[Entering method <com.topcoder.clients.manager.dao.DAOProjectManager.updateProjectStatus(ProjectStatus status)>; Parameters:{ ParamName<status>; ParamValue: <[ id=1 name=update project status name description=desc isDeleted=false]>  }  at 2008-08-29 23:59:03.343 ]
[Exiting method <com.topcoder.clients.manager.dao.DAOProjectManager.updateProjectStatus(ProjectStatus status)>; Return value:<[ id=10 name=update project status name description=desc isDeleted=false]>]  at 2008-08-29 23:59:03.343
[Entering method <com.topcoder.clients.manager.dao.DAOProjectManager.retrieveProject(long id)>; Parameters:{ ParamName<id>; ParamValue: <1>  }  at 2008-08-29 23:59:03.359 ]
[Entering method <com.topcoder.clients.manager.dao.DAOProjectManager.retrieveProject(long id, boolean includeChildren)>; Parameters:{ ParamName<id>; ParamValue: <1> , ParamName<includeChildren>; ParamValue: <true>  }  at 2008-08-29 23:59:03.359 ]
[Exiting method <com.topcoder.clients.manager.dao.DAOProjectManager.retrieveProject(long id, boolean includeChildren)>; Return value:<[ id=1 name=test description=desc parentProjectId=0 salesTax=0.23 client=null company=null childProjects=null]>]  at 2008-08-29 23:59:03.359
[Exiting method <com.topcoder.clients.manager.dao.DAOProjectManager.retrieveProject(long id)>; Return value:<[ id=1 name=test description=desc parentProjectId=0 salesTax=0.23 client=null company=null childProjects=null]>]  at 2008-08-29 23:59:03.359
[Entering method <com.topcoder.clients.manager.dao.DAOProjectManager.deleteProjectStatus(ProjectStatus status)>; Parameters:{ ParamName<status>; ParamValue: <[ id=1 name=test description=desc isDeleted=false]>  }  at 2008-08-29 23:59:03.359 ]
[Exiting method <com.topcoder.clients.manager.dao.DAOProjectManager.deleteProjectStatus(ProjectStatus status)>; Return value:<[ id=1 name=test description=desc isDeleted=true]>]  at 2008-08-29 23:59:03.359
[Entering method <com.topcoder.clients.manager.dao.DAOProjectManager.retrieveProject(long id)>; Parameters:{ ParamName<id>; ParamValue: <1>  }  at 2008-08-29 23:59:03.375 ]
[Entering method <com.topcoder.clients.manager.dao.DAOProjectManager.retrieveProject(long id, boolean includeChildren)>; Parameters:{ ParamName<id>; ParamValue: <1> , ParamName<includeChildren>; ParamValue: <true>  }  at 2008-08-29 23:59:03.375 ]
[Exiting method <com.topcoder.clients.manager.dao.DAOProjectManager.retrieveProject(long id, boolean includeChildren)>; Return value:<[ id=1 name=test description=desc parentProjectId=0 salesTax=0.23 client=null company=null childProjects=null]>]  at 2008-08-29 23:59:03.375
[Exiting method <com.topcoder.clients.manager.dao.DAOProjectManager.retrieveProject(long id)>; Return value:<[ id=1 name=test description=desc parentProjectId=0 salesTax=0.23 client=null company=null childProjects=null]>]  at 2008-08-29 23:59:03.375
[Entering method <com.topcoder.clients.manager.dao.DAOProjectManager.updateProject(Project project)>; Parameters:{ ParamName<project>; ParamValue: <[ id=1 name=update project name description=desc parentProjectId=0 salesTax=0.23 client=null company=null childProjects=null]>  }  at 2008-08-29 23:59:03.375 ]
[Exiting method <com.topcoder.clients.manager.dao.DAOProjectManager.updateProject(Project project)>; Return value:<[ id=10 name=update project name description=desc parentProjectId=0 salesTax=0.23 client=null company=null childProjects=null]>]  at 2008-08-29 23:59:03.375
[Entering method <com.topcoder.clients.manager.dao.DAOProjectManager.retrieveProjectsForClient(Client client)>; Parameters:{ ParamName<client>; ParamValue: <[ id=0 name=client name codeName=null salesTax=0.0 isDeleted=false company=null clientStatus=null]>  }  at 2008-08-29 23:59:03.375 ]
[Entering method <com.topcoder.clients.manager.dao.DAOProjectManager.retrieveProjectsForClient(Client client, boolean includeChildren)>; Parameters:{ ParamName<client>; ParamValue: <[ id=0 name=client name codeName=null salesTax=0.0 isDeleted=false company=null clientStatus=null]> , ParamName<includeChildren>; ParamValue: <true>  }  at 2008-08-29 23:59:03.375 ]
[Entering method <com.topcoder.clients.manager.dao.DAOProjectManager.retrieveProject(long id)>; Parameters:{ ParamName<id>; ParamValue: <1>  }  at 2008-08-29 23:59:03.375 ]
[Entering method <com.topcoder.clients.manager.dao.DAOProjectManager.retrieveProject(long id, boolean includeChildren)>; Parameters:{ ParamName<id>; ParamValue: <1> , ParamName<includeChildren>; ParamValue: <true>  }  at 2008-08-29 23:59:03.375 ]
[Exiting method <com.topcoder.clients.manager.dao.DAOProjectManager.retrieveProject(long id, boolean includeChildren)>; Return value:<[ id=1 name=test description=desc parentProjectId=0 salesTax=0.23 client=null company=null childProjects=null]>]  at 2008-08-29 23:59:03.375
[Exiting method <com.topcoder.clients.manager.dao.DAOProjectManager.retrieveProject(long id)>; Return value:<[ id=1 name=test description=desc parentProjectId=0 salesTax=0.23 client=null company=null childProjects=null]>]  at 2008-08-29 23:59:03.375
[Entering method <com.topcoder.clients.manager.dao.DAOProjectManager.retrieveProject(long id)>; Parameters:{ ParamName<id>; ParamValue: <3>  }  at 2008-08-29 23:59:03.375 ]
[Entering method <com.topcoder.clients.manager.dao.DAOProjectManager.retrieveProject(long id, boolean includeChildren)>; Parameters:{ ParamName<id>; ParamValue: <3> , ParamName<includeChildren>; ParamValue: <true>  }  at 2008-08-29 23:59:03.375 ]
[Exiting method <com.topcoder.clients.manager.dao.DAOProjectManager.retrieveProject(long id, boolean includeChildren)>; Return value:<[ id=3 name=test description=desc parentProjectId=0 salesTax=0.23 client=null company=null childProjects=null]>]  at 2008-08-29 23:59:03.375
[Exiting method <com.topcoder.clients.manager.dao.DAOProjectManager.retrieveProject(long id)>; Return value:<[ id=3 name=test description=desc parentProjectId=0 salesTax=0.23 client=null company=null childProjects=null]>]  at 2008-08-29 23:59:03.375
[Exiting method <com.topcoder.clients.manager.dao.DAOProjectManager.retrieveProjectsForClient(Client client, boolean includeChildren)>; Return value:<[[ id=1 name=test description=desc parentProjectId=0 salesTax=0.23 client=null company=null childProjects=null] [ id=3 name=test description=desc parentProjectId=0 salesTax=0.23 client=null company=null childProjects=null] ]>]  at 2008-08-29 23:59:03.375
[Exiting method <com.topcoder.clients.manager.dao.DAOProjectManager.retrieveProjectsForClient(Client client)>; Return value:<[[ id=1 name=test description=desc parentProjectId=0 salesTax=0.23 client=null company=null childProjects=null] [ id=3 name=test description=desc parentProjectId=0 salesTax=0.23 client=null company=null childProjects=null] ]>]  at 2008-08-29 23:59:03.375
[Entering method <com.topcoder.clients.manager.dao.DAOProjectManager.searchProjectsByName(String name)>; Parameters:{ ParamName<name>; ParamValue: <test>  }  at 2008-08-29 23:59:03.375 ]
[Exiting method <com.topcoder.clients.manager.dao.DAOProjectManager.searchProjectsByName(String name)>; Return value:<[[ id=3 name=test description=desc parentProjectId=0 salesTax=0.23 client=null company=null childProjects=null] ]>]  at 2008-08-29 23:59:03.375
[Entering method <com.topcoder.clients.manager.dao.DAOClientManager.getClientStatus(long id)>; Parameters:{ ParamName<id>; ParamValue: <3>  }  at 2008-08-29 23:59:03.390 ]
[Exiting method <com.topcoder.clients.manager.dao.DAOClientManager.getClientStatus(long id)>; Return value:<[ id=3 name=client status description=des isDeleted=false]>]  at 2008-08-29 23:59:03.390
[Entering method <com.topcoder.clients.manager.dao.DAOClientManager.getClientStatus(long id)>; Parameters:{ ParamName<id>; ParamValue: <3>  }  at 2008-08-29 23:59:03.390 ]
[Exiting method <com.topcoder.clients.manager.dao.DAOClientManager.getClientStatus(long id)>; Return value:<[ id=3 name=client status description=des isDeleted=false]>]  at 2008-08-29 23:59:03.390
[Entering method <com.topcoder.clients.manager.dao.DAOClientManager.getClientStatus(long id)>; Parameters:{ ParamName<id>; ParamValue: <3>  }  at 2008-08-29 23:59:03.390 ]
[Exiting method <com.topcoder.clients.manager.dao.DAOClientManager.getClientStatus(long id)>; Return value:<[ id=3 name=client status description=des isDeleted=false]>]  at 2008-08-29 23:59:03.390
[Entering method <com.topcoder.clients.manager.dao.DAOClientManager.getClientStatus(long id)>; Parameters:{ ParamName<id>; ParamValue: <3>  }  at 2008-08-29 23:59:03.390 ]
[Exiting method <com.topcoder.clients.manager.dao.DAOClientManager.getClientStatus(long id)>; Return value:<[ id=3 name=client status description=des isDeleted=false]>]  at 2008-08-29 23:59:03.390
[Entering method <com.topcoder.clients.manager.dao.DAOClientManager.getClientStatus(long id)>; Parameters:{ ParamName<id>; ParamValue: <3>  }  at 2008-08-29 23:59:03.390 ]
[Exiting method <com.topcoder.clients.manager.dao.DAOClientManager.getClientStatus(long id)>; Return value:<[ id=3 name=client status description=des isDeleted=false]>]  at 2008-08-29 23:59:03.390
[Entering method <com.topcoder.clients.manager.dao.DAOClientManager.getClientStatus(long id)>; Parameters:{ ParamName<id>; ParamValue: <3>  }  at 2008-08-29 23:59:03.390 ]
[Exiting method <com.topcoder.clients.manager.dao.DAOClientManager.getClientStatus(long id)>; Return value:<[ id=3 name=client status description=des isDeleted=false]>]  at 2008-08-29 23:59:03.390
[Entering method <com.topcoder.clients.manager.dao.DAOClientManager.getClientStatus(long id)>; Parameters:{ ParamName<id>; ParamValue: <3>  }  at 2008-08-29 23:59:03.390 ]
[Exiting method <com.topcoder.clients.manager.dao.DAOClientManager.getClientStatus(long id)>; Return value:<[ id=3 name=client status description=des isDeleted=false]>]  at 2008-08-29 23:59:03.390
[Entering method <com.topcoder.clients.manager.dao.DAOClientManager.getClientStatus(long id)>; Parameters:{ ParamName<id>; ParamValue: <3>  }  at 2008-08-29 23:59:03.390 ]
[Exiting method <com.topcoder.clients.manager.dao.DAOClientManager.getClientStatus(long id)>; Return value:<[ id=3 name=client status description=des isDeleted=false]>]  at 2008-08-29 23:59:03.390
[Entering method <com.topcoder.clients.manager.dao.DAOClientManager.getClientStatus(long id)>; Parameters:{ ParamName<id>; ParamValue: <3>  }  at 2008-08-29 23:59:03.390 ]
[Exiting method <com.topcoder.clients.manager.dao.DAOClientManager.getClientStatus(long id)>; Return value:<[ id=3 name=client status description=des isDeleted=false]>]  at 2008-08-29 23:59:03.390
[Entering method <com.topcoder.clients.manager.dao.DAOClientManager.getClientStatus(long id)>; Parameters:{ ParamName<id>; ParamValue: <3>  }  at 2008-08-29 23:59:03.390 ]
[Exiting method <com.topcoder.clients.manager.dao.DAOClientManager.getClientStatus(long id)>; Return value:<[ id=3 name=client status description=des isDeleted=false]>]  at 2008-08-29 23:59:03.390
retrieve took 0 ms
[Entering method <com.topcoder.clients.manager.dao.DAOClientManager.createClient(Client client)>; Parameters:{ ParamName<client>; ParamValue: <[ id=1 name=client codeName=null salesTax=0.0 isDeleted=false company=null clientStatus=null]>  }  at 2008-08-29 23:59:03.390 ]
[Exiting method <com.topcoder.clients.manager.dao.DAOClientManager.createClient(Client client)>; Return value:<[ id=148 name=client codeName=null salesTax=0.0 isDeleted=false company=null clientStatus=null]>]  at 2008-08-29 23:59:03.390
[Entering method <com.topcoder.clients.manager.dao.DAOClientManager.createClient(Client client)>; Parameters:{ ParamName<client>; ParamValue: <[ id=1 name=client codeName=null salesTax=0.0 isDeleted=false company=null clientStatus=null]>  }  at 2008-08-29 23:59:03.390 ]
[Exiting method <com.topcoder.clients.manager.dao.DAOClientManager.createClient(Client client)>; Return value:<[ id=149 name=client codeName=null salesTax=0.0 isDeleted=false company=null clientStatus=null]>]  at 2008-08-29 23:59:03.390
[Entering method <com.topcoder.clients.manager.dao.DAOClientManager.createClient(Client client)>; Parameters:{ ParamName<client>; ParamValue: <[ id=1 name=client codeName=null salesTax=0.0 isDeleted=false company=null clientStatus=null]>  }  at 2008-08-29 23:59:03.390 ]
[Exiting method <com.topcoder.clients.manager.dao.DAOClientManager.createClient(Client client)>; Return value:<[ id=150 name=client codeName=null salesTax=0.0 isDeleted=false company=null clientStatus=null]>]  at 2008-08-29 23:59:03.390
[Entering method <com.topcoder.clients.manager.dao.DAOClientManager.createClient(Client client)>; Parameters:{ ParamName<client>; ParamValue: <[ id=1 name=client codeName=null salesTax=0.0 isDeleted=false company=null clientStatus=null]>  }  at 2008-08-29 23:59:03.390 ]
[Exiting method <com.topcoder.clients.manager.dao.DAOClientManager.createClient(Client client)>; Return value:<[ id=151 name=client codeName=null salesTax=0.0 isDeleted=false company=null clientStatus=null]>]  at 2008-08-29 23:59:03.390
[Entering method <com.topcoder.clients.manager.dao.DAOClientManager.createClient(Client client)>; Parameters:{ ParamName<client>; ParamValue: <[ id=1 name=client codeName=null salesTax=0.0 isDeleted=false company=null clientStatus=null]>  }  at 2008-08-29 23:59:03.390 ]
[Exiting method <com.topcoder.clients.manager.dao.DAOClientManager.createClient(Client client)>; Return value:<[ id=152 name=client codeName=null salesTax=0.0 isDeleted=false company=null clientStatus=null]>]  at 2008-08-29 23:59:03.390
[Entering method <com.topcoder.clients.manager.dao.DAOClientManager.createClient(Client client)>; Parameters:{ ParamName<client>; ParamValue: <[ id=1 name=client codeName=null salesTax=0.0 isDeleted=false company=null clientStatus=null]>  }  at 2008-08-29 23:59:03.390 ]
[Exiting method <com.topcoder.clients.manager.dao.DAOClientManager.createClient(Client client)>; Return value:<[ id=153 name=client codeName=null salesTax=0.0 isDeleted=false company=null clientStatus=null]>]  at 2008-08-29 23:59:03.390
[Entering method <com.topcoder.clients.manager.dao.DAOClientManager.createClient(Client client)>; Parameters:{ ParamName<client>; ParamValue: <[ id=1 name=client codeName=null salesTax=0.0 isDeleted=false company=null clientStatus=null]>  }  at 2008-08-29 23:59:03.390 ]
[Exiting method <com.topcoder.clients.manager.dao.DAOClientManager.createClient(Client client)>; Return value:<[ id=154 name=client codeName=null salesTax=0.0 isDeleted=false company=null clientStatus=null]>]  at 2008-08-29 23:59:03.390
[Entering method <com.topcoder.clients.manager.dao.DAOClientManager.createClient(Client client)>; Parameters:{ ParamName<client>; ParamValue: <[ id=1 name=client codeName=null salesTax=0.0 isDeleted=false company=null clientStatus=null]>  }  at 2008-08-29 23:59:03.390 ]
[Exiting method <com.topcoder.clients.manager.dao.DAOClientManager.createClient(Client client)>; Return value:<[ id=155 name=client codeName=null salesTax=0.0 isDeleted=false company=null clientStatus=null]>]  at 2008-08-29 23:59:03.390
[Entering method <com.topcoder.clients.manager.dao.DAOClientManager.createClient(Client client)>; Parameters:{ ParamName<client>; ParamValue: <[ id=1 name=client codeName=null salesTax=0.0 isDeleted=false company=null clientStatus=null]>  }  at 2008-08-29 23:59:03.390 ]
[Exiting method <com.topcoder.clients.manager.dao.DAOClientManager.createClient(Client client)>; Return value:<[ id=156 name=client codeName=null salesTax=0.0 isDeleted=false company=null clientStatus=null]>]  at 2008-08-29 23:59:03.390
[Entering method <com.topcoder.clients.manager.dao.DAOClientManager.createClient(Client client)>; Parameters:{ ParamName<client>; ParamValue: <[ id=1 name=client codeName=null salesTax=0.0 isDeleted=false company=null clientStatus=null]>  }  at 2008-08-29 23:59:03.390 ]
[Exiting method <com.topcoder.clients.manager.dao.DAOClientManager.createClient(Client client)>; Return value:<[ id=157 name=client codeName=null salesTax=0.0 isDeleted=false company=null clientStatus=null]>]  at 2008-08-29 23:59:03.390
retrieve took 0 ms
[Entering method <com.topcoder.clients.manager.dao.DAOClientManager.deleteClient(Client client)>; Parameters:{ ParamName<client>; ParamValue: <[ id=1 name=client codeName=null salesTax=0.0 isDeleted=false company=null clientStatus=null]>  }  at 2008-08-29 23:59:03.390 ]
[Exiting method <com.topcoder.clients.manager.dao.DAOClientManager.deleteClient(Client client)>; Return value:<[ id=1 name=client codeName=null salesTax=0.0 isDeleted=true company=null clientStatus=null]>]  at 2008-08-29 23:59:03.390
[Entering method <com.topcoder.clients.manager.dao.DAOClientManager.deleteClient(Client client)>; Parameters:{ ParamName<client>; ParamValue: <[ id=1 name=client codeName=null salesTax=0.0 isDeleted=false company=null clientStatus=null]>  }  at 2008-08-29 23:59:03.390 ]
[Exiting method <com.topcoder.clients.manager.dao.DAOClientManager.deleteClient(Client client)>; Return value:<[ id=1 name=client codeName=null salesTax=0.0 isDeleted=true company=null clientStatus=null]>]  at 2008-08-29 23:59:03.390
[Entering method <com.topcoder.clients.manager.dao.DAOClientManager.deleteClient(Client client)>; Parameters:{ ParamName<client>; ParamValue: <[ id=1 name=client codeName=null salesTax=0.0 isDeleted=false company=null clientStatus=null]>  }  at 2008-08-29 23:59:03.390 ]
[Exiting method <com.topcoder.clients.manager.dao.DAOClientManager.deleteClient(Client client)>; Return value:<[ id=1 name=client codeName=null salesTax=0.0 isDeleted=true company=null clientStatus=null]>]  at 2008-08-29 23:59:03.390
[Entering method <com.topcoder.clients.manager.dao.DAOClientManager.deleteClient(Client client)>; Parameters:{ ParamName<client>; ParamValue: <[ id=1 name=client codeName=null salesTax=0.0 isDeleted=false company=null clientStatus=null]>  }  at 2008-08-29 23:59:03.390 ]
[Exiting method <com.topcoder.clients.manager.dao.DAOClientManager.deleteClient(Client client)>; Return value:<[ id=1 name=client codeName=null salesTax=0.0 isDeleted=true company=null clientStatus=null]>]  at 2008-08-29 23:59:03.390
[Entering method <com.topcoder.clients.manager.dao.DAOClientManager.deleteClient(Client client)>; Parameters:{ ParamName<client>; ParamValue: <[ id=1 name=client codeName=null salesTax=0.0 isDeleted=false company=null clientStatus=null]>  }  at 2008-08-29 23:59:03.390 ]
[Exiting method <com.topcoder.clients.manager.dao.DAOClientManager.deleteClient(Client client)>; Return value:<[ id=1 name=client codeName=null salesTax=0.0 isDeleted=true company=null clientStatus=null]>]  at 2008-08-29 23:59:03.390
[Entering method <com.topcoder.clients.manager.dao.DAOClientManager.deleteClient(Client client)>; Parameters:{ ParamName<client>; ParamValue: <[ id=1 name=client codeName=null salesTax=0.0 isDeleted=false company=null clientStatus=null]>  }  at 2008-08-29 23:59:03.390 ]
[Exiting method <com.topcoder.clients.manager.dao.DAOClientManager.deleteClient(Client client)>; Return value:<[ id=1 name=client codeName=null salesTax=0.0 isDeleted=true company=null clientStatus=null]>]  at 2008-08-29 23:59:03.390
[Entering method <com.topcoder.clients.manager.dao.DAOClientManager.deleteClient(Client client)>; Parameters:{ ParamName<client>; ParamValue: <[ id=1 name=client codeName=null salesTax=0.0 isDeleted=false company=null clientStatus=null]>  }  at 2008-08-29 23:59:03.390 ]
[Exiting method <com.topcoder.clients.manager.dao.DAOClientManager.deleteClient(Client client)>; Return value:<[ id=1 name=client codeName=null salesTax=0.0 isDeleted=true company=null clientStatus=null]>]  at 2008-08-29 23:59:03.390
[Entering method <com.topcoder.clients.manager.dao.DAOClientManager.deleteClient(Client client)>; Parameters:{ ParamName<client>; ParamValue: <[ id=1 name=client codeName=null salesTax=0.0 isDeleted=false company=null clientStatus=null]>  }  at 2008-08-29 23:59:03.390 ]
[Exiting method <com.topcoder.clients.manager.dao.DAOClientManager.deleteClient(Client client)>; Return value:<[ id=1 name=client codeName=null salesTax=0.0 isDeleted=true company=null clientStatus=null]>]  at 2008-08-29 23:59:03.390
[Entering method <com.topcoder.clients.manager.dao.DAOClientManager.deleteClient(Client client)>; Parameters:{ ParamName<client>; ParamValue: <[ id=1 name=client codeName=null salesTax=0.0 isDeleted=false company=null clientStatus=null]>  }  at 2008-08-29 23:59:03.390 ]
[Exiting method <com.topcoder.clients.manager.dao.DAOClientManager.deleteClient(Client client)>; Return value:<[ id=1 name=client codeName=null salesTax=0.0 isDeleted=true company=null clientStatus=null]>]  at 2008-08-29 23:59:03.390
[Entering method <com.topcoder.clients.manager.dao.DAOClientManager.deleteClient(Client client)>; Parameters:{ ParamName<client>; ParamValue: <[ id=1 name=client codeName=null salesTax=0.0 isDeleted=false company=null clientStatus=null]>  }  at 2008-08-29 23:59:03.390 ]
[Exiting method <com.topcoder.clients.manager.dao.DAOClientManager.deleteClient(Client client)>; Return value:<[ id=1 name=client codeName=null salesTax=0.0 isDeleted=true company=null clientStatus=null]>]  at 2008-08-29 23:59:03.390
retrieve took 0 ms
[Entering method <com.topcoder.clients.manager.dao.DAOClientManager.retrieveAllClients>; Parameters:{ }  at 2008-08-29 23:59:03.406 ]
[Exiting method <com.topcoder.clients.manager.dao.DAOClientManager.retrieveAllClients>; Return value:<[[ id=1 name=client codeName=null salesTax=0.0 isDeleted=false company=null clientStatus=null] ]>]  at 2008-08-29 23:59:03.406
[Entering method <com.topcoder.clients.manager.dao.DAOClientManager.retrieveAllClients>; Parameters:{ }  at 2008-08-29 23:59:03.406 ]
[Exiting method <com.topcoder.clients.manager.dao.DAOClientManager.retrieveAllClients>; Return value:<[[ id=1 name=client codeName=null salesTax=0.0 isDeleted=false company=null clientStatus=null] ]>]  at 2008-08-29 23:59:03.406
[Entering method <com.topcoder.clients.manager.dao.DAOClientManager.retrieveAllClients>; Parameters:{ }  at 2008-08-29 23:59:03.406 ]
[Exiting method <com.topcoder.clients.manager.dao.DAOClientManager.retrieveAllClients>; Return value:<[[ id=1 name=client codeName=null salesTax=0.0 isDeleted=false company=null clientStatus=null] ]>]  at 2008-08-29 23:59:03.406
[Entering method <com.topcoder.clients.manager.dao.DAOClientManager.retrieveAllClients>; Parameters:{ }  at 2008-08-29 23:59:03.406 ]
[Exiting method <com.topcoder.clients.manager.dao.DAOClientManager.retrieveAllClients>; Return value:<[[ id=1 name=client codeName=null salesTax=0.0 isDeleted=false company=null clientStatus=null] ]>]  at 2008-08-29 23:59:03.406
[Entering method <com.topcoder.clients.manager.dao.DAOClientManager.retrieveAllClients>; Parameters:{ }  at 2008-08-29 23:59:03.406 ]
[Exiting method <com.topcoder.clients.manager.dao.DAOClientManager.retrieveAllClients>; Return value:<[[ id=1 name=client codeName=null salesTax=0.0 isDeleted=false company=null clientStatus=null] ]>]  at 2008-08-29 23:59:03.406
[Entering method <com.topcoder.clients.manager.dao.DAOClientManager.retrieveAllClients>; Parameters:{ }  at 2008-08-29 23:59:03.406 ]
[Exiting method <com.topcoder.clients.manager.dao.DAOClientManager.retrieveAllClients>; Return value:<[[ id=1 name=client codeName=null salesTax=0.0 isDeleted=false company=null clientStatus=null] ]>]  at 2008-08-29 23:59:03.406
[Entering method <com.topcoder.clients.manager.dao.DAOClientManager.retrieveAllClients>; Parameters:{ }  at 2008-08-29 23:59:03.406 ]
[Exiting method <com.topcoder.clients.manager.dao.DAOClientManager.retrieveAllClients>; Return value:<[[ id=1 name=client codeName=null salesTax=0.0 isDeleted=false company=null clientStatus=null] ]>]  at 2008-08-29 23:59:03.406
[Entering method <com.topcoder.clients.manager.dao.DAOClientManager.retrieveAllClients>; Parameters:{ }  at 2008-08-29 23:59:03.406 ]
[Exiting method <com.topcoder.clients.manager.dao.DAOClientManager.retrieveAllClients>; Return value:<[[ id=1 name=client codeName=null salesTax=0.0 isDeleted=false company=null clientStatus=null] ]>]  at 2008-08-29 23:59:03.406
[Entering method <com.topcoder.clients.manager.dao.DAOClientManager.retrieveAllClients>; Parameters:{ }  at 2008-08-29 23:59:03.406 ]
[Exiting method <com.topcoder.clients.manager.dao.DAOClientManager.retrieveAllClients>; Return value:<[[ id=1 name=client codeName=null salesTax=0.0 isDeleted=false company=null clientStatus=null] ]>]  at 2008-08-29 23:59:03.406
[Entering method <com.topcoder.clients.manager.dao.DAOClientManager.retrieveAllClients>; Parameters:{ }  at 2008-08-29 23:59:03.406 ]
[Exiting method <com.topcoder.clients.manager.dao.DAOClientManager.retrieveAllClients>; Return value:<[[ id=1 name=client codeName=null salesTax=0.0 isDeleted=false company=null clientStatus=null] ]>]  at 2008-08-29 23:59:03.406
retrieve took 0 ms
[Entering method <com.topcoder.clients.manager.dao.DAOClientManager.searchClientsByName(String name)>; Parameters:{ ParamName<name>; ParamValue: <client>  }  at 2008-08-29 23:59:03.406 ]
[Exiting method <com.topcoder.clients.manager.dao.DAOClientManager.searchClientsByName(String name)>; Return value:<[[ id=1 name=client codeName=null salesTax=0.0 isDeleted=false company=null clientStatus=null] ]>]  at 2008-08-29 23:59:03.406
[Entering method <com.topcoder.clients.manager.dao.DAOClientManager.searchClientsByName(String name)>; Parameters:{ ParamName<name>; ParamValue: <client>  }  at 2008-08-29 23:59:03.406 ]
[Exiting method <com.topcoder.clients.manager.dao.DAOClientManager.searchClientsByName(String name)>; Return value:<[[ id=1 name=client codeName=null salesTax=0.0 isDeleted=false company=null clientStatus=null] ]>]  at 2008-08-29 23:59:03.406
[Entering method <com.topcoder.clients.manager.dao.DAOClientManager.searchClientsByName(String name)>; Parameters:{ ParamName<name>; ParamValue: <client>  }  at 2008-08-29 23:59:03.406 ]
[Exiting method <com.topcoder.clients.manager.dao.DAOClientManager.searchClientsByName(String name)>; Return value:<[[ id=1 name=client codeName=null salesTax=0.0 isDeleted=false company=null clientStatus=null] ]>]  at 2008-08-29 23:59:03.406
[Entering method <com.topcoder.clients.manager.dao.DAOClientManager.searchClientsByName(String name)>; Parameters:{ ParamName<name>; ParamValue: <client>  }  at 2008-08-29 23:59:03.406 ]
[Exiting method <com.topcoder.clients.manager.dao.DAOClientManager.searchClientsByName(String name)>; Return value:<[[ id=1 name=client codeName=null salesTax=0.0 isDeleted=false company=null clientStatus=null] ]>]  at 2008-08-29 23:59:03.406
[Entering method <com.topcoder.clients.manager.dao.DAOClientManager.searchClientsByName(String name)>; Parameters:{ ParamName<name>; ParamValue: <client>  }  at 2008-08-29 23:59:03.406 ]
[Exiting method <com.topcoder.clients.manager.dao.DAOClientManager.searchClientsByName(String name)>; Return value:<[[ id=1 name=client codeName=null salesTax=0.0 isDeleted=false company=null clientStatus=null] ]>]  at 2008-08-29 23:59:03.406
[Entering method <com.topcoder.clients.manager.dao.DAOClientManager.searchClientsByName(String name)>; Parameters:{ ParamName<name>; ParamValue: <client>  }  at 2008-08-29 23:59:03.406 ]
[Exiting method <com.topcoder.clients.manager.dao.DAOClientManager.searchClientsByName(String name)>; Return value:<[[ id=1 name=client codeName=null salesTax=0.0 isDeleted=false company=null clientStatus=null] ]>]  at 2008-08-29 23:59:03.406
[Entering method <com.topcoder.clients.manager.dao.DAOClientManager.searchClientsByName(String name)>; Parameters:{ ParamName<name>; ParamValue: <client>  }  at 2008-08-29 23:59:03.406 ]
[Exiting method <com.topcoder.clients.manager.dao.DAOClientManager.searchClientsByName(String name)>; Return value:<[[ id=1 name=client codeName=null salesTax=0.0 isDeleted=false company=null clientStatus=null] ]>]  at 2008-08-29 23:59:03.406
[Entering method <com.topcoder.clients.manager.dao.DAOClientManager.searchClientsByName(String name)>; Parameters:{ ParamName<name>; ParamValue: <client>  }  at 2008-08-29 23:59:03.406 ]
[Exiting method <com.topcoder.clients.manager.dao.DAOClientManager.searchClientsByName(String name)>; Return value:<[[ id=1 name=client codeName=null salesTax=0.0 isDeleted=false company=null clientStatus=null] ]>]  at 2008-08-29 23:59:03.406
[Entering method <com.topcoder.clients.manager.dao.DAOClientManager.searchClientsByName(String name)>; Parameters:{ ParamName<name>; ParamValue: <client>  }  at 2008-08-29 23:59:03.406 ]
[Exiting method <com.topcoder.clients.manager.dao.DAOClientManager.searchClientsByName(String name)>; Return value:<[[ id=1 name=client codeName=null salesTax=0.0 isDeleted=false company=null clientStatus=null] ]>]  at 2008-08-29 23:59:03.406
[Entering method <com.topcoder.clients.manager.dao.DAOClientManager.searchClientsByName(String name)>; Parameters:{ ParamName<name>; ParamValue: <client>  }  at 2008-08-29 23:59:03.406 ]
[Exiting method <com.topcoder.clients.manager.dao.DAOClientManager.searchClientsByName(String name)>; Return value:<[[ id=1 name=client codeName=null salesTax=0.0 isDeleted=false company=null clientStatus=null] ]>]  at 2008-08-29 23:59:03.406
retrieve took 0 ms
[Entering method <com.topcoder.clients.manager.dao.DAOClientManager.searchClients(Filter filter)>; Parameters:{ ParamName<filter>; ParamValue: <com.topcoder.search.builder.filter.EqualToFilter@e3849c>  }  at 2008-08-29 23:59:03.406 ]
[Exiting method <com.topcoder.clients.manager.dao.DAOClientManager.searchClients(Filter filter)>; Return value:<[[ id=1 name=client codeName=null salesTax=0.0 isDeleted=false company=null clientStatus=null] ]>]  at 2008-08-29 23:59:03.406
[Entering method <com.topcoder.clients.manager.dao.DAOClientManager.searchClients(Filter filter)>; Parameters:{ ParamName<filter>; ParamValue: <com.topcoder.search.builder.filter.EqualToFilter@11756a4>  }  at 2008-08-29 23:59:03.406 ]
[Exiting method <com.topcoder.clients.manager.dao.DAOClientManager.searchClients(Filter filter)>; Return value:<[[ id=1 name=client codeName=null salesTax=0.0 isDeleted=false company=null clientStatus=null] ]>]  at 2008-08-29 23:59:03.406
[Entering method <com.topcoder.clients.manager.dao.DAOClientManager.searchClients(Filter filter)>; Parameters:{ ParamName<filter>; ParamValue: <com.topcoder.search.builder.filter.EqualToFilter@13936e1>  }  at 2008-08-29 23:59:03.406 ]
[Exiting method <com.topcoder.clients.manager.dao.DAOClientManager.searchClients(Filter filter)>; Return value:<[[ id=1 name=client codeName=null salesTax=0.0 isDeleted=false company=null clientStatus=null] ]>]  at 2008-08-29 23:59:03.406
[Entering method <com.topcoder.clients.manager.dao.DAOClientManager.searchClients(Filter filter)>; Parameters:{ ParamName<filter>; ParamValue: <com.topcoder.search.builder.filter.EqualToFilter@141fab6>  }  at 2008-08-29 23:59:03.406 ]
[Exiting method <com.topcoder.clients.manager.dao.DAOClientManager.searchClients(Filter filter)>; Return value:<[[ id=1 name=client codeName=null salesTax=0.0 isDeleted=false company=null clientStatus=null] ]>]  at 2008-08-29 23:59:03.406
[Entering method <com.topcoder.clients.manager.dao.DAOClientManager.searchClients(Filter filter)>; Parameters:{ ParamName<filter>; ParamValue: <com.topcoder.search.builder.filter.EqualToFilter@b301f2>  }  at 2008-08-29 23:59:03.406 ]
[Exiting method <com.topcoder.clients.manager.dao.DAOClientManager.searchClients(Filter filter)>; Return value:<[[ id=1 name=client codeName=null salesTax=0.0 isDeleted=false company=null clientStatus=null] ]>]  at 2008-08-29 23:59:03.406
[Entering method <com.topcoder.clients.manager.dao.DAOClientManager.searchClients(Filter filter)>; Parameters:{ ParamName<filter>; ParamValue: <com.topcoder.search.builder.filter.EqualToFilter@44cbbe>  }  at 2008-08-29 23:59:03.406 ]
[Exiting method <com.topcoder.clients.manager.dao.DAOClientManager.searchClients(Filter filter)>; Return value:<[[ id=1 name=client codeName=null salesTax=0.0 isDeleted=false company=null clientStatus=null] ]>]  at 2008-08-29 23:59:03.406
[Entering method <com.topcoder.clients.manager.dao.DAOClientManager.searchClients(Filter filter)>; Parameters:{ ParamName<filter>; ParamValue: <com.topcoder.search.builder.filter.EqualToFilter@9c2715>  }  at 2008-08-29 23:59:03.406 ]
[Exiting method <com.topcoder.clients.manager.dao.DAOClientManager.searchClients(Filter filter)>; Return value:<[[ id=1 name=client codeName=null salesTax=0.0 isDeleted=false company=null clientStatus=null] ]>]  at 2008-08-29 23:59:03.406
[Entering method <com.topcoder.clients.manager.dao.DAOClientManager.searchClients(Filter filter)>; Parameters:{ ParamName<filter>; ParamValue: <com.topcoder.search.builder.filter.EqualToFilter@1c9e67a>  }  at 2008-08-29 23:59:03.406 ]
[Exiting method <com.topcoder.clients.manager.dao.DAOClientManager.searchClients(Filter filter)>; Return value:<[[ id=1 name=client codeName=null salesTax=0.0 isDeleted=false company=null clientStatus=null] ]>]  at 2008-08-29 23:59:03.406
[Entering method <com.topcoder.clients.manager.dao.DAOClientManager.searchClients(Filter filter)>; Parameters:{ ParamName<filter>; ParamValue: <com.topcoder.search.builder.filter.EqualToFilter@3a5794>  }  at 2008-08-29 23:59:03.406 ]
[Exiting method <com.topcoder.clients.manager.dao.DAOClientManager.searchClients(Filter filter)>; Return value:<[[ id=1 name=client codeName=null salesTax=0.0 isDeleted=false company=null clientStatus=null] ]>]  at 2008-08-29 23:59:03.406
[Entering method <com.topcoder.clients.manager.dao.DAOClientManager.searchClients(Filter filter)>; Parameters:{ ParamName<filter>; ParamValue: <com.topcoder.search.builder.filter.EqualToFilter@4be2cc>  }  at 2008-08-29 23:59:03.406 ]
[Exiting method <com.topcoder.clients.manager.dao.DAOClientManager.searchClients(Filter filter)>; Return value:<[[ id=1 name=client codeName=null salesTax=0.0 isDeleted=false company=null clientStatus=null] ]>]  at 2008-08-29 23:59:03.406
retrieve took 0 ms
[Entering method <com.topcoder.clients.manager.dao.DAOClientManager.getClientsForStatus(ClientStatus status)>; Parameters:{ ParamName<clientStatus>; ParamValue: <[ id=3 name=client status description=des isDeleted=false]>  }  at 2008-08-29 23:59:03.421 ]
[Exiting method <com.topcoder.clients.manager.dao.DAOClientManager.getClientsForStatus(ClientStatus status)>; Return value:<[[ id=1 name=client codeName=null salesTax=0.0 isDeleted=false company=null clientStatus=null] ]>]  at 2008-08-29 23:59:03.421
[Entering method <com.topcoder.clients.manager.dao.DAOClientManager.getClientsForStatus(ClientStatus status)>; Parameters:{ ParamName<clientStatus>; ParamValue: <[ id=3 name=client status description=des isDeleted=false]>  }  at 2008-08-29 23:59:03.421 ]
[Exiting method <com.topcoder.clients.manager.dao.DAOClientManager.getClientsForStatus(ClientStatus status)>; Return value:<[[ id=1 name=client codeName=null salesTax=0.0 isDeleted=false company=null clientStatus=null] ]>]  at 2008-08-29 23:59:03.421
[Entering method <com.topcoder.clients.manager.dao.DAOClientManager.getClientsForStatus(ClientStatus status)>; Parameters:{ ParamName<clientStatus>; ParamValue: <[ id=3 name=client status description=des isDeleted=false]>  }  at 2008-08-29 23:59:03.421 ]
[Exiting method <com.topcoder.clients.manager.dao.DAOClientManager.getClientsForStatus(ClientStatus status)>; Return value:<[[ id=1 name=client codeName=null salesTax=0.0 isDeleted=false company=null clientStatus=null] ]>]  at 2008-08-29 23:59:03.421
[Entering method <com.topcoder.clients.manager.dao.DAOClientManager.getClientsForStatus(ClientStatus status)>; Parameters:{ ParamName<clientStatus>; ParamValue: <[ id=3 name=client status description=des isDeleted=false]>  }  at 2008-08-29 23:59:03.421 ]
[Exiting method <com.topcoder.clients.manager.dao.DAOClientManager.getClientsForStatus(ClientStatus status)>; Return value:<[[ id=1 name=client codeName=null salesTax=0.0 isDeleted=false company=null clientStatus=null] ]>]  at 2008-08-29 23:59:03.421
[Entering method <com.topcoder.clients.manager.dao.DAOClientManager.getClientsForStatus(ClientStatus status)>; Parameters:{ ParamName<clientStatus>; ParamValue: <[ id=3 name=client status description=des isDeleted=false]>  }  at 2008-08-29 23:59:03.421 ]
[Exiting method <com.topcoder.clients.manager.dao.DAOClientManager.getClientsForStatus(ClientStatus status)>; Return value:<[[ id=1 name=client codeName=null salesTax=0.0 isDeleted=false company=null clientStatus=null] ]>]  at 2008-08-29 23:59:03.421
[Entering method <com.topcoder.clients.manager.dao.DAOClientManager.getClientsForStatus(ClientStatus status)>; Parameters:{ ParamName<clientStatus>; ParamValue: <[ id=3 name=client status description=des isDeleted=false]>  }  at 2008-08-29 23:59:03.421 ]
[Exiting method <com.topcoder.clients.manager.dao.DAOClientManager.getClientsForStatus(ClientStatus status)>; Return value:<[[ id=1 name=client codeName=null salesTax=0.0 isDeleted=false company=null clientStatus=null] ]>]  at 2008-08-29 23:59:03.421
[Entering method <com.topcoder.clients.manager.dao.DAOClientManager.getClientsForStatus(ClientStatus status)>; Parameters:{ ParamName<clientStatus>; ParamValue: <[ id=3 name=client status description=des isDeleted=false]>  }  at 2008-08-29 23:59:03.421 ]
[Exiting method <com.topcoder.clients.manager.dao.DAOClientManager.getClientsForStatus(ClientStatus status)>; Return value:<[[ id=1 name=client codeName=null salesTax=0.0 isDeleted=false company=null clientStatus=null] ]>]  at 2008-08-29 23:59:03.421
[Entering method <com.topcoder.clients.manager.dao.DAOClientManager.getClientsForStatus(ClientStatus status)>; Parameters:{ ParamName<clientStatus>; ParamValue: <[ id=3 name=client status description=des isDeleted=false]>  }  at 2008-08-29 23:59:03.421 ]
[Exiting method <com.topcoder.clients.manager.dao.DAOClientManager.getClientsForStatus(ClientStatus status)>; Return value:<[[ id=1 name=client codeName=null salesTax=0.0 isDeleted=false company=null clientStatus=null] ]>]  at 2008-08-29 23:59:03.421
[Entering method <com.topcoder.clients.manager.dao.DAOClientManager.getClientsForStatus(ClientStatus status)>; Parameters:{ ParamName<clientStatus>; ParamValue: <[ id=3 name=client status description=des isDeleted=false]>  }  at 2008-08-29 23:59:03.421 ]
[Exiting method <com.topcoder.clients.manager.dao.DAOClientManager.getClientsForStatus(ClientStatus status)>; Return value:<[[ id=1 name=client codeName=null salesTax=0.0 isDeleted=false company=null clientStatus=null] ]>]  at 2008-08-29 23:59:03.421
[Entering method <com.topcoder.clients.manager.dao.DAOClientManager.getClientsForStatus(ClientStatus status)>; Parameters:{ ParamName<clientStatus>; ParamValue: <[ id=3 name=client status description=des isDeleted=false]>  }  at 2008-08-29 23:59:03.421 ]
[Exiting method <com.topcoder.clients.manager.dao.DAOClientManager.getClientsForStatus(ClientStatus status)>; Return value:<[[ id=1 name=client codeName=null salesTax=0.0 isDeleted=false company=null clientStatus=null] ]>]  at 2008-08-29 23:59:03.421
retrieve took 0 ms
[Entering method <com.topcoder.clients.manager.dao.DAOClientManager.createClientStatus(ClientStatus status)>; Parameters:{ ParamName<clientStatus>; ParamValue: <[ id=3 name=client status description=des isDeleted=false]>  }  at 2008-08-29 23:59:03.421 ]
[Exiting method <com.topcoder.clients.manager.dao.DAOClientManager.createClientStatus(ClientStatus status)>; Return value:<[ id=158 name=client status description=des isDeleted=false]>]  at 2008-08-29 23:59:03.421
[Entering method <com.topcoder.clients.manager.dao.DAOClientManager.createClientStatus(ClientStatus status)>; Parameters:{ ParamName<clientStatus>; ParamValue: <[ id=3 name=client status description=des isDeleted=false]>  }  at 2008-08-29 23:59:03.421 ]
[Exiting method <com.topcoder.clients.manager.dao.DAOClientManager.createClientStatus(ClientStatus status)>; Return value:<[ id=159 name=client status description=des isDeleted=false]>]  at 2008-08-29 23:59:03.421
[Entering method <com.topcoder.clients.manager.dao.DAOClientManager.createClientStatus(ClientStatus status)>; Parameters:{ ParamName<clientStatus>; ParamValue: <[ id=3 name=client status description=des isDeleted=false]>  }  at 2008-08-29 23:59:03.421 ]
[Exiting method <com.topcoder.clients.manager.dao.DAOClientManager.createClientStatus(ClientStatus status)>; Return value:<[ id=160 name=client status description=des isDeleted=false]>]  at 2008-08-29 23:59:03.421
[Entering method <com.topcoder.clients.manager.dao.DAOClientManager.createClientStatus(ClientStatus status)>; Parameters:{ ParamName<clientStatus>; ParamValue: <[ id=3 name=client status description=des isDeleted=false]>  }  at 2008-08-29 23:59:03.421 ]
[Exiting method <com.topcoder.clients.manager.dao.DAOClientManager.createClientStatus(ClientStatus status)>; Return value:<[ id=161 name=client status description=des isDeleted=false]>]  at 2008-08-29 23:59:03.656
[Entering method <com.topcoder.clients.manager.dao.DAOClientManager.createClientStatus(ClientStatus status)>; Parameters:{ ParamName<clientStatus>; ParamValue: <[ id=3 name=client status description=des isDeleted=false]>  }  at 2008-08-29 23:59:03.656 ]
[Exiting method <com.topcoder.clients.manager.dao.DAOClientManager.createClientStatus(ClientStatus status)>; Return value:<[ id=162 name=client status description=des isDeleted=false]>]  at 2008-08-29 23:59:03.656
[Entering method <com.topcoder.clients.manager.dao.DAOClientManager.createClientStatus(ClientStatus status)>; Parameters:{ ParamName<clientStatus>; ParamValue: <[ id=3 name=client status description=des isDeleted=false]>  }  at 2008-08-29 23:59:03.656 ]
[Exiting method <com.topcoder.clients.manager.dao.DAOClientManager.createClientStatus(ClientStatus status)>; Return value:<[ id=163 name=client status description=des isDeleted=false]>]  at 2008-08-29 23:59:03.656
[Entering method <com.topcoder.clients.manager.dao.DAOClientManager.createClientStatus(ClientStatus status)>; Parameters:{ ParamName<clientStatus>; ParamValue: <[ id=3 name=client status description=des isDeleted=false]>  }  at 2008-08-29 23:59:03.656 ]
[Exiting method <com.topcoder.clients.manager.dao.DAOClientManager.createClientStatus(ClientStatus status)>; Return value:<[ id=164 name=client status description=des isDeleted=false]>]  at 2008-08-29 23:59:03.656
[Entering method <com.topcoder.clients.manager.dao.DAOClientManager.createClientStatus(ClientStatus status)>; Parameters:{ ParamName<clientStatus>; ParamValue: <[ id=3 name=client status description=des isDeleted=false]>  }  at 2008-08-29 23:59:03.656 ]
[Exiting method <com.topcoder.clients.manager.dao.DAOClientManager.createClientStatus(ClientStatus status)>; Return value:<[ id=165 name=client status description=des isDeleted=false]>]  at 2008-08-29 23:59:03.656
[Entering method <com.topcoder.clients.manager.dao.DAOClientManager.createClientStatus(ClientStatus status)>; Parameters:{ ParamName<clientStatus>; ParamValue: <[ id=3 name=client status description=des isDeleted=false]>  }  at 2008-08-29 23:59:03.656 ]
[Exiting method <com.topcoder.clients.manager.dao.DAOClientManager.createClientStatus(ClientStatus status)>; Return value:<[ id=166 name=client status description=des isDeleted=false]>]  at 2008-08-29 23:59:03.656
[Entering method <com.topcoder.clients.manager.dao.DAOClientManager.createClientStatus(ClientStatus status)>; Parameters:{ ParamName<clientStatus>; ParamValue: <[ id=3 name=client status description=des isDeleted=false]>  }  at 2008-08-29 23:59:03.656 ]
[Exiting method <com.topcoder.clients.manager.dao.DAOClientManager.createClientStatus(ClientStatus status)>; Return value:<[ id=167 name=client status description=des isDeleted=false]>]  at 2008-08-29 23:59:03.656
retrieve took 235 ms
[Entering method <com.topcoder.clients.manager.dao.DAOClientManager.updateClientStatus(ClientStatus status)>; Parameters:{ ParamName<clientStatus>; ParamValue: <[ id=3 name=client status description=des isDeleted=false]>  }  at 2008-08-29 23:59:03.656 ]
[Exiting method <com.topcoder.clients.manager.dao.DAOClientManager.updateClientStatus(ClientStatus status)>; Return value:<[ id=3 name=client status description=des isDeleted=false]>]  at 2008-08-29 23:59:03.656
[Entering method <com.topcoder.clients.manager.dao.DAOClientManager.updateClientStatus(ClientStatus status)>; Parameters:{ ParamName<clientStatus>; ParamValue: <[ id=3 name=client status description=des isDeleted=false]>  }  at 2008-08-29 23:59:03.656 ]
[Exiting method <com.topcoder.clients.manager.dao.DAOClientManager.updateClientStatus(ClientStatus status)>; Return value:<[ id=3 name=client status description=des isDeleted=false]>]  at 2008-08-29 23:59:03.656
[Entering method <com.topcoder.clients.manager.dao.DAOClientManager.updateClientStatus(ClientStatus status)>; Parameters:{ ParamName<clientStatus>; ParamValue: <[ id=3 name=client status description=des isDeleted=false]>  }  at 2008-08-29 23:59:03.656 ]
[Exiting method <com.topcoder.clients.manager.dao.DAOClientManager.updateClientStatus(ClientStatus status)>; Return value:<[ id=3 name=client status description=des isDeleted=false]>]  at 2008-08-29 23:59:03.656
[Entering method <com.topcoder.clients.manager.dao.DAOClientManager.updateClientStatus(ClientStatus status)>; Parameters:{ ParamName<clientStatus>; ParamValue: <[ id=3 name=client status description=des isDeleted=false]>  }  at 2008-08-29 23:59:03.656 ]
[Exiting method <com.topcoder.clients.manager.dao.DAOClientManager.updateClientStatus(ClientStatus status)>; Return value:<[ id=3 name=client status description=des isDeleted=false]>]  at 2008-08-29 23:59:03.656
[Entering method <com.topcoder.clients.manager.dao.DAOClientManager.updateClientStatus(ClientStatus status)>; Parameters:{ ParamName<clientStatus>; ParamValue: <[ id=3 name=client status description=des isDeleted=false]>  }  at 2008-08-29 23:59:03.656 ]
[Exiting method <com.topcoder.clients.manager.dao.DAOClientManager.updateClientStatus(ClientStatus status)>; Return value:<[ id=3 name=client status description=des isDeleted=false]>]  at 2008-08-29 23:59:03.656
[Entering method <com.topcoder.clients.manager.dao.DAOClientManager.updateClientStatus(ClientStatus status)>; Parameters:{ ParamName<clientStatus>; ParamValue: <[ id=3 name=client status description=des isDeleted=false]>  }  at 2008-08-29 23:59:03.656 ]
[Exiting method <com.topcoder.clients.manager.dao.DAOClientManager.updateClientStatus(ClientStatus status)>; Return value:<[ id=3 name=client status description=des isDeleted=false]>]  at 2008-08-29 23:59:03.656
[Entering method <com.topcoder.clients.manager.dao.DAOClientManager.updateClientStatus(ClientStatus status)>; Parameters:{ ParamName<clientStatus>; ParamValue: <[ id=3 name=client status description=des isDeleted=false]>  }  at 2008-08-29 23:59:03.656 ]
[Exiting method <com.topcoder.clients.manager.dao.DAOClientManager.updateClientStatus(ClientStatus status)>; Return value:<[ id=3 name=client status description=des isDeleted=false]>]  at 2008-08-29 23:59:03.656
[Entering method <com.topcoder.clients.manager.dao.DAOClientManager.updateClientStatus(ClientStatus status)>; Parameters:{ ParamName<clientStatus>; ParamValue: <[ id=3 name=client status description=des isDeleted=false]>  }  at 2008-08-29 23:59:03.656 ]
[Exiting method <com.topcoder.clients.manager.dao.DAOClientManager.updateClientStatus(ClientStatus status)>; Return value:<[ id=3 name=client status description=des isDeleted=false]>]  at 2008-08-29 23:59:03.656
[Entering method <com.topcoder.clients.manager.dao.DAOClientManager.updateClientStatus(ClientStatus status)>; Parameters:{ ParamName<clientStatus>; ParamValue: <[ id=3 name=client status description=des isDeleted=false]>  }  at 2008-08-29 23:59:03.656 ]
[Exiting method <com.topcoder.clients.manager.dao.DAOClientManager.updateClientStatus(ClientStatus status)>; Return value:<[ id=3 name=client status description=des isDeleted=false]>]  at 2008-08-29 23:59:03.656
[Entering method <com.topcoder.clients.manager.dao.DAOClientManager.updateClientStatus(ClientStatus status)>; Parameters:{ ParamName<clientStatus>; ParamValue: <[ id=3 name=client status description=des isDeleted=false]>  }  at 2008-08-29 23:59:03.656 ]
[Exiting method <com.topcoder.clients.manager.dao.DAOClientManager.updateClientStatus(ClientStatus status)>; Return value:<[ id=3 name=client status description=des isDeleted=false]>]  at 2008-08-29 23:59:03.656
retrieve took 0 ms
[Entering method <com.topcoder.clients.manager.dao.DAOClientManager.deleteClientStatus(ClientStatus status)>; Parameters:{ ParamName<status>; ParamValue: <[ id=3 name=client status description=des isDeleted=false]>  }  at 2008-08-29 23:59:03.656 ]
[Exiting method <com.topcoder.clients.manager.dao.DAOClientManager.deleteClientStatus(ClientStatus status)>; Return value:<[ id=3 name=client status description=des isDeleted=true]>]  at 2008-08-29 23:59:03.656
[Entering method <com.topcoder.clients.manager.dao.DAOClientManager.deleteClientStatus(ClientStatus status)>; Parameters:{ ParamName<status>; ParamValue: <[ id=3 name=client status description=des isDeleted=false]>  }  at 2008-08-29 23:59:03.656 ]
[Exiting method <com.topcoder.clients.manager.dao.DAOClientManager.deleteClientStatus(ClientStatus status)>; Return value:<[ id=3 name=client status description=des isDeleted=true]>]  at 2008-08-29 23:59:03.656
[Entering method <com.topcoder.clients.manager.dao.DAOClientManager.deleteClientStatus(ClientStatus status)>; Parameters:{ ParamName<status>; ParamValue: <[ id=3 name=client status description=des isDeleted=false]>  }  at 2008-08-29 23:59:03.656 ]
[Exiting method <com.topcoder.clients.manager.dao.DAOClientManager.deleteClientStatus(ClientStatus status)>; Return value:<[ id=3 name=client status description=des isDeleted=true]>]  at 2008-08-29 23:59:03.656
[Entering method <com.topcoder.clients.manager.dao.DAOClientManager.deleteClientStatus(ClientStatus status)>; Parameters:{ ParamName<status>; ParamValue: <[ id=3 name=client status description=des isDeleted=false]>  }  at 2008-08-29 23:59:03.656 ]
[Exiting method <com.topcoder.clients.manager.dao.DAOClientManager.deleteClientStatus(ClientStatus status)>; Return value:<[ id=3 name=client status description=des isDeleted=true]>]  at 2008-08-29 23:59:03.656
[Entering method <com.topcoder.clients.manager.dao.DAOClientManager.deleteClientStatus(ClientStatus status)>; Parameters:{ ParamName<status>; ParamValue: <[ id=3 name=client status description=des isDeleted=false]>  }  at 2008-08-29 23:59:03.656 ]
[Exiting method <com.topcoder.clients.manager.dao.DAOClientManager.deleteClientStatus(ClientStatus status)>; Return value:<[ id=3 name=client status description=des isDeleted=true]>]  at 2008-08-29 23:59:03.656
[Entering method <com.topcoder.clients.manager.dao.DAOClientManager.deleteClientStatus(ClientStatus status)>; Parameters:{ ParamName<status>; ParamValue: <[ id=3 name=client status description=des isDeleted=false]>  }  at 2008-08-29 23:59:03.656 ]
[Exiting method <com.topcoder.clients.manager.dao.DAOClientManager.deleteClientStatus(ClientStatus status)>; Return value:<[ id=3 name=client status description=des isDeleted=true]>]  at 2008-08-29 23:59:03.656
[Entering method <com.topcoder.clients.manager.dao.DAOClientManager.deleteClientStatus(ClientStatus status)>; Parameters:{ ParamName<status>; ParamValue: <[ id=3 name=client status description=des isDeleted=false]>  }  at 2008-08-29 23:59:03.656 ]
[Exiting method <com.topcoder.clients.manager.dao.DAOClientManager.deleteClientStatus(ClientStatus status)>; Return value:<[ id=3 name=client status description=des isDeleted=true]>]  at 2008-08-29 23:59:03.656
[Entering method <com.topcoder.clients.manager.dao.DAOClientManager.deleteClientStatus(ClientStatus status)>; Parameters:{ ParamName<status>; ParamValue: <[ id=3 name=client status description=des isDeleted=false]>  }  at 2008-08-29 23:59:03.656 ]
[Exiting method <com.topcoder.clients.manager.dao.DAOClientManager.deleteClientStatus(ClientStatus status)>; Return value:<[ id=3 name=client status description=des isDeleted=true]>]  at 2008-08-29 23:59:03.656
[Entering method <com.topcoder.clients.manager.dao.DAOClientManager.deleteClientStatus(ClientStatus status)>; Parameters:{ ParamName<status>; ParamValue: <[ id=3 name=client status description=des isDeleted=false]>  }  at 2008-08-29 23:59:03.656 ]
[Exiting method <com.topcoder.clients.manager.dao.DAOClientManager.deleteClientStatus(ClientStatus status)>; Return value:<[ id=3 name=client status description=des isDeleted=true]>]  at 2008-08-29 23:59:03.656
[Entering method <com.topcoder.clients.manager.dao.DAOClientManager.deleteClientStatus(ClientStatus status)>; Parameters:{ ParamName<status>; ParamValue: <[ id=3 name=client status description=des isDeleted=false]>  }  at 2008-08-29 23:59:03.656 ]
[Exiting method <com.topcoder.clients.manager.dao.DAOClientManager.deleteClientStatus(ClientStatus status)>; Return value:<[ id=3 name=client status description=des isDeleted=true]>]  at 2008-08-29 23:59:03.656
retrieve took 0 ms
[Entering method <com.topcoder.clients.manager.dao.DAOClientManager.updateClient(Client client)>; Parameters:{ ParamName<client>; ParamValue: <[ id=1 name=client codeName=null salesTax=0.0 isDeleted=false company=null clientStatus=null]>  }  at 2008-08-29 23:59:03.671 ]
[Exiting method <com.topcoder.clients.manager.dao.DAOClientManager.updateClient(Client client)>; Return value:<[ id=1 name=client codeName=null salesTax=0.0 isDeleted=false company=null clientStatus=null]>]  at 2008-08-29 23:59:03.671
[Entering method <com.topcoder.clients.manager.dao.DAOClientManager.updateClient(Client client)>; Parameters:{ ParamName<client>; ParamValue: <[ id=1 name=client codeName=null salesTax=0.0 isDeleted=false company=null clientStatus=null]>  }  at 2008-08-29 23:59:03.671 ]
[Exiting method <com.topcoder.clients.manager.dao.DAOClientManager.updateClient(Client client)>; Return value:<[ id=1 name=client codeName=null salesTax=0.0 isDeleted=false company=null clientStatus=null]>]  at 2008-08-29 23:59:03.671
[Entering method <com.topcoder.clients.manager.dao.DAOClientManager.updateClient(Client client)>; Parameters:{ ParamName<client>; ParamValue: <[ id=1 name=client codeName=null salesTax=0.0 isDeleted=false company=null clientStatus=null]>  }  at 2008-08-29 23:59:03.671 ]
[Exiting method <com.topcoder.clients.manager.dao.DAOClientManager.updateClient(Client client)>; Return value:<[ id=1 name=client codeName=null salesTax=0.0 isDeleted=false company=null clientStatus=null]>]  at 2008-08-29 23:59:03.671
[Entering method <com.topcoder.clients.manager.dao.DAOClientManager.updateClient(Client client)>; Parameters:{ ParamName<client>; ParamValue: <[ id=1 name=client codeName=null salesTax=0.0 isDeleted=false company=null clientStatus=null]>  }  at 2008-08-29 23:59:03.671 ]
[Exiting method <com.topcoder.clients.manager.dao.DAOClientManager.updateClient(Client client)>; Return value:<[ id=1 name=client codeName=null salesTax=0.0 isDeleted=false company=null clientStatus=null]>]  at 2008-08-29 23:59:03.671
[Entering method <com.topcoder.clients.manager.dao.DAOClientManager.updateClient(Client client)>; Parameters:{ ParamName<client>; ParamValue: <[ id=1 name=client codeName=null salesTax=0.0 isDeleted=false company=null clientStatus=null]>  }  at 2008-08-29 23:59:03.671 ]
[Exiting method <com.topcoder.clients.manager.dao.DAOClientManager.updateClient(Client client)>; Return value:<[ id=1 name=client codeName=null salesTax=0.0 isDeleted=false company=null clientStatus=null]>]  at 2008-08-29 23:59:03.671
[Entering method <com.topcoder.clients.manager.dao.DAOClientManager.updateClient(Client client)>; Parameters:{ ParamName<client>; ParamValue: <[ id=1 name=client codeName=null salesTax=0.0 isDeleted=false company=null clientStatus=null]>  }  at 2008-08-29 23:59:03.671 ]
[Exiting method <com.topcoder.clients.manager.dao.DAOClientManager.updateClient(Client client)>; Return value:<[ id=1 name=client codeName=null salesTax=0.0 isDeleted=false company=null clientStatus=null]>]  at 2008-08-29 23:59:03.671
[Entering method <com.topcoder.clients.manager.dao.DAOClientManager.updateClient(Client client)>; Parameters:{ ParamName<client>; ParamValue: <[ id=1 name=client codeName=null salesTax=0.0 isDeleted=false company=null clientStatus=null]>  }  at 2008-08-29 23:59:03.671 ]
[Exiting method <com.topcoder.clients.manager.dao.DAOClientManager.updateClient(Client client)>; Return value:<[ id=1 name=client codeName=null salesTax=0.0 isDeleted=false company=null clientStatus=null]>]  at 2008-08-29 23:59:03.671
[Entering method <com.topcoder.clients.manager.dao.DAOClientManager.updateClient(Client client)>; Parameters:{ ParamName<client>; ParamValue: <[ id=1 name=client codeName=null salesTax=0.0 isDeleted=false company=null clientStatus=null]>  }  at 2008-08-29 23:59:03.671 ]
[Exiting method <com.topcoder.clients.manager.dao.DAOClientManager.updateClient(Client client)>; Return value:<[ id=1 name=client codeName=null salesTax=0.0 isDeleted=false company=null clientStatus=null]>]  at 2008-08-29 23:59:03.671
[Entering method <com.topcoder.clients.manager.dao.DAOClientManager.updateClient(Client client)>; Parameters:{ ParamName<client>; ParamValue: <[ id=1 name=client codeName=null salesTax=0.0 isDeleted=false company=null clientStatus=null]>  }  at 2008-08-29 23:59:03.671 ]
[Exiting method <com.topcoder.clients.manager.dao.DAOClientManager.updateClient(Client client)>; Return value:<[ id=1 name=client codeName=null salesTax=0.0 isDeleted=false company=null clientStatus=null]>]  at 2008-08-29 23:59:03.671
[Entering method <com.topcoder.clients.manager.dao.DAOClientManager.updateClient(Client client)>; Parameters:{ ParamName<client>; ParamValue: <[ id=1 name=client codeName=null salesTax=0.0 isDeleted=false company=null clientStatus=null]>  }  at 2008-08-29 23:59:03.671 ]
[Exiting method <com.topcoder.clients.manager.dao.DAOClientManager.updateClient(Client client)>; Return value:<[ id=1 name=client codeName=null salesTax=0.0 isDeleted=false company=null clientStatus=null]>]  at 2008-08-29 23:59:03.671
retrieve took 0 ms
[Entering method <com.topcoder.clients.manager.dao.DAOClientManager.setClientCodeName(Client client, String codeName)>; Parameters:{ ParamName<client>; ParamValue: <[ id=1 name=client codeName=null salesTax=0.0 isDeleted=false company=null clientStatus=null]> , ParamName<codeName>; ParamValue: <codeName>  }  at 2008-08-29 23:59:03.671 ]
[Entering method <com.topcoder.clients.manager.dao.DAOClientManager.updateClient(Client client)>; Parameters:{ ParamName<client>; ParamValue: <[ id=1 name=client codeName=codeName salesTax=0.0 isDeleted=false company=null clientStatus=null]>  }  at 2008-08-29 23:59:03.671 ]
[Exiting method <com.topcoder.clients.manager.dao.DAOClientManager.updateClient(Client client)>; Return value:<[ id=1 name=client codeName=codeName salesTax=0.0 isDeleted=false company=null clientStatus=null]>]  at 2008-08-29 23:59:03.671
[Exiting method <com.topcoder.clients.manager.dao.DAOClientManager.setClientCodeName(Client client, String codeName)>; Return value:<[ id=1 name=client codeName=codeName salesTax=0.0 isDeleted=false company=null clientStatus=null]>]  at 2008-08-29 23:59:03.671
[Entering method <com.topcoder.clients.manager.dao.DAOClientManager.setClientCodeName(Client client, String codeName)>; Parameters:{ ParamName<client>; ParamValue: <[ id=1 name=client codeName=null salesTax=0.0 isDeleted=false company=null clientStatus=null]> , ParamName<codeName>; ParamValue: <codeName>  }  at 2008-08-29 23:59:03.671 ]
[Entering method <com.topcoder.clients.manager.dao.DAOClientManager.updateClient(Client client)>; Parameters:{ ParamName<client>; ParamValue: <[ id=1 name=client codeName=codeName salesTax=0.0 isDeleted=false company=null clientStatus=null]>  }  at 2008-08-29 23:59:03.671 ]
[Exiting method <com.topcoder.clients.manager.dao.DAOClientManager.updateClient(Client client)>; Return value:<[ id=1 name=client codeName=codeName salesTax=0.0 isDeleted=false company=null clientStatus=null]>]  at 2008-08-29 23:59:03.671
[Exiting method <com.topcoder.clients.manager.dao.DAOClientManager.setClientCodeName(Client client, String codeName)>; Return value:<[ id=1 name=client codeName=codeName salesTax=0.0 isDeleted=false company=null clientStatus=null]>]  at 2008-08-29 23:59:03.671
[Entering method <com.topcoder.clients.manager.dao.DAOClientManager.setClientCodeName(Client client, String codeName)>; Parameters:{ ParamName<client>; ParamValue: <[ id=1 name=client codeName=null salesTax=0.0 isDeleted=false company=null clientStatus=null]> , ParamName<codeName>; ParamValue: <codeName>  }  at 2008-08-29 23:59:03.671 ]
[Entering method <com.topcoder.clients.manager.dao.DAOClientManager.updateClient(Client client)>; Parameters:{ ParamName<client>; ParamValue: <[ id=1 name=client codeName=codeName salesTax=0.0 isDeleted=false company=null clientStatus=null]>  }  at 2008-08-29 23:59:03.671 ]
[Exiting method <com.topcoder.clients.manager.dao.DAOClientManager.updateClient(Client client)>; Return value:<[ id=1 name=client codeName=codeName salesTax=0.0 isDeleted=false company=null clientStatus=null]>]  at 2008-08-29 23:59:03.671
[Exiting method <com.topcoder.clients.manager.dao.DAOClientManager.setClientCodeName(Client client, String codeName)>; Return value:<[ id=1 name=client codeName=codeName salesTax=0.0 isDeleted=false company=null clientStatus=null]>]  at 2008-08-29 23:59:03.671
[Entering method <com.topcoder.clients.manager.dao.DAOClientManager.setClientCodeName(Client client, String codeName)>; Parameters:{ ParamName<client>; ParamValue: <[ id=1 name=client codeName=null salesTax=0.0 isDeleted=false company=null clientStatus=null]> , ParamName<codeName>; ParamValue: <codeName>  }  at 2008-08-29 23:59:03.671 ]
[Entering method <com.topcoder.clients.manager.dao.DAOClientManager.updateClient(Client client)>; Parameters:{ ParamName<client>; ParamValue: <[ id=1 name=client codeName=codeName salesTax=0.0 isDeleted=false company=null clientStatus=null]>  }  at 2008-08-29 23:59:03.671 ]
[Exiting method <com.topcoder.clients.manager.dao.DAOClientManager.updateClient(Client client)>; Return value:<[ id=1 name=client codeName=codeName salesTax=0.0 isDeleted=false company=null clientStatus=null]>]  at 2008-08-29 23:59:03.671
[Exiting method <com.topcoder.clients.manager.dao.DAOClientManager.setClientCodeName(Client client, String codeName)>; Return value:<[ id=1 name=client codeName=codeName salesTax=0.0 isDeleted=false company=null clientStatus=null]>]  at 2008-08-29 23:59:03.671
[Entering method <com.topcoder.clients.manager.dao.DAOClientManager.setClientCodeName(Client client, String codeName)>; Parameters:{ ParamName<client>; ParamValue: <[ id=1 name=client codeName=null salesTax=0.0 isDeleted=false company=null clientStatus=null]> , ParamName<codeName>; ParamValue: <codeName>  }  at 2008-08-29 23:59:03.671 ]
[Entering method <com.topcoder.clients.manager.dao.DAOClientManager.updateClient(Client client)>; Parameters:{ ParamName<client>; ParamValue: <[ id=1 name=client codeName=codeName salesTax=0.0 isDeleted=false company=null clientStatus=null]>  }  at 2008-08-29 23:59:03.671 ]
[Exiting method <com.topcoder.clients.manager.dao.DAOClientManager.updateClient(Client client)>; Return value:<[ id=1 name=client codeName=codeName salesTax=0.0 isDeleted=false company=null clientStatus=null]>]  at 2008-08-29 23:59:03.671
[Exiting method <com.topcoder.clients.manager.dao.DAOClientManager.setClientCodeName(Client client, String codeName)>; Return value:<[ id=1 name=client codeName=codeName salesTax=0.0 isDeleted=false company=null clientStatus=null]>]  at 2008-08-29 23:59:03.671
[Entering method <com.topcoder.clients.manager.dao.DAOClientManager.setClientCodeName(Client client, String codeName)>; Parameters:{ ParamName<client>; ParamValue: <[ id=1 name=client codeName=null salesTax=0.0 isDeleted=false company=null clientStatus=null]> , ParamName<codeName>; ParamValue: <codeName>  }  at 2008-08-29 23:59:03.671 ]
[Entering method <com.topcoder.clients.manager.dao.DAOClientManager.updateClient(Client client)>; Parameters:{ ParamName<client>; ParamValue: <[ id=1 name=client codeName=codeName salesTax=0.0 isDeleted=false company=null clientStatus=null]>  }  at 2008-08-29 23:59:03.671 ]
[Exiting method <com.topcoder.clients.manager.dao.DAOClientManager.updateClient(Client client)>; Return value:<[ id=1 name=client codeName=codeName salesTax=0.0 isDeleted=false company=null clientStatus=null]>]  at 2008-08-29 23:59:03.671
[Exiting method <com.topcoder.clients.manager.dao.DAOClientManager.setClientCodeName(Client client, String codeName)>; Return value:<[ id=1 name=client codeName=codeName salesTax=0.0 isDeleted=false company=null clientStatus=null]>]  at 2008-08-29 23:59:03.671
[Entering method <com.topcoder.clients.manager.dao.DAOClientManager.setClientCodeName(Client client, String codeName)>; Parameters:{ ParamName<client>; ParamValue: <[ id=1 name=client codeName=null salesTax=0.0 isDeleted=false company=null clientStatus=null]> , ParamName<codeName>; ParamValue: <codeName>  }  at 2008-08-29 23:59:03.671 ]
[Entering method <com.topcoder.clients.manager.dao.DAOClientManager.updateClient(Client client)>; Parameters:{ ParamName<client>; ParamValue: <[ id=1 name=client codeName=codeName salesTax=0.0 isDeleted=false company=null clientStatus=null]>  }  at 2008-08-29 23:59:03.671 ]
[Exiting method <com.topcoder.clients.manager.dao.DAOClientManager.updateClient(Client client)>; Return value:<[ id=1 name=client codeName=codeName salesTax=0.0 isDeleted=false company=null clientStatus=null]>]  at 2008-08-29 23:59:03.671
[Exiting method <com.topcoder.clients.manager.dao.DAOClientManager.setClientCodeName(Client client, String codeName)>; Return value:<[ id=1 name=client codeName=codeName salesTax=0.0 isDeleted=false company=null clientStatus=null]>]  at 2008-08-29 23:59:03.671
[Entering method <com.topcoder.clients.manager.dao.DAOClientManager.setClientCodeName(Client client, String codeName)>; Parameters:{ ParamName<client>; ParamValue: <[ id=1 name=client codeName=null salesTax=0.0 isDeleted=false company=null clientStatus=null]> , ParamName<codeName>; ParamValue: <codeName>  }  at 2008-08-29 23:59:03.671 ]
[Entering method <com.topcoder.clients.manager.dao.DAOClientManager.updateClient(Client client)>; Parameters:{ ParamName<client>; ParamValue: <[ id=1 name=client codeName=codeName salesTax=0.0 isDeleted=false company=null clientStatus=null]>  }  at 2008-08-29 23:59:03.671 ]
[Exiting method <com.topcoder.clients.manager.dao.DAOClientManager.updateClient(Client client)>; Return value:<[ id=1 name=client codeName=codeName salesTax=0.0 isDeleted=false company=null clientStatus=null]>]  at 2008-08-29 23:59:03.671
[Exiting method <com.topcoder.clients.manager.dao.DAOClientManager.setClientCodeName(Client client, String codeName)>; Return value:<[ id=1 name=client codeName=codeName salesTax=0.0 isDeleted=false company=null clientStatus=null]>]  at 2008-08-29 23:59:03.671
[Entering method <com.topcoder.clients.manager.dao.DAOClientManager.setClientCodeName(Client client, String codeName)>; Parameters:{ ParamName<client>; ParamValue: <[ id=1 name=client codeName=null salesTax=0.0 isDeleted=false company=null clientStatus=null]> , ParamName<codeName>; ParamValue: <codeName>  }  at 2008-08-29 23:59:03.671 ]
[Entering method <com.topcoder.clients.manager.dao.DAOClientManager.updateClient(Client client)>; Parameters:{ ParamName<client>; ParamValue: <[ id=1 name=client codeName=codeName salesTax=0.0 isDeleted=false company=null clientStatus=null]>  }  at 2008-08-29 23:59:03.671 ]
[Exiting method <com.topcoder.clients.manager.dao.DAOClientManager.updateClient(Client client)>; Return value:<[ id=1 name=client codeName=codeName salesTax=0.0 isDeleted=false company=null clientStatus=null]>]  at 2008-08-29 23:59:03.671
[Exiting method <com.topcoder.clients.manager.dao.DAOClientManager.setClientCodeName(Client client, String codeName)>; Return value:<[ id=1 name=client codeName=codeName salesTax=0.0 isDeleted=false company=null clientStatus=null]>]  at 2008-08-29 23:59:03.671
[Entering method <com.topcoder.clients.manager.dao.DAOClientManager.setClientCodeName(Client client, String codeName)>; Parameters:{ ParamName<client>; ParamValue: <[ id=1 name=client codeName=null salesTax=0.0 isDeleted=false company=null clientStatus=null]> , ParamName<codeName>; ParamValue: <codeName>  }  at 2008-08-29 23:59:03.671 ]
[Entering method <com.topcoder.clients.manager.dao.DAOClientManager.updateClient(Client client)>; Parameters:{ ParamName<client>; ParamValue: <[ id=1 name=client codeName=codeName salesTax=0.0 isDeleted=false company=null clientStatus=null]>  }  at 2008-08-29 23:59:03.671 ]
[Exiting method <com.topcoder.clients.manager.dao.DAOClientManager.updateClient(Client client)>; Return value:<[ id=1 name=client codeName=codeName salesTax=0.0 isDeleted=false company=null clientStatus=null]>]  at 2008-08-29 23:59:03.671
[Exiting method <com.topcoder.clients.manager.dao.DAOClientManager.setClientCodeName(Client client, String codeName)>; Return value:<[ id=1 name=client codeName=codeName salesTax=0.0 isDeleted=false company=null clientStatus=null]>]  at 2008-08-29 23:59:03.671
retrieve took 0 ms
[Entering method <com.topcoder.clients.manager.dao.DAOClientManager.setClientStatus(Client client, ClientStatus status)>; Parameters:{ ParamName<client>; ParamValue: <[ id=1 name=client codeName=null salesTax=0.0 isDeleted=false company=null clientStatus=null]> , ParamName<status>; ParamValue: <[ id=3 name=client status description=des isDeleted=false]>  }  at 2008-08-29 23:59:03.671 ]
[Entering method <com.topcoder.clients.manager.dao.DAOClientManager.updateClient(Client client)>; Parameters:{ ParamName<client>; ParamValue: <[ id=1 name=client codeName=null salesTax=0.0 isDeleted=false company=null clientStatus=[ id=3 name=client status description=des isDeleted=false&#x5d;&#x5d;&gt;  }  at 2008-08-29 23:59:03.671 ]
[Exiting method <com.topcoder.clients.manager.dao.DAOClientManager.updateClient(Client client)>; Return value:<[ id=1 name=client codeName=null salesTax=0.0 isDeleted=false company=null clientStatus=[ id=3 name=client status description=des isDeleted=false&#x5d;&#x5d;&gt;]  at 2008-08-29 23:59:03.671
[Exiting method <com.topcoder.clients.manager.dao.DAOClientManager.setClientStatus(Client client, ClientStatus status)>; Return value:<[ id=1 name=client codeName=null salesTax=0.0 isDeleted=false company=null clientStatus=[ id=3 name=client status description=des isDeleted=false&#x5d;&#x5d;&gt;]  at 2008-08-29 23:59:03.671
[Entering method <com.topcoder.clients.manager.dao.DAOClientManager.setClientStatus(Client client, ClientStatus status)>; Parameters:{ ParamName<client>; ParamValue: <[ id=1 name=client codeName=null salesTax=0.0 isDeleted=false company=null clientStatus=null]> , ParamName<status>; ParamValue: <[ id=3 name=client status description=des isDeleted=false]>  }  at 2008-08-29 23:59:03.671 ]
[Entering method <com.topcoder.clients.manager.dao.DAOClientManager.updateClient(Client client)>; Parameters:{ ParamName<client>; ParamValue: <[ id=1 name=client codeName=null salesTax=0.0 isDeleted=false company=null clientStatus=[ id=3 name=client status description=des isDeleted=false&#x5d;&#x5d;&gt;  }  at 2008-08-29 23:59:03.671 ]
[Exiting method <com.topcoder.clients.manager.dao.DAOClientManager.updateClient(Client client)>; Return value:<[ id=1 name=client codeName=null salesTax=0.0 isDeleted=false company=null clientStatus=[ id=3 name=client status description=des isDeleted=false&#x5d;&#x5d;&gt;]  at 2008-08-29 23:59:03.671
[Exiting method <com.topcoder.clients.manager.dao.DAOClientManager.setClientStatus(Client client, ClientStatus status)>; Return value:<[ id=1 name=client codeName=null salesTax=0.0 isDeleted=false company=null clientStatus=[ id=3 name=client status description=des isDeleted=false&#x5d;&#x5d;&gt;]  at 2008-08-29 23:59:03.671
[Entering method <com.topcoder.clients.manager.dao.DAOClientManager.setClientStatus(Client client, ClientStatus status)>; Parameters:{ ParamName<client>; ParamValue: <[ id=1 name=client codeName=null salesTax=0.0 isDeleted=false company=null clientStatus=null]> , ParamName<status>; ParamValue: <[ id=3 name=client status description=des isDeleted=false]>  }  at 2008-08-29 23:59:03.671 ]
[Entering method <com.topcoder.clients.manager.dao.DAOClientManager.updateClient(Client client)>; Parameters:{ ParamName<client>; ParamValue: <[ id=1 name=client codeName=null salesTax=0.0 isDeleted=false company=null clientStatus=[ id=3 name=client status description=des isDeleted=false&#x5d;&#x5d;&gt;  }  at 2008-08-29 23:59:03.671 ]
[Exiting method <com.topcoder.clients.manager.dao.DAOClientManager.updateClient(Client client)>; Return value:<[ id=1 name=client codeName=null salesTax=0.0 isDeleted=false company=null clientStatus=[ id=3 name=client status description=des isDeleted=false&#x5d;&#x5d;&gt;]  at 2008-08-29 23:59:03.671
[Exiting method <com.topcoder.clients.manager.dao.DAOClientManager.setClientStatus(Client client, ClientStatus status)>; Return value:<[ id=1 name=client codeName=null salesTax=0.0 isDeleted=false company=null clientStatus=[ id=3 name=client status description=des isDeleted=false&#x5d;&#x5d;&gt;]  at 2008-08-29 23:59:03.671
[Entering method <com.topcoder.clients.manager.dao.DAOClientManager.setClientStatus(Client client, ClientStatus status)>; Parameters:{ ParamName<client>; ParamValue: <[ id=1 name=client codeName=null salesTax=0.0 isDeleted=false company=null clientStatus=null]> , ParamName<status>; ParamValue: <[ id=3 name=client status description=des isDeleted=false]>  }  at 2008-08-29 23:59:03.671 ]
[Entering method <com.topcoder.clients.manager.dao.DAOClientManager.updateClient(Client client)>; Parameters:{ ParamName<client>; ParamValue: <[ id=1 name=client codeName=null salesTax=0.0 isDeleted=false company=null clientStatus=[ id=3 name=client status description=des isDeleted=false&#x5d;&#x5d;&gt;  }  at 2008-08-29 23:59:03.687 ]
[Exiting method <com.topcoder.clients.manager.dao.DAOClientManager.updateClient(Client client)>; Return value:<[ id=1 name=client codeName=null salesTax=0.0 isDeleted=false company=null clientStatus=[ id=3 name=client status description=des isDeleted=false&#x5d;&#x5d;&gt;]  at 2008-08-29 23:59:03.687
[Exiting method <com.topcoder.clients.manager.dao.DAOClientManager.setClientStatus(Client client, ClientStatus status)>; Return value:<[ id=1 name=client codeName=null salesTax=0.0 isDeleted=false company=null clientStatus=[ id=3 name=client status description=des isDeleted=false&#x5d;&#x5d;&gt;]  at 2008-08-29 23:59:03.687
[Entering method <com.topcoder.clients.manager.dao.DAOClientManager.setClientStatus(Client client, ClientStatus status)>; Parameters:{ ParamName<client>; ParamValue: <[ id=1 name=client codeName=null salesTax=0.0 isDeleted=false company=null clientStatus=null]> , ParamName<status>; ParamValue: <[ id=3 name=client status description=des isDeleted=false]>  }  at 2008-08-29 23:59:03.687 ]
[Entering method <com.topcoder.clients.manager.dao.DAOClientManager.updateClient(Client client)>; Parameters:{ ParamName<client>; ParamValue: <[ id=1 name=client codeName=null salesTax=0.0 isDeleted=false company=null clientStatus=[ id=3 name=client status description=des isDeleted=false&#x5d;&#x5d;&gt;  }  at 2008-08-29 23:59:03.687 ]
[Exiting method <com.topcoder.clients.manager.dao.DAOClientManager.updateClient(Client client)>; Return value:<[ id=1 name=client codeName=null salesTax=0.0 isDeleted=false company=null clientStatus=[ id=3 name=client status description=des isDeleted=false&#x5d;&#x5d;&gt;]  at 2008-08-29 23:59:03.687
[Exiting method <com.topcoder.clients.manager.dao.DAOClientManager.setClientStatus(Client client, ClientStatus status)>; Return value:<[ id=1 name=client codeName=null salesTax=0.0 isDeleted=false company=null clientStatus=[ id=3 name=client status description=des isDeleted=false&#x5d;&#x5d;&gt;]  at 2008-08-29 23:59:03.687
[Entering method <com.topcoder.clients.manager.dao.DAOClientManager.setClientStatus(Client client, ClientStatus status)>; Parameters:{ ParamName<client>; ParamValue: <[ id=1 name=client codeName=null salesTax=0.0 isDeleted=false company=null clientStatus=null]> , ParamName<status>; ParamValue: <[ id=3 name=client status description=des isDeleted=false]>  }  at 2008-08-29 23:59:03.687 ]
[Entering method <com.topcoder.clients.manager.dao.DAOClientManager.updateClient(Client client)>; Parameters:{ ParamName<client>; ParamValue: <[ id=1 name=client codeName=null salesTax=0.0 isDeleted=false company=null clientStatus=[ id=3 name=client status description=des isDeleted=false&#x5d;&#x5d;&gt;  }  at 2008-08-29 23:59:03.687 ]
[Exiting method <com.topcoder.clients.manager.dao.DAOClientManager.updateClient(Client client)>; Return value:<[ id=1 name=client codeName=null salesTax=0.0 isDeleted=false company=null clientStatus=[ id=3 name=client status description=des isDeleted=false&#x5d;&#x5d;&gt;]  at 2008-08-29 23:59:03.687
[Exiting method <com.topcoder.clients.manager.dao.DAOClientManager.setClientStatus(Client client, ClientStatus status)>; Return value:<[ id=1 name=client codeName=null salesTax=0.0 isDeleted=false company=null clientStatus=[ id=3 name=client status description=des isDeleted=false&#x5d;&#x5d;&gt;]  at 2008-08-29 23:59:03.687
[Entering method <com.topcoder.clients.manager.dao.DAOClientManager.setClientStatus(Client client, ClientStatus status)>; Parameters:{ ParamName<client>; ParamValue: <[ id=1 name=client codeName=null salesTax=0.0 isDeleted=false company=null clientStatus=null]> , ParamName<status>; ParamValue: <[ id=3 name=client status description=des isDeleted=false]>  }  at 2008-08-29 23:59:03.687 ]
[Entering method <com.topcoder.clients.manager.dao.DAOClientManager.updateClient(Client client)>; Parameters:{ ParamName<client>; ParamValue: <[ id=1 name=client codeName=null salesTax=0.0 isDeleted=false company=null clientStatus=[ id=3 name=client status description=des isDeleted=false&#x5d;&#x5d;&gt;  }  at 2008-08-29 23:59:03.687 ]
[Exiting method <com.topcoder.clients.manager.dao.DAOClientManager.updateClient(Client client)>; Return value:<[ id=1 name=client codeName=null salesTax=0.0 isDeleted=false company=null clientStatus=[ id=3 name=client status description=des isDeleted=false&#x5d;&#x5d;&gt;]  at 2008-08-29 23:59:03.687
[Exiting method <com.topcoder.clients.manager.dao.DAOClientManager.setClientStatus(Client client, ClientStatus status)>; Return value:<[ id=1 name=client codeName=null salesTax=0.0 isDeleted=false company=null clientStatus=[ id=3 name=client status description=des isDeleted=false&#x5d;&#x5d;&gt;]  at 2008-08-29 23:59:03.687
[Entering method <com.topcoder.clients.manager.dao.DAOClientManager.setClientStatus(Client client, ClientStatus status)>; Parameters:{ ParamName<client>; ParamValue: <[ id=1 name=client codeName=null salesTax=0.0 isDeleted=false company=null clientStatus=null]> , ParamName<status>; ParamValue: <[ id=3 name=client status description=des isDeleted=false]>  }  at 2008-08-29 23:59:03.687 ]
[Entering method <com.topcoder.clients.manager.dao.DAOClientManager.updateClient(Client client)>; Parameters:{ ParamName<client>; ParamValue: <[ id=1 name=client codeName=null salesTax=0.0 isDeleted=false company=null clientStatus=[ id=3 name=client status description=des isDeleted=false&#x5d;&#x5d;&gt;  }  at 2008-08-29 23:59:03.687 ]
[Exiting method <com.topcoder.clients.manager.dao.DAOClientManager.updateClient(Client client)>; Return value:<[ id=1 name=client codeName=null salesTax=0.0 isDeleted=false company=null clientStatus=[ id=3 name=client status description=des isDeleted=false&#x5d;&#x5d;&gt;]  at 2008-08-29 23:59:03.687
[Exiting method <com.topcoder.clients.manager.dao.DAOClientManager.setClientStatus(Client client, ClientStatus status)>; Return value:<[ id=1 name=client codeName=null salesTax=0.0 isDeleted=false company=null clientStatus=[ id=3 name=client status description=des isDeleted=false&#x5d;&#x5d;&gt;]  at 2008-08-29 23:59:03.687
[Entering method <com.topcoder.clients.manager.dao.DAOClientManager.setClientStatus(Client client, ClientStatus status)>; Parameters:{ ParamName<client>; ParamValue: <[ id=1 name=client codeName=null salesTax=0.0 isDeleted=false company=null clientStatus=null]> , ParamName<status>; ParamValue: <[ id=3 name=client status description=des isDeleted=false]>  }  at 2008-08-29 23:59:03.687 ]
[Entering method <com.topcoder.clients.manager.dao.DAOClientManager.updateClient(Client client)>; Parameters:{ ParamName<client>; ParamValue: <[ id=1 name=client codeName=null salesTax=0.0 isDeleted=false company=null clientStatus=[ id=3 name=client status description=des isDeleted=false&#x5d;&#x5d;&gt;  }  at 2008-08-29 23:59:03.687 ]
[Exiting method <com.topcoder.clients.manager.dao.DAOClientManager.updateClient(Client client)>; Return value:<[ id=1 name=client codeName=null salesTax=0.0 isDeleted=false company=null clientStatus=[ id=3 name=client status description=des isDeleted=false&#x5d;&#x5d;&gt;]  at 2008-08-29 23:59:03.687
[Exiting method <com.topcoder.clients.manager.dao.DAOClientManager.setClientStatus(Client client, ClientStatus status)>; Return value:<[ id=1 name=client codeName=null salesTax=0.0 isDeleted=false company=null clientStatus=[ id=3 name=client status description=des isDeleted=false&#x5d;&#x5d;&gt;]  at 2008-08-29 23:59:03.687
[Entering method <com.topcoder.clients.manager.dao.DAOClientManager.setClientStatus(Client client, ClientStatus status)>; Parameters:{ ParamName<client>; ParamValue: <[ id=1 name=client codeName=null salesTax=0.0 isDeleted=false company=null clientStatus=null]> , ParamName<status>; ParamValue: <[ id=3 name=client status description=des isDeleted=false]>  }  at 2008-08-29 23:59:03.687 ]
[Entering method <com.topcoder.clients.manager.dao.DAOClientManager.updateClient(Client client)>; Parameters:{ ParamName<client>; ParamValue: <[ id=1 name=client codeName=null salesTax=0.0 isDeleted=false company=null clientStatus=[ id=3 name=client status description=des isDeleted=false&#x5d;&#x5d;&gt;  }  at 2008-08-29 23:59:03.687 ]
[Exiting method <com.topcoder.clients.manager.dao.DAOClientManager.updateClient(Client client)>; Return value:<[ id=1 name=client codeName=null salesTax=0.0 isDeleted=false company=null clientStatus=[ id=3 name=client status description=des isDeleted=false&#x5d;&#x5d;&gt;]  at 2008-08-29 23:59:03.687
[Exiting method <com.topcoder.clients.manager.dao.DAOClientManager.setClientStatus(Client client, ClientStatus status)>; Return value:<[ id=1 name=client codeName=null salesTax=0.0 isDeleted=false company=null clientStatus=[ id=3 name=client status description=des isDeleted=false&#x5d;&#x5d;&gt;]  at 2008-08-29 23:59:03.687
retrieve took 16 ms
[Entering method <com.topcoder.clients.manager.dao.DAOClientManager.retrieveClient(long id)>; Parameters:{ ParamName<id>; ParamValue: <1>  }  at 2008-08-29 23:59:03.687 ]
[Exiting method <com.topcoder.clients.manager.dao.DAOClientManager.retrieveClient(long id)>; Return value:<[ id=1 name=client codeName=null salesTax=0.0 isDeleted=false company=null clientStatus=null]>]  at 2008-08-29 23:59:03.687
[Entering method <com.topcoder.clients.manager.dao.DAOClientManager.retrieveClient(long id)>; Parameters:{ ParamName<id>; ParamValue: <1>  }  at 2008-08-29 23:59:03.687 ]
[Exiting method <com.topcoder.clients.manager.dao.DAOClientManager.retrieveClient(long id)>; Return value:<[ id=1 name=client codeName=null salesTax=0.0 isDeleted=false company=null clientStatus=null]>]  at 2008-08-29 23:59:03.687
[Entering method <com.topcoder.clients.manager.dao.DAOClientManager.retrieveClient(long id)>; Parameters:{ ParamName<id>; ParamValue: <1>  }  at 2008-08-29 23:59:03.687 ]
[Exiting method <com.topcoder.clients.manager.dao.DAOClientManager.retrieveClient(long id)>; Return value:<[ id=1 name=client codeName=null salesTax=0.0 isDeleted=false company=null clientStatus=null]>]  at 2008-08-29 23:59:03.687
[Entering method <com.topcoder.clients.manager.dao.DAOClientManager.retrieveClient(long id)>; Parameters:{ ParamName<id>; ParamValue: <1>  }  at 2008-08-29 23:59:03.687 ]
[Exiting method <com.topcoder.clients.manager.dao.DAOClientManager.retrieveClient(long id)>; Return value:<[ id=1 name=client codeName=null salesTax=0.0 isDeleted=false company=null clientStatus=null]>]  at 2008-08-29 23:59:03.687
[Entering method <com.topcoder.clients.manager.dao.DAOClientManager.retrieveClient(long id)>; Parameters:{ ParamName<id>; ParamValue: <1>  }  at 2008-08-29 23:59:03.687 ]
[Exiting method <com.topcoder.clients.manager.dao.DAOClientManager.retrieveClient(long id)>; Return value:<[ id=1 name=client codeName=null salesTax=0.0 isDeleted=false company=null clientStatus=null]>]  at 2008-08-29 23:59:03.687
[Entering method <com.topcoder.clients.manager.dao.DAOClientManager.retrieveClient(long id)>; Parameters:{ ParamName<id>; ParamValue: <1>  }  at 2008-08-29 23:59:03.687 ]
[Exiting method <com.topcoder.clients.manager.dao.DAOClientManager.retrieveClient(long id)>; Return value:<[ id=1 name=client codeName=null salesTax=0.0 isDeleted=false company=null clientStatus=null]>]  at 2008-08-29 23:59:03.687
[Entering method <com.topcoder.clients.manager.dao.DAOClientManager.retrieveClient(long id)>; Parameters:{ ParamName<id>; ParamValue: <1>  }  at 2008-08-29 23:59:03.687 ]
[Exiting method <com.topcoder.clients.manager.dao.DAOClientManager.retrieveClient(long id)>; Return value:<[ id=1 name=client codeName=null salesTax=0.0 isDeleted=false company=null clientStatus=null]>]  at 2008-08-29 23:59:03.687
[Entering method <com.topcoder.clients.manager.dao.DAOClientManager.retrieveClient(long id)>; Parameters:{ ParamName<id>; ParamValue: <1>  }  at 2008-08-29 23:59:03.687 ]
[Exiting method <com.topcoder.clients.manager.dao.DAOClientManager.retrieveClient(long id)>; Return value:<[ id=1 name=client codeName=null salesTax=0.0 isDeleted=false company=null clientStatus=null]>]  at 2008-08-29 23:59:03.687
[Entering method <com.topcoder.clients.manager.dao.DAOClientManager.retrieveClient(long id)>; Parameters:{ ParamName<id>; ParamValue: <1>  }  at 2008-08-29 23:59:03.687 ]
[Exiting method <com.topcoder.clients.manager.dao.DAOClientManager.retrieveClient(long id)>; Return value:<[ id=1 name=client codeName=null salesTax=0.0 isDeleted=false company=null clientStatus=null]>]  at 2008-08-29 23:59:03.687
[Entering method <com.topcoder.clients.manager.dao.DAOClientManager.retrieveClient(long id)>; Parameters:{ ParamName<id>; ParamValue: <1>  }  at 2008-08-29 23:59:03.687 ]
[Exiting method <com.topcoder.clients.manager.dao.DAOClientManager.retrieveClient(long id)>; Return value:<[ id=1 name=client codeName=null salesTax=0.0 isDeleted=false company=null clientStatus=null]>]  at 2008-08-29 23:59:03.687
retrieve took 0 ms
[Entering method <com.topcoder.clients.manager.dao.DAOClientManager.getAllClientStatuses>; Parameters:{ }  at 2008-08-29 23:59:03.687 ]
[Exiting method <com.topcoder.clients.manager.dao.DAOClientManager.getAllClientStatuses>; Return value:<[[ id=3 name=client status description=des isDeleted=false] ]>]  at 2008-08-29 23:59:03.687
[Entering method <com.topcoder.clients.manager.dao.DAOClientManager.getAllClientStatuses>; Parameters:{ }  at 2008-08-29 23:59:03.687 ]
[Exiting method <com.topcoder.clients.manager.dao.DAOClientManager.getAllClientStatuses>; Return value:<[[ id=3 name=client status description=des isDeleted=false] ]>]  at 2008-08-29 23:59:03.687
[Entering method <com.topcoder.clients.manager.dao.DAOClientManager.getAllClientStatuses>; Parameters:{ }  at 2008-08-29 23:59:03.687 ]
[Exiting method <com.topcoder.clients.manager.dao.DAOClientManager.getAllClientStatuses>; Return value:<[[ id=3 name=client status description=des isDeleted=false] ]>]  at 2008-08-29 23:59:03.687
[Entering method <com.topcoder.clients.manager.dao.DAOClientManager.getAllClientStatuses>; Parameters:{ }  at 2008-08-29 23:59:03.687 ]
[Exiting method <com.topcoder.clients.manager.dao.DAOClientManager.getAllClientStatuses>; Return value:<[[ id=3 name=client status description=des isDeleted=false] ]>]  at 2008-08-29 23:59:03.687
[Entering method <com.topcoder.clients.manager.dao.DAOClientManager.getAllClientStatuses>; Parameters:{ }  at 2008-08-29 23:59:03.687 ]
[Exiting method <com.topcoder.clients.manager.dao.DAOClientManager.getAllClientStatuses>; Return value:<[[ id=3 name=client status description=des isDeleted=false] ]>]  at 2008-08-29 23:59:03.687
[Entering method <com.topcoder.clients.manager.dao.DAOClientManager.getAllClientStatuses>; Parameters:{ }  at 2008-08-29 23:59:03.687 ]
[Exiting method <com.topcoder.clients.manager.dao.DAOClientManager.getAllClientStatuses>; Return value:<[[ id=3 name=client status description=des isDeleted=false] ]>]  at 2008-08-29 23:59:03.687
[Entering method <com.topcoder.clients.manager.dao.DAOClientManager.getAllClientStatuses>; Parameters:{ }  at 2008-08-29 23:59:03.687 ]
[Exiting method <com.topcoder.clients.manager.dao.DAOClientManager.getAllClientStatuses>; Return value:<[[ id=3 name=client status description=des isDeleted=false] ]>]  at 2008-08-29 23:59:03.687
[Entering method <com.topcoder.clients.manager.dao.DAOClientManager.getAllClientStatuses>; Parameters:{ }  at 2008-08-29 23:59:03.687 ]
[Exiting method <com.topcoder.clients.manager.dao.DAOClientManager.getAllClientStatuses>; Return value:<[[ id=3 name=client status description=des isDeleted=false] ]>]  at 2008-08-29 23:59:03.687
[Entering method <com.topcoder.clients.manager.dao.DAOClientManager.getAllClientStatuses>; Parameters:{ }  at 2008-08-29 23:59:03.687 ]
[Exiting method <com.topcoder.clients.manager.dao.DAOClientManager.getAllClientStatuses>; Return value:<[[ id=3 name=client status description=des isDeleted=false] ]>]  at 2008-08-29 23:59:03.687
[Entering method <com.topcoder.clients.manager.dao.DAOClientManager.getAllClientStatuses>; Parameters:{ }  at 2008-08-29 23:59:03.687 ]
[Exiting method <com.topcoder.clients.manager.dao.DAOClientManager.getAllClientStatuses>; Return value:<[[ id=3 name=client status description=des isDeleted=false] ]>]  at 2008-08-29 23:59:03.687
retrieve took 0 ms
[Entering method <com.topcoder.clients.manager.dao.DAOCompanyManager.retrieveAllCompanies>; Parameters:{ }  at 2008-08-29 23:59:03.703 ]
[Exiting method <com.topcoder.clients.manager.dao.DAOCompanyManager.retrieveAllCompanies>; Return value:<[[ id=2 name=company passcode=passcode isDeleted=false] ]>]  at 2008-08-29 23:59:03.703
[Entering method <com.topcoder.clients.manager.dao.DAOCompanyManager.retrieveAllCompanies>; Parameters:{ }  at 2008-08-29 23:59:03.703 ]
[Exiting method <com.topcoder.clients.manager.dao.DAOCompanyManager.retrieveAllCompanies>; Return value:<[[ id=2 name=company passcode=passcode isDeleted=false] ]>]  at 2008-08-29 23:59:03.703
[Entering method <com.topcoder.clients.manager.dao.DAOCompanyManager.retrieveAllCompanies>; Parameters:{ }  at 2008-08-29 23:59:03.703 ]
[Exiting method <com.topcoder.clients.manager.dao.DAOCompanyManager.retrieveAllCompanies>; Return value:<[[ id=2 name=company passcode=passcode isDeleted=false] ]>]  at 2008-08-29 23:59:03.703
[Entering method <com.topcoder.clients.manager.dao.DAOCompanyManager.retrieveAllCompanies>; Parameters:{ }  at 2008-08-29 23:59:03.703 ]
[Exiting method <com.topcoder.clients.manager.dao.DAOCompanyManager.retrieveAllCompanies>; Return value:<[[ id=2 name=company passcode=passcode isDeleted=false] ]>]  at 2008-08-29 23:59:03.703
[Entering method <com.topcoder.clients.manager.dao.DAOCompanyManager.retrieveAllCompanies>; Parameters:{ }  at 2008-08-29 23:59:03.703 ]
[Exiting method <com.topcoder.clients.manager.dao.DAOCompanyManager.retrieveAllCompanies>; Return value:<[[ id=2 name=company passcode=passcode isDeleted=false] ]>]  at 2008-08-29 23:59:03.703
[Entering method <com.topcoder.clients.manager.dao.DAOCompanyManager.retrieveAllCompanies>; Parameters:{ }  at 2008-08-29 23:59:03.703 ]
[Exiting method <com.topcoder.clients.manager.dao.DAOCompanyManager.retrieveAllCompanies>; Return value:<[[ id=2 name=company passcode=passcode isDeleted=false] ]>]  at 2008-08-29 23:59:03.703
[Entering method <com.topcoder.clients.manager.dao.DAOCompanyManager.retrieveAllCompanies>; Parameters:{ }  at 2008-08-29 23:59:03.703 ]
[Exiting method <com.topcoder.clients.manager.dao.DAOCompanyManager.retrieveAllCompanies>; Return value:<[[ id=2 name=company passcode=passcode isDeleted=false] ]>]  at 2008-08-29 23:59:03.703
[Entering method <com.topcoder.clients.manager.dao.DAOCompanyManager.retrieveAllCompanies>; Parameters:{ }  at 2008-08-29 23:59:03.703 ]
[Exiting method <com.topcoder.clients.manager.dao.DAOCompanyManager.retrieveAllCompanies>; Return value:<[[ id=2 name=company passcode=passcode isDeleted=false] ]>]  at 2008-08-29 23:59:03.703
[Entering method <com.topcoder.clients.manager.dao.DAOCompanyManager.retrieveAllCompanies>; Parameters:{ }  at 2008-08-29 23:59:03.703 ]
[Exiting method <com.topcoder.clients.manager.dao.DAOCompanyManager.retrieveAllCompanies>; Return value:<[[ id=2 name=company passcode=passcode isDeleted=false] ]>]  at 2008-08-29 23:59:03.703
[Entering method <com.topcoder.clients.manager.dao.DAOCompanyManager.retrieveAllCompanies>; Parameters:{ }  at 2008-08-29 23:59:03.703 ]
[Exiting method <com.topcoder.clients.manager.dao.DAOCompanyManager.retrieveAllCompanies>; Return value:<[[ id=2 name=company passcode=passcode isDeleted=false] ]>]  at 2008-08-29 23:59:03.703
retrieve took 0 ms
[Entering method <com.topcoder.clients.manager.dao.DAOCompanyManager.createCompany(Company company)>; Parameters:{ ParamName<company>; ParamValue: <[ id=2 name=company passcode=passcode isDeleted=false]>  }  at 2008-08-29 23:59:03.703 ]
[Exiting method <com.topcoder.clients.manager.dao.DAOCompanyManager.createCompany(Company company)>; Return value:<[ id=168 name=company passcode=passcode isDeleted=false]>]  at 2008-08-29 23:59:03.703
[Entering method <com.topcoder.clients.manager.dao.DAOCompanyManager.createCompany(Company company)>; Parameters:{ ParamName<company>; ParamValue: <[ id=2 name=company passcode=passcode isDeleted=false]>  }  at 2008-08-29 23:59:03.703 ]
[Exiting method <com.topcoder.clients.manager.dao.DAOCompanyManager.createCompany(Company company)>; Return value:<[ id=169 name=company passcode=passcode isDeleted=false]>]  at 2008-08-29 23:59:03.703
[Entering method <com.topcoder.clients.manager.dao.DAOCompanyManager.createCompany(Company company)>; Parameters:{ ParamName<company>; ParamValue: <[ id=2 name=company passcode=passcode isDeleted=false]>  }  at 2008-08-29 23:59:03.703 ]
[Exiting method <com.topcoder.clients.manager.dao.DAOCompanyManager.createCompany(Company company)>; Return value:<[ id=170 name=company passcode=passcode isDeleted=false]>]  at 2008-08-29 23:59:03.703
[Entering method <com.topcoder.clients.manager.dao.DAOCompanyManager.createCompany(Company company)>; Parameters:{ ParamName<company>; ParamValue: <[ id=2 name=company passcode=passcode isDeleted=false]>  }  at 2008-08-29 23:59:03.703 ]
[Exiting method <com.topcoder.clients.manager.dao.DAOCompanyManager.createCompany(Company company)>; Return value:<[ id=171 name=company passcode=passcode isDeleted=false]>]  at 2008-08-29 23:59:03.703
[Entering method <com.topcoder.clients.manager.dao.DAOCompanyManager.createCompany(Company company)>; Parameters:{ ParamName<company>; ParamValue: <[ id=2 name=company passcode=passcode isDeleted=false]>  }  at 2008-08-29 23:59:03.703 ]
[Exiting method <com.topcoder.clients.manager.dao.DAOCompanyManager.createCompany(Company company)>; Return value:<[ id=172 name=company passcode=passcode isDeleted=false]>]  at 2008-08-29 23:59:03.703
[Entering method <com.topcoder.clients.manager.dao.DAOCompanyManager.createCompany(Company company)>; Parameters:{ ParamName<company>; ParamValue: <[ id=2 name=company passcode=passcode isDeleted=false]>  }  at 2008-08-29 23:59:03.703 ]
[Exiting method <com.topcoder.clients.manager.dao.DAOCompanyManager.createCompany(Company company)>; Return value:<[ id=173 name=company passcode=passcode isDeleted=false]>]  at 2008-08-29 23:59:03.703
[Entering method <com.topcoder.clients.manager.dao.DAOCompanyManager.createCompany(Company company)>; Parameters:{ ParamName<company>; ParamValue: <[ id=2 name=company passcode=passcode isDeleted=false]>  }  at 2008-08-29 23:59:03.703 ]
[Exiting method <com.topcoder.clients.manager.dao.DAOCompanyManager.createCompany(Company company)>; Return value:<[ id=174 name=company passcode=passcode isDeleted=false]>]  at 2008-08-29 23:59:03.703
[Entering method <com.topcoder.clients.manager.dao.DAOCompanyManager.createCompany(Company company)>; Parameters:{ ParamName<company>; ParamValue: <[ id=2 name=company passcode=passcode isDeleted=false]>  }  at 2008-08-29 23:59:03.703 ]
[Exiting method <com.topcoder.clients.manager.dao.DAOCompanyManager.createCompany(Company company)>; Return value:<[ id=175 name=company passcode=passcode isDeleted=false]>]  at 2008-08-29 23:59:03.703
[Entering method <com.topcoder.clients.manager.dao.DAOCompanyManager.createCompany(Company company)>; Parameters:{ ParamName<company>; ParamValue: <[ id=2 name=company passcode=passcode isDeleted=false]>  }  at 2008-08-29 23:59:03.703 ]
[Exiting method <com.topcoder.clients.manager.dao.DAOCompanyManager.createCompany(Company company)>; Return value:<[ id=176 name=company passcode=passcode isDeleted=false]>]  at 2008-08-29 23:59:03.703
[Entering method <com.topcoder.clients.manager.dao.DAOCompanyManager.createCompany(Company company)>; Parameters:{ ParamName<company>; ParamValue: <[ id=2 name=company passcode=passcode isDeleted=false]>  }  at 2008-08-29 23:59:03.703 ]
[Exiting method <com.topcoder.clients.manager.dao.DAOCompanyManager.createCompany(Company company)>; Return value:<[ id=177 name=company passcode=passcode isDeleted=false]>]  at 2008-08-29 23:59:03.703
retrieve took 0 ms
[Entering method <com.topcoder.clients.manager.dao.DAOCompanyManager.deleteCompany(Company company)>; Parameters:{ ParamName<company>; ParamValue: <[ id=2 name=company passcode=passcode isDeleted=false]>  }  at 2008-08-29 23:59:03.703 ]
[Exiting method <com.topcoder.clients.manager.dao.DAOCompanyManager.deleteCompany(Company company)>; Return value:<[ id=2 name=company passcode=passcode isDeleted=true]>]  at 2008-08-29 23:59:03.703
[Entering method <com.topcoder.clients.manager.dao.DAOCompanyManager.deleteCompany(Company company)>; Parameters:{ ParamName<company>; ParamValue: <[ id=2 name=company passcode=passcode isDeleted=false]>  }  at 2008-08-29 23:59:03.703 ]
[Exiting method <com.topcoder.clients.manager.dao.DAOCompanyManager.deleteCompany(Company company)>; Return value:<[ id=2 name=company passcode=passcode isDeleted=true]>]  at 2008-08-29 23:59:03.703
[Entering method <com.topcoder.clients.manager.dao.DAOCompanyManager.deleteCompany(Company company)>; Parameters:{ ParamName<company>; ParamValue: <[ id=2 name=company passcode=passcode isDeleted=false]>  }  at 2008-08-29 23:59:03.703 ]
[Exiting method <com.topcoder.clients.manager.dao.DAOCompanyManager.deleteCompany(Company company)>; Return value:<[ id=2 name=company passcode=passcode isDeleted=true]>]  at 2008-08-29 23:59:03.703
[Entering method <com.topcoder.clients.manager.dao.DAOCompanyManager.deleteCompany(Company company)>; Parameters:{ ParamName<company>; ParamValue: <[ id=2 name=company passcode=passcode isDeleted=false]>  }  at 2008-08-29 23:59:03.703 ]
[Exiting method <com.topcoder.clients.manager.dao.DAOCompanyManager.deleteCompany(Company company)>; Return value:<[ id=2 name=company passcode=passcode isDeleted=true]>]  at 2008-08-29 23:59:03.703
[Entering method <com.topcoder.clients.manager.dao.DAOCompanyManager.deleteCompany(Company company)>; Parameters:{ ParamName<company>; ParamValue: <[ id=2 name=company passcode=passcode isDeleted=false]>  }  at 2008-08-29 23:59:03.703 ]
[Exiting method <com.topcoder.clients.manager.dao.DAOCompanyManager.deleteCompany(Company company)>; Return value:<[ id=2 name=company passcode=passcode isDeleted=true]>]  at 2008-08-29 23:59:03.703
[Entering method <com.topcoder.clients.manager.dao.DAOCompanyManager.deleteCompany(Company company)>; Parameters:{ ParamName<company>; ParamValue: <[ id=2 name=company passcode=passcode isDeleted=false]>  }  at 2008-08-29 23:59:03.703 ]
[Exiting method <com.topcoder.clients.manager.dao.DAOCompanyManager.deleteCompany(Company company)>; Return value:<[ id=2 name=company passcode=passcode isDeleted=true]>]  at 2008-08-29 23:59:03.703
[Entering method <com.topcoder.clients.manager.dao.DAOCompanyManager.deleteCompany(Company company)>; Parameters:{ ParamName<company>; ParamValue: <[ id=2 name=company passcode=passcode isDeleted=false]>  }  at 2008-08-29 23:59:03.703 ]
[Exiting method <com.topcoder.clients.manager.dao.DAOCompanyManager.deleteCompany(Company company)>; Return value:<[ id=2 name=company passcode=passcode isDeleted=true]>]  at 2008-08-29 23:59:03.703
[Entering method <com.topcoder.clients.manager.dao.DAOCompanyManager.deleteCompany(Company company)>; Parameters:{ ParamName<company>; ParamValue: <[ id=2 name=company passcode=passcode isDeleted=false]>  }  at 2008-08-29 23:59:03.703 ]
[Exiting method <com.topcoder.clients.manager.dao.DAOCompanyManager.deleteCompany(Company company)>; Return value:<[ id=2 name=company passcode=passcode isDeleted=true]>]  at 2008-08-29 23:59:03.703
[Entering method <com.topcoder.clients.manager.dao.DAOCompanyManager.deleteCompany(Company company)>; Parameters:{ ParamName<company>; ParamValue: <[ id=2 name=company passcode=passcode isDeleted=false]>  }  at 2008-08-29 23:59:03.703 ]
[Exiting method <com.topcoder.clients.manager.dao.DAOCompanyManager.deleteCompany(Company company)>; Return value:<[ id=2 name=company passcode=passcode isDeleted=true]>]  at 2008-08-29 23:59:03.703
[Entering method <com.topcoder.clients.manager.dao.DAOCompanyManager.deleteCompany(Company company)>; Parameters:{ ParamName<company>; ParamValue: <[ id=2 name=company passcode=passcode isDeleted=false]>  }  at 2008-08-29 23:59:03.703 ]
[Exiting method <com.topcoder.clients.manager.dao.DAOCompanyManager.deleteCompany(Company company)>; Return value:<[ id=2 name=company passcode=passcode isDeleted=true]>]  at 2008-08-29 23:59:03.703
retrieve took 0 ms
[Entering method <com.topcoder.clients.manager.dao.DAOCompanyManager.searchCompaniesByName(String name)>; Parameters:{ ParamName<name>; ParamValue: <company>  }  at 2008-08-29 23:59:03.718 ]
[Exiting method <com.topcoder.clients.manager.dao.DAOCompanyManager.searchCompaniesByName(String name)>; Return value:<[[ id=2 name=company passcode=passcode isDeleted=false] ]>]  at 2008-08-29 23:59:03.718
[Entering method <com.topcoder.clients.manager.dao.DAOCompanyManager.searchCompaniesByName(String name)>; Parameters:{ ParamName<name>; ParamValue: <company>  }  at 2008-08-29 23:59:03.718 ]
[Exiting method <com.topcoder.clients.manager.dao.DAOCompanyManager.searchCompaniesByName(String name)>; Return value:<[[ id=2 name=company passcode=passcode isDeleted=false] ]>]  at 2008-08-29 23:59:03.718
[Entering method <com.topcoder.clients.manager.dao.DAOCompanyManager.searchCompaniesByName(String name)>; Parameters:{ ParamName<name>; ParamValue: <company>  }  at 2008-08-29 23:59:03.718 ]
[Exiting method <com.topcoder.clients.manager.dao.DAOCompanyManager.searchCompaniesByName(String name)>; Return value:<[[ id=2 name=company passcode=passcode isDeleted=false] ]>]  at 2008-08-29 23:59:03.718
[Entering method <com.topcoder.clients.manager.dao.DAOCompanyManager.searchCompaniesByName(String name)>; Parameters:{ ParamName<name>; ParamValue: <company>  }  at 2008-08-29 23:59:03.718 ]
[Exiting method <com.topcoder.clients.manager.dao.DAOCompanyManager.searchCompaniesByName(String name)>; Return value:<[[ id=2 name=company passcode=passcode isDeleted=false] ]>]  at 2008-08-29 23:59:03.718
[Entering method <com.topcoder.clients.manager.dao.DAOCompanyManager.searchCompaniesByName(String name)>; Parameters:{ ParamName<name>; ParamValue: <company>  }  at 2008-08-29 23:59:03.718 ]
[Exiting method <com.topcoder.clients.manager.dao.DAOCompanyManager.searchCompaniesByName(String name)>; Return value:<[[ id=2 name=company passcode=passcode isDeleted=false] ]>]  at 2008-08-29 23:59:03.718
[Entering method <com.topcoder.clients.manager.dao.DAOCompanyManager.searchCompaniesByName(String name)>; Parameters:{ ParamName<name>; ParamValue: <company>  }  at 2008-08-29 23:59:03.718 ]
[Exiting method <com.topcoder.clients.manager.dao.DAOCompanyManager.searchCompaniesByName(String name)>; Return value:<[[ id=2 name=company passcode=passcode isDeleted=false] ]>]  at 2008-08-29 23:59:03.718
[Entering method <com.topcoder.clients.manager.dao.DAOCompanyManager.searchCompaniesByName(String name)>; Parameters:{ ParamName<name>; ParamValue: <company>  }  at 2008-08-29 23:59:03.718 ]
[Exiting method <com.topcoder.clients.manager.dao.DAOCompanyManager.searchCompaniesByName(String name)>; Return value:<[[ id=2 name=company passcode=passcode isDeleted=false] ]>]  at 2008-08-29 23:59:03.718
[Entering method <com.topcoder.clients.manager.dao.DAOCompanyManager.searchCompaniesByName(String name)>; Parameters:{ ParamName<name>; ParamValue: <company>  }  at 2008-08-29 23:59:03.718 ]
[Exiting method <com.topcoder.clients.manager.dao.DAOCompanyManager.searchCompaniesByName(String name)>; Return value:<[[ id=2 name=company passcode=passcode isDeleted=false] ]>]  at 2008-08-29 23:59:03.718
[Entering method <com.topcoder.clients.manager.dao.DAOCompanyManager.searchCompaniesByName(String name)>; Parameters:{ ParamName<name>; ParamValue: <company>  }  at 2008-08-29 23:59:03.718 ]
[Exiting method <com.topcoder.clients.manager.dao.DAOCompanyManager.searchCompaniesByName(String name)>; Return value:<[[ id=2 name=company passcode=passcode isDeleted=false] ]>]  at 2008-08-29 23:59:03.718
[Entering method <com.topcoder.clients.manager.dao.DAOCompanyManager.searchCompaniesByName(String name)>; Parameters:{ ParamName<name>; ParamValue: <company>  }  at 2008-08-29 23:59:03.718 ]
[Exiting method <com.topcoder.clients.manager.dao.DAOCompanyManager.searchCompaniesByName(String name)>; Return value:<[[ id=2 name=company passcode=passcode isDeleted=false] ]>]  at 2008-08-29 23:59:03.718
retrieve took 0 ms
[Entering method <com.topcoder.clients.manager.dao.DAOCompanyManager.getClientsForCompany(Company company)>; Parameters:{ ParamName<company>; ParamValue: <[ id=2 name=company passcode=passcode isDeleted=false]>  }  at 2008-08-29 23:59:03.718 ]
[Exiting method <com.topcoder.clients.manager.dao.DAOCompanyManager.getClientsForCompany(Company company)>; Return value:<[[ id=1 name=client codeName=null salesTax=0.0 isDeleted=false company=null clientStatus=null] ]>]  at 2008-08-29 23:59:03.718
[Entering method <com.topcoder.clients.manager.dao.DAOCompanyManager.getClientsForCompany(Company company)>; Parameters:{ ParamName<company>; ParamValue: <[ id=2 name=company passcode=passcode isDeleted=false]>  }  at 2008-08-29 23:59:03.718 ]
[Exiting method <com.topcoder.clients.manager.dao.DAOCompanyManager.getClientsForCompany(Company company)>; Return value:<[[ id=1 name=client codeName=null salesTax=0.0 isDeleted=false company=null clientStatus=null] ]>]  at 2008-08-29 23:59:03.718
[Entering method <com.topcoder.clients.manager.dao.DAOCompanyManager.getClientsForCompany(Company company)>; Parameters:{ ParamName<company>; ParamValue: <[ id=2 name=company passcode=passcode isDeleted=false]>  }  at 2008-08-29 23:59:03.718 ]
[Exiting method <com.topcoder.clients.manager.dao.DAOCompanyManager.getClientsForCompany(Company company)>; Return value:<[[ id=1 name=client codeName=null salesTax=0.0 isDeleted=false company=null clientStatus=null] ]>]  at 2008-08-29 23:59:03.718
[Entering method <com.topcoder.clients.manager.dao.DAOCompanyManager.getClientsForCompany(Company company)>; Parameters:{ ParamName<company>; ParamValue: <[ id=2 name=company passcode=passcode isDeleted=false]>  }  at 2008-08-29 23:59:03.718 ]
[Exiting method <com.topcoder.clients.manager.dao.DAOCompanyManager.getClientsForCompany(Company company)>; Return value:<[[ id=1 name=client codeName=null salesTax=0.0 isDeleted=false company=null clientStatus=null] ]>]  at 2008-08-29 23:59:03.718
[Entering method <com.topcoder.clients.manager.dao.DAOCompanyManager.getClientsForCompany(Company company)>; Parameters:{ ParamName<company>; ParamValue: <[ id=2 name=company passcode=passcode isDeleted=false]>  }  at 2008-08-29 23:59:03.718 ]
[Exiting method <com.topcoder.clients.manager.dao.DAOCompanyManager.getClientsForCompany(Company company)>; Return value:<[[ id=1 name=client codeName=null salesTax=0.0 isDeleted=false company=null clientStatus=null] ]>]  at 2008-08-29 23:59:03.718
[Entering method <com.topcoder.clients.manager.dao.DAOCompanyManager.getClientsForCompany(Company company)>; Parameters:{ ParamName<company>; ParamValue: <[ id=2 name=company passcode=passcode isDeleted=false]>  }  at 2008-08-29 23:59:03.718 ]
[Exiting method <com.topcoder.clients.manager.dao.DAOCompanyManager.getClientsForCompany(Company company)>; Return value:<[[ id=1 name=client codeName=null salesTax=0.0 isDeleted=false company=null clientStatus=null] ]>]  at 2008-08-29 23:59:03.718
[Entering method <com.topcoder.clients.manager.dao.DAOCompanyManager.getClientsForCompany(Company company)>; Parameters:{ ParamName<company>; ParamValue: <[ id=2 name=company passcode=passcode isDeleted=false]>  }  at 2008-08-29 23:59:03.718 ]
[Exiting method <com.topcoder.clients.manager.dao.DAOCompanyManager.getClientsForCompany(Company company)>; Return value:<[[ id=1 name=client codeName=null salesTax=0.0 isDeleted=false company=null clientStatus=null] ]>]  at 2008-08-29 23:59:03.718
[Entering method <com.topcoder.clients.manager.dao.DAOCompanyManager.getClientsForCompany(Company company)>; Parameters:{ ParamName<company>; ParamValue: <[ id=2 name=company passcode=passcode isDeleted=false]>  }  at 2008-08-29 23:59:03.718 ]
[Exiting method <com.topcoder.clients.manager.dao.DAOCompanyManager.getClientsForCompany(Company company)>; Return value:<[[ id=1 name=client codeName=null salesTax=0.0 isDeleted=false company=null clientStatus=null] ]>]  at 2008-08-29 23:59:03.718
[Entering method <com.topcoder.clients.manager.dao.DAOCompanyManager.getClientsForCompany(Company company)>; Parameters:{ ParamName<company>; ParamValue: <[ id=2 name=company passcode=passcode isDeleted=false]>  }  at 2008-08-29 23:59:03.718 ]
[Exiting method <com.topcoder.clients.manager.dao.DAOCompanyManager.getClientsForCompany(Company company)>; Return value:<[[ id=1 name=client codeName=null salesTax=0.0 isDeleted=false company=null clientStatus=null] ]>]  at 2008-08-29 23:59:03.718
[Entering method <com.topcoder.clients.manager.dao.DAOCompanyManager.getClientsForCompany(Company company)>; Parameters:{ ParamName<company>; ParamValue: <[ id=2 name=company passcode=passcode isDeleted=false]>  }  at 2008-08-29 23:59:03.718 ]
[Exiting method <com.topcoder.clients.manager.dao.DAOCompanyManager.getClientsForCompany(Company company)>; Return value:<[[ id=1 name=client codeName=null salesTax=0.0 isDeleted=false company=null clientStatus=null] ]>]  at 2008-08-29 23:59:03.718
retrieve took 0 ms
[Entering method <com.topcoder.clients.manager.dao.DAOCompanyManager.getProjectsForCompany(Company company)>; Parameters:{ ParamName<company>; ParamValue: <[ id=2 name=company passcode=passcode isDeleted=false]>  }  at 2008-08-29 23:59:03.718 ]
[Exiting method <com.topcoder.clients.manager.dao.DAOCompanyManager.getProjectsForCompany(Company company)>; Return value:<[[ id=10 name=project description=description parentProjectId=0 salesTax=10.0 client=null company=null childProjects=null] ]>]  at 2008-08-29 23:59:03.718
[Entering method <com.topcoder.clients.manager.dao.DAOCompanyManager.getProjectsForCompany(Company company)>; Parameters:{ ParamName<company>; ParamValue: <[ id=2 name=company passcode=passcode isDeleted=false]>  }  at 2008-08-29 23:59:03.718 ]
[Exiting method <com.topcoder.clients.manager.dao.DAOCompanyManager.getProjectsForCompany(Company company)>; Return value:<[[ id=10 name=project description=description parentProjectId=0 salesTax=10.0 client=null company=null childProjects=null] ]>]  at 2008-08-29 23:59:03.718
[Entering method <com.topcoder.clients.manager.dao.DAOCompanyManager.getProjectsForCompany(Company company)>; Parameters:{ ParamName<company>; ParamValue: <[ id=2 name=company passcode=passcode isDeleted=false]>  }  at 2008-08-29 23:59:03.718 ]
[Exiting method <com.topcoder.clients.manager.dao.DAOCompanyManager.getProjectsForCompany(Company company)>; Return value:<[[ id=10 name=project description=description parentProjectId=0 salesTax=10.0 client=null company=null childProjects=null] ]>]  at 2008-08-29 23:59:03.718
[Entering method <com.topcoder.clients.manager.dao.DAOCompanyManager.getProjectsForCompany(Company company)>; Parameters:{ ParamName<company>; ParamValue: <[ id=2 name=company passcode=passcode isDeleted=false]>  }  at 2008-08-29 23:59:03.718 ]
[Exiting method <com.topcoder.clients.manager.dao.DAOCompanyManager.getProjectsForCompany(Company company)>; Return value:<[[ id=10 name=project description=description parentProjectId=0 salesTax=10.0 client=null company=null childProjects=null] ]>]  at 2008-08-29 23:59:03.718
[Entering method <com.topcoder.clients.manager.dao.DAOCompanyManager.getProjectsForCompany(Company company)>; Parameters:{ ParamName<company>; ParamValue: <[ id=2 name=company passcode=passcode isDeleted=false]>  }  at 2008-08-29 23:59:03.718 ]
[Exiting method <com.topcoder.clients.manager.dao.DAOCompanyManager.getProjectsForCompany(Company company)>; Return value:<[[ id=10 name=project description=description parentProjectId=0 salesTax=10.0 client=null company=null childProjects=null] ]>]  at 2008-08-29 23:59:03.718
[Entering method <com.topcoder.clients.manager.dao.DAOCompanyManager.getProjectsForCompany(Company company)>; Parameters:{ ParamName<company>; ParamValue: <[ id=2 name=company passcode=passcode isDeleted=false]>  }  at 2008-08-29 23:59:03.718 ]
[Exiting method <com.topcoder.clients.manager.dao.DAOCompanyManager.getProjectsForCompany(Company company)>; Return value:<[[ id=10 name=project description=description parentProjectId=0 salesTax=10.0 client=null company=null childProjects=null] ]>]  at 2008-08-29 23:59:03.718
[Entering method <com.topcoder.clients.manager.dao.DAOCompanyManager.getProjectsForCompany(Company company)>; Parameters:{ ParamName<company>; ParamValue: <[ id=2 name=company passcode=passcode isDeleted=false]>  }  at 2008-08-29 23:59:03.718 ]
[Exiting method <com.topcoder.clients.manager.dao.DAOCompanyManager.getProjectsForCompany(Company company)>; Return value:<[[ id=10 name=project description=description parentProjectId=0 salesTax=10.0 client=null company=null childProjects=null] ]>]  at 2008-08-29 23:59:03.718
[Entering method <com.topcoder.clients.manager.dao.DAOCompanyManager.getProjectsForCompany(Company company)>; Parameters:{ ParamName<company>; ParamValue: <[ id=2 name=company passcode=passcode isDeleted=false]>  }  at 2008-08-29 23:59:03.718 ]
[Exiting method <com.topcoder.clients.manager.dao.DAOCompanyManager.getProjectsForCompany(Company company)>; Return value:<[[ id=10 name=project description=description parentProjectId=0 salesTax=10.0 client=null company=null childProjects=null] ]>]  at 2008-08-29 23:59:03.718
[Entering method <com.topcoder.clients.manager.dao.DAOCompanyManager.getProjectsForCompany(Company company)>; Parameters:{ ParamName<company>; ParamValue: <[ id=2 name=company passcode=passcode isDeleted=false]>  }  at 2008-08-29 23:59:03.718 ]
[Exiting method <com.topcoder.clients.manager.dao.DAOCompanyManager.getProjectsForCompany(Company company)>; Return value:<[[ id=10 name=project description=description parentProjectId=0 salesTax=10.0 client=null company=null childProjects=null] ]>]  at 2008-08-29 23:59:03.718
[Entering method <com.topcoder.clients.manager.dao.DAOCompanyManager.getProjectsForCompany(Company company)>; Parameters:{ ParamName<company>; ParamValue: <[ id=2 name=company passcode=passcode isDeleted=false]>  }  at 2008-08-29 23:59:03.718 ]
[Exiting method <com.topcoder.clients.manager.dao.DAOCompanyManager.getProjectsForCompany(Company company)>; Return value:<[[ id=10 name=project description=description parentProjectId=0 salesTax=10.0 client=null company=null childProjects=null] ]>]  at 2008-08-29 23:59:03.718
retrieve took 0 ms
[Entering method <com.topcoder.clients.manager.dao.DAOCompanyManager.updateCompany(Company company)>; Parameters:{ ParamName<company>; ParamValue: <[ id=2 name=company passcode=passcode isDeleted=false]>  }  at 2008-08-29 23:59:03.734 ]
[Exiting method <com.topcoder.clients.manager.dao.DAOCompanyManager.updateCompany(Company company)>; Return value:<[ id=2 name=company passcode=passcode isDeleted=false]>]  at 2008-08-29 23:59:03.734
[Entering method <com.topcoder.clients.manager.dao.DAOCompanyManager.updateCompany(Company company)>; Parameters:{ ParamName<company>; ParamValue: <[ id=2 name=company passcode=passcode isDeleted=false]>  }  at 2008-08-29 23:59:03.734 ]
[Exiting method <com.topcoder.clients.manager.dao.DAOCompanyManager.updateCompany(Company company)>; Return value:<[ id=2 name=company passcode=passcode isDeleted=false]>]  at 2008-08-29 23:59:03.734
[Entering method <com.topcoder.clients.manager.dao.DAOCompanyManager.updateCompany(Company company)>; Parameters:{ ParamName<company>; ParamValue: <[ id=2 name=company passcode=passcode isDeleted=false]>  }  at 2008-08-29 23:59:03.734 ]
[Exiting method <com.topcoder.clients.manager.dao.DAOCompanyManager.updateCompany(Company company)>; Return value:<[ id=2 name=company passcode=passcode isDeleted=false]>]  at 2008-08-29 23:59:03.734
[Entering method <com.topcoder.clients.manager.dao.DAOCompanyManager.updateCompany(Company company)>; Parameters:{ ParamName<company>; ParamValue: <[ id=2 name=company passcode=passcode isDeleted=false]>  }  at 2008-08-29 23:59:03.734 ]
[Exiting method <com.topcoder.clients.manager.dao.DAOCompanyManager.updateCompany(Company company)>; Return value:<[ id=2 name=company passcode=passcode isDeleted=false]>]  at 2008-08-29 23:59:03.734
[Entering method <com.topcoder.clients.manager.dao.DAOCompanyManager.updateCompany(Company company)>; Parameters:{ ParamName<company>; ParamValue: <[ id=2 name=company passcode=passcode isDeleted=false]>  }  at 2008-08-29 23:59:03.734 ]
[Exiting method <com.topcoder.clients.manager.dao.DAOCompanyManager.updateCompany(Company company)>; Return value:<[ id=2 name=company passcode=passcode isDeleted=false]>]  at 2008-08-29 23:59:03.734
[Entering method <com.topcoder.clients.manager.dao.DAOCompanyManager.updateCompany(Company company)>; Parameters:{ ParamName<company>; ParamValue: <[ id=2 name=company passcode=passcode isDeleted=false]>  }  at 2008-08-29 23:59:03.734 ]
[Exiting method <com.topcoder.clients.manager.dao.DAOCompanyManager.updateCompany(Company company)>; Return value:<[ id=2 name=company passcode=passcode isDeleted=false]>]  at 2008-08-29 23:59:03.734
[Entering method <com.topcoder.clients.manager.dao.DAOCompanyManager.updateCompany(Company company)>; Parameters:{ ParamName<company>; ParamValue: <[ id=2 name=company passcode=passcode isDeleted=false]>  }  at 2008-08-29 23:59:03.734 ]
[Exiting method <com.topcoder.clients.manager.dao.DAOCompanyManager.updateCompany(Company company)>; Return value:<[ id=2 name=company passcode=passcode isDeleted=false]>]  at 2008-08-29 23:59:03.734
[Entering method <com.topcoder.clients.manager.dao.DAOCompanyManager.updateCompany(Company company)>; Parameters:{ ParamName<company>; ParamValue: <[ id=2 name=company passcode=passcode isDeleted=false]>  }  at 2008-08-29 23:59:03.734 ]
[Exiting method <com.topcoder.clients.manager.dao.DAOCompanyManager.updateCompany(Company company)>; Return value:<[ id=2 name=company passcode=passcode isDeleted=false]>]  at 2008-08-29 23:59:03.734
[Entering method <com.topcoder.clients.manager.dao.DAOCompanyManager.updateCompany(Company company)>; Parameters:{ ParamName<company>; ParamValue: <[ id=2 name=company passcode=passcode isDeleted=false]>  }  at 2008-08-29 23:59:03.734 ]
[Exiting method <com.topcoder.clients.manager.dao.DAOCompanyManager.updateCompany(Company company)>; Return value:<[ id=2 name=company passcode=passcode isDeleted=false]>]  at 2008-08-29 23:59:03.734
[Entering method <com.topcoder.clients.manager.dao.DAOCompanyManager.updateCompany(Company company)>; Parameters:{ ParamName<company>; ParamValue: <[ id=2 name=company passcode=passcode isDeleted=false]>  }  at 2008-08-29 23:59:03.734 ]
[Exiting method <com.topcoder.clients.manager.dao.DAOCompanyManager.updateCompany(Company company)>; Return value:<[ id=2 name=company passcode=passcode isDeleted=false]>]  at 2008-08-29 23:59:03.734
retrieve took 0 ms
[Entering method <com.topcoder.clients.manager.dao.DAOCompanyManager.retrieveCompany(long id)>; Parameters:{ ParamName<id>; ParamValue: <2>  }  at 2008-08-29 23:59:03.734 ]
[Exiting method <com.topcoder.clients.manager.dao.DAOCompanyManager.retrieveCompany(long id)>; Return value:<[ id=2 name=company passcode=passcode isDeleted=false]>]  at 2008-08-29 23:59:03.734
[Entering method <com.topcoder.clients.manager.dao.DAOCompanyManager.retrieveCompany(long id)>; Parameters:{ ParamName<id>; ParamValue: <2>  }  at 2008-08-29 23:59:03.734 ]
[Exiting method <com.topcoder.clients.manager.dao.DAOCompanyManager.retrieveCompany(long id)>; Return value:<[ id=2 name=company passcode=passcode isDeleted=false]>]  at 2008-08-29 23:59:03.734
[Entering method <com.topcoder.clients.manager.dao.DAOCompanyManager.retrieveCompany(long id)>; Parameters:{ ParamName<id>; ParamValue: <2>  }  at 2008-08-29 23:59:03.734 ]
[Exiting method <com.topcoder.clients.manager.dao.DAOCompanyManager.retrieveCompany(long id)>; Return value:<[ id=2 name=company passcode=passcode isDeleted=false]>]  at 2008-08-29 23:59:03.734
[Entering method <com.topcoder.clients.manager.dao.DAOCompanyManager.retrieveCompany(long id)>; Parameters:{ ParamName<id>; ParamValue: <2>  }  at 2008-08-29 23:59:03.734 ]
[Exiting method <com.topcoder.clients.manager.dao.DAOCompanyManager.retrieveCompany(long id)>; Return value:<[ id=2 name=company passcode=passcode isDeleted=false]>]  at 2008-08-29 23:59:03.734
[Entering method <com.topcoder.clients.manager.dao.DAOCompanyManager.retrieveCompany(long id)>; Parameters:{ ParamName<id>; ParamValue: <2>  }  at 2008-08-29 23:59:03.734 ]
[Exiting method <com.topcoder.clients.manager.dao.DAOCompanyManager.retrieveCompany(long id)>; Return value:<[ id=2 name=company passcode=passcode isDeleted=false]>]  at 2008-08-29 23:59:03.734
[Entering method <com.topcoder.clients.manager.dao.DAOCompanyManager.retrieveCompany(long id)>; Parameters:{ ParamName<id>; ParamValue: <2>  }  at 2008-08-29 23:59:03.734 ]
[Exiting method <com.topcoder.clients.manager.dao.DAOCompanyManager.retrieveCompany(long id)>; Return value:<[ id=2 name=company passcode=passcode isDeleted=false]>]  at 2008-08-29 23:59:03.734
[Entering method <com.topcoder.clients.manager.dao.DAOCompanyManager.retrieveCompany(long id)>; Parameters:{ ParamName<id>; ParamValue: <2>  }  at 2008-08-29 23:59:03.734 ]
[Exiting method <com.topcoder.clients.manager.dao.DAOCompanyManager.retrieveCompany(long id)>; Return value:<[ id=2 name=company passcode=passcode isDeleted=false]>]  at 2008-08-29 23:59:03.734
[Entering method <com.topcoder.clients.manager.dao.DAOCompanyManager.retrieveCompany(long id)>; Parameters:{ ParamName<id>; ParamValue: <2>  }  at 2008-08-29 23:59:03.734 ]
[Exiting method <com.topcoder.clients.manager.dao.DAOCompanyManager.retrieveCompany(long id)>; Return value:<[ id=2 name=company passcode=passcode isDeleted=false]>]  at 2008-08-29 23:59:03.734
[Entering method <com.topcoder.clients.manager.dao.DAOCompanyManager.retrieveCompany(long id)>; Parameters:{ ParamName<id>; ParamValue: <2>  }  at 2008-08-29 23:59:03.734 ]
[Exiting method <com.topcoder.clients.manager.dao.DAOCompanyManager.retrieveCompany(long id)>; Return value:<[ id=2 name=company passcode=passcode isDeleted=false]>]  at 2008-08-29 23:59:03.734
[Entering method <com.topcoder.clients.manager.dao.DAOCompanyManager.retrieveCompany(long id)>; Parameters:{ ParamName<id>; ParamValue: <2>  }  at 2008-08-29 23:59:03.734 ]
[Exiting method <com.topcoder.clients.manager.dao.DAOCompanyManager.retrieveCompany(long id)>; Return value:<[ id=2 name=company passcode=passcode isDeleted=false]>]  at 2008-08-29 23:59:03.734
retrieve took 0 ms
[Entering method <com.topcoder.clients.manager.dao.DAOCompanyManager.searchCompanies(Filter filter)>; Parameters:{ ParamName<filter>; ParamValue: <com.topcoder.search.builder.filter.EqualToFilter@1124746>  }  at 2008-08-29 23:59:03.734 ]
[Exiting method <com.topcoder.clients.manager.dao.DAOCompanyManager.searchCompanies(Filter filter)>; Return value:<[[ id=2 name=company passcode=passcode isDeleted=false] ]>]  at 2008-08-29 23:59:03.734
[Entering method <com.topcoder.clients.manager.dao.DAOCompanyManager.searchCompanies(Filter filter)>; Parameters:{ ParamName<filter>; ParamValue: <com.topcoder.search.builder.filter.EqualToFilter@105691e>  }  at 2008-08-29 23:59:03.734 ]
[Exiting method <com.topcoder.clients.manager.dao.DAOCompanyManager.searchCompanies(Filter filter)>; Return value:<[[ id=2 name=company passcode=passcode isDeleted=false] ]>]  at 2008-08-29 23:59:03.734
[Entering method <com.topcoder.clients.manager.dao.DAOCompanyManager.searchCompanies(Filter filter)>; Parameters:{ ParamName<filter>; ParamValue: <com.topcoder.search.builder.filter.EqualToFilter@383118>  }  at 2008-08-29 23:59:03.734 ]
[Exiting method <com.topcoder.clients.manager.dao.DAOCompanyManager.searchCompanies(Filter filter)>; Return value:<[[ id=2 name=company passcode=passcode isDeleted=false] ]>]  at 2008-08-29 23:59:03.734
[Entering method <com.topcoder.clients.manager.dao.DAOCompanyManager.searchCompanies(Filter filter)>; Parameters:{ ParamName<filter>; ParamValue: <com.topcoder.search.builder.filter.EqualToFilter@11f23e5>  }  at 2008-08-29 23:59:03.734 ]
[Exiting method <com.topcoder.clients.manager.dao.DAOCompanyManager.searchCompanies(Filter filter)>; Return value:<[[ id=2 name=company passcode=passcode isDeleted=false] ]>]  at 2008-08-29 23:59:03.734
[Entering method <com.topcoder.clients.manager.dao.DAOCompanyManager.searchCompanies(Filter filter)>; Parameters:{ ParamName<filter>; ParamValue: <com.topcoder.search.builder.filter.EqualToFilter@16dc861>  }  at 2008-08-29 23:59:03.734 ]
[Exiting method <com.topcoder.clients.manager.dao.DAOCompanyManager.searchCompanies(Filter filter)>; Return value:<[[ id=2 name=company passcode=passcode isDeleted=false] ]>]  at 2008-08-29 23:59:03.734
[Entering method <com.topcoder.clients.manager.dao.DAOCompanyManager.searchCompanies(Filter filter)>; Parameters:{ ParamName<filter>; ParamValue: <com.topcoder.search.builder.filter.EqualToFilter@7e8c4d>  }  at 2008-08-29 23:59:03.734 ]
[Exiting method <com.topcoder.clients.manager.dao.DAOCompanyManager.searchCompanies(Filter filter)>; Return value:<[[ id=2 name=company passcode=passcode isDeleted=false] ]>]  at 2008-08-29 23:59:03.734
[Entering method <com.topcoder.clients.manager.dao.DAOCompanyManager.searchCompanies(Filter filter)>; Parameters:{ ParamName<filter>; ParamValue: <com.topcoder.search.builder.filter.EqualToFilter@2d189c>  }  at 2008-08-29 23:59:03.734 ]
[Exiting method <com.topcoder.clients.manager.dao.DAOCompanyManager.searchCompanies(Filter filter)>; Return value:<[[ id=2 name=company passcode=passcode isDeleted=false] ]>]  at 2008-08-29 23:59:03.734
[Entering method <com.topcoder.clients.manager.dao.DAOCompanyManager.searchCompanies(Filter filter)>; Parameters:{ ParamName<filter>; ParamValue: <com.topcoder.search.builder.filter.EqualToFilter@aae86e>  }  at 2008-08-29 23:59:03.734 ]
[Exiting method <com.topcoder.clients.manager.dao.DAOCompanyManager.searchCompanies(Filter filter)>; Return value:<[[ id=2 name=company passcode=passcode isDeleted=false] ]>]  at 2008-08-29 23:59:03.734
[Entering method <com.topcoder.clients.manager.dao.DAOCompanyManager.searchCompanies(Filter filter)>; Parameters:{ ParamName<filter>; ParamValue: <com.topcoder.search.builder.filter.EqualToFilter@81a197>  }  at 2008-08-29 23:59:03.734 ]
[Exiting method <com.topcoder.clients.manager.dao.DAOCompanyManager.searchCompanies(Filter filter)>; Return value:<[[ id=2 name=company passcode=passcode isDeleted=false] ]>]  at 2008-08-29 23:59:03.734
[Entering method <com.topcoder.clients.manager.dao.DAOCompanyManager.searchCompanies(Filter filter)>; Parameters:{ ParamName<filter>; ParamValue: <com.topcoder.search.builder.filter.EqualToFilter@97d026>  }  at 2008-08-29 23:59:03.734 ]
[Exiting method <com.topcoder.clients.manager.dao.DAOCompanyManager.searchCompanies(Filter filter)>; Return value:<[[ id=2 name=company passcode=passcode isDeleted=false] ]>]  at 2008-08-29 23:59:03.734
retrieve took 0 ms
[Entering method <com.topcoder.clients.manager.dao.DAOProjectManager.getProjectStatus(long id)>; Parameters:{ ParamName<id>; ParamValue: <10>  }  at 2008-08-29 23:59:03.750 ]
[Exiting method <com.topcoder.clients.manager.dao.DAOProjectManager.getProjectStatus(long id)>; Return value:<[ id=10 name=project status description=des isDeleted=false]>]  at 2008-08-29 23:59:03.750
[Entering method <com.topcoder.clients.manager.dao.DAOProjectManager.getProjectStatus(long id)>; Parameters:{ ParamName<id>; ParamValue: <10>  }  at 2008-08-29 23:59:03.750 ]
[Exiting method <com.topcoder.clients.manager.dao.DAOProjectManager.getProjectStatus(long id)>; Return value:<[ id=10 name=project status description=des isDeleted=false]>]  at 2008-08-29 23:59:03.750
[Entering method <com.topcoder.clients.manager.dao.DAOProjectManager.getProjectStatus(long id)>; Parameters:{ ParamName<id>; ParamValue: <10>  }  at 2008-08-29 23:59:03.750 ]
[Exiting method <com.topcoder.clients.manager.dao.DAOProjectManager.getProjectStatus(long id)>; Return value:<[ id=10 name=project status description=des isDeleted=false]>]  at 2008-08-29 23:59:03.750
[Entering method <com.topcoder.clients.manager.dao.DAOProjectManager.getProjectStatus(long id)>; Parameters:{ ParamName<id>; ParamValue: <10>  }  at 2008-08-29 23:59:03.750 ]
[Exiting method <com.topcoder.clients.manager.dao.DAOProjectManager.getProjectStatus(long id)>; Return value:<[ id=10 name=project status description=des isDeleted=false]>]  at 2008-08-29 23:59:03.750
[Entering method <com.topcoder.clients.manager.dao.DAOProjectManager.getProjectStatus(long id)>; Parameters:{ ParamName<id>; ParamValue: <10>  }  at 2008-08-29 23:59:03.750 ]
[Exiting method <com.topcoder.clients.manager.dao.DAOProjectManager.getProjectStatus(long id)>; Return value:<[ id=10 name=project status description=des isDeleted=false]>]  at 2008-08-29 23:59:03.750
[Entering method <com.topcoder.clients.manager.dao.DAOProjectManager.getProjectStatus(long id)>; Parameters:{ ParamName<id>; ParamValue: <10>  }  at 2008-08-29 23:59:03.750 ]
[Exiting method <com.topcoder.clients.manager.dao.DAOProjectManager.getProjectStatus(long id)>; Return value:<[ id=10 name=project status description=des isDeleted=false]>]  at 2008-08-29 23:59:03.750
[Entering method <com.topcoder.clients.manager.dao.DAOProjectManager.getProjectStatus(long id)>; Parameters:{ ParamName<id>; ParamValue: <10>  }  at 2008-08-29 23:59:03.750 ]
[Exiting method <com.topcoder.clients.manager.dao.DAOProjectManager.getProjectStatus(long id)>; Return value:<[ id=10 name=project status description=des isDeleted=false]>]  at 2008-08-29 23:59:03.750
[Entering method <com.topcoder.clients.manager.dao.DAOProjectManager.getProjectStatus(long id)>; Parameters:{ ParamName<id>; ParamValue: <10>  }  at 2008-08-29 23:59:03.750 ]
[Exiting method <com.topcoder.clients.manager.dao.DAOProjectManager.getProjectStatus(long id)>; Return value:<[ id=10 name=project status description=des isDeleted=false]>]  at 2008-08-29 23:59:03.750
[Entering method <com.topcoder.clients.manager.dao.DAOProjectManager.getProjectStatus(long id)>; Parameters:{ ParamName<id>; ParamValue: <10>  }  at 2008-08-29 23:59:03.750 ]
[Exiting method <com.topcoder.clients.manager.dao.DAOProjectManager.getProjectStatus(long id)>; Return value:<[ id=10 name=project status description=des isDeleted=false]>]  at 2008-08-29 23:59:03.750
[Entering method <com.topcoder.clients.manager.dao.DAOProjectManager.getProjectStatus(long id)>; Parameters:{ ParamName<id>; ParamValue: <10>  }  at 2008-08-29 23:59:03.750 ]
[Exiting method <com.topcoder.clients.manager.dao.DAOProjectManager.getProjectStatus(long id)>; Return value:<[ id=10 name=project status description=des isDeleted=false]>]  at 2008-08-29 23:59:03.750
retrieve took 0 ms
[Entering method <com.topcoder.clients.manager.dao.DAOProjectManager.createProject(Project project, Client client)>; Parameters:{ ParamName<project>; ParamValue: <[ id=10 name=project description=description parentProjectId=0 salesTax=10.0 client=null company=null childProjects=null]> , ParamName<client>; ParamValue: <[ id=1 name=client codeName=null salesTax=0.0 isDeleted=false company=null clientStatus=null]>  }  at 2008-08-29 23:59:03.750 ]
[Exiting method <com.topcoder.clients.manager.dao.DAOProjectManager.createProject(Project project, Client client)>; Return value:<[ id=178 name=project description=description parentProjectId=0 salesTax=10.0 client=[ id=1 name=client codeName=null salesTax=0.0 isDeleted=false company=null clientStatus=null] company=null childProjects=null]>]  at 2008-08-29 23:59:03.750
[Entering method <com.topcoder.clients.manager.dao.DAOProjectManager.createProject(Project project, Client client)>; Parameters:{ ParamName<project>; ParamValue: <[ id=10 name=project description=description parentProjectId=0 salesTax=10.0 client=null company=null childProjects=null]> , ParamName<client>; ParamValue: <[ id=1 name=client codeName=null salesTax=0.0 isDeleted=false company=null clientStatus=null]>  }  at 2008-08-29 23:59:03.750 ]
[Exiting method <com.topcoder.clients.manager.dao.DAOProjectManager.createProject(Project project, Client client)>; Return value:<[ id=179 name=project description=description parentProjectId=0 salesTax=10.0 client=[ id=1 name=client codeName=null salesTax=0.0 isDeleted=false company=null clientStatus=null] company=null childProjects=null]>]  at 2008-08-29 23:59:03.750
[Entering method <com.topcoder.clients.manager.dao.DAOProjectManager.createProject(Project project, Client client)>; Parameters:{ ParamName<project>; ParamValue: <[ id=10 name=project description=description parentProjectId=0 salesTax=10.0 client=null company=null childProjects=null]> , ParamName<client>; ParamValue: <[ id=1 name=client codeName=null salesTax=0.0 isDeleted=false company=null clientStatus=null]>  }  at 2008-08-29 23:59:03.750 ]
[Exiting method <com.topcoder.clients.manager.dao.DAOProjectManager.createProject(Project project, Client client)>; Return value:<[ id=180 name=project description=description parentProjectId=0 salesTax=10.0 client=[ id=1 name=client codeName=null salesTax=0.0 isDeleted=false company=null clientStatus=null] company=null childProjects=null]>]  at 2008-08-29 23:59:03.750
[Entering method <com.topcoder.clients.manager.dao.DAOProjectManager.createProject(Project project, Client client)>; Parameters:{ ParamName<project>; ParamValue: <[ id=10 name=project description=description parentProjectId=0 salesTax=10.0 client=null company=null childProjects=null]> , ParamName<client>; ParamValue: <[ id=1 name=client codeName=null salesTax=0.0 isDeleted=false company=null clientStatus=null]>  }  at 2008-08-29 23:59:03.750 ]
[Exiting method <com.topcoder.clients.manager.dao.DAOProjectManager.createProject(Project project, Client client)>; Return value:<[ id=181 name=project description=description parentProjectId=0 salesTax=10.0 client=[ id=1 name=client codeName=null salesTax=0.0 isDeleted=false company=null clientStatus=null] company=null childProjects=null]>]  at 2008-08-29 23:59:03.968
[Entering method <com.topcoder.clients.manager.dao.DAOProjectManager.createProject(Project project, Client client)>; Parameters:{ ParamName<project>; ParamValue: <[ id=10 name=project description=description parentProjectId=0 salesTax=10.0 client=null company=null childProjects=null]> , ParamName<client>; ParamValue: <[ id=1 name=client codeName=null salesTax=0.0 isDeleted=false company=null clientStatus=null]>  }  at 2008-08-29 23:59:03.968 ]
[Exiting method <com.topcoder.clients.manager.dao.DAOProjectManager.createProject(Project project, Client client)>; Return value:<[ id=182 name=project description=description parentProjectId=0 salesTax=10.0 client=[ id=1 name=client codeName=null salesTax=0.0 isDeleted=false company=null clientStatus=null] company=null childProjects=null]>]  at 2008-08-29 23:59:03.968
[Entering method <com.topcoder.clients.manager.dao.DAOProjectManager.createProject(Project project, Client client)>; Parameters:{ ParamName<project>; ParamValue: <[ id=10 name=project description=description parentProjectId=0 salesTax=10.0 client=null company=null childProjects=null]> , ParamName<client>; ParamValue: <[ id=1 name=client codeName=null salesTax=0.0 isDeleted=false company=null clientStatus=null]>  }  at 2008-08-29 23:59:03.968 ]
[Exiting method <com.topcoder.clients.manager.dao.DAOProjectManager.createProject(Project project, Client client)>; Return value:<[ id=183 name=project description=description parentProjectId=0 salesTax=10.0 client=[ id=1 name=client codeName=null salesTax=0.0 isDeleted=false company=null clientStatus=null] company=null childProjects=null]>]  at 2008-08-29 23:59:03.968
[Entering method <com.topcoder.clients.manager.dao.DAOProjectManager.createProject(Project project, Client client)>; Parameters:{ ParamName<project>; ParamValue: <[ id=10 name=project description=description parentProjectId=0 salesTax=10.0 client=null company=null childProjects=null]> , ParamName<client>; ParamValue: <[ id=1 name=client codeName=null salesTax=0.0 isDeleted=false company=null clientStatus=null]>  }  at 2008-08-29 23:59:03.968 ]
[Exiting method <com.topcoder.clients.manager.dao.DAOProjectManager.createProject(Project project, Client client)>; Return value:<[ id=184 name=project description=description parentProjectId=0 salesTax=10.0 client=[ id=1 name=client codeName=null salesTax=0.0 isDeleted=false company=null clientStatus=null] company=null childProjects=null]>]  at 2008-08-29 23:59:03.968
[Entering method <com.topcoder.clients.manager.dao.DAOProjectManager.createProject(Project project, Client client)>; Parameters:{ ParamName<project>; ParamValue: <[ id=10 name=project description=description parentProjectId=0 salesTax=10.0 client=null company=null childProjects=null]> , ParamName<client>; ParamValue: <[ id=1 name=client codeName=null salesTax=0.0 isDeleted=false company=null clientStatus=null]>  }  at 2008-08-29 23:59:03.968 ]
[Exiting method <com.topcoder.clients.manager.dao.DAOProjectManager.createProject(Project project, Client client)>; Return value:<[ id=185 name=project description=description parentProjectId=0 salesTax=10.0 client=[ id=1 name=client codeName=null salesTax=0.0 isDeleted=false company=null clientStatus=null] company=null childProjects=null]>]  at 2008-08-29 23:59:03.968
[Entering method <com.topcoder.clients.manager.dao.DAOProjectManager.createProject(Project project, Client client)>; Parameters:{ ParamName<project>; ParamValue: <[ id=10 name=project description=description parentProjectId=0 salesTax=10.0 client=null company=null childProjects=null]> , ParamName<client>; ParamValue: <[ id=1 name=client codeName=null salesTax=0.0 isDeleted=false company=null clientStatus=null]>  }  at 2008-08-29 23:59:03.968 ]
[Exiting method <com.topcoder.clients.manager.dao.DAOProjectManager.createProject(Project project, Client client)>; Return value:<[ id=186 name=project description=description parentProjectId=0 salesTax=10.0 client=[ id=1 name=client codeName=null salesTax=0.0 isDeleted=false company=null clientStatus=null] company=null childProjects=null]>]  at 2008-08-29 23:59:03.968
[Entering method <com.topcoder.clients.manager.dao.DAOProjectManager.createProject(Project project, Client client)>; Parameters:{ ParamName<project>; ParamValue: <[ id=10 name=project description=description parentProjectId=0 salesTax=10.0 client=null company=null childProjects=null]> , ParamName<client>; ParamValue: <[ id=1 name=client codeName=null salesTax=0.0 isDeleted=false company=null clientStatus=null]>  }  at 2008-08-29 23:59:03.968 ]
[Exiting method <com.topcoder.clients.manager.dao.DAOProjectManager.createProject(Project project, Client client)>; Return value:<[ id=187 name=project description=description parentProjectId=0 salesTax=10.0 client=[ id=1 name=client codeName=null salesTax=0.0 isDeleted=false company=null clientStatus=null] company=null childProjects=null]>]  at 2008-08-29 23:59:03.968
retrieve took 218 ms
[Entering method <com.topcoder.clients.manager.dao.DAOProjectManager.updateProject(Project project)>; Parameters:{ ParamName<project>; ParamValue: <[ id=10 name=project description=description parentProjectId=0 salesTax=10.0 client=null company=null childProjects=null]>  }  at 2008-08-29 23:59:03.968 ]
[Exiting method <com.topcoder.clients.manager.dao.DAOProjectManager.updateProject(Project project)>; Return value:<[ id=10 name=project description=description parentProjectId=0 salesTax=10.0 client=null company=null childProjects=null]>]  at 2008-08-29 23:59:03.968
[Entering method <com.topcoder.clients.manager.dao.DAOProjectManager.updateProject(Project project)>; Parameters:{ ParamName<project>; ParamValue: <[ id=10 name=project description=description parentProjectId=0 salesTax=10.0 client=null company=null childProjects=null]>  }  at 2008-08-29 23:59:03.968 ]
[Exiting method <com.topcoder.clients.manager.dao.DAOProjectManager.updateProject(Project project)>; Return value:<[ id=10 name=project description=description parentProjectId=0 salesTax=10.0 client=null company=null childProjects=null]>]  at 2008-08-29 23:59:03.968
[Entering method <com.topcoder.clients.manager.dao.DAOProjectManager.updateProject(Project project)>; Parameters:{ ParamName<project>; ParamValue: <[ id=10 name=project description=description parentProjectId=0 salesTax=10.0 client=null company=null childProjects=null]>  }  at 2008-08-29 23:59:03.968 ]
[Exiting method <com.topcoder.clients.manager.dao.DAOProjectManager.updateProject(Project project)>; Return value:<[ id=10 name=project description=description parentProjectId=0 salesTax=10.0 client=null company=null childProjects=null]>]  at 2008-08-29 23:59:03.968
[Entering method <com.topcoder.clients.manager.dao.DAOProjectManager.updateProject(Project project)>; Parameters:{ ParamName<project>; ParamValue: <[ id=10 name=project description=description parentProjectId=0 salesTax=10.0 client=null company=null childProjects=null]>  }  at 2008-08-29 23:59:03.968 ]
[Exiting method <com.topcoder.clients.manager.dao.DAOProjectManager.updateProject(Project project)>; Return value:<[ id=10 name=project description=description parentProjectId=0 salesTax=10.0 client=null company=null childProjects=null]>]  at 2008-08-29 23:59:03.968
[Entering method <com.topcoder.clients.manager.dao.DAOProjectManager.updateProject(Project project)>; Parameters:{ ParamName<project>; ParamValue: <[ id=10 name=project description=description parentProjectId=0 salesTax=10.0 client=null company=null childProjects=null]>  }  at 2008-08-29 23:59:03.968 ]
[Exiting method <com.topcoder.clients.manager.dao.DAOProjectManager.updateProject(Project project)>; Return value:<[ id=10 name=project description=description parentProjectId=0 salesTax=10.0 client=null company=null childProjects=null]>]  at 2008-08-29 23:59:03.968
[Entering method <com.topcoder.clients.manager.dao.DAOProjectManager.updateProject(Project project)>; Parameters:{ ParamName<project>; ParamValue: <[ id=10 name=project description=description parentProjectId=0 salesTax=10.0 client=null company=null childProjects=null]>  }  at 2008-08-29 23:59:03.968 ]
[Exiting method <com.topcoder.clients.manager.dao.DAOProjectManager.updateProject(Project project)>; Return value:<[ id=10 name=project description=description parentProjectId=0 salesTax=10.0 client=null company=null childProjects=null]>]  at 2008-08-29 23:59:03.968
[Entering method <com.topcoder.clients.manager.dao.DAOProjectManager.updateProject(Project project)>; Parameters:{ ParamName<project>; ParamValue: <[ id=10 name=project description=description parentProjectId=0 salesTax=10.0 client=null company=null childProjects=null]>  }  at 2008-08-29 23:59:03.968 ]
[Exiting method <com.topcoder.clients.manager.dao.DAOProjectManager.updateProject(Project project)>; Return value:<[ id=10 name=project description=description parentProjectId=0 salesTax=10.0 client=null company=null childProjects=null]>]  at 2008-08-29 23:59:03.968
[Entering method <com.topcoder.clients.manager.dao.DAOProjectManager.updateProject(Project project)>; Parameters:{ ParamName<project>; ParamValue: <[ id=10 name=project description=description parentProjectId=0 salesTax=10.0 client=null company=null childProjects=null]>  }  at 2008-08-29 23:59:03.968 ]
[Exiting method <com.topcoder.clients.manager.dao.DAOProjectManager.updateProject(Project project)>; Return value:<[ id=10 name=project description=description parentProjectId=0 salesTax=10.0 client=null company=null childProjects=null]>]  at 2008-08-29 23:59:03.968
[Entering method <com.topcoder.clients.manager.dao.DAOProjectManager.updateProject(Project project)>; Parameters:{ ParamName<project>; ParamValue: <[ id=10 name=project description=description parentProjectId=0 salesTax=10.0 client=null company=null childProjects=null]>  }  at 2008-08-29 23:59:03.968 ]
[Exiting method <com.topcoder.clients.manager.dao.DAOProjectManager.updateProject(Project project)>; Return value:<[ id=10 name=project description=description parentProjectId=0 salesTax=10.0 client=null company=null childProjects=null]>]  at 2008-08-29 23:59:03.968
[Entering method <com.topcoder.clients.manager.dao.DAOProjectManager.updateProject(Project project)>; Parameters:{ ParamName<project>; ParamValue: <[ id=10 name=project description=description parentProjectId=0 salesTax=10.0 client=null company=null childProjects=null]>  }  at 2008-08-29 23:59:03.968 ]
[Exiting method <com.topcoder.clients.manager.dao.DAOProjectManager.updateProject(Project project)>; Return value:<[ id=10 name=project description=description parentProjectId=0 salesTax=10.0 client=null company=null childProjects=null]>]  at 2008-08-29 23:59:03.968
retrieve took 0 ms
[Entering method <com.topcoder.clients.manager.dao.DAOProjectManager.deleteProject(Project project) >; Parameters:{ ParamName<project>; ParamValue: <[ id=10 name=project description=description parentProjectId=0 salesTax=10.0 client=null company=null childProjects=null]>  }  at 2008-08-29 23:59:03.968 ]
[Exiting method <com.topcoder.clients.manager.dao.DAOProjectManager.deleteProject(Project project) >; Return value:<[ id=10 name=project description=description parentProjectId=0 salesTax=10.0 client=null company=null childProjects=null]>]  at 2008-08-29 23:59:03.968
[Entering method <com.topcoder.clients.manager.dao.DAOProjectManager.deleteProject(Project project) >; Parameters:{ ParamName<project>; ParamValue: <[ id=10 name=project description=description parentProjectId=0 salesTax=10.0 client=null company=null childProjects=null]>  }  at 2008-08-29 23:59:03.968 ]
[Exiting method <com.topcoder.clients.manager.dao.DAOProjectManager.deleteProject(Project project) >; Return value:<[ id=10 name=project description=description parentProjectId=0 salesTax=10.0 client=null company=null childProjects=null]>]  at 2008-08-29 23:59:03.968
[Entering method <com.topcoder.clients.manager.dao.DAOProjectManager.deleteProject(Project project) >; Parameters:{ ParamName<project>; ParamValue: <[ id=10 name=project description=description parentProjectId=0 salesTax=10.0 client=null company=null childProjects=null]>  }  at 2008-08-29 23:59:03.968 ]
[Exiting method <com.topcoder.clients.manager.dao.DAOProjectManager.deleteProject(Project project) >; Return value:<[ id=10 name=project description=description parentProjectId=0 salesTax=10.0 client=null company=null childProjects=null]>]  at 2008-08-29 23:59:03.968
[Entering method <com.topcoder.clients.manager.dao.DAOProjectManager.deleteProject(Project project) >; Parameters:{ ParamName<project>; ParamValue: <[ id=10 name=project description=description parentProjectId=0 salesTax=10.0 client=null company=null childProjects=null]>  }  at 2008-08-29 23:59:03.968 ]
[Exiting method <com.topcoder.clients.manager.dao.DAOProjectManager.deleteProject(Project project) >; Return value:<[ id=10 name=project description=description parentProjectId=0 salesTax=10.0 client=null company=null childProjects=null]>]  at 2008-08-29 23:59:03.968
[Entering method <com.topcoder.clients.manager.dao.DAOProjectManager.deleteProject(Project project) >; Parameters:{ ParamName<project>; ParamValue: <[ id=10 name=project description=description parentProjectId=0 salesTax=10.0 client=null company=null childProjects=null]>  }  at 2008-08-29 23:59:03.968 ]
[Exiting method <com.topcoder.clients.manager.dao.DAOProjectManager.deleteProject(Project project) >; Return value:<[ id=10 name=project description=description parentProjectId=0 salesTax=10.0 client=null company=null childProjects=null]>]  at 2008-08-29 23:59:03.968
[Entering method <com.topcoder.clients.manager.dao.DAOProjectManager.deleteProject(Project project) >; Parameters:{ ParamName<project>; ParamValue: <[ id=10 name=project description=description parentProjectId=0 salesTax=10.0 client=null company=null childProjects=null]>  }  at 2008-08-29 23:59:03.968 ]
[Exiting method <com.topcoder.clients.manager.dao.DAOProjectManager.deleteProject(Project project) >; Return value:<[ id=10 name=project description=description parentProjectId=0 salesTax=10.0 client=null company=null childProjects=null]>]  at 2008-08-29 23:59:03.968
[Entering method <com.topcoder.clients.manager.dao.DAOProjectManager.deleteProject(Project project) >; Parameters:{ ParamName<project>; ParamValue: <[ id=10 name=project description=description parentProjectId=0 salesTax=10.0 client=null company=null childProjects=null]>  }  at 2008-08-29 23:59:03.968 ]
[Exiting method <com.topcoder.clients.manager.dao.DAOProjectManager.deleteProject(Project project) >; Return value:<[ id=10 name=project description=description parentProjectId=0 salesTax=10.0 client=null company=null childProjects=null]>]  at 2008-08-29 23:59:03.968
[Entering method <com.topcoder.clients.manager.dao.DAOProjectManager.deleteProject(Project project) >; Parameters:{ ParamName<project>; ParamValue: <[ id=10 name=project description=description parentProjectId=0 salesTax=10.0 client=null company=null childProjects=null]>  }  at 2008-08-29 23:59:03.968 ]
[Exiting method <com.topcoder.clients.manager.dao.DAOProjectManager.deleteProject(Project project) >; Return value:<[ id=10 name=project description=description parentProjectId=0 salesTax=10.0 client=null company=null childProjects=null]>]  at 2008-08-29 23:59:03.968
[Entering method <com.topcoder.clients.manager.dao.DAOProjectManager.deleteProject(Project project) >; Parameters:{ ParamName<project>; ParamValue: <[ id=10 name=project description=description parentProjectId=0 salesTax=10.0 client=null company=null childProjects=null]>  }  at 2008-08-29 23:59:03.968 ]
[Exiting method <com.topcoder.clients.manager.dao.DAOProjectManager.deleteProject(Project project) >; Return value:<[ id=10 name=project description=description parentProjectId=0 salesTax=10.0 client=null company=null childProjects=null]>]  at 2008-08-29 23:59:03.968
[Entering method <com.topcoder.clients.manager.dao.DAOProjectManager.deleteProject(Project project) >; Parameters:{ ParamName<project>; ParamValue: <[ id=10 name=project description=description parentProjectId=0 salesTax=10.0 client=null company=null childProjects=null]>  }  at 2008-08-29 23:59:03.968 ]
[Exiting method <com.topcoder.clients.manager.dao.DAOProjectManager.deleteProject(Project project) >; Return value:<[ id=10 name=project description=description parentProjectId=0 salesTax=10.0 client=null company=null childProjects=null]>]  at 2008-08-29 23:59:03.968
retrieve took 0 ms
[Entering method <com.topcoder.clients.manager.dao.DAOProjectManager.retrieveProject(long id, boolean includeChildren)>; Parameters:{ ParamName<id>; ParamValue: <10> , ParamName<includeChildren>; ParamValue: <false>  }  at 2008-08-29 23:59:03.984 ]
[Exiting method <com.topcoder.clients.manager.dao.DAOProjectManager.retrieveProject(long id, boolean includeChildren)>; Return value:<[ id=10 name=project description=description parentProjectId=0 salesTax=10.0 client=null company=null childProjects=null]>]  at 2008-08-29 23:59:03.984
[Entering method <com.topcoder.clients.manager.dao.DAOProjectManager.retrieveProject(long id, boolean includeChildren)>; Parameters:{ ParamName<id>; ParamValue: <10> , ParamName<includeChildren>; ParamValue: <false>  }  at 2008-08-29 23:59:03.984 ]
[Exiting method <com.topcoder.clients.manager.dao.DAOProjectManager.retrieveProject(long id, boolean includeChildren)>; Return value:<[ id=10 name=project description=description parentProjectId=0 salesTax=10.0 client=null company=null childProjects=null]>]  at 2008-08-29 23:59:03.984
[Entering method <com.topcoder.clients.manager.dao.DAOProjectManager.retrieveProject(long id, boolean includeChildren)>; Parameters:{ ParamName<id>; ParamValue: <10> , ParamName<includeChildren>; ParamValue: <false>  }  at 2008-08-29 23:59:03.984 ]
[Exiting method <com.topcoder.clients.manager.dao.DAOProjectManager.retrieveProject(long id, boolean includeChildren)>; Return value:<[ id=10 name=project description=description parentProjectId=0 salesTax=10.0 client=null company=null childProjects=null]>]  at 2008-08-29 23:59:03.984
[Entering method <com.topcoder.clients.manager.dao.DAOProjectManager.retrieveProject(long id, boolean includeChildren)>; Parameters:{ ParamName<id>; ParamValue: <10> , ParamName<includeChildren>; ParamValue: <false>  }  at 2008-08-29 23:59:03.984 ]
[Exiting method <com.topcoder.clients.manager.dao.DAOProjectManager.retrieveProject(long id, boolean includeChildren)>; Return value:<[ id=10 name=project description=description parentProjectId=0 salesTax=10.0 client=null company=null childProjects=null]>]  at 2008-08-29 23:59:03.984
[Entering method <com.topcoder.clients.manager.dao.DAOProjectManager.retrieveProject(long id, boolean includeChildren)>; Parameters:{ ParamName<id>; ParamValue: <10> , ParamName<includeChildren>; ParamValue: <false>  }  at 2008-08-29 23:59:03.984 ]
[Exiting method <com.topcoder.clients.manager.dao.DAOProjectManager.retrieveProject(long id, boolean includeChildren)>; Return value:<[ id=10 name=project description=description parentProjectId=0 salesTax=10.0 client=null company=null childProjects=null]>]  at 2008-08-29 23:59:03.984
[Entering method <com.topcoder.clients.manager.dao.DAOProjectManager.retrieveProject(long id, boolean includeChildren)>; Parameters:{ ParamName<id>; ParamValue: <10> , ParamName<includeChildren>; ParamValue: <false>  }  at 2008-08-29 23:59:03.984 ]
[Exiting method <com.topcoder.clients.manager.dao.DAOProjectManager.retrieveProject(long id, boolean includeChildren)>; Return value:<[ id=10 name=project description=description parentProjectId=0 salesTax=10.0 client=null company=null childProjects=null]>]  at 2008-08-29 23:59:03.984
[Entering method <com.topcoder.clients.manager.dao.DAOProjectManager.retrieveProject(long id, boolean includeChildren)>; Parameters:{ ParamName<id>; ParamValue: <10> , ParamName<includeChildren>; ParamValue: <false>  }  at 2008-08-29 23:59:03.984 ]
[Exiting method <com.topcoder.clients.manager.dao.DAOProjectManager.retrieveProject(long id, boolean includeChildren)>; Return value:<[ id=10 name=project description=description parentProjectId=0 salesTax=10.0 client=null company=null childProjects=null]>]  at 2008-08-29 23:59:03.984
[Entering method <com.topcoder.clients.manager.dao.DAOProjectManager.retrieveProject(long id, boolean includeChildren)>; Parameters:{ ParamName<id>; ParamValue: <10> , ParamName<includeChildren>; ParamValue: <false>  }  at 2008-08-29 23:59:03.984 ]
[Exiting method <com.topcoder.clients.manager.dao.DAOProjectManager.retrieveProject(long id, boolean includeChildren)>; Return value:<[ id=10 name=project description=description parentProjectId=0 salesTax=10.0 client=null company=null childProjects=null]>]  at 2008-08-29 23:59:03.984
[Entering method <com.topcoder.clients.manager.dao.DAOProjectManager.retrieveProject(long id, boolean includeChildren)>; Parameters:{ ParamName<id>; ParamValue: <10> , ParamName<includeChildren>; ParamValue: <false>  }  at 2008-08-29 23:59:03.984 ]
[Exiting method <com.topcoder.clients.manager.dao.DAOProjectManager.retrieveProject(long id, boolean includeChildren)>; Return value:<[ id=10 name=project description=description parentProjectId=0 salesTax=10.0 client=null company=null childProjects=null]>]  at 2008-08-29 23:59:03.984
[Entering method <com.topcoder.clients.manager.dao.DAOProjectManager.retrieveProject(long id, boolean includeChildren)>; Parameters:{ ParamName<id>; ParamValue: <10> , ParamName<includeChildren>; ParamValue: <false>  }  at 2008-08-29 23:59:03.984 ]
[Exiting method <com.topcoder.clients.manager.dao.DAOProjectManager.retrieveProject(long id, boolean includeChildren)>; Return value:<[ id=10 name=project description=description parentProjectId=0 salesTax=10.0 client=null company=null childProjects=null]>]  at 2008-08-29 23:59:03.984
retrieve took 0 ms
[Entering method <com.topcoder.clients.manager.dao.DAOProjectManager.retrieveProjectsForClient(Client client, boolean includeChildren)>; Parameters:{ ParamName<client>; ParamValue: <[ id=1 name=client codeName=null salesTax=0.0 isDeleted=false company=null clientStatus=null]> , ParamName<includeChildren>; ParamValue: <false>  }  at 2008-08-29 23:59:03.984 ]
[Exiting method <com.topcoder.clients.manager.dao.DAOProjectManager.retrieveProjectsForClient(Client client, boolean includeChildren)>; Return value:<[[ id=10 name=project1 description=null parentProjectId=0 salesTax=0.0 client=null company=null childProjects=[]] [ id=20 name=project2 description=null parentProjectId=0 salesTax=0.0 client=null company=null childProjects=null] ]>]  at 2008-08-29 23:59:03.984
[Entering method <com.topcoder.clients.manager.dao.DAOProjectManager.retrieveProjectsForClient(Client client, boolean includeChildren)>; Parameters:{ ParamName<client>; ParamValue: <[ id=1 name=client codeName=null salesTax=0.0 isDeleted=false company=null clientStatus=null]> , ParamName<includeChildren>; ParamValue: <false>  }  at 2008-08-29 23:59:03.984 ]
[Exiting method <com.topcoder.clients.manager.dao.DAOProjectManager.retrieveProjectsForClient(Client client, boolean includeChildren)>; Return value:<[[ id=10 name=project1 description=null parentProjectId=0 salesTax=0.0 client=null company=null childProjects=[]] [ id=20 name=project2 description=null parentProjectId=0 salesTax=0.0 client=null company=null childProjects=null] ]>]  at 2008-08-29 23:59:03.984
[Entering method <com.topcoder.clients.manager.dao.DAOProjectManager.retrieveProjectsForClient(Client client, boolean includeChildren)>; Parameters:{ ParamName<client>; ParamValue: <[ id=1 name=client codeName=null salesTax=0.0 isDeleted=false company=null clientStatus=null]> , ParamName<includeChildren>; ParamValue: <false>  }  at 2008-08-29 23:59:03.984 ]
[Exiting method <com.topcoder.clients.manager.dao.DAOProjectManager.retrieveProjectsForClient(Client client, boolean includeChildren)>; Return value:<[[ id=10 name=project1 description=null parentProjectId=0 salesTax=0.0 client=null company=null childProjects=[]] [ id=20 name=project2 description=null parentProjectId=0 salesTax=0.0 client=null company=null childProjects=null] ]>]  at 2008-08-29 23:59:03.984
[Entering method <com.topcoder.clients.manager.dao.DAOProjectManager.retrieveProjectsForClient(Client client, boolean includeChildren)>; Parameters:{ ParamName<client>; ParamValue: <[ id=1 name=client codeName=null salesTax=0.0 isDeleted=false company=null clientStatus=null]> , ParamName<includeChildren>; ParamValue: <false>  }  at 2008-08-29 23:59:03.984 ]
[Exiting method <com.topcoder.clients.manager.dao.DAOProjectManager.retrieveProjectsForClient(Client client, boolean includeChildren)>; Return value:<[[ id=10 name=project1 description=null parentProjectId=0 salesTax=0.0 client=null company=null childProjects=[]] [ id=20 name=project2 description=null parentProjectId=0 salesTax=0.0 client=null company=null childProjects=null] ]>]  at 2008-08-29 23:59:03.984
[Entering method <com.topcoder.clients.manager.dao.DAOProjectManager.retrieveProjectsForClient(Client client, boolean includeChildren)>; Parameters:{ ParamName<client>; ParamValue: <[ id=1 name=client codeName=null salesTax=0.0 isDeleted=false company=null clientStatus=null]> , ParamName<includeChildren>; ParamValue: <false>  }  at 2008-08-29 23:59:03.984 ]
[Exiting method <com.topcoder.clients.manager.dao.DAOProjectManager.retrieveProjectsForClient(Client client, boolean includeChildren)>; Return value:<[[ id=10 name=project1 description=null parentProjectId=0 salesTax=0.0 client=null company=null childProjects=[]] [ id=20 name=project2 description=null parentProjectId=0 salesTax=0.0 client=null company=null childProjects=null] ]>]  at 2008-08-29 23:59:03.984
[Entering method <com.topcoder.clients.manager.dao.DAOProjectManager.retrieveProjectsForClient(Client client, boolean includeChildren)>; Parameters:{ ParamName<client>; ParamValue: <[ id=1 name=client codeName=null salesTax=0.0 isDeleted=false company=null clientStatus=null]> , ParamName<includeChildren>; ParamValue: <false>  }  at 2008-08-29 23:59:03.984 ]
[Exiting method <com.topcoder.clients.manager.dao.DAOProjectManager.retrieveProjectsForClient(Client client, boolean includeChildren)>; Return value:<[[ id=10 name=project1 description=null parentProjectId=0 salesTax=0.0 client=null company=null childProjects=[]] [ id=20 name=project2 description=null parentProjectId=0 salesTax=0.0 client=null company=null childProjects=null] ]>]  at 2008-08-29 23:59:03.984
[Entering method <com.topcoder.clients.manager.dao.DAOProjectManager.retrieveProjectsForClient(Client client, boolean includeChildren)>; Parameters:{ ParamName<client>; ParamValue: <[ id=1 name=client codeName=null salesTax=0.0 isDeleted=false company=null clientStatus=null]> , ParamName<includeChildren>; ParamValue: <false>  }  at 2008-08-29 23:59:03.984 ]
[Exiting method <com.topcoder.clients.manager.dao.DAOProjectManager.retrieveProjectsForClient(Client client, boolean includeChildren)>; Return value:<[[ id=10 name=project1 description=null parentProjectId=0 salesTax=0.0 client=null company=null childProjects=[]] [ id=20 name=project2 description=null parentProjectId=0 salesTax=0.0 client=null company=null childProjects=null] ]>]  at 2008-08-29 23:59:03.984
[Entering method <com.topcoder.clients.manager.dao.DAOProjectManager.retrieveProjectsForClient(Client client, boolean includeChildren)>; Parameters:{ ParamName<client>; ParamValue: <[ id=1 name=client codeName=null salesTax=0.0 isDeleted=false company=null clientStatus=null]> , ParamName<includeChildren>; ParamValue: <false>  }  at 2008-08-29 23:59:03.984 ]
[Exiting method <com.topcoder.clients.manager.dao.DAOProjectManager.retrieveProjectsForClient(Client client, boolean includeChildren)>; Return value:<[[ id=10 name=project1 description=null parentProjectId=0 salesTax=0.0 client=null company=null childProjects=[]] [ id=20 name=project2 description=null parentProjectId=0 salesTax=0.0 client=null company=null childProjects=null] ]>]  at 2008-08-29 23:59:03.984
[Entering method <com.topcoder.clients.manager.dao.DAOProjectManager.retrieveProjectsForClient(Client client, boolean includeChildren)>; Parameters:{ ParamName<client>; ParamValue: <[ id=1 name=client codeName=null salesTax=0.0 isDeleted=false company=null clientStatus=null]> , ParamName<includeChildren>; ParamValue: <false>  }  at 2008-08-29 23:59:03.984 ]
[Exiting method <com.topcoder.clients.manager.dao.DAOProjectManager.retrieveProjectsForClient(Client client, boolean includeChildren)>; Return value:<[[ id=10 name=project1 description=null parentProjectId=0 salesTax=0.0 client=null company=null childProjects=[]] [ id=20 name=project2 description=null parentProjectId=0 salesTax=0.0 client=null company=null childProjects=null] ]>]  at 2008-08-29 23:59:03.984
[Entering method <com.topcoder.clients.manager.dao.DAOProjectManager.retrieveProjectsForClient(Client client, boolean includeChildren)>; Parameters:{ ParamName<client>; ParamValue: <[ id=1 name=client codeName=null salesTax=0.0 isDeleted=false company=null clientStatus=null]> , ParamName<includeChildren>; ParamValue: <false>  }  at 2008-08-29 23:59:03.984 ]
[Exiting method <com.topcoder.clients.manager.dao.DAOProjectManager.retrieveProjectsForClient(Client client, boolean includeChildren)>; Return value:<[[ id=10 name=project1 description=null parentProjectId=0 salesTax=0.0 client=null company=null childProjects=[]] [ id=20 name=project2 description=null parentProjectId=0 salesTax=0.0 client=null company=null childProjects=null] ]>]  at 2008-08-29 23:59:03.984
retrieve took 0 ms
[Entering method <com.topcoder.clients.manager.dao.DAOProjectManager. retrieveAllProjects>; Parameters:{ }  at 2008-08-29 23:59:03.984 ]
[Entering method <com.topcoder.clients.manager.dao.DAOProjectManager.retrieveAllProjects(boolean includeChildren)>; Parameters:{ ParamName<includeChildren>; ParamValue: <true>  }  at 2008-08-29 23:59:03.984 ]
[Exiting method <com.topcoder.clients.manager.dao.DAOProjectManager.retrieveAllProjects(boolean includeChildren)>; Return value:<[[ id=10 name=project description=description parentProjectId=0 salesTax=10.0 client=null company=null childProjects=null] ]>]  at 2008-08-29 23:59:03.984
[Exiting method <com.topcoder.clients.manager.dao.DAOProjectManager. retrieveAllProjects>; Return value:<[[ id=10 name=project description=description parentProjectId=0 salesTax=10.0 client=null company=null childProjects=null] ]>]  at 2008-08-29 23:59:03.984
[Entering method <com.topcoder.clients.manager.dao.DAOProjectManager. retrieveAllProjects>; Parameters:{ }  at 2008-08-29 23:59:03.984 ]
[Entering method <com.topcoder.clients.manager.dao.DAOProjectManager.retrieveAllProjects(boolean includeChildren)>; Parameters:{ ParamName<includeChildren>; ParamValue: <true>  }  at 2008-08-29 23:59:03.984 ]
[Exiting method <com.topcoder.clients.manager.dao.DAOProjectManager.retrieveAllProjects(boolean includeChildren)>; Return value:<[[ id=10 name=project description=description parentProjectId=0 salesTax=10.0 client=null company=null childProjects=null] ]>]  at 2008-08-29 23:59:03.984
[Exiting method <com.topcoder.clients.manager.dao.DAOProjectManager. retrieveAllProjects>; Return value:<[[ id=10 name=project description=description parentProjectId=0 salesTax=10.0 client=null company=null childProjects=null] ]>]  at 2008-08-29 23:59:03.984
[Entering method <com.topcoder.clients.manager.dao.DAOProjectManager. retrieveAllProjects>; Parameters:{ }  at 2008-08-29 23:59:03.984 ]
[Entering method <com.topcoder.clients.manager.dao.DAOProjectManager.retrieveAllProjects(boolean includeChildren)>; Parameters:{ ParamName<includeChildren>; ParamValue: <true>  }  at 2008-08-29 23:59:03.984 ]
[Exiting method <com.topcoder.clients.manager.dao.DAOProjectManager.retrieveAllProjects(boolean includeChildren)>; Return value:<[[ id=10 name=project description=description parentProjectId=0 salesTax=10.0 client=null company=null childProjects=null] ]>]  at 2008-08-29 23:59:03.984
[Exiting method <com.topcoder.clients.manager.dao.DAOProjectManager. retrieveAllProjects>; Return value:<[[ id=10 name=project description=description parentProjectId=0 salesTax=10.0 client=null company=null childProjects=null] ]>]  at 2008-08-29 23:59:03.984
[Entering method <com.topcoder.clients.manager.dao.DAOProjectManager. retrieveAllProjects>; Parameters:{ }  at 2008-08-29 23:59:03.984 ]
[Entering method <com.topcoder.clients.manager.dao.DAOProjectManager.retrieveAllProjects(boolean includeChildren)>; Parameters:{ ParamName<includeChildren>; ParamValue: <true>  }  at 2008-08-29 23:59:03.984 ]
[Exiting method <com.topcoder.clients.manager.dao.DAOProjectManager.retrieveAllProjects(boolean includeChildren)>; Return value:<[[ id=10 name=project description=description parentProjectId=0 salesTax=10.0 client=null company=null childProjects=null] ]>]  at 2008-08-29 23:59:03.984
[Exiting method <com.topcoder.clients.manager.dao.DAOProjectManager. retrieveAllProjects>; Return value:<[[ id=10 name=project description=description parentProjectId=0 salesTax=10.0 client=null company=null childProjects=null] ]>]  at 2008-08-29 23:59:03.984
[Entering method <com.topcoder.clients.manager.dao.DAOProjectManager. retrieveAllProjects>; Parameters:{ }  at 2008-08-29 23:59:03.984 ]
[Entering method <com.topcoder.clients.manager.dao.DAOProjectManager.retrieveAllProjects(boolean includeChildren)>; Parameters:{ ParamName<includeChildren>; ParamValue: <true>  }  at 2008-08-29 23:59:03.984 ]
[Exiting method <com.topcoder.clients.manager.dao.DAOProjectManager.retrieveAllProjects(boolean includeChildren)>; Return value:<[[ id=10 name=project description=description parentProjectId=0 salesTax=10.0 client=null company=null childProjects=null] ]>]  at 2008-08-29 23:59:03.984
[Exiting method <com.topcoder.clients.manager.dao.DAOProjectManager. retrieveAllProjects>; Return value:<[[ id=10 name=project description=description parentProjectId=0 salesTax=10.0 client=null company=null childProjects=null] ]>]  at 2008-08-29 23:59:03.984
[Entering method <com.topcoder.clients.manager.dao.DAOProjectManager. retrieveAllProjects>; Parameters:{ }  at 2008-08-29 23:59:03.984 ]
[Entering method <com.topcoder.clients.manager.dao.DAOProjectManager.retrieveAllProjects(boolean includeChildren)>; Parameters:{ ParamName<includeChildren>; ParamValue: <true>  }  at 2008-08-29 23:59:03.984 ]
[Exiting method <com.topcoder.clients.manager.dao.DAOProjectManager.retrieveAllProjects(boolean includeChildren)>; Return value:<[[ id=10 name=project description=description parentProjectId=0 salesTax=10.0 client=null company=null childProjects=null] ]>]  at 2008-08-29 23:59:03.984
[Exiting method <com.topcoder.clients.manager.dao.DAOProjectManager. retrieveAllProjects>; Return value:<[[ id=10 name=project description=description parentProjectId=0 salesTax=10.0 client=null company=null childProjects=null] ]>]  at 2008-08-29 23:59:03.984
[Entering method <com.topcoder.clients.manager.dao.DAOProjectManager. retrieveAllProjects>; Parameters:{ }  at 2008-08-29 23:59:03.984 ]
[Entering method <com.topcoder.clients.manager.dao.DAOProjectManager.retrieveAllProjects(boolean includeChildren)>; Parameters:{ ParamName<includeChildren>; ParamValue: <true>  }  at 2008-08-29 23:59:03.984 ]
[Exiting method <com.topcoder.clients.manager.dao.DAOProjectManager.retrieveAllProjects(boolean includeChildren)>; Return value:<[[ id=10 name=project description=description parentProjectId=0 salesTax=10.0 client=null company=null childProjects=null] ]>]  at 2008-08-29 23:59:03.984
[Exiting method <com.topcoder.clients.manager.dao.DAOProjectManager. retrieveAllProjects>; Return value:<[[ id=10 name=project description=description parentProjectId=0 salesTax=10.0 client=null company=null childProjects=null] ]>]  at 2008-08-29 23:59:03.984
[Entering method <com.topcoder.clients.manager.dao.DAOProjectManager. retrieveAllProjects>; Parameters:{ }  at 2008-08-29 23:59:03.984 ]
[Entering method <com.topcoder.clients.manager.dao.DAOProjectManager.retrieveAllProjects(boolean includeChildren)>; Parameters:{ ParamName<includeChildren>; ParamValue: <true>  }  at 2008-08-29 23:59:03.984 ]
[Exiting method <com.topcoder.clients.manager.dao.DAOProjectManager.retrieveAllProjects(boolean includeChildren)>; Return value:<[[ id=10 name=project description=description parentProjectId=0 salesTax=10.0 client=null company=null childProjects=null] ]>]  at 2008-08-29 23:59:03.984
[Exiting method <com.topcoder.clients.manager.dao.DAOProjectManager. retrieveAllProjects>; Return value:<[[ id=10 name=project description=description parentProjectId=0 salesTax=10.0 client=null company=null childProjects=null] ]>]  at 2008-08-29 23:59:03.984
[Entering method <com.topcoder.clients.manager.dao.DAOProjectManager. retrieveAllProjects>; Parameters:{ }  at 2008-08-29 23:59:03.984 ]
[Entering method <com.topcoder.clients.manager.dao.DAOProjectManager.retrieveAllProjects(boolean includeChildren)>; Parameters:{ ParamName<includeChildren>; ParamValue: <true>  }  at 2008-08-29 23:59:03.984 ]
[Exiting method <com.topcoder.clients.manager.dao.DAOProjectManager.retrieveAllProjects(boolean includeChildren)>; Return value:<[[ id=10 name=project description=description parentProjectId=0 salesTax=10.0 client=null company=null childProjects=null] ]>]  at 2008-08-29 23:59:03.984
[Exiting method <com.topcoder.clients.manager.dao.DAOProjectManager. retrieveAllProjects>; Return value:<[[ id=10 name=project description=description parentProjectId=0 salesTax=10.0 client=null company=null childProjects=null] ]>]  at 2008-08-29 23:59:03.984
[Entering method <com.topcoder.clients.manager.dao.DAOProjectManager. retrieveAllProjects>; Parameters:{ }  at 2008-08-29 23:59:03.984 ]
[Entering method <com.topcoder.clients.manager.dao.DAOProjectManager.retrieveAllProjects(boolean includeChildren)>; Parameters:{ ParamName<includeChildren>; ParamValue: <true>  }  at 2008-08-29 23:59:03.984 ]
[Exiting method <com.topcoder.clients.manager.dao.DAOProjectManager.retrieveAllProjects(boolean includeChildren)>; Return value:<[[ id=10 name=project description=description parentProjectId=0 salesTax=10.0 client=null company=null childProjects=null] ]>]  at 2008-08-29 23:59:03.984
[Exiting method <com.topcoder.clients.manager.dao.DAOProjectManager. retrieveAllProjects>; Return value:<[[ id=10 name=project description=description parentProjectId=0 salesTax=10.0 client=null company=null childProjects=null] ]>]  at 2008-08-29 23:59:04.000
retrieve took 16 ms
[Entering method <com.topcoder.clients.manager.dao.DAOProjectManager.setProjectStatus(Project project, ProjectStatus status)>; Parameters:{ ParamName<project>; ParamValue: <[ id=10 name=project description=description parentProjectId=0 salesTax=10.0 client=null company=null childProjects=null]> , ParamName<status>; ParamValue: <[ id=10 name=project status description=des isDeleted=false]>  }  at 2008-08-29 23:59:04.000 ]
[Entering method <com.topcoder.clients.manager.dao.DAOProjectManager.updateProject(Project project)>; Parameters:{ ParamName<project>; ParamValue: <[ id=10 name=project description=description parentProjectId=0 salesTax=10.0 client=null company=null childProjects=null]>  }  at 2008-08-29 23:59:04.000 ]
[Exiting method <com.topcoder.clients.manager.dao.DAOProjectManager.updateProject(Project project)>; Return value:<[ id=10 name=project description=description parentProjectId=0 salesTax=10.0 client=null company=null childProjects=null]>]  at 2008-08-29 23:59:04.000
[Exiting method <com.topcoder.clients.manager.dao.DAOProjectManager.setProjectStatus(Project project, ProjectStatus status)>; Return value:<[ id=10 name=project description=description parentProjectId=0 salesTax=10.0 client=null company=null childProjects=null]>]  at 2008-08-29 23:59:04.000
[Entering method <com.topcoder.clients.manager.dao.DAOProjectManager.setProjectStatus(Project project, ProjectStatus status)>; Parameters:{ ParamName<project>; ParamValue: <[ id=10 name=project description=description parentProjectId=0 salesTax=10.0 client=null company=null childProjects=null]> , ParamName<status>; ParamValue: <[ id=10 name=project status description=des isDeleted=false]>  }  at 2008-08-29 23:59:04.000 ]
[Entering method <com.topcoder.clients.manager.dao.DAOProjectManager.updateProject(Project project)>; Parameters:{ ParamName<project>; ParamValue: <[ id=10 name=project description=description parentProjectId=0 salesTax=10.0 client=null company=null childProjects=null]>  }  at 2008-08-29 23:59:04.000 ]
[Exiting method <com.topcoder.clients.manager.dao.DAOProjectManager.updateProject(Project project)>; Return value:<[ id=10 name=project description=description parentProjectId=0 salesTax=10.0 client=null company=null childProjects=null]>]  at 2008-08-29 23:59:04.000
[Exiting method <com.topcoder.clients.manager.dao.DAOProjectManager.setProjectStatus(Project project, ProjectStatus status)>; Return value:<[ id=10 name=project description=description parentProjectId=0 salesTax=10.0 client=null company=null childProjects=null]>]  at 2008-08-29 23:59:04.000
[Entering method <com.topcoder.clients.manager.dao.DAOProjectManager.setProjectStatus(Project project, ProjectStatus status)>; Parameters:{ ParamName<project>; ParamValue: <[ id=10 name=project description=description parentProjectId=0 salesTax=10.0 client=null company=null childProjects=null]> , ParamName<status>; ParamValue: <[ id=10 name=project status description=des isDeleted=false]>  }  at 2008-08-29 23:59:04.000 ]
[Entering method <com.topcoder.clients.manager.dao.DAOProjectManager.updateProject(Project project)>; Parameters:{ ParamName<project>; ParamValue: <[ id=10 name=project description=description parentProjectId=0 salesTax=10.0 client=null company=null childProjects=null]>  }  at 2008-08-29 23:59:04.000 ]
[Exiting method <com.topcoder.clients.manager.dao.DAOProjectManager.updateProject(Project project)>; Return value:<[ id=10 name=project description=description parentProjectId=0 salesTax=10.0 client=null company=null childProjects=null]>]  at 2008-08-29 23:59:04.000
[Exiting method <com.topcoder.clients.manager.dao.DAOProjectManager.setProjectStatus(Project project, ProjectStatus status)>; Return value:<[ id=10 name=project description=description parentProjectId=0 salesTax=10.0 client=null company=null childProjects=null]>]  at 2008-08-29 23:59:04.000
[Entering method <com.topcoder.clients.manager.dao.DAOProjectManager.setProjectStatus(Project project, ProjectStatus status)>; Parameters:{ ParamName<project>; ParamValue: <[ id=10 name=project description=description parentProjectId=0 salesTax=10.0 client=null company=null childProjects=null]> , ParamName<status>; ParamValue: <[ id=10 name=project status description=des isDeleted=false]>  }  at 2008-08-29 23:59:04.000 ]
[Entering method <com.topcoder.clients.manager.dao.DAOProjectManager.updateProject(Project project)>; Parameters:{ ParamName<project>; ParamValue: <[ id=10 name=project description=description parentProjectId=0 salesTax=10.0 client=null company=null childProjects=null]>  }  at 2008-08-29 23:59:04.000 ]
[Exiting method <com.topcoder.clients.manager.dao.DAOProjectManager.updateProject(Project project)>; Return value:<[ id=10 name=project description=description parentProjectId=0 salesTax=10.0 client=null company=null childProjects=null]>]  at 2008-08-29 23:59:04.000
[Exiting method <com.topcoder.clients.manager.dao.DAOProjectManager.setProjectStatus(Project project, ProjectStatus status)>; Return value:<[ id=10 name=project description=description parentProjectId=0 salesTax=10.0 client=null company=null childProjects=null]>]  at 2008-08-29 23:59:04.000
[Entering method <com.topcoder.clients.manager.dao.DAOProjectManager.setProjectStatus(Project project, ProjectStatus status)>; Parameters:{ ParamName<project>; ParamValue: <[ id=10 name=project description=description parentProjectId=0 salesTax=10.0 client=null company=null childProjects=null]> , ParamName<status>; ParamValue: <[ id=10 name=project status description=des isDeleted=false]>  }  at 2008-08-29 23:59:04.000 ]
[Entering method <com.topcoder.clients.manager.dao.DAOProjectManager.updateProject(Project project)>; Parameters:{ ParamName<project>; ParamValue: <[ id=10 name=project description=description parentProjectId=0 salesTax=10.0 client=null company=null childProjects=null]>  }  at 2008-08-29 23:59:04.000 ]
[Exiting method <com.topcoder.clients.manager.dao.DAOProjectManager.updateProject(Project project)>; Return value:<[ id=10 name=project description=description parentProjectId=0 salesTax=10.0 client=null company=null childProjects=null]>]  at 2008-08-29 23:59:04.000
[Exiting method <com.topcoder.clients.manager.dao.DAOProjectManager.setProjectStatus(Project project, ProjectStatus status)>; Return value:<[ id=10 name=project description=description parentProjectId=0 salesTax=10.0 client=null company=null childProjects=null]>]  at 2008-08-29 23:59:04.000
[Entering method <com.topcoder.clients.manager.dao.DAOProjectManager.setProjectStatus(Project project, ProjectStatus status)>; Parameters:{ ParamName<project>; ParamValue: <[ id=10 name=project description=description parentProjectId=0 salesTax=10.0 client=null company=null childProjects=null]> , ParamName<status>; ParamValue: <[ id=10 name=project status description=des isDeleted=false]>  }  at 2008-08-29 23:59:04.000 ]
[Entering method <com.topcoder.clients.manager.dao.DAOProjectManager.updateProject(Project project)>; Parameters:{ ParamName<project>; ParamValue: <[ id=10 name=project description=description parentProjectId=0 salesTax=10.0 client=null company=null childProjects=null]>  }  at 2008-08-29 23:59:04.000 ]
[Exiting method <com.topcoder.clients.manager.dao.DAOProjectManager.updateProject(Project project)>; Return value:<[ id=10 name=project description=description parentProjectId=0 salesTax=10.0 client=null company=null childProjects=null]>]  at 2008-08-29 23:59:04.000
[Exiting method <com.topcoder.clients.manager.dao.DAOProjectManager.setProjectStatus(Project project, ProjectStatus status)>; Return value:<[ id=10 name=project description=description parentProjectId=0 salesTax=10.0 client=null company=null childProjects=null]>]  at 2008-08-29 23:59:04.000
[Entering method <com.topcoder.clients.manager.dao.DAOProjectManager.setProjectStatus(Project project, ProjectStatus status)>; Parameters:{ ParamName<project>; ParamValue: <[ id=10 name=project description=description parentProjectId=0 salesTax=10.0 client=null company=null childProjects=null]> , ParamName<status>; ParamValue: <[ id=10 name=project status description=des isDeleted=false]>  }  at 2008-08-29 23:59:04.000 ]
[Entering method <com.topcoder.clients.manager.dao.DAOProjectManager.updateProject(Project project)>; Parameters:{ ParamName<project>; ParamValue: <[ id=10 name=project description=description parentProjectId=0 salesTax=10.0 client=null company=null childProjects=null]>  }  at 2008-08-29 23:59:04.000 ]
[Exiting method <com.topcoder.clients.manager.dao.DAOProjectManager.updateProject(Project project)>; Return value:<[ id=10 name=project description=description parentProjectId=0 salesTax=10.0 client=null company=null childProjects=null]>]  at 2008-08-29 23:59:04.000
[Exiting method <com.topcoder.clients.manager.dao.DAOProjectManager.setProjectStatus(Project project, ProjectStatus status)>; Return value:<[ id=10 name=project description=description parentProjectId=0 salesTax=10.0 client=null company=null childProjects=null]>]  at 2008-08-29 23:59:04.000
[Entering method <com.topcoder.clients.manager.dao.DAOProjectManager.setProjectStatus(Project project, ProjectStatus status)>; Parameters:{ ParamName<project>; ParamValue: <[ id=10 name=project description=description parentProjectId=0 salesTax=10.0 client=null company=null childProjects=null]> , ParamName<status>; ParamValue: <[ id=10 name=project status description=des isDeleted=false]>  }  at 2008-08-29 23:59:04.000 ]
[Entering method <com.topcoder.clients.manager.dao.DAOProjectManager.updateProject(Project project)>; Parameters:{ ParamName<project>; ParamValue: <[ id=10 name=project description=description parentProjectId=0 salesTax=10.0 client=null company=null childProjects=null]>  }  at 2008-08-29 23:59:04.000 ]
[Exiting method <com.topcoder.clients.manager.dao.DAOProjectManager.updateProject(Project project)>; Return value:<[ id=10 name=project description=description parentProjectId=0 salesTax=10.0 client=null company=null childProjects=null]>]  at 2008-08-29 23:59:04.000
[Exiting method <com.topcoder.clients.manager.dao.DAOProjectManager.setProjectStatus(Project project, ProjectStatus status)>; Return value:<[ id=10 name=project description=description parentProjectId=0 salesTax=10.0 client=null company=null childProjects=null]>]  at 2008-08-29 23:59:04.000
[Entering method <com.topcoder.clients.manager.dao.DAOProjectManager.setProjectStatus(Project project, ProjectStatus status)>; Parameters:{ ParamName<project>; ParamValue: <[ id=10 name=project description=description parentProjectId=0 salesTax=10.0 client=null company=null childProjects=null]> , ParamName<status>; ParamValue: <[ id=10 name=project status description=des isDeleted=false]>  }  at 2008-08-29 23:59:04.000 ]
[Entering method <com.topcoder.clients.manager.dao.DAOProjectManager.updateProject(Project project)>; Parameters:{ ParamName<project>; ParamValue: <[ id=10 name=project description=description parentProjectId=0 salesTax=10.0 client=null company=null childProjects=null]>  }  at 2008-08-29 23:59:04.000 ]
[Exiting method <com.topcoder.clients.manager.dao.DAOProjectManager.updateProject(Project project)>; Return value:<[ id=10 name=project description=description parentProjectId=0 salesTax=10.0 client=null company=null childProjects=null]>]  at 2008-08-29 23:59:04.000
[Exiting method <com.topcoder.clients.manager.dao.DAOProjectManager.setProjectStatus(Project project, ProjectStatus status)>; Return value:<[ id=10 name=project description=description parentProjectId=0 salesTax=10.0 client=null company=null childProjects=null]>]  at 2008-08-29 23:59:04.000
[Entering method <com.topcoder.clients.manager.dao.DAOProjectManager.setProjectStatus(Project project, ProjectStatus status)>; Parameters:{ ParamName<project>; ParamValue: <[ id=10 name=project description=description parentProjectId=0 salesTax=10.0 client=null company=null childProjects=null]> , ParamName<status>; ParamValue: <[ id=10 name=project status description=des isDeleted=false]>  }  at 2008-08-29 23:59:04.000 ]
[Entering method <com.topcoder.clients.manager.dao.DAOProjectManager.updateProject(Project project)>; Parameters:{ ParamName<project>; ParamValue: <[ id=10 name=project description=description parentProjectId=0 salesTax=10.0 client=null company=null childProjects=null]>  }  at 2008-08-29 23:59:04.000 ]
[Exiting method <com.topcoder.clients.manager.dao.DAOProjectManager.updateProject(Project project)>; Return value:<[ id=10 name=project description=description parentProjectId=0 salesTax=10.0 client=null company=null childProjects=null]>]  at 2008-08-29 23:59:04.000
[Exiting method <com.topcoder.clients.manager.dao.DAOProjectManager.setProjectStatus(Project project, ProjectStatus status)>; Return value:<[ id=10 name=project description=description parentProjectId=0 salesTax=10.0 client=null company=null childProjects=null]>]  at 2008-08-29 23:59:04.000
retrieve took 0 ms
[Entering method <com.topcoder.clients.manager.dao.DAOProjectManager.searchProjects(Filter filter)>; Parameters:{ ParamName<filter>; ParamValue: <com.topcoder.search.builder.filter.EqualToFilter@c2ee15>  }  at 2008-08-29 23:59:04.000 ]
[Exiting method <com.topcoder.clients.manager.dao.DAOProjectManager.searchProjects(Filter filter)>; Return value:<[[ id=10 name=project description=description parentProjectId=0 salesTax=10.0 client=null company=null childProjects=null] ]>]  at 2008-08-29 23:59:04.000
[Entering method <com.topcoder.clients.manager.dao.DAOProjectManager.searchProjects(Filter filter)>; Parameters:{ ParamName<filter>; ParamValue: <com.topcoder.search.builder.filter.EqualToFilter@19cd75a>  }  at 2008-08-29 23:59:04.000 ]
[Exiting method <com.topcoder.clients.manager.dao.DAOProjectManager.searchProjects(Filter filter)>; Return value:<[[ id=10 name=project description=description parentProjectId=0 salesTax=10.0 client=null company=null childProjects=null] ]>]  at 2008-08-29 23:59:04.000
[Entering method <com.topcoder.clients.manager.dao.DAOProjectManager.searchProjects(Filter filter)>; Parameters:{ ParamName<filter>; ParamValue: <com.topcoder.search.builder.filter.EqualToFilter@1fe8ce8>  }  at 2008-08-29 23:59:04.000 ]
[Exiting method <com.topcoder.clients.manager.dao.DAOProjectManager.searchProjects(Filter filter)>; Return value:<[[ id=10 name=project description=description parentProjectId=0 salesTax=10.0 client=null company=null childProjects=null] ]>]  at 2008-08-29 23:59:04.000
[Entering method <com.topcoder.clients.manager.dao.DAOProjectManager.searchProjects(Filter filter)>; Parameters:{ ParamName<filter>; ParamValue: <com.topcoder.search.builder.filter.EqualToFilter@d4d66b>  }  at 2008-08-29 23:59:04.000 ]
[Exiting method <com.topcoder.clients.manager.dao.DAOProjectManager.searchProjects(Filter filter)>; Return value:<[[ id=10 name=project description=description parentProjectId=0 salesTax=10.0 client=null company=null childProjects=null] ]>]  at 2008-08-29 23:59:04.000
[Entering method <com.topcoder.clients.manager.dao.DAOProjectManager.searchProjects(Filter filter)>; Parameters:{ ParamName<filter>; ParamValue: <com.topcoder.search.builder.filter.EqualToFilter@149105b>  }  at 2008-08-29 23:59:04.000 ]
[Exiting method <com.topcoder.clients.manager.dao.DAOProjectManager.searchProjects(Filter filter)>; Return value:<[[ id=10 name=project description=description parentProjectId=0 salesTax=10.0 client=null company=null childProjects=null] ]>]  at 2008-08-29 23:59:04.000
[Entering method <com.topcoder.clients.manager.dao.DAOProjectManager.searchProjects(Filter filter)>; Parameters:{ ParamName<filter>; ParamValue: <com.topcoder.search.builder.filter.EqualToFilter@1d0d45b>  }  at 2008-08-29 23:59:04.000 ]
[Exiting method <com.topcoder.clients.manager.dao.DAOProjectManager.searchProjects(Filter filter)>; Return value:<[[ id=10 name=project description=description parentProjectId=0 salesTax=10.0 client=null company=null childProjects=null] ]>]  at 2008-08-29 23:59:04.000
[Entering method <com.topcoder.clients.manager.dao.DAOProjectManager.searchProjects(Filter filter)>; Parameters:{ ParamName<filter>; ParamValue: <com.topcoder.search.builder.filter.EqualToFilter@125d06e>  }  at 2008-08-29 23:59:04.000 ]
[Exiting method <com.topcoder.clients.manager.dao.DAOProjectManager.searchProjects(Filter filter)>; Return value:<[[ id=10 name=project description=description parentProjectId=0 salesTax=10.0 client=null company=null childProjects=null] ]>]  at 2008-08-29 23:59:04.000
[Entering method <com.topcoder.clients.manager.dao.DAOProjectManager.searchProjects(Filter filter)>; Parameters:{ ParamName<filter>; ParamValue: <com.topcoder.search.builder.filter.EqualToFilter@196f4b5>  }  at 2008-08-29 23:59:04.000 ]
[Exiting method <com.topcoder.clients.manager.dao.DAOProjectManager.searchProjects(Filter filter)>; Return value:<[[ id=10 name=project description=description parentProjectId=0 salesTax=10.0 client=null company=null childProjects=null] ]>]  at 2008-08-29 23:59:04.000
[Entering method <com.topcoder.clients.manager.dao.DAOProjectManager.searchProjects(Filter filter)>; Parameters:{ ParamName<filter>; ParamValue: <com.topcoder.search.builder.filter.EqualToFilter@19ba640>  }  at 2008-08-29 23:59:04.000 ]
[Exiting method <com.topcoder.clients.manager.dao.DAOProjectManager.searchProjects(Filter filter)>; Return value:<[[ id=10 name=project description=description parentProjectId=0 salesTax=10.0 client=null company=null childProjects=null] ]>]  at 2008-08-29 23:59:04.000
[Entering method <com.topcoder.clients.manager.dao.DAOProjectManager.searchProjects(Filter filter)>; Parameters:{ ParamName<filter>; ParamValue: <com.topcoder.search.builder.filter.EqualToFilter@1bfc4fc>  }  at 2008-08-29 23:59:04.000 ]
[Exiting method <com.topcoder.clients.manager.dao.DAOProjectManager.searchProjects(Filter filter)>; Return value:<[[ id=10 name=project description=description parentProjectId=0 salesTax=10.0 client=null company=null childProjects=null] ]>]  at 2008-08-29 23:59:04.000
retrieve took 0 ms
[Entering method <com.topcoder.clients.manager.dao.DAOProjectManager.getAllProjectStatuses()>; Parameters:{ }  at 2008-08-29 23:59:04.015 ]
[Exiting method <com.topcoder.clients.manager.dao.DAOProjectManager.getAllProjectStatuses()>; Return value:<[[ id=10 name=project status description=des isDeleted=false] ]>]  at 2008-08-29 23:59:04.015
[Entering method <com.topcoder.clients.manager.dao.DAOProjectManager.getAllProjectStatuses()>; Parameters:{ }  at 2008-08-29 23:59:04.015 ]
[Exiting method <com.topcoder.clients.manager.dao.DAOProjectManager.getAllProjectStatuses()>; Return value:<[[ id=10 name=project status description=des isDeleted=false] ]>]  at 2008-08-29 23:59:04.015
[Entering method <com.topcoder.clients.manager.dao.DAOProjectManager.getAllProjectStatuses()>; Parameters:{ }  at 2008-08-29 23:59:04.015 ]
[Exiting method <com.topcoder.clients.manager.dao.DAOProjectManager.getAllProjectStatuses()>; Return value:<[[ id=10 name=project status description=des isDeleted=false] ]>]  at 2008-08-29 23:59:04.015
[Entering method <com.topcoder.clients.manager.dao.DAOProjectManager.getAllProjectStatuses()>; Parameters:{ }  at 2008-08-29 23:59:04.015 ]
[Exiting method <com.topcoder.clients.manager.dao.DAOProjectManager.getAllProjectStatuses()>; Return value:<[[ id=10 name=project status description=des isDeleted=false] ]>]  at 2008-08-29 23:59:04.015
[Entering method <com.topcoder.clients.manager.dao.DAOProjectManager.getAllProjectStatuses()>; Parameters:{ }  at 2008-08-29 23:59:04.015 ]
[Exiting method <com.topcoder.clients.manager.dao.DAOProjectManager.getAllProjectStatuses()>; Return value:<[[ id=10 name=project status description=des isDeleted=false] ]>]  at 2008-08-29 23:59:04.015
[Entering method <com.topcoder.clients.manager.dao.DAOProjectManager.getAllProjectStatuses()>; Parameters:{ }  at 2008-08-29 23:59:04.015 ]
[Exiting method <com.topcoder.clients.manager.dao.DAOProjectManager.getAllProjectStatuses()>; Return value:<[[ id=10 name=project status description=des isDeleted=false] ]>]  at 2008-08-29 23:59:04.015
[Entering method <com.topcoder.clients.manager.dao.DAOProjectManager.getAllProjectStatuses()>; Parameters:{ }  at 2008-08-29 23:59:04.015 ]
[Exiting method <com.topcoder.clients.manager.dao.DAOProjectManager.getAllProjectStatuses()>; Return value:<[[ id=10 name=project status description=des isDeleted=false] ]>]  at 2008-08-29 23:59:04.015
[Entering method <com.topcoder.clients.manager.dao.DAOProjectManager.getAllProjectStatuses()>; Parameters:{ }  at 2008-08-29 23:59:04.015 ]
[Exiting method <com.topcoder.clients.manager.dao.DAOProjectManager.getAllProjectStatuses()>; Return value:<[[ id=10 name=project status description=des isDeleted=false] ]>]  at 2008-08-29 23:59:04.015
[Entering method <com.topcoder.clients.manager.dao.DAOProjectManager.getAllProjectStatuses()>; Parameters:{ }  at 2008-08-29 23:59:04.015 ]
[Exiting method <com.topcoder.clients.manager.dao.DAOProjectManager.getAllProjectStatuses()>; Return value:<[[ id=10 name=project status description=des isDeleted=false] ]>]  at 2008-08-29 23:59:04.015
[Entering method <com.topcoder.clients.manager.dao.DAOProjectManager.getAllProjectStatuses()>; Parameters:{ }  at 2008-08-29 23:59:04.015 ]
[Exiting method <com.topcoder.clients.manager.dao.DAOProjectManager.getAllProjectStatuses()>; Return value:<[[ id=10 name=project status description=des isDeleted=false] ]>]  at 2008-08-29 23:59:04.015
retrieve took 0 ms
[Entering method <com.topcoder.clients.manager.dao.DAOProjectManager.getProjectsForStatus(ProjectStatus status)>; Parameters:{ ParamName<status>; ParamValue: <[ id=10 name=project status description=des isDeleted=false]>  }  at 2008-08-29 23:59:04.015 ]
[Exiting method <com.topcoder.clients.manager.dao.DAOProjectManager.getProjectsForStatus(ProjectStatus status)>; Return value:<[[ id=10 name=project description=description parentProjectId=0 salesTax=10.0 client=null company=null childProjects=null] ]>]  at 2008-08-29 23:59:04.015
[Entering method <com.topcoder.clients.manager.dao.DAOProjectManager.getProjectsForStatus(ProjectStatus status)>; Parameters:{ ParamName<status>; ParamValue: <[ id=10 name=project status description=des isDeleted=false]>  }  at 2008-08-29 23:59:04.015 ]
[Exiting method <com.topcoder.clients.manager.dao.DAOProjectManager.getProjectsForStatus(ProjectStatus status)>; Return value:<[[ id=10 name=project description=description parentProjectId=0 salesTax=10.0 client=null company=null childProjects=null] ]>]  at 2008-08-29 23:59:04.015
[Entering method <com.topcoder.clients.manager.dao.DAOProjectManager.getProjectsForStatus(ProjectStatus status)>; Parameters:{ ParamName<status>; ParamValue: <[ id=10 name=project status description=des isDeleted=false]>  }  at 2008-08-29 23:59:04.015 ]
[Exiting method <com.topcoder.clients.manager.dao.DAOProjectManager.getProjectsForStatus(ProjectStatus status)>; Return value:<[[ id=10 name=project description=description parentProjectId=0 salesTax=10.0 client=null company=null childProjects=null] ]>]  at 2008-08-29 23:59:04.015
[Entering method <com.topcoder.clients.manager.dao.DAOProjectManager.getProjectsForStatus(ProjectStatus status)>; Parameters:{ ParamName<status>; ParamValue: <[ id=10 name=project status description=des isDeleted=false]>  }  at 2008-08-29 23:59:04.015 ]
[Exiting method <com.topcoder.clients.manager.dao.DAOProjectManager.getProjectsForStatus(ProjectStatus status)>; Return value:<[[ id=10 name=project description=description parentProjectId=0 salesTax=10.0 client=null company=null childProjects=null] ]>]  at 2008-08-29 23:59:04.015
[Entering method <com.topcoder.clients.manager.dao.DAOProjectManager.getProjectsForStatus(ProjectStatus status)>; Parameters:{ ParamName<status>; ParamValue: <[ id=10 name=project status description=des isDeleted=false]>  }  at 2008-08-29 23:59:04.015 ]
[Exiting method <com.topcoder.clients.manager.dao.DAOProjectManager.getProjectsForStatus(ProjectStatus status)>; Return value:<[[ id=10 name=project description=description parentProjectId=0 salesTax=10.0 client=null company=null childProjects=null] ]>]  at 2008-08-29 23:59:04.015
[Entering method <com.topcoder.clients.manager.dao.DAOProjectManager.getProjectsForStatus(ProjectStatus status)>; Parameters:{ ParamName<status>; ParamValue: <[ id=10 name=project status description=des isDeleted=false]>  }  at 2008-08-29 23:59:04.015 ]
[Exiting method <com.topcoder.clients.manager.dao.DAOProjectManager.getProjectsForStatus(ProjectStatus status)>; Return value:<[[ id=10 name=project description=description parentProjectId=0 salesTax=10.0 client=null company=null childProjects=null] ]>]  at 2008-08-29 23:59:04.015
[Entering method <com.topcoder.clients.manager.dao.DAOProjectManager.getProjectsForStatus(ProjectStatus status)>; Parameters:{ ParamName<status>; ParamValue: <[ id=10 name=project status description=des isDeleted=false]>  }  at 2008-08-29 23:59:04.015 ]
[Exiting method <com.topcoder.clients.manager.dao.DAOProjectManager.getProjectsForStatus(ProjectStatus status)>; Return value:<[[ id=10 name=project description=description parentProjectId=0 salesTax=10.0 client=null company=null childProjects=null] ]>]  at 2008-08-29 23:59:04.015
[Entering method <com.topcoder.clients.manager.dao.DAOProjectManager.getProjectsForStatus(ProjectStatus status)>; Parameters:{ ParamName<status>; ParamValue: <[ id=10 name=project status description=des isDeleted=false]>  }  at 2008-08-29 23:59:04.015 ]
[Exiting method <com.topcoder.clients.manager.dao.DAOProjectManager.getProjectsForStatus(ProjectStatus status)>; Return value:<[[ id=10 name=project description=description parentProjectId=0 salesTax=10.0 client=null company=null childProjects=null] ]>]  at 2008-08-29 23:59:04.015
[Entering method <com.topcoder.clients.manager.dao.DAOProjectManager.getProjectsForStatus(ProjectStatus status)>; Parameters:{ ParamName<status>; ParamValue: <[ id=10 name=project status description=des isDeleted=false]>  }  at 2008-08-29 23:59:04.015 ]
[Exiting method <com.topcoder.clients.manager.dao.DAOProjectManager.getProjectsForStatus(ProjectStatus status)>; Return value:<[[ id=10 name=project description=description parentProjectId=0 salesTax=10.0 client=null company=null childProjects=null] ]>]  at 2008-08-29 23:59:04.015
[Entering method <com.topcoder.clients.manager.dao.DAOProjectManager.getProjectsForStatus(ProjectStatus status)>; Parameters:{ ParamName<status>; ParamValue: <[ id=10 name=project status description=des isDeleted=false]>  }  at 2008-08-29 23:59:04.015 ]
[Exiting method <com.topcoder.clients.manager.dao.DAOProjectManager.getProjectsForStatus(ProjectStatus status)>; Return value:<[[ id=10 name=project description=description parentProjectId=0 salesTax=10.0 client=null company=null childProjects=null] ]>]  at 2008-08-29 23:59:04.015
retrieve took 0 ms
[Entering method <com.topcoder.clients.manager.dao.DAOProjectManager.createProjectStatus(ProjectStatus status)>; Parameters:{ ParamName<status>; ParamValue: <[ id=10 name=project status description=des isDeleted=false]>  }  at 2008-08-29 23:59:04.015 ]
[Exiting method <com.topcoder.clients.manager.dao.DAOProjectManager.createProjectStatus(ProjectStatus status)>; Return value:<[ id=188 name=project status description=des isDeleted=false]>]  at 2008-08-29 23:59:04.015
[Entering method <com.topcoder.clients.manager.dao.DAOProjectManager.createProjectStatus(ProjectStatus status)>; Parameters:{ ParamName<status>; ParamValue: <[ id=10 name=project status description=des isDeleted=false]>  }  at 2008-08-29 23:59:04.015 ]
[Exiting method <com.topcoder.clients.manager.dao.DAOProjectManager.createProjectStatus(ProjectStatus status)>; Return value:<[ id=189 name=project status description=des isDeleted=false]>]  at 2008-08-29 23:59:04.015
[Entering method <com.topcoder.clients.manager.dao.DAOProjectManager.createProjectStatus(ProjectStatus status)>; Parameters:{ ParamName<status>; ParamValue: <[ id=10 name=project status description=des isDeleted=false]>  }  at 2008-08-29 23:59:04.015 ]
[Exiting method <com.topcoder.clients.manager.dao.DAOProjectManager.createProjectStatus(ProjectStatus status)>; Return value:<[ id=190 name=project status description=des isDeleted=false]>]  at 2008-08-29 23:59:04.015
[Entering method <com.topcoder.clients.manager.dao.DAOProjectManager.createProjectStatus(ProjectStatus status)>; Parameters:{ ParamName<status>; ParamValue: <[ id=10 name=project status description=des isDeleted=false]>  }  at 2008-08-29 23:59:04.015 ]
[Exiting method <com.topcoder.clients.manager.dao.DAOProjectManager.createProjectStatus(ProjectStatus status)>; Return value:<[ id=191 name=project status description=des isDeleted=false]>]  at 2008-08-29 23:59:04.015
[Entering method <com.topcoder.clients.manager.dao.DAOProjectManager.createProjectStatus(ProjectStatus status)>; Parameters:{ ParamName<status>; ParamValue: <[ id=10 name=project status description=des isDeleted=false]>  }  at 2008-08-29 23:59:04.015 ]
[Exiting method <com.topcoder.clients.manager.dao.DAOProjectManager.createProjectStatus(ProjectStatus status)>; Return value:<[ id=192 name=project status description=des isDeleted=false]>]  at 2008-08-29 23:59:04.015
[Entering method <com.topcoder.clients.manager.dao.DAOProjectManager.createProjectStatus(ProjectStatus status)>; Parameters:{ ParamName<status>; ParamValue: <[ id=10 name=project status description=des isDeleted=false]>  }  at 2008-08-29 23:59:04.015 ]
[Exiting method <com.topcoder.clients.manager.dao.DAOProjectManager.createProjectStatus(ProjectStatus status)>; Return value:<[ id=193 name=project status description=des isDeleted=false]>]  at 2008-08-29 23:59:04.015
[Entering method <com.topcoder.clients.manager.dao.DAOProjectManager.createProjectStatus(ProjectStatus status)>; Parameters:{ ParamName<status>; ParamValue: <[ id=10 name=project status description=des isDeleted=false]>  }  at 2008-08-29 23:59:04.015 ]
[Exiting method <com.topcoder.clients.manager.dao.DAOProjectManager.createProjectStatus(ProjectStatus status)>; Return value:<[ id=194 name=project status description=des isDeleted=false]>]  at 2008-08-29 23:59:04.015
[Entering method <com.topcoder.clients.manager.dao.DAOProjectManager.createProjectStatus(ProjectStatus status)>; Parameters:{ ParamName<status>; ParamValue: <[ id=10 name=project status description=des isDeleted=false]>  }  at 2008-08-29 23:59:04.015 ]
[Exiting method <com.topcoder.clients.manager.dao.DAOProjectManager.createProjectStatus(ProjectStatus status)>; Return value:<[ id=195 name=project status description=des isDeleted=false]>]  at 2008-08-29 23:59:04.015
[Entering method <com.topcoder.clients.manager.dao.DAOProjectManager.createProjectStatus(ProjectStatus status)>; Parameters:{ ParamName<status>; ParamValue: <[ id=10 name=project status description=des isDeleted=false]>  }  at 2008-08-29 23:59:04.015 ]
[Exiting method <com.topcoder.clients.manager.dao.DAOProjectManager.createProjectStatus(ProjectStatus status)>; Return value:<[ id=196 name=project status description=des isDeleted=false]>]  at 2008-08-29 23:59:04.015
[Entering method <com.topcoder.clients.manager.dao.DAOProjectManager.createProjectStatus(ProjectStatus status)>; Parameters:{ ParamName<status>; ParamValue: <[ id=10 name=project status description=des isDeleted=false]>  }  at 2008-08-29 23:59:04.015 ]
[Exiting method <com.topcoder.clients.manager.dao.DAOProjectManager.createProjectStatus(ProjectStatus status)>; Return value:<[ id=197 name=project status description=des isDeleted=false]>]  at 2008-08-29 23:59:04.015
retrieve took 0 ms
[Entering method <com.topcoder.clients.manager.dao.DAOProjectManager.updateProjectStatus(ProjectStatus status)>; Parameters:{ ParamName<status>; ParamValue: <[ id=10 name=project status description=des isDeleted=false]>  }  at 2008-08-29 23:59:04.031 ]
[Exiting method <com.topcoder.clients.manager.dao.DAOProjectManager.updateProjectStatus(ProjectStatus status)>; Return value:<[ id=10 name=project status description=des isDeleted=false]>]  at 2008-08-29 23:59:04.031
[Entering method <com.topcoder.clients.manager.dao.DAOProjectManager.updateProjectStatus(ProjectStatus status)>; Parameters:{ ParamName<status>; ParamValue: <[ id=10 name=project status description=des isDeleted=false]>  }  at 2008-08-29 23:59:04.031 ]
[Exiting method <com.topcoder.clients.manager.dao.DAOProjectManager.updateProjectStatus(ProjectStatus status)>; Return value:<[ id=10 name=project status description=des isDeleted=false]>]  at 2008-08-29 23:59:04.031
[Entering method <com.topcoder.clients.manager.dao.DAOProjectManager.updateProjectStatus(ProjectStatus status)>; Parameters:{ ParamName<status>; ParamValue: <[ id=10 name=project status description=des isDeleted=false]>  }  at 2008-08-29 23:59:04.031 ]
[Exiting method <com.topcoder.clients.manager.dao.DAOProjectManager.updateProjectStatus(ProjectStatus status)>; Return value:<[ id=10 name=project status description=des isDeleted=false]>]  at 2008-08-29 23:59:04.031
[Entering method <com.topcoder.clients.manager.dao.DAOProjectManager.updateProjectStatus(ProjectStatus status)>; Parameters:{ ParamName<status>; ParamValue: <[ id=10 name=project status description=des isDeleted=false]>  }  at 2008-08-29 23:59:04.031 ]
[Exiting method <com.topcoder.clients.manager.dao.DAOProjectManager.updateProjectStatus(ProjectStatus status)>; Return value:<[ id=10 name=project status description=des isDeleted=false]>]  at 2008-08-29 23:59:04.031
[Entering method <com.topcoder.clients.manager.dao.DAOProjectManager.updateProjectStatus(ProjectStatus status)>; Parameters:{ ParamName<status>; ParamValue: <[ id=10 name=project status description=des isDeleted=false]>  }  at 2008-08-29 23:59:04.031 ]
[Exiting method <com.topcoder.clients.manager.dao.DAOProjectManager.updateProjectStatus(ProjectStatus status)>; Return value:<[ id=10 name=project status description=des isDeleted=false]>]  at 2008-08-29 23:59:04.031
[Entering method <com.topcoder.clients.manager.dao.DAOProjectManager.updateProjectStatus(ProjectStatus status)>; Parameters:{ ParamName<status>; ParamValue: <[ id=10 name=project status description=des isDeleted=false]>  }  at 2008-08-29 23:59:04.031 ]
[Exiting method <com.topcoder.clients.manager.dao.DAOProjectManager.updateProjectStatus(ProjectStatus status)>; Return value:<[ id=10 name=project status description=des isDeleted=false]>]  at 2008-08-29 23:59:04.031
[Entering method <com.topcoder.clients.manager.dao.DAOProjectManager.updateProjectStatus(ProjectStatus status)>; Parameters:{ ParamName<status>; ParamValue: <[ id=10 name=project status description=des isDeleted=false]>  }  at 2008-08-29 23:59:04.031 ]
[Exiting method <com.topcoder.clients.manager.dao.DAOProjectManager.updateProjectStatus(ProjectStatus status)>; Return value:<[ id=10 name=project status description=des isDeleted=false]>]  at 2008-08-29 23:59:04.031
[Entering method <com.topcoder.clients.manager.dao.DAOProjectManager.updateProjectStatus(ProjectStatus status)>; Parameters:{ ParamName<status>; ParamValue: <[ id=10 name=project status description=des isDeleted=false]>  }  at 2008-08-29 23:59:04.031 ]
[Exiting method <com.topcoder.clients.manager.dao.DAOProjectManager.updateProjectStatus(ProjectStatus status)>; Return value:<[ id=10 name=project status description=des isDeleted=false]>]  at 2008-08-29 23:59:04.031
[Entering method <com.topcoder.clients.manager.dao.DAOProjectManager.updateProjectStatus(ProjectStatus status)>; Parameters:{ ParamName<status>; ParamValue: <[ id=10 name=project status description=des isDeleted=false]>  }  at 2008-08-29 23:59:04.031 ]
[Exiting method <com.topcoder.clients.manager.dao.DAOProjectManager.updateProjectStatus(ProjectStatus status)>; Return value:<[ id=10 name=project status description=des isDeleted=false]>]  at 2008-08-29 23:59:04.031
[Entering method <com.topcoder.clients.manager.dao.DAOProjectManager.updateProjectStatus(ProjectStatus status)>; Parameters:{ ParamName<status>; ParamValue: <[ id=10 name=project status description=des isDeleted=false]>  }  at 2008-08-29 23:59:04.031 ]
[Exiting method <com.topcoder.clients.manager.dao.DAOProjectManager.updateProjectStatus(ProjectStatus status)>; Return value:<[ id=10 name=project status description=des isDeleted=false]>]  at 2008-08-29 23:59:04.031
retrieve took 0 ms
[Entering method <com.topcoder.clients.manager.dao.DAOProjectManager.deleteProjectStatus(ProjectStatus status)>; Parameters:{ ParamName<status>; ParamValue: <[ id=10 name=project status description=des isDeleted=false]>  }  at 2008-08-29 23:59:04.031 ]
[Exiting method <com.topcoder.clients.manager.dao.DAOProjectManager.deleteProjectStatus(ProjectStatus status)>; Return value:<[ id=10 name=project status description=des isDeleted=true]>]  at 2008-08-29 23:59:04.031
[Entering method <com.topcoder.clients.manager.dao.DAOProjectManager.deleteProjectStatus(ProjectStatus status)>; Parameters:{ ParamName<status>; ParamValue: <[ id=10 name=project status description=des isDeleted=false]>  }  at 2008-08-29 23:59:04.031 ]
[Exiting method <com.topcoder.clients.manager.dao.DAOProjectManager.deleteProjectStatus(ProjectStatus status)>; Return value:<[ id=10 name=project status description=des isDeleted=true]>]  at 2008-08-29 23:59:04.031
[Entering method <com.topcoder.clients.manager.dao.DAOProjectManager.deleteProjectStatus(ProjectStatus status)>; Parameters:{ ParamName<status>; ParamValue: <[ id=10 name=project status description=des isDeleted=false]>  }  at 2008-08-29 23:59:04.031 ]
[Exiting method <com.topcoder.clients.manager.dao.DAOProjectManager.deleteProjectStatus(ProjectStatus status)>; Return value:<[ id=10 name=project status description=des isDeleted=true]>]  at 2008-08-29 23:59:04.031
[Entering method <com.topcoder.clients.manager.dao.DAOProjectManager.deleteProjectStatus(ProjectStatus status)>; Parameters:{ ParamName<status>; ParamValue: <[ id=10 name=project status description=des isDeleted=false]>  }  at 2008-08-29 23:59:04.031 ]
[Exiting method <com.topcoder.clients.manager.dao.DAOProjectManager.deleteProjectStatus(ProjectStatus status)>; Return value:<[ id=10 name=project status description=des isDeleted=true]>]  at 2008-08-29 23:59:04.031
[Entering method <com.topcoder.clients.manager.dao.DAOProjectManager.deleteProjectStatus(ProjectStatus status)>; Parameters:{ ParamName<status>; ParamValue: <[ id=10 name=project status description=des isDeleted=false]>  }  at 2008-08-29 23:59:04.031 ]
[Exiting method <com.topcoder.clients.manager.dao.DAOProjectManager.deleteProjectStatus(ProjectStatus status)>; Return value:<[ id=10 name=project status description=des isDeleted=true]>]  at 2008-08-29 23:59:04.031
[Entering method <com.topcoder.clients.manager.dao.DAOProjectManager.deleteProjectStatus(ProjectStatus status)>; Parameters:{ ParamName<status>; ParamValue: <[ id=10 name=project status description=des isDeleted=false]>  }  at 2008-08-29 23:59:04.031 ]
[Exiting method <com.topcoder.clients.manager.dao.DAOProjectManager.deleteProjectStatus(ProjectStatus status)>; Return value:<[ id=10 name=project status description=des isDeleted=true]>]  at 2008-08-29 23:59:04.031
[Entering method <com.topcoder.clients.manager.dao.DAOProjectManager.deleteProjectStatus(ProjectStatus status)>; Parameters:{ ParamName<status>; ParamValue: <[ id=10 name=project status description=des isDeleted=false]>  }  at 2008-08-29 23:59:04.031 ]
[Exiting method <com.topcoder.clients.manager.dao.DAOProjectManager.deleteProjectStatus(ProjectStatus status)>; Return value:<[ id=10 name=project status description=des isDeleted=true]>]  at 2008-08-29 23:59:04.031
[Entering method <com.topcoder.clients.manager.dao.DAOProjectManager.deleteProjectStatus(ProjectStatus status)>; Parameters:{ ParamName<status>; ParamValue: <[ id=10 name=project status description=des isDeleted=false]>  }  at 2008-08-29 23:59:04.031 ]
[Exiting method <com.topcoder.clients.manager.dao.DAOProjectManager.deleteProjectStatus(ProjectStatus status)>; Return value:<[ id=10 name=project status description=des isDeleted=true]>]  at 2008-08-29 23:59:04.031
[Entering method <com.topcoder.clients.manager.dao.DAOProjectManager.deleteProjectStatus(ProjectStatus status)>; Parameters:{ ParamName<status>; ParamValue: <[ id=10 name=project status description=des isDeleted=false]>  }  at 2008-08-29 23:59:04.031 ]
[Exiting method <com.topcoder.clients.manager.dao.DAOProjectManager.deleteProjectStatus(ProjectStatus status)>; Return value:<[ id=10 name=project status description=des isDeleted=true]>]  at 2008-08-29 23:59:04.031
[Entering method <com.topcoder.clients.manager.dao.DAOProjectManager.deleteProjectStatus(ProjectStatus status)>; Parameters:{ ParamName<status>; ParamValue: <[ id=10 name=project status description=des isDeleted=false]>  }  at 2008-08-29 23:59:04.031 ]
[Exiting method <com.topcoder.clients.manager.dao.DAOProjectManager.deleteProjectStatus(ProjectStatus status)>; Return value:<[ id=10 name=project status description=des isDeleted=true]>]  at 2008-08-29 23:59:04.031
retrieve took 0 ms
[Entering method <com.topcoder.clients.manager.dao.DAOProjectManager.searchProjectsByName(String name)>; Parameters:{ ParamName<name>; ParamValue: <project>  }  at 2008-08-29 23:59:04.031 ]
[Exiting method <com.topcoder.clients.manager.dao.DAOProjectManager.searchProjectsByName(String name)>; Return value:<[[ id=10 name=project description=description parentProjectId=0 salesTax=10.0 client=null company=null childProjects=null] ]>]  at 2008-08-29 23:59:04.031
[Entering method <com.topcoder.clients.manager.dao.DAOProjectManager.searchProjectsByName(String name)>; Parameters:{ ParamName<name>; ParamValue: <project>  }  at 2008-08-29 23:59:04.031 ]
[Exiting method <com.topcoder.clients.manager.dao.DAOProjectManager.searchProjectsByName(String name)>; Return value:<[[ id=10 name=project description=description parentProjectId=0 salesTax=10.0 client=null company=null childProjects=null] ]>]  at 2008-08-29 23:59:04.031
[Entering method <com.topcoder.clients.manager.dao.DAOProjectManager.searchProjectsByName(String name)>; Parameters:{ ParamName<name>; ParamValue: <project>  }  at 2008-08-29 23:59:04.031 ]
[Exiting method <com.topcoder.clients.manager.dao.DAOProjectManager.searchProjectsByName(String name)>; Return value:<[[ id=10 name=project description=description parentProjectId=0 salesTax=10.0 client=null company=null childProjects=null] ]>]  at 2008-08-29 23:59:04.031
[Entering method <com.topcoder.clients.manager.dao.DAOProjectManager.searchProjectsByName(String name)>; Parameters:{ ParamName<name>; ParamValue: <project>  }  at 2008-08-29 23:59:04.031 ]
[Exiting method <com.topcoder.clients.manager.dao.DAOProjectManager.searchProjectsByName(String name)>; Return value:<[[ id=10 name=project description=description parentProjectId=0 salesTax=10.0 client=null company=null childProjects=null] ]>]  at 2008-08-29 23:59:04.031
[Entering method <com.topcoder.clients.manager.dao.DAOProjectManager.searchProjectsByName(String name)>; Parameters:{ ParamName<name>; ParamValue: <project>  }  at 2008-08-29 23:59:04.031 ]
[Exiting method <com.topcoder.clients.manager.dao.DAOProjectManager.searchProjectsByName(String name)>; Return value:<[[ id=10 name=project description=description parentProjectId=0 salesTax=10.0 client=null company=null childProjects=null] ]>]  at 2008-08-29 23:59:04.031
[Entering method <com.topcoder.clients.manager.dao.DAOProjectManager.searchProjectsByName(String name)>; Parameters:{ ParamName<name>; ParamValue: <project>  }  at 2008-08-29 23:59:04.031 ]
[Exiting method <com.topcoder.clients.manager.dao.DAOProjectManager.searchProjectsByName(String name)>; Return value:<[[ id=10 name=project description=description parentProjectId=0 salesTax=10.0 client=null company=null childProjects=null] ]>]  at 2008-08-29 23:59:04.031
[Entering method <com.topcoder.clients.manager.dao.DAOProjectManager.searchProjectsByName(String name)>; Parameters:{ ParamName<name>; ParamValue: <project>  }  at 2008-08-29 23:59:04.031 ]
[Exiting method <com.topcoder.clients.manager.dao.DAOProjectManager.searchProjectsByName(String name)>; Return value:<[[ id=10 name=project description=description parentProjectId=0 salesTax=10.0 client=null company=null childProjects=null] ]>]  at 2008-08-29 23:59:04.031
[Entering method <com.topcoder.clients.manager.dao.DAOProjectManager.searchProjectsByName(String name)>; Parameters:{ ParamName<name>; ParamValue: <project>  }  at 2008-08-29 23:59:04.031 ]
[Exiting method <com.topcoder.clients.manager.dao.DAOProjectManager.searchProjectsByName(String name)>; Return value:<[[ id=10 name=project description=description parentProjectId=0 salesTax=10.0 client=null company=null childProjects=null] ]>]  at 2008-08-29 23:59:04.031
[Entering method <com.topcoder.clients.manager.dao.DAOProjectManager.searchProjectsByName(String name)>; Parameters:{ ParamName<name>; ParamValue: <project>  }  at 2008-08-29 23:59:04.031 ]
[Exiting method <com.topcoder.clients.manager.dao.DAOProjectManager.searchProjectsByName(String name)>; Return value:<[[ id=10 name=project description=description parentProjectId=0 salesTax=10.0 client=null company=null childProjects=null] ]>]  at 2008-08-29 23:59:04.031
[Entering method <com.topcoder.clients.manager.dao.DAOProjectManager.searchProjectsByName(String name)>; Parameters:{ ParamName<name>; ParamValue: <project>  }  at 2008-08-29 23:59:04.031 ]
[Exiting method <com.topcoder.clients.manager.dao.DAOProjectManager.searchProjectsByName(String name)>; Return value:<[[ id=10 name=project description=description parentProjectId=0 salesTax=10.0 client=null company=null childProjects=null] ]>]  at 2008-08-29 23:59:04.031
retrieve took 0 ms
[Entering method <com.topcoder.clients.manager.dao.DAOProjectManager.retrieveProject(long id)>; Parameters:{ ParamName<id>; ParamValue: <10>  }  at 2008-08-29 23:59:04.046 ]
[Entering method <com.topcoder.clients.manager.dao.DAOProjectManager.retrieveProject(long id, boolean includeChildren)>; Parameters:{ ParamName<id>; ParamValue: <10> , ParamName<includeChildren>; ParamValue: <true>  }  at 2008-08-29 23:59:04.046 ]
[Exiting method <com.topcoder.clients.manager.dao.DAOProjectManager.retrieveProject(long id, boolean includeChildren)>; Return value:<[ id=10 name=project description=description parentProjectId=0 salesTax=10.0 client=null company=null childProjects=null]>]  at 2008-08-29 23:59:04.046
[Exiting method <com.topcoder.clients.manager.dao.DAOProjectManager.retrieveProject(long id)>; Return value:<[ id=10 name=project description=description parentProjectId=0 salesTax=10.0 client=null company=null childProjects=null]>]  at 2008-08-29 23:59:04.046
[Entering method <com.topcoder.clients.manager.dao.DAOProjectManager.retrieveProject(long id)>; Parameters:{ ParamName<id>; ParamValue: <10>  }  at 2008-08-29 23:59:04.046 ]
[Entering method <com.topcoder.clients.manager.dao.DAOProjectManager.retrieveProject(long id, boolean includeChildren)>; Parameters:{ ParamName<id>; ParamValue: <10> , ParamName<includeChildren>; ParamValue: <true>  }  at 2008-08-29 23:59:04.046 ]
[Exiting method <com.topcoder.clients.manager.dao.DAOProjectManager.retrieveProject(long id, boolean includeChildren)>; Return value:<[ id=10 name=project description=description parentProjectId=0 salesTax=10.0 client=null company=null childProjects=null]>]  at 2008-08-29 23:59:04.046
[Exiting method <com.topcoder.clients.manager.dao.DAOProjectManager.retrieveProject(long id)>; Return value:<[ id=10 name=project description=description parentProjectId=0 salesTax=10.0 client=null company=null childProjects=null]>]  at 2008-08-29 23:59:04.046
[Entering method <com.topcoder.clients.manager.dao.DAOProjectManager.retrieveProject(long id)>; Parameters:{ ParamName<id>; ParamValue: <10>  }  at 2008-08-29 23:59:04.046 ]
[Entering method <com.topcoder.clients.manager.dao.DAOProjectManager.retrieveProject(long id, boolean includeChildren)>; Parameters:{ ParamName<id>; ParamValue: <10> , ParamName<includeChildren>; ParamValue: <true>  }  at 2008-08-29 23:59:04.046 ]
[Exiting method <com.topcoder.clients.manager.dao.DAOProjectManager.retrieveProject(long id, boolean includeChildren)>; Return value:<[ id=10 name=project description=description parentProjectId=0 salesTax=10.0 client=null company=null childProjects=null]>]  at 2008-08-29 23:59:04.046
[Exiting method <com.topcoder.clients.manager.dao.DAOProjectManager.retrieveProject(long id)>; Return value:<[ id=10 name=project description=description parentProjectId=0 salesTax=10.0 client=null company=null childProjects=null]>]  at 2008-08-29 23:59:04.046
[Entering method <com.topcoder.clients.manager.dao.DAOProjectManager.retrieveProject(long id)>; Parameters:{ ParamName<id>; ParamValue: <10>  }  at 2008-08-29 23:59:04.046 ]
[Entering method <com.topcoder.clients.manager.dao.DAOProjectManager.retrieveProject(long id, boolean includeChildren)>; Parameters:{ ParamName<id>; ParamValue: <10> , ParamName<includeChildren>; ParamValue: <true>  }  at 2008-08-29 23:59:04.046 ]
[Exiting method <com.topcoder.clients.manager.dao.DAOProjectManager.retrieveProject(long id, boolean includeChildren)>; Return value:<[ id=10 name=project description=description parentProjectId=0 salesTax=10.0 client=null company=null childProjects=null]>]  at 2008-08-29 23:59:04.046
[Exiting method <com.topcoder.clients.manager.dao.DAOProjectManager.retrieveProject(long id)>; Return value:<[ id=10 name=project description=description parentProjectId=0 salesTax=10.0 client=null company=null childProjects=null]>]  at 2008-08-29 23:59:04.046
[Entering method <com.topcoder.clients.manager.dao.DAOProjectManager.retrieveProject(long id)>; Parameters:{ ParamName<id>; ParamValue: <10>  }  at 2008-08-29 23:59:04.046 ]
[Entering method <com.topcoder.clients.manager.dao.DAOProjectManager.retrieveProject(long id, boolean includeChildren)>; Parameters:{ ParamName<id>; ParamValue: <10> , ParamName<includeChildren>; ParamValue: <true>  }  at 2008-08-29 23:59:04.046 ]
[Exiting method <com.topcoder.clients.manager.dao.DAOProjectManager.retrieveProject(long id, boolean includeChildren)>; Return value:<[ id=10 name=project description=description parentProjectId=0 salesTax=10.0 client=null company=null childProjects=null]>]  at 2008-08-29 23:59:04.046
[Exiting method <com.topcoder.clients.manager.dao.DAOProjectManager.retrieveProject(long id)>; Return value:<[ id=10 name=project description=description parentProjectId=0 salesTax=10.0 client=null company=null childProjects=null]>]  at 2008-08-29 23:59:04.046
[Entering method <com.topcoder.clients.manager.dao.DAOProjectManager.retrieveProject(long id)>; Parameters:{ ParamName<id>; ParamValue: <10>  }  at 2008-08-29 23:59:04.046 ]
[Entering method <com.topcoder.clients.manager.dao.DAOProjectManager.retrieveProject(long id, boolean includeChildren)>; Parameters:{ ParamName<id>; ParamValue: <10> , ParamName<includeChildren>; ParamValue: <true>  }  at 2008-08-29 23:59:04.046 ]
[Exiting method <com.topcoder.clients.manager.dao.DAOProjectManager.retrieveProject(long id, boolean includeChildren)>; Return value:<[ id=10 name=project description=description parentProjectId=0 salesTax=10.0 client=null company=null childProjects=null]>]  at 2008-08-29 23:59:04.046
[Exiting method <com.topcoder.clients.manager.dao.DAOProjectManager.retrieveProject(long id)>; Return value:<[ id=10 name=project description=description parentProjectId=0 salesTax=10.0 client=null company=null childProjects=null]>]  at 2008-08-29 23:59:04.046
[Entering method <com.topcoder.clients.manager.dao.DAOProjectManager.retrieveProject(long id)>; Parameters:{ ParamName<id>; ParamValue: <10>  }  at 2008-08-29 23:59:04.046 ]
[Entering method <com.topcoder.clients.manager.dao.DAOProjectManager.retrieveProject(long id, boolean includeChildren)>; Parameters:{ ParamName<id>; ParamValue: <10> , ParamName<includeChildren>; ParamValue: <true>  }  at 2008-08-29 23:59:04.046 ]
[Exiting method <com.topcoder.clients.manager.dao.DAOProjectManager.retrieveProject(long id, boolean includeChildren)>; Return value:<[ id=10 name=project description=description parentProjectId=0 salesTax=10.0 client=null company=null childProjects=null]>]  at 2008-08-29 23:59:04.046
[Exiting method <com.topcoder.clients.manager.dao.DAOProjectManager.retrieveProject(long id)>; Return value:<[ id=10 name=project description=description parentProjectId=0 salesTax=10.0 client=null company=null childProjects=null]>]  at 2008-08-29 23:59:04.046
[Entering method <com.topcoder.clients.manager.dao.DAOProjectManager.retrieveProject(long id)>; Parameters:{ ParamName<id>; ParamValue: <10>  }  at 2008-08-29 23:59:04.046 ]
[Entering method <com.topcoder.clients.manager.dao.DAOProjectManager.retrieveProject(long id, boolean includeChildren)>; Parameters:{ ParamName<id>; ParamValue: <10> , ParamName<includeChildren>; ParamValue: <true>  }  at 2008-08-29 23:59:04.046 ]
[Exiting method <com.topcoder.clients.manager.dao.DAOProjectManager.retrieveProject(long id, boolean includeChildren)>; Return value:<[ id=10 name=project description=description parentProjectId=0 salesTax=10.0 client=null company=null childProjects=null]>]  at 2008-08-29 23:59:04.046
[Exiting method <com.topcoder.clients.manager.dao.DAOProjectManager.retrieveProject(long id)>; Return value:<[ id=10 name=project description=description parentProjectId=0 salesTax=10.0 client=null company=null childProjects=null]>]  at 2008-08-29 23:59:04.046
[Entering method <com.topcoder.clients.manager.dao.DAOProjectManager.retrieveProject(long id)>; Parameters:{ ParamName<id>; ParamValue: <10>  }  at 2008-08-29 23:59:04.046 ]
[Entering method <com.topcoder.clients.manager.dao.DAOProjectManager.retrieveProject(long id, boolean includeChildren)>; Parameters:{ ParamName<id>; ParamValue: <10> , ParamName<includeChildren>; ParamValue: <true>  }  at 2008-08-29 23:59:04.046 ]
[Exiting method <com.topcoder.clients.manager.dao.DAOProjectManager.retrieveProject(long id, boolean includeChildren)>; Return value:<[ id=10 name=project description=description parentProjectId=0 salesTax=10.0 client=null company=null childProjects=null]>]  at 2008-08-29 23:59:04.046
[Exiting method <com.topcoder.clients.manager.dao.DAOProjectManager.retrieveProject(long id)>; Return value:<[ id=10 name=project description=description parentProjectId=0 salesTax=10.0 client=null company=null childProjects=null]>]  at 2008-08-29 23:59:04.046
[Entering method <com.topcoder.clients.manager.dao.DAOProjectManager.retrieveProject(long id)>; Parameters:{ ParamName<id>; ParamValue: <10>  }  at 2008-08-29 23:59:04.046 ]
[Entering method <com.topcoder.clients.manager.dao.DAOProjectManager.retrieveProject(long id, boolean includeChildren)>; Parameters:{ ParamName<id>; ParamValue: <10> , ParamName<includeChildren>; ParamValue: <true>  }  at 2008-08-29 23:59:04.046 ]
[Exiting method <com.topcoder.clients.manager.dao.DAOProjectManager.retrieveProject(long id, boolean includeChildren)>; Return value:<[ id=10 name=project description=description parentProjectId=0 salesTax=10.0 client=null company=null childProjects=null]>]  at 2008-08-29 23:59:04.046
[Exiting method <com.topcoder.clients.manager.dao.DAOProjectManager.retrieveProject(long id)>; Return value:<[ id=10 name=project description=description parentProjectId=0 salesTax=10.0 client=null company=null childProjects=null]>]  at 2008-08-29 23:59:04.046
retrieve took 0 ms
[Entering method <com.topcoder.clients.manager.dao.DAOProjectManager.retrieveProjectsForClient(Client client)>; Parameters:{ ParamName<client>; ParamValue: <[ id=1 name=client codeName=null salesTax=0.0 isDeleted=false company=null clientStatus=null]>  }  at 2008-08-29 23:59:04.046 ]
[Entering method <com.topcoder.clients.manager.dao.DAOProjectManager.retrieveProjectsForClient(Client client, boolean includeChildren)>; Parameters:{ ParamName<client>; ParamValue: <[ id=1 name=client codeName=null salesTax=0.0 isDeleted=false company=null clientStatus=null]> , ParamName<includeChildren>; ParamValue: <true>  }  at 2008-08-29 23:59:04.046 ]
[Entering method <com.topcoder.clients.manager.dao.DAOProjectManager.retrieveProject(long id)>; Parameters:{ ParamName<id>; ParamValue: <10>  }  at 2008-08-29 23:59:04.046 ]
[Entering method <com.topcoder.clients.manager.dao.DAOProjectManager.retrieveProject(long id, boolean includeChildren)>; Parameters:{ ParamName<id>; ParamValue: <10> , ParamName<includeChildren>; ParamValue: <true>  }  at 2008-08-29 23:59:04.046 ]
[Exiting method <com.topcoder.clients.manager.dao.DAOProjectManager.retrieveProject(long id, boolean includeChildren)>; Return value:<[ id=10 name=project description=description parentProjectId=0 salesTax=10.0 client=null company=null childProjects=null]>]  at 2008-08-29 23:59:04.046
[Exiting method <com.topcoder.clients.manager.dao.DAOProjectManager.retrieveProject(long id)>; Return value:<[ id=10 name=project description=description parentProjectId=0 salesTax=10.0 client=null company=null childProjects=null]>]  at 2008-08-29 23:59:04.046
[Entering method <com.topcoder.clients.manager.dao.DAOProjectManager.retrieveProject(long id)>; Parameters:{ ParamName<id>; ParamValue: <20>  }  at 2008-08-29 23:59:04.046 ]
[Entering method <com.topcoder.clients.manager.dao.DAOProjectManager.retrieveProject(long id, boolean includeChildren)>; Parameters:{ ParamName<id>; ParamValue: <20> , ParamName<includeChildren>; ParamValue: <true>  }  at 2008-08-29 23:59:04.046 ]
[Exiting method <com.topcoder.clients.manager.dao.DAOProjectManager.retrieveProject(long id, boolean includeChildren)>; Return value:<[ id=10 name=project description=description parentProjectId=0 salesTax=10.0 client=null company=null childProjects=null]>]  at 2008-08-29 23:59:04.046
[Exiting method <com.topcoder.clients.manager.dao.DAOProjectManager.retrieveProject(long id)>; Return value:<[ id=10 name=project description=description parentProjectId=0 salesTax=10.0 client=null company=null childProjects=null]>]  at 2008-08-29 23:59:04.046
[Exiting method <com.topcoder.clients.manager.dao.DAOProjectManager.retrieveProjectsForClient(Client client, boolean includeChildren)>; Return value:<[[ id=10 name=project description=description parentProjectId=0 salesTax=10.0 client=null company=null childProjects=null] [ id=10 name=project description=description parentProjectId=0 salesTax=10.0 client=null company=null childProjects=null] ]>]  at 2008-08-29 23:59:04.046
[Exiting method <com.topcoder.clients.manager.dao.DAOProjectManager.retrieveProjectsForClient(Client client)>; Return value:<[[ id=10 name=project description=description parentProjectId=0 salesTax=10.0 client=null company=null childProjects=null] [ id=10 name=project description=description parentProjectId=0 salesTax=10.0 client=null company=null childProjects=null] ]>]  at 2008-08-29 23:59:04.046
[Entering method <com.topcoder.clients.manager.dao.DAOProjectManager.retrieveProjectsForClient(Client client)>; Parameters:{ ParamName<client>; ParamValue: <[ id=1 name=client codeName=null salesTax=0.0 isDeleted=false company=null clientStatus=null]>  }  at 2008-08-29 23:59:04.046 ]
[Entering method <com.topcoder.clients.manager.dao.DAOProjectManager.retrieveProjectsForClient(Client client, boolean includeChildren)>; Parameters:{ ParamName<client>; ParamValue: <[ id=1 name=client codeName=null salesTax=0.0 isDeleted=false company=null clientStatus=null]> , ParamName<includeChildren>; ParamValue: <true>  }  at 2008-08-29 23:59:04.046 ]
[Entering method <com.topcoder.clients.manager.dao.DAOProjectManager.retrieveProject(long id)>; Parameters:{ ParamName<id>; ParamValue: <10>  }  at 2008-08-29 23:59:04.046 ]
[Entering method <com.topcoder.clients.manager.dao.DAOProjectManager.retrieveProject(long id, boolean includeChildren)>; Parameters:{ ParamName<id>; ParamValue: <10> , ParamName<includeChildren>; ParamValue: <true>  }  at 2008-08-29 23:59:04.046 ]
[Exiting method <com.topcoder.clients.manager.dao.DAOProjectManager.retrieveProject(long id, boolean includeChildren)>; Return value:<[ id=10 name=project description=description parentProjectId=0 salesTax=10.0 client=null company=null childProjects=null]>]  at 2008-08-29 23:59:04.046
[Exiting method <com.topcoder.clients.manager.dao.DAOProjectManager.retrieveProject(long id)>; Return value:<[ id=10 name=project description=description parentProjectId=0 salesTax=10.0 client=null company=null childProjects=null]>]  at 2008-08-29 23:59:04.046
[Entering method <com.topcoder.clients.manager.dao.DAOProjectManager.retrieveProject(long id)>; Parameters:{ ParamName<id>; ParamValue: <20>  }  at 2008-08-29 23:59:04.046 ]
[Entering method <com.topcoder.clients.manager.dao.DAOProjectManager.retrieveProject(long id, boolean includeChildren)>; Parameters:{ ParamName<id>; ParamValue: <20> , ParamName<includeChildren>; ParamValue: <true>  }  at 2008-08-29 23:59:04.046 ]
[Exiting method <com.topcoder.clients.manager.dao.DAOProjectManager.retrieveProject(long id, boolean includeChildren)>; Return value:<[ id=10 name=project description=description parentProjectId=0 salesTax=10.0 client=null company=null childProjects=null]>]  at 2008-08-29 23:59:04.046
[Exiting method <com.topcoder.clients.manager.dao.DAOProjectManager.retrieveProject(long id)>; Return value:<[ id=10 name=project description=description parentProjectId=0 salesTax=10.0 client=null company=null childProjects=null]>]  at 2008-08-29 23:59:04.046
[Exiting method <com.topcoder.clients.manager.dao.DAOProjectManager.retrieveProjectsForClient(Client client, boolean includeChildren)>; Return value:<[[ id=10 name=project description=description parentProjectId=0 salesTax=10.0 client=null company=null childProjects=null] [ id=10 name=project description=description parentProjectId=0 salesTax=10.0 client=null company=null childProjects=null] ]>]  at 2008-08-29 23:59:04.046
[Exiting method <com.topcoder.clients.manager.dao.DAOProjectManager.retrieveProjectsForClient(Client client)>; Return value:<[[ id=10 name=project description=description parentProjectId=0 salesTax=10.0 client=null company=null childProjects=null] [ id=10 name=project description=description parentProjectId=0 salesTax=10.0 client=null company=null childProjects=null] ]>]  at 2008-08-29 23:59:04.046
[Entering method <com.topcoder.clients.manager.dao.DAOProjectManager.retrieveProjectsForClient(Client client)>; Parameters:{ ParamName<client>; ParamValue: <[ id=1 name=client codeName=null salesTax=0.0 isDeleted=false company=null clientStatus=null]>  }  at 2008-08-29 23:59:04.046 ]
[Entering method <com.topcoder.clients.manager.dao.DAOProjectManager.retrieveProjectsForClient(Client client, boolean includeChildren)>; Parameters:{ ParamName<client>; ParamValue: <[ id=1 name=client codeName=null salesTax=0.0 isDeleted=false company=null clientStatus=null]> , ParamName<includeChildren>; ParamValue: <true>  }  at 2008-08-29 23:59:04.046 ]
[Entering method <com.topcoder.clients.manager.dao.DAOProjectManager.retrieveProject(long id)>; Parameters:{ ParamName<id>; ParamValue: <10>  }  at 2008-08-29 23:59:04.046 ]
[Entering method <com.topcoder.clients.manager.dao.DAOProjectManager.retrieveProject(long id, boolean includeChildren)>; Parameters:{ ParamName<id>; ParamValue: <10> , ParamName<includeChildren>; ParamValue: <true>  }  at 2008-08-29 23:59:04.046 ]
[Exiting method <com.topcoder.clients.manager.dao.DAOProjectManager.retrieveProject(long id, boolean includeChildren)>; Return value:<[ id=10 name=project description=description parentProjectId=0 salesTax=10.0 client=null company=null childProjects=null]>]  at 2008-08-29 23:59:04.046
[Exiting method <com.topcoder.clients.manager.dao.DAOProjectManager.retrieveProject(long id)>; Return value:<[ id=10 name=project description=description parentProjectId=0 salesTax=10.0 client=null company=null childProjects=null]>]  at 2008-08-29 23:59:04.046
[Entering method <com.topcoder.clients.manager.dao.DAOProjectManager.retrieveProject(long id)>; Parameters:{ ParamName<id>; ParamValue: <20>  }  at 2008-08-29 23:59:04.046 ]
[Entering method <com.topcoder.clients.manager.dao.DAOProjectManager.retrieveProject(long id, boolean includeChildren)>; Parameters:{ ParamName<id>; ParamValue: <20> , ParamName<includeChildren>; ParamValue: <true>  }  at 2008-08-29 23:59:04.046 ]
[Exiting method <com.topcoder.clients.manager.dao.DAOProjectManager.retrieveProject(long id, boolean includeChildren)>; Return value:<[ id=10 name=project description=description parentProjectId=0 salesTax=10.0 client=null company=null childProjects=null]>]  at 2008-08-29 23:59:04.046
[Exiting method <com.topcoder.clients.manager.dao.DAOProjectManager.retrieveProject(long id)>; Return value:<[ id=10 name=project description=description parentProjectId=0 salesTax=10.0 client=null company=null childProjects=null]>]  at 2008-08-29 23:59:04.046
[Exiting method <com.topcoder.clients.manager.dao.DAOProjectManager.retrieveProjectsForClient(Client client, boolean includeChildren)>; Return value:<[[ id=10 name=project description=description parentProjectId=0 salesTax=10.0 client=null company=null childProjects=null] [ id=10 name=project description=description parentProjectId=0 salesTax=10.0 client=null company=null childProjects=null] ]>]  at 2008-08-29 23:59:04.046
[Exiting method <com.topcoder.clients.manager.dao.DAOProjectManager.retrieveProjectsForClient(Client client)>; Return value:<[[ id=10 name=project description=description parentProjectId=0 salesTax=10.0 client=null company=null childProjects=null] [ id=10 name=project description=description parentProjectId=0 salesTax=10.0 client=null company=null childProjects=null] ]>]  at 2008-08-29 23:59:04.046
[Entering method <com.topcoder.clients.manager.dao.DAOProjectManager.retrieveProjectsForClient(Client client)>; Parameters:{ ParamName<client>; ParamValue: <[ id=1 name=client codeName=null salesTax=0.0 isDeleted=false company=null clientStatus=null]>  }  at 2008-08-29 23:59:04.046 ]
[Entering method <com.topcoder.clients.manager.dao.DAOProjectManager.retrieveProjectsForClient(Client client, boolean includeChildren)>; Parameters:{ ParamName<client>; ParamValue: <[ id=1 name=client codeName=null salesTax=0.0 isDeleted=false company=null clientStatus=null]> , ParamName<includeChildren>; ParamValue: <true>  }  at 2008-08-29 23:59:04.046 ]
[Entering method <com.topcoder.clients.manager.dao.DAOProjectManager.retrieveProject(long id)>; Parameters:{ ParamName<id>; ParamValue: <10>  }  at 2008-08-29 23:59:04.046 ]
[Entering method <com.topcoder.clients.manager.dao.DAOProjectManager.retrieveProject(long id, boolean includeChildren)>; Parameters:{ ParamName<id>; ParamValue: <10> , ParamName<includeChildren>; ParamValue: <true>  }  at 2008-08-29 23:59:04.046 ]
[Exiting method <com.topcoder.clients.manager.dao.DAOProjectManager.retrieveProject(long id, boolean includeChildren)>; Return value:<[ id=10 name=project description=description parentProjectId=0 salesTax=10.0 client=null company=null childProjects=null]>]  at 2008-08-29 23:59:04.046
[Exiting method <com.topcoder.clients.manager.dao.DAOProjectManager.retrieveProject(long id)>; Return value:<[ id=10 name=project description=description parentProjectId=0 salesTax=10.0 client=null company=null childProjects=null]>]  at 2008-08-29 23:59:04.046
[Entering method <com.topcoder.clients.manager.dao.DAOProjectManager.retrieveProject(long id)>; Parameters:{ ParamName<id>; ParamValue: <20>  }  at 2008-08-29 23:59:04.046 ]
[Entering method <com.topcoder.clients.manager.dao.DAOProjectManager.retrieveProject(long id, boolean includeChildren)>; Parameters:{ ParamName<id>; ParamValue: <20> , ParamName<includeChildren>; ParamValue: <true>  }  at 2008-08-29 23:59:04.046 ]
[Exiting method <com.topcoder.clients.manager.dao.DAOProjectManager.retrieveProject(long id, boolean includeChildren)>; Return value:<[ id=10 name=project description=description parentProjectId=0 salesTax=10.0 client=null company=null childProjects=null]>]  at 2008-08-29 23:59:04.046
[Exiting method <com.topcoder.clients.manager.dao.DAOProjectManager.retrieveProject(long id)>; Return value:<[ id=10 name=project description=description parentProjectId=0 salesTax=10.0 client=null company=null childProjects=null]>]  at 2008-08-29 23:59:04.046
[Exiting method <com.topcoder.clients.manager.dao.DAOProjectManager.retrieveProjectsForClient(Client client, boolean includeChildren)>; Return value:<[[ id=10 name=project description=description parentProjectId=0 salesTax=10.0 client=null company=null childProjects=null] [ id=10 name=project description=description parentProjectId=0 salesTax=10.0 client=null company=null childProjects=null] ]>]  at 2008-08-29 23:59:04.046
[Exiting method <com.topcoder.clients.manager.dao.DAOProjectManager.retrieveProjectsForClient(Client client)>; Return value:<[[ id=10 name=project description=description parentProjectId=0 salesTax=10.0 client=null company=null childProjects=null] [ id=10 name=project description=description parentProjectId=0 salesTax=10.0 client=null company=null childProjects=null] ]>]  at 2008-08-29 23:59:04.046
[Entering method <com.topcoder.clients.manager.dao.DAOProjectManager.retrieveProjectsForClient(Client client)>; Parameters:{ ParamName<client>; ParamValue: <[ id=1 name=client codeName=null salesTax=0.0 isDeleted=false company=null clientStatus=null]>  }  at 2008-08-29 23:59:04.046 ]
[Entering method <com.topcoder.clients.manager.dao.DAOProjectManager.retrieveProjectsForClient(Client client, boolean includeChildren)>; Parameters:{ ParamName<client>; ParamValue: <[ id=1 name=client codeName=null salesTax=0.0 isDeleted=false company=null clientStatus=null]> , ParamName<includeChildren>; ParamValue: <true>  }  at 2008-08-29 23:59:04.046 ]
[Entering method <com.topcoder.clients.manager.dao.DAOProjectManager.retrieveProject(long id)>; Parameters:{ ParamName<id>; ParamValue: <10>  }  at 2008-08-29 23:59:04.046 ]
[Entering method <com.topcoder.clients.manager.dao.DAOProjectManager.retrieveProject(long id, boolean includeChildren)>; Parameters:{ ParamName<id>; ParamValue: <10> , ParamName<includeChildren>; ParamValue: <true>  }  at 2008-08-29 23:59:04.046 ]
[Exiting method <com.topcoder.clients.manager.dao.DAOProjectManager.retrieveProject(long id, boolean includeChildren)>; Return value:<[ id=10 name=project description=description parentProjectId=0 salesTax=10.0 client=null company=null childProjects=null]>]  at 2008-08-29 23:59:04.046
[Exiting method <com.topcoder.clients.manager.dao.DAOProjectManager.retrieveProject(long id)>; Return value:<[ id=10 name=project description=description parentProjectId=0 salesTax=10.0 client=null company=null childProjects=null]>]  at 2008-08-29 23:59:04.046
[Entering method <com.topcoder.clients.manager.dao.DAOProjectManager.retrieveProject(long id)>; Parameters:{ ParamName<id>; ParamValue: <20>  }  at 2008-08-29 23:59:04.046 ]
[Entering method <com.topcoder.clients.manager.dao.DAOProjectManager.retrieveProject(long id, boolean includeChildren)>; Parameters:{ ParamName<id>; ParamValue: <20> , ParamName<includeChildren>; ParamValue: <true>  }  at 2008-08-29 23:59:04.046 ]
[Exiting method <com.topcoder.clients.manager.dao.DAOProjectManager.retrieveProject(long id, boolean includeChildren)>; Return value:<[ id=10 name=project description=description parentProjectId=0 salesTax=10.0 client=null company=null childProjects=null]>]  at 2008-08-29 23:59:04.046
[Exiting method <com.topcoder.clients.manager.dao.DAOProjectManager.retrieveProject(long id)>; Return value:<[ id=10 name=project description=description parentProjectId=0 salesTax=10.0 client=null company=null childProjects=null]>]  at 2008-08-29 23:59:04.046
[Exiting method <com.topcoder.clients.manager.dao.DAOProjectManager.retrieveProjectsForClient(Client client, boolean includeChildren)>; Return value:<[[ id=10 name=project description=description parentProjectId=0 salesTax=10.0 client=null company=null childProjects=null] [ id=10 name=project description=description parentProjectId=0 salesTax=10.0 client=null company=null childProjects=null] ]>]  at 2008-08-29 23:59:04.046
[Exiting method <com.topcoder.clients.manager.dao.DAOProjectManager.retrieveProjectsForClient(Client client)>; Return value:<[[ id=10 name=project description=description parentProjectId=0 salesTax=10.0 client=null company=null childProjects=null] [ id=10 name=project description=description parentProjectId=0 salesTax=10.0 client=null company=null childProjects=null] ]>]  at 2008-08-29 23:59:04.046
[Entering method <com.topcoder.clients.manager.dao.DAOProjectManager.retrieveProjectsForClient(Client client)>; Parameters:{ ParamName<client>; ParamValue: <[ id=1 name=client codeName=null salesTax=0.0 isDeleted=false company=null clientStatus=null]>  }  at 2008-08-29 23:59:04.046 ]
[Entering method <com.topcoder.clients.manager.dao.DAOProjectManager.retrieveProjectsForClient(Client client, boolean includeChildren)>; Parameters:{ ParamName<client>; ParamValue: <[ id=1 name=client codeName=null salesTax=0.0 isDeleted=false company=null clientStatus=null]> , ParamName<includeChildren>; ParamValue: <true>  }  at 2008-08-29 23:59:04.046 ]
[Entering method <com.topcoder.clients.manager.dao.DAOProjectManager.retrieveProject(long id)>; Parameters:{ ParamName<id>; ParamValue: <10>  }  at 2008-08-29 23:59:04.046 ]
[Entering method <com.topcoder.clients.manager.dao.DAOProjectManager.retrieveProject(long id, boolean includeChildren)>; Parameters:{ ParamName<id>; ParamValue: <10> , ParamName<includeChildren>; ParamValue: <true>  }  at 2008-08-29 23:59:04.046 ]
[Exiting method <com.topcoder.clients.manager.dao.DAOProjectManager.retrieveProject(long id, boolean includeChildren)>; Return value:<[ id=10 name=project description=description parentProjectId=0 salesTax=10.0 client=null company=null childProjects=null]>]  at 2008-08-29 23:59:04.046
[Exiting method <com.topcoder.clients.manager.dao.DAOProjectManager.retrieveProject(long id)>; Return value:<[ id=10 name=project description=description parentProjectId=0 salesTax=10.0 client=null company=null childProjects=null]>]  at 2008-08-29 23:59:04.046
[Entering method <com.topcoder.clients.manager.dao.DAOProjectManager.retrieveProject(long id)>; Parameters:{ ParamName<id>; ParamValue: <20>  }  at 2008-08-29 23:59:04.046 ]
[Entering method <com.topcoder.clients.manager.dao.DAOProjectManager.retrieveProject(long id, boolean includeChildren)>; Parameters:{ ParamName<id>; ParamValue: <20> , ParamName<includeChildren>; ParamValue: <true>  }  at 2008-08-29 23:59:04.046 ]
[Exiting method <com.topcoder.clients.manager.dao.DAOProjectManager.retrieveProject(long id, boolean includeChildren)>; Return value:<[ id=10 name=project description=description parentProjectId=0 salesTax=10.0 client=null company=null childProjects=null]>]  at 2008-08-29 23:59:04.046
[Exiting method <com.topcoder.clients.manager.dao.DAOProjectManager.retrieveProject(long id)>; Return value:<[ id=10 name=project description=description parentProjectId=0 salesTax=10.0 client=null company=null childProjects=null]>]  at 2008-08-29 23:59:04.046
[Exiting method <com.topcoder.clients.manager.dao.DAOProjectManager.retrieveProjectsForClient(Client client, boolean includeChildren)>; Return value:<[[ id=10 name=project description=description parentProjectId=0 salesTax=10.0 client=null company=null childProjects=null] [ id=10 name=project description=description parentProjectId=0 salesTax=10.0 client=null company=null childProjects=null] ]>]  at 2008-08-29 23:59:04.046
[Exiting method <com.topcoder.clients.manager.dao.DAOProjectManager.retrieveProjectsForClient(Client client)>; Return value:<[[ id=10 name=project description=description parentProjectId=0 salesTax=10.0 client=null company=null childProjects=null] [ id=10 name=project description=description parentProjectId=0 salesTax=10.0 client=null company=null childProjects=null] ]>]  at 2008-08-29 23:59:04.046
[Entering method <com.topcoder.clients.manager.dao.DAOProjectManager.retrieveProjectsForClient(Client client)>; Parameters:{ ParamName<client>; ParamValue: <[ id=1 name=client codeName=null salesTax=0.0 isDeleted=false company=null clientStatus=null]>  }  at 2008-08-29 23:59:04.046 ]
[Entering method <com.topcoder.clients.manager.dao.DAOProjectManager.retrieveProjectsForClient(Client client, boolean includeChildren)>; Parameters:{ ParamName<client>; ParamValue: <[ id=1 name=client codeName=null salesTax=0.0 isDeleted=false company=null clientStatus=null]> , ParamName<includeChildren>; ParamValue: <true>  }  at 2008-08-29 23:59:04.046 ]
[Entering method <com.topcoder.clients.manager.dao.DAOProjectManager.retrieveProject(long id)>; Parameters:{ ParamName<id>; ParamValue: <10>  }  at 2008-08-29 23:59:04.046 ]
[Entering method <com.topcoder.clients.manager.dao.DAOProjectManager.retrieveProject(long id, boolean includeChildren)>; Parameters:{ ParamName<id>; ParamValue: <10> , ParamName<includeChildren>; ParamValue: <true>  }  at 2008-08-29 23:59:04.046 ]
[Exiting method <com.topcoder.clients.manager.dao.DAOProjectManager.retrieveProject(long id, boolean includeChildren)>; Return value:<[ id=10 name=project description=description parentProjectId=0 salesTax=10.0 client=null company=null childProjects=null]>]  at 2008-08-29 23:59:04.046
[Exiting method <com.topcoder.clients.manager.dao.DAOProjectManager.retrieveProject(long id)>; Return value:<[ id=10 name=project description=description parentProjectId=0 salesTax=10.0 client=null company=null childProjects=null]>]  at 2008-08-29 23:59:04.046
[Entering method <com.topcoder.clients.manager.dao.DAOProjectManager.retrieveProject(long id)>; Parameters:{ ParamName<id>; ParamValue: <20>  }  at 2008-08-29 23:59:04.046 ]
[Entering method <com.topcoder.clients.manager.dao.DAOProjectManager.retrieveProject(long id, boolean includeChildren)>; Parameters:{ ParamName<id>; ParamValue: <20> , ParamName<includeChildren>; ParamValue: <true>  }  at 2008-08-29 23:59:04.046 ]
[Exiting method <com.topcoder.clients.manager.dao.DAOProjectManager.retrieveProject(long id, boolean includeChildren)>; Return value:<[ id=10 name=project description=description parentProjectId=0 salesTax=10.0 client=null company=null childProjects=null]>]  at 2008-08-29 23:59:04.046
[Exiting method <com.topcoder.clients.manager.dao.DAOProjectManager.retrieveProject(long id)>; Return value:<[ id=10 name=project description=description parentProjectId=0 salesTax=10.0 client=null company=null childProjects=null]>]  at 2008-08-29 23:59:04.046
[Exiting method <com.topcoder.clients.manager.dao.DAOProjectManager.retrieveProjectsForClient(Client client, boolean includeChildren)>; Return value:<[[ id=10 name=project description=description parentProjectId=0 salesTax=10.0 client=null company=null childProjects=null] [ id=10 name=project description=description parentProjectId=0 salesTax=10.0 client=null company=null childProjects=null] ]>]  at 2008-08-29 23:59:04.046
[Exiting method <com.topcoder.clients.manager.dao.DAOProjectManager.retrieveProjectsForClient(Client client)>; Return value:<[[ id=10 name=project description=description parentProjectId=0 salesTax=10.0 client=null company=null childProjects=null] [ id=10 name=project description=description parentProjectId=0 salesTax=10.0 client=null company=null childProjects=null] ]>]  at 2008-08-29 23:59:04.046
[Entering method <com.topcoder.clients.manager.dao.DAOProjectManager.retrieveProjectsForClient(Client client)>; Parameters:{ ParamName<client>; ParamValue: <[ id=1 name=client codeName=null salesTax=0.0 isDeleted=false company=null clientStatus=null]>  }  at 2008-08-29 23:59:04.046 ]
[Entering method <com.topcoder.clients.manager.dao.DAOProjectManager.retrieveProjectsForClient(Client client, boolean includeChildren)>; Parameters:{ ParamName<client>; ParamValue: <[ id=1 name=client codeName=null salesTax=0.0 isDeleted=false company=null clientStatus=null]> , ParamName<includeChildren>; ParamValue: <true>  }  at 2008-08-29 23:59:04.046 ]
[Entering method <com.topcoder.clients.manager.dao.DAOProjectManager.retrieveProject(long id)>; Parameters:{ ParamName<id>; ParamValue: <10>  }  at 2008-08-29 23:59:04.046 ]
[Entering method <com.topcoder.clients.manager.dao.DAOProjectManager.retrieveProject(long id, boolean includeChildren)>; Parameters:{ ParamName<id>; ParamValue: <10> , ParamName<includeChildren>; ParamValue: <true>  }  at 2008-08-29 23:59:04.046 ]
[Exiting method <com.topcoder.clients.manager.dao.DAOProjectManager.retrieveProject(long id, boolean includeChildren)>; Return value:<[ id=10 name=project description=description parentProjectId=0 salesTax=10.0 client=null company=null childProjects=null]>]  at 2008-08-29 23:59:04.046
[Exiting method <com.topcoder.clients.manager.dao.DAOProjectManager.retrieveProject(long id)>; Return value:<[ id=10 name=project description=description parentProjectId=0 salesTax=10.0 client=null company=null childProjects=null]>]  at 2008-08-29 23:59:04.046
[Entering method <com.topcoder.clients.manager.dao.DAOProjectManager.retrieveProject(long id)>; Parameters:{ ParamName<id>; ParamValue: <20>  }  at 2008-08-29 23:59:04.046 ]
[Entering method <com.topcoder.clients.manager.dao.DAOProjectManager.retrieveProject(long id, boolean includeChildren)>; Parameters:{ ParamName<id>; ParamValue: <20> , ParamName<includeChildren>; ParamValue: <true>  }  at 2008-08-29 23:59:04.046 ]
[Exiting method <com.topcoder.clients.manager.dao.DAOProjectManager.retrieveProject(long id, boolean includeChildren)>; Return value:<[ id=10 name=project description=description parentProjectId=0 salesTax=10.0 client=null company=null childProjects=null]>]  at 2008-08-29 23:59:04.046
[Exiting method <com.topcoder.clients.manager.dao.DAOProjectManager.retrieveProject(long id)>; Return value:<[ id=10 name=project description=description parentProjectId=0 salesTax=10.0 client=null company=null childProjects=null]>]  at 2008-08-29 23:59:04.046
[Exiting method <com.topcoder.clients.manager.dao.DAOProjectManager.retrieveProjectsForClient(Client client, boolean includeChildren)>; Return value:<[[ id=10 name=project description=description parentProjectId=0 salesTax=10.0 client=null company=null childProjects=null] [ id=10 name=project description=description parentProjectId=0 salesTax=10.0 client=null company=null childProjects=null] ]>]  at 2008-08-29 23:59:04.046
[Exiting method <com.topcoder.clients.manager.dao.DAOProjectManager.retrieveProjectsForClient(Client client)>; Return value:<[[ id=10 name=project description=description parentProjectId=0 salesTax=10.0 client=null company=null childProjects=null] [ id=10 name=project description=description parentProjectId=0 salesTax=10.0 client=null company=null childProjects=null] ]>]  at 2008-08-29 23:59:04.046
[Entering method <com.topcoder.clients.manager.dao.DAOProjectManager.retrieveProjectsForClient(Client client)>; Parameters:{ ParamName<client>; ParamValue: <[ id=1 name=client codeName=null salesTax=0.0 isDeleted=false company=null clientStatus=null]>  }  at 2008-08-29 23:59:04.046 ]
[Entering method <com.topcoder.clients.manager.dao.DAOProjectManager.retrieveProjectsForClient(Client client, boolean includeChildren)>; Parameters:{ ParamName<client>; ParamValue: <[ id=1 name=client codeName=null salesTax=0.0 isDeleted=false company=null clientStatus=null]> , ParamName<includeChildren>; ParamValue: <true>  }  at 2008-08-29 23:59:04.046 ]
[Entering method <com.topcoder.clients.manager.dao.DAOProjectManager.retrieveProject(long id)>; Parameters:{ ParamName<id>; ParamValue: <10>  }  at 2008-08-29 23:59:04.046 ]
[Entering method <com.topcoder.clients.manager.dao.DAOProjectManager.retrieveProject(long id, boolean includeChildren)>; Parameters:{ ParamName<id>; ParamValue: <10> , ParamName<includeChildren>; ParamValue: <true>  }  at 2008-08-29 23:59:04.046 ]
[Exiting method <com.topcoder.clients.manager.dao.DAOProjectManager.retrieveProject(long id, boolean includeChildren)>; Return value:<[ id=10 name=project description=description parentProjectId=0 salesTax=10.0 client=null company=null childProjects=null]>]  at 2008-08-29 23:59:04.046
[Exiting method <com.topcoder.clients.manager.dao.DAOProjectManager.retrieveProject(long id)>; Return value:<[ id=10 name=project description=description parentProjectId=0 salesTax=10.0 client=null company=null childProjects=null]>]  at 2008-08-29 23:59:04.046
[Entering method <com.topcoder.clients.manager.dao.DAOProjectManager.retrieveProject(long id)>; Parameters:{ ParamName<id>; ParamValue: <20>  }  at 2008-08-29 23:59:04.046 ]
[Entering method <com.topcoder.clients.manager.dao.DAOProjectManager.retrieveProject(long id, boolean includeChildren)>; Parameters:{ ParamName<id>; ParamValue: <20> , ParamName<includeChildren>; ParamValue: <true>  }  at 2008-08-29 23:59:04.046 ]
[Exiting method <com.topcoder.clients.manager.dao.DAOProjectManager.retrieveProject(long id, boolean includeChildren)>; Return value:<[ id=10 name=project description=description parentProjectId=0 salesTax=10.0 client=null company=null childProjects=null]>]  at 2008-08-29 23:59:04.046
[Exiting method <com.topcoder.clients.manager.dao.DAOProjectManager.retrieveProject(long id)>; Return value:<[ id=10 name=project description=description parentProjectId=0 salesTax=10.0 client=null company=null childProjects=null]>]  at 2008-08-29 23:59:04.046
[Exiting method <com.topcoder.clients.manager.dao.DAOProjectManager.retrieveProjectsForClient(Client client, boolean includeChildren)>; Return value:<[[ id=10 name=project description=description parentProjectId=0 salesTax=10.0 client=null company=null childProjects=null] [ id=10 name=project description=description parentProjectId=0 salesTax=10.0 client=null company=null childProjects=null] ]>]  at 2008-08-29 23:59:04.046
[Exiting method <com.topcoder.clients.manager.dao.DAOProjectManager.retrieveProjectsForClient(Client client)>; Return value:<[[ id=10 name=project description=description parentProjectId=0 salesTax=10.0 client=null company=null childProjects=null] [ id=10 name=project description=description parentProjectId=0 salesTax=10.0 client=null company=null childProjects=null] ]>]  at 2008-08-29 23:59:04.046
[Entering method <com.topcoder.clients.manager.dao.DAOProjectManager.retrieveProjectsForClient(Client client)>; Parameters:{ ParamName<client>; ParamValue: <[ id=1 name=client codeName=null salesTax=0.0 isDeleted=false company=null clientStatus=null]>  }  at 2008-08-29 23:59:04.046 ]
[Entering method <com.topcoder.clients.manager.dao.DAOProjectManager.retrieveProjectsForClient(Client client, boolean includeChildren)>; Parameters:{ ParamName<client>; ParamValue: <[ id=1 name=client codeName=null salesTax=0.0 isDeleted=false company=null clientStatus=null]> , ParamName<includeChildren>; ParamValue: <true>  }  at 2008-08-29 23:59:04.046 ]
[Entering method <com.topcoder.clients.manager.dao.DAOProjectManager.retrieveProject(long id)>; Parameters:{ ParamName<id>; ParamValue: <10>  }  at 2008-08-29 23:59:04.046 ]
[Entering method <com.topcoder.clients.manager.dao.DAOProjectManager.retrieveProject(long id, boolean includeChildren)>; Parameters:{ ParamName<id>; ParamValue: <10> , ParamName<includeChildren>; ParamValue: <true>  }  at 2008-08-29 23:59:04.046 ]
[Exiting method <com.topcoder.clients.manager.dao.DAOProjectManager.retrieveProject(long id, boolean includeChildren)>; Return value:<[ id=10 name=project description=description parentProjectId=0 salesTax=10.0 client=null company=null childProjects=null]>]  at 2008-08-29 23:59:04.046
[Exiting method <com.topcoder.clients.manager.dao.DAOProjectManager.retrieveProject(long id)>; Return value:<[ id=10 name=project description=description parentProjectId=0 salesTax=10.0 client=null company=null childProjects=null]>]  at 2008-08-29 23:59:04.046
[Entering method <com.topcoder.clients.manager.dao.DAOProjectManager.retrieveProject(long id)>; Parameters:{ ParamName<id>; ParamValue: <20>  }  at 2008-08-29 23:59:04.046 ]
[Entering method <com.topcoder.clients.manager.dao.DAOProjectManager.retrieveProject(long id, boolean includeChildren)>; Parameters:{ ParamName<id>; ParamValue: <20> , ParamName<includeChildren>; ParamValue: <true>  }  at 2008-08-29 23:59:04.046 ]
[Exiting method <com.topcoder.clients.manager.dao.DAOProjectManager.retrieveProject(long id, boolean includeChildren)>; Return value:<[ id=10 name=project description=description parentProjectId=0 salesTax=10.0 client=null company=null childProjects=null]>]  at 2008-08-29 23:59:04.046
[Exiting method <com.topcoder.clients.manager.dao.DAOProjectManager.retrieveProject(long id)>; Return value:<[ id=10 name=project description=description parentProjectId=0 salesTax=10.0 client=null company=null childProjects=null]>]  at 2008-08-29 23:59:04.046
[Exiting method <com.topcoder.clients.manager.dao.DAOProjectManager.retrieveProjectsForClient(Client client, boolean includeChildren)>; Return value:<[[ id=10 name=project description=description parentProjectId=0 salesTax=10.0 client=null company=null childProjects=null] [ id=10 name=project description=description parentProjectId=0 salesTax=10.0 client=null company=null childProjects=null] ]>]  at 2008-08-29 23:59:04.046
[Exiting method <com.topcoder.clients.manager.dao.DAOProjectManager.retrieveProjectsForClient(Client client)>; Return value:<[[ id=10 name=project description=description parentProjectId=0 salesTax=10.0 client=null company=null childProjects=null] [ id=10 name=project description=description parentProjectId=0 salesTax=10.0 client=null company=null childProjects=null] ]>]  at 2008-08-29 23:59:04.046
retrieve took 0 ms
[Entering method <com.topcoder.clients.manager.dao.DAOProjectManager.retrieveAllProjects(boolean includeChildren)>; Parameters:{ ParamName<includeChildren>; ParamValue: <false>  }  at 2008-08-29 23:59:04.062 ]
[Exiting method <com.topcoder.clients.manager.dao.DAOProjectManager.retrieveAllProjects(boolean includeChildren)>; Return value:<[[ id=10 name=project description=description parentProjectId=0 salesTax=10.0 client=null company=null childProjects=null] ]>]  at 2008-08-29 23:59:04.062
[Entering method <com.topcoder.clients.manager.dao.DAOProjectManager.retrieveAllProjects(boolean includeChildren)>; Parameters:{ ParamName<includeChildren>; ParamValue: <false>  }  at 2008-08-29 23:59:04.062 ]
[Exiting method <com.topcoder.clients.manager.dao.DAOProjectManager.retrieveAllProjects(boolean includeChildren)>; Return value:<[[ id=10 name=project description=description parentProjectId=0 salesTax=10.0 client=null company=null childProjects=null] ]>]  at 2008-08-29 23:59:04.062
[Entering method <com.topcoder.clients.manager.dao.DAOProjectManager.retrieveAllProjects(boolean includeChildren)>; Parameters:{ ParamName<includeChildren>; ParamValue: <false>  }  at 2008-08-29 23:59:04.062 ]
[Exiting method <com.topcoder.clients.manager.dao.DAOProjectManager.retrieveAllProjects(boolean includeChildren)>; Return value:<[[ id=10 name=project description=description parentProjectId=0 salesTax=10.0 client=null company=null childProjects=null] ]>]  at 2008-08-29 23:59:04.062
[Entering method <com.topcoder.clients.manager.dao.DAOProjectManager.retrieveAllProjects(boolean includeChildren)>; Parameters:{ ParamName<includeChildren>; ParamValue: <false>  }  at 2008-08-29 23:59:04.062 ]
[Exiting method <com.topcoder.clients.manager.dao.DAOProjectManager.retrieveAllProjects(boolean includeChildren)>; Return value:<[[ id=10 name=project description=description parentProjectId=0 salesTax=10.0 client=null company=null childProjects=null] ]>]  at 2008-08-29 23:59:04.062
[Entering method <com.topcoder.clients.manager.dao.DAOProjectManager.retrieveAllProjects(boolean includeChildren)>; Parameters:{ ParamName<includeChildren>; ParamValue: <false>  }  at 2008-08-29 23:59:04.062 ]
[Exiting method <com.topcoder.clients.manager.dao.DAOProjectManager.retrieveAllProjects(boolean includeChildren)>; Return value:<[[ id=10 name=project description=description parentProjectId=0 salesTax=10.0 client=null company=null childProjects=null] ]>]  at 2008-08-29 23:59:04.062
[Entering method <com.topcoder.clients.manager.dao.DAOProjectManager.retrieveAllProjects(boolean includeChildren)>; Parameters:{ ParamName<includeChildren>; ParamValue: <false>  }  at 2008-08-29 23:59:04.062 ]
[Exiting method <com.topcoder.clients.manager.dao.DAOProjectManager.retrieveAllProjects(boolean includeChildren)>; Return value:<[[ id=10 name=project description=description parentProjectId=0 salesTax=10.0 client=null company=null childProjects=null] ]>]  at 2008-08-29 23:59:04.062
[Entering method <com.topcoder.clients.manager.dao.DAOProjectManager.retrieveAllProjects(boolean includeChildren)>; Parameters:{ ParamName<includeChildren>; ParamValue: <false>  }  at 2008-08-29 23:59:04.062 ]
[Exiting method <com.topcoder.clients.manager.dao.DAOProjectManager.retrieveAllProjects(boolean includeChildren)>; Return value:<[[ id=10 name=project description=description parentProjectId=0 salesTax=10.0 client=null company=null childProjects=null] ]>]  at 2008-08-29 23:59:04.062
[Entering method <com.topcoder.clients.manager.dao.DAOProjectManager.retrieveAllProjects(boolean includeChildren)>; Parameters:{ ParamName<includeChildren>; ParamValue: <false>  }  at 2008-08-29 23:59:04.062 ]
[Exiting method <com.topcoder.clients.manager.dao.DAOProjectManager.retrieveAllProjects(boolean includeChildren)>; Return value:<[[ id=10 name=project description=description parentProjectId=0 salesTax=10.0 client=null company=null childProjects=null] ]>]  at 2008-08-29 23:59:04.062
[Entering method <com.topcoder.clients.manager.dao.DAOProjectManager.retrieveAllProjects(boolean includeChildren)>; Parameters:{ ParamName<includeChildren>; ParamValue: <false>  }  at 2008-08-29 23:59:04.062 ]
[Exiting method <com.topcoder.clients.manager.dao.DAOProjectManager.retrieveAllProjects(boolean includeChildren)>; Return value:<[[ id=10 name=project description=description parentProjectId=0 salesTax=10.0 client=null company=null childProjects=null] ]>]  at 2008-08-29 23:59:04.062
[Entering method <com.topcoder.clients.manager.dao.DAOProjectManager.retrieveAllProjects(boolean includeChildren)>; Parameters:{ ParamName<includeChildren>; ParamValue: <false>  }  at 2008-08-29 23:59:04.062 ]
[Exiting method <com.topcoder.clients.manager.dao.DAOProjectManager.retrieveAllProjects(boolean includeChildren)>; Return value:<[[ id=10 name=project description=description parentProjectId=0 salesTax=10.0 client=null company=null childProjects=null] ]>]  at 2008-08-29 23:59:04.062
retrieve took 0 ms
]]></system-out>
  <system-err><![CDATA[com.topcoder.util.config.ConfigManagerException: can not locate com/topcoder/util/config/ConfigManager.properties
	at com.topcoder.util.config.ConfigManager.getURL(ConfigManager.java:211)
	at com.topcoder.util.config.ConfigManager.getInstance(ConfigManager.java:248)
	at com.topcoder.clients.manager.dao.Util.clearConfigManager(Util.java:53)
	at com.topcoder.clients.manager.dao.TestAbstractDAOManager.setUp(TestAbstractDAOManager.java:37)
	at junit.framework.TestCase.runBare(TestCase.java:125)
	at junit.framework.TestResult$1.protect(TestResult.java:106)
	at junit.framework.TestResult.runProtected(TestResult.java:124)
	at junit.framework.TestResult.run(TestResult.java:109)
	at junit.framework.TestCase.run(TestCase.java:118)
	at junit.framework.TestSuite.runTest(TestSuite.java:208)
	at junit.framework.TestSuite.run(TestSuite.java:203)
	at junit.framework.TestSuite.runTest(TestSuite.java:208)
	at junit.framework.TestSuite.run(TestSuite.java:203)
	at junit.framework.TestSuite.runTest(TestSuite.java:208)
	at junit.framework.TestSuite.run(TestSuite.java:203)
	at org.apache.tools.ant.taskdefs.optional.junit.JUnitTestRunner.run(JUnitTestRunner.java:421)
	at org.apache.tools.ant.taskdefs.optional.junit.JUnitTestRunner.launch(JUnitTestRunner.java:912)
	at org.apache.tools.ant.taskdefs.optional.junit.JUnitTestRunner.main(JUnitTestRunner.java:766)
com.topcoder.clients.manager.ManagerConfigurationException: ConfigurationParserException occurs, cause by Incorrect properties file formatting.
	at com.topcoder.clients.manager.dao.AbstractDAOManager.getConfiguration(AbstractDAOManager.java:163)
	at com.topcoder.clients.manager.dao.TestAbstractDAOManager.testGetConfiguration_8(TestAbstractDAOManager.java:312)
	at sun.reflect.NativeMethodAccessorImpl.invoke0(Native Method)
	at sun.reflect.NativeMethodAccessorImpl.invoke(NativeMethodAccessorImpl.java:39)
	at sun.reflect.DelegatingMethodAccessorImpl.invoke(DelegatingMethodAccessorImpl.java:25)
	at java.lang.reflect.Method.invoke(Method.java:585)
	at junit.framework.TestCase.runTest(TestCase.java:154)
	at junit.framework.TestCase.runBare(TestCase.java:127)
	at junit.framework.TestResult$1.protect(TestResult.java:106)
	at junit.framework.TestResult.runProtected(TestResult.java:124)
	at junit.framework.TestResult.run(TestResult.java:109)
	at junit.framework.TestCase.run(TestCase.java:118)
	at junit.framework.TestSuite.runTest(TestSuite.java:208)
	at junit.framework.TestSuite.run(TestSuite.java:203)
	at junit.framework.TestSuite.runTest(TestSuite.java:208)
	at junit.framework.TestSuite.run(TestSuite.java:203)
	at junit.framework.TestSuite.runTest(TestSuite.java:208)
	at junit.framework.TestSuite.run(TestSuite.java:203)
	at org.apache.tools.ant.taskdefs.optional.junit.JUnitTestRunner.run(JUnitTestRunner.java:421)
	at org.apache.tools.ant.taskdefs.optional.junit.JUnitTestRunner.launch(JUnitTestRunner.java:912)
	at org.apache.tools.ant.taskdefs.optional.junit.JUnitTestRunner.main(JUnitTestRunner.java:766)
Caused by: com.topcoder.configuration.persistence.ConfigurationParserException: Incorrect properties file formatting.
	at com.topcoder.configuration.persistence.PropertyFilePersistence.loadFile(PropertyFilePersistence.java:215)
	at com.topcoder.configuration.persistence.ConfigurationFileManager.loadFile(ConfigurationFileManager.java:645)
	at com.topcoder.configuration.persistence.ConfigurationFileManager.loadFile(ConfigurationFileManager.java:378)
	at com.topcoder.configuration.persistence.ConfigurationFileManager.loadConfigFile(ConfigurationFileManager.java:717)
	at com.topcoder.configuration.persistence.ConfigurationFileManager.<init>(ConfigurationFileManager.java:143)
	at com.topcoder.clients.manager.dao.AbstractDAOManager.getConfiguration(AbstractDAOManager.java:158)
	... 20 more
]]></system-err>
</testsuite>
