<?xml version="1.0" encoding="UTF-8" ?>
<testsuite errors="0" failures="1" name="com.topcoder.timetracker.entry.time.AllTests" tests="346" time="12323.159">
  <properties>
    <property name="java.vendor" value="Sun Microsystems Inc."></property>
    <property name="package" value="com.topcoder.timetracker.entry.time"></property>
    <property name="typesafe_enum.version" value="1.0"></property>
    <property name="ant.file.Time Entry" value="C:\svn\time_tracker\time_entry\build.xml"></property>
    <property name="verbose" value="no"></property>
    <property name="os.name" value="Windows XP"></property>
    <property name="id_generator.jar.name" value="id_generator.jar"></property>
    <property name="sun.boot.class.path" value="C:\Program Files\Java\jdk1.4.2_10\jre\lib\rt.jar;C:\Program Files\Java\jdk1.4.2_10\jre\lib\i18n.jar;C:\Program Files\Java\jdk1.4.2_10\jre\lib\sunrsasign.jar;C:\Program Files\Java\jdk1.4.2_10\jre\lib\jsse.jar;C:\Program Files\Java\jdk1.4.2_10\jre\lib\jce.jar;C:\Program Files\Java\jdk1.4.2_10\jre\lib\charsets.jar;C:\Program Files\Java\jdk1.4.2_10\jre\classes"></property>
    <property name="docsdir" value="docs"></property>
    <property name="javadoc.jar" value="build/javadocs.jar"></property>
    <property name="design_submission.jar" value="Time_Entry_1.0_design_submission.jar"></property>
    <property name="component.tests.jar" value="build/dist/lib/tcs/time_entry_tests.jar"></property>
    <property name="sun.java2d.fontpath" value=""></property>
    <property name="java.vm.specification.vendor" value="Sun Microsystems Inc."></property>
    <property name="ant.home" value="c:/Program Files/Ant/1.6.5"></property>
    <property name="java.runtime.version" value="1.4.2_10-b03"></property>
    <property name="base_exception.jar.name" value="base_exception.jar"></property>
    <property name="component_path" value="time_entry/1.0"></property>
    <property name="user.name" value="jivern"></property>
    <property name="id_generator.version" value="3.0"></property>
    <property name="debug" value="off"></property>
    <property name="reports" value="reports"></property>
    <property name="testfiles" value="test_files"></property>
    <property name="dist_conf" value="build/dist/time_entry-1.0/conf"></property>
    <property name="component_version" value="1.0"></property>
    <property name="user.language" value="en"></property>
    <property name="configmanager.path" value="configuration_manager/2.1.4"></property>
    <property name="sun.boot.library.path" value="C:\Program Files\Java\jdk1.4.2_10\jre\bin"></property>
    <property name="tcs_libdir" value="c:/svn/internal/tcs/lib/tcs"></property>
    <property name="srcdir" value="src"></property>
    <property name="ant.project.name" value="Time Entry"></property>
    <property name="java.version" value="1.4.2_10"></property>
    <property name="user.timezone" value=""></property>
    <property name="dev_dist.jar" value="Time_Entry_1.0_dev_dist.jar"></property>
    <property name="sun.arch.data.model" value="32"></property>
    <property name="build_lib" value="build/lib"></property>
    <property name="webdir" value="web"></property>
    <property name="java.endorsed.dirs" value="C:\Program Files\Java\jdk1.4.2_10\jre\lib\endorsed"></property>
    <property name="sun.cpu.isalist" value="pentium i486 i386"></property>
    <property name="packagedir" value="com/topcoder/timetracker/entry/time"></property>
    <property name="file.encoding.pkg" value="sun.io"></property>
    <property name="file.separator" value="\"></property>
    <property name="java.specification.name" value="Java Platform API Specification"></property>
    <property name="build_docsdir" value="build/docs"></property>
    <property name="dev_submission.jar" value="Time_Entry_1.0_dev_submission.jar"></property>
    <property name="java.class.version" value="48.0"></property>
    <property name="base_exception.path" value="base_exception/1.0"></property>
    <property name="db_connection_factory.jar" value="c:/svn/internal/tcs/lib/tcs/db_connection_factory/1.0/db_connection_factory.jar"></property>
    <property name="build_testclassdir" value="build/testClasses"></property>
    <property name="user.country" value="US"></property>
    <property name="java.home" value="C:\Program Files\Java\jdk1.4.2_10\jre"></property>
    <property name="java.vm.info" value="mixed mode"></property>
    <property name="jar_tcs_libdir" value="lib/tcs"></property>
    <property name="ant.file" value="c:\svn\time_tracker\time_entry\build.xml"></property>
    <property name="os.version" value="5.1"></property>
    <property name="build_distdir" value="build/dist"></property>
    <property name="ifxjdbc.jar" value="c:/svn/internal/tcs/lib/third_party/ifxjdbc.jar"></property>
    <property name="typesafe_enum.jar.name" value="typesafe_enum.jar"></property>
    <property name="build_tcsdistdir" value="build/dist/time_entry-1.0"></property>
    <property name="path.separator" value=";"></property>
    <property name="java.vm.version" value="1.4.2_10-b03"></property>
    <property name="testlogdir" value="log"></property>
    <property name="java.util.prefs.PreferencesFactory" value="java.util.prefs.WindowsPreferencesFactory"></property>
    <property name="user.variant" value=""></property>
    <property name="ant.library.dir" value="c:/Program Files/Ant/1.6.5/lib"></property>
    <property name="javamain" value="src/java/main"></property>
    <property name="base_exception.jar" value="c:/svn/internal/tcs/lib/tcs/base_exception/1.0/base_exception.jar"></property>
    <property name="dist_lib" value="build/dist/lib/tcs"></property>
    <property name="dist_testfiles" value="build/dist/time_entry-1.0/test_files"></property>
    <property name="dist_javadocs" value="build/dist/time_entry-1.0/docs/javadocs"></property>
    <property name="java.awt.printerjob" value="sun.awt.windows.WPrinterJob"></property>
    <property name="sun.io.unicode.encoding" value="UnicodeLittle"></property>
    <property name="db_connection_factory.version" value="1.0"></property>
    <property name="awt.toolkit" value="sun.awt.windows.WToolkit"></property>
    <property name="component" value="Time_Entry"></property>
    <property name="component.war" value="${dist_examples}/time_entry.war"></property>
    <property name="user.home" value="C:\Documents and Settings\jivern"></property>
    <property name="java.specification.vendor" value="Sun Microsystems Inc."></property>
    <property name="java.library.path" value="C:\Program Files\Java\jdk1.4.2_10\jre\bin;.;C:\WINDOWS\system32;C:\WINDOWS;C:\cygwin\usr\local\bin;C:\cygwin\bin;C:\cygwin\bin;C:\cygwin\usr\X11R6\bin;c:\Program Files\Java\jdk1.4.2_10\bin;c:\WINDOWS\system32;c:\WINDOWS;c:\WINDOWS\System32\Wbem;c:\Program Files\Microsoft SQL Server\80\Tools\BINN;c:\Program Files\MySQL\MySQL Server 5.0\bin;c:\Program Files\cvsnt;c:\Program Files\QuickTime\QTSystem\;c:\Program Files\Ant\1.6.5\bin;c:\Program Files\NAnt\0.84\bin;.\"></property>
    <property name="java.vendor.url" value="http://java.sun.com/"></property>
    <property name="build_javadocsdir" value="build/docs/javadocs"></property>
    <property name="db_connection_factory.jar.name" value="db_connection_factory.jar"></property>
    <property name="configdir" value="conf"></property>
    <property name="java.vm.vendor" value="Sun Microsystems Inc."></property>
    <property name="java.runtime.name" value="Java(TM) 2 Runtime Environment, Standard Edition"></property>
    <property name="java.class.path" value="C:\svn\time_tracker\time_entry\build\testClasses;C:\svn\time_tracker\time_entry\build\classes;C:\svn\internal\tcs\lib\third_party\junit\3.8.1\junit.jar;C:\svn\internal\tcs\lib\third_party\xerces\1.4.4\xerces.jar;C:\svn\internal\tcs\lib\third_party\ifxjdbc.jar;C:\svn\internal\tcs\lib\tcs\configuration_manager\2.1.4\configuration_manager.jar;C:\svn\internal\tcs\lib\tcs\id_generator\3.0\id_generator.jar;C:\svn\internal\tcs\lib\tcs\db_connection_factory\1.0\db_connection_factory.jar;C:\svn\internal\tcs\lib\tcs\base_exception\1.0\base_exception.jar;C:\svn\internal\tcs\lib\tcs\typesafe_enum\1.0\typesafe_enum.jar;C:\svn\time_tracker\time_entry\conf;C:\svn\time_tracker\time_entry\test_files;C:\Program Files\Java\jre1.5.0_06\lib\ext\QTJava.zip;C:\Program Files\Ant\1.6.5\lib\junit.jar;C:\Program Files\Ant\1.6.5\lib\ant-launcher.jar;C:\Program Files\Ant\1.6.5\lib\ant.jar;C:\Program Files\Ant\1.6.5\lib\ant-junit.jar"></property>
    <property name="ant.version" value="Apache Ant version 1.6.5 compiled on June 2 2005"></property>
    <property name="typesafe_enum.path" value="typesafe_enum/1.0"></property>
    <property name="java.vm.specification.name" value="Java Virtual Machine Specification"></property>
    <property name="builddir" value="build"></property>
    <property name="ext_libdir" value="c:/svn/internal/tcs/lib/third_party"></property>
    <property name="java.vm.specification.version" value="1.0"></property>
    <property name="component.dist.jar" value="build/dist/time_entry-1.0.jar"></property>
    <property name="junit.jar" value="c:/svn/internal/tcs/lib/third_party/junit/3.8.1/junit.jar"></property>
    <property name="sun.os.patch.level" value="Service Pack 2"></property>
    <property name="sun.cpu.endian" value="little"></property>
    <property name="configmanager.jar.name" value="configuration_manager.jar"></property>
    <property name="java.io.tmpdir" value="c:\DOCUME~1\jivern\LOCALS~1\Temp\"></property>
    <property name="cygwin.user.home" value="C:/cygwin/home/jivern"></property>
    <property name="java.vendor.url.bug" value="http://java.sun.com/cgi-bin/bugreport.cgi"></property>
    <property name="build_targetclassdir" value="build/targetclasses"></property>
    <property name="build_classdir" value="build/classes"></property>
    <property name="javatests" value="src/java/tests"></property>
    <property name="configmanager.jar" value="c:/svn/internal/tcs/lib/tcs/configuration_manager/2.1.4/configuration_manager.jar"></property>
    <property name="javadocsdir" value="docs/javadocs"></property>
    <property name="id_generator.jar" value="c:/svn/internal/tcs/lib/tcs/id_generator/3.0/id_generator.jar"></property>
    <property name="java.awt.graphicsenv" value="sun.awt.Win32GraphicsEnvironment"></property>
    <property name="os.arch" value="x86"></property>
    <property name="build_webdir" value="build/web"></property>
    <property name="java.ext.dirs" value="C:\Program Files\Java\jdk1.4.2_10\jre\lib\ext"></property>
    <property name="typesafe_enum.jar" value="c:/svn/internal/tcs/lib/tcs/typesafe_enum/1.0/typesafe_enum.jar"></property>
    <property name="dist_src" value="build/dist/time_entry-1.0/src"></property>
    <property name="user.dir" value="c:\svn\time_tracker\time_entry"></property>
    <property name="design_dist.jar" value="Time_Entry_1.0_design_dist.jar"></property>
    <property name="javasrc" value="src/java"></property>
    <property name="jar_ext_libdir" value="lib"></property>
    <property name="line.separator" value="
"></property>
    <property name="java.vm.name" value="Java HotSpot(TM) Client VM"></property>
    <property name="java_1_3_bootclasspath" value="c:/progra~1/java/j2re1.3.1_15/lib/rt.jar"></property>
    <property name="distfilename" value="time_entry"></property>
    <property name="basedir" value="C:\svn\time_tracker\time_entry"></property>
    <property name="ant.java.version" value="1.4"></property>
    <property name="db_connection_factory.path" value="db_connection_factory/1.0"></property>
    <property name="file.encoding" value="Cp1252"></property>
    <property name="id_generator.path" value="id_generator/3.0"></property>
    <property name="configmanager.version" value="2.1.4"></property>
    <property name="base_exception.version" value="1.0"></property>
    <property name="dist_docs" value="build/dist/time_entry-1.0/docs"></property>
    <property name="component.jar" value="build/dist/lib/tcs/time_entry/1.0/time_entry.jar"></property>
    <property name="java.specification.version" value="1.4"></property>
    <property name="xerces.jar" value="c:/svn/internal/tcs/lib/third_party/xerces/1.4.4/xerces.jar"></property>
  </properties>
  <testcase classname="com.topcoder.timetracker.entry.time.BaseDAOUnitTest" name="testBaseDAO1" time="0.047"></testcase>
  <testcase classname="com.topcoder.timetracker.entry.time.BaseDAOUnitTest" name="testBaseDAO2" time="0.031"></testcase>
  <testcase classname="com.topcoder.timetracker.entry.time.BaseDAOUnitTest" name="testBaseDAO3" time="0.016"></testcase>
  <testcase classname="com.topcoder.timetracker.entry.time.BaseDAOUnitTest" name="testBaseDAO4" time="0.016"></testcase>
  <testcase classname="com.topcoder.timetracker.entry.time.BaseDAOUnitTest" name="testBaseDAO5" time="0.015"></testcase>
  <testcase classname="com.topcoder.timetracker.entry.time.BaseDAOUnitTest" name="testGetConnection" time="0.047"></testcase>
  <testcase classname="com.topcoder.timetracker.entry.time.BaseDAOUnitTest" name="testSetConnection1" time="0.438"></testcase>
  <testcase classname="com.topcoder.timetracker.entry.time.BaseDAOUnitTest" name="testSetConnection2" time="0.031"></testcase>
  <testcase classname="com.topcoder.timetracker.entry.time.BaseDAOUnitTest" name="testRemoveConnection" time="5.078"></testcase>
  <testcase classname="com.topcoder.timetracker.entry.time.BaseDAOUnitTest" name="testSetDataObjectPrimaryId1" time="5.406"></testcase>
  <testcase classname="com.topcoder.timetracker.entry.time.BaseDAOUnitTest" name="testSetDataObjectPrimaryId2" time="0.016"></testcase>
  <testcase classname="com.topcoder.timetracker.entry.time.BaseDAOUnitTest" name="testCreate1" time="0.015"></testcase>
  <testcase classname="com.topcoder.timetracker.entry.time.BaseDAOUnitTest" name="testCreate2" time="0.0"></testcase>
  <testcase classname="com.topcoder.timetracker.entry.time.BaseDAOUnitTest" name="testUpdate1" time="0.063"></testcase>
  <testcase classname="com.topcoder.timetracker.entry.time.BaseDAOUnitTest" name="testUpdate2" time="0.016"></testcase>
  <testcase classname="com.topcoder.timetracker.entry.time.BaseDAOUnitTest" name="testGetList1" time="0.031"></testcase>
  <testcase classname="com.topcoder.timetracker.entry.time.BaseDAOUnitTest" name="testGetList2" time="0.015"></testcase>
  <testcase classname="com.topcoder.timetracker.entry.time.BaseDataObjectUnitTest" name="testBaseDataObject" time="0.0"></testcase>
  <testcase classname="com.topcoder.timetracker.entry.time.BaseDataObjectUnitTest" name="testGetDescription" time="0.0"></testcase>
  <testcase classname="com.topcoder.timetracker.entry.time.BaseDataObjectUnitTest" name="testSetDescription" time="0.0"></testcase>
  <testcase classname="com.topcoder.timetracker.entry.time.BaseDataObjectUnitTest" name="testGetCreationUser" time="0.0"></testcase>
  <testcase classname="com.topcoder.timetracker.entry.time.BaseDataObjectUnitTest" name="testSetCreationUser" time="0.0"></testcase>
  <testcase classname="com.topcoder.timetracker.entry.time.BaseDataObjectUnitTest" name="testGetCreationDate1" time="0.0"></testcase>
  <testcase classname="com.topcoder.timetracker.entry.time.BaseDataObjectUnitTest" name="testGetCreationDate2" time="0.0"></testcase>
  <testcase classname="com.topcoder.timetracker.entry.time.BaseDataObjectUnitTest" name="testSetCreationDate1" time="0.0"></testcase>
  <testcase classname="com.topcoder.timetracker.entry.time.BaseDataObjectUnitTest" name="testSetCreationDate2" time="0.0"></testcase>
  <testcase classname="com.topcoder.timetracker.entry.time.BaseDataObjectUnitTest" name="testGetModificationUser" time="0.0"></testcase>
  <testcase classname="com.topcoder.timetracker.entry.time.BaseDataObjectUnitTest" name="testSetModificationUser" time="0.0"></testcase>
  <testcase classname="com.topcoder.timetracker.entry.time.BaseDataObjectUnitTest" name="testGetModificationDate1" time="0.0"></testcase>
  <testcase classname="com.topcoder.timetracker.entry.time.BaseDataObjectUnitTest" name="testGetModificationDate2" time="0.0"></testcase>
  <testcase classname="com.topcoder.timetracker.entry.time.BaseDataObjectUnitTest" name="testSetModificationDate1" time="0.0"></testcase>
  <testcase classname="com.topcoder.timetracker.entry.time.BaseDataObjectUnitTest" name="testSetModificationDate2" time="0.0"></testcase>
  <testcase classname="com.topcoder.timetracker.entry.time.DataObjectUnitTest" name="testDataObject" time="0.0"></testcase>
  <testcase classname="com.topcoder.timetracker.entry.time.DataObjectUnitTest" name="testGetPrimaryId" time="0.0"></testcase>
  <testcase classname="com.topcoder.timetracker.entry.time.DataObjectUnitTest" name="testSetPrimaryId" time="0.0"></testcase>
  <testcase classname="com.topcoder.timetracker.entry.time.DAOActionExceptionUnitTest" name="testDAOActionException1" time="0.0"></testcase>
  <testcase classname="com.topcoder.timetracker.entry.time.DAOActionExceptionUnitTest" name="testDAOActionException2" time="0.0"></testcase>
  <testcase classname="com.topcoder.timetracker.entry.time.DAOActionExceptionUnitTest" name="testDAOActionExceptionInheritance" time="0.0"></testcase>
  <testcase classname="com.topcoder.timetracker.entry.time.DAOActionExceptionUnitTest" name="testDAOActionExceptionInheritance2" time="0.0"></testcase>
  <testcase classname="com.topcoder.timetracker.entry.time.DAOFactoryExceptionUnitTest" name="testDAOFactoryException1" time="0.0"></testcase>
  <testcase classname="com.topcoder.timetracker.entry.time.DAOFactoryExceptionUnitTest" name="testDAOFactoryException2" time="0.0"></testcase>
  <testcase classname="com.topcoder.timetracker.entry.time.DAOFactoryExceptionUnitTest" name="testDAOFactoryExceptionInheritance" time="0.0"></testcase>
  <testcase classname="com.topcoder.timetracker.entry.time.DAOFactoryExceptionUnitTest" name="testDAOFactoryExceptionInheritance2" time="0.0"></testcase>
  <testcase classname="com.topcoder.timetracker.entry.time.DAOFactoryUnitTest" name="testGetDAO1" time="0.0"></testcase>
  <testcase classname="com.topcoder.timetracker.entry.time.DAOFactoryUnitTest" name="testGetDAO2" time="0.016"></testcase>
  <testcase classname="com.topcoder.timetracker.entry.time.DAOFactoryUnitTest" name="testGetDAO3" time="0.0"></testcase>
  <testcase classname="com.topcoder.timetracker.entry.time.DAOFactoryUnitTest" name="testGetDAO4" time="0.0"></testcase>
  <testcase classname="com.topcoder.timetracker.entry.time.DAOFactoryUnitTest" name="testGetDAO5" time="0.0"></testcase>
  <testcase classname="com.topcoder.timetracker.entry.time.DAOFactoryUnitTest" name="testGetDAO6" time="0.031"></testcase>
  <testcase classname="com.topcoder.timetracker.entry.time.DAOFactoryUnitTest" name="testGetDAO7" time="0.016"></testcase>
  <testcase classname="com.topcoder.timetracker.entry.time.DAOFactoryUnitTest" name="testGetDAO8" time="0.047"></testcase>
  <testcase classname="com.topcoder.timetracker.entry.time.DAOFactoryUnitTest" name="testGetDAO9" time="0.015"></testcase>
  <testcase classname="com.topcoder.timetracker.entry.time.DAOFactoryUnitTest" name="testGetDAO10" time="0.0"></testcase>
  <testcase classname="com.topcoder.timetracker.entry.time.DAOFactoryUnitTest" name="testGetDAO11" time="0.016"></testcase>
  <testcase classname="com.topcoder.timetracker.entry.time.DAOFactoryUnitTest" name="testGetDAO12" time="0.0"></testcase>
  <testcase classname="com.topcoder.timetracker.entry.time.TaskTypeUnitTest" name="testTaskType" time="0.0"></testcase>
  <testcase classname="com.topcoder.timetracker.entry.time.TimeStatusUnitTest" name="testTimeStatus" time="0.0"></testcase>
  <testcase classname="com.topcoder.timetracker.entry.time.TimeEntryUnitTest" name="testTimeEntry" time="0.0"></testcase>
  <testcase classname="com.topcoder.timetracker.entry.time.TimeEntryUnitTest" name="testGetDate1" time="0.0"></testcase>
  <testcase classname="com.topcoder.timetracker.entry.time.TimeEntryUnitTest" name="testGetDate2" time="0.0"></testcase>
  <testcase classname="com.topcoder.timetracker.entry.time.TimeEntryUnitTest" name="testSetDate1" time="0.0"></testcase>
  <testcase classname="com.topcoder.timetracker.entry.time.TimeEntryUnitTest" name="testSetDate2" time="0.0"></testcase>
  <testcase classname="com.topcoder.timetracker.entry.time.TimeEntryUnitTest" name="testGetHours" time="0.0"></testcase>
  <testcase classname="com.topcoder.timetracker.entry.time.TimeEntryUnitTest" name="testSetHours" time="0.0"></testcase>
  <testcase classname="com.topcoder.timetracker.entry.time.TimeEntryUnitTest" name="testGetTaskTypeId" time="0.0"></testcase>
  <testcase classname="com.topcoder.timetracker.entry.time.TimeEntryUnitTest" name="testSetTaskTypeId" time="0.0"></testcase>
  <testcase classname="com.topcoder.timetracker.entry.time.TimeEntryUnitTest" name="testGetTimeStatusId" time="0.0"></testcase>
  <testcase classname="com.topcoder.timetracker.entry.time.TimeEntryUnitTest" name="testSetTimeStatusId" time="0.0"></testcase>
  <testcase classname="com.topcoder.timetracker.entry.time.TimeEntryUnitTest" name="testGetBillable" time="0.0"></testcase>
  <testcase classname="com.topcoder.timetracker.entry.time.TimeEntryUnitTest" name="testSetBillable" time="0.0"></testcase>
  <testcase classname="com.topcoder.timetracker.entry.time.TaskTypeDAOUnitTest" name="testUpdate1" time="5.609">
    <failure message="record was not properly updated in the database expected:&lt;1&gt; but was:&lt;171&gt;" type="junit.framework.AssertionFailedError">junit.framework.AssertionFailedError: record was not properly updated in the database expected:&lt;1&gt; but was:&lt;171&gt;
	at com.topcoder.timetracker.entry.time.TaskTypeDAOUnitTest.testUpdate1(TaskTypeDAOUnitTest.java:788)
</failure>
  </testcase>
  <testcase classname="com.topcoder.timetracker.entry.time.TaskTypeDAOUnitTest" name="testUpdate2" time="10.72"></testcase>
  <testcase classname="com.topcoder.timetracker.entry.time.TaskTypeDAOUnitTest" name="testGetList1" time="5.782"></testcase>
  <testcase classname="com.topcoder.timetracker.entry.time.TaskTypeDAOUnitTest" name="testGetList2" time="10.721"></testcase>
  <testcase classname="com.topcoder.timetracker.entry.time.TaskTypeDAOUnitTest" name="testTaskTypeDAO1" time="0.281"></testcase>
  <testcase classname="com.topcoder.timetracker.entry.time.TaskTypeDAOUnitTest" name="testTaskTypeDAO2" time="5.22"></testcase>
  <testcase classname="com.topcoder.timetracker.entry.time.TaskTypeDAOUnitTest" name="testTaskTypeDAO3" time="0.25"></testcase>
  <testcase classname="com.topcoder.timetracker.entry.time.TaskTypeDAOUnitTest" name="testTaskTypeDAO4" time="5.251"></testcase>
  <testcase classname="com.topcoder.timetracker.entry.time.TaskTypeDAOUnitTest" name="testTaskTypeDAO5" time="0.281"></testcase>
  <testcase classname="com.topcoder.timetracker.entry.time.TaskTypeDAOUnitTest" name="testVerifyCreateDataObject1" time="5.251"></testcase>
  <testcase classname="com.topcoder.timetracker.entry.time.TaskTypeDAOUnitTest" name="testVerifyCreateDataObject2" time="0.281"></testcase>
  <testcase classname="com.topcoder.timetracker.entry.time.TaskTypeDAOUnitTest" name="testVerifyCreateDataObject3" time="5.204"></testcase>
  <testcase classname="com.topcoder.timetracker.entry.time.TaskTypeDAOUnitTest" name="testVerifyCreateDataObject4" time="0.266"></testcase>
  <testcase classname="com.topcoder.timetracker.entry.time.TaskTypeDAOUnitTest" name="testGetCreateSqlString" time="5.173"></testcase>
  <testcase classname="com.topcoder.timetracker.entry.time.TaskTypeDAOUnitTest" name="testFillCreatePreparedStatement" time="5.313"></testcase>
  <testcase classname="com.topcoder.timetracker.entry.time.TaskTypeDAOUnitTest" name="testSetCreationParametersInDataObject" time="0.266"></testcase>
  <testcase classname="com.topcoder.timetracker.entry.time.TaskTypeDAOUnitTest" name="testVerifyUpdateDataObject1" time="5.157"></testcase>
  <testcase classname="com.topcoder.timetracker.entry.time.TaskTypeDAOUnitTest" name="testVerifyUpdateDataObject2" time="0.328"></testcase>
  <testcase classname="com.topcoder.timetracker.entry.time.TaskTypeDAOUnitTest" name="testVerifyUpdateDataObject3" time="5.251"></testcase>
  <testcase classname="com.topcoder.timetracker.entry.time.TaskTypeDAOUnitTest" name="testVerifyUpdateDataObject4" time="0.297"></testcase>
  <testcase classname="com.topcoder.timetracker.entry.time.TaskTypeDAOUnitTest" name="testGetUpdateSqlString" time="5.204"></testcase>
  <testcase classname="com.topcoder.timetracker.entry.time.TaskTypeDAOUnitTest" name="testFillUpdatePreparedStatement" time="5.501"></testcase>
  <testcase classname="com.topcoder.timetracker.entry.time.TaskTypeDAOUnitTest" name="testSetModificationParametersInDataObject" time="0.282"></testcase>
  <testcase classname="com.topcoder.timetracker.entry.time.TaskTypeDAOUnitTest" name="testGetDeleteSqlString" time="5.219"></testcase>
  <testcase classname="com.topcoder.timetracker.entry.time.TaskTypeDAOUnitTest" name="testGetReadSqlString" time="0.266"></testcase>
  <testcase classname="com.topcoder.timetracker.entry.time.TaskTypeDAOUnitTest" name="testProcessReadResultSet1" time="5.532"></testcase>
  <testcase classname="com.topcoder.timetracker.entry.time.TaskTypeDAOUnitTest" name="testProcessReadResultSet2" time="5.189"></testcase>
  <testcase classname="com.topcoder.timetracker.entry.time.TaskTypeDAOUnitTest" name="testProcessReadResultSet3" time="5.501"></testcase>
  <testcase classname="com.topcoder.timetracker.entry.time.TaskTypeDAOUnitTest" name="testGetReadListSqlString" time="0.296"></testcase>
  <testcase classname="com.topcoder.timetracker.entry.time.TaskTypeDAOUnitTest" name="testProcessReadListResultSet1" time="5.58"></testcase>
  <testcase classname="com.topcoder.timetracker.entry.time.TaskTypeDAOUnitTest" name="testProcessReadListResultSet2" time="5.126"></testcase>
  <testcase classname="com.topcoder.timetracker.entry.time.TaskTypeDAOUnitTest" name="testProcessReadListResultSet3" time="5.501"></testcase>
  <testcase classname="com.topcoder.timetracker.entry.time.TaskTypeDAOUnitTest" name="testCreate" time="11.283"></testcase>
  <testcase classname="com.topcoder.timetracker.entry.time.TaskTypeDAOUnitTest" name="testDelete1" time="10.736"></testcase>
  <testcase classname="com.topcoder.timetracker.entry.time.TaskTypeDAOUnitTest" name="testDelete2" time="5.767"></testcase>
  <testcase classname="com.topcoder.timetracker.entry.time.TaskTypeDAOUnitTest" name="testGet1" time="10.736"></testcase>
  <testcase classname="com.topcoder.timetracker.entry.time.TaskTypeDAOUnitTest" name="testGet2" time="5.798"></testcase>
  <testcase classname="com.topcoder.timetracker.entry.time.TaskTypeDAOUnitTest" name="testGetList3" time="11.002"></testcase>
  <testcase classname="com.topcoder.timetracker.entry.time.TaskTypeDAOUnitTest" name="testGetList4" time="5.548"></testcase>
  <testcase classname="com.topcoder.timetracker.entry.time.TimeStatusDAOUnitTest" name="testUpdate1" time="10.674"></testcase>
  <testcase classname="com.topcoder.timetracker.entry.time.TimeStatusDAOUnitTest" name="testUpdate2" time="5.767"></testcase>
  <testcase classname="com.topcoder.timetracker.entry.time.TimeStatusDAOUnitTest" name="testGetList1" time="15.237"></testcase>
  <testcase classname="com.topcoder.timetracker.entry.time.TimeStatusDAOUnitTest" name="testGetList2" time="5.798"></testcase>
  <testcase classname="com.topcoder.timetracker.entry.time.TimeStatusDAOUnitTest" name="testVerifyCreateDataObject1" time="5.204"></testcase>
  <testcase classname="com.topcoder.timetracker.entry.time.TimeStatusDAOUnitTest" name="testVerifyCreateDataObject2" time="0.266"></testcase>
  <testcase classname="com.topcoder.timetracker.entry.time.TimeStatusDAOUnitTest" name="testVerifyCreateDataObject3" time="5.235"></testcase>
  <testcase classname="com.topcoder.timetracker.entry.time.TimeStatusDAOUnitTest" name="testVerifyCreateDataObject4" time="0.281"></testcase>
  <testcase classname="com.topcoder.timetracker.entry.time.TimeStatusDAOUnitTest" name="testGetCreateSqlString" time="5.22"></testcase>
  <testcase classname="com.topcoder.timetracker.entry.time.TimeStatusDAOUnitTest" name="testFillCreatePreparedStatement" time="5.329"></testcase>
  <testcase classname="com.topcoder.timetracker.entry.time.TimeStatusDAOUnitTest" name="testSetCreationParametersInDataObject" time="5.064"></testcase>
  <testcase classname="com.topcoder.timetracker.entry.time.TimeStatusDAOUnitTest" name="testVerifyUpdateDataObject1" time="0.281"></testcase>
  <testcase classname="com.topcoder.timetracker.entry.time.TimeStatusDAOUnitTest" name="testVerifyUpdateDataObject2" time="5.126"></testcase>
  <testcase classname="com.topcoder.timetracker.entry.time.TimeStatusDAOUnitTest" name="testVerifyUpdateDataObject3" time="0.078"></testcase>
  <testcase classname="com.topcoder.timetracker.entry.time.TimeStatusDAOUnitTest" name="testVerifyUpdateDataObject4" time="5.157"></testcase>
  <testcase classname="com.topcoder.timetracker.entry.time.TimeStatusDAOUnitTest" name="testGetUpdateSqlString" time="0.266"></testcase>
  <testcase classname="com.topcoder.timetracker.entry.time.TimeStatusDAOUnitTest" name="testFillUpdatePreparedStatement" time="5.47"></testcase>
  <testcase classname="com.topcoder.timetracker.entry.time.TimeStatusDAOUnitTest" name="testSetModificationParametersInDataObject" time="5.063"></testcase>
  <testcase classname="com.topcoder.timetracker.entry.time.TimeStatusDAOUnitTest" name="testGetDeleteSqlString" time="5.173"></testcase>
  <testcase classname="com.topcoder.timetracker.entry.time.TimeStatusDAOUnitTest" name="testGetReadSqlString" time="0.281"></testcase>
  <testcase classname="com.topcoder.timetracker.entry.time.TimeStatusDAOUnitTest" name="testProcessReadResultSet1" time="5.501"></testcase>
  <testcase classname="com.topcoder.timetracker.entry.time.TimeStatusDAOUnitTest" name="testProcessReadResultSet2" time="5.22"></testcase>
  <testcase classname="com.topcoder.timetracker.entry.time.TimeStatusDAOUnitTest" name="testProcessReadResultSet3" time="5.517"></testcase>
  <testcase classname="com.topcoder.timetracker.entry.time.TimeStatusDAOUnitTest" name="testGetReadListSqlString" time="0.265"></testcase>
  <testcase classname="com.topcoder.timetracker.entry.time.TimeStatusDAOUnitTest" name="testProcessReadListResultSet1" time="5.298"></testcase>
  <testcase classname="com.topcoder.timetracker.entry.time.TimeStatusDAOUnitTest" name="testProcessReadListResultSet2" time="5.189"></testcase>
  <testcase classname="com.topcoder.timetracker.entry.time.TimeStatusDAOUnitTest" name="testProcessReadListResultSet3" time="5.501"></testcase>
  <testcase classname="com.topcoder.timetracker.entry.time.TimeStatusDAOUnitTest" name="testCreate" time="10.502"></testcase>
  <testcase classname="com.topcoder.timetracker.entry.time.TimeStatusDAOUnitTest" name="testDelete1" time="5.705"></testcase>
  <testcase classname="com.topcoder.timetracker.entry.time.TimeStatusDAOUnitTest" name="testDelete2" time="10.549"></testcase>
  <testcase classname="com.topcoder.timetracker.entry.time.TimeStatusDAOUnitTest" name="testGet1" time="5.767"></testcase>
  <testcase classname="com.topcoder.timetracker.entry.time.TimeStatusDAOUnitTest" name="testGet2" time="15.129"></testcase>
  <testcase classname="com.topcoder.timetracker.entry.time.TimeStatusDAOUnitTest" name="testGetList3" time="10.894"></testcase>
  <testcase classname="com.topcoder.timetracker.entry.time.TimeStatusDAOUnitTest" name="testGetList4" time="5.298"></testcase>
  <testcase classname="com.topcoder.timetracker.entry.time.TimeStatusDAOUnitTest" name="testTimeStatusDAO1" time="5.079"></testcase>
  <testcase classname="com.topcoder.timetracker.entry.time.TimeStatusDAOUnitTest" name="testTimeStatusDAO2" time="0.313"></testcase>
  <testcase classname="com.topcoder.timetracker.entry.time.TimeStatusDAOUnitTest" name="testTimeStatusDAO3" time="5.189"></testcase>
  <testcase classname="com.topcoder.timetracker.entry.time.TimeStatusDAOUnitTest" name="testTimeStatusDAO4" time="0.265"></testcase>
  <testcase classname="com.topcoder.timetracker.entry.time.TimeStatusDAOUnitTest" name="testTimeStatusDAO5" time="5.283"></testcase>
  <testcase classname="com.topcoder.timetracker.entry.time.TimeEntryDAOUnitTest" name="testUpdate2" time="5.595"></testcase>
  <testcase classname="com.topcoder.timetracker.entry.time.TimeEntryDAOUnitTest" name="testGetList1" time="10.722"></testcase>
  <testcase classname="com.topcoder.timetracker.entry.time.TimeEntryDAOUnitTest" name="testGetList2" time="5.736"></testcase>
  <testcase classname="com.topcoder.timetracker.entry.time.TimeEntryDAOUnitTest" name="testVerifyCreateDataObject1" time="5.267"></testcase>
  <testcase classname="com.topcoder.timetracker.entry.time.TimeEntryDAOUnitTest" name="testVerifyCreateDataObject2" time="0.281"></testcase>
  <testcase classname="com.topcoder.timetracker.entry.time.TimeEntryDAOUnitTest" name="testVerifyCreateDataObject3" time="5.22"></testcase>
  <testcase classname="com.topcoder.timetracker.entry.time.TimeEntryDAOUnitTest" name="testVerifyCreateDataObject4" time="0.281"></testcase>
  <testcase classname="com.topcoder.timetracker.entry.time.TimeEntryDAOUnitTest" name="testGetCreateSqlString" time="5.231"></testcase>
  <testcase classname="com.topcoder.timetracker.entry.time.TimeEntryDAOUnitTest" name="testFillCreatePreparedStatement" time="5.45"></testcase>
  <testcase classname="com.topcoder.timetracker.entry.time.TimeEntryDAOUnitTest" name="testSetCreationParametersInDataObject" time="0.281"></testcase>
  <testcase classname="com.topcoder.timetracker.entry.time.TimeEntryDAOUnitTest" name="testVerifyUpdateDataObject1" time="5.091"></testcase>
  <testcase classname="com.topcoder.timetracker.entry.time.TimeEntryDAOUnitTest" name="testVerifyUpdateDataObject2" time="5.091"></testcase>
  <testcase classname="com.topcoder.timetracker.entry.time.TimeEntryDAOUnitTest" name="testVerifyUpdateDataObject3" time="0.125"></testcase>
  <testcase classname="com.topcoder.timetracker.entry.time.TimeEntryDAOUnitTest" name="testVerifyUpdateDataObject4" time="5.2"></testcase>
  <testcase classname="com.topcoder.timetracker.entry.time.TimeEntryDAOUnitTest" name="testGetUpdateSqlString" time="0.297"></testcase>
  <testcase classname="com.topcoder.timetracker.entry.time.TimeEntryDAOUnitTest" name="testFillUpdatePreparedStatement" time="5.403"></testcase>
  <testcase classname="com.topcoder.timetracker.entry.time.TimeEntryDAOUnitTest" name="testSetModificationParametersInDataObject" time="5.044"></testcase>
  <testcase classname="com.topcoder.timetracker.entry.time.TimeEntryDAOUnitTest" name="testGetDeleteSqlString" time="0.313"></testcase>
  <testcase classname="com.topcoder.timetracker.entry.time.TimeEntryDAOUnitTest" name="testGetReadSqlString" time="5.184"></testcase>
  <testcase classname="com.topcoder.timetracker.entry.time.TimeEntryDAOUnitTest" name="testProcessReadResultSet1" time="5.497"></testcase>
  <testcase classname="com.topcoder.timetracker.entry.time.TimeEntryDAOUnitTest" name="testProcessReadResultSet2" time="0.281"></testcase>
  <testcase classname="com.topcoder.timetracker.entry.time.TimeEntryDAOUnitTest" name="testProcessReadResultSet3" time="5.482"></testcase>
  <testcase classname="com.topcoder.timetracker.entry.time.TimeEntryDAOUnitTest" name="testGetReadListSqlString" time="5.231"></testcase>
  <testcase classname="com.topcoder.timetracker.entry.time.TimeEntryDAOUnitTest" name="testProcessReadListResultSet1" time="5.497"></testcase>
  <testcase classname="com.topcoder.timetracker.entry.time.TimeEntryDAOUnitTest" name="testProcessReadListResultSet2" time="0.281"></testcase>
  <testcase classname="com.topcoder.timetracker.entry.time.TimeEntryDAOUnitTest" name="testProcessReadListResultSet3" time="5.482"></testcase>
  <testcase classname="com.topcoder.timetracker.entry.time.TimeEntryDAOUnitTest" name="testCreate" time="16.147"></testcase>
  <testcase classname="com.topcoder.timetracker.entry.time.TimeEntryDAOUnitTest" name="testDelete1" time="5.59"></testcase>
  <testcase classname="com.topcoder.timetracker.entry.time.TimeEntryDAOUnitTest" name="testDelete2" time="10.744"></testcase>
  <testcase classname="com.topcoder.timetracker.entry.time.TimeEntryDAOUnitTest" name="testGet1" time="5.763"></testcase>
  <testcase classname="com.topcoder.timetracker.entry.time.TimeEntryDAOUnitTest" name="testGet2" time="10.728"></testcase>
  <testcase classname="com.topcoder.timetracker.entry.time.TimeEntryDAOUnitTest" name="testGetList3" time="10.994"></testcase>
  <testcase classname="com.topcoder.timetracker.entry.time.TimeEntryDAOUnitTest" name="testGetList4" time="5.497"></testcase>
  <testcase classname="com.topcoder.timetracker.entry.time.TimeEntryDAOUnitTest" name="testTimeEntryDAO1" time="0.281"></testcase>
  <testcase classname="com.topcoder.timetracker.entry.time.TimeEntryDAOUnitTest" name="testTimeEntryDAO2" time="5.029"></testcase>
  <testcase classname="com.topcoder.timetracker.entry.time.TimeEntryDAOUnitTest" name="testTimeEntryDAO3" time="0.078"></testcase>
  <testcase classname="com.topcoder.timetracker.entry.time.TimeEntryDAOUnitTest" name="testTimeEntryDAO4" time="5.106"></testcase>
  <testcase classname="com.topcoder.timetracker.entry.time.TimeEntryDAOUnitTest" name="testTimeEntryDAO5" time="0.281"></testcase>
  <testcase classname="com.topcoder.timetracker.entry.time.TimeEntryDAOUnitTest" name="testUpdate" time="10.479"></testcase>
  <testcase classname="com.topcoder.timetracker.entry.time.DemoTest" name="testTaskTypeDAODemo" time="16.756"></testcase>
  <testcase classname="com.topcoder.timetracker.entry.time.DemoTest" name="testTimeStatusDAODemo" time="21.223"></testcase>
  <testcase classname="com.topcoder.timetracker.entry.time.DemoTest" name="testTimeEntryDAODemo" time="21.738"></testcase>
  <testcase classname="com.topcoder.timetracker.entry.time.DemoTest" name="testLocalTransactionControlDemo" time="5.372"></testcase>
  <testcase classname="com.topcoder.timetracker.entry.time.accuracytests.DAOActionExceptionAccuracyTest" name="testDAOActionExceptionString" time="0.0"></testcase>
  <testcase classname="com.topcoder.timetracker.entry.time.accuracytests.DAOActionExceptionAccuracyTest" name="testDAOActionExceptionStringThrowable" time="0.0"></testcase>
  <testcase classname="com.topcoder.timetracker.entry.time.accuracytests.DAOFactoryExceptionAccuracyTest" name="testDAOFactoryExceptionString" time="0.0"></testcase>
  <testcase classname="com.topcoder.timetracker.entry.time.accuracytests.DAOFactoryExceptionAccuracyTest" name="testDAOFactoryExceptionStringThrowable" time="0.0"></testcase>
  <testcase classname="com.topcoder.timetracker.entry.time.accuracytests.DAOFactoryAccuracyTest" name="testGetDAO1" time="0.015"></testcase>
  <testcase classname="com.topcoder.timetracker.entry.time.accuracytests.DAOFactoryAccuracyTest" name="testGetDAO2" time="0.0"></testcase>
  <testcase classname="com.topcoder.timetracker.entry.time.accuracytests.DAOFactoryAccuracyTest" name="testGetDAO3" time="0.031"></testcase>
  <testcase classname="com.topcoder.timetracker.entry.time.accuracytests.DataObjectAccuracyTest" name="testSetPrimaryId" time="0.0"></testcase>
  <testcase classname="com.topcoder.timetracker.entry.time.accuracytests.DataObjectAccuracyTest" name="testGetPrimaryId1" time="0.0"></testcase>
  <testcase classname="com.topcoder.timetracker.entry.time.accuracytests.TaskTypeAccuracyTest" name="testTaskType" time="0.0"></testcase>
  <testcase classname="com.topcoder.timetracker.entry.time.accuracytests.TaskTypeDAOAccuracyTest" name="testGetConnection" time="0.297"></testcase>
  <testcase classname="com.topcoder.timetracker.entry.time.accuracytests.TaskTypeDAOAccuracyTest" name="testRemoveConnection" time="5.263"></testcase>
  <testcase classname="com.topcoder.timetracker.entry.time.accuracytests.TaskTypeDAOAccuracyTest" name="testCreate" time="5.278"></testcase>
  <testcase classname="com.topcoder.timetracker.entry.time.accuracytests.TaskTypeDAOAccuracyTest" name="testUpdate" time="5.841"></testcase>
  <testcase classname="com.topcoder.timetracker.entry.time.accuracytests.TaskTypeDAOAccuracyTest" name="testTaskTypeDAO" time="5.137"></testcase>
  <testcase classname="com.topcoder.timetracker.entry.time.accuracytests.TaskTypeDAOAccuracyTest" name="testDelete" time="5.56"></testcase>
  <testcase classname="com.topcoder.timetracker.entry.time.accuracytests.TaskTypeDAOAccuracyTest" name="testGet" time="10.697"></testcase>
  <testcase classname="com.topcoder.timetracker.entry.time.accuracytests.TaskTypeDAOAccuracyTest" name="testGetList" time="16.506"></testcase>
  <testcase classname="com.topcoder.timetracker.entry.time.accuracytests.TaskTypeDAOAccuracyTest" name="testSetConnection" time="5.232"></testcase>
  <testcase classname="com.topcoder.timetracker.entry.time.accuracytests.TimeEntryAccuracyTest" name="testSetCreationDate1" time="0.0"></testcase>
  <testcase classname="com.topcoder.timetracker.entry.time.accuracytests.TimeEntryAccuracyTest" name="testSetCreationDate2" time="0.0"></testcase>
  <testcase classname="com.topcoder.timetracker.entry.time.accuracytests.TimeEntryAccuracyTest" name="testGetModificationUser" time="0.0"></testcase>
  <testcase classname="com.topcoder.timetracker.entry.time.accuracytests.TimeEntryAccuracyTest" name="testSetModificationDate1" time="0.0"></testcase>
  <testcase classname="com.topcoder.timetracker.entry.time.accuracytests.TimeEntryAccuracyTest" name="testSetModificationDate2" time="0.0"></testcase>
  <testcase classname="com.topcoder.timetracker.entry.time.accuracytests.TimeEntryAccuracyTest" name="testGetCreationDate" time="0.0"></testcase>
  <testcase classname="com.topcoder.timetracker.entry.time.accuracytests.TimeEntryAccuracyTest" name="testSetModificationUser1" time="0.0"></testcase>
  <testcase classname="com.topcoder.timetracker.entry.time.accuracytests.TimeEntryAccuracyTest" name="testSetModificationUser2" time="0.0"></testcase>
  <testcase classname="com.topcoder.timetracker.entry.time.accuracytests.TimeEntryAccuracyTest" name="testGetModificationDate" time="0.0"></testcase>
  <testcase classname="com.topcoder.timetracker.entry.time.accuracytests.TimeEntryDAOAccuracyTest" name="testGetConnection" time="0.312"></testcase>
  <testcase classname="com.topcoder.timetracker.entry.time.accuracytests.TimeEntryDAOAccuracyTest" name="testRemoveConnection" time="5.2"></testcase>
  <testcase classname="com.topcoder.timetracker.entry.time.accuracytests.TimeEntryDAOAccuracyTest" name="testCreate" time="5.451"></testcase>
  <testcase classname="com.topcoder.timetracker.entry.time.accuracytests.TimeEntryDAOAccuracyTest" name="testUpdate" time="5.84"></testcase>
  <testcase classname="com.topcoder.timetracker.entry.time.accuracytests.TimeEntryDAOAccuracyTest" name="testTaskTypeDAO" time="5.202"></testcase>
  <testcase classname="com.topcoder.timetracker.entry.time.accuracytests.TimeEntryDAOAccuracyTest" name="testDelete" time="5.766"></testcase>
  <testcase classname="com.topcoder.timetracker.entry.time.accuracytests.TimeEntryDAOAccuracyTest" name="testGet" time="10.733"></testcase>
  <testcase classname="com.topcoder.timetracker.entry.time.accuracytests.TimeEntryDAOAccuracyTest" name="testGetList" time="20.748"></testcase>
  <testcase classname="com.topcoder.timetracker.entry.time.accuracytests.TimeEntryDAOAccuracyTest" name="testSetConnection" time="0.281"></testcase>
  <testcase classname="com.topcoder.timetracker.entry.time.accuracytests.TimeStatusAccuracyTest" name="testTimeStatus" time="0.0"></testcase>
  <testcase classname="com.topcoder.timetracker.entry.time.accuracytests.TimeStatusDAOAccuracyTest" name="testGetConnection" time="5.218"></testcase>
  <testcase classname="com.topcoder.timetracker.entry.time.accuracytests.TimeStatusDAOAccuracyTest" name="testRemoveConnection" time="0.25"></testcase>
  <testcase classname="com.topcoder.timetracker.entry.time.accuracytests.TimeStatusDAOAccuracyTest" name="testCreate" time="5.515"></testcase>
  <testcase classname="com.topcoder.timetracker.entry.time.accuracytests.TimeStatusDAOAccuracyTest" name="testUpdate" time="10.483"></testcase>
  <testcase classname="com.topcoder.timetracker.entry.time.accuracytests.TimeStatusDAOAccuracyTest" name="testTaskTypeDAO" time="0.282"></testcase>
  <testcase classname="com.topcoder.timetracker.entry.time.accuracytests.TimeStatusDAOAccuracyTest" name="testDelete" time="10.639"></testcase>
  <testcase classname="com.topcoder.timetracker.entry.time.accuracytests.TimeStatusDAOAccuracyTest" name="testGet" time="5.172"></testcase>
  <testcase classname="com.topcoder.timetracker.entry.time.accuracytests.TimeStatusDAOAccuracyTest" name="testGetList" time="21.279"></testcase>
  <testcase classname="com.topcoder.timetracker.entry.time.accuracytests.TimeStatusDAOAccuracyTest" name="testSetConnection" time="5.124"></testcase>
  <testcase classname="com.topcoder.timetracker.entry.time.accuracytests.BaseDataObjectAccuracyTest" name="testGetDescription" time="0.0"></testcase>
  <testcase classname="com.topcoder.timetracker.entry.time.accuracytests.BaseDataObjectAccuracyTest" name="testGetCreationUser" time="0.0"></testcase>
  <testcase classname="com.topcoder.timetracker.entry.time.accuracytests.BaseDataObjectAccuracyTest" name="testSetCreationDate1" time="0.0"></testcase>
  <testcase classname="com.topcoder.timetracker.entry.time.accuracytests.BaseDataObjectAccuracyTest" name="testSetCreationDate2" time="0.0"></testcase>
  <testcase classname="com.topcoder.timetracker.entry.time.accuracytests.BaseDataObjectAccuracyTest" name="testGetModificationUser" time="0.0"></testcase>
  <testcase classname="com.topcoder.timetracker.entry.time.accuracytests.BaseDataObjectAccuracyTest" name="testSetModificationDate1" time="0.0"></testcase>
  <testcase classname="com.topcoder.timetracker.entry.time.accuracytests.BaseDataObjectAccuracyTest" name="testSetModificationDate2" time="0.0"></testcase>
  <testcase classname="com.topcoder.timetracker.entry.time.accuracytests.BaseDataObjectAccuracyTest" name="testGetCreationDate" time="0.0"></testcase>
  <testcase classname="com.topcoder.timetracker.entry.time.accuracytests.BaseDataObjectAccuracyTest" name="testSetModificationUser1" time="0.0"></testcase>
  <testcase classname="com.topcoder.timetracker.entry.time.accuracytests.BaseDataObjectAccuracyTest" name="testSetModificationUser2" time="0.0"></testcase>
  <testcase classname="com.topcoder.timetracker.entry.time.accuracytests.BaseDataObjectAccuracyTest" name="testGetModificationDate" time="0.0"></testcase>
  <testcase classname="com.topcoder.timetracker.entry.time.accuracytests.BaseDataObjectAccuracyTest" name="testBasebaseDataObject" time="0.0"></testcase>
  <testcase classname="com.topcoder.timetracker.entry.time.accuracytests.BaseDataObjectAccuracyTest" name="testSetDescription1" time="0.0"></testcase>
  <testcase classname="com.topcoder.timetracker.entry.time.accuracytests.BaseDataObjectAccuracyTest" name="testSetDescription2" time="0.0"></testcase>
  <testcase classname="com.topcoder.timetracker.entry.time.accuracytests.BaseDataObjectAccuracyTest" name="testSetCreationUser1" time="0.0"></testcase>
  <testcase classname="com.topcoder.timetracker.entry.time.accuracytests.BaseDataObjectAccuracyTest" name="testSetCreationUser2" time="0.0"></testcase>
  <testcase classname="com.topcoder.timetracker.entry.time.failuretests.TaskTypeDAOFailureTests" name="testCreate" time="0.031"></testcase>
  <testcase classname="com.topcoder.timetracker.entry.time.failuretests.TaskTypeDAOFailureTests" name="testVerifyCreateDataObjectNull" time="0.0"></testcase>
  <testcase classname="com.topcoder.timetracker.entry.time.failuretests.TaskTypeDAOFailureTests" name="testVerifyCreateDataObjectNotTimeEntry" time="0.0"></testcase>
  <testcase classname="com.topcoder.timetracker.entry.time.failuretests.TaskTypeDAOFailureTests" name="testVerifyCreateDataObjectNullDescription" time="0.0"></testcase>
  <testcase classname="com.topcoder.timetracker.entry.time.failuretests.TaskTypeDAOFailureTests" name="testVerifyUpdateDataObjectNull" time="0.016"></testcase>
  <testcase classname="com.topcoder.timetracker.entry.time.failuretests.TaskTypeDAOFailureTests" name="testVerifyUpdateDataObjectNotTimeEntry" time="0.0"></testcase>
  <testcase classname="com.topcoder.timetracker.entry.time.failuretests.TaskTypeDAOFailureTests" name="testVerifyUpdateDataObjectNullDescription" time="0.0"></testcase>
  <testcase classname="com.topcoder.timetracker.entry.time.failuretests.TaskTypeDAOFailureTests" name="testCreateNullUser" time="0.0"></testcase>
  <testcase classname="com.topcoder.timetracker.entry.time.failuretests.TaskTypeDAOFailureTests" name="testCreateEmptyUser" time="0.0"></testcase>
  <testcase classname="com.topcoder.timetracker.entry.time.failuretests.TaskTypeDAOFailureTests" name="testCreateEmptyDB" time="0.031"></testcase>
  <testcase classname="com.topcoder.timetracker.entry.time.failuretests.TaskTypeDAOFailureTests" name="testUpdateNullObject" time="0.016"></testcase>
  <testcase classname="com.topcoder.timetracker.entry.time.failuretests.TaskTypeDAOFailureTests" name="testUpdateNullUser" time="0.031"></testcase>
  <testcase classname="com.topcoder.timetracker.entry.time.failuretests.TaskTypeDAOFailureTests" name="testUpdateEmptyUser" time="0.0"></testcase>
  <testcase classname="com.topcoder.timetracker.entry.time.failuretests.TaskTypeDAOFailureTests" name="testUpdateEmptyDB" time="5.015"></testcase>
  <testcase classname="com.topcoder.timetracker.entry.time.failuretests.TaskTypeDAOFailureTests" name="testDeleteEmptyDB" time="0.219"></testcase>
  <testcase classname="com.topcoder.timetracker.entry.time.failuretests.TaskTypeDAOFailureTests" name="testGetEmptyDb" time="5.249"></testcase>
  <testcase classname="com.topcoder.timetracker.entry.time.failuretests.TaskTypeDAOFailureTests" name="testGetListWhereIncluded" time="0.0"></testcase>
  <testcase classname="com.topcoder.timetracker.entry.time.failuretests.TaskTypeDAOFailureTests" name="testGetListEmptyDb" time="0.141"></testcase>
  <testcase classname="com.topcoder.timetracker.entry.time.failuretests.TaskTypeDAOFailureTests" name="testGetListInvalidWhereClause" time="5.265"></testcase>
  <testcase classname="com.topcoder.timetracker.entry.time.failuretests.TimeEntryDAOFailureTests" name="testSetConnection" time="0.0"></testcase>
  <testcase classname="com.topcoder.timetracker.entry.time.failuretests.TimeEntryDAOFailureTests" name="testVerifyCreateDataObjectNull" time="0.016"></testcase>
  <testcase classname="com.topcoder.timetracker.entry.time.failuretests.TimeEntryDAOFailureTests" name="testVerifyCreateDataObjectNotTimeEntry" time="0.0"></testcase>
  <testcase classname="com.topcoder.timetracker.entry.time.failuretests.TimeEntryDAOFailureTests" name="testVerifyCreateDataObjectNullDescription" time="0.0"></testcase>
  <testcase classname="com.topcoder.timetracker.entry.time.failuretests.TimeEntryDAOFailureTests" name="testVerifyUpdateDataObjectNull" time="0.0"></testcase>
  <testcase classname="com.topcoder.timetracker.entry.time.failuretests.TimeEntryDAOFailureTests" name="testVerifyUpdateDataObjectNotTimeEntry" time="0.0"></testcase>
  <testcase classname="com.topcoder.timetracker.entry.time.failuretests.TimeEntryDAOFailureTests" name="testVerifyUpdateDataObjectNullDescription" time="0.0"></testcase>
  <testcase classname="com.topcoder.timetracker.entry.time.failuretests.TimeEntryDAOFailureTests" name="testCreateNullUser" time="0.015"></testcase>
  <testcase classname="com.topcoder.timetracker.entry.time.failuretests.TimeEntryDAOFailureTests" name="testCreateEmptyUser" time="0.0"></testcase>
  <testcase classname="com.topcoder.timetracker.entry.time.failuretests.TimeEntryDAOFailureTests" name="testCreateEmptyDB" time="0.016"></testcase>
  <testcase classname="com.topcoder.timetracker.entry.time.failuretests.TimeEntryDAOFailureTests" name="testUpdateNullObject" time="0.0"></testcase>
  <testcase classname="com.topcoder.timetracker.entry.time.failuretests.TimeEntryDAOFailureTests" name="testUpdateNullUser" time="0.0"></testcase>
  <testcase classname="com.topcoder.timetracker.entry.time.failuretests.TimeEntryDAOFailureTests" name="testUpdateEmptyUser" time="0.0"></testcase>
  <testcase classname="com.topcoder.timetracker.entry.time.failuretests.TimeEntryDAOFailureTests" name="testUpdateEmptyDB" time="5.015"></testcase>
  <testcase classname="com.topcoder.timetracker.entry.time.failuretests.TimeEntryDAOFailureTests" name="testDeleteEmptyDB" time="0.094"></testcase>
  <testcase classname="com.topcoder.timetracker.entry.time.failuretests.TimeEntryDAOFailureTests" name="testGetEmptyDb" time="5.015"></testcase>
  <testcase classname="com.topcoder.timetracker.entry.time.failuretests.TimeEntryDAOFailureTests" name="testGetListWhereIncluded" time="0.0"></testcase>
  <testcase classname="com.topcoder.timetracker.entry.time.failuretests.TimeEntryDAOFailureTests" name="testGetListEmptyDb" time="0.109"></testcase>
  <testcase classname="com.topcoder.timetracker.entry.time.failuretests.TimeEntryDAOFailureTests" name="testGetListInvalidWhereClause" time="5.468"></testcase>
  <testcase classname="com.topcoder.timetracker.entry.time.failuretests.TimeEntryDAOFailureTests" name="testTimeEntryDAONullConnName" time="0.0"></testcase>
  <testcase classname="com.topcoder.timetracker.entry.time.failuretests.TimeEntryDAOFailureTests" name="testTimeEntryDAONullNamespace" time="0.0"></testcase>
  <testcase classname="com.topcoder.timetracker.entry.time.failuretests.TimeEntryDAOFailureTests" name="testTimeEntryDAOEmptyNamespace" time="0.0"></testcase>
  <testcase classname="com.topcoder.timetracker.entry.time.failuretests.TimeEntryDAOFailureTests" name="testTimeEntryDAOEmptyConnName" time="0.0"></testcase>
  <testcase classname="com.topcoder.timetracker.entry.time.failuretests.TimeEntryDAOFailureTests" name="testVerifyCreateDataObjectNullDate" time="0.016"></testcase>
  <testcase classname="com.topcoder.timetracker.entry.time.failuretests.TimeEntryDAOFailureTests" name="testVerifyCreateDataObjectNegativeHours" time="0.0"></testcase>
  <testcase classname="com.topcoder.timetracker.entry.time.failuretests.TimeEntryDAOFailureTests" name="testVerifyUpdateDataObjectNullDate" time="0.0"></testcase>
  <testcase classname="com.topcoder.timetracker.entry.time.failuretests.TimeEntryDAOFailureTests" name="testVerifyUpdateDataObjectNegativeHours" time="0.0"></testcase>
  <testcase classname="com.topcoder.timetracker.entry.time.failuretests.TimeEntryDAOFailureTests" name="testCreateNullObject" time="0.0"></testcase>
  <testcase classname="com.topcoder.timetracker.entry.time.failuretests.TimeEntryDAOFailureTests" name="testSetDataObjectPrimaryId" time="0.0"></testcase>
  <testcase classname="com.topcoder.timetracker.entry.time.failuretests.TimeStatusDAOFailureTests" name="testCreate" time="0.016"></testcase>
  <testcase classname="com.topcoder.timetracker.entry.time.failuretests.TimeStatusDAOFailureTests" name="testVerifyCreateDataObjectNull" time="0.0"></testcase>
  <testcase classname="com.topcoder.timetracker.entry.time.failuretests.TimeStatusDAOFailureTests" name="testVerifyCreateDataObjectNullDescription" time="0.0"></testcase>
  <testcase classname="com.topcoder.timetracker.entry.time.failuretests.TimeStatusDAOFailureTests" name="testVerifyUpdateDataObjectNull" time="0.0"></testcase>
  <testcase classname="com.topcoder.timetracker.entry.time.failuretests.TimeStatusDAOFailureTests" name="testVerifyUpdateDataObjectNullDescription" time="0.0"></testcase>
  <testcase classname="com.topcoder.timetracker.entry.time.failuretests.TimeStatusDAOFailureTests" name="testCreateNullUser" time="0.0"></testcase>
  <testcase classname="com.topcoder.timetracker.entry.time.failuretests.TimeStatusDAOFailureTests" name="testCreateEmptyUser" time="0.015"></testcase>
  <testcase classname="com.topcoder.timetracker.entry.time.failuretests.TimeStatusDAOFailureTests" name="testCreateEmptyDB" time="0.0"></testcase>
  <testcase classname="com.topcoder.timetracker.entry.time.failuretests.TimeStatusDAOFailureTests" name="testUpdateNullObject" time="0.016"></testcase>
  <testcase classname="com.topcoder.timetracker.entry.time.failuretests.TimeStatusDAOFailureTests" name="testUpdateNullUser" time="0.0"></testcase>
  <testcase classname="com.topcoder.timetracker.entry.time.failuretests.TimeStatusDAOFailureTests" name="testUpdateEmptyUser" time="0.0"></testcase>
  <testcase classname="com.topcoder.timetracker.entry.time.failuretests.TimeStatusDAOFailureTests" name="testUpdateEmptyDB" time="5.234"></testcase>
  <testcase classname="com.topcoder.timetracker.entry.time.failuretests.TimeStatusDAOFailureTests" name="testDeleteEmptyDB" time="0.219"></testcase>
  <testcase classname="com.topcoder.timetracker.entry.time.failuretests.TimeStatusDAOFailureTests" name="testGetEmptyDb" time="5.218"></testcase>
  <testcase classname="com.topcoder.timetracker.entry.time.failuretests.TimeStatusDAOFailureTests" name="testGetListWhereIncluded" time="0.015"></testcase>
  <testcase classname="com.topcoder.timetracker.entry.time.failuretests.TimeStatusDAOFailureTests" name="testGetListEmptyDb" time="0.11"></testcase>
  <testcase classname="com.topcoder.timetracker.entry.time.failuretests.TimeStatusDAOFailureTests" name="testGetListInvalidWhereClause" time="5.39"></testcase>
  <testcase classname="com.topcoder.timetracker.entry.time.failuretests.TimeStatusDAOFailureTests" name="testVerifyCreateDataObjectNotTimeStatus" time="0.0"></testcase>
  <testcase classname="com.topcoder.timetracker.entry.time.failuretests.TimeStatusDAOFailureTests" name="testVerifyUpdateDataObjectNotTimeStatus" time="0.0"></testcase>
  <testcase classname="com.topcoder.timetracker.entry.time.failuretests.DAOFactoryFailureTests" name="testGetDAONullClass" time="0.062"></testcase>
  <testcase classname="com.topcoder.timetracker.entry.time.failuretests.DAOFactoryFailureTests" name="testGetDAONullNamespace" time="0.016"></testcase>
  <testcase classname="com.topcoder.timetracker.entry.time.failuretests.DAOFactoryFailureTests" name="testGetDAOEmptyNamespace" time="0.047"></testcase>
  <testcase classname="com.topcoder.timetracker.entry.time.failuretests.DAOFactoryFailureTests" name="testGetDAOClassNotDAO" time="0.031"></testcase>
  <testcase classname="com.topcoder.timetracker.entry.time.failuretests.DAOFactoryFailureTests" name="testGetDAOInvalidNamespace" time="0.047"></testcase>
  <testcase classname="com.topcoder.timetracker.entry.time.failuretests.DAOFactoryFailureTests" name="testGetDAOConfigFailure1" time="0.016"></testcase>
  <testcase classname="com.topcoder.timetracker.entry.time.failuretests.DAOFactoryFailureTests" name="testGetDAOConfigFailure2" time="0.046"></testcase>
  <testcase classname="com.topcoder.timetracker.entry.time.failuretests.DAOFactoryFailureTests" name="testGetDAOConfigFailure3" time="0.032"></testcase>
  <testcase classname="com.topcoder.timetracker.entry.time.failuretests.DAOFactoryFailureTests" name="testGetDAOConfigFailure4" time="0.015"></testcase>
  <testcase classname="com.topcoder.timetracker.entry.time.failuretests.DAOFactoryFailureTests" name="testGetDAOConfigFailure5" time="0.047"></testcase>
  <testcase classname="com.topcoder.timetracker.entry.time.stresstests.TimeStatusDAOStressTest" name="testCreate" time="523.264"></testcase>
  <testcase classname="com.topcoder.timetracker.entry.time.stresstests.TimeStatusDAOStressTest" name="testUpdate" time="548.305"></testcase>
  <testcase classname="com.topcoder.timetracker.entry.time.stresstests.TimeStatusDAOStressTest" name="testDelete" time="1088.182"></testcase>
  <testcase classname="com.topcoder.timetracker.entry.time.stresstests.TimeStatusDAOStressTest" name="testGet" time="549.096"></testcase>
  <testcase classname="com.topcoder.timetracker.entry.time.stresstests.TimeStatusDAOStressTest" name="testGetList" time="1085.946"></testcase>
  <testcase classname="com.topcoder.timetracker.entry.time.stresstests.TimeEntryDAOStressTest" name="testCreate" time="534.577"></testcase>
  <testcase classname="com.topcoder.timetracker.entry.time.stresstests.TimeEntryDAOStressTest" name="testUpdate" time="555.846"></testcase>
  <testcase classname="com.topcoder.timetracker.entry.time.stresstests.TimeEntryDAOStressTest" name="testDelete" time="1086.963"></testcase>
  <testcase classname="com.topcoder.timetracker.entry.time.stresstests.TimeEntryDAOStressTest" name="testGet" time="555.862"></testcase>
  <testcase classname="com.topcoder.timetracker.entry.time.stresstests.TimeEntryDAOStressTest" name="testGetList" time="1076.752"></testcase>
  <testcase classname="com.topcoder.timetracker.entry.time.stresstests.TaskTypeDAOStressTest" name="testCreate" time="524.315"></testcase>
  <testcase classname="com.topcoder.timetracker.entry.time.stresstests.TaskTypeDAOStressTest" name="testUpdate" time="551.363"></testcase>
  <testcase classname="com.topcoder.timetracker.entry.time.stresstests.TaskTypeDAOStressTest" name="testDelete" time="1088.46"></testcase>
  <testcase classname="com.topcoder.timetracker.entry.time.stresstests.TaskTypeDAOStressTest" name="testGet" time="549.613"></testcase>
  <testcase classname="com.topcoder.timetracker.entry.time.stresstests.TaskTypeDAOStressTest" name="testGetList" time="1115.668"></testcase>
  <system-out><![CDATA[Component Spellification
ivern
TangentZ
Ready
ivern
TangentZ
Coding class zec
ivern
ivern
Coding class zec
3.5
true
ivern
TCSDEVELOPER
TCSDEVELOPER
down
-----stress test for TimeStatusDAO.create-----
Threads: 10
Operations/Thread: 20
totaltime:522967ms
-----stress test for TimeStatusDAO.update-----
Threads: 10
Operations/Thread: 20
totaltime:548305ms
-----stress test for TimeStatusDAO.Delete-----
Threads: 10
Operations/Thread: 20
totaltime:540559ms
-----stress test for TimeStatusDAO.get-----
Threads: 10
Operations/Thread: 20
totaltime:549096ms
-----stress test for TimeStatusDAO.getList-----
Threads: 10
Operations/Thread: 20
totaltime:533024ms
-----stress test for TimeEntryDAO.create-----
Threads: 10
Operations/Thread: 20
totaltime:529076ms
-----stress test for TimeEntryDAO.update-----
Threads: 10
Operations/Thread: 20
totaltime:550362ms
-----stress test for TimeEntryDAO.Delete-----
Threads: 10
Operations/Thread: 20
totaltime:535613ms
-----stress test for TimeEntryDAO.get-----
Threads: 10
Operations/Thread: 20
totaltime:550362ms
-----stress test for TimeEntryDAO.getList-----
Threads: 10
Operations/Thread: 20
totaltime:523861ms
-----stress test for TaskTypeDAO.create-----
Threads: 10
Operations/Thread: 20
totaltime:524300ms
-----stress test for TaskTypeDAO.update-----
Threads: 10
Operations/Thread: 20
totaltime:551332ms
-----stress test for TaskTypeDAO.Delete-----
Threads: 10
Operations/Thread: 20
totaltime:539612ms
-----stress test for TaskTypeDAO.get-----
Threads: 10
Operations/Thread: 20
totaltime:549613ms
-----stress test for TaskTypeDAO.getList-----
Threads: 10
Operations/Thread: 20
totaltime:521832ms
]]></system-out>
  <system-err><![CDATA[]]></system-err>
</testsuite>
