<?xml version="1.0" encoding="UTF-8" ?>
<testsuite name="com.topcoder.timetracker.entry.time.AllTests" tests="1196" failures="0" errors="0" time="364.766">
  <properties>
    <property name="java.vendor" value="Sun Microsystems Inc."></property>
    <property name="package" value="com.topcoder.timetracker.entry.time"></property>
    <property name="typesafe_enum.version" value="1.0"></property>
    <property name="ant.file.Time Entry" value="F:\DEV Review\20070414\Time Entry\build.xml"></property>
    <property name="verbose" value="no"></property>
    <property name="os.name" value="Windows XP"></property>
    <property name="id_generator.jar.name" value="id_generator.jar"></property>
    <property name="sun.boot.class.path" value="F:\j2sdk1.4.2_11\jre\lib\rt.jar;F:\j2sdk1.4.2_11\jre\lib\i18n.jar;F:\j2sdk1.4.2_11\jre\lib\sunrsasign.jar;F:\j2sdk1.4.2_11\jre\lib\jsse.jar;F:\j2sdk1.4.2_11\jre\lib\jce.jar;F:\j2sdk1.4.2_11\jre\lib\charsets.jar;F:\j2sdk1.4.2_11\jre\classes"></property>
    <property name="docsdir" value="docs"></property>
    <property name="javadoc.jar" value="build/javadocs.jar"></property>
    <property name="design_submission.jar" value="Time_Entry_3.2_design_submission.jar"></property>
    <property name="component.tests.jar" value="build/dist/lib/tcs/time_entry_tests.jar"></property>
    <property name="sun.java2d.fontpath" value=""></property>
    <property name="java.vm.specification.vendor" value="Sun Microsystems Inc."></property>
    <property name="net.sourceforge.cobertura.datafile" value="F:\DEV Review\20070414\Time Entry\log\cobertura.ser"></property>
    <property name="ant.home" value="F:\apache-ant-1.6.2"></property>
    <property name="java.runtime.version" value="1.4.2_11-b06"></property>
    <property name="base_exception.jar.name" value="base_exception.jar"></property>
    <property name="component_path" value="time_entry/3.2"></property>
    <property name="cobertura.dir" value="F:/cobertura-1.8"></property>
    <property name="user.name" value="zlf"></property>
    <property name="id_generator.version" value="3.0"></property>
    <property name="debug" value="off"></property>
    <property name="reports" value="reports"></property>
    <property name="testfiles" value="test_files"></property>
    <property name="dist_conf" value="build/dist/time_entry-3.2/conf"></property>
    <property name="component_version" value="3.2"></property>
    <property name="dist_coverage" value="${dist_docs}/coverage"></property>
    <property name="user.language" value="zh"></property>
    <property name="cobertura.datafile" value="log/cobertura.ser"></property>
    <property name="configmanager.path" value="configuration_manager/2.1.5"></property>
    <property name="sun.boot.library.path" value="F:\j2sdk1.4.2_11\jre\bin"></property>
    <property name="tcs_libdir" value="/jtcs/lib/tcs"></property>
    <property name="srcdir" value="src"></property>
    <property name="ant.project.name" value="Time Entry"></property>
    <property name="java.version" value="1.4.2_11"></property>
    <property name="user.timezone" value=""></property>
    <property name="dev_dist.jar" value="Time_Entry_3.2_dev_dist.jar"></property>
    <property name="sun.arch.data.model" value="32"></property>
    <property name="build_lib" value="build/lib"></property>
    <property name="webdir" value="web"></property>
    <property name="java.endorsed.dirs" value="F:\j2sdk1.4.2_11\jre\lib\endorsed"></property>
    <property name="sun.cpu.isalist" value="pentium i486 i386"></property>
    <property name="packagedir" value="com/topcoder/timetracker/entry/time"></property>
    <property name="file.encoding.pkg" value="sun.io"></property>
    <property name="file.separator" value="\"></property>
    <property name="java.specification.name" value="Java Platform API Specification"></property>
    <property name="build_docsdir" value="build/docs"></property>
    <property name="dev_submission.jar" value="Time_Entry_3.2_dev_submission.jar"></property>
    <property name="java.class.version" value="48.0"></property>
    <property name="base_exception.path" value="base_exception/1.0"></property>
    <property name="db_connection_factory.jar" value="/jtcs/lib/tcs/db_connection_factory/1.0/db_connection_factory.jar"></property>
    <property name="build_testclassdir" value="build/testClasses"></property>
    <property name="user.country" value="CN"></property>
    <property name="java.home" value="F:\j2sdk1.4.2_11\jre"></property>
    <property name="java.vm.info" value="mixed mode"></property>
    <property name="jar_tcs_libdir" value="/jtcs/lib/tcs"></property>
    <property name="ant.file" value="F:\DEV Review\20070414\Time Entry\build.xml"></property>
    <property name="os.version" value="5.1"></property>
    <property name="build_distdir" value="build/dist"></property>
    <property name="ifxjdbc.jar" value="/jtcs/lib/third_party/informix/ifxjdbc.jar"></property>
    <property name="typesafe_enum.jar.name" value="typesafe_enum.jar"></property>
    <property name="build_tcsdistdir" value="build/dist/time_entry-3.2"></property>
    <property name="path.separator" value=";"></property>
    <property name="java.vm.version" value="1.4.2_11-b06"></property>
    <property name="testlogdir" value="log"></property>
    <property name="java.util.prefs.PreferencesFactory" value="java.util.prefs.WindowsPreferencesFactory"></property>
    <property name="user.variant" value=""></property>
    <property name="ant.library.dir" value="F:\apache-ant-1.6.2\lib"></property>
    <property name="javamain" value="src/java/main"></property>
    <property name="base_exception.jar" value="/jtcs/lib/tcs/base_exception/1.0/base_exception.jar"></property>
    <property name="dist_lib" value="build/dist/lib/tcs"></property>
    <property name="dist_javadocs" value="build/dist/time_entry-3.2/docs/javadocs"></property>
    <property name="dist_testfiles" value="build/dist/time_entry-3.2/test_files"></property>
    <property name="java.awt.printerjob" value="sun.awt.windows.WPrinterJob"></property>
    <property name="sun.io.unicode.encoding" value="UnicodeLittle"></property>
    <property name="db_connection_factory.version" value="1.0"></property>
    <property name="awt.toolkit" value="sun.awt.windows.WToolkit"></property>
    <property name="component" value="Time_Entry"></property>
    <property name="component.war" value="${dist_examples}/time_entry.war"></property>
    <property name="user.home" value="D:\Documents and Settings\zlf"></property>
    <property name="java.specification.vendor" value="Sun Microsystems Inc."></property>
    <property name="java.vendor.url" value="http://java.sun.com/"></property>
    <property name="java.library.path" value="F:\j2sdk1.4.2_11\jre\bin;.;D:\WINDOWS\system32;D:\WINDOWS;f:\j2sdk1.4.2_11\bin;F:\apache-ant-1.6.2\bin;E:\oracle\product\10.1.0\Db_1\bin;E:\oracle\product\10.1.0\Db_1\jre\1.4.2\bin\client;E:\oracle\product\10.1.0\Db_1\jre\1.4.2\bin;D:\WINDOWS\system32;D:\WINDOWS;D:\WINDOWS\System32\Wbem;D:\Program Files\Microsoft SQL Server\80\Tools\Binn\;E:\Program Files\Microsoft SQL Server\90\Tools\binn\;E:\Program Files\Microsoft SQL Server\90\DTS\Binn\;E:\Program Files\Microsoft SQL Server\90\Tools\Binn\VSShell\Common7\IDE\;E:\Program Files\Microsoft Visual Studio 8\Common7\IDE\PrivateAssemblies\;e:\Program Files\Subversion\bin;e:\Program Files\IDM Computer Solutions\UltraEdit-32;D:\Program Files\Common Files\Adobe\AGL;e:\Program Files\IDM Computer Solutions\UltraEdit-32;D:\Program Files\IDM Computer Solutions\UltraCompare"></property>
    <property name="build_javadocsdir" value="build/docs/javadocs"></property>
    <property name="configdir" value="conf"></property>
    <property name="db_connection_factory.jar.name" value="db_connection_factory.jar"></property>
    <property name="java.vm.vendor" value="Sun Microsystems Inc."></property>
    <property name="java.runtime.name" value="Java(TM) 2 Runtime Environment, Standard Edition"></property>
    <property name="ant.version" value="Apache Ant version 1.6.2 compiled on July 16 2004"></property>
    <property name="java.class.path" value="F:\DEV Review\20070414\Time Entry\build\instrumented;F:\DEV Review\20070414\Time Entry\build\testClasses;F:\DEV Review\20070414\Time Entry\build\classes;F:\DEV Review\20070414\Time Entry\dependency\lib\tcs\base_exception\1.0\base_exception.jar;F:\DEV Review\20070414\Time Entry\dependency\lib\tcs\configuration_manager\2.1.5\configuration_manager.jar;F:\DEV Review\20070414\Time Entry\dependency\lib\tcs\database_abstraction\1.1\database_abstraction.jar;F:\DEV Review\20070414\Time Entry\dependency\lib\tcs\db_connection_factory\1.0\db_connection_factory.jar;F:\DEV Review\20070414\Time Entry\dependency\lib\tcs\id_generator\3.0\id_generator.jar;F:\DEV Review\20070414\Time Entry\dependency\lib\tcs\JNDI_Utility\1.0\JNDI_Utility.jar;F:\DEV Review\20070414\Time Entry\dependency\lib\tcs\logging_wrapper\1.2\logging_wrapper.jar;F:\DEV Review\20070414\Time Entry\dependency\lib\tcs\object_factory\2.0.1\object_factory.jar;F:\DEV Review\20070414\Time Entry\dependency\lib\tcs\typesafe_enum\1.0\typesafe_enum.jar;F:\DEV Review\20070414\Time Entry\dependency\search_builder-1[1].3.1\lib\tcs\search_builder\1.3.1\search_builder.jar;F:\DEV Review\20070414\Time Entry\dependency\lib\tcs\class_associations\1.0\class_associations.jar;F:\DEV Review\20070414\Time Entry\dependency\lib\tcs\data_validation\1.0\data_validation.jar;F:\DEV Review\20070414\Time Entry\Final review\test_files\mockejb.jar;F:\DEV Review\20070414\Time Entry\Final review\test_files\cglib-full-2.0-RC2.jar;F:\DEV Review\20070414\Time Entry\Final review\test_files\commons-logging.jar;F:\DEV Review\20070414\Time Entry\Final review\test_files\depends.jar;F:\DEV Review\20070414\Time Entry\Final review\test_files\depends_src.zip;F:\DEV Review\20070414\Time Entry\Final review\test_files\ifxjdbc.jar;F:\DEV Review\20070414\Time Entry\Final review\test_files\j2ee.jar;F:\DEV Review\20070414\Time Entry\Final review\test_files\jakarta-oro-2.0.8.jar;F:\DEV Review\20070414\Time Entry\conf;F:\DEV Review\20070414\Time Entry\test_files;F:\cobertura-1.8\cobertura.jar;F:\cobertura-1.8\lib\asm-2.2.1.jar;F:\cobertura-1.8\lib\jakarta-oro-2.0.8.jar;F:\cobertura-1.8\lib\log4j-1.2.9.jar;F:\apache-ant-1.6.2\lib\junit.jar;F:\apache-ant-1.6.2\lib\ant-launcher.jar;F:\apache-ant-1.6.2\lib\ant.jar;F:\apache-ant-1.6.2\lib\ant-junit.jar"></property>
    <property name="typesafe_enum.path" value="typesafe_enum/1.0"></property>
    <property name="java.vm.specification.name" value="Java Virtual Machine Specification"></property>
    <property name="ext_libdir" value="/jtcs/lib/third_party"></property>
    <property name="builddir" value="build"></property>
    <property name="java.vm.specification.version" value="1.0"></property>
    <property name="component.dist.jar" value="build/dist/time_entry-3.2.jar"></property>
    <property name="junit.jar" value="/jtcs/lib/third_party/junit/3.8.1/junit.jar"></property>
    <property name="sun.os.patch.level" value="Service Pack 2"></property>
    <property name="sun.cpu.endian" value="little"></property>
    <property name="configmanager.jar.name" value="configuration_manager.jar"></property>
    <property name="java.io.tmpdir" value="D:\DOCUME~1\zlf\LOCALS~1\Temp\"></property>
    <property name="java.vendor.url.bug" value="http://java.sun.com/cgi-bin/bugreport.cgi"></property>
    <property name="build_targetclassdir" value="build/targetclasses"></property>
    <property name="javatests" value="src/java/tests"></property>
    <property name="build_classdir" value="build/classes"></property>
    <property name="configmanager.jar" value="/jtcs/lib/tcs/configuration_manager/2.1.5/configuration_manager.jar"></property>
    <property name="javadocsdir" value="docs/javadocs"></property>
    <property name="id_generator.jar" value="/jtcs/lib/tcs/id_generator/3.0/id_generator.jar"></property>
    <property name="java.awt.graphicsenv" value="sun.awt.Win32GraphicsEnvironment"></property>
    <property name="os.arch" value="x86"></property>
    <property name="docs_coverage" value="${docsdir}/coverage"></property>
    <property name="instrumented.dir" value="build/instrumented"></property>
    <property name="build_webdir" value="build/web"></property>
    <property name="java.ext.dirs" value="F:\j2sdk1.4.2_11\jre\lib\ext"></property>
    <property name="typesafe_enum.jar" value="/jtcs/lib/tcs/typesafe_enum/1.0/typesafe_enum.jar"></property>
    <property name="dist_src" value="build/dist/time_entry-3.2/src"></property>
    <property name="user.dir" value="F:\DEV Review\20070414\Time Entry"></property>
    <property name="design_dist.jar" value="Time_Entry_3.2_design_dist.jar"></property>
    <property name="jar_ext_libdir" value="/jtcs/lib/third_party"></property>
    <property name="javasrc" value="src/java"></property>
    <property name="line.separator" value="
"></property>
    <property name="java.vm.name" value="Java HotSpot(TM) Client VM"></property>
    <property name="distfilename" value="time_entry"></property>
    <property name="java_1_3_bootclasspath" value="c:\program files\JavaSoft\JRE\1.3.1\lib\rt.jar"></property>
    <property name="basedir" value="F:\DEV Review\20070414\Time Entry"></property>
    <property name="ant.java.version" value="1.4"></property>
    <property name="db_connection_factory.path" value="db_connection_factory/1.0"></property>
    <property name="file.encoding" value="GBK"></property>
    <property name="id_generator.path" value="id_generator/3.0"></property>
    <property name="configmanager.version" value="2.1.5"></property>
    <property name="base_exception.version" value="1.0"></property>
    <property name="dist_docs" value="build/dist/time_entry-3.2/docs"></property>
    <property name="component.jar" value="build/dist/lib/tcs/time_entry/3.2/time_entry.jar"></property>
    <property name="java.specification.version" value="1.4"></property>
    <property name="xerces.jar" value="/jtcs/lib/third_party/xerces/1.4.4/xerces.jar"></property>
  </properties>
  <testcase name="testCtor" classname="com.topcoder.timetracker.entry.time.BatchOperationExceptionTests" time="0.016"></testcase>
  <testcase name="testBatchOperationExceptionInheritance" classname="com.topcoder.timetracker.entry.time.BatchOperationExceptionTests" time="0.0"></testcase>
  <testcase name="testGetCauses" classname="com.topcoder.timetracker.entry.time.BatchOperationExceptionTests" time="0.0"></testcase>
  <testcase name="testCtor" classname="com.topcoder.timetracker.entry.time.TimeStatusManagerImplTests" time="1.125"></testcase>
  <testcase name="testCtor_NullTimeStatusDao" classname="com.topcoder.timetracker.entry.time.TimeStatusManagerImplTests" time="0.234"></testcase>
  <testcase name="testCreateTimeStatus" classname="com.topcoder.timetracker.entry.time.TimeStatusManagerImplTests" time="0.391"></testcase>
  <testcase name="testCreateTimeStatus_NullTimeStatus" classname="com.topcoder.timetracker.entry.time.TimeStatusManagerImplTests" time="0.234"></testcase>
  <testcase name="testCreateTimeStatus_DataAccessException" classname="com.topcoder.timetracker.entry.time.TimeStatusManagerImplTests" time="0.281"></testcase>
  <testcase name="testUpdateTimeStatus" classname="com.topcoder.timetracker.entry.time.TimeStatusManagerImplTests" time="0.391"></testcase>
  <testcase name="testUpdateTimeStatus_NullTimeStatus" classname="com.topcoder.timetracker.entry.time.TimeStatusManagerImplTests" time="0.234"></testcase>
  <testcase name="testUpdateTimeStatus_UnrecognizedEntityException" classname="com.topcoder.timetracker.entry.time.TimeStatusManagerImplTests" time="0.313"></testcase>
  <testcase name="testUpdateTimeStatus_DataAccessException" classname="com.topcoder.timetracker.entry.time.TimeStatusManagerImplTests" time="0.343"></testcase>
  <testcase name="testDeleteTimeStatus" classname="com.topcoder.timetracker.entry.time.TimeStatusManagerImplTests" time="0.391"></testcase>
  <testcase name="testDeleteTimeStatus_UnrecognizedEntityException" classname="com.topcoder.timetracker.entry.time.TimeStatusManagerImplTests" time="0.313"></testcase>
  <testcase name="testDeleteTimeStatus_DataAccessException" classname="com.topcoder.timetracker.entry.time.TimeStatusManagerImplTests" time="0.468"></testcase>
  <testcase name="testGetTimeStatus" classname="com.topcoder.timetracker.entry.time.TimeStatusManagerImplTests" time="0.313"></testcase>
  <testcase name="testGetTimeStatus_UnrecognizedEntityException" classname="com.topcoder.timetracker.entry.time.TimeStatusManagerImplTests" time="0.265"></testcase>
  <testcase name="testGetTimeStatus_DataAccessException" classname="com.topcoder.timetracker.entry.time.TimeStatusManagerImplTests" time="0.297"></testcase>
  <testcase name="testCreateTimeStatuses" classname="com.topcoder.timetracker.entry.time.TimeStatusManagerImplTests" time="0.297"></testcase>
  <testcase name="testCreateTimeStatuses_NullTimeEntries" classname="com.topcoder.timetracker.entry.time.TimeStatusManagerImplTests" time="0.219"></testcase>
  <testcase name="testCreateTimeStatuses_EmptyTimeEntries" classname="com.topcoder.timetracker.entry.time.TimeStatusManagerImplTests" time="0.219"></testcase>
  <testcase name="testCreateTimeStatuses_SameElement" classname="com.topcoder.timetracker.entry.time.TimeStatusManagerImplTests" time="0.25"></testcase>
  <testcase name="testCreateTimeStatuses_NullInTimeEntries" classname="com.topcoder.timetracker.entry.time.TimeStatusManagerImplTests" time="0.25"></testcase>
  <testcase name="testCreateTimeStatuses_TimeStatusWithIdSet" classname="com.topcoder.timetracker.entry.time.TimeStatusManagerImplTests" time="0.281"></testcase>
  <testcase name="testCreateTimeStatuses_TimeStatusWithNullCreationUser" classname="com.topcoder.timetracker.entry.time.TimeStatusManagerImplTests" time="0.219"></testcase>
  <testcase name="testCreateTimeStatuses_TimeStatusWithNullModificationUser" classname="com.topcoder.timetracker.entry.time.TimeStatusManagerImplTests" time="0.25"></testcase>
  <testcase name="testCreateTimeStatuses_DataAccessException" classname="com.topcoder.timetracker.entry.time.TimeStatusManagerImplTests" time="0.297"></testcase>
  <testcase name="testUpdateTimeStatuses" classname="com.topcoder.timetracker.entry.time.TimeStatusManagerImplTests" time="0.406"></testcase>
  <testcase name="testUpdateTimeStatuses_NullTimeEntries" classname="com.topcoder.timetracker.entry.time.TimeStatusManagerImplTests" time="0.234"></testcase>
  <testcase name="testUpdateTimeStatuses_EmptyTimeEntries" classname="com.topcoder.timetracker.entry.time.TimeStatusManagerImplTests" time="0.235"></testcase>
  <testcase name="testUpdateTimeStatuses_SameTimeStatus" classname="com.topcoder.timetracker.entry.time.TimeStatusManagerImplTests" time="0.25"></testcase>
  <testcase name="testUpdateTimeStatuses_NullInTimeEntries" classname="com.topcoder.timetracker.entry.time.TimeStatusManagerImplTests" time="0.25"></testcase>
  <testcase name="testUpdateTimeStatuses_TimeStatusWithIdSet" classname="com.topcoder.timetracker.entry.time.TimeStatusManagerImplTests" time="0.25"></testcase>
  <testcase name="testUpdateTimeStatuses_TimeStatusWithNullModificationUser" classname="com.topcoder.timetracker.entry.time.TimeStatusManagerImplTests" time="0.25"></testcase>
  <testcase name="testUpdateTimeStatuses_DataAccessException" classname="com.topcoder.timetracker.entry.time.TimeStatusManagerImplTests" time="0.328"></testcase>
  <testcase name="testDeleteTimeStatuses" classname="com.topcoder.timetracker.entry.time.TimeStatusManagerImplTests" time="0.406"></testcase>
  <testcase name="testDeleteTimeStatuses_NullTimeStatusIds" classname="com.topcoder.timetracker.entry.time.TimeStatusManagerImplTests" time="0.219"></testcase>
  <testcase name="testDeleteTimeStatuses_EmptyTimeStatusIds" classname="com.topcoder.timetracker.entry.time.TimeStatusManagerImplTests" time="0.218"></testcase>
  <testcase name="testDeleteTimeStatuses_EqualTimeStatusId" classname="com.topcoder.timetracker.entry.time.TimeStatusManagerImplTests" time="0.266"></testcase>
  <testcase name="testDeleteTimeStatuses_DataAccessException" classname="com.topcoder.timetracker.entry.time.TimeStatusManagerImplTests" time="0.484"></testcase>
  <testcase name="testGetTimeStatuses" classname="com.topcoder.timetracker.entry.time.TimeStatusManagerImplTests" time="0.344"></testcase>
  <testcase name="testGetTimeStatuses_NullTimeStatusIds" classname="com.topcoder.timetracker.entry.time.TimeStatusManagerImplTests" time="0.25"></testcase>
  <testcase name="testGetTimeStatuses_DataAccessException" classname="com.topcoder.timetracker.entry.time.TimeStatusManagerImplTests" time="0.391"></testcase>
  <testcase name="testSearchTimeStatuses" classname="com.topcoder.timetracker.entry.time.TimeStatusManagerImplTests" time="0.594"></testcase>
  <testcase name="testSearchTimeStatuses_NullCriteria" classname="com.topcoder.timetracker.entry.time.TimeStatusManagerImplTests" time="0.437"></testcase>
  <testcase name="testSearchTimeStatuses_DataAccessException" classname="com.topcoder.timetracker.entry.time.TimeStatusManagerImplTests" time="0.313"></testcase>
  <testcase name="testGetTimeStatusFilterFactory" classname="com.topcoder.timetracker.entry.time.TimeStatusManagerImplTests" time="0.218"></testcase>
  <testcase name="testGetAllTimeStatuses" classname="com.topcoder.timetracker.entry.time.TimeStatusManagerImplTests" time="0.25"></testcase>
  <testcase name="testGetAllTimeStatuses_DataAccessException" classname="com.topcoder.timetracker.entry.time.TimeStatusManagerImplTests" time="0.282"></testcase>
  <testcase name="testCtor" classname="com.topcoder.timetracker.entry.time.TaskTypeTests" time="0.0"></testcase>
  <testcase name="testGetCompanyId" classname="com.topcoder.timetracker.entry.time.TaskTypeTests" time="0.0"></testcase>
  <testcase name="testSetCompanyId" classname="com.topcoder.timetracker.entry.time.TaskTypeTests" time="0.0"></testcase>
  <testcase name="testSetCompanyId_Negative" classname="com.topcoder.timetracker.entry.time.TaskTypeTests" time="0.0"></testcase>
  <testcase name="testGetActive" classname="com.topcoder.timetracker.entry.time.TaskTypeTests" time="0.0"></testcase>
  <testcase name="testIsActive" classname="com.topcoder.timetracker.entry.time.TaskTypeTests" time="0.0"></testcase>
  <testcase name="testSetActive" classname="com.topcoder.timetracker.entry.time.TaskTypeTests" time="0.0"></testcase>
  <testcase name="testGetDescription" classname="com.topcoder.timetracker.entry.time.TaskTypeTests" time="0.0"></testcase>
  <testcase name="testSetDescription" classname="com.topcoder.timetracker.entry.time.TaskTypeTests" time="0.0"></testcase>
  <testcase name="testSetDescription_NullDescription" classname="com.topcoder.timetracker.entry.time.TaskTypeTests" time="0.0"></testcase>
  <testcase name="testSetDescription_EmptyDescription" classname="com.topcoder.timetracker.entry.time.TaskTypeTests" time="0.0"></testcase>
  <testcase name="testCtor1" classname="com.topcoder.timetracker.entry.time.InvalidCompanyExceptionTests" time="0.0"></testcase>
  <testcase name="testCtor2" classname="com.topcoder.timetracker.entry.time.InvalidCompanyExceptionTests" time="0.0"></testcase>
  <testcase name="testInvalidCompanyExceptionInheritance1" classname="com.topcoder.timetracker.entry.time.InvalidCompanyExceptionTests" time="0.0"></testcase>
  <testcase name="testInvalidCompanyExceptionInheritance2" classname="com.topcoder.timetracker.entry.time.InvalidCompanyExceptionTests" time="0.0"></testcase>
  <testcase name="testGetTimeEntryCompanyId" classname="com.topcoder.timetracker.entry.time.InvalidCompanyExceptionTests" time="0.0"></testcase>
  <testcase name="testGetOtherEntityCompanyId" classname="com.topcoder.timetracker.entry.time.InvalidCompanyExceptionTests" time="0.0"></testcase>
  <testcase name="testCtor" classname="com.topcoder.timetracker.entry.time.TimeEntryTests" time="0.0"></testcase>
  <testcase name="testIsBillable" classname="com.topcoder.timetracker.entry.time.TimeEntryTests" time="0.0"></testcase>
  <testcase name="testGetBillable" classname="com.topcoder.timetracker.entry.time.TimeEntryTests" time="0.0"></testcase>
  <testcase name="testSetBillable" classname="com.topcoder.timetracker.entry.time.TimeEntryTests" time="0.0"></testcase>
  <testcase name="testGetTaskType" classname="com.topcoder.timetracker.entry.time.TimeEntryTests" time="0.0"></testcase>
  <testcase name="testSetTaskType" classname="com.topcoder.timetracker.entry.time.TimeEntryTests" time="0.0"></testcase>
  <testcase name="testSetTaskType_NullTaskType" classname="com.topcoder.timetracker.entry.time.TimeEntryTests" time="0.0"></testcase>
  <testcase name="testGetInvoiceId" classname="com.topcoder.timetracker.entry.time.TimeEntryTests" time="0.0"></testcase>
  <testcase name="testSetInvoiceId" classname="com.topcoder.timetracker.entry.time.TimeEntryTests" time="0.0"></testcase>
  <testcase name="testSetInvoiceId_LessThan" classname="com.topcoder.timetracker.entry.time.TimeEntryTests" time="0.0"></testcase>
  <testcase name="testGetHours" classname="com.topcoder.timetracker.entry.time.TimeEntryTests" time="0.0"></testcase>
  <testcase name="testGetStatus" classname="com.topcoder.timetracker.entry.time.TimeEntryTests" time="0.0"></testcase>
  <testcase name="testSetStatus" classname="com.topcoder.timetracker.entry.time.TimeEntryTests" time="0.0"></testcase>
  <testcase name="testSetStatus_NullTimeStatus" classname="com.topcoder.timetracker.entry.time.TimeEntryTests" time="0.0"></testcase>
  <testcase name="testSetHours" classname="com.topcoder.timetracker.entry.time.TimeEntryTests" time="0.0"></testcase>
  <testcase name="testSetHours_Negative" classname="com.topcoder.timetracker.entry.time.TimeEntryTests" time="0.0"></testcase>
  <testcase name="testCtor" classname="com.topcoder.timetracker.entry.time.TaskTypeManagerImplTests" time="0.281"></testcase>
  <testcase name="testGetTaskType" classname="com.topcoder.timetracker.entry.time.TaskTypeManagerImplTests" time="0.359"></testcase>
  <testcase name="testCtor_NullTaskTypeDAO" classname="com.topcoder.timetracker.entry.time.TaskTypeManagerImplTests" time="4.875"></testcase>
  <testcase name="testGetTaskType_DataAccessException" classname="com.topcoder.timetracker.entry.time.TaskTypeManagerImplTests" time="0.391"></testcase>
  <testcase name="testGetTaskType_UnrecognizedEntityException" classname="com.topcoder.timetracker.entry.time.TaskTypeManagerImplTests" time="0.25"></testcase>
  <testcase name="testCreateTaskType" classname="com.topcoder.timetracker.entry.time.TaskTypeManagerImplTests" time="0.359"></testcase>
  <testcase name="testCreateTaskType_NullTaskType" classname="com.topcoder.timetracker.entry.time.TaskTypeManagerImplTests" time="0.219"></testcase>
  <testcase name="testCreateTaskType_DataAccessException" classname="com.topcoder.timetracker.entry.time.TaskTypeManagerImplTests" time="0.297"></testcase>
  <testcase name="testUpdateTaskType" classname="com.topcoder.timetracker.entry.time.TaskTypeManagerImplTests" time="0.469"></testcase>
  <testcase name="testUpdateTaskType_NullTaskType" classname="com.topcoder.timetracker.entry.time.TaskTypeManagerImplTests" time="0.25"></testcase>
  <testcase name="testUpdateTaskType_UnrecognizedEntityException" classname="com.topcoder.timetracker.entry.time.TaskTypeManagerImplTests" time="0.312"></testcase>
  <testcase name="testUpdateTaskType_DataAccessException" classname="com.topcoder.timetracker.entry.time.TaskTypeManagerImplTests" time="0.375"></testcase>
  <testcase name="testDeleteTaskType" classname="com.topcoder.timetracker.entry.time.TaskTypeManagerImplTests" time="0.5"></testcase>
  <testcase name="testDeleteTaskType_UnrecognizedEntityException" classname="com.topcoder.timetracker.entry.time.TaskTypeManagerImplTests" time="0.281"></testcase>
  <testcase name="testDeleteTaskType_DataAccessException" classname="com.topcoder.timetracker.entry.time.TaskTypeManagerImplTests" time="0.375"></testcase>
  <testcase name="testCreateTaskTypes" classname="com.topcoder.timetracker.entry.time.TaskTypeManagerImplTests" time="0.391"></testcase>
  <testcase name="testCreateTaskTypes_NullTimeEntries" classname="com.topcoder.timetracker.entry.time.TaskTypeManagerImplTests" time="0.469"></testcase>
  <testcase name="testCreateTaskTypes_EmptyTimeEntries" classname="com.topcoder.timetracker.entry.time.TaskTypeManagerImplTests" time="0.218"></testcase>
  <testcase name="testCreateTaskTypes_SameElement" classname="com.topcoder.timetracker.entry.time.TaskTypeManagerImplTests" time="0.219"></testcase>
  <testcase name="testCreateTaskTypes_NullInTimeEntries" classname="com.topcoder.timetracker.entry.time.TaskTypeManagerImplTests" time="0.219"></testcase>
  <testcase name="testCreateTaskTypes_TaskTypeWithIdSet" classname="com.topcoder.timetracker.entry.time.TaskTypeManagerImplTests" time="0.219"></testcase>
  <testcase name="testCreateTaskTypes_TaskTypeWithNullCreationUser" classname="com.topcoder.timetracker.entry.time.TaskTypeManagerImplTests" time="0.218"></testcase>
  <testcase name="testCreateTaskTypes_TaskTypeWithNullModificationUser" classname="com.topcoder.timetracker.entry.time.TaskTypeManagerImplTests" time="0.235"></testcase>
  <testcase name="testCreateTaskTypes_DataAccessException" classname="com.topcoder.timetracker.entry.time.TaskTypeManagerImplTests" time="0.328"></testcase>
  <testcase name="testUpdateTaskTypes" classname="com.topcoder.timetracker.entry.time.TaskTypeManagerImplTests" time="0.484"></testcase>
  <testcase name="testUpdateTaskTypes_NullTimeEntries" classname="com.topcoder.timetracker.entry.time.TaskTypeManagerImplTests" time="0.219"></testcase>
  <testcase name="testUpdateTaskTypes_EmptyTimeEntries" classname="com.topcoder.timetracker.entry.time.TaskTypeManagerImplTests" time="0.219"></testcase>
  <testcase name="testUpdateTaskTypes_SameTaskType" classname="com.topcoder.timetracker.entry.time.TaskTypeManagerImplTests" time="0.297"></testcase>
  <testcase name="testUpdateTaskTypes_NullInTimeEntries" classname="com.topcoder.timetracker.entry.time.TaskTypeManagerImplTests" time="0.312"></testcase>
  <testcase name="testUpdateTaskTypes_TaskTypeWithIdSet" classname="com.topcoder.timetracker.entry.time.TaskTypeManagerImplTests" time="0.297"></testcase>
  <testcase name="testUpdateTaskTypes_TaskTypeWithNullModificationUser" classname="com.topcoder.timetracker.entry.time.TaskTypeManagerImplTests" time="0.297"></testcase>
  <testcase name="testUpdateTaskTypes_DataAccessException" classname="com.topcoder.timetracker.entry.time.TaskTypeManagerImplTests" time="0.406"></testcase>
  <testcase name="testDeleteTaskTypes" classname="com.topcoder.timetracker.entry.time.TaskTypeManagerImplTests" time="0.469"></testcase>
  <testcase name="testDeleteTaskTypes_NullTaskTypeIds" classname="com.topcoder.timetracker.entry.time.TaskTypeManagerImplTests" time="0.219"></testcase>
  <testcase name="testDeleteTaskTypes_EmptyTaskTypeIds" classname="com.topcoder.timetracker.entry.time.TaskTypeManagerImplTests" time="0.218"></testcase>
  <testcase name="testDeleteTaskTypes_EqualTaskTypeId" classname="com.topcoder.timetracker.entry.time.TaskTypeManagerImplTests" time="0.344"></testcase>
  <testcase name="testDeleteTaskTypes_DataAccessException" classname="com.topcoder.timetracker.entry.time.TaskTypeManagerImplTests" time="0.406"></testcase>
  <testcase name="testGetTaskTypes" classname="com.topcoder.timetracker.entry.time.TaskTypeManagerImplTests" time="0.391"></testcase>
  <testcase name="testGetTaskTypes_NullTaskTypeIds" classname="com.topcoder.timetracker.entry.time.TaskTypeManagerImplTests" time="0.219"></testcase>
  <testcase name="testGetTaskTypes_DataAccessException" classname="com.topcoder.timetracker.entry.time.TaskTypeManagerImplTests" time="0.344"></testcase>
  <testcase name="testSearchTaskTypes" classname="com.topcoder.timetracker.entry.time.TaskTypeManagerImplTests" time="0.359"></testcase>
  <testcase name="testSearchTaskTypes_NullCriteria" classname="com.topcoder.timetracker.entry.time.TaskTypeManagerImplTests" time="0.219"></testcase>
  <testcase name="testSearchTaskTypes_DataAccessException" classname="com.topcoder.timetracker.entry.time.TaskTypeManagerImplTests" time="0.265"></testcase>
  <testcase name="testGetTaskTypeFilterFactory" classname="com.topcoder.timetracker.entry.time.TaskTypeManagerImplTests" time="0.219"></testcase>
  <testcase name="testGetAllTaskTypes" classname="com.topcoder.timetracker.entry.time.TaskTypeManagerImplTests" time="0.266"></testcase>
  <testcase name="testGetAllTaskTypes_DataAccessException" classname="com.topcoder.timetracker.entry.time.TaskTypeManagerImplTests" time="0.25"></testcase>
  <testcase name="testConfigurationException1" classname="com.topcoder.timetracker.entry.time.ConfigurationExceptionTests" time="0.0"></testcase>
  <testcase name="testConfigurationException2" classname="com.topcoder.timetracker.entry.time.ConfigurationExceptionTests" time="0.0"></testcase>
  <testcase name="testConfigurationExceptionInheritance1" classname="com.topcoder.timetracker.entry.time.ConfigurationExceptionTests" time="0.0"></testcase>
  <testcase name="testConfigurationExceptionInheritance2" classname="com.topcoder.timetracker.entry.time.ConfigurationExceptionTests" time="0.0"></testcase>
  <testcase name="testCtor1" classname="com.topcoder.timetracker.entry.time.UnrecognizedEntityExceptionTests" time="0.0"></testcase>
  <testcase name="testCtor2" classname="com.topcoder.timetracker.entry.time.UnrecognizedEntityExceptionTests" time="0.0"></testcase>
  <testcase name="testUnrecognizedEntityExceptionInheritance1" classname="com.topcoder.timetracker.entry.time.UnrecognizedEntityExceptionTests" time="0.0"></testcase>
  <testcase name="testUnrecognizedEntityExceptionInheritance2" classname="com.topcoder.timetracker.entry.time.UnrecognizedEntityExceptionTests" time="0.0"></testcase>
  <testcase name="testGetId" classname="com.topcoder.timetracker.entry.time.UnrecognizedEntityExceptionTests" time="0.0"></testcase>
  <testcase name="testCtor" classname="com.topcoder.timetracker.entry.time.TimeStatusTests" time="0.0"></testcase>
  <testcase name="testGetDescription" classname="com.topcoder.timetracker.entry.time.TimeStatusTests" time="0.0"></testcase>
  <testcase name="testSetDescription" classname="com.topcoder.timetracker.entry.time.TimeStatusTests" time="0.0"></testcase>
  <testcase name="testSetDescription_NullDescription" classname="com.topcoder.timetracker.entry.time.TimeStatusTests" time="0.0"></testcase>
  <testcase name="testSetDescription_EmptyDescription" classname="com.topcoder.timetracker.entry.time.TimeStatusTests" time="0.0"></testcase>
  <testcase name="testGetTimeEntryManager" classname="com.topcoder.timetracker.entry.time.ManagerFactoryTests" time="0.406"></testcase>
  <testcase name="testGetTimeEntryManager_NamespaceNotExist" classname="com.topcoder.timetracker.entry.time.ManagerFactoryTests" time="0.203"></testcase>
  <testcase name="testGetTimeEntryManager_TimeEntryManagerMissing" classname="com.topcoder.timetracker.entry.time.ManagerFactoryTests" time="0.156"></testcase>
  <testcase name="testGetTimeEntryManager_TimeEntryManagerWrongConfig" classname="com.topcoder.timetracker.entry.time.ManagerFactoryTests" time="0.813"></testcase>
  <testcase name="testGetTimeEntryManager_InvalidReference" classname="com.topcoder.timetracker.entry.time.ManagerFactoryTests" time="0.203"></testcase>
  <testcase name="testGetTimeEntryManager_TimeEntryManagerWrongType" classname="com.topcoder.timetracker.entry.time.ManagerFactoryTests" time="0.219"></testcase>
  <testcase name="testGetTimeStatusManager" classname="com.topcoder.timetracker.entry.time.ManagerFactoryTests" time="0.218"></testcase>
  <testcase name="testGetTimeStatusManager_NamespaceNotExist" classname="com.topcoder.timetracker.entry.time.ManagerFactoryTests" time="0.157"></testcase>
  <testcase name="testGetTimeStatusManager_TimeStatusManagerMissing" classname="com.topcoder.timetracker.entry.time.ManagerFactoryTests" time="0.187"></testcase>
  <testcase name="testGetTimeStatusManager_TimeStatusManagerWrongConfig" classname="com.topcoder.timetracker.entry.time.ManagerFactoryTests" time="0.172"></testcase>
  <testcase name="testGetTimeStatusManager_InvalidReference" classname="com.topcoder.timetracker.entry.time.ManagerFactoryTests" time="0.203"></testcase>
  <testcase name="testGetTimeStatusManager_TimeStatusManagerWrongType" classname="com.topcoder.timetracker.entry.time.ManagerFactoryTests" time="0.203"></testcase>
  <testcase name="testGetTaskTypeManager" classname="com.topcoder.timetracker.entry.time.ManagerFactoryTests" time="0.219"></testcase>
  <testcase name="testGetTaskTypeManager_NamespaceNotExist" classname="com.topcoder.timetracker.entry.time.ManagerFactoryTests" time="0.14"></testcase>
  <testcase name="testGetTaskTypeManager_TaskTypeManagerMissing" classname="com.topcoder.timetracker.entry.time.ManagerFactoryTests" time="0.203"></testcase>
  <testcase name="testGetTaskTypeManager_TaskTypeManagerWrongConfig" classname="com.topcoder.timetracker.entry.time.ManagerFactoryTests" time="0.219"></testcase>
  <testcase name="testGetTaskTypeManager_InvalidReference" classname="com.topcoder.timetracker.entry.time.ManagerFactoryTests" time="0.156"></testcase>
  <testcase name="testGetTaskTypeManager_TaskTypeManagerWrongType" classname="com.topcoder.timetracker.entry.time.ManagerFactoryTests" time="0.204"></testcase>
  <testcase name="testCtor" classname="com.topcoder.timetracker.entry.time.TimeEntryManagerImplTests" time="0.218"></testcase>
  <testcase name="testCtor_NullTimeEntryDao" classname="com.topcoder.timetracker.entry.time.TimeEntryManagerImplTests" time="0.235"></testcase>
  <testcase name="testCtor_NullTimeEntryRejectReasonDao" classname="com.topcoder.timetracker.entry.time.TimeEntryManagerImplTests" time="0.265"></testcase>
  <testcase name="testCtor_NullRejectReasonManager" classname="com.topcoder.timetracker.entry.time.TimeEntryManagerImplTests" time="0.219"></testcase>
  <testcase name="testAddRejectReasonToEntry" classname="com.topcoder.timetracker.entry.time.TimeEntryManagerImplTests" time="0.828"></testcase>
  <testcase name="testAddRejectReasonToEntry_NullTimeEntry" classname="com.topcoder.timetracker.entry.time.TimeEntryManagerImplTests" time="0.219"></testcase>
  <testcase name="testAddRejectReasonToEntry_DataAccessException" classname="com.topcoder.timetracker.entry.time.TimeEntryManagerImplTests" time="0.437"></testcase>
  <testcase name="testRemoveRejectReasonFromEntry" classname="com.topcoder.timetracker.entry.time.TimeEntryManagerImplTests" time="0.907"></testcase>
  <testcase name="testRemoveRejectReasonFromEntry_NullTimeEntry" classname="com.topcoder.timetracker.entry.time.TimeEntryManagerImplTests" time="0.218"></testcase>
  <testcase name="testRemoveRejectReasonFromEntry_DataAccessException" classname="com.topcoder.timetracker.entry.time.TimeEntryManagerImplTests" time="0.579"></testcase>
  <testcase name="testGetAllRejectReasonsForEntry" classname="com.topcoder.timetracker.entry.time.TimeEntryManagerImplTests" time="0.531"></testcase>
  <testcase name="testGetAllRejectReasonsForEntry_DataAccessException" classname="com.topcoder.timetracker.entry.time.TimeEntryManagerImplTests" time="0.437"></testcase>
  <testcase name="testRemoveAllRejectReasonsFromEntry" classname="com.topcoder.timetracker.entry.time.TimeEntryManagerImplTests" time="1.219"></testcase>
  <testcase name="testRemoveAllRejectReasonsFromEntry_NullTimeEntry" classname="com.topcoder.timetracker.entry.time.TimeEntryManagerImplTests" time="0.234"></testcase>
  <testcase name="testRemoveAllRejectReasonsFromEntry_DataAccessException" classname="com.topcoder.timetracker.entry.time.TimeEntryManagerImplTests" time="0.422"></testcase>
  <testcase name="testCreateTimeEntry" classname="com.topcoder.timetracker.entry.time.TimeEntryManagerImplTests" time="0.563"></testcase>
  <testcase name="testCreateTimeEntry_NullEntry" classname="com.topcoder.timetracker.entry.time.TimeEntryManagerImplTests" time="0.219"></testcase>
  <testcase name="testCreateTimeEntry_DataAccessException" classname="com.topcoder.timetracker.entry.time.TimeEntryManagerImplTests" time="0.39"></testcase>
  <testcase name="testUpdateTimeEntry" classname="com.topcoder.timetracker.entry.time.TimeEntryManagerImplTests" time="0.672"></testcase>
  <testcase name="testUpdateTimeEntry_NullEntry" classname="com.topcoder.timetracker.entry.time.TimeEntryManagerImplTests" time="0.219"></testcase>
  <testcase name="testUpdateTimeEntry_UnrecognizedEntityException" classname="com.topcoder.timetracker.entry.time.TimeEntryManagerImplTests" time="0.265"></testcase>
  <testcase name="testUpdateTimeEntry_DataAccessException" classname="com.topcoder.timetracker.entry.time.TimeEntryManagerImplTests" time="0.5"></testcase>
  <testcase name="testDeleteTimeEntry" classname="com.topcoder.timetracker.entry.time.TimeEntryManagerImplTests" time="0.672"></testcase>
  <testcase name="testDeleteTimeEntry_UnrecognizedEntityException" classname="com.topcoder.timetracker.entry.time.TimeEntryManagerImplTests" time="0.266"></testcase>
  <testcase name="testDeleteTimeEntry_DataAccessException" classname="com.topcoder.timetracker.entry.time.TimeEntryManagerImplTests" time="0.953"></testcase>
  <testcase name="testGetTimeEntry" classname="com.topcoder.timetracker.entry.time.TimeEntryManagerImplTests" time="0.578"></testcase>
  <testcase name="testGetTimeEntry_UnrecognizedEntityException" classname="com.topcoder.timetracker.entry.time.TimeEntryManagerImplTests" time="0.297"></testcase>
  <testcase name="testGetTimeEntry_DataAccessException" classname="com.topcoder.timetracker.entry.time.TimeEntryManagerImplTests" time="0.609"></testcase>
  <testcase name="testCreateTimeEntries" classname="com.topcoder.timetracker.entry.time.TimeEntryManagerImplTests" time="0.766"></testcase>
  <testcase name="testCreateTimeEntries_NullTimeEntries" classname="com.topcoder.timetracker.entry.time.TimeEntryManagerImplTests" time="0.234"></testcase>
  <testcase name="testCreateTimeEntries_EmptyTimeEntries" classname="com.topcoder.timetracker.entry.time.TimeEntryManagerImplTests" time="0.219"></testcase>
  <testcase name="testCreateTimeEntries_SameElement" classname="com.topcoder.timetracker.entry.time.TimeEntryManagerImplTests" time="0.235"></testcase>
  <testcase name="testCreateTimeEntries_NullInTimeEntries" classname="com.topcoder.timetracker.entry.time.TimeEntryManagerImplTests" time="0.218"></testcase>
  <testcase name="testCreateTimeEntries_TimeEntryWithIdSet" classname="com.topcoder.timetracker.entry.time.TimeEntryManagerImplTests" time="0.235"></testcase>
  <testcase name="testCreateTimeEntries_TimeEntryWithNullCreationUser" classname="com.topcoder.timetracker.entry.time.TimeEntryManagerImplTests" time="0.234"></testcase>
  <testcase name="testCreateTimeEntries_TimeEntryWithNullModificationUser" classname="com.topcoder.timetracker.entry.time.TimeEntryManagerImplTests" time="0.234"></testcase>
  <testcase name="testCreateTimeEntries_TimeEntryWithNullDate" classname="com.topcoder.timetracker.entry.time.TimeEntryManagerImplTests" time="0.235"></testcase>
  <testcase name="testCreateTimeEntries_DataAccessException" classname="com.topcoder.timetracker.entry.time.TimeEntryManagerImplTests" time="0.422"></testcase>
  <testcase name="testUpdateTimeEntries" classname="com.topcoder.timetracker.entry.time.TimeEntryManagerImplTests" time="0.968"></testcase>
  <testcase name="testUpdateTimeEntries_NullTimeEntries" classname="com.topcoder.timetracker.entry.time.TimeEntryManagerImplTests" time="0.25"></testcase>
  <testcase name="testUpdateTimeEntries_EmptyTimeEntries" classname="com.topcoder.timetracker.entry.time.TimeEntryManagerImplTests" time="0.219"></testcase>
  <testcase name="testUpdateTimeEntries_SameTimeEntry" classname="com.topcoder.timetracker.entry.time.TimeEntryManagerImplTests" time="0.406"></testcase>
  <testcase name="testUpdateTimeEntries_NullInTimeEntries" classname="com.topcoder.timetracker.entry.time.TimeEntryManagerImplTests" time="0.375"></testcase>
  <testcase name="testUpdateTimeEntries_TimeEntryWithIdSet" classname="com.topcoder.timetracker.entry.time.TimeEntryManagerImplTests" time="0.375"></testcase>
  <testcase name="testUpdateTimeEntries_TimeEntryWithNullModificationUser" classname="com.topcoder.timetracker.entry.time.TimeEntryManagerImplTests" time="0.407"></testcase>
  <testcase name="testUpdateTimeEntries_TimeEntryWithNullDate" classname="com.topcoder.timetracker.entry.time.TimeEntryManagerImplTests" time="0.375"></testcase>
  <testcase name="testUpdateTimeEntries_BatchOperationException" classname="com.topcoder.timetracker.entry.time.TimeEntryManagerImplTests" time="0.531"></testcase>
  <testcase name="testUpdateTimeEntries_DataAccessException" classname="com.topcoder.timetracker.entry.time.TimeEntryManagerImplTests" time="0.469"></testcase>
  <testcase name="testDeleteTimeEntries" classname="com.topcoder.timetracker.entry.time.TimeEntryManagerImplTests" time="0.906"></testcase>
  <testcase name="testDeleteTimeEntries_NullTimeEntryIds" classname="com.topcoder.timetracker.entry.time.TimeEntryManagerImplTests" time="0.625"></testcase>
  <testcase name="testDeleteTimeEntries_EmptyTimeEntryIds" classname="com.topcoder.timetracker.entry.time.TimeEntryManagerImplTests" time="0.219"></testcase>
  <testcase name="testDeleteTimeEntries_EqualTimeEntryId" classname="com.topcoder.timetracker.entry.time.TimeEntryManagerImplTests" time="0.468"></testcase>
  <testcase name="testDeleteTimeEntries_BatchOperationException" classname="com.topcoder.timetracker.entry.time.TimeEntryManagerImplTests" time="0.61"></testcase>
  <testcase name="testDeleteTimeEntries_DataAccessException" classname="com.topcoder.timetracker.entry.time.TimeEntryManagerImplTests" time="0.484"></testcase>
  <testcase name="testGetTimeEntries" classname="com.topcoder.timetracker.entry.time.TimeEntryManagerImplTests" time="0.781"></testcase>
  <testcase name="testGetTimeEntries_NullTimeEntryIds" classname="com.topcoder.timetracker.entry.time.TimeEntryManagerImplTests" time="0.219"></testcase>
  <testcase name="testGetTimeEntries_BatchOperationException" classname="com.topcoder.timetracker.entry.time.TimeEntryManagerImplTests" time="0.547"></testcase>
  <testcase name="testGetTimeEntries_DataAccessException" classname="com.topcoder.timetracker.entry.time.TimeEntryManagerImplTests" time="0.469"></testcase>
  <testcase name="testSearchTimeEntries" classname="com.topcoder.timetracker.entry.time.TimeEntryManagerImplTests" time="0.562"></testcase>
  <testcase name="testSearchTimeEntries_NullFilter" classname="com.topcoder.timetracker.entry.time.TimeEntryManagerImplTests" time="0.219"></testcase>
  <testcase name="testSearchTimeEntries_DataAccessException" classname="com.topcoder.timetracker.entry.time.TimeEntryManagerImplTests" time="0.266"></testcase>
  <testcase name="testGetAllTimeEntries" classname="com.topcoder.timetracker.entry.time.TimeEntryManagerImplTests" time="0.265"></testcase>
  <testcase name="testGetAllTimeEntries_DataAccessException" classname="com.topcoder.timetracker.entry.time.TimeEntryManagerImplTests" time="0.282"></testcase>
  <testcase name="testGetTimeEntryFilterFactory" classname="com.topcoder.timetracker.entry.time.TimeEntryManagerImplTests" time="0.234"></testcase>
  <testcase name="testDataAccessException1" classname="com.topcoder.timetracker.entry.time.DataAccessExceptionTests" time="0.0"></testcase>
  <testcase name="testDataAccessException2" classname="com.topcoder.timetracker.entry.time.DataAccessExceptionTests" time="0.0"></testcase>
  <testcase name="testDataAccessExceptionInheritance1" classname="com.topcoder.timetracker.entry.time.DataAccessExceptionTests" time="0.0"></testcase>
  <testcase name="testDataAccessExceptionInheritance2" classname="com.topcoder.timetracker.entry.time.DataAccessExceptionTests" time="0.0"></testcase>
  <testcase name="testGetFilterPrefix" classname="com.topcoder.timetracker.entry.time.StringMatchTypeTests" time="0.0"></testcase>
  <testcase name="testToString" classname="com.topcoder.timetracker.entry.time.StringMatchTypeTests" time="0.0"></testcase>
  <testcase name="testCtor" classname="com.topcoder.timetracker.entry.time.db.SqlTypeTests" time="0.0"></testcase>
  <testcase name="testGetType" classname="com.topcoder.timetracker.entry.time.db.SqlTypeTests" time="0.0"></testcase>
  <testcase name="testCtor" classname="com.topcoder.timetracker.entry.time.db.DbTaskTypeDAOTests" time="0.219"></testcase>
  <testcase name="testCreateTaskTypes" classname="com.topcoder.timetracker.entry.time.db.DbTaskTypeDAOTests" time="0.375"></testcase>
  <testcase name="testCreateTaskTypes_NullTimeEntries" classname="com.topcoder.timetracker.entry.time.db.DbTaskTypeDAOTests" time="0.218"></testcase>
  <testcase name="testCreateTaskTypes_EmptyTimeEntries" classname="com.topcoder.timetracker.entry.time.db.DbTaskTypeDAOTests" time="0.282"></testcase>
  <testcase name="testCreateTaskTypes_SameElement" classname="com.topcoder.timetracker.entry.time.db.DbTaskTypeDAOTests" time="0.265"></testcase>
  <testcase name="testCreateTaskTypes_NullInTimeEntries" classname="com.topcoder.timetracker.entry.time.db.DbTaskTypeDAOTests" time="0.235"></testcase>
  <testcase name="testCreateTaskTypes_TaskTypeWithIdSet" classname="com.topcoder.timetracker.entry.time.db.DbTaskTypeDAOTests" time="0.218"></testcase>
  <testcase name="testCreateTaskTypes_TaskTypeWithNullCreationUser" classname="com.topcoder.timetracker.entry.time.db.DbTaskTypeDAOTests" time="0.219"></testcase>
  <testcase name="testCreateTaskTypes_TaskTypeWithNullModificationUser" classname="com.topcoder.timetracker.entry.time.db.DbTaskTypeDAOTests" time="0.219"></testcase>
  <testcase name="testCreateTaskTypes_DataAccessException" classname="com.topcoder.timetracker.entry.time.db.DbTaskTypeDAOTests" time="0.344"></testcase>
  <testcase name="testUpdateTaskTypes" classname="com.topcoder.timetracker.entry.time.db.DbTaskTypeDAOTests" time="0.484"></testcase>
  <testcase name="testUpdateTaskTypes_NullTimeEntries" classname="com.topcoder.timetracker.entry.time.db.DbTaskTypeDAOTests" time="0.203"></testcase>
  <testcase name="testUpdateTaskTypes_EmptyTimeEntries" classname="com.topcoder.timetracker.entry.time.db.DbTaskTypeDAOTests" time="0.219"></testcase>
  <testcase name="testUpdateTaskTypes_SameTaskType" classname="com.topcoder.timetracker.entry.time.db.DbTaskTypeDAOTests" time="0.469"></testcase>
  <testcase name="testUpdateTaskTypes_NullInTimeEntries" classname="com.topcoder.timetracker.entry.time.db.DbTaskTypeDAOTests" time="0.297"></testcase>
  <testcase name="testUpdateTaskTypes_TaskTypeWithIdSet" classname="com.topcoder.timetracker.entry.time.db.DbTaskTypeDAOTests" time="0.296"></testcase>
  <testcase name="testUpdateTaskTypes_TaskTypeWithNullModificationUser" classname="com.topcoder.timetracker.entry.time.db.DbTaskTypeDAOTests" time="0.297"></testcase>
  <testcase name="testUpdateTaskTypes_DataAccessException" classname="com.topcoder.timetracker.entry.time.db.DbTaskTypeDAOTests" time="0.407"></testcase>
  <testcase name="testDeleteTaskTypes" classname="com.topcoder.timetracker.entry.time.db.DbTaskTypeDAOTests" time="0.765"></testcase>
  <testcase name="testDeleteTaskTypes_NullTaskTypeIds" classname="com.topcoder.timetracker.entry.time.db.DbTaskTypeDAOTests" time="0.219"></testcase>
  <testcase name="testDeleteTaskTypes_EmptyTaskTypeIds" classname="com.topcoder.timetracker.entry.time.db.DbTaskTypeDAOTests" time="0.203"></testcase>
  <testcase name="testDeleteTaskTypes_EqualTaskTypeId" classname="com.topcoder.timetracker.entry.time.db.DbTaskTypeDAOTests" time="0.297"></testcase>
  <testcase name="testDeleteTaskTypes_DataAccessException" classname="com.topcoder.timetracker.entry.time.db.DbTaskTypeDAOTests" time="0.375"></testcase>
  <testcase name="testGetTaskTypes" classname="com.topcoder.timetracker.entry.time.db.DbTaskTypeDAOTests" time="0.375"></testcase>
  <testcase name="testGetTaskTypes_NullTaskTypeIds" classname="com.topcoder.timetracker.entry.time.db.DbTaskTypeDAOTests" time="0.531"></testcase>
  <testcase name="testGetTaskTypes_DataAccessException" classname="com.topcoder.timetracker.entry.time.db.DbTaskTypeDAOTests" time="0.344"></testcase>
  <testcase name="testSearchTaskTypes" classname="com.topcoder.timetracker.entry.time.db.DbTaskTypeDAOTests" time="0.531"></testcase>
  <testcase name="testSearchTaskTypes_NullCriteria" classname="com.topcoder.timetracker.entry.time.db.DbTaskTypeDAOTests" time="0.219"></testcase>
  <testcase name="testSearchTaskTypes_DataAccessException" classname="com.topcoder.timetracker.entry.time.db.DbTaskTypeDAOTests" time="0.25"></testcase>
  <testcase name="testGetTaskTypeFilterFactory" classname="com.topcoder.timetracker.entry.time.db.DbTaskTypeDAOTests" time="0.219"></testcase>
  <testcase name="testGetAllTaskTypes" classname="com.topcoder.timetracker.entry.time.db.DbTaskTypeDAOTests" time="0.406"></testcase>
  <testcase name="testGetAllTaskTypes_DataAccessException" classname="com.topcoder.timetracker.entry.time.db.DbTaskTypeDAOTests" time="0.266"></testcase>
  <testcase name="testCtor_NullConnFactory" classname="com.topcoder.timetracker.entry.time.db.DbTaskTypeDAOTests" time="0.218"></testcase>
  <testcase name="testCtor_EmptyConnName" classname="com.topcoder.timetracker.entry.time.db.DbTaskTypeDAOTests" time="0.219"></testcase>
  <testcase name="testCtor_NullIdGen" classname="com.topcoder.timetracker.entry.time.db.DbTaskTypeDAOTests" time="0.219"></testcase>
  <testcase name="testCtor_EmptyIdGen" classname="com.topcoder.timetracker.entry.time.db.DbTaskTypeDAOTests" time="0.234"></testcase>
  <testcase name="testCtor_NullSearchStrategyNamespace" classname="com.topcoder.timetracker.entry.time.db.DbTaskTypeDAOTests" time="0.219"></testcase>
  <testcase name="testCtor_EmptySearchStrategyNamespace" classname="com.topcoder.timetracker.entry.time.db.DbTaskTypeDAOTests" time="0.219"></testcase>
  <testcase name="testCtor_NullAuditor" classname="com.topcoder.timetracker.entry.time.db.DbTaskTypeDAOTests" time="0.218"></testcase>
  <testcase name="testCtor1_ConfigurationException" classname="com.topcoder.timetracker.entry.time.db.DbTaskTypeDAOTests" time="0.219"></testcase>
  <testcase name="testCreateTaskTypes_TaskTypeWithNullCreationDate" classname="com.topcoder.timetracker.entry.time.db.DbTaskTypeDAOTests" time="0.219"></testcase>
  <testcase name="testCreateTaskTypes_TaskTypeWithNullModificationDate" classname="com.topcoder.timetracker.entry.time.db.DbTaskTypeDAOTests" time="0.219"></testcase>
  <testcase name="testUpdateTaskTypes_TaskTypeWithNullModificationDate" classname="com.topcoder.timetracker.entry.time.db.DbTaskTypeDAOTests" time="0.312"></testcase>
  <testcase name="testExtractBatchOperationException_DataAccessException" classname="com.topcoder.timetracker.entry.time.db.UtilTests" time="0.203"></testcase>
  <testcase name="testCheckStepResult" classname="com.topcoder.timetracker.entry.time.db.UtilTests" time="0.203"></testcase>
  <testcase name="testCheckStepResult_BatchOperationException" classname="com.topcoder.timetracker.entry.time.db.UtilTests" time="0.157"></testcase>
  <testcase name="testUpdateCauses" classname="com.topcoder.timetracker.entry.time.db.UtilTests" time="0.203"></testcase>
  <testcase name="testFinishBatchOperation" classname="com.topcoder.timetracker.entry.time.db.UtilTests" time="0.14"></testcase>
  <testcase name="testFinishBatchOperation_BatchOperationException" classname="com.topcoder.timetracker.entry.time.db.UtilTests" time="0.188"></testcase>
  <testcase name="testCheckNull_NotNullObject" classname="com.topcoder.timetracker.entry.time.db.UtilTests" time="0.219"></testcase>
  <testcase name="testCheckNull_NullObject" classname="com.topcoder.timetracker.entry.time.db.UtilTests" time="0.14"></testcase>
  <testcase name="testCheckString_NotNullNotEmptyString" classname="com.topcoder.timetracker.entry.time.db.UtilTests" time="0.203"></testcase>
  <testcase name="testCheckString_NullString" classname="com.topcoder.timetracker.entry.time.db.UtilTests" time="0.141"></testcase>
  <testcase name="testCheckString_EmptyString" classname="com.topcoder.timetracker.entry.time.db.UtilTests" time="0.203"></testcase>
  <testcase name="testCheckMapForKeys" classname="com.topcoder.timetracker.entry.time.db.UtilTests" time="0.141"></testcase>
  <testcase name="testCheckMapForKeys_NotContainKey" classname="com.topcoder.timetracker.entry.time.db.UtilTests" time="0.203"></testcase>
  <testcase name="testCreateFilter" classname="com.topcoder.timetracker.entry.time.db.UtilTests" time="0.141"></testcase>
  <testcase name="testCreateFilter_NullMatchType" classname="com.topcoder.timetracker.entry.time.db.UtilTests" time="0.187"></testcase>
  <testcase name="testUpdateTimeTrackerBeanDates" classname="com.topcoder.timetracker.entry.time.db.UtilTests" time="0.203"></testcase>
  <testcase name="testUpdateTimeTrackerBeanDates_NullBeans" classname="com.topcoder.timetracker.entry.time.db.UtilTests" time="0.219"></testcase>
  <testcase name="testUpdateTimeTrackerBeanDates_NullInBeans" classname="com.topcoder.timetracker.entry.time.db.UtilTests" time="0.172"></testcase>
  <testcase name="testCreateEJBLocalHome" classname="com.topcoder.timetracker.entry.time.db.UtilTests" time="0.187"></testcase>
  <testcase name="testCreateEJBLocalHome_NullNamespace" classname="com.topcoder.timetracker.entry.time.db.UtilTests" time="0.219"></testcase>
  <testcase name="testCreateEJBLocalHome_EmptyNamespace" classname="com.topcoder.timetracker.entry.time.db.UtilTests" time="0.141"></testcase>
  <testcase name="testCreateEJBLocalHome_UnknownNamespace" classname="com.topcoder.timetracker.entry.time.db.UtilTests" time="0.203"></testcase>
  <testcase name="testCreateEJBLocalHome_WrongClassType" classname="com.topcoder.timetracker.entry.time.db.UtilTests" time="0.14"></testcase>
  <testcase name="testCheckIdValue" classname="com.topcoder.timetracker.entry.time.db.UtilTests" time="0.204"></testcase>
  <testcase name="testCheckIdValue_Negative" classname="com.topcoder.timetracker.entry.time.db.UtilTests" time="0.14"></testcase>
  <testcase name="testCreateRangeFilter" classname="com.topcoder.timetracker.entry.time.db.UtilTests" time="0.203"></testcase>
  <testcase name="testCreateAuditDetail" classname="com.topcoder.timetracker.entry.time.db.UtilTests" time="0.219"></testcase>
  <testcase name="testCtor" classname="com.topcoder.timetracker.entry.time.db.DbTimeEntryFilterFactoryTests" time="0.0"></testcase>
  <testcase name="testCtor_NullColumnNames" classname="com.topcoder.timetracker.entry.time.db.DbTimeEntryFilterFactoryTests" time="0.0"></testcase>
  <testcase name="testCtor_EmptyKey" classname="com.topcoder.timetracker.entry.time.db.DbTimeEntryFilterFactoryTests" time="0.0"></testcase>
  <testcase name="testCtor_KeyNotString" classname="com.topcoder.timetracker.entry.time.db.DbTimeEntryFilterFactoryTests" time="0.0"></testcase>
  <testcase name="testCtor_MissSomeKey" classname="com.topcoder.timetracker.entry.time.db.DbTimeEntryFilterFactoryTests" time="0.0"></testcase>
  <testcase name="testCtor_EmptyValue" classname="com.topcoder.timetracker.entry.time.db.DbTimeEntryFilterFactoryTests" time="0.0"></testcase>
  <testcase name="testCtor_ValueNotString" classname="com.topcoder.timetracker.entry.time.db.DbTimeEntryFilterFactoryTests" time="0.0"></testcase>
  <testcase name="testCreateDescriptionFilter" classname="com.topcoder.timetracker.entry.time.db.DbTimeEntryFilterFactoryTests" time="0.0"></testcase>
  <testcase name="testCreateDescriptionFilter_NullDescription" classname="com.topcoder.timetracker.entry.time.db.DbTimeEntryFilterFactoryTests" time="0.0"></testcase>
  <testcase name="testCreateDescriptionFilter_EmptyDescription" classname="com.topcoder.timetracker.entry.time.db.DbTimeEntryFilterFactoryTests" time="0.0"></testcase>
  <testcase name="testCreateDescriptionFilter_NullMatchtype" classname="com.topcoder.timetracker.entry.time.db.DbTimeEntryFilterFactoryTests" time="0.0"></testcase>
  <testcase name="testCreateInvoiceIdFilter" classname="com.topcoder.timetracker.entry.time.db.DbTimeEntryFilterFactoryTests" time="0.0"></testcase>
  <testcase name="testCreateInvoiceIdFilter_Negative" classname="com.topcoder.timetracker.entry.time.db.DbTimeEntryFilterFactoryTests" time="0.0"></testcase>
  <testcase name="testCreateEntryDateFilter" classname="com.topcoder.timetracker.entry.time.db.DbTimeEntryFilterFactoryTests" time="0.0"></testcase>
  <testcase name="testCreateEntryDateFilter_NullRangeStart" classname="com.topcoder.timetracker.entry.time.db.DbTimeEntryFilterFactoryTests" time="0.016"></testcase>
  <testcase name="testCreateEntryDateFilter_NullRangeEnd" classname="com.topcoder.timetracker.entry.time.db.DbTimeEntryFilterFactoryTests" time="0.0"></testcase>
  <testcase name="testCreateEntryDateFilter_NullBothArguments" classname="com.topcoder.timetracker.entry.time.db.DbTimeEntryFilterFactoryTests" time="0.0"></testcase>
  <testcase name="testCreateEntryDateFilter_InvalidArguments" classname="com.topcoder.timetracker.entry.time.db.DbTimeEntryFilterFactoryTests" time="0.0"></testcase>
  <testcase name="testCreateHoursFilter" classname="com.topcoder.timetracker.entry.time.db.DbTimeEntryFilterFactoryTests" time="0.0"></testcase>
  <testcase name="testCreateHoursFilter_NaNRangeStart" classname="com.topcoder.timetracker.entry.time.db.DbTimeEntryFilterFactoryTests" time="0.0"></testcase>
  <testcase name="testCreateHoursFilter_NaNRangeEnd" classname="com.topcoder.timetracker.entry.time.db.DbTimeEntryFilterFactoryTests" time="0.0"></testcase>
  <testcase name="testCreateHoursFilter_BothNaN" classname="com.topcoder.timetracker.entry.time.db.DbTimeEntryFilterFactoryTests" time="0.0"></testcase>
  <testcase name="testCreateHoursFilter_Invalid" classname="com.topcoder.timetracker.entry.time.db.DbTimeEntryFilterFactoryTests" time="0.0"></testcase>
  <testcase name="testCreateTaskTypeFilter" classname="com.topcoder.timetracker.entry.time.db.DbTimeEntryFilterFactoryTests" time="0.0"></testcase>
  <testcase name="testCreateTaskTypeFilter_NullTaskType" classname="com.topcoder.timetracker.entry.time.db.DbTimeEntryFilterFactoryTests" time="0.0"></testcase>
  <testcase name="testCreateTimeStatusFilter" classname="com.topcoder.timetracker.entry.time.db.DbTimeEntryFilterFactoryTests" time="0.0"></testcase>
  <testcase name="testCreateTimeStatusFilter_NullTimeStatus" classname="com.topcoder.timetracker.entry.time.db.DbTimeEntryFilterFactoryTests" time="0.0"></testcase>
  <testcase name="testCreateBillableFilter" classname="com.topcoder.timetracker.entry.time.db.DbTimeEntryFilterFactoryTests" time="0.0"></testcase>
  <testcase name="testCreateRejectReasonFilter" classname="com.topcoder.timetracker.entry.time.db.DbTimeEntryFilterFactoryTests" time="0.0"></testcase>
  <testcase name="testCreateRejectReasonFilter_Negative" classname="com.topcoder.timetracker.entry.time.db.DbTimeEntryFilterFactoryTests" time="0.0"></testcase>
  <testcase name="testCreateCompanyIdFilter" classname="com.topcoder.timetracker.entry.time.db.DbTimeEntryFilterFactoryTests" time="0.0"></testcase>
  <testcase name="testCreateCompanyIdFilter_Negative" classname="com.topcoder.timetracker.entry.time.db.DbTimeEntryFilterFactoryTests" time="0.0"></testcase>
  <testcase name="testCtor" classname="com.topcoder.timetracker.entry.time.db.DbTimeEntryRejectReasonDAOTests" time="0.578"></testcase>
  <testcase name="testAddRejectReasonToEntry" classname="com.topcoder.timetracker.entry.time.db.DbTimeEntryRejectReasonDAOTests" time="0.547"></testcase>
  <testcase name="testAddRejectReasonToEntry_NullTimeEntry" classname="com.topcoder.timetracker.entry.time.db.DbTimeEntryRejectReasonDAOTests" time="0.406"></testcase>
  <testcase name="testAddRejectReasonToEntry_DataAccessException" classname="com.topcoder.timetracker.entry.time.db.DbTimeEntryRejectReasonDAOTests" time="0.453"></testcase>
  <testcase name="testRemoveRejectReasonFromEntry" classname="com.topcoder.timetracker.entry.time.db.DbTimeEntryRejectReasonDAOTests" time="0.609"></testcase>
  <testcase name="testRemoveRejectReasonFromEntry_NullTimeEntry" classname="com.topcoder.timetracker.entry.time.db.DbTimeEntryRejectReasonDAOTests" time="0.438"></testcase>
  <testcase name="testRemoveRejectReasonFromEntry_DataAccessException" classname="com.topcoder.timetracker.entry.time.db.DbTimeEntryRejectReasonDAOTests" time="0.531"></testcase>
  <testcase name="testGetAllRejectReasonsForEntry" classname="com.topcoder.timetracker.entry.time.db.DbTimeEntryRejectReasonDAOTests" time="0.406"></testcase>
  <testcase name="testGetAllRejectReasonsForEntry_DataAccessException" classname="com.topcoder.timetracker.entry.time.db.DbTimeEntryRejectReasonDAOTests" time="0.454"></testcase>
  <testcase name="testRemoveAllRejectReasonsFromEntry" classname="com.topcoder.timetracker.entry.time.db.DbTimeEntryRejectReasonDAOTests" time="0.765"></testcase>
  <testcase name="testRemoveAllRejectReasonsFromEntry_NullTimeEntry" classname="com.topcoder.timetracker.entry.time.db.DbTimeEntryRejectReasonDAOTests" time="0.391"></testcase>
  <testcase name="testRemoveAllRejectReasonsFromEntry_DataAccessException" classname="com.topcoder.timetracker.entry.time.db.DbTimeEntryRejectReasonDAOTests" time="0.484"></testcase>
  <testcase name="testCtor_NullConnFactory" classname="com.topcoder.timetracker.entry.time.db.DbTimeEntryRejectReasonDAOTests" time="0.344"></testcase>
  <testcase name="testCtor_EmptyConnName" classname="com.topcoder.timetracker.entry.time.db.DbTimeEntryRejectReasonDAOTests" time="0.406"></testcase>
  <testcase name="testCtor_NullConnName" classname="com.topcoder.timetracker.entry.time.db.DbTimeEntryRejectReasonDAOTests" time="0.406"></testcase>
  <testcase name="testCtor_NullAuditManager" classname="com.topcoder.timetracker.entry.time.db.DbTimeEntryRejectReasonDAOTests" time="0.407"></testcase>
  <testcase name="testCtor" classname="com.topcoder.timetracker.entry.time.db.DbBaseFilterFactoryTests" time="0.0"></testcase>
  <testcase name="testCtor_NullColumnNames" classname="com.topcoder.timetracker.entry.time.db.DbBaseFilterFactoryTests" time="0.0"></testcase>
  <testcase name="testCtor_EmptyKey" classname="com.topcoder.timetracker.entry.time.db.DbBaseFilterFactoryTests" time="0.0"></testcase>
  <testcase name="testCtor_KeyNotString" classname="com.topcoder.timetracker.entry.time.db.DbBaseFilterFactoryTests" time="0.0"></testcase>
  <testcase name="testCtor_MissSomeKey" classname="com.topcoder.timetracker.entry.time.db.DbBaseFilterFactoryTests" time="0.0"></testcase>
  <testcase name="testCtor_EmptyValue" classname="com.topcoder.timetracker.entry.time.db.DbBaseFilterFactoryTests" time="0.0"></testcase>
  <testcase name="testCtor_ValueNotString" classname="com.topcoder.timetracker.entry.time.db.DbBaseFilterFactoryTests" time="0.0"></testcase>
  <testcase name="testCreateCreationDateFilter" classname="com.topcoder.timetracker.entry.time.db.DbBaseFilterFactoryTests" time="0.0"></testcase>
  <testcase name="testCreateCreationDateFilter_NullRangeStart" classname="com.topcoder.timetracker.entry.time.db.DbBaseFilterFactoryTests" time="0.0"></testcase>
  <testcase name="testCreateCreationDateFilter_NullRangeEnd" classname="com.topcoder.timetracker.entry.time.db.DbBaseFilterFactoryTests" time="0.0"></testcase>
  <testcase name="testCreateCreationDateFilter_NullBothArguments" classname="com.topcoder.timetracker.entry.time.db.DbBaseFilterFactoryTests" time="0.0"></testcase>
  <testcase name="testCreateCreationDateFilter_InvalidArguments" classname="com.topcoder.timetracker.entry.time.db.DbBaseFilterFactoryTests" time="0.0"></testcase>
  <testcase name="testCreateModificationDateFilter" classname="com.topcoder.timetracker.entry.time.db.DbBaseFilterFactoryTests" time="0.0"></testcase>
  <testcase name="testCreateModificationDateFilter_NullRangeStart" classname="com.topcoder.timetracker.entry.time.db.DbBaseFilterFactoryTests" time="0.0"></testcase>
  <testcase name="testCreateModificationDateFilter_NullRangeEnd" classname="com.topcoder.timetracker.entry.time.db.DbBaseFilterFactoryTests" time="0.0"></testcase>
  <testcase name="testCreateModificationDateFilter_NullBothArguments" classname="com.topcoder.timetracker.entry.time.db.DbBaseFilterFactoryTests" time="0.0"></testcase>
  <testcase name="testCreateModificationDateFilter_InvalidArguments" classname="com.topcoder.timetracker.entry.time.db.DbBaseFilterFactoryTests" time="0.0"></testcase>
  <testcase name="testCreateCreationUserFilter" classname="com.topcoder.timetracker.entry.time.db.DbBaseFilterFactoryTests" time="0.015"></testcase>
  <testcase name="testCreateCreationUserFilter_NullMatchType" classname="com.topcoder.timetracker.entry.time.db.DbBaseFilterFactoryTests" time="0.0"></testcase>
  <testcase name="testCreateCreationUserFilter_NullUsername" classname="com.topcoder.timetracker.entry.time.db.DbBaseFilterFactoryTests" time="0.0"></testcase>
  <testcase name="testCreateCreationUserFilter_EmptyUsername" classname="com.topcoder.timetracker.entry.time.db.DbBaseFilterFactoryTests" time="0.0"></testcase>
  <testcase name="testCreateModificationUserFilter" classname="com.topcoder.timetracker.entry.time.db.DbBaseFilterFactoryTests" time="0.0"></testcase>
  <testcase name="testCreateModificationUserFilter_NullMatchType" classname="com.topcoder.timetracker.entry.time.db.DbBaseFilterFactoryTests" time="0.0"></testcase>
  <testcase name="testCreateModificationUserFilter_NullUsername" classname="com.topcoder.timetracker.entry.time.db.DbBaseFilterFactoryTests" time="0.0"></testcase>
  <testcase name="testCreateModificationUserFilter_EmptyUsername" classname="com.topcoder.timetracker.entry.time.db.DbBaseFilterFactoryTests" time="0.0"></testcase>
  <testcase name="testGetColumnNames" classname="com.topcoder.timetracker.entry.time.db.DbBaseFilterFactoryTests" time="0.0"></testcase>
  <testcase name="testCtor" classname="com.topcoder.timetracker.entry.time.db.DbTaskTypeFilterFactoryTests" time="0.0"></testcase>
  <testcase name="testCtor_NullColumnNames" classname="com.topcoder.timetracker.entry.time.db.DbTaskTypeFilterFactoryTests" time="0.0"></testcase>
  <testcase name="testCtor_EmptyKey" classname="com.topcoder.timetracker.entry.time.db.DbTaskTypeFilterFactoryTests" time="0.0"></testcase>
  <testcase name="testCtor_KeyNotString" classname="com.topcoder.timetracker.entry.time.db.DbTaskTypeFilterFactoryTests" time="0.0"></testcase>
  <testcase name="testCtor_MissSomeKey" classname="com.topcoder.timetracker.entry.time.db.DbTaskTypeFilterFactoryTests" time="0.0"></testcase>
  <testcase name="testCtor_EmptyValue" classname="com.topcoder.timetracker.entry.time.db.DbTaskTypeFilterFactoryTests" time="0.0"></testcase>
  <testcase name="testCtor_ValueNotString" classname="com.topcoder.timetracker.entry.time.db.DbTaskTypeFilterFactoryTests" time="0.0"></testcase>
  <testcase name="testCreateDescriptionFilter" classname="com.topcoder.timetracker.entry.time.db.DbTaskTypeFilterFactoryTests" time="0.0"></testcase>
  <testcase name="testCreateDescriptionFilter_NullDescription" classname="com.topcoder.timetracker.entry.time.db.DbTaskTypeFilterFactoryTests" time="0.0"></testcase>
  <testcase name="testCreateDescriptionFilter_EmptyDescription" classname="com.topcoder.timetracker.entry.time.db.DbTaskTypeFilterFactoryTests" time="0.0"></testcase>
  <testcase name="testCreateCompanyIdFilter" classname="com.topcoder.timetracker.entry.time.db.DbTaskTypeFilterFactoryTests" time="0.0"></testcase>
  <testcase name="testCreateCompanyIdFilter_Negative" classname="com.topcoder.timetracker.entry.time.db.DbTaskTypeFilterFactoryTests" time="0.0"></testcase>
  <testcase name="testCreateDescriptionFilter_NullMatchType" classname="com.topcoder.timetracker.entry.time.db.DbTaskTypeFilterFactoryTests" time="0.0"></testcase>
  <testcase name="testCreateActiveFilter" classname="com.topcoder.timetracker.entry.time.db.DbTaskTypeFilterFactoryTests" time="0.0"></testcase>
  <testcase name="testCtor" classname="com.topcoder.timetracker.entry.time.db.DbTimeStatusDAOTests" time="0.157"></testcase>
  <testcase name="testCreateTimeStatuses" classname="com.topcoder.timetracker.entry.time.db.DbTimeStatusDAOTests" time="0.296"></testcase>
  <testcase name="testCreateTimeStatuses_NullTimeEntries" classname="com.topcoder.timetracker.entry.time.db.DbTimeStatusDAOTests" time="0.219"></testcase>
  <testcase name="testCreateTimeStatuses_EmptyTimeEntries" classname="com.topcoder.timetracker.entry.time.db.DbTimeStatusDAOTests" time="0.219"></testcase>
  <testcase name="testCreateTimeStatuses_SameElement" classname="com.topcoder.timetracker.entry.time.db.DbTimeStatusDAOTests" time="0.219"></testcase>
  <testcase name="testCreateTimeStatuses_NullInTimeEntries" classname="com.topcoder.timetracker.entry.time.db.DbTimeStatusDAOTests" time="0.172"></testcase>
  <testcase name="testCreateTimeStatuses_TimeStatusWithIdSet" classname="com.topcoder.timetracker.entry.time.db.DbTimeStatusDAOTests" time="0.203"></testcase>
  <testcase name="testCreateTimeStatuses_TimeStatusWithNullCreationUser" classname="com.topcoder.timetracker.entry.time.db.DbTimeStatusDAOTests" time="0.234"></testcase>
  <testcase name="testCreateTimeStatuses_TimeStatusWithNullModificationUser" classname="com.topcoder.timetracker.entry.time.db.DbTimeStatusDAOTests" time="0.219"></testcase>
  <testcase name="testCreateTimeStatuses_DataAccessException" classname="com.topcoder.timetracker.entry.time.db.DbTimeStatusDAOTests" time="0.219"></testcase>
  <testcase name="testUpdateTimeStatuses" classname="com.topcoder.timetracker.entry.time.db.DbTimeStatusDAOTests" time="0.375"></testcase>
  <testcase name="testUpdateTimeStatuses_NullTimeEntries" classname="com.topcoder.timetracker.entry.time.db.DbTimeStatusDAOTests" time="0.218"></testcase>
  <testcase name="testUpdateTimeStatuses_EmptyTimeEntries" classname="com.topcoder.timetracker.entry.time.db.DbTimeStatusDAOTests" time="0.235"></testcase>
  <testcase name="testUpdateTimeStatuses_SameTimeStatus" classname="com.topcoder.timetracker.entry.time.db.DbTimeStatusDAOTests" time="0.218"></testcase>
  <testcase name="testUpdateTimeStatuses_NullInTimeEntries" classname="com.topcoder.timetracker.entry.time.db.DbTimeStatusDAOTests" time="0.266"></testcase>
  <testcase name="testUpdateTimeStatuses_TimeStatusWithIdSet" classname="com.topcoder.timetracker.entry.time.db.DbTimeStatusDAOTests" time="0.281"></testcase>
  <testcase name="testUpdateTimeStatuses_TimeStatusWithNullModificationUser" classname="com.topcoder.timetracker.entry.time.db.DbTimeStatusDAOTests" time="0.266"></testcase>
  <testcase name="testUpdateTimeStatuses_DataAccessException" classname="com.topcoder.timetracker.entry.time.db.DbTimeStatusDAOTests" time="0.344"></testcase>
  <testcase name="testDeleteTimeStatuses" classname="com.topcoder.timetracker.entry.time.db.DbTimeStatusDAOTests" time="0.343"></testcase>
  <testcase name="testDeleteTimeStatuses_NullTimeStatusIds" classname="com.topcoder.timetracker.entry.time.db.DbTimeStatusDAOTests" time="0.219"></testcase>
  <testcase name="testDeleteTimeStatuses_EmptyTimeStatusIds" classname="com.topcoder.timetracker.entry.time.db.DbTimeStatusDAOTests" time="0.219"></testcase>
  <testcase name="testDeleteTimeStatuses_EqualTimeStatusId" classname="com.topcoder.timetracker.entry.time.db.DbTimeStatusDAOTests" time="0.203"></testcase>
  <testcase name="testDeleteTimeStatuses_DataAccessException" classname="com.topcoder.timetracker.entry.time.db.DbTimeStatusDAOTests" time="0.313"></testcase>
  <testcase name="testGetTimeStatuses" classname="com.topcoder.timetracker.entry.time.db.DbTimeStatusDAOTests" time="0.312"></testcase>
  <testcase name="testGetTimeStatuses_NullTimeStatusIds" classname="com.topcoder.timetracker.entry.time.db.DbTimeStatusDAOTests" time="0.219"></testcase>
  <testcase name="testGetTimeStatuses_DataAccessException" classname="com.topcoder.timetracker.entry.time.db.DbTimeStatusDAOTests" time="0.297"></testcase>
  <testcase name="testSearchTimeStatuses" classname="com.topcoder.timetracker.entry.time.db.DbTimeStatusDAOTests" time="0.343"></testcase>
  <testcase name="testSearchTimeStatuses_NullCriteria" classname="com.topcoder.timetracker.entry.time.db.DbTimeStatusDAOTests" time="0.891"></testcase>
  <testcase name="testSearchTimeStatuses_DataAccessException" classname="com.topcoder.timetracker.entry.time.db.DbTimeStatusDAOTests" time="0.281"></testcase>
  <testcase name="testGetTimeStatusFilterFactory" classname="com.topcoder.timetracker.entry.time.db.DbTimeStatusDAOTests" time="0.219"></testcase>
  <testcase name="testGetAllTimeStatuses" classname="com.topcoder.timetracker.entry.time.db.DbTimeStatusDAOTests" time="0.391"></testcase>
  <testcase name="testGetAllTimeStatuses_DataAccessException" classname="com.topcoder.timetracker.entry.time.db.DbTimeStatusDAOTests" time="0.281"></testcase>
  <testcase name="testCtor_NullConnFactory" classname="com.topcoder.timetracker.entry.time.db.DbTimeStatusDAOTests" time="0.234"></testcase>
  <testcase name="testCtor_EmptyConnName" classname="com.topcoder.timetracker.entry.time.db.DbTimeStatusDAOTests" time="0.172"></testcase>
  <testcase name="testCtor_NullIdGen" classname="com.topcoder.timetracker.entry.time.db.DbTimeStatusDAOTests" time="0.219"></testcase>
  <testcase name="testCtor_EmptyIdGen" classname="com.topcoder.timetracker.entry.time.db.DbTimeStatusDAOTests" time="0.297"></testcase>
  <testcase name="testCtor_NullSearchStrategyNamespace" classname="com.topcoder.timetracker.entry.time.db.DbTimeStatusDAOTests" time="0.187"></testcase>
  <testcase name="testCtor_EmptySearchStrategyNamespace" classname="com.topcoder.timetracker.entry.time.db.DbTimeStatusDAOTests" time="0.219"></testcase>
  <testcase name="testCtor_NullAuditor" classname="com.topcoder.timetracker.entry.time.db.DbTimeStatusDAOTests" time="0.219"></testcase>
  <testcase name="testCtor1_ConfigurationException" classname="com.topcoder.timetracker.entry.time.db.DbTimeStatusDAOTests" time="0.234"></testcase>
  <testcase name="testCtor_NullConnName" classname="com.topcoder.timetracker.entry.time.db.DbTimeStatusDAOTests" time="0.156"></testcase>
  <testcase name="testCreateTimeStatuses_TimeStatusWithNullCreationDate" classname="com.topcoder.timetracker.entry.time.db.DbTimeStatusDAOTests" time="0.235"></testcase>
  <testcase name="testCreateTimeStatuses_TimeStatusWithNullModificationDate" classname="com.topcoder.timetracker.entry.time.db.DbTimeStatusDAOTests" time="0.219"></testcase>
  <testcase name="testUpdateTimeStatuses_TimeStatusWithNullModificationDate" classname="com.topcoder.timetracker.entry.time.db.DbTimeStatusDAOTests" time="0.25"></testcase>
  <testcase name="testCtor" classname="com.topcoder.timetracker.entry.time.db.DbTimeEntryDAOTests" time="0.234"></testcase>
  <testcase name="testCtor_NullTimeStatusDao" classname="com.topcoder.timetracker.entry.time.db.DbTimeEntryDAOTests" time="0.266"></testcase>
  <testcase name="testCreateTimeEntries" classname="com.topcoder.timetracker.entry.time.db.DbTimeEntryDAOTests" time="0.734"></testcase>
  <testcase name="testCreateTimeEntries_NullTimeEntries" classname="com.topcoder.timetracker.entry.time.db.DbTimeEntryDAOTests" time="0.234"></testcase>
  <testcase name="testCreateTimeEntries_EmptyTimeEntries" classname="com.topcoder.timetracker.entry.time.db.DbTimeEntryDAOTests" time="0.235"></testcase>
  <testcase name="testCreateTimeEntries_SameElement" classname="com.topcoder.timetracker.entry.time.db.DbTimeEntryDAOTests" time="0.234"></testcase>
  <testcase name="testCreateTimeEntries_NullInTimeEntries" classname="com.topcoder.timetracker.entry.time.db.DbTimeEntryDAOTests" time="0.234"></testcase>
  <testcase name="testCreateTimeEntries_TimeEntryWithIdSet" classname="com.topcoder.timetracker.entry.time.db.DbTimeEntryDAOTests" time="0.454"></testcase>
  <testcase name="testCreateTimeEntries_TimeEntryWithNullCreationUser" classname="com.topcoder.timetracker.entry.time.db.DbTimeEntryDAOTests" time="0.25"></testcase>
  <testcase name="testCreateTimeEntries_TimeEntryWithNullModificationUser" classname="com.topcoder.timetracker.entry.time.db.DbTimeEntryDAOTests" time="0.234"></testcase>
  <testcase name="testCreateTimeEntries_TimeEntryWithNullDate" classname="com.topcoder.timetracker.entry.time.db.DbTimeEntryDAOTests" time="0.219"></testcase>
  <testcase name="testCreateTimeEntries_DataAccessException" classname="com.topcoder.timetracker.entry.time.db.DbTimeEntryDAOTests" time="0.453"></testcase>
  <testcase name="testUpdateTimeEntries" classname="com.topcoder.timetracker.entry.time.db.DbTimeEntryDAOTests" time="1.031"></testcase>
  <testcase name="testUpdateTimeEntries_NullTimeEntries" classname="com.topcoder.timetracker.entry.time.db.DbTimeEntryDAOTests" time="0.234"></testcase>
  <testcase name="testUpdateTimeEntries_EmptyTimeEntries" classname="com.topcoder.timetracker.entry.time.db.DbTimeEntryDAOTests" time="0.235"></testcase>
  <testcase name="testUpdateTimeEntries_SameTimeEntry" classname="com.topcoder.timetracker.entry.time.db.DbTimeEntryDAOTests" time="0.422"></testcase>
  <testcase name="testUpdateTimeEntries_NullInTimeEntries" classname="com.topcoder.timetracker.entry.time.db.DbTimeEntryDAOTests" time="0.39"></testcase>
  <testcase name="testUpdateTimeEntries_TimeEntryWithIdSet" classname="com.topcoder.timetracker.entry.time.db.DbTimeEntryDAOTests" time="0.391"></testcase>
  <testcase name="testUpdateTimeEntries_TimeEntryWithNullModificationUser" classname="com.topcoder.timetracker.entry.time.db.DbTimeEntryDAOTests" time="0.422"></testcase>
  <testcase name="testUpdateTimeEntries_TimeEntryWithNullDate" classname="com.topcoder.timetracker.entry.time.db.DbTimeEntryDAOTests" time="0.375"></testcase>
  <testcase name="testUpdateTimeEntries_BatchOperationException" classname="com.topcoder.timetracker.entry.time.db.DbTimeEntryDAOTests" time="0.531"></testcase>
  <testcase name="testUpdateTimeEntries_DataAccessException" classname="com.topcoder.timetracker.entry.time.db.DbTimeEntryDAOTests" time="0.484"></testcase>
  <testcase name="testDeleteTimeEntries" classname="com.topcoder.timetracker.entry.time.db.DbTimeEntryDAOTests" time="0.907"></testcase>
  <testcase name="testDeleteTimeEntries_NullTimeEntryIds" classname="com.topcoder.timetracker.entry.time.db.DbTimeEntryDAOTests" time="0.234"></testcase>
  <testcase name="testDeleteTimeEntries_EmptyTimeEntryIds" classname="com.topcoder.timetracker.entry.time.db.DbTimeEntryDAOTests" time="0.234"></testcase>
  <testcase name="testDeleteTimeEntries_EqualTimeEntryId" classname="com.topcoder.timetracker.entry.time.db.DbTimeEntryDAOTests" time="0.438"></testcase>
  <testcase name="testDeleteTimeEntries_BatchOperationException" classname="com.topcoder.timetracker.entry.time.db.DbTimeEntryDAOTests" time="0.594"></testcase>
  <testcase name="testDeleteTimeEntries_DataAccessException" classname="com.topcoder.timetracker.entry.time.db.DbTimeEntryDAOTests" time="0.562"></testcase>
  <testcase name="testGetTimeEntries" classname="com.topcoder.timetracker.entry.time.db.DbTimeEntryDAOTests" time="1.36"></testcase>
  <testcase name="testGetTimeEntries_NullTimeEntryIds" classname="com.topcoder.timetracker.entry.time.db.DbTimeEntryDAOTests" time="0.265"></testcase>
  <testcase name="testGetTimeEntries_BatchOperationException" classname="com.topcoder.timetracker.entry.time.db.DbTimeEntryDAOTests" time="0.563"></testcase>
  <testcase name="testGetTimeEntries_DataAccessException" classname="com.topcoder.timetracker.entry.time.db.DbTimeEntryDAOTests" time="0.5"></testcase>
  <testcase name="testSearchTimeEntries" classname="com.topcoder.timetracker.entry.time.db.DbTimeEntryDAOTests" time="1.406"></testcase>
  <testcase name="testSearchTimeEntries_NullFilter" classname="com.topcoder.timetracker.entry.time.db.DbTimeEntryDAOTests" time="0.234"></testcase>
  <testcase name="testSearchTimeEntries_DataAccessException" classname="com.topcoder.timetracker.entry.time.db.DbTimeEntryDAOTests" time="0.266"></testcase>
  <testcase name="testGetAllTimeEntries" classname="com.topcoder.timetracker.entry.time.db.DbTimeEntryDAOTests" time="0.828"></testcase>
  <testcase name="testGetAllTimeEntries_DataAccessException" classname="com.topcoder.timetracker.entry.time.db.DbTimeEntryDAOTests" time="0.313"></testcase>
  <testcase name="testGetTimeEntryFilterFactory" classname="com.topcoder.timetracker.entry.time.db.DbTimeEntryDAOTests" time="0.234"></testcase>
  <testcase name="testCtor_NullConnFactory" classname="com.topcoder.timetracker.entry.time.db.DbTimeEntryDAOTests" time="0.234"></testcase>
  <testcase name="testCtor_EmptyConnName" classname="com.topcoder.timetracker.entry.time.db.DbTimeEntryDAOTests" time="0.235"></testcase>
  <testcase name="testCtor_NullIdGen" classname="com.topcoder.timetracker.entry.time.db.DbTimeEntryDAOTests" time="0.25"></testcase>
  <testcase name="testCtor_EmptyIdGen" classname="com.topcoder.timetracker.entry.time.db.DbTimeEntryDAOTests" time="0.265"></testcase>
  <testcase name="testCtor_NullSearchStrategyNamespace" classname="com.topcoder.timetracker.entry.time.db.DbTimeEntryDAOTests" time="0.282"></testcase>
  <testcase name="testCtor_EmptySearchStrategyNamespace" classname="com.topcoder.timetracker.entry.time.db.DbTimeEntryDAOTests" time="0.218"></testcase>
  <testcase name="testCtor_NullAuditor" classname="com.topcoder.timetracker.entry.time.db.DbTimeEntryDAOTests" time="0.235"></testcase>
  <testcase name="testCtor_NullConnName" classname="com.topcoder.timetracker.entry.time.db.DbTimeEntryDAOTests" time="0.234"></testcase>
  <testcase name="testCtor_NullTaskTypeDao" classname="com.topcoder.timetracker.entry.time.db.DbTimeEntryDAOTests" time="0.234"></testcase>
  <testcase name="testCtor_ConfigurationException" classname="com.topcoder.timetracker.entry.time.db.DbTimeEntryDAOTests" time="0.172"></testcase>
  <testcase name="testCreateTimeEntries_TimeEntryWithNullCreationDate" classname="com.topcoder.timetracker.entry.time.db.DbTimeEntryDAOTests" time="0.219"></testcase>
  <testcase name="testCreateTimeEntries_TimeEntryWithNullModificationDate" classname="com.topcoder.timetracker.entry.time.db.DbTimeEntryDAOTests" time="0.234"></testcase>
  <testcase name="testUpdateTimeEntries_TimeEntryWithNullModificationDate" classname="com.topcoder.timetracker.entry.time.db.DbTimeEntryDAOTests" time="0.422"></testcase>
  <testcase name="testSearchTimeEntries2" classname="com.topcoder.timetracker.entry.time.db.DbTimeEntryDAOTests" time="0.516"></testcase>
  <testcase name="testCtor" classname="com.topcoder.timetracker.entry.time.db.BaseDAOTests" time="0.234"></testcase>
  <testcase name="testCtor_NullConnFactory" classname="com.topcoder.timetracker.entry.time.db.BaseDAOTests" time="0.157"></testcase>
  <testcase name="testCtor_EmptyConnName" classname="com.topcoder.timetracker.entry.time.db.BaseDAOTests" time="0.234"></testcase>
  <testcase name="testCtor_EmptyIdGen" classname="com.topcoder.timetracker.entry.time.db.BaseDAOTests" time="0.219"></testcase>
  <testcase name="testCtor_NullSearchStrategyNamespace" classname="com.topcoder.timetracker.entry.time.db.BaseDAOTests" time="0.234"></testcase>
  <testcase name="testCtor_EmptySearchStrategyNamespace" classname="com.topcoder.timetracker.entry.time.db.BaseDAOTests" time="0.156"></testcase>
  <testcase name="testCtor_NullAuditor" classname="com.topcoder.timetracker.entry.time.db.BaseDAOTests" time="0.25"></testcase>
  <testcase name="testCtor_NullConnName" classname="com.topcoder.timetracker.entry.time.db.BaseDAOTests" time="0.25"></testcase>
  <testcase name="testCtor_ConfigurationException" classname="com.topcoder.timetracker.entry.time.db.BaseDAOTests" time="0.235"></testcase>
  <testcase name="testCtor_UnknownIdGen" classname="com.topcoder.timetracker.entry.time.db.BaseDAOTests" time="0.25"></testcase>
  <testcase name="testGetAuditManager" classname="com.topcoder.timetracker.entry.time.db.BaseDAOTests" time="0.234"></testcase>
  <testcase name="testGetSearchStrategy" classname="com.topcoder.timetracker.entry.time.db.BaseDAOTests" time="0.172"></testcase>
  <testcase name="testGetNextId" classname="com.topcoder.timetracker.entry.time.db.BaseDAOTests" time="0.203"></testcase>
  <testcase name="testGetNextId_DataAccessException" classname="com.topcoder.timetracker.entry.time.db.BaseDAOTests" time="0.234"></testcase>
  <testcase name="testGetConnection" classname="com.topcoder.timetracker.entry.time.db.BaseDAOTests" time="0.204"></testcase>
  <testcase name="testGetConnection_DataAccessException" classname="com.topcoder.timetracker.entry.time.db.BaseDAOTests" time="0.234"></testcase>
  <testcase name="testCtor" classname="com.topcoder.timetracker.entry.time.db.DbTimeStatusFilterFactoryTests" time="0.0"></testcase>
  <testcase name="testCtor_NullColumnNames" classname="com.topcoder.timetracker.entry.time.db.DbTimeStatusFilterFactoryTests" time="0.0"></testcase>
  <testcase name="testCtor_EmptyKey" classname="com.topcoder.timetracker.entry.time.db.DbTimeStatusFilterFactoryTests" time="0.0"></testcase>
  <testcase name="testCtor_KeyNotString" classname="com.topcoder.timetracker.entry.time.db.DbTimeStatusFilterFactoryTests" time="0.0"></testcase>
  <testcase name="testCtor_MissSomeKey" classname="com.topcoder.timetracker.entry.time.db.DbTimeStatusFilterFactoryTests" time="0.0"></testcase>
  <testcase name="testCtor_EmptyValue" classname="com.topcoder.timetracker.entry.time.db.DbTimeStatusFilterFactoryTests" time="0.0"></testcase>
  <testcase name="testCtor_ValueNotString" classname="com.topcoder.timetracker.entry.time.db.DbTimeStatusFilterFactoryTests" time="0.0"></testcase>
  <testcase name="testCreateDescriptionFilter" classname="com.topcoder.timetracker.entry.time.db.DbTimeStatusFilterFactoryTests" time="0.0"></testcase>
  <testcase name="testCreateDescriptionFilter_NullDescription" classname="com.topcoder.timetracker.entry.time.db.DbTimeStatusFilterFactoryTests" time="0.0"></testcase>
  <testcase name="testCreateDescriptionFilter_EmptyDescription" classname="com.topcoder.timetracker.entry.time.db.DbTimeStatusFilterFactoryTests" time="0.0"></testcase>
  <testcase name="testCreateDescriptionFilter_NullMatchType" classname="com.topcoder.timetracker.entry.time.db.DbTimeStatusFilterFactoryTests" time="0.0"></testcase>
  <testcase name="testCtor" classname="com.topcoder.timetracker.entry.time.ejb.TimeEntryManagerSessionBeanTests" time="0.172"></testcase>
  <testcase name="testAddRejectReasonToEntry" classname="com.topcoder.timetracker.entry.time.ejb.TimeEntryManagerSessionBeanTests" time="0.797"></testcase>
  <testcase name="testAddRejectReasonToEntry_NullTimeEntry" classname="com.topcoder.timetracker.entry.time.ejb.TimeEntryManagerSessionBeanTests" time="0.172"></testcase>
  <testcase name="testRemoveRejectReasonFromEntry" classname="com.topcoder.timetracker.entry.time.ejb.TimeEntryManagerSessionBeanTests" time="0.937"></testcase>
  <testcase name="testRemoveRejectReasonFromEntry_NullTimeEntry" classname="com.topcoder.timetracker.entry.time.ejb.TimeEntryManagerSessionBeanTests" time="0.156"></testcase>
  <testcase name="testGetAllRejectReasonsForEntry" classname="com.topcoder.timetracker.entry.time.ejb.TimeEntryManagerSessionBeanTests" time="0.578"></testcase>
  <testcase name="testRemoveAllRejectReasonsFromEntry" classname="com.topcoder.timetracker.entry.time.ejb.TimeEntryManagerSessionBeanTests" time="1.391"></testcase>
  <testcase name="testRemoveAllRejectReasonsFromEntry_NullTimeEntry" classname="com.topcoder.timetracker.entry.time.ejb.TimeEntryManagerSessionBeanTests" time="0.219"></testcase>
  <testcase name="testCreateTimeEntry" classname="com.topcoder.timetracker.entry.time.ejb.TimeEntryManagerSessionBeanTests" time="0.578"></testcase>
  <testcase name="testCreateTimeEntry_NullEntry" classname="com.topcoder.timetracker.entry.time.ejb.TimeEntryManagerSessionBeanTests" time="0.203"></testcase>
  <testcase name="testUpdateTimeEntry" classname="com.topcoder.timetracker.entry.time.ejb.TimeEntryManagerSessionBeanTests" time="0.625"></testcase>
  <testcase name="testUpdateTimeEntry_NullEntry" classname="com.topcoder.timetracker.entry.time.ejb.TimeEntryManagerSessionBeanTests" time="0.203"></testcase>
  <testcase name="testUpdateTimeEntry_UnrecognizedEntityException" classname="com.topcoder.timetracker.entry.time.ejb.TimeEntryManagerSessionBeanTests" time="0.203"></testcase>
  <testcase name="testDeleteTimeEntry" classname="com.topcoder.timetracker.entry.time.ejb.TimeEntryManagerSessionBeanTests" time="0.688"></testcase>
  <testcase name="testDeleteTimeEntry_UnrecognizedEntityException" classname="com.topcoder.timetracker.entry.time.ejb.TimeEntryManagerSessionBeanTests" time="0.187"></testcase>
  <testcase name="testGetTimeEntry" classname="com.topcoder.timetracker.entry.time.ejb.TimeEntryManagerSessionBeanTests" time="0.578"></testcase>
  <testcase name="testGetTimeEntry_UnrecognizedEntityException" classname="com.topcoder.timetracker.entry.time.ejb.TimeEntryManagerSessionBeanTests" time="0.204"></testcase>
  <testcase name="testCreateTimeEntries" classname="com.topcoder.timetracker.entry.time.ejb.TimeEntryManagerSessionBeanTests" time="0.843"></testcase>
  <testcase name="testCreateTimeEntries_NullTimeEntries" classname="com.topcoder.timetracker.entry.time.ejb.TimeEntryManagerSessionBeanTests" time="0.141"></testcase>
  <testcase name="testCreateTimeEntries_EmptyTimeEntries" classname="com.topcoder.timetracker.entry.time.ejb.TimeEntryManagerSessionBeanTests" time="0.219"></testcase>
  <testcase name="testCreateTimeEntries_SameElement" classname="com.topcoder.timetracker.entry.time.ejb.TimeEntryManagerSessionBeanTests" time="0.14"></testcase>
  <testcase name="testCreateTimeEntries_NullInTimeEntries" classname="com.topcoder.timetracker.entry.time.ejb.TimeEntryManagerSessionBeanTests" time="0.203"></testcase>
  <testcase name="testCreateTimeEntries_TimeEntryWithIdSet" classname="com.topcoder.timetracker.entry.time.ejb.TimeEntryManagerSessionBeanTests" time="0.172"></testcase>
  <testcase name="testCreateTimeEntries_TimeEntryWithNullCreationUser" classname="com.topcoder.timetracker.entry.time.ejb.TimeEntryManagerSessionBeanTests" time="0.25"></testcase>
  <testcase name="testCreateTimeEntries_TimeEntryWithNullModificationUser" classname="com.topcoder.timetracker.entry.time.ejb.TimeEntryManagerSessionBeanTests" time="0.141"></testcase>
  <testcase name="testCreateTimeEntries_TimeEntryWithNullDate" classname="com.topcoder.timetracker.entry.time.ejb.TimeEntryManagerSessionBeanTests" time="0.203"></testcase>
  <testcase name="testUpdateTimeEntries" classname="com.topcoder.timetracker.entry.time.ejb.TimeEntryManagerSessionBeanTests" time="0.938"></testcase>
  <testcase name="testUpdateTimeEntries_NullTimeEntries" classname="com.topcoder.timetracker.entry.time.ejb.TimeEntryManagerSessionBeanTests" time="0.203"></testcase>
  <testcase name="testUpdateTimeEntries_EmptyTimeEntries" classname="com.topcoder.timetracker.entry.time.ejb.TimeEntryManagerSessionBeanTests" time="0.156"></testcase>
  <testcase name="testUpdateTimeEntries_SameTimeEntry" classname="com.topcoder.timetracker.entry.time.ejb.TimeEntryManagerSessionBeanTests" time="0.406"></testcase>
  <testcase name="testUpdateTimeEntries_NullInTimeEntries" classname="com.topcoder.timetracker.entry.time.ejb.TimeEntryManagerSessionBeanTests" time="0.375"></testcase>
  <testcase name="testUpdateTimeEntries_TimeEntryWithIdSet" classname="com.topcoder.timetracker.entry.time.ejb.TimeEntryManagerSessionBeanTests" time="0.391"></testcase>
  <testcase name="testUpdateTimeEntries_TimeEntryWithNullModificationUser" classname="com.topcoder.timetracker.entry.time.ejb.TimeEntryManagerSessionBeanTests" time="0.375"></testcase>
  <testcase name="testUpdateTimeEntries_TimeEntryWithNullDate" classname="com.topcoder.timetracker.entry.time.ejb.TimeEntryManagerSessionBeanTests" time="0.469"></testcase>
  <testcase name="testUpdateTimeEntries_BatchOperationException" classname="com.topcoder.timetracker.entry.time.ejb.TimeEntryManagerSessionBeanTests" time="0.484"></testcase>
  <testcase name="testDeleteTimeEntries" classname="com.topcoder.timetracker.entry.time.ejb.TimeEntryManagerSessionBeanTests" time="0.906"></testcase>
  <testcase name="testDeleteTimeEntries_NullTimeEntryIds" classname="com.topcoder.timetracker.entry.time.ejb.TimeEntryManagerSessionBeanTests" time="0.172"></testcase>
  <testcase name="testDeleteTimeEntries_EmptyTimeEntryIds" classname="com.topcoder.timetracker.entry.time.ejb.TimeEntryManagerSessionBeanTests" time="0.203"></testcase>
  <testcase name="testDeleteTimeEntries_EqualTimeEntryId" classname="com.topcoder.timetracker.entry.time.ejb.TimeEntryManagerSessionBeanTests" time="0.5"></testcase>
  <testcase name="testDeleteTimeEntries_BatchOperationException" classname="com.topcoder.timetracker.entry.time.ejb.TimeEntryManagerSessionBeanTests" time="0.656"></testcase>
  <testcase name="testGetTimeEntries" classname="com.topcoder.timetracker.entry.time.ejb.TimeEntryManagerSessionBeanTests" time="0.891"></testcase>
  <testcase name="testGetTimeEntries_NullTimeEntryIds" classname="com.topcoder.timetracker.entry.time.ejb.TimeEntryManagerSessionBeanTests" time="0.219"></testcase>
  <testcase name="testGetTimeEntries_BatchOperationException" classname="com.topcoder.timetracker.entry.time.ejb.TimeEntryManagerSessionBeanTests" time="0.531"></testcase>
  <testcase name="testSearchTimeEntries" classname="com.topcoder.timetracker.entry.time.ejb.TimeEntryManagerSessionBeanTests" time="0.594"></testcase>
  <testcase name="testSearchTimeEntries_NullFilter" classname="com.topcoder.timetracker.entry.time.ejb.TimeEntryManagerSessionBeanTests" time="0.156"></testcase>
  <testcase name="testSearchTimeEntries_DataAccessException" classname="com.topcoder.timetracker.entry.time.ejb.TimeEntryManagerSessionBeanTests" time="0.25"></testcase>
  <testcase name="testGetAllTimeEntries" classname="com.topcoder.timetracker.entry.time.ejb.TimeEntryManagerSessionBeanTests" time="0.188"></testcase>
  <testcase name="testGetTimeEntryFilterFactory" classname="com.topcoder.timetracker.entry.time.ejb.TimeEntryManagerSessionBeanTests" time="0.218"></testcase>
  <testcase name="testGetSessionContext" classname="com.topcoder.timetracker.entry.time.ejb.TimeEntryManagerSessionBeanTests" time="0.157"></testcase>
  <testcase name="testEjbCreate" classname="com.topcoder.timetracker.entry.time.ejb.TimeEntryManagerSessionBeanTests" time="0.203"></testcase>
  <testcase name="testEjbActivate" classname="com.topcoder.timetracker.entry.time.ejb.TimeEntryManagerSessionBeanTests" time="0.156"></testcase>
  <testcase name="testEjbPassivate" classname="com.topcoder.timetracker.entry.time.ejb.TimeEntryManagerSessionBeanTests" time="0.547"></testcase>
  <testcase name="testEjbRemove" classname="com.topcoder.timetracker.entry.time.ejb.TimeEntryManagerSessionBeanTests" time="0.172"></testcase>
  <testcase name="testSetSessionContext" classname="com.topcoder.timetracker.entry.time.ejb.TimeEntryManagerSessionBeanTests" time="0.203"></testcase>
  <testcase name="testCtor" classname="com.topcoder.timetracker.entry.time.ejb.TaskTypeManagerSessionBeanTests" time="0.187"></testcase>
  <testcase name="testGetTaskType" classname="com.topcoder.timetracker.entry.time.ejb.TaskTypeManagerSessionBeanTests" time="0.36"></testcase>
  <testcase name="testGetTaskType_UnrecognizedEntityException" classname="com.topcoder.timetracker.entry.time.ejb.TaskTypeManagerSessionBeanTests" time="0.187"></testcase>
  <testcase name="testCreateTaskType" classname="com.topcoder.timetracker.entry.time.ejb.TaskTypeManagerSessionBeanTests" time="0.344"></testcase>
  <testcase name="testCreateTaskType_NullTaskType" classname="com.topcoder.timetracker.entry.time.ejb.TaskTypeManagerSessionBeanTests" time="0.156"></testcase>
  <testcase name="testUpdateTaskType" classname="com.topcoder.timetracker.entry.time.ejb.TaskTypeManagerSessionBeanTests" time="0.438"></testcase>
  <testcase name="testUpdateTaskType_NullTaskType" classname="com.topcoder.timetracker.entry.time.ejb.TaskTypeManagerSessionBeanTests" time="0.156"></testcase>
  <testcase name="testUpdateTaskType_UnrecognizedEntityException" classname="com.topcoder.timetracker.entry.time.ejb.TaskTypeManagerSessionBeanTests" time="0.281"></testcase>
  <testcase name="testDeleteTaskType" classname="com.topcoder.timetracker.entry.time.ejb.TaskTypeManagerSessionBeanTests" time="0.344"></testcase>
  <testcase name="testDeleteTaskType_UnrecognizedEntityException" classname="com.topcoder.timetracker.entry.time.ejb.TaskTypeManagerSessionBeanTests" time="0.281"></testcase>
  <testcase name="testCreateTaskTypes" classname="com.topcoder.timetracker.entry.time.ejb.TaskTypeManagerSessionBeanTests" time="0.328"></testcase>
  <testcase name="testCreateTaskTypes_NullTimeEntries" classname="com.topcoder.timetracker.entry.time.ejb.TaskTypeManagerSessionBeanTests" time="0.203"></testcase>
  <testcase name="testCreateTaskTypes_EmptyTimeEntries" classname="com.topcoder.timetracker.entry.time.ejb.TaskTypeManagerSessionBeanTests" time="0.157"></testcase>
  <testcase name="testCreateTaskTypes_SameElement" classname="com.topcoder.timetracker.entry.time.ejb.TaskTypeManagerSessionBeanTests" time="0.203"></testcase>
  <testcase name="testCreateTaskTypes_NullInTimeEntries" classname="com.topcoder.timetracker.entry.time.ejb.TaskTypeManagerSessionBeanTests" time="0.14"></testcase>
  <testcase name="testCreateTaskTypes_TaskTypeWithIdSet" classname="com.topcoder.timetracker.entry.time.ejb.TaskTypeManagerSessionBeanTests" time="0.204"></testcase>
  <testcase name="testCreateTaskTypes_TaskTypeWithNullCreationUser" classname="com.topcoder.timetracker.entry.time.ejb.TaskTypeManagerSessionBeanTests" time="0.718"></testcase>
  <testcase name="testCreateTaskTypes_TaskTypeWithNullModificationUser" classname="com.topcoder.timetracker.entry.time.ejb.TaskTypeManagerSessionBeanTests" time="0.219"></testcase>
  <testcase name="testUpdateTaskTypes" classname="com.topcoder.timetracker.entry.time.ejb.TaskTypeManagerSessionBeanTests" time="0.391"></testcase>
  <testcase name="testUpdateTaskTypes_NullTimeEntries" classname="com.topcoder.timetracker.entry.time.ejb.TaskTypeManagerSessionBeanTests" time="0.203"></testcase>
  <testcase name="testUpdateTaskTypes_EmptyTimeEntries" classname="com.topcoder.timetracker.entry.time.ejb.TaskTypeManagerSessionBeanTests" time="0.156"></testcase>
  <testcase name="testUpdateTaskTypes_SameTaskType" classname="com.topcoder.timetracker.entry.time.ejb.TaskTypeManagerSessionBeanTests" time="0.281"></testcase>
  <testcase name="testUpdateTaskTypes_NullInTimeEntries" classname="com.topcoder.timetracker.entry.time.ejb.TaskTypeManagerSessionBeanTests" time="0.219"></testcase>
  <testcase name="testUpdateTaskTypes_TaskTypeWithIdSet" classname="com.topcoder.timetracker.entry.time.ejb.TaskTypeManagerSessionBeanTests" time="0.281"></testcase>
  <testcase name="testUpdateTaskTypes_TaskTypeWithNullModificationUser" classname="com.topcoder.timetracker.entry.time.ejb.TaskTypeManagerSessionBeanTests" time="0.235"></testcase>
  <testcase name="testDeleteTaskTypes" classname="com.topcoder.timetracker.entry.time.ejb.TaskTypeManagerSessionBeanTests" time="0.453"></testcase>
  <testcase name="testDeleteTaskTypes_NullTaskTypeIds" classname="com.topcoder.timetracker.entry.time.ejb.TaskTypeManagerSessionBeanTests" time="0.172"></testcase>
  <testcase name="testDeleteTaskTypes_EmptyTaskTypeIds" classname="com.topcoder.timetracker.entry.time.ejb.TaskTypeManagerSessionBeanTests" time="0.203"></testcase>
  <testcase name="testDeleteTaskTypes_EqualTaskTypeId" classname="com.topcoder.timetracker.entry.time.ejb.TaskTypeManagerSessionBeanTests" time="0.234"></testcase>
  <testcase name="testGetTaskTypes" classname="com.topcoder.timetracker.entry.time.ejb.TaskTypeManagerSessionBeanTests" time="0.36"></testcase>
  <testcase name="testGetTaskTypes_NullTaskTypeIds" classname="com.topcoder.timetracker.entry.time.ejb.TaskTypeManagerSessionBeanTests" time="0.14"></testcase>
  <testcase name="testSearchTaskTypes" classname="com.topcoder.timetracker.entry.time.ejb.TaskTypeManagerSessionBeanTests" time="0.328"></testcase>
  <testcase name="testSearchTaskTypes_NullCriteria" classname="com.topcoder.timetracker.entry.time.ejb.TaskTypeManagerSessionBeanTests" time="0.157"></testcase>
  <testcase name="testSearchTaskTypes_DataAccessException" classname="com.topcoder.timetracker.entry.time.ejb.TaskTypeManagerSessionBeanTests" time="0.234"></testcase>
  <testcase name="testGetTaskTypeFilterFactory" classname="com.topcoder.timetracker.entry.time.ejb.TaskTypeManagerSessionBeanTests" time="0.172"></testcase>
  <testcase name="testGetAllTaskTypes" classname="com.topcoder.timetracker.entry.time.ejb.TaskTypeManagerSessionBeanTests" time="0.234"></testcase>
  <testcase name="testGetSessionContext" classname="com.topcoder.timetracker.entry.time.ejb.TaskTypeManagerSessionBeanTests" time="0.156"></testcase>
  <testcase name="testEjbCreate" classname="com.topcoder.timetracker.entry.time.ejb.TaskTypeManagerSessionBeanTests" time="0.204"></testcase>
  <testcase name="testEjbActivate" classname="com.topcoder.timetracker.entry.time.ejb.TaskTypeManagerSessionBeanTests" time="0.156"></testcase>
  <testcase name="testEjbPassivate" classname="com.topcoder.timetracker.entry.time.ejb.TaskTypeManagerSessionBeanTests" time="0.203"></testcase>
  <testcase name="testEjbRemove" classname="com.topcoder.timetracker.entry.time.ejb.TaskTypeManagerSessionBeanTests" time="0.141"></testcase>
  <testcase name="testSetSessionContext" classname="com.topcoder.timetracker.entry.time.ejb.TaskTypeManagerSessionBeanTests" time="0.203"></testcase>
  <testcase name="testCtor" classname="com.topcoder.timetracker.entry.time.ejb.TimeStatusManagerSessionBeanTests" time="0.172"></testcase>
  <testcase name="testCreateTimeStatus" classname="com.topcoder.timetracker.entry.time.ejb.TimeStatusManagerSessionBeanTests" time="0.343"></testcase>
  <testcase name="testCreateTimeStatus_NullTimeStatus" classname="com.topcoder.timetracker.entry.time.ejb.TimeStatusManagerSessionBeanTests" time="0.141"></testcase>
  <testcase name="testUpdateTimeStatus" classname="com.topcoder.timetracker.entry.time.ejb.TimeStatusManagerSessionBeanTests" time="0.406"></testcase>
  <testcase name="testUpdateTimeStatus_NullTimeStatus" classname="com.topcoder.timetracker.entry.time.ejb.TimeStatusManagerSessionBeanTests" time="0.141"></testcase>
  <testcase name="testUpdateTimeStatus_UnrecognizedEntityException" classname="com.topcoder.timetracker.entry.time.ejb.TimeStatusManagerSessionBeanTests" time="0.281"></testcase>
  <testcase name="testDeleteTimeStatus" classname="com.topcoder.timetracker.entry.time.ejb.TimeStatusManagerSessionBeanTests" time="0.344"></testcase>
  <testcase name="testDeleteTimeStatus_UnrecognizedEntityException" classname="com.topcoder.timetracker.entry.time.ejb.TimeStatusManagerSessionBeanTests" time="0.281"></testcase>
  <testcase name="testGetTimeStatus" classname="com.topcoder.timetracker.entry.time.ejb.TimeStatusManagerSessionBeanTests" time="0.563"></testcase>
  <testcase name="testGetTimeStatus_UnrecognizedEntityException" classname="com.topcoder.timetracker.entry.time.ejb.TimeStatusManagerSessionBeanTests" time="0.265"></testcase>
  <testcase name="testCreateTimeStatuses" classname="com.topcoder.timetracker.entry.time.ejb.TimeStatusManagerSessionBeanTests" time="0.313"></testcase>
  <testcase name="testCreateTimeStatuses_NullTimeEntries" classname="com.topcoder.timetracker.entry.time.ejb.TimeStatusManagerSessionBeanTests" time="0.218"></testcase>
  <testcase name="testCreateTimeStatuses_EmptyTimeEntries" classname="com.topcoder.timetracker.entry.time.ejb.TimeStatusManagerSessionBeanTests" time="0.157"></testcase>
  <testcase name="testCreateTimeStatuses_SameElement" classname="com.topcoder.timetracker.entry.time.ejb.TimeStatusManagerSessionBeanTests" time="0.203"></testcase>
  <testcase name="testCreateTimeStatuses_NullInTimeEntries" classname="com.topcoder.timetracker.entry.time.ejb.TimeStatusManagerSessionBeanTests" time="0.14"></testcase>
  <testcase name="testCreateTimeStatuses_TimeStatusWithIdSet" classname="com.topcoder.timetracker.entry.time.ejb.TimeStatusManagerSessionBeanTests" time="0.219"></testcase>
  <testcase name="testCreateTimeStatuses_TimeStatusWithNullCreationUser" classname="com.topcoder.timetracker.entry.time.ejb.TimeStatusManagerSessionBeanTests" time="0.141"></testcase>
  <testcase name="testCreateTimeStatuses_TimeStatusWithNullModificationUser" classname="com.topcoder.timetracker.entry.time.ejb.TimeStatusManagerSessionBeanTests" time="0.203"></testcase>
  <testcase name="testUpdateTimeStatuses" classname="com.topcoder.timetracker.entry.time.ejb.TimeStatusManagerSessionBeanTests" time="0.406"></testcase>
  <testcase name="testUpdateTimeStatuses_NullTimeEntries" classname="com.topcoder.timetracker.entry.time.ejb.TimeStatusManagerSessionBeanTests" time="0.203"></testcase>
  <testcase name="testUpdateTimeStatuses_EmptyTimeEntries" classname="com.topcoder.timetracker.entry.time.ejb.TimeStatusManagerSessionBeanTests" time="0.157"></testcase>
  <testcase name="testUpdateTimeStatuses_SameTimeStatus" classname="com.topcoder.timetracker.entry.time.ejb.TimeStatusManagerSessionBeanTests" time="0.281"></testcase>
  <testcase name="testUpdateTimeStatuses_NullInTimeEntries" classname="com.topcoder.timetracker.entry.time.ejb.TimeStatusManagerSessionBeanTests" time="0.219"></testcase>
  <testcase name="testUpdateTimeStatuses_TimeStatusWithIdSet" classname="com.topcoder.timetracker.entry.time.ejb.TimeStatusManagerSessionBeanTests" time="0.281"></testcase>
  <testcase name="testUpdateTimeStatuses_TimeStatusWithNullModificationUser" classname="com.topcoder.timetracker.entry.time.ejb.TimeStatusManagerSessionBeanTests" time="0.234"></testcase>
  <testcase name="testDeleteTimeStatuses" classname="com.topcoder.timetracker.entry.time.ejb.TimeStatusManagerSessionBeanTests" time="0.438"></testcase>
  <testcase name="testDeleteTimeStatuses_NullTimeStatusIds" classname="com.topcoder.timetracker.entry.time.ejb.TimeStatusManagerSessionBeanTests" time="0.156"></testcase>
  <testcase name="testDeleteTimeStatuses_EmptyTimeStatusIds" classname="com.topcoder.timetracker.entry.time.ejb.TimeStatusManagerSessionBeanTests" time="0.203"></testcase>
  <testcase name="testDeleteTimeStatuses_EqualTimeStatusId" classname="com.topcoder.timetracker.entry.time.ejb.TimeStatusManagerSessionBeanTests" time="0.25"></testcase>
  <testcase name="testGetTimeStatuses" classname="com.topcoder.timetracker.entry.time.ejb.TimeStatusManagerSessionBeanTests" time="0.391"></testcase>
  <testcase name="testGetTimeStatuses_NullTimeStatusIds" classname="com.topcoder.timetracker.entry.time.ejb.TimeStatusManagerSessionBeanTests" time="0.14"></testcase>
  <testcase name="testSearchTimeStatuses" classname="com.topcoder.timetracker.entry.time.ejb.TimeStatusManagerSessionBeanTests" time="0.328"></testcase>
  <testcase name="testSearchTimeStatuses_NullCriteria" classname="com.topcoder.timetracker.entry.time.ejb.TimeStatusManagerSessionBeanTests" time="0.141"></testcase>
  <testcase name="testSearchTimeStatuses_DataAccessException" classname="com.topcoder.timetracker.entry.time.ejb.TimeStatusManagerSessionBeanTests" time="0.25"></testcase>
  <testcase name="testGetTimeStatusFilterFactory" classname="com.topcoder.timetracker.entry.time.ejb.TimeStatusManagerSessionBeanTests" time="0.14"></testcase>
  <testcase name="testGetAllTimeStatuses" classname="com.topcoder.timetracker.entry.time.ejb.TimeStatusManagerSessionBeanTests" time="0.25"></testcase>
  <testcase name="testGetSessionContext" classname="com.topcoder.timetracker.entry.time.ejb.TimeStatusManagerSessionBeanTests" time="0.141"></testcase>
  <testcase name="testEjbCreate" classname="com.topcoder.timetracker.entry.time.ejb.TimeStatusManagerSessionBeanTests" time="0.969"></testcase>
  <testcase name="testEjbActivate" classname="com.topcoder.timetracker.entry.time.ejb.TimeStatusManagerSessionBeanTests" time="0.156"></testcase>
  <testcase name="testEjbPassivate" classname="com.topcoder.timetracker.entry.time.ejb.TimeStatusManagerSessionBeanTests" time="0.203"></testcase>
  <testcase name="testEjbRemove" classname="com.topcoder.timetracker.entry.time.ejb.TimeStatusManagerSessionBeanTests" time="0.141"></testcase>
  <testcase name="testSetSessionContext" classname="com.topcoder.timetracker.entry.time.ejb.TimeStatusManagerSessionBeanTests" time="0.203"></testcase>
  <testcase name="testDemo" classname="com.topcoder.timetracker.entry.time.DemoTests" time="1.797"></testcase>
  <testcase name="testCtor" classname="com.topcoder.timetracker.entry.time.BatchOperationExceptionTests" time="0.0"></testcase>
  <testcase name="testBatchOperationExceptionInheritance" classname="com.topcoder.timetracker.entry.time.BatchOperationExceptionTests" time="0.0"></testcase>
  <testcase name="testGetCauses" classname="com.topcoder.timetracker.entry.time.BatchOperationExceptionTests" time="0.0"></testcase>
  <testcase name="testCtor1" classname="com.topcoder.timetracker.entry.time.accuracytests.TimeEntryAccuracyTests" time="0.0"></testcase>
  <testcase name="testIsBillable" classname="com.topcoder.timetracker.entry.time.accuracytests.TimeEntryAccuracyTests" time="0.0"></testcase>
  <testcase name="testGetBillable" classname="com.topcoder.timetracker.entry.time.accuracytests.TimeEntryAccuracyTests" time="0.0"></testcase>
  <testcase name="testSetBillable" classname="com.topcoder.timetracker.entry.time.accuracytests.TimeEntryAccuracyTests" time="0.0"></testcase>
  <testcase name="testGetTaskType" classname="com.topcoder.timetracker.entry.time.accuracytests.TimeEntryAccuracyTests" time="0.0"></testcase>
  <testcase name="testSetTaskType" classname="com.topcoder.timetracker.entry.time.accuracytests.TimeEntryAccuracyTests" time="0.0"></testcase>
  <testcase name="testGetInvoiceId" classname="com.topcoder.timetracker.entry.time.accuracytests.TimeEntryAccuracyTests" time="0.0"></testcase>
  <testcase name="testSetInvoiceId" classname="com.topcoder.timetracker.entry.time.accuracytests.TimeEntryAccuracyTests" time="0.0"></testcase>
  <testcase name="testGetHours" classname="com.topcoder.timetracker.entry.time.accuracytests.TimeEntryAccuracyTests" time="0.0"></testcase>
  <testcase name="testGetStatus" classname="com.topcoder.timetracker.entry.time.accuracytests.TimeEntryAccuracyTests" time="0.0"></testcase>
  <testcase name="testSetStatus" classname="com.topcoder.timetracker.entry.time.accuracytests.TimeEntryAccuracyTests" time="0.0"></testcase>
  <testcase name="testSetHours" classname="com.topcoder.timetracker.entry.time.accuracytests.TimeEntryAccuracyTests" time="0.0"></testcase>
  <testcase name="testCtor1" classname="com.topcoder.timetracker.entry.time.accuracytests.TaskTypeManagerImplAccuracyTests" time="0.218"></testcase>
  <testcase name="testGetTaskType" classname="com.topcoder.timetracker.entry.time.accuracytests.TaskTypeManagerImplAccuracyTests" time="0.344"></testcase>
  <testcase name="testCreateTaskType" classname="com.topcoder.timetracker.entry.time.accuracytests.TaskTypeManagerImplAccuracyTests" time="0.375"></testcase>
  <testcase name="testUpdateTaskType" classname="com.topcoder.timetracker.entry.time.accuracytests.TaskTypeManagerImplAccuracyTests" time="0.453"></testcase>
  <testcase name="testDeleteTaskType" classname="com.topcoder.timetracker.entry.time.accuracytests.TaskTypeManagerImplAccuracyTests" time="0.391"></testcase>
  <testcase name="testCreateTaskTypes" classname="com.topcoder.timetracker.entry.time.accuracytests.TaskTypeManagerImplAccuracyTests" time="0.359"></testcase>
  <testcase name="testUpdateTaskTypes" classname="com.topcoder.timetracker.entry.time.accuracytests.TaskTypeManagerImplAccuracyTests" time="0.422"></testcase>
  <testcase name="testDeleteTaskTypes" classname="com.topcoder.timetracker.entry.time.accuracytests.TaskTypeManagerImplAccuracyTests" time="0.422"></testcase>
  <testcase name="testGetTaskTypes" classname="com.topcoder.timetracker.entry.time.accuracytests.TaskTypeManagerImplAccuracyTests" time="0.297"></testcase>
  <testcase name="testSearchTaskTypes" classname="com.topcoder.timetracker.entry.time.accuracytests.TaskTypeManagerImplAccuracyTests" time="0.328"></testcase>
  <testcase name="testGetTaskTypeFilterFactory" classname="com.topcoder.timetracker.entry.time.accuracytests.TaskTypeManagerImplAccuracyTests" time="0.234"></testcase>
  <testcase name="testGetAllTaskTypes" classname="com.topcoder.timetracker.entry.time.accuracytests.TaskTypeManagerImplAccuracyTests" time="0.219"></testcase>
  <testcase name="testCtor1" classname="com.topcoder.timetracker.entry.time.accuracytests.TimeEntryManagerImplAccuracyTests" time="0.219"></testcase>
  <testcase name="testAddRejectReasonToEntry" classname="com.topcoder.timetracker.entry.time.accuracytests.TimeEntryManagerImplAccuracyTests" time="0.797"></testcase>
  <testcase name="testRemoveRejectReasonFromEntry" classname="com.topcoder.timetracker.entry.time.accuracytests.TimeEntryManagerImplAccuracyTests" time="1.094"></testcase>
  <testcase name="testGetAllRejectReasonsForEntry" classname="com.topcoder.timetracker.entry.time.accuracytests.TimeEntryManagerImplAccuracyTests" time="0.578"></testcase>
  <testcase name="testRemoveAllRejectReasonsFromEntry" classname="com.topcoder.timetracker.entry.time.accuracytests.TimeEntryManagerImplAccuracyTests" time="1.265"></testcase>
  <testcase name="testCreateTimeEntry" classname="com.topcoder.timetracker.entry.time.accuracytests.TimeEntryManagerImplAccuracyTests" time="0.563"></testcase>
  <testcase name="testUpdateTimeEntry" classname="com.topcoder.timetracker.entry.time.accuracytests.TimeEntryManagerImplAccuracyTests" time="0.625"></testcase>
  <testcase name="testDeleteTimeEntry" classname="com.topcoder.timetracker.entry.time.accuracytests.TimeEntryManagerImplAccuracyTests" time="0.672"></testcase>
  <testcase name="testGetTimeEntry" classname="com.topcoder.timetracker.entry.time.accuracytests.TimeEntryManagerImplAccuracyTests" time="0.922"></testcase>
  <testcase name="testCreateTimeEntries" classname="com.topcoder.timetracker.entry.time.accuracytests.TimeEntryManagerImplAccuracyTests" time="0.578"></testcase>
  <testcase name="testUpdateTimeEntries" classname="com.topcoder.timetracker.entry.time.accuracytests.TimeEntryManagerImplAccuracyTests" time="0.718"></testcase>
  <testcase name="testDeleteTimeEntries" classname="com.topcoder.timetracker.entry.time.accuracytests.TimeEntryManagerImplAccuracyTests" time="0.594"></testcase>
  <testcase name="testGetTimeEntries" classname="com.topcoder.timetracker.entry.time.accuracytests.TimeEntryManagerImplAccuracyTests" time="0.61"></testcase>
  <testcase name="testSearchTimeEntries" classname="com.topcoder.timetracker.entry.time.accuracytests.TimeEntryManagerImplAccuracyTests" time="0.578"></testcase>
  <testcase name="testGetAllTimeEntries" classname="com.topcoder.timetracker.entry.time.accuracytests.TimeEntryManagerImplAccuracyTests" time="0.265"></testcase>
  <testcase name="testGetTimeEntryFilterFactory" classname="com.topcoder.timetracker.entry.time.accuracytests.TimeEntryManagerImplAccuracyTests" time="0.25"></testcase>
  <testcase name="testCtor1" classname="com.topcoder.timetracker.entry.time.UnrecognizedEntityExceptionTests" time="0.0"></testcase>
  <testcase name="testCtor2" classname="com.topcoder.timetracker.entry.time.UnrecognizedEntityExceptionTests" time="0.0"></testcase>
  <testcase name="testUnrecognizedEntityExceptionInheritance1" classname="com.topcoder.timetracker.entry.time.UnrecognizedEntityExceptionTests" time="0.0"></testcase>
  <testcase name="testUnrecognizedEntityExceptionInheritance2" classname="com.topcoder.timetracker.entry.time.UnrecognizedEntityExceptionTests" time="0.0"></testcase>
  <testcase name="testGetId" classname="com.topcoder.timetracker.entry.time.UnrecognizedEntityExceptionTests" time="0.0"></testcase>
  <testcase name="testCtor1" classname="com.topcoder.timetracker.entry.time.InvalidCompanyExceptionTests" time="0.0"></testcase>
  <testcase name="testCtor2" classname="com.topcoder.timetracker.entry.time.InvalidCompanyExceptionTests" time="0.0"></testcase>
  <testcase name="testInvalidCompanyExceptionInheritance1" classname="com.topcoder.timetracker.entry.time.InvalidCompanyExceptionTests" time="0.0"></testcase>
  <testcase name="testInvalidCompanyExceptionInheritance2" classname="com.topcoder.timetracker.entry.time.InvalidCompanyExceptionTests" time="0.0"></testcase>
  <testcase name="testGetTimeEntryCompanyId" classname="com.topcoder.timetracker.entry.time.InvalidCompanyExceptionTests" time="0.0"></testcase>
  <testcase name="testGetOtherEntityCompanyId" classname="com.topcoder.timetracker.entry.time.InvalidCompanyExceptionTests" time="0.0"></testcase>
  <testcase name="testCreateTimeStatus" classname="com.topcoder.timetracker.entry.time.accuracytests.TimeStatusManagerImplAccuracyTests" time="0.266"></testcase>
  <testcase name="testUpdateTimeStatus" classname="com.topcoder.timetracker.entry.time.accuracytests.TimeStatusManagerImplAccuracyTests" time="0.375"></testcase>
  <testcase name="testDeleteTimeStatus" classname="com.topcoder.timetracker.entry.time.accuracytests.TimeStatusManagerImplAccuracyTests" time="0.375"></testcase>
  <testcase name="testGetTimeStatus" classname="com.topcoder.timetracker.entry.time.accuracytests.TimeStatusManagerImplAccuracyTests" time="0.297"></testcase>
  <testcase name="testCreateTimeStatuses" classname="com.topcoder.timetracker.entry.time.accuracytests.TimeStatusManagerImplAccuracyTests" time="0.375"></testcase>
  <testcase name="testUpdateTimeStatuses" classname="com.topcoder.timetracker.entry.time.accuracytests.TimeStatusManagerImplAccuracyTests" time="0.39"></testcase>
  <testcase name="testDeleteTimeStatuses" classname="com.topcoder.timetracker.entry.time.accuracytests.TimeStatusManagerImplAccuracyTests" time="0.954"></testcase>
  <testcase name="testGetTimeStatuses" classname="com.topcoder.timetracker.entry.time.accuracytests.TimeStatusManagerImplAccuracyTests" time="0.296"></testcase>
  <testcase name="testSearchTimeStatuses" classname="com.topcoder.timetracker.entry.time.accuracytests.TimeStatusManagerImplAccuracyTests" time="0.344"></testcase>
  <testcase name="testGetTimeStatusFilterFactory" classname="com.topcoder.timetracker.entry.time.accuracytests.TimeStatusManagerImplAccuracyTests" time="0.156"></testcase>
  <testcase name="testGetAllTimeStatuses" classname="com.topcoder.timetracker.entry.time.accuracytests.TimeStatusManagerImplAccuracyTests" time="0.266"></testcase>
  <testcase name="testCtor1" classname="com.topcoder.timetracker.entry.time.accuracytests.TimeStatusManagerImplAccuracyTests" time="0.219"></testcase>
  <testcase name="testGetFilterPrefix" classname="com.topcoder.timetracker.entry.time.accuracytests.StringMatchTypeAccuracyTests" time="0.0"></testcase>
  <testcase name="testToString" classname="com.topcoder.timetracker.entry.time.accuracytests.StringMatchTypeAccuracyTests" time="0.0"></testcase>
  <testcase name="testGetDescription" classname="com.topcoder.timetracker.entry.time.accuracytests.TimeStatusAccuracyTests" time="0.0"></testcase>
  <testcase name="testSetDescription" classname="com.topcoder.timetracker.entry.time.accuracytests.TimeStatusAccuracyTests" time="0.0"></testcase>
  <testcase name="testCtor1" classname="com.topcoder.timetracker.entry.time.accuracytests.TimeStatusAccuracyTests" time="0.0"></testcase>
  <testcase name="testGetCompanyId" classname="com.topcoder.timetracker.entry.time.accuracytests.TaskTypeAccuracyTests" time="0.0"></testcase>
  <testcase name="testSetCompanyId" classname="com.topcoder.timetracker.entry.time.accuracytests.TaskTypeAccuracyTests" time="0.0"></testcase>
  <testcase name="testGetActive" classname="com.topcoder.timetracker.entry.time.accuracytests.TaskTypeAccuracyTests" time="0.0"></testcase>
  <testcase name="testIsActive" classname="com.topcoder.timetracker.entry.time.accuracytests.TaskTypeAccuracyTests" time="0.0"></testcase>
  <testcase name="testSetActive" classname="com.topcoder.timetracker.entry.time.accuracytests.TaskTypeAccuracyTests" time="0.0"></testcase>
  <testcase name="testGetDescription" classname="com.topcoder.timetracker.entry.time.accuracytests.TaskTypeAccuracyTests" time="0.0"></testcase>
  <testcase name="testSetDescription" classname="com.topcoder.timetracker.entry.time.accuracytests.TaskTypeAccuracyTests" time="0.0"></testcase>
  <testcase name="testCtor1" classname="com.topcoder.timetracker.entry.time.accuracytests.TaskTypeAccuracyTests" time="0.0"></testcase>
  <testcase name="testGetTimeEntryManager" classname="com.topcoder.timetracker.entry.time.accuracytests.ManagerFactoryAccuracyTests" time="0.156"></testcase>
  <testcase name="testGetTimeStatusManager" classname="com.topcoder.timetracker.entry.time.accuracytests.ManagerFactoryAccuracyTests" time="0.203"></testcase>
  <testcase name="testGetTaskTypeManager" classname="com.topcoder.timetracker.entry.time.accuracytests.ManagerFactoryAccuracyTests" time="0.156"></testcase>
  <testcase name="testConfigurationException1" classname="com.topcoder.timetracker.entry.time.accuracytests.ConfigurationExceptionAccuracyTests" time="0.0"></testcase>
  <testcase name="testConfigurationException2" classname="com.topcoder.timetracker.entry.time.accuracytests.ConfigurationExceptionAccuracyTests" time="0.0"></testcase>
  <testcase name="testConfigurationExceptionInheritance1" classname="com.topcoder.timetracker.entry.time.accuracytests.ConfigurationExceptionAccuracyTests" time="0.0"></testcase>
  <testcase name="testConfigurationExceptionInheritance2" classname="com.topcoder.timetracker.entry.time.accuracytests.ConfigurationExceptionAccuracyTests" time="0.0"></testcase>
  <testcase name="testDataAccessException1" classname="com.topcoder.timetracker.entry.time.accuracytests.DataAccessExceptionAccuracyTests" time="0.0"></testcase>
  <testcase name="testDataAccessException2" classname="com.topcoder.timetracker.entry.time.accuracytests.DataAccessExceptionAccuracyTests" time="0.0"></testcase>
  <testcase name="testDataAccessExceptionInheritance1" classname="com.topcoder.timetracker.entry.time.accuracytests.DataAccessExceptionAccuracyTests" time="0.0"></testcase>
  <testcase name="testDataAccessExceptionInheritance2" classname="com.topcoder.timetracker.entry.time.accuracytests.DataAccessExceptionAccuracyTests" time="0.0"></testcase>
  <testcase name="testCtor1" classname="com.topcoder.timetracker.entry.time.accuracytests.DbTimeEntryRejectReasonDAOAccuracyTests" time="0.407"></testcase>
  <testcase name="testAddRejectReasonToEntry" classname="com.topcoder.timetracker.entry.time.accuracytests.DbTimeEntryRejectReasonDAOAccuracyTests" time="0.468"></testcase>
  <testcase name="testRemoveRejectReasonFromEntry" classname="com.topcoder.timetracker.entry.time.accuracytests.DbTimeEntryRejectReasonDAOAccuracyTests" time="0.625"></testcase>
  <testcase name="testGetAllRejectReasonsForEntry" classname="com.topcoder.timetracker.entry.time.accuracytests.DbTimeEntryRejectReasonDAOAccuracyTests" time="0.469"></testcase>
  <testcase name="testRemoveAllRejectReasonsFromEntry" classname="com.topcoder.timetracker.entry.time.accuracytests.DbTimeEntryRejectReasonDAOAccuracyTests" time="1.078"></testcase>
  <testcase name="testCreateTimeStatuses" classname="com.topcoder.timetracker.entry.time.accuracytests.DbTimeStatusDAOAccuracyTests" time="0.297"></testcase>
  <testcase name="testUpdateTimeStatuses" classname="com.topcoder.timetracker.entry.time.accuracytests.DbTimeStatusDAOAccuracyTests" time="0.375"></testcase>
  <testcase name="testDeleteTimeStatuses" classname="com.topcoder.timetracker.entry.time.accuracytests.DbTimeStatusDAOAccuracyTests" time="0.313"></testcase>
  <testcase name="testGetTimeStatuses" classname="com.topcoder.timetracker.entry.time.accuracytests.DbTimeStatusDAOAccuracyTests" time="0.297"></testcase>
  <testcase name="testSearchTimeStatuses" classname="com.topcoder.timetracker.entry.time.accuracytests.DbTimeStatusDAOAccuracyTests" time="0.312"></testcase>
  <testcase name="testGetTimeStatusFilterFactory" classname="com.topcoder.timetracker.entry.time.accuracytests.DbTimeStatusDAOAccuracyTests" time="0.156"></testcase>
  <testcase name="testGetAllTimeStatuses" classname="com.topcoder.timetracker.entry.time.accuracytests.DbTimeStatusDAOAccuracyTests" time="0.297"></testcase>
  <testcase name="testCtor1" classname="com.topcoder.timetracker.entry.time.accuracytests.DbTimeStatusDAOAccuracyTests" time="0.235"></testcase>
  <testcase name="testCtor1" classname="com.topcoder.timetracker.entry.time.accuracytests.DbBaseFilterFactoryAccuracyTests" time="0.0"></testcase>
  <testcase name="testCreateCreationDateFilter" classname="com.topcoder.timetracker.entry.time.accuracytests.DbBaseFilterFactoryAccuracyTests" time="0.0"></testcase>
  <testcase name="testCreateModificationDateFilter" classname="com.topcoder.timetracker.entry.time.accuracytests.DbBaseFilterFactoryAccuracyTests" time="0.0"></testcase>
  <testcase name="testCreateCreationUserFilter" classname="com.topcoder.timetracker.entry.time.accuracytests.DbBaseFilterFactoryAccuracyTests" time="0.0"></testcase>
  <testcase name="testCreateModificationUserFilter" classname="com.topcoder.timetracker.entry.time.accuracytests.DbBaseFilterFactoryAccuracyTests" time="0.0"></testcase>
  <testcase name="testCtor1" classname="com.topcoder.timetracker.entry.time.accuracytests.DbTaskTypeDAOAccuracyTests" time="0.171"></testcase>
  <testcase name="testCreateTaskTypes" classname="com.topcoder.timetracker.entry.time.accuracytests.DbTaskTypeDAOAccuracyTests" time="0.344"></testcase>
  <testcase name="testUpdateTaskTypes" classname="com.topcoder.timetracker.entry.time.accuracytests.DbTaskTypeDAOAccuracyTests" time="0.438"></testcase>
  <testcase name="testDeleteTaskTypes" classname="com.topcoder.timetracker.entry.time.accuracytests.DbTaskTypeDAOAccuracyTests" time="0.359"></testcase>
  <testcase name="testGetTaskTypes" classname="com.topcoder.timetracker.entry.time.accuracytests.DbTaskTypeDAOAccuracyTests" time="0.344"></testcase>
  <testcase name="testSearchTaskTypes" classname="com.topcoder.timetracker.entry.time.accuracytests.DbTaskTypeDAOAccuracyTests" time="0.344"></testcase>
  <testcase name="testGetTaskTypeFilterFactory" classname="com.topcoder.timetracker.entry.time.accuracytests.DbTaskTypeDAOAccuracyTests" time="0.156"></testcase>
  <testcase name="testGetAllTaskTypes" classname="com.topcoder.timetracker.entry.time.accuracytests.DbTaskTypeDAOAccuracyTests" time="0.265"></testcase>
  <testcase name="testCtor1" classname="com.topcoder.timetracker.entry.time.accuracytests.DbTimeEntryDAOAccuracyTests" time="0.235"></testcase>
  <testcase name="testCreateTimeEntries" classname="com.topcoder.timetracker.entry.time.accuracytests.DbTimeEntryDAOAccuracyTests" time="0.5"></testcase>
  <testcase name="testUpdateTimeEntries" classname="com.topcoder.timetracker.entry.time.accuracytests.DbTimeEntryDAOAccuracyTests" time="0.703"></testcase>
  <testcase name="testDeleteTimeEntries" classname="com.topcoder.timetracker.entry.time.accuracytests.DbTimeEntryDAOAccuracyTests" time="0.969"></testcase>
  <testcase name="testGetTimeEntries" classname="com.topcoder.timetracker.entry.time.accuracytests.DbTimeEntryDAOAccuracyTests" time="0.562"></testcase>
  <testcase name="testSearchTimeEntries" classname="com.topcoder.timetracker.entry.time.accuracytests.DbTimeEntryDAOAccuracyTests" time="0.563"></testcase>
  <testcase name="testGetAllTimeEntries" classname="com.topcoder.timetracker.entry.time.accuracytests.DbTimeEntryDAOAccuracyTests" time="0.25"></testcase>
  <testcase name="testGetTimeEntryFilterFactory" classname="com.topcoder.timetracker.entry.time.accuracytests.DbTimeEntryDAOAccuracyTests" time="0.234"></testcase>
  <testcase name="testCtor1" classname="com.topcoder.timetracker.entry.time.accuracytests.DbTimeEntryFilterFactoryAccuracyTests" time="0.0"></testcase>
  <testcase name="testCreateDescriptionFilter" classname="com.topcoder.timetracker.entry.time.accuracytests.DbTimeEntryFilterFactoryAccuracyTests" time="0.0"></testcase>
  <testcase name="testCreateInvoiceIdFilter" classname="com.topcoder.timetracker.entry.time.accuracytests.DbTimeEntryFilterFactoryAccuracyTests" time="0.0"></testcase>
  <testcase name="testCreateEntryDateFilter" classname="com.topcoder.timetracker.entry.time.accuracytests.DbTimeEntryFilterFactoryAccuracyTests" time="0.0"></testcase>
  <testcase name="testCreateHoursFilter" classname="com.topcoder.timetracker.entry.time.accuracytests.DbTimeEntryFilterFactoryAccuracyTests" time="0.0"></testcase>
  <testcase name="testCreateTaskTypeFilter" classname="com.topcoder.timetracker.entry.time.accuracytests.DbTimeEntryFilterFactoryAccuracyTests" time="0.0"></testcase>
  <testcase name="testCreateTimeStatusFilter" classname="com.topcoder.timetracker.entry.time.accuracytests.DbTimeEntryFilterFactoryAccuracyTests" time="0.0"></testcase>
  <testcase name="testCreateBillableFilter" classname="com.topcoder.timetracker.entry.time.accuracytests.DbTimeEntryFilterFactoryAccuracyTests" time="0.0"></testcase>
  <testcase name="testCreateRejectReasonFilter" classname="com.topcoder.timetracker.entry.time.accuracytests.DbTimeEntryFilterFactoryAccuracyTests" time="0.0"></testcase>
  <testcase name="testCreateCompanyIdFilter" classname="com.topcoder.timetracker.entry.time.accuracytests.DbTimeEntryFilterFactoryAccuracyTests" time="0.0"></testcase>
  <testcase name="testCtor1" classname="com.topcoder.timetracker.entry.time.accuracytests.DbTaskTypeFilterFactoryAccuracyTests" time="0.0"></testcase>
  <testcase name="testCreateDescriptionFilter" classname="com.topcoder.timetracker.entry.time.accuracytests.DbTaskTypeFilterFactoryAccuracyTests" time="0.0"></testcase>
  <testcase name="testCreateCompanyIdFilter" classname="com.topcoder.timetracker.entry.time.accuracytests.DbTaskTypeFilterFactoryAccuracyTests" time="0.0"></testcase>
  <testcase name="testCreateActiveFilter" classname="com.topcoder.timetracker.entry.time.accuracytests.DbTaskTypeFilterFactoryAccuracyTests" time="0.0"></testcase>
  <testcase name="testCtor1" classname="com.topcoder.timetracker.entry.time.accuracytests.DbTimeStatusFilterFactoryAccuracyTests" time="0.016"></testcase>
  <testcase name="testCreateDescriptionFilter" classname="com.topcoder.timetracker.entry.time.accuracytests.DbTimeStatusFilterFactoryAccuracyTests" time="0.0"></testcase>
  <testcase name="testCtor1" classname="com.topcoder.timetracker.entry.time.accuracytests.TaskTypeManagerSessionBeanAccuracyTests" time="0.14"></testcase>
  <testcase name="testGetTaskType" classname="com.topcoder.timetracker.entry.time.accuracytests.TaskTypeManagerSessionBeanAccuracyTests" time="0.344"></testcase>
  <testcase name="testCreateTaskType" classname="com.topcoder.timetracker.entry.time.accuracytests.TaskTypeManagerSessionBeanAccuracyTests" time="0.266"></testcase>
  <testcase name="testUpdateTaskType" classname="com.topcoder.timetracker.entry.time.accuracytests.TaskTypeManagerSessionBeanAccuracyTests" time="0.422"></testcase>
  <testcase name="testDeleteTaskType" classname="com.topcoder.timetracker.entry.time.accuracytests.TaskTypeManagerSessionBeanAccuracyTests" time="0.343"></testcase>
  <testcase name="testCreateTaskTypes" classname="com.topcoder.timetracker.entry.time.accuracytests.TaskTypeManagerSessionBeanAccuracyTests" time="0.328"></testcase>
  <testcase name="testUpdateTaskTypes" classname="com.topcoder.timetracker.entry.time.accuracytests.TaskTypeManagerSessionBeanAccuracyTests" time="0.36"></testcase>
  <testcase name="testDeleteTaskTypes" classname="com.topcoder.timetracker.entry.time.accuracytests.TaskTypeManagerSessionBeanAccuracyTests" time="0.39"></testcase>
  <testcase name="testGetTaskTypes" classname="com.topcoder.timetracker.entry.time.accuracytests.TaskTypeManagerSessionBeanAccuracyTests" time="0.266"></testcase>
  <testcase name="testSearchTaskTypes" classname="com.topcoder.timetracker.entry.time.accuracytests.TaskTypeManagerSessionBeanAccuracyTests" time="0.328"></testcase>
  <testcase name="testGetTaskTypeFilterFactory" classname="com.topcoder.timetracker.entry.time.accuracytests.TaskTypeManagerSessionBeanAccuracyTests" time="0.141"></testcase>
  <testcase name="testGetAllTaskTypes" classname="com.topcoder.timetracker.entry.time.accuracytests.TaskTypeManagerSessionBeanAccuracyTests" time="0.25"></testcase>
  <testcase name="testCreateTimeStatus" classname="com.topcoder.timetracker.entry.time.accuracytests.TimeStatusManagerSessionBeanAccuracyTests" time="0.25"></testcase>
  <testcase name="testUpdateTimeStatus" classname="com.topcoder.timetracker.entry.time.accuracytests.TimeStatusManagerSessionBeanAccuracyTests" time="0.39"></testcase>
  <testcase name="testDeleteTimeStatus" classname="com.topcoder.timetracker.entry.time.accuracytests.TimeStatusManagerSessionBeanAccuracyTests" time="0.344"></testcase>
  <testcase name="testGetTimeStatus" classname="com.topcoder.timetracker.entry.time.accuracytests.TimeStatusManagerSessionBeanAccuracyTests" time="0.344"></testcase>
  <testcase name="testCreateTimeStatuses" classname="com.topcoder.timetracker.entry.time.accuracytests.TimeStatusManagerSessionBeanAccuracyTests" time="0.266"></testcase>
  <testcase name="testUpdateTimeStatuses" classname="com.topcoder.timetracker.entry.time.accuracytests.TimeStatusManagerSessionBeanAccuracyTests" time="0.406"></testcase>
  <testcase name="testDeleteTimeStatuses" classname="com.topcoder.timetracker.entry.time.accuracytests.TimeStatusManagerSessionBeanAccuracyTests" time="0.328"></testcase>
  <testcase name="testGetTimeStatuses" classname="com.topcoder.timetracker.entry.time.accuracytests.TimeStatusManagerSessionBeanAccuracyTests" time="0.312"></testcase>
  <testcase name="testSearchTimeStatuses" classname="com.topcoder.timetracker.entry.time.accuracytests.TimeStatusManagerSessionBeanAccuracyTests" time="0.282"></testcase>
  <testcase name="testGetTimeStatusFilterFactory" classname="com.topcoder.timetracker.entry.time.accuracytests.TimeStatusManagerSessionBeanAccuracyTests" time="0.203"></testcase>
  <testcase name="testGetAllTimeStatuses" classname="com.topcoder.timetracker.entry.time.accuracytests.TimeStatusManagerSessionBeanAccuracyTests" time="0.172"></testcase>
  <testcase name="testCtor1" classname="com.topcoder.timetracker.entry.time.accuracytests.TimeStatusManagerSessionBeanAccuracyTests" time="0.203"></testcase>
  <testcase name="testCtor1" classname="com.topcoder.timetracker.entry.time.accuracytests.TimeEntryManagerSessionBeanAccuracyTests" time="0.156"></testcase>
  <testcase name="testAddRejectReasonToEntry" classname="com.topcoder.timetracker.entry.time.accuracytests.TimeEntryManagerSessionBeanAccuracyTests" time="0.797"></testcase>
  <testcase name="testRemoveRejectReasonFromEntry" classname="com.topcoder.timetracker.entry.time.accuracytests.TimeEntryManagerSessionBeanAccuracyTests" time="0.906"></testcase>
  <testcase name="testGetAllRejectReasonsForEntry" classname="com.topcoder.timetracker.entry.time.accuracytests.TimeEntryManagerSessionBeanAccuracyTests" time="0.641"></testcase>
  <testcase name="testRemoveAllRejectReasonsFromEntry" classname="com.topcoder.timetracker.entry.time.accuracytests.TimeEntryManagerSessionBeanAccuracyTests" time="1.422"></testcase>
  <testcase name="testCreateTimeEntry" classname="com.topcoder.timetracker.entry.time.accuracytests.TimeEntryManagerSessionBeanAccuracyTests" time="0.562"></testcase>
  <testcase name="testUpdateTimeEntry" classname="com.topcoder.timetracker.entry.time.accuracytests.TimeEntryManagerSessionBeanAccuracyTests" time="0.641"></testcase>
  <testcase name="testDeleteTimeEntry" classname="com.topcoder.timetracker.entry.time.accuracytests.TimeEntryManagerSessionBeanAccuracyTests" time="0.687"></testcase>
  <testcase name="testGetTimeEntry" classname="com.topcoder.timetracker.entry.time.accuracytests.TimeEntryManagerSessionBeanAccuracyTests" time="0.516"></testcase>
  <testcase name="testCreateTimeEntries" classname="com.topcoder.timetracker.entry.time.accuracytests.TimeEntryManagerSessionBeanAccuracyTests" time="0.562"></testcase>
  <testcase name="testUpdateTimeEntries" classname="com.topcoder.timetracker.entry.time.accuracytests.TimeEntryManagerSessionBeanAccuracyTests" time="0.672"></testcase>
  <testcase name="testDeleteTimeEntries" classname="com.topcoder.timetracker.entry.time.accuracytests.TimeEntryManagerSessionBeanAccuracyTests" time="1.0"></testcase>
  <testcase name="testGetTimeEntries" classname="com.topcoder.timetracker.entry.time.accuracytests.TimeEntryManagerSessionBeanAccuracyTests" time="0.547"></testcase>
  <testcase name="testSearchTimeEntries" classname="com.topcoder.timetracker.entry.time.accuracytests.TimeEntryManagerSessionBeanAccuracyTests" time="0.578"></testcase>
  <testcase name="testGetAllTimeEntries" classname="com.topcoder.timetracker.entry.time.accuracytests.TimeEntryManagerSessionBeanAccuracyTests" time="0.203"></testcase>
  <testcase name="testGetTimeEntryFilterFactory" classname="com.topcoder.timetracker.entry.time.accuracytests.TimeEntryManagerSessionBeanAccuracyTests" time="0.219"></testcase>
  <testcase name="testGetTimeEntryManager1" classname="com.topcoder.timetracker.entry.time.failuretests.ManagerFactoryFailureTests" time="0.156"></testcase>
  <testcase name="testGetTimeEntryManager2" classname="com.topcoder.timetracker.entry.time.failuretests.ManagerFactoryFailureTests" time="0.204"></testcase>
  <testcase name="testGetTimeEntryManager3" classname="com.topcoder.timetracker.entry.time.failuretests.ManagerFactoryFailureTests" time="0.156"></testcase>
  <testcase name="testGetTimeEntryManager4" classname="com.topcoder.timetracker.entry.time.failuretests.ManagerFactoryFailureTests" time="0.203"></testcase>
  <testcase name="testGetTimeEntryManager5" classname="com.topcoder.timetracker.entry.time.failuretests.ManagerFactoryFailureTests" time="0.172"></testcase>
  <testcase name="testGetTimeStatusManager1" classname="com.topcoder.timetracker.entry.time.failuretests.ManagerFactoryFailureTests" time="0.203"></testcase>
  <testcase name="testGetTimeStatusManager2" classname="com.topcoder.timetracker.entry.time.failuretests.ManagerFactoryFailureTests" time="0.156"></testcase>
  <testcase name="testGetTimeStatusManager3" classname="com.topcoder.timetracker.entry.time.failuretests.ManagerFactoryFailureTests" time="0.203"></testcase>
  <testcase name="testGetTimeStatusManager4" classname="com.topcoder.timetracker.entry.time.failuretests.ManagerFactoryFailureTests" time="0.157"></testcase>
  <testcase name="testGetTimeStatusManager5" classname="com.topcoder.timetracker.entry.time.failuretests.ManagerFactoryFailureTests" time="0.203"></testcase>
  <testcase name="testGetTaskTypeManager1" classname="com.topcoder.timetracker.entry.time.failuretests.ManagerFactoryFailureTests" time="0.156"></testcase>
  <testcase name="testGetTaskTypeManager2" classname="com.topcoder.timetracker.entry.time.failuretests.ManagerFactoryFailureTests" time="0.203"></testcase>
  <testcase name="testGetTaskTypeManager3" classname="com.topcoder.timetracker.entry.time.failuretests.ManagerFactoryFailureTests" time="0.172"></testcase>
  <testcase name="testGetTaskTypeManager4" classname="com.topcoder.timetracker.entry.time.failuretests.ManagerFactoryFailureTests" time="0.203"></testcase>
  <testcase name="testGetTaskTypeManager5" classname="com.topcoder.timetracker.entry.time.failuretests.ManagerFactoryFailureTests" time="0.156"></testcase>
  <testcase name="testSetCompanyId" classname="com.topcoder.timetracker.entry.time.failuretests.TaskTypeFailureTests" time="0.0"></testcase>
  <testcase name="testSetDescription1" classname="com.topcoder.timetracker.entry.time.failuretests.TaskTypeFailureTests" time="0.0"></testcase>
  <testcase name="testSetDescription2" classname="com.topcoder.timetracker.entry.time.failuretests.TaskTypeFailureTests" time="0.0"></testcase>
  <testcase name="testCtor" classname="com.topcoder.timetracker.entry.time.failuretests.TaskTypeManagerImplFailureTests" time="0.219"></testcase>
  <testcase name="testGetAllTaskTypes" classname="com.topcoder.timetracker.entry.time.failuretests.TaskTypeManagerImplFailureTests" time="0.266"></testcase>
  <testcase name="testGetTaskType1" classname="com.topcoder.timetracker.entry.time.failuretests.TaskTypeManagerImplFailureTests" time="0.281"></testcase>
  <testcase name="testGetTaskType2" classname="com.topcoder.timetracker.entry.time.failuretests.TaskTypeManagerImplFailureTests" time="0.25"></testcase>
  <testcase name="testCreateTaskType1" classname="com.topcoder.timetracker.entry.time.failuretests.TaskTypeManagerImplFailureTests" time="0.172"></testcase>
  <testcase name="testCreateTaskType2" classname="com.topcoder.timetracker.entry.time.failuretests.TaskTypeManagerImplFailureTests" time="0.297"></testcase>
  <testcase name="testUpdateTaskType1" classname="com.topcoder.timetracker.entry.time.failuretests.TaskTypeManagerImplFailureTests" time="0.156"></testcase>
  <testcase name="testUpdateTaskType2" classname="com.topcoder.timetracker.entry.time.failuretests.TaskTypeManagerImplFailureTests" time="0.281"></testcase>
  <testcase name="testUpdateTaskType3" classname="com.topcoder.timetracker.entry.time.failuretests.TaskTypeManagerImplFailureTests" time="0.328"></testcase>
  <testcase name="testDeleteTaskType1" classname="com.topcoder.timetracker.entry.time.failuretests.TaskTypeManagerImplFailureTests" time="0.282"></testcase>
  <testcase name="testDeleteTaskType2" classname="com.topcoder.timetracker.entry.time.failuretests.TaskTypeManagerImplFailureTests" time="0.375"></testcase>
  <testcase name="testCreateTaskTypes1" classname="com.topcoder.timetracker.entry.time.failuretests.TaskTypeManagerImplFailureTests" time="0.171"></testcase>
  <testcase name="testCreateTaskTypes2" classname="com.topcoder.timetracker.entry.time.failuretests.TaskTypeManagerImplFailureTests" time="0.204"></testcase>
  <testcase name="testCreateTaskTypes3" classname="com.topcoder.timetracker.entry.time.failuretests.TaskTypeManagerImplFailureTests" time="0.171"></testcase>
  <testcase name="testCreateTaskTypes4" classname="com.topcoder.timetracker.entry.time.failuretests.TaskTypeManagerImplFailureTests" time="0.219"></testcase>
  <testcase name="testCreateTaskTypes5" classname="com.topcoder.timetracker.entry.time.failuretests.TaskTypeManagerImplFailureTests" time="0.156"></testcase>
  <testcase name="testCreateTaskTypes6" classname="com.topcoder.timetracker.entry.time.failuretests.TaskTypeManagerImplFailureTests" time="0.219"></testcase>
  <testcase name="testCreateTaskTypes7" classname="com.topcoder.timetracker.entry.time.failuretests.TaskTypeManagerImplFailureTests" time="0.156"></testcase>
  <testcase name="testCreateTaskTypes8" classname="com.topcoder.timetracker.entry.time.failuretests.TaskTypeManagerImplFailureTests" time="0.344"></testcase>
  <testcase name="testUpdateTaskTypes1" classname="com.topcoder.timetracker.entry.time.failuretests.TaskTypeManagerImplFailureTests" time="0.219"></testcase>
  <testcase name="testUpdateTaskTypes2" classname="com.topcoder.timetracker.entry.time.failuretests.TaskTypeManagerImplFailureTests" time="0.156"></testcase>
  <testcase name="testUpdateTaskTypes3" classname="com.topcoder.timetracker.entry.time.failuretests.TaskTypeManagerImplFailureTests" time="0.297"></testcase>
  <testcase name="testUpdateTaskTypes4" classname="com.topcoder.timetracker.entry.time.failuretests.TaskTypeManagerImplFailureTests" time="0.234"></testcase>
  <testcase name="testUpdateTaskTypes5" classname="com.topcoder.timetracker.entry.time.failuretests.TaskTypeManagerImplFailureTests" time="0.313"></testcase>
  <testcase name="testUpdateTaskTypes6" classname="com.topcoder.timetracker.entry.time.failuretests.TaskTypeManagerImplFailureTests" time="0.266"></testcase>
  <testcase name="testUpdateTaskTypes7" classname="com.topcoder.timetracker.entry.time.failuretests.TaskTypeManagerImplFailureTests" time="0.406"></testcase>
  <testcase name="testDeleteTaskTypes1" classname="com.topcoder.timetracker.entry.time.failuretests.TaskTypeManagerImplFailureTests" time="0.219"></testcase>
  <testcase name="testDeleteTaskTypes2" classname="com.topcoder.timetracker.entry.time.failuretests.TaskTypeManagerImplFailureTests" time="0.187"></testcase>
  <testcase name="testDeleteTaskTypes3" classname="com.topcoder.timetracker.entry.time.failuretests.TaskTypeManagerImplFailureTests" time="0.313"></testcase>
  <testcase name="testDeleteTaskTypes4" classname="com.topcoder.timetracker.entry.time.failuretests.TaskTypeManagerImplFailureTests" time="0.343"></testcase>
  <testcase name="testGetTaskTypes1" classname="com.topcoder.timetracker.entry.time.failuretests.TaskTypeManagerImplFailureTests" time="0.219"></testcase>
  <testcase name="testGetTaskTypes2" classname="com.topcoder.timetracker.entry.time.failuretests.TaskTypeManagerImplFailureTests" time="0.359"></testcase>
  <testcase name="testSearchTaskTypes1" classname="com.topcoder.timetracker.entry.time.failuretests.TaskTypeManagerImplFailureTests" time="0.172"></testcase>
  <testcase name="testSearchTaskTypes2" classname="com.topcoder.timetracker.entry.time.failuretests.TaskTypeManagerImplFailureTests" time="0.25"></testcase>
  <testcase name="testSetTaskType" classname="com.topcoder.timetracker.entry.time.failuretests.TimeEntryFailureTests" time="0.0"></testcase>
  <testcase name="testSetInvoiceId" classname="com.topcoder.timetracker.entry.time.failuretests.TimeEntryFailureTests" time="0.0"></testcase>
  <testcase name="testSetStatus" classname="com.topcoder.timetracker.entry.time.failuretests.TimeEntryFailureTests" time="0.0"></testcase>
  <testcase name="testSetHours" classname="com.topcoder.timetracker.entry.time.failuretests.TimeEntryFailureTests" time="0.0"></testcase>
  <testcase name="testSetDescription1" classname="com.topcoder.timetracker.entry.time.failuretests.TimeStatusFailureTests" time="0.0"></testcase>
  <testcase name="testSetDescription2" classname="com.topcoder.timetracker.entry.time.failuretests.TimeStatusFailureTests" time="0.0"></testcase>
  <testcase name="testCtor" classname="com.topcoder.timetracker.entry.time.failuretests.TimeStatusManagerImplFailureTests" time="0.188"></testcase>
  <testcase name="testGetAllTimeStatuses" classname="com.topcoder.timetracker.entry.time.failuretests.TimeStatusManagerImplFailureTests" time="0.25"></testcase>
  <testcase name="testCreateTimeStatus1" classname="com.topcoder.timetracker.entry.time.failuretests.TimeStatusManagerImplFailureTests" time="0.156"></testcase>
  <testcase name="testCreateTimeStatus2" classname="com.topcoder.timetracker.entry.time.failuretests.TimeStatusManagerImplFailureTests" time="0.266"></testcase>
  <testcase name="testUpdateTimeStatus1" classname="com.topcoder.timetracker.entry.time.failuretests.TimeStatusManagerImplFailureTests" time="0.156"></testcase>
  <testcase name="testUpdateTimeStatus2" classname="com.topcoder.timetracker.entry.time.failuretests.TimeStatusManagerImplFailureTests" time="0.328"></testcase>
  <testcase name="testUpdateTimeStatus3" classname="com.topcoder.timetracker.entry.time.failuretests.TimeStatusManagerImplFailureTests" time="0.328"></testcase>
  <testcase name="testDeleteTimeStatus1" classname="com.topcoder.timetracker.entry.time.failuretests.TimeStatusManagerImplFailureTests" time="0.235"></testcase>
  <testcase name="testDeleteTimeStatus2" classname="com.topcoder.timetracker.entry.time.failuretests.TimeStatusManagerImplFailureTests" time="0.375"></testcase>
  <testcase name="testGetTimeStatus1" classname="com.topcoder.timetracker.entry.time.failuretests.TimeStatusManagerImplFailureTests" time="0.203"></testcase>
  <testcase name="testGetTimeStatus2" classname="com.topcoder.timetracker.entry.time.failuretests.TimeStatusManagerImplFailureTests" time="0.297"></testcase>
  <testcase name="testCreateTimeStatuses1" classname="com.topcoder.timetracker.entry.time.failuretests.TimeStatusManagerImplFailureTests" time="0.156"></testcase>
  <testcase name="testCreateTimeStatuses2" classname="com.topcoder.timetracker.entry.time.failuretests.TimeStatusManagerImplFailureTests" time="0.234"></testcase>
  <testcase name="testCreateTimeStatuses3" classname="com.topcoder.timetracker.entry.time.failuretests.TimeStatusManagerImplFailureTests" time="0.344"></testcase>
  <testcase name="testCreateTimeStatuses4" classname="com.topcoder.timetracker.entry.time.failuretests.TimeStatusManagerImplFailureTests" time="0.156"></testcase>
  <testcase name="testCreateTimeStatuses5" classname="com.topcoder.timetracker.entry.time.failuretests.TimeStatusManagerImplFailureTests" time="0.219"></testcase>
  <testcase name="testCreateTimeStatuses6" classname="com.topcoder.timetracker.entry.time.failuretests.TimeStatusManagerImplFailureTests" time="0.156"></testcase>
  <testcase name="testCreateTimeStatuses7" classname="com.topcoder.timetracker.entry.time.failuretests.TimeStatusManagerImplFailureTests" time="0.219"></testcase>
  <testcase name="testCreateTimeStatuses8" classname="com.topcoder.timetracker.entry.time.failuretests.TimeStatusManagerImplFailureTests" time="0.203"></testcase>
  <testcase name="testUpdateTimeStatuses1" classname="com.topcoder.timetracker.entry.time.failuretests.TimeStatusManagerImplFailureTests" time="0.219"></testcase>
  <testcase name="testUpdateTimeStatuses2" classname="com.topcoder.timetracker.entry.time.failuretests.TimeStatusManagerImplFailureTests" time="0.156"></testcase>
  <testcase name="testUpdateTimeStatuses3" classname="com.topcoder.timetracker.entry.time.failuretests.TimeStatusManagerImplFailureTests" time="0.266"></testcase>
  <testcase name="testUpdateTimeStatuses4" classname="com.topcoder.timetracker.entry.time.failuretests.TimeStatusManagerImplFailureTests" time="0.187"></testcase>
  <testcase name="testUpdateTimeStatuses5" classname="com.topcoder.timetracker.entry.time.failuretests.TimeStatusManagerImplFailureTests" time="0.266"></testcase>
  <testcase name="testUpdateTimeStatuses6" classname="com.topcoder.timetracker.entry.time.failuretests.TimeStatusManagerImplFailureTests" time="0.234"></testcase>
  <testcase name="testUpdateTimeStatuses7" classname="com.topcoder.timetracker.entry.time.failuretests.TimeStatusManagerImplFailureTests" time="0.328"></testcase>
  <testcase name="testDeleteTimeStatuses1" classname="com.topcoder.timetracker.entry.time.failuretests.TimeStatusManagerImplFailureTests" time="0.219"></testcase>
  <testcase name="testDeleteTimeStatuses2" classname="com.topcoder.timetracker.entry.time.failuretests.TimeStatusManagerImplFailureTests" time="0.172"></testcase>
  <testcase name="testDeleteTimeStatuses3" classname="com.topcoder.timetracker.entry.time.failuretests.TimeStatusManagerImplFailureTests" time="0.25"></testcase>
  <testcase name="testDeleteTimeStatuses4" classname="com.topcoder.timetracker.entry.time.failuretests.TimeStatusManagerImplFailureTests" time="0.5"></testcase>
  <testcase name="testGetTimeStatuses1" classname="com.topcoder.timetracker.entry.time.failuretests.TimeStatusManagerImplFailureTests" time="0.219"></testcase>
  <testcase name="testGetTimeStatuses2" classname="com.topcoder.timetracker.entry.time.failuretests.TimeStatusManagerImplFailureTests" time="0.25"></testcase>
  <testcase name="testSearchTimeStatuses1" classname="com.topcoder.timetracker.entry.time.failuretests.TimeStatusManagerImplFailureTests" time="0.203"></testcase>
  <testcase name="testSearchTimeStatuses2" classname="com.topcoder.timetracker.entry.time.failuretests.TimeStatusManagerImplFailureTests" time="0.203"></testcase>
  <testcase name="testCtor1" classname="com.topcoder.timetracker.entry.time.failuretests.db.BaseDAOFailureTests" time="0.219"></testcase>
  <testcase name="testCtor2" classname="com.topcoder.timetracker.entry.time.failuretests.db.BaseDAOFailureTests" time="0.218"></testcase>
  <testcase name="testCtor3" classname="com.topcoder.timetracker.entry.time.failuretests.db.BaseDAOFailureTests" time="0.172"></testcase>
  <testcase name="testCtor4" classname="com.topcoder.timetracker.entry.time.failuretests.db.BaseDAOFailureTests" time="0.25"></testcase>
  <testcase name="testCtor5" classname="com.topcoder.timetracker.entry.time.failuretests.db.BaseDAOFailureTests" time="0.469"></testcase>
  <testcase name="testCtor6" classname="com.topcoder.timetracker.entry.time.failuretests.db.BaseDAOFailureTests" time="0.234"></testcase>
  <testcase name="testCtor1" classname="com.topcoder.timetracker.entry.time.failuretests.db.DbBaseFilterFactoryFailureTests" time="0.0"></testcase>
  <testcase name="testCtor2" classname="com.topcoder.timetracker.entry.time.failuretests.db.DbBaseFilterFactoryFailureTests" time="0.0"></testcase>
  <testcase name="testCtor3" classname="com.topcoder.timetracker.entry.time.failuretests.db.DbBaseFilterFactoryFailureTests" time="0.0"></testcase>
  <testcase name="testCtor4" classname="com.topcoder.timetracker.entry.time.failuretests.db.DbBaseFilterFactoryFailureTests" time="0.0"></testcase>
  <testcase name="testCtor5" classname="com.topcoder.timetracker.entry.time.failuretests.db.DbBaseFilterFactoryFailureTests" time="0.0"></testcase>
  <testcase name="testCtor6" classname="com.topcoder.timetracker.entry.time.failuretests.db.DbBaseFilterFactoryFailureTests" time="0.0"></testcase>
  <testcase name="testCreateCreationDateFilter1" classname="com.topcoder.timetracker.entry.time.failuretests.db.DbBaseFilterFactoryFailureTests" time="0.0"></testcase>
  <testcase name="testCreateCreationDateFilter2" classname="com.topcoder.timetracker.entry.time.failuretests.db.DbBaseFilterFactoryFailureTests" time="0.0"></testcase>
  <testcase name="testCreateModificationDateFilter1" classname="com.topcoder.timetracker.entry.time.failuretests.db.DbBaseFilterFactoryFailureTests" time="0.0"></testcase>
  <testcase name="testCreateModificationDateFilter2" classname="com.topcoder.timetracker.entry.time.failuretests.db.DbBaseFilterFactoryFailureTests" time="0.0"></testcase>
  <testcase name="testCreateCreationUserFilter1" classname="com.topcoder.timetracker.entry.time.failuretests.db.DbBaseFilterFactoryFailureTests" time="0.0"></testcase>
  <testcase name="testCreateCreationUserFilter2" classname="com.topcoder.timetracker.entry.time.failuretests.db.DbBaseFilterFactoryFailureTests" time="0.0"></testcase>
  <testcase name="testCreateCreationUserFilter3" classname="com.topcoder.timetracker.entry.time.failuretests.db.DbBaseFilterFactoryFailureTests" time="0.0"></testcase>
  <testcase name="testCreateModificationUserFilter1" classname="com.topcoder.timetracker.entry.time.failuretests.db.DbBaseFilterFactoryFailureTests" time="0.0"></testcase>
  <testcase name="testCreateModificationUserFilter2" classname="com.topcoder.timetracker.entry.time.failuretests.db.DbBaseFilterFactoryFailureTests" time="0.0"></testcase>
  <testcase name="testCreateModificationUserFilter3" classname="com.topcoder.timetracker.entry.time.failuretests.db.DbBaseFilterFactoryFailureTests" time="0.0"></testcase>
  <testcase name="testCtor1" classname="com.topcoder.timetracker.entry.time.failuretests.db.DbTaskTypeDAOFailureTests" time="0.219"></testcase>
  <testcase name="testCtor2" classname="com.topcoder.timetracker.entry.time.failuretests.db.DbTaskTypeDAOFailureTests" time="0.188"></testcase>
  <testcase name="testGetAllTaskTypes" classname="com.topcoder.timetracker.entry.time.failuretests.db.DbTaskTypeDAOFailureTests" time="0.265"></testcase>
  <testcase name="testCreateTaskTypes1" classname="com.topcoder.timetracker.entry.time.failuretests.db.DbTaskTypeDAOFailureTests" time="0.235"></testcase>
  <testcase name="testCreateTaskTypes2" classname="com.topcoder.timetracker.entry.time.failuretests.db.DbTaskTypeDAOFailureTests" time="0.172"></testcase>
  <testcase name="testCreateTaskTypes3" classname="com.topcoder.timetracker.entry.time.failuretests.db.DbTaskTypeDAOFailureTests" time="0.218"></testcase>
  <testcase name="testCreateTaskTypes4" classname="com.topcoder.timetracker.entry.time.failuretests.db.DbTaskTypeDAOFailureTests" time="0.235"></testcase>
  <testcase name="testCreateTaskTypes5" classname="com.topcoder.timetracker.entry.time.failuretests.db.DbTaskTypeDAOFailureTests" time="0.172"></testcase>
  <testcase name="testCreateTaskTypes6" classname="com.topcoder.timetracker.entry.time.failuretests.db.DbTaskTypeDAOFailureTests" time="0.218"></testcase>
  <testcase name="testCreateTaskTypes7" classname="com.topcoder.timetracker.entry.time.failuretests.db.DbTaskTypeDAOFailureTests" time="0.172"></testcase>
  <testcase name="testCreateTaskTypes8" classname="com.topcoder.timetracker.entry.time.failuretests.db.DbTaskTypeDAOFailureTests" time="0.219"></testcase>
  <testcase name="testUpdateTaskTypes1" classname="com.topcoder.timetracker.entry.time.failuretests.db.DbTaskTypeDAOFailureTests" time="0.156"></testcase>
  <testcase name="testUpdateTaskTypes2" classname="com.topcoder.timetracker.entry.time.failuretests.db.DbTaskTypeDAOFailureTests" time="0.219"></testcase>
  <testcase name="testUpdateTaskTypes3" classname="com.topcoder.timetracker.entry.time.failuretests.db.DbTaskTypeDAOFailureTests" time="0.297"></testcase>
  <testcase name="testUpdateTaskTypes4" classname="com.topcoder.timetracker.entry.time.failuretests.db.DbTaskTypeDAOFailureTests" time="0.25"></testcase>
  <testcase name="testUpdateTaskTypes5" classname="com.topcoder.timetracker.entry.time.failuretests.db.DbTaskTypeDAOFailureTests" time="0.281"></testcase>
  <testcase name="testUpdateTaskTypes6" classname="com.topcoder.timetracker.entry.time.failuretests.db.DbTaskTypeDAOFailureTests" time="0.25"></testcase>
  <testcase name="testUpdateTaskTypes7" classname="com.topcoder.timetracker.entry.time.failuretests.db.DbTaskTypeDAOFailureTests" time="0.281"></testcase>
  <testcase name="testDeleteTaskTypes1" classname="com.topcoder.timetracker.entry.time.failuretests.db.DbTaskTypeDAOFailureTests" time="0.172"></testcase>
  <testcase name="testDeleteTaskTypes2" classname="com.topcoder.timetracker.entry.time.failuretests.db.DbTaskTypeDAOFailureTests" time="0.219"></testcase>
  <testcase name="testDeleteTaskTypes3" classname="com.topcoder.timetracker.entry.time.failuretests.db.DbTaskTypeDAOFailureTests" time="0.234"></testcase>
  <testcase name="testDeleteTaskTypes4" classname="com.topcoder.timetracker.entry.time.failuretests.db.DbTaskTypeDAOFailureTests" time="0.375"></testcase>
  <testcase name="testGetTaskTypes1" classname="com.topcoder.timetracker.entry.time.failuretests.db.DbTaskTypeDAOFailureTests" time="0.219"></testcase>
  <testcase name="testGetTaskTypes2" classname="com.topcoder.timetracker.entry.time.failuretests.db.DbTaskTypeDAOFailureTests" time="0.281"></testcase>
  <testcase name="testSearchTaskTypes1" classname="com.topcoder.timetracker.entry.time.failuretests.db.DbTaskTypeDAOFailureTests" time="0.578"></testcase>
  <testcase name="testSearchTaskTypes2" classname="com.topcoder.timetracker.entry.time.failuretests.db.DbTaskTypeDAOFailureTests" time="0.204"></testcase>
  <testcase name="testCtor3" classname="com.topcoder.timetracker.entry.time.failuretests.db.DbTaskTypeDAOFailureTests" time="0.218"></testcase>
  <testcase name="testCtor4" classname="com.topcoder.timetracker.entry.time.failuretests.db.DbTaskTypeDAOFailureTests" time="0.219"></testcase>
  <testcase name="testCtor5" classname="com.topcoder.timetracker.entry.time.failuretests.db.DbTaskTypeDAOFailureTests" time="0.172"></testcase>
  <testcase name="testCtor6" classname="com.topcoder.timetracker.entry.time.failuretests.db.DbTaskTypeDAOFailureTests" time="0.219"></testcase>
  <testcase name="testCtor7" classname="com.topcoder.timetracker.entry.time.failuretests.db.DbTaskTypeDAOFailureTests" time="0.172"></testcase>
  <testcase name="testCtor8" classname="com.topcoder.timetracker.entry.time.failuretests.db.DbTaskTypeDAOFailureTests" time="0.203"></testcase>
  <testcase name="testCreateTaskTypes9" classname="com.topcoder.timetracker.entry.time.failuretests.db.DbTaskTypeDAOFailureTests" time="0.172"></testcase>
  <testcase name="testCreateTaskTypes10" classname="com.topcoder.timetracker.entry.time.failuretests.db.DbTaskTypeDAOFailureTests" time="0.328"></testcase>
  <testcase name="testUpdateTaskTypes8" classname="com.topcoder.timetracker.entry.time.failuretests.db.DbTaskTypeDAOFailureTests" time="0.437"></testcase>
  <testcase name="testCtor1" classname="com.topcoder.timetracker.entry.time.failuretests.db.DbTaskTypeFilterFactoryFailureTests" time="0.0"></testcase>
  <testcase name="testCtor2" classname="com.topcoder.timetracker.entry.time.failuretests.db.DbTaskTypeFilterFactoryFailureTests" time="0.0"></testcase>
  <testcase name="testCreateCompanyIdFilter" classname="com.topcoder.timetracker.entry.time.failuretests.db.DbTaskTypeFilterFactoryFailureTests" time="0.0"></testcase>
  <testcase name="testCtor3" classname="com.topcoder.timetracker.entry.time.failuretests.db.DbTaskTypeFilterFactoryFailureTests" time="0.0"></testcase>
  <testcase name="testCtor4" classname="com.topcoder.timetracker.entry.time.failuretests.db.DbTaskTypeFilterFactoryFailureTests" time="0.0"></testcase>
  <testcase name="testCtor5" classname="com.topcoder.timetracker.entry.time.failuretests.db.DbTaskTypeFilterFactoryFailureTests" time="0.0"></testcase>
  <testcase name="testCtor6" classname="com.topcoder.timetracker.entry.time.failuretests.db.DbTaskTypeFilterFactoryFailureTests" time="0.0"></testcase>
  <testcase name="testCreateDescriptionFilter1" classname="com.topcoder.timetracker.entry.time.failuretests.db.DbTaskTypeFilterFactoryFailureTests" time="0.0"></testcase>
  <testcase name="testCreateDescriptionFilter2" classname="com.topcoder.timetracker.entry.time.failuretests.db.DbTaskTypeFilterFactoryFailureTests" time="0.0"></testcase>
  <testcase name="testCreateDescriptionFilter3" classname="com.topcoder.timetracker.entry.time.failuretests.db.DbTaskTypeFilterFactoryFailureTests" time="0.0"></testcase>
  <testcase name="testCtor1" classname="com.topcoder.timetracker.entry.time.failuretests.db.DbTimeEntryDAOFailureTests" time="0.188"></testcase>
  <testcase name="testCtor2" classname="com.topcoder.timetracker.entry.time.failuretests.db.DbTimeEntryDAOFailureTests" time="0.218"></testcase>
  <testcase name="testGetAllTimeEntries" classname="com.topcoder.timetracker.entry.time.failuretests.db.DbTimeEntryDAOFailureTests" time="0.266"></testcase>
  <testcase name="testSearchTimeEntries2" classname="com.topcoder.timetracker.entry.time.failuretests.db.DbTimeEntryDAOFailureTests" time="0.281"></testcase>
  <testcase name="testCtor3" classname="com.topcoder.timetracker.entry.time.failuretests.db.DbTimeEntryDAOFailureTests" time="0.172"></testcase>
  <testcase name="testCtor4" classname="com.topcoder.timetracker.entry.time.failuretests.db.DbTimeEntryDAOFailureTests" time="0.219"></testcase>
  <testcase name="testCtor5" classname="com.topcoder.timetracker.entry.time.failuretests.db.DbTimeEntryDAOFailureTests" time="0.234"></testcase>
  <testcase name="testCtor6" classname="com.topcoder.timetracker.entry.time.failuretests.db.DbTimeEntryDAOFailureTests" time="0.172"></testcase>
  <testcase name="testCtor7" classname="com.topcoder.timetracker.entry.time.failuretests.db.DbTimeEntryDAOFailureTests" time="0.235"></testcase>
  <testcase name="testCtor8" classname="com.topcoder.timetracker.entry.time.failuretests.db.DbTimeEntryDAOFailureTests" time="0.234"></testcase>
  <testcase name="testCtor9" classname="com.topcoder.timetracker.entry.time.failuretests.db.DbTimeEntryDAOFailureTests" time="0.234"></testcase>
  <testcase name="testCtor10" classname="com.topcoder.timetracker.entry.time.failuretests.db.DbTimeEntryDAOFailureTests" time="0.172"></testcase>
  <testcase name="testCreateTimeEntries1" classname="com.topcoder.timetracker.entry.time.failuretests.db.DbTimeEntryDAOFailureTests" time="0.219"></testcase>
  <testcase name="testCreateTimeEntries2" classname="com.topcoder.timetracker.entry.time.failuretests.db.DbTimeEntryDAOFailureTests" time="0.234"></testcase>
  <testcase name="testCreateTimeEntries3" classname="com.topcoder.timetracker.entry.time.failuretests.db.DbTimeEntryDAOFailureTests" time="0.172"></testcase>
  <testcase name="testCreateTimeEntries4" classname="com.topcoder.timetracker.entry.time.failuretests.db.DbTimeEntryDAOFailureTests" time="0.219"></testcase>
  <testcase name="testCreateTimeEntries5" classname="com.topcoder.timetracker.entry.time.failuretests.db.DbTimeEntryDAOFailureTests" time="0.234"></testcase>
  <testcase name="testCreateTimeEntries6" classname="com.topcoder.timetracker.entry.time.failuretests.db.DbTimeEntryDAOFailureTests" time="0.172"></testcase>
  <testcase name="testCreateTimeEntries7" classname="com.topcoder.timetracker.entry.time.failuretests.db.DbTimeEntryDAOFailureTests" time="0.219"></testcase>
  <testcase name="testCreateTimeEntries8" classname="com.topcoder.timetracker.entry.time.failuretests.db.DbTimeEntryDAOFailureTests" time="0.172"></testcase>
  <testcase name="testCreateTimeEntries9" classname="com.topcoder.timetracker.entry.time.failuretests.db.DbTimeEntryDAOFailureTests" time="0.234"></testcase>
  <testcase name="testCreateTimeEntries10" classname="com.topcoder.timetracker.entry.time.failuretests.db.DbTimeEntryDAOFailureTests" time="0.235"></testcase>
  <testcase name="testCreateTimeEntries11" classname="com.topcoder.timetracker.entry.time.failuretests.db.DbTimeEntryDAOFailureTests" time="0.437"></testcase>
  <testcase name="testUpdateTimeEntries1" classname="com.topcoder.timetracker.entry.time.failuretests.db.DbTimeEntryDAOFailureTests" time="0.172"></testcase>
  <testcase name="testUpdateTimeEntries2" classname="com.topcoder.timetracker.entry.time.failuretests.db.DbTimeEntryDAOFailureTests" time="0.219"></testcase>
  <testcase name="testUpdateTimeEntries3" classname="com.topcoder.timetracker.entry.time.failuretests.db.DbTimeEntryDAOFailureTests" time="0.375"></testcase>
  <testcase name="testUpdateTimeEntries4" classname="com.topcoder.timetracker.entry.time.failuretests.db.DbTimeEntryDAOFailureTests" time="0.328"></testcase>
  <testcase name="testUpdateTimeEntries5" classname="com.topcoder.timetracker.entry.time.failuretests.db.DbTimeEntryDAOFailureTests" time="0.375"></testcase>
  <testcase name="testUpdateTimeEntries6" classname="com.topcoder.timetracker.entry.time.failuretests.db.DbTimeEntryDAOFailureTests" time="0.375"></testcase>
  <testcase name="testUpdateTimeEntries7" classname="com.topcoder.timetracker.entry.time.failuretests.db.DbTimeEntryDAOFailureTests" time="0.328"></testcase>
  <testcase name="testUpdateTimeEntries8" classname="com.topcoder.timetracker.entry.time.failuretests.db.DbTimeEntryDAOFailureTests" time="0.437"></testcase>
  <testcase name="testUpdateTimeEntries9" classname="com.topcoder.timetracker.entry.time.failuretests.db.DbTimeEntryDAOFailureTests" time="0.516"></testcase>
  <testcase name="testUpdateTimeEntries10" classname="com.topcoder.timetracker.entry.time.failuretests.db.DbTimeEntryDAOFailureTests" time="0.406"></testcase>
  <testcase name="testDeleteTimeEntries1" classname="com.topcoder.timetracker.entry.time.failuretests.db.DbTimeEntryDAOFailureTests" time="0.219"></testcase>
  <testcase name="testDeleteTimeEntries2" classname="com.topcoder.timetracker.entry.time.failuretests.db.DbTimeEntryDAOFailureTests" time="0.234"></testcase>
  <testcase name="testDeleteTimeEntries3" classname="com.topcoder.timetracker.entry.time.failuretests.db.DbTimeEntryDAOFailureTests" time="0.438"></testcase>
  <testcase name="testDeleteTimeEntries4" classname="com.topcoder.timetracker.entry.time.failuretests.db.DbTimeEntryDAOFailureTests" time="0.516"></testcase>
  <testcase name="testDeleteTimeEntries5" classname="com.topcoder.timetracker.entry.time.failuretests.db.DbTimeEntryDAOFailureTests" time="0.515"></testcase>
  <testcase name="testGetTimeEntries1" classname="com.topcoder.timetracker.entry.time.failuretests.db.DbTimeEntryDAOFailureTests" time="0.219"></testcase>
  <testcase name="testGetTimeEntries2" classname="com.topcoder.timetracker.entry.time.failuretests.db.DbTimeEntryDAOFailureTests" time="0.594"></testcase>
  <testcase name="testGetTimeEntries3" classname="com.topcoder.timetracker.entry.time.failuretests.db.DbTimeEntryDAOFailureTests" time="0.406"></testcase>
  <testcase name="testSearchTimeEntries1" classname="com.topcoder.timetracker.entry.time.failuretests.db.DbTimeEntryDAOFailureTests" time="0.234"></testcase>
  <testcase name="testCtor1" classname="com.topcoder.timetracker.entry.time.failuretests.db.DbTimeEntryFilterFactoryFailureTests" time="0.0"></testcase>
  <testcase name="testCtor2" classname="com.topcoder.timetracker.entry.time.failuretests.db.DbTimeEntryFilterFactoryFailureTests" time="0.0"></testcase>
  <testcase name="testCreateInvoiceIdFilter" classname="com.topcoder.timetracker.entry.time.failuretests.db.DbTimeEntryFilterFactoryFailureTests" time="0.0"></testcase>
  <testcase name="testCreateTaskTypeFilter" classname="com.topcoder.timetracker.entry.time.failuretests.db.DbTimeEntryFilterFactoryFailureTests" time="0.0"></testcase>
  <testcase name="testCreateTimeStatusFilter" classname="com.topcoder.timetracker.entry.time.failuretests.db.DbTimeEntryFilterFactoryFailureTests" time="0.0"></testcase>
  <testcase name="testCreateRejectReasonFilter" classname="com.topcoder.timetracker.entry.time.failuretests.db.DbTimeEntryFilterFactoryFailureTests" time="0.0"></testcase>
  <testcase name="testCreateCompanyIdFilter" classname="com.topcoder.timetracker.entry.time.failuretests.db.DbTimeEntryFilterFactoryFailureTests" time="0.0"></testcase>
  <testcase name="testCtor3" classname="com.topcoder.timetracker.entry.time.failuretests.db.DbTimeEntryFilterFactoryFailureTests" time="0.0"></testcase>
  <testcase name="testCtor4" classname="com.topcoder.timetracker.entry.time.failuretests.db.DbTimeEntryFilterFactoryFailureTests" time="0.0"></testcase>
  <testcase name="testCtor5" classname="com.topcoder.timetracker.entry.time.failuretests.db.DbTimeEntryFilterFactoryFailureTests" time="0.0"></testcase>
  <testcase name="testCtor6" classname="com.topcoder.timetracker.entry.time.failuretests.db.DbTimeEntryFilterFactoryFailureTests" time="0.0"></testcase>
  <testcase name="testCreateDescriptionFilter1" classname="com.topcoder.timetracker.entry.time.failuretests.db.DbTimeEntryFilterFactoryFailureTests" time="0.0"></testcase>
  <testcase name="testCreateDescriptionFilter2" classname="com.topcoder.timetracker.entry.time.failuretests.db.DbTimeEntryFilterFactoryFailureTests" time="0.0"></testcase>
  <testcase name="testCreateDescriptionFilter3" classname="com.topcoder.timetracker.entry.time.failuretests.db.DbTimeEntryFilterFactoryFailureTests" time="0.0"></testcase>
  <testcase name="testCreateEntryDateFilter1" classname="com.topcoder.timetracker.entry.time.failuretests.db.DbTimeEntryFilterFactoryFailureTests" time="0.0"></testcase>
  <testcase name="testCreateEntryDateFilter2" classname="com.topcoder.timetracker.entry.time.failuretests.db.DbTimeEntryFilterFactoryFailureTests" time="0.0"></testcase>
  <testcase name="testCreateHoursFilter1" classname="com.topcoder.timetracker.entry.time.failuretests.db.DbTimeEntryFilterFactoryFailureTests" time="0.0"></testcase>
  <testcase name="testCreateHoursFilter2" classname="com.topcoder.timetracker.entry.time.failuretests.db.DbTimeEntryFilterFactoryFailureTests" time="0.0"></testcase>
  <testcase name="testCtor1" classname="com.topcoder.timetracker.entry.time.failuretests.db.DbTimeEntryRejectReasonDAOFailureTests" time="0.516"></testcase>
  <testcase name="testCtor2" classname="com.topcoder.timetracker.entry.time.failuretests.db.DbTimeEntryRejectReasonDAOFailureTests" time="0.625"></testcase>
  <testcase name="testCtor3" classname="com.topcoder.timetracker.entry.time.failuretests.db.DbTimeEntryRejectReasonDAOFailureTests" time="0.344"></testcase>
  <testcase name="testAddRejectReasonToEntry1" classname="com.topcoder.timetracker.entry.time.failuretests.db.DbTimeEntryRejectReasonDAOFailureTests" time="0.406"></testcase>
  <testcase name="testAddRejectReasonToEntry2" classname="com.topcoder.timetracker.entry.time.failuretests.db.DbTimeEntryRejectReasonDAOFailureTests" time="0.375"></testcase>
  <testcase name="testRemoveRejectReasonFromEntry1" classname="com.topcoder.timetracker.entry.time.failuretests.db.DbTimeEntryRejectReasonDAOFailureTests" time="0.406"></testcase>
  <testcase name="testRemoveRejectReasonFromEntry2" classname="com.topcoder.timetracker.entry.time.failuretests.db.DbTimeEntryRejectReasonDAOFailureTests" time="0.469"></testcase>
  <testcase name="testGetAllTimeStatuses" classname="com.topcoder.timetracker.entry.time.failuretests.db.DbTimeStatusDAOFailureTests" time="1.062"></testcase>
  <testcase name="testCtor1" classname="com.topcoder.timetracker.entry.time.failuretests.db.DbTimeStatusDAOFailureTests" time="0.25"></testcase>
  <testcase name="testCtor2" classname="com.topcoder.timetracker.entry.time.failuretests.db.DbTimeStatusDAOFailureTests" time="0.172"></testcase>
  <testcase name="testCreateTimeStatuses1" classname="com.topcoder.timetracker.entry.time.failuretests.db.DbTimeStatusDAOFailureTests" time="0.219"></testcase>
  <testcase name="testCreateTimeStatuses2" classname="com.topcoder.timetracker.entry.time.failuretests.db.DbTimeStatusDAOFailureTests" time="0.219"></testcase>
  <testcase name="testCreateTimeStatuses3" classname="com.topcoder.timetracker.entry.time.failuretests.db.DbTimeStatusDAOFailureTests" time="0.172"></testcase>
  <testcase name="testCreateTimeStatuses4" classname="com.topcoder.timetracker.entry.time.failuretests.db.DbTimeStatusDAOFailureTests" time="0.25"></testcase>
  <testcase name="testCreateTimeStatuses5" classname="com.topcoder.timetracker.entry.time.failuretests.db.DbTimeStatusDAOFailureTests" time="0.25"></testcase>
  <testcase name="testCreateTimeStatuses6" classname="com.topcoder.timetracker.entry.time.failuretests.db.DbTimeStatusDAOFailureTests" time="0.218"></testcase>
  <testcase name="testCreateTimeStatuses7" classname="com.topcoder.timetracker.entry.time.failuretests.db.DbTimeStatusDAOFailureTests" time="0.235"></testcase>
  <testcase name="testCreateTimeStatuses8" classname="com.topcoder.timetracker.entry.time.failuretests.db.DbTimeStatusDAOFailureTests" time="0.172"></testcase>
  <testcase name="testUpdateTimeStatuses1" classname="com.topcoder.timetracker.entry.time.failuretests.db.DbTimeStatusDAOFailureTests" time="0.218"></testcase>
  <testcase name="testUpdateTimeStatuses2" classname="com.topcoder.timetracker.entry.time.failuretests.db.DbTimeStatusDAOFailureTests" time="0.172"></testcase>
  <testcase name="testUpdateTimeStatuses3" classname="com.topcoder.timetracker.entry.time.failuretests.db.DbTimeStatusDAOFailureTests" time="0.25"></testcase>
  <testcase name="testUpdateTimeStatuses4" classname="com.topcoder.timetracker.entry.time.failuretests.db.DbTimeStatusDAOFailureTests" time="0.203"></testcase>
  <testcase name="testUpdateTimeStatuses5" classname="com.topcoder.timetracker.entry.time.failuretests.db.DbTimeStatusDAOFailureTests" time="0.266"></testcase>
  <testcase name="testUpdateTimeStatuses6" classname="com.topcoder.timetracker.entry.time.failuretests.db.DbTimeStatusDAOFailureTests" time="0.25"></testcase>
  <testcase name="testUpdateTimeStatuses7" classname="com.topcoder.timetracker.entry.time.failuretests.db.DbTimeStatusDAOFailureTests" time="0.219"></testcase>
  <testcase name="testDeleteTimeStatuses1" classname="com.topcoder.timetracker.entry.time.failuretests.db.DbTimeStatusDAOFailureTests" time="0.219"></testcase>
  <testcase name="testDeleteTimeStatuses2" classname="com.topcoder.timetracker.entry.time.failuretests.db.DbTimeStatusDAOFailureTests" time="0.156"></testcase>
  <testcase name="testDeleteTimeStatuses3" classname="com.topcoder.timetracker.entry.time.failuretests.db.DbTimeStatusDAOFailureTests" time="0.25"></testcase>
  <testcase name="testDeleteTimeStatuses4" classname="com.topcoder.timetracker.entry.time.failuretests.db.DbTimeStatusDAOFailureTests" time="0.344"></testcase>
  <testcase name="testGetTimeStatuses1" classname="com.topcoder.timetracker.entry.time.failuretests.db.DbTimeStatusDAOFailureTests" time="0.171"></testcase>
  <testcase name="testGetTimeStatuses2" classname="com.topcoder.timetracker.entry.time.failuretests.db.DbTimeStatusDAOFailureTests" time="0.297"></testcase>
  <testcase name="testSearchTimeStatuses1" classname="com.topcoder.timetracker.entry.time.failuretests.db.DbTimeStatusDAOFailureTests" time="0.219"></testcase>
  <testcase name="testSearchTimeStatuses2" classname="com.topcoder.timetracker.entry.time.failuretests.db.DbTimeStatusDAOFailureTests" time="0.203"></testcase>
  <testcase name="testCtor3" classname="com.topcoder.timetracker.entry.time.failuretests.db.DbTimeStatusDAOFailureTests" time="0.235"></testcase>
  <testcase name="testCtor4" classname="com.topcoder.timetracker.entry.time.failuretests.db.DbTimeStatusDAOFailureTests" time="0.218"></testcase>
  <testcase name="testCtor5" classname="com.topcoder.timetracker.entry.time.failuretests.db.DbTimeStatusDAOFailureTests" time="0.172"></testcase>
  <testcase name="testCtor6" classname="com.topcoder.timetracker.entry.time.failuretests.db.DbTimeStatusDAOFailureTests" time="0.219"></testcase>
  <testcase name="testCtor7" classname="com.topcoder.timetracker.entry.time.failuretests.db.DbTimeStatusDAOFailureTests" time="0.234"></testcase>
  <testcase name="testCtor8" classname="com.topcoder.timetracker.entry.time.failuretests.db.DbTimeStatusDAOFailureTests" time="0.157"></testcase>
  <testcase name="testCreateTimeStatuses9" classname="com.topcoder.timetracker.entry.time.failuretests.db.DbTimeStatusDAOFailureTests" time="0.218"></testcase>
  <testcase name="testCreateTimeStatuses10" classname="com.topcoder.timetracker.entry.time.failuretests.db.DbTimeStatusDAOFailureTests" time="0.219"></testcase>
  <testcase name="testUpdateTimeStatuses8" classname="com.topcoder.timetracker.entry.time.failuretests.db.DbTimeStatusDAOFailureTests" time="0.328"></testcase>
  <testcase name="testCtor1" classname="com.topcoder.timetracker.entry.time.failuretests.db.DbTimeStatusFilterFactoryFailureTests" time="0.0"></testcase>
  <testcase name="testCtor2" classname="com.topcoder.timetracker.entry.time.failuretests.db.DbTimeStatusFilterFactoryFailureTests" time="0.0"></testcase>
  <testcase name="testCtor3" classname="com.topcoder.timetracker.entry.time.failuretests.db.DbTimeStatusFilterFactoryFailureTests" time="0.0"></testcase>
  <testcase name="testCtor4" classname="com.topcoder.timetracker.entry.time.failuretests.db.DbTimeStatusFilterFactoryFailureTests" time="0.0"></testcase>
  <testcase name="testCtor5" classname="com.topcoder.timetracker.entry.time.failuretests.db.DbTimeStatusFilterFactoryFailureTests" time="0.0"></testcase>
  <testcase name="testCtor6" classname="com.topcoder.timetracker.entry.time.failuretests.db.DbTimeStatusFilterFactoryFailureTests" time="0.0"></testcase>
  <testcase name="testCreateDescriptionFilter1" classname="com.topcoder.timetracker.entry.time.failuretests.db.DbTimeStatusFilterFactoryFailureTests" time="0.0"></testcase>
  <testcase name="testCreateDescriptionFilter2" classname="com.topcoder.timetracker.entry.time.failuretests.db.DbTimeStatusFilterFactoryFailureTests" time="0.0"></testcase>
  <testcase name="testCreateDescriptionFilter3" classname="com.topcoder.timetracker.entry.time.failuretests.db.DbTimeStatusFilterFactoryFailureTests" time="0.0"></testcase>
  <testcase name="testGetTaskType" classname="com.topcoder.timetracker.entry.time.failuretests.ejb.TaskTypeManagerSessionBeanFailureTests" time="0.203"></testcase>
  <testcase name="testCreateTaskType" classname="com.topcoder.timetracker.entry.time.failuretests.ejb.TaskTypeManagerSessionBeanFailureTests" time="0.203"></testcase>
  <testcase name="testDeleteTaskType" classname="com.topcoder.timetracker.entry.time.failuretests.ejb.TaskTypeManagerSessionBeanFailureTests" time="0.235"></testcase>
  <testcase name="testGetTaskTypes" classname="com.topcoder.timetracker.entry.time.failuretests.ejb.TaskTypeManagerSessionBeanFailureTests" time="0.203"></testcase>
  <testcase name="testUpdateTaskType1" classname="com.topcoder.timetracker.entry.time.failuretests.ejb.TaskTypeManagerSessionBeanFailureTests" time="0.141"></testcase>
  <testcase name="testUpdateTaskType2" classname="com.topcoder.timetracker.entry.time.failuretests.ejb.TaskTypeManagerSessionBeanFailureTests" time="0.281"></testcase>
  <testcase name="testCreateTaskTypes1" classname="com.topcoder.timetracker.entry.time.failuretests.ejb.TaskTypeManagerSessionBeanFailureTests" time="0.156"></testcase>
  <testcase name="testCreateTaskTypes2" classname="com.topcoder.timetracker.entry.time.failuretests.ejb.TaskTypeManagerSessionBeanFailureTests" time="0.219"></testcase>
  <testcase name="testCreateTaskTypes3" classname="com.topcoder.timetracker.entry.time.failuretests.ejb.TaskTypeManagerSessionBeanFailureTests" time="0.156"></testcase>
  <testcase name="testCreateTaskTypes4" classname="com.topcoder.timetracker.entry.time.failuretests.ejb.TaskTypeManagerSessionBeanFailureTests" time="0.203"></testcase>
  <testcase name="testCreateTaskTypes5" classname="com.topcoder.timetracker.entry.time.failuretests.ejb.TaskTypeManagerSessionBeanFailureTests" time="0.141"></testcase>
  <testcase name="testCreateTaskTypes6" classname="com.topcoder.timetracker.entry.time.failuretests.ejb.TaskTypeManagerSessionBeanFailureTests" time="0.204"></testcase>
  <testcase name="testCreateTaskTypes7" classname="com.topcoder.timetracker.entry.time.failuretests.ejb.TaskTypeManagerSessionBeanFailureTests" time="0.14"></testcase>
  <testcase name="testUpdateTaskTypes1" classname="com.topcoder.timetracker.entry.time.failuretests.ejb.TaskTypeManagerSessionBeanFailureTests" time="0.219"></testcase>
  <testcase name="testUpdateTaskTypes2" classname="com.topcoder.timetracker.entry.time.failuretests.ejb.TaskTypeManagerSessionBeanFailureTests" time="0.141"></testcase>
  <testcase name="testUpdateTaskTypes3" classname="com.topcoder.timetracker.entry.time.failuretests.ejb.TaskTypeManagerSessionBeanFailureTests" time="0.296"></testcase>
  <testcase name="testUpdateTaskTypes4" classname="com.topcoder.timetracker.entry.time.failuretests.ejb.TaskTypeManagerSessionBeanFailureTests" time="0.219"></testcase>
  <testcase name="testUpdateTaskTypes5" classname="com.topcoder.timetracker.entry.time.failuretests.ejb.TaskTypeManagerSessionBeanFailureTests" time="0.297"></testcase>
  <testcase name="testUpdateTaskTypes6" classname="com.topcoder.timetracker.entry.time.failuretests.ejb.TaskTypeManagerSessionBeanFailureTests" time="0.234"></testcase>
  <testcase name="testDeleteTaskTypes1" classname="com.topcoder.timetracker.entry.time.failuretests.ejb.TaskTypeManagerSessionBeanFailureTests" time="0.204"></testcase>
  <testcase name="testDeleteTaskTypes2" classname="com.topcoder.timetracker.entry.time.failuretests.ejb.TaskTypeManagerSessionBeanFailureTests" time="0.14"></testcase>
  <testcase name="testDeleteTaskTypes3" classname="com.topcoder.timetracker.entry.time.failuretests.ejb.TaskTypeManagerSessionBeanFailureTests" time="0.313"></testcase>
  <testcase name="testSearchTaskTypes1" classname="com.topcoder.timetracker.entry.time.failuretests.ejb.TaskTypeManagerSessionBeanFailureTests" time="0.156"></testcase>
  <testcase name="testSearchTaskTypes2" classname="com.topcoder.timetracker.entry.time.failuretests.ejb.TaskTypeManagerSessionBeanFailureTests" time="0.25"></testcase>
  <testcase name="testAddRejectReasonToEntry" classname="com.topcoder.timetracker.entry.time.failuretests.ejb.TimeEntryManagerSessionBeanFailureTests" time="0.156"></testcase>
  <testcase name="testRemoveRejectReasonFromEntry" classname="com.topcoder.timetracker.entry.time.failuretests.ejb.TimeEntryManagerSessionBeanFailureTests" time="0.203"></testcase>
  <testcase name="testRemoveAllRejectReasonsFromEntry" classname="com.topcoder.timetracker.entry.time.failuretests.ejb.TimeEntryManagerSessionBeanFailureTests" time="0.157"></testcase>
  <testcase name="testCreateTimeEntry" classname="com.topcoder.timetracker.entry.time.failuretests.ejb.TimeEntryManagerSessionBeanFailureTests" time="0.203"></testcase>
  <testcase name="testDeleteTimeEntry" classname="com.topcoder.timetracker.entry.time.failuretests.ejb.TimeEntryManagerSessionBeanFailureTests" time="0.187"></testcase>
  <testcase name="testGetTimeEntry" classname="com.topcoder.timetracker.entry.time.failuretests.ejb.TimeEntryManagerSessionBeanFailureTests" time="0.25"></testcase>
  <testcase name="testSearchTimeEntries2" classname="com.topcoder.timetracker.entry.time.failuretests.ejb.TimeEntryManagerSessionBeanFailureTests" time="0.188"></testcase>
  <testcase name="testCreateTimeEntries1" classname="com.topcoder.timetracker.entry.time.failuretests.ejb.TimeEntryManagerSessionBeanFailureTests" time="0.218"></testcase>
  <testcase name="testCreateTimeEntries2" classname="com.topcoder.timetracker.entry.time.failuretests.ejb.TimeEntryManagerSessionBeanFailureTests" time="0.141"></testcase>
  <testcase name="testCreateTimeEntries3" classname="com.topcoder.timetracker.entry.time.failuretests.ejb.TimeEntryManagerSessionBeanFailureTests" time="0.219"></testcase>
  <testcase name="testCreateTimeEntries4" classname="com.topcoder.timetracker.entry.time.failuretests.ejb.TimeEntryManagerSessionBeanFailureTests" time="0.156"></testcase>
  <testcase name="testCreateTimeEntries5" classname="com.topcoder.timetracker.entry.time.failuretests.ejb.TimeEntryManagerSessionBeanFailureTests" time="0.219"></testcase>
  <testcase name="testCreateTimeEntries6" classname="com.topcoder.timetracker.entry.time.failuretests.ejb.TimeEntryManagerSessionBeanFailureTests" time="0.14"></testcase>
  <testcase name="testCreateTimeEntries7" classname="com.topcoder.timetracker.entry.time.failuretests.ejb.TimeEntryManagerSessionBeanFailureTests" time="0.219"></testcase>
  <testcase name="testCreateTimeEntries8" classname="com.topcoder.timetracker.entry.time.failuretests.ejb.TimeEntryManagerSessionBeanFailureTests" time="0.156"></testcase>
  <testcase name="testUpdateTimeEntries1" classname="com.topcoder.timetracker.entry.time.failuretests.ejb.TimeEntryManagerSessionBeanFailureTests" time="0.204"></testcase>
  <testcase name="testUpdateTimeEntries2" classname="com.topcoder.timetracker.entry.time.failuretests.ejb.TimeEntryManagerSessionBeanFailureTests" time="0.156"></testcase>
  <testcase name="testUpdateTimeEntries3" classname="com.topcoder.timetracker.entry.time.failuretests.ejb.TimeEntryManagerSessionBeanFailureTests" time="0.39"></testcase>
  <testcase name="testUpdateTimeEntries4" classname="com.topcoder.timetracker.entry.time.failuretests.ejb.TimeEntryManagerSessionBeanFailureTests" time="0.344"></testcase>
  <testcase name="testUpdateTimeEntries5" classname="com.topcoder.timetracker.entry.time.failuretests.ejb.TimeEntryManagerSessionBeanFailureTests" time="0.406"></testcase>
  <testcase name="testUpdateTimeEntries6" classname="com.topcoder.timetracker.entry.time.failuretests.ejb.TimeEntryManagerSessionBeanFailureTests" time="0.344"></testcase>
  <testcase name="testUpdateTimeEntries7" classname="com.topcoder.timetracker.entry.time.failuretests.ejb.TimeEntryManagerSessionBeanFailureTests" time="0.422"></testcase>
  <testcase name="testUpdateTimeEntries8" classname="com.topcoder.timetracker.entry.time.failuretests.ejb.TimeEntryManagerSessionBeanFailureTests" time="0.484"></testcase>
  <testcase name="testDeleteTimeEntries1" classname="com.topcoder.timetracker.entry.time.failuretests.ejb.TimeEntryManagerSessionBeanFailureTests" time="0.219"></testcase>
  <testcase name="testDeleteTimeEntries2" classname="com.topcoder.timetracker.entry.time.failuretests.ejb.TimeEntryManagerSessionBeanFailureTests" time="0.141"></testcase>
  <testcase name="testDeleteTimeEntries3" classname="com.topcoder.timetracker.entry.time.failuretests.ejb.TimeEntryManagerSessionBeanFailureTests" time="0.438"></testcase>
  <testcase name="testDeleteTimeEntries4" classname="com.topcoder.timetracker.entry.time.failuretests.ejb.TimeEntryManagerSessionBeanFailureTests" time="0.562"></testcase>
  <testcase name="testGetTimeEntries1" classname="com.topcoder.timetracker.entry.time.failuretests.ejb.TimeEntryManagerSessionBeanFailureTests" time="0.204"></testcase>
  <testcase name="testGetTimeEntries2" classname="com.topcoder.timetracker.entry.time.failuretests.ejb.TimeEntryManagerSessionBeanFailureTests" time="0.562"></testcase>
  <testcase name="testSearchTimeEntries1" classname="com.topcoder.timetracker.entry.time.failuretests.ejb.TimeEntryManagerSessionBeanFailureTests" time="0.219"></testcase>
  <testcase name="testUpdateTimeEntry1" classname="com.topcoder.timetracker.entry.time.failuretests.ejb.TimeEntryManagerSessionBeanFailureTests" time="0.14"></testcase>
  <testcase name="testUpdateTimeEntry2" classname="com.topcoder.timetracker.entry.time.failuretests.ejb.TimeEntryManagerSessionBeanFailureTests" time="0.25"></testcase>
  <testcase name="testCreateTimeStatus" classname="com.topcoder.timetracker.entry.time.failuretests.ejb.TimeStatusManagerSessionBeanFailureTests" time="0.172"></testcase>
  <testcase name="testDeleteTimeStatus" classname="com.topcoder.timetracker.entry.time.failuretests.ejb.TimeStatusManagerSessionBeanFailureTests" time="0.266"></testcase>
  <testcase name="testGetTimeStatus" classname="com.topcoder.timetracker.entry.time.failuretests.ejb.TimeStatusManagerSessionBeanFailureTests" time="0.203"></testcase>
  <testcase name="testGetTimeStatuses" classname="com.topcoder.timetracker.entry.time.failuretests.ejb.TimeStatusManagerSessionBeanFailureTests" time="0.203"></testcase>
  <testcase name="testUpdateTimeStatus1" classname="com.topcoder.timetracker.entry.time.failuretests.ejb.TimeStatusManagerSessionBeanFailureTests" time="0.156"></testcase>
  <testcase name="testUpdateTimeStatus2" classname="com.topcoder.timetracker.entry.time.failuretests.ejb.TimeStatusManagerSessionBeanFailureTests" time="0.266"></testcase>
  <testcase name="testCreateTimeStatuses1" classname="com.topcoder.timetracker.entry.time.failuretests.ejb.TimeStatusManagerSessionBeanFailureTests" time="0.156"></testcase>
  <testcase name="testCreateTimeStatuses2" classname="com.topcoder.timetracker.entry.time.failuretests.ejb.TimeStatusManagerSessionBeanFailureTests" time="0.203"></testcase>
  <testcase name="testCreateTimeStatuses3" classname="com.topcoder.timetracker.entry.time.failuretests.ejb.TimeStatusManagerSessionBeanFailureTests" time="0.157"></testcase>
  <testcase name="testCreateTimeStatuses4" classname="com.topcoder.timetracker.entry.time.failuretests.ejb.TimeStatusManagerSessionBeanFailureTests" time="0.203"></testcase>
  <testcase name="testCreateTimeStatuses5" classname="com.topcoder.timetracker.entry.time.failuretests.ejb.TimeStatusManagerSessionBeanFailureTests" time="0.156"></testcase>
  <testcase name="testCreateTimeStatuses6" classname="com.topcoder.timetracker.entry.time.failuretests.ejb.TimeStatusManagerSessionBeanFailureTests" time="0.203"></testcase>
  <testcase name="testCreateTimeStatuses7" classname="com.topcoder.timetracker.entry.time.failuretests.ejb.TimeStatusManagerSessionBeanFailureTests" time="0.141"></testcase>
  <testcase name="testUpdateTimeStatuses1" classname="com.topcoder.timetracker.entry.time.failuretests.ejb.TimeStatusManagerSessionBeanFailureTests" time="0.219"></testcase>
  <testcase name="testUpdateTimeStatuses2" classname="com.topcoder.timetracker.entry.time.failuretests.ejb.TimeStatusManagerSessionBeanFailureTests" time="0.14"></testcase>
  <testcase name="testUpdateTimeStatuses3" classname="com.topcoder.timetracker.entry.time.failuretests.ejb.TimeStatusManagerSessionBeanFailureTests" time="0.281"></testcase>
  <testcase name="testUpdateTimeStatuses4" classname="com.topcoder.timetracker.entry.time.failuretests.ejb.TimeStatusManagerSessionBeanFailureTests" time="0.235"></testcase>
  <testcase name="testUpdateTimeStatuses5" classname="com.topcoder.timetracker.entry.time.failuretests.ejb.TimeStatusManagerSessionBeanFailureTests" time="0.297"></testcase>
  <testcase name="testUpdateTimeStatuses6" classname="com.topcoder.timetracker.entry.time.failuretests.ejb.TimeStatusManagerSessionBeanFailureTests" time="0.234"></testcase>
  <testcase name="testDeleteTimeStatuses1" classname="com.topcoder.timetracker.entry.time.failuretests.ejb.TimeStatusManagerSessionBeanFailureTests" time="0.203"></testcase>
  <testcase name="testDeleteTimeStatuses2" classname="com.topcoder.timetracker.entry.time.failuretests.ejb.TimeStatusManagerSessionBeanFailureTests" time="0.156"></testcase>
  <testcase name="testDeleteTimeStatuses3" classname="com.topcoder.timetracker.entry.time.failuretests.ejb.TimeStatusManagerSessionBeanFailureTests" time="0.297"></testcase>
  <testcase name="testSearchTimeStatuses1" classname="com.topcoder.timetracker.entry.time.failuretests.ejb.TimeStatusManagerSessionBeanFailureTests" time="0.141"></testcase>
  <testcase name="testSearchTimeStatuses2" classname="com.topcoder.timetracker.entry.time.failuretests.ejb.TimeStatusManagerSessionBeanFailureTests" time="0.25"></testcase>
  <testcase name="testCreateTaskType" classname="com.topcoder.timetracker.entry.time.stresstests.TaskTypeManagerImplStressTests" time="0.484"></testcase>
  <testcase name="testUpdateTaskType" classname="com.topcoder.timetracker.entry.time.stresstests.TaskTypeManagerImplStressTests" time="0.422"></testcase>
  <testcase name="testCreateTaskTypes" classname="com.topcoder.timetracker.entry.time.stresstests.TaskTypeManagerImplStressTests" time="5.235"></testcase>
  <testcase name="testUpdateTaskTypes" classname="com.topcoder.timetracker.entry.time.stresstests.TaskTypeManagerImplStressTests" time="5.109"></testcase>
  <testcase name="testSearchTaskTypes" classname="com.topcoder.timetracker.entry.time.stresstests.TaskTypeManagerImplStressTests" time="4.812"></testcase>
  <testcase name="testCreateTimeEntries" classname="com.topcoder.timetracker.entry.time.stresstests.TimeEntryManagerImplStressTests" time="20.36"></testcase>
  <testcase name="testUpdateTimeEntries" classname="com.topcoder.timetracker.entry.time.stresstests.TimeEntryManagerImplStressTests" time="29.14"></testcase>
  <testcase name="testSearchTimeEntries" classname="com.topcoder.timetracker.entry.time.stresstests.TimeEntryManagerImplStressTests" time="5.313"></testcase>
  <testcase name="testCreateTimeStatus" classname="com.topcoder.timetracker.entry.time.stresstests.TimeStatusManagerImplStressTests" time="0.437"></testcase>
  <testcase name="testCreateTimeStatuses" classname="com.topcoder.timetracker.entry.time.stresstests.TimeStatusManagerImplStressTests" time="0.516"></testcase>
  <testcase name="testUpdateTimeStatuses" classname="com.topcoder.timetracker.entry.time.stresstests.TimeStatusManagerImplStressTests" time="0.719"></testcase>
  <testcase name="testDeleteTimeStatuses" classname="com.topcoder.timetracker.entry.time.stresstests.TimeStatusManagerImplStressTests" time="0.75"></testcase>
  <testcase name="testGetTimeStatuses" classname="com.topcoder.timetracker.entry.time.stresstests.TimeStatusManagerImplStressTests" time="0.547"></testcase>
  <testcase name="testSearchTimeStatuses" classname="com.topcoder.timetracker.entry.time.stresstests.TimeStatusManagerImplStressTests" time="0.281"></testcase>
  <system-out><![CDATA[Creating 100 task types takes 4937 ms
Updating 100 task types takes 219 ms
Searching 50 task types in 100 task types takes 63 ms
Creating 100 time entries takes 11954 ms
Updating 100 time entries takes 12578 ms
Searching 2 time entries in 100 time entries takes 219 ms
Creating 100 task statuses takes 282 ms
Updating 100 time statuses takes 156 ms
Searching 1 time status in 100 time statuses takes 47 ms
]]></system-out>
  <system-err><![CDATA[java.sql.SQLException: Column (no_column) not found in any table in the query (or SLV is undefined).
	at com.informix.jdbc.IfxSqli.addException(IfxSqli.java:3082)
	at com.informix.jdbc.IfxSqli.receiveError(IfxSqli.java:3396)
	at com.informix.jdbc.IfxSqli.dispatchMsg(IfxSqli.java:2259)
	at com.informix.jdbc.IfxSqli.receiveMessage(IfxSqli.java:2179)
	at com.informix.jdbc.IfxSqli.executePrepare(IfxSqli.java:1082)
	at com.informix.jdbc.IfxResultSet.executePrepare(IfxResultSet.java:182)
	at com.informix.jdbc.IfxPreparedStatement.setupExecutePrepare(IfxPreparedStatement.java:197)
	at com.informix.jdbc.IfxPreparedStatement.<init>(IfxPreparedStatement.java:175)
	at com.informix.jdbc.IfxSqliConnect.prepareStatement(IfxSqliConnect.java:1907)
	at com.topcoder.search.builder.database.DatabaseSearchStrategy.search(DatabaseSearchStrategy.java:314)
	at com.topcoder.timetracker.entry.time.db.DbTimeStatusDAO.searchTimeStatuses(DbTimeStatusDAO.java:611)
	at com.topcoder.timetracker.entry.time.TimeStatusManagerImpl.searchTimeStatuses(TimeStatusManagerImpl.java:185)
	at com.topcoder.timetracker.entry.time.TimeStatusManagerImplTests.testSearchTimeStatuses_DataAccessException(TimeStatusManagerImplTests.java:1047)
	at sun.reflect.NativeMethodAccessorImpl.invoke0(Native Method)
	at sun.reflect.NativeMethodAccessorImpl.invoke(NativeMethodAccessorImpl.java:39)
	at sun.reflect.DelegatingMethodAccessorImpl.invoke(DelegatingMethodAccessorImpl.java:25)
	at java.lang.reflect.Method.invoke(Method.java:324)
	at junit.framework.TestCase.runTest(TestCase.java:154)
	at junit.framework.TestCase.runBare(TestCase.java:127)
	at junit.framework.TestResult$1.protect(TestResult.java:106)
	at junit.framework.TestResult.runProtected(TestResult.java:124)
	at junit.framework.TestResult.run(TestResult.java:109)
	at junit.framework.TestCase.run(TestCase.java:118)
	at junit.framework.TestSuite.runTest(TestSuite.java:208)
	at junit.framework.TestSuite.run(TestSuite.java:203)
	at junit.framework.TestSuite.runTest(TestSuite.java:208)
	at junit.framework.TestSuite.run(TestSuite.java:203)
	at junit.framework.TestSuite.runTest(TestSuite.java:208)
	at junit.framework.TestSuite.run(TestSuite.java:203)
	at org.apache.tools.ant.taskdefs.optional.junit.JUnitTestRunner.run(JUnitTestRunner.java:289)
	at org.apache.tools.ant.taskdefs.optional.junit.JUnitTestRunner.launch(JUnitTestRunner.java:656)
	at org.apache.tools.ant.taskdefs.optional.junit.JUnitTestRunner.main(JUnitTestRunner.java:558)
java.sql.SQLException: Column (no_column) not found in any table in the query (or SLV is undefined).
	at com.informix.jdbc.IfxSqli.addException(IfxSqli.java:3082)
	at com.informix.jdbc.IfxSqli.receiveError(IfxSqli.java:3396)
	at com.informix.jdbc.IfxSqli.dispatchMsg(IfxSqli.java:2259)
	at com.informix.jdbc.IfxSqli.receiveMessage(IfxSqli.java:2179)
	at com.informix.jdbc.IfxSqli.executePrepare(IfxSqli.java:1082)
	at com.informix.jdbc.IfxResultSet.executePrepare(IfxResultSet.java:182)
	at com.informix.jdbc.IfxPreparedStatement.setupExecutePrepare(IfxPreparedStatement.java:197)
	at com.informix.jdbc.IfxPreparedStatement.<init>(IfxPreparedStatement.java:175)
	at com.informix.jdbc.IfxSqliConnect.prepareStatement(IfxSqliConnect.java:1907)
	at com.topcoder.search.builder.database.DatabaseSearchStrategy.search(DatabaseSearchStrategy.java:314)
	at com.topcoder.timetracker.entry.time.db.DbTaskTypeDAO.searchTaskTypes(DbTaskTypeDAO.java:720)
	at com.topcoder.timetracker.entry.time.TaskTypeManagerImpl.searchTaskTypes(TaskTypeManagerImpl.java:183)
	at com.topcoder.timetracker.entry.time.TaskTypeManagerImplTests.testSearchTaskTypes_DataAccessException(TaskTypeManagerImplTests.java:1041)
	at sun.reflect.NativeMethodAccessorImpl.invoke0(Native Method)
	at sun.reflect.NativeMethodAccessorImpl.invoke(NativeMethodAccessorImpl.java:39)
	at sun.reflect.DelegatingMethodAccessorImpl.invoke(DelegatingMethodAccessorImpl.java:25)
	at java.lang.reflect.Method.invoke(Method.java:324)
	at junit.framework.TestCase.runTest(TestCase.java:154)
	at junit.framework.TestCase.runBare(TestCase.java:127)
	at junit.framework.TestResult$1.protect(TestResult.java:106)
	at junit.framework.TestResult.runProtected(TestResult.java:124)
	at junit.framework.TestResult.run(TestResult.java:109)
	at junit.framework.TestCase.run(TestCase.java:118)
	at junit.framework.TestSuite.runTest(TestSuite.java:208)
	at junit.framework.TestSuite.run(TestSuite.java:203)
	at junit.framework.TestSuite.runTest(TestSuite.java:208)
	at junit.framework.TestSuite.run(TestSuite.java:203)
	at junit.framework.TestSuite.runTest(TestSuite.java:208)
	at junit.framework.TestSuite.run(TestSuite.java:203)
	at org.apache.tools.ant.taskdefs.optional.junit.JUnitTestRunner.run(JUnitTestRunner.java:289)
	at org.apache.tools.ant.taskdefs.optional.junit.JUnitTestRunner.launch(JUnitTestRunner.java:656)
	at org.apache.tools.ant.taskdefs.optional.junit.JUnitTestRunner.main(JUnitTestRunner.java:558)
java.sql.SQLException: Column (no_column) not found in any table in the query (or SLV is undefined).
	at com.informix.jdbc.IfxSqli.addException(IfxSqli.java:3082)
	at com.informix.jdbc.IfxSqli.receiveError(IfxSqli.java:3396)
	at com.informix.jdbc.IfxSqli.dispatchMsg(IfxSqli.java:2259)
	at com.informix.jdbc.IfxSqli.receiveMessage(IfxSqli.java:2179)
	at com.informix.jdbc.IfxSqli.executePrepare(IfxSqli.java:1082)
	at com.informix.jdbc.IfxResultSet.executePrepare(IfxResultSet.java:182)
	at com.informix.jdbc.IfxPreparedStatement.setupExecutePrepare(IfxPreparedStatement.java:197)
	at com.informix.jdbc.IfxPreparedStatement.<init>(IfxPreparedStatement.java:175)
	at com.informix.jdbc.IfxSqliConnect.prepareStatement(IfxSqliConnect.java:1907)
	at com.topcoder.search.builder.database.DatabaseSearchStrategy.search(DatabaseSearchStrategy.java:314)
	at com.topcoder.timetracker.entry.time.db.DbTimeEntryDAO.searchTimeEntries(DbTimeEntryDAO.java:1054)
	at com.topcoder.timetracker.entry.time.TimeEntryManagerImpl.searchTimeEntries(TimeEntryManagerImpl.java:254)
	at com.topcoder.timetracker.entry.time.TimeEntryManagerImplTests.testSearchTimeEntries_DataAccessException(TimeEntryManagerImplTests.java:1502)
	at sun.reflect.NativeMethodAccessorImpl.invoke0(Native Method)
	at sun.reflect.NativeMethodAccessorImpl.invoke(NativeMethodAccessorImpl.java:39)
	at sun.reflect.DelegatingMethodAccessorImpl.invoke(DelegatingMethodAccessorImpl.java:25)
	at java.lang.reflect.Method.invoke(Method.java:324)
	at junit.framework.TestCase.runTest(TestCase.java:154)
	at junit.framework.TestCase.runBare(TestCase.java:127)
	at junit.framework.TestResult$1.protect(TestResult.java:106)
	at junit.framework.TestResult.runProtected(TestResult.java:124)
	at junit.framework.TestResult.run(TestResult.java:109)
	at junit.framework.TestCase.run(TestCase.java:118)
	at junit.framework.TestSuite.runTest(TestSuite.java:208)
	at junit.framework.TestSuite.run(TestSuite.java:203)
	at junit.framework.TestSuite.runTest(TestSuite.java:208)
	at junit.framework.TestSuite.run(TestSuite.java:203)
	at junit.framework.TestSuite.runTest(TestSuite.java:208)
	at junit.framework.TestSuite.run(TestSuite.java:203)
	at org.apache.tools.ant.taskdefs.optional.junit.JUnitTestRunner.run(JUnitTestRunner.java:289)
	at org.apache.tools.ant.taskdefs.optional.junit.JUnitTestRunner.launch(JUnitTestRunner.java:656)
	at org.apache.tools.ant.taskdefs.optional.junit.JUnitTestRunner.main(JUnitTestRunner.java:558)
java.sql.SQLException: Column (no_column) not found in any table in the query (or SLV is undefined).
	at com.informix.jdbc.IfxSqli.addException(IfxSqli.java:3082)
	at com.informix.jdbc.IfxSqli.receiveError(IfxSqli.java:3396)
	at com.informix.jdbc.IfxSqli.dispatchMsg(IfxSqli.java:2259)
	at com.informix.jdbc.IfxSqli.receiveMessage(IfxSqli.java:2179)
	at com.informix.jdbc.IfxSqli.executePrepare(IfxSqli.java:1082)
	at com.informix.jdbc.IfxResultSet.executePrepare(IfxResultSet.java:182)
	at com.informix.jdbc.IfxPreparedStatement.setupExecutePrepare(IfxPreparedStatement.java:197)
	at com.informix.jdbc.IfxPreparedStatement.<init>(IfxPreparedStatement.java:175)
	at com.informix.jdbc.IfxSqliConnect.prepareStatement(IfxSqliConnect.java:1907)
	at com.topcoder.search.builder.database.DatabaseSearchStrategy.search(DatabaseSearchStrategy.java:314)
	at com.topcoder.timetracker.entry.time.db.DbTaskTypeDAO.searchTaskTypes(DbTaskTypeDAO.java:720)
	at com.topcoder.timetracker.entry.time.db.DbTaskTypeDAOTests.testSearchTaskTypes_DataAccessException(DbTaskTypeDAOTests.java:993)
	at sun.reflect.NativeMethodAccessorImpl.invoke0(Native Method)
	at sun.reflect.NativeMethodAccessorImpl.invoke(NativeMethodAccessorImpl.java:39)
	at sun.reflect.DelegatingMethodAccessorImpl.invoke(DelegatingMethodAccessorImpl.java:25)
	at java.lang.reflect.Method.invoke(Method.java:324)
	at junit.framework.TestCase.runTest(TestCase.java:154)
	at junit.framework.TestCase.runBare(TestCase.java:127)
	at junit.framework.TestResult$1.protect(TestResult.java:106)
	at junit.framework.TestResult.runProtected(TestResult.java:124)
	at junit.framework.TestResult.run(TestResult.java:109)
	at junit.framework.TestCase.run(TestCase.java:118)
	at junit.framework.TestSuite.runTest(TestSuite.java:208)
	at junit.framework.TestSuite.run(TestSuite.java:203)
	at junit.framework.TestSuite.runTest(TestSuite.java:208)
	at junit.framework.TestSuite.run(TestSuite.java:203)
	at junit.framework.TestSuite.runTest(TestSuite.java:208)
	at junit.framework.TestSuite.run(TestSuite.java:203)
	at org.apache.tools.ant.taskdefs.optional.junit.JUnitTestRunner.run(JUnitTestRunner.java:289)
	at org.apache.tools.ant.taskdefs.optional.junit.JUnitTestRunner.launch(JUnitTestRunner.java:656)
	at org.apache.tools.ant.taskdefs.optional.junit.JUnitTestRunner.main(JUnitTestRunner.java:558)
java.sql.SQLException: Column (no_column) not found in any table in the query (or SLV is undefined).
	at com.informix.jdbc.IfxSqli.addException(IfxSqli.java:3082)
	at com.informix.jdbc.IfxSqli.receiveError(IfxSqli.java:3396)
	at com.informix.jdbc.IfxSqli.dispatchMsg(IfxSqli.java:2259)
	at com.informix.jdbc.IfxSqli.receiveMessage(IfxSqli.java:2179)
	at com.informix.jdbc.IfxSqli.executePrepare(IfxSqli.java:1082)
	at com.informix.jdbc.IfxResultSet.executePrepare(IfxResultSet.java:182)
	at com.informix.jdbc.IfxPreparedStatement.setupExecutePrepare(IfxPreparedStatement.java:197)
	at com.informix.jdbc.IfxPreparedStatement.<init>(IfxPreparedStatement.java:175)
	at com.informix.jdbc.IfxSqliConnect.prepareStatement(IfxSqliConnect.java:1907)
	at com.topcoder.search.builder.database.DatabaseSearchStrategy.search(DatabaseSearchStrategy.java:314)
	at com.topcoder.timetracker.entry.time.db.DbTimeStatusDAO.searchTimeStatuses(DbTimeStatusDAO.java:611)
	at com.topcoder.timetracker.entry.time.db.DbTimeStatusDAOTests.testSearchTimeStatuses_DataAccessException(DbTimeStatusDAOTests.java:1000)
	at sun.reflect.NativeMethodAccessorImpl.invoke0(Native Method)
	at sun.reflect.NativeMethodAccessorImpl.invoke(NativeMethodAccessorImpl.java:39)
	at sun.reflect.DelegatingMethodAccessorImpl.invoke(DelegatingMethodAccessorImpl.java:25)
	at java.lang.reflect.Method.invoke(Method.java:324)
	at junit.framework.TestCase.runTest(TestCase.java:154)
	at junit.framework.TestCase.runBare(TestCase.java:127)
	at junit.framework.TestResult$1.protect(TestResult.java:106)
	at junit.framework.TestResult.runProtected(TestResult.java:124)
	at junit.framework.TestResult.run(TestResult.java:109)
	at junit.framework.TestCase.run(TestCase.java:118)
	at junit.framework.TestSuite.runTest(TestSuite.java:208)
	at junit.framework.TestSuite.run(TestSuite.java:203)
	at junit.framework.TestSuite.runTest(TestSuite.java:208)
	at junit.framework.TestSuite.run(TestSuite.java:203)
	at junit.framework.TestSuite.runTest(TestSuite.java:208)
	at junit.framework.TestSuite.run(TestSuite.java:203)
	at org.apache.tools.ant.taskdefs.optional.junit.JUnitTestRunner.run(JUnitTestRunner.java:289)
	at org.apache.tools.ant.taskdefs.optional.junit.JUnitTestRunner.launch(JUnitTestRunner.java:656)
	at org.apache.tools.ant.taskdefs.optional.junit.JUnitTestRunner.main(JUnitTestRunner.java:558)
java.sql.SQLException: Column (no_column) not found in any table in the query (or SLV is undefined).
	at com.informix.jdbc.IfxSqli.addException(IfxSqli.java:3082)
	at com.informix.jdbc.IfxSqli.receiveError(IfxSqli.java:3396)
	at com.informix.jdbc.IfxSqli.dispatchMsg(IfxSqli.java:2259)
	at com.informix.jdbc.IfxSqli.receiveMessage(IfxSqli.java:2179)
	at com.informix.jdbc.IfxSqli.executePrepare(IfxSqli.java:1082)
	at com.informix.jdbc.IfxResultSet.executePrepare(IfxResultSet.java:182)
	at com.informix.jdbc.IfxPreparedStatement.setupExecutePrepare(IfxPreparedStatement.java:197)
	at com.informix.jdbc.IfxPreparedStatement.<init>(IfxPreparedStatement.java:175)
	at com.informix.jdbc.IfxSqliConnect.prepareStatement(IfxSqliConnect.java:1907)
	at com.topcoder.search.builder.database.DatabaseSearchStrategy.search(DatabaseSearchStrategy.java:314)
	at com.topcoder.timetracker.entry.time.db.DbTimeEntryDAO.searchTimeEntries(DbTimeEntryDAO.java:1054)
	at com.topcoder.timetracker.entry.time.db.DbTimeEntryDAOTests.testSearchTimeEntries_DataAccessException(DbTimeEntryDAOTests.java:1251)
	at sun.reflect.NativeMethodAccessorImpl.invoke0(Native Method)
	at sun.reflect.NativeMethodAccessorImpl.invoke(NativeMethodAccessorImpl.java:39)
	at sun.reflect.DelegatingMethodAccessorImpl.invoke(DelegatingMethodAccessorImpl.java:25)
	at java.lang.reflect.Method.invoke(Method.java:324)
	at junit.framework.TestCase.runTest(TestCase.java:154)
	at junit.framework.TestCase.runBare(TestCase.java:127)
	at junit.framework.TestResult$1.protect(TestResult.java:106)
	at junit.framework.TestResult.runProtected(TestResult.java:124)
	at junit.framework.TestResult.run(TestResult.java:109)
	at junit.framework.TestCase.run(TestCase.java:118)
	at junit.framework.TestSuite.runTest(TestSuite.java:208)
	at junit.framework.TestSuite.run(TestSuite.java:203)
	at junit.framework.TestSuite.runTest(TestSuite.java:208)
	at junit.framework.TestSuite.run(TestSuite.java:203)
	at junit.framework.TestSuite.runTest(TestSuite.java:208)
	at junit.framework.TestSuite.run(TestSuite.java:203)
	at org.apache.tools.ant.taskdefs.optional.junit.JUnitTestRunner.run(JUnitTestRunner.java:289)
	at org.apache.tools.ant.taskdefs.optional.junit.JUnitTestRunner.launch(JUnitTestRunner.java:656)
	at org.apache.tools.ant.taskdefs.optional.junit.JUnitTestRunner.main(JUnitTestRunner.java:558)
java.sql.SQLException: Column (no_column) not found in any table in the query (or SLV is undefined).
	at com.informix.jdbc.IfxSqli.addException(IfxSqli.java:3082)
	at com.informix.jdbc.IfxSqli.receiveError(IfxSqli.java:3396)
	at com.informix.jdbc.IfxSqli.dispatchMsg(IfxSqli.java:2259)
	at com.informix.jdbc.IfxSqli.receiveMessage(IfxSqli.java:2179)
	at com.informix.jdbc.IfxSqli.executePrepare(IfxSqli.java:1082)
	at com.informix.jdbc.IfxResultSet.executePrepare(IfxResultSet.java:182)
	at com.informix.jdbc.IfxPreparedStatement.setupExecutePrepare(IfxPreparedStatement.java:197)
	at com.informix.jdbc.IfxPreparedStatement.<init>(IfxPreparedStatement.java:175)
	at com.informix.jdbc.IfxSqliConnect.prepareStatement(IfxSqliConnect.java:1907)
	at com.topcoder.search.builder.database.DatabaseSearchStrategy.search(DatabaseSearchStrategy.java:314)
	at com.topcoder.timetracker.entry.time.db.DbTimeEntryDAO.searchTimeEntries(DbTimeEntryDAO.java:1054)
	at com.topcoder.timetracker.entry.time.TimeEntryManagerImpl.searchTimeEntries(TimeEntryManagerImpl.java:254)
	at com.topcoder.timetracker.entry.time.ejb.TimeEntryManagerSessionBean.searchTimeEntries(TimeEntryManagerSessionBean.java:241)
	at com.topcoder.timetracker.entry.time.ejb.TimeEntryManagerSessionBean$$FastClassByCGLIB$$99ed6ffc.invoke(<generated>)
	at net.sf.cglib.reflect.FastMethod.invoke(FastMethod.java:87)
	at org.mockejb.interceptor.InterceptorInvoker$CglibMethodInvoker.intercept(InterceptorInvoker.java:95)
	at org.mockejb.interceptor.InvocationContext.proceed(InvocationContext.java:177)
	at org.mockejb.interceptor.InterceptorInvoker.invoke(InterceptorInvoker.java:53)
	at org.mockejb.MockEjbObject.invoke(MockEjbObject.java:147)
	at $Proxy4.searchTimeEntries(Unknown Source)
	at com.topcoder.timetracker.entry.time.delegate.TimeEntryManagerDelegate.searchTimeEntries(TimeEntryManagerDelegate.java:188)
	at com.topcoder.timetracker.entry.time.ejb.TimeEntryManagerSessionBeanTests.testSearchTimeEntries_DataAccessException(TimeEntryManagerSessionBeanTests.java:1063)
	at sun.reflect.NativeMethodAccessorImpl.invoke0(Native Method)
	at sun.reflect.NativeMethodAccessorImpl.invoke(NativeMethodAccessorImpl.java:39)
	at sun.reflect.DelegatingMethodAccessorImpl.invoke(DelegatingMethodAccessorImpl.java:25)
	at java.lang.reflect.Method.invoke(Method.java:324)
	at junit.framework.TestCase.runTest(TestCase.java:154)
	at junit.framework.TestCase.runBare(TestCase.java:127)
	at junit.framework.TestResult$1.protect(TestResult.java:106)
	at junit.framework.TestResult.runProtected(TestResult.java:124)
	at junit.framework.TestResult.run(TestResult.java:109)
	at junit.framework.TestCase.run(TestCase.java:118)
	at junit.framework.TestSuite.runTest(TestSuite.java:208)
	at junit.framework.TestSuite.run(TestSuite.java:203)
	at junit.framework.TestSuite.runTest(TestSuite.java:208)
	at junit.framework.TestSuite.run(TestSuite.java:203)
	at junit.framework.TestSuite.runTest(TestSuite.java:208)
	at junit.framework.TestSuite.run(TestSuite.java:203)
	at org.apache.tools.ant.taskdefs.optional.junit.JUnitTestRunner.run(JUnitTestRunner.java:289)
	at org.apache.tools.ant.taskdefs.optional.junit.JUnitTestRunner.launch(JUnitTestRunner.java:656)
	at org.apache.tools.ant.taskdefs.optional.junit.JUnitTestRunner.main(JUnitTestRunner.java:558)
java.sql.SQLException: Column (no_column) not found in any table in the query (or SLV is undefined).
	at com.informix.jdbc.IfxSqli.addException(IfxSqli.java:3082)
	at com.informix.jdbc.IfxSqli.receiveError(IfxSqli.java:3396)
	at com.informix.jdbc.IfxSqli.dispatchMsg(IfxSqli.java:2259)
	at com.informix.jdbc.IfxSqli.receiveMessage(IfxSqli.java:2179)
	at com.informix.jdbc.IfxSqli.executePrepare(IfxSqli.java:1082)
	at com.informix.jdbc.IfxResultSet.executePrepare(IfxResultSet.java:182)
	at com.informix.jdbc.IfxPreparedStatement.setupExecutePrepare(IfxPreparedStatement.java:197)
	at com.informix.jdbc.IfxPreparedStatement.<init>(IfxPreparedStatement.java:175)
	at com.informix.jdbc.IfxSqliConnect.prepareStatement(IfxSqliConnect.java:1907)
	at com.topcoder.search.builder.database.DatabaseSearchStrategy.search(DatabaseSearchStrategy.java:314)
	at com.topcoder.timetracker.entry.time.db.DbTaskTypeDAO.searchTaskTypes(DbTaskTypeDAO.java:720)
	at com.topcoder.timetracker.entry.time.TaskTypeManagerImpl.searchTaskTypes(TaskTypeManagerImpl.java:183)
	at com.topcoder.timetracker.entry.time.ejb.TaskTypeManagerSessionBean.searchTaskTypes(TaskTypeManagerSessionBean.java:223)
	at com.topcoder.timetracker.entry.time.ejb.TaskTypeManagerSessionBean$$FastClassByCGLIB$$7ae6167a.invoke(<generated>)
	at net.sf.cglib.reflect.FastMethod.invoke(FastMethod.java:87)
	at org.mockejb.interceptor.InterceptorInvoker$CglibMethodInvoker.intercept(InterceptorInvoker.java:95)
	at org.mockejb.interceptor.InvocationContext.proceed(InvocationContext.java:177)
	at org.mockejb.interceptor.InterceptorInvoker.invoke(InterceptorInvoker.java:53)
	at org.mockejb.MockEjbObject.invoke(MockEjbObject.java:147)
	at $Proxy5.searchTaskTypes(Unknown Source)
	at com.topcoder.timetracker.entry.time.delegate.TaskTypeManagerDelegate.searchTaskTypes(TaskTypeManagerDelegate.java:171)
	at com.topcoder.timetracker.entry.time.ejb.TaskTypeManagerSessionBeanTests.testSearchTaskTypes_DataAccessException(TaskTypeManagerSessionBeanTests.java:800)
	at sun.reflect.NativeMethodAccessorImpl.invoke0(Native Method)
	at sun.reflect.NativeMethodAccessorImpl.invoke(NativeMethodAccessorImpl.java:39)
	at sun.reflect.DelegatingMethodAccessorImpl.invoke(DelegatingMethodAccessorImpl.java:25)
	at java.lang.reflect.Method.invoke(Method.java:324)
	at junit.framework.TestCase.runTest(TestCase.java:154)
	at junit.framework.TestCase.runBare(TestCase.java:127)
	at junit.framework.TestResult$1.protect(TestResult.java:106)
	at junit.framework.TestResult.runProtected(TestResult.java:124)
	at junit.framework.TestResult.run(TestResult.java:109)
	at junit.framework.TestCase.run(TestCase.java:118)
	at junit.framework.TestSuite.runTest(TestSuite.java:208)
	at junit.framework.TestSuite.run(TestSuite.java:203)
	at junit.framework.TestSuite.runTest(TestSuite.java:208)
	at junit.framework.TestSuite.run(TestSuite.java:203)
	at junit.framework.TestSuite.runTest(TestSuite.java:208)
	at junit.framework.TestSuite.run(TestSuite.java:203)
	at org.apache.tools.ant.taskdefs.optional.junit.JUnitTestRunner.run(JUnitTestRunner.java:289)
	at org.apache.tools.ant.taskdefs.optional.junit.JUnitTestRunner.launch(JUnitTestRunner.java:656)
	at org.apache.tools.ant.taskdefs.optional.junit.JUnitTestRunner.main(JUnitTestRunner.java:558)
java.sql.SQLException: Column (no_column) not found in any table in the query (or SLV is undefined).
	at com.informix.jdbc.IfxSqli.addException(IfxSqli.java:3082)
	at com.informix.jdbc.IfxSqli.receiveError(IfxSqli.java:3396)
	at com.informix.jdbc.IfxSqli.dispatchMsg(IfxSqli.java:2259)
	at com.informix.jdbc.IfxSqli.receiveMessage(IfxSqli.java:2179)
	at com.informix.jdbc.IfxSqli.executePrepare(IfxSqli.java:1082)
	at com.informix.jdbc.IfxResultSet.executePrepare(IfxResultSet.java:182)
	at com.informix.jdbc.IfxPreparedStatement.setupExecutePrepare(IfxPreparedStatement.java:197)
	at com.informix.jdbc.IfxPreparedStatement.<init>(IfxPreparedStatement.java:175)
	at com.informix.jdbc.IfxSqliConnect.prepareStatement(IfxSqliConnect.java:1907)
	at com.topcoder.search.builder.database.DatabaseSearchStrategy.search(DatabaseSearchStrategy.java:314)
	at com.topcoder.timetracker.entry.time.db.DbTimeStatusDAO.searchTimeStatuses(DbTimeStatusDAO.java:611)
	at com.topcoder.timetracker.entry.time.TimeStatusManagerImpl.searchTimeStatuses(TimeStatusManagerImpl.java:185)
	at com.topcoder.timetracker.entry.time.ejb.TimeStatusManagerSessionBean.searchTimeStatuses(TimeStatusManagerSessionBean.java:221)
	at com.topcoder.timetracker.entry.time.ejb.TimeStatusManagerSessionBean$$FastClassByCGLIB$$ab3bf0ba.invoke(<generated>)
	at net.sf.cglib.reflect.FastMethod.invoke(FastMethod.java:87)
	at org.mockejb.interceptor.InterceptorInvoker$CglibMethodInvoker.intercept(InterceptorInvoker.java:95)
	at org.mockejb.interceptor.InvocationContext.proceed(InvocationContext.java:177)
	at org.mockejb.interceptor.InterceptorInvoker.invoke(InterceptorInvoker.java:53)
	at org.mockejb.MockEjbObject.invoke(MockEjbObject.java:147)
	at $Proxy7.searchTimeStatuses(Unknown Source)
	at com.topcoder.timetracker.entry.time.delegate.TimeStatusManagerDelegate.searchTimeStatuses(TimeStatusManagerDelegate.java:169)
	at com.topcoder.timetracker.entry.time.ejb.TimeStatusManagerSessionBeanTests.testSearchTimeStatuses_DataAccessException(TimeStatusManagerSessionBeanTests.java:802)
	at sun.reflect.NativeMethodAccessorImpl.invoke0(Native Method)
	at sun.reflect.NativeMethodAccessorImpl.invoke(NativeMethodAccessorImpl.java:39)
	at sun.reflect.DelegatingMethodAccessorImpl.invoke(DelegatingMethodAccessorImpl.java:25)
	at java.lang.reflect.Method.invoke(Method.java:324)
	at junit.framework.TestCase.runTest(TestCase.java:154)
	at junit.framework.TestCase.runBare(TestCase.java:127)
	at junit.framework.TestResult$1.protect(TestResult.java:106)
	at junit.framework.TestResult.runProtected(TestResult.java:124)
	at junit.framework.TestResult.run(TestResult.java:109)
	at junit.framework.TestCase.run(TestCase.java:118)
	at junit.framework.TestSuite.runTest(TestSuite.java:208)
	at junit.framework.TestSuite.run(TestSuite.java:203)
	at junit.framework.TestSuite.runTest(TestSuite.java:208)
	at junit.framework.TestSuite.run(TestSuite.java:203)
	at junit.framework.TestSuite.runTest(TestSuite.java:208)
	at junit.framework.TestSuite.run(TestSuite.java:203)
	at org.apache.tools.ant.taskdefs.optional.junit.JUnitTestRunner.run(JUnitTestRunner.java:289)
	at org.apache.tools.ant.taskdefs.optional.junit.JUnitTestRunner.launch(JUnitTestRunner.java:656)
	at org.apache.tools.ant.taskdefs.optional.junit.JUnitTestRunner.main(JUnitTestRunner.java:558)
java.sql.SQLException: Column (no_column) not found in any table in the query (or SLV is undefined).
	at com.informix.jdbc.IfxSqli.addException(IfxSqli.java:3082)
	at com.informix.jdbc.IfxSqli.receiveError(IfxSqli.java:3396)
	at com.informix.jdbc.IfxSqli.dispatchMsg(IfxSqli.java:2259)
	at com.informix.jdbc.IfxSqli.receiveMessage(IfxSqli.java:2179)
	at com.informix.jdbc.IfxSqli.executePrepare(IfxSqli.java:1082)
	at com.informix.jdbc.IfxResultSet.executePrepare(IfxResultSet.java:182)
	at com.informix.jdbc.IfxPreparedStatement.setupExecutePrepare(IfxPreparedStatement.java:197)
	at com.informix.jdbc.IfxPreparedStatement.<init>(IfxPreparedStatement.java:175)
	at com.informix.jdbc.IfxSqliConnect.prepareStatement(IfxSqliConnect.java:1907)
	at com.topcoder.search.builder.database.DatabaseSearchStrategy.search(DatabaseSearchStrategy.java:314)
	at com.topcoder.timetracker.entry.time.db.DbTaskTypeDAO.searchTaskTypes(DbTaskTypeDAO.java:720)
	at com.topcoder.timetracker.entry.time.TaskTypeManagerImpl.searchTaskTypes(TaskTypeManagerImpl.java:183)
	at com.topcoder.timetracker.entry.time.failuretests.TaskTypeManagerImplFailureTests.testSearchTaskTypes2(TaskTypeManagerImplFailureTests.java:804)
	at sun.reflect.NativeMethodAccessorImpl.invoke0(Native Method)
	at sun.reflect.NativeMethodAccessorImpl.invoke(NativeMethodAccessorImpl.java:39)
	at sun.reflect.DelegatingMethodAccessorImpl.invoke(DelegatingMethodAccessorImpl.java:25)
	at java.lang.reflect.Method.invoke(Method.java:324)
	at junit.framework.TestCase.runTest(TestCase.java:154)
	at junit.framework.TestCase.runBare(TestCase.java:127)
	at junit.framework.TestResult$1.protect(TestResult.java:106)
	at junit.framework.TestResult.runProtected(TestResult.java:124)
	at junit.framework.TestResult.run(TestResult.java:109)
	at junit.framework.TestCase.run(TestCase.java:118)
	at junit.framework.TestSuite.runTest(TestSuite.java:208)
	at junit.framework.TestSuite.run(TestSuite.java:203)
	at junit.framework.TestSuite.runTest(TestSuite.java:208)
	at junit.framework.TestSuite.run(TestSuite.java:203)
	at junit.framework.TestSuite.runTest(TestSuite.java:208)
	at junit.framework.TestSuite.run(TestSuite.java:203)
	at org.apache.tools.ant.taskdefs.optional.junit.JUnitTestRunner.run(JUnitTestRunner.java:289)
	at org.apache.tools.ant.taskdefs.optional.junit.JUnitTestRunner.launch(JUnitTestRunner.java:656)
	at org.apache.tools.ant.taskdefs.optional.junit.JUnitTestRunner.main(JUnitTestRunner.java:558)
java.sql.SQLException: Column (no_column) not found in any table in the query (or SLV is undefined).
	at com.informix.jdbc.IfxSqli.addException(IfxSqli.java:3082)
	at com.informix.jdbc.IfxSqli.receiveError(IfxSqli.java:3396)
	at com.informix.jdbc.IfxSqli.dispatchMsg(IfxSqli.java:2259)
	at com.informix.jdbc.IfxSqli.receiveMessage(IfxSqli.java:2179)
	at com.informix.jdbc.IfxSqli.executePrepare(IfxSqli.java:1082)
	at com.informix.jdbc.IfxResultSet.executePrepare(IfxResultSet.java:182)
	at com.informix.jdbc.IfxPreparedStatement.setupExecutePrepare(IfxPreparedStatement.java:197)
	at com.informix.jdbc.IfxPreparedStatement.<init>(IfxPreparedStatement.java:175)
	at com.informix.jdbc.IfxSqliConnect.prepareStatement(IfxSqliConnect.java:1907)
	at com.topcoder.search.builder.database.DatabaseSearchStrategy.search(DatabaseSearchStrategy.java:314)
	at com.topcoder.timetracker.entry.time.db.DbTimeStatusDAO.searchTimeStatuses(DbTimeStatusDAO.java:611)
	at com.topcoder.timetracker.entry.time.TimeStatusManagerImpl.searchTimeStatuses(TimeStatusManagerImpl.java:185)
	at com.topcoder.timetracker.entry.time.failuretests.TimeStatusManagerImplFailureTests.testSearchTimeStatuses2(TimeStatusManagerImplFailureTests.java:839)
	at sun.reflect.NativeMethodAccessorImpl.invoke0(Native Method)
	at sun.reflect.NativeMethodAccessorImpl.invoke(NativeMethodAccessorImpl.java:39)
	at sun.reflect.DelegatingMethodAccessorImpl.invoke(DelegatingMethodAccessorImpl.java:25)
	at java.lang.reflect.Method.invoke(Method.java:324)
	at junit.framework.TestCase.runTest(TestCase.java:154)
	at junit.framework.TestCase.runBare(TestCase.java:127)
	at junit.framework.TestResult$1.protect(TestResult.java:106)
	at junit.framework.TestResult.runProtected(TestResult.java:124)
	at junit.framework.TestResult.run(TestResult.java:109)
	at junit.framework.TestCase.run(TestCase.java:118)
	at junit.framework.TestSuite.runTest(TestSuite.java:208)
	at junit.framework.TestSuite.run(TestSuite.java:203)
	at junit.framework.TestSuite.runTest(TestSuite.java:208)
	at junit.framework.TestSuite.run(TestSuite.java:203)
	at junit.framework.TestSuite.runTest(TestSuite.java:208)
	at junit.framework.TestSuite.run(TestSuite.java:203)
	at org.apache.tools.ant.taskdefs.optional.junit.JUnitTestRunner.run(JUnitTestRunner.java:289)
	at org.apache.tools.ant.taskdefs.optional.junit.JUnitTestRunner.launch(JUnitTestRunner.java:656)
	at org.apache.tools.ant.taskdefs.optional.junit.JUnitTestRunner.main(JUnitTestRunner.java:558)
java.sql.SQLException: Column (no_column) not found in any table in the query (or SLV is undefined).
	at com.informix.jdbc.IfxSqli.addException(IfxSqli.java:3082)
	at com.informix.jdbc.IfxSqli.receiveError(IfxSqli.java:3396)
	at com.informix.jdbc.IfxSqli.dispatchMsg(IfxSqli.java:2259)
	at com.informix.jdbc.IfxSqli.receiveMessage(IfxSqli.java:2179)
	at com.informix.jdbc.IfxSqli.executePrepare(IfxSqli.java:1082)
	at com.informix.jdbc.IfxResultSet.executePrepare(IfxResultSet.java:182)
	at com.informix.jdbc.IfxPreparedStatement.setupExecutePrepare(IfxPreparedStatement.java:197)
	at com.informix.jdbc.IfxPreparedStatement.<init>(IfxPreparedStatement.java:175)
	at com.informix.jdbc.IfxSqliConnect.prepareStatement(IfxSqliConnect.java:1907)
	at com.topcoder.search.builder.database.DatabaseSearchStrategy.search(DatabaseSearchStrategy.java:314)
	at com.topcoder.timetracker.entry.time.db.DbTaskTypeDAO.searchTaskTypes(DbTaskTypeDAO.java:720)
	at com.topcoder.timetracker.entry.time.failuretests.db.DbTaskTypeDAOFailureTests.testSearchTaskTypes2(DbTaskTypeDAOFailureTests.java:839)
	at sun.reflect.NativeMethodAccessorImpl.invoke0(Native Method)
	at sun.reflect.NativeMethodAccessorImpl.invoke(NativeMethodAccessorImpl.java:39)
	at sun.reflect.DelegatingMethodAccessorImpl.invoke(DelegatingMethodAccessorImpl.java:25)
	at java.lang.reflect.Method.invoke(Method.java:324)
	at junit.framework.TestCase.runTest(TestCase.java:154)
	at junit.framework.TestCase.runBare(TestCase.java:127)
	at junit.framework.TestResult$1.protect(TestResult.java:106)
	at junit.framework.TestResult.runProtected(TestResult.java:124)
	at junit.framework.TestResult.run(TestResult.java:109)
	at junit.framework.TestCase.run(TestCase.java:118)
	at junit.framework.TestSuite.runTest(TestSuite.java:208)
	at junit.framework.TestSuite.run(TestSuite.java:203)
	at junit.framework.TestSuite.runTest(TestSuite.java:208)
	at junit.framework.TestSuite.run(TestSuite.java:203)
	at junit.framework.TestSuite.runTest(TestSuite.java:208)
	at junit.framework.TestSuite.run(TestSuite.java:203)
	at org.apache.tools.ant.taskdefs.optional.junit.JUnitTestRunner.run(JUnitTestRunner.java:289)
	at org.apache.tools.ant.taskdefs.optional.junit.JUnitTestRunner.launch(JUnitTestRunner.java:656)
	at org.apache.tools.ant.taskdefs.optional.junit.JUnitTestRunner.main(JUnitTestRunner.java:558)
java.sql.SQLException: Column (no_column) not found in any table in the query (or SLV is undefined).
	at com.informix.jdbc.IfxSqli.addException(IfxSqli.java:3082)
	at com.informix.jdbc.IfxSqli.receiveError(IfxSqli.java:3396)
	at com.informix.jdbc.IfxSqli.dispatchMsg(IfxSqli.java:2259)
	at com.informix.jdbc.IfxSqli.receiveMessage(IfxSqli.java:2179)
	at com.informix.jdbc.IfxSqli.executePrepare(IfxSqli.java:1082)
	at com.informix.jdbc.IfxResultSet.executePrepare(IfxResultSet.java:182)
	at com.informix.jdbc.IfxPreparedStatement.setupExecutePrepare(IfxPreparedStatement.java:197)
	at com.informix.jdbc.IfxPreparedStatement.<init>(IfxPreparedStatement.java:175)
	at com.informix.jdbc.IfxSqliConnect.prepareStatement(IfxSqliConnect.java:1907)
	at com.topcoder.search.builder.database.DatabaseSearchStrategy.search(DatabaseSearchStrategy.java:314)
	at com.topcoder.timetracker.entry.time.db.DbTimeEntryDAO.searchTimeEntries(DbTimeEntryDAO.java:1054)
	at com.topcoder.timetracker.entry.time.failuretests.db.DbTimeEntryDAOFailureTests.testSearchTimeEntries2(DbTimeEntryDAOFailureTests.java:1039)
	at sun.reflect.NativeMethodAccessorImpl.invoke0(Native Method)
	at sun.reflect.NativeMethodAccessorImpl.invoke(NativeMethodAccessorImpl.java:39)
	at sun.reflect.DelegatingMethodAccessorImpl.invoke(DelegatingMethodAccessorImpl.java:25)
	at java.lang.reflect.Method.invoke(Method.java:324)
	at junit.framework.TestCase.runTest(TestCase.java:154)
	at junit.framework.TestCase.runBare(TestCase.java:127)
	at junit.framework.TestResult$1.protect(TestResult.java:106)
	at junit.framework.TestResult.runProtected(TestResult.java:124)
	at junit.framework.TestResult.run(TestResult.java:109)
	at junit.framework.TestCase.run(TestCase.java:118)
	at junit.framework.TestSuite.runTest(TestSuite.java:208)
	at junit.framework.TestSuite.run(TestSuite.java:203)
	at junit.framework.TestSuite.runTest(TestSuite.java:208)
	at junit.framework.TestSuite.run(TestSuite.java:203)
	at junit.framework.TestSuite.runTest(TestSuite.java:208)
	at junit.framework.TestSuite.run(TestSuite.java:203)
	at org.apache.tools.ant.taskdefs.optional.junit.JUnitTestRunner.run(JUnitTestRunner.java:289)
	at org.apache.tools.ant.taskdefs.optional.junit.JUnitTestRunner.launch(JUnitTestRunner.java:656)
	at org.apache.tools.ant.taskdefs.optional.junit.JUnitTestRunner.main(JUnitTestRunner.java:558)
java.sql.SQLException: Column (no_column) not found in any table in the query (or SLV is undefined).
	at com.informix.jdbc.IfxSqli.addException(IfxSqli.java:3082)
	at com.informix.jdbc.IfxSqli.receiveError(IfxSqli.java:3396)
	at com.informix.jdbc.IfxSqli.dispatchMsg(IfxSqli.java:2259)
	at com.informix.jdbc.IfxSqli.receiveMessage(IfxSqli.java:2179)
	at com.informix.jdbc.IfxSqli.executePrepare(IfxSqli.java:1082)
	at com.informix.jdbc.IfxResultSet.executePrepare(IfxResultSet.java:182)
	at com.informix.jdbc.IfxPreparedStatement.setupExecutePrepare(IfxPreparedStatement.java:197)
	at com.informix.jdbc.IfxPreparedStatement.<init>(IfxPreparedStatement.java:175)
	at com.informix.jdbc.IfxSqliConnect.prepareStatement(IfxSqliConnect.java:1907)
	at com.topcoder.search.builder.database.DatabaseSearchStrategy.search(DatabaseSearchStrategy.java:314)
	at com.topcoder.timetracker.entry.time.db.DbTimeStatusDAO.searchTimeStatuses(DbTimeStatusDAO.java:611)
	at com.topcoder.timetracker.entry.time.failuretests.db.DbTimeStatusDAOFailureTests.testSearchTimeStatuses2(DbTimeStatusDAOFailureTests.java:847)
	at sun.reflect.NativeMethodAccessorImpl.invoke0(Native Method)
	at sun.reflect.NativeMethodAccessorImpl.invoke(NativeMethodAccessorImpl.java:39)
	at sun.reflect.DelegatingMethodAccessorImpl.invoke(DelegatingMethodAccessorImpl.java:25)
	at java.lang.reflect.Method.invoke(Method.java:324)
	at junit.framework.TestCase.runTest(TestCase.java:154)
	at junit.framework.TestCase.runBare(TestCase.java:127)
	at junit.framework.TestResult$1.protect(TestResult.java:106)
	at junit.framework.TestResult.runProtected(TestResult.java:124)
	at junit.framework.TestResult.run(TestResult.java:109)
	at junit.framework.TestCase.run(TestCase.java:118)
	at junit.framework.TestSuite.runTest(TestSuite.java:208)
	at junit.framework.TestSuite.run(TestSuite.java:203)
	at junit.framework.TestSuite.runTest(TestSuite.java:208)
	at junit.framework.TestSuite.run(TestSuite.java:203)
	at junit.framework.TestSuite.runTest(TestSuite.java:208)
	at junit.framework.TestSuite.run(TestSuite.java:203)
	at org.apache.tools.ant.taskdefs.optional.junit.JUnitTestRunner.run(JUnitTestRunner.java:289)
	at org.apache.tools.ant.taskdefs.optional.junit.JUnitTestRunner.launch(JUnitTestRunner.java:656)
	at org.apache.tools.ant.taskdefs.optional.junit.JUnitTestRunner.main(JUnitTestRunner.java:558)
java.sql.SQLException: Column (no_column) not found in any table in the query (or SLV is undefined).
	at com.informix.jdbc.IfxSqli.addException(IfxSqli.java:3082)
	at com.informix.jdbc.IfxSqli.receiveError(IfxSqli.java:3396)
	at com.informix.jdbc.IfxSqli.dispatchMsg(IfxSqli.java:2259)
	at com.informix.jdbc.IfxSqli.receiveMessage(IfxSqli.java:2179)
	at com.informix.jdbc.IfxSqli.executePrepare(IfxSqli.java:1082)
	at com.informix.jdbc.IfxResultSet.executePrepare(IfxResultSet.java:182)
	at com.informix.jdbc.IfxPreparedStatement.setupExecutePrepare(IfxPreparedStatement.java:197)
	at com.informix.jdbc.IfxPreparedStatement.<init>(IfxPreparedStatement.java:175)
	at com.informix.jdbc.IfxSqliConnect.prepareStatement(IfxSqliConnect.java:1907)
	at com.topcoder.search.builder.database.DatabaseSearchStrategy.search(DatabaseSearchStrategy.java:314)
	at com.topcoder.timetracker.entry.time.db.DbTaskTypeDAO.searchTaskTypes(DbTaskTypeDAO.java:720)
	at com.topcoder.timetracker.entry.time.TaskTypeManagerImpl.searchTaskTypes(TaskTypeManagerImpl.java:183)
	at com.topcoder.timetracker.entry.time.ejb.TaskTypeManagerSessionBean.searchTaskTypes(TaskTypeManagerSessionBean.java:223)
	at com.topcoder.timetracker.entry.time.ejb.TaskTypeManagerSessionBean$$FastClassByCGLIB$$7ae6167a.invoke(<generated>)
	at net.sf.cglib.reflect.FastMethod.invoke(FastMethod.java:87)
	at org.mockejb.interceptor.InterceptorInvoker$CglibMethodInvoker.intercept(InterceptorInvoker.java:95)
	at org.mockejb.interceptor.InvocationContext.proceed(InvocationContext.java:177)
	at org.mockejb.interceptor.InterceptorInvoker.invoke(InterceptorInvoker.java:53)
	at org.mockejb.MockEjbObject.invoke(MockEjbObject.java:147)
	at $Proxy5.searchTaskTypes(Unknown Source)
	at com.topcoder.timetracker.entry.time.delegate.TaskTypeManagerDelegate.searchTaskTypes(TaskTypeManagerDelegate.java:171)
	at com.topcoder.timetracker.entry.time.failuretests.ejb.TaskTypeManagerSessionBeanFailureTests.testSearchTaskTypes2(TaskTypeManagerSessionBeanFailureTests.java:587)
	at sun.reflect.NativeMethodAccessorImpl.invoke0(Native Method)
	at sun.reflect.NativeMethodAccessorImpl.invoke(NativeMethodAccessorImpl.java:39)
	at sun.reflect.DelegatingMethodAccessorImpl.invoke(DelegatingMethodAccessorImpl.java:25)
	at java.lang.reflect.Method.invoke(Method.java:324)
	at junit.framework.TestCase.runTest(TestCase.java:154)
	at junit.framework.TestCase.runBare(TestCase.java:127)
	at junit.framework.TestResult$1.protect(TestResult.java:106)
	at junit.framework.TestResult.runProtected(TestResult.java:124)
	at junit.framework.TestResult.run(TestResult.java:109)
	at junit.framework.TestCase.run(TestCase.java:118)
	at junit.framework.TestSuite.runTest(TestSuite.java:208)
	at junit.framework.TestSuite.run(TestSuite.java:203)
	at junit.framework.TestSuite.runTest(TestSuite.java:208)
	at junit.framework.TestSuite.run(TestSuite.java:203)
	at junit.framework.TestSuite.runTest(TestSuite.java:208)
	at junit.framework.TestSuite.run(TestSuite.java:203)
	at org.apache.tools.ant.taskdefs.optional.junit.JUnitTestRunner.run(JUnitTestRunner.java:289)
	at org.apache.tools.ant.taskdefs.optional.junit.JUnitTestRunner.launch(JUnitTestRunner.java:656)
	at org.apache.tools.ant.taskdefs.optional.junit.JUnitTestRunner.main(JUnitTestRunner.java:558)
java.sql.SQLException: Column (no_column) not found in any table in the query (or SLV is undefined).
	at com.informix.jdbc.IfxSqli.addException(IfxSqli.java:3082)
	at com.informix.jdbc.IfxSqli.receiveError(IfxSqli.java:3396)
	at com.informix.jdbc.IfxSqli.dispatchMsg(IfxSqli.java:2259)
	at com.informix.jdbc.IfxSqli.receiveMessage(IfxSqli.java:2179)
	at com.informix.jdbc.IfxSqli.executePrepare(IfxSqli.java:1082)
	at com.informix.jdbc.IfxResultSet.executePrepare(IfxResultSet.java:182)
	at com.informix.jdbc.IfxPreparedStatement.setupExecutePrepare(IfxPreparedStatement.java:197)
	at com.informix.jdbc.IfxPreparedStatement.<init>(IfxPreparedStatement.java:175)
	at com.informix.jdbc.IfxSqliConnect.prepareStatement(IfxSqliConnect.java:1907)
	at com.topcoder.search.builder.database.DatabaseSearchStrategy.search(DatabaseSearchStrategy.java:314)
	at com.topcoder.timetracker.entry.time.db.DbTimeEntryDAO.searchTimeEntries(DbTimeEntryDAO.java:1054)
	at com.topcoder.timetracker.entry.time.TimeEntryManagerImpl.searchTimeEntries(TimeEntryManagerImpl.java:254)
	at com.topcoder.timetracker.entry.time.ejb.TimeEntryManagerSessionBean.searchTimeEntries(TimeEntryManagerSessionBean.java:241)
	at com.topcoder.timetracker.entry.time.ejb.TimeEntryManagerSessionBean$$FastClassByCGLIB$$99ed6ffc.invoke(<generated>)
	at net.sf.cglib.reflect.FastMethod.invoke(FastMethod.java:87)
	at org.mockejb.interceptor.InterceptorInvoker$CglibMethodInvoker.intercept(InterceptorInvoker.java:95)
	at org.mockejb.interceptor.InvocationContext.proceed(InvocationContext.java:177)
	at org.mockejb.interceptor.InterceptorInvoker.invoke(InterceptorInvoker.java:53)
	at org.mockejb.MockEjbObject.invoke(MockEjbObject.java:147)
	at $Proxy4.searchTimeEntries(Unknown Source)
	at com.topcoder.timetracker.entry.time.delegate.TimeEntryManagerDelegate.searchTimeEntries(TimeEntryManagerDelegate.java:188)
	at com.topcoder.timetracker.entry.time.failuretests.ejb.TimeEntryManagerSessionBeanFailureTests.testSearchTimeEntries2(TimeEntryManagerSessionBeanFailureTests.java:769)
	at sun.reflect.NativeMethodAccessorImpl.invoke0(Native Method)
	at sun.reflect.NativeMethodAccessorImpl.invoke(NativeMethodAccessorImpl.java:39)
	at sun.reflect.DelegatingMethodAccessorImpl.invoke(DelegatingMethodAccessorImpl.java:25)
	at java.lang.reflect.Method.invoke(Method.java:324)
	at junit.framework.TestCase.runTest(TestCase.java:154)
	at junit.framework.TestCase.runBare(TestCase.java:127)
	at junit.framework.TestResult$1.protect(TestResult.java:106)
	at junit.framework.TestResult.runProtected(TestResult.java:124)
	at junit.framework.TestResult.run(TestResult.java:109)
	at junit.framework.TestCase.run(TestCase.java:118)
	at junit.framework.TestSuite.runTest(TestSuite.java:208)
	at junit.framework.TestSuite.run(TestSuite.java:203)
	at junit.framework.TestSuite.runTest(TestSuite.java:208)
	at junit.framework.TestSuite.run(TestSuite.java:203)
	at junit.framework.TestSuite.runTest(TestSuite.java:208)
	at junit.framework.TestSuite.run(TestSuite.java:203)
	at org.apache.tools.ant.taskdefs.optional.junit.JUnitTestRunner.run(JUnitTestRunner.java:289)
	at org.apache.tools.ant.taskdefs.optional.junit.JUnitTestRunner.launch(JUnitTestRunner.java:656)
	at org.apache.tools.ant.taskdefs.optional.junit.JUnitTestRunner.main(JUnitTestRunner.java:558)
java.sql.SQLException: Column (no_column) not found in any table in the query (or SLV is undefined).
	at com.informix.jdbc.IfxSqli.addException(IfxSqli.java:3082)
	at com.informix.jdbc.IfxSqli.receiveError(IfxSqli.java:3396)
	at com.informix.jdbc.IfxSqli.dispatchMsg(IfxSqli.java:2259)
	at com.informix.jdbc.IfxSqli.receiveMessage(IfxSqli.java:2179)
	at com.informix.jdbc.IfxSqli.executePrepare(IfxSqli.java:1082)
	at com.informix.jdbc.IfxResultSet.executePrepare(IfxResultSet.java:182)
	at com.informix.jdbc.IfxPreparedStatement.setupExecutePrepare(IfxPreparedStatement.java:197)
	at com.informix.jdbc.IfxPreparedStatement.<init>(IfxPreparedStatement.java:175)
	at com.informix.jdbc.IfxSqliConnect.prepareStatement(IfxSqliConnect.java:1907)
	at com.topcoder.search.builder.database.DatabaseSearchStrategy.search(DatabaseSearchStrategy.java:314)
	at com.topcoder.timetracker.entry.time.db.DbTimeStatusDAO.searchTimeStatuses(DbTimeStatusDAO.java:611)
	at com.topcoder.timetracker.entry.time.TimeStatusManagerImpl.searchTimeStatuses(TimeStatusManagerImpl.java:185)
	at com.topcoder.timetracker.entry.time.ejb.TimeStatusManagerSessionBean.searchTimeStatuses(TimeStatusManagerSessionBean.java:221)
	at com.topcoder.timetracker.entry.time.ejb.TimeStatusManagerSessionBean$$FastClassByCGLIB$$ab3bf0ba.invoke(<generated>)
	at net.sf.cglib.reflect.FastMethod.invoke(FastMethod.java:87)
	at org.mockejb.interceptor.InterceptorInvoker$CglibMethodInvoker.intercept(InterceptorInvoker.java:95)
	at org.mockejb.interceptor.InvocationContext.proceed(InvocationContext.java:177)
	at org.mockejb.interceptor.InterceptorInvoker.invoke(InterceptorInvoker.java:53)
	at org.mockejb.MockEjbObject.invoke(MockEjbObject.java:147)
	at $Proxy7.searchTimeStatuses(Unknown Source)
	at com.topcoder.timetracker.entry.time.delegate.TimeStatusManagerDelegate.searchTimeStatuses(TimeStatusManagerDelegate.java:169)
	at com.topcoder.timetracker.entry.time.failuretests.ejb.TimeStatusManagerSessionBeanFailureTests.testSearchTimeStatuses2(TimeStatusManagerSessionBeanFailureTests.java:587)
	at sun.reflect.NativeMethodAccessorImpl.invoke0(Native Method)
	at sun.reflect.NativeMethodAccessorImpl.invoke(NativeMethodAccessorImpl.java:39)
	at sun.reflect.DelegatingMethodAccessorImpl.invoke(DelegatingMethodAccessorImpl.java:25)
	at java.lang.reflect.Method.invoke(Method.java:324)
	at junit.framework.TestCase.runTest(TestCase.java:154)
	at junit.framework.TestCase.runBare(TestCase.java:127)
	at junit.framework.TestResult$1.protect(TestResult.java:106)
	at junit.framework.TestResult.runProtected(TestResult.java:124)
	at junit.framework.TestResult.run(TestResult.java:109)
	at junit.framework.TestCase.run(TestCase.java:118)
	at junit.framework.TestSuite.runTest(TestSuite.java:208)
	at junit.framework.TestSuite.run(TestSuite.java:203)
	at junit.framework.TestSuite.runTest(TestSuite.java:208)
	at junit.framework.TestSuite.run(TestSuite.java:203)
	at junit.framework.TestSuite.runTest(TestSuite.java:208)
	at junit.framework.TestSuite.run(TestSuite.java:203)
	at org.apache.tools.ant.taskdefs.optional.junit.JUnitTestRunner.run(JUnitTestRunner.java:289)
	at org.apache.tools.ant.taskdefs.optional.junit.JUnitTestRunner.launch(JUnitTestRunner.java:656)
	at org.apache.tools.ant.taskdefs.optional.junit.JUnitTestRunner.main(JUnitTestRunner.java:558)
]]></system-err>
</testsuite>
