<?xml version="1.0" encoding="UTF-8" ?>
<testsuite errors="0" failures="0" hostname="peipei-8bc83af1" name="com.topcoder.predictor.impl.componentcompetition.AllTests" tests="572" time="1.765" timestamp="2008-10-18T03:17:10">
  <properties>
    <property name="java.vendor" value="Sun Microsystems Inc." />
    <property name="package" value="com.topcoder.predictor.impl.componentcompetition" />
    <property name="docpackage.jar" value="component_competition_predictor_docs.jar" />
    <property name="sun.management.compiler" value="HotSpot Client Compiler" />
    <property name="manifest_file_path" value="build/dist/component_competition_predictor-1.0.0/META-INF/" />
    <property name="verbose" value="no" />
    <property name="os.name" value="Windows XP" />
    <property name="sun.boot.class.path" value="c:\Program Files\Java\jdk1.5.0_02\jre\lib\rt.jar;c:\Program Files\Java\jdk1.5.0_02\jre\lib\i18n.jar;c:\Program Files\Java\jdk1.5.0_02\jre\lib\sunrsasign.jar;c:\Program Files\Java\jdk1.5.0_02\jre\lib\jsse.jar;c:\Program Files\Java\jdk1.5.0_02\jre\lib\jce.jar;c:\Program Files\Java\jdk1.5.0_02\jre\lib\charsets.jar;c:\Program Files\Java\jdk1.5.0_02\jre\classes" />
    <property name="docsdir" value="docs" />
    <property name="javadoc.jar" value="javadocs.jar" />
    <property name="design_submission.jar" value="component_competition_predictor_1.0.0_design_submission.jar" />
    <property name="sun.desktop" value="windows" />
    <property name="component.tests.jar" value="build/dist/lib/tcs/component_competition_predictor_tests.jar" />
    <property name="java.vm.specification.vendor" value="Sun Microsystems Inc." />
    <property name="ant.home" value="d:\apache-ant-1.7.0\bin\.." />
    <property name="java.runtime.version" value="1.5.0_02-b09" />
    <property name="component_path" value="component_competition_predictor/1.0.0" />
    <property name="cobertura.dir" value="d:/cobertura-1.8" />
    <property name="component.version.micro" value="0" />
    <property name="user.name" value="peipei" />
    <property name="manifest_file" value="build/dist/component_competition_predictor-1.0.0/META-INF//MANIFEST.MF" />
    <property name="debug" value="off" />
    <property name="reports" value="log/reports" />
    <property name="testfiles" value="test_files" />
    <property name="component.version.major" value="1" />
    <property name="component_version" value="1.0.0" />
    <property name="dist_coverage" value="build/dist/component_competition_predictor-1.0.0/docs/coverage" />
    <property name="component.packagedir" value="com/topcoder/predictor/impl/componentcompetition" />
    <property name="user.language" value="zh" />
    <property name="cobertura.datafile" value="log/cobertura.ser" />
    <property name="javadoc.locale" value="en_US" />
    <property name="sun.boot.library.path" value="c:\Program Files\Java\jdk1.5.0_02\jre\bin" />
    <property name="tcs_libdir" value="../tcs/lib/tcs" />
    <property name="srcdir" value="src" />
    <property name="ant.project.name" value="TopCoder Java Generic Build" />
    <property name="component.bootclasspath" value="${java_1_x_bootclasspath}" />
    <property name="component.version.minor" value="0" />
    <property name="java.version" value="1.5.0_02" />
    <property name="user.timezone" value="" />
    <property name="dev_dist.jar" value="component_competition_predictor_1.0.0_dev_dist.jar" />
    <property name="sun.arch.data.model" value="32" />
    <property name="java.endorsed.dirs" value="c:\Program Files\Java\jdk1.5.0_02\jre\lib\endorsed" />
    <property name="sun.cpu.isalist" value="pentium_pro+mmx pentium_pro pentium+mmx pentium i486 i386 i86" />
    <property name="packagedir" value="com/topcoder/predictor/impl/componentcompetition" />
    <property name="sun.jnu.encoding" value="GBK" />
    <property name="file.encoding.pkg" value="sun.io" />
    <property name="file.separator" value="\" />
    <property name="java.specification.name" value="Java Platform API Specification" />
    <property name="build_docsdir" value="build/docs" />
    <property name="dev_submission.jar" value="component_competition_predictor_1.0.0_dev_submission.jar" />
    <property name="java.class.version" value="49.0" />
    <property name="build_testclassdir" value="build/testClasses" />
    <property name="user.country" value="CN" />
    <property name="java.home" value="c:\Program Files\Java\jdk1.5.0_02\jre" />
    <property name="component.distfilename" value="component_competition_predictor" />
    <property name="component.version.build" value="1" />
    <property name="java.vm.info" value="mixed mode, sharing" />
    <property name="ant.file" value="D:\working\tc9\component_competition_predictor\build.xml" />
    <property name="os.version" value="5.1" />
    <property name="build_distdir" value="build/dist" />
    <property name="dist_docpackage" value="build/doc_package" />
    <property name="build_tcsdistdir" value="build/dist/component_competition_predictor-1.0.0" />
    <property name="path.separator" value=";" />
    <property name="java.vm.version" value="1.5.0_02-b09" />
    <property name="testlogdir" value="log" />
    <property name="predictor_framework.jar" value="lib/predictor_framework.jar" />
    <property name="user.variant" value="" />
    <property name="ant.library.dir" value="D:\apache-ant-1.7.0\lib" />
    <property name="component.name" value="Component Competition Predictor" />
    <property name="javamain" value="src/java/main" />
    <property name="base_exception.jar" value="lib/base_exception.jar" />
    <property name="dist_javadocs" value="build/dist/component_competition_predictor-1.0.0/docs/javadocs" />
    <property name="dist_lib" value="build/dist/lib/tcs" />
    <property name="java.awt.printerjob" value="sun.awt.windows.WPrinterJob" />
    <property name="sun.io.unicode.encoding" value="UnicodeLittle" />
    <property name="component" value="Component Competition Predictor" />
    <property name="awt.toolkit" value="sun.awt.windows.WToolkit" />
    <property name="user.home" value="C:\Documents and Settings\peipei" />
    <property name="object_factory_configuration_api_plugin.jar" value="lib/object_factory_configuration_api_plugin.jar" />
    <property name="java.specification.vendor" value="Sun Microsystems Inc." />
    <property name="java.library.path" value="c:\Program Files\Java\jdk1.5.0_02\jre\bin;.;C:\WINDOWS\system32;C:\WINDOWS;C:\oracle\product\10.2.0\db_1\bin;D:\php5.2.6\;C:\WINDOWS\system32;C:\WINDOWS;C:\WINDOWS\System32\Wbem;C:\Program Files\TortoiseSVN\bin;C:\Program Files\Java\jdk1.5.0_02\bin;c:\WINDOWS\Microsoft.NET\Framework\v2.0.50727;d:\apache-ant-1.7.0\bin;d:\nant-0.86-beta1\bin" />
    <property name="java.vendor.url" value="http://java.sun.com/" />
    <property name="build_javadocsdir" value="build/docs/javadocs" />
    <property name="configdir" value="conf" />
    <property name="java.vm.vendor" value="Sun Microsystems Inc." />
    <property name="ant.file.TopCoder Java Generic Build" value="D:\working\tc9\component_competition_predictor\build.xml" />
    <property name="java.runtime.name" value="Java(TM) 2 Runtime Environment, Standard Edition" />
    <property name="ant.version" value="Apache Ant version 1.7.0 compiled on December 13 2006" />
    <property name="java.class.path" value="D:\working\tc9\component_competition_predictor\build\testClasses;D:\working\tc9\component_competition_predictor\lib\junit.jar;D:\working\tc9\component_competition_predictor\lib\base_exception.jar;D:\working\tc9\component_competition_predictor\lib\configuration_api.jar;D:\working\tc9\component_competition_predictor\lib\object_factory_configuration_api_plugin.jar;D:\working\tc9\component_competition_predictor\lib\predictor_framework.jar;D:\working\tc9\component_competition_predictor\build\classes;D:\working\tc9\component_competition_predictor\conf;D:\working\tc9\component_competition_predictor\test_files;D:\working\tc9\component_competition_predictor;c:\Program Files\Java\jdk1.5.0_02\lib\dt.jar;c:\Program Files\Java\jdk1.5.0_02\lib\tools.jar;D:\apache-ant-1.7.0\lib\junit.jar;D:\apache-ant-1.7.0\lib\ant-launcher.jar;D:\apache-ant-1.7.0\lib\ant.jar;D:\apache-ant-1.7.0\lib\ant-junit.jar" />
    <property name="ext_libdir" value="../tcs/lib/third_party" />
    <property name="java.vm.specification.name" value="Java Virtual Machine Specification" />
    <property name="builddir" value="build" />
    <property name="java.vm.specification.version" value="1.0" />
    <property name="component.dist.jar" value="build/dist/component_competition_predictor-1.0.0.jar" />
    <property name="junit.jar" value="lib/junit.jar" />
    <property name="sun.cpu.endian" value="little" />
    <property name="sun.os.patch.level" value="Service Pack 2" />
    <property name="component.target" value="1.x" />
    <property name="java.io.tmpdir" value="C:\DOCUME~1\peipei\LOCALS~1\Temp\" />
    <property name="java.vendor.url.bug" value="http://java.sun.com/cgi-bin/bugreport.cgi" />
    <property name="build_targetclassdir" value="build/targetclasses" />
    <property name="javac.encoding" value="UTF-8" />
    <property name="build_classdir" value="build/classes" />
    <property name="javatests" value="src/java/tests" />
    <property name="javadocsdir" value="docs/javadocs" />
    <property name="java.awt.graphicsenv" value="sun.awt.Win32GraphicsEnvironment" />
    <property name="instrumented.dir" value="build/instrumented" />
    <property name="os.arch" value="x86" />
    <property name="test_reflib" value="test_reflib" />
    <property name="java.ext.dirs" value="c:\Program Files\Java\jdk1.5.0_02\jre\lib\ext" />
    <property name="user.dir" value="D:\working\tc9\component_competition_predictor" />
    <property name="design_dist.jar" value="component_competition_predictor_1.0.0_design_dist.jar" />
    <property name="libdir" value="../tcs/lib" />
    <property name="javasrc" value="src/java" />
    <property name="line.separator" value="
" />
    <property name="java.vm.name" value="Java HotSpot(TM) Client VM" />
    <property name="distfilename" value="component_competition_predictor" />
    <property name="basedir" value="D:\working\tc9\component_competition_predictor" />
    <property name="ant.java.version" value="1.5" />
    <property name="configuration_api.jar" value="lib/configuration_api.jar" />
    <property name="ant.core.lib" value="D:\apache-ant-1.7.0\lib\ant.jar" />
    <property name="file.encoding" value="GBK" />
    <property name="dist_docs" value="build/dist/component_competition_predictor-1.0.0/docs" />
    <property name="component.jar" value="build/dist/lib/tcs/component_competition_predictor/1.0.0/component_competition_predictor.jar" />
    <property name="java.specification.version" value="1.5" />
    <property name="target_libdir" value="../tcs/lib/tcs" />
    <property name="component.package" value="com.topcoder.predictor.impl.componentcompetition" />
    <property name="ant.file.Dependency Import" value="D:\working\tc9\component_competition_predictor\build-dependencies.xml" />
  </properties>
  <testcase classname="com.topcoder.predictor.impl.componentcompetition.HelperUnitTests" name="test_checkNotNull" time="0.016" />
  <testcase classname="com.topcoder.predictor.impl.componentcompetition.HelperUnitTests" name="test_checkNotNull_failure" time="0.0" />
  <testcase classname="com.topcoder.predictor.impl.componentcompetition.HelperUnitTests" name="test_checkNotNullNotEmpty1" time="0.0" />
  <testcase classname="com.topcoder.predictor.impl.componentcompetition.HelperUnitTests" name="test_checkNotNullNotEmpty1_failure1" time="0.0" />
  <testcase classname="com.topcoder.predictor.impl.componentcompetition.HelperUnitTests" name="test_checkNotNullNotEmpty1_failure2" time="0.0" />
  <testcase classname="com.topcoder.predictor.impl.componentcompetition.HelperUnitTests" name="test_checkNotNullNotEmpty2" time="0.0" />
  <testcase classname="com.topcoder.predictor.impl.componentcompetition.HelperUnitTests" name="test_checkNotNullNotEmpty2_failure1" time="0.0" />
  <testcase classname="com.topcoder.predictor.impl.componentcompetition.HelperUnitTests" name="test_checkNotNullNotEmpty2_failure2" time="0.0" />
  <testcase classname="com.topcoder.predictor.impl.componentcompetition.HelperUnitTests" name="test_checkPositive" time="0.0" />
  <testcase classname="com.topcoder.predictor.impl.componentcompetition.HelperUnitTests" name="test_checkPositive_failure1" time="0.0" />
  <testcase classname="com.topcoder.predictor.impl.componentcompetition.HelperUnitTests" name="test_checkPositive_failure2" time="0.0" />
  <testcase classname="com.topcoder.predictor.impl.componentcompetition.HelperUnitTests" name="test_checkNotNegative_1" time="0.0" />
  <testcase classname="com.topcoder.predictor.impl.componentcompetition.HelperUnitTests" name="test_checkNotNegative_2" time="0.0" />
  <testcase classname="com.topcoder.predictor.impl.componentcompetition.HelperUnitTests" name="test_checkNotNegative_failure" time="0.0" />
  <testcase classname="com.topcoder.predictor.impl.componentcompetition.HelperUnitTests" name="test_checkList" time="0.0" />
  <testcase classname="com.topcoder.predictor.impl.componentcompetition.HelperUnitTests" name="test_checkList_failure1" time="0.0" />
  <testcase classname="com.topcoder.predictor.impl.componentcompetition.HelperUnitTests" name="test_checkList_failure2" time="0.0" />
  <testcase classname="com.topcoder.predictor.impl.componentcompetition.HelperUnitTests" name="test_checkArray" time="0.0" />
  <testcase classname="com.topcoder.predictor.impl.componentcompetition.HelperUnitTests" name="test_checkArray_failure1" time="0.0" />
  <testcase classname="com.topcoder.predictor.impl.componentcompetition.TechnologyUnitTests" name="test_ctor" time="0.0" />
  <testcase classname="com.topcoder.predictor.impl.componentcompetition.TechnologyUnitTests" name="test_name" time="0.0" />
  <testcase classname="com.topcoder.predictor.impl.componentcompetition.TechnologyUnitTests" name="test_description" time="0.0" />
  <testcase classname="com.topcoder.predictor.impl.componentcompetition.TechnologyUnitTests" name="test_clone" time="0.0" />
  <testcase classname="com.topcoder.predictor.impl.componentcompetition.ParticipantUnitTests" name="test_ctor" time="0.0" />
  <testcase classname="com.topcoder.predictor.impl.componentcompetition.ParticipantUnitTests" name="test_clone" time="0.0" />
  <testcase classname="com.topcoder.predictor.impl.componentcompetition.ParticipantUnitTests" name="test_user_id" time="0.0" />
  <testcase classname="com.topcoder.predictor.impl.componentcompetition.ParticipantUnitTests" name="test_rating" time="0.0" />
  <testcase classname="com.topcoder.predictor.impl.componentcompetition.ParticipantUnitTests" name="test_reliability" time="0.0" />
  <testcase classname="com.topcoder.predictor.impl.componentcompetition.ParticipantUnitTests" name="test_autoScreeningResult" time="0.0" />
  <testcase classname="com.topcoder.predictor.impl.componentcompetition.ParticipantUnitTests" name="test_screeningScore" time="0.0" />
  <testcase classname="com.topcoder.predictor.impl.componentcompetition.ParticipantUnitTests" name="test_passedScreening" time="0.0" />
  <testcase classname="com.topcoder.predictor.impl.componentcompetition.ParticipantUnitTests" name="test_scoreBeforeAppeals" time="0.0" />
  <testcase classname="com.topcoder.predictor.impl.componentcompetition.ParticipantUnitTests" name="test_scoreAfterAppeals" time="0.0" />
  <testcase classname="com.topcoder.predictor.impl.componentcompetition.ParticipantUnitTests" name="test_passedReview" time="0.0" />
  <testcase classname="com.topcoder.predictor.impl.componentcompetition.ParticipantUnitTests" name="test_appealCount" time="0.0" />
  <testcase classname="com.topcoder.predictor.impl.componentcompetition.ParticipantUnitTests" name="test_successfulAppealCount" time="0.0" />
  <testcase classname="com.topcoder.predictor.impl.componentcompetition.ParticipantUnitTests" name="test_rating_failure1" time="0.0" />
  <testcase classname="com.topcoder.predictor.impl.componentcompetition.ParticipantUnitTests" name="test_reliability_failure1" time="0.0" />
  <testcase classname="com.topcoder.predictor.impl.componentcompetition.ParticipantUnitTests" name="test_reliability_failure2" time="0.0" />
  <testcase classname="com.topcoder.predictor.impl.componentcompetition.ParticipantUnitTests" name="test_screeningScore_failure1" time="0.0" />
  <testcase classname="com.topcoder.predictor.impl.componentcompetition.ParticipantUnitTests" name="test_screeningScore_failure2" time="0.0" />
  <testcase classname="com.topcoder.predictor.impl.componentcompetition.ParticipantUnitTests" name="test_scoreBeforeAppeals_failure1" time="0.0" />
  <testcase classname="com.topcoder.predictor.impl.componentcompetition.ParticipantUnitTests" name="test_scoreBeforeAppeals_failure2" time="0.0" />
  <testcase classname="com.topcoder.predictor.impl.componentcompetition.ParticipantUnitTests" name="test_scoreAfterAppeals_failure1" time="0.0" />
  <testcase classname="com.topcoder.predictor.impl.componentcompetition.ParticipantUnitTests" name="test_scoreAfterAppeals_failure2" time="0.0" />
  <testcase classname="com.topcoder.predictor.impl.componentcompetition.ParticipantUnitTests" name="test_appealCount_failure1" time="0.0" />
  <testcase classname="com.topcoder.predictor.impl.componentcompetition.ParticipantUnitTests" name="test_appealCount_failure2" time="0.0" />
  <testcase classname="com.topcoder.predictor.impl.componentcompetition.ParticipantUnitTests" name="test_successfulAppealCount_failure1" time="0.0" />
  <testcase classname="com.topcoder.predictor.impl.componentcompetition.ParticipantUnitTests" name="test_successfulAppealCount_failure2" time="0.0" />
  <testcase classname="com.topcoder.predictor.impl.componentcompetition.ComponentCompetitionSituationUnitTests" name="test_ctor" time="0.0" />
  <testcase classname="com.topcoder.predictor.impl.componentcompetition.ComponentCompetitionSituationUnitTests" name="test_description" time="0.0" />
  <testcase classname="com.topcoder.predictor.impl.componentcompetition.ComponentCompetitionSituationUnitTests" name="test_clone" time="0.0" />
  <testcase classname="com.topcoder.predictor.impl.componentcompetition.ComponentCompetitionSituationUnitTests" name="test_componentId" time="0.0" />
  <testcase classname="com.topcoder.predictor.impl.componentcompetition.ComponentCompetitionSituationUnitTests" name="test_componentVersionId" time="0.0" />
  <testcase classname="com.topcoder.predictor.impl.componentcompetition.ComponentCompetitionSituationUnitTests" name="test_projectId" time="0.0" />
  <testcase classname="com.topcoder.predictor.impl.componentcompetition.ComponentCompetitionSituationUnitTests" name="test_catalog" time="0.0" />
  <testcase classname="com.topcoder.predictor.impl.componentcompetition.ComponentCompetitionSituationUnitTests" name="test_component" time="0.0" />
  <testcase classname="com.topcoder.predictor.impl.componentcompetition.ComponentCompetitionSituationUnitTests" name="test_version" time="0.0" />
  <testcase classname="com.topcoder.predictor.impl.componentcompetition.ComponentCompetitionSituationUnitTests" name="test_projectCategory" time="0.0" />
  <testcase classname="com.topcoder.predictor.impl.componentcompetition.ComponentCompetitionSituationUnitTests" name="test_projectStatus" time="0.0" />
  <testcase classname="com.topcoder.predictor.impl.componentcompetition.ComponentCompetitionSituationUnitTests" name="test_postingDate" time="0.0" />
  <testcase classname="com.topcoder.predictor.impl.componentcompetition.ComponentCompetitionSituationUnitTests" name="test_endDate" time="0.0" />
  <testcase classname="com.topcoder.predictor.impl.componentcompetition.ComponentCompetitionSituationUnitTests" name="test_scorecardId" time="0.0" />
  <testcase classname="com.topcoder.predictor.impl.componentcompetition.ComponentCompetitionSituationUnitTests" name="test_finalFixCount" time="0.0" />
  <testcase classname="com.topcoder.predictor.impl.componentcompetition.ComponentCompetitionSituationUnitTests" name="test_prize" time="0.0" />
  <testcase classname="com.topcoder.predictor.impl.componentcompetition.ComponentCompetitionSituationUnitTests" name="test_rated" time="0.0" />
  <testcase classname="com.topcoder.predictor.impl.componentcompetition.ComponentCompetitionSituationUnitTests" name="test_digitalRun" time="0.0" />
  <testcase classname="com.topcoder.predictor.impl.componentcompetition.ComponentCompetitionSituationUnitTests" name="test_digitalRunPoints" time="0.0" />
  <testcase classname="com.topcoder.predictor.impl.componentcompetition.ComponentCompetitionSituationUnitTests" name="test_keywords" time="0.0" />
  <testcase classname="com.topcoder.predictor.impl.componentcompetition.ComponentCompetitionSituationUnitTests" name="test_technologies" time="0.0" />
  <testcase classname="com.topcoder.predictor.impl.componentcompetition.ComponentCompetitionSituationUnitTests" name="test_participants" time="0.0" />
  <testcase classname="com.topcoder.predictor.impl.componentcompetition.ComponentCompetitionSituationUnitTests" name="test_postingDate_failure" time="0.0" />
  <testcase classname="com.topcoder.predictor.impl.componentcompetition.ComponentCompetitionSituationUnitTests" name="test_endDate_failure" time="0.0" />
  <testcase classname="com.topcoder.predictor.impl.componentcompetition.ComponentCompetitionSituationUnitTests" name="test_finalFixCount_failure" time="0.015" />
  <testcase classname="com.topcoder.predictor.impl.componentcompetition.ComponentCompetitionSituationUnitTests" name="test_prize_failure" time="0.0" />
  <testcase classname="com.topcoder.predictor.impl.componentcompetition.ComponentCompetitionSituationUnitTests" name="test_digitalRunPoints_failure" time="0.0" />
  <testcase classname="com.topcoder.predictor.impl.componentcompetition.ComponentCompetitionSituationUnitTests" name="test_keywords_failure1" time="0.0" />
  <testcase classname="com.topcoder.predictor.impl.componentcompetition.ComponentCompetitionSituationUnitTests" name="test_keywords_failure2" time="0.0" />
  <testcase classname="com.topcoder.predictor.impl.componentcompetition.ComponentCompetitionSituationUnitTests" name="test_technologies_failure" time="0.0" />
  <testcase classname="com.topcoder.predictor.impl.componentcompetition.ComponentCompetitionSituationUnitTests" name="test_participants_failure" time="0.0" />
  <testcase classname="com.topcoder.predictor.impl.componentcompetition.ComponentCompetitionFulfillmentPredictionUnitTests" name="test_ctor" time="0.0" />
  <testcase classname="com.topcoder.predictor.impl.componentcompetition.ComponentCompetitionFulfillmentPredictionUnitTests" name="test_clone" time="0.0" />
  <testcase classname="com.topcoder.predictor.impl.componentcompetition.ComponentCompetitionFulfillmentPredictionUnitTests" name="test_ctor_failure1" time="0.0" />
  <testcase classname="com.topcoder.predictor.impl.componentcompetition.ComponentCompetitionFulfillmentPredictionUnitTests" name="test_ctor_failure2" time="0.0" />
  <testcase classname="com.topcoder.predictor.impl.componentcompetition.ComponentCompetitionFulfillmentPredictionUnitTests" name="test_ctor_failure3" time="0.0" />
  <testcase classname="com.topcoder.predictor.impl.componentcompetition.ComponentCompetitionFulfillmentPredictionUnitTests" name="test_getExpectedPassedReviewSubmissionCount" time="0.0" />
  <testcase classname="com.topcoder.predictor.impl.componentcompetition.ComponentCompetitionFulfillmentPredictionUnitTests" name="test_getSituation" time="0.0" />
  <testcase classname="com.topcoder.predictor.impl.componentcompetition.ComponentCompetitionFulfillmentPredictionUnitTests" name="test_getPredictor" time="0.0" />
  <testcase classname="com.topcoder.predictor.impl.componentcompetition.ComponentCompetitionPredictorUnitTests" name="test_ctor" time="0.0" />
  <testcase classname="com.topcoder.predictor.impl.componentcompetition.ComponentCompetitionPredictorUnitTests" name="test_clone" time="0.0" />
  <testcase classname="com.topcoder.predictor.impl.componentcompetition.ComponentCompetitionPredictorUnitTests" name="test_getSituationName" time="0.0" />
  <testcase classname="com.topcoder.predictor.impl.componentcompetition.ComponentCompetitionPredictorUnitTests" name="test_getPredictionName" time="0.0" />
  <testcase classname="com.topcoder.predictor.impl.componentcompetition.ComponentCompetitionPredictorUnitTests" name="test_isFullTrainingSupported" time="0.0" />
  <testcase classname="com.topcoder.predictor.impl.componentcompetition.ComponentCompetitionPredictorUnitTests" name="test_isIncrementalTrainingSupported" time="0.0" />
  <testcase classname="com.topcoder.predictor.impl.componentcompetition.ComponentCompetitionPredictorUnitTests" name="test_isReadyToOperate" time="0.0" />
  <testcase classname="com.topcoder.predictor.impl.componentcompetition.ComponentCompetitionPredictorUnitTests" name="test_putCapability" time="0.0" />
  <testcase classname="com.topcoder.predictor.impl.componentcompetition.ComponentCompetitionPredictorUnitTests" name="test_getCapability" time="0.0" />
  <testcase classname="com.topcoder.predictor.impl.componentcompetition.ComponentCompetitionPredictorUnitTests" name="test_getCapabilityKeys" time="0.016" />
  <testcase classname="com.topcoder.predictor.impl.componentcompetition.ComponentCompetitionPredictorUnitTests" name="test_removeCapability" time="0.0" />
  <testcase classname="com.topcoder.predictor.impl.componentcompetition.ComponentCompetitionPredictorUnitTests" name="test_clearCapabilities" time="0.0" />
  <testcase classname="com.topcoder.predictor.impl.componentcompetition.ComponentCompetitionPredictorUnitTests" name="test_performFullTraining1" time="0.0" />
  <testcase classname="com.topcoder.predictor.impl.componentcompetition.ComponentCompetitionPredictorUnitTests" name="test_performFullTraining2" time="0.0" />
  <testcase classname="com.topcoder.predictor.impl.componentcompetition.ComponentCompetitionPredictorUnitTests" name="test_performIncrementalTraining1" time="0.0" />
  <testcase classname="com.topcoder.predictor.impl.componentcompetition.ComponentCompetitionPredictorUnitTests" name="test_performIncrementalTraining2" time="0.0" />
  <testcase classname="com.topcoder.predictor.impl.componentcompetition.ComponentCompetitionPredictorUnitTests" name="test_predict" time="0.0" />
  <testcase classname="com.topcoder.predictor.impl.componentcompetition.ComponentCompetitionPredictorUnitTests" name="test_putCategory_failure1" time="0.0" />
  <testcase classname="com.topcoder.predictor.impl.componentcompetition.ComponentCompetitionPredictorUnitTests" name="test_putCategory_failure2" time="0.0" />
  <testcase classname="com.topcoder.predictor.impl.componentcompetition.ComponentCompetitionPredictorUnitTests" name="test_putCategory_failure3" time="0.0" />
  <testcase classname="com.topcoder.predictor.impl.componentcompetition.ComponentCompetitionPredictorUnitTests" name="test_putCategory_failure4" time="0.0" />
  <testcase classname="com.topcoder.predictor.impl.componentcompetition.ComponentCompetitionPredictorUnitTests" name="test_getCategory_failure1" time="0.0" />
  <testcase classname="com.topcoder.predictor.impl.componentcompetition.ComponentCompetitionPredictorUnitTests" name="test_getCategory_failure2" time="0.0" />
  <testcase classname="com.topcoder.predictor.impl.componentcompetition.ComponentCompetitionPredictorUnitTests" name="test_removeCategory_failure1" time="0.0" />
  <testcase classname="com.topcoder.predictor.impl.componentcompetition.ComponentCompetitionPredictorUnitTests" name="test_removeCategory_failure2" time="0.0" />
  <testcase classname="com.topcoder.predictor.impl.componentcompetition.ComponentCompetitionPredictorUnitTests" name="test_performFullTraining1_failure1" time="0.0" />
  <testcase classname="com.topcoder.predictor.impl.componentcompetition.ComponentCompetitionPredictorUnitTests" name="test_performFullTraining1_failure2" time="0.0" />
  <testcase classname="com.topcoder.predictor.impl.componentcompetition.ComponentCompetitionPredictorUnitTests" name="test_performFullTraining1_failure3" time="0.0" />
  <testcase classname="com.topcoder.predictor.impl.componentcompetition.ComponentCompetitionPredictorUnitTests" name="test_performFullTraining2_failure1" time="0.0" />
  <testcase classname="com.topcoder.predictor.impl.componentcompetition.ComponentCompetitionPredictorUnitTests" name="test_performFullTraining2_failure2" time="0.0" />
  <testcase classname="com.topcoder.predictor.impl.componentcompetition.ComponentCompetitionPredictorUnitTests" name="test_performFullTraining2_failure3" time="0.0" />
  <testcase classname="com.topcoder.predictor.impl.componentcompetition.ComponentCompetitionPredictorUnitTests" name="test_performFullTraining2_failure4" time="0.0" />
  <testcase classname="com.topcoder.predictor.impl.componentcompetition.ComponentCompetitionPredictorUnitTests" name="test_performFullTraining2_failure5" time="0.0" />
  <testcase classname="com.topcoder.predictor.impl.componentcompetition.ComponentCompetitionPredictorUnitTests" name="test_performFullTraining2_failure6" time="0.0" />
  <testcase classname="com.topcoder.predictor.impl.componentcompetition.ComponentCompetitionPredictorUnitTests" name="test_performFullTraining2_failure7" time="0.0" />
  <testcase classname="com.topcoder.predictor.impl.componentcompetition.ComponentCompetitionPredictorUnitTests" name="test_performIncrementalTraining1_failure" time="0.0" />
  <testcase classname="com.topcoder.predictor.impl.componentcompetition.ComponentCompetitionPredictorUnitTests" name="test_performIncrementalTraining2_failure1" time="0.0" />
  <testcase classname="com.topcoder.predictor.impl.componentcompetition.ComponentCompetitionPredictorUnitTests" name="test_performIncrementalTraining2_failure2" time="0.0" />
  <testcase classname="com.topcoder.predictor.impl.componentcompetition.ComponentCompetitionPredictorUnitTests" name="test_predict_failure" time="0.0" />
  <testcase classname="com.topcoder.predictor.impl.componentcompetition.ComponentCompetitionAveragePredictorUnitTests" name="test_clone" time="0.016" />
  <testcase classname="com.topcoder.predictor.impl.componentcompetition.ComponentCompetitionAveragePredictorUnitTests" name="test_getSituationName" time="0.0" />
  <testcase classname="com.topcoder.predictor.impl.componentcompetition.ComponentCompetitionAveragePredictorUnitTests" name="test_getPredictionName" time="0.0" />
  <testcase classname="com.topcoder.predictor.impl.componentcompetition.ComponentCompetitionAveragePredictorUnitTests" name="test_putCapability" time="0.0" />
  <testcase classname="com.topcoder.predictor.impl.componentcompetition.ComponentCompetitionAveragePredictorUnitTests" name="test_getCapability" time="0.0" />
  <testcase classname="com.topcoder.predictor.impl.componentcompetition.ComponentCompetitionAveragePredictorUnitTests" name="test_getCapabilityKeys" time="0.0" />
  <testcase classname="com.topcoder.predictor.impl.componentcompetition.ComponentCompetitionAveragePredictorUnitTests" name="test_removeCapability" time="0.0" />
  <testcase classname="com.topcoder.predictor.impl.componentcompetition.ComponentCompetitionAveragePredictorUnitTests" name="test_clearCapabilities" time="0.0" />
  <testcase classname="com.topcoder.predictor.impl.componentcompetition.ComponentCompetitionAveragePredictorUnitTests" name="test_performFullTraining1" time="0.0" />
  <testcase classname="com.topcoder.predictor.impl.componentcompetition.ComponentCompetitionAveragePredictorUnitTests" name="test_performFullTraining2" time="0.0" />
  <testcase classname="com.topcoder.predictor.impl.componentcompetition.ComponentCompetitionAveragePredictorUnitTests" name="test_performIncrementalTraining1" time="0.0" />
  <testcase classname="com.topcoder.predictor.impl.componentcompetition.ComponentCompetitionAveragePredictorUnitTests" name="test_performIncrementalTraining2" time="0.0" />
  <testcase classname="com.topcoder.predictor.impl.componentcompetition.ComponentCompetitionAveragePredictorUnitTests" name="test_putCategory_failure1" time="0.0" />
  <testcase classname="com.topcoder.predictor.impl.componentcompetition.ComponentCompetitionAveragePredictorUnitTests" name="test_putCategory_failure2" time="0.0" />
  <testcase classname="com.topcoder.predictor.impl.componentcompetition.ComponentCompetitionAveragePredictorUnitTests" name="test_putCategory_failure3" time="0.0" />
  <testcase classname="com.topcoder.predictor.impl.componentcompetition.ComponentCompetitionAveragePredictorUnitTests" name="test_putCategory_failure4" time="0.0" />
  <testcase classname="com.topcoder.predictor.impl.componentcompetition.ComponentCompetitionAveragePredictorUnitTests" name="test_getCategory_failure1" time="0.0" />
  <testcase classname="com.topcoder.predictor.impl.componentcompetition.ComponentCompetitionAveragePredictorUnitTests" name="test_getCategory_failure2" time="0.0" />
  <testcase classname="com.topcoder.predictor.impl.componentcompetition.ComponentCompetitionAveragePredictorUnitTests" name="test_removeCategory_failure1" time="0.0" />
  <testcase classname="com.topcoder.predictor.impl.componentcompetition.ComponentCompetitionAveragePredictorUnitTests" name="test_removeCategory_failure2" time="0.0" />
  <testcase classname="com.topcoder.predictor.impl.componentcompetition.ComponentCompetitionAveragePredictorUnitTests" name="test_performFullTraining1_failure1" time="0.0" />
  <testcase classname="com.topcoder.predictor.impl.componentcompetition.ComponentCompetitionAveragePredictorUnitTests" name="test_performFullTraining1_failure2" time="0.0" />
  <testcase classname="com.topcoder.predictor.impl.componentcompetition.ComponentCompetitionAveragePredictorUnitTests" name="test_performFullTraining1_failure3" time="0.0" />
  <testcase classname="com.topcoder.predictor.impl.componentcompetition.ComponentCompetitionAveragePredictorUnitTests" name="test_performFullTraining2_failure1" time="0.0" />
  <testcase classname="com.topcoder.predictor.impl.componentcompetition.ComponentCompetitionAveragePredictorUnitTests" name="test_performFullTraining2_failure2" time="0.0" />
  <testcase classname="com.topcoder.predictor.impl.componentcompetition.ComponentCompetitionAveragePredictorUnitTests" name="test_performFullTraining2_failure3" time="0.0" />
  <testcase classname="com.topcoder.predictor.impl.componentcompetition.ComponentCompetitionAveragePredictorUnitTests" name="test_performFullTraining2_failure4" time="0.0" />
  <testcase classname="com.topcoder.predictor.impl.componentcompetition.ComponentCompetitionAveragePredictorUnitTests" name="test_performFullTraining2_failure5" time="0.0" />
  <testcase classname="com.topcoder.predictor.impl.componentcompetition.ComponentCompetitionAveragePredictorUnitTests" name="test_performFullTraining2_failure6" time="0.0" />
  <testcase classname="com.topcoder.predictor.impl.componentcompetition.ComponentCompetitionAveragePredictorUnitTests" name="test_performFullTraining2_failure7" time="0.0" />
  <testcase classname="com.topcoder.predictor.impl.componentcompetition.ComponentCompetitionAveragePredictorUnitTests" name="test_performIncrementalTraining1_failure" time="0.0" />
  <testcase classname="com.topcoder.predictor.impl.componentcompetition.ComponentCompetitionAveragePredictorUnitTests" name="test_performIncrementalTraining2_failure1" time="0.0" />
  <testcase classname="com.topcoder.predictor.impl.componentcompetition.ComponentCompetitionAveragePredictorUnitTests" name="test_performIncrementalTraining2_failure2" time="0.0" />
  <testcase classname="com.topcoder.predictor.impl.componentcompetition.ComponentCompetitionAveragePredictorUnitTests" name="test_predict_failure" time="0.0" />
  <testcase classname="com.topcoder.predictor.impl.componentcompetition.ComponentCompetitionAveragePredictorUnitTests" name="test_ctor1" time="0.0" />
  <testcase classname="com.topcoder.predictor.impl.componentcompetition.ComponentCompetitionAveragePredictorUnitTests" name="test_ctor2_1" time="0.0" />
  <testcase classname="com.topcoder.predictor.impl.componentcompetition.ComponentCompetitionAveragePredictorUnitTests" name="test_ctor2_2" time="0.0" />
  <testcase classname="com.topcoder.predictor.impl.componentcompetition.ComponentCompetitionAveragePredictorUnitTests" name="test_ctor2_failure" time="0.0" />
  <testcase classname="com.topcoder.predictor.impl.componentcompetition.ComponentCompetitionAveragePredictorUnitTests" name="test_setPredictors_1" time="0.0" />
  <testcase classname="com.topcoder.predictor.impl.componentcompetition.ComponentCompetitionAveragePredictorUnitTests" name="test_setPredictors_failure" time="0.0" />
  <testcase classname="com.topcoder.predictor.impl.componentcompetition.ComponentCompetitionAveragePredictorUnitTests" name="test_isFullTrainingSupported1" time="0.015" />
  <testcase classname="com.topcoder.predictor.impl.componentcompetition.ComponentCompetitionAveragePredictorUnitTests" name="test_isFullTrainingSupported2" time="0.0" />
  <testcase classname="com.topcoder.predictor.impl.componentcompetition.ComponentCompetitionAveragePredictorUnitTests" name="test_isIncrementalTrainingSupported1" time="0.0" />
  <testcase classname="com.topcoder.predictor.impl.componentcompetition.ComponentCompetitionAveragePredictorUnitTests" name="test_isIncrementalTrainingSupported2" time="0.0" />
  <testcase classname="com.topcoder.predictor.impl.componentcompetition.ComponentCompetitionAveragePredictorUnitTests" name="test_isReadyToOperate1" time="0.0" />
  <testcase classname="com.topcoder.predictor.impl.componentcompetition.ComponentCompetitionAveragePredictorUnitTests" name="test_isReadyToOperate2" time="0.0" />
  <testcase classname="com.topcoder.predictor.impl.componentcompetition.ComponentCompetitionAveragePredictorUnitTests" name="test_predict1" time="0.016" />
  <testcase classname="com.topcoder.predictor.impl.componentcompetition.ComponentCompetitionAveragePredictorUnitTests" name="test_predict2" time="0.0" />
  <testcase classname="com.topcoder.predictor.impl.componentcompetition.analysis.BaseComponentCompetitionSituationGeneratorUnitTests" name="test_ctor" time="0.0" />
  <testcase classname="com.topcoder.predictor.impl.componentcompetition.analysis.BaseComponentCompetitionSituationGeneratorUnitTests" name="test_ctor_failure1" time="0.0" />
  <testcase classname="com.topcoder.predictor.impl.componentcompetition.analysis.BaseComponentCompetitionSituationGeneratorUnitTests" name="test_ctor_failure2" time="0.0" />
  <testcase classname="com.topcoder.predictor.impl.componentcompetition.analysis.BaseComponentCompetitionSituationGeneratorUnitTests" name="test_ctor_failure3" time="0.016" />
  <testcase classname="com.topcoder.predictor.impl.componentcompetition.analysis.BaseComponentCompetitionSituationGeneratorUnitTests" name="test_iterator" time="0.0" />
  <testcase classname="com.topcoder.predictor.impl.componentcompetition.analysis.ComponentCompetitionSituationPrizeGeneratorUnitTests" name="test_ctor" time="0.0" />
  <testcase classname="com.topcoder.predictor.impl.componentcompetition.analysis.ComponentCompetitionSituationPrizeGeneratorUnitTests" name="test_ctor_failure1" time="0.0" />
  <testcase classname="com.topcoder.predictor.impl.componentcompetition.analysis.ComponentCompetitionSituationPrizeGeneratorUnitTests" name="test_ctor_failure2" time="0.0" />
  <testcase classname="com.topcoder.predictor.impl.componentcompetition.analysis.ComponentCompetitionSituationPrizeGeneratorUnitTests" name="test_ctor_failure3" time="0.0" />
  <testcase classname="com.topcoder.predictor.impl.componentcompetition.analysis.ComponentCompetitionSituationPrizeGeneratorUnitTests" name="test_ctor_failure4" time="0.0" />
  <testcase classname="com.topcoder.predictor.impl.componentcompetition.analysis.ComponentCompetitionSituationPrizeGeneratorUnitTests" name="test_ctor_failure5" time="0.0" />
  <testcase classname="com.topcoder.predictor.impl.componentcompetition.analysis.ComponentCompetitionSituationPrizeGeneratorUnitTests" name="test_ctor_failure6" time="0.0" />
  <testcase classname="com.topcoder.predictor.impl.componentcompetition.analysis.ComponentCompetitionSituationPrizeGeneratorUnitTests" name="test_ctor_iterator" time="0.0" />
  <testcase classname="com.topcoder.predictor.impl.componentcompetition.analysis.ComponentCompetitionSituationTimelineGeneratorUnitTests" name="test_ctor" time="0.0" />
  <testcase classname="com.topcoder.predictor.impl.componentcompetition.analysis.ComponentCompetitionSituationTimelineGeneratorUnitTests" name="test_ctor_failure1" time="0.0" />
  <testcase classname="com.topcoder.predictor.impl.componentcompetition.analysis.ComponentCompetitionSituationTimelineGeneratorUnitTests" name="test_ctor_failure2" time="0.0" />
  <testcase classname="com.topcoder.predictor.impl.componentcompetition.analysis.ComponentCompetitionSituationTimelineGeneratorUnitTests" name="test_ctor_failure3" time="0.0" />
  <testcase classname="com.topcoder.predictor.impl.componentcompetition.analysis.ComponentCompetitionSituationTimelineGeneratorUnitTests" name="test_ctor_failure4" time="0.0" />
  <testcase classname="com.topcoder.predictor.impl.componentcompetition.analysis.ComponentCompetitionSituationTimelineGeneratorUnitTests" name="test_ctor_failure5" time="0.0" />
  <testcase classname="com.topcoder.predictor.impl.componentcompetition.analysis.ComponentCompetitionSituationTimelineGeneratorUnitTests" name="test_ctor_failure6" time="0.0" />
  <testcase classname="com.topcoder.predictor.impl.componentcompetition.analysis.ComponentCompetitionSituationTimelineGeneratorUnitTests" name="test_ctor_iterator" time="0.0" />
  <testcase classname="com.topcoder.predictor.impl.componentcompetition.analysis.CompetitionSituationTimelineAndPrizeGeneratorUnitTests" name="test_ctor" time="0.015" />
  <testcase classname="com.topcoder.predictor.impl.componentcompetition.analysis.CompetitionSituationTimelineAndPrizeGeneratorUnitTests" name="test_ctor_failure1" time="0.0" />
  <testcase classname="com.topcoder.predictor.impl.componentcompetition.analysis.CompetitionSituationTimelineAndPrizeGeneratorUnitTests" name="test_ctor_failure2" time="0.0" />
  <testcase classname="com.topcoder.predictor.impl.componentcompetition.analysis.CompetitionSituationTimelineAndPrizeGeneratorUnitTests" name="test_ctor_failure3" time="0.0" />
  <testcase classname="com.topcoder.predictor.impl.componentcompetition.analysis.CompetitionSituationTimelineAndPrizeGeneratorUnitTests" name="test_ctor_failure4" time="0.0" />
  <testcase classname="com.topcoder.predictor.impl.componentcompetition.analysis.CompetitionSituationTimelineAndPrizeGeneratorUnitTests" name="test_ctor_failure5" time="0.0" />
  <testcase classname="com.topcoder.predictor.impl.componentcompetition.analysis.CompetitionSituationTimelineAndPrizeGeneratorUnitTests" name="test_ctor_failure6" time="0.0" />
  <testcase classname="com.topcoder.predictor.impl.componentcompetition.analysis.CompetitionSituationTimelineAndPrizeGeneratorUnitTests" name="test_ctor_iterator" time="0.0" />
  <testcase classname="com.topcoder.predictor.impl.componentcompetition.analysis.CompetitionSituationTimelineAndPrizeGeneratorUnitTests" name="test_ctor_failure7" time="0.0" />
  <testcase classname="com.topcoder.predictor.impl.componentcompetition.analysis.CompetitionSituationTimelineAndPrizeGeneratorUnitTests" name="test_ctor_failure8" time="0.0" />
  <testcase classname="com.topcoder.predictor.impl.componentcompetition.analysis.CompetitionSituationTimelineAndPrizeGeneratorUnitTests" name="test_ctor_failure9" time="0.0" />
  <testcase classname="com.topcoder.predictor.impl.componentcompetition.analysis.CompetitionSituationTimelineAndPrizeGeneratorUnitTests" name="test_ctor_failure10" time="0.0" />
  <testcase classname="com.topcoder.predictor.impl.componentcompetition.analysis.CompetitionSituationTimelineAndPrizeGeneratorUnitTests" name="test_ctor_failure11" time="0.0" />
  <testcase classname="com.topcoder.predictor.impl.componentcompetition.analysis.ComponentCompetitionFulfillmentPredictionPrizeComparatorUnitTests" name="test_ctor" time="0.0" />
  <testcase classname="com.topcoder.predictor.impl.componentcompetition.analysis.ComponentCompetitionFulfillmentPredictionPrizeComparatorUnitTests" name="test_ctor_failure1" time="0.0" />
  <testcase classname="com.topcoder.predictor.impl.componentcompetition.analysis.ComponentCompetitionFulfillmentPredictionPrizeComparatorUnitTests" name="test_ctor_failure2" time="0.0" />
  <testcase classname="com.topcoder.predictor.impl.componentcompetition.analysis.ComponentCompetitionFulfillmentPredictionPrizeComparatorUnitTests" name="test_ctor_failure3" time="0.0" />
  <testcase classname="com.topcoder.predictor.impl.componentcompetition.analysis.ComponentCompetitionFulfillmentPredictionPrizeComparatorUnitTests" name="test_ctor_failure4" time="0.0" />
  <testcase classname="com.topcoder.predictor.impl.componentcompetition.analysis.ComponentCompetitionFulfillmentPredictionPrizeComparatorUnitTests" name="test_compare1" time="0.0" />
  <testcase classname="com.topcoder.predictor.impl.componentcompetition.analysis.ComponentCompetitionFulfillmentPredictionPrizeComparatorUnitTests" name="test_compare2" time="0.0" />
  <testcase classname="com.topcoder.predictor.impl.componentcompetition.analysis.ComponentCompetitionFulfillmentPredictionPrizeComparatorUnitTests" name="test_compare3" time="0.0" />
  <testcase classname="com.topcoder.predictor.impl.componentcompetition.analysis.ComponentCompetitionFulfillmentPredictionPrizeComparatorUnitTests" name="test_compare4" time="0.0" />
  <testcase classname="com.topcoder.predictor.impl.componentcompetition.analysis.ComponentCompetitionFulfillmentPredictionPrizeComparatorUnitTests" name="test_compare5" time="0.0" />
  <testcase classname="com.topcoder.predictor.impl.componentcompetition.analysis.ComponentCompetitionFulfillmentPredictionPrizeComparatorUnitTests" name="test_compare_failure1" time="0.0" />
  <testcase classname="com.topcoder.predictor.impl.componentcompetition.analysis.ComponentCompetitionFulfillmentPredictionPrizeComparatorUnitTests" name="test_compare_failure2" time="0.0" />
  <testcase classname="com.topcoder.predictor.impl.componentcompetition.analysis.ComponentCompetitionFulfillmentPredictionPrizeComparatorUnitTests" name="test_equals_1" time="0.0" />
  <testcase classname="com.topcoder.predictor.impl.componentcompetition.analysis.ComponentCompetitionFulfillmentPredictionPrizeComparatorUnitTests" name="test_equals_2" time="0.0" />
  <testcase classname="com.topcoder.predictor.impl.componentcompetition.analysis.ComponentCompetitionFulfillmentPredictionPrizeComparatorUnitTests" name="test_equals_3" time="0.0" />
  <testcase classname="com.topcoder.predictor.impl.componentcompetition.analysis.ComponentCompetitionFulfillmentPredictionPrizeComparatorUnitTests" name="test_equals_4" time="0.0" />
  <testcase classname="com.topcoder.predictor.impl.componentcompetition.analysis.ComponentCompetitionFulfillmentPredictionPrizeComparatorUnitTests" name="test_hashCode" time="0.0" />
  <testcase classname="com.topcoder.predictor.impl.componentcompetition.analysis.ComponentCompetitionFulfillmentPredictionPrizeComparatorUnitTests" name="test_getMinPrediction" time="0.0" />
  <testcase classname="com.topcoder.predictor.impl.componentcompetition.analysis.ComponentCompetitionFulfillmentPredictionPrizeComparatorUnitTests" name="test_getMaxPrediction" time="0.0" />
  <testcase classname="com.topcoder.predictor.impl.componentcompetition.analysis.ComponentCompetitionFulfillmentPredictionPrizeComparatorUnitTests" name="test_getTargetDuration" time="0.0" />
  <testcase classname="com.topcoder.predictor.impl.componentcompetition.analysis.ComponentCompetitionFulfillmentPredictionTimelineComparatorUnitTests" name="test_ctor" time="0.016" />
  <testcase classname="com.topcoder.predictor.impl.componentcompetition.analysis.ComponentCompetitionFulfillmentPredictionTimelineComparatorUnitTests" name="test_ctor_failure1" time="0.0" />
  <testcase classname="com.topcoder.predictor.impl.componentcompetition.analysis.ComponentCompetitionFulfillmentPredictionTimelineComparatorUnitTests" name="test_ctor_failure2" time="0.0" />
  <testcase classname="com.topcoder.predictor.impl.componentcompetition.analysis.ComponentCompetitionFulfillmentPredictionTimelineComparatorUnitTests" name="test_ctor_failure3" time="0.0" />
  <testcase classname="com.topcoder.predictor.impl.componentcompetition.analysis.ComponentCompetitionFulfillmentPredictionTimelineComparatorUnitTests" name="test_ctor_failure4" time="0.0" />
  <testcase classname="com.topcoder.predictor.impl.componentcompetition.analysis.ComponentCompetitionFulfillmentPredictionTimelineComparatorUnitTests" name="test_compare1" time="0.0" />
  <testcase classname="com.topcoder.predictor.impl.componentcompetition.analysis.ComponentCompetitionFulfillmentPredictionTimelineComparatorUnitTests" name="test_compare2" time="0.0" />
  <testcase classname="com.topcoder.predictor.impl.componentcompetition.analysis.ComponentCompetitionFulfillmentPredictionTimelineComparatorUnitTests" name="test_compare3" time="0.0" />
  <testcase classname="com.topcoder.predictor.impl.componentcompetition.analysis.ComponentCompetitionFulfillmentPredictionTimelineComparatorUnitTests" name="test_compare4" time="0.0" />
  <testcase classname="com.topcoder.predictor.impl.componentcompetition.analysis.ComponentCompetitionFulfillmentPredictionTimelineComparatorUnitTests" name="test_compare5" time="0.0" />
  <testcase classname="com.topcoder.predictor.impl.componentcompetition.analysis.ComponentCompetitionFulfillmentPredictionTimelineComparatorUnitTests" name="test_compare_failure1" time="0.0" />
  <testcase classname="com.topcoder.predictor.impl.componentcompetition.analysis.ComponentCompetitionFulfillmentPredictionTimelineComparatorUnitTests" name="test_compare_failure2" time="0.0" />
  <testcase classname="com.topcoder.predictor.impl.componentcompetition.analysis.ComponentCompetitionFulfillmentPredictionTimelineComparatorUnitTests" name="test_equals_1" time="0.0" />
  <testcase classname="com.topcoder.predictor.impl.componentcompetition.analysis.ComponentCompetitionFulfillmentPredictionTimelineComparatorUnitTests" name="test_equals_2" time="0.0" />
  <testcase classname="com.topcoder.predictor.impl.componentcompetition.analysis.ComponentCompetitionFulfillmentPredictionTimelineComparatorUnitTests" name="test_equals_3" time="0.0" />
  <testcase classname="com.topcoder.predictor.impl.componentcompetition.analysis.ComponentCompetitionFulfillmentPredictionTimelineComparatorUnitTests" name="test_equals_4" time="0.0" />
  <testcase classname="com.topcoder.predictor.impl.componentcompetition.analysis.ComponentCompetitionFulfillmentPredictionTimelineComparatorUnitTests" name="test_hashCode" time="0.0" />
  <testcase classname="com.topcoder.predictor.impl.componentcompetition.analysis.ComponentCompetitionFulfillmentPredictionTimelineComparatorUnitTests" name="test_getMinPrediction" time="0.0" />
  <testcase classname="com.topcoder.predictor.impl.componentcompetition.analysis.ComponentCompetitionFulfillmentPredictionTimelineComparatorUnitTests" name="test_getMaxPrediction" time="0.0" />
  <testcase classname="com.topcoder.predictor.impl.componentcompetition.analysis.ComponentCompetitionFulfillmentPredictionTimelineComparatorUnitTests" name="test_getTargetDuration" time="0.0" />
  <testcase classname="com.topcoder.predictor.impl.componentcompetition.Demo" name="test_demo_ComponentCompetitionPredictor" time="0.0" />
  <testcase classname="com.topcoder.predictor.impl.componentcompetition.Demo" name="test_demo_ComponentCompetitionAveragePredictor" time="0.0" />
  <testcase classname="com.topcoder.predictor.impl.componentcompetition.Demo" name="test_demo_generators_and_comparators" time="0.0" />
  <testcase classname="com.topcoder.predictor.impl.componentcompetition.Demo" name="test_demo_comparators" time="0.0" />
  <testcase classname="com.topcoder.predictor.impl.componentcompetition.accuracytests.ComponentCompetitionAveragePredictorAccuracyTests" name="testCtor11" time="0.0" />
  <testcase classname="com.topcoder.predictor.impl.componentcompetition.accuracytests.ComponentCompetitionAveragePredictorAccuracyTests" name="testCtor12" time="0.0" />
  <testcase classname="com.topcoder.predictor.impl.componentcompetition.accuracytests.ComponentCompetitionAveragePredictorAccuracyTests" name="testCtor13" time="0.0" />
  <testcase classname="com.topcoder.predictor.impl.componentcompetition.accuracytests.ComponentCompetitionAveragePredictorAccuracyTests" name="testCtor2" time="0.0" />
  <testcase classname="com.topcoder.predictor.impl.componentcompetition.accuracytests.ComponentCompetitionAveragePredictorAccuracyTests" name="testGetSituationName" time="0.0" />
  <testcase classname="com.topcoder.predictor.impl.componentcompetition.accuracytests.ComponentCompetitionAveragePredictorAccuracyTests" name="testGetPredictionName" time="0.016" />
  <testcase classname="com.topcoder.predictor.impl.componentcompetition.accuracytests.ComponentCompetitionAveragePredictorAccuracyTests" name="testIsFullTrainingSupported1" time="0.0" />
  <testcase classname="com.topcoder.predictor.impl.componentcompetition.accuracytests.ComponentCompetitionAveragePredictorAccuracyTests" name="testIsFullTrainingSupported2" time="0.0" />
  <testcase classname="com.topcoder.predictor.impl.componentcompetition.accuracytests.ComponentCompetitionAveragePredictorAccuracyTests" name="testIsIncrementalTrainingSupported" time="0.0" />
  <testcase classname="com.topcoder.predictor.impl.componentcompetition.accuracytests.ComponentCompetitionAveragePredictorAccuracyTests" name="testIsReadyToOperate" time="0.0" />
  <testcase classname="com.topcoder.predictor.impl.componentcompetition.accuracytests.ComponentCompetitionAveragePredictorAccuracyTests" name="testGetapability" time="0.0" />
  <testcase classname="com.topcoder.predictor.impl.componentcompetition.accuracytests.ComponentCompetitionAveragePredictorAccuracyTests" name="testGetapabilityKeys" time="0.0" />
  <testcase classname="com.topcoder.predictor.impl.componentcompetition.accuracytests.ComponentCompetitionAveragePredictorAccuracyTests" name="testPerformFullTraining11" time="0.0" />
  <testcase classname="com.topcoder.predictor.impl.componentcompetition.accuracytests.ComponentCompetitionAveragePredictorAccuracyTests" name="testPerformFullTraining12" time="0.0" />
  <testcase classname="com.topcoder.predictor.impl.componentcompetition.accuracytests.ComponentCompetitionAveragePredictorAccuracyTests" name="testPerformFullTraining21" time="0.0" />
  <testcase classname="com.topcoder.predictor.impl.componentcompetition.accuracytests.ComponentCompetitionAveragePredictorAccuracyTests" name="testPerformFullTraining22" time="0.0" />
  <testcase classname="com.topcoder.predictor.impl.componentcompetition.accuracytests.ComponentCompetitionAveragePredictorAccuracyTests" name="testPerformIncrementalTraining11" time="0.0" />
  <testcase classname="com.topcoder.predictor.impl.componentcompetition.accuracytests.ComponentCompetitionAveragePredictorAccuracyTests" name="testPerformIncrementalTraining12" time="0.0" />
  <testcase classname="com.topcoder.predictor.impl.componentcompetition.accuracytests.ComponentCompetitionAveragePredictorAccuracyTests" name="testPerformIncrementalTraining21" time="0.0" />
  <testcase classname="com.topcoder.predictor.impl.componentcompetition.accuracytests.ComponentCompetitionAveragePredictorAccuracyTests" name="testPerformIncrementalTraining22" time="0.0" />
  <testcase classname="com.topcoder.predictor.impl.componentcompetition.accuracytests.ComponentCompetitionAveragePredictorAccuracyTests" name="testPredict1" time="0.0" />
  <testcase classname="com.topcoder.predictor.impl.componentcompetition.accuracytests.ComponentCompetitionAveragePredictorAccuracyTests" name="testPredict2" time="0.0" />
  <testcase classname="com.topcoder.predictor.impl.componentcompetition.accuracytests.ComponentCompetitionAveragePredictorAccuracyTests" name="testGetPredictors1" time="0.0" />
  <testcase classname="com.topcoder.predictor.impl.componentcompetition.accuracytests.ComponentCompetitionAveragePredictorAccuracyTests" name="testGetPredictors2" time="0.0" />
  <testcase classname="com.topcoder.predictor.impl.componentcompetition.accuracytests.ComponentCompetitionAveragePredictorAccuracyTests" name="testSetPredictors1" time="0.0" />
  <testcase classname="com.topcoder.predictor.impl.componentcompetition.accuracytests.ComponentCompetitionAveragePredictorAccuracyTests" name="testSetPredictors2" time="0.0" />
  <testcase classname="com.topcoder.predictor.impl.componentcompetition.accuracytests.ComponentCompetitionAveragePredictorAccuracyTests" name="testClone1" time="0.0" />
  <testcase classname="com.topcoder.predictor.impl.componentcompetition.accuracytests.ComponentCompetitionAveragePredictorAccuracyTests" name="testClone2" time="0.0" />
  <testcase classname="com.topcoder.predictor.impl.componentcompetition.accuracytests.ComponentCompetitionPredictorAccuracyTests" name="testGetSituationName" time="0.0" />
  <testcase classname="com.topcoder.predictor.impl.componentcompetition.accuracytests.ComponentCompetitionPredictorAccuracyTests" name="testGetPredictionName" time="0.0" />
  <testcase classname="com.topcoder.predictor.impl.componentcompetition.accuracytests.ComponentCompetitionPredictorAccuracyTests" name="testIsIncrementalTrainingSupported" time="0.0" />
  <testcase classname="com.topcoder.predictor.impl.componentcompetition.accuracytests.ComponentCompetitionPredictorAccuracyTests" name="testIsReadyToOperate" time="0.0" />
  <testcase classname="com.topcoder.predictor.impl.componentcompetition.accuracytests.ComponentCompetitionPredictorAccuracyTests" name="testGetapability" time="0.0" />
  <testcase classname="com.topcoder.predictor.impl.componentcompetition.accuracytests.ComponentCompetitionPredictorAccuracyTests" name="testGetapabilityKeys" time="0.0" />
  <testcase classname="com.topcoder.predictor.impl.componentcompetition.accuracytests.ComponentCompetitionPredictorAccuracyTests" name="testPredict1" time="0.0" />
  <testcase classname="com.topcoder.predictor.impl.componentcompetition.accuracytests.ComponentCompetitionPredictorAccuracyTests" name="testPredict2" time="0.0" />
  <testcase classname="com.topcoder.predictor.impl.componentcompetition.accuracytests.ComponentCompetitionPredictorAccuracyTests" name="testCtor" time="0.0" />
  <testcase classname="com.topcoder.predictor.impl.componentcompetition.accuracytests.ComponentCompetitionPredictorAccuracyTests" name="testIsFullTrainingSupported" time="0.0" />
  <testcase classname="com.topcoder.predictor.impl.componentcompetition.accuracytests.ComponentCompetitionPredictorAccuracyTests" name="testPerformFullTraining1" time="0.0" />
  <testcase classname="com.topcoder.predictor.impl.componentcompetition.accuracytests.ComponentCompetitionPredictorAccuracyTests" name="testPerformFullTraining2" time="0.0" />
  <testcase classname="com.topcoder.predictor.impl.componentcompetition.accuracytests.ComponentCompetitionPredictorAccuracyTests" name="testPerformIncrementalTraining1" time="0.0" />
  <testcase classname="com.topcoder.predictor.impl.componentcompetition.accuracytests.ComponentCompetitionPredictorAccuracyTests" name="testPerformIncrementalTraining2" time="0.0" />
  <testcase classname="com.topcoder.predictor.impl.componentcompetition.accuracytests.ComponentCompetitionPredictorAccuracyTests" name="testClone" time="0.0" />
  <testcase classname="com.topcoder.predictor.impl.componentcompetition.accuracytests.ComponentCompetitionFulfillmentPredictionAccuracyTests" name="testCtor" time="0.0" />
  <testcase classname="com.topcoder.predictor.impl.componentcompetition.accuracytests.ComponentCompetitionFulfillmentPredictionAccuracyTests" name="testClone" time="0.0" />
  <testcase classname="com.topcoder.predictor.impl.componentcompetition.accuracytests.ComponentCompetitionFulfillmentPredictionAccuracyTests" name="testGetExpectedPassedReviewSubmissionCount" time="0.0" />
  <testcase classname="com.topcoder.predictor.impl.componentcompetition.accuracytests.ComponentCompetitionFulfillmentPredictionAccuracyTests" name="testGetSituation" time="0.015" />
  <testcase classname="com.topcoder.predictor.impl.componentcompetition.accuracytests.ComponentCompetitionFulfillmentPredictionAccuracyTests" name="testGetPredictor" time="0.0" />
  <testcase classname="com.topcoder.predictor.impl.componentcompetition.accuracytests.ComponentCompetitionSituationAccuracyTests" name="testCtor" time="0.0" />
  <testcase classname="com.topcoder.predictor.impl.componentcompetition.accuracytests.ComponentCompetitionSituationAccuracyTests" name="testClone" time="0.0" />
  <testcase classname="com.topcoder.predictor.impl.componentcompetition.accuracytests.ComponentCompetitionSituationAccuracyTests" name="testGetComponentId" time="0.0" />
  <testcase classname="com.topcoder.predictor.impl.componentcompetition.accuracytests.ComponentCompetitionSituationAccuracyTests" name="testSetComponentId1" time="0.0" />
  <testcase classname="com.topcoder.predictor.impl.componentcompetition.accuracytests.ComponentCompetitionSituationAccuracyTests" name="testSetComponentId2" time="0.0" />
  <testcase classname="com.topcoder.predictor.impl.componentcompetition.accuracytests.ComponentCompetitionSituationAccuracyTests" name="testGetComponentVersionId" time="0.0" />
  <testcase classname="com.topcoder.predictor.impl.componentcompetition.accuracytests.ComponentCompetitionSituationAccuracyTests" name="testSetComponentVersionId1" time="0.0" />
  <testcase classname="com.topcoder.predictor.impl.componentcompetition.accuracytests.ComponentCompetitionSituationAccuracyTests" name="testSetComponentVersionId2" time="0.0" />
  <testcase classname="com.topcoder.predictor.impl.componentcompetition.accuracytests.ComponentCompetitionSituationAccuracyTests" name="testGetProjectId" time="0.0" />
  <testcase classname="com.topcoder.predictor.impl.componentcompetition.accuracytests.ComponentCompetitionSituationAccuracyTests" name="testSetProjectId1" time="0.0" />
  <testcase classname="com.topcoder.predictor.impl.componentcompetition.accuracytests.ComponentCompetitionSituationAccuracyTests" name="testSetProjectId2" time="0.0" />
  <testcase classname="com.topcoder.predictor.impl.componentcompetition.accuracytests.ComponentCompetitionSituationAccuracyTests" name="testGetCatalog" time="0.0" />
  <testcase classname="com.topcoder.predictor.impl.componentcompetition.accuracytests.ComponentCompetitionSituationAccuracyTests" name="testSetCatalog1" time="0.0" />
  <testcase classname="com.topcoder.predictor.impl.componentcompetition.accuracytests.ComponentCompetitionSituationAccuracyTests" name="testSetCatalog2" time="0.0" />
  <testcase classname="com.topcoder.predictor.impl.componentcompetition.accuracytests.ComponentCompetitionSituationAccuracyTests" name="testGetComponent" time="0.0" />
  <testcase classname="com.topcoder.predictor.impl.componentcompetition.accuracytests.ComponentCompetitionSituationAccuracyTests" name="testSetComponent1" time="0.0" />
  <testcase classname="com.topcoder.predictor.impl.componentcompetition.accuracytests.ComponentCompetitionSituationAccuracyTests" name="testSetComponent2" time="0.0" />
  <testcase classname="com.topcoder.predictor.impl.componentcompetition.accuracytests.ComponentCompetitionSituationAccuracyTests" name="testGetVersion" time="0.0" />
  <testcase classname="com.topcoder.predictor.impl.componentcompetition.accuracytests.ComponentCompetitionSituationAccuracyTests" name="testSetVersion1" time="0.0" />
  <testcase classname="com.topcoder.predictor.impl.componentcompetition.accuracytests.ComponentCompetitionSituationAccuracyTests" name="testSetVersion2" time="0.0" />
  <testcase classname="com.topcoder.predictor.impl.componentcompetition.accuracytests.ComponentCompetitionSituationAccuracyTests" name="testGetProjectCategory" time="0.0" />
  <testcase classname="com.topcoder.predictor.impl.componentcompetition.accuracytests.ComponentCompetitionSituationAccuracyTests" name="testSetProjectCategory1" time="0.0" />
  <testcase classname="com.topcoder.predictor.impl.componentcompetition.accuracytests.ComponentCompetitionSituationAccuracyTests" name="testSetProjectCategory2" time="0.0" />
  <testcase classname="com.topcoder.predictor.impl.componentcompetition.accuracytests.ComponentCompetitionSituationAccuracyTests" name="testGetProjectStatus" time="0.0" />
  <testcase classname="com.topcoder.predictor.impl.componentcompetition.accuracytests.ComponentCompetitionSituationAccuracyTests" name="testSetProjectStatus1" time="0.0" />
  <testcase classname="com.topcoder.predictor.impl.componentcompetition.accuracytests.ComponentCompetitionSituationAccuracyTests" name="testSetProjectStatus2" time="0.0" />
  <testcase classname="com.topcoder.predictor.impl.componentcompetition.accuracytests.ComponentCompetitionSituationAccuracyTests" name="testGetPostingDate" time="0.0" />
  <testcase classname="com.topcoder.predictor.impl.componentcompetition.accuracytests.ComponentCompetitionSituationAccuracyTests" name="testSetPostingDate1" time="0.0" />
  <testcase classname="com.topcoder.predictor.impl.componentcompetition.accuracytests.ComponentCompetitionSituationAccuracyTests" name="testSetPostingDate2" time="0.0" />
  <testcase classname="com.topcoder.predictor.impl.componentcompetition.accuracytests.ComponentCompetitionSituationAccuracyTests" name="testGetEndDate" time="0.0" />
  <testcase classname="com.topcoder.predictor.impl.componentcompetition.accuracytests.ComponentCompetitionSituationAccuracyTests" name="testSetEndDate1" time="0.0" />
  <testcase classname="com.topcoder.predictor.impl.componentcompetition.accuracytests.ComponentCompetitionSituationAccuracyTests" name="testSetEndDate2" time="0.0" />
  <testcase classname="com.topcoder.predictor.impl.componentcompetition.accuracytests.ComponentCompetitionSituationAccuracyTests" name="testSetEndDate3" time="0.0" />
  <testcase classname="com.topcoder.predictor.impl.componentcompetition.accuracytests.ComponentCompetitionSituationAccuracyTests" name="testGetScorecardId" time="0.0" />
  <testcase classname="com.topcoder.predictor.impl.componentcompetition.accuracytests.ComponentCompetitionSituationAccuracyTests" name="testSetScorecardId1" time="0.0" />
  <testcase classname="com.topcoder.predictor.impl.componentcompetition.accuracytests.ComponentCompetitionSituationAccuracyTests" name="testSetScorecardId2" time="0.0" />
  <testcase classname="com.topcoder.predictor.impl.componentcompetition.accuracytests.ComponentCompetitionSituationAccuracyTests" name="testGetFinalFixCount" time="0.0" />
  <testcase classname="com.topcoder.predictor.impl.componentcompetition.accuracytests.ComponentCompetitionSituationAccuracyTests" name="testSetFinalFixCount1" time="0.0" />
  <testcase classname="com.topcoder.predictor.impl.componentcompetition.accuracytests.ComponentCompetitionSituationAccuracyTests" name="testSetFinalFixCount2" time="0.0" />
  <testcase classname="com.topcoder.predictor.impl.componentcompetition.accuracytests.ComponentCompetitionSituationAccuracyTests" name="testGetPrize" time="0.0" />
  <testcase classname="com.topcoder.predictor.impl.componentcompetition.accuracytests.ComponentCompetitionSituationAccuracyTests" name="testSetPrize1" time="0.0" />
  <testcase classname="com.topcoder.predictor.impl.componentcompetition.accuracytests.ComponentCompetitionSituationAccuracyTests" name="testSetPrize2" time="0.0" />
  <testcase classname="com.topcoder.predictor.impl.componentcompetition.accuracytests.ComponentCompetitionSituationAccuracyTests" name="testGetRated" time="0.0" />
  <testcase classname="com.topcoder.predictor.impl.componentcompetition.accuracytests.ComponentCompetitionSituationAccuracyTests" name="testSetRated1" time="0.0" />
  <testcase classname="com.topcoder.predictor.impl.componentcompetition.accuracytests.ComponentCompetitionSituationAccuracyTests" name="testSetRated2" time="0.0" />
  <testcase classname="com.topcoder.predictor.impl.componentcompetition.accuracytests.ComponentCompetitionSituationAccuracyTests" name="testGetDigitalRun" time="0.0" />
  <testcase classname="com.topcoder.predictor.impl.componentcompetition.accuracytests.ComponentCompetitionSituationAccuracyTests" name="testSetDigitalRun1" time="0.0" />
  <testcase classname="com.topcoder.predictor.impl.componentcompetition.accuracytests.ComponentCompetitionSituationAccuracyTests" name="testSetDigitalRun2" time="0.0" />
  <testcase classname="com.topcoder.predictor.impl.componentcompetition.accuracytests.ComponentCompetitionSituationAccuracyTests" name="testGetDigitalRunPoints" time="0.0" />
  <testcase classname="com.topcoder.predictor.impl.componentcompetition.accuracytests.ComponentCompetitionSituationAccuracyTests" name="testSetDigitalRunPoints1" time="0.0" />
  <testcase classname="com.topcoder.predictor.impl.componentcompetition.accuracytests.ComponentCompetitionSituationAccuracyTests" name="testSetDigitalRunPoints2" time="0.0" />
  <testcase classname="com.topcoder.predictor.impl.componentcompetition.accuracytests.ComponentCompetitionSituationAccuracyTests" name="testGetDescription" time="0.0" />
  <testcase classname="com.topcoder.predictor.impl.componentcompetition.accuracytests.ComponentCompetitionSituationAccuracyTests" name="testSetDescription1" time="0.0" />
  <testcase classname="com.topcoder.predictor.impl.componentcompetition.accuracytests.ComponentCompetitionSituationAccuracyTests" name="testSetDescription2" time="0.0" />
  <testcase classname="com.topcoder.predictor.impl.componentcompetition.accuracytests.ComponentCompetitionSituationAccuracyTests" name="testGetKeywords" time="0.0" />
  <testcase classname="com.topcoder.predictor.impl.componentcompetition.accuracytests.ComponentCompetitionSituationAccuracyTests" name="testSetKeywords1" time="0.0" />
  <testcase classname="com.topcoder.predictor.impl.componentcompetition.accuracytests.ComponentCompetitionSituationAccuracyTests" name="testSetKeywords2" time="0.0" />
  <testcase classname="com.topcoder.predictor.impl.componentcompetition.accuracytests.ComponentCompetitionSituationAccuracyTests" name="testGetTechnologies" time="0.0" />
  <testcase classname="com.topcoder.predictor.impl.componentcompetition.accuracytests.ComponentCompetitionSituationAccuracyTests" name="testSetTechnologies1" time="0.0" />
  <testcase classname="com.topcoder.predictor.impl.componentcompetition.accuracytests.ComponentCompetitionSituationAccuracyTests" name="testSetTechnologies2" time="0.0" />
  <testcase classname="com.topcoder.predictor.impl.componentcompetition.accuracytests.ComponentCompetitionSituationAccuracyTests" name="testGetParticipants" time="0.0" />
  <testcase classname="com.topcoder.predictor.impl.componentcompetition.accuracytests.ComponentCompetitionSituationAccuracyTests" name="testSetParticipants1" time="0.0" />
  <testcase classname="com.topcoder.predictor.impl.componentcompetition.accuracytests.ComponentCompetitionSituationAccuracyTests" name="testSetParticipants2" time="0.0" />
  <testcase classname="com.topcoder.predictor.impl.componentcompetition.accuracytests.ParticipantAccuracyTests" name="testClone1" time="0.0" />
  <testcase classname="com.topcoder.predictor.impl.componentcompetition.accuracytests.ParticipantAccuracyTests" name="testClone2" time="0.0" />
  <testcase classname="com.topcoder.predictor.impl.componentcompetition.accuracytests.ParticipantAccuracyTests" name="testCtor" time="0.0" />
  <testcase classname="com.topcoder.predictor.impl.componentcompetition.accuracytests.ParticipantAccuracyTests" name="testGetUserId" time="0.0" />
  <testcase classname="com.topcoder.predictor.impl.componentcompetition.accuracytests.ParticipantAccuracyTests" name="testSetUserId1" time="0.0" />
  <testcase classname="com.topcoder.predictor.impl.componentcompetition.accuracytests.ParticipantAccuracyTests" name="testSetUserId2" time="0.0" />
  <testcase classname="com.topcoder.predictor.impl.componentcompetition.accuracytests.ParticipantAccuracyTests" name="testGetRating" time="0.0" />
  <testcase classname="com.topcoder.predictor.impl.componentcompetition.accuracytests.ParticipantAccuracyTests" name="testSetRating1" time="0.0" />
  <testcase classname="com.topcoder.predictor.impl.componentcompetition.accuracytests.ParticipantAccuracyTests" name="testSetRating2" time="0.0" />
  <testcase classname="com.topcoder.predictor.impl.componentcompetition.accuracytests.ParticipantAccuracyTests" name="testGetReliability" time="0.0" />
  <testcase classname="com.topcoder.predictor.impl.componentcompetition.accuracytests.ParticipantAccuracyTests" name="testSetReliability1" time="0.0" />
  <testcase classname="com.topcoder.predictor.impl.componentcompetition.accuracytests.ParticipantAccuracyTests" name="testSetReliability2" time="0.0" />
  <testcase classname="com.topcoder.predictor.impl.componentcompetition.accuracytests.ParticipantAccuracyTests" name="testGetAutoScreeningResult" time="0.0" />
  <testcase classname="com.topcoder.predictor.impl.componentcompetition.accuracytests.ParticipantAccuracyTests" name="testSetAutoScreeningResult1" time="0.0" />
  <testcase classname="com.topcoder.predictor.impl.componentcompetition.accuracytests.ParticipantAccuracyTests" name="testSetAutoScreeningResult2" time="0.0" />
  <testcase classname="com.topcoder.predictor.impl.componentcompetition.accuracytests.ParticipantAccuracyTests" name="testGetScreeningScore" time="0.0" />
  <testcase classname="com.topcoder.predictor.impl.componentcompetition.accuracytests.ParticipantAccuracyTests" name="testSetScreeningScore1" time="0.0" />
  <testcase classname="com.topcoder.predictor.impl.componentcompetition.accuracytests.ParticipantAccuracyTests" name="testSetScreeningScore2" time="0.0" />
  <testcase classname="com.topcoder.predictor.impl.componentcompetition.accuracytests.ParticipantAccuracyTests" name="testGetPassedScreening" time="0.0" />
  <testcase classname="com.topcoder.predictor.impl.componentcompetition.accuracytests.ParticipantAccuracyTests" name="testSetPassedScreening1" time="0.0" />
  <testcase classname="com.topcoder.predictor.impl.componentcompetition.accuracytests.ParticipantAccuracyTests" name="testSetPassedScreening2" time="0.0" />
  <testcase classname="com.topcoder.predictor.impl.componentcompetition.accuracytests.ParticipantAccuracyTests" name="testGetScoreBeforeAppeals" time="0.0" />
  <testcase classname="com.topcoder.predictor.impl.componentcompetition.accuracytests.ParticipantAccuracyTests" name="testSetScoreBeforeAppeals1" time="0.0" />
  <testcase classname="com.topcoder.predictor.impl.componentcompetition.accuracytests.ParticipantAccuracyTests" name="testSetScoreBeforeAppeals2" time="0.0" />
  <testcase classname="com.topcoder.predictor.impl.componentcompetition.accuracytests.ParticipantAccuracyTests" name="testGetScoreAfterAppeals" time="0.0" />
  <testcase classname="com.topcoder.predictor.impl.componentcompetition.accuracytests.ParticipantAccuracyTests" name="testSetScoreAfterAppeals1" time="0.0" />
  <testcase classname="com.topcoder.predictor.impl.componentcompetition.accuracytests.ParticipantAccuracyTests" name="testSetScoreAfterAppeals2" time="0.0" />
  <testcase classname="com.topcoder.predictor.impl.componentcompetition.accuracytests.ParticipantAccuracyTests" name="testGetPassedReview" time="0.0" />
  <testcase classname="com.topcoder.predictor.impl.componentcompetition.accuracytests.ParticipantAccuracyTests" name="testSetPassedReview1" time="0.0" />
  <testcase classname="com.topcoder.predictor.impl.componentcompetition.accuracytests.ParticipantAccuracyTests" name="testSetPassedReview2" time="0.0" />
  <testcase classname="com.topcoder.predictor.impl.componentcompetition.accuracytests.ParticipantAccuracyTests" name="testGetAppealCount" time="0.0" />
  <testcase classname="com.topcoder.predictor.impl.componentcompetition.accuracytests.ParticipantAccuracyTests" name="testSetAppealCount1" time="0.0" />
  <testcase classname="com.topcoder.predictor.impl.componentcompetition.accuracytests.ParticipantAccuracyTests" name="testSetAppealCount2" time="0.0" />
  <testcase classname="com.topcoder.predictor.impl.componentcompetition.accuracytests.ParticipantAccuracyTests" name="testGetSuccessfulAppealCount" time="0.0" />
  <testcase classname="com.topcoder.predictor.impl.componentcompetition.accuracytests.ParticipantAccuracyTests" name="testSetSuccessfulAppealCount1" time="0.0" />
  <testcase classname="com.topcoder.predictor.impl.componentcompetition.accuracytests.ParticipantAccuracyTests" name="testSetSuccessfulAppealCount2" time="0.0" />
  <testcase classname="com.topcoder.predictor.impl.componentcompetition.accuracytests.TechnologyAccuracyTests" name="testClone1" time="0.0" />
  <testcase classname="com.topcoder.predictor.impl.componentcompetition.accuracytests.TechnologyAccuracyTests" name="testClone2" time="0.0" />
  <testcase classname="com.topcoder.predictor.impl.componentcompetition.accuracytests.TechnologyAccuracyTests" name="testGetDescription" time="0.0" />
  <testcase classname="com.topcoder.predictor.impl.componentcompetition.accuracytests.TechnologyAccuracyTests" name="testSetDescription1" time="0.0" />
  <testcase classname="com.topcoder.predictor.impl.componentcompetition.accuracytests.TechnologyAccuracyTests" name="testSetDescription2" time="0.0" />
  <testcase classname="com.topcoder.predictor.impl.componentcompetition.accuracytests.TechnologyAccuracyTests" name="testCtor_A" time="0.0" />
  <testcase classname="com.topcoder.predictor.impl.componentcompetition.accuracytests.TechnologyAccuracyTests" name="testGetName" time="0.0" />
  <testcase classname="com.topcoder.predictor.impl.componentcompetition.accuracytests.TechnologyAccuracyTests" name="testSetName1" time="0.0" />
  <testcase classname="com.topcoder.predictor.impl.componentcompetition.accuracytests.TechnologyAccuracyTests" name="testSetName2" time="0.0" />
  <testcase classname="com.topcoder.predictor.impl.componentcompetition.accuracytests.analysis.CompetitionSituationTimelineAndPrizeGeneratorAccuracyTests" name="testCtor" time="0.0" />
  <testcase classname="com.topcoder.predictor.impl.componentcompetition.accuracytests.analysis.ComponentCompetitionFulfillmentPredictionPrizeComparatorAccuracyTests" name="testCtor" time="0.0" />
  <testcase classname="com.topcoder.predictor.impl.componentcompetition.accuracytests.analysis.ComponentCompetitionFulfillmentPredictionPrizeComparatorAccuracyTests" name="testCompare_EqualTo1" time="0.0" />
  <testcase classname="com.topcoder.predictor.impl.componentcompetition.accuracytests.analysis.ComponentCompetitionFulfillmentPredictionPrizeComparatorAccuracyTests" name="testCompare_EqualTo2" time="0.0" />
  <testcase classname="com.topcoder.predictor.impl.componentcompetition.accuracytests.analysis.ComponentCompetitionFulfillmentPredictionPrizeComparatorAccuracyTests" name="testCompare_EqualTo3" time="0.015" />
  <testcase classname="com.topcoder.predictor.impl.componentcompetition.accuracytests.analysis.ComponentCompetitionFulfillmentPredictionPrizeComparatorAccuracyTests" name="testCompare_EqualTo4" time="0.0" />
  <testcase classname="com.topcoder.predictor.impl.componentcompetition.accuracytests.analysis.ComponentCompetitionFulfillmentPredictionPrizeComparatorAccuracyTests" name="testCompare_LessThan1" time="0.0" />
  <testcase classname="com.topcoder.predictor.impl.componentcompetition.accuracytests.analysis.ComponentCompetitionFulfillmentPredictionPrizeComparatorAccuracyTests" name="testCompare_LessThan2" time="0.0" />
  <testcase classname="com.topcoder.predictor.impl.componentcompetition.accuracytests.analysis.ComponentCompetitionFulfillmentPredictionPrizeComparatorAccuracyTests" name="testCompare_GreaterThan1" time="0.0" />
  <testcase classname="com.topcoder.predictor.impl.componentcompetition.accuracytests.analysis.ComponentCompetitionFulfillmentPredictionPrizeComparatorAccuracyTests" name="testCompare_GreaterThan2" time="0.0" />
  <testcase classname="com.topcoder.predictor.impl.componentcompetition.accuracytests.analysis.ComponentCompetitionFulfillmentPredictionPrizeComparatorAccuracyTests" name="testEquals1" time="0.0" />
  <testcase classname="com.topcoder.predictor.impl.componentcompetition.accuracytests.analysis.ComponentCompetitionFulfillmentPredictionPrizeComparatorAccuracyTests" name="testEquals2" time="0.0" />
  <testcase classname="com.topcoder.predictor.impl.componentcompetition.accuracytests.analysis.ComponentCompetitionFulfillmentPredictionPrizeComparatorAccuracyTests" name="testEquals3" time="0.0" />
  <testcase classname="com.topcoder.predictor.impl.componentcompetition.accuracytests.analysis.ComponentCompetitionFulfillmentPredictionPrizeComparatorAccuracyTests" name="testEquals4" time="0.0" />
  <testcase classname="com.topcoder.predictor.impl.componentcompetition.accuracytests.analysis.ComponentCompetitionFulfillmentPredictionPrizeComparatorAccuracyTests" name="testEquals5" time="0.0" />
  <testcase classname="com.topcoder.predictor.impl.componentcompetition.accuracytests.analysis.ComponentCompetitionFulfillmentPredictionPrizeComparatorAccuracyTests" name="testHashCode" time="0.0" />
  <testcase classname="com.topcoder.predictor.impl.componentcompetition.accuracytests.analysis.ComponentCompetitionFulfillmentPredictionPrizeComparatorAccuracyTests" name="testGetMinPrediction" time="0.0" />
  <testcase classname="com.topcoder.predictor.impl.componentcompetition.accuracytests.analysis.ComponentCompetitionFulfillmentPredictionPrizeComparatorAccuracyTests" name="testGetMaxPrediction" time="0.0" />
  <testcase classname="com.topcoder.predictor.impl.componentcompetition.accuracytests.analysis.ComponentCompetitionFulfillmentPredictionPrizeComparatorAccuracyTests" name="testGetTargetDuration" time="0.0" />
  <testcase classname="com.topcoder.predictor.impl.componentcompetition.accuracytests.analysis.ComponentCompetitionFulfillmentPredictionTimelineComparatorAccuracyTests" name="testCtor" time="0.0" />
  <testcase classname="com.topcoder.predictor.impl.componentcompetition.accuracytests.analysis.ComponentCompetitionFulfillmentPredictionTimelineComparatorAccuracyTests" name="testCompare_EqualTo1" time="0.0" />
  <testcase classname="com.topcoder.predictor.impl.componentcompetition.accuracytests.analysis.ComponentCompetitionFulfillmentPredictionTimelineComparatorAccuracyTests" name="testCompare_EqualTo2" time="0.0" />
  <testcase classname="com.topcoder.predictor.impl.componentcompetition.accuracytests.analysis.ComponentCompetitionFulfillmentPredictionTimelineComparatorAccuracyTests" name="testCompare_EqualTo3" time="0.0" />
  <testcase classname="com.topcoder.predictor.impl.componentcompetition.accuracytests.analysis.ComponentCompetitionFulfillmentPredictionTimelineComparatorAccuracyTests" name="testCompare_EqualTo4" time="0.0" />
  <testcase classname="com.topcoder.predictor.impl.componentcompetition.accuracytests.analysis.ComponentCompetitionFulfillmentPredictionTimelineComparatorAccuracyTests" name="testCompare_LessThan1" time="0.0" />
  <testcase classname="com.topcoder.predictor.impl.componentcompetition.accuracytests.analysis.ComponentCompetitionFulfillmentPredictionTimelineComparatorAccuracyTests" name="testCompare_LessThan2" time="0.0" />
  <testcase classname="com.topcoder.predictor.impl.componentcompetition.accuracytests.analysis.ComponentCompetitionFulfillmentPredictionTimelineComparatorAccuracyTests" name="testCompare_GreaterThan1" time="0.0" />
  <testcase classname="com.topcoder.predictor.impl.componentcompetition.accuracytests.analysis.ComponentCompetitionFulfillmentPredictionTimelineComparatorAccuracyTests" name="testCompare_GreaterThan2" time="0.0" />
  <testcase classname="com.topcoder.predictor.impl.componentcompetition.accuracytests.analysis.ComponentCompetitionFulfillmentPredictionTimelineComparatorAccuracyTests" name="testEquals1" time="0.0" />
  <testcase classname="com.topcoder.predictor.impl.componentcompetition.accuracytests.analysis.ComponentCompetitionFulfillmentPredictionTimelineComparatorAccuracyTests" name="testEquals2" time="0.0" />
  <testcase classname="com.topcoder.predictor.impl.componentcompetition.accuracytests.analysis.ComponentCompetitionFulfillmentPredictionTimelineComparatorAccuracyTests" name="testEquals3" time="0.0" />
  <testcase classname="com.topcoder.predictor.impl.componentcompetition.accuracytests.analysis.ComponentCompetitionFulfillmentPredictionTimelineComparatorAccuracyTests" name="testEquals4" time="0.0" />
  <testcase classname="com.topcoder.predictor.impl.componentcompetition.accuracytests.analysis.ComponentCompetitionFulfillmentPredictionTimelineComparatorAccuracyTests" name="testEquals5" time="0.0" />
  <testcase classname="com.topcoder.predictor.impl.componentcompetition.accuracytests.analysis.ComponentCompetitionFulfillmentPredictionTimelineComparatorAccuracyTests" name="testHashCode" time="0.016" />
  <testcase classname="com.topcoder.predictor.impl.componentcompetition.accuracytests.analysis.ComponentCompetitionFulfillmentPredictionTimelineComparatorAccuracyTests" name="testGetMinPrediction" time="0.0" />
  <testcase classname="com.topcoder.predictor.impl.componentcompetition.accuracytests.analysis.ComponentCompetitionFulfillmentPredictionTimelineComparatorAccuracyTests" name="testGetMaxPrediction" time="0.0" />
  <testcase classname="com.topcoder.predictor.impl.componentcompetition.accuracytests.analysis.ComponentCompetitionFulfillmentPredictionTimelineComparatorAccuracyTests" name="testEquals6" time="0.0" />
  <testcase classname="com.topcoder.predictor.impl.componentcompetition.accuracytests.analysis.ComponentCompetitionFulfillmentPredictionTimelineComparatorAccuracyTests" name="testEquals7" time="0.0" />
  <testcase classname="com.topcoder.predictor.impl.componentcompetition.accuracytests.analysis.ComponentCompetitionFulfillmentPredictionTimelineComparatorAccuracyTests" name="testGetTargetPrize" time="0.016" />
  <testcase classname="com.topcoder.predictor.impl.componentcompetition.accuracytests.analysis.ComponentCompetitionSituationPrizeGeneratorAccuracyTests" name="testCtor" time="0.0" />
  <testcase classname="com.topcoder.predictor.impl.componentcompetition.accuracytests.analysis.ComponentCompetitionSituationTimelineGeneratorAccuracyTests" name="testCtor" time="0.0" />
  <testcase classname="com.topcoder.predictor.impl.componentcompetition.failuretests.CompetitionSituationTimelineAndPrizeGeneratorFailureTests" name="test_ctor_failure1" time="0.0" />
  <testcase classname="com.topcoder.predictor.impl.componentcompetition.failuretests.CompetitionSituationTimelineAndPrizeGeneratorFailureTests" name="test_ctor_failure3" time="0.0" />
  <testcase classname="com.topcoder.predictor.impl.componentcompetition.failuretests.CompetitionSituationTimelineAndPrizeGeneratorFailureTests" name="test_ctor_failure4" time="0.0" />
  <testcase classname="com.topcoder.predictor.impl.componentcompetition.failuretests.CompetitionSituationTimelineAndPrizeGeneratorFailureTests" name="test_ctor_failure6" time="0.0" />
  <testcase classname="com.topcoder.predictor.impl.componentcompetition.failuretests.CompetitionSituationTimelineAndPrizeGeneratorFailureTests" name="test_ctor_failure7" time="0.0" />
  <testcase classname="com.topcoder.predictor.impl.componentcompetition.failuretests.CompetitionSituationTimelineAndPrizeGeneratorFailureTests" name="test_ctor_failure8" time="0.0" />
  <testcase classname="com.topcoder.predictor.impl.componentcompetition.failuretests.CompetitionSituationTimelineAndPrizeGeneratorFailureTests" name="test_ctor_failure9" time="0.0" />
  <testcase classname="com.topcoder.predictor.impl.componentcompetition.failuretests.CompetitionSituationTimelineAndPrizeGeneratorFailureTests" name="test_ctor_failure10" time="0.0" />
  <testcase classname="com.topcoder.predictor.impl.componentcompetition.failuretests.CompetitionSituationTimelineAndPrizeGeneratorFailureTests" name="test_ctor_failure11" time="0.0" />
  <testcase classname="com.topcoder.predictor.impl.componentcompetition.failuretests.CompetitionSituationTimelineAndPrizeGeneratorFailureTests" name="test_ctor_failure12" time="0.0" />
  <testcase classname="com.topcoder.predictor.impl.componentcompetition.failuretests.CompetitionSituationTimelineAndPrizeGeneratorFailureTests" name="test_ctor_failure13" time="0.0" />
  <testcase classname="com.topcoder.predictor.impl.componentcompetition.failuretests.ComponentCompetitionAveragePredictorFailureTests" name="test_putCapability_failure1" time="0.0" />
  <testcase classname="com.topcoder.predictor.impl.componentcompetition.failuretests.ComponentCompetitionAveragePredictorFailureTests" name="test_putCapability_failure2" time="0.0" />
  <testcase classname="com.topcoder.predictor.impl.componentcompetition.failuretests.ComponentCompetitionAveragePredictorFailureTests" name="test_putCapability_failure3" time="0.0" />
  <testcase classname="com.topcoder.predictor.impl.componentcompetition.failuretests.ComponentCompetitionAveragePredictorFailureTests" name="test_putCapability_failure4" time="0.0" />
  <testcase classname="com.topcoder.predictor.impl.componentcompetition.failuretests.ComponentCompetitionAveragePredictorFailureTests" name="test_getCapability_failure1" time="0.0" />
  <testcase classname="com.topcoder.predictor.impl.componentcompetition.failuretests.ComponentCompetitionAveragePredictorFailureTests" name="test_getCapability_failure2" time="0.015" />
  <testcase classname="com.topcoder.predictor.impl.componentcompetition.failuretests.ComponentCompetitionAveragePredictorFailureTests" name="test_getCapability_failure3" time="0.0" />
  <testcase classname="com.topcoder.predictor.impl.componentcompetition.failuretests.ComponentCompetitionAveragePredictorFailureTests" name="test_removeCapability_failure1" time="0.0" />
  <testcase classname="com.topcoder.predictor.impl.componentcompetition.failuretests.ComponentCompetitionAveragePredictorFailureTests" name="test_removeCapability_failure2" time="0.0" />
  <testcase classname="com.topcoder.predictor.impl.componentcompetition.failuretests.ComponentCompetitionAveragePredictorFailureTests" name="test_removeCapability_failure3" time="0.0" />
  <testcase classname="com.topcoder.predictor.impl.componentcompetition.failuretests.ComponentCompetitionAveragePredictorFailureTests" name="test_performFullTraining_failure1" time="0.0" />
  <testcase classname="com.topcoder.predictor.impl.componentcompetition.failuretests.ComponentCompetitionAveragePredictorFailureTests" name="test_performFullTraining_failure2" time="0.0" />
  <testcase classname="com.topcoder.predictor.impl.componentcompetition.failuretests.ComponentCompetitionAveragePredictorFailureTests" name="test_performFullTraining_failure3" time="0.0" />
  <testcase classname="com.topcoder.predictor.impl.componentcompetition.failuretests.ComponentCompetitionAveragePredictorFailureTests" name="test_performFullTraining_WithPrediction_failure1" time="0.0" />
  <testcase classname="com.topcoder.predictor.impl.componentcompetition.failuretests.ComponentCompetitionAveragePredictorFailureTests" name="test_performFullTraining_WithPrediction_failure2" time="0.0" />
  <testcase classname="com.topcoder.predictor.impl.componentcompetition.failuretests.ComponentCompetitionAveragePredictorFailureTests" name="test_performFullTraining_WithPrediction_failure3" time="0.0" />
  <testcase classname="com.topcoder.predictor.impl.componentcompetition.failuretests.ComponentCompetitionAveragePredictorFailureTests" name="test_performFullTraining_WithPrediction_failure4" time="0.0" />
  <testcase classname="com.topcoder.predictor.impl.componentcompetition.failuretests.ComponentCompetitionAveragePredictorFailureTests" name="test_performFullTraining_WithPrediction_failure5" time="0.0" />
  <testcase classname="com.topcoder.predictor.impl.componentcompetition.failuretests.ComponentCompetitionAveragePredictorFailureTests" name="test_performFullTraining_WithPrediction_failure6" time="0.0" />
  <testcase classname="com.topcoder.predictor.impl.componentcompetition.failuretests.ComponentCompetitionAveragePredictorFailureTests" name="test_performIncrementalTraining_failure1" time="0.0" />
  <testcase classname="com.topcoder.predictor.impl.componentcompetition.failuretests.ComponentCompetitionAveragePredictorFailureTests" name="test_performIncrementalTraining_failure2" time="0.0" />
  <testcase classname="com.topcoder.predictor.impl.componentcompetition.failuretests.ComponentCompetitionAveragePredictorFailureTests" name="test_performIncrementalTraining_failure3" time="0.0" />
  <testcase classname="com.topcoder.predictor.impl.componentcompetition.failuretests.ComponentCompetitionAveragePredictorFailureTests" name="test_predict_failure1" time="0.0" />
  <testcase classname="com.topcoder.predictor.impl.componentcompetition.failuretests.ComponentCompetitionAveragePredictorFailureTests" name="test_setPredictors_failure1" time="0.0" />
  <testcase classname="com.topcoder.predictor.impl.componentcompetition.failuretests.ComponentCompetitionFulfillmentPredictionFailureTests" name="test_ctor_failure1" time="0.0" />
  <testcase classname="com.topcoder.predictor.impl.componentcompetition.failuretests.ComponentCompetitionFulfillmentPredictionFailureTests" name="test_ctor_failure2" time="0.0" />
  <testcase classname="com.topcoder.predictor.impl.componentcompetition.failuretests.ComponentCompetitionFulfillmentPredictionFailureTests" name="test_ctor_failure3" time="0.0" />
  <testcase classname="com.topcoder.predictor.impl.componentcompetition.failuretests.ComponentCompetitionFulfillmentPredictionPrizeComparatorFailureTests" name="test_ctor_failure1" time="0.0" />
  <testcase classname="com.topcoder.predictor.impl.componentcompetition.failuretests.ComponentCompetitionFulfillmentPredictionPrizeComparatorFailureTests" name="test_ctor_failure2" time="0.0" />
  <testcase classname="com.topcoder.predictor.impl.componentcompetition.failuretests.ComponentCompetitionFulfillmentPredictionPrizeComparatorFailureTests" name="test_ctor_failure3" time="0.0" />
  <testcase classname="com.topcoder.predictor.impl.componentcompetition.failuretests.ComponentCompetitionFulfillmentPredictionPrizeComparatorFailureTests" name="test_ctor_failure4" time="0.0" />
  <testcase classname="com.topcoder.predictor.impl.componentcompetition.failuretests.ComponentCompetitionFulfillmentPredictionPrizeComparatorFailureTests" name="test_compare_failure1" time="0.0" />
  <testcase classname="com.topcoder.predictor.impl.componentcompetition.failuretests.ComponentCompetitionFulfillmentPredictionPrizeComparatorFailureTests" name="test_compare_failure2" time="0.0" />
  <testcase classname="com.topcoder.predictor.impl.componentcompetition.failuretests.ComponentCompetitionPredictorFailureTests" name="test_putCapability_failure1" time="0.0" />
  <testcase classname="com.topcoder.predictor.impl.componentcompetition.failuretests.ComponentCompetitionPredictorFailureTests" name="test_putCapability_failure2" time="0.0" />
  <testcase classname="com.topcoder.predictor.impl.componentcompetition.failuretests.ComponentCompetitionPredictorFailureTests" name="test_putCapability_failure3" time="0.0" />
  <testcase classname="com.topcoder.predictor.impl.componentcompetition.failuretests.ComponentCompetitionPredictorFailureTests" name="test_putCapability_failure4" time="0.0" />
  <testcase classname="com.topcoder.predictor.impl.componentcompetition.failuretests.ComponentCompetitionPredictorFailureTests" name="test_getCapability_failure1" time="0.0" />
  <testcase classname="com.topcoder.predictor.impl.componentcompetition.failuretests.ComponentCompetitionPredictorFailureTests" name="test_getCapability_failure2" time="0.0" />
  <testcase classname="com.topcoder.predictor.impl.componentcompetition.failuretests.ComponentCompetitionPredictorFailureTests" name="test_getCapability_failure3" time="0.0" />
  <testcase classname="com.topcoder.predictor.impl.componentcompetition.failuretests.ComponentCompetitionPredictorFailureTests" name="test_removeCapability_failure1" time="0.0" />
  <testcase classname="com.topcoder.predictor.impl.componentcompetition.failuretests.ComponentCompetitionPredictorFailureTests" name="test_removeCapability_failure2" time="0.0" />
  <testcase classname="com.topcoder.predictor.impl.componentcompetition.failuretests.ComponentCompetitionPredictorFailureTests" name="test_removeCapability_failure3" time="0.0" />
  <testcase classname="com.topcoder.predictor.impl.componentcompetition.failuretests.ComponentCompetitionPredictorFailureTests" name="test_performFullTraining_failure1" time="0.0" />
  <testcase classname="com.topcoder.predictor.impl.componentcompetition.failuretests.ComponentCompetitionPredictorFailureTests" name="test_performFullTraining_failure2" time="0.0" />
  <testcase classname="com.topcoder.predictor.impl.componentcompetition.failuretests.ComponentCompetitionPredictorFailureTests" name="test_performFullTraining_failure3" time="0.0" />
  <testcase classname="com.topcoder.predictor.impl.componentcompetition.failuretests.ComponentCompetitionPredictorFailureTests" name="test_performFullTraining_WithPrediction_failure1" time="0.0" />
  <testcase classname="com.topcoder.predictor.impl.componentcompetition.failuretests.ComponentCompetitionPredictorFailureTests" name="test_performFullTraining_WithPrediction_failure2" time="0.0" />
  <testcase classname="com.topcoder.predictor.impl.componentcompetition.failuretests.ComponentCompetitionPredictorFailureTests" name="test_performFullTraining_WithPrediction_failure3" time="0.0" />
  <testcase classname="com.topcoder.predictor.impl.componentcompetition.failuretests.ComponentCompetitionPredictorFailureTests" name="test_performFullTraining_WithPrediction_failure4" time="0.0" />
  <testcase classname="com.topcoder.predictor.impl.componentcompetition.failuretests.ComponentCompetitionPredictorFailureTests" name="test_performFullTraining_WithPrediction_failure5" time="0.0" />
  <testcase classname="com.topcoder.predictor.impl.componentcompetition.failuretests.ComponentCompetitionPredictorFailureTests" name="test_performFullTraining_WithPrediction_failure6" time="0.0" />
  <testcase classname="com.topcoder.predictor.impl.componentcompetition.failuretests.ComponentCompetitionPredictorFailureTests" name="test_performIncrementalTraining_failure1" time="0.0" />
  <testcase classname="com.topcoder.predictor.impl.componentcompetition.failuretests.ComponentCompetitionPredictorFailureTests" name="test_performIncrementalTraining_failure2" time="0.0" />
  <testcase classname="com.topcoder.predictor.impl.componentcompetition.failuretests.ComponentCompetitionPredictorFailureTests" name="test_performIncrementalTraining_failure3" time="0.0" />
  <testcase classname="com.topcoder.predictor.impl.componentcompetition.failuretests.ComponentCompetitionPredictorFailureTests" name="test_predict_failure1" time="0.0" />
  <testcase classname="com.topcoder.predictor.impl.componentcompetition.failuretests.ComponentCompetitionPredictorFailureTests" name="test_putCapability_failure5" time="0.0" />
  <testcase classname="com.topcoder.predictor.impl.componentcompetition.failuretests.ComponentCompetitionPredictorFailureTests" name="test_putCapability_failure6" time="0.0" />
  <testcase classname="com.topcoder.predictor.impl.componentcompetition.failuretests.ComponentCompetitionSituationFailureTests" name="test_setPostingDate_failure" time="0.0" />
  <testcase classname="com.topcoder.predictor.impl.componentcompetition.failuretests.ComponentCompetitionSituationFailureTests" name="test_setEndDate_failure" time="0.0" />
  <testcase classname="com.topcoder.predictor.impl.componentcompetition.failuretests.ComponentCompetitionSituationFailureTests" name="test_setFinalFixCount_failure1" time="0.0" />
  <testcase classname="com.topcoder.predictor.impl.componentcompetition.failuretests.ComponentCompetitionSituationFailureTests" name="test_setPrize_failure1" time="0.0" />
  <testcase classname="com.topcoder.predictor.impl.componentcompetition.failuretests.ComponentCompetitionSituationFailureTests" name="test_setDigitalRunPoints_failure1" time="0.0" />
  <testcase classname="com.topcoder.predictor.impl.componentcompetition.failuretests.ComponentCompetitionSituationFailureTests" name="test_setKeywords_failure1" time="0.0" />
  <testcase classname="com.topcoder.predictor.impl.componentcompetition.failuretests.ComponentCompetitionSituationFailureTests" name="test_setKeywords_failure2" time="0.0" />
  <testcase classname="com.topcoder.predictor.impl.componentcompetition.failuretests.ComponentCompetitionSituationFailureTests" name="test_setKeywords_failure3" time="0.0" />
  <testcase classname="com.topcoder.predictor.impl.componentcompetition.failuretests.ComponentCompetitionSituationFailureTests" name="test_setTechnologies_failure1" time="0.0" />
  <testcase classname="com.topcoder.predictor.impl.componentcompetition.failuretests.ComponentCompetitionSituationFailureTests" name="test_setParticipants_failure1" time="0.0" />
  <testcase classname="com.topcoder.predictor.impl.componentcompetition.failuretests.ComponentCompetitionSituationPrizeGeneratorFailureTests" name="test_ctor_failure1" time="0.0" />
  <testcase classname="com.topcoder.predictor.impl.componentcompetition.failuretests.ComponentCompetitionSituationPrizeGeneratorFailureTests" name="test_ctor_failure2" time="0.0" />
  <testcase classname="com.topcoder.predictor.impl.componentcompetition.failuretests.ComponentCompetitionSituationPrizeGeneratorFailureTests" name="test_ctor_failure3" time="0.0" />
  <testcase classname="com.topcoder.predictor.impl.componentcompetition.failuretests.ComponentCompetitionSituationPrizeGeneratorFailureTests" name="test_ctor_failure4" time="0.0" />
  <testcase classname="com.topcoder.predictor.impl.componentcompetition.failuretests.ComponentCompetitionSituationPrizeGeneratorFailureTests" name="test_ctor_failure5" time="0.0" />
  <testcase classname="com.topcoder.predictor.impl.componentcompetition.failuretests.ComponentCompetitionSituationPrizeGeneratorFailureTests" name="test_ctor_failure6" time="0.0" />
  <testcase classname="com.topcoder.predictor.impl.componentcompetition.failuretests.ComponentCompetitionSituationTimelineGeneratorFailureTests" name="test_ctor_failure1" time="0.0" />
  <testcase classname="com.topcoder.predictor.impl.componentcompetition.failuretests.ComponentCompetitionSituationTimelineGeneratorFailureTests" name="test_ctor_failure2" time="0.0" />
  <testcase classname="com.topcoder.predictor.impl.componentcompetition.failuretests.ComponentCompetitionSituationTimelineGeneratorFailureTests" name="test_ctor_failure3" time="0.0" />
  <testcase classname="com.topcoder.predictor.impl.componentcompetition.failuretests.ComponentCompetitionSituationTimelineGeneratorFailureTests" name="test_ctor_failure4" time="0.0" />
  <testcase classname="com.topcoder.predictor.impl.componentcompetition.failuretests.ComponentCompetitionSituationTimelineGeneratorFailureTests" name="test_ctor_failure5" time="0.0" />
  <testcase classname="com.topcoder.predictor.impl.componentcompetition.failuretests.ComponentCompetitionSituationTimelineGeneratorFailureTests" name="test_ctor_failure6" time="0.0" />
  <testcase classname="com.topcoder.predictor.impl.componentcompetition.failuretests.ParticipantFailureTests" name="test_setRating_failure" time="0.0" />
  <testcase classname="com.topcoder.predictor.impl.componentcompetition.failuretests.ParticipantFailureTests" name="test_setReliability_failure" time="0.0" />
  <testcase classname="com.topcoder.predictor.impl.componentcompetition.failuretests.ParticipantFailureTests" name="test_setScreeningScore_failure" time="0.0" />
  <testcase classname="com.topcoder.predictor.impl.componentcompetition.failuretests.ParticipantFailureTests" name="test_setScoreBeforeAppeals_failure" time="0.0" />
  <testcase classname="com.topcoder.predictor.impl.componentcompetition.failuretests.ParticipantFailureTests" name="test_setScoreAfterAppeals_failure" time="0.0" />
  <testcase classname="com.topcoder.predictor.impl.componentcompetition.failuretests.ParticipantFailureTests" name="test_setAppealCount_failure1" time="0.0" />
  <testcase classname="com.topcoder.predictor.impl.componentcompetition.failuretests.ParticipantFailureTests" name="test_setAppealCount_failure2" time="0.0" />
  <testcase classname="com.topcoder.predictor.impl.componentcompetition.failuretests.ParticipantFailureTests" name="test_setSuccessfulAppealCount_failure1" time="0.0" />
  <testcase classname="com.topcoder.predictor.impl.componentcompetition.failuretests.ParticipantFailureTests" name="test_setSuccessfulAppealCount_failure2" time="0.0" />
  <testcase classname="com.topcoder.predictor.impl.componentcompetition.stresstests.CompetitionSituationTimelineAndPrizeGeneratorStressTests" name="testCtor1" time="0.016" />
  <testcase classname="com.topcoder.predictor.impl.componentcompetition.stresstests.ComponentCompetitionAveragePredictorStressTests" name="testCtorStress" time="0.0" />
  <testcase classname="com.topcoder.predictor.impl.componentcompetition.stresstests.ComponentCompetitionAveragePredictorStressTests" name="testPerformFullTrainingStress1" time="0.0" />
  <testcase classname="com.topcoder.predictor.impl.componentcompetition.stresstests.ComponentCompetitionAveragePredictorStressTests" name="testPerformFullTrainingStress2" time="0.0" />
  <testcase classname="com.topcoder.predictor.impl.componentcompetition.stresstests.ComponentCompetitionAveragePredictorStressTests" name="testPerformIncrementalTrainingStress1" time="0.0" />
  <testcase classname="com.topcoder.predictor.impl.componentcompetition.stresstests.ComponentCompetitionAveragePredictorStressTests" name="testPerformIncrementalTrainingStress2" time="0.0" />
  <testcase classname="com.topcoder.predictor.impl.componentcompetition.stresstests.ComponentCompetitionAveragePredictorStressTests" name="testPredictStress1" time="0.0" />
  <testcase classname="com.topcoder.predictor.impl.componentcompetition.stresstests.ComponentCompetitionPredictorStressTests" name="testPredictStress1" time="0.015" />
  <testcase classname="com.topcoder.predictor.impl.componentcompetition.stresstests.ComponentCompetitionPredictorStressTests" name="testPredictStress2" time="0.0" />
  <testcase classname="com.topcoder.predictor.impl.componentcompetition.stresstests.ComponentCompetitionSituationPrizeGeneratorStressTests" name="testCtor1" time="0.0" />
  <testcase classname="com.topcoder.predictor.impl.componentcompetition.stresstests.ComponentCompetitionSituationTimelineGeneratorStressTests" name="testCtor1" time="0.0" />
  <testcase classname="com.topcoder.predictor.impl.componentcompetition.stresstests.ComponentCompetitionFulfillmentPredictionPrizeComparatorStressTests" name="testCompare1" time="0.0" />
  <testcase classname="com.topcoder.predictor.impl.componentcompetition.stresstests.ComponentCompetitionFulfillmentPredictionPrizeComparatorStressTests" name="testCompare2" time="0.0" />
  <testcase classname="com.topcoder.predictor.impl.componentcompetition.stresstests.ComponentCompetitionFulfillmentPredictionPrizeComparatorStressTests" name="testCompare3" time="0.0" />
  <testcase classname="com.topcoder.predictor.impl.componentcompetition.stresstests.ComponentCompetitionFulfillmentPredictionPrizeComparatorStressTests" name="testCompare4" time="0.0" />
  <testcase classname="com.topcoder.predictor.impl.componentcompetition.stresstests.ComponentCompetitionFulfillmentPredictionPrizeComparatorStressTests" name="testCompare5" time="0.0" />
  <testcase classname="com.topcoder.predictor.impl.componentcompetition.stresstests.ComponentCompetitionFulfillmentPredictionPrizeComparatorStressTests" name="testCompare6" time="0.0" />
  <testcase classname="com.topcoder.predictor.impl.componentcompetition.stresstests.ComponentCompetitionFulfillmentPredictionTimelineComparatorStressTests" name="testCompare1" time="0.0" />
  <testcase classname="com.topcoder.predictor.impl.componentcompetition.stresstests.ComponentCompetitionFulfillmentPredictionTimelineComparatorStressTests" name="testCompare2" time="0.0" />
  <testcase classname="com.topcoder.predictor.impl.componentcompetition.stresstests.ComponentCompetitionFulfillmentPredictionTimelineComparatorStressTests" name="testCompare3" time="0.0" />
  <testcase classname="com.topcoder.predictor.impl.componentcompetition.stresstests.ComponentCompetitionFulfillmentPredictionTimelineComparatorStressTests" name="testCompare4" time="0.0" />
  <testcase classname="com.topcoder.predictor.impl.componentcompetition.stresstests.ComponentCompetitionFulfillmentPredictionTimelineComparatorStressTests" name="testCompare5" time="0.0" />
  <system-out><![CDATA[Run method:ctor of CompetitionSituationTimelineAndPrizeGenerator 20 times, cost time:16 milliseconds.
Run method:ComponentCompetitionAveragePredictor(Predictor[]) 20 times, cost time:0 milliseconds.
Run method:ComponentCompetitionAveragePredictor#performFullTraining(List) 20 times, cost time:0 milliseconds.
Run method:ComponentCompetitionAveragePredictor#performFullTraining(List, List) 20 times, cost time:0 milliseconds.
Run method:ComponentCompetitionAveragePredictor#performIncrementalTraining(ComponentCompetitionSituation) 20 times, cost time:0 milliseconds.
Run method:ComponentCompetitionAveragePredictor#performIncrementalTraining(ComponentCompetitionSituation, ComponentCompetitionFulfillmentPrediction) 20 times, cost time:0 milliseconds.
Run method:ComponentCompetitionAveragePredictor#predict(ComponentCompetitionSituation) 20 times, cost time:0 milliseconds.
Run method:ComponentCompetitionPredictor#predict(ComponentCompetitionSituation situation) 20 times, cost time:0 milliseconds.
Run method:ComponentCompetitionPredictor#predict(ComponentCompetitionSituation situation) 20 times, cost time:0 milliseconds.
Run method:ctor of ComponentCompetitionSituationPrizeGenerator 20 times, cost time:0 milliseconds.
Run method:ctor of ComponentCompetitionSituationTimelineGenerator 20 times, cost time:0 milliseconds.
Run method:ComponentCompetitionFulfillmentPredictionPrizeComparator#compare 20 times, cost time:0 milliseconds.
Run method:ComponentCompetitionFulfillmentPredictionPrizeComparator#compare 20 times, cost time:0 milliseconds.
Run method:ComponentCompetitionFulfillmentPredictionPrizeComparator#compare 20 times, cost time:0 milliseconds.
Run method:ComponentCompetitionFulfillmentPredictionPrizeComparator#compare 20 times, cost time:0 milliseconds.
Run method:ComponentCompetitionFulfillmentPredictionPrizeComparator#compare 20 times, cost time:0 milliseconds.
Run method:ComponentCompetitionFulfillmentPredictionPrizeComparator#compare 20 times, cost time:0 milliseconds.
Run method:ComponentCompetitionFulfillmentPredictionTimelineComparator#compare 20 times, cost time:0 milliseconds.
Run method:ComponentCompetitionFulfillmentPredictionTimelineComparator#compare 20 times, cost time:0 milliseconds.
Run method:ComponentCompetitionFulfillmentPredictionTimelineComparator#compare 20 times, cost time:0 milliseconds.
Run method:ComponentCompetitionFulfillmentPredictionTimelineComparator#compare 20 times, cost time:0 milliseconds.
Run method:ComponentCompetitionFulfillmentPredictionTimelineComparator#compare 20 times, cost time:0 milliseconds.
]]></system-out>
  <system-err><![CDATA[]]></system-err>
</testsuite>
