<?xml version="1.0" encoding="UTF-8" ?>
<testsuite name="com.topcoder.timetracker.entry.expense.AllTests" tests="689" failures="0" errors="0" time="134.062">
  <properties>
    <property name="java.vendor" value="Sun Microsystems Inc."></property>
    <property name="package" value="com.topcoder.timetracker.entry.expense"></property>
    <property name="typesafe_enum.version" value="1.0"></property>
    <property name="verbose" value="no"></property>
    <property name="os.name" value="Windows 2003"></property>
    <property name="sun.boot.class.path" value="D:\soft\jdk1.4.2\jre\lib\rt.jar;D:\soft\jdk1.4.2\jre\lib\i18n.jar;D:\soft\jdk1.4.2\jre\lib\sunrsasign.jar;D:\soft\jdk1.4.2\jre\lib\jsse.jar;D:\soft\jdk1.4.2\jre\lib\jce.jar;D:\soft\jdk1.4.2\jre\lib\charsets.jar;D:\soft\jdk1.4.2\jre\classes"></property>
    <property name="docsdir" value="docs"></property>
    <property name="javadoc.jar" value="build/javadocs.jar"></property>
    <property name="design_submission.jar" value="Time_Tracker_Expense_Entry_3.2_design_submission.jar"></property>
    <property name="component.tests.jar" value="build/dist/lib/tcs/time_tracker_expense_entry_tests.jar"></property>
    <property name="sun.java2d.fontpath" value=""></property>
    <property name="java.vm.specification.vendor" value="Sun Microsystems Inc."></property>
    <property name="net.sourceforge.cobertura.datafile" value="D:\tcs\Time_Tracker_Expense_Entry\log\cobertura.ser"></property>
    <property name="ant.home" value="D:\soft\ant\bin\.."></property>
    <property name="java.runtime.version" value="1.4.2_08-b03"></property>
    <property name="base_exception.jar.name" value="base_exception.jar"></property>
    <property name="component_path" value="time_tracker_expense_entry/3.2"></property>
    <property name="cobertura.dir" value="c:/environment/lib/third_party/cobertura/1.8"></property>
    <property name="user.name" value="Administrator"></property>
    <property name="debug" value="off"></property>
    <property name="reports" value="reports"></property>
    <property name="testfiles" value="test_files"></property>
    <property name="dist_conf" value="build/dist/time_tracker_expense_entry-3.2/conf"></property>
    <property name="guid_generator.path" value="guid_generator/1.0"></property>
    <property name="component_version" value="3.2"></property>
    <property name="user.language" value="zh"></property>
    <property name="cobertura.datafile" value="log/cobertura.ser"></property>
    <property name="guid_generator.jar" value="c:/environment/lib/tcs/guid_generator/1.0/guid_generator.jar"></property>
    <property name="configmanager.path" value="configuration_manager/2.1.3"></property>
    <property name="sun.boot.library.path" value="D:\soft\jdk1.4.2\jre\bin"></property>
    <property name="tcs_libdir" value="c:/environment/lib/tcs"></property>
    <property name="srcdir" value="src"></property>
    <property name="ant.project.name" value="Time Tracker Expense Entry"></property>
    <property name="java.version" value="1.4.2_08"></property>
    <property name="user.timezone" value=""></property>
    <property name="dev_dist.jar" value="Time_Tracker_Expense_Entry_3.2_dev_dist.jar"></property>
    <property name="sun.arch.data.model" value="32"></property>
    <property name="build_lib" value="build/lib"></property>
    <property name="webdir" value="web"></property>
    <property name="java.endorsed.dirs" value="D:\soft\jdk1.4.2\jre\lib\endorsed"></property>
    <property name="sun.cpu.isalist" value="pentium i486 i386"></property>
    <property name="packagedir" value="com/topcoder/timetracker/entry/expense"></property>
    <property name="file.encoding.pkg" value="sun.io"></property>
    <property name="file.separator" value="\"></property>
    <property name="java.specification.name" value="Java Platform API Specification"></property>
    <property name="build_docsdir" value="build/docs"></property>
    <property name="dev_submission.jar" value="Time_Tracker_Expense_Entry_3.2_dev_submission.jar"></property>
    <property name="java.class.version" value="48.0"></property>
    <property name="base_exception.path" value="base_exception/1.0"></property>
    <property name="db_connection_factory.jar" value="c:/environment/lib/tcs/db_connection_factory/1.0/db_connection_factory.jar"></property>
    <property name="build_testclassdir" value="build/testClasses"></property>
    <property name="user.country" value="CN"></property>
    <property name="java.home" value="D:\soft\jdk1.4.2\jre"></property>
    <property name="java.vm.info" value="mixed mode"></property>
    <property name="jar_tcs_libdir" value="lib/tcs"></property>
    <property name="ant.file" value="D:\tcs\Time_Tracker_Expense_Entry\build.xml"></property>
    <property name="os.version" value="5.2"></property>
    <property name="build_distdir" value="build/dist"></property>
    <property name="typesafe_enum.jar.name" value="typesafe_enum.jar"></property>
    <property name="build_tcsdistdir" value="build/dist/time_tracker_expense_entry-3.2"></property>
    <property name="path.separator" value=";"></property>
    <property name="ant.file.Time Tracker Expense Entry" value="D:\tcs\Time_Tracker_Expense_Entry\build.xml"></property>
    <property name="java.vm.version" value="1.4.2_08-b03"></property>
    <property name="testlogdir" value="log"></property>
    <property name="java.util.prefs.PreferencesFactory" value="java.util.prefs.WindowsPreferencesFactory"></property>
    <property name="user.variant" value=""></property>
    <property name="ant.library.dir" value="D:\soft\ant\lib"></property>
    <property name="javamain" value="src/java/main"></property>
    <property name="base_exception.jar" value="c:/environment/lib/tcs/base_exception/1.0/base_exception.jar"></property>
    <property name="dist_testfiles" value="build/dist/time_tracker_expense_entry-3.2/test_files"></property>
    <property name="dist_lib" value="build/dist/lib/tcs"></property>
    <property name="dist_javadocs" value="build/dist/time_tracker_expense_entry-3.2/docs/javadocs"></property>
    <property name="java.awt.printerjob" value="sun.awt.windows.WPrinterJob"></property>
    <property name="sun.io.unicode.encoding" value="UnicodeLittle"></property>
    <property name="db_connection_factory.version" value="1.0"></property>
    <property name="awt.toolkit" value="sun.awt.windows.WToolkit"></property>
    <property name="component" value="Time_Tracker_Expense_Entry"></property>
    <property name="component.war" value="${dist_examples}/time_tracker_expense_entry.war"></property>
    <property name="informix.jar" value="c:/environment/lib/third_party/informix/ifxjdbc.jar"></property>
    <property name="user.home" value="C:\Documents and Settings\Administrator"></property>
    <property name="java.specification.vendor" value="Sun Microsystems Inc."></property>
    <property name="java.vendor.url" value="http://java.sun.com/"></property>
    <property name="java.library.path" value="D:\soft\jdk1.4.2\jre\bin;.;C:\WINDOWS\system32;C:\WINDOWS;D:\soft\wix2.0;D:\oracle\product\10.1.0\Db_1\bin;D:\oracle\product\10.1.0\Client_1\bin;D:\soft\nant85\bin;D:\soft\ant\bin;D:\soft\jdk1.4.2\bin;C:\Program Files\ThinkPad\Utilities;C:\WINDOWS\system32;C:\WINDOWS;C:\WINDOWS\System32\Wbem;C:\Program Files\ThinkPad\ConnectUtilities;C:\Program Files\Intel\Wireless\Bin\;C:\Program Files\IDM Computer Solutions\UltraEdit-32;C:\Program Files\Microsoft SQL Server\80\Tools\BINN;C:\Program Files\QuickTime\QTSystem\;C:\Program Files\Microsoft SQL Server\90\Tools\binn\;C:\Program Files\IDM Computer Solutions\UltraCompare;C:\Program Files\Common Files\Ahead\Lib\"></property>
    <property name="build_javadocsdir" value="build/docs/javadocs"></property>
    <property name="configdir" value="conf"></property>
    <property name="db_connection_factory.jar.name" value="db_connection_factory.jar"></property>
    <property name="java.vm.vendor" value="Sun Microsystems Inc."></property>
    <property name="java.runtime.name" value="Java(TM) 2 Runtime Environment, Standard Edition"></property>
    <property name="ant.version" value="Apache Ant version 1.6.2 compiled on July 16 2004"></property>
    <property name="java.class.path" value="D:\tcs\Time_Tracker_Expense_Entry\build\instrumented;D:\tcs\Time_Tracker_Expense_Entry\build\testClasses;D:\tcs\Time_Tracker_Expense_Entry\build\classes;C:\environment\lib\third_party\junit\3.8.1\junit.jar;D:\tcs\Time_Tracker_Expense_Entry\conf;D:\tcs\Time_Tracker_Expense_Entry\test_files;D:\tcs\Time_Tracker_Expense_Entry\lib\data_validation.jar;D:\tcs\Time_Tracker_Expense_Entry\lib\configuration_manager.jar;D:\tcs\Time_Tracker_Expense_Entry\lib\db_connection_factory.jar;D:\tcs\Time_Tracker_Expense_Entry\lib\base_exception.jar;D:\tcs\Time_Tracker_Expense_Entry\lib\search_builder.jar;D:\tcs\Time_Tracker_Expense_Entry\lib\object_factory.jar;D:\tcs\Time_Tracker_Expense_Entry\lib\typesafe_enum.jar;D:\tcs\Time_Tracker_Expense_Entry\lib\id_generator.jar;D:\tcs\Time_Tracker_Expense_Entry\lib\database_abstraction.jar;D:\tcs\Time_Tracker_Expense_Entry\lib\class_associations.jar;D:\tcs\Time_Tracker_Expense_Entry\lib\JNDI_Utility.jar;D:\tcs\Time_Tracker_Expense_Entry\lib\ifxjdbc.jar;D:\tcs\Time_Tracker_Expense_Entry\lib\ifxjdbcx.jar;D:\tcs\Time_Tracker_Expense_Entry\lib\ifxlang.jar;D:\tcs\Time_Tracker_Expense_Entry\lib\ifxlsupp.jar;D:\tcs\Time_Tracker_Expense_Entry\lib\ifxsqlj.jar;D:\tcs\Time_Tracker_Expense_Entry\lib\ifxtools.jar;D:\tcs\Time_Tracker_Expense_Entry\lib\cglib-full-2.0-RC2.jar;D:\tcs\Time_Tracker_Expense_Entry\lib\jakarta-oro-2.0.8.jar;D:\tcs\Time_Tracker_Expense_Entry\lib\mockejb.jar;D:\tcs\Time_Tracker_Expense_Entry\lib\commons-logging.jar;D:\tcs\Time_Tracker_Expense_Entry\lib\jmock.jar;D:\tcs\Time_Tracker_Expense_Entry\lib\mockrunner.jar;D:\tcs\Time_Tracker_Expense_Entry\lib\guid_generator.jar;D:\tcs\Time_Tracker_Expense_Entry\test_files\dependency.jar;D:\soft\jboss\client\jbossall-client.jar;C:\environment\lib\third_party\cobertura\1.8\cobertura.jar;C:\environment\lib\third_party\cobertura\1.8\lib\asm-2.2.1.jar;C:\environment\lib\third_party\cobertura\1.8\lib\jakarta-oro-2.0.8.jar;C:\environment\lib\third_party\cobertura\1.8\lib\log4j-1.2.9.jar;D:\testprogram;D:\tcs\Time_Tracker_Expense_Entry;D:\soft\jdk1.4.2\lib\dt.jar;D:\soft\jdk1.4.2\lib\tools.jar;D:\soft\jdk1.4.2\jre\lib\rt.jar;D:\soft\ant\lib\junit.jar;D:\soft\ant\lib\ant-launcher.jar;D:\soft\ant\lib\ant.jar;D:\soft\ant\lib\ant-junit.jar"></property>
    <property name="typesafe_enum.path" value="typesafe_enum/1.0"></property>
    <property name="java.vm.specification.name" value="Java Virtual Machine Specification"></property>
    <property name="ext_libdir" value="c:/environment/lib/third_party"></property>
    <property name="builddir" value="build"></property>
    <property name="java.vm.specification.version" value="1.0"></property>
    <property name="component.dist.jar" value="build/dist/time_tracker_expense_entry-3.2.jar"></property>
    <property name="junit.jar" value="c:/environment/lib/third_party/junit/3.8.1/junit.jar"></property>
    <property name="sun.os.patch.level" value="Service Pack 1"></property>
    <property name="sun.cpu.endian" value="little"></property>
    <property name="configmanager.jar.name" value="configuration_manager.jar"></property>
    <property name="java.io.tmpdir" value="C:\DOCUME~1\ADMINI~1\LOCALS~1\Temp\"></property>
    <property name="java.vendor.url.bug" value="http://java.sun.com/cgi-bin/bugreport.cgi"></property>
    <property name="build_targetclassdir" value="build/targetclasses"></property>
    <property name="javatests" value="src/java/tests"></property>
    <property name="build_classdir" value="build/classes"></property>
    <property name="configmanager.jar" value="c:/environment/lib/tcs/configuration_manager/2.1.3/configuration_manager.jar"></property>
    <property name="javadocsdir" value="docs/javadocs"></property>
    <property name="guid_generator.jar.name" value="guid_generator.jar"></property>
    <property name="java.awt.graphicsenv" value="sun.awt.Win32GraphicsEnvironment"></property>
    <property name="os.arch" value="x86"></property>
    <property name="instrumented.dir" value="build/instrumented"></property>
    <property name="build_webdir" value="build/web"></property>
    <property name="java.ext.dirs" value="D:\soft\jdk1.4.2\jre\lib\ext"></property>
    <property name="typesafe_enum.jar" value="c:/environment/lib/tcs/typesafe_enum/1.0/typesafe_enum.jar"></property>
    <property name="dist_src" value="build/dist/time_tracker_expense_entry-3.2/src"></property>
    <property name="guid_generator.version" value="1.0"></property>
    <property name="user.dir" value="D:\tcs\Time_Tracker_Expense_Entry"></property>
    <property name="design_dist.jar" value="Time_Tracker_Expense_Entry_3.2_design_dist.jar"></property>
    <property name="jar_ext_libdir" value="lib/third_party"></property>
    <property name="javasrc" value="src/java"></property>
    <property name="line.separator" value="
"></property>
    <property name="java.vm.name" value="Java HotSpot(TM) Client VM"></property>
    <property name="distfilename" value="time_tracker_expense_entry"></property>
    <property name="java_1_3_bootclasspath" value="c:\program files\JavaSoft\JRE\1.3.1\lib\rt.jar"></property>
    <property name="basedir" value="D:\tcs\Time_Tracker_Expense_Entry"></property>
    <property name="ant.java.version" value="1.4"></property>
    <property name="db_connection_factory.path" value="db_connection_factory/1.0"></property>
    <property name="file.encoding" value="GBK"></property>
    <property name="configmanager.version" value="2.1.3"></property>
    <property name="base_exception.version" value="1.0"></property>
    <property name="dist_docs" value="build/dist/time_tracker_expense_entry-3.2/docs"></property>
    <property name="component.jar" value="build/dist/lib/tcs/time_tracker_expense_entry/3.2/time_tracker_expense_entry.jar"></property>
    <property name="java.specification.version" value="1.4"></property>
    <property name="xerces.jar" value="c:/environment/lib/third_party/xerces/1.4.4/xerces.jar"></property>
  </properties>
  <testcase name="testConfigurationException1" classname="com.topcoder.timetracker.entry.expense.ConfigurationExceptionUnitTest" time="0.0"></testcase>
  <testcase name="testConfigurationException2" classname="com.topcoder.timetracker.entry.expense.ConfigurationExceptionUnitTest" time="0.0"></testcase>
  <testcase name="testConfigurationExceptionInheritance1" classname="com.topcoder.timetracker.entry.expense.ConfigurationExceptionUnitTest" time="0.0"></testcase>
  <testcase name="testConfigurationExceptionInheritance2" classname="com.topcoder.timetracker.entry.expense.ConfigurationExceptionUnitTest" time="0.0"></testcase>
  <testcase name="testExpenseEntry_Accuracy" classname="com.topcoder.timetracker.entry.expense.ExpenseEntryUnitTest" time="0.0"></testcase>
  <testcase name="testExpenseEntry_LongInvalidId" classname="com.topcoder.timetracker.entry.expense.ExpenseEntryUnitTest" time="0.016"></testcase>
  <testcase name="testExpenseEntry_LongAccuracy" classname="com.topcoder.timetracker.entry.expense.ExpenseEntryUnitTest" time="0.0"></testcase>
  <testcase name="testIsBillable_Accuracy" classname="com.topcoder.timetracker.entry.expense.ExpenseEntryUnitTest" time="0.0"></testcase>
  <testcase name="testSetBillable_Accuracy1" classname="com.topcoder.timetracker.entry.expense.ExpenseEntryUnitTest" time="0.0"></testcase>
  <testcase name="testSetBillable_Accuracy2" classname="com.topcoder.timetracker.entry.expense.ExpenseEntryUnitTest" time="0.0"></testcase>
  <testcase name="testGetMileage_Accuracy" classname="com.topcoder.timetracker.entry.expense.ExpenseEntryUnitTest" time="0.0"></testcase>
  <testcase name="testSetMileage_InvalidMileage" classname="com.topcoder.timetracker.entry.expense.ExpenseEntryUnitTest" time="0.0"></testcase>
  <testcase name="testSetMileage_Accuracy1" classname="com.topcoder.timetracker.entry.expense.ExpenseEntryUnitTest" time="0.0"></testcase>
  <testcase name="testSetMileage_Accuracy2" classname="com.topcoder.timetracker.entry.expense.ExpenseEntryUnitTest" time="0.0"></testcase>
  <testcase name="testGetAmount_Accuracy" classname="com.topcoder.timetracker.entry.expense.ExpenseEntryUnitTest" time="0.0"></testcase>
  <testcase name="testSetAmount_NullAmount" classname="com.topcoder.timetracker.entry.expense.ExpenseEntryUnitTest" time="0.0"></testcase>
  <testcase name="testSetAmount_NegativeAmount" classname="com.topcoder.timetracker.entry.expense.ExpenseEntryUnitTest" time="0.0"></testcase>
  <testcase name="testSetAmount_Accuracy1" classname="com.topcoder.timetracker.entry.expense.ExpenseEntryUnitTest" time="0.0"></testcase>
  <testcase name="testSetAmount_Accuracy2" classname="com.topcoder.timetracker.entry.expense.ExpenseEntryUnitTest" time="0.0"></testcase>
  <testcase name="testGetExpenseType_Accuracy" classname="com.topcoder.timetracker.entry.expense.ExpenseEntryUnitTest" time="0.0"></testcase>
  <testcase name="testSetExpenseType_NullExpenseType" classname="com.topcoder.timetracker.entry.expense.ExpenseEntryUnitTest" time="0.0"></testcase>
  <testcase name="testSetExpenseType_Accuracy1" classname="com.topcoder.timetracker.entry.expense.ExpenseEntryUnitTest" time="0.0"></testcase>
  <testcase name="testSetExpenseType_Accuracy2" classname="com.topcoder.timetracker.entry.expense.ExpenseEntryUnitTest" time="0.0"></testcase>
  <testcase name="testGetStatus_Accuracy" classname="com.topcoder.timetracker.entry.expense.ExpenseEntryUnitTest" time="0.0"></testcase>
  <testcase name="testSetStatus_NullStatus" classname="com.topcoder.timetracker.entry.expense.ExpenseEntryUnitTest" time="0.0"></testcase>
  <testcase name="testSetStatus_Accuracy1" classname="com.topcoder.timetracker.entry.expense.ExpenseEntryUnitTest" time="0.0"></testcase>
  <testcase name="testSetStatus_Accuracy2" classname="com.topcoder.timetracker.entry.expense.ExpenseEntryUnitTest" time="0.0"></testcase>
  <testcase name="testGetInvoice_Accuracy" classname="com.topcoder.timetracker.entry.expense.ExpenseEntryUnitTest" time="0.0"></testcase>
  <testcase name="testSetInvoice_NullInvoice" classname="com.topcoder.timetracker.entry.expense.ExpenseEntryUnitTest" time="0.0"></testcase>
  <testcase name="testSetInvoice_Accuracy1" classname="com.topcoder.timetracker.entry.expense.ExpenseEntryUnitTest" time="0.0"></testcase>
  <testcase name="testSetInvoice_Accuracy2" classname="com.topcoder.timetracker.entry.expense.ExpenseEntryUnitTest" time="0.0"></testcase>
  <testcase name="testSetInvoice_Accuracy3" classname="com.topcoder.timetracker.entry.expense.ExpenseEntryUnitTest" time="0.0"></testcase>
  <testcase name="testValidateNotNull_NullObject" classname="com.topcoder.timetracker.entry.expense.ExpenseEntryHelperUnitTest" time="0.062"></testcase>
  <testcase name="testValidateNotNull_Accuracy" classname="com.topcoder.timetracker.entry.expense.ExpenseEntryHelperUnitTest" time="0.016"></testcase>
  <testcase name="testValidateString_NullString" classname="com.topcoder.timetracker.entry.expense.ExpenseEntryHelperUnitTest" time="0.016"></testcase>
  <testcase name="testValidateString_EmptyString" classname="com.topcoder.timetracker.entry.expense.ExpenseEntryHelperUnitTest" time="0.0"></testcase>
  <testcase name="testValidateString_Accuracy" classname="com.topcoder.timetracker.entry.expense.ExpenseEntryHelperUnitTest" time="0.015"></testcase>
  <testcase name="testCreateObjectFactory_NotCorrect" classname="com.topcoder.timetracker.entry.expense.ExpenseEntryHelperUnitTest" time="0.016"></testcase>
  <testcase name="testCreateObjectFactory_Accuracy" classname="com.topcoder.timetracker.entry.expense.ExpenseEntryHelperUnitTest" time="0.031"></testcase>
  <testcase name="testCreateObject_NotCorrect" classname="com.topcoder.timetracker.entry.expense.ExpenseEntryHelperUnitTest" time="0.016"></testcase>
  <testcase name="testCreateObject_NotExpectedClass" classname="com.topcoder.timetracker.entry.expense.ExpenseEntryHelperUnitTest" time="0.062"></testcase>
  <testcase name="testCreateObject_Accuracy" classname="com.topcoder.timetracker.entry.expense.ExpenseEntryHelperUnitTest" time="0.016"></testcase>
  <testcase name="testGetStringPropertyValue_NotExistNamespace" classname="com.topcoder.timetracker.entry.expense.ExpenseEntryHelperUnitTest" time="0.0"></testcase>
  <testcase name="testGetStringPropertyValue_MissingRequiredPropertyValue" classname="com.topcoder.timetracker.entry.expense.ExpenseEntryHelperUnitTest" time="0.015"></testcase>
  <testcase name="testGetStringPropertyValue_EmptyRequiredPropertyValue" classname="com.topcoder.timetracker.entry.expense.ExpenseEntryHelperUnitTest" time="0.0"></testcase>
  <testcase name="testCreateConnection_NotExistName" classname="com.topcoder.timetracker.entry.expense.ExpenseEntryHelperUnitTest" time="0.016"></testcase>
  <testcase name="testGetStringPropertyValue_MissingOptionalPropertyValue" classname="com.topcoder.timetracker.entry.expense.ExpenseEntryHelperUnitTest" time="0.016"></testcase>
  <testcase name="testGetStringPropertyValue_Accuracy" classname="com.topcoder.timetracker.entry.expense.ExpenseEntryHelperUnitTest" time="0.0"></testcase>
  <testcase name="testGetExceptionStaceTrace_Accuracy" classname="com.topcoder.timetracker.entry.expense.ExpenseEntryHelperUnitTest" time="0.015"></testcase>
  <testcase name="testExpenseStatus_Accuracy" classname="com.topcoder.timetracker.entry.expense.ExpenseStatusUnitTest" time="0.0"></testcase>
  <testcase name="testExpenseStatus_LongInvalidId" classname="com.topcoder.timetracker.entry.expense.ExpenseStatusUnitTest" time="0.0"></testcase>
  <testcase name="testExpenseStatus_LongAccuracy" classname="com.topcoder.timetracker.entry.expense.ExpenseStatusUnitTest" time="0.0"></testcase>
  <testcase name="testGetDescription_Accuracy" classname="com.topcoder.timetracker.entry.expense.ExpenseStatusUnitTest" time="0.0"></testcase>
  <testcase name="testSetDescription_NullDescription" classname="com.topcoder.timetracker.entry.expense.ExpenseStatusUnitTest" time="0.0"></testcase>
  <testcase name="testSetDescription_EmptyDescription1" classname="com.topcoder.timetracker.entry.expense.ExpenseStatusUnitTest" time="0.0"></testcase>
  <testcase name="testSetDescription_EmptyDescription2" classname="com.topcoder.timetracker.entry.expense.ExpenseStatusUnitTest" time="0.0"></testcase>
  <testcase name="testSetDescription_Accuracy" classname="com.topcoder.timetracker.entry.expense.ExpenseStatusUnitTest" time="0.0"></testcase>
  <testcase name="testGetDescription_Accuracy" classname="com.topcoder.timetracker.entry.expense.ExpenseTypeUnitTest" time="0.0"></testcase>
  <testcase name="testSetDescription_NullDescription" classname="com.topcoder.timetracker.entry.expense.ExpenseTypeUnitTest" time="0.0"></testcase>
  <testcase name="testSetDescription_EmptyDescription1" classname="com.topcoder.timetracker.entry.expense.ExpenseTypeUnitTest" time="0.0"></testcase>
  <testcase name="testSetDescription_EmptyDescription2" classname="com.topcoder.timetracker.entry.expense.ExpenseTypeUnitTest" time="0.0"></testcase>
  <testcase name="testSetDescription_Accuracy" classname="com.topcoder.timetracker.entry.expense.ExpenseTypeUnitTest" time="0.0"></testcase>
  <testcase name="testExpenseType_Accuracy" classname="com.topcoder.timetracker.entry.expense.ExpenseTypeUnitTest" time="0.0"></testcase>
  <testcase name="testExpenseType_LongInvalidId" classname="com.topcoder.timetracker.entry.expense.ExpenseTypeUnitTest" time="0.0"></testcase>
  <testcase name="testExpenseType_LongAccuracy" classname="com.topcoder.timetracker.entry.expense.ExpenseTypeUnitTest" time="0.0"></testcase>
  <testcase name="testGetActive_Accuracy" classname="com.topcoder.timetracker.entry.expense.ExpenseTypeUnitTest" time="0.0"></testcase>
  <testcase name="testSetActive_Accuracy" classname="com.topcoder.timetracker.entry.expense.ExpenseTypeUnitTest" time="0.0"></testcase>
  <testcase name="testGetCompanyId_Accuracy" classname="com.topcoder.timetracker.entry.expense.ExpenseTypeUnitTest" time="0.0"></testcase>
  <testcase name="testSetCompanyId_InvalidCompanyId" classname="com.topcoder.timetracker.entry.expense.ExpenseTypeUnitTest" time="0.0"></testcase>
  <testcase name="testSetCompanyId_Accuracy" classname="com.topcoder.timetracker.entry.expense.ExpenseTypeUnitTest" time="0.0"></testcase>
  <testcase name="testInsufficientDataException1" classname="com.topcoder.timetracker.entry.expense.InsufficientDataExceptionUnitTest" time="0.0"></testcase>
  <testcase name="testInsufficientDataException2" classname="com.topcoder.timetracker.entry.expense.InsufficientDataExceptionUnitTest" time="0.0"></testcase>
  <testcase name="testInsufficientDataExceptionInheritance1" classname="com.topcoder.timetracker.entry.expense.InsufficientDataExceptionUnitTest" time="0.0"></testcase>
  <testcase name="testInsufficientDataExceptionInheritance2" classname="com.topcoder.timetracker.entry.expense.InsufficientDataExceptionUnitTest" time="0.0"></testcase>
  <testcase name="testCompositeCriteria_NullCompositionKeyword" classname="com.topcoder.timetracker.entry.expense.criteria.CompositeCriteriaUnitTest" time="0.0"></testcase>
  <testcase name="testCompositeCriteria_NullCriteria" classname="com.topcoder.timetracker.entry.expense.criteria.CompositeCriteriaUnitTest" time="0.0"></testcase>
  <testcase name="testCompositeCriteria_CriteriaSizeLessThanTwo" classname="com.topcoder.timetracker.entry.expense.criteria.CompositeCriteriaUnitTest" time="0.0"></testcase>
  <testcase name="testCompositeCriteria_CriteriaContainsNullElement" classname="com.topcoder.timetracker.entry.expense.criteria.CompositeCriteriaUnitTest" time="0.0"></testcase>
  <testcase name="testCompositeCriteria_Accuracy" classname="com.topcoder.timetracker.entry.expense.criteria.CompositeCriteriaUnitTest" time="0.0"></testcase>
  <testcase name="testCompositeCriteria_InheritanceAccuracy" classname="com.topcoder.timetracker.entry.expense.criteria.CompositeCriteriaUnitTest" time="0.0"></testcase>
  <testcase name="testCompositeCriteria_ShallowCopyAccuracy" classname="com.topcoder.timetracker.entry.expense.criteria.CompositeCriteriaUnitTest" time="0.0"></testcase>
  <testcase name="testGetCompositionKeyword_Accuracy" classname="com.topcoder.timetracker.entry.expense.criteria.CompositeCriteriaUnitTest" time="0.0"></testcase>
  <testcase name="testGetCriteria_Accuracy" classname="com.topcoder.timetracker.entry.expense.criteria.CompositeCriteriaUnitTest" time="0.0"></testcase>
  <testcase name="testGetCriteria_ShallowCopyAccuracy" classname="com.topcoder.timetracker.entry.expense.criteria.CompositeCriteriaUnitTest" time="0.0"></testcase>
  <testcase name="testGetWhereClause_Accuracy" classname="com.topcoder.timetracker.entry.expense.criteria.CompositeCriteriaUnitTest" time="0.0"></testcase>
  <testcase name="testGetParameters_Accuracy" classname="com.topcoder.timetracker.entry.expense.criteria.CompositeCriteriaUnitTest" time="0.016"></testcase>
  <testcase name="testGetAndCompositeCriteria_NullLeft" classname="com.topcoder.timetracker.entry.expense.criteria.CompositeCriteriaUnitTest" time="0.0"></testcase>
  <testcase name="testGetAndCompositeCriteria_NullRight" classname="com.topcoder.timetracker.entry.expense.criteria.CompositeCriteriaUnitTest" time="0.0"></testcase>
  <testcase name="testGetAndCompositeCriteria_CriteriaCriteriaAccuracy" classname="com.topcoder.timetracker.entry.expense.criteria.CompositeCriteriaUnitTest" time="0.0"></testcase>
  <testcase name="testGetAndCompositeCriteria_NullCriteria" classname="com.topcoder.timetracker.entry.expense.criteria.CompositeCriteriaUnitTest" time="0.0"></testcase>
  <testcase name="testGetAndCompositeCriteria_CriteriaSizeLessThanTwo" classname="com.topcoder.timetracker.entry.expense.criteria.CompositeCriteriaUnitTest" time="0.0"></testcase>
  <testcase name="testGetAndCompositeCriteria_CriteriaContainsNullElement" classname="com.topcoder.timetracker.entry.expense.criteria.CompositeCriteriaUnitTest" time="0.0"></testcase>
  <testcase name="testGetAndCompositeCriteria_CriteriaAccuracy" classname="com.topcoder.timetracker.entry.expense.criteria.CompositeCriteriaUnitTest" time="0.0"></testcase>
  <testcase name="testGetOrCompositeCriteria_NullLeft" classname="com.topcoder.timetracker.entry.expense.criteria.CompositeCriteriaUnitTest" time="0.0"></testcase>
  <testcase name="testGetOrCompositeCriteria_NullRight" classname="com.topcoder.timetracker.entry.expense.criteria.CompositeCriteriaUnitTest" time="0.0"></testcase>
  <testcase name="testGetOrCompositeCriteria_CriteriaCriteriaAccuracy" classname="com.topcoder.timetracker.entry.expense.criteria.CompositeCriteriaUnitTest" time="0.0"></testcase>
  <testcase name="testGetOrCompositeCriteria_NullCriteria" classname="com.topcoder.timetracker.entry.expense.criteria.CompositeCriteriaUnitTest" time="0.0"></testcase>
  <testcase name="testGetOrCompositeCriteria_CriteriaSizeLessThanTwo" classname="com.topcoder.timetracker.entry.expense.criteria.CompositeCriteriaUnitTest" time="0.0"></testcase>
  <testcase name="testGetOrCompositeCriteria_CriteriaContainsNullElement" classname="com.topcoder.timetracker.entry.expense.criteria.CompositeCriteriaUnitTest" time="0.0"></testcase>
  <testcase name="testGetOrCompositeCriteria_CriteriaAccuracy" classname="com.topcoder.timetracker.entry.expense.criteria.CompositeCriteriaUnitTest" time="0.0"></testcase>
  <testcase name="testFieldBetweenCriteria_NullField" classname="com.topcoder.timetracker.entry.expense.criteria.FieldBetweenCriteriaUnitTest" time="0.0"></testcase>
  <testcase name="testFieldBetweenCriteria_EmptyField" classname="com.topcoder.timetracker.entry.expense.criteria.FieldBetweenCriteriaUnitTest" time="0.0"></testcase>
  <testcase name="testFieldBetweenCriteria_NullFromValue" classname="com.topcoder.timetracker.entry.expense.criteria.FieldBetweenCriteriaUnitTest" time="0.0"></testcase>
  <testcase name="testFieldBetweenCriteria_NullToValue" classname="com.topcoder.timetracker.entry.expense.criteria.FieldBetweenCriteriaUnitTest" time="0.0"></testcase>
  <testcase name="testFieldBetweenCriteria_NullFromValueNullToValue" classname="com.topcoder.timetracker.entry.expense.criteria.FieldBetweenCriteriaUnitTest" time="0.0"></testcase>
  <testcase name="testFieldBetweenCriteria_Accuracy" classname="com.topcoder.timetracker.entry.expense.criteria.FieldBetweenCriteriaUnitTest" time="0.0"></testcase>
  <testcase name="testFieldBetweenCriteria_InheritanceAccuracy" classname="com.topcoder.timetracker.entry.expense.criteria.FieldBetweenCriteriaUnitTest" time="0.0"></testcase>
  <testcase name="testGetField_Accuracy" classname="com.topcoder.timetracker.entry.expense.criteria.FieldBetweenCriteriaUnitTest" time="0.0"></testcase>
  <testcase name="testGetFromValue_Accuracy" classname="com.topcoder.timetracker.entry.expense.criteria.FieldBetweenCriteriaUnitTest" time="0.0"></testcase>
  <testcase name="testGetToValue_Accuracy" classname="com.topcoder.timetracker.entry.expense.criteria.FieldBetweenCriteriaUnitTest" time="0.0"></testcase>
  <testcase name="testGetWhereClause_Accuracy1" classname="com.topcoder.timetracker.entry.expense.criteria.FieldBetweenCriteriaUnitTest" time="0.0"></testcase>
  <testcase name="testGetWhereClause_Accuracy2" classname="com.topcoder.timetracker.entry.expense.criteria.FieldBetweenCriteriaUnitTest" time="0.0"></testcase>
  <testcase name="testGetWhereClause_Accuracy3" classname="com.topcoder.timetracker.entry.expense.criteria.FieldBetweenCriteriaUnitTest" time="0.0"></testcase>
  <testcase name="testGetParameters_Accuracy1" classname="com.topcoder.timetracker.entry.expense.criteria.FieldBetweenCriteriaUnitTest" time="0.0"></testcase>
  <testcase name="testGetParameters_Accuracy2" classname="com.topcoder.timetracker.entry.expense.criteria.FieldBetweenCriteriaUnitTest" time="0.0"></testcase>
  <testcase name="testGetParameters_Accuracy3" classname="com.topcoder.timetracker.entry.expense.criteria.FieldBetweenCriteriaUnitTest" time="0.0"></testcase>
  <testcase name="testGetAmountBetweenCriteria_NullFromValue" classname="com.topcoder.timetracker.entry.expense.criteria.FieldBetweenCriteriaUnitTest" time="0.0"></testcase>
  <testcase name="testGetAmountBetweenCriteria_NullToValue" classname="com.topcoder.timetracker.entry.expense.criteria.FieldBetweenCriteriaUnitTest" time="0.0"></testcase>
  <testcase name="testGetAmountBetweenCriteria_NullFromValueNullToValue" classname="com.topcoder.timetracker.entry.expense.criteria.FieldBetweenCriteriaUnitTest" time="0.0"></testcase>
  <testcase name="testGetAmountBetweenCriteria_Accuracy" classname="com.topcoder.timetracker.entry.expense.criteria.FieldBetweenCriteriaUnitTest" time="0.0"></testcase>
  <testcase name="testGetCreationDateBetweenCriteria_NullFromDate" classname="com.topcoder.timetracker.entry.expense.criteria.FieldBetweenCriteriaUnitTest" time="0.0"></testcase>
  <testcase name="testGetCreationDateBetweenCriteria_NullToDate" classname="com.topcoder.timetracker.entry.expense.criteria.FieldBetweenCriteriaUnitTest" time="0.0"></testcase>
  <testcase name="testGetCreationDateBetweenCriteria_NullFromDateNullToDate" classname="com.topcoder.timetracker.entry.expense.criteria.FieldBetweenCriteriaUnitTest" time="0.0"></testcase>
  <testcase name="testGetCreationDateBetweenCriteria_Accuracy" classname="com.topcoder.timetracker.entry.expense.criteria.FieldBetweenCriteriaUnitTest" time="0.0"></testcase>
  <testcase name="testGetExpenseStatusCreationDateBetweenCriteria_NullFromDate" classname="com.topcoder.timetracker.entry.expense.criteria.FieldBetweenCriteriaUnitTest" time="0.0"></testcase>
  <testcase name="testGetExpenseStatusCreationDateBetweenCriteria_NullToDate" classname="com.topcoder.timetracker.entry.expense.criteria.FieldBetweenCriteriaUnitTest" time="0.0"></testcase>
  <testcase name="testGetExpenseStatusCreationDateBetweenCriteria_NullFromDateNullToDate" classname="com.topcoder.timetracker.entry.expense.criteria.FieldBetweenCriteriaUnitTest" time="0.0"></testcase>
  <testcase name="testGetExpenseStatusCreationDateBetweenCriteria_Accuracy" classname="com.topcoder.timetracker.entry.expense.criteria.FieldBetweenCriteriaUnitTest" time="0.0"></testcase>
  <testcase name="testGetExpenseStatusModificationDateBetweenCriteria_NullFromDate" classname="com.topcoder.timetracker.entry.expense.criteria.FieldBetweenCriteriaUnitTest" time="0.0"></testcase>
  <testcase name="testGetExpenseStatusModificationDateBetweenCriteria_NullToDate" classname="com.topcoder.timetracker.entry.expense.criteria.FieldBetweenCriteriaUnitTest" time="0.0"></testcase>
  <testcase name="testGetExpenseStatusModificationDateBetweenCriteria_NullFromDateNullToDate" classname="com.topcoder.timetracker.entry.expense.criteria.FieldBetweenCriteriaUnitTest" time="0.0"></testcase>
  <testcase name="testGetExpenseStatusModificationDateBetweenCriteria_Accuracy" classname="com.topcoder.timetracker.entry.expense.criteria.FieldBetweenCriteriaUnitTest" time="0.0"></testcase>
  <testcase name="testGetExpenseTypeCreationDateBetweenCriteria_NullFromDate" classname="com.topcoder.timetracker.entry.expense.criteria.FieldBetweenCriteriaUnitTest" time="0.0"></testcase>
  <testcase name="testGetExpenseTypeCreationDateBetweenCriteria_NullToDate" classname="com.topcoder.timetracker.entry.expense.criteria.FieldBetweenCriteriaUnitTest" time="0.0"></testcase>
  <testcase name="testGetExpenseTypeCreationDateBetweenCriteria_NullFromDateNullToDate" classname="com.topcoder.timetracker.entry.expense.criteria.FieldBetweenCriteriaUnitTest" time="0.0"></testcase>
  <testcase name="testGetExpenseTypeCreationDateBetweenCriteria_Accuracy" classname="com.topcoder.timetracker.entry.expense.criteria.FieldBetweenCriteriaUnitTest" time="0.0"></testcase>
  <testcase name="testGetExpenseTypeModificationDateBetweenCriteria_NullFromDate" classname="com.topcoder.timetracker.entry.expense.criteria.FieldBetweenCriteriaUnitTest" time="0.0"></testcase>
  <testcase name="testGetExpenseTypeModificationDateBetweenCriteria_NullToDate" classname="com.topcoder.timetracker.entry.expense.criteria.FieldBetweenCriteriaUnitTest" time="0.0"></testcase>
  <testcase name="testGetExpenseTypeModificationDateBetweenCriteria_NullFromDateNullToDate" classname="com.topcoder.timetracker.entry.expense.criteria.FieldBetweenCriteriaUnitTest" time="0.0"></testcase>
  <testcase name="testGetExpenseTypeModificationDateBetweenCriteria_Accuracy" classname="com.topcoder.timetracker.entry.expense.criteria.FieldBetweenCriteriaUnitTest" time="0.0"></testcase>
  <testcase name="testGetModificationDateBetweenCriteria_NullFromDate" classname="com.topcoder.timetracker.entry.expense.criteria.FieldBetweenCriteriaUnitTest" time="0.0"></testcase>
  <testcase name="testGetModificationDateBetweenCriteria_NullToDate" classname="com.topcoder.timetracker.entry.expense.criteria.FieldBetweenCriteriaUnitTest" time="0.0"></testcase>
  <testcase name="testGetModificationDateBetweenCriteria_NullFromDateNullToDate" classname="com.topcoder.timetracker.entry.expense.criteria.FieldBetweenCriteriaUnitTest" time="0.0"></testcase>
  <testcase name="testGetModificationDateBetweenCriteria_Accuracy" classname="com.topcoder.timetracker.entry.expense.criteria.FieldBetweenCriteriaUnitTest" time="0.0"></testcase>
  <testcase name="testGetWhereClause_Accuracy" classname="com.topcoder.timetracker.entry.expense.criteria.FieldLikeCriteriaUnitTest" time="0.0"></testcase>
  <testcase name="testGetParameters_Accuracy" classname="com.topcoder.timetracker.entry.expense.criteria.FieldLikeCriteriaUnitTest" time="0.0"></testcase>
  <testcase name="testGetField_Accuracy" classname="com.topcoder.timetracker.entry.expense.criteria.FieldLikeCriteriaUnitTest" time="0.0"></testcase>
  <testcase name="testFieldLikeCriteria_NullField" classname="com.topcoder.timetracker.entry.expense.criteria.FieldLikeCriteriaUnitTest" time="0.0"></testcase>
  <testcase name="testFieldLikeCriteria_NullPattern" classname="com.topcoder.timetracker.entry.expense.criteria.FieldLikeCriteriaUnitTest" time="0.0"></testcase>
  <testcase name="testFieldLikeCriteria_EmptyField" classname="com.topcoder.timetracker.entry.expense.criteria.FieldLikeCriteriaUnitTest" time="0.0"></testcase>
  <testcase name="testFieldLikeCriteria_EmptyPattern" classname="com.topcoder.timetracker.entry.expense.criteria.FieldLikeCriteriaUnitTest" time="0.0"></testcase>
  <testcase name="testFieldLikeCriteria_Accuracy" classname="com.topcoder.timetracker.entry.expense.criteria.FieldLikeCriteriaUnitTest" time="0.0"></testcase>
  <testcase name="testFieldLikeCriteria_InheritanceAccuracy" classname="com.topcoder.timetracker.entry.expense.criteria.FieldLikeCriteriaUnitTest" time="0.0"></testcase>
  <testcase name="testGetPattern_Accuracy" classname="com.topcoder.timetracker.entry.expense.criteria.FieldLikeCriteriaUnitTest" time="0.0"></testcase>
  <testcase name="testGetDescriptionContainsCriteria_NullValue" classname="com.topcoder.timetracker.entry.expense.criteria.FieldLikeCriteriaUnitTest" time="0.0"></testcase>
  <testcase name="testGetDescriptionContainsCriteria_ZeroLengthValue" classname="com.topcoder.timetracker.entry.expense.criteria.FieldLikeCriteriaUnitTest" time="0.0"></testcase>
  <testcase name="testGetDescriptionContainsCriteria_AllSpacesValue" classname="com.topcoder.timetracker.entry.expense.criteria.FieldLikeCriteriaUnitTest" time="0.0"></testcase>
  <testcase name="testGetDescriptionContainsCriteria_Accuracy" classname="com.topcoder.timetracker.entry.expense.criteria.FieldLikeCriteriaUnitTest" time="0.0"></testcase>
  <testcase name="testGetExpenseStatusDescriptionContainsCriteria_NullValue" classname="com.topcoder.timetracker.entry.expense.criteria.FieldLikeCriteriaUnitTest" time="0.0"></testcase>
  <testcase name="testGetExpenseStatusDescriptionContainsCriteria_ZeroLengthValue" classname="com.topcoder.timetracker.entry.expense.criteria.FieldLikeCriteriaUnitTest" time="0.0"></testcase>
  <testcase name="testGetExpenseStatusDescriptionContainsCriteria_AllSpacesValue" classname="com.topcoder.timetracker.entry.expense.criteria.FieldLikeCriteriaUnitTest" time="0.0"></testcase>
  <testcase name="testGetExpenseStatusDescriptionContainsCriteria_Accuracy" classname="com.topcoder.timetracker.entry.expense.criteria.FieldLikeCriteriaUnitTest" time="0.0"></testcase>
  <testcase name="testGetExpenseTypeDescriptionContainsCriteria_NullValue" classname="com.topcoder.timetracker.entry.expense.criteria.FieldLikeCriteriaUnitTest" time="0.0"></testcase>
  <testcase name="testGetExpenseTypeDescriptionContainsCriteria_ZeroLengthValue" classname="com.topcoder.timetracker.entry.expense.criteria.FieldLikeCriteriaUnitTest" time="0.0"></testcase>
  <testcase name="testGetExpenseTypeDescriptionContainsCriteria_AllSpacesValue" classname="com.topcoder.timetracker.entry.expense.criteria.FieldLikeCriteriaUnitTest" time="0.0"></testcase>
  <testcase name="testGetExpenseTypeDescriptionContainsCriteria_Accuracy" classname="com.topcoder.timetracker.entry.expense.criteria.FieldLikeCriteriaUnitTest" time="0.0"></testcase>
  <testcase name="testGetWhereClause_Accuracy" classname="com.topcoder.timetracker.entry.expense.criteria.FieldMatchCriteriaUnitTest" time="0.0"></testcase>
  <testcase name="testGetParameters_Accuracy" classname="com.topcoder.timetracker.entry.expense.criteria.FieldMatchCriteriaUnitTest" time="0.0"></testcase>
  <testcase name="testGetField_Accuracy" classname="com.topcoder.timetracker.entry.expense.criteria.FieldMatchCriteriaUnitTest" time="0.0"></testcase>
  <testcase name="testFieldMatchCriteria_NullField" classname="com.topcoder.timetracker.entry.expense.criteria.FieldMatchCriteriaUnitTest" time="0.0"></testcase>
  <testcase name="testFieldMatchCriteria_EmptyField" classname="com.topcoder.timetracker.entry.expense.criteria.FieldMatchCriteriaUnitTest" time="0.0"></testcase>
  <testcase name="testFieldMatchCriteria_NullValue" classname="com.topcoder.timetracker.entry.expense.criteria.FieldMatchCriteriaUnitTest" time="0.0"></testcase>
  <testcase name="testFieldMatchCriteria_Accuracy" classname="com.topcoder.timetracker.entry.expense.criteria.FieldMatchCriteriaUnitTest" time="0.0"></testcase>
  <testcase name="testFieldMatchCriteria_InheritanceAccuracy" classname="com.topcoder.timetracker.entry.expense.criteria.FieldMatchCriteriaUnitTest" time="0.0"></testcase>
  <testcase name="testGetValue_Accuracy" classname="com.topcoder.timetracker.entry.expense.criteria.FieldMatchCriteriaUnitTest" time="0.0"></testcase>
  <testcase name="testGetExpenseTypeMatchCriteria_Accuracy" classname="com.topcoder.timetracker.entry.expense.criteria.FieldMatchCriteriaUnitTest" time="0.0"></testcase>
  <testcase name="testGetExpenseStatusMatchCriteria_Accuracy" classname="com.topcoder.timetracker.entry.expense.criteria.FieldMatchCriteriaUnitTest" time="0.0"></testcase>
  <testcase name="testGetCreationUserMatchCriteria_NullUser" classname="com.topcoder.timetracker.entry.expense.criteria.FieldMatchCriteriaUnitTest" time="0.0"></testcase>
  <testcase name="testGetCreationUserMatchCriteria_EmptyUser" classname="com.topcoder.timetracker.entry.expense.criteria.FieldMatchCriteriaUnitTest" time="0.0"></testcase>
  <testcase name="testGetCreationUserMatchCriteria_Accuracy" classname="com.topcoder.timetracker.entry.expense.criteria.FieldMatchCriteriaUnitTest" time="0.0"></testcase>
  <testcase name="testGetModificationUserMatchCriteria_NullUser" classname="com.topcoder.timetracker.entry.expense.criteria.FieldMatchCriteriaUnitTest" time="0.0"></testcase>
  <testcase name="testGetModificationUserMatchCriteria_EmptyUser" classname="com.topcoder.timetracker.entry.expense.criteria.FieldMatchCriteriaUnitTest" time="0.0"></testcase>
  <testcase name="testGetModificationUserMatchCriteria_Accuracy" classname="com.topcoder.timetracker.entry.expense.criteria.FieldMatchCriteriaUnitTest" time="0.0"></testcase>
  <testcase name="testGetBillableMatchCriteria_Accuracy1" classname="com.topcoder.timetracker.entry.expense.criteria.FieldMatchCriteriaUnitTest" time="0.016"></testcase>
  <testcase name="testGetBillableMatchCriteria_Accuracy2" classname="com.topcoder.timetracker.entry.expense.criteria.FieldMatchCriteriaUnitTest" time="0.0"></testcase>
  <testcase name="testGetExpenseEntryCompanyIdMatchCriteria_Accuracy" classname="com.topcoder.timetracker.entry.expense.criteria.FieldMatchCriteriaUnitTest" time="0.0"></testcase>
  <testcase name="testGetExpenseTypeCompanyIdMatchCriteria_Accuracy" classname="com.topcoder.timetracker.entry.expense.criteria.FieldMatchCriteriaUnitTest" time="0.0"></testcase>
  <testcase name="testGetExpenseStatusCreationUserMatchCriteria_NullUser" classname="com.topcoder.timetracker.entry.expense.criteria.FieldMatchCriteriaUnitTest" time="0.0"></testcase>
  <testcase name="testGetExpenseStatusCreationUserMatchCriteria_EmptyUser" classname="com.topcoder.timetracker.entry.expense.criteria.FieldMatchCriteriaUnitTest" time="0.0"></testcase>
  <testcase name="testGetExpenseStatusCreationUserMatchCriteria_Accuracy" classname="com.topcoder.timetracker.entry.expense.criteria.FieldMatchCriteriaUnitTest" time="0.0"></testcase>
  <testcase name="testGetExpenseStatusModificationUserMatchCriteria_NullUser" classname="com.topcoder.timetracker.entry.expense.criteria.FieldMatchCriteriaUnitTest" time="0.0"></testcase>
  <testcase name="testGetExpenseStatusModificationUserMatchCriteria_EmptyUser" classname="com.topcoder.timetracker.entry.expense.criteria.FieldMatchCriteriaUnitTest" time="0.0"></testcase>
  <testcase name="testGetExpenseStatusModificationUserMatchCriteria_Accuracy" classname="com.topcoder.timetracker.entry.expense.criteria.FieldMatchCriteriaUnitTest" time="0.0"></testcase>
  <testcase name="testGetExpenseTypeActiveMatchCriteria_Accuracy1" classname="com.topcoder.timetracker.entry.expense.criteria.FieldMatchCriteriaUnitTest" time="0.0"></testcase>
  <testcase name="testGetExpenseTypeActiveMatchCriteria_Accuracy2" classname="com.topcoder.timetracker.entry.expense.criteria.FieldMatchCriteriaUnitTest" time="0.0"></testcase>
  <testcase name="testGetExpenseTypeCreationUserMatchCriteria_NullUser" classname="com.topcoder.timetracker.entry.expense.criteria.FieldMatchCriteriaUnitTest" time="0.0"></testcase>
  <testcase name="testGetExpenseTypeCreationUserMatchCriteria_EmptyUser" classname="com.topcoder.timetracker.entry.expense.criteria.FieldMatchCriteriaUnitTest" time="0.0"></testcase>
  <testcase name="testGetExpenseTypeCreationUserMatchCriteria_Accuracy" classname="com.topcoder.timetracker.entry.expense.criteria.FieldMatchCriteriaUnitTest" time="0.0"></testcase>
  <testcase name="testGetExpenseTypeModificationUserMatchCriteria_NullUser" classname="com.topcoder.timetracker.entry.expense.criteria.FieldMatchCriteriaUnitTest" time="0.0"></testcase>
  <testcase name="testGetExpenseTypeModificationUserMatchCriteria_EmptyUser" classname="com.topcoder.timetracker.entry.expense.criteria.FieldMatchCriteriaUnitTest" time="0.0"></testcase>
  <testcase name="testGetExpenseTypeModificationUserMatchCriteria_Accuracy" classname="com.topcoder.timetracker.entry.expense.criteria.FieldMatchCriteriaUnitTest" time="0.0"></testcase>
  <testcase name="testGetExpenseEntryInvoiceIdMatchCriteria_Accuracy" classname="com.topcoder.timetracker.entry.expense.criteria.FieldMatchCriteriaUnitTest" time="0.0"></testcase>
  <testcase name="testGetCriteria_Accuracy" classname="com.topcoder.timetracker.entry.expense.criteria.NotCriteriaUnitTest" time="0.0"></testcase>
  <testcase name="testGetWhereClause_Accuracy" classname="com.topcoder.timetracker.entry.expense.criteria.NotCriteriaUnitTest" time="0.0"></testcase>
  <testcase name="testGetParameters_Accuracy" classname="com.topcoder.timetracker.entry.expense.criteria.NotCriteriaUnitTest" time="0.0"></testcase>
  <testcase name="testNotCriteria_NullCriteria" classname="com.topcoder.timetracker.entry.expense.criteria.NotCriteriaUnitTest" time="0.0"></testcase>
  <testcase name="testNotCriteria_Accuracy" classname="com.topcoder.timetracker.entry.expense.criteria.NotCriteriaUnitTest" time="0.0"></testcase>
  <testcase name="testNotCriteria_InheritanceAccuracy" classname="com.topcoder.timetracker.entry.expense.criteria.NotCriteriaUnitTest" time="0.0"></testcase>
  <testcase name="testGetWhereClause_Accuracy" classname="com.topcoder.timetracker.entry.expense.criteria.RejectReasonCriteriaUnitTest" time="0.0"></testcase>
  <testcase name="testGetParameters_Accuracy" classname="com.topcoder.timetracker.entry.expense.criteria.RejectReasonCriteriaUnitTest" time="0.0"></testcase>
  <testcase name="testRejectReasonCriteria_Accuracy" classname="com.topcoder.timetracker.entry.expense.criteria.RejectReasonCriteriaUnitTest" time="0.0"></testcase>
  <testcase name="testRejectReasonCriteria_InheritanceAccuracy" classname="com.topcoder.timetracker.entry.expense.criteria.RejectReasonCriteriaUnitTest" time="0.0"></testcase>
  <testcase name="testGetRejectReasonId_Accuracy" classname="com.topcoder.timetracker.entry.expense.criteria.RejectReasonCriteriaUnitTest" time="0.0"></testcase>
  <testcase name="testPersistenceException1" classname="com.topcoder.timetracker.entry.expense.persistence.PersistenceExceptionUnitTest" time="0.0"></testcase>
  <testcase name="testPersistenceException2" classname="com.topcoder.timetracker.entry.expense.persistence.PersistenceExceptionUnitTest" time="0.0"></testcase>
  <testcase name="testPersistenceExceptionInheritance1" classname="com.topcoder.timetracker.entry.expense.persistence.PersistenceExceptionUnitTest" time="0.0"></testcase>
  <testcase name="testPersistenceExceptionInheritance2" classname="com.topcoder.timetracker.entry.expense.persistence.PersistenceExceptionUnitTest" time="0.0"></testcase>
  <testcase name="testInformixExpenseTypeDAO_NoArgAccuracy" classname="com.topcoder.timetracker.entry.expense.persistence.InformixExpenseTypeDAOUnitTest" time="0.281"></testcase>
  <testcase name="testInformixExpenseTypeDAO_StringNullNamespace" classname="com.topcoder.timetracker.entry.expense.persistence.InformixExpenseTypeDAOUnitTest" time="0.047"></testcase>
  <testcase name="testInformixExpenseTypeDAO_StringEmptyNamespace" classname="com.topcoder.timetracker.entry.expense.persistence.InformixExpenseTypeDAOUnitTest" time="0.047"></testcase>
  <testcase name="testInformixExpenseTypeDAO_StringNotExistNamespace" classname="com.topcoder.timetracker.entry.expense.persistence.InformixExpenseTypeDAOUnitTest" time="0.046"></testcase>
  <testcase name="testInformixExpenseTypeDAO_StringAccuracy" classname="com.topcoder.timetracker.entry.expense.persistence.InformixExpenseTypeDAOUnitTest" time="0.047"></testcase>
  <testcase name="testAddType_NullType" classname="com.topcoder.timetracker.entry.expense.persistence.InformixExpenseTypeDAOUnitTest" time="0.047"></testcase>
  <testcase name="testAddType_CreationDateNotNull" classname="com.topcoder.timetracker.entry.expense.persistence.InformixExpenseTypeDAOUnitTest" time="0.031"></testcase>
  <testcase name="testAddType_ModificationDateNotNull" classname="com.topcoder.timetracker.entry.expense.persistence.InformixExpenseTypeDAOUnitTest" time="0.047"></testcase>
  <testcase name="testAddType_CreationUserNull" classname="com.topcoder.timetracker.entry.expense.persistence.InformixExpenseTypeDAOUnitTest" time="0.047"></testcase>
  <testcase name="testAddType_ModificationUserNull" classname="com.topcoder.timetracker.entry.expense.persistence.InformixExpenseTypeDAOUnitTest" time="0.047"></testcase>
  <testcase name="testAddType_DescriptionNull" classname="com.topcoder.timetracker.entry.expense.persistence.InformixExpenseTypeDAOUnitTest" time="0.234"></testcase>
  <testcase name="testAddType_CompanyIdNotSet" classname="com.topcoder.timetracker.entry.expense.persistence.InformixExpenseTypeDAOUnitTest" time="0.047"></testcase>
  <testcase name="testAddType_CompanyIdNotExist" classname="com.topcoder.timetracker.entry.expense.persistence.InformixExpenseTypeDAOUnitTest" time="0.11"></testcase>
  <testcase name="testAddType_Accuracy" classname="com.topcoder.timetracker.entry.expense.persistence.InformixExpenseTypeDAOUnitTest" time="0.062"></testcase>
  <testcase name="testAddType_IDSetAccuracy" classname="com.topcoder.timetracker.entry.expense.persistence.InformixExpenseTypeDAOUnitTest" time="0.063"></testcase>
  <testcase name="testAddType_ExistAccuracy" classname="com.topcoder.timetracker.entry.expense.persistence.InformixExpenseTypeDAOUnitTest" time="0.093"></testcase>
  <testcase name="testDeleteType_IDNotExistAccuracy" classname="com.topcoder.timetracker.entry.expense.persistence.InformixExpenseTypeDAOUnitTest" time="0.063"></testcase>
  <testcase name="testDeleteType_Accuracy" classname="com.topcoder.timetracker.entry.expense.persistence.InformixExpenseTypeDAOUnitTest" time="0.078"></testcase>
  <testcase name="testDeleteAllTypes_Accuracy" classname="com.topcoder.timetracker.entry.expense.persistence.InformixExpenseTypeDAOUnitTest" time="0.109"></testcase>
  <testcase name="testUpdateType_NullType" classname="com.topcoder.timetracker.entry.expense.persistence.InformixExpenseTypeDAOUnitTest" time="0.047"></testcase>
  <testcase name="testUpdateType_CreationUserNull" classname="com.topcoder.timetracker.entry.expense.persistence.InformixExpenseTypeDAOUnitTest" time="0.032"></testcase>
  <testcase name="testUpdateType_ModificationUserNull" classname="com.topcoder.timetracker.entry.expense.persistence.InformixExpenseTypeDAOUnitTest" time="0.046"></testcase>
  <testcase name="testUpdateType_DescriptionNull" classname="com.topcoder.timetracker.entry.expense.persistence.InformixExpenseTypeDAOUnitTest" time="0.094"></testcase>
  <testcase name="testUpdateType_CompanyIdNotSet" classname="com.topcoder.timetracker.entry.expense.persistence.InformixExpenseTypeDAOUnitTest" time="0.063"></testcase>
  <testcase name="testUpdateType_CompanyIdNotExist" classname="com.topcoder.timetracker.entry.expense.persistence.InformixExpenseTypeDAOUnitTest" time="0.093"></testcase>
  <testcase name="testUpdateType_Accuracy" classname="com.topcoder.timetracker.entry.expense.persistence.InformixExpenseTypeDAOUnitTest" time="0.079"></testcase>
  <testcase name="testUpdateType_IDNotExistAccuracy" classname="com.topcoder.timetracker.entry.expense.persistence.InformixExpenseTypeDAOUnitTest" time="0.062"></testcase>
  <testcase name="testRetrieveType_IDNotExistAccuracy" classname="com.topcoder.timetracker.entry.expense.persistence.InformixExpenseTypeDAOUnitTest" time="0.063"></testcase>
  <testcase name="testRetrieveType_Accuracy" classname="com.topcoder.timetracker.entry.expense.persistence.InformixExpenseTypeDAOUnitTest" time="0.078"></testcase>
  <testcase name="testRetrieveAllTypes_NoRecordAccuracy" classname="com.topcoder.timetracker.entry.expense.persistence.InformixExpenseTypeDAOUnitTest" time="0.062"></testcase>
  <testcase name="testRetrieveAllTypes_Accuracy" classname="com.topcoder.timetracker.entry.expense.persistence.InformixExpenseTypeDAOUnitTest" time="0.172"></testcase>
  <testcase name="testSearchEntries_NullCriteria" classname="com.topcoder.timetracker.entry.expense.persistence.InformixExpenseTypeDAOUnitTest" time="0.031"></testcase>
  <testcase name="testSearchEntries_Accuracy" classname="com.topcoder.timetracker.entry.expense.persistence.InformixExpenseTypeDAOUnitTest" time="0.282"></testcase>
  <testcase name="testSearchEntries_NullCriteria" classname="com.topcoder.timetracker.entry.expense.persistence.InformixExpenseStatusDAOUnitTest" time="0.046"></testcase>
  <testcase name="testSearchEntries_Accuracy" classname="com.topcoder.timetracker.entry.expense.persistence.InformixExpenseStatusDAOUnitTest" time="0.11"></testcase>
  <testcase name="testInformixExpenseStatusDAO_NoArgAccuracy" classname="com.topcoder.timetracker.entry.expense.persistence.InformixExpenseStatusDAOUnitTest" time="0.078"></testcase>
  <testcase name="testInformixExpenseStatusDAO_StringNullNamespace" classname="com.topcoder.timetracker.entry.expense.persistence.InformixExpenseStatusDAOUnitTest" time="0.031"></testcase>
  <testcase name="testInformixExpenseStatusDAO_StringEmptyNamespace" classname="com.topcoder.timetracker.entry.expense.persistence.InformixExpenseStatusDAOUnitTest" time="0.047"></testcase>
  <testcase name="testInformixExpenseStatusDAO_StringNotExistNamespace" classname="com.topcoder.timetracker.entry.expense.persistence.InformixExpenseStatusDAOUnitTest" time="0.047"></testcase>
  <testcase name="testInformixExpenseStatusDAO_StringAccuracy" classname="com.topcoder.timetracker.entry.expense.persistence.InformixExpenseStatusDAOUnitTest" time="0.047"></testcase>
  <testcase name="testAddStatus_NullStatus" classname="com.topcoder.timetracker.entry.expense.persistence.InformixExpenseStatusDAOUnitTest" time="0.062"></testcase>
  <testcase name="testAddStatus_CreationDateNotNull" classname="com.topcoder.timetracker.entry.expense.persistence.InformixExpenseStatusDAOUnitTest" time="0.047"></testcase>
  <testcase name="testAddStatus_ModificationDateNotNull" classname="com.topcoder.timetracker.entry.expense.persistence.InformixExpenseStatusDAOUnitTest" time="0.031"></testcase>
  <testcase name="testAddStatus_CreationUserNull" classname="com.topcoder.timetracker.entry.expense.persistence.InformixExpenseStatusDAOUnitTest" time="0.047"></testcase>
  <testcase name="testAddStatus_ModificationUserNull" classname="com.topcoder.timetracker.entry.expense.persistence.InformixExpenseStatusDAOUnitTest" time="0.047"></testcase>
  <testcase name="testAddStatus_DescriptionNull" classname="com.topcoder.timetracker.entry.expense.persistence.InformixExpenseStatusDAOUnitTest" time="0.078"></testcase>
  <testcase name="testAddStatus_Accuracy" classname="com.topcoder.timetracker.entry.expense.persistence.InformixExpenseStatusDAOUnitTest" time="0.063"></testcase>
  <testcase name="testAddStatus_IDSetAccuracy" classname="com.topcoder.timetracker.entry.expense.persistence.InformixExpenseStatusDAOUnitTest" time="0.062"></testcase>
  <testcase name="testAddStatus_ExistAccuracy" classname="com.topcoder.timetracker.entry.expense.persistence.InformixExpenseStatusDAOUnitTest" time="0.078"></testcase>
  <testcase name="testDeleteStatus_IDNotExistAccuracy" classname="com.topcoder.timetracker.entry.expense.persistence.InformixExpenseStatusDAOUnitTest" time="0.063"></testcase>
  <testcase name="testDeleteStatus_Accuracy" classname="com.topcoder.timetracker.entry.expense.persistence.InformixExpenseStatusDAOUnitTest" time="0.078"></testcase>
  <testcase name="testDeleteAllStatuses_Accuracy" classname="com.topcoder.timetracker.entry.expense.persistence.InformixExpenseStatusDAOUnitTest" time="0.094"></testcase>
  <testcase name="testUpdateStatus_NullStatus" classname="com.topcoder.timetracker.entry.expense.persistence.InformixExpenseStatusDAOUnitTest" time="0.047"></testcase>
  <testcase name="testUpdateStatus_CreationUserNull" classname="com.topcoder.timetracker.entry.expense.persistence.InformixExpenseStatusDAOUnitTest" time="0.031"></testcase>
  <testcase name="testUpdateStatus_ModificationUserNull" classname="com.topcoder.timetracker.entry.expense.persistence.InformixExpenseStatusDAOUnitTest" time="0.047"></testcase>
  <testcase name="testUpdateStatus_DescriptionNull" classname="com.topcoder.timetracker.entry.expense.persistence.InformixExpenseStatusDAOUnitTest" time="0.078"></testcase>
  <testcase name="testUpdateStatus_Accuracy" classname="com.topcoder.timetracker.entry.expense.persistence.InformixExpenseStatusDAOUnitTest" time="0.078"></testcase>
  <testcase name="testUpdateStatus_IDNotExistAccuracy" classname="com.topcoder.timetracker.entry.expense.persistence.InformixExpenseStatusDAOUnitTest" time="0.063"></testcase>
  <testcase name="testRetrieveStatus_IDNotExistAccuracy" classname="com.topcoder.timetracker.entry.expense.persistence.InformixExpenseStatusDAOUnitTest" time="0.062"></testcase>
  <testcase name="testRetrieveStatus_Accuracy" classname="com.topcoder.timetracker.entry.expense.persistence.InformixExpenseStatusDAOUnitTest" time="0.078"></testcase>
  <testcase name="testRetrieveAllStatuses_NoRecordAccuracy" classname="com.topcoder.timetracker.entry.expense.persistence.InformixExpenseStatusDAOUnitTest" time="0.063"></testcase>
  <testcase name="testRetrieveAllStatuses_Accuracy" classname="com.topcoder.timetracker.entry.expense.persistence.InformixExpenseStatusDAOUnitTest" time="0.187"></testcase>
  <testcase name="testSearchEntries_NullCriteria" classname="com.topcoder.timetracker.entry.expense.persistence.InformixExpenseEntryDAOUnitTest" time="0.766"></testcase>
  <testcase name="testSearchEntries_Accuracy" classname="com.topcoder.timetracker.entry.expense.persistence.InformixExpenseEntryDAOUnitTest" time="0.765"></testcase>
  <testcase name="testInformixExpenseEntryDAO_NoArgAccuracy" classname="com.topcoder.timetracker.entry.expense.persistence.InformixExpenseEntryDAOUnitTest" time="0.204"></testcase>
  <testcase name="testInformixExpenseEntryDAO_StringNullNamespace" classname="com.topcoder.timetracker.entry.expense.persistence.InformixExpenseEntryDAOUnitTest" time="0.171"></testcase>
  <testcase name="testInformixExpenseEntryDAO_StringEmptyNamespace" classname="com.topcoder.timetracker.entry.expense.persistence.InformixExpenseEntryDAOUnitTest" time="0.157"></testcase>
  <testcase name="testInformixExpenseEntryDAO_StringNotExistNamespace" classname="com.topcoder.timetracker.entry.expense.persistence.InformixExpenseEntryDAOUnitTest" time="0.156"></testcase>
  <testcase name="testInformixExpenseEntryDAO_StringAccuracy" classname="com.topcoder.timetracker.entry.expense.persistence.InformixExpenseEntryDAOUnitTest" time="0.156"></testcase>
  <testcase name="testAddEntry_NullEntry" classname="com.topcoder.timetracker.entry.expense.persistence.InformixExpenseEntryDAOUnitTest" time="0.156"></testcase>
  <testcase name="testAddEntry_CreationDateNotNull" classname="com.topcoder.timetracker.entry.expense.persistence.InformixExpenseEntryDAOUnitTest" time="0.157"></testcase>
  <testcase name="testAddEntry_ModificationDateNotNull" classname="com.topcoder.timetracker.entry.expense.persistence.InformixExpenseEntryDAOUnitTest" time="0.187"></testcase>
  <testcase name="testAddEntry_CreationUserNull" classname="com.topcoder.timetracker.entry.expense.persistence.InformixExpenseEntryDAOUnitTest" time="0.266"></testcase>
  <testcase name="testAddEntry_ModificationUserNull" classname="com.topcoder.timetracker.entry.expense.persistence.InformixExpenseEntryDAOUnitTest" time="0.156"></testcase>
  <testcase name="testAddEntry_DescriptionNull" classname="com.topcoder.timetracker.entry.expense.persistence.InformixExpenseEntryDAOUnitTest" time="0.234"></testcase>
  <testcase name="testAddEntry_AmountNull" classname="com.topcoder.timetracker.entry.expense.persistence.InformixExpenseEntryDAOUnitTest" time="0.157"></testcase>
  <testcase name="testAddEntry_DateNull" classname="com.topcoder.timetracker.entry.expense.persistence.InformixExpenseEntryDAOUnitTest" time="0.156"></testcase>
  <testcase name="testAddEntry_CompanyIdInvalid" classname="com.topcoder.timetracker.entry.expense.persistence.InformixExpenseEntryDAOUnitTest" time="0.141"></testcase>
  <testcase name="testAddEntry_TypeNull" classname="com.topcoder.timetracker.entry.expense.persistence.InformixExpenseEntryDAOUnitTest" time="0.156"></testcase>
  <testcase name="testAddEntry_TypeInvalid" classname="com.topcoder.timetracker.entry.expense.persistence.InformixExpenseEntryDAOUnitTest" time="0.203"></testcase>
  <testcase name="testAddEntry_TypeCompanyIdInvalid" classname="com.topcoder.timetracker.entry.expense.persistence.InformixExpenseEntryDAOUnitTest" time="0.187"></testcase>
  <testcase name="testAddEntry_TypeCompanyIdNotMatched" classname="com.topcoder.timetracker.entry.expense.persistence.InformixExpenseEntryDAOUnitTest" time="0.157"></testcase>
  <testcase name="testAddEntry_StatusNull" classname="com.topcoder.timetracker.entry.expense.persistence.InformixExpenseEntryDAOUnitTest" time="0.156"></testcase>
  <testcase name="testAddEntry_StatusInvalid" classname="com.topcoder.timetracker.entry.expense.persistence.InformixExpenseEntryDAOUnitTest" time="1.234"></testcase>
  <testcase name="testAddEntry_InvoiceNull" classname="com.topcoder.timetracker.entry.expense.persistence.InformixExpenseEntryDAOUnitTest" time="0.266"></testcase>
  <testcase name="testAddEntry_InvoiceIdInvalid" classname="com.topcoder.timetracker.entry.expense.persistence.InformixExpenseEntryDAOUnitTest" time="0.172"></testcase>
  <testcase name="testAddEntry_InvoiceCompanyIdInvalid" classname="com.topcoder.timetracker.entry.expense.persistence.InformixExpenseEntryDAOUnitTest" time="0.172"></testcase>
  <testcase name="testAddEntry_RejectReasonsNull" classname="com.topcoder.timetracker.entry.expense.persistence.InformixExpenseEntryDAOUnitTest" time="0.343"></testcase>
  <testcase name="testAddEntry_RejectReasonIdInvalid" classname="com.topcoder.timetracker.entry.expense.persistence.InformixExpenseEntryDAOUnitTest" time="0.157"></testcase>
  <testcase name="testAddEntry_RejectReasonCompanyIdInvalid" classname="com.topcoder.timetracker.entry.expense.persistence.InformixExpenseEntryDAOUnitTest" time="0.14"></testcase>
  <testcase name="testAddEntry_RejectReasonCompanyIdNotMatched" classname="com.topcoder.timetracker.entry.expense.persistence.InformixExpenseEntryDAOUnitTest" time="0.172"></testcase>
  <testcase name="testAddEntry_ExistAccuracy" classname="com.topcoder.timetracker.entry.expense.persistence.InformixExpenseEntryDAOUnitTest" time="0.188"></testcase>
  <testcase name="testAddEntry_AuditAccuracy" classname="com.topcoder.timetracker.entry.expense.persistence.InformixExpenseEntryDAOUnitTest" time="0.203"></testcase>
  <testcase name="testAddEntry_Accuracy" classname="com.topcoder.timetracker.entry.expense.persistence.InformixExpenseEntryDAOUnitTest" time="0.187"></testcase>
  <testcase name="testAddEntry_IDSetAccuracy" classname="com.topcoder.timetracker.entry.expense.persistence.InformixExpenseEntryDAOUnitTest" time="0.203"></testcase>
  <testcase name="testUpdateEntry_NullEntry" classname="com.topcoder.timetracker.entry.expense.persistence.InformixExpenseEntryDAOUnitTest" time="0.156"></testcase>
  <testcase name="testUpdateEntry_CreationUserNull" classname="com.topcoder.timetracker.entry.expense.persistence.InformixExpenseEntryDAOUnitTest" time="0.141"></testcase>
  <testcase name="testUpdateEntry_ModificationUserNull" classname="com.topcoder.timetracker.entry.expense.persistence.InformixExpenseEntryDAOUnitTest" time="0.172"></testcase>
  <testcase name="testUpdateEntry_DescriptionNull" classname="com.topcoder.timetracker.entry.expense.persistence.InformixExpenseEntryDAOUnitTest" time="0.297"></testcase>
  <testcase name="testUpdateEntry_AmountNull" classname="com.topcoder.timetracker.entry.expense.persistence.InformixExpenseEntryDAOUnitTest" time="0.14"></testcase>
  <testcase name="testUpdateEntry_DateNull" classname="com.topcoder.timetracker.entry.expense.persistence.InformixExpenseEntryDAOUnitTest" time="0.157"></testcase>
  <testcase name="testUpdateEntry_TypeNull" classname="com.topcoder.timetracker.entry.expense.persistence.InformixExpenseEntryDAOUnitTest" time="0.14"></testcase>
  <testcase name="testUpdateEntry_TypeInvalid" classname="com.topcoder.timetracker.entry.expense.persistence.InformixExpenseEntryDAOUnitTest" time="0.141"></testcase>
  <testcase name="testUpdateEntry_StatusNull" classname="com.topcoder.timetracker.entry.expense.persistence.InformixExpenseEntryDAOUnitTest" time="0.187"></testcase>
  <testcase name="testUpdateEntry_StatusInvalid" classname="com.topcoder.timetracker.entry.expense.persistence.InformixExpenseEntryDAOUnitTest" time="0.141"></testcase>
  <testcase name="testUpdateEntryIDNotExistAccuracy" classname="com.topcoder.timetracker.entry.expense.persistence.InformixExpenseEntryDAOUnitTest" time="0.156"></testcase>
  <testcase name="testUpdateEntry_InvoiceNull" classname="com.topcoder.timetracker.entry.expense.persistence.InformixExpenseEntryDAOUnitTest" time="0.36"></testcase>
  <testcase name="testUpdateEntry_AuditAccuracy" classname="com.topcoder.timetracker.entry.expense.persistence.InformixExpenseEntryDAOUnitTest" time="1.343"></testcase>
  <testcase name="testUpdateEntry_Accuracy" classname="com.topcoder.timetracker.entry.expense.persistence.InformixExpenseEntryDAOUnitTest" time="0.282"></testcase>
  <testcase name="testDeleteEntry_IDNotExistAccuracy" classname="com.topcoder.timetracker.entry.expense.persistence.InformixExpenseEntryDAOUnitTest" time="0.171"></testcase>
  <testcase name="testDeleteEntry_AuditAccuracy" classname="com.topcoder.timetracker.entry.expense.persistence.InformixExpenseEntryDAOUnitTest" time="0.235"></testcase>
  <testcase name="testDeleteEntry_Accuracy" classname="com.topcoder.timetracker.entry.expense.persistence.InformixExpenseEntryDAOUnitTest" time="0.25"></testcase>
  <testcase name="testDeleteAllEntryes_AuditAccuracy" classname="com.topcoder.timetracker.entry.expense.persistence.InformixExpenseEntryDAOUnitTest" time="0.469"></testcase>
  <testcase name="testDeleteAllEntryes_Accuracy" classname="com.topcoder.timetracker.entry.expense.persistence.InformixExpenseEntryDAOUnitTest" time="0.296"></testcase>
  <testcase name="testRetrieveEntry_IDNotExistAccuracy" classname="com.topcoder.timetracker.entry.expense.persistence.InformixExpenseEntryDAOUnitTest" time="0.172"></testcase>
  <testcase name="testRetrieveEntry_Accuracy" classname="com.topcoder.timetracker.entry.expense.persistence.InformixExpenseEntryDAOUnitTest" time="0.235"></testcase>
  <testcase name="testRetrieveAllEntryes_NoRecordAccuracy" classname="com.topcoder.timetracker.entry.expense.persistence.InformixExpenseEntryDAOUnitTest" time="0.172"></testcase>
  <testcase name="testRetrieveAllEntryes_Accuracy" classname="com.topcoder.timetracker.entry.expense.persistence.InformixExpenseEntryDAOUnitTest" time="0.656"></testcase>
  <testcase name="testAddEntries_NullEntries" classname="com.topcoder.timetracker.entry.expense.persistence.InformixExpenseEntryDAOUnitTest" time="0.141"></testcase>
  <testcase name="testAddEntries_EmptyEntries" classname="com.topcoder.timetracker.entry.expense.persistence.InformixExpenseEntryDAOUnitTest" time="0.141"></testcase>
  <testcase name="testAddEntries_EntriesContainsNullElement" classname="com.topcoder.timetracker.entry.expense.persistence.InformixExpenseEntryDAOUnitTest" time="0.156"></testcase>
  <testcase name="testAddEntries_AtomicModeAuditAccuracy" classname="com.topcoder.timetracker.entry.expense.persistence.InformixExpenseEntryDAOUnitTest" time="0.469"></testcase>
  <testcase name="testAddEntries_AtomicModeAccuracy1" classname="com.topcoder.timetracker.entry.expense.persistence.InformixExpenseEntryDAOUnitTest" time="0.625"></testcase>
  <testcase name="testAddEntries_AtomicModeAccuracy2" classname="com.topcoder.timetracker.entry.expense.persistence.InformixExpenseEntryDAOUnitTest" time="0.39"></testcase>
  <testcase name="testAddEntries_AtomicModeAccuracy3" classname="com.topcoder.timetracker.entry.expense.persistence.InformixExpenseEntryDAOUnitTest" time="0.438"></testcase>
  <testcase name="testDeleteEntries_NullEntries" classname="com.topcoder.timetracker.entry.expense.persistence.InformixExpenseEntryDAOUnitTest" time="0.14"></testcase>
  <testcase name="testDeleteEntries_EmptyEntries" classname="com.topcoder.timetracker.entry.expense.persistence.InformixExpenseEntryDAOUnitTest" time="0.141"></testcase>
  <testcase name="testDeleteEntries_AtomicModeAuditAccuracy" classname="com.topcoder.timetracker.entry.expense.persistence.InformixExpenseEntryDAOUnitTest" time="0.828"></testcase>
  <testcase name="testDeleteEntries_AtomicModeAccuracy1" classname="com.topcoder.timetracker.entry.expense.persistence.InformixExpenseEntryDAOUnitTest" time="0.735"></testcase>
  <testcase name="testDeleteEntries_AtomicModeAccuracy2" classname="com.topcoder.timetracker.entry.expense.persistence.InformixExpenseEntryDAOUnitTest" time="0.515"></testcase>
  <testcase name="testUpdateEntries_NullEntries" classname="com.topcoder.timetracker.entry.expense.persistence.InformixExpenseEntryDAOUnitTest" time="0.203"></testcase>
  <testcase name="testUpdateEntries_EmptyEntries" classname="com.topcoder.timetracker.entry.expense.persistence.InformixExpenseEntryDAOUnitTest" time="0.141"></testcase>
  <testcase name="testUpdateEntries_EntriesContainsNullElement" classname="com.topcoder.timetracker.entry.expense.persistence.InformixExpenseEntryDAOUnitTest" time="0.156"></testcase>
  <testcase name="testUpdateEntries_AtomicModeAuditAccuracy" classname="com.topcoder.timetracker.entry.expense.persistence.InformixExpenseEntryDAOUnitTest" time="1.719"></testcase>
  <testcase name="testUpdateEntries_AtomicModeAccuracy1" classname="com.topcoder.timetracker.entry.expense.persistence.InformixExpenseEntryDAOUnitTest" time="1.0"></testcase>
  <testcase name="testUpdateEntries_AtomicModeAccuracy2" classname="com.topcoder.timetracker.entry.expense.persistence.InformixExpenseEntryDAOUnitTest" time="0.703"></testcase>
  <testcase name="testUpdateEntries_AtomicModeAccuracy3" classname="com.topcoder.timetracker.entry.expense.persistence.InformixExpenseEntryDAOUnitTest" time="0.531"></testcase>
  <testcase name="testRetrieveEntries_NullEntries" classname="com.topcoder.timetracker.entry.expense.persistence.InformixExpenseEntryDAOUnitTest" time="0.157"></testcase>
  <testcase name="testRetrieveEntries_EmptyEntries" classname="com.topcoder.timetracker.entry.expense.persistence.InformixExpenseEntryDAOUnitTest" time="0.14"></testcase>
  <testcase name="testRetrieveEntries_AtomicModeAccuracy1" classname="com.topcoder.timetracker.entry.expense.persistence.InformixExpenseEntryDAOUnitTest" time="0.719"></testcase>
  <testcase name="testRetrieveEntries_AtomicModeAccuracy2" classname="com.topcoder.timetracker.entry.expense.persistence.InformixExpenseEntryDAOUnitTest" time="0.469"></testcase>
  <testcase name="testAddEntries_NonAtomicModeAuditAccuracy" classname="com.topcoder.timetracker.entry.expense.persistence.InformixExpenseEntryDAOUnitTest" time="0.14"></testcase>
  <testcase name="testDeleteEntries_NonAtomicModeAuditAccuracy" classname="com.topcoder.timetracker.entry.expense.persistence.InformixExpenseEntryDAOUnitTest" time="0.157"></testcase>
  <testcase name="testUpdateEntries_NonAtomicModeAuditAccuracy" classname="com.topcoder.timetracker.entry.expense.persistence.InformixExpenseEntryDAOUnitTest" time="0.14"></testcase>
  <testcase name="testRetrieveEntries_NonAtomicModeAuditAccuracy" classname="com.topcoder.timetracker.entry.expense.persistence.InformixExpenseEntryDAOUnitTest" time="0.141"></testcase>
  <testcase name="testAddType_NullType" classname="com.topcoder.timetracker.entry.expense.ejb.ExpenseTypeBeanUnitTest" time="0.047"></testcase>
  <testcase name="testAddType_CreationDateNotNull" classname="com.topcoder.timetracker.entry.expense.ejb.ExpenseTypeBeanUnitTest" time="0.047"></testcase>
  <testcase name="testAddType_ModificationDateNotNull" classname="com.topcoder.timetracker.entry.expense.ejb.ExpenseTypeBeanUnitTest" time="0.046"></testcase>
  <testcase name="testAddType_CreationUserNull" classname="com.topcoder.timetracker.entry.expense.ejb.ExpenseTypeBeanUnitTest" time="0.032"></testcase>
  <testcase name="testAddType_ModificationUserNull" classname="com.topcoder.timetracker.entry.expense.ejb.ExpenseTypeBeanUnitTest" time="0.047"></testcase>
  <testcase name="testAddType_DescriptionNull" classname="com.topcoder.timetracker.entry.expense.ejb.ExpenseTypeBeanUnitTest" time="0.078"></testcase>
  <testcase name="testAddType_CompanyIdNotSet" classname="com.topcoder.timetracker.entry.expense.ejb.ExpenseTypeBeanUnitTest" time="0.047"></testcase>
  <testcase name="testAddType_CompanyIdNotExist" classname="com.topcoder.timetracker.entry.expense.ejb.ExpenseTypeBeanUnitTest" time="0.062"></testcase>
  <testcase name="testAddType_Accuracy" classname="com.topcoder.timetracker.entry.expense.ejb.ExpenseTypeBeanUnitTest" time="0.063"></testcase>
  <testcase name="testAddType_IDSetAccuracy" classname="com.topcoder.timetracker.entry.expense.ejb.ExpenseTypeBeanUnitTest" time="0.062"></testcase>
  <testcase name="testAddType_ExistAccuracy" classname="com.topcoder.timetracker.entry.expense.ejb.ExpenseTypeBeanUnitTest" time="0.078"></testcase>
  <testcase name="testDeleteType_IDNotExistAccuracy" classname="com.topcoder.timetracker.entry.expense.ejb.ExpenseTypeBeanUnitTest" time="0.062"></testcase>
  <testcase name="testDeleteType_Accuracy" classname="com.topcoder.timetracker.entry.expense.ejb.ExpenseTypeBeanUnitTest" time="0.078"></testcase>
  <testcase name="testDeleteAllTypes_Accuracy" classname="com.topcoder.timetracker.entry.expense.ejb.ExpenseTypeBeanUnitTest" time="0.11"></testcase>
  <testcase name="testUpdateType_NullType" classname="com.topcoder.timetracker.entry.expense.ejb.ExpenseTypeBeanUnitTest" time="0.047"></testcase>
  <testcase name="testUpdateType_CreationUserNull" classname="com.topcoder.timetracker.entry.expense.ejb.ExpenseTypeBeanUnitTest" time="0.047"></testcase>
  <testcase name="testUpdateType_ModificationUserNull" classname="com.topcoder.timetracker.entry.expense.ejb.ExpenseTypeBeanUnitTest" time="0.046"></testcase>
  <testcase name="testUpdateType_DescriptionNull" classname="com.topcoder.timetracker.entry.expense.ejb.ExpenseTypeBeanUnitTest" time="0.079"></testcase>
  <testcase name="testUpdateType_CompanyIdNotSet" classname="com.topcoder.timetracker.entry.expense.ejb.ExpenseTypeBeanUnitTest" time="0.046"></testcase>
  <testcase name="testUpdateType_CompanyIdNotExist" classname="com.topcoder.timetracker.entry.expense.ejb.ExpenseTypeBeanUnitTest" time="0.079"></testcase>
  <testcase name="testUpdateType_Accuracy" classname="com.topcoder.timetracker.entry.expense.ejb.ExpenseTypeBeanUnitTest" time="0.078"></testcase>
  <testcase name="testUpdateType_IDNotExistAccuracy" classname="com.topcoder.timetracker.entry.expense.ejb.ExpenseTypeBeanUnitTest" time="0.109"></testcase>
  <testcase name="testRetrieveType_IDNotExistAccuracy" classname="com.topcoder.timetracker.entry.expense.ejb.ExpenseTypeBeanUnitTest" time="0.063"></testcase>
  <testcase name="testRetrieveType_Accuracy" classname="com.topcoder.timetracker.entry.expense.ejb.ExpenseTypeBeanUnitTest" time="0.078"></testcase>
  <testcase name="testRetrieveAllTypes_NoRecordAccuracy" classname="com.topcoder.timetracker.entry.expense.ejb.ExpenseTypeBeanUnitTest" time="0.062"></testcase>
  <testcase name="testRetrieveAllTypes_Accuracy" classname="com.topcoder.timetracker.entry.expense.ejb.ExpenseTypeBeanUnitTest" time="0.172"></testcase>
  <testcase name="testSearchEntries_NullCriteria" classname="com.topcoder.timetracker.entry.expense.ejb.ExpenseTypeBeanUnitTest" time="0.047"></testcase>
  <testcase name="testSearchEntries_Accuracy" classname="com.topcoder.timetracker.entry.expense.ejb.ExpenseTypeBeanUnitTest" time="0.156"></testcase>
  <testcase name="testExpenseTypeBean_Accuracy" classname="com.topcoder.timetracker.entry.expense.ejb.ExpenseTypeBeanUnitTest" time="0.047"></testcase>
  <testcase name="testEjbCreate_MissingJndiContextNamespace" classname="com.topcoder.timetracker.entry.expense.ejb.ExpenseTypeBeanUnitTest" time="0.047"></testcase>
  <testcase name="testEjbCreate_Accuracy" classname="com.topcoder.timetracker.entry.expense.ejb.ExpenseTypeBeanUnitTest" time="0.047"></testcase>
  <testcase name="testEjbRemove_Accuracy" classname="com.topcoder.timetracker.entry.expense.ejb.ExpenseTypeBeanUnitTest" time="0.047"></testcase>
  <testcase name="testEjbActivate_Accuracy" classname="com.topcoder.timetracker.entry.expense.ejb.ExpenseTypeBeanUnitTest" time="0.047"></testcase>
  <testcase name="testEjbPassivate_Accuracy" classname="com.topcoder.timetracker.entry.expense.ejb.ExpenseTypeBeanUnitTest" time="0.046"></testcase>
  <testcase name="testSetSessionContext_Accuracy" classname="com.topcoder.timetracker.entry.expense.ejb.ExpenseTypeBeanUnitTest" time="0.032"></testcase>
  <testcase name="testSearchEntries_NullCriteria" classname="com.topcoder.timetracker.entry.expense.ejb.ExpenseStatusBeanUnitTest" time="0.047"></testcase>
  <testcase name="testSearchEntries_Accuracy" classname="com.topcoder.timetracker.entry.expense.ejb.ExpenseStatusBeanUnitTest" time="0.109"></testcase>
  <testcase name="testAddStatus_NullStatus" classname="com.topcoder.timetracker.entry.expense.ejb.ExpenseStatusBeanUnitTest" time="0.031"></testcase>
  <testcase name="testAddStatus_CreationDateNotNull" classname="com.topcoder.timetracker.entry.expense.ejb.ExpenseStatusBeanUnitTest" time="0.047"></testcase>
  <testcase name="testAddStatus_ModificationDateNotNull" classname="com.topcoder.timetracker.entry.expense.ejb.ExpenseStatusBeanUnitTest" time="0.047"></testcase>
  <testcase name="testAddStatus_CreationUserNull" classname="com.topcoder.timetracker.entry.expense.ejb.ExpenseStatusBeanUnitTest" time="0.062"></testcase>
  <testcase name="testAddStatus_ModificationUserNull" classname="com.topcoder.timetracker.entry.expense.ejb.ExpenseStatusBeanUnitTest" time="0.063"></testcase>
  <testcase name="testAddStatus_DescriptionNull" classname="com.topcoder.timetracker.entry.expense.ejb.ExpenseStatusBeanUnitTest" time="0.094"></testcase>
  <testcase name="testAddStatus_Accuracy" classname="com.topcoder.timetracker.entry.expense.ejb.ExpenseStatusBeanUnitTest" time="0.062"></testcase>
  <testcase name="testAddStatus_IDSetAccuracy" classname="com.topcoder.timetracker.entry.expense.ejb.ExpenseStatusBeanUnitTest" time="0.063"></testcase>
  <testcase name="testAddStatus_ExistAccuracy" classname="com.topcoder.timetracker.entry.expense.ejb.ExpenseStatusBeanUnitTest" time="0.078"></testcase>
  <testcase name="testDeleteStatus_IDNotExistAccuracy" classname="com.topcoder.timetracker.entry.expense.ejb.ExpenseStatusBeanUnitTest" time="0.062"></testcase>
  <testcase name="testDeleteStatus_Accuracy" classname="com.topcoder.timetracker.entry.expense.ejb.ExpenseStatusBeanUnitTest" time="0.078"></testcase>
  <testcase name="testDeleteAllStatuses_Accuracy" classname="com.topcoder.timetracker.entry.expense.ejb.ExpenseStatusBeanUnitTest" time="0.094"></testcase>
  <testcase name="testUpdateStatus_NullStatus" classname="com.topcoder.timetracker.entry.expense.ejb.ExpenseStatusBeanUnitTest" time="0.047"></testcase>
  <testcase name="testUpdateStatus_CreationUserNull" classname="com.topcoder.timetracker.entry.expense.ejb.ExpenseStatusBeanUnitTest" time="0.047"></testcase>
  <testcase name="testUpdateStatus_ModificationUserNull" classname="com.topcoder.timetracker.entry.expense.ejb.ExpenseStatusBeanUnitTest" time="0.047"></testcase>
  <testcase name="testUpdateStatus_DescriptionNull" classname="com.topcoder.timetracker.entry.expense.ejb.ExpenseStatusBeanUnitTest" time="0.078"></testcase>
  <testcase name="testUpdateStatus_Accuracy" classname="com.topcoder.timetracker.entry.expense.ejb.ExpenseStatusBeanUnitTest" time="0.078"></testcase>
  <testcase name="testUpdateStatus_IDNotExistAccuracy" classname="com.topcoder.timetracker.entry.expense.ejb.ExpenseStatusBeanUnitTest" time="0.063"></testcase>
  <testcase name="testRetrieveStatus_IDNotExistAccuracy" classname="com.topcoder.timetracker.entry.expense.ejb.ExpenseStatusBeanUnitTest" time="0.062"></testcase>
  <testcase name="testRetrieveStatus_Accuracy" classname="com.topcoder.timetracker.entry.expense.ejb.ExpenseStatusBeanUnitTest" time="0.078"></testcase>
  <testcase name="testRetrieveAllStatuses_NoRecordAccuracy" classname="com.topcoder.timetracker.entry.expense.ejb.ExpenseStatusBeanUnitTest" time="0.078"></testcase>
  <testcase name="testRetrieveAllStatuses_Accuracy" classname="com.topcoder.timetracker.entry.expense.ejb.ExpenseStatusBeanUnitTest" time="0.25"></testcase>
  <testcase name="testEjbCreate_MissingJndiContextNamespace" classname="com.topcoder.timetracker.entry.expense.ejb.ExpenseStatusBeanUnitTest" time="0.047"></testcase>
  <testcase name="testEjbCreate_Accuracy" classname="com.topcoder.timetracker.entry.expense.ejb.ExpenseStatusBeanUnitTest" time="0.031"></testcase>
  <testcase name="testEjbRemove_Accuracy" classname="com.topcoder.timetracker.entry.expense.ejb.ExpenseStatusBeanUnitTest" time="0.047"></testcase>
  <testcase name="testEjbActivate_Accuracy" classname="com.topcoder.timetracker.entry.expense.ejb.ExpenseStatusBeanUnitTest" time="0.047"></testcase>
  <testcase name="testEjbPassivate_Accuracy" classname="com.topcoder.timetracker.entry.expense.ejb.ExpenseStatusBeanUnitTest" time="0.047"></testcase>
  <testcase name="testSetSessionContext_Accuracy" classname="com.topcoder.timetracker.entry.expense.ejb.ExpenseStatusBeanUnitTest" time="0.047"></testcase>
  <testcase name="testExpenseStatusBean_Accuracy" classname="com.topcoder.timetracker.entry.expense.ejb.ExpenseStatusBeanUnitTest" time="0.031"></testcase>
  <testcase name="testAddType_CreationUserNull" classname="com.topcoder.timetracker.entry.expense.ejb.ExpenseTypeManagerLocalDelegateUnitTest" time="0.063"></testcase>
  <testcase name="testAddType_ModificationUserNull" classname="com.topcoder.timetracker.entry.expense.ejb.ExpenseTypeManagerLocalDelegateUnitTest" time="0.047"></testcase>
  <testcase name="testAddType_DescriptionNull" classname="com.topcoder.timetracker.entry.expense.ejb.ExpenseTypeManagerLocalDelegateUnitTest" time="0.109"></testcase>
  <testcase name="testAddType_CompanyIdNotSet" classname="com.topcoder.timetracker.entry.expense.ejb.ExpenseTypeManagerLocalDelegateUnitTest" time="0.047"></testcase>
  <testcase name="testAddType_CompanyIdNotExist" classname="com.topcoder.timetracker.entry.expense.ejb.ExpenseTypeManagerLocalDelegateUnitTest" time="0.078"></testcase>
  <testcase name="testAddType_Accuracy" classname="com.topcoder.timetracker.entry.expense.ejb.ExpenseTypeManagerLocalDelegateUnitTest" time="0.062"></testcase>
  <testcase name="testAddType_IDSetAccuracy" classname="com.topcoder.timetracker.entry.expense.ejb.ExpenseTypeManagerLocalDelegateUnitTest" time="0.079"></testcase>
  <testcase name="testAddType_ExistAccuracy" classname="com.topcoder.timetracker.entry.expense.ejb.ExpenseTypeManagerLocalDelegateUnitTest" time="0.093"></testcase>
  <testcase name="testDeleteType_IDNotExistAccuracy" classname="com.topcoder.timetracker.entry.expense.ejb.ExpenseTypeManagerLocalDelegateUnitTest" time="0.063"></testcase>
  <testcase name="testDeleteType_Accuracy" classname="com.topcoder.timetracker.entry.expense.ejb.ExpenseTypeManagerLocalDelegateUnitTest" time="0.094"></testcase>
  <testcase name="testDeleteAllTypes_Accuracy" classname="com.topcoder.timetracker.entry.expense.ejb.ExpenseTypeManagerLocalDelegateUnitTest" time="0.109"></testcase>
  <testcase name="testUpdateType_DescriptionNull" classname="com.topcoder.timetracker.entry.expense.ejb.ExpenseTypeManagerLocalDelegateUnitTest" time="0.094"></testcase>
  <testcase name="testUpdateType_CompanyIdNotExist" classname="com.topcoder.timetracker.entry.expense.ejb.ExpenseTypeManagerLocalDelegateUnitTest" time="0.093"></testcase>
  <testcase name="testUpdateType_Accuracy" classname="com.topcoder.timetracker.entry.expense.ejb.ExpenseTypeManagerLocalDelegateUnitTest" time="0.094"></testcase>
  <testcase name="testUpdateType_IDNotExistAccuracy" classname="com.topcoder.timetracker.entry.expense.ejb.ExpenseTypeManagerLocalDelegateUnitTest" time="0.063"></testcase>
  <testcase name="testRetrieveType_IDNotExistAccuracy" classname="com.topcoder.timetracker.entry.expense.ejb.ExpenseTypeManagerLocalDelegateUnitTest" time="0.062"></testcase>
  <testcase name="testRetrieveType_Accuracy" classname="com.topcoder.timetracker.entry.expense.ejb.ExpenseTypeManagerLocalDelegateUnitTest" time="0.094"></testcase>
  <testcase name="testRetrieveAllTypes_NoRecordAccuracy" classname="com.topcoder.timetracker.entry.expense.ejb.ExpenseTypeManagerLocalDelegateUnitTest" time="0.078"></testcase>
  <testcase name="testRetrieveAllTypes_Accuracy" classname="com.topcoder.timetracker.entry.expense.ejb.ExpenseTypeManagerLocalDelegateUnitTest" time="0.219"></testcase>
  <testcase name="testSearchEntries_Accuracy" classname="com.topcoder.timetracker.entry.expense.ejb.ExpenseTypeManagerLocalDelegateUnitTest" time="0.187"></testcase>
  <testcase name="testExpenseTypeManagerLocalDelegate_NoArgAccuracy" classname="com.topcoder.timetracker.entry.expense.ejb.ExpenseTypeManagerLocalDelegateUnitTest" time="0.047"></testcase>
  <testcase name="testExpenseTypeManagerLocalDelegate_NullNamespace" classname="com.topcoder.timetracker.entry.expense.ejb.ExpenseTypeManagerLocalDelegateUnitTest" time="0.063"></testcase>
  <testcase name="testExpenseTypeManagerLocalDelegate_EmptyNamespace" classname="com.topcoder.timetracker.entry.expense.ejb.ExpenseTypeManagerLocalDelegateUnitTest" time="0.047"></testcase>
  <testcase name="testExpenseTypeManagerLocalDelegate_NotExistNamespace" classname="com.topcoder.timetracker.entry.expense.ejb.ExpenseTypeManagerLocalDelegateUnitTest" time="0.046"></testcase>
  <testcase name="testExpenseTypeManagerLocalDelegate_InvalidJndiContext" classname="com.topcoder.timetracker.entry.expense.ejb.ExpenseTypeManagerLocalDelegateUnitTest" time="0.063"></testcase>
  <testcase name="testExpenseTypeManagerLocalDelegate_MissingJndiReference" classname="com.topcoder.timetracker.entry.expense.ejb.ExpenseTypeManagerLocalDelegateUnitTest" time="0.047"></testcase>
  <testcase name="testExpenseTypeManagerLocalDelegate_EmptyJndiReference" classname="com.topcoder.timetracker.entry.expense.ejb.ExpenseTypeManagerLocalDelegateUnitTest" time="0.047"></testcase>
  <testcase name="testExpenseTypeManagerLocalDelegate_InvalidJndiReference" classname="com.topcoder.timetracker.entry.expense.ejb.ExpenseTypeManagerLocalDelegateUnitTest" time="6.062"></testcase>
  <testcase name="testExpenseTypeManagerLocalDelegate_Accuracy" classname="com.topcoder.timetracker.entry.expense.ejb.ExpenseTypeManagerLocalDelegateUnitTest" time="0.047"></testcase>
  <testcase name="testSearchEntries_Accuracy" classname="com.topcoder.timetracker.entry.expense.ejb.ExpenseStatusManagerLocalDelegateUnitTest" time="0.109"></testcase>
  <testcase name="testAddStatus_CreationUserNull" classname="com.topcoder.timetracker.entry.expense.ejb.ExpenseStatusManagerLocalDelegateUnitTest" time="0.063"></testcase>
  <testcase name="testAddStatus_ModificationUserNull" classname="com.topcoder.timetracker.entry.expense.ejb.ExpenseStatusManagerLocalDelegateUnitTest" time="0.047"></testcase>
  <testcase name="testAddStatus_DescriptionNull" classname="com.topcoder.timetracker.entry.expense.ejb.ExpenseStatusManagerLocalDelegateUnitTest" time="0.094"></testcase>
  <testcase name="testAddStatus_Accuracy" classname="com.topcoder.timetracker.entry.expense.ejb.ExpenseStatusManagerLocalDelegateUnitTest" time="0.078"></testcase>
  <testcase name="testAddStatus_IDSetAccuracy" classname="com.topcoder.timetracker.entry.expense.ejb.ExpenseStatusManagerLocalDelegateUnitTest" time="0.062"></testcase>
  <testcase name="testAddStatus_ExistAccuracy" classname="com.topcoder.timetracker.entry.expense.ejb.ExpenseStatusManagerLocalDelegateUnitTest" time="0.094"></testcase>
  <testcase name="testDeleteStatus_IDNotExistAccuracy" classname="com.topcoder.timetracker.entry.expense.ejb.ExpenseStatusManagerLocalDelegateUnitTest" time="0.062"></testcase>
  <testcase name="testDeleteStatus_Accuracy" classname="com.topcoder.timetracker.entry.expense.ejb.ExpenseStatusManagerLocalDelegateUnitTest" time="0.094"></testcase>
  <testcase name="testDeleteAllStatuses_Accuracy" classname="com.topcoder.timetracker.entry.expense.ejb.ExpenseStatusManagerLocalDelegateUnitTest" time="0.094"></testcase>
  <testcase name="testUpdateStatus_CreationUserNull" classname="com.topcoder.timetracker.entry.expense.ejb.ExpenseStatusManagerLocalDelegateUnitTest" time="0.062"></testcase>
  <testcase name="testUpdateStatus_ModificationUserNull" classname="com.topcoder.timetracker.entry.expense.ejb.ExpenseStatusManagerLocalDelegateUnitTest" time="0.047"></testcase>
  <testcase name="testUpdateStatus_DescriptionNull" classname="com.topcoder.timetracker.entry.expense.ejb.ExpenseStatusManagerLocalDelegateUnitTest" time="0.078"></testcase>
  <testcase name="testUpdateStatus_Accuracy" classname="com.topcoder.timetracker.entry.expense.ejb.ExpenseStatusManagerLocalDelegateUnitTest" time="0.094"></testcase>
  <testcase name="testUpdateStatus_IDNotExistAccuracy" classname="com.topcoder.timetracker.entry.expense.ejb.ExpenseStatusManagerLocalDelegateUnitTest" time="0.078"></testcase>
  <testcase name="testRetrieveStatus_IDNotExistAccuracy" classname="com.topcoder.timetracker.entry.expense.ejb.ExpenseStatusManagerLocalDelegateUnitTest" time="0.063"></testcase>
  <testcase name="testRetrieveStatus_Accuracy" classname="com.topcoder.timetracker.entry.expense.ejb.ExpenseStatusManagerLocalDelegateUnitTest" time="0.14"></testcase>
  <testcase name="testRetrieveAllStatuses_NoRecordAccuracy" classname="com.topcoder.timetracker.entry.expense.ejb.ExpenseStatusManagerLocalDelegateUnitTest" time="0.063"></testcase>
  <testcase name="testRetrieveAllStatuses_Accuracy" classname="com.topcoder.timetracker.entry.expense.ejb.ExpenseStatusManagerLocalDelegateUnitTest" time="0.172"></testcase>
  <testcase name="testExpenseStatusManagerLocalDelegate_NoArgAccuracy" classname="com.topcoder.timetracker.entry.expense.ejb.ExpenseStatusManagerLocalDelegateUnitTest" time="0.047"></testcase>
  <testcase name="testExpenseStatusManagerLocalDelegate_NullNamespace" classname="com.topcoder.timetracker.entry.expense.ejb.ExpenseStatusManagerLocalDelegateUnitTest" time="0.062"></testcase>
  <testcase name="testExpenseStatusManagerLocalDelegate_EmptyNamespace" classname="com.topcoder.timetracker.entry.expense.ejb.ExpenseStatusManagerLocalDelegateUnitTest" time="0.047"></testcase>
  <testcase name="testExpenseStatusManagerLocalDelegate_NotExistNamespace" classname="com.topcoder.timetracker.entry.expense.ejb.ExpenseStatusManagerLocalDelegateUnitTest" time="0.047"></testcase>
  <testcase name="testExpenseStatusManagerLocalDelegate_InvalidJndiContext" classname="com.topcoder.timetracker.entry.expense.ejb.ExpenseStatusManagerLocalDelegateUnitTest" time="0.047"></testcase>
  <testcase name="testExpenseStatusManagerLocalDelegate_MissingJndiReference" classname="com.topcoder.timetracker.entry.expense.ejb.ExpenseStatusManagerLocalDelegateUnitTest" time="0.062"></testcase>
  <testcase name="testExpenseStatusManagerLocalDelegate_EmptyJndiReference" classname="com.topcoder.timetracker.entry.expense.ejb.ExpenseStatusManagerLocalDelegateUnitTest" time="0.047"></testcase>
  <testcase name="testExpenseStatusManagerLocalDelegate_InvalidJndiReference" classname="com.topcoder.timetracker.entry.expense.ejb.ExpenseStatusManagerLocalDelegateUnitTest" time="6.047"></testcase>
  <testcase name="testExpenseStatusManagerLocalDelegate_Accuracy" classname="com.topcoder.timetracker.entry.expense.ejb.ExpenseStatusManagerLocalDelegateUnitTest" time="0.047"></testcase>
  <testcase name="testSearchEntries_NullCriteria" classname="com.topcoder.timetracker.entry.expense.ejb.BasicExpenseEntryBeanUnitTest" time="0.172"></testcase>
  <testcase name="testSearchEntries_Accuracy" classname="com.topcoder.timetracker.entry.expense.ejb.BasicExpenseEntryBeanUnitTest" time="0.687"></testcase>
  <testcase name="testAddEntry_NullEntry" classname="com.topcoder.timetracker.entry.expense.ejb.BasicExpenseEntryBeanUnitTest" time="0.141"></testcase>
  <testcase name="testAddEntry_CreationDateNotNull" classname="com.topcoder.timetracker.entry.expense.ejb.BasicExpenseEntryBeanUnitTest" time="0.156"></testcase>
  <testcase name="testAddEntry_ModificationDateNotNull" classname="com.topcoder.timetracker.entry.expense.ejb.BasicExpenseEntryBeanUnitTest" time="0.141"></testcase>
  <testcase name="testAddEntry_CreationUserNull" classname="com.topcoder.timetracker.entry.expense.ejb.BasicExpenseEntryBeanUnitTest" time="0.156"></testcase>
  <testcase name="testAddEntry_ModificationUserNull" classname="com.topcoder.timetracker.entry.expense.ejb.BasicExpenseEntryBeanUnitTest" time="0.141"></testcase>
  <testcase name="testAddEntry_DescriptionNull" classname="com.topcoder.timetracker.entry.expense.ejb.BasicExpenseEntryBeanUnitTest" time="0.218"></testcase>
  <testcase name="testAddEntry_AmountNull" classname="com.topcoder.timetracker.entry.expense.ejb.BasicExpenseEntryBeanUnitTest" time="0.157"></testcase>
  <testcase name="testAddEntry_DateNull" classname="com.topcoder.timetracker.entry.expense.ejb.BasicExpenseEntryBeanUnitTest" time="0.14"></testcase>
  <testcase name="testAddEntry_CompanyIdInvalid" classname="com.topcoder.timetracker.entry.expense.ejb.BasicExpenseEntryBeanUnitTest" time="0.203"></testcase>
  <testcase name="testAddEntry_TypeNull" classname="com.topcoder.timetracker.entry.expense.ejb.BasicExpenseEntryBeanUnitTest" time="0.141"></testcase>
  <testcase name="testAddEntry_TypeInvalid" classname="com.topcoder.timetracker.entry.expense.ejb.BasicExpenseEntryBeanUnitTest" time="0.156"></testcase>
  <testcase name="testAddEntry_TypeCompanyIdInvalid" classname="com.topcoder.timetracker.entry.expense.ejb.BasicExpenseEntryBeanUnitTest" time="0.141"></testcase>
  <testcase name="testAddEntry_TypeCompanyIdNotMatched" classname="com.topcoder.timetracker.entry.expense.ejb.BasicExpenseEntryBeanUnitTest" time="0.172"></testcase>
  <testcase name="testAddEntry_StatusNull" classname="com.topcoder.timetracker.entry.expense.ejb.BasicExpenseEntryBeanUnitTest" time="0.14"></testcase>
  <testcase name="testAddEntry_StatusInvalid" classname="com.topcoder.timetracker.entry.expense.ejb.BasicExpenseEntryBeanUnitTest" time="0.157"></testcase>
  <testcase name="testAddEntry_InvoiceNull" classname="com.topcoder.timetracker.entry.expense.ejb.BasicExpenseEntryBeanUnitTest" time="0.234"></testcase>
  <testcase name="testAddEntry_InvoiceIdInvalid" classname="com.topcoder.timetracker.entry.expense.ejb.BasicExpenseEntryBeanUnitTest" time="0.156"></testcase>
  <testcase name="testAddEntry_InvoiceCompanyIdInvalid" classname="com.topcoder.timetracker.entry.expense.ejb.BasicExpenseEntryBeanUnitTest" time="0.141"></testcase>
  <testcase name="testAddEntry_RejectReasonsNull" classname="com.topcoder.timetracker.entry.expense.ejb.BasicExpenseEntryBeanUnitTest" time="0.281"></testcase>
  <testcase name="testAddEntry_RejectReasonIdInvalid" classname="com.topcoder.timetracker.entry.expense.ejb.BasicExpenseEntryBeanUnitTest" time="0.156"></testcase>
  <testcase name="testAddEntry_RejectReasonCompanyIdInvalid" classname="com.topcoder.timetracker.entry.expense.ejb.BasicExpenseEntryBeanUnitTest" time="0.157"></testcase>
  <testcase name="testAddEntry_RejectReasonCompanyIdNotMatched" classname="com.topcoder.timetracker.entry.expense.ejb.BasicExpenseEntryBeanUnitTest" time="0.187"></testcase>
  <testcase name="testAddEntry_ExistAccuracy" classname="com.topcoder.timetracker.entry.expense.ejb.BasicExpenseEntryBeanUnitTest" time="0.203"></testcase>
  <testcase name="testAddEntry_AuditAccuracy" classname="com.topcoder.timetracker.entry.expense.ejb.BasicExpenseEntryBeanUnitTest" time="0.188"></testcase>
  <testcase name="testAddEntry_Accuracy" classname="com.topcoder.timetracker.entry.expense.ejb.BasicExpenseEntryBeanUnitTest" time="0.219"></testcase>
  <testcase name="testAddEntry_IDSetAccuracy" classname="com.topcoder.timetracker.entry.expense.ejb.BasicExpenseEntryBeanUnitTest" time="0.171"></testcase>
  <testcase name="testUpdateEntry_NullEntry" classname="com.topcoder.timetracker.entry.expense.ejb.BasicExpenseEntryBeanUnitTest" time="0.157"></testcase>
  <testcase name="testUpdateEntry_CreationUserNull" classname="com.topcoder.timetracker.entry.expense.ejb.BasicExpenseEntryBeanUnitTest" time="0.14"></testcase>
  <testcase name="testUpdateEntry_ModificationUserNull" classname="com.topcoder.timetracker.entry.expense.ejb.BasicExpenseEntryBeanUnitTest" time="0.141"></testcase>
  <testcase name="testUpdateEntry_DescriptionNull" classname="com.topcoder.timetracker.entry.expense.ejb.BasicExpenseEntryBeanUnitTest" time="0.281"></testcase>
  <testcase name="testUpdateEntry_AmountNull" classname="com.topcoder.timetracker.entry.expense.ejb.BasicExpenseEntryBeanUnitTest" time="0.156"></testcase>
  <testcase name="testUpdateEntry_DateNull" classname="com.topcoder.timetracker.entry.expense.ejb.BasicExpenseEntryBeanUnitTest" time="0.141"></testcase>
  <testcase name="testUpdateEntry_TypeNull" classname="com.topcoder.timetracker.entry.expense.ejb.BasicExpenseEntryBeanUnitTest" time="0.141"></testcase>
  <testcase name="testUpdateEntry_TypeInvalid" classname="com.topcoder.timetracker.entry.expense.ejb.BasicExpenseEntryBeanUnitTest" time="0.156"></testcase>
  <testcase name="testUpdateEntry_StatusNull" classname="com.topcoder.timetracker.entry.expense.ejb.BasicExpenseEntryBeanUnitTest" time="0.141"></testcase>
  <testcase name="testUpdateEntry_StatusInvalid" classname="com.topcoder.timetracker.entry.expense.ejb.BasicExpenseEntryBeanUnitTest" time="0.156"></testcase>
  <testcase name="testUpdateEntryIDNotExistAccuracy" classname="com.topcoder.timetracker.entry.expense.ejb.BasicExpenseEntryBeanUnitTest" time="0.156"></testcase>
  <testcase name="testUpdateEntry_InvoiceNull" classname="com.topcoder.timetracker.entry.expense.ejb.BasicExpenseEntryBeanUnitTest" time="0.328"></testcase>
  <testcase name="testUpdateEntry_AuditAccuracy" classname="com.topcoder.timetracker.entry.expense.ejb.BasicExpenseEntryBeanUnitTest" time="1.281"></testcase>
  <testcase name="testUpdateEntry_Accuracy" classname="com.topcoder.timetracker.entry.expense.ejb.BasicExpenseEntryBeanUnitTest" time="0.282"></testcase>
  <testcase name="testDeleteEntry_IDNotExistAccuracy" classname="com.topcoder.timetracker.entry.expense.ejb.BasicExpenseEntryBeanUnitTest" time="0.156"></testcase>
  <testcase name="testDeleteEntry_AuditAccuracy" classname="com.topcoder.timetracker.entry.expense.ejb.BasicExpenseEntryBeanUnitTest" time="0.281"></testcase>
  <testcase name="testDeleteEntry_Accuracy" classname="com.topcoder.timetracker.entry.expense.ejb.BasicExpenseEntryBeanUnitTest" time="0.203"></testcase>
  <testcase name="testDeleteAllEntryes_AuditAccuracy" classname="com.topcoder.timetracker.entry.expense.ejb.BasicExpenseEntryBeanUnitTest" time="0.453"></testcase>
  <testcase name="testDeleteAllEntryes_Accuracy" classname="com.topcoder.timetracker.entry.expense.ejb.BasicExpenseEntryBeanUnitTest" time="0.297"></testcase>
  <testcase name="testRetrieveEntry_IDNotExistAccuracy" classname="com.topcoder.timetracker.entry.expense.ejb.BasicExpenseEntryBeanUnitTest" time="0.172"></testcase>
  <testcase name="testRetrieveEntry_Accuracy" classname="com.topcoder.timetracker.entry.expense.ejb.BasicExpenseEntryBeanUnitTest" time="0.219"></testcase>
  <testcase name="testRetrieveAllEntryes_NoRecordAccuracy" classname="com.topcoder.timetracker.entry.expense.ejb.BasicExpenseEntryBeanUnitTest" time="0.172"></testcase>
  <testcase name="testRetrieveAllEntryes_Accuracy" classname="com.topcoder.timetracker.entry.expense.ejb.BasicExpenseEntryBeanUnitTest" time="0.75"></testcase>
  <testcase name="testEjbCreate_MissingJndiContextNamespace" classname="com.topcoder.timetracker.entry.expense.ejb.BasicExpenseEntryBeanUnitTest" time="0.156"></testcase>
  <testcase name="testEjbCreate_Accuracy" classname="com.topcoder.timetracker.entry.expense.ejb.BasicExpenseEntryBeanUnitTest" time="0.141"></testcase>
  <testcase name="testEjbRemove_Accuracy" classname="com.topcoder.timetracker.entry.expense.ejb.BasicExpenseEntryBeanUnitTest" time="0.156"></testcase>
  <testcase name="testEjbActivate_Accuracy" classname="com.topcoder.timetracker.entry.expense.ejb.BasicExpenseEntryBeanUnitTest" time="0.141"></testcase>
  <testcase name="testEjbPassivate_Accuracy" classname="com.topcoder.timetracker.entry.expense.ejb.BasicExpenseEntryBeanUnitTest" time="0.14"></testcase>
  <testcase name="testSetSessionContext_Accuracy" classname="com.topcoder.timetracker.entry.expense.ejb.BasicExpenseEntryBeanUnitTest" time="0.156"></testcase>
  <testcase name="testBasicExpenseEntryBean_Accuracy" classname="com.topcoder.timetracker.entry.expense.ejb.BasicExpenseEntryBeanUnitTest" time="0.141"></testcase>
  <testcase name="testGetSessionContext_Accuracy" classname="com.topcoder.timetracker.entry.expense.ejb.BasicExpenseEntryBeanUnitTest" time="0.141"></testcase>
  <testcase name="testGetDAO_Accuracy" classname="com.topcoder.timetracker.entry.expense.ejb.BasicExpenseEntryBeanUnitTest" time="0.156"></testcase>
  <testcase name="testAddEntries_AtomicModeAccuracy1" classname="com.topcoder.timetracker.entry.expense.ejb.ExpenseEntryBeanUnitTest" time="0.625"></testcase>
  <testcase name="testAddEntries_AtomicModeAccuracy2" classname="com.topcoder.timetracker.entry.expense.ejb.ExpenseEntryBeanUnitTest" time="0.453"></testcase>
  <testcase name="testAddEntries_AtomicModeAccuracy3" classname="com.topcoder.timetracker.entry.expense.ejb.ExpenseEntryBeanUnitTest" time="0.391"></testcase>
  <testcase name="testDeleteEntries_AtomicModeAccuracy1" classname="com.topcoder.timetracker.entry.expense.ejb.ExpenseEntryBeanUnitTest" time="0.797"></testcase>
  <testcase name="testDeleteEntries_AtomicModeAccuracy2" classname="com.topcoder.timetracker.entry.expense.ejb.ExpenseEntryBeanUnitTest" time="0.531"></testcase>
  <testcase name="testUpdateEntries_AtomicModeAccuracy1" classname="com.topcoder.timetracker.entry.expense.ejb.ExpenseEntryBeanUnitTest" time="0.906"></testcase>
  <testcase name="testUpdateEntries_AtomicModeAccuracy2" classname="com.topcoder.timetracker.entry.expense.ejb.ExpenseEntryBeanUnitTest" time="0.703"></testcase>
  <testcase name="testUpdateEntries_AtomicModeAccuracy3" classname="com.topcoder.timetracker.entry.expense.ejb.ExpenseEntryBeanUnitTest" time="0.531"></testcase>
  <testcase name="testRetrieveEntries_AtomicModeAccuracy1" classname="com.topcoder.timetracker.entry.expense.ejb.ExpenseEntryBeanUnitTest" time="0.672"></testcase>
  <testcase name="testRetrieveEntries_AtomicModeAccuracy2" classname="com.topcoder.timetracker.entry.expense.ejb.ExpenseEntryBeanUnitTest" time="0.469"></testcase>
  <testcase name="testEjbCreate_MissingJndiContextNamespace" classname="com.topcoder.timetracker.entry.expense.ejb.ExpenseEntryBeanUnitTest" time="0.172"></testcase>
  <testcase name="testEjbCreate_Accuracy" classname="com.topcoder.timetracker.entry.expense.ejb.ExpenseEntryBeanUnitTest" time="0.203"></testcase>
  <testcase name="testBasicExpenseEntryBean_Accuracy" classname="com.topcoder.timetracker.entry.expense.ejb.ExpenseEntryBeanUnitTest" time="0.156"></testcase>
  <testcase name="testAddEntries_AtomicModeNullEntries1" classname="com.topcoder.timetracker.entry.expense.ejb.ExpenseEntryBeanUnitTest" time="0.157"></testcase>
  <testcase name="testAddEntries_AtomicModeNullEntries2" classname="com.topcoder.timetracker.entry.expense.ejb.ExpenseEntryBeanUnitTest" time="0.156"></testcase>
  <testcase name="testAddEntries_AtomicModeEmptyEntries1" classname="com.topcoder.timetracker.entry.expense.ejb.ExpenseEntryBeanUnitTest" time="0.156"></testcase>
  <testcase name="testAddEntries_AtomicModeEmptyEntries2" classname="com.topcoder.timetracker.entry.expense.ejb.ExpenseEntryBeanUnitTest" time="0.156"></testcase>
  <testcase name="testAddEntries_AtomicModeEntriesContainsNullElement1" classname="com.topcoder.timetracker.entry.expense.ejb.ExpenseEntryBeanUnitTest" time="0.157"></testcase>
  <testcase name="testAddEntries_AtomicModeEntriesContainsNullElement2" classname="com.topcoder.timetracker.entry.expense.ejb.ExpenseEntryBeanUnitTest" time="0.203"></testcase>
  <testcase name="testAddEntries_AtomicModeAuditAccuracy1" classname="com.topcoder.timetracker.entry.expense.ejb.ExpenseEntryBeanUnitTest" time="0.39"></testcase>
  <testcase name="testAddEntries_AtomicModeAuditAccuracy2" classname="com.topcoder.timetracker.entry.expense.ejb.ExpenseEntryBeanUnitTest" time="0.391"></testcase>
  <testcase name="testAddEntries_AtomicModeAccuracy4" classname="com.topcoder.timetracker.entry.expense.ejb.ExpenseEntryBeanUnitTest" time="0.609"></testcase>
  <testcase name="testAddEntries_AtomicModeAccuracy5" classname="com.topcoder.timetracker.entry.expense.ejb.ExpenseEntryBeanUnitTest" time="0.422"></testcase>
  <testcase name="testAddEntries_AtomicModeAccuracy6" classname="com.topcoder.timetracker.entry.expense.ejb.ExpenseEntryBeanUnitTest" time="0.391"></testcase>
  <testcase name="testAddEntries_NonAtomicModeNullEntries" classname="com.topcoder.timetracker.entry.expense.ejb.ExpenseEntryBeanUnitTest" time="0.156"></testcase>
  <testcase name="testAddEntries_NonAtomicModeEmptyEntries" classname="com.topcoder.timetracker.entry.expense.ejb.ExpenseEntryBeanUnitTest" time="0.141"></testcase>
  <testcase name="testAddEntries_NonAtomicModeEntriesContainsNullElement" classname="com.topcoder.timetracker.entry.expense.ejb.ExpenseEntryBeanUnitTest" time="0.156"></testcase>
  <testcase name="testAddEntries_NonAtomicModeAccuracy1" classname="com.topcoder.timetracker.entry.expense.ejb.ExpenseEntryBeanUnitTest" time="0.687"></testcase>
  <testcase name="testAddEntries_NonAtomicModeAccuracy2" classname="com.topcoder.timetracker.entry.expense.ejb.ExpenseEntryBeanUnitTest" time="0.454"></testcase>
  <testcase name="testAddEntries_NonAtomicModeAccuracy3" classname="com.topcoder.timetracker.entry.expense.ejb.ExpenseEntryBeanUnitTest" time="0.453"></testcase>
  <testcase name="testDeleteEntries_AtomicNullEntries1" classname="com.topcoder.timetracker.entry.expense.ejb.ExpenseEntryBeanUnitTest" time="0.14"></testcase>
  <testcase name="testDeleteEntries_AtomicNullEntries2" classname="com.topcoder.timetracker.entry.expense.ejb.ExpenseEntryBeanUnitTest" time="0.157"></testcase>
  <testcase name="testDeleteEntries_AtomicEmptyEntries1" classname="com.topcoder.timetracker.entry.expense.ejb.ExpenseEntryBeanUnitTest" time="0.14"></testcase>
  <testcase name="testDeleteEntries_AtomicEmptyEntries2" classname="com.topcoder.timetracker.entry.expense.ejb.ExpenseEntryBeanUnitTest" time="0.156"></testcase>
  <testcase name="testDeleteEntries_AtomicModeAuditAccuracy1" classname="com.topcoder.timetracker.entry.expense.ejb.ExpenseEntryBeanUnitTest" time="0.704"></testcase>
  <testcase name="testDeleteEntries_AtomicModeAuditAccuracy2" classname="com.topcoder.timetracker.entry.expense.ejb.ExpenseEntryBeanUnitTest" time="0.75"></testcase>
  <testcase name="testDeleteEntries_AtomicModeAccuracy3" classname="com.topcoder.timetracker.entry.expense.ejb.ExpenseEntryBeanUnitTest" time="0.515"></testcase>
  <testcase name="testDeleteEntries_AtomicModeAccuracy4" classname="com.topcoder.timetracker.entry.expense.ejb.ExpenseEntryBeanUnitTest" time="0.5"></testcase>
  <testcase name="testDeleteEntries_NonAtomicNullEntries" classname="com.topcoder.timetracker.entry.expense.ejb.ExpenseEntryBeanUnitTest" time="0.156"></testcase>
  <testcase name="testDeleteEntries_NonAtomicEmptyEntries" classname="com.topcoder.timetracker.entry.expense.ejb.ExpenseEntryBeanUnitTest" time="0.157"></testcase>
  <testcase name="testDeleteEntries_NonAtomicModeAccuracy1" classname="com.topcoder.timetracker.entry.expense.ejb.ExpenseEntryBeanUnitTest" time="0.797"></testcase>
  <testcase name="testDeleteEntries_NonAtomicModeAccuracy2" classname="com.topcoder.timetracker.entry.expense.ejb.ExpenseEntryBeanUnitTest" time="0.593"></testcase>
  <testcase name="testUpdateEntries_AtomicNullEntries1" classname="com.topcoder.timetracker.entry.expense.ejb.ExpenseEntryBeanUnitTest" time="0.157"></testcase>
  <testcase name="testUpdateEntries_AtomicNullEntries2" classname="com.topcoder.timetracker.entry.expense.ejb.ExpenseEntryBeanUnitTest" time="0.156"></testcase>
  <testcase name="testUpdateEntries_AtomicEmptyEntries1" classname="com.topcoder.timetracker.entry.expense.ejb.ExpenseEntryBeanUnitTest" time="0.156"></testcase>
  <testcase name="testUpdateEntries_AtomicEmptyEntries2" classname="com.topcoder.timetracker.entry.expense.ejb.ExpenseEntryBeanUnitTest" time="0.141"></testcase>
  <testcase name="testUpdateEntries_AtomicEntriesContainsNullElement1" classname="com.topcoder.timetracker.entry.expense.ejb.ExpenseEntryBeanUnitTest" time="0.156"></testcase>
  <testcase name="testUpdateEntries_AtomicEntriesContainsNullElement2" classname="com.topcoder.timetracker.entry.expense.ejb.ExpenseEntryBeanUnitTest" time="0.156"></testcase>
  <testcase name="testUpdateEntries_AtomicModeAuditAccuracy1" classname="com.topcoder.timetracker.entry.expense.ejb.ExpenseEntryBeanUnitTest" time="1.735"></testcase>
  <testcase name="testUpdateEntries_AtomicModeAuditAccuracy2" classname="com.topcoder.timetracker.entry.expense.ejb.ExpenseEntryBeanUnitTest" time="3.0"></testcase>
  <testcase name="testUpdateEntries_AtomicModeAccuracy4" classname="com.topcoder.timetracker.entry.expense.ejb.ExpenseEntryBeanUnitTest" time="1.046"></testcase>
  <testcase name="testUpdateEntries_AtomicModeAccuracy5" classname="com.topcoder.timetracker.entry.expense.ejb.ExpenseEntryBeanUnitTest" time="0.907"></testcase>
  <testcase name="testUpdateEntries_AtomicModeAccuracy6" classname="com.topcoder.timetracker.entry.expense.ejb.ExpenseEntryBeanUnitTest" time="0.5"></testcase>
  <testcase name="testUpdateEntries_NonAtomicNullEntries" classname="com.topcoder.timetracker.entry.expense.ejb.ExpenseEntryBeanUnitTest" time="0.156"></testcase>
  <testcase name="testUpdateEntries_NonAtomicEmptyEntries" classname="com.topcoder.timetracker.entry.expense.ejb.ExpenseEntryBeanUnitTest" time="0.156"></testcase>
  <testcase name="testUpdateEntries_NonAtomicEntriesContainsNullElement" classname="com.topcoder.timetracker.entry.expense.ejb.ExpenseEntryBeanUnitTest" time="0.172"></testcase>
  <testcase name="testUpdateEntries_NonAtomicModeAccuracy1" classname="com.topcoder.timetracker.entry.expense.ejb.ExpenseEntryBeanUnitTest" time="1.047"></testcase>
  <testcase name="testUpdateEntries_NonAtomicModeAccuracy2" classname="com.topcoder.timetracker.entry.expense.ejb.ExpenseEntryBeanUnitTest" time="0.844"></testcase>
  <testcase name="testUpdateEntries_NonAtomicModeAccuracy3" classname="com.topcoder.timetracker.entry.expense.ejb.ExpenseEntryBeanUnitTest" time="0.828"></testcase>
  <testcase name="testRetrieveEntries_AtomicNullEntries1" classname="com.topcoder.timetracker.entry.expense.ejb.ExpenseEntryBeanUnitTest" time="0.14"></testcase>
  <testcase name="testRetrieveEntries_AtomicNullEntries2" classname="com.topcoder.timetracker.entry.expense.ejb.ExpenseEntryBeanUnitTest" time="0.219"></testcase>
  <testcase name="testRetrieveEntries_AtomicEmptyEntries1" classname="com.topcoder.timetracker.entry.expense.ejb.ExpenseEntryBeanUnitTest" time="0.156"></testcase>
  <testcase name="testRetrieveEntries_AtomicEmptyEntries2" classname="com.topcoder.timetracker.entry.expense.ejb.ExpenseEntryBeanUnitTest" time="0.219"></testcase>
  <testcase name="testRetrieveEntries_AtomicModeAccuracy3" classname="com.topcoder.timetracker.entry.expense.ejb.ExpenseEntryBeanUnitTest" time="0.719"></testcase>
  <testcase name="testRetrieveEntries_AtomicModeAccuracy4" classname="com.topcoder.timetracker.entry.expense.ejb.ExpenseEntryBeanUnitTest" time="0.484"></testcase>
  <testcase name="testRetrieveEntries_NonAtomicNullEntries" classname="com.topcoder.timetracker.entry.expense.ejb.ExpenseEntryBeanUnitTest" time="0.157"></testcase>
  <testcase name="testRetrieveEntries_NonAtomicEmptyEntries" classname="com.topcoder.timetracker.entry.expense.ejb.ExpenseEntryBeanUnitTest" time="0.359"></testcase>
  <testcase name="testRetrieveEntries_NonAtomicModeAccuracy1" classname="com.topcoder.timetracker.entry.expense.ejb.ExpenseEntryBeanUnitTest" time="0.828"></testcase>
  <testcase name="testRetrieveEntries_NonAtomicModeAccuracy2" classname="com.topcoder.timetracker.entry.expense.ejb.ExpenseEntryBeanUnitTest" time="0.531"></testcase>
  <testcase name="testSearchEntries_Accuracy" classname="com.topcoder.timetracker.entry.expense.ejb.ExpenseEntryManagerLocalDelegateUnitTest" time="0.766"></testcase>
  <testcase name="testAddEntry_CreationUserNull" classname="com.topcoder.timetracker.entry.expense.ejb.ExpenseEntryManagerLocalDelegateUnitTest" time="0.156"></testcase>
  <testcase name="testAddEntry_ModificationUserNull" classname="com.topcoder.timetracker.entry.expense.ejb.ExpenseEntryManagerLocalDelegateUnitTest" time="0.156"></testcase>
  <testcase name="testAddEntry_DescriptionNull" classname="com.topcoder.timetracker.entry.expense.ejb.ExpenseEntryManagerLocalDelegateUnitTest" time="0.25"></testcase>
  <testcase name="testAddEntry_AmountNull" classname="com.topcoder.timetracker.entry.expense.ejb.ExpenseEntryManagerLocalDelegateUnitTest" time="0.157"></testcase>
  <testcase name="testAddEntry_DateNull" classname="com.topcoder.timetracker.entry.expense.ejb.ExpenseEntryManagerLocalDelegateUnitTest" time="0.156"></testcase>
  <testcase name="testAddEntry_TypeNull" classname="com.topcoder.timetracker.entry.expense.ejb.ExpenseEntryManagerLocalDelegateUnitTest" time="0.156"></testcase>
  <testcase name="testAddEntry_TypeCompanyIdNotMatched" classname="com.topcoder.timetracker.entry.expense.ejb.ExpenseEntryManagerLocalDelegateUnitTest" time="0.188"></testcase>
  <testcase name="testAddEntry_StatusNull" classname="com.topcoder.timetracker.entry.expense.ejb.ExpenseEntryManagerLocalDelegateUnitTest" time="0.156"></testcase>
  <testcase name="testAddEntry_InvoiceNull" classname="com.topcoder.timetracker.entry.expense.ejb.ExpenseEntryManagerLocalDelegateUnitTest" time="0.281"></testcase>
  <testcase name="testAddEntry_RejectReasonsNull" classname="com.topcoder.timetracker.entry.expense.ejb.ExpenseEntryManagerLocalDelegateUnitTest" time="0.235"></testcase>
  <testcase name="testAddEntry_RejectReasonCompanyIdNotMatched" classname="com.topcoder.timetracker.entry.expense.ejb.ExpenseEntryManagerLocalDelegateUnitTest" time="0.171"></testcase>
  <testcase name="testAddEntry_ExistAccuracy" classname="com.topcoder.timetracker.entry.expense.ejb.ExpenseEntryManagerLocalDelegateUnitTest" time="0.219"></testcase>
  <testcase name="testAddEntry_Accuracy" classname="com.topcoder.timetracker.entry.expense.ejb.ExpenseEntryManagerLocalDelegateUnitTest" time="0.235"></testcase>
  <testcase name="testAddEntry_IDSetAccuracy" classname="com.topcoder.timetracker.entry.expense.ejb.ExpenseEntryManagerLocalDelegateUnitTest" time="0.187"></testcase>
  <testcase name="testUpdateEntry_CreationUserNull" classname="com.topcoder.timetracker.entry.expense.ejb.ExpenseEntryManagerLocalDelegateUnitTest" time="0.172"></testcase>
  <testcase name="testUpdateEntry_ModificationUserNull" classname="com.topcoder.timetracker.entry.expense.ejb.ExpenseEntryManagerLocalDelegateUnitTest" time="0.172"></testcase>
  <testcase name="testUpdateEntry_DescriptionNull" classname="com.topcoder.timetracker.entry.expense.ejb.ExpenseEntryManagerLocalDelegateUnitTest" time="0.297"></testcase>
  <testcase name="testUpdateEntry_AmountNull" classname="com.topcoder.timetracker.entry.expense.ejb.ExpenseEntryManagerLocalDelegateUnitTest" time="0.156"></testcase>
  <testcase name="testUpdateEntry_DateNull" classname="com.topcoder.timetracker.entry.expense.ejb.ExpenseEntryManagerLocalDelegateUnitTest" time="0.172"></testcase>
  <testcase name="testUpdateEntry_TypeNull" classname="com.topcoder.timetracker.entry.expense.ejb.ExpenseEntryManagerLocalDelegateUnitTest" time="0.156"></testcase>
  <testcase name="testUpdateEntry_StatusNull" classname="com.topcoder.timetracker.entry.expense.ejb.ExpenseEntryManagerLocalDelegateUnitTest" time="0.203"></testcase>
  <testcase name="testUpdateEntryIDNotExistAccuracy" classname="com.topcoder.timetracker.entry.expense.ejb.ExpenseEntryManagerLocalDelegateUnitTest" time="0.25"></testcase>
  <testcase name="testUpdateEntry_InvoiceNull" classname="com.topcoder.timetracker.entry.expense.ejb.ExpenseEntryManagerLocalDelegateUnitTest" time="0.344"></testcase>
  <testcase name="testUpdateEntry_Accuracy" classname="com.topcoder.timetracker.entry.expense.ejb.ExpenseEntryManagerLocalDelegateUnitTest" time="0.281"></testcase>
  <testcase name="testDeleteEntry_IDNotExistAccuracy" classname="com.topcoder.timetracker.entry.expense.ejb.ExpenseEntryManagerLocalDelegateUnitTest" time="0.172"></testcase>
  <testcase name="testDeleteEntry_Accuracy" classname="com.topcoder.timetracker.entry.expense.ejb.ExpenseEntryManagerLocalDelegateUnitTest" time="0.203"></testcase>
  <testcase name="testDeleteAllEntryes_Accuracy" classname="com.topcoder.timetracker.entry.expense.ejb.ExpenseEntryManagerLocalDelegateUnitTest" time="0.297"></testcase>
  <testcase name="testRetrieveEntry_IDNotExistAccuracy" classname="com.topcoder.timetracker.entry.expense.ejb.ExpenseEntryManagerLocalDelegateUnitTest" time="0.188"></testcase>
  <testcase name="testRetrieveEntry_Accuracy" classname="com.topcoder.timetracker.entry.expense.ejb.ExpenseEntryManagerLocalDelegateUnitTest" time="0.234"></testcase>
  <testcase name="testRetrieveAllEntryes_NoRecordAccuracy" classname="com.topcoder.timetracker.entry.expense.ejb.ExpenseEntryManagerLocalDelegateUnitTest" time="0.172"></testcase>
  <testcase name="testRetrieveAllEntryes_Accuracy" classname="com.topcoder.timetracker.entry.expense.ejb.ExpenseEntryManagerLocalDelegateUnitTest" time="0.719"></testcase>
  <testcase name="testAddEntries_AtomicModeAccuracy1" classname="com.topcoder.timetracker.entry.expense.ejb.ExpenseEntryManagerLocalDelegateUnitTest" time="1.656"></testcase>
  <testcase name="testAddEntries_AtomicModeAccuracy2" classname="com.topcoder.timetracker.entry.expense.ejb.ExpenseEntryManagerLocalDelegateUnitTest" time="0.406"></testcase>
  <testcase name="testAddEntries_AtomicModeAccuracy3" classname="com.topcoder.timetracker.entry.expense.ejb.ExpenseEntryManagerLocalDelegateUnitTest" time="0.391"></testcase>
  <testcase name="testDeleteEntries_AtomicModeAccuracy1" classname="com.topcoder.timetracker.entry.expense.ejb.ExpenseEntryManagerLocalDelegateUnitTest" time="0.765"></testcase>
  <testcase name="testDeleteEntries_AtomicModeAccuracy2" classname="com.topcoder.timetracker.entry.expense.ejb.ExpenseEntryManagerLocalDelegateUnitTest" time="0.485"></testcase>
  <testcase name="testUpdateEntries_AtomicModeAccuracy1" classname="com.topcoder.timetracker.entry.expense.ejb.ExpenseEntryManagerLocalDelegateUnitTest" time="1.062"></testcase>
  <testcase name="testUpdateEntries_AtomicModeAccuracy2" classname="com.topcoder.timetracker.entry.expense.ejb.ExpenseEntryManagerLocalDelegateUnitTest" time="0.735"></testcase>
  <testcase name="testUpdateEntries_AtomicModeAccuracy3" classname="com.topcoder.timetracker.entry.expense.ejb.ExpenseEntryManagerLocalDelegateUnitTest" time="0.593"></testcase>
  <testcase name="testRetrieveEntries_AtomicModeAccuracy1" classname="com.topcoder.timetracker.entry.expense.ejb.ExpenseEntryManagerLocalDelegateUnitTest" time="0.688"></testcase>
  <testcase name="testRetrieveEntries_AtomicModeAccuracy2" classname="com.topcoder.timetracker.entry.expense.ejb.ExpenseEntryManagerLocalDelegateUnitTest" time="0.812"></testcase>
  <testcase name="testExpenseTypeManagerLocalDelegate_NoArgAccuracy" classname="com.topcoder.timetracker.entry.expense.ejb.ExpenseEntryManagerLocalDelegateUnitTest" time="0.157"></testcase>
  <testcase name="testExpenseTypeManagerLocalDelegate_NullNamespace" classname="com.topcoder.timetracker.entry.expense.ejb.ExpenseEntryManagerLocalDelegateUnitTest" time="0.25"></testcase>
  <testcase name="testExpenseTypeManagerLocalDelegate_EmptyNamespace" classname="com.topcoder.timetracker.entry.expense.ejb.ExpenseEntryManagerLocalDelegateUnitTest" time="0.156"></testcase>
  <testcase name="testExpenseTypeManagerLocalDelegate_NotExistNamespace" classname="com.topcoder.timetracker.entry.expense.ejb.ExpenseEntryManagerLocalDelegateUnitTest" time="0.156"></testcase>
  <testcase name="testExpenseTypeManagerLocalDelegate_InvalidJndiContext" classname="com.topcoder.timetracker.entry.expense.ejb.ExpenseEntryManagerLocalDelegateUnitTest" time="0.156"></testcase>
  <testcase name="testExpenseTypeManagerLocalDelegate_MissingJndiReference" classname="com.topcoder.timetracker.entry.expense.ejb.ExpenseEntryManagerLocalDelegateUnitTest" time="0.172"></testcase>
  <testcase name="testExpenseTypeManagerLocalDelegate_EmptyJndiReference" classname="com.topcoder.timetracker.entry.expense.ejb.ExpenseEntryManagerLocalDelegateUnitTest" time="0.156"></testcase>
  <testcase name="testExpenseTypeManagerLocalDelegate_InvalidJndiReference" classname="com.topcoder.timetracker.entry.expense.ejb.ExpenseEntryManagerLocalDelegateUnitTest" time="6.157"></testcase>
  <testcase name="testExpenseTypeManagerLocalDelegate_Accuracy" classname="com.topcoder.timetracker.entry.expense.ejb.ExpenseEntryManagerLocalDelegateUnitTest" time="0.156"></testcase>
  <testcase name="testAddEntries_AtomicModeAccuracy4" classname="com.topcoder.timetracker.entry.expense.ejb.ExpenseEntryManagerLocalDelegateUnitTest" time="0.625"></testcase>
  <testcase name="testAddEntries_AtomicModeAccuracy5" classname="com.topcoder.timetracker.entry.expense.ejb.ExpenseEntryManagerLocalDelegateUnitTest" time="0.406"></testcase>
  <testcase name="testAddEntries_AtomicModeAccuracy6" classname="com.topcoder.timetracker.entry.expense.ejb.ExpenseEntryManagerLocalDelegateUnitTest" time="0.406"></testcase>
  <testcase name="testAddEntries_NonAtomicModeAccuracy1" classname="com.topcoder.timetracker.entry.expense.ejb.ExpenseEntryManagerLocalDelegateUnitTest" time="0.672"></testcase>
  <testcase name="testAddEntries_NonAtomicModeAccuracy2" classname="com.topcoder.timetracker.entry.expense.ejb.ExpenseEntryManagerLocalDelegateUnitTest" time="0.485"></testcase>
  <testcase name="testAddEntries_NonAtomicModeAccuracy3" classname="com.topcoder.timetracker.entry.expense.ejb.ExpenseEntryManagerLocalDelegateUnitTest" time="0.468"></testcase>
  <testcase name="testDeleteEntries_AtomicModeAccuracy3" classname="com.topcoder.timetracker.entry.expense.ejb.ExpenseEntryManagerLocalDelegateUnitTest" time="0.485"></testcase>
  <testcase name="testDeleteEntries_AtomicModeAccuracy4" classname="com.topcoder.timetracker.entry.expense.ejb.ExpenseEntryManagerLocalDelegateUnitTest" time="0.547"></testcase>
  <testcase name="testDeleteEntries_NonAtomicModeAccuracy1" classname="com.topcoder.timetracker.entry.expense.ejb.ExpenseEntryManagerLocalDelegateUnitTest" time="0.781"></testcase>
  <testcase name="testDeleteEntries_NonAtomicModeAccuracy2" classname="com.topcoder.timetracker.entry.expense.ejb.ExpenseEntryManagerLocalDelegateUnitTest" time="0.578"></testcase>
  <testcase name="testUpdateEntries_AtomicModeAccuracy4" classname="com.topcoder.timetracker.entry.expense.ejb.ExpenseEntryManagerLocalDelegateUnitTest" time="0.938"></testcase>
  <testcase name="testUpdateEntries_AtomicModeAccuracy5" classname="com.topcoder.timetracker.entry.expense.ejb.ExpenseEntryManagerLocalDelegateUnitTest" time="0.734"></testcase>
  <testcase name="testUpdateEntries_AtomicModeAccuracy6" classname="com.topcoder.timetracker.entry.expense.ejb.ExpenseEntryManagerLocalDelegateUnitTest" time="0.5"></testcase>
  <testcase name="testUpdateEntries_NonAtomicModeAccuracy1" classname="com.topcoder.timetracker.entry.expense.ejb.ExpenseEntryManagerLocalDelegateUnitTest" time="0.969"></testcase>
  <testcase name="testUpdateEntries_NonAtomicModeAccuracy2" classname="com.topcoder.timetracker.entry.expense.ejb.ExpenseEntryManagerLocalDelegateUnitTest" time="0.828"></testcase>
  <testcase name="testUpdateEntries_NonAtomicModeAccuracy3" classname="com.topcoder.timetracker.entry.expense.ejb.ExpenseEntryManagerLocalDelegateUnitTest" time="0.75"></testcase>
  <testcase name="testRetrieveEntries_AtomicModeAccuracy3" classname="com.topcoder.timetracker.entry.expense.ejb.ExpenseEntryManagerLocalDelegateUnitTest" time="0.703"></testcase>
  <testcase name="testRetrieveEntries_AtomicModeAccuracy4" classname="com.topcoder.timetracker.entry.expense.ejb.ExpenseEntryManagerLocalDelegateUnitTest" time="0.484"></testcase>
  <testcase name="testRetrieveEntries_NonAtomicModeAccuracy1" classname="com.topcoder.timetracker.entry.expense.ejb.ExpenseEntryManagerLocalDelegateUnitTest" time="0.782"></testcase>
  <testcase name="testRetrieveEntries_NonAtomicModeAccuracy2" classname="com.topcoder.timetracker.entry.expense.ejb.ExpenseEntryManagerLocalDelegateUnitTest" time="0.546"></testcase>
  <testcase name="testDemoStatus" classname="com.topcoder.timetracker.entry.expense.DemoTestCase" time="0.172"></testcase>
  <testcase name="testDemoType" classname="com.topcoder.timetracker.entry.expense.DemoTestCase" time="0.172"></testcase>
  <testcase name="testDemoEntry" classname="com.topcoder.timetracker.entry.expense.DemoTestCase" time="1.328"></testcase>
  <testcase name="testDemoSearch" classname="com.topcoder.timetracker.entry.expense.DemoTestCase" time="0.469"></testcase>
  <system-out><![CDATA[is billabletrue
1 null null
Description0 retrieved
Description1 retrieved
Description2 retrieved
Description0 retrieved
Description1 retrieved
Description2 retrieved
1 deletion failed
2 deletion failed
3 deletion failed
Description0 match found
Description1 match found
Description2 match found
Description3 match found
Description4 match found
]]></system-out>
  <system-err><![CDATA[]]></system-err>
</testsuite>
