<?xml version="1.0" encoding="UTF-8" ?>
<testsuite errors="0" failures="0" hostname="Administrator" name="com.topcoder.service.contest.eligibility.AllTests" tests="65" time="6.563" timestamp="2009-10-20T14:02:06">
  <properties>
    <property name="component.version.major" value="1" />
    <property name="file.encoding.pkg" value="sun.io" />
    <property name="java.home" value="C:\Program Files\Java\jdk1.5.0_03\jre" />
    <property name="dist_javadocs" value="build/dist/contest_eligibility_persistence-1.0.0/docs/javadocs" />
    <property name="debug" value="off" />
    <property name="build_distdir" value="build/dist" />
    <property name="server.name" value="default" />
    <property name="distfilename" value="contest_eligibility_persistence" />
    <property name="component.version.micro" value="0" />
    <property name="component.dist.jar" value="build/dist/contest_eligibility_persistence-1.0.0.jar" />
    <property name="java.endorsed.dirs" value="C:\Program Files\Java\jdk1.5.0_03\jre\lib\endorsed" />
    <property name="sun.os.patch.level" value="Service Pack 3" />
    <property name="design_dist.jar" value="contest_eligibility_persistence_1.0.0_design_dist.jar" />
    <property name="javadocsdir" value="docs/javadocs" />
    <property name="java.vendor.url" value="http://java.sun.com/" />
    <property name="jboss_server_libdir" value="D:/jboss-4.2.2.GA/jboss-4.2.2.GA/server/default/lib" />
    <property name="java.version" value="1.5.0_03" />
    <property name="eclipse.pdebuild.home" value="/D:/eclipse-jee-ganymede-SR2-win32/eclipse/plugins/org.eclipse.pde.build_3.4.1.R34x_v20081217/./" />
    <property name="base_exception" value="e:/tcs/lib/tcs/base_exception/2.0.0/base_exception.jar" />
    <property name="java.vendor.url.bug" value="http://java.sun.com/cgi-bin/bugreport.cgi" />
    <property name="ifxjdbc.jar" value="test_reflib/ifxjdbc.jar" />
    <property name="cobertura.datafile" value="log/cobertura.ser" />
    <property name="user.name" value="Administrator" />
    <property name="packagedir" value="com/topcoder/service/contest/eligibility" />
    <property name="sun.io.unicode.encoding" value="UnicodeLittle" />
    <property name="component_version" value="1.0.0" />
    <property name="sun.jnu.encoding" value="GBK" />
    <property name="java.runtime.name" value="Java(TM) 2 Runtime Environment, Standard Edition" />
    <property name="target_libdir" value="e:/tcs/lib/tcs" />
    <property name="reports" value="log/reports" />
    <property name="component.jar" value="build/dist/lib/tcs/contest_eligibility_persistence/1.0.0/contest_eligibility_persistence.jar" />
    <property name="java.specification.name" value="Java Platform API Specification" />
    <property name="javamain" value="src/java/main" />
    <property name="user.timezone" value="" />
    <property name="component.version.build" value="1" />
    <property name="path.separator" value=";" />
    <property name="jboss_client_libdir" value="D:/jboss-4.2.2.GA/jboss-4.2.2.GA/client" />
    <property name="srcdir" value="src" />
    <property name="file.encoding" value="Cp1252" />
    <property name="ant.file" value="E:\review\contest_eligibility_persistence_1.0.0\build.xml" />
    <property name="javasrc" value="src/java" />
    <property name="instrumented.dir" value="build/instrumented" />
    <property name="component.target" value="1.x" />
    <property name="component.tests.jar" value="build/dist/lib/tcs/contest_eligibility_persistence_tests.jar" />
    <property name="component.ejb.jar" value="build/dist/ejb/contest_eligibility_persistence.jar" />
    <property name="java.io.tmpdir" value="C:\DOCUME~1\ADMINI~1\LOCALS~1\Temp\" />
    <property name="user.language" value="en" />
    <property name="manifest_file_path" value="build/dist/contest_eligibility_persistence-1.0.0/META-INF/" />
    <property name="line.separator" value="
" />
    <property name="component.name" value="Contest Eligibility Persistence" />
    <property name="verbose" value="no" />
    <property name="manifest_file" value="build/dist/contest_eligibility_persistence-1.0.0/META-INF//MANIFEST.MF" />
    <property name="ant.file.TopCoder Java Generic Build" value="E:\review\contest_eligibility_persistence_1.0.0\build.xml" />
    <property name="java.vm.info" value="mixed mode, sharing" />
    <property name="component_path" value="contest_eligibility_persistence/1.0.0" />
    <property name="sun.desktop" value="windows" />
    <property name="java.vm.specification.name" value="Java Virtual Machine Specification" />
    <property name="dist_coverage" value="build/dist/contest_eligibility_persistence-1.0.0/docs/coverage" />
    <property name="builddir" value="build" />
    <property name="junit4.jar" value="e:/tcs/lib/third_party/junit/4.5/junit.jar" />
    <property name="cobertura.dir" value="e:/tcs/lib/third_party/cobertura/1.8" />
    <property name="ifxjdbcx.jar" value="test_reflib/ifxjdbcx.jar" />
    <property name="javac.encoding" value="UTF-8" />
    <property name="eclipse.pdebuild.templates" value="/D:/eclipse-jee-ganymede-SR2-win32/eclipse/plugins/org.eclipse.pde.build_3.4.1.R34x_v20081217/templates/" />
    <property name="java.awt.printerjob" value="sun.awt.windows.WPrinterJob" />
    <property name="dist_lib" value="build/dist/lib/tcs" />
    <property name="junit.jar" value="e:/tcs/lib/third_party/junit/3.8.2/junit.jar" />
    <property name="configdir" value="conf" />
    <property name="ant.file.Override Macrodef Standard Behaviour Import" value="E:\review\contest_eligibility_persistence_1.0.0\build-override.xml" />
    <property name="build_tcsdistdir" value="build/dist/contest_eligibility_persistence-1.0.0" />
    <property name="ant.version" value="Apache Ant version 1.7.0 compiled on December 13 2006" />
    <property name="dist_docs" value="build/dist/contest_eligibility_persistence-1.0.0/docs" />
    <property name="test_reflib" value="test_reflib" />
    <property name="testlogdir" value="log" />
    <property name="os.name" value="Windows XP" />
    <property name="java.specification.vendor" value="Sun Microsystems Inc." />
    <property name="java.vm.name" value="Java HotSpot(TM) Client VM" />
    <property name="logging_wrapper" value="e:/tcs/lib/tcs/logging_wrapper/2.0.0/logging_wrapper.jar" />
    <property name="java.library.path" value="C:\Program Files\Java\jdk1.5.0_03\jre\bin;.;C:\WINDOWS\system32;C:\WINDOWS;c:/program files/java/jdk1.5.0_03/bin/../jre/bin/client;c:/program files/java/jdk1.5.0_03/bin/../jre/bin;c:\program files\java\jdk1.5.0_03\bin;C:\WINDOWS\system32;C:\WINDOWS;d:\oracle\product\10.1.0\db_1\bin;d:\oracle\product\10.1.0\db_1\jre\1.4.2\bin\client;d:\oracle\product\10.1.0\db_1\jre\1.4.2\bin;c:\python26;c:\python26\scripts;c:\program files\common files\thunder network\kankan\codecs;d:\program files\tortoisesvn\bin;d:\apache-ant-1.7.1\bin;c:\program files\ibm\gsk8\lib;C:\PROGRA~1\ibm\gsk7\bin;C:\PROGRA~1\ibm\gsk7\lib;C:\Program Files\ibm\gsk7\bin;C:\Program Files\ibm\gsk7\lib;D:\PROGRA~1\IBM\SQLLIB\BIN;D:\PROGRA~1\IBM\SQLLIB\FUNCTION;D:\PROGRA~1\IBM\SQLLIB\SAMPLES\REPL;D:\Program Files\IBM\Informix\Client-SDK\bin;d:\Program Files\OpenVPN\bin" />
    <property name="docpackage.jar" value="contest_eligibility_persistence_docs.jar" />
    <property name="eclipse.pdebuild.scripts" value="/D:/eclipse-jee-ganymede-SR2-win32/eclipse/plugins/org.eclipse.pde.build_3.4.1.R34x_v20081217/scripts/" />
    <property name="ant.java.version" value="1.5" />
    <property name="basedir" value="E:\review\contest_eligibility_persistence_1.0.0" />
    <property name="java.class.version" value="49.0" />
    <property name="ant.home" value="D:\eclipse-jee-ganymede-SR2-win32\eclipse\plugins\org.apache.ant_1.7.0.v200803061910" />
    <property name="component.ear.name" value="contest_eligibility_persistence.ear" />
    <property name="sun.boot.library.path" value="C:\Program Files\Java\jdk1.5.0_03\jre\bin" />
    <property name="ext_libdir" value="e:/tcs/lib/third_party" />
    <property name="sun.management.compiler" value="HotSpot Client Compiler" />
    <property name="deploy-dir" value="D:/jboss-4.2.2.GA/jboss-4.2.2.GA/server/default/deploy" />
    <property name="java.awt.graphicsenv" value="sun.awt.Win32GraphicsEnvironment" />
    <property name="user.variant" value="" />
    <property name="build_targetclassdir" value="build/targetclasses" />
    <property name="docsdir" value="docs" />
    <property name="dev_dist.jar" value="contest_eligibility_persistence_1.0.0_dev_dist.jar" />
    <property name="ant.project.name" value="TopCoder Java Generic Build" />
    <property name="component.application.dir" value="build/dist/app" />
    <property name="component.version.minor" value="0" />
    <property name="java.vm.specification.version" value="1.0" />
    <property name="component.bootclasspath" value="${java_1_x_bootclasspath}" />
    <property name="component.ejb.dir" value="build/dist/ejb" />
    <property name="awt.toolkit" value="sun.awt.windows.WToolkit" />
    <property name="sun.cpu.isalist" value="pentium_pro+mmx pentium_pro pentium+mmx pentium i486 i386 i86" />
    <property name="build_javadocsdir" value="build/docs/javadocs" />
    <property name="java.ext.dirs" value="C:\Program Files\Java\jdk1.5.0_03\jre\lib\ext" />
    <property name="os.version" value="5.1" />
    <property name="user.home" value="C:\Documents and Settings\Administrator" />
    <property name="javadoc.jar" value="javadocs.jar" />
    <property name="libdir" value="e:/tcs/lib" />
    <property name="build_classdir" value="build/classes" />
    <property name="component.ear" value="build/contest_eligibility_persistence.ear" />
    <property name="typesafe_enum" value="e:/tcs/lib/tcs/typesafe_enum/1.1.0/typesafe_enum.jar" />
    <property name="java.vm.vendor" value="Sun Microsystems Inc." />
    <property name="component.distfilename" value="contest_eligibility_persistence" />
    <property name="component.package" value="com.topcoder.service.contest.eligibility" />
    <property name="build_testclassdir" value="build/testClasses" />
    <property name="package" value="com.topcoder.service.contest.eligibility" />
    <property name="user.dir" value="E:\review\contest_eligibility_persistence_1.0.0" />
    <property name="component.packagedir" value="com/topcoder/service/contest/eligibility" />
    <property name="sun.cpu.endian" value="little" />
    <property name="ant.file.Dependency Import" value="E:\review\contest_eligibility_persistence_1.0.0\build-dependencies.xml" />
    <property name="dist_docpackage" value="build/doc_package" />
    <property name="java.vm.version" value="1.5.0_03-b07" />
    <property name="java.class.path" value="E:\review\contest_eligibility_persistence_1.0.0\build\testClasses;e:\tcs\lib\third_party\junit\4.5\junit.jar;E:\review\contest_eligibility_persistence_1.0.0\test_reflib\ifxjdbc.jar;E:\review\contest_eligibility_persistence_1.0.0\test_reflib\ifxjdbcx.jar;e:\tcs\lib\tcs\base_exception\2.0.0\base_exception.jar;e:\tcs\lib\tcs\typesafe_enum\1.1.0\typesafe_enum.jar;e:\tcs\lib\tcs\object_formatter\1.0.0\object_formatter.jar;e:\tcs\lib\tcs\logging_wrapper\2.0.0\logging_wrapper.jar;E:\review\contest_eligibility_persistence_1.0.0\test_files\test;D:\jboss-4.2.2.GA\jboss-4.2.2.GA\client\ejb3-persistence.jar;D:\jboss-4.2.2.GA\jboss-4.2.2.GA\client\javassist.jar;D:\jboss-4.2.2.GA\jboss-4.2.2.GA\client\jbossall-client.jar;D:\jboss-4.2.2.GA\jboss-4.2.2.GA\client\jboss-j2ee.jar;D:\jboss-4.2.2.GA\jboss-4.2.2.GA\client\jboss-ejb3x.jar;D:\jboss-4.2.2.GA\jboss-4.2.2.GA\server\default\lib\antlr.jar;D:\jboss-4.2.2.GA\jboss-4.2.2.GA\server\default\lib\cglib.jar;D:\jboss-4.2.2.GA\jboss-4.2.2.GA\server\default\lib\commons-collections.jar;D:\jboss-4.2.2.GA\jboss-4.2.2.GA\server\default\lib\commons-logging.jar;D:\jboss-4.2.2.GA\jboss-4.2.2.GA\server\default\lib\dom4j.jar;D:\jboss-4.2.2.GA\jboss-4.2.2.GA\server\default\lib\hibernate3.jar;D:\jboss-4.2.2.GA\jboss-4.2.2.GA\server\default\lib\hibernate-annotations.jar;D:\jboss-4.2.2.GA\jboss-4.2.2.GA\server\default\lib\hibernate-entitymanager.jar;D:\jboss-4.2.2.GA\jboss-4.2.2.GA\server\default\lib\log4j.jar;E:\review\contest_eligibility_persistence_1.0.0\build\classes;E:\review\contest_eligibility_persistence_1.0.0\conf;E:\review\contest_eligibility_persistence_1.0.0\test_files;E:\review\contest_eligibility_persistence_1.0.0;D:\PROGRA~1\IBM\SQLLIB\java\db2java.zip;D:\PROGRA~1\IBM\SQLLIB\java\db2jcc.jar;D:\PROGRA~1\IBM\SQLLIB\java\sqlj.zip;D:\PROGRA~1\IBM\SQLLIB\java\db2jcc_license_cu.jar;D:\PROGRA~1\IBM\SQLLIB\bin;D:\PROGRA~1\IBM\SQLLIB\java\common.jar;D:\eclipse-jee-ganymede-SR2-win32\eclipse\plugins\org.apache.ant_1.7.0.v200803061910\lib\ant-launcher.jar;D:\eclipse-jee-ganymede-SR2-win32\eclipse\plugins\org.apache.ant_1.7.0.v200803061910\lib\ant.jar;D:\eclipse-jee-ganymede-SR2-win32\eclipse\plugins\org.apache.ant_1.7.0.v200803061910\lib\ant-junit.jar" />
    <property name="dev_submission.jar" value="contest_eligibility_persistence_1.0.0_dev_submission.jar" />
    <property name="ant.library.dir" value="D:\eclipse-jee-ganymede-SR2-win32\eclipse\plugins\org.apache.ant_1.7.0.v200803061910\lib" />
    <property name="os.arch" value="x86" />
    <property name="object_formatter" value="e:/tcs/lib/tcs/object_formatter/1.0.0/object_formatter.jar" />
    <property name="component.ear.dir" value="build/dist/app/contest_eligibility_persistence.ear" />
    <property name="ant.core.lib" value="D:\eclipse-jee-ganymede-SR2-win32\eclipse\plugins\org.apache.ant_1.7.0.v200803061910\lib\ant.jar" />
    <property name="java.vm.specification.vendor" value="Sun Microsystems Inc." />
    <property name="jboss.home" value="D:/jboss-4.2.2.GA/jboss-4.2.2.GA" />
    <property name="file.separator" value="\" />
    <property name="java.runtime.version" value="1.5.0_03-b07" />
    <property name="build_docsdir" value="build/docs" />
    <property name="sun.boot.class.path" value="C:\Program Files\Java\jdk1.5.0_03\jre\lib\rt.jar;C:\Program Files\Java\jdk1.5.0_03\jre\lib\i18n.jar;C:\Program Files\Java\jdk1.5.0_03\jre\lib\sunrsasign.jar;C:\Program Files\Java\jdk1.5.0_03\jre\lib\jsse.jar;C:\Program Files\Java\jdk1.5.0_03\jre\lib\jce.jar;C:\Program Files\Java\jdk1.5.0_03\jre\lib\charsets.jar;C:\Program Files\Java\jdk1.5.0_03\jre\classes" />
    <property name="javadoc.locale" value="en_US" />
    <property name="design_submission.jar" value="contest_eligibility_persistence_1.0.0_design_submission.jar" />
    <property name="user.country" value="US" />
    <property name="tcs_libdir" value="e:/tcs/lib/tcs" />
    <property name="component" value="Contest Eligibility Persistence" />
    <property name="java.vendor" value="Sun Microsystems Inc." />
    <property name="java.specification.version" value="1.5" />
    <property name="testfiles" value="test_files" />
    <property name="sun.arch.data.model" value="32" />
    <property name="javatests" value="src/java/tests" />
  </properties>
  <testcase classname="com.topcoder.service.contest.eligibility.failuretests.ContestEligibilityManagerBeanFailureTest" name="testCreateNull" time="0.422" />
  <testcase classname="com.topcoder.service.contest.eligibility.failuretests.ContestEligibilityManagerBeanFailureTest" name="testRemoveNull" time="0.047" />
  <testcase classname="com.topcoder.service.contest.eligibility.failuretests.ContestEligibilityManagerBeanFailureTest" name="testRemoveNotExist" time="0.063" />
  <testcase classname="com.topcoder.service.contest.eligibility.failuretests.ContestEligibilityManagerBeanFailureTest" name="testSaveNull" time="0.015" />
  <testcase classname="com.topcoder.service.contest.eligibility.failuretests.ContestEligibilityManagerBeanFailureTest" name="testSaveEmpty" time="0.0" />
  <testcase classname="com.topcoder.service.contest.eligibility.failuretests.ContestEligibilityManagerBeanFailureTest" name="testSaveContaingingNull" time="0.016" />
  <testcase classname="com.topcoder.service.contest.eligibility.failuretests.ContestEligibilityManagerBeanFailureTest" name="testSaveDeletingNotExist" time="0.015" />
  <testcase classname="com.topcoder.service.contest.eligibility.stresstests.ContestEligibilityManagerBeanStressTest" name="testGetContestEligibility" time="0.438" />
  <testcase classname="com.topcoder.service.contest.eligibility.stresstests.ContestEligibilityManagerBeanStressTest" name="testCreate" time="0.094" />
  <testcase classname="com.topcoder.service.contest.eligibility.stresstests.ContestEligibilityManagerBeanStressTest" name="testRemove" time="0.25" />
  <testcase classname="com.topcoder.service.contest.eligibility.stresstests.ContestEligibilityManagerBeanStressTest" name="testSave" time="0.187" />
  <testcase classname="com.topcoder.service.contest.eligibility.accuracytests.ContestEligibilityTest" name="testConstructor" time="0.0" />
  <testcase classname="com.topcoder.service.contest.eligibility.accuracytests.ContestEligibilityTest" name="testGetId" time="0.0" />
  <testcase classname="com.topcoder.service.contest.eligibility.accuracytests.ContestEligibilityTest" name="testSetId" time="0.0" />
  <testcase classname="com.topcoder.service.contest.eligibility.accuracytests.ContestEligibilityTest" name="testGetContestId" time="0.0" />
  <testcase classname="com.topcoder.service.contest.eligibility.accuracytests.ContestEligibilityTest" name="testSetContestId" time="0.0" />
  <testcase classname="com.topcoder.service.contest.eligibility.accuracytests.ContestEligibilityTest" name="testIsStudio" time="0.0" />
  <testcase classname="com.topcoder.service.contest.eligibility.accuracytests.ContestEligibilityTest" name="testSetStudio" time="0.0" />
  <testcase classname="com.topcoder.service.contest.eligibility.accuracytests.ContestEligibilityTest" name="testIsDeleted" time="0.0" />
  <testcase classname="com.topcoder.service.contest.eligibility.accuracytests.ContestEligibilityTest" name="testSetDeleted" time="0.0" />
  <testcase classname="com.topcoder.service.contest.eligibility.accuracytests.GroupContestEligibilityTest" name="testConstructor" time="0.0" />
  <testcase classname="com.topcoder.service.contest.eligibility.accuracytests.GroupContestEligibilityTest" name="testGetGroupId" time="0.0" />
  <testcase classname="com.topcoder.service.contest.eligibility.accuracytests.GroupContestEligibilityTest" name="testSetGroupId" time="0.0" />
  <testcase classname="com.topcoder.service.contest.eligibility.accuracytests.ContestEligibilityManagerBeanTest" name="testGetContestEligibility" time="0.032" />
  <testcase classname="com.topcoder.service.contest.eligibility.accuracytests.ContestEligibilityManagerBeanTest" name="testCreate" time="0.015" />
  <testcase classname="com.topcoder.service.contest.eligibility.accuracytests.ContestEligibilityManagerBeanTest" name="testSave" time="0.032" />
  <testcase classname="com.topcoder.service.contest.eligibility.accuracytests.ContestEligibilityManagerBeanTest" name="testConstuctor" time="0.062" />
  <testcase classname="com.topcoder.service.contest.eligibility.accuracytests.ContestEligibilityManagerBeanTest" name="testRemvoe" time="0.016" />
  <testcase classname="com.topcoder.service.contest.eligibility.accuracytests.ContestEligibilityPersistenceExceptionTest" name="testCtor1" time="0.0" />
  <testcase classname="com.topcoder.service.contest.eligibility.accuracytests.ContestEligibilityPersistenceExceptionTest" name="testCtor2" time="0.0" />
  <testcase classname="com.topcoder.service.contest.eligibility.DemoTest" name="testDemoUsage" time="0.375" />
  <testcase classname="com.topcoder.service.contest.eligibility.dao.ContestEligibilityManagerBeanTests" name="testConstructorAccuracy" time="0.313" />
  <testcase classname="com.topcoder.service.contest.eligibility.dao.ContestEligibilityManagerBeanTests" name="testInitializeAccuracy" time="0.219" />
  <testcase classname="com.topcoder.service.contest.eligibility.dao.ContestEligibilityManagerBeanTests" name="testCreateAccuracy" time="0.312" />
  <testcase classname="com.topcoder.service.contest.eligibility.dao.ContestEligibilityManagerBeanTests" name="testCreateFailure1" time="0.219" />
  <testcase classname="com.topcoder.service.contest.eligibility.dao.ContestEligibilityManagerBeanTests" name="testCreateFailure2" time="0.359" />
  <testcase classname="com.topcoder.service.contest.eligibility.dao.ContestEligibilityManagerBeanTests" name="testRemoveAccuracy" time="0.235" />
  <testcase classname="com.topcoder.service.contest.eligibility.dao.ContestEligibilityManagerBeanTests" name="testRemoveFailure1" time="0.203" />
  <testcase classname="com.topcoder.service.contest.eligibility.dao.ContestEligibilityManagerBeanTests" name="testRemoveFailure2" time="0.281" />
  <testcase classname="com.topcoder.service.contest.eligibility.dao.ContestEligibilityManagerBeanTests" name="testSaveAccuracy1" time="0.203" />
  <testcase classname="com.topcoder.service.contest.eligibility.dao.ContestEligibilityManagerBeanTests" name="testSaveAccuracy2" time="0.563" />
  <testcase classname="com.topcoder.service.contest.eligibility.dao.ContestEligibilityManagerBeanTests" name="testSaveAccuracy3" time="0.281" />
  <testcase classname="com.topcoder.service.contest.eligibility.dao.ContestEligibilityManagerBeanTests" name="testSaveFailure1" time="0.203" />
  <testcase classname="com.topcoder.service.contest.eligibility.dao.ContestEligibilityManagerBeanTests" name="testSaveFailure2" time="0.187" />
  <testcase classname="com.topcoder.service.contest.eligibility.dao.ContestEligibilityManagerBeanTests" name="testSaveFailure3" time="0.344" />
  <testcase classname="com.topcoder.service.contest.eligibility.dao.ContestEligibilityManagerBeanTests" name="testGetContestEligibilityAccuracy" time="0.219" />
  <testcase classname="com.topcoder.service.contest.eligibility.dao.ContestEligibilityManagerBeanTests" name="testGetContestEligibilityFailure" time="0.203" />
  <testcase classname="com.topcoder.service.contest.eligibility.dao.ContestEligibilityPersistenceExceptionTests" name="testCtor1Accuracy" time="0.0" />
  <testcase classname="com.topcoder.service.contest.eligibility.dao.ContestEligibilityPersistenceExceptionTests" name="testCtor2Accuracy" time="0.0" />
  <testcase classname="com.topcoder.service.contest.eligibility.dao.ContestEligibilityPersistenceExceptionTests" name="testCtor3Accuracy" time="0.0" />
  <testcase classname="com.topcoder.service.contest.eligibility.dao.ContestEligibilityPersistenceExceptionTests" name="testCtor4Accuracy" time="0.0" />
  <testcase classname="com.topcoder.service.contest.eligibility.dao.ContestEligibilityPersistenceExceptionTests" name="testInheritance" time="0.0" />
  <testcase classname="com.topcoder.service.contest.eligibility.dao.ContestEligibilityPersistenceExceptionTests" name="testApplicationExceptionAnnotation" time="0.0" />
  <testcase classname="com.topcoder.service.contest.eligibility.GroupContestEligibilityTests" name="testConstructor" time="0.0" />
  <testcase classname="com.topcoder.service.contest.eligibility.GroupContestEligibilityTests" name="testGetGroupId" time="0.0" />
  <testcase classname="com.topcoder.service.contest.eligibility.GroupContestEligibilityTests" name="testSetGroupId" time="0.0" />
  <testcase classname="com.topcoder.service.contest.eligibility.ContestEligibilityTests" name="testConstructor" time="0.0" />
  <testcase classname="com.topcoder.service.contest.eligibility.ContestEligibilityTests" name="testGetId" time="0.0" />
  <testcase classname="com.topcoder.service.contest.eligibility.ContestEligibilityTests" name="testSetId" time="0.0" />
  <testcase classname="com.topcoder.service.contest.eligibility.ContestEligibilityTests" name="testGetContestId" time="0.0" />
  <testcase classname="com.topcoder.service.contest.eligibility.ContestEligibilityTests" name="testSetContestId" time="0.0" />
  <testcase classname="com.topcoder.service.contest.eligibility.ContestEligibilityTests" name="testIsStudio" time="0.0" />
  <testcase classname="com.topcoder.service.contest.eligibility.ContestEligibilityTests" name="testSetStudio" time="0.0" />
  <testcase classname="com.topcoder.service.contest.eligibility.ContestEligibilityTests" name="testIsDeleted" time="0.0" />
  <testcase classname="com.topcoder.service.contest.eligibility.ContestEligibilityTests" name="testSetDeleted" time="0.0" />
  <system-out><![CDATA[Enter into Method: ContestEligibilityManagerBean#create At Tue Oct 20 14:02:06 GMT 2009
Parameters: [ contestEligibility = null ]
Error recognized: The argument contestEligibility cannot be null.
java.lang.IllegalArgumentException: The argument contestEligibility cannot be null.
	at com.topcoder.service.contest.eligibility.dao.ContestEligibilityManagerBean.checkNull(ContestEligibilityManagerBean.java:325)
	at com.topcoder.service.contest.eligibility.dao.ContestEligibilityManagerBean.create(ContestEligibilityManagerBean.java:127)
	at com.topcoder.service.contest.eligibility.failuretests.ContestEligibilityManagerBeanFailureTest.testCreateNull(ContestEligibilityManagerBeanFailureTest.java:119)
	at sun.reflect.NativeMethodAccessorImpl.invoke0(Native Method)
	at sun.reflect.NativeMethodAccessorImpl.invoke(NativeMethodAccessorImpl.java:39)
	at sun.reflect.DelegatingMethodAccessorImpl.invoke(DelegatingMethodAccessorImpl.java:25)
	at java.lang.reflect.Method.invoke(Method.java:585)
	at org.junit.runners.model.FrameworkMethod$1.runReflectiveCall(FrameworkMethod.java:44)
	at org.junit.internal.runners.model.ReflectiveCallable.run(ReflectiveCallable.java:15)
	at org.junit.runners.model.FrameworkMethod.invokeExplosively(FrameworkMethod.java:41)
	at org.junit.internal.runners.statements.InvokeMethod.evaluate(InvokeMethod.java:20)
	at org.junit.internal.runners.statements.ExpectException.evaluate(ExpectException.java:22)
	at org.junit.internal.runners.statements.RunBefores.evaluate(RunBefores.java:28)
	at org.junit.internal.runners.statements.RunAfters.evaluate(RunAfters.java:31)
	at org.junit.runners.BlockJUnit4ClassRunner.runChild(BlockJUnit4ClassRunner.java:73)
	at org.junit.runners.BlockJUnit4ClassRunner.runChild(BlockJUnit4ClassRunner.java:46)
	at org.junit.runners.ParentRunner.runChildren(ParentRunner.java:180)
	at org.junit.runners.ParentRunner.access$000(ParentRunner.java:41)
	at org.junit.runners.ParentRunner$1.evaluate(ParentRunner.java:173)
	at org.junit.internal.runners.statements.RunBefores.evaluate(RunBefores.java:28)
	at org.junit.internal.runners.statements.RunAfters.evaluate(RunAfters.java:31)
	at org.junit.runners.ParentRunner.run(ParentRunner.java:220)
	at org.junit.runners.Suite.runChild(Suite.java:115)
	at org.junit.runners.Suite.runChild(Suite.java:23)
	at org.junit.runners.ParentRunner.runChildren(ParentRunner.java:180)
	at org.junit.runners.ParentRunner.access$000(ParentRunner.java:41)
	at org.junit.runners.ParentRunner$1.evaluate(ParentRunner.java:173)
	at org.junit.internal.runners.statements.RunBefores.evaluate(RunBefores.java:28)
	at org.junit.internal.runners.statements.RunAfters.evaluate(RunAfters.java:31)
	at org.junit.runners.ParentRunner.run(ParentRunner.java:220)
	at org.junit.runners.Suite.runChild(Suite.java:115)
	at org.junit.runners.Suite.runChild(Suite.java:23)
	at org.junit.runners.ParentRunner.runChildren(ParentRunner.java:180)
	at org.junit.runners.ParentRunner.access$000(ParentRunner.java:41)
	at org.junit.runners.ParentRunner$1.evaluate(ParentRunner.java:173)
	at org.junit.internal.runners.statements.RunBefores.evaluate(RunBefores.java:28)
	at org.junit.internal.runners.statements.RunAfters.evaluate(RunAfters.java:31)
	at org.junit.runners.ParentRunner.run(ParentRunner.java:220)
	at junit.framework.JUnit4TestAdapter.run(JUnit4TestAdapter.java:39)
	at org.apache.tools.ant.taskdefs.optional.junit.JUnitTestRunner.run(JUnitTestRunner.java:421)
	at org.apache.tools.ant.taskdefs.optional.junit.JUnitTestRunner.launch(JUnitTestRunner.java:912)
	at org.apache.tools.ant.taskdefs.optional.junit.JUnitTestRunner.main(JUnitTestRunner.java:766)
Enter into Method: ContestEligibilityManagerBean#remove At Tue Oct 20 14:02:07 GMT 2009
Parameters: [ contestEligibility = null ]
Error recognized: The argument contestEligibility cannot be null.
java.lang.IllegalArgumentException: The argument contestEligibility cannot be null.
	at com.topcoder.service.contest.eligibility.dao.ContestEligibilityManagerBean.checkNull(ContestEligibilityManagerBean.java:325)
	at com.topcoder.service.contest.eligibility.dao.ContestEligibilityManagerBean.remove(ContestEligibilityManagerBean.java:152)
	at com.topcoder.service.contest.eligibility.failuretests.ContestEligibilityManagerBeanFailureTest.testRemoveNull(ContestEligibilityManagerBeanFailureTest.java:132)
	at sun.reflect.NativeMethodAccessorImpl.invoke0(Native Method)
	at sun.reflect.NativeMethodAccessorImpl.invoke(NativeMethodAccessorImpl.java:39)
	at sun.reflect.DelegatingMethodAccessorImpl.invoke(DelegatingMethodAccessorImpl.java:25)
	at java.lang.reflect.Method.invoke(Method.java:585)
	at org.junit.runners.model.FrameworkMethod$1.runReflectiveCall(FrameworkMethod.java:44)
	at org.junit.internal.runners.model.ReflectiveCallable.run(ReflectiveCallable.java:15)
	at org.junit.runners.model.FrameworkMethod.invokeExplosively(FrameworkMethod.java:41)
	at org.junit.internal.runners.statements.InvokeMethod.evaluate(InvokeMethod.java:20)
	at org.junit.internal.runners.statements.ExpectException.evaluate(ExpectException.java:22)
	at org.junit.internal.runners.statements.RunBefores.evaluate(RunBefores.java:28)
	at org.junit.internal.runners.statements.RunAfters.evaluate(RunAfters.java:31)
	at org.junit.runners.BlockJUnit4ClassRunner.runChild(BlockJUnit4ClassRunner.java:73)
	at org.junit.runners.BlockJUnit4ClassRunner.runChild(BlockJUnit4ClassRunner.java:46)
	at org.junit.runners.ParentRunner.runChildren(ParentRunner.java:180)
	at org.junit.runners.ParentRunner.access$000(ParentRunner.java:41)
	at org.junit.runners.ParentRunner$1.evaluate(ParentRunner.java:173)
	at org.junit.internal.runners.statements.RunBefores.evaluate(RunBefores.java:28)
	at org.junit.internal.runners.statements.RunAfters.evaluate(RunAfters.java:31)
	at org.junit.runners.ParentRunner.run(ParentRunner.java:220)
	at org.junit.runners.Suite.runChild(Suite.java:115)
	at org.junit.runners.Suite.runChild(Suite.java:23)
	at org.junit.runners.ParentRunner.runChildren(ParentRunner.java:180)
	at org.junit.runners.ParentRunner.access$000(ParentRunner.java:41)
	at org.junit.runners.ParentRunner$1.evaluate(ParentRunner.java:173)
	at org.junit.internal.runners.statements.RunBefores.evaluate(RunBefores.java:28)
	at org.junit.internal.runners.statements.RunAfters.evaluate(RunAfters.java:31)
	at org.junit.runners.ParentRunner.run(ParentRunner.java:220)
	at org.junit.runners.Suite.runChild(Suite.java:115)
	at org.junit.runners.Suite.runChild(Suite.java:23)
	at org.junit.runners.ParentRunner.runChildren(ParentRunner.java:180)
	at org.junit.runners.ParentRunner.access$000(ParentRunner.java:41)
	at org.junit.runners.ParentRunner$1.evaluate(ParentRunner.java:173)
	at org.junit.internal.runners.statements.RunBefores.evaluate(RunBefores.java:28)
	at org.junit.internal.runners.statements.RunAfters.evaluate(RunAfters.java:31)
	at org.junit.runners.ParentRunner.run(ParentRunner.java:220)
	at junit.framework.JUnit4TestAdapter.run(JUnit4TestAdapter.java:39)
	at org.apache.tools.ant.taskdefs.optional.junit.JUnitTestRunner.run(JUnitTestRunner.java:421)
	at org.apache.tools.ant.taskdefs.optional.junit.JUnitTestRunner.launch(JUnitTestRunner.java:912)
	at org.apache.tools.ant.taskdefs.optional.junit.JUnitTestRunner.main(JUnitTestRunner.java:766)
Enter into Method: ContestEligibilityManagerBean#remove At Tue Oct 20 14:02:07 GMT 2009
Parameters: [ contestEligibility = com.topcoder.service.contest.eligibility.GroupContestEligibility with id=1 ]
Exit out Method: ContestEligibilityManagerBean#remove At Tue Oct 20 14:02:07 GMT 2009
Enter into Method: ContestEligibilityManagerBean#save At Tue Oct 20 14:02:07 GMT 2009
Parameters: [ list = null ]
Error recognized: The argument list cannot be null.
java.lang.IllegalArgumentException: The argument list cannot be null.
	at com.topcoder.service.contest.eligibility.dao.ContestEligibilityManagerBean.checkNull(ContestEligibilityManagerBean.java:325)
	at com.topcoder.service.contest.eligibility.dao.ContestEligibilityManagerBean.save(ContestEligibilityManagerBean.java:186)
	at com.topcoder.service.contest.eligibility.failuretests.ContestEligibilityManagerBeanFailureTest.testSaveNull(ContestEligibilityManagerBeanFailureTest.java:163)
	at sun.reflect.NativeMethodAccessorImpl.invoke0(Native Method)
	at sun.reflect.NativeMethodAccessorImpl.invoke(NativeMethodAccessorImpl.java:39)
	at sun.reflect.DelegatingMethodAccessorImpl.invoke(DelegatingMethodAccessorImpl.java:25)
	at java.lang.reflect.Method.invoke(Method.java:585)
	at org.junit.runners.model.FrameworkMethod$1.runReflectiveCall(FrameworkMethod.java:44)
	at org.junit.internal.runners.model.ReflectiveCallable.run(ReflectiveCallable.java:15)
	at org.junit.runners.model.FrameworkMethod.invokeExplosively(FrameworkMethod.java:41)
	at org.junit.internal.runners.statements.InvokeMethod.evaluate(InvokeMethod.java:20)
	at org.junit.internal.runners.statements.ExpectException.evaluate(ExpectException.java:22)
	at org.junit.internal.runners.statements.RunBefores.evaluate(RunBefores.java:28)
	at org.junit.internal.runners.statements.RunAfters.evaluate(RunAfters.java:31)
	at org.junit.runners.BlockJUnit4ClassRunner.runChild(BlockJUnit4ClassRunner.java:73)
	at org.junit.runners.BlockJUnit4ClassRunner.runChild(BlockJUnit4ClassRunner.java:46)
	at org.junit.runners.ParentRunner.runChildren(ParentRunner.java:180)
	at org.junit.runners.ParentRunner.access$000(ParentRunner.java:41)
	at org.junit.runners.ParentRunner$1.evaluate(ParentRunner.java:173)
	at org.junit.internal.runners.statements.RunBefores.evaluate(RunBefores.java:28)
	at org.junit.internal.runners.statements.RunAfters.evaluate(RunAfters.java:31)
	at org.junit.runners.ParentRunner.run(ParentRunner.java:220)
	at org.junit.runners.Suite.runChild(Suite.java:115)
	at org.junit.runners.Suite.runChild(Suite.java:23)
	at org.junit.runners.ParentRunner.runChildren(ParentRunner.java:180)
	at org.junit.runners.ParentRunner.access$000(ParentRunner.java:41)
	at org.junit.runners.ParentRunner$1.evaluate(ParentRunner.java:173)
	at org.junit.internal.runners.statements.RunBefores.evaluate(RunBefores.java:28)
	at org.junit.internal.runners.statements.RunAfters.evaluate(RunAfters.java:31)
	at org.junit.runners.ParentRunner.run(ParentRunner.java:220)
	at org.junit.runners.Suite.runChild(Suite.java:115)
	at org.junit.runners.Suite.runChild(Suite.java:23)
	at org.junit.runners.ParentRunner.runChildren(ParentRunner.java:180)
	at org.junit.runners.ParentRunner.access$000(ParentRunner.java:41)
	at org.junit.runners.ParentRunner$1.evaluate(ParentRunner.java:173)
	at org.junit.internal.runners.statements.RunBefores.evaluate(RunBefores.java:28)
	at org.junit.internal.runners.statements.RunAfters.evaluate(RunAfters.java:31)
	at org.junit.runners.ParentRunner.run(ParentRunner.java:220)
	at junit.framework.JUnit4TestAdapter.run(JUnit4TestAdapter.java:39)
	at org.apache.tools.ant.taskdefs.optional.junit.JUnitTestRunner.run(JUnitTestRunner.java:421)
	at org.apache.tools.ant.taskdefs.optional.junit.JUnitTestRunner.launch(JUnitTestRunner.java:912)
	at org.apache.tools.ant.taskdefs.optional.junit.JUnitTestRunner.main(JUnitTestRunner.java:766)
Enter into Method: ContestEligibilityManagerBean#save At Tue Oct 20 14:02:07 GMT 2009
Parameters: [ list = [] ]
Exit out Method: ContestEligibilityManagerBean#save At Tue Oct 20 14:02:07 GMT 2009
Enter into Method: ContestEligibilityManagerBean#save At Tue Oct 20 14:02:07 GMT 2009
Parameters: [ list = {  null} ]
Error recognized: The argument contest eligibility in list cannot be null.
java.lang.IllegalArgumentException: The argument contest eligibility in list cannot be null.
	at com.topcoder.service.contest.eligibility.dao.ContestEligibilityManagerBean.checkNull(ContestEligibilityManagerBean.java:325)
	at com.topcoder.service.contest.eligibility.dao.ContestEligibilityManagerBean.save(ContestEligibilityManagerBean.java:188)
	at com.topcoder.service.contest.eligibility.failuretests.ContestEligibilityManagerBeanFailureTest.testSaveContaingingNull(ContestEligibilityManagerBeanFailureTest.java:193)
	at sun.reflect.NativeMethodAccessorImpl.invoke0(Native Method)
	at sun.reflect.NativeMethodAccessorImpl.invoke(NativeMethodAccessorImpl.java:39)
	at sun.reflect.DelegatingMethodAccessorImpl.invoke(DelegatingMethodAccessorImpl.java:25)
	at java.lang.reflect.Method.invoke(Method.java:585)
	at org.junit.runners.model.FrameworkMethod$1.runReflectiveCall(FrameworkMethod.java:44)
	at org.junit.internal.runners.model.ReflectiveCallable.run(ReflectiveCallable.java:15)
	at org.junit.runners.model.FrameworkMethod.invokeExplosively(FrameworkMethod.java:41)
	at org.junit.internal.runners.statements.InvokeMethod.evaluate(InvokeMethod.java:20)
	at org.junit.internal.runners.statements.ExpectException.evaluate(ExpectException.java:22)
	at org.junit.internal.runners.statements.RunBefores.evaluate(RunBefores.java:28)
	at org.junit.internal.runners.statements.RunAfters.evaluate(RunAfters.java:31)
	at org.junit.runners.BlockJUnit4ClassRunner.runChild(BlockJUnit4ClassRunner.java:73)
	at org.junit.runners.BlockJUnit4ClassRunner.runChild(BlockJUnit4ClassRunner.java:46)
	at org.junit.runners.ParentRunner.runChildren(ParentRunner.java:180)
	at org.junit.runners.ParentRunner.access$000(ParentRunner.java:41)
	at org.junit.runners.ParentRunner$1.evaluate(ParentRunner.java:173)
	at org.junit.internal.runners.statements.RunBefores.evaluate(RunBefores.java:28)
	at org.junit.internal.runners.statements.RunAfters.evaluate(RunAfters.java:31)
	at org.junit.runners.ParentRunner.run(ParentRunner.java:220)
	at org.junit.runners.Suite.runChild(Suite.java:115)
	at org.junit.runners.Suite.runChild(Suite.java:23)
	at org.junit.runners.ParentRunner.runChildren(ParentRunner.java:180)
	at org.junit.runners.ParentRunner.access$000(ParentRunner.java:41)
	at org.junit.runners.ParentRunner$1.evaluate(ParentRunner.java:173)
	at org.junit.internal.runners.statements.RunBefores.evaluate(RunBefores.java:28)
	at org.junit.internal.runners.statements.RunAfters.evaluate(RunAfters.java:31)
	at org.junit.runners.ParentRunner.run(ParentRunner.java:220)
	at org.junit.runners.Suite.runChild(Suite.java:115)
	at org.junit.runners.Suite.runChild(Suite.java:23)
	at org.junit.runners.ParentRunner.runChildren(ParentRunner.java:180)
	at org.junit.runners.ParentRunner.access$000(ParentRunner.java:41)
	at org.junit.runners.ParentRunner$1.evaluate(ParentRunner.java:173)
	at org.junit.internal.runners.statements.RunBefores.evaluate(RunBefores.java:28)
	at org.junit.internal.runners.statements.RunAfters.evaluate(RunAfters.java:31)
	at org.junit.runners.ParentRunner.run(ParentRunner.java:220)
	at junit.framework.JUnit4TestAdapter.run(JUnit4TestAdapter.java:39)
	at org.apache.tools.ant.taskdefs.optional.junit.JUnitTestRunner.run(JUnitTestRunner.java:421)
	at org.apache.tools.ant.taskdefs.optional.junit.JUnitTestRunner.launch(JUnitTestRunner.java:912)
	at org.apache.tools.ant.taskdefs.optional.junit.JUnitTestRunner.main(JUnitTestRunner.java:766)
Enter into Method: ContestEligibilityManagerBean#save At Tue Oct 20 14:02:07 GMT 2009
Parameters: [ list = {com.topcoder.service.contest.eligibility.GroupContestEligibility with id=0  } ]
Exit out Method: ContestEligibilityManagerBean#save At Tue Oct 20 14:02:07 GMT 2009
Enter into Method: ContestEligibilityManagerBean#getContestEligibility At Tue Oct 20 14:02:07 GMT 2009
Parameters: [ contestId = 100 ] [ isStudio = true ]
Exit out Method: ContestEligibilityManagerBean#getContestEligibility At Tue Oct 20 14:02:07 GMT 2009
Enter into Method: ContestEligibilityManagerBean#create At Tue Oct 20 14:02:07 GMT 2009
Parameters: [ contestEligibility = com.topcoder.service.contest.eligibility.GroupContestEligibility with id=0 ]
Exit out Method: ContestEligibilityManagerBean#create At Tue Oct 20 14:02:07 GMT 2009
Enter into Method: ContestEligibilityManagerBean#create At Tue Oct 20 14:02:07 GMT 2009
Parameters: [ contestEligibility = com.topcoder.service.contest.eligibility.GroupContestEligibility with id=0 ]
Exit out Method: ContestEligibilityManagerBean#create At Tue Oct 20 14:02:07 GMT 2009
Enter into Method: ContestEligibilityManagerBean#create At Tue Oct 20 14:02:07 GMT 2009
Parameters: [ contestEligibility = com.topcoder.service.contest.eligibility.GroupContestEligibility with id=0 ]
Exit out Method: ContestEligibilityManagerBean#create At Tue Oct 20 14:02:07 GMT 2009
Enter into Method: ContestEligibilityManagerBean#getContestEligibility At Tue Oct 20 14:02:07 GMT 2009
Parameters: [ contestId = 100 ] [ isStudio = true ]
Exit out Method: ContestEligibilityManagerBean#getContestEligibility At Tue Oct 20 14:02:07 GMT 2009
Enter into Method: ContestEligibilityManagerBean#getContestEligibility At Tue Oct 20 14:02:07 GMT 2009
Parameters: [ contestId = 100 ] [ isStudio = true ]
Exit out Method: ContestEligibilityManagerBean#getContestEligibility At Tue Oct 20 14:02:07 GMT 2009
Enter into Method: ContestEligibilityManagerBean#create At Tue Oct 20 14:02:07 GMT 2009
Parameters: [ contestEligibility = com.topcoder.service.contest.eligibility.GroupContestEligibility with id=0 ]
Exit out Method: ContestEligibilityManagerBean#create At Tue Oct 20 14:02:07 GMT 2009
Enter into Method: ContestEligibilityManagerBean#create At Tue Oct 20 14:02:07 GMT 2009
Parameters: [ contestEligibility = com.topcoder.service.contest.eligibility.GroupContestEligibility with id=0 ]
Exit out Method: ContestEligibilityManagerBean#create At Tue Oct 20 14:02:07 GMT 2009
Enter into Method: ContestEligibilityManagerBean#create At Tue Oct 20 14:02:07 GMT 2009
Parameters: [ contestEligibility = com.topcoder.service.contest.eligibility.GroupContestEligibility with id=0 ]
Exit out Method: ContestEligibilityManagerBean#create At Tue Oct 20 14:02:07 GMT 2009
Enter into Method: ContestEligibilityManagerBean#getContestEligibility At Tue Oct 20 14:02:07 GMT 2009
Parameters: [ contestId = 100 ] [ isStudio = true ]
Exit out Method: ContestEligibilityManagerBean#getContestEligibility At Tue Oct 20 14:02:07 GMT 2009
Enter into Method: ContestEligibilityManagerBean#getContestEligibility At Tue Oct 20 14:02:07 GMT 2009
Parameters: [ contestId = 100 ] [ isStudio = true ]
Exit out Method: ContestEligibilityManagerBean#getContestEligibility At Tue Oct 20 14:02:07 GMT 2009
Enter into Method: ContestEligibilityManagerBean#create At Tue Oct 20 14:02:07 GMT 2009
Parameters: [ contestEligibility = com.topcoder.service.contest.eligibility.GroupContestEligibility with id=0 ]
Exit out Method: ContestEligibilityManagerBean#create At Tue Oct 20 14:02:07 GMT 2009
Enter into Method: ContestEligibilityManagerBean#create At Tue Oct 20 14:02:07 GMT 2009
Parameters: [ contestEligibility = com.topcoder.service.contest.eligibility.GroupContestEligibility with id=0 ]
Exit out Method: ContestEligibilityManagerBean#create At Tue Oct 20 14:02:07 GMT 2009
Enter into Method: ContestEligibilityManagerBean#create At Tue Oct 20 14:02:07 GMT 2009
Parameters: [ contestEligibility = com.topcoder.service.contest.eligibility.GroupContestEligibility with id=0 ]
Exit out Method: ContestEligibilityManagerBean#create At Tue Oct 20 14:02:07 GMT 2009
Enter into Method: ContestEligibilityManagerBean#getContestEligibility At Tue Oct 20 14:02:07 GMT 2009
Parameters: [ contestId = 100 ] [ isStudio = true ]
Exit out Method: ContestEligibilityManagerBean#getContestEligibility At Tue Oct 20 14:02:07 GMT 2009
Enter into Method: ContestEligibilityManagerBean#getContestEligibility At Tue Oct 20 14:02:07 GMT 2009
Parameters: [ contestId = 100 ] [ isStudio = true ]
Exit out Method: ContestEligibilityManagerBean#getContestEligibility At Tue Oct 20 14:02:07 GMT 2009
Enter into Method: ContestEligibilityManagerBean#create At Tue Oct 20 14:02:07 GMT 2009
Parameters: [ contestEligibility = com.topcoder.service.contest.eligibility.GroupContestEligibility with id=0 ]
Exit out Method: ContestEligibilityManagerBean#create At Tue Oct 20 14:02:07 GMT 2009
Enter into Method: ContestEligibilityManagerBean#create At Tue Oct 20 14:02:07 GMT 2009
Parameters: [ contestEligibility = com.topcoder.service.contest.eligibility.GroupContestEligibility with id=0 ]
Exit out Method: ContestEligibilityManagerBean#create At Tue Oct 20 14:02:07 GMT 2009
Enter into Method: ContestEligibilityManagerBean#create At Tue Oct 20 14:02:07 GMT 2009
Parameters: [ contestEligibility = com.topcoder.service.contest.eligibility.GroupContestEligibility with id=0 ]
Exit out Method: ContestEligibilityManagerBean#create At Tue Oct 20 14:02:07 GMT 2009
Enter into Method: ContestEligibilityManagerBean#getContestEligibility At Tue Oct 20 14:02:07 GMT 2009
Parameters: [ contestId = 100 ] [ isStudio = true ]
Exit out Method: ContestEligibilityManagerBean#getContestEligibility At Tue Oct 20 14:02:07 GMT 2009
Enter into Method: ContestEligibilityManagerBean#getContestEligibility At Tue Oct 20 14:02:07 GMT 2009
Parameters: [ contestId = 100 ] [ isStudio = true ]
Exit out Method: ContestEligibilityManagerBean#getContestEligibility At Tue Oct 20 14:02:07 GMT 2009
Enter into Method: ContestEligibilityManagerBean#create At Tue Oct 20 14:02:07 GMT 2009
Parameters: [ contestEligibility = com.topcoder.service.contest.eligibility.GroupContestEligibility with id=0 ]
Exit out Method: ContestEligibilityManagerBean#create At Tue Oct 20 14:02:07 GMT 2009
Enter into Method: ContestEligibilityManagerBean#create At Tue Oct 20 14:02:07 GMT 2009
Parameters: [ contestEligibility = com.topcoder.service.contest.eligibility.GroupContestEligibility with id=0 ]
Exit out Method: ContestEligibilityManagerBean#create At Tue Oct 20 14:02:07 GMT 2009
Enter into Method: ContestEligibilityManagerBean#create At Tue Oct 20 14:02:07 GMT 2009
Parameters: [ contestEligibility = com.topcoder.service.contest.eligibility.GroupContestEligibility with id=0 ]
Exit out Method: ContestEligibilityManagerBean#create At Tue Oct 20 14:02:07 GMT 2009
Enter into Method: ContestEligibilityManagerBean#getContestEligibility At Tue Oct 20 14:02:07 GMT 2009
Parameters: [ contestId = 100 ] [ isStudio = true ]
Exit out Method: ContestEligibilityManagerBean#getContestEligibility At Tue Oct 20 14:02:07 GMT 2009
Enter into Method: ContestEligibilityManagerBean#create At Tue Oct 20 14:02:07 GMT 2009
Parameters: [ contestEligibility = com.topcoder.service.contest.eligibility.GroupContestEligibility with id=0 ]
Exit out Method: ContestEligibilityManagerBean#create At Tue Oct 20 14:02:07 GMT 2009
Enter into Method: ContestEligibilityManagerBean#create At Tue Oct 20 14:02:07 GMT 2009
Parameters: [ contestEligibility = com.topcoder.service.contest.eligibility.GroupContestEligibility with id=0 ]
Exit out Method: ContestEligibilityManagerBean#create At Tue Oct 20 14:02:07 GMT 2009
Enter into Method: ContestEligibilityManagerBean#create At Tue Oct 20 14:02:07 GMT 2009
Parameters: [ contestEligibility = com.topcoder.service.contest.eligibility.GroupContestEligibility with id=0 ]
Exit out Method: ContestEligibilityManagerBean#create At Tue Oct 20 14:02:07 GMT 2009
Enter into Method: ContestEligibilityManagerBean#create At Tue Oct 20 14:02:07 GMT 2009
Parameters: [ contestEligibility = com.topcoder.service.contest.eligibility.GroupContestEligibility with id=0 ]
Exit out Method: ContestEligibilityManagerBean#create At Tue Oct 20 14:02:07 GMT 2009
Enter into Method: ContestEligibilityManagerBean#create At Tue Oct 20 14:02:07 GMT 2009
Parameters: [ contestEligibility = com.topcoder.service.contest.eligibility.GroupContestEligibility with id=0 ]
Exit out Method: ContestEligibilityManagerBean#create At Tue Oct 20 14:02:07 GMT 2009
Enter into Method: ContestEligibilityManagerBean#create At Tue Oct 20 14:02:07 GMT 2009
Parameters: [ contestEligibility = com.topcoder.service.contest.eligibility.GroupContestEligibility with id=0 ]
Exit out Method: ContestEligibilityManagerBean#create At Tue Oct 20 14:02:07 GMT 2009
Enter into Method: ContestEligibilityManagerBean#create At Tue Oct 20 14:02:07 GMT 2009
Parameters: [ contestEligibility = com.topcoder.service.contest.eligibility.GroupContestEligibility with id=0 ]
Exit out Method: ContestEligibilityManagerBean#create At Tue Oct 20 14:02:07 GMT 2009
Enter into Method: ContestEligibilityManagerBean#create At Tue Oct 20 14:02:07 GMT 2009
Parameters: [ contestEligibility = com.topcoder.service.contest.eligibility.GroupContestEligibility with id=0 ]
Exit out Method: ContestEligibilityManagerBean#create At Tue Oct 20 14:02:07 GMT 2009
Enter into Method: ContestEligibilityManagerBean#create At Tue Oct 20 14:02:07 GMT 2009
Parameters: [ contestEligibility = com.topcoder.service.contest.eligibility.GroupContestEligibility with id=0 ]
Exit out Method: ContestEligibilityManagerBean#create At Tue Oct 20 14:02:07 GMT 2009
Enter into Method: ContestEligibilityManagerBean#create At Tue Oct 20 14:02:07 GMT 2009
Parameters: [ contestEligibility = com.topcoder.service.contest.eligibility.GroupContestEligibility with id=0 ]
Exit out Method: ContestEligibilityManagerBean#create At Tue Oct 20 14:02:07 GMT 2009
Enter into Method: ContestEligibilityManagerBean#create At Tue Oct 20 14:02:07 GMT 2009
Parameters: [ contestEligibility = com.topcoder.service.contest.eligibility.GroupContestEligibility with id=0 ]
Exit out Method: ContestEligibilityManagerBean#create At Tue Oct 20 14:02:07 GMT 2009
Enter into Method: ContestEligibilityManagerBean#create At Tue Oct 20 14:02:07 GMT 2009
Parameters: [ contestEligibility = com.topcoder.service.contest.eligibility.GroupContestEligibility with id=0 ]
Exit out Method: ContestEligibilityManagerBean#create At Tue Oct 20 14:02:07 GMT 2009
Enter into Method: ContestEligibilityManagerBean#create At Tue Oct 20 14:02:07 GMT 2009
Parameters: [ contestEligibility = com.topcoder.service.contest.eligibility.GroupContestEligibility with id=0 ]
Exit out Method: ContestEligibilityManagerBean#create At Tue Oct 20 14:02:07 GMT 2009
Enter into Method: ContestEligibilityManagerBean#create At Tue Oct 20 14:02:07 GMT 2009
Parameters: [ contestEligibility = com.topcoder.service.contest.eligibility.GroupContestEligibility with id=0 ]
Exit out Method: ContestEligibilityManagerBean#create At Tue Oct 20 14:02:07 GMT 2009
Enter into Method: ContestEligibilityManagerBean#create At Tue Oct 20 14:02:07 GMT 2009
Parameters: [ contestEligibility = com.topcoder.service.contest.eligibility.GroupContestEligibility with id=0 ]
Exit out Method: ContestEligibilityManagerBean#create At Tue Oct 20 14:02:07 GMT 2009
Enter into Method: ContestEligibilityManagerBean#getContestEligibility At Tue Oct 20 14:02:07 GMT 2009
Parameters: [ contestId = 100 ] [ isStudio = true ]
Exit out Method: ContestEligibilityManagerBean#getContestEligibility At Tue Oct 20 14:02:07 GMT 2009
Enter into Method: ContestEligibilityManagerBean#getContestEligibility At Tue Oct 20 14:02:07 GMT 2009
Parameters: [ contestId = 100 ] [ isStudio = false ]
Exit out Method: ContestEligibilityManagerBean#getContestEligibility At Tue Oct 20 14:02:07 GMT 2009
Enter into Method: ContestEligibilityManagerBean#create At Tue Oct 20 14:02:07 GMT 2009
Parameters: [ contestEligibility = com.topcoder.service.contest.eligibility.GroupContestEligibility with id=0 ]
Exit out Method: ContestEligibilityManagerBean#create At Tue Oct 20 14:02:07 GMT 2009
Enter into Method: ContestEligibilityManagerBean#create At Tue Oct 20 14:02:07 GMT 2009
Parameters: [ contestEligibility = com.topcoder.service.contest.eligibility.GroupContestEligibility with id=0 ]
Exit out Method: ContestEligibilityManagerBean#create At Tue Oct 20 14:02:07 GMT 2009
Enter into Method: ContestEligibilityManagerBean#create At Tue Oct 20 14:02:07 GMT 2009
Parameters: [ contestEligibility = com.topcoder.service.contest.eligibility.GroupContestEligibility with id=0 ]
Exit out Method: ContestEligibilityManagerBean#create At Tue Oct 20 14:02:07 GMT 2009
Enter into Method: ContestEligibilityManagerBean#create At Tue Oct 20 14:02:07 GMT 2009
Parameters: [ contestEligibility = com.topcoder.service.contest.eligibility.GroupContestEligibility with id=0 ]
Exit out Method: ContestEligibilityManagerBean#create At Tue Oct 20 14:02:07 GMT 2009
Enter into Method: ContestEligibilityManagerBean#create At Tue Oct 20 14:02:07 GMT 2009
Parameters: [ contestEligibility = com.topcoder.service.contest.eligibility.GroupContestEligibility with id=0 ]
Exit out Method: ContestEligibilityManagerBean#create At Tue Oct 20 14:02:07 GMT 2009
Enter into Method: ContestEligibilityManagerBean#create At Tue Oct 20 14:02:07 GMT 2009
Parameters: [ contestEligibility = com.topcoder.service.contest.eligibility.GroupContestEligibility with id=0 ]
Exit out Method: ContestEligibilityManagerBean#create At Tue Oct 20 14:02:07 GMT 2009
Enter into Method: ContestEligibilityManagerBean#create At Tue Oct 20 14:02:07 GMT 2009
Parameters: [ contestEligibility = com.topcoder.service.contest.eligibility.GroupContestEligibility with id=0 ]
Exit out Method: ContestEligibilityManagerBean#create At Tue Oct 20 14:02:07 GMT 2009
Enter into Method: ContestEligibilityManagerBean#create At Tue Oct 20 14:02:07 GMT 2009
Parameters: [ contestEligibility = com.topcoder.service.contest.eligibility.GroupContestEligibility with id=0 ]
Exit out Method: ContestEligibilityManagerBean#create At Tue Oct 20 14:02:07 GMT 2009
Enter into Method: ContestEligibilityManagerBean#create At Tue Oct 20 14:02:07 GMT 2009
Parameters: [ contestEligibility = com.topcoder.service.contest.eligibility.GroupContestEligibility with id=0 ]
Exit out Method: ContestEligibilityManagerBean#create At Tue Oct 20 14:02:07 GMT 2009
Enter into Method: ContestEligibilityManagerBean#create At Tue Oct 20 14:02:07 GMT 2009
Parameters: [ contestEligibility = com.topcoder.service.contest.eligibility.GroupContestEligibility with id=0 ]
Exit out Method: ContestEligibilityManagerBean#create At Tue Oct 20 14:02:07 GMT 2009
Enter into Method: ContestEligibilityManagerBean#create At Tue Oct 20 14:02:07 GMT 2009
Parameters: [ contestEligibility = com.topcoder.service.contest.eligibility.GroupContestEligibility with id=0 ]
Exit out Method: ContestEligibilityManagerBean#create At Tue Oct 20 14:02:07 GMT 2009
Enter into Method: ContestEligibilityManagerBean#create At Tue Oct 20 14:02:07 GMT 2009
Parameters: [ contestEligibility = com.topcoder.service.contest.eligibility.GroupContestEligibility with id=0 ]
Exit out Method: ContestEligibilityManagerBean#create At Tue Oct 20 14:02:07 GMT 2009
Enter into Method: ContestEligibilityManagerBean#create At Tue Oct 20 14:02:07 GMT 2009
Parameters: [ contestEligibility = com.topcoder.service.contest.eligibility.GroupContestEligibility with id=0 ]
Exit out Method: ContestEligibilityManagerBean#create At Tue Oct 20 14:02:07 GMT 2009
Enter into Method: ContestEligibilityManagerBean#create At Tue Oct 20 14:02:07 GMT 2009
Parameters: [ contestEligibility = com.topcoder.service.contest.eligibility.GroupContestEligibility with id=0 ]
Exit out Method: ContestEligibilityManagerBean#create At Tue Oct 20 14:02:07 GMT 2009
Enter into Method: ContestEligibilityManagerBean#create At Tue Oct 20 14:02:07 GMT 2009
Parameters: [ contestEligibility = com.topcoder.service.contest.eligibility.GroupContestEligibility with id=0 ]
Exit out Method: ContestEligibilityManagerBean#create At Tue Oct 20 14:02:07 GMT 2009
Enter into Method: ContestEligibilityManagerBean#getContestEligibility At Tue Oct 20 14:02:07 GMT 2009
Parameters: [ contestId = 100 ] [ isStudio = true ]
Exit out Method: ContestEligibilityManagerBean#getContestEligibility At Tue Oct 20 14:02:07 GMT 2009
Enter into Method: ContestEligibilityManagerBean#remove At Tue Oct 20 14:02:07 GMT 2009
Parameters: [ contestEligibility = com.topcoder.service.contest.eligibility.GroupContestEligibility with id=11300 ]
Exit out Method: ContestEligibilityManagerBean#remove At Tue Oct 20 14:02:07 GMT 2009
Enter into Method: ContestEligibilityManagerBean#remove At Tue Oct 20 14:02:07 GMT 2009
Parameters: [ contestEligibility = com.topcoder.service.contest.eligibility.GroupContestEligibility with id=11301 ]
Exit out Method: ContestEligibilityManagerBean#remove At Tue Oct 20 14:02:07 GMT 2009
Enter into Method: ContestEligibilityManagerBean#remove At Tue Oct 20 14:02:07 GMT 2009
Parameters: [ contestEligibility = com.topcoder.service.contest.eligibility.GroupContestEligibility with id=11303 ]
Exit out Method: ContestEligibilityManagerBean#remove At Tue Oct 20 14:02:07 GMT 2009
Enter into Method: ContestEligibilityManagerBean#remove At Tue Oct 20 14:02:07 GMT 2009
Parameters: [ contestEligibility = com.topcoder.service.contest.eligibility.GroupContestEligibility with id=11304 ]
Exit out Method: ContestEligibilityManagerBean#remove At Tue Oct 20 14:02:07 GMT 2009
Enter into Method: ContestEligibilityManagerBean#remove At Tue Oct 20 14:02:07 GMT 2009
Parameters: [ contestEligibility = com.topcoder.service.contest.eligibility.GroupContestEligibility with id=11306 ]
Exit out Method: ContestEligibilityManagerBean#remove At Tue Oct 20 14:02:07 GMT 2009
Enter into Method: ContestEligibilityManagerBean#remove At Tue Oct 20 14:02:07 GMT 2009
Parameters: [ contestEligibility = com.topcoder.service.contest.eligibility.GroupContestEligibility with id=11307 ]
Exit out Method: ContestEligibilityManagerBean#remove At Tue Oct 20 14:02:07 GMT 2009
Enter into Method: ContestEligibilityManagerBean#remove At Tue Oct 20 14:02:07 GMT 2009
Parameters: [ contestEligibility = com.topcoder.service.contest.eligibility.GroupContestEligibility with id=11309 ]
Exit out Method: ContestEligibilityManagerBean#remove At Tue Oct 20 14:02:07 GMT 2009
Enter into Method: ContestEligibilityManagerBean#remove At Tue Oct 20 14:02:07 GMT 2009
Parameters: [ contestEligibility = com.topcoder.service.contest.eligibility.GroupContestEligibility with id=11310 ]
Exit out Method: ContestEligibilityManagerBean#remove At Tue Oct 20 14:02:07 GMT 2009
Enter into Method: ContestEligibilityManagerBean#remove At Tue Oct 20 14:02:07 GMT 2009
Parameters: [ contestEligibility = com.topcoder.service.contest.eligibility.GroupContestEligibility with id=11312 ]
Exit out Method: ContestEligibilityManagerBean#remove At Tue Oct 20 14:02:07 GMT 2009
Enter into Method: ContestEligibilityManagerBean#remove At Tue Oct 20 14:02:07 GMT 2009
Parameters: [ contestEligibility = com.topcoder.service.contest.eligibility.GroupContestEligibility with id=11313 ]
Exit out Method: ContestEligibilityManagerBean#remove At Tue Oct 20 14:02:07 GMT 2009
Enter into Method: ContestEligibilityManagerBean#getContestEligibility At Tue Oct 20 14:02:07 GMT 2009
Parameters: [ contestId = 100 ] [ isStudio = false ]
Exit out Method: ContestEligibilityManagerBean#getContestEligibility At Tue Oct 20 14:02:07 GMT 2009
Enter into Method: ContestEligibilityManagerBean#remove At Tue Oct 20 14:02:07 GMT 2009
Parameters: [ contestEligibility = com.topcoder.service.contest.eligibility.GroupContestEligibility with id=11302 ]
Exit out Method: ContestEligibilityManagerBean#remove At Tue Oct 20 14:02:07 GMT 2009
Enter into Method: ContestEligibilityManagerBean#remove At Tue Oct 20 14:02:07 GMT 2009
Parameters: [ contestEligibility = com.topcoder.service.contest.eligibility.GroupContestEligibility with id=11305 ]
Exit out Method: ContestEligibilityManagerBean#remove At Tue Oct 20 14:02:07 GMT 2009
Enter into Method: ContestEligibilityManagerBean#remove At Tue Oct 20 14:02:07 GMT 2009
Parameters: [ contestEligibility = com.topcoder.service.contest.eligibility.GroupContestEligibility with id=11308 ]
Exit out Method: ContestEligibilityManagerBean#remove At Tue Oct 20 14:02:07 GMT 2009
Enter into Method: ContestEligibilityManagerBean#remove At Tue Oct 20 14:02:07 GMT 2009
Parameters: [ contestEligibility = com.topcoder.service.contest.eligibility.GroupContestEligibility with id=11311 ]
Exit out Method: ContestEligibilityManagerBean#remove At Tue Oct 20 14:02:07 GMT 2009
Enter into Method: ContestEligibilityManagerBean#remove At Tue Oct 20 14:02:07 GMT 2009
Parameters: [ contestEligibility = com.topcoder.service.contest.eligibility.GroupContestEligibility with id=11314 ]
Exit out Method: ContestEligibilityManagerBean#remove At Tue Oct 20 14:02:07 GMT 2009
Enter into Method: ContestEligibilityManagerBean#getContestEligibility At Tue Oct 20 14:02:07 GMT 2009
Parameters: [ contestId = 100 ] [ isStudio = true ]
Exit out Method: ContestEligibilityManagerBean#getContestEligibility At Tue Oct 20 14:02:07 GMT 2009
Enter into Method: ContestEligibilityManagerBean#create At Tue Oct 20 14:02:07 GMT 2009
Parameters: [ contestEligibility = com.topcoder.service.contest.eligibility.GroupContestEligibility with id=0 ]
Exit out Method: ContestEligibilityManagerBean#create At Tue Oct 20 14:02:07 GMT 2009
Enter into Method: ContestEligibilityManagerBean#create At Tue Oct 20 14:02:07 GMT 2009
Parameters: [ contestEligibility = com.topcoder.service.contest.eligibility.GroupContestEligibility with id=0 ]
Exit out Method: ContestEligibilityManagerBean#create At Tue Oct 20 14:02:07 GMT 2009
Enter into Method: ContestEligibilityManagerBean#create At Tue Oct 20 14:02:07 GMT 2009
Parameters: [ contestEligibility = com.topcoder.service.contest.eligibility.GroupContestEligibility with id=0 ]
Exit out Method: ContestEligibilityManagerBean#create At Tue Oct 20 14:02:07 GMT 2009
Enter into Method: ContestEligibilityManagerBean#save At Tue Oct 20 14:02:07 GMT 2009
Parameters: [ list = {com.topcoder.service.contest.eligibility.GroupContestEligibility with id=11350  com.topcoder.service.contest.eligibility.GroupContestEligibility with id=11351  com.topcoder.service.contest.eligibility.GroupContestEligibility with id=11352  com.topcoder.service.contest.eligibility.GroupContestEligibility with id=0  } ]
Exit out Method: ContestEligibilityManagerBean#save At Tue Oct 20 14:02:07 GMT 2009
Enter into Method: ContestEligibilityManagerBean#create At Tue Oct 20 14:02:07 GMT 2009
Parameters: [ contestEligibility = com.topcoder.service.contest.eligibility.GroupContestEligibility with id=0 ]
Exit out Method: ContestEligibilityManagerBean#create At Tue Oct 20 14:02:07 GMT 2009
Enter into Method: ContestEligibilityManagerBean#create At Tue Oct 20 14:02:07 GMT 2009
Parameters: [ contestEligibility = com.topcoder.service.contest.eligibility.GroupContestEligibility with id=0 ]
Exit out Method: ContestEligibilityManagerBean#create At Tue Oct 20 14:02:07 GMT 2009
Enter into Method: ContestEligibilityManagerBean#create At Tue Oct 20 14:02:07 GMT 2009
Parameters: [ contestEligibility = com.topcoder.service.contest.eligibility.GroupContestEligibility with id=0 ]
Exit out Method: ContestEligibilityManagerBean#create At Tue Oct 20 14:02:07 GMT 2009
Enter into Method: ContestEligibilityManagerBean#save At Tue Oct 20 14:02:08 GMT 2009
Parameters: [ list = {com.topcoder.service.contest.eligibility.GroupContestEligibility with id=11354  com.topcoder.service.contest.eligibility.GroupContestEligibility with id=11355  com.topcoder.service.contest.eligibility.GroupContestEligibility with id=11356  com.topcoder.service.contest.eligibility.GroupContestEligibility with id=0  } ]
Exit out Method: ContestEligibilityManagerBean#save At Tue Oct 20 14:02:08 GMT 2009
Enter into Method: ContestEligibilityManagerBean#create At Tue Oct 20 14:02:08 GMT 2009
Parameters: [ contestEligibility = com.topcoder.service.contest.eligibility.GroupContestEligibility with id=0 ]
Exit out Method: ContestEligibilityManagerBean#create At Tue Oct 20 14:02:08 GMT 2009
Enter into Method: ContestEligibilityManagerBean#create At Tue Oct 20 14:02:08 GMT 2009
Parameters: [ contestEligibility = com.topcoder.service.contest.eligibility.GroupContestEligibility with id=0 ]
Exit out Method: ContestEligibilityManagerBean#create At Tue Oct 20 14:02:08 GMT 2009
Enter into Method: ContestEligibilityManagerBean#create At Tue Oct 20 14:02:08 GMT 2009
Parameters: [ contestEligibility = com.topcoder.service.contest.eligibility.GroupContestEligibility with id=0 ]
Exit out Method: ContestEligibilityManagerBean#create At Tue Oct 20 14:02:08 GMT 2009
Enter into Method: ContestEligibilityManagerBean#save At Tue Oct 20 14:02:08 GMT 2009
Parameters: [ list = {com.topcoder.service.contest.eligibility.GroupContestEligibility with id=11358  com.topcoder.service.contest.eligibility.GroupContestEligibility with id=11359  com.topcoder.service.contest.eligibility.GroupContestEligibility with id=11360  com.topcoder.service.contest.eligibility.GroupContestEligibility with id=0  } ]
Exit out Method: ContestEligibilityManagerBean#save At Tue Oct 20 14:02:08 GMT 2009
Enter into Method: ContestEligibilityManagerBean#create At Tue Oct 20 14:02:08 GMT 2009
Parameters: [ contestEligibility = com.topcoder.service.contest.eligibility.GroupContestEligibility with id=0 ]
Exit out Method: ContestEligibilityManagerBean#create At Tue Oct 20 14:02:08 GMT 2009
Enter into Method: ContestEligibilityManagerBean#create At Tue Oct 20 14:02:08 GMT 2009
Parameters: [ contestEligibility = com.topcoder.service.contest.eligibility.GroupContestEligibility with id=0 ]
Exit out Method: ContestEligibilityManagerBean#create At Tue Oct 20 14:02:08 GMT 2009
Enter into Method: ContestEligibilityManagerBean#create At Tue Oct 20 14:02:08 GMT 2009
Parameters: [ contestEligibility = com.topcoder.service.contest.eligibility.GroupContestEligibility with id=0 ]
Exit out Method: ContestEligibilityManagerBean#create At Tue Oct 20 14:02:08 GMT 2009
Enter into Method: ContestEligibilityManagerBean#save At Tue Oct 20 14:02:08 GMT 2009
Parameters: [ list = {com.topcoder.service.contest.eligibility.GroupContestEligibility with id=11362  com.topcoder.service.contest.eligibility.GroupContestEligibility with id=11363  com.topcoder.service.contest.eligibility.GroupContestEligibility with id=11364  com.topcoder.service.contest.eligibility.GroupContestEligibility with id=0  } ]
Exit out Method: ContestEligibilityManagerBean#save At Tue Oct 20 14:02:08 GMT 2009
Enter into Method: ContestEligibilityManagerBean#create At Tue Oct 20 14:02:08 GMT 2009
Parameters: [ contestEligibility = com.topcoder.service.contest.eligibility.GroupContestEligibility with id=0 ]
Exit out Method: ContestEligibilityManagerBean#create At Tue Oct 20 14:02:08 GMT 2009
Enter into Method: ContestEligibilityManagerBean#create At Tue Oct 20 14:02:08 GMT 2009
Parameters: [ contestEligibility = com.topcoder.service.contest.eligibility.GroupContestEligibility with id=0 ]
Exit out Method: ContestEligibilityManagerBean#create At Tue Oct 20 14:02:08 GMT 2009
Enter into Method: ContestEligibilityManagerBean#create At Tue Oct 20 14:02:08 GMT 2009
Parameters: [ contestEligibility = com.topcoder.service.contest.eligibility.GroupContestEligibility with id=0 ]
Exit out Method: ContestEligibilityManagerBean#create At Tue Oct 20 14:02:08 GMT 2009
Enter into Method: ContestEligibilityManagerBean#save At Tue Oct 20 14:02:08 GMT 2009
Parameters: [ list = {com.topcoder.service.contest.eligibility.GroupContestEligibility with id=11366  com.topcoder.service.contest.eligibility.GroupContestEligibility with id=11367  com.topcoder.service.contest.eligibility.GroupContestEligibility with id=11368  com.topcoder.service.contest.eligibility.GroupContestEligibility with id=0  } ]
Exit out Method: ContestEligibilityManagerBean#save At Tue Oct 20 14:02:08 GMT 2009
Enter into Method: ContestEligibilityManagerBean#create At Tue Oct 20 14:02:08 GMT 2009
Parameters: [ contestEligibility = com.topcoder.service.contest.eligibility.GroupContestEligibility with id=0 ]
Exit out Method: ContestEligibilityManagerBean#create At Tue Oct 20 14:02:08 GMT 2009
Enter into Method: ContestEligibilityManagerBean#create At Tue Oct 20 14:02:08 GMT 2009
Parameters: [ contestEligibility = com.topcoder.service.contest.eligibility.GroupContestEligibility with id=0 ]
Exit out Method: ContestEligibilityManagerBean#create At Tue Oct 20 14:02:08 GMT 2009
Enter into Method: ContestEligibilityManagerBean#create At Tue Oct 20 14:02:08 GMT 2009
Parameters: [ contestEligibility = com.topcoder.service.contest.eligibility.GroupContestEligibility with id=0 ]
Exit out Method: ContestEligibilityManagerBean#create At Tue Oct 20 14:02:08 GMT 2009
Enter into Method: ContestEligibilityManagerBean#getContestEligibility At Tue Oct 20 14:02:08 GMT 2009
Parameters: [ contestId = 123 ] [ isStudio = true ]
Exit out Method: ContestEligibilityManagerBean#getContestEligibility At Tue Oct 20 14:02:08 GMT 2009
Enter into Method: ContestEligibilityManagerBean#create At Tue Oct 20 14:02:08 GMT 2009
Parameters: [ contestEligibility = com.topcoder.service.contest.eligibility.GroupContestEligibility with id=0 ]
Exit out Method: ContestEligibilityManagerBean#create At Tue Oct 20 14:02:08 GMT 2009
Enter into Method: ContestEligibilityManagerBean#create At Tue Oct 20 14:02:08 GMT 2009
Parameters: [ contestEligibility = com.topcoder.service.contest.eligibility.GroupContestEligibility with id=0 ]
Exit out Method: ContestEligibilityManagerBean#create At Tue Oct 20 14:02:08 GMT 2009
Enter into Method: ContestEligibilityManagerBean#create At Tue Oct 20 14:02:08 GMT 2009
Parameters: [ contestEligibility = com.topcoder.service.contest.eligibility.GroupContestEligibility with id=0 ]
Exit out Method: ContestEligibilityManagerBean#create At Tue Oct 20 14:02:08 GMT 2009
Enter into Method: ContestEligibilityManagerBean#save At Tue Oct 20 14:02:08 GMT 2009
Parameters: [ list = {com.topcoder.service.contest.eligibility.GroupContestEligibility with id=11404  com.topcoder.service.contest.eligibility.GroupContestEligibility with id=11405  com.topcoder.service.contest.eligibility.GroupContestEligibility with id=0  } ]
Exit out Method: ContestEligibilityManagerBean#save At Tue Oct 20 14:02:08 GMT 2009
Enter into Method: ContestEligibilityManagerBean#getContestEligibility At Tue Oct 20 14:02:08 GMT 2009
Parameters: [ contestId = 111 ] [ isStudio = true ]
Exit out Method: ContestEligibilityManagerBean#getContestEligibility At Tue Oct 20 14:02:08 GMT 2009
Enter into Method: ContestEligibilityManagerBean#getContestEligibility At Tue Oct 20 14:02:08 GMT 2009
Parameters: [ contestId = 111 ] [ isStudio = true ]
Exit out Method: ContestEligibilityManagerBean#getContestEligibility At Tue Oct 20 14:02:08 GMT 2009
Enter into Method: ContestEligibilityManagerBean#create At Tue Oct 20 14:02:08 GMT 2009
Parameters: [ contestEligibility = com.topcoder.service.contest.eligibility.GroupContestEligibility with id=0 ]
Exit out Method: ContestEligibilityManagerBean#create At Tue Oct 20 14:02:08 GMT 2009
Enter into Method: ContestEligibilityManagerBean#getContestEligibility At Tue Oct 20 14:02:08 GMT 2009
Parameters: [ contestId = 111 ] [ isStudio = true ]
Exit out Method: ContestEligibilityManagerBean#getContestEligibility At Tue Oct 20 14:02:08 GMT 2009
Enter into Method: ContestEligibilityManagerBean#remove At Tue Oct 20 14:02:08 GMT 2009
Parameters: [ contestEligibility = com.topcoder.service.contest.eligibility.GroupContestEligibility with id=11407 ]
Exit out Method: ContestEligibilityManagerBean#remove At Tue Oct 20 14:02:08 GMT 2009
Enter into Method: ContestEligibilityManagerBean#getContestEligibility At Tue Oct 20 14:02:08 GMT 2009
Parameters: [ contestId = 111 ] [ isStudio = true ]
Exit out Method: ContestEligibilityManagerBean#getContestEligibility At Tue Oct 20 14:02:08 GMT 2009
1
Enter into Method: ContestEligibilityManagerBean#create At Tue Oct 20 14:02:09 GMT 2009
Parameters: [ contestEligibility = com.topcoder.service.contest.eligibility.GroupContestEligibility with id=0 ]
Exit out Method: ContestEligibilityManagerBean#create At Tue Oct 20 14:02:09 GMT 2009
Enter into Method: ContestEligibilityManagerBean#create At Tue Oct 20 14:02:09 GMT 2009
Parameters: [ contestEligibility = null ]
Error recognized: The argument contestEligibility cannot be null.
java.lang.IllegalArgumentException: The argument contestEligibility cannot be null.
	at com.topcoder.service.contest.eligibility.dao.ContestEligibilityManagerBean.checkNull(ContestEligibilityManagerBean.java:325)
	at com.topcoder.service.contest.eligibility.dao.ContestEligibilityManagerBean.create(ContestEligibilityManagerBean.java:127)
	at com.topcoder.service.contest.eligibility.dao.ContestEligibilityManagerBeanTests.testCreateFailure1(ContestEligibilityManagerBeanTests.java:144)
	at sun.reflect.NativeMethodAccessorImpl.invoke0(Native Method)
	at sun.reflect.NativeMethodAccessorImpl.invoke(NativeMethodAccessorImpl.java:39)
	at sun.reflect.DelegatingMethodAccessorImpl.invoke(DelegatingMethodAccessorImpl.java:25)
	at java.lang.reflect.Method.invoke(Method.java:585)
	at junit.framework.TestCase.runTest(TestCase.java:168)
	at junit.framework.TestCase.runBare(TestCase.java:134)
	at junit.framework.TestResult$1.protect(TestResult.java:110)
	at junit.framework.TestResult.runProtected(TestResult.java:128)
	at junit.framework.TestResult.run(TestResult.java:113)
	at junit.framework.TestCase.run(TestCase.java:124)
	at junit.framework.TestSuite.runTest(TestSuite.java:232)
	at junit.framework.TestSuite.run(TestSuite.java:227)
	at org.junit.internal.runners.JUnit38ClassRunner.run(JUnit38ClassRunner.java:79)
	at org.junit.runners.Suite.runChild(Suite.java:115)
	at org.junit.runners.Suite.runChild(Suite.java:23)
	at org.junit.runners.ParentRunner.runChildren(ParentRunner.java:180)
	at org.junit.runners.ParentRunner.access$000(ParentRunner.java:41)
	at org.junit.runners.ParentRunner$1.evaluate(ParentRunner.java:173)
	at org.junit.internal.runners.statements.RunBefores.evaluate(RunBefores.java:28)
	at org.junit.internal.runners.statements.RunAfters.evaluate(RunAfters.java:31)
	at org.junit.runners.ParentRunner.run(ParentRunner.java:220)
	at org.junit.runners.Suite.runChild(Suite.java:115)
	at org.junit.runners.Suite.runChild(Suite.java:23)
	at org.junit.runners.ParentRunner.runChildren(ParentRunner.java:180)
	at org.junit.runners.ParentRunner.access$000(ParentRunner.java:41)
	at org.junit.runners.ParentRunner$1.evaluate(ParentRunner.java:173)
	at org.junit.internal.runners.statements.RunBefores.evaluate(RunBefores.java:28)
	at org.junit.internal.runners.statements.RunAfters.evaluate(RunAfters.java:31)
	at org.junit.runners.ParentRunner.run(ParentRunner.java:220)
	at junit.framework.JUnit4TestAdapter.run(JUnit4TestAdapter.java:39)
	at org.apache.tools.ant.taskdefs.optional.junit.JUnitTestRunner.run(JUnitTestRunner.java:421)
	at org.apache.tools.ant.taskdefs.optional.junit.JUnitTestRunner.launch(JUnitTestRunner.java:912)
	at org.apache.tools.ant.taskdefs.optional.junit.JUnitTestRunner.main(JUnitTestRunner.java:766)
Enter into Method: ContestEligibilityManagerBean#create At Tue Oct 20 14:02:10 GMT 2009
Parameters: [ contestEligibility = com.topcoder.service.contest.eligibility.MockContestEligibility with id=0 ]
Error recognized: Some error happens while persisting the entity.
com.topcoder.service.contest.eligibility.dao.ContestEligibilityPersistenceException: Some error happens while persisting the entity.
	at com.topcoder.service.contest.eligibility.dao.ContestEligibilityManagerBean.create(ContestEligibilityManagerBean.java:131)
	at com.topcoder.service.contest.eligibility.dao.ContestEligibilityManagerBeanTests.testCreateFailure2(ContestEligibilityManagerBeanTests.java:163)
	at sun.reflect.NativeMethodAccessorImpl.invoke0(Native Method)
	at sun.reflect.NativeMethodAccessorImpl.invoke(NativeMethodAccessorImpl.java:39)
	at sun.reflect.DelegatingMethodAccessorImpl.invoke(DelegatingMethodAccessorImpl.java:25)
	at java.lang.reflect.Method.invoke(Method.java:585)
	at junit.framework.TestCase.runTest(TestCase.java:168)
	at junit.framework.TestCase.runBare(TestCase.java:134)
	at junit.framework.TestResult$1.protect(TestResult.java:110)
	at junit.framework.TestResult.runProtected(TestResult.java:128)
	at junit.framework.TestResult.run(TestResult.java:113)
	at junit.framework.TestCase.run(TestCase.java:124)
	at junit.framework.TestSuite.runTest(TestSuite.java:232)
	at junit.framework.TestSuite.run(TestSuite.java:227)
	at org.junit.internal.runners.JUnit38ClassRunner.run(JUnit38ClassRunner.java:79)
	at org.junit.runners.Suite.runChild(Suite.java:115)
	at org.junit.runners.Suite.runChild(Suite.java:23)
	at org.junit.runners.ParentRunner.runChildren(ParentRunner.java:180)
	at org.junit.runners.ParentRunner.access$000(ParentRunner.java:41)
	at org.junit.runners.ParentRunner$1.evaluate(ParentRunner.java:173)
	at org.junit.internal.runners.statements.RunBefores.evaluate(RunBefores.java:28)
	at org.junit.internal.runners.statements.RunAfters.evaluate(RunAfters.java:31)
	at org.junit.runners.ParentRunner.run(ParentRunner.java:220)
	at org.junit.runners.Suite.runChild(Suite.java:115)
	at org.junit.runners.Suite.runChild(Suite.java:23)
	at org.junit.runners.ParentRunner.runChildren(ParentRunner.java:180)
	at org.junit.runners.ParentRunner.access$000(ParentRunner.java:41)
	at org.junit.runners.ParentRunner$1.evaluate(ParentRunner.java:173)
	at org.junit.internal.runners.statements.RunBefores.evaluate(RunBefores.java:28)
	at org.junit.internal.runners.statements.RunAfters.evaluate(RunAfters.java:31)
	at org.junit.runners.ParentRunner.run(ParentRunner.java:220)
	at junit.framework.JUnit4TestAdapter.run(JUnit4TestAdapter.java:39)
	at org.apache.tools.ant.taskdefs.optional.junit.JUnitTestRunner.run(JUnitTestRunner.java:421)
	at org.apache.tools.ant.taskdefs.optional.junit.JUnitTestRunner.launch(JUnitTestRunner.java:912)
	at org.apache.tools.ant.taskdefs.optional.junit.JUnitTestRunner.main(JUnitTestRunner.java:766)
Caused by: java.lang.IllegalArgumentException: Unknown entity: com.topcoder.service.contest.eligibility.MockContestEligibility
	at org.hibernate.ejb.AbstractEntityManagerImpl.persist(AbstractEntityManagerImpl.java:215)
	at com.topcoder.service.contest.eligibility.dao.ContestEligibilityManagerBean.create(ContestEligibilityManagerBean.java:129)
	... 34 more
Enter into Method: ContestEligibilityManagerBean#remove At Tue Oct 20 14:02:10 GMT 2009
Parameters: [ contestEligibility = com.topcoder.service.contest.eligibility.GroupContestEligibility with id=11500 ]
Exit out Method: ContestEligibilityManagerBean#remove At Tue Oct 20 14:02:10 GMT 2009
Enter into Method: ContestEligibilityManagerBean#remove At Tue Oct 20 14:02:10 GMT 2009
Parameters: [ contestEligibility = null ]
Error recognized: The argument contestEligibility cannot be null.
java.lang.IllegalArgumentException: The argument contestEligibility cannot be null.
	at com.topcoder.service.contest.eligibility.dao.ContestEligibilityManagerBean.checkNull(ContestEligibilityManagerBean.java:325)
	at com.topcoder.service.contest.eligibility.dao.ContestEligibilityManagerBean.remove(ContestEligibilityManagerBean.java:152)
	at com.topcoder.service.contest.eligibility.dao.ContestEligibilityManagerBeanTests.testRemoveFailure1(ContestEligibilityManagerBeanTests.java:202)
	at sun.reflect.NativeMethodAccessorImpl.invoke0(Native Method)
	at sun.reflect.NativeMethodAccessorImpl.invoke(NativeMethodAccessorImpl.java:39)
	at sun.reflect.DelegatingMethodAccessorImpl.invoke(DelegatingMethodAccessorImpl.java:25)
	at java.lang.reflect.Method.invoke(Method.java:585)
	at junit.framework.TestCase.runTest(TestCase.java:168)
	at junit.framework.TestCase.runBare(TestCase.java:134)
	at junit.framework.TestResult$1.protect(TestResult.java:110)
	at junit.framework.TestResult.runProtected(TestResult.java:128)
	at junit.framework.TestResult.run(TestResult.java:113)
	at junit.framework.TestCase.run(TestCase.java:124)
	at junit.framework.TestSuite.runTest(TestSuite.java:232)
	at junit.framework.TestSuite.run(TestSuite.java:227)
	at org.junit.internal.runners.JUnit38ClassRunner.run(JUnit38ClassRunner.java:79)
	at org.junit.runners.Suite.runChild(Suite.java:115)
	at org.junit.runners.Suite.runChild(Suite.java:23)
	at org.junit.runners.ParentRunner.runChildren(ParentRunner.java:180)
	at org.junit.runners.ParentRunner.access$000(ParentRunner.java:41)
	at org.junit.runners.ParentRunner$1.evaluate(ParentRunner.java:173)
	at org.junit.internal.runners.statements.RunBefores.evaluate(RunBefores.java:28)
	at org.junit.internal.runners.statements.RunAfters.evaluate(RunAfters.java:31)
	at org.junit.runners.ParentRunner.run(ParentRunner.java:220)
	at org.junit.runners.Suite.runChild(Suite.java:115)
	at org.junit.runners.Suite.runChild(Suite.java:23)
	at org.junit.runners.ParentRunner.runChildren(ParentRunner.java:180)
	at org.junit.runners.ParentRunner.access$000(ParentRunner.java:41)
	at org.junit.runners.ParentRunner$1.evaluate(ParentRunner.java:173)
	at org.junit.internal.runners.statements.RunBefores.evaluate(RunBefores.java:28)
	at org.junit.internal.runners.statements.RunAfters.evaluate(RunAfters.java:31)
	at org.junit.runners.ParentRunner.run(ParentRunner.java:220)
	at junit.framework.JUnit4TestAdapter.run(JUnit4TestAdapter.java:39)
	at org.apache.tools.ant.taskdefs.optional.junit.JUnitTestRunner.run(JUnitTestRunner.java:421)
	at org.apache.tools.ant.taskdefs.optional.junit.JUnitTestRunner.launch(JUnitTestRunner.java:912)
	at org.apache.tools.ant.taskdefs.optional.junit.JUnitTestRunner.main(JUnitTestRunner.java:766)
Enter into Method: ContestEligibilityManagerBean#remove At Tue Oct 20 14:02:10 GMT 2009
Parameters: [ contestEligibility = com.topcoder.service.contest.eligibility.MockContestEligibility with id=0 ]
Error recognized: Some error happens while removing the entity.
com.topcoder.service.contest.eligibility.dao.ContestEligibilityPersistenceException: Some error happens while removing the entity.
	at com.topcoder.service.contest.eligibility.dao.ContestEligibilityManagerBean.remove(ContestEligibilityManagerBean.java:156)
	at com.topcoder.service.contest.eligibility.dao.ContestEligibilityManagerBeanTests.testRemoveFailure2(ContestEligibilityManagerBeanTests.java:221)
	at sun.reflect.NativeMethodAccessorImpl.invoke0(Native Method)
	at sun.reflect.NativeMethodAccessorImpl.invoke(NativeMethodAccessorImpl.java:39)
	at sun.reflect.DelegatingMethodAccessorImpl.invoke(DelegatingMethodAccessorImpl.java:25)
	at java.lang.reflect.Method.invoke(Method.java:585)
	at junit.framework.TestCase.runTest(TestCase.java:168)
	at junit.framework.TestCase.runBare(TestCase.java:134)
	at junit.framework.TestResult$1.protect(TestResult.java:110)
	at junit.framework.TestResult.runProtected(TestResult.java:128)
	at junit.framework.TestResult.run(TestResult.java:113)
	at junit.framework.TestCase.run(TestCase.java:124)
	at junit.framework.TestSuite.runTest(TestSuite.java:232)
	at junit.framework.TestSuite.run(TestSuite.java:227)
	at org.junit.internal.runners.JUnit38ClassRunner.run(JUnit38ClassRunner.java:79)
	at org.junit.runners.Suite.runChild(Suite.java:115)
	at org.junit.runners.Suite.runChild(Suite.java:23)
	at org.junit.runners.ParentRunner.runChildren(ParentRunner.java:180)
	at org.junit.runners.ParentRunner.access$000(ParentRunner.java:41)
	at org.junit.runners.ParentRunner$1.evaluate(ParentRunner.java:173)
	at org.junit.internal.runners.statements.RunBefores.evaluate(RunBefores.java:28)
	at org.junit.internal.runners.statements.RunAfters.evaluate(RunAfters.java:31)
	at org.junit.runners.ParentRunner.run(ParentRunner.java:220)
	at org.junit.runners.Suite.runChild(Suite.java:115)
	at org.junit.runners.Suite.runChild(Suite.java:23)
	at org.junit.runners.ParentRunner.runChildren(ParentRunner.java:180)
	at org.junit.runners.ParentRunner.access$000(ParentRunner.java:41)
	at org.junit.runners.ParentRunner$1.evaluate(ParentRunner.java:173)
	at org.junit.internal.runners.statements.RunBefores.evaluate(RunBefores.java:28)
	at org.junit.internal.runners.statements.RunAfters.evaluate(RunAfters.java:31)
	at org.junit.runners.ParentRunner.run(ParentRunner.java:220)
	at junit.framework.JUnit4TestAdapter.run(JUnit4TestAdapter.java:39)
	at org.apache.tools.ant.taskdefs.optional.junit.JUnitTestRunner.run(JUnitTestRunner.java:421)
	at org.apache.tools.ant.taskdefs.optional.junit.JUnitTestRunner.launch(JUnitTestRunner.java:912)
	at org.apache.tools.ant.taskdefs.optional.junit.JUnitTestRunner.main(JUnitTestRunner.java:766)
Caused by: java.lang.IllegalArgumentException: Unknown entity: com.topcoder.service.contest.eligibility.MockContestEligibility
	at org.hibernate.ejb.AbstractEntityManagerImpl.merge(AbstractEntityManagerImpl.java:233)
	at com.topcoder.service.contest.eligibility.dao.ContestEligibilityManagerBean.remove(ContestEligibilityManagerBean.java:154)
	... 34 more
Caused by: org.hibernate.MappingException: Unknown entity: com.topcoder.service.contest.eligibility.MockContestEligibility
	at org.hibernate.impl.SessionFactoryImpl.getEntityPersister(SessionFactoryImpl.java:550)
	at org.hibernate.impl.SessionImpl.getEntityPersister(SessionImpl.java:1338)
	at org.hibernate.event.def.DefaultMergeEventListener.onMerge(DefaultMergeEventListener.java:97)
	at org.hibernate.event.def.DefaultMergeEventListener.onMerge(DefaultMergeEventListener.java:53)
	at org.hibernate.impl.SessionImpl.fireMerge(SessionImpl.java:677)
	at org.hibernate.impl.SessionImpl.merge(SessionImpl.java:661)
	at org.hibernate.impl.SessionImpl.merge(SessionImpl.java:665)
	at org.hibernate.ejb.AbstractEntityManagerImpl.merge(AbstractEntityManagerImpl.java:227)
	... 35 more
Enter into Method: ContestEligibilityManagerBean#save At Tue Oct 20 14:02:11 GMT 2009
Parameters: [ list = {com.topcoder.service.contest.eligibility.GroupContestEligibility with id=0  } ]
Exit out Method: ContestEligibilityManagerBean#save At Tue Oct 20 14:02:11 GMT 2009
Enter into Method: ContestEligibilityManagerBean#save At Tue Oct 20 14:02:11 GMT 2009
Parameters: [ list = {com.topcoder.service.contest.eligibility.GroupContestEligibility with id=11600  } ]
Exit out Method: ContestEligibilityManagerBean#save At Tue Oct 20 14:02:11 GMT 2009
Enter into Method: ContestEligibilityManagerBean#save At Tue Oct 20 14:02:11 GMT 2009
Parameters: [ list = {com.topcoder.service.contest.eligibility.GroupContestEligibility with id=11650  } ]
Exit out Method: ContestEligibilityManagerBean#save At Tue Oct 20 14:02:11 GMT 2009
Enter into Method: ContestEligibilityManagerBean#save At Tue Oct 20 14:02:12 GMT 2009
Parameters: [ list = null ]
Error recognized: The argument list cannot be null.
java.lang.IllegalArgumentException: The argument list cannot be null.
	at com.topcoder.service.contest.eligibility.dao.ContestEligibilityManagerBean.checkNull(ContestEligibilityManagerBean.java:325)
	at com.topcoder.service.contest.eligibility.dao.ContestEligibilityManagerBean.save(ContestEligibilityManagerBean.java:186)
	at com.topcoder.service.contest.eligibility.dao.ContestEligibilityManagerBeanTests.testSaveFailure1(ContestEligibilityManagerBeanTests.java:339)
	at sun.reflect.NativeMethodAccessorImpl.invoke0(Native Method)
	at sun.reflect.NativeMethodAccessorImpl.invoke(NativeMethodAccessorImpl.java:39)
	at sun.reflect.DelegatingMethodAccessorImpl.invoke(DelegatingMethodAccessorImpl.java:25)
	at java.lang.reflect.Method.invoke(Method.java:585)
	at junit.framework.TestCase.runTest(TestCase.java:168)
	at junit.framework.TestCase.runBare(TestCase.java:134)
	at junit.framework.TestResult$1.protect(TestResult.java:110)
	at junit.framework.TestResult.runProtected(TestResult.java:128)
	at junit.framework.TestResult.run(TestResult.java:113)
	at junit.framework.TestCase.run(TestCase.java:124)
	at junit.framework.TestSuite.runTest(TestSuite.java:232)
	at junit.framework.TestSuite.run(TestSuite.java:227)
	at org.junit.internal.runners.JUnit38ClassRunner.run(JUnit38ClassRunner.java:79)
	at org.junit.runners.Suite.runChild(Suite.java:115)
	at org.junit.runners.Suite.runChild(Suite.java:23)
	at org.junit.runners.ParentRunner.runChildren(ParentRunner.java:180)
	at org.junit.runners.ParentRunner.access$000(ParentRunner.java:41)
	at org.junit.runners.ParentRunner$1.evaluate(ParentRunner.java:173)
	at org.junit.internal.runners.statements.RunBefores.evaluate(RunBefores.java:28)
	at org.junit.internal.runners.statements.RunAfters.evaluate(RunAfters.java:31)
	at org.junit.runners.ParentRunner.run(ParentRunner.java:220)
	at org.junit.runners.Suite.runChild(Suite.java:115)
	at org.junit.runners.Suite.runChild(Suite.java:23)
	at org.junit.runners.ParentRunner.runChildren(ParentRunner.java:180)
	at org.junit.runners.ParentRunner.access$000(ParentRunner.java:41)
	at org.junit.runners.ParentRunner$1.evaluate(ParentRunner.java:173)
	at org.junit.internal.runners.statements.RunBefores.evaluate(RunBefores.java:28)
	at org.junit.internal.runners.statements.RunAfters.evaluate(RunAfters.java:31)
	at org.junit.runners.ParentRunner.run(ParentRunner.java:220)
	at junit.framework.JUnit4TestAdapter.run(JUnit4TestAdapter.java:39)
	at org.apache.tools.ant.taskdefs.optional.junit.JUnitTestRunner.run(JUnitTestRunner.java:421)
	at org.apache.tools.ant.taskdefs.optional.junit.JUnitTestRunner.launch(JUnitTestRunner.java:912)
	at org.apache.tools.ant.taskdefs.optional.junit.JUnitTestRunner.main(JUnitTestRunner.java:766)
Enter into Method: ContestEligibilityManagerBean#save At Tue Oct 20 14:02:12 GMT 2009
Parameters: [ list = {com.topcoder.service.contest.eligibility.GroupContestEligibility with id=0  com.topcoder.service.contest.eligibility.GroupContestEligibility with id=0    null} ]
Error recognized: The argument contest eligibility in list cannot be null.
java.lang.IllegalArgumentException: The argument contest eligibility in list cannot be null.
	at com.topcoder.service.contest.eligibility.dao.ContestEligibilityManagerBean.checkNull(ContestEligibilityManagerBean.java:325)
	at com.topcoder.service.contest.eligibility.dao.ContestEligibilityManagerBean.save(ContestEligibilityManagerBean.java:188)
	at com.topcoder.service.contest.eligibility.dao.ContestEligibilityManagerBeanTests.testSaveFailure2(ContestEligibilityManagerBeanTests.java:361)
	at sun.reflect.NativeMethodAccessorImpl.invoke0(Native Method)
	at sun.reflect.NativeMethodAccessorImpl.invoke(NativeMethodAccessorImpl.java:39)
	at sun.reflect.DelegatingMethodAccessorImpl.invoke(DelegatingMethodAccessorImpl.java:25)
	at java.lang.reflect.Method.invoke(Method.java:585)
	at junit.framework.TestCase.runTest(TestCase.java:168)
	at junit.framework.TestCase.runBare(TestCase.java:134)
	at junit.framework.TestResult$1.protect(TestResult.java:110)
	at junit.framework.TestResult.runProtected(TestResult.java:128)
	at junit.framework.TestResult.run(TestResult.java:113)
	at junit.framework.TestCase.run(TestCase.java:124)
	at junit.framework.TestSuite.runTest(TestSuite.java:232)
	at junit.framework.TestSuite.run(TestSuite.java:227)
	at org.junit.internal.runners.JUnit38ClassRunner.run(JUnit38ClassRunner.java:79)
	at org.junit.runners.Suite.runChild(Suite.java:115)
	at org.junit.runners.Suite.runChild(Suite.java:23)
	at org.junit.runners.ParentRunner.runChildren(ParentRunner.java:180)
	at org.junit.runners.ParentRunner.access$000(ParentRunner.java:41)
	at org.junit.runners.ParentRunner$1.evaluate(ParentRunner.java:173)
	at org.junit.internal.runners.statements.RunBefores.evaluate(RunBefores.java:28)
	at org.junit.internal.runners.statements.RunAfters.evaluate(RunAfters.java:31)
	at org.junit.runners.ParentRunner.run(ParentRunner.java:220)
	at org.junit.runners.Suite.runChild(Suite.java:115)
	at org.junit.runners.Suite.runChild(Suite.java:23)
	at org.junit.runners.ParentRunner.runChildren(ParentRunner.java:180)
	at org.junit.runners.ParentRunner.access$000(ParentRunner.java:41)
	at org.junit.runners.ParentRunner$1.evaluate(ParentRunner.java:173)
	at org.junit.internal.runners.statements.RunBefores.evaluate(RunBefores.java:28)
	at org.junit.internal.runners.statements.RunAfters.evaluate(RunAfters.java:31)
	at org.junit.runners.ParentRunner.run(ParentRunner.java:220)
	at junit.framework.JUnit4TestAdapter.run(JUnit4TestAdapter.java:39)
	at org.apache.tools.ant.taskdefs.optional.junit.JUnitTestRunner.run(JUnitTestRunner.java:421)
	at org.apache.tools.ant.taskdefs.optional.junit.JUnitTestRunner.launch(JUnitTestRunner.java:912)
	at org.apache.tools.ant.taskdefs.optional.junit.JUnitTestRunner.main(JUnitTestRunner.java:766)
Enter into Method: ContestEligibilityManagerBean#save At Tue Oct 20 14:02:12 GMT 2009
Parameters: [ list = {com.topcoder.service.contest.eligibility.MockContestEligibility with id=0  } ]
Error recognized: Some error happens while saving the list of contestEligibility.
com.topcoder.service.contest.eligibility.dao.ContestEligibilityPersistenceException: Some error happens while saving the list of contestEligibility.
	at com.topcoder.service.contest.eligibility.dao.ContestEligibilityManagerBean.save(ContestEligibilityManagerBean.java:206)
	at com.topcoder.service.contest.eligibility.dao.ContestEligibilityManagerBeanTests.testSaveFailure3(ContestEligibilityManagerBeanTests.java:382)
	at sun.reflect.NativeMethodAccessorImpl.invoke0(Native Method)
	at sun.reflect.NativeMethodAccessorImpl.invoke(NativeMethodAccessorImpl.java:39)
	at sun.reflect.DelegatingMethodAccessorImpl.invoke(DelegatingMethodAccessorImpl.java:25)
	at java.lang.reflect.Method.invoke(Method.java:585)
	at junit.framework.TestCase.runTest(TestCase.java:168)
	at junit.framework.TestCase.runBare(TestCase.java:134)
	at junit.framework.TestResult$1.protect(TestResult.java:110)
	at junit.framework.TestResult.runProtected(TestResult.java:128)
	at junit.framework.TestResult.run(TestResult.java:113)
	at junit.framework.TestCase.run(TestCase.java:124)
	at junit.framework.TestSuite.runTest(TestSuite.java:232)
	at junit.framework.TestSuite.run(TestSuite.java:227)
	at org.junit.internal.runners.JUnit38ClassRunner.run(JUnit38ClassRunner.java:79)
	at org.junit.runners.Suite.runChild(Suite.java:115)
	at org.junit.runners.Suite.runChild(Suite.java:23)
	at org.junit.runners.ParentRunner.runChildren(ParentRunner.java:180)
	at org.junit.runners.ParentRunner.access$000(ParentRunner.java:41)
	at org.junit.runners.ParentRunner$1.evaluate(ParentRunner.java:173)
	at org.junit.internal.runners.statements.RunBefores.evaluate(RunBefores.java:28)
	at org.junit.internal.runners.statements.RunAfters.evaluate(RunAfters.java:31)
	at org.junit.runners.ParentRunner.run(ParentRunner.java:220)
	at org.junit.runners.Suite.runChild(Suite.java:115)
	at org.junit.runners.Suite.runChild(Suite.java:23)
	at org.junit.runners.ParentRunner.runChildren(ParentRunner.java:180)
	at org.junit.runners.ParentRunner.access$000(ParentRunner.java:41)
	at org.junit.runners.ParentRunner$1.evaluate(ParentRunner.java:173)
	at org.junit.internal.runners.statements.RunBefores.evaluate(RunBefores.java:28)
	at org.junit.internal.runners.statements.RunAfters.evaluate(RunAfters.java:31)
	at org.junit.runners.ParentRunner.run(ParentRunner.java:220)
	at junit.framework.JUnit4TestAdapter.run(JUnit4TestAdapter.java:39)
	at org.apache.tools.ant.taskdefs.optional.junit.JUnitTestRunner.run(JUnitTestRunner.java:421)
	at org.apache.tools.ant.taskdefs.optional.junit.JUnitTestRunner.launch(JUnitTestRunner.java:912)
	at org.apache.tools.ant.taskdefs.optional.junit.JUnitTestRunner.main(JUnitTestRunner.java:766)
Caused by: java.lang.IllegalArgumentException: Unknown entity: com.topcoder.service.contest.eligibility.MockContestEligibility
	at org.hibernate.ejb.AbstractEntityManagerImpl.persist(AbstractEntityManagerImpl.java:215)
	at com.topcoder.service.contest.eligibility.dao.ContestEligibilityManagerBean.save(ContestEligibilityManagerBean.java:203)
	... 34 more
Enter into Method: ContestEligibilityManagerBean#getContestEligibility At Tue Oct 20 14:02:12 GMT 2009
Parameters: [ contestId = 1 ] [ isStudio = true ]
Exit out Method: ContestEligibilityManagerBean#getContestEligibility At Tue Oct 20 14:02:12 GMT 2009
Enter into Method: ContestEligibilityManagerBean#getContestEligibility At Tue Oct 20 14:02:13 GMT 2009
Parameters: [ contestId = 0 ] [ isStudio = true ]
Error recognized: contestId should be positive.
java.lang.IllegalArgumentException: contestId should be positive.
	at com.topcoder.service.contest.eligibility.dao.ContestEligibilityManagerBean.checkPositive(ContestEligibilityManagerBean.java:345)
	at com.topcoder.service.contest.eligibility.dao.ContestEligibilityManagerBean.getContestEligibility(ContestEligibilityManagerBean.java:228)
	at com.topcoder.service.contest.eligibility.dao.ContestEligibilityManagerBeanTests.testGetContestEligibilityFailure(ContestEligibilityManagerBeanTests.java:433)
	at sun.reflect.NativeMethodAccessorImpl.invoke0(Native Method)
	at sun.reflect.NativeMethodAccessorImpl.invoke(NativeMethodAccessorImpl.java:39)
	at sun.reflect.DelegatingMethodAccessorImpl.invoke(DelegatingMethodAccessorImpl.java:25)
	at java.lang.reflect.Method.invoke(Method.java:585)
	at junit.framework.TestCase.runTest(TestCase.java:168)
	at junit.framework.TestCase.runBare(TestCase.java:134)
	at junit.framework.TestResult$1.protect(TestResult.java:110)
	at junit.framework.TestResult.runProtected(TestResult.java:128)
	at junit.framework.TestResult.run(TestResult.java:113)
	at junit.framework.TestCase.run(TestCase.java:124)
	at junit.framework.TestSuite.runTest(TestSuite.java:232)
	at junit.framework.TestSuite.run(TestSuite.java:227)
	at org.junit.internal.runners.JUnit38ClassRunner.run(JUnit38ClassRunner.java:79)
	at org.junit.runners.Suite.runChild(Suite.java:115)
	at org.junit.runners.Suite.runChild(Suite.java:23)
	at org.junit.runners.ParentRunner.runChildren(ParentRunner.java:180)
	at org.junit.runners.ParentRunner.access$000(ParentRunner.java:41)
	at org.junit.runners.ParentRunner$1.evaluate(ParentRunner.java:173)
	at org.junit.internal.runners.statements.RunBefores.evaluate(RunBefores.java:28)
	at org.junit.internal.runners.statements.RunAfters.evaluate(RunAfters.java:31)
	at org.junit.runners.ParentRunner.run(ParentRunner.java:220)
	at org.junit.runners.Suite.runChild(Suite.java:115)
	at org.junit.runners.Suite.runChild(Suite.java:23)
	at org.junit.runners.ParentRunner.runChildren(ParentRunner.java:180)
	at org.junit.runners.ParentRunner.access$000(ParentRunner.java:41)
	at org.junit.runners.ParentRunner$1.evaluate(ParentRunner.java:173)
	at org.junit.internal.runners.statements.RunBefores.evaluate(RunBefores.java:28)
	at org.junit.internal.runners.statements.RunAfters.evaluate(RunAfters.java:31)
	at org.junit.runners.ParentRunner.run(ParentRunner.java:220)
	at junit.framework.JUnit4TestAdapter.run(JUnit4TestAdapter.java:39)
	at org.apache.tools.ant.taskdefs.optional.junit.JUnitTestRunner.run(JUnitTestRunner.java:421)
	at org.apache.tools.ant.taskdefs.optional.junit.JUnitTestRunner.launch(JUnitTestRunner.java:912)
	at org.apache.tools.ant.taskdefs.optional.junit.JUnitTestRunner.main(JUnitTestRunner.java:766)
]]></system-out>
  <system-err><![CDATA[log4j:WARN No appenders could be found for logger (org.hibernate.ejb.Version).
log4j:WARN Please initialize the log4j system properly.
]]></system-err>
</testsuite>
