<?xml version="1.0" encoding="UTF-8" ?>
<testsuite errors="0" failures="0" hostname="Frog-X31" name="com.topcoder.clients.bridge.management.AllTests" tests="20" time="0.931" timestamp="2008-09-27T13:46:19">
  <properties>
    <property name="java.vendor" value="Sun Microsystems Inc." />
    <property name="package" value="com.topcoder.clients.bridge.management" />
    <property name="docpackage.jar" value="client_project_management_javascript_bridge_docs.jar" />
    <property name="sun.java.launcher" value="SUN_STANDARD" />
    <property name="eclipse.pdebuild.templates" value="/E:/Eclipse_3.3/plugins/org.eclipse.pde.build_3.3.1.v20070828/templates/" />
    <property name="sun.management.compiler" value="HotSpot Client Compiler" />
    <property name="manifest_file_path" value="build/dist/client_project_management_javascript_bridge-1.0.0/META-INF/" />
    <property name="verbose" value="no" />
    <property name="os.name" value="Windows XP" />
    <property name="sun.boot.class.path" value="C:\Java\jdk1.5.0_15\jre\lib\rt.jar;C:\Java\jdk1.5.0_15\jre\lib\i18n.jar;C:\Java\jdk1.5.0_15\jre\lib\sunrsasign.jar;C:\Java\jdk1.5.0_15\jre\lib\jsse.jar;C:\Java\jdk1.5.0_15\jre\lib\jce.jar;C:\Java\jdk1.5.0_15\jre\lib\charsets.jar;C:\Java\jdk1.5.0_15\jre\classes" />
    <property name="docsdir" value="docs" />
    <property name="javadoc.jar" value="javadocs.jar" />
    <property name="design_submission.jar" value="client_project_management_javascript_bridge_1.0.0_design_submission.jar" />
    <property name="sun.desktop" value="windows" />
    <property name="component.tests.jar" value="build/dist/lib/tcs/client_project_management_javascript_bridge_tests.jar" />
    <property name="java.vm.specification.vendor" value="Sun Microsystems Inc." />
    <property name="net.sourceforge.cobertura.datafile" value="E:\TopCoder_Dev\client_project_management_javascript_bridge_1.0\log\cobertura.ser" />
    <property name="ant.home" value="E:\Eclipse_3.3\plugins\org.apache.ant_1.7.0.v200706080842" />
    <property name="java.runtime.version" value="1.5.0_15-b04" />
    <property name="component_path" value="client_project_management_javascript_bridge/1.0.0" />
    <property name="cobertura.dir" value="E:\Java_Depentences\cobertura-1.8" />
    <property name="component.version.micro" value="0" />
    <property name="user.name" value="Frog_Sald" />
    <property name="manifest_file" value="build/dist/client_project_management_javascript_bridge-1.0.0/META-INF//MANIFEST.MF" />
    <property name="debug" value="off" />
    <property name="reports" value="log/reports" />
    <property name="testfiles" value="test_files" />
    <property name="component.version.major" value="1" />
    <property name="component_version" value="1.0.0" />
    <property name="dist_coverage" value="build/dist/client_project_management_javascript_bridge-1.0.0/docs/coverage" />
    <property name="component.packagedir" value="com/topcoder/clients/bridge/management" />
    <property name="user.language" value="zh" />
    <property name="cobertura.datafile" value="log/cobertura.ser" />
    <property name="javadoc.locale" value="en_US" />
    <property name="sun.boot.library.path" value="C:\Java\jdk1.5.0_15\jre\bin" />
    <property name="tcs_libdir" value="../tcs/lib/tcs" />
    <property name="srcdir" value="src" />
    <property name="ant.project.name" value="TopCoder Java Generic Build" />
    <property name="component.bootclasspath" value="${java_1_x_bootclasspath}" />
    <property name="component.version.minor" value="0" />
    <property name="java.version" value="1.5.0_15" />
    <property name="user.timezone" value="" />
    <property name="dev_dist.jar" value="client_project_management_javascript_bridge_1.0.0_dev_dist.jar" />
    <property name="sun.arch.data.model" value="32" />
    <property name="java.endorsed.dirs" value="C:\Java\jdk1.5.0_15\jre\lib\endorsed" />
    <property name="sun.cpu.isalist" value="pentium_pro+mmx pentium_pro pentium+mmx pentium i486 i386 i86" />
    <property name="packagedir" value="com/topcoder/clients/bridge/management" />
    <property name="sun.jnu.encoding" value="GBK" />
    <property name="file.encoding.pkg" value="sun.io" />
    <property name="file.separator" value="\" />
    <property name="java.specification.name" value="Java Platform API Specification" />
    <property name="build_docsdir" value="build/docs" />
    <property name="dev_submission.jar" value="client_project_management_javascript_bridge_1.0.0_dev_submission.jar" />
    <property name="java.class.version" value="49.0" />
    <property name="build_testclassdir" value="build/testClasses" />
    <property name="user.country" value="CN" />
    <property name="java.home" value="C:\Java\jdk1.5.0_15\jre" />
    <property name="component.distfilename" value="client_project_management_javascript_bridge" />
    <property name="component.version.build" value="1" />
    <property name="java.vm.info" value="mixed mode, sharing" />
    <property name="ant.file" value="E:\TopCoder_Dev\client_project_management_javascript_bridge_1.0\build.xml" />
    <property name="os.version" value="5.1" />
    <property name="build_distdir" value="build/dist" />
    <property name="dist_docpackage" value="build/doc_package" />
    <property name="build_tcsdistdir" value="build/dist/client_project_management_javascript_bridge-1.0.0" />
    <property name="path.separator" value=";" />
    <property name="java.vm.version" value="1.5.0_15-b04" />
    <property name="testlogdir" value="log" />
    <property name="user.variant" value="" />
    <property name="ant.library.dir" value="E:\Eclipse_3.3\plugins\org.apache.ant_1.7.0.v200706080842\lib" />
    <property name="component.name" value="Client Project Management Javascript Bridge" />
    <property name="javamain" value="src/java/main" />
    <property name="dist_javadocs" value="build/dist/client_project_management_javascript_bridge-1.0.0/docs/javadocs" />
    <property name="dist_lib" value="build/dist/lib/tcs" />
    <property name="java.awt.printerjob" value="sun.awt.windows.WPrinterJob" />
    <property name="sun.io.unicode.encoding" value="UnicodeLittle" />
    <property name="component" value="Client Project Management Javascript Bridge" />
    <property name="awt.toolkit" value="sun.awt.windows.WToolkit" />
    <property name="eclipse.pdebuild.scripts" value="/E:/Eclipse_3.3/plugins/org.eclipse.pde.build_3.3.1.v20070828/scripts/" />
    <property name="user.home" value="C:\Documents and Settings\Frog_Sald" />
    <property name="java.specification.vendor" value="Sun Microsystems Inc." />
    <property name="java.library.path" value="C:\Java\jdk1.5.0_15\jre\bin;.;C:\WINDOWS\system32;C:\WINDOWS;C:\Java\jre1.5.0_15\bin\client;C:\Java\jre1.5.0_15\bin;C:\WINDOWS\system32;C:\WINDOWS;C:\WINDOWS\System32\Wbem;C:\Program Files\ATI Technologies\ATI Control Panel;E:\Informix\Connect\bin;C:\Program Files\ibm\gsk7\bin;C:\Program Files\ibm\gsk7\lib;E:\Informix\Client-SDK\bin;C:\PROGRA~1\ibm\gsk7\bin;C:\PROGRA~1\ibm\gsk7\lib" />
    <property name="java.vendor.url" value="http://java.sun.com/" />
    <property name="build_javadocsdir" value="build/docs/javadocs" />
    <property name="configdir" value="conf" />
    <property name="java.vm.vendor" value="Sun Microsystems Inc." />
    <property name="ant.file.TopCoder Java Generic Build" value="E:\TopCoder_Dev\client_project_management_javascript_bridge_1.0\build.xml" />
    <property name="java.runtime.name" value="Java(TM) 2 Runtime Environment, Standard Edition" />
    <property name="java.class.path" value="E:\TopCoder_Dev\client_project_management_javascript_bridge_1.0\build\instrumented;E:\TopCoder_Dev\client_project_management_javascript_bridge_1.0\build\testClasses;E:\Eclipse_3.3\plugins\org.junit_3.8.2.v200706111738\junit.jar;E:\Java_Depentences\easymock2.3\easymock.jar;E:\TopCoder_Dev\client_project_management_javascript_bridge_1.0\test_files\lib\base_exception.jar;E:\TopCoder_Dev\client_project_management_javascript_bridge_1.0\test_files\lib\configuration_api.jar;E:\TopCoder_Dev\client_project_management_javascript_bridge_1.0\test_files\lib\configuration_persistence.jar;E:\TopCoder_Dev\client_project_management_javascript_bridge_1.0\test_files\lib\json_object.jar;E:\TopCoder_Dev\client_project_management_javascript_bridge_1.0\test_files\lib\logging_wrapper.jar;E:\TopCoder_Dev\client_project_management_javascript_bridge_1.0\test_files\lib\mockClientWebServices.jar;E:\TopCoder_Dev\client_project_management_javascript_bridge_1.0\test_files\lib\mockup_client_model.jar;E:\TopCoder_Dev\client_project_management_javascript_bridge_1.0\test_files\lib\object_factory.jar;E:\TopCoder_Dev\client_project_management_javascript_bridge_1.0\test_files\lib\object_factory_configuration_api_plugin.jar;E:\TopCoder_Dev\client_project_management_javascript_bridge_1.0\test_files\lib\object_formatter.jar;E:\Java_Depentences\JAVA_EE_5_Lib\activation.jar;E:\Java_Depentences\JAVA_EE_5_Lib\j2ee-svc.jar;E:\Java_Depentences\JAVA_EE_5_Lib\javaee.jar;E:\Java_Depentences\JAVA_EE_5_Lib\jhall.jar;E:\Java_Depentences\JAVA_EE_5_Lib\jmac-api.jar;E:\Java_Depentences\JAVA_EE_5_Lib\jmxremote_optional.jar;E:\Java_Depentences\JAVA_EE_5_Lib\jsf-impl.jar;E:\Java_Depentences\JAVA_EE_5_Lib\mail.jar;E:\TopCoder_Dev\client_project_management_javascript_bridge_1.0\build\classes;E:\TopCoder_Dev\client_project_management_javascript_bridge_1.0\conf;E:\TopCoder_Dev\client_project_management_javascript_bridge_1.0\test_files;E:\Java_Depentences\cobertura-1.8\cobertura.jar;E:\Java_Depentences\cobertura-1.8\lib\asm-2.2.1.jar;E:\Java_Depentences\cobertura-1.8\lib\jakarta-oro-2.0.8.jar;E:\Java_Depentences\cobertura-1.8\lib\log4j-1.2.9.jar;E:\Eclipse_3.3\plugins\org.apache.ant_1.7.0.v200706080842\lib\ant-launcher.jar;E:\Eclipse_3.3\plugins\org.apache.ant_1.7.0.v200706080842\lib\ant.jar;E:\Eclipse_3.3\plugins\org.apache.ant_1.7.0.v200706080842\lib\ant-junit.jar" />
    <property name="ant.version" value="Apache Ant version 1.7.0 compiled on December 13 2006" />
    <property name="java.vm.specification.name" value="Java Virtual Machine Specification" />
    <property name="builddir" value="build" />
    <property name="ext_libdir" value="../tcs/lib/third_party" />
    <property name="java.vm.specification.version" value="1.0" />
    <property name="junit.jar" value="E:\Eclipse_3.3\plugins\org.junit_3.8.2.v200706111738\junit.jar" />
    <property name="component.dist.jar" value="build/dist/client_project_management_javascript_bridge-1.0.0.jar" />
    <property name="sun.os.patch.level" value="Service Pack 2" />
    <property name="sun.cpu.endian" value="little" />
    <property name="java.io.tmpdir" value="C:\DOCUME~1\FROG_S~1\LOCALS~1\Temp\" />
    <property name="eclipse.pdebuild.home" value="/E:/Eclipse_3.3/plugins/org.eclipse.pde.build_3.3.1.v20070828/./" />
    <property name="component.target" value="1.x" />
    <property name="java.vendor.url.bug" value="http://java.sun.com/cgi-bin/bugreport.cgi" />
    <property name="javac.encoding" value="UTF-8" />
    <property name="build_targetclassdir" value="build/targetclasses" />
    <property name="javatests" value="src/java/tests" />
    <property name="build_classdir" value="build/classes" />
    <property name="javadocsdir" value="docs/javadocs" />
    <property name="instrumented.dir" value="build/instrumented" />
    <property name="os.arch" value="x86" />
    <property name="java.awt.graphicsenv" value="sun.awt.Win32GraphicsEnvironment" />
    <property name="test_reflib" value="test_reflib" />
    <property name="java.ext.dirs" value="C:\Java\jdk1.5.0_15\jre\lib\ext" />
    <property name="user.dir" value="E:\TopCoder_Dev\client_project_management_javascript_bridge_1.0" />
    <property name="design_dist.jar" value="client_project_management_javascript_bridge_1.0.0_design_dist.jar" />
    <property name="easymock.jar" value="E:\Java_Depentences\easymock2.3\easymock.jar" />
    <property name="libdir" value="../tcs/lib" />
    <property name="javasrc" value="src/java" />
    <property name="line.separator" value="
" />
    <property name="java.vm.name" value="Java HotSpot(TM) Client VM" />
    <property name="distfilename" value="client_project_management_javascript_bridge" />
    <property name="basedir" value="E:\TopCoder_Dev\client_project_management_javascript_bridge_1.0" />
    <property name="ant.java.version" value="1.5" />
    <property name="ant.core.lib" value="E:\Eclipse_3.3\plugins\org.apache.ant_1.7.0.v200706080842\lib\ant.jar" />
    <property name="file.encoding" value="GBK" />
    <property name="dist_docs" value="build/dist/client_project_management_javascript_bridge-1.0.0/docs" />
    <property name="component.jar" value="build/dist/lib/tcs/client_project_management_javascript_bridge/1.0.0/client_project_management_javascript_bridge.jar" />
    <property name="java.specification.version" value="1.5" />
    <property name="target_libdir" value="../tcs/lib/tcs" />
    <property name="component.package" value="com.topcoder.clients.bridge.management" />
    <property name="ant.file.Dependency Import" value="E:\TopCoder_Dev\client_project_management_javascript_bridge_1.0\build-dependencies.xml" />
  </properties>
  <testcase classname="com.topcoder.clients.bridge.management.ClientProjectManagementAjaxBridgeServletTest" name="testCtor_Accuracy" time="0.271" />
  <testcase classname="com.topcoder.clients.bridge.management.ClientProjectManagementAjaxBridgeServletTest" name="testInit_Accuracy" time="0.05" />
  <testcase classname="com.topcoder.clients.bridge.management.ClientProjectManagementAjaxBridgeServletTest" name="testInit_WithNull" time="0.01" />
  <testcase classname="com.topcoder.clients.bridge.management.ClientProjectManagementAjaxBridgeServletTest" name="testDoPost_CreateCompany_Accuracy" time="0.08" />
  <testcase classname="com.topcoder.clients.bridge.management.ClientProjectManagementAjaxBridgeServletTest" name="testDoPost_UpdateCompany_Accuracy" time="0.02" />
  <testcase classname="com.topcoder.clients.bridge.management.ClientProjectManagementAjaxBridgeServletTest" name="testDoPost_DeleteCompany_Accuracy" time="0.01" />
  <testcase classname="com.topcoder.clients.bridge.management.ClientProjectManagementAjaxBridgeServletTest" name="testDoPost_WithInvalidCompanyMethod" time="0.03" />
  <testcase classname="com.topcoder.clients.bridge.management.ClientProjectManagementAjaxBridgeServletTest" name="testDoPost_CreateClient_Accuracy" time="0.03" />
  <testcase classname="com.topcoder.clients.bridge.management.ClientProjectManagementAjaxBridgeServletTest" name="testDoPost_UpdateClient_Accuracy" time="0.02" />
  <testcase classname="com.topcoder.clients.bridge.management.ClientProjectManagementAjaxBridgeServletTest" name="testDoPost_DeleteClient_Accuracy" time="0.03" />
  <testcase classname="com.topcoder.clients.bridge.management.ClientProjectManagementAjaxBridgeServletTest" name="testDoPost_SetClientCodeName_Accuracy" time="0.01" />
  <testcase classname="com.topcoder.clients.bridge.management.ClientProjectManagementAjaxBridgeServletTest" name="testDoPost_SetClientStatus_Accuracy" time="0.08" />
  <testcase classname="com.topcoder.clients.bridge.management.ClientProjectManagementAjaxBridgeServletTest" name="testDoPost_WithInvalidClientMethod" time="0.01" />
  <testcase classname="com.topcoder.clients.bridge.management.ClientProjectManagementAjaxBridgeServletTest" name="testDoPost_CreateProject_Accuracy" time="0.03" />
  <testcase classname="com.topcoder.clients.bridge.management.ClientProjectManagementAjaxBridgeServletTest" name="testDoPost_UpdateProject_Accuracy" time="0.02" />
  <testcase classname="com.topcoder.clients.bridge.management.ClientProjectManagementAjaxBridgeServletTest" name="testDoPost_DeleteProject_Accuracy" time="0.03" />
  <testcase classname="com.topcoder.clients.bridge.management.ClientProjectManagementAjaxBridgeServletTest" name="testDoPost_SetProjectStatus_Accuracy" time="0.02" />
  <testcase classname="com.topcoder.clients.bridge.management.ClientProjectManagementAjaxBridgeServletTest" name="testDoPost_WithInvalidProjectMethod" time="0.01" />
  <testcase classname="com.topcoder.clients.bridge.management.ClientProjectManagementAjaxBridgeServletTest" name="testDoPost_WithInvalidService" time="0.02" />
  <testcase classname="com.topcoder.clients.bridge.management.ClientProjectManagementAjaxBridgeServletTest" name="testDoGet_Accuracy" time="0.01" />
  <system-out><![CDATA[{"success":true, "json":{"deleted":true,"passcode":"666","createUsername":"ivern","modifyDate":"1222483449970","createDate":"1222483449970","name":"world","id":"123","modifyUsername":"ketty"}}]]></system-out>
  <system-err><![CDATA[]]></system-err>
</testsuite>
