<?xml version="1.0" encoding="UTF-8" ?>
<testsuite errors="0" failures="0" name="com.orpheus.administration.AllTests" tests="639" time="41.343">
  <properties>
    <property name="object_factory.path" value="object_factory/2.0"></property>
    <property name="file.encoding.pkg" value="sun.io"></property>
    <property name="compression_utility.jar.name" value="compression_utility.jar"></property>
    <property name="dist_testfiles" value="build/dist/administration_logic-1.0/test_files"></property>
    <property name="java.home" value="C:\j2sdk1.4.2_03\jre"></property>
    <property name="data_validation.path" value="data_validation/1.0"></property>
    <property name="mockrunner.jar" value="D:/TC/LibJava/Ext/mockrunner/mockrunner-0.3.7/lib/mockrunner.jar"></property>
    <property name="dist_javadocs" value="build/dist/administration_logic-1.0/docs/javadocs"></property>
    <property name="debug" value="off"></property>
    <property name="build_distdir" value="build/dist"></property>
    <property name="distfilename" value="administration_logic"></property>
    <property name="tidy.jar" value="D:/TC/LibJava/Ext/tidy.jar"></property>
    <property name="component.dist.jar" value="build/dist/administration_logic-1.0.jar"></property>
    <property name="generic_event_manager.jar.name" value="generic_event_manager.jar"></property>
    <property name="java.endorsed.dirs" value="C:\j2sdk1.4.2_03\jre\lib\endorsed"></property>
    <property name="object_factory.jar" value="D:/TC/LibJava/Java/object_factory/2.0/object_factory.jar"></property>
    <property name="json_object.path" value="json_object/1.0"></property>
    <property name="jndi_context_utility.jar" value="D:/TC/LibJava/Java/JNDI_Utility/1.0/JNDI_Utility.jar"></property>
    <property name="sun.os.patch.level" value="Service Pack 4"></property>
    <property name="design_dist.jar" value="Administration_Logic_1.0_design_dist.jar"></property>
    <property name="javadocsdir" value="docs/javadocs"></property>
    <property name="java.vendor.url" value="http://java.sun.com/"></property>
    <property name="user_profile_manager.jar.name" value="user_profile_manager.jar"></property>
    <property name="id_generator.jar.name" value="id_generator.jar"></property>
    <property name="java.version" value="1.4.2_03"></property>
    <property name="j2ee.jar" value="D:/TC/LibJava/Ext/j2ee.jar"></property>
    <property name="mockejb.jar" value="D:/TC/LibJava/Ext/mockejb/mockejb-0.6-beta2/lib/mockejb.jar"></property>
    <property name="json_object.jar" value="D:/TC/LibJava/Java/json_object/1.0/json_object.jar"></property>
    <property name="java.vendor.url.bug" value="http://java.sun.com/cgi-bin/bugreport.cgi"></property>
    <property name="web_spider.jar" value="D:/TC/LibJava/Java/web_spider/1.0/web_spider.jar"></property>
    <property name="dist_src" value="build/dist/administration_logic-1.0/src"></property>
    <property name="web_spider.jar.name" value="web_spider.jar"></property>
    <property name="user_profile_manager.path" value="user_profile_manager/1.0"></property>
    <property name="user.name" value="Administrator"></property>
    <property name="packagedir" value="com/orpheus/administration"></property>
    <property name="sun.io.unicode.encoding" value="UnicodeLittle"></property>
    <property name="component_version" value="1.0"></property>
    <property name="json_object.version" value="1.0"></property>
    <property name="java.runtime.name" value="Java(TM) 2 Runtime Environment, Standard Edition"></property>
    <property name="reports" value="reports"></property>
    <property name="build_webdir" value="build/web"></property>
    <property name="component.jar" value="build/dist/lib/tcs/administration_logic/1.0/administration_logic.jar"></property>
    <property name="data_validation.jar.name" value="data_validation.jar"></property>
    <property name="user_profile.jar" value="D:/TC/LibJava/Java/user_profile/1.0/user_profile.jar"></property>
    <property name="java.specification.name" value="Java Platform API Specification"></property>
    <property name="javamain" value="src/java/main"></property>
    <property name="build_lib" value="build/lib"></property>
    <property name="user.timezone" value=""></property>
    <property name="web_site_statistics.version" value="1.0"></property>
    <property name="path.separator" value=";"></property>
    <property name="srcdir" value="src"></property>
    <property name="file.encoding" value="Cp1252"></property>
    <property name="typesafe_enum.version" value="1.0"></property>
    <property name="ant.file" value="D:\TC\Active\ThisWeek\AdminLogic\FR3\build.xml"></property>
    <property name="simple_cache.jar.name" value="simple_cache.jar"></property>
    <property name="javasrc" value="src/java"></property>
    <property name="simple_cache.path" value="simple_cache/1.0"></property>
    <property name="web_site_statistics.jar" value="D:/TC/LibJava/Java/web_site_statistics/1.0/web_site_statistics.jar"></property>
    <property name="id_generator.version" value="3.0"></property>
    <property name="component.tests.jar" value="build/dist/lib/tcs/administration_logic_tests.jar"></property>
    <property name="java.io.tmpdir" value="C:\DOCUME~1\ADMINI~1.HOM\LOCALS~1\Temp\"></property>
    <property name="user.language" value="en"></property>
    <property name="base_exception.path" value="base_exception/1.0"></property>
    <property name="msutil.jar" value="D:/TC/LibJava/Ext/SQLServerJDBC/SP3/msutil.jar"></property>
    <property name="line.separator" value="
"></property>
    <property name="html_document_parser.path" value="html_parser/1.0"></property>
    <property name="http_utility.path" value="http_utility/1.1"></property>
    <property name="verbose" value="no"></property>
    <property name="memory_usage.version" value="1.0"></property>
    <property name="html_document_parser.version" value="1.0"></property>
    <property name="jar_ext_libdir" value="lib"></property>
    <property name="memory_usage.jar.name" value="memory_usage.jar"></property>
    <property name="xerces.jar" value="D:/TC/LibJava/Ext/xerces.jar"></property>
    <property name="java.vm.info" value="mixed mode"></property>
    <property name="component_path" value="administration_logic/1.0"></property>
    <property name="java.util.prefs.PreferencesFactory" value="java.util.prefs.WindowsPreferencesFactory"></property>
    <property name="json_object.jar.name" value="json_object.jar"></property>
    <property name="java.vm.specification.name" value="Java Virtual Machine Specification"></property>
    <property name="builddir" value="build"></property>
    <property name="jndi_context_utility.jar.name" value="JNDI_Utility.jar"></property>
    <property name="site_validation.path" value="site_validation/1.0"></property>
    <property name="memory_usage.path" value="memory_usage/1.0"></property>
    <property name="dist_conf" value="build/dist/administration_logic-1.0/conf"></property>
    <property name="id_generator.jar" value="D:/TC/LibJava/Java/id_generator/3.0/id_generator.jar"></property>
    <property name="user_profile_manager.version" value="1.0"></property>
    <property name="object_factory.version" value="2.0"></property>
    <property name="site_validation.jar.name" value="site_validation.jar"></property>
    <property name="http_utility.version" value="1.1"></property>
    <property name="java.awt.printerjob" value="sun.awt.windows.WPrinterJob"></property>
    <property name="configmanager.path" value="configuration_manager/2.1.5"></property>
    <property name="dist_lib" value="build/dist/lib/tcs"></property>
    <property name="base_exception.version" value="1.0"></property>
    <property name="web_site_statistics.jar.name" value="web_site_statistics.jar"></property>
    <property name="junit.jar" value="D:/TC/LibJava/Ext/junit.jar"></property>
    <property name="configdir" value="conf"></property>
    <property name="generic_event_manager.path" value="generic_event_manager/1.0"></property>
    <property name="build_tcsdistdir" value="build/dist/administration_logic-1.0"></property>
    <property name="ant.version" value="Apache Ant version 1.6.2 compiled on July 16 2004"></property>
    <property name="dist_docs" value="build/dist/administration_logic-1.0/docs"></property>
    <property name="testlogdir" value="log"></property>
    <property name="os.name" value="Windows 2000"></property>
    <property name="cglib-full-2.0-RC2.jar" value="D:/TC/LibJava/Ext/mockejb/mockejb-0.6-beta2/lib/cglib-full-2.0-RC2.jar"></property>
    <property name="java.specification.vendor" value="Sun Microsystems Inc."></property>
    <property name="java.vm.name" value="Java HotSpot(TM) Client VM"></property>
    <property name="configmanager.jar" value="D:/TC/LibJava/Java/configuration_manager/2.1.5/configuration_manager.jar"></property>
    <property name="java.library.path" value="C:\j2sdk1.4.2_03\jre\bin;.;C:\WINNT\system32;C:\WINNT;C:\WINNT\system32;C:\WINNT;C:\WINNT\System32\Wbem;C:\Program Files\Java\jdk1.5.0_08\jre\lib\ext;C:\Program Files\Microsoft SQL Server\80\Tools\BINN;C:\Program Files\Microsoft Visual Studio .NET 2003\Common7\Tools\Bin;D:\Java\apache-ant-1.6.2\bin;C:\Program Files\Microsoft Visual Studio .NET 2003\Vc7\bin;C:\Program Files\Microsoft Visual Studio .NET 2003\Common7\IDE;C:\Program Files\Common Files\Microsoft Shared\VSA\7.1\VsaEnv;C:\Program Files\Microsoft Visual Studio .NET 2003\SDK\v1.1\Bin;C:\Program Files\Microsoft Visual Studio .NET 2003\Vc7\PlatformSDK\Include;D:\Java\apache-ant-1.6.2\bin;C:\Program Files\Java\jdk1.5.0_08\jre\lib\ext"></property>
    <property name="docpackage.jar" value="administration_logic_docs.jar"></property>
    <property name="compression_utility.path" value="compression_utility/2.0.1"></property>
    <property name="logging_wrapper.version" value="1.2"></property>
    <property name="ant.java.version" value="1.4"></property>
    <property name="basedir" value="D:\TC\Active\ThisWeek\AdminLogic\FR3"></property>
    <property name="java.class.version" value="48.0"></property>
    <property name="compression_utility.version" value="2.0.1"></property>
    <property name="msbase.jar" value="D:/TC/LibJava/Ext/SQLServerJDBC/SP3/msbase.jar"></property>
    <property name="base_exception.jar.name" value="base_exception.jar"></property>
    <property name="ant.home" value="D:\Java\apache-ant-1.6.2\bin\.."></property>
    <property name="logging_wrapper.path" value="logging_wrapper/1.2"></property>
    <property name="component.war" value="${dist_examples}/administration_logic.war"></property>
    <property name="configmanager.jar.name" value="configuration_manager.jar"></property>
    <property name="web_site_statistics.path" value="web_site_statistics/1.0"></property>
    <property name="site_validation.version" value="1.0"></property>
    <property name="generic_event_manager.version" value="1.0"></property>
    <property name="html_document_parser.jar.name" value="html_parser.jar"></property>
    <property name="ant.file.Administration Logic" value="D:\TC\Active\ThisWeek\AdminLogic\FR3\build.xml"></property>
    <property name="log4j.jar" value="D:/TC/LibJava/Ext/log4j-1.2.9.jar"></property>
    <property name="generic_event_manager.jar" value="D:/TC/LibJava/Java/generic_event_manager/1.0/generic_event_manager.jar"></property>
    <property name="sun.boot.library.path" value="C:\j2sdk1.4.2_03\jre\bin"></property>
    <property name="user_profile.path" value="user_profile/1.0"></property>
    <property name="ext_libdir" value="D:/TC/LibJava/Ext"></property>
    <property name="java.awt.graphicsenv" value="sun.awt.Win32GraphicsEnvironment"></property>
    <property name="user.variant" value=""></property>
    <property name="jar_tcs_libdir" value="lib/tcs"></property>
    <property name="id_generator.path" value="id_generator/3.0"></property>
    <property name="web_spider.path" value="web_spider/1.0"></property>
    <property name="build_targetclassdir" value="build/targetclasses"></property>
    <property name="docsdir" value="docs"></property>
    <property name="dev_dist.jar" value="Administration_Logic_1.0_dev_dist.jar"></property>
    <property name="ant.project.name" value="Administration Logic"></property>
    <property name="java.vm.specification.version" value="1.0"></property>
    <property name="http_utility.jar" value="D:/TC/LibJava/Java/http_utility/1.1/http_utility.jar"></property>
    <property name="db_connection_factory.version" value="1.0"></property>
    <property name="jndi_context_utility.version" value="1.0"></property>
    <property name="db_connection_factory.jar.name" value="db_connection_factory.jar"></property>
    <property name="webdir" value="web"></property>
    <property name="awt.toolkit" value="sun.awt.windows.WToolkit"></property>
    <property name="sun.cpu.isalist" value="pentium i486 i386"></property>
    <property name="build_javadocsdir" value="build/docs/javadocs"></property>
    <property name="memory_usage.jar" value="D:/TC/LibJava/Java/memory_usage/1.0/memory_usage.jar"></property>
    <property name="java.ext.dirs" value="C:\j2sdk1.4.2_03\jre\lib\ext"></property>
    <property name="os.version" value="5.0"></property>
    <property name="user_profile_manager.jar" value="D:/TC/LibJava/Java/user_profile_manager/1.0/user_profile_manager.jar"></property>
    <property name="javadoc.jar" value="javadocs.jar"></property>
    <property name="user.home" value="C:\Documents and Settings\Administrator.HOME"></property>
    <property name="build_classdir" value="build/classes"></property>
    <property name="commons-logging.jar" value="D:/TC/LibJava/Ext/mockejb/mockejb-0.6-beta2/lib/commons-logging.jar"></property>
    <property name="object_factory.jar.name" value="object_factory.jar"></property>
    <property name="java.vm.vendor" value="Sun Microsystems Inc."></property>
    <property name="typesafe_enum.path" value="typesafe_enum/1.0"></property>
    <property name="build_testclassdir" value="build/testClasses"></property>
    <property name="package" value="com.orpheus.administration"></property>
    <property name="typesafe_enum.jar" value="D:/TC/LibJava/Java/typesafe_enum/1.0/typesafe_enum.jar"></property>
    <property name="base_exception.jar" value="D:/TC/LibJava/Java/base_exception/1.0/base_exception.jar"></property>
    <property name="user.dir" value="D:\TC\Active\ThisWeek\AdminLogic\FR3"></property>
    <property name="configmanager.version" value="2.1.5"></property>
    <property name="simple_cache.version" value="1.0"></property>
    <property name="data_validation.version" value="1.0"></property>
    <property name="data_validation.jar" value="D:/TC/LibJava/Java/data_validation/1.0/data_validation.jar"></property>
    <property name="compression_utility.jar" value="D:/TC/LibJava/Java/compression_utility/2.0.1/compression_utility.jar"></property>
    <property name="sun.cpu.endian" value="little"></property>
    <property name="web_spider.version" value="1.0"></property>
    <property name="site_validation.jar" value="D:/TC/LibJava/Java/site_validation/1.0/site_validation.jar"></property>
    <property name="dist_docpackage" value="build/doc_package"></property>
    <property name="java.vm.version" value="1.4.2_03-b02"></property>
    <property name="mysql.jar" value="D:/TC/LibJava/Ext/mysql/3.1.10/mysql-connector-java-3.1.10-bin.jar"></property>
    <property name="jndi_context_utility.path" value="JNDI_Utility/1.0"></property>
    <property name="dev_submission.jar" value="Administration_Logic_1.0_dev_submission.jar"></property>
    <property name="java.class.path" value="D:\TC\Active\ThisWeek\AdminLogic\FR3\build\testClasses;D:\TC\Active\ThisWeek\AdminLogic\FR3\build\classes;D:\TC\LibJava\Ext\junit.jar;D:\TC\LibJava\Ext\j2ee.jar;D:\TC\LibJava\Ext\xerces.jar;D:\TC\LibJava\Ext\tidy.jar;D:\TC\LibJava\Ext\mockrunner\mockrunner-0.3.7\lib\mockrunner.jar;D:\TC\LibJava\Java\configuration_manager\2.1.5\configuration_manager.jar;D:\TC\LibJava\Java\typesafe_enum\1.0\typesafe_enum.jar;D:\TC\LibJava\Java\user_profile\1.0\user_profile.jar;D:\TC\LibJava\Java\user_profile_manager\1.0\user_profile_manager.jar;D:\TC\LibJava\Java\object_factory\2.0\object_factory.jar;D:\TC\LibJava\Java\json_object\1.0\json_object.jar;D:\TC\LibJava\Java\web_spider\1.0\web_spider.jar;D:\TC\LibJava\Java\JNDI_Utility\1.0\JNDI_Utility.jar;D:\TC\LibJava\Java\base_exception\1.0\base_exception.jar;D:\TC\LibJava\Java\data_validation\1.0\data_validation.jar;D:\TC\LibJava\Java\generic_event_manager\1.0\generic_event_manager.jar;D:\TC\LibJava\Java\id_generator\3.0\id_generator.jar;D:\TC\LibJava\Java\db_connection_factory\1.0\db_connection_factory.jar;D:\TC\LibJava\Java\logging_wrapper\1.2\logging_wrapper.jar;D:\TC\LibJava\Java\html_parser\1.0\html_parser.jar;D:\TC\LibJava\Java\compression_utility\2.0.1\compression_utility.jar;D:\TC\LibJava\Java\memory_usage\1.0\memory_usage.jar;D:\TC\LibJava\Java\site_validation\1.0\site_validation.jar;D:\TC\LibJava\Java\web_site_statistics\1.0\web_site_statistics.jar;D:\TC\LibJava\Java\http_utility\1.1\http_utility.jar;D:\TC\Active\ThisWeek\AdminLogic\FR3\conf;D:\TC\Active\ThisWeek\AdminLogic\FR3\test_files;D:\TC\LibJava\Ext\SQLServerJDBC\SP3\msbase.jar;D:\TC\LibJava\Ext\SQLServerJDBC\SP3\mssqlserver.jar;D:\TC\LibJava\Ext\SQLServerJDBC\SP3\msutil.jar;D:\TC\LibJava\Ext\mysql\3.1.10\mysql-connector-java-3.1.10-bin.jar;D:\TC\LibJava\Ext\mockejb\mockejb-0.6-beta2\lib\mockejb.jar;D:\TC\LibJava\Ext\mockejb\mockejb-0.6-beta2\lib\cglib-full-2.0-RC2.jar;D:\TC\LibJava\Ext\mockejb\mockejb-0.6-beta2\lib\commons-logging.jar;D:\TC\LibJava\Ext\mockejb\mockejb-0.6-beta2\lib\jakarta-oro-2.0.8.jar;D:\Java\apache-ant-1.6.2\lib\junit.jar;D:\Java\apache-ant-1.6.2\lib\ant-launcher.jar;D:\Java\apache-ant-1.6.2\lib\ant.jar;D:\Java\apache-ant-1.6.2\lib\ant-junit.jar"></property>
    <property name="ant.library.dir" value="D:\Java\apache-ant-1.6.2\lib"></property>
    <property name="os.arch" value="x86"></property>
    <property name="db_connection_factory.path" value="db_connection_factory/1.0"></property>
    <property name="logging_wrapper.jar.name" value="logging_wrapper.jar"></property>
    <property name="http_utility.jar.name" value="http_utility.jar"></property>
    <property name="java.vm.specification.vendor" value="Sun Microsystems Inc."></property>
    <property name="file.separator" value="\"></property>
    <property name="html_document_parser.jar" value="D:/TC/LibJava/Java/html_parser/1.0/html_parser.jar"></property>
    <property name="user_profile.version" value="1.0"></property>
    <property name="java.runtime.version" value="1.4.2_03-b02"></property>
    <property name="sun.boot.class.path" value="C:\j2sdk1.4.2_03\jre\lib\rt.jar;C:\j2sdk1.4.2_03\jre\lib\i18n.jar;C:\j2sdk1.4.2_03\jre\lib\sunrsasign.jar;C:\j2sdk1.4.2_03\jre\lib\jsse.jar;C:\j2sdk1.4.2_03\jre\lib\jce.jar;C:\j2sdk1.4.2_03\jre\lib\charsets.jar;C:\j2sdk1.4.2_03\jre\classes"></property>
    <property name="build_docsdir" value="build/docs"></property>
    <property name="design_submission.jar" value="Administration_Logic_1.0_design_submission.jar"></property>
    <property name="sun.java2d.fontpath" value=""></property>
    <property name="user.country" value="US"></property>
    <property name="tcs_libdir" value="D:/TC/LibJava/Java"></property>
    <property name="component" value="Administration_Logic"></property>
    <property name="simple_cache.jar" value="D:/TC/LibJava/Java/simple_cache/1.0/simple_cache.jar"></property>
    <property name="logging_wrapper.jar" value="D:/TC/LibJava/Java/logging_wrapper/1.2/logging_wrapper.jar"></property>
    <property name="typesafe_enum.jar.name" value="typesafe_enum.jar"></property>
    <property name="java_1_3_bootclasspath" value="c:\program files\JavaSoft\JRE\1.3.1\lib\rt.jar"></property>
    <property name="java_1.3_bootclasspath" value="c:program filesJavaSoftJRE1.3libt.jar"></property>
    <property name="java.vendor" value="Sun Microsystems Inc."></property>
    <property name="db_connection_factory.jar" value="D:/TC/LibJava/Java/db_connection_factory/1.0/db_connection_factory.jar"></property>
    <property name="jakarta-oro-2.0.8.jar" value="D:/TC/LibJava/Ext/mockejb/mockejb-0.6-beta2/lib/jakarta-oro-2.0.8.jar"></property>
    <property name="user_profile.jar.name" value="user_profile.jar"></property>
    <property name="java.specification.version" value="1.4"></property>
    <property name="mssqlserver.jar" value="D:/TC/LibJava/Ext/SQLServerJDBC/SP3/mssqlserver.jar"></property>
    <property name="testfiles" value="test_files"></property>
    <property name="sun.arch.data.model" value="32"></property>
    <property name="javatests" value="src/java/tests"></property>
  </properties>
  <testcase classname="com.orpheus.administration.AdministrationExceptionUnitTests" name="testInheritance" time="0.0"></testcase>
  <testcase classname="com.orpheus.administration.AdministrationExceptionUnitTests" name="testCreate_String_1_accuracy" time="0.0"></testcase>
  <testcase classname="com.orpheus.administration.AdministrationExceptionUnitTests" name="testCreate_String_2_accuracy" time="0.0"></testcase>
  <testcase classname="com.orpheus.administration.AdministrationExceptionUnitTests" name="testCreate_String_Throwable_1_accuracy" time="0.0"></testcase>
  <testcase classname="com.orpheus.administration.AdministrationExceptionUnitTests" name="testCreate_String_Throwable_2_accuracy" time="0.0"></testcase>
  <testcase classname="com.orpheus.administration.AdministrationExceptionUnitTests" name="testCreate_String_Throwable_3_accuracy" time="0.0"></testcase>
  <testcase classname="com.orpheus.administration.AdministrationExceptionUnitTests" name="testCreate_String_Throwable_4_accuracy" time="0.0"></testcase>
  <testcase classname="com.orpheus.administration.AdministrationExceptionUnitTests" name="testCreate_String_Throwable_5_accuracy" time="0.0"></testcase>
  <testcase classname="com.orpheus.administration.AdministrationManagerUnitTests" name="testConstructor_1_accuracy" time="1.266"></testcase>
  <testcase classname="com.orpheus.administration.AdministrationManagerUnitTests" name="testConstructor_1_failure" time="0.25"></testcase>
  <testcase classname="com.orpheus.administration.AdministrationManagerUnitTests" name="testConstructor_2_failure" time="0.328"></testcase>
  <testcase classname="com.orpheus.administration.AdministrationManagerUnitTests" name="testConstructor_3_failure" time="0.234"></testcase>
  <testcase classname="com.orpheus.administration.AdministrationManagerUnitTests" name="testConstructor_4_failure" time="0.172"></testcase>
  <testcase classname="com.orpheus.administration.AdministrationManagerUnitTests" name="testConstructor_5_failure" time="0.187"></testcase>
  <testcase classname="com.orpheus.administration.AdministrationManagerUnitTests" name="testConstructor_6_failure" time="0.188"></testcase>
  <testcase classname="com.orpheus.administration.AdministrationManagerUnitTests" name="testRegeneratePuzzle_1_Accuracy" time="0.391"></testcase>
  <testcase classname="com.orpheus.administration.AdministrationManagerUnitTests" name="testRegenerateBrainTeaser_1_Accuracy" time="0.265"></testcase>
  <testcase classname="com.orpheus.administration.AdministrationManagerUnitTests" name="testGenerateHuntTargets_1_Accuracy" time="0.5"></testcase>
  <testcase classname="com.orpheus.administration.AdministrationManagerUnitTests" name="testinitializeSlotsForBlock_1_Accuracy" time="0.25"></testcase>
  <testcase classname="com.orpheus.administration.ConfigurationExceptionUnitTests" name="testInheritance" time="0.0"></testcase>
  <testcase classname="com.orpheus.administration.ConfigurationExceptionUnitTests" name="testCreate_String_1_accuracy" time="0.0"></testcase>
  <testcase classname="com.orpheus.administration.ConfigurationExceptionUnitTests" name="testCreate_String_2_accuracy" time="0.0"></testcase>
  <testcase classname="com.orpheus.administration.ConfigurationExceptionUnitTests" name="testCreate_String_Throwable_1_accuracy" time="0.0"></testcase>
  <testcase classname="com.orpheus.administration.ConfigurationExceptionUnitTests" name="testCreate_String_Throwable_2_accuracy" time="0.0"></testcase>
  <testcase classname="com.orpheus.administration.ConfigurationExceptionUnitTests" name="testCreate_String_Throwable_3_accuracy" time="0.0"></testcase>
  <testcase classname="com.orpheus.administration.ConfigurationExceptionUnitTests" name="testCreate_String_Throwable_4_accuracy" time="0.0"></testcase>
  <testcase classname="com.orpheus.administration.ConfigurationExceptionUnitTests" name="testCreate_String_Throwable_5_accuracy" time="0.0"></testcase>
  <testcase classname="com.orpheus.administration.ServiceLocatorExceptionUnitTests" name="testInheritance" time="0.0"></testcase>
  <testcase classname="com.orpheus.administration.ServiceLocatorExceptionUnitTests" name="testCreate_String_1_accuracy" time="0.0"></testcase>
  <testcase classname="com.orpheus.administration.ServiceLocatorExceptionUnitTests" name="testCreate_String_2_accuracy" time="0.0"></testcase>
  <testcase classname="com.orpheus.administration.ServiceLocatorExceptionUnitTests" name="testCreate_String_Throwable_1_accuracy" time="0.0"></testcase>
  <testcase classname="com.orpheus.administration.ServiceLocatorExceptionUnitTests" name="testCreate_String_Throwable_2_accuracy" time="0.0"></testcase>
  <testcase classname="com.orpheus.administration.ServiceLocatorExceptionUnitTests" name="testCreate_String_Throwable_3_accuracy" time="0.0"></testcase>
  <testcase classname="com.orpheus.administration.ServiceLocatorExceptionUnitTests" name="testCreate_String_Throwable_4_accuracy" time="0.0"></testcase>
  <testcase classname="com.orpheus.administration.ServiceLocatorExceptionUnitTests" name="testCreate_String_Throwable_5_accuracy" time="0.0"></testcase>
  <testcase classname="com.orpheus.administration.ServiceLocatorUnitTests" name="testConstructor_1_accuracy" time="0.016"></testcase>
  <testcase classname="com.orpheus.administration.ServiceLocatorUnitTests" name="testGetRemoteHome_1_accuracy" time="0.0"></testcase>
  <testcase classname="com.orpheus.administration.ServiceLocatorUnitTests" name="testGetRemoteHome_1_failure" time="0.015"></testcase>
  <testcase classname="com.orpheus.administration.ServiceLocatorUnitTests" name="testGetRemoteHome_2_failure" time="0.0"></testcase>
  <testcase classname="com.orpheus.administration.ServiceLocatorUnitTests" name="testGetRemoteHome_3_failure" time="0.0"></testcase>
  <testcase classname="com.orpheus.administration.ServiceLocatorUnitTests" name="testGetRemoteHome_4_failure" time="0.0"></testcase>
  <testcase classname="com.orpheus.administration.ServiceLocatorUnitTests" name="testGetRemoteHome_5_failure" time="0.0"></testcase>
  <testcase classname="com.orpheus.administration.handlers.CreateGameHandlerUnitTests" name="testConstructor_1_accuracy" time="0.204"></testcase>
  <testcase classname="com.orpheus.administration.handlers.CreateGameHandlerUnitTests" name="testConstructorElement_1_failure" time="0.187"></testcase>
  <testcase classname="com.orpheus.administration.handlers.CreateGameHandlerUnitTests" name="testConstructorElement_2_failure" time="0.188"></testcase>
  <testcase classname="com.orpheus.administration.handlers.CreateGameHandlerUnitTests" name="testExecute_1_accuracy" time="0.203"></testcase>
  <testcase classname="com.orpheus.administration.handlers.CreateGameHandlerUnitTests" name="testExecute_2_accuracy" time="0.187"></testcase>
  <testcase classname="com.orpheus.administration.handlers.CreateGameHandlerUnitTests" name="testExecute_1_failure" time="0.203"></testcase>
  <testcase classname="com.orpheus.administration.handlers.AdminSummaryHandlerUnitTests" name="testConstructor_1_accuracy" time="0.188"></testcase>
  <testcase classname="com.orpheus.administration.handlers.AdminSummaryHandlerUnitTests" name="testConstructorElement_1_failure" time="0.281"></testcase>
  <testcase classname="com.orpheus.administration.handlers.AdminSummaryHandlerUnitTests" name="testConstructorElement_2_failure" time="0.188"></testcase>
  <testcase classname="com.orpheus.administration.handlers.AdminSummaryHandlerUnitTests" name="testExecute_1_accuracy" time="0.203"></testcase>
  <testcase classname="com.orpheus.administration.handlers.AdminSummaryHandlerUnitTests" name="testExecute_2_accuracy" time="0.156"></testcase>
  <testcase classname="com.orpheus.administration.handlers.AdminSummaryHandlerUnitTests" name="testExecute_1_failure" time="0.187"></testcase>
  <testcase classname="com.orpheus.administration.handlers.AdminSummaryHandlerUnitTests" name="testConstructorElement_3_failure" time="0.188"></testcase>
  <testcase classname="com.orpheus.administration.handlers.AdminSummaryHandlerUnitTests" name="testConstructorElement_4_failure" time="0.187"></testcase>
  <testcase classname="com.orpheus.administration.handlers.DeleteSlotHandlerUnitTests" name="testConstructor_1_accuracy" time="0.188"></testcase>
  <testcase classname="com.orpheus.administration.handlers.DeleteSlotHandlerUnitTests" name="testConstructorElement_1_failure" time="0.172"></testcase>
  <testcase classname="com.orpheus.administration.handlers.DeleteSlotHandlerUnitTests" name="testConstructorElement_2_failure" time="0.187"></testcase>
  <testcase classname="com.orpheus.administration.handlers.DeleteSlotHandlerUnitTests" name="testExecute_1_failure" time="0.172"></testcase>
  <testcase classname="com.orpheus.administration.handlers.DeleteSlotHandlerUnitTests" name="testExecute_1_Accuracy" time="0.188"></testcase>
  <testcase classname="com.orpheus.administration.handlers.DeleteSlotHandlerUnitTests" name="testExecute_2_Accuracy" time="0.172"></testcase>
  <testcase classname="com.orpheus.administration.handlers.DeleteSlotHandlerUnitTests" name="testExecute_3_Accuracy" time="0.171"></testcase>
  <testcase classname="com.orpheus.administration.handlers.DomainApprovalHandlerUnitTests" name="testConstructor_1_accuracy" time="0.313"></testcase>
  <testcase classname="com.orpheus.administration.handlers.DomainApprovalHandlerUnitTests" name="testConstructorElement_1_failure" time="0.187"></testcase>
  <testcase classname="com.orpheus.administration.handlers.DomainApprovalHandlerUnitTests" name="testExecute_1_failure" time="0.204"></testcase>
  <testcase classname="com.orpheus.administration.handlers.DomainApprovalHandlerUnitTests" name="testExecute_1_Accuracy" time="0.218"></testcase>
  <testcase classname="com.orpheus.administration.handlers.DomainApprovalHandlerUnitTests" name="testExecute_2_Accuracy" time="0.188"></testcase>
  <testcase classname="com.orpheus.administration.handlers.DomainApprovalRejectionHandlerUnitTests" name="testConstructor_1_accuracy" time="0.187"></testcase>
  <testcase classname="com.orpheus.administration.handlers.DomainApprovalRejectionHandlerUnitTests" name="testConstructorElement_1_failure" time="0.188"></testcase>
  <testcase classname="com.orpheus.administration.handlers.DomainApprovalRejectionHandlerUnitTests" name="testConstructorElement_2_failure" time="0.203"></testcase>
  <testcase classname="com.orpheus.administration.handlers.DomainApprovalRejectionHandlerUnitTests" name="testExecute_1_failure" time="0.187"></testcase>
  <testcase classname="com.orpheus.administration.handlers.DomainApprovalRejectionHandlerUnitTests" name="testExecute_1_Accuracy" time="0.188"></testcase>
  <testcase classname="com.orpheus.administration.handlers.DomainApprovalRejectionHandlerUnitTests" name="testExecute_2_Accuracy" time="0.187"></testcase>
  <testcase classname="com.orpheus.administration.handlers.DomainRejectionHandlerUnitTests" name="testConstructor_1_accuracy" time="0.235"></testcase>
  <testcase classname="com.orpheus.administration.handlers.DomainRejectionHandlerUnitTests" name="testConstructorElement_1_failure" time="0.203"></testcase>
  <testcase classname="com.orpheus.administration.handlers.DomainRejectionHandlerUnitTests" name="testExecute_1_failure" time="0.266"></testcase>
  <testcase classname="com.orpheus.administration.handlers.DomainRejectionHandlerUnitTests" name="testExecute_1_Accuracy" time="0.203"></testcase>
  <testcase classname="com.orpheus.administration.handlers.DomainRejectionHandlerUnitTests" name="testExecute_2_Accuracy" time="0.203"></testcase>
  <testcase classname="com.orpheus.administration.handlers.DomainRejectionHandlerUnitTests" name="testGetApprovedFlag_1_accuracy" time="0.156"></testcase>
  <testcase classname="com.orpheus.administration.handlers.GameParameterHandlerUnitTests" name="testConstructor_1_accuracy" time="0.188"></testcase>
  <testcase classname="com.orpheus.administration.handlers.GameParameterHandlerUnitTests" name="testConstructorElement_1_failure" time="0.125"></testcase>
  <testcase classname="com.orpheus.administration.handlers.GameParameterHandlerUnitTests" name="testConstructorElement_2_failure" time="0.187"></testcase>
  <testcase classname="com.orpheus.administration.handlers.GameParameterHandlerUnitTests" name="testExecute_1_failure" time="0.125"></testcase>
  <testcase classname="com.orpheus.administration.handlers.GameParameterHandlerUnitTests" name="testExecute_1_Accuracy" time="0.172"></testcase>
  <testcase classname="com.orpheus.administration.handlers.GameParameterHandlerUnitTests" name="testExecute_2_Accuracy" time="0.141"></testcase>
  <testcase classname="com.orpheus.administration.handlers.GameParameterHandlerUnitTests" name="testExecute_3_Accuracy" time="0.187"></testcase>
  <testcase classname="com.orpheus.administration.handlers.GameParameterHandlerUnitTests" name="testExecute_4_Accuracy" time="0.156"></testcase>
  <testcase classname="com.orpheus.administration.handlers.GameParameterHandlerUnitTests" name="testExecute_5_Accuracy" time="0.172"></testcase>
  <testcase classname="com.orpheus.administration.handlers.PendingSponsorDomainHandlerUnitTests" name="testConstructor_1_accuracy" time="0.203"></testcase>
  <testcase classname="com.orpheus.administration.handlers.PendingSponsorDomainHandlerUnitTests" name="testConstructorElement_1_failure" time="0.141"></testcase>
  <testcase classname="com.orpheus.administration.handlers.PendingSponsorDomainHandlerUnitTests" name="testConstructorElement_2_failure" time="0.203"></testcase>
  <testcase classname="com.orpheus.administration.handlers.PendingSponsorDomainHandlerUnitTests" name="testExecute_1_accuracy" time="0.219"></testcase>
  <testcase classname="com.orpheus.administration.handlers.PendingSponsorDomainHandlerUnitTests" name="testExecute_1_failure" time="0.156"></testcase>
  <testcase classname="com.orpheus.administration.handlers.PendingSponsorDomainHandlerUnitTests" name="testExecute_1_Accuracy" time="0.234"></testcase>
  <testcase classname="com.orpheus.administration.handlers.PendingSponsorDomainHandlerUnitTests" name="testExecute_2_Accuracy" time="0.157"></testcase>
  <testcase classname="com.orpheus.administration.handlers.PendingSponsorDomainHandlerUnitTests" name="testExecute_3_Accuracy" time="0.203"></testcase>
  <testcase classname="com.orpheus.administration.handlers.PendingSponsorDomainHandlerUnitTests" name="testExecute_4_Accuracy" time="0.156"></testcase>
  <testcase classname="com.orpheus.administration.handlers.PendingSponsorHandlerUnitTests" name="testConstructor_1_accuracy" time="0.203"></testcase>
  <testcase classname="com.orpheus.administration.handlers.PendingSponsorHandlerUnitTests" name="testConstructorElement_1_failure" time="0.141"></testcase>
  <testcase classname="com.orpheus.administration.handlers.PendingSponsorHandlerUnitTests" name="testConstructorElement_2_failure" time="0.187"></testcase>
  <testcase classname="com.orpheus.administration.handlers.PendingSponsorHandlerUnitTests" name="testExecute_1_accuracy" time="0.188"></testcase>
  <testcase classname="com.orpheus.administration.handlers.PendingSponsorHandlerUnitTests" name="testExecute_1_failure" time="0.156"></testcase>
  <testcase classname="com.orpheus.administration.handlers.PendingWinnerApprovalHandlerUnitTests" name="testConstructor_1_accuracy" time="0.203"></testcase>
  <testcase classname="com.orpheus.administration.handlers.PendingWinnerApprovalHandlerUnitTests" name="testConstructorElement_1_failure" time="0.125"></testcase>
  <testcase classname="com.orpheus.administration.handlers.PendingWinnerApprovalHandlerUnitTests" name="testgetApprovedFlag_1_accuracy" time="0.172"></testcase>
  <testcase classname="com.orpheus.administration.handlers.PendingWinnerApprovalRejectionHandlerUnitTests" name="testConstructor_1_accuracy" time="0.141"></testcase>
  <testcase classname="com.orpheus.administration.handlers.PendingWinnerApprovalRejectionHandlerUnitTests" name="testConstructorElement_1_failure" time="0.14"></testcase>
  <testcase classname="com.orpheus.administration.handlers.PendingWinnerApprovalRejectionHandlerUnitTests" name="testConstructorElement_2_failure" time="0.157"></testcase>
  <testcase classname="com.orpheus.administration.handlers.PendingWinnerApprovalRejectionHandlerUnitTests" name="testExecute_1_failure" time="0.14"></testcase>
  <testcase classname="com.orpheus.administration.handlers.PendingWinnerApprovalRejectionHandlerUnitTests" name="testExecute_1_Accuracy" time="0.203"></testcase>
  <testcase classname="com.orpheus.administration.handlers.PendingWinnerApprovalRejectionHandlerUnitTests" name="testExecute_2_Accuracy" time="0.141"></testcase>
  <testcase classname="com.orpheus.administration.handlers.PendingWinnerApprovalRejectionHandlerUnitTests" name="testExecute_3_Accuracy" time="0.141"></testcase>
  <testcase classname="com.orpheus.administration.handlers.PendingWinnerHandlerUnitTests" name="testConstructor_1_accuracy" time="0.171"></testcase>
  <testcase classname="com.orpheus.administration.handlers.PendingWinnerHandlerUnitTests" name="testConstructorElement_1_failure" time="0.204"></testcase>
  <testcase classname="com.orpheus.administration.handlers.PendingWinnerHandlerUnitTests" name="testConstructorElement_2_failure" time="0.312"></testcase>
  <testcase classname="com.orpheus.administration.handlers.PendingWinnerHandlerUnitTests" name="testExecute_1_accuracy" time="0.188"></testcase>
  <testcase classname="com.orpheus.administration.handlers.PendingWinnerHandlerUnitTests" name="testExecute_1_failure" time="0.14"></testcase>
  <testcase classname="com.orpheus.administration.handlers.PendingWinnerRejectionHandlerUnitTests" name="testConstructor_1_accuracy" time="0.125"></testcase>
  <testcase classname="com.orpheus.administration.handlers.PendingWinnerRejectionHandlerUnitTests" name="testConstructorElement_1_failure" time="0.172"></testcase>
  <testcase classname="com.orpheus.administration.handlers.PendingWinnerRejectionHandlerUnitTests" name="testgetApprovedFlag_1_accuracy" time="0.125"></testcase>
  <testcase classname="com.orpheus.administration.handlers.RegenerateBrainteaserOrPuzzleHandlerUnitTests" name="testConstructor_1_accuracy" time="0.203"></testcase>
  <testcase classname="com.orpheus.administration.handlers.RegenerateBrainteaserOrPuzzleHandlerUnitTests" name="testConstructorElement_1_failure" time="0.141"></testcase>
  <testcase classname="com.orpheus.administration.handlers.RegenerateBrainteaserOrPuzzleHandlerUnitTests" name="testConstructorElement_2_failure" time="0.109"></testcase>
  <testcase classname="com.orpheus.administration.handlers.RegenerateBrainteaserOrPuzzleHandlerUnitTests" name="testExecute_1_accuracy" time="0.188"></testcase>
  <testcase classname="com.orpheus.administration.handlers.RegenerateBrainteaserOrPuzzleHandlerUnitTests" name="testExecute_1_failure" time="0.125"></testcase>
  <testcase classname="com.orpheus.administration.handlers.RegenerateBrainteaserHandlerUnitTests" name="testConstructor_1_accuracy" time="0.14"></testcase>
  <testcase classname="com.orpheus.administration.handlers.RegenerateBrainteaserHandlerUnitTests" name="testConstructorElement_1_failure" time="0.188"></testcase>
  <testcase classname="com.orpheus.administration.handlers.RegenerateBrainteaserHandlerUnitTests" name="testGeneratePuzzle_1_accuracy" time="0.187"></testcase>
  <testcase classname="com.orpheus.administration.handlers.RegeneratePuzzleHandlerUnitTests" name="testConstructor_1_accuracy" time="0.125"></testcase>
  <testcase classname="com.orpheus.administration.handlers.RegeneratePuzzleHandlerUnitTests" name="testConstructorElement_1_failure" time="0.172"></testcase>
  <testcase classname="com.orpheus.administration.handlers.RegeneratePuzzleHandlerUnitTests" name="testGeneratePuzzle_1_accuracy" time="0.125"></testcase>
  <testcase classname="com.orpheus.administration.handlers.ReorderSlotsHandlerUnitTests" name="testConstructor_1_accuracy" time="0.141"></testcase>
  <testcase classname="com.orpheus.administration.handlers.ReorderSlotsHandlerUnitTests" name="testConstructorElement_1_failure" time="0.172"></testcase>
  <testcase classname="com.orpheus.administration.handlers.ReorderSlotsHandlerUnitTests" name="testConstructorElement_2_failure" time="0.172"></testcase>
  <testcase classname="com.orpheus.administration.handlers.ReorderSlotsHandlerUnitTests" name="testExecute_1_failure" time="0.14"></testcase>
  <testcase classname="com.orpheus.administration.handlers.ReorderSlotsHandlerUnitTests" name="testExecute_1_Accuracy" time="0.235"></testcase>
  <testcase classname="com.orpheus.administration.handlers.ReorderSlotsHandlerUnitTests" name="testExecute_2_Accuracy" time="0.218"></testcase>
  <testcase classname="com.orpheus.administration.handlers.SponsorApprovalRejectionHandlerUnitTests" name="testConstructor_1_accuracy" time="0.125"></testcase>
  <testcase classname="com.orpheus.administration.handlers.SponsorApprovalRejectionHandlerUnitTests" name="testConstructorElement_1_failure" time="0.172"></testcase>
  <testcase classname="com.orpheus.administration.handlers.SponsorApprovalRejectionHandlerUnitTests" name="testConstructorElement_2_failure" time="0.156"></testcase>
  <testcase classname="com.orpheus.administration.handlers.SponsorApprovalRejectionHandlerUnitTests" name="testExecute_1_accuracy" time="0.204"></testcase>
  <testcase classname="com.orpheus.administration.handlers.SponsorApprovalRejectionHandlerUnitTests" name="testExecute_1_failure" time="0.14"></testcase>
  <testcase classname="com.orpheus.administration.handlers.SponsorApprovalHandlerUnitTests" name="testConstructor_1_accuracy" time="0.172"></testcase>
  <testcase classname="com.orpheus.administration.handlers.SponsorApprovalHandlerUnitTests" name="testConstructorElement_1_failure" time="0.125"></testcase>
  <testcase classname="com.orpheus.administration.handlers.SponsorApprovalHandlerUnitTests" name="testGetIsApprovedPropertyValue_1_accuracy" time="0.188"></testcase>
  <testcase classname="com.orpheus.administration.handlers.SponsorImageApprovalRejectionHandlerUnitTests" name="testConstructor_1_accuracy" time="0.14"></testcase>
  <testcase classname="com.orpheus.administration.handlers.SponsorImageApprovalRejectionHandlerUnitTests" name="testConstructorElement_1_failure" time="0.203"></testcase>
  <testcase classname="com.orpheus.administration.handlers.SponsorImageApprovalRejectionHandlerUnitTests" name="testConstructorElement_2_failure" time="0.141"></testcase>
  <testcase classname="com.orpheus.administration.handlers.SponsorImageApprovalRejectionHandlerUnitTests" name="testExecute_1_failure" time="0.187"></testcase>
  <testcase classname="com.orpheus.administration.handlers.SponsorImageApprovalRejectionHandlerUnitTests" name="testExecute_1_Accuracy" time="0.125"></testcase>
  <testcase classname="com.orpheus.administration.handlers.SponsorImageApprovalRejectionHandlerUnitTests" name="testExecute_2_Accuracy" time="0.188"></testcase>
  <testcase classname="com.orpheus.administration.handlers.SponsorImageApprovalRejectionHandlerUnitTests" name="testExecute_3_Accuracy" time="0.156"></testcase>
  <testcase classname="com.orpheus.administration.handlers.SponsorImageApprovalRejectionHandlerUnitTests" name="testExecute_4_Accuracy" time="0.156"></testcase>
  <testcase classname="com.orpheus.administration.handlers.SponsorImageApprovalRejectionHandlerUnitTests" name="testExecute_5_Accuracy" time="0.188"></testcase>
  <testcase classname="com.orpheus.administration.handlers.SponsorImageApprovalRejectionHandlerUnitTests" name="testExecute_6_Accuracy" time="0.141"></testcase>
  <testcase classname="com.orpheus.administration.handlers.SponsorImageApprovalRejectionHandlerUnitTests" name="testExecute_7_Accuracy" time="0.14"></testcase>
  <testcase classname="com.orpheus.administration.handlers.SponsorImageApprovalRejectionHandlerUnitTests" name="testExecute_8_Accuracy" time="0.172"></testcase>
  <testcase classname="com.orpheus.administration.handlers.SponsorImageApprovalRejectionHandlerUnitTests" name="testExecute_9_Accuracy" time="0.172"></testcase>
  <testcase classname="com.orpheus.administration.handlers.SponsorImageApprovalHandlerUnitTests" name="testConstructor_1_accuracy" time="0.125"></testcase>
  <testcase classname="com.orpheus.administration.handlers.SponsorImageApprovalHandlerUnitTests" name="testConstructorElement_1_failure" time="0.172"></testcase>
  <testcase classname="com.orpheus.administration.handlers.SponsorImageApprovalHandlerUnitTests" name="testGetApprovedFlag_1_accuracy" time="0.125"></testcase>
  <testcase classname="com.orpheus.administration.handlers.SponsorImageRejectionHandlerUnitTests" name="testConstructor_1_accuracy" time="0.187"></testcase>
  <testcase classname="com.orpheus.administration.handlers.SponsorImageRejectionHandlerUnitTests" name="testConstructorElement_1_failure" time="0.125"></testcase>
  <testcase classname="com.orpheus.administration.handlers.SponsorImageRejectionHandlerUnitTests" name="testGetApprovedFlag_1_accuracy" time="0.125"></testcase>
  <testcase classname="com.orpheus.administration.handlers.SponsorRejectionHandlerUnitTests" name="testConstructor_1_accuracy" time="0.219"></testcase>
  <testcase classname="com.orpheus.administration.handlers.SponsorRejectionHandlerUnitTests" name="testConstructorElement_1_failure" time="0.141"></testcase>
  <testcase classname="com.orpheus.administration.handlers.SponsorRejectionHandlerUnitTests" name="testGetIsApprovedPropertyValue_1_accuracy" time="0.125"></testcase>
  <testcase classname="com.orpheus.administration.entities.DomainTargetImplUnitTests" name="testConstructor_1_accuracy" time="0.0"></testcase>
  <testcase classname="com.orpheus.administration.entities.DomainTargetImplUnitTests" name="testGetClueImageId_1_accuracy" time="0.0"></testcase>
  <testcase classname="com.orpheus.administration.entities.DomainTargetImplUnitTests" name="testSetClueImageId_1_accuracy" time="0.0"></testcase>
  <testcase classname="com.orpheus.administration.entities.DomainTargetImplUnitTests" name="testGetId_1_accuracy" time="0.0"></testcase>
  <testcase classname="com.orpheus.administration.entities.DomainTargetImplUnitTests" name="testSetId_1_accuracy" time="0.0"></testcase>
  <testcase classname="com.orpheus.administration.entities.DomainTargetImplUnitTests" name="testGetIdentifierHash_1_accuracy" time="0.0"></testcase>
  <testcase classname="com.orpheus.administration.entities.DomainTargetImplUnitTests" name="testSetIdentifierHash_1_accuracy" time="0.0"></testcase>
  <testcase classname="com.orpheus.administration.entities.DomainTargetImplUnitTests" name="testGetIdentifierText_1_accuracy" time="0.0"></testcase>
  <testcase classname="com.orpheus.administration.entities.DomainTargetImplUnitTests" name="testSetIdentifierText_1_accuracy" time="0.0"></testcase>
  <testcase classname="com.orpheus.administration.entities.DomainTargetImplUnitTests" name="testGetSequenceNumber_1_accuracy" time="0.0"></testcase>
  <testcase classname="com.orpheus.administration.entities.DomainTargetImplUnitTests" name="testSetSequenceNumber_1_accuracy" time="0.0"></testcase>
  <testcase classname="com.orpheus.administration.entities.DomainTargetImplUnitTests" name="testGetUriPath_1_accuracy" time="0.0"></testcase>
  <testcase classname="com.orpheus.administration.entities.DomainTargetImplUnitTests" name="testSetUriPath_1_accuracy" time="0.0"></testcase>
  <testcase classname="com.orpheus.administration.entities.GameImplUnitTests" name="testConstructor_1_accuracy" time="0.0"></testcase>
  <testcase classname="com.orpheus.administration.entities.GameImplUnitTests" name="testGetId_1_accuracy" time="0.0"></testcase>
  <testcase classname="com.orpheus.administration.entities.GameImplUnitTests" name="testSetId_1_accuracy" time="0.0"></testcase>
  <testcase classname="com.orpheus.administration.entities.GameImplUnitTests" name="testGetBallColor_1_accuracy" time="0.0"></testcase>
  <testcase classname="com.orpheus.administration.entities.GameImplUnitTests" name="testSetBallColor_1_accuracy" time="0.0"></testcase>
  <testcase classname="com.orpheus.administration.entities.GameImplUnitTests" name="testGetBlocks_1_accuracy" time="0.0"></testcase>
  <testcase classname="com.orpheus.administration.entities.GameImplUnitTests" name="testSetBlocks_1_accuracy" time="0.0"></testcase>
  <testcase classname="com.orpheus.administration.entities.GameImplUnitTests" name="testGetEndDate_1_accuracy" time="0.0"></testcase>
  <testcase classname="com.orpheus.administration.entities.GameImplUnitTests" name="testSetEndDate_1_accuracy" time="0.0"></testcase>
  <testcase classname="com.orpheus.administration.entities.GameImplUnitTests" name="testGetKeyCount_1_accuracy" time="0.0"></testcase>
  <testcase classname="com.orpheus.administration.entities.GameImplUnitTests" name="testSetKeyCount_1_accuracy" time="0.0"></testcase>
  <testcase classname="com.orpheus.administration.entities.GameImplUnitTests" name="testGetName_1_accuracy" time="0.0"></testcase>
  <testcase classname="com.orpheus.administration.entities.GameImplUnitTests" name="testSetName_1_accuracy" time="0.0"></testcase>
  <testcase classname="com.orpheus.administration.entities.GameImplUnitTests" name="testGetStartDate_1_accuracy" time="0.0"></testcase>
  <testcase classname="com.orpheus.administration.entities.GameImplUnitTests" name="testSetStartDate_1_accuracy" time="0.0"></testcase>
  <testcase classname="com.orpheus.administration.entities.HandlerResultUnitTests" name="testConstructor_1_accuracy" time="0.0"></testcase>
  <testcase classname="com.orpheus.administration.entities.HandlerResultUnitTests" name="testConstructor_1_failure" time="0.0"></testcase>
  <testcase classname="com.orpheus.administration.entities.HandlerResultUnitTests" name="testConstructor_2_failure" time="0.0"></testcase>
  <testcase classname="com.orpheus.administration.entities.HandlerResultUnitTests" name="testConstructor_3_failure" time="0.0"></testcase>
  <testcase classname="com.orpheus.administration.entities.HandlerResultUnitTests" name="testConstructorWithCause_1_accuracy" time="0.0"></testcase>
  <testcase classname="com.orpheus.administration.entities.HandlerResultUnitTests" name="testConstructorWithCause_1_failure" time="0.0"></testcase>
  <testcase classname="com.orpheus.administration.entities.HandlerResultUnitTests" name="testConstructorWithCause_2_failure" time="0.0"></testcase>
  <testcase classname="com.orpheus.administration.entities.HandlerResultUnitTests" name="testConstructorWithCause_3_failure" time="0.0"></testcase>
  <testcase classname="com.orpheus.administration.entities.HandlerResultUnitTests" name="testConstructorWithCause_4_failure" time="0.0"></testcase>
  <testcase classname="com.orpheus.administration.entities.HandlerResultUnitTests" name="testGetResultCode_1_accuracy" time="0.0"></testcase>
  <testcase classname="com.orpheus.administration.entities.HandlerResultUnitTests" name="testGetMessage_1_accuracy" time="0.0"></testcase>
  <testcase classname="com.orpheus.administration.entities.HandlerResultUnitTests" name="testGetCause_1_accuracy" time="0.0"></testcase>
  <testcase classname="com.orpheus.administration.entities.HostingBlockImplUnitTests" name="testConstructor_1_accuracy" time="0.0"></testcase>
  <testcase classname="com.orpheus.administration.entities.HostingBlockImplUnitTests" name="testGetId_1_accuracy" time="0.0"></testcase>
  <testcase classname="com.orpheus.administration.entities.HostingBlockImplUnitTests" name="testSetId_1_accuracy" time="0.0"></testcase>
  <testcase classname="com.orpheus.administration.entities.HostingBlockImplUnitTests" name="testGetSequenceNumber_1_accuracy" time="0.0"></testcase>
  <testcase classname="com.orpheus.administration.entities.HostingBlockImplUnitTests" name="testSetSequenceNumber_1_accuracy" time="0.0"></testcase>
  <testcase classname="com.orpheus.administration.entities.HostingBlockImplUnitTests" name="testGetMaxHostingTimePerSlot_1_accuracy" time="0.0"></testcase>
  <testcase classname="com.orpheus.administration.entities.HostingBlockImplUnitTests" name="testSetMaxHostingTimePerSlot_1_accuracy" time="0.0"></testcase>
  <testcase classname="com.orpheus.administration.entities.HostingBlockImplUnitTests" name="testGetSlots_1_accuracy" time="0.0"></testcase>
  <testcase classname="com.orpheus.administration.entities.HostingBlockImplUnitTests" name="testSetSlots_1_accuracy" time="0.0"></testcase>
  <testcase classname="com.orpheus.administration.entities.HostingSlotImplUnitTests" name="testConstructor_1_accuracy" time="0.0"></testcase>
  <testcase classname="com.orpheus.administration.entities.HostingSlotImplUnitTests" name="testGetId_1_accuracy" time="0.0"></testcase>
  <testcase classname="com.orpheus.administration.entities.HostingSlotImplUnitTests" name="testSetId_1_accuracy" time="0.0"></testcase>
  <testcase classname="com.orpheus.administration.entities.HostingSlotImplUnitTests" name="testGetSequenceNumber_1_accuracy" time="0.0"></testcase>
  <testcase classname="com.orpheus.administration.entities.HostingSlotImplUnitTests" name="testSetSequenceNumber_1_accuracy" time="0.0"></testcase>
  <testcase classname="com.orpheus.administration.entities.HostingSlotImplUnitTests" name="testGetDomain_1_accuracy" time="0.0"></testcase>
  <testcase classname="com.orpheus.administration.entities.HostingSlotImplUnitTests" name="testSetDomain_1_accuracy" time="0.0"></testcase>
  <testcase classname="com.orpheus.administration.entities.HostingSlotImplUnitTests" name="testGetBrainTeaserIds_1_accuracy" time="0.0"></testcase>
  <testcase classname="com.orpheus.administration.entities.HostingSlotImplUnitTests" name="testSetBrainTeaserIds_1_accuracy" time="0.0"></testcase>
  <testcase classname="com.orpheus.administration.entities.HostingSlotImplUnitTests" name="testGetDomainTargets_1_accuracy" time="0.0"></testcase>
  <testcase classname="com.orpheus.administration.entities.HostingSlotImplUnitTests" name="testSetDomainTargets_1_accuracy" time="0.0"></testcase>
  <testcase classname="com.orpheus.administration.entities.HostingSlotImplUnitTests" name="testGetHostingEnd_1_accuracy" time="0.0"></testcase>
  <testcase classname="com.orpheus.administration.entities.HostingSlotImplUnitTests" name="testSetHostingEnd_1_accuracy" time="0.0"></testcase>
  <testcase classname="com.orpheus.administration.entities.HostingSlotImplUnitTests" name="testGetHostingStart_1_accuracy" time="0.0"></testcase>
  <testcase classname="com.orpheus.administration.entities.HostingSlotImplUnitTests" name="testSetHostingStart_1_accuracy" time="0.0"></testcase>
  <testcase classname="com.orpheus.administration.entities.HostingSlotImplUnitTests" name="testGetImageId_1_accuracy" time="0.0"></testcase>
  <testcase classname="com.orpheus.administration.entities.HostingSlotImplUnitTests" name="testSetImageId_1_accuracy" time="0.0"></testcase>
  <testcase classname="com.orpheus.administration.entities.HostingSlotImplUnitTests" name="testGetPuzzleId_1_accuracy" time="0.0"></testcase>
  <testcase classname="com.orpheus.administration.entities.HostingSlotImplUnitTests" name="testSetPuzzleId_1_accuracy" time="0.0"></testcase>
  <testcase classname="com.orpheus.administration.entities.HostingSlotImplUnitTests" name="testGetWinningBid_1_accuracy" time="0.0"></testcase>
  <testcase classname="com.orpheus.administration.entities.HostingSlotImplUnitTests" name="testSetWinningBid_1_accuracy" time="0.0"></testcase>
  <testcase classname="com.orpheus.administration.entities.PuzzleConfigUnitTests" name="testConstructor_1_accuracy" time="0.0"></testcase>
  <testcase classname="com.orpheus.administration.entities.PuzzleConfigUnitTests" name="testConstructor_1_failure" time="0.0"></testcase>
  <testcase classname="com.orpheus.administration.entities.PuzzleConfigUnitTests" name="testConstructor_2_failure" time="0.0"></testcase>
  <testcase classname="com.orpheus.administration.entities.PuzzleConfigUnitTests" name="testGetPuzzleTypeName_1_accuracy" time="0.0"></testcase>
  <testcase classname="com.orpheus.administration.entities.PuzzleConfigUnitTests" name="testGetWidth_1_accuracy" time="0.0"></testcase>
  <testcase classname="com.orpheus.administration.entities.PuzzleConfigUnitTests" name="testGetHeight_1_accuracy" time="0.0"></testcase>
  <testcase classname="com.orpheus.administration.entities.PuzzleConfigUnitTests" name="testGetPuzzleSeriesSize_1_accuracy" time="0.0"></testcase>
  <testcase classname="com.orpheus.administration.entities.PuzzleTypeEnumUnitTests" name="testEnumNumber_1_accuracy" time="0.0"></testcase>
  <testcase classname="com.orpheus.administration.entities.ResultCodeUnitTests" name="testResultCodeNumber_1_accuracy" time="0.0"></testcase>
  <testcase classname="com.orpheus.administration.entities.SponsorDomainUnitTests" name="testConstructor_1_accuracy" time="0.265"></testcase>
  <testcase classname="com.orpheus.administration.entities.SponsorDomainUnitTests" name="testConstructor_1_failure" time="0.125"></testcase>
  <testcase classname="com.orpheus.administration.entities.SponsorDomainUnitTests" name="testGetDomains_1_accuracy" time="0.11"></testcase>
  <testcase classname="com.orpheus.administration.entities.SponsorDomainUnitTests" name="testGetSponsor_1_accuracy" time="0.172"></testcase>
  <testcase classname="com.orpheus.administration.Demo" name="testDemo1" time="0.187"></testcase>
  <testcase classname="com.orpheus.administration.Demo" name="testDemo2" time="0.125"></testcase>
  <testcase classname="com.orpheus.administration.Demo" name="testDemo3" time="0.156"></testcase>
  <testcase classname="com.orpheus.administration.accuracytests.AdministrationManagerAccuracyTests" name="testConstructorAccuracy" time="0.016"></testcase>
  <testcase classname="com.orpheus.administration.accuracytests.ServiceLocatorAccuracyTests" name="testConstructorAccuracy" time="0.0"></testcase>
  <testcase classname="com.orpheus.administration.accuracytests.ServiceLocatorAccuracyTests" name="testGetRemoteHomeAccuracy1" time="0.0"></testcase>
  <testcase classname="com.orpheus.administration.accuracytests.ServiceLocatorAccuracyTests" name="testGetRemoteHomeAccuracy2" time="0.0"></testcase>
  <testcase classname="com.orpheus.administration.accuracytests.entities.DomainTargetImplAccuracyTests" name="testConstructorAccuracy" time="0.0"></testcase>
  <testcase classname="com.orpheus.administration.accuracytests.entities.DomainTargetImplAccuracyTests" name="testGetClueImageIdAccuracy" time="0.0"></testcase>
  <testcase classname="com.orpheus.administration.accuracytests.entities.DomainTargetImplAccuracyTests" name="testSetClueImageIdAccuracy" time="0.0"></testcase>
  <testcase classname="com.orpheus.administration.accuracytests.entities.DomainTargetImplAccuracyTests" name="testGetIdAccuracy" time="0.0"></testcase>
  <testcase classname="com.orpheus.administration.accuracytests.entities.DomainTargetImplAccuracyTests" name="testSetIdAccuracy" time="0.0"></testcase>
  <testcase classname="com.orpheus.administration.accuracytests.entities.DomainTargetImplAccuracyTests" name="testGetIdentifierHashAccuracy" time="0.0"></testcase>
  <testcase classname="com.orpheus.administration.accuracytests.entities.DomainTargetImplAccuracyTests" name="testSetIdentifierHashAccuracy" time="0.0"></testcase>
  <testcase classname="com.orpheus.administration.accuracytests.entities.DomainTargetImplAccuracyTests" name="testGetIdentifierTextAccuracy" time="0.0"></testcase>
  <testcase classname="com.orpheus.administration.accuracytests.entities.DomainTargetImplAccuracyTests" name="testSetIdentifierTextAccuracy" time="0.0"></testcase>
  <testcase classname="com.orpheus.administration.accuracytests.entities.DomainTargetImplAccuracyTests" name="testGetSequenceNumberAccuracy" time="0.0"></testcase>
  <testcase classname="com.orpheus.administration.accuracytests.entities.DomainTargetImplAccuracyTests" name="testSetSequenceNumberAccuracy" time="0.0"></testcase>
  <testcase classname="com.orpheus.administration.accuracytests.entities.DomainTargetImplAccuracyTests" name="testGetUriPathAccuracy" time="0.0"></testcase>
  <testcase classname="com.orpheus.administration.accuracytests.entities.DomainTargetImplAccuracyTests" name="testSetUriPathAccuracy" time="0.0"></testcase>
  <testcase classname="com.orpheus.administration.accuracytests.entities.GameImplAccuracyTests" name="testConstructorAccuracy" time="0.0"></testcase>
  <testcase classname="com.orpheus.administration.accuracytests.entities.GameImplAccuracyTests" name="testGetIdAccuracy" time="0.0"></testcase>
  <testcase classname="com.orpheus.administration.accuracytests.entities.GameImplAccuracyTests" name="testSetIdAccuracy" time="0.0"></testcase>
  <testcase classname="com.orpheus.administration.accuracytests.entities.GameImplAccuracyTests" name="testGetBallColorAccuracy" time="0.0"></testcase>
  <testcase classname="com.orpheus.administration.accuracytests.entities.GameImplAccuracyTests" name="testSetBallColorAccuracy" time="0.0"></testcase>
  <testcase classname="com.orpheus.administration.accuracytests.entities.GameImplAccuracyTests" name="testGetBlocksAccuracy" time="0.0"></testcase>
  <testcase classname="com.orpheus.administration.accuracytests.entities.GameImplAccuracyTests" name="testSetBlocksAccuracy" time="0.0"></testcase>
  <testcase classname="com.orpheus.administration.accuracytests.entities.GameImplAccuracyTests" name="testGetEndDateAccuracy" time="0.0"></testcase>
  <testcase classname="com.orpheus.administration.accuracytests.entities.GameImplAccuracyTests" name="testSetEndDateAccuracy" time="0.0"></testcase>
  <testcase classname="com.orpheus.administration.accuracytests.entities.GameImplAccuracyTests" name="testGetKeyCountAccuracy" time="0.0"></testcase>
  <testcase classname="com.orpheus.administration.accuracytests.entities.GameImplAccuracyTests" name="testSetKeyCountAccuracy" time="0.0"></testcase>
  <testcase classname="com.orpheus.administration.accuracytests.entities.GameImplAccuracyTests" name="testGetNameAccuracy" time="0.0"></testcase>
  <testcase classname="com.orpheus.administration.accuracytests.entities.GameImplAccuracyTests" name="testSetNameAccuracy" time="0.0"></testcase>
  <testcase classname="com.orpheus.administration.accuracytests.entities.GameImplAccuracyTests" name="testGetStartDateAccuracy" time="0.0"></testcase>
  <testcase classname="com.orpheus.administration.accuracytests.entities.GameImplAccuracyTests" name="testSetStartDateAccuracy" time="0.0"></testcase>
  <testcase classname="com.orpheus.administration.accuracytests.entities.HandlerResultAccuracyTests" name="testConstructorAccuracy" time="0.0"></testcase>
  <testcase classname="com.orpheus.administration.accuracytests.entities.HandlerResultAccuracyTests" name="testConstructorWithCauseAccuracy" time="0.0"></testcase>
  <testcase classname="com.orpheus.administration.accuracytests.entities.HandlerResultAccuracyTests" name="testGetResultCodeAccuracy" time="0.0"></testcase>
  <testcase classname="com.orpheus.administration.accuracytests.entities.HandlerResultAccuracyTests" name="testGetMessageAccuracy" time="0.0"></testcase>
  <testcase classname="com.orpheus.administration.accuracytests.entities.HandlerResultAccuracyTests" name="testGetCauseAccuracy" time="0.0"></testcase>
  <testcase classname="com.orpheus.administration.accuracytests.entities.HostingBlockImplAccuracyTests" name="testConstructorAccuracy" time="0.0"></testcase>
  <testcase classname="com.orpheus.administration.accuracytests.entities.HostingBlockImplAccuracyTests" name="testGetIdAccuracy" time="0.0"></testcase>
  <testcase classname="com.orpheus.administration.accuracytests.entities.HostingBlockImplAccuracyTests" name="testSetIdAccuracy" time="0.0"></testcase>
  <testcase classname="com.orpheus.administration.accuracytests.entities.HostingBlockImplAccuracyTests" name="testGetSequenceNumberAccuracy" time="0.0"></testcase>
  <testcase classname="com.orpheus.administration.accuracytests.entities.HostingBlockImplAccuracyTests" name="testSetSequenceNumberAccuracy" time="0.0"></testcase>
  <testcase classname="com.orpheus.administration.accuracytests.entities.HostingBlockImplAccuracyTests" name="testGetMaxHostingTimePerSlotAccuracy" time="0.0"></testcase>
  <testcase classname="com.orpheus.administration.accuracytests.entities.HostingBlockImplAccuracyTests" name="testSetMaxHostingTimePerSlotAccuracy" time="0.0"></testcase>
  <testcase classname="com.orpheus.administration.accuracytests.entities.HostingBlockImplAccuracyTests" name="testGetSlotsAccuracy" time="0.0"></testcase>
  <testcase classname="com.orpheus.administration.accuracytests.entities.HostingBlockImplAccuracyTests" name="testSetSlotsAccuracy" time="0.0"></testcase>
  <testcase classname="com.orpheus.administration.accuracytests.entities.HostingSlotImplAccuracyTests" name="testConstructorAccuracy" time="0.0"></testcase>
  <testcase classname="com.orpheus.administration.accuracytests.entities.HostingSlotImplAccuracyTests" name="testGetIdAccuracy" time="0.0"></testcase>
  <testcase classname="com.orpheus.administration.accuracytests.entities.HostingSlotImplAccuracyTests" name="testSetIdAccuracy" time="0.0"></testcase>
  <testcase classname="com.orpheus.administration.accuracytests.entities.HostingSlotImplAccuracyTests" name="testGetSequenceNumberAccuracy" time="0.0"></testcase>
  <testcase classname="com.orpheus.administration.accuracytests.entities.HostingSlotImplAccuracyTests" name="testSetSequenceNumberAccuracy" time="0.0"></testcase>
  <testcase classname="com.orpheus.administration.accuracytests.entities.HostingSlotImplAccuracyTests" name="testGetDomainAccuracy" time="0.0"></testcase>
  <testcase classname="com.orpheus.administration.accuracytests.entities.HostingSlotImplAccuracyTests" name="testSetDomainAccuracy" time="0.0"></testcase>
  <testcase classname="com.orpheus.administration.accuracytests.entities.HostingSlotImplAccuracyTests" name="testGetBrainTeaserIdsAccuracy" time="0.0"></testcase>
  <testcase classname="com.orpheus.administration.accuracytests.entities.HostingSlotImplAccuracyTests" name="testSetBrainTeaserIdsAccuracy" time="0.0"></testcase>
  <testcase classname="com.orpheus.administration.accuracytests.entities.HostingSlotImplAccuracyTests" name="testGetDomainTargetsAccuracy" time="0.0"></testcase>
  <testcase classname="com.orpheus.administration.accuracytests.entities.HostingSlotImplAccuracyTests" name="testSetDomainTargetsAccuracy" time="0.0"></testcase>
  <testcase classname="com.orpheus.administration.accuracytests.entities.HostingSlotImplAccuracyTests" name="testGetHostingEndAccuracy" time="0.0"></testcase>
  <testcase classname="com.orpheus.administration.accuracytests.entities.HostingSlotImplAccuracyTests" name="testSetHostingEndAccuracy" time="0.0"></testcase>
  <testcase classname="com.orpheus.administration.accuracytests.entities.HostingSlotImplAccuracyTests" name="testGetHostingStartAccuracy" time="0.0"></testcase>
  <testcase classname="com.orpheus.administration.accuracytests.entities.HostingSlotImplAccuracyTests" name="testSetHostingStartAccuracy" time="0.0"></testcase>
  <testcase classname="com.orpheus.administration.accuracytests.entities.HostingSlotImplAccuracyTests" name="testGetImageIdAccuracy" time="0.0"></testcase>
  <testcase classname="com.orpheus.administration.accuracytests.entities.HostingSlotImplAccuracyTests" name="testSetImageIdAccuracy" time="0.0"></testcase>
  <testcase classname="com.orpheus.administration.accuracytests.entities.HostingSlotImplAccuracyTests" name="testGetPuzzleIdAccuracy" time="0.0"></testcase>
  <testcase classname="com.orpheus.administration.accuracytests.entities.HostingSlotImplAccuracyTests" name="testSetPuzzleIdAccuracy" time="0.0"></testcase>
  <testcase classname="com.orpheus.administration.accuracytests.entities.HostingSlotImplAccuracyTests" name="testGetWinningBidAccuracy" time="0.0"></testcase>
  <testcase classname="com.orpheus.administration.accuracytests.entities.HostingSlotImplAccuracyTests" name="testSetWinningBidAccuracy" time="0.0"></testcase>
  <testcase classname="com.orpheus.administration.accuracytests.entities.PuzzleConfigAccuracyTests" name="testConstructorAccuracy" time="0.0"></testcase>
  <testcase classname="com.orpheus.administration.accuracytests.entities.PuzzleConfigAccuracyTests" name="testGetPuzzleTypeNameAccuracy" time="0.0"></testcase>
  <testcase classname="com.orpheus.administration.accuracytests.entities.PuzzleConfigAccuracyTests" name="testGetWidthAccuracy" time="0.0"></testcase>
  <testcase classname="com.orpheus.administration.accuracytests.entities.PuzzleConfigAccuracyTests" name="testGetHeightAccuracy" time="0.0"></testcase>
  <testcase classname="com.orpheus.administration.accuracytests.entities.PuzzleConfigAccuracyTests" name="testGetPuzzleSeriesSizeAccuracy" time="0.0"></testcase>
  <testcase classname="com.orpheus.administration.accuracytests.entities.PuzzleTypeEnumAccuracyTests" name="testEnumNumberAccuracy" time="0.0"></testcase>
  <testcase classname="com.orpheus.administration.accuracytests.entities.ResultCodeAccuracyTests" name="testResultCodeNumberAccuracy" time="0.0"></testcase>
  <testcase classname="com.orpheus.administration.accuracytests.handlers.AdminSummaryHandlerAccuracyTests" name="testConstructorAccuracy" time="0.016"></testcase>
  <testcase classname="com.orpheus.administration.accuracytests.handlers.AdminSummaryHandlerAccuracyTests" name="testExecuteAccuracy1" time="0.015"></testcase>
  <testcase classname="com.orpheus.administration.accuracytests.handlers.AdminSummaryHandlerAccuracyTests" name="testExecuteAccuracy2" time="0.016"></testcase>
  <testcase classname="com.orpheus.administration.accuracytests.handlers.GameParameterHandlerAccuracyTests" name="testConstructorAccuracy" time="0.015"></testcase>
  <testcase classname="com.orpheus.administration.accuracytests.handlers.GameParameterHandlerAccuracyTests" name="testExecuteAccuracy1" time="0.016"></testcase>
  <testcase classname="com.orpheus.administration.accuracytests.handlers.GameParameterHandlerAccuracyTests" name="testExecuteAccuracy2" time="0.0"></testcase>
  <testcase classname="com.orpheus.administration.accuracytests.handlers.GameParameterHandlerAccuracyTests" name="testExecuteAccuracy3" time="0.016"></testcase>
  <testcase classname="com.orpheus.administration.accuracytests.handlers.GameParameterHandlerAccuracyTests" name="testExecuteAccuracy4" time="0.062"></testcase>
  <testcase classname="com.orpheus.administration.accuracytests.handlers.GameParameterHandlerAccuracyTests" name="testExecuteAccuracy5" time="0.016"></testcase>
  <testcase classname="com.orpheus.administration.accuracytests.handlers.DeleteSlotHandlerAccuracyTests" name="testConstructorAccuracy" time="0.015"></testcase>
  <testcase classname="com.orpheus.administration.accuracytests.handlers.DeleteSlotHandlerAccuracyTests" name="testExecuteAccuracy1" time="0.016"></testcase>
  <testcase classname="com.orpheus.administration.accuracytests.handlers.DeleteSlotHandlerAccuracyTests" name="testExecuteAccuracy2" time="0.016"></testcase>
  <testcase classname="com.orpheus.administration.accuracytests.handlers.DeleteSlotHandlerAccuracyTests" name="testExecuteAccuracy3" time="0.0"></testcase>
  <testcase classname="com.orpheus.administration.accuracytests.handlers.PendingSponsorDomainHandlerAccuracyTests" name="testConstructorAccuracy" time="0.031"></testcase>
  <testcase classname="com.orpheus.administration.accuracytests.handlers.PendingSponsorDomainHandlerAccuracyTests" name="testExecuteAccuracy1" time="0.016"></testcase>
  <testcase classname="com.orpheus.administration.accuracytests.handlers.PendingSponsorDomainHandlerAccuracyTests" name="testExecuteAccuracy2" time="0.015"></testcase>
  <testcase classname="com.orpheus.administration.accuracytests.handlers.PendingSponsorDomainHandlerAccuracyTests" name="testExecuteAccuracy3" time="0.016"></testcase>
  <testcase classname="com.orpheus.administration.accuracytests.handlers.PendingSponsorDomainHandlerAccuracyTests" name="testExecuteAccuracy4" time="0.016"></testcase>
  <testcase classname="com.orpheus.administration.accuracytests.handlers.PendingWinnerApprovalHandlerAccuracyTests" name="testConstructorAccuracy" time="0.0"></testcase>
  <testcase classname="com.orpheus.administration.accuracytests.handlers.PendingWinnerApprovalHandlerAccuracyTests" name="testExecuteAccuracy1" time="0.016"></testcase>
  <testcase classname="com.orpheus.administration.accuracytests.handlers.PendingWinnerApprovalHandlerAccuracyTests" name="testExecuteAccuracy2" time="0.078"></testcase>
  <testcase classname="com.orpheus.administration.accuracytests.handlers.PendingWinnerApprovalHandlerAccuracyTests" name="testExecuteAccuracy3" time="0.015"></testcase>
  <testcase classname="com.orpheus.administration.accuracytests.handlers.PendingWinnerRejectionHandlerAccuracyTests" name="testConstructorAccuracy" time="0.016"></testcase>
  <testcase classname="com.orpheus.administration.accuracytests.handlers.PendingWinnerRejectionHandlerAccuracyTests" name="testExecuteAccuracy1" time="0.0"></testcase>
  <testcase classname="com.orpheus.administration.accuracytests.handlers.PendingWinnerRejectionHandlerAccuracyTests" name="testExecuteAccuracy2" time="0.016"></testcase>
  <testcase classname="com.orpheus.administration.accuracytests.handlers.PendingWinnerRejectionHandlerAccuracyTests" name="testExecuteAccuracy3" time="0.015"></testcase>
  <testcase classname="com.orpheus.administration.accuracytests.handlers.PendingWinnerHandlerAccuracyTests" name="testConstructorAccuracy" time="0.0"></testcase>
  <testcase classname="com.orpheus.administration.accuracytests.handlers.PendingWinnerHandlerAccuracyTests" name="testExecuteAccuracy" time="0.016"></testcase>
  <testcase classname="com.orpheus.administration.accuracytests.handlers.PendingSponsorHandlerAccuracyTests" name="testConstructorAccuracy" time="0.016"></testcase>
  <testcase classname="com.orpheus.administration.accuracytests.handlers.PendingSponsorHandlerAccuracyTests" name="testExecuteAccuracy1" time="0.015"></testcase>
  <testcase classname="com.orpheus.administration.accuracytests.handlers.SponsorImageRejectionHandlerAccuracyTests" name="testConstructorAccuracy" time="0.031"></testcase>
  <testcase classname="com.orpheus.administration.accuracytests.handlers.SponsorImageRejectionHandlerAccuracyTests" name="testExecuteAccuracy1" time="0.016"></testcase>
  <testcase classname="com.orpheus.administration.accuracytests.handlers.SponsorImageRejectionHandlerAccuracyTests" name="testExecuteAccuracy2" time="0.016"></testcase>
  <testcase classname="com.orpheus.administration.accuracytests.handlers.SponsorImageRejectionHandlerAccuracyTests" name="testExecuteAccuracy3" time="0.016"></testcase>
  <testcase classname="com.orpheus.administration.accuracytests.handlers.SponsorImageRejectionHandlerAccuracyTests" name="testExecuteAccuracy4" time="0.078"></testcase>
  <testcase classname="com.orpheus.administration.accuracytests.handlers.SponsorImageRejectionHandlerAccuracyTests" name="testExecuteAccuracy5" time="0.016"></testcase>
  <testcase classname="com.orpheus.administration.accuracytests.handlers.SponsorImageRejectionHandlerAccuracyTests" name="testExecuteAccuracy6" time="0.015"></testcase>
  <testcase classname="com.orpheus.administration.accuracytests.handlers.SponsorImageRejectionHandlerAccuracyTests" name="testExecuteAccuracy7" time="0.032"></testcase>
  <testcase classname="com.orpheus.administration.accuracytests.handlers.SponsorImageRejectionHandlerAccuracyTests" name="testExecuteAccuracy8" time="0.015"></testcase>
  <testcase classname="com.orpheus.administration.accuracytests.handlers.SponsorImageRejectionHandlerAccuracyTests" name="testExecuteAccuracy9" time="0.016"></testcase>
  <testcase classname="com.orpheus.administration.accuracytests.handlers.SponsorImageRejectionHandlerAccuracyTests" name="testExecuteAccuracy11" time="0.015"></testcase>
  <testcase classname="com.orpheus.administration.accuracytests.handlers.SponsorImageApprovalHandlerAccuracyTests" name="testConstructorAccuracy" time="0.016"></testcase>
  <testcase classname="com.orpheus.administration.accuracytests.handlers.SponsorImageApprovalHandlerAccuracyTests" name="testExecuteAccuracy1" time="0.016"></testcase>
  <testcase classname="com.orpheus.administration.accuracytests.handlers.SponsorImageApprovalHandlerAccuracyTests" name="testExecuteAccuracy2" time="0.093"></testcase>
  <testcase classname="com.orpheus.administration.accuracytests.handlers.SponsorImageApprovalHandlerAccuracyTests" name="testExecuteAccuracy3" time="0.016"></testcase>
  <testcase classname="com.orpheus.administration.accuracytests.handlers.SponsorImageApprovalHandlerAccuracyTests" name="testExecuteAccuracy4" time="0.016"></testcase>
  <testcase classname="com.orpheus.administration.accuracytests.handlers.SponsorImageApprovalHandlerAccuracyTests" name="testExecuteAccuracy5" time="0.015"></testcase>
  <testcase classname="com.orpheus.administration.accuracytests.handlers.SponsorImageApprovalHandlerAccuracyTests" name="testExecuteAccuracy6" time="0.032"></testcase>
  <testcase classname="com.orpheus.administration.accuracytests.handlers.SponsorImageApprovalHandlerAccuracyTests" name="testExecuteAccuracy7" time="0.015"></testcase>
  <testcase classname="com.orpheus.administration.accuracytests.handlers.SponsorImageApprovalHandlerAccuracyTests" name="testExecuteAccuracy8" time="0.016"></testcase>
  <testcase classname="com.orpheus.administration.accuracytests.handlers.SponsorImageApprovalHandlerAccuracyTests" name="testExecuteAccuracy9" time="0.015"></testcase>
  <testcase classname="com.orpheus.administration.accuracytests.handlers.SponsorImageApprovalHandlerAccuracyTests" name="testExecuteAccuracy11" time="0.016"></testcase>
  <testcase classname="com.orpheus.administration.accuracytests.handlers.SponsorApprovalHandlerAccuracyTests" name="testConstructorAccuracy" time="0.016"></testcase>
  <testcase classname="com.orpheus.administration.accuracytests.handlers.SponsorApprovalHandlerAccuracyTests" name="testExecuteAccuracy" time="0.093"></testcase>
  <testcase classname="com.orpheus.administration.accuracytests.handlers.SponsorRejectionHandlerAccuracyTests" name="testConstructorAccuracy" time="0.016"></testcase>
  <testcase classname="com.orpheus.administration.accuracytests.handlers.SponsorRejectionHandlerAccuracyTests" name="testExecuteAccuracy" time="0.016"></testcase>
  <testcase classname="com.orpheus.administration.accuracytests.handlers.ReorderSlotsHandlerAccuracyTests" name="testConstructor_1_accuracy" time="0.015"></testcase>
  <testcase classname="com.orpheus.administration.accuracytests.handlers.ReorderSlotsHandlerAccuracyTests" name="testExecuteAccuracy1" time="0.016"></testcase>
  <testcase classname="com.orpheus.administration.accuracytests.handlers.ReorderSlotsHandlerAccuracyTests" name="testExecuteAccuracy2" time="0.0"></testcase>
  <testcase classname="com.orpheus.administration.accuracytests.handlers.CreateGameHandlerAccuracyTests" name="testConstructorAccuracy" time="0.016"></testcase>
  <testcase classname="com.orpheus.administration.accuracytests.handlers.CreateGameHandlerAccuracyTests" name="testExecuteAccuracy1" time="0.015"></testcase>
  <testcase classname="com.orpheus.administration.accuracytests.handlers.CreateGameHandlerAccuracyTests" name="testExecuteAccuracy2" time="0.016"></testcase>
  <testcase classname="com.orpheus.administration.accuracytests.handlers.DomainApprovalHandlerAccuracyTests" name="testConstructorAccuracy" time="0.015"></testcase>
  <testcase classname="com.orpheus.administration.accuracytests.handlers.DomainApprovalHandlerAccuracyTests" name="testExecuteAccuracy1" time="0.016"></testcase>
  <testcase classname="com.orpheus.administration.accuracytests.handlers.DomainApprovalHandlerAccuracyTests" name="testExecuteAccuracy2" time="0.016"></testcase>
  <testcase classname="com.orpheus.administration.accuracytests.handlers.DomainRejectionHandlerAccuracyTests" name="testConstructorAccuracy" time="0.031"></testcase>
  <testcase classname="com.orpheus.administration.accuracytests.handlers.DomainRejectionHandlerAccuracyTests" name="testExecuteAccuracy1" time="0.016"></testcase>
  <testcase classname="com.orpheus.administration.accuracytests.handlers.DomainRejectionHandlerAccuracyTests" name="testExecuteAccuracy2" time="0.015"></testcase>
  <testcase classname="com.orpheus.administration.failuretests.AdministrationManagerFailureTests" name="testConstructorNullPTS" time="0.125"></testcase>
  <testcase classname="com.orpheus.administration.failuretests.AdministrationManagerFailureTests" name="testConstructorNullNamespace" time="0.203"></testcase>
  <testcase classname="com.orpheus.administration.failuretests.AdministrationManagerFailureTests" name="testConstructorEmptyNamespace" time="0.125"></testcase>
  <testcase classname="com.orpheus.administration.failuretests.AdministrationManagerFailureTests" name="testConstructorInvalidNamespace" time="0.11"></testcase>
  <testcase classname="com.orpheus.administration.failuretests.AdministrationManagerFailureTests" name="testRegeneratePuzzleInvalidId" time="0.125"></testcase>
  <testcase classname="com.orpheus.administration.failuretests.AdministrationManagerFailureTests" name="testRegenerateBrainTeaserInvalidId" time="0.093"></testcase>
  <testcase classname="com.orpheus.administration.failuretests.AdministrationManagerFailureTests" name="testGenerateHuntTargetsInvalidId" time="0.188"></testcase>
  <testcase classname="com.orpheus.administration.failuretests.AdministrationManagerFailureTests" name="testInitializeSlotsForBlockInvalidId" time="0.125"></testcase>
  <testcase classname="com.orpheus.administration.failuretests.ServiceLocatorFailureTests" name="testgetRemoteHomeNullJNDI" time="0.0"></testcase>
  <testcase classname="com.orpheus.administration.failuretests.ServiceLocatorFailureTests" name="testgetRemoteHomeEmptyJNDI" time="0.0"></testcase>
  <testcase classname="com.orpheus.administration.failuretests.ServiceLocatorFailureTests" name="testgetRemoteHomeInvalidJNDI" time="0.0"></testcase>
  <testcase classname="com.orpheus.administration.failuretests.ServiceLocatorFailureTests" name="testgetRemoteHomeNullClassName" time="0.0"></testcase>
  <testcase classname="com.orpheus.administration.failuretests.ServiceLocatorFailureTests" name="testgetRemoteHomeInvalidClassName" time="0.0"></testcase>
  <testcase classname="com.orpheus.administration.failuretests.entities.HandlerResultFailureTests" name="testConstructor1NullRC" time="0.0"></testcase>
  <testcase classname="com.orpheus.administration.failuretests.entities.HandlerResultFailureTests" name="testConstructor1NullMessage" time="0.0"></testcase>
  <testcase classname="com.orpheus.administration.failuretests.entities.HandlerResultFailureTests" name="testConstructor1EmptyMessage" time="0.0"></testcase>
  <testcase classname="com.orpheus.administration.failuretests.entities.HandlerResultFailureTests" name="testConstructor2NullRC" time="0.0"></testcase>
  <testcase classname="com.orpheus.administration.failuretests.entities.HandlerResultFailureTests" name="testConstructor2NullMessage" time="0.0"></testcase>
  <testcase classname="com.orpheus.administration.failuretests.entities.HandlerResultFailureTests" name="testConstructor2EmptyMessage" time="0.016"></testcase>
  <testcase classname="com.orpheus.administration.failuretests.entities.HandlerResultFailureTests" name="testConstructor2NullCause" time="0.0"></testcase>
  <testcase classname="com.orpheus.administration.failuretests.entities.PuzzleConfigFailureTests" name="testConstructor1NullTypeName" time="0.0"></testcase>
  <testcase classname="com.orpheus.administration.failuretests.entities.PuzzleConfigFailureTests" name="testConstructor1EmptyTypeName" time="0.0"></testcase>
  <testcase classname="com.orpheus.administration.failuretests.handlers.AdminSummaryHandlerFailureTests" name="testConstructorNullElement" time="0.0"></testcase>
  <testcase classname="com.orpheus.administration.failuretests.handlers.AdminSummaryHandlerFailureTests" name="testConstructorMissingHandlerTag" time="0.0"></testcase>
  <testcase classname="com.orpheus.administration.failuretests.handlers.AdminSummaryHandlerFailureTests" name="testConstructorMissingAdminTag" time="0.0"></testcase>
  <testcase classname="com.orpheus.administration.failuretests.handlers.AdminSummaryHandlerFailureTests" name="testConstructorMissingSummaryTag" time="0.0"></testcase>
  <testcase classname="com.orpheus.administration.failuretests.handlers.AdminSummaryHandlerFailureTests" name="testConstructorMissingFailResultTag" time="0.0"></testcase>
  <testcase classname="com.orpheus.administration.failuretests.handlers.AdminSummaryHandlerFailureTests" name="testConstructorMissingFailRequestTag" time="0.0"></testcase>
  <testcase classname="com.orpheus.administration.failuretests.handlers.AdminSummaryHandlerFailureTests" name="testExecuteNull" time="0.0"></testcase>
  <testcase classname="com.orpheus.administration.failuretests.handlers.CreateGameHandlerFailureTests" name="testConstructorNullElement" time="0.0"></testcase>
  <testcase classname="com.orpheus.administration.failuretests.handlers.CreateGameHandlerFailureTests" name="testConstructorMissingHandlerTag" time="0.0"></testcase>
  <testcase classname="com.orpheus.administration.failuretests.handlers.CreateGameHandlerFailureTests" name="testConstructorMissingFailResultTag" time="0.0"></testcase>
  <testcase classname="com.orpheus.administration.failuretests.handlers.CreateGameHandlerFailureTests" name="testConstructorMissingFailRequestTag" time="0.0"></testcase>
  <testcase classname="com.orpheus.administration.failuretests.handlers.CreateGameHandlerFailureTests" name="testExecuteNull" time="0.015"></testcase>
  <testcase classname="com.orpheus.administration.failuretests.handlers.CreateGameHandlerFailureTests" name="testConstructorMissingGameTag" time="0.0"></testcase>
  <testcase classname="com.orpheus.administration.failuretests.handlers.CreateGameHandlerFailureTests" name="testConstructorMissingBlockTag" time="0.0"></testcase>
  <testcase classname="com.orpheus.administration.failuretests.handlers.CreateGameHandlerFailureTests" name="testConstructorMissingMaxSlotTag" time="0.0"></testcase>
  <testcase classname="com.orpheus.administration.failuretests.handlers.CreateGameHandlerFailureTests" name="testConstructorMissingSlotCountTag" time="0.016"></testcase>
  <testcase classname="com.orpheus.administration.failuretests.handlers.CreateGameHandlerFailureTests" name="testConstructorMissingAuctionStartTimeTag" time="0.0"></testcase>
  <testcase classname="com.orpheus.administration.failuretests.handlers.CreateGameHandlerFailureTests" name="testConstructorMissingAuctionEndTimeTag" time="0.0"></testcase>
  <testcase classname="com.orpheus.administration.failuretests.handlers.CreateGameHandlerFailureTests" name="testConstructorMissingBallColorTag" time="0.0"></testcase>
  <testcase classname="com.orpheus.administration.failuretests.handlers.CreateGameHandlerFailureTests" name="testConstructorMissingKeyCountTag" time="0.0"></testcase>
  <testcase classname="com.orpheus.administration.failuretests.handlers.CreateGameHandlerFailureTests" name="testConstructorMissingBlockCountTag" time="0.0"></testcase>
  <testcase classname="com.orpheus.administration.failuretests.handlers.CreateGameHandlerFailureTests" name="testConstructorMissingDateFormatTag" time="0.015"></testcase>
  <testcase classname="com.orpheus.administration.failuretests.handlers.CreateGameHandlerFailureTests" name="testConstructorMissingStartDateTag" time="0.0"></testcase>
  <testcase classname="com.orpheus.administration.failuretests.handlers.CreateGameHandlerFailureTests" name="testConstructorMissingAuctionMgrTag" time="0.0"></testcase>
  <testcase classname="com.orpheus.administration.failuretests.handlers.CreateGameHandlerFailureTests" name="testConstructorMissingMinimumAuctionTag" time="0.0"></testcase>
  <testcase classname="com.orpheus.administration.failuretests.handlers.GameParameterHandlerFailureTests" name="testConstructorNullElement" time="0.0"></testcase>
  <testcase classname="com.orpheus.administration.failuretests.handlers.GameParameterHandlerFailureTests" name="testConstructorMissingHandlerTag" time="0.0"></testcase>
  <testcase classname="com.orpheus.administration.failuretests.handlers.GameParameterHandlerFailureTests" name="testConstructorMissingFailResultTag" time="0.0"></testcase>
  <testcase classname="com.orpheus.administration.failuretests.handlers.GameParameterHandlerFailureTests" name="testConstructorMissingFailRequestTag" time="0.0"></testcase>
  <testcase classname="com.orpheus.administration.failuretests.handlers.GameParameterHandlerFailureTests" name="testExecuteNull" time="0.0"></testcase>
  <testcase classname="com.orpheus.administration.failuretests.handlers.GameParameterHandlerFailureTests" name="testConstructorMissingBallColorTag" time="0.016"></testcase>
  <testcase classname="com.orpheus.administration.failuretests.handlers.GameParameterHandlerFailureTests" name="testConstructorMissingKeyCountTag" time="0.0"></testcase>
  <testcase classname="com.orpheus.administration.failuretests.handlers.GameParameterHandlerFailureTests" name="testConstructorMissingBlockCountTag" time="0.0"></testcase>
  <testcase classname="com.orpheus.administration.failuretests.handlers.GameParameterHandlerFailureTests" name="testConstructorMissingStartDateTag" time="0.0"></testcase>
  <testcase classname="com.orpheus.administration.failuretests.handlers.GameParameterHandlerFailureTests" name="testConstructorMissingBallColorIdTag" time="0.0"></testcase>
  <testcase classname="com.orpheus.administration.failuretests.handlers.GameParameterHandlerFailureTests" name="testConstructorMissingKeyCountRequestTag" time="0.0"></testcase>
  <testcase classname="com.orpheus.administration.failuretests.handlers.GameParameterHandlerFailureTests" name="testConstructorMissingBlockCountRequestTag" time="0.0"></testcase>
  <testcase classname="com.orpheus.administration.failuretests.handlers.GameParameterHandlerFailureTests" name="testConstructorMissingStartDateRequestTag" time="0.0"></testcase>
  <testcase classname="com.orpheus.administration.failuretests.handlers.DeleteSlotHandlerFailureTests" name="testConstructorNullElement" time="0.0"></testcase>
  <testcase classname="com.orpheus.administration.failuretests.handlers.DeleteSlotHandlerFailureTests" name="testConstructorMissingHandlerTag" time="0.0"></testcase>
  <testcase classname="com.orpheus.administration.failuretests.handlers.DeleteSlotHandlerFailureTests" name="testConstructorMissingFailResultTag" time="0.0"></testcase>
  <testcase classname="com.orpheus.administration.failuretests.handlers.DeleteSlotHandlerFailureTests" name="testConstructorMissingFailRequestTag" time="0.016"></testcase>
  <testcase classname="com.orpheus.administration.failuretests.handlers.DeleteSlotHandlerFailureTests" name="testExecuteNull" time="0.0"></testcase>
  <testcase classname="com.orpheus.administration.failuretests.handlers.DeleteSlotHandlerFailureTests" name="testConstructorMissingGameTag" time="0.0"></testcase>
  <testcase classname="com.orpheus.administration.failuretests.handlers.DeleteSlotHandlerFailureTests" name="testConstructorMissingGameIdTag" time="0.0"></testcase>
  <testcase classname="com.orpheus.administration.failuretests.handlers.DeleteSlotHandlerFailureTests" name="testConstructorMissingSlotIdTag" time="0.0"></testcase>
  <testcase classname="com.orpheus.administration.failuretests.handlers.DomainApprovalHandlerFailureTests" name="testConstructorNullElement" time="0.031"></testcase>
  <testcase classname="com.orpheus.administration.failuretests.handlers.DomainApprovalHandlerFailureTests" name="testConstructorMissingHandlerTag" time="0.047"></testcase>
  <testcase classname="com.orpheus.administration.failuretests.handlers.DomainApprovalHandlerFailureTests" name="testConstructorMissingAdminTag" time="0.109"></testcase>
  <testcase classname="com.orpheus.administration.failuretests.handlers.DomainApprovalHandlerFailureTests" name="testConstructorMissingFailResultTag" time="0.047"></testcase>
  <testcase classname="com.orpheus.administration.failuretests.handlers.DomainApprovalHandlerFailureTests" name="testConstructorMissingFailRequestTag" time="0.047"></testcase>
  <testcase classname="com.orpheus.administration.failuretests.handlers.DomainApprovalHandlerFailureTests" name="testExecuteNull" time="0.031"></testcase>
  <testcase classname="com.orpheus.administration.failuretests.handlers.DomainApprovalHandlerFailureTests" name="testConstructorMissingGameTag" time="0.047"></testcase>
  <testcase classname="com.orpheus.administration.failuretests.handlers.DomainApprovalHandlerFailureTests" name="testConstructorMissingObjectFactoryTag" time="0.094"></testcase>
  <testcase classname="com.orpheus.administration.failuretests.handlers.DomainApprovalHandlerFailureTests" name="testConstructorMissingDomainIdTag" time="0.047"></testcase>
  <testcase classname="com.orpheus.administration.failuretests.handlers.DomainApprovalHandlerFailureTests" name="testConstructorMissingSponsorIdTag" time="0.047"></testcase>
  <testcase classname="com.orpheus.administration.failuretests.handlers.DomainRejectionHandlerFailureTests" name="testConstructorNullElement" time="0.046"></testcase>
  <testcase classname="com.orpheus.administration.failuretests.handlers.DomainRejectionHandlerFailureTests" name="testConstructorMissingHandlerTag" time="0.032"></testcase>
  <testcase classname="com.orpheus.administration.failuretests.handlers.DomainRejectionHandlerFailureTests" name="testConstructorMissingAdminTag" time="0.125"></testcase>
  <testcase classname="com.orpheus.administration.failuretests.handlers.DomainRejectionHandlerFailureTests" name="testConstructorMissingFailResultTag" time="0.047"></testcase>
  <testcase classname="com.orpheus.administration.failuretests.handlers.DomainRejectionHandlerFailureTests" name="testConstructorMissingFailRequestTag" time="0.046"></testcase>
  <testcase classname="com.orpheus.administration.failuretests.handlers.DomainRejectionHandlerFailureTests" name="testExecuteNull" time="0.032"></testcase>
  <testcase classname="com.orpheus.administration.failuretests.handlers.DomainRejectionHandlerFailureTests" name="testConstructorMissingGameTag" time="0.047"></testcase>
  <testcase classname="com.orpheus.administration.failuretests.handlers.DomainRejectionHandlerFailureTests" name="testConstructorMissingObjectFactoryTag" time="0.109"></testcase>
  <testcase classname="com.orpheus.administration.failuretests.handlers.DomainRejectionHandlerFailureTests" name="testConstructorMissingDomainIdTag" time="0.047"></testcase>
  <testcase classname="com.orpheus.administration.failuretests.handlers.DomainRejectionHandlerFailureTests" name="testConstructorMissingSponsorIdTag" time="0.047"></testcase>
  <testcase classname="com.orpheus.administration.failuretests.handlers.PendingSponsorDomainHandlerFailureTests" name="testConstructorNullElement" time="0.031"></testcase>
  <testcase classname="com.orpheus.administration.failuretests.handlers.PendingSponsorDomainHandlerFailureTests" name="testConstructorMissingHandlerTag" time="0.047"></testcase>
  <testcase classname="com.orpheus.administration.failuretests.handlers.PendingSponsorDomainHandlerFailureTests" name="testConstructorMissingFailResultTag" time="0.047"></testcase>
  <testcase classname="com.orpheus.administration.failuretests.handlers.PendingSponsorDomainHandlerFailureTests" name="testConstructorMissingFailRequestTag" time="0.109"></testcase>
  <testcase classname="com.orpheus.administration.failuretests.handlers.PendingSponsorDomainHandlerFailureTests" name="testExecuteNull" time="0.031"></testcase>
  <testcase classname="com.orpheus.administration.failuretests.handlers.PendingSponsorDomainHandlerFailureTests" name="testConstructorMissingGameTag" time="0.063"></testcase>
  <testcase classname="com.orpheus.administration.failuretests.handlers.PendingSponsorDomainHandlerFailureTests" name="testConstructorMissingObjectFactoryTag" time="0.047"></testcase>
  <testcase classname="com.orpheus.administration.failuretests.handlers.PendingSponsorDomainHandlerFailureTests" name="testConstructorMissingDomainIdTag" time="0.047"></testcase>
  <testcase classname="com.orpheus.administration.failuretests.handlers.PendingSponsorDomainHandlerFailureTests" name="testConstructorMissingSponsorTag" time="0.109"></testcase>
  <testcase classname="com.orpheus.administration.failuretests.handlers.PendingSponsorHandlerFailureTests" name="testConstructorNullElement" time="0.031"></testcase>
  <testcase classname="com.orpheus.administration.failuretests.handlers.PendingSponsorHandlerFailureTests" name="testConstructorMissingHandlerTag" time="0.047"></testcase>
  <testcase classname="com.orpheus.administration.failuretests.handlers.PendingSponsorHandlerFailureTests" name="testConstructorMissingFailResultTag" time="0.047"></testcase>
  <testcase classname="com.orpheus.administration.failuretests.handlers.PendingSponsorHandlerFailureTests" name="testConstructorMissingFailRequestTag" time="0.047"></testcase>
  <testcase classname="com.orpheus.administration.failuretests.handlers.PendingSponsorHandlerFailureTests" name="testExecuteNull" time="0.031"></testcase>
  <testcase classname="com.orpheus.administration.failuretests.handlers.PendingSponsorHandlerFailureTests" name="testConstructorMissingGameTag" time="0.047"></testcase>
  <testcase classname="com.orpheus.administration.failuretests.handlers.PendingSponsorHandlerFailureTests" name="testConstructorMissingObjectFactoryTag" time="0.125"></testcase>
  <testcase classname="com.orpheus.administration.failuretests.handlers.PendingSponsorHandlerFailureTests" name="testConstructorMissingSponsorDomainTag" time="0.047"></testcase>
  <testcase classname="com.orpheus.administration.failuretests.handlers.PendingWinnerApprovalHandlerFailureTests" name="testConstructorNullElement" time="0.031"></testcase>
  <testcase classname="com.orpheus.administration.failuretests.handlers.PendingWinnerApprovalHandlerFailureTests" name="testConstructorMissingHandlerTag" time="0.031"></testcase>
  <testcase classname="com.orpheus.administration.failuretests.handlers.PendingWinnerApprovalHandlerFailureTests" name="testConstructorMissingAdminTag" time="0.032"></testcase>
  <testcase classname="com.orpheus.administration.failuretests.handlers.PendingWinnerApprovalHandlerFailureTests" name="testConstructorMissingFailResultTag" time="0.031"></testcase>
  <testcase classname="com.orpheus.administration.failuretests.handlers.PendingWinnerApprovalHandlerFailureTests" name="testConstructorMissingFailRequestTag" time="0.015"></testcase>
  <testcase classname="com.orpheus.administration.failuretests.handlers.PendingWinnerApprovalHandlerFailureTests" name="testExecuteNull" time="0.032"></testcase>
  <testcase classname="com.orpheus.administration.failuretests.handlers.PendingWinnerApprovalHandlerFailureTests" name="testConstructorMissingGameIdTag" time="0.031"></testcase>
  <testcase classname="com.orpheus.administration.failuretests.handlers.PendingWinnerApprovalHandlerFailureTests" name="testConstructorMissingUserIdTag" time="0.031"></testcase>
  <testcase classname="com.orpheus.administration.failuretests.handlers.PendingWinnerHandlerFailureTests" name="testConstructorNullElement" time="0.094"></testcase>
  <testcase classname="com.orpheus.administration.failuretests.handlers.PendingWinnerHandlerFailureTests" name="testConstructorMissingHandlerTag" time="0.031"></testcase>
  <testcase classname="com.orpheus.administration.failuretests.handlers.PendingWinnerHandlerFailureTests" name="testConstructorMissingAdminTag" time="0.031"></testcase>
  <testcase classname="com.orpheus.administration.failuretests.handlers.PendingWinnerHandlerFailureTests" name="testConstructorMissingFailResultTag" time="0.016"></testcase>
  <testcase classname="com.orpheus.administration.failuretests.handlers.PendingWinnerHandlerFailureTests" name="testConstructorMissingFailRequestTag" time="0.031"></testcase>
  <testcase classname="com.orpheus.administration.failuretests.handlers.PendingWinnerHandlerFailureTests" name="testExecuteNull" time="0.032"></testcase>
  <testcase classname="com.orpheus.administration.failuretests.handlers.PendingWinnerHandlerFailureTests" name="testConstructorMissingPendingWinnerTag" time="0.031"></testcase>
  <testcase classname="com.orpheus.administration.failuretests.handlers.PendingWinnerRejectionHandlerFailureTests" name="testConstructorNullElement" time="0.031"></testcase>
  <testcase classname="com.orpheus.administration.failuretests.handlers.PendingWinnerRejectionHandlerFailureTests" name="testConstructorMissingHandlerTag" time="0.031"></testcase>
  <testcase classname="com.orpheus.administration.failuretests.handlers.PendingWinnerRejectionHandlerFailureTests" name="testConstructorMissingAdminTag" time="0.094"></testcase>
  <testcase classname="com.orpheus.administration.failuretests.handlers.PendingWinnerRejectionHandlerFailureTests" name="testConstructorMissingFailResultTag" time="0.016"></testcase>
  <testcase classname="com.orpheus.administration.failuretests.handlers.PendingWinnerRejectionHandlerFailureTests" name="testConstructorMissingFailRequestTag" time="0.031"></testcase>
  <testcase classname="com.orpheus.administration.failuretests.handlers.PendingWinnerRejectionHandlerFailureTests" name="testExecuteNull" time="0.031"></testcase>
  <testcase classname="com.orpheus.administration.failuretests.handlers.PendingWinnerRejectionHandlerFailureTests" name="testConstructorMissingGameIdTag" time="0.031"></testcase>
  <testcase classname="com.orpheus.administration.failuretests.handlers.PendingWinnerRejectionHandlerFailureTests" name="testConstructorMissingUserIdTag" time="0.032"></testcase>
  <testcase classname="com.orpheus.administration.failuretests.handlers.RegenerateBrainteaserHandlerFailureTests" name="testConstructorNullElement" time="0.0"></testcase>
  <testcase classname="com.orpheus.administration.failuretests.handlers.RegenerateBrainteaserHandlerFailureTests" name="testConstructorMissingHandlerTag" time="0.0"></testcase>
  <testcase classname="com.orpheus.administration.failuretests.handlers.RegenerateBrainteaserHandlerFailureTests" name="testConstructorMissingFailResultTag" time="0.0"></testcase>
  <testcase classname="com.orpheus.administration.failuretests.handlers.RegenerateBrainteaserHandlerFailureTests" name="testConstructorMissingFailRequestTag" time="0.0"></testcase>
  <testcase classname="com.orpheus.administration.failuretests.handlers.RegenerateBrainteaserHandlerFailureTests" name="testExecuteNull" time="0.0"></testcase>
  <testcase classname="com.orpheus.administration.failuretests.handlers.RegenerateBrainteaserHandlerFailureTests" name="testConstructorMissingGameTag" time="0.0"></testcase>
  <testcase classname="com.orpheus.administration.failuretests.handlers.RegenerateBrainteaserHandlerFailureTests" name="testConstructorMissingSlotIdTag" time="0.0"></testcase>
  <testcase classname="com.orpheus.administration.failuretests.handlers.RegenerateBrainteaserHandlerFailureTests" name="testConstructorMissingAdminMgrTag" time="0.0"></testcase>
  <testcase classname="com.orpheus.administration.failuretests.handlers.RegeneratePuzzleHandlerFailureTests" name="testConstructorNullElement" time="0.0"></testcase>
  <testcase classname="com.orpheus.administration.failuretests.handlers.RegeneratePuzzleHandlerFailureTests" name="testConstructorMissingHandlerTag" time="0.0"></testcase>
  <testcase classname="com.orpheus.administration.failuretests.handlers.RegeneratePuzzleHandlerFailureTests" name="testConstructorMissingFailResultTag" time="0.0"></testcase>
  <testcase classname="com.orpheus.administration.failuretests.handlers.RegeneratePuzzleHandlerFailureTests" name="testConstructorMissingFailRequestTag" time="0.0"></testcase>
  <testcase classname="com.orpheus.administration.failuretests.handlers.RegeneratePuzzleHandlerFailureTests" name="testExecuteNull" time="0.015"></testcase>
  <testcase classname="com.orpheus.administration.failuretests.handlers.RegeneratePuzzleHandlerFailureTests" name="testConstructorMissingGameTag" time="0.0"></testcase>
  <testcase classname="com.orpheus.administration.failuretests.handlers.RegeneratePuzzleHandlerFailureTests" name="testConstructorMissingSlotIdTag" time="0.0"></testcase>
  <testcase classname="com.orpheus.administration.failuretests.handlers.RegeneratePuzzleHandlerFailureTests" name="testConstructorMissingAdminMgrTag" time="0.0"></testcase>
  <testcase classname="com.orpheus.administration.failuretests.handlers.ReorderSlotsHandlerFailureTests" name="testConstructorNullElement" time="0.0"></testcase>
  <testcase classname="com.orpheus.administration.failuretests.handlers.ReorderSlotsHandlerFailureTests" name="testConstructorMissingHandlerTag" time="0.0"></testcase>
  <testcase classname="com.orpheus.administration.failuretests.handlers.ReorderSlotsHandlerFailureTests" name="testConstructorMissingFailResultTag" time="0.0"></testcase>
  <testcase classname="com.orpheus.administration.failuretests.handlers.ReorderSlotsHandlerFailureTests" name="testConstructorMissingFailRequestTag" time="0.0"></testcase>
  <testcase classname="com.orpheus.administration.failuretests.handlers.ReorderSlotsHandlerFailureTests" name="testExecuteNull" time="0.0"></testcase>
  <testcase classname="com.orpheus.administration.failuretests.handlers.ReorderSlotsHandlerFailureTests" name="testConstructorMissingGameTag" time="0.0"></testcase>
  <testcase classname="com.orpheus.administration.failuretests.handlers.ReorderSlotsHandlerFailureTests" name="testConstructorMissingGameIdTag" time="0.0"></testcase>
  <testcase classname="com.orpheus.administration.failuretests.handlers.ReorderSlotsHandlerFailureTests" name="testConstructorMissingSlotIdTag" time="0.0"></testcase>
  <testcase classname="com.orpheus.administration.failuretests.handlers.ReorderSlotsHandlerFailureTests" name="testConstructorMissingOffsetRequestTag" time="0.0"></testcase>
  <testcase classname="com.orpheus.administration.failuretests.handlers.SponsorApprovalHandlerFailureTests" name="testConstructorNullElement" time="0.047"></testcase>
  <testcase classname="com.orpheus.administration.failuretests.handlers.SponsorApprovalHandlerFailureTests" name="testConstructorMissingHandlerTag" time="0.031"></testcase>
  <testcase classname="com.orpheus.administration.failuretests.handlers.SponsorApprovalHandlerFailureTests" name="testConstructorMissingFailResultTag" time="0.047"></testcase>
  <testcase classname="com.orpheus.administration.failuretests.handlers.SponsorApprovalHandlerFailureTests" name="testConstructorMissingFailRequestTag" time="0.11"></testcase>
  <testcase classname="com.orpheus.administration.failuretests.handlers.SponsorApprovalHandlerFailureTests" name="testExecuteNull" time="0.047"></testcase>
  <testcase classname="com.orpheus.administration.failuretests.handlers.SponsorApprovalHandlerFailureTests" name="testConstructorMissingObjectFactoryTag" time="0.031"></testcase>
  <testcase classname="com.orpheus.administration.failuretests.handlers.SponsorApprovalHandlerFailureTests" name="testConstructorMissingSponsorIdTag" time="0.094"></testcase>
  <testcase classname="com.orpheus.administration.failuretests.handlers.SponsorImageApprovalHandlerFailureTests" name="testConstructorNullElement" time="0.031"></testcase>
  <testcase classname="com.orpheus.administration.failuretests.handlers.SponsorImageApprovalHandlerFailureTests" name="testConstructorMissingHandlerTag" time="0.031"></testcase>
  <testcase classname="com.orpheus.administration.failuretests.handlers.SponsorImageApprovalHandlerFailureTests" name="testConstructorMissingAdminTag" time="0.063"></testcase>
  <testcase classname="com.orpheus.administration.failuretests.handlers.SponsorImageApprovalHandlerFailureTests" name="testConstructorMissingFailResultTag" time="0.109"></testcase>
  <testcase classname="com.orpheus.administration.failuretests.handlers.SponsorImageApprovalHandlerFailureTests" name="testConstructorMissingFailRequestTag" time="0.047"></testcase>
  <testcase classname="com.orpheus.administration.failuretests.handlers.SponsorImageApprovalHandlerFailureTests" name="testExecuteNull" time="0.047"></testcase>
  <testcase classname="com.orpheus.administration.failuretests.handlers.SponsorImageApprovalHandlerFailureTests" name="testConstructorMissingGameTag" time="0.047"></testcase>
  <testcase classname="com.orpheus.administration.failuretests.handlers.SponsorImageApprovalHandlerFailureTests" name="testConstructorMissingObjectFactoryTag" time="0.031"></testcase>
  <testcase classname="com.orpheus.administration.failuretests.handlers.SponsorImageApprovalHandlerFailureTests" name="testConstructorMissingDomainIdTag" time="0.047"></testcase>
  <testcase classname="com.orpheus.administration.failuretests.handlers.SponsorImageApprovalHandlerFailureTests" name="testConstructorMissingSponsorIdTag" time="0.047"></testcase>
  <testcase classname="com.orpheus.administration.failuretests.handlers.SponsorImageApprovalHandlerFailureTests" name="testConstructorMissingImageIdTag" time="0.125"></testcase>
  <testcase classname="com.orpheus.administration.failuretests.handlers.SponsorImageRejectionHandlerFailureTests" name="testConstructorNullElement" time="0.031"></testcase>
  <testcase classname="com.orpheus.administration.failuretests.handlers.SponsorImageRejectionHandlerFailureTests" name="testConstructorMissingHandlerTag" time="0.047"></testcase>
  <testcase classname="com.orpheus.administration.failuretests.handlers.SponsorImageRejectionHandlerFailureTests" name="testConstructorMissingAdminTag" time="0.047"></testcase>
  <testcase classname="com.orpheus.administration.failuretests.handlers.SponsorImageRejectionHandlerFailureTests" name="testConstructorMissingFailResultTag" time="0.046"></testcase>
  <testcase classname="com.orpheus.administration.failuretests.handlers.SponsorImageRejectionHandlerFailureTests" name="testConstructorMissingFailRequestTag" time="0.047"></testcase>
  <testcase classname="com.orpheus.administration.failuretests.handlers.SponsorImageRejectionHandlerFailureTests" name="testExecuteNull" time="0.032"></testcase>
  <testcase classname="com.orpheus.administration.failuretests.handlers.SponsorImageRejectionHandlerFailureTests" name="testConstructorMissingGameTag" time="0.046"></testcase>
  <testcase classname="com.orpheus.administration.failuretests.handlers.SponsorImageRejectionHandlerFailureTests" name="testConstructorMissingObjectFactoryTag" time="0.11"></testcase>
  <testcase classname="com.orpheus.administration.failuretests.handlers.SponsorImageRejectionHandlerFailureTests" name="testConstructorMissingDomainIdTag" time="0.047"></testcase>
  <testcase classname="com.orpheus.administration.failuretests.handlers.SponsorImageRejectionHandlerFailureTests" name="testConstructorMissingSponsorIdTag" time="0.047"></testcase>
  <testcase classname="com.orpheus.administration.failuretests.handlers.SponsorImageRejectionHandlerFailureTests" name="testConstructorMissingImageIdTag" time="0.046"></testcase>
  <testcase classname="com.orpheus.administration.failuretests.handlers.SponsorRejectionHandlerFailureTests" name="testConstructorNullElement" time="0.032"></testcase>
  <testcase classname="com.orpheus.administration.failuretests.handlers.SponsorRejectionHandlerFailureTests" name="testConstructorMissingHandlerTag" time="0.047"></testcase>
  <testcase classname="com.orpheus.administration.failuretests.handlers.SponsorRejectionHandlerFailureTests" name="testConstructorMissingFailResultTag" time="0.046"></testcase>
  <testcase classname="com.orpheus.administration.failuretests.handlers.SponsorRejectionHandlerFailureTests" name="testConstructorMissingFailRequestTag" time="0.11"></testcase>
  <testcase classname="com.orpheus.administration.failuretests.handlers.SponsorRejectionHandlerFailureTests" name="testExecuteNull" time="0.047"></testcase>
  <testcase classname="com.orpheus.administration.failuretests.handlers.SponsorRejectionHandlerFailureTests" name="testConstructorMissingObjectFactoryTag" time="0.031"></testcase>
  <testcase classname="com.orpheus.administration.failuretests.handlers.SponsorRejectionHandlerFailureTests" name="testConstructorMissingSponsorIdTag" time="0.047"></testcase>
  <testcase classname="com.orpheus.administration.stresstests.AdminSummaryHandlerStressTest" name="testExecuteStressSMALL" time="0.125"></testcase>
  <testcase classname="com.orpheus.administration.stresstests.AdminSummaryHandlerStressTest" name="testExecuteStressMEDIUM" time="0.109"></testcase>
  <testcase classname="com.orpheus.administration.stresstests.AdminSummaryHandlerStressTest" name="testExecuteStressLARGE" time="0.11"></testcase>
  <testcase classname="com.orpheus.administration.stresstests.CreateGameHandlerStressTest" name="testExecuteStressSMALL" time="0.14"></testcase>
  <testcase classname="com.orpheus.administration.stresstests.CreateGameHandlerStressTest" name="testExecuteStressMEDIUM" time="0.11"></testcase>
  <testcase classname="com.orpheus.administration.stresstests.CreateGameHandlerStressTest" name="testExecuteStressLARGE" time="0.125"></testcase>
  <testcase classname="com.orpheus.administration.stresstests.DeleteSlotHandlerStressTest" name="testExecuteStressSMALL" time="0.125"></testcase>
  <testcase classname="com.orpheus.administration.stresstests.DeleteSlotHandlerStressTest" name="testExecuteStressMEDIUM" time="0.125"></testcase>
  <testcase classname="com.orpheus.administration.stresstests.DeleteSlotHandlerStressTest" name="testExecuteStressLARGE" time="0.125"></testcase>
  <testcase classname="com.orpheus.administration.stresstests.DomainApprovalHandlerStressTest" name="testExecuteStressSMALL" time="0.14"></testcase>
  <testcase classname="com.orpheus.administration.stresstests.DomainApprovalHandlerStressTest" name="testExecuteStressMEDIUM" time="0.125"></testcase>
  <testcase classname="com.orpheus.administration.stresstests.DomainApprovalHandlerStressTest" name="testExecuteStressLARGE" time="0.11"></testcase>
  <testcase classname="com.orpheus.administration.stresstests.DomainRejectionHandlerStressTest" name="testExecuteStressSMALL" time="0.234"></testcase>
  <testcase classname="com.orpheus.administration.stresstests.DomainRejectionHandlerStressTest" name="testExecuteStressMEDIUM" time="0.109"></testcase>
  <testcase classname="com.orpheus.administration.stresstests.DomainRejectionHandlerStressTest" name="testExecuteStressLARGE" time="0.141"></testcase>
  <testcase classname="com.orpheus.administration.stresstests.GameParameterHandlerStressTest" name="testExecuteStressSMALL" time="0.094"></testcase>
  <testcase classname="com.orpheus.administration.stresstests.GameParameterHandlerStressTest" name="testExecuteStressMEDIUM" time="0.093"></testcase>
  <testcase classname="com.orpheus.administration.stresstests.GameParameterHandlerStressTest" name="testExecuteStressLARGE" time="0.11"></testcase>
  <testcase classname="com.orpheus.administration.stresstests.PendingSponsorDomainHandlerStressTest" name="testExecuteStressSMALL" time="0.125"></testcase>
  <testcase classname="com.orpheus.administration.stresstests.PendingSponsorDomainHandlerStressTest" name="testExecuteStressMEDIUM" time="0.109"></testcase>
  <testcase classname="com.orpheus.administration.stresstests.PendingSponsorDomainHandlerStressTest" name="testExecuteStressLARGE" time="0.11"></testcase>
  <testcase classname="com.orpheus.administration.stresstests.PendingSponsorHandlerStressTest" name="testExecuteStressSMALL" time="0.156"></testcase>
  <testcase classname="com.orpheus.administration.stresstests.PendingSponsorHandlerStressTest" name="testExecuteStressMEDIUM" time="0.109"></testcase>
  <testcase classname="com.orpheus.administration.stresstests.PendingSponsorHandlerStressTest" name="testExecuteStressLARGE" time="0.11"></testcase>
  <testcase classname="com.orpheus.administration.stresstests.PendingWinnerApprovalHandlerStressTest" name="testExecuteStressSMALL" time="0.109"></testcase>
  <testcase classname="com.orpheus.administration.stresstests.PendingWinnerApprovalHandlerStressTest" name="testExecuteStressMEDIUM" time="0.109"></testcase>
  <testcase classname="com.orpheus.administration.stresstests.PendingWinnerApprovalHandlerStressTest" name="testExecuteStressLARGE" time="0.125"></testcase>
  <testcase classname="com.orpheus.administration.stresstests.PendingWinnerHandlerStressTest" name="testExecuteStressSMALL" time="0.157"></testcase>
  <testcase classname="com.orpheus.administration.stresstests.PendingWinnerHandlerStressTest" name="testExecuteStressMEDIUM" time="0.218"></testcase>
  <testcase classname="com.orpheus.administration.stresstests.PendingWinnerHandlerStressTest" name="testExecuteStressLARGE" time="0.11"></testcase>
  <testcase classname="com.orpheus.administration.stresstests.PendingWinnerRejectionHandlerStressTest" name="testExecuteStressSMALL" time="0.109"></testcase>
  <testcase classname="com.orpheus.administration.stresstests.PendingWinnerRejectionHandlerStressTest" name="testExecuteStressMEDIUM" time="0.141"></testcase>
  <testcase classname="com.orpheus.administration.stresstests.PendingWinnerRejectionHandlerStressTest" name="testExecuteStressLARGE" time="0.109"></testcase>
  <testcase classname="com.orpheus.administration.stresstests.RegenerateBrainteaserHandlerStressTest" name="testExecuteStressSMALL" time="0.109"></testcase>
  <testcase classname="com.orpheus.administration.stresstests.RegenerateBrainteaserHandlerStressTest" name="testExecuteStressMEDIUM" time="0.094"></testcase>
  <testcase classname="com.orpheus.administration.stresstests.RegenerateBrainteaserHandlerStressTest" name="testExecuteStressLARGE" time="0.11"></testcase>
  <testcase classname="com.orpheus.administration.stresstests.RegeneratePuzzleHandlerStressTest" name="testExecuteStressSMALL" time="0.203"></testcase>
  <testcase classname="com.orpheus.administration.stresstests.RegeneratePuzzleHandlerStressTest" name="testExecuteStressMEDIUM" time="0.109"></testcase>
  <testcase classname="com.orpheus.administration.stresstests.RegeneratePuzzleHandlerStressTest" name="testExecuteStressLARGE" time="0.125"></testcase>
  <testcase classname="com.orpheus.administration.stresstests.ReorderSlotsHandlerStressTest" name="testExecuteStressSMALL" time="0.109"></testcase>
  <testcase classname="com.orpheus.administration.stresstests.ReorderSlotsHandlerStressTest" name="testExecuteStressMEDIUM" time="0.094"></testcase>
  <testcase classname="com.orpheus.administration.stresstests.ReorderSlotsHandlerStressTest" name="testExecuteStressLARGE" time="0.094"></testcase>
  <testcase classname="com.orpheus.administration.stresstests.SponsorApprovalHandlerStressTest" name="testExecuteStressSMALL" time="0.109"></testcase>
  <testcase classname="com.orpheus.administration.stresstests.SponsorApprovalHandlerStressTest" name="testExecuteStressMEDIUM" time="0.11"></testcase>
  <testcase classname="com.orpheus.administration.stresstests.SponsorApprovalHandlerStressTest" name="testExecuteStressLARGE" time="0.093"></testcase>
  <testcase classname="com.orpheus.administration.stresstests.SponsorImageApprovalHandlerStressTest" name="testExecuteStressSMALL" time="0.11"></testcase>
  <testcase classname="com.orpheus.administration.stresstests.SponsorImageApprovalHandlerStressTest" name="testExecuteStressMEDIUM" time="0.109"></testcase>
  <testcase classname="com.orpheus.administration.stresstests.SponsorImageApprovalHandlerStressTest" name="testExecuteStressLARGE" time="0.125"></testcase>
  <testcase classname="com.orpheus.administration.stresstests.SponsorImageRejectionHandlerStressTest" name="testExecuteStressSMALL" time="0.11"></testcase>
  <testcase classname="com.orpheus.administration.stresstests.SponsorImageRejectionHandlerStressTest" name="testExecuteStressMEDIUM" time="0.093"></testcase>
  <testcase classname="com.orpheus.administration.stresstests.SponsorImageRejectionHandlerStressTest" name="testExecuteStressLARGE" time="0.11"></testcase>
  <testcase classname="com.orpheus.administration.stresstests.SponsorRejectionHandlerStressTest" name="testExecuteStressSMALL" time="0.109"></testcase>
  <testcase classname="com.orpheus.administration.stresstests.SponsorRejectionHandlerStressTest" name="testExecuteStressMEDIUM" time="0.109"></testcase>
  <testcase classname="com.orpheus.administration.stresstests.SponsorRejectionHandlerStressTest" name="testExecuteStressLARGE" time="0.125"></testcase>
  <system-out><![CDATA[nextID0
11111
11111
11111
execute AdminSummaryHandler#execute(ActionContext) for 1 times takes 16 milliseconds.
execute AdminSummaryHandler#execute(ActionContext) for 1 times takes 0 milliseconds.
execute AdminSummaryHandler#execute(ActionContext) for 1 times takes 15 milliseconds.
execute CreateGameHandler#execute(ActionContext) for 1 times takes 0 milliseconds.
execute CreateGameHandler#execute(ActionContext) for 1 times takes 0 milliseconds.
execute CreateGameHandler#execute(ActionContext) for 1 times takes 0 milliseconds.
execute DeleteSlotHandler#execute(ActionContext) for 1 times takes 15 milliseconds.
execute DeleteSlotHandler#execute(ActionContext) for 1 times takes 0 milliseconds.
execute DeleteSlotHandler#execute(ActionContext) for 1 times takes 0 milliseconds.
execute DomainApprovalHandler#execute(ActionContext) for 1 times takes 15 milliseconds.
execute DomainApprovalHandler#execute(ActionContext) for 1 times takes 0 milliseconds.
execute DomainApprovalHandler#execute(ActionContext) for 1 times takes 0 milliseconds.
execute DomainRejectionHandler#execute(ActionContext) for 1 times takes 0 milliseconds.
execute DomainRejectionHandler#execute(ActionContext) for 1 times takes 16 milliseconds.
execute DomainRejectionHandler#execute(ActionContext) for 1 times takes 16 milliseconds.
execute GameParameterHandler#execute(ActionContext) for 1 times takes 0 milliseconds.
execute GameParameterHandler#execute(ActionContext) for 1 times takes 0 milliseconds.
execute GameParameterHandler#execute(ActionContext) for 1 times takes 0 milliseconds.
execute PendingSponsorDomainHandler#execute(ActionContext) for 1 times takes 0 milliseconds.
execute PendingSponsorDomainHandler#execute(ActionContext) for 1 times takes 16 milliseconds.
execute PendingSponsorDomainHandler#execute(ActionContext) for 1 times takes 0 milliseconds.
execute PendingSponsorHandler#execute(ActionContext) for 1 times takes 0 milliseconds.
execute PendingSponsorHandler#execute(ActionContext) for 1 times takes 0 milliseconds.
execute PendingSponsorHandler#execute(ActionContext) for 1 times takes 15 milliseconds.
execute PendingWinnerApprovalHandler#execute(ActionContext) for 1 times takes 16 milliseconds.
execute PendingWinnerApprovalHandler#execute(ActionContext) for 1 times takes 0 milliseconds.
execute PendingWinnerApprovalHandler#execute(ActionContext) for 1 times takes 0 milliseconds.
execute PendingWinnerHandler#execute(ActionContext) for 1 times takes 0 milliseconds.
execute PendingWinnerHandler#execute(ActionContext) for 1 times takes 0 milliseconds.
execute PendingWinnerHandler#execute(ActionContext) for 1 times takes 0 milliseconds.
execute PendingWinnerRejectionHandler#execute(ActionContext) for 1 times takes 0 milliseconds.
execute PendingWinnerRejectionHandler#execute(ActionContext) for 1 times takes 0 milliseconds.
execute PendingWinnerRejectionHandler#execute(ActionContext) for 1 times takes 0 milliseconds.
execute RegenerateBrainteaserHandler#execute(ActionContext) for 1 times takes 0 milliseconds.
execute RegenerateBrainteaserHandler#execute(ActionContext) for 1 times takes 0 milliseconds.
execute RegenerateBrainteaserHandler#execute(ActionContext) for 1 times takes 0 milliseconds.
execute RegeneratePuzzleHandler#execute(ActionContext) for 1 times takes 15 milliseconds.
execute RegeneratePuzzleHandler#execute(ActionContext) for 1 times takes 0 milliseconds.
execute RegeneratePuzzleHandler#execute(ActionContext) for 1 times takes 0 milliseconds.
execute ReorderSlotsHandler#execute(ActionContext) for 1 times takes 0 milliseconds.
execute ReorderSlotsHandler#execute(ActionContext) for 1 times takes 0 milliseconds.
execute ReorderSlotsHandler#execute(ActionContext) for 1 times takes 0 milliseconds.
execute SponsorApprovalHandler#execute(ActionContext) for 1 times takes 16 milliseconds.
execute SponsorApprovalHandler#execute(ActionContext) for 1 times takes 16 milliseconds.
execute SponsorApprovalHandler#execute(ActionContext) for 1 times takes 15 milliseconds.
execute SponsorImageApprovalHandler#execute(ActionContext) for 1 times takes 16 milliseconds.
execute SponsorImageApprovalHandler#execute(ActionContext) for 1 times takes 15 milliseconds.
execute SponsorImageApprovalHandler#execute(ActionContext) for 1 times takes 0 milliseconds.
execute SponsorImageRejectionHandler#execute(ActionContext) for 1 times takes 16 milliseconds.
execute SponsorImageRejectionHandler#execute(ActionContext) for 1 times takes 16 milliseconds.
execute SponsorImageRejectionHandler#execute(ActionContext) for 1 times takes 15 milliseconds.
execute SponsorRejectionHandler#execute(ActionContext) for 1 times takes 0 milliseconds.
execute SponsorRejectionHandler#execute(ActionContext) for 1 times takes 15 milliseconds.
execute SponsorRejectionHandler#execute(ActionContext) for 1 times takes 0 milliseconds.
]]></system-out>
  <system-err><![CDATA[Enter: SimpleUserProfileManager(String), Namespace: com.topcoder.user.profile.manager.SimpleUserProfileManager
Enter: getPropertyString(). Property name: 'persistence_class'
Exit: getPropertyString().
Enter: Helper method, createObject for class 'com.topcoder.user.profile.manager.persistence.XMLUserProfilePersistence'
Enter: XMLUserProfilePersistence(String), Namespace: com.topcoder.user.profile.manager.SimpleUserProfileManager
Enter: getPropertyString(). Property name: 'profile_xml_file'
Exit: getPropertyString().
Enter: XMLUserProfilePersistence.initializeFile(File), Path: D:\TC\Active\ThisWeek\AdminLogic\FR3\test_files\profiles.xml
Exit: XMLUserProfilePersistence.initializeFile(File)
Enter: ProfileTypeFactory(String), Namespace: 'com.topcoder.user.profile.manager.SimpleUserProfileManager'
Enter: getPropertyString(). Property name: 'profile_type_factory_class'
Exit: getPropertyString().
Enter: Helper method, createObject for class 'com.topcoder.user.profile.manager.ConfigProfileTypeFactory'
Enter: ProfileTypeFactory(String), Namespace: 'com.topcoder.user.profile.manager.SimpleUserProfileManager'
Exit: ProfileTypeFactory(String)
Enter: ConfigProfileTypeFactory(String), Namespace: 'com.topcoder.user.profile.manager.SimpleUserProfileManager'
Exit: ConfigProfileTypeFactory(String)
Exit: Helper method, createObject for class
Exit: ProfileTypeFactory(String)
Exit: XMLUserProfilePersistence(String)
Exit: Helper method, createObject for class
Exit: SimpleUserProfileManager(String)
Enter: SimpleUserProfileManager(String), Namespace: com.topcoder.user.profile.manager.SimpleUserProfileManager
Enter: getPropertyString(). Property name: 'persistence_class'
Exit: getPropertyString().
Enter: Helper method, createObject for class 'com.topcoder.user.profile.manager.persistence.XMLUserProfilePersistence'
Enter: XMLUserProfilePersistence(String), Namespace: com.topcoder.user.profile.manager.SimpleUserProfileManager
Enter: getPropertyString(). Property name: 'profile_xml_file'
Exit: getPropertyString().
Enter: XMLUserProfilePersistence.initializeFile(File), Path: D:\TC\Active\ThisWeek\AdminLogic\FR3\test_files\profiles.xml
Exit: XMLUserProfilePersistence.initializeFile(File)
Enter: ProfileTypeFactory(String), Namespace: 'com.topcoder.user.profile.manager.SimpleUserProfileManager'
Enter: getPropertyString(). Property name: 'profile_type_factory_class'
Exit: getPropertyString().
Enter: Helper method, createObject for class 'com.topcoder.user.profile.manager.ConfigProfileTypeFactory'
Enter: ProfileTypeFactory(String), Namespace: 'com.topcoder.user.profile.manager.SimpleUserProfileManager'
Exit: ProfileTypeFactory(String)
Enter: ConfigProfileTypeFactory(String), Namespace: 'com.topcoder.user.profile.manager.SimpleUserProfileManager'
Exit: ConfigProfileTypeFactory(String)
Exit: Helper method, createObject for class
Exit: ProfileTypeFactory(String)
Exit: XMLUserProfilePersistence(String)
Exit: Helper method, createObject for class
Exit: SimpleUserProfileManager(String)
Enter: SimpleUserProfileManager(String), Namespace: com.topcoder.user.profile.manager.SimpleUserProfileManager
Enter: getPropertyString(). Property name: 'persistence_class'
Exit: getPropertyString().
Enter: Helper method, createObject for class 'com.topcoder.user.profile.manager.persistence.XMLUserProfilePersistence'
Enter: XMLUserProfilePersistence(String), Namespace: com.topcoder.user.profile.manager.SimpleUserProfileManager
Enter: getPropertyString(). Property name: 'profile_xml_file'
Exit: getPropertyString().
Enter: XMLUserProfilePersistence.initializeFile(File), Path: D:\TC\Active\ThisWeek\AdminLogic\FR3\test_files\profiles.xml
Exit: XMLUserProfilePersistence.initializeFile(File)
Enter: ProfileTypeFactory(String), Namespace: 'com.topcoder.user.profile.manager.SimpleUserProfileManager'
Enter: getPropertyString(). Property name: 'profile_type_factory_class'
Exit: getPropertyString().
Enter: Helper method, createObject for class 'com.topcoder.user.profile.manager.ConfigProfileTypeFactory'
Enter: ProfileTypeFactory(String), Namespace: 'com.topcoder.user.profile.manager.SimpleUserProfileManager'
Exit: ProfileTypeFactory(String)
Enter: ConfigProfileTypeFactory(String), Namespace: 'com.topcoder.user.profile.manager.SimpleUserProfileManager'
Exit: ConfigProfileTypeFactory(String)
Exit: Helper method, createObject for class
Exit: ProfileTypeFactory(String)
Exit: XMLUserProfilePersistence(String)
Exit: Helper method, createObject for class
Exit: SimpleUserProfileManager(String)
Enter: SimpleUserProfileManager(String), Namespace: com.topcoder.user.profile.manager.SimpleUserProfileManager
Enter: getPropertyString(). Property name: 'persistence_class'
Exit: getPropertyString().
Enter: Helper method, createObject for class 'com.topcoder.user.profile.manager.persistence.XMLUserProfilePersistence'
Enter: XMLUserProfilePersistence(String), Namespace: com.topcoder.user.profile.manager.SimpleUserProfileManager
Enter: getPropertyString(). Property name: 'profile_xml_file'
Exit: getPropertyString().
Enter: XMLUserProfilePersistence.initializeFile(File), Path: D:\TC\Active\ThisWeek\AdminLogic\FR3\test_files\profiles.xml
Exit: XMLUserProfilePersistence.initializeFile(File)
Enter: ProfileTypeFactory(String), Namespace: 'com.topcoder.user.profile.manager.SimpleUserProfileManager'
Enter: getPropertyString(). Property name: 'profile_type_factory_class'
Exit: getPropertyString().
Enter: Helper method, createObject for class 'com.topcoder.user.profile.manager.ConfigProfileTypeFactory'
Enter: ProfileTypeFactory(String), Namespace: 'com.topcoder.user.profile.manager.SimpleUserProfileManager'
Exit: ProfileTypeFactory(String)
Enter: ConfigProfileTypeFactory(String), Namespace: 'com.topcoder.user.profile.manager.SimpleUserProfileManager'
Exit: ConfigProfileTypeFactory(String)
Exit: Helper method, createObject for class
Exit: ProfileTypeFactory(String)
Exit: XMLUserProfilePersistence(String)
Exit: Helper method, createObject for class
Exit: SimpleUserProfileManager(String)
Enter: SimpleUserProfileManager.getUserProfile(), profileId: 1
Enter: XMLUserProfilePersistence.retrieveProfile(long), ProfileId: 1
Enter: XMLUserProfilePersistence.getElementById(String). ID: '1'
Enter: XMLUserProfilePersistence.createProfile(Element)
Enter: getProfileType(String), Name: 'teacher'
Exit: getProfileType(String)
Enter: getProfileType(String), Name: 'employee'
Exit: getProfileType(String)
Enter: XMLUserProfilePersistence.extractText(Node)
Exit: XMLUserProfilePersistence.extractText(Node)
Enter: XMLUserProfilePersistence.extractText(Node)
Exit: XMLUserProfilePersistence.extractText(Node)
Enter: XMLUserProfilePersistence.extractText(Node)
Exit: XMLUserProfilePersistence.extractText(Node)
Enter: XMLUserProfilePersistence.extractText(Node)
Exit: XMLUserProfilePersistence.extractText(Node)
Enter: XMLUserProfilePersistence.extractText(Node)
Exit: XMLUserProfilePersistence.extractText(Node)
Enter: XMLUserProfilePersistence.extractText(Node)
Exit: XMLUserProfilePersistence.extractText(Node)
Enter: XMLUserProfilePersistence.extractText(Node)
Exit: XMLUserProfilePersistence.extractText(Node)
Enter: XMLUserProfilePersistence.extractText(Node)
Exit: XMLUserProfilePersistence.extractText(Node)
Exit: XMLUserProfilePersistence.createProfile(Element)
Exit: XMLUserProfilePersistence.retrieveProfile(long)
Exit: SimpleUserProfileManager.getUserProfile()
Enter: SimpleUserProfileManager(String), Namespace: com.topcoder.user.profile.manager.SimpleUserProfileManager
Enter: getPropertyString(). Property name: 'persistence_class'
Exit: getPropertyString().
Enter: Helper method, createObject for class 'com.topcoder.user.profile.manager.persistence.XMLUserProfilePersistence'
Enter: XMLUserProfilePersistence(String), Namespace: com.topcoder.user.profile.manager.SimpleUserProfileManager
Enter: getPropertyString(). Property name: 'profile_xml_file'
Exit: getPropertyString().
Enter: XMLUserProfilePersistence.initializeFile(File), Path: D:\TC\Active\ThisWeek\AdminLogic\FR3\test_files\profiles.xml
Exit: XMLUserProfilePersistence.initializeFile(File)
Enter: ProfileTypeFactory(String), Namespace: 'com.topcoder.user.profile.manager.SimpleUserProfileManager'
Enter: getPropertyString(). Property name: 'profile_type_factory_class'
Exit: getPropertyString().
Enter: Helper method, createObject for class 'com.topcoder.user.profile.manager.ConfigProfileTypeFactory'
Enter: ProfileTypeFactory(String), Namespace: 'com.topcoder.user.profile.manager.SimpleUserProfileManager'
Exit: ProfileTypeFactory(String)
Enter: ConfigProfileTypeFactory(String), Namespace: 'com.topcoder.user.profile.manager.SimpleUserProfileManager'
Exit: ConfigProfileTypeFactory(String)
Exit: Helper method, createObject for class
Exit: ProfileTypeFactory(String)
Exit: XMLUserProfilePersistence(String)
Exit: Helper method, createObject for class
Exit: SimpleUserProfileManager(String)
Enter: SimpleUserProfileManager(String), Namespace: com.topcoder.user.profile.manager.SimpleUserProfileManager
Enter: getPropertyString(). Property name: 'persistence_class'
Exit: getPropertyString().
Enter: Helper method, createObject for class 'com.topcoder.user.profile.manager.persistence.XMLUserProfilePersistence'
Enter: XMLUserProfilePersistence(String), Namespace: com.topcoder.user.profile.manager.SimpleUserProfileManager
Enter: getPropertyString(). Property name: 'profile_xml_file'
Exit: getPropertyString().
Enter: XMLUserProfilePersistence.initializeFile(File), Path: D:\TC\Active\ThisWeek\AdminLogic\FR3\test_files\profiles.xml
Exit: XMLUserProfilePersistence.initializeFile(File)
Enter: ProfileTypeFactory(String), Namespace: 'com.topcoder.user.profile.manager.SimpleUserProfileManager'
Enter: getPropertyString(). Property name: 'profile_type_factory_class'
Exit: getPropertyString().
Enter: Helper method, createObject for class 'com.topcoder.user.profile.manager.ConfigProfileTypeFactory'
Enter: ProfileTypeFactory(String), Namespace: 'com.topcoder.user.profile.manager.SimpleUserProfileManager'
Exit: ProfileTypeFactory(String)
Enter: ConfigProfileTypeFactory(String), Namespace: 'com.topcoder.user.profile.manager.SimpleUserProfileManager'
Exit: ConfigProfileTypeFactory(String)
Exit: Helper method, createObject for class
Exit: ProfileTypeFactory(String)
Exit: XMLUserProfilePersistence(String)
Exit: Helper method, createObject for class
Exit: SimpleUserProfileManager(String)
Enter: SimpleUserProfileManager(String), Namespace: com.topcoder.user.profile.manager.SimpleUserProfileManager
Enter: getPropertyString(). Property name: 'persistence_class'
Exit: getPropertyString().
Enter: Helper method, createObject for class 'com.topcoder.user.profile.manager.persistence.XMLUserProfilePersistence'
Enter: XMLUserProfilePersistence(String), Namespace: com.topcoder.user.profile.manager.SimpleUserProfileManager
Enter: getPropertyString(). Property name: 'profile_xml_file'
Exit: getPropertyString().
Enter: XMLUserProfilePersistence.initializeFile(File), Path: D:\TC\Active\ThisWeek\AdminLogic\FR3\test_files\profiles.xml
Exit: XMLUserProfilePersistence.initializeFile(File)
Enter: ProfileTypeFactory(String), Namespace: 'com.topcoder.user.profile.manager.SimpleUserProfileManager'
Enter: getPropertyString(). Property name: 'profile_type_factory_class'
Exit: getPropertyString().
Enter: Helper method, createObject for class 'com.topcoder.user.profile.manager.ConfigProfileTypeFactory'
Enter: ProfileTypeFactory(String), Namespace: 'com.topcoder.user.profile.manager.SimpleUserProfileManager'
Exit: ProfileTypeFactory(String)
Enter: ConfigProfileTypeFactory(String), Namespace: 'com.topcoder.user.profile.manager.SimpleUserProfileManager'
Exit: ConfigProfileTypeFactory(String)
Exit: Helper method, createObject for class
Exit: ProfileTypeFactory(String)
Exit: XMLUserProfilePersistence(String)
Exit: Helper method, createObject for class
Exit: SimpleUserProfileManager(String)
Enter: SimpleUserProfileManager(String), Namespace: com.topcoder.user.profile.manager.SimpleUserProfileManager
Enter: getPropertyString(). Property name: 'persistence_class'
Exit: getPropertyString().
Enter: Helper method, createObject for class 'com.topcoder.user.profile.manager.persistence.XMLUserProfilePersistence'
Enter: XMLUserProfilePersistence(String), Namespace: com.topcoder.user.profile.manager.SimpleUserProfileManager
Enter: getPropertyString(). Property name: 'profile_xml_file'
Exit: getPropertyString().
Enter: XMLUserProfilePersistence.initializeFile(File), Path: D:\TC\Active\ThisWeek\AdminLogic\FR3\test_files\profiles.xml
Exit: XMLUserProfilePersistence.initializeFile(File)
Enter: ProfileTypeFactory(String), Namespace: 'com.topcoder.user.profile.manager.SimpleUserProfileManager'
Enter: getPropertyString(). Property name: 'profile_type_factory_class'
Exit: getPropertyString().
Enter: Helper method, createObject for class 'com.topcoder.user.profile.manager.ConfigProfileTypeFactory'
Enter: ProfileTypeFactory(String), Namespace: 'com.topcoder.user.profile.manager.SimpleUserProfileManager'
Exit: ProfileTypeFactory(String)
Enter: ConfigProfileTypeFactory(String), Namespace: 'com.topcoder.user.profile.manager.SimpleUserProfileManager'
Exit: ConfigProfileTypeFactory(String)
Exit: Helper method, createObject for class
Exit: ProfileTypeFactory(String)
Exit: XMLUserProfilePersistence(String)
Exit: Helper method, createObject for class
Exit: SimpleUserProfileManager(String)
Enter: SimpleUserProfileManager(String), Namespace: com.topcoder.user.profile.manager.SimpleUserProfileManager
Enter: getPropertyString(). Property name: 'persistence_class'
Exit: getPropertyString().
Enter: Helper method, createObject for class 'com.topcoder.user.profile.manager.persistence.XMLUserProfilePersistence'
Enter: XMLUserProfilePersistence(String), Namespace: com.topcoder.user.profile.manager.SimpleUserProfileManager
Enter: getPropertyString(). Property name: 'profile_xml_file'
Exit: getPropertyString().
Enter: XMLUserProfilePersistence.initializeFile(File), Path: D:\TC\Active\ThisWeek\AdminLogic\FR3\test_files\profiles.xml
Exit: XMLUserProfilePersistence.initializeFile(File)
Enter: ProfileTypeFactory(String), Namespace: 'com.topcoder.user.profile.manager.SimpleUserProfileManager'
Enter: getPropertyString(). Property name: 'profile_type_factory_class'
Exit: getPropertyString().
Enter: Helper method, createObject for class 'com.topcoder.user.profile.manager.ConfigProfileTypeFactory'
Enter: ProfileTypeFactory(String), Namespace: 'com.topcoder.user.profile.manager.SimpleUserProfileManager'
Exit: ProfileTypeFactory(String)
Enter: ConfigProfileTypeFactory(String), Namespace: 'com.topcoder.user.profile.manager.SimpleUserProfileManager'
Exit: ConfigProfileTypeFactory(String)
Exit: Helper method, createObject for class
Exit: ProfileTypeFactory(String)
Exit: XMLUserProfilePersistence(String)
Exit: Helper method, createObject for class
Exit: SimpleUserProfileManager(String)
Enter: SimpleUserProfileManager(String), Namespace: com.topcoder.user.profile.manager.SimpleUserProfileManager
Enter: getPropertyString(). Property name: 'persistence_class'
Exit: getPropertyString().
Enter: Helper method, createObject for class 'com.topcoder.user.profile.manager.persistence.XMLUserProfilePersistence'
Enter: XMLUserProfilePersistence(String), Namespace: com.topcoder.user.profile.manager.SimpleUserProfileManager
Enter: getPropertyString(). Property name: 'profile_xml_file'
Exit: getPropertyString().
Enter: XMLUserProfilePersistence.initializeFile(File), Path: D:\TC\Active\ThisWeek\AdminLogic\FR3\test_files\profiles.xml
Exit: XMLUserProfilePersistence.initializeFile(File)
Enter: ProfileTypeFactory(String), Namespace: 'com.topcoder.user.profile.manager.SimpleUserProfileManager'
Enter: getPropertyString(). Property name: 'profile_type_factory_class'
Exit: getPropertyString().
Enter: Helper method, createObject for class 'com.topcoder.user.profile.manager.ConfigProfileTypeFactory'
Enter: ProfileTypeFactory(String), Namespace: 'com.topcoder.user.profile.manager.SimpleUserProfileManager'
Exit: ProfileTypeFactory(String)
Enter: ConfigProfileTypeFactory(String), Namespace: 'com.topcoder.user.profile.manager.SimpleUserProfileManager'
Exit: ConfigProfileTypeFactory(String)
Exit: Helper method, createObject for class
Exit: ProfileTypeFactory(String)
Exit: XMLUserProfilePersistence(String)
Exit: Helper method, createObject for class
Exit: SimpleUserProfileManager(String)
Enter: SimpleUserProfileManager.getUserProfile(), profileId: 1
Enter: XMLUserProfilePersistence.retrieveProfile(long), ProfileId: 1
Enter: XMLUserProfilePersistence.getElementById(String). ID: '1'
Enter: XMLUserProfilePersistence.createProfile(Element)
Enter: getProfileType(String), Name: 'teacher'
Exit: getProfileType(String)
Enter: getProfileType(String), Name: 'employee'
Exit: getProfileType(String)
Enter: XMLUserProfilePersistence.extractText(Node)
Exit: XMLUserProfilePersistence.extractText(Node)
Enter: XMLUserProfilePersistence.extractText(Node)
Exit: XMLUserProfilePersistence.extractText(Node)
Enter: XMLUserProfilePersistence.extractText(Node)
Exit: XMLUserProfilePersistence.extractText(Node)
Enter: XMLUserProfilePersistence.extractText(Node)
Exit: XMLUserProfilePersistence.extractText(Node)
Enter: XMLUserProfilePersistence.extractText(Node)
Exit: XMLUserProfilePersistence.extractText(Node)
Enter: XMLUserProfilePersistence.extractText(Node)
Exit: XMLUserProfilePersistence.extractText(Node)
Enter: XMLUserProfilePersistence.extractText(Node)
Exit: XMLUserProfilePersistence.extractText(Node)
Enter: XMLUserProfilePersistence.extractText(Node)
Exit: XMLUserProfilePersistence.extractText(Node)
Exit: XMLUserProfilePersistence.createProfile(Element)
Exit: XMLUserProfilePersistence.retrieveProfile(long)
Exit: SimpleUserProfileManager.getUserProfile()
Enter: SimpleUserProfileManager(String), Namespace: com.topcoder.user.profile.manager.SimpleUserProfileManager
Enter: getPropertyString(). Property name: 'persistence_class'
Exit: getPropertyString().
Enter: Helper method, createObject for class 'com.topcoder.user.profile.manager.persistence.XMLUserProfilePersistence'
Enter: XMLUserProfilePersistence(String), Namespace: com.topcoder.user.profile.manager.SimpleUserProfileManager
Enter: getPropertyString(). Property name: 'profile_xml_file'
Exit: getPropertyString().
Enter: XMLUserProfilePersistence.initializeFile(File), Path: D:\TC\Active\ThisWeek\AdminLogic\FR3\test_files\profiles.xml
Exit: XMLUserProfilePersistence.initializeFile(File)
Enter: ProfileTypeFactory(String), Namespace: 'com.topcoder.user.profile.manager.SimpleUserProfileManager'
Enter: getPropertyString(). Property name: 'profile_type_factory_class'
Exit: getPropertyString().
Enter: Helper method, createObject for class 'com.topcoder.user.profile.manager.ConfigProfileTypeFactory'
Enter: ProfileTypeFactory(String), Namespace: 'com.topcoder.user.profile.manager.SimpleUserProfileManager'
Exit: ProfileTypeFactory(String)
Enter: ConfigProfileTypeFactory(String), Namespace: 'com.topcoder.user.profile.manager.SimpleUserProfileManager'
Exit: ConfigProfileTypeFactory(String)
Exit: Helper method, createObject for class
Exit: ProfileTypeFactory(String)
Exit: XMLUserProfilePersistence(String)
Exit: Helper method, createObject for class
Exit: SimpleUserProfileManager(String)
Enter: SimpleUserProfileManager(String), Namespace: com.topcoder.user.profile.manager.SimpleUserProfileManager
Enter: getPropertyString(). Property name: 'persistence_class'
Exit: getPropertyString().
Enter: Helper method, createObject for class 'com.topcoder.user.profile.manager.persistence.XMLUserProfilePersistence'
Enter: XMLUserProfilePersistence(String), Namespace: com.topcoder.user.profile.manager.SimpleUserProfileManager
Enter: getPropertyString(). Property name: 'profile_xml_file'
Exit: getPropertyString().
Enter: XMLUserProfilePersistence.initializeFile(File), Path: D:\TC\Active\ThisWeek\AdminLogic\FR3\test_files\profiles.xml
Exit: XMLUserProfilePersistence.initializeFile(File)
Enter: ProfileTypeFactory(String), Namespace: 'com.topcoder.user.profile.manager.SimpleUserProfileManager'
Enter: getPropertyString(). Property name: 'profile_type_factory_class'
Exit: getPropertyString().
Enter: Helper method, createObject for class 'com.topcoder.user.profile.manager.ConfigProfileTypeFactory'
Enter: ProfileTypeFactory(String), Namespace: 'com.topcoder.user.profile.manager.SimpleUserProfileManager'
Exit: ProfileTypeFactory(String)
Enter: ConfigProfileTypeFactory(String), Namespace: 'com.topcoder.user.profile.manager.SimpleUserProfileManager'
Exit: ConfigProfileTypeFactory(String)
Exit: Helper method, createObject for class
Exit: ProfileTypeFactory(String)
Exit: XMLUserProfilePersistence(String)
Exit: Helper method, createObject for class
Exit: SimpleUserProfileManager(String)
Enter: SimpleUserProfileManager(String), Namespace: com.topcoder.user.profile.manager.SimpleUserProfileManager
Enter: getPropertyString(). Property name: 'persistence_class'
Exit: getPropertyString().
Enter: Helper method, createObject for class 'com.topcoder.user.profile.manager.persistence.XMLUserProfilePersistence'
Enter: XMLUserProfilePersistence(String), Namespace: com.topcoder.user.profile.manager.SimpleUserProfileManager
Enter: getPropertyString(). Property name: 'profile_xml_file'
Exit: getPropertyString().
Enter: XMLUserProfilePersistence.initializeFile(File), Path: D:\TC\Active\ThisWeek\AdminLogic\FR3\test_files\profiles.xml
Exit: XMLUserProfilePersistence.initializeFile(File)
Enter: ProfileTypeFactory(String), Namespace: 'com.topcoder.user.profile.manager.SimpleUserProfileManager'
Enter: getPropertyString(). Property name: 'profile_type_factory_class'
Exit: getPropertyString().
Enter: Helper method, createObject for class 'com.topcoder.user.profile.manager.ConfigProfileTypeFactory'
Enter: ProfileTypeFactory(String), Namespace: 'com.topcoder.user.profile.manager.SimpleUserProfileManager'
Exit: ProfileTypeFactory(String)
Enter: ConfigProfileTypeFactory(String), Namespace: 'com.topcoder.user.profile.manager.SimpleUserProfileManager'
Exit: ConfigProfileTypeFactory(String)
Exit: Helper method, createObject for class
Exit: ProfileTypeFactory(String)
Exit: XMLUserProfilePersistence(String)
Exit: Helper method, createObject for class
Exit: SimpleUserProfileManager(String)
Enter: SimpleUserProfileManager(String), Namespace: com.topcoder.user.profile.manager.SimpleUserProfileManager
Enter: getPropertyString(). Property name: 'persistence_class'
Exit: getPropertyString().
Enter: Helper method, createObject for class 'com.topcoder.user.profile.manager.persistence.XMLUserProfilePersistence'
Enter: XMLUserProfilePersistence(String), Namespace: com.topcoder.user.profile.manager.SimpleUserProfileManager
Enter: getPropertyString(). Property name: 'profile_xml_file'
Exit: getPropertyString().
Enter: XMLUserProfilePersistence.initializeFile(File), Path: D:\TC\Active\ThisWeek\AdminLogic\FR3\test_files\profiles.xml
Exit: XMLUserProfilePersistence.initializeFile(File)
Enter: ProfileTypeFactory(String), Namespace: 'com.topcoder.user.profile.manager.SimpleUserProfileManager'
Enter: getPropertyString(). Property name: 'profile_type_factory_class'
Exit: getPropertyString().
Enter: Helper method, createObject for class 'com.topcoder.user.profile.manager.ConfigProfileTypeFactory'
Enter: ProfileTypeFactory(String), Namespace: 'com.topcoder.user.profile.manager.SimpleUserProfileManager'
Exit: ProfileTypeFactory(String)
Enter: ConfigProfileTypeFactory(String), Namespace: 'com.topcoder.user.profile.manager.SimpleUserProfileManager'
Exit: ConfigProfileTypeFactory(String)
Exit: Helper method, createObject for class
Exit: ProfileTypeFactory(String)
Exit: XMLUserProfilePersistence(String)
Exit: Helper method, createObject for class
Exit: SimpleUserProfileManager(String)
Enter: SimpleUserProfileManager(String), Namespace: com.topcoder.user.profile.manager.SimpleUserProfileManager
Enter: getPropertyString(). Property name: 'persistence_class'
Exit: getPropertyString().
Enter: Helper method, createObject for class 'com.topcoder.user.profile.manager.persistence.XMLUserProfilePersistence'
Enter: XMLUserProfilePersistence(String), Namespace: com.topcoder.user.profile.manager.SimpleUserProfileManager
Enter: getPropertyString(). Property name: 'profile_xml_file'
Exit: getPropertyString().
Enter: XMLUserProfilePersistence.initializeFile(File), Path: D:\TC\Active\ThisWeek\AdminLogic\FR3\test_files\profiles.xml
Exit: XMLUserProfilePersistence.initializeFile(File)
Enter: ProfileTypeFactory(String), Namespace: 'com.topcoder.user.profile.manager.SimpleUserProfileManager'
Enter: getPropertyString(). Property name: 'profile_type_factory_class'
Exit: getPropertyString().
Enter: Helper method, createObject for class 'com.topcoder.user.profile.manager.ConfigProfileTypeFactory'
Enter: ProfileTypeFactory(String), Namespace: 'com.topcoder.user.profile.manager.SimpleUserProfileManager'
Exit: ProfileTypeFactory(String)
Enter: ConfigProfileTypeFactory(String), Namespace: 'com.topcoder.user.profile.manager.SimpleUserProfileManager'
Exit: ConfigProfileTypeFactory(String)
Exit: Helper method, createObject for class
Exit: ProfileTypeFactory(String)
Exit: XMLUserProfilePersistence(String)
Exit: Helper method, createObject for class
Exit: SimpleUserProfileManager(String)
Enter: SimpleUserProfileManager.getUserProfile(), profileId: 1
Enter: XMLUserProfilePersistence.retrieveProfile(long), ProfileId: 1
Enter: XMLUserProfilePersistence.getElementById(String). ID: '1'
Enter: XMLUserProfilePersistence.createProfile(Element)
Enter: getProfileType(String), Name: 'teacher'
Exit: getProfileType(String)
Enter: getProfileType(String), Name: 'employee'
Exit: getProfileType(String)
Enter: XMLUserProfilePersistence.extractText(Node)
Exit: XMLUserProfilePersistence.extractText(Node)
Enter: XMLUserProfilePersistence.extractText(Node)
Exit: XMLUserProfilePersistence.extractText(Node)
Enter: XMLUserProfilePersistence.extractText(Node)
Exit: XMLUserProfilePersistence.extractText(Node)
Enter: XMLUserProfilePersistence.extractText(Node)
Exit: XMLUserProfilePersistence.extractText(Node)
Enter: XMLUserProfilePersistence.extractText(Node)
Exit: XMLUserProfilePersistence.extractText(Node)
Enter: XMLUserProfilePersistence.extractText(Node)
Exit: XMLUserProfilePersistence.extractText(Node)
Enter: XMLUserProfilePersistence.extractText(Node)
Exit: XMLUserProfilePersistence.extractText(Node)
Enter: XMLUserProfilePersistence.extractText(Node)
Exit: XMLUserProfilePersistence.extractText(Node)
Exit: XMLUserProfilePersistence.createProfile(Element)
Exit: XMLUserProfilePersistence.retrieveProfile(long)
Exit: SimpleUserProfileManager.getUserProfile()
Enter: SimpleUserProfileManager(String), Namespace: com.topcoder.user.profile.manager.SimpleUserProfileManager
Enter: getPropertyString(). Property name: 'persistence_class'
Exit: getPropertyString().
Enter: Helper method, createObject for class 'com.topcoder.user.profile.manager.persistence.XMLUserProfilePersistence'
Enter: XMLUserProfilePersistence(String), Namespace: com.topcoder.user.profile.manager.SimpleUserProfileManager
Enter: getPropertyString(). Property name: 'profile_xml_file'
Exit: getPropertyString().
Enter: XMLUserProfilePersistence.initializeFile(File), Path: D:\TC\Active\ThisWeek\AdminLogic\FR3\test_files\profiles.xml
Exit: XMLUserProfilePersistence.initializeFile(File)
Enter: ProfileTypeFactory(String), Namespace: 'com.topcoder.user.profile.manager.SimpleUserProfileManager'
Enter: getPropertyString(). Property name: 'profile_type_factory_class'
Exit: getPropertyString().
Enter: Helper method, createObject for class 'com.topcoder.user.profile.manager.ConfigProfileTypeFactory'
Enter: ProfileTypeFactory(String), Namespace: 'com.topcoder.user.profile.manager.SimpleUserProfileManager'
Exit: ProfileTypeFactory(String)
Enter: ConfigProfileTypeFactory(String), Namespace: 'com.topcoder.user.profile.manager.SimpleUserProfileManager'
Exit: ConfigProfileTypeFactory(String)
Exit: Helper method, createObject for class
Exit: ProfileTypeFactory(String)
Exit: XMLUserProfilePersistence(String)
Exit: Helper method, createObject for class
Exit: SimpleUserProfileManager(String)
Enter: SimpleUserProfileManager(String), Namespace: com.topcoder.user.profile.manager.SimpleUserProfileManager
Enter: getPropertyString(). Property name: 'persistence_class'
Exit: getPropertyString().
Enter: Helper method, createObject for class 'com.topcoder.user.profile.manager.persistence.XMLUserProfilePersistence'
Enter: XMLUserProfilePersistence(String), Namespace: com.topcoder.user.profile.manager.SimpleUserProfileManager
Enter: getPropertyString(). Property name: 'profile_xml_file'
Exit: getPropertyString().
Enter: XMLUserProfilePersistence.initializeFile(File), Path: D:\TC\Active\ThisWeek\AdminLogic\FR3\test_files\profiles.xml
Exit: XMLUserProfilePersistence.initializeFile(File)
Enter: ProfileTypeFactory(String), Namespace: 'com.topcoder.user.profile.manager.SimpleUserProfileManager'
Enter: getPropertyString(). Property name: 'profile_type_factory_class'
Exit: getPropertyString().
Enter: Helper method, createObject for class 'com.topcoder.user.profile.manager.ConfigProfileTypeFactory'
Enter: ProfileTypeFactory(String), Namespace: 'com.topcoder.user.profile.manager.SimpleUserProfileManager'
Exit: ProfileTypeFactory(String)
Enter: ConfigProfileTypeFactory(String), Namespace: 'com.topcoder.user.profile.manager.SimpleUserProfileManager'
Exit: ConfigProfileTypeFactory(String)
Exit: Helper method, createObject for class
Exit: ProfileTypeFactory(String)
Exit: XMLUserProfilePersistence(String)
Exit: Helper method, createObject for class
Exit: SimpleUserProfileManager(String)
Enter: SimpleUserProfileManager(String), Namespace: com.topcoder.user.profile.manager.SimpleUserProfileManager
Enter: getPropertyString(). Property name: 'persistence_class'
Exit: getPropertyString().
Enter: Helper method, createObject for class 'com.topcoder.user.profile.manager.persistence.XMLUserProfilePersistence'
Enter: XMLUserProfilePersistence(String), Namespace: com.topcoder.user.profile.manager.SimpleUserProfileManager
Enter: getPropertyString(). Property name: 'profile_xml_file'
Exit: getPropertyString().
Enter: XMLUserProfilePersistence.initializeFile(File), Path: D:\TC\Active\ThisWeek\AdminLogic\FR3\test_files\profiles.xml
Exit: XMLUserProfilePersistence.initializeFile(File)
Enter: ProfileTypeFactory(String), Namespace: 'com.topcoder.user.profile.manager.SimpleUserProfileManager'
Enter: getPropertyString(). Property name: 'profile_type_factory_class'
Exit: getPropertyString().
Enter: Helper method, createObject for class 'com.topcoder.user.profile.manager.ConfigProfileTypeFactory'
Enter: ProfileTypeFactory(String), Namespace: 'com.topcoder.user.profile.manager.SimpleUserProfileManager'
Exit: ProfileTypeFactory(String)
Enter: ConfigProfileTypeFactory(String), Namespace: 'com.topcoder.user.profile.manager.SimpleUserProfileManager'
Exit: ConfigProfileTypeFactory(String)
Exit: Helper method, createObject for class
Exit: ProfileTypeFactory(String)
Exit: XMLUserProfilePersistence(String)
Exit: Helper method, createObject for class
Exit: SimpleUserProfileManager(String)
Enter: SimpleUserProfileManager(String), Namespace: com.topcoder.user.profile.manager.SimpleUserProfileManager
Enter: getPropertyString(). Property name: 'persistence_class'
Exit: getPropertyString().
Enter: Helper method, createObject for class 'com.topcoder.user.profile.manager.persistence.XMLUserProfilePersistence'
Enter: XMLUserProfilePersistence(String), Namespace: com.topcoder.user.profile.manager.SimpleUserProfileManager
Enter: getPropertyString(). Property name: 'profile_xml_file'
Exit: getPropertyString().
Enter: XMLUserProfilePersistence.initializeFile(File), Path: D:\TC\Active\ThisWeek\AdminLogic\FR3\test_files\profiles.xml
Exit: XMLUserProfilePersistence.initializeFile(File)
Enter: ProfileTypeFactory(String), Namespace: 'com.topcoder.user.profile.manager.SimpleUserProfileManager'
Enter: getPropertyString(). Property name: 'profile_type_factory_class'
Exit: getPropertyString().
Enter: Helper method, createObject for class 'com.topcoder.user.profile.manager.ConfigProfileTypeFactory'
Enter: ProfileTypeFactory(String), Namespace: 'com.topcoder.user.profile.manager.SimpleUserProfileManager'
Exit: ProfileTypeFactory(String)
Enter: ConfigProfileTypeFactory(String), Namespace: 'com.topcoder.user.profile.manager.SimpleUserProfileManager'
Exit: ConfigProfileTypeFactory(String)
Exit: Helper method, createObject for class
Exit: ProfileTypeFactory(String)
Exit: XMLUserProfilePersistence(String)
Exit: Helper method, createObject for class
Exit: SimpleUserProfileManager(String)
Enter: SimpleUserProfileManager(String), Namespace: com.topcoder.user.profile.manager.SimpleUserProfileManager
Enter: getPropertyString(). Property name: 'persistence_class'
Exit: getPropertyString().
Enter: Helper method, createObject for class 'com.topcoder.user.profile.manager.persistence.XMLUserProfilePersistence'
Enter: XMLUserProfilePersistence(String), Namespace: com.topcoder.user.profile.manager.SimpleUserProfileManager
Enter: getPropertyString(). Property name: 'profile_xml_file'
Exit: getPropertyString().
Enter: XMLUserProfilePersistence.initializeFile(File), Path: D:\TC\Active\ThisWeek\AdminLogic\FR3\test_files\profiles.xml
Exit: XMLUserProfilePersistence.initializeFile(File)
Enter: ProfileTypeFactory(String), Namespace: 'com.topcoder.user.profile.manager.SimpleUserProfileManager'
Enter: getPropertyString(). Property name: 'profile_type_factory_class'
Exit: getPropertyString().
Enter: Helper method, createObject for class 'com.topcoder.user.profile.manager.ConfigProfileTypeFactory'
Enter: ProfileTypeFactory(String), Namespace: 'com.topcoder.user.profile.manager.SimpleUserProfileManager'
Exit: ProfileTypeFactory(String)
Enter: ConfigProfileTypeFactory(String), Namespace: 'com.topcoder.user.profile.manager.SimpleUserProfileManager'
Exit: ConfigProfileTypeFactory(String)
Exit: Helper method, createObject for class
Exit: ProfileTypeFactory(String)
Exit: XMLUserProfilePersistence(String)
Exit: Helper method, createObject for class
Exit: SimpleUserProfileManager(String)
Enter: SimpleUserProfileManager(String), Namespace: com.topcoder.user.profile.manager.SimpleUserProfileManager
Enter: getPropertyString(). Property name: 'persistence_class'
Exit: getPropertyString().
Enter: Helper method, createObject for class 'com.topcoder.user.profile.manager.persistence.XMLUserProfilePersistence'
Enter: XMLUserProfilePersistence(String), Namespace: com.topcoder.user.profile.manager.SimpleUserProfileManager
Enter: getPropertyString(). Property name: 'profile_xml_file'
Exit: getPropertyString().
Enter: XMLUserProfilePersistence.initializeFile(File), Path: D:\TC\Active\ThisWeek\AdminLogic\FR3\test_files\profiles.xml
Exit: XMLUserProfilePersistence.initializeFile(File)
Enter: ProfileTypeFactory(String), Namespace: 'com.topcoder.user.profile.manager.SimpleUserProfileManager'
Enter: getPropertyString(). Property name: 'profile_type_factory_class'
Exit: getPropertyString().
Enter: Helper method, createObject for class 'com.topcoder.user.profile.manager.ConfigProfileTypeFactory'
Enter: ProfileTypeFactory(String), Namespace: 'com.topcoder.user.profile.manager.SimpleUserProfileManager'
Exit: ProfileTypeFactory(String)
Enter: ConfigProfileTypeFactory(String), Namespace: 'com.topcoder.user.profile.manager.SimpleUserProfileManager'
Exit: ConfigProfileTypeFactory(String)
Exit: Helper method, createObject for class
Exit: ProfileTypeFactory(String)
Exit: XMLUserProfilePersistence(String)
Exit: Helper method, createObject for class
Exit: SimpleUserProfileManager(String)
Enter: SimpleUserProfileManager(String), Namespace: com.topcoder.user.profile.manager.SimpleUserProfileManager
Enter: getPropertyString(). Property name: 'persistence_class'
Exit: getPropertyString().
Enter: Helper method, createObject for class 'com.topcoder.user.profile.manager.persistence.XMLUserProfilePersistence'
Enter: XMLUserProfilePersistence(String), Namespace: com.topcoder.user.profile.manager.SimpleUserProfileManager
Enter: getPropertyString(). Property name: 'profile_xml_file'
Exit: getPropertyString().
Enter: XMLUserProfilePersistence.initializeFile(File), Path: D:\TC\Active\ThisWeek\AdminLogic\FR3\test_files\profiles.xml
Exit: XMLUserProfilePersistence.initializeFile(File)
Enter: ProfileTypeFactory(String), Namespace: 'com.topcoder.user.profile.manager.SimpleUserProfileManager'
Enter: getPropertyString(). Property name: 'profile_type_factory_class'
Exit: getPropertyString().
Enter: Helper method, createObject for class 'com.topcoder.user.profile.manager.ConfigProfileTypeFactory'
Enter: ProfileTypeFactory(String), Namespace: 'com.topcoder.user.profile.manager.SimpleUserProfileManager'
Exit: ProfileTypeFactory(String)
Enter: ConfigProfileTypeFactory(String), Namespace: 'com.topcoder.user.profile.manager.SimpleUserProfileManager'
Exit: ConfigProfileTypeFactory(String)
Exit: Helper method, createObject for class
Exit: ProfileTypeFactory(String)
Exit: XMLUserProfilePersistence(String)
Exit: Helper method, createObject for class
Exit: SimpleUserProfileManager(String)
Enter: SimpleUserProfileManager(String), Namespace: com.topcoder.user.profile.manager.SimpleUserProfileManager
Enter: getPropertyString(). Property name: 'persistence_class'
Exit: getPropertyString().
Enter: Helper method, createObject for class 'com.topcoder.user.profile.manager.persistence.XMLUserProfilePersistence'
Enter: XMLUserProfilePersistence(String), Namespace: com.topcoder.user.profile.manager.SimpleUserProfileManager
Enter: getPropertyString(). Property name: 'profile_xml_file'
Exit: getPropertyString().
Enter: XMLUserProfilePersistence.initializeFile(File), Path: D:\TC\Active\ThisWeek\AdminLogic\FR3\test_files\profiles.xml
Exit: XMLUserProfilePersistence.initializeFile(File)
Enter: ProfileTypeFactory(String), Namespace: 'com.topcoder.user.profile.manager.SimpleUserProfileManager'
Enter: getPropertyString(). Property name: 'profile_type_factory_class'
Exit: getPropertyString().
Enter: Helper method, createObject for class 'com.topcoder.user.profile.manager.ConfigProfileTypeFactory'
Enter: ProfileTypeFactory(String), Namespace: 'com.topcoder.user.profile.manager.SimpleUserProfileManager'
Exit: ProfileTypeFactory(String)
Enter: ConfigProfileTypeFactory(String), Namespace: 'com.topcoder.user.profile.manager.SimpleUserProfileManager'
Exit: ConfigProfileTypeFactory(String)
Exit: Helper method, createObject for class
Exit: ProfileTypeFactory(String)
Exit: XMLUserProfilePersistence(String)
Exit: Helper method, createObject for class
Exit: SimpleUserProfileManager(String)
Enter: SimpleUserProfileManager.getUserProfile(), profileId: 1
Enter: XMLUserProfilePersistence.retrieveProfile(long), ProfileId: 1
Enter: XMLUserProfilePersistence.getElementById(String). ID: '1'
Enter: XMLUserProfilePersistence.createProfile(Element)
Enter: getProfileType(String), Name: 'teacher'
Exit: getProfileType(String)
Enter: getProfileType(String), Name: 'employee'
Exit: getProfileType(String)
Enter: XMLUserProfilePersistence.extractText(Node)
Exit: XMLUserProfilePersistence.extractText(Node)
Enter: XMLUserProfilePersistence.extractText(Node)
Exit: XMLUserProfilePersistence.extractText(Node)
Enter: XMLUserProfilePersistence.extractText(Node)
Exit: XMLUserProfilePersistence.extractText(Node)
Enter: XMLUserProfilePersistence.extractText(Node)
Exit: XMLUserProfilePersistence.extractText(Node)
Enter: XMLUserProfilePersistence.extractText(Node)
Exit: XMLUserProfilePersistence.extractText(Node)
Enter: XMLUserProfilePersistence.extractText(Node)
Exit: XMLUserProfilePersistence.extractText(Node)
Enter: XMLUserProfilePersistence.extractText(Node)
Exit: XMLUserProfilePersistence.extractText(Node)
Enter: XMLUserProfilePersistence.extractText(Node)
Exit: XMLUserProfilePersistence.extractText(Node)
Exit: XMLUserProfilePersistence.createProfile(Element)
Exit: XMLUserProfilePersistence.retrieveProfile(long)
Exit: SimpleUserProfileManager.getUserProfile()
Enter: SimpleUserProfileManager(String), Namespace: com.topcoder.user.profile.manager.SimpleUserProfileManager
Enter: getPropertyString(). Property name: 'persistence_class'
Exit: getPropertyString().
Enter: Helper method, createObject for class 'com.topcoder.user.profile.manager.persistence.XMLUserProfilePersistence'
Enter: XMLUserProfilePersistence(String), Namespace: com.topcoder.user.profile.manager.SimpleUserProfileManager
Enter: getPropertyString(). Property name: 'profile_xml_file'
Exit: getPropertyString().
Enter: XMLUserProfilePersistence.initializeFile(File), Path: D:\TC\Active\ThisWeek\AdminLogic\FR3\test_files\profiles.xml
Exit: XMLUserProfilePersistence.initializeFile(File)
Enter: ProfileTypeFactory(String), Namespace: 'com.topcoder.user.profile.manager.SimpleUserProfileManager'
Enter: getPropertyString(). Property name: 'profile_type_factory_class'
Exit: getPropertyString().
Enter: Helper method, createObject for class 'com.topcoder.user.profile.manager.ConfigProfileTypeFactory'
Enter: ProfileTypeFactory(String), Namespace: 'com.topcoder.user.profile.manager.SimpleUserProfileManager'
Exit: ProfileTypeFactory(String)
Enter: ConfigProfileTypeFactory(String), Namespace: 'com.topcoder.user.profile.manager.SimpleUserProfileManager'
Exit: ConfigProfileTypeFactory(String)
Exit: Helper method, createObject for class
Exit: ProfileTypeFactory(String)
Exit: XMLUserProfilePersistence(String)
Exit: Helper method, createObject for class
Exit: SimpleUserProfileManager(String)
Enter: SimpleUserProfileManager(String), Namespace: com.topcoder.user.profile.manager.SimpleUserProfileManager
Enter: getPropertyString(). Property name: 'persistence_class'
Exit: getPropertyString().
Enter: Helper method, createObject for class 'com.topcoder.user.profile.manager.persistence.XMLUserProfilePersistence'
Enter: XMLUserProfilePersistence(String), Namespace: com.topcoder.user.profile.manager.SimpleUserProfileManager
Enter: getPropertyString(). Property name: 'profile_xml_file'
Exit: getPropertyString().
Enter: XMLUserProfilePersistence.initializeFile(File), Path: D:\TC\Active\ThisWeek\AdminLogic\FR3\test_files\profiles.xml
Exit: XMLUserProfilePersistence.initializeFile(File)
Enter: ProfileTypeFactory(String), Namespace: 'com.topcoder.user.profile.manager.SimpleUserProfileManager'
Enter: getPropertyString(). Property name: 'profile_type_factory_class'
Exit: getPropertyString().
Enter: Helper method, createObject for class 'com.topcoder.user.profile.manager.ConfigProfileTypeFactory'
Enter: ProfileTypeFactory(String), Namespace: 'com.topcoder.user.profile.manager.SimpleUserProfileManager'
Exit: ProfileTypeFactory(String)
Enter: ConfigProfileTypeFactory(String), Namespace: 'com.topcoder.user.profile.manager.SimpleUserProfileManager'
Exit: ConfigProfileTypeFactory(String)
Exit: Helper method, createObject for class
Exit: ProfileTypeFactory(String)
Exit: XMLUserProfilePersistence(String)
Exit: Helper method, createObject for class
Exit: SimpleUserProfileManager(String)
Enter: SimpleUserProfileManager(String), Namespace: com.topcoder.user.profile.manager.SimpleUserProfileManager
Enter: getPropertyString(). Property name: 'persistence_class'
Exit: getPropertyString().
Enter: Helper method, createObject for class 'com.topcoder.user.profile.manager.persistence.XMLUserProfilePersistence'
Enter: XMLUserProfilePersistence(String), Namespace: com.topcoder.user.profile.manager.SimpleUserProfileManager
Enter: getPropertyString(). Property name: 'profile_xml_file'
Exit: getPropertyString().
Enter: XMLUserProfilePersistence.initializeFile(File), Path: D:\TC\Active\ThisWeek\AdminLogic\FR3\test_files\profiles.xml
Exit: XMLUserProfilePersistence.initializeFile(File)
Enter: ProfileTypeFactory(String), Namespace: 'com.topcoder.user.profile.manager.SimpleUserProfileManager'
Enter: getPropertyString(). Property name: 'profile_type_factory_class'
Exit: getPropertyString().
Enter: Helper method, createObject for class 'com.topcoder.user.profile.manager.ConfigProfileTypeFactory'
Enter: ProfileTypeFactory(String), Namespace: 'com.topcoder.user.profile.manager.SimpleUserProfileManager'
Exit: ProfileTypeFactory(String)
Enter: ConfigProfileTypeFactory(String), Namespace: 'com.topcoder.user.profile.manager.SimpleUserProfileManager'
Exit: ConfigProfileTypeFactory(String)
Exit: Helper method, createObject for class
Exit: ProfileTypeFactory(String)
Exit: XMLUserProfilePersistence(String)
Exit: Helper method, createObject for class
Exit: SimpleUserProfileManager(String)
Enter: SimpleUserProfileManager(String), Namespace: com.topcoder.user.profile.manager.SimpleUserProfileManager
Enter: getPropertyString(). Property name: 'persistence_class'
Exit: getPropertyString().
Enter: Helper method, createObject for class 'com.topcoder.user.profile.manager.persistence.XMLUserProfilePersistence'
Enter: XMLUserProfilePersistence(String), Namespace: com.topcoder.user.profile.manager.SimpleUserProfileManager
Enter: getPropertyString(). Property name: 'profile_xml_file'
Exit: getPropertyString().
Enter: XMLUserProfilePersistence.initializeFile(File), Path: D:\TC\Active\ThisWeek\AdminLogic\FR3\test_files\profiles.xml
Exit: XMLUserProfilePersistence.initializeFile(File)
Enter: ProfileTypeFactory(String), Namespace: 'com.topcoder.user.profile.manager.SimpleUserProfileManager'
Enter: getPropertyString(). Property name: 'profile_type_factory_class'
Exit: getPropertyString().
Enter: Helper method, createObject for class 'com.topcoder.user.profile.manager.ConfigProfileTypeFactory'
Enter: ProfileTypeFactory(String), Namespace: 'com.topcoder.user.profile.manager.SimpleUserProfileManager'
Exit: ProfileTypeFactory(String)
Enter: ConfigProfileTypeFactory(String), Namespace: 'com.topcoder.user.profile.manager.SimpleUserProfileManager'
Exit: ConfigProfileTypeFactory(String)
Exit: Helper method, createObject for class
Exit: ProfileTypeFactory(String)
Exit: XMLUserProfilePersistence(String)
Exit: Helper method, createObject for class
Exit: SimpleUserProfileManager(String)
Enter: SimpleUserProfileManager(String), Namespace: com.topcoder.user.profile.manager.SimpleUserProfileManager
Enter: getPropertyString(). Property name: 'persistence_class'
Exit: getPropertyString().
Enter: Helper method, createObject for class 'com.topcoder.user.profile.manager.persistence.XMLUserProfilePersistence'
Enter: XMLUserProfilePersistence(String), Namespace: com.topcoder.user.profile.manager.SimpleUserProfileManager
Enter: getPropertyString(). Property name: 'profile_xml_file'
Exit: getPropertyString().
Enter: XMLUserProfilePersistence.initializeFile(File), Path: D:\TC\Active\ThisWeek\AdminLogic\FR3\test_files\profiles.xml
Exit: XMLUserProfilePersistence.initializeFile(File)
Enter: ProfileTypeFactory(String), Namespace: 'com.topcoder.user.profile.manager.SimpleUserProfileManager'
Enter: getPropertyString(). Property name: 'profile_type_factory_class'
Exit: getPropertyString().
Enter: Helper method, createObject for class 'com.topcoder.user.profile.manager.ConfigProfileTypeFactory'
Enter: ProfileTypeFactory(String), Namespace: 'com.topcoder.user.profile.manager.SimpleUserProfileManager'
Exit: ProfileTypeFactory(String)
Enter: ConfigProfileTypeFactory(String), Namespace: 'com.topcoder.user.profile.manager.SimpleUserProfileManager'
Exit: ConfigProfileTypeFactory(String)
Exit: Helper method, createObject for class
Exit: ProfileTypeFactory(String)
Exit: XMLUserProfilePersistence(String)
Exit: Helper method, createObject for class
Exit: SimpleUserProfileManager(String)
Enter: SimpleUserProfileManager(String), Namespace: com.topcoder.user.profile.manager.SimpleUserProfileManager
Enter: getPropertyString(). Property name: 'persistence_class'
Exit: getPropertyString().
Enter: Helper method, createObject for class 'com.topcoder.user.profile.manager.persistence.XMLUserProfilePersistence'
Enter: XMLUserProfilePersistence(String), Namespace: com.topcoder.user.profile.manager.SimpleUserProfileManager
Enter: getPropertyString(). Property name: 'profile_xml_file'
Exit: getPropertyString().
Enter: XMLUserProfilePersistence.initializeFile(File), Path: D:\TC\Active\ThisWeek\AdminLogic\FR3\test_files\profiles.xml
Exit: XMLUserProfilePersistence.initializeFile(File)
Enter: ProfileTypeFactory(String), Namespace: 'com.topcoder.user.profile.manager.SimpleUserProfileManager'
Enter: getPropertyString(). Property name: 'profile_type_factory_class'
Exit: getPropertyString().
Enter: Helper method, createObject for class 'com.topcoder.user.profile.manager.ConfigProfileTypeFactory'
Enter: ProfileTypeFactory(String), Namespace: 'com.topcoder.user.profile.manager.SimpleUserProfileManager'
Exit: ProfileTypeFactory(String)
Enter: ConfigProfileTypeFactory(String), Namespace: 'com.topcoder.user.profile.manager.SimpleUserProfileManager'
Exit: ConfigProfileTypeFactory(String)
Exit: Helper method, createObject for class
Exit: ProfileTypeFactory(String)
Exit: XMLUserProfilePersistence(String)
Exit: Helper method, createObject for class
Exit: SimpleUserProfileManager(String)
Enter: SimpleUserProfileManager(String), Namespace: com.topcoder.user.profile.manager.SimpleUserProfileManager
Enter: getPropertyString(). Property name: 'persistence_class'
Exit: getPropertyString().
Enter: Helper method, createObject for class 'com.topcoder.user.profile.manager.persistence.XMLUserProfilePersistence'
Enter: XMLUserProfilePersistence(String), Namespace: com.topcoder.user.profile.manager.SimpleUserProfileManager
Enter: getPropertyString(). Property name: 'profile_xml_file'
Exit: getPropertyString().
Enter: XMLUserProfilePersistence.initializeFile(File), Path: D:\TC\Active\ThisWeek\AdminLogic\FR3\test_files\profiles.xml
Exit: XMLUserProfilePersistence.initializeFile(File)
Enter: ProfileTypeFactory(String), Namespace: 'com.topcoder.user.profile.manager.SimpleUserProfileManager'
Enter: getPropertyString(). Property name: 'profile_type_factory_class'
Exit: getPropertyString().
Enter: Helper method, createObject for class 'com.topcoder.user.profile.manager.ConfigProfileTypeFactory'
Enter: ProfileTypeFactory(String), Namespace: 'com.topcoder.user.profile.manager.SimpleUserProfileManager'
Exit: ProfileTypeFactory(String)
Enter: ConfigProfileTypeFactory(String), Namespace: 'com.topcoder.user.profile.manager.SimpleUserProfileManager'
Exit: ConfigProfileTypeFactory(String)
Exit: Helper method, createObject for class
Exit: ProfileTypeFactory(String)
Exit: XMLUserProfilePersistence(String)
Exit: Helper method, createObject for class
Exit: SimpleUserProfileManager(String)
Enter: SimpleUserProfileManager.searchUserProfiles()
Enter: XMLUserProfilePersistence.findProfiles(Map)
Enter: XMLUserProfilePersistence.getMatchProfiles(Map).
Enter: XMLUserProfilePersistence.extractText(Node)
Exit: XMLUserProfilePersistence.extractText(Node)
Enter: XMLUserProfilePersistence.extractText(Node)
Exit: XMLUserProfilePersistence.extractText(Node)
Enter: XMLUserProfilePersistence.extractText(Node)
Exit: XMLUserProfilePersistence.extractText(Node)
Enter: XMLUserProfilePersistence.extractText(Node)
Exit: XMLUserProfilePersistence.extractText(Node)
Enter: XMLUserProfilePersistence.extractText(Node)
Exit: XMLUserProfilePersistence.extractText(Node)
Enter: XMLUserProfilePersistence.extractText(Node)
Exit: XMLUserProfilePersistence.extractText(Node)
Enter: XMLUserProfilePersistence.extractText(Node)
Exit: XMLUserProfilePersistence.extractText(Node)
Enter: XMLUserProfilePersistence.extractText(Node)
Exit: XMLUserProfilePersistence.extractText(Node)
Enter: XMLUserProfilePersistence.extractText(Node)
Exit: XMLUserProfilePersistence.extractText(Node)
Enter: XMLUserProfilePersistence.extractText(Node)
Exit: XMLUserProfilePersistence.extractText(Node)
Enter: XMLUserProfilePersistence.extractText(Node)
Exit: XMLUserProfilePersistence.extractText(Node)
Enter: XMLUserProfilePersistence.extractText(Node)
Exit: XMLUserProfilePersistence.extractText(Node)
Enter: XMLUserProfilePersistence.extractText(Node)
Exit: XMLUserProfilePersistence.extractText(Node)
Enter: XMLUserProfilePersistence.extractText(Node)
Exit: XMLUserProfilePersistence.extractText(Node)
Enter: XMLUserProfilePersistence.extractText(Node)
Exit: XMLUserProfilePersistence.extractText(Node)
Enter: XMLUserProfilePersistence.extractText(Node)
Exit: XMLUserProfilePersistence.extractText(Node)
Enter: XMLUserProfilePersistence.extractText(Node)
Exit: XMLUserProfilePersistence.extractText(Node)
Enter: XMLUserProfilePersistence.extractText(Node)
Exit: XMLUserProfilePersistence.extractText(Node)
Enter: XMLUserProfilePersistence.extractText(Node)
Exit: XMLUserProfilePersistence.extractText(Node)
Enter: XMLUserProfilePersistence.extractText(Node)
Exit: XMLUserProfilePersistence.extractText(Node)
Exit: XMLUserProfilePersistence.getMatchProfiles(Map).
Exit: XMLUserProfilePersistence.findProfiles(Map)
Exit: SimpleUserProfileManager.searchUserProfiles()
Enter: SimpleUserProfileManager(String), Namespace: com.topcoder.user.profile.manager.SimpleUserProfileManager
Enter: getPropertyString(). Property name: 'persistence_class'
Exit: getPropertyString().
Enter: Helper method, createObject for class 'com.topcoder.user.profile.manager.persistence.XMLUserProfilePersistence'
Enter: XMLUserProfilePersistence(String), Namespace: com.topcoder.user.profile.manager.SimpleUserProfileManager
Enter: getPropertyString(). Property name: 'profile_xml_file'
Exit: getPropertyString().
Enter: XMLUserProfilePersistence.initializeFile(File), Path: D:\TC\Active\ThisWeek\AdminLogic\FR3\test_files\profiles.xml
Exit: XMLUserProfilePersistence.initializeFile(File)
Enter: ProfileTypeFactory(String), Namespace: 'com.topcoder.user.profile.manager.SimpleUserProfileManager'
Enter: getPropertyString(). Property name: 'profile_type_factory_class'
Exit: getPropertyString().
Enter: Helper method, createObject for class 'com.topcoder.user.profile.manager.ConfigProfileTypeFactory'
Enter: ProfileTypeFactory(String), Namespace: 'com.topcoder.user.profile.manager.SimpleUserProfileManager'
Exit: ProfileTypeFactory(String)
Enter: ConfigProfileTypeFactory(String), Namespace: 'com.topcoder.user.profile.manager.SimpleUserProfileManager'
Exit: ConfigProfileTypeFactory(String)
Exit: Helper method, createObject for class
Exit: ProfileTypeFactory(String)
Exit: XMLUserProfilePersistence(String)
Exit: Helper method, createObject for class
Exit: SimpleUserProfileManager(String)
Enter: SimpleUserProfileManager(String), Namespace: com.topcoder.user.profile.manager.SimpleUserProfileManager
Enter: getPropertyString(). Property name: 'persistence_class'
Exit: getPropertyString().
Enter: Helper method, createObject for class 'com.topcoder.user.profile.manager.persistence.XMLUserProfilePersistence'
Enter: XMLUserProfilePersistence(String), Namespace: com.topcoder.user.profile.manager.SimpleUserProfileManager
Enter: getPropertyString(). Property name: 'profile_xml_file'
Exit: getPropertyString().
Enter: XMLUserProfilePersistence.initializeFile(File), Path: D:\TC\Active\ThisWeek\AdminLogic\FR3\test_files\profiles.xml
Exit: XMLUserProfilePersistence.initializeFile(File)
Enter: ProfileTypeFactory(String), Namespace: 'com.topcoder.user.profile.manager.SimpleUserProfileManager'
Enter: getPropertyString(). Property name: 'profile_type_factory_class'
Exit: getPropertyString().
Enter: Helper method, createObject for class 'com.topcoder.user.profile.manager.ConfigProfileTypeFactory'
Enter: ProfileTypeFactory(String), Namespace: 'com.topcoder.user.profile.manager.SimpleUserProfileManager'
Exit: ProfileTypeFactory(String)
Enter: ConfigProfileTypeFactory(String), Namespace: 'com.topcoder.user.profile.manager.SimpleUserProfileManager'
Exit: ConfigProfileTypeFactory(String)
Exit: Helper method, createObject for class
Exit: ProfileTypeFactory(String)
Exit: XMLUserProfilePersistence(String)
Exit: Helper method, createObject for class
Exit: SimpleUserProfileManager(String)
Enter: SimpleUserProfileManager(String), Namespace: com.topcoder.user.profile.manager.SimpleUserProfileManager
Enter: getPropertyString(). Property name: 'persistence_class'
Exit: getPropertyString().
Enter: Helper method, createObject for class 'com.topcoder.user.profile.manager.persistence.XMLUserProfilePersistence'
Enter: XMLUserProfilePersistence(String), Namespace: com.topcoder.user.profile.manager.SimpleUserProfileManager
Enter: getPropertyString(). Property name: 'profile_xml_file'
Exit: getPropertyString().
Enter: XMLUserProfilePersistence.initializeFile(File), Path: D:\TC\Active\ThisWeek\AdminLogic\FR3\test_files\profiles.xml
Exit: XMLUserProfilePersistence.initializeFile(File)
Enter: ProfileTypeFactory(String), Namespace: 'com.topcoder.user.profile.manager.SimpleUserProfileManager'
Enter: getPropertyString(). Property name: 'profile_type_factory_class'
Exit: getPropertyString().
Enter: Helper method, createObject for class 'com.topcoder.user.profile.manager.ConfigProfileTypeFactory'
Enter: ProfileTypeFactory(String), Namespace: 'com.topcoder.user.profile.manager.SimpleUserProfileManager'
Exit: ProfileTypeFactory(String)
Enter: ConfigProfileTypeFactory(String), Namespace: 'com.topcoder.user.profile.manager.SimpleUserProfileManager'
Exit: ConfigProfileTypeFactory(String)
Exit: Helper method, createObject for class
Exit: ProfileTypeFactory(String)
Exit: XMLUserProfilePersistence(String)
Exit: Helper method, createObject for class
Exit: SimpleUserProfileManager(String)
Enter: SimpleUserProfileManager(String), Namespace: com.topcoder.user.profile.manager.SimpleUserProfileManager
Enter: getPropertyString(). Property name: 'persistence_class'
Exit: getPropertyString().
Enter: Helper method, createObject for class 'com.topcoder.user.profile.manager.persistence.XMLUserProfilePersistence'
Enter: XMLUserProfilePersistence(String), Namespace: com.topcoder.user.profile.manager.SimpleUserProfileManager
Enter: getPropertyString(). Property name: 'profile_xml_file'
Exit: getPropertyString().
Enter: XMLUserProfilePersistence.initializeFile(File), Path: D:\TC\Active\ThisWeek\AdminLogic\FR3\test_files\profiles.xml
Exit: XMLUserProfilePersistence.initializeFile(File)
Enter: ProfileTypeFactory(String), Namespace: 'com.topcoder.user.profile.manager.SimpleUserProfileManager'
Enter: getPropertyString(). Property name: 'profile_type_factory_class'
Exit: getPropertyString().
Enter: Helper method, createObject for class 'com.topcoder.user.profile.manager.ConfigProfileTypeFactory'
Enter: ProfileTypeFactory(String), Namespace: 'com.topcoder.user.profile.manager.SimpleUserProfileManager'
Exit: ProfileTypeFactory(String)
Enter: ConfigProfileTypeFactory(String), Namespace: 'com.topcoder.user.profile.manager.SimpleUserProfileManager'
Exit: ConfigProfileTypeFactory(String)
Exit: Helper method, createObject for class
Exit: ProfileTypeFactory(String)
Exit: XMLUserProfilePersistence(String)
Exit: Helper method, createObject for class
Exit: SimpleUserProfileManager(String)
Enter: SimpleUserProfileManager(String), Namespace: com.topcoder.user.profile.manager.SimpleUserProfileManager
Enter: getPropertyString(). Property name: 'persistence_class'
Exit: getPropertyString().
Enter: Helper method, createObject for class 'com.topcoder.user.profile.manager.persistence.XMLUserProfilePersistence'
Enter: XMLUserProfilePersistence(String), Namespace: com.topcoder.user.profile.manager.SimpleUserProfileManager
Enter: getPropertyString(). Property name: 'profile_xml_file'
Exit: getPropertyString().
Enter: XMLUserProfilePersistence.initializeFile(File), Path: D:\TC\Active\ThisWeek\AdminLogic\FR3\test_files\profiles.xml
Exit: XMLUserProfilePersistence.initializeFile(File)
Enter: ProfileTypeFactory(String), Namespace: 'com.topcoder.user.profile.manager.SimpleUserProfileManager'
Enter: getPropertyString(). Property name: 'profile_type_factory_class'
Exit: getPropertyString().
Enter: Helper method, createObject for class 'com.topcoder.user.profile.manager.ConfigProfileTypeFactory'
Enter: ProfileTypeFactory(String), Namespace: 'com.topcoder.user.profile.manager.SimpleUserProfileManager'
Exit: ProfileTypeFactory(String)
Enter: ConfigProfileTypeFactory(String), Namespace: 'com.topcoder.user.profile.manager.SimpleUserProfileManager'
Exit: ConfigProfileTypeFactory(String)
Exit: Helper method, createObject for class
Exit: ProfileTypeFactory(String)
Exit: XMLUserProfilePersistence(String)
Exit: Helper method, createObject for class
Exit: SimpleUserProfileManager(String)
Enter: SimpleUserProfileManager.getUserProfile(), profileId: 1
Enter: XMLUserProfilePersistence.retrieveProfile(long), ProfileId: 1
Enter: XMLUserProfilePersistence.getElementById(String). ID: '1'
Enter: XMLUserProfilePersistence.createProfile(Element)
Enter: getProfileType(String), Name: 'teacher'
Exit: getProfileType(String)
Enter: getProfileType(String), Name: 'employee'
Exit: getProfileType(String)
Enter: XMLUserProfilePersistence.extractText(Node)
Exit: XMLUserProfilePersistence.extractText(Node)
Enter: XMLUserProfilePersistence.extractText(Node)
Exit: XMLUserProfilePersistence.extractText(Node)
Enter: XMLUserProfilePersistence.extractText(Node)
Exit: XMLUserProfilePersistence.extractText(Node)
Enter: XMLUserProfilePersistence.extractText(Node)
Exit: XMLUserProfilePersistence.extractText(Node)
Enter: XMLUserProfilePersistence.extractText(Node)
Exit: XMLUserProfilePersistence.extractText(Node)
Enter: XMLUserProfilePersistence.extractText(Node)
Exit: XMLUserProfilePersistence.extractText(Node)
Enter: XMLUserProfilePersistence.extractText(Node)
Exit: XMLUserProfilePersistence.extractText(Node)
Enter: XMLUserProfilePersistence.extractText(Node)
Exit: XMLUserProfilePersistence.extractText(Node)
Exit: XMLUserProfilePersistence.createProfile(Element)
Exit: XMLUserProfilePersistence.retrieveProfile(long)
Exit: SimpleUserProfileManager.getUserProfile()
Enter: SimpleUserProfileManager.updateUserProfile()
Enter: XMLUserProfilePersistence.updateProfile(UserProfile), ProfileId: 1
Enter: XMLUserProfilePersistence.getElementById(String). ID: '1'
Enter: XMLUserProfilePersistence.createElement(UserProfile), ProfileId: 1
Exit: XMLUserProfilePersistence.createElement(UserProfile)
Exit: XMLUserProfilePersistence.updateProfile(UserProfile).
Exit: SimpleUserProfileManager.updateUserProfile()
Enter: SimpleUserProfileManager(String), Namespace: com.topcoder.user.profile.manager.SimpleUserProfileManager
Enter: getPropertyString(). Property name: 'persistence_class'
Exit: getPropertyString().
Enter: Helper method, createObject for class 'com.topcoder.user.profile.manager.persistence.XMLUserProfilePersistence'
Enter: XMLUserProfilePersistence(String), Namespace: com.topcoder.user.profile.manager.SimpleUserProfileManager
Enter: getPropertyString(). Property name: 'profile_xml_file'
Exit: getPropertyString().
Enter: XMLUserProfilePersistence.initializeFile(File), Path: D:\TC\Active\ThisWeek\AdminLogic\FR3\test_files\profiles.xml
Exit: XMLUserProfilePersistence.initializeFile(File)
Enter: ProfileTypeFactory(String), Namespace: 'com.topcoder.user.profile.manager.SimpleUserProfileManager'
Enter: getPropertyString(). Property name: 'profile_type_factory_class'
Exit: getPropertyString().
Enter: Helper method, createObject for class 'com.topcoder.user.profile.manager.ConfigProfileTypeFactory'
Enter: ProfileTypeFactory(String), Namespace: 'com.topcoder.user.profile.manager.SimpleUserProfileManager'
Exit: ProfileTypeFactory(String)
Enter: ConfigProfileTypeFactory(String), Namespace: 'com.topcoder.user.profile.manager.SimpleUserProfileManager'
Exit: ConfigProfileTypeFactory(String)
Exit: Helper method, createObject for class
Exit: ProfileTypeFactory(String)
Exit: XMLUserProfilePersistence(String)
Exit: Helper method, createObject for class
Exit: SimpleUserProfileManager(String)
Enter: SimpleUserProfileManager(String), Namespace: com.topcoder.user.profile.manager.SimpleUserProfileManager
Enter: getPropertyString(). Property name: 'persistence_class'
Exit: getPropertyString().
Enter: Helper method, createObject for class 'com.topcoder.user.profile.manager.persistence.XMLUserProfilePersistence'
Enter: XMLUserProfilePersistence(String), Namespace: com.topcoder.user.profile.manager.SimpleUserProfileManager
Enter: getPropertyString(). Property name: 'profile_xml_file'
Exit: getPropertyString().
Enter: XMLUserProfilePersistence.initializeFile(File), Path: D:\TC\Active\ThisWeek\AdminLogic\FR3\test_files\profiles.xml
Exit: XMLUserProfilePersistence.initializeFile(File)
Enter: ProfileTypeFactory(String), Namespace: 'com.topcoder.user.profile.manager.SimpleUserProfileManager'
Enter: getPropertyString(). Property name: 'profile_type_factory_class'
Exit: getPropertyString().
Enter: Helper method, createObject for class 'com.topcoder.user.profile.manager.ConfigProfileTypeFactory'
Enter: ProfileTypeFactory(String), Namespace: 'com.topcoder.user.profile.manager.SimpleUserProfileManager'
Exit: ProfileTypeFactory(String)
Enter: ConfigProfileTypeFactory(String), Namespace: 'com.topcoder.user.profile.manager.SimpleUserProfileManager'
Exit: ConfigProfileTypeFactory(String)
Exit: Helper method, createObject for class
Exit: ProfileTypeFactory(String)
Exit: XMLUserProfilePersistence(String)
Exit: Helper method, createObject for class
Exit: SimpleUserProfileManager(String)
Enter: SimpleUserProfileManager(String), Namespace: com.topcoder.user.profile.manager.SimpleUserProfileManager
Enter: getPropertyString(). Property name: 'persistence_class'
Exit: getPropertyString().
Enter: Helper method, createObject for class 'com.topcoder.user.profile.manager.persistence.XMLUserProfilePersistence'
Enter: XMLUserProfilePersistence(String), Namespace: com.topcoder.user.profile.manager.SimpleUserProfileManager
Enter: getPropertyString(). Property name: 'profile_xml_file'
Exit: getPropertyString().
Enter: XMLUserProfilePersistence.initializeFile(File), Path: D:\TC\Active\ThisWeek\AdminLogic\FR3\test_files\profiles.xml
Exit: XMLUserProfilePersistence.initializeFile(File)
Enter: ProfileTypeFactory(String), Namespace: 'com.topcoder.user.profile.manager.SimpleUserProfileManager'
Enter: getPropertyString(). Property name: 'profile_type_factory_class'
Exit: getPropertyString().
Enter: Helper method, createObject for class 'com.topcoder.user.profile.manager.ConfigProfileTypeFactory'
Enter: ProfileTypeFactory(String), Namespace: 'com.topcoder.user.profile.manager.SimpleUserProfileManager'
Exit: ProfileTypeFactory(String)
Enter: ConfigProfileTypeFactory(String), Namespace: 'com.topcoder.user.profile.manager.SimpleUserProfileManager'
Exit: ConfigProfileTypeFactory(String)
Exit: Helper method, createObject for class
Exit: ProfileTypeFactory(String)
Exit: XMLUserProfilePersistence(String)
Exit: Helper method, createObject for class
Exit: SimpleUserProfileManager(String)
Enter: SimpleUserProfileManager(String), Namespace: com.topcoder.user.profile.manager.SimpleUserProfileManager
Enter: getPropertyString(). Property name: 'persistence_class'
Exit: getPropertyString().
Enter: Helper method, createObject for class 'com.topcoder.user.profile.manager.persistence.XMLUserProfilePersistence'
Enter: XMLUserProfilePersistence(String), Namespace: com.topcoder.user.profile.manager.SimpleUserProfileManager
Enter: getPropertyString(). Property name: 'profile_xml_file'
Exit: getPropertyString().
Enter: XMLUserProfilePersistence.initializeFile(File), Path: D:\TC\Active\ThisWeek\AdminLogic\FR3\test_files\profiles.xml
Exit: XMLUserProfilePersistence.initializeFile(File)
Enter: ProfileTypeFactory(String), Namespace: 'com.topcoder.user.profile.manager.SimpleUserProfileManager'
Enter: getPropertyString(). Property name: 'profile_type_factory_class'
Exit: getPropertyString().
Enter: Helper method, createObject for class 'com.topcoder.user.profile.manager.ConfigProfileTypeFactory'
Enter: ProfileTypeFactory(String), Namespace: 'com.topcoder.user.profile.manager.SimpleUserProfileManager'
Exit: ProfileTypeFactory(String)
Enter: ConfigProfileTypeFactory(String), Namespace: 'com.topcoder.user.profile.manager.SimpleUserProfileManager'
Exit: ConfigProfileTypeFactory(String)
Exit: Helper method, createObject for class
Exit: ProfileTypeFactory(String)
Exit: XMLUserProfilePersistence(String)
Exit: Helper method, createObject for class
Exit: SimpleUserProfileManager(String)
Enter: SimpleUserProfileManager(String), Namespace: com.topcoder.user.profile.manager.SimpleUserProfileManager
Enter: getPropertyString(). Property name: 'persistence_class'
Exit: getPropertyString().
Enter: Helper method, createObject for class 'com.topcoder.user.profile.manager.persistence.XMLUserProfilePersistence'
Enter: XMLUserProfilePersistence(String), Namespace: com.topcoder.user.profile.manager.SimpleUserProfileManager
Enter: getPropertyString(). Property name: 'profile_xml_file'
Exit: getPropertyString().
Enter: XMLUserProfilePersistence.initializeFile(File), Path: D:\TC\Active\ThisWeek\AdminLogic\FR3\test_files\profiles.xml
Exit: XMLUserProfilePersistence.initializeFile(File)
Enter: ProfileTypeFactory(String), Namespace: 'com.topcoder.user.profile.manager.SimpleUserProfileManager'
Enter: getPropertyString(). Property name: 'profile_type_factory_class'
Exit: getPropertyString().
Enter: Helper method, createObject for class 'com.topcoder.user.profile.manager.ConfigProfileTypeFactory'
Enter: ProfileTypeFactory(String), Namespace: 'com.topcoder.user.profile.manager.SimpleUserProfileManager'
Exit: ProfileTypeFactory(String)
Enter: ConfigProfileTypeFactory(String), Namespace: 'com.topcoder.user.profile.manager.SimpleUserProfileManager'
Exit: ConfigProfileTypeFactory(String)
Exit: Helper method, createObject for class
Exit: ProfileTypeFactory(String)
Exit: XMLUserProfilePersistence(String)
Exit: Helper method, createObject for class
Exit: SimpleUserProfileManager(String)
Enter: SimpleUserProfileManager(String), Namespace: com.topcoder.user.profile.manager.SimpleUserProfileManager
Enter: getPropertyString(). Property name: 'persistence_class'
Exit: getPropertyString().
Enter: Helper method, createObject for class 'com.topcoder.user.profile.manager.persistence.XMLUserProfilePersistence'
Enter: XMLUserProfilePersistence(String), Namespace: com.topcoder.user.profile.manager.SimpleUserProfileManager
Enter: getPropertyString(). Property name: 'profile_xml_file'
Exit: getPropertyString().
Enter: XMLUserProfilePersistence.initializeFile(File), Path: D:\TC\Active\ThisWeek\AdminLogic\FR3\test_files\profiles.xml
Exit: XMLUserProfilePersistence.initializeFile(File)
Enter: ProfileTypeFactory(String), Namespace: 'com.topcoder.user.profile.manager.SimpleUserProfileManager'
Enter: getPropertyString(). Property name: 'profile_type_factory_class'
Exit: getPropertyString().
Enter: Helper method, createObject for class 'com.topcoder.user.profile.manager.ConfigProfileTypeFactory'
Enter: ProfileTypeFactory(String), Namespace: 'com.topcoder.user.profile.manager.SimpleUserProfileManager'
Exit: ProfileTypeFactory(String)
Enter: ConfigProfileTypeFactory(String), Namespace: 'com.topcoder.user.profile.manager.SimpleUserProfileManager'
Exit: ConfigProfileTypeFactory(String)
Exit: Helper method, createObject for class
Exit: ProfileTypeFactory(String)
Exit: XMLUserProfilePersistence(String)
Exit: Helper method, createObject for class
Exit: SimpleUserProfileManager(String)
Enter: SimpleUserProfileManager(String), Namespace: com.topcoder.user.profile.manager.SimpleUserProfileManager
Enter: getPropertyString(). Property name: 'persistence_class'
Exit: getPropertyString().
Enter: Helper method, createObject for class 'com.topcoder.user.profile.manager.persistence.XMLUserProfilePersistence'
Enter: XMLUserProfilePersistence(String), Namespace: com.topcoder.user.profile.manager.SimpleUserProfileManager
Enter: getPropertyString(). Property name: 'profile_xml_file'
Exit: getPropertyString().
Enter: XMLUserProfilePersistence.initializeFile(File), Path: D:\TC\Active\ThisWeek\AdminLogic\FR3\test_files\profiles.xml
Exit: XMLUserProfilePersistence.initializeFile(File)
Enter: ProfileTypeFactory(String), Namespace: 'com.topcoder.user.profile.manager.SimpleUserProfileManager'
Enter: getPropertyString(). Property name: 'profile_type_factory_class'
Exit: getPropertyString().
Enter: Helper method, createObject for class 'com.topcoder.user.profile.manager.ConfigProfileTypeFactory'
Enter: ProfileTypeFactory(String), Namespace: 'com.topcoder.user.profile.manager.SimpleUserProfileManager'
Exit: ProfileTypeFactory(String)
Enter: ConfigProfileTypeFactory(String), Namespace: 'com.topcoder.user.profile.manager.SimpleUserProfileManager'
Exit: ConfigProfileTypeFactory(String)
Exit: Helper method, createObject for class
Exit: ProfileTypeFactory(String)
Exit: XMLUserProfilePersistence(String)
Exit: Helper method, createObject for class
Exit: SimpleUserProfileManager(String)
Enter: SimpleUserProfileManager(String), Namespace: com.topcoder.user.profile.manager.SimpleUserProfileManager
Enter: getPropertyString(). Property name: 'persistence_class'
Exit: getPropertyString().
Enter: Helper method, createObject for class 'com.topcoder.user.profile.manager.persistence.XMLUserProfilePersistence'
Enter: XMLUserProfilePersistence(String), Namespace: com.topcoder.user.profile.manager.SimpleUserProfileManager
Enter: getPropertyString(). Property name: 'profile_xml_file'
Exit: getPropertyString().
Enter: XMLUserProfilePersistence.initializeFile(File), Path: D:\TC\Active\ThisWeek\AdminLogic\FR3\test_files\profiles.xml
Exit: XMLUserProfilePersistence.initializeFile(File)
Enter: ProfileTypeFactory(String), Namespace: 'com.topcoder.user.profile.manager.SimpleUserProfileManager'
Enter: getPropertyString(). Property name: 'profile_type_factory_class'
Exit: getPropertyString().
Enter: Helper method, createObject for class 'com.topcoder.user.profile.manager.ConfigProfileTypeFactory'
Enter: ProfileTypeFactory(String), Namespace: 'com.topcoder.user.profile.manager.SimpleUserProfileManager'
Exit: ProfileTypeFactory(String)
Enter: ConfigProfileTypeFactory(String), Namespace: 'com.topcoder.user.profile.manager.SimpleUserProfileManager'
Exit: ConfigProfileTypeFactory(String)
Exit: Helper method, createObject for class
Exit: ProfileTypeFactory(String)
Exit: XMLUserProfilePersistence(String)
Exit: Helper method, createObject for class
Exit: SimpleUserProfileManager(String)
Enter: SimpleUserProfileManager(String), Namespace: com.topcoder.user.profile.manager.SimpleUserProfileManager
Enter: getPropertyString(). Property name: 'persistence_class'
Exit: getPropertyString().
Enter: Helper method, createObject for class 'com.topcoder.user.profile.manager.persistence.XMLUserProfilePersistence'
Enter: XMLUserProfilePersistence(String), Namespace: com.topcoder.user.profile.manager.SimpleUserProfileManager
Enter: getPropertyString(). Property name: 'profile_xml_file'
Exit: getPropertyString().
Enter: XMLUserProfilePersistence.initializeFile(File), Path: D:\TC\Active\ThisWeek\AdminLogic\FR3\test_files\profiles.xml
Exit: XMLUserProfilePersistence.initializeFile(File)
Enter: ProfileTypeFactory(String), Namespace: 'com.topcoder.user.profile.manager.SimpleUserProfileManager'
Enter: getPropertyString(). Property name: 'profile_type_factory_class'
Exit: getPropertyString().
Enter: Helper method, createObject for class 'com.topcoder.user.profile.manager.ConfigProfileTypeFactory'
Enter: ProfileTypeFactory(String), Namespace: 'com.topcoder.user.profile.manager.SimpleUserProfileManager'
Exit: ProfileTypeFactory(String)
Enter: ConfigProfileTypeFactory(String), Namespace: 'com.topcoder.user.profile.manager.SimpleUserProfileManager'
Exit: ConfigProfileTypeFactory(String)
Exit: Helper method, createObject for class
Exit: ProfileTypeFactory(String)
Exit: XMLUserProfilePersistence(String)
Exit: Helper method, createObject for class
Exit: SimpleUserProfileManager(String)
Enter: SimpleUserProfileManager.getUserProfile(), profileId: 1
Enter: XMLUserProfilePersistence.retrieveProfile(long), ProfileId: 1
Enter: XMLUserProfilePersistence.getElementById(String). ID: '1'
Enter: XMLUserProfilePersistence.createProfile(Element)
Enter: getProfileType(String), Name: 'teacher'
Exit: getProfileType(String)
Enter: getProfileType(String), Name: 'employee'
Exit: getProfileType(String)
Enter: XMLUserProfilePersistence.extractText(Node)
Exit: XMLUserProfilePersistence.extractText(Node)
Enter: XMLUserProfilePersistence.extractText(Node)
Exit: XMLUserProfilePersistence.extractText(Node)
Enter: XMLUserProfilePersistence.extractText(Node)
Exit: XMLUserProfilePersistence.extractText(Node)
Enter: XMLUserProfilePersistence.extractText(Node)
Exit: XMLUserProfilePersistence.extractText(Node)
Enter: XMLUserProfilePersistence.extractText(Node)
Exit: XMLUserProfilePersistence.extractText(Node)
Enter: XMLUserProfilePersistence.extractText(Node)
Exit: XMLUserProfilePersistence.extractText(Node)
Enter: XMLUserProfilePersistence.extractText(Node)
Exit: XMLUserProfilePersistence.extractText(Node)
Enter: XMLUserProfilePersistence.extractText(Node)
Exit: XMLUserProfilePersistence.extractText(Node)
Exit: XMLUserProfilePersistence.createProfile(Element)
Exit: XMLUserProfilePersistence.retrieveProfile(long)
Exit: SimpleUserProfileManager.getUserProfile()
Enter: SimpleUserProfileManager(String), Namespace: com.topcoder.user.profile.manager.SimpleUserProfileManager
Enter: getPropertyString(). Property name: 'persistence_class'
Exit: getPropertyString().
Enter: Helper method, createObject for class 'com.topcoder.user.profile.manager.persistence.XMLUserProfilePersistence'
Enter: XMLUserProfilePersistence(String), Namespace: com.topcoder.user.profile.manager.SimpleUserProfileManager
Enter: getPropertyString(). Property name: 'profile_xml_file'
Exit: getPropertyString().
Enter: XMLUserProfilePersistence.initializeFile(File), Path: D:\TC\Active\ThisWeek\AdminLogic\FR3\test_files\profiles.xml
Exit: XMLUserProfilePersistence.initializeFile(File)
Enter: ProfileTypeFactory(String), Namespace: 'com.topcoder.user.profile.manager.SimpleUserProfileManager'
Enter: getPropertyString(). Property name: 'profile_type_factory_class'
Exit: getPropertyString().
Enter: Helper method, createObject for class 'com.topcoder.user.profile.manager.ConfigProfileTypeFactory'
Enter: ProfileTypeFactory(String), Namespace: 'com.topcoder.user.profile.manager.SimpleUserProfileManager'
Exit: ProfileTypeFactory(String)
Enter: ConfigProfileTypeFactory(String), Namespace: 'com.topcoder.user.profile.manager.SimpleUserProfileManager'
Exit: ConfigProfileTypeFactory(String)
Exit: Helper method, createObject for class
Exit: ProfileTypeFactory(String)
Exit: XMLUserProfilePersistence(String)
Exit: Helper method, createObject for class
Exit: SimpleUserProfileManager(String)
Enter: SimpleUserProfileManager(String), Namespace: com.topcoder.user.profile.manager.SimpleUserProfileManager
Enter: getPropertyString(). Property name: 'persistence_class'
Exit: getPropertyString().
Enter: Helper method, createObject for class 'com.topcoder.user.profile.manager.persistence.XMLUserProfilePersistence'
Enter: XMLUserProfilePersistence(String), Namespace: com.topcoder.user.profile.manager.SimpleUserProfileManager
Enter: getPropertyString(). Property name: 'profile_xml_file'
Exit: getPropertyString().
Enter: XMLUserProfilePersistence.initializeFile(File), Path: D:\TC\Active\ThisWeek\AdminLogic\FR3\test_files\profiles.xml
Exit: XMLUserProfilePersistence.initializeFile(File)
Enter: ProfileTypeFactory(String), Namespace: 'com.topcoder.user.profile.manager.SimpleUserProfileManager'
Enter: getPropertyString(). Property name: 'profile_type_factory_class'
Exit: getPropertyString().
Enter: Helper method, createObject for class 'com.topcoder.user.profile.manager.ConfigProfileTypeFactory'
Enter: ProfileTypeFactory(String), Namespace: 'com.topcoder.user.profile.manager.SimpleUserProfileManager'
Exit: ProfileTypeFactory(String)
Enter: ConfigProfileTypeFactory(String), Namespace: 'com.topcoder.user.profile.manager.SimpleUserProfileManager'
Exit: ConfigProfileTypeFactory(String)
Exit: Helper method, createObject for class
Exit: ProfileTypeFactory(String)
Exit: XMLUserProfilePersistence(String)
Exit: Helper method, createObject for class
Exit: SimpleUserProfileManager(String)
Enter: SimpleUserProfileManager(String), Namespace: com.topcoder.user.profile.manager.SimpleUserProfileManager
Enter: getPropertyString(). Property name: 'persistence_class'
Exit: getPropertyString().
Enter: Helper method, createObject for class 'com.topcoder.user.profile.manager.persistence.XMLUserProfilePersistence'
Enter: XMLUserProfilePersistence(String), Namespace: com.topcoder.user.profile.manager.SimpleUserProfileManager
Enter: getPropertyString(). Property name: 'profile_xml_file'
Exit: getPropertyString().
Enter: XMLUserProfilePersistence.initializeFile(File), Path: D:\TC\Active\ThisWeek\AdminLogic\FR3\test_files\profiles.xml
Exit: XMLUserProfilePersistence.initializeFile(File)
Enter: ProfileTypeFactory(String), Namespace: 'com.topcoder.user.profile.manager.SimpleUserProfileManager'
Enter: getPropertyString(). Property name: 'profile_type_factory_class'
Exit: getPropertyString().
Enter: Helper method, createObject for class 'com.topcoder.user.profile.manager.ConfigProfileTypeFactory'
Enter: ProfileTypeFactory(String), Namespace: 'com.topcoder.user.profile.manager.SimpleUserProfileManager'
Exit: ProfileTypeFactory(String)
Enter: ConfigProfileTypeFactory(String), Namespace: 'com.topcoder.user.profile.manager.SimpleUserProfileManager'
Exit: ConfigProfileTypeFactory(String)
Exit: Helper method, createObject for class
Exit: ProfileTypeFactory(String)
Exit: XMLUserProfilePersistence(String)
Exit: Helper method, createObject for class
Exit: SimpleUserProfileManager(String)
Enter: SimpleUserProfileManager(String), Namespace: com.topcoder.user.profile.manager.SimpleUserProfileManager
Enter: getPropertyString(). Property name: 'persistence_class'
Exit: getPropertyString().
Enter: Helper method, createObject for class 'com.topcoder.user.profile.manager.persistence.XMLUserProfilePersistence'
Enter: XMLUserProfilePersistence(String), Namespace: com.topcoder.user.profile.manager.SimpleUserProfileManager
Enter: getPropertyString(). Property name: 'profile_xml_file'
Exit: getPropertyString().
Enter: XMLUserProfilePersistence.initializeFile(File), Path: D:\TC\Active\ThisWeek\AdminLogic\FR3\test_files\profiles.xml
Exit: XMLUserProfilePersistence.initializeFile(File)
Enter: ProfileTypeFactory(String), Namespace: 'com.topcoder.user.profile.manager.SimpleUserProfileManager'
Enter: getPropertyString(). Property name: 'profile_type_factory_class'
Exit: getPropertyString().
Enter: Helper method, createObject for class 'com.topcoder.user.profile.manager.ConfigProfileTypeFactory'
Enter: ProfileTypeFactory(String), Namespace: 'com.topcoder.user.profile.manager.SimpleUserProfileManager'
Exit: ProfileTypeFactory(String)
Enter: ConfigProfileTypeFactory(String), Namespace: 'com.topcoder.user.profile.manager.SimpleUserProfileManager'
Exit: ConfigProfileTypeFactory(String)
Exit: Helper method, createObject for class
Exit: ProfileTypeFactory(String)
Exit: XMLUserProfilePersistence(String)
Exit: Helper method, createObject for class
Exit: SimpleUserProfileManager(String)
Enter: SimpleUserProfileManager(String), Namespace: com.topcoder.user.profile.manager.SimpleUserProfileManager
Enter: getPropertyString(). Property name: 'persistence_class'
Exit: getPropertyString().
Enter: Helper method, createObject for class 'com.topcoder.user.profile.manager.persistence.XMLUserProfilePersistence'
Enter: XMLUserProfilePersistence(String), Namespace: com.topcoder.user.profile.manager.SimpleUserProfileManager
Enter: getPropertyString(). Property name: 'profile_xml_file'
Exit: getPropertyString().
Enter: XMLUserProfilePersistence.initializeFile(File), Path: D:\TC\Active\ThisWeek\AdminLogic\FR3\test_files\profiles.xml
Exit: XMLUserProfilePersistence.initializeFile(File)
Enter: ProfileTypeFactory(String), Namespace: 'com.topcoder.user.profile.manager.SimpleUserProfileManager'
Enter: getPropertyString(). Property name: 'profile_type_factory_class'
Exit: getPropertyString().
Enter: Helper method, createObject for class 'com.topcoder.user.profile.manager.ConfigProfileTypeFactory'
Enter: ProfileTypeFactory(String), Namespace: 'com.topcoder.user.profile.manager.SimpleUserProfileManager'
Exit: ProfileTypeFactory(String)
Enter: ConfigProfileTypeFactory(String), Namespace: 'com.topcoder.user.profile.manager.SimpleUserProfileManager'
Exit: ConfigProfileTypeFactory(String)
Exit: Helper method, createObject for class
Exit: ProfileTypeFactory(String)
Exit: XMLUserProfilePersistence(String)
Exit: Helper method, createObject for class
Exit: SimpleUserProfileManager(String)
Enter: SimpleUserProfileManager(String), Namespace: com.topcoder.user.profile.manager.SimpleUserProfileManager
Enter: getPropertyString(). Property name: 'persistence_class'
Exit: getPropertyString().
Enter: Helper method, createObject for class 'com.topcoder.user.profile.manager.persistence.XMLUserProfilePersistence'
Enter: XMLUserProfilePersistence(String), Namespace: com.topcoder.user.profile.manager.SimpleUserProfileManager
Enter: getPropertyString(). Property name: 'profile_xml_file'
Exit: getPropertyString().
Enter: XMLUserProfilePersistence.initializeFile(File), Path: D:\TC\Active\ThisWeek\AdminLogic\FR3\test_files\profiles.xml
Exit: XMLUserProfilePersistence.initializeFile(File)
Enter: ProfileTypeFactory(String), Namespace: 'com.topcoder.user.profile.manager.SimpleUserProfileManager'
Enter: getPropertyString(). Property name: 'profile_type_factory_class'
Exit: getPropertyString().
Enter: Helper method, createObject for class 'com.topcoder.user.profile.manager.ConfigProfileTypeFactory'
Enter: ProfileTypeFactory(String), Namespace: 'com.topcoder.user.profile.manager.SimpleUserProfileManager'
Exit: ProfileTypeFactory(String)
Enter: ConfigProfileTypeFactory(String), Namespace: 'com.topcoder.user.profile.manager.SimpleUserProfileManager'
Exit: ConfigProfileTypeFactory(String)
Exit: Helper method, createObject for class
Exit: ProfileTypeFactory(String)
Exit: XMLUserProfilePersistence(String)
Exit: Helper method, createObject for class
Exit: SimpleUserProfileManager(String)
Enter: SimpleUserProfileManager(String), Namespace: com.topcoder.user.profile.manager.SimpleUserProfileManager
Enter: getPropertyString(). Property name: 'persistence_class'
Exit: getPropertyString().
Enter: Helper method, createObject for class 'com.topcoder.user.profile.manager.persistence.XMLUserProfilePersistence'
Enter: XMLUserProfilePersistence(String), Namespace: com.topcoder.user.profile.manager.SimpleUserProfileManager
Enter: getPropertyString(). Property name: 'profile_xml_file'
Exit: getPropertyString().
Enter: XMLUserProfilePersistence.initializeFile(File), Path: D:\TC\Active\ThisWeek\AdminLogic\FR3\test_files\profiles.xml
Exit: XMLUserProfilePersistence.initializeFile(File)
Enter: ProfileTypeFactory(String), Namespace: 'com.topcoder.user.profile.manager.SimpleUserProfileManager'
Enter: getPropertyString(). Property name: 'profile_type_factory_class'
Exit: getPropertyString().
Enter: Helper method, createObject for class 'com.topcoder.user.profile.manager.ConfigProfileTypeFactory'
Enter: ProfileTypeFactory(String), Namespace: 'com.topcoder.user.profile.manager.SimpleUserProfileManager'
Exit: ProfileTypeFactory(String)
Enter: ConfigProfileTypeFactory(String), Namespace: 'com.topcoder.user.profile.manager.SimpleUserProfileManager'
Exit: ConfigProfileTypeFactory(String)
Exit: Helper method, createObject for class
Exit: ProfileTypeFactory(String)
Exit: XMLUserProfilePersistence(String)
Exit: Helper method, createObject for class
Exit: SimpleUserProfileManager(String)
Enter: SimpleUserProfileManager(String), Namespace: com.topcoder.user.profile.manager.SimpleUserProfileManager
Enter: getPropertyString(). Property name: 'persistence_class'
Exit: getPropertyString().
Enter: Helper method, createObject for class 'com.topcoder.user.profile.manager.persistence.XMLUserProfilePersistence'
Enter: XMLUserProfilePersistence(String), Namespace: com.topcoder.user.profile.manager.SimpleUserProfileManager
Enter: getPropertyString(). Property name: 'profile_xml_file'
Exit: getPropertyString().
Enter: XMLUserProfilePersistence.initializeFile(File), Path: D:\TC\Active\ThisWeek\AdminLogic\FR3\test_files\profiles.xml
Exit: XMLUserProfilePersistence.initializeFile(File)
Enter: ProfileTypeFactory(String), Namespace: 'com.topcoder.user.profile.manager.SimpleUserProfileManager'
Enter: getPropertyString(). Property name: 'profile_type_factory_class'
Exit: getPropertyString().
Enter: Helper method, createObject for class 'com.topcoder.user.profile.manager.ConfigProfileTypeFactory'
Enter: ProfileTypeFactory(String), Namespace: 'com.topcoder.user.profile.manager.SimpleUserProfileManager'
Exit: ProfileTypeFactory(String)
Enter: ConfigProfileTypeFactory(String), Namespace: 'com.topcoder.user.profile.manager.SimpleUserProfileManager'
Exit: ConfigProfileTypeFactory(String)
Exit: Helper method, createObject for class
Exit: ProfileTypeFactory(String)
Exit: XMLUserProfilePersistence(String)
Exit: Helper method, createObject for class
Exit: SimpleUserProfileManager(String)
Enter: SimpleUserProfileManager(String), Namespace: com.topcoder.user.profile.manager.SimpleUserProfileManager
Enter: getPropertyString(). Property name: 'persistence_class'
Exit: getPropertyString().
Enter: Helper method, createObject for class 'com.topcoder.user.profile.manager.persistence.XMLUserProfilePersistence'
Enter: XMLUserProfilePersistence(String), Namespace: com.topcoder.user.profile.manager.SimpleUserProfileManager
Enter: getPropertyString(). Property name: 'profile_xml_file'
Exit: getPropertyString().
Enter: XMLUserProfilePersistence.initializeFile(File), Path: D:\TC\Active\ThisWeek\AdminLogic\FR3\test_files\profiles.xml
Exit: XMLUserProfilePersistence.initializeFile(File)
Enter: ProfileTypeFactory(String), Namespace: 'com.topcoder.user.profile.manager.SimpleUserProfileManager'
Enter: getPropertyString(). Property name: 'profile_type_factory_class'
Exit: getPropertyString().
Enter: Helper method, createObject for class 'com.topcoder.user.profile.manager.ConfigProfileTypeFactory'
Enter: ProfileTypeFactory(String), Namespace: 'com.topcoder.user.profile.manager.SimpleUserProfileManager'
Exit: ProfileTypeFactory(String)
Enter: ConfigProfileTypeFactory(String), Namespace: 'com.topcoder.user.profile.manager.SimpleUserProfileManager'
Exit: ConfigProfileTypeFactory(String)
Exit: Helper method, createObject for class
Exit: ProfileTypeFactory(String)
Exit: XMLUserProfilePersistence(String)
Exit: Helper method, createObject for class
Exit: SimpleUserProfileManager(String)
Enter: SimpleUserProfileManager(String), Namespace: com.topcoder.user.profile.manager.SimpleUserProfileManager
Enter: getPropertyString(). Property name: 'persistence_class'
Exit: getPropertyString().
Enter: Helper method, createObject for class 'com.topcoder.user.profile.manager.persistence.XMLUserProfilePersistence'
Enter: XMLUserProfilePersistence(String), Namespace: com.topcoder.user.profile.manager.SimpleUserProfileManager
Enter: getPropertyString(). Property name: 'profile_xml_file'
Exit: getPropertyString().
Enter: XMLUserProfilePersistence.initializeFile(File), Path: D:\TC\Active\ThisWeek\AdminLogic\FR3\test_files\profiles.xml
Exit: XMLUserProfilePersistence.initializeFile(File)
Enter: ProfileTypeFactory(String), Namespace: 'com.topcoder.user.profile.manager.SimpleUserProfileManager'
Enter: getPropertyString(). Property name: 'profile_type_factory_class'
Exit: getPropertyString().
Enter: Helper method, createObject for class 'com.topcoder.user.profile.manager.ConfigProfileTypeFactory'
Enter: ProfileTypeFactory(String), Namespace: 'com.topcoder.user.profile.manager.SimpleUserProfileManager'
Exit: ProfileTypeFactory(String)
Enter: ConfigProfileTypeFactory(String), Namespace: 'com.topcoder.user.profile.manager.SimpleUserProfileManager'
Exit: ConfigProfileTypeFactory(String)
Exit: Helper method, createObject for class
Exit: ProfileTypeFactory(String)
Exit: XMLUserProfilePersistence(String)
Exit: Helper method, createObject for class
Exit: SimpleUserProfileManager(String)
Enter: SimpleUserProfileManager(String), Namespace: com.topcoder.user.profile.manager.SimpleUserProfileManager
Enter: getPropertyString(). Property name: 'persistence_class'
Exit: getPropertyString().
Enter: Helper method, createObject for class 'com.topcoder.user.profile.manager.persistence.XMLUserProfilePersistence'
Enter: XMLUserProfilePersistence(String), Namespace: com.topcoder.user.profile.manager.SimpleUserProfileManager
Enter: getPropertyString(). Property name: 'profile_xml_file'
Exit: getPropertyString().
Enter: XMLUserProfilePersistence.initializeFile(File), Path: D:\TC\Active\ThisWeek\AdminLogic\FR3\test_files\profiles.xml
Exit: XMLUserProfilePersistence.initializeFile(File)
Enter: ProfileTypeFactory(String), Namespace: 'com.topcoder.user.profile.manager.SimpleUserProfileManager'
Enter: getPropertyString(). Property name: 'profile_type_factory_class'
Exit: getPropertyString().
Enter: Helper method, createObject for class 'com.topcoder.user.profile.manager.ConfigProfileTypeFactory'
Enter: ProfileTypeFactory(String), Namespace: 'com.topcoder.user.profile.manager.SimpleUserProfileManager'
Exit: ProfileTypeFactory(String)
Enter: ConfigProfileTypeFactory(String), Namespace: 'com.topcoder.user.profile.manager.SimpleUserProfileManager'
Exit: ConfigProfileTypeFactory(String)
Exit: Helper method, createObject for class
Exit: ProfileTypeFactory(String)
Exit: XMLUserProfilePersistence(String)
Exit: Helper method, createObject for class
Exit: SimpleUserProfileManager(String)
Enter: SimpleUserProfileManager(String), Namespace: com.topcoder.user.profile.manager.SimpleUserProfileManager
Enter: getPropertyString(). Property name: 'persistence_class'
Exit: getPropertyString().
Enter: Helper method, createObject for class 'com.topcoder.user.profile.manager.persistence.XMLUserProfilePersistence'
Enter: XMLUserProfilePersistence(String), Namespace: com.topcoder.user.profile.manager.SimpleUserProfileManager
Enter: getPropertyString(). Property name: 'profile_xml_file'
Exit: getPropertyString().
Enter: XMLUserProfilePersistence.initializeFile(File), Path: D:\TC\Active\ThisWeek\AdminLogic\FR3\test_files\profiles.xml
Exit: XMLUserProfilePersistence.initializeFile(File)
Enter: ProfileTypeFactory(String), Namespace: 'com.topcoder.user.profile.manager.SimpleUserProfileManager'
Enter: getPropertyString(). Property name: 'profile_type_factory_class'
Exit: getPropertyString().
Enter: Helper method, createObject for class 'com.topcoder.user.profile.manager.ConfigProfileTypeFactory'
Enter: ProfileTypeFactory(String), Namespace: 'com.topcoder.user.profile.manager.SimpleUserProfileManager'
Exit: ProfileTypeFactory(String)
Enter: ConfigProfileTypeFactory(String), Namespace: 'com.topcoder.user.profile.manager.SimpleUserProfileManager'
Exit: ConfigProfileTypeFactory(String)
Exit: Helper method, createObject for class
Exit: ProfileTypeFactory(String)
Exit: XMLUserProfilePersistence(String)
Exit: Helper method, createObject for class
Exit: SimpleUserProfileManager(String)
Enter: SimpleUserProfileManager(String), Namespace: com.topcoder.user.profile.manager.SimpleUserProfileManager
Enter: getPropertyString(). Property name: 'persistence_class'
Exit: getPropertyString().
Enter: Helper method, createObject for class 'com.topcoder.user.profile.manager.persistence.XMLUserProfilePersistence'
Enter: XMLUserProfilePersistence(String), Namespace: com.topcoder.user.profile.manager.SimpleUserProfileManager
Enter: getPropertyString(). Property name: 'profile_xml_file'
Exit: getPropertyString().
Enter: XMLUserProfilePersistence.initializeFile(File), Path: D:\TC\Active\ThisWeek\AdminLogic\FR3\test_files\profiles.xml
Exit: XMLUserProfilePersistence.initializeFile(File)
Enter: ProfileTypeFactory(String), Namespace: 'com.topcoder.user.profile.manager.SimpleUserProfileManager'
Enter: getPropertyString(). Property name: 'profile_type_factory_class'
Exit: getPropertyString().
Enter: Helper method, createObject for class 'com.topcoder.user.profile.manager.ConfigProfileTypeFactory'
Enter: ProfileTypeFactory(String), Namespace: 'com.topcoder.user.profile.manager.SimpleUserProfileManager'
Exit: ProfileTypeFactory(String)
Enter: ConfigProfileTypeFactory(String), Namespace: 'com.topcoder.user.profile.manager.SimpleUserProfileManager'
Exit: ConfigProfileTypeFactory(String)
Exit: Helper method, createObject for class
Exit: ProfileTypeFactory(String)
Exit: XMLUserProfilePersistence(String)
Exit: Helper method, createObject for class
Exit: SimpleUserProfileManager(String)
Enter: SimpleUserProfileManager(String), Namespace: com.topcoder.user.profile.manager.SimpleUserProfileManager
Enter: getPropertyString(). Property name: 'persistence_class'
Exit: getPropertyString().
Enter: Helper method, createObject for class 'com.topcoder.user.profile.manager.persistence.XMLUserProfilePersistence'
Enter: XMLUserProfilePersistence(String), Namespace: com.topcoder.user.profile.manager.SimpleUserProfileManager
Enter: getPropertyString(). Property name: 'profile_xml_file'
Exit: getPropertyString().
Enter: XMLUserProfilePersistence.initializeFile(File), Path: D:\TC\Active\ThisWeek\AdminLogic\FR3\test_files\profiles.xml
Exit: XMLUserProfilePersistence.initializeFile(File)
Enter: ProfileTypeFactory(String), Namespace: 'com.topcoder.user.profile.manager.SimpleUserProfileManager'
Enter: getPropertyString(). Property name: 'profile_type_factory_class'
Exit: getPropertyString().
Enter: Helper method, createObject for class 'com.topcoder.user.profile.manager.ConfigProfileTypeFactory'
Enter: ProfileTypeFactory(String), Namespace: 'com.topcoder.user.profile.manager.SimpleUserProfileManager'
Exit: ProfileTypeFactory(String)
Enter: ConfigProfileTypeFactory(String), Namespace: 'com.topcoder.user.profile.manager.SimpleUserProfileManager'
Exit: ConfigProfileTypeFactory(String)
Exit: Helper method, createObject for class
Exit: ProfileTypeFactory(String)
Exit: XMLUserProfilePersistence(String)
Exit: Helper method, createObject for class
Exit: SimpleUserProfileManager(String)
Enter: SimpleUserProfileManager(String), Namespace: com.topcoder.user.profile.manager.SimpleUserProfileManager
Enter: getPropertyString(). Property name: 'persistence_class'
Exit: getPropertyString().
Enter: Helper method, createObject for class 'com.topcoder.user.profile.manager.persistence.XMLUserProfilePersistence'
Enter: XMLUserProfilePersistence(String), Namespace: com.topcoder.user.profile.manager.SimpleUserProfileManager
Enter: getPropertyString(). Property name: 'profile_xml_file'
Exit: getPropertyString().
Enter: XMLUserProfilePersistence.initializeFile(File), Path: D:\TC\Active\ThisWeek\AdminLogic\FR3\test_files\profiles.xml
Exit: XMLUserProfilePersistence.initializeFile(File)
Enter: ProfileTypeFactory(String), Namespace: 'com.topcoder.user.profile.manager.SimpleUserProfileManager'
Enter: getPropertyString(). Property name: 'profile_type_factory_class'
Exit: getPropertyString().
Enter: Helper method, createObject for class 'com.topcoder.user.profile.manager.ConfigProfileTypeFactory'
Enter: ProfileTypeFactory(String), Namespace: 'com.topcoder.user.profile.manager.SimpleUserProfileManager'
Exit: ProfileTypeFactory(String)
Enter: ConfigProfileTypeFactory(String), Namespace: 'com.topcoder.user.profile.manager.SimpleUserProfileManager'
Exit: ConfigProfileTypeFactory(String)
Exit: Helper method, createObject for class
Exit: ProfileTypeFactory(String)
Exit: XMLUserProfilePersistence(String)
Exit: Helper method, createObject for class
Exit: SimpleUserProfileManager(String)
Enter: SimpleUserProfileManager(String), Namespace: com.topcoder.user.profile.manager.SimpleUserProfileManager
Enter: getPropertyString(). Property name: 'persistence_class'
Exit: getPropertyString().
Enter: Helper method, createObject for class 'com.topcoder.user.profile.manager.persistence.XMLUserProfilePersistence'
Enter: XMLUserProfilePersistence(String), Namespace: com.topcoder.user.profile.manager.SimpleUserProfileManager
Enter: getPropertyString(). Property name: 'profile_xml_file'
Exit: getPropertyString().
Enter: XMLUserProfilePersistence.initializeFile(File), Path: D:\TC\Active\ThisWeek\AdminLogic\FR3\test_files\profiles.xml
Exit: XMLUserProfilePersistence.initializeFile(File)
Enter: ProfileTypeFactory(String), Namespace: 'com.topcoder.user.profile.manager.SimpleUserProfileManager'
Enter: getPropertyString(). Property name: 'profile_type_factory_class'
Exit: getPropertyString().
Enter: Helper method, createObject for class 'com.topcoder.user.profile.manager.ConfigProfileTypeFactory'
Enter: ProfileTypeFactory(String), Namespace: 'com.topcoder.user.profile.manager.SimpleUserProfileManager'
Exit: ProfileTypeFactory(String)
Enter: ConfigProfileTypeFactory(String), Namespace: 'com.topcoder.user.profile.manager.SimpleUserProfileManager'
Exit: ConfigProfileTypeFactory(String)
Exit: Helper method, createObject for class
Exit: ProfileTypeFactory(String)
Exit: XMLUserProfilePersistence(String)
Exit: Helper method, createObject for class
Exit: SimpleUserProfileManager(String)
Enter: SimpleUserProfileManager(String), Namespace: com.topcoder.user.profile.manager.SimpleUserProfileManager
Enter: getPropertyString(). Property name: 'persistence_class'
Exit: getPropertyString().
Enter: Helper method, createObject for class 'com.topcoder.user.profile.manager.persistence.XMLUserProfilePersistence'
Enter: XMLUserProfilePersistence(String), Namespace: com.topcoder.user.profile.manager.SimpleUserProfileManager
Enter: getPropertyString(). Property name: 'profile_xml_file'
Exit: getPropertyString().
Enter: XMLUserProfilePersistence.initializeFile(File), Path: D:\TC\Active\ThisWeek\AdminLogic\FR3\test_files\profiles.xml
Exit: XMLUserProfilePersistence.initializeFile(File)
Enter: ProfileTypeFactory(String), Namespace: 'com.topcoder.user.profile.manager.SimpleUserProfileManager'
Enter: getPropertyString(). Property name: 'profile_type_factory_class'
Exit: getPropertyString().
Enter: Helper method, createObject for class 'com.topcoder.user.profile.manager.ConfigProfileTypeFactory'
Enter: ProfileTypeFactory(String), Namespace: 'com.topcoder.user.profile.manager.SimpleUserProfileManager'
Exit: ProfileTypeFactory(String)
Enter: ConfigProfileTypeFactory(String), Namespace: 'com.topcoder.user.profile.manager.SimpleUserProfileManager'
Exit: ConfigProfileTypeFactory(String)
Exit: Helper method, createObject for class
Exit: ProfileTypeFactory(String)
Exit: XMLUserProfilePersistence(String)
Exit: Helper method, createObject for class
Exit: SimpleUserProfileManager(String)
Enter: SimpleUserProfileManager(String), Namespace: com.topcoder.user.profile.manager.SimpleUserProfileManager
Enter: getPropertyString(). Property name: 'persistence_class'
Exit: getPropertyString().
Enter: Helper method, createObject for class 'com.topcoder.user.profile.manager.persistence.XMLUserProfilePersistence'
Enter: XMLUserProfilePersistence(String), Namespace: com.topcoder.user.profile.manager.SimpleUserProfileManager
Enter: getPropertyString(). Property name: 'profile_xml_file'
Exit: getPropertyString().
Enter: XMLUserProfilePersistence.initializeFile(File), Path: D:\TC\Active\ThisWeek\AdminLogic\FR3\test_files\accuracytests\profiles.xml
Exit: XMLUserProfilePersistence.initializeFile(File)
Enter: ProfileTypeFactory(String), Namespace: 'com.topcoder.user.profile.manager.SimpleUserProfileManager'
Enter: getPropertyString(). Property name: 'profile_type_factory_class'
Exit: getPropertyString().
Enter: Helper method, createObject for class 'com.topcoder.user.profile.manager.ConfigProfileTypeFactory'
Enter: ProfileTypeFactory(String), Namespace: 'com.topcoder.user.profile.manager.SimpleUserProfileManager'
Exit: ProfileTypeFactory(String)
Enter: ConfigProfileTypeFactory(String), Namespace: 'com.topcoder.user.profile.manager.SimpleUserProfileManager'
Exit: ConfigProfileTypeFactory(String)
Exit: Helper method, createObject for class
Exit: ProfileTypeFactory(String)
Exit: XMLUserProfilePersistence(String)
Exit: Helper method, createObject for class
Exit: SimpleUserProfileManager(String)
Enter: SimpleUserProfileManager(String), Namespace: com.topcoder.user.profile.manager.SimpleUserProfileManager
Enter: getPropertyString(). Property name: 'persistence_class'
Exit: getPropertyString().
Enter: Helper method, createObject for class 'com.topcoder.user.profile.manager.persistence.XMLUserProfilePersistence'
Enter: XMLUserProfilePersistence(String), Namespace: com.topcoder.user.profile.manager.SimpleUserProfileManager
Enter: getPropertyString(). Property name: 'profile_xml_file'
Exit: getPropertyString().
Enter: XMLUserProfilePersistence.initializeFile(File), Path: D:\TC\Active\ThisWeek\AdminLogic\FR3\test_files\accuracytests\profiles.xml
Exit: XMLUserProfilePersistence.initializeFile(File)
Enter: ProfileTypeFactory(String), Namespace: 'com.topcoder.user.profile.manager.SimpleUserProfileManager'
Enter: getPropertyString(). Property name: 'profile_type_factory_class'
Exit: getPropertyString().
Enter: Helper method, createObject for class 'com.topcoder.user.profile.manager.ConfigProfileTypeFactory'
Enter: ProfileTypeFactory(String), Namespace: 'com.topcoder.user.profile.manager.SimpleUserProfileManager'
Exit: ProfileTypeFactory(String)
Enter: ConfigProfileTypeFactory(String), Namespace: 'com.topcoder.user.profile.manager.SimpleUserProfileManager'
Exit: ConfigProfileTypeFactory(String)
Exit: Helper method, createObject for class
Exit: ProfileTypeFactory(String)
Exit: XMLUserProfilePersistence(String)
Exit: Helper method, createObject for class
Exit: SimpleUserProfileManager(String)
Enter: SimpleUserProfileManager.getUserProfile(), profileId: 1001
Enter: XMLUserProfilePersistence.retrieveProfile(long), ProfileId: 1001
Enter: XMLUserProfilePersistence.getElementById(String). ID: '1001'
Enter: XMLUserProfilePersistence.createProfile(Element)
Enter: getProfileType(String), Name: 'sponsor'
Exit: getProfileType(String)
Enter: XMLUserProfilePersistence.extractText(Node)
Exit: XMLUserProfilePersistence.extractText(Node)
Enter: XMLUserProfilePersistence.extractText(Node)
Exit: XMLUserProfilePersistence.extractText(Node)
Enter: XMLUserProfilePersistence.extractText(Node)
Exit: XMLUserProfilePersistence.extractText(Node)
Enter: XMLUserProfilePersistence.extractText(Node)
Exit: XMLUserProfilePersistence.extractText(Node)
Enter: XMLUserProfilePersistence.extractText(Node)
Exit: XMLUserProfilePersistence.extractText(Node)
Enter: XMLUserProfilePersistence.extractText(Node)
Exit: XMLUserProfilePersistence.extractText(Node)
Enter: XMLUserProfilePersistence.extractText(Node)
Exit: XMLUserProfilePersistence.extractText(Node)
Enter: XMLUserProfilePersistence.extractText(Node)
Exit: XMLUserProfilePersistence.extractText(Node)
Exit: XMLUserProfilePersistence.createProfile(Element)
Exit: XMLUserProfilePersistence.retrieveProfile(long)
Exit: SimpleUserProfileManager.getUserProfile()
Enter: SimpleUserProfileManager(String), Namespace: com.topcoder.user.profile.manager.SimpleUserProfileManager
Enter: getPropertyString(). Property name: 'persistence_class'
Exit: getPropertyString().
Enter: Helper method, createObject for class 'com.topcoder.user.profile.manager.persistence.XMLUserProfilePersistence'
Enter: XMLUserProfilePersistence(String), Namespace: com.topcoder.user.profile.manager.SimpleUserProfileManager
Enter: getPropertyString(). Property name: 'profile_xml_file'
Exit: getPropertyString().
Enter: XMLUserProfilePersistence.initializeFile(File), Path: D:\TC\Active\ThisWeek\AdminLogic\FR3\test_files\accuracytests\profiles.xml
Exit: XMLUserProfilePersistence.initializeFile(File)
Enter: ProfileTypeFactory(String), Namespace: 'com.topcoder.user.profile.manager.SimpleUserProfileManager'
Enter: getPropertyString(). Property name: 'profile_type_factory_class'
Exit: getPropertyString().
Enter: Helper method, createObject for class 'com.topcoder.user.profile.manager.ConfigProfileTypeFactory'
Enter: ProfileTypeFactory(String), Namespace: 'com.topcoder.user.profile.manager.SimpleUserProfileManager'
Exit: ProfileTypeFactory(String)
Enter: ConfigProfileTypeFactory(String), Namespace: 'com.topcoder.user.profile.manager.SimpleUserProfileManager'
Exit: ConfigProfileTypeFactory(String)
Exit: Helper method, createObject for class
Exit: ProfileTypeFactory(String)
Exit: XMLUserProfilePersistence(String)
Exit: Helper method, createObject for class
Exit: SimpleUserProfileManager(String)
Enter: SimpleUserProfileManager(String), Namespace: com.topcoder.user.profile.manager.SimpleUserProfileManager
Enter: getPropertyString(). Property name: 'persistence_class'
Exit: getPropertyString().
Enter: Helper method, createObject for class 'com.topcoder.user.profile.manager.persistence.XMLUserProfilePersistence'
Enter: XMLUserProfilePersistence(String), Namespace: com.topcoder.user.profile.manager.SimpleUserProfileManager
Enter: getPropertyString(). Property name: 'profile_xml_file'
Exit: getPropertyString().
Enter: XMLUserProfilePersistence.initializeFile(File), Path: D:\TC\Active\ThisWeek\AdminLogic\FR3\test_files\accuracytests\profiles.xml
Exit: XMLUserProfilePersistence.initializeFile(File)
Enter: ProfileTypeFactory(String), Namespace: 'com.topcoder.user.profile.manager.SimpleUserProfileManager'
Enter: getPropertyString(). Property name: 'profile_type_factory_class'
Exit: getPropertyString().
Enter: Helper method, createObject for class 'com.topcoder.user.profile.manager.ConfigProfileTypeFactory'
Enter: ProfileTypeFactory(String), Namespace: 'com.topcoder.user.profile.manager.SimpleUserProfileManager'
Exit: ProfileTypeFactory(String)
Enter: ConfigProfileTypeFactory(String), Namespace: 'com.topcoder.user.profile.manager.SimpleUserProfileManager'
Exit: ConfigProfileTypeFactory(String)
Exit: Helper method, createObject for class
Exit: ProfileTypeFactory(String)
Exit: XMLUserProfilePersistence(String)
Exit: Helper method, createObject for class
Exit: SimpleUserProfileManager(String)
Enter: SimpleUserProfileManager(String), Namespace: com.topcoder.user.profile.manager.SimpleUserProfileManager
Enter: getPropertyString(). Property name: 'persistence_class'
Exit: getPropertyString().
Enter: Helper method, createObject for class 'com.topcoder.user.profile.manager.persistence.XMLUserProfilePersistence'
Enter: XMLUserProfilePersistence(String), Namespace: com.topcoder.user.profile.manager.SimpleUserProfileManager
Enter: getPropertyString(). Property name: 'profile_xml_file'
Exit: getPropertyString().
Enter: XMLUserProfilePersistence.initializeFile(File), Path: D:\TC\Active\ThisWeek\AdminLogic\FR3\test_files\accuracytests\profiles.xml
Exit: XMLUserProfilePersistence.initializeFile(File)
Enter: ProfileTypeFactory(String), Namespace: 'com.topcoder.user.profile.manager.SimpleUserProfileManager'
Enter: getPropertyString(). Property name: 'profile_type_factory_class'
Exit: getPropertyString().
Enter: Helper method, createObject for class 'com.topcoder.user.profile.manager.ConfigProfileTypeFactory'
Enter: ProfileTypeFactory(String), Namespace: 'com.topcoder.user.profile.manager.SimpleUserProfileManager'
Exit: ProfileTypeFactory(String)
Enter: ConfigProfileTypeFactory(String), Namespace: 'com.topcoder.user.profile.manager.SimpleUserProfileManager'
Exit: ConfigProfileTypeFactory(String)
Exit: Helper method, createObject for class
Exit: ProfileTypeFactory(String)
Exit: XMLUserProfilePersistence(String)
Exit: Helper method, createObject for class
Exit: SimpleUserProfileManager(String)
Enter: SimpleUserProfileManager(String), Namespace: com.topcoder.user.profile.manager.SimpleUserProfileManager
Enter: getPropertyString(). Property name: 'persistence_class'
Exit: getPropertyString().
Enter: Helper method, createObject for class 'com.topcoder.user.profile.manager.persistence.XMLUserProfilePersistence'
Enter: XMLUserProfilePersistence(String), Namespace: com.topcoder.user.profile.manager.SimpleUserProfileManager
Enter: getPropertyString(). Property name: 'profile_xml_file'
Exit: getPropertyString().
Enter: XMLUserProfilePersistence.initializeFile(File), Path: D:\TC\Active\ThisWeek\AdminLogic\FR3\test_files\accuracytests\profiles.xml
Exit: XMLUserProfilePersistence.initializeFile(File)
Enter: ProfileTypeFactory(String), Namespace: 'com.topcoder.user.profile.manager.SimpleUserProfileManager'
Enter: getPropertyString(). Property name: 'profile_type_factory_class'
Exit: getPropertyString().
Enter: Helper method, createObject for class 'com.topcoder.user.profile.manager.ConfigProfileTypeFactory'
Enter: ProfileTypeFactory(String), Namespace: 'com.topcoder.user.profile.manager.SimpleUserProfileManager'
Exit: ProfileTypeFactory(String)
Enter: ConfigProfileTypeFactory(String), Namespace: 'com.topcoder.user.profile.manager.SimpleUserProfileManager'
Exit: ConfigProfileTypeFactory(String)
Exit: Helper method, createObject for class
Exit: ProfileTypeFactory(String)
Exit: XMLUserProfilePersistence(String)
Exit: Helper method, createObject for class
Exit: SimpleUserProfileManager(String)
Enter: SimpleUserProfileManager(String), Namespace: com.topcoder.user.profile.manager.SimpleUserProfileManager
Enter: getPropertyString(). Property name: 'persistence_class'
Exit: getPropertyString().
Enter: Helper method, createObject for class 'com.topcoder.user.profile.manager.persistence.XMLUserProfilePersistence'
Enter: XMLUserProfilePersistence(String), Namespace: com.topcoder.user.profile.manager.SimpleUserProfileManager
Enter: getPropertyString(). Property name: 'profile_xml_file'
Exit: getPropertyString().
Enter: XMLUserProfilePersistence.initializeFile(File), Path: D:\TC\Active\ThisWeek\AdminLogic\FR3\test_files\accuracytests\profiles.xml
Exit: XMLUserProfilePersistence.initializeFile(File)
Enter: ProfileTypeFactory(String), Namespace: 'com.topcoder.user.profile.manager.SimpleUserProfileManager'
Enter: getPropertyString(). Property name: 'profile_type_factory_class'
Exit: getPropertyString().
Enter: Helper method, createObject for class 'com.topcoder.user.profile.manager.ConfigProfileTypeFactory'
Enter: ProfileTypeFactory(String), Namespace: 'com.topcoder.user.profile.manager.SimpleUserProfileManager'
Exit: ProfileTypeFactory(String)
Enter: ConfigProfileTypeFactory(String), Namespace: 'com.topcoder.user.profile.manager.SimpleUserProfileManager'
Exit: ConfigProfileTypeFactory(String)
Exit: Helper method, createObject for class
Exit: ProfileTypeFactory(String)
Exit: XMLUserProfilePersistence(String)
Exit: Helper method, createObject for class
Exit: SimpleUserProfileManager(String)
Enter: SimpleUserProfileManager.searchUserProfiles()
Enter: XMLUserProfilePersistence.findProfiles(Map)
Enter: XMLUserProfilePersistence.getMatchProfiles(Map).
Enter: XMLUserProfilePersistence.extractText(Node)
Exit: XMLUserProfilePersistence.extractText(Node)
Enter: XMLUserProfilePersistence.extractText(Node)
Exit: XMLUserProfilePersistence.extractText(Node)
Enter: XMLUserProfilePersistence.extractText(Node)
Exit: XMLUserProfilePersistence.extractText(Node)
Enter: XMLUserProfilePersistence.extractText(Node)
Exit: XMLUserProfilePersistence.extractText(Node)
Enter: XMLUserProfilePersistence.extractText(Node)
Exit: XMLUserProfilePersistence.extractText(Node)
Exit: XMLUserProfilePersistence.getMatchProfiles(Map).
Exit: XMLUserProfilePersistence.findProfiles(Map)
Exit: SimpleUserProfileManager.searchUserProfiles()
Enter: SimpleUserProfileManager(String), Namespace: com.topcoder.user.profile.manager.SimpleUserProfileManager
Enter: getPropertyString(). Property name: 'persistence_class'
Exit: getPropertyString().
Enter: Helper method, createObject for class 'com.topcoder.user.profile.manager.persistence.XMLUserProfilePersistence'
Enter: XMLUserProfilePersistence(String), Namespace: com.topcoder.user.profile.manager.SimpleUserProfileManager
Enter: getPropertyString(). Property name: 'profile_xml_file'
Exit: getPropertyString().
Enter: XMLUserProfilePersistence.initializeFile(File), Path: D:\TC\Active\ThisWeek\AdminLogic\FR3\test_files\accuracytests\profiles.xml
Exit: XMLUserProfilePersistence.initializeFile(File)
Enter: ProfileTypeFactory(String), Namespace: 'com.topcoder.user.profile.manager.SimpleUserProfileManager'
Enter: getPropertyString(). Property name: 'profile_type_factory_class'
Exit: getPropertyString().
Enter: Helper method, createObject for class 'com.topcoder.user.profile.manager.ConfigProfileTypeFactory'
Enter: ProfileTypeFactory(String), Namespace: 'com.topcoder.user.profile.manager.SimpleUserProfileManager'
Exit: ProfileTypeFactory(String)
Enter: ConfigProfileTypeFactory(String), Namespace: 'com.topcoder.user.profile.manager.SimpleUserProfileManager'
Exit: ConfigProfileTypeFactory(String)
Exit: Helper method, createObject for class
Exit: ProfileTypeFactory(String)
Exit: XMLUserProfilePersistence(String)
Exit: Helper method, createObject for class
Exit: SimpleUserProfileManager(String)
Enter: SimpleUserProfileManager(String), Namespace: com.topcoder.user.profile.manager.SimpleUserProfileManager
Enter: getPropertyString(). Property name: 'persistence_class'
Exit: getPropertyString().
Enter: Helper method, createObject for class 'com.topcoder.user.profile.manager.persistence.XMLUserProfilePersistence'
Enter: XMLUserProfilePersistence(String), Namespace: com.topcoder.user.profile.manager.SimpleUserProfileManager
Enter: getPropertyString(). Property name: 'profile_xml_file'
Exit: getPropertyString().
Enter: XMLUserProfilePersistence.initializeFile(File), Path: D:\TC\Active\ThisWeek\AdminLogic\FR3\test_files\accuracytests\profiles.xml
Exit: XMLUserProfilePersistence.initializeFile(File)
Enter: ProfileTypeFactory(String), Namespace: 'com.topcoder.user.profile.manager.SimpleUserProfileManager'
Enter: getPropertyString(). Property name: 'profile_type_factory_class'
Exit: getPropertyString().
Enter: Helper method, createObject for class 'com.topcoder.user.profile.manager.ConfigProfileTypeFactory'
Enter: ProfileTypeFactory(String), Namespace: 'com.topcoder.user.profile.manager.SimpleUserProfileManager'
Exit: ProfileTypeFactory(String)
Enter: ConfigProfileTypeFactory(String), Namespace: 'com.topcoder.user.profile.manager.SimpleUserProfileManager'
Exit: ConfigProfileTypeFactory(String)
Exit: Helper method, createObject for class
Exit: ProfileTypeFactory(String)
Exit: XMLUserProfilePersistence(String)
Exit: Helper method, createObject for class
Exit: SimpleUserProfileManager(String)
Enter: SimpleUserProfileManager.getUserProfile(), profileId: 1001
Enter: XMLUserProfilePersistence.retrieveProfile(long), ProfileId: 1001
Enter: XMLUserProfilePersistence.getElementById(String). ID: '1001'
Enter: XMLUserProfilePersistence.createProfile(Element)
Enter: getProfileType(String), Name: 'sponsor'
Exit: getProfileType(String)
Enter: XMLUserProfilePersistence.extractText(Node)
Exit: XMLUserProfilePersistence.extractText(Node)
Enter: XMLUserProfilePersistence.extractText(Node)
Exit: XMLUserProfilePersistence.extractText(Node)
Enter: XMLUserProfilePersistence.extractText(Node)
Exit: XMLUserProfilePersistence.extractText(Node)
Enter: XMLUserProfilePersistence.extractText(Node)
Exit: XMLUserProfilePersistence.extractText(Node)
Enter: XMLUserProfilePersistence.extractText(Node)
Exit: XMLUserProfilePersistence.extractText(Node)
Enter: XMLUserProfilePersistence.extractText(Node)
Exit: XMLUserProfilePersistence.extractText(Node)
Enter: XMLUserProfilePersistence.extractText(Node)
Exit: XMLUserProfilePersistence.extractText(Node)
Enter: XMLUserProfilePersistence.extractText(Node)
Exit: XMLUserProfilePersistence.extractText(Node)
Exit: XMLUserProfilePersistence.createProfile(Element)
Exit: XMLUserProfilePersistence.retrieveProfile(long)
Exit: SimpleUserProfileManager.getUserProfile()
Enter: SimpleUserProfileManager(String), Namespace: com.topcoder.user.profile.manager.SimpleUserProfileManager
Enter: getPropertyString(). Property name: 'persistence_class'
Exit: getPropertyString().
Enter: Helper method, createObject for class 'com.topcoder.user.profile.manager.persistence.XMLUserProfilePersistence'
Enter: XMLUserProfilePersistence(String), Namespace: com.topcoder.user.profile.manager.SimpleUserProfileManager
Enter: getPropertyString(). Property name: 'profile_xml_file'
Exit: getPropertyString().
Enter: XMLUserProfilePersistence.initializeFile(File), Path: D:\TC\Active\ThisWeek\AdminLogic\FR3\test_files\accuracytests\profiles.xml
Exit: XMLUserProfilePersistence.initializeFile(File)
Enter: ProfileTypeFactory(String), Namespace: 'com.topcoder.user.profile.manager.SimpleUserProfileManager'
Enter: getPropertyString(). Property name: 'profile_type_factory_class'
Exit: getPropertyString().
Enter: Helper method, createObject for class 'com.topcoder.user.profile.manager.ConfigProfileTypeFactory'
Enter: ProfileTypeFactory(String), Namespace: 'com.topcoder.user.profile.manager.SimpleUserProfileManager'
Exit: ProfileTypeFactory(String)
Enter: ConfigProfileTypeFactory(String), Namespace: 'com.topcoder.user.profile.manager.SimpleUserProfileManager'
Exit: ConfigProfileTypeFactory(String)
Exit: Helper method, createObject for class
Exit: ProfileTypeFactory(String)
Exit: XMLUserProfilePersistence(String)
Exit: Helper method, createObject for class
Exit: SimpleUserProfileManager(String)
Enter: SimpleUserProfileManager(String), Namespace: com.topcoder.user.profile.manager.SimpleUserProfileManager
Enter: getPropertyString(). Property name: 'persistence_class'
Exit: getPropertyString().
Enter: Helper method, createObject for class 'com.topcoder.user.profile.manager.persistence.XMLUserProfilePersistence'
Enter: XMLUserProfilePersistence(String), Namespace: com.topcoder.user.profile.manager.SimpleUserProfileManager
Enter: getPropertyString(). Property name: 'profile_xml_file'
Exit: getPropertyString().
Enter: XMLUserProfilePersistence.initializeFile(File), Path: D:\TC\Active\ThisWeek\AdminLogic\FR3\test_files\accuracytests\profiles.xml
Exit: XMLUserProfilePersistence.initializeFile(File)
Enter: ProfileTypeFactory(String), Namespace: 'com.topcoder.user.profile.manager.SimpleUserProfileManager'
Enter: getPropertyString(). Property name: 'profile_type_factory_class'
Exit: getPropertyString().
Enter: Helper method, createObject for class 'com.topcoder.user.profile.manager.ConfigProfileTypeFactory'
Enter: ProfileTypeFactory(String), Namespace: 'com.topcoder.user.profile.manager.SimpleUserProfileManager'
Exit: ProfileTypeFactory(String)
Enter: ConfigProfileTypeFactory(String), Namespace: 'com.topcoder.user.profile.manager.SimpleUserProfileManager'
Exit: ConfigProfileTypeFactory(String)
Exit: Helper method, createObject for class
Exit: ProfileTypeFactory(String)
Exit: XMLUserProfilePersistence(String)
Exit: Helper method, createObject for class
Exit: SimpleUserProfileManager(String)
Enter: SimpleUserProfileManager(String), Namespace: com.topcoder.user.profile.manager.SimpleUserProfileManager
Enter: getPropertyString(). Property name: 'persistence_class'
Exit: getPropertyString().
Enter: Helper method, createObject for class 'com.topcoder.user.profile.manager.persistence.XMLUserProfilePersistence'
Enter: XMLUserProfilePersistence(String), Namespace: com.topcoder.user.profile.manager.SimpleUserProfileManager
Enter: getPropertyString(). Property name: 'profile_xml_file'
Exit: getPropertyString().
Enter: XMLUserProfilePersistence.initializeFile(File), Path: D:\TC\Active\ThisWeek\AdminLogic\FR3\test_files\accuracytests\profiles.xml
Exit: XMLUserProfilePersistence.initializeFile(File)
Enter: ProfileTypeFactory(String), Namespace: 'com.topcoder.user.profile.manager.SimpleUserProfileManager'
Enter: getPropertyString(). Property name: 'profile_type_factory_class'
Exit: getPropertyString().
Enter: Helper method, createObject for class 'com.topcoder.user.profile.manager.ConfigProfileTypeFactory'
Enter: ProfileTypeFactory(String), Namespace: 'com.topcoder.user.profile.manager.SimpleUserProfileManager'
Exit: ProfileTypeFactory(String)
Enter: ConfigProfileTypeFactory(String), Namespace: 'com.topcoder.user.profile.manager.SimpleUserProfileManager'
Exit: ConfigProfileTypeFactory(String)
Exit: Helper method, createObject for class
Exit: ProfileTypeFactory(String)
Exit: XMLUserProfilePersistence(String)
Exit: Helper method, createObject for class
Exit: SimpleUserProfileManager(String)
Enter: SimpleUserProfileManager(String), Namespace: com.topcoder.user.profile.manager.SimpleUserProfileManager
Enter: getPropertyString(). Property name: 'persistence_class'
Exit: getPropertyString().
Enter: Helper method, createObject for class 'com.topcoder.user.profile.manager.persistence.XMLUserProfilePersistence'
Enter: XMLUserProfilePersistence(String), Namespace: com.topcoder.user.profile.manager.SimpleUserProfileManager
Enter: getPropertyString(). Property name: 'profile_xml_file'
Exit: getPropertyString().
Enter: XMLUserProfilePersistence.initializeFile(File), Path: D:\TC\Active\ThisWeek\AdminLogic\FR3\test_files\accuracytests\profiles.xml
Exit: XMLUserProfilePersistence.initializeFile(File)
Enter: ProfileTypeFactory(String), Namespace: 'com.topcoder.user.profile.manager.SimpleUserProfileManager'
Enter: getPropertyString(). Property name: 'profile_type_factory_class'
Exit: getPropertyString().
Enter: Helper method, createObject for class 'com.topcoder.user.profile.manager.ConfigProfileTypeFactory'
Enter: ProfileTypeFactory(String), Namespace: 'com.topcoder.user.profile.manager.SimpleUserProfileManager'
Exit: ProfileTypeFactory(String)
Enter: ConfigProfileTypeFactory(String), Namespace: 'com.topcoder.user.profile.manager.SimpleUserProfileManager'
Exit: ConfigProfileTypeFactory(String)
Exit: Helper method, createObject for class
Exit: ProfileTypeFactory(String)
Exit: XMLUserProfilePersistence(String)
Exit: Helper method, createObject for class
Exit: SimpleUserProfileManager(String)
Enter: SimpleUserProfileManager(String), Namespace: com.topcoder.user.profile.manager.SimpleUserProfileManager
Enter: getPropertyString(). Property name: 'persistence_class'
Exit: getPropertyString().
Enter: Helper method, createObject for class 'com.topcoder.user.profile.manager.persistence.XMLUserProfilePersistence'
Enter: XMLUserProfilePersistence(String), Namespace: com.topcoder.user.profile.manager.SimpleUserProfileManager
Enter: getPropertyString(). Property name: 'profile_xml_file'
Exit: getPropertyString().
Enter: XMLUserProfilePersistence.initializeFile(File), Path: D:\TC\Active\ThisWeek\AdminLogic\FR3\test_files\accuracytests\profiles.xml
Exit: XMLUserProfilePersistence.initializeFile(File)
Enter: ProfileTypeFactory(String), Namespace: 'com.topcoder.user.profile.manager.SimpleUserProfileManager'
Enter: getPropertyString(). Property name: 'profile_type_factory_class'
Exit: getPropertyString().
Enter: Helper method, createObject for class 'com.topcoder.user.profile.manager.ConfigProfileTypeFactory'
Enter: ProfileTypeFactory(String), Namespace: 'com.topcoder.user.profile.manager.SimpleUserProfileManager'
Exit: ProfileTypeFactory(String)
Enter: ConfigProfileTypeFactory(String), Namespace: 'com.topcoder.user.profile.manager.SimpleUserProfileManager'
Exit: ConfigProfileTypeFactory(String)
Exit: Helper method, createObject for class
Exit: ProfileTypeFactory(String)
Exit: XMLUserProfilePersistence(String)
Exit: Helper method, createObject for class
Exit: SimpleUserProfileManager(String)
Enter: SimpleUserProfileManager(String), Namespace: com.topcoder.user.profile.manager.SimpleUserProfileManager
Enter: getPropertyString(). Property name: 'persistence_class'
Exit: getPropertyString().
Enter: Helper method, createObject for class 'com.topcoder.user.profile.manager.persistence.XMLUserProfilePersistence'
Enter: XMLUserProfilePersistence(String), Namespace: com.topcoder.user.profile.manager.SimpleUserProfileManager
Enter: getPropertyString(). Property name: 'profile_xml_file'
Exit: getPropertyString().
Enter: XMLUserProfilePersistence.initializeFile(File), Path: D:\TC\Active\ThisWeek\AdminLogic\FR3\test_files\accuracytests\profiles.xml
Exit: XMLUserProfilePersistence.initializeFile(File)
Enter: ProfileTypeFactory(String), Namespace: 'com.topcoder.user.profile.manager.SimpleUserProfileManager'
Enter: getPropertyString(). Property name: 'profile_type_factory_class'
Exit: getPropertyString().
Enter: Helper method, createObject for class 'com.topcoder.user.profile.manager.ConfigProfileTypeFactory'
Enter: ProfileTypeFactory(String), Namespace: 'com.topcoder.user.profile.manager.SimpleUserProfileManager'
Exit: ProfileTypeFactory(String)
Enter: ConfigProfileTypeFactory(String), Namespace: 'com.topcoder.user.profile.manager.SimpleUserProfileManager'
Exit: ConfigProfileTypeFactory(String)
Exit: Helper method, createObject for class
Exit: ProfileTypeFactory(String)
Exit: XMLUserProfilePersistence(String)
Exit: Helper method, createObject for class
Exit: SimpleUserProfileManager(String)
Enter: SimpleUserProfileManager(String), Namespace: com.topcoder.user.profile.manager.SimpleUserProfileManager
Enter: getPropertyString(). Property name: 'persistence_class'
Exit: getPropertyString().
Enter: Helper method, createObject for class 'com.topcoder.user.profile.manager.persistence.XMLUserProfilePersistence'
Enter: XMLUserProfilePersistence(String), Namespace: com.topcoder.user.profile.manager.SimpleUserProfileManager
Enter: getPropertyString(). Property name: 'profile_xml_file'
Exit: getPropertyString().
Enter: XMLUserProfilePersistence.initializeFile(File), Path: D:\TC\Active\ThisWeek\AdminLogic\FR3\test_files\accuracytests\profiles.xml
Exit: XMLUserProfilePersistence.initializeFile(File)
Enter: ProfileTypeFactory(String), Namespace: 'com.topcoder.user.profile.manager.SimpleUserProfileManager'
Enter: getPropertyString(). Property name: 'profile_type_factory_class'
Exit: getPropertyString().
Enter: Helper method, createObject for class 'com.topcoder.user.profile.manager.ConfigProfileTypeFactory'
Enter: ProfileTypeFactory(String), Namespace: 'com.topcoder.user.profile.manager.SimpleUserProfileManager'
Exit: ProfileTypeFactory(String)
Enter: ConfigProfileTypeFactory(String), Namespace: 'com.topcoder.user.profile.manager.SimpleUserProfileManager'
Exit: ConfigProfileTypeFactory(String)
Exit: Helper method, createObject for class
Exit: ProfileTypeFactory(String)
Exit: XMLUserProfilePersistence(String)
Exit: Helper method, createObject for class
Exit: SimpleUserProfileManager(String)
Enter: SimpleUserProfileManager(String), Namespace: com.topcoder.user.profile.manager.SimpleUserProfileManager
Enter: getPropertyString(). Property name: 'persistence_class'
Exit: getPropertyString().
Enter: Helper method, createObject for class 'com.topcoder.user.profile.manager.persistence.XMLUserProfilePersistence'
Enter: XMLUserProfilePersistence(String), Namespace: com.topcoder.user.profile.manager.SimpleUserProfileManager
Enter: getPropertyString(). Property name: 'profile_xml_file'
Exit: getPropertyString().
Enter: XMLUserProfilePersistence.initializeFile(File), Path: D:\TC\Active\ThisWeek\AdminLogic\FR3\test_files\accuracytests\profiles.xml
Exit: XMLUserProfilePersistence.initializeFile(File)
Enter: ProfileTypeFactory(String), Namespace: 'com.topcoder.user.profile.manager.SimpleUserProfileManager'
Enter: getPropertyString(). Property name: 'profile_type_factory_class'
Exit: getPropertyString().
Enter: Helper method, createObject for class 'com.topcoder.user.profile.manager.ConfigProfileTypeFactory'
Enter: ProfileTypeFactory(String), Namespace: 'com.topcoder.user.profile.manager.SimpleUserProfileManager'
Exit: ProfileTypeFactory(String)
Enter: ConfigProfileTypeFactory(String), Namespace: 'com.topcoder.user.profile.manager.SimpleUserProfileManager'
Exit: ConfigProfileTypeFactory(String)
Exit: Helper method, createObject for class
Exit: ProfileTypeFactory(String)
Exit: XMLUserProfilePersistence(String)
Exit: Helper method, createObject for class
Exit: SimpleUserProfileManager(String)
Enter: SimpleUserProfileManager(String), Namespace: com.topcoder.user.profile.manager.SimpleUserProfileManager
Enter: getPropertyString(). Property name: 'persistence_class'
Exit: getPropertyString().
Enter: Helper method, createObject for class 'com.topcoder.user.profile.manager.persistence.XMLUserProfilePersistence'
Enter: XMLUserProfilePersistence(String), Namespace: com.topcoder.user.profile.manager.SimpleUserProfileManager
Enter: getPropertyString(). Property name: 'profile_xml_file'
Exit: getPropertyString().
Enter: XMLUserProfilePersistence.initializeFile(File), Path: D:\TC\Active\ThisWeek\AdminLogic\FR3\test_files\accuracytests\profiles.xml
Exit: XMLUserProfilePersistence.initializeFile(File)
Enter: ProfileTypeFactory(String), Namespace: 'com.topcoder.user.profile.manager.SimpleUserProfileManager'
Enter: getPropertyString(). Property name: 'profile_type_factory_class'
Exit: getPropertyString().
Enter: Helper method, createObject for class 'com.topcoder.user.profile.manager.ConfigProfileTypeFactory'
Enter: ProfileTypeFactory(String), Namespace: 'com.topcoder.user.profile.manager.SimpleUserProfileManager'
Exit: ProfileTypeFactory(String)
Enter: ConfigProfileTypeFactory(String), Namespace: 'com.topcoder.user.profile.manager.SimpleUserProfileManager'
Exit: ConfigProfileTypeFactory(String)
Exit: Helper method, createObject for class
Exit: ProfileTypeFactory(String)
Exit: XMLUserProfilePersistence(String)
Exit: Helper method, createObject for class
Exit: SimpleUserProfileManager(String)
Enter: SimpleUserProfileManager(String), Namespace: com.topcoder.user.profile.manager.SimpleUserProfileManager
Enter: getPropertyString(). Property name: 'persistence_class'
Exit: getPropertyString().
Enter: Helper method, createObject for class 'com.topcoder.user.profile.manager.persistence.XMLUserProfilePersistence'
Enter: XMLUserProfilePersistence(String), Namespace: com.topcoder.user.profile.manager.SimpleUserProfileManager
Enter: getPropertyString(). Property name: 'profile_xml_file'
Exit: getPropertyString().
Enter: XMLUserProfilePersistence.initializeFile(File), Path: D:\TC\Active\ThisWeek\AdminLogic\FR3\test_files\accuracytests\profiles.xml
Exit: XMLUserProfilePersistence.initializeFile(File)
Enter: ProfileTypeFactory(String), Namespace: 'com.topcoder.user.profile.manager.SimpleUserProfileManager'
Enter: getPropertyString(). Property name: 'profile_type_factory_class'
Exit: getPropertyString().
Enter: Helper method, createObject for class 'com.topcoder.user.profile.manager.ConfigProfileTypeFactory'
Enter: ProfileTypeFactory(String), Namespace: 'com.topcoder.user.profile.manager.SimpleUserProfileManager'
Exit: ProfileTypeFactory(String)
Enter: ConfigProfileTypeFactory(String), Namespace: 'com.topcoder.user.profile.manager.SimpleUserProfileManager'
Exit: ConfigProfileTypeFactory(String)
Exit: Helper method, createObject for class
Exit: ProfileTypeFactory(String)
Exit: XMLUserProfilePersistence(String)
Exit: Helper method, createObject for class
Exit: SimpleUserProfileManager(String)
Enter: SimpleUserProfileManager(String), Namespace: com.topcoder.user.profile.manager.SimpleUserProfileManager
Enter: getPropertyString(). Property name: 'persistence_class'
Exit: getPropertyString().
Enter: Helper method, createObject for class 'com.topcoder.user.profile.manager.persistence.XMLUserProfilePersistence'
Enter: XMLUserProfilePersistence(String), Namespace: com.topcoder.user.profile.manager.SimpleUserProfileManager
Enter: getPropertyString(). Property name: 'profile_xml_file'
Exit: getPropertyString().
Enter: XMLUserProfilePersistence.initializeFile(File), Path: D:\TC\Active\ThisWeek\AdminLogic\FR3\test_files\accuracytests\profiles.xml
Exit: XMLUserProfilePersistence.initializeFile(File)
Enter: ProfileTypeFactory(String), Namespace: 'com.topcoder.user.profile.manager.SimpleUserProfileManager'
Enter: getPropertyString(). Property name: 'profile_type_factory_class'
Exit: getPropertyString().
Enter: Helper method, createObject for class 'com.topcoder.user.profile.manager.ConfigProfileTypeFactory'
Enter: ProfileTypeFactory(String), Namespace: 'com.topcoder.user.profile.manager.SimpleUserProfileManager'
Exit: ProfileTypeFactory(String)
Enter: ConfigProfileTypeFactory(String), Namespace: 'com.topcoder.user.profile.manager.SimpleUserProfileManager'
Exit: ConfigProfileTypeFactory(String)
Exit: Helper method, createObject for class
Exit: ProfileTypeFactory(String)
Exit: XMLUserProfilePersistence(String)
Exit: Helper method, createObject for class
Exit: SimpleUserProfileManager(String)
Enter: SimpleUserProfileManager.getUserProfile(), profileId: 1001
Enter: XMLUserProfilePersistence.retrieveProfile(long), ProfileId: 1001
Enter: XMLUserProfilePersistence.getElementById(String). ID: '1001'
Enter: XMLUserProfilePersistence.createProfile(Element)
Enter: getProfileType(String), Name: 'sponsor'
Exit: getProfileType(String)
Enter: XMLUserProfilePersistence.extractText(Node)
Exit: XMLUserProfilePersistence.extractText(Node)
Enter: XMLUserProfilePersistence.extractText(Node)
Exit: XMLUserProfilePersistence.extractText(Node)
Enter: XMLUserProfilePersistence.extractText(Node)
Exit: XMLUserProfilePersistence.extractText(Node)
Enter: XMLUserProfilePersistence.extractText(Node)
Exit: XMLUserProfilePersistence.extractText(Node)
Enter: XMLUserProfilePersistence.extractText(Node)
Exit: XMLUserProfilePersistence.extractText(Node)
Enter: XMLUserProfilePersistence.extractText(Node)
Exit: XMLUserProfilePersistence.extractText(Node)
Enter: XMLUserProfilePersistence.extractText(Node)
Exit: XMLUserProfilePersistence.extractText(Node)
Enter: XMLUserProfilePersistence.extractText(Node)
Exit: XMLUserProfilePersistence.extractText(Node)
Exit: XMLUserProfilePersistence.createProfile(Element)
Exit: XMLUserProfilePersistence.retrieveProfile(long)
Exit: SimpleUserProfileManager.getUserProfile()
Enter: SimpleUserProfileManager(String), Namespace: com.topcoder.user.profile.manager.SimpleUserProfileManager
Enter: getPropertyString(). Property name: 'persistence_class'
Exit: getPropertyString().
Enter: Helper method, createObject for class 'com.topcoder.user.profile.manager.persistence.XMLUserProfilePersistence'
Enter: XMLUserProfilePersistence(String), Namespace: com.topcoder.user.profile.manager.SimpleUserProfileManager
Enter: getPropertyString(). Property name: 'profile_xml_file'
Exit: getPropertyString().
Enter: XMLUserProfilePersistence.initializeFile(File), Path: D:\TC\Active\ThisWeek\AdminLogic\FR3\test_files\accuracytests\profiles.xml
Exit: XMLUserProfilePersistence.initializeFile(File)
Enter: ProfileTypeFactory(String), Namespace: 'com.topcoder.user.profile.manager.SimpleUserProfileManager'
Enter: getPropertyString(). Property name: 'profile_type_factory_class'
Exit: getPropertyString().
Enter: Helper method, createObject for class 'com.topcoder.user.profile.manager.ConfigProfileTypeFactory'
Enter: ProfileTypeFactory(String), Namespace: 'com.topcoder.user.profile.manager.SimpleUserProfileManager'
Exit: ProfileTypeFactory(String)
Enter: ConfigProfileTypeFactory(String), Namespace: 'com.topcoder.user.profile.manager.SimpleUserProfileManager'
Exit: ConfigProfileTypeFactory(String)
Exit: Helper method, createObject for class
Exit: ProfileTypeFactory(String)
Exit: XMLUserProfilePersistence(String)
Exit: Helper method, createObject for class
Exit: SimpleUserProfileManager(String)
Enter: SimpleUserProfileManager(String), Namespace: com.topcoder.user.profile.manager.SimpleUserProfileManager
Enter: getPropertyString(). Property name: 'persistence_class'
Exit: getPropertyString().
Enter: Helper method, createObject for class 'com.topcoder.user.profile.manager.persistence.XMLUserProfilePersistence'
Enter: XMLUserProfilePersistence(String), Namespace: com.topcoder.user.profile.manager.SimpleUserProfileManager
Enter: getPropertyString(). Property name: 'profile_xml_file'
Exit: getPropertyString().
Enter: XMLUserProfilePersistence.initializeFile(File), Path: D:\TC\Active\ThisWeek\AdminLogic\FR3\test_files\accuracytests\profiles.xml
Exit: XMLUserProfilePersistence.initializeFile(File)
Enter: ProfileTypeFactory(String), Namespace: 'com.topcoder.user.profile.manager.SimpleUserProfileManager'
Enter: getPropertyString(). Property name: 'profile_type_factory_class'
Exit: getPropertyString().
Enter: Helper method, createObject for class 'com.topcoder.user.profile.manager.ConfigProfileTypeFactory'
Enter: ProfileTypeFactory(String), Namespace: 'com.topcoder.user.profile.manager.SimpleUserProfileManager'
Exit: ProfileTypeFactory(String)
Enter: ConfigProfileTypeFactory(String), Namespace: 'com.topcoder.user.profile.manager.SimpleUserProfileManager'
Exit: ConfigProfileTypeFactory(String)
Exit: Helper method, createObject for class
Exit: ProfileTypeFactory(String)
Exit: XMLUserProfilePersistence(String)
Exit: Helper method, createObject for class
Exit: SimpleUserProfileManager(String)
Enter: SimpleUserProfileManager(String), Namespace: com.topcoder.user.profile.manager.SimpleUserProfileManager
Enter: getPropertyString(). Property name: 'persistence_class'
Exit: getPropertyString().
Enter: Helper method, createObject for class 'com.topcoder.user.profile.manager.persistence.XMLUserProfilePersistence'
Enter: XMLUserProfilePersistence(String), Namespace: com.topcoder.user.profile.manager.SimpleUserProfileManager
Enter: getPropertyString(). Property name: 'profile_xml_file'
Exit: getPropertyString().
Enter: XMLUserProfilePersistence.initializeFile(File), Path: D:\TC\Active\ThisWeek\AdminLogic\FR3\test_files\accuracytests\profiles.xml
Exit: XMLUserProfilePersistence.initializeFile(File)
Enter: ProfileTypeFactory(String), Namespace: 'com.topcoder.user.profile.manager.SimpleUserProfileManager'
Enter: getPropertyString(). Property name: 'profile_type_factory_class'
Exit: getPropertyString().
Enter: Helper method, createObject for class 'com.topcoder.user.profile.manager.ConfigProfileTypeFactory'
Enter: ProfileTypeFactory(String), Namespace: 'com.topcoder.user.profile.manager.SimpleUserProfileManager'
Exit: ProfileTypeFactory(String)
Enter: ConfigProfileTypeFactory(String), Namespace: 'com.topcoder.user.profile.manager.SimpleUserProfileManager'
Exit: ConfigProfileTypeFactory(String)
Exit: Helper method, createObject for class
Exit: ProfileTypeFactory(String)
Exit: XMLUserProfilePersistence(String)
Exit: Helper method, createObject for class
Exit: SimpleUserProfileManager(String)
Enter: SimpleUserProfileManager(String), Namespace: com.topcoder.user.profile.manager.SimpleUserProfileManager
Enter: getPropertyString(). Property name: 'persistence_class'
Exit: getPropertyString().
Enter: Helper method, createObject for class 'com.topcoder.user.profile.manager.persistence.XMLUserProfilePersistence'
Enter: XMLUserProfilePersistence(String), Namespace: com.topcoder.user.profile.manager.SimpleUserProfileManager
Enter: getPropertyString(). Property name: 'profile_xml_file'
Exit: getPropertyString().
Enter: XMLUserProfilePersistence.initializeFile(File), Path: D:\TC\Active\ThisWeek\AdminLogic\FR3\test_files\accuracytests\profiles.xml
Exit: XMLUserProfilePersistence.initializeFile(File)
Enter: ProfileTypeFactory(String), Namespace: 'com.topcoder.user.profile.manager.SimpleUserProfileManager'
Enter: getPropertyString(). Property name: 'profile_type_factory_class'
Exit: getPropertyString().
Enter: Helper method, createObject for class 'com.topcoder.user.profile.manager.ConfigProfileTypeFactory'
Enter: ProfileTypeFactory(String), Namespace: 'com.topcoder.user.profile.manager.SimpleUserProfileManager'
Exit: ProfileTypeFactory(String)
Enter: ConfigProfileTypeFactory(String), Namespace: 'com.topcoder.user.profile.manager.SimpleUserProfileManager'
Exit: ConfigProfileTypeFactory(String)
Exit: Helper method, createObject for class
Exit: ProfileTypeFactory(String)
Exit: XMLUserProfilePersistence(String)
Exit: Helper method, createObject for class
Exit: SimpleUserProfileManager(String)
Enter: SimpleUserProfileManager(String), Namespace: com.topcoder.user.profile.manager.SimpleUserProfileManager
Enter: getPropertyString(). Property name: 'persistence_class'
Exit: getPropertyString().
Enter: Helper method, createObject for class 'com.topcoder.user.profile.manager.persistence.XMLUserProfilePersistence'
Enter: XMLUserProfilePersistence(String), Namespace: com.topcoder.user.profile.manager.SimpleUserProfileManager
Enter: getPropertyString(). Property name: 'profile_xml_file'
Exit: getPropertyString().
Enter: XMLUserProfilePersistence.initializeFile(File), Path: D:\TC\Active\ThisWeek\AdminLogic\FR3\test_files\accuracytests\profiles.xml
Exit: XMLUserProfilePersistence.initializeFile(File)
Enter: ProfileTypeFactory(String), Namespace: 'com.topcoder.user.profile.manager.SimpleUserProfileManager'
Enter: getPropertyString(). Property name: 'profile_type_factory_class'
Exit: getPropertyString().
Enter: Helper method, createObject for class 'com.topcoder.user.profile.manager.ConfigProfileTypeFactory'
Enter: ProfileTypeFactory(String), Namespace: 'com.topcoder.user.profile.manager.SimpleUserProfileManager'
Exit: ProfileTypeFactory(String)
Enter: ConfigProfileTypeFactory(String), Namespace: 'com.topcoder.user.profile.manager.SimpleUserProfileManager'
Exit: ConfigProfileTypeFactory(String)
Exit: Helper method, createObject for class
Exit: ProfileTypeFactory(String)
Exit: XMLUserProfilePersistence(String)
Exit: Helper method, createObject for class
Exit: SimpleUserProfileManager(String)
Enter: SimpleUserProfileManager(String), Namespace: com.topcoder.user.profile.manager.SimpleUserProfileManager
Enter: getPropertyString(). Property name: 'persistence_class'
Exit: getPropertyString().
Enter: Helper method, createObject for class 'com.topcoder.user.profile.manager.persistence.XMLUserProfilePersistence'
Enter: XMLUserProfilePersistence(String), Namespace: com.topcoder.user.profile.manager.SimpleUserProfileManager
Enter: getPropertyString(). Property name: 'profile_xml_file'
Exit: getPropertyString().
Enter: XMLUserProfilePersistence.initializeFile(File), Path: D:\TC\Active\ThisWeek\AdminLogic\FR3\test_files\accuracytests\profiles.xml
Exit: XMLUserProfilePersistence.initializeFile(File)
Enter: ProfileTypeFactory(String), Namespace: 'com.topcoder.user.profile.manager.SimpleUserProfileManager'
Enter: getPropertyString(). Property name: 'profile_type_factory_class'
Exit: getPropertyString().
Enter: Helper method, createObject for class 'com.topcoder.user.profile.manager.ConfigProfileTypeFactory'
Enter: ProfileTypeFactory(String), Namespace: 'com.topcoder.user.profile.manager.SimpleUserProfileManager'
Exit: ProfileTypeFactory(String)
Enter: ConfigProfileTypeFactory(String), Namespace: 'com.topcoder.user.profile.manager.SimpleUserProfileManager'
Exit: ConfigProfileTypeFactory(String)
Exit: Helper method, createObject for class
Exit: ProfileTypeFactory(String)
Exit: XMLUserProfilePersistence(String)
Exit: Helper method, createObject for class
Exit: SimpleUserProfileManager(String)
Enter: SimpleUserProfileManager(String), Namespace: com.topcoder.user.profile.manager.SimpleUserProfileManager
Enter: getPropertyString(). Property name: 'persistence_class'
Exit: getPropertyString().
Enter: Helper method, createObject for class 'com.topcoder.user.profile.manager.persistence.XMLUserProfilePersistence'
Enter: XMLUserProfilePersistence(String), Namespace: com.topcoder.user.profile.manager.SimpleUserProfileManager
Enter: getPropertyString(). Property name: 'profile_xml_file'
Exit: getPropertyString().
Enter: XMLUserProfilePersistence.initializeFile(File), Path: D:\TC\Active\ThisWeek\AdminLogic\FR3\test_files\accuracytests\profiles.xml
Exit: XMLUserProfilePersistence.initializeFile(File)
Enter: ProfileTypeFactory(String), Namespace: 'com.topcoder.user.profile.manager.SimpleUserProfileManager'
Enter: getPropertyString(). Property name: 'profile_type_factory_class'
Exit: getPropertyString().
Enter: Helper method, createObject for class 'com.topcoder.user.profile.manager.ConfigProfileTypeFactory'
Enter: ProfileTypeFactory(String), Namespace: 'com.topcoder.user.profile.manager.SimpleUserProfileManager'
Exit: ProfileTypeFactory(String)
Enter: ConfigProfileTypeFactory(String), Namespace: 'com.topcoder.user.profile.manager.SimpleUserProfileManager'
Exit: ConfigProfileTypeFactory(String)
Exit: Helper method, createObject for class
Exit: ProfileTypeFactory(String)
Exit: XMLUserProfilePersistence(String)
Exit: Helper method, createObject for class
Exit: SimpleUserProfileManager(String)
Enter: SimpleUserProfileManager(String), Namespace: com.topcoder.user.profile.manager.SimpleUserProfileManager
Enter: getPropertyString(). Property name: 'persistence_class'
Exit: getPropertyString().
Enter: Helper method, createObject for class 'com.topcoder.user.profile.manager.persistence.XMLUserProfilePersistence'
Enter: XMLUserProfilePersistence(String), Namespace: com.topcoder.user.profile.manager.SimpleUserProfileManager
Enter: getPropertyString(). Property name: 'profile_xml_file'
Exit: getPropertyString().
Enter: XMLUserProfilePersistence.initializeFile(File), Path: D:\TC\Active\ThisWeek\AdminLogic\FR3\test_files\accuracytests\profiles.xml
Exit: XMLUserProfilePersistence.initializeFile(File)
Enter: ProfileTypeFactory(String), Namespace: 'com.topcoder.user.profile.manager.SimpleUserProfileManager'
Enter: getPropertyString(). Property name: 'profile_type_factory_class'
Exit: getPropertyString().
Enter: Helper method, createObject for class 'com.topcoder.user.profile.manager.ConfigProfileTypeFactory'
Enter: ProfileTypeFactory(String), Namespace: 'com.topcoder.user.profile.manager.SimpleUserProfileManager'
Exit: ProfileTypeFactory(String)
Enter: ConfigProfileTypeFactory(String), Namespace: 'com.topcoder.user.profile.manager.SimpleUserProfileManager'
Exit: ConfigProfileTypeFactory(String)
Exit: Helper method, createObject for class
Exit: ProfileTypeFactory(String)
Exit: XMLUserProfilePersistence(String)
Exit: Helper method, createObject for class
Exit: SimpleUserProfileManager(String)
Enter: SimpleUserProfileManager(String), Namespace: com.topcoder.user.profile.manager.SimpleUserProfileManager
Enter: getPropertyString(). Property name: 'persistence_class'
Exit: getPropertyString().
Enter: Helper method, createObject for class 'com.topcoder.user.profile.manager.persistence.XMLUserProfilePersistence'
Enter: XMLUserProfilePersistence(String), Namespace: com.topcoder.user.profile.manager.SimpleUserProfileManager
Enter: getPropertyString(). Property name: 'profile_xml_file'
Exit: getPropertyString().
Enter: XMLUserProfilePersistence.initializeFile(File), Path: D:\TC\Active\ThisWeek\AdminLogic\FR3\test_files\accuracytests\profiles.xml
Exit: XMLUserProfilePersistence.initializeFile(File)
Enter: ProfileTypeFactory(String), Namespace: 'com.topcoder.user.profile.manager.SimpleUserProfileManager'
Enter: getPropertyString(). Property name: 'profile_type_factory_class'
Exit: getPropertyString().
Enter: Helper method, createObject for class 'com.topcoder.user.profile.manager.ConfigProfileTypeFactory'
Enter: ProfileTypeFactory(String), Namespace: 'com.topcoder.user.profile.manager.SimpleUserProfileManager'
Exit: ProfileTypeFactory(String)
Enter: ConfigProfileTypeFactory(String), Namespace: 'com.topcoder.user.profile.manager.SimpleUserProfileManager'
Exit: ConfigProfileTypeFactory(String)
Exit: Helper method, createObject for class
Exit: ProfileTypeFactory(String)
Exit: XMLUserProfilePersistence(String)
Exit: Helper method, createObject for class
Exit: SimpleUserProfileManager(String)
Enter: SimpleUserProfileManager(String), Namespace: com.topcoder.user.profile.manager.SimpleUserProfileManager
Enter: getPropertyString(). Property name: 'persistence_class'
Exit: getPropertyString().
Enter: Helper method, createObject for class 'com.topcoder.user.profile.manager.persistence.XMLUserProfilePersistence'
Enter: XMLUserProfilePersistence(String), Namespace: com.topcoder.user.profile.manager.SimpleUserProfileManager
Enter: getPropertyString(). Property name: 'profile_xml_file'
Exit: getPropertyString().
Enter: XMLUserProfilePersistence.initializeFile(File), Path: D:\TC\Active\ThisWeek\AdminLogic\FR3\test_files\accuracytests\profiles.xml
Exit: XMLUserProfilePersistence.initializeFile(File)
Enter: ProfileTypeFactory(String), Namespace: 'com.topcoder.user.profile.manager.SimpleUserProfileManager'
Enter: getPropertyString(). Property name: 'profile_type_factory_class'
Exit: getPropertyString().
Enter: Helper method, createObject for class 'com.topcoder.user.profile.manager.ConfigProfileTypeFactory'
Enter: ProfileTypeFactory(String), Namespace: 'com.topcoder.user.profile.manager.SimpleUserProfileManager'
Exit: ProfileTypeFactory(String)
Enter: ConfigProfileTypeFactory(String), Namespace: 'com.topcoder.user.profile.manager.SimpleUserProfileManager'
Exit: ConfigProfileTypeFactory(String)
Exit: Helper method, createObject for class
Exit: ProfileTypeFactory(String)
Exit: XMLUserProfilePersistence(String)
Exit: Helper method, createObject for class
Exit: SimpleUserProfileManager(String)
Enter: SimpleUserProfileManager(String), Namespace: com.topcoder.user.profile.manager.SimpleUserProfileManager
Enter: getPropertyString(). Property name: 'persistence_class'
Exit: getPropertyString().
Enter: Helper method, createObject for class 'com.topcoder.user.profile.manager.persistence.XMLUserProfilePersistence'
Enter: XMLUserProfilePersistence(String), Namespace: com.topcoder.user.profile.manager.SimpleUserProfileManager
Enter: getPropertyString(). Property name: 'profile_xml_file'
Exit: getPropertyString().
Enter: XMLUserProfilePersistence.initializeFile(File), Path: D:\TC\Active\ThisWeek\AdminLogic\FR3\test_files\accuracytests\profiles.xml
Exit: XMLUserProfilePersistence.initializeFile(File)
Enter: ProfileTypeFactory(String), Namespace: 'com.topcoder.user.profile.manager.SimpleUserProfileManager'
Enter: getPropertyString(). Property name: 'profile_type_factory_class'
Exit: getPropertyString().
Enter: Helper method, createObject for class 'com.topcoder.user.profile.manager.ConfigProfileTypeFactory'
Enter: ProfileTypeFactory(String), Namespace: 'com.topcoder.user.profile.manager.SimpleUserProfileManager'
Exit: ProfileTypeFactory(String)
Enter: ConfigProfileTypeFactory(String), Namespace: 'com.topcoder.user.profile.manager.SimpleUserProfileManager'
Exit: ConfigProfileTypeFactory(String)
Exit: Helper method, createObject for class
Exit: ProfileTypeFactory(String)
Exit: XMLUserProfilePersistence(String)
Exit: Helper method, createObject for class
Exit: SimpleUserProfileManager(String)
Enter: SimpleUserProfileManager.getUserProfile(), profileId: 1001
Enter: XMLUserProfilePersistence.retrieveProfile(long), ProfileId: 1001
Enter: XMLUserProfilePersistence.getElementById(String). ID: '1001'
Enter: XMLUserProfilePersistence.createProfile(Element)
Enter: getProfileType(String), Name: 'sponsor'
Exit: getProfileType(String)
Enter: XMLUserProfilePersistence.extractText(Node)
Exit: XMLUserProfilePersistence.extractText(Node)
Enter: XMLUserProfilePersistence.extractText(Node)
Exit: XMLUserProfilePersistence.extractText(Node)
Enter: XMLUserProfilePersistence.extractText(Node)
Exit: XMLUserProfilePersistence.extractText(Node)
Enter: XMLUserProfilePersistence.extractText(Node)
Exit: XMLUserProfilePersistence.extractText(Node)
Enter: XMLUserProfilePersistence.extractText(Node)
Exit: XMLUserProfilePersistence.extractText(Node)
Enter: XMLUserProfilePersistence.extractText(Node)
Exit: XMLUserProfilePersistence.extractText(Node)
Enter: XMLUserProfilePersistence.extractText(Node)
Exit: XMLUserProfilePersistence.extractText(Node)
Enter: XMLUserProfilePersistence.extractText(Node)
Exit: XMLUserProfilePersistence.extractText(Node)
Exit: XMLUserProfilePersistence.createProfile(Element)
Exit: XMLUserProfilePersistence.retrieveProfile(long)
Exit: SimpleUserProfileManager.getUserProfile()
Enter: SimpleUserProfileManager.updateUserProfile()
Enter: XMLUserProfilePersistence.updateProfile(UserProfile), ProfileId: 1001
Enter: XMLUserProfilePersistence.getElementById(String). ID: '1001'
Enter: XMLUserProfilePersistence.createElement(UserProfile), ProfileId: 1001
Exit: XMLUserProfilePersistence.createElement(UserProfile)
Exit: XMLUserProfilePersistence.updateProfile(UserProfile).
Exit: SimpleUserProfileManager.updateUserProfile()
Enter: SimpleUserProfileManager(String), Namespace: com.topcoder.user.profile.manager.SimpleUserProfileManager
Enter: getPropertyString(). Property name: 'persistence_class'
Exit: getPropertyString().
Enter: Helper method, createObject for class 'com.topcoder.user.profile.manager.persistence.XMLUserProfilePersistence'
Enter: XMLUserProfilePersistence(String), Namespace: com.topcoder.user.profile.manager.SimpleUserProfileManager
Enter: getPropertyString(). Property name: 'profile_xml_file'
Exit: getPropertyString().
Enter: XMLUserProfilePersistence.initializeFile(File), Path: D:\TC\Active\ThisWeek\AdminLogic\FR3\test_files\accuracytests\profiles.xml
Exit: XMLUserProfilePersistence.initializeFile(File)
Enter: ProfileTypeFactory(String), Namespace: 'com.topcoder.user.profile.manager.SimpleUserProfileManager'
Enter: getPropertyString(). Property name: 'profile_type_factory_class'
Exit: getPropertyString().
Enter: Helper method, createObject for class 'com.topcoder.user.profile.manager.ConfigProfileTypeFactory'
Enter: ProfileTypeFactory(String), Namespace: 'com.topcoder.user.profile.manager.SimpleUserProfileManager'
Exit: ProfileTypeFactory(String)
Enter: ConfigProfileTypeFactory(String), Namespace: 'com.topcoder.user.profile.manager.SimpleUserProfileManager'
Exit: ConfigProfileTypeFactory(String)
Exit: Helper method, createObject for class
Exit: ProfileTypeFactory(String)
Exit: XMLUserProfilePersistence(String)
Exit: Helper method, createObject for class
Exit: SimpleUserProfileManager(String)
Enter: SimpleUserProfileManager(String), Namespace: com.topcoder.user.profile.manager.SimpleUserProfileManager
Enter: getPropertyString(). Property name: 'persistence_class'
Exit: getPropertyString().
Enter: Helper method, createObject for class 'com.topcoder.user.profile.manager.persistence.XMLUserProfilePersistence'
Enter: XMLUserProfilePersistence(String), Namespace: com.topcoder.user.profile.manager.SimpleUserProfileManager
Enter: getPropertyString(). Property name: 'profile_xml_file'
Exit: getPropertyString().
Enter: XMLUserProfilePersistence.initializeFile(File), Path: D:\TC\Active\ThisWeek\AdminLogic\FR3\test_files\accuracytests\profiles.xml
Exit: XMLUserProfilePersistence.initializeFile(File)
Enter: ProfileTypeFactory(String), Namespace: 'com.topcoder.user.profile.manager.SimpleUserProfileManager'
Enter: getPropertyString(). Property name: 'profile_type_factory_class'
Exit: getPropertyString().
Enter: Helper method, createObject for class 'com.topcoder.user.profile.manager.ConfigProfileTypeFactory'
Enter: ProfileTypeFactory(String), Namespace: 'com.topcoder.user.profile.manager.SimpleUserProfileManager'
Exit: ProfileTypeFactory(String)
Enter: ConfigProfileTypeFactory(String), Namespace: 'com.topcoder.user.profile.manager.SimpleUserProfileManager'
Exit: ConfigProfileTypeFactory(String)
Exit: Helper method, createObject for class
Exit: ProfileTypeFactory(String)
Exit: XMLUserProfilePersistence(String)
Exit: Helper method, createObject for class
Exit: SimpleUserProfileManager(String)
Enter: SimpleUserProfileManager.getUserProfile(), profileId: 1001
Enter: XMLUserProfilePersistence.retrieveProfile(long), ProfileId: 1001
Enter: XMLUserProfilePersistence.getElementById(String). ID: '1001'
Enter: XMLUserProfilePersistence.createProfile(Element)
Enter: getProfileType(String), Name: 'sponsor'
Exit: getProfileType(String)
Enter: XMLUserProfilePersistence.extractText(Node)
Exit: XMLUserProfilePersistence.extractText(Node)
Enter: XMLUserProfilePersistence.extractText(Node)
Exit: XMLUserProfilePersistence.extractText(Node)
Enter: XMLUserProfilePersistence.extractText(Node)
Exit: XMLUserProfilePersistence.extractText(Node)
Enter: XMLUserProfilePersistence.extractText(Node)
Exit: XMLUserProfilePersistence.extractText(Node)
Enter: XMLUserProfilePersistence.extractText(Node)
Exit: XMLUserProfilePersistence.extractText(Node)
Enter: XMLUserProfilePersistence.extractText(Node)
Exit: XMLUserProfilePersistence.extractText(Node)
Enter: XMLUserProfilePersistence.extractText(Node)
Exit: XMLUserProfilePersistence.extractText(Node)
Enter: XMLUserProfilePersistence.extractText(Node)
Exit: XMLUserProfilePersistence.extractText(Node)
Exit: XMLUserProfilePersistence.createProfile(Element)
Exit: XMLUserProfilePersistence.retrieveProfile(long)
Exit: SimpleUserProfileManager.getUserProfile()
Enter: SimpleUserProfileManager.updateUserProfile()
Enter: XMLUserProfilePersistence.updateProfile(UserProfile), ProfileId: 1001
Enter: XMLUserProfilePersistence.getElementById(String). ID: '1001'
Enter: XMLUserProfilePersistence.createElement(UserProfile), ProfileId: 1001
Exit: XMLUserProfilePersistence.createElement(UserProfile)
Exit: XMLUserProfilePersistence.updateProfile(UserProfile).
Exit: SimpleUserProfileManager.updateUserProfile()
Enter: SimpleUserProfileManager(String), Namespace: com.topcoder.user.profile.manager.SimpleUserProfileManager
Enter: getPropertyString(). Property name: 'persistence_class'
Exit: getPropertyString().
Enter: Helper method, createObject for class 'com.topcoder.user.profile.manager.persistence.XMLUserProfilePersistence'
Enter: XMLUserProfilePersistence(String), Namespace: com.topcoder.user.profile.manager.SimpleUserProfileManager
Enter: getPropertyString(). Property name: 'profile_xml_file'
Exit: getPropertyString().
Enter: XMLUserProfilePersistence.initializeFile(File), Path: D:\TC\Active\ThisWeek\AdminLogic\FR3\test_files\accuracytests\profiles.xml
Exit: XMLUserProfilePersistence.initializeFile(File)
Enter: ProfileTypeFactory(String), Namespace: 'com.topcoder.user.profile.manager.SimpleUserProfileManager'
Enter: getPropertyString(). Property name: 'profile_type_factory_class'
Exit: getPropertyString().
Enter: Helper method, createObject for class 'com.topcoder.user.profile.manager.ConfigProfileTypeFactory'
Enter: ProfileTypeFactory(String), Namespace: 'com.topcoder.user.profile.manager.SimpleUserProfileManager'
Exit: ProfileTypeFactory(String)
Enter: ConfigProfileTypeFactory(String), Namespace: 'com.topcoder.user.profile.manager.SimpleUserProfileManager'
Exit: ConfigProfileTypeFactory(String)
Exit: Helper method, createObject for class
Exit: ProfileTypeFactory(String)
Exit: XMLUserProfilePersistence(String)
Exit: Helper method, createObject for class
Exit: SimpleUserProfileManager(String)
Enter: SimpleUserProfileManager(String), Namespace: com.topcoder.user.profile.manager.SimpleUserProfileManager
Enter: getPropertyString(). Property name: 'persistence_class'
Exit: getPropertyString().
Enter: Helper method, createObject for class 'com.topcoder.user.profile.manager.persistence.XMLUserProfilePersistence'
Enter: XMLUserProfilePersistence(String), Namespace: com.topcoder.user.profile.manager.SimpleUserProfileManager
Enter: getPropertyString(). Property name: 'profile_xml_file'
Exit: getPropertyString().
Enter: XMLUserProfilePersistence.initializeFile(File), Path: D:\TC\Active\ThisWeek\AdminLogic\FR3\test_files\accuracytests\profiles.xml
Exit: XMLUserProfilePersistence.initializeFile(File)
Enter: ProfileTypeFactory(String), Namespace: 'com.topcoder.user.profile.manager.SimpleUserProfileManager'
Enter: getPropertyString(). Property name: 'profile_type_factory_class'
Exit: getPropertyString().
Enter: Helper method, createObject for class 'com.topcoder.user.profile.manager.ConfigProfileTypeFactory'
Enter: ProfileTypeFactory(String), Namespace: 'com.topcoder.user.profile.manager.SimpleUserProfileManager'
Exit: ProfileTypeFactory(String)
Enter: ConfigProfileTypeFactory(String), Namespace: 'com.topcoder.user.profile.manager.SimpleUserProfileManager'
Exit: ConfigProfileTypeFactory(String)
Exit: Helper method, createObject for class
Exit: ProfileTypeFactory(String)
Exit: XMLUserProfilePersistence(String)
Exit: Helper method, createObject for class
Exit: SimpleUserProfileManager(String)
Enter: SimpleUserProfileManager.getUserProfile(), profileId: 1001
Enter: XMLUserProfilePersistence.retrieveProfile(long), ProfileId: 1001
Enter: XMLUserProfilePersistence.getElementById(String). ID: '1001'
Enter: XMLUserProfilePersistence.createProfile(Element)
Enter: getProfileType(String), Name: 'sponsor'
Exit: getProfileType(String)
Enter: XMLUserProfilePersistence.extractText(Node)
Exit: XMLUserProfilePersistence.extractText(Node)
Enter: XMLUserProfilePersistence.extractText(Node)
Exit: XMLUserProfilePersistence.extractText(Node)
Enter: XMLUserProfilePersistence.extractText(Node)
Exit: XMLUserProfilePersistence.extractText(Node)
Enter: XMLUserProfilePersistence.extractText(Node)
Exit: XMLUserProfilePersistence.extractText(Node)
Enter: XMLUserProfilePersistence.extractText(Node)
Exit: XMLUserProfilePersistence.extractText(Node)
Enter: XMLUserProfilePersistence.extractText(Node)
Exit: XMLUserProfilePersistence.extractText(Node)
Enter: XMLUserProfilePersistence.extractText(Node)
Exit: XMLUserProfilePersistence.extractText(Node)
Enter: XMLUserProfilePersistence.extractText(Node)
Exit: XMLUserProfilePersistence.extractText(Node)
Exit: XMLUserProfilePersistence.createProfile(Element)
Exit: XMLUserProfilePersistence.retrieveProfile(long)
Exit: SimpleUserProfileManager.getUserProfile()
Enter: SimpleUserProfileManager(String), Namespace: com.topcoder.user.profile.manager.SimpleUserProfileManager
Enter: getPropertyString(). Property name: 'persistence_class'
Exit: getPropertyString().
Enter: Helper method, createObject for class 'com.topcoder.user.profile.manager.persistence.XMLUserProfilePersistence'
Enter: XMLUserProfilePersistence(String), Namespace: com.topcoder.user.profile.manager.SimpleUserProfileManager
Enter: getPropertyString(). Property name: 'profile_xml_file'
Exit: getPropertyString().
Enter: XMLUserProfilePersistence.initializeFile(File), Path: D:\TC\Active\ThisWeek\AdminLogic\FR3\test_files\accuracytests\profiles.xml
Exit: XMLUserProfilePersistence.initializeFile(File)
Enter: ProfileTypeFactory(String), Namespace: 'com.topcoder.user.profile.manager.SimpleUserProfileManager'
Enter: getPropertyString(). Property name: 'profile_type_factory_class'
Exit: getPropertyString().
Enter: Helper method, createObject for class 'com.topcoder.user.profile.manager.ConfigProfileTypeFactory'
Enter: ProfileTypeFactory(String), Namespace: 'com.topcoder.user.profile.manager.SimpleUserProfileManager'
Exit: ProfileTypeFactory(String)
Enter: ConfigProfileTypeFactory(String), Namespace: 'com.topcoder.user.profile.manager.SimpleUserProfileManager'
Exit: ConfigProfileTypeFactory(String)
Exit: Helper method, createObject for class
Exit: ProfileTypeFactory(String)
Exit: XMLUserProfilePersistence(String)
Exit: Helper method, createObject for class
Exit: SimpleUserProfileManager(String)
Enter: SimpleUserProfileManager(String), Namespace: com.topcoder.user.profile.manager.SimpleUserProfileManager
Enter: getPropertyString(). Property name: 'persistence_class'
Exit: getPropertyString().
Enter: Helper method, createObject for class 'com.topcoder.user.profile.manager.persistence.XMLUserProfilePersistence'
Enter: XMLUserProfilePersistence(String), Namespace: com.topcoder.user.profile.manager.SimpleUserProfileManager
Enter: getPropertyString(). Property name: 'profile_xml_file'
Exit: getPropertyString().
Enter: XMLUserProfilePersistence.initializeFile(File), Path: D:\TC\Active\ThisWeek\AdminLogic\FR3\test_files\accuracytests\profiles.xml
Exit: XMLUserProfilePersistence.initializeFile(File)
Enter: ProfileTypeFactory(String), Namespace: 'com.topcoder.user.profile.manager.SimpleUserProfileManager'
Enter: getPropertyString(). Property name: 'profile_type_factory_class'
Exit: getPropertyString().
Enter: Helper method, createObject for class 'com.topcoder.user.profile.manager.ConfigProfileTypeFactory'
Enter: ProfileTypeFactory(String), Namespace: 'com.topcoder.user.profile.manager.SimpleUserProfileManager'
Exit: ProfileTypeFactory(String)
Enter: ConfigProfileTypeFactory(String), Namespace: 'com.topcoder.user.profile.manager.SimpleUserProfileManager'
Exit: ConfigProfileTypeFactory(String)
Exit: Helper method, createObject for class
Exit: ProfileTypeFactory(String)
Exit: XMLUserProfilePersistence(String)
Exit: Helper method, createObject for class
Exit: SimpleUserProfileManager(String)
Enter: SimpleUserProfileManager(String), Namespace: com.topcoder.user.profile.manager.SimpleUserProfileManager
Enter: getPropertyString(). Property name: 'persistence_class'
Exit: getPropertyString().
Enter: Helper method, createObject for class 'com.topcoder.user.profile.manager.persistence.XMLUserProfilePersistence'
Enter: XMLUserProfilePersistence(String), Namespace: com.topcoder.user.profile.manager.SimpleUserProfileManager
Enter: getPropertyString(). Property name: 'profile_xml_file'
Exit: getPropertyString().
Enter: XMLUserProfilePersistence.initializeFile(File), Path: D:\TC\Active\ThisWeek\AdminLogic\FR3\test_files\accuracytests\profiles.xml
Exit: XMLUserProfilePersistence.initializeFile(File)
Enter: ProfileTypeFactory(String), Namespace: 'com.topcoder.user.profile.manager.SimpleUserProfileManager'
Enter: getPropertyString(). Property name: 'profile_type_factory_class'
Exit: getPropertyString().
Enter: Helper method, createObject for class 'com.topcoder.user.profile.manager.ConfigProfileTypeFactory'
Enter: ProfileTypeFactory(String), Namespace: 'com.topcoder.user.profile.manager.SimpleUserProfileManager'
Exit: ProfileTypeFactory(String)
Enter: ConfigProfileTypeFactory(String), Namespace: 'com.topcoder.user.profile.manager.SimpleUserProfileManager'
Exit: ConfigProfileTypeFactory(String)
Exit: Helper method, createObject for class
Exit: ProfileTypeFactory(String)
Exit: XMLUserProfilePersistence(String)
Exit: Helper method, createObject for class
Exit: SimpleUserProfileManager(String)
Enter: SimpleUserProfileManager.getUserProfile(), profileId: 1001
Enter: XMLUserProfilePersistence.retrieveProfile(long), ProfileId: 1001
Enter: XMLUserProfilePersistence.getElementById(String). ID: '1001'
Enter: XMLUserProfilePersistence.createProfile(Element)
Enter: getProfileType(String), Name: 'sponsor'
Exit: getProfileType(String)
Enter: XMLUserProfilePersistence.extractText(Node)
Exit: XMLUserProfilePersistence.extractText(Node)
Enter: XMLUserProfilePersistence.extractText(Node)
Exit: XMLUserProfilePersistence.extractText(Node)
Enter: XMLUserProfilePersistence.extractText(Node)
Exit: XMLUserProfilePersistence.extractText(Node)
Enter: XMLUserProfilePersistence.extractText(Node)
Exit: XMLUserProfilePersistence.extractText(Node)
Enter: XMLUserProfilePersistence.extractText(Node)
Exit: XMLUserProfilePersistence.extractText(Node)
Enter: XMLUserProfilePersistence.extractText(Node)
Exit: XMLUserProfilePersistence.extractText(Node)
Enter: XMLUserProfilePersistence.extractText(Node)
Exit: XMLUserProfilePersistence.extractText(Node)
Enter: XMLUserProfilePersistence.extractText(Node)
Exit: XMLUserProfilePersistence.extractText(Node)
Exit: XMLUserProfilePersistence.createProfile(Element)
Exit: XMLUserProfilePersistence.retrieveProfile(long)
Exit: SimpleUserProfileManager.getUserProfile()
Enter: SimpleUserProfileManager(String), Namespace: com.topcoder.user.profile.manager.SimpleUserProfileManager
Enter: getPropertyString(). Property name: 'persistence_class'
Exit: getPropertyString().
Enter: Helper method, createObject for class 'com.topcoder.user.profile.manager.persistence.XMLUserProfilePersistence'
Enter: XMLUserProfilePersistence(String), Namespace: com.topcoder.user.profile.manager.SimpleUserProfileManager
Enter: getPropertyString(). Property name: 'profile_xml_file'
Exit: getPropertyString().
Enter: XMLUserProfilePersistence.initializeFile(File), Path: D:\TC\Active\ThisWeek\AdminLogic\FR3\test_files\accuracytests\profiles.xml
Exit: XMLUserProfilePersistence.initializeFile(File)
Enter: ProfileTypeFactory(String), Namespace: 'com.topcoder.user.profile.manager.SimpleUserProfileManager'
Enter: getPropertyString(). Property name: 'profile_type_factory_class'
Exit: getPropertyString().
Enter: Helper method, createObject for class 'com.topcoder.user.profile.manager.ConfigProfileTypeFactory'
Enter: ProfileTypeFactory(String), Namespace: 'com.topcoder.user.profile.manager.SimpleUserProfileManager'
Exit: ProfileTypeFactory(String)
Enter: ConfigProfileTypeFactory(String), Namespace: 'com.topcoder.user.profile.manager.SimpleUserProfileManager'
Exit: ConfigProfileTypeFactory(String)
Exit: Helper method, createObject for class
Exit: ProfileTypeFactory(String)
Exit: XMLUserProfilePersistence(String)
Exit: Helper method, createObject for class
Exit: SimpleUserProfileManager(String)
Enter: SimpleUserProfileManager(String), Namespace: com.topcoder.user.profile.manager.SimpleUserProfileManager
Enter: getPropertyString(). Property name: 'persistence_class'
Exit: getPropertyString().
Enter: Helper method, createObject for class 'com.topcoder.user.profile.manager.persistence.XMLUserProfilePersistence'
Enter: XMLUserProfilePersistence(String), Namespace: com.topcoder.user.profile.manager.SimpleUserProfileManager
Enter: getPropertyString(). Property name: 'profile_xml_file'
Exit: getPropertyString().
Enter: XMLUserProfilePersistence.initializeFile(File), Path: D:\TC\Active\ThisWeek\AdminLogic\FR3\test_files\profiles.xml
Exit: XMLUserProfilePersistence.initializeFile(File)
Enter: ProfileTypeFactory(String), Namespace: 'com.topcoder.user.profile.manager.SimpleUserProfileManager'
Enter: getPropertyString(). Property name: 'profile_type_factory_class'
Exit: getPropertyString().
Enter: Helper method, createObject for class 'com.topcoder.user.profile.manager.ConfigProfileTypeFactory'
Enter: ProfileTypeFactory(String), Namespace: 'com.topcoder.user.profile.manager.SimpleUserProfileManager'
Exit: ProfileTypeFactory(String)
Enter: ConfigProfileTypeFactory(String), Namespace: 'com.topcoder.user.profile.manager.SimpleUserProfileManager'
Exit: ConfigProfileTypeFactory(String)
Exit: Helper method, createObject for class
Exit: ProfileTypeFactory(String)
Exit: XMLUserProfilePersistence(String)
Exit: Helper method, createObject for class
Exit: SimpleUserProfileManager(String)
Enter: SimpleUserProfileManager(String), Namespace: com.topcoder.user.profile.manager.SimpleUserProfileManager
Enter: getPropertyString(). Property name: 'persistence_class'
Exit: getPropertyString().
Enter: Helper method, createObject for class 'com.topcoder.user.profile.manager.persistence.XMLUserProfilePersistence'
Enter: XMLUserProfilePersistence(String), Namespace: com.topcoder.user.profile.manager.SimpleUserProfileManager
Enter: getPropertyString(). Property name: 'profile_xml_file'
Exit: getPropertyString().
Enter: XMLUserProfilePersistence.initializeFile(File), Path: D:\TC\Active\ThisWeek\AdminLogic\FR3\test_files\profiles.xml
Exit: XMLUserProfilePersistence.initializeFile(File)
Enter: ProfileTypeFactory(String), Namespace: 'com.topcoder.user.profile.manager.SimpleUserProfileManager'
Enter: getPropertyString(). Property name: 'profile_type_factory_class'
Exit: getPropertyString().
Enter: Helper method, createObject for class 'com.topcoder.user.profile.manager.ConfigProfileTypeFactory'
Enter: ProfileTypeFactory(String), Namespace: 'com.topcoder.user.profile.manager.SimpleUserProfileManager'
Exit: ProfileTypeFactory(String)
Enter: ConfigProfileTypeFactory(String), Namespace: 'com.topcoder.user.profile.manager.SimpleUserProfileManager'
Exit: ConfigProfileTypeFactory(String)
Exit: Helper method, createObject for class
Exit: ProfileTypeFactory(String)
Exit: XMLUserProfilePersistence(String)
Exit: Helper method, createObject for class
Exit: SimpleUserProfileManager(String)
Enter: SimpleUserProfileManager(String), Namespace: com.topcoder.user.profile.manager.SimpleUserProfileManager
Enter: getPropertyString(). Property name: 'persistence_class'
Exit: getPropertyString().
Enter: Helper method, createObject for class 'com.topcoder.user.profile.manager.persistence.XMLUserProfilePersistence'
Enter: XMLUserProfilePersistence(String), Namespace: com.topcoder.user.profile.manager.SimpleUserProfileManager
Enter: getPropertyString(). Property name: 'profile_xml_file'
Exit: getPropertyString().
Enter: XMLUserProfilePersistence.initializeFile(File), Path: D:\TC\Active\ThisWeek\AdminLogic\FR3\test_files\profiles.xml
Exit: XMLUserProfilePersistence.initializeFile(File)
Enter: ProfileTypeFactory(String), Namespace: 'com.topcoder.user.profile.manager.SimpleUserProfileManager'
Enter: getPropertyString(). Property name: 'profile_type_factory_class'
Exit: getPropertyString().
Enter: Helper method, createObject for class 'com.topcoder.user.profile.manager.ConfigProfileTypeFactory'
Enter: ProfileTypeFactory(String), Namespace: 'com.topcoder.user.profile.manager.SimpleUserProfileManager'
Exit: ProfileTypeFactory(String)
Enter: ConfigProfileTypeFactory(String), Namespace: 'com.topcoder.user.profile.manager.SimpleUserProfileManager'
Exit: ConfigProfileTypeFactory(String)
Exit: Helper method, createObject for class
Exit: ProfileTypeFactory(String)
Exit: XMLUserProfilePersistence(String)
Exit: Helper method, createObject for class
Exit: SimpleUserProfileManager(String)
Enter: SimpleUserProfileManager(String), Namespace: com.topcoder.user.profile.manager.SimpleUserProfileManager
Enter: getPropertyString(). Property name: 'persistence_class'
Exit: getPropertyString().
Enter: Helper method, createObject for class 'com.topcoder.user.profile.manager.persistence.XMLUserProfilePersistence'
Enter: XMLUserProfilePersistence(String), Namespace: com.topcoder.user.profile.manager.SimpleUserProfileManager
Enter: getPropertyString(). Property name: 'profile_xml_file'
Exit: getPropertyString().
Enter: XMLUserProfilePersistence.initializeFile(File), Path: D:\TC\Active\ThisWeek\AdminLogic\FR3\test_files\profiles.xml
Exit: XMLUserProfilePersistence.initializeFile(File)
Enter: ProfileTypeFactory(String), Namespace: 'com.topcoder.user.profile.manager.SimpleUserProfileManager'
Enter: getPropertyString(). Property name: 'profile_type_factory_class'
Exit: getPropertyString().
Enter: Helper method, createObject for class 'com.topcoder.user.profile.manager.ConfigProfileTypeFactory'
Enter: ProfileTypeFactory(String), Namespace: 'com.topcoder.user.profile.manager.SimpleUserProfileManager'
Exit: ProfileTypeFactory(String)
Enter: ConfigProfileTypeFactory(String), Namespace: 'com.topcoder.user.profile.manager.SimpleUserProfileManager'
Exit: ConfigProfileTypeFactory(String)
Exit: Helper method, createObject for class
Exit: ProfileTypeFactory(String)
Exit: XMLUserProfilePersistence(String)
Exit: Helper method, createObject for class
Exit: SimpleUserProfileManager(String)
Enter: SimpleUserProfileManager(String), Namespace: com.topcoder.user.profile.manager.SimpleUserProfileManager
Enter: getPropertyString(). Property name: 'persistence_class'
Exit: getPropertyString().
Enter: Helper method, createObject for class 'com.topcoder.user.profile.manager.persistence.XMLUserProfilePersistence'
Enter: XMLUserProfilePersistence(String), Namespace: com.topcoder.user.profile.manager.SimpleUserProfileManager
Enter: getPropertyString(). Property name: 'profile_xml_file'
Exit: getPropertyString().
Enter: XMLUserProfilePersistence.initializeFile(File), Path: D:\TC\Active\ThisWeek\AdminLogic\FR3\test_files\profiles.xml
Exit: XMLUserProfilePersistence.initializeFile(File)
Enter: ProfileTypeFactory(String), Namespace: 'com.topcoder.user.profile.manager.SimpleUserProfileManager'
Enter: getPropertyString(). Property name: 'profile_type_factory_class'
Exit: getPropertyString().
Enter: Helper method, createObject for class 'com.topcoder.user.profile.manager.ConfigProfileTypeFactory'
Enter: ProfileTypeFactory(String), Namespace: 'com.topcoder.user.profile.manager.SimpleUserProfileManager'
Exit: ProfileTypeFactory(String)
Enter: ConfigProfileTypeFactory(String), Namespace: 'com.topcoder.user.profile.manager.SimpleUserProfileManager'
Exit: ConfigProfileTypeFactory(String)
Exit: Helper method, createObject for class
Exit: ProfileTypeFactory(String)
Exit: XMLUserProfilePersistence(String)
Exit: Helper method, createObject for class
Exit: SimpleUserProfileManager(String)
Enter: SimpleUserProfileManager(String), Namespace: com.topcoder.user.profile.manager.SimpleUserProfileManager
Enter: getPropertyString(). Property name: 'persistence_class'
Exit: getPropertyString().
Enter: Helper method, createObject for class 'com.topcoder.user.profile.manager.persistence.XMLUserProfilePersistence'
Enter: XMLUserProfilePersistence(String), Namespace: com.topcoder.user.profile.manager.SimpleUserProfileManager
Enter: getPropertyString(). Property name: 'profile_xml_file'
Exit: getPropertyString().
Enter: XMLUserProfilePersistence.initializeFile(File), Path: D:\TC\Active\ThisWeek\AdminLogic\FR3\test_files\profiles.xml
Exit: XMLUserProfilePersistence.initializeFile(File)
Enter: ProfileTypeFactory(String), Namespace: 'com.topcoder.user.profile.manager.SimpleUserProfileManager'
Enter: getPropertyString(). Property name: 'profile_type_factory_class'
Exit: getPropertyString().
Enter: Helper method, createObject for class 'com.topcoder.user.profile.manager.ConfigProfileTypeFactory'
Enter: ProfileTypeFactory(String), Namespace: 'com.topcoder.user.profile.manager.SimpleUserProfileManager'
Exit: ProfileTypeFactory(String)
Enter: ConfigProfileTypeFactory(String), Namespace: 'com.topcoder.user.profile.manager.SimpleUserProfileManager'
Exit: ConfigProfileTypeFactory(String)
Exit: Helper method, createObject for class
Exit: ProfileTypeFactory(String)
Exit: XMLUserProfilePersistence(String)
Exit: Helper method, createObject for class
Exit: SimpleUserProfileManager(String)
Enter: SimpleUserProfileManager(String), Namespace: com.topcoder.user.profile.manager.SimpleUserProfileManager
Enter: getPropertyString(). Property name: 'persistence_class'
Exit: getPropertyString().
Enter: Helper method, createObject for class 'com.topcoder.user.profile.manager.persistence.XMLUserProfilePersistence'
Enter: XMLUserProfilePersistence(String), Namespace: com.topcoder.user.profile.manager.SimpleUserProfileManager
Enter: getPropertyString(). Property name: 'profile_xml_file'
Exit: getPropertyString().
Enter: XMLUserProfilePersistence.initializeFile(File), Path: D:\TC\Active\ThisWeek\AdminLogic\FR3\test_files\profiles.xml
Exit: XMLUserProfilePersistence.initializeFile(File)
Enter: ProfileTypeFactory(String), Namespace: 'com.topcoder.user.profile.manager.SimpleUserProfileManager'
Enter: getPropertyString(). Property name: 'profile_type_factory_class'
Exit: getPropertyString().
Enter: Helper method, createObject for class 'com.topcoder.user.profile.manager.ConfigProfileTypeFactory'
Enter: ProfileTypeFactory(String), Namespace: 'com.topcoder.user.profile.manager.SimpleUserProfileManager'
Exit: ProfileTypeFactory(String)
Enter: ConfigProfileTypeFactory(String), Namespace: 'com.topcoder.user.profile.manager.SimpleUserProfileManager'
Exit: ConfigProfileTypeFactory(String)
Exit: Helper method, createObject for class
Exit: ProfileTypeFactory(String)
Exit: XMLUserProfilePersistence(String)
Exit: Helper method, createObject for class
Exit: SimpleUserProfileManager(String)
Enter: SimpleUserProfileManager(String), Namespace: com.topcoder.user.profile.manager.SimpleUserProfileManager
Enter: getPropertyString(). Property name: 'persistence_class'
Exit: getPropertyString().
Enter: Helper method, createObject for class 'com.topcoder.user.profile.manager.persistence.XMLUserProfilePersistence'
Enter: XMLUserProfilePersistence(String), Namespace: com.topcoder.user.profile.manager.SimpleUserProfileManager
Enter: getPropertyString(). Property name: 'profile_xml_file'
Exit: getPropertyString().
Enter: XMLUserProfilePersistence.initializeFile(File), Path: D:\TC\Active\ThisWeek\AdminLogic\FR3\test_files\profiles.xml
Exit: XMLUserProfilePersistence.initializeFile(File)
Enter: ProfileTypeFactory(String), Namespace: 'com.topcoder.user.profile.manager.SimpleUserProfileManager'
Enter: getPropertyString(). Property name: 'profile_type_factory_class'
Exit: getPropertyString().
Enter: Helper method, createObject for class 'com.topcoder.user.profile.manager.ConfigProfileTypeFactory'
Enter: ProfileTypeFactory(String), Namespace: 'com.topcoder.user.profile.manager.SimpleUserProfileManager'
Exit: ProfileTypeFactory(String)
Enter: ConfigProfileTypeFactory(String), Namespace: 'com.topcoder.user.profile.manager.SimpleUserProfileManager'
Exit: ConfigProfileTypeFactory(String)
Exit: Helper method, createObject for class
Exit: ProfileTypeFactory(String)
Exit: XMLUserProfilePersistence(String)
Exit: Helper method, createObject for class
Exit: SimpleUserProfileManager(String)
Enter: SimpleUserProfileManager(String), Namespace: com.topcoder.user.profile.manager.SimpleUserProfileManager
Enter: getPropertyString(). Property name: 'persistence_class'
Exit: getPropertyString().
Enter: Helper method, createObject for class 'com.topcoder.user.profile.manager.persistence.XMLUserProfilePersistence'
Enter: XMLUserProfilePersistence(String), Namespace: com.topcoder.user.profile.manager.SimpleUserProfileManager
Enter: getPropertyString(). Property name: 'profile_xml_file'
Exit: getPropertyString().
Enter: XMLUserProfilePersistence.initializeFile(File), Path: D:\TC\Active\ThisWeek\AdminLogic\FR3\test_files\profiles.xml
Exit: XMLUserProfilePersistence.initializeFile(File)
Enter: ProfileTypeFactory(String), Namespace: 'com.topcoder.user.profile.manager.SimpleUserProfileManager'
Enter: getPropertyString(). Property name: 'profile_type_factory_class'
Exit: getPropertyString().
Enter: Helper method, createObject for class 'com.topcoder.user.profile.manager.ConfigProfileTypeFactory'
Enter: ProfileTypeFactory(String), Namespace: 'com.topcoder.user.profile.manager.SimpleUserProfileManager'
Exit: ProfileTypeFactory(String)
Enter: ConfigProfileTypeFactory(String), Namespace: 'com.topcoder.user.profile.manager.SimpleUserProfileManager'
Exit: ConfigProfileTypeFactory(String)
Exit: Helper method, createObject for class
Exit: ProfileTypeFactory(String)
Exit: XMLUserProfilePersistence(String)
Exit: Helper method, createObject for class
Exit: SimpleUserProfileManager(String)
Enter: SimpleUserProfileManager(String), Namespace: com.topcoder.user.profile.manager.SimpleUserProfileManager
Enter: getPropertyString(). Property name: 'persistence_class'
Exit: getPropertyString().
Enter: Helper method, createObject for class 'com.topcoder.user.profile.manager.persistence.XMLUserProfilePersistence'
Enter: XMLUserProfilePersistence(String), Namespace: com.topcoder.user.profile.manager.SimpleUserProfileManager
Enter: getPropertyString(). Property name: 'profile_xml_file'
Exit: getPropertyString().
Enter: XMLUserProfilePersistence.initializeFile(File), Path: D:\TC\Active\ThisWeek\AdminLogic\FR3\test_files\profiles.xml
Exit: XMLUserProfilePersistence.initializeFile(File)
Enter: ProfileTypeFactory(String), Namespace: 'com.topcoder.user.profile.manager.SimpleUserProfileManager'
Enter: getPropertyString(). Property name: 'profile_type_factory_class'
Exit: getPropertyString().
Enter: Helper method, createObject for class 'com.topcoder.user.profile.manager.ConfigProfileTypeFactory'
Enter: ProfileTypeFactory(String), Namespace: 'com.topcoder.user.profile.manager.SimpleUserProfileManager'
Exit: ProfileTypeFactory(String)
Enter: ConfigProfileTypeFactory(String), Namespace: 'com.topcoder.user.profile.manager.SimpleUserProfileManager'
Exit: ConfigProfileTypeFactory(String)
Exit: Helper method, createObject for class
Exit: ProfileTypeFactory(String)
Exit: XMLUserProfilePersistence(String)
Exit: Helper method, createObject for class
Exit: SimpleUserProfileManager(String)
Enter: SimpleUserProfileManager(String), Namespace: com.topcoder.user.profile.manager.SimpleUserProfileManager
Enter: getPropertyString(). Property name: 'persistence_class'
Exit: getPropertyString().
Enter: Helper method, createObject for class 'com.topcoder.user.profile.manager.persistence.XMLUserProfilePersistence'
Enter: XMLUserProfilePersistence(String), Namespace: com.topcoder.user.profile.manager.SimpleUserProfileManager
Enter: getPropertyString(). Property name: 'profile_xml_file'
Exit: getPropertyString().
Enter: XMLUserProfilePersistence.initializeFile(File), Path: D:\TC\Active\ThisWeek\AdminLogic\FR3\test_files\profiles.xml
Exit: XMLUserProfilePersistence.initializeFile(File)
Enter: ProfileTypeFactory(String), Namespace: 'com.topcoder.user.profile.manager.SimpleUserProfileManager'
Enter: getPropertyString(). Property name: 'profile_type_factory_class'
Exit: getPropertyString().
Enter: Helper method, createObject for class 'com.topcoder.user.profile.manager.ConfigProfileTypeFactory'
Enter: ProfileTypeFactory(String), Namespace: 'com.topcoder.user.profile.manager.SimpleUserProfileManager'
Exit: ProfileTypeFactory(String)
Enter: ConfigProfileTypeFactory(String), Namespace: 'com.topcoder.user.profile.manager.SimpleUserProfileManager'
Exit: ConfigProfileTypeFactory(String)
Exit: Helper method, createObject for class
Exit: ProfileTypeFactory(String)
Exit: XMLUserProfilePersistence(String)
Exit: Helper method, createObject for class
Exit: SimpleUserProfileManager(String)
Enter: SimpleUserProfileManager(String), Namespace: com.topcoder.user.profile.manager.SimpleUserProfileManager
Enter: getPropertyString(). Property name: 'persistence_class'
Exit: getPropertyString().
Enter: Helper method, createObject for class 'com.topcoder.user.profile.manager.persistence.XMLUserProfilePersistence'
Enter: XMLUserProfilePersistence(String), Namespace: com.topcoder.user.profile.manager.SimpleUserProfileManager
Enter: getPropertyString(). Property name: 'profile_xml_file'
Exit: getPropertyString().
Enter: XMLUserProfilePersistence.initializeFile(File), Path: D:\TC\Active\ThisWeek\AdminLogic\FR3\test_files\profiles.xml
Exit: XMLUserProfilePersistence.initializeFile(File)
Enter: ProfileTypeFactory(String), Namespace: 'com.topcoder.user.profile.manager.SimpleUserProfileManager'
Enter: getPropertyString(). Property name: 'profile_type_factory_class'
Exit: getPropertyString().
Enter: Helper method, createObject for class 'com.topcoder.user.profile.manager.ConfigProfileTypeFactory'
Enter: ProfileTypeFactory(String), Namespace: 'com.topcoder.user.profile.manager.SimpleUserProfileManager'
Exit: ProfileTypeFactory(String)
Enter: ConfigProfileTypeFactory(String), Namespace: 'com.topcoder.user.profile.manager.SimpleUserProfileManager'
Exit: ConfigProfileTypeFactory(String)
Exit: Helper method, createObject for class
Exit: ProfileTypeFactory(String)
Exit: XMLUserProfilePersistence(String)
Exit: Helper method, createObject for class
Exit: SimpleUserProfileManager(String)
Enter: SimpleUserProfileManager(String), Namespace: com.topcoder.user.profile.manager.SimpleUserProfileManager
Enter: getPropertyString(). Property name: 'persistence_class'
Exit: getPropertyString().
Enter: Helper method, createObject for class 'com.topcoder.user.profile.manager.persistence.XMLUserProfilePersistence'
Enter: XMLUserProfilePersistence(String), Namespace: com.topcoder.user.profile.manager.SimpleUserProfileManager
Enter: getPropertyString(). Property name: 'profile_xml_file'
Exit: getPropertyString().
Enter: XMLUserProfilePersistence.initializeFile(File), Path: D:\TC\Active\ThisWeek\AdminLogic\FR3\test_files\profiles.xml
Exit: XMLUserProfilePersistence.initializeFile(File)
Enter: ProfileTypeFactory(String), Namespace: 'com.topcoder.user.profile.manager.SimpleUserProfileManager'
Enter: getPropertyString(). Property name: 'profile_type_factory_class'
Exit: getPropertyString().
Enter: Helper method, createObject for class 'com.topcoder.user.profile.manager.ConfigProfileTypeFactory'
Enter: ProfileTypeFactory(String), Namespace: 'com.topcoder.user.profile.manager.SimpleUserProfileManager'
Exit: ProfileTypeFactory(String)
Enter: ConfigProfileTypeFactory(String), Namespace: 'com.topcoder.user.profile.manager.SimpleUserProfileManager'
Exit: ConfigProfileTypeFactory(String)
Exit: Helper method, createObject for class
Exit: ProfileTypeFactory(String)
Exit: XMLUserProfilePersistence(String)
Exit: Helper method, createObject for class
Exit: SimpleUserProfileManager(String)
Enter: SimpleUserProfileManager(String), Namespace: com.topcoder.user.profile.manager.SimpleUserProfileManager
Enter: getPropertyString(). Property name: 'persistence_class'
Exit: getPropertyString().
Enter: Helper method, createObject for class 'com.topcoder.user.profile.manager.persistence.XMLUserProfilePersistence'
Enter: XMLUserProfilePersistence(String), Namespace: com.topcoder.user.profile.manager.SimpleUserProfileManager
Enter: getPropertyString(). Property name: 'profile_xml_file'
Exit: getPropertyString().
Enter: XMLUserProfilePersistence.initializeFile(File), Path: D:\TC\Active\ThisWeek\AdminLogic\FR3\test_files\profiles.xml
Exit: XMLUserProfilePersistence.initializeFile(File)
Enter: ProfileTypeFactory(String), Namespace: 'com.topcoder.user.profile.manager.SimpleUserProfileManager'
Enter: getPropertyString(). Property name: 'profile_type_factory_class'
Exit: getPropertyString().
Enter: Helper method, createObject for class 'com.topcoder.user.profile.manager.ConfigProfileTypeFactory'
Enter: ProfileTypeFactory(String), Namespace: 'com.topcoder.user.profile.manager.SimpleUserProfileManager'
Exit: ProfileTypeFactory(String)
Enter: ConfigProfileTypeFactory(String), Namespace: 'com.topcoder.user.profile.manager.SimpleUserProfileManager'
Exit: ConfigProfileTypeFactory(String)
Exit: Helper method, createObject for class
Exit: ProfileTypeFactory(String)
Exit: XMLUserProfilePersistence(String)
Exit: Helper method, createObject for class
Exit: SimpleUserProfileManager(String)
Enter: SimpleUserProfileManager(String), Namespace: com.topcoder.user.profile.manager.SimpleUserProfileManager
Enter: getPropertyString(). Property name: 'persistence_class'
Exit: getPropertyString().
Enter: Helper method, createObject for class 'com.topcoder.user.profile.manager.persistence.XMLUserProfilePersistence'
Enter: XMLUserProfilePersistence(String), Namespace: com.topcoder.user.profile.manager.SimpleUserProfileManager
Enter: getPropertyString(). Property name: 'profile_xml_file'
Exit: getPropertyString().
Enter: XMLUserProfilePersistence.initializeFile(File), Path: D:\TC\Active\ThisWeek\AdminLogic\FR3\test_files\profiles.xml
Exit: XMLUserProfilePersistence.initializeFile(File)
Enter: ProfileTypeFactory(String), Namespace: 'com.topcoder.user.profile.manager.SimpleUserProfileManager'
Enter: getPropertyString(). Property name: 'profile_type_factory_class'
Exit: getPropertyString().
Enter: Helper method, createObject for class 'com.topcoder.user.profile.manager.ConfigProfileTypeFactory'
Enter: ProfileTypeFactory(String), Namespace: 'com.topcoder.user.profile.manager.SimpleUserProfileManager'
Exit: ProfileTypeFactory(String)
Enter: ConfigProfileTypeFactory(String), Namespace: 'com.topcoder.user.profile.manager.SimpleUserProfileManager'
Exit: ConfigProfileTypeFactory(String)
Exit: Helper method, createObject for class
Exit: ProfileTypeFactory(String)
Exit: XMLUserProfilePersistence(String)
Exit: Helper method, createObject for class
Exit: SimpleUserProfileManager(String)
Enter: SimpleUserProfileManager(String), Namespace: com.topcoder.user.profile.manager.SimpleUserProfileManager
Enter: getPropertyString(). Property name: 'persistence_class'
Exit: getPropertyString().
Enter: Helper method, createObject for class 'com.topcoder.user.profile.manager.persistence.XMLUserProfilePersistence'
Enter: XMLUserProfilePersistence(String), Namespace: com.topcoder.user.profile.manager.SimpleUserProfileManager
Enter: getPropertyString(). Property name: 'profile_xml_file'
Exit: getPropertyString().
Enter: XMLUserProfilePersistence.initializeFile(File), Path: D:\TC\Active\ThisWeek\AdminLogic\FR3\test_files\profiles.xml
Exit: XMLUserProfilePersistence.initializeFile(File)
Enter: ProfileTypeFactory(String), Namespace: 'com.topcoder.user.profile.manager.SimpleUserProfileManager'
Enter: getPropertyString(). Property name: 'profile_type_factory_class'
Exit: getPropertyString().
Enter: Helper method, createObject for class 'com.topcoder.user.profile.manager.ConfigProfileTypeFactory'
Enter: ProfileTypeFactory(String), Namespace: 'com.topcoder.user.profile.manager.SimpleUserProfileManager'
Exit: ProfileTypeFactory(String)
Enter: ConfigProfileTypeFactory(String), Namespace: 'com.topcoder.user.profile.manager.SimpleUserProfileManager'
Exit: ConfigProfileTypeFactory(String)
Exit: Helper method, createObject for class
Exit: ProfileTypeFactory(String)
Exit: XMLUserProfilePersistence(String)
Exit: Helper method, createObject for class
Exit: SimpleUserProfileManager(String)
Enter: SimpleUserProfileManager(String), Namespace: com.topcoder.user.profile.manager.SimpleUserProfileManager
Enter: getPropertyString(). Property name: 'persistence_class'
Exit: getPropertyString().
Enter: Helper method, createObject for class 'com.topcoder.user.profile.manager.persistence.XMLUserProfilePersistence'
Enter: XMLUserProfilePersistence(String), Namespace: com.topcoder.user.profile.manager.SimpleUserProfileManager
Enter: getPropertyString(). Property name: 'profile_xml_file'
Exit: getPropertyString().
Enter: XMLUserProfilePersistence.initializeFile(File), Path: D:\TC\Active\ThisWeek\AdminLogic\FR3\test_files\profiles.xml
Exit: XMLUserProfilePersistence.initializeFile(File)
Enter: ProfileTypeFactory(String), Namespace: 'com.topcoder.user.profile.manager.SimpleUserProfileManager'
Enter: getPropertyString(). Property name: 'profile_type_factory_class'
Exit: getPropertyString().
Enter: Helper method, createObject for class 'com.topcoder.user.profile.manager.ConfigProfileTypeFactory'
Enter: ProfileTypeFactory(String), Namespace: 'com.topcoder.user.profile.manager.SimpleUserProfileManager'
Exit: ProfileTypeFactory(String)
Enter: ConfigProfileTypeFactory(String), Namespace: 'com.topcoder.user.profile.manager.SimpleUserProfileManager'
Exit: ConfigProfileTypeFactory(String)
Exit: Helper method, createObject for class
Exit: ProfileTypeFactory(String)
Exit: XMLUserProfilePersistence(String)
Exit: Helper method, createObject for class
Exit: SimpleUserProfileManager(String)
Enter: SimpleUserProfileManager(String), Namespace: com.topcoder.user.profile.manager.SimpleUserProfileManager
Enter: getPropertyString(). Property name: 'persistence_class'
Exit: getPropertyString().
Enter: Helper method, createObject for class 'com.topcoder.user.profile.manager.persistence.XMLUserProfilePersistence'
Enter: XMLUserProfilePersistence(String), Namespace: com.topcoder.user.profile.manager.SimpleUserProfileManager
Enter: getPropertyString(). Property name: 'profile_xml_file'
Exit: getPropertyString().
Enter: XMLUserProfilePersistence.initializeFile(File), Path: D:\TC\Active\ThisWeek\AdminLogic\FR3\test_files\profiles.xml
Exit: XMLUserProfilePersistence.initializeFile(File)
Enter: ProfileTypeFactory(String), Namespace: 'com.topcoder.user.profile.manager.SimpleUserProfileManager'
Enter: getPropertyString(). Property name: 'profile_type_factory_class'
Exit: getPropertyString().
Enter: Helper method, createObject for class 'com.topcoder.user.profile.manager.ConfigProfileTypeFactory'
Enter: ProfileTypeFactory(String), Namespace: 'com.topcoder.user.profile.manager.SimpleUserProfileManager'
Exit: ProfileTypeFactory(String)
Enter: ConfigProfileTypeFactory(String), Namespace: 'com.topcoder.user.profile.manager.SimpleUserProfileManager'
Exit: ConfigProfileTypeFactory(String)
Exit: Helper method, createObject for class
Exit: ProfileTypeFactory(String)
Exit: XMLUserProfilePersistence(String)
Exit: Helper method, createObject for class
Exit: SimpleUserProfileManager(String)
Enter: SimpleUserProfileManager(String), Namespace: com.topcoder.user.profile.manager.SimpleUserProfileManager
Enter: getPropertyString(). Property name: 'persistence_class'
Exit: getPropertyString().
Enter: Helper method, createObject for class 'com.topcoder.user.profile.manager.persistence.XMLUserProfilePersistence'
Enter: XMLUserProfilePersistence(String), Namespace: com.topcoder.user.profile.manager.SimpleUserProfileManager
Enter: getPropertyString(). Property name: 'profile_xml_file'
Exit: getPropertyString().
Enter: XMLUserProfilePersistence.initializeFile(File), Path: D:\TC\Active\ThisWeek\AdminLogic\FR3\test_files\profiles.xml
Exit: XMLUserProfilePersistence.initializeFile(File)
Enter: ProfileTypeFactory(String), Namespace: 'com.topcoder.user.profile.manager.SimpleUserProfileManager'
Enter: getPropertyString(). Property name: 'profile_type_factory_class'
Exit: getPropertyString().
Enter: Helper method, createObject for class 'com.topcoder.user.profile.manager.ConfigProfileTypeFactory'
Enter: ProfileTypeFactory(String), Namespace: 'com.topcoder.user.profile.manager.SimpleUserProfileManager'
Exit: ProfileTypeFactory(String)
Enter: ConfigProfileTypeFactory(String), Namespace: 'com.topcoder.user.profile.manager.SimpleUserProfileManager'
Exit: ConfigProfileTypeFactory(String)
Exit: Helper method, createObject for class
Exit: ProfileTypeFactory(String)
Exit: XMLUserProfilePersistence(String)
Exit: Helper method, createObject for class
Exit: SimpleUserProfileManager(String)
Enter: SimpleUserProfileManager(String), Namespace: com.topcoder.user.profile.manager.SimpleUserProfileManager
Enter: getPropertyString(). Property name: 'persistence_class'
Exit: getPropertyString().
Enter: Helper method, createObject for class 'com.topcoder.user.profile.manager.persistence.XMLUserProfilePersistence'
Enter: XMLUserProfilePersistence(String), Namespace: com.topcoder.user.profile.manager.SimpleUserProfileManager
Enter: getPropertyString(). Property name: 'profile_xml_file'
Exit: getPropertyString().
Enter: XMLUserProfilePersistence.initializeFile(File), Path: D:\TC\Active\ThisWeek\AdminLogic\FR3\test_files\profiles.xml
Exit: XMLUserProfilePersistence.initializeFile(File)
Enter: ProfileTypeFactory(String), Namespace: 'com.topcoder.user.profile.manager.SimpleUserProfileManager'
Enter: getPropertyString(). Property name: 'profile_type_factory_class'
Exit: getPropertyString().
Enter: Helper method, createObject for class 'com.topcoder.user.profile.manager.ConfigProfileTypeFactory'
Enter: ProfileTypeFactory(String), Namespace: 'com.topcoder.user.profile.manager.SimpleUserProfileManager'
Exit: ProfileTypeFactory(String)
Enter: ConfigProfileTypeFactory(String), Namespace: 'com.topcoder.user.profile.manager.SimpleUserProfileManager'
Exit: ConfigProfileTypeFactory(String)
Exit: Helper method, createObject for class
Exit: ProfileTypeFactory(String)
Exit: XMLUserProfilePersistence(String)
Exit: Helper method, createObject for class
Exit: SimpleUserProfileManager(String)
Enter: SimpleUserProfileManager(String), Namespace: com.topcoder.user.profile.manager.SimpleUserProfileManager
Enter: getPropertyString(). Property name: 'persistence_class'
Exit: getPropertyString().
Enter: Helper method, createObject for class 'com.topcoder.user.profile.manager.persistence.XMLUserProfilePersistence'
Enter: XMLUserProfilePersistence(String), Namespace: com.topcoder.user.profile.manager.SimpleUserProfileManager
Enter: getPropertyString(). Property name: 'profile_xml_file'
Exit: getPropertyString().
Enter: XMLUserProfilePersistence.initializeFile(File), Path: D:\TC\Active\ThisWeek\AdminLogic\FR3\test_files\profiles.xml
Exit: XMLUserProfilePersistence.initializeFile(File)
Enter: ProfileTypeFactory(String), Namespace: 'com.topcoder.user.profile.manager.SimpleUserProfileManager'
Enter: getPropertyString(). Property name: 'profile_type_factory_class'
Exit: getPropertyString().
Enter: Helper method, createObject for class 'com.topcoder.user.profile.manager.ConfigProfileTypeFactory'
Enter: ProfileTypeFactory(String), Namespace: 'com.topcoder.user.profile.manager.SimpleUserProfileManager'
Exit: ProfileTypeFactory(String)
Enter: ConfigProfileTypeFactory(String), Namespace: 'com.topcoder.user.profile.manager.SimpleUserProfileManager'
Exit: ConfigProfileTypeFactory(String)
Exit: Helper method, createObject for class
Exit: ProfileTypeFactory(String)
Exit: XMLUserProfilePersistence(String)
Exit: Helper method, createObject for class
Exit: SimpleUserProfileManager(String)
Enter: SimpleUserProfileManager(String), Namespace: com.topcoder.user.profile.manager.SimpleUserProfileManager
Enter: getPropertyString(). Property name: 'persistence_class'
Exit: getPropertyString().
Enter: Helper method, createObject for class 'com.topcoder.user.profile.manager.persistence.XMLUserProfilePersistence'
Enter: XMLUserProfilePersistence(String), Namespace: com.topcoder.user.profile.manager.SimpleUserProfileManager
Enter: getPropertyString(). Property name: 'profile_xml_file'
Exit: getPropertyString().
Enter: XMLUserProfilePersistence.initializeFile(File), Path: D:\TC\Active\ThisWeek\AdminLogic\FR3\test_files\profiles.xml
Exit: XMLUserProfilePersistence.initializeFile(File)
Enter: ProfileTypeFactory(String), Namespace: 'com.topcoder.user.profile.manager.SimpleUserProfileManager'
Enter: getPropertyString(). Property name: 'profile_type_factory_class'
Exit: getPropertyString().
Enter: Helper method, createObject for class 'com.topcoder.user.profile.manager.ConfigProfileTypeFactory'
Enter: ProfileTypeFactory(String), Namespace: 'com.topcoder.user.profile.manager.SimpleUserProfileManager'
Exit: ProfileTypeFactory(String)
Enter: ConfigProfileTypeFactory(String), Namespace: 'com.topcoder.user.profile.manager.SimpleUserProfileManager'
Exit: ConfigProfileTypeFactory(String)
Exit: Helper method, createObject for class
Exit: ProfileTypeFactory(String)
Exit: XMLUserProfilePersistence(String)
Exit: Helper method, createObject for class
Exit: SimpleUserProfileManager(String)
Enter: SimpleUserProfileManager(String), Namespace: com.topcoder.user.profile.manager.SimpleUserProfileManager
Enter: getPropertyString(). Property name: 'persistence_class'
Exit: getPropertyString().
Enter: Helper method, createObject for class 'com.topcoder.user.profile.manager.persistence.XMLUserProfilePersistence'
Enter: XMLUserProfilePersistence(String), Namespace: com.topcoder.user.profile.manager.SimpleUserProfileManager
Enter: getPropertyString(). Property name: 'profile_xml_file'
Exit: getPropertyString().
Enter: XMLUserProfilePersistence.initializeFile(File), Path: D:\TC\Active\ThisWeek\AdminLogic\FR3\test_files\profiles.xml
Exit: XMLUserProfilePersistence.initializeFile(File)
Enter: ProfileTypeFactory(String), Namespace: 'com.topcoder.user.profile.manager.SimpleUserProfileManager'
Enter: getPropertyString(). Property name: 'profile_type_factory_class'
Exit: getPropertyString().
Enter: Helper method, createObject for class 'com.topcoder.user.profile.manager.ConfigProfileTypeFactory'
Enter: ProfileTypeFactory(String), Namespace: 'com.topcoder.user.profile.manager.SimpleUserProfileManager'
Exit: ProfileTypeFactory(String)
Enter: ConfigProfileTypeFactory(String), Namespace: 'com.topcoder.user.profile.manager.SimpleUserProfileManager'
Exit: ConfigProfileTypeFactory(String)
Exit: Helper method, createObject for class
Exit: ProfileTypeFactory(String)
Exit: XMLUserProfilePersistence(String)
Exit: Helper method, createObject for class
Exit: SimpleUserProfileManager(String)
Enter: SimpleUserProfileManager(String), Namespace: com.topcoder.user.profile.manager.SimpleUserProfileManager
Enter: getPropertyString(). Property name: 'persistence_class'
Exit: getPropertyString().
Enter: Helper method, createObject for class 'com.topcoder.user.profile.manager.persistence.XMLUserProfilePersistence'
Enter: XMLUserProfilePersistence(String), Namespace: com.topcoder.user.profile.manager.SimpleUserProfileManager
Enter: getPropertyString(). Property name: 'profile_xml_file'
Exit: getPropertyString().
Enter: XMLUserProfilePersistence.initializeFile(File), Path: D:\TC\Active\ThisWeek\AdminLogic\FR3\test_files\profiles.xml
Exit: XMLUserProfilePersistence.initializeFile(File)
Enter: ProfileTypeFactory(String), Namespace: 'com.topcoder.user.profile.manager.SimpleUserProfileManager'
Enter: getPropertyString(). Property name: 'profile_type_factory_class'
Exit: getPropertyString().
Enter: Helper method, createObject for class 'com.topcoder.user.profile.manager.ConfigProfileTypeFactory'
Enter: ProfileTypeFactory(String), Namespace: 'com.topcoder.user.profile.manager.SimpleUserProfileManager'
Exit: ProfileTypeFactory(String)
Enter: ConfigProfileTypeFactory(String), Namespace: 'com.topcoder.user.profile.manager.SimpleUserProfileManager'
Exit: ConfigProfileTypeFactory(String)
Exit: Helper method, createObject for class
Exit: ProfileTypeFactory(String)
Exit: XMLUserProfilePersistence(String)
Exit: Helper method, createObject for class
Exit: SimpleUserProfileManager(String)
Enter: SimpleUserProfileManager(String), Namespace: com.topcoder.user.profile.manager.SimpleUserProfileManager
Enter: getPropertyString(). Property name: 'persistence_class'
Exit: getPropertyString().
Enter: Helper method, createObject for class 'com.topcoder.user.profile.manager.persistence.XMLUserProfilePersistence'
Enter: XMLUserProfilePersistence(String), Namespace: com.topcoder.user.profile.manager.SimpleUserProfileManager
Enter: getPropertyString(). Property name: 'profile_xml_file'
Exit: getPropertyString().
Enter: XMLUserProfilePersistence.initializeFile(File), Path: D:\TC\Active\ThisWeek\AdminLogic\FR3\test_files\profiles.xml
Exit: XMLUserProfilePersistence.initializeFile(File)
Enter: ProfileTypeFactory(String), Namespace: 'com.topcoder.user.profile.manager.SimpleUserProfileManager'
Enter: getPropertyString(). Property name: 'profile_type_factory_class'
Exit: getPropertyString().
Enter: Helper method, createObject for class 'com.topcoder.user.profile.manager.ConfigProfileTypeFactory'
Enter: ProfileTypeFactory(String), Namespace: 'com.topcoder.user.profile.manager.SimpleUserProfileManager'
Exit: ProfileTypeFactory(String)
Enter: ConfigProfileTypeFactory(String), Namespace: 'com.topcoder.user.profile.manager.SimpleUserProfileManager'
Exit: ConfigProfileTypeFactory(String)
Exit: Helper method, createObject for class
Exit: ProfileTypeFactory(String)
Exit: XMLUserProfilePersistence(String)
Exit: Helper method, createObject for class
Exit: SimpleUserProfileManager(String)
Enter: SimpleUserProfileManager(String), Namespace: com.topcoder.user.profile.manager.SimpleUserProfileManager
Enter: getPropertyString(). Property name: 'persistence_class'
Exit: getPropertyString().
Enter: Helper method, createObject for class 'com.topcoder.user.profile.manager.persistence.XMLUserProfilePersistence'
Enter: XMLUserProfilePersistence(String), Namespace: com.topcoder.user.profile.manager.SimpleUserProfileManager
Enter: getPropertyString(). Property name: 'profile_xml_file'
Exit: getPropertyString().
Enter: XMLUserProfilePersistence.initializeFile(File), Path: D:\TC\Active\ThisWeek\AdminLogic\FR3\test_files\profiles.xml
Exit: XMLUserProfilePersistence.initializeFile(File)
Enter: ProfileTypeFactory(String), Namespace: 'com.topcoder.user.profile.manager.SimpleUserProfileManager'
Enter: getPropertyString(). Property name: 'profile_type_factory_class'
Exit: getPropertyString().
Enter: Helper method, createObject for class 'com.topcoder.user.profile.manager.ConfigProfileTypeFactory'
Enter: ProfileTypeFactory(String), Namespace: 'com.topcoder.user.profile.manager.SimpleUserProfileManager'
Exit: ProfileTypeFactory(String)
Enter: ConfigProfileTypeFactory(String), Namespace: 'com.topcoder.user.profile.manager.SimpleUserProfileManager'
Exit: ConfigProfileTypeFactory(String)
Exit: Helper method, createObject for class
Exit: ProfileTypeFactory(String)
Exit: XMLUserProfilePersistence(String)
Exit: Helper method, createObject for class
Exit: SimpleUserProfileManager(String)
Enter: SimpleUserProfileManager(String), Namespace: com.topcoder.user.profile.manager.SimpleUserProfileManager
Enter: getPropertyString(). Property name: 'persistence_class'
Exit: getPropertyString().
Enter: Helper method, createObject for class 'com.topcoder.user.profile.manager.persistence.XMLUserProfilePersistence'
Enter: XMLUserProfilePersistence(String), Namespace: com.topcoder.user.profile.manager.SimpleUserProfileManager
Enter: getPropertyString(). Property name: 'profile_xml_file'
Exit: getPropertyString().
Enter: XMLUserProfilePersistence.initializeFile(File), Path: D:\TC\Active\ThisWeek\AdminLogic\FR3\test_files\profiles.xml
Exit: XMLUserProfilePersistence.initializeFile(File)
Enter: ProfileTypeFactory(String), Namespace: 'com.topcoder.user.profile.manager.SimpleUserProfileManager'
Enter: getPropertyString(). Property name: 'profile_type_factory_class'
Exit: getPropertyString().
Enter: Helper method, createObject for class 'com.topcoder.user.profile.manager.ConfigProfileTypeFactory'
Enter: ProfileTypeFactory(String), Namespace: 'com.topcoder.user.profile.manager.SimpleUserProfileManager'
Exit: ProfileTypeFactory(String)
Enter: ConfigProfileTypeFactory(String), Namespace: 'com.topcoder.user.profile.manager.SimpleUserProfileManager'
Exit: ConfigProfileTypeFactory(String)
Exit: Helper method, createObject for class
Exit: ProfileTypeFactory(String)
Exit: XMLUserProfilePersistence(String)
Exit: Helper method, createObject for class
Exit: SimpleUserProfileManager(String)
Enter: SimpleUserProfileManager(String), Namespace: com.topcoder.user.profile.manager.SimpleUserProfileManager
Enter: getPropertyString(). Property name: 'persistence_class'
Exit: getPropertyString().
Enter: Helper method, createObject for class 'com.topcoder.user.profile.manager.persistence.XMLUserProfilePersistence'
Enter: XMLUserProfilePersistence(String), Namespace: com.topcoder.user.profile.manager.SimpleUserProfileManager
Enter: getPropertyString(). Property name: 'profile_xml_file'
Exit: getPropertyString().
Enter: XMLUserProfilePersistence.initializeFile(File), Path: D:\TC\Active\ThisWeek\AdminLogic\FR3\test_files\profiles.xml
Exit: XMLUserProfilePersistence.initializeFile(File)
Enter: ProfileTypeFactory(String), Namespace: 'com.topcoder.user.profile.manager.SimpleUserProfileManager'
Enter: getPropertyString(). Property name: 'profile_type_factory_class'
Exit: getPropertyString().
Enter: Helper method, createObject for class 'com.topcoder.user.profile.manager.ConfigProfileTypeFactory'
Enter: ProfileTypeFactory(String), Namespace: 'com.topcoder.user.profile.manager.SimpleUserProfileManager'
Exit: ProfileTypeFactory(String)
Enter: ConfigProfileTypeFactory(String), Namespace: 'com.topcoder.user.profile.manager.SimpleUserProfileManager'
Exit: ConfigProfileTypeFactory(String)
Exit: Helper method, createObject for class
Exit: ProfileTypeFactory(String)
Exit: XMLUserProfilePersistence(String)
Exit: Helper method, createObject for class
Exit: SimpleUserProfileManager(String)
Enter: SimpleUserProfileManager(String), Namespace: com.topcoder.user.profile.manager.SimpleUserProfileManager
Enter: getPropertyString(). Property name: 'persistence_class'
Exit: getPropertyString().
Enter: Helper method, createObject for class 'com.topcoder.user.profile.manager.persistence.XMLUserProfilePersistence'
Enter: XMLUserProfilePersistence(String), Namespace: com.topcoder.user.profile.manager.SimpleUserProfileManager
Enter: getPropertyString(). Property name: 'profile_xml_file'
Exit: getPropertyString().
Enter: XMLUserProfilePersistence.initializeFile(File), Path: D:\TC\Active\ThisWeek\AdminLogic\FR3\test_files\profiles.xml
Exit: XMLUserProfilePersistence.initializeFile(File)
Enter: ProfileTypeFactory(String), Namespace: 'com.topcoder.user.profile.manager.SimpleUserProfileManager'
Enter: getPropertyString(). Property name: 'profile_type_factory_class'
Exit: getPropertyString().
Enter: Helper method, createObject for class 'com.topcoder.user.profile.manager.ConfigProfileTypeFactory'
Enter: ProfileTypeFactory(String), Namespace: 'com.topcoder.user.profile.manager.SimpleUserProfileManager'
Exit: ProfileTypeFactory(String)
Enter: ConfigProfileTypeFactory(String), Namespace: 'com.topcoder.user.profile.manager.SimpleUserProfileManager'
Exit: ConfigProfileTypeFactory(String)
Exit: Helper method, createObject for class
Exit: ProfileTypeFactory(String)
Exit: XMLUserProfilePersistence(String)
Exit: Helper method, createObject for class
Exit: SimpleUserProfileManager(String)
Enter: SimpleUserProfileManager(String), Namespace: com.topcoder.user.profile.manager.SimpleUserProfileManager
Enter: getPropertyString(). Property name: 'persistence_class'
Exit: getPropertyString().
Enter: Helper method, createObject for class 'com.topcoder.user.profile.manager.persistence.XMLUserProfilePersistence'
Enter: XMLUserProfilePersistence(String), Namespace: com.topcoder.user.profile.manager.SimpleUserProfileManager
Enter: getPropertyString(). Property name: 'profile_xml_file'
Exit: getPropertyString().
Enter: XMLUserProfilePersistence.initializeFile(File), Path: D:\TC\Active\ThisWeek\AdminLogic\FR3\test_files\profiles.xml
Exit: XMLUserProfilePersistence.initializeFile(File)
Enter: ProfileTypeFactory(String), Namespace: 'com.topcoder.user.profile.manager.SimpleUserProfileManager'
Enter: getPropertyString(). Property name: 'profile_type_factory_class'
Exit: getPropertyString().
Enter: Helper method, createObject for class 'com.topcoder.user.profile.manager.ConfigProfileTypeFactory'
Enter: ProfileTypeFactory(String), Namespace: 'com.topcoder.user.profile.manager.SimpleUserProfileManager'
Exit: ProfileTypeFactory(String)
Enter: ConfigProfileTypeFactory(String), Namespace: 'com.topcoder.user.profile.manager.SimpleUserProfileManager'
Exit: ConfigProfileTypeFactory(String)
Exit: Helper method, createObject for class
Exit: ProfileTypeFactory(String)
Exit: XMLUserProfilePersistence(String)
Exit: Helper method, createObject for class
Exit: SimpleUserProfileManager(String)
Enter: SimpleUserProfileManager(String), Namespace: com.topcoder.user.profile.manager.SimpleUserProfileManager
Enter: getPropertyString(). Property name: 'persistence_class'
Exit: getPropertyString().
Enter: Helper method, createObject for class 'com.topcoder.user.profile.manager.persistence.XMLUserProfilePersistence'
Enter: XMLUserProfilePersistence(String), Namespace: com.topcoder.user.profile.manager.SimpleUserProfileManager
Enter: getPropertyString(). Property name: 'profile_xml_file'
Exit: getPropertyString().
Enter: XMLUserProfilePersistence.initializeFile(File), Path: D:\TC\Active\ThisWeek\AdminLogic\FR3\test_files\profiles.xml
Exit: XMLUserProfilePersistence.initializeFile(File)
Enter: ProfileTypeFactory(String), Namespace: 'com.topcoder.user.profile.manager.SimpleUserProfileManager'
Enter: getPropertyString(). Property name: 'profile_type_factory_class'
Exit: getPropertyString().
Enter: Helper method, createObject for class 'com.topcoder.user.profile.manager.ConfigProfileTypeFactory'
Enter: ProfileTypeFactory(String), Namespace: 'com.topcoder.user.profile.manager.SimpleUserProfileManager'
Exit: ProfileTypeFactory(String)
Enter: ConfigProfileTypeFactory(String), Namespace: 'com.topcoder.user.profile.manager.SimpleUserProfileManager'
Exit: ConfigProfileTypeFactory(String)
Exit: Helper method, createObject for class
Exit: ProfileTypeFactory(String)
Exit: XMLUserProfilePersistence(String)
Exit: Helper method, createObject for class
Exit: SimpleUserProfileManager(String)
Enter: SimpleUserProfileManager(String), Namespace: com.topcoder.user.profile.manager.SimpleUserProfileManager
Enter: getPropertyString(). Property name: 'persistence_class'
Exit: getPropertyString().
Enter: Helper method, createObject for class 'com.topcoder.user.profile.manager.persistence.XMLUserProfilePersistence'
Enter: XMLUserProfilePersistence(String), Namespace: com.topcoder.user.profile.manager.SimpleUserProfileManager
Enter: getPropertyString(). Property name: 'profile_xml_file'
Exit: getPropertyString().
Enter: XMLUserProfilePersistence.initializeFile(File), Path: D:\TC\Active\ThisWeek\AdminLogic\FR3\test_files\profiles.xml
Exit: XMLUserProfilePersistence.initializeFile(File)
Enter: ProfileTypeFactory(String), Namespace: 'com.topcoder.user.profile.manager.SimpleUserProfileManager'
Enter: getPropertyString(). Property name: 'profile_type_factory_class'
Exit: getPropertyString().
Enter: Helper method, createObject for class 'com.topcoder.user.profile.manager.ConfigProfileTypeFactory'
Enter: ProfileTypeFactory(String), Namespace: 'com.topcoder.user.profile.manager.SimpleUserProfileManager'
Exit: ProfileTypeFactory(String)
Enter: ConfigProfileTypeFactory(String), Namespace: 'com.topcoder.user.profile.manager.SimpleUserProfileManager'
Exit: ConfigProfileTypeFactory(String)
Exit: Helper method, createObject for class
Exit: ProfileTypeFactory(String)
Exit: XMLUserProfilePersistence(String)
Exit: Helper method, createObject for class
Exit: SimpleUserProfileManager(String)
Enter: SimpleUserProfileManager(String), Namespace: com.topcoder.user.profile.manager.SimpleUserProfileManager
Enter: getPropertyString(). Property name: 'persistence_class'
Exit: getPropertyString().
Enter: Helper method, createObject for class 'com.topcoder.user.profile.manager.persistence.XMLUserProfilePersistence'
Enter: XMLUserProfilePersistence(String), Namespace: com.topcoder.user.profile.manager.SimpleUserProfileManager
Enter: getPropertyString(). Property name: 'profile_xml_file'
Exit: getPropertyString().
Enter: XMLUserProfilePersistence.initializeFile(File), Path: D:\TC\Active\ThisWeek\AdminLogic\FR3\test_files\profiles.xml
Exit: XMLUserProfilePersistence.initializeFile(File)
Enter: ProfileTypeFactory(String), Namespace: 'com.topcoder.user.profile.manager.SimpleUserProfileManager'
Enter: getPropertyString(). Property name: 'profile_type_factory_class'
Exit: getPropertyString().
Enter: Helper method, createObject for class 'com.topcoder.user.profile.manager.ConfigProfileTypeFactory'
Enter: ProfileTypeFactory(String), Namespace: 'com.topcoder.user.profile.manager.SimpleUserProfileManager'
Exit: ProfileTypeFactory(String)
Enter: ConfigProfileTypeFactory(String), Namespace: 'com.topcoder.user.profile.manager.SimpleUserProfileManager'
Exit: ConfigProfileTypeFactory(String)
Exit: Helper method, createObject for class
Exit: ProfileTypeFactory(String)
Exit: XMLUserProfilePersistence(String)
Exit: Helper method, createObject for class
Exit: SimpleUserProfileManager(String)
Enter: SimpleUserProfileManager(String), Namespace: com.topcoder.user.profile.manager.SimpleUserProfileManager
Enter: getPropertyString(). Property name: 'persistence_class'
Exit: getPropertyString().
Enter: Helper method, createObject for class 'com.topcoder.user.profile.manager.persistence.XMLUserProfilePersistence'
Enter: XMLUserProfilePersistence(String), Namespace: com.topcoder.user.profile.manager.SimpleUserProfileManager
Enter: getPropertyString(). Property name: 'profile_xml_file'
Exit: getPropertyString().
Enter: XMLUserProfilePersistence.initializeFile(File), Path: D:\TC\Active\ThisWeek\AdminLogic\FR3\test_files\profiles.xml
Exit: XMLUserProfilePersistence.initializeFile(File)
Enter: ProfileTypeFactory(String), Namespace: 'com.topcoder.user.profile.manager.SimpleUserProfileManager'
Enter: getPropertyString(). Property name: 'profile_type_factory_class'
Exit: getPropertyString().
Enter: Helper method, createObject for class 'com.topcoder.user.profile.manager.ConfigProfileTypeFactory'
Enter: ProfileTypeFactory(String), Namespace: 'com.topcoder.user.profile.manager.SimpleUserProfileManager'
Exit: ProfileTypeFactory(String)
Enter: ConfigProfileTypeFactory(String), Namespace: 'com.topcoder.user.profile.manager.SimpleUserProfileManager'
Exit: ConfigProfileTypeFactory(String)
Exit: Helper method, createObject for class
Exit: ProfileTypeFactory(String)
Exit: XMLUserProfilePersistence(String)
Exit: Helper method, createObject for class
Exit: SimpleUserProfileManager(String)
Enter: SimpleUserProfileManager(String), Namespace: com.topcoder.user.profile.manager.SimpleUserProfileManager
Enter: getPropertyString(). Property name: 'persistence_class'
Exit: getPropertyString().
Enter: Helper method, createObject for class 'com.topcoder.user.profile.manager.persistence.XMLUserProfilePersistence'
Enter: XMLUserProfilePersistence(String), Namespace: com.topcoder.user.profile.manager.SimpleUserProfileManager
Enter: getPropertyString(). Property name: 'profile_xml_file'
Exit: getPropertyString().
Enter: XMLUserProfilePersistence.initializeFile(File), Path: D:\TC\Active\ThisWeek\AdminLogic\FR3\test_files\profiles.xml
Exit: XMLUserProfilePersistence.initializeFile(File)
Enter: ProfileTypeFactory(String), Namespace: 'com.topcoder.user.profile.manager.SimpleUserProfileManager'
Enter: getPropertyString(). Property name: 'profile_type_factory_class'
Exit: getPropertyString().
Enter: Helper method, createObject for class 'com.topcoder.user.profile.manager.ConfigProfileTypeFactory'
Enter: ProfileTypeFactory(String), Namespace: 'com.topcoder.user.profile.manager.SimpleUserProfileManager'
Exit: ProfileTypeFactory(String)
Enter: ConfigProfileTypeFactory(String), Namespace: 'com.topcoder.user.profile.manager.SimpleUserProfileManager'
Exit: ConfigProfileTypeFactory(String)
Exit: Helper method, createObject for class
Exit: ProfileTypeFactory(String)
Exit: XMLUserProfilePersistence(String)
Exit: Helper method, createObject for class
Exit: SimpleUserProfileManager(String)
Enter: SimpleUserProfileManager(String), Namespace: com.topcoder.user.profile.manager.SimpleUserProfileManager
Enter: getPropertyString(). Property name: 'persistence_class'
Exit: getPropertyString().
Enter: Helper method, createObject for class 'com.topcoder.user.profile.manager.persistence.XMLUserProfilePersistence'
Enter: XMLUserProfilePersistence(String), Namespace: com.topcoder.user.profile.manager.SimpleUserProfileManager
Enter: getPropertyString(). Property name: 'profile_xml_file'
Exit: getPropertyString().
Enter: XMLUserProfilePersistence.initializeFile(File), Path: D:\TC\Active\ThisWeek\AdminLogic\FR3\test_files\profiles.xml
Exit: XMLUserProfilePersistence.initializeFile(File)
Enter: ProfileTypeFactory(String), Namespace: 'com.topcoder.user.profile.manager.SimpleUserProfileManager'
Enter: getPropertyString(). Property name: 'profile_type_factory_class'
Exit: getPropertyString().
Enter: Helper method, createObject for class 'com.topcoder.user.profile.manager.ConfigProfileTypeFactory'
Enter: ProfileTypeFactory(String), Namespace: 'com.topcoder.user.profile.manager.SimpleUserProfileManager'
Exit: ProfileTypeFactory(String)
Enter: ConfigProfileTypeFactory(String), Namespace: 'com.topcoder.user.profile.manager.SimpleUserProfileManager'
Exit: ConfigProfileTypeFactory(String)
Exit: Helper method, createObject for class
Exit: ProfileTypeFactory(String)
Exit: XMLUserProfilePersistence(String)
Exit: Helper method, createObject for class
Exit: SimpleUserProfileManager(String)
Enter: SimpleUserProfileManager(String), Namespace: com.topcoder.user.profile.manager.SimpleUserProfileManager
Enter: getPropertyString(). Property name: 'persistence_class'
Exit: getPropertyString().
Enter: Helper method, createObject for class 'com.topcoder.user.profile.manager.persistence.XMLUserProfilePersistence'
Enter: XMLUserProfilePersistence(String), Namespace: com.topcoder.user.profile.manager.SimpleUserProfileManager
Enter: getPropertyString(). Property name: 'profile_xml_file'
Exit: getPropertyString().
Enter: XMLUserProfilePersistence.initializeFile(File), Path: D:\TC\Active\ThisWeek\AdminLogic\FR3\test_files\profiles.xml
Exit: XMLUserProfilePersistence.initializeFile(File)
Enter: ProfileTypeFactory(String), Namespace: 'com.topcoder.user.profile.manager.SimpleUserProfileManager'
Enter: getPropertyString(). Property name: 'profile_type_factory_class'
Exit: getPropertyString().
Enter: Helper method, createObject for class 'com.topcoder.user.profile.manager.ConfigProfileTypeFactory'
Enter: ProfileTypeFactory(String), Namespace: 'com.topcoder.user.profile.manager.SimpleUserProfileManager'
Exit: ProfileTypeFactory(String)
Enter: ConfigProfileTypeFactory(String), Namespace: 'com.topcoder.user.profile.manager.SimpleUserProfileManager'
Exit: ConfigProfileTypeFactory(String)
Exit: Helper method, createObject for class
Exit: ProfileTypeFactory(String)
Exit: XMLUserProfilePersistence(String)
Exit: Helper method, createObject for class
Exit: SimpleUserProfileManager(String)
Enter: SimpleUserProfileManager(String), Namespace: com.topcoder.user.profile.manager.SimpleUserProfileManager
Enter: getPropertyString(). Property name: 'persistence_class'
Exit: getPropertyString().
Enter: Helper method, createObject for class 'com.topcoder.user.profile.manager.persistence.XMLUserProfilePersistence'
Enter: XMLUserProfilePersistence(String), Namespace: com.topcoder.user.profile.manager.SimpleUserProfileManager
Enter: getPropertyString(). Property name: 'profile_xml_file'
Exit: getPropertyString().
Enter: XMLUserProfilePersistence.initializeFile(File), Path: D:\TC\Active\ThisWeek\AdminLogic\FR3\test_files\profiles.xml
Exit: XMLUserProfilePersistence.initializeFile(File)
Enter: ProfileTypeFactory(String), Namespace: 'com.topcoder.user.profile.manager.SimpleUserProfileManager'
Enter: getPropertyString(). Property name: 'profile_type_factory_class'
Exit: getPropertyString().
Enter: Helper method, createObject for class 'com.topcoder.user.profile.manager.ConfigProfileTypeFactory'
Enter: ProfileTypeFactory(String), Namespace: 'com.topcoder.user.profile.manager.SimpleUserProfileManager'
Exit: ProfileTypeFactory(String)
Enter: ConfigProfileTypeFactory(String), Namespace: 'com.topcoder.user.profile.manager.SimpleUserProfileManager'
Exit: ConfigProfileTypeFactory(String)
Exit: Helper method, createObject for class
Exit: ProfileTypeFactory(String)
Exit: XMLUserProfilePersistence(String)
Exit: Helper method, createObject for class
Exit: SimpleUserProfileManager(String)
Enter: SimpleUserProfileManager(String), Namespace: com.topcoder.user.profile.manager.SimpleUserProfileManager
Enter: getPropertyString(). Property name: 'persistence_class'
Exit: getPropertyString().
Enter: Helper method, createObject for class 'com.topcoder.user.profile.manager.persistence.XMLUserProfilePersistence'
Enter: XMLUserProfilePersistence(String), Namespace: com.topcoder.user.profile.manager.SimpleUserProfileManager
Enter: getPropertyString(). Property name: 'profile_xml_file'
Exit: getPropertyString().
Enter: XMLUserProfilePersistence.initializeFile(File), Path: D:\TC\Active\ThisWeek\AdminLogic\FR3\test_files\profiles.xml
Exit: XMLUserProfilePersistence.initializeFile(File)
Enter: ProfileTypeFactory(String), Namespace: 'com.topcoder.user.profile.manager.SimpleUserProfileManager'
Enter: getPropertyString(). Property name: 'profile_type_factory_class'
Exit: getPropertyString().
Enter: Helper method, createObject for class 'com.topcoder.user.profile.manager.ConfigProfileTypeFactory'
Enter: ProfileTypeFactory(String), Namespace: 'com.topcoder.user.profile.manager.SimpleUserProfileManager'
Exit: ProfileTypeFactory(String)
Enter: ConfigProfileTypeFactory(String), Namespace: 'com.topcoder.user.profile.manager.SimpleUserProfileManager'
Exit: ConfigProfileTypeFactory(String)
Exit: Helper method, createObject for class
Exit: ProfileTypeFactory(String)
Exit: XMLUserProfilePersistence(String)
Exit: Helper method, createObject for class
Exit: SimpleUserProfileManager(String)
Enter: SimpleUserProfileManager(String), Namespace: com.topcoder.user.profile.manager.SimpleUserProfileManager
Enter: getPropertyString(). Property name: 'persistence_class'
Exit: getPropertyString().
Enter: Helper method, createObject for class 'com.topcoder.user.profile.manager.persistence.XMLUserProfilePersistence'
Enter: XMLUserProfilePersistence(String), Namespace: com.topcoder.user.profile.manager.SimpleUserProfileManager
Enter: getPropertyString(). Property name: 'profile_xml_file'
Exit: getPropertyString().
Enter: XMLUserProfilePersistence.initializeFile(File), Path: D:\TC\Active\ThisWeek\AdminLogic\FR3\test_files\profiles.xml
Exit: XMLUserProfilePersistence.initializeFile(File)
Enter: ProfileTypeFactory(String), Namespace: 'com.topcoder.user.profile.manager.SimpleUserProfileManager'
Enter: getPropertyString(). Property name: 'profile_type_factory_class'
Exit: getPropertyString().
Enter: Helper method, createObject for class 'com.topcoder.user.profile.manager.ConfigProfileTypeFactory'
Enter: ProfileTypeFactory(String), Namespace: 'com.topcoder.user.profile.manager.SimpleUserProfileManager'
Exit: ProfileTypeFactory(String)
Enter: ConfigProfileTypeFactory(String), Namespace: 'com.topcoder.user.profile.manager.SimpleUserProfileManager'
Exit: ConfigProfileTypeFactory(String)
Exit: Helper method, createObject for class
Exit: ProfileTypeFactory(String)
Exit: XMLUserProfilePersistence(String)
Exit: Helper method, createObject for class
Exit: SimpleUserProfileManager(String)
Enter: SimpleUserProfileManager(String), Namespace: com.topcoder.user.profile.manager.SimpleUserProfileManager
Enter: getPropertyString(). Property name: 'persistence_class'
Exit: getPropertyString().
Enter: Helper method, createObject for class 'com.topcoder.user.profile.manager.persistence.XMLUserProfilePersistence'
Enter: XMLUserProfilePersistence(String), Namespace: com.topcoder.user.profile.manager.SimpleUserProfileManager
Enter: getPropertyString(). Property name: 'profile_xml_file'
Exit: getPropertyString().
Enter: XMLUserProfilePersistence.initializeFile(File), Path: D:\TC\Active\ThisWeek\AdminLogic\FR3\test_files\profiles.xml
Exit: XMLUserProfilePersistence.initializeFile(File)
Enter: ProfileTypeFactory(String), Namespace: 'com.topcoder.user.profile.manager.SimpleUserProfileManager'
Enter: getPropertyString(). Property name: 'profile_type_factory_class'
Exit: getPropertyString().
Enter: Helper method, createObject for class 'com.topcoder.user.profile.manager.ConfigProfileTypeFactory'
Enter: ProfileTypeFactory(String), Namespace: 'com.topcoder.user.profile.manager.SimpleUserProfileManager'
Exit: ProfileTypeFactory(String)
Enter: ConfigProfileTypeFactory(String), Namespace: 'com.topcoder.user.profile.manager.SimpleUserProfileManager'
Exit: ConfigProfileTypeFactory(String)
Exit: Helper method, createObject for class
Exit: ProfileTypeFactory(String)
Exit: XMLUserProfilePersistence(String)
Exit: Helper method, createObject for class
Exit: SimpleUserProfileManager(String)
Enter: SimpleUserProfileManager(String), Namespace: com.topcoder.user.profile.manager.SimpleUserProfileManager
Enter: getPropertyString(). Property name: 'persistence_class'
Exit: getPropertyString().
Enter: Helper method, createObject for class 'com.topcoder.user.profile.manager.persistence.XMLUserProfilePersistence'
Enter: XMLUserProfilePersistence(String), Namespace: com.topcoder.user.profile.manager.SimpleUserProfileManager
Enter: getPropertyString(). Property name: 'profile_xml_file'
Exit: getPropertyString().
Enter: XMLUserProfilePersistence.initializeFile(File), Path: D:\TC\Active\ThisWeek\AdminLogic\FR3\test_files\profiles.xml
Exit: XMLUserProfilePersistence.initializeFile(File)
Enter: ProfileTypeFactory(String), Namespace: 'com.topcoder.user.profile.manager.SimpleUserProfileManager'
Enter: getPropertyString(). Property name: 'profile_type_factory_class'
Exit: getPropertyString().
Enter: Helper method, createObject for class 'com.topcoder.user.profile.manager.ConfigProfileTypeFactory'
Enter: ProfileTypeFactory(String), Namespace: 'com.topcoder.user.profile.manager.SimpleUserProfileManager'
Exit: ProfileTypeFactory(String)
Enter: ConfigProfileTypeFactory(String), Namespace: 'com.topcoder.user.profile.manager.SimpleUserProfileManager'
Exit: ConfigProfileTypeFactory(String)
Exit: Helper method, createObject for class
Exit: ProfileTypeFactory(String)
Exit: XMLUserProfilePersistence(String)
Exit: Helper method, createObject for class
Exit: SimpleUserProfileManager(String)
Enter: SimpleUserProfileManager(String), Namespace: com.topcoder.user.profile.manager.SimpleUserProfileManager
Enter: getPropertyString(). Property name: 'persistence_class'
Exit: getPropertyString().
Enter: Helper method, createObject for class 'com.topcoder.user.profile.manager.persistence.XMLUserProfilePersistence'
Enter: XMLUserProfilePersistence(String), Namespace: com.topcoder.user.profile.manager.SimpleUserProfileManager
Enter: getPropertyString(). Property name: 'profile_xml_file'
Exit: getPropertyString().
Enter: XMLUserProfilePersistence.initializeFile(File), Path: D:\TC\Active\ThisWeek\AdminLogic\FR3\test_files\profiles.xml
Exit: XMLUserProfilePersistence.initializeFile(File)
Enter: ProfileTypeFactory(String), Namespace: 'com.topcoder.user.profile.manager.SimpleUserProfileManager'
Enter: getPropertyString(). Property name: 'profile_type_factory_class'
Exit: getPropertyString().
Enter: Helper method, createObject for class 'com.topcoder.user.profile.manager.ConfigProfileTypeFactory'
Enter: ProfileTypeFactory(String), Namespace: 'com.topcoder.user.profile.manager.SimpleUserProfileManager'
Exit: ProfileTypeFactory(String)
Enter: ConfigProfileTypeFactory(String), Namespace: 'com.topcoder.user.profile.manager.SimpleUserProfileManager'
Exit: ConfigProfileTypeFactory(String)
Exit: Helper method, createObject for class
Exit: ProfileTypeFactory(String)
Exit: XMLUserProfilePersistence(String)
Exit: Helper method, createObject for class
Exit: SimpleUserProfileManager(String)
Enter: SimpleUserProfileManager(String), Namespace: com.topcoder.user.profile.manager.SimpleUserProfileManager
Enter: getPropertyString(). Property name: 'persistence_class'
Exit: getPropertyString().
Enter: Helper method, createObject for class 'com.topcoder.user.profile.manager.persistence.XMLUserProfilePersistence'
Enter: XMLUserProfilePersistence(String), Namespace: com.topcoder.user.profile.manager.SimpleUserProfileManager
Enter: getPropertyString(). Property name: 'profile_xml_file'
Exit: getPropertyString().
Enter: XMLUserProfilePersistence.initializeFile(File), Path: D:\TC\Active\ThisWeek\AdminLogic\FR3\test_files\profiles.xml
Exit: XMLUserProfilePersistence.initializeFile(File)
Enter: ProfileTypeFactory(String), Namespace: 'com.topcoder.user.profile.manager.SimpleUserProfileManager'
Enter: getPropertyString(). Property name: 'profile_type_factory_class'
Exit: getPropertyString().
Enter: Helper method, createObject for class 'com.topcoder.user.profile.manager.ConfigProfileTypeFactory'
Enter: ProfileTypeFactory(String), Namespace: 'com.topcoder.user.profile.manager.SimpleUserProfileManager'
Exit: ProfileTypeFactory(String)
Enter: ConfigProfileTypeFactory(String), Namespace: 'com.topcoder.user.profile.manager.SimpleUserProfileManager'
Exit: ConfigProfileTypeFactory(String)
Exit: Helper method, createObject for class
Exit: ProfileTypeFactory(String)
Exit: XMLUserProfilePersistence(String)
Exit: Helper method, createObject for class
Exit: SimpleUserProfileManager(String)
Enter: SimpleUserProfileManager(String), Namespace: com.topcoder.user.profile.manager.SimpleUserProfileManager
Enter: getPropertyString(). Property name: 'persistence_class'
Exit: getPropertyString().
Enter: Helper method, createObject for class 'com.topcoder.user.profile.manager.persistence.XMLUserProfilePersistence'
Enter: XMLUserProfilePersistence(String), Namespace: com.topcoder.user.profile.manager.SimpleUserProfileManager
Enter: getPropertyString(). Property name: 'profile_xml_file'
Exit: getPropertyString().
Enter: XMLUserProfilePersistence.initializeFile(File), Path: D:\TC\Active\ThisWeek\AdminLogic\FR3\test_files\profiles.xml
Exit: XMLUserProfilePersistence.initializeFile(File)
Enter: ProfileTypeFactory(String), Namespace: 'com.topcoder.user.profile.manager.SimpleUserProfileManager'
Enter: getPropertyString(). Property name: 'profile_type_factory_class'
Exit: getPropertyString().
Enter: Helper method, createObject for class 'com.topcoder.user.profile.manager.ConfigProfileTypeFactory'
Enter: ProfileTypeFactory(String), Namespace: 'com.topcoder.user.profile.manager.SimpleUserProfileManager'
Exit: ProfileTypeFactory(String)
Enter: ConfigProfileTypeFactory(String), Namespace: 'com.topcoder.user.profile.manager.SimpleUserProfileManager'
Exit: ConfigProfileTypeFactory(String)
Exit: Helper method, createObject for class
Exit: ProfileTypeFactory(String)
Exit: XMLUserProfilePersistence(String)
Exit: Helper method, createObject for class
Exit: SimpleUserProfileManager(String)
Enter: SimpleUserProfileManager(String), Namespace: com.topcoder.user.profile.manager.SimpleUserProfileManager
Enter: getPropertyString(). Property name: 'persistence_class'
Exit: getPropertyString().
Enter: Helper method, createObject for class 'com.topcoder.user.profile.manager.persistence.XMLUserProfilePersistence'
Enter: XMLUserProfilePersistence(String), Namespace: com.topcoder.user.profile.manager.SimpleUserProfileManager
Enter: getPropertyString(). Property name: 'profile_xml_file'
Exit: getPropertyString().
Enter: XMLUserProfilePersistence.initializeFile(File), Path: D:\TC\Active\ThisWeek\AdminLogic\FR3\test_files\profiles.xml
Exit: XMLUserProfilePersistence.initializeFile(File)
Enter: ProfileTypeFactory(String), Namespace: 'com.topcoder.user.profile.manager.SimpleUserProfileManager'
Enter: getPropertyString(). Property name: 'profile_type_factory_class'
Exit: getPropertyString().
Enter: Helper method, createObject for class 'com.topcoder.user.profile.manager.ConfigProfileTypeFactory'
Enter: ProfileTypeFactory(String), Namespace: 'com.topcoder.user.profile.manager.SimpleUserProfileManager'
Exit: ProfileTypeFactory(String)
Enter: ConfigProfileTypeFactory(String), Namespace: 'com.topcoder.user.profile.manager.SimpleUserProfileManager'
Exit: ConfigProfileTypeFactory(String)
Exit: Helper method, createObject for class
Exit: ProfileTypeFactory(String)
Exit: XMLUserProfilePersistence(String)
Exit: Helper method, createObject for class
Exit: SimpleUserProfileManager(String)
Enter: SimpleUserProfileManager(String), Namespace: com.topcoder.user.profile.manager.SimpleUserProfileManager
Enter: getPropertyString(). Property name: 'persistence_class'
Exit: getPropertyString().
Enter: Helper method, createObject for class 'com.topcoder.user.profile.manager.persistence.XMLUserProfilePersistence'
Enter: XMLUserProfilePersistence(String), Namespace: com.topcoder.user.profile.manager.SimpleUserProfileManager
Enter: getPropertyString(). Property name: 'profile_xml_file'
Exit: getPropertyString().
Enter: XMLUserProfilePersistence.initializeFile(File), Path: D:\TC\Active\ThisWeek\AdminLogic\FR3\test_files\profiles.xml
Exit: XMLUserProfilePersistence.initializeFile(File)
Enter: ProfileTypeFactory(String), Namespace: 'com.topcoder.user.profile.manager.SimpleUserProfileManager'
Enter: getPropertyString(). Property name: 'profile_type_factory_class'
Exit: getPropertyString().
Enter: Helper method, createObject for class 'com.topcoder.user.profile.manager.ConfigProfileTypeFactory'
Enter: ProfileTypeFactory(String), Namespace: 'com.topcoder.user.profile.manager.SimpleUserProfileManager'
Exit: ProfileTypeFactory(String)
Enter: ConfigProfileTypeFactory(String), Namespace: 'com.topcoder.user.profile.manager.SimpleUserProfileManager'
Exit: ConfigProfileTypeFactory(String)
Exit: Helper method, createObject for class
Exit: ProfileTypeFactory(String)
Exit: XMLUserProfilePersistence(String)
Exit: Helper method, createObject for class
Exit: SimpleUserProfileManager(String)
Enter: SimpleUserProfileManager(String), Namespace: com.topcoder.user.profile.manager.SimpleUserProfileManager
Enter: getPropertyString(). Property name: 'persistence_class'
Exit: getPropertyString().
Enter: Helper method, createObject for class 'com.topcoder.user.profile.manager.persistence.XMLUserProfilePersistence'
Enter: XMLUserProfilePersistence(String), Namespace: com.topcoder.user.profile.manager.SimpleUserProfileManager
Enter: getPropertyString(). Property name: 'profile_xml_file'
Exit: getPropertyString().
Enter: XMLUserProfilePersistence.initializeFile(File), Path: D:\TC\Active\ThisWeek\AdminLogic\FR3\test_files\profiles.xml
Exit: XMLUserProfilePersistence.initializeFile(File)
Enter: ProfileTypeFactory(String), Namespace: 'com.topcoder.user.profile.manager.SimpleUserProfileManager'
Enter: getPropertyString(). Property name: 'profile_type_factory_class'
Exit: getPropertyString().
Enter: Helper method, createObject for class 'com.topcoder.user.profile.manager.ConfigProfileTypeFactory'
Enter: ProfileTypeFactory(String), Namespace: 'com.topcoder.user.profile.manager.SimpleUserProfileManager'
Exit: ProfileTypeFactory(String)
Enter: ConfigProfileTypeFactory(String), Namespace: 'com.topcoder.user.profile.manager.SimpleUserProfileManager'
Exit: ConfigProfileTypeFactory(String)
Exit: Helper method, createObject for class
Exit: ProfileTypeFactory(String)
Exit: XMLUserProfilePersistence(String)
Exit: Helper method, createObject for class
Exit: SimpleUserProfileManager(String)
Enter: SimpleUserProfileManager(String), Namespace: com.topcoder.user.profile.manager.SimpleUserProfileManager
Enter: getPropertyString(). Property name: 'persistence_class'
Exit: getPropertyString().
Enter: Helper method, createObject for class 'com.topcoder.user.profile.manager.persistence.XMLUserProfilePersistence'
Enter: XMLUserProfilePersistence(String), Namespace: com.topcoder.user.profile.manager.SimpleUserProfileManager
Enter: getPropertyString(). Property name: 'profile_xml_file'
Exit: getPropertyString().
Enter: XMLUserProfilePersistence.initializeFile(File), Path: D:\TC\Active\ThisWeek\AdminLogic\FR3\test_files\profiles.xml
Exit: XMLUserProfilePersistence.initializeFile(File)
Enter: ProfileTypeFactory(String), Namespace: 'com.topcoder.user.profile.manager.SimpleUserProfileManager'
Enter: getPropertyString(). Property name: 'profile_type_factory_class'
Exit: getPropertyString().
Enter: Helper method, createObject for class 'com.topcoder.user.profile.manager.ConfigProfileTypeFactory'
Enter: ProfileTypeFactory(String), Namespace: 'com.topcoder.user.profile.manager.SimpleUserProfileManager'
Exit: ProfileTypeFactory(String)
Enter: ConfigProfileTypeFactory(String), Namespace: 'com.topcoder.user.profile.manager.SimpleUserProfileManager'
Exit: ConfigProfileTypeFactory(String)
Exit: Helper method, createObject for class
Exit: ProfileTypeFactory(String)
Exit: XMLUserProfilePersistence(String)
Exit: Helper method, createObject for class
Exit: SimpleUserProfileManager(String)
Enter: SimpleUserProfileManager(String), Namespace: com.topcoder.user.profile.manager.SimpleUserProfileManager
Enter: getPropertyString(). Property name: 'persistence_class'
Exit: getPropertyString().
Enter: Helper method, createObject for class 'com.topcoder.user.profile.manager.persistence.XMLUserProfilePersistence'
Enter: XMLUserProfilePersistence(String), Namespace: com.topcoder.user.profile.manager.SimpleUserProfileManager
Enter: getPropertyString(). Property name: 'profile_xml_file'
Exit: getPropertyString().
Enter: XMLUserProfilePersistence.initializeFile(File), Path: D:\TC\Active\ThisWeek\AdminLogic\FR3\test_files\profiles.xml
Exit: XMLUserProfilePersistence.initializeFile(File)
Enter: ProfileTypeFactory(String), Namespace: 'com.topcoder.user.profile.manager.SimpleUserProfileManager'
Enter: getPropertyString(). Property name: 'profile_type_factory_class'
Exit: getPropertyString().
Enter: Helper method, createObject for class 'com.topcoder.user.profile.manager.ConfigProfileTypeFactory'
Enter: ProfileTypeFactory(String), Namespace: 'com.topcoder.user.profile.manager.SimpleUserProfileManager'
Exit: ProfileTypeFactory(String)
Enter: ConfigProfileTypeFactory(String), Namespace: 'com.topcoder.user.profile.manager.SimpleUserProfileManager'
Exit: ConfigProfileTypeFactory(String)
Exit: Helper method, createObject for class
Exit: ProfileTypeFactory(String)
Exit: XMLUserProfilePersistence(String)
Exit: Helper method, createObject for class
Exit: SimpleUserProfileManager(String)
Enter: SimpleUserProfileManager(String), Namespace: com.topcoder.user.profile.manager.SimpleUserProfileManager
Enter: getPropertyString(). Property name: 'persistence_class'
Exit: getPropertyString().
Enter: Helper method, createObject for class 'com.topcoder.user.profile.manager.persistence.XMLUserProfilePersistence'
Enter: XMLUserProfilePersistence(String), Namespace: com.topcoder.user.profile.manager.SimpleUserProfileManager
Enter: getPropertyString(). Property name: 'profile_xml_file'
Exit: getPropertyString().
Enter: XMLUserProfilePersistence.initializeFile(File), Path: D:\TC\Active\ThisWeek\AdminLogic\FR3\test_files\profiles.xml
Exit: XMLUserProfilePersistence.initializeFile(File)
Enter: ProfileTypeFactory(String), Namespace: 'com.topcoder.user.profile.manager.SimpleUserProfileManager'
Enter: getPropertyString(). Property name: 'profile_type_factory_class'
Exit: getPropertyString().
Enter: Helper method, createObject for class 'com.topcoder.user.profile.manager.ConfigProfileTypeFactory'
Enter: ProfileTypeFactory(String), Namespace: 'com.topcoder.user.profile.manager.SimpleUserProfileManager'
Exit: ProfileTypeFactory(String)
Enter: ConfigProfileTypeFactory(String), Namespace: 'com.topcoder.user.profile.manager.SimpleUserProfileManager'
Exit: ConfigProfileTypeFactory(String)
Exit: Helper method, createObject for class
Exit: ProfileTypeFactory(String)
Exit: XMLUserProfilePersistence(String)
Exit: Helper method, createObject for class
Exit: SimpleUserProfileManager(String)
Enter: SimpleUserProfileManager(String), Namespace: com.topcoder.user.profile.manager.SimpleUserProfileManager
Enter: getPropertyString(). Property name: 'persistence_class'
Exit: getPropertyString().
Enter: Helper method, createObject for class 'com.topcoder.user.profile.manager.persistence.XMLUserProfilePersistence'
Enter: XMLUserProfilePersistence(String), Namespace: com.topcoder.user.profile.manager.SimpleUserProfileManager
Enter: getPropertyString(). Property name: 'profile_xml_file'
Exit: getPropertyString().
Enter: XMLUserProfilePersistence.initializeFile(File), Path: D:\TC\Active\ThisWeek\AdminLogic\FR3\test_files\profiles.xml
Exit: XMLUserProfilePersistence.initializeFile(File)
Enter: ProfileTypeFactory(String), Namespace: 'com.topcoder.user.profile.manager.SimpleUserProfileManager'
Enter: getPropertyString(). Property name: 'profile_type_factory_class'
Exit: getPropertyString().
Enter: Helper method, createObject for class 'com.topcoder.user.profile.manager.ConfigProfileTypeFactory'
Enter: ProfileTypeFactory(String), Namespace: 'com.topcoder.user.profile.manager.SimpleUserProfileManager'
Exit: ProfileTypeFactory(String)
Enter: ConfigProfileTypeFactory(String), Namespace: 'com.topcoder.user.profile.manager.SimpleUserProfileManager'
Exit: ConfigProfileTypeFactory(String)
Exit: Helper method, createObject for class
Exit: ProfileTypeFactory(String)
Exit: XMLUserProfilePersistence(String)
Exit: Helper method, createObject for class
Exit: SimpleUserProfileManager(String)
Enter: SimpleUserProfileManager(String), Namespace: com.topcoder.user.profile.manager.SimpleUserProfileManager
Enter: getPropertyString(). Property name: 'persistence_class'
Exit: getPropertyString().
Enter: Helper method, createObject for class 'com.topcoder.user.profile.manager.persistence.XMLUserProfilePersistence'
Enter: XMLUserProfilePersistence(String), Namespace: com.topcoder.user.profile.manager.SimpleUserProfileManager
Enter: getPropertyString(). Property name: 'profile_xml_file'
Exit: getPropertyString().
Enter: XMLUserProfilePersistence.initializeFile(File), Path: D:\TC\Active\ThisWeek\AdminLogic\FR3\test_files\profiles.xml
Exit: XMLUserProfilePersistence.initializeFile(File)
Enter: ProfileTypeFactory(String), Namespace: 'com.topcoder.user.profile.manager.SimpleUserProfileManager'
Enter: getPropertyString(). Property name: 'profile_type_factory_class'
Exit: getPropertyString().
Enter: Helper method, createObject for class 'com.topcoder.user.profile.manager.ConfigProfileTypeFactory'
Enter: ProfileTypeFactory(String), Namespace: 'com.topcoder.user.profile.manager.SimpleUserProfileManager'
Exit: ProfileTypeFactory(String)
Enter: ConfigProfileTypeFactory(String), Namespace: 'com.topcoder.user.profile.manager.SimpleUserProfileManager'
Exit: ConfigProfileTypeFactory(String)
Exit: Helper method, createObject for class
Exit: ProfileTypeFactory(String)
Exit: XMLUserProfilePersistence(String)
Exit: Helper method, createObject for class
Exit: SimpleUserProfileManager(String)
Enter: SimpleUserProfileManager(String), Namespace: com.topcoder.user.profile.manager.SimpleUserProfileManager
Enter: getPropertyString(). Property name: 'persistence_class'
Exit: getPropertyString().
Enter: Helper method, createObject for class 'com.topcoder.user.profile.manager.persistence.XMLUserProfilePersistence'
Enter: XMLUserProfilePersistence(String), Namespace: com.topcoder.user.profile.manager.SimpleUserProfileManager
Enter: getPropertyString(). Property name: 'profile_xml_file'
Exit: getPropertyString().
Enter: XMLUserProfilePersistence.initializeFile(File), Path: D:\TC\Active\ThisWeek\AdminLogic\FR3\test_files\profiles.xml
Exit: XMLUserProfilePersistence.initializeFile(File)
Enter: ProfileTypeFactory(String), Namespace: 'com.topcoder.user.profile.manager.SimpleUserProfileManager'
Enter: getPropertyString(). Property name: 'profile_type_factory_class'
Exit: getPropertyString().
Enter: Helper method, createObject for class 'com.topcoder.user.profile.manager.ConfigProfileTypeFactory'
Enter: ProfileTypeFactory(String), Namespace: 'com.topcoder.user.profile.manager.SimpleUserProfileManager'
Exit: ProfileTypeFactory(String)
Enter: ConfigProfileTypeFactory(String), Namespace: 'com.topcoder.user.profile.manager.SimpleUserProfileManager'
Exit: ConfigProfileTypeFactory(String)
Exit: Helper method, createObject for class
Exit: ProfileTypeFactory(String)
Exit: XMLUserProfilePersistence(String)
Exit: Helper method, createObject for class
Exit: SimpleUserProfileManager(String)
Enter: SimpleUserProfileManager(String), Namespace: com.topcoder.user.profile.manager.SimpleUserProfileManager
Enter: getPropertyString(). Property name: 'persistence_class'
Exit: getPropertyString().
Enter: Helper method, createObject for class 'com.topcoder.user.profile.manager.persistence.XMLUserProfilePersistence'
Enter: XMLUserProfilePersistence(String), Namespace: com.topcoder.user.profile.manager.SimpleUserProfileManager
Enter: getPropertyString(). Property name: 'profile_xml_file'
Exit: getPropertyString().
Enter: XMLUserProfilePersistence.initializeFile(File), Path: D:\TC\Active\ThisWeek\AdminLogic\FR3\test_files\profiles.xml
Exit: XMLUserProfilePersistence.initializeFile(File)
Enter: ProfileTypeFactory(String), Namespace: 'com.topcoder.user.profile.manager.SimpleUserProfileManager'
Enter: getPropertyString(). Property name: 'profile_type_factory_class'
Exit: getPropertyString().
Enter: Helper method, createObject for class 'com.topcoder.user.profile.manager.ConfigProfileTypeFactory'
Enter: ProfileTypeFactory(String), Namespace: 'com.topcoder.user.profile.manager.SimpleUserProfileManager'
Exit: ProfileTypeFactory(String)
Enter: ConfigProfileTypeFactory(String), Namespace: 'com.topcoder.user.profile.manager.SimpleUserProfileManager'
Exit: ConfigProfileTypeFactory(String)
Exit: Helper method, createObject for class
Exit: ProfileTypeFactory(String)
Exit: XMLUserProfilePersistence(String)
Exit: Helper method, createObject for class
Exit: SimpleUserProfileManager(String)
Enter: SimpleUserProfileManager(String), Namespace: com.topcoder.user.profile.manager.SimpleUserProfileManager
Enter: getPropertyString(). Property name: 'persistence_class'
Exit: getPropertyString().
Enter: Helper method, createObject for class 'com.topcoder.user.profile.manager.persistence.XMLUserProfilePersistence'
Enter: XMLUserProfilePersistence(String), Namespace: com.topcoder.user.profile.manager.SimpleUserProfileManager
Enter: getPropertyString(). Property name: 'profile_xml_file'
Exit: getPropertyString().
Enter: XMLUserProfilePersistence.initializeFile(File), Path: D:\TC\Active\ThisWeek\AdminLogic\FR3\test_files\profiles.xml
Exit: XMLUserProfilePersistence.initializeFile(File)
Enter: ProfileTypeFactory(String), Namespace: 'com.topcoder.user.profile.manager.SimpleUserProfileManager'
Enter: getPropertyString(). Property name: 'profile_type_factory_class'
Exit: getPropertyString().
Enter: Helper method, createObject for class 'com.topcoder.user.profile.manager.ConfigProfileTypeFactory'
Enter: ProfileTypeFactory(String), Namespace: 'com.topcoder.user.profile.manager.SimpleUserProfileManager'
Exit: ProfileTypeFactory(String)
Enter: ConfigProfileTypeFactory(String), Namespace: 'com.topcoder.user.profile.manager.SimpleUserProfileManager'
Exit: ConfigProfileTypeFactory(String)
Exit: Helper method, createObject for class
Exit: ProfileTypeFactory(String)
Exit: XMLUserProfilePersistence(String)
Exit: Helper method, createObject for class
Exit: SimpleUserProfileManager(String)
Enter: SimpleUserProfileManager(String), Namespace: com.topcoder.user.profile.manager.SimpleUserProfileManager
Enter: getPropertyString(). Property name: 'persistence_class'
Exit: getPropertyString().
Enter: Helper method, createObject for class 'com.topcoder.user.profile.manager.persistence.XMLUserProfilePersistence'
Enter: XMLUserProfilePersistence(String), Namespace: com.topcoder.user.profile.manager.SimpleUserProfileManager
Enter: getPropertyString(). Property name: 'profile_xml_file'
Exit: getPropertyString().
Enter: XMLUserProfilePersistence.initializeFile(File), Path: D:\TC\Active\ThisWeek\AdminLogic\FR3\test_files\profiles.xml
Exit: XMLUserProfilePersistence.initializeFile(File)
Enter: ProfileTypeFactory(String), Namespace: 'com.topcoder.user.profile.manager.SimpleUserProfileManager'
Enter: getPropertyString(). Property name: 'profile_type_factory_class'
Exit: getPropertyString().
Enter: Helper method, createObject for class 'com.topcoder.user.profile.manager.ConfigProfileTypeFactory'
Enter: ProfileTypeFactory(String), Namespace: 'com.topcoder.user.profile.manager.SimpleUserProfileManager'
Exit: ProfileTypeFactory(String)
Enter: ConfigProfileTypeFactory(String), Namespace: 'com.topcoder.user.profile.manager.SimpleUserProfileManager'
Exit: ConfigProfileTypeFactory(String)
Exit: Helper method, createObject for class
Exit: ProfileTypeFactory(String)
Exit: XMLUserProfilePersistence(String)
Exit: Helper method, createObject for class
Exit: SimpleUserProfileManager(String)
Enter: SimpleUserProfileManager(String), Namespace: com.topcoder.user.profile.manager.SimpleUserProfileManager
Enter: getPropertyString(). Property name: 'persistence_class'
Exit: getPropertyString().
Enter: Helper method, createObject for class 'com.topcoder.user.profile.manager.persistence.XMLUserProfilePersistence'
Enter: XMLUserProfilePersistence(String), Namespace: com.topcoder.user.profile.manager.SimpleUserProfileManager
Enter: getPropertyString(). Property name: 'profile_xml_file'
Exit: getPropertyString().
Enter: XMLUserProfilePersistence.initializeFile(File), Path: D:\TC\Active\ThisWeek\AdminLogic\FR3\test_files\profiles.xml
Exit: XMLUserProfilePersistence.initializeFile(File)
Enter: ProfileTypeFactory(String), Namespace: 'com.topcoder.user.profile.manager.SimpleUserProfileManager'
Enter: getPropertyString(). Property name: 'profile_type_factory_class'
Exit: getPropertyString().
Enter: Helper method, createObject for class 'com.topcoder.user.profile.manager.ConfigProfileTypeFactory'
Enter: ProfileTypeFactory(String), Namespace: 'com.topcoder.user.profile.manager.SimpleUserProfileManager'
Exit: ProfileTypeFactory(String)
Enter: ConfigProfileTypeFactory(String), Namespace: 'com.topcoder.user.profile.manager.SimpleUserProfileManager'
Exit: ConfigProfileTypeFactory(String)
Exit: Helper method, createObject for class
Exit: ProfileTypeFactory(String)
Exit: XMLUserProfilePersistence(String)
Exit: Helper method, createObject for class
Exit: SimpleUserProfileManager(String)
Enter: SimpleUserProfileManager(String), Namespace: com.topcoder.user.profile.manager.SimpleUserProfileManager
Enter: getPropertyString(). Property name: 'persistence_class'
Exit: getPropertyString().
Enter: Helper method, createObject for class 'com.topcoder.user.profile.manager.persistence.XMLUserProfilePersistence'
Enter: XMLUserProfilePersistence(String), Namespace: com.topcoder.user.profile.manager.SimpleUserProfileManager
Enter: getPropertyString(). Property name: 'profile_xml_file'
Exit: getPropertyString().
Enter: XMLUserProfilePersistence.initializeFile(File), Path: D:\TC\Active\ThisWeek\AdminLogic\FR3\test_files\profiles.xml
Exit: XMLUserProfilePersistence.initializeFile(File)
Enter: ProfileTypeFactory(String), Namespace: 'com.topcoder.user.profile.manager.SimpleUserProfileManager'
Enter: getPropertyString(). Property name: 'profile_type_factory_class'
Exit: getPropertyString().
Enter: Helper method, createObject for class 'com.topcoder.user.profile.manager.ConfigProfileTypeFactory'
Enter: ProfileTypeFactory(String), Namespace: 'com.topcoder.user.profile.manager.SimpleUserProfileManager'
Exit: ProfileTypeFactory(String)
Enter: ConfigProfileTypeFactory(String), Namespace: 'com.topcoder.user.profile.manager.SimpleUserProfileManager'
Exit: ConfigProfileTypeFactory(String)
Exit: Helper method, createObject for class
Exit: ProfileTypeFactory(String)
Exit: XMLUserProfilePersistence(String)
Exit: Helper method, createObject for class
Exit: SimpleUserProfileManager(String)
Enter: SimpleUserProfileManager(String), Namespace: com.topcoder.user.profile.manager.SimpleUserProfileManager
Enter: getPropertyString(). Property name: 'persistence_class'
Exit: getPropertyString().
Enter: Helper method, createObject for class 'com.topcoder.user.profile.manager.persistence.XMLUserProfilePersistence'
Enter: XMLUserProfilePersistence(String), Namespace: com.topcoder.user.profile.manager.SimpleUserProfileManager
Enter: getPropertyString(). Property name: 'profile_xml_file'
Exit: getPropertyString().
Enter: XMLUserProfilePersistence.initializeFile(File), Path: D:\TC\Active\ThisWeek\AdminLogic\FR3\test_files\profiles.xml
Exit: XMLUserProfilePersistence.initializeFile(File)
Enter: ProfileTypeFactory(String), Namespace: 'com.topcoder.user.profile.manager.SimpleUserProfileManager'
Enter: getPropertyString(). Property name: 'profile_type_factory_class'
Exit: getPropertyString().
Enter: Helper method, createObject for class 'com.topcoder.user.profile.manager.ConfigProfileTypeFactory'
Enter: ProfileTypeFactory(String), Namespace: 'com.topcoder.user.profile.manager.SimpleUserProfileManager'
Exit: ProfileTypeFactory(String)
Enter: ConfigProfileTypeFactory(String), Namespace: 'com.topcoder.user.profile.manager.SimpleUserProfileManager'
Exit: ConfigProfileTypeFactory(String)
Exit: Helper method, createObject for class
Exit: ProfileTypeFactory(String)
Exit: XMLUserProfilePersistence(String)
Exit: Helper method, createObject for class
Exit: SimpleUserProfileManager(String)
Enter: SimpleUserProfileManager(String), Namespace: com.topcoder.user.profile.manager.SimpleUserProfileManager
Enter: getPropertyString(). Property name: 'persistence_class'
Exit: getPropertyString().
Enter: Helper method, createObject for class 'com.topcoder.user.profile.manager.persistence.XMLUserProfilePersistence'
Enter: XMLUserProfilePersistence(String), Namespace: com.topcoder.user.profile.manager.SimpleUserProfileManager
Enter: getPropertyString(). Property name: 'profile_xml_file'
Exit: getPropertyString().
Enter: XMLUserProfilePersistence.initializeFile(File), Path: D:\TC\Active\ThisWeek\AdminLogic\FR3\test_files\profiles.xml
Exit: XMLUserProfilePersistence.initializeFile(File)
Enter: ProfileTypeFactory(String), Namespace: 'com.topcoder.user.profile.manager.SimpleUserProfileManager'
Enter: getPropertyString(). Property name: 'profile_type_factory_class'
Exit: getPropertyString().
Enter: Helper method, createObject for class 'com.topcoder.user.profile.manager.ConfigProfileTypeFactory'
Enter: ProfileTypeFactory(String), Namespace: 'com.topcoder.user.profile.manager.SimpleUserProfileManager'
Exit: ProfileTypeFactory(String)
Enter: ConfigProfileTypeFactory(String), Namespace: 'com.topcoder.user.profile.manager.SimpleUserProfileManager'
Exit: ConfigProfileTypeFactory(String)
Exit: Helper method, createObject for class
Exit: ProfileTypeFactory(String)
Exit: XMLUserProfilePersistence(String)
Exit: Helper method, createObject for class
Exit: SimpleUserProfileManager(String)
Enter: SimpleUserProfileManager(String), Namespace: com.topcoder.user.profile.manager.SimpleUserProfileManager
Enter: getPropertyString(). Property name: 'persistence_class'
Exit: getPropertyString().
Enter: Helper method, createObject for class 'com.topcoder.user.profile.manager.persistence.XMLUserProfilePersistence'
Enter: XMLUserProfilePersistence(String), Namespace: com.topcoder.user.profile.manager.SimpleUserProfileManager
Enter: getPropertyString(). Property name: 'profile_xml_file'
Exit: getPropertyString().
Enter: XMLUserProfilePersistence.initializeFile(File), Path: D:\TC\Active\ThisWeek\AdminLogic\FR3\test_files\profiles.xml
Exit: XMLUserProfilePersistence.initializeFile(File)
Enter: ProfileTypeFactory(String), Namespace: 'com.topcoder.user.profile.manager.SimpleUserProfileManager'
Enter: getPropertyString(). Property name: 'profile_type_factory_class'
Exit: getPropertyString().
Enter: Helper method, createObject for class 'com.topcoder.user.profile.manager.ConfigProfileTypeFactory'
Enter: ProfileTypeFactory(String), Namespace: 'com.topcoder.user.profile.manager.SimpleUserProfileManager'
Exit: ProfileTypeFactory(String)
Enter: ConfigProfileTypeFactory(String), Namespace: 'com.topcoder.user.profile.manager.SimpleUserProfileManager'
Exit: ConfigProfileTypeFactory(String)
Exit: Helper method, createObject for class
Exit: ProfileTypeFactory(String)
Exit: XMLUserProfilePersistence(String)
Exit: Helper method, createObject for class
Exit: SimpleUserProfileManager(String)
Enter: SimpleUserProfileManager(String), Namespace: com.topcoder.user.profile.manager.SimpleUserProfileManager
Enter: getPropertyString(). Property name: 'persistence_class'
Exit: getPropertyString().
Enter: Helper method, createObject for class 'com.topcoder.user.profile.manager.persistence.XMLUserProfilePersistence'
Enter: XMLUserProfilePersistence(String), Namespace: com.topcoder.user.profile.manager.SimpleUserProfileManager
Enter: getPropertyString(). Property name: 'profile_xml_file'
Exit: getPropertyString().
Enter: XMLUserProfilePersistence.initializeFile(File), Path: D:\TC\Active\ThisWeek\AdminLogic\FR3\test_files\profiles.xml
Exit: XMLUserProfilePersistence.initializeFile(File)
Enter: ProfileTypeFactory(String), Namespace: 'com.topcoder.user.profile.manager.SimpleUserProfileManager'
Enter: getPropertyString(). Property name: 'profile_type_factory_class'
Exit: getPropertyString().
Enter: Helper method, createObject for class 'com.topcoder.user.profile.manager.ConfigProfileTypeFactory'
Enter: ProfileTypeFactory(String), Namespace: 'com.topcoder.user.profile.manager.SimpleUserProfileManager'
Exit: ProfileTypeFactory(String)
Enter: ConfigProfileTypeFactory(String), Namespace: 'com.topcoder.user.profile.manager.SimpleUserProfileManager'
Exit: ConfigProfileTypeFactory(String)
Exit: Helper method, createObject for class
Exit: ProfileTypeFactory(String)
Exit: XMLUserProfilePersistence(String)
Exit: Helper method, createObject for class
Exit: SimpleUserProfileManager(String)
Enter: SimpleUserProfileManager(String), Namespace: com.topcoder.user.profile.manager.SimpleUserProfileManager
Enter: getPropertyString(). Property name: 'persistence_class'
Exit: getPropertyString().
Enter: Helper method, createObject for class 'com.topcoder.user.profile.manager.persistence.XMLUserProfilePersistence'
Enter: XMLUserProfilePersistence(String), Namespace: com.topcoder.user.profile.manager.SimpleUserProfileManager
Enter: getPropertyString(). Property name: 'profile_xml_file'
Exit: getPropertyString().
Enter: XMLUserProfilePersistence.initializeFile(File), Path: D:\TC\Active\ThisWeek\AdminLogic\FR3\test_files\profiles.xml
Exit: XMLUserProfilePersistence.initializeFile(File)
Enter: ProfileTypeFactory(String), Namespace: 'com.topcoder.user.profile.manager.SimpleUserProfileManager'
Enter: getPropertyString(). Property name: 'profile_type_factory_class'
Exit: getPropertyString().
Enter: Helper method, createObject for class 'com.topcoder.user.profile.manager.ConfigProfileTypeFactory'
Enter: ProfileTypeFactory(String), Namespace: 'com.topcoder.user.profile.manager.SimpleUserProfileManager'
Exit: ProfileTypeFactory(String)
Enter: ConfigProfileTypeFactory(String), Namespace: 'com.topcoder.user.profile.manager.SimpleUserProfileManager'
Exit: ConfigProfileTypeFactory(String)
Exit: Helper method, createObject for class
Exit: ProfileTypeFactory(String)
Exit: XMLUserProfilePersistence(String)
Exit: Helper method, createObject for class
Exit: SimpleUserProfileManager(String)
Enter: SimpleUserProfileManager(String), Namespace: com.topcoder.user.profile.manager.SimpleUserProfileManager
Enter: getPropertyString(). Property name: 'persistence_class'
Exit: getPropertyString().
Enter: Helper method, createObject for class 'com.topcoder.user.profile.manager.persistence.XMLUserProfilePersistence'
Enter: XMLUserProfilePersistence(String), Namespace: com.topcoder.user.profile.manager.SimpleUserProfileManager
Enter: getPropertyString(). Property name: 'profile_xml_file'
Exit: getPropertyString().
Enter: XMLUserProfilePersistence.initializeFile(File), Path: D:\TC\Active\ThisWeek\AdminLogic\FR3\test_files\profiles.xml
Exit: XMLUserProfilePersistence.initializeFile(File)
Enter: ProfileTypeFactory(String), Namespace: 'com.topcoder.user.profile.manager.SimpleUserProfileManager'
Enter: getPropertyString(). Property name: 'profile_type_factory_class'
Exit: getPropertyString().
Enter: Helper method, createObject for class 'com.topcoder.user.profile.manager.ConfigProfileTypeFactory'
Enter: ProfileTypeFactory(String), Namespace: 'com.topcoder.user.profile.manager.SimpleUserProfileManager'
Exit: ProfileTypeFactory(String)
Enter: ConfigProfileTypeFactory(String), Namespace: 'com.topcoder.user.profile.manager.SimpleUserProfileManager'
Exit: ConfigProfileTypeFactory(String)
Exit: Helper method, createObject for class
Exit: ProfileTypeFactory(String)
Exit: XMLUserProfilePersistence(String)
Exit: Helper method, createObject for class
Exit: SimpleUserProfileManager(String)
Enter: SimpleUserProfileManager(String), Namespace: com.topcoder.user.profile.manager.SimpleUserProfileManager
Enter: getPropertyString(). Property name: 'persistence_class'
Exit: getPropertyString().
Enter: Helper method, createObject for class 'com.topcoder.user.profile.manager.persistence.XMLUserProfilePersistence'
Enter: XMLUserProfilePersistence(String), Namespace: com.topcoder.user.profile.manager.SimpleUserProfileManager
Enter: getPropertyString(). Property name: 'profile_xml_file'
Exit: getPropertyString().
Enter: XMLUserProfilePersistence.initializeFile(File), Path: D:\TC\Active\ThisWeek\AdminLogic\FR3\test_files\profiles.xml
Exit: XMLUserProfilePersistence.initializeFile(File)
Enter: ProfileTypeFactory(String), Namespace: 'com.topcoder.user.profile.manager.SimpleUserProfileManager'
Enter: getPropertyString(). Property name: 'profile_type_factory_class'
Exit: getPropertyString().
Enter: Helper method, createObject for class 'com.topcoder.user.profile.manager.ConfigProfileTypeFactory'
Enter: ProfileTypeFactory(String), Namespace: 'com.topcoder.user.profile.manager.SimpleUserProfileManager'
Exit: ProfileTypeFactory(String)
Enter: ConfigProfileTypeFactory(String), Namespace: 'com.topcoder.user.profile.manager.SimpleUserProfileManager'
Exit: ConfigProfileTypeFactory(String)
Exit: Helper method, createObject for class
Exit: ProfileTypeFactory(String)
Exit: XMLUserProfilePersistence(String)
Exit: Helper method, createObject for class
Exit: SimpleUserProfileManager(String)
Enter: SimpleUserProfileManager(String), Namespace: com.topcoder.user.profile.manager.SimpleUserProfileManager
Enter: getPropertyString(). Property name: 'persistence_class'
Exit: getPropertyString().
Enter: Helper method, createObject for class 'com.topcoder.user.profile.manager.persistence.XMLUserProfilePersistence'
Enter: XMLUserProfilePersistence(String), Namespace: com.topcoder.user.profile.manager.SimpleUserProfileManager
Enter: getPropertyString(). Property name: 'profile_xml_file'
Exit: getPropertyString().
Enter: XMLUserProfilePersistence.initializeFile(File), Path: D:\TC\Active\ThisWeek\AdminLogic\FR3\test_files\profiles.xml
Exit: XMLUserProfilePersistence.initializeFile(File)
Enter: ProfileTypeFactory(String), Namespace: 'com.topcoder.user.profile.manager.SimpleUserProfileManager'
Enter: getPropertyString(). Property name: 'profile_type_factory_class'
Exit: getPropertyString().
Enter: Helper method, createObject for class 'com.topcoder.user.profile.manager.ConfigProfileTypeFactory'
Enter: ProfileTypeFactory(String), Namespace: 'com.topcoder.user.profile.manager.SimpleUserProfileManager'
Exit: ProfileTypeFactory(String)
Enter: ConfigProfileTypeFactory(String), Namespace: 'com.topcoder.user.profile.manager.SimpleUserProfileManager'
Exit: ConfigProfileTypeFactory(String)
Exit: Helper method, createObject for class
Exit: ProfileTypeFactory(String)
Exit: XMLUserProfilePersistence(String)
Exit: Helper method, createObject for class
Exit: SimpleUserProfileManager(String)
Enter: SimpleUserProfileManager(String), Namespace: com.topcoder.user.profile.manager.SimpleUserProfileManager
Enter: getPropertyString(). Property name: 'persistence_class'
Exit: getPropertyString().
Enter: Helper method, createObject for class 'com.topcoder.user.profile.manager.persistence.XMLUserProfilePersistence'
Enter: XMLUserProfilePersistence(String), Namespace: com.topcoder.user.profile.manager.SimpleUserProfileManager
Enter: getPropertyString(). Property name: 'profile_xml_file'
Exit: getPropertyString().
Enter: XMLUserProfilePersistence.initializeFile(File), Path: D:\TC\Active\ThisWeek\AdminLogic\FR3\test_files\profiles.xml
Exit: XMLUserProfilePersistence.initializeFile(File)
Enter: ProfileTypeFactory(String), Namespace: 'com.topcoder.user.profile.manager.SimpleUserProfileManager'
Enter: getPropertyString(). Property name: 'profile_type_factory_class'
Exit: getPropertyString().
Enter: Helper method, createObject for class 'com.topcoder.user.profile.manager.ConfigProfileTypeFactory'
Enter: ProfileTypeFactory(String), Namespace: 'com.topcoder.user.profile.manager.SimpleUserProfileManager'
Exit: ProfileTypeFactory(String)
Enter: ConfigProfileTypeFactory(String), Namespace: 'com.topcoder.user.profile.manager.SimpleUserProfileManager'
Exit: ConfigProfileTypeFactory(String)
Exit: Helper method, createObject for class
Exit: ProfileTypeFactory(String)
Exit: XMLUserProfilePersistence(String)
Exit: Helper method, createObject for class
Exit: SimpleUserProfileManager(String)
Enter: SimpleUserProfileManager(String), Namespace: com.topcoder.user.profile.manager.SimpleUserProfileManager
Enter: getPropertyString(). Property name: 'persistence_class'
Exit: getPropertyString().
Enter: Helper method, createObject for class 'com.topcoder.user.profile.manager.persistence.XMLUserProfilePersistence'
Enter: XMLUserProfilePersistence(String), Namespace: com.topcoder.user.profile.manager.SimpleUserProfileManager
Enter: getPropertyString(). Property name: 'profile_xml_file'
Exit: getPropertyString().
Enter: XMLUserProfilePersistence.initializeFile(File), Path: D:\TC\Active\ThisWeek\AdminLogic\FR3\test_files\profiles.xml
Exit: XMLUserProfilePersistence.initializeFile(File)
Enter: ProfileTypeFactory(String), Namespace: 'com.topcoder.user.profile.manager.SimpleUserProfileManager'
Enter: getPropertyString(). Property name: 'profile_type_factory_class'
Exit: getPropertyString().
Enter: Helper method, createObject for class 'com.topcoder.user.profile.manager.ConfigProfileTypeFactory'
Enter: ProfileTypeFactory(String), Namespace: 'com.topcoder.user.profile.manager.SimpleUserProfileManager'
Exit: ProfileTypeFactory(String)
Enter: ConfigProfileTypeFactory(String), Namespace: 'com.topcoder.user.profile.manager.SimpleUserProfileManager'
Exit: ConfigProfileTypeFactory(String)
Exit: Helper method, createObject for class
Exit: ProfileTypeFactory(String)
Exit: XMLUserProfilePersistence(String)
Exit: Helper method, createObject for class
Exit: SimpleUserProfileManager(String)
Enter: SimpleUserProfileManager(String), Namespace: com.topcoder.user.profile.manager.SimpleUserProfileManager
Enter: getPropertyString(). Property name: 'persistence_class'
Exit: getPropertyString().
Enter: Helper method, createObject for class 'com.topcoder.user.profile.manager.persistence.XMLUserProfilePersistence'
Enter: XMLUserProfilePersistence(String), Namespace: com.topcoder.user.profile.manager.SimpleUserProfileManager
Enter: getPropertyString(). Property name: 'profile_xml_file'
Exit: getPropertyString().
Enter: XMLUserProfilePersistence.initializeFile(File), Path: D:\TC\Active\ThisWeek\AdminLogic\FR3\test_files\profiles.xml
Exit: XMLUserProfilePersistence.initializeFile(File)
Enter: ProfileTypeFactory(String), Namespace: 'com.topcoder.user.profile.manager.SimpleUserProfileManager'
Enter: getPropertyString(). Property name: 'profile_type_factory_class'
Exit: getPropertyString().
Enter: Helper method, createObject for class 'com.topcoder.user.profile.manager.ConfigProfileTypeFactory'
Enter: ProfileTypeFactory(String), Namespace: 'com.topcoder.user.profile.manager.SimpleUserProfileManager'
Exit: ProfileTypeFactory(String)
Enter: ConfigProfileTypeFactory(String), Namespace: 'com.topcoder.user.profile.manager.SimpleUserProfileManager'
Exit: ConfigProfileTypeFactory(String)
Exit: Helper method, createObject for class
Exit: ProfileTypeFactory(String)
Exit: XMLUserProfilePersistence(String)
Exit: Helper method, createObject for class
Exit: SimpleUserProfileManager(String)
Enter: SimpleUserProfileManager(String), Namespace: com.topcoder.user.profile.manager.SimpleUserProfileManager
Enter: getPropertyString(). Property name: 'persistence_class'
Exit: getPropertyString().
Enter: Helper method, createObject for class 'com.topcoder.user.profile.manager.persistence.XMLUserProfilePersistence'
Enter: XMLUserProfilePersistence(String), Namespace: com.topcoder.user.profile.manager.SimpleUserProfileManager
Enter: getPropertyString(). Property name: 'profile_xml_file'
Exit: getPropertyString().
Enter: XMLUserProfilePersistence.initializeFile(File), Path: D:\TC\Active\ThisWeek\AdminLogic\FR3\test_files\profiles.xml
Exit: XMLUserProfilePersistence.initializeFile(File)
Enter: ProfileTypeFactory(String), Namespace: 'com.topcoder.user.profile.manager.SimpleUserProfileManager'
Enter: getPropertyString(). Property name: 'profile_type_factory_class'
Exit: getPropertyString().
Enter: Helper method, createObject for class 'com.topcoder.user.profile.manager.ConfigProfileTypeFactory'
Enter: ProfileTypeFactory(String), Namespace: 'com.topcoder.user.profile.manager.SimpleUserProfileManager'
Exit: ProfileTypeFactory(String)
Enter: ConfigProfileTypeFactory(String), Namespace: 'com.topcoder.user.profile.manager.SimpleUserProfileManager'
Exit: ConfigProfileTypeFactory(String)
Exit: Helper method, createObject for class
Exit: ProfileTypeFactory(String)
Exit: XMLUserProfilePersistence(String)
Exit: Helper method, createObject for class
Exit: SimpleUserProfileManager(String)
Enter: SimpleUserProfileManager(String), Namespace: com.topcoder.user.profile.manager.SimpleUserProfileManager
Enter: getPropertyString(). Property name: 'persistence_class'
Exit: getPropertyString().
Enter: Helper method, createObject for class 'com.topcoder.user.profile.manager.persistence.XMLUserProfilePersistence'
Enter: XMLUserProfilePersistence(String), Namespace: com.topcoder.user.profile.manager.SimpleUserProfileManager
Enter: getPropertyString(). Property name: 'profile_xml_file'
Exit: getPropertyString().
Enter: XMLUserProfilePersistence.initializeFile(File), Path: D:\TC\Active\ThisWeek\AdminLogic\FR3\test_files\profiles.xml
Exit: XMLUserProfilePersistence.initializeFile(File)
Enter: ProfileTypeFactory(String), Namespace: 'com.topcoder.user.profile.manager.SimpleUserProfileManager'
Enter: getPropertyString(). Property name: 'profile_type_factory_class'
Exit: getPropertyString().
Enter: Helper method, createObject for class 'com.topcoder.user.profile.manager.ConfigProfileTypeFactory'
Enter: ProfileTypeFactory(String), Namespace: 'com.topcoder.user.profile.manager.SimpleUserProfileManager'
Exit: ProfileTypeFactory(String)
Enter: ConfigProfileTypeFactory(String), Namespace: 'com.topcoder.user.profile.manager.SimpleUserProfileManager'
Exit: ConfigProfileTypeFactory(String)
Exit: Helper method, createObject for class
Exit: ProfileTypeFactory(String)
Exit: XMLUserProfilePersistence(String)
Exit: Helper method, createObject for class
Exit: SimpleUserProfileManager(String)
Enter: SimpleUserProfileManager(String), Namespace: com.topcoder.user.profile.manager.SimpleUserProfileManager
Enter: getPropertyString(). Property name: 'persistence_class'
Exit: getPropertyString().
Enter: Helper method, createObject for class 'com.topcoder.user.profile.manager.persistence.XMLUserProfilePersistence'
Enter: XMLUserProfilePersistence(String), Namespace: com.topcoder.user.profile.manager.SimpleUserProfileManager
Enter: getPropertyString(). Property name: 'profile_xml_file'
Exit: getPropertyString().
Enter: XMLUserProfilePersistence.initializeFile(File), Path: D:\TC\Active\ThisWeek\AdminLogic\FR3\test_files\profiles.xml
Exit: XMLUserProfilePersistence.initializeFile(File)
Enter: ProfileTypeFactory(String), Namespace: 'com.topcoder.user.profile.manager.SimpleUserProfileManager'
Enter: getPropertyString(). Property name: 'profile_type_factory_class'
Exit: getPropertyString().
Enter: Helper method, createObject for class 'com.topcoder.user.profile.manager.ConfigProfileTypeFactory'
Enter: ProfileTypeFactory(String), Namespace: 'com.topcoder.user.profile.manager.SimpleUserProfileManager'
Exit: ProfileTypeFactory(String)
Enter: ConfigProfileTypeFactory(String), Namespace: 'com.topcoder.user.profile.manager.SimpleUserProfileManager'
Exit: ConfigProfileTypeFactory(String)
Exit: Helper method, createObject for class
Exit: ProfileTypeFactory(String)
Exit: XMLUserProfilePersistence(String)
Exit: Helper method, createObject for class
Exit: SimpleUserProfileManager(String)
Enter: SimpleUserProfileManager(String), Namespace: com.topcoder.user.profile.manager.SimpleUserProfileManager
Enter: getPropertyString(). Property name: 'persistence_class'
Exit: getPropertyString().
Enter: Helper method, createObject for class 'com.topcoder.user.profile.manager.persistence.XMLUserProfilePersistence'
Enter: XMLUserProfilePersistence(String), Namespace: com.topcoder.user.profile.manager.SimpleUserProfileManager
Enter: getPropertyString(). Property name: 'profile_xml_file'
Exit: getPropertyString().
Enter: XMLUserProfilePersistence.initializeFile(File), Path: D:\TC\Active\ThisWeek\AdminLogic\FR3\test_files\profiles.xml
Exit: XMLUserProfilePersistence.initializeFile(File)
Enter: ProfileTypeFactory(String), Namespace: 'com.topcoder.user.profile.manager.SimpleUserProfileManager'
Enter: getPropertyString(). Property name: 'profile_type_factory_class'
Exit: getPropertyString().
Enter: Helper method, createObject for class 'com.topcoder.user.profile.manager.ConfigProfileTypeFactory'
Enter: ProfileTypeFactory(String), Namespace: 'com.topcoder.user.profile.manager.SimpleUserProfileManager'
Exit: ProfileTypeFactory(String)
Enter: ConfigProfileTypeFactory(String), Namespace: 'com.topcoder.user.profile.manager.SimpleUserProfileManager'
Exit: ConfigProfileTypeFactory(String)
Exit: Helper method, createObject for class
Exit: ProfileTypeFactory(String)
Exit: XMLUserProfilePersistence(String)
Exit: Helper method, createObject for class
Exit: SimpleUserProfileManager(String)
Enter: SimpleUserProfileManager(String), Namespace: com.topcoder.user.profile.manager.SimpleUserProfileManager
Enter: getPropertyString(). Property name: 'persistence_class'
Exit: getPropertyString().
Enter: Helper method, createObject for class 'com.topcoder.user.profile.manager.persistence.XMLUserProfilePersistence'
Enter: XMLUserProfilePersistence(String), Namespace: com.topcoder.user.profile.manager.SimpleUserProfileManager
Enter: getPropertyString(). Property name: 'profile_xml_file'
Exit: getPropertyString().
Enter: XMLUserProfilePersistence.initializeFile(File), Path: D:\TC\Active\ThisWeek\AdminLogic\FR3\test_files\profiles.xml
Exit: XMLUserProfilePersistence.initializeFile(File)
Enter: ProfileTypeFactory(String), Namespace: 'com.topcoder.user.profile.manager.SimpleUserProfileManager'
Enter: getPropertyString(). Property name: 'profile_type_factory_class'
Exit: getPropertyString().
Enter: Helper method, createObject for class 'com.topcoder.user.profile.manager.ConfigProfileTypeFactory'
Enter: ProfileTypeFactory(String), Namespace: 'com.topcoder.user.profile.manager.SimpleUserProfileManager'
Exit: ProfileTypeFactory(String)
Enter: ConfigProfileTypeFactory(String), Namespace: 'com.topcoder.user.profile.manager.SimpleUserProfileManager'
Exit: ConfigProfileTypeFactory(String)
Exit: Helper method, createObject for class
Exit: ProfileTypeFactory(String)
Exit: XMLUserProfilePersistence(String)
Exit: Helper method, createObject for class
Exit: SimpleUserProfileManager(String)
Enter: SimpleUserProfileManager(String), Namespace: com.topcoder.user.profile.manager.SimpleUserProfileManager
Enter: getPropertyString(). Property name: 'persistence_class'
Exit: getPropertyString().
Enter: Helper method, createObject for class 'com.topcoder.user.profile.manager.persistence.XMLUserProfilePersistence'
Enter: XMLUserProfilePersistence(String), Namespace: com.topcoder.user.profile.manager.SimpleUserProfileManager
Enter: getPropertyString(). Property name: 'profile_xml_file'
Exit: getPropertyString().
Enter: XMLUserProfilePersistence.initializeFile(File), Path: D:\TC\Active\ThisWeek\AdminLogic\FR3\test_files\profiles.xml
Exit: XMLUserProfilePersistence.initializeFile(File)
Enter: ProfileTypeFactory(String), Namespace: 'com.topcoder.user.profile.manager.SimpleUserProfileManager'
Enter: getPropertyString(). Property name: 'profile_type_factory_class'
Exit: getPropertyString().
Enter: Helper method, createObject for class 'com.topcoder.user.profile.manager.ConfigProfileTypeFactory'
Enter: ProfileTypeFactory(String), Namespace: 'com.topcoder.user.profile.manager.SimpleUserProfileManager'
Exit: ProfileTypeFactory(String)
Enter: ConfigProfileTypeFactory(String), Namespace: 'com.topcoder.user.profile.manager.SimpleUserProfileManager'
Exit: ConfigProfileTypeFactory(String)
Exit: Helper method, createObject for class
Exit: ProfileTypeFactory(String)
Exit: XMLUserProfilePersistence(String)
Exit: Helper method, createObject for class
Exit: SimpleUserProfileManager(String)
Enter: SimpleUserProfileManager(String), Namespace: com.topcoder.user.profile.manager.SimpleUserProfileManager
Enter: getPropertyString(). Property name: 'persistence_class'
Exit: getPropertyString().
Enter: Helper method, createObject for class 'com.topcoder.user.profile.manager.persistence.XMLUserProfilePersistence'
Enter: XMLUserProfilePersistence(String), Namespace: com.topcoder.user.profile.manager.SimpleUserProfileManager
Enter: getPropertyString(). Property name: 'profile_xml_file'
Exit: getPropertyString().
Enter: XMLUserProfilePersistence.initializeFile(File), Path: D:\TC\Active\ThisWeek\AdminLogic\FR3\test_files\profiles.xml
Exit: XMLUserProfilePersistence.initializeFile(File)
Enter: ProfileTypeFactory(String), Namespace: 'com.topcoder.user.profile.manager.SimpleUserProfileManager'
Enter: getPropertyString(). Property name: 'profile_type_factory_class'
Exit: getPropertyString().
Enter: Helper method, createObject for class 'com.topcoder.user.profile.manager.ConfigProfileTypeFactory'
Enter: ProfileTypeFactory(String), Namespace: 'com.topcoder.user.profile.manager.SimpleUserProfileManager'
Exit: ProfileTypeFactory(String)
Enter: ConfigProfileTypeFactory(String), Namespace: 'com.topcoder.user.profile.manager.SimpleUserProfileManager'
Exit: ConfigProfileTypeFactory(String)
Exit: Helper method, createObject for class
Exit: ProfileTypeFactory(String)
Exit: XMLUserProfilePersistence(String)
Exit: Helper method, createObject for class
Exit: SimpleUserProfileManager(String)
Enter: SimpleUserProfileManager(String), Namespace: com.topcoder.user.profile.manager.SimpleUserProfileManager
Enter: getPropertyString(). Property name: 'persistence_class'
Exit: getPropertyString().
Enter: Helper method, createObject for class 'com.topcoder.user.profile.manager.persistence.XMLUserProfilePersistence'
Enter: XMLUserProfilePersistence(String), Namespace: com.topcoder.user.profile.manager.SimpleUserProfileManager
Enter: getPropertyString(). Property name: 'profile_xml_file'
Exit: getPropertyString().
Enter: XMLUserProfilePersistence.initializeFile(File), Path: D:\TC\Active\ThisWeek\AdminLogic\FR3\test_files\profiles.xml
Exit: XMLUserProfilePersistence.initializeFile(File)
Enter: ProfileTypeFactory(String), Namespace: 'com.topcoder.user.profile.manager.SimpleUserProfileManager'
Enter: getPropertyString(). Property name: 'profile_type_factory_class'
Exit: getPropertyString().
Enter: Helper method, createObject for class 'com.topcoder.user.profile.manager.ConfigProfileTypeFactory'
Enter: ProfileTypeFactory(String), Namespace: 'com.topcoder.user.profile.manager.SimpleUserProfileManager'
Exit: ProfileTypeFactory(String)
Enter: ConfigProfileTypeFactory(String), Namespace: 'com.topcoder.user.profile.manager.SimpleUserProfileManager'
Exit: ConfigProfileTypeFactory(String)
Exit: Helper method, createObject for class
Exit: ProfileTypeFactory(String)
Exit: XMLUserProfilePersistence(String)
Exit: Helper method, createObject for class
Exit: SimpleUserProfileManager(String)
Enter: SimpleUserProfileManager(String), Namespace: com.topcoder.user.profile.manager.SimpleUserProfileManager
Enter: getPropertyString(). Property name: 'persistence_class'
Exit: getPropertyString().
Enter: Helper method, createObject for class 'com.topcoder.user.profile.manager.persistence.XMLUserProfilePersistence'
Enter: XMLUserProfilePersistence(String), Namespace: com.topcoder.user.profile.manager.SimpleUserProfileManager
Enter: getPropertyString(). Property name: 'profile_xml_file'
Exit: getPropertyString().
Enter: XMLUserProfilePersistence.initializeFile(File), Path: D:\TC\Active\ThisWeek\AdminLogic\FR3\test_files\profiles.xml
Exit: XMLUserProfilePersistence.initializeFile(File)
Enter: ProfileTypeFactory(String), Namespace: 'com.topcoder.user.profile.manager.SimpleUserProfileManager'
Enter: getPropertyString(). Property name: 'profile_type_factory_class'
Exit: getPropertyString().
Enter: Helper method, createObject for class 'com.topcoder.user.profile.manager.ConfigProfileTypeFactory'
Enter: ProfileTypeFactory(String), Namespace: 'com.topcoder.user.profile.manager.SimpleUserProfileManager'
Exit: ProfileTypeFactory(String)
Enter: ConfigProfileTypeFactory(String), Namespace: 'com.topcoder.user.profile.manager.SimpleUserProfileManager'
Exit: ConfigProfileTypeFactory(String)
Exit: Helper method, createObject for class
Exit: ProfileTypeFactory(String)
Exit: XMLUserProfilePersistence(String)
Exit: Helper method, createObject for class
Exit: SimpleUserProfileManager(String)
Enter: SimpleUserProfileManager(String), Namespace: com.topcoder.user.profile.manager.SimpleUserProfileManager
Enter: getPropertyString(). Property name: 'persistence_class'
Exit: getPropertyString().
Enter: Helper method, createObject for class 'com.topcoder.user.profile.manager.persistence.XMLUserProfilePersistence'
Enter: XMLUserProfilePersistence(String), Namespace: com.topcoder.user.profile.manager.SimpleUserProfileManager
Enter: getPropertyString(). Property name: 'profile_xml_file'
Exit: getPropertyString().
Enter: XMLUserProfilePersistence.initializeFile(File), Path: D:\TC\Active\ThisWeek\AdminLogic\FR3\test_files\profiles.xml
Exit: XMLUserProfilePersistence.initializeFile(File)
Enter: ProfileTypeFactory(String), Namespace: 'com.topcoder.user.profile.manager.SimpleUserProfileManager'
Enter: getPropertyString(). Property name: 'profile_type_factory_class'
Exit: getPropertyString().
Enter: Helper method, createObject for class 'com.topcoder.user.profile.manager.ConfigProfileTypeFactory'
Enter: ProfileTypeFactory(String), Namespace: 'com.topcoder.user.profile.manager.SimpleUserProfileManager'
Exit: ProfileTypeFactory(String)
Enter: ConfigProfileTypeFactory(String), Namespace: 'com.topcoder.user.profile.manager.SimpleUserProfileManager'
Exit: ConfigProfileTypeFactory(String)
Exit: Helper method, createObject for class
Exit: ProfileTypeFactory(String)
Exit: XMLUserProfilePersistence(String)
Exit: Helper method, createObject for class
Exit: SimpleUserProfileManager(String)
Enter: SimpleUserProfileManager(String), Namespace: com.topcoder.user.profile.manager.SimpleUserProfileManager
Enter: getPropertyString(). Property name: 'persistence_class'
Exit: getPropertyString().
Enter: Helper method, createObject for class 'com.topcoder.user.profile.manager.persistence.XMLUserProfilePersistence'
Enter: XMLUserProfilePersistence(String), Namespace: com.topcoder.user.profile.manager.SimpleUserProfileManager
Enter: getPropertyString(). Property name: 'profile_xml_file'
Exit: getPropertyString().
Enter: XMLUserProfilePersistence.initializeFile(File), Path: D:\TC\Active\ThisWeek\AdminLogic\FR3\test_files\profiles.xml
Exit: XMLUserProfilePersistence.initializeFile(File)
Enter: ProfileTypeFactory(String), Namespace: 'com.topcoder.user.profile.manager.SimpleUserProfileManager'
Enter: getPropertyString(). Property name: 'profile_type_factory_class'
Exit: getPropertyString().
Enter: Helper method, createObject for class 'com.topcoder.user.profile.manager.ConfigProfileTypeFactory'
Enter: ProfileTypeFactory(String), Namespace: 'com.topcoder.user.profile.manager.SimpleUserProfileManager'
Exit: ProfileTypeFactory(String)
Enter: ConfigProfileTypeFactory(String), Namespace: 'com.topcoder.user.profile.manager.SimpleUserProfileManager'
Exit: ConfigProfileTypeFactory(String)
Exit: Helper method, createObject for class
Exit: ProfileTypeFactory(String)
Exit: XMLUserProfilePersistence(String)
Exit: Helper method, createObject for class
Exit: SimpleUserProfileManager(String)
Enter: SimpleUserProfileManager(String), Namespace: com.topcoder.user.profile.manager.SimpleUserProfileManager
Enter: getPropertyString(). Property name: 'persistence_class'
Exit: getPropertyString().
Enter: Helper method, createObject for class 'com.topcoder.user.profile.manager.persistence.XMLUserProfilePersistence'
Enter: XMLUserProfilePersistence(String), Namespace: com.topcoder.user.profile.manager.SimpleUserProfileManager
Enter: getPropertyString(). Property name: 'profile_xml_file'
Exit: getPropertyString().
Enter: XMLUserProfilePersistence.initializeFile(File), Path: D:\TC\Active\ThisWeek\AdminLogic\FR3\test_files\profiles.xml
Exit: XMLUserProfilePersistence.initializeFile(File)
Enter: ProfileTypeFactory(String), Namespace: 'com.topcoder.user.profile.manager.SimpleUserProfileManager'
Enter: getPropertyString(). Property name: 'profile_type_factory_class'
Exit: getPropertyString().
Enter: Helper method, createObject for class 'com.topcoder.user.profile.manager.ConfigProfileTypeFactory'
Enter: ProfileTypeFactory(String), Namespace: 'com.topcoder.user.profile.manager.SimpleUserProfileManager'
Exit: ProfileTypeFactory(String)
Enter: ConfigProfileTypeFactory(String), Namespace: 'com.topcoder.user.profile.manager.SimpleUserProfileManager'
Exit: ConfigProfileTypeFactory(String)
Exit: Helper method, createObject for class
Exit: ProfileTypeFactory(String)
Exit: XMLUserProfilePersistence(String)
Exit: Helper method, createObject for class
Exit: SimpleUserProfileManager(String)
Enter: SimpleUserProfileManager(String), Namespace: com.topcoder.user.profile.manager.SimpleUserProfileManager
Enter: getPropertyString(). Property name: 'persistence_class'
Exit: getPropertyString().
Enter: Helper method, createObject for class 'com.topcoder.user.profile.manager.persistence.XMLUserProfilePersistence'
Enter: XMLUserProfilePersistence(String), Namespace: com.topcoder.user.profile.manager.SimpleUserProfileManager
Enter: getPropertyString(). Property name: 'profile_xml_file'
Exit: getPropertyString().
Enter: XMLUserProfilePersistence.initializeFile(File), Path: D:\TC\Active\ThisWeek\AdminLogic\FR3\test_files\profiles.xml
Exit: XMLUserProfilePersistence.initializeFile(File)
Enter: ProfileTypeFactory(String), Namespace: 'com.topcoder.user.profile.manager.SimpleUserProfileManager'
Enter: getPropertyString(). Property name: 'profile_type_factory_class'
Exit: getPropertyString().
Enter: Helper method, createObject for class 'com.topcoder.user.profile.manager.ConfigProfileTypeFactory'
Enter: ProfileTypeFactory(String), Namespace: 'com.topcoder.user.profile.manager.SimpleUserProfileManager'
Exit: ProfileTypeFactory(String)
Enter: ConfigProfileTypeFactory(String), Namespace: 'com.topcoder.user.profile.manager.SimpleUserProfileManager'
Exit: ConfigProfileTypeFactory(String)
Exit: Helper method, createObject for class
Exit: ProfileTypeFactory(String)
Exit: XMLUserProfilePersistence(String)
Exit: Helper method, createObject for class
Exit: SimpleUserProfileManager(String)
Enter: SimpleUserProfileManager(String), Namespace: com.topcoder.user.profile.manager.SimpleUserProfileManager
Enter: getPropertyString(). Property name: 'persistence_class'
Exit: getPropertyString().
Enter: Helper method, createObject for class 'com.topcoder.user.profile.manager.persistence.XMLUserProfilePersistence'
Enter: XMLUserProfilePersistence(String), Namespace: com.topcoder.user.profile.manager.SimpleUserProfileManager
Enter: getPropertyString(). Property name: 'profile_xml_file'
Exit: getPropertyString().
Enter: XMLUserProfilePersistence.initializeFile(File), Path: D:\TC\Active\ThisWeek\AdminLogic\FR3\test_files\profiles.xml
Exit: XMLUserProfilePersistence.initializeFile(File)
Enter: ProfileTypeFactory(String), Namespace: 'com.topcoder.user.profile.manager.SimpleUserProfileManager'
Enter: getPropertyString(). Property name: 'profile_type_factory_class'
Exit: getPropertyString().
Enter: Helper method, createObject for class 'com.topcoder.user.profile.manager.ConfigProfileTypeFactory'
Enter: ProfileTypeFactory(String), Namespace: 'com.topcoder.user.profile.manager.SimpleUserProfileManager'
Exit: ProfileTypeFactory(String)
Enter: ConfigProfileTypeFactory(String), Namespace: 'com.topcoder.user.profile.manager.SimpleUserProfileManager'
Exit: ConfigProfileTypeFactory(String)
Exit: Helper method, createObject for class
Exit: ProfileTypeFactory(String)
Exit: XMLUserProfilePersistence(String)
Exit: Helper method, createObject for class
Exit: SimpleUserProfileManager(String)
Enter: SimpleUserProfileManager(String), Namespace: com.topcoder.user.profile.manager.SimpleUserProfileManager
Enter: getPropertyString(). Property name: 'persistence_class'
Exit: getPropertyString().
Enter: Helper method, createObject for class 'com.topcoder.user.profile.manager.persistence.XMLUserProfilePersistence'
Enter: XMLUserProfilePersistence(String), Namespace: com.topcoder.user.profile.manager.SimpleUserProfileManager
Enter: getPropertyString(). Property name: 'profile_xml_file'
Exit: getPropertyString().
Enter: XMLUserProfilePersistence.initializeFile(File), Path: D:\TC\Active\ThisWeek\AdminLogic\FR3\test_files\profiles.xml
Exit: XMLUserProfilePersistence.initializeFile(File)
Enter: ProfileTypeFactory(String), Namespace: 'com.topcoder.user.profile.manager.SimpleUserProfileManager'
Enter: getPropertyString(). Property name: 'profile_type_factory_class'
Exit: getPropertyString().
Enter: Helper method, createObject for class 'com.topcoder.user.profile.manager.ConfigProfileTypeFactory'
Enter: ProfileTypeFactory(String), Namespace: 'com.topcoder.user.profile.manager.SimpleUserProfileManager'
Exit: ProfileTypeFactory(String)
Enter: ConfigProfileTypeFactory(String), Namespace: 'com.topcoder.user.profile.manager.SimpleUserProfileManager'
Exit: ConfigProfileTypeFactory(String)
Exit: Helper method, createObject for class
Exit: ProfileTypeFactory(String)
Exit: XMLUserProfilePersistence(String)
Exit: Helper method, createObject for class
Exit: SimpleUserProfileManager(String)
Enter: SimpleUserProfileManager(String), Namespace: com.topcoder.user.profile.manager.SimpleUserProfileManager
Enter: getPropertyString(). Property name: 'persistence_class'
Exit: getPropertyString().
Enter: Helper method, createObject for class 'com.topcoder.user.profile.manager.persistence.XMLUserProfilePersistence'
Enter: XMLUserProfilePersistence(String), Namespace: com.topcoder.user.profile.manager.SimpleUserProfileManager
Enter: getPropertyString(). Property name: 'profile_xml_file'
Exit: getPropertyString().
Enter: XMLUserProfilePersistence.initializeFile(File), Path: D:\TC\Active\ThisWeek\AdminLogic\FR3\test_files\profiles.xml
Exit: XMLUserProfilePersistence.initializeFile(File)
Enter: ProfileTypeFactory(String), Namespace: 'com.topcoder.user.profile.manager.SimpleUserProfileManager'
Enter: getPropertyString(). Property name: 'profile_type_factory_class'
Exit: getPropertyString().
Enter: Helper method, createObject for class 'com.topcoder.user.profile.manager.ConfigProfileTypeFactory'
Enter: ProfileTypeFactory(String), Namespace: 'com.topcoder.user.profile.manager.SimpleUserProfileManager'
Exit: ProfileTypeFactory(String)
Enter: ConfigProfileTypeFactory(String), Namespace: 'com.topcoder.user.profile.manager.SimpleUserProfileManager'
Exit: ConfigProfileTypeFactory(String)
Exit: Helper method, createObject for class
Exit: ProfileTypeFactory(String)
Exit: XMLUserProfilePersistence(String)
Exit: Helper method, createObject for class
Exit: SimpleUserProfileManager(String)
Enter: SimpleUserProfileManager(String), Namespace: com.topcoder.user.profile.manager.SimpleUserProfileManager
Enter: getPropertyString(). Property name: 'persistence_class'
Exit: getPropertyString().
Enter: Helper method, createObject for class 'com.topcoder.user.profile.manager.persistence.XMLUserProfilePersistence'
Enter: XMLUserProfilePersistence(String), Namespace: com.topcoder.user.profile.manager.SimpleUserProfileManager
Enter: getPropertyString(). Property name: 'profile_xml_file'
Exit: getPropertyString().
Enter: XMLUserProfilePersistence.initializeFile(File), Path: D:\TC\Active\ThisWeek\AdminLogic\FR3\test_files\profiles.xml
Exit: XMLUserProfilePersistence.initializeFile(File)
Enter: ProfileTypeFactory(String), Namespace: 'com.topcoder.user.profile.manager.SimpleUserProfileManager'
Enter: getPropertyString(). Property name: 'profile_type_factory_class'
Exit: getPropertyString().
Enter: Helper method, createObject for class 'com.topcoder.user.profile.manager.ConfigProfileTypeFactory'
Enter: ProfileTypeFactory(String), Namespace: 'com.topcoder.user.profile.manager.SimpleUserProfileManager'
Exit: ProfileTypeFactory(String)
Enter: ConfigProfileTypeFactory(String), Namespace: 'com.topcoder.user.profile.manager.SimpleUserProfileManager'
Exit: ConfigProfileTypeFactory(String)
Exit: Helper method, createObject for class
Exit: ProfileTypeFactory(String)
Exit: XMLUserProfilePersistence(String)
Exit: Helper method, createObject for class
Exit: SimpleUserProfileManager(String)
Enter: SimpleUserProfileManager(String), Namespace: com.topcoder.user.profile.manager.SimpleUserProfileManager
Enter: getPropertyString(). Property name: 'persistence_class'
Exit: getPropertyString().
Enter: Helper method, createObject for class 'com.topcoder.user.profile.manager.persistence.XMLUserProfilePersistence'
Enter: XMLUserProfilePersistence(String), Namespace: com.topcoder.user.profile.manager.SimpleUserProfileManager
Enter: getPropertyString(). Property name: 'profile_xml_file'
Exit: getPropertyString().
Enter: XMLUserProfilePersistence.initializeFile(File), Path: D:\TC\Active\ThisWeek\AdminLogic\FR3\test_files\profiles.xml
Exit: XMLUserProfilePersistence.initializeFile(File)
Enter: ProfileTypeFactory(String), Namespace: 'com.topcoder.user.profile.manager.SimpleUserProfileManager'
Enter: getPropertyString(). Property name: 'profile_type_factory_class'
Exit: getPropertyString().
Enter: Helper method, createObject for class 'com.topcoder.user.profile.manager.ConfigProfileTypeFactory'
Enter: ProfileTypeFactory(String), Namespace: 'com.topcoder.user.profile.manager.SimpleUserProfileManager'
Exit: ProfileTypeFactory(String)
Enter: ConfigProfileTypeFactory(String), Namespace: 'com.topcoder.user.profile.manager.SimpleUserProfileManager'
Exit: ConfigProfileTypeFactory(String)
Exit: Helper method, createObject for class
Exit: ProfileTypeFactory(String)
Exit: XMLUserProfilePersistence(String)
Exit: Helper method, createObject for class
Exit: SimpleUserProfileManager(String)
Enter: SimpleUserProfileManager(String), Namespace: com.topcoder.user.profile.manager.SimpleUserProfileManager
Enter: getPropertyString(). Property name: 'persistence_class'
Exit: getPropertyString().
Enter: Helper method, createObject for class 'com.topcoder.user.profile.manager.persistence.XMLUserProfilePersistence'
Enter: XMLUserProfilePersistence(String), Namespace: com.topcoder.user.profile.manager.SimpleUserProfileManager
Enter: getPropertyString(). Property name: 'profile_xml_file'
Exit: getPropertyString().
Enter: XMLUserProfilePersistence.initializeFile(File), Path: D:\TC\Active\ThisWeek\AdminLogic\FR3\test_files\profiles.xml
Exit: XMLUserProfilePersistence.initializeFile(File)
Enter: ProfileTypeFactory(String), Namespace: 'com.topcoder.user.profile.manager.SimpleUserProfileManager'
Enter: getPropertyString(). Property name: 'profile_type_factory_class'
Exit: getPropertyString().
Enter: Helper method, createObject for class 'com.topcoder.user.profile.manager.ConfigProfileTypeFactory'
Enter: ProfileTypeFactory(String), Namespace: 'com.topcoder.user.profile.manager.SimpleUserProfileManager'
Exit: ProfileTypeFactory(String)
Enter: ConfigProfileTypeFactory(String), Namespace: 'com.topcoder.user.profile.manager.SimpleUserProfileManager'
Exit: ConfigProfileTypeFactory(String)
Exit: Helper method, createObject for class
Exit: ProfileTypeFactory(String)
Exit: XMLUserProfilePersistence(String)
Exit: Helper method, createObject for class
Exit: SimpleUserProfileManager(String)
Enter: SimpleUserProfileManager(String), Namespace: com.topcoder.user.profile.manager.SimpleUserProfileManager
Enter: getPropertyString(). Property name: 'persistence_class'
Exit: getPropertyString().
Enter: Helper method, createObject for class 'com.topcoder.user.profile.manager.persistence.XMLUserProfilePersistence'
Enter: XMLUserProfilePersistence(String), Namespace: com.topcoder.user.profile.manager.SimpleUserProfileManager
Enter: getPropertyString(). Property name: 'profile_xml_file'
Exit: getPropertyString().
Enter: XMLUserProfilePersistence.initializeFile(File), Path: D:\TC\Active\ThisWeek\AdminLogic\FR3\test_files\profiles.xml
Exit: XMLUserProfilePersistence.initializeFile(File)
Enter: ProfileTypeFactory(String), Namespace: 'com.topcoder.user.profile.manager.SimpleUserProfileManager'
Enter: getPropertyString(). Property name: 'profile_type_factory_class'
Exit: getPropertyString().
Enter: Helper method, createObject for class 'com.topcoder.user.profile.manager.ConfigProfileTypeFactory'
Enter: ProfileTypeFactory(String), Namespace: 'com.topcoder.user.profile.manager.SimpleUserProfileManager'
Exit: ProfileTypeFactory(String)
Enter: ConfigProfileTypeFactory(String), Namespace: 'com.topcoder.user.profile.manager.SimpleUserProfileManager'
Exit: ConfigProfileTypeFactory(String)
Exit: Helper method, createObject for class
Exit: ProfileTypeFactory(String)
Exit: XMLUserProfilePersistence(String)
Exit: Helper method, createObject for class
Exit: SimpleUserProfileManager(String)
Enter: SimpleUserProfileManager(String), Namespace: com.topcoder.user.profile.manager.SimpleUserProfileManager
Enter: getPropertyString(). Property name: 'persistence_class'
Exit: getPropertyString().
Enter: Helper method, createObject for class 'com.topcoder.user.profile.manager.persistence.XMLUserProfilePersistence'
Enter: XMLUserProfilePersistence(String), Namespace: com.topcoder.user.profile.manager.SimpleUserProfileManager
Enter: getPropertyString(). Property name: 'profile_xml_file'
Exit: getPropertyString().
Enter: XMLUserProfilePersistence.initializeFile(File), Path: D:\TC\Active\ThisWeek\AdminLogic\FR3\test_files\profiles.xml
Exit: XMLUserProfilePersistence.initializeFile(File)
Enter: ProfileTypeFactory(String), Namespace: 'com.topcoder.user.profile.manager.SimpleUserProfileManager'
Enter: getPropertyString(). Property name: 'profile_type_factory_class'
Exit: getPropertyString().
Enter: Helper method, createObject for class 'com.topcoder.user.profile.manager.ConfigProfileTypeFactory'
Enter: ProfileTypeFactory(String), Namespace: 'com.topcoder.user.profile.manager.SimpleUserProfileManager'
Exit: ProfileTypeFactory(String)
Enter: ConfigProfileTypeFactory(String), Namespace: 'com.topcoder.user.profile.manager.SimpleUserProfileManager'
Exit: ConfigProfileTypeFactory(String)
Exit: Helper method, createObject for class
Exit: ProfileTypeFactory(String)
Exit: XMLUserProfilePersistence(String)
Exit: Helper method, createObject for class
Exit: SimpleUserProfileManager(String)
Enter: SimpleUserProfileManager(String), Namespace: com.topcoder.user.profile.manager.SimpleUserProfileManager
Enter: getPropertyString(). Property name: 'persistence_class'
Exit: getPropertyString().
Enter: Helper method, createObject for class 'com.topcoder.user.profile.manager.persistence.XMLUserProfilePersistence'
Enter: XMLUserProfilePersistence(String), Namespace: com.topcoder.user.profile.manager.SimpleUserProfileManager
Enter: getPropertyString(). Property name: 'profile_xml_file'
Exit: getPropertyString().
Enter: XMLUserProfilePersistence.initializeFile(File), Path: D:\TC\Active\ThisWeek\AdminLogic\FR3\test_files\profiles.xml
Exit: XMLUserProfilePersistence.initializeFile(File)
Enter: ProfileTypeFactory(String), Namespace: 'com.topcoder.user.profile.manager.SimpleUserProfileManager'
Enter: getPropertyString(). Property name: 'profile_type_factory_class'
Exit: getPropertyString().
Enter: Helper method, createObject for class 'com.topcoder.user.profile.manager.ConfigProfileTypeFactory'
Enter: ProfileTypeFactory(String), Namespace: 'com.topcoder.user.profile.manager.SimpleUserProfileManager'
Exit: ProfileTypeFactory(String)
Enter: ConfigProfileTypeFactory(String), Namespace: 'com.topcoder.user.profile.manager.SimpleUserProfileManager'
Exit: ConfigProfileTypeFactory(String)
Exit: Helper method, createObject for class
Exit: ProfileTypeFactory(String)
Exit: XMLUserProfilePersistence(String)
Exit: Helper method, createObject for class
Exit: SimpleUserProfileManager(String)
Enter: SimpleUserProfileManager(String), Namespace: com.topcoder.user.profile.manager.SimpleUserProfileManager
Enter: getPropertyString(). Property name: 'persistence_class'
Exit: getPropertyString().
Enter: Helper method, createObject for class 'com.topcoder.user.profile.manager.persistence.XMLUserProfilePersistence'
Enter: XMLUserProfilePersistence(String), Namespace: com.topcoder.user.profile.manager.SimpleUserProfileManager
Enter: getPropertyString(). Property name: 'profile_xml_file'
Exit: getPropertyString().
Enter: XMLUserProfilePersistence.initializeFile(File), Path: D:\TC\Active\ThisWeek\AdminLogic\FR3\test_files\profiles.xml
Exit: XMLUserProfilePersistence.initializeFile(File)
Enter: ProfileTypeFactory(String), Namespace: 'com.topcoder.user.profile.manager.SimpleUserProfileManager'
Enter: getPropertyString(). Property name: 'profile_type_factory_class'
Exit: getPropertyString().
Enter: Helper method, createObject for class 'com.topcoder.user.profile.manager.ConfigProfileTypeFactory'
Enter: ProfileTypeFactory(String), Namespace: 'com.topcoder.user.profile.manager.SimpleUserProfileManager'
Exit: ProfileTypeFactory(String)
Enter: ConfigProfileTypeFactory(String), Namespace: 'com.topcoder.user.profile.manager.SimpleUserProfileManager'
Exit: ConfigProfileTypeFactory(String)
Exit: Helper method, createObject for class
Exit: ProfileTypeFactory(String)
Exit: XMLUserProfilePersistence(String)
Exit: Helper method, createObject for class
Exit: SimpleUserProfileManager(String)
Enter: SimpleUserProfileManager(String), Namespace: com.topcoder.user.profile.manager.SimpleUserProfileManager
Enter: getPropertyString(). Property name: 'persistence_class'
Exit: getPropertyString().
Enter: Helper method, createObject for class 'com.topcoder.user.profile.manager.persistence.XMLUserProfilePersistence'
Enter: XMLUserProfilePersistence(String), Namespace: com.topcoder.user.profile.manager.SimpleUserProfileManager
Enter: getPropertyString(). Property name: 'profile_xml_file'
Exit: getPropertyString().
Enter: XMLUserProfilePersistence.initializeFile(File), Path: D:\TC\Active\ThisWeek\AdminLogic\FR3\test_files\profiles.xml
Exit: XMLUserProfilePersistence.initializeFile(File)
Enter: ProfileTypeFactory(String), Namespace: 'com.topcoder.user.profile.manager.SimpleUserProfileManager'
Enter: getPropertyString(). Property name: 'profile_type_factory_class'
Exit: getPropertyString().
Enter: Helper method, createObject for class 'com.topcoder.user.profile.manager.ConfigProfileTypeFactory'
Enter: ProfileTypeFactory(String), Namespace: 'com.topcoder.user.profile.manager.SimpleUserProfileManager'
Exit: ProfileTypeFactory(String)
Enter: ConfigProfileTypeFactory(String), Namespace: 'com.topcoder.user.profile.manager.SimpleUserProfileManager'
Exit: ConfigProfileTypeFactory(String)
Exit: Helper method, createObject for class
Exit: ProfileTypeFactory(String)
Exit: XMLUserProfilePersistence(String)
Exit: Helper method, createObject for class
Exit: SimpleUserProfileManager(String)
Enter: SimpleUserProfileManager(String), Namespace: com.topcoder.user.profile.manager.SimpleUserProfileManager
Enter: getPropertyString(). Property name: 'persistence_class'
Exit: getPropertyString().
Enter: Helper method, createObject for class 'com.topcoder.user.profile.manager.persistence.XMLUserProfilePersistence'
Enter: XMLUserProfilePersistence(String), Namespace: com.topcoder.user.profile.manager.SimpleUserProfileManager
Enter: getPropertyString(). Property name: 'profile_xml_file'
Exit: getPropertyString().
Enter: XMLUserProfilePersistence.initializeFile(File), Path: D:\TC\Active\ThisWeek\AdminLogic\FR3\test_files\profiles.xml
Exit: XMLUserProfilePersistence.initializeFile(File)
Enter: ProfileTypeFactory(String), Namespace: 'com.topcoder.user.profile.manager.SimpleUserProfileManager'
Enter: getPropertyString(). Property name: 'profile_type_factory_class'
Exit: getPropertyString().
Enter: Helper method, createObject for class 'com.topcoder.user.profile.manager.ConfigProfileTypeFactory'
Enter: ProfileTypeFactory(String), Namespace: 'com.topcoder.user.profile.manager.SimpleUserProfileManager'
Exit: ProfileTypeFactory(String)
Enter: ConfigProfileTypeFactory(String), Namespace: 'com.topcoder.user.profile.manager.SimpleUserProfileManager'
Exit: ConfigProfileTypeFactory(String)
Exit: Helper method, createObject for class
Exit: ProfileTypeFactory(String)
Exit: XMLUserProfilePersistence(String)
Exit: Helper method, createObject for class
Exit: SimpleUserProfileManager(String)
Enter: SimpleUserProfileManager(String), Namespace: com.topcoder.user.profile.manager.SimpleUserProfileManager
Enter: getPropertyString(). Property name: 'persistence_class'
Exit: getPropertyString().
Enter: Helper method, createObject for class 'com.topcoder.user.profile.manager.persistence.XMLUserProfilePersistence'
Enter: XMLUserProfilePersistence(String), Namespace: com.topcoder.user.profile.manager.SimpleUserProfileManager
Enter: getPropertyString(). Property name: 'profile_xml_file'
Exit: getPropertyString().
Enter: XMLUserProfilePersistence.initializeFile(File), Path: D:\TC\Active\ThisWeek\AdminLogic\FR3\test_files\profiles.xml
Exit: XMLUserProfilePersistence.initializeFile(File)
Enter: ProfileTypeFactory(String), Namespace: 'com.topcoder.user.profile.manager.SimpleUserProfileManager'
Enter: getPropertyString(). Property name: 'profile_type_factory_class'
Exit: getPropertyString().
Enter: Helper method, createObject for class 'com.topcoder.user.profile.manager.ConfigProfileTypeFactory'
Enter: ProfileTypeFactory(String), Namespace: 'com.topcoder.user.profile.manager.SimpleUserProfileManager'
Exit: ProfileTypeFactory(String)
Enter: ConfigProfileTypeFactory(String), Namespace: 'com.topcoder.user.profile.manager.SimpleUserProfileManager'
Exit: ConfigProfileTypeFactory(String)
Exit: Helper method, createObject for class
Exit: ProfileTypeFactory(String)
Exit: XMLUserProfilePersistence(String)
Exit: Helper method, createObject for class
Exit: SimpleUserProfileManager(String)
Enter: SimpleUserProfileManager(String), Namespace: com.topcoder.user.profile.manager.SimpleUserProfileManager
Enter: getPropertyString(). Property name: 'persistence_class'
Exit: getPropertyString().
Enter: Helper method, createObject for class 'com.topcoder.user.profile.manager.persistence.XMLUserProfilePersistence'
Enter: XMLUserProfilePersistence(String), Namespace: com.topcoder.user.profile.manager.SimpleUserProfileManager
Enter: getPropertyString(). Property name: 'profile_xml_file'
Exit: getPropertyString().
Enter: XMLUserProfilePersistence.initializeFile(File), Path: D:\TC\Active\ThisWeek\AdminLogic\FR3\test_files\profiles.xml
Exit: XMLUserProfilePersistence.initializeFile(File)
Enter: ProfileTypeFactory(String), Namespace: 'com.topcoder.user.profile.manager.SimpleUserProfileManager'
Enter: getPropertyString(). Property name: 'profile_type_factory_class'
Exit: getPropertyString().
Enter: Helper method, createObject for class 'com.topcoder.user.profile.manager.ConfigProfileTypeFactory'
Enter: ProfileTypeFactory(String), Namespace: 'com.topcoder.user.profile.manager.SimpleUserProfileManager'
Exit: ProfileTypeFactory(String)
Enter: ConfigProfileTypeFactory(String), Namespace: 'com.topcoder.user.profile.manager.SimpleUserProfileManager'
Exit: ConfigProfileTypeFactory(String)
Exit: Helper method, createObject for class
Exit: ProfileTypeFactory(String)
Exit: XMLUserProfilePersistence(String)
Exit: Helper method, createObject for class
Exit: SimpleUserProfileManager(String)
Enter: SimpleUserProfileManager(String), Namespace: com.topcoder.user.profile.manager.SimpleUserProfileManager
Enter: getPropertyString(). Property name: 'persistence_class'
Exit: getPropertyString().
Enter: Helper method, createObject for class 'com.topcoder.user.profile.manager.persistence.XMLUserProfilePersistence'
Enter: XMLUserProfilePersistence(String), Namespace: com.topcoder.user.profile.manager.SimpleUserProfileManager
Enter: getPropertyString(). Property name: 'profile_xml_file'
Exit: getPropertyString().
Enter: XMLUserProfilePersistence.initializeFile(File), Path: D:\TC\Active\ThisWeek\AdminLogic\FR3\test_files\profiles.xml
Exit: XMLUserProfilePersistence.initializeFile(File)
Enter: ProfileTypeFactory(String), Namespace: 'com.topcoder.user.profile.manager.SimpleUserProfileManager'
Enter: getPropertyString(). Property name: 'profile_type_factory_class'
Exit: getPropertyString().
Enter: Helper method, createObject for class 'com.topcoder.user.profile.manager.ConfigProfileTypeFactory'
Enter: ProfileTypeFactory(String), Namespace: 'com.topcoder.user.profile.manager.SimpleUserProfileManager'
Exit: ProfileTypeFactory(String)
Enter: ConfigProfileTypeFactory(String), Namespace: 'com.topcoder.user.profile.manager.SimpleUserProfileManager'
Exit: ConfigProfileTypeFactory(String)
Exit: Helper method, createObject for class
Exit: ProfileTypeFactory(String)
Exit: XMLUserProfilePersistence(String)
Exit: Helper method, createObject for class
Exit: SimpleUserProfileManager(String)
Enter: SimpleUserProfileManager(String), Namespace: com.topcoder.user.profile.manager.SimpleUserProfileManager
Enter: getPropertyString(). Property name: 'persistence_class'
Exit: getPropertyString().
Enter: Helper method, createObject for class 'com.topcoder.user.profile.manager.persistence.XMLUserProfilePersistence'
Enter: XMLUserProfilePersistence(String), Namespace: com.topcoder.user.profile.manager.SimpleUserProfileManager
Enter: getPropertyString(). Property name: 'profile_xml_file'
Exit: getPropertyString().
Enter: XMLUserProfilePersistence.initializeFile(File), Path: D:\TC\Active\ThisWeek\AdminLogic\FR3\test_files\profiles.xml
Exit: XMLUserProfilePersistence.initializeFile(File)
Enter: ProfileTypeFactory(String), Namespace: 'com.topcoder.user.profile.manager.SimpleUserProfileManager'
Enter: getPropertyString(). Property name: 'profile_type_factory_class'
Exit: getPropertyString().
Enter: Helper method, createObject for class 'com.topcoder.user.profile.manager.ConfigProfileTypeFactory'
Enter: ProfileTypeFactory(String), Namespace: 'com.topcoder.user.profile.manager.SimpleUserProfileManager'
Exit: ProfileTypeFactory(String)
Enter: ConfigProfileTypeFactory(String), Namespace: 'com.topcoder.user.profile.manager.SimpleUserProfileManager'
Exit: ConfigProfileTypeFactory(String)
Exit: Helper method, createObject for class
Exit: ProfileTypeFactory(String)
Exit: XMLUserProfilePersistence(String)
Exit: Helper method, createObject for class
Exit: SimpleUserProfileManager(String)
Enter: SimpleUserProfileManager(String), Namespace: com.topcoder.user.profile.manager.SimpleUserProfileManager
Enter: getPropertyString(). Property name: 'persistence_class'
Exit: getPropertyString().
Enter: Helper method, createObject for class 'com.topcoder.user.profile.manager.persistence.XMLUserProfilePersistence'
Enter: XMLUserProfilePersistence(String), Namespace: com.topcoder.user.profile.manager.SimpleUserProfileManager
Enter: getPropertyString(). Property name: 'profile_xml_file'
Exit: getPropertyString().
Enter: XMLUserProfilePersistence.initializeFile(File), Path: D:\TC\Active\ThisWeek\AdminLogic\FR3\test_files\profiles.xml
Exit: XMLUserProfilePersistence.initializeFile(File)
Enter: ProfileTypeFactory(String), Namespace: 'com.topcoder.user.profile.manager.SimpleUserProfileManager'
Enter: getPropertyString(). Property name: 'profile_type_factory_class'
Exit: getPropertyString().
Enter: Helper method, createObject for class 'com.topcoder.user.profile.manager.ConfigProfileTypeFactory'
Enter: ProfileTypeFactory(String), Namespace: 'com.topcoder.user.profile.manager.SimpleUserProfileManager'
Exit: ProfileTypeFactory(String)
Enter: ConfigProfileTypeFactory(String), Namespace: 'com.topcoder.user.profile.manager.SimpleUserProfileManager'
Exit: ConfigProfileTypeFactory(String)
Exit: Helper method, createObject for class
Exit: ProfileTypeFactory(String)
Exit: XMLUserProfilePersistence(String)
Exit: Helper method, createObject for class
Exit: SimpleUserProfileManager(String)
Enter: SimpleUserProfileManager(String), Namespace: com.topcoder.user.profile.manager.SimpleUserProfileManager
Enter: getPropertyString(). Property name: 'persistence_class'
Exit: getPropertyString().
Enter: Helper method, createObject for class 'com.topcoder.user.profile.manager.persistence.XMLUserProfilePersistence'
Enter: XMLUserProfilePersistence(String), Namespace: com.topcoder.user.profile.manager.SimpleUserProfileManager
Enter: getPropertyString(). Property name: 'profile_xml_file'
Exit: getPropertyString().
Enter: XMLUserProfilePersistence.initializeFile(File), Path: D:\TC\Active\ThisWeek\AdminLogic\FR3\test_files\profiles.xml
Exit: XMLUserProfilePersistence.initializeFile(File)
Enter: ProfileTypeFactory(String), Namespace: 'com.topcoder.user.profile.manager.SimpleUserProfileManager'
Enter: getPropertyString(). Property name: 'profile_type_factory_class'
Exit: getPropertyString().
Enter: Helper method, createObject for class 'com.topcoder.user.profile.manager.ConfigProfileTypeFactory'
Enter: ProfileTypeFactory(String), Namespace: 'com.topcoder.user.profile.manager.SimpleUserProfileManager'
Exit: ProfileTypeFactory(String)
Enter: ConfigProfileTypeFactory(String), Namespace: 'com.topcoder.user.profile.manager.SimpleUserProfileManager'
Exit: ConfigProfileTypeFactory(String)
Exit: Helper method, createObject for class
Exit: ProfileTypeFactory(String)
Exit: XMLUserProfilePersistence(String)
Exit: Helper method, createObject for class
Exit: SimpleUserProfileManager(String)
Enter: SimpleUserProfileManager(String), Namespace: com.topcoder.user.profile.manager.SimpleUserProfileManager
Enter: getPropertyString(). Property name: 'persistence_class'
Exit: getPropertyString().
Enter: Helper method, createObject for class 'com.topcoder.user.profile.manager.persistence.XMLUserProfilePersistence'
Enter: XMLUserProfilePersistence(String), Namespace: com.topcoder.user.profile.manager.SimpleUserProfileManager
Enter: getPropertyString(). Property name: 'profile_xml_file'
Exit: getPropertyString().
Enter: XMLUserProfilePersistence.initializeFile(File), Path: D:\TC\Active\ThisWeek\AdminLogic\FR3\test_files\profiles.xml
Exit: XMLUserProfilePersistence.initializeFile(File)
Enter: ProfileTypeFactory(String), Namespace: 'com.topcoder.user.profile.manager.SimpleUserProfileManager'
Enter: getPropertyString(). Property name: 'profile_type_factory_class'
Exit: getPropertyString().
Enter: Helper method, createObject for class 'com.topcoder.user.profile.manager.ConfigProfileTypeFactory'
Enter: ProfileTypeFactory(String), Namespace: 'com.topcoder.user.profile.manager.SimpleUserProfileManager'
Exit: ProfileTypeFactory(String)
Enter: ConfigProfileTypeFactory(String), Namespace: 'com.topcoder.user.profile.manager.SimpleUserProfileManager'
Exit: ConfigProfileTypeFactory(String)
Exit: Helper method, createObject for class
Exit: ProfileTypeFactory(String)
Exit: XMLUserProfilePersistence(String)
Exit: Helper method, createObject for class
Exit: SimpleUserProfileManager(String)
Enter: SimpleUserProfileManager(String), Namespace: com.topcoder.user.profile.manager.SimpleUserProfileManager
Enter: getPropertyString(). Property name: 'persistence_class'
Exit: getPropertyString().
Enter: Helper method, createObject for class 'com.topcoder.user.profile.manager.persistence.XMLUserProfilePersistence'
Enter: XMLUserProfilePersistence(String), Namespace: com.topcoder.user.profile.manager.SimpleUserProfileManager
Enter: getPropertyString(). Property name: 'profile_xml_file'
Exit: getPropertyString().
Enter: XMLUserProfilePersistence.initializeFile(File), Path: D:\TC\Active\ThisWeek\AdminLogic\FR3\test_files\profiles.xml
Exit: XMLUserProfilePersistence.initializeFile(File)
Enter: ProfileTypeFactory(String), Namespace: 'com.topcoder.user.profile.manager.SimpleUserProfileManager'
Enter: getPropertyString(). Property name: 'profile_type_factory_class'
Exit: getPropertyString().
Enter: Helper method, createObject for class 'com.topcoder.user.profile.manager.ConfigProfileTypeFactory'
Enter: ProfileTypeFactory(String), Namespace: 'com.topcoder.user.profile.manager.SimpleUserProfileManager'
Exit: ProfileTypeFactory(String)
Enter: ConfigProfileTypeFactory(String), Namespace: 'com.topcoder.user.profile.manager.SimpleUserProfileManager'
Exit: ConfigProfileTypeFactory(String)
Exit: Helper method, createObject for class
Exit: ProfileTypeFactory(String)
Exit: XMLUserProfilePersistence(String)
Exit: Helper method, createObject for class
Exit: SimpleUserProfileManager(String)
Enter: SimpleUserProfileManager(String), Namespace: com.topcoder.user.profile.manager.SimpleUserProfileManager
Enter: getPropertyString(). Property name: 'persistence_class'
Exit: getPropertyString().
Enter: Helper method, createObject for class 'com.topcoder.user.profile.manager.persistence.XMLUserProfilePersistence'
Enter: XMLUserProfilePersistence(String), Namespace: com.topcoder.user.profile.manager.SimpleUserProfileManager
Enter: getPropertyString(). Property name: 'profile_xml_file'
Exit: getPropertyString().
Enter: XMLUserProfilePersistence.initializeFile(File), Path: D:\TC\Active\ThisWeek\AdminLogic\FR3\test_files\profiles.xml
Exit: XMLUserProfilePersistence.initializeFile(File)
Enter: ProfileTypeFactory(String), Namespace: 'com.topcoder.user.profile.manager.SimpleUserProfileManager'
Enter: getPropertyString(). Property name: 'profile_type_factory_class'
Exit: getPropertyString().
Enter: Helper method, createObject for class 'com.topcoder.user.profile.manager.ConfigProfileTypeFactory'
Enter: ProfileTypeFactory(String), Namespace: 'com.topcoder.user.profile.manager.SimpleUserProfileManager'
Exit: ProfileTypeFactory(String)
Enter: ConfigProfileTypeFactory(String), Namespace: 'com.topcoder.user.profile.manager.SimpleUserProfileManager'
Exit: ConfigProfileTypeFactory(String)
Exit: Helper method, createObject for class
Exit: ProfileTypeFactory(String)
Exit: XMLUserProfilePersistence(String)
Exit: Helper method, createObject for class
Exit: SimpleUserProfileManager(String)
Enter: SimpleUserProfileManager(String), Namespace: com.topcoder.user.profile.manager.SimpleUserProfileManager
Enter: getPropertyString(). Property name: 'persistence_class'
Exit: getPropertyString().
Enter: Helper method, createObject for class 'com.topcoder.user.profile.manager.persistence.XMLUserProfilePersistence'
Enter: XMLUserProfilePersistence(String), Namespace: com.topcoder.user.profile.manager.SimpleUserProfileManager
Enter: getPropertyString(). Property name: 'profile_xml_file'
Exit: getPropertyString().
Enter: XMLUserProfilePersistence.initializeFile(File), Path: D:\TC\Active\ThisWeek\AdminLogic\FR3\test_files\profiles.xml
Exit: XMLUserProfilePersistence.initializeFile(File)
Enter: ProfileTypeFactory(String), Namespace: 'com.topcoder.user.profile.manager.SimpleUserProfileManager'
Enter: getPropertyString(). Property name: 'profile_type_factory_class'
Exit: getPropertyString().
Enter: Helper method, createObject for class 'com.topcoder.user.profile.manager.ConfigProfileTypeFactory'
Enter: ProfileTypeFactory(String), Namespace: 'com.topcoder.user.profile.manager.SimpleUserProfileManager'
Exit: ProfileTypeFactory(String)
Enter: ConfigProfileTypeFactory(String), Namespace: 'com.topcoder.user.profile.manager.SimpleUserProfileManager'
Exit: ConfigProfileTypeFactory(String)
Exit: Helper method, createObject for class
Exit: ProfileTypeFactory(String)
Exit: XMLUserProfilePersistence(String)
Exit: Helper method, createObject for class
Exit: SimpleUserProfileManager(String)
Enter: SimpleUserProfileManager(String), Namespace: com.topcoder.user.profile.manager.SimpleUserProfileManager
Enter: getPropertyString(). Property name: 'persistence_class'
Exit: getPropertyString().
Enter: Helper method, createObject for class 'com.topcoder.user.profile.manager.persistence.XMLUserProfilePersistence'
Enter: XMLUserProfilePersistence(String), Namespace: com.topcoder.user.profile.manager.SimpleUserProfileManager
Enter: getPropertyString(). Property name: 'profile_xml_file'
Exit: getPropertyString().
Enter: XMLUserProfilePersistence.initializeFile(File), Path: D:\TC\Active\ThisWeek\AdminLogic\FR3\test_files\profiles.xml
Exit: XMLUserProfilePersistence.initializeFile(File)
Enter: ProfileTypeFactory(String), Namespace: 'com.topcoder.user.profile.manager.SimpleUserProfileManager'
Enter: getPropertyString(). Property name: 'profile_type_factory_class'
Exit: getPropertyString().
Enter: Helper method, createObject for class 'com.topcoder.user.profile.manager.ConfigProfileTypeFactory'
Enter: ProfileTypeFactory(String), Namespace: 'com.topcoder.user.profile.manager.SimpleUserProfileManager'
Exit: ProfileTypeFactory(String)
Enter: ConfigProfileTypeFactory(String), Namespace: 'com.topcoder.user.profile.manager.SimpleUserProfileManager'
Exit: ConfigProfileTypeFactory(String)
Exit: Helper method, createObject for class
Exit: ProfileTypeFactory(String)
Exit: XMLUserProfilePersistence(String)
Exit: Helper method, createObject for class
Exit: SimpleUserProfileManager(String)
Enter: SimpleUserProfileManager(String), Namespace: com.topcoder.user.profile.manager.SimpleUserProfileManager
Enter: getPropertyString(). Property name: 'persistence_class'
Exit: getPropertyString().
Enter: Helper method, createObject for class 'com.topcoder.user.profile.manager.persistence.XMLUserProfilePersistence'
Enter: XMLUserProfilePersistence(String), Namespace: com.topcoder.user.profile.manager.SimpleUserProfileManager
Enter: getPropertyString(). Property name: 'profile_xml_file'
Exit: getPropertyString().
Enter: XMLUserProfilePersistence.initializeFile(File), Path: D:\TC\Active\ThisWeek\AdminLogic\FR3\test_files\profiles.xml
Exit: XMLUserProfilePersistence.initializeFile(File)
Enter: ProfileTypeFactory(String), Namespace: 'com.topcoder.user.profile.manager.SimpleUserProfileManager'
Enter: getPropertyString(). Property name: 'profile_type_factory_class'
Exit: getPropertyString().
Enter: Helper method, createObject for class 'com.topcoder.user.profile.manager.ConfigProfileTypeFactory'
Enter: ProfileTypeFactory(String), Namespace: 'com.topcoder.user.profile.manager.SimpleUserProfileManager'
Exit: ProfileTypeFactory(String)
Enter: ConfigProfileTypeFactory(String), Namespace: 'com.topcoder.user.profile.manager.SimpleUserProfileManager'
Exit: ConfigProfileTypeFactory(String)
Exit: Helper method, createObject for class
Exit: ProfileTypeFactory(String)
Exit: XMLUserProfilePersistence(String)
Exit: Helper method, createObject for class
Exit: SimpleUserProfileManager(String)
Enter: SimpleUserProfileManager(String), Namespace: com.topcoder.user.profile.manager.SimpleUserProfileManager
Enter: getPropertyString(). Property name: 'persistence_class'
Exit: getPropertyString().
Enter: Helper method, createObject for class 'com.topcoder.user.profile.manager.persistence.XMLUserProfilePersistence'
Enter: XMLUserProfilePersistence(String), Namespace: com.topcoder.user.profile.manager.SimpleUserProfileManager
Enter: getPropertyString(). Property name: 'profile_xml_file'
Exit: getPropertyString().
Enter: XMLUserProfilePersistence.initializeFile(File), Path: D:\TC\Active\ThisWeek\AdminLogic\FR3\test_files\profiles.xml
Exit: XMLUserProfilePersistence.initializeFile(File)
Enter: ProfileTypeFactory(String), Namespace: 'com.topcoder.user.profile.manager.SimpleUserProfileManager'
Enter: getPropertyString(). Property name: 'profile_type_factory_class'
Exit: getPropertyString().
Enter: Helper method, createObject for class 'com.topcoder.user.profile.manager.ConfigProfileTypeFactory'
Enter: ProfileTypeFactory(String), Namespace: 'com.topcoder.user.profile.manager.SimpleUserProfileManager'
Exit: ProfileTypeFactory(String)
Enter: ConfigProfileTypeFactory(String), Namespace: 'com.topcoder.user.profile.manager.SimpleUserProfileManager'
Exit: ConfigProfileTypeFactory(String)
Exit: Helper method, createObject for class
Exit: ProfileTypeFactory(String)
Exit: XMLUserProfilePersistence(String)
Exit: Helper method, createObject for class
Exit: SimpleUserProfileManager(String)
Enter: SimpleUserProfileManager(String), Namespace: com.topcoder.user.profile.manager.SimpleUserProfileManager
Enter: getPropertyString(). Property name: 'persistence_class'
Exit: getPropertyString().
Enter: Helper method, createObject for class 'com.topcoder.user.profile.manager.persistence.XMLUserProfilePersistence'
Enter: XMLUserProfilePersistence(String), Namespace: com.topcoder.user.profile.manager.SimpleUserProfileManager
Enter: getPropertyString(). Property name: 'profile_xml_file'
Exit: getPropertyString().
Enter: XMLUserProfilePersistence.initializeFile(File), Path: D:\TC\Active\ThisWeek\AdminLogic\FR3\test_files\profiles.xml
Exit: XMLUserProfilePersistence.initializeFile(File)
Enter: ProfileTypeFactory(String), Namespace: 'com.topcoder.user.profile.manager.SimpleUserProfileManager'
Enter: getPropertyString(). Property name: 'profile_type_factory_class'
Exit: getPropertyString().
Enter: Helper method, createObject for class 'com.topcoder.user.profile.manager.ConfigProfileTypeFactory'
Enter: ProfileTypeFactory(String), Namespace: 'com.topcoder.user.profile.manager.SimpleUserProfileManager'
Exit: ProfileTypeFactory(String)
Enter: ConfigProfileTypeFactory(String), Namespace: 'com.topcoder.user.profile.manager.SimpleUserProfileManager'
Exit: ConfigProfileTypeFactory(String)
Exit: Helper method, createObject for class
Exit: ProfileTypeFactory(String)
Exit: XMLUserProfilePersistence(String)
Exit: Helper method, createObject for class
Exit: SimpleUserProfileManager(String)
Enter: SimpleUserProfileManager(String), Namespace: com.topcoder.user.profile.manager.SimpleUserProfileManager
Enter: getPropertyString(). Property name: 'persistence_class'
Exit: getPropertyString().
Enter: Helper method, createObject for class 'com.topcoder.user.profile.manager.persistence.XMLUserProfilePersistence'
Enter: XMLUserProfilePersistence(String), Namespace: com.topcoder.user.profile.manager.SimpleUserProfileManager
Enter: getPropertyString(). Property name: 'profile_xml_file'
Exit: getPropertyString().
Enter: XMLUserProfilePersistence.initializeFile(File), Path: D:\TC\Active\ThisWeek\AdminLogic\FR3\test_files\profiles.xml
Exit: XMLUserProfilePersistence.initializeFile(File)
Enter: ProfileTypeFactory(String), Namespace: 'com.topcoder.user.profile.manager.SimpleUserProfileManager'
Enter: getPropertyString(). Property name: 'profile_type_factory_class'
Exit: getPropertyString().
Enter: Helper method, createObject for class 'com.topcoder.user.profile.manager.ConfigProfileTypeFactory'
Enter: ProfileTypeFactory(String), Namespace: 'com.topcoder.user.profile.manager.SimpleUserProfileManager'
Exit: ProfileTypeFactory(String)
Enter: ConfigProfileTypeFactory(String), Namespace: 'com.topcoder.user.profile.manager.SimpleUserProfileManager'
Exit: ConfigProfileTypeFactory(String)
Exit: Helper method, createObject for class
Exit: ProfileTypeFactory(String)
Exit: XMLUserProfilePersistence(String)
Exit: Helper method, createObject for class
Exit: SimpleUserProfileManager(String)
Enter: SimpleUserProfileManager(String), Namespace: com.topcoder.user.profile.manager.SimpleUserProfileManager
Enter: getPropertyString(). Property name: 'persistence_class'
Exit: getPropertyString().
Enter: Helper method, createObject for class 'com.topcoder.user.profile.manager.persistence.XMLUserProfilePersistence'
Enter: XMLUserProfilePersistence(String), Namespace: com.topcoder.user.profile.manager.SimpleUserProfileManager
Enter: getPropertyString(). Property name: 'profile_xml_file'
Exit: getPropertyString().
Enter: XMLUserProfilePersistence.initializeFile(File), Path: D:\TC\Active\ThisWeek\AdminLogic\FR3\test_files\stresstests\profiles.xml
Exit: XMLUserProfilePersistence.initializeFile(File)
Enter: ProfileTypeFactory(String), Namespace: 'com.topcoder.user.profile.manager.SimpleUserProfileManager'
Enter: getPropertyString(). Property name: 'profile_type_factory_class'
Exit: getPropertyString().
Enter: Helper method, createObject for class 'com.topcoder.user.profile.manager.ConfigProfileTypeFactory'
Enter: ProfileTypeFactory(String), Namespace: 'com.topcoder.user.profile.manager.SimpleUserProfileManager'
Exit: ProfileTypeFactory(String)
Enter: ConfigProfileTypeFactory(String), Namespace: 'com.topcoder.user.profile.manager.SimpleUserProfileManager'
Exit: ConfigProfileTypeFactory(String)
Exit: Helper method, createObject for class
Exit: ProfileTypeFactory(String)
Exit: XMLUserProfilePersistence(String)
Exit: Helper method, createObject for class
Exit: SimpleUserProfileManager(String)
Enter: SimpleUserProfileManager.getUserProfile(), profileId: 1
Enter: XMLUserProfilePersistence.retrieveProfile(long), ProfileId: 1
Enter: XMLUserProfilePersistence.getElementById(String). ID: '1'
Enter: XMLUserProfilePersistence.createProfile(Element)
Enter: getProfileType(String), Name: 'sponsor'
Exit: getProfileType(String)
Enter: XMLUserProfilePersistence.extractText(Node)
Exit: XMLUserProfilePersistence.extractText(Node)
Enter: XMLUserProfilePersistence.extractText(Node)
Exit: XMLUserProfilePersistence.extractText(Node)
Exit: XMLUserProfilePersistence.createProfile(Element)
Exit: XMLUserProfilePersistence.retrieveProfile(long)
Exit: SimpleUserProfileManager.getUserProfile()
Enter: SimpleUserProfileManager(String), Namespace: com.topcoder.user.profile.manager.SimpleUserProfileManager
Enter: getPropertyString(). Property name: 'persistence_class'
Exit: getPropertyString().
Enter: Helper method, createObject for class 'com.topcoder.user.profile.manager.persistence.XMLUserProfilePersistence'
Enter: XMLUserProfilePersistence(String), Namespace: com.topcoder.user.profile.manager.SimpleUserProfileManager
Enter: getPropertyString(). Property name: 'profile_xml_file'
Exit: getPropertyString().
Enter: XMLUserProfilePersistence.initializeFile(File), Path: D:\TC\Active\ThisWeek\AdminLogic\FR3\test_files\stresstests\profiles.xml
Exit: XMLUserProfilePersistence.initializeFile(File)
Enter: ProfileTypeFactory(String), Namespace: 'com.topcoder.user.profile.manager.SimpleUserProfileManager'
Enter: getPropertyString(). Property name: 'profile_type_factory_class'
Exit: getPropertyString().
Enter: Helper method, createObject for class 'com.topcoder.user.profile.manager.ConfigProfileTypeFactory'
Enter: ProfileTypeFactory(String), Namespace: 'com.topcoder.user.profile.manager.SimpleUserProfileManager'
Exit: ProfileTypeFactory(String)
Enter: ConfigProfileTypeFactory(String), Namespace: 'com.topcoder.user.profile.manager.SimpleUserProfileManager'
Exit: ConfigProfileTypeFactory(String)
Exit: Helper method, createObject for class
Exit: ProfileTypeFactory(String)
Exit: XMLUserProfilePersistence(String)
Exit: Helper method, createObject for class
Exit: SimpleUserProfileManager(String)
Enter: SimpleUserProfileManager.getUserProfile(), profileId: 1
Enter: XMLUserProfilePersistence.retrieveProfile(long), ProfileId: 1
Enter: XMLUserProfilePersistence.getElementById(String). ID: '1'
Enter: XMLUserProfilePersistence.createProfile(Element)
Enter: getProfileType(String), Name: 'sponsor'
Exit: getProfileType(String)
Enter: XMLUserProfilePersistence.extractText(Node)
Exit: XMLUserProfilePersistence.extractText(Node)
Enter: XMLUserProfilePersistence.extractText(Node)
Exit: XMLUserProfilePersistence.extractText(Node)
Exit: XMLUserProfilePersistence.createProfile(Element)
Exit: XMLUserProfilePersistence.retrieveProfile(long)
Exit: SimpleUserProfileManager.getUserProfile()
Enter: SimpleUserProfileManager(String), Namespace: com.topcoder.user.profile.manager.SimpleUserProfileManager
Enter: getPropertyString(). Property name: 'persistence_class'
Exit: getPropertyString().
Enter: Helper method, createObject for class 'com.topcoder.user.profile.manager.persistence.XMLUserProfilePersistence'
Enter: XMLUserProfilePersistence(String), Namespace: com.topcoder.user.profile.manager.SimpleUserProfileManager
Enter: getPropertyString(). Property name: 'profile_xml_file'
Exit: getPropertyString().
Enter: XMLUserProfilePersistence.initializeFile(File), Path: D:\TC\Active\ThisWeek\AdminLogic\FR3\test_files\stresstests\profiles.xml
Exit: XMLUserProfilePersistence.initializeFile(File)
Enter: ProfileTypeFactory(String), Namespace: 'com.topcoder.user.profile.manager.SimpleUserProfileManager'
Enter: getPropertyString(). Property name: 'profile_type_factory_class'
Exit: getPropertyString().
Enter: Helper method, createObject for class 'com.topcoder.user.profile.manager.ConfigProfileTypeFactory'
Enter: ProfileTypeFactory(String), Namespace: 'com.topcoder.user.profile.manager.SimpleUserProfileManager'
Exit: ProfileTypeFactory(String)
Enter: ConfigProfileTypeFactory(String), Namespace: 'com.topcoder.user.profile.manager.SimpleUserProfileManager'
Exit: ConfigProfileTypeFactory(String)
Exit: Helper method, createObject for class
Exit: ProfileTypeFactory(String)
Exit: XMLUserProfilePersistence(String)
Exit: Helper method, createObject for class
Exit: SimpleUserProfileManager(String)
Enter: SimpleUserProfileManager.getUserProfile(), profileId: 1
Enter: XMLUserProfilePersistence.retrieveProfile(long), ProfileId: 1
Enter: XMLUserProfilePersistence.getElementById(String). ID: '1'
Enter: XMLUserProfilePersistence.createProfile(Element)
Enter: getProfileType(String), Name: 'sponsor'
Exit: getProfileType(String)
Enter: XMLUserProfilePersistence.extractText(Node)
Exit: XMLUserProfilePersistence.extractText(Node)
Enter: XMLUserProfilePersistence.extractText(Node)
Exit: XMLUserProfilePersistence.extractText(Node)
Exit: XMLUserProfilePersistence.createProfile(Element)
Exit: XMLUserProfilePersistence.retrieveProfile(long)
Exit: SimpleUserProfileManager.getUserProfile()
Enter: SimpleUserProfileManager(String), Namespace: com.topcoder.user.profile.manager.SimpleUserProfileManager
Enter: getPropertyString(). Property name: 'persistence_class'
Exit: getPropertyString().
Enter: Helper method, createObject for class 'com.topcoder.user.profile.manager.persistence.XMLUserProfilePersistence'
Enter: XMLUserProfilePersistence(String), Namespace: com.topcoder.user.profile.manager.SimpleUserProfileManager
Enter: getPropertyString(). Property name: 'profile_xml_file'
Exit: getPropertyString().
Enter: XMLUserProfilePersistence.initializeFile(File), Path: D:\TC\Active\ThisWeek\AdminLogic\FR3\test_files\stresstests\profiles.xml
Exit: XMLUserProfilePersistence.initializeFile(File)
Enter: ProfileTypeFactory(String), Namespace: 'com.topcoder.user.profile.manager.SimpleUserProfileManager'
Enter: getPropertyString(). Property name: 'profile_type_factory_class'
Exit: getPropertyString().
Enter: Helper method, createObject for class 'com.topcoder.user.profile.manager.ConfigProfileTypeFactory'
Enter: ProfileTypeFactory(String), Namespace: 'com.topcoder.user.profile.manager.SimpleUserProfileManager'
Exit: ProfileTypeFactory(String)
Enter: ConfigProfileTypeFactory(String), Namespace: 'com.topcoder.user.profile.manager.SimpleUserProfileManager'
Exit: ConfigProfileTypeFactory(String)
Exit: Helper method, createObject for class
Exit: ProfileTypeFactory(String)
Exit: XMLUserProfilePersistence(String)
Exit: Helper method, createObject for class
Exit: SimpleUserProfileManager(String)
Enter: SimpleUserProfileManager.getUserProfile(), profileId: 1
Enter: XMLUserProfilePersistence.retrieveProfile(long), ProfileId: 1
Enter: XMLUserProfilePersistence.getElementById(String). ID: '1'
Enter: XMLUserProfilePersistence.createProfile(Element)
Enter: getProfileType(String), Name: 'sponsor'
Exit: getProfileType(String)
Enter: XMLUserProfilePersistence.extractText(Node)
Exit: XMLUserProfilePersistence.extractText(Node)
Enter: XMLUserProfilePersistence.extractText(Node)
Exit: XMLUserProfilePersistence.extractText(Node)
Exit: XMLUserProfilePersistence.createProfile(Element)
Exit: XMLUserProfilePersistence.retrieveProfile(long)
Exit: SimpleUserProfileManager.getUserProfile()
Enter: SimpleUserProfileManager(String), Namespace: com.topcoder.user.profile.manager.SimpleUserProfileManager
Enter: getPropertyString(). Property name: 'persistence_class'
Exit: getPropertyString().
Enter: Helper method, createObject for class 'com.topcoder.user.profile.manager.persistence.XMLUserProfilePersistence'
Enter: XMLUserProfilePersistence(String), Namespace: com.topcoder.user.profile.manager.SimpleUserProfileManager
Enter: getPropertyString(). Property name: 'profile_xml_file'
Exit: getPropertyString().
Enter: XMLUserProfilePersistence.initializeFile(File), Path: D:\TC\Active\ThisWeek\AdminLogic\FR3\test_files\stresstests\profiles.xml
Exit: XMLUserProfilePersistence.initializeFile(File)
Enter: ProfileTypeFactory(String), Namespace: 'com.topcoder.user.profile.manager.SimpleUserProfileManager'
Enter: getPropertyString(). Property name: 'profile_type_factory_class'
Exit: getPropertyString().
Enter: Helper method, createObject for class 'com.topcoder.user.profile.manager.ConfigProfileTypeFactory'
Enter: ProfileTypeFactory(String), Namespace: 'com.topcoder.user.profile.manager.SimpleUserProfileManager'
Exit: ProfileTypeFactory(String)
Enter: ConfigProfileTypeFactory(String), Namespace: 'com.topcoder.user.profile.manager.SimpleUserProfileManager'
Exit: ConfigProfileTypeFactory(String)
Exit: Helper method, createObject for class
Exit: ProfileTypeFactory(String)
Exit: XMLUserProfilePersistence(String)
Exit: Helper method, createObject for class
Exit: SimpleUserProfileManager(String)
Enter: SimpleUserProfileManager.getUserProfile(), profileId: 1
Enter: XMLUserProfilePersistence.retrieveProfile(long), ProfileId: 1
Enter: XMLUserProfilePersistence.getElementById(String). ID: '1'
Enter: XMLUserProfilePersistence.createProfile(Element)
Enter: getProfileType(String), Name: 'sponsor'
Exit: getProfileType(String)
Enter: XMLUserProfilePersistence.extractText(Node)
Exit: XMLUserProfilePersistence.extractText(Node)
Enter: XMLUserProfilePersistence.extractText(Node)
Exit: XMLUserProfilePersistence.extractText(Node)
Exit: XMLUserProfilePersistence.createProfile(Element)
Exit: XMLUserProfilePersistence.retrieveProfile(long)
Exit: SimpleUserProfileManager.getUserProfile()
Enter: SimpleUserProfileManager(String), Namespace: com.topcoder.user.profile.manager.SimpleUserProfileManager
Enter: getPropertyString(). Property name: 'persistence_class'
Exit: getPropertyString().
Enter: Helper method, createObject for class 'com.topcoder.user.profile.manager.persistence.XMLUserProfilePersistence'
Enter: XMLUserProfilePersistence(String), Namespace: com.topcoder.user.profile.manager.SimpleUserProfileManager
Enter: getPropertyString(). Property name: 'profile_xml_file'
Exit: getPropertyString().
Enter: XMLUserProfilePersistence.initializeFile(File), Path: D:\TC\Active\ThisWeek\AdminLogic\FR3\test_files\stresstests\profiles.xml
Exit: XMLUserProfilePersistence.initializeFile(File)
Enter: ProfileTypeFactory(String), Namespace: 'com.topcoder.user.profile.manager.SimpleUserProfileManager'
Enter: getPropertyString(). Property name: 'profile_type_factory_class'
Exit: getPropertyString().
Enter: Helper method, createObject for class 'com.topcoder.user.profile.manager.ConfigProfileTypeFactory'
Enter: ProfileTypeFactory(String), Namespace: 'com.topcoder.user.profile.manager.SimpleUserProfileManager'
Exit: ProfileTypeFactory(String)
Enter: ConfigProfileTypeFactory(String), Namespace: 'com.topcoder.user.profile.manager.SimpleUserProfileManager'
Exit: ConfigProfileTypeFactory(String)
Exit: Helper method, createObject for class
Exit: ProfileTypeFactory(String)
Exit: XMLUserProfilePersistence(String)
Exit: Helper method, createObject for class
Exit: SimpleUserProfileManager(String)
Enter: SimpleUserProfileManager.getUserProfile(), profileId: 1
Enter: XMLUserProfilePersistence.retrieveProfile(long), ProfileId: 1
Enter: XMLUserProfilePersistence.getElementById(String). ID: '1'
Enter: XMLUserProfilePersistence.createProfile(Element)
Enter: getProfileType(String), Name: 'sponsor'
Exit: getProfileType(String)
Enter: XMLUserProfilePersistence.extractText(Node)
Exit: XMLUserProfilePersistence.extractText(Node)
Enter: XMLUserProfilePersistence.extractText(Node)
Exit: XMLUserProfilePersistence.extractText(Node)
Exit: XMLUserProfilePersistence.createProfile(Element)
Exit: XMLUserProfilePersistence.retrieveProfile(long)
Exit: SimpleUserProfileManager.getUserProfile()
Enter: SimpleUserProfileManager(String), Namespace: com.topcoder.user.profile.manager.SimpleUserProfileManager
Enter: getPropertyString(). Property name: 'persistence_class'
Exit: getPropertyString().
Enter: Helper method, createObject for class 'com.topcoder.user.profile.manager.persistence.XMLUserProfilePersistence'
Enter: XMLUserProfilePersistence(String), Namespace: com.topcoder.user.profile.manager.SimpleUserProfileManager
Enter: getPropertyString(). Property name: 'profile_xml_file'
Exit: getPropertyString().
Enter: XMLUserProfilePersistence.initializeFile(File), Path: D:\TC\Active\ThisWeek\AdminLogic\FR3\test_files\stresstests\profiles.xml
Exit: XMLUserProfilePersistence.initializeFile(File)
Enter: ProfileTypeFactory(String), Namespace: 'com.topcoder.user.profile.manager.SimpleUserProfileManager'
Enter: getPropertyString(). Property name: 'profile_type_factory_class'
Exit: getPropertyString().
Enter: Helper method, createObject for class 'com.topcoder.user.profile.manager.ConfigProfileTypeFactory'
Enter: ProfileTypeFactory(String), Namespace: 'com.topcoder.user.profile.manager.SimpleUserProfileManager'
Exit: ProfileTypeFactory(String)
Enter: ConfigProfileTypeFactory(String), Namespace: 'com.topcoder.user.profile.manager.SimpleUserProfileManager'
Exit: ConfigProfileTypeFactory(String)
Exit: Helper method, createObject for class
Exit: ProfileTypeFactory(String)
Exit: XMLUserProfilePersistence(String)
Exit: Helper method, createObject for class
Exit: SimpleUserProfileManager(String)
Enter: SimpleUserProfileManager.getUserProfile(), profileId: 1
Enter: XMLUserProfilePersistence.retrieveProfile(long), ProfileId: 1
Enter: XMLUserProfilePersistence.getElementById(String). ID: '1'
Enter: XMLUserProfilePersistence.createProfile(Element)
Enter: getProfileType(String), Name: 'sponsor'
Exit: getProfileType(String)
Enter: XMLUserProfilePersistence.extractText(Node)
Exit: XMLUserProfilePersistence.extractText(Node)
Enter: XMLUserProfilePersistence.extractText(Node)
Exit: XMLUserProfilePersistence.extractText(Node)
Exit: XMLUserProfilePersistence.createProfile(Element)
Exit: XMLUserProfilePersistence.retrieveProfile(long)
Exit: SimpleUserProfileManager.getUserProfile()
Enter: SimpleUserProfileManager(String), Namespace: com.topcoder.user.profile.manager.SimpleUserProfileManager
Enter: getPropertyString(). Property name: 'persistence_class'
Exit: getPropertyString().
Enter: Helper method, createObject for class 'com.topcoder.user.profile.manager.persistence.XMLUserProfilePersistence'
Enter: XMLUserProfilePersistence(String), Namespace: com.topcoder.user.profile.manager.SimpleUserProfileManager
Enter: getPropertyString(). Property name: 'profile_xml_file'
Exit: getPropertyString().
Enter: XMLUserProfilePersistence.initializeFile(File), Path: D:\TC\Active\ThisWeek\AdminLogic\FR3\test_files\stresstests\profiles.xml
Exit: XMLUserProfilePersistence.initializeFile(File)
Enter: ProfileTypeFactory(String), Namespace: 'com.topcoder.user.profile.manager.SimpleUserProfileManager'
Enter: getPropertyString(). Property name: 'profile_type_factory_class'
Exit: getPropertyString().
Enter: Helper method, createObject for class 'com.topcoder.user.profile.manager.ConfigProfileTypeFactory'
Enter: ProfileTypeFactory(String), Namespace: 'com.topcoder.user.profile.manager.SimpleUserProfileManager'
Exit: ProfileTypeFactory(String)
Enter: ConfigProfileTypeFactory(String), Namespace: 'com.topcoder.user.profile.manager.SimpleUserProfileManager'
Exit: ConfigProfileTypeFactory(String)
Exit: Helper method, createObject for class
Exit: ProfileTypeFactory(String)
Exit: XMLUserProfilePersistence(String)
Exit: Helper method, createObject for class
Exit: SimpleUserProfileManager(String)
Enter: SimpleUserProfileManager.getUserProfile(), profileId: 1
Enter: XMLUserProfilePersistence.retrieveProfile(long), ProfileId: 1
Enter: XMLUserProfilePersistence.getElementById(String). ID: '1'
Enter: XMLUserProfilePersistence.createProfile(Element)
Enter: getProfileType(String), Name: 'sponsor'
Exit: getProfileType(String)
Enter: XMLUserProfilePersistence.extractText(Node)
Exit: XMLUserProfilePersistence.extractText(Node)
Enter: XMLUserProfilePersistence.extractText(Node)
Exit: XMLUserProfilePersistence.extractText(Node)
Exit: XMLUserProfilePersistence.createProfile(Element)
Exit: XMLUserProfilePersistence.retrieveProfile(long)
Exit: SimpleUserProfileManager.getUserProfile()
Enter: SimpleUserProfileManager(String), Namespace: com.topcoder.user.profile.manager.SimpleUserProfileManager
Enter: getPropertyString(). Property name: 'persistence_class'
Exit: getPropertyString().
Enter: Helper method, createObject for class 'com.topcoder.user.profile.manager.persistence.XMLUserProfilePersistence'
Enter: XMLUserProfilePersistence(String), Namespace: com.topcoder.user.profile.manager.SimpleUserProfileManager
Enter: getPropertyString(). Property name: 'profile_xml_file'
Exit: getPropertyString().
Enter: XMLUserProfilePersistence.initializeFile(File), Path: D:\TC\Active\ThisWeek\AdminLogic\FR3\test_files\stresstests\profiles.xml
Exit: XMLUserProfilePersistence.initializeFile(File)
Enter: ProfileTypeFactory(String), Namespace: 'com.topcoder.user.profile.manager.SimpleUserProfileManager'
Enter: getPropertyString(). Property name: 'profile_type_factory_class'
Exit: getPropertyString().
Enter: Helper method, createObject for class 'com.topcoder.user.profile.manager.ConfigProfileTypeFactory'
Enter: ProfileTypeFactory(String), Namespace: 'com.topcoder.user.profile.manager.SimpleUserProfileManager'
Exit: ProfileTypeFactory(String)
Enter: ConfigProfileTypeFactory(String), Namespace: 'com.topcoder.user.profile.manager.SimpleUserProfileManager'
Exit: ConfigProfileTypeFactory(String)
Exit: Helper method, createObject for class
Exit: ProfileTypeFactory(String)
Exit: XMLUserProfilePersistence(String)
Exit: Helper method, createObject for class
Exit: SimpleUserProfileManager(String)
Enter: SimpleUserProfileManager.getUserProfile(), profileId: 1
Enter: XMLUserProfilePersistence.retrieveProfile(long), ProfileId: 1
Enter: XMLUserProfilePersistence.getElementById(String). ID: '1'
Enter: XMLUserProfilePersistence.createProfile(Element)
Enter: getProfileType(String), Name: 'sponsor'
Exit: getProfileType(String)
Enter: XMLUserProfilePersistence.extractText(Node)
Exit: XMLUserProfilePersistence.extractText(Node)
Enter: XMLUserProfilePersistence.extractText(Node)
Exit: XMLUserProfilePersistence.extractText(Node)
Exit: XMLUserProfilePersistence.createProfile(Element)
Exit: XMLUserProfilePersistence.retrieveProfile(long)
Exit: SimpleUserProfileManager.getUserProfile()
Enter: SimpleUserProfileManager(String), Namespace: com.topcoder.user.profile.manager.SimpleUserProfileManager
Enter: getPropertyString(). Property name: 'persistence_class'
Exit: getPropertyString().
Enter: Helper method, createObject for class 'com.topcoder.user.profile.manager.persistence.XMLUserProfilePersistence'
Enter: XMLUserProfilePersistence(String), Namespace: com.topcoder.user.profile.manager.SimpleUserProfileManager
Enter: getPropertyString(). Property name: 'profile_xml_file'
Exit: getPropertyString().
Enter: XMLUserProfilePersistence.initializeFile(File), Path: D:\TC\Active\ThisWeek\AdminLogic\FR3\test_files\stresstests\profiles.xml
Exit: XMLUserProfilePersistence.initializeFile(File)
Enter: ProfileTypeFactory(String), Namespace: 'com.topcoder.user.profile.manager.SimpleUserProfileManager'
Enter: getPropertyString(). Property name: 'profile_type_factory_class'
Exit: getPropertyString().
Enter: Helper method, createObject for class 'com.topcoder.user.profile.manager.ConfigProfileTypeFactory'
Enter: ProfileTypeFactory(String), Namespace: 'com.topcoder.user.profile.manager.SimpleUserProfileManager'
Exit: ProfileTypeFactory(String)
Enter: ConfigProfileTypeFactory(String), Namespace: 'com.topcoder.user.profile.manager.SimpleUserProfileManager'
Exit: ConfigProfileTypeFactory(String)
Exit: Helper method, createObject for class
Exit: ProfileTypeFactory(String)
Exit: XMLUserProfilePersistence(String)
Exit: Helper method, createObject for class
Exit: SimpleUserProfileManager(String)
Enter: SimpleUserProfileManager.searchUserProfiles()
Enter: XMLUserProfilePersistence.findProfiles(Map)
Enter: XMLUserProfilePersistence.getMatchProfiles(Map).
Enter: XMLUserProfilePersistence.extractText(Node)
Exit: XMLUserProfilePersistence.extractText(Node)
Enter: XMLUserProfilePersistence.extractText(Node)
Exit: XMLUserProfilePersistence.extractText(Node)
Enter: XMLUserProfilePersistence.extractText(Node)
Exit: XMLUserProfilePersistence.extractText(Node)
Enter: XMLUserProfilePersistence.extractText(Node)
Exit: XMLUserProfilePersistence.extractText(Node)
Exit: XMLUserProfilePersistence.getMatchProfiles(Map).
Exit: XMLUserProfilePersistence.findProfiles(Map)
Exit: SimpleUserProfileManager.searchUserProfiles()
Enter: SimpleUserProfileManager(String), Namespace: com.topcoder.user.profile.manager.SimpleUserProfileManager
Enter: getPropertyString(). Property name: 'persistence_class'
Exit: getPropertyString().
Enter: Helper method, createObject for class 'com.topcoder.user.profile.manager.persistence.XMLUserProfilePersistence'
Enter: XMLUserProfilePersistence(String), Namespace: com.topcoder.user.profile.manager.SimpleUserProfileManager
Enter: getPropertyString(). Property name: 'profile_xml_file'
Exit: getPropertyString().
Enter: XMLUserProfilePersistence.initializeFile(File), Path: D:\TC\Active\ThisWeek\AdminLogic\FR3\test_files\stresstests\profiles.xml
Exit: XMLUserProfilePersistence.initializeFile(File)
Enter: ProfileTypeFactory(String), Namespace: 'com.topcoder.user.profile.manager.SimpleUserProfileManager'
Enter: getPropertyString(). Property name: 'profile_type_factory_class'
Exit: getPropertyString().
Enter: Helper method, createObject for class 'com.topcoder.user.profile.manager.ConfigProfileTypeFactory'
Enter: ProfileTypeFactory(String), Namespace: 'com.topcoder.user.profile.manager.SimpleUserProfileManager'
Exit: ProfileTypeFactory(String)
Enter: ConfigProfileTypeFactory(String), Namespace: 'com.topcoder.user.profile.manager.SimpleUserProfileManager'
Exit: ConfigProfileTypeFactory(String)
Exit: Helper method, createObject for class
Exit: ProfileTypeFactory(String)
Exit: XMLUserProfilePersistence(String)
Exit: Helper method, createObject for class
Exit: SimpleUserProfileManager(String)
Enter: SimpleUserProfileManager.searchUserProfiles()
Enter: XMLUserProfilePersistence.findProfiles(Map)
Enter: XMLUserProfilePersistence.getMatchProfiles(Map).
Enter: XMLUserProfilePersistence.extractText(Node)
Exit: XMLUserProfilePersistence.extractText(Node)
Enter: XMLUserProfilePersistence.extractText(Node)
Exit: XMLUserProfilePersistence.extractText(Node)
Enter: XMLUserProfilePersistence.extractText(Node)
Exit: XMLUserProfilePersistence.extractText(Node)
Enter: XMLUserProfilePersistence.extractText(Node)
Exit: XMLUserProfilePersistence.extractText(Node)
Exit: XMLUserProfilePersistence.getMatchProfiles(Map).
Exit: XMLUserProfilePersistence.findProfiles(Map)
Exit: SimpleUserProfileManager.searchUserProfiles()
Enter: SimpleUserProfileManager(String), Namespace: com.topcoder.user.profile.manager.SimpleUserProfileManager
Enter: getPropertyString(). Property name: 'persistence_class'
Exit: getPropertyString().
Enter: Helper method, createObject for class 'com.topcoder.user.profile.manager.persistence.XMLUserProfilePersistence'
Enter: XMLUserProfilePersistence(String), Namespace: com.topcoder.user.profile.manager.SimpleUserProfileManager
Enter: getPropertyString(). Property name: 'profile_xml_file'
Exit: getPropertyString().
Enter: XMLUserProfilePersistence.initializeFile(File), Path: D:\TC\Active\ThisWeek\AdminLogic\FR3\test_files\stresstests\profiles.xml
Exit: XMLUserProfilePersistence.initializeFile(File)
Enter: ProfileTypeFactory(String), Namespace: 'com.topcoder.user.profile.manager.SimpleUserProfileManager'
Enter: getPropertyString(). Property name: 'profile_type_factory_class'
Exit: getPropertyString().
Enter: Helper method, createObject for class 'com.topcoder.user.profile.manager.ConfigProfileTypeFactory'
Enter: ProfileTypeFactory(String), Namespace: 'com.topcoder.user.profile.manager.SimpleUserProfileManager'
Exit: ProfileTypeFactory(String)
Enter: ConfigProfileTypeFactory(String), Namespace: 'com.topcoder.user.profile.manager.SimpleUserProfileManager'
Exit: ConfigProfileTypeFactory(String)
Exit: Helper method, createObject for class
Exit: ProfileTypeFactory(String)
Exit: XMLUserProfilePersistence(String)
Exit: Helper method, createObject for class
Exit: SimpleUserProfileManager(String)
Enter: SimpleUserProfileManager.searchUserProfiles()
Enter: XMLUserProfilePersistence.findProfiles(Map)
Enter: XMLUserProfilePersistence.getMatchProfiles(Map).
Enter: XMLUserProfilePersistence.extractText(Node)
Exit: XMLUserProfilePersistence.extractText(Node)
Enter: XMLUserProfilePersistence.extractText(Node)
Exit: XMLUserProfilePersistence.extractText(Node)
Enter: XMLUserProfilePersistence.extractText(Node)
Exit: XMLUserProfilePersistence.extractText(Node)
Enter: XMLUserProfilePersistence.extractText(Node)
Exit: XMLUserProfilePersistence.extractText(Node)
Exit: XMLUserProfilePersistence.getMatchProfiles(Map).
Exit: XMLUserProfilePersistence.findProfiles(Map)
Exit: SimpleUserProfileManager.searchUserProfiles()
Enter: SimpleUserProfileManager(String), Namespace: com.topcoder.user.profile.manager.SimpleUserProfileManager
Enter: getPropertyString(). Property name: 'persistence_class'
Exit: getPropertyString().
Enter: Helper method, createObject for class 'com.topcoder.user.profile.manager.persistence.XMLUserProfilePersistence'
Enter: XMLUserProfilePersistence(String), Namespace: com.topcoder.user.profile.manager.SimpleUserProfileManager
Enter: getPropertyString(). Property name: 'profile_xml_file'
Exit: getPropertyString().
Enter: XMLUserProfilePersistence.initializeFile(File), Path: D:\TC\Active\ThisWeek\AdminLogic\FR3\test_files\stresstests\profiles.xml
Exit: XMLUserProfilePersistence.initializeFile(File)
Enter: ProfileTypeFactory(String), Namespace: 'com.topcoder.user.profile.manager.SimpleUserProfileManager'
Enter: getPropertyString(). Property name: 'profile_type_factory_class'
Exit: getPropertyString().
Enter: Helper method, createObject for class 'com.topcoder.user.profile.manager.ConfigProfileTypeFactory'
Enter: ProfileTypeFactory(String), Namespace: 'com.topcoder.user.profile.manager.SimpleUserProfileManager'
Exit: ProfileTypeFactory(String)
Enter: ConfigProfileTypeFactory(String), Namespace: 'com.topcoder.user.profile.manager.SimpleUserProfileManager'
Exit: ConfigProfileTypeFactory(String)
Exit: Helper method, createObject for class
Exit: ProfileTypeFactory(String)
Exit: XMLUserProfilePersistence(String)
Exit: Helper method, createObject for class
Exit: SimpleUserProfileManager(String)
Enter: SimpleUserProfileManager.getUserProfile(), profileId: 2
Enter: XMLUserProfilePersistence.retrieveProfile(long), ProfileId: 2
Enter: XMLUserProfilePersistence.getElementById(String). ID: '2'
Enter: XMLUserProfilePersistence.createProfile(Element)
Enter: getProfileType(String), Name: 'sponsor'
Exit: getProfileType(String)
Enter: XMLUserProfilePersistence.extractText(Node)
Exit: XMLUserProfilePersistence.extractText(Node)
Enter: XMLUserProfilePersistence.extractText(Node)
Exit: XMLUserProfilePersistence.extractText(Node)
Exit: XMLUserProfilePersistence.createProfile(Element)
Exit: XMLUserProfilePersistence.retrieveProfile(long)
Exit: SimpleUserProfileManager.getUserProfile()
Enter: SimpleUserProfileManager.updateUserProfile()
Enter: XMLUserProfilePersistence.updateProfile(UserProfile), ProfileId: 2
Enter: XMLUserProfilePersistence.getElementById(String). ID: '2'
Enter: XMLUserProfilePersistence.createElement(UserProfile), ProfileId: 2
Exit: XMLUserProfilePersistence.createElement(UserProfile)
Exit: XMLUserProfilePersistence.updateProfile(UserProfile).
Exit: SimpleUserProfileManager.updateUserProfile()
Enter: SimpleUserProfileManager(String), Namespace: com.topcoder.user.profile.manager.SimpleUserProfileManager
Enter: getPropertyString(). Property name: 'persistence_class'
Exit: getPropertyString().
Enter: Helper method, createObject for class 'com.topcoder.user.profile.manager.persistence.XMLUserProfilePersistence'
Enter: XMLUserProfilePersistence(String), Namespace: com.topcoder.user.profile.manager.SimpleUserProfileManager
Enter: getPropertyString(). Property name: 'profile_xml_file'
Exit: getPropertyString().
Enter: XMLUserProfilePersistence.initializeFile(File), Path: D:\TC\Active\ThisWeek\AdminLogic\FR3\test_files\stresstests\profiles.xml
Exit: XMLUserProfilePersistence.initializeFile(File)
Enter: ProfileTypeFactory(String), Namespace: 'com.topcoder.user.profile.manager.SimpleUserProfileManager'
Enter: getPropertyString(). Property name: 'profile_type_factory_class'
Exit: getPropertyString().
Enter: Helper method, createObject for class 'com.topcoder.user.profile.manager.ConfigProfileTypeFactory'
Enter: ProfileTypeFactory(String), Namespace: 'com.topcoder.user.profile.manager.SimpleUserProfileManager'
Exit: ProfileTypeFactory(String)
Enter: ConfigProfileTypeFactory(String), Namespace: 'com.topcoder.user.profile.manager.SimpleUserProfileManager'
Exit: ConfigProfileTypeFactory(String)
Exit: Helper method, createObject for class
Exit: ProfileTypeFactory(String)
Exit: XMLUserProfilePersistence(String)
Exit: Helper method, createObject for class
Exit: SimpleUserProfileManager(String)
Enter: SimpleUserProfileManager.getUserProfile(), profileId: 2
Enter: XMLUserProfilePersistence.retrieveProfile(long), ProfileId: 2
Enter: XMLUserProfilePersistence.getElementById(String). ID: '2'
Enter: XMLUserProfilePersistence.createProfile(Element)
Enter: getProfileType(String), Name: 'sponsor'
Exit: getProfileType(String)
Enter: XMLUserProfilePersistence.extractText(Node)
Exit: XMLUserProfilePersistence.extractText(Node)
Enter: XMLUserProfilePersistence.extractText(Node)
Exit: XMLUserProfilePersistence.extractText(Node)
Exit: XMLUserProfilePersistence.createProfile(Element)
Exit: XMLUserProfilePersistence.retrieveProfile(long)
Exit: SimpleUserProfileManager.getUserProfile()
Enter: SimpleUserProfileManager.updateUserProfile()
Enter: XMLUserProfilePersistence.updateProfile(UserProfile), ProfileId: 2
Enter: XMLUserProfilePersistence.getElementById(String). ID: '2'
Enter: XMLUserProfilePersistence.createElement(UserProfile), ProfileId: 2
Exit: XMLUserProfilePersistence.createElement(UserProfile)
Exit: XMLUserProfilePersistence.updateProfile(UserProfile).
Exit: SimpleUserProfileManager.updateUserProfile()
Enter: SimpleUserProfileManager(String), Namespace: com.topcoder.user.profile.manager.SimpleUserProfileManager
Enter: getPropertyString(). Property name: 'persistence_class'
Exit: getPropertyString().
Enter: Helper method, createObject for class 'com.topcoder.user.profile.manager.persistence.XMLUserProfilePersistence'
Enter: XMLUserProfilePersistence(String), Namespace: com.topcoder.user.profile.manager.SimpleUserProfileManager
Enter: getPropertyString(). Property name: 'profile_xml_file'
Exit: getPropertyString().
Enter: XMLUserProfilePersistence.initializeFile(File), Path: D:\TC\Active\ThisWeek\AdminLogic\FR3\test_files\stresstests\profiles.xml
Exit: XMLUserProfilePersistence.initializeFile(File)
Enter: ProfileTypeFactory(String), Namespace: 'com.topcoder.user.profile.manager.SimpleUserProfileManager'
Enter: getPropertyString(). Property name: 'profile_type_factory_class'
Exit: getPropertyString().
Enter: Helper method, createObject for class 'com.topcoder.user.profile.manager.ConfigProfileTypeFactory'
Enter: ProfileTypeFactory(String), Namespace: 'com.topcoder.user.profile.manager.SimpleUserProfileManager'
Exit: ProfileTypeFactory(String)
Enter: ConfigProfileTypeFactory(String), Namespace: 'com.topcoder.user.profile.manager.SimpleUserProfileManager'
Exit: ConfigProfileTypeFactory(String)
Exit: Helper method, createObject for class
Exit: ProfileTypeFactory(String)
Exit: XMLUserProfilePersistence(String)
Exit: Helper method, createObject for class
Exit: SimpleUserProfileManager(String)
Enter: SimpleUserProfileManager.getUserProfile(), profileId: 2
Enter: XMLUserProfilePersistence.retrieveProfile(long), ProfileId: 2
Enter: XMLUserProfilePersistence.getElementById(String). ID: '2'
Enter: XMLUserProfilePersistence.createProfile(Element)
Enter: getProfileType(String), Name: 'sponsor'
Exit: getProfileType(String)
Enter: XMLUserProfilePersistence.extractText(Node)
Exit: XMLUserProfilePersistence.extractText(Node)
Enter: XMLUserProfilePersistence.extractText(Node)
Exit: XMLUserProfilePersistence.extractText(Node)
Exit: XMLUserProfilePersistence.createProfile(Element)
Exit: XMLUserProfilePersistence.retrieveProfile(long)
Exit: SimpleUserProfileManager.getUserProfile()
Enter: SimpleUserProfileManager.updateUserProfile()
Enter: XMLUserProfilePersistence.updateProfile(UserProfile), ProfileId: 2
Enter: XMLUserProfilePersistence.getElementById(String). ID: '2'
Enter: XMLUserProfilePersistence.createElement(UserProfile), ProfileId: 2
Exit: XMLUserProfilePersistence.createElement(UserProfile)
Exit: XMLUserProfilePersistence.updateProfile(UserProfile).
Exit: SimpleUserProfileManager.updateUserProfile()
Enter: SimpleUserProfileManager(String), Namespace: com.topcoder.user.profile.manager.SimpleUserProfileManager
Enter: getPropertyString(). Property name: 'persistence_class'
Exit: getPropertyString().
Enter: Helper method, createObject for class 'com.topcoder.user.profile.manager.persistence.XMLUserProfilePersistence'
Enter: XMLUserProfilePersistence(String), Namespace: com.topcoder.user.profile.manager.SimpleUserProfileManager
Enter: getPropertyString(). Property name: 'profile_xml_file'
Exit: getPropertyString().
Enter: XMLUserProfilePersistence.initializeFile(File), Path: D:\TC\Active\ThisWeek\AdminLogic\FR3\test_files\stresstests\profiles.xml
Exit: XMLUserProfilePersistence.initializeFile(File)
Enter: ProfileTypeFactory(String), Namespace: 'com.topcoder.user.profile.manager.SimpleUserProfileManager'
Enter: getPropertyString(). Property name: 'profile_type_factory_class'
Exit: getPropertyString().
Enter: Helper method, createObject for class 'com.topcoder.user.profile.manager.ConfigProfileTypeFactory'
Enter: ProfileTypeFactory(String), Namespace: 'com.topcoder.user.profile.manager.SimpleUserProfileManager'
Exit: ProfileTypeFactory(String)
Enter: ConfigProfileTypeFactory(String), Namespace: 'com.topcoder.user.profile.manager.SimpleUserProfileManager'
Exit: ConfigProfileTypeFactory(String)
Exit: Helper method, createObject for class
Exit: ProfileTypeFactory(String)
Exit: XMLUserProfilePersistence(String)
Exit: Helper method, createObject for class
Exit: SimpleUserProfileManager(String)
Enter: SimpleUserProfileManager.getUserProfile(), profileId: 2
Enter: XMLUserProfilePersistence.retrieveProfile(long), ProfileId: 2
Enter: XMLUserProfilePersistence.getElementById(String). ID: '2'
Enter: XMLUserProfilePersistence.createProfile(Element)
Enter: getProfileType(String), Name: 'sponsor'
Exit: getProfileType(String)
Enter: XMLUserProfilePersistence.extractText(Node)
Exit: XMLUserProfilePersistence.extractText(Node)
Enter: XMLUserProfilePersistence.extractText(Node)
Exit: XMLUserProfilePersistence.extractText(Node)
Exit: XMLUserProfilePersistence.createProfile(Element)
Exit: XMLUserProfilePersistence.retrieveProfile(long)
Exit: SimpleUserProfileManager.getUserProfile()
Enter: SimpleUserProfileManager(String), Namespace: com.topcoder.user.profile.manager.SimpleUserProfileManager
Enter: getPropertyString(). Property name: 'persistence_class'
Exit: getPropertyString().
Enter: Helper method, createObject for class 'com.topcoder.user.profile.manager.persistence.XMLUserProfilePersistence'
Enter: XMLUserProfilePersistence(String), Namespace: com.topcoder.user.profile.manager.SimpleUserProfileManager
Enter: getPropertyString(). Property name: 'profile_xml_file'
Exit: getPropertyString().
Enter: XMLUserProfilePersistence.initializeFile(File), Path: D:\TC\Active\ThisWeek\AdminLogic\FR3\test_files\stresstests\profiles.xml
Exit: XMLUserProfilePersistence.initializeFile(File)
Enter: ProfileTypeFactory(String), Namespace: 'com.topcoder.user.profile.manager.SimpleUserProfileManager'
Enter: getPropertyString(). Property name: 'profile_type_factory_class'
Exit: getPropertyString().
Enter: Helper method, createObject for class 'com.topcoder.user.profile.manager.ConfigProfileTypeFactory'
Enter: ProfileTypeFactory(String), Namespace: 'com.topcoder.user.profile.manager.SimpleUserProfileManager'
Exit: ProfileTypeFactory(String)
Enter: ConfigProfileTypeFactory(String), Namespace: 'com.topcoder.user.profile.manager.SimpleUserProfileManager'
Exit: ConfigProfileTypeFactory(String)
Exit: Helper method, createObject for class
Exit: ProfileTypeFactory(String)
Exit: XMLUserProfilePersistence(String)
Exit: Helper method, createObject for class
Exit: SimpleUserProfileManager(String)
Enter: SimpleUserProfileManager.getUserProfile(), profileId: 2
Enter: XMLUserProfilePersistence.retrieveProfile(long), ProfileId: 2
Enter: XMLUserProfilePersistence.getElementById(String). ID: '2'
Enter: XMLUserProfilePersistence.createProfile(Element)
Enter: getProfileType(String), Name: 'sponsor'
Exit: getProfileType(String)
Enter: XMLUserProfilePersistence.extractText(Node)
Exit: XMLUserProfilePersistence.extractText(Node)
Enter: XMLUserProfilePersistence.extractText(Node)
Exit: XMLUserProfilePersistence.extractText(Node)
Exit: XMLUserProfilePersistence.createProfile(Element)
Exit: XMLUserProfilePersistence.retrieveProfile(long)
Exit: SimpleUserProfileManager.getUserProfile()
Enter: SimpleUserProfileManager(String), Namespace: com.topcoder.user.profile.manager.SimpleUserProfileManager
Enter: getPropertyString(). Property name: 'persistence_class'
Exit: getPropertyString().
Enter: Helper method, createObject for class 'com.topcoder.user.profile.manager.persistence.XMLUserProfilePersistence'
Enter: XMLUserProfilePersistence(String), Namespace: com.topcoder.user.profile.manager.SimpleUserProfileManager
Enter: getPropertyString(). Property name: 'profile_xml_file'
Exit: getPropertyString().
Enter: XMLUserProfilePersistence.initializeFile(File), Path: D:\TC\Active\ThisWeek\AdminLogic\FR3\test_files\stresstests\profiles.xml
Exit: XMLUserProfilePersistence.initializeFile(File)
Enter: ProfileTypeFactory(String), Namespace: 'com.topcoder.user.profile.manager.SimpleUserProfileManager'
Enter: getPropertyString(). Property name: 'profile_type_factory_class'
Exit: getPropertyString().
Enter: Helper method, createObject for class 'com.topcoder.user.profile.manager.ConfigProfileTypeFactory'
Enter: ProfileTypeFactory(String), Namespace: 'com.topcoder.user.profile.manager.SimpleUserProfileManager'
Exit: ProfileTypeFactory(String)
Enter: ConfigProfileTypeFactory(String), Namespace: 'com.topcoder.user.profile.manager.SimpleUserProfileManager'
Exit: ConfigProfileTypeFactory(String)
Exit: Helper method, createObject for class
Exit: ProfileTypeFactory(String)
Exit: XMLUserProfilePersistence(String)
Exit: Helper method, createObject for class
Exit: SimpleUserProfileManager(String)
Enter: SimpleUserProfileManager.getUserProfile(), profileId: 2
Enter: XMLUserProfilePersistence.retrieveProfile(long), ProfileId: 2
Enter: XMLUserProfilePersistence.getElementById(String). ID: '2'
Enter: XMLUserProfilePersistence.createProfile(Element)
Enter: getProfileType(String), Name: 'sponsor'
Exit: getProfileType(String)
Enter: XMLUserProfilePersistence.extractText(Node)
Exit: XMLUserProfilePersistence.extractText(Node)
Enter: XMLUserProfilePersistence.extractText(Node)
Exit: XMLUserProfilePersistence.extractText(Node)
Exit: XMLUserProfilePersistence.createProfile(Element)
Exit: XMLUserProfilePersistence.retrieveProfile(long)
Exit: SimpleUserProfileManager.getUserProfile()
Enter: SimpleUserProfileManager(String), Namespace: com.topcoder.user.profile.manager.SimpleUserProfileManager
Enter: getPropertyString(). Property name: 'persistence_class'
Exit: getPropertyString().
Enter: Helper method, createObject for class 'com.topcoder.user.profile.manager.persistence.XMLUserProfilePersistence'
Enter: XMLUserProfilePersistence(String), Namespace: com.topcoder.user.profile.manager.SimpleUserProfileManager
Enter: getPropertyString(). Property name: 'profile_xml_file'
Exit: getPropertyString().
Enter: XMLUserProfilePersistence.initializeFile(File), Path: D:\TC\Active\ThisWeek\AdminLogic\FR3\test_files\stresstests\profiles.xml
Exit: XMLUserProfilePersistence.initializeFile(File)
Enter: ProfileTypeFactory(String), Namespace: 'com.topcoder.user.profile.manager.SimpleUserProfileManager'
Enter: getPropertyString(). Property name: 'profile_type_factory_class'
Exit: getPropertyString().
Enter: Helper method, createObject for class 'com.topcoder.user.profile.manager.ConfigProfileTypeFactory'
Enter: ProfileTypeFactory(String), Namespace: 'com.topcoder.user.profile.manager.SimpleUserProfileManager'
Exit: ProfileTypeFactory(String)
Enter: ConfigProfileTypeFactory(String), Namespace: 'com.topcoder.user.profile.manager.SimpleUserProfileManager'
Exit: ConfigProfileTypeFactory(String)
Exit: Helper method, createObject for class
Exit: ProfileTypeFactory(String)
Exit: XMLUserProfilePersistence(String)
Exit: Helper method, createObject for class
Exit: SimpleUserProfileManager(String)
Enter: SimpleUserProfileManager.getUserProfile(), profileId: 2
Enter: XMLUserProfilePersistence.retrieveProfile(long), ProfileId: 2
Enter: XMLUserProfilePersistence.getElementById(String). ID: '2'
Enter: XMLUserProfilePersistence.createProfile(Element)
Enter: getProfileType(String), Name: 'sponsor'
Exit: getProfileType(String)
Enter: XMLUserProfilePersistence.extractText(Node)
Exit: XMLUserProfilePersistence.extractText(Node)
Enter: XMLUserProfilePersistence.extractText(Node)
Exit: XMLUserProfilePersistence.extractText(Node)
Exit: XMLUserProfilePersistence.createProfile(Element)
Exit: XMLUserProfilePersistence.retrieveProfile(long)
Exit: SimpleUserProfileManager.getUserProfile()
Enter: SimpleUserProfileManager(String), Namespace: com.topcoder.user.profile.manager.SimpleUserProfileManager
Enter: getPropertyString(). Property name: 'persistence_class'
Exit: getPropertyString().
Enter: Helper method, createObject for class 'com.topcoder.user.profile.manager.persistence.XMLUserProfilePersistence'
Enter: XMLUserProfilePersistence(String), Namespace: com.topcoder.user.profile.manager.SimpleUserProfileManager
Enter: getPropertyString(). Property name: 'profile_xml_file'
Exit: getPropertyString().
Enter: XMLUserProfilePersistence.initializeFile(File), Path: D:\TC\Active\ThisWeek\AdminLogic\FR3\test_files\stresstests\profiles.xml
Exit: XMLUserProfilePersistence.initializeFile(File)
Enter: ProfileTypeFactory(String), Namespace: 'com.topcoder.user.profile.manager.SimpleUserProfileManager'
Enter: getPropertyString(). Property name: 'profile_type_factory_class'
Exit: getPropertyString().
Enter: Helper method, createObject for class 'com.topcoder.user.profile.manager.ConfigProfileTypeFactory'
Enter: ProfileTypeFactory(String), Namespace: 'com.topcoder.user.profile.manager.SimpleUserProfileManager'
Exit: ProfileTypeFactory(String)
Enter: ConfigProfileTypeFactory(String), Namespace: 'com.topcoder.user.profile.manager.SimpleUserProfileManager'
Exit: ConfigProfileTypeFactory(String)
Exit: Helper method, createObject for class
Exit: ProfileTypeFactory(String)
Exit: XMLUserProfilePersistence(String)
Exit: Helper method, createObject for class
Exit: SimpleUserProfileManager(String)
Enter: SimpleUserProfileManager.getUserProfile(), profileId: 2
Enter: XMLUserProfilePersistence.retrieveProfile(long), ProfileId: 2
Enter: XMLUserProfilePersistence.getElementById(String). ID: '2'
Enter: XMLUserProfilePersistence.createProfile(Element)
Enter: getProfileType(String), Name: 'sponsor'
Exit: getProfileType(String)
Enter: XMLUserProfilePersistence.extractText(Node)
Exit: XMLUserProfilePersistence.extractText(Node)
Enter: XMLUserProfilePersistence.extractText(Node)
Exit: XMLUserProfilePersistence.extractText(Node)
Exit: XMLUserProfilePersistence.createProfile(Element)
Exit: XMLUserProfilePersistence.retrieveProfile(long)
Exit: SimpleUserProfileManager.getUserProfile()
Enter: SimpleUserProfileManager(String), Namespace: com.topcoder.user.profile.manager.SimpleUserProfileManager
Enter: getPropertyString(). Property name: 'persistence_class'
Exit: getPropertyString().
Enter: Helper method, createObject for class 'com.topcoder.user.profile.manager.persistence.XMLUserProfilePersistence'
Enter: XMLUserProfilePersistence(String), Namespace: com.topcoder.user.profile.manager.SimpleUserProfileManager
Enter: getPropertyString(). Property name: 'profile_xml_file'
Exit: getPropertyString().
Enter: XMLUserProfilePersistence.initializeFile(File), Path: D:\TC\Active\ThisWeek\AdminLogic\FR3\test_files\stresstests\profiles.xml
Exit: XMLUserProfilePersistence.initializeFile(File)
Enter: ProfileTypeFactory(String), Namespace: 'com.topcoder.user.profile.manager.SimpleUserProfileManager'
Enter: getPropertyString(). Property name: 'profile_type_factory_class'
Exit: getPropertyString().
Enter: Helper method, createObject for class 'com.topcoder.user.profile.manager.ConfigProfileTypeFactory'
Enter: ProfileTypeFactory(String), Namespace: 'com.topcoder.user.profile.manager.SimpleUserProfileManager'
Exit: ProfileTypeFactory(String)
Enter: ConfigProfileTypeFactory(String), Namespace: 'com.topcoder.user.profile.manager.SimpleUserProfileManager'
Exit: ConfigProfileTypeFactory(String)
Exit: Helper method, createObject for class
Exit: ProfileTypeFactory(String)
Exit: XMLUserProfilePersistence(String)
Exit: Helper method, createObject for class
Exit: SimpleUserProfileManager(String)
Enter: SimpleUserProfileManager.getUserProfile(), profileId: 2
Enter: XMLUserProfilePersistence.retrieveProfile(long), ProfileId: 2
Enter: XMLUserProfilePersistence.getElementById(String). ID: '2'
Enter: XMLUserProfilePersistence.createProfile(Element)
Enter: getProfileType(String), Name: 'sponsor'
Exit: getProfileType(String)
Enter: XMLUserProfilePersistence.extractText(Node)
Exit: XMLUserProfilePersistence.extractText(Node)
Enter: XMLUserProfilePersistence.extractText(Node)
Exit: XMLUserProfilePersistence.extractText(Node)
Exit: XMLUserProfilePersistence.createProfile(Element)
Exit: XMLUserProfilePersistence.retrieveProfile(long)
Exit: SimpleUserProfileManager.getUserProfile()
Enter: SimpleUserProfileManager(String), Namespace: com.topcoder.user.profile.manager.SimpleUserProfileManager
Enter: getPropertyString(). Property name: 'persistence_class'
Exit: getPropertyString().
Enter: Helper method, createObject for class 'com.topcoder.user.profile.manager.persistence.XMLUserProfilePersistence'
Enter: XMLUserProfilePersistence(String), Namespace: com.topcoder.user.profile.manager.SimpleUserProfileManager
Enter: getPropertyString(). Property name: 'profile_xml_file'
Exit: getPropertyString().
Enter: XMLUserProfilePersistence.initializeFile(File), Path: D:\TC\Active\ThisWeek\AdminLogic\FR3\test_files\stresstests\profiles.xml
Exit: XMLUserProfilePersistence.initializeFile(File)
Enter: ProfileTypeFactory(String), Namespace: 'com.topcoder.user.profile.manager.SimpleUserProfileManager'
Enter: getPropertyString(). Property name: 'profile_type_factory_class'
Exit: getPropertyString().
Enter: Helper method, createObject for class 'com.topcoder.user.profile.manager.ConfigProfileTypeFactory'
Enter: ProfileTypeFactory(String), Namespace: 'com.topcoder.user.profile.manager.SimpleUserProfileManager'
Exit: ProfileTypeFactory(String)
Enter: ConfigProfileTypeFactory(String), Namespace: 'com.topcoder.user.profile.manager.SimpleUserProfileManager'
Exit: ConfigProfileTypeFactory(String)
Exit: Helper method, createObject for class
Exit: ProfileTypeFactory(String)
Exit: XMLUserProfilePersistence(String)
Exit: Helper method, createObject for class
Exit: SimpleUserProfileManager(String)
Enter: SimpleUserProfileManager.getUserProfile(), profileId: 2
Enter: XMLUserProfilePersistence.retrieveProfile(long), ProfileId: 2
Enter: XMLUserProfilePersistence.getElementById(String). ID: '2'
Enter: XMLUserProfilePersistence.createProfile(Element)
Enter: getProfileType(String), Name: 'sponsor'
Exit: getProfileType(String)
Enter: XMLUserProfilePersistence.extractText(Node)
Exit: XMLUserProfilePersistence.extractText(Node)
Enter: XMLUserProfilePersistence.extractText(Node)
Exit: XMLUserProfilePersistence.extractText(Node)
Exit: XMLUserProfilePersistence.createProfile(Element)
Exit: XMLUserProfilePersistence.retrieveProfile(long)
Exit: SimpleUserProfileManager.getUserProfile()
Enter: SimpleUserProfileManager.updateUserProfile()
Enter: XMLUserProfilePersistence.updateProfile(UserProfile), ProfileId: 2
Enter: XMLUserProfilePersistence.getElementById(String). ID: '2'
Enter: XMLUserProfilePersistence.createElement(UserProfile), ProfileId: 2
Exit: XMLUserProfilePersistence.createElement(UserProfile)
Exit: XMLUserProfilePersistence.updateProfile(UserProfile).
Exit: SimpleUserProfileManager.updateUserProfile()
Enter: SimpleUserProfileManager(String), Namespace: com.topcoder.user.profile.manager.SimpleUserProfileManager
Enter: getPropertyString(). Property name: 'persistence_class'
Exit: getPropertyString().
Enter: Helper method, createObject for class 'com.topcoder.user.profile.manager.persistence.XMLUserProfilePersistence'
Enter: XMLUserProfilePersistence(String), Namespace: com.topcoder.user.profile.manager.SimpleUserProfileManager
Enter: getPropertyString(). Property name: 'profile_xml_file'
Exit: getPropertyString().
Enter: XMLUserProfilePersistence.initializeFile(File), Path: D:\TC\Active\ThisWeek\AdminLogic\FR3\test_files\stresstests\profiles.xml
Exit: XMLUserProfilePersistence.initializeFile(File)
Enter: ProfileTypeFactory(String), Namespace: 'com.topcoder.user.profile.manager.SimpleUserProfileManager'
Enter: getPropertyString(). Property name: 'profile_type_factory_class'
Exit: getPropertyString().
Enter: Helper method, createObject for class 'com.topcoder.user.profile.manager.ConfigProfileTypeFactory'
Enter: ProfileTypeFactory(String), Namespace: 'com.topcoder.user.profile.manager.SimpleUserProfileManager'
Exit: ProfileTypeFactory(String)
Enter: ConfigProfileTypeFactory(String), Namespace: 'com.topcoder.user.profile.manager.SimpleUserProfileManager'
Exit: ConfigProfileTypeFactory(String)
Exit: Helper method, createObject for class
Exit: ProfileTypeFactory(String)
Exit: XMLUserProfilePersistence(String)
Exit: Helper method, createObject for class
Exit: SimpleUserProfileManager(String)
Enter: SimpleUserProfileManager.getUserProfile(), profileId: 2
Enter: XMLUserProfilePersistence.retrieveProfile(long), ProfileId: 2
Enter: XMLUserProfilePersistence.getElementById(String). ID: '2'
Enter: XMLUserProfilePersistence.createProfile(Element)
Enter: getProfileType(String), Name: 'sponsor'
Exit: getProfileType(String)
Enter: XMLUserProfilePersistence.extractText(Node)
Exit: XMLUserProfilePersistence.extractText(Node)
Enter: XMLUserProfilePersistence.extractText(Node)
Exit: XMLUserProfilePersistence.extractText(Node)
Exit: XMLUserProfilePersistence.createProfile(Element)
Exit: XMLUserProfilePersistence.retrieveProfile(long)
Exit: SimpleUserProfileManager.getUserProfile()
Enter: SimpleUserProfileManager.updateUserProfile()
Enter: XMLUserProfilePersistence.updateProfile(UserProfile), ProfileId: 2
Enter: XMLUserProfilePersistence.getElementById(String). ID: '2'
Enter: XMLUserProfilePersistence.createElement(UserProfile), ProfileId: 2
Exit: XMLUserProfilePersistence.createElement(UserProfile)
Exit: XMLUserProfilePersistence.updateProfile(UserProfile).
Exit: SimpleUserProfileManager.updateUserProfile()
Enter: SimpleUserProfileManager(String), Namespace: com.topcoder.user.profile.manager.SimpleUserProfileManager
Enter: getPropertyString(). Property name: 'persistence_class'
Exit: getPropertyString().
Enter: Helper method, createObject for class 'com.topcoder.user.profile.manager.persistence.XMLUserProfilePersistence'
Enter: XMLUserProfilePersistence(String), Namespace: com.topcoder.user.profile.manager.SimpleUserProfileManager
Enter: getPropertyString(). Property name: 'profile_xml_file'
Exit: getPropertyString().
Enter: XMLUserProfilePersistence.initializeFile(File), Path: D:\TC\Active\ThisWeek\AdminLogic\FR3\test_files\stresstests\profiles.xml
Exit: XMLUserProfilePersistence.initializeFile(File)
Enter: ProfileTypeFactory(String), Namespace: 'com.topcoder.user.profile.manager.SimpleUserProfileManager'
Enter: getPropertyString(). Property name: 'profile_type_factory_class'
Exit: getPropertyString().
Enter: Helper method, createObject for class 'com.topcoder.user.profile.manager.ConfigProfileTypeFactory'
Enter: ProfileTypeFactory(String), Namespace: 'com.topcoder.user.profile.manager.SimpleUserProfileManager'
Exit: ProfileTypeFactory(String)
Enter: ConfigProfileTypeFactory(String), Namespace: 'com.topcoder.user.profile.manager.SimpleUserProfileManager'
Exit: ConfigProfileTypeFactory(String)
Exit: Helper method, createObject for class
Exit: ProfileTypeFactory(String)
Exit: XMLUserProfilePersistence(String)
Exit: Helper method, createObject for class
Exit: SimpleUserProfileManager(String)
Enter: SimpleUserProfileManager.getUserProfile(), profileId: 2
Enter: XMLUserProfilePersistence.retrieveProfile(long), ProfileId: 2
Enter: XMLUserProfilePersistence.getElementById(String). ID: '2'
Enter: XMLUserProfilePersistence.createProfile(Element)
Enter: getProfileType(String), Name: 'sponsor'
Exit: getProfileType(String)
Enter: XMLUserProfilePersistence.extractText(Node)
Exit: XMLUserProfilePersistence.extractText(Node)
Enter: XMLUserProfilePersistence.extractText(Node)
Exit: XMLUserProfilePersistence.extractText(Node)
Exit: XMLUserProfilePersistence.createProfile(Element)
Exit: XMLUserProfilePersistence.retrieveProfile(long)
Exit: SimpleUserProfileManager.getUserProfile()
Enter: SimpleUserProfileManager.updateUserProfile()
Enter: XMLUserProfilePersistence.updateProfile(UserProfile), ProfileId: 2
Enter: XMLUserProfilePersistence.getElementById(String). ID: '2'
Enter: XMLUserProfilePersistence.createElement(UserProfile), ProfileId: 2
Exit: XMLUserProfilePersistence.createElement(UserProfile)
Exit: XMLUserProfilePersistence.updateProfile(UserProfile).
Exit: SimpleUserProfileManager.updateUserProfile()
]]></system-err>
</testsuite>
