<?xml version="1.0" encoding="UTF-8" ?>
<testsuite errors="0" failures="0" hostname="myx-THINK" name="com.cronos.onlinereview.phases.UnitTests" tests="408" time="1535.701" timestamp="2010-07-14T15:07:36">
  <properties>
    <property name="component.version.major" value="1" />
    <property name="file.encoding.pkg" value="sun.io" />
    <property name="document_generator.jar" value="lib/tcs/document_generator/2.1.0/document_generator.jar" />
    <property name="resource_management_persistence.jar" value="lib/tcs/resource_management_persistence/1.2.2/resource_management_persistence.jar" />
    <property name="java.home" value="C:\Program Files\Java\jdk1.5.0_18\jre" />
    <property name="review_data_structure.jar" value="lib/tcs/review_data_structure/1.0/review_data_structure.jar" />
    <property name="deliverable_management.jar" value="lib/tcs/deliverable_management/1.1/deliverable_management.jar" />
    <property name="dist_javadocs" value="build/dist/online_review_phases-1.4.0/docs/javadocs" />
    <property name="debug" value="off" />
    <property name="build_distdir" value="build/dist" />
    <property name="distfilename" value="online_review_phases" />
    <property name="review_management_persistence.jar" value="lib/tcs/review_management_persistence/1.0/review_management_persistence.jar" />
    <property name="component.version.micro" value="0" />
    <property name="component.dist.jar" value="build/dist/online_review_phases-1.4.0.jar" />
    <property name="java.endorsed.dirs" value="C:\Program Files\Java\jdk1.5.0_18\jre\lib\endorsed" />
    <property name="object_factory.jar" value="lib/tcs/object_factory/2.1.2/object_factory.jar" />
    <property name="auto_screening_management.jar" value="lib/tcs/auto_screening_management/1.0/auto_screening_management.jar" />
    <property name="mail.jar" value="lib/third_party/javamail/1.3.3/mail.jar" />
    <property name="sun.os.patch.level" value="" />
    <property name="design_dist.jar" value="online_review_phases_1.4.0_design_dist.jar" />
    <property name="javadocsdir" value="docs/javadocs" />
    <property name="java.vendor.url" value="http://java.sun.com/" />
    <property name="java.version" value="1.5.0_18" />
    <property name="scorecard_management.jar" value="lib/tcs/scorecard_management/1.0.1/scorecard_management.jar" />
    <property name="j2ee.jar" value="lib/third_party/jboss-j2ee.jar" />
    <property name="java.vendor.url.bug" value="http://java.sun.com/cgi-bin/bugreport.cgi" />
    <property name="ifxjdbc.jar" value="lib/third_party/informix/1.4.1/ifxjdbc.jar" />
    <property name="cobertura.datafile" value="log/cobertura.ser" />
    <property name="user.name" value="myx" />
    <property name="packagedir" value="com/cronos/onlinereview/phases" />
    <property name="sun.io.unicode.encoding" value="UnicodeLittle" />
    <property name="component_version" value="1.4.0" />
    <property name="sun.jnu.encoding" value="GBK" />
    <property name="cronos_libdir" value="c:/code/lib/cronos-java" />
    <property name="java.runtime.name" value="Java(TM) 2 Runtime Environment, Standard Edition" />
    <property name="project_management_persistence.jar" value="lib/tcs/project_management_persistence/1.1.2/project_management_persistence.jar" />
    <property name="target_libdir" value="lib/tcs" />
    <property name="reports" value="log/reports" />
    <property name="component.jar" value="build/dist/lib/tcs/online_review_phases/1.4.0/online_review_phases.jar" />
    <property name="java.specification.name" value="Java Platform API Specification" />
    <property name="javamain" value="src/java/main" />
    <property name="user.timezone" value="" />
    <property name="component.version.build" value="1" />
    <property name="path.separator" value=";" />
    <property name="srcdir" value="src" />
    <property name="file.encoding" value="GBK" />
    <property name="command_line_utility.jar" value="lib/tcs/command_line_utility/1.0/command_line_utility.jar" />
    <property name="java_1_4_bootclasspath" value="D:/Program Files/j2sdk1.4.2/lib/rt.jar" />
    <property name="activation.jar" value="lib/third_party/jaf/1.1.0/activation.jar" />
    <property name="ant.file" value="C:\tc\eclipse\Workspaces\OnlineReviewPhase\build.xml" />
    <property name="javasrc" value="src/java" />
    <property name="search_builder.jar" value="lib/tcs/search_builder/1.4.1/search_builder.jar" />
    <property name="instrumented.dir" value="build/instrumented" />
    <property name="component.target" value="1.5" />
    <property name="component.tests.jar" value="build/dist/lib/tcs/online_review_phases_tests.jar" />
    <property name="java.io.tmpdir" value="C:\Users\myx\AppData\Local\Temp\" />
    <property name="review_management.jar" value="lib/tcs/review_management/1.0/review_management.jar" />
    <property name="user.language" value="zh" />
    <property name="manifest_file_path" value="build/dist/online_review_phases-1.4.0/META-INF/" />
    <property name="line.separator" value="
" />
    <property name="component.name" value="Online Review Phases" />
    <property name="shared.jar.name" value="shared.jar" />
    <property name="verbose" value="no" />
    <property name="manifest_file" value="build/dist/online_review_phases-1.4.0/META-INF//MANIFEST.MF" />
    <property name="ant.file.TopCoder Java Generic Build" value="C:\tc\eclipse\Workspaces\OnlineReviewPhase\build.xml" />
    <property name="depends.jar" value="test_files/depends.jar" />
    <property name="phase_management.jar" value="lib/tcs/phase_management/1.0.4/phase_management.jar" />
    <property name="project_phases.jar" value="lib/tcs/project_phases/2.0.1/project_phases.jar" />
    <property name="java.vm.info" value="mixed mode, sharing" />
    <property name="component_path" value="online_review_phases/1.4.0" />
    <property name="sun.desktop" value="windows" />
    <property name="java.vm.specification.name" value="Java Virtual Machine Specification" />
    <property name="deliverable_management_persistence.jar" value="lib/tcs/deliverable_management_persistence/1.1/deliverable_management_persistence.jar" />
    <property name="dist_coverage" value="build/dist/online_review_phases-1.4.0/docs/coverage" />
    <property name="builddir" value="build" />
    <property name="class_associations.jar" value="lib/tcs/class_associations/1.0/class_associations.jar" />
    <property name="cobertura.dir" value="lib/third_party/cobertura/1.8" />
    <property name="review_score_aggregator.jar" value="lib/tcs/review_score_aggregator/1.0/review_score_aggregator.jar" />
    <property name="id_generator.jar" value="lib/tcs/id_generator/3.0/id_generator.jar" />
    <property name="configuration_manager.jar" value="lib/tcs/configuration_manager/2.1.5/configuration_manager.jar" />
    <property name="javac.encoding" value="UTF-8" />
    <property name="java.awt.printerjob" value="sun.awt.windows.WPrinterJob" />
    <property name="dist_lib" value="build/dist/lib/tcs" />
    <property name="junit.jar" value="lib/third_party/junit/3.8.2/junit.jar" />
    <property name="configdir" value="conf" />
    <property name="build_tcsdistdir" value="build/dist/online_review_phases-1.4.0" />
    <property name="hermes_libdir" value="c:/code/lib/hermes-java" />
    <property name="ant.version" value="Apache Ant version 1.7.0 compiled on December 13 2006" />
    <property name="dist_docs" value="build/dist/online_review_phases-1.4.0/docs" />
    <property name="workdays.jar" value="lib/tcs/workdays/1.0.1/workdays.jar" />
    <property name="test_reflib" value="test_reflib" />
    <property name="testlogdir" value="log" />
    <property name="configuration_api.jar" value="lib/tcs/configuration_api/1.0.0/configuration_api.jar" />
    <property name="os.name" value="Windows Vista" />
    <property name="java.specification.vendor" value="Sun Microsystems Inc." />
    <property name="java.vm.name" value="Java HotSpot(TM) Client VM" />
    <property name="scorecard_data_structure.jar" value="lib/tcs/scorecard_data_structure/1.0/scorecard_data_structure.jar" />
    <property name="java.library.path" value="C:\Program Files\Java\jdk1.5.0_18\jre\bin;.;C:\Windows\system32;C:\Windows;C:\Windows\system32;C:\Windows;C:\Windows\System32\Wbem;C:\Windows\System32\WindowsPowerShell\v1.0\;C:\Program Files\ThinkPad\Bluetooth Software\;C:\Program Files\Intel\WiFi\bin\;C:\Program Files\Common Files\Intel\WirelessCommon\;C:\Program Files\Common Files\Lenovo;C:\Program Files\Lenovo\Access Connections\;C:\Program Files\Common Files\Thunder Network\KanKan\Codecs;C:\Program Files\Java\jdk1.5.0_18\bin;C:\tc\Java\apache-ant-1.7.0\bin" />
    <property name="docpackage.jar" value="online_review_phases_docs.jar" />
    <property name="shared.jar" value="lib/tcs/shared/shared.jar" />
    <property name="ant.java.version" value="1.5" />
    <property name="basedir" value="C:\tc\eclipse\Workspaces\OnlineReviewPhase" />
    <property name="java.class.version" value="49.0" />
    <property name="ant.home" value="C:\tc\Java\apache-ant-1.7.0" />
    <property name="java_1_5_bootclasspath" value="d:/Program Files/Java/jre1.5.0_15/lib/rt.jar" />
    <property name="net.sourceforge.cobertura.datafile" value="C:\tc\eclipse\Workspaces\OnlineReviewPhase\log\cobertura.ser" />
    <property name="log4j.jar" value="lib/third_party/log4j/1.2.15/log4j-1.2.15.jar" />
    <property name="sun.boot.library.path" value="C:\Program Files\Java\jdk1.5.0_18\jre\bin" />
    <property name="ext_libdir" value="lib/third_party" />
    <property name="sun.management.compiler" value="HotSpot Client Compiler" />
    <property name="java.awt.graphicsenv" value="sun.awt.Win32GraphicsEnvironment" />
    <property name="user.variant" value="" />
    <property name="build_targetclassdir" value="build/targetclasses" />
    <property name="docsdir" value="docs" />
    <property name="dev_dist.jar" value="online_review_phases_1.4.0_dev_dist.jar" />
    <property name="scorecard_management_persistence.jar" value="lib/tcs/scorecard_management_persistence/1.0.1/scorecard_management_persistence.jar" />
    <property name="ant.project.name" value="TopCoder Java Generic Build" />
    <property name="component.version.minor" value="4" />
    <property name="java.vm.specification.version" value="1.0" />
    <property name="component.bootclasspath" value="d:/Program Files/Java/jre1.5.0_15/lib/rt.jar" />
    <property name="awt.toolkit" value="sun.awt.windows.WToolkit" />
    <property name="sun.cpu.isalist" value="pentium_pro+mmx pentium_pro pentium+mmx pentium i486 i386 i86" />
    <property name="build_javadocsdir" value="build/docs/javadocs" />
    <property name="java.ext.dirs" value="C:\Program Files\Java\jdk1.5.0_18\jre\lib\ext" />
    <property name="os.version" value="6.1" />
    <property name="user.home" value="C:\Users\myx" />
    <property name="javadoc.jar" value="javadocs.jar" />
    <property name="libdir" value="lib" />
    <property name="build_classdir" value="build/classes" />
    <property name="java.vm.vendor" value="Sun Microsystems Inc." />
    <property name="cobertura.format" value="html" />
    <property name="component.distfilename" value="online_review_phases" />
    <property name="component.package" value="com.cronos.onlinereview.phases" />
    <property name="build_testclassdir" value="build/testClasses" />
    <property name="package" value="com.cronos.onlinereview.phases" />
    <property name="typesafe_enum.jar" value="lib/tcs/typesafe_enum/1.1.0/typesafe_enum.jar" />
    <property name="base_exception.jar" value="lib/tcs/base_exception/2.0.0/base_exception.jar" />
    <property name="user.dir" value="C:\tc\eclipse\Workspaces\OnlineReviewPhase" />
    <property name="component.packagedir" value="com/cronos/onlinereview/phases" />
    <property name="data_validation.jar" value="lib/tcs/data_validation/1.1.1/data_validation.jar" />
    <property name="sun.cpu.endian" value="little" />
    <property name="ant.file.Dependency Import" value="C:\tc\eclipse\Workspaces\OnlineReviewPhase\build-dependencies.xml" />
    <property name="dist_docpackage" value="build/doc_package" />
    <property name="java.vm.version" value="1.5.0_18-b02" />
    <property name="dev_submission.jar" value="online_review_phases_1.4.0_dev_submission.jar" />
    <property name="shared.path" value="shared" />
    <property name="java.class.path" value="C:\tc\eclipse\Workspaces\OnlineReviewPhase\build\instrumented;C:\tc\eclipse\Workspaces\OnlineReviewPhase\build\testClasses;C:\tc\eclipse\Workspaces\OnlineReviewPhase\lib\tcs\project_management_persistence\1.1.2\project_management_persistence.jar;C:\tc\eclipse\Workspaces\OnlineReviewPhase\lib\tcs\class_associations\1.0\class_associations.jar;C:\tc\eclipse\Workspaces\OnlineReviewPhase\lib\tcs\object_factory_config_manager_plugin\1.0.0\object_factory_config_manager_plugin.jar;C:\tc\eclipse\Workspaces\OnlineReviewPhase\lib\tcs\review_management_persistence\1.0\review_management_persistence.jar;C:\tc\eclipse\Workspaces\OnlineReviewPhase\lib\tcs\scorecard_management_persistence\1.0.1\scorecard_management_persistence.jar;C:\tc\eclipse\Workspaces\OnlineReviewPhase\lib\tcs\deliverable_management_persistence\1.1\deliverable_management_persistence.jar;C:\tc\eclipse\Workspaces\OnlineReviewPhase\lib\tcs\resource_management_persistence\1.2.2\resource_management_persistence.jar;C:\tc\eclipse\Workspaces\OnlineReviewPhase\lib\tcs\command_line_utility\1.0\command_line_utility.jar;C:\tc\eclipse\Workspaces\OnlineReviewPhase\lib\third_party\log4j\1.2.15\log4j-1.2.15.jar;C:\tc\eclipse\Workspaces\OnlineReviewPhase\lib\third_party\junit\3.8.2\junit.jar;C:\tc\eclipse\Workspaces\OnlineReviewPhase\lib\third_party\informix\1.4.1\ifxjdbc.jar;C:\tc\eclipse\Workspaces\OnlineReviewPhase\lib\tcs\logging_wrapper\1.2\logging_wrapper.jar;C:\tc\eclipse\Workspaces\OnlineReviewPhase\lib\tcs\configuration_api\1.0.0\configuration_api.jar;C:\tc\eclipse\Workspaces\OnlineReviewPhase\lib\tcs\configuration_manager\2.1.5\configuration_manager.jar;C:\tc\eclipse\Workspaces\OnlineReviewPhase\lib\tcs\object_factory\2.1.2\object_factory.jar;C:\tc\eclipse\Workspaces\OnlineReviewPhase\lib\tcs\db_connection_factory\1.1\db_connection_factory.jar;C:\tc\eclipse\Workspaces\OnlineReviewPhase\lib\tcs\base_exception\2.0.0\base_exception.jar;C:\tc\eclipse\Workspaces\OnlineReviewPhase\lib\tcs\typesafe_enum\1.1.0\typesafe_enum.jar;C:\tc\eclipse\Workspaces\OnlineReviewPhase\lib\tcs\email_engine\3.1.0\email_engine.jar;C:\tc\eclipse\Workspaces\OnlineReviewPhase\lib\tcs\id_generator\3.0\id_generator.jar;C:\tc\eclipse\Workspaces\OnlineReviewPhase\lib\tcs\data_validation\1.1.1\data_validation.jar;C:\tc\eclipse\Workspaces\OnlineReviewPhase\lib\tcs\database_abstraction\1.1\database_abstraction.jar;C:\tc\eclipse\Workspaces\OnlineReviewPhase\lib\tcs\document_generator\2.1.0\document_generator.jar;C:\tc\eclipse\Workspaces\OnlineReviewPhase\lib\tcs\project_phases\2.0.1\project_phases.jar;C:\tc\eclipse\Workspaces\OnlineReviewPhase\lib\tcs\phase_management\1.0.4\phase_management.jar;C:\tc\eclipse\Workspaces\OnlineReviewPhase\lib\tcs\resource_management\1.1\resource_management.jar;C:\tc\eclipse\Workspaces\OnlineReviewPhase\lib\tcs\review_score_aggregator\1.0\review_score_aggregator.jar;C:\tc\eclipse\Workspaces\OnlineReviewPhase\lib\tcs\deliverable_management\1.1\deliverable_management.jar;C:\tc\eclipse\Workspaces\OnlineReviewPhase\lib\tcs\review_management\1.0\review_management.jar;C:\tc\eclipse\Workspaces\OnlineReviewPhase\lib\tcs\project_management\1.0.1\project_management.jar;C:\tc\eclipse\Workspaces\OnlineReviewPhase\lib\tcs\phase_management_persistence\1.0\phase_management_persistence.jar;C:\tc\eclipse\Workspaces\OnlineReviewPhase\lib\tcs\scorecard_management\1.0.1\scorecard_management.jar;C:\tc\eclipse\Workspaces\OnlineReviewPhase\lib\tcs\review_data_structure\1.0\review_data_structure.jar;C:\tc\eclipse\Workspaces\OnlineReviewPhase\lib\tcs\scorecard_data_structure\1.0\scorecard_data_structure.jar;C:\tc\eclipse\Workspaces\OnlineReviewPhase\lib\tcs\search_builder\1.4.1\search_builder.jar;C:\tc\eclipse\Workspaces\OnlineReviewPhase\lib\tcs\workdays\1.0.1\workdays.jar;C:\tc\eclipse\Workspaces\OnlineReviewPhase\lib\tcs\auto_screening_management\1.0\auto_screening_management.jar;C:\tc\eclipse\Workspaces\OnlineReviewPhase\lib\tcs\user_project_data_store\1.0.1\user_project_data_store.jar;C:\tc\eclipse\Workspaces\OnlineReviewPhase\test_files\depends.jar;C:\tc\eclipse\Workspaces\OnlineReviewPhase\lib\tcs\shared\shared.jar;C:\tc\eclipse\Workspaces\OnlineReviewPhase\lib\third_party\javamail\1.3.3\mail.jar;C:\tc\eclipse\Workspaces\OnlineReviewPhase\lib\third_party\jaf\1.1.0\activation.jar;C:\tc\eclipse\Workspaces\OnlineReviewPhase\lib\third_party\jboss-j2ee.jar;C:\tc\eclipse\Workspaces\OnlineReviewPhase\build\classes;C:\tc\eclipse\Workspaces\OnlineReviewPhase\test_files;C:\tc\eclipse\Workspaces\OnlineReviewPhase\lib\third_party\cobertura\1.8\cobertura.jar;C:\tc\eclipse\Workspaces\OnlineReviewPhase\lib\third_party\cobertura\1.8\lib\asm-2.2.1.jar;C:\tc\eclipse\Workspaces\OnlineReviewPhase\lib\third_party\cobertura\1.8\lib\jakarta-oro-2.0.8.jar;C:\tc\eclipse\Workspaces\OnlineReviewPhase\lib\third_party\cobertura\1.8\lib\log4j.jar;C:\tc\Java\apache-ant-1.7.0\lib\ant-launcher.jar;C:\tc\Java\apache-ant-1.7.0\lib\ant.jar;C:\tc\Java\apache-ant-1.7.0\lib\ant-junit.jar" />
    <property name="database_abstraction.jar" value="lib/tcs/database_abstraction/1.1/database_abstraction.jar" />
    <property name="ant.library.dir" value="C:\tc\Java\apache-ant-1.7.0\lib" />
    <property name="os.arch" value="x86" />
    <property name="sun.java.launcher" value="SUN_STANDARD" />
    <property name="object_factory_config_manager_plugin.jar" value="lib/tcs/object_factory_config_manager_plugin/1.0.0/object_factory_config_manager_plugin.jar" />
    <property name="ant.core.lib" value="C:\tc\Java\apache-ant-1.7.0\lib\ant.jar" />
    <property name="user_project_data_store.jar" value="lib/tcs/user_project_data_store/1.0.1/user_project_data_store.jar" />
    <property name="java.vm.specification.vendor" value="Sun Microsystems Inc." />
    <property name="file.separator" value="\" />
    <property name="java.runtime.version" value="1.5.0_18-b02" />
    <property name="sun.boot.class.path" value="C:\Program Files\Java\jdk1.5.0_18\jre\lib\rt.jar;C:\Program Files\Java\jdk1.5.0_18\jre\lib\i18n.jar;C:\Program Files\Java\jdk1.5.0_18\jre\lib\sunrsasign.jar;C:\Program Files\Java\jdk1.5.0_18\jre\lib\jsse.jar;C:\Program Files\Java\jdk1.5.0_18\jre\lib\jce.jar;C:\Program Files\Java\jdk1.5.0_18\jre\lib\charsets.jar;C:\Program Files\Java\jdk1.5.0_18\jre\classes" />
    <property name="build_docsdir" value="build/docs" />
    <property name="phase_management_persistence.jar" value="lib/tcs/phase_management_persistence/1.0/phase_management_persistence.jar" />
    <property name="javadoc.locale" value="en_US" />
    <property name="design_submission.jar" value="online_review_phases_1.4.0_design_submission.jar" />
    <property name="project_management.jar" value="lib/tcs/project_management/1.0.1/project_management.jar" />
    <property name="user.country" value="CN" />
    <property name="tcs_libdir" value="lib/tcs" />
    <property name="resource_management.jar" value="lib/tcs/resource_management/1.1/resource_management.jar" />
    <property name="component" value="Online Review Phases" />
    <property name="logging_wrapper.jar" value="lib/tcs/logging_wrapper/1.2/logging_wrapper.jar" />
    <property name="java_1_3_bootclasspath" value="c:/Program Files/Java/jre1.3.1_20/lib/rt.jar" />
    <property name="java.vendor" value="Sun Microsystems Inc." />
    <property name="db_connection_factory.jar" value="lib/tcs/db_connection_factory/1.1/db_connection_factory.jar" />
    <property name="email_engine.jar" value="lib/tcs/email_engine/3.1.0/email_engine.jar" />
    <property name="java.specification.version" value="1.5" />
    <property name="testfiles" value="test_files" />
    <property name="sun.arch.data.model" value="32" />
    <property name="javatests" value="src/java/tests" />
  </properties>
  <testcase classname="com.cronos.onlinereview.phases.lookup.LookupHelperTest" name="testCheckNull" time="0.295" />
  <testcase classname="com.cronos.onlinereview.phases.lookup.LookupHelperTest" name="testCheckStringNull" time="0.066" />
  <testcase classname="com.cronos.onlinereview.phases.lookup.LookupHelperTest" name="testCheckStringEmpty" time="0.088" />
  <testcase classname="com.cronos.onlinereview.phases.lookup.LookupHelperTest" name="testLookUpId" time="0.512" />
  <testcase classname="com.cronos.onlinereview.phases.lookup.LookupHelperTest" name="testLookUpIdCache" time="0.191" />
  <testcase classname="com.cronos.onlinereview.phases.lookup.LookupHelperTest" name="testLookUpIdConnection" time="0.169" />
  <testcase classname="com.cronos.onlinereview.phases.lookup.PhaseStatusLookupUtilityTest" name="testLookUpId" time="0.191" />
  <testcase classname="com.cronos.onlinereview.phases.lookup.PhaseStatusLookupUtilityTest" name="testLookUpIdWithNullConnection" time="0.049" />
  <testcase classname="com.cronos.onlinereview.phases.lookup.PhaseStatusLookupUtilityTest" name="testLookUpIdWithNullValue" time="0.201" />
  <testcase classname="com.cronos.onlinereview.phases.lookup.PhaseStatusLookupUtilityTest" name="testLookUpIdWithEmptyValue" time="0.165" />
  <testcase classname="com.cronos.onlinereview.phases.lookup.PhaseStatusLookupUtilityTest" name="testLookUpIdWithNonMappedValue" time="0.173" />
  <testcase classname="com.cronos.onlinereview.phases.lookup.PhaseTypeLookupUtilityTest" name="testLookUpId" time="0.186" />
  <testcase classname="com.cronos.onlinereview.phases.lookup.PhaseTypeLookupUtilityTest" name="testLookUpIdWithNullConnection" time="0.055" />
  <testcase classname="com.cronos.onlinereview.phases.lookup.PhaseTypeLookupUtilityTest" name="testLookUpIdWithNullValue" time="0.155" />
  <testcase classname="com.cronos.onlinereview.phases.lookup.PhaseTypeLookupUtilityTest" name="testLookUpIdWithEmptyValue" time="0.167" />
  <testcase classname="com.cronos.onlinereview.phases.lookup.PhaseTypeLookupUtilityTest" name="testLookUpIdWithNonMappedValue" time="0.208" />
  <testcase classname="com.cronos.onlinereview.phases.lookup.ProjectInfoTypeLookupUtilityTest" name="testLookUpId" time="0.16" />
  <testcase classname="com.cronos.onlinereview.phases.lookup.ProjectInfoTypeLookupUtilityTest" name="testLookUpIdWithNullConnection" time="0.043" />
  <testcase classname="com.cronos.onlinereview.phases.lookup.ProjectInfoTypeLookupUtilityTest" name="testLookUpIdWithNullValue" time="0.148" />
  <testcase classname="com.cronos.onlinereview.phases.lookup.ProjectInfoTypeLookupUtilityTest" name="testLookUpIdWithEmptyValue" time="0.162" />
  <testcase classname="com.cronos.onlinereview.phases.lookup.ProjectInfoTypeLookupUtilityTest" name="testLookUpIdWithNonMappedValue" time="0.165" />
  <testcase classname="com.cronos.onlinereview.phases.lookup.ResourceRoleLookupUtilityTest" name="testLookUpId" time="0.188" />
  <testcase classname="com.cronos.onlinereview.phases.lookup.ResourceRoleLookupUtilityTest" name="testLookUpIdWithNullConnection" time="0.048" />
  <testcase classname="com.cronos.onlinereview.phases.lookup.ResourceRoleLookupUtilityTest" name="testLookUpIdWithNullValue" time="0.151" />
  <testcase classname="com.cronos.onlinereview.phases.lookup.ResourceRoleLookupUtilityTest" name="testLookUpIdWithEmptyValue" time="0.147" />
  <testcase classname="com.cronos.onlinereview.phases.lookup.ResourceRoleLookupUtilityTest" name="testLookUpIdWithNonMappedValue" time="0.169" />
  <testcase classname="com.cronos.onlinereview.phases.lookup.SubmissionStatusLookupUtilityTest" name="testLookUpId" time="0.171" />
  <testcase classname="com.cronos.onlinereview.phases.lookup.SubmissionStatusLookupUtilityTest" name="testLookUpIdWithNullConnection" time="0.038" />
  <testcase classname="com.cronos.onlinereview.phases.lookup.SubmissionStatusLookupUtilityTest" name="testLookUpIdWithNullValue" time="0.146" />
  <testcase classname="com.cronos.onlinereview.phases.lookup.SubmissionStatusLookupUtilityTest" name="testLookUpIdWithEmptyValue" time="0.147" />
  <testcase classname="com.cronos.onlinereview.phases.lookup.SubmissionStatusLookupUtilityTest" name="testLookUpIdWithNonMappedValue" time="0.23" />
  <testcase classname="com.cronos.onlinereview.phases.lookup.UploadStatusLookupUtilityTest" name="testLookUpId" time="0.171" />
  <testcase classname="com.cronos.onlinereview.phases.lookup.UploadStatusLookupUtilityTest" name="testLookUpIdWithNullConnection" time="0.038" />
  <testcase classname="com.cronos.onlinereview.phases.lookup.UploadStatusLookupUtilityTest" name="testLookUpIdWithNullValue" time="0.156" />
  <testcase classname="com.cronos.onlinereview.phases.lookup.UploadStatusLookupUtilityTest" name="testLookUpIdWithEmptyValue" time="0.151" />
  <testcase classname="com.cronos.onlinereview.phases.lookup.UploadStatusLookupUtilityTest" name="testLookUpIdWithNonMappedValue" time="0.179" />
  <testcase classname="com.cronos.onlinereview.phases.lookup.NotificationTypeLookupUtilityTest" name="testLookUpId" time="0.153" />
  <testcase classname="com.cronos.onlinereview.phases.lookup.NotificationTypeLookupUtilityTest" name="testLookUpIdWithNullConnection" time="0.038" />
  <testcase classname="com.cronos.onlinereview.phases.lookup.NotificationTypeLookupUtilityTest" name="testLookUpIdWithNullValue" time="0.151" />
  <testcase classname="com.cronos.onlinereview.phases.lookup.NotificationTypeLookupUtilityTest" name="testLookUpIdWithEmptyValue" time="0.141" />
  <testcase classname="com.cronos.onlinereview.phases.lookup.NotificationTypeLookupUtilityTest" name="testLookUpIdWithNonMappedValue" time="0.175" />
  <testcase classname="com.cronos.onlinereview.phases.lookup.UploadTypeLookupUtilityTest" name="testLookUpId" time="0.177" />
  <testcase classname="com.cronos.onlinereview.phases.lookup.UploadTypeLookupUtilityTest" name="testLookUpIdWithNullConnection" time="0.047" />
  <testcase classname="com.cronos.onlinereview.phases.lookup.UploadTypeLookupUtilityTest" name="testLookUpIdWithNullValue" time="0.154" />
  <testcase classname="com.cronos.onlinereview.phases.lookup.UploadTypeLookupUtilityTest" name="testLookUpIdWithEmptyValue" time="0.155" />
  <testcase classname="com.cronos.onlinereview.phases.lookup.UploadTypeLookupUtilityTest" name="testLookUpIdWithNonMappedValue" time="0.197" />
  <testcase classname="com.cronos.onlinereview.phases.logging.LogMessageTest" name="testCtor1" time="0.0070" />
  <testcase classname="com.cronos.onlinereview.phases.logging.LogMessageTest" name="testCtor2" time="0.0010" />
  <testcase classname="com.cronos.onlinereview.phases.logging.LogMessageTest" name="testGetError_accuracy" time="0.0020" />
  <testcase classname="com.cronos.onlinereview.phases.logging.LogMessageTest" name="testGetMessage_accuracy" time="0.0" />
  <testcase classname="com.cronos.onlinereview.phases.logging.LogMessageTest" name="testGetOperator_accuracy" time="0.0010" />
  <testcase classname="com.cronos.onlinereview.phases.logging.LogMessageTest" name="testGetPhaseId_accuracy" time="0.0" />
  <testcase classname="com.cronos.onlinereview.phases.logging.LogMessageTest" name="testGetLogMessage" time="0.0060" />
  <testcase classname="com.cronos.onlinereview.phases.logging.LogMessageTest" name="testToString" time="0.0020" />
  <testcase classname="com.cronos.onlinereview.phases.logging.LogMessageTest" name="testGetExceptionStackTrace_accuracy" time="0.0010" />
  <testcase classname="com.cronos.onlinereview.phases.logging.LogMessageTest" name="testGetExceptionStackTrace_failure" time="0.0010" />
  <testcase classname="com.cronos.onlinereview.phases.EmailOptionsTest" name="testConstructor" time="0.0030" />
  <testcase classname="com.cronos.onlinereview.phases.EmailOptionsTest" name="testGetFromAddress" time="0.0010" />
  <testcase classname="com.cronos.onlinereview.phases.EmailOptionsTest" name="testSetFromAddress" time="0.0" />
  <testcase classname="com.cronos.onlinereview.phases.EmailOptionsTest" name="testGetSubject" time="0.0010" />
  <testcase classname="com.cronos.onlinereview.phases.EmailOptionsTest" name="testSetSubject" time="0.0020" />
  <testcase classname="com.cronos.onlinereview.phases.EmailOptionsTest" name="testGetTemplateName" time="0.0010" />
  <testcase classname="com.cronos.onlinereview.phases.EmailOptionsTest" name="testSetTemplateName" time="0.0010" />
  <testcase classname="com.cronos.onlinereview.phases.EmailOptionsTest" name="testGetTemplateSource" time="0.0" />
  <testcase classname="com.cronos.onlinereview.phases.EmailOptionsTest" name="testSetTemplateSource" time="0.0010" />
  <testcase classname="com.cronos.onlinereview.phases.EmailOptionsTest" name="testGetPriority" time="0.0010" />
  <testcase classname="com.cronos.onlinereview.phases.EmailOptionsTest" name="testSetPriority" time="0.0010" />
  <testcase classname="com.cronos.onlinereview.phases.EmailOptionsTest" name="testGetSend" time="0.0010" />
  <testcase classname="com.cronos.onlinereview.phases.EmailOptionsTest" name="testSetSend" time="0.0" />
  <testcase classname="com.cronos.onlinereview.phases.ConfigurationExceptionTest" name="testConfigurationExceptionString" time="0.0040" />
  <testcase classname="com.cronos.onlinereview.phases.ConfigurationExceptionTest" name="testConfigurationExceptionStringThrowable" time="0.0" />
  <testcase classname="com.cronos.onlinereview.phases.PhaseNotSupportedExceptionTest" name="testPhaseNotSupportedExceptionString" time="0.0050" />
  <testcase classname="com.cronos.onlinereview.phases.ManagerHelperTest" name="testManagerHelperWithNullNS" time="4.327" />
  <testcase classname="com.cronos.onlinereview.phases.ManagerHelperTest" name="testManagerHelperWithEmptyNS" time="0.826" />
  <testcase classname="com.cronos.onlinereview.phases.ManagerHelperTest" name="testGetProjectLinkManager" time="0.721" />
  <testcase classname="com.cronos.onlinereview.phases.ManagerHelperTest" name="testGetProjectManager" time="0.757" />
  <testcase classname="com.cronos.onlinereview.phases.ManagerHelperTest" name="testGetPhaseManager" time="0.805" />
  <testcase classname="com.cronos.onlinereview.phases.ManagerHelperTest" name="testGetScorecardManager" time="0.75" />
  <testcase classname="com.cronos.onlinereview.phases.ManagerHelperTest" name="testGetScreeningManager" time="0.713" />
  <testcase classname="com.cronos.onlinereview.phases.ManagerHelperTest" name="testGetReviewManager" time="0.713" />
  <testcase classname="com.cronos.onlinereview.phases.ManagerHelperTest" name="testGetResourceManager" time="0.732" />
  <testcase classname="com.cronos.onlinereview.phases.ManagerHelperTest" name="testGetUploadManager" time="0.692" />
  <testcase classname="com.cronos.onlinereview.phases.ManagerHelperTest" name="testGetUserRetrieval" time="0.733" />
  <testcase classname="com.cronos.onlinereview.phases.ManagerHelperTest" name="testGetScorecardAggregator" time="0.69" />
  <testcase classname="com.cronos.onlinereview.phases.AbstractPhaseHandlerTest" name="testAbstractPhaseHandlerWithNull" time="1.555" />
  <testcase classname="com.cronos.onlinereview.phases.AbstractPhaseHandlerTest" name="testAbstractPhaseHandlerWithEmpty" time="1.189" />
  <testcase classname="com.cronos.onlinereview.phases.AbstractPhaseHandlerTest" name="testAbstractPhaseHandlerWithNotExistNS" time="1.257" />
  <testcase classname="com.cronos.onlinereview.phases.AbstractPhaseHandlerTest" name="testAbstractPhaseHandlerWithInvalidCF_ConnectionFactoryNS_invalid" time="1.209" />
  <testcase classname="com.cronos.onlinereview.phases.AbstractPhaseHandlerTest" name="testAbstractPhaseHandlerWithInvalidCF_ManagerHelperNamespace_invalid" time="1.392" />
  <testcase classname="com.cronos.onlinereview.phases.AbstractPhaseHandlerTest" name="testAbstractPhaseHandlerWithInvalidCF_EmailTemplateSource_invalid" time="1.946" />
  <testcase classname="com.cronos.onlinereview.phases.AbstractPhaseHandlerTest" name="testAbstractPhaseHandlerWithInvalidCF_EmailFromAddress_missing" time="1.968" />
  <testcase classname="com.cronos.onlinereview.phases.AbstractPhaseHandlerTest" name="testAbstractPhaseHandlerWithInvalidCF_EmailTemplateName_invalid" time="1.93" />
  <testcase classname="com.cronos.onlinereview.phases.AbstractPhaseHandlerTest" name="testAbstractPhaseHandlerWithInvalidCF_SendEmail_invalid" time="1.877" />
  <testcase classname="com.cronos.onlinereview.phases.AbstractPhaseHandlerTest" name="testAbstractPhaseHandlerWithInvalidCF_Priority_invalid" time="1.849" />
  <testcase classname="com.cronos.onlinereview.phases.AbstractPhaseHandlerTest" name="testAbstractPhaseHandlerWithValid" time="1.844" />
  <testcase classname="com.cronos.onlinereview.phases.AbstractPhaseHandlerTest" name="testAbstractPhaseHandlerWithValid1" time="1.849" />
  <testcase classname="com.cronos.onlinereview.phases.AbstractPhaseHandlerTest" name="testAbstractPhaseHandler_accuracy" time="1.83" />
  <testcase classname="com.cronos.onlinereview.phases.AbstractPhaseHandlerTest" name="testAbstractPhaseHandler_accuracy1" time="1.89" />
  <testcase classname="com.cronos.onlinereview.phases.AbstractPhaseHandlerTest" name="testSendEmail_nullPhase" time="1.854" />
  <testcase classname="com.cronos.onlinereview.phases.AbstractPhaseHandlerTest" name="testSendEmailpb_nullPhase" time="1.771" />
  <testcase classname="com.cronos.onlinereview.phases.AbstractPhaseHandlerTest" name="testSendEmailpb_nullMap" time="1.901" />
  <testcase classname="com.cronos.onlinereview.phases.AbstractPhaseHandlerTest" name="testSendEmailpb_invalidMap" time="1.783" />
  <testcase classname="com.cronos.onlinereview.phases.AbstractPhaseHandlerTest" name="testSendEmailpb_invalidMap2" time="1.807" />
  <testcase classname="com.cronos.onlinereview.phases.AbstractPhaseHandlerTest" name="testSendEmailWithStartPhase" time="9.648" />
  <testcase classname="com.cronos.onlinereview.phases.AbstractPhaseHandlerTest" name="testSendEmailWithStopPhase" time="8.82" />
  <testcase classname="com.cronos.onlinereview.phases.AbstractPhaseHandlerTest" name="testSendEmailWithStopPhase1" time="8.75" />
  <testcase classname="com.cronos.onlinereview.phases.AbstractPhaseHandlerTest" name="testSendEmailWithZeroLenthPhase" time="2.637" />
  <testcase classname="com.cronos.onlinereview.phases.AbstractPhaseHandlerTest" name="testCreateConnection" time="1.927" />
  <testcase classname="com.cronos.onlinereview.phases.AbstractPhaseHandlerTest" name="testGetManagerHelper" time="1.767" />
  <testcase classname="com.cronos.onlinereview.phases.AbstractPhaseHandlerTest" name="testSendEmailWithStartPhase1" time="8.246" />
  <testcase classname="com.cronos.onlinereview.phases.AbstractPhaseHandlerTest" name="testSendEmailWithStartPhase2" time="7.38" />
  <testcase classname="com.cronos.onlinereview.phases.AbstractPhaseHandlerTest" name="testSendEmailWithStartPhase3" time="8.214" />
  <testcase classname="com.cronos.onlinereview.phases.RegistrationPhaseHandlerTest" name="testCanPerform" time="1.823" />
  <testcase classname="com.cronos.onlinereview.phases.RegistrationPhaseHandlerTest" name="testCanPerformWithInvalidStatus" time="1.818" />
  <testcase classname="com.cronos.onlinereview.phases.RegistrationPhaseHandlerTest" name="testCanPerformWithInvalidType" time="1.82" />
  <testcase classname="com.cronos.onlinereview.phases.RegistrationPhaseHandlerTest" name="testPerformWithNullPhase" time="1.815" />
  <testcase classname="com.cronos.onlinereview.phases.RegistrationPhaseHandlerTest" name="testPerformWithInvalidStatus" time="1.86" />
  <testcase classname="com.cronos.onlinereview.phases.RegistrationPhaseHandlerTest" name="testPerformWithInvalidType" time="1.803" />
  <testcase classname="com.cronos.onlinereview.phases.RegistrationPhaseHandlerTest" name="testPerformWithNullOperator" time="1.838" />
  <testcase classname="com.cronos.onlinereview.phases.RegistrationPhaseHandlerTest" name="testPerformWithEmptyOperator" time="1.82" />
  <testcase classname="com.cronos.onlinereview.phases.RegistrationPhaseHandlerTest" name="testCanPerformScheduled1" time="2.746" />
  <testcase classname="com.cronos.onlinereview.phases.RegistrationPhaseHandlerTest" name="testCanPerformScheduled2" time="2.242" />
  <testcase classname="com.cronos.onlinereview.phases.RegistrationPhaseHandlerTest" name="testCanPerformScheduled_ParentProjectNotCompleted" time="2.623" />
  <testcase classname="com.cronos.onlinereview.phases.RegistrationPhaseHandlerTest" name="testRegistrationPhaseHandler" time="3.816" />
  <testcase classname="com.cronos.onlinereview.phases.RegistrationPhaseHandlerTest" name="testCanPerformOpen_DependenciesNotMet" time="2.356" />
  <testcase classname="com.cronos.onlinereview.phases.RegistrationPhaseHandlerTest" name="testCanPerformOpen_RegistrationNotEnough" time="2.407" />
  <testcase classname="com.cronos.onlinereview.phases.RegistrationPhaseHandlerTest" name="testRegistrationPhaseHandler1" time="2.728" />
  <testcase classname="com.cronos.onlinereview.phases.RegistrationPhaseHandlerTest" name="testPerformWithNoRegistrants" time="3.46" />
  <testcase classname="com.cronos.onlinereview.phases.RegistrationPhaseHandlerTest" name="testPerform_startPhase" time="8.03" />
  <testcase classname="com.cronos.onlinereview.phases.RegistrationPhaseHandlerTest" name="testPerformWithRegistrants" time="6.258" />
  <testcase classname="com.cronos.onlinereview.phases.RegistrationPhaseHandlerTest" name="testPerformWithRegistrants_stopHandler" time="10.694" />
  <testcase classname="com.cronos.onlinereview.phases.RegistrationPhaseHandlerTest" name="testPerformWithNoRegistrants_stopHandler" time="9.708" />
  <testcase classname="com.cronos.onlinereview.phases.SubmissionPhaseHandlerTest" name="testCanPerform" time="1.802" />
  <testcase classname="com.cronos.onlinereview.phases.SubmissionPhaseHandlerTest" name="testCanPerformWithInvalidStatus" time="1.819" />
  <testcase classname="com.cronos.onlinereview.phases.SubmissionPhaseHandlerTest" name="testCanPerformWithInvalidType" time="1.765" />
  <testcase classname="com.cronos.onlinereview.phases.SubmissionPhaseHandlerTest" name="testPerformWithNullPhase" time="1.775" />
  <testcase classname="com.cronos.onlinereview.phases.SubmissionPhaseHandlerTest" name="testPerformWithInvalidStatus" time="1.803" />
  <testcase classname="com.cronos.onlinereview.phases.SubmissionPhaseHandlerTest" name="testPerformWithInvalidType" time="1.829" />
  <testcase classname="com.cronos.onlinereview.phases.SubmissionPhaseHandlerTest" name="testPerformWithNullOperator" time="1.826" />
  <testcase classname="com.cronos.onlinereview.phases.SubmissionPhaseHandlerTest" name="testPerformWithEmptyOperator" time="1.828" />
  <testcase classname="com.cronos.onlinereview.phases.SubmissionPhaseHandlerTest" name="testCanPerformWithScheduled" time="2.31" />
  <testcase classname="com.cronos.onlinereview.phases.SubmissionPhaseHandlerTest" name="testCanPerformHandlerWithOpen" time="3.834" />
  <testcase classname="com.cronos.onlinereview.phases.SubmissionPhaseHandlerTest" name="testPerformWithoutSubmission" time="3.462" />
  <testcase classname="com.cronos.onlinereview.phases.SubmissionPhaseHandlerTest" name="testPerform_start" time="8.283" />
  <testcase classname="com.cronos.onlinereview.phases.SubmissionPhaseHandlerTest" name="testPerform_no_submission_stop" time="8.548" />
  <testcase classname="com.cronos.onlinereview.phases.SubmissionPhaseHandlerTest" name="testPerformWithSubmissions" time="6.01" />
  <testcase classname="com.cronos.onlinereview.phases.SubmissionPhaseHandlerTest" name="testPerform_with_submission_stop" time="10.849" />
  <testcase classname="com.cronos.onlinereview.phases.SubmissionPhaseHandlerTest" name="testCanPerformHandlerWithOpen1" time="2.727" />
  <testcase classname="com.cronos.onlinereview.phases.SubmissionPhaseHandlerTest" name="testCanPerformHandlerWithOpen2" time="3.103" />
  <testcase classname="com.cronos.onlinereview.phases.ScreeningPhaseHandlerTest" name="testCanPerform" time="1.824" />
  <testcase classname="com.cronos.onlinereview.phases.ScreeningPhaseHandlerTest" name="testCanPerformWithInvalidStatus" time="1.841" />
  <testcase classname="com.cronos.onlinereview.phases.ScreeningPhaseHandlerTest" name="testCanPerformWithInvalidType" time="1.857" />
  <testcase classname="com.cronos.onlinereview.phases.ScreeningPhaseHandlerTest" name="testPerformWithNullPhase" time="1.812" />
  <testcase classname="com.cronos.onlinereview.phases.ScreeningPhaseHandlerTest" name="testPerformWithInvalidStatus" time="1.828" />
  <testcase classname="com.cronos.onlinereview.phases.ScreeningPhaseHandlerTest" name="testPerformWithInvalidType" time="1.832" />
  <testcase classname="com.cronos.onlinereview.phases.ScreeningPhaseHandlerTest" name="testPerformWithNullOperator" time="1.842" />
  <testcase classname="com.cronos.onlinereview.phases.ScreeningPhaseHandlerTest" name="testPerformWithEmptyOperator" time="1.817" />
  <testcase classname="com.cronos.onlinereview.phases.ScreeningPhaseHandlerTest" name="testCanPerformWithScheduled" time="2.622" />
  <testcase classname="com.cronos.onlinereview.phases.ScreeningPhaseHandlerTest" name="testCanPerformHandlerWithOpen1" time="2.288" />
  <testcase classname="com.cronos.onlinereview.phases.ScreeningPhaseHandlerTest" name="testCanPerformHandlerWithOpen2" time="2.695" />
  <testcase classname="com.cronos.onlinereview.phases.ScreeningPhaseHandlerTest" name="testPerformWithScheduled" time="5.889" />
  <testcase classname="com.cronos.onlinereview.phases.ScreeningPhaseHandlerTest" name="testPerformWithOpen1" time="7.476" />
  <testcase classname="com.cronos.onlinereview.phases.ScreeningPhaseHandlerTest" name="testPerformWithOpen2" time="8.704" />
  <testcase classname="com.cronos.onlinereview.phases.ScreeningPhaseHandlerTest" name="testPerformWithOpen3" time="10.657" />
  <testcase classname="com.cronos.onlinereview.phases.ScreeningPhaseHandlerTest" name="testPerformWithOpen4" time="9.616" />
  <testcase classname="com.cronos.onlinereview.phases.ScreeningPhaseHandlerTest" name="testPerform_start_noscreener" time="10.855" />
  <testcase classname="com.cronos.onlinereview.phases.ScreeningPhaseHandlerTest" name="testPerform_start_screener" time="11.278" />
  <testcase classname="com.cronos.onlinereview.phases.ScreeningPhaseHandlerTest" name="testPerform_stop" time="13.035" />
  <testcase classname="com.cronos.onlinereview.phases.ScreeningPhaseHandlerTest" name="testPerform_submissionAndReviewNotMatch" time="3.587" />
  <testcase classname="com.cronos.onlinereview.phases.ScreeningPhaseHandlerTest" name="testCanPerform_MultipleSubmitters" time="3.45" />
  <testcase classname="com.cronos.onlinereview.phases.ScreeningPhaseHandlerTest" name="testCanPerform_NoSubmission" time="3.665" />
  <testcase classname="com.cronos.onlinereview.phases.ScreeningPhaseHandlerTest" name="testCanPerform_NoScreeningReviews" time="4.398" />
  <testcase classname="com.cronos.onlinereview.phases.ScreeningPhaseHandlerTest" name="testCanPerform_valid" time="4.555" />
  <testcase classname="com.cronos.onlinereview.phases.ScreeningPhaseHandlerTest" name="testCanPerform_SummissionIdNotMatchWithScreeningReviewId" time="4.268" />
  <testcase classname="com.cronos.onlinereview.phases.ScreeningPhaseHandlerTest" name="testCanPerform_PrimaryScreener_reviewNotFound" time="3.681" />
  <testcase classname="com.cronos.onlinereview.phases.ScreeningPhaseHandlerTest" name="testCanPerform_PrimaryScreener_reviewNotCommitted" time="3.994" />
  <testcase classname="com.cronos.onlinereview.phases.ReviewPhaseHandlerTest" name="testCanPerform" time="1.801" />
  <testcase classname="com.cronos.onlinereview.phases.ReviewPhaseHandlerTest" name="testCanPerformWithInvalidStatus" time="1.786" />
  <testcase classname="com.cronos.onlinereview.phases.ReviewPhaseHandlerTest" name="testCanPerformWithInvalidType" time="1.881" />
  <testcase classname="com.cronos.onlinereview.phases.ReviewPhaseHandlerTest" name="testPerformWithNullPhase" time="1.784" />
  <testcase classname="com.cronos.onlinereview.phases.ReviewPhaseHandlerTest" name="testPerformWithInvalidStatus" time="1.87" />
  <testcase classname="com.cronos.onlinereview.phases.ReviewPhaseHandlerTest" name="testPerformWithInvalidType" time="1.831" />
  <testcase classname="com.cronos.onlinereview.phases.ReviewPhaseHandlerTest" name="testPerformWithNullOperator" time="1.873" />
  <testcase classname="com.cronos.onlinereview.phases.ReviewPhaseHandlerTest" name="testPerformWithEmptyOperator" time="1.817" />
  <testcase classname="com.cronos.onlinereview.phases.ReviewPhaseHandlerTest" name="testCanPerformWithScheduled" time="2.519" />
  <testcase classname="com.cronos.onlinereview.phases.ReviewPhaseHandlerTest" name="testCanPerformHandlerWithOpen" time="2.949" />
  <testcase classname="com.cronos.onlinereview.phases.ReviewPhaseHandlerTest" name="testPerform_Start_noReviewer" time="10.521" />
  <testcase classname="com.cronos.onlinereview.phases.ReviewPhaseHandlerTest" name="testPerform_Start_withReviewer" time="10.573" />
  <testcase classname="com.cronos.onlinereview.phases.ReviewPhaseHandlerTest" name="testPerform_Stop" time="12.867" />
  <testcase classname="com.cronos.onlinereview.phases.ReviewPhaseHandlerTest" name="testCanPerform_noReviewer" time="3.154" />
  <testcase classname="com.cronos.onlinereview.phases.ReviewPhaseHandlerTest" name="testCanPerform_withReviewer" time="3.846" />
  <testcase classname="com.cronos.onlinereview.phases.ReviewPhaseHandlerTest" name="testCanPerform_accuracy" time="5.114" />
  <testcase classname="com.cronos.onlinereview.phases.ReviewPhaseHandlerTest" name="testCanPerform_accuracy1" time="5.117" />
  <testcase classname="com.cronos.onlinereview.phases.ReviewPhaseHandlerTest" name="testCanPerform_accuracy2" time="5.012" />
  <testcase classname="com.cronos.onlinereview.phases.ReviewPhaseHandlerTest" name="testCanPerform_accuracy3" time="4.851" />
  <testcase classname="com.cronos.onlinereview.phases.AppealsPhaseHandlerTest" name="testCanPerform" time="1.855" />
  <testcase classname="com.cronos.onlinereview.phases.AppealsPhaseHandlerTest" name="testCanPerformWithInvalidStatus" time="1.805" />
  <testcase classname="com.cronos.onlinereview.phases.AppealsPhaseHandlerTest" name="testCanPerformWithInvalidType" time="1.82" />
  <testcase classname="com.cronos.onlinereview.phases.AppealsPhaseHandlerTest" name="testPerformWithNullPhase" time="1.837" />
  <testcase classname="com.cronos.onlinereview.phases.AppealsPhaseHandlerTest" name="testPerformWithInvalidStatus" time="1.775" />
  <testcase classname="com.cronos.onlinereview.phases.AppealsPhaseHandlerTest" name="testPerformWithInvalidType" time="1.813" />
  <testcase classname="com.cronos.onlinereview.phases.AppealsPhaseHandlerTest" name="testPerformWithNullOperator" time="1.797" />
  <testcase classname="com.cronos.onlinereview.phases.AppealsPhaseHandlerTest" name="testPerformWithEmptyOperator" time="1.83" />
  <testcase classname="com.cronos.onlinereview.phases.AppealsPhaseHandlerTest" name="testCanPerformWithScheduled" time="2.255" />
  <testcase classname="com.cronos.onlinereview.phases.AppealsPhaseHandlerTest" name="testCanPerformHandlerWithOpen" time="2.22" />
  <testcase classname="com.cronos.onlinereview.phases.AppealsPhaseHandlerTest" name="testPerform_Stop" time="23.354" />
  <testcase classname="com.cronos.onlinereview.phases.AppealsPhaseHandlerTest" name="testCanPerformCloseEarly" time="2.809" />
  <testcase classname="com.cronos.onlinereview.phases.AppealsPhaseHandlerTest" name="testPerform" time="8.897" />
  <testcase classname="com.cronos.onlinereview.phases.AppealsPhaseHandlerTest" name="testPerform_Start" time="21.751" />
  <testcase classname="com.cronos.onlinereview.phases.AppealsResponsePhaseHandlerTest" name="testCanPerform" time="1.84" />
  <testcase classname="com.cronos.onlinereview.phases.AppealsResponsePhaseHandlerTest" name="testCanPerformWithInvalidStatus" time="1.779" />
  <testcase classname="com.cronos.onlinereview.phases.AppealsResponsePhaseHandlerTest" name="testCanPerformWithInvalidType" time="1.82" />
  <testcase classname="com.cronos.onlinereview.phases.AppealsResponsePhaseHandlerTest" name="testPerformWithNullPhase" time="1.923" />
  <testcase classname="com.cronos.onlinereview.phases.AppealsResponsePhaseHandlerTest" name="testPerformWithInvalidStatus" time="1.801" />
  <testcase classname="com.cronos.onlinereview.phases.AppealsResponsePhaseHandlerTest" name="testPerformWithInvalidType" time="1.823" />
  <testcase classname="com.cronos.onlinereview.phases.AppealsResponsePhaseHandlerTest" name="testPerformWithNullOperator" time="1.766" />
  <testcase classname="com.cronos.onlinereview.phases.AppealsResponsePhaseHandlerTest" name="testPerformWithEmptyOperator" time="1.8" />
  <testcase classname="com.cronos.onlinereview.phases.AppealsResponsePhaseHandlerTest" name="testCanPerformWithScheduled" time="2.207" />
  <testcase classname="com.cronos.onlinereview.phases.AppealsResponsePhaseHandlerTest" name="testCanPerformHandlerWithOpen" time="2.309" />
  <testcase classname="com.cronos.onlinereview.phases.AppealsResponsePhaseHandlerTest" name="testPerformWithScheduled" time="5.228" />
  <testcase classname="com.cronos.onlinereview.phases.AppealsResponsePhaseHandlerTest" name="testPerform_Stop" time="25.42" />
  <testcase classname="com.cronos.onlinereview.phases.AppealsResponsePhaseHandlerTest" name="testPerform_Start" time="22.313" />
  <testcase classname="com.cronos.onlinereview.phases.AppealsResponsePhaseHandlerTest" name="testPerformWithOpenNoWinner" time="10.833" />
  <testcase classname="com.cronos.onlinereview.phases.AppealsResponsePhaseHandlerTest" name="testPerformWithOpenWithWinner" time="11.828" />
  <testcase classname="com.cronos.onlinereview.phases.AppealsResponsePhaseHandlerTest" name="testCanPerform_NoReviewFound" time="2.629" />
  <testcase classname="com.cronos.onlinereview.phases.AppealsResponsePhaseHandlerTest" name="testCanPerform_Comments" time="14.782" />
  <testcase classname="com.cronos.onlinereview.phases.AppealsResponsePhaseHandlerTest" name="testCanPerform_Comments2" time="14.34" />
  <testcase classname="com.cronos.onlinereview.phases.AppealsResponsePhaseHandlerTest" name="testPerform_noReviews" time="3.677" />
  <testcase classname="com.cronos.onlinereview.phases.AggregationPhaseHandlerTest" name="testCanPerform" time="1.803" />
  <testcase classname="com.cronos.onlinereview.phases.AggregationPhaseHandlerTest" name="testCanPerformWithInvalidStatus" time="1.8" />
  <testcase classname="com.cronos.onlinereview.phases.AggregationPhaseHandlerTest" name="testCanPerformWithInvalidType" time="1.828" />
  <testcase classname="com.cronos.onlinereview.phases.AggregationPhaseHandlerTest" name="testPerformWithNullPhase" time="1.856" />
  <testcase classname="com.cronos.onlinereview.phases.AggregationPhaseHandlerTest" name="testPerformWithInvalidStatus" time="1.822" />
  <testcase classname="com.cronos.onlinereview.phases.AggregationPhaseHandlerTest" name="testPerformWithInvalidType" time="1.844" />
  <testcase classname="com.cronos.onlinereview.phases.AggregationPhaseHandlerTest" name="testPerformWithNullOperator" time="1.82" />
  <testcase classname="com.cronos.onlinereview.phases.AggregationPhaseHandlerTest" name="testPerformWithEmptyOperator" time="1.828" />
  <testcase classname="com.cronos.onlinereview.phases.AggregationPhaseHandlerTest" name="testCanPerformWithScheduled" time="3.748" />
  <testcase classname="com.cronos.onlinereview.phases.AggregationPhaseHandlerTest" name="testCanPerformHandlerWithOpen" time="2.267" />
  <testcase classname="com.cronos.onlinereview.phases.AggregationPhaseHandlerTest" name="testPerform_start" time="37.736" />
  <testcase classname="com.cronos.onlinereview.phases.AggregationPhaseHandlerTest" name="testCanPerformHandlerWithOpen1" time="2.632" />
  <testcase classname="com.cronos.onlinereview.phases.AggregationPhaseHandlerTest" name="testPerform_stop" time="46.532" />
  <testcase classname="com.cronos.onlinereview.phases.AggregationPhaseHandlerTest" name="testPerform" time="5.003" />
  <testcase classname="com.cronos.onlinereview.phases.AggregationPhaseHandlerTest" name="testCtor" time="1.831" />
  <testcase classname="com.cronos.onlinereview.phases.AggregationPhaseHandlerTest" name="testPerform_start_PreviousAggregationExists" time="31.151" />
  <testcase classname="com.cronos.onlinereview.phases.AggregationPhaseHandlerTest" name="testPerformStart_NoAggregator" time="26.139" />
  <testcase classname="com.cronos.onlinereview.phases.AggregationReviewPhaseHandlerTest" name="testCanPerform" time="1.821" />
  <testcase classname="com.cronos.onlinereview.phases.AggregationReviewPhaseHandlerTest" name="testCanPerformWithInvalidStatus" time="1.817" />
  <testcase classname="com.cronos.onlinereview.phases.AggregationReviewPhaseHandlerTest" name="testCanPerformWithInvalidType" time="1.838" />
  <testcase classname="com.cronos.onlinereview.phases.AggregationReviewPhaseHandlerTest" name="testPerformWithNullPhase" time="1.784" />
  <testcase classname="com.cronos.onlinereview.phases.AggregationReviewPhaseHandlerTest" name="testPerformWithInvalidStatus" time="1.799" />
  <testcase classname="com.cronos.onlinereview.phases.AggregationReviewPhaseHandlerTest" name="testPerformWithInvalidType" time="1.861" />
  <testcase classname="com.cronos.onlinereview.phases.AggregationReviewPhaseHandlerTest" name="testPerformWithNullOperator" time="1.794" />
  <testcase classname="com.cronos.onlinereview.phases.AggregationReviewPhaseHandlerTest" name="testPerformWithEmptyOperator" time="1.784" />
  <testcase classname="com.cronos.onlinereview.phases.AggregationReviewPhaseHandlerTest" name="testCanPerformWithScheduled" time="2.207" />
  <testcase classname="com.cronos.onlinereview.phases.AggregationReviewPhaseHandlerTest" name="testCanPerformHandlerWithOpen" time="2.274" />
  <testcase classname="com.cronos.onlinereview.phases.AggregationReviewPhaseHandlerTest" name="testCanPerform_accuracy" time="4.523" />
  <testcase classname="com.cronos.onlinereview.phases.AggregationReviewPhaseHandlerTest" name="testCanPerform_accuracy1" time="4.129" />
  <testcase classname="com.cronos.onlinereview.phases.AggregationReviewPhaseHandlerTest" name="testCanPerform_accuracy2" time="4.474" />
  <testcase classname="com.cronos.onlinereview.phases.AggregationReviewPhaseHandlerTest" name="testCanPerform_accuracy3" time="4.977" />
  <testcase classname="com.cronos.onlinereview.phases.AggregationReviewPhaseHandlerTest" name="testPerform" time="4.966" />
  <testcase classname="com.cronos.onlinereview.phases.AggregationReviewPhaseHandlerTest" name="testCtor" time="1.786" />
  <testcase classname="com.cronos.onlinereview.phases.AggregationReviewPhaseHandlerTest" name="testPerformWithOpen" time="9.337" />
  <testcase classname="com.cronos.onlinereview.phases.AggregationReviewPhaseHandlerTest" name="testCanPerform_aggregationWorksheetNotExist" time="2.227" />
  <testcase classname="com.cronos.onlinereview.phases.AggregationReviewPhaseHandlerTest" name="testCanPerform_accuracy4" time="5.538" />
  <testcase classname="com.cronos.onlinereview.phases.FinalFixPhaseHandlerTest" name="testCanPerform" time="1.826" />
  <testcase classname="com.cronos.onlinereview.phases.FinalFixPhaseHandlerTest" name="testCanPerformWithInvalidStatus" time="1.829" />
  <testcase classname="com.cronos.onlinereview.phases.FinalFixPhaseHandlerTest" name="testCanPerformWithInvalidType" time="1.809" />
  <testcase classname="com.cronos.onlinereview.phases.FinalFixPhaseHandlerTest" name="testPerformWithNullPhase" time="1.814" />
  <testcase classname="com.cronos.onlinereview.phases.FinalFixPhaseHandlerTest" name="testPerformWithInvalidStatus" time="1.808" />
  <testcase classname="com.cronos.onlinereview.phases.FinalFixPhaseHandlerTest" name="testPerformWithInvalidType" time="1.784" />
  <testcase classname="com.cronos.onlinereview.phases.FinalFixPhaseHandlerTest" name="testPerformWithNullOperator" time="1.837" />
  <testcase classname="com.cronos.onlinereview.phases.FinalFixPhaseHandlerTest" name="testPerformWithEmptyOperator" time="1.811" />
  <testcase classname="com.cronos.onlinereview.phases.FinalFixPhaseHandlerTest" name="testCanPerformWithScheduled" time="2.751" />
  <testcase classname="com.cronos.onlinereview.phases.FinalFixPhaseHandlerTest" name="testCanPerformHandlerWithOpen" time="2.187" />
  <testcase classname="com.cronos.onlinereview.phases.FinalFixPhaseHandlerTest" name="testPerform" time="4.923" />
  <testcase classname="com.cronos.onlinereview.phases.FinalFixPhaseHandlerTest" name="testPerformWithScheduled1" time="9.852" />
  <testcase classname="com.cronos.onlinereview.phases.FinalFixPhaseHandlerTest" name="testPerformWithScheduled2" time="10.688" />
  <testcase classname="com.cronos.onlinereview.phases.FinalFixPhaseHandlerTest" name="testPerformWithScheduled3" time="17.461" />
  <testcase classname="com.cronos.onlinereview.phases.FinalFixPhaseHandlerTest" name="testPerformWithScheduled4" time="10.229" />
  <testcase classname="com.cronos.onlinereview.phases.FinalFixPhaseHandlerTest" name="testPerformWithScheduled_NoWinner" time="2.856" />
  <testcase classname="com.cronos.onlinereview.phases.FinalFixPhaseHandlerTest" name="testPerformWithScheduled_MultipleFinalFix" time="4.75" />
  <testcase classname="com.cronos.onlinereview.phases.FinalFixPhaseHandlerTest" name="testPerform_exception1" time="2.698" />
  <testcase classname="com.cronos.onlinereview.phases.FinalFixPhaseHandlerTest" name="testPerformWithScheduled_NoAggregatedReviewScorecard" time="3.345" />
  <testcase classname="com.cronos.onlinereview.phases.FinalFixPhaseHandlerTest" name="testPerformWithScheduled_NoWinningSubmission" time="3.41" />
  <testcase classname="com.cronos.onlinereview.phases.FinalReviewPhaseHandlerTest" name="testCanPerform" time="1.824" />
  <testcase classname="com.cronos.onlinereview.phases.FinalReviewPhaseHandlerTest" name="testCanPerformWithInvalidStatus" time="1.812" />
  <testcase classname="com.cronos.onlinereview.phases.FinalReviewPhaseHandlerTest" name="testCanPerformWithInvalidType" time="1.823" />
  <testcase classname="com.cronos.onlinereview.phases.FinalReviewPhaseHandlerTest" name="testPerformWithNullPhase" time="1.84" />
  <testcase classname="com.cronos.onlinereview.phases.FinalReviewPhaseHandlerTest" name="testPerformWithInvalidStatus" time="1.832" />
  <testcase classname="com.cronos.onlinereview.phases.FinalReviewPhaseHandlerTest" name="testPerformWithInvalidType" time="1.838" />
  <testcase classname="com.cronos.onlinereview.phases.FinalReviewPhaseHandlerTest" name="testPerformWithNullOperator" time="1.837" />
  <testcase classname="com.cronos.onlinereview.phases.FinalReviewPhaseHandlerTest" name="testPerformWithEmptyOperator" time="1.865" />
  <testcase classname="com.cronos.onlinereview.phases.FinalReviewPhaseHandlerTest" name="testCanPerformWithScheduled" time="2.26" />
  <testcase classname="com.cronos.onlinereview.phases.FinalReviewPhaseHandlerTest" name="testCanPerformHandlerWithOpen" time="2.296" />
  <testcase classname="com.cronos.onlinereview.phases.FinalReviewPhaseHandlerTest" name="testPerform" time="5.408" />
  <testcase classname="com.cronos.onlinereview.phases.FinalReviewPhaseHandlerTest" name="testPerform_start_noFinalReviewer" time="55.003" />
  <testcase classname="com.cronos.onlinereview.phases.FinalReviewPhaseHandlerTest" name="testPerform_start_withFinalReviewer" time="55.026" />
  <testcase classname="com.cronos.onlinereview.phases.FinalReviewPhaseHandlerTest" name="testPerformWithOpen_rejected" time="11.865" />
  <testcase classname="com.cronos.onlinereview.phases.FinalReviewPhaseHandlerTest" name="testPerformWithOpen_approved" time="11.783" />
  <testcase classname="com.cronos.onlinereview.phases.ApprovalPhaseHandlerTest" name="testCanPerform" time="1.841" />
  <testcase classname="com.cronos.onlinereview.phases.ApprovalPhaseHandlerTest" name="testCanPerformWithInvalidStatus" time="1.805" />
  <testcase classname="com.cronos.onlinereview.phases.ApprovalPhaseHandlerTest" name="testCanPerformWithInvalidType" time="1.834" />
  <testcase classname="com.cronos.onlinereview.phases.ApprovalPhaseHandlerTest" name="testPerformWithNullPhase" time="1.796" />
  <testcase classname="com.cronos.onlinereview.phases.ApprovalPhaseHandlerTest" name="testPerformWithInvalidStatus" time="1.815" />
  <testcase classname="com.cronos.onlinereview.phases.ApprovalPhaseHandlerTest" name="testPerformWithInvalidType" time="1.798" />
  <testcase classname="com.cronos.onlinereview.phases.ApprovalPhaseHandlerTest" name="testPerformWithNullOperator" time="1.785" />
  <testcase classname="com.cronos.onlinereview.phases.ApprovalPhaseHandlerTest" name="testPerformWithEmptyOperator" time="1.83" />
  <testcase classname="com.cronos.onlinereview.phases.ApprovalPhaseHandlerTest" name="testCanPerformWithScheduled" time="3.184" />
  <testcase classname="com.cronos.onlinereview.phases.ApprovalPhaseHandlerTest" name="testCanPerformHandlerWithOpen" time="2.279" />
  <testcase classname="com.cronos.onlinereview.phases.ApprovalPhaseHandlerTest" name="testPerformWithOpen_rejected" time="12.623" />
  <testcase classname="com.cronos.onlinereview.phases.ApprovalPhaseHandlerTest" name="testPerformWithOpen_approved" time="10.849" />
  <testcase classname="com.cronos.onlinereview.phases.ApprovalPhaseHandlerTest" name="testPerform_start_noApprovals" time="8.004" />
  <testcase classname="com.cronos.onlinereview.phases.ApprovalPhaseHandlerTest" name="testPerform_start_withApprovals" time="8.149" />
  <testcase classname="com.cronos.onlinereview.phases.ApprovalPhaseHandlerTest" name="testPerformWithOpen_approved_otherfixes" time="10.6" />
  <testcase classname="com.cronos.onlinereview.phases.PostMortemPhaseHandlerTest" name="testCanPerform" time="1.821" />
  <testcase classname="com.cronos.onlinereview.phases.PostMortemPhaseHandlerTest" name="testCanPerformWithInvalidStatus" time="1.793" />
  <testcase classname="com.cronos.onlinereview.phases.PostMortemPhaseHandlerTest" name="testCanPerformWithInvalidType" time="1.812" />
  <testcase classname="com.cronos.onlinereview.phases.PostMortemPhaseHandlerTest" name="testPerformWithNullPhase" time="1.871" />
  <testcase classname="com.cronos.onlinereview.phases.PostMortemPhaseHandlerTest" name="testPerformWithInvalidStatus" time="1.821" />
  <testcase classname="com.cronos.onlinereview.phases.PostMortemPhaseHandlerTest" name="testPerformWithInvalidType" time="1.81" />
  <testcase classname="com.cronos.onlinereview.phases.PostMortemPhaseHandlerTest" name="testPerformWithNullOperator" time="1.792" />
  <testcase classname="com.cronos.onlinereview.phases.PostMortemPhaseHandlerTest" name="testPerformWithEmptyOperator" time="1.891" />
  <testcase classname="com.cronos.onlinereview.phases.PostMortemPhaseHandlerTest" name="testCanPerformWithScheduled" time="2.247" />
  <testcase classname="com.cronos.onlinereview.phases.PostMortemPhaseHandlerTest" name="testPerform_stop" time="8.33" />
  <testcase classname="com.cronos.onlinereview.phases.PostMortemPhaseHandlerTest" name="testDefaultConstructor" time="1.816" />
  <testcase classname="com.cronos.onlinereview.phases.PostMortemPhaseHandlerTest" name="testCanPerformWithOpen1" time="3.045" />
  <testcase classname="com.cronos.onlinereview.phases.PostMortemPhaseHandlerTest" name="testCanPerformWithOpen2" time="3.171" />
  <testcase classname="com.cronos.onlinereview.phases.PostMortemPhaseHandlerTest" name="testPerform_start_no_reviwer" time="9.086" />
  <testcase classname="com.cronos.onlinereview.phases.PostMortemPhaseHandlerTest" name="testPerform_start_with_reviewer" time="9.057" />
  <testcase classname="com.cronos.onlinereview.phases.PostMortemPhaseHandlerTest" name="testPerformStart_ReviewerSubmitterHasTermsOfUse" time="6.925" />
  <testcase classname="com.cronos.onlinereview.phases.PostMortemPhaseHandlerTest" name="testPerformStart_ReviewerSubmitterNoTermsOfUse" time="8.25" />
  <testcase classname="com.cronos.onlinereview.phases.lookup.SubmissionTypeLookupUtilityTest" name="testLookUpId" time="0.159" />
  <testcase classname="com.cronos.onlinereview.phases.lookup.SubmissionTypeLookupUtilityTest" name="testLookUpIdWithNullConnection" time="0.032" />
  <testcase classname="com.cronos.onlinereview.phases.lookup.SubmissionTypeLookupUtilityTest" name="testLookUpIdWithNullValue" time="0.173" />
  <testcase classname="com.cronos.onlinereview.phases.lookup.SubmissionTypeLookupUtilityTest" name="testLookUpIdWithEmptyValue" time="0.148" />
  <testcase classname="com.cronos.onlinereview.phases.lookup.SubmissionTypeLookupUtilityTest" name="testLookUpIdWithNonMappedValue" time="0.157" />
  <testcase classname="com.cronos.onlinereview.phases.SpecificationSubmissionPhaseHandlerTest" name="testCanPerform" time="1.809" />
  <testcase classname="com.cronos.onlinereview.phases.SpecificationSubmissionPhaseHandlerTest" name="testCanPerformWithInvalidStatus" time="1.784" />
  <testcase classname="com.cronos.onlinereview.phases.SpecificationSubmissionPhaseHandlerTest" name="testCanPerformWithInvalidType" time="1.78" />
  <testcase classname="com.cronos.onlinereview.phases.SpecificationSubmissionPhaseHandlerTest" name="testPerformWithNullPhase" time="1.832" />
  <testcase classname="com.cronos.onlinereview.phases.SpecificationSubmissionPhaseHandlerTest" name="testPerformWithInvalidStatus" time="1.811" />
  <testcase classname="com.cronos.onlinereview.phases.SpecificationSubmissionPhaseHandlerTest" name="testPerformWithInvalidType" time="1.833" />
  <testcase classname="com.cronos.onlinereview.phases.SpecificationSubmissionPhaseHandlerTest" name="testPerformWithNullOperator" time="1.804" />
  <testcase classname="com.cronos.onlinereview.phases.SpecificationSubmissionPhaseHandlerTest" name="testPerformWithEmptyOperator" time="1.805" />
  <testcase classname="com.cronos.onlinereview.phases.SpecificationSubmissionPhaseHandlerTest" name="testCanPerformWithScheduled" time="2.73" />
  <testcase classname="com.cronos.onlinereview.phases.SpecificationSubmissionPhaseHandlerTest" name="testPerformWithScheduled" time="9.344" />
  <testcase classname="com.cronos.onlinereview.phases.SpecificationSubmissionPhaseHandlerTest" name="testPerformWithOpen" time="7.763" />
  <testcase classname="com.cronos.onlinereview.phases.SpecificationSubmissionPhaseHandlerTest" name="testConstructor1" time="1.831" />
  <testcase classname="com.cronos.onlinereview.phases.SpecificationSubmissionPhaseHandlerTest" name="testConstructor2" time="2.337" />
  <testcase classname="com.cronos.onlinereview.phases.SpecificationSubmissionPhaseHandlerTest" name="testCanPerformWithScheduled_DependenciesNotMet" time="2.185" />
  <testcase classname="com.cronos.onlinereview.phases.SpecificationSubmissionPhaseHandlerTest" name="testCanPerformWithScheduled_NotFirstPhase" time="2.235" />
  <testcase classname="com.cronos.onlinereview.phases.SpecificationSubmissionPhaseHandlerTest" name="testCanPerformWithScheduled_ParentProjectsNotCompleted" time="2.587" />
  <testcase classname="com.cronos.onlinereview.phases.SpecificationSubmissionPhaseHandlerTest" name="testCanPerformWithOpen_NoSpecificationSubmission" time="2.648" />
  <testcase classname="com.cronos.onlinereview.phases.SpecificationSubmissionPhaseHandlerTest" name="testCanPerformWithOpen_DependenciesNotMet" time="2.176" />
  <testcase classname="com.cronos.onlinereview.phases.SpecificationSubmissionPhaseHandlerTest" name="testCanPerformWithOpen" time="2.644" />
  <testcase classname="com.cronos.onlinereview.phases.SpecificationReviewPhaseHandlerTest" name="testCanPerform" time="1.74" />
  <testcase classname="com.cronos.onlinereview.phases.SpecificationReviewPhaseHandlerTest" name="testCanPerformWithInvalidStatus" time="1.77" />
  <testcase classname="com.cronos.onlinereview.phases.SpecificationReviewPhaseHandlerTest" name="testCanPerformWithInvalidType" time="1.764" />
  <testcase classname="com.cronos.onlinereview.phases.SpecificationReviewPhaseHandlerTest" name="testPerformWithNullPhase" time="1.876" />
  <testcase classname="com.cronos.onlinereview.phases.SpecificationReviewPhaseHandlerTest" name="testPerformWithInvalidStatus" time="1.762" />
  <testcase classname="com.cronos.onlinereview.phases.SpecificationReviewPhaseHandlerTest" name="testPerformWithInvalidType" time="1.788" />
  <testcase classname="com.cronos.onlinereview.phases.SpecificationReviewPhaseHandlerTest" name="testPerformWithNullOperator" time="1.767" />
  <testcase classname="com.cronos.onlinereview.phases.SpecificationReviewPhaseHandlerTest" name="testPerformWithEmptyOperator" time="1.795" />
  <testcase classname="com.cronos.onlinereview.phases.SpecificationReviewPhaseHandlerTest" name="testCanPerformWithScheduled" time="2.615" />
  <testcase classname="com.cronos.onlinereview.phases.SpecificationReviewPhaseHandlerTest" name="testPerformWithScheduled" time="9.915" />
  <testcase classname="com.cronos.onlinereview.phases.SpecificationReviewPhaseHandlerTest" name="testConstructor1" time="1.813" />
  <testcase classname="com.cronos.onlinereview.phases.SpecificationReviewPhaseHandlerTest" name="testConstructor2" time="2.346" />
  <testcase classname="com.cronos.onlinereview.phases.SpecificationReviewPhaseHandlerTest" name="testCanPerformWithScheduled_DependenciesNotMet" time="2.246" />
  <testcase classname="com.cronos.onlinereview.phases.SpecificationReviewPhaseHandlerTest" name="testCanPerformWithOpen" time="3.239" />
  <testcase classname="com.cronos.onlinereview.phases.SpecificationReviewPhaseHandlerTest" name="testCanPerformWithScheduled_NoSubmission" time="2.217" />
  <testcase classname="com.cronos.onlinereview.phases.SpecificationReviewPhaseHandlerTest" name="testCanPerformWithOpen__DependenciesNotMet" time="2.218" />
  <testcase classname="com.cronos.onlinereview.phases.SpecificationReviewPhaseHandlerTest" name="testCanPerformWithOpen__SpecificationSubmissionNotExists" time="2.434" />
  <testcase classname="com.cronos.onlinereview.phases.SpecificationReviewPhaseHandlerTest" name="testCanPerformWithOpen__SpecificationReviewNotExists" time="2.609" />
  <testcase classname="com.cronos.onlinereview.phases.SpecificationReviewPhaseHandlerTest" name="testCanPerformWithOpen_ReviewNotCommitted" time="3.118" />
  <testcase classname="com.cronos.onlinereview.phases.SpecificationReviewPhaseHandlerTest" name="testPerformWithScheduled_ZeroReviewer" time="8.288" />
  <testcase classname="com.cronos.onlinereview.phases.SpecificationReviewPhaseHandlerTest" name="testPerformWithOpen_InvalidCommentExtraInfo" time="3.818" />
  <testcase classname="com.cronos.onlinereview.phases.SpecificationReviewPhaseHandlerTest" name="testPerformWithOpen_NoSpecificationReviewComment" time="3.707" />
  <testcase classname="com.cronos.onlinereview.phases.SpecificationReviewPhaseHandlerTest" name="testPerformWithOpen_NoSubmission" time="3.061" />
  <testcase classname="com.cronos.onlinereview.phases.SpecificationReviewPhaseHandlerTest" name="testPerformWithOpen_NoReview" time="3.495" />
  <testcase classname="com.cronos.onlinereview.phases.SpecificationReviewPhaseHandlerTest" name="testPerformWithOpen_ReviewNotCommitted" time="3.38" />
  <testcase classname="com.cronos.onlinereview.phases.SpecificationReviewPhaseHandlerTest" name="testPerformWithOpen_SpecificationReviewApproved" time="10.24" />
  <testcase classname="com.cronos.onlinereview.phases.SpecificationReviewPhaseHandlerTest" name="testPerformWithOpen_SpecificationReviewRejected" time="12.978" />
  <testcase classname="com.cronos.onlinereview.phases.PhasesHelperTest" name="testArePhaseDependenciesMet1" time="1.575" />
  <testcase classname="com.cronos.onlinereview.phases.PhasesHelperTest" name="testArePhaseDependenciesMet2" time="1.53" />
  <testcase classname="com.cronos.onlinereview.phases.PhasesHelperTest" name="testHasOneSpecificationSubmission1" time="2.146" />
  <testcase classname="com.cronos.onlinereview.phases.PhasesHelperTest" name="testHasOneSpecificationSubmission2" time="2.134" />
  <testcase classname="com.cronos.onlinereview.phases.PhasesHelperTest" name="testHasOneSpecificationSubmission_TwoSubmission" time="2.13" />
  <testcase classname="com.cronos.onlinereview.phases.PhasesHelperTest" name="testSearchSubmissionsForProject" time="2.154" />
  <testcase classname="com.cronos.onlinereview.phases.PhasesHelperTest" name="testGetScreeningTasks" time="2.145" />
  <testcase classname="com.cronos.onlinereview.phases.PhasesHelperTest" name="testSearchActiveSubmissions" time="2.113" />
  <testcase classname="com.cronos.onlinereview.phases.PhasesHelperTest" name="testiIFirstPhase1" time="1.951" />
  <testcase classname="com.cronos.onlinereview.phases.PhasesHelperTest" name="testiIFirstPhase2" time="1.992" />
  <testcase classname="com.cronos.onlinereview.phases.PhasesHelperTest" name="testInsertSpecSubmissionSpecReview" time="3.794" />
  <testcase classname="com.cronos.onlinereview.phases.PhasesHelperTest" name="testAreParentProjectsCompleted1" time="2.4" />
  <testcase classname="com.cronos.onlinereview.phases.PhasesHelperTest" name="testAreParentProjectsCompleted2" time="2.55" />
  <testcase classname="com.cronos.onlinereview.phases.PhasesHelperTest" name="testGetIntegerAttribute_NullValue" time="1.563" />
  <testcase classname="com.cronos.onlinereview.phases.PhasesHelperTest" name="testGetIntegerAttribute_NotInteger" time="1.587" />
  <testcase classname="com.cronos.onlinereview.phases.PhasesHelperTest" name="testGetIntegerProp_NullValue" time="1.59" />
  <testcase classname="com.cronos.onlinereview.phases.PhasesHelperTest" name="testGetIntegerProp_NotInteger" time="1.552" />
  <testcase classname="com.cronos.onlinereview.phases.PhasesHelperTest" name="testGetIntegerProp_NotString" time="1.678" />
  <testcase classname="com.cronos.onlinereview.phases.PhasesHelperTest" name="testGetSubmissionStatus_StatusNotFound" time="1.768" />
  <testcase classname="com.cronos.onlinereview.phases.PhasesHelperTest" name="testGetPhaseType_TypeNotFound" time="1.688" />
  <testcase classname="com.cronos.onlinereview.phases.PhasesHelperTest" name="testGetPhaseStatus_StatusNotFound" time="1.543" />
  <testcase classname="com.cronos.onlinereview.phases.PhasesHelperTest" name="testGetUploadStatus_StatusNotFound" time="1.783" />
  <testcase classname="com.cronos.onlinereview.phases.PhasesHelperTest" name="testGetCommentType_TypeNotFound" time="1.647" />
  <testcase classname="com.cronos.onlinereview.phases.DemoTest" name="testDemo" time="24.003" />
  <testcase classname="com.cronos.onlinereview.phases.DemoTest" name="testDemoV14_SpecificationSubmission" time="15.921" />
  <testcase classname="com.cronos.onlinereview.phases.DemoTest" name="testDemoV14_SpecificationReview" time="17.206" />
  <system-out><![CDATA[:->>> INFO :- [EmailEngine.java:379] - Getting configuration for Email Engine...
:->>> INFO :- [EmailEngine.java:486] - Adding message headers...
:->>> INFO :- [EmailEngine.java:379] - Getting configuration for Email Engine...
:->>> INFO :- [EmailEngine.java:486] - Adding message headers...
:->>> INFO :- [EmailEngine.java:379] - Getting configuration for Email Engine...
:->>> INFO :- [EmailEngine.java:486] - Adding message headers...
:->>> INFO :- [EmailEngine.java:379] - Getting configuration for Email Engine...
:->>> INFO :- [EmailEngine.java:486] - Adding message headers...
:->>> INFO :- [EmailEngine.java:379] - Getting configuration for Email Engine...
:->>> INFO :- [EmailEngine.java:486] - Adding message headers...
:->>> INFO :- [EmailEngine.java:379] - Getting configuration for Email Engine...
:->>> INFO :- [EmailEngine.java:486] - Adding message headers...
:->>> INFO :- [EmailEngine.java:379] - Getting configuration for Email Engine...
:->>> INFO :- [EmailEngine.java:486] - Adding message headers...
:->>> INFO :- [EmailEngine.java:379] - Getting configuration for Email Engine...
:->>> INFO :- [EmailEngine.java:486] - Adding message headers...
:->>> INFO :- [EmailEngine.java:379] - Getting configuration for Email Engine...
:->>> INFO :- [EmailEngine.java:486] - Adding message headers...
:->>> INFO :- [EmailEngine.java:379] - Getting configuration for Email Engine...
:->>> INFO :- [EmailEngine.java:486] - Adding message headers...
:->>> INFO :- [EmailEngine.java:379] - Getting configuration for Email Engine...
:->>> INFO :- [EmailEngine.java:486] - Adding message headers...
:->>> INFO :- [EmailEngine.java:379] - Getting configuration for Email Engine...
:->>> INFO :- [EmailEngine.java:486] - Adding message headers...
:->>> INFO :- [EmailEngine.java:379] - Getting configuration for Email Engine...
:->>> INFO :- [EmailEngine.java:486] - Adding message headers...
:->>> INFO :- [EmailEngine.java:379] - Getting configuration for Email Engine...
:->>> INFO :- [EmailEngine.java:486] - Adding message headers...
:->>> INFO :- [EmailEngine.java:379] - Getting configuration for Email Engine...
:->>> INFO :- [EmailEngine.java:486] - Adding message headers...
:->>> INFO :- [EmailEngine.java:379] - Getting configuration for Email Engine...
:->>> INFO :- [EmailEngine.java:486] - Adding message headers...
:->>> INFO :- [EmailEngine.java:379] - Getting configuration for Email Engine...
:->>> INFO :- [EmailEngine.java:486] - Adding message headers...
:->>> INFO :- [EmailEngine.java:379] - Getting configuration for Email Engine...
:->>> INFO :- [EmailEngine.java:486] - Adding message headers...
:->>> INFO :- [EmailEngine.java:379] - Getting configuration for Email Engine...
:->>> INFO :- [EmailEngine.java:486] - Adding message headers...
:->>> INFO :- [EmailEngine.java:379] - Getting configuration for Email Engine...
:->>> INFO :- [EmailEngine.java:486] - Adding message headers...
:->>> INFO :- [EmailEngine.java:379] - Getting configuration for Email Engine...
:->>> INFO :- [EmailEngine.java:486] - Adding message headers...
:->>> INFO :- [EmailEngine.java:379] - Getting configuration for Email Engine...
:->>> INFO :- [EmailEngine.java:486] - Adding message headers...
:->>> INFO :- [EmailEngine.java:379] - Getting configuration for Email Engine...
:->>> INFO :- [EmailEngine.java:486] - Adding message headers...
:->>> INFO :- [EmailEngine.java:379] - Getting configuration for Email Engine...
:->>> INFO :- [EmailEngine.java:486] - Adding message headers...
:->>> INFO :- [EmailEngine.java:379] - Getting configuration for Email Engine...
:->>> INFO :- [EmailEngine.java:486] - Adding message headers...
:->>> INFO :- [EmailEngine.java:379] - Getting configuration for Email Engine...
:->>> INFO :- [EmailEngine.java:486] - Adding message headers...
:->>> INFO :- [EmailEngine.java:379] - Getting configuration for Email Engine...
:->>> INFO :- [EmailEngine.java:486] - Adding message headers...
:->>> INFO :- [EmailEngine.java:379] - Getting configuration for Email Engine...
:->>> INFO :- [EmailEngine.java:486] - Adding message headers...
:->>> INFO :- [EmailEngine.java:379] - Getting configuration for Email Engine...
:->>> INFO :- [EmailEngine.java:486] - Adding message headers...
:->>> INFO :- [EmailEngine.java:379] - Getting configuration for Email Engine...
:->>> INFO :- [EmailEngine.java:486] - Adding message headers...
:->>> INFO :- [EmailEngine.java:379] - Getting configuration for Email Engine...
:->>> INFO :- [EmailEngine.java:486] - Adding message headers...
:->>> INFO :- [EmailEngine.java:379] - Getting configuration for Email Engine...
:->>> INFO :- [EmailEngine.java:486] - Adding message headers...
:->>> INFO :- [EmailEngine.java:379] - Getting configuration for Email Engine...
:->>> INFO :- [EmailEngine.java:486] - Adding message headers...
:->>> INFO :- [EmailEngine.java:379] - Getting configuration for Email Engine...
:->>> INFO :- [EmailEngine.java:486] - Adding message headers...
:->>> INFO :- [EmailEngine.java:379] - Getting configuration for Email Engine...
:->>> INFO :- [EmailEngine.java:486] - Adding message headers...
:->>> INFO :- [EmailEngine.java:379] - Getting configuration for Email Engine...
:->>> INFO :- [EmailEngine.java:486] - Adding message headers...
:->>> INFO :- [EmailEngine.java:379] - Getting configuration for Email Engine...
:->>> INFO :- [EmailEngine.java:486] - Adding message headers...
:->>> INFO :- [EmailEngine.java:379] - Getting configuration for Email Engine...
:->>> INFO :- [EmailEngine.java:486] - Adding message headers...
:->>> INFO :- [EmailEngine.java:379] - Getting configuration for Email Engine...
:->>> INFO :- [EmailEngine.java:486] - Adding message headers...
:->>> INFO :- [EmailEngine.java:379] - Getting configuration for Email Engine...
:->>> INFO :- [EmailEngine.java:486] - Adding message headers...
:->>> INFO :- [EmailEngine.java:379] - Getting configuration for Email Engine...
:->>> INFO :- [EmailEngine.java:486] - Adding message headers...
:->>> INFO :- [EmailEngine.java:379] - Getting configuration for Email Engine...
:->>> INFO :- [EmailEngine.java:486] - Adding message headers...
:->>> INFO :- [EmailEngine.java:379] - Getting configuration for Email Engine...
:->>> INFO :- [EmailEngine.java:486] - Adding message headers...
:->>> INFO :- [EmailEngine.java:379] - Getting configuration for Email Engine...
:->>> INFO :- [EmailEngine.java:486] - Adding message headers...
:->>> INFO :- [EmailEngine.java:379] - Getting configuration for Email Engine...
:->>> INFO :- [EmailEngine.java:486] - Adding message headers...
:->>> INFO :- [EmailEngine.java:379] - Getting configuration for Email Engine...
:->>> INFO :- [EmailEngine.java:486] - Adding message headers...
:->>> INFO :- [EmailEngine.java:379] - Getting configuration for Email Engine...
:->>> INFO :- [EmailEngine.java:486] - Adding message headers...
:->>> INFO :- [EmailEngine.java:379] - Getting configuration for Email Engine...
:->>> INFO :- [EmailEngine.java:486] - Adding message headers...
:->>> INFO :- [EmailEngine.java:379] - Getting configuration for Email Engine...
:->>> INFO :- [EmailEngine.java:486] - Adding message headers...
:->>> INFO :- [EmailEngine.java:379] - Getting configuration for Email Engine...
:->>> INFO :- [EmailEngine.java:486] - Adding message headers...
:->>> INFO :- [EmailEngine.java:379] - Getting configuration for Email Engine...
:->>> INFO :- [EmailEngine.java:486] - Adding message headers...
:->>> INFO :- [EmailEngine.java:379] - Getting configuration for Email Engine...
:->>> INFO :- [EmailEngine.java:486] - Adding message headers...
:->>> INFO :- [EmailEngine.java:379] - Getting configuration for Email Engine...
:->>> INFO :- [EmailEngine.java:486] - Adding message headers...
:->>> INFO :- [EmailEngine.java:379] - Getting configuration for Email Engine...
:->>> INFO :- [EmailEngine.java:486] - Adding message headers...
:->>> INFO :- [EmailEngine.java:379] - Getting configuration for Email Engine...
:->>> INFO :- [EmailEngine.java:486] - Adding message headers...
:->>> INFO :- [EmailEngine.java:379] - Getting configuration for Email Engine...
:->>> INFO :- [EmailEngine.java:486] - Adding message headers...
:->>> INFO :- [EmailEngine.java:379] - Getting configuration for Email Engine...
:->>> INFO :- [EmailEngine.java:486] - Adding message headers...
:->>> INFO :- [EmailEngine.java:379] - Getting configuration for Email Engine...
:->>> INFO :- [EmailEngine.java:486] - Adding message headers...
:->>> INFO :- [EmailEngine.java:379] - Getting configuration for Email Engine...
:->>> INFO :- [EmailEngine.java:486] - Adding message headers...
:->>> INFO :- [EmailEngine.java:379] - Getting configuration for Email Engine...
:->>> INFO :- [EmailEngine.java:486] - Adding message headers...
:->>> INFO :- [EmailEngine.java:379] - Getting configuration for Email Engine...
:->>> INFO :- [EmailEngine.java:486] - Adding message headers...
:->>> INFO :- [EmailEngine.java:379] - Getting configuration for Email Engine...
:->>> INFO :- [EmailEngine.java:486] - Adding message headers...
:->>> INFO :- [EmailEngine.java:379] - Getting configuration for Email Engine...
:->>> INFO :- [EmailEngine.java:486] - Adding message headers...
:->>> INFO :- [EmailEngine.java:379] - Getting configuration for Email Engine...
:->>> INFO :- [EmailEngine.java:486] - Adding message headers...
:->>> INFO :- [EmailEngine.java:379] - Getting configuration for Email Engine...
:->>> INFO :- [EmailEngine.java:486] - Adding message headers...
:->>> INFO :- [EmailEngine.java:379] - Getting configuration for Email Engine...
:->>> INFO :- [EmailEngine.java:486] - Adding message headers...
:->>> INFO :- [EmailEngine.java:379] - Getting configuration for Email Engine...
:->>> INFO :- [EmailEngine.java:486] - Adding message headers...
:->>> INFO :- [EmailEngine.java:379] - Getting configuration for Email Engine...
:->>> INFO :- [EmailEngine.java:486] - Adding message headers...
:->>> INFO :- [EmailEngine.java:379] - Getting configuration for Email Engine...
:->>> INFO :- [EmailEngine.java:486] - Adding message headers...
:->>> INFO :- [EmailEngine.java:379] - Getting configuration for Email Engine...
:->>> INFO :- [EmailEngine.java:486] - Adding message headers...
:->>> INFO :- [EmailEngine.java:379] - Getting configuration for Email Engine...
:->>> INFO :- [EmailEngine.java:486] - Adding message headers...
:->>> INFO :- [EmailEngine.java:379] - Getting configuration for Email Engine...
:->>> INFO :- [EmailEngine.java:486] - Adding message headers...
:->>> INFO :- [EmailEngine.java:379] - Getting configuration for Email Engine...
:->>> INFO :- [EmailEngine.java:486] - Adding message headers...
:->>> INFO :- [EmailEngine.java:379] - Getting configuration for Email Engine...
:->>> INFO :- [EmailEngine.java:486] - Adding message headers...
:->>> INFO :- [EmailEngine.java:379] - Getting configuration for Email Engine...
:->>> INFO :- [EmailEngine.java:486] - Adding message headers...
:->>> INFO :- [EmailEngine.java:379] - Getting configuration for Email Engine...
:->>> INFO :- [EmailEngine.java:486] - Adding message headers...
:->>> INFO :- [EmailEngine.java:379] - Getting configuration for Email Engine...
:->>> INFO :- [EmailEngine.java:486] - Adding message headers...
:->>> INFO :- [EmailEngine.java:379] - Getting configuration for Email Engine...
:->>> INFO :- [EmailEngine.java:486] - Adding message headers...
:->>> INFO :- [EmailEngine.java:379] - Getting configuration for Email Engine...
:->>> INFO :- [EmailEngine.java:486] - Adding message headers...
:->>> INFO :- [EmailEngine.java:379] - Getting configuration for Email Engine...
:->>> INFO :- [EmailEngine.java:486] - Adding message headers...
:->>> INFO :- [EmailEngine.java:379] - Getting configuration for Email Engine...
:->>> INFO :- [EmailEngine.java:486] - Adding message headers...
:->>> INFO :- [EmailEngine.java:379] - Getting configuration for Email Engine...
:->>> INFO :- [EmailEngine.java:486] - Adding message headers...
:->>> INFO :- [EmailEngine.java:379] - Getting configuration for Email Engine...
:->>> INFO :- [EmailEngine.java:486] - Adding message headers...
:->>> INFO :- [EmailEngine.java:379] - Getting configuration for Email Engine...
:->>> INFO :- [EmailEngine.java:486] - Adding message headers...
:->>> INFO :- [EmailEngine.java:379] - Getting configuration for Email Engine...
:->>> INFO :- [EmailEngine.java:486] - Adding message headers...
:->>> INFO :- [EmailEngine.java:379] - Getting configuration for Email Engine...
:->>> INFO :- [EmailEngine.java:486] - Adding message headers...
:->>> INFO :- [EmailEngine.java:379] - Getting configuration for Email Engine...
:->>> INFO :- [EmailEngine.java:486] - Adding message headers...
:->>> INFO :- [EmailEngine.java:379] - Getting configuration for Email Engine...
:->>> INFO :- [EmailEngine.java:486] - Adding message headers...
:->>> INFO :- [EmailEngine.java:379] - Getting configuration for Email Engine...
:->>> INFO :- [EmailEngine.java:486] - Adding message headers...
:->>> INFO :- [EmailEngine.java:379] - Getting configuration for Email Engine...
:->>> INFO :- [EmailEngine.java:486] - Adding message headers...
:->>> INFO :- [EmailEngine.java:379] - Getting configuration for Email Engine...
:->>> INFO :- [EmailEngine.java:486] - Adding message headers...
:->>> INFO :- [EmailEngine.java:379] - Getting configuration for Email Engine...
:->>> INFO :- [EmailEngine.java:486] - Adding message headers...
:->>> INFO :- [EmailEngine.java:379] - Getting configuration for Email Engine...
:->>> INFO :- [EmailEngine.java:486] - Adding message headers...
:->>> INFO :- [EmailEngine.java:379] - Getting configuration for Email Engine...
:->>> INFO :- [EmailEngine.java:486] - Adding message headers...
:->>> INFO :- [EmailEngine.java:379] - Getting configuration for Email Engine...
:->>> INFO :- [EmailEngine.java:486] - Adding message headers...
:->>> INFO :- [EmailEngine.java:379] - Getting configuration for Email Engine...
:->>> INFO :- [EmailEngine.java:486] - Adding message headers...
:->>> INFO :- [EmailEngine.java:379] - Getting configuration for Email Engine...
:->>> INFO :- [EmailEngine.java:486] - Adding message headers...
:->>> INFO :- [EmailEngine.java:379] - Getting configuration for Email Engine...
:->>> INFO :- [EmailEngine.java:486] - Adding message headers...
:->>> INFO :- [EmailEngine.java:379] - Getting configuration for Email Engine...
:->>> INFO :- [EmailEngine.java:486] - Adding message headers...
:->>> INFO :- [EmailEngine.java:379] - Getting configuration for Email Engine...
:->>> INFO :- [EmailEngine.java:486] - Adding message headers...
:->>> INFO :- [EmailEngine.java:379] - Getting configuration for Email Engine...
:->>> INFO :- [EmailEngine.java:486] - Adding message headers...
:->>> INFO :- [EmailEngine.java:379] - Getting configuration for Email Engine...
:->>> INFO :- [EmailEngine.java:486] - Adding message headers...
:->>> INFO :- [EmailEngine.java:379] - Getting configuration for Email Engine...
:->>> INFO :- [EmailEngine.java:486] - Adding message headers...
:->>> INFO :- [EmailEngine.java:379] - Getting configuration for Email Engine...
:->>> INFO :- [EmailEngine.java:486] - Adding message headers...
:->>> INFO :- [EmailEngine.java:379] - Getting configuration for Email Engine...
:->>> INFO :- [EmailEngine.java:486] - Adding message headers...
:->>> INFO :- [EmailEngine.java:379] - Getting configuration for Email Engine...
:->>> INFO :- [EmailEngine.java:486] - Adding message headers...
:->>> INFO :- [EmailEngine.java:379] - Getting configuration for Email Engine...
:->>> INFO :- [EmailEngine.java:486] - Adding message headers...
:->>> INFO :- [EmailEngine.java:379] - Getting configuration for Email Engine...
:->>> INFO :- [EmailEngine.java:486] - Adding message headers...
:->>> INFO :- [EmailEngine.java:379] - Getting configuration for Email Engine...
:->>> INFO :- [EmailEngine.java:486] - Adding message headers...
:->>> INFO :- [EmailEngine.java:379] - Getting configuration for Email Engine...
:->>> INFO :- [EmailEngine.java:486] - Adding message headers...
:->>> INFO :- [EmailEngine.java:379] - Getting configuration for Email Engine...
:->>> INFO :- [EmailEngine.java:486] - Adding message headers...
:->>> INFO :- [EmailEngine.java:379] - Getting configuration for Email Engine...
:->>> INFO :- [EmailEngine.java:486] - Adding message headers...
:->>> INFO :- [EmailEngine.java:379] - Getting configuration for Email Engine...
:->>> INFO :- [EmailEngine.java:486] - Adding message headers...
:->>> INFO :- [EmailEngine.java:379] - Getting configuration for Email Engine...
:->>> INFO :- [EmailEngine.java:486] - Adding message headers...
:->>> INFO :- [EmailEngine.java:379] - Getting configuration for Email Engine...
:->>> INFO :- [EmailEngine.java:486] - Adding message headers...
:->>> INFO :- [EmailEngine.java:379] - Getting configuration for Email Engine...
:->>> INFO :- [EmailEngine.java:486] - Adding message headers...
:->>> INFO :- [EmailEngine.java:379] - Getting configuration for Email Engine...
:->>> INFO :- [EmailEngine.java:486] - Adding message headers...
:->>> INFO :- [EmailEngine.java:379] - Getting configuration for Email Engine...
:->>> INFO :- [EmailEngine.java:486] - Adding message headers...
:->>> INFO :- [EmailEngine.java:379] - Getting configuration for Email Engine...
:->>> INFO :- [EmailEngine.java:486] - Adding message headers...
:->>> INFO :- [EmailEngine.java:379] - Getting configuration for Email Engine...
:->>> INFO :- [EmailEngine.java:486] - Adding message headers...
:->>> INFO :- [EmailEngine.java:379] - Getting configuration for Email Engine...
:->>> INFO :- [EmailEngine.java:486] - Adding message headers...
:->>> INFO :- [EmailEngine.java:379] - Getting configuration for Email Engine...
:->>> INFO :- [EmailEngine.java:486] - Adding message headers...
:->>> INFO :- [EmailEngine.java:379] - Getting configuration for Email Engine...
:->>> INFO :- [EmailEngine.java:486] - Adding message headers...
:->>> INFO :- [EmailEngine.java:379] - Getting configuration for Email Engine...
:->>> INFO :- [EmailEngine.java:486] - Adding message headers...
:->>> INFO :- [EmailEngine.java:379] - Getting configuration for Email Engine...
:->>> INFO :- [EmailEngine.java:486] - Adding message headers...
:->>> INFO :- [EmailEngine.java:379] - Getting configuration for Email Engine...
:->>> INFO :- [EmailEngine.java:486] - Adding message headers...
:->>> INFO :- [EmailEngine.java:379] - Getting configuration for Email Engine...
:->>> INFO :- [EmailEngine.java:486] - Adding message headers...
:->>> INFO :- [EmailEngine.java:379] - Getting configuration for Email Engine...
:->>> INFO :- [EmailEngine.java:486] - Adding message headers...
:->>> INFO :- [EmailEngine.java:379] - Getting configuration for Email Engine...
:->>> INFO :- [EmailEngine.java:486] - Adding message headers...
:->>> INFO :- [EmailEngine.java:379] - Getting configuration for Email Engine...
:->>> INFO :- [EmailEngine.java:486] - Adding message headers...
:->>> INFO :- [EmailEngine.java:379] - Getting configuration for Email Engine...
:->>> INFO :- [EmailEngine.java:486] - Adding message headers...
:->>> INFO :- [EmailEngine.java:379] - Getting configuration for Email Engine...
:->>> INFO :- [EmailEngine.java:486] - Adding message headers...
:->>> INFO :- [EmailEngine.java:379] - Getting configuration for Email Engine...
:->>> INFO :- [EmailEngine.java:486] - Adding message headers...
104
:->>> INFO :- [EmailEngine.java:379] - Getting configuration for Email Engine...
:->>> INFO :- [EmailEngine.java:486] - Adding message headers...
:->>> INFO :- [EmailEngine.java:379] - Getting configuration for Email Engine...
:->>> INFO :- [EmailEngine.java:486] - Adding message headers...
:->>> INFO :- [EmailEngine.java:379] - Getting configuration for Email Engine...
:->>> INFO :- [EmailEngine.java:486] - Adding message headers...
:->>> INFO :- [EmailEngine.java:379] - Getting configuration for Email Engine...
:->>> INFO :- [EmailEngine.java:486] - Adding message headers...
:->>> INFO :- [EmailEngine.java:379] - Getting configuration for Email Engine...
:->>> INFO :- [EmailEngine.java:486] - Adding message headers...
:->>> INFO :- [EmailEngine.java:379] - Getting configuration for Email Engine...
:->>> INFO :- [EmailEngine.java:486] - Adding message headers...
:->>> INFO :- [EmailEngine.java:379] - Getting configuration for Email Engine...
:->>> INFO :- [EmailEngine.java:486] - Adding message headers...
:->>> INFO :- [EmailEngine.java:379] - Getting configuration for Email Engine...
:->>> INFO :- [EmailEngine.java:486] - Adding message headers...
:->>> INFO :- [EmailEngine.java:379] - Getting configuration for Email Engine...
:->>> INFO :- [EmailEngine.java:486] - Adding message headers...
:->>> INFO :- [EmailEngine.java:379] - Getting configuration for Email Engine...
:->>> INFO :- [EmailEngine.java:486] - Adding message headers...
:->>> INFO :- [EmailEngine.java:379] - Getting configuration for Email Engine...
:->>> INFO :- [EmailEngine.java:486] - Adding message headers...
:->>> INFO :- [EmailEngine.java:379] - Getting configuration for Email Engine...
:->>> INFO :- [EmailEngine.java:486] - Adding message headers...
:->>> INFO :- [EmailEngine.java:379] - Getting configuration for Email Engine...
:->>> INFO :- [EmailEngine.java:486] - Adding message headers...
:->>> INFO :- [EmailEngine.java:379] - Getting configuration for Email Engine...
:->>> INFO :- [EmailEngine.java:486] - Adding message headers...
:->>> INFO :- [EmailEngine.java:379] - Getting configuration for Email Engine...
:->>> INFO :- [EmailEngine.java:486] - Adding message headers...
:->>> INFO :- [EmailEngine.java:379] - Getting configuration for Email Engine...
:->>> INFO :- [EmailEngine.java:486] - Adding message headers...
:->>> INFO :- [EmailEngine.java:379] - Getting configuration for Email Engine...
:->>> INFO :- [EmailEngine.java:486] - Adding message headers...
:->>> INFO :- [EmailEngine.java:379] - Getting configuration for Email Engine...
:->>> INFO :- [EmailEngine.java:486] - Adding message headers...
:->>> INFO :- [EmailEngine.java:379] - Getting configuration for Email Engine...
:->>> INFO :- [EmailEngine.java:486] - Adding message headers...
:->>> INFO :- [EmailEngine.java:379] - Getting configuration for Email Engine...
:->>> INFO :- [EmailEngine.java:486] - Adding message headers...
:->>> INFO :- [EmailEngine.java:379] - Getting configuration for Email Engine...
:->>> INFO :- [EmailEngine.java:486] - Adding message headers...
:->>> INFO :- [EmailEngine.java:379] - Getting configuration for Email Engine...
:->>> INFO :- [EmailEngine.java:486] - Adding message headers...
:->>> INFO :- [EmailEngine.java:379] - Getting configuration for Email Engine...
:->>> INFO :- [EmailEngine.java:486] - Adding message headers...
:->>> INFO :- [EmailEngine.java:379] - Getting configuration for Email Engine...
:->>> INFO :- [EmailEngine.java:486] - Adding message headers...
:->>> INFO :- [EmailEngine.java:379] - Getting configuration for Email Engine...
:->>> INFO :- [EmailEngine.java:486] - Adding message headers...
:->>> INFO :- [EmailEngine.java:379] - Getting configuration for Email Engine...
:->>> INFO :- [EmailEngine.java:486] - Adding message headers...
:->>> INFO :- [EmailEngine.java:379] - Getting configuration for Email Engine...
:->>> INFO :- [EmailEngine.java:486] - Adding message headers...
:->>> INFO :- [EmailEngine.java:379] - Getting configuration for Email Engine...
:->>> INFO :- [EmailEngine.java:486] - Adding message headers...
:->>> INFO :- [EmailEngine.java:379] - Getting configuration for Email Engine...
:->>> INFO :- [EmailEngine.java:486] - Adding message headers...
:->>> INFO :- [EmailEngine.java:379] - Getting configuration for Email Engine...
:->>> INFO :- [EmailEngine.java:486] - Adding message headers...
:->>> INFO :- [EmailEngine.java:379] - Getting configuration for Email Engine...
:->>> INFO :- [EmailEngine.java:486] - Adding message headers...
:->>> INFO :- [EmailEngine.java:379] - Getting configuration for Email Engine...
:->>> INFO :- [EmailEngine.java:486] - Adding message headers...
:->>> INFO :- [EmailEngine.java:379] - Getting configuration for Email Engine...
:->>> INFO :- [EmailEngine.java:486] - Adding message headers...
:->>> INFO :- [EmailEngine.java:379] - Getting configuration for Email Engine...
:->>> INFO :- [EmailEngine.java:486] - Adding message headers...
:->>> INFO :- [EmailEngine.java:379] - Getting configuration for Email Engine...
:->>> INFO :- [EmailEngine.java:486] - Adding message headers...
:->>> INFO :- [EmailEngine.java:379] - Getting configuration for Email Engine...
:->>> INFO :- [EmailEngine.java:486] - Adding message headers...
:->>> INFO :- [EmailEngine.java:379] - Getting configuration for Email Engine...
:->>> INFO :- [EmailEngine.java:486] - Adding message headers...
:->>> INFO :- [EmailEngine.java:379] - Getting configuration for Email Engine...
:->>> INFO :- [EmailEngine.java:486] - Adding message headers...
:->>> INFO :- [EmailEngine.java:379] - Getting configuration for Email Engine...
:->>> INFO :- [EmailEngine.java:486] - Adding message headers...
:->>> INFO :- [EmailEngine.java:379] - Getting configuration for Email Engine...
:->>> INFO :- [EmailEngine.java:486] - Adding message headers...
:->>> INFO :- [EmailEngine.java:379] - Getting configuration for Email Engine...
:->>> INFO :- [EmailEngine.java:486] - Adding message headers...
:->>> INFO :- [EmailEngine.java:379] - Getting configuration for Email Engine...
:->>> INFO :- [EmailEngine.java:486] - Adding message headers...
:->>> INFO :- [EmailEngine.java:379] - Getting configuration for Email Engine...
:->>> INFO :- [EmailEngine.java:486] - Adding message headers...
:->>> INFO :- [EmailEngine.java:379] - Getting configuration for Email Engine...
:->>> INFO :- [EmailEngine.java:486] - Adding message headers...
:->>> INFO :- [EmailEngine.java:379] - Getting configuration for Email Engine...
:->>> INFO :- [EmailEngine.java:486] - Adding message headers...
:->>> INFO :- [EmailEngine.java:379] - Getting configuration for Email Engine...
:->>> INFO :- [EmailEngine.java:486] - Adding message headers...
:->>> INFO :- [EmailEngine.java:379] - Getting configuration for Email Engine...
:->>> INFO :- [EmailEngine.java:486] - Adding message headers...
:->>> ERROR:- [LoggerLog4j127.java:36] - java.util.MissingResourceException: Can't find bundle for base name DBMS, locale en_US
:->>> INFO :- [EmailEngine.java:379] - Getting configuration for Email Engine...
:->>> INFO :- [EmailEngine.java:486] - Adding message headers...
:->>> INFO :- [EmailEngine.java:379] - Getting configuration for Email Engine...
:->>> INFO :- [EmailEngine.java:486] - Adding message headers...
:->>> INFO :- [EmailEngine.java:379] - Getting configuration for Email Engine...
:->>> INFO :- [EmailEngine.java:486] - Adding message headers...
:->>> INFO :- [EmailEngine.java:379] - Getting configuration for Email Engine...
:->>> INFO :- [EmailEngine.java:486] - Adding message headers...
:->>> INFO :- [EmailEngine.java:379] - Getting configuration for Email Engine...
:->>> INFO :- [EmailEngine.java:486] - Adding message headers...
:->>> INFO :- [EmailEngine.java:379] - Getting configuration for Email Engine...
:->>> INFO :- [EmailEngine.java:486] - Adding message headers...
:->>> INFO :- [EmailEngine.java:379] - Getting configuration for Email Engine...
:->>> INFO :- [EmailEngine.java:486] - Adding message headers...
:->>> INFO :- [EmailEngine.java:379] - Getting configuration for Email Engine...
:->>> INFO :- [EmailEngine.java:486] - Adding message headers...
:->>> INFO :- [EmailEngine.java:379] - Getting configuration for Email Engine...
:->>> INFO :- [EmailEngine.java:486] - Adding message headers...
:->>> INFO :- [EmailEngine.java:379] - Getting configuration for Email Engine...
:->>> INFO :- [EmailEngine.java:486] - Adding message headers...
:->>> INFO :- [EmailEngine.java:379] - Getting configuration for Email Engine...
:->>> INFO :- [EmailEngine.java:486] - Adding message headers...
:->>> INFO :- [EmailEngine.java:379] - Getting configuration for Email Engine...
:->>> INFO :- [EmailEngine.java:486] - Adding message headers...
:->>> INFO :- [EmailEngine.java:379] - Getting configuration for Email Engine...
:->>> INFO :- [EmailEngine.java:486] - Adding message headers...
:->>> INFO :- [EmailEngine.java:379] - Getting configuration for Email Engine...
:->>> INFO :- [EmailEngine.java:486] - Adding message headers...
:->>> INFO :- [EmailEngine.java:379] - Getting configuration for Email Engine...
:->>> INFO :- [EmailEngine.java:486] - Adding message headers...
:->>> INFO :- [EmailEngine.java:379] - Getting configuration for Email Engine...
:->>> INFO :- [EmailEngine.java:486] - Adding message headers...
:->>> INFO :- [EmailEngine.java:379] - Getting configuration for Email Engine...
:->>> INFO :- [EmailEngine.java:486] - Adding message headers...
:->>> INFO :- [EmailEngine.java:379] - Getting configuration for Email Engine...
:->>> INFO :- [EmailEngine.java:486] - Adding message headers...
:->>> INFO :- [EmailEngine.java:379] - Getting configuration for Email Engine...
:->>> INFO :- [EmailEngine.java:486] - Adding message headers...
:->>> INFO :- [EmailEngine.java:379] - Getting configuration for Email Engine...
:->>> INFO :- [EmailEngine.java:486] - Adding message headers...
:->>> INFO :- [EmailEngine.java:379] - Getting configuration for Email Engine...
:->>> INFO :- [EmailEngine.java:486] - Adding message headers...
:->>> INFO :- [EmailEngine.java:379] - Getting configuration for Email Engine...
:->>> INFO :- [EmailEngine.java:486] - Adding message headers...
:->>> INFO :- [EmailEngine.java:379] - Getting configuration for Email Engine...
:->>> INFO :- [EmailEngine.java:486] - Adding message headers...
:->>> INFO :- [EmailEngine.java:379] - Getting configuration for Email Engine...
:->>> INFO :- [EmailEngine.java:486] - Adding message headers...
:->>> INFO :- [EmailEngine.java:379] - Getting configuration for Email Engine...
:->>> INFO :- [EmailEngine.java:486] - Adding message headers...
:->>> INFO :- [EmailEngine.java:379] - Getting configuration for Email Engine...
:->>> INFO :- [EmailEngine.java:486] - Adding message headers...
:->>> INFO :- [EmailEngine.java:379] - Getting configuration for Email Engine...
:->>> INFO :- [EmailEngine.java:486] - Adding message headers...
:->>> INFO :- [EmailEngine.java:379] - Getting configuration for Email Engine...
:->>> INFO :- [EmailEngine.java:486] - Adding message headers...
]]></system-out>
  <system-err><![CDATA[Read propery[ConnectionFactoryNS] which is  required  with value[com.topcoder.db.connectionfactory.DBConnectionFactoryImpl] from namespace [com.topcoder.management.project.persistence.InformixProjectPersistence].
Read propery[ConnectionName] which is  optional  with value[informix_connection] from namespace [com.topcoder.management.project.persistence.InformixProjectPersistence].
Read propery[ProjectIdSequenceName] which is  optional  with value[project_id_seq] from namespace [com.topcoder.management.project.persistence.InformixProjectPersistence].
Read propery[ProjectAuditIdSequenceName] which is  optional  with value[project_audit_id_seq] from namespace [com.topcoder.management.project.persistence.InformixProjectPersistence].
Read propery[ConnectionFactoryNS] which is  required  with value[com.topcoder.db.connectionfactory.DBConnectionFactoryImpl] from namespace [com.topcoder.management.project.persistence.link.ProjectLinkManagerImpl].
Read propery[ConnectionName] which is  optional  with value[informix_connection] from namespace [com.topcoder.management.project.persistence.link.ProjectLinkManagerImpl].
read property ConnectionFactoryNS[com.topcoder.db.connectionfactory.DBConnectionFactoryImpl] from the namespace :com.topcoder.management.scorecard.persistence.InformixScorecardPersistence
read property ConnectionName[informix_connection] from the namespace :com.topcoder.management.scorecard.persistence.InformixScorecardPersistence
create IDGenerator instance with the idGenerator name:scorecard_id_seq
create IDGenerator instance with the idGenerator name:scorecard_group_id_seq
create IDGenerator instance with the idGenerator name:scorecard_section_id_seq
create IDGenerator instance with the idGenerator name:scorecard_question_id_seq
Instantiate SqlUploadPersistence with connectionFactory and connectioName:informix_connection
Instantiate PersistenceUploadManager with UploadPersistence, uploadSearchBundle, submissionSearchBundle, uploadIdGenerator, uploadTypeIdGenerator, uploadStatusIdGenerator, submissionIDGenerator, submissionStatusIdGenerator and submissionTypeIdGenerator.
Instantiate AbstractResourcePersistence with connectionFactory and connectionName[informix_connection].
Read propery[ConnectionFactoryNS] which is  required  with value[com.topcoder.db.connectionfactory.DBConnectionFactoryImpl] from namespace [com.topcoder.management.project.persistence.InformixProjectPersistence].
Read propery[ConnectionName] which is  optional  with value[informix_connection] from namespace [com.topcoder.management.project.persistence.InformixProjectPersistence].
Read propery[ProjectIdSequenceName] which is  optional  with value[project_id_seq] from namespace [com.topcoder.management.project.persistence.InformixProjectPersistence].
Read propery[ProjectAuditIdSequenceName] which is  optional  with value[project_audit_id_seq] from namespace [com.topcoder.management.project.persistence.InformixProjectPersistence].
Read propery[ConnectionFactoryNS] which is  required  with value[com.topcoder.db.connectionfactory.DBConnectionFactoryImpl] from namespace [com.topcoder.management.project.persistence.link.ProjectLinkManagerImpl].
Read propery[ConnectionName] which is  optional  with value[informix_connection] from namespace [com.topcoder.management.project.persistence.link.ProjectLinkManagerImpl].
read property ConnectionFactoryNS[com.topcoder.db.connectionfactory.DBConnectionFactoryImpl] from the namespace :com.topcoder.management.scorecard.persistence.InformixScorecardPersistence
read property ConnectionName[informix_connection] from the namespace :com.topcoder.management.scorecard.persistence.InformixScorecardPersistence
Instantiate SqlUploadPersistence with connectionFactory and connectioName:informix_connection
Instantiate PersistenceUploadManager with UploadPersistence, uploadSearchBundle, submissionSearchBundle, uploadIdGenerator, uploadTypeIdGenerator, uploadStatusIdGenerator, submissionIDGenerator, submissionStatusIdGenerator and submissionTypeIdGenerator.
Instantiate AbstractResourcePersistence with connectionFactory and connectionName[informix_connection].
Read propery[ConnectionFactoryNS] which is  required  with value[com.topcoder.db.connectionfactory.DBConnectionFactoryImpl] from namespace [com.topcoder.management.project.persistence.InformixProjectPersistence].
Read propery[ConnectionName] which is  optional  with value[informix_connection] from namespace [com.topcoder.management.project.persistence.InformixProjectPersistence].
Read propery[ProjectIdSequenceName] which is  optional  with value[project_id_seq] from namespace [com.topcoder.management.project.persistence.InformixProjectPersistence].
Read propery[ProjectAuditIdSequenceName] which is  optional  with value[project_audit_id_seq] from namespace [com.topcoder.management.project.persistence.InformixProjectPersistence].
Read propery[ConnectionFactoryNS] which is  required  with value[com.topcoder.db.connectionfactory.DBConnectionFactoryImpl] from namespace [com.topcoder.management.project.persistence.link.ProjectLinkManagerImpl].
Read propery[ConnectionName] which is  optional  with value[informix_connection] from namespace [com.topcoder.management.project.persistence.link.ProjectLinkManagerImpl].
read property ConnectionFactoryNS[com.topcoder.db.connectionfactory.DBConnectionFactoryImpl] from the namespace :com.topcoder.management.scorecard.persistence.InformixScorecardPersistence
read property ConnectionName[informix_connection] from the namespace :com.topcoder.management.scorecard.persistence.InformixScorecardPersistence
Instantiate SqlUploadPersistence with connectionFactory and connectioName:informix_connection
Instantiate PersistenceUploadManager with UploadPersistence, uploadSearchBundle, submissionSearchBundle, uploadIdGenerator, uploadTypeIdGenerator, uploadStatusIdGenerator, submissionIDGenerator, submissionStatusIdGenerator and submissionTypeIdGenerator.
Instantiate AbstractResourcePersistence with connectionFactory and connectionName[informix_connection].
Read propery[ConnectionFactoryNS] which is  required  with value[com.topcoder.db.connectionfactory.DBConnectionFactoryImpl] from namespace [com.topcoder.management.project.persistence.InformixProjectPersistence].
Read propery[ConnectionName] which is  optional  with value[informix_connection] from namespace [com.topcoder.management.project.persistence.InformixProjectPersistence].
Read propery[ProjectIdSequenceName] which is  optional  with value[project_id_seq] from namespace [com.topcoder.management.project.persistence.InformixProjectPersistence].
Read propery[ProjectAuditIdSequenceName] which is  optional  with value[project_audit_id_seq] from namespace [com.topcoder.management.project.persistence.InformixProjectPersistence].
Read propery[ConnectionFactoryNS] which is  required  with value[com.topcoder.db.connectionfactory.DBConnectionFactoryImpl] from namespace [com.topcoder.management.project.persistence.link.ProjectLinkManagerImpl].
Read propery[ConnectionName] which is  optional  with value[informix_connection] from namespace [com.topcoder.management.project.persistence.link.ProjectLinkManagerImpl].
read property ConnectionFactoryNS[com.topcoder.db.connectionfactory.DBConnectionFactoryImpl] from the namespace :com.topcoder.management.scorecard.persistence.InformixScorecardPersistence
read property ConnectionName[informix_connection] from the namespace :com.topcoder.management.scorecard.persistence.InformixScorecardPersistence
Instantiate SqlUploadPersistence with connectionFactory and connectioName:informix_connection
Instantiate PersistenceUploadManager with UploadPersistence, uploadSearchBundle, submissionSearchBundle, uploadIdGenerator, uploadTypeIdGenerator, uploadStatusIdGenerator, submissionIDGenerator, submissionStatusIdGenerator and submissionTypeIdGenerator.
Instantiate AbstractResourcePersistence with connectionFactory and connectionName[informix_connection].
Read propery[ConnectionFactoryNS] which is  required  with value[com.topcoder.db.connectionfactory.DBConnectionFactoryImpl] from namespace [com.topcoder.management.project.persistence.InformixProjectPersistence].
Read propery[ConnectionName] which is  optional  with value[informix_connection] from namespace [com.topcoder.management.project.persistence.InformixProjectPersistence].
Read propery[ProjectIdSequenceName] which is  optional  with value[project_id_seq] from namespace [com.topcoder.management.project.persistence.InformixProjectPersistence].
Read propery[ProjectAuditIdSequenceName] which is  optional  with value[project_audit_id_seq] from namespace [com.topcoder.management.project.persistence.InformixProjectPersistence].
Read propery[ConnectionFactoryNS] which is  required  with value[com.topcoder.db.connectionfactory.DBConnectionFactoryImpl] from namespace [com.topcoder.management.project.persistence.link.ProjectLinkManagerImpl].
Read propery[ConnectionName] which is  optional  with value[informix_connection] from namespace [com.topcoder.management.project.persistence.link.ProjectLinkManagerImpl].
read property ConnectionFactoryNS[com.topcoder.db.connectionfactory.DBConnectionFactoryImpl] from the namespace :com.topcoder.management.scorecard.persistence.InformixScorecardPersistence
read property ConnectionName[informix_connection] from the namespace :com.topcoder.management.scorecard.persistence.InformixScorecardPersistence
Instantiate SqlUploadPersistence with connectionFactory and connectioName:informix_connection
Instantiate PersistenceUploadManager with UploadPersistence, uploadSearchBundle, submissionSearchBundle, uploadIdGenerator, uploadTypeIdGenerator, uploadStatusIdGenerator, submissionIDGenerator, submissionStatusIdGenerator and submissionTypeIdGenerator.
Instantiate AbstractResourcePersistence with connectionFactory and connectionName[informix_connection].
Read propery[ConnectionFactoryNS] which is  required  with value[com.topcoder.db.connectionfactory.DBConnectionFactoryImpl] from namespace [com.topcoder.management.project.persistence.InformixProjectPersistence].
Read propery[ConnectionName] which is  optional  with value[informix_connection] from namespace [com.topcoder.management.project.persistence.InformixProjectPersistence].
Read propery[ProjectIdSequenceName] which is  optional  with value[project_id_seq] from namespace [com.topcoder.management.project.persistence.InformixProjectPersistence].
Read propery[ProjectAuditIdSequenceName] which is  optional  with value[project_audit_id_seq] from namespace [com.topcoder.management.project.persistence.InformixProjectPersistence].
Read propery[ConnectionFactoryNS] which is  required  with value[com.topcoder.db.connectionfactory.DBConnectionFactoryImpl] from namespace [com.topcoder.management.project.persistence.link.ProjectLinkManagerImpl].
Read propery[ConnectionName] which is  optional  with value[informix_connection] from namespace [com.topcoder.management.project.persistence.link.ProjectLinkManagerImpl].
read property ConnectionFactoryNS[com.topcoder.db.connectionfactory.DBConnectionFactoryImpl] from the namespace :com.topcoder.management.scorecard.persistence.InformixScorecardPersistence
read property ConnectionName[informix_connection] from the namespace :com.topcoder.management.scorecard.persistence.InformixScorecardPersistence
Instantiate SqlUploadPersistence with connectionFactory and connectioName:informix_connection
Instantiate PersistenceUploadManager with UploadPersistence, uploadSearchBundle, submissionSearchBundle, uploadIdGenerator, uploadTypeIdGenerator, uploadStatusIdGenerator, submissionIDGenerator, submissionStatusIdGenerator and submissionTypeIdGenerator.
Instantiate AbstractResourcePersistence with connectionFactory and connectionName[informix_connection].
Read propery[ConnectionFactoryNS] which is  required  with value[com.topcoder.db.connectionfactory.DBConnectionFactoryImpl] from namespace [com.topcoder.management.project.persistence.InformixProjectPersistence].
Read propery[ConnectionName] which is  optional  with value[informix_connection] from namespace [com.topcoder.management.project.persistence.InformixProjectPersistence].
Read propery[ProjectIdSequenceName] which is  optional  with value[project_id_seq] from namespace [com.topcoder.management.project.persistence.InformixProjectPersistence].
Read propery[ProjectAuditIdSequenceName] which is  optional  with value[project_audit_id_seq] from namespace [com.topcoder.management.project.persistence.InformixProjectPersistence].
Read propery[ConnectionFactoryNS] which is  required  with value[com.topcoder.db.connectionfactory.DBConnectionFactoryImpl] from namespace [com.topcoder.management.project.persistence.link.ProjectLinkManagerImpl].
Read propery[ConnectionName] which is  optional  with value[informix_connection] from namespace [com.topcoder.management.project.persistence.link.ProjectLinkManagerImpl].
read property ConnectionFactoryNS[com.topcoder.db.connectionfactory.DBConnectionFactoryImpl] from the namespace :com.topcoder.management.scorecard.persistence.InformixScorecardPersistence
read property ConnectionName[informix_connection] from the namespace :com.topcoder.management.scorecard.persistence.InformixScorecardPersistence
Instantiate SqlUploadPersistence with connectionFactory and connectioName:informix_connection
Instantiate PersistenceUploadManager with UploadPersistence, uploadSearchBundle, submissionSearchBundle, uploadIdGenerator, uploadTypeIdGenerator, uploadStatusIdGenerator, submissionIDGenerator, submissionStatusIdGenerator and submissionTypeIdGenerator.
Instantiate AbstractResourcePersistence with connectionFactory and connectionName[informix_connection].
Read propery[ConnectionFactoryNS] which is  required  with value[com.topcoder.db.connectionfactory.DBConnectionFactoryImpl] from namespace [com.topcoder.management.project.persistence.InformixProjectPersistence].
Read propery[ConnectionName] which is  optional  with value[informix_connection] from namespace [com.topcoder.management.project.persistence.InformixProjectPersistence].
Read propery[ProjectIdSequenceName] which is  optional  with value[project_id_seq] from namespace [com.topcoder.management.project.persistence.InformixProjectPersistence].
Read propery[ProjectAuditIdSequenceName] which is  optional  with value[project_audit_id_seq] from namespace [com.topcoder.management.project.persistence.InformixProjectPersistence].
Read propery[ConnectionFactoryNS] which is  required  with value[com.topcoder.db.connectionfactory.DBConnectionFactoryImpl] from namespace [com.topcoder.management.project.persistence.link.ProjectLinkManagerImpl].
Read propery[ConnectionName] which is  optional  with value[informix_connection] from namespace [com.topcoder.management.project.persistence.link.ProjectLinkManagerImpl].
read property ConnectionFactoryNS[com.topcoder.db.connectionfactory.DBConnectionFactoryImpl] from the namespace :com.topcoder.management.scorecard.persistence.InformixScorecardPersistence
read property ConnectionName[informix_connection] from the namespace :com.topcoder.management.scorecard.persistence.InformixScorecardPersistence
Instantiate SqlUploadPersistence with connectionFactory and connectioName:informix_connection
Instantiate PersistenceUploadManager with UploadPersistence, uploadSearchBundle, submissionSearchBundle, uploadIdGenerator, uploadTypeIdGenerator, uploadStatusIdGenerator, submissionIDGenerator, submissionStatusIdGenerator and submissionTypeIdGenerator.
Instantiate AbstractResourcePersistence with connectionFactory and connectionName[informix_connection].
Read propery[ConnectionFactoryNS] which is  required  with value[com.topcoder.db.connectionfactory.DBConnectionFactoryImpl] from namespace [com.topcoder.management.project.persistence.InformixProjectPersistence].
Read propery[ConnectionName] which is  optional  with value[informix_connection] from namespace [com.topcoder.management.project.persistence.InformixProjectPersistence].
Read propery[ProjectIdSequenceName] which is  optional  with value[project_id_seq] from namespace [com.topcoder.management.project.persistence.InformixProjectPersistence].
Read propery[ProjectAuditIdSequenceName] which is  optional  with value[project_audit_id_seq] from namespace [com.topcoder.management.project.persistence.InformixProjectPersistence].
Read propery[ConnectionFactoryNS] which is  required  with value[com.topcoder.db.connectionfactory.DBConnectionFactoryImpl] from namespace [com.topcoder.management.project.persistence.link.ProjectLinkManagerImpl].
Read propery[ConnectionName] which is  optional  with value[informix_connection] from namespace [com.topcoder.management.project.persistence.link.ProjectLinkManagerImpl].
read property ConnectionFactoryNS[com.topcoder.db.connectionfactory.DBConnectionFactoryImpl] from the namespace :com.topcoder.management.scorecard.persistence.InformixScorecardPersistence
read property ConnectionName[informix_connection] from the namespace :com.topcoder.management.scorecard.persistence.InformixScorecardPersistence
Instantiate SqlUploadPersistence with connectionFactory and connectioName:informix_connection
Instantiate PersistenceUploadManager with UploadPersistence, uploadSearchBundle, submissionSearchBundle, uploadIdGenerator, uploadTypeIdGenerator, uploadStatusIdGenerator, submissionIDGenerator, submissionStatusIdGenerator and submissionTypeIdGenerator.
Instantiate AbstractResourcePersistence with connectionFactory and connectionName[informix_connection].
Read propery[ConnectionFactoryNS] which is  required  with value[com.topcoder.db.connectionfactory.DBConnectionFactoryImpl] from namespace [com.topcoder.management.project.persistence.InformixProjectPersistence].
Read propery[ConnectionName] which is  optional  with value[informix_connection] from namespace [com.topcoder.management.project.persistence.InformixProjectPersistence].
Read propery[ProjectIdSequenceName] which is  optional  with value[project_id_seq] from namespace [com.topcoder.management.project.persistence.InformixProjectPersistence].
Read propery[ProjectAuditIdSequenceName] which is  optional  with value[project_audit_id_seq] from namespace [com.topcoder.management.project.persistence.InformixProjectPersistence].
Read propery[ConnectionFactoryNS] which is  required  with value[com.topcoder.db.connectionfactory.DBConnectionFactoryImpl] from namespace [com.topcoder.management.project.persistence.link.ProjectLinkManagerImpl].
Read propery[ConnectionName] which is  optional  with value[informix_connection] from namespace [com.topcoder.management.project.persistence.link.ProjectLinkManagerImpl].
read property ConnectionFactoryNS[com.topcoder.db.connectionfactory.DBConnectionFactoryImpl] from the namespace :com.topcoder.management.scorecard.persistence.InformixScorecardPersistence
read property ConnectionName[informix_connection] from the namespace :com.topcoder.management.scorecard.persistence.InformixScorecardPersistence
Instantiate SqlUploadPersistence with connectionFactory and connectioName:informix_connection
Instantiate PersistenceUploadManager with UploadPersistence, uploadSearchBundle, submissionSearchBundle, uploadIdGenerator, uploadTypeIdGenerator, uploadStatusIdGenerator, submissionIDGenerator, submissionStatusIdGenerator and submissionTypeIdGenerator.
Instantiate AbstractResourcePersistence with connectionFactory and connectionName[informix_connection].
Read propery[ConnectionFactoryNS] which is  required  with value[com.topcoder.db.connectionfactory.DBConnectionFactoryImpl] from namespace [com.topcoder.management.project.persistence.InformixProjectPersistence].
Read propery[ConnectionName] which is  optional  with value[informix_connection] from namespace [com.topcoder.management.project.persistence.InformixProjectPersistence].
Read propery[ProjectIdSequenceName] which is  optional  with value[project_id_seq] from namespace [com.topcoder.management.project.persistence.InformixProjectPersistence].
Read propery[ProjectAuditIdSequenceName] which is  optional  with value[project_audit_id_seq] from namespace [com.topcoder.management.project.persistence.InformixProjectPersistence].
Read propery[ConnectionFactoryNS] which is  required  with value[com.topcoder.db.connectionfactory.DBConnectionFactoryImpl] from namespace [com.topcoder.management.project.persistence.link.ProjectLinkManagerImpl].
Read propery[ConnectionName] which is  optional  with value[informix_connection] from namespace [com.topcoder.management.project.persistence.link.ProjectLinkManagerImpl].
read property ConnectionFactoryNS[com.topcoder.db.connectionfactory.DBConnectionFactoryImpl] from the namespace :com.topcoder.management.scorecard.persistence.InformixScorecardPersistence
read property ConnectionName[informix_connection] from the namespace :com.topcoder.management.scorecard.persistence.InformixScorecardPersistence
Instantiate SqlUploadPersistence with connectionFactory and connectioName:informix_connection
Instantiate PersistenceUploadManager with UploadPersistence, uploadSearchBundle, submissionSearchBundle, uploadIdGenerator, uploadTypeIdGenerator, uploadStatusIdGenerator, submissionIDGenerator, submissionStatusIdGenerator and submissionTypeIdGenerator.
Instantiate AbstractResourcePersistence with connectionFactory and connectionName[informix_connection].
Read propery[ConnectionFactoryNS] which is  required  with value[com.topcoder.db.connectionfactory.DBConnectionFactoryImpl] from namespace [com.topcoder.management.project.persistence.InformixProjectPersistence].
Read propery[ConnectionName] which is  optional  with value[informix_connection] from namespace [com.topcoder.management.project.persistence.InformixProjectPersistence].
Read propery[ProjectIdSequenceName] which is  optional  with value[project_id_seq] from namespace [com.topcoder.management.project.persistence.InformixProjectPersistence].
Read propery[ProjectAuditIdSequenceName] which is  optional  with value[project_audit_id_seq] from namespace [com.topcoder.management.project.persistence.InformixProjectPersistence].
Read propery[ConnectionFactoryNS] which is  required  with value[com.topcoder.db.connectionfactory.DBConnectionFactoryImpl] from namespace [com.topcoder.management.project.persistence.link.ProjectLinkManagerImpl].
Read propery[ConnectionName] which is  optional  with value[informix_connection] from namespace [com.topcoder.management.project.persistence.link.ProjectLinkManagerImpl].
read property ConnectionFactoryNS[com.topcoder.db.connectionfactory.DBConnectionFactoryImpl] from the namespace :com.topcoder.management.scorecard.persistence.InformixScorecardPersistence
read property ConnectionName[informix_connection] from the namespace :com.topcoder.management.scorecard.persistence.InformixScorecardPersistence
Instantiate SqlUploadPersistence with connectionFactory and connectioName:informix_connection
Instantiate PersistenceUploadManager with UploadPersistence, uploadSearchBundle, submissionSearchBundle, uploadIdGenerator, uploadTypeIdGenerator, uploadStatusIdGenerator, submissionIDGenerator, submissionStatusIdGenerator and submissionTypeIdGenerator.
Instantiate AbstractResourcePersistence with connectionFactory and connectionName[informix_connection].
Read propery[ConnectionFactoryNS] which is  required  with value[com.topcoder.db.connectionfactory.DBConnectionFactoryImpl] from namespace [com.topcoder.management.project.persistence.InformixProjectPersistence].
Read propery[ConnectionName] which is  optional  with value[informix_connection] from namespace [com.topcoder.management.project.persistence.InformixProjectPersistence].
Read propery[ProjectIdSequenceName] which is  optional  with value[project_id_seq] from namespace [com.topcoder.management.project.persistence.InformixProjectPersistence].
Read propery[ProjectAuditIdSequenceName] which is  optional  with value[project_audit_id_seq] from namespace [com.topcoder.management.project.persistence.InformixProjectPersistence].
Read propery[ConnectionFactoryNS] which is  required  with value[com.topcoder.db.connectionfactory.DBConnectionFactoryImpl] from namespace [com.topcoder.management.project.persistence.link.ProjectLinkManagerImpl].
Read propery[ConnectionName] which is  optional  with value[informix_connection] from namespace [com.topcoder.management.project.persistence.link.ProjectLinkManagerImpl].
read property ConnectionFactoryNS[com.topcoder.db.connectionfactory.DBConnectionFactoryImpl] from the namespace :com.topcoder.management.scorecard.persistence.InformixScorecardPersistence
read property ConnectionName[informix_connection] from the namespace :com.topcoder.management.scorecard.persistence.InformixScorecardPersistence
Instantiate SqlUploadPersistence with connectionFactory and connectioName:informix_connection
Instantiate PersistenceUploadManager with UploadPersistence, uploadSearchBundle, submissionSearchBundle, uploadIdGenerator, uploadTypeIdGenerator, uploadStatusIdGenerator, submissionIDGenerator, submissionStatusIdGenerator and submissionTypeIdGenerator.
Instantiate AbstractResourcePersistence with connectionFactory and connectionName[informix_connection].
load Resource role with ids:[J@5e179a,[J@5e179a,[J@5e179a,[J@5e179a,[J@5e179a,[J@5e179a,[J@5e179a,[J@5e179a,[J@5e179a,[J@5e179a,[J@5e179a,[J@5e179a,[J@5e179a,[J@5e179a,[J@5e179a,[J@5e179a,[J@5e179a,[J@5e179a,[J@5e179a,[J@5e179a,[J@5e179a,[J@5e179a
operator: UnknownresourceId: Unknown - creating db connection using connection name: informix_connection
committing transaction
Read propery[ConnectionFactoryNS] which is  required  with value[com.topcoder.db.connectionfactory.DBConnectionFactoryImpl] from namespace [com.topcoder.management.project.persistence.InformixProjectPersistence].
Read propery[ConnectionName] which is  optional  with value[informix_connection] from namespace [com.topcoder.management.project.persistence.InformixProjectPersistence].
Read propery[ProjectIdSequenceName] which is  optional  with value[project_id_seq] from namespace [com.topcoder.management.project.persistence.InformixProjectPersistence].
Read propery[ProjectAuditIdSequenceName] which is  optional  with value[project_audit_id_seq] from namespace [com.topcoder.management.project.persistence.InformixProjectPersistence].
Read propery[ConnectionFactoryNS] which is  required  with value[com.topcoder.db.connectionfactory.DBConnectionFactoryImpl] from namespace [com.topcoder.management.project.persistence.link.ProjectLinkManagerImpl].
Read propery[ConnectionName] which is  optional  with value[informix_connection] from namespace [com.topcoder.management.project.persistence.link.ProjectLinkManagerImpl].
read property ConnectionFactoryNS[com.topcoder.db.connectionfactory.DBConnectionFactoryImpl] from the namespace :com.topcoder.management.scorecard.persistence.InformixScorecardPersistence
read property ConnectionName[informix_connection] from the namespace :com.topcoder.management.scorecard.persistence.InformixScorecardPersistence
Instantiate SqlUploadPersistence with connectionFactory and connectioName:informix_connection
Instantiate PersistenceUploadManager with UploadPersistence, uploadSearchBundle, submissionSearchBundle, uploadIdGenerator, uploadTypeIdGenerator, uploadStatusIdGenerator, submissionIDGenerator, submissionStatusIdGenerator and submissionTypeIdGenerator.
Instantiate AbstractResourcePersistence with connectionFactory and connectionName[informix_connection].
load Resource role with ids:[J@d1e89e,[J@d1e89e,[J@d1e89e,[J@d1e89e,[J@d1e89e,[J@d1e89e,[J@d1e89e,[J@d1e89e,[J@d1e89e,[J@d1e89e,[J@d1e89e,[J@d1e89e,[J@d1e89e,[J@d1e89e,[J@d1e89e,[J@d1e89e,[J@d1e89e,[J@d1e89e,[J@d1e89e,[J@d1e89e,[J@d1e89e,[J@d1e89e
operator: UnknownresourceId: Unknown - creating db connection using connection name: informix_connection
committing transaction
Read propery[ConnectionFactoryNS] which is  required  with value[com.topcoder.db.connectionfactory.DBConnectionFactoryImpl] from namespace [com.topcoder.management.project.persistence.InformixProjectPersistence].
Read propery[ConnectionName] which is  optional  with value[informix_connection] from namespace [com.topcoder.management.project.persistence.InformixProjectPersistence].
Read propery[ProjectIdSequenceName] which is  optional  with value[project_id_seq] from namespace [com.topcoder.management.project.persistence.InformixProjectPersistence].
Read propery[ProjectAuditIdSequenceName] which is  optional  with value[project_audit_id_seq] from namespace [com.topcoder.management.project.persistence.InformixProjectPersistence].
Read propery[ConnectionFactoryNS] which is  required  with value[com.topcoder.db.connectionfactory.DBConnectionFactoryImpl] from namespace [com.topcoder.management.project.persistence.link.ProjectLinkManagerImpl].
Read propery[ConnectionName] which is  optional  with value[informix_connection] from namespace [com.topcoder.management.project.persistence.link.ProjectLinkManagerImpl].
read property ConnectionFactoryNS[com.topcoder.db.connectionfactory.DBConnectionFactoryImpl] from the namespace :com.topcoder.management.scorecard.persistence.InformixScorecardPersistence
read property ConnectionName[informix_connection] from the namespace :com.topcoder.management.scorecard.persistence.InformixScorecardPersistence
Instantiate SqlUploadPersistence with connectionFactory and connectioName:informix_connection
Instantiate PersistenceUploadManager with UploadPersistence, uploadSearchBundle, submissionSearchBundle, uploadIdGenerator, uploadTypeIdGenerator, uploadStatusIdGenerator, submissionIDGenerator, submissionStatusIdGenerator and submissionTypeIdGenerator.
Instantiate AbstractResourcePersistence with connectionFactory and connectionName[informix_connection].
load Resource role with ids:[J@e28b9,[J@e28b9,[J@e28b9,[J@e28b9,[J@e28b9,[J@e28b9,[J@e28b9,[J@e28b9,[J@e28b9,[J@e28b9,[J@e28b9,[J@e28b9,[J@e28b9,[J@e28b9,[J@e28b9,[J@e28b9,[J@e28b9,[J@e28b9,[J@e28b9,[J@e28b9,[J@e28b9,[J@e28b9
operator: UnknownresourceId: Unknown - creating db connection using connection name: informix_connection
committing transaction
Read propery[ConnectionFactoryNS] which is  required  with value[com.topcoder.db.connectionfactory.DBConnectionFactoryImpl] from namespace [com.topcoder.management.project.persistence.InformixProjectPersistence].
Read propery[ConnectionName] which is  optional  with value[informix_connection] from namespace [com.topcoder.management.project.persistence.InformixProjectPersistence].
Read propery[ProjectIdSequenceName] which is  optional  with value[project_id_seq] from namespace [com.topcoder.management.project.persistence.InformixProjectPersistence].
Read propery[ProjectAuditIdSequenceName] which is  optional  with value[project_audit_id_seq] from namespace [com.topcoder.management.project.persistence.InformixProjectPersistence].
Read propery[ConnectionFactoryNS] which is  required  with value[com.topcoder.db.connectionfactory.DBConnectionFactoryImpl] from namespace [com.topcoder.management.project.persistence.link.ProjectLinkManagerImpl].
Read propery[ConnectionName] which is  optional  with value[informix_connection] from namespace [com.topcoder.management.project.persistence.link.ProjectLinkManagerImpl].
read property ConnectionFactoryNS[com.topcoder.db.connectionfactory.DBConnectionFactoryImpl] from the namespace :com.topcoder.management.scorecard.persistence.InformixScorecardPersistence
read property ConnectionName[informix_connection] from the namespace :com.topcoder.management.scorecard.persistence.InformixScorecardPersistence
Instantiate SqlUploadPersistence with connectionFactory and connectioName:informix_connection
Instantiate PersistenceUploadManager with UploadPersistence, uploadSearchBundle, submissionSearchBundle, uploadIdGenerator, uploadTypeIdGenerator, uploadStatusIdGenerator, submissionIDGenerator, submissionStatusIdGenerator and submissionTypeIdGenerator.
Instantiate AbstractResourcePersistence with connectionFactory and connectionName[informix_connection].
load Resource role with ids:[J@ef137d,[J@ef137d,[J@ef137d,[J@ef137d,[J@ef137d,[J@ef137d,[J@ef137d,[J@ef137d,[J@ef137d,[J@ef137d,[J@ef137d,[J@ef137d,[J@ef137d,[J@ef137d,[J@ef137d,[J@ef137d,[J@ef137d,[J@ef137d,[J@ef137d,[J@ef137d,[J@ef137d,[J@ef137d
operator: UnknownresourceId: Unknown - creating db connection using connection name: informix_connection
committing transaction
Read propery[ConnectionFactoryNS] which is  required  with value[com.topcoder.db.connectionfactory.DBConnectionFactoryImpl] from namespace [com.topcoder.management.project.persistence.InformixProjectPersistence].
Read propery[ConnectionName] which is  optional  with value[informix_connection] from namespace [com.topcoder.management.project.persistence.InformixProjectPersistence].
Read propery[ProjectIdSequenceName] which is  optional  with value[project_id_seq] from namespace [com.topcoder.management.project.persistence.InformixProjectPersistence].
Read propery[ProjectAuditIdSequenceName] which is  optional  with value[project_audit_id_seq] from namespace [com.topcoder.management.project.persistence.InformixProjectPersistence].
Read propery[ConnectionFactoryNS] which is  required  with value[com.topcoder.db.connectionfactory.DBConnectionFactoryImpl] from namespace [com.topcoder.management.project.persistence.link.ProjectLinkManagerImpl].
Read propery[ConnectionName] which is  optional  with value[informix_connection] from namespace [com.topcoder.management.project.persistence.link.ProjectLinkManagerImpl].
read property ConnectionFactoryNS[com.topcoder.db.connectionfactory.DBConnectionFactoryImpl] from the namespace :com.topcoder.management.scorecard.persistence.InformixScorecardPersistence
read property ConnectionName[informix_connection] from the namespace :com.topcoder.management.scorecard.persistence.InformixScorecardPersistence
Instantiate SqlUploadPersistence with connectionFactory and connectioName:informix_connection
Instantiate PersistenceUploadManager with UploadPersistence, uploadSearchBundle, submissionSearchBundle, uploadIdGenerator, uploadTypeIdGenerator, uploadStatusIdGenerator, submissionIDGenerator, submissionStatusIdGenerator and submissionTypeIdGenerator.
Instantiate AbstractResourcePersistence with connectionFactory and connectionName[informix_connection].
load Resource role with ids:[J@cdb06e,[J@cdb06e,[J@cdb06e,[J@cdb06e,[J@cdb06e,[J@cdb06e,[J@cdb06e,[J@cdb06e,[J@cdb06e,[J@cdb06e,[J@cdb06e,[J@cdb06e,[J@cdb06e,[J@cdb06e,[J@cdb06e,[J@cdb06e,[J@cdb06e,[J@cdb06e,[J@cdb06e,[J@cdb06e,[J@cdb06e,[J@cdb06e
operator: UnknownresourceId: Unknown - creating db connection using connection name: informix_connection
committing transaction
Read propery[ConnectionFactoryNS] which is  required  with value[com.topcoder.db.connectionfactory.DBConnectionFactoryImpl] from namespace [com.topcoder.management.project.persistence.InformixProjectPersistence].
Read propery[ConnectionName] which is  optional  with value[informix_connection] from namespace [com.topcoder.management.project.persistence.InformixProjectPersistence].
Read propery[ProjectIdSequenceName] which is  optional  with value[project_id_seq] from namespace [com.topcoder.management.project.persistence.InformixProjectPersistence].
Read propery[ProjectAuditIdSequenceName] which is  optional  with value[project_audit_id_seq] from namespace [com.topcoder.management.project.persistence.InformixProjectPersistence].
Read propery[ConnectionFactoryNS] which is  required  with value[com.topcoder.db.connectionfactory.DBConnectionFactoryImpl] from namespace [com.topcoder.management.project.persistence.link.ProjectLinkManagerImpl].
Read propery[ConnectionName] which is  optional  with value[informix_connection] from namespace [com.topcoder.management.project.persistence.link.ProjectLinkManagerImpl].
read property ConnectionFactoryNS[com.topcoder.db.connectionfactory.DBConnectionFactoryImpl] from the namespace :com.topcoder.management.scorecard.persistence.InformixScorecardPersistence
read property ConnectionName[informix_connection] from the namespace :com.topcoder.management.scorecard.persistence.InformixScorecardPersistence
Instantiate SqlUploadPersistence with connectionFactory and connectioName:informix_connection
Instantiate PersistenceUploadManager with UploadPersistence, uploadSearchBundle, submissionSearchBundle, uploadIdGenerator, uploadTypeIdGenerator, uploadStatusIdGenerator, submissionIDGenerator, submissionStatusIdGenerator and submissionTypeIdGenerator.
Instantiate AbstractResourcePersistence with connectionFactory and connectionName[informix_connection].
load Resource role with ids:[J@af993e,[J@af993e,[J@af993e,[J@af993e,[J@af993e,[J@af993e,[J@af993e,[J@af993e,[J@af993e,[J@af993e,[J@af993e,[J@af993e,[J@af993e,[J@af993e,[J@af993e,[J@af993e,[J@af993e,[J@af993e,[J@af993e,[J@af993e,[J@af993e,[J@af993e
operator: UnknownresourceId: Unknown - creating db connection using connection name: informix_connection
committing transaction
Read propery[ConnectionFactoryNS] which is  required  with value[com.topcoder.db.connectionfactory.DBConnectionFactoryImpl] from namespace [com.topcoder.management.project.persistence.InformixProjectPersistence].
Read propery[ConnectionName] which is  optional  with value[informix_connection] from namespace [com.topcoder.management.project.persistence.InformixProjectPersistence].
Read propery[ProjectIdSequenceName] which is  optional  with value[project_id_seq] from namespace [com.topcoder.management.project.persistence.InformixProjectPersistence].
Read propery[ProjectAuditIdSequenceName] which is  optional  with value[project_audit_id_seq] from namespace [com.topcoder.management.project.persistence.InformixProjectPersistence].
Read propery[ConnectionFactoryNS] which is  required  with value[com.topcoder.db.connectionfactory.DBConnectionFactoryImpl] from namespace [com.topcoder.management.project.persistence.link.ProjectLinkManagerImpl].
Read propery[ConnectionName] which is  optional  with value[informix_connection] from namespace [com.topcoder.management.project.persistence.link.ProjectLinkManagerImpl].
read property ConnectionFactoryNS[com.topcoder.db.connectionfactory.DBConnectionFactoryImpl] from the namespace :com.topcoder.management.scorecard.persistence.InformixScorecardPersistence
read property ConnectionName[informix_connection] from the namespace :com.topcoder.management.scorecard.persistence.InformixScorecardPersistence
Instantiate SqlUploadPersistence with connectionFactory and connectioName:informix_connection
Instantiate PersistenceUploadManager with UploadPersistence, uploadSearchBundle, submissionSearchBundle, uploadIdGenerator, uploadTypeIdGenerator, uploadStatusIdGenerator, submissionIDGenerator, submissionStatusIdGenerator and submissionTypeIdGenerator.
Instantiate AbstractResourcePersistence with connectionFactory and connectionName[informix_connection].
load Resource role with ids:[J@14a55f2,[J@14a55f2,[J@14a55f2,[J@14a55f2,[J@14a55f2,[J@14a55f2,[J@14a55f2,[J@14a55f2,[J@14a55f2,[J@14a55f2,[J@14a55f2,[J@14a55f2,[J@14a55f2,[J@14a55f2,[J@14a55f2,[J@14a55f2,[J@14a55f2,[J@14a55f2,[J@14a55f2,[J@14a55f2,[J@14a55f2,[J@14a55f2
operator: UnknownresourceId: Unknown - creating db connection using connection name: informix_connection
committing transaction
Read propery[ConnectionFactoryNS] which is  required  with value[com.topcoder.db.connectionfactory.DBConnectionFactoryImpl] from namespace [com.topcoder.management.project.persistence.InformixProjectPersistence].
Read propery[ConnectionName] which is  optional  with value[informix_connection] from namespace [com.topcoder.management.project.persistence.InformixProjectPersistence].
Read propery[ProjectIdSequenceName] which is  optional  with value[project_id_seq] from namespace [com.topcoder.management.project.persistence.InformixProjectPersistence].
Read propery[ProjectAuditIdSequenceName] which is  optional  with value[project_audit_id_seq] from namespace [com.topcoder.management.project.persistence.InformixProjectPersistence].
Read propery[ConnectionFactoryNS] which is  required  with value[com.topcoder.db.connectionfactory.DBConnectionFactoryImpl] from namespace [com.topcoder.management.project.persistence.link.ProjectLinkManagerImpl].
Read propery[ConnectionName] which is  optional  with value[informix_connection] from namespace [com.topcoder.management.project.persistence.link.ProjectLinkManagerImpl].
read property ConnectionFactoryNS[com.topcoder.db.connectionfactory.DBConnectionFactoryImpl] from the namespace :com.topcoder.management.scorecard.persistence.InformixScorecardPersistence
read property ConnectionName[informix_connection] from the namespace :com.topcoder.management.scorecard.persistence.InformixScorecardPersistence
Instantiate SqlUploadPersistence with connectionFactory and connectioName:informix_connection
Instantiate PersistenceUploadManager with UploadPersistence, uploadSearchBundle, submissionSearchBundle, uploadIdGenerator, uploadTypeIdGenerator, uploadStatusIdGenerator, submissionIDGenerator, submissionStatusIdGenerator and submissionTypeIdGenerator.
Instantiate AbstractResourcePersistence with connectionFactory and connectionName[informix_connection].
load Resource role with ids:[J@1dd3812,[J@1dd3812,[J@1dd3812,[J@1dd3812,[J@1dd3812,[J@1dd3812,[J@1dd3812,[J@1dd3812,[J@1dd3812,[J@1dd3812,[J@1dd3812,[J@1dd3812,[J@1dd3812,[J@1dd3812,[J@1dd3812,[J@1dd3812,[J@1dd3812,[J@1dd3812,[J@1dd3812,[J@1dd3812,[J@1dd3812,[J@1dd3812
operator: UnknownresourceId: Unknown - creating db connection using connection name: informix_connection
committing transaction
Read propery[ConnectionFactoryNS] which is  required  with value[com.topcoder.db.connectionfactory.DBConnectionFactoryImpl] from namespace [com.topcoder.management.project.persistence.InformixProjectPersistence].
Read propery[ConnectionName] which is  optional  with value[informix_connection] from namespace [com.topcoder.management.project.persistence.InformixProjectPersistence].
Read propery[ProjectIdSequenceName] which is  optional  with value[project_id_seq] from namespace [com.topcoder.management.project.persistence.InformixProjectPersistence].
Read propery[ProjectAuditIdSequenceName] which is  optional  with value[project_audit_id_seq] from namespace [com.topcoder.management.project.persistence.InformixProjectPersistence].
Read propery[ConnectionFactoryNS] which is  required  with value[com.topcoder.db.connectionfactory.DBConnectionFactoryImpl] from namespace [com.topcoder.management.project.persistence.link.ProjectLinkManagerImpl].
Read propery[ConnectionName] which is  optional  with value[informix_connection] from namespace [com.topcoder.management.project.persistence.link.ProjectLinkManagerImpl].
read property ConnectionFactoryNS[com.topcoder.db.connectionfactory.DBConnectionFactoryImpl] from the namespace :com.topcoder.management.scorecard.persistence.InformixScorecardPersistence
read property ConnectionName[informix_connection] from the namespace :com.topcoder.management.scorecard.persistence.InformixScorecardPersistence
Instantiate SqlUploadPersistence with connectionFactory and connectioName:informix_connection
Instantiate PersistenceUploadManager with UploadPersistence, uploadSearchBundle, submissionSearchBundle, uploadIdGenerator, uploadTypeIdGenerator, uploadStatusIdGenerator, submissionIDGenerator, submissionStatusIdGenerator and submissionTypeIdGenerator.
Instantiate AbstractResourcePersistence with connectionFactory and connectionName[informix_connection].
load Resource role with ids:[J@290fbc,[J@290fbc,[J@290fbc,[J@290fbc,[J@290fbc,[J@290fbc,[J@290fbc,[J@290fbc,[J@290fbc,[J@290fbc,[J@290fbc,[J@290fbc,[J@290fbc,[J@290fbc,[J@290fbc,[J@290fbc,[J@290fbc,[J@290fbc,[J@290fbc,[J@290fbc,[J@290fbc,[J@290fbc
operator: UnknownresourceId: Unknown - creating db connection using connection name: informix_connection
committing transaction
Read propery[ConnectionFactoryNS] which is  required  with value[com.topcoder.db.connectionfactory.DBConnectionFactoryImpl] from namespace [com.topcoder.management.project.persistence.InformixProjectPersistence].
Read propery[ConnectionName] which is  optional  with value[informix_connection] from namespace [com.topcoder.management.project.persistence.InformixProjectPersistence].
Read propery[ProjectIdSequenceName] which is  optional  with value[project_id_seq] from namespace [com.topcoder.management.project.persistence.InformixProjectPersistence].
Read propery[ProjectAuditIdSequenceName] which is  optional  with value[project_audit_id_seq] from namespace [com.topcoder.management.project.persistence.InformixProjectPersistence].
Read propery[ConnectionFactoryNS] which is  required  with value[com.topcoder.db.connectionfactory.DBConnectionFactoryImpl] from namespace [com.topcoder.management.project.persistence.link.ProjectLinkManagerImpl].
Read propery[ConnectionName] which is  optional  with value[informix_connection] from namespace [com.topcoder.management.project.persistence.link.ProjectLinkManagerImpl].
read property ConnectionFactoryNS[com.topcoder.db.connectionfactory.DBConnectionFactoryImpl] from the namespace :com.topcoder.management.scorecard.persistence.InformixScorecardPersistence
read property ConnectionName[informix_connection] from the namespace :com.topcoder.management.scorecard.persistence.InformixScorecardPersistence
Instantiate SqlUploadPersistence with connectionFactory and connectioName:informix_connection
Instantiate PersistenceUploadManager with UploadPersistence, uploadSearchBundle, submissionSearchBundle, uploadIdGenerator, uploadTypeIdGenerator, uploadStatusIdGenerator, submissionIDGenerator, submissionStatusIdGenerator and submissionTypeIdGenerator.
Instantiate AbstractResourcePersistence with connectionFactory and connectionName[informix_connection].
load Resource role with ids:[J@170bea5,[J@170bea5,[J@170bea5,[J@170bea5,[J@170bea5,[J@170bea5,[J@170bea5,[J@170bea5,[J@170bea5,[J@170bea5,[J@170bea5,[J@170bea5,[J@170bea5,[J@170bea5,[J@170bea5,[J@170bea5,[J@170bea5,[J@170bea5,[J@170bea5,[J@170bea5,[J@170bea5,[J@170bea5
operator: UnknownresourceId: Unknown - creating db connection using connection name: informix_connection
committing transaction
Read propery[ConnectionFactoryNS] which is  required  with value[com.topcoder.db.connectionfactory.DBConnectionFactoryImpl] from namespace [com.topcoder.management.project.persistence.InformixProjectPersistence].
Read propery[ConnectionName] which is  optional  with value[informix_connection] from namespace [com.topcoder.management.project.persistence.InformixProjectPersistence].
Read propery[ProjectIdSequenceName] which is  optional  with value[project_id_seq] from namespace [com.topcoder.management.project.persistence.InformixProjectPersistence].
Read propery[ProjectAuditIdSequenceName] which is  optional  with value[project_audit_id_seq] from namespace [com.topcoder.management.project.persistence.InformixProjectPersistence].
Read propery[ConnectionFactoryNS] which is  required  with value[com.topcoder.db.connectionfactory.DBConnectionFactoryImpl] from namespace [com.topcoder.management.project.persistence.link.ProjectLinkManagerImpl].
Read propery[ConnectionName] which is  optional  with value[informix_connection] from namespace [com.topcoder.management.project.persistence.link.ProjectLinkManagerImpl].
read property ConnectionFactoryNS[com.topcoder.db.connectionfactory.DBConnectionFactoryImpl] from the namespace :com.topcoder.management.scorecard.persistence.InformixScorecardPersistence
read property ConnectionName[informix_connection] from the namespace :com.topcoder.management.scorecard.persistence.InformixScorecardPersistence
Instantiate SqlUploadPersistence with connectionFactory and connectioName:informix_connection
Instantiate PersistenceUploadManager with UploadPersistence, uploadSearchBundle, submissionSearchBundle, uploadIdGenerator, uploadTypeIdGenerator, uploadStatusIdGenerator, submissionIDGenerator, submissionStatusIdGenerator and submissionTypeIdGenerator.
Instantiate AbstractResourcePersistence with connectionFactory and connectionName[informix_connection].
load Resource role with ids:[J@29e357,[J@29e357,[J@29e357,[J@29e357,[J@29e357,[J@29e357,[J@29e357,[J@29e357,[J@29e357,[J@29e357,[J@29e357,[J@29e357,[J@29e357,[J@29e357,[J@29e357,[J@29e357,[J@29e357,[J@29e357,[J@29e357,[J@29e357,[J@29e357,[J@29e357
operator: UnknownresourceId: Unknown - creating db connection using connection name: informix_connection
committing transaction
Read propery[ConnectionFactoryNS] which is  required  with value[com.topcoder.db.connectionfactory.DBConnectionFactoryImpl] from namespace [com.topcoder.management.project.persistence.InformixProjectPersistence].
Read propery[ConnectionName] which is  optional  with value[informix_connection] from namespace [com.topcoder.management.project.persistence.InformixProjectPersistence].
Read propery[ProjectIdSequenceName] which is  optional  with value[project_id_seq] from namespace [com.topcoder.management.project.persistence.InformixProjectPersistence].
Read propery[ProjectAuditIdSequenceName] which is  optional  with value[project_audit_id_seq] from namespace [com.topcoder.management.project.persistence.InformixProjectPersistence].
Read propery[ConnectionFactoryNS] which is  required  with value[com.topcoder.db.connectionfactory.DBConnectionFactoryImpl] from namespace [com.topcoder.management.project.persistence.link.ProjectLinkManagerImpl].
Read propery[ConnectionName] which is  optional  with value[informix_connection] from namespace [com.topcoder.management.project.persistence.link.ProjectLinkManagerImpl].
read property ConnectionFactoryNS[com.topcoder.db.connectionfactory.DBConnectionFactoryImpl] from the namespace :com.topcoder.management.scorecard.persistence.InformixScorecardPersistence
read property ConnectionName[informix_connection] from the namespace :com.topcoder.management.scorecard.persistence.InformixScorecardPersistence
Instantiate SqlUploadPersistence with connectionFactory and connectioName:informix_connection
Instantiate PersistenceUploadManager with UploadPersistence, uploadSearchBundle, submissionSearchBundle, uploadIdGenerator, uploadTypeIdGenerator, uploadStatusIdGenerator, submissionIDGenerator, submissionStatusIdGenerator and submissionTypeIdGenerator.
Instantiate AbstractResourcePersistence with connectionFactory and connectionName[informix_connection].
load Resource role with ids:[J@8ee016,[J@8ee016,[J@8ee016,[J@8ee016,[J@8ee016,[J@8ee016,[J@8ee016,[J@8ee016,[J@8ee016,[J@8ee016,[J@8ee016,[J@8ee016,[J@8ee016,[J@8ee016,[J@8ee016,[J@8ee016,[J@8ee016,[J@8ee016,[J@8ee016,[J@8ee016,[J@8ee016,[J@8ee016
operator: UnknownresourceId: Unknown - creating db connection using connection name: informix_connection
committing transaction
Read propery[ConnectionFactoryNS] which is  required  with value[com.topcoder.db.connectionfactory.DBConnectionFactoryImpl] from namespace [com.topcoder.management.project.persistence.InformixProjectPersistence].
Read propery[ConnectionName] which is  optional  with value[informix_connection] from namespace [com.topcoder.management.project.persistence.InformixProjectPersistence].
Read propery[ProjectIdSequenceName] which is  optional  with value[project_id_seq] from namespace [com.topcoder.management.project.persistence.InformixProjectPersistence].
Read propery[ProjectAuditIdSequenceName] which is  optional  with value[project_audit_id_seq] from namespace [com.topcoder.management.project.persistence.InformixProjectPersistence].
Read propery[ConnectionFactoryNS] which is  required  with value[com.topcoder.db.connectionfactory.DBConnectionFactoryImpl] from namespace [com.topcoder.management.project.persistence.link.ProjectLinkManagerImpl].
Read propery[ConnectionName] which is  optional  with value[informix_connection] from namespace [com.topcoder.management.project.persistence.link.ProjectLinkManagerImpl].
read property ConnectionFactoryNS[com.topcoder.db.connectionfactory.DBConnectionFactoryImpl] from the namespace :com.topcoder.management.scorecard.persistence.InformixScorecardPersistence
read property ConnectionName[informix_connection] from the namespace :com.topcoder.management.scorecard.persistence.InformixScorecardPersistence
Instantiate SqlUploadPersistence with connectionFactory and connectioName:informix_connection
Instantiate PersistenceUploadManager with UploadPersistence, uploadSearchBundle, submissionSearchBundle, uploadIdGenerator, uploadTypeIdGenerator, uploadStatusIdGenerator, submissionIDGenerator, submissionStatusIdGenerator and submissionTypeIdGenerator.
Instantiate AbstractResourcePersistence with connectionFactory and connectionName[informix_connection].
load Resource role with ids:[J@125fefa,[J@125fefa,[J@125fefa,[J@125fefa,[J@125fefa,[J@125fefa,[J@125fefa,[J@125fefa,[J@125fefa,[J@125fefa,[J@125fefa,[J@125fefa,[J@125fefa,[J@125fefa,[J@125fefa,[J@125fefa,[J@125fefa,[J@125fefa,[J@125fefa,[J@125fefa,[J@125fefa,[J@125fefa
operator: UnknownresourceId: Unknown - creating db connection using connection name: informix_connection
committing transaction
Read propery[ConnectionFactoryNS] which is  required  with value[com.topcoder.db.connectionfactory.DBConnectionFactoryImpl] from namespace [com.topcoder.management.project.persistence.InformixProjectPersistence].
Read propery[ConnectionName] which is  optional  with value[informix_connection] from namespace [com.topcoder.management.project.persistence.InformixProjectPersistence].
Read propery[ProjectIdSequenceName] which is  optional  with value[project_id_seq] from namespace [com.topcoder.management.project.persistence.InformixProjectPersistence].
Read propery[ProjectAuditIdSequenceName] which is  optional  with value[project_audit_id_seq] from namespace [com.topcoder.management.project.persistence.InformixProjectPersistence].
Read propery[ConnectionFactoryNS] which is  required  with value[com.topcoder.db.connectionfactory.DBConnectionFactoryImpl] from namespace [com.topcoder.management.project.persistence.link.ProjectLinkManagerImpl].
Read propery[ConnectionName] which is  optional  with value[informix_connection] from namespace [com.topcoder.management.project.persistence.link.ProjectLinkManagerImpl].
read property ConnectionFactoryNS[com.topcoder.db.connectionfactory.DBConnectionFactoryImpl] from the namespace :com.topcoder.management.scorecard.persistence.InformixScorecardPersistence
read property ConnectionName[informix_connection] from the namespace :com.topcoder.management.scorecard.persistence.InformixScorecardPersistence
Instantiate SqlUploadPersistence with connectionFactory and connectioName:informix_connection
Instantiate PersistenceUploadManager with UploadPersistence, uploadSearchBundle, submissionSearchBundle, uploadIdGenerator, uploadTypeIdGenerator, uploadStatusIdGenerator, submissionIDGenerator, submissionStatusIdGenerator and submissionTypeIdGenerator.
Instantiate AbstractResourcePersistence with connectionFactory and connectionName[informix_connection].
load Resource role with ids:[J@198cb3d,[J@198cb3d,[J@198cb3d,[J@198cb3d,[J@198cb3d,[J@198cb3d,[J@198cb3d,[J@198cb3d,[J@198cb3d,[J@198cb3d,[J@198cb3d,[J@198cb3d,[J@198cb3d,[J@198cb3d,[J@198cb3d,[J@198cb3d,[J@198cb3d,[J@198cb3d,[J@198cb3d,[J@198cb3d,[J@198cb3d,[J@198cb3d
operator: UnknownresourceId: Unknown - creating db connection using connection name: informix_connection
committing transaction
Read propery[ConnectionFactoryNS] which is  required  with value[com.topcoder.db.connectionfactory.DBConnectionFactoryImpl] from namespace [com.topcoder.management.project.persistence.InformixProjectPersistence].
Read propery[ConnectionName] which is  optional  with value[informix_connection] from namespace [com.topcoder.management.project.persistence.InformixProjectPersistence].
Read propery[ProjectIdSequenceName] which is  optional  with value[project_id_seq] from namespace [com.topcoder.management.project.persistence.InformixProjectPersistence].
Read propery[ProjectAuditIdSequenceName] which is  optional  with value[project_audit_id_seq] from namespace [com.topcoder.management.project.persistence.InformixProjectPersistence].
Read propery[ConnectionFactoryNS] which is  required  with value[com.topcoder.db.connectionfactory.DBConnectionFactoryImpl] from namespace [com.topcoder.management.project.persistence.link.ProjectLinkManagerImpl].
Read propery[ConnectionName] which is  optional  with value[informix_connection] from namespace [com.topcoder.management.project.persistence.link.ProjectLinkManagerImpl].
read property ConnectionFactoryNS[com.topcoder.db.connectionfactory.DBConnectionFactoryImpl] from the namespace :com.topcoder.management.scorecard.persistence.InformixScorecardPersistence
read property ConnectionName[informix_connection] from the namespace :com.topcoder.management.scorecard.persistence.InformixScorecardPersistence
Instantiate SqlUploadPersistence with connectionFactory and connectioName:informix_connection
Instantiate PersistenceUploadManager with UploadPersistence, uploadSearchBundle, submissionSearchBundle, uploadIdGenerator, uploadTypeIdGenerator, uploadStatusIdGenerator, submissionIDGenerator, submissionStatusIdGenerator and submissionTypeIdGenerator.
Instantiate AbstractResourcePersistence with connectionFactory and connectionName[informix_connection].
load Resource role with ids:[J@1359c1b,[J@1359c1b,[J@1359c1b,[J@1359c1b,[J@1359c1b,[J@1359c1b,[J@1359c1b,[J@1359c1b,[J@1359c1b,[J@1359c1b,[J@1359c1b,[J@1359c1b,[J@1359c1b,[J@1359c1b,[J@1359c1b,[J@1359c1b,[J@1359c1b,[J@1359c1b,[J@1359c1b,[J@1359c1b,[J@1359c1b,[J@1359c1b
operator: UnknownresourceId: Unknown - creating db connection using connection name: informix_connection
committing transaction
load Notifications with array of userIds/projectIds/notificationTypes.
operator: UnknownresourceId: Unknown - creating db connection using connection name: informix_connection
committing transaction
get projects with the ids: 1
operator: UnknownprojectId: Unknown - creating db connection using connection name: informix_connection
committing transaction
load Resource role with ids:[J@3fa5ac,[J@3fa5ac,[J@3fa5ac,[J@3fa5ac,[J@3fa5ac,[J@3fa5ac,[J@3fa5ac,[J@3fa5ac,[J@3fa5ac,[J@3fa5ac,[J@3fa5ac,[J@3fa5ac,[J@3fa5ac,[J@3fa5ac,[J@3fa5ac,[J@3fa5ac,[J@3fa5ac,[J@3fa5ac,[J@3fa5ac,[J@3fa5ac,[J@3fa5ac,[J@3fa5ac
operator: UnknownresourceId: Unknown - creating db connection using connection name: informix_connection
committing transaction
load Resource with ids:[J@1326484
operator: UnknownresourceId: Unknown - creating db connection using connection name: informix_connection
load ResourceRole with id:4
operator: UnknownresourceId: Unknown - creating db connection using connection name: informix_connection
committing transaction
committing transaction
load Resource with ids:[J@7736bd
operator: UnknownresourceId: Unknown - creating db connection using connection name: informix_connection
load ResourceRole with id:12
operator: UnknownresourceId: Unknown - creating db connection using connection name: informix_connection
committing transaction
committing transaction
load Resource with ids:[J@1cf4a2c
operator: UnknownresourceId: Unknown - creating db connection using connection name: informix_connection
load ResourceRole with id:13
operator: UnknownresourceId: Unknown - creating db connection using connection name: informix_connection
committing transaction
committing transaction
load Resource with ids:[J@1cffeb4
operator: UnknownresourceId: Unknown - creating db connection using connection name: informix_connection
load ResourceRole with id:9
operator: UnknownresourceId: Unknown - creating db connection using connection name: informix_connection
committing transaction
committing transaction
operator: UnknownresourceId: 100001 - load resource.
operator: UnknownresourceId: Unknown - creating db connection using connection name: informix_connection
load ResourceRole with id:4
operator: UnknownresourceId: Unknown - creating db connection using connection name: informix_connection
committing transaction
committing transaction
operator: UnknownresourceId: 100000 - load resource.
operator: UnknownresourceId: Unknown - creating db connection using connection name: informix_connection
load ResourceRole with id:13
operator: UnknownresourceId: Unknown - creating db connection using connection name: informix_connection
committing transaction
committing transaction
Read propery[ConnectionFactoryNS] which is  required  with value[com.topcoder.db.connectionfactory.DBConnectionFactoryImpl] from namespace [com.topcoder.management.project.persistence.InformixProjectPersistence].
Read propery[ConnectionName] which is  optional  with value[informix_connection] from namespace [com.topcoder.management.project.persistence.InformixProjectPersistence].
Read propery[ProjectIdSequenceName] which is  optional  with value[project_id_seq] from namespace [com.topcoder.management.project.persistence.InformixProjectPersistence].
Read propery[ProjectAuditIdSequenceName] which is  optional  with value[project_audit_id_seq] from namespace [com.topcoder.management.project.persistence.InformixProjectPersistence].
Read propery[ConnectionFactoryNS] which is  required  with value[com.topcoder.db.connectionfactory.DBConnectionFactoryImpl] from namespace [com.topcoder.management.project.persistence.link.ProjectLinkManagerImpl].
Read propery[ConnectionName] which is  optional  with value[informix_connection] from namespace [com.topcoder.management.project.persistence.link.ProjectLinkManagerImpl].
read property ConnectionFactoryNS[com.topcoder.db.connectionfactory.DBConnectionFactoryImpl] from the namespace :com.topcoder.management.scorecard.persistence.InformixScorecardPersistence
read property ConnectionName[informix_connection] from the namespace :com.topcoder.management.scorecard.persistence.InformixScorecardPersistence
Instantiate SqlUploadPersistence with connectionFactory and connectioName:informix_connection
Instantiate PersistenceUploadManager with UploadPersistence, uploadSearchBundle, submissionSearchBundle, uploadIdGenerator, uploadTypeIdGenerator, uploadStatusIdGenerator, submissionIDGenerator, submissionStatusIdGenerator and submissionTypeIdGenerator.
Instantiate AbstractResourcePersistence with connectionFactory and connectionName[informix_connection].
load Resource role with ids:[J@1eb904d,[J@1eb904d,[J@1eb904d,[J@1eb904d,[J@1eb904d,[J@1eb904d,[J@1eb904d,[J@1eb904d,[J@1eb904d,[J@1eb904d,[J@1eb904d,[J@1eb904d,[J@1eb904d,[J@1eb904d,[J@1eb904d,[J@1eb904d,[J@1eb904d,[J@1eb904d,[J@1eb904d,[J@1eb904d,[J@1eb904d,[J@1eb904d
operator: UnknownresourceId: Unknown - creating db connection using connection name: informix_connection
committing transaction
load Notifications with array of userIds/projectIds/notificationTypes.
operator: UnknownresourceId: Unknown - creating db connection using connection name: informix_connection
committing transaction
get projects with the ids: 1
operator: UnknownprojectId: Unknown - creating db connection using connection name: informix_connection
committing transaction
load Resource role with ids:[J@c3e82b,[J@c3e82b,[J@c3e82b,[J@c3e82b,[J@c3e82b,[J@c3e82b,[J@c3e82b,[J@c3e82b,[J@c3e82b,[J@c3e82b,[J@c3e82b,[J@c3e82b,[J@c3e82b,[J@c3e82b,[J@c3e82b,[J@c3e82b,[J@c3e82b,[J@c3e82b,[J@c3e82b,[J@c3e82b,[J@c3e82b,[J@c3e82b
operator: UnknownresourceId: Unknown - creating db connection using connection name: informix_connection
committing transaction
load Resource with ids:[J@1f82ab4
operator: UnknownresourceId: Unknown - creating db connection using connection name: informix_connection
load ResourceRole with id:4
operator: UnknownresourceId: Unknown - creating db connection using connection name: informix_connection
committing transaction
committing transaction
load Resource with ids:[J@105eb6f
operator: UnknownresourceId: Unknown - creating db connection using connection name: informix_connection
load ResourceRole with id:12
operator: UnknownresourceId: Unknown - creating db connection using connection name: informix_connection
committing transaction
committing transaction
load Resource with ids:[J@1250ff2
operator: UnknownresourceId: Unknown - creating db connection using connection name: informix_connection
load ResourceRole with id:13
operator: UnknownresourceId: Unknown - creating db connection using connection name: informix_connection
committing transaction
committing transaction
load Resource with ids:[J@1f38fc6
operator: UnknownresourceId: Unknown - creating db connection using connection name: informix_connection
load ResourceRole with id:9
operator: UnknownresourceId: Unknown - creating db connection using connection name: informix_connection
committing transaction
committing transaction
operator: UnknownresourceId: 100001 - load resource.
operator: UnknownresourceId: Unknown - creating db connection using connection name: informix_connection
load ResourceRole with id:4
operator: UnknownresourceId: Unknown - creating db connection using connection name: informix_connection
committing transaction
committing transaction
operator: UnknownresourceId: 100000 - load resource.
operator: UnknownresourceId: Unknown - creating db connection using connection name: informix_connection
load ResourceRole with id:13
operator: UnknownresourceId: Unknown - creating db connection using connection name: informix_connection
committing transaction
committing transaction
Read propery[ConnectionFactoryNS] which is  required  with value[com.topcoder.db.connectionfactory.DBConnectionFactoryImpl] from namespace [com.topcoder.management.project.persistence.InformixProjectPersistence].
Read propery[ConnectionName] which is  optional  with value[informix_connection] from namespace [com.topcoder.management.project.persistence.InformixProjectPersistence].
Read propery[ProjectIdSequenceName] which is  optional  with value[project_id_seq] from namespace [com.topcoder.management.project.persistence.InformixProjectPersistence].
Read propery[ProjectAuditIdSequenceName] which is  optional  with value[project_audit_id_seq] from namespace [com.topcoder.management.project.persistence.InformixProjectPersistence].
Read propery[ConnectionFactoryNS] which is  required  with value[com.topcoder.db.connectionfactory.DBConnectionFactoryImpl] from namespace [com.topcoder.management.project.persistence.link.ProjectLinkManagerImpl].
Read propery[ConnectionName] which is  optional  with value[informix_connection] from namespace [com.topcoder.management.project.persistence.link.ProjectLinkManagerImpl].
read property ConnectionFactoryNS[com.topcoder.db.connectionfactory.DBConnectionFactoryImpl] from the namespace :com.topcoder.management.scorecard.persistence.InformixScorecardPersistence
read property ConnectionName[informix_connection] from the namespace :com.topcoder.management.scorecard.persistence.InformixScorecardPersistence
Instantiate SqlUploadPersistence with connectionFactory and connectioName:informix_connection
Instantiate PersistenceUploadManager with UploadPersistence, uploadSearchBundle, submissionSearchBundle, uploadIdGenerator, uploadTypeIdGenerator, uploadStatusIdGenerator, submissionIDGenerator, submissionStatusIdGenerator and submissionTypeIdGenerator.
Instantiate AbstractResourcePersistence with connectionFactory and connectionName[informix_connection].
load Resource role with ids:[J@16fdac,[J@16fdac,[J@16fdac,[J@16fdac,[J@16fdac,[J@16fdac,[J@16fdac,[J@16fdac,[J@16fdac,[J@16fdac,[J@16fdac,[J@16fdac,[J@16fdac,[J@16fdac,[J@16fdac,[J@16fdac,[J@16fdac,[J@16fdac,[J@16fdac,[J@16fdac,[J@16fdac,[J@16fdac
operator: UnknownresourceId: Unknown - creating db connection using connection name: informix_connection
committing transaction
load Notifications with array of userIds/projectIds/notificationTypes.
operator: UnknownresourceId: Unknown - creating db connection using connection name: informix_connection
committing transaction
get projects with the ids: 1
operator: UnknownprojectId: Unknown - creating db connection using connection name: informix_connection
committing transaction
load Resource role with ids:[J@8a52b6,[J@8a52b6,[J@8a52b6,[J@8a52b6,[J@8a52b6,[J@8a52b6,[J@8a52b6,[J@8a52b6,[J@8a52b6,[J@8a52b6,[J@8a52b6,[J@8a52b6,[J@8a52b6,[J@8a52b6,[J@8a52b6,[J@8a52b6,[J@8a52b6,[J@8a52b6,[J@8a52b6,[J@8a52b6,[J@8a52b6,[J@8a52b6
operator: UnknownresourceId: Unknown - creating db connection using connection name: informix_connection
committing transaction
load Resource with ids:[J@abe654
operator: UnknownresourceId: Unknown - creating db connection using connection name: informix_connection
load ResourceRole with id:4
operator: UnknownresourceId: Unknown - creating db connection using connection name: informix_connection
committing transaction
committing transaction
load Resource with ids:[J@14b081b
operator: UnknownresourceId: Unknown - creating db connection using connection name: informix_connection
load ResourceRole with id:12
operator: UnknownresourceId: Unknown - creating db connection using connection name: informix_connection
committing transaction
committing transaction
load Resource with ids:[J@16b6c55
operator: UnknownresourceId: Unknown - creating db connection using connection name: informix_connection
load ResourceRole with id:13
operator: UnknownresourceId: Unknown - creating db connection using connection name: informix_connection
committing transaction
committing transaction
load Resource with ids:[J@1b7b407
operator: UnknownresourceId: Unknown - creating db connection using connection name: informix_connection
load ResourceRole with id:9
operator: UnknownresourceId: Unknown - creating db connection using connection name: informix_connection
committing transaction
committing transaction
operator: UnknownresourceId: 100008 - load resource.
operator: UnknownresourceId: Unknown - creating db connection using connection name: informix_connection
load ResourceRole with id:9
operator: UnknownresourceId: Unknown - creating db connection using connection name: informix_connection
committing transaction
committing transaction
operator: UnknownresourceId: 100000 - load resource.
operator: UnknownresourceId: Unknown - creating db connection using connection name: informix_connection
load ResourceRole with id:13
operator: UnknownresourceId: Unknown - creating db connection using connection name: informix_connection
committing transaction
committing transaction
Read propery[ConnectionFactoryNS] which is  required  with value[com.topcoder.db.connectionfactory.DBConnectionFactoryImpl] from namespace [com.topcoder.management.project.persistence.InformixProjectPersistence].
Read propery[ConnectionName] which is  optional  with value[informix_connection] from namespace [com.topcoder.management.project.persistence.InformixProjectPersistence].
Read propery[ProjectIdSequenceName] which is  optional  with value[project_id_seq] from namespace [com.topcoder.management.project.persistence.InformixProjectPersistence].
Read propery[ProjectAuditIdSequenceName] which is  optional  with value[project_audit_id_seq] from namespace [com.topcoder.management.project.persistence.InformixProjectPersistence].
Read propery[ConnectionFactoryNS] which is  required  with value[com.topcoder.db.connectionfactory.DBConnectionFactoryImpl] from namespace [com.topcoder.management.project.persistence.link.ProjectLinkManagerImpl].
Read propery[ConnectionName] which is  optional  with value[informix_connection] from namespace [com.topcoder.management.project.persistence.link.ProjectLinkManagerImpl].
read property ConnectionFactoryNS[com.topcoder.db.connectionfactory.DBConnectionFactoryImpl] from the namespace :com.topcoder.management.scorecard.persistence.InformixScorecardPersistence
read property ConnectionName[informix_connection] from the namespace :com.topcoder.management.scorecard.persistence.InformixScorecardPersistence
Instantiate SqlUploadPersistence with connectionFactory and connectioName:informix_connection
Instantiate PersistenceUploadManager with UploadPersistence, uploadSearchBundle, submissionSearchBundle, uploadIdGenerator, uploadTypeIdGenerator, uploadStatusIdGenerator, submissionIDGenerator, submissionStatusIdGenerator and submissionTypeIdGenerator.
Instantiate AbstractResourcePersistence with connectionFactory and connectionName[informix_connection].
load Resource role with ids:[J@1f95165,[J@1f95165,[J@1f95165,[J@1f95165,[J@1f95165,[J@1f95165,[J@1f95165,[J@1f95165,[J@1f95165,[J@1f95165,[J@1f95165,[J@1f95165,[J@1f95165,[J@1f95165,[J@1f95165,[J@1f95165,[J@1f95165,[J@1f95165,[J@1f95165,[J@1f95165,[J@1f95165,[J@1f95165
operator: UnknownresourceId: Unknown - creating db connection using connection name: informix_connection
committing transaction
Read propery[ConnectionFactoryNS] which is  required  with value[com.topcoder.db.connectionfactory.DBConnectionFactoryImpl] from namespace [com.topcoder.management.project.persistence.InformixProjectPersistence].
Read propery[ConnectionName] which is  optional  with value[informix_connection] from namespace [com.topcoder.management.project.persistence.InformixProjectPersistence].
Read propery[ProjectIdSequenceName] which is  optional  with value[project_id_seq] from namespace [com.topcoder.management.project.persistence.InformixProjectPersistence].
Read propery[ProjectAuditIdSequenceName] which is  optional  with value[project_audit_id_seq] from namespace [com.topcoder.management.project.persistence.InformixProjectPersistence].
Read propery[ConnectionFactoryNS] which is  required  with value[com.topcoder.db.connectionfactory.DBConnectionFactoryImpl] from namespace [com.topcoder.management.project.persistence.link.ProjectLinkManagerImpl].
Read propery[ConnectionName] which is  optional  with value[informix_connection] from namespace [com.topcoder.management.project.persistence.link.ProjectLinkManagerImpl].
read property ConnectionFactoryNS[com.topcoder.db.connectionfactory.DBConnectionFactoryImpl] from the namespace :com.topcoder.management.scorecard.persistence.InformixScorecardPersistence
read property ConnectionName[informix_connection] from the namespace :com.topcoder.management.scorecard.persistence.InformixScorecardPersistence
Instantiate SqlUploadPersistence with connectionFactory and connectioName:informix_connection
Instantiate PersistenceUploadManager with UploadPersistence, uploadSearchBundle, submissionSearchBundle, uploadIdGenerator, uploadTypeIdGenerator, uploadStatusIdGenerator, submissionIDGenerator, submissionStatusIdGenerator and submissionTypeIdGenerator.
Instantiate AbstractResourcePersistence with connectionFactory and connectionName[informix_connection].
load Resource role with ids:[J@11415c8,[J@11415c8,[J@11415c8,[J@11415c8,[J@11415c8,[J@11415c8,[J@11415c8,[J@11415c8,[J@11415c8,[J@11415c8,[J@11415c8,[J@11415c8,[J@11415c8,[J@11415c8,[J@11415c8,[J@11415c8,[J@11415c8,[J@11415c8,[J@11415c8,[J@11415c8,[J@11415c8,[J@11415c8
operator: UnknownresourceId: Unknown - creating db connection using connection name: informix_connection
committing transaction
Read propery[ConnectionFactoryNS] which is  required  with value[com.topcoder.db.connectionfactory.DBConnectionFactoryImpl] from namespace [com.topcoder.management.project.persistence.InformixProjectPersistence].
Read propery[ConnectionName] which is  optional  with value[informix_connection] from namespace [com.topcoder.management.project.persistence.InformixProjectPersistence].
Read propery[ProjectIdSequenceName] which is  optional  with value[project_id_seq] from namespace [com.topcoder.management.project.persistence.InformixProjectPersistence].
Read propery[ProjectAuditIdSequenceName] which is  optional  with value[project_audit_id_seq] from namespace [com.topcoder.management.project.persistence.InformixProjectPersistence].
Read propery[ConnectionFactoryNS] which is  required  with value[com.topcoder.db.connectionfactory.DBConnectionFactoryImpl] from namespace [com.topcoder.management.project.persistence.link.ProjectLinkManagerImpl].
Read propery[ConnectionName] which is  optional  with value[informix_connection] from namespace [com.topcoder.management.project.persistence.link.ProjectLinkManagerImpl].
read property ConnectionFactoryNS[com.topcoder.db.connectionfactory.DBConnectionFactoryImpl] from the namespace :com.topcoder.management.scorecard.persistence.InformixScorecardPersistence
read property ConnectionName[informix_connection] from the namespace :com.topcoder.management.scorecard.persistence.InformixScorecardPersistence
Instantiate SqlUploadPersistence with connectionFactory and connectioName:informix_connection
Instantiate PersistenceUploadManager with UploadPersistence, uploadSearchBundle, submissionSearchBundle, uploadIdGenerator, uploadTypeIdGenerator, uploadStatusIdGenerator, submissionIDGenerator, submissionStatusIdGenerator and submissionTypeIdGenerator.
Instantiate AbstractResourcePersistence with connectionFactory and connectionName[informix_connection].
load Resource role with ids:[J@14426a6,[J@14426a6,[J@14426a6,[J@14426a6,[J@14426a6,[J@14426a6,[J@14426a6,[J@14426a6,[J@14426a6,[J@14426a6,[J@14426a6,[J@14426a6,[J@14426a6,[J@14426a6,[J@14426a6,[J@14426a6,[J@14426a6,[J@14426a6,[J@14426a6,[J@14426a6,[J@14426a6,[J@14426a6
operator: UnknownresourceId: Unknown - creating db connection using connection name: informix_connection
committing transaction
Read propery[ConnectionFactoryNS] which is  required  with value[com.topcoder.db.connectionfactory.DBConnectionFactoryImpl] from namespace [com.topcoder.management.project.persistence.InformixProjectPersistence].
Read propery[ConnectionName] which is  optional  with value[informix_connection] from namespace [com.topcoder.management.project.persistence.InformixProjectPersistence].
Read propery[ProjectIdSequenceName] which is  optional  with value[project_id_seq] from namespace [com.topcoder.management.project.persistence.InformixProjectPersistence].
Read propery[ProjectAuditIdSequenceName] which is  optional  with value[project_audit_id_seq] from namespace [com.topcoder.management.project.persistence.InformixProjectPersistence].
Read propery[ConnectionFactoryNS] which is  required  with value[com.topcoder.db.connectionfactory.DBConnectionFactoryImpl] from namespace [com.topcoder.management.project.persistence.link.ProjectLinkManagerImpl].
Read propery[ConnectionName] which is  optional  with value[informix_connection] from namespace [com.topcoder.management.project.persistence.link.ProjectLinkManagerImpl].
read property ConnectionFactoryNS[com.topcoder.db.connectionfactory.DBConnectionFactoryImpl] from the namespace :com.topcoder.management.scorecard.persistence.InformixScorecardPersistence
read property ConnectionName[informix_connection] from the namespace :com.topcoder.management.scorecard.persistence.InformixScorecardPersistence
Instantiate SqlUploadPersistence with connectionFactory and connectioName:informix_connection
Instantiate PersistenceUploadManager with UploadPersistence, uploadSearchBundle, submissionSearchBundle, uploadIdGenerator, uploadTypeIdGenerator, uploadStatusIdGenerator, submissionIDGenerator, submissionStatusIdGenerator and submissionTypeIdGenerator.
Instantiate AbstractResourcePersistence with connectionFactory and connectionName[informix_connection].
load Resource role with ids:[J@103fcaa,[J@103fcaa,[J@103fcaa,[J@103fcaa,[J@103fcaa,[J@103fcaa,[J@103fcaa,[J@103fcaa,[J@103fcaa,[J@103fcaa,[J@103fcaa,[J@103fcaa,[J@103fcaa,[J@103fcaa,[J@103fcaa,[J@103fcaa,[J@103fcaa,[J@103fcaa,[J@103fcaa,[J@103fcaa,[J@103fcaa,[J@103fcaa
operator: UnknownresourceId: Unknown - creating db connection using connection name: informix_connection
committing transaction
load Notifications with array of userIds/projectIds/notificationTypes.
operator: UnknownresourceId: Unknown - creating db connection using connection name: informix_connection
committing transaction
get projects with the ids: 1
operator: UnknownprojectId: Unknown - creating db connection using connection name: informix_connection
committing transaction
load Resource role with ids:[J@42a6eb,[J@42a6eb,[J@42a6eb,[J@42a6eb,[J@42a6eb,[J@42a6eb,[J@42a6eb,[J@42a6eb,[J@42a6eb,[J@42a6eb,[J@42a6eb,[J@42a6eb,[J@42a6eb,[J@42a6eb,[J@42a6eb,[J@42a6eb,[J@42a6eb,[J@42a6eb,[J@42a6eb,[J@42a6eb,[J@42a6eb,[J@42a6eb
operator: UnknownresourceId: Unknown - creating db connection using connection name: informix_connection
committing transaction
load Resource with ids:[J@1dbb27d
operator: UnknownresourceId: Unknown - creating db connection using connection name: informix_connection
load ResourceRole with id:4
operator: UnknownresourceId: Unknown - creating db connection using connection name: informix_connection
committing transaction
committing transaction
load Resource with ids:[J@23d08b
operator: UnknownresourceId: Unknown - creating db connection using connection name: informix_connection
load ResourceRole with id:12
operator: UnknownresourceId: Unknown - creating db connection using connection name: informix_connection
committing transaction
committing transaction
load Resource with ids:[J@a937cd
operator: UnknownresourceId: Unknown - creating db connection using connection name: informix_connection
load ResourceRole with id:13
operator: UnknownresourceId: Unknown - creating db connection using connection name: informix_connection
committing transaction
committing transaction
load Resource with ids:[J@ad7d80
operator: UnknownresourceId: Unknown - creating db connection using connection name: informix_connection
load ResourceRole with id:9
operator: UnknownresourceId: Unknown - creating db connection using connection name: informix_connection
committing transaction
committing transaction
operator: UnknownresourceId: 100008 - load resource.
operator: UnknownresourceId: Unknown - creating db connection using connection name: informix_connection
load ResourceRole with id:9
operator: UnknownresourceId: Unknown - creating db connection using connection name: informix_connection
committing transaction
committing transaction
operator: UnknownresourceId: 100000 - load resource.
operator: UnknownresourceId: Unknown - creating db connection using connection name: informix_connection
load ResourceRole with id:13
operator: UnknownresourceId: Unknown - creating db connection using connection name: informix_connection
committing transaction
committing transaction
Read propery[ConnectionFactoryNS] which is  required  with value[com.topcoder.db.connectionfactory.DBConnectionFactoryImpl] from namespace [com.topcoder.management.project.persistence.InformixProjectPersistence].
Read propery[ConnectionName] which is  optional  with value[informix_connection] from namespace [com.topcoder.management.project.persistence.InformixProjectPersistence].
Read propery[ProjectIdSequenceName] which is  optional  with value[project_id_seq] from namespace [com.topcoder.management.project.persistence.InformixProjectPersistence].
Read propery[ProjectAuditIdSequenceName] which is  optional  with value[project_audit_id_seq] from namespace [com.topcoder.management.project.persistence.InformixProjectPersistence].
Read propery[ConnectionFactoryNS] which is  required  with value[com.topcoder.db.connectionfactory.DBConnectionFactoryImpl] from namespace [com.topcoder.management.project.persistence.link.ProjectLinkManagerImpl].
Read propery[ConnectionName] which is  optional  with value[informix_connection] from namespace [com.topcoder.management.project.persistence.link.ProjectLinkManagerImpl].
read property ConnectionFactoryNS[com.topcoder.db.connectionfactory.DBConnectionFactoryImpl] from the namespace :com.topcoder.management.scorecard.persistence.InformixScorecardPersistence
read property ConnectionName[informix_connection] from the namespace :com.topcoder.management.scorecard.persistence.InformixScorecardPersistence
Instantiate SqlUploadPersistence with connectionFactory and connectioName:informix_connection
Instantiate PersistenceUploadManager with UploadPersistence, uploadSearchBundle, submissionSearchBundle, uploadIdGenerator, uploadTypeIdGenerator, uploadStatusIdGenerator, submissionIDGenerator, submissionStatusIdGenerator and submissionTypeIdGenerator.
Instantiate AbstractResourcePersistence with connectionFactory and connectionName[informix_connection].
load Resource role with ids:[J@1e82b72,[J@1e82b72,[J@1e82b72,[J@1e82b72,[J@1e82b72,[J@1e82b72,[J@1e82b72,[J@1e82b72,[J@1e82b72,[J@1e82b72,[J@1e82b72,[J@1e82b72,[J@1e82b72,[J@1e82b72,[J@1e82b72,[J@1e82b72,[J@1e82b72,[J@1e82b72,[J@1e82b72,[J@1e82b72,[J@1e82b72,[J@1e82b72
operator: UnknownresourceId: Unknown - creating db connection using connection name: informix_connection
committing transaction
load Notifications with array of userIds/projectIds/notificationTypes.
operator: UnknownresourceId: Unknown - creating db connection using connection name: informix_connection
committing transaction
get projects with the ids: 1
operator: UnknownprojectId: Unknown - creating db connection using connection name: informix_connection
committing transaction
load Resource role with ids:[J@fe2558,[J@fe2558,[J@fe2558,[J@fe2558,[J@fe2558,[J@fe2558,[J@fe2558,[J@fe2558,[J@fe2558,[J@fe2558,[J@fe2558,[J@fe2558,[J@fe2558,[J@fe2558,[J@fe2558,[J@fe2558,[J@fe2558,[J@fe2558,[J@fe2558,[J@fe2558,[J@fe2558,[J@fe2558
operator: UnknownresourceId: Unknown - creating db connection using connection name: informix_connection
committing transaction
load Resource with ids:[J@df9095
operator: UnknownresourceId: Unknown - creating db connection using connection name: informix_connection
load ResourceRole with id:4
operator: UnknownresourceId: Unknown - creating db connection using connection name: informix_connection
committing transaction
committing transaction
load Resource with ids:[J@e9a7c2
operator: UnknownresourceId: Unknown - creating db connection using connection name: informix_connection
load ResourceRole with id:12
operator: UnknownresourceId: Unknown - creating db connection using connection name: informix_connection
committing transaction
committing transaction
load Resource with ids:[J@b2e752
operator: UnknownresourceId: Unknown - creating db connection using connection name: informix_connection
load ResourceRole with id:13
operator: UnknownresourceId: Unknown - creating db connection using connection name: informix_connection
committing transaction
committing transaction
load Resource with ids:[J@151dcd6
operator: UnknownresourceId: Unknown - creating db connection using connection name: informix_connection
load ResourceRole with id:9
operator: UnknownresourceId: Unknown - creating db connection using connection name: informix_connection
committing transaction
committing transaction
operator: UnknownresourceId: 100001 - load resource.
operator: UnknownresourceId: Unknown - creating db connection using connection name: informix_connection
load ResourceRole with id:4
operator: UnknownresourceId: Unknown - creating db connection using connection name: informix_connection
committing transaction
committing transaction
operator: UnknownresourceId: 100002 - load resource.
operator: UnknownresourceId: Unknown - creating db connection using connection name: informix_connection
load ResourceRole with id:12
operator: UnknownresourceId: Unknown - creating db connection using connection name: informix_connection
committing transaction
committing transaction
Read propery[ConnectionFactoryNS] which is  required  with value[com.topcoder.db.connectionfactory.DBConnectionFactoryImpl] from namespace [com.topcoder.management.project.persistence.InformixProjectPersistence].
Read propery[ConnectionName] which is  optional  with value[informix_connection] from namespace [com.topcoder.management.project.persistence.InformixProjectPersistence].
Read propery[ProjectIdSequenceName] which is  optional  with value[project_id_seq] from namespace [com.topcoder.management.project.persistence.InformixProjectPersistence].
Read propery[ProjectAuditIdSequenceName] which is  optional  with value[project_audit_id_seq] from namespace [com.topcoder.management.project.persistence.InformixProjectPersistence].
Read propery[ConnectionFactoryNS] which is  required  with value[com.topcoder.db.connectionfactory.DBConnectionFactoryImpl] from namespace [com.topcoder.management.project.persistence.link.ProjectLinkManagerImpl].
Read propery[ConnectionName] which is  optional  with value[informix_connection] from namespace [com.topcoder.management.project.persistence.link.ProjectLinkManagerImpl].
read property ConnectionFactoryNS[com.topcoder.db.connectionfactory.DBConnectionFactoryImpl] from the namespace :com.topcoder.management.scorecard.persistence.InformixScorecardPersistence
read property ConnectionName[informix_connection] from the namespace :com.topcoder.management.scorecard.persistence.InformixScorecardPersistence
Instantiate SqlUploadPersistence with connectionFactory and connectioName:informix_connection
Instantiate PersistenceUploadManager with UploadPersistence, uploadSearchBundle, submissionSearchBundle, uploadIdGenerator, uploadTypeIdGenerator, uploadStatusIdGenerator, submissionIDGenerator, submissionStatusIdGenerator and submissionTypeIdGenerator.
Instantiate AbstractResourcePersistence with connectionFactory and connectionName[informix_connection].
load Resource role with ids:[J@1d144a4,[J@1d144a4,[J@1d144a4,[J@1d144a4,[J@1d144a4,[J@1d144a4,[J@1d144a4,[J@1d144a4,[J@1d144a4,[J@1d144a4,[J@1d144a4,[J@1d144a4,[J@1d144a4,[J@1d144a4,[J@1d144a4,[J@1d144a4,[J@1d144a4,[J@1d144a4,[J@1d144a4,[J@1d144a4,[J@1d144a4,[J@1d144a4
operator: UnknownresourceId: Unknown - creating db connection using connection name: informix_connection
committing transaction
load Notifications with array of userIds/projectIds/notificationTypes.
operator: UnknownresourceId: Unknown - creating db connection using connection name: informix_connection
committing transaction
get projects with the ids: 1
operator: UnknownprojectId: Unknown - creating db connection using connection name: informix_connection
committing transaction
load Resource role with ids:[J@10ff62a,[J@10ff62a,[J@10ff62a,[J@10ff62a,[J@10ff62a,[J@10ff62a,[J@10ff62a,[J@10ff62a,[J@10ff62a,[J@10ff62a,[J@10ff62a,[J@10ff62a,[J@10ff62a,[J@10ff62a,[J@10ff62a,[J@10ff62a,[J@10ff62a,[J@10ff62a,[J@10ff62a,[J@10ff62a,[J@10ff62a,[J@10ff62a
operator: UnknownresourceId: Unknown - creating db connection using connection name: informix_connection
committing transaction
load Resource with ids:[J@287b58
operator: UnknownresourceId: Unknown - creating db connection using connection name: informix_connection
load ResourceRole with id:4
operator: UnknownresourceId: Unknown - creating db connection using connection name: informix_connection
committing transaction
committing transaction
load Resource with ids:[J@bc9673
operator: UnknownresourceId: Unknown - creating db connection using connection name: informix_connection
load ResourceRole with id:12
operator: UnknownresourceId: Unknown - creating db connection using connection name: informix_connection
committing transaction
committing transaction
load Resource with ids:[J@af914c
operator: UnknownresourceId: Unknown - creating db connection using connection name: informix_connection
load ResourceRole with id:13
operator: UnknownresourceId: Unknown - creating db connection using connection name: informix_connection
committing transaction
committing transaction
load Resource with ids:[J@160f5bf
operator: UnknownresourceId: Unknown - creating db connection using connection name: informix_connection
load ResourceRole with id:9
operator: UnknownresourceId: Unknown - creating db connection using connection name: informix_connection
committing transaction
committing transaction
operator: UnknownresourceId: 100001 - load resource.
operator: UnknownresourceId: Unknown - creating db connection using connection name: informix_connection
load ResourceRole with id:4
operator: UnknownresourceId: Unknown - creating db connection using connection name: informix_connection
committing transaction
committing transaction
operator: UnknownresourceId: 100002 - load resource.
operator: UnknownresourceId: Unknown - creating db connection using connection name: informix_connection
load ResourceRole with id:12
operator: UnknownresourceId: Unknown - creating db connection using connection name: informix_connection
committing transaction
committing transaction
Read propery[ConnectionFactoryNS] which is  required  with value[com.topcoder.db.connectionfactory.DBConnectionFactoryImpl] from namespace [com.topcoder.management.project.persistence.InformixProjectPersistence].
Read propery[ConnectionName] which is  optional  with value[informix_connection] from namespace [com.topcoder.management.project.persistence.InformixProjectPersistence].
Read propery[ProjectIdSequenceName] which is  optional  with value[project_id_seq] from namespace [com.topcoder.management.project.persistence.InformixProjectPersistence].
Read propery[ProjectAuditIdSequenceName] which is  optional  with value[project_audit_id_seq] from namespace [com.topcoder.management.project.persistence.InformixProjectPersistence].
Read propery[ConnectionFactoryNS] which is  required  with value[com.topcoder.db.connectionfactory.DBConnectionFactoryImpl] from namespace [com.topcoder.management.project.persistence.link.ProjectLinkManagerImpl].
Read propery[ConnectionName] which is  optional  with value[informix_connection] from namespace [com.topcoder.management.project.persistence.link.ProjectLinkManagerImpl].
read property ConnectionFactoryNS[com.topcoder.db.connectionfactory.DBConnectionFactoryImpl] from the namespace :com.topcoder.management.scorecard.persistence.InformixScorecardPersistence
read property ConnectionName[informix_connection] from the namespace :com.topcoder.management.scorecard.persistence.InformixScorecardPersistence
Instantiate SqlUploadPersistence with connectionFactory and connectioName:informix_connection
Instantiate PersistenceUploadManager with UploadPersistence, uploadSearchBundle, submissionSearchBundle, uploadIdGenerator, uploadTypeIdGenerator, uploadStatusIdGenerator, submissionIDGenerator, submissionStatusIdGenerator and submissionTypeIdGenerator.
Instantiate AbstractResourcePersistence with connectionFactory and connectionName[informix_connection].
load Resource role with ids:[J@58f769,[J@58f769,[J@58f769,[J@58f769,[J@58f769,[J@58f769,[J@58f769,[J@58f769,[J@58f769,[J@58f769,[J@58f769,[J@58f769,[J@58f769,[J@58f769,[J@58f769,[J@58f769,[J@58f769,[J@58f769,[J@58f769,[J@58f769,[J@58f769,[J@58f769
operator: UnknownresourceId: Unknown - creating db connection using connection name: informix_connection
committing transaction
Read propery[ConnectionFactoryNS] which is  required  with value[com.topcoder.db.connectionfactory.DBConnectionFactoryImpl] from namespace [com.topcoder.management.project.persistence.InformixProjectPersistence].
Read propery[ConnectionName] which is  optional  with value[informix_connection] from namespace [com.topcoder.management.project.persistence.InformixProjectPersistence].
Read propery[ProjectIdSequenceName] which is  optional  with value[project_id_seq] from namespace [com.topcoder.management.project.persistence.InformixProjectPersistence].
Read propery[ProjectAuditIdSequenceName] which is  optional  with value[project_audit_id_seq] from namespace [com.topcoder.management.project.persistence.InformixProjectPersistence].
Read propery[ConnectionFactoryNS] which is  required  with value[com.topcoder.db.connectionfactory.DBConnectionFactoryImpl] from namespace [com.topcoder.management.project.persistence.link.ProjectLinkManagerImpl].
Read propery[ConnectionName] which is  optional  with value[informix_connection] from namespace [com.topcoder.management.project.persistence.link.ProjectLinkManagerImpl].
read property ConnectionFactoryNS[com.topcoder.db.connectionfactory.DBConnectionFactoryImpl] from the namespace :com.topcoder.management.scorecard.persistence.InformixScorecardPersistence
read property ConnectionName[informix_connection] from the namespace :com.topcoder.management.scorecard.persistence.InformixScorecardPersistence
Instantiate SqlUploadPersistence with connectionFactory and connectioName:informix_connection
Instantiate PersistenceUploadManager with UploadPersistence, uploadSearchBundle, submissionSearchBundle, uploadIdGenerator, uploadTypeIdGenerator, uploadStatusIdGenerator, submissionIDGenerator, submissionStatusIdGenerator and submissionTypeIdGenerator.
Instantiate AbstractResourcePersistence with connectionFactory and connectionName[informix_connection].
load Resource role with ids:[J@2e6c66,[J@2e6c66,[J@2e6c66,[J@2e6c66,[J@2e6c66,[J@2e6c66,[J@2e6c66,[J@2e6c66,[J@2e6c66,[J@2e6c66,[J@2e6c66,[J@2e6c66,[J@2e6c66,[J@2e6c66,[J@2e6c66,[J@2e6c66,[J@2e6c66,[J@2e6c66,[J@2e6c66,[J@2e6c66,[J@2e6c66,[J@2e6c66
operator: UnknownresourceId: Unknown - creating db connection using connection name: informix_connection
committing transaction
Read propery[ConnectionFactoryNS] which is  required  with value[com.topcoder.db.connectionfactory.DBConnectionFactoryImpl] from namespace [com.topcoder.management.project.persistence.InformixProjectPersistence].
Read propery[ConnectionName] which is  optional  with value[informix_connection] from namespace [com.topcoder.management.project.persistence.InformixProjectPersistence].
Read propery[ProjectIdSequenceName] which is  optional  with value[project_id_seq] from namespace [com.topcoder.management.project.persistence.InformixProjectPersistence].
Read propery[ProjectAuditIdSequenceName] which is  optional  with value[project_audit_id_seq] from namespace [com.topcoder.management.project.persistence.InformixProjectPersistence].
Read propery[ConnectionFactoryNS] which is  required  with value[com.topcoder.db.connectionfactory.DBConnectionFactoryImpl] from namespace [com.topcoder.management.project.persistence.link.ProjectLinkManagerImpl].
Read propery[ConnectionName] which is  optional  with value[informix_connection] from namespace [com.topcoder.management.project.persistence.link.ProjectLinkManagerImpl].
read property ConnectionFactoryNS[com.topcoder.db.connectionfactory.DBConnectionFactoryImpl] from the namespace :com.topcoder.management.scorecard.persistence.InformixScorecardPersistence
read property ConnectionName[informix_connection] from the namespace :com.topcoder.management.scorecard.persistence.InformixScorecardPersistence
Instantiate SqlUploadPersistence with connectionFactory and connectioName:informix_connection
Instantiate PersistenceUploadManager with UploadPersistence, uploadSearchBundle, submissionSearchBundle, uploadIdGenerator, uploadTypeIdGenerator, uploadStatusIdGenerator, submissionIDGenerator, submissionStatusIdGenerator and submissionTypeIdGenerator.
Instantiate AbstractResourcePersistence with connectionFactory and connectionName[informix_connection].
load Resource role with ids:[J@1e80f3a,[J@1e80f3a,[J@1e80f3a,[J@1e80f3a,[J@1e80f3a,[J@1e80f3a,[J@1e80f3a,[J@1e80f3a,[J@1e80f3a,[J@1e80f3a,[J@1e80f3a,[J@1e80f3a,[J@1e80f3a,[J@1e80f3a,[J@1e80f3a,[J@1e80f3a,[J@1e80f3a,[J@1e80f3a,[J@1e80f3a,[J@1e80f3a,[J@1e80f3a,[J@1e80f3a
operator: UnknownresourceId: Unknown - creating db connection using connection name: informix_connection
committing transaction
Read propery[ConnectionFactoryNS] which is  required  with value[com.topcoder.db.connectionfactory.DBConnectionFactoryImpl] from namespace [com.topcoder.management.project.persistence.InformixProjectPersistence].
Read propery[ConnectionName] which is  optional  with value[informix_connection] from namespace [com.topcoder.management.project.persistence.InformixProjectPersistence].
Read propery[ProjectIdSequenceName] which is  optional  with value[project_id_seq] from namespace [com.topcoder.management.project.persistence.InformixProjectPersistence].
Read propery[ProjectAuditIdSequenceName] which is  optional  with value[project_audit_id_seq] from namespace [com.topcoder.management.project.persistence.InformixProjectPersistence].
Read propery[ConnectionFactoryNS] which is  required  with value[com.topcoder.db.connectionfactory.DBConnectionFactoryImpl] from namespace [com.topcoder.management.project.persistence.link.ProjectLinkManagerImpl].
Read propery[ConnectionName] which is  optional  with value[informix_connection] from namespace [com.topcoder.management.project.persistence.link.ProjectLinkManagerImpl].
read property ConnectionFactoryNS[com.topcoder.db.connectionfactory.DBConnectionFactoryImpl] from the namespace :com.topcoder.management.scorecard.persistence.InformixScorecardPersistence
read property ConnectionName[informix_connection] from the namespace :com.topcoder.management.scorecard.persistence.InformixScorecardPersistence
Instantiate SqlUploadPersistence with connectionFactory and connectioName:informix_connection
Instantiate PersistenceUploadManager with UploadPersistence, uploadSearchBundle, submissionSearchBundle, uploadIdGenerator, uploadTypeIdGenerator, uploadStatusIdGenerator, submissionIDGenerator, submissionStatusIdGenerator and submissionTypeIdGenerator.
Instantiate AbstractResourcePersistence with connectionFactory and connectionName[informix_connection].
load Resource role with ids:[J@1c8f91e,[J@1c8f91e,[J@1c8f91e,[J@1c8f91e,[J@1c8f91e,[J@1c8f91e,[J@1c8f91e,[J@1c8f91e,[J@1c8f91e,[J@1c8f91e,[J@1c8f91e,[J@1c8f91e,[J@1c8f91e,[J@1c8f91e,[J@1c8f91e,[J@1c8f91e,[J@1c8f91e,[J@1c8f91e,[J@1c8f91e,[J@1c8f91e,[J@1c8f91e,[J@1c8f91e
operator: UnknownresourceId: Unknown - creating db connection using connection name: informix_connection
committing transaction
Read propery[ConnectionFactoryNS] which is  required  with value[com.topcoder.db.connectionfactory.DBConnectionFactoryImpl] from namespace [com.topcoder.management.project.persistence.InformixProjectPersistence].
Read propery[ConnectionName] which is  optional  with value[informix_connection] from namespace [com.topcoder.management.project.persistence.InformixProjectPersistence].
Read propery[ProjectIdSequenceName] which is  optional  with value[project_id_seq] from namespace [com.topcoder.management.project.persistence.InformixProjectPersistence].
Read propery[ProjectAuditIdSequenceName] which is  optional  with value[project_audit_id_seq] from namespace [com.topcoder.management.project.persistence.InformixProjectPersistence].
Read propery[ConnectionFactoryNS] which is  required  with value[com.topcoder.db.connectionfactory.DBConnectionFactoryImpl] from namespace [com.topcoder.management.project.persistence.link.ProjectLinkManagerImpl].
Read propery[ConnectionName] which is  optional  with value[informix_connection] from namespace [com.topcoder.management.project.persistence.link.ProjectLinkManagerImpl].
read property ConnectionFactoryNS[com.topcoder.db.connectionfactory.DBConnectionFactoryImpl] from the namespace :com.topcoder.management.scorecard.persistence.InformixScorecardPersistence
read property ConnectionName[informix_connection] from the namespace :com.topcoder.management.scorecard.persistence.InformixScorecardPersistence
Instantiate SqlUploadPersistence with connectionFactory and connectioName:informix_connection
Instantiate PersistenceUploadManager with UploadPersistence, uploadSearchBundle, submissionSearchBundle, uploadIdGenerator, uploadTypeIdGenerator, uploadStatusIdGenerator, submissionIDGenerator, submissionStatusIdGenerator and submissionTypeIdGenerator.
Instantiate AbstractResourcePersistence with connectionFactory and connectionName[informix_connection].
load Resource role with ids:[J@21b97e,[J@21b97e,[J@21b97e,[J@21b97e,[J@21b97e,[J@21b97e,[J@21b97e,[J@21b97e,[J@21b97e,[J@21b97e,[J@21b97e,[J@21b97e,[J@21b97e,[J@21b97e,[J@21b97e,[J@21b97e,[J@21b97e,[J@21b97e,[J@21b97e,[J@21b97e,[J@21b97e,[J@21b97e
operator: UnknownresourceId: Unknown - creating db connection using connection name: informix_connection
committing transaction
Read propery[ConnectionFactoryNS] which is  required  with value[com.topcoder.db.connectionfactory.DBConnectionFactoryImpl] from namespace [com.topcoder.management.project.persistence.InformixProjectPersistence].
Read propery[ConnectionName] which is  optional  with value[informix_connection] from namespace [com.topcoder.management.project.persistence.InformixProjectPersistence].
Read propery[ProjectIdSequenceName] which is  optional  with value[project_id_seq] from namespace [com.topcoder.management.project.persistence.InformixProjectPersistence].
Read propery[ProjectAuditIdSequenceName] which is  optional  with value[project_audit_id_seq] from namespace [com.topcoder.management.project.persistence.InformixProjectPersistence].
Read propery[ConnectionFactoryNS] which is  required  with value[com.topcoder.db.connectionfactory.DBConnectionFactoryImpl] from namespace [com.topcoder.management.project.persistence.link.ProjectLinkManagerImpl].
Read propery[ConnectionName] which is  optional  with value[informix_connection] from namespace [com.topcoder.management.project.persistence.link.ProjectLinkManagerImpl].
read property ConnectionFactoryNS[com.topcoder.db.connectionfactory.DBConnectionFactoryImpl] from the namespace :com.topcoder.management.scorecard.persistence.InformixScorecardPersistence
read property ConnectionName[informix_connection] from the namespace :com.topcoder.management.scorecard.persistence.InformixScorecardPersistence
Instantiate SqlUploadPersistence with connectionFactory and connectioName:informix_connection
Instantiate PersistenceUploadManager with UploadPersistence, uploadSearchBundle, submissionSearchBundle, uploadIdGenerator, uploadTypeIdGenerator, uploadStatusIdGenerator, submissionIDGenerator, submissionStatusIdGenerator and submissionTypeIdGenerator.
Instantiate AbstractResourcePersistence with connectionFactory and connectionName[informix_connection].
load Resource role with ids:[J@91cf0b,[J@91cf0b,[J@91cf0b,[J@91cf0b,[J@91cf0b,[J@91cf0b,[J@91cf0b,[J@91cf0b,[J@91cf0b,[J@91cf0b,[J@91cf0b,[J@91cf0b,[J@91cf0b,[J@91cf0b,[J@91cf0b,[J@91cf0b,[J@91cf0b,[J@91cf0b,[J@91cf0b,[J@91cf0b,[J@91cf0b,[J@91cf0b
operator: UnknownresourceId: Unknown - creating db connection using connection name: informix_connection
committing transaction
Read propery[ConnectionFactoryNS] which is  required  with value[com.topcoder.db.connectionfactory.DBConnectionFactoryImpl] from namespace [com.topcoder.management.project.persistence.InformixProjectPersistence].
Read propery[ConnectionName] which is  optional  with value[informix_connection] from namespace [com.topcoder.management.project.persistence.InformixProjectPersistence].
Read propery[ProjectIdSequenceName] which is  optional  with value[project_id_seq] from namespace [com.topcoder.management.project.persistence.InformixProjectPersistence].
Read propery[ProjectAuditIdSequenceName] which is  optional  with value[project_audit_id_seq] from namespace [com.topcoder.management.project.persistence.InformixProjectPersistence].
Read propery[ConnectionFactoryNS] which is  required  with value[com.topcoder.db.connectionfactory.DBConnectionFactoryImpl] from namespace [com.topcoder.management.project.persistence.link.ProjectLinkManagerImpl].
Read propery[ConnectionName] which is  optional  with value[informix_connection] from namespace [com.topcoder.management.project.persistence.link.ProjectLinkManagerImpl].
read property ConnectionFactoryNS[com.topcoder.db.connectionfactory.DBConnectionFactoryImpl] from the namespace :com.topcoder.management.scorecard.persistence.InformixScorecardPersistence
read property ConnectionName[informix_connection] from the namespace :com.topcoder.management.scorecard.persistence.InformixScorecardPersistence
Instantiate SqlUploadPersistence with connectionFactory and connectioName:informix_connection
Instantiate PersistenceUploadManager with UploadPersistence, uploadSearchBundle, submissionSearchBundle, uploadIdGenerator, uploadTypeIdGenerator, uploadStatusIdGenerator, submissionIDGenerator, submissionStatusIdGenerator and submissionTypeIdGenerator.
Instantiate AbstractResourcePersistence with connectionFactory and connectionName[informix_connection].
load Resource role with ids:[J@dabcea,[J@dabcea,[J@dabcea,[J@dabcea,[J@dabcea,[J@dabcea,[J@dabcea,[J@dabcea,[J@dabcea,[J@dabcea,[J@dabcea,[J@dabcea,[J@dabcea,[J@dabcea,[J@dabcea,[J@dabcea,[J@dabcea,[J@dabcea,[J@dabcea,[J@dabcea,[J@dabcea,[J@dabcea
operator: UnknownresourceId: Unknown - creating db connection using connection name: informix_connection
committing transaction
Read propery[ConnectionFactoryNS] which is  required  with value[com.topcoder.db.connectionfactory.DBConnectionFactoryImpl] from namespace [com.topcoder.management.project.persistence.InformixProjectPersistence].
Read propery[ConnectionName] which is  optional  with value[informix_connection] from namespace [com.topcoder.management.project.persistence.InformixProjectPersistence].
Read propery[ProjectIdSequenceName] which is  optional  with value[project_id_seq] from namespace [com.topcoder.management.project.persistence.InformixProjectPersistence].
Read propery[ProjectAuditIdSequenceName] which is  optional  with value[project_audit_id_seq] from namespace [com.topcoder.management.project.persistence.InformixProjectPersistence].
Read propery[ConnectionFactoryNS] which is  required  with value[com.topcoder.db.connectionfactory.DBConnectionFactoryImpl] from namespace [com.topcoder.management.project.persistence.link.ProjectLinkManagerImpl].
Read propery[ConnectionName] which is  optional  with value[informix_connection] from namespace [com.topcoder.management.project.persistence.link.ProjectLinkManagerImpl].
read property ConnectionFactoryNS[com.topcoder.db.connectionfactory.DBConnectionFactoryImpl] from the namespace :com.topcoder.management.scorecard.persistence.InformixScorecardPersistence
read property ConnectionName[informix_connection] from the namespace :com.topcoder.management.scorecard.persistence.InformixScorecardPersistence
Instantiate SqlUploadPersistence with connectionFactory and connectioName:informix_connection
Instantiate PersistenceUploadManager with UploadPersistence, uploadSearchBundle, submissionSearchBundle, uploadIdGenerator, uploadTypeIdGenerator, uploadStatusIdGenerator, submissionIDGenerator, submissionStatusIdGenerator and submissionTypeIdGenerator.
Instantiate AbstractResourcePersistence with connectionFactory and connectionName[informix_connection].
load Resource role with ids:[J@db95a1,[J@db95a1,[J@db95a1,[J@db95a1,[J@db95a1,[J@db95a1,[J@db95a1,[J@db95a1,[J@db95a1,[J@db95a1,[J@db95a1,[J@db95a1,[J@db95a1,[J@db95a1,[J@db95a1,[J@db95a1,[J@db95a1,[J@db95a1,[J@db95a1,[J@db95a1,[J@db95a1,[J@db95a1
operator: UnknownresourceId: Unknown - creating db connection using connection name: informix_connection
committing transaction
Read propery[ConnectionFactoryNS] which is  required  with value[com.topcoder.db.connectionfactory.DBConnectionFactoryImpl] from namespace [com.topcoder.management.project.persistence.InformixProjectPersistence].
Read propery[ConnectionName] which is  optional  with value[informix_connection] from namespace [com.topcoder.management.project.persistence.InformixProjectPersistence].
Read propery[ProjectIdSequenceName] which is  optional  with value[project_id_seq] from namespace [com.topcoder.management.project.persistence.InformixProjectPersistence].
Read propery[ProjectAuditIdSequenceName] which is  optional  with value[project_audit_id_seq] from namespace [com.topcoder.management.project.persistence.InformixProjectPersistence].
Read propery[ConnectionFactoryNS] which is  required  with value[com.topcoder.db.connectionfactory.DBConnectionFactoryImpl] from namespace [com.topcoder.management.project.persistence.link.ProjectLinkManagerImpl].
Read propery[ConnectionName] which is  optional  with value[informix_connection] from namespace [com.topcoder.management.project.persistence.link.ProjectLinkManagerImpl].
read property ConnectionFactoryNS[com.topcoder.db.connectionfactory.DBConnectionFactoryImpl] from the namespace :com.topcoder.management.scorecard.persistence.InformixScorecardPersistence
read property ConnectionName[informix_connection] from the namespace :com.topcoder.management.scorecard.persistence.InformixScorecardPersistence
Instantiate SqlUploadPersistence with connectionFactory and connectioName:informix_connection
Instantiate PersistenceUploadManager with UploadPersistence, uploadSearchBundle, submissionSearchBundle, uploadIdGenerator, uploadTypeIdGenerator, uploadStatusIdGenerator, submissionIDGenerator, submissionStatusIdGenerator and submissionTypeIdGenerator.
Instantiate AbstractResourcePersistence with connectionFactory and connectionName[informix_connection].
load Resource role with ids:[J@6f19d5,[J@6f19d5,[J@6f19d5,[J@6f19d5,[J@6f19d5,[J@6f19d5,[J@6f19d5,[J@6f19d5,[J@6f19d5,[J@6f19d5,[J@6f19d5,[J@6f19d5,[J@6f19d5,[J@6f19d5,[J@6f19d5,[J@6f19d5,[J@6f19d5,[J@6f19d5,[J@6f19d5,[J@6f19d5,[J@6f19d5,[J@6f19d5
operator: UnknownresourceId: Unknown - creating db connection using connection name: informix_connection
committing transaction
operator: UnknownprojectId: Unknown - Enter getDestProjectLinks method.
operator: UnknownprojectId: Unknown - creating db connection using connection name: informix_connection
get projects with the ids: 1,2
operator: UnknownprojectId: Unknown - creating db connection using connection name: informix_connection
committing transaction
committing transaction
Read propery[ConnectionFactoryNS] which is  required  with value[com.topcoder.db.connectionfactory.DBConnectionFactoryImpl] from namespace [com.topcoder.management.project.persistence.InformixProjectPersistence].
Read propery[ConnectionName] which is  optional  with value[informix_connection] from namespace [com.topcoder.management.project.persistence.InformixProjectPersistence].
Read propery[ProjectIdSequenceName] which is  optional  with value[project_id_seq] from namespace [com.topcoder.management.project.persistence.InformixProjectPersistence].
Read propery[ProjectAuditIdSequenceName] which is  optional  with value[project_audit_id_seq] from namespace [com.topcoder.management.project.persistence.InformixProjectPersistence].
Read propery[ConnectionFactoryNS] which is  required  with value[com.topcoder.db.connectionfactory.DBConnectionFactoryImpl] from namespace [com.topcoder.management.project.persistence.link.ProjectLinkManagerImpl].
Read propery[ConnectionName] which is  optional  with value[informix_connection] from namespace [com.topcoder.management.project.persistence.link.ProjectLinkManagerImpl].
read property ConnectionFactoryNS[com.topcoder.db.connectionfactory.DBConnectionFactoryImpl] from the namespace :com.topcoder.management.scorecard.persistence.InformixScorecardPersistence
read property ConnectionName[informix_connection] from the namespace :com.topcoder.management.scorecard.persistence.InformixScorecardPersistence
Instantiate SqlUploadPersistence with connectionFactory and connectioName:informix_connection
Instantiate PersistenceUploadManager with UploadPersistence, uploadSearchBundle, submissionSearchBundle, uploadIdGenerator, uploadTypeIdGenerator, uploadStatusIdGenerator, submissionIDGenerator, submissionStatusIdGenerator and submissionTypeIdGenerator.
Instantiate AbstractResourcePersistence with connectionFactory and connectionName[informix_connection].
load Resource role with ids:[J@6e56ae,[J@6e56ae,[J@6e56ae,[J@6e56ae,[J@6e56ae,[J@6e56ae,[J@6e56ae,[J@6e56ae,[J@6e56ae,[J@6e56ae,[J@6e56ae,[J@6e56ae,[J@6e56ae,[J@6e56ae,[J@6e56ae,[J@6e56ae,[J@6e56ae,[J@6e56ae,[J@6e56ae,[J@6e56ae,[J@6e56ae,[J@6e56ae
operator: UnknownresourceId: Unknown - creating db connection using connection name: informix_connection
committing transaction
Read propery[ConnectionFactoryNS] which is  required  with value[com.topcoder.db.connectionfactory.DBConnectionFactoryImpl] from namespace [com.topcoder.management.project.persistence.InformixProjectPersistence].
Read propery[ConnectionName] which is  optional  with value[informix_connection] from namespace [com.topcoder.management.project.persistence.InformixProjectPersistence].
Read propery[ProjectIdSequenceName] which is  optional  with value[project_id_seq] from namespace [com.topcoder.management.project.persistence.InformixProjectPersistence].
Read propery[ProjectAuditIdSequenceName] which is  optional  with value[project_audit_id_seq] from namespace [com.topcoder.management.project.persistence.InformixProjectPersistence].
Read propery[ConnectionFactoryNS] which is  required  with value[com.topcoder.db.connectionfactory.DBConnectionFactoryImpl] from namespace [com.topcoder.management.project.persistence.link.ProjectLinkManagerImpl].
Read propery[ConnectionName] which is  optional  with value[informix_connection] from namespace [com.topcoder.management.project.persistence.link.ProjectLinkManagerImpl].
read property ConnectionFactoryNS[com.topcoder.db.connectionfactory.DBConnectionFactoryImpl] from the namespace :com.topcoder.management.scorecard.persistence.InformixScorecardPersistence
read property ConnectionName[informix_connection] from the namespace :com.topcoder.management.scorecard.persistence.InformixScorecardPersistence
Instantiate SqlUploadPersistence with connectionFactory and connectioName:informix_connection
Instantiate PersistenceUploadManager with UploadPersistence, uploadSearchBundle, submissionSearchBundle, uploadIdGenerator, uploadTypeIdGenerator, uploadStatusIdGenerator, submissionIDGenerator, submissionStatusIdGenerator and submissionTypeIdGenerator.
Instantiate AbstractResourcePersistence with connectionFactory and connectionName[informix_connection].
load Resource role with ids:[J@599d5b,[J@599d5b,[J@599d5b,[J@599d5b,[J@599d5b,[J@599d5b,[J@599d5b,[J@599d5b,[J@599d5b,[J@599d5b,[J@599d5b,[J@599d5b,[J@599d5b,[J@599d5b,[J@599d5b,[J@599d5b,[J@599d5b,[J@599d5b,[J@599d5b,[J@599d5b,[J@599d5b,[J@599d5b
operator: UnknownresourceId: Unknown - creating db connection using connection name: informix_connection
committing transaction
operator: UnknownprojectId: Unknown - Enter getDestProjectLinks method.
operator: UnknownprojectId: Unknown - creating db connection using connection name: informix_connection
get projects with the ids: 1,2
operator: UnknownprojectId: Unknown - creating db connection using connection name: informix_connection
committing transaction
committing transaction
Read propery[ConnectionFactoryNS] which is  required  with value[com.topcoder.db.connectionfactory.DBConnectionFactoryImpl] from namespace [com.topcoder.management.project.persistence.InformixProjectPersistence].
Read propery[ConnectionName] which is  optional  with value[informix_connection] from namespace [com.topcoder.management.project.persistence.InformixProjectPersistence].
Read propery[ProjectIdSequenceName] which is  optional  with value[project_id_seq] from namespace [com.topcoder.management.project.persistence.InformixProjectPersistence].
Read propery[ProjectAuditIdSequenceName] which is  optional  with value[project_audit_id_seq] from namespace [com.topcoder.management.project.persistence.InformixProjectPersistence].
Read propery[ConnectionFactoryNS] which is  required  with value[com.topcoder.db.connectionfactory.DBConnectionFactoryImpl] from namespace [com.topcoder.management.project.persistence.link.ProjectLinkManagerImpl].
Read propery[ConnectionName] which is  optional  with value[informix_connection] from namespace [com.topcoder.management.project.persistence.link.ProjectLinkManagerImpl].
read property ConnectionFactoryNS[com.topcoder.db.connectionfactory.DBConnectionFactoryImpl] from the namespace :com.topcoder.management.scorecard.persistence.InformixScorecardPersistence
read property ConnectionName[informix_connection] from the namespace :com.topcoder.management.scorecard.persistence.InformixScorecardPersistence
Instantiate SqlUploadPersistence with connectionFactory and connectioName:informix_connection
Instantiate PersistenceUploadManager with UploadPersistence, uploadSearchBundle, submissionSearchBundle, uploadIdGenerator, uploadTypeIdGenerator, uploadStatusIdGenerator, submissionIDGenerator, submissionStatusIdGenerator and submissionTypeIdGenerator.
Instantiate AbstractResourcePersistence with connectionFactory and connectionName[informix_connection].
load Resource role with ids:[J@15386c2,[J@15386c2,[J@15386c2,[J@15386c2,[J@15386c2,[J@15386c2,[J@15386c2,[J@15386c2,[J@15386c2,[J@15386c2,[J@15386c2,[J@15386c2,[J@15386c2,[J@15386c2,[J@15386c2,[J@15386c2,[J@15386c2,[J@15386c2,[J@15386c2,[J@15386c2,[J@15386c2,[J@15386c2
operator: UnknownresourceId: Unknown - creating db connection using connection name: informix_connection
committing transaction
operator: UnknownprojectId: Unknown - Enter getDestProjectLinks method.
operator: UnknownprojectId: Unknown - creating db connection using connection name: informix_connection
get projects with the ids: 1
operator: UnknownprojectId: Unknown - creating db connection using connection name: informix_connection
committing transaction
committing transaction
Read propery[ConnectionFactoryNS] which is  required  with value[com.topcoder.db.connectionfactory.DBConnectionFactoryImpl] from namespace [com.topcoder.management.project.persistence.InformixProjectPersistence].
Read propery[ConnectionName] which is  optional  with value[informix_connection] from namespace [com.topcoder.management.project.persistence.InformixProjectPersistence].
Read propery[ProjectIdSequenceName] which is  optional  with value[project_id_seq] from namespace [com.topcoder.management.project.persistence.InformixProjectPersistence].
Read propery[ProjectAuditIdSequenceName] which is  optional  with value[project_audit_id_seq] from namespace [com.topcoder.management.project.persistence.InformixProjectPersistence].
Read propery[ConnectionFactoryNS] which is  required  with value[com.topcoder.db.connectionfactory.DBConnectionFactoryImpl] from namespace [com.topcoder.management.project.persistence.link.ProjectLinkManagerImpl].
Read propery[ConnectionName] which is  optional  with value[informix_connection] from namespace [com.topcoder.management.project.persistence.link.ProjectLinkManagerImpl].
read property ConnectionFactoryNS[com.topcoder.db.connectionfactory.DBConnectionFactoryImpl] from the namespace :com.topcoder.management.scorecard.persistence.InformixScorecardPersistence
read property ConnectionName[informix_connection] from the namespace :com.topcoder.management.scorecard.persistence.InformixScorecardPersistence
Instantiate SqlUploadPersistence with connectionFactory and connectioName:informix_connection
Instantiate PersistenceUploadManager with UploadPersistence, uploadSearchBundle, submissionSearchBundle, uploadIdGenerator, uploadTypeIdGenerator, uploadStatusIdGenerator, submissionIDGenerator, submissionStatusIdGenerator and submissionTypeIdGenerator.
Instantiate AbstractResourcePersistence with connectionFactory and connectionName[informix_connection].
load Resource role with ids:[J@1d652,[J@1d652,[J@1d652,[J@1d652,[J@1d652,[J@1d652,[J@1d652,[J@1d652,[J@1d652,[J@1d652,[J@1d652,[J@1d652,[J@1d652,[J@1d652,[J@1d652,[J@1d652,[J@1d652,[J@1d652,[J@1d652,[J@1d652,[J@1d652,[J@1d652
operator: UnknownresourceId: Unknown - creating db connection using connection name: informix_connection
committing transaction
Read propery[ConnectionFactoryNS] which is  required  with value[com.topcoder.db.connectionfactory.DBConnectionFactoryImpl] from namespace [com.topcoder.management.project.persistence.InformixProjectPersistence].
Read propery[ConnectionName] which is  optional  with value[informix_connection] from namespace [com.topcoder.management.project.persistence.InformixProjectPersistence].
Read propery[ProjectIdSequenceName] which is  optional  with value[project_id_seq] from namespace [com.topcoder.management.project.persistence.InformixProjectPersistence].
Read propery[ProjectAuditIdSequenceName] which is  optional  with value[project_audit_id_seq] from namespace [com.topcoder.management.project.persistence.InformixProjectPersistence].
Read propery[ConnectionFactoryNS] which is  required  with value[com.topcoder.db.connectionfactory.DBConnectionFactoryImpl] from namespace [com.topcoder.management.project.persistence.link.ProjectLinkManagerImpl].
Read propery[ConnectionName] which is  optional  with value[informix_connection] from namespace [com.topcoder.management.project.persistence.link.ProjectLinkManagerImpl].
read property ConnectionFactoryNS[com.topcoder.db.connectionfactory.DBConnectionFactoryImpl] from the namespace :com.topcoder.management.scorecard.persistence.InformixScorecardPersistence
read property ConnectionName[informix_connection] from the namespace :com.topcoder.management.scorecard.persistence.InformixScorecardPersistence
Instantiate SqlUploadPersistence with connectionFactory and connectioName:informix_connection
Instantiate PersistenceUploadManager with UploadPersistence, uploadSearchBundle, submissionSearchBundle, uploadIdGenerator, uploadTypeIdGenerator, uploadStatusIdGenerator, submissionIDGenerator, submissionStatusIdGenerator and submissionTypeIdGenerator.
Instantiate AbstractResourcePersistence with connectionFactory and connectionName[informix_connection].
load Resource role with ids:[J@1faf3f4,[J@1faf3f4,[J@1faf3f4,[J@1faf3f4,[J@1faf3f4,[J@1faf3f4,[J@1faf3f4,[J@1faf3f4,[J@1faf3f4,[J@1faf3f4,[J@1faf3f4,[J@1faf3f4,[J@1faf3f4,[J@1faf3f4,[J@1faf3f4,[J@1faf3f4,[J@1faf3f4,[J@1faf3f4,[J@1faf3f4,[J@1faf3f4,[J@1faf3f4,[J@1faf3f4
operator: UnknownresourceId: Unknown - creating db connection using connection name: informix_connection
committing transaction
Read propery[ConnectionFactoryNS] which is  required  with value[com.topcoder.db.connectionfactory.DBConnectionFactoryImpl] from namespace [com.topcoder.management.project.persistence.InformixProjectPersistence].
Read propery[ConnectionName] which is  optional  with value[informix_connection] from namespace [com.topcoder.management.project.persistence.InformixProjectPersistence].
Read propery[ProjectIdSequenceName] which is  optional  with value[project_id_seq] from namespace [com.topcoder.management.project.persistence.InformixProjectPersistence].
Read propery[ProjectAuditIdSequenceName] which is  optional  with value[project_audit_id_seq] from namespace [com.topcoder.management.project.persistence.InformixProjectPersistence].
Read propery[ConnectionFactoryNS] which is  required  with value[com.topcoder.db.connectionfactory.DBConnectionFactoryImpl] from namespace [com.topcoder.management.project.persistence.link.ProjectLinkManagerImpl].
Read propery[ConnectionName] which is  optional  with value[informix_connection] from namespace [com.topcoder.management.project.persistence.link.ProjectLinkManagerImpl].
read property ConnectionFactoryNS[com.topcoder.db.connectionfactory.DBConnectionFactoryImpl] from the namespace :com.topcoder.management.scorecard.persistence.InformixScorecardPersistence
read property ConnectionName[informix_connection] from the namespace :com.topcoder.management.scorecard.persistence.InformixScorecardPersistence
Instantiate SqlUploadPersistence with connectionFactory and connectioName:informix_connection
Instantiate PersistenceUploadManager with UploadPersistence, uploadSearchBundle, submissionSearchBundle, uploadIdGenerator, uploadTypeIdGenerator, uploadStatusIdGenerator, submissionIDGenerator, submissionStatusIdGenerator and submissionTypeIdGenerator.
Instantiate AbstractResourcePersistence with connectionFactory and connectionName[informix_connection].
load Resource role with ids:[J@13c66d8,[J@13c66d8,[J@13c66d8,[J@13c66d8,[J@13c66d8,[J@13c66d8,[J@13c66d8,[J@13c66d8,[J@13c66d8,[J@13c66d8,[J@13c66d8,[J@13c66d8,[J@13c66d8,[J@13c66d8,[J@13c66d8,[J@13c66d8,[J@13c66d8,[J@13c66d8,[J@13c66d8,[J@13c66d8,[J@13c66d8,[J@13c66d8
operator: UnknownresourceId: Unknown - creating db connection using connection name: informix_connection
committing transaction
operator: UnknownprojectId: Unknown - Enter getDestProjectLinks method.
operator: UnknownprojectId: Unknown - creating db connection using connection name: informix_connection
get projects with the ids: 1,2
operator: UnknownprojectId: Unknown - creating db connection using connection name: informix_connection
committing transaction
committing transaction
Read propery[ConnectionFactoryNS] which is  required  with value[com.topcoder.db.connectionfactory.DBConnectionFactoryImpl] from namespace [com.topcoder.management.project.persistence.InformixProjectPersistence].
Read propery[ConnectionName] which is  optional  with value[informix_connection] from namespace [com.topcoder.management.project.persistence.InformixProjectPersistence].
Read propery[ProjectIdSequenceName] which is  optional  with value[project_id_seq] from namespace [com.topcoder.management.project.persistence.InformixProjectPersistence].
Read propery[ProjectAuditIdSequenceName] which is  optional  with value[project_audit_id_seq] from namespace [com.topcoder.management.project.persistence.InformixProjectPersistence].
Read propery[ConnectionFactoryNS] which is  required  with value[com.topcoder.db.connectionfactory.DBConnectionFactoryImpl] from namespace [com.topcoder.management.project.persistence.link.ProjectLinkManagerImpl].
Read propery[ConnectionName] which is  optional  with value[informix_connection] from namespace [com.topcoder.management.project.persistence.link.ProjectLinkManagerImpl].
read property ConnectionFactoryNS[com.topcoder.db.connectionfactory.DBConnectionFactoryImpl] from the namespace :com.topcoder.management.scorecard.persistence.InformixScorecardPersistence
read property ConnectionName[informix_connection] from the namespace :com.topcoder.management.scorecard.persistence.InformixScorecardPersistence
Instantiate SqlUploadPersistence with connectionFactory and connectioName:informix_connection
Instantiate PersistenceUploadManager with UploadPersistence, uploadSearchBundle, submissionSearchBundle, uploadIdGenerator, uploadTypeIdGenerator, uploadStatusIdGenerator, submissionIDGenerator, submissionStatusIdGenerator and submissionTypeIdGenerator.
Instantiate AbstractResourcePersistence with connectionFactory and connectionName[informix_connection].
load Resource role with ids:[J@b7cd92,[J@b7cd92,[J@b7cd92,[J@b7cd92,[J@b7cd92,[J@b7cd92,[J@b7cd92,[J@b7cd92,[J@b7cd92,[J@b7cd92,[J@b7cd92,[J@b7cd92,[J@b7cd92,[J@b7cd92,[J@b7cd92,[J@b7cd92,[J@b7cd92,[J@b7cd92,[J@b7cd92,[J@b7cd92,[J@b7cd92,[J@b7cd92
operator: UnknownresourceId: Unknown - creating db connection using connection name: informix_connection
committing transaction
get projects with the ids: 1
operator: UnknownprojectId: Unknown - creating db connection using connection name: informix_connection
committing transaction
Read propery[ConnectionFactoryNS] which is  required  with value[com.topcoder.db.connectionfactory.DBConnectionFactoryImpl] from namespace [com.topcoder.management.project.persistence.InformixProjectPersistence].
Read propery[ConnectionName] which is  optional  with value[informix_connection] from namespace [com.topcoder.management.project.persistence.InformixProjectPersistence].
Read propery[ProjectIdSequenceName] which is  optional  with value[project_id_seq] from namespace [com.topcoder.management.project.persistence.InformixProjectPersistence].
Read propery[ProjectAuditIdSequenceName] which is  optional  with value[project_audit_id_seq] from namespace [com.topcoder.management.project.persistence.InformixProjectPersistence].
Read propery[ConnectionFactoryNS] which is  required  with value[com.topcoder.db.connectionfactory.DBConnectionFactoryImpl] from namespace [com.topcoder.management.project.persistence.link.ProjectLinkManagerImpl].
Read propery[ConnectionName] which is  optional  with value[informix_connection] from namespace [com.topcoder.management.project.persistence.link.ProjectLinkManagerImpl].
read property ConnectionFactoryNS[com.topcoder.db.connectionfactory.DBConnectionFactoryImpl] from the namespace :com.topcoder.management.scorecard.persistence.InformixScorecardPersistence
read property ConnectionName[informix_connection] from the namespace :com.topcoder.management.scorecard.persistence.InformixScorecardPersistence
Instantiate SqlUploadPersistence with connectionFactory and connectioName:informix_connection
Instantiate PersistenceUploadManager with UploadPersistence, uploadSearchBundle, submissionSearchBundle, uploadIdGenerator, uploadTypeIdGenerator, uploadStatusIdGenerator, submissionIDGenerator, submissionStatusIdGenerator and submissionTypeIdGenerator.
Instantiate AbstractResourcePersistence with connectionFactory and connectionName[informix_connection].
load Resource role with ids:[J@e90097,[J@e90097,[J@e90097,[J@e90097,[J@e90097,[J@e90097,[J@e90097,[J@e90097,[J@e90097,[J@e90097,[J@e90097,[J@e90097,[J@e90097,[J@e90097,[J@e90097,[J@e90097,[J@e90097,[J@e90097,[J@e90097,[J@e90097,[J@e90097,[J@e90097
operator: UnknownresourceId: Unknown - creating db connection using connection name: informix_connection
committing transaction
load Notifications with array of userIds/projectIds/notificationTypes.
operator: UnknownresourceId: Unknown - creating db connection using connection name: informix_connection
committing transaction
get projects with the ids: 1
operator: UnknownprojectId: Unknown - creating db connection using connection name: informix_connection
committing transaction
load Resource role with ids:[J@3b5699,[J@3b5699,[J@3b5699,[J@3b5699,[J@3b5699,[J@3b5699,[J@3b5699,[J@3b5699,[J@3b5699,[J@3b5699,[J@3b5699,[J@3b5699,[J@3b5699,[J@3b5699,[J@3b5699,[J@3b5699,[J@3b5699,[J@3b5699,[J@3b5699,[J@3b5699,[J@3b5699,[J@3b5699
operator: UnknownresourceId: Unknown - creating db connection using connection name: informix_connection
committing transaction
load Resource with ids:[J@a1b4e7
operator: UnknownresourceId: Unknown - creating db connection using connection name: informix_connection
load ResourceRole with id:4
operator: UnknownresourceId: Unknown - creating db connection using connection name: informix_connection
committing transaction
committing transaction
load Resource with ids:[J@132b67c
operator: UnknownresourceId: Unknown - creating db connection using connection name: informix_connection
load ResourceRole with id:12
operator: UnknownresourceId: Unknown - creating db connection using connection name: informix_connection
committing transaction
committing transaction
load Resource with ids:[J@bbd1b
operator: UnknownresourceId: Unknown - creating db connection using connection name: informix_connection
load ResourceRole with id:13
operator: UnknownresourceId: Unknown - creating db connection using connection name: informix_connection
committing transaction
committing transaction
load Resource with ids:[J@15ede11
operator: UnknownresourceId: Unknown - creating db connection using connection name: informix_connection
load ResourceRole with id:9
operator: UnknownresourceId: Unknown - creating db connection using connection name: informix_connection
committing transaction
committing transaction
operator: UnknownresourceId: 100001 - load resource.
operator: UnknownresourceId: Unknown - creating db connection using connection name: informix_connection
load ResourceRole with id:4
operator: UnknownresourceId: Unknown - creating db connection using connection name: informix_connection
committing transaction
committing transaction
operator: UnknownresourceId: 100000 - load resource.
operator: UnknownresourceId: Unknown - creating db connection using connection name: informix_connection
load ResourceRole with id:13
operator: UnknownresourceId: Unknown - creating db connection using connection name: informix_connection
committing transaction
committing transaction
Read propery[ConnectionFactoryNS] which is  required  with value[com.topcoder.db.connectionfactory.DBConnectionFactoryImpl] from namespace [com.topcoder.management.project.persistence.InformixProjectPersistence].
Read propery[ConnectionName] which is  optional  with value[informix_connection] from namespace [com.topcoder.management.project.persistence.InformixProjectPersistence].
Read propery[ProjectIdSequenceName] which is  optional  with value[project_id_seq] from namespace [com.topcoder.management.project.persistence.InformixProjectPersistence].
Read propery[ProjectAuditIdSequenceName] which is  optional  with value[project_audit_id_seq] from namespace [com.topcoder.management.project.persistence.InformixProjectPersistence].
Read propery[ConnectionFactoryNS] which is  required  with value[com.topcoder.db.connectionfactory.DBConnectionFactoryImpl] from namespace [com.topcoder.management.project.persistence.link.ProjectLinkManagerImpl].
Read propery[ConnectionName] which is  optional  with value[informix_connection] from namespace [com.topcoder.management.project.persistence.link.ProjectLinkManagerImpl].
read property ConnectionFactoryNS[com.topcoder.db.connectionfactory.DBConnectionFactoryImpl] from the namespace :com.topcoder.management.scorecard.persistence.InformixScorecardPersistence
read property ConnectionName[informix_connection] from the namespace :com.topcoder.management.scorecard.persistence.InformixScorecardPersistence
Instantiate SqlUploadPersistence with connectionFactory and connectioName:informix_connection
Instantiate PersistenceUploadManager with UploadPersistence, uploadSearchBundle, submissionSearchBundle, uploadIdGenerator, uploadTypeIdGenerator, uploadStatusIdGenerator, submissionIDGenerator, submissionStatusIdGenerator and submissionTypeIdGenerator.
Instantiate AbstractResourcePersistence with connectionFactory and connectionName[informix_connection].
load Resource role with ids:[J@d8fd1a,[J@d8fd1a,[J@d8fd1a,[J@d8fd1a,[J@d8fd1a,[J@d8fd1a,[J@d8fd1a,[J@d8fd1a,[J@d8fd1a,[J@d8fd1a,[J@d8fd1a,[J@d8fd1a,[J@d8fd1a,[J@d8fd1a,[J@d8fd1a,[J@d8fd1a,[J@d8fd1a,[J@d8fd1a,[J@d8fd1a,[J@d8fd1a,[J@d8fd1a,[J@d8fd1a
operator: UnknownresourceId: Unknown - creating db connection using connection name: informix_connection
committing transaction
load Resource with ids:[J@b90a6e
operator: UnknownresourceId: Unknown - creating db connection using connection name: informix_connection
load ResourceRole with id:1
operator: UnknownresourceId: Unknown - creating db connection using connection name: informix_connection
committing transaction
committing transaction
get projects with the ids: 1
operator: UnknownprojectId: Unknown - creating db connection using connection name: informix_connection
committing transaction
load Resource role with ids:[J@16c14c0,[J@16c14c0,[J@16c14c0,[J@16c14c0,[J@16c14c0,[J@16c14c0,[J@16c14c0,[J@16c14c0,[J@16c14c0,[J@16c14c0,[J@16c14c0,[J@16c14c0,[J@16c14c0,[J@16c14c0,[J@16c14c0,[J@16c14c0,[J@16c14c0,[J@16c14c0,[J@16c14c0,[J@16c14c0,[J@16c14c0,[J@16c14c0
operator: UnknownresourceId: Unknown - creating db connection using connection name: informix_connection
committing transaction
load Resource with ids:[J@1474392
operator: UnknownresourceId: Unknown - creating db connection using connection name: informix_connection
load ResourceRole with id:1
operator: UnknownresourceId: Unknown - creating db connection using connection name: informix_connection
committing transaction
committing transaction
Read propery[ConnectionFactoryNS] which is  required  with value[com.topcoder.db.connectionfactory.DBConnectionFactoryImpl] from namespace [com.topcoder.management.project.persistence.InformixProjectPersistence].
Read propery[ConnectionName] which is  optional  with value[informix_connection] from namespace [com.topcoder.management.project.persistence.InformixProjectPersistence].
Read propery[ProjectIdSequenceName] which is  optional  with value[project_id_seq] from namespace [com.topcoder.management.project.persistence.InformixProjectPersistence].
Read propery[ProjectAuditIdSequenceName] which is  optional  with value[project_audit_id_seq] from namespace [com.topcoder.management.project.persistence.InformixProjectPersistence].
Read propery[ConnectionFactoryNS] which is  required  with value[com.topcoder.db.connectionfactory.DBConnectionFactoryImpl] from namespace [com.topcoder.management.project.persistence.link.ProjectLinkManagerImpl].
Read propery[ConnectionName] which is  optional  with value[informix_connection] from namespace [com.topcoder.management.project.persistence.link.ProjectLinkManagerImpl].
read property ConnectionFactoryNS[com.topcoder.db.connectionfactory.DBConnectionFactoryImpl] from the namespace :com.topcoder.management.scorecard.persistence.InformixScorecardPersistence
read property ConnectionName[informix_connection] from the namespace :com.topcoder.management.scorecard.persistence.InformixScorecardPersistence
Instantiate SqlUploadPersistence with connectionFactory and connectioName:informix_connection
Instantiate PersistenceUploadManager with UploadPersistence, uploadSearchBundle, submissionSearchBundle, uploadIdGenerator, uploadTypeIdGenerator, uploadStatusIdGenerator, submissionIDGenerator, submissionStatusIdGenerator and submissionTypeIdGenerator.
Instantiate AbstractResourcePersistence with connectionFactory and connectionName[informix_connection].
load Resource role with ids:[J@166ce5f,[J@166ce5f,[J@166ce5f,[J@166ce5f,[J@166ce5f,[J@166ce5f,[J@166ce5f,[J@166ce5f,[J@166ce5f,[J@166ce5f,[J@166ce5f,[J@166ce5f,[J@166ce5f,[J@166ce5f,[J@166ce5f,[J@166ce5f,[J@166ce5f,[J@166ce5f,[J@166ce5f,[J@166ce5f,[J@166ce5f,[J@166ce5f
operator: UnknownresourceId: Unknown - creating db connection using connection name: informix_connection
committing transaction
load Resource with ids:[J@81b83c,[J@81b83c
operator: UnknownresourceId: Unknown - creating db connection using connection name: informix_connection
load ResourceRole with id:1
operator: UnknownresourceId: Unknown - creating db connection using connection name: informix_connection
committing transaction
load ResourceRole with id:1
operator: UnknownresourceId: Unknown - creating db connection using connection name: informix_connection
committing transaction
committing transaction
load Notifications with array of userIds/projectIds/notificationTypes.
operator: UnknownresourceId: Unknown - creating db connection using connection name: informix_connection
committing transaction
get projects with the ids: 1
operator: UnknownprojectId: Unknown - creating db connection using connection name: informix_connection
committing transaction
load Resource role with ids:[J@10e6cbd,[J@10e6cbd,[J@10e6cbd,[J@10e6cbd,[J@10e6cbd,[J@10e6cbd,[J@10e6cbd,[J@10e6cbd,[J@10e6cbd,[J@10e6cbd,[J@10e6cbd,[J@10e6cbd,[J@10e6cbd,[J@10e6cbd,[J@10e6cbd,[J@10e6cbd,[J@10e6cbd,[J@10e6cbd,[J@10e6cbd,[J@10e6cbd,[J@10e6cbd,[J@10e6cbd
operator: UnknownresourceId: Unknown - creating db connection using connection name: informix_connection
committing transaction
load Resource with ids:[J@2136c6
operator: UnknownresourceId: Unknown - creating db connection using connection name: informix_connection
load ResourceRole with id:4
operator: UnknownresourceId: Unknown - creating db connection using connection name: informix_connection
committing transaction
committing transaction
load Resource with ids:[J@272fec
operator: UnknownresourceId: Unknown - creating db connection using connection name: informix_connection
load ResourceRole with id:12
operator: UnknownresourceId: Unknown - creating db connection using connection name: informix_connection
committing transaction
committing transaction
load Resource with ids:[J@1dacb2b
operator: UnknownresourceId: Unknown - creating db connection using connection name: informix_connection
load ResourceRole with id:13
operator: UnknownresourceId: Unknown - creating db connection using connection name: informix_connection
committing transaction
committing transaction
load Resource with ids:[J@1781288
operator: UnknownresourceId: Unknown - creating db connection using connection name: informix_connection
load ResourceRole with id:9
operator: UnknownresourceId: Unknown - creating db connection using connection name: informix_connection
committing transaction
committing transaction
load Resource with ids:[J@c6692,[J@c6692
operator: UnknownresourceId: Unknown - creating db connection using connection name: informix_connection
load ResourceRole with id:1
operator: UnknownresourceId: Unknown - creating db connection using connection name: informix_connection
committing transaction
load ResourceRole with id:1
operator: UnknownresourceId: Unknown - creating db connection using connection name: informix_connection
committing transaction
committing transaction
operator: UnknownresourceId: 100001 - load resource.
operator: UnknownresourceId: Unknown - creating db connection using connection name: informix_connection
load ResourceRole with id:4
operator: UnknownresourceId: Unknown - creating db connection using connection name: informix_connection
committing transaction
committing transaction
operator: UnknownresourceId: 4 - load resource.
operator: UnknownresourceId: Unknown - creating db connection using connection name: informix_connection
load ResourceRole with id:1
operator: UnknownresourceId: Unknown - creating db connection using connection name: informix_connection
committing transaction
committing transaction
operator: UnknownresourceId: 100000 - load resource.
operator: UnknownresourceId: Unknown - creating db connection using connection name: informix_connection
load ResourceRole with id:13
operator: UnknownresourceId: Unknown - creating db connection using connection name: informix_connection
committing transaction
committing transaction
operator: UnknownresourceId: 5 - load resource.
operator: UnknownresourceId: Unknown - creating db connection using connection name: informix_connection
load ResourceRole with id:1
operator: UnknownresourceId: Unknown - creating db connection using connection name: informix_connection
committing transaction
committing transaction
Read propery[ConnectionFactoryNS] which is  required  with value[com.topcoder.db.connectionfactory.DBConnectionFactoryImpl] from namespace [com.topcoder.management.project.persistence.InformixProjectPersistence].
Read propery[ConnectionName] which is  optional  with value[informix_connection] from namespace [com.topcoder.management.project.persistence.InformixProjectPersistence].
Read propery[ProjectIdSequenceName] which is  optional  with value[project_id_seq] from namespace [com.topcoder.management.project.persistence.InformixProjectPersistence].
Read propery[ProjectAuditIdSequenceName] which is  optional  with value[project_audit_id_seq] from namespace [com.topcoder.management.project.persistence.InformixProjectPersistence].
Read propery[ConnectionFactoryNS] which is  required  with value[com.topcoder.db.connectionfactory.DBConnectionFactoryImpl] from namespace [com.topcoder.management.project.persistence.link.ProjectLinkManagerImpl].
Read propery[ConnectionName] which is  optional  with value[informix_connection] from namespace [com.topcoder.management.project.persistence.link.ProjectLinkManagerImpl].
read property ConnectionFactoryNS[com.topcoder.db.connectionfactory.DBConnectionFactoryImpl] from the namespace :com.topcoder.management.scorecard.persistence.InformixScorecardPersistence
read property ConnectionName[informix_connection] from the namespace :com.topcoder.management.scorecard.persistence.InformixScorecardPersistence
Instantiate SqlUploadPersistence with connectionFactory and connectioName:informix_connection
Instantiate PersistenceUploadManager with UploadPersistence, uploadSearchBundle, submissionSearchBundle, uploadIdGenerator, uploadTypeIdGenerator, uploadStatusIdGenerator, submissionIDGenerator, submissionStatusIdGenerator and submissionTypeIdGenerator.
Instantiate AbstractResourcePersistence with connectionFactory and connectionName[informix_connection].
load Resource role with ids:[J@16a5d72,[J@16a5d72,[J@16a5d72,[J@16a5d72,[J@16a5d72,[J@16a5d72,[J@16a5d72,[J@16a5d72,[J@16a5d72,[J@16a5d72,[J@16a5d72,[J@16a5d72,[J@16a5d72,[J@16a5d72,[J@16a5d72,[J@16a5d72,[J@16a5d72,[J@16a5d72,[J@16a5d72,[J@16a5d72,[J@16a5d72,[J@16a5d72
operator: UnknownresourceId: Unknown - creating db connection using connection name: informix_connection
committing transaction
get projects with the ids: 1
operator: UnknownprojectId: Unknown - creating db connection using connection name: informix_connection
committing transaction
load Notifications with array of userIds/projectIds/notificationTypes.
operator: UnknownresourceId: Unknown - creating db connection using connection name: informix_connection
committing transaction
get projects with the ids: 1
operator: UnknownprojectId: Unknown - creating db connection using connection name: informix_connection
committing transaction
load Resource role with ids:[J@1539d49,[J@1539d49,[J@1539d49,[J@1539d49,[J@1539d49,[J@1539d49,[J@1539d49,[J@1539d49,[J@1539d49,[J@1539d49,[J@1539d49,[J@1539d49,[J@1539d49,[J@1539d49,[J@1539d49,[J@1539d49,[J@1539d49,[J@1539d49,[J@1539d49,[J@1539d49,[J@1539d49,[J@1539d49
operator: UnknownresourceId: Unknown - creating db connection using connection name: informix_connection
committing transaction
load Resource with ids:[J@1e8614a
operator: UnknownresourceId: Unknown - creating db connection using connection name: informix_connection
load ResourceRole with id:4
operator: UnknownresourceId: Unknown - creating db connection using connection name: informix_connection
committing transaction
committing transaction
load Resource with ids:[J@652552
operator: UnknownresourceId: Unknown - creating db connection using connection name: informix_connection
load ResourceRole with id:12
operator: UnknownresourceId: Unknown - creating db connection using connection name: informix_connection
committing transaction
committing transaction
load Resource with ids:[J@ced1a8
operator: UnknownresourceId: Unknown - creating db connection using connection name: informix_connection
load ResourceRole with id:13
operator: UnknownresourceId: Unknown - creating db connection using connection name: informix_connection
committing transaction
committing transaction
load Resource with ids:[J@7db754
operator: UnknownresourceId: Unknown - creating db connection using connection name: informix_connection
load ResourceRole with id:9
operator: UnknownresourceId: Unknown - creating db connection using connection name: informix_connection
committing transaction
committing transaction
operator: UnknownresourceId: 100001 - load resource.
operator: UnknownresourceId: Unknown - creating db connection using connection name: informix_connection
load ResourceRole with id:4
operator: UnknownresourceId: Unknown - creating db connection using connection name: informix_connection
committing transaction
committing transaction
operator: UnknownresourceId: 100000 - load resource.
operator: UnknownresourceId: Unknown - creating db connection using connection name: informix_connection
load ResourceRole with id:13
operator: UnknownresourceId: Unknown - creating db connection using connection name: informix_connection
committing transaction
committing transaction
Read propery[ConnectionFactoryNS] which is  required  with value[com.topcoder.db.connectionfactory.DBConnectionFactoryImpl] from namespace [com.topcoder.management.project.persistence.InformixProjectPersistence].
Read propery[ConnectionName] which is  optional  with value[informix_connection] from namespace [com.topcoder.management.project.persistence.InformixProjectPersistence].
Read propery[ProjectIdSequenceName] which is  optional  with value[project_id_seq] from namespace [com.topcoder.management.project.persistence.InformixProjectPersistence].
Read propery[ProjectAuditIdSequenceName] which is  optional  with value[project_audit_id_seq] from namespace [com.topcoder.management.project.persistence.InformixProjectPersistence].
Read propery[ConnectionFactoryNS] which is  required  with value[com.topcoder.db.connectionfactory.DBConnectionFactoryImpl] from namespace [com.topcoder.management.project.persistence.link.ProjectLinkManagerImpl].
Read propery[ConnectionName] which is  optional  with value[informix_connection] from namespace [com.topcoder.management.project.persistence.link.ProjectLinkManagerImpl].
read property ConnectionFactoryNS[com.topcoder.db.connectionfactory.DBConnectionFactoryImpl] from the namespace :com.topcoder.management.scorecard.persistence.InformixScorecardPersistence
read property ConnectionName[informix_connection] from the namespace :com.topcoder.management.scorecard.persistence.InformixScorecardPersistence
Instantiate SqlUploadPersistence with connectionFactory and connectioName:informix_connection
Instantiate PersistenceUploadManager with UploadPersistence, uploadSearchBundle, submissionSearchBundle, uploadIdGenerator, uploadTypeIdGenerator, uploadStatusIdGenerator, submissionIDGenerator, submissionStatusIdGenerator and submissionTypeIdGenerator.
Instantiate AbstractResourcePersistence with connectionFactory and connectionName[informix_connection].
load Resource role with ids:[J@12d0430,[J@12d0430,[J@12d0430,[J@12d0430,[J@12d0430,[J@12d0430,[J@12d0430,[J@12d0430,[J@12d0430,[J@12d0430,[J@12d0430,[J@12d0430,[J@12d0430,[J@12d0430,[J@12d0430,[J@12d0430,[J@12d0430,[J@12d0430,[J@12d0430,[J@12d0430,[J@12d0430,[J@12d0430
operator: UnknownresourceId: Unknown - creating db connection using connection name: informix_connection
committing transaction
Read propery[ConnectionFactoryNS] which is  required  with value[com.topcoder.db.connectionfactory.DBConnectionFactoryImpl] from namespace [com.topcoder.management.project.persistence.InformixProjectPersistence].
Read propery[ConnectionName] which is  optional  with value[informix_connection] from namespace [com.topcoder.management.project.persistence.InformixProjectPersistence].
Read propery[ProjectIdSequenceName] which is  optional  with value[project_id_seq] from namespace [com.topcoder.management.project.persistence.InformixProjectPersistence].
Read propery[ProjectAuditIdSequenceName] which is  optional  with value[project_audit_id_seq] from namespace [com.topcoder.management.project.persistence.InformixProjectPersistence].
Read propery[ConnectionFactoryNS] which is  required  with value[com.topcoder.db.connectionfactory.DBConnectionFactoryImpl] from namespace [com.topcoder.management.project.persistence.link.ProjectLinkManagerImpl].
Read propery[ConnectionName] which is  optional  with value[informix_connection] from namespace [com.topcoder.management.project.persistence.link.ProjectLinkManagerImpl].
read property ConnectionFactoryNS[com.topcoder.db.connectionfactory.DBConnectionFactoryImpl] from the namespace :com.topcoder.management.scorecard.persistence.InformixScorecardPersistence
read property ConnectionName[informix_connection] from the namespace :com.topcoder.management.scorecard.persistence.InformixScorecardPersistence
Instantiate SqlUploadPersistence with connectionFactory and connectioName:informix_connection
Instantiate PersistenceUploadManager with UploadPersistence, uploadSearchBundle, submissionSearchBundle, uploadIdGenerator, uploadTypeIdGenerator, uploadStatusIdGenerator, submissionIDGenerator, submissionStatusIdGenerator and submissionTypeIdGenerator.
Instantiate AbstractResourcePersistence with connectionFactory and connectionName[informix_connection].
load Resource role with ids:[J@196b753,[J@196b753,[J@196b753,[J@196b753,[J@196b753,[J@196b753,[J@196b753,[J@196b753,[J@196b753,[J@196b753,[J@196b753,[J@196b753,[J@196b753,[J@196b753,[J@196b753,[J@196b753,[J@196b753,[J@196b753,[J@196b753,[J@196b753,[J@196b753,[J@196b753
operator: UnknownresourceId: Unknown - creating db connection using connection name: informix_connection
committing transaction
Read propery[ConnectionFactoryNS] which is  required  with value[com.topcoder.db.connectionfactory.DBConnectionFactoryImpl] from namespace [com.topcoder.management.project.persistence.InformixProjectPersistence].
Read propery[ConnectionName] which is  optional  with value[informix_connection] from namespace [com.topcoder.management.project.persistence.InformixProjectPersistence].
Read propery[ProjectIdSequenceName] which is  optional  with value[project_id_seq] from namespace [com.topcoder.management.project.persistence.InformixProjectPersistence].
Read propery[ProjectAuditIdSequenceName] which is  optional  with value[project_audit_id_seq] from namespace [com.topcoder.management.project.persistence.InformixProjectPersistence].
Read propery[ConnectionFactoryNS] which is  required  with value[com.topcoder.db.connectionfactory.DBConnectionFactoryImpl] from namespace [com.topcoder.management.project.persistence.link.ProjectLinkManagerImpl].
Read propery[ConnectionName] which is  optional  with value[informix_connection] from namespace [com.topcoder.management.project.persistence.link.ProjectLinkManagerImpl].
read property ConnectionFactoryNS[com.topcoder.db.connectionfactory.DBConnectionFactoryImpl] from the namespace :com.topcoder.management.scorecard.persistence.InformixScorecardPersistence
read property ConnectionName[informix_connection] from the namespace :com.topcoder.management.scorecard.persistence.InformixScorecardPersistence
Instantiate SqlUploadPersistence with connectionFactory and connectioName:informix_connection
Instantiate PersistenceUploadManager with UploadPersistence, uploadSearchBundle, submissionSearchBundle, uploadIdGenerator, uploadTypeIdGenerator, uploadStatusIdGenerator, submissionIDGenerator, submissionStatusIdGenerator and submissionTypeIdGenerator.
Instantiate AbstractResourcePersistence with connectionFactory and connectionName[informix_connection].
load Resource role with ids:[J@14d4313,[J@14d4313,[J@14d4313,[J@14d4313,[J@14d4313,[J@14d4313,[J@14d4313,[J@14d4313,[J@14d4313,[J@14d4313,[J@14d4313,[J@14d4313,[J@14d4313,[J@14d4313,[J@14d4313,[J@14d4313,[J@14d4313,[J@14d4313,[J@14d4313,[J@14d4313,[J@14d4313,[J@14d4313
operator: UnknownresourceId: Unknown - creating db connection using connection name: informix_connection
committing transaction
Read propery[ConnectionFactoryNS] which is  required  with value[com.topcoder.db.connectionfactory.DBConnectionFactoryImpl] from namespace [com.topcoder.management.project.persistence.InformixProjectPersistence].
Read propery[ConnectionName] which is  optional  with value[informix_connection] from namespace [com.topcoder.management.project.persistence.InformixProjectPersistence].
Read propery[ProjectIdSequenceName] which is  optional  with value[project_id_seq] from namespace [com.topcoder.management.project.persistence.InformixProjectPersistence].
Read propery[ProjectAuditIdSequenceName] which is  optional  with value[project_audit_id_seq] from namespace [com.topcoder.management.project.persistence.InformixProjectPersistence].
Read propery[ConnectionFactoryNS] which is  required  with value[com.topcoder.db.connectionfactory.DBConnectionFactoryImpl] from namespace [com.topcoder.management.project.persistence.link.ProjectLinkManagerImpl].
Read propery[ConnectionName] which is  optional  with value[informix_connection] from namespace [com.topcoder.management.project.persistence.link.ProjectLinkManagerImpl].
read property ConnectionFactoryNS[com.topcoder.db.connectionfactory.DBConnectionFactoryImpl] from the namespace :com.topcoder.management.scorecard.persistence.InformixScorecardPersistence
read property ConnectionName[informix_connection] from the namespace :com.topcoder.management.scorecard.persistence.InformixScorecardPersistence
Instantiate SqlUploadPersistence with connectionFactory and connectioName:informix_connection
Instantiate PersistenceUploadManager with UploadPersistence, uploadSearchBundle, submissionSearchBundle, uploadIdGenerator, uploadTypeIdGenerator, uploadStatusIdGenerator, submissionIDGenerator, submissionStatusIdGenerator and submissionTypeIdGenerator.
Instantiate AbstractResourcePersistence with connectionFactory and connectionName[informix_connection].
load Resource role with ids:[J@10f243b,[J@10f243b,[J@10f243b,[J@10f243b,[J@10f243b,[J@10f243b,[J@10f243b,[J@10f243b,[J@10f243b,[J@10f243b,[J@10f243b,[J@10f243b,[J@10f243b,[J@10f243b,[J@10f243b,[J@10f243b,[J@10f243b,[J@10f243b,[J@10f243b,[J@10f243b,[J@10f243b,[J@10f243b
operator: UnknownresourceId: Unknown - creating db connection using connection name: informix_connection
committing transaction
Read propery[ConnectionFactoryNS] which is  required  with value[com.topcoder.db.connectionfactory.DBConnectionFactoryImpl] from namespace [com.topcoder.management.project.persistence.InformixProjectPersistence].
Read propery[ConnectionName] which is  optional  with value[informix_connection] from namespace [com.topcoder.management.project.persistence.InformixProjectPersistence].
Read propery[ProjectIdSequenceName] which is  optional  with value[project_id_seq] from namespace [com.topcoder.management.project.persistence.InformixProjectPersistence].
Read propery[ProjectAuditIdSequenceName] which is  optional  with value[project_audit_id_seq] from namespace [com.topcoder.management.project.persistence.InformixProjectPersistence].
Read propery[ConnectionFactoryNS] which is  required  with value[com.topcoder.db.connectionfactory.DBConnectionFactoryImpl] from namespace [com.topcoder.management.project.persistence.link.ProjectLinkManagerImpl].
Read propery[ConnectionName] which is  optional  with value[informix_connection] from namespace [com.topcoder.management.project.persistence.link.ProjectLinkManagerImpl].
read property ConnectionFactoryNS[com.topcoder.db.connectionfactory.DBConnectionFactoryImpl] from the namespace :com.topcoder.management.scorecard.persistence.InformixScorecardPersistence
read property ConnectionName[informix_connection] from the namespace :com.topcoder.management.scorecard.persistence.InformixScorecardPersistence
Instantiate SqlUploadPersistence with connectionFactory and connectioName:informix_connection
Instantiate PersistenceUploadManager with UploadPersistence, uploadSearchBundle, submissionSearchBundle, uploadIdGenerator, uploadTypeIdGenerator, uploadStatusIdGenerator, submissionIDGenerator, submissionStatusIdGenerator and submissionTypeIdGenerator.
Instantiate AbstractResourcePersistence with connectionFactory and connectionName[informix_connection].
load Resource role with ids:[J@1a422d9,[J@1a422d9,[J@1a422d9,[J@1a422d9,[J@1a422d9,[J@1a422d9,[J@1a422d9,[J@1a422d9,[J@1a422d9,[J@1a422d9,[J@1a422d9,[J@1a422d9,[J@1a422d9,[J@1a422d9,[J@1a422d9,[J@1a422d9,[J@1a422d9,[J@1a422d9,[J@1a422d9,[J@1a422d9,[J@1a422d9,[J@1a422d9
operator: UnknownresourceId: Unknown - creating db connection using connection name: informix_connection
committing transaction
Read propery[ConnectionFactoryNS] which is  required  with value[com.topcoder.db.connectionfactory.DBConnectionFactoryImpl] from namespace [com.topcoder.management.project.persistence.InformixProjectPersistence].
Read propery[ConnectionName] which is  optional  with value[informix_connection] from namespace [com.topcoder.management.project.persistence.InformixProjectPersistence].
Read propery[ProjectIdSequenceName] which is  optional  with value[project_id_seq] from namespace [com.topcoder.management.project.persistence.InformixProjectPersistence].
Read propery[ProjectAuditIdSequenceName] which is  optional  with value[project_audit_id_seq] from namespace [com.topcoder.management.project.persistence.InformixProjectPersistence].
Read propery[ConnectionFactoryNS] which is  required  with value[com.topcoder.db.connectionfactory.DBConnectionFactoryImpl] from namespace [com.topcoder.management.project.persistence.link.ProjectLinkManagerImpl].
Read propery[ConnectionName] which is  optional  with value[informix_connection] from namespace [com.topcoder.management.project.persistence.link.ProjectLinkManagerImpl].
read property ConnectionFactoryNS[com.topcoder.db.connectionfactory.DBConnectionFactoryImpl] from the namespace :com.topcoder.management.scorecard.persistence.InformixScorecardPersistence
read property ConnectionName[informix_connection] from the namespace :com.topcoder.management.scorecard.persistence.InformixScorecardPersistence
Instantiate SqlUploadPersistence with connectionFactory and connectioName:informix_connection
Instantiate PersistenceUploadManager with UploadPersistence, uploadSearchBundle, submissionSearchBundle, uploadIdGenerator, uploadTypeIdGenerator, uploadStatusIdGenerator, submissionIDGenerator, submissionStatusIdGenerator and submissionTypeIdGenerator.
Instantiate AbstractResourcePersistence with connectionFactory and connectionName[informix_connection].
load Resource role with ids:[J@14b2263,[J@14b2263,[J@14b2263,[J@14b2263,[J@14b2263,[J@14b2263,[J@14b2263,[J@14b2263,[J@14b2263,[J@14b2263,[J@14b2263,[J@14b2263,[J@14b2263,[J@14b2263,[J@14b2263,[J@14b2263,[J@14b2263,[J@14b2263,[J@14b2263,[J@14b2263,[J@14b2263,[J@14b2263
operator: UnknownresourceId: Unknown - creating db connection using connection name: informix_connection
committing transaction
Read propery[ConnectionFactoryNS] which is  required  with value[com.topcoder.db.connectionfactory.DBConnectionFactoryImpl] from namespace [com.topcoder.management.project.persistence.InformixProjectPersistence].
Read propery[ConnectionName] which is  optional  with value[informix_connection] from namespace [com.topcoder.management.project.persistence.InformixProjectPersistence].
Read propery[ProjectIdSequenceName] which is  optional  with value[project_id_seq] from namespace [com.topcoder.management.project.persistence.InformixProjectPersistence].
Read propery[ProjectAuditIdSequenceName] which is  optional  with value[project_audit_id_seq] from namespace [com.topcoder.management.project.persistence.InformixProjectPersistence].
Read propery[ConnectionFactoryNS] which is  required  with value[com.topcoder.db.connectionfactory.DBConnectionFactoryImpl] from namespace [com.topcoder.management.project.persistence.link.ProjectLinkManagerImpl].
Read propery[ConnectionName] which is  optional  with value[informix_connection] from namespace [com.topcoder.management.project.persistence.link.ProjectLinkManagerImpl].
read property ConnectionFactoryNS[com.topcoder.db.connectionfactory.DBConnectionFactoryImpl] from the namespace :com.topcoder.management.scorecard.persistence.InformixScorecardPersistence
read property ConnectionName[informix_connection] from the namespace :com.topcoder.management.scorecard.persistence.InformixScorecardPersistence
Instantiate SqlUploadPersistence with connectionFactory and connectioName:informix_connection
Instantiate PersistenceUploadManager with UploadPersistence, uploadSearchBundle, submissionSearchBundle, uploadIdGenerator, uploadTypeIdGenerator, uploadStatusIdGenerator, submissionIDGenerator, submissionStatusIdGenerator and submissionTypeIdGenerator.
Instantiate AbstractResourcePersistence with connectionFactory and connectionName[informix_connection].
load Resource role with ids:[J@14a8f44,[J@14a8f44,[J@14a8f44,[J@14a8f44,[J@14a8f44,[J@14a8f44,[J@14a8f44,[J@14a8f44,[J@14a8f44,[J@14a8f44,[J@14a8f44,[J@14a8f44,[J@14a8f44,[J@14a8f44,[J@14a8f44,[J@14a8f44,[J@14a8f44,[J@14a8f44,[J@14a8f44,[J@14a8f44,[J@14a8f44,[J@14a8f44
operator: UnknownresourceId: Unknown - creating db connection using connection name: informix_connection
committing transaction
Read propery[ConnectionFactoryNS] which is  required  with value[com.topcoder.db.connectionfactory.DBConnectionFactoryImpl] from namespace [com.topcoder.management.project.persistence.InformixProjectPersistence].
Read propery[ConnectionName] which is  optional  with value[informix_connection] from namespace [com.topcoder.management.project.persistence.InformixProjectPersistence].
Read propery[ProjectIdSequenceName] which is  optional  with value[project_id_seq] from namespace [com.topcoder.management.project.persistence.InformixProjectPersistence].
Read propery[ProjectAuditIdSequenceName] which is  optional  with value[project_audit_id_seq] from namespace [com.topcoder.management.project.persistence.InformixProjectPersistence].
Read propery[ConnectionFactoryNS] which is  required  with value[com.topcoder.db.connectionfactory.DBConnectionFactoryImpl] from namespace [com.topcoder.management.project.persistence.link.ProjectLinkManagerImpl].
Read propery[ConnectionName] which is  optional  with value[informix_connection] from namespace [com.topcoder.management.project.persistence.link.ProjectLinkManagerImpl].
read property ConnectionFactoryNS[com.topcoder.db.connectionfactory.DBConnectionFactoryImpl] from the namespace :com.topcoder.management.scorecard.persistence.InformixScorecardPersistence
read property ConnectionName[informix_connection] from the namespace :com.topcoder.management.scorecard.persistence.InformixScorecardPersistence
Instantiate SqlUploadPersistence with connectionFactory and connectioName:informix_connection
Instantiate PersistenceUploadManager with UploadPersistence, uploadSearchBundle, submissionSearchBundle, uploadIdGenerator, uploadTypeIdGenerator, uploadStatusIdGenerator, submissionIDGenerator, submissionStatusIdGenerator and submissionTypeIdGenerator.
Instantiate AbstractResourcePersistence with connectionFactory and connectionName[informix_connection].
load Resource role with ids:[J@230be4,[J@230be4,[J@230be4,[J@230be4,[J@230be4,[J@230be4,[J@230be4,[J@230be4,[J@230be4,[J@230be4,[J@230be4,[J@230be4,[J@230be4,[J@230be4,[J@230be4,[J@230be4,[J@230be4,[J@230be4,[J@230be4,[J@230be4,[J@230be4,[J@230be4
operator: UnknownresourceId: Unknown - creating db connection using connection name: informix_connection
committing transaction
Read propery[ConnectionFactoryNS] which is  required  with value[com.topcoder.db.connectionfactory.DBConnectionFactoryImpl] from namespace [com.topcoder.management.project.persistence.InformixProjectPersistence].
Read propery[ConnectionName] which is  optional  with value[informix_connection] from namespace [com.topcoder.management.project.persistence.InformixProjectPersistence].
Read propery[ProjectIdSequenceName] which is  optional  with value[project_id_seq] from namespace [com.topcoder.management.project.persistence.InformixProjectPersistence].
Read propery[ProjectAuditIdSequenceName] which is  optional  with value[project_audit_id_seq] from namespace [com.topcoder.management.project.persistence.InformixProjectPersistence].
Read propery[ConnectionFactoryNS] which is  required  with value[com.topcoder.db.connectionfactory.DBConnectionFactoryImpl] from namespace [com.topcoder.management.project.persistence.link.ProjectLinkManagerImpl].
Read propery[ConnectionName] which is  optional  with value[informix_connection] from namespace [com.topcoder.management.project.persistence.link.ProjectLinkManagerImpl].
read property ConnectionFactoryNS[com.topcoder.db.connectionfactory.DBConnectionFactoryImpl] from the namespace :com.topcoder.management.scorecard.persistence.InformixScorecardPersistence
read property ConnectionName[informix_connection] from the namespace :com.topcoder.management.scorecard.persistence.InformixScorecardPersistence
Instantiate SqlUploadPersistence with connectionFactory and connectioName:informix_connection
Instantiate PersistenceUploadManager with UploadPersistence, uploadSearchBundle, submissionSearchBundle, uploadIdGenerator, uploadTypeIdGenerator, uploadStatusIdGenerator, submissionIDGenerator, submissionStatusIdGenerator and submissionTypeIdGenerator.
Instantiate AbstractResourcePersistence with connectionFactory and connectionName[informix_connection].
load Resource role with ids:[J@1bd523d,[J@1bd523d,[J@1bd523d,[J@1bd523d,[J@1bd523d,[J@1bd523d,[J@1bd523d,[J@1bd523d,[J@1bd523d,[J@1bd523d,[J@1bd523d,[J@1bd523d,[J@1bd523d,[J@1bd523d,[J@1bd523d,[J@1bd523d,[J@1bd523d,[J@1bd523d,[J@1bd523d,[J@1bd523d,[J@1bd523d,[J@1bd523d
operator: UnknownresourceId: Unknown - creating db connection using connection name: informix_connection
committing transaction
Read propery[ConnectionFactoryNS] which is  required  with value[com.topcoder.db.connectionfactory.DBConnectionFactoryImpl] from namespace [com.topcoder.management.project.persistence.InformixProjectPersistence].
Read propery[ConnectionName] which is  optional  with value[informix_connection] from namespace [com.topcoder.management.project.persistence.InformixProjectPersistence].
Read propery[ProjectIdSequenceName] which is  optional  with value[project_id_seq] from namespace [com.topcoder.management.project.persistence.InformixProjectPersistence].
Read propery[ProjectAuditIdSequenceName] which is  optional  with value[project_audit_id_seq] from namespace [com.topcoder.management.project.persistence.InformixProjectPersistence].
Read propery[ConnectionFactoryNS] which is  required  with value[com.topcoder.db.connectionfactory.DBConnectionFactoryImpl] from namespace [com.topcoder.management.project.persistence.link.ProjectLinkManagerImpl].
Read propery[ConnectionName] which is  optional  with value[informix_connection] from namespace [com.topcoder.management.project.persistence.link.ProjectLinkManagerImpl].
read property ConnectionFactoryNS[com.topcoder.db.connectionfactory.DBConnectionFactoryImpl] from the namespace :com.topcoder.management.scorecard.persistence.InformixScorecardPersistence
read property ConnectionName[informix_connection] from the namespace :com.topcoder.management.scorecard.persistence.InformixScorecardPersistence
Instantiate SqlUploadPersistence with connectionFactory and connectioName:informix_connection
Instantiate PersistenceUploadManager with UploadPersistence, uploadSearchBundle, submissionSearchBundle, uploadIdGenerator, uploadTypeIdGenerator, uploadStatusIdGenerator, submissionIDGenerator, submissionStatusIdGenerator and submissionTypeIdGenerator.
Instantiate AbstractResourcePersistence with connectionFactory and connectionName[informix_connection].
load Resource role with ids:[J@1667df0,[J@1667df0,[J@1667df0,[J@1667df0,[J@1667df0,[J@1667df0,[J@1667df0,[J@1667df0,[J@1667df0,[J@1667df0,[J@1667df0,[J@1667df0,[J@1667df0,[J@1667df0,[J@1667df0,[J@1667df0,[J@1667df0,[J@1667df0,[J@1667df0,[J@1667df0,[J@1667df0,[J@1667df0
operator: UnknownresourceId: Unknown - creating db connection using connection name: informix_connection
committing transaction
type: Upload id: Unknown operator:Unknown - search submissions with filter. found: 1
load Resource with ids:[J@1af7e68,[J@1af7e68
operator: UnknownresourceId: Unknown - creating db connection using connection name: informix_connection
load ResourceRole with id:2
operator: UnknownresourceId: Unknown - creating db connection using connection name: informix_connection
committing transaction
load ResourceRole with id:3
operator: UnknownresourceId: Unknown - creating db connection using connection name: informix_connection
committing transaction
committing transaction
type: Scorecard id: Unknown operator:Unknown - retrieve scorecard with ids:1, and is incomplete
create db connection with connect name:informix_connection
close the connection.
Read propery[ConnectionFactoryNS] which is  required  with value[com.topcoder.db.connectionfactory.DBConnectionFactoryImpl] from namespace [com.topcoder.management.project.persistence.InformixProjectPersistence].
Read propery[ConnectionName] which is  optional  with value[informix_connection] from namespace [com.topcoder.management.project.persistence.InformixProjectPersistence].
Read propery[ProjectIdSequenceName] which is  optional  with value[project_id_seq] from namespace [com.topcoder.management.project.persistence.InformixProjectPersistence].
Read propery[ProjectAuditIdSequenceName] which is  optional  with value[project_audit_id_seq] from namespace [com.topcoder.management.project.persistence.InformixProjectPersistence].
Read propery[ConnectionFactoryNS] which is  required  with value[com.topcoder.db.connectionfactory.DBConnectionFactoryImpl] from namespace [com.topcoder.management.project.persistence.link.ProjectLinkManagerImpl].
Read propery[ConnectionName] which is  optional  with value[informix_connection] from namespace [com.topcoder.management.project.persistence.link.ProjectLinkManagerImpl].
read property ConnectionFactoryNS[com.topcoder.db.connectionfactory.DBConnectionFactoryImpl] from the namespace :com.topcoder.management.scorecard.persistence.InformixScorecardPersistence
read property ConnectionName[informix_connection] from the namespace :com.topcoder.management.scorecard.persistence.InformixScorecardPersistence
Instantiate SqlUploadPersistence with connectionFactory and connectioName:informix_connection
Instantiate PersistenceUploadManager with UploadPersistence, uploadSearchBundle, submissionSearchBundle, uploadIdGenerator, uploadTypeIdGenerator, uploadStatusIdGenerator, submissionIDGenerator, submissionStatusIdGenerator and submissionTypeIdGenerator.
Instantiate AbstractResourcePersistence with connectionFactory and connectionName[informix_connection].
load Resource role with ids:[J@add57,[J@add57,[J@add57,[J@add57,[J@add57,[J@add57,[J@add57,[J@add57,[J@add57,[J@add57,[J@add57,[J@add57,[J@add57,[J@add57,[J@add57,[J@add57,[J@add57,[J@add57,[J@add57,[J@add57,[J@add57,[J@add57
operator: UnknownresourceId: Unknown - creating db connection using connection name: informix_connection
committing transaction
type: Upload id: Unknown operator:Unknown - search submissions with filter. found: 0
get projects with the ids: 1
operator: UnknownprojectId: Unknown - creating db connection using connection name: informix_connection
committing transaction
Read propery[ConnectionFactoryNS] which is  required  with value[com.topcoder.db.connectionfactory.DBConnectionFactoryImpl] from namespace [com.topcoder.management.project.persistence.InformixProjectPersistence].
Read propery[ConnectionName] which is  optional  with value[informix_connection] from namespace [com.topcoder.management.project.persistence.InformixProjectPersistence].
Read propery[ProjectIdSequenceName] which is  optional  with value[project_id_seq] from namespace [com.topcoder.management.project.persistence.InformixProjectPersistence].
Read propery[ProjectAuditIdSequenceName] which is  optional  with value[project_audit_id_seq] from namespace [com.topcoder.management.project.persistence.InformixProjectPersistence].
Read propery[ConnectionFactoryNS] which is  required  with value[com.topcoder.db.connectionfactory.DBConnectionFactoryImpl] from namespace [com.topcoder.management.project.persistence.link.ProjectLinkManagerImpl].
Read propery[ConnectionName] which is  optional  with value[informix_connection] from namespace [com.topcoder.management.project.persistence.link.ProjectLinkManagerImpl].
read property ConnectionFactoryNS[com.topcoder.db.connectionfactory.DBConnectionFactoryImpl] from the namespace :com.topcoder.management.scorecard.persistence.InformixScorecardPersistence
read property ConnectionName[informix_connection] from the namespace :com.topcoder.management.scorecard.persistence.InformixScorecardPersistence
Instantiate SqlUploadPersistence with connectionFactory and connectioName:informix_connection
Instantiate PersistenceUploadManager with UploadPersistence, uploadSearchBundle, submissionSearchBundle, uploadIdGenerator, uploadTypeIdGenerator, uploadStatusIdGenerator, submissionIDGenerator, submissionStatusIdGenerator and submissionTypeIdGenerator.
Instantiate AbstractResourcePersistence with connectionFactory and connectionName[informix_connection].
load Resource role with ids:[J@112b1dd,[J@112b1dd,[J@112b1dd,[J@112b1dd,[J@112b1dd,[J@112b1dd,[J@112b1dd,[J@112b1dd,[J@112b1dd,[J@112b1dd,[J@112b1dd,[J@112b1dd,[J@112b1dd,[J@112b1dd,[J@112b1dd,[J@112b1dd,[J@112b1dd,[J@112b1dd,[J@112b1dd,[J@112b1dd,[J@112b1dd,[J@112b1dd
operator: UnknownresourceId: Unknown - creating db connection using connection name: informix_connection
committing transaction
load Notifications with array of userIds/projectIds/notificationTypes.
operator: UnknownresourceId: Unknown - creating db connection using connection name: informix_connection
committing transaction
get projects with the ids: 1
operator: UnknownprojectId: Unknown - creating db connection using connection name: informix_connection
committing transaction
load Resource role with ids:[J@d3f189,[J@d3f189,[J@d3f189,[J@d3f189,[J@d3f189,[J@d3f189,[J@d3f189,[J@d3f189,[J@d3f189,[J@d3f189,[J@d3f189,[J@d3f189,[J@d3f189,[J@d3f189,[J@d3f189,[J@d3f189,[J@d3f189,[J@d3f189,[J@d3f189,[J@d3f189,[J@d3f189,[J@d3f189
operator: UnknownresourceId: Unknown - creating db connection using connection name: informix_connection
committing transaction
load Resource with ids:[J@101f287
operator: UnknownresourceId: Unknown - creating db connection using connection name: informix_connection
load ResourceRole with id:4
operator: UnknownresourceId: Unknown - creating db connection using connection name: informix_connection
committing transaction
committing transaction
load Resource with ids:[J@9fa12f
operator: UnknownresourceId: Unknown - creating db connection using connection name: informix_connection
load ResourceRole with id:12
operator: UnknownresourceId: Unknown - creating db connection using connection name: informix_connection
committing transaction
committing transaction
load Resource with ids:[J@1a3a52c
operator: UnknownresourceId: Unknown - creating db connection using connection name: informix_connection
load ResourceRole with id:13
operator: UnknownresourceId: Unknown - creating db connection using connection name: informix_connection
committing transaction
committing transaction
load Resource with ids:[J@54c9a3
operator: UnknownresourceId: Unknown - creating db connection using connection name: informix_connection
load ResourceRole with id:9
operator: UnknownresourceId: Unknown - creating db connection using connection name: informix_connection
committing transaction
committing transaction
operator: UnknownresourceId: 100001 - load resource.
operator: UnknownresourceId: Unknown - creating db connection using connection name: informix_connection
load ResourceRole with id:4
operator: UnknownresourceId: Unknown - creating db connection using connection name: informix_connection
committing transaction
committing transaction
operator: UnknownresourceId: 100000 - load resource.
operator: UnknownresourceId: Unknown - creating db connection using connection name: informix_connection
load ResourceRole with id:13
operator: UnknownresourceId: Unknown - creating db connection using connection name: informix_connection
committing transaction
committing transaction
Read propery[ConnectionFactoryNS] which is  required  with value[com.topcoder.db.connectionfactory.DBConnectionFactoryImpl] from namespace [com.topcoder.management.project.persistence.InformixProjectPersistence].
Read propery[ConnectionName] which is  optional  with value[informix_connection] from namespace [com.topcoder.management.project.persistence.InformixProjectPersistence].
Read propery[ProjectIdSequenceName] which is  optional  with value[project_id_seq] from namespace [com.topcoder.management.project.persistence.InformixProjectPersistence].
Read propery[ProjectAuditIdSequenceName] which is  optional  with value[project_audit_id_seq] from namespace [com.topcoder.management.project.persistence.InformixProjectPersistence].
Read propery[ConnectionFactoryNS] which is  required  with value[com.topcoder.db.connectionfactory.DBConnectionFactoryImpl] from namespace [com.topcoder.management.project.persistence.link.ProjectLinkManagerImpl].
Read propery[ConnectionName] which is  optional  with value[informix_connection] from namespace [com.topcoder.management.project.persistence.link.ProjectLinkManagerImpl].
read property ConnectionFactoryNS[com.topcoder.db.connectionfactory.DBConnectionFactoryImpl] from the namespace :com.topcoder.management.scorecard.persistence.InformixScorecardPersistence
read property ConnectionName[informix_connection] from the namespace :com.topcoder.management.scorecard.persistence.InformixScorecardPersistence
Instantiate SqlUploadPersistence with connectionFactory and connectioName:informix_connection
Instantiate PersistenceUploadManager with UploadPersistence, uploadSearchBundle, submissionSearchBundle, uploadIdGenerator, uploadTypeIdGenerator, uploadStatusIdGenerator, submissionIDGenerator, submissionStatusIdGenerator and submissionTypeIdGenerator.
Instantiate AbstractResourcePersistence with connectionFactory and connectionName[informix_connection].
load Resource role with ids:[J@e43b44,[J@e43b44,[J@e43b44,[J@e43b44,[J@e43b44,[J@e43b44,[J@e43b44,[J@e43b44,[J@e43b44,[J@e43b44,[J@e43b44,[J@e43b44,[J@e43b44,[J@e43b44,[J@e43b44,[J@e43b44,[J@e43b44,[J@e43b44,[J@e43b44,[J@e43b44,[J@e43b44,[J@e43b44
operator: UnknownresourceId: Unknown - creating db connection using connection name: informix_connection
committing transaction
type: Upload id: Unknown operator:Unknown - search submissions with filter. found: 0
get projects with the ids: 1
operator: UnknownprojectId: Unknown - creating db connection using connection name: informix_connection
committing transaction
load Notifications with array of userIds/projectIds/notificationTypes.
operator: UnknownresourceId: Unknown - creating db connection using connection name: informix_connection
committing transaction
get projects with the ids: 1
operator: UnknownprojectId: Unknown - creating db connection using connection name: informix_connection
committing transaction
load Resource role with ids:[J@1531aca,[J@1531aca,[J@1531aca,[J@1531aca,[J@1531aca,[J@1531aca,[J@1531aca,[J@1531aca,[J@1531aca,[J@1531aca,[J@1531aca,[J@1531aca,[J@1531aca,[J@1531aca,[J@1531aca,[J@1531aca,[J@1531aca,[J@1531aca,[J@1531aca,[J@1531aca,[J@1531aca,[J@1531aca
operator: UnknownresourceId: Unknown - creating db connection using connection name: informix_connection
committing transaction
load Resource with ids:[J@da9246
operator: UnknownresourceId: Unknown - creating db connection using connection name: informix_connection
load ResourceRole with id:4
operator: UnknownresourceId: Unknown - creating db connection using connection name: informix_connection
committing transaction
committing transaction
load Resource with ids:[J@1e61582
operator: UnknownresourceId: Unknown - creating db connection using connection name: informix_connection
load ResourceRole with id:12
operator: UnknownresourceId: Unknown - creating db connection using connection name: informix_connection
committing transaction
committing transaction
load Resource with ids:[J@1232cf2
operator: UnknownresourceId: Unknown - creating db connection using connection name: informix_connection
load ResourceRole with id:13
operator: UnknownresourceId: Unknown - creating db connection using connection name: informix_connection
committing transaction
committing transaction
load Resource with ids:[J@102d81c
operator: UnknownresourceId: Unknown - creating db connection using connection name: informix_connection
load ResourceRole with id:9
operator: UnknownresourceId: Unknown - creating db connection using connection name: informix_connection
committing transaction
committing transaction
operator: UnknownresourceId: 100001 - load resource.
operator: UnknownresourceId: Unknown - creating db connection using connection name: informix_connection
load ResourceRole with id:4
operator: UnknownresourceId: Unknown - creating db connection using connection name: informix_connection
committing transaction
committing transaction
operator: UnknownresourceId: 100000 - load resource.
operator: UnknownresourceId: Unknown - creating db connection using connection name: informix_connection
load ResourceRole with id:13
operator: UnknownresourceId: Unknown - creating db connection using connection name: informix_connection
committing transaction
committing transaction
Read propery[ConnectionFactoryNS] which is  required  with value[com.topcoder.db.connectionfactory.DBConnectionFactoryImpl] from namespace [com.topcoder.management.project.persistence.InformixProjectPersistence].
Read propery[ConnectionName] which is  optional  with value[informix_connection] from namespace [com.topcoder.management.project.persistence.InformixProjectPersistence].
Read propery[ProjectIdSequenceName] which is  optional  with value[project_id_seq] from namespace [com.topcoder.management.project.persistence.InformixProjectPersistence].
Read propery[ProjectAuditIdSequenceName] which is  optional  with value[project_audit_id_seq] from namespace [com.topcoder.management.project.persistence.InformixProjectPersistence].
Read propery[ConnectionFactoryNS] which is  required  with value[com.topcoder.db.connectionfactory.DBConnectionFactoryImpl] from namespace [com.topcoder.management.project.persistence.link.ProjectLinkManagerImpl].
Read propery[ConnectionName] which is  optional  with value[informix_connection] from namespace [com.topcoder.management.project.persistence.link.ProjectLinkManagerImpl].
read property ConnectionFactoryNS[com.topcoder.db.connectionfactory.DBConnectionFactoryImpl] from the namespace :com.topcoder.management.scorecard.persistence.InformixScorecardPersistence
read property ConnectionName[informix_connection] from the namespace :com.topcoder.management.scorecard.persistence.InformixScorecardPersistence
Instantiate SqlUploadPersistence with connectionFactory and connectioName:informix_connection
Instantiate PersistenceUploadManager with UploadPersistence, uploadSearchBundle, submissionSearchBundle, uploadIdGenerator, uploadTypeIdGenerator, uploadStatusIdGenerator, submissionIDGenerator, submissionStatusIdGenerator and submissionTypeIdGenerator.
Instantiate AbstractResourcePersistence with connectionFactory and connectionName[informix_connection].
load Resource role with ids:[J@c33893,[J@c33893,[J@c33893,[J@c33893,[J@c33893,[J@c33893,[J@c33893,[J@c33893,[J@c33893,[J@c33893,[J@c33893,[J@c33893,[J@c33893,[J@c33893,[J@c33893,[J@c33893,[J@c33893,[J@c33893,[J@c33893,[J@c33893,[J@c33893,[J@c33893
operator: UnknownresourceId: Unknown - creating db connection using connection name: informix_connection
committing transaction
type: Upload id: Unknown operator:Unknown - search submissions with filter. found: 1
operator: UnknownresourceId: 1 - load resource.
operator: UnknownresourceId: Unknown - creating db connection using connection name: informix_connection
load ResourceRole with id:1
operator: UnknownresourceId: Unknown - creating db connection using connection name: informix_connection
committing transaction
committing transaction
get projects with the ids: 1
operator: UnknownprojectId: Unknown - creating db connection using connection name: informix_connection
committing transaction
load Resource role with ids:[J@1590164,[J@1590164,[J@1590164,[J@1590164,[J@1590164,[J@1590164,[J@1590164,[J@1590164,[J@1590164,[J@1590164,[J@1590164,[J@1590164,[J@1590164,[J@1590164,[J@1590164,[J@1590164,[J@1590164,[J@1590164,[J@1590164,[J@1590164,[J@1590164,[J@1590164
operator: UnknownresourceId: Unknown - creating db connection using connection name: informix_connection
committing transaction
Read propery[ConnectionFactoryNS] which is  required  with value[com.topcoder.db.connectionfactory.DBConnectionFactoryImpl] from namespace [com.topcoder.management.project.persistence.InformixProjectPersistence].
Read propery[ConnectionName] which is  optional  with value[informix_connection] from namespace [com.topcoder.management.project.persistence.InformixProjectPersistence].
Read propery[ProjectIdSequenceName] which is  optional  with value[project_id_seq] from namespace [com.topcoder.management.project.persistence.InformixProjectPersistence].
Read propery[ProjectAuditIdSequenceName] which is  optional  with value[project_audit_id_seq] from namespace [com.topcoder.management.project.persistence.InformixProjectPersistence].
Read propery[ConnectionFactoryNS] which is  required  with value[com.topcoder.db.connectionfactory.DBConnectionFactoryImpl] from namespace [com.topcoder.management.project.persistence.link.ProjectLinkManagerImpl].
Read propery[ConnectionName] which is  optional  with value[informix_connection] from namespace [com.topcoder.management.project.persistence.link.ProjectLinkManagerImpl].
read property ConnectionFactoryNS[com.topcoder.db.connectionfactory.DBConnectionFactoryImpl] from the namespace :com.topcoder.management.scorecard.persistence.InformixScorecardPersistence
read property ConnectionName[informix_connection] from the namespace :com.topcoder.management.scorecard.persistence.InformixScorecardPersistence
Instantiate SqlUploadPersistence with connectionFactory and connectioName:informix_connection
Instantiate PersistenceUploadManager with UploadPersistence, uploadSearchBundle, submissionSearchBundle, uploadIdGenerator, uploadTypeIdGenerator, uploadStatusIdGenerator, submissionIDGenerator, submissionStatusIdGenerator and submissionTypeIdGenerator.
Instantiate AbstractResourcePersistence with connectionFactory and connectionName[informix_connection].
load Resource role with ids:[J@13e86ec,[J@13e86ec,[J@13e86ec,[J@13e86ec,[J@13e86ec,[J@13e86ec,[J@13e86ec,[J@13e86ec,[J@13e86ec,[J@13e86ec,[J@13e86ec,[J@13e86ec,[J@13e86ec,[J@13e86ec,[J@13e86ec,[J@13e86ec,[J@13e86ec,[J@13e86ec,[J@13e86ec,[J@13e86ec,[J@13e86ec,[J@13e86ec
operator: UnknownresourceId: Unknown - creating db connection using connection name: informix_connection
committing transaction
type: Upload id: Unknown operator:Unknown - search submissions with filter. found: 2
operator: UnknownresourceId: 4 - load resource.
operator: UnknownresourceId: Unknown - creating db connection using connection name: informix_connection
load ResourceRole with id:1
operator: UnknownresourceId: Unknown - creating db connection using connection name: informix_connection
committing transaction
committing transaction
operator: UnknownresourceId: 5 - load resource.
operator: UnknownresourceId: Unknown - creating db connection using connection name: informix_connection
load ResourceRole with id:1
operator: UnknownresourceId: Unknown - creating db connection using connection name: informix_connection
committing transaction
committing transaction
load Notifications with array of userIds/projectIds/notificationTypes.
operator: UnknownresourceId: Unknown - creating db connection using connection name: informix_connection
committing transaction
get projects with the ids: 1
operator: UnknownprojectId: Unknown - creating db connection using connection name: informix_connection
committing transaction
load Resource role with ids:[J@20d10a,[J@20d10a,[J@20d10a,[J@20d10a,[J@20d10a,[J@20d10a,[J@20d10a,[J@20d10a,[J@20d10a,[J@20d10a,[J@20d10a,[J@20d10a,[J@20d10a,[J@20d10a,[J@20d10a,[J@20d10a,[J@20d10a,[J@20d10a,[J@20d10a,[J@20d10a,[J@20d10a,[J@20d10a
operator: UnknownresourceId: Unknown - creating db connection using connection name: informix_connection
committing transaction
load Resource with ids:[J@182815a
operator: UnknownresourceId: Unknown - creating db connection using connection name: informix_connection
load ResourceRole with id:4
operator: UnknownresourceId: Unknown - creating db connection using connection name: informix_connection
committing transaction
committing transaction
load Resource with ids:[J@818737
operator: UnknownresourceId: Unknown - creating db connection using connection name: informix_connection
load ResourceRole with id:12
operator: UnknownresourceId: Unknown - creating db connection using connection name: informix_connection
committing transaction
committing transaction
load Resource with ids:[J@72c950
operator: UnknownresourceId: Unknown - creating db connection using connection name: informix_connection
load ResourceRole with id:13
operator: UnknownresourceId: Unknown - creating db connection using connection name: informix_connection
committing transaction
committing transaction
load Resource with ids:[J@1194cf5
operator: UnknownresourceId: Unknown - creating db connection using connection name: informix_connection
load ResourceRole with id:9
operator: UnknownresourceId: Unknown - creating db connection using connection name: informix_connection
committing transaction
committing transaction
load Resource with ids:[J@16b340a,[J@16b340a
operator: UnknownresourceId: Unknown - creating db connection using connection name: informix_connection
load ResourceRole with id:1
operator: UnknownresourceId: Unknown - creating db connection using connection name: informix_connection
committing transaction
load ResourceRole with id:1
operator: UnknownresourceId: Unknown - creating db connection using connection name: informix_connection
committing transaction
committing transaction
operator: UnknownresourceId: 100001 - load resource.
operator: UnknownresourceId: Unknown - creating db connection using connection name: informix_connection
load ResourceRole with id:4
operator: UnknownresourceId: Unknown - creating db connection using connection name: informix_connection
committing transaction
committing transaction
operator: UnknownresourceId: 4 - load resource.
operator: UnknownresourceId: Unknown - creating db connection using connection name: informix_connection
load ResourceRole with id:1
operator: UnknownresourceId: Unknown - creating db connection using connection name: informix_connection
committing transaction
committing transaction
operator: UnknownresourceId: 100000 - load resource.
operator: UnknownresourceId: Unknown - creating db connection using connection name: informix_connection
load ResourceRole with id:13
operator: UnknownresourceId: Unknown - creating db connection using connection name: informix_connection
committing transaction
committing transaction
operator: UnknownresourceId: 5 - load resource.
operator: UnknownresourceId: Unknown - creating db connection using connection name: informix_connection
load ResourceRole with id:1
operator: UnknownresourceId: Unknown - creating db connection using connection name: informix_connection
committing transaction
committing transaction
Read propery[ConnectionFactoryNS] which is  required  with value[com.topcoder.db.connectionfactory.DBConnectionFactoryImpl] from namespace [com.topcoder.management.project.persistence.InformixProjectPersistence].
Read propery[ConnectionName] which is  optional  with value[informix_connection] from namespace [com.topcoder.management.project.persistence.InformixProjectPersistence].
Read propery[ProjectIdSequenceName] which is  optional  with value[project_id_seq] from namespace [com.topcoder.management.project.persistence.InformixProjectPersistence].
Read propery[ProjectAuditIdSequenceName] which is  optional  with value[project_audit_id_seq] from namespace [com.topcoder.management.project.persistence.InformixProjectPersistence].
Read propery[ConnectionFactoryNS] which is  required  with value[com.topcoder.db.connectionfactory.DBConnectionFactoryImpl] from namespace [com.topcoder.management.project.persistence.link.ProjectLinkManagerImpl].
Read propery[ConnectionName] which is  optional  with value[informix_connection] from namespace [com.topcoder.management.project.persistence.link.ProjectLinkManagerImpl].
read property ConnectionFactoryNS[com.topcoder.db.connectionfactory.DBConnectionFactoryImpl] from the namespace :com.topcoder.management.scorecard.persistence.InformixScorecardPersistence
read property ConnectionName[informix_connection] from the namespace :com.topcoder.management.scorecard.persistence.InformixScorecardPersistence
Instantiate SqlUploadPersistence with connectionFactory and connectioName:informix_connection
Instantiate PersistenceUploadManager with UploadPersistence, uploadSearchBundle, submissionSearchBundle, uploadIdGenerator, uploadTypeIdGenerator, uploadStatusIdGenerator, submissionIDGenerator, submissionStatusIdGenerator and submissionTypeIdGenerator.
Instantiate AbstractResourcePersistence with connectionFactory and connectionName[informix_connection].
load Resource role with ids:[J@19f31de,[J@19f31de,[J@19f31de,[J@19f31de,[J@19f31de,[J@19f31de,[J@19f31de,[J@19f31de,[J@19f31de,[J@19f31de,[J@19f31de,[J@19f31de,[J@19f31de,[J@19f31de,[J@19f31de,[J@19f31de,[J@19f31de,[J@19f31de,[J@19f31de,[J@19f31de,[J@19f31de,[J@19f31de
operator: UnknownresourceId: Unknown - creating db connection using connection name: informix_connection
committing transaction
type: Upload id: Unknown operator:Unknown - search submissions with filter. found: 1
Read propery[ConnectionFactoryNS] which is  required  with value[com.topcoder.db.connectionfactory.DBConnectionFactoryImpl] from namespace [com.topcoder.management.project.persistence.InformixProjectPersistence].
Read propery[ConnectionName] which is  optional  with value[informix_connection] from namespace [com.topcoder.management.project.persistence.InformixProjectPersistence].
Read propery[ProjectIdSequenceName] which is  optional  with value[project_id_seq] from namespace [com.topcoder.management.project.persistence.InformixProjectPersistence].
Read propery[ProjectAuditIdSequenceName] which is  optional  with value[project_audit_id_seq] from namespace [com.topcoder.management.project.persistence.InformixProjectPersistence].
Read propery[ConnectionFactoryNS] which is  required  with value[com.topcoder.db.connectionfactory.DBConnectionFactoryImpl] from namespace [com.topcoder.management.project.persistence.link.ProjectLinkManagerImpl].
Read propery[ConnectionName] which is  optional  with value[informix_connection] from namespace [com.topcoder.management.project.persistence.link.ProjectLinkManagerImpl].
read property ConnectionFactoryNS[com.topcoder.db.connectionfactory.DBConnectionFactoryImpl] from the namespace :com.topcoder.management.scorecard.persistence.InformixScorecardPersistence
read property ConnectionName[informix_connection] from the namespace :com.topcoder.management.scorecard.persistence.InformixScorecardPersistence
Instantiate SqlUploadPersistence with connectionFactory and connectioName:informix_connection
Instantiate PersistenceUploadManager with UploadPersistence, uploadSearchBundle, submissionSearchBundle, uploadIdGenerator, uploadTypeIdGenerator, uploadStatusIdGenerator, submissionIDGenerator, submissionStatusIdGenerator and submissionTypeIdGenerator.
Instantiate AbstractResourcePersistence with connectionFactory and connectionName[informix_connection].
load Resource role with ids:[J@1df3bec,[J@1df3bec,[J@1df3bec,[J@1df3bec,[J@1df3bec,[J@1df3bec,[J@1df3bec,[J@1df3bec,[J@1df3bec,[J@1df3bec,[J@1df3bec,[J@1df3bec,[J@1df3bec,[J@1df3bec,[J@1df3bec,[J@1df3bec,[J@1df3bec,[J@1df3bec,[J@1df3bec,[J@1df3bec,[J@1df3bec,[J@1df3bec
operator: UnknownresourceId: Unknown - creating db connection using connection name: informix_connection
committing transaction
type: Upload id: Unknown operator:Unknown - search submissions with filter. found: 1
type: Upload id: Unknown operator:Unknown - search submissions with filter. found: 1
Read propery[ConnectionFactoryNS] which is  required  with value[com.topcoder.db.connectionfactory.DBConnectionFactoryImpl] from namespace [com.topcoder.management.project.persistence.InformixProjectPersistence].
Read propery[ConnectionName] which is  optional  with value[informix_connection] from namespace [com.topcoder.management.project.persistence.InformixProjectPersistence].
Read propery[ProjectIdSequenceName] which is  optional  with value[project_id_seq] from namespace [com.topcoder.management.project.persistence.InformixProjectPersistence].
Read propery[ProjectAuditIdSequenceName] which is  optional  with value[project_audit_id_seq] from namespace [com.topcoder.management.project.persistence.InformixProjectPersistence].
Read propery[ConnectionFactoryNS] which is  required  with value[com.topcoder.db.connectionfactory.DBConnectionFactoryImpl] from namespace [com.topcoder.management.project.persistence.link.ProjectLinkManagerImpl].
Read propery[ConnectionName] which is  optional  with value[informix_connection] from namespace [com.topcoder.management.project.persistence.link.ProjectLinkManagerImpl].
read property ConnectionFactoryNS[com.topcoder.db.connectionfactory.DBConnectionFactoryImpl] from the namespace :com.topcoder.management.scorecard.persistence.InformixScorecardPersistence
read property ConnectionName[informix_connection] from the namespace :com.topcoder.management.scorecard.persistence.InformixScorecardPersistence
Instantiate SqlUploadPersistence with connectionFactory and connectioName:informix_connection
Instantiate PersistenceUploadManager with UploadPersistence, uploadSearchBundle, submissionSearchBundle, uploadIdGenerator, uploadTypeIdGenerator, uploadStatusIdGenerator, submissionIDGenerator, submissionStatusIdGenerator and submissionTypeIdGenerator.
Instantiate AbstractResourcePersistence with connectionFactory and connectionName[informix_connection].
load Resource role with ids:[J@14e3615,[J@14e3615,[J@14e3615,[J@14e3615,[J@14e3615,[J@14e3615,[J@14e3615,[J@14e3615,[J@14e3615,[J@14e3615,[J@14e3615,[J@14e3615,[J@14e3615,[J@14e3615,[J@14e3615,[J@14e3615,[J@14e3615,[J@14e3615,[J@14e3615,[J@14e3615,[J@14e3615,[J@14e3615
operator: UnknownresourceId: Unknown - creating db connection using connection name: informix_connection
committing transaction
Read propery[ConnectionFactoryNS] which is  required  with value[com.topcoder.db.connectionfactory.DBConnectionFactoryImpl] from namespace [com.topcoder.management.project.persistence.InformixProjectPersistence].
Read propery[ConnectionName] which is  optional  with value[informix_connection] from namespace [com.topcoder.management.project.persistence.InformixProjectPersistence].
Read propery[ProjectIdSequenceName] which is  optional  with value[project_id_seq] from namespace [com.topcoder.management.project.persistence.InformixProjectPersistence].
Read propery[ProjectAuditIdSequenceName] which is  optional  with value[project_audit_id_seq] from namespace [com.topcoder.management.project.persistence.InformixProjectPersistence].
Read propery[ConnectionFactoryNS] which is  required  with value[com.topcoder.db.connectionfactory.DBConnectionFactoryImpl] from namespace [com.topcoder.management.project.persistence.link.ProjectLinkManagerImpl].
Read propery[ConnectionName] which is  optional  with value[informix_connection] from namespace [com.topcoder.management.project.persistence.link.ProjectLinkManagerImpl].
read property ConnectionFactoryNS[com.topcoder.db.connectionfactory.DBConnectionFactoryImpl] from the namespace :com.topcoder.management.scorecard.persistence.InformixScorecardPersistence
read property ConnectionName[informix_connection] from the namespace :com.topcoder.management.scorecard.persistence.InformixScorecardPersistence
Instantiate SqlUploadPersistence with connectionFactory and connectioName:informix_connection
Instantiate PersistenceUploadManager with UploadPersistence, uploadSearchBundle, submissionSearchBundle, uploadIdGenerator, uploadTypeIdGenerator, uploadStatusIdGenerator, submissionIDGenerator, submissionStatusIdGenerator and submissionTypeIdGenerator.
Instantiate AbstractResourcePersistence with connectionFactory and connectionName[informix_connection].
load Resource role with ids:[J@1743be,[J@1743be,[J@1743be,[J@1743be,[J@1743be,[J@1743be,[J@1743be,[J@1743be,[J@1743be,[J@1743be,[J@1743be,[J@1743be,[J@1743be,[J@1743be,[J@1743be,[J@1743be,[J@1743be,[J@1743be,[J@1743be,[J@1743be,[J@1743be,[J@1743be
operator: UnknownresourceId: Unknown - creating db connection using connection name: informix_connection
committing transaction
Read propery[ConnectionFactoryNS] which is  required  with value[com.topcoder.db.connectionfactory.DBConnectionFactoryImpl] from namespace [com.topcoder.management.project.persistence.InformixProjectPersistence].
Read propery[ConnectionName] which is  optional  with value[informix_connection] from namespace [com.topcoder.management.project.persistence.InformixProjectPersistence].
Read propery[ProjectIdSequenceName] which is  optional  with value[project_id_seq] from namespace [com.topcoder.management.project.persistence.InformixProjectPersistence].
Read propery[ProjectAuditIdSequenceName] which is  optional  with value[project_audit_id_seq] from namespace [com.topcoder.management.project.persistence.InformixProjectPersistence].
Read propery[ConnectionFactoryNS] which is  required  with value[com.topcoder.db.connectionfactory.DBConnectionFactoryImpl] from namespace [com.topcoder.management.project.persistence.link.ProjectLinkManagerImpl].
Read propery[ConnectionName] which is  optional  with value[informix_connection] from namespace [com.topcoder.management.project.persistence.link.ProjectLinkManagerImpl].
read property ConnectionFactoryNS[com.topcoder.db.connectionfactory.DBConnectionFactoryImpl] from the namespace :com.topcoder.management.scorecard.persistence.InformixScorecardPersistence
read property ConnectionName[informix_connection] from the namespace :com.topcoder.management.scorecard.persistence.InformixScorecardPersistence
Instantiate SqlUploadPersistence with connectionFactory and connectioName:informix_connection
Instantiate PersistenceUploadManager with UploadPersistence, uploadSearchBundle, submissionSearchBundle, uploadIdGenerator, uploadTypeIdGenerator, uploadStatusIdGenerator, submissionIDGenerator, submissionStatusIdGenerator and submissionTypeIdGenerator.
Instantiate AbstractResourcePersistence with connectionFactory and connectionName[informix_connection].
load Resource role with ids:[J@14cee08,[J@14cee08,[J@14cee08,[J@14cee08,[J@14cee08,[J@14cee08,[J@14cee08,[J@14cee08,[J@14cee08,[J@14cee08,[J@14cee08,[J@14cee08,[J@14cee08,[J@14cee08,[J@14cee08,[J@14cee08,[J@14cee08,[J@14cee08,[J@14cee08,[J@14cee08,[J@14cee08,[J@14cee08
operator: UnknownresourceId: Unknown - creating db connection using connection name: informix_connection
committing transaction
Read propery[ConnectionFactoryNS] which is  required  with value[com.topcoder.db.connectionfactory.DBConnectionFactoryImpl] from namespace [com.topcoder.management.project.persistence.InformixProjectPersistence].
Read propery[ConnectionName] which is  optional  with value[informix_connection] from namespace [com.topcoder.management.project.persistence.InformixProjectPersistence].
Read propery[ProjectIdSequenceName] which is  optional  with value[project_id_seq] from namespace [com.topcoder.management.project.persistence.InformixProjectPersistence].
Read propery[ProjectAuditIdSequenceName] which is  optional  with value[project_audit_id_seq] from namespace [com.topcoder.management.project.persistence.InformixProjectPersistence].
Read propery[ConnectionFactoryNS] which is  required  with value[com.topcoder.db.connectionfactory.DBConnectionFactoryImpl] from namespace [com.topcoder.management.project.persistence.link.ProjectLinkManagerImpl].
Read propery[ConnectionName] which is  optional  with value[informix_connection] from namespace [com.topcoder.management.project.persistence.link.ProjectLinkManagerImpl].
read property ConnectionFactoryNS[com.topcoder.db.connectionfactory.DBConnectionFactoryImpl] from the namespace :com.topcoder.management.scorecard.persistence.InformixScorecardPersistence
read property ConnectionName[informix_connection] from the namespace :com.topcoder.management.scorecard.persistence.InformixScorecardPersistence
Instantiate SqlUploadPersistence with connectionFactory and connectioName:informix_connection
Instantiate PersistenceUploadManager with UploadPersistence, uploadSearchBundle, submissionSearchBundle, uploadIdGenerator, uploadTypeIdGenerator, uploadStatusIdGenerator, submissionIDGenerator, submissionStatusIdGenerator and submissionTypeIdGenerator.
Instantiate AbstractResourcePersistence with connectionFactory and connectionName[informix_connection].
load Resource role with ids:[J@a594e1,[J@a594e1,[J@a594e1,[J@a594e1,[J@a594e1,[J@a594e1,[J@a594e1,[J@a594e1,[J@a594e1,[J@a594e1,[J@a594e1,[J@a594e1,[J@a594e1,[J@a594e1,[J@a594e1,[J@a594e1,[J@a594e1,[J@a594e1,[J@a594e1,[J@a594e1,[J@a594e1,[J@a594e1
operator: UnknownresourceId: Unknown - creating db connection using connection name: informix_connection
committing transaction
Read propery[ConnectionFactoryNS] which is  required  with value[com.topcoder.db.connectionfactory.DBConnectionFactoryImpl] from namespace [com.topcoder.management.project.persistence.InformixProjectPersistence].
Read propery[ConnectionName] which is  optional  with value[informix_connection] from namespace [com.topcoder.management.project.persistence.InformixProjectPersistence].
Read propery[ProjectIdSequenceName] which is  optional  with value[project_id_seq] from namespace [com.topcoder.management.project.persistence.InformixProjectPersistence].
Read propery[ProjectAuditIdSequenceName] which is  optional  with value[project_audit_id_seq] from namespace [com.topcoder.management.project.persistence.InformixProjectPersistence].
Read propery[ConnectionFactoryNS] which is  required  with value[com.topcoder.db.connectionfactory.DBConnectionFactoryImpl] from namespace [com.topcoder.management.project.persistence.link.ProjectLinkManagerImpl].
Read propery[ConnectionName] which is  optional  with value[informix_connection] from namespace [com.topcoder.management.project.persistence.link.ProjectLinkManagerImpl].
read property ConnectionFactoryNS[com.topcoder.db.connectionfactory.DBConnectionFactoryImpl] from the namespace :com.topcoder.management.scorecard.persistence.InformixScorecardPersistence
read property ConnectionName[informix_connection] from the namespace :com.topcoder.management.scorecard.persistence.InformixScorecardPersistence
Instantiate SqlUploadPersistence with connectionFactory and connectioName:informix_connection
Instantiate PersistenceUploadManager with UploadPersistence, uploadSearchBundle, submissionSearchBundle, uploadIdGenerator, uploadTypeIdGenerator, uploadStatusIdGenerator, submissionIDGenerator, submissionStatusIdGenerator and submissionTypeIdGenerator.
Instantiate AbstractResourcePersistence with connectionFactory and connectionName[informix_connection].
load Resource role with ids:[J@7db7d,[J@7db7d,[J@7db7d,[J@7db7d,[J@7db7d,[J@7db7d,[J@7db7d,[J@7db7d,[J@7db7d,[J@7db7d,[J@7db7d,[J@7db7d,[J@7db7d,[J@7db7d,[J@7db7d,[J@7db7d,[J@7db7d,[J@7db7d,[J@7db7d,[J@7db7d,[J@7db7d,[J@7db7d
operator: UnknownresourceId: Unknown - creating db connection using connection name: informix_connection
committing transaction
Read propery[ConnectionFactoryNS] which is  required  with value[com.topcoder.db.connectionfactory.DBConnectionFactoryImpl] from namespace [com.topcoder.management.project.persistence.InformixProjectPersistence].
Read propery[ConnectionName] which is  optional  with value[informix_connection] from namespace [com.topcoder.management.project.persistence.InformixProjectPersistence].
Read propery[ProjectIdSequenceName] which is  optional  with value[project_id_seq] from namespace [com.topcoder.management.project.persistence.InformixProjectPersistence].
Read propery[ProjectAuditIdSequenceName] which is  optional  with value[project_audit_id_seq] from namespace [com.topcoder.management.project.persistence.InformixProjectPersistence].
Read propery[ConnectionFactoryNS] which is  required  with value[com.topcoder.db.connectionfactory.DBConnectionFactoryImpl] from namespace [com.topcoder.management.project.persistence.link.ProjectLinkManagerImpl].
Read propery[ConnectionName] which is  optional  with value[informix_connection] from namespace [com.topcoder.management.project.persistence.link.ProjectLinkManagerImpl].
read property ConnectionFactoryNS[com.topcoder.db.connectionfactory.DBConnectionFactoryImpl] from the namespace :com.topcoder.management.scorecard.persistence.InformixScorecardPersistence
read property ConnectionName[informix_connection] from the namespace :com.topcoder.management.scorecard.persistence.InformixScorecardPersistence
Instantiate SqlUploadPersistence with connectionFactory and connectioName:informix_connection
Instantiate PersistenceUploadManager with UploadPersistence, uploadSearchBundle, submissionSearchBundle, uploadIdGenerator, uploadTypeIdGenerator, uploadStatusIdGenerator, submissionIDGenerator, submissionStatusIdGenerator and submissionTypeIdGenerator.
Instantiate AbstractResourcePersistence with connectionFactory and connectionName[informix_connection].
load Resource role with ids:[J@11563a2,[J@11563a2,[J@11563a2,[J@11563a2,[J@11563a2,[J@11563a2,[J@11563a2,[J@11563a2,[J@11563a2,[J@11563a2,[J@11563a2,[J@11563a2,[J@11563a2,[J@11563a2,[J@11563a2,[J@11563a2,[J@11563a2,[J@11563a2,[J@11563a2,[J@11563a2,[J@11563a2,[J@11563a2
operator: UnknownresourceId: Unknown - creating db connection using connection name: informix_connection
committing transaction
Read propery[ConnectionFactoryNS] which is  required  with value[com.topcoder.db.connectionfactory.DBConnectionFactoryImpl] from namespace [com.topcoder.management.project.persistence.InformixProjectPersistence].
Read propery[ConnectionName] which is  optional  with value[informix_connection] from namespace [com.topcoder.management.project.persistence.InformixProjectPersistence].
Read propery[ProjectIdSequenceName] which is  optional  with value[project_id_seq] from namespace [com.topcoder.management.project.persistence.InformixProjectPersistence].
Read propery[ProjectAuditIdSequenceName] which is  optional  with value[project_audit_id_seq] from namespace [com.topcoder.management.project.persistence.InformixProjectPersistence].
Read propery[ConnectionFactoryNS] which is  required  with value[com.topcoder.db.connectionfactory.DBConnectionFactoryImpl] from namespace [com.topcoder.management.project.persistence.link.ProjectLinkManagerImpl].
Read propery[ConnectionName] which is  optional  with value[informix_connection] from namespace [com.topcoder.management.project.persistence.link.ProjectLinkManagerImpl].
read property ConnectionFactoryNS[com.topcoder.db.connectionfactory.DBConnectionFactoryImpl] from the namespace :com.topcoder.management.scorecard.persistence.InformixScorecardPersistence
read property ConnectionName[informix_connection] from the namespace :com.topcoder.management.scorecard.persistence.InformixScorecardPersistence
Instantiate SqlUploadPersistence with connectionFactory and connectioName:informix_connection
Instantiate PersistenceUploadManager with UploadPersistence, uploadSearchBundle, submissionSearchBundle, uploadIdGenerator, uploadTypeIdGenerator, uploadStatusIdGenerator, submissionIDGenerator, submissionStatusIdGenerator and submissionTypeIdGenerator.
Instantiate AbstractResourcePersistence with connectionFactory and connectionName[informix_connection].
load Resource role with ids:[J@d76d1e,[J@d76d1e,[J@d76d1e,[J@d76d1e,[J@d76d1e,[J@d76d1e,[J@d76d1e,[J@d76d1e,[J@d76d1e,[J@d76d1e,[J@d76d1e,[J@d76d1e,[J@d76d1e,[J@d76d1e,[J@d76d1e,[J@d76d1e,[J@d76d1e,[J@d76d1e,[J@d76d1e,[J@d76d1e,[J@d76d1e,[J@d76d1e
operator: UnknownresourceId: Unknown - creating db connection using connection name: informix_connection
committing transaction
Read propery[ConnectionFactoryNS] which is  required  with value[com.topcoder.db.connectionfactory.DBConnectionFactoryImpl] from namespace [com.topcoder.management.project.persistence.InformixProjectPersistence].
Read propery[ConnectionName] which is  optional  with value[informix_connection] from namespace [com.topcoder.management.project.persistence.InformixProjectPersistence].
Read propery[ProjectIdSequenceName] which is  optional  with value[project_id_seq] from namespace [com.topcoder.management.project.persistence.InformixProjectPersistence].
Read propery[ProjectAuditIdSequenceName] which is  optional  with value[project_audit_id_seq] from namespace [com.topcoder.management.project.persistence.InformixProjectPersistence].
Read propery[ConnectionFactoryNS] which is  required  with value[com.topcoder.db.connectionfactory.DBConnectionFactoryImpl] from namespace [com.topcoder.management.project.persistence.link.ProjectLinkManagerImpl].
Read propery[ConnectionName] which is  optional  with value[informix_connection] from namespace [com.topcoder.management.project.persistence.link.ProjectLinkManagerImpl].
read property ConnectionFactoryNS[com.topcoder.db.connectionfactory.DBConnectionFactoryImpl] from the namespace :com.topcoder.management.scorecard.persistence.InformixScorecardPersistence
read property ConnectionName[informix_connection] from the namespace :com.topcoder.management.scorecard.persistence.InformixScorecardPersistence
Instantiate SqlUploadPersistence with connectionFactory and connectioName:informix_connection
Instantiate PersistenceUploadManager with UploadPersistence, uploadSearchBundle, submissionSearchBundle, uploadIdGenerator, uploadTypeIdGenerator, uploadStatusIdGenerator, submissionIDGenerator, submissionStatusIdGenerator and submissionTypeIdGenerator.
Instantiate AbstractResourcePersistence with connectionFactory and connectionName[informix_connection].
load Resource role with ids:[J@db59df,[J@db59df,[J@db59df,[J@db59df,[J@db59df,[J@db59df,[J@db59df,[J@db59df,[J@db59df,[J@db59df,[J@db59df,[J@db59df,[J@db59df,[J@db59df,[J@db59df,[J@db59df,[J@db59df,[J@db59df,[J@db59df,[J@db59df,[J@db59df,[J@db59df
operator: UnknownresourceId: Unknown - creating db connection using connection name: informix_connection
committing transaction
Read propery[ConnectionFactoryNS] which is  required  with value[com.topcoder.db.connectionfactory.DBConnectionFactoryImpl] from namespace [com.topcoder.management.project.persistence.InformixProjectPersistence].
Read propery[ConnectionName] which is  optional  with value[informix_connection] from namespace [com.topcoder.management.project.persistence.InformixProjectPersistence].
Read propery[ProjectIdSequenceName] which is  optional  with value[project_id_seq] from namespace [com.topcoder.management.project.persistence.InformixProjectPersistence].
Read propery[ProjectAuditIdSequenceName] which is  optional  with value[project_audit_id_seq] from namespace [com.topcoder.management.project.persistence.InformixProjectPersistence].
Read propery[ConnectionFactoryNS] which is  required  with value[com.topcoder.db.connectionfactory.DBConnectionFactoryImpl] from namespace [com.topcoder.management.project.persistence.link.ProjectLinkManagerImpl].
Read propery[ConnectionName] which is  optional  with value[informix_connection] from namespace [com.topcoder.management.project.persistence.link.ProjectLinkManagerImpl].
read property ConnectionFactoryNS[com.topcoder.db.connectionfactory.DBConnectionFactoryImpl] from the namespace :com.topcoder.management.scorecard.persistence.InformixScorecardPersistence
read property ConnectionName[informix_connection] from the namespace :com.topcoder.management.scorecard.persistence.InformixScorecardPersistence
Instantiate SqlUploadPersistence with connectionFactory and connectioName:informix_connection
Instantiate PersistenceUploadManager with UploadPersistence, uploadSearchBundle, submissionSearchBundle, uploadIdGenerator, uploadTypeIdGenerator, uploadStatusIdGenerator, submissionIDGenerator, submissionStatusIdGenerator and submissionTypeIdGenerator.
Instantiate AbstractResourcePersistence with connectionFactory and connectionName[informix_connection].
load Resource role with ids:[J@89e0c6,[J@89e0c6,[J@89e0c6,[J@89e0c6,[J@89e0c6,[J@89e0c6,[J@89e0c6,[J@89e0c6,[J@89e0c6,[J@89e0c6,[J@89e0c6,[J@89e0c6,[J@89e0c6,[J@89e0c6,[J@89e0c6,[J@89e0c6,[J@89e0c6,[J@89e0c6,[J@89e0c6,[J@89e0c6,[J@89e0c6,[J@89e0c6
operator: UnknownresourceId: Unknown - creating db connection using connection name: informix_connection
committing transaction
type: Upload id: Unknown operator:Unknown - search submissions with filter. found: 1
Read propery[ConnectionFactoryNS] which is  required  with value[com.topcoder.db.connectionfactory.DBConnectionFactoryImpl] from namespace [com.topcoder.management.project.persistence.InformixProjectPersistence].
Read propery[ConnectionName] which is  optional  with value[informix_connection] from namespace [com.topcoder.management.project.persistence.InformixProjectPersistence].
Read propery[ProjectIdSequenceName] which is  optional  with value[project_id_seq] from namespace [com.topcoder.management.project.persistence.InformixProjectPersistence].
Read propery[ProjectAuditIdSequenceName] which is  optional  with value[project_audit_id_seq] from namespace [com.topcoder.management.project.persistence.InformixProjectPersistence].
Read propery[ConnectionFactoryNS] which is  required  with value[com.topcoder.db.connectionfactory.DBConnectionFactoryImpl] from namespace [com.topcoder.management.project.persistence.link.ProjectLinkManagerImpl].
Read propery[ConnectionName] which is  optional  with value[informix_connection] from namespace [com.topcoder.management.project.persistence.link.ProjectLinkManagerImpl].
read property ConnectionFactoryNS[com.topcoder.db.connectionfactory.DBConnectionFactoryImpl] from the namespace :com.topcoder.management.scorecard.persistence.InformixScorecardPersistence
read property ConnectionName[informix_connection] from the namespace :com.topcoder.management.scorecard.persistence.InformixScorecardPersistence
Instantiate SqlUploadPersistence with connectionFactory and connectioName:informix_connection
Instantiate PersistenceUploadManager with UploadPersistence, uploadSearchBundle, submissionSearchBundle, uploadIdGenerator, uploadTypeIdGenerator, uploadStatusIdGenerator, submissionIDGenerator, submissionStatusIdGenerator and submissionTypeIdGenerator.
Instantiate AbstractResourcePersistence with connectionFactory and connectionName[informix_connection].
load Resource role with ids:[J@a28815,[J@a28815,[J@a28815,[J@a28815,[J@a28815,[J@a28815,[J@a28815,[J@a28815,[J@a28815,[J@a28815,[J@a28815,[J@a28815,[J@a28815,[J@a28815,[J@a28815,[J@a28815,[J@a28815,[J@a28815,[J@a28815,[J@a28815,[J@a28815,[J@a28815
operator: UnknownresourceId: Unknown - creating db connection using connection name: informix_connection
committing transaction
Read propery[ConnectionFactoryNS] which is  required  with value[com.topcoder.db.connectionfactory.DBConnectionFactoryImpl] from namespace [com.topcoder.management.project.persistence.InformixProjectPersistence].
Read propery[ConnectionName] which is  optional  with value[informix_connection] from namespace [com.topcoder.management.project.persistence.InformixProjectPersistence].
Read propery[ProjectIdSequenceName] which is  optional  with value[project_id_seq] from namespace [com.topcoder.management.project.persistence.InformixProjectPersistence].
Read propery[ProjectAuditIdSequenceName] which is  optional  with value[project_audit_id_seq] from namespace [com.topcoder.management.project.persistence.InformixProjectPersistence].
Read propery[ConnectionFactoryNS] which is  required  with value[com.topcoder.db.connectionfactory.DBConnectionFactoryImpl] from namespace [com.topcoder.management.project.persistence.link.ProjectLinkManagerImpl].
Read propery[ConnectionName] which is  optional  with value[informix_connection] from namespace [com.topcoder.management.project.persistence.link.ProjectLinkManagerImpl].
read property ConnectionFactoryNS[com.topcoder.db.connectionfactory.DBConnectionFactoryImpl] from the namespace :com.topcoder.management.scorecard.persistence.InformixScorecardPersistence
read property ConnectionName[informix_connection] from the namespace :com.topcoder.management.scorecard.persistence.InformixScorecardPersistence
Instantiate SqlUploadPersistence with connectionFactory and connectioName:informix_connection
Instantiate PersistenceUploadManager with UploadPersistence, uploadSearchBundle, submissionSearchBundle, uploadIdGenerator, uploadTypeIdGenerator, uploadStatusIdGenerator, submissionIDGenerator, submissionStatusIdGenerator and submissionTypeIdGenerator.
Instantiate AbstractResourcePersistence with connectionFactory and connectionName[informix_connection].
load Resource role with ids:[J@a3c7b1,[J@a3c7b1,[J@a3c7b1,[J@a3c7b1,[J@a3c7b1,[J@a3c7b1,[J@a3c7b1,[J@a3c7b1,[J@a3c7b1,[J@a3c7b1,[J@a3c7b1,[J@a3c7b1,[J@a3c7b1,[J@a3c7b1,[J@a3c7b1,[J@a3c7b1,[J@a3c7b1,[J@a3c7b1,[J@a3c7b1,[J@a3c7b1,[J@a3c7b1,[J@a3c7b1
operator: UnknownresourceId: Unknown - creating db connection using connection name: informix_connection
committing transaction
Read propery[ConnectionFactoryNS] which is  required  with value[com.topcoder.db.connectionfactory.DBConnectionFactoryImpl] from namespace [com.topcoder.management.project.persistence.InformixProjectPersistence].
Read propery[ConnectionName] which is  optional  with value[informix_connection] from namespace [com.topcoder.management.project.persistence.InformixProjectPersistence].
Read propery[ProjectIdSequenceName] which is  optional  with value[project_id_seq] from namespace [com.topcoder.management.project.persistence.InformixProjectPersistence].
Read propery[ProjectAuditIdSequenceName] which is  optional  with value[project_audit_id_seq] from namespace [com.topcoder.management.project.persistence.InformixProjectPersistence].
Read propery[ConnectionFactoryNS] which is  required  with value[com.topcoder.db.connectionfactory.DBConnectionFactoryImpl] from namespace [com.topcoder.management.project.persistence.link.ProjectLinkManagerImpl].
Read propery[ConnectionName] which is  optional  with value[informix_connection] from namespace [com.topcoder.management.project.persistence.link.ProjectLinkManagerImpl].
read property ConnectionFactoryNS[com.topcoder.db.connectionfactory.DBConnectionFactoryImpl] from the namespace :com.topcoder.management.scorecard.persistence.InformixScorecardPersistence
read property ConnectionName[informix_connection] from the namespace :com.topcoder.management.scorecard.persistence.InformixScorecardPersistence
Instantiate SqlUploadPersistence with connectionFactory and connectioName:informix_connection
Instantiate PersistenceUploadManager with UploadPersistence, uploadSearchBundle, submissionSearchBundle, uploadIdGenerator, uploadTypeIdGenerator, uploadStatusIdGenerator, submissionIDGenerator, submissionStatusIdGenerator and submissionTypeIdGenerator.
Instantiate AbstractResourcePersistence with connectionFactory and connectionName[informix_connection].
load Resource role with ids:[J@1eaf705,[J@1eaf705,[J@1eaf705,[J@1eaf705,[J@1eaf705,[J@1eaf705,[J@1eaf705,[J@1eaf705,[J@1eaf705,[J@1eaf705,[J@1eaf705,[J@1eaf705,[J@1eaf705,[J@1eaf705,[J@1eaf705,[J@1eaf705,[J@1eaf705,[J@1eaf705,[J@1eaf705,[J@1eaf705,[J@1eaf705,[J@1eaf705
operator: UnknownresourceId: Unknown - creating db connection using connection name: informix_connection
committing transaction
type: Upload id: Unknown operator:Unknown - search submissions with filter. found: 0
get projects with the ids: 1
operator: UnknownprojectId: Unknown - creating db connection using connection name: informix_connection
committing transaction
load Resource role with ids:[J@1ff3510,[J@1ff3510,[J@1ff3510,[J@1ff3510,[J@1ff3510,[J@1ff3510,[J@1ff3510,[J@1ff3510,[J@1ff3510,[J@1ff3510,[J@1ff3510,[J@1ff3510,[J@1ff3510,[J@1ff3510,[J@1ff3510,[J@1ff3510,[J@1ff3510,[J@1ff3510,[J@1ff3510,[J@1ff3510,[J@1ff3510,[J@1ff3510
operator: UnknownresourceId: Unknown - creating db connection using connection name: informix_connection
committing transaction
Read propery[ConnectionFactoryNS] which is  required  with value[com.topcoder.db.connectionfactory.DBConnectionFactoryImpl] from namespace [com.topcoder.management.project.persistence.InformixProjectPersistence].
Read propery[ConnectionName] which is  optional  with value[informix_connection] from namespace [com.topcoder.management.project.persistence.InformixProjectPersistence].
Read propery[ProjectIdSequenceName] which is  optional  with value[project_id_seq] from namespace [com.topcoder.management.project.persistence.InformixProjectPersistence].
Read propery[ProjectAuditIdSequenceName] which is  optional  with value[project_audit_id_seq] from namespace [com.topcoder.management.project.persistence.InformixProjectPersistence].
Read propery[ConnectionFactoryNS] which is  required  with value[com.topcoder.db.connectionfactory.DBConnectionFactoryImpl] from namespace [com.topcoder.management.project.persistence.link.ProjectLinkManagerImpl].
Read propery[ConnectionName] which is  optional  with value[informix_connection] from namespace [com.topcoder.management.project.persistence.link.ProjectLinkManagerImpl].
read property ConnectionFactoryNS[com.topcoder.db.connectionfactory.DBConnectionFactoryImpl] from the namespace :com.topcoder.management.scorecard.persistence.InformixScorecardPersistence
read property ConnectionName[informix_connection] from the namespace :com.topcoder.management.scorecard.persistence.InformixScorecardPersistence
Instantiate SqlUploadPersistence with connectionFactory and connectioName:informix_connection
Instantiate PersistenceUploadManager with UploadPersistence, uploadSearchBundle, submissionSearchBundle, uploadIdGenerator, uploadTypeIdGenerator, uploadStatusIdGenerator, submissionIDGenerator, submissionStatusIdGenerator and submissionTypeIdGenerator.
Instantiate AbstractResourcePersistence with connectionFactory and connectionName[informix_connection].
load Resource role with ids:[J@11c7295,[J@11c7295,[J@11c7295,[J@11c7295,[J@11c7295,[J@11c7295,[J@11c7295,[J@11c7295,[J@11c7295,[J@11c7295,[J@11c7295,[J@11c7295,[J@11c7295,[J@11c7295,[J@11c7295,[J@11c7295,[J@11c7295,[J@11c7295,[J@11c7295,[J@11c7295,[J@11c7295,[J@11c7295
operator: UnknownresourceId: Unknown - creating db connection using connection name: informix_connection
committing transaction
type: Upload id: Unknown operator:Unknown - search submissions with filter. found: 1
load Resource with ids:[J@1dc11af
operator: UnknownresourceId: Unknown - creating db connection using connection name: informix_connection
load ResourceRole with id:3
operator: UnknownresourceId: Unknown - creating db connection using connection name: informix_connection
committing transaction
committing transaction
type: Scorecard id: Unknown operator:Unknown - retrieve scorecard with ids:1, and is incomplete
create db connection with connect name:informix_connection
close the connection.
type: Submission id: 102 operator:1001 - update Submission.
type: Submission id: 102 operator:Unknown - Update Submission, it will update record in submission table.
create db connection using connection name:informix_connection
close the connection.
operator: UnknownresourceId: 102 - load resource.
operator: UnknownresourceId: Unknown - creating db connection using connection name: informix_connection
load ResourceRole with id:1
operator: UnknownresourceId: Unknown - creating db connection using connection name: informix_connection
committing transaction
committing transaction
get projects with the ids: 1
operator: UnknownprojectId: Unknown - creating db connection using connection name: informix_connection
committing transaction
load Resource role with ids:[J@17dea61,[J@17dea61,[J@17dea61,[J@17dea61,[J@17dea61,[J@17dea61,[J@17dea61,[J@17dea61,[J@17dea61,[J@17dea61,[J@17dea61,[J@17dea61,[J@17dea61,[J@17dea61,[J@17dea61,[J@17dea61,[J@17dea61,[J@17dea61,[J@17dea61,[J@17dea61,[J@17dea61,[J@17dea61
operator: UnknownresourceId: Unknown - creating db connection using connection name: informix_connection
committing transaction
load Resource with ids:[J@1ddc3ea
operator: UnknownresourceId: Unknown - creating db connection using connection name: informix_connection
load ResourceRole with id:3
operator: UnknownresourceId: Unknown - creating db connection using connection name: informix_connection
committing transaction
committing transaction
load Resource with ids:[J@1164555
operator: UnknownresourceId: Unknown - creating db connection using connection name: informix_connection
load ResourceRole with id:1
operator: UnknownresourceId: Unknown - creating db connection using connection name: informix_connection
committing transaction
committing transaction
Read propery[ConnectionFactoryNS] which is  required  with value[com.topcoder.db.connectionfactory.DBConnectionFactoryImpl] from namespace [com.topcoder.management.project.persistence.InformixProjectPersistence].
Read propery[ConnectionName] which is  optional  with value[informix_connection] from namespace [com.topcoder.management.project.persistence.InformixProjectPersistence].
Read propery[ProjectIdSequenceName] which is  optional  with value[project_id_seq] from namespace [com.topcoder.management.project.persistence.InformixProjectPersistence].
Read propery[ProjectAuditIdSequenceName] which is  optional  with value[project_audit_id_seq] from namespace [com.topcoder.management.project.persistence.InformixProjectPersistence].
Read propery[ConnectionFactoryNS] which is  required  with value[com.topcoder.db.connectionfactory.DBConnectionFactoryImpl] from namespace [com.topcoder.management.project.persistence.link.ProjectLinkManagerImpl].
Read propery[ConnectionName] which is  optional  with value[informix_connection] from namespace [com.topcoder.management.project.persistence.link.ProjectLinkManagerImpl].
read property ConnectionFactoryNS[com.topcoder.db.connectionfactory.DBConnectionFactoryImpl] from the namespace :com.topcoder.management.scorecard.persistence.InformixScorecardPersistence
read property ConnectionName[informix_connection] from the namespace :com.topcoder.management.scorecard.persistence.InformixScorecardPersistence
Instantiate SqlUploadPersistence with connectionFactory and connectioName:informix_connection
Instantiate PersistenceUploadManager with UploadPersistence, uploadSearchBundle, submissionSearchBundle, uploadIdGenerator, uploadTypeIdGenerator, uploadStatusIdGenerator, submissionIDGenerator, submissionStatusIdGenerator and submissionTypeIdGenerator.
Instantiate AbstractResourcePersistence with connectionFactory and connectionName[informix_connection].
load Resource role with ids:[J@1023565,[J@1023565,[J@1023565,[J@1023565,[J@1023565,[J@1023565,[J@1023565,[J@1023565,[J@1023565,[J@1023565,[J@1023565,[J@1023565,[J@1023565,[J@1023565,[J@1023565,[J@1023565,[J@1023565,[J@1023565,[J@1023565,[J@1023565,[J@1023565,[J@1023565
operator: UnknownresourceId: Unknown - creating db connection using connection name: informix_connection
committing transaction
load Resource with ids:[J@c386d
operator: UnknownresourceId: Unknown - creating db connection using connection name: informix_connection
load ResourceRole with id:2
operator: UnknownresourceId: Unknown - creating db connection using connection name: informix_connection
committing transaction
committing transaction
load Resource with ids:[J@1b6a350
operator: UnknownresourceId: Unknown - creating db connection using connection name: informix_connection
load ResourceRole with id:2
operator: UnknownresourceId: Unknown - creating db connection using connection name: informix_connection
committing transaction
committing transaction
type: Upload id: Unknown operator:Unknown - search submissions with filter. found: 1
type: Upload id: Unknown operator:Unknown - search submissions with filter. found: 1
load Resource with ids:[J@25a5d2
operator: UnknownresourceId: Unknown - creating db connection using connection name: informix_connection
load ResourceRole with id:2
operator: UnknownresourceId: Unknown - creating db connection using connection name: informix_connection
committing transaction
committing transaction
type: Scorecard id: Unknown operator:Unknown - retrieve scorecard with ids:1, and is incomplete
create db connection with connect name:informix_connection
close the connection.
type: Submission id: 102 operator:1001 - update Submission.
type: Submission id: 102 operator:Unknown - Update Submission, it will update record in submission table.
create db connection using connection name:informix_connection
close the connection.
operator: UnknownresourceId: 102 - load resource.
operator: UnknownresourceId: Unknown - creating db connection using connection name: informix_connection
load ResourceRole with id:1
operator: UnknownresourceId: Unknown - creating db connection using connection name: informix_connection
committing transaction
committing transaction
get projects with the ids: 1
operator: UnknownprojectId: Unknown - creating db connection using connection name: informix_connection
committing transaction
load Resource role with ids:[J@1f378c8,[J@1f378c8,[J@1f378c8,[J@1f378c8,[J@1f378c8,[J@1f378c8,[J@1f378c8,[J@1f378c8,[J@1f378c8,[J@1f378c8,[J@1f378c8,[J@1f378c8,[J@1f378c8,[J@1f378c8,[J@1f378c8,[J@1f378c8,[J@1f378c8,[J@1f378c8,[J@1f378c8,[J@1f378c8,[J@1f378c8,[J@1f378c8
operator: UnknownresourceId: Unknown - creating db connection using connection name: informix_connection
committing transaction
load Resource with ids:[J@1334b1a
operator: UnknownresourceId: Unknown - creating db connection using connection name: informix_connection
load ResourceRole with id:2
operator: UnknownresourceId: Unknown - creating db connection using connection name: informix_connection
committing transaction
committing transaction
load Resource with ids:[J@be95bf
operator: UnknownresourceId: Unknown - creating db connection using connection name: informix_connection
load ResourceRole with id:1
operator: UnknownresourceId: Unknown - creating db connection using connection name: informix_connection
committing transaction
committing transaction
Read propery[ConnectionFactoryNS] which is  required  with value[com.topcoder.db.connectionfactory.DBConnectionFactoryImpl] from namespace [com.topcoder.management.project.persistence.InformixProjectPersistence].
Read propery[ConnectionName] which is  optional  with value[informix_connection] from namespace [com.topcoder.management.project.persistence.InformixProjectPersistence].
Read propery[ProjectIdSequenceName] which is  optional  with value[project_id_seq] from namespace [com.topcoder.management.project.persistence.InformixProjectPersistence].
Read propery[ProjectAuditIdSequenceName] which is  optional  with value[project_audit_id_seq] from namespace [com.topcoder.management.project.persistence.InformixProjectPersistence].
Read propery[ConnectionFactoryNS] which is  required  with value[com.topcoder.db.connectionfactory.DBConnectionFactoryImpl] from namespace [com.topcoder.management.project.persistence.link.ProjectLinkManagerImpl].
Read propery[ConnectionName] which is  optional  with value[informix_connection] from namespace [com.topcoder.management.project.persistence.link.ProjectLinkManagerImpl].
read property ConnectionFactoryNS[com.topcoder.db.connectionfactory.DBConnectionFactoryImpl] from the namespace :com.topcoder.management.scorecard.persistence.InformixScorecardPersistence
read property ConnectionName[informix_connection] from the namespace :com.topcoder.management.scorecard.persistence.InformixScorecardPersistence
Instantiate SqlUploadPersistence with connectionFactory and connectioName:informix_connection
Instantiate PersistenceUploadManager with UploadPersistence, uploadSearchBundle, submissionSearchBundle, uploadIdGenerator, uploadTypeIdGenerator, uploadStatusIdGenerator, submissionIDGenerator, submissionStatusIdGenerator and submissionTypeIdGenerator.
Instantiate AbstractResourcePersistence with connectionFactory and connectionName[informix_connection].
load Resource role with ids:[J@e361ad,[J@e361ad,[J@e361ad,[J@e361ad,[J@e361ad,[J@e361ad,[J@e361ad,[J@e361ad,[J@e361ad,[J@e361ad,[J@e361ad,[J@e361ad,[J@e361ad,[J@e361ad,[J@e361ad,[J@e361ad,[J@e361ad,[J@e361ad,[J@e361ad,[J@e361ad,[J@e361ad,[J@e361ad
operator: UnknownresourceId: Unknown - creating db connection using connection name: informix_connection
committing transaction
load Resource with ids:[J@1f7fbe
operator: UnknownresourceId: Unknown - creating db connection using connection name: informix_connection
load ResourceRole with id:2
operator: UnknownresourceId: Unknown - creating db connection using connection name: informix_connection
committing transaction
committing transaction
load Resource with ids:[J@eb73e
operator: UnknownresourceId: Unknown - creating db connection using connection name: informix_connection
load ResourceRole with id:2
operator: UnknownresourceId: Unknown - creating db connection using connection name: informix_connection
committing transaction
committing transaction
type: Upload id: Unknown operator:Unknown - search submissions with filter. found: 1
type: Upload id: Unknown operator:Unknown - search submissions with filter. found: 1
load Resource with ids:[J@4df9a0
operator: UnknownresourceId: Unknown - creating db connection using connection name: informix_connection
load ResourceRole with id:2
operator: UnknownresourceId: Unknown - creating db connection using connection name: informix_connection
committing transaction
committing transaction
type: Scorecard id: Unknown operator:Unknown - retrieve scorecard with ids:1, and is incomplete
create db connection with connect name:informix_connection
close the connection.
get All submission statuses, delegate to persistence.
get All submission statuses, delegate to persistence.
create db connection using connection name:informix_connection
close the connection.
type: SubmissionStatus id: Unknown operator:Unknown - Load SubmissionStatuses with ids:1,2,3,4,5
create db connection using connection name:informix_connection
close the connection.
type: Submission id: 102 operator:1001 - update Submission.
type: Submission id: 102 operator:Unknown - Update Submission, it will update record in submission table.
create db connection using connection name:informix_connection
close the connection.
operator: UnknownresourceId: 102 - load resource.
operator: UnknownresourceId: Unknown - creating db connection using connection name: informix_connection
load ResourceRole with id:1
operator: UnknownresourceId: Unknown - creating db connection using connection name: informix_connection
committing transaction
committing transaction
get projects with the ids: 1
operator: UnknownprojectId: Unknown - creating db connection using connection name: informix_connection
committing transaction
get projects with the ids: 1
operator: UnknownprojectId: Unknown - creating db connection using connection name: informix_connection
committing transaction
load Resource role with ids:[J@1ab2ddb,[J@1ab2ddb,[J@1ab2ddb,[J@1ab2ddb,[J@1ab2ddb,[J@1ab2ddb,[J@1ab2ddb,[J@1ab2ddb,[J@1ab2ddb,[J@1ab2ddb,[J@1ab2ddb,[J@1ab2ddb,[J@1ab2ddb,[J@1ab2ddb,[J@1ab2ddb,[J@1ab2ddb,[J@1ab2ddb,[J@1ab2ddb,[J@1ab2ddb,[J@1ab2ddb,[J@1ab2ddb,[J@1ab2ddb
operator: UnknownresourceId: Unknown - creating db connection using connection name: informix_connection
committing transaction
load Resource with ids:[J@1f5248c
operator: UnknownresourceId: Unknown - creating db connection using connection name: informix_connection
load ResourceRole with id:2
operator: UnknownresourceId: Unknown - creating db connection using connection name: informix_connection
committing transaction
committing transaction
load Resource with ids:[J@18430a5
operator: UnknownresourceId: Unknown - creating db connection using connection name: informix_connection
load ResourceRole with id:1
operator: UnknownresourceId: Unknown - creating db connection using connection name: informix_connection
committing transaction
committing transaction
Read propery[ConnectionFactoryNS] which is  required  with value[com.topcoder.db.connectionfactory.DBConnectionFactoryImpl] from namespace [com.topcoder.management.project.persistence.InformixProjectPersistence].
Read propery[ConnectionName] which is  optional  with value[informix_connection] from namespace [com.topcoder.management.project.persistence.InformixProjectPersistence].
Read propery[ProjectIdSequenceName] which is  optional  with value[project_id_seq] from namespace [com.topcoder.management.project.persistence.InformixProjectPersistence].
Read propery[ProjectAuditIdSequenceName] which is  optional  with value[project_audit_id_seq] from namespace [com.topcoder.management.project.persistence.InformixProjectPersistence].
Read propery[ConnectionFactoryNS] which is  required  with value[com.topcoder.db.connectionfactory.DBConnectionFactoryImpl] from namespace [com.topcoder.management.project.persistence.link.ProjectLinkManagerImpl].
Read propery[ConnectionName] which is  optional  with value[informix_connection] from namespace [com.topcoder.management.project.persistence.link.ProjectLinkManagerImpl].
read property ConnectionFactoryNS[com.topcoder.db.connectionfactory.DBConnectionFactoryImpl] from the namespace :com.topcoder.management.scorecard.persistence.InformixScorecardPersistence
read property ConnectionName[informix_connection] from the namespace :com.topcoder.management.scorecard.persistence.InformixScorecardPersistence
Instantiate SqlUploadPersistence with connectionFactory and connectioName:informix_connection
Instantiate PersistenceUploadManager with UploadPersistence, uploadSearchBundle, submissionSearchBundle, uploadIdGenerator, uploadTypeIdGenerator, uploadStatusIdGenerator, submissionIDGenerator, submissionStatusIdGenerator and submissionTypeIdGenerator.
Instantiate AbstractResourcePersistence with connectionFactory and connectionName[informix_connection].
load Resource role with ids:[J@1f17c9e,[J@1f17c9e,[J@1f17c9e,[J@1f17c9e,[J@1f17c9e,[J@1f17c9e,[J@1f17c9e,[J@1f17c9e,[J@1f17c9e,[J@1f17c9e,[J@1f17c9e,[J@1f17c9e,[J@1f17c9e,[J@1f17c9e,[J@1f17c9e,[J@1f17c9e,[J@1f17c9e,[J@1f17c9e,[J@1f17c9e,[J@1f17c9e,[J@1f17c9e,[J@1f17c9e
operator: UnknownresourceId: Unknown - creating db connection using connection name: informix_connection
committing transaction
load Resource with ids:[J@1a79faa
operator: UnknownresourceId: Unknown - creating db connection using connection name: informix_connection
load ResourceRole with id:3
operator: UnknownresourceId: Unknown - creating db connection using connection name: informix_connection
committing transaction
committing transaction
load Resource with ids:[J@cd32e5
operator: UnknownresourceId: Unknown - creating db connection using connection name: informix_connection
load ResourceRole with id:1
operator: UnknownresourceId: Unknown - creating db connection using connection name: informix_connection
committing transaction
committing transaction
type: Upload id: Unknown operator:Unknown - search submissions with filter. found: 1
load Resource with ids:[J@de1f47
operator: UnknownresourceId: Unknown - creating db connection using connection name: informix_connection
load ResourceRole with id:3
operator: UnknownresourceId: Unknown - creating db connection using connection name: informix_connection
committing transaction
committing transaction
type: Upload id: Unknown operator:Unknown - search submissions with filter. found: 1
load Resource with ids:[J@448192
operator: UnknownresourceId: Unknown - creating db connection using connection name: informix_connection
load ResourceRole with id:3
operator: UnknownresourceId: Unknown - creating db connection using connection name: informix_connection
committing transaction
committing transaction
type: Scorecard id: Unknown operator:Unknown - retrieve scorecard with ids:1, and is incomplete
create db connection with connect name:informix_connection
close the connection.
type: Submission id: 102 operator:1001 - update Submission.
type: Submission id: 102 operator:Unknown - Update Submission, it will update record in submission table.
create db connection using connection name:informix_connection
close the connection.
operator: UnknownresourceId: 102 - load resource.
operator: UnknownresourceId: Unknown - creating db connection using connection name: informix_connection
load ResourceRole with id:1
operator: UnknownresourceId: Unknown - creating db connection using connection name: informix_connection
committing transaction
committing transaction
get projects with the ids: 1
operator: UnknownprojectId: Unknown - creating db connection using connection name: informix_connection
committing transaction
load Resource role with ids:[J@6a086a,[J@6a086a,[J@6a086a,[J@6a086a,[J@6a086a,[J@6a086a,[J@6a086a,[J@6a086a,[J@6a086a,[J@6a086a,[J@6a086a,[J@6a086a,[J@6a086a,[J@6a086a,[J@6a086a,[J@6a086a,[J@6a086a,[J@6a086a,[J@6a086a,[J@6a086a,[J@6a086a,[J@6a086a
operator: UnknownresourceId: Unknown - creating db connection using connection name: informix_connection
committing transaction
load Resource with ids:[J@153b574
operator: UnknownresourceId: Unknown - creating db connection using connection name: informix_connection
load ResourceRole with id:3
operator: UnknownresourceId: Unknown - creating db connection using connection name: informix_connection
committing transaction
committing transaction
load Resource with ids:[J@12b71eb
operator: UnknownresourceId: Unknown - creating db connection using connection name: informix_connection
load ResourceRole with id:1
operator: UnknownresourceId: Unknown - creating db connection using connection name: informix_connection
committing transaction
committing transaction
Read propery[ConnectionFactoryNS] which is  required  with value[com.topcoder.db.connectionfactory.DBConnectionFactoryImpl] from namespace [com.topcoder.management.project.persistence.InformixProjectPersistence].
Read propery[ConnectionName] which is  optional  with value[informix_connection] from namespace [com.topcoder.management.project.persistence.InformixProjectPersistence].
Read propery[ProjectIdSequenceName] which is  optional  with value[project_id_seq] from namespace [com.topcoder.management.project.persistence.InformixProjectPersistence].
Read propery[ProjectAuditIdSequenceName] which is  optional  with value[project_audit_id_seq] from namespace [com.topcoder.management.project.persistence.InformixProjectPersistence].
Read propery[ConnectionFactoryNS] which is  required  with value[com.topcoder.db.connectionfactory.DBConnectionFactoryImpl] from namespace [com.topcoder.management.project.persistence.link.ProjectLinkManagerImpl].
Read propery[ConnectionName] which is  optional  with value[informix_connection] from namespace [com.topcoder.management.project.persistence.link.ProjectLinkManagerImpl].
read property ConnectionFactoryNS[com.topcoder.db.connectionfactory.DBConnectionFactoryImpl] from the namespace :com.topcoder.management.scorecard.persistence.InformixScorecardPersistence
read property ConnectionName[informix_connection] from the namespace :com.topcoder.management.scorecard.persistence.InformixScorecardPersistence
Instantiate SqlUploadPersistence with connectionFactory and connectioName:informix_connection
Instantiate PersistenceUploadManager with UploadPersistence, uploadSearchBundle, submissionSearchBundle, uploadIdGenerator, uploadTypeIdGenerator, uploadStatusIdGenerator, submissionIDGenerator, submissionStatusIdGenerator and submissionTypeIdGenerator.
Instantiate AbstractResourcePersistence with connectionFactory and connectionName[informix_connection].
load Resource role with ids:[J@e2e869,[J@e2e869,[J@e2e869,[J@e2e869,[J@e2e869,[J@e2e869,[J@e2e869,[J@e2e869,[J@e2e869,[J@e2e869,[J@e2e869,[J@e2e869,[J@e2e869,[J@e2e869,[J@e2e869,[J@e2e869,[J@e2e869,[J@e2e869,[J@e2e869,[J@e2e869,[J@e2e869,[J@e2e869
operator: UnknownresourceId: Unknown - creating db connection using connection name: informix_connection
committing transaction
type: Upload id: Unknown operator:Unknown - search submissions with filter. found: 2
operator: UnknownresourceId: 4 - load resource.
operator: UnknownresourceId: Unknown - creating db connection using connection name: informix_connection
load ResourceRole with id:1
operator: UnknownresourceId: Unknown - creating db connection using connection name: informix_connection
committing transaction
committing transaction
operator: UnknownresourceId: 5 - load resource.
operator: UnknownresourceId: Unknown - creating db connection using connection name: informix_connection
load ResourceRole with id:1
operator: UnknownresourceId: Unknown - creating db connection using connection name: informix_connection
committing transaction
committing transaction
load Notifications with array of userIds/projectIds/notificationTypes.
operator: UnknownresourceId: Unknown - creating db connection using connection name: informix_connection
committing transaction
get projects with the ids: 1
operator: UnknownprojectId: Unknown - creating db connection using connection name: informix_connection
committing transaction
load Resource role with ids:[J@e73750,[J@e73750,[J@e73750,[J@e73750,[J@e73750,[J@e73750,[J@e73750,[J@e73750,[J@e73750,[J@e73750,[J@e73750,[J@e73750,[J@e73750,[J@e73750,[J@e73750,[J@e73750,[J@e73750,[J@e73750,[J@e73750,[J@e73750,[J@e73750,[J@e73750
operator: UnknownresourceId: Unknown - creating db connection using connection name: informix_connection
committing transaction
load Resource with ids:[J@10dba0d
operator: UnknownresourceId: Unknown - creating db connection using connection name: informix_connection
load ResourceRole with id:4
operator: UnknownresourceId: Unknown - creating db connection using connection name: informix_connection
committing transaction
committing transaction
load Resource with ids:[J@1ccf0ad
operator: UnknownresourceId: Unknown - creating db connection using connection name: informix_connection
load ResourceRole with id:12
operator: UnknownresourceId: Unknown - creating db connection using connection name: informix_connection
committing transaction
committing transaction
load Resource with ids:[J@1e5cfca
operator: UnknownresourceId: Unknown - creating db connection using connection name: informix_connection
load ResourceRole with id:13
operator: UnknownresourceId: Unknown - creating db connection using connection name: informix_connection
committing transaction
committing transaction
load Resource with ids:[J@af84e
operator: UnknownresourceId: Unknown - creating db connection using connection name: informix_connection
load ResourceRole with id:9
operator: UnknownresourceId: Unknown - creating db connection using connection name: informix_connection
committing transaction
committing transaction
load Resource with ids:[J@1095c81,[J@1095c81
operator: UnknownresourceId: Unknown - creating db connection using connection name: informix_connection
load ResourceRole with id:1
operator: UnknownresourceId: Unknown - creating db connection using connection name: informix_connection
committing transaction
load ResourceRole with id:1
operator: UnknownresourceId: Unknown - creating db connection using connection name: informix_connection
committing transaction
committing transaction
operator: UnknownresourceId: 100001 - load resource.
operator: UnknownresourceId: Unknown - creating db connection using connection name: informix_connection
load ResourceRole with id:4
operator: UnknownresourceId: Unknown - creating db connection using connection name: informix_connection
committing transaction
committing transaction
operator: UnknownresourceId: 4 - load resource.
operator: UnknownresourceId: Unknown - creating db connection using connection name: informix_connection
load ResourceRole with id:1
operator: UnknownresourceId: Unknown - creating db connection using connection name: informix_connection
committing transaction
committing transaction
operator: UnknownresourceId: 100000 - load resource.
operator: UnknownresourceId: Unknown - creating db connection using connection name: informix_connection
load ResourceRole with id:13
operator: UnknownresourceId: Unknown - creating db connection using connection name: informix_connection
committing transaction
committing transaction
operator: UnknownresourceId: 5 - load resource.
operator: UnknownresourceId: Unknown - creating db connection using connection name: informix_connection
load ResourceRole with id:1
operator: UnknownresourceId: Unknown - creating db connection using connection name: informix_connection
committing transaction
committing transaction
Read propery[ConnectionFactoryNS] which is  required  with value[com.topcoder.db.connectionfactory.DBConnectionFactoryImpl] from namespace [com.topcoder.management.project.persistence.InformixProjectPersistence].
Read propery[ConnectionName] which is  optional  with value[informix_connection] from namespace [com.topcoder.management.project.persistence.InformixProjectPersistence].
Read propery[ProjectIdSequenceName] which is  optional  with value[project_id_seq] from namespace [com.topcoder.management.project.persistence.InformixProjectPersistence].
Read propery[ProjectAuditIdSequenceName] which is  optional  with value[project_audit_id_seq] from namespace [com.topcoder.management.project.persistence.InformixProjectPersistence].
Read propery[ConnectionFactoryNS] which is  required  with value[com.topcoder.db.connectionfactory.DBConnectionFactoryImpl] from namespace [com.topcoder.management.project.persistence.link.ProjectLinkManagerImpl].
Read propery[ConnectionName] which is  optional  with value[informix_connection] from namespace [com.topcoder.management.project.persistence.link.ProjectLinkManagerImpl].
read property ConnectionFactoryNS[com.topcoder.db.connectionfactory.DBConnectionFactoryImpl] from the namespace :com.topcoder.management.scorecard.persistence.InformixScorecardPersistence
read property ConnectionName[informix_connection] from the namespace :com.topcoder.management.scorecard.persistence.InformixScorecardPersistence
Instantiate SqlUploadPersistence with connectionFactory and connectioName:informix_connection
Instantiate PersistenceUploadManager with UploadPersistence, uploadSearchBundle, submissionSearchBundle, uploadIdGenerator, uploadTypeIdGenerator, uploadStatusIdGenerator, submissionIDGenerator, submissionStatusIdGenerator and submissionTypeIdGenerator.
Instantiate AbstractResourcePersistence with connectionFactory and connectionName[informix_connection].
load Resource role with ids:[J@14cf72c,[J@14cf72c,[J@14cf72c,[J@14cf72c,[J@14cf72c,[J@14cf72c,[J@14cf72c,[J@14cf72c,[J@14cf72c,[J@14cf72c,[J@14cf72c,[J@14cf72c,[J@14cf72c,[J@14cf72c,[J@14cf72c,[J@14cf72c,[J@14cf72c,[J@14cf72c,[J@14cf72c,[J@14cf72c,[J@14cf72c,[J@14cf72c
operator: UnknownresourceId: Unknown - creating db connection using connection name: informix_connection
committing transaction
load Resource with ids:[J@1873a6
operator: UnknownresourceId: Unknown - creating db connection using connection name: informix_connection
load ResourceRole with id:3
operator: UnknownresourceId: Unknown - creating db connection using connection name: informix_connection
committing transaction
committing transaction
type: Upload id: Unknown operator:Unknown - search submissions with filter. found: 2
operator: UnknownresourceId: 4 - load resource.
operator: UnknownresourceId: Unknown - creating db connection using connection name: informix_connection
load ResourceRole with id:1
operator: UnknownresourceId: Unknown - creating db connection using connection name: informix_connection
committing transaction
committing transaction
operator: UnknownresourceId: 5 - load resource.
operator: UnknownresourceId: Unknown - creating db connection using connection name: informix_connection
load ResourceRole with id:1
operator: UnknownresourceId: Unknown - creating db connection using connection name: informix_connection
committing transaction
committing transaction
load Notifications with array of userIds/projectIds/notificationTypes.
operator: UnknownresourceId: Unknown - creating db connection using connection name: informix_connection
committing transaction
get projects with the ids: 1
operator: UnknownprojectId: Unknown - creating db connection using connection name: informix_connection
committing transaction
load Resource role with ids:[J@5c0f8f,[J@5c0f8f,[J@5c0f8f,[J@5c0f8f,[J@5c0f8f,[J@5c0f8f,[J@5c0f8f,[J@5c0f8f,[J@5c0f8f,[J@5c0f8f,[J@5c0f8f,[J@5c0f8f,[J@5c0f8f,[J@5c0f8f,[J@5c0f8f,[J@5c0f8f,[J@5c0f8f,[J@5c0f8f,[J@5c0f8f,[J@5c0f8f,[J@5c0f8f,[J@5c0f8f
operator: UnknownresourceId: Unknown - creating db connection using connection name: informix_connection
committing transaction
load Resource with ids:[J@1d2625d
operator: UnknownresourceId: Unknown - creating db connection using connection name: informix_connection
load ResourceRole with id:4
operator: UnknownresourceId: Unknown - creating db connection using connection name: informix_connection
committing transaction
committing transaction
load Resource with ids:[J@104eff0
operator: UnknownresourceId: Unknown - creating db connection using connection name: informix_connection
load ResourceRole with id:3
operator: UnknownresourceId: Unknown - creating db connection using connection name: informix_connection
committing transaction
committing transaction
load Resource with ids:[J@1a3b17a
operator: UnknownresourceId: Unknown - creating db connection using connection name: informix_connection
load ResourceRole with id:12
operator: UnknownresourceId: Unknown - creating db connection using connection name: informix_connection
committing transaction
committing transaction
load Resource with ids:[J@2ddb6b
operator: UnknownresourceId: Unknown - creating db connection using connection name: informix_connection
load ResourceRole with id:13
operator: UnknownresourceId: Unknown - creating db connection using connection name: informix_connection
committing transaction
committing transaction
load Resource with ids:[J@1f42fbb
operator: UnknownresourceId: Unknown - creating db connection using connection name: informix_connection
load ResourceRole with id:9
operator: UnknownresourceId: Unknown - creating db connection using connection name: informix_connection
committing transaction
committing transaction
load Resource with ids:[J@5e3371,[J@5e3371
operator: UnknownresourceId: Unknown - creating db connection using connection name: informix_connection
load ResourceRole with id:1
operator: UnknownresourceId: Unknown - creating db connection using connection name: informix_connection
committing transaction
load ResourceRole with id:1
operator: UnknownresourceId: Unknown - creating db connection using connection name: informix_connection
committing transaction
committing transaction
operator: UnknownresourceId: 100001 - load resource.
operator: UnknownresourceId: Unknown - creating db connection using connection name: informix_connection
load ResourceRole with id:4
operator: UnknownresourceId: Unknown - creating db connection using connection name: informix_connection
committing transaction
committing transaction
operator: UnknownresourceId: 4 - load resource.
operator: UnknownresourceId: Unknown - creating db connection using connection name: informix_connection
load ResourceRole with id:1
operator: UnknownresourceId: Unknown - creating db connection using connection name: informix_connection
committing transaction
committing transaction
operator: UnknownresourceId: 100000 - load resource.
operator: UnknownresourceId: Unknown - creating db connection using connection name: informix_connection
load ResourceRole with id:13
operator: UnknownresourceId: Unknown - creating db connection using connection name: informix_connection
committing transaction
committing transaction
operator: UnknownresourceId: 5 - load resource.
operator: UnknownresourceId: Unknown - creating db connection using connection name: informix_connection
load ResourceRole with id:1
operator: UnknownresourceId: Unknown - creating db connection using connection name: informix_connection
committing transaction
committing transaction
Read propery[ConnectionFactoryNS] which is  required  with value[com.topcoder.db.connectionfactory.DBConnectionFactoryImpl] from namespace [com.topcoder.management.project.persistence.InformixProjectPersistence].
Read propery[ConnectionName] which is  optional  with value[informix_connection] from namespace [com.topcoder.management.project.persistence.InformixProjectPersistence].
Read propery[ProjectIdSequenceName] which is  optional  with value[project_id_seq] from namespace [com.topcoder.management.project.persistence.InformixProjectPersistence].
Read propery[ProjectAuditIdSequenceName] which is  optional  with value[project_audit_id_seq] from namespace [com.topcoder.management.project.persistence.InformixProjectPersistence].
Read propery[ConnectionFactoryNS] which is  required  with value[com.topcoder.db.connectionfactory.DBConnectionFactoryImpl] from namespace [com.topcoder.management.project.persistence.link.ProjectLinkManagerImpl].
Read propery[ConnectionName] which is  optional  with value[informix_connection] from namespace [com.topcoder.management.project.persistence.link.ProjectLinkManagerImpl].
read property ConnectionFactoryNS[com.topcoder.db.connectionfactory.DBConnectionFactoryImpl] from the namespace :com.topcoder.management.scorecard.persistence.InformixScorecardPersistence
read property ConnectionName[informix_connection] from the namespace :com.topcoder.management.scorecard.persistence.InformixScorecardPersistence
Instantiate SqlUploadPersistence with connectionFactory and connectioName:informix_connection
Instantiate PersistenceUploadManager with UploadPersistence, uploadSearchBundle, submissionSearchBundle, uploadIdGenerator, uploadTypeIdGenerator, uploadStatusIdGenerator, submissionIDGenerator, submissionStatusIdGenerator and submissionTypeIdGenerator.
Instantiate AbstractResourcePersistence with connectionFactory and connectionName[informix_connection].
load Resource role with ids:[J@10771a6,[J@10771a6,[J@10771a6,[J@10771a6,[J@10771a6,[J@10771a6,[J@10771a6,[J@10771a6,[J@10771a6,[J@10771a6,[J@10771a6,[J@10771a6,[J@10771a6,[J@10771a6,[J@10771a6,[J@10771a6,[J@10771a6,[J@10771a6,[J@10771a6,[J@10771a6,[J@10771a6,[J@10771a6
operator: UnknownresourceId: Unknown - creating db connection using connection name: informix_connection
committing transaction
type: Upload id: Unknown operator:Unknown - search submissions with filter. found: 2
load Resource with ids:[J@808512
operator: UnknownresourceId: Unknown - creating db connection using connection name: informix_connection
load ResourceRole with id:3
operator: UnknownresourceId: Unknown - creating db connection using connection name: informix_connection
committing transaction
committing transaction
type: Scorecard id: Unknown operator:Unknown - retrieve scorecard with ids:1, and is incomplete
create db connection with connect name:informix_connection
close the connection.
type: Submission id: 1 operator:1001 - update Submission.
type: Submission id: 1 operator:Unknown - Update Submission, it will update record in submission table.
create db connection using connection name:informix_connection
close the connection.
get All submission statuses, delegate to persistence.
get All submission statuses, delegate to persistence.
create db connection using connection name:informix_connection
close the connection.
type: SubmissionStatus id: Unknown operator:Unknown - Load SubmissionStatuses with ids:1,2,3,4,5
create db connection using connection name:informix_connection
close the connection.
type: Submission id: 2 operator:1001 - update Submission.
type: Submission id: 2 operator:Unknown - Update Submission, it will update record in submission table.
create db connection using connection name:informix_connection
close the connection.
operator: UnknownresourceId: 4 - load resource.
operator: UnknownresourceId: Unknown - creating db connection using connection name: informix_connection
load ResourceRole with id:1
operator: UnknownresourceId: Unknown - creating db connection using connection name: informix_connection
committing transaction
committing transaction
operator: UnknownresourceId: 5 - load resource.
operator: UnknownresourceId: Unknown - creating db connection using connection name: informix_connection
load ResourceRole with id:1
operator: UnknownresourceId: Unknown - creating db connection using connection name: informix_connection
committing transaction
committing transaction
load Notifications with array of userIds/projectIds/notificationTypes.
operator: UnknownresourceId: Unknown - creating db connection using connection name: informix_connection
committing transaction
get projects with the ids: 1
operator: UnknownprojectId: Unknown - creating db connection using connection name: informix_connection
committing transaction
load Resource role with ids:[J@bf591c,[J@bf591c,[J@bf591c,[J@bf591c,[J@bf591c,[J@bf591c,[J@bf591c,[J@bf591c,[J@bf591c,[J@bf591c,[J@bf591c,[J@bf591c,[J@bf591c,[J@bf591c,[J@bf591c,[J@bf591c,[J@bf591c,[J@bf591c,[J@bf591c,[J@bf591c,[J@bf591c,[J@bf591c
operator: UnknownresourceId: Unknown - creating db connection using connection name: informix_connection
committing transaction
load Resource with ids:[J@188045a
operator: UnknownresourceId: Unknown - creating db connection using connection name: informix_connection
load ResourceRole with id:4
operator: UnknownresourceId: Unknown - creating db connection using connection name: informix_connection
committing transaction
committing transaction
load Resource with ids:[J@1a53800
operator: UnknownresourceId: Unknown - creating db connection using connection name: informix_connection
load ResourceRole with id:3
operator: UnknownresourceId: Unknown - creating db connection using connection name: informix_connection
committing transaction
committing transaction
load Resource with ids:[J@497e4b
operator: UnknownresourceId: Unknown - creating db connection using connection name: informix_connection
load ResourceRole with id:12
operator: UnknownresourceId: Unknown - creating db connection using connection name: informix_connection
committing transaction
committing transaction
load Resource with ids:[J@1a498b6
operator: UnknownresourceId: Unknown - creating db connection using connection name: informix_connection
load ResourceRole with id:13
operator: UnknownresourceId: Unknown - creating db connection using connection name: informix_connection
committing transaction
committing transaction
load Resource with ids:[J@1080f3c
operator: UnknownresourceId: Unknown - creating db connection using connection name: informix_connection
load ResourceRole with id:9
operator: UnknownresourceId: Unknown - creating db connection using connection name: informix_connection
committing transaction
committing transaction
load Resource with ids:[J@c0dc01,[J@c0dc01
operator: UnknownresourceId: Unknown - creating db connection using connection name: informix_connection
load ResourceRole with id:1
operator: UnknownresourceId: Unknown - creating db connection using connection name: informix_connection
committing transaction
load ResourceRole with id:1
operator: UnknownresourceId: Unknown - creating db connection using connection name: informix_connection
committing transaction
committing transaction
operator: UnknownresourceId: 100008 - load resource.
operator: UnknownresourceId: Unknown - creating db connection using connection name: informix_connection
load ResourceRole with id:9
operator: UnknownresourceId: Unknown - creating db connection using connection name: informix_connection
committing transaction
committing transaction
operator: UnknownresourceId: 4 - load resource.
operator: UnknownresourceId: Unknown - creating db connection using connection name: informix_connection
load ResourceRole with id:1
operator: UnknownresourceId: Unknown - creating db connection using connection name: informix_connection
committing transaction
committing transaction
operator: UnknownresourceId: 100000 - load resource.
operator: UnknownresourceId: Unknown - creating db connection using connection name: informix_connection
load ResourceRole with id:13
operator: UnknownresourceId: Unknown - creating db connection using connection name: informix_connection
committing transaction
committing transaction
operator: UnknownresourceId: 5 - load resource.
operator: UnknownresourceId: Unknown - creating db connection using connection name: informix_connection
load ResourceRole with id:1
operator: UnknownresourceId: Unknown - creating db connection using connection name: informix_connection
committing transaction
committing transaction
Read propery[ConnectionFactoryNS] which is  required  with value[com.topcoder.db.connectionfactory.DBConnectionFactoryImpl] from namespace [com.topcoder.management.project.persistence.InformixProjectPersistence].
Read propery[ConnectionName] which is  optional  with value[informix_connection] from namespace [com.topcoder.management.project.persistence.InformixProjectPersistence].
Read propery[ProjectIdSequenceName] which is  optional  with value[project_id_seq] from namespace [com.topcoder.management.project.persistence.InformixProjectPersistence].
Read propery[ProjectAuditIdSequenceName] which is  optional  with value[project_audit_id_seq] from namespace [com.topcoder.management.project.persistence.InformixProjectPersistence].
Read propery[ConnectionFactoryNS] which is  required  with value[com.topcoder.db.connectionfactory.DBConnectionFactoryImpl] from namespace [com.topcoder.management.project.persistence.link.ProjectLinkManagerImpl].
Read propery[ConnectionName] which is  optional  with value[informix_connection] from namespace [com.topcoder.management.project.persistence.link.ProjectLinkManagerImpl].
read property ConnectionFactoryNS[com.topcoder.db.connectionfactory.DBConnectionFactoryImpl] from the namespace :com.topcoder.management.scorecard.persistence.InformixScorecardPersistence
read property ConnectionName[informix_connection] from the namespace :com.topcoder.management.scorecard.persistence.InformixScorecardPersistence
Instantiate SqlUploadPersistence with connectionFactory and connectioName:informix_connection
Instantiate PersistenceUploadManager with UploadPersistence, uploadSearchBundle, submissionSearchBundle, uploadIdGenerator, uploadTypeIdGenerator, uploadStatusIdGenerator, submissionIDGenerator, submissionStatusIdGenerator and submissionTypeIdGenerator.
Instantiate AbstractResourcePersistence with connectionFactory and connectionName[informix_connection].
load Resource role with ids:[J@1510e56,[J@1510e56,[J@1510e56,[J@1510e56,[J@1510e56,[J@1510e56,[J@1510e56,[J@1510e56,[J@1510e56,[J@1510e56,[J@1510e56,[J@1510e56,[J@1510e56,[J@1510e56,[J@1510e56,[J@1510e56,[J@1510e56,[J@1510e56,[J@1510e56,[J@1510e56,[J@1510e56,[J@1510e56
operator: UnknownresourceId: Unknown - creating db connection using connection name: informix_connection
committing transaction
type: Upload id: Unknown operator:Unknown - search submissions with filter. found: 2
load Resource with ids:[J@11fffa9
operator: UnknownresourceId: Unknown - creating db connection using connection name: informix_connection
load ResourceRole with id:3
operator: UnknownresourceId: Unknown - creating db connection using connection name: informix_connection
committing transaction
committing transaction
Read propery[ConnectionFactoryNS] which is  required  with value[com.topcoder.db.connectionfactory.DBConnectionFactoryImpl] from namespace [com.topcoder.management.project.persistence.InformixProjectPersistence].
Read propery[ConnectionName] which is  optional  with value[informix_connection] from namespace [com.topcoder.management.project.persistence.InformixProjectPersistence].
Read propery[ProjectIdSequenceName] which is  optional  with value[project_id_seq] from namespace [com.topcoder.management.project.persistence.InformixProjectPersistence].
Read propery[ProjectAuditIdSequenceName] which is  optional  with value[project_audit_id_seq] from namespace [com.topcoder.management.project.persistence.InformixProjectPersistence].
Read propery[ConnectionFactoryNS] which is  required  with value[com.topcoder.db.connectionfactory.DBConnectionFactoryImpl] from namespace [com.topcoder.management.project.persistence.link.ProjectLinkManagerImpl].
Read propery[ConnectionName] which is  optional  with value[informix_connection] from namespace [com.topcoder.management.project.persistence.link.ProjectLinkManagerImpl].
read property ConnectionFactoryNS[com.topcoder.db.connectionfactory.DBConnectionFactoryImpl] from the namespace :com.topcoder.management.scorecard.persistence.InformixScorecardPersistence
read property ConnectionName[informix_connection] from the namespace :com.topcoder.management.scorecard.persistence.InformixScorecardPersistence
Instantiate SqlUploadPersistence with connectionFactory and connectioName:informix_connection
Instantiate PersistenceUploadManager with UploadPersistence, uploadSearchBundle, submissionSearchBundle, uploadIdGenerator, uploadTypeIdGenerator, uploadStatusIdGenerator, submissionIDGenerator, submissionStatusIdGenerator and submissionTypeIdGenerator.
Instantiate AbstractResourcePersistence with connectionFactory and connectionName[informix_connection].
load Resource role with ids:[J@1c20de3,[J@1c20de3,[J@1c20de3,[J@1c20de3,[J@1c20de3,[J@1c20de3,[J@1c20de3,[J@1c20de3,[J@1c20de3,[J@1c20de3,[J@1c20de3,[J@1c20de3,[J@1c20de3,[J@1c20de3,[J@1c20de3,[J@1c20de3,[J@1c20de3,[J@1c20de3,[J@1c20de3,[J@1c20de3,[J@1c20de3,[J@1c20de3
operator: UnknownresourceId: Unknown - creating db connection using connection name: informix_connection
committing transaction
load Resource with ids:[J@154728d
operator: UnknownresourceId: Unknown - creating db connection using connection name: informix_connection
load ResourceRole with id:3
operator: UnknownresourceId: Unknown - creating db connection using connection name: informix_connection
committing transaction
committing transaction
Read propery[ConnectionFactoryNS] which is  required  with value[com.topcoder.db.connectionfactory.DBConnectionFactoryImpl] from namespace [com.topcoder.management.project.persistence.InformixProjectPersistence].
Read propery[ConnectionName] which is  optional  with value[informix_connection] from namespace [com.topcoder.management.project.persistence.InformixProjectPersistence].
Read propery[ProjectIdSequenceName] which is  optional  with value[project_id_seq] from namespace [com.topcoder.management.project.persistence.InformixProjectPersistence].
Read propery[ProjectAuditIdSequenceName] which is  optional  with value[project_audit_id_seq] from namespace [com.topcoder.management.project.persistence.InformixProjectPersistence].
Read propery[ConnectionFactoryNS] which is  required  with value[com.topcoder.db.connectionfactory.DBConnectionFactoryImpl] from namespace [com.topcoder.management.project.persistence.link.ProjectLinkManagerImpl].
Read propery[ConnectionName] which is  optional  with value[informix_connection] from namespace [com.topcoder.management.project.persistence.link.ProjectLinkManagerImpl].
read property ConnectionFactoryNS[com.topcoder.db.connectionfactory.DBConnectionFactoryImpl] from the namespace :com.topcoder.management.scorecard.persistence.InformixScorecardPersistence
read property ConnectionName[informix_connection] from the namespace :com.topcoder.management.scorecard.persistence.InformixScorecardPersistence
Instantiate SqlUploadPersistence with connectionFactory and connectioName:informix_connection
Instantiate PersistenceUploadManager with UploadPersistence, uploadSearchBundle, submissionSearchBundle, uploadIdGenerator, uploadTypeIdGenerator, uploadStatusIdGenerator, submissionIDGenerator, submissionStatusIdGenerator and submissionTypeIdGenerator.
Instantiate AbstractResourcePersistence with connectionFactory and connectionName[informix_connection].
load Resource role with ids:[J@3fa87a,[J@3fa87a,[J@3fa87a,[J@3fa87a,[J@3fa87a,[J@3fa87a,[J@3fa87a,[J@3fa87a,[J@3fa87a,[J@3fa87a,[J@3fa87a,[J@3fa87a,[J@3fa87a,[J@3fa87a,[J@3fa87a,[J@3fa87a,[J@3fa87a,[J@3fa87a,[J@3fa87a,[J@3fa87a,[J@3fa87a,[J@3fa87a
operator: UnknownresourceId: Unknown - creating db connection using connection name: informix_connection
committing transaction
load Resource with ids:[J@dc60af
operator: UnknownresourceId: Unknown - creating db connection using connection name: informix_connection
load ResourceRole with id:3
operator: UnknownresourceId: Unknown - creating db connection using connection name: informix_connection
committing transaction
committing transaction
load Resource with ids:[J@105013c
operator: UnknownresourceId: Unknown - creating db connection using connection name: informix_connection
load ResourceRole with id:1
operator: UnknownresourceId: Unknown - creating db connection using connection name: informix_connection
committing transaction
committing transaction
type: Upload id: Unknown operator:Unknown - search submissions with filter. found: 0
Read propery[ConnectionFactoryNS] which is  required  with value[com.topcoder.db.connectionfactory.DBConnectionFactoryImpl] from namespace [com.topcoder.management.project.persistence.InformixProjectPersistence].
Read propery[ConnectionName] which is  optional  with value[informix_connection] from namespace [com.topcoder.management.project.persistence.InformixProjectPersistence].
Read propery[ProjectIdSequenceName] which is  optional  with value[project_id_seq] from namespace [com.topcoder.management.project.persistence.InformixProjectPersistence].
Read propery[ProjectAuditIdSequenceName] which is  optional  with value[project_audit_id_seq] from namespace [com.topcoder.management.project.persistence.InformixProjectPersistence].
Read propery[ConnectionFactoryNS] which is  required  with value[com.topcoder.db.connectionfactory.DBConnectionFactoryImpl] from namespace [com.topcoder.management.project.persistence.link.ProjectLinkManagerImpl].
Read propery[ConnectionName] which is  optional  with value[informix_connection] from namespace [com.topcoder.management.project.persistence.link.ProjectLinkManagerImpl].
read property ConnectionFactoryNS[com.topcoder.db.connectionfactory.DBConnectionFactoryImpl] from the namespace :com.topcoder.management.scorecard.persistence.InformixScorecardPersistence
read property ConnectionName[informix_connection] from the namespace :com.topcoder.management.scorecard.persistence.InformixScorecardPersistence
Instantiate SqlUploadPersistence with connectionFactory and connectioName:informix_connection
Instantiate PersistenceUploadManager with UploadPersistence, uploadSearchBundle, submissionSearchBundle, uploadIdGenerator, uploadTypeIdGenerator, uploadStatusIdGenerator, submissionIDGenerator, submissionStatusIdGenerator and submissionTypeIdGenerator.
Instantiate AbstractResourcePersistence with connectionFactory and connectionName[informix_connection].
load Resource role with ids:[J@906181,[J@906181,[J@906181,[J@906181,[J@906181,[J@906181,[J@906181,[J@906181,[J@906181,[J@906181,[J@906181,[J@906181,[J@906181,[J@906181,[J@906181,[J@906181,[J@906181,[J@906181,[J@906181,[J@906181,[J@906181,[J@906181
operator: UnknownresourceId: Unknown - creating db connection using connection name: informix_connection
committing transaction
load Resource with ids:[J@14c1313
operator: UnknownresourceId: Unknown - creating db connection using connection name: informix_connection
load ResourceRole with id:3
operator: UnknownresourceId: Unknown - creating db connection using connection name: informix_connection
committing transaction
committing transaction
load Resource with ids:[J@1c59085
operator: UnknownresourceId: Unknown - creating db connection using connection name: informix_connection
load ResourceRole with id:1
operator: UnknownresourceId: Unknown - creating db connection using connection name: informix_connection
committing transaction
committing transaction
type: Upload id: Unknown operator:Unknown - search submissions with filter. found: 1
load Resource with ids:[J@1639ff
operator: UnknownresourceId: Unknown - creating db connection using connection name: informix_connection
load ResourceRole with id:3
operator: UnknownresourceId: Unknown - creating db connection using connection name: informix_connection
committing transaction
committing transaction
Read propery[ConnectionFactoryNS] which is  required  with value[com.topcoder.db.connectionfactory.DBConnectionFactoryImpl] from namespace [com.topcoder.management.project.persistence.InformixProjectPersistence].
Read propery[ConnectionName] which is  optional  with value[informix_connection] from namespace [com.topcoder.management.project.persistence.InformixProjectPersistence].
Read propery[ProjectIdSequenceName] which is  optional  with value[project_id_seq] from namespace [com.topcoder.management.project.persistence.InformixProjectPersistence].
Read propery[ProjectAuditIdSequenceName] which is  optional  with value[project_audit_id_seq] from namespace [com.topcoder.management.project.persistence.InformixProjectPersistence].
Read propery[ConnectionFactoryNS] which is  required  with value[com.topcoder.db.connectionfactory.DBConnectionFactoryImpl] from namespace [com.topcoder.management.project.persistence.link.ProjectLinkManagerImpl].
Read propery[ConnectionName] which is  optional  with value[informix_connection] from namespace [com.topcoder.management.project.persistence.link.ProjectLinkManagerImpl].
read property ConnectionFactoryNS[com.topcoder.db.connectionfactory.DBConnectionFactoryImpl] from the namespace :com.topcoder.management.scorecard.persistence.InformixScorecardPersistence
read property ConnectionName[informix_connection] from the namespace :com.topcoder.management.scorecard.persistence.InformixScorecardPersistence
Instantiate SqlUploadPersistence with connectionFactory and connectioName:informix_connection
Instantiate PersistenceUploadManager with UploadPersistence, uploadSearchBundle, submissionSearchBundle, uploadIdGenerator, uploadTypeIdGenerator, uploadStatusIdGenerator, submissionIDGenerator, submissionStatusIdGenerator and submissionTypeIdGenerator.
Instantiate AbstractResourcePersistence with connectionFactory and connectionName[informix_connection].
load Resource role with ids:[J@102cdf9,[J@102cdf9,[J@102cdf9,[J@102cdf9,[J@102cdf9,[J@102cdf9,[J@102cdf9,[J@102cdf9,[J@102cdf9,[J@102cdf9,[J@102cdf9,[J@102cdf9,[J@102cdf9,[J@102cdf9,[J@102cdf9,[J@102cdf9,[J@102cdf9,[J@102cdf9,[J@102cdf9,[J@102cdf9,[J@102cdf9,[J@102cdf9
operator: UnknownresourceId: Unknown - creating db connection using connection name: informix_connection
committing transaction
load Resource with ids:[J@1bdaaaa
operator: UnknownresourceId: Unknown - creating db connection using connection name: informix_connection
load ResourceRole with id:3
operator: UnknownresourceId: Unknown - creating db connection using connection name: informix_connection
committing transaction
committing transaction
load Resource with ids:[J@765c17
operator: UnknownresourceId: Unknown - creating db connection using connection name: informix_connection
load ResourceRole with id:1
operator: UnknownresourceId: Unknown - creating db connection using connection name: informix_connection
committing transaction
committing transaction
type: Upload id: Unknown operator:Unknown - search submissions with filter. found: 1
load Resource with ids:[J@e6da1e
operator: UnknownresourceId: Unknown - creating db connection using connection name: informix_connection
load ResourceRole with id:3
operator: UnknownresourceId: Unknown - creating db connection using connection name: informix_connection
committing transaction
committing transaction
Read propery[ConnectionFactoryNS] which is  required  with value[com.topcoder.db.connectionfactory.DBConnectionFactoryImpl] from namespace [com.topcoder.management.project.persistence.InformixProjectPersistence].
Read propery[ConnectionName] which is  optional  with value[informix_connection] from namespace [com.topcoder.management.project.persistence.InformixProjectPersistence].
Read propery[ProjectIdSequenceName] which is  optional  with value[project_id_seq] from namespace [com.topcoder.management.project.persistence.InformixProjectPersistence].
Read propery[ProjectAuditIdSequenceName] which is  optional  with value[project_audit_id_seq] from namespace [com.topcoder.management.project.persistence.InformixProjectPersistence].
Read propery[ConnectionFactoryNS] which is  required  with value[com.topcoder.db.connectionfactory.DBConnectionFactoryImpl] from namespace [com.topcoder.management.project.persistence.link.ProjectLinkManagerImpl].
Read propery[ConnectionName] which is  optional  with value[informix_connection] from namespace [com.topcoder.management.project.persistence.link.ProjectLinkManagerImpl].
read property ConnectionFactoryNS[com.topcoder.db.connectionfactory.DBConnectionFactoryImpl] from the namespace :com.topcoder.management.scorecard.persistence.InformixScorecardPersistence
read property ConnectionName[informix_connection] from the namespace :com.topcoder.management.scorecard.persistence.InformixScorecardPersistence
Instantiate SqlUploadPersistence with connectionFactory and connectioName:informix_connection
Instantiate PersistenceUploadManager with UploadPersistence, uploadSearchBundle, submissionSearchBundle, uploadIdGenerator, uploadTypeIdGenerator, uploadStatusIdGenerator, submissionIDGenerator, submissionStatusIdGenerator and submissionTypeIdGenerator.
Instantiate AbstractResourcePersistence with connectionFactory and connectionName[informix_connection].
load Resource role with ids:[J@17469af,[J@17469af,[J@17469af,[J@17469af,[J@17469af,[J@17469af,[J@17469af,[J@17469af,[J@17469af,[J@17469af,[J@17469af,[J@17469af,[J@17469af,[J@17469af,[J@17469af,[J@17469af,[J@17469af,[J@17469af,[J@17469af,[J@17469af,[J@17469af,[J@17469af
operator: UnknownresourceId: Unknown - creating db connection using connection name: informix_connection
committing transaction
load Resource with ids:[J@13aa7d4
operator: UnknownresourceId: Unknown - creating db connection using connection name: informix_connection
load ResourceRole with id:3
operator: UnknownresourceId: Unknown - creating db connection using connection name: informix_connection
committing transaction
committing transaction
load Resource with ids:[J@a45fc1
operator: UnknownresourceId: Unknown - creating db connection using connection name: informix_connection
load ResourceRole with id:1
operator: UnknownresourceId: Unknown - creating db connection using connection name: informix_connection
committing transaction
committing transaction
type: Upload id: Unknown operator:Unknown - search submissions with filter. found: 1
load Resource with ids:[J@d5714b
operator: UnknownresourceId: Unknown - creating db connection using connection name: informix_connection
load ResourceRole with id:3
operator: UnknownresourceId: Unknown - creating db connection using connection name: informix_connection
committing transaction
committing transaction
Read propery[ConnectionFactoryNS] which is  required  with value[com.topcoder.db.connectionfactory.DBConnectionFactoryImpl] from namespace [com.topcoder.management.project.persistence.InformixProjectPersistence].
Read propery[ConnectionName] which is  optional  with value[informix_connection] from namespace [com.topcoder.management.project.persistence.InformixProjectPersistence].
Read propery[ProjectIdSequenceName] which is  optional  with value[project_id_seq] from namespace [com.topcoder.management.project.persistence.InformixProjectPersistence].
Read propery[ProjectAuditIdSequenceName] which is  optional  with value[project_audit_id_seq] from namespace [com.topcoder.management.project.persistence.InformixProjectPersistence].
Read propery[ConnectionFactoryNS] which is  required  with value[com.topcoder.db.connectionfactory.DBConnectionFactoryImpl] from namespace [com.topcoder.management.project.persistence.link.ProjectLinkManagerImpl].
Read propery[ConnectionName] which is  optional  with value[informix_connection] from namespace [com.topcoder.management.project.persistence.link.ProjectLinkManagerImpl].
read property ConnectionFactoryNS[com.topcoder.db.connectionfactory.DBConnectionFactoryImpl] from the namespace :com.topcoder.management.scorecard.persistence.InformixScorecardPersistence
read property ConnectionName[informix_connection] from the namespace :com.topcoder.management.scorecard.persistence.InformixScorecardPersistence
Instantiate SqlUploadPersistence with connectionFactory and connectioName:informix_connection
Instantiate PersistenceUploadManager with UploadPersistence, uploadSearchBundle, submissionSearchBundle, uploadIdGenerator, uploadTypeIdGenerator, uploadStatusIdGenerator, submissionIDGenerator, submissionStatusIdGenerator and submissionTypeIdGenerator.
Instantiate AbstractResourcePersistence with connectionFactory and connectionName[informix_connection].
load Resource role with ids:[J@96c002,[J@96c002,[J@96c002,[J@96c002,[J@96c002,[J@96c002,[J@96c002,[J@96c002,[J@96c002,[J@96c002,[J@96c002,[J@96c002,[J@96c002,[J@96c002,[J@96c002,[J@96c002,[J@96c002,[J@96c002,[J@96c002,[J@96c002,[J@96c002,[J@96c002
operator: UnknownresourceId: Unknown - creating db connection using connection name: informix_connection
committing transaction
load Resource with ids:[J@15ba5f7
operator: UnknownresourceId: Unknown - creating db connection using connection name: informix_connection
load ResourceRole with id:2
operator: UnknownresourceId: Unknown - creating db connection using connection name: informix_connection
committing transaction
committing transaction
load Resource with ids:[J@1f903f9
operator: UnknownresourceId: Unknown - creating db connection using connection name: informix_connection
load ResourceRole with id:2
operator: UnknownresourceId: Unknown - creating db connection using connection name: informix_connection
committing transaction
committing transaction
type: Upload id: Unknown operator:Unknown - search submissions with filter. found: 1
Read propery[ConnectionFactoryNS] which is  required  with value[com.topcoder.db.connectionfactory.DBConnectionFactoryImpl] from namespace [com.topcoder.management.project.persistence.InformixProjectPersistence].
Read propery[ConnectionName] which is  optional  with value[informix_connection] from namespace [com.topcoder.management.project.persistence.InformixProjectPersistence].
Read propery[ProjectIdSequenceName] which is  optional  with value[project_id_seq] from namespace [com.topcoder.management.project.persistence.InformixProjectPersistence].
Read propery[ProjectAuditIdSequenceName] which is  optional  with value[project_audit_id_seq] from namespace [com.topcoder.management.project.persistence.InformixProjectPersistence].
Read propery[ConnectionFactoryNS] which is  required  with value[com.topcoder.db.connectionfactory.DBConnectionFactoryImpl] from namespace [com.topcoder.management.project.persistence.link.ProjectLinkManagerImpl].
Read propery[ConnectionName] which is  optional  with value[informix_connection] from namespace [com.topcoder.management.project.persistence.link.ProjectLinkManagerImpl].
read property ConnectionFactoryNS[com.topcoder.db.connectionfactory.DBConnectionFactoryImpl] from the namespace :com.topcoder.management.scorecard.persistence.InformixScorecardPersistence
read property ConnectionName[informix_connection] from the namespace :com.topcoder.management.scorecard.persistence.InformixScorecardPersistence
Instantiate SqlUploadPersistence with connectionFactory and connectioName:informix_connection
Instantiate PersistenceUploadManager with UploadPersistence, uploadSearchBundle, submissionSearchBundle, uploadIdGenerator, uploadTypeIdGenerator, uploadStatusIdGenerator, submissionIDGenerator, submissionStatusIdGenerator and submissionTypeIdGenerator.
Instantiate AbstractResourcePersistence with connectionFactory and connectionName[informix_connection].
load Resource role with ids:[J@121bfd6,[J@121bfd6,[J@121bfd6,[J@121bfd6,[J@121bfd6,[J@121bfd6,[J@121bfd6,[J@121bfd6,[J@121bfd6,[J@121bfd6,[J@121bfd6,[J@121bfd6,[J@121bfd6,[J@121bfd6,[J@121bfd6,[J@121bfd6,[J@121bfd6,[J@121bfd6,[J@121bfd6,[J@121bfd6,[J@121bfd6,[J@121bfd6
operator: UnknownresourceId: Unknown - creating db connection using connection name: informix_connection
committing transaction
load Resource with ids:[J@1517b79
operator: UnknownresourceId: Unknown - creating db connection using connection name: informix_connection
load ResourceRole with id:2
operator: UnknownresourceId: Unknown - creating db connection using connection name: informix_connection
committing transaction
committing transaction
load Resource with ids:[J@170fe4e
operator: UnknownresourceId: Unknown - creating db connection using connection name: informix_connection
load ResourceRole with id:2
operator: UnknownresourceId: Unknown - creating db connection using connection name: informix_connection
committing transaction
committing transaction
type: Upload id: Unknown operator:Unknown - search submissions with filter. found: 1
Read propery[ConnectionFactoryNS] which is  required  with value[com.topcoder.db.connectionfactory.DBConnectionFactoryImpl] from namespace [com.topcoder.management.project.persistence.InformixProjectPersistence].
Read propery[ConnectionName] which is  optional  with value[informix_connection] from namespace [com.topcoder.management.project.persistence.InformixProjectPersistence].
Read propery[ProjectIdSequenceName] which is  optional  with value[project_id_seq] from namespace [com.topcoder.management.project.persistence.InformixProjectPersistence].
Read propery[ProjectAuditIdSequenceName] which is  optional  with value[project_audit_id_seq] from namespace [com.topcoder.management.project.persistence.InformixProjectPersistence].
Read propery[ConnectionFactoryNS] which is  required  with value[com.topcoder.db.connectionfactory.DBConnectionFactoryImpl] from namespace [com.topcoder.management.project.persistence.link.ProjectLinkManagerImpl].
Read propery[ConnectionName] which is  optional  with value[informix_connection] from namespace [com.topcoder.management.project.persistence.link.ProjectLinkManagerImpl].
read property ConnectionFactoryNS[com.topcoder.db.connectionfactory.DBConnectionFactoryImpl] from the namespace :com.topcoder.management.scorecard.persistence.InformixScorecardPersistence
read property ConnectionName[informix_connection] from the namespace :com.topcoder.management.scorecard.persistence.InformixScorecardPersistence
Instantiate SqlUploadPersistence with connectionFactory and connectioName:informix_connection
Instantiate PersistenceUploadManager with UploadPersistence, uploadSearchBundle, submissionSearchBundle, uploadIdGenerator, uploadTypeIdGenerator, uploadStatusIdGenerator, submissionIDGenerator, submissionStatusIdGenerator and submissionTypeIdGenerator.
Instantiate AbstractResourcePersistence with connectionFactory and connectionName[informix_connection].
load Resource role with ids:[J@1abe751,[J@1abe751,[J@1abe751,[J@1abe751,[J@1abe751,[J@1abe751,[J@1abe751,[J@1abe751,[J@1abe751,[J@1abe751,[J@1abe751,[J@1abe751,[J@1abe751,[J@1abe751,[J@1abe751,[J@1abe751,[J@1abe751,[J@1abe751,[J@1abe751,[J@1abe751,[J@1abe751,[J@1abe751
operator: UnknownresourceId: Unknown - creating db connection using connection name: informix_connection
committing transaction
Read propery[ConnectionFactoryNS] which is  required  with value[com.topcoder.db.connectionfactory.DBConnectionFactoryImpl] from namespace [com.topcoder.management.project.persistence.InformixProjectPersistence].
Read propery[ConnectionName] which is  optional  with value[informix_connection] from namespace [com.topcoder.management.project.persistence.InformixProjectPersistence].
Read propery[ProjectIdSequenceName] which is  optional  with value[project_id_seq] from namespace [com.topcoder.management.project.persistence.InformixProjectPersistence].
Read propery[ProjectAuditIdSequenceName] which is  optional  with value[project_audit_id_seq] from namespace [com.topcoder.management.project.persistence.InformixProjectPersistence].
Read propery[ConnectionFactoryNS] which is  required  with value[com.topcoder.db.connectionfactory.DBConnectionFactoryImpl] from namespace [com.topcoder.management.project.persistence.link.ProjectLinkManagerImpl].
Read propery[ConnectionName] which is  optional  with value[informix_connection] from namespace [com.topcoder.management.project.persistence.link.ProjectLinkManagerImpl].
read property ConnectionFactoryNS[com.topcoder.db.connectionfactory.DBConnectionFactoryImpl] from the namespace :com.topcoder.management.scorecard.persistence.InformixScorecardPersistence
read property ConnectionName[informix_connection] from the namespace :com.topcoder.management.scorecard.persistence.InformixScorecardPersistence
Instantiate SqlUploadPersistence with connectionFactory and connectioName:informix_connection
Instantiate PersistenceUploadManager with UploadPersistence, uploadSearchBundle, submissionSearchBundle, uploadIdGenerator, uploadTypeIdGenerator, uploadStatusIdGenerator, submissionIDGenerator, submissionStatusIdGenerator and submissionTypeIdGenerator.
Instantiate AbstractResourcePersistence with connectionFactory and connectionName[informix_connection].
load Resource role with ids:[J@1ed2ccd,[J@1ed2ccd,[J@1ed2ccd,[J@1ed2ccd,[J@1ed2ccd,[J@1ed2ccd,[J@1ed2ccd,[J@1ed2ccd,[J@1ed2ccd,[J@1ed2ccd,[J@1ed2ccd,[J@1ed2ccd,[J@1ed2ccd,[J@1ed2ccd,[J@1ed2ccd,[J@1ed2ccd,[J@1ed2ccd,[J@1ed2ccd,[J@1ed2ccd,[J@1ed2ccd,[J@1ed2ccd,[J@1ed2ccd
operator: UnknownresourceId: Unknown - creating db connection using connection name: informix_connection
committing transaction
Read propery[ConnectionFactoryNS] which is  required  with value[com.topcoder.db.connectionfactory.DBConnectionFactoryImpl] from namespace [com.topcoder.management.project.persistence.InformixProjectPersistence].
Read propery[ConnectionName] which is  optional  with value[informix_connection] from namespace [com.topcoder.management.project.persistence.InformixProjectPersistence].
Read propery[ProjectIdSequenceName] which is  optional  with value[project_id_seq] from namespace [com.topcoder.management.project.persistence.InformixProjectPersistence].
Read propery[ProjectAuditIdSequenceName] which is  optional  with value[project_audit_id_seq] from namespace [com.topcoder.management.project.persistence.InformixProjectPersistence].
Read propery[ConnectionFactoryNS] which is  required  with value[com.topcoder.db.connectionfactory.DBConnectionFactoryImpl] from namespace [com.topcoder.management.project.persistence.link.ProjectLinkManagerImpl].
Read propery[ConnectionName] which is  optional  with value[informix_connection] from namespace [com.topcoder.management.project.persistence.link.ProjectLinkManagerImpl].
read property ConnectionFactoryNS[com.topcoder.db.connectionfactory.DBConnectionFactoryImpl] from the namespace :com.topcoder.management.scorecard.persistence.InformixScorecardPersistence
read property ConnectionName[informix_connection] from the namespace :com.topcoder.management.scorecard.persistence.InformixScorecardPersistence
Instantiate SqlUploadPersistence with connectionFactory and connectioName:informix_connection
Instantiate PersistenceUploadManager with UploadPersistence, uploadSearchBundle, submissionSearchBundle, uploadIdGenerator, uploadTypeIdGenerator, uploadStatusIdGenerator, submissionIDGenerator, submissionStatusIdGenerator and submissionTypeIdGenerator.
Instantiate AbstractResourcePersistence with connectionFactory and connectionName[informix_connection].
load Resource role with ids:[J@1a13047,[J@1a13047,[J@1a13047,[J@1a13047,[J@1a13047,[J@1a13047,[J@1a13047,[J@1a13047,[J@1a13047,[J@1a13047,[J@1a13047,[J@1a13047,[J@1a13047,[J@1a13047,[J@1a13047,[J@1a13047,[J@1a13047,[J@1a13047,[J@1a13047,[J@1a13047,[J@1a13047,[J@1a13047
operator: UnknownresourceId: Unknown - creating db connection using connection name: informix_connection
committing transaction
Read propery[ConnectionFactoryNS] which is  required  with value[com.topcoder.db.connectionfactory.DBConnectionFactoryImpl] from namespace [com.topcoder.management.project.persistence.InformixProjectPersistence].
Read propery[ConnectionName] which is  optional  with value[informix_connection] from namespace [com.topcoder.management.project.persistence.InformixProjectPersistence].
Read propery[ProjectIdSequenceName] which is  optional  with value[project_id_seq] from namespace [com.topcoder.management.project.persistence.InformixProjectPersistence].
Read propery[ProjectAuditIdSequenceName] which is  optional  with value[project_audit_id_seq] from namespace [com.topcoder.management.project.persistence.InformixProjectPersistence].
Read propery[ConnectionFactoryNS] which is  required  with value[com.topcoder.db.connectionfactory.DBConnectionFactoryImpl] from namespace [com.topcoder.management.project.persistence.link.ProjectLinkManagerImpl].
Read propery[ConnectionName] which is  optional  with value[informix_connection] from namespace [com.topcoder.management.project.persistence.link.ProjectLinkManagerImpl].
read property ConnectionFactoryNS[com.topcoder.db.connectionfactory.DBConnectionFactoryImpl] from the namespace :com.topcoder.management.scorecard.persistence.InformixScorecardPersistence
read property ConnectionName[informix_connection] from the namespace :com.topcoder.management.scorecard.persistence.InformixScorecardPersistence
Instantiate SqlUploadPersistence with connectionFactory and connectioName:informix_connection
Instantiate PersistenceUploadManager with UploadPersistence, uploadSearchBundle, submissionSearchBundle, uploadIdGenerator, uploadTypeIdGenerator, uploadStatusIdGenerator, submissionIDGenerator, submissionStatusIdGenerator and submissionTypeIdGenerator.
Instantiate AbstractResourcePersistence with connectionFactory and connectionName[informix_connection].
load Resource role with ids:[J@1b248c8,[J@1b248c8,[J@1b248c8,[J@1b248c8,[J@1b248c8,[J@1b248c8,[J@1b248c8,[J@1b248c8,[J@1b248c8,[J@1b248c8,[J@1b248c8,[J@1b248c8,[J@1b248c8,[J@1b248c8,[J@1b248c8,[J@1b248c8,[J@1b248c8,[J@1b248c8,[J@1b248c8,[J@1b248c8,[J@1b248c8,[J@1b248c8
operator: UnknownresourceId: Unknown - creating db connection using connection name: informix_connection
committing transaction
Read propery[ConnectionFactoryNS] which is  required  with value[com.topcoder.db.connectionfactory.DBConnectionFactoryImpl] from namespace [com.topcoder.management.project.persistence.InformixProjectPersistence].
Read propery[ConnectionName] which is  optional  with value[informix_connection] from namespace [com.topcoder.management.project.persistence.InformixProjectPersistence].
Read propery[ProjectIdSequenceName] which is  optional  with value[project_id_seq] from namespace [com.topcoder.management.project.persistence.InformixProjectPersistence].
Read propery[ProjectAuditIdSequenceName] which is  optional  with value[project_audit_id_seq] from namespace [com.topcoder.management.project.persistence.InformixProjectPersistence].
Read propery[ConnectionFactoryNS] which is  required  with value[com.topcoder.db.connectionfactory.DBConnectionFactoryImpl] from namespace [com.topcoder.management.project.persistence.link.ProjectLinkManagerImpl].
Read propery[ConnectionName] which is  optional  with value[informix_connection] from namespace [com.topcoder.management.project.persistence.link.ProjectLinkManagerImpl].
read property ConnectionFactoryNS[com.topcoder.db.connectionfactory.DBConnectionFactoryImpl] from the namespace :com.topcoder.management.scorecard.persistence.InformixScorecardPersistence
read property ConnectionName[informix_connection] from the namespace :com.topcoder.management.scorecard.persistence.InformixScorecardPersistence
Instantiate SqlUploadPersistence with connectionFactory and connectioName:informix_connection
Instantiate PersistenceUploadManager with UploadPersistence, uploadSearchBundle, submissionSearchBundle, uploadIdGenerator, uploadTypeIdGenerator, uploadStatusIdGenerator, submissionIDGenerator, submissionStatusIdGenerator and submissionTypeIdGenerator.
Instantiate AbstractResourcePersistence with connectionFactory and connectionName[informix_connection].
load Resource role with ids:[J@89c411,[J@89c411,[J@89c411,[J@89c411,[J@89c411,[J@89c411,[J@89c411,[J@89c411,[J@89c411,[J@89c411,[J@89c411,[J@89c411,[J@89c411,[J@89c411,[J@89c411,[J@89c411,[J@89c411,[J@89c411,[J@89c411,[J@89c411,[J@89c411,[J@89c411
operator: UnknownresourceId: Unknown - creating db connection using connection name: informix_connection
committing transaction
Read propery[ConnectionFactoryNS] which is  required  with value[com.topcoder.db.connectionfactory.DBConnectionFactoryImpl] from namespace [com.topcoder.management.project.persistence.InformixProjectPersistence].
Read propery[ConnectionName] which is  optional  with value[informix_connection] from namespace [com.topcoder.management.project.persistence.InformixProjectPersistence].
Read propery[ProjectIdSequenceName] which is  optional  with value[project_id_seq] from namespace [com.topcoder.management.project.persistence.InformixProjectPersistence].
Read propery[ProjectAuditIdSequenceName] which is  optional  with value[project_audit_id_seq] from namespace [com.topcoder.management.project.persistence.InformixProjectPersistence].
Read propery[ConnectionFactoryNS] which is  required  with value[com.topcoder.db.connectionfactory.DBConnectionFactoryImpl] from namespace [com.topcoder.management.project.persistence.link.ProjectLinkManagerImpl].
Read propery[ConnectionName] which is  optional  with value[informix_connection] from namespace [com.topcoder.management.project.persistence.link.ProjectLinkManagerImpl].
read property ConnectionFactoryNS[com.topcoder.db.connectionfactory.DBConnectionFactoryImpl] from the namespace :com.topcoder.management.scorecard.persistence.InformixScorecardPersistence
read property ConnectionName[informix_connection] from the namespace :com.topcoder.management.scorecard.persistence.InformixScorecardPersistence
Instantiate SqlUploadPersistence with connectionFactory and connectioName:informix_connection
Instantiate PersistenceUploadManager with UploadPersistence, uploadSearchBundle, submissionSearchBundle, uploadIdGenerator, uploadTypeIdGenerator, uploadStatusIdGenerator, submissionIDGenerator, submissionStatusIdGenerator and submissionTypeIdGenerator.
Instantiate AbstractResourcePersistence with connectionFactory and connectionName[informix_connection].
load Resource role with ids:[J@d2cfcb,[J@d2cfcb,[J@d2cfcb,[J@d2cfcb,[J@d2cfcb,[J@d2cfcb,[J@d2cfcb,[J@d2cfcb,[J@d2cfcb,[J@d2cfcb,[J@d2cfcb,[J@d2cfcb,[J@d2cfcb,[J@d2cfcb,[J@d2cfcb,[J@d2cfcb,[J@d2cfcb,[J@d2cfcb,[J@d2cfcb,[J@d2cfcb,[J@d2cfcb,[J@d2cfcb
operator: UnknownresourceId: Unknown - creating db connection using connection name: informix_connection
committing transaction
Read propery[ConnectionFactoryNS] which is  required  with value[com.topcoder.db.connectionfactory.DBConnectionFactoryImpl] from namespace [com.topcoder.management.project.persistence.InformixProjectPersistence].
Read propery[ConnectionName] which is  optional  with value[informix_connection] from namespace [com.topcoder.management.project.persistence.InformixProjectPersistence].
Read propery[ProjectIdSequenceName] which is  optional  with value[project_id_seq] from namespace [com.topcoder.management.project.persistence.InformixProjectPersistence].
Read propery[ProjectAuditIdSequenceName] which is  optional  with value[project_audit_id_seq] from namespace [com.topcoder.management.project.persistence.InformixProjectPersistence].
Read propery[ConnectionFactoryNS] which is  required  with value[com.topcoder.db.connectionfactory.DBConnectionFactoryImpl] from namespace [com.topcoder.management.project.persistence.link.ProjectLinkManagerImpl].
Read propery[ConnectionName] which is  optional  with value[informix_connection] from namespace [com.topcoder.management.project.persistence.link.ProjectLinkManagerImpl].
read property ConnectionFactoryNS[com.topcoder.db.connectionfactory.DBConnectionFactoryImpl] from the namespace :com.topcoder.management.scorecard.persistence.InformixScorecardPersistence
read property ConnectionName[informix_connection] from the namespace :com.topcoder.management.scorecard.persistence.InformixScorecardPersistence
Instantiate SqlUploadPersistence with connectionFactory and connectioName:informix_connection
Instantiate PersistenceUploadManager with UploadPersistence, uploadSearchBundle, submissionSearchBundle, uploadIdGenerator, uploadTypeIdGenerator, uploadStatusIdGenerator, submissionIDGenerator, submissionStatusIdGenerator and submissionTypeIdGenerator.
Instantiate AbstractResourcePersistence with connectionFactory and connectionName[informix_connection].
load Resource role with ids:[J@14563aa,[J@14563aa,[J@14563aa,[J@14563aa,[J@14563aa,[J@14563aa,[J@14563aa,[J@14563aa,[J@14563aa,[J@14563aa,[J@14563aa,[J@14563aa,[J@14563aa,[J@14563aa,[J@14563aa,[J@14563aa,[J@14563aa,[J@14563aa,[J@14563aa,[J@14563aa,[J@14563aa,[J@14563aa
operator: UnknownresourceId: Unknown - creating db connection using connection name: informix_connection
committing transaction
Read propery[ConnectionFactoryNS] which is  required  with value[com.topcoder.db.connectionfactory.DBConnectionFactoryImpl] from namespace [com.topcoder.management.project.persistence.InformixProjectPersistence].
Read propery[ConnectionName] which is  optional  with value[informix_connection] from namespace [com.topcoder.management.project.persistence.InformixProjectPersistence].
Read propery[ProjectIdSequenceName] which is  optional  with value[project_id_seq] from namespace [com.topcoder.management.project.persistence.InformixProjectPersistence].
Read propery[ProjectAuditIdSequenceName] which is  optional  with value[project_audit_id_seq] from namespace [com.topcoder.management.project.persistence.InformixProjectPersistence].
Read propery[ConnectionFactoryNS] which is  required  with value[com.topcoder.db.connectionfactory.DBConnectionFactoryImpl] from namespace [com.topcoder.management.project.persistence.link.ProjectLinkManagerImpl].
Read propery[ConnectionName] which is  optional  with value[informix_connection] from namespace [com.topcoder.management.project.persistence.link.ProjectLinkManagerImpl].
read property ConnectionFactoryNS[com.topcoder.db.connectionfactory.DBConnectionFactoryImpl] from the namespace :com.topcoder.management.scorecard.persistence.InformixScorecardPersistence
read property ConnectionName[informix_connection] from the namespace :com.topcoder.management.scorecard.persistence.InformixScorecardPersistence
Instantiate SqlUploadPersistence with connectionFactory and connectioName:informix_connection
Instantiate PersistenceUploadManager with UploadPersistence, uploadSearchBundle, submissionSearchBundle, uploadIdGenerator, uploadTypeIdGenerator, uploadStatusIdGenerator, submissionIDGenerator, submissionStatusIdGenerator and submissionTypeIdGenerator.
Instantiate AbstractResourcePersistence with connectionFactory and connectionName[informix_connection].
load Resource role with ids:[J@30c68b,[J@30c68b,[J@30c68b,[J@30c68b,[J@30c68b,[J@30c68b,[J@30c68b,[J@30c68b,[J@30c68b,[J@30c68b,[J@30c68b,[J@30c68b,[J@30c68b,[J@30c68b,[J@30c68b,[J@30c68b,[J@30c68b,[J@30c68b,[J@30c68b,[J@30c68b,[J@30c68b,[J@30c68b
operator: UnknownresourceId: Unknown - creating db connection using connection name: informix_connection
committing transaction
Read propery[ConnectionFactoryNS] which is  required  with value[com.topcoder.db.connectionfactory.DBConnectionFactoryImpl] from namespace [com.topcoder.management.project.persistence.InformixProjectPersistence].
Read propery[ConnectionName] which is  optional  with value[informix_connection] from namespace [com.topcoder.management.project.persistence.InformixProjectPersistence].
Read propery[ProjectIdSequenceName] which is  optional  with value[project_id_seq] from namespace [com.topcoder.management.project.persistence.InformixProjectPersistence].
Read propery[ProjectAuditIdSequenceName] which is  optional  with value[project_audit_id_seq] from namespace [com.topcoder.management.project.persistence.InformixProjectPersistence].
Read propery[ConnectionFactoryNS] which is  required  with value[com.topcoder.db.connectionfactory.DBConnectionFactoryImpl] from namespace [com.topcoder.management.project.persistence.link.ProjectLinkManagerImpl].
Read propery[ConnectionName] which is  optional  with value[informix_connection] from namespace [com.topcoder.management.project.persistence.link.ProjectLinkManagerImpl].
read property ConnectionFactoryNS[com.topcoder.db.connectionfactory.DBConnectionFactoryImpl] from the namespace :com.topcoder.management.scorecard.persistence.InformixScorecardPersistence
read property ConnectionName[informix_connection] from the namespace :com.topcoder.management.scorecard.persistence.InformixScorecardPersistence
Instantiate SqlUploadPersistence with connectionFactory and connectioName:informix_connection
Instantiate PersistenceUploadManager with UploadPersistence, uploadSearchBundle, submissionSearchBundle, uploadIdGenerator, uploadTypeIdGenerator, uploadStatusIdGenerator, submissionIDGenerator, submissionStatusIdGenerator and submissionTypeIdGenerator.
Instantiate AbstractResourcePersistence with connectionFactory and connectionName[informix_connection].
load Resource role with ids:[J@108bef4,[J@108bef4,[J@108bef4,[J@108bef4,[J@108bef4,[J@108bef4,[J@108bef4,[J@108bef4,[J@108bef4,[J@108bef4,[J@108bef4,[J@108bef4,[J@108bef4,[J@108bef4,[J@108bef4,[J@108bef4,[J@108bef4,[J@108bef4,[J@108bef4,[J@108bef4,[J@108bef4,[J@108bef4
operator: UnknownresourceId: Unknown - creating db connection using connection name: informix_connection
committing transaction
type: Upload id: Unknown operator:Unknown - search submissions with filter. found: 1
Read propery[ConnectionFactoryNS] which is  required  with value[com.topcoder.db.connectionfactory.DBConnectionFactoryImpl] from namespace [com.topcoder.management.project.persistence.InformixProjectPersistence].
Read propery[ConnectionName] which is  optional  with value[informix_connection] from namespace [com.topcoder.management.project.persistence.InformixProjectPersistence].
Read propery[ProjectIdSequenceName] which is  optional  with value[project_id_seq] from namespace [com.topcoder.management.project.persistence.InformixProjectPersistence].
Read propery[ProjectAuditIdSequenceName] which is  optional  with value[project_audit_id_seq] from namespace [com.topcoder.management.project.persistence.InformixProjectPersistence].
Read propery[ConnectionFactoryNS] which is  required  with value[com.topcoder.db.connectionfactory.DBConnectionFactoryImpl] from namespace [com.topcoder.management.project.persistence.link.ProjectLinkManagerImpl].
Read propery[ConnectionName] which is  optional  with value[informix_connection] from namespace [com.topcoder.management.project.persistence.link.ProjectLinkManagerImpl].
read property ConnectionFactoryNS[com.topcoder.db.connectionfactory.DBConnectionFactoryImpl] from the namespace :com.topcoder.management.scorecard.persistence.InformixScorecardPersistence
read property ConnectionName[informix_connection] from the namespace :com.topcoder.management.scorecard.persistence.InformixScorecardPersistence
Instantiate SqlUploadPersistence with connectionFactory and connectioName:informix_connection
Instantiate PersistenceUploadManager with UploadPersistence, uploadSearchBundle, submissionSearchBundle, uploadIdGenerator, uploadTypeIdGenerator, uploadStatusIdGenerator, submissionIDGenerator, submissionStatusIdGenerator and submissionTypeIdGenerator.
Instantiate AbstractResourcePersistence with connectionFactory and connectionName[informix_connection].
load Resource role with ids:[J@1303a7a,[J@1303a7a,[J@1303a7a,[J@1303a7a,[J@1303a7a,[J@1303a7a,[J@1303a7a,[J@1303a7a,[J@1303a7a,[J@1303a7a,[J@1303a7a,[J@1303a7a,[J@1303a7a,[J@1303a7a,[J@1303a7a,[J@1303a7a,[J@1303a7a,[J@1303a7a,[J@1303a7a,[J@1303a7a,[J@1303a7a,[J@1303a7a
operator: UnknownresourceId: Unknown - creating db connection using connection name: informix_connection
committing transaction
type: Upload id: Unknown operator:Unknown - search submissions with filter. found: 0
no reviewrs for project: 1
pid: 1 - PhasesHelper.arePhaseDependenciesMet(phase, false): false
pid: 1 - allReviewsDone(phase): false
pid: 1 - allTestCasesUploaded(phase): true
Read propery[ConnectionFactoryNS] which is  required  with value[com.topcoder.db.connectionfactory.DBConnectionFactoryImpl] from namespace [com.topcoder.management.project.persistence.InformixProjectPersistence].
Read propery[ConnectionName] which is  optional  with value[informix_connection] from namespace [com.topcoder.management.project.persistence.InformixProjectPersistence].
Read propery[ProjectIdSequenceName] which is  optional  with value[project_id_seq] from namespace [com.topcoder.management.project.persistence.InformixProjectPersistence].
Read propery[ProjectAuditIdSequenceName] which is  optional  with value[project_audit_id_seq] from namespace [com.topcoder.management.project.persistence.InformixProjectPersistence].
Read propery[ConnectionFactoryNS] which is  required  with value[com.topcoder.db.connectionfactory.DBConnectionFactoryImpl] from namespace [com.topcoder.management.project.persistence.link.ProjectLinkManagerImpl].
Read propery[ConnectionName] which is  optional  with value[informix_connection] from namespace [com.topcoder.management.project.persistence.link.ProjectLinkManagerImpl].
read property ConnectionFactoryNS[com.topcoder.db.connectionfactory.DBConnectionFactoryImpl] from the namespace :com.topcoder.management.scorecard.persistence.InformixScorecardPersistence
read property ConnectionName[informix_connection] from the namespace :com.topcoder.management.scorecard.persistence.InformixScorecardPersistence
Instantiate SqlUploadPersistence with connectionFactory and connectioName:informix_connection
Instantiate PersistenceUploadManager with UploadPersistence, uploadSearchBundle, submissionSearchBundle, uploadIdGenerator, uploadTypeIdGenerator, uploadStatusIdGenerator, submissionIDGenerator, submissionStatusIdGenerator and submissionTypeIdGenerator.
Instantiate AbstractResourcePersistence with connectionFactory and connectionName[informix_connection].
load Resource role with ids:[J@28de85,[J@28de85,[J@28de85,[J@28de85,[J@28de85,[J@28de85,[J@28de85,[J@28de85,[J@28de85,[J@28de85,[J@28de85,[J@28de85,[J@28de85,[J@28de85,[J@28de85,[J@28de85,[J@28de85,[J@28de85,[J@28de85,[J@28de85,[J@28de85,[J@28de85
operator: UnknownresourceId: Unknown - creating db connection using connection name: informix_connection
committing transaction
type: Upload id: Unknown operator:Unknown - search submissions with filter. found: 2
operator: UnknownresourceId: 4 - load resource.
operator: UnknownresourceId: Unknown - creating db connection using connection name: informix_connection
load ResourceRole with id:1
operator: UnknownresourceId: Unknown - creating db connection using connection name: informix_connection
committing transaction
committing transaction
operator: UnknownresourceId: 5 - load resource.
operator: UnknownresourceId: Unknown - creating db connection using connection name: informix_connection
load ResourceRole with id:1
operator: UnknownresourceId: Unknown - creating db connection using connection name: informix_connection
committing transaction
committing transaction
load Notifications with array of userIds/projectIds/notificationTypes.
operator: UnknownresourceId: Unknown - creating db connection using connection name: informix_connection
committing transaction
get projects with the ids: 1
operator: UnknownprojectId: Unknown - creating db connection using connection name: informix_connection
committing transaction
load Resource role with ids:[J@1ae0107,[J@1ae0107,[J@1ae0107,[J@1ae0107,[J@1ae0107,[J@1ae0107,[J@1ae0107,[J@1ae0107,[J@1ae0107,[J@1ae0107,[J@1ae0107,[J@1ae0107,[J@1ae0107,[J@1ae0107,[J@1ae0107,[J@1ae0107,[J@1ae0107,[J@1ae0107,[J@1ae0107,[J@1ae0107,[J@1ae0107,[J@1ae0107
operator: UnknownresourceId: Unknown - creating db connection using connection name: informix_connection
committing transaction
load Resource with ids:[J@17d94f8
operator: UnknownresourceId: Unknown - creating db connection using connection name: informix_connection
load ResourceRole with id:4
operator: UnknownresourceId: Unknown - creating db connection using connection name: informix_connection
committing transaction
committing transaction
load Resource with ids:[J@bdc6a3
operator: UnknownresourceId: Unknown - creating db connection using connection name: informix_connection
load ResourceRole with id:12
operator: UnknownresourceId: Unknown - creating db connection using connection name: informix_connection
committing transaction
committing transaction
load Resource with ids:[J@1b217f6
operator: UnknownresourceId: Unknown - creating db connection using connection name: informix_connection
load ResourceRole with id:13
operator: UnknownresourceId: Unknown - creating db connection using connection name: informix_connection
committing transaction
committing transaction
load Resource with ids:[J@1802746
operator: UnknownresourceId: Unknown - creating db connection using connection name: informix_connection
load ResourceRole with id:9
operator: UnknownresourceId: Unknown - creating db connection using connection name: informix_connection
committing transaction
committing transaction
load Resource with ids:[J@16a6512,[J@16a6512
operator: UnknownresourceId: Unknown - creating db connection using connection name: informix_connection
load ResourceRole with id:1
operator: UnknownresourceId: Unknown - creating db connection using connection name: informix_connection
committing transaction
load ResourceRole with id:1
operator: UnknownresourceId: Unknown - creating db connection using connection name: informix_connection
committing transaction
committing transaction
operator: UnknownresourceId: 100001 - load resource.
operator: UnknownresourceId: Unknown - creating db connection using connection name: informix_connection
load ResourceRole with id:4
operator: UnknownresourceId: Unknown - creating db connection using connection name: informix_connection
committing transaction
committing transaction
operator: UnknownresourceId: 4 - load resource.
operator: UnknownresourceId: Unknown - creating db connection using connection name: informix_connection
load ResourceRole with id:1
operator: UnknownresourceId: Unknown - creating db connection using connection name: informix_connection
committing transaction
committing transaction
operator: UnknownresourceId: 100000 - load resource.
operator: UnknownresourceId: Unknown - creating db connection using connection name: informix_connection
load ResourceRole with id:13
operator: UnknownresourceId: Unknown - creating db connection using connection name: informix_connection
committing transaction
committing transaction
operator: UnknownresourceId: 5 - load resource.
operator: UnknownresourceId: Unknown - creating db connection using connection name: informix_connection
load ResourceRole with id:1
operator: UnknownresourceId: Unknown - creating db connection using connection name: informix_connection
committing transaction
committing transaction
Read propery[ConnectionFactoryNS] which is  required  with value[com.topcoder.db.connectionfactory.DBConnectionFactoryImpl] from namespace [com.topcoder.management.project.persistence.InformixProjectPersistence].
Read propery[ConnectionName] which is  optional  with value[informix_connection] from namespace [com.topcoder.management.project.persistence.InformixProjectPersistence].
Read propery[ProjectIdSequenceName] which is  optional  with value[project_id_seq] from namespace [com.topcoder.management.project.persistence.InformixProjectPersistence].
Read propery[ProjectAuditIdSequenceName] which is  optional  with value[project_audit_id_seq] from namespace [com.topcoder.management.project.persistence.InformixProjectPersistence].
Read propery[ConnectionFactoryNS] which is  required  with value[com.topcoder.db.connectionfactory.DBConnectionFactoryImpl] from namespace [com.topcoder.management.project.persistence.link.ProjectLinkManagerImpl].
Read propery[ConnectionName] which is  optional  with value[informix_connection] from namespace [com.topcoder.management.project.persistence.link.ProjectLinkManagerImpl].
read property ConnectionFactoryNS[com.topcoder.db.connectionfactory.DBConnectionFactoryImpl] from the namespace :com.topcoder.management.scorecard.persistence.InformixScorecardPersistence
read property ConnectionName[informix_connection] from the namespace :com.topcoder.management.scorecard.persistence.InformixScorecardPersistence
Instantiate SqlUploadPersistence with connectionFactory and connectioName:informix_connection
Instantiate PersistenceUploadManager with UploadPersistence, uploadSearchBundle, submissionSearchBundle, uploadIdGenerator, uploadTypeIdGenerator, uploadStatusIdGenerator, submissionIDGenerator, submissionStatusIdGenerator and submissionTypeIdGenerator.
Instantiate AbstractResourcePersistence with connectionFactory and connectionName[informix_connection].
load Resource role with ids:[J@1f0940a,[J@1f0940a,[J@1f0940a,[J@1f0940a,[J@1f0940a,[J@1f0940a,[J@1f0940a,[J@1f0940a,[J@1f0940a,[J@1f0940a,[J@1f0940a,[J@1f0940a,[J@1f0940a,[J@1f0940a,[J@1f0940a,[J@1f0940a,[J@1f0940a,[J@1f0940a,[J@1f0940a,[J@1f0940a,[J@1f0940a,[J@1f0940a
operator: UnknownresourceId: Unknown - creating db connection using connection name: informix_connection
committing transaction
type: Upload id: Unknown operator:Unknown - search submissions with filter. found: 2
operator: UnknownresourceId: 4 - load resource.
operator: UnknownresourceId: Unknown - creating db connection using connection name: informix_connection
load ResourceRole with id:1
operator: UnknownresourceId: Unknown - creating db connection using connection name: informix_connection
committing transaction
committing transaction
operator: UnknownresourceId: 5 - load resource.
operator: UnknownresourceId: Unknown - creating db connection using connection name: informix_connection
load ResourceRole with id:1
operator: UnknownresourceId: Unknown - creating db connection using connection name: informix_connection
committing transaction
committing transaction
load Resource with ids:[J@54a693
operator: UnknownresourceId: Unknown - creating db connection using connection name: informix_connection
load ResourceRole with id:4
operator: UnknownresourceId: Unknown - creating db connection using connection name: informix_connection
committing transaction
committing transaction
load Notifications with array of userIds/projectIds/notificationTypes.
operator: UnknownresourceId: Unknown - creating db connection using connection name: informix_connection
committing transaction
get projects with the ids: 1
operator: UnknownprojectId: Unknown - creating db connection using connection name: informix_connection
committing transaction
load Resource role with ids:[J@9ea89f,[J@9ea89f,[J@9ea89f,[J@9ea89f,[J@9ea89f,[J@9ea89f,[J@9ea89f,[J@9ea89f,[J@9ea89f,[J@9ea89f,[J@9ea89f,[J@9ea89f,[J@9ea89f,[J@9ea89f,[J@9ea89f,[J@9ea89f,[J@9ea89f,[J@9ea89f,[J@9ea89f,[J@9ea89f,[J@9ea89f,[J@9ea89f
operator: UnknownresourceId: Unknown - creating db connection using connection name: informix_connection
committing transaction
load Resource with ids:[J@12b94c3,[J@12b94c3
operator: UnknownresourceId: Unknown - creating db connection using connection name: informix_connection
load ResourceRole with id:4
operator: UnknownresourceId: Unknown - creating db connection using connection name: informix_connection
committing transaction
load ResourceRole with id:4
operator: UnknownresourceId: Unknown - creating db connection using connection name: informix_connection
committing transaction
committing transaction
load Resource with ids:[J@1e8d4ce
operator: UnknownresourceId: Unknown - creating db connection using connection name: informix_connection
load ResourceRole with id:12
operator: UnknownresourceId: Unknown - creating db connection using connection name: informix_connection
committing transaction
committing transaction
load Resource with ids:[J@1321ed6
operator: UnknownresourceId: Unknown - creating db connection using connection name: informix_connection
load ResourceRole with id:13
operator: UnknownresourceId: Unknown - creating db connection using connection name: informix_connection
committing transaction
committing transaction
load Resource with ids:[J@2646f7
operator: UnknownresourceId: Unknown - creating db connection using connection name: informix_connection
load ResourceRole with id:9
operator: UnknownresourceId: Unknown - creating db connection using connection name: informix_connection
committing transaction
committing transaction
load Resource with ids:[J@16f46a,[J@16f46a
operator: UnknownresourceId: Unknown - creating db connection using connection name: informix_connection
load ResourceRole with id:1
operator: UnknownresourceId: Unknown - creating db connection using connection name: informix_connection
committing transaction
load ResourceRole with id:1
operator: UnknownresourceId: Unknown - creating db connection using connection name: informix_connection
committing transaction
committing transaction
operator: UnknownresourceId: 6 - load resource.
operator: UnknownresourceId: Unknown - creating db connection using connection name: informix_connection
load ResourceRole with id:4
operator: UnknownresourceId: Unknown - creating db connection using connection name: informix_connection
committing transaction
committing transaction
operator: UnknownresourceId: 4 - load resource.
operator: UnknownresourceId: Unknown - creating db connection using connection name: informix_connection
load ResourceRole with id:1
operator: UnknownresourceId: Unknown - creating db connection using connection name: informix_connection
committing transaction
committing transaction
operator: UnknownresourceId: 100000 - load resource.
operator: UnknownresourceId: Unknown - creating db connection using connection name: informix_connection
load ResourceRole with id:13
operator: UnknownresourceId: Unknown - creating db connection using connection name: informix_connection
committing transaction
committing transaction
operator: UnknownresourceId: 5 - load resource.
operator: UnknownresourceId: Unknown - creating db connection using connection name: informix_connection
load ResourceRole with id:1
operator: UnknownresourceId: Unknown - creating db connection using connection name: informix_connection
committing transaction
committing transaction
Read propery[ConnectionFactoryNS] which is  required  with value[com.topcoder.db.connectionfactory.DBConnectionFactoryImpl] from namespace [com.topcoder.management.project.persistence.InformixProjectPersistence].
Read propery[ConnectionName] which is  optional  with value[informix_connection] from namespace [com.topcoder.management.project.persistence.InformixProjectPersistence].
Read propery[ProjectIdSequenceName] which is  optional  with value[project_id_seq] from namespace [com.topcoder.management.project.persistence.InformixProjectPersistence].
Read propery[ProjectAuditIdSequenceName] which is  optional  with value[project_audit_id_seq] from namespace [com.topcoder.management.project.persistence.InformixProjectPersistence].
Read propery[ConnectionFactoryNS] which is  required  with value[com.topcoder.db.connectionfactory.DBConnectionFactoryImpl] from namespace [com.topcoder.management.project.persistence.link.ProjectLinkManagerImpl].
Read propery[ConnectionName] which is  optional  with value[informix_connection] from namespace [com.topcoder.management.project.persistence.link.ProjectLinkManagerImpl].
read property ConnectionFactoryNS[com.topcoder.db.connectionfactory.DBConnectionFactoryImpl] from the namespace :com.topcoder.management.scorecard.persistence.InformixScorecardPersistence
read property ConnectionName[informix_connection] from the namespace :com.topcoder.management.scorecard.persistence.InformixScorecardPersistence
Instantiate SqlUploadPersistence with connectionFactory and connectioName:informix_connection
Instantiate PersistenceUploadManager with UploadPersistence, uploadSearchBundle, submissionSearchBundle, uploadIdGenerator, uploadTypeIdGenerator, uploadStatusIdGenerator, submissionIDGenerator, submissionStatusIdGenerator and submissionTypeIdGenerator.
Instantiate AbstractResourcePersistence with connectionFactory and connectionName[informix_connection].
load Resource role with ids:[J@1370529,[J@1370529,[J@1370529,[J@1370529,[J@1370529,[J@1370529,[J@1370529,[J@1370529,[J@1370529,[J@1370529,[J@1370529,[J@1370529,[J@1370529,[J@1370529,[J@1370529,[J@1370529,[J@1370529,[J@1370529,[J@1370529,[J@1370529,[J@1370529,[J@1370529
operator: UnknownresourceId: Unknown - creating db connection using connection name: informix_connection
committing transaction
type: Upload id: Unknown operator:Unknown - search submissions with filter. found: 2
load Resource with ids:[J@1e101c5,[J@1e101c5
operator: UnknownresourceId: Unknown - creating db connection using connection name: informix_connection
load ResourceRole with id:4
operator: UnknownresourceId: Unknown - creating db connection using connection name: informix_connection
committing transaction
load ResourceRole with id:4
operator: UnknownresourceId: Unknown - creating db connection using connection name: informix_connection
committing transaction
committing transaction
type: Submission id: 1 operator:1001 - update Submission.
type: Submission id: 1 operator:Unknown - Update Submission, it will update record in submission table.
create db connection using connection name:informix_connection
close the connection.
type: Submission id: 2 operator:1001 - update Submission.
type: Submission id: 2 operator:Unknown - Update Submission, it will update record in submission table.
create db connection using connection name:informix_connection
close the connection.
operator: UnknownresourceId: 4 - load resource.
operator: UnknownresourceId: Unknown - creating db connection using connection name: informix_connection
load ResourceRole with id:1
operator: UnknownresourceId: Unknown - creating db connection using connection name: informix_connection
committing transaction
committing transaction
operator: UnknownresourceId: 5 - load resource.
operator: UnknownresourceId: Unknown - creating db connection using connection name: informix_connection
load ResourceRole with id:1
operator: UnknownresourceId: Unknown - creating db connection using connection name: informix_connection
committing transaction
committing transaction
load Notifications with array of userIds/projectIds/notificationTypes.
operator: UnknownresourceId: Unknown - creating db connection using connection name: informix_connection
committing transaction
get projects with the ids: 1
operator: UnknownprojectId: Unknown - creating db connection using connection name: informix_connection
committing transaction
load Resource role with ids:[J@1fa2b3e,[J@1fa2b3e,[J@1fa2b3e,[J@1fa2b3e,[J@1fa2b3e,[J@1fa2b3e,[J@1fa2b3e,[J@1fa2b3e,[J@1fa2b3e,[J@1fa2b3e,[J@1fa2b3e,[J@1fa2b3e,[J@1fa2b3e,[J@1fa2b3e,[J@1fa2b3e,[J@1fa2b3e,[J@1fa2b3e,[J@1fa2b3e,[J@1fa2b3e,[J@1fa2b3e,[J@1fa2b3e,[J@1fa2b3e
operator: UnknownresourceId: Unknown - creating db connection using connection name: informix_connection
committing transaction
load Resource with ids:[J@9fae74,[J@9fae74,[J@9fae74
operator: UnknownresourceId: Unknown - creating db connection using connection name: informix_connection
load ResourceRole with id:4
operator: UnknownresourceId: Unknown - creating db connection using connection name: informix_connection
committing transaction
load ResourceRole with id:4
operator: UnknownresourceId: Unknown - creating db connection using connection name: informix_connection
committing transaction
load ResourceRole with id:4
operator: UnknownresourceId: Unknown - creating db connection using connection name: informix_connection
committing transaction
committing transaction
load Resource with ids:[J@17db7ae
operator: UnknownresourceId: Unknown - creating db connection using connection name: informix_connection
load ResourceRole with id:12
operator: UnknownresourceId: Unknown - creating db connection using connection name: informix_connection
committing transaction
committing transaction
load Resource with ids:[J@11d4b2e
operator: UnknownresourceId: Unknown - creating db connection using connection name: informix_connection
load ResourceRole with id:13
operator: UnknownresourceId: Unknown - creating db connection using connection name: informix_connection
committing transaction
committing transaction
load Resource with ids:[J@b8dfdf
operator: UnknownresourceId: Unknown - creating db connection using connection name: informix_connection
load ResourceRole with id:9
operator: UnknownresourceId: Unknown - creating db connection using connection name: informix_connection
committing transaction
committing transaction
load Resource with ids:[J@18fe8fc,[J@18fe8fc
operator: UnknownresourceId: Unknown - creating db connection using connection name: informix_connection
load ResourceRole with id:1
operator: UnknownresourceId: Unknown - creating db connection using connection name: informix_connection
committing transaction
load ResourceRole with id:1
operator: UnknownresourceId: Unknown - creating db connection using connection name: informix_connection
committing transaction
committing transaction
operator: UnknownresourceId: 6 - load resource.
operator: UnknownresourceId: Unknown - creating db connection using connection name: informix_connection
load ResourceRole with id:4
operator: UnknownresourceId: Unknown - creating db connection using connection name: informix_connection
committing transaction
committing transaction
operator: UnknownresourceId: 4 - load resource.
operator: UnknownresourceId: Unknown - creating db connection using connection name: informix_connection
load ResourceRole with id:1
operator: UnknownresourceId: Unknown - creating db connection using connection name: informix_connection
committing transaction
committing transaction
operator: UnknownresourceId: 100000 - load resource.
operator: UnknownresourceId: Unknown - creating db connection using connection name: informix_connection
load ResourceRole with id:13
operator: UnknownresourceId: Unknown - creating db connection using connection name: informix_connection
committing transaction
committing transaction
operator: UnknownresourceId: 7 - load resource.
operator: UnknownresourceId: Unknown - creating db connection using connection name: informix_connection
load ResourceRole with id:4
operator: UnknownresourceId: Unknown - creating db connection using connection name: informix_connection
committing transaction
committing transaction
operator: UnknownresourceId: 5 - load resource.
operator: UnknownresourceId: Unknown - creating db connection using connection name: informix_connection
load ResourceRole with id:1
operator: UnknownresourceId: Unknown - creating db connection using connection name: informix_connection
committing transaction
committing transaction
Read propery[ConnectionFactoryNS] which is  required  with value[com.topcoder.db.connectionfactory.DBConnectionFactoryImpl] from namespace [com.topcoder.management.project.persistence.InformixProjectPersistence].
Read propery[ConnectionName] which is  optional  with value[informix_connection] from namespace [com.topcoder.management.project.persistence.InformixProjectPersistence].
Read propery[ProjectIdSequenceName] which is  optional  with value[project_id_seq] from namespace [com.topcoder.management.project.persistence.InformixProjectPersistence].
Read propery[ProjectAuditIdSequenceName] which is  optional  with value[project_audit_id_seq] from namespace [com.topcoder.management.project.persistence.InformixProjectPersistence].
Read propery[ConnectionFactoryNS] which is  required  with value[com.topcoder.db.connectionfactory.DBConnectionFactoryImpl] from namespace [com.topcoder.management.project.persistence.link.ProjectLinkManagerImpl].
Read propery[ConnectionName] which is  optional  with value[informix_connection] from namespace [com.topcoder.management.project.persistence.link.ProjectLinkManagerImpl].
read property ConnectionFactoryNS[com.topcoder.db.connectionfactory.DBConnectionFactoryImpl] from the namespace :com.topcoder.management.scorecard.persistence.InformixScorecardPersistence
read property ConnectionName[informix_connection] from the namespace :com.topcoder.management.scorecard.persistence.InformixScorecardPersistence
Instantiate SqlUploadPersistence with connectionFactory and connectioName:informix_connection
Instantiate PersistenceUploadManager with UploadPersistence, uploadSearchBundle, submissionSearchBundle, uploadIdGenerator, uploadTypeIdGenerator, uploadStatusIdGenerator, submissionIDGenerator, submissionStatusIdGenerator and submissionTypeIdGenerator.
Instantiate AbstractResourcePersistence with connectionFactory and connectionName[informix_connection].
load Resource role with ids:[J@1da990d,[J@1da990d,[J@1da990d,[J@1da990d,[J@1da990d,[J@1da990d,[J@1da990d,[J@1da990d,[J@1da990d,[J@1da990d,[J@1da990d,[J@1da990d,[J@1da990d,[J@1da990d,[J@1da990d,[J@1da990d,[J@1da990d,[J@1da990d,[J@1da990d,[J@1da990d,[J@1da990d,[J@1da990d
operator: UnknownresourceId: Unknown - creating db connection using connection name: informix_connection
committing transaction
type: Upload id: Unknown operator:Unknown - search submissions with filter. found: 2
submission: 1
submission: 2
no reviewrs for project: 1
pid: 1 - PhasesHelper.arePhaseDependenciesMet(phase, false): true
pid: 1 - allReviewsDone(phase): false
pid: 1 - allTestCasesUploaded(phase): true
Read propery[ConnectionFactoryNS] which is  required  with value[com.topcoder.db.connectionfactory.DBConnectionFactoryImpl] from namespace [com.topcoder.management.project.persistence.InformixProjectPersistence].
Read propery[ConnectionName] which is  optional  with value[informix_connection] from namespace [com.topcoder.management.project.persistence.InformixProjectPersistence].
Read propery[ProjectIdSequenceName] which is  optional  with value[project_id_seq] from namespace [com.topcoder.management.project.persistence.InformixProjectPersistence].
Read propery[ProjectAuditIdSequenceName] which is  optional  with value[project_audit_id_seq] from namespace [com.topcoder.management.project.persistence.InformixProjectPersistence].
Read propery[ConnectionFactoryNS] which is  required  with value[com.topcoder.db.connectionfactory.DBConnectionFactoryImpl] from namespace [com.topcoder.management.project.persistence.link.ProjectLinkManagerImpl].
Read propery[ConnectionName] which is  optional  with value[informix_connection] from namespace [com.topcoder.management.project.persistence.link.ProjectLinkManagerImpl].
read property ConnectionFactoryNS[com.topcoder.db.connectionfactory.DBConnectionFactoryImpl] from the namespace :com.topcoder.management.scorecard.persistence.InformixScorecardPersistence
read property ConnectionName[informix_connection] from the namespace :com.topcoder.management.scorecard.persistence.InformixScorecardPersistence
Instantiate SqlUploadPersistence with connectionFactory and connectioName:informix_connection
Instantiate PersistenceUploadManager with UploadPersistence, uploadSearchBundle, submissionSearchBundle, uploadIdGenerator, uploadTypeIdGenerator, uploadStatusIdGenerator, submissionIDGenerator, submissionStatusIdGenerator and submissionTypeIdGenerator.
Instantiate AbstractResourcePersistence with connectionFactory and connectionName[informix_connection].
load Resource role with ids:[J@104273f,[J@104273f,[J@104273f,[J@104273f,[J@104273f,[J@104273f,[J@104273f,[J@104273f,[J@104273f,[J@104273f,[J@104273f,[J@104273f,[J@104273f,[J@104273f,[J@104273f,[J@104273f,[J@104273f,[J@104273f,[J@104273f,[J@104273f,[J@104273f,[J@104273f
operator: UnknownresourceId: Unknown - creating db connection using connection name: informix_connection
committing transaction
type: Upload id: Unknown operator:Unknown - search submissions with filter. found: 2
load Resource with ids:[J@1fc0936
operator: UnknownresourceId: Unknown - creating db connection using connection name: informix_connection
load ResourceRole with id:4
operator: UnknownresourceId: Unknown - creating db connection using connection name: informix_connection
committing transaction
committing transaction
load Resource with ids:[J@4aad08
operator: UnknownresourceId: Unknown - creating db connection using connection name: informix_connection
load ResourceRole with id:4
operator: UnknownresourceId: Unknown - creating db connection using connection name: informix_connection
committing transaction
committing transaction
submission: 1
submission: 2
reviwer: 6, null, Reviewer
can't end phase because: numReviews != reviewers.length, projectId: 1
pid: 1 - PhasesHelper.arePhaseDependenciesMet(phase, false): true
pid: 1 - allReviewsDone(phase): false
pid: 1 - allTestCasesUploaded(phase): true
Read propery[ConnectionFactoryNS] which is  required  with value[com.topcoder.db.connectionfactory.DBConnectionFactoryImpl] from namespace [com.topcoder.management.project.persistence.InformixProjectPersistence].
Read propery[ConnectionName] which is  optional  with value[informix_connection] from namespace [com.topcoder.management.project.persistence.InformixProjectPersistence].
Read propery[ProjectIdSequenceName] which is  optional  with value[project_id_seq] from namespace [com.topcoder.management.project.persistence.InformixProjectPersistence].
Read propery[ProjectAuditIdSequenceName] which is  optional  with value[project_audit_id_seq] from namespace [com.topcoder.management.project.persistence.InformixProjectPersistence].
Read propery[ConnectionFactoryNS] which is  required  with value[com.topcoder.db.connectionfactory.DBConnectionFactoryImpl] from namespace [com.topcoder.management.project.persistence.link.ProjectLinkManagerImpl].
Read propery[ConnectionName] which is  optional  with value[informix_connection] from namespace [com.topcoder.management.project.persistence.link.ProjectLinkManagerImpl].
read property ConnectionFactoryNS[com.topcoder.db.connectionfactory.DBConnectionFactoryImpl] from the namespace :com.topcoder.management.scorecard.persistence.InformixScorecardPersistence
read property ConnectionName[informix_connection] from the namespace :com.topcoder.management.scorecard.persistence.InformixScorecardPersistence
Instantiate SqlUploadPersistence with connectionFactory and connectioName:informix_connection
Instantiate PersistenceUploadManager with UploadPersistence, uploadSearchBundle, submissionSearchBundle, uploadIdGenerator, uploadTypeIdGenerator, uploadStatusIdGenerator, submissionIDGenerator, submissionStatusIdGenerator and submissionTypeIdGenerator.
Instantiate AbstractResourcePersistence with connectionFactory and connectionName[informix_connection].
load Resource role with ids:[J@d133a3,[J@d133a3,[J@d133a3,[J@d133a3,[J@d133a3,[J@d133a3,[J@d133a3,[J@d133a3,[J@d133a3,[J@d133a3,[J@d133a3,[J@d133a3,[J@d133a3,[J@d133a3,[J@d133a3,[J@d133a3,[J@d133a3,[J@d133a3,[J@d133a3,[J@d133a3,[J@d133a3,[J@d133a3
operator: UnknownresourceId: Unknown - creating db connection using connection name: informix_connection
committing transaction
type: Upload id: Unknown operator:Unknown - search submissions with filter. found: 2
load Resource with ids:[J@bf5743,[J@bf5743
operator: UnknownresourceId: Unknown - creating db connection using connection name: informix_connection
load ResourceRole with id:6
operator: UnknownresourceId: Unknown - creating db connection using connection name: informix_connection
committing transaction
load ResourceRole with id:7
operator: UnknownresourceId: Unknown - creating db connection using connection name: informix_connection
committing transaction
committing transaction
load Resource with ids:[J@28fb58,[J@28fb58
operator: UnknownresourceId: Unknown - creating db connection using connection name: informix_connection
load ResourceRole with id:6
operator: UnknownresourceId: Unknown - creating db connection using connection name: informix_connection
committing transaction
load ResourceRole with id:7
operator: UnknownresourceId: Unknown - creating db connection using connection name: informix_connection
committing transaction
committing transaction
submission: 1
submission: 2
reviwer: 6, null, Failure Reviewer
reviwer: 7, null, Stress Reviewer
review: 1, 1, 6, true
review: 2, 2, 6, true
review: 3, 1, 7, true
review: 4, 2, 7, true
load Resource with ids:[J@10026cc,[J@10026cc
operator: UnknownresourceId: Unknown - creating db connection using connection name: informix_connection
load ResourceRole with id:6
operator: UnknownresourceId: Unknown - creating db connection using connection name: informix_connection
committing transaction
load ResourceRole with id:7
operator: UnknownresourceId: Unknown - creating db connection using connection name: informix_connection
committing transaction
committing transaction
projectId: 1reviwer: 6, null, Failure Reviewer
projectId: 1reviwer: 7, null, Stress Reviewer
type: Upload id: Unknown operator:Unknown - search uploads with filter. found: 0
can't end phase. cant find upload for reviewer: 6, null, Failure Reviewer
pid: 1 - PhasesHelper.arePhaseDependenciesMet(phase, false): true
pid: 1 - allReviewsDone(phase): true
pid: 1 - allTestCasesUploaded(phase): false
Read propery[ConnectionFactoryNS] which is  required  with value[com.topcoder.db.connectionfactory.DBConnectionFactoryImpl] from namespace [com.topcoder.management.project.persistence.InformixProjectPersistence].
Read propery[ConnectionName] which is  optional  with value[informix_connection] from namespace [com.topcoder.management.project.persistence.InformixProjectPersistence].
Read propery[ProjectIdSequenceName] which is  optional  with value[project_id_seq] from namespace [com.topcoder.management.project.persistence.InformixProjectPersistence].
Read propery[ProjectAuditIdSequenceName] which is  optional  with value[project_audit_id_seq] from namespace [com.topcoder.management.project.persistence.InformixProjectPersistence].
Read propery[ConnectionFactoryNS] which is  required  with value[com.topcoder.db.connectionfactory.DBConnectionFactoryImpl] from namespace [com.topcoder.management.project.persistence.link.ProjectLinkManagerImpl].
Read propery[ConnectionName] which is  optional  with value[informix_connection] from namespace [com.topcoder.management.project.persistence.link.ProjectLinkManagerImpl].
read property ConnectionFactoryNS[com.topcoder.db.connectionfactory.DBConnectionFactoryImpl] from the namespace :com.topcoder.management.scorecard.persistence.InformixScorecardPersistence
read property ConnectionName[informix_connection] from the namespace :com.topcoder.management.scorecard.persistence.InformixScorecardPersistence
Instantiate SqlUploadPersistence with connectionFactory and connectioName:informix_connection
Instantiate PersistenceUploadManager with UploadPersistence, uploadSearchBundle, submissionSearchBundle, uploadIdGenerator, uploadTypeIdGenerator, uploadStatusIdGenerator, submissionIDGenerator, submissionStatusIdGenerator and submissionTypeIdGenerator.
Instantiate AbstractResourcePersistence with connectionFactory and connectionName[informix_connection].
load Resource role with ids:[J@17f493,[J@17f493,[J@17f493,[J@17f493,[J@17f493,[J@17f493,[J@17f493,[J@17f493,[J@17f493,[J@17f493,[J@17f493,[J@17f493,[J@17f493,[J@17f493,[J@17f493,[J@17f493,[J@17f493,[J@17f493,[J@17f493,[J@17f493,[J@17f493,[J@17f493
operator: UnknownresourceId: Unknown - creating db connection using connection name: informix_connection
committing transaction
type: Upload id: Unknown operator:Unknown - search submissions with filter. found: 2
load Resource with ids:[J@1135607,[J@1135607
operator: UnknownresourceId: Unknown - creating db connection using connection name: informix_connection
load ResourceRole with id:6
operator: UnknownresourceId: Unknown - creating db connection using connection name: informix_connection
committing transaction
load ResourceRole with id:7
operator: UnknownresourceId: Unknown - creating db connection using connection name: informix_connection
committing transaction
committing transaction
load Resource with ids:[J@196fa2,[J@196fa2
operator: UnknownresourceId: Unknown - creating db connection using connection name: informix_connection
load ResourceRole with id:6
operator: UnknownresourceId: Unknown - creating db connection using connection name: informix_connection
committing transaction
load ResourceRole with id:7
operator: UnknownresourceId: Unknown - creating db connection using connection name: informix_connection
committing transaction
committing transaction
submission: 1
submission: 2
reviwer: 6, null, Failure Reviewer
reviwer: 7, null, Stress Reviewer
review: 1, 1, 6, true
review: 2, 2, 6, true
review: 3, 1, 7, true
review: 4, 2, 7, true
load Resource with ids:[J@aeaea6,[J@aeaea6
operator: UnknownresourceId: Unknown - creating db connection using connection name: informix_connection
load ResourceRole with id:6
operator: UnknownresourceId: Unknown - creating db connection using connection name: informix_connection
committing transaction
load ResourceRole with id:7
operator: UnknownresourceId: Unknown - creating db connection using connection name: informix_connection
committing transaction
committing transaction
projectId: 1reviwer: 6, null, Failure Reviewer
projectId: 1reviwer: 7, null, Stress Reviewer
type: Upload id: Unknown operator:Unknown - search uploads with filter. found: 0
can't end phase. cant find upload for reviewer: 6, null, Failure Reviewer
pid: 1 - PhasesHelper.arePhaseDependenciesMet(phase, false): true
pid: 1 - allReviewsDone(phase): true
pid: 1 - allTestCasesUploaded(phase): false
Read propery[ConnectionFactoryNS] which is  required  with value[com.topcoder.db.connectionfactory.DBConnectionFactoryImpl] from namespace [com.topcoder.management.project.persistence.InformixProjectPersistence].
Read propery[ConnectionName] which is  optional  with value[informix_connection] from namespace [com.topcoder.management.project.persistence.InformixProjectPersistence].
Read propery[ProjectIdSequenceName] which is  optional  with value[project_id_seq] from namespace [com.topcoder.management.project.persistence.InformixProjectPersistence].
Read propery[ProjectAuditIdSequenceName] which is  optional  with value[project_audit_id_seq] from namespace [com.topcoder.management.project.persistence.InformixProjectPersistence].
Read propery[ConnectionFactoryNS] which is  required  with value[com.topcoder.db.connectionfactory.DBConnectionFactoryImpl] from namespace [com.topcoder.management.project.persistence.link.ProjectLinkManagerImpl].
Read propery[ConnectionName] which is  optional  with value[informix_connection] from namespace [com.topcoder.management.project.persistence.link.ProjectLinkManagerImpl].
read property ConnectionFactoryNS[com.topcoder.db.connectionfactory.DBConnectionFactoryImpl] from the namespace :com.topcoder.management.scorecard.persistence.InformixScorecardPersistence
read property ConnectionName[informix_connection] from the namespace :com.topcoder.management.scorecard.persistence.InformixScorecardPersistence
Instantiate SqlUploadPersistence with connectionFactory and connectioName:informix_connection
Instantiate PersistenceUploadManager with UploadPersistence, uploadSearchBundle, submissionSearchBundle, uploadIdGenerator, uploadTypeIdGenerator, uploadStatusIdGenerator, submissionIDGenerator, submissionStatusIdGenerator and submissionTypeIdGenerator.
Instantiate AbstractResourcePersistence with connectionFactory and connectionName[informix_connection].
load Resource role with ids:[J@122306c,[J@122306c,[J@122306c,[J@122306c,[J@122306c,[J@122306c,[J@122306c,[J@122306c,[J@122306c,[J@122306c,[J@122306c,[J@122306c,[J@122306c,[J@122306c,[J@122306c,[J@122306c,[J@122306c,[J@122306c,[J@122306c,[J@122306c,[J@122306c,[J@122306c
operator: UnknownresourceId: Unknown - creating db connection using connection name: informix_connection
committing transaction
type: Upload id: Unknown operator:Unknown - search submissions with filter. found: 2
load Resource with ids:[J@47efe7,[J@47efe7
operator: UnknownresourceId: Unknown - creating db connection using connection name: informix_connection
load ResourceRole with id:6
operator: UnknownresourceId: Unknown - creating db connection using connection name: informix_connection
committing transaction
load ResourceRole with id:7
operator: UnknownresourceId: Unknown - creating db connection using connection name: informix_connection
committing transaction
committing transaction
load Resource with ids:[J@9292cb,[J@9292cb
operator: UnknownresourceId: Unknown - creating db connection using connection name: informix_connection
load ResourceRole with id:6
operator: UnknownresourceId: Unknown - creating db connection using connection name: informix_connection
committing transaction
load ResourceRole with id:7
operator: UnknownresourceId: Unknown - creating db connection using connection name: informix_connection
committing transaction
committing transaction
submission: 1
submission: 2
reviwer: 6, null, Failure Reviewer
reviwer: 7, null, Stress Reviewer
review: 1, 1, 6, true
review: 2, 2, 6, true
review: 3, 1, 7, true
review: 4, 2, 7, true
load Resource with ids:[J@7e0f6,[J@7e0f6
operator: UnknownresourceId: Unknown - creating db connection using connection name: informix_connection
load ResourceRole with id:6
operator: UnknownresourceId: Unknown - creating db connection using connection name: informix_connection
committing transaction
load ResourceRole with id:7
operator: UnknownresourceId: Unknown - creating db connection using connection name: informix_connection
committing transaction
committing transaction
projectId: 1reviwer: 6, null, Failure Reviewer
projectId: 1reviwer: 7, null, Stress Reviewer
type: Upload id: Unknown operator:Unknown - search uploads with filter. found: 2
pid: 1 - PhasesHelper.arePhaseDependenciesMet(phase, false): true
pid: 1 - allReviewsDone(phase): true
pid: 1 - allTestCasesUploaded(phase): true
Read propery[ConnectionFactoryNS] which is  required  with value[com.topcoder.db.connectionfactory.DBConnectionFactoryImpl] from namespace [com.topcoder.management.project.persistence.InformixProjectPersistence].
Read propery[ConnectionName] which is  optional  with value[informix_connection] from namespace [com.topcoder.management.project.persistence.InformixProjectPersistence].
Read propery[ProjectIdSequenceName] which is  optional  with value[project_id_seq] from namespace [com.topcoder.management.project.persistence.InformixProjectPersistence].
Read propery[ProjectAuditIdSequenceName] which is  optional  with value[project_audit_id_seq] from namespace [com.topcoder.management.project.persistence.InformixProjectPersistence].
Read propery[ConnectionFactoryNS] which is  required  with value[com.topcoder.db.connectionfactory.DBConnectionFactoryImpl] from namespace [com.topcoder.management.project.persistence.link.ProjectLinkManagerImpl].
Read propery[ConnectionName] which is  optional  with value[informix_connection] from namespace [com.topcoder.management.project.persistence.link.ProjectLinkManagerImpl].
read property ConnectionFactoryNS[com.topcoder.db.connectionfactory.DBConnectionFactoryImpl] from the namespace :com.topcoder.management.scorecard.persistence.InformixScorecardPersistence
read property ConnectionName[informix_connection] from the namespace :com.topcoder.management.scorecard.persistence.InformixScorecardPersistence
Instantiate SqlUploadPersistence with connectionFactory and connectioName:informix_connection
Instantiate PersistenceUploadManager with UploadPersistence, uploadSearchBundle, submissionSearchBundle, uploadIdGenerator, uploadTypeIdGenerator, uploadStatusIdGenerator, submissionIDGenerator, submissionStatusIdGenerator and submissionTypeIdGenerator.
Instantiate AbstractResourcePersistence with connectionFactory and connectionName[informix_connection].
load Resource role with ids:[J@3a8f68,[J@3a8f68,[J@3a8f68,[J@3a8f68,[J@3a8f68,[J@3a8f68,[J@3a8f68,[J@3a8f68,[J@3a8f68,[J@3a8f68,[J@3a8f68,[J@3a8f68,[J@3a8f68,[J@3a8f68,[J@3a8f68,[J@3a8f68,[J@3a8f68,[J@3a8f68,[J@3a8f68,[J@3a8f68,[J@3a8f68,[J@3a8f68
operator: UnknownresourceId: Unknown - creating db connection using connection name: informix_connection
committing transaction
type: Upload id: Unknown operator:Unknown - search submissions with filter. found: 2
load Resource with ids:[J@24e11c,[J@24e11c
operator: UnknownresourceId: Unknown - creating db connection using connection name: informix_connection
load ResourceRole with id:6
operator: UnknownresourceId: Unknown - creating db connection using connection name: informix_connection
committing transaction
load ResourceRole with id:7
operator: UnknownresourceId: Unknown - creating db connection using connection name: informix_connection
committing transaction
committing transaction
load Resource with ids:[J@79c0f4,[J@79c0f4
operator: UnknownresourceId: Unknown - creating db connection using connection name: informix_connection
load ResourceRole with id:6
operator: UnknownresourceId: Unknown - creating db connection using connection name: informix_connection
committing transaction
load ResourceRole with id:7
operator: UnknownresourceId: Unknown - creating db connection using connection name: informix_connection
committing transaction
committing transaction
submission: 1
submission: 2
reviwer: 6, null, Failure Reviewer
reviwer: 7, null, Stress Reviewer
review: 1, 1, 6, true
review: 2, 2, 6, true
review: 3, 1, 7, true
review: 4, 2, 7, true
load Resource with ids:[J@2d950,[J@2d950
operator: UnknownresourceId: Unknown - creating db connection using connection name: informix_connection
load ResourceRole with id:6
operator: UnknownresourceId: Unknown - creating db connection using connection name: informix_connection
committing transaction
load ResourceRole with id:7
operator: UnknownresourceId: Unknown - creating db connection using connection name: informix_connection
committing transaction
committing transaction
projectId: 1reviwer: 6, null, Failure Reviewer
projectId: 1reviwer: 7, null, Stress Reviewer
type: Upload id: Unknown operator:Unknown - search uploads with filter. found: 0
can't end phase. cant find upload for reviewer: 6, null, Failure Reviewer
pid: 1 - PhasesHelper.arePhaseDependenciesMet(phase, false): true
pid: 1 - allReviewsDone(phase): true
pid: 1 - allTestCasesUploaded(phase): false
Read propery[ConnectionFactoryNS] which is  required  with value[com.topcoder.db.connectionfactory.DBConnectionFactoryImpl] from namespace [com.topcoder.management.project.persistence.InformixProjectPersistence].
Read propery[ConnectionName] which is  optional  with value[informix_connection] from namespace [com.topcoder.management.project.persistence.InformixProjectPersistence].
Read propery[ProjectIdSequenceName] which is  optional  with value[project_id_seq] from namespace [com.topcoder.management.project.persistence.InformixProjectPersistence].
Read propery[ProjectAuditIdSequenceName] which is  optional  with value[project_audit_id_seq] from namespace [com.topcoder.management.project.persistence.InformixProjectPersistence].
Read propery[ConnectionFactoryNS] which is  required  with value[com.topcoder.db.connectionfactory.DBConnectionFactoryImpl] from namespace [com.topcoder.management.project.persistence.link.ProjectLinkManagerImpl].
Read propery[ConnectionName] which is  optional  with value[informix_connection] from namespace [com.topcoder.management.project.persistence.link.ProjectLinkManagerImpl].
read property ConnectionFactoryNS[com.topcoder.db.connectionfactory.DBConnectionFactoryImpl] from the namespace :com.topcoder.management.scorecard.persistence.InformixScorecardPersistence
read property ConnectionName[informix_connection] from the namespace :com.topcoder.management.scorecard.persistence.InformixScorecardPersistence
Instantiate SqlUploadPersistence with connectionFactory and connectioName:informix_connection
Instantiate PersistenceUploadManager with UploadPersistence, uploadSearchBundle, submissionSearchBundle, uploadIdGenerator, uploadTypeIdGenerator, uploadStatusIdGenerator, submissionIDGenerator, submissionStatusIdGenerator and submissionTypeIdGenerator.
Instantiate AbstractResourcePersistence with connectionFactory and connectionName[informix_connection].
load Resource role with ids:[J@11c3366,[J@11c3366,[J@11c3366,[J@11c3366,[J@11c3366,[J@11c3366,[J@11c3366,[J@11c3366,[J@11c3366,[J@11c3366,[J@11c3366,[J@11c3366,[J@11c3366,[J@11c3366,[J@11c3366,[J@11c3366,[J@11c3366,[J@11c3366,[J@11c3366,[J@11c3366,[J@11c3366,[J@11c3366
operator: UnknownresourceId: Unknown - creating db connection using connection name: informix_connection
committing transaction
Read propery[ConnectionFactoryNS] which is  required  with value[com.topcoder.db.connectionfactory.DBConnectionFactoryImpl] from namespace [com.topcoder.management.project.persistence.InformixProjectPersistence].
Read propery[ConnectionName] which is  optional  with value[informix_connection] from namespace [com.topcoder.management.project.persistence.InformixProjectPersistence].
Read propery[ProjectIdSequenceName] which is  optional  with value[project_id_seq] from namespace [com.topcoder.management.project.persistence.InformixProjectPersistence].
Read propery[ProjectAuditIdSequenceName] which is  optional  with value[project_audit_id_seq] from namespace [com.topcoder.management.project.persistence.InformixProjectPersistence].
Read propery[ConnectionFactoryNS] which is  required  with value[com.topcoder.db.connectionfactory.DBConnectionFactoryImpl] from namespace [com.topcoder.management.project.persistence.link.ProjectLinkManagerImpl].
Read propery[ConnectionName] which is  optional  with value[informix_connection] from namespace [com.topcoder.management.project.persistence.link.ProjectLinkManagerImpl].
read property ConnectionFactoryNS[com.topcoder.db.connectionfactory.DBConnectionFactoryImpl] from the namespace :com.topcoder.management.scorecard.persistence.InformixScorecardPersistence
read property ConnectionName[informix_connection] from the namespace :com.topcoder.management.scorecard.persistence.InformixScorecardPersistence
Instantiate SqlUploadPersistence with connectionFactory and connectioName:informix_connection
Instantiate PersistenceUploadManager with UploadPersistence, uploadSearchBundle, submissionSearchBundle, uploadIdGenerator, uploadTypeIdGenerator, uploadStatusIdGenerator, submissionIDGenerator, submissionStatusIdGenerator and submissionTypeIdGenerator.
Instantiate AbstractResourcePersistence with connectionFactory and connectionName[informix_connection].
load Resource role with ids:[J@b9aa1a,[J@b9aa1a,[J@b9aa1a,[J@b9aa1a,[J@b9aa1a,[J@b9aa1a,[J@b9aa1a,[J@b9aa1a,[J@b9aa1a,[J@b9aa1a,[J@b9aa1a,[J@b9aa1a,[J@b9aa1a,[J@b9aa1a,[J@b9aa1a,[J@b9aa1a,[J@b9aa1a,[J@b9aa1a,[J@b9aa1a,[J@b9aa1a,[J@b9aa1a,[J@b9aa1a
operator: UnknownresourceId: Unknown - creating db connection using connection name: informix_connection
committing transaction
Read propery[ConnectionFactoryNS] which is  required  with value[com.topcoder.db.connectionfactory.DBConnectionFactoryImpl] from namespace [com.topcoder.management.project.persistence.InformixProjectPersistence].
Read propery[ConnectionName] which is  optional  with value[informix_connection] from namespace [com.topcoder.management.project.persistence.InformixProjectPersistence].
Read propery[ProjectIdSequenceName] which is  optional  with value[project_id_seq] from namespace [com.topcoder.management.project.persistence.InformixProjectPersistence].
Read propery[ProjectAuditIdSequenceName] which is  optional  with value[project_audit_id_seq] from namespace [com.topcoder.management.project.persistence.InformixProjectPersistence].
Read propery[ConnectionFactoryNS] which is  required  with value[com.topcoder.db.connectionfactory.DBConnectionFactoryImpl] from namespace [com.topcoder.management.project.persistence.link.ProjectLinkManagerImpl].
Read propery[ConnectionName] which is  optional  with value[informix_connection] from namespace [com.topcoder.management.project.persistence.link.ProjectLinkManagerImpl].
read property ConnectionFactoryNS[com.topcoder.db.connectionfactory.DBConnectionFactoryImpl] from the namespace :com.topcoder.management.scorecard.persistence.InformixScorecardPersistence
read property ConnectionName[informix_connection] from the namespace :com.topcoder.management.scorecard.persistence.InformixScorecardPersistence
Instantiate SqlUploadPersistence with connectionFactory and connectioName:informix_connection
Instantiate PersistenceUploadManager with UploadPersistence, uploadSearchBundle, submissionSearchBundle, uploadIdGenerator, uploadTypeIdGenerator, uploadStatusIdGenerator, submissionIDGenerator, submissionStatusIdGenerator and submissionTypeIdGenerator.
Instantiate AbstractResourcePersistence with connectionFactory and connectionName[informix_connection].
load Resource role with ids:[J@10ec1a3,[J@10ec1a3,[J@10ec1a3,[J@10ec1a3,[J@10ec1a3,[J@10ec1a3,[J@10ec1a3,[J@10ec1a3,[J@10ec1a3,[J@10ec1a3,[J@10ec1a3,[J@10ec1a3,[J@10ec1a3,[J@10ec1a3,[J@10ec1a3,[J@10ec1a3,[J@10ec1a3,[J@10ec1a3,[J@10ec1a3,[J@10ec1a3,[J@10ec1a3,[J@10ec1a3
operator: UnknownresourceId: Unknown - creating db connection using connection name: informix_connection
committing transaction
Read propery[ConnectionFactoryNS] which is  required  with value[com.topcoder.db.connectionfactory.DBConnectionFactoryImpl] from namespace [com.topcoder.management.project.persistence.InformixProjectPersistence].
Read propery[ConnectionName] which is  optional  with value[informix_connection] from namespace [com.topcoder.management.project.persistence.InformixProjectPersistence].
Read propery[ProjectIdSequenceName] which is  optional  with value[project_id_seq] from namespace [com.topcoder.management.project.persistence.InformixProjectPersistence].
Read propery[ProjectAuditIdSequenceName] which is  optional  with value[project_audit_id_seq] from namespace [com.topcoder.management.project.persistence.InformixProjectPersistence].
Read propery[ConnectionFactoryNS] which is  required  with value[com.topcoder.db.connectionfactory.DBConnectionFactoryImpl] from namespace [com.topcoder.management.project.persistence.link.ProjectLinkManagerImpl].
Read propery[ConnectionName] which is  optional  with value[informix_connection] from namespace [com.topcoder.management.project.persistence.link.ProjectLinkManagerImpl].
read property ConnectionFactoryNS[com.topcoder.db.connectionfactory.DBConnectionFactoryImpl] from the namespace :com.topcoder.management.scorecard.persistence.InformixScorecardPersistence
read property ConnectionName[informix_connection] from the namespace :com.topcoder.management.scorecard.persistence.InformixScorecardPersistence
Instantiate SqlUploadPersistence with connectionFactory and connectioName:informix_connection
Instantiate PersistenceUploadManager with UploadPersistence, uploadSearchBundle, submissionSearchBundle, uploadIdGenerator, uploadTypeIdGenerator, uploadStatusIdGenerator, submissionIDGenerator, submissionStatusIdGenerator and submissionTypeIdGenerator.
Instantiate AbstractResourcePersistence with connectionFactory and connectionName[informix_connection].
load Resource role with ids:[J@1192e9,[J@1192e9,[J@1192e9,[J@1192e9,[J@1192e9,[J@1192e9,[J@1192e9,[J@1192e9,[J@1192e9,[J@1192e9,[J@1192e9,[J@1192e9,[J@1192e9,[J@1192e9,[J@1192e9,[J@1192e9,[J@1192e9,[J@1192e9,[J@1192e9,[J@1192e9,[J@1192e9,[J@1192e9
operator: UnknownresourceId: Unknown - creating db connection using connection name: informix_connection
committing transaction
Read propery[ConnectionFactoryNS] which is  required  with value[com.topcoder.db.connectionfactory.DBConnectionFactoryImpl] from namespace [com.topcoder.management.project.persistence.InformixProjectPersistence].
Read propery[ConnectionName] which is  optional  with value[informix_connection] from namespace [com.topcoder.management.project.persistence.InformixProjectPersistence].
Read propery[ProjectIdSequenceName] which is  optional  with value[project_id_seq] from namespace [com.topcoder.management.project.persistence.InformixProjectPersistence].
Read propery[ProjectAuditIdSequenceName] which is  optional  with value[project_audit_id_seq] from namespace [com.topcoder.management.project.persistence.InformixProjectPersistence].
Read propery[ConnectionFactoryNS] which is  required  with value[com.topcoder.db.connectionfactory.DBConnectionFactoryImpl] from namespace [com.topcoder.management.project.persistence.link.ProjectLinkManagerImpl].
Read propery[ConnectionName] which is  optional  with value[informix_connection] from namespace [com.topcoder.management.project.persistence.link.ProjectLinkManagerImpl].
read property ConnectionFactoryNS[com.topcoder.db.connectionfactory.DBConnectionFactoryImpl] from the namespace :com.topcoder.management.scorecard.persistence.InformixScorecardPersistence
read property ConnectionName[informix_connection] from the namespace :com.topcoder.management.scorecard.persistence.InformixScorecardPersistence
Instantiate SqlUploadPersistence with connectionFactory and connectioName:informix_connection
Instantiate PersistenceUploadManager with UploadPersistence, uploadSearchBundle, submissionSearchBundle, uploadIdGenerator, uploadTypeIdGenerator, uploadStatusIdGenerator, submissionIDGenerator, submissionStatusIdGenerator and submissionTypeIdGenerator.
Instantiate AbstractResourcePersistence with connectionFactory and connectionName[informix_connection].
load Resource role with ids:[J@a22ea7,[J@a22ea7,[J@a22ea7,[J@a22ea7,[J@a22ea7,[J@a22ea7,[J@a22ea7,[J@a22ea7,[J@a22ea7,[J@a22ea7,[J@a22ea7,[J@a22ea7,[J@a22ea7,[J@a22ea7,[J@a22ea7,[J@a22ea7,[J@a22ea7,[J@a22ea7,[J@a22ea7,[J@a22ea7,[J@a22ea7,[J@a22ea7
operator: UnknownresourceId: Unknown - creating db connection using connection name: informix_connection
committing transaction
Read propery[ConnectionFactoryNS] which is  required  with value[com.topcoder.db.connectionfactory.DBConnectionFactoryImpl] from namespace [com.topcoder.management.project.persistence.InformixProjectPersistence].
Read propery[ConnectionName] which is  optional  with value[informix_connection] from namespace [com.topcoder.management.project.persistence.InformixProjectPersistence].
Read propery[ProjectIdSequenceName] which is  optional  with value[project_id_seq] from namespace [com.topcoder.management.project.persistence.InformixProjectPersistence].
Read propery[ProjectAuditIdSequenceName] which is  optional  with value[project_audit_id_seq] from namespace [com.topcoder.management.project.persistence.InformixProjectPersistence].
Read propery[ConnectionFactoryNS] which is  required  with value[com.topcoder.db.connectionfactory.DBConnectionFactoryImpl] from namespace [com.topcoder.management.project.persistence.link.ProjectLinkManagerImpl].
Read propery[ConnectionName] which is  optional  with value[informix_connection] from namespace [com.topcoder.management.project.persistence.link.ProjectLinkManagerImpl].
read property ConnectionFactoryNS[com.topcoder.db.connectionfactory.DBConnectionFactoryImpl] from the namespace :com.topcoder.management.scorecard.persistence.InformixScorecardPersistence
read property ConnectionName[informix_connection] from the namespace :com.topcoder.management.scorecard.persistence.InformixScorecardPersistence
Instantiate SqlUploadPersistence with connectionFactory and connectioName:informix_connection
Instantiate PersistenceUploadManager with UploadPersistence, uploadSearchBundle, submissionSearchBundle, uploadIdGenerator, uploadTypeIdGenerator, uploadStatusIdGenerator, submissionIDGenerator, submissionStatusIdGenerator and submissionTypeIdGenerator.
Instantiate AbstractResourcePersistence with connectionFactory and connectionName[informix_connection].
load Resource role with ids:[J@1711c2c,[J@1711c2c,[J@1711c2c,[J@1711c2c,[J@1711c2c,[J@1711c2c,[J@1711c2c,[J@1711c2c,[J@1711c2c,[J@1711c2c,[J@1711c2c,[J@1711c2c,[J@1711c2c,[J@1711c2c,[J@1711c2c,[J@1711c2c,[J@1711c2c,[J@1711c2c,[J@1711c2c,[J@1711c2c,[J@1711c2c,[J@1711c2c
operator: UnknownresourceId: Unknown - creating db connection using connection name: informix_connection
committing transaction
Read propery[ConnectionFactoryNS] which is  required  with value[com.topcoder.db.connectionfactory.DBConnectionFactoryImpl] from namespace [com.topcoder.management.project.persistence.InformixProjectPersistence].
Read propery[ConnectionName] which is  optional  with value[informix_connection] from namespace [com.topcoder.management.project.persistence.InformixProjectPersistence].
Read propery[ProjectIdSequenceName] which is  optional  with value[project_id_seq] from namespace [com.topcoder.management.project.persistence.InformixProjectPersistence].
Read propery[ProjectAuditIdSequenceName] which is  optional  with value[project_audit_id_seq] from namespace [com.topcoder.management.project.persistence.InformixProjectPersistence].
Read propery[ConnectionFactoryNS] which is  required  with value[com.topcoder.db.connectionfactory.DBConnectionFactoryImpl] from namespace [com.topcoder.management.project.persistence.link.ProjectLinkManagerImpl].
Read propery[ConnectionName] which is  optional  with value[informix_connection] from namespace [com.topcoder.management.project.persistence.link.ProjectLinkManagerImpl].
read property ConnectionFactoryNS[com.topcoder.db.connectionfactory.DBConnectionFactoryImpl] from the namespace :com.topcoder.management.scorecard.persistence.InformixScorecardPersistence
read property ConnectionName[informix_connection] from the namespace :com.topcoder.management.scorecard.persistence.InformixScorecardPersistence
Instantiate SqlUploadPersistence with connectionFactory and connectioName:informix_connection
Instantiate PersistenceUploadManager with UploadPersistence, uploadSearchBundle, submissionSearchBundle, uploadIdGenerator, uploadTypeIdGenerator, uploadStatusIdGenerator, submissionIDGenerator, submissionStatusIdGenerator and submissionTypeIdGenerator.
Instantiate AbstractResourcePersistence with connectionFactory and connectionName[informix_connection].
load Resource role with ids:[J@b2311b,[J@b2311b,[J@b2311b,[J@b2311b,[J@b2311b,[J@b2311b,[J@b2311b,[J@b2311b,[J@b2311b,[J@b2311b,[J@b2311b,[J@b2311b,[J@b2311b,[J@b2311b,[J@b2311b,[J@b2311b,[J@b2311b,[J@b2311b,[J@b2311b,[J@b2311b,[J@b2311b,[J@b2311b
operator: UnknownresourceId: Unknown - creating db connection using connection name: informix_connection
committing transaction
Read propery[ConnectionFactoryNS] which is  required  with value[com.topcoder.db.connectionfactory.DBConnectionFactoryImpl] from namespace [com.topcoder.management.project.persistence.InformixProjectPersistence].
Read propery[ConnectionName] which is  optional  with value[informix_connection] from namespace [com.topcoder.management.project.persistence.InformixProjectPersistence].
Read propery[ProjectIdSequenceName] which is  optional  with value[project_id_seq] from namespace [com.topcoder.management.project.persistence.InformixProjectPersistence].
Read propery[ProjectAuditIdSequenceName] which is  optional  with value[project_audit_id_seq] from namespace [com.topcoder.management.project.persistence.InformixProjectPersistence].
Read propery[ConnectionFactoryNS] which is  required  with value[com.topcoder.db.connectionfactory.DBConnectionFactoryImpl] from namespace [com.topcoder.management.project.persistence.link.ProjectLinkManagerImpl].
Read propery[ConnectionName] which is  optional  with value[informix_connection] from namespace [com.topcoder.management.project.persistence.link.ProjectLinkManagerImpl].
read property ConnectionFactoryNS[com.topcoder.db.connectionfactory.DBConnectionFactoryImpl] from the namespace :com.topcoder.management.scorecard.persistence.InformixScorecardPersistence
read property ConnectionName[informix_connection] from the namespace :com.topcoder.management.scorecard.persistence.InformixScorecardPersistence
Instantiate SqlUploadPersistence with connectionFactory and connectioName:informix_connection
Instantiate PersistenceUploadManager with UploadPersistence, uploadSearchBundle, submissionSearchBundle, uploadIdGenerator, uploadTypeIdGenerator, uploadStatusIdGenerator, submissionIDGenerator, submissionStatusIdGenerator and submissionTypeIdGenerator.
Instantiate AbstractResourcePersistence with connectionFactory and connectionName[informix_connection].
load Resource role with ids:[J@131514b,[J@131514b,[J@131514b,[J@131514b,[J@131514b,[J@131514b,[J@131514b,[J@131514b,[J@131514b,[J@131514b,[J@131514b,[J@131514b,[J@131514b,[J@131514b,[J@131514b,[J@131514b,[J@131514b,[J@131514b,[J@131514b,[J@131514b,[J@131514b,[J@131514b
operator: UnknownresourceId: Unknown - creating db connection using connection name: informix_connection
committing transaction
Read propery[ConnectionFactoryNS] which is  required  with value[com.topcoder.db.connectionfactory.DBConnectionFactoryImpl] from namespace [com.topcoder.management.project.persistence.InformixProjectPersistence].
Read propery[ConnectionName] which is  optional  with value[informix_connection] from namespace [com.topcoder.management.project.persistence.InformixProjectPersistence].
Read propery[ProjectIdSequenceName] which is  optional  with value[project_id_seq] from namespace [com.topcoder.management.project.persistence.InformixProjectPersistence].
Read propery[ProjectAuditIdSequenceName] which is  optional  with value[project_audit_id_seq] from namespace [com.topcoder.management.project.persistence.InformixProjectPersistence].
Read propery[ConnectionFactoryNS] which is  required  with value[com.topcoder.db.connectionfactory.DBConnectionFactoryImpl] from namespace [com.topcoder.management.project.persistence.link.ProjectLinkManagerImpl].
Read propery[ConnectionName] which is  optional  with value[informix_connection] from namespace [com.topcoder.management.project.persistence.link.ProjectLinkManagerImpl].
read property ConnectionFactoryNS[com.topcoder.db.connectionfactory.DBConnectionFactoryImpl] from the namespace :com.topcoder.management.scorecard.persistence.InformixScorecardPersistence
read property ConnectionName[informix_connection] from the namespace :com.topcoder.management.scorecard.persistence.InformixScorecardPersistence
Instantiate SqlUploadPersistence with connectionFactory and connectioName:informix_connection
Instantiate PersistenceUploadManager with UploadPersistence, uploadSearchBundle, submissionSearchBundle, uploadIdGenerator, uploadTypeIdGenerator, uploadStatusIdGenerator, submissionIDGenerator, submissionStatusIdGenerator and submissionTypeIdGenerator.
Instantiate AbstractResourcePersistence with connectionFactory and connectionName[informix_connection].
load Resource role with ids:[J@4eaf47,[J@4eaf47,[J@4eaf47,[J@4eaf47,[J@4eaf47,[J@4eaf47,[J@4eaf47,[J@4eaf47,[J@4eaf47,[J@4eaf47,[J@4eaf47,[J@4eaf47,[J@4eaf47,[J@4eaf47,[J@4eaf47,[J@4eaf47,[J@4eaf47,[J@4eaf47,[J@4eaf47,[J@4eaf47,[J@4eaf47,[J@4eaf47
operator: UnknownresourceId: Unknown - creating db connection using connection name: informix_connection
committing transaction
Read propery[ConnectionFactoryNS] which is  required  with value[com.topcoder.db.connectionfactory.DBConnectionFactoryImpl] from namespace [com.topcoder.management.project.persistence.InformixProjectPersistence].
Read propery[ConnectionName] which is  optional  with value[informix_connection] from namespace [com.topcoder.management.project.persistence.InformixProjectPersistence].
Read propery[ProjectIdSequenceName] which is  optional  with value[project_id_seq] from namespace [com.topcoder.management.project.persistence.InformixProjectPersistence].
Read propery[ProjectAuditIdSequenceName] which is  optional  with value[project_audit_id_seq] from namespace [com.topcoder.management.project.persistence.InformixProjectPersistence].
Read propery[ConnectionFactoryNS] which is  required  with value[com.topcoder.db.connectionfactory.DBConnectionFactoryImpl] from namespace [com.topcoder.management.project.persistence.link.ProjectLinkManagerImpl].
Read propery[ConnectionName] which is  optional  with value[informix_connection] from namespace [com.topcoder.management.project.persistence.link.ProjectLinkManagerImpl].
read property ConnectionFactoryNS[com.topcoder.db.connectionfactory.DBConnectionFactoryImpl] from the namespace :com.topcoder.management.scorecard.persistence.InformixScorecardPersistence
read property ConnectionName[informix_connection] from the namespace :com.topcoder.management.scorecard.persistence.InformixScorecardPersistence
Instantiate SqlUploadPersistence with connectionFactory and connectioName:informix_connection
Instantiate PersistenceUploadManager with UploadPersistence, uploadSearchBundle, submissionSearchBundle, uploadIdGenerator, uploadTypeIdGenerator, uploadStatusIdGenerator, submissionIDGenerator, submissionStatusIdGenerator and submissionTypeIdGenerator.
Instantiate AbstractResourcePersistence with connectionFactory and connectionName[informix_connection].
load Resource role with ids:[J@e34b50,[J@e34b50,[J@e34b50,[J@e34b50,[J@e34b50,[J@e34b50,[J@e34b50,[J@e34b50,[J@e34b50,[J@e34b50,[J@e34b50,[J@e34b50,[J@e34b50,[J@e34b50,[J@e34b50,[J@e34b50,[J@e34b50,[J@e34b50,[J@e34b50,[J@e34b50,[J@e34b50,[J@e34b50
operator: UnknownresourceId: Unknown - creating db connection using connection name: informix_connection
committing transaction
Read propery[ConnectionFactoryNS] which is  required  with value[com.topcoder.db.connectionfactory.DBConnectionFactoryImpl] from namespace [com.topcoder.management.project.persistence.InformixProjectPersistence].
Read propery[ConnectionName] which is  optional  with value[informix_connection] from namespace [com.topcoder.management.project.persistence.InformixProjectPersistence].
Read propery[ProjectIdSequenceName] which is  optional  with value[project_id_seq] from namespace [com.topcoder.management.project.persistence.InformixProjectPersistence].
Read propery[ProjectAuditIdSequenceName] which is  optional  with value[project_audit_id_seq] from namespace [com.topcoder.management.project.persistence.InformixProjectPersistence].
Read propery[ConnectionFactoryNS] which is  required  with value[com.topcoder.db.connectionfactory.DBConnectionFactoryImpl] from namespace [com.topcoder.management.project.persistence.link.ProjectLinkManagerImpl].
Read propery[ConnectionName] which is  optional  with value[informix_connection] from namespace [com.topcoder.management.project.persistence.link.ProjectLinkManagerImpl].
read property ConnectionFactoryNS[com.topcoder.db.connectionfactory.DBConnectionFactoryImpl] from the namespace :com.topcoder.management.scorecard.persistence.InformixScorecardPersistence
read property ConnectionName[informix_connection] from the namespace :com.topcoder.management.scorecard.persistence.InformixScorecardPersistence
Instantiate SqlUploadPersistence with connectionFactory and connectioName:informix_connection
Instantiate PersistenceUploadManager with UploadPersistence, uploadSearchBundle, submissionSearchBundle, uploadIdGenerator, uploadTypeIdGenerator, uploadStatusIdGenerator, submissionIDGenerator, submissionStatusIdGenerator and submissionTypeIdGenerator.
Instantiate AbstractResourcePersistence with connectionFactory and connectionName[informix_connection].
load Resource role with ids:[J@d7ee98,[J@d7ee98,[J@d7ee98,[J@d7ee98,[J@d7ee98,[J@d7ee98,[J@d7ee98,[J@d7ee98,[J@d7ee98,[J@d7ee98,[J@d7ee98,[J@d7ee98,[J@d7ee98,[J@d7ee98,[J@d7ee98,[J@d7ee98,[J@d7ee98,[J@d7ee98,[J@d7ee98,[J@d7ee98,[J@d7ee98,[J@d7ee98
operator: UnknownresourceId: Unknown - creating db connection using connection name: informix_connection
committing transaction
Read propery[ConnectionFactoryNS] which is  required  with value[com.topcoder.db.connectionfactory.DBConnectionFactoryImpl] from namespace [com.topcoder.management.project.persistence.InformixProjectPersistence].
Read propery[ConnectionName] which is  optional  with value[informix_connection] from namespace [com.topcoder.management.project.persistence.InformixProjectPersistence].
Read propery[ProjectIdSequenceName] which is  optional  with value[project_id_seq] from namespace [com.topcoder.management.project.persistence.InformixProjectPersistence].
Read propery[ProjectAuditIdSequenceName] which is  optional  with value[project_audit_id_seq] from namespace [com.topcoder.management.project.persistence.InformixProjectPersistence].
Read propery[ConnectionFactoryNS] which is  required  with value[com.topcoder.db.connectionfactory.DBConnectionFactoryImpl] from namespace [com.topcoder.management.project.persistence.link.ProjectLinkManagerImpl].
Read propery[ConnectionName] which is  optional  with value[informix_connection] from namespace [com.topcoder.management.project.persistence.link.ProjectLinkManagerImpl].
read property ConnectionFactoryNS[com.topcoder.db.connectionfactory.DBConnectionFactoryImpl] from the namespace :com.topcoder.management.scorecard.persistence.InformixScorecardPersistence
read property ConnectionName[informix_connection] from the namespace :com.topcoder.management.scorecard.persistence.InformixScorecardPersistence
Instantiate SqlUploadPersistence with connectionFactory and connectioName:informix_connection
Instantiate PersistenceUploadManager with UploadPersistence, uploadSearchBundle, submissionSearchBundle, uploadIdGenerator, uploadTypeIdGenerator, uploadStatusIdGenerator, submissionIDGenerator, submissionStatusIdGenerator and submissionTypeIdGenerator.
Instantiate AbstractResourcePersistence with connectionFactory and connectionName[informix_connection].
load Resource role with ids:[J@1a142ec,[J@1a142ec,[J@1a142ec,[J@1a142ec,[J@1a142ec,[J@1a142ec,[J@1a142ec,[J@1a142ec,[J@1a142ec,[J@1a142ec,[J@1a142ec,[J@1a142ec,[J@1a142ec,[J@1a142ec,[J@1a142ec,[J@1a142ec,[J@1a142ec,[J@1a142ec,[J@1a142ec,[J@1a142ec,[J@1a142ec,[J@1a142ec
operator: UnknownresourceId: Unknown - creating db connection using connection name: informix_connection
committing transaction
type: Upload id: Unknown operator:Unknown - search submissions with filter. found: 2
load Resource with ids:[J@16fc94f,[J@16fc94f
operator: UnknownresourceId: Unknown - creating db connection using connection name: informix_connection
load ResourceRole with id:4
operator: UnknownresourceId: Unknown - creating db connection using connection name: informix_connection
committing transaction
load ResourceRole with id:4
operator: UnknownresourceId: Unknown - creating db connection using connection name: informix_connection
committing transaction
committing transaction
type: Submission id: 1 operator:1001 - update Submission.
type: Submission id: 1 operator:Unknown - Update Submission, it will update record in submission table.
create db connection using connection name:informix_connection
close the connection.
type: Submission id: 2 operator:1001 - update Submission.
type: Submission id: 2 operator:Unknown - Update Submission, it will update record in submission table.
create db connection using connection name:informix_connection
close the connection.
operator: UnknownresourceId: 4 - load resource.
operator: UnknownresourceId: Unknown - creating db connection using connection name: informix_connection
load ResourceRole with id:1
operator: UnknownresourceId: Unknown - creating db connection using connection name: informix_connection
committing transaction
committing transaction
operator: UnknownresourceId: 5 - load resource.
operator: UnknownresourceId: Unknown - creating db connection using connection name: informix_connection
load ResourceRole with id:1
operator: UnknownresourceId: Unknown - creating db connection using connection name: informix_connection
committing transaction
committing transaction
load Notifications with array of userIds/projectIds/notificationTypes.
operator: UnknownresourceId: Unknown - creating db connection using connection name: informix_connection
committing transaction
get projects with the ids: 1
operator: UnknownprojectId: Unknown - creating db connection using connection name: informix_connection
committing transaction
load Resource role with ids:[J@1a47927,[J@1a47927,[J@1a47927,[J@1a47927,[J@1a47927,[J@1a47927,[J@1a47927,[J@1a47927,[J@1a47927,[J@1a47927,[J@1a47927,[J@1a47927,[J@1a47927,[J@1a47927,[J@1a47927,[J@1a47927,[J@1a47927,[J@1a47927,[J@1a47927,[J@1a47927,[J@1a47927,[J@1a47927
operator: UnknownresourceId: Unknown - creating db connection using connection name: informix_connection
committing transaction
load Resource with ids:[J@3bb475,[J@3bb475,[J@3bb475
operator: UnknownresourceId: Unknown - creating db connection using connection name: informix_connection
load ResourceRole with id:4
operator: UnknownresourceId: Unknown - creating db connection using connection name: informix_connection
committing transaction
load ResourceRole with id:4
operator: UnknownresourceId: Unknown - creating db connection using connection name: informix_connection
committing transaction
load ResourceRole with id:4
operator: UnknownresourceId: Unknown - creating db connection using connection name: informix_connection
committing transaction
committing transaction
load Resource with ids:[J@bffcc0
operator: UnknownresourceId: Unknown - creating db connection using connection name: informix_connection
load ResourceRole with id:12
operator: UnknownresourceId: Unknown - creating db connection using connection name: informix_connection
committing transaction
committing transaction
load Resource with ids:[J@cd1779
operator: UnknownresourceId: Unknown - creating db connection using connection name: informix_connection
load ResourceRole with id:13
operator: UnknownresourceId: Unknown - creating db connection using connection name: informix_connection
committing transaction
committing transaction
load Resource with ids:[J@45acb5
operator: UnknownresourceId: Unknown - creating db connection using connection name: informix_connection
load ResourceRole with id:9
operator: UnknownresourceId: Unknown - creating db connection using connection name: informix_connection
committing transaction
committing transaction
load Resource with ids:[J@1a60b9a,[J@1a60b9a
operator: UnknownresourceId: Unknown - creating db connection using connection name: informix_connection
load ResourceRole with id:1
operator: UnknownresourceId: Unknown - creating db connection using connection name: informix_connection
committing transaction
load ResourceRole with id:1
operator: UnknownresourceId: Unknown - creating db connection using connection name: informix_connection
committing transaction
committing transaction
operator: UnknownresourceId: 6 - load resource.
operator: UnknownresourceId: Unknown - creating db connection using connection name: informix_connection
load ResourceRole with id:4
operator: UnknownresourceId: Unknown - creating db connection using connection name: informix_connection
committing transaction
committing transaction
operator: UnknownresourceId: 4 - load resource.
operator: UnknownresourceId: Unknown - creating db connection using connection name: informix_connection
load ResourceRole with id:1
operator: UnknownresourceId: Unknown - creating db connection using connection name: informix_connection
committing transaction
committing transaction
operator: UnknownresourceId: 100000 - load resource.
operator: UnknownresourceId: Unknown - creating db connection using connection name: informix_connection
load ResourceRole with id:13
operator: UnknownresourceId: Unknown - creating db connection using connection name: informix_connection
committing transaction
committing transaction
operator: UnknownresourceId: 7 - load resource.
operator: UnknownresourceId: Unknown - creating db connection using connection name: informix_connection
load ResourceRole with id:4
operator: UnknownresourceId: Unknown - creating db connection using connection name: informix_connection
committing transaction
committing transaction
operator: UnknownresourceId: 5 - load resource.
operator: UnknownresourceId: Unknown - creating db connection using connection name: informix_connection
load ResourceRole with id:1
operator: UnknownresourceId: Unknown - creating db connection using connection name: informix_connection
committing transaction
committing transaction
type: Upload id: Unknown operator:Unknown - search submissions with filter. found: 2
operator: UnknownresourceId: 4 - load resource.
operator: UnknownresourceId: Unknown - creating db connection using connection name: informix_connection
load ResourceRole with id:1
operator: UnknownresourceId: Unknown - creating db connection using connection name: informix_connection
committing transaction
committing transaction
operator: UnknownresourceId: 5 - load resource.
operator: UnknownresourceId: Unknown - creating db connection using connection name: informix_connection
load ResourceRole with id:1
operator: UnknownresourceId: Unknown - creating db connection using connection name: informix_connection
committing transaction
committing transaction
load Notifications with array of userIds/projectIds/notificationTypes.
operator: UnknownresourceId: Unknown - creating db connection using connection name: informix_connection
committing transaction
get projects with the ids: 1
operator: UnknownprojectId: Unknown - creating db connection using connection name: informix_connection
committing transaction
load Resource role with ids:[J@31bc4b,[J@31bc4b,[J@31bc4b,[J@31bc4b,[J@31bc4b,[J@31bc4b,[J@31bc4b,[J@31bc4b,[J@31bc4b,[J@31bc4b,[J@31bc4b,[J@31bc4b,[J@31bc4b,[J@31bc4b,[J@31bc4b,[J@31bc4b,[J@31bc4b,[J@31bc4b,[J@31bc4b,[J@31bc4b,[J@31bc4b,[J@31bc4b
operator: UnknownresourceId: Unknown - creating db connection using connection name: informix_connection
committing transaction
load Resource with ids:[J@1ba5edf,[J@1ba5edf,[J@1ba5edf
operator: UnknownresourceId: Unknown - creating db connection using connection name: informix_connection
load ResourceRole with id:4
operator: UnknownresourceId: Unknown - creating db connection using connection name: informix_connection
committing transaction
load ResourceRole with id:4
operator: UnknownresourceId: Unknown - creating db connection using connection name: informix_connection
committing transaction
load ResourceRole with id:4
operator: UnknownresourceId: Unknown - creating db connection using connection name: informix_connection
committing transaction
committing transaction
load Resource with ids:[J@1f35106
operator: UnknownresourceId: Unknown - creating db connection using connection name: informix_connection
load ResourceRole with id:12
operator: UnknownresourceId: Unknown - creating db connection using connection name: informix_connection
committing transaction
committing transaction
load Resource with ids:[J@1026d9f
operator: UnknownresourceId: Unknown - creating db connection using connection name: informix_connection
load ResourceRole with id:13
operator: UnknownresourceId: Unknown - creating db connection using connection name: informix_connection
committing transaction
committing transaction
load Resource with ids:[J@c1beab
operator: UnknownresourceId: Unknown - creating db connection using connection name: informix_connection
load ResourceRole with id:9
operator: UnknownresourceId: Unknown - creating db connection using connection name: informix_connection
committing transaction
committing transaction
load Resource with ids:[J@1e8d410,[J@1e8d410
operator: UnknownresourceId: Unknown - creating db connection using connection name: informix_connection
load ResourceRole with id:1
operator: UnknownresourceId: Unknown - creating db connection using connection name: informix_connection
committing transaction
load ResourceRole with id:1
operator: UnknownresourceId: Unknown - creating db connection using connection name: informix_connection
committing transaction
committing transaction
operator: UnknownresourceId: 6 - load resource.
operator: UnknownresourceId: Unknown - creating db connection using connection name: informix_connection
load ResourceRole with id:4
operator: UnknownresourceId: Unknown - creating db connection using connection name: informix_connection
committing transaction
committing transaction
operator: UnknownresourceId: 4 - load resource.
operator: UnknownresourceId: Unknown - creating db connection using connection name: informix_connection
load ResourceRole with id:1
operator: UnknownresourceId: Unknown - creating db connection using connection name: informix_connection
committing transaction
committing transaction
operator: UnknownresourceId: 100000 - load resource.
operator: UnknownresourceId: Unknown - creating db connection using connection name: informix_connection
load ResourceRole with id:13
operator: UnknownresourceId: Unknown - creating db connection using connection name: informix_connection
committing transaction
committing transaction
operator: UnknownresourceId: 7 - load resource.
operator: UnknownresourceId: Unknown - creating db connection using connection name: informix_connection
load ResourceRole with id:4
operator: UnknownresourceId: Unknown - creating db connection using connection name: informix_connection
committing transaction
committing transaction
operator: UnknownresourceId: 5 - load resource.
operator: UnknownresourceId: Unknown - creating db connection using connection name: informix_connection
load ResourceRole with id:1
operator: UnknownresourceId: Unknown - creating db connection using connection name: informix_connection
committing transaction
committing transaction
Read propery[ConnectionFactoryNS] which is  required  with value[com.topcoder.db.connectionfactory.DBConnectionFactoryImpl] from namespace [com.topcoder.management.project.persistence.InformixProjectPersistence].
Read propery[ConnectionName] which is  optional  with value[informix_connection] from namespace [com.topcoder.management.project.persistence.InformixProjectPersistence].
Read propery[ProjectIdSequenceName] which is  optional  with value[project_id_seq] from namespace [com.topcoder.management.project.persistence.InformixProjectPersistence].
Read propery[ProjectAuditIdSequenceName] which is  optional  with value[project_audit_id_seq] from namespace [com.topcoder.management.project.persistence.InformixProjectPersistence].
Read propery[ConnectionFactoryNS] which is  required  with value[com.topcoder.db.connectionfactory.DBConnectionFactoryImpl] from namespace [com.topcoder.management.project.persistence.link.ProjectLinkManagerImpl].
Read propery[ConnectionName] which is  optional  with value[informix_connection] from namespace [com.topcoder.management.project.persistence.link.ProjectLinkManagerImpl].
read property ConnectionFactoryNS[com.topcoder.db.connectionfactory.DBConnectionFactoryImpl] from the namespace :com.topcoder.management.scorecard.persistence.InformixScorecardPersistence
read property ConnectionName[informix_connection] from the namespace :com.topcoder.management.scorecard.persistence.InformixScorecardPersistence
Instantiate SqlUploadPersistence with connectionFactory and connectioName:informix_connection
Instantiate PersistenceUploadManager with UploadPersistence, uploadSearchBundle, submissionSearchBundle, uploadIdGenerator, uploadTypeIdGenerator, uploadStatusIdGenerator, submissionIDGenerator, submissionStatusIdGenerator and submissionTypeIdGenerator.
Instantiate AbstractResourcePersistence with connectionFactory and connectionName[informix_connection].
load Resource role with ids:[J@16e788c,[J@16e788c,[J@16e788c,[J@16e788c,[J@16e788c,[J@16e788c,[J@16e788c,[J@16e788c,[J@16e788c,[J@16e788c,[J@16e788c,[J@16e788c,[J@16e788c,[J@16e788c,[J@16e788c,[J@16e788c,[J@16e788c,[J@16e788c,[J@16e788c,[J@16e788c,[J@16e788c,[J@16e788c
operator: UnknownresourceId: Unknown - creating db connection using connection name: informix_connection
committing transaction
type: Upload id: Unknown operator:Unknown - search submissions with filter. found: 0
Read propery[ConnectionFactoryNS] which is  required  with value[com.topcoder.db.connectionfactory.DBConnectionFactoryImpl] from namespace [com.topcoder.management.project.persistence.InformixProjectPersistence].
Read propery[ConnectionName] which is  optional  with value[informix_connection] from namespace [com.topcoder.management.project.persistence.InformixProjectPersistence].
Read propery[ProjectIdSequenceName] which is  optional  with value[project_id_seq] from namespace [com.topcoder.management.project.persistence.InformixProjectPersistence].
Read propery[ProjectAuditIdSequenceName] which is  optional  with value[project_audit_id_seq] from namespace [com.topcoder.management.project.persistence.InformixProjectPersistence].
Read propery[ConnectionFactoryNS] which is  required  with value[com.topcoder.db.connectionfactory.DBConnectionFactoryImpl] from namespace [com.topcoder.management.project.persistence.link.ProjectLinkManagerImpl].
Read propery[ConnectionName] which is  optional  with value[informix_connection] from namespace [com.topcoder.management.project.persistence.link.ProjectLinkManagerImpl].
read property ConnectionFactoryNS[com.topcoder.db.connectionfactory.DBConnectionFactoryImpl] from the namespace :com.topcoder.management.scorecard.persistence.InformixScorecardPersistence
read property ConnectionName[informix_connection] from the namespace :com.topcoder.management.scorecard.persistence.InformixScorecardPersistence
Instantiate SqlUploadPersistence with connectionFactory and connectioName:informix_connection
Instantiate PersistenceUploadManager with UploadPersistence, uploadSearchBundle, submissionSearchBundle, uploadIdGenerator, uploadTypeIdGenerator, uploadStatusIdGenerator, submissionIDGenerator, submissionStatusIdGenerator and submissionTypeIdGenerator.
Instantiate AbstractResourcePersistence with connectionFactory and connectionName[informix_connection].
load Resource role with ids:[J@1f4b610,[J@1f4b610,[J@1f4b610,[J@1f4b610,[J@1f4b610,[J@1f4b610,[J@1f4b610,[J@1f4b610,[J@1f4b610,[J@1f4b610,[J@1f4b610,[J@1f4b610,[J@1f4b610,[J@1f4b610,[J@1f4b610,[J@1f4b610,[J@1f4b610,[J@1f4b610,[J@1f4b610,[J@1f4b610,[J@1f4b610,[J@1f4b610
operator: UnknownresourceId: Unknown - creating db connection using connection name: informix_connection
committing transaction
type: Upload id: Unknown operator:Unknown - search submissions with filter. found: 0
get projects with the ids: 1
operator: UnknownprojectId: Unknown - creating db connection using connection name: informix_connection
committing transaction
load Resource role with ids:[J@8c491e,[J@8c491e,[J@8c491e,[J@8c491e,[J@8c491e,[J@8c491e,[J@8c491e,[J@8c491e,[J@8c491e,[J@8c491e,[J@8c491e,[J@8c491e,[J@8c491e,[J@8c491e,[J@8c491e,[J@8c491e,[J@8c491e,[J@8c491e,[J@8c491e,[J@8c491e,[J@8c491e,[J@8c491e
operator: UnknownresourceId: Unknown - creating db connection using connection name: informix_connection
committing transaction
type: Upload id: Unknown operator:Unknown - search submissions with filter. found: 0
get projects with the ids: 1
operator: UnknownprojectId: Unknown - creating db connection using connection name: informix_connection
committing transaction
load Resource role with ids:[J@1a05c93,[J@1a05c93,[J@1a05c93,[J@1a05c93,[J@1a05c93,[J@1a05c93,[J@1a05c93,[J@1a05c93,[J@1a05c93,[J@1a05c93,[J@1a05c93,[J@1a05c93,[J@1a05c93,[J@1a05c93,[J@1a05c93,[J@1a05c93,[J@1a05c93,[J@1a05c93,[J@1a05c93,[J@1a05c93,[J@1a05c93,[J@1a05c93
operator: UnknownresourceId: Unknown - creating db connection using connection name: informix_connection
committing transaction
Read propery[ConnectionFactoryNS] which is  required  with value[com.topcoder.db.connectionfactory.DBConnectionFactoryImpl] from namespace [com.topcoder.management.project.persistence.InformixProjectPersistence].
Read propery[ConnectionName] which is  optional  with value[informix_connection] from namespace [com.topcoder.management.project.persistence.InformixProjectPersistence].
Read propery[ProjectIdSequenceName] which is  optional  with value[project_id_seq] from namespace [com.topcoder.management.project.persistence.InformixProjectPersistence].
Read propery[ProjectAuditIdSequenceName] which is  optional  with value[project_audit_id_seq] from namespace [com.topcoder.management.project.persistence.InformixProjectPersistence].
Read propery[ConnectionFactoryNS] which is  required  with value[com.topcoder.db.connectionfactory.DBConnectionFactoryImpl] from namespace [com.topcoder.management.project.persistence.link.ProjectLinkManagerImpl].
Read propery[ConnectionName] which is  optional  with value[informix_connection] from namespace [com.topcoder.management.project.persistence.link.ProjectLinkManagerImpl].
read property ConnectionFactoryNS[com.topcoder.db.connectionfactory.DBConnectionFactoryImpl] from the namespace :com.topcoder.management.scorecard.persistence.InformixScorecardPersistence
read property ConnectionName[informix_connection] from the namespace :com.topcoder.management.scorecard.persistence.InformixScorecardPersistence
Instantiate SqlUploadPersistence with connectionFactory and connectioName:informix_connection
Instantiate PersistenceUploadManager with UploadPersistence, uploadSearchBundle, submissionSearchBundle, uploadIdGenerator, uploadTypeIdGenerator, uploadStatusIdGenerator, submissionIDGenerator, submissionStatusIdGenerator and submissionTypeIdGenerator.
Instantiate AbstractResourcePersistence with connectionFactory and connectionName[informix_connection].
load Resource role with ids:[J@480174,[J@480174,[J@480174,[J@480174,[J@480174,[J@480174,[J@480174,[J@480174,[J@480174,[J@480174,[J@480174,[J@480174,[J@480174,[J@480174,[J@480174,[J@480174,[J@480174,[J@480174,[J@480174,[J@480174,[J@480174,[J@480174
operator: UnknownresourceId: Unknown - creating db connection using connection name: informix_connection
committing transaction
Read propery[ConnectionFactoryNS] which is  required  with value[com.topcoder.db.connectionfactory.DBConnectionFactoryImpl] from namespace [com.topcoder.management.project.persistence.InformixProjectPersistence].
Read propery[ConnectionName] which is  optional  with value[informix_connection] from namespace [com.topcoder.management.project.persistence.InformixProjectPersistence].
Read propery[ProjectIdSequenceName] which is  optional  with value[project_id_seq] from namespace [com.topcoder.management.project.persistence.InformixProjectPersistence].
Read propery[ProjectAuditIdSequenceName] which is  optional  with value[project_audit_id_seq] from namespace [com.topcoder.management.project.persistence.InformixProjectPersistence].
Read propery[ConnectionFactoryNS] which is  required  with value[com.topcoder.db.connectionfactory.DBConnectionFactoryImpl] from namespace [com.topcoder.management.project.persistence.link.ProjectLinkManagerImpl].
Read propery[ConnectionName] which is  optional  with value[informix_connection] from namespace [com.topcoder.management.project.persistence.link.ProjectLinkManagerImpl].
read property ConnectionFactoryNS[com.topcoder.db.connectionfactory.DBConnectionFactoryImpl] from the namespace :com.topcoder.management.scorecard.persistence.InformixScorecardPersistence
read property ConnectionName[informix_connection] from the namespace :com.topcoder.management.scorecard.persistence.InformixScorecardPersistence
Instantiate SqlUploadPersistence with connectionFactory and connectioName:informix_connection
Instantiate PersistenceUploadManager with UploadPersistence, uploadSearchBundle, submissionSearchBundle, uploadIdGenerator, uploadTypeIdGenerator, uploadStatusIdGenerator, submissionIDGenerator, submissionStatusIdGenerator and submissionTypeIdGenerator.
Instantiate AbstractResourcePersistence with connectionFactory and connectionName[informix_connection].
load Resource role with ids:[J@b2b9ec,[J@b2b9ec,[J@b2b9ec,[J@b2b9ec,[J@b2b9ec,[J@b2b9ec,[J@b2b9ec,[J@b2b9ec,[J@b2b9ec,[J@b2b9ec,[J@b2b9ec,[J@b2b9ec,[J@b2b9ec,[J@b2b9ec,[J@b2b9ec,[J@b2b9ec,[J@b2b9ec,[J@b2b9ec,[J@b2b9ec,[J@b2b9ec,[J@b2b9ec,[J@b2b9ec
operator: UnknownresourceId: Unknown - creating db connection using connection name: informix_connection
committing transaction
type: Upload id: Unknown operator:Unknown - search submissions with filter. found: 2
load Resource with ids:[J@15635fa,[J@15635fa
operator: UnknownresourceId: Unknown - creating db connection using connection name: informix_connection
load ResourceRole with id:4
operator: UnknownresourceId: Unknown - creating db connection using connection name: informix_connection
committing transaction
load ResourceRole with id:4
operator: UnknownresourceId: Unknown - creating db connection using connection name: informix_connection
committing transaction
committing transaction
type: Submission id: 1 operator:1001 - update Submission.
type: Submission id: 1 operator:Unknown - Update Submission, it will update record in submission table.
create db connection using connection name:informix_connection
close the connection.
type: Submission id: 2 operator:1001 - update Submission.
type: Submission id: 2 operator:Unknown - Update Submission, it will update record in submission table.
create db connection using connection name:informix_connection
close the connection.
operator: UnknownresourceId: 4 - load resource.
operator: UnknownresourceId: Unknown - creating db connection using connection name: informix_connection
load ResourceRole with id:1
operator: UnknownresourceId: Unknown - creating db connection using connection name: informix_connection
committing transaction
committing transaction
operator: UnknownresourceId: 5 - load resource.
operator: UnknownresourceId: Unknown - creating db connection using connection name: informix_connection
load ResourceRole with id:1
operator: UnknownresourceId: Unknown - creating db connection using connection name: informix_connection
committing transaction
committing transaction
load Notifications with array of userIds/projectIds/notificationTypes.
operator: UnknownresourceId: Unknown - creating db connection using connection name: informix_connection
committing transaction
get projects with the ids: 1
operator: UnknownprojectId: Unknown - creating db connection using connection name: informix_connection
committing transaction
load Resource role with ids:[J@1331ce6,[J@1331ce6,[J@1331ce6,[J@1331ce6,[J@1331ce6,[J@1331ce6,[J@1331ce6,[J@1331ce6,[J@1331ce6,[J@1331ce6,[J@1331ce6,[J@1331ce6,[J@1331ce6,[J@1331ce6,[J@1331ce6,[J@1331ce6,[J@1331ce6,[J@1331ce6,[J@1331ce6,[J@1331ce6,[J@1331ce6,[J@1331ce6
operator: UnknownresourceId: Unknown - creating db connection using connection name: informix_connection
committing transaction
load Resource with ids:[J@1fc5c47,[J@1fc5c47,[J@1fc5c47
operator: UnknownresourceId: Unknown - creating db connection using connection name: informix_connection
load ResourceRole with id:4
operator: UnknownresourceId: Unknown - creating db connection using connection name: informix_connection
committing transaction
load ResourceRole with id:4
operator: UnknownresourceId: Unknown - creating db connection using connection name: informix_connection
committing transaction
load ResourceRole with id:4
operator: UnknownresourceId: Unknown - creating db connection using connection name: informix_connection
committing transaction
committing transaction
load Resource with ids:[J@9470b7
operator: UnknownresourceId: Unknown - creating db connection using connection name: informix_connection
load ResourceRole with id:12
operator: UnknownresourceId: Unknown - creating db connection using connection name: informix_connection
committing transaction
committing transaction
load Resource with ids:[J@b66478
operator: UnknownresourceId: Unknown - creating db connection using connection name: informix_connection
load ResourceRole with id:13
operator: UnknownresourceId: Unknown - creating db connection using connection name: informix_connection
committing transaction
committing transaction
load Resource with ids:[J@16244b4
operator: UnknownresourceId: Unknown - creating db connection using connection name: informix_connection
load ResourceRole with id:9
operator: UnknownresourceId: Unknown - creating db connection using connection name: informix_connection
committing transaction
committing transaction
load Resource with ids:[J@11eaca2,[J@11eaca2
operator: UnknownresourceId: Unknown - creating db connection using connection name: informix_connection
load ResourceRole with id:1
operator: UnknownresourceId: Unknown - creating db connection using connection name: informix_connection
committing transaction
load ResourceRole with id:1
operator: UnknownresourceId: Unknown - creating db connection using connection name: informix_connection
committing transaction
committing transaction
operator: UnknownresourceId: 6 - load resource.
operator: UnknownresourceId: Unknown - creating db connection using connection name: informix_connection
load ResourceRole with id:4
operator: UnknownresourceId: Unknown - creating db connection using connection name: informix_connection
committing transaction
committing transaction
operator: UnknownresourceId: 4 - load resource.
operator: UnknownresourceId: Unknown - creating db connection using connection name: informix_connection
load ResourceRole with id:1
operator: UnknownresourceId: Unknown - creating db connection using connection name: informix_connection
committing transaction
committing transaction
operator: UnknownresourceId: 100000 - load resource.
operator: UnknownresourceId: Unknown - creating db connection using connection name: informix_connection
load ResourceRole with id:13
operator: UnknownresourceId: Unknown - creating db connection using connection name: informix_connection
committing transaction
committing transaction
operator: UnknownresourceId: 7 - load resource.
operator: UnknownresourceId: Unknown - creating db connection using connection name: informix_connection
load ResourceRole with id:4
operator: UnknownresourceId: Unknown - creating db connection using connection name: informix_connection
committing transaction
committing transaction
operator: UnknownresourceId: 5 - load resource.
operator: UnknownresourceId: Unknown - creating db connection using connection name: informix_connection
load ResourceRole with id:1
operator: UnknownresourceId: Unknown - creating db connection using connection name: informix_connection
committing transaction
committing transaction
type: Upload id: Unknown operator:Unknown - search submissions with filter. found: 2
operator: UnknownresourceId: 4 - load resource.
operator: UnknownresourceId: Unknown - creating db connection using connection name: informix_connection
load ResourceRole with id:1
operator: UnknownresourceId: Unknown - creating db connection using connection name: informix_connection
committing transaction
committing transaction
operator: UnknownresourceId: 5 - load resource.
operator: UnknownresourceId: Unknown - creating db connection using connection name: informix_connection
load ResourceRole with id:1
operator: UnknownresourceId: Unknown - creating db connection using connection name: informix_connection
committing transaction
committing transaction
load Notifications with array of userIds/projectIds/notificationTypes.
operator: UnknownresourceId: Unknown - creating db connection using connection name: informix_connection
committing transaction
get projects with the ids: 1
operator: UnknownprojectId: Unknown - creating db connection using connection name: informix_connection
committing transaction
load Resource role with ids:[J@1a78787,[J@1a78787,[J@1a78787,[J@1a78787,[J@1a78787,[J@1a78787,[J@1a78787,[J@1a78787,[J@1a78787,[J@1a78787,[J@1a78787,[J@1a78787,[J@1a78787,[J@1a78787,[J@1a78787,[J@1a78787,[J@1a78787,[J@1a78787,[J@1a78787,[J@1a78787,[J@1a78787,[J@1a78787
operator: UnknownresourceId: Unknown - creating db connection using connection name: informix_connection
committing transaction
load Resource with ids:[J@a3129d,[J@a3129d,[J@a3129d
operator: UnknownresourceId: Unknown - creating db connection using connection name: informix_connection
load ResourceRole with id:4
operator: UnknownresourceId: Unknown - creating db connection using connection name: informix_connection
committing transaction
load ResourceRole with id:4
operator: UnknownresourceId: Unknown - creating db connection using connection name: informix_connection
committing transaction
load ResourceRole with id:4
operator: UnknownresourceId: Unknown - creating db connection using connection name: informix_connection
committing transaction
committing transaction
load Resource with ids:[J@1ce79b8
operator: UnknownresourceId: Unknown - creating db connection using connection name: informix_connection
load ResourceRole with id:12
operator: UnknownresourceId: Unknown - creating db connection using connection name: informix_connection
committing transaction
committing transaction
load Resource with ids:[J@123b8f7
operator: UnknownresourceId: Unknown - creating db connection using connection name: informix_connection
load ResourceRole with id:13
operator: UnknownresourceId: Unknown - creating db connection using connection name: informix_connection
committing transaction
committing transaction
load Resource with ids:[J@d09341
operator: UnknownresourceId: Unknown - creating db connection using connection name: informix_connection
load ResourceRole with id:9
operator: UnknownresourceId: Unknown - creating db connection using connection name: informix_connection
committing transaction
committing transaction
load Resource with ids:[J@1546fcd,[J@1546fcd
operator: UnknownresourceId: Unknown - creating db connection using connection name: informix_connection
load ResourceRole with id:1
operator: UnknownresourceId: Unknown - creating db connection using connection name: informix_connection
committing transaction
load ResourceRole with id:1
operator: UnknownresourceId: Unknown - creating db connection using connection name: informix_connection
committing transaction
committing transaction
operator: UnknownresourceId: 6 - load resource.
operator: UnknownresourceId: Unknown - creating db connection using connection name: informix_connection
load ResourceRole with id:4
operator: UnknownresourceId: Unknown - creating db connection using connection name: informix_connection
committing transaction
committing transaction
operator: UnknownresourceId: 4 - load resource.
operator: UnknownresourceId: Unknown - creating db connection using connection name: informix_connection
load ResourceRole with id:1
operator: UnknownresourceId: Unknown - creating db connection using connection name: informix_connection
committing transaction
committing transaction
operator: UnknownresourceId: 100000 - load resource.
operator: UnknownresourceId: Unknown - creating db connection using connection name: informix_connection
load ResourceRole with id:13
operator: UnknownresourceId: Unknown - creating db connection using connection name: informix_connection
committing transaction
committing transaction
operator: UnknownresourceId: 7 - load resource.
operator: UnknownresourceId: Unknown - creating db connection using connection name: informix_connection
load ResourceRole with id:4
operator: UnknownresourceId: Unknown - creating db connection using connection name: informix_connection
committing transaction
committing transaction
operator: UnknownresourceId: 5 - load resource.
operator: UnknownresourceId: Unknown - creating db connection using connection name: informix_connection
load ResourceRole with id:1
operator: UnknownresourceId: Unknown - creating db connection using connection name: informix_connection
committing transaction
committing transaction
Read propery[ConnectionFactoryNS] which is  required  with value[com.topcoder.db.connectionfactory.DBConnectionFactoryImpl] from namespace [com.topcoder.management.project.persistence.InformixProjectPersistence].
Read propery[ConnectionName] which is  optional  with value[informix_connection] from namespace [com.topcoder.management.project.persistence.InformixProjectPersistence].
Read propery[ProjectIdSequenceName] which is  optional  with value[project_id_seq] from namespace [com.topcoder.management.project.persistence.InformixProjectPersistence].
Read propery[ProjectAuditIdSequenceName] which is  optional  with value[project_audit_id_seq] from namespace [com.topcoder.management.project.persistence.InformixProjectPersistence].
Read propery[ConnectionFactoryNS] which is  required  with value[com.topcoder.db.connectionfactory.DBConnectionFactoryImpl] from namespace [com.topcoder.management.project.persistence.link.ProjectLinkManagerImpl].
Read propery[ConnectionName] which is  optional  with value[informix_connection] from namespace [com.topcoder.management.project.persistence.link.ProjectLinkManagerImpl].
read property ConnectionFactoryNS[com.topcoder.db.connectionfactory.DBConnectionFactoryImpl] from the namespace :com.topcoder.management.scorecard.persistence.InformixScorecardPersistence
read property ConnectionName[informix_connection] from the namespace :com.topcoder.management.scorecard.persistence.InformixScorecardPersistence
Instantiate SqlUploadPersistence with connectionFactory and connectioName:informix_connection
Instantiate PersistenceUploadManager with UploadPersistence, uploadSearchBundle, submissionSearchBundle, uploadIdGenerator, uploadTypeIdGenerator, uploadStatusIdGenerator, submissionIDGenerator, submissionStatusIdGenerator and submissionTypeIdGenerator.
Instantiate AbstractResourcePersistence with connectionFactory and connectionName[informix_connection].
load Resource role with ids:[J@1b63bc9,[J@1b63bc9,[J@1b63bc9,[J@1b63bc9,[J@1b63bc9,[J@1b63bc9,[J@1b63bc9,[J@1b63bc9,[J@1b63bc9,[J@1b63bc9,[J@1b63bc9,[J@1b63bc9,[J@1b63bc9,[J@1b63bc9,[J@1b63bc9,[J@1b63bc9,[J@1b63bc9,[J@1b63bc9,[J@1b63bc9,[J@1b63bc9,[J@1b63bc9,[J@1b63bc9
operator: UnknownresourceId: Unknown - creating db connection using connection name: informix_connection
committing transaction
Read propery[ConnectionFactoryNS] which is  required  with value[com.topcoder.db.connectionfactory.DBConnectionFactoryImpl] from namespace [com.topcoder.management.project.persistence.InformixProjectPersistence].
Read propery[ConnectionName] which is  optional  with value[informix_connection] from namespace [com.topcoder.management.project.persistence.InformixProjectPersistence].
Read propery[ProjectIdSequenceName] which is  optional  with value[project_id_seq] from namespace [com.topcoder.management.project.persistence.InformixProjectPersistence].
Read propery[ProjectAuditIdSequenceName] which is  optional  with value[project_audit_id_seq] from namespace [com.topcoder.management.project.persistence.InformixProjectPersistence].
Read propery[ConnectionFactoryNS] which is  required  with value[com.topcoder.db.connectionfactory.DBConnectionFactoryImpl] from namespace [com.topcoder.management.project.persistence.link.ProjectLinkManagerImpl].
Read propery[ConnectionName] which is  optional  with value[informix_connection] from namespace [com.topcoder.management.project.persistence.link.ProjectLinkManagerImpl].
read property ConnectionFactoryNS[com.topcoder.db.connectionfactory.DBConnectionFactoryImpl] from the namespace :com.topcoder.management.scorecard.persistence.InformixScorecardPersistence
read property ConnectionName[informix_connection] from the namespace :com.topcoder.management.scorecard.persistence.InformixScorecardPersistence
Instantiate SqlUploadPersistence with connectionFactory and connectioName:informix_connection
Instantiate PersistenceUploadManager with UploadPersistence, uploadSearchBundle, submissionSearchBundle, uploadIdGenerator, uploadTypeIdGenerator, uploadStatusIdGenerator, submissionIDGenerator, submissionStatusIdGenerator and submissionTypeIdGenerator.
Instantiate AbstractResourcePersistence with connectionFactory and connectionName[informix_connection].
load Resource role with ids:[J@218e19,[J@218e19,[J@218e19,[J@218e19,[J@218e19,[J@218e19,[J@218e19,[J@218e19,[J@218e19,[J@218e19,[J@218e19,[J@218e19,[J@218e19,[J@218e19,[J@218e19,[J@218e19,[J@218e19,[J@218e19,[J@218e19,[J@218e19,[J@218e19,[J@218e19
operator: UnknownresourceId: Unknown - creating db connection using connection name: informix_connection
committing transaction
Read propery[ConnectionFactoryNS] which is  required  with value[com.topcoder.db.connectionfactory.DBConnectionFactoryImpl] from namespace [com.topcoder.management.project.persistence.InformixProjectPersistence].
Read propery[ConnectionName] which is  optional  with value[informix_connection] from namespace [com.topcoder.management.project.persistence.InformixProjectPersistence].
Read propery[ProjectIdSequenceName] which is  optional  with value[project_id_seq] from namespace [com.topcoder.management.project.persistence.InformixProjectPersistence].
Read propery[ProjectAuditIdSequenceName] which is  optional  with value[project_audit_id_seq] from namespace [com.topcoder.management.project.persistence.InformixProjectPersistence].
Read propery[ConnectionFactoryNS] which is  required  with value[com.topcoder.db.connectionfactory.DBConnectionFactoryImpl] from namespace [com.topcoder.management.project.persistence.link.ProjectLinkManagerImpl].
Read propery[ConnectionName] which is  optional  with value[informix_connection] from namespace [com.topcoder.management.project.persistence.link.ProjectLinkManagerImpl].
read property ConnectionFactoryNS[com.topcoder.db.connectionfactory.DBConnectionFactoryImpl] from the namespace :com.topcoder.management.scorecard.persistence.InformixScorecardPersistence
read property ConnectionName[informix_connection] from the namespace :com.topcoder.management.scorecard.persistence.InformixScorecardPersistence
Instantiate SqlUploadPersistence with connectionFactory and connectioName:informix_connection
Instantiate PersistenceUploadManager with UploadPersistence, uploadSearchBundle, submissionSearchBundle, uploadIdGenerator, uploadTypeIdGenerator, uploadStatusIdGenerator, submissionIDGenerator, submissionStatusIdGenerator and submissionTypeIdGenerator.
Instantiate AbstractResourcePersistence with connectionFactory and connectionName[informix_connection].
load Resource role with ids:[J@cfa5c1,[J@cfa5c1,[J@cfa5c1,[J@cfa5c1,[J@cfa5c1,[J@cfa5c1,[J@cfa5c1,[J@cfa5c1,[J@cfa5c1,[J@cfa5c1,[J@cfa5c1,[J@cfa5c1,[J@cfa5c1,[J@cfa5c1,[J@cfa5c1,[J@cfa5c1,[J@cfa5c1,[J@cfa5c1,[J@cfa5c1,[J@cfa5c1,[J@cfa5c1,[J@cfa5c1
operator: UnknownresourceId: Unknown - creating db connection using connection name: informix_connection
committing transaction
Read propery[ConnectionFactoryNS] which is  required  with value[com.topcoder.db.connectionfactory.DBConnectionFactoryImpl] from namespace [com.topcoder.management.project.persistence.InformixProjectPersistence].
Read propery[ConnectionName] which is  optional  with value[informix_connection] from namespace [com.topcoder.management.project.persistence.InformixProjectPersistence].
Read propery[ProjectIdSequenceName] which is  optional  with value[project_id_seq] from namespace [com.topcoder.management.project.persistence.InformixProjectPersistence].
Read propery[ProjectAuditIdSequenceName] which is  optional  with value[project_audit_id_seq] from namespace [com.topcoder.management.project.persistence.InformixProjectPersistence].
Read propery[ConnectionFactoryNS] which is  required  with value[com.topcoder.db.connectionfactory.DBConnectionFactoryImpl] from namespace [com.topcoder.management.project.persistence.link.ProjectLinkManagerImpl].
Read propery[ConnectionName] which is  optional  with value[informix_connection] from namespace [com.topcoder.management.project.persistence.link.ProjectLinkManagerImpl].
read property ConnectionFactoryNS[com.topcoder.db.connectionfactory.DBConnectionFactoryImpl] from the namespace :com.topcoder.management.scorecard.persistence.InformixScorecardPersistence
read property ConnectionName[informix_connection] from the namespace :com.topcoder.management.scorecard.persistence.InformixScorecardPersistence
Instantiate SqlUploadPersistence with connectionFactory and connectioName:informix_connection
Instantiate PersistenceUploadManager with UploadPersistence, uploadSearchBundle, submissionSearchBundle, uploadIdGenerator, uploadTypeIdGenerator, uploadStatusIdGenerator, submissionIDGenerator, submissionStatusIdGenerator and submissionTypeIdGenerator.
Instantiate AbstractResourcePersistence with connectionFactory and connectionName[informix_connection].
load Resource role with ids:[J@114ca44,[J@114ca44,[J@114ca44,[J@114ca44,[J@114ca44,[J@114ca44,[J@114ca44,[J@114ca44,[J@114ca44,[J@114ca44,[J@114ca44,[J@114ca44,[J@114ca44,[J@114ca44,[J@114ca44,[J@114ca44,[J@114ca44,[J@114ca44,[J@114ca44,[J@114ca44,[J@114ca44,[J@114ca44
operator: UnknownresourceId: Unknown - creating db connection using connection name: informix_connection
committing transaction
Read propery[ConnectionFactoryNS] which is  required  with value[com.topcoder.db.connectionfactory.DBConnectionFactoryImpl] from namespace [com.topcoder.management.project.persistence.InformixProjectPersistence].
Read propery[ConnectionName] which is  optional  with value[informix_connection] from namespace [com.topcoder.management.project.persistence.InformixProjectPersistence].
Read propery[ProjectIdSequenceName] which is  optional  with value[project_id_seq] from namespace [com.topcoder.management.project.persistence.InformixProjectPersistence].
Read propery[ProjectAuditIdSequenceName] which is  optional  with value[project_audit_id_seq] from namespace [com.topcoder.management.project.persistence.InformixProjectPersistence].
Read propery[ConnectionFactoryNS] which is  required  with value[com.topcoder.db.connectionfactory.DBConnectionFactoryImpl] from namespace [com.topcoder.management.project.persistence.link.ProjectLinkManagerImpl].
Read propery[ConnectionName] which is  optional  with value[informix_connection] from namespace [com.topcoder.management.project.persistence.link.ProjectLinkManagerImpl].
read property ConnectionFactoryNS[com.topcoder.db.connectionfactory.DBConnectionFactoryImpl] from the namespace :com.topcoder.management.scorecard.persistence.InformixScorecardPersistence
read property ConnectionName[informix_connection] from the namespace :com.topcoder.management.scorecard.persistence.InformixScorecardPersistence
Instantiate SqlUploadPersistence with connectionFactory and connectioName:informix_connection
Instantiate PersistenceUploadManager with UploadPersistence, uploadSearchBundle, submissionSearchBundle, uploadIdGenerator, uploadTypeIdGenerator, uploadStatusIdGenerator, submissionIDGenerator, submissionStatusIdGenerator and submissionTypeIdGenerator.
Instantiate AbstractResourcePersistence with connectionFactory and connectionName[informix_connection].
load Resource role with ids:[J@142f67d,[J@142f67d,[J@142f67d,[J@142f67d,[J@142f67d,[J@142f67d,[J@142f67d,[J@142f67d,[J@142f67d,[J@142f67d,[J@142f67d,[J@142f67d,[J@142f67d,[J@142f67d,[J@142f67d,[J@142f67d,[J@142f67d,[J@142f67d,[J@142f67d,[J@142f67d,[J@142f67d,[J@142f67d
operator: UnknownresourceId: Unknown - creating db connection using connection name: informix_connection
committing transaction
Read propery[ConnectionFactoryNS] which is  required  with value[com.topcoder.db.connectionfactory.DBConnectionFactoryImpl] from namespace [com.topcoder.management.project.persistence.InformixProjectPersistence].
Read propery[ConnectionName] which is  optional  with value[informix_connection] from namespace [com.topcoder.management.project.persistence.InformixProjectPersistence].
Read propery[ProjectIdSequenceName] which is  optional  with value[project_id_seq] from namespace [com.topcoder.management.project.persistence.InformixProjectPersistence].
Read propery[ProjectAuditIdSequenceName] which is  optional  with value[project_audit_id_seq] from namespace [com.topcoder.management.project.persistence.InformixProjectPersistence].
Read propery[ConnectionFactoryNS] which is  required  with value[com.topcoder.db.connectionfactory.DBConnectionFactoryImpl] from namespace [com.topcoder.management.project.persistence.link.ProjectLinkManagerImpl].
Read propery[ConnectionName] which is  optional  with value[informix_connection] from namespace [com.topcoder.management.project.persistence.link.ProjectLinkManagerImpl].
read property ConnectionFactoryNS[com.topcoder.db.connectionfactory.DBConnectionFactoryImpl] from the namespace :com.topcoder.management.scorecard.persistence.InformixScorecardPersistence
read property ConnectionName[informix_connection] from the namespace :com.topcoder.management.scorecard.persistence.InformixScorecardPersistence
Instantiate SqlUploadPersistence with connectionFactory and connectioName:informix_connection
Instantiate PersistenceUploadManager with UploadPersistence, uploadSearchBundle, submissionSearchBundle, uploadIdGenerator, uploadTypeIdGenerator, uploadStatusIdGenerator, submissionIDGenerator, submissionStatusIdGenerator and submissionTypeIdGenerator.
Instantiate AbstractResourcePersistence with connectionFactory and connectionName[informix_connection].
load Resource role with ids:[J@159990e,[J@159990e,[J@159990e,[J@159990e,[J@159990e,[J@159990e,[J@159990e,[J@159990e,[J@159990e,[J@159990e,[J@159990e,[J@159990e,[J@159990e,[J@159990e,[J@159990e,[J@159990e,[J@159990e,[J@159990e,[J@159990e,[J@159990e,[J@159990e,[J@159990e
operator: UnknownresourceId: Unknown - creating db connection using connection name: informix_connection
committing transaction
Read propery[ConnectionFactoryNS] which is  required  with value[com.topcoder.db.connectionfactory.DBConnectionFactoryImpl] from namespace [com.topcoder.management.project.persistence.InformixProjectPersistence].
Read propery[ConnectionName] which is  optional  with value[informix_connection] from namespace [com.topcoder.management.project.persistence.InformixProjectPersistence].
Read propery[ProjectIdSequenceName] which is  optional  with value[project_id_seq] from namespace [com.topcoder.management.project.persistence.InformixProjectPersistence].
Read propery[ProjectAuditIdSequenceName] which is  optional  with value[project_audit_id_seq] from namespace [com.topcoder.management.project.persistence.InformixProjectPersistence].
Read propery[ConnectionFactoryNS] which is  required  with value[com.topcoder.db.connectionfactory.DBConnectionFactoryImpl] from namespace [com.topcoder.management.project.persistence.link.ProjectLinkManagerImpl].
Read propery[ConnectionName] which is  optional  with value[informix_connection] from namespace [com.topcoder.management.project.persistence.link.ProjectLinkManagerImpl].
read property ConnectionFactoryNS[com.topcoder.db.connectionfactory.DBConnectionFactoryImpl] from the namespace :com.topcoder.management.scorecard.persistence.InformixScorecardPersistence
read property ConnectionName[informix_connection] from the namespace :com.topcoder.management.scorecard.persistence.InformixScorecardPersistence
Instantiate SqlUploadPersistence with connectionFactory and connectioName:informix_connection
Instantiate PersistenceUploadManager with UploadPersistence, uploadSearchBundle, submissionSearchBundle, uploadIdGenerator, uploadTypeIdGenerator, uploadStatusIdGenerator, submissionIDGenerator, submissionStatusIdGenerator and submissionTypeIdGenerator.
Instantiate AbstractResourcePersistence with connectionFactory and connectionName[informix_connection].
load Resource role with ids:[J@18acf07,[J@18acf07,[J@18acf07,[J@18acf07,[J@18acf07,[J@18acf07,[J@18acf07,[J@18acf07,[J@18acf07,[J@18acf07,[J@18acf07,[J@18acf07,[J@18acf07,[J@18acf07,[J@18acf07,[J@18acf07,[J@18acf07,[J@18acf07,[J@18acf07,[J@18acf07,[J@18acf07,[J@18acf07
operator: UnknownresourceId: Unknown - creating db connection using connection name: informix_connection
committing transaction
Read propery[ConnectionFactoryNS] which is  required  with value[com.topcoder.db.connectionfactory.DBConnectionFactoryImpl] from namespace [com.topcoder.management.project.persistence.InformixProjectPersistence].
Read propery[ConnectionName] which is  optional  with value[informix_connection] from namespace [com.topcoder.management.project.persistence.InformixProjectPersistence].
Read propery[ProjectIdSequenceName] which is  optional  with value[project_id_seq] from namespace [com.topcoder.management.project.persistence.InformixProjectPersistence].
Read propery[ProjectAuditIdSequenceName] which is  optional  with value[project_audit_id_seq] from namespace [com.topcoder.management.project.persistence.InformixProjectPersistence].
Read propery[ConnectionFactoryNS] which is  required  with value[com.topcoder.db.connectionfactory.DBConnectionFactoryImpl] from namespace [com.topcoder.management.project.persistence.link.ProjectLinkManagerImpl].
Read propery[ConnectionName] which is  optional  with value[informix_connection] from namespace [com.topcoder.management.project.persistence.link.ProjectLinkManagerImpl].
read property ConnectionFactoryNS[com.topcoder.db.connectionfactory.DBConnectionFactoryImpl] from the namespace :com.topcoder.management.scorecard.persistence.InformixScorecardPersistence
read property ConnectionName[informix_connection] from the namespace :com.topcoder.management.scorecard.persistence.InformixScorecardPersistence
Instantiate SqlUploadPersistence with connectionFactory and connectioName:informix_connection
Instantiate PersistenceUploadManager with UploadPersistence, uploadSearchBundle, submissionSearchBundle, uploadIdGenerator, uploadTypeIdGenerator, uploadStatusIdGenerator, submissionIDGenerator, submissionStatusIdGenerator and submissionTypeIdGenerator.
Instantiate AbstractResourcePersistence with connectionFactory and connectionName[informix_connection].
load Resource role with ids:[J@1e2cdbe,[J@1e2cdbe,[J@1e2cdbe,[J@1e2cdbe,[J@1e2cdbe,[J@1e2cdbe,[J@1e2cdbe,[J@1e2cdbe,[J@1e2cdbe,[J@1e2cdbe,[J@1e2cdbe,[J@1e2cdbe,[J@1e2cdbe,[J@1e2cdbe,[J@1e2cdbe,[J@1e2cdbe,[J@1e2cdbe,[J@1e2cdbe,[J@1e2cdbe,[J@1e2cdbe,[J@1e2cdbe,[J@1e2cdbe
operator: UnknownresourceId: Unknown - creating db connection using connection name: informix_connection
committing transaction
Read propery[ConnectionFactoryNS] which is  required  with value[com.topcoder.db.connectionfactory.DBConnectionFactoryImpl] from namespace [com.topcoder.management.project.persistence.InformixProjectPersistence].
Read propery[ConnectionName] which is  optional  with value[informix_connection] from namespace [com.topcoder.management.project.persistence.InformixProjectPersistence].
Read propery[ProjectIdSequenceName] which is  optional  with value[project_id_seq] from namespace [com.topcoder.management.project.persistence.InformixProjectPersistence].
Read propery[ProjectAuditIdSequenceName] which is  optional  with value[project_audit_id_seq] from namespace [com.topcoder.management.project.persistence.InformixProjectPersistence].
Read propery[ConnectionFactoryNS] which is  required  with value[com.topcoder.db.connectionfactory.DBConnectionFactoryImpl] from namespace [com.topcoder.management.project.persistence.link.ProjectLinkManagerImpl].
Read propery[ConnectionName] which is  optional  with value[informix_connection] from namespace [com.topcoder.management.project.persistence.link.ProjectLinkManagerImpl].
read property ConnectionFactoryNS[com.topcoder.db.connectionfactory.DBConnectionFactoryImpl] from the namespace :com.topcoder.management.scorecard.persistence.InformixScorecardPersistence
read property ConnectionName[informix_connection] from the namespace :com.topcoder.management.scorecard.persistence.InformixScorecardPersistence
Instantiate SqlUploadPersistence with connectionFactory and connectioName:informix_connection
Instantiate PersistenceUploadManager with UploadPersistence, uploadSearchBundle, submissionSearchBundle, uploadIdGenerator, uploadTypeIdGenerator, uploadStatusIdGenerator, submissionIDGenerator, submissionStatusIdGenerator and submissionTypeIdGenerator.
Instantiate AbstractResourcePersistence with connectionFactory and connectionName[informix_connection].
load Resource role with ids:[J@deddc,[J@deddc,[J@deddc,[J@deddc,[J@deddc,[J@deddc,[J@deddc,[J@deddc,[J@deddc,[J@deddc,[J@deddc,[J@deddc,[J@deddc,[J@deddc,[J@deddc,[J@deddc,[J@deddc,[J@deddc,[J@deddc,[J@deddc,[J@deddc,[J@deddc
operator: UnknownresourceId: Unknown - creating db connection using connection name: informix_connection
committing transaction
Read propery[ConnectionFactoryNS] which is  required  with value[com.topcoder.db.connectionfactory.DBConnectionFactoryImpl] from namespace [com.topcoder.management.project.persistence.InformixProjectPersistence].
Read propery[ConnectionName] which is  optional  with value[informix_connection] from namespace [com.topcoder.management.project.persistence.InformixProjectPersistence].
Read propery[ProjectIdSequenceName] which is  optional  with value[project_id_seq] from namespace [com.topcoder.management.project.persistence.InformixProjectPersistence].
Read propery[ProjectAuditIdSequenceName] which is  optional  with value[project_audit_id_seq] from namespace [com.topcoder.management.project.persistence.InformixProjectPersistence].
Read propery[ConnectionFactoryNS] which is  required  with value[com.topcoder.db.connectionfactory.DBConnectionFactoryImpl] from namespace [com.topcoder.management.project.persistence.link.ProjectLinkManagerImpl].
Read propery[ConnectionName] which is  optional  with value[informix_connection] from namespace [com.topcoder.management.project.persistence.link.ProjectLinkManagerImpl].
read property ConnectionFactoryNS[com.topcoder.db.connectionfactory.DBConnectionFactoryImpl] from the namespace :com.topcoder.management.scorecard.persistence.InformixScorecardPersistence
read property ConnectionName[informix_connection] from the namespace :com.topcoder.management.scorecard.persistence.InformixScorecardPersistence
Instantiate SqlUploadPersistence with connectionFactory and connectioName:informix_connection
Instantiate PersistenceUploadManager with UploadPersistence, uploadSearchBundle, submissionSearchBundle, uploadIdGenerator, uploadTypeIdGenerator, uploadStatusIdGenerator, submissionIDGenerator, submissionStatusIdGenerator and submissionTypeIdGenerator.
Instantiate AbstractResourcePersistence with connectionFactory and connectionName[informix_connection].
load Resource role with ids:[J@1c6ca49,[J@1c6ca49,[J@1c6ca49,[J@1c6ca49,[J@1c6ca49,[J@1c6ca49,[J@1c6ca49,[J@1c6ca49,[J@1c6ca49,[J@1c6ca49,[J@1c6ca49,[J@1c6ca49,[J@1c6ca49,[J@1c6ca49,[J@1c6ca49,[J@1c6ca49,[J@1c6ca49,[J@1c6ca49,[J@1c6ca49,[J@1c6ca49,[J@1c6ca49,[J@1c6ca49
operator: UnknownresourceId: Unknown - creating db connection using connection name: informix_connection
committing transaction
Read propery[ConnectionFactoryNS] which is  required  with value[com.topcoder.db.connectionfactory.DBConnectionFactoryImpl] from namespace [com.topcoder.management.project.persistence.InformixProjectPersistence].
Read propery[ConnectionName] which is  optional  with value[informix_connection] from namespace [com.topcoder.management.project.persistence.InformixProjectPersistence].
Read propery[ProjectIdSequenceName] which is  optional  with value[project_id_seq] from namespace [com.topcoder.management.project.persistence.InformixProjectPersistence].
Read propery[ProjectAuditIdSequenceName] which is  optional  with value[project_audit_id_seq] from namespace [com.topcoder.management.project.persistence.InformixProjectPersistence].
Read propery[ConnectionFactoryNS] which is  required  with value[com.topcoder.db.connectionfactory.DBConnectionFactoryImpl] from namespace [com.topcoder.management.project.persistence.link.ProjectLinkManagerImpl].
Read propery[ConnectionName] which is  optional  with value[informix_connection] from namespace [com.topcoder.management.project.persistence.link.ProjectLinkManagerImpl].
read property ConnectionFactoryNS[com.topcoder.db.connectionfactory.DBConnectionFactoryImpl] from the namespace :com.topcoder.management.scorecard.persistence.InformixScorecardPersistence
read property ConnectionName[informix_connection] from the namespace :com.topcoder.management.scorecard.persistence.InformixScorecardPersistence
Instantiate SqlUploadPersistence with connectionFactory and connectioName:informix_connection
Instantiate PersistenceUploadManager with UploadPersistence, uploadSearchBundle, submissionSearchBundle, uploadIdGenerator, uploadTypeIdGenerator, uploadStatusIdGenerator, submissionIDGenerator, submissionStatusIdGenerator and submissionTypeIdGenerator.
Instantiate AbstractResourcePersistence with connectionFactory and connectionName[informix_connection].
load Resource role with ids:[J@1291453,[J@1291453,[J@1291453,[J@1291453,[J@1291453,[J@1291453,[J@1291453,[J@1291453,[J@1291453,[J@1291453,[J@1291453,[J@1291453,[J@1291453,[J@1291453,[J@1291453,[J@1291453,[J@1291453,[J@1291453,[J@1291453,[J@1291453,[J@1291453,[J@1291453
operator: UnknownresourceId: Unknown - creating db connection using connection name: informix_connection
committing transaction
type: Upload id: Unknown operator:Unknown - search submissions with filter. found: 0
get projects with the ids: 1
operator: UnknownprojectId: Unknown - creating db connection using connection name: informix_connection
committing transaction
load Resource role with ids:[J@1b29017,[J@1b29017,[J@1b29017,[J@1b29017,[J@1b29017,[J@1b29017,[J@1b29017,[J@1b29017,[J@1b29017,[J@1b29017,[J@1b29017,[J@1b29017,[J@1b29017,[J@1b29017,[J@1b29017,[J@1b29017,[J@1b29017,[J@1b29017,[J@1b29017,[J@1b29017,[J@1b29017,[J@1b29017
operator: UnknownresourceId: Unknown - creating db connection using connection name: informix_connection
committing transaction
Read propery[ConnectionFactoryNS] which is  required  with value[com.topcoder.db.connectionfactory.DBConnectionFactoryImpl] from namespace [com.topcoder.management.project.persistence.InformixProjectPersistence].
Read propery[ConnectionName] which is  optional  with value[informix_connection] from namespace [com.topcoder.management.project.persistence.InformixProjectPersistence].
Read propery[ProjectIdSequenceName] which is  optional  with value[project_id_seq] from namespace [com.topcoder.management.project.persistence.InformixProjectPersistence].
Read propery[ProjectAuditIdSequenceName] which is  optional  with value[project_audit_id_seq] from namespace [com.topcoder.management.project.persistence.InformixProjectPersistence].
Read propery[ConnectionFactoryNS] which is  required  with value[com.topcoder.db.connectionfactory.DBConnectionFactoryImpl] from namespace [com.topcoder.management.project.persistence.link.ProjectLinkManagerImpl].
Read propery[ConnectionName] which is  optional  with value[informix_connection] from namespace [com.topcoder.management.project.persistence.link.ProjectLinkManagerImpl].
read property ConnectionFactoryNS[com.topcoder.db.connectionfactory.DBConnectionFactoryImpl] from the namespace :com.topcoder.management.scorecard.persistence.InformixScorecardPersistence
read property ConnectionName[informix_connection] from the namespace :com.topcoder.management.scorecard.persistence.InformixScorecardPersistence
Instantiate SqlUploadPersistence with connectionFactory and connectioName:informix_connection
Instantiate PersistenceUploadManager with UploadPersistence, uploadSearchBundle, submissionSearchBundle, uploadIdGenerator, uploadTypeIdGenerator, uploadStatusIdGenerator, submissionIDGenerator, submissionStatusIdGenerator and submissionTypeIdGenerator.
Instantiate AbstractResourcePersistence with connectionFactory and connectionName[informix_connection].
load Resource role with ids:[J@325087,[J@325087,[J@325087,[J@325087,[J@325087,[J@325087,[J@325087,[J@325087,[J@325087,[J@325087,[J@325087,[J@325087,[J@325087,[J@325087,[J@325087,[J@325087,[J@325087,[J@325087,[J@325087,[J@325087,[J@325087,[J@325087
operator: UnknownresourceId: Unknown - creating db connection using connection name: informix_connection
committing transaction
Read propery[ConnectionFactoryNS] which is  required  with value[com.topcoder.db.connectionfactory.DBConnectionFactoryImpl] from namespace [com.topcoder.management.project.persistence.InformixProjectPersistence].
Read propery[ConnectionName] which is  optional  with value[informix_connection] from namespace [com.topcoder.management.project.persistence.InformixProjectPersistence].
Read propery[ProjectIdSequenceName] which is  optional  with value[project_id_seq] from namespace [com.topcoder.management.project.persistence.InformixProjectPersistence].
Read propery[ProjectAuditIdSequenceName] which is  optional  with value[project_audit_id_seq] from namespace [com.topcoder.management.project.persistence.InformixProjectPersistence].
Read propery[ConnectionFactoryNS] which is  required  with value[com.topcoder.db.connectionfactory.DBConnectionFactoryImpl] from namespace [com.topcoder.management.project.persistence.link.ProjectLinkManagerImpl].
Read propery[ConnectionName] which is  optional  with value[informix_connection] from namespace [com.topcoder.management.project.persistence.link.ProjectLinkManagerImpl].
read property ConnectionFactoryNS[com.topcoder.db.connectionfactory.DBConnectionFactoryImpl] from the namespace :com.topcoder.management.scorecard.persistence.InformixScorecardPersistence
read property ConnectionName[informix_connection] from the namespace :com.topcoder.management.scorecard.persistence.InformixScorecardPersistence
Instantiate SqlUploadPersistence with connectionFactory and connectioName:informix_connection
Instantiate PersistenceUploadManager with UploadPersistence, uploadSearchBundle, submissionSearchBundle, uploadIdGenerator, uploadTypeIdGenerator, uploadStatusIdGenerator, submissionIDGenerator, submissionStatusIdGenerator and submissionTypeIdGenerator.
Instantiate AbstractResourcePersistence with connectionFactory and connectionName[informix_connection].
load Resource role with ids:[J@1a71e88,[J@1a71e88,[J@1a71e88,[J@1a71e88,[J@1a71e88,[J@1a71e88,[J@1a71e88,[J@1a71e88,[J@1a71e88,[J@1a71e88,[J@1a71e88,[J@1a71e88,[J@1a71e88,[J@1a71e88,[J@1a71e88,[J@1a71e88,[J@1a71e88,[J@1a71e88,[J@1a71e88,[J@1a71e88,[J@1a71e88,[J@1a71e88
operator: UnknownresourceId: Unknown - creating db connection using connection name: informix_connection
committing transaction
type: Upload id: Unknown operator:Unknown - search submissions with filter. found: 2
load Resource with ids:[J@1bc714e,[J@1bc714e
operator: UnknownresourceId: Unknown - creating db connection using connection name: informix_connection
load ResourceRole with id:4
operator: UnknownresourceId: Unknown - creating db connection using connection name: informix_connection
committing transaction
load ResourceRole with id:4
operator: UnknownresourceId: Unknown - creating db connection using connection name: informix_connection
committing transaction
committing transaction
type: Submission id: 1 operator:1001 - update Submission.
type: Submission id: 1 operator:Unknown - Update Submission, it will update record in submission table.
create db connection using connection name:informix_connection
close the connection.
type: Submission id: 2 operator:1001 - update Submission.
type: Submission id: 2 operator:Unknown - Update Submission, it will update record in submission table.
create db connection using connection name:informix_connection
close the connection.
operator: UnknownresourceId: 4 - load resource.
operator: UnknownresourceId: Unknown - creating db connection using connection name: informix_connection
load ResourceRole with id:1
operator: UnknownresourceId: Unknown - creating db connection using connection name: informix_connection
committing transaction
committing transaction
operator: UnknownresourceId: 5 - load resource.
operator: UnknownresourceId: Unknown - creating db connection using connection name: informix_connection
load ResourceRole with id:1
operator: UnknownresourceId: Unknown - creating db connection using connection name: informix_connection
committing transaction
committing transaction
load Notifications with array of userIds/projectIds/notificationTypes.
operator: UnknownresourceId: Unknown - creating db connection using connection name: informix_connection
committing transaction
get projects with the ids: 1
operator: UnknownprojectId: Unknown - creating db connection using connection name: informix_connection
committing transaction
load Resource role with ids:[J@1289697,[J@1289697,[J@1289697,[J@1289697,[J@1289697,[J@1289697,[J@1289697,[J@1289697,[J@1289697,[J@1289697,[J@1289697,[J@1289697,[J@1289697,[J@1289697,[J@1289697,[J@1289697,[J@1289697,[J@1289697,[J@1289697,[J@1289697,[J@1289697,[J@1289697
operator: UnknownresourceId: Unknown - creating db connection using connection name: informix_connection
committing transaction
load Resource with ids:[J@9e3065,[J@9e3065,[J@9e3065
operator: UnknownresourceId: Unknown - creating db connection using connection name: informix_connection
load ResourceRole with id:4
operator: UnknownresourceId: Unknown - creating db connection using connection name: informix_connection
committing transaction
load ResourceRole with id:4
operator: UnknownresourceId: Unknown - creating db connection using connection name: informix_connection
committing transaction
load ResourceRole with id:4
operator: UnknownresourceId: Unknown - creating db connection using connection name: informix_connection
committing transaction
committing transaction
load Resource with ids:[J@f1c8f4
operator: UnknownresourceId: Unknown - creating db connection using connection name: informix_connection
load ResourceRole with id:12
operator: UnknownresourceId: Unknown - creating db connection using connection name: informix_connection
committing transaction
committing transaction
load Resource with ids:[J@70d85b
operator: UnknownresourceId: Unknown - creating db connection using connection name: informix_connection
load ResourceRole with id:13
operator: UnknownresourceId: Unknown - creating db connection using connection name: informix_connection
committing transaction
committing transaction
load Resource with ids:[J@340d1
operator: UnknownresourceId: Unknown - creating db connection using connection name: informix_connection
load ResourceRole with id:9
operator: UnknownresourceId: Unknown - creating db connection using connection name: informix_connection
committing transaction
committing transaction
load Resource with ids:[J@99ee0b,[J@99ee0b
operator: UnknownresourceId: Unknown - creating db connection using connection name: informix_connection
load ResourceRole with id:1
operator: UnknownresourceId: Unknown - creating db connection using connection name: informix_connection
committing transaction
load ResourceRole with id:1
operator: UnknownresourceId: Unknown - creating db connection using connection name: informix_connection
committing transaction
committing transaction
operator: UnknownresourceId: 6 - load resource.
operator: UnknownresourceId: Unknown - creating db connection using connection name: informix_connection
load ResourceRole with id:4
operator: UnknownresourceId: Unknown - creating db connection using connection name: informix_connection
committing transaction
committing transaction
operator: UnknownresourceId: 4 - load resource.
operator: UnknownresourceId: Unknown - creating db connection using connection name: informix_connection
load ResourceRole with id:1
operator: UnknownresourceId: Unknown - creating db connection using connection name: informix_connection
committing transaction
committing transaction
operator: UnknownresourceId: 100000 - load resource.
operator: UnknownresourceId: Unknown - creating db connection using connection name: informix_connection
load ResourceRole with id:13
operator: UnknownresourceId: Unknown - creating db connection using connection name: informix_connection
committing transaction
committing transaction
operator: UnknownresourceId: 7 - load resource.
operator: UnknownresourceId: Unknown - creating db connection using connection name: informix_connection
load ResourceRole with id:4
operator: UnknownresourceId: Unknown - creating db connection using connection name: informix_connection
committing transaction
committing transaction
operator: UnknownresourceId: 5 - load resource.
operator: UnknownresourceId: Unknown - creating db connection using connection name: informix_connection
load ResourceRole with id:1
operator: UnknownresourceId: Unknown - creating db connection using connection name: informix_connection
committing transaction
committing transaction
type: Upload id: Unknown operator:Unknown - search submissions with filter. found: 2
load Resource with ids:[J@9458ea,[J@9458ea
operator: UnknownresourceId: Unknown - creating db connection using connection name: informix_connection
load ResourceRole with id:4
operator: UnknownresourceId: Unknown - creating db connection using connection name: informix_connection
committing transaction
load ResourceRole with id:4
operator: UnknownresourceId: Unknown - creating db connection using connection name: informix_connection
committing transaction
committing transaction
type: Scorecard id: Unknown operator:Unknown - retrieve scorecard with ids:1, and is incomplete
create db connection with connect name:informix_connection
close the connection.
get All submission statuses, delegate to persistence.
get All submission statuses, delegate to persistence.
create db connection using connection name:informix_connection
close the connection.
type: SubmissionStatus id: Unknown operator:Unknown - Load SubmissionStatuses with ids:1,2,3,4,5
create db connection using connection name:informix_connection
close the connection.
get All submission statuses, delegate to persistence.
get All submission statuses, delegate to persistence.
create db connection using connection name:informix_connection
close the connection.
type: SubmissionStatus id: Unknown operator:Unknown - Load SubmissionStatuses with ids:1,2,3,4,5
create db connection using connection name:informix_connection
close the connection.
operator: UnknownresourceId: 4 - load resource.
operator: UnknownresourceId: Unknown - creating db connection using connection name: informix_connection
load ResourceRole with id:1
operator: UnknownresourceId: Unknown - creating db connection using connection name: informix_connection
committing transaction
committing transaction
type: Submission id: 1 operator:1001 - update Submission.
type: Submission id: 1 operator:Unknown - Update Submission, it will update record in submission table.
create db connection using connection name:informix_connection
close the connection.
operator: UnknownresourceId: 5 - load resource.
operator: UnknownresourceId: Unknown - creating db connection using connection name: informix_connection
load ResourceRole with id:1
operator: UnknownresourceId: Unknown - creating db connection using connection name: informix_connection
committing transaction
committing transaction
type: Submission id: 2 operator:1001 - update Submission.
type: Submission id: 2 operator:Unknown - Update Submission, it will update record in submission table.
create db connection using connection name:informix_connection
close the connection.
get projects with the ids: 1
operator: UnknownprojectId: Unknown - creating db connection using connection name: informix_connection
committing transaction
operator: 1001projectId: 1 - updating project: {Winner External Reference ID=4, Project Name=Online Review Phases, Project Version=1.5}
operator: UnknownprojectId: Unknown - creating db connection using connection name: informix_connection
operator: 1001projectId: 1 - update project with projectId:1
operator: 1001projectId: 1 - update project, update project_info with projectId:1
operator: 1001projectId: 1 - insert record into project_info with project id1
operator: 1001projectId: 1 - generate new id for the project audit.
insert record into project_audit with projectId:1
operator: 1001projectId: 1 - execute sql:SELECT modify_date FROM project WHERE project_id=?
committing transaction
operator: UnknownresourceId: 4 - load resource.
operator: UnknownresourceId: Unknown - creating db connection using connection name: informix_connection
load ResourceRole with id:1
operator: UnknownresourceId: Unknown - creating db connection using connection name: informix_connection
committing transaction
committing transaction
operator: UnknownresourceId: 5 - load resource.
operator: UnknownresourceId: Unknown - creating db connection using connection name: informix_connection
load ResourceRole with id:1
operator: UnknownresourceId: Unknown - creating db connection using connection name: informix_connection
committing transaction
committing transaction
load Notifications with array of userIds/projectIds/notificationTypes.
operator: UnknownresourceId: Unknown - creating db connection using connection name: informix_connection
committing transaction
get projects with the ids: 1
operator: UnknownprojectId: Unknown - creating db connection using connection name: informix_connection
committing transaction
load Resource role with ids:[J@874647,[J@874647,[J@874647,[J@874647,[J@874647,[J@874647,[J@874647,[J@874647,[J@874647,[J@874647,[J@874647,[J@874647,[J@874647,[J@874647,[J@874647,[J@874647,[J@874647,[J@874647,[J@874647,[J@874647,[J@874647,[J@874647
operator: UnknownresourceId: Unknown - creating db connection using connection name: informix_connection
committing transaction
load Resource with ids:[J@1dfb8d0,[J@1dfb8d0,[J@1dfb8d0
operator: UnknownresourceId: Unknown - creating db connection using connection name: informix_connection
load ResourceRole with id:4
operator: UnknownresourceId: Unknown - creating db connection using connection name: informix_connection
committing transaction
load ResourceRole with id:4
operator: UnknownresourceId: Unknown - creating db connection using connection name: informix_connection
committing transaction
load ResourceRole with id:4
operator: UnknownresourceId: Unknown - creating db connection using connection name: informix_connection
committing transaction
committing transaction
load Resource with ids:[J@bc30ad
operator: UnknownresourceId: Unknown - creating db connection using connection name: informix_connection
load ResourceRole with id:12
operator: UnknownresourceId: Unknown - creating db connection using connection name: informix_connection
committing transaction
committing transaction
load Resource with ids:[J@1d8ac9d
operator: UnknownresourceId: Unknown - creating db connection using connection name: informix_connection
load ResourceRole with id:13
operator: UnknownresourceId: Unknown - creating db connection using connection name: informix_connection
committing transaction
committing transaction
load Resource with ids:[J@152f4ce
operator: UnknownresourceId: Unknown - creating db connection using connection name: informix_connection
load ResourceRole with id:9
operator: UnknownresourceId: Unknown - creating db connection using connection name: informix_connection
committing transaction
committing transaction
load Resource with ids:[J@1cc745e,[J@1cc745e
operator: UnknownresourceId: Unknown - creating db connection using connection name: informix_connection
load ResourceRole with id:1
operator: UnknownresourceId: Unknown - creating db connection using connection name: informix_connection
committing transaction
load ResourceRole with id:1
operator: UnknownresourceId: Unknown - creating db connection using connection name: informix_connection
committing transaction
committing transaction
operator: UnknownresourceId: 6 - load resource.
operator: UnknownresourceId: Unknown - creating db connection using connection name: informix_connection
load ResourceRole with id:4
operator: UnknownresourceId: Unknown - creating db connection using connection name: informix_connection
committing transaction
committing transaction
operator: UnknownresourceId: 4 - load resource.
operator: UnknownresourceId: Unknown - creating db connection using connection name: informix_connection
load ResourceRole with id:1
operator: UnknownresourceId: Unknown - creating db connection using connection name: informix_connection
committing transaction
committing transaction
operator: UnknownresourceId: 100000 - load resource.
operator: UnknownresourceId: Unknown - creating db connection using connection name: informix_connection
load ResourceRole with id:13
operator: UnknownresourceId: Unknown - creating db connection using connection name: informix_connection
committing transaction
committing transaction
operator: UnknownresourceId: 7 - load resource.
operator: UnknownresourceId: Unknown - creating db connection using connection name: informix_connection
load ResourceRole with id:4
operator: UnknownresourceId: Unknown - creating db connection using connection name: informix_connection
committing transaction
committing transaction
operator: UnknownresourceId: 5 - load resource.
operator: UnknownresourceId: Unknown - creating db connection using connection name: informix_connection
load ResourceRole with id:1
operator: UnknownresourceId: Unknown - creating db connection using connection name: informix_connection
committing transaction
committing transaction
Read propery[ConnectionFactoryNS] which is  required  with value[com.topcoder.db.connectionfactory.DBConnectionFactoryImpl] from namespace [com.topcoder.management.project.persistence.InformixProjectPersistence].
Read propery[ConnectionName] which is  optional  with value[informix_connection] from namespace [com.topcoder.management.project.persistence.InformixProjectPersistence].
Read propery[ProjectIdSequenceName] which is  optional  with value[project_id_seq] from namespace [com.topcoder.management.project.persistence.InformixProjectPersistence].
Read propery[ProjectAuditIdSequenceName] which is  optional  with value[project_audit_id_seq] from namespace [com.topcoder.management.project.persistence.InformixProjectPersistence].
Read propery[ConnectionFactoryNS] which is  required  with value[com.topcoder.db.connectionfactory.DBConnectionFactoryImpl] from namespace [com.topcoder.management.project.persistence.link.ProjectLinkManagerImpl].
Read propery[ConnectionName] which is  optional  with value[informix_connection] from namespace [com.topcoder.management.project.persistence.link.ProjectLinkManagerImpl].
read property ConnectionFactoryNS[com.topcoder.db.connectionfactory.DBConnectionFactoryImpl] from the namespace :com.topcoder.management.scorecard.persistence.InformixScorecardPersistence
read property ConnectionName[informix_connection] from the namespace :com.topcoder.management.scorecard.persistence.InformixScorecardPersistence
Instantiate SqlUploadPersistence with connectionFactory and connectioName:informix_connection
Instantiate PersistenceUploadManager with UploadPersistence, uploadSearchBundle, submissionSearchBundle, uploadIdGenerator, uploadTypeIdGenerator, uploadStatusIdGenerator, submissionIDGenerator, submissionStatusIdGenerator and submissionTypeIdGenerator.
Instantiate AbstractResourcePersistence with connectionFactory and connectionName[informix_connection].
load Resource role with ids:[J@c5faf5,[J@c5faf5,[J@c5faf5,[J@c5faf5,[J@c5faf5,[J@c5faf5,[J@c5faf5,[J@c5faf5,[J@c5faf5,[J@c5faf5,[J@c5faf5,[J@c5faf5,[J@c5faf5,[J@c5faf5,[J@c5faf5,[J@c5faf5,[J@c5faf5,[J@c5faf5,[J@c5faf5,[J@c5faf5,[J@c5faf5,[J@c5faf5
operator: UnknownresourceId: Unknown - creating db connection using connection name: informix_connection
committing transaction
Read propery[ConnectionFactoryNS] which is  required  with value[com.topcoder.db.connectionfactory.DBConnectionFactoryImpl] from namespace [com.topcoder.management.project.persistence.InformixProjectPersistence].
Read propery[ConnectionName] which is  optional  with value[informix_connection] from namespace [com.topcoder.management.project.persistence.InformixProjectPersistence].
Read propery[ProjectIdSequenceName] which is  optional  with value[project_id_seq] from namespace [com.topcoder.management.project.persistence.InformixProjectPersistence].
Read propery[ProjectAuditIdSequenceName] which is  optional  with value[project_audit_id_seq] from namespace [com.topcoder.management.project.persistence.InformixProjectPersistence].
Read propery[ConnectionFactoryNS] which is  required  with value[com.topcoder.db.connectionfactory.DBConnectionFactoryImpl] from namespace [com.topcoder.management.project.persistence.link.ProjectLinkManagerImpl].
Read propery[ConnectionName] which is  optional  with value[informix_connection] from namespace [com.topcoder.management.project.persistence.link.ProjectLinkManagerImpl].
read property ConnectionFactoryNS[com.topcoder.db.connectionfactory.DBConnectionFactoryImpl] from the namespace :com.topcoder.management.scorecard.persistence.InformixScorecardPersistence
read property ConnectionName[informix_connection] from the namespace :com.topcoder.management.scorecard.persistence.InformixScorecardPersistence
Instantiate SqlUploadPersistence with connectionFactory and connectioName:informix_connection
Instantiate PersistenceUploadManager with UploadPersistence, uploadSearchBundle, submissionSearchBundle, uploadIdGenerator, uploadTypeIdGenerator, uploadStatusIdGenerator, submissionIDGenerator, submissionStatusIdGenerator and submissionTypeIdGenerator.
Instantiate AbstractResourcePersistence with connectionFactory and connectionName[informix_connection].
load Resource role with ids:[J@1ee4aae,[J@1ee4aae,[J@1ee4aae,[J@1ee4aae,[J@1ee4aae,[J@1ee4aae,[J@1ee4aae,[J@1ee4aae,[J@1ee4aae,[J@1ee4aae,[J@1ee4aae,[J@1ee4aae,[J@1ee4aae,[J@1ee4aae,[J@1ee4aae,[J@1ee4aae,[J@1ee4aae,[J@1ee4aae,[J@1ee4aae,[J@1ee4aae,[J@1ee4aae,[J@1ee4aae
operator: UnknownresourceId: Unknown - creating db connection using connection name: informix_connection
committing transaction
type: Upload id: Unknown operator:Unknown - search submissions with filter. found: 2
load Resource with ids:[J@57a1e,[J@57a1e
operator: UnknownresourceId: Unknown - creating db connection using connection name: informix_connection
load ResourceRole with id:4
operator: UnknownresourceId: Unknown - creating db connection using connection name: informix_connection
committing transaction
load ResourceRole with id:4
operator: UnknownresourceId: Unknown - creating db connection using connection name: informix_connection
committing transaction
committing transaction
type: Submission id: 1 operator:1001 - update Submission.
type: Submission id: 1 operator:Unknown - Update Submission, it will update record in submission table.
create db connection using connection name:informix_connection
close the connection.
type: Submission id: 2 operator:1001 - update Submission.
type: Submission id: 2 operator:Unknown - Update Submission, it will update record in submission table.
create db connection using connection name:informix_connection
close the connection.
operator: UnknownresourceId: 4 - load resource.
operator: UnknownresourceId: Unknown - creating db connection using connection name: informix_connection
load ResourceRole with id:1
operator: UnknownresourceId: Unknown - creating db connection using connection name: informix_connection
committing transaction
committing transaction
operator: UnknownresourceId: 5 - load resource.
operator: UnknownresourceId: Unknown - creating db connection using connection name: informix_connection
load ResourceRole with id:1
operator: UnknownresourceId: Unknown - creating db connection using connection name: informix_connection
committing transaction
committing transaction
load Notifications with array of userIds/projectIds/notificationTypes.
operator: UnknownresourceId: Unknown - creating db connection using connection name: informix_connection
committing transaction
get projects with the ids: 1
operator: UnknownprojectId: Unknown - creating db connection using connection name: informix_connection
committing transaction
load Resource role with ids:[J@1bc475,[J@1bc475,[J@1bc475,[J@1bc475,[J@1bc475,[J@1bc475,[J@1bc475,[J@1bc475,[J@1bc475,[J@1bc475,[J@1bc475,[J@1bc475,[J@1bc475,[J@1bc475,[J@1bc475,[J@1bc475,[J@1bc475,[J@1bc475,[J@1bc475,[J@1bc475,[J@1bc475,[J@1bc475
operator: UnknownresourceId: Unknown - creating db connection using connection name: informix_connection
committing transaction
load Resource with ids:[J@159be0d,[J@159be0d,[J@159be0d
operator: UnknownresourceId: Unknown - creating db connection using connection name: informix_connection
load ResourceRole with id:4
operator: UnknownresourceId: Unknown - creating db connection using connection name: informix_connection
committing transaction
load ResourceRole with id:4
operator: UnknownresourceId: Unknown - creating db connection using connection name: informix_connection
committing transaction
load ResourceRole with id:4
operator: UnknownresourceId: Unknown - creating db connection using connection name: informix_connection
committing transaction
committing transaction
load Resource with ids:[J@1f2cff0
operator: UnknownresourceId: Unknown - creating db connection using connection name: informix_connection
load ResourceRole with id:12
operator: UnknownresourceId: Unknown - creating db connection using connection name: informix_connection
committing transaction
committing transaction
load Resource with ids:[J@b670cd
operator: UnknownresourceId: Unknown - creating db connection using connection name: informix_connection
load ResourceRole with id:13
operator: UnknownresourceId: Unknown - creating db connection using connection name: informix_connection
committing transaction
committing transaction
load Resource with ids:[J@7d611f
operator: UnknownresourceId: Unknown - creating db connection using connection name: informix_connection
load ResourceRole with id:9
operator: UnknownresourceId: Unknown - creating db connection using connection name: informix_connection
committing transaction
committing transaction
load Resource with ids:[J@11f993c,[J@11f993c
operator: UnknownresourceId: Unknown - creating db connection using connection name: informix_connection
load ResourceRole with id:1
operator: UnknownresourceId: Unknown - creating db connection using connection name: informix_connection
committing transaction
load ResourceRole with id:1
operator: UnknownresourceId: Unknown - creating db connection using connection name: informix_connection
committing transaction
committing transaction
operator: UnknownresourceId: 6 - load resource.
operator: UnknownresourceId: Unknown - creating db connection using connection name: informix_connection
load ResourceRole with id:4
operator: UnknownresourceId: Unknown - creating db connection using connection name: informix_connection
committing transaction
committing transaction
operator: UnknownresourceId: 4 - load resource.
operator: UnknownresourceId: Unknown - creating db connection using connection name: informix_connection
load ResourceRole with id:1
operator: UnknownresourceId: Unknown - creating db connection using connection name: informix_connection
committing transaction
committing transaction
operator: UnknownresourceId: 100000 - load resource.
operator: UnknownresourceId: Unknown - creating db connection using connection name: informix_connection
load ResourceRole with id:13
operator: UnknownresourceId: Unknown - creating db connection using connection name: informix_connection
committing transaction
committing transaction
operator: UnknownresourceId: 7 - load resource.
operator: UnknownresourceId: Unknown - creating db connection using connection name: informix_connection
load ResourceRole with id:4
operator: UnknownresourceId: Unknown - creating db connection using connection name: informix_connection
committing transaction
committing transaction
operator: UnknownresourceId: 5 - load resource.
operator: UnknownresourceId: Unknown - creating db connection using connection name: informix_connection
load ResourceRole with id:1
operator: UnknownresourceId: Unknown - creating db connection using connection name: informix_connection
committing transaction
committing transaction
type: Upload id: Unknown operator:Unknown - search submissions with filter. found: 2
operator: UnknownresourceId: 4 - load resource.
operator: UnknownresourceId: Unknown - creating db connection using connection name: informix_connection
load ResourceRole with id:1
operator: UnknownresourceId: Unknown - creating db connection using connection name: informix_connection
committing transaction
committing transaction
operator: UnknownresourceId: 5 - load resource.
operator: UnknownresourceId: Unknown - creating db connection using connection name: informix_connection
load ResourceRole with id:1
operator: UnknownresourceId: Unknown - creating db connection using connection name: informix_connection
committing transaction
committing transaction
load Notifications with array of userIds/projectIds/notificationTypes.
operator: UnknownresourceId: Unknown - creating db connection using connection name: informix_connection
committing transaction
get projects with the ids: 1
operator: UnknownprojectId: Unknown - creating db connection using connection name: informix_connection
committing transaction
load Resource role with ids:[J@1635b61,[J@1635b61,[J@1635b61,[J@1635b61,[J@1635b61,[J@1635b61,[J@1635b61,[J@1635b61,[J@1635b61,[J@1635b61,[J@1635b61,[J@1635b61,[J@1635b61,[J@1635b61,[J@1635b61,[J@1635b61,[J@1635b61,[J@1635b61,[J@1635b61,[J@1635b61,[J@1635b61,[J@1635b61
operator: UnknownresourceId: Unknown - creating db connection using connection name: informix_connection
committing transaction
load Resource with ids:[J@dea091,[J@dea091,[J@dea091
operator: UnknownresourceId: Unknown - creating db connection using connection name: informix_connection
load ResourceRole with id:4
operator: UnknownresourceId: Unknown - creating db connection using connection name: informix_connection
committing transaction
load ResourceRole with id:4
operator: UnknownresourceId: Unknown - creating db connection using connection name: informix_connection
committing transaction
load ResourceRole with id:4
operator: UnknownresourceId: Unknown - creating db connection using connection name: informix_connection
committing transaction
committing transaction
load Resource with ids:[J@1be7ff5
operator: UnknownresourceId: Unknown - creating db connection using connection name: informix_connection
load ResourceRole with id:12
operator: UnknownresourceId: Unknown - creating db connection using connection name: informix_connection
committing transaction
committing transaction
load Resource with ids:[J@99e698
operator: UnknownresourceId: Unknown - creating db connection using connection name: informix_connection
load ResourceRole with id:13
operator: UnknownresourceId: Unknown - creating db connection using connection name: informix_connection
committing transaction
committing transaction
load Resource with ids:[J@18277bc
operator: UnknownresourceId: Unknown - creating db connection using connection name: informix_connection
load ResourceRole with id:9
operator: UnknownresourceId: Unknown - creating db connection using connection name: informix_connection
committing transaction
committing transaction
load Resource with ids:[J@a51ac9,[J@a51ac9
operator: UnknownresourceId: Unknown - creating db connection using connection name: informix_connection
load ResourceRole with id:1
operator: UnknownresourceId: Unknown - creating db connection using connection name: informix_connection
committing transaction
load ResourceRole with id:1
operator: UnknownresourceId: Unknown - creating db connection using connection name: informix_connection
committing transaction
committing transaction
operator: UnknownresourceId: 6 - load resource.
operator: UnknownresourceId: Unknown - creating db connection using connection name: informix_connection
load ResourceRole with id:4
operator: UnknownresourceId: Unknown - creating db connection using connection name: informix_connection
committing transaction
committing transaction
operator: UnknownresourceId: 4 - load resource.
operator: UnknownresourceId: Unknown - creating db connection using connection name: informix_connection
load ResourceRole with id:1
operator: UnknownresourceId: Unknown - creating db connection using connection name: informix_connection
committing transaction
committing transaction
operator: UnknownresourceId: 100000 - load resource.
operator: UnknownresourceId: Unknown - creating db connection using connection name: informix_connection
load ResourceRole with id:13
operator: UnknownresourceId: Unknown - creating db connection using connection name: informix_connection
committing transaction
committing transaction
operator: UnknownresourceId: 7 - load resource.
operator: UnknownresourceId: Unknown - creating db connection using connection name: informix_connection
load ResourceRole with id:4
operator: UnknownresourceId: Unknown - creating db connection using connection name: informix_connection
committing transaction
committing transaction
operator: UnknownresourceId: 5 - load resource.
operator: UnknownresourceId: Unknown - creating db connection using connection name: informix_connection
load ResourceRole with id:1
operator: UnknownresourceId: Unknown - creating db connection using connection name: informix_connection
committing transaction
committing transaction
Read propery[ConnectionFactoryNS] which is  required  with value[com.topcoder.db.connectionfactory.DBConnectionFactoryImpl] from namespace [com.topcoder.management.project.persistence.InformixProjectPersistence].
Read propery[ConnectionName] which is  optional  with value[informix_connection] from namespace [com.topcoder.management.project.persistence.InformixProjectPersistence].
Read propery[ProjectIdSequenceName] which is  optional  with value[project_id_seq] from namespace [com.topcoder.management.project.persistence.InformixProjectPersistence].
Read propery[ProjectAuditIdSequenceName] which is  optional  with value[project_audit_id_seq] from namespace [com.topcoder.management.project.persistence.InformixProjectPersistence].
Read propery[ConnectionFactoryNS] which is  required  with value[com.topcoder.db.connectionfactory.DBConnectionFactoryImpl] from namespace [com.topcoder.management.project.persistence.link.ProjectLinkManagerImpl].
Read propery[ConnectionName] which is  optional  with value[informix_connection] from namespace [com.topcoder.management.project.persistence.link.ProjectLinkManagerImpl].
read property ConnectionFactoryNS[com.topcoder.db.connectionfactory.DBConnectionFactoryImpl] from the namespace :com.topcoder.management.scorecard.persistence.InformixScorecardPersistence
read property ConnectionName[informix_connection] from the namespace :com.topcoder.management.scorecard.persistence.InformixScorecardPersistence
Instantiate SqlUploadPersistence with connectionFactory and connectioName:informix_connection
Instantiate PersistenceUploadManager with UploadPersistence, uploadSearchBundle, submissionSearchBundle, uploadIdGenerator, uploadTypeIdGenerator, uploadStatusIdGenerator, submissionIDGenerator, submissionStatusIdGenerator and submissionTypeIdGenerator.
Instantiate AbstractResourcePersistence with connectionFactory and connectionName[informix_connection].
load Resource role with ids:[J@ea8370,[J@ea8370,[J@ea8370,[J@ea8370,[J@ea8370,[J@ea8370,[J@ea8370,[J@ea8370,[J@ea8370,[J@ea8370,[J@ea8370,[J@ea8370,[J@ea8370,[J@ea8370,[J@ea8370,[J@ea8370,[J@ea8370,[J@ea8370,[J@ea8370,[J@ea8370,[J@ea8370,[J@ea8370
operator: UnknownresourceId: Unknown - creating db connection using connection name: informix_connection
committing transaction
type: Upload id: Unknown operator:Unknown - search submissions with filter. found: 2
load Resource with ids:[J@65e468
operator: UnknownresourceId: Unknown - creating db connection using connection name: informix_connection
load ResourceRole with id:4
operator: UnknownresourceId: Unknown - creating db connection using connection name: informix_connection
committing transaction
committing transaction
type: Scorecard id: Unknown operator:Unknown - retrieve scorecard with ids:1, and is incomplete
create db connection with connect name:informix_connection
close the connection.
get All submission statuses, delegate to persistence.
get All submission statuses, delegate to persistence.
create db connection using connection name:informix_connection
close the connection.
type: SubmissionStatus id: Unknown operator:Unknown - Load SubmissionStatuses with ids:1,2,3,4,5
create db connection using connection name:informix_connection
close the connection.
get All submission statuses, delegate to persistence.
get All submission statuses, delegate to persistence.
create db connection using connection name:informix_connection
close the connection.
type: SubmissionStatus id: Unknown operator:Unknown - Load SubmissionStatuses with ids:1,2,3,4,5
create db connection using connection name:informix_connection
close the connection.
operator: UnknownresourceId: 1 - load resource.
operator: UnknownresourceId: Unknown - creating db connection using connection name: informix_connection
load ResourceRole with id:1
operator: UnknownresourceId: Unknown - creating db connection using connection name: informix_connection
committing transaction
committing transaction
type: Submission id: 1 operator:1001 - update Submission.
type: Submission id: 1 operator:Unknown - Update Submission, it will update record in submission table.
create db connection using connection name:informix_connection
close the connection.
operator: UnknownresourceId: 2 - load resource.
operator: UnknownresourceId: Unknown - creating db connection using connection name: informix_connection
load ResourceRole with id:1
operator: UnknownresourceId: Unknown - creating db connection using connection name: informix_connection
committing transaction
committing transaction
type: Submission id: 2 operator:1001 - update Submission.
type: Submission id: 2 operator:Unknown - Update Submission, it will update record in submission table.
create db connection using connection name:informix_connection
close the connection.
operator: UnknownresourceId: 1 - load resource.
operator: UnknownresourceId: Unknown - creating db connection using connection name: informix_connection
load ResourceRole with id:1
operator: UnknownresourceId: Unknown - creating db connection using connection name: informix_connection
committing transaction
committing transaction
operator: UnknownresourceId: 2 - load resource.
operator: UnknownresourceId: Unknown - creating db connection using connection name: informix_connection
load ResourceRole with id:1
operator: UnknownresourceId: Unknown - creating db connection using connection name: informix_connection
committing transaction
committing transaction
get projects with the ids: 1
operator: UnknownprojectId: Unknown - creating db connection using connection name: informix_connection
committing transaction
get projects with the ids: 1
operator: UnknownprojectId: Unknown - creating db connection using connection name: informix_connection
committing transaction
load Resource role with ids:[J@6de1c4,[J@6de1c4,[J@6de1c4,[J@6de1c4,[J@6de1c4,[J@6de1c4,[J@6de1c4,[J@6de1c4,[J@6de1c4,[J@6de1c4,[J@6de1c4,[J@6de1c4,[J@6de1c4,[J@6de1c4,[J@6de1c4,[J@6de1c4,[J@6de1c4,[J@6de1c4,[J@6de1c4,[J@6de1c4,[J@6de1c4,[J@6de1c4
operator: UnknownresourceId: Unknown - creating db connection using connection name: informix_connection
committing transaction
load Resource with ids:[J@23a923
operator: UnknownresourceId: Unknown - creating db connection using connection name: informix_connection
load ResourceRole with id:4
operator: UnknownresourceId: Unknown - creating db connection using connection name: informix_connection
committing transaction
committing transaction
load Resource with ids:[J@12ffd81,[J@12ffd81
operator: UnknownresourceId: Unknown - creating db connection using connection name: informix_connection
load ResourceRole with id:1
operator: UnknownresourceId: Unknown - creating db connection using connection name: informix_connection
committing transaction
load ResourceRole with id:1
operator: UnknownresourceId: Unknown - creating db connection using connection name: informix_connection
committing transaction
committing transaction
type: Submission id: 1 operator:Unknown - Retrieve Submission, delegate to persistence.
type: Submission id: 1 operator:Unknown - Load Submission. Delegate to loadSubmissions(long[] submissionId).
type: Submission id: Unknown operator:Unknown - Load Submissions with ids:1
create db connection using connection name:informix_connection
close the connection.
type: Submission id: 2 operator:Unknown - Retrieve Submission, delegate to persistence.
type: Submission id: 2 operator:Unknown - Load Submission. Delegate to loadSubmissions(long[] submissionId).
type: Submission id: Unknown operator:Unknown - Load Submissions with ids:2
create db connection using connection name:informix_connection
close the connection.
get projects with the ids: 1
operator: UnknownprojectId: Unknown - creating db connection using connection name: informix_connection
committing transaction
Read propery[ConnectionFactoryNS] which is  required  with value[com.topcoder.db.connectionfactory.DBConnectionFactoryImpl] from namespace [com.topcoder.management.project.persistence.InformixProjectPersistence].
Read propery[ConnectionName] which is  optional  with value[informix_connection] from namespace [com.topcoder.management.project.persistence.InformixProjectPersistence].
Read propery[ProjectIdSequenceName] which is  optional  with value[project_id_seq] from namespace [com.topcoder.management.project.persistence.InformixProjectPersistence].
Read propery[ProjectAuditIdSequenceName] which is  optional  with value[project_audit_id_seq] from namespace [com.topcoder.management.project.persistence.InformixProjectPersistence].
Read propery[ConnectionFactoryNS] which is  required  with value[com.topcoder.db.connectionfactory.DBConnectionFactoryImpl] from namespace [com.topcoder.management.project.persistence.link.ProjectLinkManagerImpl].
Read propery[ConnectionName] which is  optional  with value[informix_connection] from namespace [com.topcoder.management.project.persistence.link.ProjectLinkManagerImpl].
read property ConnectionFactoryNS[com.topcoder.db.connectionfactory.DBConnectionFactoryImpl] from the namespace :com.topcoder.management.scorecard.persistence.InformixScorecardPersistence
read property ConnectionName[informix_connection] from the namespace :com.topcoder.management.scorecard.persistence.InformixScorecardPersistence
Instantiate SqlUploadPersistence with connectionFactory and connectioName:informix_connection
Instantiate PersistenceUploadManager with UploadPersistence, uploadSearchBundle, submissionSearchBundle, uploadIdGenerator, uploadTypeIdGenerator, uploadStatusIdGenerator, submissionIDGenerator, submissionStatusIdGenerator and submissionTypeIdGenerator.
Instantiate AbstractResourcePersistence with connectionFactory and connectionName[informix_connection].
load Resource role with ids:[J@164e67f,[J@164e67f,[J@164e67f,[J@164e67f,[J@164e67f,[J@164e67f,[J@164e67f,[J@164e67f,[J@164e67f,[J@164e67f,[J@164e67f,[J@164e67f,[J@164e67f,[J@164e67f,[J@164e67f,[J@164e67f,[J@164e67f,[J@164e67f,[J@164e67f,[J@164e67f,[J@164e67f,[J@164e67f
operator: UnknownresourceId: Unknown - creating db connection using connection name: informix_connection
committing transaction
load Resource with ids:[J@c311d5
operator: UnknownresourceId: Unknown - creating db connection using connection name: informix_connection
load ResourceRole with id:4
operator: UnknownresourceId: Unknown - creating db connection using connection name: informix_connection
committing transaction
committing transaction
type: Upload id: Unknown operator:Unknown - search submissions with filter. found: 3
load Resource with ids:[J@14c8743
operator: UnknownresourceId: Unknown - creating db connection using connection name: informix_connection
load ResourceRole with id:4
operator: UnknownresourceId: Unknown - creating db connection using connection name: informix_connection
committing transaction
committing transaction
type: Scorecard id: Unknown operator:Unknown - retrieve scorecard with ids:1, and is incomplete
create db connection with connect name:informix_connection
close the connection.
get All submission statuses, delegate to persistence.
get All submission statuses, delegate to persistence.
create db connection using connection name:informix_connection
close the connection.
type: SubmissionStatus id: Unknown operator:Unknown - Load SubmissionStatuses with ids:1,2,3,4,5
create db connection using connection name:informix_connection
close the connection.
get All submission statuses, delegate to persistence.
get All submission statuses, delegate to persistence.
create db connection using connection name:informix_connection
close the connection.
type: SubmissionStatus id: Unknown operator:Unknown - Load SubmissionStatuses with ids:1,2,3,4,5
create db connection using connection name:informix_connection
close the connection.
operator: UnknownresourceId: 1 - load resource.
operator: UnknownresourceId: Unknown - creating db connection using connection name: informix_connection
load ResourceRole with id:1
operator: UnknownresourceId: Unknown - creating db connection using connection name: informix_connection
committing transaction
committing transaction
type: Submission id: 1 operator:1001 - update Submission.
type: Submission id: 1 operator:Unknown - Update Submission, it will update record in submission table.
create db connection using connection name:informix_connection
close the connection.
operator: UnknownresourceId: 2 - load resource.
operator: UnknownresourceId: Unknown - creating db connection using connection name: informix_connection
load ResourceRole with id:1
operator: UnknownresourceId: Unknown - creating db connection using connection name: informix_connection
committing transaction
committing transaction
type: Submission id: 2 operator:1001 - update Submission.
type: Submission id: 2 operator:Unknown - Update Submission, it will update record in submission table.
create db connection using connection name:informix_connection
close the connection.
operator: UnknownresourceId: 3 - load resource.
operator: UnknownresourceId: Unknown - creating db connection using connection name: informix_connection
load ResourceRole with id:1
operator: UnknownresourceId: Unknown - creating db connection using connection name: informix_connection
committing transaction
committing transaction
type: Submission id: 3 operator:1001 - update Submission.
type: Submission id: 3 operator:Unknown - Update Submission, it will update record in submission table.
create db connection using connection name:informix_connection
close the connection.
get projects with the ids: 1
operator: UnknownprojectId: Unknown - creating db connection using connection name: informix_connection
committing transaction
operator: 1001projectId: 1 - updating project: {Winner External Reference ID=1, Runner-up External Reference ID=2}
operator: UnknownprojectId: Unknown - creating db connection using connection name: informix_connection
operator: 1001projectId: 1 - update project with projectId:1
operator: 1001projectId: 1 - update project, update project_info with projectId:1
operator: 1001projectId: 1 - insert record into project_info with project id1
operator: 1001projectId: 1 - generate new id for the project audit.
insert record into project_audit with projectId:1
operator: 1001projectId: 1 - execute sql:SELECT modify_date FROM project WHERE project_id=?
committing transaction
operator: UnknownresourceId: 1 - load resource.
operator: UnknownresourceId: Unknown - creating db connection using connection name: informix_connection
load ResourceRole with id:1
operator: UnknownresourceId: Unknown - creating db connection using connection name: informix_connection
committing transaction
committing transaction
operator: UnknownresourceId: 2 - load resource.
operator: UnknownresourceId: Unknown - creating db connection using connection name: informix_connection
load ResourceRole with id:1
operator: UnknownresourceId: Unknown - creating db connection using connection name: informix_connection
committing transaction
committing transaction
operator: UnknownresourceId: 3 - load resource.
operator: UnknownresourceId: Unknown - creating db connection using connection name: informix_connection
load ResourceRole with id:1
operator: UnknownresourceId: Unknown - creating db connection using connection name: informix_connection
committing transaction
committing transaction
get projects with the ids: 1
operator: UnknownprojectId: Unknown - creating db connection using connection name: informix_connection
committing transaction
load Resource role with ids:[J@14f4ef8,[J@14f4ef8,[J@14f4ef8,[J@14f4ef8,[J@14f4ef8,[J@14f4ef8,[J@14f4ef8,[J@14f4ef8,[J@14f4ef8,[J@14f4ef8,[J@14f4ef8,[J@14f4ef8,[J@14f4ef8,[J@14f4ef8,[J@14f4ef8,[J@14f4ef8,[J@14f4ef8,[J@14f4ef8,[J@14f4ef8,[J@14f4ef8,[J@14f4ef8,[J@14f4ef8
operator: UnknownresourceId: Unknown - creating db connection using connection name: informix_connection
committing transaction
load Resource with ids:[J@1edc3aa
operator: UnknownresourceId: Unknown - creating db connection using connection name: informix_connection
load ResourceRole with id:4
operator: UnknownresourceId: Unknown - creating db connection using connection name: informix_connection
committing transaction
committing transaction
load Resource with ids:[J@180d050,[J@180d050,[J@180d050
operator: UnknownresourceId: Unknown - creating db connection using connection name: informix_connection
load ResourceRole with id:1
operator: UnknownresourceId: Unknown - creating db connection using connection name: informix_connection
committing transaction
load ResourceRole with id:1
operator: UnknownresourceId: Unknown - creating db connection using connection name: informix_connection
committing transaction
load ResourceRole with id:1
operator: UnknownresourceId: Unknown - creating db connection using connection name: informix_connection
committing transaction
committing transaction
type: Submission id: 1 operator:Unknown - Retrieve Submission, delegate to persistence.
type: Submission id: 1 operator:Unknown - Load Submission. Delegate to loadSubmissions(long[] submissionId).
type: Submission id: Unknown operator:Unknown - Load Submissions with ids:1
create db connection using connection name:informix_connection
close the connection.
type: Submission id: 2 operator:Unknown - Retrieve Submission, delegate to persistence.
type: Submission id: 2 operator:Unknown - Load Submission. Delegate to loadSubmissions(long[] submissionId).
type: Submission id: Unknown operator:Unknown - Load Submissions with ids:2
create db connection using connection name:informix_connection
close the connection.
type: Submission id: 3 operator:Unknown - Retrieve Submission, delegate to persistence.
type: Submission id: 3 operator:Unknown - Load Submission. Delegate to loadSubmissions(long[] submissionId).
type: Submission id: Unknown operator:Unknown - Load Submissions with ids:3
create db connection using connection name:informix_connection
close the connection.
type: Submission id: 3 operator:Unknown - Retrieve Submission, delegate to persistence.
type: Submission id: 3 operator:Unknown - Load Submission. Delegate to loadSubmissions(long[] submissionId).
type: Submission id: Unknown operator:Unknown - Load Submissions with ids:3
create db connection using connection name:informix_connection
close the connection.
get projects with the ids: 1
operator: UnknownprojectId: Unknown - creating db connection using connection name: informix_connection
committing transaction
Read propery[ConnectionFactoryNS] which is  required  with value[com.topcoder.db.connectionfactory.DBConnectionFactoryImpl] from namespace [com.topcoder.management.project.persistence.InformixProjectPersistence].
Read propery[ConnectionName] which is  optional  with value[informix_connection] from namespace [com.topcoder.management.project.persistence.InformixProjectPersistence].
Read propery[ProjectIdSequenceName] which is  optional  with value[project_id_seq] from namespace [com.topcoder.management.project.persistence.InformixProjectPersistence].
Read propery[ProjectAuditIdSequenceName] which is  optional  with value[project_audit_id_seq] from namespace [com.topcoder.management.project.persistence.InformixProjectPersistence].
Read propery[ConnectionFactoryNS] which is  required  with value[com.topcoder.db.connectionfactory.DBConnectionFactoryImpl] from namespace [com.topcoder.management.project.persistence.link.ProjectLinkManagerImpl].
Read propery[ConnectionName] which is  optional  with value[informix_connection] from namespace [com.topcoder.management.project.persistence.link.ProjectLinkManagerImpl].
read property ConnectionFactoryNS[com.topcoder.db.connectionfactory.DBConnectionFactoryImpl] from the namespace :com.topcoder.management.scorecard.persistence.InformixScorecardPersistence
read property ConnectionName[informix_connection] from the namespace :com.topcoder.management.scorecard.persistence.InformixScorecardPersistence
Instantiate SqlUploadPersistence with connectionFactory and connectioName:informix_connection
Instantiate PersistenceUploadManager with UploadPersistence, uploadSearchBundle, submissionSearchBundle, uploadIdGenerator, uploadTypeIdGenerator, uploadStatusIdGenerator, submissionIDGenerator, submissionStatusIdGenerator and submissionTypeIdGenerator.
Instantiate AbstractResourcePersistence with connectionFactory and connectionName[informix_connection].
load Resource role with ids:[J@1db88,[J@1db88,[J@1db88,[J@1db88,[J@1db88,[J@1db88,[J@1db88,[J@1db88,[J@1db88,[J@1db88,[J@1db88,[J@1db88,[J@1db88,[J@1db88,[J@1db88,[J@1db88,[J@1db88,[J@1db88,[J@1db88,[J@1db88,[J@1db88,[J@1db88
operator: UnknownresourceId: Unknown - creating db connection using connection name: informix_connection
committing transaction
Read propery[ConnectionFactoryNS] which is  required  with value[com.topcoder.db.connectionfactory.DBConnectionFactoryImpl] from namespace [com.topcoder.management.project.persistence.InformixProjectPersistence].
Read propery[ConnectionName] which is  optional  with value[informix_connection] from namespace [com.topcoder.management.project.persistence.InformixProjectPersistence].
Read propery[ProjectIdSequenceName] which is  optional  with value[project_id_seq] from namespace [com.topcoder.management.project.persistence.InformixProjectPersistence].
Read propery[ProjectAuditIdSequenceName] which is  optional  with value[project_audit_id_seq] from namespace [com.topcoder.management.project.persistence.InformixProjectPersistence].
Read propery[ConnectionFactoryNS] which is  required  with value[com.topcoder.db.connectionfactory.DBConnectionFactoryImpl] from namespace [com.topcoder.management.project.persistence.link.ProjectLinkManagerImpl].
Read propery[ConnectionName] which is  optional  with value[informix_connection] from namespace [com.topcoder.management.project.persistence.link.ProjectLinkManagerImpl].
read property ConnectionFactoryNS[com.topcoder.db.connectionfactory.DBConnectionFactoryImpl] from the namespace :com.topcoder.management.scorecard.persistence.InformixScorecardPersistence
read property ConnectionName[informix_connection] from the namespace :com.topcoder.management.scorecard.persistence.InformixScorecardPersistence
Instantiate SqlUploadPersistence with connectionFactory and connectioName:informix_connection
Instantiate PersistenceUploadManager with UploadPersistence, uploadSearchBundle, submissionSearchBundle, uploadIdGenerator, uploadTypeIdGenerator, uploadStatusIdGenerator, submissionIDGenerator, submissionStatusIdGenerator and submissionTypeIdGenerator.
Instantiate AbstractResourcePersistence with connectionFactory and connectionName[informix_connection].
load Resource role with ids:[J@1b508b6,[J@1b508b6,[J@1b508b6,[J@1b508b6,[J@1b508b6,[J@1b508b6,[J@1b508b6,[J@1b508b6,[J@1b508b6,[J@1b508b6,[J@1b508b6,[J@1b508b6,[J@1b508b6,[J@1b508b6,[J@1b508b6,[J@1b508b6,[J@1b508b6,[J@1b508b6,[J@1b508b6,[J@1b508b6,[J@1b508b6,[J@1b508b6
operator: UnknownresourceId: Unknown - creating db connection using connection name: informix_connection
committing transaction
Read propery[ConnectionFactoryNS] which is  required  with value[com.topcoder.db.connectionfactory.DBConnectionFactoryImpl] from namespace [com.topcoder.management.project.persistence.InformixProjectPersistence].
Read propery[ConnectionName] which is  optional  with value[informix_connection] from namespace [com.topcoder.management.project.persistence.InformixProjectPersistence].
Read propery[ProjectIdSequenceName] which is  optional  with value[project_id_seq] from namespace [com.topcoder.management.project.persistence.InformixProjectPersistence].
Read propery[ProjectAuditIdSequenceName] which is  optional  with value[project_audit_id_seq] from namespace [com.topcoder.management.project.persistence.InformixProjectPersistence].
Read propery[ConnectionFactoryNS] which is  required  with value[com.topcoder.db.connectionfactory.DBConnectionFactoryImpl] from namespace [com.topcoder.management.project.persistence.link.ProjectLinkManagerImpl].
Read propery[ConnectionName] which is  optional  with value[informix_connection] from namespace [com.topcoder.management.project.persistence.link.ProjectLinkManagerImpl].
read property ConnectionFactoryNS[com.topcoder.db.connectionfactory.DBConnectionFactoryImpl] from the namespace :com.topcoder.management.scorecard.persistence.InformixScorecardPersistence
read property ConnectionName[informix_connection] from the namespace :com.topcoder.management.scorecard.persistence.InformixScorecardPersistence
Instantiate SqlUploadPersistence with connectionFactory and connectioName:informix_connection
Instantiate PersistenceUploadManager with UploadPersistence, uploadSearchBundle, submissionSearchBundle, uploadIdGenerator, uploadTypeIdGenerator, uploadStatusIdGenerator, submissionIDGenerator, submissionStatusIdGenerator and submissionTypeIdGenerator.
Instantiate AbstractResourcePersistence with connectionFactory and connectionName[informix_connection].
load Resource role with ids:[J@17300c2,[J@17300c2,[J@17300c2,[J@17300c2,[J@17300c2,[J@17300c2,[J@17300c2,[J@17300c2,[J@17300c2,[J@17300c2,[J@17300c2,[J@17300c2,[J@17300c2,[J@17300c2,[J@17300c2,[J@17300c2,[J@17300c2,[J@17300c2,[J@17300c2,[J@17300c2,[J@17300c2,[J@17300c2
operator: UnknownresourceId: Unknown - creating db connection using connection name: informix_connection
committing transaction
type: Upload id: Unknown operator:Unknown - search submissions with filter. found: 2
load Resource with ids:[J@618102,[J@618102
operator: UnknownresourceId: Unknown - creating db connection using connection name: informix_connection
load ResourceRole with id:4
operator: UnknownresourceId: Unknown - creating db connection using connection name: informix_connection
committing transaction
load ResourceRole with id:4
operator: UnknownresourceId: Unknown - creating db connection using connection name: informix_connection
committing transaction
committing transaction
type: Submission id: 1 operator:1001 - update Submission.
type: Submission id: 1 operator:Unknown - Update Submission, it will update record in submission table.
create db connection using connection name:informix_connection
close the connection.
type: Submission id: 2 operator:1001 - update Submission.
type: Submission id: 2 operator:Unknown - Update Submission, it will update record in submission table.
create db connection using connection name:informix_connection
close the connection.
operator: UnknownresourceId: 4 - load resource.
operator: UnknownresourceId: Unknown - creating db connection using connection name: informix_connection
load ResourceRole with id:1
operator: UnknownresourceId: Unknown - creating db connection using connection name: informix_connection
committing transaction
committing transaction
operator: UnknownresourceId: 5 - load resource.
operator: UnknownresourceId: Unknown - creating db connection using connection name: informix_connection
load ResourceRole with id:1
operator: UnknownresourceId: Unknown - creating db connection using connection name: informix_connection
committing transaction
committing transaction
load Notifications with array of userIds/projectIds/notificationTypes.
operator: UnknownresourceId: Unknown - creating db connection using connection name: informix_connection
committing transaction
get projects with the ids: 1
operator: UnknownprojectId: Unknown - creating db connection using connection name: informix_connection
committing transaction
load Resource role with ids:[J@119c2af,[J@119c2af,[J@119c2af,[J@119c2af,[J@119c2af,[J@119c2af,[J@119c2af,[J@119c2af,[J@119c2af,[J@119c2af,[J@119c2af,[J@119c2af,[J@119c2af,[J@119c2af,[J@119c2af,[J@119c2af,[J@119c2af,[J@119c2af,[J@119c2af,[J@119c2af,[J@119c2af,[J@119c2af
operator: UnknownresourceId: Unknown - creating db connection using connection name: informix_connection
committing transaction
load Resource with ids:[J@c6e417,[J@c6e417,[J@c6e417
operator: UnknownresourceId: Unknown - creating db connection using connection name: informix_connection
load ResourceRole with id:4
operator: UnknownresourceId: Unknown - creating db connection using connection name: informix_connection
committing transaction
load ResourceRole with id:4
operator: UnknownresourceId: Unknown - creating db connection using connection name: informix_connection
committing transaction
load ResourceRole with id:4
operator: UnknownresourceId: Unknown - creating db connection using connection name: informix_connection
committing transaction
committing transaction
load Resource with ids:[J@1f27c91
operator: UnknownresourceId: Unknown - creating db connection using connection name: informix_connection
load ResourceRole with id:12
operator: UnknownresourceId: Unknown - creating db connection using connection name: informix_connection
committing transaction
committing transaction
load Resource with ids:[J@13579e0
operator: UnknownresourceId: Unknown - creating db connection using connection name: informix_connection
load ResourceRole with id:13
operator: UnknownresourceId: Unknown - creating db connection using connection name: informix_connection
committing transaction
committing transaction
load Resource with ids:[J@1d00cff
operator: UnknownresourceId: Unknown - creating db connection using connection name: informix_connection
load ResourceRole with id:9
operator: UnknownresourceId: Unknown - creating db connection using connection name: informix_connection
committing transaction
committing transaction
load Resource with ids:[J@18e1916,[J@18e1916
operator: UnknownresourceId: Unknown - creating db connection using connection name: informix_connection
load ResourceRole with id:1
operator: UnknownresourceId: Unknown - creating db connection using connection name: informix_connection
committing transaction
load ResourceRole with id:1
operator: UnknownresourceId: Unknown - creating db connection using connection name: informix_connection
committing transaction
committing transaction
operator: UnknownresourceId: 6 - load resource.
operator: UnknownresourceId: Unknown - creating db connection using connection name: informix_connection
load ResourceRole with id:4
operator: UnknownresourceId: Unknown - creating db connection using connection name: informix_connection
committing transaction
committing transaction
operator: UnknownresourceId: 4 - load resource.
operator: UnknownresourceId: Unknown - creating db connection using connection name: informix_connection
load ResourceRole with id:1
operator: UnknownresourceId: Unknown - creating db connection using connection name: informix_connection
committing transaction
committing transaction
operator: UnknownresourceId: 100000 - load resource.
operator: UnknownresourceId: Unknown - creating db connection using connection name: informix_connection
load ResourceRole with id:13
operator: UnknownresourceId: Unknown - creating db connection using connection name: informix_connection
committing transaction
committing transaction
operator: UnknownresourceId: 7 - load resource.
operator: UnknownresourceId: Unknown - creating db connection using connection name: informix_connection
load ResourceRole with id:4
operator: UnknownresourceId: Unknown - creating db connection using connection name: informix_connection
committing transaction
committing transaction
operator: UnknownresourceId: 5 - load resource.
operator: UnknownresourceId: Unknown - creating db connection using connection name: informix_connection
load ResourceRole with id:1
operator: UnknownresourceId: Unknown - creating db connection using connection name: informix_connection
committing transaction
committing transaction
load Resource with ids:[J@1995955,[J@1995955
operator: UnknownresourceId: Unknown - creating db connection using connection name: informix_connection
load ResourceRole with id:4
operator: UnknownresourceId: Unknown - creating db connection using connection name: informix_connection
committing transaction
load ResourceRole with id:4
operator: UnknownresourceId: Unknown - creating db connection using connection name: informix_connection
committing transaction
committing transaction
Read propery[ConnectionFactoryNS] which is  required  with value[com.topcoder.db.connectionfactory.DBConnectionFactoryImpl] from namespace [com.topcoder.management.project.persistence.InformixProjectPersistence].
Read propery[ConnectionName] which is  optional  with value[informix_connection] from namespace [com.topcoder.management.project.persistence.InformixProjectPersistence].
Read propery[ProjectIdSequenceName] which is  optional  with value[project_id_seq] from namespace [com.topcoder.management.project.persistence.InformixProjectPersistence].
Read propery[ProjectAuditIdSequenceName] which is  optional  with value[project_audit_id_seq] from namespace [com.topcoder.management.project.persistence.InformixProjectPersistence].
Read propery[ConnectionFactoryNS] which is  required  with value[com.topcoder.db.connectionfactory.DBConnectionFactoryImpl] from namespace [com.topcoder.management.project.persistence.link.ProjectLinkManagerImpl].
Read propery[ConnectionName] which is  optional  with value[informix_connection] from namespace [com.topcoder.management.project.persistence.link.ProjectLinkManagerImpl].
read property ConnectionFactoryNS[com.topcoder.db.connectionfactory.DBConnectionFactoryImpl] from the namespace :com.topcoder.management.scorecard.persistence.InformixScorecardPersistence
read property ConnectionName[informix_connection] from the namespace :com.topcoder.management.scorecard.persistence.InformixScorecardPersistence
Instantiate SqlUploadPersistence with connectionFactory and connectioName:informix_connection
Instantiate PersistenceUploadManager with UploadPersistence, uploadSearchBundle, submissionSearchBundle, uploadIdGenerator, uploadTypeIdGenerator, uploadStatusIdGenerator, submissionIDGenerator, submissionStatusIdGenerator and submissionTypeIdGenerator.
Instantiate AbstractResourcePersistence with connectionFactory and connectionName[informix_connection].
load Resource role with ids:[J@110b308,[J@110b308,[J@110b308,[J@110b308,[J@110b308,[J@110b308,[J@110b308,[J@110b308,[J@110b308,[J@110b308,[J@110b308,[J@110b308,[J@110b308,[J@110b308,[J@110b308,[J@110b308,[J@110b308,[J@110b308,[J@110b308,[J@110b308,[J@110b308,[J@110b308
operator: UnknownresourceId: Unknown - creating db connection using connection name: informix_connection
committing transaction
Read propery[ConnectionFactoryNS] which is  required  with value[com.topcoder.db.connectionfactory.DBConnectionFactoryImpl] from namespace [com.topcoder.management.project.persistence.InformixProjectPersistence].
Read propery[ConnectionName] which is  optional  with value[informix_connection] from namespace [com.topcoder.management.project.persistence.InformixProjectPersistence].
Read propery[ProjectIdSequenceName] which is  optional  with value[project_id_seq] from namespace [com.topcoder.management.project.persistence.InformixProjectPersistence].
Read propery[ProjectAuditIdSequenceName] which is  optional  with value[project_audit_id_seq] from namespace [com.topcoder.management.project.persistence.InformixProjectPersistence].
Read propery[ConnectionFactoryNS] which is  required  with value[com.topcoder.db.connectionfactory.DBConnectionFactoryImpl] from namespace [com.topcoder.management.project.persistence.link.ProjectLinkManagerImpl].
Read propery[ConnectionName] which is  optional  with value[informix_connection] from namespace [com.topcoder.management.project.persistence.link.ProjectLinkManagerImpl].
read property ConnectionFactoryNS[com.topcoder.db.connectionfactory.DBConnectionFactoryImpl] from the namespace :com.topcoder.management.scorecard.persistence.InformixScorecardPersistence
read property ConnectionName[informix_connection] from the namespace :com.topcoder.management.scorecard.persistence.InformixScorecardPersistence
Instantiate SqlUploadPersistence with connectionFactory and connectioName:informix_connection
Instantiate PersistenceUploadManager with UploadPersistence, uploadSearchBundle, submissionSearchBundle, uploadIdGenerator, uploadTypeIdGenerator, uploadStatusIdGenerator, submissionIDGenerator, submissionStatusIdGenerator and submissionTypeIdGenerator.
Instantiate AbstractResourcePersistence with connectionFactory and connectionName[informix_connection].
load Resource role with ids:[J@552da4,[J@552da4,[J@552da4,[J@552da4,[J@552da4,[J@552da4,[J@552da4,[J@552da4,[J@552da4,[J@552da4,[J@552da4,[J@552da4,[J@552da4,[J@552da4,[J@552da4,[J@552da4,[J@552da4,[J@552da4,[J@552da4,[J@552da4,[J@552da4,[J@552da4
operator: UnknownresourceId: Unknown - creating db connection using connection name: informix_connection
committing transaction
type: Upload id: Unknown operator:Unknown - search submissions with filter. found: 2
load Resource with ids:[J@59e0e5,[J@59e0e5
operator: UnknownresourceId: Unknown - creating db connection using connection name: informix_connection
load ResourceRole with id:4
operator: UnknownresourceId: Unknown - creating db connection using connection name: informix_connection
committing transaction
load ResourceRole with id:4
operator: UnknownresourceId: Unknown - creating db connection using connection name: informix_connection
committing transaction
committing transaction
type: Submission id: 1 operator:1001 - update Submission.
type: Submission id: 1 operator:Unknown - Update Submission, it will update record in submission table.
create db connection using connection name:informix_connection
close the connection.
type: Submission id: 2 operator:1001 - update Submission.
type: Submission id: 2 operator:Unknown - Update Submission, it will update record in submission table.
create db connection using connection name:informix_connection
close the connection.
operator: UnknownresourceId: 4 - load resource.
operator: UnknownresourceId: Unknown - creating db connection using connection name: informix_connection
load ResourceRole with id:1
operator: UnknownresourceId: Unknown - creating db connection using connection name: informix_connection
committing transaction
committing transaction
operator: UnknownresourceId: 5 - load resource.
operator: UnknownresourceId: Unknown - creating db connection using connection name: informix_connection
load ResourceRole with id:1
operator: UnknownresourceId: Unknown - creating db connection using connection name: informix_connection
committing transaction
committing transaction
load Notifications with array of userIds/projectIds/notificationTypes.
operator: UnknownresourceId: Unknown - creating db connection using connection name: informix_connection
committing transaction
get projects with the ids: 1
operator: UnknownprojectId: Unknown - creating db connection using connection name: informix_connection
committing transaction
load Resource role with ids:[J@17a1f08,[J@17a1f08,[J@17a1f08,[J@17a1f08,[J@17a1f08,[J@17a1f08,[J@17a1f08,[J@17a1f08,[J@17a1f08,[J@17a1f08,[J@17a1f08,[J@17a1f08,[J@17a1f08,[J@17a1f08,[J@17a1f08,[J@17a1f08,[J@17a1f08,[J@17a1f08,[J@17a1f08,[J@17a1f08,[J@17a1f08,[J@17a1f08
operator: UnknownresourceId: Unknown - creating db connection using connection name: informix_connection
committing transaction
load Resource with ids:[J@fea41a,[J@fea41a,[J@fea41a
operator: UnknownresourceId: Unknown - creating db connection using connection name: informix_connection
load ResourceRole with id:4
operator: UnknownresourceId: Unknown - creating db connection using connection name: informix_connection
committing transaction
load ResourceRole with id:4
operator: UnknownresourceId: Unknown - creating db connection using connection name: informix_connection
committing transaction
load ResourceRole with id:4
operator: UnknownresourceId: Unknown - creating db connection using connection name: informix_connection
committing transaction
committing transaction
load Resource with ids:[J@de323b
operator: UnknownresourceId: Unknown - creating db connection using connection name: informix_connection
load ResourceRole with id:12
operator: UnknownresourceId: Unknown - creating db connection using connection name: informix_connection
committing transaction
committing transaction
load Resource with ids:[J@f58a2a
operator: UnknownresourceId: Unknown - creating db connection using connection name: informix_connection
load ResourceRole with id:13
operator: UnknownresourceId: Unknown - creating db connection using connection name: informix_connection
committing transaction
committing transaction
load Resource with ids:[J@7ccb74
operator: UnknownresourceId: Unknown - creating db connection using connection name: informix_connection
load ResourceRole with id:9
operator: UnknownresourceId: Unknown - creating db connection using connection name: informix_connection
committing transaction
committing transaction
load Resource with ids:[J@1a472e9,[J@1a472e9
operator: UnknownresourceId: Unknown - creating db connection using connection name: informix_connection
load ResourceRole with id:1
operator: UnknownresourceId: Unknown - creating db connection using connection name: informix_connection
committing transaction
load ResourceRole with id:1
operator: UnknownresourceId: Unknown - creating db connection using connection name: informix_connection
committing transaction
committing transaction
operator: UnknownresourceId: 6 - load resource.
operator: UnknownresourceId: Unknown - creating db connection using connection name: informix_connection
load ResourceRole with id:4
operator: UnknownresourceId: Unknown - creating db connection using connection name: informix_connection
committing transaction
committing transaction
operator: UnknownresourceId: 4 - load resource.
operator: UnknownresourceId: Unknown - creating db connection using connection name: informix_connection
load ResourceRole with id:1
operator: UnknownresourceId: Unknown - creating db connection using connection name: informix_connection
committing transaction
committing transaction
operator: UnknownresourceId: 100000 - load resource.
operator: UnknownresourceId: Unknown - creating db connection using connection name: informix_connection
load ResourceRole with id:13
operator: UnknownresourceId: Unknown - creating db connection using connection name: informix_connection
committing transaction
committing transaction
operator: UnknownresourceId: 7 - load resource.
operator: UnknownresourceId: Unknown - creating db connection using connection name: informix_connection
load ResourceRole with id:4
operator: UnknownresourceId: Unknown - creating db connection using connection name: informix_connection
committing transaction
committing transaction
operator: UnknownresourceId: 5 - load resource.
operator: UnknownresourceId: Unknown - creating db connection using connection name: informix_connection
load ResourceRole with id:1
operator: UnknownresourceId: Unknown - creating db connection using connection name: informix_connection
committing transaction
committing transaction
load Resource with ids:[J@3cdbec,[J@3cdbec
operator: UnknownresourceId: Unknown - creating db connection using connection name: informix_connection
load ResourceRole with id:4
operator: UnknownresourceId: Unknown - creating db connection using connection name: informix_connection
committing transaction
load ResourceRole with id:4
operator: UnknownresourceId: Unknown - creating db connection using connection name: informix_connection
committing transaction
committing transaction
Read propery[ConnectionFactoryNS] which is  required  with value[com.topcoder.db.connectionfactory.DBConnectionFactoryImpl] from namespace [com.topcoder.management.project.persistence.InformixProjectPersistence].
Read propery[ConnectionName] which is  optional  with value[informix_connection] from namespace [com.topcoder.management.project.persistence.InformixProjectPersistence].
Read propery[ProjectIdSequenceName] which is  optional  with value[project_id_seq] from namespace [com.topcoder.management.project.persistence.InformixProjectPersistence].
Read propery[ProjectAuditIdSequenceName] which is  optional  with value[project_audit_id_seq] from namespace [com.topcoder.management.project.persistence.InformixProjectPersistence].
Read propery[ConnectionFactoryNS] which is  required  with value[com.topcoder.db.connectionfactory.DBConnectionFactoryImpl] from namespace [com.topcoder.management.project.persistence.link.ProjectLinkManagerImpl].
Read propery[ConnectionName] which is  optional  with value[informix_connection] from namespace [com.topcoder.management.project.persistence.link.ProjectLinkManagerImpl].
read property ConnectionFactoryNS[com.topcoder.db.connectionfactory.DBConnectionFactoryImpl] from the namespace :com.topcoder.management.scorecard.persistence.InformixScorecardPersistence
read property ConnectionName[informix_connection] from the namespace :com.topcoder.management.scorecard.persistence.InformixScorecardPersistence
Instantiate SqlUploadPersistence with connectionFactory and connectioName:informix_connection
Instantiate PersistenceUploadManager with UploadPersistence, uploadSearchBundle, submissionSearchBundle, uploadIdGenerator, uploadTypeIdGenerator, uploadStatusIdGenerator, submissionIDGenerator, submissionStatusIdGenerator and submissionTypeIdGenerator.
Instantiate AbstractResourcePersistence with connectionFactory and connectionName[informix_connection].
load Resource role with ids:[J@a7d8b0,[J@a7d8b0,[J@a7d8b0,[J@a7d8b0,[J@a7d8b0,[J@a7d8b0,[J@a7d8b0,[J@a7d8b0,[J@a7d8b0,[J@a7d8b0,[J@a7d8b0,[J@a7d8b0,[J@a7d8b0,[J@a7d8b0,[J@a7d8b0,[J@a7d8b0,[J@a7d8b0,[J@a7d8b0,[J@a7d8b0,[J@a7d8b0,[J@a7d8b0,[J@a7d8b0
operator: UnknownresourceId: Unknown - creating db connection using connection name: informix_connection
committing transaction
load Resource with ids:[J@f74fc5
operator: UnknownresourceId: Unknown - creating db connection using connection name: informix_connection
load ResourceRole with id:4
operator: UnknownresourceId: Unknown - creating db connection using connection name: informix_connection
committing transaction
committing transaction
type: Upload id: Unknown operator:Unknown - search submissions with filter. found: 1
load Resource with ids:[J@3fe977
operator: UnknownresourceId: Unknown - creating db connection using connection name: informix_connection
load ResourceRole with id:4
operator: UnknownresourceId: Unknown - creating db connection using connection name: informix_connection
committing transaction
committing transaction
Read propery[ConnectionFactoryNS] which is  required  with value[com.topcoder.db.connectionfactory.DBConnectionFactoryImpl] from namespace [com.topcoder.management.project.persistence.InformixProjectPersistence].
Read propery[ConnectionName] which is  optional  with value[informix_connection] from namespace [com.topcoder.management.project.persistence.InformixProjectPersistence].
Read propery[ProjectIdSequenceName] which is  optional  with value[project_id_seq] from namespace [com.topcoder.management.project.persistence.InformixProjectPersistence].
Read propery[ProjectAuditIdSequenceName] which is  optional  with value[project_audit_id_seq] from namespace [com.topcoder.management.project.persistence.InformixProjectPersistence].
Read propery[ConnectionFactoryNS] which is  required  with value[com.topcoder.db.connectionfactory.DBConnectionFactoryImpl] from namespace [com.topcoder.management.project.persistence.link.ProjectLinkManagerImpl].
Read propery[ConnectionName] which is  optional  with value[informix_connection] from namespace [com.topcoder.management.project.persistence.link.ProjectLinkManagerImpl].
read property ConnectionFactoryNS[com.topcoder.db.connectionfactory.DBConnectionFactoryImpl] from the namespace :com.topcoder.management.scorecard.persistence.InformixScorecardPersistence
read property ConnectionName[informix_connection] from the namespace :com.topcoder.management.scorecard.persistence.InformixScorecardPersistence
Instantiate SqlUploadPersistence with connectionFactory and connectioName:informix_connection
Instantiate PersistenceUploadManager with UploadPersistence, uploadSearchBundle, submissionSearchBundle, uploadIdGenerator, uploadTypeIdGenerator, uploadStatusIdGenerator, submissionIDGenerator, submissionStatusIdGenerator and submissionTypeIdGenerator.
Instantiate AbstractResourcePersistence with connectionFactory and connectionName[informix_connection].
load Resource role with ids:[J@a60ffc,[J@a60ffc,[J@a60ffc,[J@a60ffc,[J@a60ffc,[J@a60ffc,[J@a60ffc,[J@a60ffc,[J@a60ffc,[J@a60ffc,[J@a60ffc,[J@a60ffc,[J@a60ffc,[J@a60ffc,[J@a60ffc,[J@a60ffc,[J@a60ffc,[J@a60ffc,[J@a60ffc,[J@a60ffc,[J@a60ffc,[J@a60ffc
operator: UnknownresourceId: Unknown - creating db connection using connection name: informix_connection
committing transaction
Read propery[ConnectionFactoryNS] which is  required  with value[com.topcoder.db.connectionfactory.DBConnectionFactoryImpl] from namespace [com.topcoder.management.project.persistence.InformixProjectPersistence].
Read propery[ConnectionName] which is  optional  with value[informix_connection] from namespace [com.topcoder.management.project.persistence.InformixProjectPersistence].
Read propery[ProjectIdSequenceName] which is  optional  with value[project_id_seq] from namespace [com.topcoder.management.project.persistence.InformixProjectPersistence].
Read propery[ProjectAuditIdSequenceName] which is  optional  with value[project_audit_id_seq] from namespace [com.topcoder.management.project.persistence.InformixProjectPersistence].
Read propery[ConnectionFactoryNS] which is  required  with value[com.topcoder.db.connectionfactory.DBConnectionFactoryImpl] from namespace [com.topcoder.management.project.persistence.link.ProjectLinkManagerImpl].
Read propery[ConnectionName] which is  optional  with value[informix_connection] from namespace [com.topcoder.management.project.persistence.link.ProjectLinkManagerImpl].
read property ConnectionFactoryNS[com.topcoder.db.connectionfactory.DBConnectionFactoryImpl] from the namespace :com.topcoder.management.scorecard.persistence.InformixScorecardPersistence
read property ConnectionName[informix_connection] from the namespace :com.topcoder.management.scorecard.persistence.InformixScorecardPersistence
Instantiate SqlUploadPersistence with connectionFactory and connectioName:informix_connection
Instantiate PersistenceUploadManager with UploadPersistence, uploadSearchBundle, submissionSearchBundle, uploadIdGenerator, uploadTypeIdGenerator, uploadStatusIdGenerator, submissionIDGenerator, submissionStatusIdGenerator and submissionTypeIdGenerator.
Instantiate AbstractResourcePersistence with connectionFactory and connectionName[informix_connection].
load Resource role with ids:[J@44fec1,[J@44fec1,[J@44fec1,[J@44fec1,[J@44fec1,[J@44fec1,[J@44fec1,[J@44fec1,[J@44fec1,[J@44fec1,[J@44fec1,[J@44fec1,[J@44fec1,[J@44fec1,[J@44fec1,[J@44fec1,[J@44fec1,[J@44fec1,[J@44fec1,[J@44fec1,[J@44fec1,[J@44fec1
operator: UnknownresourceId: Unknown - creating db connection using connection name: informix_connection
committing transaction
Read propery[ConnectionFactoryNS] which is  required  with value[com.topcoder.db.connectionfactory.DBConnectionFactoryImpl] from namespace [com.topcoder.management.project.persistence.InformixProjectPersistence].
Read propery[ConnectionName] which is  optional  with value[informix_connection] from namespace [com.topcoder.management.project.persistence.InformixProjectPersistence].
Read propery[ProjectIdSequenceName] which is  optional  with value[project_id_seq] from namespace [com.topcoder.management.project.persistence.InformixProjectPersistence].
Read propery[ProjectAuditIdSequenceName] which is  optional  with value[project_audit_id_seq] from namespace [com.topcoder.management.project.persistence.InformixProjectPersistence].
Read propery[ConnectionFactoryNS] which is  required  with value[com.topcoder.db.connectionfactory.DBConnectionFactoryImpl] from namespace [com.topcoder.management.project.persistence.link.ProjectLinkManagerImpl].
Read propery[ConnectionName] which is  optional  with value[informix_connection] from namespace [com.topcoder.management.project.persistence.link.ProjectLinkManagerImpl].
read property ConnectionFactoryNS[com.topcoder.db.connectionfactory.DBConnectionFactoryImpl] from the namespace :com.topcoder.management.scorecard.persistence.InformixScorecardPersistence
read property ConnectionName[informix_connection] from the namespace :com.topcoder.management.scorecard.persistence.InformixScorecardPersistence
Instantiate SqlUploadPersistence with connectionFactory and connectioName:informix_connection
Instantiate PersistenceUploadManager with UploadPersistence, uploadSearchBundle, submissionSearchBundle, uploadIdGenerator, uploadTypeIdGenerator, uploadStatusIdGenerator, submissionIDGenerator, submissionStatusIdGenerator and submissionTypeIdGenerator.
Instantiate AbstractResourcePersistence with connectionFactory and connectionName[informix_connection].
load Resource role with ids:[J@1933923,[J@1933923,[J@1933923,[J@1933923,[J@1933923,[J@1933923,[J@1933923,[J@1933923,[J@1933923,[J@1933923,[J@1933923,[J@1933923,[J@1933923,[J@1933923,[J@1933923,[J@1933923,[J@1933923,[J@1933923,[J@1933923,[J@1933923,[J@1933923,[J@1933923
operator: UnknownresourceId: Unknown - creating db connection using connection name: informix_connection
committing transaction
Read propery[ConnectionFactoryNS] which is  required  with value[com.topcoder.db.connectionfactory.DBConnectionFactoryImpl] from namespace [com.topcoder.management.project.persistence.InformixProjectPersistence].
Read propery[ConnectionName] which is  optional  with value[informix_connection] from namespace [com.topcoder.management.project.persistence.InformixProjectPersistence].
Read propery[ProjectIdSequenceName] which is  optional  with value[project_id_seq] from namespace [com.topcoder.management.project.persistence.InformixProjectPersistence].
Read propery[ProjectAuditIdSequenceName] which is  optional  with value[project_audit_id_seq] from namespace [com.topcoder.management.project.persistence.InformixProjectPersistence].
Read propery[ConnectionFactoryNS] which is  required  with value[com.topcoder.db.connectionfactory.DBConnectionFactoryImpl] from namespace [com.topcoder.management.project.persistence.link.ProjectLinkManagerImpl].
Read propery[ConnectionName] which is  optional  with value[informix_connection] from namespace [com.topcoder.management.project.persistence.link.ProjectLinkManagerImpl].
read property ConnectionFactoryNS[com.topcoder.db.connectionfactory.DBConnectionFactoryImpl] from the namespace :com.topcoder.management.scorecard.persistence.InformixScorecardPersistence
read property ConnectionName[informix_connection] from the namespace :com.topcoder.management.scorecard.persistence.InformixScorecardPersistence
Instantiate SqlUploadPersistence with connectionFactory and connectioName:informix_connection
Instantiate PersistenceUploadManager with UploadPersistence, uploadSearchBundle, submissionSearchBundle, uploadIdGenerator, uploadTypeIdGenerator, uploadStatusIdGenerator, submissionIDGenerator, submissionStatusIdGenerator and submissionTypeIdGenerator.
Instantiate AbstractResourcePersistence with connectionFactory and connectionName[informix_connection].
load Resource role with ids:[J@ef152b,[J@ef152b,[J@ef152b,[J@ef152b,[J@ef152b,[J@ef152b,[J@ef152b,[J@ef152b,[J@ef152b,[J@ef152b,[J@ef152b,[J@ef152b,[J@ef152b,[J@ef152b,[J@ef152b,[J@ef152b,[J@ef152b,[J@ef152b,[J@ef152b,[J@ef152b,[J@ef152b,[J@ef152b
operator: UnknownresourceId: Unknown - creating db connection using connection name: informix_connection
committing transaction
Read propery[ConnectionFactoryNS] which is  required  with value[com.topcoder.db.connectionfactory.DBConnectionFactoryImpl] from namespace [com.topcoder.management.project.persistence.InformixProjectPersistence].
Read propery[ConnectionName] which is  optional  with value[informix_connection] from namespace [com.topcoder.management.project.persistence.InformixProjectPersistence].
Read propery[ProjectIdSequenceName] which is  optional  with value[project_id_seq] from namespace [com.topcoder.management.project.persistence.InformixProjectPersistence].
Read propery[ProjectAuditIdSequenceName] which is  optional  with value[project_audit_id_seq] from namespace [com.topcoder.management.project.persistence.InformixProjectPersistence].
Read propery[ConnectionFactoryNS] which is  required  with value[com.topcoder.db.connectionfactory.DBConnectionFactoryImpl] from namespace [com.topcoder.management.project.persistence.link.ProjectLinkManagerImpl].
Read propery[ConnectionName] which is  optional  with value[informix_connection] from namespace [com.topcoder.management.project.persistence.link.ProjectLinkManagerImpl].
read property ConnectionFactoryNS[com.topcoder.db.connectionfactory.DBConnectionFactoryImpl] from the namespace :com.topcoder.management.scorecard.persistence.InformixScorecardPersistence
read property ConnectionName[informix_connection] from the namespace :com.topcoder.management.scorecard.persistence.InformixScorecardPersistence
Instantiate SqlUploadPersistence with connectionFactory and connectioName:informix_connection
Instantiate PersistenceUploadManager with UploadPersistence, uploadSearchBundle, submissionSearchBundle, uploadIdGenerator, uploadTypeIdGenerator, uploadStatusIdGenerator, submissionIDGenerator, submissionStatusIdGenerator and submissionTypeIdGenerator.
Instantiate AbstractResourcePersistence with connectionFactory and connectionName[informix_connection].
load Resource role with ids:[J@d2b43f,[J@d2b43f,[J@d2b43f,[J@d2b43f,[J@d2b43f,[J@d2b43f,[J@d2b43f,[J@d2b43f,[J@d2b43f,[J@d2b43f,[J@d2b43f,[J@d2b43f,[J@d2b43f,[J@d2b43f,[J@d2b43f,[J@d2b43f,[J@d2b43f,[J@d2b43f,[J@d2b43f,[J@d2b43f,[J@d2b43f,[J@d2b43f
operator: UnknownresourceId: Unknown - creating db connection using connection name: informix_connection
committing transaction
Read propery[ConnectionFactoryNS] which is  required  with value[com.topcoder.db.connectionfactory.DBConnectionFactoryImpl] from namespace [com.topcoder.management.project.persistence.InformixProjectPersistence].
Read propery[ConnectionName] which is  optional  with value[informix_connection] from namespace [com.topcoder.management.project.persistence.InformixProjectPersistence].
Read propery[ProjectIdSequenceName] which is  optional  with value[project_id_seq] from namespace [com.topcoder.management.project.persistence.InformixProjectPersistence].
Read propery[ProjectAuditIdSequenceName] which is  optional  with value[project_audit_id_seq] from namespace [com.topcoder.management.project.persistence.InformixProjectPersistence].
Read propery[ConnectionFactoryNS] which is  required  with value[com.topcoder.db.connectionfactory.DBConnectionFactoryImpl] from namespace [com.topcoder.management.project.persistence.link.ProjectLinkManagerImpl].
Read propery[ConnectionName] which is  optional  with value[informix_connection] from namespace [com.topcoder.management.project.persistence.link.ProjectLinkManagerImpl].
read property ConnectionFactoryNS[com.topcoder.db.connectionfactory.DBConnectionFactoryImpl] from the namespace :com.topcoder.management.scorecard.persistence.InformixScorecardPersistence
read property ConnectionName[informix_connection] from the namespace :com.topcoder.management.scorecard.persistence.InformixScorecardPersistence
Instantiate SqlUploadPersistence with connectionFactory and connectioName:informix_connection
Instantiate PersistenceUploadManager with UploadPersistence, uploadSearchBundle, submissionSearchBundle, uploadIdGenerator, uploadTypeIdGenerator, uploadStatusIdGenerator, submissionIDGenerator, submissionStatusIdGenerator and submissionTypeIdGenerator.
Instantiate AbstractResourcePersistence with connectionFactory and connectionName[informix_connection].
load Resource role with ids:[J@7ce531,[J@7ce531,[J@7ce531,[J@7ce531,[J@7ce531,[J@7ce531,[J@7ce531,[J@7ce531,[J@7ce531,[J@7ce531,[J@7ce531,[J@7ce531,[J@7ce531,[J@7ce531,[J@7ce531,[J@7ce531,[J@7ce531,[J@7ce531,[J@7ce531,[J@7ce531,[J@7ce531,[J@7ce531
operator: UnknownresourceId: Unknown - creating db connection using connection name: informix_connection
committing transaction
Read propery[ConnectionFactoryNS] which is  required  with value[com.topcoder.db.connectionfactory.DBConnectionFactoryImpl] from namespace [com.topcoder.management.project.persistence.InformixProjectPersistence].
Read propery[ConnectionName] which is  optional  with value[informix_connection] from namespace [com.topcoder.management.project.persistence.InformixProjectPersistence].
Read propery[ProjectIdSequenceName] which is  optional  with value[project_id_seq] from namespace [com.topcoder.management.project.persistence.InformixProjectPersistence].
Read propery[ProjectAuditIdSequenceName] which is  optional  with value[project_audit_id_seq] from namespace [com.topcoder.management.project.persistence.InformixProjectPersistence].
Read propery[ConnectionFactoryNS] which is  required  with value[com.topcoder.db.connectionfactory.DBConnectionFactoryImpl] from namespace [com.topcoder.management.project.persistence.link.ProjectLinkManagerImpl].
Read propery[ConnectionName] which is  optional  with value[informix_connection] from namespace [com.topcoder.management.project.persistence.link.ProjectLinkManagerImpl].
read property ConnectionFactoryNS[com.topcoder.db.connectionfactory.DBConnectionFactoryImpl] from the namespace :com.topcoder.management.scorecard.persistence.InformixScorecardPersistence
read property ConnectionName[informix_connection] from the namespace :com.topcoder.management.scorecard.persistence.InformixScorecardPersistence
Instantiate SqlUploadPersistence with connectionFactory and connectioName:informix_connection
Instantiate PersistenceUploadManager with UploadPersistence, uploadSearchBundle, submissionSearchBundle, uploadIdGenerator, uploadTypeIdGenerator, uploadStatusIdGenerator, submissionIDGenerator, submissionStatusIdGenerator and submissionTypeIdGenerator.
Instantiate AbstractResourcePersistence with connectionFactory and connectionName[informix_connection].
load Resource role with ids:[J@e8eb96,[J@e8eb96,[J@e8eb96,[J@e8eb96,[J@e8eb96,[J@e8eb96,[J@e8eb96,[J@e8eb96,[J@e8eb96,[J@e8eb96,[J@e8eb96,[J@e8eb96,[J@e8eb96,[J@e8eb96,[J@e8eb96,[J@e8eb96,[J@e8eb96,[J@e8eb96,[J@e8eb96,[J@e8eb96,[J@e8eb96,[J@e8eb96
operator: UnknownresourceId: Unknown - creating db connection using connection name: informix_connection
committing transaction
Read propery[ConnectionFactoryNS] which is  required  with value[com.topcoder.db.connectionfactory.DBConnectionFactoryImpl] from namespace [com.topcoder.management.project.persistence.InformixProjectPersistence].
Read propery[ConnectionName] which is  optional  with value[informix_connection] from namespace [com.topcoder.management.project.persistence.InformixProjectPersistence].
Read propery[ProjectIdSequenceName] which is  optional  with value[project_id_seq] from namespace [com.topcoder.management.project.persistence.InformixProjectPersistence].
Read propery[ProjectAuditIdSequenceName] which is  optional  with value[project_audit_id_seq] from namespace [com.topcoder.management.project.persistence.InformixProjectPersistence].
Read propery[ConnectionFactoryNS] which is  required  with value[com.topcoder.db.connectionfactory.DBConnectionFactoryImpl] from namespace [com.topcoder.management.project.persistence.link.ProjectLinkManagerImpl].
Read propery[ConnectionName] which is  optional  with value[informix_connection] from namespace [com.topcoder.management.project.persistence.link.ProjectLinkManagerImpl].
read property ConnectionFactoryNS[com.topcoder.db.connectionfactory.DBConnectionFactoryImpl] from the namespace :com.topcoder.management.scorecard.persistence.InformixScorecardPersistence
read property ConnectionName[informix_connection] from the namespace :com.topcoder.management.scorecard.persistence.InformixScorecardPersistence
Instantiate SqlUploadPersistence with connectionFactory and connectioName:informix_connection
Instantiate PersistenceUploadManager with UploadPersistence, uploadSearchBundle, submissionSearchBundle, uploadIdGenerator, uploadTypeIdGenerator, uploadStatusIdGenerator, submissionIDGenerator, submissionStatusIdGenerator and submissionTypeIdGenerator.
Instantiate AbstractResourcePersistence with connectionFactory and connectionName[informix_connection].
load Resource role with ids:[J@1d32fef,[J@1d32fef,[J@1d32fef,[J@1d32fef,[J@1d32fef,[J@1d32fef,[J@1d32fef,[J@1d32fef,[J@1d32fef,[J@1d32fef,[J@1d32fef,[J@1d32fef,[J@1d32fef,[J@1d32fef,[J@1d32fef,[J@1d32fef,[J@1d32fef,[J@1d32fef,[J@1d32fef,[J@1d32fef,[J@1d32fef,[J@1d32fef
operator: UnknownresourceId: Unknown - creating db connection using connection name: informix_connection
committing transaction
Read propery[ConnectionFactoryNS] which is  required  with value[com.topcoder.db.connectionfactory.DBConnectionFactoryImpl] from namespace [com.topcoder.management.project.persistence.InformixProjectPersistence].
Read propery[ConnectionName] which is  optional  with value[informix_connection] from namespace [com.topcoder.management.project.persistence.InformixProjectPersistence].
Read propery[ProjectIdSequenceName] which is  optional  with value[project_id_seq] from namespace [com.topcoder.management.project.persistence.InformixProjectPersistence].
Read propery[ProjectAuditIdSequenceName] which is  optional  with value[project_audit_id_seq] from namespace [com.topcoder.management.project.persistence.InformixProjectPersistence].
Read propery[ConnectionFactoryNS] which is  required  with value[com.topcoder.db.connectionfactory.DBConnectionFactoryImpl] from namespace [com.topcoder.management.project.persistence.link.ProjectLinkManagerImpl].
Read propery[ConnectionName] which is  optional  with value[informix_connection] from namespace [com.topcoder.management.project.persistence.link.ProjectLinkManagerImpl].
read property ConnectionFactoryNS[com.topcoder.db.connectionfactory.DBConnectionFactoryImpl] from the namespace :com.topcoder.management.scorecard.persistence.InformixScorecardPersistence
read property ConnectionName[informix_connection] from the namespace :com.topcoder.management.scorecard.persistence.InformixScorecardPersistence
Instantiate SqlUploadPersistence with connectionFactory and connectioName:informix_connection
Instantiate PersistenceUploadManager with UploadPersistence, uploadSearchBundle, submissionSearchBundle, uploadIdGenerator, uploadTypeIdGenerator, uploadStatusIdGenerator, submissionIDGenerator, submissionStatusIdGenerator and submissionTypeIdGenerator.
Instantiate AbstractResourcePersistence with connectionFactory and connectionName[informix_connection].
load Resource role with ids:[J@1d02cf0,[J@1d02cf0,[J@1d02cf0,[J@1d02cf0,[J@1d02cf0,[J@1d02cf0,[J@1d02cf0,[J@1d02cf0,[J@1d02cf0,[J@1d02cf0,[J@1d02cf0,[J@1d02cf0,[J@1d02cf0,[J@1d02cf0,[J@1d02cf0,[J@1d02cf0,[J@1d02cf0,[J@1d02cf0,[J@1d02cf0,[J@1d02cf0,[J@1d02cf0,[J@1d02cf0
operator: UnknownresourceId: Unknown - creating db connection using connection name: informix_connection
committing transaction
get projects with the ids: 1
operator: UnknownprojectId: Unknown - creating db connection using connection name: informix_connection
committing transaction
can't open aggregation because there is no winner for project: 1
can't open aggregation because there is no Aggregator for project: 1
get projects with the ids: 1
operator: UnknownprojectId: Unknown - creating db connection using connection name: informix_connection
committing transaction
load Resource with ids:[J@6e1cbf
operator: UnknownresourceId: Unknown - creating db connection using connection name: informix_connection
load ResourceRole with id:1
operator: UnknownresourceId: Unknown - creating db connection using connection name: informix_connection
committing transaction
committing transaction
load Resource with ids:[J@17c6631
operator: UnknownresourceId: Unknown - creating db connection using connection name: informix_connection
load ResourceRole with id:8
operator: UnknownresourceId: Unknown - creating db connection using connection name: informix_connection
committing transaction
committing transaction
Read propery[ConnectionFactoryNS] which is  required  with value[com.topcoder.db.connectionfactory.DBConnectionFactoryImpl] from namespace [com.topcoder.management.project.persistence.InformixProjectPersistence].
Read propery[ConnectionName] which is  optional  with value[informix_connection] from namespace [com.topcoder.management.project.persistence.InformixProjectPersistence].
Read propery[ProjectIdSequenceName] which is  optional  with value[project_id_seq] from namespace [com.topcoder.management.project.persistence.InformixProjectPersistence].
Read propery[ProjectAuditIdSequenceName] which is  optional  with value[project_audit_id_seq] from namespace [com.topcoder.management.project.persistence.InformixProjectPersistence].
Read propery[ConnectionFactoryNS] which is  required  with value[com.topcoder.db.connectionfactory.DBConnectionFactoryImpl] from namespace [com.topcoder.management.project.persistence.link.ProjectLinkManagerImpl].
Read propery[ConnectionName] which is  optional  with value[informix_connection] from namespace [com.topcoder.management.project.persistence.link.ProjectLinkManagerImpl].
read property ConnectionFactoryNS[com.topcoder.db.connectionfactory.DBConnectionFactoryImpl] from the namespace :com.topcoder.management.scorecard.persistence.InformixScorecardPersistence
read property ConnectionName[informix_connection] from the namespace :com.topcoder.management.scorecard.persistence.InformixScorecardPersistence
Instantiate SqlUploadPersistence with connectionFactory and connectioName:informix_connection
Instantiate PersistenceUploadManager with UploadPersistence, uploadSearchBundle, submissionSearchBundle, uploadIdGenerator, uploadTypeIdGenerator, uploadStatusIdGenerator, submissionIDGenerator, submissionStatusIdGenerator and submissionTypeIdGenerator.
Instantiate AbstractResourcePersistence with connectionFactory and connectionName[informix_connection].
load Resource role with ids:[J@6bef53,[J@6bef53,[J@6bef53,[J@6bef53,[J@6bef53,[J@6bef53,[J@6bef53,[J@6bef53,[J@6bef53,[J@6bef53,[J@6bef53,[J@6bef53,[J@6bef53,[J@6bef53,[J@6bef53,[J@6bef53,[J@6bef53,[J@6bef53,[J@6bef53,[J@6bef53,[J@6bef53,[J@6bef53
operator: UnknownresourceId: Unknown - creating db connection using connection name: informix_connection
committing transaction
Read propery[ConnectionFactoryNS] which is  required  with value[com.topcoder.db.connectionfactory.DBConnectionFactoryImpl] from namespace [com.topcoder.management.project.persistence.InformixProjectPersistence].
Read propery[ConnectionName] which is  optional  with value[informix_connection] from namespace [com.topcoder.management.project.persistence.InformixProjectPersistence].
Read propery[ProjectIdSequenceName] which is  optional  with value[project_id_seq] from namespace [com.topcoder.management.project.persistence.InformixProjectPersistence].
Read propery[ProjectAuditIdSequenceName] which is  optional  with value[project_audit_id_seq] from namespace [com.topcoder.management.project.persistence.InformixProjectPersistence].
Read propery[ConnectionFactoryNS] which is  required  with value[com.topcoder.db.connectionfactory.DBConnectionFactoryImpl] from namespace [com.topcoder.management.project.persistence.link.ProjectLinkManagerImpl].
Read propery[ConnectionName] which is  optional  with value[informix_connection] from namespace [com.topcoder.management.project.persistence.link.ProjectLinkManagerImpl].
read property ConnectionFactoryNS[com.topcoder.db.connectionfactory.DBConnectionFactoryImpl] from the namespace :com.topcoder.management.scorecard.persistence.InformixScorecardPersistence
read property ConnectionName[informix_connection] from the namespace :com.topcoder.management.scorecard.persistence.InformixScorecardPersistence
Instantiate SqlUploadPersistence with connectionFactory and connectioName:informix_connection
Instantiate PersistenceUploadManager with UploadPersistence, uploadSearchBundle, submissionSearchBundle, uploadIdGenerator, uploadTypeIdGenerator, uploadStatusIdGenerator, submissionIDGenerator, submissionStatusIdGenerator and submissionTypeIdGenerator.
Instantiate AbstractResourcePersistence with connectionFactory and connectionName[informix_connection].
load Resource role with ids:[J@1ee86f2,[J@1ee86f2,[J@1ee86f2,[J@1ee86f2,[J@1ee86f2,[J@1ee86f2,[J@1ee86f2,[J@1ee86f2,[J@1ee86f2,[J@1ee86f2,[J@1ee86f2,[J@1ee86f2,[J@1ee86f2,[J@1ee86f2,[J@1ee86f2,[J@1ee86f2,[J@1ee86f2,[J@1ee86f2,[J@1ee86f2,[J@1ee86f2,[J@1ee86f2,[J@1ee86f2
operator: UnknownresourceId: Unknown - creating db connection using connection name: informix_connection
committing transaction
Read propery[ConnectionFactoryNS] which is  required  with value[com.topcoder.db.connectionfactory.DBConnectionFactoryImpl] from namespace [com.topcoder.management.project.persistence.InformixProjectPersistence].
Read propery[ConnectionName] which is  optional  with value[informix_connection] from namespace [com.topcoder.management.project.persistence.InformixProjectPersistence].
Read propery[ProjectIdSequenceName] which is  optional  with value[project_id_seq] from namespace [com.topcoder.management.project.persistence.InformixProjectPersistence].
Read propery[ProjectAuditIdSequenceName] which is  optional  with value[project_audit_id_seq] from namespace [com.topcoder.management.project.persistence.InformixProjectPersistence].
Read propery[ConnectionFactoryNS] which is  required  with value[com.topcoder.db.connectionfactory.DBConnectionFactoryImpl] from namespace [com.topcoder.management.project.persistence.link.ProjectLinkManagerImpl].
Read propery[ConnectionName] which is  optional  with value[informix_connection] from namespace [com.topcoder.management.project.persistence.link.ProjectLinkManagerImpl].
read property ConnectionFactoryNS[com.topcoder.db.connectionfactory.DBConnectionFactoryImpl] from the namespace :com.topcoder.management.scorecard.persistence.InformixScorecardPersistence
read property ConnectionName[informix_connection] from the namespace :com.topcoder.management.scorecard.persistence.InformixScorecardPersistence
Instantiate SqlUploadPersistence with connectionFactory and connectioName:informix_connection
Instantiate PersistenceUploadManager with UploadPersistence, uploadSearchBundle, submissionSearchBundle, uploadIdGenerator, uploadTypeIdGenerator, uploadStatusIdGenerator, submissionIDGenerator, submissionStatusIdGenerator and submissionTypeIdGenerator.
Instantiate AbstractResourcePersistence with connectionFactory and connectionName[informix_connection].
load Resource role with ids:[J@18d6f3d,[J@18d6f3d,[J@18d6f3d,[J@18d6f3d,[J@18d6f3d,[J@18d6f3d,[J@18d6f3d,[J@18d6f3d,[J@18d6f3d,[J@18d6f3d,[J@18d6f3d,[J@18d6f3d,[J@18d6f3d,[J@18d6f3d,[J@18d6f3d,[J@18d6f3d,[J@18d6f3d,[J@18d6f3d,[J@18d6f3d,[J@18d6f3d,[J@18d6f3d,[J@18d6f3d
operator: UnknownresourceId: Unknown - creating db connection using connection name: informix_connection
committing transaction
Read propery[ConnectionFactoryNS] which is  required  with value[com.topcoder.db.connectionfactory.DBConnectionFactoryImpl] from namespace [com.topcoder.management.project.persistence.InformixProjectPersistence].
Read propery[ConnectionName] which is  optional  with value[informix_connection] from namespace [com.topcoder.management.project.persistence.InformixProjectPersistence].
Read propery[ProjectIdSequenceName] which is  optional  with value[project_id_seq] from namespace [com.topcoder.management.project.persistence.InformixProjectPersistence].
Read propery[ProjectAuditIdSequenceName] which is  optional  with value[project_audit_id_seq] from namespace [com.topcoder.management.project.persistence.InformixProjectPersistence].
Read propery[ConnectionFactoryNS] which is  required  with value[com.topcoder.db.connectionfactory.DBConnectionFactoryImpl] from namespace [com.topcoder.management.project.persistence.link.ProjectLinkManagerImpl].
Read propery[ConnectionName] which is  optional  with value[informix_connection] from namespace [com.topcoder.management.project.persistence.link.ProjectLinkManagerImpl].
read property ConnectionFactoryNS[com.topcoder.db.connectionfactory.DBConnectionFactoryImpl] from the namespace :com.topcoder.management.scorecard.persistence.InformixScorecardPersistence
read property ConnectionName[informix_connection] from the namespace :com.topcoder.management.scorecard.persistence.InformixScorecardPersistence
Instantiate SqlUploadPersistence with connectionFactory and connectioName:informix_connection
Instantiate PersistenceUploadManager with UploadPersistence, uploadSearchBundle, submissionSearchBundle, uploadIdGenerator, uploadTypeIdGenerator, uploadStatusIdGenerator, submissionIDGenerator, submissionStatusIdGenerator and submissionTypeIdGenerator.
Instantiate AbstractResourcePersistence with connectionFactory and connectionName[informix_connection].
load Resource role with ids:[J@d07fb2,[J@d07fb2,[J@d07fb2,[J@d07fb2,[J@d07fb2,[J@d07fb2,[J@d07fb2,[J@d07fb2,[J@d07fb2,[J@d07fb2,[J@d07fb2,[J@d07fb2,[J@d07fb2,[J@d07fb2,[J@d07fb2,[J@d07fb2,[J@d07fb2,[J@d07fb2,[J@d07fb2,[J@d07fb2,[J@d07fb2,[J@d07fb2
operator: UnknownresourceId: Unknown - creating db connection using connection name: informix_connection
committing transaction
type: Upload id: Unknown operator:Unknown - search submissions with filter. found: 2
load Resource with ids:[J@4eeb54,[J@4eeb54
operator: UnknownresourceId: Unknown - creating db connection using connection name: informix_connection
load ResourceRole with id:4
operator: UnknownresourceId: Unknown - creating db connection using connection name: informix_connection
committing transaction
load ResourceRole with id:4
operator: UnknownresourceId: Unknown - creating db connection using connection name: informix_connection
committing transaction
committing transaction
type: Submission id: 1 operator:1001 - update Submission.
type: Submission id: 1 operator:Unknown - Update Submission, it will update record in submission table.
create db connection using connection name:informix_connection
close the connection.
type: Submission id: 2 operator:1001 - update Submission.
type: Submission id: 2 operator:Unknown - Update Submission, it will update record in submission table.
create db connection using connection name:informix_connection
close the connection.
operator: UnknownresourceId: 4 - load resource.
operator: UnknownresourceId: Unknown - creating db connection using connection name: informix_connection
load ResourceRole with id:1
operator: UnknownresourceId: Unknown - creating db connection using connection name: informix_connection
committing transaction
committing transaction
operator: UnknownresourceId: 5 - load resource.
operator: UnknownresourceId: Unknown - creating db connection using connection name: informix_connection
load ResourceRole with id:1
operator: UnknownresourceId: Unknown - creating db connection using connection name: informix_connection
committing transaction
committing transaction
load Notifications with array of userIds/projectIds/notificationTypes.
operator: UnknownresourceId: Unknown - creating db connection using connection name: informix_connection
committing transaction
get projects with the ids: 1
operator: UnknownprojectId: Unknown - creating db connection using connection name: informix_connection
committing transaction
load Resource role with ids:[J@14a519,[J@14a519,[J@14a519,[J@14a519,[J@14a519,[J@14a519,[J@14a519,[J@14a519,[J@14a519,[J@14a519,[J@14a519,[J@14a519,[J@14a519,[J@14a519,[J@14a519,[J@14a519,[J@14a519,[J@14a519,[J@14a519,[J@14a519,[J@14a519,[J@14a519
operator: UnknownresourceId: Unknown - creating db connection using connection name: informix_connection
committing transaction
load Resource with ids:[J@616915,[J@616915,[J@616915
operator: UnknownresourceId: Unknown - creating db connection using connection name: informix_connection
load ResourceRole with id:4
operator: UnknownresourceId: Unknown - creating db connection using connection name: informix_connection
committing transaction
load ResourceRole with id:4
operator: UnknownresourceId: Unknown - creating db connection using connection name: informix_connection
committing transaction
load ResourceRole with id:4
operator: UnknownresourceId: Unknown - creating db connection using connection name: informix_connection
committing transaction
committing transaction
load Resource with ids:[J@10c2a7a
operator: UnknownresourceId: Unknown - creating db connection using connection name: informix_connection
load ResourceRole with id:12
operator: UnknownresourceId: Unknown - creating db connection using connection name: informix_connection
committing transaction
committing transaction
load Resource with ids:[J@4f04c4
operator: UnknownresourceId: Unknown - creating db connection using connection name: informix_connection
load ResourceRole with id:13
operator: UnknownresourceId: Unknown - creating db connection using connection name: informix_connection
committing transaction
committing transaction
load Resource with ids:[J@1134ee8
operator: UnknownresourceId: Unknown - creating db connection using connection name: informix_connection
load ResourceRole with id:9
operator: UnknownresourceId: Unknown - creating db connection using connection name: informix_connection
committing transaction
committing transaction
load Resource with ids:[J@ed41a7,[J@ed41a7
operator: UnknownresourceId: Unknown - creating db connection using connection name: informix_connection
load ResourceRole with id:1
operator: UnknownresourceId: Unknown - creating db connection using connection name: informix_connection
committing transaction
load ResourceRole with id:1
operator: UnknownresourceId: Unknown - creating db connection using connection name: informix_connection
committing transaction
committing transaction
operator: UnknownresourceId: 6 - load resource.
operator: UnknownresourceId: Unknown - creating db connection using connection name: informix_connection
load ResourceRole with id:4
operator: UnknownresourceId: Unknown - creating db connection using connection name: informix_connection
committing transaction
committing transaction
operator: UnknownresourceId: 4 - load resource.
operator: UnknownresourceId: Unknown - creating db connection using connection name: informix_connection
load ResourceRole with id:1
operator: UnknownresourceId: Unknown - creating db connection using connection name: informix_connection
committing transaction
committing transaction
operator: UnknownresourceId: 100000 - load resource.
operator: UnknownresourceId: Unknown - creating db connection using connection name: informix_connection
load ResourceRole with id:13
operator: UnknownresourceId: Unknown - creating db connection using connection name: informix_connection
committing transaction
committing transaction
operator: UnknownresourceId: 7 - load resource.
operator: UnknownresourceId: Unknown - creating db connection using connection name: informix_connection
load ResourceRole with id:4
operator: UnknownresourceId: Unknown - creating db connection using connection name: informix_connection
committing transaction
committing transaction
operator: UnknownresourceId: 5 - load resource.
operator: UnknownresourceId: Unknown - creating db connection using connection name: informix_connection
load ResourceRole with id:1
operator: UnknownresourceId: Unknown - creating db connection using connection name: informix_connection
committing transaction
committing transaction
type: Upload id: Unknown operator:Unknown - search submissions with filter. found: 2
load Resource with ids:[J@a88c32,[J@a88c32
operator: UnknownresourceId: Unknown - creating db connection using connection name: informix_connection
load ResourceRole with id:4
operator: UnknownresourceId: Unknown - creating db connection using connection name: informix_connection
committing transaction
load ResourceRole with id:4
operator: UnknownresourceId: Unknown - creating db connection using connection name: informix_connection
committing transaction
committing transaction
type: Scorecard id: Unknown operator:Unknown - retrieve scorecard with ids:1, and is incomplete
create db connection with connect name:informix_connection
close the connection.
get All submission statuses, delegate to persistence.
get All submission statuses, delegate to persistence.
create db connection using connection name:informix_connection
close the connection.
type: SubmissionStatus id: Unknown operator:Unknown - Load SubmissionStatuses with ids:1,2,3,4,5
create db connection using connection name:informix_connection
close the connection.
get All submission statuses, delegate to persistence.
get All submission statuses, delegate to persistence.
create db connection using connection name:informix_connection
close the connection.
type: SubmissionStatus id: Unknown operator:Unknown - Load SubmissionStatuses with ids:1,2,3,4,5
create db connection using connection name:informix_connection
close the connection.
operator: UnknownresourceId: 4 - load resource.
operator: UnknownresourceId: Unknown - creating db connection using connection name: informix_connection
load ResourceRole with id:1
operator: UnknownresourceId: Unknown - creating db connection using connection name: informix_connection
committing transaction
committing transaction
type: Submission id: 1 operator:1001 - update Submission.
type: Submission id: 1 operator:Unknown - Update Submission, it will update record in submission table.
create db connection using connection name:informix_connection
close the connection.
operator: UnknownresourceId: 5 - load resource.
operator: UnknownresourceId: Unknown - creating db connection using connection name: informix_connection
load ResourceRole with id:1
operator: UnknownresourceId: Unknown - creating db connection using connection name: informix_connection
committing transaction
committing transaction
type: Submission id: 2 operator:1001 - update Submission.
type: Submission id: 2 operator:Unknown - Update Submission, it will update record in submission table.
create db connection using connection name:informix_connection
close the connection.
get projects with the ids: 1
operator: UnknownprojectId: Unknown - creating db connection using connection name: informix_connection
committing transaction
operator: 1001projectId: 1 - updating project: {Winner External Reference ID=4, Project Name=Online Review Phases, Project Version=1.5}
operator: UnknownprojectId: Unknown - creating db connection using connection name: informix_connection
operator: 1001projectId: 1 - update project with projectId:1
operator: 1001projectId: 1 - update project, update project_info with projectId:1
operator: 1001projectId: 1 - insert record into project_info with project id1
operator: 1001projectId: 1 - generate new id for the project audit.
insert record into project_audit with projectId:1
operator: 1001projectId: 1 - execute sql:SELECT modify_date FROM project WHERE project_id=?
committing transaction
operator: UnknownresourceId: 4 - load resource.
operator: UnknownresourceId: Unknown - creating db connection using connection name: informix_connection
load ResourceRole with id:1
operator: UnknownresourceId: Unknown - creating db connection using connection name: informix_connection
committing transaction
committing transaction
operator: UnknownresourceId: 5 - load resource.
operator: UnknownresourceId: Unknown - creating db connection using connection name: informix_connection
load ResourceRole with id:1
operator: UnknownresourceId: Unknown - creating db connection using connection name: informix_connection
committing transaction
committing transaction
load Notifications with array of userIds/projectIds/notificationTypes.
operator: UnknownresourceId: Unknown - creating db connection using connection name: informix_connection
committing transaction
get projects with the ids: 1
operator: UnknownprojectId: Unknown - creating db connection using connection name: informix_connection
committing transaction
load Resource role with ids:[J@e7df90,[J@e7df90,[J@e7df90,[J@e7df90,[J@e7df90,[J@e7df90,[J@e7df90,[J@e7df90,[J@e7df90,[J@e7df90,[J@e7df90,[J@e7df90,[J@e7df90,[J@e7df90,[J@e7df90,[J@e7df90,[J@e7df90,[J@e7df90,[J@e7df90,[J@e7df90,[J@e7df90,[J@e7df90
operator: UnknownresourceId: Unknown - creating db connection using connection name: informix_connection
committing transaction
load Resource with ids:[J@91f50,[J@91f50,[J@91f50
operator: UnknownresourceId: Unknown - creating db connection using connection name: informix_connection
load ResourceRole with id:4
operator: UnknownresourceId: Unknown - creating db connection using connection name: informix_connection
committing transaction
load ResourceRole with id:4
operator: UnknownresourceId: Unknown - creating db connection using connection name: informix_connection
committing transaction
load ResourceRole with id:4
operator: UnknownresourceId: Unknown - creating db connection using connection name: informix_connection
committing transaction
committing transaction
load Resource with ids:[J@7c329d
operator: UnknownresourceId: Unknown - creating db connection using connection name: informix_connection
load ResourceRole with id:12
operator: UnknownresourceId: Unknown - creating db connection using connection name: informix_connection
committing transaction
committing transaction
load Resource with ids:[J@1bd856a
operator: UnknownresourceId: Unknown - creating db connection using connection name: informix_connection
load ResourceRole with id:13
operator: UnknownresourceId: Unknown - creating db connection using connection name: informix_connection
committing transaction
committing transaction
load Resource with ids:[J@c0c18f
operator: UnknownresourceId: Unknown - creating db connection using connection name: informix_connection
load ResourceRole with id:9
operator: UnknownresourceId: Unknown - creating db connection using connection name: informix_connection
committing transaction
committing transaction
load Resource with ids:[J@1ab3c36,[J@1ab3c36
operator: UnknownresourceId: Unknown - creating db connection using connection name: informix_connection
load ResourceRole with id:1
operator: UnknownresourceId: Unknown - creating db connection using connection name: informix_connection
committing transaction
load ResourceRole with id:1
operator: UnknownresourceId: Unknown - creating db connection using connection name: informix_connection
committing transaction
committing transaction
operator: UnknownresourceId: 6 - load resource.
operator: UnknownresourceId: Unknown - creating db connection using connection name: informix_connection
load ResourceRole with id:4
operator: UnknownresourceId: Unknown - creating db connection using connection name: informix_connection
committing transaction
committing transaction
operator: UnknownresourceId: 4 - load resource.
operator: UnknownresourceId: Unknown - creating db connection using connection name: informix_connection
load ResourceRole with id:1
operator: UnknownresourceId: Unknown - creating db connection using connection name: informix_connection
committing transaction
committing transaction
operator: UnknownresourceId: 100000 - load resource.
operator: UnknownresourceId: Unknown - creating db connection using connection name: informix_connection
load ResourceRole with id:13
operator: UnknownresourceId: Unknown - creating db connection using connection name: informix_connection
committing transaction
committing transaction
operator: UnknownresourceId: 7 - load resource.
operator: UnknownresourceId: Unknown - creating db connection using connection name: informix_connection
load ResourceRole with id:4
operator: UnknownresourceId: Unknown - creating db connection using connection name: informix_connection
committing transaction
committing transaction
operator: UnknownresourceId: 5 - load resource.
operator: UnknownresourceId: Unknown - creating db connection using connection name: informix_connection
load ResourceRole with id:1
operator: UnknownresourceId: Unknown - creating db connection using connection name: informix_connection
committing transaction
committing transaction
load Resource with ids:[J@e9d642
operator: UnknownresourceId: Unknown - creating db connection using connection name: informix_connection
load ResourceRole with id:8
operator: UnknownresourceId: Unknown - creating db connection using connection name: informix_connection
committing transaction
committing transaction
load Resource with ids:[J@100a944,[J@100a944
operator: UnknownresourceId: Unknown - creating db connection using connection name: informix_connection
load ResourceRole with id:4
operator: UnknownresourceId: Unknown - creating db connection using connection name: informix_connection
committing transaction
load ResourceRole with id:4
operator: UnknownresourceId: Unknown - creating db connection using connection name: informix_connection
committing transaction
committing transaction
get projects with the ids: 1
operator: UnknownprojectId: Unknown - creating db connection using connection name: informix_connection
committing transaction
load Resource with ids:[J@14e312e
operator: UnknownresourceId: Unknown - creating db connection using connection name: informix_connection
load ResourceRole with id:1
operator: UnknownresourceId: Unknown - creating db connection using connection name: informix_connection
committing transaction
committing transaction
type: Upload id: Unknown operator:Unknown - search submissions with filter. found: 1
load Resource with ids:[J@7dd60c,[J@7dd60c
operator: UnknownresourceId: Unknown - creating db connection using connection name: informix_connection
load ResourceRole with id:4
operator: UnknownresourceId: Unknown - creating db connection using connection name: informix_connection
committing transaction
load ResourceRole with id:4
operator: UnknownresourceId: Unknown - creating db connection using connection name: informix_connection
committing transaction
committing transaction
operator: 1001phaseId: 107 - create aggregate worksheet.
load Notifications with array of userIds/projectIds/notificationTypes.
operator: UnknownresourceId: Unknown - creating db connection using connection name: informix_connection
committing transaction
get projects with the ids: 1
operator: UnknownprojectId: Unknown - creating db connection using connection name: informix_connection
committing transaction
load Resource role with ids:[J@2e4418,[J@2e4418,[J@2e4418,[J@2e4418,[J@2e4418,[J@2e4418,[J@2e4418,[J@2e4418,[J@2e4418,[J@2e4418,[J@2e4418,[J@2e4418,[J@2e4418,[J@2e4418,[J@2e4418,[J@2e4418,[J@2e4418,[J@2e4418,[J@2e4418,[J@2e4418,[J@2e4418,[J@2e4418
operator: UnknownresourceId: Unknown - creating db connection using connection name: informix_connection
committing transaction
load Resource with ids:[J@1f15427,[J@1f15427,[J@1f15427
operator: UnknownresourceId: Unknown - creating db connection using connection name: informix_connection
load ResourceRole with id:4
operator: UnknownresourceId: Unknown - creating db connection using connection name: informix_connection
committing transaction
load ResourceRole with id:4
operator: UnknownresourceId: Unknown - creating db connection using connection name: informix_connection
committing transaction
load ResourceRole with id:4
operator: UnknownresourceId: Unknown - creating db connection using connection name: informix_connection
committing transaction
committing transaction
load Resource with ids:[J@1596170
operator: UnknownresourceId: Unknown - creating db connection using connection name: informix_connection
load ResourceRole with id:8
operator: UnknownresourceId: Unknown - creating db connection using connection name: informix_connection
committing transaction
committing transaction
load Resource with ids:[J@1881e4f
operator: UnknownresourceId: Unknown - creating db connection using connection name: informix_connection
load ResourceRole with id:12
operator: UnknownresourceId: Unknown - creating db connection using connection name: informix_connection
committing transaction
committing transaction
load Resource with ids:[J@13f2719
operator: UnknownresourceId: Unknown - creating db connection using connection name: informix_connection
load ResourceRole with id:13
operator: UnknownresourceId: Unknown - creating db connection using connection name: informix_connection
committing transaction
committing transaction
load Resource with ids:[J@3f8a94
operator: UnknownresourceId: Unknown - creating db connection using connection name: informix_connection
load ResourceRole with id:9
operator: UnknownresourceId: Unknown - creating db connection using connection name: informix_connection
committing transaction
committing transaction
load Resource with ids:[J@1b7f191,[J@1b7f191
operator: UnknownresourceId: Unknown - creating db connection using connection name: informix_connection
load ResourceRole with id:1
operator: UnknownresourceId: Unknown - creating db connection using connection name: informix_connection
committing transaction
load ResourceRole with id:1
operator: UnknownresourceId: Unknown - creating db connection using connection name: informix_connection
committing transaction
committing transaction
operator: UnknownresourceId: 6 - load resource.
operator: UnknownresourceId: Unknown - creating db connection using connection name: informix_connection
load ResourceRole with id:4
operator: UnknownresourceId: Unknown - creating db connection using connection name: informix_connection
committing transaction
committing transaction
operator: UnknownresourceId: 4 - load resource.
operator: UnknownresourceId: Unknown - creating db connection using connection name: informix_connection
load ResourceRole with id:1
operator: UnknownresourceId: Unknown - creating db connection using connection name: informix_connection
committing transaction
committing transaction
operator: UnknownresourceId: 100000 - load resource.
operator: UnknownresourceId: Unknown - creating db connection using connection name: informix_connection
load ResourceRole with id:13
operator: UnknownresourceId: Unknown - creating db connection using connection name: informix_connection
committing transaction
committing transaction
operator: UnknownresourceId: 7 - load resource.
operator: UnknownresourceId: Unknown - creating db connection using connection name: informix_connection
load ResourceRole with id:4
operator: UnknownresourceId: Unknown - creating db connection using connection name: informix_connection
committing transaction
committing transaction
operator: UnknownresourceId: 5 - load resource.
operator: UnknownresourceId: Unknown - creating db connection using connection name: informix_connection
load ResourceRole with id:1
operator: UnknownresourceId: Unknown - creating db connection using connection name: informix_connection
committing transaction
committing transaction
Read propery[ConnectionFactoryNS] which is  required  with value[com.topcoder.db.connectionfactory.DBConnectionFactoryImpl] from namespace [com.topcoder.management.project.persistence.InformixProjectPersistence].
Read propery[ConnectionName] which is  optional  with value[informix_connection] from namespace [com.topcoder.management.project.persistence.InformixProjectPersistence].
Read propery[ProjectIdSequenceName] which is  optional  with value[project_id_seq] from namespace [com.topcoder.management.project.persistence.InformixProjectPersistence].
Read propery[ProjectAuditIdSequenceName] which is  optional  with value[project_audit_id_seq] from namespace [com.topcoder.management.project.persistence.InformixProjectPersistence].
Read propery[ConnectionFactoryNS] which is  required  with value[com.topcoder.db.connectionfactory.DBConnectionFactoryImpl] from namespace [com.topcoder.management.project.persistence.link.ProjectLinkManagerImpl].
Read propery[ConnectionName] which is  optional  with value[informix_connection] from namespace [com.topcoder.management.project.persistence.link.ProjectLinkManagerImpl].
read property ConnectionFactoryNS[com.topcoder.db.connectionfactory.DBConnectionFactoryImpl] from the namespace :com.topcoder.management.scorecard.persistence.InformixScorecardPersistence
read property ConnectionName[informix_connection] from the namespace :com.topcoder.management.scorecard.persistence.InformixScorecardPersistence
Instantiate SqlUploadPersistence with connectionFactory and connectioName:informix_connection
Instantiate PersistenceUploadManager with UploadPersistence, uploadSearchBundle, submissionSearchBundle, uploadIdGenerator, uploadTypeIdGenerator, uploadStatusIdGenerator, submissionIDGenerator, submissionStatusIdGenerator and submissionTypeIdGenerator.
Instantiate AbstractResourcePersistence with connectionFactory and connectionName[informix_connection].
load Resource role with ids:[J@1f081cf,[J@1f081cf,[J@1f081cf,[J@1f081cf,[J@1f081cf,[J@1f081cf,[J@1f081cf,[J@1f081cf,[J@1f081cf,[J@1f081cf,[J@1f081cf,[J@1f081cf,[J@1f081cf,[J@1f081cf,[J@1f081cf,[J@1f081cf,[J@1f081cf,[J@1f081cf,[J@1f081cf,[J@1f081cf,[J@1f081cf,[J@1f081cf
operator: UnknownresourceId: Unknown - creating db connection using connection name: informix_connection
committing transaction
Read propery[ConnectionFactoryNS] which is  required  with value[com.topcoder.db.connectionfactory.DBConnectionFactoryImpl] from namespace [com.topcoder.management.project.persistence.InformixProjectPersistence].
Read propery[ConnectionName] which is  optional  with value[informix_connection] from namespace [com.topcoder.management.project.persistence.InformixProjectPersistence].
Read propery[ProjectIdSequenceName] which is  optional  with value[project_id_seq] from namespace [com.topcoder.management.project.persistence.InformixProjectPersistence].
Read propery[ProjectAuditIdSequenceName] which is  optional  with value[project_audit_id_seq] from namespace [com.topcoder.management.project.persistence.InformixProjectPersistence].
Read propery[ConnectionFactoryNS] which is  required  with value[com.topcoder.db.connectionfactory.DBConnectionFactoryImpl] from namespace [com.topcoder.management.project.persistence.link.ProjectLinkManagerImpl].
Read propery[ConnectionName] which is  optional  with value[informix_connection] from namespace [com.topcoder.management.project.persistence.link.ProjectLinkManagerImpl].
read property ConnectionFactoryNS[com.topcoder.db.connectionfactory.DBConnectionFactoryImpl] from the namespace :com.topcoder.management.scorecard.persistence.InformixScorecardPersistence
read property ConnectionName[informix_connection] from the namespace :com.topcoder.management.scorecard.persistence.InformixScorecardPersistence
Instantiate SqlUploadPersistence with connectionFactory and connectioName:informix_connection
Instantiate PersistenceUploadManager with UploadPersistence, uploadSearchBundle, submissionSearchBundle, uploadIdGenerator, uploadTypeIdGenerator, uploadStatusIdGenerator, submissionIDGenerator, submissionStatusIdGenerator and submissionTypeIdGenerator.
Instantiate AbstractResourcePersistence with connectionFactory and connectionName[informix_connection].
load Resource role with ids:[J@eeb2a5,[J@eeb2a5,[J@eeb2a5,[J@eeb2a5,[J@eeb2a5,[J@eeb2a5,[J@eeb2a5,[J@eeb2a5,[J@eeb2a5,[J@eeb2a5,[J@eeb2a5,[J@eeb2a5,[J@eeb2a5,[J@eeb2a5,[J@eeb2a5,[J@eeb2a5,[J@eeb2a5,[J@eeb2a5,[J@eeb2a5,[J@eeb2a5,[J@eeb2a5,[J@eeb2a5
operator: UnknownresourceId: Unknown - creating db connection using connection name: informix_connection
committing transaction
Read propery[ConnectionFactoryNS] which is  required  with value[com.topcoder.db.connectionfactory.DBConnectionFactoryImpl] from namespace [com.topcoder.management.project.persistence.InformixProjectPersistence].
Read propery[ConnectionName] which is  optional  with value[informix_connection] from namespace [com.topcoder.management.project.persistence.InformixProjectPersistence].
Read propery[ProjectIdSequenceName] which is  optional  with value[project_id_seq] from namespace [com.topcoder.management.project.persistence.InformixProjectPersistence].
Read propery[ProjectAuditIdSequenceName] which is  optional  with value[project_audit_id_seq] from namespace [com.topcoder.management.project.persistence.InformixProjectPersistence].
Read propery[ConnectionFactoryNS] which is  required  with value[com.topcoder.db.connectionfactory.DBConnectionFactoryImpl] from namespace [com.topcoder.management.project.persistence.link.ProjectLinkManagerImpl].
Read propery[ConnectionName] which is  optional  with value[informix_connection] from namespace [com.topcoder.management.project.persistence.link.ProjectLinkManagerImpl].
read property ConnectionFactoryNS[com.topcoder.db.connectionfactory.DBConnectionFactoryImpl] from the namespace :com.topcoder.management.scorecard.persistence.InformixScorecardPersistence
read property ConnectionName[informix_connection] from the namespace :com.topcoder.management.scorecard.persistence.InformixScorecardPersistence
Instantiate SqlUploadPersistence with connectionFactory and connectioName:informix_connection
Instantiate PersistenceUploadManager with UploadPersistence, uploadSearchBundle, submissionSearchBundle, uploadIdGenerator, uploadTypeIdGenerator, uploadStatusIdGenerator, submissionIDGenerator, submissionStatusIdGenerator and submissionTypeIdGenerator.
Instantiate AbstractResourcePersistence with connectionFactory and connectionName[informix_connection].
load Resource role with ids:[J@3bf703,[J@3bf703,[J@3bf703,[J@3bf703,[J@3bf703,[J@3bf703,[J@3bf703,[J@3bf703,[J@3bf703,[J@3bf703,[J@3bf703,[J@3bf703,[J@3bf703,[J@3bf703,[J@3bf703,[J@3bf703,[J@3bf703,[J@3bf703,[J@3bf703,[J@3bf703,[J@3bf703,[J@3bf703
operator: UnknownresourceId: Unknown - creating db connection using connection name: informix_connection
committing transaction
Read propery[ConnectionFactoryNS] which is  required  with value[com.topcoder.db.connectionfactory.DBConnectionFactoryImpl] from namespace [com.topcoder.management.project.persistence.InformixProjectPersistence].
Read propery[ConnectionName] which is  optional  with value[informix_connection] from namespace [com.topcoder.management.project.persistence.InformixProjectPersistence].
Read propery[ProjectIdSequenceName] which is  optional  with value[project_id_seq] from namespace [com.topcoder.management.project.persistence.InformixProjectPersistence].
Read propery[ProjectAuditIdSequenceName] which is  optional  with value[project_audit_id_seq] from namespace [com.topcoder.management.project.persistence.InformixProjectPersistence].
Read propery[ConnectionFactoryNS] which is  required  with value[com.topcoder.db.connectionfactory.DBConnectionFactoryImpl] from namespace [com.topcoder.management.project.persistence.link.ProjectLinkManagerImpl].
Read propery[ConnectionName] which is  optional  with value[informix_connection] from namespace [com.topcoder.management.project.persistence.link.ProjectLinkManagerImpl].
read property ConnectionFactoryNS[com.topcoder.db.connectionfactory.DBConnectionFactoryImpl] from the namespace :com.topcoder.management.scorecard.persistence.InformixScorecardPersistence
read property ConnectionName[informix_connection] from the namespace :com.topcoder.management.scorecard.persistence.InformixScorecardPersistence
Instantiate SqlUploadPersistence with connectionFactory and connectioName:informix_connection
Instantiate PersistenceUploadManager with UploadPersistence, uploadSearchBundle, submissionSearchBundle, uploadIdGenerator, uploadTypeIdGenerator, uploadStatusIdGenerator, submissionIDGenerator, submissionStatusIdGenerator and submissionTypeIdGenerator.
Instantiate AbstractResourcePersistence with connectionFactory and connectionName[informix_connection].
load Resource role with ids:[J@15d595c,[J@15d595c,[J@15d595c,[J@15d595c,[J@15d595c,[J@15d595c,[J@15d595c,[J@15d595c,[J@15d595c,[J@15d595c,[J@15d595c,[J@15d595c,[J@15d595c,[J@15d595c,[J@15d595c,[J@15d595c,[J@15d595c,[J@15d595c,[J@15d595c,[J@15d595c,[J@15d595c,[J@15d595c
operator: UnknownresourceId: Unknown - creating db connection using connection name: informix_connection
committing transaction
type: Upload id: Unknown operator:Unknown - search submissions with filter. found: 2
load Resource with ids:[J@a00c48,[J@a00c48
operator: UnknownresourceId: Unknown - creating db connection using connection name: informix_connection
load ResourceRole with id:4
operator: UnknownresourceId: Unknown - creating db connection using connection name: informix_connection
committing transaction
load ResourceRole with id:4
operator: UnknownresourceId: Unknown - creating db connection using connection name: informix_connection
committing transaction
committing transaction
type: Submission id: 1 operator:1001 - update Submission.
type: Submission id: 1 operator:Unknown - Update Submission, it will update record in submission table.
create db connection using connection name:informix_connection
close the connection.
type: Submission id: 2 operator:1001 - update Submission.
type: Submission id: 2 operator:Unknown - Update Submission, it will update record in submission table.
create db connection using connection name:informix_connection
close the connection.
operator: UnknownresourceId: 4 - load resource.
operator: UnknownresourceId: Unknown - creating db connection using connection name: informix_connection
load ResourceRole with id:1
operator: UnknownresourceId: Unknown - creating db connection using connection name: informix_connection
committing transaction
committing transaction
operator: UnknownresourceId: 5 - load resource.
operator: UnknownresourceId: Unknown - creating db connection using connection name: informix_connection
load ResourceRole with id:1
operator: UnknownresourceId: Unknown - creating db connection using connection name: informix_connection
committing transaction
committing transaction
load Notifications with array of userIds/projectIds/notificationTypes.
operator: UnknownresourceId: Unknown - creating db connection using connection name: informix_connection
committing transaction
get projects with the ids: 1
operator: UnknownprojectId: Unknown - creating db connection using connection name: informix_connection
committing transaction
load Resource role with ids:[J@1f9eba5,[J@1f9eba5,[J@1f9eba5,[J@1f9eba5,[J@1f9eba5,[J@1f9eba5,[J@1f9eba5,[J@1f9eba5,[J@1f9eba5,[J@1f9eba5,[J@1f9eba5,[J@1f9eba5,[J@1f9eba5,[J@1f9eba5,[J@1f9eba5,[J@1f9eba5,[J@1f9eba5,[J@1f9eba5,[J@1f9eba5,[J@1f9eba5,[J@1f9eba5,[J@1f9eba5
operator: UnknownresourceId: Unknown - creating db connection using connection name: informix_connection
committing transaction
load Resource with ids:[J@1a3256e,[J@1a3256e,[J@1a3256e
operator: UnknownresourceId: Unknown - creating db connection using connection name: informix_connection
load ResourceRole with id:4
operator: UnknownresourceId: Unknown - creating db connection using connection name: informix_connection
committing transaction
load ResourceRole with id:4
operator: UnknownresourceId: Unknown - creating db connection using connection name: informix_connection
committing transaction
load ResourceRole with id:4
operator: UnknownresourceId: Unknown - creating db connection using connection name: informix_connection
committing transaction
committing transaction
load Resource with ids:[J@1bd2b60
operator: UnknownresourceId: Unknown - creating db connection using connection name: informix_connection
load ResourceRole with id:12
operator: UnknownresourceId: Unknown - creating db connection using connection name: informix_connection
committing transaction
committing transaction
load Resource with ids:[J@df2b8f
operator: UnknownresourceId: Unknown - creating db connection using connection name: informix_connection
load ResourceRole with id:13
operator: UnknownresourceId: Unknown - creating db connection using connection name: informix_connection
committing transaction
committing transaction
load Resource with ids:[J@19cc97d
operator: UnknownresourceId: Unknown - creating db connection using connection name: informix_connection
load ResourceRole with id:9
operator: UnknownresourceId: Unknown - creating db connection using connection name: informix_connection
committing transaction
committing transaction
load Resource with ids:[J@edb9a5,[J@edb9a5
operator: UnknownresourceId: Unknown - creating db connection using connection name: informix_connection
load ResourceRole with id:1
operator: UnknownresourceId: Unknown - creating db connection using connection name: informix_connection
committing transaction
load ResourceRole with id:1
operator: UnknownresourceId: Unknown - creating db connection using connection name: informix_connection
committing transaction
committing transaction
operator: UnknownresourceId: 6 - load resource.
operator: UnknownresourceId: Unknown - creating db connection using connection name: informix_connection
load ResourceRole with id:4
operator: UnknownresourceId: Unknown - creating db connection using connection name: informix_connection
committing transaction
committing transaction
operator: UnknownresourceId: 4 - load resource.
operator: UnknownresourceId: Unknown - creating db connection using connection name: informix_connection
load ResourceRole with id:1
operator: UnknownresourceId: Unknown - creating db connection using connection name: informix_connection
committing transaction
committing transaction
operator: UnknownresourceId: 100000 - load resource.
operator: UnknownresourceId: Unknown - creating db connection using connection name: informix_connection
load ResourceRole with id:13
operator: UnknownresourceId: Unknown - creating db connection using connection name: informix_connection
committing transaction
committing transaction
operator: UnknownresourceId: 7 - load resource.
operator: UnknownresourceId: Unknown - creating db connection using connection name: informix_connection
load ResourceRole with id:4
operator: UnknownresourceId: Unknown - creating db connection using connection name: informix_connection
committing transaction
committing transaction
operator: UnknownresourceId: 5 - load resource.
operator: UnknownresourceId: Unknown - creating db connection using connection name: informix_connection
load ResourceRole with id:1
operator: UnknownresourceId: Unknown - creating db connection using connection name: informix_connection
committing transaction
committing transaction
type: Upload id: Unknown operator:Unknown - search submissions with filter. found: 2
load Resource with ids:[J@a5de12,[J@a5de12
operator: UnknownresourceId: Unknown - creating db connection using connection name: informix_connection
load ResourceRole with id:4
operator: UnknownresourceId: Unknown - creating db connection using connection name: informix_connection
committing transaction
load ResourceRole with id:4
operator: UnknownresourceId: Unknown - creating db connection using connection name: informix_connection
committing transaction
committing transaction
type: Scorecard id: Unknown operator:Unknown - retrieve scorecard with ids:1, and is incomplete
create db connection with connect name:informix_connection
close the connection.
get All submission statuses, delegate to persistence.
get All submission statuses, delegate to persistence.
create db connection using connection name:informix_connection
close the connection.
type: SubmissionStatus id: Unknown operator:Unknown - Load SubmissionStatuses with ids:1,2,3,4,5
create db connection using connection name:informix_connection
close the connection.
get All submission statuses, delegate to persistence.
get All submission statuses, delegate to persistence.
create db connection using connection name:informix_connection
close the connection.
type: SubmissionStatus id: Unknown operator:Unknown - Load SubmissionStatuses with ids:1,2,3,4,5
create db connection using connection name:informix_connection
close the connection.
operator: UnknownresourceId: 4 - load resource.
operator: UnknownresourceId: Unknown - creating db connection using connection name: informix_connection
load ResourceRole with id:1
operator: UnknownresourceId: Unknown - creating db connection using connection name: informix_connection
committing transaction
committing transaction
type: Submission id: 1 operator:1001 - update Submission.
type: Submission id: 1 operator:Unknown - Update Submission, it will update record in submission table.
create db connection using connection name:informix_connection
close the connection.
operator: UnknownresourceId: 5 - load resource.
operator: UnknownresourceId: Unknown - creating db connection using connection name: informix_connection
load ResourceRole with id:1
operator: UnknownresourceId: Unknown - creating db connection using connection name: informix_connection
committing transaction
committing transaction
type: Submission id: 2 operator:1001 - update Submission.
type: Submission id: 2 operator:Unknown - Update Submission, it will update record in submission table.
create db connection using connection name:informix_connection
close the connection.
get projects with the ids: 1
operator: UnknownprojectId: Unknown - creating db connection using connection name: informix_connection
committing transaction
operator: 1001projectId: 1 - updating project: {Winner External Reference ID=4, Project Name=Online Review Phases, Project Version=1.5}
operator: UnknownprojectId: Unknown - creating db connection using connection name: informix_connection
operator: 1001projectId: 1 - update project with projectId:1
operator: 1001projectId: 1 - update project, update project_info with projectId:1
operator: 1001projectId: 1 - insert record into project_info with project id1
operator: 1001projectId: 1 - generate new id for the project audit.
insert record into project_audit with projectId:1
operator: 1001projectId: 1 - execute sql:SELECT modify_date FROM project WHERE project_id=?
committing transaction
operator: UnknownresourceId: 4 - load resource.
operator: UnknownresourceId: Unknown - creating db connection using connection name: informix_connection
load ResourceRole with id:1
operator: UnknownresourceId: Unknown - creating db connection using connection name: informix_connection
committing transaction
committing transaction
operator: UnknownresourceId: 5 - load resource.
operator: UnknownresourceId: Unknown - creating db connection using connection name: informix_connection
load ResourceRole with id:1
operator: UnknownresourceId: Unknown - creating db connection using connection name: informix_connection
committing transaction
committing transaction
load Notifications with array of userIds/projectIds/notificationTypes.
operator: UnknownresourceId: Unknown - creating db connection using connection name: informix_connection
committing transaction
get projects with the ids: 1
operator: UnknownprojectId: Unknown - creating db connection using connection name: informix_connection
committing transaction
load Resource role with ids:[J@fbc0bd,[J@fbc0bd,[J@fbc0bd,[J@fbc0bd,[J@fbc0bd,[J@fbc0bd,[J@fbc0bd,[J@fbc0bd,[J@fbc0bd,[J@fbc0bd,[J@fbc0bd,[J@fbc0bd,[J@fbc0bd,[J@fbc0bd,[J@fbc0bd,[J@fbc0bd,[J@fbc0bd,[J@fbc0bd,[J@fbc0bd,[J@fbc0bd,[J@fbc0bd,[J@fbc0bd
operator: UnknownresourceId: Unknown - creating db connection using connection name: informix_connection
committing transaction
load Resource with ids:[J@eaf9db,[J@eaf9db,[J@eaf9db
operator: UnknownresourceId: Unknown - creating db connection using connection name: informix_connection
load ResourceRole with id:4
operator: UnknownresourceId: Unknown - creating db connection using connection name: informix_connection
committing transaction
load ResourceRole with id:4
operator: UnknownresourceId: Unknown - creating db connection using connection name: informix_connection
committing transaction
load ResourceRole with id:4
operator: UnknownresourceId: Unknown - creating db connection using connection name: informix_connection
committing transaction
committing transaction
load Resource with ids:[J@dc711
operator: UnknownresourceId: Unknown - creating db connection using connection name: informix_connection
load ResourceRole with id:12
operator: UnknownresourceId: Unknown - creating db connection using connection name: informix_connection
committing transaction
committing transaction
load Resource with ids:[J@158ba40
operator: UnknownresourceId: Unknown - creating db connection using connection name: informix_connection
load ResourceRole with id:13
operator: UnknownresourceId: Unknown - creating db connection using connection name: informix_connection
committing transaction
committing transaction
load Resource with ids:[J@13d476c
operator: UnknownresourceId: Unknown - creating db connection using connection name: informix_connection
load ResourceRole with id:9
operator: UnknownresourceId: Unknown - creating db connection using connection name: informix_connection
committing transaction
committing transaction
load Resource with ids:[J@d1d6ce,[J@d1d6ce
operator: UnknownresourceId: Unknown - creating db connection using connection name: informix_connection
load ResourceRole with id:1
operator: UnknownresourceId: Unknown - creating db connection using connection name: informix_connection
committing transaction
load ResourceRole with id:1
operator: UnknownresourceId: Unknown - creating db connection using connection name: informix_connection
committing transaction
committing transaction
operator: UnknownresourceId: 6 - load resource.
operator: UnknownresourceId: Unknown - creating db connection using connection name: informix_connection
load ResourceRole with id:4
operator: UnknownresourceId: Unknown - creating db connection using connection name: informix_connection
committing transaction
committing transaction
operator: UnknownresourceId: 4 - load resource.
operator: UnknownresourceId: Unknown - creating db connection using connection name: informix_connection
load ResourceRole with id:1
operator: UnknownresourceId: Unknown - creating db connection using connection name: informix_connection
committing transaction
committing transaction
operator: UnknownresourceId: 100000 - load resource.
operator: UnknownresourceId: Unknown - creating db connection using connection name: informix_connection
load ResourceRole with id:13
operator: UnknownresourceId: Unknown - creating db connection using connection name: informix_connection
committing transaction
committing transaction
operator: UnknownresourceId: 7 - load resource.
operator: UnknownresourceId: Unknown - creating db connection using connection name: informix_connection
load ResourceRole with id:4
operator: UnknownresourceId: Unknown - creating db connection using connection name: informix_connection
committing transaction
committing transaction
operator: UnknownresourceId: 5 - load resource.
operator: UnknownresourceId: Unknown - creating db connection using connection name: informix_connection
load ResourceRole with id:1
operator: UnknownresourceId: Unknown - creating db connection using connection name: informix_connection
committing transaction
committing transaction
load Resource with ids:[J@1b74706
operator: UnknownresourceId: Unknown - creating db connection using connection name: informix_connection
load ResourceRole with id:8
operator: UnknownresourceId: Unknown - creating db connection using connection name: informix_connection
committing transaction
committing transaction
load Resource with ids:[J@3d2386,[J@3d2386
operator: UnknownresourceId: Unknown - creating db connection using connection name: informix_connection
load ResourceRole with id:4
operator: UnknownresourceId: Unknown - creating db connection using connection name: informix_connection
committing transaction
load ResourceRole with id:4
operator: UnknownresourceId: Unknown - creating db connection using connection name: informix_connection
committing transaction
committing transaction
get projects with the ids: 1
operator: UnknownprojectId: Unknown - creating db connection using connection name: informix_connection
committing transaction
load Resource with ids:[J@9f9a19
operator: UnknownresourceId: Unknown - creating db connection using connection name: informix_connection
load ResourceRole with id:1
operator: UnknownresourceId: Unknown - creating db connection using connection name: informix_connection
committing transaction
committing transaction
type: Upload id: Unknown operator:Unknown - search submissions with filter. found: 1
load Resource with ids:[J@247039,[J@247039
operator: UnknownresourceId: Unknown - creating db connection using connection name: informix_connection
load ResourceRole with id:4
operator: UnknownresourceId: Unknown - creating db connection using connection name: informix_connection
committing transaction
load ResourceRole with id:4
operator: UnknownresourceId: Unknown - creating db connection using connection name: informix_connection
committing transaction
committing transaction
operator: 1001phaseId: 107 - create aggregate worksheet.
load Notifications with array of userIds/projectIds/notificationTypes.
operator: UnknownresourceId: Unknown - creating db connection using connection name: informix_connection
committing transaction
get projects with the ids: 1
operator: UnknownprojectId: Unknown - creating db connection using connection name: informix_connection
committing transaction
load Resource role with ids:[J@1f3f158,[J@1f3f158,[J@1f3f158,[J@1f3f158,[J@1f3f158,[J@1f3f158,[J@1f3f158,[J@1f3f158,[J@1f3f158,[J@1f3f158,[J@1f3f158,[J@1f3f158,[J@1f3f158,[J@1f3f158,[J@1f3f158,[J@1f3f158,[J@1f3f158,[J@1f3f158,[J@1f3f158,[J@1f3f158,[J@1f3f158,[J@1f3f158
operator: UnknownresourceId: Unknown - creating db connection using connection name: informix_connection
committing transaction
load Resource with ids:[J@13bd1c0,[J@13bd1c0,[J@13bd1c0
operator: UnknownresourceId: Unknown - creating db connection using connection name: informix_connection
load ResourceRole with id:4
operator: UnknownresourceId: Unknown - creating db connection using connection name: informix_connection
committing transaction
load ResourceRole with id:4
operator: UnknownresourceId: Unknown - creating db connection using connection name: informix_connection
committing transaction
load ResourceRole with id:4
operator: UnknownresourceId: Unknown - creating db connection using connection name: informix_connection
committing transaction
committing transaction
load Resource with ids:[J@bb013f
operator: UnknownresourceId: Unknown - creating db connection using connection name: informix_connection
load ResourceRole with id:8
operator: UnknownresourceId: Unknown - creating db connection using connection name: informix_connection
committing transaction
committing transaction
load Resource with ids:[J@5462bc
operator: UnknownresourceId: Unknown - creating db connection using connection name: informix_connection
load ResourceRole with id:12
operator: UnknownresourceId: Unknown - creating db connection using connection name: informix_connection
committing transaction
committing transaction
load Resource with ids:[J@1a6acb9
operator: UnknownresourceId: Unknown - creating db connection using connection name: informix_connection
load ResourceRole with id:13
operator: UnknownresourceId: Unknown - creating db connection using connection name: informix_connection
committing transaction
committing transaction
load Resource with ids:[J@f7a060
operator: UnknownresourceId: Unknown - creating db connection using connection name: informix_connection
load ResourceRole with id:9
operator: UnknownresourceId: Unknown - creating db connection using connection name: informix_connection
committing transaction
committing transaction
load Resource with ids:[J@16cb210,[J@16cb210
operator: UnknownresourceId: Unknown - creating db connection using connection name: informix_connection
load ResourceRole with id:1
operator: UnknownresourceId: Unknown - creating db connection using connection name: informix_connection
committing transaction
load ResourceRole with id:1
operator: UnknownresourceId: Unknown - creating db connection using connection name: informix_connection
committing transaction
committing transaction
operator: UnknownresourceId: 6 - load resource.
operator: UnknownresourceId: Unknown - creating db connection using connection name: informix_connection
load ResourceRole with id:4
operator: UnknownresourceId: Unknown - creating db connection using connection name: informix_connection
committing transaction
committing transaction
operator: UnknownresourceId: 4 - load resource.
operator: UnknownresourceId: Unknown - creating db connection using connection name: informix_connection
load ResourceRole with id:1
operator: UnknownresourceId: Unknown - creating db connection using connection name: informix_connection
committing transaction
committing transaction
operator: UnknownresourceId: 100000 - load resource.
operator: UnknownresourceId: Unknown - creating db connection using connection name: informix_connection
load ResourceRole with id:13
operator: UnknownresourceId: Unknown - creating db connection using connection name: informix_connection
committing transaction
committing transaction
operator: UnknownresourceId: 7 - load resource.
operator: UnknownresourceId: Unknown - creating db connection using connection name: informix_connection
load ResourceRole with id:4
operator: UnknownresourceId: Unknown - creating db connection using connection name: informix_connection
committing transaction
committing transaction
operator: UnknownresourceId: 5 - load resource.
operator: UnknownresourceId: Unknown - creating db connection using connection name: informix_connection
load ResourceRole with id:1
operator: UnknownresourceId: Unknown - creating db connection using connection name: informix_connection
committing transaction
committing transaction
load Notifications with array of userIds/projectIds/notificationTypes.
operator: UnknownresourceId: Unknown - creating db connection using connection name: informix_connection
committing transaction
get projects with the ids: 1
operator: UnknownprojectId: Unknown - creating db connection using connection name: informix_connection
committing transaction
load Resource role with ids:[J@c6552a,[J@c6552a,[J@c6552a,[J@c6552a,[J@c6552a,[J@c6552a,[J@c6552a,[J@c6552a,[J@c6552a,[J@c6552a,[J@c6552a,[J@c6552a,[J@c6552a,[J@c6552a,[J@c6552a,[J@c6552a,[J@c6552a,[J@c6552a,[J@c6552a,[J@c6552a,[J@c6552a,[J@c6552a
operator: UnknownresourceId: Unknown - creating db connection using connection name: informix_connection
committing transaction
load Resource with ids:[J@1cb63fd,[J@1cb63fd,[J@1cb63fd
operator: UnknownresourceId: Unknown - creating db connection using connection name: informix_connection
load ResourceRole with id:4
operator: UnknownresourceId: Unknown - creating db connection using connection name: informix_connection
committing transaction
load ResourceRole with id:4
operator: UnknownresourceId: Unknown - creating db connection using connection name: informix_connection
committing transaction
load ResourceRole with id:4
operator: UnknownresourceId: Unknown - creating db connection using connection name: informix_connection
committing transaction
committing transaction
load Resource with ids:[J@b0058
operator: UnknownresourceId: Unknown - creating db connection using connection name: informix_connection
load ResourceRole with id:8
operator: UnknownresourceId: Unknown - creating db connection using connection name: informix_connection
committing transaction
committing transaction
load Resource with ids:[J@17a9034
operator: UnknownresourceId: Unknown - creating db connection using connection name: informix_connection
load ResourceRole with id:12
operator: UnknownresourceId: Unknown - creating db connection using connection name: informix_connection
committing transaction
committing transaction
load Resource with ids:[J@1d9b4aa
operator: UnknownresourceId: Unknown - creating db connection using connection name: informix_connection
load ResourceRole with id:13
operator: UnknownresourceId: Unknown - creating db connection using connection name: informix_connection
committing transaction
committing transaction
load Resource with ids:[J@aecfbb
operator: UnknownresourceId: Unknown - creating db connection using connection name: informix_connection
load ResourceRole with id:9
operator: UnknownresourceId: Unknown - creating db connection using connection name: informix_connection
committing transaction
committing transaction
load Resource with ids:[J@1669e7f,[J@1669e7f
operator: UnknownresourceId: Unknown - creating db connection using connection name: informix_connection
load ResourceRole with id:1
operator: UnknownresourceId: Unknown - creating db connection using connection name: informix_connection
committing transaction
load ResourceRole with id:1
operator: UnknownresourceId: Unknown - creating db connection using connection name: informix_connection
committing transaction
committing transaction
operator: UnknownresourceId: 6 - load resource.
operator: UnknownresourceId: Unknown - creating db connection using connection name: informix_connection
load ResourceRole with id:4
operator: UnknownresourceId: Unknown - creating db connection using connection name: informix_connection
committing transaction
committing transaction
operator: UnknownresourceId: 4 - load resource.
operator: UnknownresourceId: Unknown - creating db connection using connection name: informix_connection
load ResourceRole with id:1
operator: UnknownresourceId: Unknown - creating db connection using connection name: informix_connection
committing transaction
committing transaction
operator: UnknownresourceId: 100000 - load resource.
operator: UnknownresourceId: Unknown - creating db connection using connection name: informix_connection
load ResourceRole with id:13
operator: UnknownresourceId: Unknown - creating db connection using connection name: informix_connection
committing transaction
committing transaction
operator: UnknownresourceId: 7 - load resource.
operator: UnknownresourceId: Unknown - creating db connection using connection name: informix_connection
load ResourceRole with id:4
operator: UnknownresourceId: Unknown - creating db connection using connection name: informix_connection
committing transaction
committing transaction
operator: UnknownresourceId: 5 - load resource.
operator: UnknownresourceId: Unknown - creating db connection using connection name: informix_connection
load ResourceRole with id:1
operator: UnknownresourceId: Unknown - creating db connection using connection name: informix_connection
committing transaction
committing transaction
Read propery[ConnectionFactoryNS] which is  required  with value[com.topcoder.db.connectionfactory.DBConnectionFactoryImpl] from namespace [com.topcoder.management.project.persistence.InformixProjectPersistence].
Read propery[ConnectionName] which is  optional  with value[informix_connection] from namespace [com.topcoder.management.project.persistence.InformixProjectPersistence].
Read propery[ProjectIdSequenceName] which is  optional  with value[project_id_seq] from namespace [com.topcoder.management.project.persistence.InformixProjectPersistence].
Read propery[ProjectAuditIdSequenceName] which is  optional  with value[project_audit_id_seq] from namespace [com.topcoder.management.project.persistence.InformixProjectPersistence].
Read propery[ConnectionFactoryNS] which is  required  with value[com.topcoder.db.connectionfactory.DBConnectionFactoryImpl] from namespace [com.topcoder.management.project.persistence.link.ProjectLinkManagerImpl].
Read propery[ConnectionName] which is  optional  with value[informix_connection] from namespace [com.topcoder.management.project.persistence.link.ProjectLinkManagerImpl].
read property ConnectionFactoryNS[com.topcoder.db.connectionfactory.DBConnectionFactoryImpl] from the namespace :com.topcoder.management.scorecard.persistence.InformixScorecardPersistence
read property ConnectionName[informix_connection] from the namespace :com.topcoder.management.scorecard.persistence.InformixScorecardPersistence
Instantiate SqlUploadPersistence with connectionFactory and connectioName:informix_connection
Instantiate PersistenceUploadManager with UploadPersistence, uploadSearchBundle, submissionSearchBundle, uploadIdGenerator, uploadTypeIdGenerator, uploadStatusIdGenerator, submissionIDGenerator, submissionStatusIdGenerator and submissionTypeIdGenerator.
Instantiate AbstractResourcePersistence with connectionFactory and connectionName[informix_connection].
load Resource role with ids:[J@400552,[J@400552,[J@400552,[J@400552,[J@400552,[J@400552,[J@400552,[J@400552,[J@400552,[J@400552,[J@400552,[J@400552,[J@400552,[J@400552,[J@400552,[J@400552,[J@400552,[J@400552,[J@400552,[J@400552,[J@400552,[J@400552
operator: UnknownresourceId: Unknown - creating db connection using connection name: informix_connection
committing transaction
get projects with the ids: 1
operator: UnknownprojectId: Unknown - creating db connection using connection name: informix_connection
committing transaction
load Resource role with ids:[J@b30eb5,[J@b30eb5,[J@b30eb5,[J@b30eb5,[J@b30eb5,[J@b30eb5,[J@b30eb5,[J@b30eb5,[J@b30eb5,[J@b30eb5,[J@b30eb5,[J@b30eb5,[J@b30eb5,[J@b30eb5,[J@b30eb5,[J@b30eb5,[J@b30eb5,[J@b30eb5,[J@b30eb5,[J@b30eb5,[J@b30eb5,[J@b30eb5
operator: UnknownresourceId: Unknown - creating db connection using connection name: informix_connection
committing transaction
Read propery[ConnectionFactoryNS] which is  required  with value[com.topcoder.db.connectionfactory.DBConnectionFactoryImpl] from namespace [com.topcoder.management.project.persistence.InformixProjectPersistence].
Read propery[ConnectionName] which is  optional  with value[informix_connection] from namespace [com.topcoder.management.project.persistence.InformixProjectPersistence].
Read propery[ProjectIdSequenceName] which is  optional  with value[project_id_seq] from namespace [com.topcoder.management.project.persistence.InformixProjectPersistence].
Read propery[ProjectAuditIdSequenceName] which is  optional  with value[project_audit_id_seq] from namespace [com.topcoder.management.project.persistence.InformixProjectPersistence].
Read propery[ConnectionFactoryNS] which is  required  with value[com.topcoder.db.connectionfactory.DBConnectionFactoryImpl] from namespace [com.topcoder.management.project.persistence.link.ProjectLinkManagerImpl].
Read propery[ConnectionName] which is  optional  with value[informix_connection] from namespace [com.topcoder.management.project.persistence.link.ProjectLinkManagerImpl].
read property ConnectionFactoryNS[com.topcoder.db.connectionfactory.DBConnectionFactoryImpl] from the namespace :com.topcoder.management.scorecard.persistence.InformixScorecardPersistence
read property ConnectionName[informix_connection] from the namespace :com.topcoder.management.scorecard.persistence.InformixScorecardPersistence
Instantiate SqlUploadPersistence with connectionFactory and connectioName:informix_connection
Instantiate PersistenceUploadManager with UploadPersistence, uploadSearchBundle, submissionSearchBundle, uploadIdGenerator, uploadTypeIdGenerator, uploadStatusIdGenerator, submissionIDGenerator, submissionStatusIdGenerator and submissionTypeIdGenerator.
Instantiate AbstractResourcePersistence with connectionFactory and connectionName[informix_connection].
load Resource role with ids:[J@b89233,[J@b89233,[J@b89233,[J@b89233,[J@b89233,[J@b89233,[J@b89233,[J@b89233,[J@b89233,[J@b89233,[J@b89233,[J@b89233,[J@b89233,[J@b89233,[J@b89233,[J@b89233,[J@b89233,[J@b89233,[J@b89233,[J@b89233,[J@b89233,[J@b89233
operator: UnknownresourceId: Unknown - creating db connection using connection name: informix_connection
committing transaction
Read propery[ConnectionFactoryNS] which is  required  with value[com.topcoder.db.connectionfactory.DBConnectionFactoryImpl] from namespace [com.topcoder.management.project.persistence.InformixProjectPersistence].
Read propery[ConnectionName] which is  optional  with value[informix_connection] from namespace [com.topcoder.management.project.persistence.InformixProjectPersistence].
Read propery[ProjectIdSequenceName] which is  optional  with value[project_id_seq] from namespace [com.topcoder.management.project.persistence.InformixProjectPersistence].
Read propery[ProjectAuditIdSequenceName] which is  optional  with value[project_audit_id_seq] from namespace [com.topcoder.management.project.persistence.InformixProjectPersistence].
Read propery[ConnectionFactoryNS] which is  required  with value[com.topcoder.db.connectionfactory.DBConnectionFactoryImpl] from namespace [com.topcoder.management.project.persistence.link.ProjectLinkManagerImpl].
Read propery[ConnectionName] which is  optional  with value[informix_connection] from namespace [com.topcoder.management.project.persistence.link.ProjectLinkManagerImpl].
read property ConnectionFactoryNS[com.topcoder.db.connectionfactory.DBConnectionFactoryImpl] from the namespace :com.topcoder.management.scorecard.persistence.InformixScorecardPersistence
read property ConnectionName[informix_connection] from the namespace :com.topcoder.management.scorecard.persistence.InformixScorecardPersistence
Instantiate SqlUploadPersistence with connectionFactory and connectioName:informix_connection
Instantiate PersistenceUploadManager with UploadPersistence, uploadSearchBundle, submissionSearchBundle, uploadIdGenerator, uploadTypeIdGenerator, uploadStatusIdGenerator, submissionIDGenerator, submissionStatusIdGenerator and submissionTypeIdGenerator.
Instantiate AbstractResourcePersistence with connectionFactory and connectionName[informix_connection].
load Resource role with ids:[J@79bbda,[J@79bbda,[J@79bbda,[J@79bbda,[J@79bbda,[J@79bbda,[J@79bbda,[J@79bbda,[J@79bbda,[J@79bbda,[J@79bbda,[J@79bbda,[J@79bbda,[J@79bbda,[J@79bbda,[J@79bbda,[J@79bbda,[J@79bbda,[J@79bbda,[J@79bbda,[J@79bbda,[J@79bbda
operator: UnknownresourceId: Unknown - creating db connection using connection name: informix_connection
committing transaction
Read propery[ConnectionFactoryNS] which is  required  with value[com.topcoder.db.connectionfactory.DBConnectionFactoryImpl] from namespace [com.topcoder.management.project.persistence.InformixProjectPersistence].
Read propery[ConnectionName] which is  optional  with value[informix_connection] from namespace [com.topcoder.management.project.persistence.InformixProjectPersistence].
Read propery[ProjectIdSequenceName] which is  optional  with value[project_id_seq] from namespace [com.topcoder.management.project.persistence.InformixProjectPersistence].
Read propery[ProjectAuditIdSequenceName] which is  optional  with value[project_audit_id_seq] from namespace [com.topcoder.management.project.persistence.InformixProjectPersistence].
Read propery[ConnectionFactoryNS] which is  required  with value[com.topcoder.db.connectionfactory.DBConnectionFactoryImpl] from namespace [com.topcoder.management.project.persistence.link.ProjectLinkManagerImpl].
Read propery[ConnectionName] which is  optional  with value[informix_connection] from namespace [com.topcoder.management.project.persistence.link.ProjectLinkManagerImpl].
read property ConnectionFactoryNS[com.topcoder.db.connectionfactory.DBConnectionFactoryImpl] from the namespace :com.topcoder.management.scorecard.persistence.InformixScorecardPersistence
read property ConnectionName[informix_connection] from the namespace :com.topcoder.management.scorecard.persistence.InformixScorecardPersistence
Instantiate SqlUploadPersistence with connectionFactory and connectioName:informix_connection
Instantiate PersistenceUploadManager with UploadPersistence, uploadSearchBundle, submissionSearchBundle, uploadIdGenerator, uploadTypeIdGenerator, uploadStatusIdGenerator, submissionIDGenerator, submissionStatusIdGenerator and submissionTypeIdGenerator.
Instantiate AbstractResourcePersistence with connectionFactory and connectionName[informix_connection].
load Resource role with ids:[J@1cb546b,[J@1cb546b,[J@1cb546b,[J@1cb546b,[J@1cb546b,[J@1cb546b,[J@1cb546b,[J@1cb546b,[J@1cb546b,[J@1cb546b,[J@1cb546b,[J@1cb546b,[J@1cb546b,[J@1cb546b,[J@1cb546b,[J@1cb546b,[J@1cb546b,[J@1cb546b,[J@1cb546b,[J@1cb546b,[J@1cb546b,[J@1cb546b
operator: UnknownresourceId: Unknown - creating db connection using connection name: informix_connection
committing transaction
Read propery[ConnectionFactoryNS] which is  required  with value[com.topcoder.db.connectionfactory.DBConnectionFactoryImpl] from namespace [com.topcoder.management.project.persistence.InformixProjectPersistence].
Read propery[ConnectionName] which is  optional  with value[informix_connection] from namespace [com.topcoder.management.project.persistence.InformixProjectPersistence].
Read propery[ProjectIdSequenceName] which is  optional  with value[project_id_seq] from namespace [com.topcoder.management.project.persistence.InformixProjectPersistence].
Read propery[ProjectAuditIdSequenceName] which is  optional  with value[project_audit_id_seq] from namespace [com.topcoder.management.project.persistence.InformixProjectPersistence].
Read propery[ConnectionFactoryNS] which is  required  with value[com.topcoder.db.connectionfactory.DBConnectionFactoryImpl] from namespace [com.topcoder.management.project.persistence.link.ProjectLinkManagerImpl].
Read propery[ConnectionName] which is  optional  with value[informix_connection] from namespace [com.topcoder.management.project.persistence.link.ProjectLinkManagerImpl].
read property ConnectionFactoryNS[com.topcoder.db.connectionfactory.DBConnectionFactoryImpl] from the namespace :com.topcoder.management.scorecard.persistence.InformixScorecardPersistence
read property ConnectionName[informix_connection] from the namespace :com.topcoder.management.scorecard.persistence.InformixScorecardPersistence
Instantiate SqlUploadPersistence with connectionFactory and connectioName:informix_connection
Instantiate PersistenceUploadManager with UploadPersistence, uploadSearchBundle, submissionSearchBundle, uploadIdGenerator, uploadTypeIdGenerator, uploadStatusIdGenerator, submissionIDGenerator, submissionStatusIdGenerator and submissionTypeIdGenerator.
Instantiate AbstractResourcePersistence with connectionFactory and connectionName[informix_connection].
load Resource role with ids:[J@1d0fac8,[J@1d0fac8,[J@1d0fac8,[J@1d0fac8,[J@1d0fac8,[J@1d0fac8,[J@1d0fac8,[J@1d0fac8,[J@1d0fac8,[J@1d0fac8,[J@1d0fac8,[J@1d0fac8,[J@1d0fac8,[J@1d0fac8,[J@1d0fac8,[J@1d0fac8,[J@1d0fac8,[J@1d0fac8,[J@1d0fac8,[J@1d0fac8,[J@1d0fac8,[J@1d0fac8
operator: UnknownresourceId: Unknown - creating db connection using connection name: informix_connection
committing transaction
type: Upload id: Unknown operator:Unknown - search submissions with filter. found: 2
load Resource with ids:[J@1c7eea9,[J@1c7eea9
operator: UnknownresourceId: Unknown - creating db connection using connection name: informix_connection
load ResourceRole with id:4
operator: UnknownresourceId: Unknown - creating db connection using connection name: informix_connection
committing transaction
load ResourceRole with id:4
operator: UnknownresourceId: Unknown - creating db connection using connection name: informix_connection
committing transaction
committing transaction
type: Submission id: 1 operator:1001 - update Submission.
type: Submission id: 1 operator:Unknown - Update Submission, it will update record in submission table.
create db connection using connection name:informix_connection
close the connection.
type: Submission id: 2 operator:1001 - update Submission.
type: Submission id: 2 operator:Unknown - Update Submission, it will update record in submission table.
create db connection using connection name:informix_connection
close the connection.
operator: UnknownresourceId: 4 - load resource.
operator: UnknownresourceId: Unknown - creating db connection using connection name: informix_connection
load ResourceRole with id:1
operator: UnknownresourceId: Unknown - creating db connection using connection name: informix_connection
committing transaction
committing transaction
operator: UnknownresourceId: 5 - load resource.
operator: UnknownresourceId: Unknown - creating db connection using connection name: informix_connection
load ResourceRole with id:1
operator: UnknownresourceId: Unknown - creating db connection using connection name: informix_connection
committing transaction
committing transaction
get projects with the ids: 1
operator: UnknownprojectId: Unknown - creating db connection using connection name: informix_connection
committing transaction
load Resource role with ids:[J@1bc135b,[J@1bc135b,[J@1bc135b,[J@1bc135b,[J@1bc135b,[J@1bc135b,[J@1bc135b,[J@1bc135b,[J@1bc135b,[J@1bc135b,[J@1bc135b,[J@1bc135b,[J@1bc135b,[J@1bc135b,[J@1bc135b,[J@1bc135b,[J@1bc135b,[J@1bc135b,[J@1bc135b,[J@1bc135b,[J@1bc135b,[J@1bc135b
operator: UnknownresourceId: Unknown - creating db connection using connection name: informix_connection
committing transaction
load Resource with ids:[J@d25db6,[J@d25db6
operator: UnknownresourceId: Unknown - creating db connection using connection name: informix_connection
load ResourceRole with id:4
operator: UnknownresourceId: Unknown - creating db connection using connection name: informix_connection
committing transaction
load ResourceRole with id:4
operator: UnknownresourceId: Unknown - creating db connection using connection name: informix_connection
committing transaction
committing transaction
load Resource with ids:[J@10b9691,[J@10b9691
operator: UnknownresourceId: Unknown - creating db connection using connection name: informix_connection
load ResourceRole with id:1
operator: UnknownresourceId: Unknown - creating db connection using connection name: informix_connection
committing transaction
load ResourceRole with id:1
operator: UnknownresourceId: Unknown - creating db connection using connection name: informix_connection
committing transaction
committing transaction
type: Upload id: Unknown operator:Unknown - search submissions with filter. found: 2
load Resource with ids:[J@2daa2c,[J@2daa2c
operator: UnknownresourceId: Unknown - creating db connection using connection name: informix_connection
load ResourceRole with id:4
operator: UnknownresourceId: Unknown - creating db connection using connection name: informix_connection
committing transaction
load ResourceRole with id:4
operator: UnknownresourceId: Unknown - creating db connection using connection name: informix_connection
committing transaction
committing transaction
type: Scorecard id: Unknown operator:Unknown - retrieve scorecard with ids:1, and is incomplete
create db connection with connect name:informix_connection
close the connection.
get All submission statuses, delegate to persistence.
get All submission statuses, delegate to persistence.
create db connection using connection name:informix_connection
close the connection.
type: SubmissionStatus id: Unknown operator:Unknown - Load SubmissionStatuses with ids:1,2,3,4,5
create db connection using connection name:informix_connection
close the connection.
get All submission statuses, delegate to persistence.
get All submission statuses, delegate to persistence.
create db connection using connection name:informix_connection
close the connection.
type: SubmissionStatus id: Unknown operator:Unknown - Load SubmissionStatuses with ids:1,2,3,4,5
create db connection using connection name:informix_connection
close the connection.
operator: UnknownresourceId: 4 - load resource.
operator: UnknownresourceId: Unknown - creating db connection using connection name: informix_connection
load ResourceRole with id:1
operator: UnknownresourceId: Unknown - creating db connection using connection name: informix_connection
committing transaction
committing transaction
type: Submission id: 1 operator:1001 - update Submission.
type: Submission id: 1 operator:Unknown - Update Submission, it will update record in submission table.
create db connection using connection name:informix_connection
close the connection.
operator: UnknownresourceId: 5 - load resource.
operator: UnknownresourceId: Unknown - creating db connection using connection name: informix_connection
load ResourceRole with id:1
operator: UnknownresourceId: Unknown - creating db connection using connection name: informix_connection
committing transaction
committing transaction
type: Submission id: 2 operator:1001 - update Submission.
type: Submission id: 2 operator:Unknown - Update Submission, it will update record in submission table.
create db connection using connection name:informix_connection
close the connection.
get projects with the ids: 1
operator: UnknownprojectId: Unknown - creating db connection using connection name: informix_connection
committing transaction
operator: 1001projectId: 1 - updating project: {Winner External Reference ID=4}
operator: UnknownprojectId: Unknown - creating db connection using connection name: informix_connection
operator: 1001projectId: 1 - update project with projectId:1
operator: 1001projectId: 1 - update project, update project_info with projectId:1
operator: 1001projectId: 1 - insert record into project_info with project id1
operator: 1001projectId: 1 - generate new id for the project audit.
insert record into project_audit with projectId:1
operator: 1001projectId: 1 - execute sql:SELECT modify_date FROM project WHERE project_id=?
committing transaction
operator: UnknownresourceId: 4 - load resource.
operator: UnknownresourceId: Unknown - creating db connection using connection name: informix_connection
load ResourceRole with id:1
operator: UnknownresourceId: Unknown - creating db connection using connection name: informix_connection
committing transaction
committing transaction
operator: UnknownresourceId: 5 - load resource.
operator: UnknownresourceId: Unknown - creating db connection using connection name: informix_connection
load ResourceRole with id:1
operator: UnknownresourceId: Unknown - creating db connection using connection name: informix_connection
committing transaction
committing transaction
get projects with the ids: 1
operator: UnknownprojectId: Unknown - creating db connection using connection name: informix_connection
committing transaction
load Resource role with ids:[J@1aa610e,[J@1aa610e,[J@1aa610e,[J@1aa610e,[J@1aa610e,[J@1aa610e,[J@1aa610e,[J@1aa610e,[J@1aa610e,[J@1aa610e,[J@1aa610e,[J@1aa610e,[J@1aa610e,[J@1aa610e,[J@1aa610e,[J@1aa610e,[J@1aa610e,[J@1aa610e,[J@1aa610e,[J@1aa610e,[J@1aa610e,[J@1aa610e
operator: UnknownresourceId: Unknown - creating db connection using connection name: informix_connection
committing transaction
load Resource with ids:[J@879daa,[J@879daa
operator: UnknownresourceId: Unknown - creating db connection using connection name: informix_connection
load ResourceRole with id:4
operator: UnknownresourceId: Unknown - creating db connection using connection name: informix_connection
committing transaction
load ResourceRole with id:4
operator: UnknownresourceId: Unknown - creating db connection using connection name: informix_connection
committing transaction
committing transaction
load Resource with ids:[J@b62996,[J@b62996
operator: UnknownresourceId: Unknown - creating db connection using connection name: informix_connection
load ResourceRole with id:1
operator: UnknownresourceId: Unknown - creating db connection using connection name: informix_connection
committing transaction
load ResourceRole with id:1
operator: UnknownresourceId: Unknown - creating db connection using connection name: informix_connection
committing transaction
committing transaction
load Resource with ids:[J@79b1d1
operator: UnknownresourceId: Unknown - creating db connection using connection name: informix_connection
load ResourceRole with id:8
operator: UnknownresourceId: Unknown - creating db connection using connection name: informix_connection
committing transaction
committing transaction
load Resource with ids:[J@38f3a6,[J@38f3a6
operator: UnknownresourceId: Unknown - creating db connection using connection name: informix_connection
load ResourceRole with id:4
operator: UnknownresourceId: Unknown - creating db connection using connection name: informix_connection
committing transaction
load ResourceRole with id:4
operator: UnknownresourceId: Unknown - creating db connection using connection name: informix_connection
committing transaction
committing transaction
get projects with the ids: 1
operator: UnknownprojectId: Unknown - creating db connection using connection name: informix_connection
committing transaction
load Resource with ids:[J@4ed19b
operator: UnknownresourceId: Unknown - creating db connection using connection name: informix_connection
load ResourceRole with id:1
operator: UnknownresourceId: Unknown - creating db connection using connection name: informix_connection
committing transaction
committing transaction
type: Upload id: Unknown operator:Unknown - search submissions with filter. found: 1
load Resource with ids:[J@7a00b,[J@7a00b
operator: UnknownresourceId: Unknown - creating db connection using connection name: informix_connection
load ResourceRole with id:4
operator: UnknownresourceId: Unknown - creating db connection using connection name: informix_connection
committing transaction
load ResourceRole with id:4
operator: UnknownresourceId: Unknown - creating db connection using connection name: informix_connection
committing transaction
committing transaction
operator: 1001phaseId: 107 - create aggregate worksheet.
get projects with the ids: 1
operator: UnknownprojectId: Unknown - creating db connection using connection name: informix_connection
committing transaction
load Resource role with ids:[J@1f2bee,[J@1f2bee,[J@1f2bee,[J@1f2bee,[J@1f2bee,[J@1f2bee,[J@1f2bee,[J@1f2bee,[J@1f2bee,[J@1f2bee,[J@1f2bee,[J@1f2bee,[J@1f2bee,[J@1f2bee,[J@1f2bee,[J@1f2bee,[J@1f2bee,[J@1f2bee,[J@1f2bee,[J@1f2bee,[J@1f2bee,[J@1f2bee
operator: UnknownresourceId: Unknown - creating db connection using connection name: informix_connection
committing transaction
load Resource with ids:[J@1e9b7b2,[J@1e9b7b2
operator: UnknownresourceId: Unknown - creating db connection using connection name: informix_connection
load ResourceRole with id:4
operator: UnknownresourceId: Unknown - creating db connection using connection name: informix_connection
committing transaction
load ResourceRole with id:4
operator: UnknownresourceId: Unknown - creating db connection using connection name: informix_connection
committing transaction
committing transaction
load Resource with ids:[J@de1fb5
operator: UnknownresourceId: Unknown - creating db connection using connection name: informix_connection
load ResourceRole with id:8
operator: UnknownresourceId: Unknown - creating db connection using connection name: informix_connection
committing transaction
committing transaction
load Resource with ids:[J@8c6997,[J@8c6997
operator: UnknownresourceId: Unknown - creating db connection using connection name: informix_connection
load ResourceRole with id:1
operator: UnknownresourceId: Unknown - creating db connection using connection name: informix_connection
committing transaction
load ResourceRole with id:1
operator: UnknownresourceId: Unknown - creating db connection using connection name: informix_connection
committing transaction
committing transaction
load Resource with ids:[J@18eb0a5
operator: UnknownresourceId: Unknown - creating db connection using connection name: informix_connection
load ResourceRole with id:8
operator: UnknownresourceId: Unknown - creating db connection using connection name: informix_connection
committing transaction
committing transaction
load Resource with ids:[J@11533be
operator: UnknownresourceId: Unknown - creating db connection using connection name: informix_connection
load ResourceRole with id:8
operator: UnknownresourceId: Unknown - creating db connection using connection name: informix_connection
committing transaction
committing transaction
operator: 1001phaseId: 108 - create aggregate worksheet.
get projects with the ids: 1
operator: UnknownprojectId: Unknown - creating db connection using connection name: informix_connection
committing transaction
load Resource role with ids:[J@85cec8,[J@85cec8,[J@85cec8,[J@85cec8,[J@85cec8,[J@85cec8,[J@85cec8,[J@85cec8,[J@85cec8,[J@85cec8,[J@85cec8,[J@85cec8,[J@85cec8,[J@85cec8,[J@85cec8,[J@85cec8,[J@85cec8,[J@85cec8,[J@85cec8,[J@85cec8,[J@85cec8,[J@85cec8
operator: UnknownresourceId: Unknown - creating db connection using connection name: informix_connection
committing transaction
load Resource with ids:[J@7da288,[J@7da288
operator: UnknownresourceId: Unknown - creating db connection using connection name: informix_connection
load ResourceRole with id:4
operator: UnknownresourceId: Unknown - creating db connection using connection name: informix_connection
committing transaction
load ResourceRole with id:4
operator: UnknownresourceId: Unknown - creating db connection using connection name: informix_connection
committing transaction
committing transaction
load Resource with ids:[J@e12609,[J@e12609
operator: UnknownresourceId: Unknown - creating db connection using connection name: informix_connection
load ResourceRole with id:8
operator: UnknownresourceId: Unknown - creating db connection using connection name: informix_connection
committing transaction
load ResourceRole with id:8
operator: UnknownresourceId: Unknown - creating db connection using connection name: informix_connection
committing transaction
committing transaction
load Resource with ids:[J@a0b27f,[J@a0b27f
operator: UnknownresourceId: Unknown - creating db connection using connection name: informix_connection
load ResourceRole with id:1
operator: UnknownresourceId: Unknown - creating db connection using connection name: informix_connection
committing transaction
load ResourceRole with id:1
operator: UnknownresourceId: Unknown - creating db connection using connection name: informix_connection
committing transaction
committing transaction
Read propery[ConnectionFactoryNS] which is  required  with value[com.topcoder.db.connectionfactory.DBConnectionFactoryImpl] from namespace [com.topcoder.management.project.persistence.InformixProjectPersistence].
Read propery[ConnectionName] which is  optional  with value[informix_connection] from namespace [com.topcoder.management.project.persistence.InformixProjectPersistence].
Read propery[ProjectIdSequenceName] which is  optional  with value[project_id_seq] from namespace [com.topcoder.management.project.persistence.InformixProjectPersistence].
Read propery[ProjectAuditIdSequenceName] which is  optional  with value[project_audit_id_seq] from namespace [com.topcoder.management.project.persistence.InformixProjectPersistence].
Read propery[ConnectionFactoryNS] which is  required  with value[com.topcoder.db.connectionfactory.DBConnectionFactoryImpl] from namespace [com.topcoder.management.project.persistence.link.ProjectLinkManagerImpl].
Read propery[ConnectionName] which is  optional  with value[informix_connection] from namespace [com.topcoder.management.project.persistence.link.ProjectLinkManagerImpl].
read property ConnectionFactoryNS[com.topcoder.db.connectionfactory.DBConnectionFactoryImpl] from the namespace :com.topcoder.management.scorecard.persistence.InformixScorecardPersistence
read property ConnectionName[informix_connection] from the namespace :com.topcoder.management.scorecard.persistence.InformixScorecardPersistence
Instantiate SqlUploadPersistence with connectionFactory and connectioName:informix_connection
Instantiate PersistenceUploadManager with UploadPersistence, uploadSearchBundle, submissionSearchBundle, uploadIdGenerator, uploadTypeIdGenerator, uploadStatusIdGenerator, submissionIDGenerator, submissionStatusIdGenerator and submissionTypeIdGenerator.
Instantiate AbstractResourcePersistence with connectionFactory and connectionName[informix_connection].
load Resource role with ids:[J@1ce6256,[J@1ce6256,[J@1ce6256,[J@1ce6256,[J@1ce6256,[J@1ce6256,[J@1ce6256,[J@1ce6256,[J@1ce6256,[J@1ce6256,[J@1ce6256,[J@1ce6256,[J@1ce6256,[J@1ce6256,[J@1ce6256,[J@1ce6256,[J@1ce6256,[J@1ce6256,[J@1ce6256,[J@1ce6256,[J@1ce6256,[J@1ce6256
operator: UnknownresourceId: Unknown - creating db connection using connection name: informix_connection
committing transaction
Read propery[ConnectionFactoryNS] which is  required  with value[com.topcoder.db.connectionfactory.DBConnectionFactoryImpl] from namespace [com.topcoder.management.project.persistence.InformixProjectPersistence].
Read propery[ConnectionName] which is  optional  with value[informix_connection] from namespace [com.topcoder.management.project.persistence.InformixProjectPersistence].
Read propery[ProjectIdSequenceName] which is  optional  with value[project_id_seq] from namespace [com.topcoder.management.project.persistence.InformixProjectPersistence].
Read propery[ProjectAuditIdSequenceName] which is  optional  with value[project_audit_id_seq] from namespace [com.topcoder.management.project.persistence.InformixProjectPersistence].
Read propery[ConnectionFactoryNS] which is  required  with value[com.topcoder.db.connectionfactory.DBConnectionFactoryImpl] from namespace [com.topcoder.management.project.persistence.link.ProjectLinkManagerImpl].
Read propery[ConnectionName] which is  optional  with value[informix_connection] from namespace [com.topcoder.management.project.persistence.link.ProjectLinkManagerImpl].
read property ConnectionFactoryNS[com.topcoder.db.connectionfactory.DBConnectionFactoryImpl] from the namespace :com.topcoder.management.scorecard.persistence.InformixScorecardPersistence
read property ConnectionName[informix_connection] from the namespace :com.topcoder.management.scorecard.persistence.InformixScorecardPersistence
Instantiate SqlUploadPersistence with connectionFactory and connectioName:informix_connection
Instantiate PersistenceUploadManager with UploadPersistence, uploadSearchBundle, submissionSearchBundle, uploadIdGenerator, uploadTypeIdGenerator, uploadStatusIdGenerator, submissionIDGenerator, submissionStatusIdGenerator and submissionTypeIdGenerator.
Instantiate AbstractResourcePersistence with connectionFactory and connectionName[informix_connection].
load Resource role with ids:[J@337526,[J@337526,[J@337526,[J@337526,[J@337526,[J@337526,[J@337526,[J@337526,[J@337526,[J@337526,[J@337526,[J@337526,[J@337526,[J@337526,[J@337526,[J@337526,[J@337526,[J@337526,[J@337526,[J@337526,[J@337526,[J@337526
operator: UnknownresourceId: Unknown - creating db connection using connection name: informix_connection
committing transaction
Read propery[ConnectionFactoryNS] which is  required  with value[com.topcoder.db.connectionfactory.DBConnectionFactoryImpl] from namespace [com.topcoder.management.project.persistence.InformixProjectPersistence].
Read propery[ConnectionName] which is  optional  with value[informix_connection] from namespace [com.topcoder.management.project.persistence.InformixProjectPersistence].
Read propery[ProjectIdSequenceName] which is  optional  with value[project_id_seq] from namespace [com.topcoder.management.project.persistence.InformixProjectPersistence].
Read propery[ProjectAuditIdSequenceName] which is  optional  with value[project_audit_id_seq] from namespace [com.topcoder.management.project.persistence.InformixProjectPersistence].
Read propery[ConnectionFactoryNS] which is  required  with value[com.topcoder.db.connectionfactory.DBConnectionFactoryImpl] from namespace [com.topcoder.management.project.persistence.link.ProjectLinkManagerImpl].
Read propery[ConnectionName] which is  optional  with value[informix_connection] from namespace [com.topcoder.management.project.persistence.link.ProjectLinkManagerImpl].
read property ConnectionFactoryNS[com.topcoder.db.connectionfactory.DBConnectionFactoryImpl] from the namespace :com.topcoder.management.scorecard.persistence.InformixScorecardPersistence
read property ConnectionName[informix_connection] from the namespace :com.topcoder.management.scorecard.persistence.InformixScorecardPersistence
Instantiate SqlUploadPersistence with connectionFactory and connectioName:informix_connection
Instantiate PersistenceUploadManager with UploadPersistence, uploadSearchBundle, submissionSearchBundle, uploadIdGenerator, uploadTypeIdGenerator, uploadStatusIdGenerator, submissionIDGenerator, submissionStatusIdGenerator and submissionTypeIdGenerator.
Instantiate AbstractResourcePersistence with connectionFactory and connectionName[informix_connection].
load Resource role with ids:[J@5a2be8,[J@5a2be8,[J@5a2be8,[J@5a2be8,[J@5a2be8,[J@5a2be8,[J@5a2be8,[J@5a2be8,[J@5a2be8,[J@5a2be8,[J@5a2be8,[J@5a2be8,[J@5a2be8,[J@5a2be8,[J@5a2be8,[J@5a2be8,[J@5a2be8,[J@5a2be8,[J@5a2be8,[J@5a2be8,[J@5a2be8,[J@5a2be8
operator: UnknownresourceId: Unknown - creating db connection using connection name: informix_connection
committing transaction
type: Upload id: Unknown operator:Unknown - search submissions with filter. found: 2
load Resource with ids:[J@df479d,[J@df479d
operator: UnknownresourceId: Unknown - creating db connection using connection name: informix_connection
load ResourceRole with id:4
operator: UnknownresourceId: Unknown - creating db connection using connection name: informix_connection
committing transaction
load ResourceRole with id:4
operator: UnknownresourceId: Unknown - creating db connection using connection name: informix_connection
committing transaction
committing transaction
type: Submission id: 1 operator:1001 - update Submission.
type: Submission id: 1 operator:Unknown - Update Submission, it will update record in submission table.
create db connection using connection name:informix_connection
close the connection.
type: Submission id: 2 operator:1001 - update Submission.
type: Submission id: 2 operator:Unknown - Update Submission, it will update record in submission table.
create db connection using connection name:informix_connection
close the connection.
operator: UnknownresourceId: 4 - load resource.
operator: UnknownresourceId: Unknown - creating db connection using connection name: informix_connection
load ResourceRole with id:1
operator: UnknownresourceId: Unknown - creating db connection using connection name: informix_connection
committing transaction
committing transaction
operator: UnknownresourceId: 5 - load resource.
operator: UnknownresourceId: Unknown - creating db connection using connection name: informix_connection
load ResourceRole with id:1
operator: UnknownresourceId: Unknown - creating db connection using connection name: informix_connection
committing transaction
committing transaction
load Notifications with array of userIds/projectIds/notificationTypes.
operator: UnknownresourceId: Unknown - creating db connection using connection name: informix_connection
committing transaction
get projects with the ids: 1
operator: UnknownprojectId: Unknown - creating db connection using connection name: informix_connection
committing transaction
load Resource role with ids:[J@940a85,[J@940a85,[J@940a85,[J@940a85,[J@940a85,[J@940a85,[J@940a85,[J@940a85,[J@940a85,[J@940a85,[J@940a85,[J@940a85,[J@940a85,[J@940a85,[J@940a85,[J@940a85,[J@940a85,[J@940a85,[J@940a85,[J@940a85,[J@940a85,[J@940a85
operator: UnknownresourceId: Unknown - creating db connection using connection name: informix_connection
committing transaction
load Resource with ids:[J@a69e07,[J@a69e07,[J@a69e07
operator: UnknownresourceId: Unknown - creating db connection using connection name: informix_connection
load ResourceRole with id:4
operator: UnknownresourceId: Unknown - creating db connection using connection name: informix_connection
committing transaction
load ResourceRole with id:4
operator: UnknownresourceId: Unknown - creating db connection using connection name: informix_connection
committing transaction
load ResourceRole with id:4
operator: UnknownresourceId: Unknown - creating db connection using connection name: informix_connection
committing transaction
committing transaction
load Resource with ids:[J@3dbd9a
operator: UnknownresourceId: Unknown - creating db connection using connection name: informix_connection
load ResourceRole with id:12
operator: UnknownresourceId: Unknown - creating db connection using connection name: informix_connection
committing transaction
committing transaction
load Resource with ids:[J@139b974
operator: UnknownresourceId: Unknown - creating db connection using connection name: informix_connection
load ResourceRole with id:13
operator: UnknownresourceId: Unknown - creating db connection using connection name: informix_connection
committing transaction
committing transaction
load Resource with ids:[J@1d68352
operator: UnknownresourceId: Unknown - creating db connection using connection name: informix_connection
load ResourceRole with id:9
operator: UnknownresourceId: Unknown - creating db connection using connection name: informix_connection
committing transaction
committing transaction
load Resource with ids:[J@16b007f,[J@16b007f
operator: UnknownresourceId: Unknown - creating db connection using connection name: informix_connection
load ResourceRole with id:1
operator: UnknownresourceId: Unknown - creating db connection using connection name: informix_connection
committing transaction
load ResourceRole with id:1
operator: UnknownresourceId: Unknown - creating db connection using connection name: informix_connection
committing transaction
committing transaction
operator: UnknownresourceId: 6 - load resource.
operator: UnknownresourceId: Unknown - creating db connection using connection name: informix_connection
load ResourceRole with id:4
operator: UnknownresourceId: Unknown - creating db connection using connection name: informix_connection
committing transaction
committing transaction
operator: UnknownresourceId: 4 - load resource.
operator: UnknownresourceId: Unknown - creating db connection using connection name: informix_connection
load ResourceRole with id:1
operator: UnknownresourceId: Unknown - creating db connection using connection name: informix_connection
committing transaction
committing transaction
operator: UnknownresourceId: 100000 - load resource.
operator: UnknownresourceId: Unknown - creating db connection using connection name: informix_connection
load ResourceRole with id:13
operator: UnknownresourceId: Unknown - creating db connection using connection name: informix_connection
committing transaction
committing transaction
operator: UnknownresourceId: 7 - load resource.
operator: UnknownresourceId: Unknown - creating db connection using connection name: informix_connection
load ResourceRole with id:4
operator: UnknownresourceId: Unknown - creating db connection using connection name: informix_connection
committing transaction
committing transaction
operator: UnknownresourceId: 5 - load resource.
operator: UnknownresourceId: Unknown - creating db connection using connection name: informix_connection
load ResourceRole with id:1
operator: UnknownresourceId: Unknown - creating db connection using connection name: informix_connection
committing transaction
committing transaction
type: Upload id: Unknown operator:Unknown - search submissions with filter. found: 2
load Resource with ids:[J@6f7bec,[J@6f7bec
operator: UnknownresourceId: Unknown - creating db connection using connection name: informix_connection
load ResourceRole with id:4
operator: UnknownresourceId: Unknown - creating db connection using connection name: informix_connection
committing transaction
load ResourceRole with id:4
operator: UnknownresourceId: Unknown - creating db connection using connection name: informix_connection
committing transaction
committing transaction
type: Scorecard id: Unknown operator:Unknown - retrieve scorecard with ids:1, and is incomplete
create db connection with connect name:informix_connection
close the connection.
get All submission statuses, delegate to persistence.
get All submission statuses, delegate to persistence.
create db connection using connection name:informix_connection
close the connection.
type: SubmissionStatus id: Unknown operator:Unknown - Load SubmissionStatuses with ids:1,2,3,4,5
create db connection using connection name:informix_connection
close the connection.
get All submission statuses, delegate to persistence.
get All submission statuses, delegate to persistence.
create db connection using connection name:informix_connection
close the connection.
type: SubmissionStatus id: Unknown operator:Unknown - Load SubmissionStatuses with ids:1,2,3,4,5
create db connection using connection name:informix_connection
close the connection.
operator: UnknownresourceId: 4 - load resource.
operator: UnknownresourceId: Unknown - creating db connection using connection name: informix_connection
load ResourceRole with id:1
operator: UnknownresourceId: Unknown - creating db connection using connection name: informix_connection
committing transaction
committing transaction
type: Submission id: 1 operator:1001 - update Submission.
type: Submission id: 1 operator:Unknown - Update Submission, it will update record in submission table.
create db connection using connection name:informix_connection
close the connection.
operator: UnknownresourceId: 5 - load resource.
operator: UnknownresourceId: Unknown - creating db connection using connection name: informix_connection
load ResourceRole with id:1
operator: UnknownresourceId: Unknown - creating db connection using connection name: informix_connection
committing transaction
committing transaction
type: Submission id: 2 operator:1001 - update Submission.
type: Submission id: 2 operator:Unknown - Update Submission, it will update record in submission table.
create db connection using connection name:informix_connection
close the connection.
get projects with the ids: 1
operator: UnknownprojectId: Unknown - creating db connection using connection name: informix_connection
committing transaction
operator: 1001projectId: 1 - updating project: {Winner External Reference ID=4, Project Name=Online Review Phases, Project Version=1.5}
operator: UnknownprojectId: Unknown - creating db connection using connection name: informix_connection
operator: 1001projectId: 1 - update project with projectId:1
operator: 1001projectId: 1 - update project, update project_info with projectId:1
operator: 1001projectId: 1 - insert record into project_info with project id1
operator: 1001projectId: 1 - generate new id for the project audit.
insert record into project_audit with projectId:1
operator: 1001projectId: 1 - execute sql:SELECT modify_date FROM project WHERE project_id=?
committing transaction
operator: UnknownresourceId: 4 - load resource.
operator: UnknownresourceId: Unknown - creating db connection using connection name: informix_connection
load ResourceRole with id:1
operator: UnknownresourceId: Unknown - creating db connection using connection name: informix_connection
committing transaction
committing transaction
operator: UnknownresourceId: 5 - load resource.
operator: UnknownresourceId: Unknown - creating db connection using connection name: informix_connection
load ResourceRole with id:1
operator: UnknownresourceId: Unknown - creating db connection using connection name: informix_connection
committing transaction
committing transaction
load Notifications with array of userIds/projectIds/notificationTypes.
operator: UnknownresourceId: Unknown - creating db connection using connection name: informix_connection
committing transaction
get projects with the ids: 1
operator: UnknownprojectId: Unknown - creating db connection using connection name: informix_connection
committing transaction
load Resource role with ids:[J@1b532d0,[J@1b532d0,[J@1b532d0,[J@1b532d0,[J@1b532d0,[J@1b532d0,[J@1b532d0,[J@1b532d0,[J@1b532d0,[J@1b532d0,[J@1b532d0,[J@1b532d0,[J@1b532d0,[J@1b532d0,[J@1b532d0,[J@1b532d0,[J@1b532d0,[J@1b532d0,[J@1b532d0,[J@1b532d0,[J@1b532d0,[J@1b532d0
operator: UnknownresourceId: Unknown - creating db connection using connection name: informix_connection
committing transaction
load Resource with ids:[J@153488e,[J@153488e,[J@153488e
operator: UnknownresourceId: Unknown - creating db connection using connection name: informix_connection
load ResourceRole with id:4
operator: UnknownresourceId: Unknown - creating db connection using connection name: informix_connection
committing transaction
load ResourceRole with id:4
operator: UnknownresourceId: Unknown - creating db connection using connection name: informix_connection
committing transaction
load ResourceRole with id:4
operator: UnknownresourceId: Unknown - creating db connection using connection name: informix_connection
committing transaction
committing transaction
load Resource with ids:[J@1470c7d
operator: UnknownresourceId: Unknown - creating db connection using connection name: informix_connection
load ResourceRole with id:12
operator: UnknownresourceId: Unknown - creating db connection using connection name: informix_connection
committing transaction
committing transaction
load Resource with ids:[J@1ca04a1
operator: UnknownresourceId: Unknown - creating db connection using connection name: informix_connection
load ResourceRole with id:13
operator: UnknownresourceId: Unknown - creating db connection using connection name: informix_connection
committing transaction
committing transaction
load Resource with ids:[J@1db4ce5
operator: UnknownresourceId: Unknown - creating db connection using connection name: informix_connection
load ResourceRole with id:9
operator: UnknownresourceId: Unknown - creating db connection using connection name: informix_connection
committing transaction
committing transaction
load Resource with ids:[J@a40607,[J@a40607
operator: UnknownresourceId: Unknown - creating db connection using connection name: informix_connection
load ResourceRole with id:1
operator: UnknownresourceId: Unknown - creating db connection using connection name: informix_connection
committing transaction
load ResourceRole with id:1
operator: UnknownresourceId: Unknown - creating db connection using connection name: informix_connection
committing transaction
committing transaction
operator: UnknownresourceId: 6 - load resource.
operator: UnknownresourceId: Unknown - creating db connection using connection name: informix_connection
load ResourceRole with id:4
operator: UnknownresourceId: Unknown - creating db connection using connection name: informix_connection
committing transaction
committing transaction
operator: UnknownresourceId: 4 - load resource.
operator: UnknownresourceId: Unknown - creating db connection using connection name: informix_connection
load ResourceRole with id:1
operator: UnknownresourceId: Unknown - creating db connection using connection name: informix_connection
committing transaction
committing transaction
operator: UnknownresourceId: 100000 - load resource.
operator: UnknownresourceId: Unknown - creating db connection using connection name: informix_connection
load ResourceRole with id:13
operator: UnknownresourceId: Unknown - creating db connection using connection name: informix_connection
committing transaction
committing transaction
operator: UnknownresourceId: 7 - load resource.
operator: UnknownresourceId: Unknown - creating db connection using connection name: informix_connection
load ResourceRole with id:4
operator: UnknownresourceId: Unknown - creating db connection using connection name: informix_connection
committing transaction
committing transaction
operator: UnknownresourceId: 5 - load resource.
operator: UnknownresourceId: Unknown - creating db connection using connection name: informix_connection
load ResourceRole with id:1
operator: UnknownresourceId: Unknown - creating db connection using connection name: informix_connection
committing transaction
committing transaction
Read propery[ConnectionFactoryNS] which is  required  with value[com.topcoder.db.connectionfactory.DBConnectionFactoryImpl] from namespace [com.topcoder.management.project.persistence.InformixProjectPersistence].
Read propery[ConnectionName] which is  optional  with value[informix_connection] from namespace [com.topcoder.management.project.persistence.InformixProjectPersistence].
Read propery[ProjectIdSequenceName] which is  optional  with value[project_id_seq] from namespace [com.topcoder.management.project.persistence.InformixProjectPersistence].
Read propery[ProjectAuditIdSequenceName] which is  optional  with value[project_audit_id_seq] from namespace [com.topcoder.management.project.persistence.InformixProjectPersistence].
Read propery[ConnectionFactoryNS] which is  required  with value[com.topcoder.db.connectionfactory.DBConnectionFactoryImpl] from namespace [com.topcoder.management.project.persistence.link.ProjectLinkManagerImpl].
Read propery[ConnectionName] which is  optional  with value[informix_connection] from namespace [com.topcoder.management.project.persistence.link.ProjectLinkManagerImpl].
read property ConnectionFactoryNS[com.topcoder.db.connectionfactory.DBConnectionFactoryImpl] from the namespace :com.topcoder.management.scorecard.persistence.InformixScorecardPersistence
read property ConnectionName[informix_connection] from the namespace :com.topcoder.management.scorecard.persistence.InformixScorecardPersistence
Instantiate SqlUploadPersistence with connectionFactory and connectioName:informix_connection
Instantiate PersistenceUploadManager with UploadPersistence, uploadSearchBundle, submissionSearchBundle, uploadIdGenerator, uploadTypeIdGenerator, uploadStatusIdGenerator, submissionIDGenerator, submissionStatusIdGenerator and submissionTypeIdGenerator.
Instantiate AbstractResourcePersistence with connectionFactory and connectionName[informix_connection].
load Resource role with ids:[J@5fb753,[J@5fb753,[J@5fb753,[J@5fb753,[J@5fb753,[J@5fb753,[J@5fb753,[J@5fb753,[J@5fb753,[J@5fb753,[J@5fb753,[J@5fb753,[J@5fb753,[J@5fb753,[J@5fb753,[J@5fb753,[J@5fb753,[J@5fb753,[J@5fb753,[J@5fb753,[J@5fb753,[J@5fb753
operator: UnknownresourceId: Unknown - creating db connection using connection name: informix_connection
committing transaction
Read propery[ConnectionFactoryNS] which is  required  with value[com.topcoder.db.connectionfactory.DBConnectionFactoryImpl] from namespace [com.topcoder.management.project.persistence.InformixProjectPersistence].
Read propery[ConnectionName] which is  optional  with value[informix_connection] from namespace [com.topcoder.management.project.persistence.InformixProjectPersistence].
Read propery[ProjectIdSequenceName] which is  optional  with value[project_id_seq] from namespace [com.topcoder.management.project.persistence.InformixProjectPersistence].
Read propery[ProjectAuditIdSequenceName] which is  optional  with value[project_audit_id_seq] from namespace [com.topcoder.management.project.persistence.InformixProjectPersistence].
Read propery[ConnectionFactoryNS] which is  required  with value[com.topcoder.db.connectionfactory.DBConnectionFactoryImpl] from namespace [com.topcoder.management.project.persistence.link.ProjectLinkManagerImpl].
Read propery[ConnectionName] which is  optional  with value[informix_connection] from namespace [com.topcoder.management.project.persistence.link.ProjectLinkManagerImpl].
read property ConnectionFactoryNS[com.topcoder.db.connectionfactory.DBConnectionFactoryImpl] from the namespace :com.topcoder.management.scorecard.persistence.InformixScorecardPersistence
read property ConnectionName[informix_connection] from the namespace :com.topcoder.management.scorecard.persistence.InformixScorecardPersistence
Instantiate SqlUploadPersistence with connectionFactory and connectioName:informix_connection
Instantiate PersistenceUploadManager with UploadPersistence, uploadSearchBundle, submissionSearchBundle, uploadIdGenerator, uploadTypeIdGenerator, uploadStatusIdGenerator, submissionIDGenerator, submissionStatusIdGenerator and submissionTypeIdGenerator.
Instantiate AbstractResourcePersistence with connectionFactory and connectionName[informix_connection].
load Resource role with ids:[J@1bbc2b0,[J@1bbc2b0,[J@1bbc2b0,[J@1bbc2b0,[J@1bbc2b0,[J@1bbc2b0,[J@1bbc2b0,[J@1bbc2b0,[J@1bbc2b0,[J@1bbc2b0,[J@1bbc2b0,[J@1bbc2b0,[J@1bbc2b0,[J@1bbc2b0,[J@1bbc2b0,[J@1bbc2b0,[J@1bbc2b0,[J@1bbc2b0,[J@1bbc2b0,[J@1bbc2b0,[J@1bbc2b0,[J@1bbc2b0
operator: UnknownresourceId: Unknown - creating db connection using connection name: informix_connection
committing transaction
entering canPerform: phaseId1
Read propery[ConnectionFactoryNS] which is  required  with value[com.topcoder.db.connectionfactory.DBConnectionFactoryImpl] from namespace [com.topcoder.management.project.persistence.InformixProjectPersistence].
Read propery[ConnectionName] which is  optional  with value[informix_connection] from namespace [com.topcoder.management.project.persistence.InformixProjectPersistence].
Read propery[ProjectIdSequenceName] which is  optional  with value[project_id_seq] from namespace [com.topcoder.management.project.persistence.InformixProjectPersistence].
Read propery[ProjectAuditIdSequenceName] which is  optional  with value[project_audit_id_seq] from namespace [com.topcoder.management.project.persistence.InformixProjectPersistence].
Read propery[ConnectionFactoryNS] which is  required  with value[com.topcoder.db.connectionfactory.DBConnectionFactoryImpl] from namespace [com.topcoder.management.project.persistence.link.ProjectLinkManagerImpl].
Read propery[ConnectionName] which is  optional  with value[informix_connection] from namespace [com.topcoder.management.project.persistence.link.ProjectLinkManagerImpl].
read property ConnectionFactoryNS[com.topcoder.db.connectionfactory.DBConnectionFactoryImpl] from the namespace :com.topcoder.management.scorecard.persistence.InformixScorecardPersistence
read property ConnectionName[informix_connection] from the namespace :com.topcoder.management.scorecard.persistence.InformixScorecardPersistence
Instantiate SqlUploadPersistence with connectionFactory and connectioName:informix_connection
Instantiate PersistenceUploadManager with UploadPersistence, uploadSearchBundle, submissionSearchBundle, uploadIdGenerator, uploadTypeIdGenerator, uploadStatusIdGenerator, submissionIDGenerator, submissionStatusIdGenerator and submissionTypeIdGenerator.
Instantiate AbstractResourcePersistence with connectionFactory and connectionName[informix_connection].
load Resource role with ids:[J@1a046b8,[J@1a046b8,[J@1a046b8,[J@1a046b8,[J@1a046b8,[J@1a046b8,[J@1a046b8,[J@1a046b8,[J@1a046b8,[J@1a046b8,[J@1a046b8,[J@1a046b8,[J@1a046b8,[J@1a046b8,[J@1a046b8,[J@1a046b8,[J@1a046b8,[J@1a046b8,[J@1a046b8,[J@1a046b8,[J@1a046b8,[J@1a046b8
operator: UnknownresourceId: Unknown - creating db connection using connection name: informix_connection
committing transaction
entering canPerform: phaseId1
Read propery[ConnectionFactoryNS] which is  required  with value[com.topcoder.db.connectionfactory.DBConnectionFactoryImpl] from namespace [com.topcoder.management.project.persistence.InformixProjectPersistence].
Read propery[ConnectionName] which is  optional  with value[informix_connection] from namespace [com.topcoder.management.project.persistence.InformixProjectPersistence].
Read propery[ProjectIdSequenceName] which is  optional  with value[project_id_seq] from namespace [com.topcoder.management.project.persistence.InformixProjectPersistence].
Read propery[ProjectAuditIdSequenceName] which is  optional  with value[project_audit_id_seq] from namespace [com.topcoder.management.project.persistence.InformixProjectPersistence].
Read propery[ConnectionFactoryNS] which is  required  with value[com.topcoder.db.connectionfactory.DBConnectionFactoryImpl] from namespace [com.topcoder.management.project.persistence.link.ProjectLinkManagerImpl].
Read propery[ConnectionName] which is  optional  with value[informix_connection] from namespace [com.topcoder.management.project.persistence.link.ProjectLinkManagerImpl].
read property ConnectionFactoryNS[com.topcoder.db.connectionfactory.DBConnectionFactoryImpl] from the namespace :com.topcoder.management.scorecard.persistence.InformixScorecardPersistence
read property ConnectionName[informix_connection] from the namespace :com.topcoder.management.scorecard.persistence.InformixScorecardPersistence
Instantiate SqlUploadPersistence with connectionFactory and connectioName:informix_connection
Instantiate PersistenceUploadManager with UploadPersistence, uploadSearchBundle, submissionSearchBundle, uploadIdGenerator, uploadTypeIdGenerator, uploadStatusIdGenerator, submissionIDGenerator, submissionStatusIdGenerator and submissionTypeIdGenerator.
Instantiate AbstractResourcePersistence with connectionFactory and connectionName[informix_connection].
load Resource role with ids:[J@18d8478,[J@18d8478,[J@18d8478,[J@18d8478,[J@18d8478,[J@18d8478,[J@18d8478,[J@18d8478,[J@18d8478,[J@18d8478,[J@18d8478,[J@18d8478,[J@18d8478,[J@18d8478,[J@18d8478,[J@18d8478,[J@18d8478,[J@18d8478,[J@18d8478,[J@18d8478,[J@18d8478,[J@18d8478
operator: UnknownresourceId: Unknown - creating db connection using connection name: informix_connection
committing transaction
Read propery[ConnectionFactoryNS] which is  required  with value[com.topcoder.db.connectionfactory.DBConnectionFactoryImpl] from namespace [com.topcoder.management.project.persistence.InformixProjectPersistence].
Read propery[ConnectionName] which is  optional  with value[informix_connection] from namespace [com.topcoder.management.project.persistence.InformixProjectPersistence].
Read propery[ProjectIdSequenceName] which is  optional  with value[project_id_seq] from namespace [com.topcoder.management.project.persistence.InformixProjectPersistence].
Read propery[ProjectAuditIdSequenceName] which is  optional  with value[project_audit_id_seq] from namespace [com.topcoder.management.project.persistence.InformixProjectPersistence].
Read propery[ConnectionFactoryNS] which is  required  with value[com.topcoder.db.connectionfactory.DBConnectionFactoryImpl] from namespace [com.topcoder.management.project.persistence.link.ProjectLinkManagerImpl].
Read propery[ConnectionName] which is  optional  with value[informix_connection] from namespace [com.topcoder.management.project.persistence.link.ProjectLinkManagerImpl].
read property ConnectionFactoryNS[com.topcoder.db.connectionfactory.DBConnectionFactoryImpl] from the namespace :com.topcoder.management.scorecard.persistence.InformixScorecardPersistence
read property ConnectionName[informix_connection] from the namespace :com.topcoder.management.scorecard.persistence.InformixScorecardPersistence
Instantiate SqlUploadPersistence with connectionFactory and connectioName:informix_connection
Instantiate PersistenceUploadManager with UploadPersistence, uploadSearchBundle, submissionSearchBundle, uploadIdGenerator, uploadTypeIdGenerator, uploadStatusIdGenerator, submissionIDGenerator, submissionStatusIdGenerator and submissionTypeIdGenerator.
Instantiate AbstractResourcePersistence with connectionFactory and connectionName[informix_connection].
load Resource role with ids:[J@1daddae,[J@1daddae,[J@1daddae,[J@1daddae,[J@1daddae,[J@1daddae,[J@1daddae,[J@1daddae,[J@1daddae,[J@1daddae,[J@1daddae,[J@1daddae,[J@1daddae,[J@1daddae,[J@1daddae,[J@1daddae,[J@1daddae,[J@1daddae,[J@1daddae,[J@1daddae,[J@1daddae,[J@1daddae
operator: UnknownresourceId: Unknown - creating db connection using connection name: informix_connection
committing transaction
Read propery[ConnectionFactoryNS] which is  required  with value[com.topcoder.db.connectionfactory.DBConnectionFactoryImpl] from namespace [com.topcoder.management.project.persistence.InformixProjectPersistence].
Read propery[ConnectionName] which is  optional  with value[informix_connection] from namespace [com.topcoder.management.project.persistence.InformixProjectPersistence].
Read propery[ProjectIdSequenceName] which is  optional  with value[project_id_seq] from namespace [com.topcoder.management.project.persistence.InformixProjectPersistence].
Read propery[ProjectAuditIdSequenceName] which is  optional  with value[project_audit_id_seq] from namespace [com.topcoder.management.project.persistence.InformixProjectPersistence].
Read propery[ConnectionFactoryNS] which is  required  with value[com.topcoder.db.connectionfactory.DBConnectionFactoryImpl] from namespace [com.topcoder.management.project.persistence.link.ProjectLinkManagerImpl].
Read propery[ConnectionName] which is  optional  with value[informix_connection] from namespace [com.topcoder.management.project.persistence.link.ProjectLinkManagerImpl].
read property ConnectionFactoryNS[com.topcoder.db.connectionfactory.DBConnectionFactoryImpl] from the namespace :com.topcoder.management.scorecard.persistence.InformixScorecardPersistence
read property ConnectionName[informix_connection] from the namespace :com.topcoder.management.scorecard.persistence.InformixScorecardPersistence
Instantiate SqlUploadPersistence with connectionFactory and connectioName:informix_connection
Instantiate PersistenceUploadManager with UploadPersistence, uploadSearchBundle, submissionSearchBundle, uploadIdGenerator, uploadTypeIdGenerator, uploadStatusIdGenerator, submissionIDGenerator, submissionStatusIdGenerator and submissionTypeIdGenerator.
Instantiate AbstractResourcePersistence with connectionFactory and connectionName[informix_connection].
load Resource role with ids:[J@1a390f4,[J@1a390f4,[J@1a390f4,[J@1a390f4,[J@1a390f4,[J@1a390f4,[J@1a390f4,[J@1a390f4,[J@1a390f4,[J@1a390f4,[J@1a390f4,[J@1a390f4,[J@1a390f4,[J@1a390f4,[J@1a390f4,[J@1a390f4,[J@1a390f4,[J@1a390f4,[J@1a390f4,[J@1a390f4,[J@1a390f4,[J@1a390f4
operator: UnknownresourceId: Unknown - creating db connection using connection name: informix_connection
committing transaction
Read propery[ConnectionFactoryNS] which is  required  with value[com.topcoder.db.connectionfactory.DBConnectionFactoryImpl] from namespace [com.topcoder.management.project.persistence.InformixProjectPersistence].
Read propery[ConnectionName] which is  optional  with value[informix_connection] from namespace [com.topcoder.management.project.persistence.InformixProjectPersistence].
Read propery[ProjectIdSequenceName] which is  optional  with value[project_id_seq] from namespace [com.topcoder.management.project.persistence.InformixProjectPersistence].
Read propery[ProjectAuditIdSequenceName] which is  optional  with value[project_audit_id_seq] from namespace [com.topcoder.management.project.persistence.InformixProjectPersistence].
Read propery[ConnectionFactoryNS] which is  required  with value[com.topcoder.db.connectionfactory.DBConnectionFactoryImpl] from namespace [com.topcoder.management.project.persistence.link.ProjectLinkManagerImpl].
Read propery[ConnectionName] which is  optional  with value[informix_connection] from namespace [com.topcoder.management.project.persistence.link.ProjectLinkManagerImpl].
read property ConnectionFactoryNS[com.topcoder.db.connectionfactory.DBConnectionFactoryImpl] from the namespace :com.topcoder.management.scorecard.persistence.InformixScorecardPersistence
read property ConnectionName[informix_connection] from the namespace :com.topcoder.management.scorecard.persistence.InformixScorecardPersistence
Instantiate SqlUploadPersistence with connectionFactory and connectioName:informix_connection
Instantiate PersistenceUploadManager with UploadPersistence, uploadSearchBundle, submissionSearchBundle, uploadIdGenerator, uploadTypeIdGenerator, uploadStatusIdGenerator, submissionIDGenerator, submissionStatusIdGenerator and submissionTypeIdGenerator.
Instantiate AbstractResourcePersistence with connectionFactory and connectionName[informix_connection].
load Resource role with ids:[J@b2a5f5,[J@b2a5f5,[J@b2a5f5,[J@b2a5f5,[J@b2a5f5,[J@b2a5f5,[J@b2a5f5,[J@b2a5f5,[J@b2a5f5,[J@b2a5f5,[J@b2a5f5,[J@b2a5f5,[J@b2a5f5,[J@b2a5f5,[J@b2a5f5,[J@b2a5f5,[J@b2a5f5,[J@b2a5f5,[J@b2a5f5,[J@b2a5f5,[J@b2a5f5,[J@b2a5f5
operator: UnknownresourceId: Unknown - creating db connection using connection name: informix_connection
committing transaction
Read propery[ConnectionFactoryNS] which is  required  with value[com.topcoder.db.connectionfactory.DBConnectionFactoryImpl] from namespace [com.topcoder.management.project.persistence.InformixProjectPersistence].
Read propery[ConnectionName] which is  optional  with value[informix_connection] from namespace [com.topcoder.management.project.persistence.InformixProjectPersistence].
Read propery[ProjectIdSequenceName] which is  optional  with value[project_id_seq] from namespace [com.topcoder.management.project.persistence.InformixProjectPersistence].
Read propery[ProjectAuditIdSequenceName] which is  optional  with value[project_audit_id_seq] from namespace [com.topcoder.management.project.persistence.InformixProjectPersistence].
Read propery[ConnectionFactoryNS] which is  required  with value[com.topcoder.db.connectionfactory.DBConnectionFactoryImpl] from namespace [com.topcoder.management.project.persistence.link.ProjectLinkManagerImpl].
Read propery[ConnectionName] which is  optional  with value[informix_connection] from namespace [com.topcoder.management.project.persistence.link.ProjectLinkManagerImpl].
read property ConnectionFactoryNS[com.topcoder.db.connectionfactory.DBConnectionFactoryImpl] from the namespace :com.topcoder.management.scorecard.persistence.InformixScorecardPersistence
read property ConnectionName[informix_connection] from the namespace :com.topcoder.management.scorecard.persistence.InformixScorecardPersistence
Instantiate SqlUploadPersistence with connectionFactory and connectioName:informix_connection
Instantiate PersistenceUploadManager with UploadPersistence, uploadSearchBundle, submissionSearchBundle, uploadIdGenerator, uploadTypeIdGenerator, uploadStatusIdGenerator, submissionIDGenerator, submissionStatusIdGenerator and submissionTypeIdGenerator.
Instantiate AbstractResourcePersistence with connectionFactory and connectionName[informix_connection].
load Resource role with ids:[J@12d9a56,[J@12d9a56,[J@12d9a56,[J@12d9a56,[J@12d9a56,[J@12d9a56,[J@12d9a56,[J@12d9a56,[J@12d9a56,[J@12d9a56,[J@12d9a56,[J@12d9a56,[J@12d9a56,[J@12d9a56,[J@12d9a56,[J@12d9a56,[J@12d9a56,[J@12d9a56,[J@12d9a56,[J@12d9a56,[J@12d9a56,[J@12d9a56
operator: UnknownresourceId: Unknown - creating db connection using connection name: informix_connection
committing transaction
Read propery[ConnectionFactoryNS] which is  required  with value[com.topcoder.db.connectionfactory.DBConnectionFactoryImpl] from namespace [com.topcoder.management.project.persistence.InformixProjectPersistence].
Read propery[ConnectionName] which is  optional  with value[informix_connection] from namespace [com.topcoder.management.project.persistence.InformixProjectPersistence].
Read propery[ProjectIdSequenceName] which is  optional  with value[project_id_seq] from namespace [com.topcoder.management.project.persistence.InformixProjectPersistence].
Read propery[ProjectAuditIdSequenceName] which is  optional  with value[project_audit_id_seq] from namespace [com.topcoder.management.project.persistence.InformixProjectPersistence].
Read propery[ConnectionFactoryNS] which is  required  with value[com.topcoder.db.connectionfactory.DBConnectionFactoryImpl] from namespace [com.topcoder.management.project.persistence.link.ProjectLinkManagerImpl].
Read propery[ConnectionName] which is  optional  with value[informix_connection] from namespace [com.topcoder.management.project.persistence.link.ProjectLinkManagerImpl].
read property ConnectionFactoryNS[com.topcoder.db.connectionfactory.DBConnectionFactoryImpl] from the namespace :com.topcoder.management.scorecard.persistence.InformixScorecardPersistence
read property ConnectionName[informix_connection] from the namespace :com.topcoder.management.scorecard.persistence.InformixScorecardPersistence
Instantiate SqlUploadPersistence with connectionFactory and connectioName:informix_connection
Instantiate PersistenceUploadManager with UploadPersistence, uploadSearchBundle, submissionSearchBundle, uploadIdGenerator, uploadTypeIdGenerator, uploadStatusIdGenerator, submissionIDGenerator, submissionStatusIdGenerator and submissionTypeIdGenerator.
Instantiate AbstractResourcePersistence with connectionFactory and connectionName[informix_connection].
load Resource role with ids:[J@1676aa8,[J@1676aa8,[J@1676aa8,[J@1676aa8,[J@1676aa8,[J@1676aa8,[J@1676aa8,[J@1676aa8,[J@1676aa8,[J@1676aa8,[J@1676aa8,[J@1676aa8,[J@1676aa8,[J@1676aa8,[J@1676aa8,[J@1676aa8,[J@1676aa8,[J@1676aa8,[J@1676aa8,[J@1676aa8,[J@1676aa8,[J@1676aa8
operator: UnknownresourceId: Unknown - creating db connection using connection name: informix_connection
committing transaction
entering canPerform: phaseId108
toStart: true
entering canPerform: phaseId108
toStart: true
entering canPerform: phaseId108
toStart: true
Read propery[ConnectionFactoryNS] which is  required  with value[com.topcoder.db.connectionfactory.DBConnectionFactoryImpl] from namespace [com.topcoder.management.project.persistence.InformixProjectPersistence].
Read propery[ConnectionName] which is  optional  with value[informix_connection] from namespace [com.topcoder.management.project.persistence.InformixProjectPersistence].
Read propery[ProjectIdSequenceName] which is  optional  with value[project_id_seq] from namespace [com.topcoder.management.project.persistence.InformixProjectPersistence].
Read propery[ProjectAuditIdSequenceName] which is  optional  with value[project_audit_id_seq] from namespace [com.topcoder.management.project.persistence.InformixProjectPersistence].
Read propery[ConnectionFactoryNS] which is  required  with value[com.topcoder.db.connectionfactory.DBConnectionFactoryImpl] from namespace [com.topcoder.management.project.persistence.link.ProjectLinkManagerImpl].
Read propery[ConnectionName] which is  optional  with value[informix_connection] from namespace [com.topcoder.management.project.persistence.link.ProjectLinkManagerImpl].
read property ConnectionFactoryNS[com.topcoder.db.connectionfactory.DBConnectionFactoryImpl] from the namespace :com.topcoder.management.scorecard.persistence.InformixScorecardPersistence
read property ConnectionName[informix_connection] from the namespace :com.topcoder.management.scorecard.persistence.InformixScorecardPersistence
Instantiate SqlUploadPersistence with connectionFactory and connectioName:informix_connection
Instantiate PersistenceUploadManager with UploadPersistence, uploadSearchBundle, submissionSearchBundle, uploadIdGenerator, uploadTypeIdGenerator, uploadStatusIdGenerator, submissionIDGenerator, submissionStatusIdGenerator and submissionTypeIdGenerator.
Instantiate AbstractResourcePersistence with connectionFactory and connectionName[informix_connection].
load Resource role with ids:[J@eb691,[J@eb691,[J@eb691,[J@eb691,[J@eb691,[J@eb691,[J@eb691,[J@eb691,[J@eb691,[J@eb691,[J@eb691,[J@eb691,[J@eb691,[J@eb691,[J@eb691,[J@eb691,[J@eb691,[J@eb691,[J@eb691,[J@eb691,[J@eb691,[J@eb691
operator: UnknownresourceId: Unknown - creating db connection using connection name: informix_connection
committing transaction
entering canPerform: phaseId108
toStart: false
Read propery[ConnectionFactoryNS] which is  required  with value[com.topcoder.db.connectionfactory.DBConnectionFactoryImpl] from namespace [com.topcoder.management.project.persistence.InformixProjectPersistence].
Read propery[ConnectionName] which is  optional  with value[informix_connection] from namespace [com.topcoder.management.project.persistence.InformixProjectPersistence].
Read propery[ProjectIdSequenceName] which is  optional  with value[project_id_seq] from namespace [com.topcoder.management.project.persistence.InformixProjectPersistence].
Read propery[ProjectAuditIdSequenceName] which is  optional  with value[project_audit_id_seq] from namespace [com.topcoder.management.project.persistence.InformixProjectPersistence].
Read propery[ConnectionFactoryNS] which is  required  with value[com.topcoder.db.connectionfactory.DBConnectionFactoryImpl] from namespace [com.topcoder.management.project.persistence.link.ProjectLinkManagerImpl].
Read propery[ConnectionName] which is  optional  with value[informix_connection] from namespace [com.topcoder.management.project.persistence.link.ProjectLinkManagerImpl].
read property ConnectionFactoryNS[com.topcoder.db.connectionfactory.DBConnectionFactoryImpl] from the namespace :com.topcoder.management.scorecard.persistence.InformixScorecardPersistence
read property ConnectionName[informix_connection] from the namespace :com.topcoder.management.scorecard.persistence.InformixScorecardPersistence
Instantiate SqlUploadPersistence with connectionFactory and connectioName:informix_connection
Instantiate PersistenceUploadManager with UploadPersistence, uploadSearchBundle, submissionSearchBundle, uploadIdGenerator, uploadTypeIdGenerator, uploadStatusIdGenerator, submissionIDGenerator, submissionStatusIdGenerator and submissionTypeIdGenerator.
Instantiate AbstractResourcePersistence with connectionFactory and connectionName[informix_connection].
load Resource role with ids:[J@919610,[J@919610,[J@919610,[J@919610,[J@919610,[J@919610,[J@919610,[J@919610,[J@919610,[J@919610,[J@919610,[J@919610,[J@919610,[J@919610,[J@919610,[J@919610,[J@919610,[J@919610,[J@919610,[J@919610,[J@919610,[J@919610
operator: UnknownresourceId: Unknown - creating db connection using connection name: informix_connection
committing transaction
entering canPerform: phaseId108
toStart: false
load Resource with ids:[J@c137df
operator: UnknownresourceId: Unknown - creating db connection using connection name: informix_connection
load ResourceRole with id:8
operator: UnknownresourceId: Unknown - creating db connection using connection name: informix_connection
committing transaction
committing transaction
load Resource with ids:[J@1e09add
operator: UnknownresourceId: Unknown - creating db connection using connection name: informix_connection
load ResourceRole with id:4
operator: UnknownresourceId: Unknown - creating db connection using connection name: informix_connection
committing transaction
committing transaction
load Resource with ids:[J@16c1ad7
operator: UnknownresourceId: Unknown - creating db connection using connection name: informix_connection
load ResourceRole with id:8
operator: UnknownresourceId: Unknown - creating db connection using connection name: informix_connection
committing transaction
committing transaction
get projects with the ids: 1
operator: UnknownprojectId: Unknown - creating db connection using connection name: informix_connection
committing transaction
load Resource with ids:[J@1bab54a
operator: UnknownresourceId: Unknown - creating db connection using connection name: informix_connection
load ResourceRole with id:1
operator: UnknownresourceId: Unknown - creating db connection using connection name: informix_connection
committing transaction
committing transaction
ret: true
Read propery[ConnectionFactoryNS] which is  required  with value[com.topcoder.db.connectionfactory.DBConnectionFactoryImpl] from namespace [com.topcoder.management.project.persistence.InformixProjectPersistence].
Read propery[ConnectionName] which is  optional  with value[informix_connection] from namespace [com.topcoder.management.project.persistence.InformixProjectPersistence].
Read propery[ProjectIdSequenceName] which is  optional  with value[project_id_seq] from namespace [com.topcoder.management.project.persistence.InformixProjectPersistence].
Read propery[ProjectAuditIdSequenceName] which is  optional  with value[project_audit_id_seq] from namespace [com.topcoder.management.project.persistence.InformixProjectPersistence].
Read propery[ConnectionFactoryNS] which is  required  with value[com.topcoder.db.connectionfactory.DBConnectionFactoryImpl] from namespace [com.topcoder.management.project.persistence.link.ProjectLinkManagerImpl].
Read propery[ConnectionName] which is  optional  with value[informix_connection] from namespace [com.topcoder.management.project.persistence.link.ProjectLinkManagerImpl].
read property ConnectionFactoryNS[com.topcoder.db.connectionfactory.DBConnectionFactoryImpl] from the namespace :com.topcoder.management.scorecard.persistence.InformixScorecardPersistence
read property ConnectionName[informix_connection] from the namespace :com.topcoder.management.scorecard.persistence.InformixScorecardPersistence
Instantiate SqlUploadPersistence with connectionFactory and connectioName:informix_connection
Instantiate PersistenceUploadManager with UploadPersistence, uploadSearchBundle, submissionSearchBundle, uploadIdGenerator, uploadTypeIdGenerator, uploadStatusIdGenerator, submissionIDGenerator, submissionStatusIdGenerator and submissionTypeIdGenerator.
Instantiate AbstractResourcePersistence with connectionFactory and connectionName[informix_connection].
load Resource role with ids:[J@188152b,[J@188152b,[J@188152b,[J@188152b,[J@188152b,[J@188152b,[J@188152b,[J@188152b,[J@188152b,[J@188152b,[J@188152b,[J@188152b,[J@188152b,[J@188152b,[J@188152b,[J@188152b,[J@188152b,[J@188152b,[J@188152b,[J@188152b,[J@188152b,[J@188152b
operator: UnknownresourceId: Unknown - creating db connection using connection name: informix_connection
committing transaction
entering canPerform: phaseId108
toStart: false
load Resource with ids:[J@15f43d
operator: UnknownresourceId: Unknown - creating db connection using connection name: informix_connection
load ResourceRole with id:8
operator: UnknownresourceId: Unknown - creating db connection using connection name: informix_connection
committing transaction
committing transaction
load Resource with ids:[J@38728c
operator: UnknownresourceId: Unknown - creating db connection using connection name: informix_connection
load ResourceRole with id:8
operator: UnknownresourceId: Unknown - creating db connection using connection name: informix_connection
committing transaction
committing transaction
get projects with the ids: 1
operator: UnknownprojectId: Unknown - creating db connection using connection name: informix_connection
committing transaction
load Resource with ids:[J@157a8be
operator: UnknownresourceId: Unknown - creating db connection using connection name: informix_connection
load ResourceRole with id:1
operator: UnknownresourceId: Unknown - creating db connection using connection name: informix_connection
committing transaction
committing transaction
cant't start phase: not exists comment type 'Submitter Comment' for reviewer: 1
ret: false
Read propery[ConnectionFactoryNS] which is  required  with value[com.topcoder.db.connectionfactory.DBConnectionFactoryImpl] from namespace [com.topcoder.management.project.persistence.InformixProjectPersistence].
Read propery[ConnectionName] which is  optional  with value[informix_connection] from namespace [com.topcoder.management.project.persistence.InformixProjectPersistence].
Read propery[ProjectIdSequenceName] which is  optional  with value[project_id_seq] from namespace [com.topcoder.management.project.persistence.InformixProjectPersistence].
Read propery[ProjectAuditIdSequenceName] which is  optional  with value[project_audit_id_seq] from namespace [com.topcoder.management.project.persistence.InformixProjectPersistence].
Read propery[ConnectionFactoryNS] which is  required  with value[com.topcoder.db.connectionfactory.DBConnectionFactoryImpl] from namespace [com.topcoder.management.project.persistence.link.ProjectLinkManagerImpl].
Read propery[ConnectionName] which is  optional  with value[informix_connection] from namespace [com.topcoder.management.project.persistence.link.ProjectLinkManagerImpl].
read property ConnectionFactoryNS[com.topcoder.db.connectionfactory.DBConnectionFactoryImpl] from the namespace :com.topcoder.management.scorecard.persistence.InformixScorecardPersistence
read property ConnectionName[informix_connection] from the namespace :com.topcoder.management.scorecard.persistence.InformixScorecardPersistence
Instantiate SqlUploadPersistence with connectionFactory and connectioName:informix_connection
Instantiate PersistenceUploadManager with UploadPersistence, uploadSearchBundle, submissionSearchBundle, uploadIdGenerator, uploadTypeIdGenerator, uploadStatusIdGenerator, submissionIDGenerator, submissionStatusIdGenerator and submissionTypeIdGenerator.
Instantiate AbstractResourcePersistence with connectionFactory and connectionName[informix_connection].
load Resource role with ids:[J@7afcba,[J@7afcba,[J@7afcba,[J@7afcba,[J@7afcba,[J@7afcba,[J@7afcba,[J@7afcba,[J@7afcba,[J@7afcba,[J@7afcba,[J@7afcba,[J@7afcba,[J@7afcba,[J@7afcba,[J@7afcba,[J@7afcba,[J@7afcba,[J@7afcba,[J@7afcba,[J@7afcba,[J@7afcba
operator: UnknownresourceId: Unknown - creating db connection using connection name: informix_connection
committing transaction
entering canPerform: phaseId108
toStart: false
load Resource with ids:[J@9b195f
operator: UnknownresourceId: Unknown - creating db connection using connection name: informix_connection
load ResourceRole with id:8
operator: UnknownresourceId: Unknown - creating db connection using connection name: informix_connection
committing transaction
committing transaction
load Resource with ids:[J@b2aa22
operator: UnknownresourceId: Unknown - creating db connection using connection name: informix_connection
load ResourceRole with id:4
operator: UnknownresourceId: Unknown - creating db connection using connection name: informix_connection
committing transaction
committing transaction
load Resource with ids:[J@17dd585
operator: UnknownresourceId: Unknown - creating db connection using connection name: informix_connection
load ResourceRole with id:8
operator: UnknownresourceId: Unknown - creating db connection using connection name: informix_connection
committing transaction
committing transaction
get projects with the ids: 1
operator: UnknownprojectId: Unknown - creating db connection using connection name: informix_connection
committing transaction
load Resource with ids:[J@b0a583
operator: UnknownresourceId: Unknown - creating db connection using connection name: informix_connection
load ResourceRole with id:1
operator: UnknownresourceId: Unknown - creating db connection using connection name: informix_connection
committing transaction
committing transaction
cant't start phase: not exists comment type 'Aggregation Review Comment' for reviewer: 6
ret: false
Read propery[ConnectionFactoryNS] which is  required  with value[com.topcoder.db.connectionfactory.DBConnectionFactoryImpl] from namespace [com.topcoder.management.project.persistence.InformixProjectPersistence].
Read propery[ConnectionName] which is  optional  with value[informix_connection] from namespace [com.topcoder.management.project.persistence.InformixProjectPersistence].
Read propery[ProjectIdSequenceName] which is  optional  with value[project_id_seq] from namespace [com.topcoder.management.project.persistence.InformixProjectPersistence].
Read propery[ProjectAuditIdSequenceName] which is  optional  with value[project_audit_id_seq] from namespace [com.topcoder.management.project.persistence.InformixProjectPersistence].
Read propery[ConnectionFactoryNS] which is  required  with value[com.topcoder.db.connectionfactory.DBConnectionFactoryImpl] from namespace [com.topcoder.management.project.persistence.link.ProjectLinkManagerImpl].
Read propery[ConnectionName] which is  optional  with value[informix_connection] from namespace [com.topcoder.management.project.persistence.link.ProjectLinkManagerImpl].
read property ConnectionFactoryNS[com.topcoder.db.connectionfactory.DBConnectionFactoryImpl] from the namespace :com.topcoder.management.scorecard.persistence.InformixScorecardPersistence
read property ConnectionName[informix_connection] from the namespace :com.topcoder.management.scorecard.persistence.InformixScorecardPersistence
Instantiate SqlUploadPersistence with connectionFactory and connectioName:informix_connection
Instantiate PersistenceUploadManager with UploadPersistence, uploadSearchBundle, submissionSearchBundle, uploadIdGenerator, uploadTypeIdGenerator, uploadStatusIdGenerator, submissionIDGenerator, submissionStatusIdGenerator and submissionTypeIdGenerator.
Instantiate AbstractResourcePersistence with connectionFactory and connectionName[informix_connection].
load Resource role with ids:[J@147fda0,[J@147fda0,[J@147fda0,[J@147fda0,[J@147fda0,[J@147fda0,[J@147fda0,[J@147fda0,[J@147fda0,[J@147fda0,[J@147fda0,[J@147fda0,[J@147fda0,[J@147fda0,[J@147fda0,[J@147fda0,[J@147fda0,[J@147fda0,[J@147fda0,[J@147fda0,[J@147fda0,[J@147fda0
operator: UnknownresourceId: Unknown - creating db connection using connection name: informix_connection
committing transaction
entering canPerform: phaseId108
toStart: false
load Resource with ids:[J@1de56e2
operator: UnknownresourceId: Unknown - creating db connection using connection name: informix_connection
load ResourceRole with id:8
operator: UnknownresourceId: Unknown - creating db connection using connection name: informix_connection
committing transaction
committing transaction
load Resource with ids:[J@1046e2c
operator: UnknownresourceId: Unknown - creating db connection using connection name: informix_connection
load ResourceRole with id:4
operator: UnknownresourceId: Unknown - creating db connection using connection name: informix_connection
committing transaction
committing transaction
load Resource with ids:[J@281eff
operator: UnknownresourceId: Unknown - creating db connection using connection name: informix_connection
load ResourceRole with id:8
operator: UnknownresourceId: Unknown - creating db connection using connection name: informix_connection
committing transaction
committing transaction
get projects with the ids: 1
operator: UnknownprojectId: Unknown - creating db connection using connection name: informix_connection
committing transaction
load Resource with ids:[J@1746781
operator: UnknownresourceId: Unknown - creating db connection using connection name: informix_connection
load ResourceRole with id:1
operator: UnknownresourceId: Unknown - creating db connection using connection name: informix_connection
committing transaction
committing transaction
cant't start phase: not exists comment type 'Submitter Comment' for reviewer: 1
ret: false
Read propery[ConnectionFactoryNS] which is  required  with value[com.topcoder.db.connectionfactory.DBConnectionFactoryImpl] from namespace [com.topcoder.management.project.persistence.InformixProjectPersistence].
Read propery[ConnectionName] which is  optional  with value[informix_connection] from namespace [com.topcoder.management.project.persistence.InformixProjectPersistence].
Read propery[ProjectIdSequenceName] which is  optional  with value[project_id_seq] from namespace [com.topcoder.management.project.persistence.InformixProjectPersistence].
Read propery[ProjectAuditIdSequenceName] which is  optional  with value[project_audit_id_seq] from namespace [com.topcoder.management.project.persistence.InformixProjectPersistence].
Read propery[ConnectionFactoryNS] which is  required  with value[com.topcoder.db.connectionfactory.DBConnectionFactoryImpl] from namespace [com.topcoder.management.project.persistence.link.ProjectLinkManagerImpl].
Read propery[ConnectionName] which is  optional  with value[informix_connection] from namespace [com.topcoder.management.project.persistence.link.ProjectLinkManagerImpl].
read property ConnectionFactoryNS[com.topcoder.db.connectionfactory.DBConnectionFactoryImpl] from the namespace :com.topcoder.management.scorecard.persistence.InformixScorecardPersistence
read property ConnectionName[informix_connection] from the namespace :com.topcoder.management.scorecard.persistence.InformixScorecardPersistence
Instantiate SqlUploadPersistence with connectionFactory and connectioName:informix_connection
Instantiate PersistenceUploadManager with UploadPersistence, uploadSearchBundle, submissionSearchBundle, uploadIdGenerator, uploadTypeIdGenerator, uploadStatusIdGenerator, submissionIDGenerator, submissionStatusIdGenerator and submissionTypeIdGenerator.
Instantiate AbstractResourcePersistence with connectionFactory and connectionName[informix_connection].
load Resource role with ids:[J@1779dfb,[J@1779dfb,[J@1779dfb,[J@1779dfb,[J@1779dfb,[J@1779dfb,[J@1779dfb,[J@1779dfb,[J@1779dfb,[J@1779dfb,[J@1779dfb,[J@1779dfb,[J@1779dfb,[J@1779dfb,[J@1779dfb,[J@1779dfb,[J@1779dfb,[J@1779dfb,[J@1779dfb,[J@1779dfb,[J@1779dfb,[J@1779dfb
operator: UnknownresourceId: Unknown - creating db connection using connection name: informix_connection
committing transaction
get projects with the ids: 1
operator: UnknownprojectId: Unknown - creating db connection using connection name: informix_connection
committing transaction
load Resource role with ids:[J@1b2acb7,[J@1b2acb7,[J@1b2acb7,[J@1b2acb7,[J@1b2acb7,[J@1b2acb7,[J@1b2acb7,[J@1b2acb7,[J@1b2acb7,[J@1b2acb7,[J@1b2acb7,[J@1b2acb7,[J@1b2acb7,[J@1b2acb7,[J@1b2acb7,[J@1b2acb7,[J@1b2acb7,[J@1b2acb7,[J@1b2acb7,[J@1b2acb7,[J@1b2acb7,[J@1b2acb7
operator: UnknownresourceId: Unknown - creating db connection using connection name: informix_connection
committing transaction
Read propery[ConnectionFactoryNS] which is  required  with value[com.topcoder.db.connectionfactory.DBConnectionFactoryImpl] from namespace [com.topcoder.management.project.persistence.InformixProjectPersistence].
Read propery[ConnectionName] which is  optional  with value[informix_connection] from namespace [com.topcoder.management.project.persistence.InformixProjectPersistence].
Read propery[ProjectIdSequenceName] which is  optional  with value[project_id_seq] from namespace [com.topcoder.management.project.persistence.InformixProjectPersistence].
Read propery[ProjectAuditIdSequenceName] which is  optional  with value[project_audit_id_seq] from namespace [com.topcoder.management.project.persistence.InformixProjectPersistence].
Read propery[ConnectionFactoryNS] which is  required  with value[com.topcoder.db.connectionfactory.DBConnectionFactoryImpl] from namespace [com.topcoder.management.project.persistence.link.ProjectLinkManagerImpl].
Read propery[ConnectionName] which is  optional  with value[informix_connection] from namespace [com.topcoder.management.project.persistence.link.ProjectLinkManagerImpl].
read property ConnectionFactoryNS[com.topcoder.db.connectionfactory.DBConnectionFactoryImpl] from the namespace :com.topcoder.management.scorecard.persistence.InformixScorecardPersistence
read property ConnectionName[informix_connection] from the namespace :com.topcoder.management.scorecard.persistence.InformixScorecardPersistence
Instantiate SqlUploadPersistence with connectionFactory and connectioName:informix_connection
Instantiate PersistenceUploadManager with UploadPersistence, uploadSearchBundle, submissionSearchBundle, uploadIdGenerator, uploadTypeIdGenerator, uploadStatusIdGenerator, submissionIDGenerator, submissionStatusIdGenerator and submissionTypeIdGenerator.
Instantiate AbstractResourcePersistence with connectionFactory and connectionName[informix_connection].
load Resource role with ids:[J@1e4ccad,[J@1e4ccad,[J@1e4ccad,[J@1e4ccad,[J@1e4ccad,[J@1e4ccad,[J@1e4ccad,[J@1e4ccad,[J@1e4ccad,[J@1e4ccad,[J@1e4ccad,[J@1e4ccad,[J@1e4ccad,[J@1e4ccad,[J@1e4ccad,[J@1e4ccad,[J@1e4ccad,[J@1e4ccad,[J@1e4ccad,[J@1e4ccad,[J@1e4ccad,[J@1e4ccad
operator: UnknownresourceId: Unknown - creating db connection using connection name: informix_connection
committing transaction
Read propery[ConnectionFactoryNS] which is  required  with value[com.topcoder.db.connectionfactory.DBConnectionFactoryImpl] from namespace [com.topcoder.management.project.persistence.InformixProjectPersistence].
Read propery[ConnectionName] which is  optional  with value[informix_connection] from namespace [com.topcoder.management.project.persistence.InformixProjectPersistence].
Read propery[ProjectIdSequenceName] which is  optional  with value[project_id_seq] from namespace [com.topcoder.management.project.persistence.InformixProjectPersistence].
Read propery[ProjectAuditIdSequenceName] which is  optional  with value[project_audit_id_seq] from namespace [com.topcoder.management.project.persistence.InformixProjectPersistence].
Read propery[ConnectionFactoryNS] which is  required  with value[com.topcoder.db.connectionfactory.DBConnectionFactoryImpl] from namespace [com.topcoder.management.project.persistence.link.ProjectLinkManagerImpl].
Read propery[ConnectionName] which is  optional  with value[informix_connection] from namespace [com.topcoder.management.project.persistence.link.ProjectLinkManagerImpl].
read property ConnectionFactoryNS[com.topcoder.db.connectionfactory.DBConnectionFactoryImpl] from the namespace :com.topcoder.management.scorecard.persistence.InformixScorecardPersistence
read property ConnectionName[informix_connection] from the namespace :com.topcoder.management.scorecard.persistence.InformixScorecardPersistence
Instantiate SqlUploadPersistence with connectionFactory and connectioName:informix_connection
Instantiate PersistenceUploadManager with UploadPersistence, uploadSearchBundle, submissionSearchBundle, uploadIdGenerator, uploadTypeIdGenerator, uploadStatusIdGenerator, submissionIDGenerator, submissionStatusIdGenerator and submissionTypeIdGenerator.
Instantiate AbstractResourcePersistence with connectionFactory and connectionName[informix_connection].
load Resource role with ids:[J@87cacb,[J@87cacb,[J@87cacb,[J@87cacb,[J@87cacb,[J@87cacb,[J@87cacb,[J@87cacb,[J@87cacb,[J@87cacb,[J@87cacb,[J@87cacb,[J@87cacb,[J@87cacb,[J@87cacb,[J@87cacb,[J@87cacb,[J@87cacb,[J@87cacb,[J@87cacb,[J@87cacb,[J@87cacb
operator: UnknownresourceId: Unknown - creating db connection using connection name: informix_connection
committing transaction
load Resource with ids:[J@1926d29
operator: UnknownresourceId: Unknown - creating db connection using connection name: informix_connection
load ResourceRole with id:8
operator: UnknownresourceId: Unknown - creating db connection using connection name: informix_connection
committing transaction
committing transaction
load Resource with ids:[J@586c96
operator: UnknownresourceId: Unknown - creating db connection using connection name: informix_connection
load ResourceRole with id:8
operator: UnknownresourceId: Unknown - creating db connection using connection name: informix_connection
committing transaction
committing transaction
operator: UnknownresourceId: 47 - add new resource to the project [id=1] with role :Aggregator in the [id=109] phase.
operator: UnknownresourceId: Unknown - creating db connection using connection name: informix_connection
insert a record into resource with resource id : 47
insert a record into the resource_submission with resource_id:47 and submission_id:[Ljava.lang.Long;@1411302
insert a record into the resource_info table with resource_id = 47 and resource_info_type_id =1 value = 1001
insert a record into the resource_info table with resource_id = 47 and resource_info_type_id =7 value = 0
committing transaction
get projects with the ids: 1
operator: UnknownprojectId: Unknown - creating db connection using connection name: informix_connection
committing transaction
load Resource role with ids:[J@c21e52,[J@c21e52,[J@c21e52,[J@c21e52,[J@c21e52,[J@c21e52,[J@c21e52,[J@c21e52,[J@c21e52,[J@c21e52,[J@c21e52,[J@c21e52,[J@c21e52,[J@c21e52,[J@c21e52,[J@c21e52,[J@c21e52,[J@c21e52,[J@c21e52,[J@c21e52,[J@c21e52,[J@c21e52
operator: UnknownresourceId: Unknown - creating db connection using connection name: informix_connection
committing transaction
load Resource with ids:[J@19988c4,[J@19988c4
operator: UnknownresourceId: Unknown - creating db connection using connection name: informix_connection
load ResourceRole with id:8
operator: UnknownresourceId: Unknown - creating db connection using connection name: informix_connection
committing transaction
load ResourceRole with id:8
operator: UnknownresourceId: Unknown - creating db connection using connection name: informix_connection
committing transaction
committing transaction
Read propery[ConnectionFactoryNS] which is  required  with value[com.topcoder.db.connectionfactory.DBConnectionFactoryImpl] from namespace [com.topcoder.management.project.persistence.InformixProjectPersistence].
Read propery[ConnectionName] which is  optional  with value[informix_connection] from namespace [com.topcoder.management.project.persistence.InformixProjectPersistence].
Read propery[ProjectIdSequenceName] which is  optional  with value[project_id_seq] from namespace [com.topcoder.management.project.persistence.InformixProjectPersistence].
Read propery[ProjectAuditIdSequenceName] which is  optional  with value[project_audit_id_seq] from namespace [com.topcoder.management.project.persistence.InformixProjectPersistence].
Read propery[ConnectionFactoryNS] which is  required  with value[com.topcoder.db.connectionfactory.DBConnectionFactoryImpl] from namespace [com.topcoder.management.project.persistence.link.ProjectLinkManagerImpl].
Read propery[ConnectionName] which is  optional  with value[informix_connection] from namespace [com.topcoder.management.project.persistence.link.ProjectLinkManagerImpl].
read property ConnectionFactoryNS[com.topcoder.db.connectionfactory.DBConnectionFactoryImpl] from the namespace :com.topcoder.management.scorecard.persistence.InformixScorecardPersistence
read property ConnectionName[informix_connection] from the namespace :com.topcoder.management.scorecard.persistence.InformixScorecardPersistence
Instantiate SqlUploadPersistence with connectionFactory and connectioName:informix_connection
Instantiate PersistenceUploadManager with UploadPersistence, uploadSearchBundle, submissionSearchBundle, uploadIdGenerator, uploadTypeIdGenerator, uploadStatusIdGenerator, submissionIDGenerator, submissionStatusIdGenerator and submissionTypeIdGenerator.
Instantiate AbstractResourcePersistence with connectionFactory and connectionName[informix_connection].
load Resource role with ids:[J@454034,[J@454034,[J@454034,[J@454034,[J@454034,[J@454034,[J@454034,[J@454034,[J@454034,[J@454034,[J@454034,[J@454034,[J@454034,[J@454034,[J@454034,[J@454034,[J@454034,[J@454034,[J@454034,[J@454034,[J@454034,[J@454034
operator: UnknownresourceId: Unknown - creating db connection using connection name: informix_connection
committing transaction
entering canPerform: phaseId107
Read propery[ConnectionFactoryNS] which is  required  with value[com.topcoder.db.connectionfactory.DBConnectionFactoryImpl] from namespace [com.topcoder.management.project.persistence.InformixProjectPersistence].
Read propery[ConnectionName] which is  optional  with value[informix_connection] from namespace [com.topcoder.management.project.persistence.InformixProjectPersistence].
Read propery[ProjectIdSequenceName] which is  optional  with value[project_id_seq] from namespace [com.topcoder.management.project.persistence.InformixProjectPersistence].
Read propery[ProjectAuditIdSequenceName] which is  optional  with value[project_audit_id_seq] from namespace [com.topcoder.management.project.persistence.InformixProjectPersistence].
Read propery[ConnectionFactoryNS] which is  required  with value[com.topcoder.db.connectionfactory.DBConnectionFactoryImpl] from namespace [com.topcoder.management.project.persistence.link.ProjectLinkManagerImpl].
Read propery[ConnectionName] which is  optional  with value[informix_connection] from namespace [com.topcoder.management.project.persistence.link.ProjectLinkManagerImpl].
read property ConnectionFactoryNS[com.topcoder.db.connectionfactory.DBConnectionFactoryImpl] from the namespace :com.topcoder.management.scorecard.persistence.InformixScorecardPersistence
read property ConnectionName[informix_connection] from the namespace :com.topcoder.management.scorecard.persistence.InformixScorecardPersistence
Instantiate SqlUploadPersistence with connectionFactory and connectioName:informix_connection
Instantiate PersistenceUploadManager with UploadPersistence, uploadSearchBundle, submissionSearchBundle, uploadIdGenerator, uploadTypeIdGenerator, uploadStatusIdGenerator, submissionIDGenerator, submissionStatusIdGenerator and submissionTypeIdGenerator.
Instantiate AbstractResourcePersistence with connectionFactory and connectionName[informix_connection].
load Resource role with ids:[J@15ad899,[J@15ad899,[J@15ad899,[J@15ad899,[J@15ad899,[J@15ad899,[J@15ad899,[J@15ad899,[J@15ad899,[J@15ad899,[J@15ad899,[J@15ad899,[J@15ad899,[J@15ad899,[J@15ad899,[J@15ad899,[J@15ad899,[J@15ad899,[J@15ad899,[J@15ad899,[J@15ad899,[J@15ad899
operator: UnknownresourceId: Unknown - creating db connection using connection name: informix_connection
committing transaction
entering canPerform: phaseId108
toStart: false
load Resource with ids:[J@17ae572
operator: UnknownresourceId: Unknown - creating db connection using connection name: informix_connection
load ResourceRole with id:8
operator: UnknownresourceId: Unknown - creating db connection using connection name: informix_connection
committing transaction
committing transaction
load Resource with ids:[J@6c1838
operator: UnknownresourceId: Unknown - creating db connection using connection name: informix_connection
load ResourceRole with id:4
operator: UnknownresourceId: Unknown - creating db connection using connection name: informix_connection
committing transaction
committing transaction
load Resource with ids:[J@47898f
operator: UnknownresourceId: Unknown - creating db connection using connection name: informix_connection
load ResourceRole with id:8
operator: UnknownresourceId: Unknown - creating db connection using connection name: informix_connection
committing transaction
committing transaction
get projects with the ids: 1
operator: UnknownprojectId: Unknown - creating db connection using connection name: informix_connection
committing transaction
load Resource with ids:[J@6178a
operator: UnknownresourceId: Unknown - creating db connection using connection name: informix_connection
load ResourceRole with id:1
operator: UnknownresourceId: Unknown - creating db connection using connection name: informix_connection
committing transaction
committing transaction
cant't start phase: not exists comment type 'Submitter Comment' for reviewer: 1
Automatically approving pending aggregation reviews
Approving pending aggregation reviews
load Resource with ids:[J@1d4cb2f
operator: UnknownresourceId: Unknown - creating db connection using connection name: informix_connection
load ResourceRole with id:8
operator: UnknownresourceId: Unknown - creating db connection using connection name: informix_connection
committing transaction
committing transaction
ret: true
Read propery[ConnectionFactoryNS] which is  required  with value[com.topcoder.db.connectionfactory.DBConnectionFactoryImpl] from namespace [com.topcoder.management.project.persistence.InformixProjectPersistence].
Read propery[ConnectionName] which is  optional  with value[informix_connection] from namespace [com.topcoder.management.project.persistence.InformixProjectPersistence].
Read propery[ProjectIdSequenceName] which is  optional  with value[project_id_seq] from namespace [com.topcoder.management.project.persistence.InformixProjectPersistence].
Read propery[ProjectAuditIdSequenceName] which is  optional  with value[project_audit_id_seq] from namespace [com.topcoder.management.project.persistence.InformixProjectPersistence].
Read propery[ConnectionFactoryNS] which is  required  with value[com.topcoder.db.connectionfactory.DBConnectionFactoryImpl] from namespace [com.topcoder.management.project.persistence.link.ProjectLinkManagerImpl].
Read propery[ConnectionName] which is  optional  with value[informix_connection] from namespace [com.topcoder.management.project.persistence.link.ProjectLinkManagerImpl].
read property ConnectionFactoryNS[com.topcoder.db.connectionfactory.DBConnectionFactoryImpl] from the namespace :com.topcoder.management.scorecard.persistence.InformixScorecardPersistence
read property ConnectionName[informix_connection] from the namespace :com.topcoder.management.scorecard.persistence.InformixScorecardPersistence
Instantiate SqlUploadPersistence with connectionFactory and connectioName:informix_connection
Instantiate PersistenceUploadManager with UploadPersistence, uploadSearchBundle, submissionSearchBundle, uploadIdGenerator, uploadTypeIdGenerator, uploadStatusIdGenerator, submissionIDGenerator, submissionStatusIdGenerator and submissionTypeIdGenerator.
Instantiate AbstractResourcePersistence with connectionFactory and connectionName[informix_connection].
load Resource role with ids:[J@1f55f1d,[J@1f55f1d,[J@1f55f1d,[J@1f55f1d,[J@1f55f1d,[J@1f55f1d,[J@1f55f1d,[J@1f55f1d,[J@1f55f1d,[J@1f55f1d,[J@1f55f1d,[J@1f55f1d,[J@1f55f1d,[J@1f55f1d,[J@1f55f1d,[J@1f55f1d,[J@1f55f1d,[J@1f55f1d,[J@1f55f1d,[J@1f55f1d,[J@1f55f1d,[J@1f55f1d
operator: UnknownresourceId: Unknown - creating db connection using connection name: informix_connection
committing transaction
Read propery[ConnectionFactoryNS] which is  required  with value[com.topcoder.db.connectionfactory.DBConnectionFactoryImpl] from namespace [com.topcoder.management.project.persistence.InformixProjectPersistence].
Read propery[ConnectionName] which is  optional  with value[informix_connection] from namespace [com.topcoder.management.project.persistence.InformixProjectPersistence].
Read propery[ProjectIdSequenceName] which is  optional  with value[project_id_seq] from namespace [com.topcoder.management.project.persistence.InformixProjectPersistence].
Read propery[ProjectAuditIdSequenceName] which is  optional  with value[project_audit_id_seq] from namespace [com.topcoder.management.project.persistence.InformixProjectPersistence].
Read propery[ConnectionFactoryNS] which is  required  with value[com.topcoder.db.connectionfactory.DBConnectionFactoryImpl] from namespace [com.topcoder.management.project.persistence.link.ProjectLinkManagerImpl].
Read propery[ConnectionName] which is  optional  with value[informix_connection] from namespace [com.topcoder.management.project.persistence.link.ProjectLinkManagerImpl].
read property ConnectionFactoryNS[com.topcoder.db.connectionfactory.DBConnectionFactoryImpl] from the namespace :com.topcoder.management.scorecard.persistence.InformixScorecardPersistence
read property ConnectionName[informix_connection] from the namespace :com.topcoder.management.scorecard.persistence.InformixScorecardPersistence
Instantiate SqlUploadPersistence with connectionFactory and connectioName:informix_connection
Instantiate PersistenceUploadManager with UploadPersistence, uploadSearchBundle, submissionSearchBundle, uploadIdGenerator, uploadTypeIdGenerator, uploadStatusIdGenerator, submissionIDGenerator, submissionStatusIdGenerator and submissionTypeIdGenerator.
Instantiate AbstractResourcePersistence with connectionFactory and connectionName[informix_connection].
load Resource role with ids:[J@4d6f8c,[J@4d6f8c,[J@4d6f8c,[J@4d6f8c,[J@4d6f8c,[J@4d6f8c,[J@4d6f8c,[J@4d6f8c,[J@4d6f8c,[J@4d6f8c,[J@4d6f8c,[J@4d6f8c,[J@4d6f8c,[J@4d6f8c,[J@4d6f8c,[J@4d6f8c,[J@4d6f8c,[J@4d6f8c,[J@4d6f8c,[J@4d6f8c,[J@4d6f8c,[J@4d6f8c
operator: UnknownresourceId: Unknown - creating db connection using connection name: informix_connection
committing transaction
Read propery[ConnectionFactoryNS] which is  required  with value[com.topcoder.db.connectionfactory.DBConnectionFactoryImpl] from namespace [com.topcoder.management.project.persistence.InformixProjectPersistence].
Read propery[ConnectionName] which is  optional  with value[informix_connection] from namespace [com.topcoder.management.project.persistence.InformixProjectPersistence].
Read propery[ProjectIdSequenceName] which is  optional  with value[project_id_seq] from namespace [com.topcoder.management.project.persistence.InformixProjectPersistence].
Read propery[ProjectAuditIdSequenceName] which is  optional  with value[project_audit_id_seq] from namespace [com.topcoder.management.project.persistence.InformixProjectPersistence].
Read propery[ConnectionFactoryNS] which is  required  with value[com.topcoder.db.connectionfactory.DBConnectionFactoryImpl] from namespace [com.topcoder.management.project.persistence.link.ProjectLinkManagerImpl].
Read propery[ConnectionName] which is  optional  with value[informix_connection] from namespace [com.topcoder.management.project.persistence.link.ProjectLinkManagerImpl].
read property ConnectionFactoryNS[com.topcoder.db.connectionfactory.DBConnectionFactoryImpl] from the namespace :com.topcoder.management.scorecard.persistence.InformixScorecardPersistence
read property ConnectionName[informix_connection] from the namespace :com.topcoder.management.scorecard.persistence.InformixScorecardPersistence
Instantiate SqlUploadPersistence with connectionFactory and connectioName:informix_connection
Instantiate PersistenceUploadManager with UploadPersistence, uploadSearchBundle, submissionSearchBundle, uploadIdGenerator, uploadTypeIdGenerator, uploadStatusIdGenerator, submissionIDGenerator, submissionStatusIdGenerator and submissionTypeIdGenerator.
Instantiate AbstractResourcePersistence with connectionFactory and connectionName[informix_connection].
load Resource role with ids:[J@869d2b,[J@869d2b,[J@869d2b,[J@869d2b,[J@869d2b,[J@869d2b,[J@869d2b,[J@869d2b,[J@869d2b,[J@869d2b,[J@869d2b,[J@869d2b,[J@869d2b,[J@869d2b,[J@869d2b,[J@869d2b,[J@869d2b,[J@869d2b,[J@869d2b,[J@869d2b,[J@869d2b,[J@869d2b
operator: UnknownresourceId: Unknown - creating db connection using connection name: informix_connection
committing transaction
Read propery[ConnectionFactoryNS] which is  required  with value[com.topcoder.db.connectionfactory.DBConnectionFactoryImpl] from namespace [com.topcoder.management.project.persistence.InformixProjectPersistence].
Read propery[ConnectionName] which is  optional  with value[informix_connection] from namespace [com.topcoder.management.project.persistence.InformixProjectPersistence].
Read propery[ProjectIdSequenceName] which is  optional  with value[project_id_seq] from namespace [com.topcoder.management.project.persistence.InformixProjectPersistence].
Read propery[ProjectAuditIdSequenceName] which is  optional  with value[project_audit_id_seq] from namespace [com.topcoder.management.project.persistence.InformixProjectPersistence].
Read propery[ConnectionFactoryNS] which is  required  with value[com.topcoder.db.connectionfactory.DBConnectionFactoryImpl] from namespace [com.topcoder.management.project.persistence.link.ProjectLinkManagerImpl].
Read propery[ConnectionName] which is  optional  with value[informix_connection] from namespace [com.topcoder.management.project.persistence.link.ProjectLinkManagerImpl].
read property ConnectionFactoryNS[com.topcoder.db.connectionfactory.DBConnectionFactoryImpl] from the namespace :com.topcoder.management.scorecard.persistence.InformixScorecardPersistence
read property ConnectionName[informix_connection] from the namespace :com.topcoder.management.scorecard.persistence.InformixScorecardPersistence
Instantiate SqlUploadPersistence with connectionFactory and connectioName:informix_connection
Instantiate PersistenceUploadManager with UploadPersistence, uploadSearchBundle, submissionSearchBundle, uploadIdGenerator, uploadTypeIdGenerator, uploadStatusIdGenerator, submissionIDGenerator, submissionStatusIdGenerator and submissionTypeIdGenerator.
Instantiate AbstractResourcePersistence with connectionFactory and connectionName[informix_connection].
load Resource role with ids:[J@1649260,[J@1649260,[J@1649260,[J@1649260,[J@1649260,[J@1649260,[J@1649260,[J@1649260,[J@1649260,[J@1649260,[J@1649260,[J@1649260,[J@1649260,[J@1649260,[J@1649260,[J@1649260,[J@1649260,[J@1649260,[J@1649260,[J@1649260,[J@1649260,[J@1649260
operator: UnknownresourceId: Unknown - creating db connection using connection name: informix_connection
committing transaction
Read propery[ConnectionFactoryNS] which is  required  with value[com.topcoder.db.connectionfactory.DBConnectionFactoryImpl] from namespace [com.topcoder.management.project.persistence.InformixProjectPersistence].
Read propery[ConnectionName] which is  optional  with value[informix_connection] from namespace [com.topcoder.management.project.persistence.InformixProjectPersistence].
Read propery[ProjectIdSequenceName] which is  optional  with value[project_id_seq] from namespace [com.topcoder.management.project.persistence.InformixProjectPersistence].
Read propery[ProjectAuditIdSequenceName] which is  optional  with value[project_audit_id_seq] from namespace [com.topcoder.management.project.persistence.InformixProjectPersistence].
Read propery[ConnectionFactoryNS] which is  required  with value[com.topcoder.db.connectionfactory.DBConnectionFactoryImpl] from namespace [com.topcoder.management.project.persistence.link.ProjectLinkManagerImpl].
Read propery[ConnectionName] which is  optional  with value[informix_connection] from namespace [com.topcoder.management.project.persistence.link.ProjectLinkManagerImpl].
read property ConnectionFactoryNS[com.topcoder.db.connectionfactory.DBConnectionFactoryImpl] from the namespace :com.topcoder.management.scorecard.persistence.InformixScorecardPersistence
read property ConnectionName[informix_connection] from the namespace :com.topcoder.management.scorecard.persistence.InformixScorecardPersistence
Instantiate SqlUploadPersistence with connectionFactory and connectioName:informix_connection
Instantiate PersistenceUploadManager with UploadPersistence, uploadSearchBundle, submissionSearchBundle, uploadIdGenerator, uploadTypeIdGenerator, uploadStatusIdGenerator, submissionIDGenerator, submissionStatusIdGenerator and submissionTypeIdGenerator.
Instantiate AbstractResourcePersistence with connectionFactory and connectionName[informix_connection].
load Resource role with ids:[J@e276d9,[J@e276d9,[J@e276d9,[J@e276d9,[J@e276d9,[J@e276d9,[J@e276d9,[J@e276d9,[J@e276d9,[J@e276d9,[J@e276d9,[J@e276d9,[J@e276d9,[J@e276d9,[J@e276d9,[J@e276d9,[J@e276d9,[J@e276d9,[J@e276d9,[J@e276d9,[J@e276d9,[J@e276d9
operator: UnknownresourceId: Unknown - creating db connection using connection name: informix_connection
committing transaction
Read propery[ConnectionFactoryNS] which is  required  with value[com.topcoder.db.connectionfactory.DBConnectionFactoryImpl] from namespace [com.topcoder.management.project.persistence.InformixProjectPersistence].
Read propery[ConnectionName] which is  optional  with value[informix_connection] from namespace [com.topcoder.management.project.persistence.InformixProjectPersistence].
Read propery[ProjectIdSequenceName] which is  optional  with value[project_id_seq] from namespace [com.topcoder.management.project.persistence.InformixProjectPersistence].
Read propery[ProjectAuditIdSequenceName] which is  optional  with value[project_audit_id_seq] from namespace [com.topcoder.management.project.persistence.InformixProjectPersistence].
Read propery[ConnectionFactoryNS] which is  required  with value[com.topcoder.db.connectionfactory.DBConnectionFactoryImpl] from namespace [com.topcoder.management.project.persistence.link.ProjectLinkManagerImpl].
Read propery[ConnectionName] which is  optional  with value[informix_connection] from namespace [com.topcoder.management.project.persistence.link.ProjectLinkManagerImpl].
read property ConnectionFactoryNS[com.topcoder.db.connectionfactory.DBConnectionFactoryImpl] from the namespace :com.topcoder.management.scorecard.persistence.InformixScorecardPersistence
read property ConnectionName[informix_connection] from the namespace :com.topcoder.management.scorecard.persistence.InformixScorecardPersistence
Instantiate SqlUploadPersistence with connectionFactory and connectioName:informix_connection
Instantiate PersistenceUploadManager with UploadPersistence, uploadSearchBundle, submissionSearchBundle, uploadIdGenerator, uploadTypeIdGenerator, uploadStatusIdGenerator, submissionIDGenerator, submissionStatusIdGenerator and submissionTypeIdGenerator.
Instantiate AbstractResourcePersistence with connectionFactory and connectionName[informix_connection].
load Resource role with ids:[J@13b3625,[J@13b3625,[J@13b3625,[J@13b3625,[J@13b3625,[J@13b3625,[J@13b3625,[J@13b3625,[J@13b3625,[J@13b3625,[J@13b3625,[J@13b3625,[J@13b3625,[J@13b3625,[J@13b3625,[J@13b3625,[J@13b3625,[J@13b3625,[J@13b3625,[J@13b3625,[J@13b3625,[J@13b3625
operator: UnknownresourceId: Unknown - creating db connection using connection name: informix_connection
committing transaction
Read propery[ConnectionFactoryNS] which is  required  with value[com.topcoder.db.connectionfactory.DBConnectionFactoryImpl] from namespace [com.topcoder.management.project.persistence.InformixProjectPersistence].
Read propery[ConnectionName] which is  optional  with value[informix_connection] from namespace [com.topcoder.management.project.persistence.InformixProjectPersistence].
Read propery[ProjectIdSequenceName] which is  optional  with value[project_id_seq] from namespace [com.topcoder.management.project.persistence.InformixProjectPersistence].
Read propery[ProjectAuditIdSequenceName] which is  optional  with value[project_audit_id_seq] from namespace [com.topcoder.management.project.persistence.InformixProjectPersistence].
Read propery[ConnectionFactoryNS] which is  required  with value[com.topcoder.db.connectionfactory.DBConnectionFactoryImpl] from namespace [com.topcoder.management.project.persistence.link.ProjectLinkManagerImpl].
Read propery[ConnectionName] which is  optional  with value[informix_connection] from namespace [com.topcoder.management.project.persistence.link.ProjectLinkManagerImpl].
read property ConnectionFactoryNS[com.topcoder.db.connectionfactory.DBConnectionFactoryImpl] from the namespace :com.topcoder.management.scorecard.persistence.InformixScorecardPersistence
read property ConnectionName[informix_connection] from the namespace :com.topcoder.management.scorecard.persistence.InformixScorecardPersistence
Instantiate SqlUploadPersistence with connectionFactory and connectioName:informix_connection
Instantiate PersistenceUploadManager with UploadPersistence, uploadSearchBundle, submissionSearchBundle, uploadIdGenerator, uploadTypeIdGenerator, uploadStatusIdGenerator, submissionIDGenerator, submissionStatusIdGenerator and submissionTypeIdGenerator.
Instantiate AbstractResourcePersistence with connectionFactory and connectionName[informix_connection].
load Resource role with ids:[J@1c6aa7,[J@1c6aa7,[J@1c6aa7,[J@1c6aa7,[J@1c6aa7,[J@1c6aa7,[J@1c6aa7,[J@1c6aa7,[J@1c6aa7,[J@1c6aa7,[J@1c6aa7,[J@1c6aa7,[J@1c6aa7,[J@1c6aa7,[J@1c6aa7,[J@1c6aa7,[J@1c6aa7,[J@1c6aa7,[J@1c6aa7,[J@1c6aa7,[J@1c6aa7,[J@1c6aa7
operator: UnknownresourceId: Unknown - creating db connection using connection name: informix_connection
committing transaction
Read propery[ConnectionFactoryNS] which is  required  with value[com.topcoder.db.connectionfactory.DBConnectionFactoryImpl] from namespace [com.topcoder.management.project.persistence.InformixProjectPersistence].
Read propery[ConnectionName] which is  optional  with value[informix_connection] from namespace [com.topcoder.management.project.persistence.InformixProjectPersistence].
Read propery[ProjectIdSequenceName] which is  optional  with value[project_id_seq] from namespace [com.topcoder.management.project.persistence.InformixProjectPersistence].
Read propery[ProjectAuditIdSequenceName] which is  optional  with value[project_audit_id_seq] from namespace [com.topcoder.management.project.persistence.InformixProjectPersistence].
Read propery[ConnectionFactoryNS] which is  required  with value[com.topcoder.db.connectionfactory.DBConnectionFactoryImpl] from namespace [com.topcoder.management.project.persistence.link.ProjectLinkManagerImpl].
Read propery[ConnectionName] which is  optional  with value[informix_connection] from namespace [com.topcoder.management.project.persistence.link.ProjectLinkManagerImpl].
read property ConnectionFactoryNS[com.topcoder.db.connectionfactory.DBConnectionFactoryImpl] from the namespace :com.topcoder.management.scorecard.persistence.InformixScorecardPersistence
read property ConnectionName[informix_connection] from the namespace :com.topcoder.management.scorecard.persistence.InformixScorecardPersistence
Instantiate SqlUploadPersistence with connectionFactory and connectioName:informix_connection
Instantiate PersistenceUploadManager with UploadPersistence, uploadSearchBundle, submissionSearchBundle, uploadIdGenerator, uploadTypeIdGenerator, uploadStatusIdGenerator, submissionIDGenerator, submissionStatusIdGenerator and submissionTypeIdGenerator.
Instantiate AbstractResourcePersistence with connectionFactory and connectionName[informix_connection].
load Resource role with ids:[J@2c99f9,[J@2c99f9,[J@2c99f9,[J@2c99f9,[J@2c99f9,[J@2c99f9,[J@2c99f9,[J@2c99f9,[J@2c99f9,[J@2c99f9,[J@2c99f9,[J@2c99f9,[J@2c99f9,[J@2c99f9,[J@2c99f9,[J@2c99f9,[J@2c99f9,[J@2c99f9,[J@2c99f9,[J@2c99f9,[J@2c99f9,[J@2c99f9
operator: UnknownresourceId: Unknown - creating db connection using connection name: informix_connection
committing transaction
Read propery[ConnectionFactoryNS] which is  required  with value[com.topcoder.db.connectionfactory.DBConnectionFactoryImpl] from namespace [com.topcoder.management.project.persistence.InformixProjectPersistence].
Read propery[ConnectionName] which is  optional  with value[informix_connection] from namespace [com.topcoder.management.project.persistence.InformixProjectPersistence].
Read propery[ProjectIdSequenceName] which is  optional  with value[project_id_seq] from namespace [com.topcoder.management.project.persistence.InformixProjectPersistence].
Read propery[ProjectAuditIdSequenceName] which is  optional  with value[project_audit_id_seq] from namespace [com.topcoder.management.project.persistence.InformixProjectPersistence].
Read propery[ConnectionFactoryNS] which is  required  with value[com.topcoder.db.connectionfactory.DBConnectionFactoryImpl] from namespace [com.topcoder.management.project.persistence.link.ProjectLinkManagerImpl].
Read propery[ConnectionName] which is  optional  with value[informix_connection] from namespace [com.topcoder.management.project.persistence.link.ProjectLinkManagerImpl].
read property ConnectionFactoryNS[com.topcoder.db.connectionfactory.DBConnectionFactoryImpl] from the namespace :com.topcoder.management.scorecard.persistence.InformixScorecardPersistence
read property ConnectionName[informix_connection] from the namespace :com.topcoder.management.scorecard.persistence.InformixScorecardPersistence
Instantiate SqlUploadPersistence with connectionFactory and connectioName:informix_connection
Instantiate PersistenceUploadManager with UploadPersistence, uploadSearchBundle, submissionSearchBundle, uploadIdGenerator, uploadTypeIdGenerator, uploadStatusIdGenerator, submissionIDGenerator, submissionStatusIdGenerator and submissionTypeIdGenerator.
Instantiate AbstractResourcePersistence with connectionFactory and connectionName[informix_connection].
load Resource role with ids:[J@1a8eaf7,[J@1a8eaf7,[J@1a8eaf7,[J@1a8eaf7,[J@1a8eaf7,[J@1a8eaf7,[J@1a8eaf7,[J@1a8eaf7,[J@1a8eaf7,[J@1a8eaf7,[J@1a8eaf7,[J@1a8eaf7,[J@1a8eaf7,[J@1a8eaf7,[J@1a8eaf7,[J@1a8eaf7,[J@1a8eaf7,[J@1a8eaf7,[J@1a8eaf7,[J@1a8eaf7,[J@1a8eaf7,[J@1a8eaf7
operator: UnknownresourceId: Unknown - creating db connection using connection name: informix_connection
committing transaction
Read propery[ConnectionFactoryNS] which is  required  with value[com.topcoder.db.connectionfactory.DBConnectionFactoryImpl] from namespace [com.topcoder.management.project.persistence.InformixProjectPersistence].
Read propery[ConnectionName] which is  optional  with value[informix_connection] from namespace [com.topcoder.management.project.persistence.InformixProjectPersistence].
Read propery[ProjectIdSequenceName] which is  optional  with value[project_id_seq] from namespace [com.topcoder.management.project.persistence.InformixProjectPersistence].
Read propery[ProjectAuditIdSequenceName] which is  optional  with value[project_audit_id_seq] from namespace [com.topcoder.management.project.persistence.InformixProjectPersistence].
Read propery[ConnectionFactoryNS] which is  required  with value[com.topcoder.db.connectionfactory.DBConnectionFactoryImpl] from namespace [com.topcoder.management.project.persistence.link.ProjectLinkManagerImpl].
Read propery[ConnectionName] which is  optional  with value[informix_connection] from namespace [com.topcoder.management.project.persistence.link.ProjectLinkManagerImpl].
read property ConnectionFactoryNS[com.topcoder.db.connectionfactory.DBConnectionFactoryImpl] from the namespace :com.topcoder.management.scorecard.persistence.InformixScorecardPersistence
read property ConnectionName[informix_connection] from the namespace :com.topcoder.management.scorecard.persistence.InformixScorecardPersistence
Instantiate SqlUploadPersistence with connectionFactory and connectioName:informix_connection
Instantiate PersistenceUploadManager with UploadPersistence, uploadSearchBundle, submissionSearchBundle, uploadIdGenerator, uploadTypeIdGenerator, uploadStatusIdGenerator, submissionIDGenerator, submissionStatusIdGenerator and submissionTypeIdGenerator.
Instantiate AbstractResourcePersistence with connectionFactory and connectionName[informix_connection].
load Resource role with ids:[J@e93fd8,[J@e93fd8,[J@e93fd8,[J@e93fd8,[J@e93fd8,[J@e93fd8,[J@e93fd8,[J@e93fd8,[J@e93fd8,[J@e93fd8,[J@e93fd8,[J@e93fd8,[J@e93fd8,[J@e93fd8,[J@e93fd8,[J@e93fd8,[J@e93fd8,[J@e93fd8,[J@e93fd8,[J@e93fd8,[J@e93fd8,[J@e93fd8
operator: UnknownresourceId: Unknown - creating db connection using connection name: informix_connection
committing transaction
Read propery[ConnectionFactoryNS] which is  required  with value[com.topcoder.db.connectionfactory.DBConnectionFactoryImpl] from namespace [com.topcoder.management.project.persistence.InformixProjectPersistence].
Read propery[ConnectionName] which is  optional  with value[informix_connection] from namespace [com.topcoder.management.project.persistence.InformixProjectPersistence].
Read propery[ProjectIdSequenceName] which is  optional  with value[project_id_seq] from namespace [com.topcoder.management.project.persistence.InformixProjectPersistence].
Read propery[ProjectAuditIdSequenceName] which is  optional  with value[project_audit_id_seq] from namespace [com.topcoder.management.project.persistence.InformixProjectPersistence].
Read propery[ConnectionFactoryNS] which is  required  with value[com.topcoder.db.connectionfactory.DBConnectionFactoryImpl] from namespace [com.topcoder.management.project.persistence.link.ProjectLinkManagerImpl].
Read propery[ConnectionName] which is  optional  with value[informix_connection] from namespace [com.topcoder.management.project.persistence.link.ProjectLinkManagerImpl].
read property ConnectionFactoryNS[com.topcoder.db.connectionfactory.DBConnectionFactoryImpl] from the namespace :com.topcoder.management.scorecard.persistence.InformixScorecardPersistence
read property ConnectionName[informix_connection] from the namespace :com.topcoder.management.scorecard.persistence.InformixScorecardPersistence
Instantiate SqlUploadPersistence with connectionFactory and connectioName:informix_connection
Instantiate PersistenceUploadManager with UploadPersistence, uploadSearchBundle, submissionSearchBundle, uploadIdGenerator, uploadTypeIdGenerator, uploadStatusIdGenerator, submissionIDGenerator, submissionStatusIdGenerator and submissionTypeIdGenerator.
Instantiate AbstractResourcePersistence with connectionFactory and connectionName[informix_connection].
load Resource role with ids:[J@32ae98,[J@32ae98,[J@32ae98,[J@32ae98,[J@32ae98,[J@32ae98,[J@32ae98,[J@32ae98,[J@32ae98,[J@32ae98,[J@32ae98,[J@32ae98,[J@32ae98,[J@32ae98,[J@32ae98,[J@32ae98,[J@32ae98,[J@32ae98,[J@32ae98,[J@32ae98,[J@32ae98,[J@32ae98
operator: UnknownresourceId: Unknown - creating db connection using connection name: informix_connection
committing transaction
get projects with the ids: 1
operator: UnknownprojectId: Unknown - creating db connection using connection name: informix_connection
committing transaction
load Resource role with ids:[J@3f52b8,[J@3f52b8,[J@3f52b8,[J@3f52b8,[J@3f52b8,[J@3f52b8,[J@3f52b8,[J@3f52b8,[J@3f52b8,[J@3f52b8,[J@3f52b8,[J@3f52b8,[J@3f52b8,[J@3f52b8,[J@3f52b8,[J@3f52b8,[J@3f52b8,[J@3f52b8,[J@3f52b8,[J@3f52b8,[J@3f52b8,[J@3f52b8
operator: UnknownresourceId: Unknown - creating db connection using connection name: informix_connection
committing transaction
Read propery[ConnectionFactoryNS] which is  required  with value[com.topcoder.db.connectionfactory.DBConnectionFactoryImpl] from namespace [com.topcoder.management.project.persistence.InformixProjectPersistence].
Read propery[ConnectionName] which is  optional  with value[informix_connection] from namespace [com.topcoder.management.project.persistence.InformixProjectPersistence].
Read propery[ProjectIdSequenceName] which is  optional  with value[project_id_seq] from namespace [com.topcoder.management.project.persistence.InformixProjectPersistence].
Read propery[ProjectAuditIdSequenceName] which is  optional  with value[project_audit_id_seq] from namespace [com.topcoder.management.project.persistence.InformixProjectPersistence].
Read propery[ConnectionFactoryNS] which is  required  with value[com.topcoder.db.connectionfactory.DBConnectionFactoryImpl] from namespace [com.topcoder.management.project.persistence.link.ProjectLinkManagerImpl].
Read propery[ConnectionName] which is  optional  with value[informix_connection] from namespace [com.topcoder.management.project.persistence.link.ProjectLinkManagerImpl].
read property ConnectionFactoryNS[com.topcoder.db.connectionfactory.DBConnectionFactoryImpl] from the namespace :com.topcoder.management.scorecard.persistence.InformixScorecardPersistence
read property ConnectionName[informix_connection] from the namespace :com.topcoder.management.scorecard.persistence.InformixScorecardPersistence
Instantiate SqlUploadPersistence with connectionFactory and connectioName:informix_connection
Instantiate PersistenceUploadManager with UploadPersistence, uploadSearchBundle, submissionSearchBundle, uploadIdGenerator, uploadTypeIdGenerator, uploadStatusIdGenerator, submissionIDGenerator, submissionStatusIdGenerator and submissionTypeIdGenerator.
Instantiate AbstractResourcePersistence with connectionFactory and connectionName[informix_connection].
load Resource role with ids:[J@19daa47,[J@19daa47,[J@19daa47,[J@19daa47,[J@19daa47,[J@19daa47,[J@19daa47,[J@19daa47,[J@19daa47,[J@19daa47,[J@19daa47,[J@19daa47,[J@19daa47,[J@19daa47,[J@19daa47,[J@19daa47,[J@19daa47,[J@19daa47,[J@19daa47,[J@19daa47,[J@19daa47,[J@19daa47
operator: UnknownresourceId: Unknown - creating db connection using connection name: informix_connection
committing transaction
load Resource with ids:[J@a00025
operator: UnknownresourceId: Unknown - creating db connection using connection name: informix_connection
load ResourceRole with id:9
operator: UnknownresourceId: Unknown - creating db connection using connection name: informix_connection
committing transaction
committing transaction
load Resource with ids:[J@b63f4c
operator: UnknownresourceId: Unknown - creating db connection using connection name: informix_connection
load ResourceRole with id:9
operator: UnknownresourceId: Unknown - creating db connection using connection name: informix_connection
committing transaction
committing transaction
load Resource with ids:[J@11ceb21
operator: UnknownresourceId: Unknown - creating db connection using connection name: informix_connection
load ResourceRole with id:8
operator: UnknownresourceId: Unknown - creating db connection using connection name: informix_connection
committing transaction
committing transaction
get projects with the ids: 1
operator: UnknownprojectId: Unknown - creating db connection using connection name: informix_connection
committing transaction
load Resource with ids:[J@19a4520
operator: UnknownresourceId: Unknown - creating db connection using connection name: informix_connection
load ResourceRole with id:1
operator: UnknownresourceId: Unknown - creating db connection using connection name: informix_connection
committing transaction
committing transaction
type: Upload id: Unknown operator:Unknown - search uploads with filter. found: 0
get projects with the ids: 1
operator: UnknownprojectId: Unknown - creating db connection using connection name: informix_connection
committing transaction
load Resource role with ids:[J@6824d9,[J@6824d9,[J@6824d9,[J@6824d9,[J@6824d9,[J@6824d9,[J@6824d9,[J@6824d9,[J@6824d9,[J@6824d9,[J@6824d9,[J@6824d9,[J@6824d9,[J@6824d9,[J@6824d9,[J@6824d9,[J@6824d9,[J@6824d9,[J@6824d9,[J@6824d9,[J@6824d9,[J@6824d9
operator: UnknownresourceId: Unknown - creating db connection using connection name: informix_connection
committing transaction
load Resource with ids:[J@fccf98
operator: UnknownresourceId: Unknown - creating db connection using connection name: informix_connection
load ResourceRole with id:8
operator: UnknownresourceId: Unknown - creating db connection using connection name: informix_connection
committing transaction
committing transaction
load Resource with ids:[J@13f333c
operator: UnknownresourceId: Unknown - creating db connection using connection name: informix_connection
load ResourceRole with id:9
operator: UnknownresourceId: Unknown - creating db connection using connection name: informix_connection
committing transaction
committing transaction
load Resource with ids:[J@1a997d1
operator: UnknownresourceId: Unknown - creating db connection using connection name: informix_connection
load ResourceRole with id:1
operator: UnknownresourceId: Unknown - creating db connection using connection name: informix_connection
committing transaction
committing transaction
load Resource with ids:[J@1d40d08
operator: UnknownresourceId: Unknown - creating db connection using connection name: informix_connection
load ResourceRole with id:9
operator: UnknownresourceId: Unknown - creating db connection using connection name: informix_connection
committing transaction
committing transaction
Read propery[ConnectionFactoryNS] which is  required  with value[com.topcoder.db.connectionfactory.DBConnectionFactoryImpl] from namespace [com.topcoder.management.project.persistence.InformixProjectPersistence].
Read propery[ConnectionName] which is  optional  with value[informix_connection] from namespace [com.topcoder.management.project.persistence.InformixProjectPersistence].
Read propery[ProjectIdSequenceName] which is  optional  with value[project_id_seq] from namespace [com.topcoder.management.project.persistence.InformixProjectPersistence].
Read propery[ProjectAuditIdSequenceName] which is  optional  with value[project_audit_id_seq] from namespace [com.topcoder.management.project.persistence.InformixProjectPersistence].
Read propery[ConnectionFactoryNS] which is  required  with value[com.topcoder.db.connectionfactory.DBConnectionFactoryImpl] from namespace [com.topcoder.management.project.persistence.link.ProjectLinkManagerImpl].
Read propery[ConnectionName] which is  optional  with value[informix_connection] from namespace [com.topcoder.management.project.persistence.link.ProjectLinkManagerImpl].
read property ConnectionFactoryNS[com.topcoder.db.connectionfactory.DBConnectionFactoryImpl] from the namespace :com.topcoder.management.scorecard.persistence.InformixScorecardPersistence
read property ConnectionName[informix_connection] from the namespace :com.topcoder.management.scorecard.persistence.InformixScorecardPersistence
Instantiate SqlUploadPersistence with connectionFactory and connectioName:informix_connection
Instantiate PersistenceUploadManager with UploadPersistence, uploadSearchBundle, submissionSearchBundle, uploadIdGenerator, uploadTypeIdGenerator, uploadStatusIdGenerator, submissionIDGenerator, submissionStatusIdGenerator and submissionTypeIdGenerator.
Instantiate AbstractResourcePersistence with connectionFactory and connectionName[informix_connection].
load Resource role with ids:[J@15ce24f,[J@15ce24f,[J@15ce24f,[J@15ce24f,[J@15ce24f,[J@15ce24f,[J@15ce24f,[J@15ce24f,[J@15ce24f,[J@15ce24f,[J@15ce24f,[J@15ce24f,[J@15ce24f,[J@15ce24f,[J@15ce24f,[J@15ce24f,[J@15ce24f,[J@15ce24f,[J@15ce24f,[J@15ce24f,[J@15ce24f,[J@15ce24f
operator: UnknownresourceId: Unknown - creating db connection using connection name: informix_connection
committing transaction
load Resource with ids:[J@d7e37c
operator: UnknownresourceId: Unknown - creating db connection using connection name: informix_connection
load ResourceRole with id:9
operator: UnknownresourceId: Unknown - creating db connection using connection name: informix_connection
committing transaction
committing transaction
load Resource with ids:[J@1231023
operator: UnknownresourceId: Unknown - creating db connection using connection name: informix_connection
load ResourceRole with id:9
operator: UnknownresourceId: Unknown - creating db connection using connection name: informix_connection
committing transaction
committing transaction
get projects with the ids: 1
operator: UnknownprojectId: Unknown - creating db connection using connection name: informix_connection
committing transaction
load Resource with ids:[J@3c9dd8
operator: UnknownresourceId: Unknown - creating db connection using connection name: informix_connection
load ResourceRole with id:1
operator: UnknownresourceId: Unknown - creating db connection using connection name: informix_connection
committing transaction
committing transaction
type: Upload id: Unknown operator:Unknown - search submissions with filter. found: 1
load Resource with ids:[J@16d9979
operator: UnknownresourceId: Unknown - creating db connection using connection name: informix_connection
load ResourceRole with id:6
operator: UnknownresourceId: Unknown - creating db connection using connection name: informix_connection
committing transaction
committing transaction
get projects with the ids: 1
operator: UnknownprojectId: Unknown - creating db connection using connection name: informix_connection
committing transaction
load Resource with ids:[J@1cbc53
operator: UnknownresourceId: Unknown - creating db connection using connection name: informix_connection
load ResourceRole with id:1
operator: UnknownresourceId: Unknown - creating db connection using connection name: informix_connection
committing transaction
committing transaction
type: Upload id: Unknown operator:Unknown - search uploads with filter. found: 0
get projects with the ids: 1
operator: UnknownprojectId: Unknown - creating db connection using connection name: informix_connection
committing transaction
load Resource role with ids:[J@1e35aae,[J@1e35aae,[J@1e35aae,[J@1e35aae,[J@1e35aae,[J@1e35aae,[J@1e35aae,[J@1e35aae,[J@1e35aae,[J@1e35aae,[J@1e35aae,[J@1e35aae,[J@1e35aae,[J@1e35aae,[J@1e35aae,[J@1e35aae,[J@1e35aae,[J@1e35aae,[J@1e35aae,[J@1e35aae,[J@1e35aae,[J@1e35aae
operator: UnknownresourceId: Unknown - creating db connection using connection name: informix_connection
committing transaction
load Resource with ids:[J@18dcf37
operator: UnknownresourceId: Unknown - creating db connection using connection name: informix_connection
load ResourceRole with id:9
operator: UnknownresourceId: Unknown - creating db connection using connection name: informix_connection
committing transaction
committing transaction
load Resource with ids:[J@17503eb
operator: UnknownresourceId: Unknown - creating db connection using connection name: informix_connection
load ResourceRole with id:6
operator: UnknownresourceId: Unknown - creating db connection using connection name: informix_connection
committing transaction
committing transaction
load Resource with ids:[J@8484c4
operator: UnknownresourceId: Unknown - creating db connection using connection name: informix_connection
load ResourceRole with id:1
operator: UnknownresourceId: Unknown - creating db connection using connection name: informix_connection
committing transaction
committing transaction
load Resource with ids:[J@15b417
operator: UnknownresourceId: Unknown - creating db connection using connection name: informix_connection
load ResourceRole with id:9
operator: UnknownresourceId: Unknown - creating db connection using connection name: informix_connection
committing transaction
committing transaction
Read propery[ConnectionFactoryNS] which is  required  with value[com.topcoder.db.connectionfactory.DBConnectionFactoryImpl] from namespace [com.topcoder.management.project.persistence.InformixProjectPersistence].
Read propery[ConnectionName] which is  optional  with value[informix_connection] from namespace [com.topcoder.management.project.persistence.InformixProjectPersistence].
Read propery[ProjectIdSequenceName] which is  optional  with value[project_id_seq] from namespace [com.topcoder.management.project.persistence.InformixProjectPersistence].
Read propery[ProjectAuditIdSequenceName] which is  optional  with value[project_audit_id_seq] from namespace [com.topcoder.management.project.persistence.InformixProjectPersistence].
Read propery[ConnectionFactoryNS] which is  required  with value[com.topcoder.db.connectionfactory.DBConnectionFactoryImpl] from namespace [com.topcoder.management.project.persistence.link.ProjectLinkManagerImpl].
Read propery[ConnectionName] which is  optional  with value[informix_connection] from namespace [com.topcoder.management.project.persistence.link.ProjectLinkManagerImpl].
read property ConnectionFactoryNS[com.topcoder.db.connectionfactory.DBConnectionFactoryImpl] from the namespace :com.topcoder.management.scorecard.persistence.InformixScorecardPersistence
read property ConnectionName[informix_connection] from the namespace :com.topcoder.management.scorecard.persistence.InformixScorecardPersistence
Instantiate SqlUploadPersistence with connectionFactory and connectioName:informix_connection
Instantiate PersistenceUploadManager with UploadPersistence, uploadSearchBundle, submissionSearchBundle, uploadIdGenerator, uploadTypeIdGenerator, uploadStatusIdGenerator, submissionIDGenerator, submissionStatusIdGenerator and submissionTypeIdGenerator.
Instantiate AbstractResourcePersistence with connectionFactory and connectionName[informix_connection].
load Resource role with ids:[J@1355dd0,[J@1355dd0,[J@1355dd0,[J@1355dd0,[J@1355dd0,[J@1355dd0,[J@1355dd0,[J@1355dd0,[J@1355dd0,[J@1355dd0,[J@1355dd0,[J@1355dd0,[J@1355dd0,[J@1355dd0,[J@1355dd0,[J@1355dd0,[J@1355dd0,[J@1355dd0,[J@1355dd0,[J@1355dd0,[J@1355dd0,[J@1355dd0
operator: UnknownresourceId: Unknown - creating db connection using connection name: informix_connection
committing transaction
load Resource with ids:[J@88a142
operator: UnknownresourceId: Unknown - creating db connection using connection name: informix_connection
load ResourceRole with id:9
operator: UnknownresourceId: Unknown - creating db connection using connection name: informix_connection
committing transaction
committing transaction
get projects with the ids: 1
operator: UnknownprojectId: Unknown - creating db connection using connection name: informix_connection
committing transaction
load Resource with ids:[J@1d9e55b
operator: UnknownresourceId: Unknown - creating db connection using connection name: informix_connection
load ResourceRole with id:1
operator: UnknownresourceId: Unknown - creating db connection using connection name: informix_connection
committing transaction
committing transaction
type: Upload id: Unknown operator:Unknown - search submissions with filter. found: 1
load Resource with ids:[J@fcdcd2
operator: UnknownresourceId: Unknown - creating db connection using connection name: informix_connection
load ResourceRole with id:6
operator: UnknownresourceId: Unknown - creating db connection using connection name: informix_connection
committing transaction
committing transaction
get projects with the ids: 1
operator: UnknownprojectId: Unknown - creating db connection using connection name: informix_connection
committing transaction
load Resource with ids:[J@6fa017
operator: UnknownresourceId: Unknown - creating db connection using connection name: informix_connection
load ResourceRole with id:1
operator: UnknownresourceId: Unknown - creating db connection using connection name: informix_connection
committing transaction
committing transaction
type: Upload id: Unknown operator:Unknown - search uploads with filter. found: 0
get projects with the ids: 1
operator: UnknownprojectId: Unknown - creating db connection using connection name: informix_connection
committing transaction
load Resource role with ids:[J@1da7214,[J@1da7214,[J@1da7214,[J@1da7214,[J@1da7214,[J@1da7214,[J@1da7214,[J@1da7214,[J@1da7214,[J@1da7214,[J@1da7214,[J@1da7214,[J@1da7214,[J@1da7214,[J@1da7214,[J@1da7214,[J@1da7214,[J@1da7214,[J@1da7214,[J@1da7214,[J@1da7214,[J@1da7214
operator: UnknownresourceId: Unknown - creating db connection using connection name: informix_connection
committing transaction
load Resource with ids:[J@1d5047e,[J@1d5047e
operator: UnknownresourceId: Unknown - creating db connection using connection name: informix_connection
load ResourceRole with id:9
operator: UnknownresourceId: Unknown - creating db connection using connection name: informix_connection
committing transaction
load ResourceRole with id:9
operator: UnknownresourceId: Unknown - creating db connection using connection name: informix_connection
committing transaction
committing transaction
load Resource with ids:[J@1729d05
operator: UnknownresourceId: Unknown - creating db connection using connection name: informix_connection
load ResourceRole with id:6
operator: UnknownresourceId: Unknown - creating db connection using connection name: informix_connection
committing transaction
committing transaction
load Resource with ids:[J@24d938
operator: UnknownresourceId: Unknown - creating db connection using connection name: informix_connection
load ResourceRole with id:1
operator: UnknownresourceId: Unknown - creating db connection using connection name: informix_connection
committing transaction
committing transaction
load Resource with ids:[J@1ac0d08
operator: UnknownresourceId: Unknown - creating db connection using connection name: informix_connection
load ResourceRole with id:9
operator: UnknownresourceId: Unknown - creating db connection using connection name: informix_connection
committing transaction
committing transaction
load Resource with ids:[J@1974439
operator: UnknownresourceId: Unknown - creating db connection using connection name: informix_connection
load ResourceRole with id:9
operator: UnknownresourceId: Unknown - creating db connection using connection name: informix_connection
committing transaction
committing transaction
get projects with the ids: 1
operator: UnknownprojectId: Unknown - creating db connection using connection name: informix_connection
committing transaction
load Resource with ids:[J@1f85c2c
operator: UnknownresourceId: Unknown - creating db connection using connection name: informix_connection
load ResourceRole with id:1
operator: UnknownresourceId: Unknown - creating db connection using connection name: informix_connection
committing transaction
committing transaction
type: Upload id: Unknown operator:Unknown - search uploads with filter. found: 0
get projects with the ids: 1
operator: UnknownprojectId: Unknown - creating db connection using connection name: informix_connection
committing transaction
load Resource role with ids:[J@1431022,[J@1431022,[J@1431022,[J@1431022,[J@1431022,[J@1431022,[J@1431022,[J@1431022,[J@1431022,[J@1431022,[J@1431022,[J@1431022,[J@1431022,[J@1431022,[J@1431022,[J@1431022,[J@1431022,[J@1431022,[J@1431022,[J@1431022,[J@1431022,[J@1431022
operator: UnknownresourceId: Unknown - creating db connection using connection name: informix_connection
committing transaction
load Resource with ids:[J@57ba9e,[J@57ba9e
operator: UnknownresourceId: Unknown - creating db connection using connection name: informix_connection
load ResourceRole with id:9
operator: UnknownresourceId: Unknown - creating db connection using connection name: informix_connection
committing transaction
load ResourceRole with id:9
operator: UnknownresourceId: Unknown - creating db connection using connection name: informix_connection
committing transaction
committing transaction
load Resource with ids:[J@1197f57
operator: UnknownresourceId: Unknown - creating db connection using connection name: informix_connection
load ResourceRole with id:6
operator: UnknownresourceId: Unknown - creating db connection using connection name: informix_connection
committing transaction
committing transaction
load Resource with ids:[J@1fca918
operator: UnknownresourceId: Unknown - creating db connection using connection name: informix_connection
load ResourceRole with id:1
operator: UnknownresourceId: Unknown - creating db connection using connection name: informix_connection
committing transaction
committing transaction
load Resource with ids:[J@1628d93
operator: UnknownresourceId: Unknown - creating db connection using connection name: informix_connection
load ResourceRole with id:9
operator: UnknownresourceId: Unknown - creating db connection using connection name: informix_connection
committing transaction
committing transaction
Read propery[ConnectionFactoryNS] which is  required  with value[com.topcoder.db.connectionfactory.DBConnectionFactoryImpl] from namespace [com.topcoder.management.project.persistence.InformixProjectPersistence].
Read propery[ConnectionName] which is  optional  with value[informix_connection] from namespace [com.topcoder.management.project.persistence.InformixProjectPersistence].
Read propery[ProjectIdSequenceName] which is  optional  with value[project_id_seq] from namespace [com.topcoder.management.project.persistence.InformixProjectPersistence].
Read propery[ProjectAuditIdSequenceName] which is  optional  with value[project_audit_id_seq] from namespace [com.topcoder.management.project.persistence.InformixProjectPersistence].
Read propery[ConnectionFactoryNS] which is  required  with value[com.topcoder.db.connectionfactory.DBConnectionFactoryImpl] from namespace [com.topcoder.management.project.persistence.link.ProjectLinkManagerImpl].
Read propery[ConnectionName] which is  optional  with value[informix_connection] from namespace [com.topcoder.management.project.persistence.link.ProjectLinkManagerImpl].
read property ConnectionFactoryNS[com.topcoder.db.connectionfactory.DBConnectionFactoryImpl] from the namespace :com.topcoder.management.scorecard.persistence.InformixScorecardPersistence
read property ConnectionName[informix_connection] from the namespace :com.topcoder.management.scorecard.persistence.InformixScorecardPersistence
Instantiate SqlUploadPersistence with connectionFactory and connectioName:informix_connection
Instantiate PersistenceUploadManager with UploadPersistence, uploadSearchBundle, submissionSearchBundle, uploadIdGenerator, uploadTypeIdGenerator, uploadStatusIdGenerator, submissionIDGenerator, submissionStatusIdGenerator and submissionTypeIdGenerator.
Instantiate AbstractResourcePersistence with connectionFactory and connectionName[informix_connection].
load Resource role with ids:[J@11d4dc0,[J@11d4dc0,[J@11d4dc0,[J@11d4dc0,[J@11d4dc0,[J@11d4dc0,[J@11d4dc0,[J@11d4dc0,[J@11d4dc0,[J@11d4dc0,[J@11d4dc0,[J@11d4dc0,[J@11d4dc0,[J@11d4dc0,[J@11d4dc0,[J@11d4dc0,[J@11d4dc0,[J@11d4dc0,[J@11d4dc0,[J@11d4dc0,[J@11d4dc0,[J@11d4dc0
operator: UnknownresourceId: Unknown - creating db connection using connection name: informix_connection
committing transaction
load Resource with ids:[J@70c0d1
operator: UnknownresourceId: Unknown - creating db connection using connection name: informix_connection
load ResourceRole with id:9
operator: UnknownresourceId: Unknown - creating db connection using connection name: informix_connection
committing transaction
committing transaction
load Resource with ids:[J@1c54d06
operator: UnknownresourceId: Unknown - creating db connection using connection name: informix_connection
load ResourceRole with id:9
operator: UnknownresourceId: Unknown - creating db connection using connection name: informix_connection
committing transaction
committing transaction
load Resource with ids:[J@be4377
operator: UnknownresourceId: Unknown - creating db connection using connection name: informix_connection
load ResourceRole with id:8
operator: UnknownresourceId: Unknown - creating db connection using connection name: informix_connection
committing transaction
committing transaction
get projects with the ids: 1
operator: UnknownprojectId: Unknown - creating db connection using connection name: informix_connection
committing transaction
load Resource with ids:[J@2dc847
operator: UnknownresourceId: Unknown - creating db connection using connection name: informix_connection
load ResourceRole with id:1
operator: UnknownresourceId: Unknown - creating db connection using connection name: informix_connection
committing transaction
committing transaction
type: Upload id: Unknown operator:Unknown - search uploads with filter. found: 1
get All upload status, delegate to persistence.
create db connection using connection name:informix_connection
close the connection.
type: UploadStatus id: Unknown operator:Unknown - Load UploadStatuses with ids:1,2
create db connection using connection name:informix_connection
close the connection.
type: Upload id: 2 operator:1001 - Update Upload.
type: Upload id: 2 operator:Unknown - Update Upload, it will update record in upload table.
create db connection using connection name:informix_connection
close the connection.
get projects with the ids: 1
operator: UnknownprojectId: Unknown - creating db connection using connection name: informix_connection
committing transaction
load Resource role with ids:[J@11f1d97,[J@11f1d97,[J@11f1d97,[J@11f1d97,[J@11f1d97,[J@11f1d97,[J@11f1d97,[J@11f1d97,[J@11f1d97,[J@11f1d97,[J@11f1d97,[J@11f1d97,[J@11f1d97,[J@11f1d97,[J@11f1d97,[J@11f1d97,[J@11f1d97,[J@11f1d97,[J@11f1d97,[J@11f1d97,[J@11f1d97,[J@11f1d97
operator: UnknownresourceId: Unknown - creating db connection using connection name: informix_connection
committing transaction
load Resource with ids:[J@db6184
operator: UnknownresourceId: Unknown - creating db connection using connection name: informix_connection
load ResourceRole with id:8
operator: UnknownresourceId: Unknown - creating db connection using connection name: informix_connection
committing transaction
committing transaction
load Resource with ids:[J@eca0f5
operator: UnknownresourceId: Unknown - creating db connection using connection name: informix_connection
load ResourceRole with id:9
operator: UnknownresourceId: Unknown - creating db connection using connection name: informix_connection
committing transaction
committing transaction
load Resource with ids:[J@4c3f0b
operator: UnknownresourceId: Unknown - creating db connection using connection name: informix_connection
load ResourceRole with id:1
operator: UnknownresourceId: Unknown - creating db connection using connection name: informix_connection
committing transaction
committing transaction
load Resource with ids:[J@1142f76
operator: UnknownresourceId: Unknown - creating db connection using connection name: informix_connection
load ResourceRole with id:9
operator: UnknownresourceId: Unknown - creating db connection using connection name: informix_connection
committing transaction
committing transaction
Read propery[ConnectionFactoryNS] which is  required  with value[com.topcoder.db.connectionfactory.DBConnectionFactoryImpl] from namespace [com.topcoder.management.project.persistence.InformixProjectPersistence].
Read propery[ConnectionName] which is  optional  with value[informix_connection] from namespace [com.topcoder.management.project.persistence.InformixProjectPersistence].
Read propery[ProjectIdSequenceName] which is  optional  with value[project_id_seq] from namespace [com.topcoder.management.project.persistence.InformixProjectPersistence].
Read propery[ProjectAuditIdSequenceName] which is  optional  with value[project_audit_id_seq] from namespace [com.topcoder.management.project.persistence.InformixProjectPersistence].
Read propery[ConnectionFactoryNS] which is  required  with value[com.topcoder.db.connectionfactory.DBConnectionFactoryImpl] from namespace [com.topcoder.management.project.persistence.link.ProjectLinkManagerImpl].
Read propery[ConnectionName] which is  optional  with value[informix_connection] from namespace [com.topcoder.management.project.persistence.link.ProjectLinkManagerImpl].
read property ConnectionFactoryNS[com.topcoder.db.connectionfactory.DBConnectionFactoryImpl] from the namespace :com.topcoder.management.scorecard.persistence.InformixScorecardPersistence
read property ConnectionName[informix_connection] from the namespace :com.topcoder.management.scorecard.persistence.InformixScorecardPersistence
Instantiate SqlUploadPersistence with connectionFactory and connectioName:informix_connection
Instantiate PersistenceUploadManager with UploadPersistence, uploadSearchBundle, submissionSearchBundle, uploadIdGenerator, uploadTypeIdGenerator, uploadStatusIdGenerator, submissionIDGenerator, submissionStatusIdGenerator and submissionTypeIdGenerator.
Instantiate AbstractResourcePersistence with connectionFactory and connectionName[informix_connection].
load Resource role with ids:[J@1ae303a,[J@1ae303a,[J@1ae303a,[J@1ae303a,[J@1ae303a,[J@1ae303a,[J@1ae303a,[J@1ae303a,[J@1ae303a,[J@1ae303a,[J@1ae303a,[J@1ae303a,[J@1ae303a,[J@1ae303a,[J@1ae303a,[J@1ae303a,[J@1ae303a,[J@1ae303a,[J@1ae303a,[J@1ae303a,[J@1ae303a,[J@1ae303a
operator: UnknownresourceId: Unknown - creating db connection using connection name: informix_connection
committing transaction
load Resource with ids:[J@17709f9
operator: UnknownresourceId: Unknown - creating db connection using connection name: informix_connection
load ResourceRole with id:9
operator: UnknownresourceId: Unknown - creating db connection using connection name: informix_connection
committing transaction
committing transaction
get projects with the ids: 1
operator: UnknownprojectId: Unknown - creating db connection using connection name: informix_connection
committing transaction
Read propery[ConnectionFactoryNS] which is  required  with value[com.topcoder.db.connectionfactory.DBConnectionFactoryImpl] from namespace [com.topcoder.management.project.persistence.InformixProjectPersistence].
Read propery[ConnectionName] which is  optional  with value[informix_connection] from namespace [com.topcoder.management.project.persistence.InformixProjectPersistence].
Read propery[ProjectIdSequenceName] which is  optional  with value[project_id_seq] from namespace [com.topcoder.management.project.persistence.InformixProjectPersistence].
Read propery[ProjectAuditIdSequenceName] which is  optional  with value[project_audit_id_seq] from namespace [com.topcoder.management.project.persistence.InformixProjectPersistence].
Read propery[ConnectionFactoryNS] which is  required  with value[com.topcoder.db.connectionfactory.DBConnectionFactoryImpl] from namespace [com.topcoder.management.project.persistence.link.ProjectLinkManagerImpl].
Read propery[ConnectionName] which is  optional  with value[informix_connection] from namespace [com.topcoder.management.project.persistence.link.ProjectLinkManagerImpl].
read property ConnectionFactoryNS[com.topcoder.db.connectionfactory.DBConnectionFactoryImpl] from the namespace :com.topcoder.management.scorecard.persistence.InformixScorecardPersistence
read property ConnectionName[informix_connection] from the namespace :com.topcoder.management.scorecard.persistence.InformixScorecardPersistence
Instantiate SqlUploadPersistence with connectionFactory and connectioName:informix_connection
Instantiate PersistenceUploadManager with UploadPersistence, uploadSearchBundle, submissionSearchBundle, uploadIdGenerator, uploadTypeIdGenerator, uploadStatusIdGenerator, submissionIDGenerator, submissionStatusIdGenerator and submissionTypeIdGenerator.
Instantiate AbstractResourcePersistence with connectionFactory and connectionName[informix_connection].
load Resource role with ids:[J@1fa5453,[J@1fa5453,[J@1fa5453,[J@1fa5453,[J@1fa5453,[J@1fa5453,[J@1fa5453,[J@1fa5453,[J@1fa5453,[J@1fa5453,[J@1fa5453,[J@1fa5453,[J@1fa5453,[J@1fa5453,[J@1fa5453,[J@1fa5453,[J@1fa5453,[J@1fa5453,[J@1fa5453,[J@1fa5453,[J@1fa5453,[J@1fa5453
operator: UnknownresourceId: Unknown - creating db connection using connection name: informix_connection
committing transaction
load Resource with ids:[J@a6e114
operator: UnknownresourceId: Unknown - creating db connection using connection name: informix_connection
load ResourceRole with id:9
operator: UnknownresourceId: Unknown - creating db connection using connection name: informix_connection
committing transaction
committing transaction
load Resource with ids:[J@153ae47
operator: UnknownresourceId: Unknown - creating db connection using connection name: informix_connection
load ResourceRole with id:8
operator: UnknownresourceId: Unknown - creating db connection using connection name: informix_connection
committing transaction
committing transaction
get projects with the ids: 1
operator: UnknownprojectId: Unknown - creating db connection using connection name: informix_connection
committing transaction
load Resource with ids:[J@136eabc
operator: UnknownresourceId: Unknown - creating db connection using connection name: informix_connection
load ResourceRole with id:1
operator: UnknownresourceId: Unknown - creating db connection using connection name: informix_connection
committing transaction
committing transaction
type: Upload id: Unknown operator:Unknown - search uploads with filter. found: 2
Read propery[ConnectionFactoryNS] which is  required  with value[com.topcoder.db.connectionfactory.DBConnectionFactoryImpl] from namespace [com.topcoder.management.project.persistence.InformixProjectPersistence].
Read propery[ConnectionName] which is  optional  with value[informix_connection] from namespace [com.topcoder.management.project.persistence.InformixProjectPersistence].
Read propery[ProjectIdSequenceName] which is  optional  with value[project_id_seq] from namespace [com.topcoder.management.project.persistence.InformixProjectPersistence].
Read propery[ProjectAuditIdSequenceName] which is  optional  with value[project_audit_id_seq] from namespace [com.topcoder.management.project.persistence.InformixProjectPersistence].
Read propery[ConnectionFactoryNS] which is  required  with value[com.topcoder.db.connectionfactory.DBConnectionFactoryImpl] from namespace [com.topcoder.management.project.persistence.link.ProjectLinkManagerImpl].
Read propery[ConnectionName] which is  optional  with value[informix_connection] from namespace [com.topcoder.management.project.persistence.link.ProjectLinkManagerImpl].
read property ConnectionFactoryNS[com.topcoder.db.connectionfactory.DBConnectionFactoryImpl] from the namespace :com.topcoder.management.scorecard.persistence.InformixScorecardPersistence
read property ConnectionName[informix_connection] from the namespace :com.topcoder.management.scorecard.persistence.InformixScorecardPersistence
Instantiate SqlUploadPersistence with connectionFactory and connectioName:informix_connection
Instantiate PersistenceUploadManager with UploadPersistence, uploadSearchBundle, submissionSearchBundle, uploadIdGenerator, uploadTypeIdGenerator, uploadStatusIdGenerator, submissionIDGenerator, submissionStatusIdGenerator and submissionTypeIdGenerator.
Instantiate AbstractResourcePersistence with connectionFactory and connectionName[informix_connection].
load Resource role with ids:[J@3c5d62,[J@3c5d62,[J@3c5d62,[J@3c5d62,[J@3c5d62,[J@3c5d62,[J@3c5d62,[J@3c5d62,[J@3c5d62,[J@3c5d62,[J@3c5d62,[J@3c5d62,[J@3c5d62,[J@3c5d62,[J@3c5d62,[J@3c5d62,[J@3c5d62,[J@3c5d62,[J@3c5d62,[J@3c5d62,[J@3c5d62,[J@3c5d62
operator: UnknownresourceId: Unknown - creating db connection using connection name: informix_connection
committing transaction
Read propery[ConnectionFactoryNS] which is  required  with value[com.topcoder.db.connectionfactory.DBConnectionFactoryImpl] from namespace [com.topcoder.management.project.persistence.InformixProjectPersistence].
Read propery[ConnectionName] which is  optional  with value[informix_connection] from namespace [com.topcoder.management.project.persistence.InformixProjectPersistence].
Read propery[ProjectIdSequenceName] which is  optional  with value[project_id_seq] from namespace [com.topcoder.management.project.persistence.InformixProjectPersistence].
Read propery[ProjectAuditIdSequenceName] which is  optional  with value[project_audit_id_seq] from namespace [com.topcoder.management.project.persistence.InformixProjectPersistence].
Read propery[ConnectionFactoryNS] which is  required  with value[com.topcoder.db.connectionfactory.DBConnectionFactoryImpl] from namespace [com.topcoder.management.project.persistence.link.ProjectLinkManagerImpl].
Read propery[ConnectionName] which is  optional  with value[informix_connection] from namespace [com.topcoder.management.project.persistence.link.ProjectLinkManagerImpl].
read property ConnectionFactoryNS[com.topcoder.db.connectionfactory.DBConnectionFactoryImpl] from the namespace :com.topcoder.management.scorecard.persistence.InformixScorecardPersistence
read property ConnectionName[informix_connection] from the namespace :com.topcoder.management.scorecard.persistence.InformixScorecardPersistence
Instantiate SqlUploadPersistence with connectionFactory and connectioName:informix_connection
Instantiate PersistenceUploadManager with UploadPersistence, uploadSearchBundle, submissionSearchBundle, uploadIdGenerator, uploadTypeIdGenerator, uploadStatusIdGenerator, submissionIDGenerator, submissionStatusIdGenerator and submissionTypeIdGenerator.
Instantiate AbstractResourcePersistence with connectionFactory and connectionName[informix_connection].
load Resource role with ids:[J@17da759,[J@17da759,[J@17da759,[J@17da759,[J@17da759,[J@17da759,[J@17da759,[J@17da759,[J@17da759,[J@17da759,[J@17da759,[J@17da759,[J@17da759,[J@17da759,[J@17da759,[J@17da759,[J@17da759,[J@17da759,[J@17da759,[J@17da759,[J@17da759,[J@17da759
operator: UnknownresourceId: Unknown - creating db connection using connection name: informix_connection
committing transaction
load Resource with ids:[J@77e501
operator: UnknownresourceId: Unknown - creating db connection using connection name: informix_connection
load ResourceRole with id:9
operator: UnknownresourceId: Unknown - creating db connection using connection name: informix_connection
committing transaction
committing transaction
load Resource with ids:[J@9ea618
operator: UnknownresourceId: Unknown - creating db connection using connection name: informix_connection
load ResourceRole with id:8
operator: UnknownresourceId: Unknown - creating db connection using connection name: informix_connection
committing transaction
committing transaction
Read propery[ConnectionFactoryNS] which is  required  with value[com.topcoder.db.connectionfactory.DBConnectionFactoryImpl] from namespace [com.topcoder.management.project.persistence.InformixProjectPersistence].
Read propery[ConnectionName] which is  optional  with value[informix_connection] from namespace [com.topcoder.management.project.persistence.InformixProjectPersistence].
Read propery[ProjectIdSequenceName] which is  optional  with value[project_id_seq] from namespace [com.topcoder.management.project.persistence.InformixProjectPersistence].
Read propery[ProjectAuditIdSequenceName] which is  optional  with value[project_audit_id_seq] from namespace [com.topcoder.management.project.persistence.InformixProjectPersistence].
Read propery[ConnectionFactoryNS] which is  required  with value[com.topcoder.db.connectionfactory.DBConnectionFactoryImpl] from namespace [com.topcoder.management.project.persistence.link.ProjectLinkManagerImpl].
Read propery[ConnectionName] which is  optional  with value[informix_connection] from namespace [com.topcoder.management.project.persistence.link.ProjectLinkManagerImpl].
read property ConnectionFactoryNS[com.topcoder.db.connectionfactory.DBConnectionFactoryImpl] from the namespace :com.topcoder.management.scorecard.persistence.InformixScorecardPersistence
read property ConnectionName[informix_connection] from the namespace :com.topcoder.management.scorecard.persistence.InformixScorecardPersistence
Instantiate SqlUploadPersistence with connectionFactory and connectioName:informix_connection
Instantiate PersistenceUploadManager with UploadPersistence, uploadSearchBundle, submissionSearchBundle, uploadIdGenerator, uploadTypeIdGenerator, uploadStatusIdGenerator, submissionIDGenerator, submissionStatusIdGenerator and submissionTypeIdGenerator.
Instantiate AbstractResourcePersistence with connectionFactory and connectionName[informix_connection].
load Resource role with ids:[J@1b2f47,[J@1b2f47,[J@1b2f47,[J@1b2f47,[J@1b2f47,[J@1b2f47,[J@1b2f47,[J@1b2f47,[J@1b2f47,[J@1b2f47,[J@1b2f47,[J@1b2f47,[J@1b2f47,[J@1b2f47,[J@1b2f47,[J@1b2f47,[J@1b2f47,[J@1b2f47,[J@1b2f47,[J@1b2f47,[J@1b2f47,[J@1b2f47
operator: UnknownresourceId: Unknown - creating db connection using connection name: informix_connection
committing transaction
load Resource with ids:[J@cc995c
operator: UnknownresourceId: Unknown - creating db connection using connection name: informix_connection
load ResourceRole with id:9
operator: UnknownresourceId: Unknown - creating db connection using connection name: informix_connection
committing transaction
committing transaction
get projects with the ids: 1
operator: UnknownprojectId: Unknown - creating db connection using connection name: informix_connection
committing transaction
load Resource with ids:[J@1852c8b
operator: UnknownresourceId: Unknown - creating db connection using connection name: informix_connection
load ResourceRole with id:1
operator: UnknownresourceId: Unknown - creating db connection using connection name: informix_connection
committing transaction
committing transaction
type: Upload id: Unknown operator:Unknown - search submissions with filter. found: 0
Read propery[ConnectionFactoryNS] which is  required  with value[com.topcoder.db.connectionfactory.DBConnectionFactoryImpl] from namespace [com.topcoder.management.project.persistence.InformixProjectPersistence].
Read propery[ConnectionName] which is  optional  with value[informix_connection] from namespace [com.topcoder.management.project.persistence.InformixProjectPersistence].
Read propery[ProjectIdSequenceName] which is  optional  with value[project_id_seq] from namespace [com.topcoder.management.project.persistence.InformixProjectPersistence].
Read propery[ProjectAuditIdSequenceName] which is  optional  with value[project_audit_id_seq] from namespace [com.topcoder.management.project.persistence.InformixProjectPersistence].
Read propery[ConnectionFactoryNS] which is  required  with value[com.topcoder.db.connectionfactory.DBConnectionFactoryImpl] from namespace [com.topcoder.management.project.persistence.link.ProjectLinkManagerImpl].
Read propery[ConnectionName] which is  optional  with value[informix_connection] from namespace [com.topcoder.management.project.persistence.link.ProjectLinkManagerImpl].
read property ConnectionFactoryNS[com.topcoder.db.connectionfactory.DBConnectionFactoryImpl] from the namespace :com.topcoder.management.scorecard.persistence.InformixScorecardPersistence
read property ConnectionName[informix_connection] from the namespace :com.topcoder.management.scorecard.persistence.InformixScorecardPersistence
Instantiate SqlUploadPersistence with connectionFactory and connectioName:informix_connection
Instantiate PersistenceUploadManager with UploadPersistence, uploadSearchBundle, submissionSearchBundle, uploadIdGenerator, uploadTypeIdGenerator, uploadStatusIdGenerator, submissionIDGenerator, submissionStatusIdGenerator and submissionTypeIdGenerator.
Instantiate AbstractResourcePersistence with connectionFactory and connectionName[informix_connection].
load Resource role with ids:[J@d79805,[J@d79805,[J@d79805,[J@d79805,[J@d79805,[J@d79805,[J@d79805,[J@d79805,[J@d79805,[J@d79805,[J@d79805,[J@d79805,[J@d79805,[J@d79805,[J@d79805,[J@d79805,[J@d79805,[J@d79805,[J@d79805,[J@d79805,[J@d79805,[J@d79805
operator: UnknownresourceId: Unknown - creating db connection using connection name: informix_connection
committing transaction
Read propery[ConnectionFactoryNS] which is  required  with value[com.topcoder.db.connectionfactory.DBConnectionFactoryImpl] from namespace [com.topcoder.management.project.persistence.InformixProjectPersistence].
Read propery[ConnectionName] which is  optional  with value[informix_connection] from namespace [com.topcoder.management.project.persistence.InformixProjectPersistence].
Read propery[ProjectIdSequenceName] which is  optional  with value[project_id_seq] from namespace [com.topcoder.management.project.persistence.InformixProjectPersistence].
Read propery[ProjectAuditIdSequenceName] which is  optional  with value[project_audit_id_seq] from namespace [com.topcoder.management.project.persistence.InformixProjectPersistence].
Read propery[ConnectionFactoryNS] which is  required  with value[com.topcoder.db.connectionfactory.DBConnectionFactoryImpl] from namespace [com.topcoder.management.project.persistence.link.ProjectLinkManagerImpl].
Read propery[ConnectionName] which is  optional  with value[informix_connection] from namespace [com.topcoder.management.project.persistence.link.ProjectLinkManagerImpl].
read property ConnectionFactoryNS[com.topcoder.db.connectionfactory.DBConnectionFactoryImpl] from the namespace :com.topcoder.management.scorecard.persistence.InformixScorecardPersistence
read property ConnectionName[informix_connection] from the namespace :com.topcoder.management.scorecard.persistence.InformixScorecardPersistence
Instantiate SqlUploadPersistence with connectionFactory and connectioName:informix_connection
Instantiate PersistenceUploadManager with UploadPersistence, uploadSearchBundle, submissionSearchBundle, uploadIdGenerator, uploadTypeIdGenerator, uploadStatusIdGenerator, submissionIDGenerator, submissionStatusIdGenerator and submissionTypeIdGenerator.
Instantiate AbstractResourcePersistence with connectionFactory and connectionName[informix_connection].
load Resource role with ids:[J@1fab88b,[J@1fab88b,[J@1fab88b,[J@1fab88b,[J@1fab88b,[J@1fab88b,[J@1fab88b,[J@1fab88b,[J@1fab88b,[J@1fab88b,[J@1fab88b,[J@1fab88b,[J@1fab88b,[J@1fab88b,[J@1fab88b,[J@1fab88b,[J@1fab88b,[J@1fab88b,[J@1fab88b,[J@1fab88b,[J@1fab88b,[J@1fab88b
operator: UnknownresourceId: Unknown - creating db connection using connection name: informix_connection
committing transaction
Read propery[ConnectionFactoryNS] which is  required  with value[com.topcoder.db.connectionfactory.DBConnectionFactoryImpl] from namespace [com.topcoder.management.project.persistence.InformixProjectPersistence].
Read propery[ConnectionName] which is  optional  with value[informix_connection] from namespace [com.topcoder.management.project.persistence.InformixProjectPersistence].
Read propery[ProjectIdSequenceName] which is  optional  with value[project_id_seq] from namespace [com.topcoder.management.project.persistence.InformixProjectPersistence].
Read propery[ProjectAuditIdSequenceName] which is  optional  with value[project_audit_id_seq] from namespace [com.topcoder.management.project.persistence.InformixProjectPersistence].
Read propery[ConnectionFactoryNS] which is  required  with value[com.topcoder.db.connectionfactory.DBConnectionFactoryImpl] from namespace [com.topcoder.management.project.persistence.link.ProjectLinkManagerImpl].
Read propery[ConnectionName] which is  optional  with value[informix_connection] from namespace [com.topcoder.management.project.persistence.link.ProjectLinkManagerImpl].
read property ConnectionFactoryNS[com.topcoder.db.connectionfactory.DBConnectionFactoryImpl] from the namespace :com.topcoder.management.scorecard.persistence.InformixScorecardPersistence
read property ConnectionName[informix_connection] from the namespace :com.topcoder.management.scorecard.persistence.InformixScorecardPersistence
Instantiate SqlUploadPersistence with connectionFactory and connectioName:informix_connection
Instantiate PersistenceUploadManager with UploadPersistence, uploadSearchBundle, submissionSearchBundle, uploadIdGenerator, uploadTypeIdGenerator, uploadStatusIdGenerator, submissionIDGenerator, submissionStatusIdGenerator and submissionTypeIdGenerator.
Instantiate AbstractResourcePersistence with connectionFactory and connectionName[informix_connection].
load Resource role with ids:[J@6df93,[J@6df93,[J@6df93,[J@6df93,[J@6df93,[J@6df93,[J@6df93,[J@6df93,[J@6df93,[J@6df93,[J@6df93,[J@6df93,[J@6df93,[J@6df93,[J@6df93,[J@6df93,[J@6df93,[J@6df93,[J@6df93,[J@6df93,[J@6df93,[J@6df93
operator: UnknownresourceId: Unknown - creating db connection using connection name: informix_connection
committing transaction
Read propery[ConnectionFactoryNS] which is  required  with value[com.topcoder.db.connectionfactory.DBConnectionFactoryImpl] from namespace [com.topcoder.management.project.persistence.InformixProjectPersistence].
Read propery[ConnectionName] which is  optional  with value[informix_connection] from namespace [com.topcoder.management.project.persistence.InformixProjectPersistence].
Read propery[ProjectIdSequenceName] which is  optional  with value[project_id_seq] from namespace [com.topcoder.management.project.persistence.InformixProjectPersistence].
Read propery[ProjectAuditIdSequenceName] which is  optional  with value[project_audit_id_seq] from namespace [com.topcoder.management.project.persistence.InformixProjectPersistence].
Read propery[ConnectionFactoryNS] which is  required  with value[com.topcoder.db.connectionfactory.DBConnectionFactoryImpl] from namespace [com.topcoder.management.project.persistence.link.ProjectLinkManagerImpl].
Read propery[ConnectionName] which is  optional  with value[informix_connection] from namespace [com.topcoder.management.project.persistence.link.ProjectLinkManagerImpl].
read property ConnectionFactoryNS[com.topcoder.db.connectionfactory.DBConnectionFactoryImpl] from the namespace :com.topcoder.management.scorecard.persistence.InformixScorecardPersistence
read property ConnectionName[informix_connection] from the namespace :com.topcoder.management.scorecard.persistence.InformixScorecardPersistence
Instantiate SqlUploadPersistence with connectionFactory and connectioName:informix_connection
Instantiate PersistenceUploadManager with UploadPersistence, uploadSearchBundle, submissionSearchBundle, uploadIdGenerator, uploadTypeIdGenerator, uploadStatusIdGenerator, submissionIDGenerator, submissionStatusIdGenerator and submissionTypeIdGenerator.
Instantiate AbstractResourcePersistence with connectionFactory and connectionName[informix_connection].
load Resource role with ids:[J@82fff0,[J@82fff0,[J@82fff0,[J@82fff0,[J@82fff0,[J@82fff0,[J@82fff0,[J@82fff0,[J@82fff0,[J@82fff0,[J@82fff0,[J@82fff0,[J@82fff0,[J@82fff0,[J@82fff0,[J@82fff0,[J@82fff0,[J@82fff0,[J@82fff0,[J@82fff0,[J@82fff0,[J@82fff0
operator: UnknownresourceId: Unknown - creating db connection using connection name: informix_connection
committing transaction
Read propery[ConnectionFactoryNS] which is  required  with value[com.topcoder.db.connectionfactory.DBConnectionFactoryImpl] from namespace [com.topcoder.management.project.persistence.InformixProjectPersistence].
Read propery[ConnectionName] which is  optional  with value[informix_connection] from namespace [com.topcoder.management.project.persistence.InformixProjectPersistence].
Read propery[ProjectIdSequenceName] which is  optional  with value[project_id_seq] from namespace [com.topcoder.management.project.persistence.InformixProjectPersistence].
Read propery[ProjectAuditIdSequenceName] which is  optional  with value[project_audit_id_seq] from namespace [com.topcoder.management.project.persistence.InformixProjectPersistence].
Read propery[ConnectionFactoryNS] which is  required  with value[com.topcoder.db.connectionfactory.DBConnectionFactoryImpl] from namespace [com.topcoder.management.project.persistence.link.ProjectLinkManagerImpl].
Read propery[ConnectionName] which is  optional  with value[informix_connection] from namespace [com.topcoder.management.project.persistence.link.ProjectLinkManagerImpl].
read property ConnectionFactoryNS[com.topcoder.db.connectionfactory.DBConnectionFactoryImpl] from the namespace :com.topcoder.management.scorecard.persistence.InformixScorecardPersistence
read property ConnectionName[informix_connection] from the namespace :com.topcoder.management.scorecard.persistence.InformixScorecardPersistence
Instantiate SqlUploadPersistence with connectionFactory and connectioName:informix_connection
Instantiate PersistenceUploadManager with UploadPersistence, uploadSearchBundle, submissionSearchBundle, uploadIdGenerator, uploadTypeIdGenerator, uploadStatusIdGenerator, submissionIDGenerator, submissionStatusIdGenerator and submissionTypeIdGenerator.
Instantiate AbstractResourcePersistence with connectionFactory and connectionName[informix_connection].
load Resource role with ids:[J@1078501,[J@1078501,[J@1078501,[J@1078501,[J@1078501,[J@1078501,[J@1078501,[J@1078501,[J@1078501,[J@1078501,[J@1078501,[J@1078501,[J@1078501,[J@1078501,[J@1078501,[J@1078501,[J@1078501,[J@1078501,[J@1078501,[J@1078501,[J@1078501,[J@1078501
operator: UnknownresourceId: Unknown - creating db connection using connection name: informix_connection
committing transaction
Read propery[ConnectionFactoryNS] which is  required  with value[com.topcoder.db.connectionfactory.DBConnectionFactoryImpl] from namespace [com.topcoder.management.project.persistence.InformixProjectPersistence].
Read propery[ConnectionName] which is  optional  with value[informix_connection] from namespace [com.topcoder.management.project.persistence.InformixProjectPersistence].
Read propery[ProjectIdSequenceName] which is  optional  with value[project_id_seq] from namespace [com.topcoder.management.project.persistence.InformixProjectPersistence].
Read propery[ProjectAuditIdSequenceName] which is  optional  with value[project_audit_id_seq] from namespace [com.topcoder.management.project.persistence.InformixProjectPersistence].
Read propery[ConnectionFactoryNS] which is  required  with value[com.topcoder.db.connectionfactory.DBConnectionFactoryImpl] from namespace [com.topcoder.management.project.persistence.link.ProjectLinkManagerImpl].
Read propery[ConnectionName] which is  optional  with value[informix_connection] from namespace [com.topcoder.management.project.persistence.link.ProjectLinkManagerImpl].
read property ConnectionFactoryNS[com.topcoder.db.connectionfactory.DBConnectionFactoryImpl] from the namespace :com.topcoder.management.scorecard.persistence.InformixScorecardPersistence
read property ConnectionName[informix_connection] from the namespace :com.topcoder.management.scorecard.persistence.InformixScorecardPersistence
Instantiate SqlUploadPersistence with connectionFactory and connectioName:informix_connection
Instantiate PersistenceUploadManager with UploadPersistence, uploadSearchBundle, submissionSearchBundle, uploadIdGenerator, uploadTypeIdGenerator, uploadStatusIdGenerator, submissionIDGenerator, submissionStatusIdGenerator and submissionTypeIdGenerator.
Instantiate AbstractResourcePersistence with connectionFactory and connectionName[informix_connection].
load Resource role with ids:[J@1b179dc,[J@1b179dc,[J@1b179dc,[J@1b179dc,[J@1b179dc,[J@1b179dc,[J@1b179dc,[J@1b179dc,[J@1b179dc,[J@1b179dc,[J@1b179dc,[J@1b179dc,[J@1b179dc,[J@1b179dc,[J@1b179dc,[J@1b179dc,[J@1b179dc,[J@1b179dc,[J@1b179dc,[J@1b179dc,[J@1b179dc,[J@1b179dc
operator: UnknownresourceId: Unknown - creating db connection using connection name: informix_connection
committing transaction
Read propery[ConnectionFactoryNS] which is  required  with value[com.topcoder.db.connectionfactory.DBConnectionFactoryImpl] from namespace [com.topcoder.management.project.persistence.InformixProjectPersistence].
Read propery[ConnectionName] which is  optional  with value[informix_connection] from namespace [com.topcoder.management.project.persistence.InformixProjectPersistence].
Read propery[ProjectIdSequenceName] which is  optional  with value[project_id_seq] from namespace [com.topcoder.management.project.persistence.InformixProjectPersistence].
Read propery[ProjectAuditIdSequenceName] which is  optional  with value[project_audit_id_seq] from namespace [com.topcoder.management.project.persistence.InformixProjectPersistence].
Read propery[ConnectionFactoryNS] which is  required  with value[com.topcoder.db.connectionfactory.DBConnectionFactoryImpl] from namespace [com.topcoder.management.project.persistence.link.ProjectLinkManagerImpl].
Read propery[ConnectionName] which is  optional  with value[informix_connection] from namespace [com.topcoder.management.project.persistence.link.ProjectLinkManagerImpl].
read property ConnectionFactoryNS[com.topcoder.db.connectionfactory.DBConnectionFactoryImpl] from the namespace :com.topcoder.management.scorecard.persistence.InformixScorecardPersistence
read property ConnectionName[informix_connection] from the namespace :com.topcoder.management.scorecard.persistence.InformixScorecardPersistence
Instantiate SqlUploadPersistence with connectionFactory and connectioName:informix_connection
Instantiate PersistenceUploadManager with UploadPersistence, uploadSearchBundle, submissionSearchBundle, uploadIdGenerator, uploadTypeIdGenerator, uploadStatusIdGenerator, submissionIDGenerator, submissionStatusIdGenerator and submissionTypeIdGenerator.
Instantiate AbstractResourcePersistence with connectionFactory and connectionName[informix_connection].
load Resource role with ids:[J@1886920,[J@1886920,[J@1886920,[J@1886920,[J@1886920,[J@1886920,[J@1886920,[J@1886920,[J@1886920,[J@1886920,[J@1886920,[J@1886920,[J@1886920,[J@1886920,[J@1886920,[J@1886920,[J@1886920,[J@1886920,[J@1886920,[J@1886920,[J@1886920,[J@1886920
operator: UnknownresourceId: Unknown - creating db connection using connection name: informix_connection
committing transaction
Read propery[ConnectionFactoryNS] which is  required  with value[com.topcoder.db.connectionfactory.DBConnectionFactoryImpl] from namespace [com.topcoder.management.project.persistence.InformixProjectPersistence].
Read propery[ConnectionName] which is  optional  with value[informix_connection] from namespace [com.topcoder.management.project.persistence.InformixProjectPersistence].
Read propery[ProjectIdSequenceName] which is  optional  with value[project_id_seq] from namespace [com.topcoder.management.project.persistence.InformixProjectPersistence].
Read propery[ProjectAuditIdSequenceName] which is  optional  with value[project_audit_id_seq] from namespace [com.topcoder.management.project.persistence.InformixProjectPersistence].
Read propery[ConnectionFactoryNS] which is  required  with value[com.topcoder.db.connectionfactory.DBConnectionFactoryImpl] from namespace [com.topcoder.management.project.persistence.link.ProjectLinkManagerImpl].
Read propery[ConnectionName] which is  optional  with value[informix_connection] from namespace [com.topcoder.management.project.persistence.link.ProjectLinkManagerImpl].
read property ConnectionFactoryNS[com.topcoder.db.connectionfactory.DBConnectionFactoryImpl] from the namespace :com.topcoder.management.scorecard.persistence.InformixScorecardPersistence
read property ConnectionName[informix_connection] from the namespace :com.topcoder.management.scorecard.persistence.InformixScorecardPersistence
Instantiate SqlUploadPersistence with connectionFactory and connectioName:informix_connection
Instantiate PersistenceUploadManager with UploadPersistence, uploadSearchBundle, submissionSearchBundle, uploadIdGenerator, uploadTypeIdGenerator, uploadStatusIdGenerator, submissionIDGenerator, submissionStatusIdGenerator and submissionTypeIdGenerator.
Instantiate AbstractResourcePersistence with connectionFactory and connectionName[informix_connection].
load Resource role with ids:[J@7e3fb6,[J@7e3fb6,[J@7e3fb6,[J@7e3fb6,[J@7e3fb6,[J@7e3fb6,[J@7e3fb6,[J@7e3fb6,[J@7e3fb6,[J@7e3fb6,[J@7e3fb6,[J@7e3fb6,[J@7e3fb6,[J@7e3fb6,[J@7e3fb6,[J@7e3fb6,[J@7e3fb6,[J@7e3fb6,[J@7e3fb6,[J@7e3fb6,[J@7e3fb6,[J@7e3fb6
operator: UnknownresourceId: Unknown - creating db connection using connection name: informix_connection
committing transaction
Read propery[ConnectionFactoryNS] which is  required  with value[com.topcoder.db.connectionfactory.DBConnectionFactoryImpl] from namespace [com.topcoder.management.project.persistence.InformixProjectPersistence].
Read propery[ConnectionName] which is  optional  with value[informix_connection] from namespace [com.topcoder.management.project.persistence.InformixProjectPersistence].
Read propery[ProjectIdSequenceName] which is  optional  with value[project_id_seq] from namespace [com.topcoder.management.project.persistence.InformixProjectPersistence].
Read propery[ProjectAuditIdSequenceName] which is  optional  with value[project_audit_id_seq] from namespace [com.topcoder.management.project.persistence.InformixProjectPersistence].
Read propery[ConnectionFactoryNS] which is  required  with value[com.topcoder.db.connectionfactory.DBConnectionFactoryImpl] from namespace [com.topcoder.management.project.persistence.link.ProjectLinkManagerImpl].
Read propery[ConnectionName] which is  optional  with value[informix_connection] from namespace [com.topcoder.management.project.persistence.link.ProjectLinkManagerImpl].
read property ConnectionFactoryNS[com.topcoder.db.connectionfactory.DBConnectionFactoryImpl] from the namespace :com.topcoder.management.scorecard.persistence.InformixScorecardPersistence
read property ConnectionName[informix_connection] from the namespace :com.topcoder.management.scorecard.persistence.InformixScorecardPersistence
Instantiate SqlUploadPersistence with connectionFactory and connectioName:informix_connection
Instantiate PersistenceUploadManager with UploadPersistence, uploadSearchBundle, submissionSearchBundle, uploadIdGenerator, uploadTypeIdGenerator, uploadStatusIdGenerator, submissionIDGenerator, submissionStatusIdGenerator and submissionTypeIdGenerator.
Instantiate AbstractResourcePersistence with connectionFactory and connectionName[informix_connection].
load Resource role with ids:[J@22d556,[J@22d556,[J@22d556,[J@22d556,[J@22d556,[J@22d556,[J@22d556,[J@22d556,[J@22d556,[J@22d556,[J@22d556,[J@22d556,[J@22d556,[J@22d556,[J@22d556,[J@22d556,[J@22d556,[J@22d556,[J@22d556,[J@22d556,[J@22d556,[J@22d556
operator: UnknownresourceId: Unknown - creating db connection using connection name: informix_connection
committing transaction
Read propery[ConnectionFactoryNS] which is  required  with value[com.topcoder.db.connectionfactory.DBConnectionFactoryImpl] from namespace [com.topcoder.management.project.persistence.InformixProjectPersistence].
Read propery[ConnectionName] which is  optional  with value[informix_connection] from namespace [com.topcoder.management.project.persistence.InformixProjectPersistence].
Read propery[ProjectIdSequenceName] which is  optional  with value[project_id_seq] from namespace [com.topcoder.management.project.persistence.InformixProjectPersistence].
Read propery[ProjectAuditIdSequenceName] which is  optional  with value[project_audit_id_seq] from namespace [com.topcoder.management.project.persistence.InformixProjectPersistence].
Read propery[ConnectionFactoryNS] which is  required  with value[com.topcoder.db.connectionfactory.DBConnectionFactoryImpl] from namespace [com.topcoder.management.project.persistence.link.ProjectLinkManagerImpl].
Read propery[ConnectionName] which is  optional  with value[informix_connection] from namespace [com.topcoder.management.project.persistence.link.ProjectLinkManagerImpl].
read property ConnectionFactoryNS[com.topcoder.db.connectionfactory.DBConnectionFactoryImpl] from the namespace :com.topcoder.management.scorecard.persistence.InformixScorecardPersistence
read property ConnectionName[informix_connection] from the namespace :com.topcoder.management.scorecard.persistence.InformixScorecardPersistence
Instantiate SqlUploadPersistence with connectionFactory and connectioName:informix_connection
Instantiate PersistenceUploadManager with UploadPersistence, uploadSearchBundle, submissionSearchBundle, uploadIdGenerator, uploadTypeIdGenerator, uploadStatusIdGenerator, submissionIDGenerator, submissionStatusIdGenerator and submissionTypeIdGenerator.
Instantiate AbstractResourcePersistence with connectionFactory and connectionName[informix_connection].
load Resource role with ids:[J@ee5169,[J@ee5169,[J@ee5169,[J@ee5169,[J@ee5169,[J@ee5169,[J@ee5169,[J@ee5169,[J@ee5169,[J@ee5169,[J@ee5169,[J@ee5169,[J@ee5169,[J@ee5169,[J@ee5169,[J@ee5169,[J@ee5169,[J@ee5169,[J@ee5169,[J@ee5169,[J@ee5169,[J@ee5169
operator: UnknownresourceId: Unknown - creating db connection using connection name: informix_connection
committing transaction
Read propery[ConnectionFactoryNS] which is  required  with value[com.topcoder.db.connectionfactory.DBConnectionFactoryImpl] from namespace [com.topcoder.management.project.persistence.InformixProjectPersistence].
Read propery[ConnectionName] which is  optional  with value[informix_connection] from namespace [com.topcoder.management.project.persistence.InformixProjectPersistence].
Read propery[ProjectIdSequenceName] which is  optional  with value[project_id_seq] from namespace [com.topcoder.management.project.persistence.InformixProjectPersistence].
Read propery[ProjectAuditIdSequenceName] which is  optional  with value[project_audit_id_seq] from namespace [com.topcoder.management.project.persistence.InformixProjectPersistence].
Read propery[ConnectionFactoryNS] which is  required  with value[com.topcoder.db.connectionfactory.DBConnectionFactoryImpl] from namespace [com.topcoder.management.project.persistence.link.ProjectLinkManagerImpl].
Read propery[ConnectionName] which is  optional  with value[informix_connection] from namespace [com.topcoder.management.project.persistence.link.ProjectLinkManagerImpl].
read property ConnectionFactoryNS[com.topcoder.db.connectionfactory.DBConnectionFactoryImpl] from the namespace :com.topcoder.management.scorecard.persistence.InformixScorecardPersistence
read property ConnectionName[informix_connection] from the namespace :com.topcoder.management.scorecard.persistence.InformixScorecardPersistence
Instantiate SqlUploadPersistence with connectionFactory and connectioName:informix_connection
Instantiate PersistenceUploadManager with UploadPersistence, uploadSearchBundle, submissionSearchBundle, uploadIdGenerator, uploadTypeIdGenerator, uploadStatusIdGenerator, submissionIDGenerator, submissionStatusIdGenerator and submissionTypeIdGenerator.
Instantiate AbstractResourcePersistence with connectionFactory and connectionName[informix_connection].
load Resource role with ids:[J@f8ce47,[J@f8ce47,[J@f8ce47,[J@f8ce47,[J@f8ce47,[J@f8ce47,[J@f8ce47,[J@f8ce47,[J@f8ce47,[J@f8ce47,[J@f8ce47,[J@f8ce47,[J@f8ce47,[J@f8ce47,[J@f8ce47,[J@f8ce47,[J@f8ce47,[J@f8ce47,[J@f8ce47,[J@f8ce47,[J@f8ce47,[J@f8ce47
operator: UnknownresourceId: Unknown - creating db connection using connection name: informix_connection
committing transaction
get projects with the ids: 1
operator: UnknownprojectId: Unknown - creating db connection using connection name: informix_connection
committing transaction
load Resource role with ids:[J@150cc3c,[J@150cc3c,[J@150cc3c,[J@150cc3c,[J@150cc3c,[J@150cc3c,[J@150cc3c,[J@150cc3c,[J@150cc3c,[J@150cc3c,[J@150cc3c,[J@150cc3c,[J@150cc3c,[J@150cc3c,[J@150cc3c,[J@150cc3c,[J@150cc3c,[J@150cc3c,[J@150cc3c,[J@150cc3c,[J@150cc3c,[J@150cc3c
operator: UnknownresourceId: Unknown - creating db connection using connection name: informix_connection
committing transaction
Read propery[ConnectionFactoryNS] which is  required  with value[com.topcoder.db.connectionfactory.DBConnectionFactoryImpl] from namespace [com.topcoder.management.project.persistence.InformixProjectPersistence].
Read propery[ConnectionName] which is  optional  with value[informix_connection] from namespace [com.topcoder.management.project.persistence.InformixProjectPersistence].
Read propery[ProjectIdSequenceName] which is  optional  with value[project_id_seq] from namespace [com.topcoder.management.project.persistence.InformixProjectPersistence].
Read propery[ProjectAuditIdSequenceName] which is  optional  with value[project_audit_id_seq] from namespace [com.topcoder.management.project.persistence.InformixProjectPersistence].
Read propery[ConnectionFactoryNS] which is  required  with value[com.topcoder.db.connectionfactory.DBConnectionFactoryImpl] from namespace [com.topcoder.management.project.persistence.link.ProjectLinkManagerImpl].
Read propery[ConnectionName] which is  optional  with value[informix_connection] from namespace [com.topcoder.management.project.persistence.link.ProjectLinkManagerImpl].
read property ConnectionFactoryNS[com.topcoder.db.connectionfactory.DBConnectionFactoryImpl] from the namespace :com.topcoder.management.scorecard.persistence.InformixScorecardPersistence
read property ConnectionName[informix_connection] from the namespace :com.topcoder.management.scorecard.persistence.InformixScorecardPersistence
Instantiate SqlUploadPersistence with connectionFactory and connectioName:informix_connection
Instantiate PersistenceUploadManager with UploadPersistence, uploadSearchBundle, submissionSearchBundle, uploadIdGenerator, uploadTypeIdGenerator, uploadStatusIdGenerator, submissionIDGenerator, submissionStatusIdGenerator and submissionTypeIdGenerator.
Instantiate AbstractResourcePersistence with connectionFactory and connectionName[informix_connection].
load Resource role with ids:[J@8b89d,[J@8b89d,[J@8b89d,[J@8b89d,[J@8b89d,[J@8b89d,[J@8b89d,[J@8b89d,[J@8b89d,[J@8b89d,[J@8b89d,[J@8b89d,[J@8b89d,[J@8b89d,[J@8b89d,[J@8b89d,[J@8b89d,[J@8b89d,[J@8b89d,[J@8b89d,[J@8b89d,[J@8b89d
operator: UnknownresourceId: Unknown - creating db connection using connection name: informix_connection
committing transaction
Read propery[ConnectionFactoryNS] which is  required  with value[com.topcoder.db.connectionfactory.DBConnectionFactoryImpl] from namespace [com.topcoder.management.project.persistence.InformixProjectPersistence].
Read propery[ConnectionName] which is  optional  with value[informix_connection] from namespace [com.topcoder.management.project.persistence.InformixProjectPersistence].
Read propery[ProjectIdSequenceName] which is  optional  with value[project_id_seq] from namespace [com.topcoder.management.project.persistence.InformixProjectPersistence].
Read propery[ProjectAuditIdSequenceName] which is  optional  with value[project_audit_id_seq] from namespace [com.topcoder.management.project.persistence.InformixProjectPersistence].
Read propery[ConnectionFactoryNS] which is  required  with value[com.topcoder.db.connectionfactory.DBConnectionFactoryImpl] from namespace [com.topcoder.management.project.persistence.link.ProjectLinkManagerImpl].
Read propery[ConnectionName] which is  optional  with value[informix_connection] from namespace [com.topcoder.management.project.persistence.link.ProjectLinkManagerImpl].
read property ConnectionFactoryNS[com.topcoder.db.connectionfactory.DBConnectionFactoryImpl] from the namespace :com.topcoder.management.scorecard.persistence.InformixScorecardPersistence
read property ConnectionName[informix_connection] from the namespace :com.topcoder.management.scorecard.persistence.InformixScorecardPersistence
Instantiate SqlUploadPersistence with connectionFactory and connectioName:informix_connection
Instantiate PersistenceUploadManager with UploadPersistence, uploadSearchBundle, submissionSearchBundle, uploadIdGenerator, uploadTypeIdGenerator, uploadStatusIdGenerator, submissionIDGenerator, submissionStatusIdGenerator and submissionTypeIdGenerator.
Instantiate AbstractResourcePersistence with connectionFactory and connectionName[informix_connection].
load Resource role with ids:[J@239ad8,[J@239ad8,[J@239ad8,[J@239ad8,[J@239ad8,[J@239ad8,[J@239ad8,[J@239ad8,[J@239ad8,[J@239ad8,[J@239ad8,[J@239ad8,[J@239ad8,[J@239ad8,[J@239ad8,[J@239ad8,[J@239ad8,[J@239ad8,[J@239ad8,[J@239ad8,[J@239ad8,[J@239ad8
operator: UnknownresourceId: Unknown - creating db connection using connection name: informix_connection
committing transaction
Read propery[ConnectionFactoryNS] which is  required  with value[com.topcoder.db.connectionfactory.DBConnectionFactoryImpl] from namespace [com.topcoder.management.project.persistence.InformixProjectPersistence].
Read propery[ConnectionName] which is  optional  with value[informix_connection] from namespace [com.topcoder.management.project.persistence.InformixProjectPersistence].
Read propery[ProjectIdSequenceName] which is  optional  with value[project_id_seq] from namespace [com.topcoder.management.project.persistence.InformixProjectPersistence].
Read propery[ProjectAuditIdSequenceName] which is  optional  with value[project_audit_id_seq] from namespace [com.topcoder.management.project.persistence.InformixProjectPersistence].
Read propery[ConnectionFactoryNS] which is  required  with value[com.topcoder.db.connectionfactory.DBConnectionFactoryImpl] from namespace [com.topcoder.management.project.persistence.link.ProjectLinkManagerImpl].
Read propery[ConnectionName] which is  optional  with value[informix_connection] from namespace [com.topcoder.management.project.persistence.link.ProjectLinkManagerImpl].
read property ConnectionFactoryNS[com.topcoder.db.connectionfactory.DBConnectionFactoryImpl] from the namespace :com.topcoder.management.scorecard.persistence.InformixScorecardPersistence
read property ConnectionName[informix_connection] from the namespace :com.topcoder.management.scorecard.persistence.InformixScorecardPersistence
Instantiate SqlUploadPersistence with connectionFactory and connectioName:informix_connection
Instantiate PersistenceUploadManager with UploadPersistence, uploadSearchBundle, submissionSearchBundle, uploadIdGenerator, uploadTypeIdGenerator, uploadStatusIdGenerator, submissionIDGenerator, submissionStatusIdGenerator and submissionTypeIdGenerator.
Instantiate AbstractResourcePersistence with connectionFactory and connectionName[informix_connection].
load Resource role with ids:[J@f4e544,[J@f4e544,[J@f4e544,[J@f4e544,[J@f4e544,[J@f4e544,[J@f4e544,[J@f4e544,[J@f4e544,[J@f4e544,[J@f4e544,[J@f4e544,[J@f4e544,[J@f4e544,[J@f4e544,[J@f4e544,[J@f4e544,[J@f4e544,[J@f4e544,[J@f4e544,[J@f4e544,[J@f4e544
operator: UnknownresourceId: Unknown - creating db connection using connection name: informix_connection
committing transaction
Read propery[ConnectionFactoryNS] which is  required  with value[com.topcoder.db.connectionfactory.DBConnectionFactoryImpl] from namespace [com.topcoder.management.project.persistence.InformixProjectPersistence].
Read propery[ConnectionName] which is  optional  with value[informix_connection] from namespace [com.topcoder.management.project.persistence.InformixProjectPersistence].
Read propery[ProjectIdSequenceName] which is  optional  with value[project_id_seq] from namespace [com.topcoder.management.project.persistence.InformixProjectPersistence].
Read propery[ProjectAuditIdSequenceName] which is  optional  with value[project_audit_id_seq] from namespace [com.topcoder.management.project.persistence.InformixProjectPersistence].
Read propery[ConnectionFactoryNS] which is  required  with value[com.topcoder.db.connectionfactory.DBConnectionFactoryImpl] from namespace [com.topcoder.management.project.persistence.link.ProjectLinkManagerImpl].
Read propery[ConnectionName] which is  optional  with value[informix_connection] from namespace [com.topcoder.management.project.persistence.link.ProjectLinkManagerImpl].
read property ConnectionFactoryNS[com.topcoder.db.connectionfactory.DBConnectionFactoryImpl] from the namespace :com.topcoder.management.scorecard.persistence.InformixScorecardPersistence
read property ConnectionName[informix_connection] from the namespace :com.topcoder.management.scorecard.persistence.InformixScorecardPersistence
Instantiate SqlUploadPersistence with connectionFactory and connectioName:informix_connection
Instantiate PersistenceUploadManager with UploadPersistence, uploadSearchBundle, submissionSearchBundle, uploadIdGenerator, uploadTypeIdGenerator, uploadStatusIdGenerator, submissionIDGenerator, submissionStatusIdGenerator and submissionTypeIdGenerator.
Instantiate AbstractResourcePersistence with connectionFactory and connectionName[informix_connection].
load Resource role with ids:[J@1c2832e,[J@1c2832e,[J@1c2832e,[J@1c2832e,[J@1c2832e,[J@1c2832e,[J@1c2832e,[J@1c2832e,[J@1c2832e,[J@1c2832e,[J@1c2832e,[J@1c2832e,[J@1c2832e,[J@1c2832e,[J@1c2832e,[J@1c2832e,[J@1c2832e,[J@1c2832e,[J@1c2832e,[J@1c2832e,[J@1c2832e,[J@1c2832e
operator: UnknownresourceId: Unknown - creating db connection using connection name: informix_connection
committing transaction
type: Upload id: Unknown operator:Unknown - search submissions with filter. found: 2
load Resource with ids:[J@1e3c793,[J@1e3c793
operator: UnknownresourceId: Unknown - creating db connection using connection name: informix_connection
load ResourceRole with id:4
operator: UnknownresourceId: Unknown - creating db connection using connection name: informix_connection
committing transaction
load ResourceRole with id:4
operator: UnknownresourceId: Unknown - creating db connection using connection name: informix_connection
committing transaction
committing transaction
type: Submission id: 1 operator:1001 - update Submission.
type: Submission id: 1 operator:Unknown - Update Submission, it will update record in submission table.
create db connection using connection name:informix_connection
close the connection.
type: Submission id: 2 operator:1001 - update Submission.
type: Submission id: 2 operator:Unknown - Update Submission, it will update record in submission table.
create db connection using connection name:informix_connection
close the connection.
operator: UnknownresourceId: 4 - load resource.
operator: UnknownresourceId: Unknown - creating db connection using connection name: informix_connection
load ResourceRole with id:1
operator: UnknownresourceId: Unknown - creating db connection using connection name: informix_connection
committing transaction
committing transaction
operator: UnknownresourceId: 5 - load resource.
operator: UnknownresourceId: Unknown - creating db connection using connection name: informix_connection
load ResourceRole with id:1
operator: UnknownresourceId: Unknown - creating db connection using connection name: informix_connection
committing transaction
committing transaction
load Notifications with array of userIds/projectIds/notificationTypes.
operator: UnknownresourceId: Unknown - creating db connection using connection name: informix_connection
committing transaction
get projects with the ids: 1
operator: UnknownprojectId: Unknown - creating db connection using connection name: informix_connection
committing transaction
load Resource role with ids:[J@1d64598,[J@1d64598,[J@1d64598,[J@1d64598,[J@1d64598,[J@1d64598,[J@1d64598,[J@1d64598,[J@1d64598,[J@1d64598,[J@1d64598,[J@1d64598,[J@1d64598,[J@1d64598,[J@1d64598,[J@1d64598,[J@1d64598,[J@1d64598,[J@1d64598,[J@1d64598,[J@1d64598,[J@1d64598
operator: UnknownresourceId: Unknown - creating db connection using connection name: informix_connection
committing transaction
load Resource with ids:[J@12b6749,[J@12b6749,[J@12b6749
operator: UnknownresourceId: Unknown - creating db connection using connection name: informix_connection
load ResourceRole with id:4
operator: UnknownresourceId: Unknown - creating db connection using connection name: informix_connection
committing transaction
load ResourceRole with id:4
operator: UnknownresourceId: Unknown - creating db connection using connection name: informix_connection
committing transaction
load ResourceRole with id:4
operator: UnknownresourceId: Unknown - creating db connection using connection name: informix_connection
committing transaction
committing transaction
load Resource with ids:[J@1c619f3
operator: UnknownresourceId: Unknown - creating db connection using connection name: informix_connection
load ResourceRole with id:12
operator: UnknownresourceId: Unknown - creating db connection using connection name: informix_connection
committing transaction
committing transaction
load Resource with ids:[J@e46f11
operator: UnknownresourceId: Unknown - creating db connection using connection name: informix_connection
load ResourceRole with id:13
operator: UnknownresourceId: Unknown - creating db connection using connection name: informix_connection
committing transaction
committing transaction
load Resource with ids:[J@16bded0
operator: UnknownresourceId: Unknown - creating db connection using connection name: informix_connection
load ResourceRole with id:9
operator: UnknownresourceId: Unknown - creating db connection using connection name: informix_connection
committing transaction
committing transaction
load Resource with ids:[J@543175,[J@543175
operator: UnknownresourceId: Unknown - creating db connection using connection name: informix_connection
load ResourceRole with id:1
operator: UnknownresourceId: Unknown - creating db connection using connection name: informix_connection
committing transaction
load ResourceRole with id:1
operator: UnknownresourceId: Unknown - creating db connection using connection name: informix_connection
committing transaction
committing transaction
operator: UnknownresourceId: 6 - load resource.
operator: UnknownresourceId: Unknown - creating db connection using connection name: informix_connection
load ResourceRole with id:4
operator: UnknownresourceId: Unknown - creating db connection using connection name: informix_connection
committing transaction
committing transaction
operator: UnknownresourceId: 4 - load resource.
operator: UnknownresourceId: Unknown - creating db connection using connection name: informix_connection
load ResourceRole with id:1
operator: UnknownresourceId: Unknown - creating db connection using connection name: informix_connection
committing transaction
committing transaction
operator: UnknownresourceId: 100000 - load resource.
operator: UnknownresourceId: Unknown - creating db connection using connection name: informix_connection
load ResourceRole with id:13
operator: UnknownresourceId: Unknown - creating db connection using connection name: informix_connection
committing transaction
committing transaction
operator: UnknownresourceId: 7 - load resource.
operator: UnknownresourceId: Unknown - creating db connection using connection name: informix_connection
load ResourceRole with id:4
operator: UnknownresourceId: Unknown - creating db connection using connection name: informix_connection
committing transaction
committing transaction
operator: UnknownresourceId: 5 - load resource.
operator: UnknownresourceId: Unknown - creating db connection using connection name: informix_connection
load ResourceRole with id:1
operator: UnknownresourceId: Unknown - creating db connection using connection name: informix_connection
committing transaction
committing transaction
type: Upload id: Unknown operator:Unknown - search submissions with filter. found: 2
load Resource with ids:[J@13640f1,[J@13640f1
operator: UnknownresourceId: Unknown - creating db connection using connection name: informix_connection
load ResourceRole with id:4
operator: UnknownresourceId: Unknown - creating db connection using connection name: informix_connection
committing transaction
load ResourceRole with id:4
operator: UnknownresourceId: Unknown - creating db connection using connection name: informix_connection
committing transaction
committing transaction
type: Scorecard id: Unknown operator:Unknown - retrieve scorecard with ids:1, and is incomplete
create db connection with connect name:informix_connection
close the connection.
get All submission statuses, delegate to persistence.
get All submission statuses, delegate to persistence.
create db connection using connection name:informix_connection
close the connection.
type: SubmissionStatus id: Unknown operator:Unknown - Load SubmissionStatuses with ids:1,2,3,4,5
create db connection using connection name:informix_connection
close the connection.
get All submission statuses, delegate to persistence.
get All submission statuses, delegate to persistence.
create db connection using connection name:informix_connection
close the connection.
type: SubmissionStatus id: Unknown operator:Unknown - Load SubmissionStatuses with ids:1,2,3,4,5
create db connection using connection name:informix_connection
close the connection.
operator: UnknownresourceId: 4 - load resource.
operator: UnknownresourceId: Unknown - creating db connection using connection name: informix_connection
load ResourceRole with id:1
operator: UnknownresourceId: Unknown - creating db connection using connection name: informix_connection
committing transaction
committing transaction
type: Submission id: 1 operator:1001 - update Submission.
type: Submission id: 1 operator:Unknown - Update Submission, it will update record in submission table.
create db connection using connection name:informix_connection
close the connection.
operator: UnknownresourceId: 5 - load resource.
operator: UnknownresourceId: Unknown - creating db connection using connection name: informix_connection
load ResourceRole with id:1
operator: UnknownresourceId: Unknown - creating db connection using connection name: informix_connection
committing transaction
committing transaction
type: Submission id: 2 operator:1001 - update Submission.
type: Submission id: 2 operator:Unknown - Update Submission, it will update record in submission table.
create db connection using connection name:informix_connection
close the connection.
get projects with the ids: 1
operator: UnknownprojectId: Unknown - creating db connection using connection name: informix_connection
committing transaction
operator: 1001projectId: 1 - updating project: {Winner External Reference ID=4, Project Name=Online Review Phases, Project Version=1.5}
operator: UnknownprojectId: Unknown - creating db connection using connection name: informix_connection
operator: 1001projectId: 1 - update project with projectId:1
operator: 1001projectId: 1 - update project, update project_info with projectId:1
operator: 1001projectId: 1 - insert record into project_info with project id1
operator: 1001projectId: 1 - generate new id for the project audit.
insert record into project_audit with projectId:1
operator: 1001projectId: 1 - execute sql:SELECT modify_date FROM project WHERE project_id=?
committing transaction
operator: UnknownresourceId: 4 - load resource.
operator: UnknownresourceId: Unknown - creating db connection using connection name: informix_connection
load ResourceRole with id:1
operator: UnknownresourceId: Unknown - creating db connection using connection name: informix_connection
committing transaction
committing transaction
operator: UnknownresourceId: 5 - load resource.
operator: UnknownresourceId: Unknown - creating db connection using connection name: informix_connection
load ResourceRole with id:1
operator: UnknownresourceId: Unknown - creating db connection using connection name: informix_connection
committing transaction
committing transaction
load Notifications with array of userIds/projectIds/notificationTypes.
operator: UnknownresourceId: Unknown - creating db connection using connection name: informix_connection
committing transaction
get projects with the ids: 1
operator: UnknownprojectId: Unknown - creating db connection using connection name: informix_connection
committing transaction
load Resource role with ids:[J@1f9bd83,[J@1f9bd83,[J@1f9bd83,[J@1f9bd83,[J@1f9bd83,[J@1f9bd83,[J@1f9bd83,[J@1f9bd83,[J@1f9bd83,[J@1f9bd83,[J@1f9bd83,[J@1f9bd83,[J@1f9bd83,[J@1f9bd83,[J@1f9bd83,[J@1f9bd83,[J@1f9bd83,[J@1f9bd83,[J@1f9bd83,[J@1f9bd83,[J@1f9bd83,[J@1f9bd83
operator: UnknownresourceId: Unknown - creating db connection using connection name: informix_connection
committing transaction
load Resource with ids:[J@61e066,[J@61e066,[J@61e066
operator: UnknownresourceId: Unknown - creating db connection using connection name: informix_connection
load ResourceRole with id:4
operator: UnknownresourceId: Unknown - creating db connection using connection name: informix_connection
committing transaction
load ResourceRole with id:4
operator: UnknownresourceId: Unknown - creating db connection using connection name: informix_connection
committing transaction
load ResourceRole with id:4
operator: UnknownresourceId: Unknown - creating db connection using connection name: informix_connection
committing transaction
committing transaction
load Resource with ids:[J@1921360
operator: UnknownresourceId: Unknown - creating db connection using connection name: informix_connection
load ResourceRole with id:12
operator: UnknownresourceId: Unknown - creating db connection using connection name: informix_connection
committing transaction
committing transaction
load Resource with ids:[J@c425b2
operator: UnknownresourceId: Unknown - creating db connection using connection name: informix_connection
load ResourceRole with id:13
operator: UnknownresourceId: Unknown - creating db connection using connection name: informix_connection
committing transaction
committing transaction
load Resource with ids:[J@39ca7b
operator: UnknownresourceId: Unknown - creating db connection using connection name: informix_connection
load ResourceRole with id:9
operator: UnknownresourceId: Unknown - creating db connection using connection name: informix_connection
committing transaction
committing transaction
load Resource with ids:[J@c5e1d4,[J@c5e1d4
operator: UnknownresourceId: Unknown - creating db connection using connection name: informix_connection
load ResourceRole with id:1
operator: UnknownresourceId: Unknown - creating db connection using connection name: informix_connection
committing transaction
load ResourceRole with id:1
operator: UnknownresourceId: Unknown - creating db connection using connection name: informix_connection
committing transaction
committing transaction
operator: UnknownresourceId: 6 - load resource.
operator: UnknownresourceId: Unknown - creating db connection using connection name: informix_connection
load ResourceRole with id:4
operator: UnknownresourceId: Unknown - creating db connection using connection name: informix_connection
committing transaction
committing transaction
operator: UnknownresourceId: 4 - load resource.
operator: UnknownresourceId: Unknown - creating db connection using connection name: informix_connection
load ResourceRole with id:1
operator: UnknownresourceId: Unknown - creating db connection using connection name: informix_connection
committing transaction
committing transaction
operator: UnknownresourceId: 100000 - load resource.
operator: UnknownresourceId: Unknown - creating db connection using connection name: informix_connection
load ResourceRole with id:13
operator: UnknownresourceId: Unknown - creating db connection using connection name: informix_connection
committing transaction
committing transaction
operator: UnknownresourceId: 7 - load resource.
operator: UnknownresourceId: Unknown - creating db connection using connection name: informix_connection
load ResourceRole with id:4
operator: UnknownresourceId: Unknown - creating db connection using connection name: informix_connection
committing transaction
committing transaction
operator: UnknownresourceId: 5 - load resource.
operator: UnknownresourceId: Unknown - creating db connection using connection name: informix_connection
load ResourceRole with id:1
operator: UnknownresourceId: Unknown - creating db connection using connection name: informix_connection
committing transaction
committing transaction
load Resource with ids:[J@d54df2
operator: UnknownresourceId: Unknown - creating db connection using connection name: informix_connection
load ResourceRole with id:8
operator: UnknownresourceId: Unknown - creating db connection using connection name: informix_connection
committing transaction
committing transaction
load Resource with ids:[J@1cc6114,[J@1cc6114
operator: UnknownresourceId: Unknown - creating db connection using connection name: informix_connection
load ResourceRole with id:4
operator: UnknownresourceId: Unknown - creating db connection using connection name: informix_connection
committing transaction
load ResourceRole with id:4
operator: UnknownresourceId: Unknown - creating db connection using connection name: informix_connection
committing transaction
committing transaction
get projects with the ids: 1
operator: UnknownprojectId: Unknown - creating db connection using connection name: informix_connection
committing transaction
load Resource with ids:[J@1f40f8f
operator: UnknownresourceId: Unknown - creating db connection using connection name: informix_connection
load ResourceRole with id:1
operator: UnknownresourceId: Unknown - creating db connection using connection name: informix_connection
committing transaction
committing transaction
type: Upload id: Unknown operator:Unknown - search submissions with filter. found: 1
load Resource with ids:[J@1607dda,[J@1607dda
operator: UnknownresourceId: Unknown - creating db connection using connection name: informix_connection
load ResourceRole with id:4
operator: UnknownresourceId: Unknown - creating db connection using connection name: informix_connection
committing transaction
load ResourceRole with id:4
operator: UnknownresourceId: Unknown - creating db connection using connection name: informix_connection
committing transaction
committing transaction
operator: 1001phaseId: 107 - create aggregate worksheet.
load Notifications with array of userIds/projectIds/notificationTypes.
operator: UnknownresourceId: Unknown - creating db connection using connection name: informix_connection
committing transaction
get projects with the ids: 1
operator: UnknownprojectId: Unknown - creating db connection using connection name: informix_connection
committing transaction
load Resource role with ids:[J@1072538,[J@1072538,[J@1072538,[J@1072538,[J@1072538,[J@1072538,[J@1072538,[J@1072538,[J@1072538,[J@1072538,[J@1072538,[J@1072538,[J@1072538,[J@1072538,[J@1072538,[J@1072538,[J@1072538,[J@1072538,[J@1072538,[J@1072538,[J@1072538,[J@1072538
operator: UnknownresourceId: Unknown - creating db connection using connection name: informix_connection
committing transaction
load Resource with ids:[J@17c1ee0,[J@17c1ee0,[J@17c1ee0
operator: UnknownresourceId: Unknown - creating db connection using connection name: informix_connection
load ResourceRole with id:4
operator: UnknownresourceId: Unknown - creating db connection using connection name: informix_connection
committing transaction
load ResourceRole with id:4
operator: UnknownresourceId: Unknown - creating db connection using connection name: informix_connection
committing transaction
load ResourceRole with id:4
operator: UnknownresourceId: Unknown - creating db connection using connection name: informix_connection
committing transaction
committing transaction
load Resource with ids:[J@5dfb7e
operator: UnknownresourceId: Unknown - creating db connection using connection name: informix_connection
load ResourceRole with id:8
operator: UnknownresourceId: Unknown - creating db connection using connection name: informix_connection
committing transaction
committing transaction
load Resource with ids:[J@1babc5c
operator: UnknownresourceId: Unknown - creating db connection using connection name: informix_connection
load ResourceRole with id:12
operator: UnknownresourceId: Unknown - creating db connection using connection name: informix_connection
committing transaction
committing transaction
load Resource with ids:[J@2c5b4e
operator: UnknownresourceId: Unknown - creating db connection using connection name: informix_connection
load ResourceRole with id:13
operator: UnknownresourceId: Unknown - creating db connection using connection name: informix_connection
committing transaction
committing transaction
load Resource with ids:[J@103f1ff
operator: UnknownresourceId: Unknown - creating db connection using connection name: informix_connection
load ResourceRole with id:9
operator: UnknownresourceId: Unknown - creating db connection using connection name: informix_connection
committing transaction
committing transaction
load Resource with ids:[J@13e4e54,[J@13e4e54
operator: UnknownresourceId: Unknown - creating db connection using connection name: informix_connection
load ResourceRole with id:1
operator: UnknownresourceId: Unknown - creating db connection using connection name: informix_connection
committing transaction
load ResourceRole with id:1
operator: UnknownresourceId: Unknown - creating db connection using connection name: informix_connection
committing transaction
committing transaction
operator: UnknownresourceId: 6 - load resource.
operator: UnknownresourceId: Unknown - creating db connection using connection name: informix_connection
load ResourceRole with id:4
operator: UnknownresourceId: Unknown - creating db connection using connection name: informix_connection
committing transaction
committing transaction
operator: UnknownresourceId: 4 - load resource.
operator: UnknownresourceId: Unknown - creating db connection using connection name: informix_connection
load ResourceRole with id:1
operator: UnknownresourceId: Unknown - creating db connection using connection name: informix_connection
committing transaction
committing transaction
operator: UnknownresourceId: 100000 - load resource.
operator: UnknownresourceId: Unknown - creating db connection using connection name: informix_connection
load ResourceRole with id:13
operator: UnknownresourceId: Unknown - creating db connection using connection name: informix_connection
committing transaction
committing transaction
operator: UnknownresourceId: 7 - load resource.
operator: UnknownresourceId: Unknown - creating db connection using connection name: informix_connection
load ResourceRole with id:4
operator: UnknownresourceId: Unknown - creating db connection using connection name: informix_connection
committing transaction
committing transaction
operator: UnknownresourceId: 5 - load resource.
operator: UnknownresourceId: Unknown - creating db connection using connection name: informix_connection
load ResourceRole with id:1
operator: UnknownresourceId: Unknown - creating db connection using connection name: informix_connection
committing transaction
committing transaction
load Notifications with array of userIds/projectIds/notificationTypes.
operator: UnknownresourceId: Unknown - creating db connection using connection name: informix_connection
committing transaction
get projects with the ids: 1
operator: UnknownprojectId: Unknown - creating db connection using connection name: informix_connection
committing transaction
load Resource role with ids:[J@1076fe5,[J@1076fe5,[J@1076fe5,[J@1076fe5,[J@1076fe5,[J@1076fe5,[J@1076fe5,[J@1076fe5,[J@1076fe5,[J@1076fe5,[J@1076fe5,[J@1076fe5,[J@1076fe5,[J@1076fe5,[J@1076fe5,[J@1076fe5,[J@1076fe5,[J@1076fe5,[J@1076fe5,[J@1076fe5,[J@1076fe5,[J@1076fe5
operator: UnknownresourceId: Unknown - creating db connection using connection name: informix_connection
committing transaction
load Resource with ids:[J@a7bdab,[J@a7bdab,[J@a7bdab
operator: UnknownresourceId: Unknown - creating db connection using connection name: informix_connection
load ResourceRole with id:4
operator: UnknownresourceId: Unknown - creating db connection using connection name: informix_connection
committing transaction
load ResourceRole with id:4
operator: UnknownresourceId: Unknown - creating db connection using connection name: informix_connection
committing transaction
load ResourceRole with id:4
operator: UnknownresourceId: Unknown - creating db connection using connection name: informix_connection
committing transaction
committing transaction
load Resource with ids:[J@1923700
operator: UnknownresourceId: Unknown - creating db connection using connection name: informix_connection
load ResourceRole with id:8
operator: UnknownresourceId: Unknown - creating db connection using connection name: informix_connection
committing transaction
committing transaction
load Resource with ids:[J@1899fd8
operator: UnknownresourceId: Unknown - creating db connection using connection name: informix_connection
load ResourceRole with id:12
operator: UnknownresourceId: Unknown - creating db connection using connection name: informix_connection
committing transaction
committing transaction
load Resource with ids:[J@111d1f1
operator: UnknownresourceId: Unknown - creating db connection using connection name: informix_connection
load ResourceRole with id:13
operator: UnknownresourceId: Unknown - creating db connection using connection name: informix_connection
committing transaction
committing transaction
load Resource with ids:[J@1f548ea
operator: UnknownresourceId: Unknown - creating db connection using connection name: informix_connection
load ResourceRole with id:9
operator: UnknownresourceId: Unknown - creating db connection using connection name: informix_connection
committing transaction
committing transaction
load Resource with ids:[J@1aa1558,[J@1aa1558
operator: UnknownresourceId: Unknown - creating db connection using connection name: informix_connection
load ResourceRole with id:1
operator: UnknownresourceId: Unknown - creating db connection using connection name: informix_connection
committing transaction
load ResourceRole with id:1
operator: UnknownresourceId: Unknown - creating db connection using connection name: informix_connection
committing transaction
committing transaction
operator: UnknownresourceId: 6 - load resource.
operator: UnknownresourceId: Unknown - creating db connection using connection name: informix_connection
load ResourceRole with id:4
operator: UnknownresourceId: Unknown - creating db connection using connection name: informix_connection
committing transaction
committing transaction
operator: UnknownresourceId: 4 - load resource.
operator: UnknownresourceId: Unknown - creating db connection using connection name: informix_connection
load ResourceRole with id:1
operator: UnknownresourceId: Unknown - creating db connection using connection name: informix_connection
committing transaction
committing transaction
operator: UnknownresourceId: 100000 - load resource.
operator: UnknownresourceId: Unknown - creating db connection using connection name: informix_connection
load ResourceRole with id:13
operator: UnknownresourceId: Unknown - creating db connection using connection name: informix_connection
committing transaction
committing transaction
operator: UnknownresourceId: 7 - load resource.
operator: UnknownresourceId: Unknown - creating db connection using connection name: informix_connection
load ResourceRole with id:4
operator: UnknownresourceId: Unknown - creating db connection using connection name: informix_connection
committing transaction
committing transaction
operator: UnknownresourceId: 5 - load resource.
operator: UnknownresourceId: Unknown - creating db connection using connection name: informix_connection
load ResourceRole with id:1
operator: UnknownresourceId: Unknown - creating db connection using connection name: informix_connection
committing transaction
committing transaction
load Notifications with array of userIds/projectIds/notificationTypes.
operator: UnknownresourceId: Unknown - creating db connection using connection name: informix_connection
committing transaction
get projects with the ids: 1
operator: UnknownprojectId: Unknown - creating db connection using connection name: informix_connection
committing transaction
load Resource role with ids:[J@14708f5,[J@14708f5,[J@14708f5,[J@14708f5,[J@14708f5,[J@14708f5,[J@14708f5,[J@14708f5,[J@14708f5,[J@14708f5,[J@14708f5,[J@14708f5,[J@14708f5,[J@14708f5,[J@14708f5,[J@14708f5,[J@14708f5,[J@14708f5,[J@14708f5,[J@14708f5,[J@14708f5,[J@14708f5
operator: UnknownresourceId: Unknown - creating db connection using connection name: informix_connection
committing transaction
load Resource with ids:[J@255a5c,[J@255a5c,[J@255a5c
operator: UnknownresourceId: Unknown - creating db connection using connection name: informix_connection
load ResourceRole with id:4
operator: UnknownresourceId: Unknown - creating db connection using connection name: informix_connection
committing transaction
load ResourceRole with id:4
operator: UnknownresourceId: Unknown - creating db connection using connection name: informix_connection
committing transaction
load ResourceRole with id:4
operator: UnknownresourceId: Unknown - creating db connection using connection name: informix_connection
committing transaction
committing transaction
load Resource with ids:[J@4b4bed
operator: UnknownresourceId: Unknown - creating db connection using connection name: informix_connection
load ResourceRole with id:8
operator: UnknownresourceId: Unknown - creating db connection using connection name: informix_connection
committing transaction
committing transaction
load Resource with ids:[J@452494
operator: UnknownresourceId: Unknown - creating db connection using connection name: informix_connection
load ResourceRole with id:12
operator: UnknownresourceId: Unknown - creating db connection using connection name: informix_connection
committing transaction
committing transaction
load Resource with ids:[J@1fe472d
operator: UnknownresourceId: Unknown - creating db connection using connection name: informix_connection
load ResourceRole with id:13
operator: UnknownresourceId: Unknown - creating db connection using connection name: informix_connection
committing transaction
committing transaction
load Resource with ids:[J@173124b
operator: UnknownresourceId: Unknown - creating db connection using connection name: informix_connection
load ResourceRole with id:9
operator: UnknownresourceId: Unknown - creating db connection using connection name: informix_connection
committing transaction
committing transaction
load Resource with ids:[J@153f90,[J@153f90
operator: UnknownresourceId: Unknown - creating db connection using connection name: informix_connection
load ResourceRole with id:1
operator: UnknownresourceId: Unknown - creating db connection using connection name: informix_connection
committing transaction
load ResourceRole with id:1
operator: UnknownresourceId: Unknown - creating db connection using connection name: informix_connection
committing transaction
committing transaction
operator: UnknownresourceId: 6 - load resource.
operator: UnknownresourceId: Unknown - creating db connection using connection name: informix_connection
load ResourceRole with id:4
operator: UnknownresourceId: Unknown - creating db connection using connection name: informix_connection
committing transaction
committing transaction
operator: UnknownresourceId: 4 - load resource.
operator: UnknownresourceId: Unknown - creating db connection using connection name: informix_connection
load ResourceRole with id:1
operator: UnknownresourceId: Unknown - creating db connection using connection name: informix_connection
committing transaction
committing transaction
operator: UnknownresourceId: 100000 - load resource.
operator: UnknownresourceId: Unknown - creating db connection using connection name: informix_connection
load ResourceRole with id:13
operator: UnknownresourceId: Unknown - creating db connection using connection name: informix_connection
committing transaction
committing transaction
operator: UnknownresourceId: 7 - load resource.
operator: UnknownresourceId: Unknown - creating db connection using connection name: informix_connection
load ResourceRole with id:4
operator: UnknownresourceId: Unknown - creating db connection using connection name: informix_connection
committing transaction
committing transaction
operator: UnknownresourceId: 5 - load resource.
operator: UnknownresourceId: Unknown - creating db connection using connection name: informix_connection
load ResourceRole with id:1
operator: UnknownresourceId: Unknown - creating db connection using connection name: informix_connection
committing transaction
committing transaction
Read propery[ConnectionFactoryNS] which is  required  with value[com.topcoder.db.connectionfactory.DBConnectionFactoryImpl] from namespace [com.topcoder.management.project.persistence.InformixProjectPersistence].
Read propery[ConnectionName] which is  optional  with value[informix_connection] from namespace [com.topcoder.management.project.persistence.InformixProjectPersistence].
Read propery[ProjectIdSequenceName] which is  optional  with value[project_id_seq] from namespace [com.topcoder.management.project.persistence.InformixProjectPersistence].
Read propery[ProjectAuditIdSequenceName] which is  optional  with value[project_audit_id_seq] from namespace [com.topcoder.management.project.persistence.InformixProjectPersistence].
Read propery[ConnectionFactoryNS] which is  required  with value[com.topcoder.db.connectionfactory.DBConnectionFactoryImpl] from namespace [com.topcoder.management.project.persistence.link.ProjectLinkManagerImpl].
Read propery[ConnectionName] which is  optional  with value[informix_connection] from namespace [com.topcoder.management.project.persistence.link.ProjectLinkManagerImpl].
read property ConnectionFactoryNS[com.topcoder.db.connectionfactory.DBConnectionFactoryImpl] from the namespace :com.topcoder.management.scorecard.persistence.InformixScorecardPersistence
read property ConnectionName[informix_connection] from the namespace :com.topcoder.management.scorecard.persistence.InformixScorecardPersistence
Instantiate SqlUploadPersistence with connectionFactory and connectioName:informix_connection
Instantiate PersistenceUploadManager with UploadPersistence, uploadSearchBundle, submissionSearchBundle, uploadIdGenerator, uploadTypeIdGenerator, uploadStatusIdGenerator, submissionIDGenerator, submissionStatusIdGenerator and submissionTypeIdGenerator.
Instantiate AbstractResourcePersistence with connectionFactory and connectionName[informix_connection].
load Resource role with ids:[J@c9b767,[J@c9b767,[J@c9b767,[J@c9b767,[J@c9b767,[J@c9b767,[J@c9b767,[J@c9b767,[J@c9b767,[J@c9b767,[J@c9b767,[J@c9b767,[J@c9b767,[J@c9b767,[J@c9b767,[J@c9b767,[J@c9b767,[J@c9b767,[J@c9b767,[J@c9b767,[J@c9b767,[J@c9b767
operator: UnknownresourceId: Unknown - creating db connection using connection name: informix_connection
committing transaction
Read propery[ConnectionFactoryNS] which is  required  with value[com.topcoder.db.connectionfactory.DBConnectionFactoryImpl] from namespace [com.topcoder.management.project.persistence.InformixProjectPersistence].
Read propery[ConnectionName] which is  optional  with value[informix_connection] from namespace [com.topcoder.management.project.persistence.InformixProjectPersistence].
Read propery[ProjectIdSequenceName] which is  optional  with value[project_id_seq] from namespace [com.topcoder.management.project.persistence.InformixProjectPersistence].
Read propery[ProjectAuditIdSequenceName] which is  optional  with value[project_audit_id_seq] from namespace [com.topcoder.management.project.persistence.InformixProjectPersistence].
Read propery[ConnectionFactoryNS] which is  required  with value[com.topcoder.db.connectionfactory.DBConnectionFactoryImpl] from namespace [com.topcoder.management.project.persistence.link.ProjectLinkManagerImpl].
Read propery[ConnectionName] which is  optional  with value[informix_connection] from namespace [com.topcoder.management.project.persistence.link.ProjectLinkManagerImpl].
read property ConnectionFactoryNS[com.topcoder.db.connectionfactory.DBConnectionFactoryImpl] from the namespace :com.topcoder.management.scorecard.persistence.InformixScorecardPersistence
read property ConnectionName[informix_connection] from the namespace :com.topcoder.management.scorecard.persistence.InformixScorecardPersistence
Instantiate SqlUploadPersistence with connectionFactory and connectioName:informix_connection
Instantiate PersistenceUploadManager with UploadPersistence, uploadSearchBundle, submissionSearchBundle, uploadIdGenerator, uploadTypeIdGenerator, uploadStatusIdGenerator, submissionIDGenerator, submissionStatusIdGenerator and submissionTypeIdGenerator.
Instantiate AbstractResourcePersistence with connectionFactory and connectionName[informix_connection].
load Resource role with ids:[J@85b156,[J@85b156,[J@85b156,[J@85b156,[J@85b156,[J@85b156,[J@85b156,[J@85b156,[J@85b156,[J@85b156,[J@85b156,[J@85b156,[J@85b156,[J@85b156,[J@85b156,[J@85b156,[J@85b156,[J@85b156,[J@85b156,[J@85b156,[J@85b156,[J@85b156
operator: UnknownresourceId: Unknown - creating db connection using connection name: informix_connection
committing transaction
Read propery[ConnectionFactoryNS] which is  required  with value[com.topcoder.db.connectionfactory.DBConnectionFactoryImpl] from namespace [com.topcoder.management.project.persistence.InformixProjectPersistence].
Read propery[ConnectionName] which is  optional  with value[informix_connection] from namespace [com.topcoder.management.project.persistence.InformixProjectPersistence].
Read propery[ProjectIdSequenceName] which is  optional  with value[project_id_seq] from namespace [com.topcoder.management.project.persistence.InformixProjectPersistence].
Read propery[ProjectAuditIdSequenceName] which is  optional  with value[project_audit_id_seq] from namespace [com.topcoder.management.project.persistence.InformixProjectPersistence].
Read propery[ConnectionFactoryNS] which is  required  with value[com.topcoder.db.connectionfactory.DBConnectionFactoryImpl] from namespace [com.topcoder.management.project.persistence.link.ProjectLinkManagerImpl].
Read propery[ConnectionName] which is  optional  with value[informix_connection] from namespace [com.topcoder.management.project.persistence.link.ProjectLinkManagerImpl].
read property ConnectionFactoryNS[com.topcoder.db.connectionfactory.DBConnectionFactoryImpl] from the namespace :com.topcoder.management.scorecard.persistence.InformixScorecardPersistence
read property ConnectionName[informix_connection] from the namespace :com.topcoder.management.scorecard.persistence.InformixScorecardPersistence
Instantiate SqlUploadPersistence with connectionFactory and connectioName:informix_connection
Instantiate PersistenceUploadManager with UploadPersistence, uploadSearchBundle, submissionSearchBundle, uploadIdGenerator, uploadTypeIdGenerator, uploadStatusIdGenerator, submissionIDGenerator, submissionStatusIdGenerator and submissionTypeIdGenerator.
Instantiate AbstractResourcePersistence with connectionFactory and connectionName[informix_connection].
load Resource role with ids:[J@18293f,[J@18293f,[J@18293f,[J@18293f,[J@18293f,[J@18293f,[J@18293f,[J@18293f,[J@18293f,[J@18293f,[J@18293f,[J@18293f,[J@18293f,[J@18293f,[J@18293f,[J@18293f,[J@18293f,[J@18293f,[J@18293f,[J@18293f,[J@18293f,[J@18293f
operator: UnknownresourceId: Unknown - creating db connection using connection name: informix_connection
committing transaction
Read propery[ConnectionFactoryNS] which is  required  with value[com.topcoder.db.connectionfactory.DBConnectionFactoryImpl] from namespace [com.topcoder.management.project.persistence.InformixProjectPersistence].
Read propery[ConnectionName] which is  optional  with value[informix_connection] from namespace [com.topcoder.management.project.persistence.InformixProjectPersistence].
Read propery[ProjectIdSequenceName] which is  optional  with value[project_id_seq] from namespace [com.topcoder.management.project.persistence.InformixProjectPersistence].
Read propery[ProjectAuditIdSequenceName] which is  optional  with value[project_audit_id_seq] from namespace [com.topcoder.management.project.persistence.InformixProjectPersistence].
Read propery[ConnectionFactoryNS] which is  required  with value[com.topcoder.db.connectionfactory.DBConnectionFactoryImpl] from namespace [com.topcoder.management.project.persistence.link.ProjectLinkManagerImpl].
Read propery[ConnectionName] which is  optional  with value[informix_connection] from namespace [com.topcoder.management.project.persistence.link.ProjectLinkManagerImpl].
read property ConnectionFactoryNS[com.topcoder.db.connectionfactory.DBConnectionFactoryImpl] from the namespace :com.topcoder.management.scorecard.persistence.InformixScorecardPersistence
read property ConnectionName[informix_connection] from the namespace :com.topcoder.management.scorecard.persistence.InformixScorecardPersistence
Instantiate SqlUploadPersistence with connectionFactory and connectioName:informix_connection
Instantiate PersistenceUploadManager with UploadPersistence, uploadSearchBundle, submissionSearchBundle, uploadIdGenerator, uploadTypeIdGenerator, uploadStatusIdGenerator, submissionIDGenerator, submissionStatusIdGenerator and submissionTypeIdGenerator.
Instantiate AbstractResourcePersistence with connectionFactory and connectionName[informix_connection].
load Resource role with ids:[J@30b235,[J@30b235,[J@30b235,[J@30b235,[J@30b235,[J@30b235,[J@30b235,[J@30b235,[J@30b235,[J@30b235,[J@30b235,[J@30b235,[J@30b235,[J@30b235,[J@30b235,[J@30b235,[J@30b235,[J@30b235,[J@30b235,[J@30b235,[J@30b235,[J@30b235
operator: UnknownresourceId: Unknown - creating db connection using connection name: informix_connection
committing transaction
type: Upload id: Unknown operator:Unknown - search submissions with filter. found: 2
load Resource with ids:[J@767493,[J@767493
operator: UnknownresourceId: Unknown - creating db connection using connection name: informix_connection
load ResourceRole with id:4
operator: UnknownresourceId: Unknown - creating db connection using connection name: informix_connection
committing transaction
load ResourceRole with id:4
operator: UnknownresourceId: Unknown - creating db connection using connection name: informix_connection
committing transaction
committing transaction
type: Submission id: 1 operator:1001 - update Submission.
type: Submission id: 1 operator:Unknown - Update Submission, it will update record in submission table.
create db connection using connection name:informix_connection
close the connection.
type: Submission id: 2 operator:1001 - update Submission.
type: Submission id: 2 operator:Unknown - Update Submission, it will update record in submission table.
create db connection using connection name:informix_connection
close the connection.
operator: UnknownresourceId: 4 - load resource.
operator: UnknownresourceId: Unknown - creating db connection using connection name: informix_connection
load ResourceRole with id:1
operator: UnknownresourceId: Unknown - creating db connection using connection name: informix_connection
committing transaction
committing transaction
operator: UnknownresourceId: 5 - load resource.
operator: UnknownresourceId: Unknown - creating db connection using connection name: informix_connection
load ResourceRole with id:1
operator: UnknownresourceId: Unknown - creating db connection using connection name: informix_connection
committing transaction
committing transaction
load Notifications with array of userIds/projectIds/notificationTypes.
operator: UnknownresourceId: Unknown - creating db connection using connection name: informix_connection
committing transaction
get projects with the ids: 1
operator: UnknownprojectId: Unknown - creating db connection using connection name: informix_connection
committing transaction
load Resource role with ids:[J@17277b,[J@17277b,[J@17277b,[J@17277b,[J@17277b,[J@17277b,[J@17277b,[J@17277b,[J@17277b,[J@17277b,[J@17277b,[J@17277b,[J@17277b,[J@17277b,[J@17277b,[J@17277b,[J@17277b,[J@17277b,[J@17277b,[J@17277b,[J@17277b,[J@17277b
operator: UnknownresourceId: Unknown - creating db connection using connection name: informix_connection
committing transaction
load Resource with ids:[J@4c9300,[J@4c9300,[J@4c9300
operator: UnknownresourceId: Unknown - creating db connection using connection name: informix_connection
load ResourceRole with id:4
operator: UnknownresourceId: Unknown - creating db connection using connection name: informix_connection
committing transaction
load ResourceRole with id:4
operator: UnknownresourceId: Unknown - creating db connection using connection name: informix_connection
committing transaction
load ResourceRole with id:4
operator: UnknownresourceId: Unknown - creating db connection using connection name: informix_connection
committing transaction
committing transaction
load Resource with ids:[J@1d12d1f
operator: UnknownresourceId: Unknown - creating db connection using connection name: informix_connection
load ResourceRole with id:12
operator: UnknownresourceId: Unknown - creating db connection using connection name: informix_connection
committing transaction
committing transaction
load Resource with ids:[J@5f15c3
operator: UnknownresourceId: Unknown - creating db connection using connection name: informix_connection
load ResourceRole with id:13
operator: UnknownresourceId: Unknown - creating db connection using connection name: informix_connection
committing transaction
committing transaction
load Resource with ids:[J@141978
operator: UnknownresourceId: Unknown - creating db connection using connection name: informix_connection
load ResourceRole with id:9
operator: UnknownresourceId: Unknown - creating db connection using connection name: informix_connection
committing transaction
committing transaction
load Resource with ids:[J@25e90a,[J@25e90a
operator: UnknownresourceId: Unknown - creating db connection using connection name: informix_connection
load ResourceRole with id:1
operator: UnknownresourceId: Unknown - creating db connection using connection name: informix_connection
committing transaction
load ResourceRole with id:1
operator: UnknownresourceId: Unknown - creating db connection using connection name: informix_connection
committing transaction
committing transaction
operator: UnknownresourceId: 6 - load resource.
operator: UnknownresourceId: Unknown - creating db connection using connection name: informix_connection
load ResourceRole with id:4
operator: UnknownresourceId: Unknown - creating db connection using connection name: informix_connection
committing transaction
committing transaction
operator: UnknownresourceId: 4 - load resource.
operator: UnknownresourceId: Unknown - creating db connection using connection name: informix_connection
load ResourceRole with id:1
operator: UnknownresourceId: Unknown - creating db connection using connection name: informix_connection
committing transaction
committing transaction
operator: UnknownresourceId: 100000 - load resource.
operator: UnknownresourceId: Unknown - creating db connection using connection name: informix_connection
load ResourceRole with id:13
operator: UnknownresourceId: Unknown - creating db connection using connection name: informix_connection
committing transaction
committing transaction
operator: UnknownresourceId: 7 - load resource.
operator: UnknownresourceId: Unknown - creating db connection using connection name: informix_connection
load ResourceRole with id:4
operator: UnknownresourceId: Unknown - creating db connection using connection name: informix_connection
committing transaction
committing transaction
operator: UnknownresourceId: 5 - load resource.
operator: UnknownresourceId: Unknown - creating db connection using connection name: informix_connection
load ResourceRole with id:1
operator: UnknownresourceId: Unknown - creating db connection using connection name: informix_connection
committing transaction
committing transaction
type: Upload id: Unknown operator:Unknown - search submissions with filter. found: 2
load Resource with ids:[J@113938a,[J@113938a
operator: UnknownresourceId: Unknown - creating db connection using connection name: informix_connection
load ResourceRole with id:4
operator: UnknownresourceId: Unknown - creating db connection using connection name: informix_connection
committing transaction
load ResourceRole with id:4
operator: UnknownresourceId: Unknown - creating db connection using connection name: informix_connection
committing transaction
committing transaction
type: Scorecard id: Unknown operator:Unknown - retrieve scorecard with ids:1, and is incomplete
create db connection with connect name:informix_connection
close the connection.
get All submission statuses, delegate to persistence.
get All submission statuses, delegate to persistence.
create db connection using connection name:informix_connection
close the connection.
type: SubmissionStatus id: Unknown operator:Unknown - Load SubmissionStatuses with ids:1,2,3,4,5
create db connection using connection name:informix_connection
close the connection.
get All submission statuses, delegate to persistence.
get All submission statuses, delegate to persistence.
create db connection using connection name:informix_connection
close the connection.
type: SubmissionStatus id: Unknown operator:Unknown - Load SubmissionStatuses with ids:1,2,3,4,5
create db connection using connection name:informix_connection
close the connection.
operator: UnknownresourceId: 4 - load resource.
operator: UnknownresourceId: Unknown - creating db connection using connection name: informix_connection
load ResourceRole with id:1
operator: UnknownresourceId: Unknown - creating db connection using connection name: informix_connection
committing transaction
committing transaction
type: Submission id: 1 operator:1001 - update Submission.
type: Submission id: 1 operator:Unknown - Update Submission, it will update record in submission table.
create db connection using connection name:informix_connection
close the connection.
operator: UnknownresourceId: 5 - load resource.
operator: UnknownresourceId: Unknown - creating db connection using connection name: informix_connection
load ResourceRole with id:1
operator: UnknownresourceId: Unknown - creating db connection using connection name: informix_connection
committing transaction
committing transaction
type: Submission id: 2 operator:1001 - update Submission.
type: Submission id: 2 operator:Unknown - Update Submission, it will update record in submission table.
create db connection using connection name:informix_connection
close the connection.
get projects with the ids: 1
operator: UnknownprojectId: Unknown - creating db connection using connection name: informix_connection
committing transaction
operator: 1001projectId: 1 - updating project: {Winner External Reference ID=4, Project Name=Online Review Phases, Project Version=1.5}
operator: UnknownprojectId: Unknown - creating db connection using connection name: informix_connection
operator: 1001projectId: 1 - update project with projectId:1
operator: 1001projectId: 1 - update project, update project_info with projectId:1
operator: 1001projectId: 1 - insert record into project_info with project id1
operator: 1001projectId: 1 - generate new id for the project audit.
insert record into project_audit with projectId:1
operator: 1001projectId: 1 - execute sql:SELECT modify_date FROM project WHERE project_id=?
committing transaction
operator: UnknownresourceId: 4 - load resource.
operator: UnknownresourceId: Unknown - creating db connection using connection name: informix_connection
load ResourceRole with id:1
operator: UnknownresourceId: Unknown - creating db connection using connection name: informix_connection
committing transaction
committing transaction
operator: UnknownresourceId: 5 - load resource.
operator: UnknownresourceId: Unknown - creating db connection using connection name: informix_connection
load ResourceRole with id:1
operator: UnknownresourceId: Unknown - creating db connection using connection name: informix_connection
committing transaction
committing transaction
load Notifications with array of userIds/projectIds/notificationTypes.
operator: UnknownresourceId: Unknown - creating db connection using connection name: informix_connection
committing transaction
get projects with the ids: 1
operator: UnknownprojectId: Unknown - creating db connection using connection name: informix_connection
committing transaction
load Resource role with ids:[J@608d4e,[J@608d4e,[J@608d4e,[J@608d4e,[J@608d4e,[J@608d4e,[J@608d4e,[J@608d4e,[J@608d4e,[J@608d4e,[J@608d4e,[J@608d4e,[J@608d4e,[J@608d4e,[J@608d4e,[J@608d4e,[J@608d4e,[J@608d4e,[J@608d4e,[J@608d4e,[J@608d4e,[J@608d4e
operator: UnknownresourceId: Unknown - creating db connection using connection name: informix_connection
committing transaction
load Resource with ids:[J@18a5496,[J@18a5496,[J@18a5496
operator: UnknownresourceId: Unknown - creating db connection using connection name: informix_connection
load ResourceRole with id:4
operator: UnknownresourceId: Unknown - creating db connection using connection name: informix_connection
committing transaction
load ResourceRole with id:4
operator: UnknownresourceId: Unknown - creating db connection using connection name: informix_connection
committing transaction
load ResourceRole with id:4
operator: UnknownresourceId: Unknown - creating db connection using connection name: informix_connection
committing transaction
committing transaction
load Resource with ids:[J@10b2509
operator: UnknownresourceId: Unknown - creating db connection using connection name: informix_connection
load ResourceRole with id:12
operator: UnknownresourceId: Unknown - creating db connection using connection name: informix_connection
committing transaction
committing transaction
load Resource with ids:[J@e047b7
operator: UnknownresourceId: Unknown - creating db connection using connection name: informix_connection
load ResourceRole with id:13
operator: UnknownresourceId: Unknown - creating db connection using connection name: informix_connection
committing transaction
committing transaction
load Resource with ids:[J@9e01de
operator: UnknownresourceId: Unknown - creating db connection using connection name: informix_connection
load ResourceRole with id:9
operator: UnknownresourceId: Unknown - creating db connection using connection name: informix_connection
committing transaction
committing transaction
load Resource with ids:[J@525e56,[J@525e56
operator: UnknownresourceId: Unknown - creating db connection using connection name: informix_connection
load ResourceRole with id:1
operator: UnknownresourceId: Unknown - creating db connection using connection name: informix_connection
committing transaction
load ResourceRole with id:1
operator: UnknownresourceId: Unknown - creating db connection using connection name: informix_connection
committing transaction
committing transaction
operator: UnknownresourceId: 6 - load resource.
operator: UnknownresourceId: Unknown - creating db connection using connection name: informix_connection
load ResourceRole with id:4
operator: UnknownresourceId: Unknown - creating db connection using connection name: informix_connection
committing transaction
committing transaction
operator: UnknownresourceId: 4 - load resource.
operator: UnknownresourceId: Unknown - creating db connection using connection name: informix_connection
load ResourceRole with id:1
operator: UnknownresourceId: Unknown - creating db connection using connection name: informix_connection
committing transaction
committing transaction
operator: UnknownresourceId: 100000 - load resource.
operator: UnknownresourceId: Unknown - creating db connection using connection name: informix_connection
load ResourceRole with id:13
operator: UnknownresourceId: Unknown - creating db connection using connection name: informix_connection
committing transaction
committing transaction
operator: UnknownresourceId: 7 - load resource.
operator: UnknownresourceId: Unknown - creating db connection using connection name: informix_connection
load ResourceRole with id:4
operator: UnknownresourceId: Unknown - creating db connection using connection name: informix_connection
committing transaction
committing transaction
operator: UnknownresourceId: 5 - load resource.
operator: UnknownresourceId: Unknown - creating db connection using connection name: informix_connection
load ResourceRole with id:1
operator: UnknownresourceId: Unknown - creating db connection using connection name: informix_connection
committing transaction
committing transaction
load Resource with ids:[J@4c7e24
operator: UnknownresourceId: Unknown - creating db connection using connection name: informix_connection
load ResourceRole with id:8
operator: UnknownresourceId: Unknown - creating db connection using connection name: informix_connection
committing transaction
committing transaction
load Resource with ids:[J@1732e6d,[J@1732e6d
operator: UnknownresourceId: Unknown - creating db connection using connection name: informix_connection
load ResourceRole with id:4
operator: UnknownresourceId: Unknown - creating db connection using connection name: informix_connection
committing transaction
load ResourceRole with id:4
operator: UnknownresourceId: Unknown - creating db connection using connection name: informix_connection
committing transaction
committing transaction
get projects with the ids: 1
operator: UnknownprojectId: Unknown - creating db connection using connection name: informix_connection
committing transaction
load Resource with ids:[J@1728f89
operator: UnknownresourceId: Unknown - creating db connection using connection name: informix_connection
load ResourceRole with id:1
operator: UnknownresourceId: Unknown - creating db connection using connection name: informix_connection
committing transaction
committing transaction
type: Upload id: Unknown operator:Unknown - search submissions with filter. found: 1
load Resource with ids:[J@1ad1594,[J@1ad1594
operator: UnknownresourceId: Unknown - creating db connection using connection name: informix_connection
load ResourceRole with id:4
operator: UnknownresourceId: Unknown - creating db connection using connection name: informix_connection
committing transaction
load ResourceRole with id:4
operator: UnknownresourceId: Unknown - creating db connection using connection name: informix_connection
committing transaction
committing transaction
operator: 1001phaseId: 107 - create aggregate worksheet.
load Notifications with array of userIds/projectIds/notificationTypes.
operator: UnknownresourceId: Unknown - creating db connection using connection name: informix_connection
committing transaction
get projects with the ids: 1
operator: UnknownprojectId: Unknown - creating db connection using connection name: informix_connection
committing transaction
load Resource role with ids:[J@c0e844,[J@c0e844,[J@c0e844,[J@c0e844,[J@c0e844,[J@c0e844,[J@c0e844,[J@c0e844,[J@c0e844,[J@c0e844,[J@c0e844,[J@c0e844,[J@c0e844,[J@c0e844,[J@c0e844,[J@c0e844,[J@c0e844,[J@c0e844,[J@c0e844,[J@c0e844,[J@c0e844,[J@c0e844
operator: UnknownresourceId: Unknown - creating db connection using connection name: informix_connection
committing transaction
load Resource with ids:[J@fe975,[J@fe975,[J@fe975
operator: UnknownresourceId: Unknown - creating db connection using connection name: informix_connection
load ResourceRole with id:4
operator: UnknownresourceId: Unknown - creating db connection using connection name: informix_connection
committing transaction
load ResourceRole with id:4
operator: UnknownresourceId: Unknown - creating db connection using connection name: informix_connection
committing transaction
load ResourceRole with id:4
operator: UnknownresourceId: Unknown - creating db connection using connection name: informix_connection
committing transaction
committing transaction
load Resource with ids:[J@169b9e3
operator: UnknownresourceId: Unknown - creating db connection using connection name: informix_connection
load ResourceRole with id:8
operator: UnknownresourceId: Unknown - creating db connection using connection name: informix_connection
committing transaction
committing transaction
load Resource with ids:[J@1438e74
operator: UnknownresourceId: Unknown - creating db connection using connection name: informix_connection
load ResourceRole with id:12
operator: UnknownresourceId: Unknown - creating db connection using connection name: informix_connection
committing transaction
committing transaction
load Resource with ids:[J@c5f07d
operator: UnknownresourceId: Unknown - creating db connection using connection name: informix_connection
load ResourceRole with id:13
operator: UnknownresourceId: Unknown - creating db connection using connection name: informix_connection
committing transaction
committing transaction
load Resource with ids:[J@bc2f14
operator: UnknownresourceId: Unknown - creating db connection using connection name: informix_connection
load ResourceRole with id:9
operator: UnknownresourceId: Unknown - creating db connection using connection name: informix_connection
committing transaction
committing transaction
load Resource with ids:[J@cb31e2,[J@cb31e2
operator: UnknownresourceId: Unknown - creating db connection using connection name: informix_connection
load ResourceRole with id:1
operator: UnknownresourceId: Unknown - creating db connection using connection name: informix_connection
committing transaction
load ResourceRole with id:1
operator: UnknownresourceId: Unknown - creating db connection using connection name: informix_connection
committing transaction
committing transaction
operator: UnknownresourceId: 6 - load resource.
operator: UnknownresourceId: Unknown - creating db connection using connection name: informix_connection
load ResourceRole with id:4
operator: UnknownresourceId: Unknown - creating db connection using connection name: informix_connection
committing transaction
committing transaction
operator: UnknownresourceId: 4 - load resource.
operator: UnknownresourceId: Unknown - creating db connection using connection name: informix_connection
load ResourceRole with id:1
operator: UnknownresourceId: Unknown - creating db connection using connection name: informix_connection
committing transaction
committing transaction
operator: UnknownresourceId: 100000 - load resource.
operator: UnknownresourceId: Unknown - creating db connection using connection name: informix_connection
load ResourceRole with id:13
operator: UnknownresourceId: Unknown - creating db connection using connection name: informix_connection
committing transaction
committing transaction
operator: UnknownresourceId: 7 - load resource.
operator: UnknownresourceId: Unknown - creating db connection using connection name: informix_connection
load ResourceRole with id:4
operator: UnknownresourceId: Unknown - creating db connection using connection name: informix_connection
committing transaction
committing transaction
operator: UnknownresourceId: 5 - load resource.
operator: UnknownresourceId: Unknown - creating db connection using connection name: informix_connection
load ResourceRole with id:1
operator: UnknownresourceId: Unknown - creating db connection using connection name: informix_connection
committing transaction
committing transaction
load Notifications with array of userIds/projectIds/notificationTypes.
operator: UnknownresourceId: Unknown - creating db connection using connection name: informix_connection
committing transaction
get projects with the ids: 1
operator: UnknownprojectId: Unknown - creating db connection using connection name: informix_connection
committing transaction
load Resource role with ids:[J@10a1d59,[J@10a1d59,[J@10a1d59,[J@10a1d59,[J@10a1d59,[J@10a1d59,[J@10a1d59,[J@10a1d59,[J@10a1d59,[J@10a1d59,[J@10a1d59,[J@10a1d59,[J@10a1d59,[J@10a1d59,[J@10a1d59,[J@10a1d59,[J@10a1d59,[J@10a1d59,[J@10a1d59,[J@10a1d59,[J@10a1d59,[J@10a1d59
operator: UnknownresourceId: Unknown - creating db connection using connection name: informix_connection
committing transaction
load Resource with ids:[J@d1b1,[J@d1b1,[J@d1b1
operator: UnknownresourceId: Unknown - creating db connection using connection name: informix_connection
load ResourceRole with id:4
operator: UnknownresourceId: Unknown - creating db connection using connection name: informix_connection
committing transaction
load ResourceRole with id:4
operator: UnknownresourceId: Unknown - creating db connection using connection name: informix_connection
committing transaction
load ResourceRole with id:4
operator: UnknownresourceId: Unknown - creating db connection using connection name: informix_connection
committing transaction
committing transaction
load Resource with ids:[J@7192e4
operator: UnknownresourceId: Unknown - creating db connection using connection name: informix_connection
load ResourceRole with id:8
operator: UnknownresourceId: Unknown - creating db connection using connection name: informix_connection
committing transaction
committing transaction
load Resource with ids:[J@940a15
operator: UnknownresourceId: Unknown - creating db connection using connection name: informix_connection
load ResourceRole with id:12
operator: UnknownresourceId: Unknown - creating db connection using connection name: informix_connection
committing transaction
committing transaction
load Resource with ids:[J@476e01
operator: UnknownresourceId: Unknown - creating db connection using connection name: informix_connection
load ResourceRole with id:13
operator: UnknownresourceId: Unknown - creating db connection using connection name: informix_connection
committing transaction
committing transaction
load Resource with ids:[J@1efedd5
operator: UnknownresourceId: Unknown - creating db connection using connection name: informix_connection
load ResourceRole with id:9
operator: UnknownresourceId: Unknown - creating db connection using connection name: informix_connection
committing transaction
committing transaction
load Resource with ids:[J@1e80064,[J@1e80064
operator: UnknownresourceId: Unknown - creating db connection using connection name: informix_connection
load ResourceRole with id:1
operator: UnknownresourceId: Unknown - creating db connection using connection name: informix_connection
committing transaction
load ResourceRole with id:1
operator: UnknownresourceId: Unknown - creating db connection using connection name: informix_connection
committing transaction
committing transaction
operator: UnknownresourceId: 6 - load resource.
operator: UnknownresourceId: Unknown - creating db connection using connection name: informix_connection
load ResourceRole with id:4
operator: UnknownresourceId: Unknown - creating db connection using connection name: informix_connection
committing transaction
committing transaction
operator: UnknownresourceId: 4 - load resource.
operator: UnknownresourceId: Unknown - creating db connection using connection name: informix_connection
load ResourceRole with id:1
operator: UnknownresourceId: Unknown - creating db connection using connection name: informix_connection
committing transaction
committing transaction
operator: UnknownresourceId: 100000 - load resource.
operator: UnknownresourceId: Unknown - creating db connection using connection name: informix_connection
load ResourceRole with id:13
operator: UnknownresourceId: Unknown - creating db connection using connection name: informix_connection
committing transaction
committing transaction
operator: UnknownresourceId: 7 - load resource.
operator: UnknownresourceId: Unknown - creating db connection using connection name: informix_connection
load ResourceRole with id:4
operator: UnknownresourceId: Unknown - creating db connection using connection name: informix_connection
committing transaction
committing transaction
operator: UnknownresourceId: 5 - load resource.
operator: UnknownresourceId: Unknown - creating db connection using connection name: informix_connection
load ResourceRole with id:1
operator: UnknownresourceId: Unknown - creating db connection using connection name: informix_connection
committing transaction
committing transaction
load Resource with ids:[J@1e171d3
operator: UnknownresourceId: Unknown - creating db connection using connection name: informix_connection
load ResourceRole with id:9
operator: UnknownresourceId: Unknown - creating db connection using connection name: informix_connection
committing transaction
committing transaction
load Notifications with array of userIds/projectIds/notificationTypes.
operator: UnknownresourceId: Unknown - creating db connection using connection name: informix_connection
committing transaction
get projects with the ids: 1
operator: UnknownprojectId: Unknown - creating db connection using connection name: informix_connection
committing transaction
load Resource role with ids:[J@4f8595,[J@4f8595,[J@4f8595,[J@4f8595,[J@4f8595,[J@4f8595,[J@4f8595,[J@4f8595,[J@4f8595,[J@4f8595,[J@4f8595,[J@4f8595,[J@4f8595,[J@4f8595,[J@4f8595,[J@4f8595,[J@4f8595,[J@4f8595,[J@4f8595,[J@4f8595,[J@4f8595,[J@4f8595
operator: UnknownresourceId: Unknown - creating db connection using connection name: informix_connection
committing transaction
load Resource with ids:[J@17591de,[J@17591de,[J@17591de
operator: UnknownresourceId: Unknown - creating db connection using connection name: informix_connection
load ResourceRole with id:4
operator: UnknownresourceId: Unknown - creating db connection using connection name: informix_connection
committing transaction
load ResourceRole with id:4
operator: UnknownresourceId: Unknown - creating db connection using connection name: informix_connection
committing transaction
load ResourceRole with id:4
operator: UnknownresourceId: Unknown - creating db connection using connection name: informix_connection
committing transaction
committing transaction
load Resource with ids:[J@8d3cb6
operator: UnknownresourceId: Unknown - creating db connection using connection name: informix_connection
load ResourceRole with id:8
operator: UnknownresourceId: Unknown - creating db connection using connection name: informix_connection
committing transaction
committing transaction
load Resource with ids:[J@96c11b
operator: UnknownresourceId: Unknown - creating db connection using connection name: informix_connection
load ResourceRole with id:12
operator: UnknownresourceId: Unknown - creating db connection using connection name: informix_connection
committing transaction
committing transaction
load Resource with ids:[J@1d7945d
operator: UnknownresourceId: Unknown - creating db connection using connection name: informix_connection
load ResourceRole with id:13
operator: UnknownresourceId: Unknown - creating db connection using connection name: informix_connection
committing transaction
committing transaction
load Resource with ids:[J@7aac60,[J@7aac60
operator: UnknownresourceId: Unknown - creating db connection using connection name: informix_connection
load ResourceRole with id:9
operator: UnknownresourceId: Unknown - creating db connection using connection name: informix_connection
committing transaction
load ResourceRole with id:9
operator: UnknownresourceId: Unknown - creating db connection using connection name: informix_connection
committing transaction
committing transaction
load Resource with ids:[J@16dbb73,[J@16dbb73
operator: UnknownresourceId: Unknown - creating db connection using connection name: informix_connection
load ResourceRole with id:1
operator: UnknownresourceId: Unknown - creating db connection using connection name: informix_connection
committing transaction
load ResourceRole with id:1
operator: UnknownresourceId: Unknown - creating db connection using connection name: informix_connection
committing transaction
committing transaction
operator: UnknownresourceId: 6 - load resource.
operator: UnknownresourceId: Unknown - creating db connection using connection name: informix_connection
load ResourceRole with id:4
operator: UnknownresourceId: Unknown - creating db connection using connection name: informix_connection
committing transaction
committing transaction
operator: UnknownresourceId: 4 - load resource.
operator: UnknownresourceId: Unknown - creating db connection using connection name: informix_connection
load ResourceRole with id:1
operator: UnknownresourceId: Unknown - creating db connection using connection name: informix_connection
committing transaction
committing transaction
operator: UnknownresourceId: 100000 - load resource.
operator: UnknownresourceId: Unknown - creating db connection using connection name: informix_connection
load ResourceRole with id:13
operator: UnknownresourceId: Unknown - creating db connection using connection name: informix_connection
committing transaction
committing transaction
operator: UnknownresourceId: 7 - load resource.
operator: UnknownresourceId: Unknown - creating db connection using connection name: informix_connection
load ResourceRole with id:4
operator: UnknownresourceId: Unknown - creating db connection using connection name: informix_connection
committing transaction
committing transaction
operator: UnknownresourceId: 5 - load resource.
operator: UnknownresourceId: Unknown - creating db connection using connection name: informix_connection
load ResourceRole with id:1
operator: UnknownresourceId: Unknown - creating db connection using connection name: informix_connection
committing transaction
committing transaction
Read propery[ConnectionFactoryNS] which is  required  with value[com.topcoder.db.connectionfactory.DBConnectionFactoryImpl] from namespace [com.topcoder.management.project.persistence.InformixProjectPersistence].
Read propery[ConnectionName] which is  optional  with value[informix_connection] from namespace [com.topcoder.management.project.persistence.InformixProjectPersistence].
Read propery[ProjectIdSequenceName] which is  optional  with value[project_id_seq] from namespace [com.topcoder.management.project.persistence.InformixProjectPersistence].
Read propery[ProjectAuditIdSequenceName] which is  optional  with value[project_audit_id_seq] from namespace [com.topcoder.management.project.persistence.InformixProjectPersistence].
Read propery[ConnectionFactoryNS] which is  required  with value[com.topcoder.db.connectionfactory.DBConnectionFactoryImpl] from namespace [com.topcoder.management.project.persistence.link.ProjectLinkManagerImpl].
Read propery[ConnectionName] which is  optional  with value[informix_connection] from namespace [com.topcoder.management.project.persistence.link.ProjectLinkManagerImpl].
read property ConnectionFactoryNS[com.topcoder.db.connectionfactory.DBConnectionFactoryImpl] from the namespace :com.topcoder.management.scorecard.persistence.InformixScorecardPersistence
read property ConnectionName[informix_connection] from the namespace :com.topcoder.management.scorecard.persistence.InformixScorecardPersistence
Instantiate SqlUploadPersistence with connectionFactory and connectioName:informix_connection
Instantiate PersistenceUploadManager with UploadPersistence, uploadSearchBundle, submissionSearchBundle, uploadIdGenerator, uploadTypeIdGenerator, uploadStatusIdGenerator, submissionIDGenerator, submissionStatusIdGenerator and submissionTypeIdGenerator.
Instantiate AbstractResourcePersistence with connectionFactory and connectionName[informix_connection].
load Resource role with ids:[J@5a40f,[J@5a40f,[J@5a40f,[J@5a40f,[J@5a40f,[J@5a40f,[J@5a40f,[J@5a40f,[J@5a40f,[J@5a40f,[J@5a40f,[J@5a40f,[J@5a40f,[J@5a40f,[J@5a40f,[J@5a40f,[J@5a40f,[J@5a40f,[J@5a40f,[J@5a40f,[J@5a40f,[J@5a40f
operator: UnknownresourceId: Unknown - creating db connection using connection name: informix_connection
committing transaction
load Resource with ids:[J@1f99d54
operator: UnknownresourceId: Unknown - creating db connection using connection name: informix_connection
load ResourceRole with id:9
operator: UnknownresourceId: Unknown - creating db connection using connection name: informix_connection
committing transaction
committing transaction
load Resource with ids:[J@16308ac
operator: UnknownresourceId: Unknown - creating db connection using connection name: informix_connection
load ResourceRole with id:9
operator: UnknownresourceId: Unknown - creating db connection using connection name: informix_connection
committing transaction
committing transaction
operator: UnknownresourceId: 48 - add new resource to the project [id=1] with role :Final Reviewer in the [id=1333] phase.
operator: UnknownresourceId: Unknown - creating db connection using connection name: informix_connection
insert a record into resource with resource id : 48
insert a record into the resource_submission with resource_id:48 and submission_id:[Ljava.lang.Long;@ce72a9
insert a record into the resource_info table with resource_id = 48 and resource_info_type_id =1 value = 2
insert a record into the resource_info table with resource_id = 48 and resource_info_type_id =7 value = 0
committing transaction
load Notifications with array of userIds/projectIds/notificationTypes.
operator: UnknownresourceId: Unknown - creating db connection using connection name: informix_connection
committing transaction
get projects with the ids: 1
operator: UnknownprojectId: Unknown - creating db connection using connection name: informix_connection
committing transaction
load Resource role with ids:[J@1eb9b15,[J@1eb9b15,[J@1eb9b15,[J@1eb9b15,[J@1eb9b15,[J@1eb9b15,[J@1eb9b15,[J@1eb9b15,[J@1eb9b15,[J@1eb9b15,[J@1eb9b15,[J@1eb9b15,[J@1eb9b15,[J@1eb9b15,[J@1eb9b15,[J@1eb9b15,[J@1eb9b15,[J@1eb9b15,[J@1eb9b15,[J@1eb9b15,[J@1eb9b15,[J@1eb9b15
operator: UnknownresourceId: Unknown - creating db connection using connection name: informix_connection
committing transaction
load Resource with ids:[J@1be6e23
operator: UnknownresourceId: Unknown - creating db connection using connection name: informix_connection
load ResourceRole with id:4
operator: UnknownresourceId: Unknown - creating db connection using connection name: informix_connection
committing transaction
committing transaction
load Resource with ids:[J@156bbcf
operator: UnknownresourceId: Unknown - creating db connection using connection name: informix_connection
load ResourceRole with id:12
operator: UnknownresourceId: Unknown - creating db connection using connection name: informix_connection
committing transaction
committing transaction
load Resource with ids:[J@178cb51
operator: UnknownresourceId: Unknown - creating db connection using connection name: informix_connection
load ResourceRole with id:13
operator: UnknownresourceId: Unknown - creating db connection using connection name: informix_connection
committing transaction
committing transaction
load Resource with ids:[J@e295d8,[J@e295d8,[J@e295d8
operator: UnknownresourceId: Unknown - creating db connection using connection name: informix_connection
load ResourceRole with id:9
operator: UnknownresourceId: Unknown - creating db connection using connection name: informix_connection
committing transaction
load ResourceRole with id:9
operator: UnknownresourceId: Unknown - creating db connection using connection name: informix_connection
committing transaction
load ResourceRole with id:9
operator: UnknownresourceId: Unknown - creating db connection using connection name: informix_connection
committing transaction
committing transaction
operator: UnknownresourceId: 100001 - load resource.
operator: UnknownresourceId: Unknown - creating db connection using connection name: informix_connection
load ResourceRole with id:4
operator: UnknownresourceId: Unknown - creating db connection using connection name: informix_connection
committing transaction
committing transaction
operator: UnknownresourceId: 100000 - load resource.
operator: UnknownresourceId: Unknown - creating db connection using connection name: informix_connection
load ResourceRole with id:13
operator: UnknownresourceId: Unknown - creating db connection using connection name: informix_connection
committing transaction
committing transaction
Read propery[ConnectionFactoryNS] which is  required  with value[com.topcoder.db.connectionfactory.DBConnectionFactoryImpl] from namespace [com.topcoder.management.project.persistence.InformixProjectPersistence].
Read propery[ConnectionName] which is  optional  with value[informix_connection] from namespace [com.topcoder.management.project.persistence.InformixProjectPersistence].
Read propery[ProjectIdSequenceName] which is  optional  with value[project_id_seq] from namespace [com.topcoder.management.project.persistence.InformixProjectPersistence].
Read propery[ProjectAuditIdSequenceName] which is  optional  with value[project_audit_id_seq] from namespace [com.topcoder.management.project.persistence.InformixProjectPersistence].
Read propery[ConnectionFactoryNS] which is  required  with value[com.topcoder.db.connectionfactory.DBConnectionFactoryImpl] from namespace [com.topcoder.management.project.persistence.link.ProjectLinkManagerImpl].
Read propery[ConnectionName] which is  optional  with value[informix_connection] from namespace [com.topcoder.management.project.persistence.link.ProjectLinkManagerImpl].
read property ConnectionFactoryNS[com.topcoder.db.connectionfactory.DBConnectionFactoryImpl] from the namespace :com.topcoder.management.scorecard.persistence.InformixScorecardPersistence
read property ConnectionName[informix_connection] from the namespace :com.topcoder.management.scorecard.persistence.InformixScorecardPersistence
Instantiate SqlUploadPersistence with connectionFactory and connectioName:informix_connection
Instantiate PersistenceUploadManager with UploadPersistence, uploadSearchBundle, submissionSearchBundle, uploadIdGenerator, uploadTypeIdGenerator, uploadStatusIdGenerator, submissionIDGenerator, submissionStatusIdGenerator and submissionTypeIdGenerator.
Instantiate AbstractResourcePersistence with connectionFactory and connectionName[informix_connection].
load Resource role with ids:[J@5571b0,[J@5571b0,[J@5571b0,[J@5571b0,[J@5571b0,[J@5571b0,[J@5571b0,[J@5571b0,[J@5571b0,[J@5571b0,[J@5571b0,[J@5571b0,[J@5571b0,[J@5571b0,[J@5571b0,[J@5571b0,[J@5571b0,[J@5571b0,[J@5571b0,[J@5571b0,[J@5571b0,[J@5571b0
operator: UnknownresourceId: Unknown - creating db connection using connection name: informix_connection
committing transaction
load Resource with ids:[J@13d07ff
operator: UnknownresourceId: Unknown - creating db connection using connection name: informix_connection
load ResourceRole with id:9
operator: UnknownresourceId: Unknown - creating db connection using connection name: informix_connection
committing transaction
committing transaction
load Resource with ids:[J@c005a0
operator: UnknownresourceId: Unknown - creating db connection using connection name: informix_connection
load ResourceRole with id:9
operator: UnknownresourceId: Unknown - creating db connection using connection name: informix_connection
committing transaction
committing transaction
get projects with the ids: 1
operator: UnknownprojectId: Unknown - creating db connection using connection name: informix_connection
committing transaction
load Notifications with array of userIds/projectIds/notificationTypes.
operator: UnknownresourceId: Unknown - creating db connection using connection name: informix_connection
committing transaction
get projects with the ids: 1
operator: UnknownprojectId: Unknown - creating db connection using connection name: informix_connection
committing transaction
load Resource role with ids:[J@196a317,[J@196a317,[J@196a317,[J@196a317,[J@196a317,[J@196a317,[J@196a317,[J@196a317,[J@196a317,[J@196a317,[J@196a317,[J@196a317,[J@196a317,[J@196a317,[J@196a317,[J@196a317,[J@196a317,[J@196a317,[J@196a317,[J@196a317,[J@196a317,[J@196a317
operator: UnknownresourceId: Unknown - creating db connection using connection name: informix_connection
committing transaction
load Resource with ids:[J@1bfc54
operator: UnknownresourceId: Unknown - creating db connection using connection name: informix_connection
load ResourceRole with id:4
operator: UnknownresourceId: Unknown - creating db connection using connection name: informix_connection
committing transaction
committing transaction
load Resource with ids:[J@bbc556
operator: UnknownresourceId: Unknown - creating db connection using connection name: informix_connection
load ResourceRole with id:12
operator: UnknownresourceId: Unknown - creating db connection using connection name: informix_connection
committing transaction
committing transaction
load Resource with ids:[J@f50af4
operator: UnknownresourceId: Unknown - creating db connection using connection name: informix_connection
load ResourceRole with id:13
operator: UnknownresourceId: Unknown - creating db connection using connection name: informix_connection
committing transaction
committing transaction
load Resource with ids:[J@a83c5d,[J@a83c5d
operator: UnknownresourceId: Unknown - creating db connection using connection name: informix_connection
load ResourceRole with id:9
operator: UnknownresourceId: Unknown - creating db connection using connection name: informix_connection
committing transaction
load ResourceRole with id:9
operator: UnknownresourceId: Unknown - creating db connection using connection name: informix_connection
committing transaction
committing transaction
operator: UnknownresourceId: 100001 - load resource.
operator: UnknownresourceId: Unknown - creating db connection using connection name: informix_connection
load ResourceRole with id:4
operator: UnknownresourceId: Unknown - creating db connection using connection name: informix_connection
committing transaction
committing transaction
operator: UnknownresourceId: 100000 - load resource.
operator: UnknownresourceId: Unknown - creating db connection using connection name: informix_connection
load ResourceRole with id:13
operator: UnknownresourceId: Unknown - creating db connection using connection name: informix_connection
committing transaction
committing transaction
Read propery[ConnectionFactoryNS] which is  required  with value[com.topcoder.db.connectionfactory.DBConnectionFactoryImpl] from namespace [com.topcoder.management.project.persistence.InformixProjectPersistence].
Read propery[ConnectionName] which is  optional  with value[informix_connection] from namespace [com.topcoder.management.project.persistence.InformixProjectPersistence].
Read propery[ProjectIdSequenceName] which is  optional  with value[project_id_seq] from namespace [com.topcoder.management.project.persistence.InformixProjectPersistence].
Read propery[ProjectAuditIdSequenceName] which is  optional  with value[project_audit_id_seq] from namespace [com.topcoder.management.project.persistence.InformixProjectPersistence].
Read propery[ConnectionFactoryNS] which is  required  with value[com.topcoder.db.connectionfactory.DBConnectionFactoryImpl] from namespace [com.topcoder.management.project.persistence.link.ProjectLinkManagerImpl].
Read propery[ConnectionName] which is  optional  with value[informix_connection] from namespace [com.topcoder.management.project.persistence.link.ProjectLinkManagerImpl].
read property ConnectionFactoryNS[com.topcoder.db.connectionfactory.DBConnectionFactoryImpl] from the namespace :com.topcoder.management.scorecard.persistence.InformixScorecardPersistence
read property ConnectionName[informix_connection] from the namespace :com.topcoder.management.scorecard.persistence.InformixScorecardPersistence
Instantiate SqlUploadPersistence with connectionFactory and connectioName:informix_connection
Instantiate PersistenceUploadManager with UploadPersistence, uploadSearchBundle, submissionSearchBundle, uploadIdGenerator, uploadTypeIdGenerator, uploadStatusIdGenerator, submissionIDGenerator, submissionStatusIdGenerator and submissionTypeIdGenerator.
Instantiate AbstractResourcePersistence with connectionFactory and connectionName[informix_connection].
load Resource role with ids:[J@179336b,[J@179336b,[J@179336b,[J@179336b,[J@179336b,[J@179336b,[J@179336b,[J@179336b,[J@179336b,[J@179336b,[J@179336b,[J@179336b,[J@179336b,[J@179336b,[J@179336b,[J@179336b,[J@179336b,[J@179336b,[J@179336b,[J@179336b,[J@179336b,[J@179336b
operator: UnknownresourceId: Unknown - creating db connection using connection name: informix_connection
committing transaction
Read propery[ConnectionFactoryNS] which is  required  with value[com.topcoder.db.connectionfactory.DBConnectionFactoryImpl] from namespace [com.topcoder.management.project.persistence.InformixProjectPersistence].
Read propery[ConnectionName] which is  optional  with value[informix_connection] from namespace [com.topcoder.management.project.persistence.InformixProjectPersistence].
Read propery[ProjectIdSequenceName] which is  optional  with value[project_id_seq] from namespace [com.topcoder.management.project.persistence.InformixProjectPersistence].
Read propery[ProjectAuditIdSequenceName] which is  optional  with value[project_audit_id_seq] from namespace [com.topcoder.management.project.persistence.InformixProjectPersistence].
Read propery[ConnectionFactoryNS] which is  required  with value[com.topcoder.db.connectionfactory.DBConnectionFactoryImpl] from namespace [com.topcoder.management.project.persistence.link.ProjectLinkManagerImpl].
Read propery[ConnectionName] which is  optional  with value[informix_connection] from namespace [com.topcoder.management.project.persistence.link.ProjectLinkManagerImpl].
read property ConnectionFactoryNS[com.topcoder.db.connectionfactory.DBConnectionFactoryImpl] from the namespace :com.topcoder.management.scorecard.persistence.InformixScorecardPersistence
read property ConnectionName[informix_connection] from the namespace :com.topcoder.management.scorecard.persistence.InformixScorecardPersistence
Instantiate SqlUploadPersistence with connectionFactory and connectioName:informix_connection
Instantiate PersistenceUploadManager with UploadPersistence, uploadSearchBundle, submissionSearchBundle, uploadIdGenerator, uploadTypeIdGenerator, uploadStatusIdGenerator, submissionIDGenerator, submissionStatusIdGenerator and submissionTypeIdGenerator.
Instantiate AbstractResourcePersistence with connectionFactory and connectionName[informix_connection].
load Resource role with ids:[J@da5064,[J@da5064,[J@da5064,[J@da5064,[J@da5064,[J@da5064,[J@da5064,[J@da5064,[J@da5064,[J@da5064,[J@da5064,[J@da5064,[J@da5064,[J@da5064,[J@da5064,[J@da5064,[J@da5064,[J@da5064,[J@da5064,[J@da5064,[J@da5064,[J@da5064
operator: UnknownresourceId: Unknown - creating db connection using connection name: informix_connection
committing transaction
Read propery[ConnectionFactoryNS] which is  required  with value[com.topcoder.db.connectionfactory.DBConnectionFactoryImpl] from namespace [com.topcoder.management.project.persistence.InformixProjectPersistence].
Read propery[ConnectionName] which is  optional  with value[informix_connection] from namespace [com.topcoder.management.project.persistence.InformixProjectPersistence].
Read propery[ProjectIdSequenceName] which is  optional  with value[project_id_seq] from namespace [com.topcoder.management.project.persistence.InformixProjectPersistence].
Read propery[ProjectAuditIdSequenceName] which is  optional  with value[project_audit_id_seq] from namespace [com.topcoder.management.project.persistence.InformixProjectPersistence].
Read propery[ConnectionFactoryNS] which is  required  with value[com.topcoder.db.connectionfactory.DBConnectionFactoryImpl] from namespace [com.topcoder.management.project.persistence.link.ProjectLinkManagerImpl].
Read propery[ConnectionName] which is  optional  with value[informix_connection] from namespace [com.topcoder.management.project.persistence.link.ProjectLinkManagerImpl].
read property ConnectionFactoryNS[com.topcoder.db.connectionfactory.DBConnectionFactoryImpl] from the namespace :com.topcoder.management.scorecard.persistence.InformixScorecardPersistence
read property ConnectionName[informix_connection] from the namespace :com.topcoder.management.scorecard.persistence.InformixScorecardPersistence
Instantiate SqlUploadPersistence with connectionFactory and connectioName:informix_connection
Instantiate PersistenceUploadManager with UploadPersistence, uploadSearchBundle, submissionSearchBundle, uploadIdGenerator, uploadTypeIdGenerator, uploadStatusIdGenerator, submissionIDGenerator, submissionStatusIdGenerator and submissionTypeIdGenerator.
Instantiate AbstractResourcePersistence with connectionFactory and connectionName[informix_connection].
load Resource role with ids:[J@13a8a9,[J@13a8a9,[J@13a8a9,[J@13a8a9,[J@13a8a9,[J@13a8a9,[J@13a8a9,[J@13a8a9,[J@13a8a9,[J@13a8a9,[J@13a8a9,[J@13a8a9,[J@13a8a9,[J@13a8a9,[J@13a8a9,[J@13a8a9,[J@13a8a9,[J@13a8a9,[J@13a8a9,[J@13a8a9,[J@13a8a9,[J@13a8a9
operator: UnknownresourceId: Unknown - creating db connection using connection name: informix_connection
committing transaction
Read propery[ConnectionFactoryNS] which is  required  with value[com.topcoder.db.connectionfactory.DBConnectionFactoryImpl] from namespace [com.topcoder.management.project.persistence.InformixProjectPersistence].
Read propery[ConnectionName] which is  optional  with value[informix_connection] from namespace [com.topcoder.management.project.persistence.InformixProjectPersistence].
Read propery[ProjectIdSequenceName] which is  optional  with value[project_id_seq] from namespace [com.topcoder.management.project.persistence.InformixProjectPersistence].
Read propery[ProjectAuditIdSequenceName] which is  optional  with value[project_audit_id_seq] from namespace [com.topcoder.management.project.persistence.InformixProjectPersistence].
Read propery[ConnectionFactoryNS] which is  required  with value[com.topcoder.db.connectionfactory.DBConnectionFactoryImpl] from namespace [com.topcoder.management.project.persistence.link.ProjectLinkManagerImpl].
Read propery[ConnectionName] which is  optional  with value[informix_connection] from namespace [com.topcoder.management.project.persistence.link.ProjectLinkManagerImpl].
read property ConnectionFactoryNS[com.topcoder.db.connectionfactory.DBConnectionFactoryImpl] from the namespace :com.topcoder.management.scorecard.persistence.InformixScorecardPersistence
read property ConnectionName[informix_connection] from the namespace :com.topcoder.management.scorecard.persistence.InformixScorecardPersistence
Instantiate SqlUploadPersistence with connectionFactory and connectioName:informix_connection
Instantiate PersistenceUploadManager with UploadPersistence, uploadSearchBundle, submissionSearchBundle, uploadIdGenerator, uploadTypeIdGenerator, uploadStatusIdGenerator, submissionIDGenerator, submissionStatusIdGenerator and submissionTypeIdGenerator.
Instantiate AbstractResourcePersistence with connectionFactory and connectionName[informix_connection].
load Resource role with ids:[J@3682bf,[J@3682bf,[J@3682bf,[J@3682bf,[J@3682bf,[J@3682bf,[J@3682bf,[J@3682bf,[J@3682bf,[J@3682bf,[J@3682bf,[J@3682bf,[J@3682bf,[J@3682bf,[J@3682bf,[J@3682bf,[J@3682bf,[J@3682bf,[J@3682bf,[J@3682bf,[J@3682bf,[J@3682bf
operator: UnknownresourceId: Unknown - creating db connection using connection name: informix_connection
committing transaction
Read propery[ConnectionFactoryNS] which is  required  with value[com.topcoder.db.connectionfactory.DBConnectionFactoryImpl] from namespace [com.topcoder.management.project.persistence.InformixProjectPersistence].
Read propery[ConnectionName] which is  optional  with value[informix_connection] from namespace [com.topcoder.management.project.persistence.InformixProjectPersistence].
Read propery[ProjectIdSequenceName] which is  optional  with value[project_id_seq] from namespace [com.topcoder.management.project.persistence.InformixProjectPersistence].
Read propery[ProjectAuditIdSequenceName] which is  optional  with value[project_audit_id_seq] from namespace [com.topcoder.management.project.persistence.InformixProjectPersistence].
Read propery[ConnectionFactoryNS] which is  required  with value[com.topcoder.db.connectionfactory.DBConnectionFactoryImpl] from namespace [com.topcoder.management.project.persistence.link.ProjectLinkManagerImpl].
Read propery[ConnectionName] which is  optional  with value[informix_connection] from namespace [com.topcoder.management.project.persistence.link.ProjectLinkManagerImpl].
read property ConnectionFactoryNS[com.topcoder.db.connectionfactory.DBConnectionFactoryImpl] from the namespace :com.topcoder.management.scorecard.persistence.InformixScorecardPersistence
read property ConnectionName[informix_connection] from the namespace :com.topcoder.management.scorecard.persistence.InformixScorecardPersistence
Instantiate SqlUploadPersistence with connectionFactory and connectioName:informix_connection
Instantiate PersistenceUploadManager with UploadPersistence, uploadSearchBundle, submissionSearchBundle, uploadIdGenerator, uploadTypeIdGenerator, uploadStatusIdGenerator, submissionIDGenerator, submissionStatusIdGenerator and submissionTypeIdGenerator.
Instantiate AbstractResourcePersistence with connectionFactory and connectionName[informix_connection].
load Resource role with ids:[J@1e23a35,[J@1e23a35,[J@1e23a35,[J@1e23a35,[J@1e23a35,[J@1e23a35,[J@1e23a35,[J@1e23a35,[J@1e23a35,[J@1e23a35,[J@1e23a35,[J@1e23a35,[J@1e23a35,[J@1e23a35,[J@1e23a35,[J@1e23a35,[J@1e23a35,[J@1e23a35,[J@1e23a35,[J@1e23a35,[J@1e23a35,[J@1e23a35
operator: UnknownresourceId: Unknown - creating db connection using connection name: informix_connection
committing transaction
Read propery[ConnectionFactoryNS] which is  required  with value[com.topcoder.db.connectionfactory.DBConnectionFactoryImpl] from namespace [com.topcoder.management.project.persistence.InformixProjectPersistence].
Read propery[ConnectionName] which is  optional  with value[informix_connection] from namespace [com.topcoder.management.project.persistence.InformixProjectPersistence].
Read propery[ProjectIdSequenceName] which is  optional  with value[project_id_seq] from namespace [com.topcoder.management.project.persistence.InformixProjectPersistence].
Read propery[ProjectAuditIdSequenceName] which is  optional  with value[project_audit_id_seq] from namespace [com.topcoder.management.project.persistence.InformixProjectPersistence].
Read propery[ConnectionFactoryNS] which is  required  with value[com.topcoder.db.connectionfactory.DBConnectionFactoryImpl] from namespace [com.topcoder.management.project.persistence.link.ProjectLinkManagerImpl].
Read propery[ConnectionName] which is  optional  with value[informix_connection] from namespace [com.topcoder.management.project.persistence.link.ProjectLinkManagerImpl].
read property ConnectionFactoryNS[com.topcoder.db.connectionfactory.DBConnectionFactoryImpl] from the namespace :com.topcoder.management.scorecard.persistence.InformixScorecardPersistence
read property ConnectionName[informix_connection] from the namespace :com.topcoder.management.scorecard.persistence.InformixScorecardPersistence
Instantiate SqlUploadPersistence with connectionFactory and connectioName:informix_connection
Instantiate PersistenceUploadManager with UploadPersistence, uploadSearchBundle, submissionSearchBundle, uploadIdGenerator, uploadTypeIdGenerator, uploadStatusIdGenerator, submissionIDGenerator, submissionStatusIdGenerator and submissionTypeIdGenerator.
Instantiate AbstractResourcePersistence with connectionFactory and connectionName[informix_connection].
load Resource role with ids:[J@1aa7598,[J@1aa7598,[J@1aa7598,[J@1aa7598,[J@1aa7598,[J@1aa7598,[J@1aa7598,[J@1aa7598,[J@1aa7598,[J@1aa7598,[J@1aa7598,[J@1aa7598,[J@1aa7598,[J@1aa7598,[J@1aa7598,[J@1aa7598,[J@1aa7598,[J@1aa7598,[J@1aa7598,[J@1aa7598,[J@1aa7598,[J@1aa7598
operator: UnknownresourceId: Unknown - creating db connection using connection name: informix_connection
committing transaction
Read propery[ConnectionFactoryNS] which is  required  with value[com.topcoder.db.connectionfactory.DBConnectionFactoryImpl] from namespace [com.topcoder.management.project.persistence.InformixProjectPersistence].
Read propery[ConnectionName] which is  optional  with value[informix_connection] from namespace [com.topcoder.management.project.persistence.InformixProjectPersistence].
Read propery[ProjectIdSequenceName] which is  optional  with value[project_id_seq] from namespace [com.topcoder.management.project.persistence.InformixProjectPersistence].
Read propery[ProjectAuditIdSequenceName] which is  optional  with value[project_audit_id_seq] from namespace [com.topcoder.management.project.persistence.InformixProjectPersistence].
Read propery[ConnectionFactoryNS] which is  required  with value[com.topcoder.db.connectionfactory.DBConnectionFactoryImpl] from namespace [com.topcoder.management.project.persistence.link.ProjectLinkManagerImpl].
Read propery[ConnectionName] which is  optional  with value[informix_connection] from namespace [com.topcoder.management.project.persistence.link.ProjectLinkManagerImpl].
read property ConnectionFactoryNS[com.topcoder.db.connectionfactory.DBConnectionFactoryImpl] from the namespace :com.topcoder.management.scorecard.persistence.InformixScorecardPersistence
read property ConnectionName[informix_connection] from the namespace :com.topcoder.management.scorecard.persistence.InformixScorecardPersistence
Instantiate SqlUploadPersistence with connectionFactory and connectioName:informix_connection
Instantiate PersistenceUploadManager with UploadPersistence, uploadSearchBundle, submissionSearchBundle, uploadIdGenerator, uploadTypeIdGenerator, uploadStatusIdGenerator, submissionIDGenerator, submissionStatusIdGenerator and submissionTypeIdGenerator.
Instantiate AbstractResourcePersistence with connectionFactory and connectionName[informix_connection].
load Resource role with ids:[J@3729f7,[J@3729f7,[J@3729f7,[J@3729f7,[J@3729f7,[J@3729f7,[J@3729f7,[J@3729f7,[J@3729f7,[J@3729f7,[J@3729f7,[J@3729f7,[J@3729f7,[J@3729f7,[J@3729f7,[J@3729f7,[J@3729f7,[J@3729f7,[J@3729f7,[J@3729f7,[J@3729f7,[J@3729f7
operator: UnknownresourceId: Unknown - creating db connection using connection name: informix_connection
committing transaction
Read propery[ConnectionFactoryNS] which is  required  with value[com.topcoder.db.connectionfactory.DBConnectionFactoryImpl] from namespace [com.topcoder.management.project.persistence.InformixProjectPersistence].
Read propery[ConnectionName] which is  optional  with value[informix_connection] from namespace [com.topcoder.management.project.persistence.InformixProjectPersistence].
Read propery[ProjectIdSequenceName] which is  optional  with value[project_id_seq] from namespace [com.topcoder.management.project.persistence.InformixProjectPersistence].
Read propery[ProjectAuditIdSequenceName] which is  optional  with value[project_audit_id_seq] from namespace [com.topcoder.management.project.persistence.InformixProjectPersistence].
Read propery[ConnectionFactoryNS] which is  required  with value[com.topcoder.db.connectionfactory.DBConnectionFactoryImpl] from namespace [com.topcoder.management.project.persistence.link.ProjectLinkManagerImpl].
Read propery[ConnectionName] which is  optional  with value[informix_connection] from namespace [com.topcoder.management.project.persistence.link.ProjectLinkManagerImpl].
read property ConnectionFactoryNS[com.topcoder.db.connectionfactory.DBConnectionFactoryImpl] from the namespace :com.topcoder.management.scorecard.persistence.InformixScorecardPersistence
read property ConnectionName[informix_connection] from the namespace :com.topcoder.management.scorecard.persistence.InformixScorecardPersistence
Instantiate SqlUploadPersistence with connectionFactory and connectioName:informix_connection
Instantiate PersistenceUploadManager with UploadPersistence, uploadSearchBundle, submissionSearchBundle, uploadIdGenerator, uploadTypeIdGenerator, uploadStatusIdGenerator, submissionIDGenerator, submissionStatusIdGenerator and submissionTypeIdGenerator.
Instantiate AbstractResourcePersistence with connectionFactory and connectionName[informix_connection].
load Resource role with ids:[J@a92a55,[J@a92a55,[J@a92a55,[J@a92a55,[J@a92a55,[J@a92a55,[J@a92a55,[J@a92a55,[J@a92a55,[J@a92a55,[J@a92a55,[J@a92a55,[J@a92a55,[J@a92a55,[J@a92a55,[J@a92a55,[J@a92a55,[J@a92a55,[J@a92a55,[J@a92a55,[J@a92a55,[J@a92a55
operator: UnknownresourceId: Unknown - creating db connection using connection name: informix_connection
committing transaction
Read propery[ConnectionFactoryNS] which is  required  with value[com.topcoder.db.connectionfactory.DBConnectionFactoryImpl] from namespace [com.topcoder.management.project.persistence.InformixProjectPersistence].
Read propery[ConnectionName] which is  optional  with value[informix_connection] from namespace [com.topcoder.management.project.persistence.InformixProjectPersistence].
Read propery[ProjectIdSequenceName] which is  optional  with value[project_id_seq] from namespace [com.topcoder.management.project.persistence.InformixProjectPersistence].
Read propery[ProjectAuditIdSequenceName] which is  optional  with value[project_audit_id_seq] from namespace [com.topcoder.management.project.persistence.InformixProjectPersistence].
Read propery[ConnectionFactoryNS] which is  required  with value[com.topcoder.db.connectionfactory.DBConnectionFactoryImpl] from namespace [com.topcoder.management.project.persistence.link.ProjectLinkManagerImpl].
Read propery[ConnectionName] which is  optional  with value[informix_connection] from namespace [com.topcoder.management.project.persistence.link.ProjectLinkManagerImpl].
read property ConnectionFactoryNS[com.topcoder.db.connectionfactory.DBConnectionFactoryImpl] from the namespace :com.topcoder.management.scorecard.persistence.InformixScorecardPersistence
read property ConnectionName[informix_connection] from the namespace :com.topcoder.management.scorecard.persistence.InformixScorecardPersistence
Instantiate SqlUploadPersistence with connectionFactory and connectioName:informix_connection
Instantiate PersistenceUploadManager with UploadPersistence, uploadSearchBundle, submissionSearchBundle, uploadIdGenerator, uploadTypeIdGenerator, uploadStatusIdGenerator, submissionIDGenerator, submissionStatusIdGenerator and submissionTypeIdGenerator.
Instantiate AbstractResourcePersistence with connectionFactory and connectionName[informix_connection].
load Resource role with ids:[J@c44924,[J@c44924,[J@c44924,[J@c44924,[J@c44924,[J@c44924,[J@c44924,[J@c44924,[J@c44924,[J@c44924,[J@c44924,[J@c44924,[J@c44924,[J@c44924,[J@c44924,[J@c44924,[J@c44924,[J@c44924,[J@c44924,[J@c44924,[J@c44924,[J@c44924
operator: UnknownresourceId: Unknown - creating db connection using connection name: informix_connection
committing transaction
load Resource with ids:[J@14cc8ce
operator: UnknownresourceId: Unknown - creating db connection using connection name: informix_connection
load ResourceRole with id:10
operator: UnknownresourceId: Unknown - creating db connection using connection name: informix_connection
committing transaction
committing transaction
Read propery[ConnectionFactoryNS] which is  required  with value[com.topcoder.db.connectionfactory.DBConnectionFactoryImpl] from namespace [com.topcoder.management.project.persistence.InformixProjectPersistence].
Read propery[ConnectionName] which is  optional  with value[informix_connection] from namespace [com.topcoder.management.project.persistence.InformixProjectPersistence].
Read propery[ProjectIdSequenceName] which is  optional  with value[project_id_seq] from namespace [com.topcoder.management.project.persistence.InformixProjectPersistence].
Read propery[ProjectAuditIdSequenceName] which is  optional  with value[project_audit_id_seq] from namespace [com.topcoder.management.project.persistence.InformixProjectPersistence].
Read propery[ConnectionFactoryNS] which is  required  with value[com.topcoder.db.connectionfactory.DBConnectionFactoryImpl] from namespace [com.topcoder.management.project.persistence.link.ProjectLinkManagerImpl].
Read propery[ConnectionName] which is  optional  with value[informix_connection] from namespace [com.topcoder.management.project.persistence.link.ProjectLinkManagerImpl].
read property ConnectionFactoryNS[com.topcoder.db.connectionfactory.DBConnectionFactoryImpl] from the namespace :com.topcoder.management.scorecard.persistence.InformixScorecardPersistence
read property ConnectionName[informix_connection] from the namespace :com.topcoder.management.scorecard.persistence.InformixScorecardPersistence
Instantiate SqlUploadPersistence with connectionFactory and connectioName:informix_connection
Instantiate PersistenceUploadManager with UploadPersistence, uploadSearchBundle, submissionSearchBundle, uploadIdGenerator, uploadTypeIdGenerator, uploadStatusIdGenerator, submissionIDGenerator, submissionStatusIdGenerator and submissionTypeIdGenerator.
Instantiate AbstractResourcePersistence with connectionFactory and connectionName[informix_connection].
load Resource role with ids:[J@1b9f7e8,[J@1b9f7e8,[J@1b9f7e8,[J@1b9f7e8,[J@1b9f7e8,[J@1b9f7e8,[J@1b9f7e8,[J@1b9f7e8,[J@1b9f7e8,[J@1b9f7e8,[J@1b9f7e8,[J@1b9f7e8,[J@1b9f7e8,[J@1b9f7e8,[J@1b9f7e8,[J@1b9f7e8,[J@1b9f7e8,[J@1b9f7e8,[J@1b9f7e8,[J@1b9f7e8,[J@1b9f7e8,[J@1b9f7e8
operator: UnknownresourceId: Unknown - creating db connection using connection name: informix_connection
committing transaction
Read propery[ConnectionFactoryNS] which is  required  with value[com.topcoder.db.connectionfactory.DBConnectionFactoryImpl] from namespace [com.topcoder.management.project.persistence.InformixProjectPersistence].
Read propery[ConnectionName] which is  optional  with value[informix_connection] from namespace [com.topcoder.management.project.persistence.InformixProjectPersistence].
Read propery[ProjectIdSequenceName] which is  optional  with value[project_id_seq] from namespace [com.topcoder.management.project.persistence.InformixProjectPersistence].
Read propery[ProjectAuditIdSequenceName] which is  optional  with value[project_audit_id_seq] from namespace [com.topcoder.management.project.persistence.InformixProjectPersistence].
Read propery[ConnectionFactoryNS] which is  required  with value[com.topcoder.db.connectionfactory.DBConnectionFactoryImpl] from namespace [com.topcoder.management.project.persistence.link.ProjectLinkManagerImpl].
Read propery[ConnectionName] which is  optional  with value[informix_connection] from namespace [com.topcoder.management.project.persistence.link.ProjectLinkManagerImpl].
read property ConnectionFactoryNS[com.topcoder.db.connectionfactory.DBConnectionFactoryImpl] from the namespace :com.topcoder.management.scorecard.persistence.InformixScorecardPersistence
read property ConnectionName[informix_connection] from the namespace :com.topcoder.management.scorecard.persistence.InformixScorecardPersistence
Instantiate SqlUploadPersistence with connectionFactory and connectioName:informix_connection
Instantiate PersistenceUploadManager with UploadPersistence, uploadSearchBundle, submissionSearchBundle, uploadIdGenerator, uploadTypeIdGenerator, uploadStatusIdGenerator, submissionIDGenerator, submissionStatusIdGenerator and submissionTypeIdGenerator.
Instantiate AbstractResourcePersistence with connectionFactory and connectionName[informix_connection].
load Resource role with ids:[J@1928b84,[J@1928b84,[J@1928b84,[J@1928b84,[J@1928b84,[J@1928b84,[J@1928b84,[J@1928b84,[J@1928b84,[J@1928b84,[J@1928b84,[J@1928b84,[J@1928b84,[J@1928b84,[J@1928b84,[J@1928b84,[J@1928b84,[J@1928b84,[J@1928b84,[J@1928b84,[J@1928b84,[J@1928b84
operator: UnknownresourceId: Unknown - creating db connection using connection name: informix_connection
committing transaction
load Resource with ids:[J@a585ef
operator: UnknownresourceId: Unknown - creating db connection using connection name: informix_connection
load ResourceRole with id:10
operator: UnknownresourceId: Unknown - creating db connection using connection name: informix_connection
committing transaction
committing transaction
load Resource with ids:[J@10015b6
operator: UnknownresourceId: Unknown - creating db connection using connection name: informix_connection
load ResourceRole with id:10
operator: UnknownresourceId: Unknown - creating db connection using connection name: informix_connection
committing transaction
committing transaction
load Resource with ids:[J@15e2a51
operator: UnknownresourceId: Unknown - creating db connection using connection name: informix_connection
load ResourceRole with id:9
operator: UnknownresourceId: Unknown - creating db connection using connection name: informix_connection
committing transaction
committing transaction
operator: UnknownresourceId: 49 - add new resource to the project [id=1] with role :Final Reviewer in the [id=1339] phase.
operator: UnknownresourceId: Unknown - creating db connection using connection name: informix_connection
insert a record into resource with resource id : 49
insert a record into the resource_info table with resource_id = 49 and resource_info_type_id =1 value = 2
insert a record into the resource_info table with resource_id = 49 and resource_info_type_id =7 value = 0
committing transaction
load Notifications with array of userIds/projectIds/notificationTypes.
operator: UnknownresourceId: Unknown - creating db connection using connection name: informix_connection
committing transaction
get projects with the ids: 1
operator: UnknownprojectId: Unknown - creating db connection using connection name: informix_connection
committing transaction
load Resource role with ids:[J@1098f1f,[J@1098f1f,[J@1098f1f,[J@1098f1f,[J@1098f1f,[J@1098f1f,[J@1098f1f,[J@1098f1f,[J@1098f1f,[J@1098f1f,[J@1098f1f,[J@1098f1f,[J@1098f1f,[J@1098f1f,[J@1098f1f,[J@1098f1f,[J@1098f1f,[J@1098f1f,[J@1098f1f,[J@1098f1f,[J@1098f1f,[J@1098f1f
operator: UnknownresourceId: Unknown - creating db connection using connection name: informix_connection
committing transaction
load Resource with ids:[J@b93e8f
operator: UnknownresourceId: Unknown - creating db connection using connection name: informix_connection
load ResourceRole with id:4
operator: UnknownresourceId: Unknown - creating db connection using connection name: informix_connection
committing transaction
committing transaction
load Resource with ids:[J@1d8f3a1
operator: UnknownresourceId: Unknown - creating db connection using connection name: informix_connection
load ResourceRole with id:12
operator: UnknownresourceId: Unknown - creating db connection using connection name: informix_connection
committing transaction
committing transaction
load Resource with ids:[J@83aa6e
operator: UnknownresourceId: Unknown - creating db connection using connection name: informix_connection
load ResourceRole with id:13
operator: UnknownresourceId: Unknown - creating db connection using connection name: informix_connection
committing transaction
committing transaction
load Resource with ids:[J@29efad,[J@29efad,[J@29efad
operator: UnknownresourceId: Unknown - creating db connection using connection name: informix_connection
load ResourceRole with id:9
operator: UnknownresourceId: Unknown - creating db connection using connection name: informix_connection
committing transaction
load ResourceRole with id:9
operator: UnknownresourceId: Unknown - creating db connection using connection name: informix_connection
committing transaction
load ResourceRole with id:9
operator: UnknownresourceId: Unknown - creating db connection using connection name: informix_connection
committing transaction
committing transaction
load Resource with ids:[J@1a9647b
operator: UnknownresourceId: Unknown - creating db connection using connection name: informix_connection
load ResourceRole with id:10
operator: UnknownresourceId: Unknown - creating db connection using connection name: informix_connection
committing transaction
committing transaction
operator: UnknownresourceId: 100001 - load resource.
operator: UnknownresourceId: Unknown - creating db connection using connection name: informix_connection
load ResourceRole with id:4
operator: UnknownresourceId: Unknown - creating db connection using connection name: informix_connection
committing transaction
committing transaction
operator: UnknownresourceId: 100002 - load resource.
operator: UnknownresourceId: Unknown - creating db connection using connection name: informix_connection
load ResourceRole with id:12
operator: UnknownresourceId: Unknown - creating db connection using connection name: informix_connection
committing transaction
committing transaction
Read propery[ConnectionFactoryNS] which is  required  with value[com.topcoder.db.connectionfactory.DBConnectionFactoryImpl] from namespace [com.topcoder.management.project.persistence.InformixProjectPersistence].
Read propery[ConnectionName] which is  optional  with value[informix_connection] from namespace [com.topcoder.management.project.persistence.InformixProjectPersistence].
Read propery[ProjectIdSequenceName] which is  optional  with value[project_id_seq] from namespace [com.topcoder.management.project.persistence.InformixProjectPersistence].
Read propery[ProjectAuditIdSequenceName] which is  optional  with value[project_audit_id_seq] from namespace [com.topcoder.management.project.persistence.InformixProjectPersistence].
Read propery[ConnectionFactoryNS] which is  required  with value[com.topcoder.db.connectionfactory.DBConnectionFactoryImpl] from namespace [com.topcoder.management.project.persistence.link.ProjectLinkManagerImpl].
Read propery[ConnectionName] which is  optional  with value[informix_connection] from namespace [com.topcoder.management.project.persistence.link.ProjectLinkManagerImpl].
read property ConnectionFactoryNS[com.topcoder.db.connectionfactory.DBConnectionFactoryImpl] from the namespace :com.topcoder.management.scorecard.persistence.InformixScorecardPersistence
read property ConnectionName[informix_connection] from the namespace :com.topcoder.management.scorecard.persistence.InformixScorecardPersistence
Instantiate SqlUploadPersistence with connectionFactory and connectioName:informix_connection
Instantiate PersistenceUploadManager with UploadPersistence, uploadSearchBundle, submissionSearchBundle, uploadIdGenerator, uploadTypeIdGenerator, uploadStatusIdGenerator, submissionIDGenerator, submissionStatusIdGenerator and submissionTypeIdGenerator.
Instantiate AbstractResourcePersistence with connectionFactory and connectionName[informix_connection].
load Resource role with ids:[J@1927561,[J@1927561,[J@1927561,[J@1927561,[J@1927561,[J@1927561,[J@1927561,[J@1927561,[J@1927561,[J@1927561,[J@1927561,[J@1927561,[J@1927561,[J@1927561,[J@1927561,[J@1927561,[J@1927561,[J@1927561,[J@1927561,[J@1927561,[J@1927561,[J@1927561
operator: UnknownresourceId: Unknown - creating db connection using connection name: informix_connection
committing transaction
load Resource with ids:[J@feff22
operator: UnknownresourceId: Unknown - creating db connection using connection name: informix_connection
load ResourceRole with id:10
operator: UnknownresourceId: Unknown - creating db connection using connection name: informix_connection
committing transaction
committing transaction
load Resource with ids:[J@1b6ac25
operator: UnknownresourceId: Unknown - creating db connection using connection name: informix_connection
load ResourceRole with id:10
operator: UnknownresourceId: Unknown - creating db connection using connection name: informix_connection
committing transaction
committing transaction
load Resource with ids:[J@7d4add
operator: UnknownresourceId: Unknown - creating db connection using connection name: informix_connection
load ResourceRole with id:10
operator: UnknownresourceId: Unknown - creating db connection using connection name: informix_connection
committing transaction
committing transaction
load Notifications with array of userIds/projectIds/notificationTypes.
operator: UnknownresourceId: Unknown - creating db connection using connection name: informix_connection
committing transaction
get projects with the ids: 1
operator: UnknownprojectId: Unknown - creating db connection using connection name: informix_connection
committing transaction
load Resource role with ids:[J@f8803c,[J@f8803c,[J@f8803c,[J@f8803c,[J@f8803c,[J@f8803c,[J@f8803c,[J@f8803c,[J@f8803c,[J@f8803c,[J@f8803c,[J@f8803c,[J@f8803c,[J@f8803c,[J@f8803c,[J@f8803c,[J@f8803c,[J@f8803c,[J@f8803c,[J@f8803c,[J@f8803c,[J@f8803c
operator: UnknownresourceId: Unknown - creating db connection using connection name: informix_connection
committing transaction
load Resource with ids:[J@7118a4
operator: UnknownresourceId: Unknown - creating db connection using connection name: informix_connection
load ResourceRole with id:4
operator: UnknownresourceId: Unknown - creating db connection using connection name: informix_connection
committing transaction
committing transaction
load Resource with ids:[J@176eb40
operator: UnknownresourceId: Unknown - creating db connection using connection name: informix_connection
load ResourceRole with id:12
operator: UnknownresourceId: Unknown - creating db connection using connection name: informix_connection
committing transaction
committing transaction
load Resource with ids:[J@14f0b41
operator: UnknownresourceId: Unknown - creating db connection using connection name: informix_connection
load ResourceRole with id:13
operator: UnknownresourceId: Unknown - creating db connection using connection name: informix_connection
committing transaction
committing transaction
load Resource with ids:[J@138fe2b,[J@138fe2b
operator: UnknownresourceId: Unknown - creating db connection using connection name: informix_connection
load ResourceRole with id:9
operator: UnknownresourceId: Unknown - creating db connection using connection name: informix_connection
committing transaction
load ResourceRole with id:9
operator: UnknownresourceId: Unknown - creating db connection using connection name: informix_connection
committing transaction
committing transaction
load Resource with ids:[J@5220dc
operator: UnknownresourceId: Unknown - creating db connection using connection name: informix_connection
load ResourceRole with id:10
operator: UnknownresourceId: Unknown - creating db connection using connection name: informix_connection
committing transaction
committing transaction
operator: UnknownresourceId: 100001 - load resource.
operator: UnknownresourceId: Unknown - creating db connection using connection name: informix_connection
load ResourceRole with id:4
operator: UnknownresourceId: Unknown - creating db connection using connection name: informix_connection
committing transaction
committing transaction
operator: UnknownresourceId: 100002 - load resource.
operator: UnknownresourceId: Unknown - creating db connection using connection name: informix_connection
load ResourceRole with id:12
operator: UnknownresourceId: Unknown - creating db connection using connection name: informix_connection
committing transaction
committing transaction
Read propery[ConnectionFactoryNS] which is  required  with value[com.topcoder.db.connectionfactory.DBConnectionFactoryImpl] from namespace [com.topcoder.management.project.persistence.InformixProjectPersistence].
Read propery[ConnectionName] which is  optional  with value[informix_connection] from namespace [com.topcoder.management.project.persistence.InformixProjectPersistence].
Read propery[ProjectIdSequenceName] which is  optional  with value[project_id_seq] from namespace [com.topcoder.management.project.persistence.InformixProjectPersistence].
Read propery[ProjectAuditIdSequenceName] which is  optional  with value[project_audit_id_seq] from namespace [com.topcoder.management.project.persistence.InformixProjectPersistence].
Read propery[ConnectionFactoryNS] which is  required  with value[com.topcoder.db.connectionfactory.DBConnectionFactoryImpl] from namespace [com.topcoder.management.project.persistence.link.ProjectLinkManagerImpl].
Read propery[ConnectionName] which is  optional  with value[informix_connection] from namespace [com.topcoder.management.project.persistence.link.ProjectLinkManagerImpl].
read property ConnectionFactoryNS[com.topcoder.db.connectionfactory.DBConnectionFactoryImpl] from the namespace :com.topcoder.management.scorecard.persistence.InformixScorecardPersistence
read property ConnectionName[informix_connection] from the namespace :com.topcoder.management.scorecard.persistence.InformixScorecardPersistence
Instantiate SqlUploadPersistence with connectionFactory and connectioName:informix_connection
Instantiate PersistenceUploadManager with UploadPersistence, uploadSearchBundle, submissionSearchBundle, uploadIdGenerator, uploadTypeIdGenerator, uploadStatusIdGenerator, submissionIDGenerator, submissionStatusIdGenerator and submissionTypeIdGenerator.
Instantiate AbstractResourcePersistence with connectionFactory and connectionName[informix_connection].
load Resource role with ids:[J@130291c,[J@130291c,[J@130291c,[J@130291c,[J@130291c,[J@130291c,[J@130291c,[J@130291c,[J@130291c,[J@130291c,[J@130291c,[J@130291c,[J@130291c,[J@130291c,[J@130291c,[J@130291c,[J@130291c,[J@130291c,[J@130291c,[J@130291c,[J@130291c,[J@130291c
operator: UnknownresourceId: Unknown - creating db connection using connection name: informix_connection
committing transaction
load Notifications with array of userIds/projectIds/notificationTypes.
operator: UnknownresourceId: Unknown - creating db connection using connection name: informix_connection
committing transaction
get projects with the ids: 1
operator: UnknownprojectId: Unknown - creating db connection using connection name: informix_connection
committing transaction
load Resource role with ids:[J@113925a,[J@113925a,[J@113925a,[J@113925a,[J@113925a,[J@113925a,[J@113925a,[J@113925a,[J@113925a,[J@113925a,[J@113925a,[J@113925a,[J@113925a,[J@113925a,[J@113925a,[J@113925a,[J@113925a,[J@113925a,[J@113925a,[J@113925a,[J@113925a,[J@113925a
operator: UnknownresourceId: Unknown - creating db connection using connection name: informix_connection
committing transaction
load Resource with ids:[J@13ea6bf
operator: UnknownresourceId: Unknown - creating db connection using connection name: informix_connection
load ResourceRole with id:4
operator: UnknownresourceId: Unknown - creating db connection using connection name: informix_connection
committing transaction
committing transaction
load Resource with ids:[J@35486b
operator: UnknownresourceId: Unknown - creating db connection using connection name: informix_connection
load ResourceRole with id:12
operator: UnknownresourceId: Unknown - creating db connection using connection name: informix_connection
committing transaction
committing transaction
load Resource with ids:[J@13e2817
operator: UnknownresourceId: Unknown - creating db connection using connection name: informix_connection
load ResourceRole with id:13
operator: UnknownresourceId: Unknown - creating db connection using connection name: informix_connection
committing transaction
committing transaction
load Resource with ids:[J@1db7b9
operator: UnknownresourceId: Unknown - creating db connection using connection name: informix_connection
load ResourceRole with id:9
operator: UnknownresourceId: Unknown - creating db connection using connection name: informix_connection
committing transaction
committing transaction
operator: UnknownresourceId: 100001 - load resource.
operator: UnknownresourceId: Unknown - creating db connection using connection name: informix_connection
load ResourceRole with id:4
operator: UnknownresourceId: Unknown - creating db connection using connection name: informix_connection
committing transaction
committing transaction
operator: UnknownresourceId: 100002 - load resource.
operator: UnknownresourceId: Unknown - creating db connection using connection name: informix_connection
load ResourceRole with id:12
operator: UnknownresourceId: Unknown - creating db connection using connection name: informix_connection
committing transaction
committing transaction
Read propery[ConnectionFactoryNS] which is  required  with value[com.topcoder.db.connectionfactory.DBConnectionFactoryImpl] from namespace [com.topcoder.management.project.persistence.InformixProjectPersistence].
Read propery[ConnectionName] which is  optional  with value[informix_connection] from namespace [com.topcoder.management.project.persistence.InformixProjectPersistence].
Read propery[ProjectIdSequenceName] which is  optional  with value[project_id_seq] from namespace [com.topcoder.management.project.persistence.InformixProjectPersistence].
Read propery[ProjectAuditIdSequenceName] which is  optional  with value[project_audit_id_seq] from namespace [com.topcoder.management.project.persistence.InformixProjectPersistence].
Read propery[ConnectionFactoryNS] which is  required  with value[com.topcoder.db.connectionfactory.DBConnectionFactoryImpl] from namespace [com.topcoder.management.project.persistence.link.ProjectLinkManagerImpl].
Read propery[ConnectionName] which is  optional  with value[informix_connection] from namespace [com.topcoder.management.project.persistence.link.ProjectLinkManagerImpl].
read property ConnectionFactoryNS[com.topcoder.db.connectionfactory.DBConnectionFactoryImpl] from the namespace :com.topcoder.management.scorecard.persistence.InformixScorecardPersistence
read property ConnectionName[informix_connection] from the namespace :com.topcoder.management.scorecard.persistence.InformixScorecardPersistence
Instantiate SqlUploadPersistence with connectionFactory and connectioName:informix_connection
Instantiate PersistenceUploadManager with UploadPersistence, uploadSearchBundle, submissionSearchBundle, uploadIdGenerator, uploadTypeIdGenerator, uploadStatusIdGenerator, submissionIDGenerator, submissionStatusIdGenerator and submissionTypeIdGenerator.
Instantiate AbstractResourcePersistence with connectionFactory and connectionName[informix_connection].
load Resource role with ids:[J@1ab25cb,[J@1ab25cb,[J@1ab25cb,[J@1ab25cb,[J@1ab25cb,[J@1ab25cb,[J@1ab25cb,[J@1ab25cb,[J@1ab25cb,[J@1ab25cb,[J@1ab25cb,[J@1ab25cb,[J@1ab25cb,[J@1ab25cb,[J@1ab25cb,[J@1ab25cb,[J@1ab25cb,[J@1ab25cb,[J@1ab25cb,[J@1ab25cb,[J@1ab25cb,[J@1ab25cb
operator: UnknownresourceId: Unknown - creating db connection using connection name: informix_connection
committing transaction
load Resource with ids:[J@1e463d0
operator: UnknownresourceId: Unknown - creating db connection using connection name: informix_connection
load ResourceRole with id:10
operator: UnknownresourceId: Unknown - creating db connection using connection name: informix_connection
committing transaction
committing transaction
load Notifications with array of userIds/projectIds/notificationTypes.
operator: UnknownresourceId: Unknown - creating db connection using connection name: informix_connection
committing transaction
get projects with the ids: 1
operator: UnknownprojectId: Unknown - creating db connection using connection name: informix_connection
committing transaction
load Resource role with ids:[J@153b525,[J@153b525,[J@153b525,[J@153b525,[J@153b525,[J@153b525,[J@153b525,[J@153b525,[J@153b525,[J@153b525,[J@153b525,[J@153b525,[J@153b525,[J@153b525,[J@153b525,[J@153b525,[J@153b525,[J@153b525,[J@153b525,[J@153b525,[J@153b525,[J@153b525
operator: UnknownresourceId: Unknown - creating db connection using connection name: informix_connection
committing transaction
load Resource with ids:[J@1e45708
operator: UnknownresourceId: Unknown - creating db connection using connection name: informix_connection
load ResourceRole with id:4
operator: UnknownresourceId: Unknown - creating db connection using connection name: informix_connection
committing transaction
committing transaction
load Resource with ids:[J@1f58923
operator: UnknownresourceId: Unknown - creating db connection using connection name: informix_connection
load ResourceRole with id:12
operator: UnknownresourceId: Unknown - creating db connection using connection name: informix_connection
committing transaction
committing transaction
load Resource with ids:[J@1d76591
operator: UnknownresourceId: Unknown - creating db connection using connection name: informix_connection
load ResourceRole with id:13
operator: UnknownresourceId: Unknown - creating db connection using connection name: informix_connection
committing transaction
committing transaction
load Resource with ids:[J@1d3a3bc
operator: UnknownresourceId: Unknown - creating db connection using connection name: informix_connection
load ResourceRole with id:9
operator: UnknownresourceId: Unknown - creating db connection using connection name: informix_connection
committing transaction
committing transaction
load Resource with ids:[J@6f2344
operator: UnknownresourceId: Unknown - creating db connection using connection name: informix_connection
load ResourceRole with id:10
operator: UnknownresourceId: Unknown - creating db connection using connection name: informix_connection
committing transaction
committing transaction
operator: UnknownresourceId: 100001 - load resource.
operator: UnknownresourceId: Unknown - creating db connection using connection name: informix_connection
load ResourceRole with id:4
operator: UnknownresourceId: Unknown - creating db connection using connection name: informix_connection
committing transaction
committing transaction
operator: UnknownresourceId: 100002 - load resource.
operator: UnknownresourceId: Unknown - creating db connection using connection name: informix_connection
load ResourceRole with id:12
operator: UnknownresourceId: Unknown - creating db connection using connection name: informix_connection
committing transaction
committing transaction
Read propery[ConnectionFactoryNS] which is  required  with value[com.topcoder.db.connectionfactory.DBConnectionFactoryImpl] from namespace [com.topcoder.management.project.persistence.InformixProjectPersistence].
Read propery[ConnectionName] which is  optional  with value[informix_connection] from namespace [com.topcoder.management.project.persistence.InformixProjectPersistence].
Read propery[ProjectIdSequenceName] which is  optional  with value[project_id_seq] from namespace [com.topcoder.management.project.persistence.InformixProjectPersistence].
Read propery[ProjectAuditIdSequenceName] which is  optional  with value[project_audit_id_seq] from namespace [com.topcoder.management.project.persistence.InformixProjectPersistence].
Read propery[ConnectionFactoryNS] which is  required  with value[com.topcoder.db.connectionfactory.DBConnectionFactoryImpl] from namespace [com.topcoder.management.project.persistence.link.ProjectLinkManagerImpl].
Read propery[ConnectionName] which is  optional  with value[informix_connection] from namespace [com.topcoder.management.project.persistence.link.ProjectLinkManagerImpl].
read property ConnectionFactoryNS[com.topcoder.db.connectionfactory.DBConnectionFactoryImpl] from the namespace :com.topcoder.management.scorecard.persistence.InformixScorecardPersistence
read property ConnectionName[informix_connection] from the namespace :com.topcoder.management.scorecard.persistence.InformixScorecardPersistence
Instantiate SqlUploadPersistence with connectionFactory and connectioName:informix_connection
Instantiate PersistenceUploadManager with UploadPersistence, uploadSearchBundle, submissionSearchBundle, uploadIdGenerator, uploadTypeIdGenerator, uploadStatusIdGenerator, submissionIDGenerator, submissionStatusIdGenerator and submissionTypeIdGenerator.
Instantiate AbstractResourcePersistence with connectionFactory and connectionName[informix_connection].
load Resource role with ids:[J@139feec,[J@139feec,[J@139feec,[J@139feec,[J@139feec,[J@139feec,[J@139feec,[J@139feec,[J@139feec,[J@139feec,[J@139feec,[J@139feec,[J@139feec,[J@139feec,[J@139feec,[J@139feec,[J@139feec,[J@139feec,[J@139feec,[J@139feec,[J@139feec,[J@139feec
operator: UnknownresourceId: Unknown - creating db connection using connection name: informix_connection
committing transaction
load Resource with ids:[J@176d5d3
operator: UnknownresourceId: Unknown - creating db connection using connection name: informix_connection
load ResourceRole with id:10
operator: UnknownresourceId: Unknown - creating db connection using connection name: informix_connection
committing transaction
committing transaction
load Resource with ids:[J@61a8f8
operator: UnknownresourceId: Unknown - creating db connection using connection name: informix_connection
load ResourceRole with id:10
operator: UnknownresourceId: Unknown - creating db connection using connection name: informix_connection
committing transaction
committing transaction
load Resource with ids:[J@7c448d
operator: UnknownresourceId: Unknown - creating db connection using connection name: informix_connection
load ResourceRole with id:10
operator: UnknownresourceId: Unknown - creating db connection using connection name: informix_connection
committing transaction
committing transaction
get projects with the ids: 1
operator: UnknownprojectId: Unknown - creating db connection using connection name: informix_connection
committing transaction
operator: 1001projectId: 1 - updating project: {Requires Other Fixes=true, Project Name=Online Review Phases, Project Version=1.5}
operator: UnknownprojectId: Unknown - creating db connection using connection name: informix_connection
operator: 1001projectId: 1 - update project with projectId:1
operator: 1001projectId: 1 - update project, update project_info with projectId:1
operator: 1001projectId: 1 - insert record into project_info with project id1
operator: 1001projectId: 1 - generate new id for the project audit.
insert record into project_audit with projectId:1
operator: 1001projectId: 1 - execute sql:SELECT modify_date FROM project WHERE project_id=?
committing transaction
load Notifications with array of userIds/projectIds/notificationTypes.
operator: UnknownresourceId: Unknown - creating db connection using connection name: informix_connection
committing transaction
get projects with the ids: 1
operator: UnknownprojectId: Unknown - creating db connection using connection name: informix_connection
committing transaction
load Resource role with ids:[J@1ef6570,[J@1ef6570,[J@1ef6570,[J@1ef6570,[J@1ef6570,[J@1ef6570,[J@1ef6570,[J@1ef6570,[J@1ef6570,[J@1ef6570,[J@1ef6570,[J@1ef6570,[J@1ef6570,[J@1ef6570,[J@1ef6570,[J@1ef6570,[J@1ef6570,[J@1ef6570,[J@1ef6570,[J@1ef6570,[J@1ef6570,[J@1ef6570
operator: UnknownresourceId: Unknown - creating db connection using connection name: informix_connection
committing transaction
load Resource with ids:[J@13df1ff
operator: UnknownresourceId: Unknown - creating db connection using connection name: informix_connection
load ResourceRole with id:4
operator: UnknownresourceId: Unknown - creating db connection using connection name: informix_connection
committing transaction
committing transaction
load Resource with ids:[J@2120c6
operator: UnknownresourceId: Unknown - creating db connection using connection name: informix_connection
load ResourceRole with id:12
operator: UnknownresourceId: Unknown - creating db connection using connection name: informix_connection
committing transaction
committing transaction
load Resource with ids:[J@125a910
operator: UnknownresourceId: Unknown - creating db connection using connection name: informix_connection
load ResourceRole with id:13
operator: UnknownresourceId: Unknown - creating db connection using connection name: informix_connection
committing transaction
committing transaction
load Resource with ids:[J@74784,[J@74784
operator: UnknownresourceId: Unknown - creating db connection using connection name: informix_connection
load ResourceRole with id:9
operator: UnknownresourceId: Unknown - creating db connection using connection name: informix_connection
committing transaction
load ResourceRole with id:9
operator: UnknownresourceId: Unknown - creating db connection using connection name: informix_connection
committing transaction
committing transaction
load Resource with ids:[J@1757c3a
operator: UnknownresourceId: Unknown - creating db connection using connection name: informix_connection
load ResourceRole with id:10
operator: UnknownresourceId: Unknown - creating db connection using connection name: informix_connection
committing transaction
committing transaction
operator: UnknownresourceId: 100001 - load resource.
operator: UnknownresourceId: Unknown - creating db connection using connection name: informix_connection
load ResourceRole with id:4
operator: UnknownresourceId: Unknown - creating db connection using connection name: informix_connection
committing transaction
committing transaction
operator: UnknownresourceId: 100002 - load resource.
operator: UnknownresourceId: Unknown - creating db connection using connection name: informix_connection
load ResourceRole with id:12
operator: UnknownresourceId: Unknown - creating db connection using connection name: informix_connection
committing transaction
committing transaction
Read propery[ConnectionFactoryNS] which is  required  with value[com.topcoder.db.connectionfactory.DBConnectionFactoryImpl] from namespace [com.topcoder.management.project.persistence.InformixProjectPersistence].
Read propery[ConnectionName] which is  optional  with value[informix_connection] from namespace [com.topcoder.management.project.persistence.InformixProjectPersistence].
Read propery[ProjectIdSequenceName] which is  optional  with value[project_id_seq] from namespace [com.topcoder.management.project.persistence.InformixProjectPersistence].
Read propery[ProjectAuditIdSequenceName] which is  optional  with value[project_audit_id_seq] from namespace [com.topcoder.management.project.persistence.InformixProjectPersistence].
Read propery[ConnectionFactoryNS] which is  required  with value[com.topcoder.db.connectionfactory.DBConnectionFactoryImpl] from namespace [com.topcoder.management.project.persistence.link.ProjectLinkManagerImpl].
Read propery[ConnectionName] which is  optional  with value[informix_connection] from namespace [com.topcoder.management.project.persistence.link.ProjectLinkManagerImpl].
read property ConnectionFactoryNS[com.topcoder.db.connectionfactory.DBConnectionFactoryImpl] from the namespace :com.topcoder.management.scorecard.persistence.InformixScorecardPersistence
read property ConnectionName[informix_connection] from the namespace :com.topcoder.management.scorecard.persistence.InformixScorecardPersistence
Instantiate SqlUploadPersistence with connectionFactory and connectioName:informix_connection
Instantiate PersistenceUploadManager with UploadPersistence, uploadSearchBundle, submissionSearchBundle, uploadIdGenerator, uploadTypeIdGenerator, uploadStatusIdGenerator, submissionIDGenerator, submissionStatusIdGenerator and submissionTypeIdGenerator.
Instantiate AbstractResourcePersistence with connectionFactory and connectionName[informix_connection].
load Resource role with ids:[J@3fb83e,[J@3fb83e,[J@3fb83e,[J@3fb83e,[J@3fb83e,[J@3fb83e,[J@3fb83e,[J@3fb83e,[J@3fb83e,[J@3fb83e,[J@3fb83e,[J@3fb83e,[J@3fb83e,[J@3fb83e,[J@3fb83e,[J@3fb83e,[J@3fb83e,[J@3fb83e,[J@3fb83e,[J@3fb83e,[J@3fb83e,[J@3fb83e
operator: UnknownresourceId: Unknown - creating db connection using connection name: informix_connection
committing transaction
Read propery[ConnectionFactoryNS] which is  required  with value[com.topcoder.db.connectionfactory.DBConnectionFactoryImpl] from namespace [com.topcoder.management.project.persistence.InformixProjectPersistence].
Read propery[ConnectionName] which is  optional  with value[informix_connection] from namespace [com.topcoder.management.project.persistence.InformixProjectPersistence].
Read propery[ProjectIdSequenceName] which is  optional  with value[project_id_seq] from namespace [com.topcoder.management.project.persistence.InformixProjectPersistence].
Read propery[ProjectAuditIdSequenceName] which is  optional  with value[project_audit_id_seq] from namespace [com.topcoder.management.project.persistence.InformixProjectPersistence].
Read propery[ConnectionFactoryNS] which is  required  with value[com.topcoder.db.connectionfactory.DBConnectionFactoryImpl] from namespace [com.topcoder.management.project.persistence.link.ProjectLinkManagerImpl].
Read propery[ConnectionName] which is  optional  with value[informix_connection] from namespace [com.topcoder.management.project.persistence.link.ProjectLinkManagerImpl].
read property ConnectionFactoryNS[com.topcoder.db.connectionfactory.DBConnectionFactoryImpl] from the namespace :com.topcoder.management.scorecard.persistence.InformixScorecardPersistence
read property ConnectionName[informix_connection] from the namespace :com.topcoder.management.scorecard.persistence.InformixScorecardPersistence
Instantiate SqlUploadPersistence with connectionFactory and connectioName:informix_connection
Instantiate PersistenceUploadManager with UploadPersistence, uploadSearchBundle, submissionSearchBundle, uploadIdGenerator, uploadTypeIdGenerator, uploadStatusIdGenerator, submissionIDGenerator, submissionStatusIdGenerator and submissionTypeIdGenerator.
Instantiate AbstractResourcePersistence with connectionFactory and connectionName[informix_connection].
load Resource role with ids:[J@15316d4,[J@15316d4,[J@15316d4,[J@15316d4,[J@15316d4,[J@15316d4,[J@15316d4,[J@15316d4,[J@15316d4,[J@15316d4,[J@15316d4,[J@15316d4,[J@15316d4,[J@15316d4,[J@15316d4,[J@15316d4,[J@15316d4,[J@15316d4,[J@15316d4,[J@15316d4,[J@15316d4,[J@15316d4
operator: UnknownresourceId: Unknown - creating db connection using connection name: informix_connection
committing transaction
Read propery[ConnectionFactoryNS] which is  required  with value[com.topcoder.db.connectionfactory.DBConnectionFactoryImpl] from namespace [com.topcoder.management.project.persistence.InformixProjectPersistence].
Read propery[ConnectionName] which is  optional  with value[informix_connection] from namespace [com.topcoder.management.project.persistence.InformixProjectPersistence].
Read propery[ProjectIdSequenceName] which is  optional  with value[project_id_seq] from namespace [com.topcoder.management.project.persistence.InformixProjectPersistence].
Read propery[ProjectAuditIdSequenceName] which is  optional  with value[project_audit_id_seq] from namespace [com.topcoder.management.project.persistence.InformixProjectPersistence].
Read propery[ConnectionFactoryNS] which is  required  with value[com.topcoder.db.connectionfactory.DBConnectionFactoryImpl] from namespace [com.topcoder.management.project.persistence.link.ProjectLinkManagerImpl].
Read propery[ConnectionName] which is  optional  with value[informix_connection] from namespace [com.topcoder.management.project.persistence.link.ProjectLinkManagerImpl].
read property ConnectionFactoryNS[com.topcoder.db.connectionfactory.DBConnectionFactoryImpl] from the namespace :com.topcoder.management.scorecard.persistence.InformixScorecardPersistence
read property ConnectionName[informix_connection] from the namespace :com.topcoder.management.scorecard.persistence.InformixScorecardPersistence
Instantiate SqlUploadPersistence with connectionFactory and connectioName:informix_connection
Instantiate PersistenceUploadManager with UploadPersistence, uploadSearchBundle, submissionSearchBundle, uploadIdGenerator, uploadTypeIdGenerator, uploadStatusIdGenerator, submissionIDGenerator, submissionStatusIdGenerator and submissionTypeIdGenerator.
Instantiate AbstractResourcePersistence with connectionFactory and connectionName[informix_connection].
load Resource role with ids:[J@7541d1,[J@7541d1,[J@7541d1,[J@7541d1,[J@7541d1,[J@7541d1,[J@7541d1,[J@7541d1,[J@7541d1,[J@7541d1,[J@7541d1,[J@7541d1,[J@7541d1,[J@7541d1,[J@7541d1,[J@7541d1,[J@7541d1,[J@7541d1,[J@7541d1,[J@7541d1,[J@7541d1,[J@7541d1
operator: UnknownresourceId: Unknown - creating db connection using connection name: informix_connection
committing transaction
Read propery[ConnectionFactoryNS] which is  required  with value[com.topcoder.db.connectionfactory.DBConnectionFactoryImpl] from namespace [com.topcoder.management.project.persistence.InformixProjectPersistence].
Read propery[ConnectionName] which is  optional  with value[informix_connection] from namespace [com.topcoder.management.project.persistence.InformixProjectPersistence].
Read propery[ProjectIdSequenceName] which is  optional  with value[project_id_seq] from namespace [com.topcoder.management.project.persistence.InformixProjectPersistence].
Read propery[ProjectAuditIdSequenceName] which is  optional  with value[project_audit_id_seq] from namespace [com.topcoder.management.project.persistence.InformixProjectPersistence].
Read propery[ConnectionFactoryNS] which is  required  with value[com.topcoder.db.connectionfactory.DBConnectionFactoryImpl] from namespace [com.topcoder.management.project.persistence.link.ProjectLinkManagerImpl].
Read propery[ConnectionName] which is  optional  with value[informix_connection] from namespace [com.topcoder.management.project.persistence.link.ProjectLinkManagerImpl].
read property ConnectionFactoryNS[com.topcoder.db.connectionfactory.DBConnectionFactoryImpl] from the namespace :com.topcoder.management.scorecard.persistence.InformixScorecardPersistence
read property ConnectionName[informix_connection] from the namespace :com.topcoder.management.scorecard.persistence.InformixScorecardPersistence
Instantiate SqlUploadPersistence with connectionFactory and connectioName:informix_connection
Instantiate PersistenceUploadManager with UploadPersistence, uploadSearchBundle, submissionSearchBundle, uploadIdGenerator, uploadTypeIdGenerator, uploadStatusIdGenerator, submissionIDGenerator, submissionStatusIdGenerator and submissionTypeIdGenerator.
Instantiate AbstractResourcePersistence with connectionFactory and connectionName[informix_connection].
load Resource role with ids:[J@14047fa,[J@14047fa,[J@14047fa,[J@14047fa,[J@14047fa,[J@14047fa,[J@14047fa,[J@14047fa,[J@14047fa,[J@14047fa,[J@14047fa,[J@14047fa,[J@14047fa,[J@14047fa,[J@14047fa,[J@14047fa,[J@14047fa,[J@14047fa,[J@14047fa,[J@14047fa,[J@14047fa,[J@14047fa
operator: UnknownresourceId: Unknown - creating db connection using connection name: informix_connection
committing transaction
Read propery[ConnectionFactoryNS] which is  required  with value[com.topcoder.db.connectionfactory.DBConnectionFactoryImpl] from namespace [com.topcoder.management.project.persistence.InformixProjectPersistence].
Read propery[ConnectionName] which is  optional  with value[informix_connection] from namespace [com.topcoder.management.project.persistence.InformixProjectPersistence].
Read propery[ProjectIdSequenceName] which is  optional  with value[project_id_seq] from namespace [com.topcoder.management.project.persistence.InformixProjectPersistence].
Read propery[ProjectAuditIdSequenceName] which is  optional  with value[project_audit_id_seq] from namespace [com.topcoder.management.project.persistence.InformixProjectPersistence].
Read propery[ConnectionFactoryNS] which is  required  with value[com.topcoder.db.connectionfactory.DBConnectionFactoryImpl] from namespace [com.topcoder.management.project.persistence.link.ProjectLinkManagerImpl].
Read propery[ConnectionName] which is  optional  with value[informix_connection] from namespace [com.topcoder.management.project.persistence.link.ProjectLinkManagerImpl].
read property ConnectionFactoryNS[com.topcoder.db.connectionfactory.DBConnectionFactoryImpl] from the namespace :com.topcoder.management.scorecard.persistence.InformixScorecardPersistence
read property ConnectionName[informix_connection] from the namespace :com.topcoder.management.scorecard.persistence.InformixScorecardPersistence
Instantiate SqlUploadPersistence with connectionFactory and connectioName:informix_connection
Instantiate PersistenceUploadManager with UploadPersistence, uploadSearchBundle, submissionSearchBundle, uploadIdGenerator, uploadTypeIdGenerator, uploadStatusIdGenerator, submissionIDGenerator, submissionStatusIdGenerator and submissionTypeIdGenerator.
Instantiate AbstractResourcePersistence with connectionFactory and connectionName[informix_connection].
load Resource role with ids:[J@1c9af4d,[J@1c9af4d,[J@1c9af4d,[J@1c9af4d,[J@1c9af4d,[J@1c9af4d,[J@1c9af4d,[J@1c9af4d,[J@1c9af4d,[J@1c9af4d,[J@1c9af4d,[J@1c9af4d,[J@1c9af4d,[J@1c9af4d,[J@1c9af4d,[J@1c9af4d,[J@1c9af4d,[J@1c9af4d,[J@1c9af4d,[J@1c9af4d,[J@1c9af4d,[J@1c9af4d
operator: UnknownresourceId: Unknown - creating db connection using connection name: informix_connection
committing transaction
Read propery[ConnectionFactoryNS] which is  required  with value[com.topcoder.db.connectionfactory.DBConnectionFactoryImpl] from namespace [com.topcoder.management.project.persistence.InformixProjectPersistence].
Read propery[ConnectionName] which is  optional  with value[informix_connection] from namespace [com.topcoder.management.project.persistence.InformixProjectPersistence].
Read propery[ProjectIdSequenceName] which is  optional  with value[project_id_seq] from namespace [com.topcoder.management.project.persistence.InformixProjectPersistence].
Read propery[ProjectAuditIdSequenceName] which is  optional  with value[project_audit_id_seq] from namespace [com.topcoder.management.project.persistence.InformixProjectPersistence].
Read propery[ConnectionFactoryNS] which is  required  with value[com.topcoder.db.connectionfactory.DBConnectionFactoryImpl] from namespace [com.topcoder.management.project.persistence.link.ProjectLinkManagerImpl].
Read propery[ConnectionName] which is  optional  with value[informix_connection] from namespace [com.topcoder.management.project.persistence.link.ProjectLinkManagerImpl].
read property ConnectionFactoryNS[com.topcoder.db.connectionfactory.DBConnectionFactoryImpl] from the namespace :com.topcoder.management.scorecard.persistence.InformixScorecardPersistence
read property ConnectionName[informix_connection] from the namespace :com.topcoder.management.scorecard.persistence.InformixScorecardPersistence
Instantiate SqlUploadPersistence with connectionFactory and connectioName:informix_connection
Instantiate PersistenceUploadManager with UploadPersistence, uploadSearchBundle, submissionSearchBundle, uploadIdGenerator, uploadTypeIdGenerator, uploadStatusIdGenerator, submissionIDGenerator, submissionStatusIdGenerator and submissionTypeIdGenerator.
Instantiate AbstractResourcePersistence with connectionFactory and connectionName[informix_connection].
load Resource role with ids:[J@6032ce,[J@6032ce,[J@6032ce,[J@6032ce,[J@6032ce,[J@6032ce,[J@6032ce,[J@6032ce,[J@6032ce,[J@6032ce,[J@6032ce,[J@6032ce,[J@6032ce,[J@6032ce,[J@6032ce,[J@6032ce,[J@6032ce,[J@6032ce,[J@6032ce,[J@6032ce,[J@6032ce,[J@6032ce
operator: UnknownresourceId: Unknown - creating db connection using connection name: informix_connection
committing transaction
Read propery[ConnectionFactoryNS] which is  required  with value[com.topcoder.db.connectionfactory.DBConnectionFactoryImpl] from namespace [com.topcoder.management.project.persistence.InformixProjectPersistence].
Read propery[ConnectionName] which is  optional  with value[informix_connection] from namespace [com.topcoder.management.project.persistence.InformixProjectPersistence].
Read propery[ProjectIdSequenceName] which is  optional  with value[project_id_seq] from namespace [com.topcoder.management.project.persistence.InformixProjectPersistence].
Read propery[ProjectAuditIdSequenceName] which is  optional  with value[project_audit_id_seq] from namespace [com.topcoder.management.project.persistence.InformixProjectPersistence].
Read propery[ConnectionFactoryNS] which is  required  with value[com.topcoder.db.connectionfactory.DBConnectionFactoryImpl] from namespace [com.topcoder.management.project.persistence.link.ProjectLinkManagerImpl].
Read propery[ConnectionName] which is  optional  with value[informix_connection] from namespace [com.topcoder.management.project.persistence.link.ProjectLinkManagerImpl].
read property ConnectionFactoryNS[com.topcoder.db.connectionfactory.DBConnectionFactoryImpl] from the namespace :com.topcoder.management.scorecard.persistence.InformixScorecardPersistence
read property ConnectionName[informix_connection] from the namespace :com.topcoder.management.scorecard.persistence.InformixScorecardPersistence
Instantiate SqlUploadPersistence with connectionFactory and connectioName:informix_connection
Instantiate PersistenceUploadManager with UploadPersistence, uploadSearchBundle, submissionSearchBundle, uploadIdGenerator, uploadTypeIdGenerator, uploadStatusIdGenerator, submissionIDGenerator, submissionStatusIdGenerator and submissionTypeIdGenerator.
Instantiate AbstractResourcePersistence with connectionFactory and connectionName[informix_connection].
load Resource role with ids:[J@45a87a,[J@45a87a,[J@45a87a,[J@45a87a,[J@45a87a,[J@45a87a,[J@45a87a,[J@45a87a,[J@45a87a,[J@45a87a,[J@45a87a,[J@45a87a,[J@45a87a,[J@45a87a,[J@45a87a,[J@45a87a,[J@45a87a,[J@45a87a,[J@45a87a,[J@45a87a,[J@45a87a,[J@45a87a
operator: UnknownresourceId: Unknown - creating db connection using connection name: informix_connection
committing transaction
Read propery[ConnectionFactoryNS] which is  required  with value[com.topcoder.db.connectionfactory.DBConnectionFactoryImpl] from namespace [com.topcoder.management.project.persistence.InformixProjectPersistence].
Read propery[ConnectionName] which is  optional  with value[informix_connection] from namespace [com.topcoder.management.project.persistence.InformixProjectPersistence].
Read propery[ProjectIdSequenceName] which is  optional  with value[project_id_seq] from namespace [com.topcoder.management.project.persistence.InformixProjectPersistence].
Read propery[ProjectAuditIdSequenceName] which is  optional  with value[project_audit_id_seq] from namespace [com.topcoder.management.project.persistence.InformixProjectPersistence].
Read propery[ConnectionFactoryNS] which is  required  with value[com.topcoder.db.connectionfactory.DBConnectionFactoryImpl] from namespace [com.topcoder.management.project.persistence.link.ProjectLinkManagerImpl].
Read propery[ConnectionName] which is  optional  with value[informix_connection] from namespace [com.topcoder.management.project.persistence.link.ProjectLinkManagerImpl].
read property ConnectionFactoryNS[com.topcoder.db.connectionfactory.DBConnectionFactoryImpl] from the namespace :com.topcoder.management.scorecard.persistence.InformixScorecardPersistence
read property ConnectionName[informix_connection] from the namespace :com.topcoder.management.scorecard.persistence.InformixScorecardPersistence
Instantiate SqlUploadPersistence with connectionFactory and connectioName:informix_connection
Instantiate PersistenceUploadManager with UploadPersistence, uploadSearchBundle, submissionSearchBundle, uploadIdGenerator, uploadTypeIdGenerator, uploadStatusIdGenerator, submissionIDGenerator, submissionStatusIdGenerator and submissionTypeIdGenerator.
Instantiate AbstractResourcePersistence with connectionFactory and connectionName[informix_connection].
load Resource role with ids:[J@de4bc7,[J@de4bc7,[J@de4bc7,[J@de4bc7,[J@de4bc7,[J@de4bc7,[J@de4bc7,[J@de4bc7,[J@de4bc7,[J@de4bc7,[J@de4bc7,[J@de4bc7,[J@de4bc7,[J@de4bc7,[J@de4bc7,[J@de4bc7,[J@de4bc7,[J@de4bc7,[J@de4bc7,[J@de4bc7,[J@de4bc7,[J@de4bc7
operator: UnknownresourceId: Unknown - creating db connection using connection name: informix_connection
committing transaction
Read propery[ConnectionFactoryNS] which is  required  with value[com.topcoder.db.connectionfactory.DBConnectionFactoryImpl] from namespace [com.topcoder.management.project.persistence.InformixProjectPersistence].
Read propery[ConnectionName] which is  optional  with value[informix_connection] from namespace [com.topcoder.management.project.persistence.InformixProjectPersistence].
Read propery[ProjectIdSequenceName] which is  optional  with value[project_id_seq] from namespace [com.topcoder.management.project.persistence.InformixProjectPersistence].
Read propery[ProjectAuditIdSequenceName] which is  optional  with value[project_audit_id_seq] from namespace [com.topcoder.management.project.persistence.InformixProjectPersistence].
Read propery[ConnectionFactoryNS] which is  required  with value[com.topcoder.db.connectionfactory.DBConnectionFactoryImpl] from namespace [com.topcoder.management.project.persistence.link.ProjectLinkManagerImpl].
Read propery[ConnectionName] which is  optional  with value[informix_connection] from namespace [com.topcoder.management.project.persistence.link.ProjectLinkManagerImpl].
read property ConnectionFactoryNS[com.topcoder.db.connectionfactory.DBConnectionFactoryImpl] from the namespace :com.topcoder.management.scorecard.persistence.InformixScorecardPersistence
read property ConnectionName[informix_connection] from the namespace :com.topcoder.management.scorecard.persistence.InformixScorecardPersistence
Instantiate SqlUploadPersistence with connectionFactory and connectioName:informix_connection
Instantiate PersistenceUploadManager with UploadPersistence, uploadSearchBundle, submissionSearchBundle, uploadIdGenerator, uploadTypeIdGenerator, uploadStatusIdGenerator, submissionIDGenerator, submissionStatusIdGenerator and submissionTypeIdGenerator.
Instantiate AbstractResourcePersistence with connectionFactory and connectionName[informix_connection].
load Resource role with ids:[J@5c83cd,[J@5c83cd,[J@5c83cd,[J@5c83cd,[J@5c83cd,[J@5c83cd,[J@5c83cd,[J@5c83cd,[J@5c83cd,[J@5c83cd,[J@5c83cd,[J@5c83cd,[J@5c83cd,[J@5c83cd,[J@5c83cd,[J@5c83cd,[J@5c83cd,[J@5c83cd,[J@5c83cd,[J@5c83cd,[J@5c83cd,[J@5c83cd
operator: UnknownresourceId: Unknown - creating db connection using connection name: informix_connection
committing transaction
Read propery[ConnectionFactoryNS] which is  required  with value[com.topcoder.db.connectionfactory.DBConnectionFactoryImpl] from namespace [com.topcoder.management.project.persistence.InformixProjectPersistence].
Read propery[ConnectionName] which is  optional  with value[informix_connection] from namespace [com.topcoder.management.project.persistence.InformixProjectPersistence].
Read propery[ProjectIdSequenceName] which is  optional  with value[project_id_seq] from namespace [com.topcoder.management.project.persistence.InformixProjectPersistence].
Read propery[ProjectAuditIdSequenceName] which is  optional  with value[project_audit_id_seq] from namespace [com.topcoder.management.project.persistence.InformixProjectPersistence].
Read propery[ConnectionFactoryNS] which is  required  with value[com.topcoder.db.connectionfactory.DBConnectionFactoryImpl] from namespace [com.topcoder.management.project.persistence.link.ProjectLinkManagerImpl].
Read propery[ConnectionName] which is  optional  with value[informix_connection] from namespace [com.topcoder.management.project.persistence.link.ProjectLinkManagerImpl].
read property ConnectionFactoryNS[com.topcoder.db.connectionfactory.DBConnectionFactoryImpl] from the namespace :com.topcoder.management.scorecard.persistence.InformixScorecardPersistence
read property ConnectionName[informix_connection] from the namespace :com.topcoder.management.scorecard.persistence.InformixScorecardPersistence
Instantiate SqlUploadPersistence with connectionFactory and connectioName:informix_connection
Instantiate PersistenceUploadManager with UploadPersistence, uploadSearchBundle, submissionSearchBundle, uploadIdGenerator, uploadTypeIdGenerator, uploadStatusIdGenerator, submissionIDGenerator, submissionStatusIdGenerator and submissionTypeIdGenerator.
Instantiate AbstractResourcePersistence with connectionFactory and connectionName[informix_connection].
load Resource role with ids:[J@1ec1db0,[J@1ec1db0,[J@1ec1db0,[J@1ec1db0,[J@1ec1db0,[J@1ec1db0,[J@1ec1db0,[J@1ec1db0,[J@1ec1db0,[J@1ec1db0,[J@1ec1db0,[J@1ec1db0,[J@1ec1db0,[J@1ec1db0,[J@1ec1db0,[J@1ec1db0,[J@1ec1db0,[J@1ec1db0,[J@1ec1db0,[J@1ec1db0,[J@1ec1db0,[J@1ec1db0
operator: UnknownresourceId: Unknown - creating db connection using connection name: informix_connection
committing transaction
load Notifications with array of userIds/projectIds/notificationTypes.
operator: UnknownresourceId: Unknown - creating db connection using connection name: informix_connection
committing transaction
get projects with the ids: 1
operator: UnknownprojectId: Unknown - creating db connection using connection name: informix_connection
committing transaction
load Resource role with ids:[J@c5645b,[J@c5645b,[J@c5645b,[J@c5645b,[J@c5645b,[J@c5645b,[J@c5645b,[J@c5645b,[J@c5645b,[J@c5645b,[J@c5645b,[J@c5645b,[J@c5645b,[J@c5645b,[J@c5645b,[J@c5645b,[J@c5645b,[J@c5645b,[J@c5645b,[J@c5645b,[J@c5645b,[J@c5645b
operator: UnknownresourceId: Unknown - creating db connection using connection name: informix_connection
committing transaction
load Resource with ids:[J@9d77c2
operator: UnknownresourceId: Unknown - creating db connection using connection name: informix_connection
load ResourceRole with id:4
operator: UnknownresourceId: Unknown - creating db connection using connection name: informix_connection
committing transaction
committing transaction
load Resource with ids:[J@7fbdfa
operator: UnknownresourceId: Unknown - creating db connection using connection name: informix_connection
load ResourceRole with id:12
operator: UnknownresourceId: Unknown - creating db connection using connection name: informix_connection
committing transaction
committing transaction
load Resource with ids:[J@16d43cd
operator: UnknownresourceId: Unknown - creating db connection using connection name: informix_connection
load ResourceRole with id:13
operator: UnknownresourceId: Unknown - creating db connection using connection name: informix_connection
committing transaction
committing transaction
load Resource with ids:[J@fe7a98
operator: UnknownresourceId: Unknown - creating db connection using connection name: informix_connection
load ResourceRole with id:9
operator: UnknownresourceId: Unknown - creating db connection using connection name: informix_connection
committing transaction
committing transaction
operator: UnknownresourceId: 100001 - load resource.
operator: UnknownresourceId: Unknown - creating db connection using connection name: informix_connection
load ResourceRole with id:4
operator: UnknownresourceId: Unknown - creating db connection using connection name: informix_connection
committing transaction
committing transaction
operator: UnknownresourceId: 100000 - load resource.
operator: UnknownresourceId: Unknown - creating db connection using connection name: informix_connection
load ResourceRole with id:13
operator: UnknownresourceId: Unknown - creating db connection using connection name: informix_connection
committing transaction
committing transaction
Read propery[ConnectionFactoryNS] which is  required  with value[com.topcoder.db.connectionfactory.DBConnectionFactoryImpl] from namespace [com.topcoder.management.project.persistence.InformixProjectPersistence].
Read propery[ConnectionName] which is  optional  with value[informix_connection] from namespace [com.topcoder.management.project.persistence.InformixProjectPersistence].
Read propery[ProjectIdSequenceName] which is  optional  with value[project_id_seq] from namespace [com.topcoder.management.project.persistence.InformixProjectPersistence].
Read propery[ProjectAuditIdSequenceName] which is  optional  with value[project_audit_id_seq] from namespace [com.topcoder.management.project.persistence.InformixProjectPersistence].
Read propery[ConnectionFactoryNS] which is  required  with value[com.topcoder.db.connectionfactory.DBConnectionFactoryImpl] from namespace [com.topcoder.management.project.persistence.link.ProjectLinkManagerImpl].
Read propery[ConnectionName] which is  optional  with value[informix_connection] from namespace [com.topcoder.management.project.persistence.link.ProjectLinkManagerImpl].
read property ConnectionFactoryNS[com.topcoder.db.connectionfactory.DBConnectionFactoryImpl] from the namespace :com.topcoder.management.scorecard.persistence.InformixScorecardPersistence
read property ConnectionName[informix_connection] from the namespace :com.topcoder.management.scorecard.persistence.InformixScorecardPersistence
Instantiate SqlUploadPersistence with connectionFactory and connectioName:informix_connection
Instantiate PersistenceUploadManager with UploadPersistence, uploadSearchBundle, submissionSearchBundle, uploadIdGenerator, uploadTypeIdGenerator, uploadStatusIdGenerator, submissionIDGenerator, submissionStatusIdGenerator and submissionTypeIdGenerator.
Instantiate AbstractResourcePersistence with connectionFactory and connectionName[informix_connection].
load Resource role with ids:[J@461984,[J@461984,[J@461984,[J@461984,[J@461984,[J@461984,[J@461984,[J@461984,[J@461984,[J@461984,[J@461984,[J@461984,[J@461984,[J@461984,[J@461984,[J@461984,[J@461984,[J@461984,[J@461984,[J@461984,[J@461984,[J@461984
operator: UnknownresourceId: Unknown - creating db connection using connection name: informix_connection
committing transaction
Read propery[ConnectionFactoryNS] which is  required  with value[com.topcoder.db.connectionfactory.DBConnectionFactoryImpl] from namespace [com.topcoder.management.project.persistence.InformixProjectPersistence].
Read propery[ConnectionName] which is  optional  with value[informix_connection] from namespace [com.topcoder.management.project.persistence.InformixProjectPersistence].
Read propery[ProjectIdSequenceName] which is  optional  with value[project_id_seq] from namespace [com.topcoder.management.project.persistence.InformixProjectPersistence].
Read propery[ProjectAuditIdSequenceName] which is  optional  with value[project_audit_id_seq] from namespace [com.topcoder.management.project.persistence.InformixProjectPersistence].
Read propery[ConnectionFactoryNS] which is  required  with value[com.topcoder.db.connectionfactory.DBConnectionFactoryImpl] from namespace [com.topcoder.management.project.persistence.link.ProjectLinkManagerImpl].
Read propery[ConnectionName] which is  optional  with value[informix_connection] from namespace [com.topcoder.management.project.persistence.link.ProjectLinkManagerImpl].
read property ConnectionFactoryNS[com.topcoder.db.connectionfactory.DBConnectionFactoryImpl] from the namespace :com.topcoder.management.scorecard.persistence.InformixScorecardPersistence
read property ConnectionName[informix_connection] from the namespace :com.topcoder.management.scorecard.persistence.InformixScorecardPersistence
Instantiate SqlUploadPersistence with connectionFactory and connectioName:informix_connection
Instantiate PersistenceUploadManager with UploadPersistence, uploadSearchBundle, submissionSearchBundle, uploadIdGenerator, uploadTypeIdGenerator, uploadStatusIdGenerator, submissionIDGenerator, submissionStatusIdGenerator and submissionTypeIdGenerator.
Instantiate AbstractResourcePersistence with connectionFactory and connectionName[informix_connection].
load Resource role with ids:[J@948778,[J@948778,[J@948778,[J@948778,[J@948778,[J@948778,[J@948778,[J@948778,[J@948778,[J@948778,[J@948778,[J@948778,[J@948778,[J@948778,[J@948778,[J@948778,[J@948778,[J@948778,[J@948778,[J@948778,[J@948778,[J@948778
operator: UnknownresourceId: Unknown - creating db connection using connection name: informix_connection
committing transaction
Read propery[ConnectionFactoryNS] which is  required  with value[com.topcoder.db.connectionfactory.DBConnectionFactoryImpl] from namespace [com.topcoder.management.project.persistence.InformixProjectPersistence].
Read propery[ConnectionName] which is  optional  with value[informix_connection] from namespace [com.topcoder.management.project.persistence.InformixProjectPersistence].
Read propery[ProjectIdSequenceName] which is  optional  with value[project_id_seq] from namespace [com.topcoder.management.project.persistence.InformixProjectPersistence].
Read propery[ProjectAuditIdSequenceName] which is  optional  with value[project_audit_id_seq] from namespace [com.topcoder.management.project.persistence.InformixProjectPersistence].
Read propery[ConnectionFactoryNS] which is  required  with value[com.topcoder.db.connectionfactory.DBConnectionFactoryImpl] from namespace [com.topcoder.management.project.persistence.link.ProjectLinkManagerImpl].
Read propery[ConnectionName] which is  optional  with value[informix_connection] from namespace [com.topcoder.management.project.persistence.link.ProjectLinkManagerImpl].
read property ConnectionFactoryNS[com.topcoder.db.connectionfactory.DBConnectionFactoryImpl] from the namespace :com.topcoder.management.scorecard.persistence.InformixScorecardPersistence
read property ConnectionName[informix_connection] from the namespace :com.topcoder.management.scorecard.persistence.InformixScorecardPersistence
Instantiate SqlUploadPersistence with connectionFactory and connectioName:informix_connection
Instantiate PersistenceUploadManager with UploadPersistence, uploadSearchBundle, submissionSearchBundle, uploadIdGenerator, uploadTypeIdGenerator, uploadStatusIdGenerator, submissionIDGenerator, submissionStatusIdGenerator and submissionTypeIdGenerator.
Instantiate AbstractResourcePersistence with connectionFactory and connectionName[informix_connection].
load Resource role with ids:[J@197dc26,[J@197dc26,[J@197dc26,[J@197dc26,[J@197dc26,[J@197dc26,[J@197dc26,[J@197dc26,[J@197dc26,[J@197dc26,[J@197dc26,[J@197dc26,[J@197dc26,[J@197dc26,[J@197dc26,[J@197dc26,[J@197dc26,[J@197dc26,[J@197dc26,[J@197dc26,[J@197dc26,[J@197dc26
operator: UnknownresourceId: Unknown - creating db connection using connection name: informix_connection
committing transaction
load Resource with ids:[J@76000a
operator: UnknownresourceId: Unknown - creating db connection using connection name: informix_connection
load ResourceRole with id:16
operator: UnknownresourceId: Unknown - creating db connection using connection name: informix_connection
committing transaction
committing transaction
Read propery[ConnectionFactoryNS] which is  required  with value[com.topcoder.db.connectionfactory.DBConnectionFactoryImpl] from namespace [com.topcoder.management.project.persistence.InformixProjectPersistence].
Read propery[ConnectionName] which is  optional  with value[informix_connection] from namespace [com.topcoder.management.project.persistence.InformixProjectPersistence].
Read propery[ProjectIdSequenceName] which is  optional  with value[project_id_seq] from namespace [com.topcoder.management.project.persistence.InformixProjectPersistence].
Read propery[ProjectAuditIdSequenceName] which is  optional  with value[project_audit_id_seq] from namespace [com.topcoder.management.project.persistence.InformixProjectPersistence].
Read propery[ConnectionFactoryNS] which is  required  with value[com.topcoder.db.connectionfactory.DBConnectionFactoryImpl] from namespace [com.topcoder.management.project.persistence.link.ProjectLinkManagerImpl].
Read propery[ConnectionName] which is  optional  with value[informix_connection] from namespace [com.topcoder.management.project.persistence.link.ProjectLinkManagerImpl].
read property ConnectionFactoryNS[com.topcoder.db.connectionfactory.DBConnectionFactoryImpl] from the namespace :com.topcoder.management.scorecard.persistence.InformixScorecardPersistence
read property ConnectionName[informix_connection] from the namespace :com.topcoder.management.scorecard.persistence.InformixScorecardPersistence
Instantiate SqlUploadPersistence with connectionFactory and connectioName:informix_connection
Instantiate PersistenceUploadManager with UploadPersistence, uploadSearchBundle, submissionSearchBundle, uploadIdGenerator, uploadTypeIdGenerator, uploadStatusIdGenerator, submissionIDGenerator, submissionStatusIdGenerator and submissionTypeIdGenerator.
Instantiate AbstractResourcePersistence with connectionFactory and connectionName[informix_connection].
load Resource role with ids:[J@dffbf,[J@dffbf,[J@dffbf,[J@dffbf,[J@dffbf,[J@dffbf,[J@dffbf,[J@dffbf,[J@dffbf,[J@dffbf,[J@dffbf,[J@dffbf,[J@dffbf,[J@dffbf,[J@dffbf,[J@dffbf,[J@dffbf,[J@dffbf,[J@dffbf,[J@dffbf,[J@dffbf,[J@dffbf
operator: UnknownresourceId: Unknown - creating db connection using connection name: informix_connection
committing transaction
load Resource role with ids:[J@271bf2,[J@271bf2,[J@271bf2,[J@271bf2,[J@271bf2,[J@271bf2,[J@271bf2,[J@271bf2,[J@271bf2,[J@271bf2,[J@271bf2,[J@271bf2,[J@271bf2,[J@271bf2,[J@271bf2,[J@271bf2,[J@271bf2,[J@271bf2,[J@271bf2,[J@271bf2,[J@271bf2,[J@271bf2
operator: UnknownresourceId: Unknown - creating db connection using connection name: informix_connection
committing transaction
load Resource with ids:[J@1bf6f94
operator: UnknownresourceId: Unknown - creating db connection using connection name: informix_connection
load ResourceRole with id:4
operator: UnknownresourceId: Unknown - creating db connection using connection name: informix_connection
committing transaction
committing transaction
Can not assign Post-Mortem Reviewer role to user null(ID: 2) for project 1 as user does not have accepted all necessary terms of use for project
load Notifications with array of userIds/projectIds/notificationTypes.
operator: UnknownresourceId: Unknown - creating db connection using connection name: informix_connection
committing transaction
get projects with the ids: 1
operator: UnknownprojectId: Unknown - creating db connection using connection name: informix_connection
committing transaction
load Resource role with ids:[J@9ee01b,[J@9ee01b,[J@9ee01b,[J@9ee01b,[J@9ee01b,[J@9ee01b,[J@9ee01b,[J@9ee01b,[J@9ee01b,[J@9ee01b,[J@9ee01b,[J@9ee01b,[J@9ee01b,[J@9ee01b,[J@9ee01b,[J@9ee01b,[J@9ee01b,[J@9ee01b,[J@9ee01b,[J@9ee01b,[J@9ee01b,[J@9ee01b
operator: UnknownresourceId: Unknown - creating db connection using connection name: informix_connection
committing transaction
load Resource with ids:[J@7a2840
operator: UnknownresourceId: Unknown - creating db connection using connection name: informix_connection
load ResourceRole with id:4
operator: UnknownresourceId: Unknown - creating db connection using connection name: informix_connection
committing transaction
committing transaction
load Resource with ids:[J@1f79b5
operator: UnknownresourceId: Unknown - creating db connection using connection name: informix_connection
load ResourceRole with id:12
operator: UnknownresourceId: Unknown - creating db connection using connection name: informix_connection
committing transaction
committing transaction
load Resource with ids:[J@1e66f47
operator: UnknownresourceId: Unknown - creating db connection using connection name: informix_connection
load ResourceRole with id:13
operator: UnknownresourceId: Unknown - creating db connection using connection name: informix_connection
committing transaction
committing transaction
load Resource with ids:[J@1485b22
operator: UnknownresourceId: Unknown - creating db connection using connection name: informix_connection
load ResourceRole with id:9
operator: UnknownresourceId: Unknown - creating db connection using connection name: informix_connection
committing transaction
committing transaction
operator: UnknownresourceId: 100001 - load resource.
operator: UnknownresourceId: Unknown - creating db connection using connection name: informix_connection
load ResourceRole with id:4
operator: UnknownresourceId: Unknown - creating db connection using connection name: informix_connection
committing transaction
committing transaction
operator: UnknownresourceId: 100000 - load resource.
operator: UnknownresourceId: Unknown - creating db connection using connection name: informix_connection
load ResourceRole with id:13
operator: UnknownresourceId: Unknown - creating db connection using connection name: informix_connection
committing transaction
committing transaction
Read propery[ConnectionFactoryNS] which is  required  with value[com.topcoder.db.connectionfactory.DBConnectionFactoryImpl] from namespace [com.topcoder.management.project.persistence.InformixProjectPersistence].
Read propery[ConnectionName] which is  optional  with value[informix_connection] from namespace [com.topcoder.management.project.persistence.InformixProjectPersistence].
Read propery[ProjectIdSequenceName] which is  optional  with value[project_id_seq] from namespace [com.topcoder.management.project.persistence.InformixProjectPersistence].
Read propery[ProjectAuditIdSequenceName] which is  optional  with value[project_audit_id_seq] from namespace [com.topcoder.management.project.persistence.InformixProjectPersistence].
Read propery[ConnectionFactoryNS] which is  required  with value[com.topcoder.db.connectionfactory.DBConnectionFactoryImpl] from namespace [com.topcoder.management.project.persistence.link.ProjectLinkManagerImpl].
Read propery[ConnectionName] which is  optional  with value[informix_connection] from namespace [com.topcoder.management.project.persistence.link.ProjectLinkManagerImpl].
read property ConnectionFactoryNS[com.topcoder.db.connectionfactory.DBConnectionFactoryImpl] from the namespace :com.topcoder.management.scorecard.persistence.InformixScorecardPersistence
read property ConnectionName[informix_connection] from the namespace :com.topcoder.management.scorecard.persistence.InformixScorecardPersistence
Instantiate SqlUploadPersistence with connectionFactory and connectioName:informix_connection
Instantiate PersistenceUploadManager with UploadPersistence, uploadSearchBundle, submissionSearchBundle, uploadIdGenerator, uploadTypeIdGenerator, uploadStatusIdGenerator, submissionIDGenerator, submissionStatusIdGenerator and submissionTypeIdGenerator.
Instantiate AbstractResourcePersistence with connectionFactory and connectionName[informix_connection].
load Resource role with ids:[J@17f7057,[J@17f7057,[J@17f7057,[J@17f7057,[J@17f7057,[J@17f7057,[J@17f7057,[J@17f7057,[J@17f7057,[J@17f7057,[J@17f7057,[J@17f7057,[J@17f7057,[J@17f7057,[J@17f7057,[J@17f7057,[J@17f7057,[J@17f7057,[J@17f7057,[J@17f7057,[J@17f7057,[J@17f7057
operator: UnknownresourceId: Unknown - creating db connection using connection name: informix_connection
committing transaction
load Resource role with ids:[J@f4d67a,[J@f4d67a,[J@f4d67a,[J@f4d67a,[J@f4d67a,[J@f4d67a,[J@f4d67a,[J@f4d67a,[J@f4d67a,[J@f4d67a,[J@f4d67a,[J@f4d67a,[J@f4d67a,[J@f4d67a,[J@f4d67a,[J@f4d67a,[J@f4d67a,[J@f4d67a,[J@f4d67a,[J@f4d67a,[J@f4d67a,[J@f4d67a
operator: UnknownresourceId: Unknown - creating db connection using connection name: informix_connection
committing transaction
load Resource with ids:[J@4395e1
operator: UnknownresourceId: Unknown - creating db connection using connection name: informix_connection
load ResourceRole with id:4
operator: UnknownresourceId: Unknown - creating db connection using connection name: informix_connection
committing transaction
committing transaction
Can not assign Post-Mortem Reviewer role to user null(ID: 2) for project 1 as user does not have accepted all necessary terms of use for project
load Notifications with array of userIds/projectIds/notificationTypes.
operator: UnknownresourceId: Unknown - creating db connection using connection name: informix_connection
committing transaction
get projects with the ids: 1
operator: UnknownprojectId: Unknown - creating db connection using connection name: informix_connection
committing transaction
load Resource role with ids:[J@14f3d22,[J@14f3d22,[J@14f3d22,[J@14f3d22,[J@14f3d22,[J@14f3d22,[J@14f3d22,[J@14f3d22,[J@14f3d22,[J@14f3d22,[J@14f3d22,[J@14f3d22,[J@14f3d22,[J@14f3d22,[J@14f3d22,[J@14f3d22,[J@14f3d22,[J@14f3d22,[J@14f3d22,[J@14f3d22,[J@14f3d22,[J@14f3d22
operator: UnknownresourceId: Unknown - creating db connection using connection name: informix_connection
committing transaction
load Resource with ids:[J@25d8aa
operator: UnknownresourceId: Unknown - creating db connection using connection name: informix_connection
load ResourceRole with id:4
operator: UnknownresourceId: Unknown - creating db connection using connection name: informix_connection
committing transaction
committing transaction
load Resource with ids:[J@151a53
operator: UnknownresourceId: Unknown - creating db connection using connection name: informix_connection
load ResourceRole with id:12
operator: UnknownresourceId: Unknown - creating db connection using connection name: informix_connection
committing transaction
committing transaction
load Resource with ids:[J@1f002ee
operator: UnknownresourceId: Unknown - creating db connection using connection name: informix_connection
load ResourceRole with id:13
operator: UnknownresourceId: Unknown - creating db connection using connection name: informix_connection
committing transaction
committing transaction
load Resource with ids:[J@1578a8b
operator: UnknownresourceId: Unknown - creating db connection using connection name: informix_connection
load ResourceRole with id:9
operator: UnknownresourceId: Unknown - creating db connection using connection name: informix_connection
committing transaction
committing transaction
load Resource with ids:[J@1a1beff
operator: UnknownresourceId: Unknown - creating db connection using connection name: informix_connection
load ResourceRole with id:14
operator: UnknownresourceId: Unknown - creating db connection using connection name: informix_connection
committing transaction
committing transaction
operator: UnknownresourceId: 100001 - load resource.
operator: UnknownresourceId: Unknown - creating db connection using connection name: informix_connection
load ResourceRole with id:4
operator: UnknownresourceId: Unknown - creating db connection using connection name: informix_connection
committing transaction
committing transaction
operator: UnknownresourceId: 100000 - load resource.
operator: UnknownresourceId: Unknown - creating db connection using connection name: informix_connection
load ResourceRole with id:13
operator: UnknownresourceId: Unknown - creating db connection using connection name: informix_connection
committing transaction
committing transaction
Read propery[ConnectionFactoryNS] which is  required  with value[com.topcoder.db.connectionfactory.DBConnectionFactoryImpl] from namespace [com.topcoder.management.project.persistence.InformixProjectPersistence].
Read propery[ConnectionName] which is  optional  with value[informix_connection] from namespace [com.topcoder.management.project.persistence.InformixProjectPersistence].
Read propery[ProjectIdSequenceName] which is  optional  with value[project_id_seq] from namespace [com.topcoder.management.project.persistence.InformixProjectPersistence].
Read propery[ProjectAuditIdSequenceName] which is  optional  with value[project_audit_id_seq] from namespace [com.topcoder.management.project.persistence.InformixProjectPersistence].
Read propery[ConnectionFactoryNS] which is  required  with value[com.topcoder.db.connectionfactory.DBConnectionFactoryImpl] from namespace [com.topcoder.management.project.persistence.link.ProjectLinkManagerImpl].
Read propery[ConnectionName] which is  optional  with value[informix_connection] from namespace [com.topcoder.management.project.persistence.link.ProjectLinkManagerImpl].
read property ConnectionFactoryNS[com.topcoder.db.connectionfactory.DBConnectionFactoryImpl] from the namespace :com.topcoder.management.scorecard.persistence.InformixScorecardPersistence
read property ConnectionName[informix_connection] from the namespace :com.topcoder.management.scorecard.persistence.InformixScorecardPersistence
Instantiate SqlUploadPersistence with connectionFactory and connectioName:informix_connection
Instantiate PersistenceUploadManager with UploadPersistence, uploadSearchBundle, submissionSearchBundle, uploadIdGenerator, uploadTypeIdGenerator, uploadStatusIdGenerator, submissionIDGenerator, submissionStatusIdGenerator and submissionTypeIdGenerator.
Instantiate AbstractResourcePersistence with connectionFactory and connectionName[informix_connection].
load Resource role with ids:[J@12b79ba,[J@12b79ba,[J@12b79ba,[J@12b79ba,[J@12b79ba,[J@12b79ba,[J@12b79ba,[J@12b79ba,[J@12b79ba,[J@12b79ba,[J@12b79ba,[J@12b79ba,[J@12b79ba,[J@12b79ba,[J@12b79ba,[J@12b79ba,[J@12b79ba,[J@12b79ba,[J@12b79ba,[J@12b79ba,[J@12b79ba,[J@12b79ba
operator: UnknownresourceId: Unknown - creating db connection using connection name: informix_connection
committing transaction
load Resource role with ids:[J@16c0caa,[J@16c0caa,[J@16c0caa,[J@16c0caa,[J@16c0caa,[J@16c0caa,[J@16c0caa,[J@16c0caa,[J@16c0caa,[J@16c0caa,[J@16c0caa,[J@16c0caa,[J@16c0caa,[J@16c0caa,[J@16c0caa,[J@16c0caa,[J@16c0caa,[J@16c0caa,[J@16c0caa,[J@16c0caa,[J@16c0caa,[J@16c0caa
operator: UnknownresourceId: Unknown - creating db connection using connection name: informix_connection
committing transaction
load Resource with ids:[J@159817d
operator: UnknownresourceId: Unknown - creating db connection using connection name: informix_connection
load ResourceRole with id:1
operator: UnknownresourceId: Unknown - creating db connection using connection name: informix_connection
committing transaction
committing transaction
Can not assign Post-Mortem Reviewer role to user null(ID: 4) for project 1 as user does not have accepted all necessary terms of use for project
get projects with the ids: 1
operator: UnknownprojectId: Unknown - creating db connection using connection name: informix_connection
committing transaction
load Resource role with ids:[J@dabc51,[J@dabc51,[J@dabc51,[J@dabc51,[J@dabc51,[J@dabc51,[J@dabc51,[J@dabc51,[J@dabc51,[J@dabc51,[J@dabc51,[J@dabc51,[J@dabc51,[J@dabc51,[J@dabc51,[J@dabc51,[J@dabc51,[J@dabc51,[J@dabc51,[J@dabc51,[J@dabc51,[J@dabc51
operator: UnknownresourceId: Unknown - creating db connection using connection name: informix_connection
committing transaction
load Resource with ids:[J@428d73
operator: UnknownresourceId: Unknown - creating db connection using connection name: informix_connection
load ResourceRole with id:1
operator: UnknownresourceId: Unknown - creating db connection using connection name: informix_connection
committing transaction
committing transaction
load Resource with ids:[J@bf7b80
operator: UnknownresourceId: Unknown - creating db connection using connection name: informix_connection
load ResourceRole with id:14
operator: UnknownresourceId: Unknown - creating db connection using connection name: informix_connection
committing transaction
committing transaction
Read propery[ConnectionFactoryNS] which is  required  with value[com.topcoder.db.connectionfactory.DBConnectionFactoryImpl] from namespace [com.topcoder.management.project.persistence.InformixProjectPersistence].
Read propery[ConnectionName] which is  optional  with value[informix_connection] from namespace [com.topcoder.management.project.persistence.InformixProjectPersistence].
Read propery[ProjectIdSequenceName] which is  optional  with value[project_id_seq] from namespace [com.topcoder.management.project.persistence.InformixProjectPersistence].
Read propery[ProjectAuditIdSequenceName] which is  optional  with value[project_audit_id_seq] from namespace [com.topcoder.management.project.persistence.InformixProjectPersistence].
Read propery[ConnectionFactoryNS] which is  required  with value[com.topcoder.db.connectionfactory.DBConnectionFactoryImpl] from namespace [com.topcoder.management.project.persistence.link.ProjectLinkManagerImpl].
Read propery[ConnectionName] which is  optional  with value[informix_connection] from namespace [com.topcoder.management.project.persistence.link.ProjectLinkManagerImpl].
read property ConnectionFactoryNS[com.topcoder.db.connectionfactory.DBConnectionFactoryImpl] from the namespace :com.topcoder.management.scorecard.persistence.InformixScorecardPersistence
read property ConnectionName[informix_connection] from the namespace :com.topcoder.management.scorecard.persistence.InformixScorecardPersistence
Instantiate SqlUploadPersistence with connectionFactory and connectioName:informix_connection
Instantiate PersistenceUploadManager with UploadPersistence, uploadSearchBundle, submissionSearchBundle, uploadIdGenerator, uploadTypeIdGenerator, uploadStatusIdGenerator, submissionIDGenerator, submissionStatusIdGenerator and submissionTypeIdGenerator.
Instantiate AbstractResourcePersistence with connectionFactory and connectionName[informix_connection].
load Resource role with ids:[J@1ff86e0,[J@1ff86e0,[J@1ff86e0,[J@1ff86e0,[J@1ff86e0,[J@1ff86e0,[J@1ff86e0,[J@1ff86e0,[J@1ff86e0,[J@1ff86e0,[J@1ff86e0,[J@1ff86e0,[J@1ff86e0,[J@1ff86e0,[J@1ff86e0,[J@1ff86e0,[J@1ff86e0,[J@1ff86e0,[J@1ff86e0,[J@1ff86e0,[J@1ff86e0,[J@1ff86e0
operator: UnknownresourceId: Unknown - creating db connection using connection name: informix_connection
committing transaction
load Resource role with ids:[J@1e659b3,[J@1e659b3,[J@1e659b3,[J@1e659b3,[J@1e659b3,[J@1e659b3,[J@1e659b3,[J@1e659b3,[J@1e659b3,[J@1e659b3,[J@1e659b3,[J@1e659b3,[J@1e659b3,[J@1e659b3,[J@1e659b3,[J@1e659b3,[J@1e659b3,[J@1e659b3,[J@1e659b3,[J@1e659b3,[J@1e659b3,[J@1e659b3
operator: UnknownresourceId: Unknown - creating db connection using connection name: informix_connection
committing transaction
load Resource with ids:[J@1d20642
operator: UnknownresourceId: Unknown - creating db connection using connection name: informix_connection
load ResourceRole with id:1
operator: UnknownresourceId: Unknown - creating db connection using connection name: informix_connection
committing transaction
committing transaction
operator: UnknownresourceId: 50 - add new resource to the project [id=1] with role :Post-Mortem Reviewer in the [id=112] phase.
operator: UnknownresourceId: Unknown - creating db connection using connection name: informix_connection
insert a record into resource with resource id : 50
insert a record into the resource_info table with resource_id = 50 and resource_info_type_id =1 value = 1
insert a record into the resource_info table with resource_id = 50 and resource_info_type_id =8 value = No
insert a record into the resource_info table with resource_id = 50 and resource_info_type_id =7 value = 0.00
insert a record into the resource_info table with resource_id = 50 and resource_info_type_id =6 value = 07.14.2010 11:28 PM
committing transaction
load Resource with ids:[J@89b125
operator: UnknownresourceId: Unknown - creating db connection using connection name: informix_connection
load ResourceRole with id:16
operator: UnknownresourceId: Unknown - creating db connection using connection name: informix_connection
committing transaction
committing transaction
get projects with the ids: 1
operator: UnknownprojectId: Unknown - creating db connection using connection name: informix_connection
committing transaction
load Resource role with ids:[J@17c016e,[J@17c016e,[J@17c016e,[J@17c016e,[J@17c016e,[J@17c016e,[J@17c016e,[J@17c016e,[J@17c016e,[J@17c016e,[J@17c016e,[J@17c016e,[J@17c016e,[J@17c016e,[J@17c016e,[J@17c016e,[J@17c016e,[J@17c016e,[J@17c016e,[J@17c016e,[J@17c016e,[J@17c016e
operator: UnknownresourceId: Unknown - creating db connection using connection name: informix_connection
committing transaction
load Resource with ids:[J@148a36c
operator: UnknownresourceId: Unknown - creating db connection using connection name: informix_connection
load ResourceRole with id:16
operator: UnknownresourceId: Unknown - creating db connection using connection name: informix_connection
committing transaction
committing transaction
load Resource with ids:[J@563d79
operator: UnknownresourceId: Unknown - creating db connection using connection name: informix_connection
load ResourceRole with id:1
operator: UnknownresourceId: Unknown - creating db connection using connection name: informix_connection
committing transaction
committing transaction
load Resource with ids:[J@6f8d74
operator: UnknownresourceId: Unknown - creating db connection using connection name: informix_connection
load ResourceRole with id:14
operator: UnknownresourceId: Unknown - creating db connection using connection name: informix_connection
committing transaction
committing transaction
load Resource with ids:[J@9de5b4
operator: UnknownresourceId: Unknown - creating db connection using connection name: informix_connection
load ResourceRole with id:16
operator: UnknownresourceId: Unknown - creating db connection using connection name: informix_connection
committing transaction
committing transaction
Read propery[ConnectionFactoryNS] which is  required  with value[com.topcoder.db.connectionfactory.DBConnectionFactoryImpl] from namespace [com.topcoder.management.project.persistence.InformixProjectPersistence].
Read propery[ConnectionName] which is  optional  with value[informix_connection] from namespace [com.topcoder.management.project.persistence.InformixProjectPersistence].
Read propery[ProjectIdSequenceName] which is  optional  with value[project_id_seq] from namespace [com.topcoder.management.project.persistence.InformixProjectPersistence].
Read propery[ProjectAuditIdSequenceName] which is  optional  with value[project_audit_id_seq] from namespace [com.topcoder.management.project.persistence.InformixProjectPersistence].
Read propery[ConnectionFactoryNS] which is  required  with value[com.topcoder.db.connectionfactory.DBConnectionFactoryImpl] from namespace [com.topcoder.management.project.persistence.link.ProjectLinkManagerImpl].
Read propery[ConnectionName] which is  optional  with value[informix_connection] from namespace [com.topcoder.management.project.persistence.link.ProjectLinkManagerImpl].
read property ConnectionFactoryNS[com.topcoder.db.connectionfactory.DBConnectionFactoryImpl] from the namespace :com.topcoder.management.scorecard.persistence.InformixScorecardPersistence
read property ConnectionName[informix_connection] from the namespace :com.topcoder.management.scorecard.persistence.InformixScorecardPersistence
Instantiate SqlUploadPersistence with connectionFactory and connectioName:informix_connection
Instantiate PersistenceUploadManager with UploadPersistence, uploadSearchBundle, submissionSearchBundle, uploadIdGenerator, uploadTypeIdGenerator, uploadStatusIdGenerator, submissionIDGenerator, submissionStatusIdGenerator and submissionTypeIdGenerator.
Instantiate AbstractResourcePersistence with connectionFactory and connectionName[informix_connection].
load Resource role with ids:[J@1bccf7e,[J@1bccf7e,[J@1bccf7e,[J@1bccf7e,[J@1bccf7e,[J@1bccf7e,[J@1bccf7e,[J@1bccf7e,[J@1bccf7e,[J@1bccf7e,[J@1bccf7e,[J@1bccf7e,[J@1bccf7e,[J@1bccf7e,[J@1bccf7e,[J@1bccf7e,[J@1bccf7e,[J@1bccf7e,[J@1bccf7e,[J@1bccf7e,[J@1bccf7e,[J@1bccf7e
operator: UnknownresourceId: Unknown - creating db connection using connection name: informix_connection
committing transaction
Read propery[ConnectionFactoryNS] which is  required  with value[com.topcoder.db.connectionfactory.DBConnectionFactoryImpl] from namespace [com.topcoder.management.project.persistence.InformixProjectPersistence].
Read propery[ConnectionName] which is  optional  with value[informix_connection] from namespace [com.topcoder.management.project.persistence.InformixProjectPersistence].
Read propery[ProjectIdSequenceName] which is  optional  with value[project_id_seq] from namespace [com.topcoder.management.project.persistence.InformixProjectPersistence].
Read propery[ProjectAuditIdSequenceName] which is  optional  with value[project_audit_id_seq] from namespace [com.topcoder.management.project.persistence.InformixProjectPersistence].
Read propery[ConnectionFactoryNS] which is  required  with value[com.topcoder.db.connectionfactory.DBConnectionFactoryImpl] from namespace [com.topcoder.management.project.persistence.link.ProjectLinkManagerImpl].
Read propery[ConnectionName] which is  optional  with value[informix_connection] from namespace [com.topcoder.management.project.persistence.link.ProjectLinkManagerImpl].
read property ConnectionFactoryNS[com.topcoder.db.connectionfactory.DBConnectionFactoryImpl] from the namespace :com.topcoder.management.scorecard.persistence.InformixScorecardPersistence
read property ConnectionName[informix_connection] from the namespace :com.topcoder.management.scorecard.persistence.InformixScorecardPersistence
Instantiate SqlUploadPersistence with connectionFactory and connectioName:informix_connection
Instantiate PersistenceUploadManager with UploadPersistence, uploadSearchBundle, submissionSearchBundle, uploadIdGenerator, uploadTypeIdGenerator, uploadStatusIdGenerator, submissionIDGenerator, submissionStatusIdGenerator and submissionTypeIdGenerator.
Instantiate AbstractResourcePersistence with connectionFactory and connectionName[informix_connection].
load Resource role with ids:[J@1355ec8,[J@1355ec8,[J@1355ec8,[J@1355ec8,[J@1355ec8,[J@1355ec8,[J@1355ec8,[J@1355ec8,[J@1355ec8,[J@1355ec8,[J@1355ec8,[J@1355ec8,[J@1355ec8,[J@1355ec8,[J@1355ec8,[J@1355ec8,[J@1355ec8,[J@1355ec8,[J@1355ec8,[J@1355ec8,[J@1355ec8,[J@1355ec8
operator: UnknownresourceId: Unknown - creating db connection using connection name: informix_connection
committing transaction
Read propery[ConnectionFactoryNS] which is  required  with value[com.topcoder.db.connectionfactory.DBConnectionFactoryImpl] from namespace [com.topcoder.management.project.persistence.InformixProjectPersistence].
Read propery[ConnectionName] which is  optional  with value[informix_connection] from namespace [com.topcoder.management.project.persistence.InformixProjectPersistence].
Read propery[ProjectIdSequenceName] which is  optional  with value[project_id_seq] from namespace [com.topcoder.management.project.persistence.InformixProjectPersistence].
Read propery[ProjectAuditIdSequenceName] which is  optional  with value[project_audit_id_seq] from namespace [com.topcoder.management.project.persistence.InformixProjectPersistence].
Read propery[ConnectionFactoryNS] which is  required  with value[com.topcoder.db.connectionfactory.DBConnectionFactoryImpl] from namespace [com.topcoder.management.project.persistence.link.ProjectLinkManagerImpl].
Read propery[ConnectionName] which is  optional  with value[informix_connection] from namespace [com.topcoder.management.project.persistence.link.ProjectLinkManagerImpl].
read property ConnectionFactoryNS[com.topcoder.db.connectionfactory.DBConnectionFactoryImpl] from the namespace :com.topcoder.management.scorecard.persistence.InformixScorecardPersistence
read property ConnectionName[informix_connection] from the namespace :com.topcoder.management.scorecard.persistence.InformixScorecardPersistence
Instantiate SqlUploadPersistence with connectionFactory and connectioName:informix_connection
Instantiate PersistenceUploadManager with UploadPersistence, uploadSearchBundle, submissionSearchBundle, uploadIdGenerator, uploadTypeIdGenerator, uploadStatusIdGenerator, submissionIDGenerator, submissionStatusIdGenerator and submissionTypeIdGenerator.
Instantiate AbstractResourcePersistence with connectionFactory and connectionName[informix_connection].
load Resource role with ids:[J@16af1f7,[J@16af1f7,[J@16af1f7,[J@16af1f7,[J@16af1f7,[J@16af1f7,[J@16af1f7,[J@16af1f7,[J@16af1f7,[J@16af1f7,[J@16af1f7,[J@16af1f7,[J@16af1f7,[J@16af1f7,[J@16af1f7,[J@16af1f7,[J@16af1f7,[J@16af1f7,[J@16af1f7,[J@16af1f7,[J@16af1f7,[J@16af1f7
operator: UnknownresourceId: Unknown - creating db connection using connection name: informix_connection
committing transaction
Read propery[ConnectionFactoryNS] which is  required  with value[com.topcoder.db.connectionfactory.DBConnectionFactoryImpl] from namespace [com.topcoder.management.project.persistence.InformixProjectPersistence].
Read propery[ConnectionName] which is  optional  with value[informix_connection] from namespace [com.topcoder.management.project.persistence.InformixProjectPersistence].
Read propery[ProjectIdSequenceName] which is  optional  with value[project_id_seq] from namespace [com.topcoder.management.project.persistence.InformixProjectPersistence].
Read propery[ProjectAuditIdSequenceName] which is  optional  with value[project_audit_id_seq] from namespace [com.topcoder.management.project.persistence.InformixProjectPersistence].
Read propery[ConnectionFactoryNS] which is  required  with value[com.topcoder.db.connectionfactory.DBConnectionFactoryImpl] from namespace [com.topcoder.management.project.persistence.link.ProjectLinkManagerImpl].
Read propery[ConnectionName] which is  optional  with value[informix_connection] from namespace [com.topcoder.management.project.persistence.link.ProjectLinkManagerImpl].
read property ConnectionFactoryNS[com.topcoder.db.connectionfactory.DBConnectionFactoryImpl] from the namespace :com.topcoder.management.scorecard.persistence.InformixScorecardPersistence
read property ConnectionName[informix_connection] from the namespace :com.topcoder.management.scorecard.persistence.InformixScorecardPersistence
Instantiate SqlUploadPersistence with connectionFactory and connectioName:informix_connection
Instantiate PersistenceUploadManager with UploadPersistence, uploadSearchBundle, submissionSearchBundle, uploadIdGenerator, uploadTypeIdGenerator, uploadStatusIdGenerator, submissionIDGenerator, submissionStatusIdGenerator and submissionTypeIdGenerator.
Instantiate AbstractResourcePersistence with connectionFactory and connectionName[informix_connection].
load Resource role with ids:[J@1799785,[J@1799785,[J@1799785,[J@1799785,[J@1799785,[J@1799785,[J@1799785,[J@1799785,[J@1799785,[J@1799785,[J@1799785,[J@1799785,[J@1799785,[J@1799785,[J@1799785,[J@1799785,[J@1799785,[J@1799785,[J@1799785,[J@1799785,[J@1799785,[J@1799785
operator: UnknownresourceId: Unknown - creating db connection using connection name: informix_connection
committing transaction
Read propery[ConnectionFactoryNS] which is  required  with value[com.topcoder.db.connectionfactory.DBConnectionFactoryImpl] from namespace [com.topcoder.management.project.persistence.InformixProjectPersistence].
Read propery[ConnectionName] which is  optional  with value[informix_connection] from namespace [com.topcoder.management.project.persistence.InformixProjectPersistence].
Read propery[ProjectIdSequenceName] which is  optional  with value[project_id_seq] from namespace [com.topcoder.management.project.persistence.InformixProjectPersistence].
Read propery[ProjectAuditIdSequenceName] which is  optional  with value[project_audit_id_seq] from namespace [com.topcoder.management.project.persistence.InformixProjectPersistence].
Read propery[ConnectionFactoryNS] which is  required  with value[com.topcoder.db.connectionfactory.DBConnectionFactoryImpl] from namespace [com.topcoder.management.project.persistence.link.ProjectLinkManagerImpl].
Read propery[ConnectionName] which is  optional  with value[informix_connection] from namespace [com.topcoder.management.project.persistence.link.ProjectLinkManagerImpl].
read property ConnectionFactoryNS[com.topcoder.db.connectionfactory.DBConnectionFactoryImpl] from the namespace :com.topcoder.management.scorecard.persistence.InformixScorecardPersistence
read property ConnectionName[informix_connection] from the namespace :com.topcoder.management.scorecard.persistence.InformixScorecardPersistence
Instantiate SqlUploadPersistence with connectionFactory and connectioName:informix_connection
Instantiate PersistenceUploadManager with UploadPersistence, uploadSearchBundle, submissionSearchBundle, uploadIdGenerator, uploadTypeIdGenerator, uploadStatusIdGenerator, submissionIDGenerator, submissionStatusIdGenerator and submissionTypeIdGenerator.
Instantiate AbstractResourcePersistence with connectionFactory and connectionName[informix_connection].
load Resource role with ids:[J@14fccd,[J@14fccd,[J@14fccd,[J@14fccd,[J@14fccd,[J@14fccd,[J@14fccd,[J@14fccd,[J@14fccd,[J@14fccd,[J@14fccd,[J@14fccd,[J@14fccd,[J@14fccd,[J@14fccd,[J@14fccd,[J@14fccd,[J@14fccd,[J@14fccd,[J@14fccd,[J@14fccd,[J@14fccd
operator: UnknownresourceId: Unknown - creating db connection using connection name: informix_connection
committing transaction
Read propery[ConnectionFactoryNS] which is  required  with value[com.topcoder.db.connectionfactory.DBConnectionFactoryImpl] from namespace [com.topcoder.management.project.persistence.InformixProjectPersistence].
Read propery[ConnectionName] which is  optional  with value[informix_connection] from namespace [com.topcoder.management.project.persistence.InformixProjectPersistence].
Read propery[ProjectIdSequenceName] which is  optional  with value[project_id_seq] from namespace [com.topcoder.management.project.persistence.InformixProjectPersistence].
Read propery[ProjectAuditIdSequenceName] which is  optional  with value[project_audit_id_seq] from namespace [com.topcoder.management.project.persistence.InformixProjectPersistence].
Read propery[ConnectionFactoryNS] which is  required  with value[com.topcoder.db.connectionfactory.DBConnectionFactoryImpl] from namespace [com.topcoder.management.project.persistence.link.ProjectLinkManagerImpl].
Read propery[ConnectionName] which is  optional  with value[informix_connection] from namespace [com.topcoder.management.project.persistence.link.ProjectLinkManagerImpl].
read property ConnectionFactoryNS[com.topcoder.db.connectionfactory.DBConnectionFactoryImpl] from the namespace :com.topcoder.management.scorecard.persistence.InformixScorecardPersistence
read property ConnectionName[informix_connection] from the namespace :com.topcoder.management.scorecard.persistence.InformixScorecardPersistence
Instantiate SqlUploadPersistence with connectionFactory and connectioName:informix_connection
Instantiate PersistenceUploadManager with UploadPersistence, uploadSearchBundle, submissionSearchBundle, uploadIdGenerator, uploadTypeIdGenerator, uploadStatusIdGenerator, submissionIDGenerator, submissionStatusIdGenerator and submissionTypeIdGenerator.
Instantiate AbstractResourcePersistence with connectionFactory and connectionName[informix_connection].
load Resource role with ids:[J@595006,[J@595006,[J@595006,[J@595006,[J@595006,[J@595006,[J@595006,[J@595006,[J@595006,[J@595006,[J@595006,[J@595006,[J@595006,[J@595006,[J@595006,[J@595006,[J@595006,[J@595006,[J@595006,[J@595006,[J@595006,[J@595006
operator: UnknownresourceId: Unknown - creating db connection using connection name: informix_connection
committing transaction
Read propery[ConnectionFactoryNS] which is  required  with value[com.topcoder.db.connectionfactory.DBConnectionFactoryImpl] from namespace [com.topcoder.management.project.persistence.InformixProjectPersistence].
Read propery[ConnectionName] which is  optional  with value[informix_connection] from namespace [com.topcoder.management.project.persistence.InformixProjectPersistence].
Read propery[ProjectIdSequenceName] which is  optional  with value[project_id_seq] from namespace [com.topcoder.management.project.persistence.InformixProjectPersistence].
Read propery[ProjectAuditIdSequenceName] which is  optional  with value[project_audit_id_seq] from namespace [com.topcoder.management.project.persistence.InformixProjectPersistence].
Read propery[ConnectionFactoryNS] which is  required  with value[com.topcoder.db.connectionfactory.DBConnectionFactoryImpl] from namespace [com.topcoder.management.project.persistence.link.ProjectLinkManagerImpl].
Read propery[ConnectionName] which is  optional  with value[informix_connection] from namespace [com.topcoder.management.project.persistence.link.ProjectLinkManagerImpl].
read property ConnectionFactoryNS[com.topcoder.db.connectionfactory.DBConnectionFactoryImpl] from the namespace :com.topcoder.management.scorecard.persistence.InformixScorecardPersistence
read property ConnectionName[informix_connection] from the namespace :com.topcoder.management.scorecard.persistence.InformixScorecardPersistence
Instantiate SqlUploadPersistence with connectionFactory and connectioName:informix_connection
Instantiate PersistenceUploadManager with UploadPersistence, uploadSearchBundle, submissionSearchBundle, uploadIdGenerator, uploadTypeIdGenerator, uploadStatusIdGenerator, submissionIDGenerator, submissionStatusIdGenerator and submissionTypeIdGenerator.
Instantiate AbstractResourcePersistence with connectionFactory and connectionName[informix_connection].
load Resource role with ids:[J@1441d86,[J@1441d86,[J@1441d86,[J@1441d86,[J@1441d86,[J@1441d86,[J@1441d86,[J@1441d86,[J@1441d86,[J@1441d86,[J@1441d86,[J@1441d86,[J@1441d86,[J@1441d86,[J@1441d86,[J@1441d86,[J@1441d86,[J@1441d86,[J@1441d86,[J@1441d86,[J@1441d86,[J@1441d86
operator: UnknownresourceId: Unknown - creating db connection using connection name: informix_connection
committing transaction
Read propery[ConnectionFactoryNS] which is  required  with value[com.topcoder.db.connectionfactory.DBConnectionFactoryImpl] from namespace [com.topcoder.management.project.persistence.InformixProjectPersistence].
Read propery[ConnectionName] which is  optional  with value[informix_connection] from namespace [com.topcoder.management.project.persistence.InformixProjectPersistence].
Read propery[ProjectIdSequenceName] which is  optional  with value[project_id_seq] from namespace [com.topcoder.management.project.persistence.InformixProjectPersistence].
Read propery[ProjectAuditIdSequenceName] which is  optional  with value[project_audit_id_seq] from namespace [com.topcoder.management.project.persistence.InformixProjectPersistence].
Read propery[ConnectionFactoryNS] which is  required  with value[com.topcoder.db.connectionfactory.DBConnectionFactoryImpl] from namespace [com.topcoder.management.project.persistence.link.ProjectLinkManagerImpl].
Read propery[ConnectionName] which is  optional  with value[informix_connection] from namespace [com.topcoder.management.project.persistence.link.ProjectLinkManagerImpl].
read property ConnectionFactoryNS[com.topcoder.db.connectionfactory.DBConnectionFactoryImpl] from the namespace :com.topcoder.management.scorecard.persistence.InformixScorecardPersistence
read property ConnectionName[informix_connection] from the namespace :com.topcoder.management.scorecard.persistence.InformixScorecardPersistence
Instantiate SqlUploadPersistence with connectionFactory and connectioName:informix_connection
Instantiate PersistenceUploadManager with UploadPersistence, uploadSearchBundle, submissionSearchBundle, uploadIdGenerator, uploadTypeIdGenerator, uploadStatusIdGenerator, submissionIDGenerator, submissionStatusIdGenerator and submissionTypeIdGenerator.
Instantiate AbstractResourcePersistence with connectionFactory and connectionName[informix_connection].
load Resource role with ids:[J@1b87e7e,[J@1b87e7e,[J@1b87e7e,[J@1b87e7e,[J@1b87e7e,[J@1b87e7e,[J@1b87e7e,[J@1b87e7e,[J@1b87e7e,[J@1b87e7e,[J@1b87e7e,[J@1b87e7e,[J@1b87e7e,[J@1b87e7e,[J@1b87e7e,[J@1b87e7e,[J@1b87e7e,[J@1b87e7e,[J@1b87e7e,[J@1b87e7e,[J@1b87e7e,[J@1b87e7e
operator: UnknownresourceId: Unknown - creating db connection using connection name: informix_connection
committing transaction
Read propery[ConnectionFactoryNS] which is  required  with value[com.topcoder.db.connectionfactory.DBConnectionFactoryImpl] from namespace [com.topcoder.management.project.persistence.InformixProjectPersistence].
Read propery[ConnectionName] which is  optional  with value[informix_connection] from namespace [com.topcoder.management.project.persistence.InformixProjectPersistence].
Read propery[ProjectIdSequenceName] which is  optional  with value[project_id_seq] from namespace [com.topcoder.management.project.persistence.InformixProjectPersistence].
Read propery[ProjectAuditIdSequenceName] which is  optional  with value[project_audit_id_seq] from namespace [com.topcoder.management.project.persistence.InformixProjectPersistence].
Read propery[ConnectionFactoryNS] which is  required  with value[com.topcoder.db.connectionfactory.DBConnectionFactoryImpl] from namespace [com.topcoder.management.project.persistence.link.ProjectLinkManagerImpl].
Read propery[ConnectionName] which is  optional  with value[informix_connection] from namespace [com.topcoder.management.project.persistence.link.ProjectLinkManagerImpl].
read property ConnectionFactoryNS[com.topcoder.db.connectionfactory.DBConnectionFactoryImpl] from the namespace :com.topcoder.management.scorecard.persistence.InformixScorecardPersistence
read property ConnectionName[informix_connection] from the namespace :com.topcoder.management.scorecard.persistence.InformixScorecardPersistence
Instantiate SqlUploadPersistence with connectionFactory and connectioName:informix_connection
Instantiate PersistenceUploadManager with UploadPersistence, uploadSearchBundle, submissionSearchBundle, uploadIdGenerator, uploadTypeIdGenerator, uploadStatusIdGenerator, submissionIDGenerator, submissionStatusIdGenerator and submissionTypeIdGenerator.
Instantiate AbstractResourcePersistence with connectionFactory and connectionName[informix_connection].
load Resource role with ids:[J@1d433ea,[J@1d433ea,[J@1d433ea,[J@1d433ea,[J@1d433ea,[J@1d433ea,[J@1d433ea,[J@1d433ea,[J@1d433ea,[J@1d433ea,[J@1d433ea,[J@1d433ea,[J@1d433ea,[J@1d433ea,[J@1d433ea,[J@1d433ea,[J@1d433ea,[J@1d433ea,[J@1d433ea,[J@1d433ea,[J@1d433ea,[J@1d433ea
operator: UnknownresourceId: Unknown - creating db connection using connection name: informix_connection
committing transaction
operator: UnknownprojectId: Unknown - Enter getDestProjectLinks method.
operator: UnknownprojectId: Unknown - creating db connection using connection name: informix_connection
get projects with the ids: 1,2
operator: UnknownprojectId: Unknown - creating db connection using connection name: informix_connection
committing transaction
committing transaction
Read propery[ConnectionFactoryNS] which is  required  with value[com.topcoder.db.connectionfactory.DBConnectionFactoryImpl] from namespace [com.topcoder.management.project.persistence.InformixProjectPersistence].
Read propery[ConnectionName] which is  optional  with value[informix_connection] from namespace [com.topcoder.management.project.persistence.InformixProjectPersistence].
Read propery[ProjectIdSequenceName] which is  optional  with value[project_id_seq] from namespace [com.topcoder.management.project.persistence.InformixProjectPersistence].
Read propery[ProjectAuditIdSequenceName] which is  optional  with value[project_audit_id_seq] from namespace [com.topcoder.management.project.persistence.InformixProjectPersistence].
Read propery[ConnectionFactoryNS] which is  required  with value[com.topcoder.db.connectionfactory.DBConnectionFactoryImpl] from namespace [com.topcoder.management.project.persistence.link.ProjectLinkManagerImpl].
Read propery[ConnectionName] which is  optional  with value[informix_connection] from namespace [com.topcoder.management.project.persistence.link.ProjectLinkManagerImpl].
read property ConnectionFactoryNS[com.topcoder.db.connectionfactory.DBConnectionFactoryImpl] from the namespace :com.topcoder.management.scorecard.persistence.InformixScorecardPersistence
read property ConnectionName[informix_connection] from the namespace :com.topcoder.management.scorecard.persistence.InformixScorecardPersistence
Instantiate SqlUploadPersistence with connectionFactory and connectioName:informix_connection
Instantiate PersistenceUploadManager with UploadPersistence, uploadSearchBundle, submissionSearchBundle, uploadIdGenerator, uploadTypeIdGenerator, uploadStatusIdGenerator, submissionIDGenerator, submissionStatusIdGenerator and submissionTypeIdGenerator.
Instantiate AbstractResourcePersistence with connectionFactory and connectionName[informix_connection].
load Resource role with ids:[J@13eac15,[J@13eac15,[J@13eac15,[J@13eac15,[J@13eac15,[J@13eac15,[J@13eac15,[J@13eac15,[J@13eac15,[J@13eac15,[J@13eac15,[J@13eac15,[J@13eac15,[J@13eac15,[J@13eac15,[J@13eac15,[J@13eac15,[J@13eac15,[J@13eac15,[J@13eac15,[J@13eac15,[J@13eac15
operator: UnknownresourceId: Unknown - creating db connection using connection name: informix_connection
committing transaction
load Notifications with array of userIds/projectIds/notificationTypes.
operator: UnknownresourceId: Unknown - creating db connection using connection name: informix_connection
committing transaction
get projects with the ids: 1
operator: UnknownprojectId: Unknown - creating db connection using connection name: informix_connection
committing transaction
load Resource role with ids:[J@13a056f,[J@13a056f,[J@13a056f,[J@13a056f,[J@13a056f,[J@13a056f,[J@13a056f,[J@13a056f,[J@13a056f,[J@13a056f,[J@13a056f,[J@13a056f,[J@13a056f,[J@13a056f,[J@13a056f,[J@13a056f,[J@13a056f,[J@13a056f,[J@13a056f,[J@13a056f,[J@13a056f,[J@13a056f
operator: UnknownresourceId: Unknown - creating db connection using connection name: informix_connection
committing transaction
load Resource with ids:[J@dd68a1
operator: UnknownresourceId: Unknown - creating db connection using connection name: informix_connection
load ResourceRole with id:15
operator: UnknownresourceId: Unknown - creating db connection using connection name: informix_connection
committing transaction
committing transaction
load Resource with ids:[J@149e8c2
operator: UnknownresourceId: Unknown - creating db connection using connection name: informix_connection
load ResourceRole with id:4
operator: UnknownresourceId: Unknown - creating db connection using connection name: informix_connection
committing transaction
committing transaction
load Resource with ids:[J@4101a0
operator: UnknownresourceId: Unknown - creating db connection using connection name: informix_connection
load ResourceRole with id:12
operator: UnknownresourceId: Unknown - creating db connection using connection name: informix_connection
committing transaction
committing transaction
load Resource with ids:[J@1405873
operator: UnknownresourceId: Unknown - creating db connection using connection name: informix_connection
load ResourceRole with id:17
operator: UnknownresourceId: Unknown - creating db connection using connection name: informix_connection
committing transaction
committing transaction
load Resource with ids:[J@a6789f
operator: UnknownresourceId: Unknown - creating db connection using connection name: informix_connection
load ResourceRole with id:13
operator: UnknownresourceId: Unknown - creating db connection using connection name: informix_connection
committing transaction
committing transaction
load Resource with ids:[J@32c53a
operator: UnknownresourceId: Unknown - creating db connection using connection name: informix_connection
load ResourceRole with id:9
operator: UnknownresourceId: Unknown - creating db connection using connection name: informix_connection
committing transaction
committing transaction
operator: UnknownresourceId: 100001 - load resource.
operator: UnknownresourceId: Unknown - creating db connection using connection name: informix_connection
load ResourceRole with id:4
operator: UnknownresourceId: Unknown - creating db connection using connection name: informix_connection
committing transaction
committing transaction
operator: UnknownresourceId: 4 - load resource.
operator: UnknownresourceId: Unknown - creating db connection using connection name: informix_connection
load ResourceRole with id:17
operator: UnknownresourceId: Unknown - creating db connection using connection name: informix_connection
committing transaction
committing transaction
operator: UnknownresourceId: 100000 - load resource.
operator: UnknownresourceId: Unknown - creating db connection using connection name: informix_connection
load ResourceRole with id:13
operator: UnknownresourceId: Unknown - creating db connection using connection name: informix_connection
committing transaction
committing transaction
operator: UnknownresourceId: 1 - load resource.
operator: UnknownresourceId: Unknown - creating db connection using connection name: informix_connection
load ResourceRole with id:15
operator: UnknownresourceId: Unknown - creating db connection using connection name: informix_connection
committing transaction
committing transaction
Read propery[ConnectionFactoryNS] which is  required  with value[com.topcoder.db.connectionfactory.DBConnectionFactoryImpl] from namespace [com.topcoder.management.project.persistence.InformixProjectPersistence].
Read propery[ConnectionName] which is  optional  with value[informix_connection] from namespace [com.topcoder.management.project.persistence.InformixProjectPersistence].
Read propery[ProjectIdSequenceName] which is  optional  with value[project_id_seq] from namespace [com.topcoder.management.project.persistence.InformixProjectPersistence].
Read propery[ProjectAuditIdSequenceName] which is  optional  with value[project_audit_id_seq] from namespace [com.topcoder.management.project.persistence.InformixProjectPersistence].
Read propery[ConnectionFactoryNS] which is  required  with value[com.topcoder.db.connectionfactory.DBConnectionFactoryImpl] from namespace [com.topcoder.management.project.persistence.link.ProjectLinkManagerImpl].
Read propery[ConnectionName] which is  optional  with value[informix_connection] from namespace [com.topcoder.management.project.persistence.link.ProjectLinkManagerImpl].
read property ConnectionFactoryNS[com.topcoder.db.connectionfactory.DBConnectionFactoryImpl] from the namespace :com.topcoder.management.scorecard.persistence.InformixScorecardPersistence
read property ConnectionName[informix_connection] from the namespace :com.topcoder.management.scorecard.persistence.InformixScorecardPersistence
Instantiate SqlUploadPersistence with connectionFactory and connectioName:informix_connection
Instantiate PersistenceUploadManager with UploadPersistence, uploadSearchBundle, submissionSearchBundle, uploadIdGenerator, uploadTypeIdGenerator, uploadStatusIdGenerator, submissionIDGenerator, submissionStatusIdGenerator and submissionTypeIdGenerator.
Instantiate AbstractResourcePersistence with connectionFactory and connectionName[informix_connection].
load Resource role with ids:[J@9795ef,[J@9795ef,[J@9795ef,[J@9795ef,[J@9795ef,[J@9795ef,[J@9795ef,[J@9795ef,[J@9795ef,[J@9795ef,[J@9795ef,[J@9795ef,[J@9795ef,[J@9795ef,[J@9795ef,[J@9795ef,[J@9795ef,[J@9795ef,[J@9795ef,[J@9795ef,[J@9795ef,[J@9795ef
operator: UnknownresourceId: Unknown - creating db connection using connection name: informix_connection
committing transaction
load Notifications with array of userIds/projectIds/notificationTypes.
operator: UnknownresourceId: Unknown - creating db connection using connection name: informix_connection
committing transaction
get projects with the ids: 1
operator: UnknownprojectId: Unknown - creating db connection using connection name: informix_connection
committing transaction
load Resource role with ids:[J@1a42f7f,[J@1a42f7f,[J@1a42f7f,[J@1a42f7f,[J@1a42f7f,[J@1a42f7f,[J@1a42f7f,[J@1a42f7f,[J@1a42f7f,[J@1a42f7f,[J@1a42f7f,[J@1a42f7f,[J@1a42f7f,[J@1a42f7f,[J@1a42f7f,[J@1a42f7f,[J@1a42f7f,[J@1a42f7f,[J@1a42f7f,[J@1a42f7f,[J@1a42f7f,[J@1a42f7f
operator: UnknownresourceId: Unknown - creating db connection using connection name: informix_connection
committing transaction
load Resource with ids:[J@355a6a
operator: UnknownresourceId: Unknown - creating db connection using connection name: informix_connection
load ResourceRole with id:4
operator: UnknownresourceId: Unknown - creating db connection using connection name: informix_connection
committing transaction
committing transaction
load Resource with ids:[J@18140c4
operator: UnknownresourceId: Unknown - creating db connection using connection name: informix_connection
load ResourceRole with id:12
operator: UnknownresourceId: Unknown - creating db connection using connection name: informix_connection
committing transaction
committing transaction
load Resource with ids:[J@150040b
operator: UnknownresourceId: Unknown - creating db connection using connection name: informix_connection
load ResourceRole with id:13
operator: UnknownresourceId: Unknown - creating db connection using connection name: informix_connection
committing transaction
committing transaction
load Resource with ids:[J@10f2529
operator: UnknownresourceId: Unknown - creating db connection using connection name: informix_connection
load ResourceRole with id:9
operator: UnknownresourceId: Unknown - creating db connection using connection name: informix_connection
committing transaction
committing transaction
operator: UnknownresourceId: 100001 - load resource.
operator: UnknownresourceId: Unknown - creating db connection using connection name: informix_connection
load ResourceRole with id:4
operator: UnknownresourceId: Unknown - creating db connection using connection name: informix_connection
committing transaction
committing transaction
operator: UnknownresourceId: 100000 - load resource.
operator: UnknownresourceId: Unknown - creating db connection using connection name: informix_connection
load ResourceRole with id:13
operator: UnknownresourceId: Unknown - creating db connection using connection name: informix_connection
committing transaction
committing transaction
Read propery[ConnectionFactoryNS] which is  required  with value[com.topcoder.db.connectionfactory.DBConnectionFactoryImpl] from namespace [com.topcoder.management.project.persistence.InformixProjectPersistence].
Read propery[ConnectionName] which is  optional  with value[informix_connection] from namespace [com.topcoder.management.project.persistence.InformixProjectPersistence].
Read propery[ProjectIdSequenceName] which is  optional  with value[project_id_seq] from namespace [com.topcoder.management.project.persistence.InformixProjectPersistence].
Read propery[ProjectAuditIdSequenceName] which is  optional  with value[project_audit_id_seq] from namespace [com.topcoder.management.project.persistence.InformixProjectPersistence].
Read propery[ConnectionFactoryNS] which is  required  with value[com.topcoder.db.connectionfactory.DBConnectionFactoryImpl] from namespace [com.topcoder.management.project.persistence.link.ProjectLinkManagerImpl].
Read propery[ConnectionName] which is  optional  with value[informix_connection] from namespace [com.topcoder.management.project.persistence.link.ProjectLinkManagerImpl].
read property ConnectionFactoryNS[com.topcoder.db.connectionfactory.DBConnectionFactoryImpl] from the namespace :com.topcoder.management.scorecard.persistence.InformixScorecardPersistence
read property ConnectionName[informix_connection] from the namespace :com.topcoder.management.scorecard.persistence.InformixScorecardPersistence
Instantiate SqlUploadPersistence with connectionFactory and connectioName:informix_connection
Instantiate PersistenceUploadManager with UploadPersistence, uploadSearchBundle, submissionSearchBundle, uploadIdGenerator, uploadTypeIdGenerator, uploadStatusIdGenerator, submissionIDGenerator, submissionStatusIdGenerator and submissionTypeIdGenerator.
Instantiate AbstractResourcePersistence with connectionFactory and connectionName[informix_connection].
load Resource role with ids:[J@2c75a9,[J@2c75a9,[J@2c75a9,[J@2c75a9,[J@2c75a9,[J@2c75a9,[J@2c75a9,[J@2c75a9,[J@2c75a9,[J@2c75a9,[J@2c75a9,[J@2c75a9,[J@2c75a9,[J@2c75a9,[J@2c75a9,[J@2c75a9,[J@2c75a9,[J@2c75a9,[J@2c75a9,[J@2c75a9,[J@2c75a9,[J@2c75a9
operator: UnknownresourceId: Unknown - creating db connection using connection name: informix_connection
committing transaction
Read propery[ConnectionFactoryNS] which is  required  with value[com.topcoder.db.connectionfactory.DBConnectionFactoryImpl] from namespace [com.topcoder.management.project.persistence.InformixProjectPersistence].
Read propery[ConnectionName] which is  optional  with value[informix_connection] from namespace [com.topcoder.management.project.persistence.InformixProjectPersistence].
Read propery[ProjectIdSequenceName] which is  optional  with value[project_id_seq] from namespace [com.topcoder.management.project.persistence.InformixProjectPersistence].
Read propery[ProjectAuditIdSequenceName] which is  optional  with value[project_audit_id_seq] from namespace [com.topcoder.management.project.persistence.InformixProjectPersistence].
Read propery[ConnectionFactoryNS] which is  required  with value[com.topcoder.db.connectionfactory.DBConnectionFactoryImpl] from namespace [com.topcoder.management.project.persistence.link.ProjectLinkManagerImpl].
Read propery[ConnectionName] which is  optional  with value[informix_connection] from namespace [com.topcoder.management.project.persistence.link.ProjectLinkManagerImpl].
read property ConnectionFactoryNS[com.topcoder.db.connectionfactory.DBConnectionFactoryImpl] from the namespace :com.topcoder.management.scorecard.persistence.InformixScorecardPersistence
read property ConnectionName[informix_connection] from the namespace :com.topcoder.management.scorecard.persistence.InformixScorecardPersistence
Instantiate SqlUploadPersistence with connectionFactory and connectioName:informix_connection
Instantiate PersistenceUploadManager with UploadPersistence, uploadSearchBundle, submissionSearchBundle, uploadIdGenerator, uploadTypeIdGenerator, uploadStatusIdGenerator, submissionIDGenerator, submissionStatusIdGenerator and submissionTypeIdGenerator.
Instantiate AbstractResourcePersistence with connectionFactory and connectionName[informix_connection].
load Resource role with ids:[J@1385a1,[J@1385a1,[J@1385a1,[J@1385a1,[J@1385a1,[J@1385a1,[J@1385a1,[J@1385a1,[J@1385a1,[J@1385a1,[J@1385a1,[J@1385a1,[J@1385a1,[J@1385a1,[J@1385a1,[J@1385a1,[J@1385a1,[J@1385a1,[J@1385a1,[J@1385a1,[J@1385a1,[J@1385a1
operator: UnknownresourceId: Unknown - creating db connection using connection name: informix_connection
committing transaction
Read propery[ConnectionFactoryNS] which is  required  with value[com.topcoder.db.connectionfactory.DBConnectionFactoryImpl] from namespace [com.topcoder.management.project.persistence.InformixProjectPersistence].
Read propery[ConnectionName] which is  optional  with value[informix_connection] from namespace [com.topcoder.management.project.persistence.InformixProjectPersistence].
Read propery[ProjectIdSequenceName] which is  optional  with value[project_id_seq] from namespace [com.topcoder.management.project.persistence.InformixProjectPersistence].
Read propery[ProjectAuditIdSequenceName] which is  optional  with value[project_audit_id_seq] from namespace [com.topcoder.management.project.persistence.InformixProjectPersistence].
Read propery[ConnectionFactoryNS] which is  required  with value[com.topcoder.db.connectionfactory.DBConnectionFactoryImpl] from namespace [com.topcoder.management.project.persistence.link.ProjectLinkManagerImpl].
Read propery[ConnectionName] which is  optional  with value[informix_connection] from namespace [com.topcoder.management.project.persistence.link.ProjectLinkManagerImpl].
read property ConnectionFactoryNS[com.topcoder.db.connectionfactory.DBConnectionFactoryImpl] from the namespace :com.topcoder.management.scorecard.persistence.InformixScorecardPersistence
read property ConnectionName[informix_connection] from the namespace :com.topcoder.management.scorecard.persistence.InformixScorecardPersistence
Instantiate SqlUploadPersistence with connectionFactory and connectioName:informix_connection
Instantiate PersistenceUploadManager with UploadPersistence, uploadSearchBundle, submissionSearchBundle, uploadIdGenerator, uploadTypeIdGenerator, uploadStatusIdGenerator, submissionIDGenerator, submissionStatusIdGenerator and submissionTypeIdGenerator.
Instantiate AbstractResourcePersistence with connectionFactory and connectionName[informix_connection].
load Resource role with ids:[J@10f5115,[J@10f5115,[J@10f5115,[J@10f5115,[J@10f5115,[J@10f5115,[J@10f5115,[J@10f5115,[J@10f5115,[J@10f5115,[J@10f5115,[J@10f5115,[J@10f5115,[J@10f5115,[J@10f5115,[J@10f5115,[J@10f5115,[J@10f5115,[J@10f5115,[J@10f5115,[J@10f5115,[J@10f5115
operator: UnknownresourceId: Unknown - creating db connection using connection name: informix_connection
committing transaction
Read propery[ConnectionFactoryNS] which is  required  with value[com.topcoder.db.connectionfactory.DBConnectionFactoryImpl] from namespace [com.topcoder.management.project.persistence.InformixProjectPersistence].
Read propery[ConnectionName] which is  optional  with value[informix_connection] from namespace [com.topcoder.management.project.persistence.InformixProjectPersistence].
Read propery[ProjectIdSequenceName] which is  optional  with value[project_id_seq] from namespace [com.topcoder.management.project.persistence.InformixProjectPersistence].
Read propery[ProjectAuditIdSequenceName] which is  optional  with value[project_audit_id_seq] from namespace [com.topcoder.management.project.persistence.InformixProjectPersistence].
Read propery[ConnectionFactoryNS] which is  required  with value[com.topcoder.db.connectionfactory.DBConnectionFactoryImpl] from namespace [com.topcoder.management.project.persistence.link.ProjectLinkManagerImpl].
Read propery[ConnectionName] which is  optional  with value[informix_connection] from namespace [com.topcoder.management.project.persistence.link.ProjectLinkManagerImpl].
read property ConnectionFactoryNS[com.topcoder.db.connectionfactory.DBConnectionFactoryImpl] from the namespace :com.topcoder.management.scorecard.persistence.InformixScorecardPersistence
read property ConnectionName[informix_connection] from the namespace :com.topcoder.management.scorecard.persistence.InformixScorecardPersistence
Instantiate SqlUploadPersistence with connectionFactory and connectioName:informix_connection
Instantiate PersistenceUploadManager with UploadPersistence, uploadSearchBundle, submissionSearchBundle, uploadIdGenerator, uploadTypeIdGenerator, uploadStatusIdGenerator, submissionIDGenerator, submissionStatusIdGenerator and submissionTypeIdGenerator.
Instantiate AbstractResourcePersistence with connectionFactory and connectionName[informix_connection].
load Resource role with ids:[J@12defdc,[J@12defdc,[J@12defdc,[J@12defdc,[J@12defdc,[J@12defdc,[J@12defdc,[J@12defdc,[J@12defdc,[J@12defdc,[J@12defdc,[J@12defdc,[J@12defdc,[J@12defdc,[J@12defdc,[J@12defdc,[J@12defdc,[J@12defdc,[J@12defdc,[J@12defdc,[J@12defdc,[J@12defdc
operator: UnknownresourceId: Unknown - creating db connection using connection name: informix_connection
committing transaction
Read propery[ConnectionFactoryNS] which is  required  with value[com.topcoder.db.connectionfactory.DBConnectionFactoryImpl] from namespace [com.topcoder.management.project.persistence.InformixProjectPersistence].
Read propery[ConnectionName] which is  optional  with value[informix_connection] from namespace [com.topcoder.management.project.persistence.InformixProjectPersistence].
Read propery[ProjectIdSequenceName] which is  optional  with value[project_id_seq] from namespace [com.topcoder.management.project.persistence.InformixProjectPersistence].
Read propery[ProjectAuditIdSequenceName] which is  optional  with value[project_audit_id_seq] from namespace [com.topcoder.management.project.persistence.InformixProjectPersistence].
Read propery[ConnectionFactoryNS] which is  required  with value[com.topcoder.db.connectionfactory.DBConnectionFactoryImpl] from namespace [com.topcoder.management.project.persistence.link.ProjectLinkManagerImpl].
Read propery[ConnectionName] which is  optional  with value[informix_connection] from namespace [com.topcoder.management.project.persistence.link.ProjectLinkManagerImpl].
read property ConnectionFactoryNS[com.topcoder.db.connectionfactory.DBConnectionFactoryImpl] from the namespace :com.topcoder.management.scorecard.persistence.InformixScorecardPersistence
read property ConnectionName[informix_connection] from the namespace :com.topcoder.management.scorecard.persistence.InformixScorecardPersistence
Instantiate SqlUploadPersistence with connectionFactory and connectioName:informix_connection
Instantiate PersistenceUploadManager with UploadPersistence, uploadSearchBundle, submissionSearchBundle, uploadIdGenerator, uploadTypeIdGenerator, uploadStatusIdGenerator, submissionIDGenerator, submissionStatusIdGenerator and submissionTypeIdGenerator.
Instantiate AbstractResourcePersistence with connectionFactory and connectionName[informix_connection].
load Resource role with ids:[J@b443d9,[J@b443d9,[J@b443d9,[J@b443d9,[J@b443d9,[J@b443d9,[J@b443d9,[J@b443d9,[J@b443d9,[J@b443d9,[J@b443d9,[J@b443d9,[J@b443d9,[J@b443d9,[J@b443d9,[J@b443d9,[J@b443d9,[J@b443d9,[J@b443d9,[J@b443d9,[J@b443d9,[J@b443d9
operator: UnknownresourceId: Unknown - creating db connection using connection name: informix_connection
committing transaction
Read propery[ConnectionFactoryNS] which is  required  with value[com.topcoder.db.connectionfactory.DBConnectionFactoryImpl] from namespace [com.topcoder.management.project.persistence.InformixProjectPersistence].
Read propery[ConnectionName] which is  optional  with value[informix_connection] from namespace [com.topcoder.management.project.persistence.InformixProjectPersistence].
Read propery[ProjectIdSequenceName] which is  optional  with value[project_id_seq] from namespace [com.topcoder.management.project.persistence.InformixProjectPersistence].
Read propery[ProjectAuditIdSequenceName] which is  optional  with value[project_audit_id_seq] from namespace [com.topcoder.management.project.persistence.InformixProjectPersistence].
Read propery[ConnectionFactoryNS] which is  required  with value[com.topcoder.db.connectionfactory.DBConnectionFactoryImpl] from namespace [com.topcoder.management.project.persistence.link.ProjectLinkManagerImpl].
Read propery[ConnectionName] which is  optional  with value[informix_connection] from namespace [com.topcoder.management.project.persistence.link.ProjectLinkManagerImpl].
read property ConnectionFactoryNS[com.topcoder.db.connectionfactory.DBConnectionFactoryImpl] from the namespace :com.topcoder.management.scorecard.persistence.InformixScorecardPersistence
read property ConnectionName[informix_connection] from the namespace :com.topcoder.management.scorecard.persistence.InformixScorecardPersistence
Instantiate SqlUploadPersistence with connectionFactory and connectioName:informix_connection
Instantiate PersistenceUploadManager with UploadPersistence, uploadSearchBundle, submissionSearchBundle, uploadIdGenerator, uploadTypeIdGenerator, uploadStatusIdGenerator, submissionIDGenerator, submissionStatusIdGenerator and submissionTypeIdGenerator.
Instantiate AbstractResourcePersistence with connectionFactory and connectionName[informix_connection].
load Resource role with ids:[J@192f6c3,[J@192f6c3,[J@192f6c3,[J@192f6c3,[J@192f6c3,[J@192f6c3,[J@192f6c3,[J@192f6c3,[J@192f6c3,[J@192f6c3,[J@192f6c3,[J@192f6c3,[J@192f6c3,[J@192f6c3,[J@192f6c3,[J@192f6c3,[J@192f6c3,[J@192f6c3,[J@192f6c3,[J@192f6c3,[J@192f6c3,[J@192f6c3
operator: UnknownresourceId: Unknown - creating db connection using connection name: informix_connection
committing transaction
operator: UnknownprojectId: Unknown - Enter getDestProjectLinks method.
operator: UnknownprojectId: Unknown - creating db connection using connection name: informix_connection
get projects with the ids: 1,2
operator: UnknownprojectId: Unknown - creating db connection using connection name: informix_connection
committing transaction
committing transaction
Read propery[ConnectionFactoryNS] which is  required  with value[com.topcoder.db.connectionfactory.DBConnectionFactoryImpl] from namespace [com.topcoder.management.project.persistence.InformixProjectPersistence].
Read propery[ConnectionName] which is  optional  with value[informix_connection] from namespace [com.topcoder.management.project.persistence.InformixProjectPersistence].
Read propery[ProjectIdSequenceName] which is  optional  with value[project_id_seq] from namespace [com.topcoder.management.project.persistence.InformixProjectPersistence].
Read propery[ProjectAuditIdSequenceName] which is  optional  with value[project_audit_id_seq] from namespace [com.topcoder.management.project.persistence.InformixProjectPersistence].
Read propery[ConnectionFactoryNS] which is  required  with value[com.topcoder.db.connectionfactory.DBConnectionFactoryImpl] from namespace [com.topcoder.management.project.persistence.link.ProjectLinkManagerImpl].
Read propery[ConnectionName] which is  optional  with value[informix_connection] from namespace [com.topcoder.management.project.persistence.link.ProjectLinkManagerImpl].
read property ConnectionFactoryNS[com.topcoder.db.connectionfactory.DBConnectionFactoryImpl] from the namespace :com.topcoder.management.scorecard.persistence.InformixScorecardPersistence
read property ConnectionName[informix_connection] from the namespace :com.topcoder.management.scorecard.persistence.InformixScorecardPersistence
Instantiate SqlUploadPersistence with connectionFactory and connectioName:informix_connection
Instantiate PersistenceUploadManager with UploadPersistence, uploadSearchBundle, submissionSearchBundle, uploadIdGenerator, uploadTypeIdGenerator, uploadStatusIdGenerator, submissionIDGenerator, submissionStatusIdGenerator and submissionTypeIdGenerator.
Instantiate AbstractResourcePersistence with connectionFactory and connectionName[informix_connection].
load Resource role with ids:[J@7c923b,[J@7c923b,[J@7c923b,[J@7c923b,[J@7c923b,[J@7c923b,[J@7c923b,[J@7c923b,[J@7c923b,[J@7c923b,[J@7c923b,[J@7c923b,[J@7c923b,[J@7c923b,[J@7c923b,[J@7c923b,[J@7c923b,[J@7c923b,[J@7c923b,[J@7c923b,[J@7c923b,[J@7c923b
operator: UnknownresourceId: Unknown - creating db connection using connection name: informix_connection
committing transaction
type: Upload id: Unknown operator:Unknown - search submissions with filter. found: 0
Read propery[ConnectionFactoryNS] which is  required  with value[com.topcoder.db.connectionfactory.DBConnectionFactoryImpl] from namespace [com.topcoder.management.project.persistence.InformixProjectPersistence].
Read propery[ConnectionName] which is  optional  with value[informix_connection] from namespace [com.topcoder.management.project.persistence.InformixProjectPersistence].
Read propery[ProjectIdSequenceName] which is  optional  with value[project_id_seq] from namespace [com.topcoder.management.project.persistence.InformixProjectPersistence].
Read propery[ProjectAuditIdSequenceName] which is  optional  with value[project_audit_id_seq] from namespace [com.topcoder.management.project.persistence.InformixProjectPersistence].
Read propery[ConnectionFactoryNS] which is  required  with value[com.topcoder.db.connectionfactory.DBConnectionFactoryImpl] from namespace [com.topcoder.management.project.persistence.link.ProjectLinkManagerImpl].
Read propery[ConnectionName] which is  optional  with value[informix_connection] from namespace [com.topcoder.management.project.persistence.link.ProjectLinkManagerImpl].
read property ConnectionFactoryNS[com.topcoder.db.connectionfactory.DBConnectionFactoryImpl] from the namespace :com.topcoder.management.scorecard.persistence.InformixScorecardPersistence
read property ConnectionName[informix_connection] from the namespace :com.topcoder.management.scorecard.persistence.InformixScorecardPersistence
Instantiate SqlUploadPersistence with connectionFactory and connectioName:informix_connection
Instantiate PersistenceUploadManager with UploadPersistence, uploadSearchBundle, submissionSearchBundle, uploadIdGenerator, uploadTypeIdGenerator, uploadStatusIdGenerator, submissionIDGenerator, submissionStatusIdGenerator and submissionTypeIdGenerator.
Instantiate AbstractResourcePersistence with connectionFactory and connectionName[informix_connection].
load Resource role with ids:[J@1250601,[J@1250601,[J@1250601,[J@1250601,[J@1250601,[J@1250601,[J@1250601,[J@1250601,[J@1250601,[J@1250601,[J@1250601,[J@1250601,[J@1250601,[J@1250601,[J@1250601,[J@1250601,[J@1250601,[J@1250601,[J@1250601,[J@1250601,[J@1250601,[J@1250601
operator: UnknownresourceId: Unknown - creating db connection using connection name: informix_connection
committing transaction
Read propery[ConnectionFactoryNS] which is  required  with value[com.topcoder.db.connectionfactory.DBConnectionFactoryImpl] from namespace [com.topcoder.management.project.persistence.InformixProjectPersistence].
Read propery[ConnectionName] which is  optional  with value[informix_connection] from namespace [com.topcoder.management.project.persistence.InformixProjectPersistence].
Read propery[ProjectIdSequenceName] which is  optional  with value[project_id_seq] from namespace [com.topcoder.management.project.persistence.InformixProjectPersistence].
Read propery[ProjectAuditIdSequenceName] which is  optional  with value[project_audit_id_seq] from namespace [com.topcoder.management.project.persistence.InformixProjectPersistence].
Read propery[ConnectionFactoryNS] which is  required  with value[com.topcoder.db.connectionfactory.DBConnectionFactoryImpl] from namespace [com.topcoder.management.project.persistence.link.ProjectLinkManagerImpl].
Read propery[ConnectionName] which is  optional  with value[informix_connection] from namespace [com.topcoder.management.project.persistence.link.ProjectLinkManagerImpl].
read property ConnectionFactoryNS[com.topcoder.db.connectionfactory.DBConnectionFactoryImpl] from the namespace :com.topcoder.management.scorecard.persistence.InformixScorecardPersistence
read property ConnectionName[informix_connection] from the namespace :com.topcoder.management.scorecard.persistence.InformixScorecardPersistence
Instantiate SqlUploadPersistence with connectionFactory and connectioName:informix_connection
Instantiate PersistenceUploadManager with UploadPersistence, uploadSearchBundle, submissionSearchBundle, uploadIdGenerator, uploadTypeIdGenerator, uploadStatusIdGenerator, submissionIDGenerator, submissionStatusIdGenerator and submissionTypeIdGenerator.
Instantiate AbstractResourcePersistence with connectionFactory and connectionName[informix_connection].
load Resource role with ids:[J@8a22c9,[J@8a22c9,[J@8a22c9,[J@8a22c9,[J@8a22c9,[J@8a22c9,[J@8a22c9,[J@8a22c9,[J@8a22c9,[J@8a22c9,[J@8a22c9,[J@8a22c9,[J@8a22c9,[J@8a22c9,[J@8a22c9,[J@8a22c9,[J@8a22c9,[J@8a22c9,[J@8a22c9,[J@8a22c9,[J@8a22c9,[J@8a22c9
operator: UnknownresourceId: Unknown - creating db connection using connection name: informix_connection
committing transaction
type: Upload id: Unknown operator:Unknown - search submissions with filter. found: 1
Read propery[ConnectionFactoryNS] which is  required  with value[com.topcoder.db.connectionfactory.DBConnectionFactoryImpl] from namespace [com.topcoder.management.project.persistence.InformixProjectPersistence].
Read propery[ConnectionName] which is  optional  with value[informix_connection] from namespace [com.topcoder.management.project.persistence.InformixProjectPersistence].
Read propery[ProjectIdSequenceName] which is  optional  with value[project_id_seq] from namespace [com.topcoder.management.project.persistence.InformixProjectPersistence].
Read propery[ProjectAuditIdSequenceName] which is  optional  with value[project_audit_id_seq] from namespace [com.topcoder.management.project.persistence.InformixProjectPersistence].
Read propery[ConnectionFactoryNS] which is  required  with value[com.topcoder.db.connectionfactory.DBConnectionFactoryImpl] from namespace [com.topcoder.management.project.persistence.link.ProjectLinkManagerImpl].
Read propery[ConnectionName] which is  optional  with value[informix_connection] from namespace [com.topcoder.management.project.persistence.link.ProjectLinkManagerImpl].
read property ConnectionFactoryNS[com.topcoder.db.connectionfactory.DBConnectionFactoryImpl] from the namespace :com.topcoder.management.scorecard.persistence.InformixScorecardPersistence
read property ConnectionName[informix_connection] from the namespace :com.topcoder.management.scorecard.persistence.InformixScorecardPersistence
Instantiate SqlUploadPersistence with connectionFactory and connectioName:informix_connection
Instantiate PersistenceUploadManager with UploadPersistence, uploadSearchBundle, submissionSearchBundle, uploadIdGenerator, uploadTypeIdGenerator, uploadStatusIdGenerator, submissionIDGenerator, submissionStatusIdGenerator and submissionTypeIdGenerator.
Instantiate AbstractResourcePersistence with connectionFactory and connectionName[informix_connection].
load Resource role with ids:[J@47398b,[J@47398b,[J@47398b,[J@47398b,[J@47398b,[J@47398b,[J@47398b,[J@47398b,[J@47398b,[J@47398b,[J@47398b,[J@47398b,[J@47398b,[J@47398b,[J@47398b,[J@47398b,[J@47398b,[J@47398b,[J@47398b,[J@47398b,[J@47398b,[J@47398b
operator: UnknownresourceId: Unknown - creating db connection using connection name: informix_connection
committing transaction
Read propery[ConnectionFactoryNS] which is  required  with value[com.topcoder.db.connectionfactory.DBConnectionFactoryImpl] from namespace [com.topcoder.management.project.persistence.InformixProjectPersistence].
Read propery[ConnectionName] which is  optional  with value[informix_connection] from namespace [com.topcoder.management.project.persistence.InformixProjectPersistence].
Read propery[ProjectIdSequenceName] which is  optional  with value[project_id_seq] from namespace [com.topcoder.management.project.persistence.InformixProjectPersistence].
Read propery[ProjectAuditIdSequenceName] which is  optional  with value[project_audit_id_seq] from namespace [com.topcoder.management.project.persistence.InformixProjectPersistence].
Read propery[ConnectionFactoryNS] which is  required  with value[com.topcoder.db.connectionfactory.DBConnectionFactoryImpl] from namespace [com.topcoder.management.project.persistence.link.ProjectLinkManagerImpl].
Read propery[ConnectionName] which is  optional  with value[informix_connection] from namespace [com.topcoder.management.project.persistence.link.ProjectLinkManagerImpl].
read property ConnectionFactoryNS[com.topcoder.db.connectionfactory.DBConnectionFactoryImpl] from the namespace :com.topcoder.management.scorecard.persistence.InformixScorecardPersistence
read property ConnectionName[informix_connection] from the namespace :com.topcoder.management.scorecard.persistence.InformixScorecardPersistence
Instantiate SqlUploadPersistence with connectionFactory and connectioName:informix_connection
Instantiate PersistenceUploadManager with UploadPersistence, uploadSearchBundle, submissionSearchBundle, uploadIdGenerator, uploadTypeIdGenerator, uploadStatusIdGenerator, submissionIDGenerator, submissionStatusIdGenerator and submissionTypeIdGenerator.
Instantiate AbstractResourcePersistence with connectionFactory and connectionName[informix_connection].
load Resource role with ids:[J@f384e5,[J@f384e5,[J@f384e5,[J@f384e5,[J@f384e5,[J@f384e5,[J@f384e5,[J@f384e5,[J@f384e5,[J@f384e5,[J@f384e5,[J@f384e5,[J@f384e5,[J@f384e5,[J@f384e5,[J@f384e5,[J@f384e5,[J@f384e5,[J@f384e5,[J@f384e5,[J@f384e5,[J@f384e5
operator: UnknownresourceId: Unknown - creating db connection using connection name: informix_connection
committing transaction
Read propery[ConnectionFactoryNS] which is  required  with value[com.topcoder.db.connectionfactory.DBConnectionFactoryImpl] from namespace [com.topcoder.management.project.persistence.InformixProjectPersistence].
Read propery[ConnectionName] which is  optional  with value[informix_connection] from namespace [com.topcoder.management.project.persistence.InformixProjectPersistence].
Read propery[ProjectIdSequenceName] which is  optional  with value[project_id_seq] from namespace [com.topcoder.management.project.persistence.InformixProjectPersistence].
Read propery[ProjectAuditIdSequenceName] which is  optional  with value[project_audit_id_seq] from namespace [com.topcoder.management.project.persistence.InformixProjectPersistence].
Read propery[ConnectionFactoryNS] which is  required  with value[com.topcoder.db.connectionfactory.DBConnectionFactoryImpl] from namespace [com.topcoder.management.project.persistence.link.ProjectLinkManagerImpl].
Read propery[ConnectionName] which is  optional  with value[informix_connection] from namespace [com.topcoder.management.project.persistence.link.ProjectLinkManagerImpl].
read property ConnectionFactoryNS[com.topcoder.db.connectionfactory.DBConnectionFactoryImpl] from the namespace :com.topcoder.management.scorecard.persistence.InformixScorecardPersistence
read property ConnectionName[informix_connection] from the namespace :com.topcoder.management.scorecard.persistence.InformixScorecardPersistence
Instantiate SqlUploadPersistence with connectionFactory and connectioName:informix_connection
Instantiate PersistenceUploadManager with UploadPersistence, uploadSearchBundle, submissionSearchBundle, uploadIdGenerator, uploadTypeIdGenerator, uploadStatusIdGenerator, submissionIDGenerator, submissionStatusIdGenerator and submissionTypeIdGenerator.
Instantiate AbstractResourcePersistence with connectionFactory and connectionName[informix_connection].
load Resource role with ids:[J@10d26e2,[J@10d26e2,[J@10d26e2,[J@10d26e2,[J@10d26e2,[J@10d26e2,[J@10d26e2,[J@10d26e2,[J@10d26e2,[J@10d26e2,[J@10d26e2,[J@10d26e2,[J@10d26e2,[J@10d26e2,[J@10d26e2,[J@10d26e2,[J@10d26e2,[J@10d26e2,[J@10d26e2,[J@10d26e2,[J@10d26e2,[J@10d26e2
operator: UnknownresourceId: Unknown - creating db connection using connection name: informix_connection
committing transaction
Read propery[ConnectionFactoryNS] which is  required  with value[com.topcoder.db.connectionfactory.DBConnectionFactoryImpl] from namespace [com.topcoder.management.project.persistence.InformixProjectPersistence].
Read propery[ConnectionName] which is  optional  with value[informix_connection] from namespace [com.topcoder.management.project.persistence.InformixProjectPersistence].
Read propery[ProjectIdSequenceName] which is  optional  with value[project_id_seq] from namespace [com.topcoder.management.project.persistence.InformixProjectPersistence].
Read propery[ProjectAuditIdSequenceName] which is  optional  with value[project_audit_id_seq] from namespace [com.topcoder.management.project.persistence.InformixProjectPersistence].
Read propery[ConnectionFactoryNS] which is  required  with value[com.topcoder.db.connectionfactory.DBConnectionFactoryImpl] from namespace [com.topcoder.management.project.persistence.link.ProjectLinkManagerImpl].
Read propery[ConnectionName] which is  optional  with value[informix_connection] from namespace [com.topcoder.management.project.persistence.link.ProjectLinkManagerImpl].
read property ConnectionFactoryNS[com.topcoder.db.connectionfactory.DBConnectionFactoryImpl] from the namespace :com.topcoder.management.scorecard.persistence.InformixScorecardPersistence
read property ConnectionName[informix_connection] from the namespace :com.topcoder.management.scorecard.persistence.InformixScorecardPersistence
Instantiate SqlUploadPersistence with connectionFactory and connectioName:informix_connection
Instantiate PersistenceUploadManager with UploadPersistence, uploadSearchBundle, submissionSearchBundle, uploadIdGenerator, uploadTypeIdGenerator, uploadStatusIdGenerator, submissionIDGenerator, submissionStatusIdGenerator and submissionTypeIdGenerator.
Instantiate AbstractResourcePersistence with connectionFactory and connectionName[informix_connection].
load Resource role with ids:[J@1daa31e,[J@1daa31e,[J@1daa31e,[J@1daa31e,[J@1daa31e,[J@1daa31e,[J@1daa31e,[J@1daa31e,[J@1daa31e,[J@1daa31e,[J@1daa31e,[J@1daa31e,[J@1daa31e,[J@1daa31e,[J@1daa31e,[J@1daa31e,[J@1daa31e,[J@1daa31e,[J@1daa31e,[J@1daa31e,[J@1daa31e,[J@1daa31e
operator: UnknownresourceId: Unknown - creating db connection using connection name: informix_connection
committing transaction
Read propery[ConnectionFactoryNS] which is  required  with value[com.topcoder.db.connectionfactory.DBConnectionFactoryImpl] from namespace [com.topcoder.management.project.persistence.InformixProjectPersistence].
Read propery[ConnectionName] which is  optional  with value[informix_connection] from namespace [com.topcoder.management.project.persistence.InformixProjectPersistence].
Read propery[ProjectIdSequenceName] which is  optional  with value[project_id_seq] from namespace [com.topcoder.management.project.persistence.InformixProjectPersistence].
Read propery[ProjectAuditIdSequenceName] which is  optional  with value[project_audit_id_seq] from namespace [com.topcoder.management.project.persistence.InformixProjectPersistence].
Read propery[ConnectionFactoryNS] which is  required  with value[com.topcoder.db.connectionfactory.DBConnectionFactoryImpl] from namespace [com.topcoder.management.project.persistence.link.ProjectLinkManagerImpl].
Read propery[ConnectionName] which is  optional  with value[informix_connection] from namespace [com.topcoder.management.project.persistence.link.ProjectLinkManagerImpl].
read property ConnectionFactoryNS[com.topcoder.db.connectionfactory.DBConnectionFactoryImpl] from the namespace :com.topcoder.management.scorecard.persistence.InformixScorecardPersistence
read property ConnectionName[informix_connection] from the namespace :com.topcoder.management.scorecard.persistence.InformixScorecardPersistence
Instantiate SqlUploadPersistence with connectionFactory and connectioName:informix_connection
Instantiate PersistenceUploadManager with UploadPersistence, uploadSearchBundle, submissionSearchBundle, uploadIdGenerator, uploadTypeIdGenerator, uploadStatusIdGenerator, submissionIDGenerator, submissionStatusIdGenerator and submissionTypeIdGenerator.
Instantiate AbstractResourcePersistence with connectionFactory and connectionName[informix_connection].
load Resource role with ids:[J@def165,[J@def165,[J@def165,[J@def165,[J@def165,[J@def165,[J@def165,[J@def165,[J@def165,[J@def165,[J@def165,[J@def165,[J@def165,[J@def165,[J@def165,[J@def165,[J@def165,[J@def165,[J@def165,[J@def165,[J@def165,[J@def165
operator: UnknownresourceId: Unknown - creating db connection using connection name: informix_connection
committing transaction
Read propery[ConnectionFactoryNS] which is  required  with value[com.topcoder.db.connectionfactory.DBConnectionFactoryImpl] from namespace [com.topcoder.management.project.persistence.InformixProjectPersistence].
Read propery[ConnectionName] which is  optional  with value[informix_connection] from namespace [com.topcoder.management.project.persistence.InformixProjectPersistence].
Read propery[ProjectIdSequenceName] which is  optional  with value[project_id_seq] from namespace [com.topcoder.management.project.persistence.InformixProjectPersistence].
Read propery[ProjectAuditIdSequenceName] which is  optional  with value[project_audit_id_seq] from namespace [com.topcoder.management.project.persistence.InformixProjectPersistence].
Read propery[ConnectionFactoryNS] which is  required  with value[com.topcoder.db.connectionfactory.DBConnectionFactoryImpl] from namespace [com.topcoder.management.project.persistence.link.ProjectLinkManagerImpl].
Read propery[ConnectionName] which is  optional  with value[informix_connection] from namespace [com.topcoder.management.project.persistence.link.ProjectLinkManagerImpl].
read property ConnectionFactoryNS[com.topcoder.db.connectionfactory.DBConnectionFactoryImpl] from the namespace :com.topcoder.management.scorecard.persistence.InformixScorecardPersistence
read property ConnectionName[informix_connection] from the namespace :com.topcoder.management.scorecard.persistence.InformixScorecardPersistence
Instantiate SqlUploadPersistence with connectionFactory and connectioName:informix_connection
Instantiate PersistenceUploadManager with UploadPersistence, uploadSearchBundle, submissionSearchBundle, uploadIdGenerator, uploadTypeIdGenerator, uploadStatusIdGenerator, submissionIDGenerator, submissionStatusIdGenerator and submissionTypeIdGenerator.
Instantiate AbstractResourcePersistence with connectionFactory and connectionName[informix_connection].
load Resource role with ids:[J@1b5b044,[J@1b5b044,[J@1b5b044,[J@1b5b044,[J@1b5b044,[J@1b5b044,[J@1b5b044,[J@1b5b044,[J@1b5b044,[J@1b5b044,[J@1b5b044,[J@1b5b044,[J@1b5b044,[J@1b5b044,[J@1b5b044,[J@1b5b044,[J@1b5b044,[J@1b5b044,[J@1b5b044,[J@1b5b044,[J@1b5b044,[J@1b5b044
operator: UnknownresourceId: Unknown - creating db connection using connection name: informix_connection
committing transaction
Read propery[ConnectionFactoryNS] which is  required  with value[com.topcoder.db.connectionfactory.DBConnectionFactoryImpl] from namespace [com.topcoder.management.project.persistence.InformixProjectPersistence].
Read propery[ConnectionName] which is  optional  with value[informix_connection] from namespace [com.topcoder.management.project.persistence.InformixProjectPersistence].
Read propery[ProjectIdSequenceName] which is  optional  with value[project_id_seq] from namespace [com.topcoder.management.project.persistence.InformixProjectPersistence].
Read propery[ProjectAuditIdSequenceName] which is  optional  with value[project_audit_id_seq] from namespace [com.topcoder.management.project.persistence.InformixProjectPersistence].
Read propery[ConnectionFactoryNS] which is  required  with value[com.topcoder.db.connectionfactory.DBConnectionFactoryImpl] from namespace [com.topcoder.management.project.persistence.link.ProjectLinkManagerImpl].
Read propery[ConnectionName] which is  optional  with value[informix_connection] from namespace [com.topcoder.management.project.persistence.link.ProjectLinkManagerImpl].
read property ConnectionFactoryNS[com.topcoder.db.connectionfactory.DBConnectionFactoryImpl] from the namespace :com.topcoder.management.scorecard.persistence.InformixScorecardPersistence
read property ConnectionName[informix_connection] from the namespace :com.topcoder.management.scorecard.persistence.InformixScorecardPersistence
Instantiate SqlUploadPersistence with connectionFactory and connectioName:informix_connection
Instantiate PersistenceUploadManager with UploadPersistence, uploadSearchBundle, submissionSearchBundle, uploadIdGenerator, uploadTypeIdGenerator, uploadStatusIdGenerator, submissionIDGenerator, submissionStatusIdGenerator and submissionTypeIdGenerator.
Instantiate AbstractResourcePersistence with connectionFactory and connectionName[informix_connection].
load Resource role with ids:[J@8287e2,[J@8287e2,[J@8287e2,[J@8287e2,[J@8287e2,[J@8287e2,[J@8287e2,[J@8287e2,[J@8287e2,[J@8287e2,[J@8287e2,[J@8287e2,[J@8287e2,[J@8287e2,[J@8287e2,[J@8287e2,[J@8287e2,[J@8287e2,[J@8287e2,[J@8287e2,[J@8287e2,[J@8287e2
operator: UnknownresourceId: Unknown - creating db connection using connection name: informix_connection
committing transaction
Read propery[ConnectionFactoryNS] which is  required  with value[com.topcoder.db.connectionfactory.DBConnectionFactoryImpl] from namespace [com.topcoder.management.project.persistence.InformixProjectPersistence].
Read propery[ConnectionName] which is  optional  with value[informix_connection] from namespace [com.topcoder.management.project.persistence.InformixProjectPersistence].
Read propery[ProjectIdSequenceName] which is  optional  with value[project_id_seq] from namespace [com.topcoder.management.project.persistence.InformixProjectPersistence].
Read propery[ProjectAuditIdSequenceName] which is  optional  with value[project_audit_id_seq] from namespace [com.topcoder.management.project.persistence.InformixProjectPersistence].
Read propery[ConnectionFactoryNS] which is  required  with value[com.topcoder.db.connectionfactory.DBConnectionFactoryImpl] from namespace [com.topcoder.management.project.persistence.link.ProjectLinkManagerImpl].
Read propery[ConnectionName] which is  optional  with value[informix_connection] from namespace [com.topcoder.management.project.persistence.link.ProjectLinkManagerImpl].
read property ConnectionFactoryNS[com.topcoder.db.connectionfactory.DBConnectionFactoryImpl] from the namespace :com.topcoder.management.scorecard.persistence.InformixScorecardPersistence
read property ConnectionName[informix_connection] from the namespace :com.topcoder.management.scorecard.persistence.InformixScorecardPersistence
Instantiate SqlUploadPersistence with connectionFactory and connectioName:informix_connection
Instantiate PersistenceUploadManager with UploadPersistence, uploadSearchBundle, submissionSearchBundle, uploadIdGenerator, uploadTypeIdGenerator, uploadStatusIdGenerator, submissionIDGenerator, submissionStatusIdGenerator and submissionTypeIdGenerator.
Instantiate AbstractResourcePersistence with connectionFactory and connectionName[informix_connection].
load Resource role with ids:[J@1e76a88,[J@1e76a88,[J@1e76a88,[J@1e76a88,[J@1e76a88,[J@1e76a88,[J@1e76a88,[J@1e76a88,[J@1e76a88,[J@1e76a88,[J@1e76a88,[J@1e76a88,[J@1e76a88,[J@1e76a88,[J@1e76a88,[J@1e76a88,[J@1e76a88,[J@1e76a88,[J@1e76a88,[J@1e76a88,[J@1e76a88,[J@1e76a88
operator: UnknownresourceId: Unknown - creating db connection using connection name: informix_connection
committing transaction
Read propery[ConnectionFactoryNS] which is  required  with value[com.topcoder.db.connectionfactory.DBConnectionFactoryImpl] from namespace [com.topcoder.management.project.persistence.InformixProjectPersistence].
Read propery[ConnectionName] which is  optional  with value[informix_connection] from namespace [com.topcoder.management.project.persistence.InformixProjectPersistence].
Read propery[ProjectIdSequenceName] which is  optional  with value[project_id_seq] from namespace [com.topcoder.management.project.persistence.InformixProjectPersistence].
Read propery[ProjectAuditIdSequenceName] which is  optional  with value[project_audit_id_seq] from namespace [com.topcoder.management.project.persistence.InformixProjectPersistence].
Read propery[ConnectionFactoryNS] which is  required  with value[com.topcoder.db.connectionfactory.DBConnectionFactoryImpl] from namespace [com.topcoder.management.project.persistence.link.ProjectLinkManagerImpl].
Read propery[ConnectionName] which is  optional  with value[informix_connection] from namespace [com.topcoder.management.project.persistence.link.ProjectLinkManagerImpl].
read property ConnectionFactoryNS[com.topcoder.db.connectionfactory.DBConnectionFactoryImpl] from the namespace :com.topcoder.management.scorecard.persistence.InformixScorecardPersistence
read property ConnectionName[informix_connection] from the namespace :com.topcoder.management.scorecard.persistence.InformixScorecardPersistence
Instantiate SqlUploadPersistence with connectionFactory and connectioName:informix_connection
Instantiate PersistenceUploadManager with UploadPersistence, uploadSearchBundle, submissionSearchBundle, uploadIdGenerator, uploadTypeIdGenerator, uploadStatusIdGenerator, submissionIDGenerator, submissionStatusIdGenerator and submissionTypeIdGenerator.
Instantiate AbstractResourcePersistence with connectionFactory and connectionName[informix_connection].
load Resource role with ids:[J@acf3ff,[J@acf3ff,[J@acf3ff,[J@acf3ff,[J@acf3ff,[J@acf3ff,[J@acf3ff,[J@acf3ff,[J@acf3ff,[J@acf3ff,[J@acf3ff,[J@acf3ff,[J@acf3ff,[J@acf3ff,[J@acf3ff,[J@acf3ff,[J@acf3ff,[J@acf3ff,[J@acf3ff,[J@acf3ff,[J@acf3ff,[J@acf3ff
operator: UnknownresourceId: Unknown - creating db connection using connection name: informix_connection
committing transaction
type: Upload id: Unknown operator:Unknown - search submissions with filter. found: 1
Read propery[ConnectionFactoryNS] which is  required  with value[com.topcoder.db.connectionfactory.DBConnectionFactoryImpl] from namespace [com.topcoder.management.project.persistence.InformixProjectPersistence].
Read propery[ConnectionName] which is  optional  with value[informix_connection] from namespace [com.topcoder.management.project.persistence.InformixProjectPersistence].
Read propery[ProjectIdSequenceName] which is  optional  with value[project_id_seq] from namespace [com.topcoder.management.project.persistence.InformixProjectPersistence].
Read propery[ProjectAuditIdSequenceName] which is  optional  with value[project_audit_id_seq] from namespace [com.topcoder.management.project.persistence.InformixProjectPersistence].
Read propery[ConnectionFactoryNS] which is  required  with value[com.topcoder.db.connectionfactory.DBConnectionFactoryImpl] from namespace [com.topcoder.management.project.persistence.link.ProjectLinkManagerImpl].
Read propery[ConnectionName] which is  optional  with value[informix_connection] from namespace [com.topcoder.management.project.persistence.link.ProjectLinkManagerImpl].
read property ConnectionFactoryNS[com.topcoder.db.connectionfactory.DBConnectionFactoryImpl] from the namespace :com.topcoder.management.scorecard.persistence.InformixScorecardPersistence
read property ConnectionName[informix_connection] from the namespace :com.topcoder.management.scorecard.persistence.InformixScorecardPersistence
Instantiate SqlUploadPersistence with connectionFactory and connectioName:informix_connection
Instantiate PersistenceUploadManager with UploadPersistence, uploadSearchBundle, submissionSearchBundle, uploadIdGenerator, uploadTypeIdGenerator, uploadStatusIdGenerator, submissionIDGenerator, submissionStatusIdGenerator and submissionTypeIdGenerator.
Instantiate AbstractResourcePersistence with connectionFactory and connectionName[informix_connection].
load Resource role with ids:[J@8c0e97,[J@8c0e97,[J@8c0e97,[J@8c0e97,[J@8c0e97,[J@8c0e97,[J@8c0e97,[J@8c0e97,[J@8c0e97,[J@8c0e97,[J@8c0e97,[J@8c0e97,[J@8c0e97,[J@8c0e97,[J@8c0e97,[J@8c0e97,[J@8c0e97,[J@8c0e97,[J@8c0e97,[J@8c0e97,[J@8c0e97,[J@8c0e97
operator: UnknownresourceId: Unknown - creating db connection using connection name: informix_connection
committing transaction
load Resource with ids:[J@1b52add
operator: UnknownresourceId: Unknown - creating db connection using connection name: informix_connection
load ResourceRole with id:18
operator: UnknownresourceId: Unknown - creating db connection using connection name: informix_connection
committing transaction
committing transaction
load Notifications with array of userIds/projectIds/notificationTypes.
operator: UnknownresourceId: Unknown - creating db connection using connection name: informix_connection
committing transaction
get projects with the ids: 1
operator: UnknownprojectId: Unknown - creating db connection using connection name: informix_connection
committing transaction
load Resource role with ids:[J@15ee3d,[J@15ee3d,[J@15ee3d,[J@15ee3d,[J@15ee3d,[J@15ee3d,[J@15ee3d,[J@15ee3d,[J@15ee3d,[J@15ee3d,[J@15ee3d,[J@15ee3d,[J@15ee3d,[J@15ee3d,[J@15ee3d,[J@15ee3d,[J@15ee3d,[J@15ee3d,[J@15ee3d,[J@15ee3d,[J@15ee3d,[J@15ee3d
operator: UnknownresourceId: Unknown - creating db connection using connection name: informix_connection
committing transaction
load Resource with ids:[J@80d9ca
operator: UnknownresourceId: Unknown - creating db connection using connection name: informix_connection
load ResourceRole with id:4
operator: UnknownresourceId: Unknown - creating db connection using connection name: informix_connection
committing transaction
committing transaction
load Resource with ids:[J@15933d
operator: UnknownresourceId: Unknown - creating db connection using connection name: informix_connection
load ResourceRole with id:18
operator: UnknownresourceId: Unknown - creating db connection using connection name: informix_connection
committing transaction
committing transaction
load Resource with ids:[J@9d81e3
operator: UnknownresourceId: Unknown - creating db connection using connection name: informix_connection
load ResourceRole with id:12
operator: UnknownresourceId: Unknown - creating db connection using connection name: informix_connection
committing transaction
committing transaction
load Resource with ids:[J@12f8406
operator: UnknownresourceId: Unknown - creating db connection using connection name: informix_connection
load ResourceRole with id:13
operator: UnknownresourceId: Unknown - creating db connection using connection name: informix_connection
committing transaction
committing transaction
load Resource with ids:[J@2c5157
operator: UnknownresourceId: Unknown - creating db connection using connection name: informix_connection
load ResourceRole with id:9
operator: UnknownresourceId: Unknown - creating db connection using connection name: informix_connection
committing transaction
committing transaction
operator: UnknownresourceId: 100001 - load resource.
operator: UnknownresourceId: Unknown - creating db connection using connection name: informix_connection
load ResourceRole with id:4
operator: UnknownresourceId: Unknown - creating db connection using connection name: informix_connection
committing transaction
committing transaction
operator: UnknownresourceId: 100000 - load resource.
operator: UnknownresourceId: Unknown - creating db connection using connection name: informix_connection
load ResourceRole with id:13
operator: UnknownresourceId: Unknown - creating db connection using connection name: informix_connection
committing transaction
committing transaction
operator: UnknownresourceId: 5 - load resource.
operator: UnknownresourceId: Unknown - creating db connection using connection name: informix_connection
load ResourceRole with id:18
operator: UnknownresourceId: Unknown - creating db connection using connection name: informix_connection
committing transaction
committing transaction
Read propery[ConnectionFactoryNS] which is  required  with value[com.topcoder.db.connectionfactory.DBConnectionFactoryImpl] from namespace [com.topcoder.management.project.persistence.InformixProjectPersistence].
Read propery[ConnectionName] which is  optional  with value[informix_connection] from namespace [com.topcoder.management.project.persistence.InformixProjectPersistence].
Read propery[ProjectIdSequenceName] which is  optional  with value[project_id_seq] from namespace [com.topcoder.management.project.persistence.InformixProjectPersistence].
Read propery[ProjectAuditIdSequenceName] which is  optional  with value[project_audit_id_seq] from namespace [com.topcoder.management.project.persistence.InformixProjectPersistence].
Read propery[ConnectionFactoryNS] which is  required  with value[com.topcoder.db.connectionfactory.DBConnectionFactoryImpl] from namespace [com.topcoder.management.project.persistence.link.ProjectLinkManagerImpl].
Read propery[ConnectionName] which is  optional  with value[informix_connection] from namespace [com.topcoder.management.project.persistence.link.ProjectLinkManagerImpl].
read property ConnectionFactoryNS[com.topcoder.db.connectionfactory.DBConnectionFactoryImpl] from the namespace :com.topcoder.management.scorecard.persistence.InformixScorecardPersistence
read property ConnectionName[informix_connection] from the namespace :com.topcoder.management.scorecard.persistence.InformixScorecardPersistence
Instantiate SqlUploadPersistence with connectionFactory and connectioName:informix_connection
Instantiate PersistenceUploadManager with UploadPersistence, uploadSearchBundle, submissionSearchBundle, uploadIdGenerator, uploadTypeIdGenerator, uploadStatusIdGenerator, submissionIDGenerator, submissionStatusIdGenerator and submissionTypeIdGenerator.
Instantiate AbstractResourcePersistence with connectionFactory and connectionName[informix_connection].
load Resource role with ids:[J@1f87087,[J@1f87087,[J@1f87087,[J@1f87087,[J@1f87087,[J@1f87087,[J@1f87087,[J@1f87087,[J@1f87087,[J@1f87087,[J@1f87087,[J@1f87087,[J@1f87087,[J@1f87087,[J@1f87087,[J@1f87087,[J@1f87087,[J@1f87087,[J@1f87087,[J@1f87087,[J@1f87087,[J@1f87087
operator: UnknownresourceId: Unknown - creating db connection using connection name: informix_connection
committing transaction
Read propery[ConnectionFactoryNS] which is  required  with value[com.topcoder.db.connectionfactory.DBConnectionFactoryImpl] from namespace [com.topcoder.management.project.persistence.InformixProjectPersistence].
Read propery[ConnectionName] which is  optional  with value[informix_connection] from namespace [com.topcoder.management.project.persistence.InformixProjectPersistence].
Read propery[ProjectIdSequenceName] which is  optional  with value[project_id_seq] from namespace [com.topcoder.management.project.persistence.InformixProjectPersistence].
Read propery[ProjectAuditIdSequenceName] which is  optional  with value[project_audit_id_seq] from namespace [com.topcoder.management.project.persistence.InformixProjectPersistence].
Read propery[ConnectionFactoryNS] which is  required  with value[com.topcoder.db.connectionfactory.DBConnectionFactoryImpl] from namespace [com.topcoder.management.project.persistence.link.ProjectLinkManagerImpl].
Read propery[ConnectionName] which is  optional  with value[informix_connection] from namespace [com.topcoder.management.project.persistence.link.ProjectLinkManagerImpl].
read property ConnectionFactoryNS[com.topcoder.db.connectionfactory.DBConnectionFactoryImpl] from the namespace :com.topcoder.management.scorecard.persistence.InformixScorecardPersistence
read property ConnectionName[informix_connection] from the namespace :com.topcoder.management.scorecard.persistence.InformixScorecardPersistence
Instantiate SqlUploadPersistence with connectionFactory and connectioName:informix_connection
Instantiate PersistenceUploadManager with UploadPersistence, uploadSearchBundle, submissionSearchBundle, uploadIdGenerator, uploadTypeIdGenerator, uploadStatusIdGenerator, submissionIDGenerator, submissionStatusIdGenerator and submissionTypeIdGenerator.
Instantiate AbstractResourcePersistence with connectionFactory and connectionName[informix_connection].
load Resource role with ids:[J@15d5924,[J@15d5924,[J@15d5924,[J@15d5924,[J@15d5924,[J@15d5924,[J@15d5924,[J@15d5924,[J@15d5924,[J@15d5924,[J@15d5924,[J@15d5924,[J@15d5924,[J@15d5924,[J@15d5924,[J@15d5924,[J@15d5924,[J@15d5924,[J@15d5924,[J@15d5924,[J@15d5924,[J@15d5924
operator: UnknownresourceId: Unknown - creating db connection using connection name: informix_connection
committing transaction
Read propery[ConnectionFactoryNS] which is  required  with value[com.topcoder.db.connectionfactory.DBConnectionFactoryImpl] from namespace [com.topcoder.management.project.persistence.InformixProjectPersistence].
Read propery[ConnectionName] which is  optional  with value[informix_connection] from namespace [com.topcoder.management.project.persistence.InformixProjectPersistence].
Read propery[ProjectIdSequenceName] which is  optional  with value[project_id_seq] from namespace [com.topcoder.management.project.persistence.InformixProjectPersistence].
Read propery[ProjectAuditIdSequenceName] which is  optional  with value[project_audit_id_seq] from namespace [com.topcoder.management.project.persistence.InformixProjectPersistence].
Read propery[ConnectionFactoryNS] which is  required  with value[com.topcoder.db.connectionfactory.DBConnectionFactoryImpl] from namespace [com.topcoder.management.project.persistence.link.ProjectLinkManagerImpl].
Read propery[ConnectionName] which is  optional  with value[informix_connection] from namespace [com.topcoder.management.project.persistence.link.ProjectLinkManagerImpl].
read property ConnectionFactoryNS[com.topcoder.db.connectionfactory.DBConnectionFactoryImpl] from the namespace :com.topcoder.management.scorecard.persistence.InformixScorecardPersistence
read property ConnectionName[informix_connection] from the namespace :com.topcoder.management.scorecard.persistence.InformixScorecardPersistence
Instantiate SqlUploadPersistence with connectionFactory and connectioName:informix_connection
Instantiate PersistenceUploadManager with UploadPersistence, uploadSearchBundle, submissionSearchBundle, uploadIdGenerator, uploadTypeIdGenerator, uploadStatusIdGenerator, submissionIDGenerator, submissionStatusIdGenerator and submissionTypeIdGenerator.
Instantiate AbstractResourcePersistence with connectionFactory and connectionName[informix_connection].
load Resource role with ids:[J@1097bd5,[J@1097bd5,[J@1097bd5,[J@1097bd5,[J@1097bd5,[J@1097bd5,[J@1097bd5,[J@1097bd5,[J@1097bd5,[J@1097bd5,[J@1097bd5,[J@1097bd5,[J@1097bd5,[J@1097bd5,[J@1097bd5,[J@1097bd5,[J@1097bd5,[J@1097bd5,[J@1097bd5,[J@1097bd5,[J@1097bd5,[J@1097bd5
operator: UnknownresourceId: Unknown - creating db connection using connection name: informix_connection
committing transaction
Read propery[ConnectionFactoryNS] which is  required  with value[com.topcoder.db.connectionfactory.DBConnectionFactoryImpl] from namespace [com.topcoder.management.project.persistence.InformixProjectPersistence].
Read propery[ConnectionName] which is  optional  with value[informix_connection] from namespace [com.topcoder.management.project.persistence.InformixProjectPersistence].
Read propery[ProjectIdSequenceName] which is  optional  with value[project_id_seq] from namespace [com.topcoder.management.project.persistence.InformixProjectPersistence].
Read propery[ProjectAuditIdSequenceName] which is  optional  with value[project_audit_id_seq] from namespace [com.topcoder.management.project.persistence.InformixProjectPersistence].
Read propery[ConnectionFactoryNS] which is  required  with value[com.topcoder.db.connectionfactory.DBConnectionFactoryImpl] from namespace [com.topcoder.management.project.persistence.link.ProjectLinkManagerImpl].
Read propery[ConnectionName] which is  optional  with value[informix_connection] from namespace [com.topcoder.management.project.persistence.link.ProjectLinkManagerImpl].
read property ConnectionFactoryNS[com.topcoder.db.connectionfactory.DBConnectionFactoryImpl] from the namespace :com.topcoder.management.scorecard.persistence.InformixScorecardPersistence
read property ConnectionName[informix_connection] from the namespace :com.topcoder.management.scorecard.persistence.InformixScorecardPersistence
Instantiate SqlUploadPersistence with connectionFactory and connectioName:informix_connection
Instantiate PersistenceUploadManager with UploadPersistence, uploadSearchBundle, submissionSearchBundle, uploadIdGenerator, uploadTypeIdGenerator, uploadStatusIdGenerator, submissionIDGenerator, submissionStatusIdGenerator and submissionTypeIdGenerator.
Instantiate AbstractResourcePersistence with connectionFactory and connectionName[informix_connection].
load Resource role with ids:[J@a7abf8,[J@a7abf8,[J@a7abf8,[J@a7abf8,[J@a7abf8,[J@a7abf8,[J@a7abf8,[J@a7abf8,[J@a7abf8,[J@a7abf8,[J@a7abf8,[J@a7abf8,[J@a7abf8,[J@a7abf8,[J@a7abf8,[J@a7abf8,[J@a7abf8,[J@a7abf8,[J@a7abf8,[J@a7abf8,[J@a7abf8,[J@a7abf8
operator: UnknownresourceId: Unknown - creating db connection using connection name: informix_connection
committing transaction
Read propery[ConnectionFactoryNS] which is  required  with value[com.topcoder.db.connectionfactory.DBConnectionFactoryImpl] from namespace [com.topcoder.management.project.persistence.InformixProjectPersistence].
Read propery[ConnectionName] which is  optional  with value[informix_connection] from namespace [com.topcoder.management.project.persistence.InformixProjectPersistence].
Read propery[ProjectIdSequenceName] which is  optional  with value[project_id_seq] from namespace [com.topcoder.management.project.persistence.InformixProjectPersistence].
Read propery[ProjectAuditIdSequenceName] which is  optional  with value[project_audit_id_seq] from namespace [com.topcoder.management.project.persistence.InformixProjectPersistence].
Read propery[ConnectionFactoryNS] which is  required  with value[com.topcoder.db.connectionfactory.DBConnectionFactoryImpl] from namespace [com.topcoder.management.project.persistence.link.ProjectLinkManagerImpl].
Read propery[ConnectionName] which is  optional  with value[informix_connection] from namespace [com.topcoder.management.project.persistence.link.ProjectLinkManagerImpl].
read property ConnectionFactoryNS[com.topcoder.db.connectionfactory.DBConnectionFactoryImpl] from the namespace :com.topcoder.management.scorecard.persistence.InformixScorecardPersistence
read property ConnectionName[informix_connection] from the namespace :com.topcoder.management.scorecard.persistence.InformixScorecardPersistence
Instantiate SqlUploadPersistence with connectionFactory and connectioName:informix_connection
Instantiate PersistenceUploadManager with UploadPersistence, uploadSearchBundle, submissionSearchBundle, uploadIdGenerator, uploadTypeIdGenerator, uploadStatusIdGenerator, submissionIDGenerator, submissionStatusIdGenerator and submissionTypeIdGenerator.
Instantiate AbstractResourcePersistence with connectionFactory and connectionName[informix_connection].
load Resource role with ids:[J@1d3b6e9,[J@1d3b6e9,[J@1d3b6e9,[J@1d3b6e9,[J@1d3b6e9,[J@1d3b6e9,[J@1d3b6e9,[J@1d3b6e9,[J@1d3b6e9,[J@1d3b6e9,[J@1d3b6e9,[J@1d3b6e9,[J@1d3b6e9,[J@1d3b6e9,[J@1d3b6e9,[J@1d3b6e9,[J@1d3b6e9,[J@1d3b6e9,[J@1d3b6e9,[J@1d3b6e9,[J@1d3b6e9,[J@1d3b6e9
operator: UnknownresourceId: Unknown - creating db connection using connection name: informix_connection
committing transaction
type: Upload id: Unknown operator:Unknown - search submissions with filter. found: 1
load Resource with ids:[J@1b63a14
operator: UnknownresourceId: Unknown - creating db connection using connection name: informix_connection
load ResourceRole with id:18
operator: UnknownresourceId: Unknown - creating db connection using connection name: informix_connection
committing transaction
committing transaction
Read propery[ConnectionFactoryNS] which is  required  with value[com.topcoder.db.connectionfactory.DBConnectionFactoryImpl] from namespace [com.topcoder.management.project.persistence.InformixProjectPersistence].
Read propery[ConnectionName] which is  optional  with value[informix_connection] from namespace [com.topcoder.management.project.persistence.InformixProjectPersistence].
Read propery[ProjectIdSequenceName] which is  optional  with value[project_id_seq] from namespace [com.topcoder.management.project.persistence.InformixProjectPersistence].
Read propery[ProjectAuditIdSequenceName] which is  optional  with value[project_audit_id_seq] from namespace [com.topcoder.management.project.persistence.InformixProjectPersistence].
Read propery[ConnectionFactoryNS] which is  required  with value[com.topcoder.db.connectionfactory.DBConnectionFactoryImpl] from namespace [com.topcoder.management.project.persistence.link.ProjectLinkManagerImpl].
Read propery[ConnectionName] which is  optional  with value[informix_connection] from namespace [com.topcoder.management.project.persistence.link.ProjectLinkManagerImpl].
read property ConnectionFactoryNS[com.topcoder.db.connectionfactory.DBConnectionFactoryImpl] from the namespace :com.topcoder.management.scorecard.persistence.InformixScorecardPersistence
read property ConnectionName[informix_connection] from the namespace :com.topcoder.management.scorecard.persistence.InformixScorecardPersistence
Instantiate SqlUploadPersistence with connectionFactory and connectioName:informix_connection
Instantiate PersistenceUploadManager with UploadPersistence, uploadSearchBundle, submissionSearchBundle, uploadIdGenerator, uploadTypeIdGenerator, uploadStatusIdGenerator, submissionIDGenerator, submissionStatusIdGenerator and submissionTypeIdGenerator.
Instantiate AbstractResourcePersistence with connectionFactory and connectionName[informix_connection].
load Resource role with ids:[J@1cfefe1,[J@1cfefe1,[J@1cfefe1,[J@1cfefe1,[J@1cfefe1,[J@1cfefe1,[J@1cfefe1,[J@1cfefe1,[J@1cfefe1,[J@1cfefe1,[J@1cfefe1,[J@1cfefe1,[J@1cfefe1,[J@1cfefe1,[J@1cfefe1,[J@1cfefe1,[J@1cfefe1,[J@1cfefe1,[J@1cfefe1,[J@1cfefe1,[J@1cfefe1,[J@1cfefe1
operator: UnknownresourceId: Unknown - creating db connection using connection name: informix_connection
committing transaction
Read propery[ConnectionFactoryNS] which is  required  with value[com.topcoder.db.connectionfactory.DBConnectionFactoryImpl] from namespace [com.topcoder.management.project.persistence.InformixProjectPersistence].
Read propery[ConnectionName] which is  optional  with value[informix_connection] from namespace [com.topcoder.management.project.persistence.InformixProjectPersistence].
Read propery[ProjectIdSequenceName] which is  optional  with value[project_id_seq] from namespace [com.topcoder.management.project.persistence.InformixProjectPersistence].
Read propery[ProjectAuditIdSequenceName] which is  optional  with value[project_audit_id_seq] from namespace [com.topcoder.management.project.persistence.InformixProjectPersistence].
Read propery[ConnectionFactoryNS] which is  required  with value[com.topcoder.db.connectionfactory.DBConnectionFactoryImpl] from namespace [com.topcoder.management.project.persistence.link.ProjectLinkManagerImpl].
Read propery[ConnectionName] which is  optional  with value[informix_connection] from namespace [com.topcoder.management.project.persistence.link.ProjectLinkManagerImpl].
read property ConnectionFactoryNS[com.topcoder.db.connectionfactory.DBConnectionFactoryImpl] from the namespace :com.topcoder.management.scorecard.persistence.InformixScorecardPersistence
read property ConnectionName[informix_connection] from the namespace :com.topcoder.management.scorecard.persistence.InformixScorecardPersistence
Instantiate SqlUploadPersistence with connectionFactory and connectioName:informix_connection
Instantiate PersistenceUploadManager with UploadPersistence, uploadSearchBundle, submissionSearchBundle, uploadIdGenerator, uploadTypeIdGenerator, uploadStatusIdGenerator, submissionIDGenerator, submissionStatusIdGenerator and submissionTypeIdGenerator.
Instantiate AbstractResourcePersistence with connectionFactory and connectionName[informix_connection].
load Resource role with ids:[J@6aed3f,[J@6aed3f,[J@6aed3f,[J@6aed3f,[J@6aed3f,[J@6aed3f,[J@6aed3f,[J@6aed3f,[J@6aed3f,[J@6aed3f,[J@6aed3f,[J@6aed3f,[J@6aed3f,[J@6aed3f,[J@6aed3f,[J@6aed3f,[J@6aed3f,[J@6aed3f,[J@6aed3f,[J@6aed3f,[J@6aed3f,[J@6aed3f
operator: UnknownresourceId: Unknown - creating db connection using connection name: informix_connection
committing transaction
Read propery[ConnectionFactoryNS] which is  required  with value[com.topcoder.db.connectionfactory.DBConnectionFactoryImpl] from namespace [com.topcoder.management.project.persistence.InformixProjectPersistence].
Read propery[ConnectionName] which is  optional  with value[informix_connection] from namespace [com.topcoder.management.project.persistence.InformixProjectPersistence].
Read propery[ProjectIdSequenceName] which is  optional  with value[project_id_seq] from namespace [com.topcoder.management.project.persistence.InformixProjectPersistence].
Read propery[ProjectAuditIdSequenceName] which is  optional  with value[project_audit_id_seq] from namespace [com.topcoder.management.project.persistence.InformixProjectPersistence].
Read propery[ConnectionFactoryNS] which is  required  with value[com.topcoder.db.connectionfactory.DBConnectionFactoryImpl] from namespace [com.topcoder.management.project.persistence.link.ProjectLinkManagerImpl].
Read propery[ConnectionName] which is  optional  with value[informix_connection] from namespace [com.topcoder.management.project.persistence.link.ProjectLinkManagerImpl].
read property ConnectionFactoryNS[com.topcoder.db.connectionfactory.DBConnectionFactoryImpl] from the namespace :com.topcoder.management.scorecard.persistence.InformixScorecardPersistence
read property ConnectionName[informix_connection] from the namespace :com.topcoder.management.scorecard.persistence.InformixScorecardPersistence
Instantiate SqlUploadPersistence with connectionFactory and connectioName:informix_connection
Instantiate PersistenceUploadManager with UploadPersistence, uploadSearchBundle, submissionSearchBundle, uploadIdGenerator, uploadTypeIdGenerator, uploadStatusIdGenerator, submissionIDGenerator, submissionStatusIdGenerator and submissionTypeIdGenerator.
Instantiate AbstractResourcePersistence with connectionFactory and connectionName[informix_connection].
load Resource role with ids:[J@ae9919,[J@ae9919,[J@ae9919,[J@ae9919,[J@ae9919,[J@ae9919,[J@ae9919,[J@ae9919,[J@ae9919,[J@ae9919,[J@ae9919,[J@ae9919,[J@ae9919,[J@ae9919,[J@ae9919,[J@ae9919,[J@ae9919,[J@ae9919,[J@ae9919,[J@ae9919,[J@ae9919,[J@ae9919
operator: UnknownresourceId: Unknown - creating db connection using connection name: informix_connection
committing transaction
type: Upload id: Unknown operator:Unknown - search submissions with filter. found: 0
Read propery[ConnectionFactoryNS] which is  required  with value[com.topcoder.db.connectionfactory.DBConnectionFactoryImpl] from namespace [com.topcoder.management.project.persistence.InformixProjectPersistence].
Read propery[ConnectionName] which is  optional  with value[informix_connection] from namespace [com.topcoder.management.project.persistence.InformixProjectPersistence].
Read propery[ProjectIdSequenceName] which is  optional  with value[project_id_seq] from namespace [com.topcoder.management.project.persistence.InformixProjectPersistence].
Read propery[ProjectAuditIdSequenceName] which is  optional  with value[project_audit_id_seq] from namespace [com.topcoder.management.project.persistence.InformixProjectPersistence].
Read propery[ConnectionFactoryNS] which is  required  with value[com.topcoder.db.connectionfactory.DBConnectionFactoryImpl] from namespace [com.topcoder.management.project.persistence.link.ProjectLinkManagerImpl].
Read propery[ConnectionName] which is  optional  with value[informix_connection] from namespace [com.topcoder.management.project.persistence.link.ProjectLinkManagerImpl].
read property ConnectionFactoryNS[com.topcoder.db.connectionfactory.DBConnectionFactoryImpl] from the namespace :com.topcoder.management.scorecard.persistence.InformixScorecardPersistence
read property ConnectionName[informix_connection] from the namespace :com.topcoder.management.scorecard.persistence.InformixScorecardPersistence
Instantiate SqlUploadPersistence with connectionFactory and connectioName:informix_connection
Instantiate PersistenceUploadManager with UploadPersistence, uploadSearchBundle, submissionSearchBundle, uploadIdGenerator, uploadTypeIdGenerator, uploadStatusIdGenerator, submissionIDGenerator, submissionStatusIdGenerator and submissionTypeIdGenerator.
Instantiate AbstractResourcePersistence with connectionFactory and connectionName[informix_connection].
load Resource role with ids:[J@178efba,[J@178efba,[J@178efba,[J@178efba,[J@178efba,[J@178efba,[J@178efba,[J@178efba,[J@178efba,[J@178efba,[J@178efba,[J@178efba,[J@178efba,[J@178efba,[J@178efba,[J@178efba,[J@178efba,[J@178efba,[J@178efba,[J@178efba,[J@178efba,[J@178efba
operator: UnknownresourceId: Unknown - creating db connection using connection name: informix_connection
committing transaction
type: Upload id: Unknown operator:Unknown - search submissions with filter. found: 1
Read propery[ConnectionFactoryNS] which is  required  with value[com.topcoder.db.connectionfactory.DBConnectionFactoryImpl] from namespace [com.topcoder.management.project.persistence.InformixProjectPersistence].
Read propery[ConnectionName] which is  optional  with value[informix_connection] from namespace [com.topcoder.management.project.persistence.InformixProjectPersistence].
Read propery[ProjectIdSequenceName] which is  optional  with value[project_id_seq] from namespace [com.topcoder.management.project.persistence.InformixProjectPersistence].
Read propery[ProjectAuditIdSequenceName] which is  optional  with value[project_audit_id_seq] from namespace [com.topcoder.management.project.persistence.InformixProjectPersistence].
Read propery[ConnectionFactoryNS] which is  required  with value[com.topcoder.db.connectionfactory.DBConnectionFactoryImpl] from namespace [com.topcoder.management.project.persistence.link.ProjectLinkManagerImpl].
Read propery[ConnectionName] which is  optional  with value[informix_connection] from namespace [com.topcoder.management.project.persistence.link.ProjectLinkManagerImpl].
read property ConnectionFactoryNS[com.topcoder.db.connectionfactory.DBConnectionFactoryImpl] from the namespace :com.topcoder.management.scorecard.persistence.InformixScorecardPersistence
read property ConnectionName[informix_connection] from the namespace :com.topcoder.management.scorecard.persistence.InformixScorecardPersistence
Instantiate SqlUploadPersistence with connectionFactory and connectioName:informix_connection
Instantiate PersistenceUploadManager with UploadPersistence, uploadSearchBundle, submissionSearchBundle, uploadIdGenerator, uploadTypeIdGenerator, uploadStatusIdGenerator, submissionIDGenerator, submissionStatusIdGenerator and submissionTypeIdGenerator.
Instantiate AbstractResourcePersistence with connectionFactory and connectionName[informix_connection].
load Resource role with ids:[J@196b220,[J@196b220,[J@196b220,[J@196b220,[J@196b220,[J@196b220,[J@196b220,[J@196b220,[J@196b220,[J@196b220,[J@196b220,[J@196b220,[J@196b220,[J@196b220,[J@196b220,[J@196b220,[J@196b220,[J@196b220,[J@196b220,[J@196b220,[J@196b220,[J@196b220
operator: UnknownresourceId: Unknown - creating db connection using connection name: informix_connection
committing transaction
type: Upload id: Unknown operator:Unknown - search submissions with filter. found: 1
load Resource with ids:[J@675cf4
operator: UnknownresourceId: Unknown - creating db connection using connection name: informix_connection
load ResourceRole with id:18
operator: UnknownresourceId: Unknown - creating db connection using connection name: informix_connection
committing transaction
committing transaction
Read propery[ConnectionFactoryNS] which is  required  with value[com.topcoder.db.connectionfactory.DBConnectionFactoryImpl] from namespace [com.topcoder.management.project.persistence.InformixProjectPersistence].
Read propery[ConnectionName] which is  optional  with value[informix_connection] from namespace [com.topcoder.management.project.persistence.InformixProjectPersistence].
Read propery[ProjectIdSequenceName] which is  optional  with value[project_id_seq] from namespace [com.topcoder.management.project.persistence.InformixProjectPersistence].
Read propery[ProjectAuditIdSequenceName] which is  optional  with value[project_audit_id_seq] from namespace [com.topcoder.management.project.persistence.InformixProjectPersistence].
Read propery[ConnectionFactoryNS] which is  required  with value[com.topcoder.db.connectionfactory.DBConnectionFactoryImpl] from namespace [com.topcoder.management.project.persistence.link.ProjectLinkManagerImpl].
Read propery[ConnectionName] which is  optional  with value[informix_connection] from namespace [com.topcoder.management.project.persistence.link.ProjectLinkManagerImpl].
read property ConnectionFactoryNS[com.topcoder.db.connectionfactory.DBConnectionFactoryImpl] from the namespace :com.topcoder.management.scorecard.persistence.InformixScorecardPersistence
read property ConnectionName[informix_connection] from the namespace :com.topcoder.management.scorecard.persistence.InformixScorecardPersistence
Instantiate SqlUploadPersistence with connectionFactory and connectioName:informix_connection
Instantiate PersistenceUploadManager with UploadPersistence, uploadSearchBundle, submissionSearchBundle, uploadIdGenerator, uploadTypeIdGenerator, uploadStatusIdGenerator, submissionIDGenerator, submissionStatusIdGenerator and submissionTypeIdGenerator.
Instantiate AbstractResourcePersistence with connectionFactory and connectionName[informix_connection].
load Resource role with ids:[J@1057e2d,[J@1057e2d,[J@1057e2d,[J@1057e2d,[J@1057e2d,[J@1057e2d,[J@1057e2d,[J@1057e2d,[J@1057e2d,[J@1057e2d,[J@1057e2d,[J@1057e2d,[J@1057e2d,[J@1057e2d,[J@1057e2d,[J@1057e2d,[J@1057e2d,[J@1057e2d,[J@1057e2d,[J@1057e2d,[J@1057e2d,[J@1057e2d
operator: UnknownresourceId: Unknown - creating db connection using connection name: informix_connection
committing transaction
load Notifications with array of userIds/projectIds/notificationTypes.
operator: UnknownresourceId: Unknown - creating db connection using connection name: informix_connection
committing transaction
get projects with the ids: 1
operator: UnknownprojectId: Unknown - creating db connection using connection name: informix_connection
committing transaction
load Resource role with ids:[J@ca2475,[J@ca2475,[J@ca2475,[J@ca2475,[J@ca2475,[J@ca2475,[J@ca2475,[J@ca2475,[J@ca2475,[J@ca2475,[J@ca2475,[J@ca2475,[J@ca2475,[J@ca2475,[J@ca2475,[J@ca2475,[J@ca2475,[J@ca2475,[J@ca2475,[J@ca2475,[J@ca2475,[J@ca2475
operator: UnknownresourceId: Unknown - creating db connection using connection name: informix_connection
committing transaction
load Resource with ids:[J@12d08c7
operator: UnknownresourceId: Unknown - creating db connection using connection name: informix_connection
load ResourceRole with id:4
operator: UnknownresourceId: Unknown - creating db connection using connection name: informix_connection
committing transaction
committing transaction
load Resource with ids:[J@110d0f2
operator: UnknownresourceId: Unknown - creating db connection using connection name: informix_connection
load ResourceRole with id:12
operator: UnknownresourceId: Unknown - creating db connection using connection name: informix_connection
committing transaction
committing transaction
load Resource with ids:[J@f36d10
operator: UnknownresourceId: Unknown - creating db connection using connection name: informix_connection
load ResourceRole with id:13
operator: UnknownresourceId: Unknown - creating db connection using connection name: informix_connection
committing transaction
committing transaction
load Resource with ids:[J@156db07
operator: UnknownresourceId: Unknown - creating db connection using connection name: informix_connection
load ResourceRole with id:9
operator: UnknownresourceId: Unknown - creating db connection using connection name: informix_connection
committing transaction
committing transaction
operator: UnknownresourceId: 100001 - load resource.
operator: UnknownresourceId: Unknown - creating db connection using connection name: informix_connection
load ResourceRole with id:4
operator: UnknownresourceId: Unknown - creating db connection using connection name: informix_connection
committing transaction
committing transaction
operator: UnknownresourceId: 100000 - load resource.
operator: UnknownresourceId: Unknown - creating db connection using connection name: informix_connection
load ResourceRole with id:13
operator: UnknownresourceId: Unknown - creating db connection using connection name: informix_connection
committing transaction
committing transaction
Read propery[ConnectionFactoryNS] which is  required  with value[com.topcoder.db.connectionfactory.DBConnectionFactoryImpl] from namespace [com.topcoder.management.project.persistence.InformixProjectPersistence].
Read propery[ConnectionName] which is  optional  with value[informix_connection] from namespace [com.topcoder.management.project.persistence.InformixProjectPersistence].
Read propery[ProjectIdSequenceName] which is  optional  with value[project_id_seq] from namespace [com.topcoder.management.project.persistence.InformixProjectPersistence].
Read propery[ProjectAuditIdSequenceName] which is  optional  with value[project_audit_id_seq] from namespace [com.topcoder.management.project.persistence.InformixProjectPersistence].
Read propery[ConnectionFactoryNS] which is  required  with value[com.topcoder.db.connectionfactory.DBConnectionFactoryImpl] from namespace [com.topcoder.management.project.persistence.link.ProjectLinkManagerImpl].
Read propery[ConnectionName] which is  optional  with value[informix_connection] from namespace [com.topcoder.management.project.persistence.link.ProjectLinkManagerImpl].
read property ConnectionFactoryNS[com.topcoder.db.connectionfactory.DBConnectionFactoryImpl] from the namespace :com.topcoder.management.scorecard.persistence.InformixScorecardPersistence
read property ConnectionName[informix_connection] from the namespace :com.topcoder.management.scorecard.persistence.InformixScorecardPersistence
Instantiate SqlUploadPersistence with connectionFactory and connectioName:informix_connection
Instantiate PersistenceUploadManager with UploadPersistence, uploadSearchBundle, submissionSearchBundle, uploadIdGenerator, uploadTypeIdGenerator, uploadStatusIdGenerator, submissionIDGenerator, submissionStatusIdGenerator and submissionTypeIdGenerator.
Instantiate AbstractResourcePersistence with connectionFactory and connectionName[informix_connection].
load Resource role with ids:[J@21ae8c,[J@21ae8c,[J@21ae8c,[J@21ae8c,[J@21ae8c,[J@21ae8c,[J@21ae8c,[J@21ae8c,[J@21ae8c,[J@21ae8c,[J@21ae8c,[J@21ae8c,[J@21ae8c,[J@21ae8c,[J@21ae8c,[J@21ae8c,[J@21ae8c,[J@21ae8c,[J@21ae8c,[J@21ae8c,[J@21ae8c,[J@21ae8c
operator: UnknownresourceId: Unknown - creating db connection using connection name: informix_connection
committing transaction
type: Upload id: Unknown operator:Unknown - search submissions with filter. found: 1
load Resource with ids:[J@1d25dcf
operator: UnknownresourceId: Unknown - creating db connection using connection name: informix_connection
load ResourceRole with id:18
operator: UnknownresourceId: Unknown - creating db connection using connection name: informix_connection
committing transaction
committing transaction
Invalid comment[Invalid], comment can either be Approved, Accepted or Rejected.
Read propery[ConnectionFactoryNS] which is  required  with value[com.topcoder.db.connectionfactory.DBConnectionFactoryImpl] from namespace [com.topcoder.management.project.persistence.InformixProjectPersistence].
Read propery[ConnectionName] which is  optional  with value[informix_connection] from namespace [com.topcoder.management.project.persistence.InformixProjectPersistence].
Read propery[ProjectIdSequenceName] which is  optional  with value[project_id_seq] from namespace [com.topcoder.management.project.persistence.InformixProjectPersistence].
Read propery[ProjectAuditIdSequenceName] which is  optional  with value[project_audit_id_seq] from namespace [com.topcoder.management.project.persistence.InformixProjectPersistence].
Read propery[ConnectionFactoryNS] which is  required  with value[com.topcoder.db.connectionfactory.DBConnectionFactoryImpl] from namespace [com.topcoder.management.project.persistence.link.ProjectLinkManagerImpl].
Read propery[ConnectionName] which is  optional  with value[informix_connection] from namespace [com.topcoder.management.project.persistence.link.ProjectLinkManagerImpl].
read property ConnectionFactoryNS[com.topcoder.db.connectionfactory.DBConnectionFactoryImpl] from the namespace :com.topcoder.management.scorecard.persistence.InformixScorecardPersistence
read property ConnectionName[informix_connection] from the namespace :com.topcoder.management.scorecard.persistence.InformixScorecardPersistence
Instantiate SqlUploadPersistence with connectionFactory and connectioName:informix_connection
Instantiate PersistenceUploadManager with UploadPersistence, uploadSearchBundle, submissionSearchBundle, uploadIdGenerator, uploadTypeIdGenerator, uploadStatusIdGenerator, submissionIDGenerator, submissionStatusIdGenerator and submissionTypeIdGenerator.
Instantiate AbstractResourcePersistence with connectionFactory and connectionName[informix_connection].
load Resource role with ids:[J@10c7e04,[J@10c7e04,[J@10c7e04,[J@10c7e04,[J@10c7e04,[J@10c7e04,[J@10c7e04,[J@10c7e04,[J@10c7e04,[J@10c7e04,[J@10c7e04,[J@10c7e04,[J@10c7e04,[J@10c7e04,[J@10c7e04,[J@10c7e04,[J@10c7e04,[J@10c7e04,[J@10c7e04,[J@10c7e04,[J@10c7e04,[J@10c7e04
operator: UnknownresourceId: Unknown - creating db connection using connection name: informix_connection
committing transaction
type: Upload id: Unknown operator:Unknown - search submissions with filter. found: 1
load Resource with ids:[J@9af3f7
operator: UnknownresourceId: Unknown - creating db connection using connection name: informix_connection
load ResourceRole with id:18
operator: UnknownresourceId: Unknown - creating db connection using connection name: informix_connection
committing transaction
committing transaction
No comment with [Specification Review Comment] type.
Read propery[ConnectionFactoryNS] which is  required  with value[com.topcoder.db.connectionfactory.DBConnectionFactoryImpl] from namespace [com.topcoder.management.project.persistence.InformixProjectPersistence].
Read propery[ConnectionName] which is  optional  with value[informix_connection] from namespace [com.topcoder.management.project.persistence.InformixProjectPersistence].
Read propery[ProjectIdSequenceName] which is  optional  with value[project_id_seq] from namespace [com.topcoder.management.project.persistence.InformixProjectPersistence].
Read propery[ProjectAuditIdSequenceName] which is  optional  with value[project_audit_id_seq] from namespace [com.topcoder.management.project.persistence.InformixProjectPersistence].
Read propery[ConnectionFactoryNS] which is  required  with value[com.topcoder.db.connectionfactory.DBConnectionFactoryImpl] from namespace [com.topcoder.management.project.persistence.link.ProjectLinkManagerImpl].
Read propery[ConnectionName] which is  optional  with value[informix_connection] from namespace [com.topcoder.management.project.persistence.link.ProjectLinkManagerImpl].
read property ConnectionFactoryNS[com.topcoder.db.connectionfactory.DBConnectionFactoryImpl] from the namespace :com.topcoder.management.scorecard.persistence.InformixScorecardPersistence
read property ConnectionName[informix_connection] from the namespace :com.topcoder.management.scorecard.persistence.InformixScorecardPersistence
Instantiate SqlUploadPersistence with connectionFactory and connectioName:informix_connection
Instantiate PersistenceUploadManager with UploadPersistence, uploadSearchBundle, submissionSearchBundle, uploadIdGenerator, uploadTypeIdGenerator, uploadStatusIdGenerator, submissionIDGenerator, submissionStatusIdGenerator and submissionTypeIdGenerator.
Instantiate AbstractResourcePersistence with connectionFactory and connectionName[informix_connection].
load Resource role with ids:[J@57e9b6,[J@57e9b6,[J@57e9b6,[J@57e9b6,[J@57e9b6,[J@57e9b6,[J@57e9b6,[J@57e9b6,[J@57e9b6,[J@57e9b6,[J@57e9b6,[J@57e9b6,[J@57e9b6,[J@57e9b6,[J@57e9b6,[J@57e9b6,[J@57e9b6,[J@57e9b6,[J@57e9b6,[J@57e9b6,[J@57e9b6,[J@57e9b6
operator: UnknownresourceId: Unknown - creating db connection using connection name: informix_connection
committing transaction
type: Upload id: Unknown operator:Unknown - search submissions with filter. found: 0
The specification submission does not exist.
Read propery[ConnectionFactoryNS] which is  required  with value[com.topcoder.db.connectionfactory.DBConnectionFactoryImpl] from namespace [com.topcoder.management.project.persistence.InformixProjectPersistence].
Read propery[ConnectionName] which is  optional  with value[informix_connection] from namespace [com.topcoder.management.project.persistence.InformixProjectPersistence].
Read propery[ProjectIdSequenceName] which is  optional  with value[project_id_seq] from namespace [com.topcoder.management.project.persistence.InformixProjectPersistence].
Read propery[ProjectAuditIdSequenceName] which is  optional  with value[project_audit_id_seq] from namespace [com.topcoder.management.project.persistence.InformixProjectPersistence].
Read propery[ConnectionFactoryNS] which is  required  with value[com.topcoder.db.connectionfactory.DBConnectionFactoryImpl] from namespace [com.topcoder.management.project.persistence.link.ProjectLinkManagerImpl].
Read propery[ConnectionName] which is  optional  with value[informix_connection] from namespace [com.topcoder.management.project.persistence.link.ProjectLinkManagerImpl].
read property ConnectionFactoryNS[com.topcoder.db.connectionfactory.DBConnectionFactoryImpl] from the namespace :com.topcoder.management.scorecard.persistence.InformixScorecardPersistence
read property ConnectionName[informix_connection] from the namespace :com.topcoder.management.scorecard.persistence.InformixScorecardPersistence
Instantiate SqlUploadPersistence with connectionFactory and connectioName:informix_connection
Instantiate PersistenceUploadManager with UploadPersistence, uploadSearchBundle, submissionSearchBundle, uploadIdGenerator, uploadTypeIdGenerator, uploadStatusIdGenerator, submissionIDGenerator, submissionStatusIdGenerator and submissionTypeIdGenerator.
Instantiate AbstractResourcePersistence with connectionFactory and connectionName[informix_connection].
load Resource role with ids:[J@17f7b42,[J@17f7b42,[J@17f7b42,[J@17f7b42,[J@17f7b42,[J@17f7b42,[J@17f7b42,[J@17f7b42,[J@17f7b42,[J@17f7b42,[J@17f7b42,[J@17f7b42,[J@17f7b42,[J@17f7b42,[J@17f7b42,[J@17f7b42,[J@17f7b42,[J@17f7b42,[J@17f7b42,[J@17f7b42,[J@17f7b42,[J@17f7b42
operator: UnknownresourceId: Unknown - creating db connection using connection name: informix_connection
committing transaction
type: Upload id: Unknown operator:Unknown - search submissions with filter. found: 1
load Resource with ids:[J@187e4b6
operator: UnknownresourceId: Unknown - creating db connection using connection name: informix_connection
load ResourceRole with id:18
operator: UnknownresourceId: Unknown - creating db connection using connection name: informix_connection
committing transaction
committing transaction
The review for the specification does not exist.
Read propery[ConnectionFactoryNS] which is  required  with value[com.topcoder.db.connectionfactory.DBConnectionFactoryImpl] from namespace [com.topcoder.management.project.persistence.InformixProjectPersistence].
Read propery[ConnectionName] which is  optional  with value[informix_connection] from namespace [com.topcoder.management.project.persistence.InformixProjectPersistence].
Read propery[ProjectIdSequenceName] which is  optional  with value[project_id_seq] from namespace [com.topcoder.management.project.persistence.InformixProjectPersistence].
Read propery[ProjectAuditIdSequenceName] which is  optional  with value[project_audit_id_seq] from namespace [com.topcoder.management.project.persistence.InformixProjectPersistence].
Read propery[ConnectionFactoryNS] which is  required  with value[com.topcoder.db.connectionfactory.DBConnectionFactoryImpl] from namespace [com.topcoder.management.project.persistence.link.ProjectLinkManagerImpl].
Read propery[ConnectionName] which is  optional  with value[informix_connection] from namespace [com.topcoder.management.project.persistence.link.ProjectLinkManagerImpl].
read property ConnectionFactoryNS[com.topcoder.db.connectionfactory.DBConnectionFactoryImpl] from the namespace :com.topcoder.management.scorecard.persistence.InformixScorecardPersistence
read property ConnectionName[informix_connection] from the namespace :com.topcoder.management.scorecard.persistence.InformixScorecardPersistence
Instantiate SqlUploadPersistence with connectionFactory and connectioName:informix_connection
Instantiate PersistenceUploadManager with UploadPersistence, uploadSearchBundle, submissionSearchBundle, uploadIdGenerator, uploadTypeIdGenerator, uploadStatusIdGenerator, submissionIDGenerator, submissionStatusIdGenerator and submissionTypeIdGenerator.
Instantiate AbstractResourcePersistence with connectionFactory and connectionName[informix_connection].
load Resource role with ids:[J@10f470f,[J@10f470f,[J@10f470f,[J@10f470f,[J@10f470f,[J@10f470f,[J@10f470f,[J@10f470f,[J@10f470f,[J@10f470f,[J@10f470f,[J@10f470f,[J@10f470f,[J@10f470f,[J@10f470f,[J@10f470f,[J@10f470f,[J@10f470f,[J@10f470f,[J@10f470f,[J@10f470f,[J@10f470f
operator: UnknownresourceId: Unknown - creating db connection using connection name: informix_connection
committing transaction
type: Upload id: Unknown operator:Unknown - search submissions with filter. found: 1
load Resource with ids:[J@1afff44
operator: UnknownresourceId: Unknown - creating db connection using connection name: informix_connection
load ResourceRole with id:18
operator: UnknownresourceId: Unknown - creating db connection using connection name: informix_connection
committing transaction
committing transaction
The review is not committed.
Read propery[ConnectionFactoryNS] which is  required  with value[com.topcoder.db.connectionfactory.DBConnectionFactoryImpl] from namespace [com.topcoder.management.project.persistence.InformixProjectPersistence].
Read propery[ConnectionName] which is  optional  with value[informix_connection] from namespace [com.topcoder.management.project.persistence.InformixProjectPersistence].
Read propery[ProjectIdSequenceName] which is  optional  with value[project_id_seq] from namespace [com.topcoder.management.project.persistence.InformixProjectPersistence].
Read propery[ProjectAuditIdSequenceName] which is  optional  with value[project_audit_id_seq] from namespace [com.topcoder.management.project.persistence.InformixProjectPersistence].
Read propery[ConnectionFactoryNS] which is  required  with value[com.topcoder.db.connectionfactory.DBConnectionFactoryImpl] from namespace [com.topcoder.management.project.persistence.link.ProjectLinkManagerImpl].
Read propery[ConnectionName] which is  optional  with value[informix_connection] from namespace [com.topcoder.management.project.persistence.link.ProjectLinkManagerImpl].
read property ConnectionFactoryNS[com.topcoder.db.connectionfactory.DBConnectionFactoryImpl] from the namespace :com.topcoder.management.scorecard.persistence.InformixScorecardPersistence
read property ConnectionName[informix_connection] from the namespace :com.topcoder.management.scorecard.persistence.InformixScorecardPersistence
Instantiate SqlUploadPersistence with connectionFactory and connectioName:informix_connection
Instantiate PersistenceUploadManager with UploadPersistence, uploadSearchBundle, submissionSearchBundle, uploadIdGenerator, uploadTypeIdGenerator, uploadStatusIdGenerator, submissionIDGenerator, submissionStatusIdGenerator and submissionTypeIdGenerator.
Instantiate AbstractResourcePersistence with connectionFactory and connectionName[informix_connection].
load Resource role with ids:[J@e88383,[J@e88383,[J@e88383,[J@e88383,[J@e88383,[J@e88383,[J@e88383,[J@e88383,[J@e88383,[J@e88383,[J@e88383,[J@e88383,[J@e88383,[J@e88383,[J@e88383,[J@e88383,[J@e88383,[J@e88383,[J@e88383,[J@e88383,[J@e88383,[J@e88383
operator: UnknownresourceId: Unknown - creating db connection using connection name: informix_connection
committing transaction
type: Upload id: Unknown operator:Unknown - search submissions with filter. found: 1
load Resource with ids:[J@160f3d
operator: UnknownresourceId: Unknown - creating db connection using connection name: informix_connection
load ResourceRole with id:18
operator: UnknownresourceId: Unknown - creating db connection using connection name: informix_connection
committing transaction
committing transaction
load Notifications with array of userIds/projectIds/notificationTypes.
operator: UnknownresourceId: Unknown - creating db connection using connection name: informix_connection
committing transaction
get projects with the ids: 1
operator: UnknownprojectId: Unknown - creating db connection using connection name: informix_connection
committing transaction
load Resource role with ids:[J@1173447,[J@1173447,[J@1173447,[J@1173447,[J@1173447,[J@1173447,[J@1173447,[J@1173447,[J@1173447,[J@1173447,[J@1173447,[J@1173447,[J@1173447,[J@1173447,[J@1173447,[J@1173447,[J@1173447,[J@1173447,[J@1173447,[J@1173447,[J@1173447,[J@1173447
operator: UnknownresourceId: Unknown - creating db connection using connection name: informix_connection
committing transaction
load Resource with ids:[J@12b24c7
operator: UnknownresourceId: Unknown - creating db connection using connection name: informix_connection
load ResourceRole with id:4
operator: UnknownresourceId: Unknown - creating db connection using connection name: informix_connection
committing transaction
committing transaction
load Resource with ids:[J@16380e8
operator: UnknownresourceId: Unknown - creating db connection using connection name: informix_connection
load ResourceRole with id:18
operator: UnknownresourceId: Unknown - creating db connection using connection name: informix_connection
committing transaction
committing transaction
load Resource with ids:[J@1335f7e
operator: UnknownresourceId: Unknown - creating db connection using connection name: informix_connection
load ResourceRole with id:12
operator: UnknownresourceId: Unknown - creating db connection using connection name: informix_connection
committing transaction
committing transaction
load Resource with ids:[J@dddc42
operator: UnknownresourceId: Unknown - creating db connection using connection name: informix_connection
load ResourceRole with id:13
operator: UnknownresourceId: Unknown - creating db connection using connection name: informix_connection
committing transaction
committing transaction
load Resource with ids:[J@1e043a8
operator: UnknownresourceId: Unknown - creating db connection using connection name: informix_connection
load ResourceRole with id:9
operator: UnknownresourceId: Unknown - creating db connection using connection name: informix_connection
committing transaction
committing transaction
operator: UnknownresourceId: 100001 - load resource.
operator: UnknownresourceId: Unknown - creating db connection using connection name: informix_connection
load ResourceRole with id:4
operator: UnknownresourceId: Unknown - creating db connection using connection name: informix_connection
committing transaction
committing transaction
operator: UnknownresourceId: 100000 - load resource.
operator: UnknownresourceId: Unknown - creating db connection using connection name: informix_connection
load ResourceRole with id:13
operator: UnknownresourceId: Unknown - creating db connection using connection name: informix_connection
committing transaction
committing transaction
operator: UnknownresourceId: 5 - load resource.
operator: UnknownresourceId: Unknown - creating db connection using connection name: informix_connection
load ResourceRole with id:18
operator: UnknownresourceId: Unknown - creating db connection using connection name: informix_connection
committing transaction
committing transaction
Read propery[ConnectionFactoryNS] which is  required  with value[com.topcoder.db.connectionfactory.DBConnectionFactoryImpl] from namespace [com.topcoder.management.project.persistence.InformixProjectPersistence].
Read propery[ConnectionName] which is  optional  with value[informix_connection] from namespace [com.topcoder.management.project.persistence.InformixProjectPersistence].
Read propery[ProjectIdSequenceName] which is  optional  with value[project_id_seq] from namespace [com.topcoder.management.project.persistence.InformixProjectPersistence].
Read propery[ProjectAuditIdSequenceName] which is  optional  with value[project_audit_id_seq] from namespace [com.topcoder.management.project.persistence.InformixProjectPersistence].
Read propery[ConnectionFactoryNS] which is  required  with value[com.topcoder.db.connectionfactory.DBConnectionFactoryImpl] from namespace [com.topcoder.management.project.persistence.link.ProjectLinkManagerImpl].
Read propery[ConnectionName] which is  optional  with value[informix_connection] from namespace [com.topcoder.management.project.persistence.link.ProjectLinkManagerImpl].
read property ConnectionFactoryNS[com.topcoder.db.connectionfactory.DBConnectionFactoryImpl] from the namespace :com.topcoder.management.scorecard.persistence.InformixScorecardPersistence
read property ConnectionName[informix_connection] from the namespace :com.topcoder.management.scorecard.persistence.InformixScorecardPersistence
Instantiate SqlUploadPersistence with connectionFactory and connectioName:informix_connection
Instantiate PersistenceUploadManager with UploadPersistence, uploadSearchBundle, submissionSearchBundle, uploadIdGenerator, uploadTypeIdGenerator, uploadStatusIdGenerator, submissionIDGenerator, submissionStatusIdGenerator and submissionTypeIdGenerator.
Instantiate AbstractResourcePersistence with connectionFactory and connectionName[informix_connection].
load Resource role with ids:[J@d6f6fd,[J@d6f6fd,[J@d6f6fd,[J@d6f6fd,[J@d6f6fd,[J@d6f6fd,[J@d6f6fd,[J@d6f6fd,[J@d6f6fd,[J@d6f6fd,[J@d6f6fd,[J@d6f6fd,[J@d6f6fd,[J@d6f6fd,[J@d6f6fd,[J@d6f6fd,[J@d6f6fd,[J@d6f6fd,[J@d6f6fd,[J@d6f6fd,[J@d6f6fd,[J@d6f6fd
operator: UnknownresourceId: Unknown - creating db connection using connection name: informix_connection
committing transaction
type: Upload id: Unknown operator:Unknown - search submissions with filter. found: 1
load Resource with ids:[J@ef5bbe
operator: UnknownresourceId: Unknown - creating db connection using connection name: informix_connection
load ResourceRole with id:18
operator: UnknownresourceId: Unknown - creating db connection using connection name: informix_connection
committing transaction
committing transaction
get All submission statuses, delegate to persistence.
get All submission statuses, delegate to persistence.
create db connection using connection name:informix_connection
close the connection.
type: SubmissionStatus id: Unknown operator:Unknown - Load SubmissionStatuses with ids:1,2,3,4,5
create db connection using connection name:informix_connection
close the connection.
type: Submission id: 1 operator:1001 - update Submission.
type: Submission id: 1 operator:Unknown - Update Submission, it will update record in submission table.
create db connection using connection name:informix_connection
close the connection.
load Resource with ids:[J@1988d3f
operator: UnknownresourceId: Unknown - creating db connection using connection name: informix_connection
load ResourceRole with id:18
operator: UnknownresourceId: Unknown - creating db connection using connection name: informix_connection
committing transaction
committing transaction
operator: UnknownresourceId: 51 - add new resource to the project [id=1] with role :Specification Reviewer in the [id=1342] phase.
operator: UnknownresourceId: Unknown - creating db connection using connection name: informix_connection
insert a record into resource with resource id : 51
insert a record into the resource_info table with resource_id = 51 and resource_info_type_id =1 value = 3
insert a record into the resource_info table with resource_id = 51 and resource_info_type_id =7 value = 0
committing transaction
load Notifications with array of userIds/projectIds/notificationTypes.
operator: UnknownresourceId: Unknown - creating db connection using connection name: informix_connection
committing transaction
get projects with the ids: 1
operator: UnknownprojectId: Unknown - creating db connection using connection name: informix_connection
committing transaction
load Resource role with ids:[J@75bb28,[J@75bb28,[J@75bb28,[J@75bb28,[J@75bb28,[J@75bb28,[J@75bb28,[J@75bb28,[J@75bb28,[J@75bb28,[J@75bb28,[J@75bb28,[J@75bb28,[J@75bb28,[J@75bb28,[J@75bb28,[J@75bb28,[J@75bb28,[J@75bb28,[J@75bb28,[J@75bb28,[J@75bb28
operator: UnknownresourceId: Unknown - creating db connection using connection name: informix_connection
committing transaction
load Resource with ids:[J@1b2947f
operator: UnknownresourceId: Unknown - creating db connection using connection name: informix_connection
load ResourceRole with id:4
operator: UnknownresourceId: Unknown - creating db connection using connection name: informix_connection
committing transaction
committing transaction
load Resource with ids:[J@ef1ce5,[J@ef1ce5
operator: UnknownresourceId: Unknown - creating db connection using connection name: informix_connection
load ResourceRole with id:18
operator: UnknownresourceId: Unknown - creating db connection using connection name: informix_connection
committing transaction
load ResourceRole with id:18
operator: UnknownresourceId: Unknown - creating db connection using connection name: informix_connection
committing transaction
committing transaction
load Resource with ids:[J@438fce
operator: UnknownresourceId: Unknown - creating db connection using connection name: informix_connection
load ResourceRole with id:12
operator: UnknownresourceId: Unknown - creating db connection using connection name: informix_connection
committing transaction
committing transaction
load Resource with ids:[J@10c0cb9
operator: UnknownresourceId: Unknown - creating db connection using connection name: informix_connection
load ResourceRole with id:13
operator: UnknownresourceId: Unknown - creating db connection using connection name: informix_connection
committing transaction
committing transaction
load Resource with ids:[J@19da97e
operator: UnknownresourceId: Unknown - creating db connection using connection name: informix_connection
load ResourceRole with id:9
operator: UnknownresourceId: Unknown - creating db connection using connection name: informix_connection
committing transaction
committing transaction
operator: UnknownresourceId: 100001 - load resource.
operator: UnknownresourceId: Unknown - creating db connection using connection name: informix_connection
load ResourceRole with id:4
operator: UnknownresourceId: Unknown - creating db connection using connection name: informix_connection
committing transaction
committing transaction
operator: UnknownresourceId: 100000 - load resource.
operator: UnknownresourceId: Unknown - creating db connection using connection name: informix_connection
load ResourceRole with id:13
operator: UnknownresourceId: Unknown - creating db connection using connection name: informix_connection
committing transaction
committing transaction
operator: UnknownresourceId: 5 - load resource.
operator: UnknownresourceId: Unknown - creating db connection using connection name: informix_connection
load ResourceRole with id:18
operator: UnknownresourceId: Unknown - creating db connection using connection name: informix_connection
committing transaction
committing transaction
Read propery[ConnectionFactoryNS] which is  required  with value[com.topcoder.db.connectionfactory.DBConnectionFactoryImpl] from namespace [com.topcoder.management.project.persistence.InformixProjectPersistence].
Read propery[ConnectionName] which is  optional  with value[informix_connection] from namespace [com.topcoder.management.project.persistence.InformixProjectPersistence].
Read propery[ProjectIdSequenceName] which is  optional  with value[project_id_seq] from namespace [com.topcoder.management.project.persistence.InformixProjectPersistence].
Read propery[ProjectAuditIdSequenceName] which is  optional  with value[project_audit_id_seq] from namespace [com.topcoder.management.project.persistence.InformixProjectPersistence].
Read propery[ConnectionFactoryNS] which is  required  with value[com.topcoder.db.connectionfactory.DBConnectionFactoryImpl] from namespace [com.topcoder.management.project.persistence.link.ProjectLinkManagerImpl].
Read propery[ConnectionName] which is  optional  with value[informix_connection] from namespace [com.topcoder.management.project.persistence.link.ProjectLinkManagerImpl].
read property ConnectionFactoryNS[com.topcoder.db.connectionfactory.DBConnectionFactoryImpl] from the namespace :com.topcoder.management.scorecard.persistence.InformixScorecardPersistence
read property ConnectionName[informix_connection] from the namespace :com.topcoder.management.scorecard.persistence.InformixScorecardPersistence
Instantiate SqlUploadPersistence with connectionFactory and connectioName:informix_connection
Instantiate PersistenceUploadManager with UploadPersistence, uploadSearchBundle, submissionSearchBundle, uploadIdGenerator, uploadTypeIdGenerator, uploadStatusIdGenerator, submissionIDGenerator, submissionStatusIdGenerator and submissionTypeIdGenerator.
Instantiate AbstractResourcePersistence with connectionFactory and connectionName[informix_connection].
Read propery[ConnectionFactoryNS] which is  required  with value[com.topcoder.db.connectionfactory.DBConnectionFactoryImpl] from namespace [com.topcoder.management.project.persistence.InformixProjectPersistence].
Read propery[ConnectionName] which is  optional  with value[informix_connection] from namespace [com.topcoder.management.project.persistence.InformixProjectPersistence].
Read propery[ProjectIdSequenceName] which is  optional  with value[project_id_seq] from namespace [com.topcoder.management.project.persistence.InformixProjectPersistence].
Read propery[ProjectAuditIdSequenceName] which is  optional  with value[project_audit_id_seq] from namespace [com.topcoder.management.project.persistence.InformixProjectPersistence].
Read propery[ConnectionFactoryNS] which is  required  with value[com.topcoder.db.connectionfactory.DBConnectionFactoryImpl] from namespace [com.topcoder.management.project.persistence.link.ProjectLinkManagerImpl].
Read propery[ConnectionName] which is  optional  with value[informix_connection] from namespace [com.topcoder.management.project.persistence.link.ProjectLinkManagerImpl].
read property ConnectionFactoryNS[com.topcoder.db.connectionfactory.DBConnectionFactoryImpl] from the namespace :com.topcoder.management.scorecard.persistence.InformixScorecardPersistence
read property ConnectionName[informix_connection] from the namespace :com.topcoder.management.scorecard.persistence.InformixScorecardPersistence
Instantiate SqlUploadPersistence with connectionFactory and connectioName:informix_connection
Instantiate PersistenceUploadManager with UploadPersistence, uploadSearchBundle, submissionSearchBundle, uploadIdGenerator, uploadTypeIdGenerator, uploadStatusIdGenerator, submissionIDGenerator, submissionStatusIdGenerator and submissionTypeIdGenerator.
Instantiate AbstractResourcePersistence with connectionFactory and connectionName[informix_connection].
Read propery[ConnectionFactoryNS] which is  required  with value[com.topcoder.db.connectionfactory.DBConnectionFactoryImpl] from namespace [com.topcoder.management.project.persistence.InformixProjectPersistence].
Read propery[ConnectionName] which is  optional  with value[informix_connection] from namespace [com.topcoder.management.project.persistence.InformixProjectPersistence].
Read propery[ProjectIdSequenceName] which is  optional  with value[project_id_seq] from namespace [com.topcoder.management.project.persistence.InformixProjectPersistence].
Read propery[ProjectAuditIdSequenceName] which is  optional  with value[project_audit_id_seq] from namespace [com.topcoder.management.project.persistence.InformixProjectPersistence].
Read propery[ConnectionFactoryNS] which is  required  with value[com.topcoder.db.connectionfactory.DBConnectionFactoryImpl] from namespace [com.topcoder.management.project.persistence.link.ProjectLinkManagerImpl].
Read propery[ConnectionName] which is  optional  with value[informix_connection] from namespace [com.topcoder.management.project.persistence.link.ProjectLinkManagerImpl].
read property ConnectionFactoryNS[com.topcoder.db.connectionfactory.DBConnectionFactoryImpl] from the namespace :com.topcoder.management.scorecard.persistence.InformixScorecardPersistence
read property ConnectionName[informix_connection] from the namespace :com.topcoder.management.scorecard.persistence.InformixScorecardPersistence
Instantiate SqlUploadPersistence with connectionFactory and connectioName:informix_connection
Instantiate PersistenceUploadManager with UploadPersistence, uploadSearchBundle, submissionSearchBundle, uploadIdGenerator, uploadTypeIdGenerator, uploadStatusIdGenerator, submissionIDGenerator, submissionStatusIdGenerator and submissionTypeIdGenerator.
Instantiate AbstractResourcePersistence with connectionFactory and connectionName[informix_connection].
type: Upload id: Unknown operator:Unknown - search submissions with filter. found: 1
Read propery[ConnectionFactoryNS] which is  required  with value[com.topcoder.db.connectionfactory.DBConnectionFactoryImpl] from namespace [com.topcoder.management.project.persistence.InformixProjectPersistence].
Read propery[ConnectionName] which is  optional  with value[informix_connection] from namespace [com.topcoder.management.project.persistence.InformixProjectPersistence].
Read propery[ProjectIdSequenceName] which is  optional  with value[project_id_seq] from namespace [com.topcoder.management.project.persistence.InformixProjectPersistence].
Read propery[ProjectAuditIdSequenceName] which is  optional  with value[project_audit_id_seq] from namespace [com.topcoder.management.project.persistence.InformixProjectPersistence].
Read propery[ConnectionFactoryNS] which is  required  with value[com.topcoder.db.connectionfactory.DBConnectionFactoryImpl] from namespace [com.topcoder.management.project.persistence.link.ProjectLinkManagerImpl].
Read propery[ConnectionName] which is  optional  with value[informix_connection] from namespace [com.topcoder.management.project.persistence.link.ProjectLinkManagerImpl].
read property ConnectionFactoryNS[com.topcoder.db.connectionfactory.DBConnectionFactoryImpl] from the namespace :com.topcoder.management.scorecard.persistence.InformixScorecardPersistence
read property ConnectionName[informix_connection] from the namespace :com.topcoder.management.scorecard.persistence.InformixScorecardPersistence
Instantiate SqlUploadPersistence with connectionFactory and connectioName:informix_connection
Instantiate PersistenceUploadManager with UploadPersistence, uploadSearchBundle, submissionSearchBundle, uploadIdGenerator, uploadTypeIdGenerator, uploadStatusIdGenerator, submissionIDGenerator, submissionStatusIdGenerator and submissionTypeIdGenerator.
Instantiate AbstractResourcePersistence with connectionFactory and connectionName[informix_connection].
type: Upload id: Unknown operator:Unknown - search submissions with filter. found: 0
Read propery[ConnectionFactoryNS] which is  required  with value[com.topcoder.db.connectionfactory.DBConnectionFactoryImpl] from namespace [com.topcoder.management.project.persistence.InformixProjectPersistence].
Read propery[ConnectionName] which is  optional  with value[informix_connection] from namespace [com.topcoder.management.project.persistence.InformixProjectPersistence].
Read propery[ProjectIdSequenceName] which is  optional  with value[project_id_seq] from namespace [com.topcoder.management.project.persistence.InformixProjectPersistence].
Read propery[ProjectAuditIdSequenceName] which is  optional  with value[project_audit_id_seq] from namespace [com.topcoder.management.project.persistence.InformixProjectPersistence].
Read propery[ConnectionFactoryNS] which is  required  with value[com.topcoder.db.connectionfactory.DBConnectionFactoryImpl] from namespace [com.topcoder.management.project.persistence.link.ProjectLinkManagerImpl].
Read propery[ConnectionName] which is  optional  with value[informix_connection] from namespace [com.topcoder.management.project.persistence.link.ProjectLinkManagerImpl].
read property ConnectionFactoryNS[com.topcoder.db.connectionfactory.DBConnectionFactoryImpl] from the namespace :com.topcoder.management.scorecard.persistence.InformixScorecardPersistence
read property ConnectionName[informix_connection] from the namespace :com.topcoder.management.scorecard.persistence.InformixScorecardPersistence
Instantiate SqlUploadPersistence with connectionFactory and connectioName:informix_connection
Instantiate PersistenceUploadManager with UploadPersistence, uploadSearchBundle, submissionSearchBundle, uploadIdGenerator, uploadTypeIdGenerator, uploadStatusIdGenerator, submissionIDGenerator, submissionStatusIdGenerator and submissionTypeIdGenerator.
Instantiate AbstractResourcePersistence with connectionFactory and connectionName[informix_connection].
type: Upload id: Unknown operator:Unknown - search submissions with filter. found: 2
Multiple specification submissions exist.
Read propery[ConnectionFactoryNS] which is  required  with value[com.topcoder.db.connectionfactory.DBConnectionFactoryImpl] from namespace [com.topcoder.management.project.persistence.InformixProjectPersistence].
Read propery[ConnectionName] which is  optional  with value[informix_connection] from namespace [com.topcoder.management.project.persistence.InformixProjectPersistence].
Read propery[ProjectIdSequenceName] which is  optional  with value[project_id_seq] from namespace [com.topcoder.management.project.persistence.InformixProjectPersistence].
Read propery[ProjectAuditIdSequenceName] which is  optional  with value[project_audit_id_seq] from namespace [com.topcoder.management.project.persistence.InformixProjectPersistence].
Read propery[ConnectionFactoryNS] which is  required  with value[com.topcoder.db.connectionfactory.DBConnectionFactoryImpl] from namespace [com.topcoder.management.project.persistence.link.ProjectLinkManagerImpl].
Read propery[ConnectionName] which is  optional  with value[informix_connection] from namespace [com.topcoder.management.project.persistence.link.ProjectLinkManagerImpl].
read property ConnectionFactoryNS[com.topcoder.db.connectionfactory.DBConnectionFactoryImpl] from the namespace :com.topcoder.management.scorecard.persistence.InformixScorecardPersistence
read property ConnectionName[informix_connection] from the namespace :com.topcoder.management.scorecard.persistence.InformixScorecardPersistence
Instantiate SqlUploadPersistence with connectionFactory and connectioName:informix_connection
Instantiate PersistenceUploadManager with UploadPersistence, uploadSearchBundle, submissionSearchBundle, uploadIdGenerator, uploadTypeIdGenerator, uploadStatusIdGenerator, submissionIDGenerator, submissionStatusIdGenerator and submissionTypeIdGenerator.
Instantiate AbstractResourcePersistence with connectionFactory and connectionName[informix_connection].
type: Upload id: Unknown operator:Unknown - search submissions with filter. found: 1
Read propery[ConnectionFactoryNS] which is  required  with value[com.topcoder.db.connectionfactory.DBConnectionFactoryImpl] from namespace [com.topcoder.management.project.persistence.InformixProjectPersistence].
Read propery[ConnectionName] which is  optional  with value[informix_connection] from namespace [com.topcoder.management.project.persistence.InformixProjectPersistence].
Read propery[ProjectIdSequenceName] which is  optional  with value[project_id_seq] from namespace [com.topcoder.management.project.persistence.InformixProjectPersistence].
Read propery[ProjectAuditIdSequenceName] which is  optional  with value[project_audit_id_seq] from namespace [com.topcoder.management.project.persistence.InformixProjectPersistence].
Read propery[ConnectionFactoryNS] which is  required  with value[com.topcoder.db.connectionfactory.DBConnectionFactoryImpl] from namespace [com.topcoder.management.project.persistence.link.ProjectLinkManagerImpl].
Read propery[ConnectionName] which is  optional  with value[informix_connection] from namespace [com.topcoder.management.project.persistence.link.ProjectLinkManagerImpl].
read property ConnectionFactoryNS[com.topcoder.db.connectionfactory.DBConnectionFactoryImpl] from the namespace :com.topcoder.management.scorecard.persistence.InformixScorecardPersistence
read property ConnectionName[informix_connection] from the namespace :com.topcoder.management.scorecard.persistence.InformixScorecardPersistence
Instantiate SqlUploadPersistence with connectionFactory and connectioName:informix_connection
Instantiate PersistenceUploadManager with UploadPersistence, uploadSearchBundle, submissionSearchBundle, uploadIdGenerator, uploadTypeIdGenerator, uploadStatusIdGenerator, submissionIDGenerator, submissionStatusIdGenerator and submissionTypeIdGenerator.
Instantiate AbstractResourcePersistence with connectionFactory and connectionName[informix_connection].
type: Upload id: Unknown operator:Unknown - search submissions with filter. found: 0
Read propery[ConnectionFactoryNS] which is  required  with value[com.topcoder.db.connectionfactory.DBConnectionFactoryImpl] from namespace [com.topcoder.management.project.persistence.InformixProjectPersistence].
Read propery[ConnectionName] which is  optional  with value[informix_connection] from namespace [com.topcoder.management.project.persistence.InformixProjectPersistence].
Read propery[ProjectIdSequenceName] which is  optional  with value[project_id_seq] from namespace [com.topcoder.management.project.persistence.InformixProjectPersistence].
Read propery[ProjectAuditIdSequenceName] which is  optional  with value[project_audit_id_seq] from namespace [com.topcoder.management.project.persistence.InformixProjectPersistence].
Read propery[ConnectionFactoryNS] which is  required  with value[com.topcoder.db.connectionfactory.DBConnectionFactoryImpl] from namespace [com.topcoder.management.project.persistence.link.ProjectLinkManagerImpl].
Read propery[ConnectionName] which is  optional  with value[informix_connection] from namespace [com.topcoder.management.project.persistence.link.ProjectLinkManagerImpl].
read property ConnectionFactoryNS[com.topcoder.db.connectionfactory.DBConnectionFactoryImpl] from the namespace :com.topcoder.management.scorecard.persistence.InformixScorecardPersistence
read property ConnectionName[informix_connection] from the namespace :com.topcoder.management.scorecard.persistence.InformixScorecardPersistence
Instantiate SqlUploadPersistence with connectionFactory and connectioName:informix_connection
Instantiate PersistenceUploadManager with UploadPersistence, uploadSearchBundle, submissionSearchBundle, uploadIdGenerator, uploadTypeIdGenerator, uploadStatusIdGenerator, submissionIDGenerator, submissionStatusIdGenerator and submissionTypeIdGenerator.
Instantiate AbstractResourcePersistence with connectionFactory and connectionName[informix_connection].
type: Upload id: Unknown operator:Unknown - search submissions with filter. found: 1
Read propery[ConnectionFactoryNS] which is  required  with value[com.topcoder.db.connectionfactory.DBConnectionFactoryImpl] from namespace [com.topcoder.management.project.persistence.InformixProjectPersistence].
Read propery[ConnectionName] which is  optional  with value[informix_connection] from namespace [com.topcoder.management.project.persistence.InformixProjectPersistence].
Read propery[ProjectIdSequenceName] which is  optional  with value[project_id_seq] from namespace [com.topcoder.management.project.persistence.InformixProjectPersistence].
Read propery[ProjectAuditIdSequenceName] which is  optional  with value[project_audit_id_seq] from namespace [com.topcoder.management.project.persistence.InformixProjectPersistence].
Read propery[ConnectionFactoryNS] which is  required  with value[com.topcoder.db.connectionfactory.DBConnectionFactoryImpl] from namespace [com.topcoder.management.project.persistence.link.ProjectLinkManagerImpl].
Read propery[ConnectionName] which is  optional  with value[informix_connection] from namespace [com.topcoder.management.project.persistence.link.ProjectLinkManagerImpl].
read property ConnectionFactoryNS[com.topcoder.db.connectionfactory.DBConnectionFactoryImpl] from the namespace :com.topcoder.management.scorecard.persistence.InformixScorecardPersistence
read property ConnectionName[informix_connection] from the namespace :com.topcoder.management.scorecard.persistence.InformixScorecardPersistence
Instantiate SqlUploadPersistence with connectionFactory and connectioName:informix_connection
Instantiate PersistenceUploadManager with UploadPersistence, uploadSearchBundle, submissionSearchBundle, uploadIdGenerator, uploadTypeIdGenerator, uploadStatusIdGenerator, submissionIDGenerator, submissionStatusIdGenerator and submissionTypeIdGenerator.
Instantiate AbstractResourcePersistence with connectionFactory and connectionName[informix_connection].
Read propery[ConnectionFactoryNS] which is  required  with value[com.topcoder.db.connectionfactory.DBConnectionFactoryImpl] from namespace [com.topcoder.management.project.persistence.InformixProjectPersistence].
Read propery[ConnectionName] which is  optional  with value[informix_connection] from namespace [com.topcoder.management.project.persistence.InformixProjectPersistence].
Read propery[ProjectIdSequenceName] which is  optional  with value[project_id_seq] from namespace [com.topcoder.management.project.persistence.InformixProjectPersistence].
Read propery[ProjectAuditIdSequenceName] which is  optional  with value[project_audit_id_seq] from namespace [com.topcoder.management.project.persistence.InformixProjectPersistence].
Read propery[ConnectionFactoryNS] which is  required  with value[com.topcoder.db.connectionfactory.DBConnectionFactoryImpl] from namespace [com.topcoder.management.project.persistence.link.ProjectLinkManagerImpl].
Read propery[ConnectionName] which is  optional  with value[informix_connection] from namespace [com.topcoder.management.project.persistence.link.ProjectLinkManagerImpl].
read property ConnectionFactoryNS[com.topcoder.db.connectionfactory.DBConnectionFactoryImpl] from the namespace :com.topcoder.management.scorecard.persistence.InformixScorecardPersistence
read property ConnectionName[informix_connection] from the namespace :com.topcoder.management.scorecard.persistence.InformixScorecardPersistence
Instantiate SqlUploadPersistence with connectionFactory and connectioName:informix_connection
Instantiate PersistenceUploadManager with UploadPersistence, uploadSearchBundle, submissionSearchBundle, uploadIdGenerator, uploadTypeIdGenerator, uploadStatusIdGenerator, submissionIDGenerator, submissionStatusIdGenerator and submissionTypeIdGenerator.
Instantiate AbstractResourcePersistence with connectionFactory and connectionName[informix_connection].
Read propery[ConnectionFactoryNS] which is  required  with value[com.topcoder.db.connectionfactory.DBConnectionFactoryImpl] from namespace [com.topcoder.management.project.persistence.InformixProjectPersistence].
Read propery[ConnectionName] which is  optional  with value[informix_connection] from namespace [com.topcoder.management.project.persistence.InformixProjectPersistence].
Read propery[ProjectIdSequenceName] which is  optional  with value[project_id_seq] from namespace [com.topcoder.management.project.persistence.InformixProjectPersistence].
Read propery[ProjectAuditIdSequenceName] which is  optional  with value[project_audit_id_seq] from namespace [com.topcoder.management.project.persistence.InformixProjectPersistence].
Read propery[ConnectionFactoryNS] which is  required  with value[com.topcoder.db.connectionfactory.DBConnectionFactoryImpl] from namespace [com.topcoder.management.project.persistence.link.ProjectLinkManagerImpl].
Read propery[ConnectionName] which is  optional  with value[informix_connection] from namespace [com.topcoder.management.project.persistence.link.ProjectLinkManagerImpl].
read property ConnectionFactoryNS[com.topcoder.db.connectionfactory.DBConnectionFactoryImpl] from the namespace :com.topcoder.management.scorecard.persistence.InformixScorecardPersistence
read property ConnectionName[informix_connection] from the namespace :com.topcoder.management.scorecard.persistence.InformixScorecardPersistence
Instantiate SqlUploadPersistence with connectionFactory and connectioName:informix_connection
Instantiate PersistenceUploadManager with UploadPersistence, uploadSearchBundle, submissionSearchBundle, uploadIdGenerator, uploadTypeIdGenerator, uploadStatusIdGenerator, submissionIDGenerator, submissionStatusIdGenerator and submissionTypeIdGenerator.
Instantiate AbstractResourcePersistence with connectionFactory and connectionName[informix_connection].
Read propery[ConnectionFactoryNS] which is  required  with value[com.topcoder.db.connectionfactory.DBConnectionFactoryImpl] from namespace [com.topcoder.management.project.persistence.InformixProjectPersistence].
Read propery[ConnectionName] which is  optional  with value[informix_connection] from namespace [com.topcoder.management.project.persistence.InformixProjectPersistence].
Read propery[ProjectIdSequenceName] which is  optional  with value[project_id_seq] from namespace [com.topcoder.management.project.persistence.InformixProjectPersistence].
Read propery[ProjectAuditIdSequenceName] which is  optional  with value[project_audit_id_seq] from namespace [com.topcoder.management.project.persistence.InformixProjectPersistence].
Read propery[ConnectionFactoryNS] which is  required  with value[com.topcoder.db.connectionfactory.DBConnectionFactoryImpl] from namespace [com.topcoder.management.project.persistence.link.ProjectLinkManagerImpl].
Read propery[ConnectionName] which is  optional  with value[informix_connection] from namespace [com.topcoder.management.project.persistence.link.ProjectLinkManagerImpl].
read property ConnectionFactoryNS[com.topcoder.db.connectionfactory.DBConnectionFactoryImpl] from the namespace :com.topcoder.management.scorecard.persistence.InformixScorecardPersistence
read property ConnectionName[informix_connection] from the namespace :com.topcoder.management.scorecard.persistence.InformixScorecardPersistence
Instantiate SqlUploadPersistence with connectionFactory and connectioName:informix_connection
Instantiate PersistenceUploadManager with UploadPersistence, uploadSearchBundle, submissionSearchBundle, uploadIdGenerator, uploadTypeIdGenerator, uploadStatusIdGenerator, submissionIDGenerator, submissionStatusIdGenerator and submissionTypeIdGenerator.
Instantiate AbstractResourcePersistence with connectionFactory and connectionName[informix_connection].
operator: UnknownprojectId: Unknown - Enter getDestProjectLinks method.
operator: UnknownprojectId: Unknown - creating db connection using connection name: informix_connection
get projects with the ids: 1,2
operator: UnknownprojectId: Unknown - creating db connection using connection name: informix_connection
committing transaction
committing transaction
Read propery[ConnectionFactoryNS] which is  required  with value[com.topcoder.db.connectionfactory.DBConnectionFactoryImpl] from namespace [com.topcoder.management.project.persistence.InformixProjectPersistence].
Read propery[ConnectionName] which is  optional  with value[informix_connection] from namespace [com.topcoder.management.project.persistence.InformixProjectPersistence].
Read propery[ProjectIdSequenceName] which is  optional  with value[project_id_seq] from namespace [com.topcoder.management.project.persistence.InformixProjectPersistence].
Read propery[ProjectAuditIdSequenceName] which is  optional  with value[project_audit_id_seq] from namespace [com.topcoder.management.project.persistence.InformixProjectPersistence].
Read propery[ConnectionFactoryNS] which is  required  with value[com.topcoder.db.connectionfactory.DBConnectionFactoryImpl] from namespace [com.topcoder.management.project.persistence.link.ProjectLinkManagerImpl].
Read propery[ConnectionName] which is  optional  with value[informix_connection] from namespace [com.topcoder.management.project.persistence.link.ProjectLinkManagerImpl].
read property ConnectionFactoryNS[com.topcoder.db.connectionfactory.DBConnectionFactoryImpl] from the namespace :com.topcoder.management.scorecard.persistence.InformixScorecardPersistence
read property ConnectionName[informix_connection] from the namespace :com.topcoder.management.scorecard.persistence.InformixScorecardPersistence
Instantiate SqlUploadPersistence with connectionFactory and connectioName:informix_connection
Instantiate PersistenceUploadManager with UploadPersistence, uploadSearchBundle, submissionSearchBundle, uploadIdGenerator, uploadTypeIdGenerator, uploadStatusIdGenerator, submissionIDGenerator, submissionStatusIdGenerator and submissionTypeIdGenerator.
Instantiate AbstractResourcePersistence with connectionFactory and connectionName[informix_connection].
operator: UnknownprojectId: Unknown - Enter getDestProjectLinks method.
operator: UnknownprojectId: Unknown - creating db connection using connection name: informix_connection
get projects with the ids: 1,2
operator: UnknownprojectId: Unknown - creating db connection using connection name: informix_connection
committing transaction
committing transaction
Read propery[ConnectionFactoryNS] which is  required  with value[com.topcoder.db.connectionfactory.DBConnectionFactoryImpl] from namespace [com.topcoder.management.project.persistence.InformixProjectPersistence].
Read propery[ConnectionName] which is  optional  with value[informix_connection] from namespace [com.topcoder.management.project.persistence.InformixProjectPersistence].
Read propery[ProjectIdSequenceName] which is  optional  with value[project_id_seq] from namespace [com.topcoder.management.project.persistence.InformixProjectPersistence].
Read propery[ProjectAuditIdSequenceName] which is  optional  with value[project_audit_id_seq] from namespace [com.topcoder.management.project.persistence.InformixProjectPersistence].
Read propery[ConnectionFactoryNS] which is  required  with value[com.topcoder.db.connectionfactory.DBConnectionFactoryImpl] from namespace [com.topcoder.management.project.persistence.link.ProjectLinkManagerImpl].
Read propery[ConnectionName] which is  optional  with value[informix_connection] from namespace [com.topcoder.management.project.persistence.link.ProjectLinkManagerImpl].
read property ConnectionFactoryNS[com.topcoder.db.connectionfactory.DBConnectionFactoryImpl] from the namespace :com.topcoder.management.scorecard.persistence.InformixScorecardPersistence
read property ConnectionName[informix_connection] from the namespace :com.topcoder.management.scorecard.persistence.InformixScorecardPersistence
Instantiate SqlUploadPersistence with connectionFactory and connectioName:informix_connection
Instantiate PersistenceUploadManager with UploadPersistence, uploadSearchBundle, submissionSearchBundle, uploadIdGenerator, uploadTypeIdGenerator, uploadStatusIdGenerator, submissionIDGenerator, submissionStatusIdGenerator and submissionTypeIdGenerator.
Instantiate AbstractResourcePersistence with connectionFactory and connectionName[informix_connection].
Read propery[ConnectionFactoryNS] which is  required  with value[com.topcoder.db.connectionfactory.DBConnectionFactoryImpl] from namespace [com.topcoder.management.project.persistence.InformixProjectPersistence].
Read propery[ConnectionName] which is  optional  with value[informix_connection] from namespace [com.topcoder.management.project.persistence.InformixProjectPersistence].
Read propery[ProjectIdSequenceName] which is  optional  with value[project_id_seq] from namespace [com.topcoder.management.project.persistence.InformixProjectPersistence].
Read propery[ProjectAuditIdSequenceName] which is  optional  with value[project_audit_id_seq] from namespace [com.topcoder.management.project.persistence.InformixProjectPersistence].
Read propery[ConnectionFactoryNS] which is  required  with value[com.topcoder.db.connectionfactory.DBConnectionFactoryImpl] from namespace [com.topcoder.management.project.persistence.link.ProjectLinkManagerImpl].
Read propery[ConnectionName] which is  optional  with value[informix_connection] from namespace [com.topcoder.management.project.persistence.link.ProjectLinkManagerImpl].
read property ConnectionFactoryNS[com.topcoder.db.connectionfactory.DBConnectionFactoryImpl] from the namespace :com.topcoder.management.scorecard.persistence.InformixScorecardPersistence
read property ConnectionName[informix_connection] from the namespace :com.topcoder.management.scorecard.persistence.InformixScorecardPersistence
Instantiate SqlUploadPersistence with connectionFactory and connectioName:informix_connection
Instantiate PersistenceUploadManager with UploadPersistence, uploadSearchBundle, submissionSearchBundle, uploadIdGenerator, uploadTypeIdGenerator, uploadStatusIdGenerator, submissionIDGenerator, submissionStatusIdGenerator and submissionTypeIdGenerator.
Instantiate AbstractResourcePersistence with connectionFactory and connectionName[informix_connection].
Read propery[ConnectionFactoryNS] which is  required  with value[com.topcoder.db.connectionfactory.DBConnectionFactoryImpl] from namespace [com.topcoder.management.project.persistence.InformixProjectPersistence].
Read propery[ConnectionName] which is  optional  with value[informix_connection] from namespace [com.topcoder.management.project.persistence.InformixProjectPersistence].
Read propery[ProjectIdSequenceName] which is  optional  with value[project_id_seq] from namespace [com.topcoder.management.project.persistence.InformixProjectPersistence].
Read propery[ProjectAuditIdSequenceName] which is  optional  with value[project_audit_id_seq] from namespace [com.topcoder.management.project.persistence.InformixProjectPersistence].
Read propery[ConnectionFactoryNS] which is  required  with value[com.topcoder.db.connectionfactory.DBConnectionFactoryImpl] from namespace [com.topcoder.management.project.persistence.link.ProjectLinkManagerImpl].
Read propery[ConnectionName] which is  optional  with value[informix_connection] from namespace [com.topcoder.management.project.persistence.link.ProjectLinkManagerImpl].
read property ConnectionFactoryNS[com.topcoder.db.connectionfactory.DBConnectionFactoryImpl] from the namespace :com.topcoder.management.scorecard.persistence.InformixScorecardPersistence
read property ConnectionName[informix_connection] from the namespace :com.topcoder.management.scorecard.persistence.InformixScorecardPersistence
Instantiate SqlUploadPersistence with connectionFactory and connectioName:informix_connection
Instantiate PersistenceUploadManager with UploadPersistence, uploadSearchBundle, submissionSearchBundle, uploadIdGenerator, uploadTypeIdGenerator, uploadStatusIdGenerator, submissionIDGenerator, submissionStatusIdGenerator and submissionTypeIdGenerator.
Instantiate AbstractResourcePersistence with connectionFactory and connectionName[informix_connection].
Read propery[ConnectionFactoryNS] which is  required  with value[com.topcoder.db.connectionfactory.DBConnectionFactoryImpl] from namespace [com.topcoder.management.project.persistence.InformixProjectPersistence].
Read propery[ConnectionName] which is  optional  with value[informix_connection] from namespace [com.topcoder.management.project.persistence.InformixProjectPersistence].
Read propery[ProjectIdSequenceName] which is  optional  with value[project_id_seq] from namespace [com.topcoder.management.project.persistence.InformixProjectPersistence].
Read propery[ProjectAuditIdSequenceName] which is  optional  with value[project_audit_id_seq] from namespace [com.topcoder.management.project.persistence.InformixProjectPersistence].
Read propery[ConnectionFactoryNS] which is  required  with value[com.topcoder.db.connectionfactory.DBConnectionFactoryImpl] from namespace [com.topcoder.management.project.persistence.link.ProjectLinkManagerImpl].
Read propery[ConnectionName] which is  optional  with value[informix_connection] from namespace [com.topcoder.management.project.persistence.link.ProjectLinkManagerImpl].
read property ConnectionFactoryNS[com.topcoder.db.connectionfactory.DBConnectionFactoryImpl] from the namespace :com.topcoder.management.scorecard.persistence.InformixScorecardPersistence
read property ConnectionName[informix_connection] from the namespace :com.topcoder.management.scorecard.persistence.InformixScorecardPersistence
Instantiate SqlUploadPersistence with connectionFactory and connectioName:informix_connection
Instantiate PersistenceUploadManager with UploadPersistence, uploadSearchBundle, submissionSearchBundle, uploadIdGenerator, uploadTypeIdGenerator, uploadStatusIdGenerator, submissionIDGenerator, submissionStatusIdGenerator and submissionTypeIdGenerator.
Instantiate AbstractResourcePersistence with connectionFactory and connectionName[informix_connection].
Read propery[ConnectionFactoryNS] which is  required  with value[com.topcoder.db.connectionfactory.DBConnectionFactoryImpl] from namespace [com.topcoder.management.project.persistence.InformixProjectPersistence].
Read propery[ConnectionName] which is  optional  with value[informix_connection] from namespace [com.topcoder.management.project.persistence.InformixProjectPersistence].
Read propery[ProjectIdSequenceName] which is  optional  with value[project_id_seq] from namespace [com.topcoder.management.project.persistence.InformixProjectPersistence].
Read propery[ProjectAuditIdSequenceName] which is  optional  with value[project_audit_id_seq] from namespace [com.topcoder.management.project.persistence.InformixProjectPersistence].
Read propery[ConnectionFactoryNS] which is  required  with value[com.topcoder.db.connectionfactory.DBConnectionFactoryImpl] from namespace [com.topcoder.management.project.persistence.link.ProjectLinkManagerImpl].
Read propery[ConnectionName] which is  optional  with value[informix_connection] from namespace [com.topcoder.management.project.persistence.link.ProjectLinkManagerImpl].
read property ConnectionFactoryNS[com.topcoder.db.connectionfactory.DBConnectionFactoryImpl] from the namespace :com.topcoder.management.scorecard.persistence.InformixScorecardPersistence
read property ConnectionName[informix_connection] from the namespace :com.topcoder.management.scorecard.persistence.InformixScorecardPersistence
Instantiate SqlUploadPersistence with connectionFactory and connectioName:informix_connection
Instantiate PersistenceUploadManager with UploadPersistence, uploadSearchBundle, submissionSearchBundle, uploadIdGenerator, uploadTypeIdGenerator, uploadStatusIdGenerator, submissionIDGenerator, submissionStatusIdGenerator and submissionTypeIdGenerator.
Instantiate AbstractResourcePersistence with connectionFactory and connectionName[informix_connection].
Read propery[ConnectionFactoryNS] which is  required  with value[com.topcoder.db.connectionfactory.DBConnectionFactoryImpl] from namespace [com.topcoder.management.project.persistence.InformixProjectPersistence].
Read propery[ConnectionName] which is  optional  with value[informix_connection] from namespace [com.topcoder.management.project.persistence.InformixProjectPersistence].
Read propery[ProjectIdSequenceName] which is  optional  with value[project_id_seq] from namespace [com.topcoder.management.project.persistence.InformixProjectPersistence].
Read propery[ProjectAuditIdSequenceName] which is  optional  with value[project_audit_id_seq] from namespace [com.topcoder.management.project.persistence.InformixProjectPersistence].
Read propery[ConnectionFactoryNS] which is  required  with value[com.topcoder.db.connectionfactory.DBConnectionFactoryImpl] from namespace [com.topcoder.management.project.persistence.link.ProjectLinkManagerImpl].
Read propery[ConnectionName] which is  optional  with value[informix_connection] from namespace [com.topcoder.management.project.persistence.link.ProjectLinkManagerImpl].
read property ConnectionFactoryNS[com.topcoder.db.connectionfactory.DBConnectionFactoryImpl] from the namespace :com.topcoder.management.scorecard.persistence.InformixScorecardPersistence
read property ConnectionName[informix_connection] from the namespace :com.topcoder.management.scorecard.persistence.InformixScorecardPersistence
Instantiate SqlUploadPersistence with connectionFactory and connectioName:informix_connection
Instantiate PersistenceUploadManager with UploadPersistence, uploadSearchBundle, submissionSearchBundle, uploadIdGenerator, uploadTypeIdGenerator, uploadStatusIdGenerator, submissionIDGenerator, submissionStatusIdGenerator and submissionTypeIdGenerator.
Instantiate AbstractResourcePersistence with connectionFactory and connectionName[informix_connection].
get All submission statuses, delegate to persistence.
get All submission statuses, delegate to persistence.
create db connection using connection name:informix_connection
close the connection.
type: SubmissionStatus id: Unknown operator:Unknown - Load SubmissionStatuses with ids:1,2,3,4,5
create db connection using connection name:informix_connection
close the connection.
Read propery[ConnectionFactoryNS] which is  required  with value[com.topcoder.db.connectionfactory.DBConnectionFactoryImpl] from namespace [com.topcoder.management.project.persistence.InformixProjectPersistence].
Read propery[ConnectionName] which is  optional  with value[informix_connection] from namespace [com.topcoder.management.project.persistence.InformixProjectPersistence].
Read propery[ProjectIdSequenceName] which is  optional  with value[project_id_seq] from namespace [com.topcoder.management.project.persistence.InformixProjectPersistence].
Read propery[ProjectAuditIdSequenceName] which is  optional  with value[project_audit_id_seq] from namespace [com.topcoder.management.project.persistence.InformixProjectPersistence].
Read propery[ConnectionFactoryNS] which is  required  with value[com.topcoder.db.connectionfactory.DBConnectionFactoryImpl] from namespace [com.topcoder.management.project.persistence.link.ProjectLinkManagerImpl].
Read propery[ConnectionName] which is  optional  with value[informix_connection] from namespace [com.topcoder.management.project.persistence.link.ProjectLinkManagerImpl].
read property ConnectionFactoryNS[com.topcoder.db.connectionfactory.DBConnectionFactoryImpl] from the namespace :com.topcoder.management.scorecard.persistence.InformixScorecardPersistence
read property ConnectionName[informix_connection] from the namespace :com.topcoder.management.scorecard.persistence.InformixScorecardPersistence
Instantiate SqlUploadPersistence with connectionFactory and connectioName:informix_connection
Instantiate PersistenceUploadManager with UploadPersistence, uploadSearchBundle, submissionSearchBundle, uploadIdGenerator, uploadTypeIdGenerator, uploadStatusIdGenerator, submissionIDGenerator, submissionStatusIdGenerator and submissionTypeIdGenerator.
Instantiate AbstractResourcePersistence with connectionFactory and connectionName[informix_connection].
Read propery[ConnectionFactoryNS] which is  required  with value[com.topcoder.db.connectionfactory.DBConnectionFactoryImpl] from namespace [com.topcoder.management.project.persistence.InformixProjectPersistence].
Read propery[ConnectionName] which is  optional  with value[informix_connection] from namespace [com.topcoder.management.project.persistence.InformixProjectPersistence].
Read propery[ProjectIdSequenceName] which is  optional  with value[project_id_seq] from namespace [com.topcoder.management.project.persistence.InformixProjectPersistence].
Read propery[ProjectAuditIdSequenceName] which is  optional  with value[project_audit_id_seq] from namespace [com.topcoder.management.project.persistence.InformixProjectPersistence].
Read propery[ConnectionFactoryNS] which is  required  with value[com.topcoder.db.connectionfactory.DBConnectionFactoryImpl] from namespace [com.topcoder.management.project.persistence.link.ProjectLinkManagerImpl].
Read propery[ConnectionName] which is  optional  with value[informix_connection] from namespace [com.topcoder.management.project.persistence.link.ProjectLinkManagerImpl].
read property ConnectionFactoryNS[com.topcoder.db.connectionfactory.DBConnectionFactoryImpl] from the namespace :com.topcoder.management.scorecard.persistence.InformixScorecardPersistence
read property ConnectionName[informix_connection] from the namespace :com.topcoder.management.scorecard.persistence.InformixScorecardPersistence
Instantiate SqlUploadPersistence with connectionFactory and connectioName:informix_connection
Instantiate PersistenceUploadManager with UploadPersistence, uploadSearchBundle, submissionSearchBundle, uploadIdGenerator, uploadTypeIdGenerator, uploadStatusIdGenerator, submissionIDGenerator, submissionStatusIdGenerator and submissionTypeIdGenerator.
Instantiate AbstractResourcePersistence with connectionFactory and connectionName[informix_connection].
Read propery[ConnectionFactoryNS] which is  required  with value[com.topcoder.db.connectionfactory.DBConnectionFactoryImpl] from namespace [com.topcoder.management.project.persistence.InformixProjectPersistence].
Read propery[ConnectionName] which is  optional  with value[informix_connection] from namespace [com.topcoder.management.project.persistence.InformixProjectPersistence].
Read propery[ProjectIdSequenceName] which is  optional  with value[project_id_seq] from namespace [com.topcoder.management.project.persistence.InformixProjectPersistence].
Read propery[ProjectAuditIdSequenceName] which is  optional  with value[project_audit_id_seq] from namespace [com.topcoder.management.project.persistence.InformixProjectPersistence].
Read propery[ConnectionFactoryNS] which is  required  with value[com.topcoder.db.connectionfactory.DBConnectionFactoryImpl] from namespace [com.topcoder.management.project.persistence.link.ProjectLinkManagerImpl].
Read propery[ConnectionName] which is  optional  with value[informix_connection] from namespace [com.topcoder.management.project.persistence.link.ProjectLinkManagerImpl].
read property ConnectionFactoryNS[com.topcoder.db.connectionfactory.DBConnectionFactoryImpl] from the namespace :com.topcoder.management.scorecard.persistence.InformixScorecardPersistence
read property ConnectionName[informix_connection] from the namespace :com.topcoder.management.scorecard.persistence.InformixScorecardPersistence
Instantiate SqlUploadPersistence with connectionFactory and connectioName:informix_connection
Instantiate PersistenceUploadManager with UploadPersistence, uploadSearchBundle, submissionSearchBundle, uploadIdGenerator, uploadTypeIdGenerator, uploadStatusIdGenerator, submissionIDGenerator, submissionStatusIdGenerator and submissionTypeIdGenerator.
Instantiate AbstractResourcePersistence with connectionFactory and connectionName[informix_connection].
get All upload status, delegate to persistence.
create db connection using connection name:informix_connection
close the connection.
type: UploadStatus id: Unknown operator:Unknown - Load UploadStatuses with ids:1,2
create db connection using connection name:informix_connection
close the connection.
Read propery[ConnectionFactoryNS] which is  required  with value[com.topcoder.db.connectionfactory.DBConnectionFactoryImpl] from namespace [com.topcoder.management.project.persistence.InformixProjectPersistence].
Read propery[ConnectionName] which is  optional  with value[informix_connection] from namespace [com.topcoder.management.project.persistence.InformixProjectPersistence].
Read propery[ProjectIdSequenceName] which is  optional  with value[project_id_seq] from namespace [com.topcoder.management.project.persistence.InformixProjectPersistence].
Read propery[ProjectAuditIdSequenceName] which is  optional  with value[project_audit_id_seq] from namespace [com.topcoder.management.project.persistence.InformixProjectPersistence].
Read propery[ConnectionFactoryNS] which is  required  with value[com.topcoder.db.connectionfactory.DBConnectionFactoryImpl] from namespace [com.topcoder.management.project.persistence.link.ProjectLinkManagerImpl].
Read propery[ConnectionName] which is  optional  with value[informix_connection] from namespace [com.topcoder.management.project.persistence.link.ProjectLinkManagerImpl].
read property ConnectionFactoryNS[com.topcoder.db.connectionfactory.DBConnectionFactoryImpl] from the namespace :com.topcoder.management.scorecard.persistence.InformixScorecardPersistence
read property ConnectionName[informix_connection] from the namespace :com.topcoder.management.scorecard.persistence.InformixScorecardPersistence
Instantiate SqlUploadPersistence with connectionFactory and connectioName:informix_connection
Instantiate PersistenceUploadManager with UploadPersistence, uploadSearchBundle, submissionSearchBundle, uploadIdGenerator, uploadTypeIdGenerator, uploadStatusIdGenerator, submissionIDGenerator, submissionStatusIdGenerator and submissionTypeIdGenerator.
Instantiate AbstractResourcePersistence with connectionFactory and connectionName[informix_connection].
Read propery[ConnectionFactoryNS] which is  required  with value[com.topcoder.db.connectionfactory.DBConnectionFactoryImpl] from namespace [com.topcoder.management.project.persistence.InformixProjectPersistence].
Read propery[ConnectionName] which is  optional  with value[informix_connection] from namespace [com.topcoder.management.project.persistence.InformixProjectPersistence].
Read propery[ProjectIdSequenceName] which is  optional  with value[project_id_seq] from namespace [com.topcoder.management.project.persistence.InformixProjectPersistence].
Read propery[ProjectAuditIdSequenceName] which is  optional  with value[project_audit_id_seq] from namespace [com.topcoder.management.project.persistence.InformixProjectPersistence].
Read propery[ConnectionFactoryNS] which is  required  with value[com.topcoder.db.connectionfactory.DBConnectionFactoryImpl] from namespace [com.topcoder.management.project.persistence.link.ProjectLinkManagerImpl].
Read propery[ConnectionName] which is  optional  with value[informix_connection] from namespace [com.topcoder.management.project.persistence.link.ProjectLinkManagerImpl].
read property ConnectionFactoryNS[com.topcoder.db.connectionfactory.DBConnectionFactoryImpl] from the namespace :com.topcoder.management.scorecard.persistence.InformixScorecardPersistence
read property ConnectionName[informix_connection] from the namespace :com.topcoder.management.scorecard.persistence.InformixScorecardPersistence
Instantiate SqlUploadPersistence with connectionFactory and connectioName:informix_connection
Instantiate PersistenceUploadManager with UploadPersistence, uploadSearchBundle, submissionSearchBundle, uploadIdGenerator, uploadTypeIdGenerator, uploadStatusIdGenerator, submissionIDGenerator, submissionStatusIdGenerator and submissionTypeIdGenerator.
Instantiate AbstractResourcePersistence with connectionFactory and connectionName[informix_connection].
load Resource role with ids:[J@2d26d5,[J@2d26d5,[J@2d26d5,[J@2d26d5,[J@2d26d5,[J@2d26d5,[J@2d26d5,[J@2d26d5,[J@2d26d5,[J@2d26d5,[J@2d26d5,[J@2d26d5,[J@2d26d5,[J@2d26d5,[J@2d26d5,[J@2d26d5,[J@2d26d5,[J@2d26d5,[J@2d26d5,[J@2d26d5,[J@2d26d5,[J@2d26d5
operator: UnknownresourceId: Unknown - creating db connection using connection name: informix_connection
committing transaction
type: Upload id: Unknown operator:Unknown - search submissions with filter. found: 2
load Resource with ids:[J@14f5d2c
operator: UnknownresourceId: Unknown - creating db connection using connection name: informix_connection
load ResourceRole with id:2
operator: UnknownresourceId: Unknown - creating db connection using connection name: informix_connection
committing transaction
committing transaction
type: Upload id: Unknown operator:Unknown - search submissions with filter. found: 2
operator: UnknownresourceId: 4 - load resource.
operator: UnknownresourceId: Unknown - creating db connection using connection name: informix_connection
load ResourceRole with id:1
operator: UnknownresourceId: Unknown - creating db connection using connection name: informix_connection
committing transaction
committing transaction
operator: UnknownresourceId: 5 - load resource.
operator: UnknownresourceId: Unknown - creating db connection using connection name: informix_connection
load ResourceRole with id:1
operator: UnknownresourceId: Unknown - creating db connection using connection name: informix_connection
committing transaction
committing transaction
load Notifications with array of userIds/projectIds/notificationTypes.
operator: UnknownresourceId: Unknown - creating db connection using connection name: informix_connection
committing transaction
get projects with the ids: 1
operator: UnknownprojectId: Unknown - creating db connection using connection name: informix_connection
committing transaction
load Resource role with ids:[J@c06cac,[J@c06cac,[J@c06cac,[J@c06cac,[J@c06cac,[J@c06cac,[J@c06cac,[J@c06cac,[J@c06cac,[J@c06cac,[J@c06cac,[J@c06cac,[J@c06cac,[J@c06cac,[J@c06cac,[J@c06cac,[J@c06cac,[J@c06cac,[J@c06cac,[J@c06cac,[J@c06cac,[J@c06cac
operator: UnknownresourceId: Unknown - creating db connection using connection name: informix_connection
committing transaction
load Resource with ids:[J@2baf8d
operator: UnknownresourceId: Unknown - creating db connection using connection name: informix_connection
load ResourceRole with id:4
operator: UnknownresourceId: Unknown - creating db connection using connection name: informix_connection
committing transaction
committing transaction
load Resource with ids:[J@1e74f8b
operator: UnknownresourceId: Unknown - creating db connection using connection name: informix_connection
load ResourceRole with id:12
operator: UnknownresourceId: Unknown - creating db connection using connection name: informix_connection
committing transaction
committing transaction
load Resource with ids:[J@1bafc05
operator: UnknownresourceId: Unknown - creating db connection using connection name: informix_connection
load ResourceRole with id:2
operator: UnknownresourceId: Unknown - creating db connection using connection name: informix_connection
committing transaction
committing transaction
load Resource with ids:[J@601e55
operator: UnknownresourceId: Unknown - creating db connection using connection name: informix_connection
load ResourceRole with id:13
operator: UnknownresourceId: Unknown - creating db connection using connection name: informix_connection
committing transaction
committing transaction
load Resource with ids:[J@1bf218e
operator: UnknownresourceId: Unknown - creating db connection using connection name: informix_connection
load ResourceRole with id:9
operator: UnknownresourceId: Unknown - creating db connection using connection name: informix_connection
committing transaction
committing transaction
load Resource with ids:[J@e865f7,[J@e865f7
operator: UnknownresourceId: Unknown - creating db connection using connection name: informix_connection
load ResourceRole with id:1
operator: UnknownresourceId: Unknown - creating db connection using connection name: informix_connection
committing transaction
load ResourceRole with id:1
operator: UnknownresourceId: Unknown - creating db connection using connection name: informix_connection
committing transaction
committing transaction
operator: UnknownresourceId: 100001 - load resource.
operator: UnknownresourceId: Unknown - creating db connection using connection name: informix_connection
load ResourceRole with id:4
operator: UnknownresourceId: Unknown - creating db connection using connection name: informix_connection
committing transaction
committing transaction
operator: UnknownresourceId: 4 - load resource.
operator: UnknownresourceId: Unknown - creating db connection using connection name: informix_connection
load ResourceRole with id:1
operator: UnknownresourceId: Unknown - creating db connection using connection name: informix_connection
committing transaction
committing transaction
operator: UnknownresourceId: 100000 - load resource.
operator: UnknownresourceId: Unknown - creating db connection using connection name: informix_connection
load ResourceRole with id:13
operator: UnknownresourceId: Unknown - creating db connection using connection name: informix_connection
committing transaction
committing transaction
operator: UnknownresourceId: 5 - load resource.
operator: UnknownresourceId: Unknown - creating db connection using connection name: informix_connection
load ResourceRole with id:1
operator: UnknownresourceId: Unknown - creating db connection using connection name: informix_connection
committing transaction
committing transaction
load Resource with ids:[J@83b234
operator: UnknownresourceId: Unknown - creating db connection using connection name: informix_connection
load ResourceRole with id:2
operator: UnknownresourceId: Unknown - creating db connection using connection name: informix_connection
committing transaction
committing transaction
load Resource with ids:[J@d017c1
operator: UnknownresourceId: Unknown - creating db connection using connection name: informix_connection
load ResourceRole with id:2
operator: UnknownresourceId: Unknown - creating db connection using connection name: informix_connection
committing transaction
committing transaction
type: Upload id: Unknown operator:Unknown - search submissions with filter. found: 2
type: Upload id: Unknown operator:Unknown - search submissions with filter. found: 2
load Resource with ids:[J@70ef09
operator: UnknownresourceId: Unknown - creating db connection using connection name: informix_connection
load ResourceRole with id:2
operator: UnknownresourceId: Unknown - creating db connection using connection name: informix_connection
committing transaction
committing transaction
type: Scorecard id: Unknown operator:Unknown - retrieve scorecard with ids:1, and is incomplete
create db connection with connect name:informix_connection
close the connection.
type: Submission id: 112 operator:1001 - update Submission.
type: Submission id: 112 operator:Unknown - Update Submission, it will update record in submission table.
create db connection using connection name:informix_connection
close the connection.
get All submission statuses, delegate to persistence.
get All submission statuses, delegate to persistence.
create db connection using connection name:informix_connection
close the connection.
type: SubmissionStatus id: Unknown operator:Unknown - Load SubmissionStatuses with ids:1,2,3,4,5
create db connection using connection name:informix_connection
close the connection.
type: Submission id: 233 operator:1001 - update Submission.
type: Submission id: 233 operator:Unknown - Update Submission, it will update record in submission table.
create db connection using connection name:informix_connection
close the connection.
operator: UnknownresourceId: 4 - load resource.
operator: UnknownresourceId: Unknown - creating db connection using connection name: informix_connection
load ResourceRole with id:1
operator: UnknownresourceId: Unknown - creating db connection using connection name: informix_connection
committing transaction
committing transaction
operator: UnknownresourceId: 5 - load resource.
operator: UnknownresourceId: Unknown - creating db connection using connection name: informix_connection
load ResourceRole with id:1
operator: UnknownresourceId: Unknown - creating db connection using connection name: informix_connection
committing transaction
committing transaction
load Notifications with array of userIds/projectIds/notificationTypes.
operator: UnknownresourceId: Unknown - creating db connection using connection name: informix_connection
committing transaction
get projects with the ids: 1
operator: UnknownprojectId: Unknown - creating db connection using connection name: informix_connection
committing transaction
load Resource role with ids:[J@7e366c,[J@7e366c,[J@7e366c,[J@7e366c,[J@7e366c,[J@7e366c,[J@7e366c,[J@7e366c,[J@7e366c,[J@7e366c,[J@7e366c,[J@7e366c,[J@7e366c,[J@7e366c,[J@7e366c,[J@7e366c,[J@7e366c,[J@7e366c,[J@7e366c,[J@7e366c,[J@7e366c,[J@7e366c
operator: UnknownresourceId: Unknown - creating db connection using connection name: informix_connection
committing transaction
load Resource with ids:[J@1189e42
operator: UnknownresourceId: Unknown - creating db connection using connection name: informix_connection
load ResourceRole with id:4
operator: UnknownresourceId: Unknown - creating db connection using connection name: informix_connection
committing transaction
committing transaction
load Resource with ids:[J@5b988d
operator: UnknownresourceId: Unknown - creating db connection using connection name: informix_connection
load ResourceRole with id:12
operator: UnknownresourceId: Unknown - creating db connection using connection name: informix_connection
committing transaction
committing transaction
load Resource with ids:[J@18dcd1e
operator: UnknownresourceId: Unknown - creating db connection using connection name: informix_connection
load ResourceRole with id:2
operator: UnknownresourceId: Unknown - creating db connection using connection name: informix_connection
committing transaction
committing transaction
load Resource with ids:[J@f9db3c
operator: UnknownresourceId: Unknown - creating db connection using connection name: informix_connection
load ResourceRole with id:13
operator: UnknownresourceId: Unknown - creating db connection using connection name: informix_connection
committing transaction
committing transaction
load Resource with ids:[J@1b40d64
operator: UnknownresourceId: Unknown - creating db connection using connection name: informix_connection
load ResourceRole with id:9
operator: UnknownresourceId: Unknown - creating db connection using connection name: informix_connection
committing transaction
committing transaction
load Resource with ids:[J@d67aa2,[J@d67aa2
operator: UnknownresourceId: Unknown - creating db connection using connection name: informix_connection
load ResourceRole with id:1
operator: UnknownresourceId: Unknown - creating db connection using connection name: informix_connection
committing transaction
load ResourceRole with id:1
operator: UnknownresourceId: Unknown - creating db connection using connection name: informix_connection
committing transaction
committing transaction
operator: UnknownresourceId: 100008 - load resource.
operator: UnknownresourceId: Unknown - creating db connection using connection name: informix_connection
load ResourceRole with id:9
operator: UnknownresourceId: Unknown - creating db connection using connection name: informix_connection
committing transaction
committing transaction
operator: UnknownresourceId: 4 - load resource.
operator: UnknownresourceId: Unknown - creating db connection using connection name: informix_connection
load ResourceRole with id:1
operator: UnknownresourceId: Unknown - creating db connection using connection name: informix_connection
committing transaction
committing transaction
operator: UnknownresourceId: 100000 - load resource.
operator: UnknownresourceId: Unknown - creating db connection using connection name: informix_connection
load ResourceRole with id:13
operator: UnknownresourceId: Unknown - creating db connection using connection name: informix_connection
committing transaction
committing transaction
operator: UnknownresourceId: 5 - load resource.
operator: UnknownresourceId: Unknown - creating db connection using connection name: informix_connection
load ResourceRole with id:1
operator: UnknownresourceId: Unknown - creating db connection using connection name: informix_connection
committing transaction
committing transaction
Read propery[ConnectionFactoryNS] which is  required  with value[com.topcoder.db.connectionfactory.DBConnectionFactoryImpl] from namespace [com.topcoder.management.project.persistence.InformixProjectPersistence].
Read propery[ConnectionName] which is  optional  with value[informix_connection] from namespace [com.topcoder.management.project.persistence.InformixProjectPersistence].
Read propery[ProjectIdSequenceName] which is  optional  with value[project_id_seq] from namespace [com.topcoder.management.project.persistence.InformixProjectPersistence].
Read propery[ProjectAuditIdSequenceName] which is  optional  with value[project_audit_id_seq] from namespace [com.topcoder.management.project.persistence.InformixProjectPersistence].
Read propery[ConnectionFactoryNS] which is  required  with value[com.topcoder.db.connectionfactory.DBConnectionFactoryImpl] from namespace [com.topcoder.management.project.persistence.link.ProjectLinkManagerImpl].
Read propery[ConnectionName] which is  optional  with value[informix_connection] from namespace [com.topcoder.management.project.persistence.link.ProjectLinkManagerImpl].
read property ConnectionFactoryNS[com.topcoder.db.connectionfactory.DBConnectionFactoryImpl] from the namespace :com.topcoder.management.scorecard.persistence.InformixScorecardPersistence
read property ConnectionName[informix_connection] from the namespace :com.topcoder.management.scorecard.persistence.InformixScorecardPersistence
Instantiate SqlUploadPersistence with connectionFactory and connectioName:informix_connection
Instantiate PersistenceUploadManager with UploadPersistence, uploadSearchBundle, submissionSearchBundle, uploadIdGenerator, uploadTypeIdGenerator, uploadStatusIdGenerator, submissionIDGenerator, submissionStatusIdGenerator and submissionTypeIdGenerator.
Instantiate AbstractResourcePersistence with connectionFactory and connectionName[informix_connection].
load Resource role with ids:[J@19b80d6,[J@19b80d6,[J@19b80d6,[J@19b80d6,[J@19b80d6,[J@19b80d6,[J@19b80d6,[J@19b80d6,[J@19b80d6,[J@19b80d6,[J@19b80d6,[J@19b80d6,[J@19b80d6,[J@19b80d6,[J@19b80d6,[J@19b80d6,[J@19b80d6,[J@19b80d6,[J@19b80d6,[J@19b80d6,[J@19b80d6,[J@19b80d6
operator: UnknownresourceId: Unknown - creating db connection using connection name: informix_connection
committing transaction
operator: UnknownprojectId: Unknown - Enter getDestProjectLinks method.
operator: UnknownprojectId: Unknown - creating db connection using connection name: informix_connection
get projects with the ids: 1,2
operator: UnknownprojectId: Unknown - creating db connection using connection name: informix_connection
committing transaction
committing transaction
load Notifications with array of userIds/projectIds/notificationTypes.
operator: UnknownresourceId: Unknown - creating db connection using connection name: informix_connection
committing transaction
get projects with the ids: 1
operator: UnknownprojectId: Unknown - creating db connection using connection name: informix_connection
committing transaction
load Resource role with ids:[J@1752cc6,[J@1752cc6,[J@1752cc6,[J@1752cc6,[J@1752cc6,[J@1752cc6,[J@1752cc6,[J@1752cc6,[J@1752cc6,[J@1752cc6,[J@1752cc6,[J@1752cc6,[J@1752cc6,[J@1752cc6,[J@1752cc6,[J@1752cc6,[J@1752cc6,[J@1752cc6,[J@1752cc6,[J@1752cc6,[J@1752cc6,[J@1752cc6
operator: UnknownresourceId: Unknown - creating db connection using connection name: informix_connection
committing transaction
load Resource with ids:[J@1b8191d
operator: UnknownresourceId: Unknown - creating db connection using connection name: informix_connection
load ResourceRole with id:4
operator: UnknownresourceId: Unknown - creating db connection using connection name: informix_connection
committing transaction
committing transaction
load Resource with ids:[J@1e4c806
operator: UnknownresourceId: Unknown - creating db connection using connection name: informix_connection
load ResourceRole with id:12
operator: UnknownresourceId: Unknown - creating db connection using connection name: informix_connection
committing transaction
committing transaction
load Resource with ids:[J@1d1c8a2
operator: UnknownresourceId: Unknown - creating db connection using connection name: informix_connection
load ResourceRole with id:13
operator: UnknownresourceId: Unknown - creating db connection using connection name: informix_connection
committing transaction
committing transaction
load Resource with ids:[J@d4162c
operator: UnknownresourceId: Unknown - creating db connection using connection name: informix_connection
load ResourceRole with id:9
operator: UnknownresourceId: Unknown - creating db connection using connection name: informix_connection
committing transaction
committing transaction
operator: UnknownresourceId: 100001 - load resource.
operator: UnknownresourceId: Unknown - creating db connection using connection name: informix_connection
load ResourceRole with id:4
operator: UnknownresourceId: Unknown - creating db connection using connection name: informix_connection
committing transaction
committing transaction
operator: UnknownresourceId: 100000 - load resource.
operator: UnknownresourceId: Unknown - creating db connection using connection name: informix_connection
load ResourceRole with id:13
operator: UnknownresourceId: Unknown - creating db connection using connection name: informix_connection
committing transaction
committing transaction
type: Upload id: Unknown operator:Unknown - search submissions with filter. found: 1
load Notifications with array of userIds/projectIds/notificationTypes.
operator: UnknownresourceId: Unknown - creating db connection using connection name: informix_connection
committing transaction
get projects with the ids: 1
operator: UnknownprojectId: Unknown - creating db connection using connection name: informix_connection
committing transaction
load Resource role with ids:[J@18021c0,[J@18021c0,[J@18021c0,[J@18021c0,[J@18021c0,[J@18021c0,[J@18021c0,[J@18021c0,[J@18021c0,[J@18021c0,[J@18021c0,[J@18021c0,[J@18021c0,[J@18021c0,[J@18021c0,[J@18021c0,[J@18021c0,[J@18021c0,[J@18021c0,[J@18021c0,[J@18021c0,[J@18021c0
operator: UnknownresourceId: Unknown - creating db connection using connection name: informix_connection
committing transaction
load Resource with ids:[J@85370c
operator: UnknownresourceId: Unknown - creating db connection using connection name: informix_connection
load ResourceRole with id:15
operator: UnknownresourceId: Unknown - creating db connection using connection name: informix_connection
committing transaction
committing transaction
load Resource with ids:[J@aff0c4
operator: UnknownresourceId: Unknown - creating db connection using connection name: informix_connection
load ResourceRole with id:4
operator: UnknownresourceId: Unknown - creating db connection using connection name: informix_connection
committing transaction
committing transaction
load Resource with ids:[J@1cb30a4
operator: UnknownresourceId: Unknown - creating db connection using connection name: informix_connection
load ResourceRole with id:12
operator: UnknownresourceId: Unknown - creating db connection using connection name: informix_connection
committing transaction
committing transaction
load Resource with ids:[J@846c8d
operator: UnknownresourceId: Unknown - creating db connection using connection name: informix_connection
load ResourceRole with id:17
operator: UnknownresourceId: Unknown - creating db connection using connection name: informix_connection
committing transaction
committing transaction
load Resource with ids:[J@14c4f39
operator: UnknownresourceId: Unknown - creating db connection using connection name: informix_connection
load ResourceRole with id:13
operator: UnknownresourceId: Unknown - creating db connection using connection name: informix_connection
committing transaction
committing transaction
load Resource with ids:[J@d2c90d
operator: UnknownresourceId: Unknown - creating db connection using connection name: informix_connection
load ResourceRole with id:9
operator: UnknownresourceId: Unknown - creating db connection using connection name: informix_connection
committing transaction
committing transaction
operator: UnknownresourceId: 100001 - load resource.
operator: UnknownresourceId: Unknown - creating db connection using connection name: informix_connection
load ResourceRole with id:4
operator: UnknownresourceId: Unknown - creating db connection using connection name: informix_connection
committing transaction
committing transaction
operator: UnknownresourceId: 4 - load resource.
operator: UnknownresourceId: Unknown - creating db connection using connection name: informix_connection
load ResourceRole with id:17
operator: UnknownresourceId: Unknown - creating db connection using connection name: informix_connection
committing transaction
committing transaction
operator: UnknownresourceId: 100000 - load resource.
operator: UnknownresourceId: Unknown - creating db connection using connection name: informix_connection
load ResourceRole with id:13
operator: UnknownresourceId: Unknown - creating db connection using connection name: informix_connection
committing transaction
committing transaction
operator: UnknownresourceId: 1 - load resource.
operator: UnknownresourceId: Unknown - creating db connection using connection name: informix_connection
load ResourceRole with id:15
operator: UnknownresourceId: Unknown - creating db connection using connection name: informix_connection
committing transaction
committing transaction
Read propery[ConnectionFactoryNS] which is  required  with value[com.topcoder.db.connectionfactory.DBConnectionFactoryImpl] from namespace [com.topcoder.management.project.persistence.InformixProjectPersistence].
Read propery[ConnectionName] which is  optional  with value[informix_connection] from namespace [com.topcoder.management.project.persistence.InformixProjectPersistence].
Read propery[ProjectIdSequenceName] which is  optional  with value[project_id_seq] from namespace [com.topcoder.management.project.persistence.InformixProjectPersistence].
Read propery[ProjectAuditIdSequenceName] which is  optional  with value[project_audit_id_seq] from namespace [com.topcoder.management.project.persistence.InformixProjectPersistence].
Read propery[ConnectionFactoryNS] which is  required  with value[com.topcoder.db.connectionfactory.DBConnectionFactoryImpl] from namespace [com.topcoder.management.project.persistence.link.ProjectLinkManagerImpl].
Read propery[ConnectionName] which is  optional  with value[informix_connection] from namespace [com.topcoder.management.project.persistence.link.ProjectLinkManagerImpl].
read property ConnectionFactoryNS[com.topcoder.db.connectionfactory.DBConnectionFactoryImpl] from the namespace :com.topcoder.management.scorecard.persistence.InformixScorecardPersistence
read property ConnectionName[informix_connection] from the namespace :com.topcoder.management.scorecard.persistence.InformixScorecardPersistence
Instantiate SqlUploadPersistence with connectionFactory and connectioName:informix_connection
Instantiate PersistenceUploadManager with UploadPersistence, uploadSearchBundle, submissionSearchBundle, uploadIdGenerator, uploadTypeIdGenerator, uploadStatusIdGenerator, submissionIDGenerator, submissionStatusIdGenerator and submissionTypeIdGenerator.
Instantiate AbstractResourcePersistence with connectionFactory and connectionName[informix_connection].
load Resource role with ids:[J@8138a6,[J@8138a6,[J@8138a6,[J@8138a6,[J@8138a6,[J@8138a6,[J@8138a6,[J@8138a6,[J@8138a6,[J@8138a6,[J@8138a6,[J@8138a6,[J@8138a6,[J@8138a6,[J@8138a6,[J@8138a6,[J@8138a6,[J@8138a6,[J@8138a6,[J@8138a6,[J@8138a6,[J@8138a6
operator: UnknownresourceId: Unknown - creating db connection using connection name: informix_connection
committing transaction
type: Upload id: Unknown operator:Unknown - search submissions with filter. found: 1
load Notifications with array of userIds/projectIds/notificationTypes.
operator: UnknownresourceId: Unknown - creating db connection using connection name: informix_connection
committing transaction
get projects with the ids: 1
operator: UnknownprojectId: Unknown - creating db connection using connection name: informix_connection
committing transaction
load Resource role with ids:[J@1d5ecb6,[J@1d5ecb6,[J@1d5ecb6,[J@1d5ecb6,[J@1d5ecb6,[J@1d5ecb6,[J@1d5ecb6,[J@1d5ecb6,[J@1d5ecb6,[J@1d5ecb6,[J@1d5ecb6,[J@1d5ecb6,[J@1d5ecb6,[J@1d5ecb6,[J@1d5ecb6,[J@1d5ecb6,[J@1d5ecb6,[J@1d5ecb6,[J@1d5ecb6,[J@1d5ecb6,[J@1d5ecb6,[J@1d5ecb6
operator: UnknownresourceId: Unknown - creating db connection using connection name: informix_connection
committing transaction
load Resource with ids:[J@1c030bc
operator: UnknownresourceId: Unknown - creating db connection using connection name: informix_connection
load ResourceRole with id:4
operator: UnknownresourceId: Unknown - creating db connection using connection name: informix_connection
committing transaction
committing transaction
load Resource with ids:[J@eef89
operator: UnknownresourceId: Unknown - creating db connection using connection name: informix_connection
load ResourceRole with id:12
operator: UnknownresourceId: Unknown - creating db connection using connection name: informix_connection
committing transaction
committing transaction
load Resource with ids:[J@d4c9ac
operator: UnknownresourceId: Unknown - creating db connection using connection name: informix_connection
load ResourceRole with id:13
operator: UnknownresourceId: Unknown - creating db connection using connection name: informix_connection
committing transaction
committing transaction
load Resource with ids:[J@1899ec8
operator: UnknownresourceId: Unknown - creating db connection using connection name: informix_connection
load ResourceRole with id:9
operator: UnknownresourceId: Unknown - creating db connection using connection name: informix_connection
committing transaction
committing transaction
operator: UnknownresourceId: 100001 - load resource.
operator: UnknownresourceId: Unknown - creating db connection using connection name: informix_connection
load ResourceRole with id:4
operator: UnknownresourceId: Unknown - creating db connection using connection name: informix_connection
committing transaction
committing transaction
operator: UnknownresourceId: 100000 - load resource.
operator: UnknownresourceId: Unknown - creating db connection using connection name: informix_connection
load ResourceRole with id:13
operator: UnknownresourceId: Unknown - creating db connection using connection name: informix_connection
committing transaction
committing transaction
type: Upload id: Unknown operator:Unknown - search submissions with filter. found: 1
load Resource with ids:[J@1923a5c
operator: UnknownresourceId: Unknown - creating db connection using connection name: informix_connection
load ResourceRole with id:18
operator: UnknownresourceId: Unknown - creating db connection using connection name: informix_connection
committing transaction
committing transaction
type: Upload id: Unknown operator:Unknown - search submissions with filter. found: 1
load Resource with ids:[J@5ee78d
operator: UnknownresourceId: Unknown - creating db connection using connection name: informix_connection
load ResourceRole with id:18
operator: UnknownresourceId: Unknown - creating db connection using connection name: informix_connection
committing transaction
committing transaction
load Notifications with array of userIds/projectIds/notificationTypes.
operator: UnknownresourceId: Unknown - creating db connection using connection name: informix_connection
committing transaction
get projects with the ids: 1
operator: UnknownprojectId: Unknown - creating db connection using connection name: informix_connection
committing transaction
load Resource role with ids:[J@b02ce6,[J@b02ce6,[J@b02ce6,[J@b02ce6,[J@b02ce6,[J@b02ce6,[J@b02ce6,[J@b02ce6,[J@b02ce6,[J@b02ce6,[J@b02ce6,[J@b02ce6,[J@b02ce6,[J@b02ce6,[J@b02ce6,[J@b02ce6,[J@b02ce6,[J@b02ce6,[J@b02ce6,[J@b02ce6,[J@b02ce6,[J@b02ce6
operator: UnknownresourceId: Unknown - creating db connection using connection name: informix_connection
committing transaction
load Resource with ids:[J@1466e6
operator: UnknownresourceId: Unknown - creating db connection using connection name: informix_connection
load ResourceRole with id:4
operator: UnknownresourceId: Unknown - creating db connection using connection name: informix_connection
committing transaction
committing transaction
load Resource with ids:[J@661074
operator: UnknownresourceId: Unknown - creating db connection using connection name: informix_connection
load ResourceRole with id:18
operator: UnknownresourceId: Unknown - creating db connection using connection name: informix_connection
committing transaction
committing transaction
load Resource with ids:[J@147890f
operator: UnknownresourceId: Unknown - creating db connection using connection name: informix_connection
load ResourceRole with id:12
operator: UnknownresourceId: Unknown - creating db connection using connection name: informix_connection
committing transaction
committing transaction
load Resource with ids:[J@1a4284
operator: UnknownresourceId: Unknown - creating db connection using connection name: informix_connection
load ResourceRole with id:13
operator: UnknownresourceId: Unknown - creating db connection using connection name: informix_connection
committing transaction
committing transaction
load Resource with ids:[J@138d07b
operator: UnknownresourceId: Unknown - creating db connection using connection name: informix_connection
load ResourceRole with id:9
operator: UnknownresourceId: Unknown - creating db connection using connection name: informix_connection
committing transaction
committing transaction
operator: UnknownresourceId: 100001 - load resource.
operator: UnknownresourceId: Unknown - creating db connection using connection name: informix_connection
load ResourceRole with id:4
operator: UnknownresourceId: Unknown - creating db connection using connection name: informix_connection
committing transaction
committing transaction
operator: UnknownresourceId: 100000 - load resource.
operator: UnknownresourceId: Unknown - creating db connection using connection name: informix_connection
load ResourceRole with id:13
operator: UnknownresourceId: Unknown - creating db connection using connection name: informix_connection
committing transaction
committing transaction
operator: UnknownresourceId: 5 - load resource.
operator: UnknownresourceId: Unknown - creating db connection using connection name: informix_connection
load ResourceRole with id:18
operator: UnknownresourceId: Unknown - creating db connection using connection name: informix_connection
committing transaction
committing transaction
]]></system-err>
</testsuite>
